<?xml version="1.0" encoding="UTF-8"?>
<testsuite xmlns:xsi="http://www.w3.org/2001/XMLSchema-instance" xsi:noNamespaceSchemaLocation="https://maven.apache.org/surefire/maven-surefire-plugin/xsd/surefire-test-report.xsd" name="org.apache.hadoop.fs.ozone.contract.ITestOzoneContractDelete" time="84.845" tests="8" errors="3" skipped="0" failures="0">
  <properties>
    <property name="awt.toolkit" value="sun.awt.X11.XToolkit"/>
    <property name="file.encoding.pkg" value="sun.io"/>
    <property name="java.specification.version" value="1.8"/>
    <property name="sun.cpu.isalist" value=""/>
    <property name="sun.jnu.encoding" value="UTF-8"/>
    <property name="java.class.path" value="/workdir/hadoop-ozone/ozonefs/target/test-classes:/workdir/hadoop-ozone/ozonefs/target/classes:/home/user/.m2/repository/org/apache/hadoop/hadoop-common/3.2.0/hadoop-common-3.2.0.jar:/home/user/.m2/repository/org/apache/hadoop/hadoop-annotations/3.2.0/hadoop-annotations-3.2.0.jar:/usr/lib/jvm/java-1.8-openjdk/jre/../lib/tools.jar:/home/user/.m2/repository/com/google/guava/guava/11.0.2/guava-11.0.2.jar:/home/user/.m2/repository/commons-cli/commons-cli/1.2/commons-cli-1.2.jar:/home/user/.m2/repository/org/apache/commons/commons-math3/3.1.1/commons-math3-3.1.1.jar:/home/user/.m2/repository/org/apache/httpcomponents/httpclient/4.5.2/httpclient-4.5.2.jar:/home/user/.m2/repository/org/apache/httpcomponents/httpcore/4.4.4/httpcore-4.4.4.jar:/home/user/.m2/repository/commons-codec/commons-codec/1.11/commons-codec-1.11.jar:/home/user/.m2/repository/commons-io/commons-io/2.5/commons-io-2.5.jar:/home/user/.m2/repository/commons-net/commons-net/3.6/commons-net-3.6.jar:/home/user/.m2/repository/commons-collections/commons-collections/3.2.2/commons-collections-3.2.2.jar:/home/user/.m2/repository/javax/servlet/javax.servlet-api/3.1.0/javax.servlet-api-3.1.0.jar:/home/user/.m2/repository/org/eclipse/jetty/jetty-server/9.3.25.v20180904/jetty-server-9.3.25.v20180904.jar:/home/user/.m2/repository/org/eclipse/jetty/jetty-http/9.3.25.v20180904/jetty-http-9.3.25.v20180904.jar:/home/user/.m2/repository/org/eclipse/jetty/jetty-io/9.3.25.v20180904/jetty-io-9.3.25.v20180904.jar:/home/user/.m2/repository/org/eclipse/jetty/jetty-util/9.3.25.v20180904/jetty-util-9.3.25.v20180904.jar:/home/user/.m2/repository/org/eclipse/jetty/jetty-servlet/9.3.25.v20180904/jetty-servlet-9.3.25.v20180904.jar:/home/user/.m2/repository/org/eclipse/jetty/jetty-security/9.3.25.v20180904/jetty-security-9.3.25.v20180904.jar:/home/user/.m2/repository/org/eclipse/jetty/jetty-webapp/9.3.25.v20180904/jetty-webapp-9.3.25.v20180904.jar:/home/user/.m2/repository/org/eclipse/jetty/jetty-xml/9.3.25.v20180904/jetty-xml-9.3.25.v20180904.jar:/home/user/.m2/repository/javax/servlet/jsp/jsp-api/2.1/jsp-api-2.1.jar:/home/user/.m2/repository/com/sun/jersey/jersey-core/1.19/jersey-core-1.19.jar:/home/user/.m2/repository/javax/ws/rs/jsr311-api/1.1.1/jsr311-api-1.1.1.jar:/home/user/.m2/repository/com/sun/jersey/jersey-servlet/1.19/jersey-servlet-1.19.jar:/home/user/.m2/repository/com/sun/jersey/jersey-json/1.19/jersey-json-1.19.jar:/home/user/.m2/repository/org/codehaus/jettison/jettison/1.1/jettison-1.1.jar:/home/user/.m2/repository/com/sun/xml/bind/jaxb-impl/2.3.0.1/jaxb-impl-2.3.0.1.jar:/home/user/.m2/repository/org/codehaus/jackson/jackson-core-asl/1.9.13/jackson-core-asl-1.9.13.jar:/home/user/.m2/repository/org/codehaus/jackson/jackson-mapper-asl/1.9.13/jackson-mapper-asl-1.9.13.jar:/home/user/.m2/repository/org/codehaus/jackson/jackson-jaxrs/1.9.13/jackson-jaxrs-1.9.13.jar:/home/user/.m2/repository/org/codehaus/jackson/jackson-xc/1.9.13/jackson-xc-1.9.13.jar:/home/user/.m2/repository/com/sun/jersey/jersey-server/1.19/jersey-server-1.19.jar:/home/user/.m2/repository/commons-logging/commons-logging/1.1.3/commons-logging-1.1.3.jar:/home/user/.m2/repository/log4j/log4j/1.2.17/log4j-1.2.17.jar:/home/user/.m2/repository/commons-beanutils/commons-beanutils/1.9.4/commons-beanutils-1.9.4.jar:/home/user/.m2/repository/org/apache/commons/commons-configuration2/2.1.1/commons-configuration2-2.1.1.jar:/home/user/.m2/repository/org/apache/commons/commons-lang3/3.7/commons-lang3-3.7.jar:/home/user/.m2/repository/org/apache/commons/commons-text/1.4/commons-text-1.4.jar:/home/user/.m2/repository/org/slf4j/slf4j-api/1.7.25/slf4j-api-1.7.25.jar:/home/user/.m2/repository/org/slf4j/slf4j-log4j12/1.7.25/slf4j-log4j12-1.7.25.jar:/home/user/.m2/repository/org/apache/avro/avro/1.7.7/avro-1.7.7.jar:/home/user/.m2/repository/com/thoughtworks/paranamer/paranamer/2.3/paranamer-2.3.jar:/home/user/.m2/repository/org/xerial/snappy/snappy-java/1.0.5/snappy-java-1.0.5.jar:/home/user/.m2/repository/com/google/re2j/re2j/1.1/re2j-1.1.jar:/home/user/.m2/repository/com/google/protobuf/protobuf-java/2.5.0/protobuf-java-2.5.0.jar:/home/user/.m2/repository/com/google/code/gson/gson/2.2.4/gson-2.2.4.jar:/home/user/.m2/repository/org/apache/hadoop/hadoop-auth/3.2.0/hadoop-auth-3.2.0.jar:/home/user/.m2/repository/com/nimbusds/nimbus-jose-jwt/4.41.1/nimbus-jose-jwt-4.41.1.jar:/home/user/.m2/repository/com/github/stephenc/jcip/jcip-annotations/1.0-1/jcip-annotations-1.0-1.jar:/home/user/.m2/repository/net/minidev/json-smart/2.3/json-smart-2.3.jar:/home/user/.m2/repository/net/minidev/accessors-smart/1.2/accessors-smart-1.2.jar:/home/user/.m2/repository/org/apache/curator/curator-framework/2.12.0/curator-framework-2.12.0.jar:/home/user/.m2/repository/com/jcraft/jsch/0.1.54/jsch-0.1.54.jar:/home/user/.m2/repository/org/apache/curator/curator-client/2.12.0/curator-client-2.12.0.jar:/home/user/.m2/repository/org/apache/curator/curator-recipes/2.12.0/curator-recipes-2.12.0.jar:/home/user/.m2/repository/com/google/code/findbugs/jsr305/3.0.0/jsr305-3.0.0.jar:/home/user/.m2/repository/org/apache/htrace/htrace-core4/4.1.0-incubating/htrace-core4-4.1.0-incubating.jar:/home/user/.m2/repository/org/apache/zookeeper/zookeeper/3.4.13/zookeeper-3.4.13.jar:/home/user/.m2/repository/jline/jline/0.9.94/jline-0.9.94.jar:/home/user/.m2/repository/org/apache/yetus/audience-annotations/0.5.0/audience-annotations-0.5.0.jar:/home/user/.m2/repository/org/apache/commons/commons-compress/1.4.1/commons-compress-1.4.1.jar:/home/user/.m2/repository/org/tukaani/xz/1.0/xz-1.0.jar:/home/user/.m2/repository/org/apache/kerby/kerb-simplekdc/1.0.1/kerb-simplekdc-1.0.1.jar:/home/user/.m2/repository/org/apache/kerby/kerb-client/1.0.1/kerb-client-1.0.1.jar:/home/user/.m2/repository/org/apache/kerby/kerby-config/1.0.1/kerby-config-1.0.1.jar:/home/user/.m2/repository/org/apache/kerby/kerb-core/1.0.1/kerb-core-1.0.1.jar:/home/user/.m2/repository/org/apache/kerby/kerby-pkix/1.0.1/kerby-pkix-1.0.1.jar:/home/user/.m2/repository/org/apache/kerby/kerby-asn1/1.0.1/kerby-asn1-1.0.1.jar:/home/user/.m2/repository/org/apache/kerby/kerby-util/1.0.1/kerby-util-1.0.1.jar:/home/user/.m2/repository/org/apache/kerby/kerb-common/1.0.1/kerb-common-1.0.1.jar:/home/user/.m2/repository/org/apache/kerby/kerb-crypto/1.0.1/kerb-crypto-1.0.1.jar:/home/user/.m2/repository/org/apache/kerby/kerb-util/1.0.1/kerb-util-1.0.1.jar:/home/user/.m2/repository/org/apache/kerby/token-provider/1.0.1/token-provider-1.0.1.jar:/home/user/.m2/repository/org/apache/kerby/kerb-admin/1.0.1/kerb-admin-1.0.1.jar:/home/user/.m2/repository/org/apache/kerby/kerb-server/1.0.1/kerb-server-1.0.1.jar:/home/user/.m2/repository/org/apache/kerby/kerb-identity/1.0.1/kerb-identity-1.0.1.jar:/home/user/.m2/repository/org/apache/kerby/kerby-xdr/1.0.1/kerby-xdr-1.0.1.jar:/home/user/.m2/repository/com/fasterxml/jackson/core/jackson-databind/2.9.9/jackson-databind-2.9.9.jar:/home/user/.m2/repository/com/fasterxml/jackson/core/jackson-annotations/2.9.9/jackson-annotations-2.9.9.jar:/home/user/.m2/repository/com/fasterxml/jackson/core/jackson-core/2.9.9/jackson-core-2.9.9.jar:/home/user/.m2/repository/org/codehaus/woodstox/stax2-api/3.1.4/stax2-api-3.1.4.jar:/home/user/.m2/repository/com/fasterxml/woodstox/woodstox-core/5.0.3/woodstox-core-5.0.3.jar:/home/user/.m2/repository/dnsjava/dnsjava/2.1.7/dnsjava-2.1.7.jar:/home/user/.m2/repository/org/apache/hadoop/hadoop-hdfs/3.2.0/hadoop-hdfs-3.2.0.jar:/home/user/.m2/repository/org/eclipse/jetty/jetty-util-ajax/9.3.25.v20180904/jetty-util-ajax-9.3.25.v20180904.jar:/home/user/.m2/repository/commons-daemon/commons-daemon/1.0.13/commons-daemon-1.0.13.jar:/home/user/.m2/repository/io/netty/netty/3.10.5.Final/netty-3.10.5.Final.jar:/home/user/.m2/repository/io/netty/netty-all/4.0.52.Final/netty-all-4.0.52.Final.jar:/home/user/.m2/repository/org/fusesource/leveldbjni/leveldbjni-all/1.8/leveldbjni-all-1.8.jar:/home/user/.m2/repository/org/apache/hadoop/hadoop-hdds-common/0.5.0-SNAPSHOT/hadoop-hdds-common-0.5.0-SNAPSHOT.jar:/home/user/.m2/repository/org/apache/hadoop/hadoop-hdds-config/0.5.0-SNAPSHOT/hadoop-hdds-config-0.5.0-SNAPSHOT.jar:/home/user/.m2/repository/javax/annotation/javax.annotation-api/1.2/javax.annotation-api-1.2.jar:/home/user/.m2/repository/org/apache/ratis/ratis-server/0.4.0/ratis-server-0.4.0.jar:/home/user/.m2/repository/org/apache/ratis/ratis-thirdparty-misc/0.2.0/ratis-thirdparty-misc-0.2.0.jar:/home/user/.m2/repository/org/apache/ratis/ratis-proto/0.4.0/ratis-proto-0.4.0.jar:/home/user/.m2/repository/org/apache/ratis/ratis-common/0.4.0/ratis-common-0.4.0.jar:/home/user/.m2/repository/org/apache/ratis/ratis-client/0.4.0/ratis-client-0.4.0.jar:/home/user/.m2/repository/org/apache/ratis/ratis-metrics/0.4.0/ratis-metrics-0.4.0.jar:/home/user/.m2/repository/com/github/joshelser/dropwizard-metrics-hadoop-metrics2-reporter/0.1.2/dropwizard-metrics-hadoop-metrics2-reporter-0.1.2.jar:/home/user/.m2/repository/io/dropwizard/metrics/metrics-jvm/3.2.5/metrics-jvm-3.2.5.jar:/home/user/.m2/repository/io/dropwizard/metrics/metrics-ganglia/3.2.5/metrics-ganglia-3.2.5.jar:/home/user/.m2/repository/info/ganglia/gmetric4j/gmetric4j/1.0.7/gmetric4j-1.0.7.jar:/home/user/.m2/repository/org/apache/ratis/ratis-netty/0.4.0/ratis-netty-0.4.0.jar:/home/user/.m2/repository/org/apache/ratis/ratis-grpc/0.4.0/ratis-grpc-0.4.0.jar:/home/user/.m2/repository/org/rocksdb/rocksdbjni/6.0.1/rocksdbjni-6.0.1.jar:/home/user/.m2/repository/org/apache/logging/log4j/log4j-api/2.11.0/log4j-api-2.11.0.jar:/home/user/.m2/repository/org/apache/logging/log4j/log4j-core/2.11.0/log4j-core-2.11.0.jar:/home/user/.m2/repository/com/lmax/disruptor/3.4.2/disruptor-3.4.2.jar:/home/user/.m2/repository/org/apache/commons/commons-pool2/2.6.0/commons-pool2-2.6.0.jar:/home/user/.m2/repository/org/bouncycastle/bcpkix-jdk15on/1.60/bcpkix-jdk15on-1.60.jar:/home/user/.m2/repository/commons-validator/commons-validator/1.6/commons-validator-1.6.jar:/home/user/.m2/repository/commons-digester/commons-digester/1.8.1/commons-digester-1.8.1.jar:/home/user/.m2/repository/io/jaegertracing/jaeger-client/0.34.0/jaeger-client-0.34.0.jar:/home/user/.m2/repository/io/jaegertracing/jaeger-thrift/0.34.0/jaeger-thrift-0.34.0.jar:/home/user/.m2/repository/org/apache/thrift/libthrift/0.12.0/libthrift-0.12.0.jar:/home/user/.m2/repository/com/squareup/okhttp3/okhttp/3.9.0/okhttp-3.9.0.jar:/home/user/.m2/repository/com/squareup/okio/okio/1.13.0/okio-1.13.0.jar:/home/user/.m2/repository/io/jaegertracing/jaeger-core/0.34.0/jaeger-core-0.34.0.jar:/home/user/.m2/repository/io/jaegertracing/jaeger-tracerresolver/0.34.0/jaeger-tracerresolver-0.34.0.jar:/home/user/.m2/repository/io/opentracing/contrib/opentracing-tracerresolver/0.1.5/opentracing-tracerresolver-0.1.5.jar:/home/user/.m2/repository/io/opentracing/opentracing-util/0.31.0/opentracing-util-0.31.0.jar:/home/user/.m2/repository/io/opentracing/opentracing-api/0.31.0/opentracing-api-0.31.0.jar:/home/user/.m2/repository/io/opentracing/opentracing-noop/0.31.0/opentracing-noop-0.31.0.jar:/home/user/.m2/repository/org/yaml/snakeyaml/1.16/snakeyaml-1.16.jar:/home/user/.m2/repository/org/apache/hadoop/hadoop-hdfs-client/3.2.0/hadoop-hdfs-client-3.2.0.jar:/home/user/.m2/repository/info/picocli/picocli/3.9.6/picocli-3.9.6.jar:/home/user/.m2/repository/org/apache/hadoop/hadoop-hdds-server-scm/0.5.0-SNAPSHOT/hadoop-hdds-server-scm-0.5.0-SNAPSHOT.jar:/home/user/.m2/repository/org/apache/hadoop/hadoop-hdds-docs/0.5.0-SNAPSHOT/hadoop-hdds-docs-0.5.0-SNAPSHOT.jar:/home/user/.m2/repository/io/dropwizard/metrics/metrics-core/3.2.4/metrics-core-3.2.4.jar:/home/user/.m2/repository/org/hamcrest/hamcrest-all/1.3/hamcrest-all-1.3.jar:/home/user/.m2/repository/org/bouncycastle/bcprov-jdk15on/1.60/bcprov-jdk15on-1.60.jar:/home/user/.m2/repository/org/apache/hadoop/hadoop-hdds-server-framework/0.5.0-SNAPSHOT/hadoop-hdds-server-framework-0.5.0-SNAPSHOT.jar:/home/user/.m2/repository/org/apache/hadoop/hadoop-ozone-ozone-manager/0.5.0-SNAPSHOT/hadoop-ozone-ozone-manager-0.5.0-SNAPSHOT.jar:/home/user/.m2/repository/org/apache/hadoop/hadoop-hdds-container-service/0.5.0-SNAPSHOT/hadoop-hdds-container-service-0.5.0-SNAPSHOT.jar:/home/user/.m2/repository/org/apache/hadoop/hadoop-hdds-client/0.5.0-SNAPSHOT/hadoop-hdds-client-0.5.0-SNAPSHOT.jar:/home/user/.m2/repository/org/apache/hadoop/hadoop-ozone-common/0.5.0-SNAPSHOT/hadoop-ozone-common-0.5.0-SNAPSHOT.jar:/home/user/.m2/repository/org/apache/hadoop/hadoop-hdds-tools/0.5.0-SNAPSHOT/hadoop-hdds-tools-0.5.0-SNAPSHOT.jar:/home/user/.m2/repository/org/xerial/sqlite-jdbc/3.25.2/sqlite-jdbc-3.25.2.jar:/home/user/.m2/repository/com/google/code/findbugs/findbugs/3.0.1/findbugs-3.0.1.jar:/home/user/.m2/repository/net/jcip/jcip-annotations/1.0/jcip-annotations-1.0.jar:/home/user/.m2/repository/com/google/code/findbugs/bcel-findbugs/6.0/bcel-findbugs-6.0.jar:/home/user/.m2/repository/com/google/code/findbugs/jFormatString/2.0.1/jFormatString-2.0.1.jar:/home/user/.m2/repository/dom4j/dom4j/1.6.1/dom4j-1.6.1.jar:/home/user/.m2/repository/xml-apis/xml-apis/1.0.b2/xml-apis-1.0.b2.jar:/home/user/.m2/repository/org/ow2/asm/asm-debug-all/5.0.2/asm-debug-all-5.0.2.jar:/home/user/.m2/repository/org/ow2/asm/asm-commons/5.0.2/asm-commons-5.0.2.jar:/home/user/.m2/repository/org/ow2/asm/asm-tree/5.0.2/asm-tree-5.0.2.jar:/home/user/.m2/repository/org/ow2/asm/asm/5.0.4/asm-5.0.4.jar:/home/user/.m2/repository/commons-lang/commons-lang/2.6/commons-lang-2.6.jar:/home/user/.m2/repository/com/apple/AppleJavaExtensions/1.4/AppleJavaExtensions-1.4.jar:/home/user/.m2/repository/jaxen/jaxen/1.1.6/jaxen-1.1.6.jar:/home/user/.m2/repository/org/apache/hadoop/hadoop-common/3.2.0/hadoop-common-3.2.0-tests.jar:/home/user/.m2/repository/org/apache/hadoop/hadoop-ozone-client/0.5.0-SNAPSHOT/hadoop-ozone-client-0.5.0-SNAPSHOT.jar:/home/user/.m2/repository/org/apache/hadoop/hadoop-hdfs/3.2.0/hadoop-hdfs-3.2.0-tests.jar:/workdir/hadoop-ozone/integration-test/target/test-classes:/home/user/.m2/repository/org/apache/hadoop/hadoop-ozone-s3gateway/0.5.0-SNAPSHOT/hadoop-ozone-s3gateway-0.5.0-SNAPSHOT.jar:/home/user/.m2/repository/org/jboss/weld/servlet/weld-servlet/2.4.7.Final/weld-servlet-2.4.7.Final.jar:/home/user/.m2/repository/org/glassfish/jersey/containers/jersey-container-servlet-core/2.27/jersey-container-servlet-core-2.27.jar:/home/user/.m2/repository/org/glassfish/hk2/external/javax.inject/2.5.0-b42/javax.inject-2.5.0-b42.jar:/home/user/.m2/repository/org/glassfish/jersey/core/jersey-common/2.27/jersey-common-2.27.jar:/home/user/.m2/repository/org/glassfish/hk2/osgi-resource-locator/1.0.1/osgi-resource-locator-1.0.1.jar:/home/user/.m2/repository/javax/ws/rs/javax.ws.rs-api/2.1/javax.ws.rs-api-2.1.jar:/home/user/.m2/repository/org/glassfish/jersey/ext/cdi/jersey-cdi1x/2.27/jersey-cdi1x-2.27.jar:/home/user/.m2/repository/org/glassfish/jersey/inject/jersey-hk2/2.27/jersey-hk2-2.27.jar:/home/user/.m2/repository/org/glassfish/hk2/hk2-locator/2.5.0-b42/hk2-locator-2.5.0-b42.jar:/home/user/.m2/repository/org/javassist/javassist/3.22.0-CR2/javassist-3.22.0-CR2.jar:/home/user/.m2/repository/org/glassfish/hk2/hk2-api/2.5.0/hk2-api-2.5.0.jar:/home/user/.m2/repository/org/glassfish/hk2/external/jakarta.inject/2.5.0/jakarta.inject-2.5.0.jar:/home/user/.m2/repository/org/glassfish/hk2/hk2-utils/2.5.0/hk2-utils-2.5.0.jar:/home/user/.m2/repository/jakarta/annotation/jakarta.annotation-api/1.3.4/jakarta.annotation-api-1.3.4.jar:/home/user/.m2/repository/org/glassfish/hk2/external/aopalliance-repackaged/2.5.0/aopalliance-repackaged-2.5.0.jar:/home/user/.m2/repository/com/fasterxml/jackson/dataformat/jackson-dataformat-xml/2.9.0/jackson-dataformat-xml-2.9.0.jar:/home/user/.m2/repository/com/fasterxml/jackson/module/jackson-module-jaxb-annotations/2.9.9/jackson-module-jaxb-annotations-2.9.9.jar:/home/user/.m2/repository/javax/enterprise/cdi-api/1.2/cdi-api-1.2.jar:/home/user/.m2/repository/javax/el/javax.el-api/3.0.0/javax.el-api-3.0.0.jar:/home/user/.m2/repository/javax/interceptor/javax.interceptor-api/1.2/javax.interceptor-api-1.2.jar:/home/user/.m2/repository/javax/inject/javax.inject/1/javax.inject-1.jar:/home/user/.m2/repository/com/sun/xml/bind/jaxb-core/2.3.0.1/jaxb-core-2.3.0.1.jar:/home/user/.m2/repository/javax/xml/bind/jaxb-api/2.3.0/jaxb-api-2.3.0.jar:/home/user/.m2/repository/javax/activation/activation/1.1.1/activation-1.1.1.jar:/home/user/.m2/repository/org/apache/hadoop/hadoop-ozone-csi/0.5.0-SNAPSHOT/hadoop-ozone-csi-0.5.0-SNAPSHOT.jar:/home/user/.m2/repository/com/google/protobuf/protobuf-java-util/3.5.1/protobuf-java-util-3.5.1.jar:/home/user/.m2/repository/io/grpc/grpc-netty/1.17.1/grpc-netty-1.17.1.jar:/home/user/.m2/repository/io/grpc/grpc-core/1.17.1/grpc-core-1.17.1.jar:/home/user/.m2/repository/io/grpc/grpc-context/1.17.1/grpc-context-1.17.1.jar:/home/user/.m2/repository/com/google/errorprone/error_prone_annotations/2.2.0/error_prone_annotations-2.2.0.jar:/home/user/.m2/repository/org/codehaus/mojo/animal-sniffer-annotations/1.17/animal-sniffer-annotations-1.17.jar:/home/user/.m2/repository/io/opencensus/opencensus-api/0.17.0/opencensus-api-0.17.0.jar:/home/user/.m2/repository/io/opencensus/opencensus-contrib-grpc-metrics/0.17.0/opencensus-contrib-grpc-metrics-0.17.0.jar:/home/user/.m2/repository/io/netty/netty-codec-http2/4.1.30.Final/netty-codec-http2-4.1.30.Final.jar:/home/user/.m2/repository/io/netty/netty-codec-http/4.1.30.Final/netty-codec-http-4.1.30.Final.jar:/home/user/.m2/repository/io/netty/netty-codec/4.1.30.Final/netty-codec-4.1.30.Final.jar:/home/user/.m2/repository/io/netty/netty-handler/4.1.30.Final/netty-handler-4.1.30.Final.jar:/home/user/.m2/repository/io/netty/netty-handler-proxy/4.1.30.Final/netty-handler-proxy-4.1.30.Final.jar:/home/user/.m2/repository/io/netty/netty-codec-socks/4.1.30.Final/netty-codec-socks-4.1.30.Final.jar:/home/user/.m2/repository/io/netty/netty-transport-native-epoll/4.1.30.Final/netty-transport-native-epoll-4.1.30.Final.jar:/home/user/.m2/repository/io/netty/netty-common/4.1.30.Final/netty-common-4.1.30.Final.jar:/home/user/.m2/repository/io/netty/netty-buffer/4.1.30.Final/netty-buffer-4.1.30.Final.jar:/home/user/.m2/repository/io/netty/netty-transport/4.1.30.Final/netty-transport-4.1.30.Final.jar:/home/user/.m2/repository/io/netty/netty-resolver/4.1.30.Final/netty-resolver-4.1.30.Final.jar:/home/user/.m2/repository/io/netty/netty-transport-native-unix-common/4.1.30.Final/netty-transport-native-unix-common-4.1.30.Final.jar:/home/user/.m2/repository/io/grpc/grpc-protobuf/1.17.1/grpc-protobuf-1.17.1.jar:/home/user/.m2/repository/com/google/api/grpc/proto-google-common-protos/1.0.0/proto-google-common-protos-1.0.0.jar:/home/user/.m2/repository/io/grpc/grpc-protobuf-lite/1.17.1/grpc-protobuf-lite-1.17.1.jar:/home/user/.m2/repository/io/grpc/grpc-stub/1.17.1/grpc-stub-1.17.1.jar:/home/user/.m2/repository/org/apache/hadoop/hadoop-ozone-recon/0.5.0-SNAPSHOT/hadoop-ozone-recon-0.5.0-SNAPSHOT.jar:/home/user/.m2/repository/org/apache/hadoop/hadoop-ozone-reconcodegen/0.5.0-SNAPSHOT/hadoop-ozone-reconcodegen-0.5.0-SNAPSHOT.jar:/home/user/.m2/repository/com/google/inject/extensions/guice-multibindings/4.0/guice-multibindings-4.0.jar:/home/user/.m2/repository/com/google/inject/guice/4.0/guice-4.0.jar:/home/user/.m2/repository/aopalliance/aopalliance/1.0/aopalliance-1.0.jar:/home/user/.m2/repository/org/glassfish/jersey/containers/jersey-container-servlet/2.27/jersey-container-servlet-2.27.jar:/home/user/.m2/repository/org/glassfish/hk2/guice-bridge/2.5.0/guice-bridge-2.5.0.jar:/home/user/.m2/repository/org/glassfish/jersey/core/jersey-server/2.27/jersey-server-2.27.jar:/home/user/.m2/repository/org/glassfish/jersey/core/jersey-client/2.27/jersey-client-2.27.jar:/home/user/.m2/repository/org/glassfish/jersey/media/jersey-media-jaxb/2.27/jersey-media-jaxb-2.27.jar:/home/user/.m2/repository/javax/validation/validation-api/1.1.0.Final/validation-api-1.1.0.Final.jar:/home/user/.m2/repository/org/glassfish/jersey/media/jersey-media-json-jackson/2.27/jersey-media-json-jackson-2.27.jar:/home/user/.m2/repository/org/glassfish/jersey/ext/jersey-entity-filtering/2.27/jersey-entity-filtering-2.27.jar:/home/user/.m2/repository/com/google/inject/extensions/guice-assistedinject/4.0/guice-assistedinject-4.0.jar:/home/user/.m2/repository/org/jooq/jooq/3.11.10/jooq-3.11.10.jar:/home/user/.m2/repository/org/jooq/jooq-meta/3.11.10/jooq-meta-3.11.10.jar:/home/user/.m2/repository/org/jooq/jooq-codegen/3.11.10/jooq-codegen-3.11.10.jar:/home/user/.m2/repository/com/jolbox/bonecp/0.8.0.RELEASE/bonecp-0.8.0.RELEASE.jar:/home/user/.m2/repository/org/springframework/spring-jdbc/5.1.3.RELEASE/spring-jdbc-5.1.3.RELEASE.jar:/home/user/.m2/repository/org/springframework/spring-beans/5.1.3.RELEASE/spring-beans-5.1.3.RELEASE.jar:/home/user/.m2/repository/org/springframework/spring-core/5.1.3.RELEASE/spring-core-5.1.3.RELEASE.jar:/home/user/.m2/repository/org/springframework/spring-jcl/5.1.3.RELEASE/spring-jcl-5.1.3.RELEASE.jar:/home/user/.m2/repository/org/springframework/spring-tx/5.1.3.RELEASE/spring-tx-5.1.3.RELEASE.jar:/home/user/.m2/repository/org/mockito/mockito-all/1.10.19/mockito-all-1.10.19.jar:/home/user/.m2/repository/junit/junit/4.11/junit-4.11.jar:/home/user/.m2/repository/org/hamcrest/hamcrest-core/1.3/hamcrest-core-1.3.jar:/home/user/.m2/repository/org/apache/hadoop/hadoop-distcp/3.2.0/hadoop-distcp-3.2.0.jar:/home/user/.m2/repository/org/apache/hadoop/hadoop-distcp/3.2.0/hadoop-distcp-3.2.0-tests.jar:/home/user/.m2/repository/org/apache/hadoop/hadoop-mapreduce-client-jobclient/3.2.0/hadoop-mapreduce-client-jobclient-3.2.0.jar:/home/user/.m2/repository/org/apache/hadoop/hadoop-mapreduce-client-common/3.2.0/hadoop-mapreduce-client-common-3.2.0.jar:/home/user/.m2/repository/org/apache/hadoop/hadoop-yarn-common/3.2.0/hadoop-yarn-common-3.2.0.jar:/home/user/.m2/repository/org/apache/hadoop/hadoop-yarn-api/3.2.0/hadoop-yarn-api-3.2.0.jar:/home/user/.m2/repository/com/sun/jersey/jersey-client/1.19/jersey-client-1.19.jar:/home/user/.m2/repository/com/sun/jersey/contribs/jersey-guice/1.19/jersey-guice-1.19.jar:/home/user/.m2/repository/com/fasterxml/jackson/jaxrs/jackson-jaxrs-json-provider/2.9.9/jackson-jaxrs-json-provider-2.9.9.jar:/home/user/.m2/repository/com/fasterxml/jackson/jaxrs/jackson-jaxrs-base/2.9.9/jackson-jaxrs-base-2.9.9.jar:/home/user/.m2/repository/org/apache/hadoop/hadoop-yarn-client/3.2.0/hadoop-yarn-client-3.2.0.jar:/home/user/.m2/repository/org/apache/hadoop/hadoop-mapreduce-client-core/3.2.0/hadoop-mapreduce-client-core-3.2.0.jar:/home/user/.m2/repository/com/google/inject/extensions/guice-servlet/4.0/guice-servlet-4.0.jar:/home/user/.m2/repository/org/powermock/powermock-module-junit4/1.6.5/powermock-module-junit4-1.6.5.jar:/home/user/.m2/repository/org/powermock/powermock-module-junit4-common/1.6.5/powermock-module-junit4-common-1.6.5.jar:/home/user/.m2/repository/org/powermock/powermock-core/1.6.5/powermock-core-1.6.5.jar:/home/user/.m2/repository/org/powermock/powermock-reflect/1.6.5/powermock-reflect-1.6.5.jar:/home/user/.m2/repository/org/powermock/powermock-api-mockito/1.6.5/powermock-api-mockito-1.6.5.jar:/home/user/.m2/repository/org/mockito/mockito-core/1.10.19/mockito-core-1.10.19.jar:/home/user/.m2/repository/org/objenesis/objenesis/1.0/objenesis-1.0.jar:/home/user/.m2/repository/org/powermock/powermock-api-mockito-common/1.6.5/powermock-api-mockito-common-1.6.5.jar:/home/user/.m2/repository/org/powermock/powermock-api-support/1.6.5/powermock-api-support-1.6.5.jar:"/>
    <property name="java.vm.vendor" value="IcedTea"/>
    <property name="sun.arch.data.model" value="64"/>
    <property name="test.build.dir" value="/workdir/hadoop-ozone/ozonefs/target/test-dir"/>
    <property name="test.cache.data" value=""/>
    <property name="java.vendor.url" value="https://icedtea.classpath.org"/>
    <property name="user.timezone" value=""/>
    <property name="java.vm.specification.version" value="1.8"/>
    <property name="os.name" value="Linux"/>
    <property name="test.build.data" value="/workdir/hadoop-ozone/ozonefs/target/test-dir"/>
    <property name="user.country" value="US"/>
    <property name="sun.java.launcher" value="SUN_STANDARD"/>
    <property name="sun.boot.library.path" value="/usr/lib/jvm/java-1.8-openjdk/jre/lib/amd64"/>
    <property name="sun.java.command" value="/workdir/hadoop-ozone/ozonefs/target/surefire/surefirebooter5897637821932787109.jar /workdir/hadoop-ozone/ozonefs/target/surefire 2019-09-26T14-28-50_291-jvmRun1 surefire8228337514169904356tmp surefire_997715166293688023278tmp"/>
    <property name="test" value="!TestMiniChaosOzoneCluster"/>
    <property name="surefire.test.class.path" value="/workdir/hadoop-ozone/ozonefs/target/test-classes:/workdir/hadoop-ozone/ozonefs/target/classes:/home/user/.m2/repository/org/apache/hadoop/hadoop-common/3.2.0/hadoop-common-3.2.0.jar:/home/user/.m2/repository/org/apache/hadoop/hadoop-annotations/3.2.0/hadoop-annotations-3.2.0.jar:/usr/lib/jvm/java-1.8-openjdk/jre/../lib/tools.jar:/home/user/.m2/repository/com/google/guava/guava/11.0.2/guava-11.0.2.jar:/home/user/.m2/repository/commons-cli/commons-cli/1.2/commons-cli-1.2.jar:/home/user/.m2/repository/org/apache/commons/commons-math3/3.1.1/commons-math3-3.1.1.jar:/home/user/.m2/repository/org/apache/httpcomponents/httpclient/4.5.2/httpclient-4.5.2.jar:/home/user/.m2/repository/org/apache/httpcomponents/httpcore/4.4.4/httpcore-4.4.4.jar:/home/user/.m2/repository/commons-codec/commons-codec/1.11/commons-codec-1.11.jar:/home/user/.m2/repository/commons-io/commons-io/2.5/commons-io-2.5.jar:/home/user/.m2/repository/commons-net/commons-net/3.6/commons-net-3.6.jar:/home/user/.m2/repository/commons-collections/commons-collections/3.2.2/commons-collections-3.2.2.jar:/home/user/.m2/repository/javax/servlet/javax.servlet-api/3.1.0/javax.servlet-api-3.1.0.jar:/home/user/.m2/repository/org/eclipse/jetty/jetty-server/9.3.25.v20180904/jetty-server-9.3.25.v20180904.jar:/home/user/.m2/repository/org/eclipse/jetty/jetty-http/9.3.25.v20180904/jetty-http-9.3.25.v20180904.jar:/home/user/.m2/repository/org/eclipse/jetty/jetty-io/9.3.25.v20180904/jetty-io-9.3.25.v20180904.jar:/home/user/.m2/repository/org/eclipse/jetty/jetty-util/9.3.25.v20180904/jetty-util-9.3.25.v20180904.jar:/home/user/.m2/repository/org/eclipse/jetty/jetty-servlet/9.3.25.v20180904/jetty-servlet-9.3.25.v20180904.jar:/home/user/.m2/repository/org/eclipse/jetty/jetty-security/9.3.25.v20180904/jetty-security-9.3.25.v20180904.jar:/home/user/.m2/repository/org/eclipse/jetty/jetty-webapp/9.3.25.v20180904/jetty-webapp-9.3.25.v20180904.jar:/home/user/.m2/repository/org/eclipse/jetty/jetty-xml/9.3.25.v20180904/jetty-xml-9.3.25.v20180904.jar:/home/user/.m2/repository/javax/servlet/jsp/jsp-api/2.1/jsp-api-2.1.jar:/home/user/.m2/repository/com/sun/jersey/jersey-core/1.19/jersey-core-1.19.jar:/home/user/.m2/repository/javax/ws/rs/jsr311-api/1.1.1/jsr311-api-1.1.1.jar:/home/user/.m2/repository/com/sun/jersey/jersey-servlet/1.19/jersey-servlet-1.19.jar:/home/user/.m2/repository/com/sun/jersey/jersey-json/1.19/jersey-json-1.19.jar:/home/user/.m2/repository/org/codehaus/jettison/jettison/1.1/jettison-1.1.jar:/home/user/.m2/repository/com/sun/xml/bind/jaxb-impl/2.3.0.1/jaxb-impl-2.3.0.1.jar:/home/user/.m2/repository/org/codehaus/jackson/jackson-core-asl/1.9.13/jackson-core-asl-1.9.13.jar:/home/user/.m2/repository/org/codehaus/jackson/jackson-mapper-asl/1.9.13/jackson-mapper-asl-1.9.13.jar:/home/user/.m2/repository/org/codehaus/jackson/jackson-jaxrs/1.9.13/jackson-jaxrs-1.9.13.jar:/home/user/.m2/repository/org/codehaus/jackson/jackson-xc/1.9.13/jackson-xc-1.9.13.jar:/home/user/.m2/repository/com/sun/jersey/jersey-server/1.19/jersey-server-1.19.jar:/home/user/.m2/repository/commons-logging/commons-logging/1.1.3/commons-logging-1.1.3.jar:/home/user/.m2/repository/log4j/log4j/1.2.17/log4j-1.2.17.jar:/home/user/.m2/repository/commons-beanutils/commons-beanutils/1.9.4/commons-beanutils-1.9.4.jar:/home/user/.m2/repository/org/apache/commons/commons-configuration2/2.1.1/commons-configuration2-2.1.1.jar:/home/user/.m2/repository/org/apache/commons/commons-lang3/3.7/commons-lang3-3.7.jar:/home/user/.m2/repository/org/apache/commons/commons-text/1.4/commons-text-1.4.jar:/home/user/.m2/repository/org/slf4j/slf4j-api/1.7.25/slf4j-api-1.7.25.jar:/home/user/.m2/repository/org/slf4j/slf4j-log4j12/1.7.25/slf4j-log4j12-1.7.25.jar:/home/user/.m2/repository/org/apache/avro/avro/1.7.7/avro-1.7.7.jar:/home/user/.m2/repository/com/thoughtworks/paranamer/paranamer/2.3/paranamer-2.3.jar:/home/user/.m2/repository/org/xerial/snappy/snappy-java/1.0.5/snappy-java-1.0.5.jar:/home/user/.m2/repository/com/google/re2j/re2j/1.1/re2j-1.1.jar:/home/user/.m2/repository/com/google/protobuf/protobuf-java/2.5.0/protobuf-java-2.5.0.jar:/home/user/.m2/repository/com/google/code/gson/gson/2.2.4/gson-2.2.4.jar:/home/user/.m2/repository/org/apache/hadoop/hadoop-auth/3.2.0/hadoop-auth-3.2.0.jar:/home/user/.m2/repository/com/nimbusds/nimbus-jose-jwt/4.41.1/nimbus-jose-jwt-4.41.1.jar:/home/user/.m2/repository/com/github/stephenc/jcip/jcip-annotations/1.0-1/jcip-annotations-1.0-1.jar:/home/user/.m2/repository/net/minidev/json-smart/2.3/json-smart-2.3.jar:/home/user/.m2/repository/net/minidev/accessors-smart/1.2/accessors-smart-1.2.jar:/home/user/.m2/repository/org/apache/curator/curator-framework/2.12.0/curator-framework-2.12.0.jar:/home/user/.m2/repository/com/jcraft/jsch/0.1.54/jsch-0.1.54.jar:/home/user/.m2/repository/org/apache/curator/curator-client/2.12.0/curator-client-2.12.0.jar:/home/user/.m2/repository/org/apache/curator/curator-recipes/2.12.0/curator-recipes-2.12.0.jar:/home/user/.m2/repository/com/google/code/findbugs/jsr305/3.0.0/jsr305-3.0.0.jar:/home/user/.m2/repository/org/apache/htrace/htrace-core4/4.1.0-incubating/htrace-core4-4.1.0-incubating.jar:/home/user/.m2/repository/org/apache/zookeeper/zookeeper/3.4.13/zookeeper-3.4.13.jar:/home/user/.m2/repository/jline/jline/0.9.94/jline-0.9.94.jar:/home/user/.m2/repository/org/apache/yetus/audience-annotations/0.5.0/audience-annotations-0.5.0.jar:/home/user/.m2/repository/org/apache/commons/commons-compress/1.4.1/commons-compress-1.4.1.jar:/home/user/.m2/repository/org/tukaani/xz/1.0/xz-1.0.jar:/home/user/.m2/repository/org/apache/kerby/kerb-simplekdc/1.0.1/kerb-simplekdc-1.0.1.jar:/home/user/.m2/repository/org/apache/kerby/kerb-client/1.0.1/kerb-client-1.0.1.jar:/home/user/.m2/repository/org/apache/kerby/kerby-config/1.0.1/kerby-config-1.0.1.jar:/home/user/.m2/repository/org/apache/kerby/kerb-core/1.0.1/kerb-core-1.0.1.jar:/home/user/.m2/repository/org/apache/kerby/kerby-pkix/1.0.1/kerby-pkix-1.0.1.jar:/home/user/.m2/repository/org/apache/kerby/kerby-asn1/1.0.1/kerby-asn1-1.0.1.jar:/home/user/.m2/repository/org/apache/kerby/kerby-util/1.0.1/kerby-util-1.0.1.jar:/home/user/.m2/repository/org/apache/kerby/kerb-common/1.0.1/kerb-common-1.0.1.jar:/home/user/.m2/repository/org/apache/kerby/kerb-crypto/1.0.1/kerb-crypto-1.0.1.jar:/home/user/.m2/repository/org/apache/kerby/kerb-util/1.0.1/kerb-util-1.0.1.jar:/home/user/.m2/repository/org/apache/kerby/token-provider/1.0.1/token-provider-1.0.1.jar:/home/user/.m2/repository/org/apache/kerby/kerb-admin/1.0.1/kerb-admin-1.0.1.jar:/home/user/.m2/repository/org/apache/kerby/kerb-server/1.0.1/kerb-server-1.0.1.jar:/home/user/.m2/repository/org/apache/kerby/kerb-identity/1.0.1/kerb-identity-1.0.1.jar:/home/user/.m2/repository/org/apache/kerby/kerby-xdr/1.0.1/kerby-xdr-1.0.1.jar:/home/user/.m2/repository/com/fasterxml/jackson/core/jackson-databind/2.9.9/jackson-databind-2.9.9.jar:/home/user/.m2/repository/com/fasterxml/jackson/core/jackson-annotations/2.9.9/jackson-annotations-2.9.9.jar:/home/user/.m2/repository/com/fasterxml/jackson/core/jackson-core/2.9.9/jackson-core-2.9.9.jar:/home/user/.m2/repository/org/codehaus/woodstox/stax2-api/3.1.4/stax2-api-3.1.4.jar:/home/user/.m2/repository/com/fasterxml/woodstox/woodstox-core/5.0.3/woodstox-core-5.0.3.jar:/home/user/.m2/repository/dnsjava/dnsjava/2.1.7/dnsjava-2.1.7.jar:/home/user/.m2/repository/org/apache/hadoop/hadoop-hdfs/3.2.0/hadoop-hdfs-3.2.0.jar:/home/user/.m2/repository/org/eclipse/jetty/jetty-util-ajax/9.3.25.v20180904/jetty-util-ajax-9.3.25.v20180904.jar:/home/user/.m2/repository/commons-daemon/commons-daemon/1.0.13/commons-daemon-1.0.13.jar:/home/user/.m2/repository/io/netty/netty/3.10.5.Final/netty-3.10.5.Final.jar:/home/user/.m2/repository/io/netty/netty-all/4.0.52.Final/netty-all-4.0.52.Final.jar:/home/user/.m2/repository/org/fusesource/leveldbjni/leveldbjni-all/1.8/leveldbjni-all-1.8.jar:/home/user/.m2/repository/org/apache/hadoop/hadoop-hdds-common/0.5.0-SNAPSHOT/hadoop-hdds-common-0.5.0-SNAPSHOT.jar:/home/user/.m2/repository/org/apache/hadoop/hadoop-hdds-config/0.5.0-SNAPSHOT/hadoop-hdds-config-0.5.0-SNAPSHOT.jar:/home/user/.m2/repository/javax/annotation/javax.annotation-api/1.2/javax.annotation-api-1.2.jar:/home/user/.m2/repository/org/apache/ratis/ratis-server/0.4.0/ratis-server-0.4.0.jar:/home/user/.m2/repository/org/apache/ratis/ratis-thirdparty-misc/0.2.0/ratis-thirdparty-misc-0.2.0.jar:/home/user/.m2/repository/org/apache/ratis/ratis-proto/0.4.0/ratis-proto-0.4.0.jar:/home/user/.m2/repository/org/apache/ratis/ratis-common/0.4.0/ratis-common-0.4.0.jar:/home/user/.m2/repository/org/apache/ratis/ratis-client/0.4.0/ratis-client-0.4.0.jar:/home/user/.m2/repository/org/apache/ratis/ratis-metrics/0.4.0/ratis-metrics-0.4.0.jar:/home/user/.m2/repository/com/github/joshelser/dropwizard-metrics-hadoop-metrics2-reporter/0.1.2/dropwizard-metrics-hadoop-metrics2-reporter-0.1.2.jar:/home/user/.m2/repository/io/dropwizard/metrics/metrics-jvm/3.2.5/metrics-jvm-3.2.5.jar:/home/user/.m2/repository/io/dropwizard/metrics/metrics-ganglia/3.2.5/metrics-ganglia-3.2.5.jar:/home/user/.m2/repository/info/ganglia/gmetric4j/gmetric4j/1.0.7/gmetric4j-1.0.7.jar:/home/user/.m2/repository/org/apache/ratis/ratis-netty/0.4.0/ratis-netty-0.4.0.jar:/home/user/.m2/repository/org/apache/ratis/ratis-grpc/0.4.0/ratis-grpc-0.4.0.jar:/home/user/.m2/repository/org/rocksdb/rocksdbjni/6.0.1/rocksdbjni-6.0.1.jar:/home/user/.m2/repository/org/apache/logging/log4j/log4j-api/2.11.0/log4j-api-2.11.0.jar:/home/user/.m2/repository/org/apache/logging/log4j/log4j-core/2.11.0/log4j-core-2.11.0.jar:/home/user/.m2/repository/com/lmax/disruptor/3.4.2/disruptor-3.4.2.jar:/home/user/.m2/repository/org/apache/commons/commons-pool2/2.6.0/commons-pool2-2.6.0.jar:/home/user/.m2/repository/org/bouncycastle/bcpkix-jdk15on/1.60/bcpkix-jdk15on-1.60.jar:/home/user/.m2/repository/commons-validator/commons-validator/1.6/commons-validator-1.6.jar:/home/user/.m2/repository/commons-digester/commons-digester/1.8.1/commons-digester-1.8.1.jar:/home/user/.m2/repository/io/jaegertracing/jaeger-client/0.34.0/jaeger-client-0.34.0.jar:/home/user/.m2/repository/io/jaegertracing/jaeger-thrift/0.34.0/jaeger-thrift-0.34.0.jar:/home/user/.m2/repository/org/apache/thrift/libthrift/0.12.0/libthrift-0.12.0.jar:/home/user/.m2/repository/com/squareup/okhttp3/okhttp/3.9.0/okhttp-3.9.0.jar:/home/user/.m2/repository/com/squareup/okio/okio/1.13.0/okio-1.13.0.jar:/home/user/.m2/repository/io/jaegertracing/jaeger-core/0.34.0/jaeger-core-0.34.0.jar:/home/user/.m2/repository/io/jaegertracing/jaeger-tracerresolver/0.34.0/jaeger-tracerresolver-0.34.0.jar:/home/user/.m2/repository/io/opentracing/contrib/opentracing-tracerresolver/0.1.5/opentracing-tracerresolver-0.1.5.jar:/home/user/.m2/repository/io/opentracing/opentracing-util/0.31.0/opentracing-util-0.31.0.jar:/home/user/.m2/repository/io/opentracing/opentracing-api/0.31.0/opentracing-api-0.31.0.jar:/home/user/.m2/repository/io/opentracing/opentracing-noop/0.31.0/opentracing-noop-0.31.0.jar:/home/user/.m2/repository/org/yaml/snakeyaml/1.16/snakeyaml-1.16.jar:/home/user/.m2/repository/org/apache/hadoop/hadoop-hdfs-client/3.2.0/hadoop-hdfs-client-3.2.0.jar:/home/user/.m2/repository/info/picocli/picocli/3.9.6/picocli-3.9.6.jar:/home/user/.m2/repository/org/apache/hadoop/hadoop-hdds-server-scm/0.5.0-SNAPSHOT/hadoop-hdds-server-scm-0.5.0-SNAPSHOT.jar:/home/user/.m2/repository/org/apache/hadoop/hadoop-hdds-docs/0.5.0-SNAPSHOT/hadoop-hdds-docs-0.5.0-SNAPSHOT.jar:/home/user/.m2/repository/io/dropwizard/metrics/metrics-core/3.2.4/metrics-core-3.2.4.jar:/home/user/.m2/repository/org/hamcrest/hamcrest-all/1.3/hamcrest-all-1.3.jar:/home/user/.m2/repository/org/bouncycastle/bcprov-jdk15on/1.60/bcprov-jdk15on-1.60.jar:/home/user/.m2/repository/org/apache/hadoop/hadoop-hdds-server-framework/0.5.0-SNAPSHOT/hadoop-hdds-server-framework-0.5.0-SNAPSHOT.jar:/home/user/.m2/repository/org/apache/hadoop/hadoop-ozone-ozone-manager/0.5.0-SNAPSHOT/hadoop-ozone-ozone-manager-0.5.0-SNAPSHOT.jar:/home/user/.m2/repository/org/apache/hadoop/hadoop-hdds-container-service/0.5.0-SNAPSHOT/hadoop-hdds-container-service-0.5.0-SNAPSHOT.jar:/home/user/.m2/repository/org/apache/hadoop/hadoop-hdds-client/0.5.0-SNAPSHOT/hadoop-hdds-client-0.5.0-SNAPSHOT.jar:/home/user/.m2/repository/org/apache/hadoop/hadoop-ozone-common/0.5.0-SNAPSHOT/hadoop-ozone-common-0.5.0-SNAPSHOT.jar:/home/user/.m2/repository/org/apache/hadoop/hadoop-hdds-tools/0.5.0-SNAPSHOT/hadoop-hdds-tools-0.5.0-SNAPSHOT.jar:/home/user/.m2/repository/org/xerial/sqlite-jdbc/3.25.2/sqlite-jdbc-3.25.2.jar:/home/user/.m2/repository/com/google/code/findbugs/findbugs/3.0.1/findbugs-3.0.1.jar:/home/user/.m2/repository/net/jcip/jcip-annotations/1.0/jcip-annotations-1.0.jar:/home/user/.m2/repository/com/google/code/findbugs/bcel-findbugs/6.0/bcel-findbugs-6.0.jar:/home/user/.m2/repository/com/google/code/findbugs/jFormatString/2.0.1/jFormatString-2.0.1.jar:/home/user/.m2/repository/dom4j/dom4j/1.6.1/dom4j-1.6.1.jar:/home/user/.m2/repository/xml-apis/xml-apis/1.0.b2/xml-apis-1.0.b2.jar:/home/user/.m2/repository/org/ow2/asm/asm-debug-all/5.0.2/asm-debug-all-5.0.2.jar:/home/user/.m2/repository/org/ow2/asm/asm-commons/5.0.2/asm-commons-5.0.2.jar:/home/user/.m2/repository/org/ow2/asm/asm-tree/5.0.2/asm-tree-5.0.2.jar:/home/user/.m2/repository/org/ow2/asm/asm/5.0.4/asm-5.0.4.jar:/home/user/.m2/repository/commons-lang/commons-lang/2.6/commons-lang-2.6.jar:/home/user/.m2/repository/com/apple/AppleJavaExtensions/1.4/AppleJavaExtensions-1.4.jar:/home/user/.m2/repository/jaxen/jaxen/1.1.6/jaxen-1.1.6.jar:/home/user/.m2/repository/org/apache/hadoop/hadoop-common/3.2.0/hadoop-common-3.2.0-tests.jar:/home/user/.m2/repository/org/apache/hadoop/hadoop-ozone-client/0.5.0-SNAPSHOT/hadoop-ozone-client-0.5.0-SNAPSHOT.jar:/home/user/.m2/repository/org/apache/hadoop/hadoop-hdfs/3.2.0/hadoop-hdfs-3.2.0-tests.jar:/workdir/hadoop-ozone/integration-test/target/test-classes:/home/user/.m2/repository/org/apache/hadoop/hadoop-ozone-s3gateway/0.5.0-SNAPSHOT/hadoop-ozone-s3gateway-0.5.0-SNAPSHOT.jar:/home/user/.m2/repository/org/jboss/weld/servlet/weld-servlet/2.4.7.Final/weld-servlet-2.4.7.Final.jar:/home/user/.m2/repository/org/glassfish/jersey/containers/jersey-container-servlet-core/2.27/jersey-container-servlet-core-2.27.jar:/home/user/.m2/repository/org/glassfish/hk2/external/javax.inject/2.5.0-b42/javax.inject-2.5.0-b42.jar:/home/user/.m2/repository/org/glassfish/jersey/core/jersey-common/2.27/jersey-common-2.27.jar:/home/user/.m2/repository/org/glassfish/hk2/osgi-resource-locator/1.0.1/osgi-resource-locator-1.0.1.jar:/home/user/.m2/repository/javax/ws/rs/javax.ws.rs-api/2.1/javax.ws.rs-api-2.1.jar:/home/user/.m2/repository/org/glassfish/jersey/ext/cdi/jersey-cdi1x/2.27/jersey-cdi1x-2.27.jar:/home/user/.m2/repository/org/glassfish/jersey/inject/jersey-hk2/2.27/jersey-hk2-2.27.jar:/home/user/.m2/repository/org/glassfish/hk2/hk2-locator/2.5.0-b42/hk2-locator-2.5.0-b42.jar:/home/user/.m2/repository/org/javassist/javassist/3.22.0-CR2/javassist-3.22.0-CR2.jar:/home/user/.m2/repository/org/glassfish/hk2/hk2-api/2.5.0/hk2-api-2.5.0.jar:/home/user/.m2/repository/org/glassfish/hk2/external/jakarta.inject/2.5.0/jakarta.inject-2.5.0.jar:/home/user/.m2/repository/org/glassfish/hk2/hk2-utils/2.5.0/hk2-utils-2.5.0.jar:/home/user/.m2/repository/jakarta/annotation/jakarta.annotation-api/1.3.4/jakarta.annotation-api-1.3.4.jar:/home/user/.m2/repository/org/glassfish/hk2/external/aopalliance-repackaged/2.5.0/aopalliance-repackaged-2.5.0.jar:/home/user/.m2/repository/com/fasterxml/jackson/dataformat/jackson-dataformat-xml/2.9.0/jackson-dataformat-xml-2.9.0.jar:/home/user/.m2/repository/com/fasterxml/jackson/module/jackson-module-jaxb-annotations/2.9.9/jackson-module-jaxb-annotations-2.9.9.jar:/home/user/.m2/repository/javax/enterprise/cdi-api/1.2/cdi-api-1.2.jar:/home/user/.m2/repository/javax/el/javax.el-api/3.0.0/javax.el-api-3.0.0.jar:/home/user/.m2/repository/javax/interceptor/javax.interceptor-api/1.2/javax.interceptor-api-1.2.jar:/home/user/.m2/repository/javax/inject/javax.inject/1/javax.inject-1.jar:/home/user/.m2/repository/com/sun/xml/bind/jaxb-core/2.3.0.1/jaxb-core-2.3.0.1.jar:/home/user/.m2/repository/javax/xml/bind/jaxb-api/2.3.0/jaxb-api-2.3.0.jar:/home/user/.m2/repository/javax/activation/activation/1.1.1/activation-1.1.1.jar:/home/user/.m2/repository/org/apache/hadoop/hadoop-ozone-csi/0.5.0-SNAPSHOT/hadoop-ozone-csi-0.5.0-SNAPSHOT.jar:/home/user/.m2/repository/com/google/protobuf/protobuf-java-util/3.5.1/protobuf-java-util-3.5.1.jar:/home/user/.m2/repository/io/grpc/grpc-netty/1.17.1/grpc-netty-1.17.1.jar:/home/user/.m2/repository/io/grpc/grpc-core/1.17.1/grpc-core-1.17.1.jar:/home/user/.m2/repository/io/grpc/grpc-context/1.17.1/grpc-context-1.17.1.jar:/home/user/.m2/repository/com/google/errorprone/error_prone_annotations/2.2.0/error_prone_annotations-2.2.0.jar:/home/user/.m2/repository/org/codehaus/mojo/animal-sniffer-annotations/1.17/animal-sniffer-annotations-1.17.jar:/home/user/.m2/repository/io/opencensus/opencensus-api/0.17.0/opencensus-api-0.17.0.jar:/home/user/.m2/repository/io/opencensus/opencensus-contrib-grpc-metrics/0.17.0/opencensus-contrib-grpc-metrics-0.17.0.jar:/home/user/.m2/repository/io/netty/netty-codec-http2/4.1.30.Final/netty-codec-http2-4.1.30.Final.jar:/home/user/.m2/repository/io/netty/netty-codec-http/4.1.30.Final/netty-codec-http-4.1.30.Final.jar:/home/user/.m2/repository/io/netty/netty-codec/4.1.30.Final/netty-codec-4.1.30.Final.jar:/home/user/.m2/repository/io/netty/netty-handler/4.1.30.Final/netty-handler-4.1.30.Final.jar:/home/user/.m2/repository/io/netty/netty-handler-proxy/4.1.30.Final/netty-handler-proxy-4.1.30.Final.jar:/home/user/.m2/repository/io/netty/netty-codec-socks/4.1.30.Final/netty-codec-socks-4.1.30.Final.jar:/home/user/.m2/repository/io/netty/netty-transport-native-epoll/4.1.30.Final/netty-transport-native-epoll-4.1.30.Final.jar:/home/user/.m2/repository/io/netty/netty-common/4.1.30.Final/netty-common-4.1.30.Final.jar:/home/user/.m2/repository/io/netty/netty-buffer/4.1.30.Final/netty-buffer-4.1.30.Final.jar:/home/user/.m2/repository/io/netty/netty-transport/4.1.30.Final/netty-transport-4.1.30.Final.jar:/home/user/.m2/repository/io/netty/netty-resolver/4.1.30.Final/netty-resolver-4.1.30.Final.jar:/home/user/.m2/repository/io/netty/netty-transport-native-unix-common/4.1.30.Final/netty-transport-native-unix-common-4.1.30.Final.jar:/home/user/.m2/repository/io/grpc/grpc-protobuf/1.17.1/grpc-protobuf-1.17.1.jar:/home/user/.m2/repository/com/google/api/grpc/proto-google-common-protos/1.0.0/proto-google-common-protos-1.0.0.jar:/home/user/.m2/repository/io/grpc/grpc-protobuf-lite/1.17.1/grpc-protobuf-lite-1.17.1.jar:/home/user/.m2/repository/io/grpc/grpc-stub/1.17.1/grpc-stub-1.17.1.jar:/home/user/.m2/repository/org/apache/hadoop/hadoop-ozone-recon/0.5.0-SNAPSHOT/hadoop-ozone-recon-0.5.0-SNAPSHOT.jar:/home/user/.m2/repository/org/apache/hadoop/hadoop-ozone-reconcodegen/0.5.0-SNAPSHOT/hadoop-ozone-reconcodegen-0.5.0-SNAPSHOT.jar:/home/user/.m2/repository/com/google/inject/extensions/guice-multibindings/4.0/guice-multibindings-4.0.jar:/home/user/.m2/repository/com/google/inject/guice/4.0/guice-4.0.jar:/home/user/.m2/repository/aopalliance/aopalliance/1.0/aopalliance-1.0.jar:/home/user/.m2/repository/org/glassfish/jersey/containers/jersey-container-servlet/2.27/jersey-container-servlet-2.27.jar:/home/user/.m2/repository/org/glassfish/hk2/guice-bridge/2.5.0/guice-bridge-2.5.0.jar:/home/user/.m2/repository/org/glassfish/jersey/core/jersey-server/2.27/jersey-server-2.27.jar:/home/user/.m2/repository/org/glassfish/jersey/core/jersey-client/2.27/jersey-client-2.27.jar:/home/user/.m2/repository/org/glassfish/jersey/media/jersey-media-jaxb/2.27/jersey-media-jaxb-2.27.jar:/home/user/.m2/repository/javax/validation/validation-api/1.1.0.Final/validation-api-1.1.0.Final.jar:/home/user/.m2/repository/org/glassfish/jersey/media/jersey-media-json-jackson/2.27/jersey-media-json-jackson-2.27.jar:/home/user/.m2/repository/org/glassfish/jersey/ext/jersey-entity-filtering/2.27/jersey-entity-filtering-2.27.jar:/home/user/.m2/repository/com/google/inject/extensions/guice-assistedinject/4.0/guice-assistedinject-4.0.jar:/home/user/.m2/repository/org/jooq/jooq/3.11.10/jooq-3.11.10.jar:/home/user/.m2/repository/org/jooq/jooq-meta/3.11.10/jooq-meta-3.11.10.jar:/home/user/.m2/repository/org/jooq/jooq-codegen/3.11.10/jooq-codegen-3.11.10.jar:/home/user/.m2/repository/com/jolbox/bonecp/0.8.0.RELEASE/bonecp-0.8.0.RELEASE.jar:/home/user/.m2/repository/org/springframework/spring-jdbc/5.1.3.RELEASE/spring-jdbc-5.1.3.RELEASE.jar:/home/user/.m2/repository/org/springframework/spring-beans/5.1.3.RELEASE/spring-beans-5.1.3.RELEASE.jar:/home/user/.m2/repository/org/springframework/spring-core/5.1.3.RELEASE/spring-core-5.1.3.RELEASE.jar:/home/user/.m2/repository/org/springframework/spring-jcl/5.1.3.RELEASE/spring-jcl-5.1.3.RELEASE.jar:/home/user/.m2/repository/org/springframework/spring-tx/5.1.3.RELEASE/spring-tx-5.1.3.RELEASE.jar:/home/user/.m2/repository/org/mockito/mockito-all/1.10.19/mockito-all-1.10.19.jar:/home/user/.m2/repository/junit/junit/4.11/junit-4.11.jar:/home/user/.m2/repository/org/hamcrest/hamcrest-core/1.3/hamcrest-core-1.3.jar:/home/user/.m2/repository/org/apache/hadoop/hadoop-distcp/3.2.0/hadoop-distcp-3.2.0.jar:/home/user/.m2/repository/org/apache/hadoop/hadoop-distcp/3.2.0/hadoop-distcp-3.2.0-tests.jar:/home/user/.m2/repository/org/apache/hadoop/hadoop-mapreduce-client-jobclient/3.2.0/hadoop-mapreduce-client-jobclient-3.2.0.jar:/home/user/.m2/repository/org/apache/hadoop/hadoop-mapreduce-client-common/3.2.0/hadoop-mapreduce-client-common-3.2.0.jar:/home/user/.m2/repository/org/apache/hadoop/hadoop-yarn-common/3.2.0/hadoop-yarn-common-3.2.0.jar:/home/user/.m2/repository/org/apache/hadoop/hadoop-yarn-api/3.2.0/hadoop-yarn-api-3.2.0.jar:/home/user/.m2/repository/com/sun/jersey/jersey-client/1.19/jersey-client-1.19.jar:/home/user/.m2/repository/com/sun/jersey/contribs/jersey-guice/1.19/jersey-guice-1.19.jar:/home/user/.m2/repository/com/fasterxml/jackson/jaxrs/jackson-jaxrs-json-provider/2.9.9/jackson-jaxrs-json-provider-2.9.9.jar:/home/user/.m2/repository/com/fasterxml/jackson/jaxrs/jackson-jaxrs-base/2.9.9/jackson-jaxrs-base-2.9.9.jar:/home/user/.m2/repository/org/apache/hadoop/hadoop-yarn-client/3.2.0/hadoop-yarn-client-3.2.0.jar:/home/user/.m2/repository/org/apache/hadoop/hadoop-mapreduce-client-core/3.2.0/hadoop-mapreduce-client-core-3.2.0.jar:/home/user/.m2/repository/com/google/inject/extensions/guice-servlet/4.0/guice-servlet-4.0.jar:/home/user/.m2/repository/org/powermock/powermock-module-junit4/1.6.5/powermock-module-junit4-1.6.5.jar:/home/user/.m2/repository/org/powermock/powermock-module-junit4-common/1.6.5/powermock-module-junit4-common-1.6.5.jar:/home/user/.m2/repository/org/powermock/powermock-core/1.6.5/powermock-core-1.6.5.jar:/home/user/.m2/repository/org/powermock/powermock-reflect/1.6.5/powermock-reflect-1.6.5.jar:/home/user/.m2/repository/org/powermock/powermock-api-mockito/1.6.5/powermock-api-mockito-1.6.5.jar:/home/user/.m2/repository/org/mockito/mockito-core/1.10.19/mockito-core-1.10.19.jar:/home/user/.m2/repository/org/objenesis/objenesis/1.0/objenesis-1.0.jar:/home/user/.m2/repository/org/powermock/powermock-api-mockito-common/1.6.5/powermock-api-mockito-common-1.6.5.jar:/home/user/.m2/repository/org/powermock/powermock-api-support/1.6.5/powermock-api-support-1.6.5.jar:"/>
    <property name="sun.cpu.endian" value="little"/>
    <property name="user.home" value="/home/user"/>
    <property name="user.language" value="en"/>
    <property name="java.specification.vendor" value="Oracle Corporation"/>
    <property name="java.home" value="/usr/lib/jvm/java-1.8-openjdk/jre"/>
    <property name="java.security.krb5.conf" value="/workdir/hadoop-ozone/ozonefs/target/test-classes/krb5.conf"/>
    <property name="basedir" value="/workdir/hadoop-ozone/ozonefs"/>
    <property name="file.separator" value="/"/>
    <property name="line.separator" value="&#10;"/>
    <property name="java.vm.specification.vendor" value="Oracle Corporation"/>
    <property name="java.specification.name" value="Java Platform API Specification"/>
    <property name="java.awt.graphicsenv" value="sun.awt.X11GraphicsEnvironment"/>
    <property name="surefire.real.class.path" value="/workdir/hadoop-ozone/ozonefs/target/surefire/surefirebooter5897637821932787109.jar"/>
    <property name="hadoop.log.dir" value="/workdir/hadoop-ozone/ozonefs/target/log"/>
    <property name="sun.boot.class.path" value="/usr/lib/jvm/java-1.8-openjdk/jre/lib/resources.jar:/usr/lib/jvm/java-1.8-openjdk/jre/lib/rt.jar:/usr/lib/jvm/java-1.8-openjdk/jre/lib/sunrsasign.jar:/usr/lib/jvm/java-1.8-openjdk/jre/lib/jsse.jar:/usr/lib/jvm/java-1.8-openjdk/jre/lib/jce.jar:/usr/lib/jvm/java-1.8-openjdk/jre/lib/charsets.jar:/usr/lib/jvm/java-1.8-openjdk/jre/lib/jfr.jar:/usr/lib/jvm/java-1.8-openjdk/jre/classes"/>
    <property name="sun.management.compiler" value="HotSpot 64-Bit Tiered Compilers"/>
    <property name="java.runtime.version" value="1.8.0_212-b04"/>
    <property name="java.net.preferIPv4Stack" value="true"/>
    <property name="user.name" value="jenkins1000"/>
    <property name="path.separator" value=":"/>
    <property name="java.security.egd" value="file:///dev/urandom"/>
    <property name="os.version" value="3.10.0-957.12.2.el7.x86_64"/>
    <property name="java.endorsed.dirs" value="/usr/lib/jvm/java-1.8-openjdk/jre/lib/endorsed"/>
    <property name="java.runtime.name" value="OpenJDK Runtime Environment"/>
    <property name="file.encoding" value="UTF-8"/>
    <property name="java.vm.name" value="OpenJDK 64-Bit Server VM"/>
    <property name="test.build.webapps" value=""/>
    <property name="localRepository" value="/home/user/.m2/repository"/>
    <property name="java.vendor.url.bug" value="https://icedtea.classpath.org/bugzilla"/>
    <property name="java.io.tmpdir" value="/tmp"/>
    <property name="require.test.libhadoop" value=""/>
    <property name="java.version" value="1.8.0_212"/>
    <property name="user.dir" value="/workdir/hadoop-ozone/ozonefs"/>
    <property name="os.arch" value="amd64"/>
    <property name="java.vm.specification.name" value="Java Virtual Machine Specification"/>
    <property name="test.build.classes" value="/workdir/hadoop-ozone/ozonefs/target/test-classes"/>
    <property name="java.awt.printerjob" value="sun.print.PSPrinterJob"/>
    <property name="sun.os.patch.level" value="unknown"/>
    <property name="hadoop.tmp.dir" value="/workdir/hadoop-ozone/ozonefs/target/tmp"/>
    <property name="java.library.path" value="/usr/lib/jvm/java-1.8-openjdk/jre/lib/amd64/server:/usr/lib/jvm/java-1.8-openjdk/jre/lib/amd64:/usr/lib/jvm/java-1.8-openjdk/jre/../lib/amd64:/workdir/hadoop-ozone/ozonefs/target/native/target/usr/local/lib:/workdir/hadoop-ozone/ozonefs/../../hadoop-common-project/hadoop-common/target/native/target/usr/local/lib:/usr/java/packages/lib/amd64:/usr/lib64:/lib64:/lib:/usr/lib"/>
    <property name="java.vm.info" value="mixed mode"/>
    <property name="java.vendor" value="IcedTea"/>
    <property name="java.vm.version" value="25.212-b04"/>
    <property name="java.ext.dirs" value="/usr/lib/jvm/java-1.8-openjdk/jre/lib/ext:/usr/java/packages/lib/ext"/>
    <property name="sun.io.unicode.encoding" value="UnicodeLittle"/>
    <property name="java.class.version" value="52.0"/>
  </properties>
  <testcase name="testDeleteNonEmptyDirNonRecursive" classname="org.apache.hadoop.fs.ozone.contract.ITestOzoneContractDelete" time="29.917">
    <error message="Allocated 0 blocks. Requested 1 blocks" type="INTERNAL_ERROR org.apache.hadoop.ozone.om.exceptions.OMException">INTERNAL_ERROR org.apache.hadoop.ozone.om.exceptions.OMException: Allocated 0 blocks. Requested 1 blocks
	at org.apache.hadoop.ozone.om.protocolPB.OzoneManagerProtocolClientSideTranslatorPB.handleError(OzoneManagerProtocolClientSideTranslatorPB.java:732)
	at org.apache.hadoop.ozone.om.protocolPB.OzoneManagerProtocolClientSideTranslatorPB.createFile(OzoneManagerProtocolClientSideTranslatorPB.java:1536)
	at sun.reflect.NativeMethodAccessorImpl.invoke0(Native Method)
	at sun.reflect.NativeMethodAccessorImpl.invoke(NativeMethodAccessorImpl.java:62)
	at sun.reflect.DelegatingMethodAccessorImpl.invoke(DelegatingMethodAccessorImpl.java:43)
	at java.lang.reflect.Method.invoke(Method.java:498)
	at org.apache.hadoop.hdds.tracing.TraceAllMethod.invoke(TraceAllMethod.java:66)
	at com.sun.proxy.$Proxy41.createFile(Unknown Source)
	at org.apache.hadoop.ozone.client.rpc.RpcClient.createFile(RpcClient.java:1006)
	at org.apache.hadoop.ozone.client.OzoneBucket.createFile(OzoneBucket.java:537)
	at org.apache.hadoop.fs.ozone.BasicOzoneClientAdapterImpl.createFile(BasicOzoneClientAdapterImpl.java:205)
	at org.apache.hadoop.fs.ozone.BasicOzoneFileSystem.createOutputStream(BasicOzoneFileSystem.java:250)
	at org.apache.hadoop.fs.ozone.BasicOzoneFileSystem.create(BasicOzoneFileSystem.java:231)
	at org.apache.hadoop.fs.FileSystem.create(FileSystem.java:1118)
	at org.apache.hadoop.fs.FileSystem.create(FileSystem.java:1098)
	at org.apache.hadoop.fs.FileSystem.create(FileSystem.java:987)
	at org.apache.hadoop.fs.contract.ContractTestUtils.createFile(ContractTestUtils.java:633)
	at org.apache.hadoop.fs.contract.ContractTestUtils.writeTextFile(ContractTestUtils.java:617)
	at org.apache.hadoop.fs.contract.AbstractContractDeleteTest.testDeleteNonEmptyDirNonRecursive(AbstractContractDeleteTest.java:73)
	at sun.reflect.NativeMethodAccessorImpl.invoke0(Native Method)
	at sun.reflect.NativeMethodAccessorImpl.invoke(NativeMethodAccessorImpl.java:62)
	at sun.reflect.DelegatingMethodAccessorImpl.invoke(DelegatingMethodAccessorImpl.java:43)
	at java.lang.reflect.Method.invoke(Method.java:498)
	at org.junit.runners.model.FrameworkMethod$1.runReflectiveCall(FrameworkMethod.java:47)
	at org.junit.internal.runners.model.ReflectiveCallable.run(ReflectiveCallable.java:12)
	at org.junit.runners.model.FrameworkMethod.invokeExplosively(FrameworkMethod.java:44)
	at org.junit.internal.runners.statements.InvokeMethod.evaluate(InvokeMethod.java:17)
	at org.junit.internal.runners.statements.RunBefores.evaluate(RunBefores.java:26)
	at org.junit.internal.runners.statements.RunAfters.evaluate(RunAfters.java:27)
	at org.junit.rules.TestWatcher$1.evaluate(TestWatcher.java:55)
	at org.junit.internal.runners.statements.FailOnTimeout$StatementThread.run(FailOnTimeout.java:74)
</error>
    <system-out><![CDATA[2019-09-26 21:18:32,232 [JUnit] WARN  server.ServerUtils (ServerUtils.java:getScmDbDir(145)) - ozone.scm.db.dirs is not configured. We recommend adding this setting. Falling back to ozone.metadata.dirs instead.
2019-09-26 21:18:32,396 [JUnit] WARN  server.ServerUtils (ServerUtils.java:getScmDbDir(145)) - ozone.scm.db.dirs is not configured. We recommend adding this setting. Falling back to ozone.metadata.dirs instead.
2019-09-26 21:18:32,400 [JUnit] WARN  server.ServerUtils (ServerUtils.java:getScmDbDir(145)) - ozone.scm.db.dirs is not configured. We recommend adding this setting. Falling back to ozone.metadata.dirs instead.
2019-09-26 21:18:32,420 [JUnit] INFO  util.log (Log.java:initialized(192)) - Logging initialized @953ms
2019-09-26 21:18:32,522 [JUnit] INFO  db.DBStoreBuilder (DBStoreBuilder.java:addTable(110)) - using custom profile for table: deletedBlocks
2019-09-26 21:18:32,523 [JUnit] INFO  db.DBStoreBuilder (DBStoreBuilder.java:processTables(161)) - Using default column profile:DBProfile.DISK for Table:deletedBlocks
2019-09-26 21:18:32,523 [JUnit] INFO  db.DBStoreBuilder (DBStoreBuilder.java:addTable(110)) - using custom profile for table: validCerts
2019-09-26 21:18:32,523 [JUnit] INFO  db.DBStoreBuilder (DBStoreBuilder.java:processTables(161)) - Using default column profile:DBProfile.DISK for Table:validCerts
2019-09-26 21:18:32,524 [JUnit] INFO  db.DBStoreBuilder (DBStoreBuilder.java:addTable(110)) - using custom profile for table: revokedCerts
2019-09-26 21:18:32,524 [JUnit] INFO  db.DBStoreBuilder (DBStoreBuilder.java:processTables(161)) - Using default column profile:DBProfile.DISK for Table:revokedCerts
2019-09-26 21:18:32,540 [JUnit] INFO  db.DBStoreBuilder (DBStoreBuilder.java:addTable(110)) - using custom profile for table: default
2019-09-26 21:18:32,541 [JUnit] INFO  db.DBStoreBuilder (DBStoreBuilder.java:processTables(167)) - Using default column profile:DBProfile.DISK for Table:default
2019-09-26 21:18:32,543 [JUnit] INFO  db.DBStoreBuilder (DBStoreBuilder.java:getDbProfile(198)) - Using default options. DBProfile.DISK
2019-09-26 21:18:32,803 [JUnit] INFO  net.NodeSchemaLoader (NodeSchemaLoader.java:loadSchemaFromFile(125)) - Loading file from sun.misc.CompoundEnumeration@3c41ed1d
2019-09-26 21:18:32,805 [JUnit] INFO  net.NodeSchemaLoader (NodeSchemaLoader.java:loadSchema(171)) - Loading network topology layer schema file
2019-09-26 21:18:32,895 [JUnit] WARN  server.ServerUtils (ServerUtils.java:sanitizeUserArgs(70)) - ozone.scm.stale.node.interval value = 300000 is larger than max = 100000 based on the key value of ozone.scm.heartbeat.thread.interval, reset to the max value 100000.
2019-09-26 21:18:32,897 [JUnit] WARN  server.ServerUtils (ServerUtils.java:sanitizeUserArgs(70)) - ozone.scm.stale.node.interval value = 300000 is larger than max = 100000 based on the key value of ozone.scm.heartbeat.thread.interval, reset to the max value 100000.
2019-09-26 21:18:32,899 [JUnit] INFO  node.SCMNodeManager (SCMNodeManager.java:<init>(114)) - Entering startup safe mode.
2019-09-26 21:18:33,035 [JUnit] INFO  algorithms.ContainerPlacementPolicyFactory (ContainerPlacementPolicyFactory.java:getPolicy(59)) - Create container placement policy of type org.apache.hadoop.hdds.scm.container.placement.algorithms.SCMContainerPlacementRandom
2019-09-26 21:18:33,051 [JUnit] WARN  server.ServerUtils (ServerUtils.java:getScmDbDir(145)) - ozone.scm.db.dirs is not configured. We recommend adding this setting. Falling back to ozone.metadata.dirs instead.
2019-09-26 21:18:33,115 [JUnit] INFO  pipeline.SCMPipelineManager (SCMPipelineManager.java:initializePipelineState(132)) - No pipeline exists in current db
2019-09-26 21:18:33,117 [JUnit] WARN  server.ServerUtils (ServerUtils.java:getScmDbDir(145)) - ozone.scm.db.dirs is not configured. We recommend adding this setting. Falling back to ozone.metadata.dirs instead.
2019-09-26 21:18:33,217 [JUnit] WARN  events.EventQueue (EventQueue.java:fireEvent(183)) - No event handler registered for event TypedEvent{payloadType=SafeModeStatus, name='SafeModeStatus'}
2019-09-26 21:18:33,595 [JUnit] INFO  ipc.CallQueueManager (CallQueueManager.java:<init>(84)) - Using callQueue: class java.util.concurrent.LinkedBlockingQueue, queueCapacity: 2000, scheduler: class org.apache.hadoop.ipc.DefaultRpcScheduler, ipcBackoff: false.
2019-09-26 21:18:33,732 [Socket Reader #1 for port 38140] INFO  ipc.Server (Server.java:run(1074)) - Starting Socket Reader #1 for port 38140
2019-09-26 21:18:33,772 [JUnit] INFO  ipc.CallQueueManager (CallQueueManager.java:<init>(84)) - Using callQueue: class java.util.concurrent.LinkedBlockingQueue, queueCapacity: 2000, scheduler: class org.apache.hadoop.ipc.DefaultRpcScheduler, ipcBackoff: false.
2019-09-26 21:18:33,774 [Socket Reader #1 for port 33705] INFO  ipc.Server (Server.java:run(1074)) - Starting Socket Reader #1 for port 33705
2019-09-26 21:18:33,786 [JUnit] INFO  ipc.CallQueueManager (CallQueueManager.java:<init>(84)) - Using callQueue: class java.util.concurrent.LinkedBlockingQueue, queueCapacity: 2000, scheduler: class org.apache.hadoop.ipc.DefaultRpcScheduler, ipcBackoff: false.
2019-09-26 21:18:33,788 [Socket Reader #1 for port 33685] INFO  ipc.Server (Server.java:run(1074)) - Starting Socket Reader #1 for port 33685
2019-09-26 21:18:33,820 [JUnit] INFO  hdfs.DFSUtil (DFSUtil.java:httpServerTemplateForNNAndJN(1641)) - Starting Web-server for scm at: http://0.0.0.0:0
2019-09-26 21:18:34,001 [JUnit] INFO  server.AuthenticationFilter (AuthenticationFilter.java:constructSecretProvider(240)) - Unable to initialize FileSignerSecretProvider, falling back to use random secrets.
2019-09-26 21:18:34,021 [JUnit] WARN  http.HttpRequestLog (HttpRequestLog.java:getRequestLog(97)) - Jetty request log can only be enabled using Log4j
2019-09-26 21:18:34,034 [JUnit] INFO  http.HttpServer2 (HttpServer2.java:addGlobalFilter(975)) - Added global filter 'safety' (class=org.apache.hadoop.http.HttpServer2$QuotingInputFilter)
2019-09-26 21:18:34,037 [JUnit] INFO  http.HttpServer2 (HttpServer2.java:addFilter(948)) - Added filter static_user_filter (class=org.apache.hadoop.http.lib.StaticUserWebFilter$StaticUserFilter) to context scm
2019-09-26 21:18:34,037 [JUnit] INFO  http.HttpServer2 (HttpServer2.java:addFilter(958)) - Added filter static_user_filter (class=org.apache.hadoop.http.lib.StaticUserWebFilter$StaticUserFilter) to context logs
2019-09-26 21:18:34,038 [JUnit] INFO  http.HttpServer2 (HttpServer2.java:addFilter(958)) - Added filter static_user_filter (class=org.apache.hadoop.http.lib.StaticUserWebFilter$StaticUserFilter) to context static
2019-09-26 21:18:34,067 [JUnit] INFO  server.StorageContainerManager (StorageContainerManager.java:start(770)) - StorageContainerLocationProtocol RPC server is listening at /0.0.0.0:33685
2019-09-26 21:18:34,117 [JUnit] WARN  impl.MetricsConfig (MetricsConfig.java:loadFirst(134)) - Cannot locate configuration: tried hadoop-metrics2-storagecontainermanager.properties,hadoop-metrics2.properties
2019-09-26 21:18:34,129 [JUnit] INFO  impl.MetricsSystemImpl (MetricsSystemImpl.java:startTimer(374)) - Scheduled Metric snapshot period at 10 second(s).
2019-09-26 21:18:34,129 [JUnit] INFO  impl.MetricsSystemImpl (MetricsSystemImpl.java:start(191)) - StorageContainerManager metrics system started
2019-09-26 21:18:34,361 [JUnit] INFO  server.SCMClientProtocolServer (SCMClientProtocolServer.java:start(151)) - RPC server for Client  is listening at /0.0.0.0:33685
2019-09-26 21:18:34,362 [IPC Server Responder] INFO  ipc.Server (Server.java:run(1314)) - IPC Server Responder: starting
2019-09-26 21:18:34,362 [IPC Server listener on 33685] INFO  ipc.Server (Server.java:run(1153)) - IPC Server listener on 33685: starting
2019-09-26 21:18:34,365 [JUnit] INFO  server.StorageContainerManager (StorageContainerManager.java:start(780)) - ScmBlockLocationProtocol RPC server is listening at /0.0.0.0:33705
2019-09-26 21:18:34,366 [JUnit] INFO  server.SCMBlockProtocolServer (SCMBlockProtocolServer.java:start(146)) - RPC server for Block Protocol is listening at /0.0.0.0:33705
2019-09-26 21:18:34,367 [IPC Server Responder] INFO  ipc.Server (Server.java:run(1314)) - IPC Server Responder: starting
2019-09-26 21:18:34,367 [IPC Server listener on 33705] INFO  ipc.Server (Server.java:run(1153)) - IPC Server listener on 33705: starting
2019-09-26 21:18:34,369 [JUnit] INFO  server.StorageContainerManager (StorageContainerManager.java:start(784)) - ScmDatanodeProtocl RPC server is listening at /0.0.0.0:38140
2019-09-26 21:18:34,369 [JUnit] INFO  server.SCMDatanodeProtocolServer (SCMDatanodeProtocolServer.java:start(191)) - RPC server for DataNodes is listening at /0.0.0.0:38140
2019-09-26 21:18:34,370 [IPC Server Responder] INFO  ipc.Server (Server.java:run(1314)) - IPC Server Responder: starting
2019-09-26 21:18:34,370 [IPC Server listener on 38140] INFO  ipc.Server (Server.java:run(1153)) - IPC Server listener on 38140: starting
2019-09-26 21:18:34,374 [JUnit] INFO  http.HttpServer2 (HttpServer2.java:bindListener(1191)) - Jetty bound to port 46451
2019-09-26 21:18:34,375 [JUnit] INFO  server.Server (Server.java:doStart(351)) - jetty-9.3.25.v20180904, build timestamp: 2018-09-04T21:11:46Z, git hash: 3ce520221d0240229c862b122d2b06c12a625732
2019-09-26 21:18:34,409 [JUnit] INFO  handler.ContextHandler (ContextHandler.java:doStart(781)) - Started o.e.j.s.ServletContextHandler@2374d36a{/logs,file:///workdir/hadoop-ozone/ozonefs/target/log,AVAILABLE}
2019-09-26 21:18:34,410 [JUnit] INFO  handler.ContextHandler (ContextHandler.java:doStart(781)) - Started o.e.j.s.ServletContextHandler@424fd310{/static,jar:file:/home/user/.m2/repository/org/apache/hadoop/hadoop-hdds-server-scm/0.5.0-SNAPSHOT/hadoop-hdds-server-scm-0.5.0-SNAPSHOT.jar!/webapps/static,AVAILABLE}
2019-09-26 21:18:34,500 [JUnit] INFO  handler.ContextHandler (ContextHandler.java:doStart(781)) - Started o.e.j.w.WebAppContext@35038141{/,file:///tmp/jetty-0.0.0.0-46451-scm-_-any-4398966621808550062.dir/webapp/,AVAILABLE}{/scm}
2019-09-26 21:18:34,505 [JUnit] INFO  server.AbstractConnector (AbstractConnector.java:doStart(278)) - Started ServerConnector@5bd73d1a{HTTP/1.1,[http/1.1]}{0.0.0.0:46451}
2019-09-26 21:18:34,505 [JUnit] INFO  server.Server (Server.java:doStart(419)) - Started @3038ms
2019-09-26 21:18:34,508 [JUnit] INFO  impl.MetricsSinkAdapter (MetricsSinkAdapter.java:start(204)) - Sink prometheus started
2019-09-26 21:18:34,508 [JUnit] INFO  impl.MetricsSystemImpl (MetricsSystemImpl.java:registerSink(301)) - Registered sink prometheus
2019-09-26 21:18:34,509 [JUnit] INFO  server.BaseHttpServer (BaseHttpServer.java:updateConnectorAddress(215)) - HTTP server of SCM is listening at http://0.0.0.0:46451
2019-09-26 21:18:34,516 [org.apache.hadoop.util.JvmPauseMonitor$Monitor@5af9926a] INFO  util.JvmPauseMonitor (JvmPauseMonitor.java:run(188)) - Starting JVM pause monitor
2019-09-26 21:18:34,519 [JUnit] WARN  server.ServerUtils (ServerUtils.java:getDBPath(222)) - ozone.om.db.dirs is not configured. We recommend adding this setting. Falling back to ozone.metadata.dirs instead.
2019-09-26 21:18:34,882 [JUnit] WARN  server.ServerUtils (ServerUtils.java:getDBPath(222)) - ozone.om.db.dirs is not configured. We recommend adding this setting. Falling back to ozone.metadata.dirs instead.
2019-09-26 21:18:34,882 [JUnit] WARN  server.ServerUtils (ServerUtils.java:getDBPath(222)) - ozone.om.db.dirs is not configured. We recommend adding this setting. Falling back to ozone.metadata.dirs instead.
2019-09-26 21:18:34,883 [JUnit] INFO  om.OzoneManager (OzoneManager.java:setOMNodeDetails(652)) - OM Service ID is not set. Setting it to the default ID: omServiceIdDefault
2019-09-26 21:18:34,884 [JUnit] INFO  om.OzoneManager (OzoneManager.java:setOMNodeDetails(658)) - OM Node ID is not set. Setting it to the OmStorage's OmID: 820f9206-63ee-4568-8bff-9ba55d98e36b
2019-09-26 21:18:34,885 [JUnit] INFO  om.OzoneManager (OzoneManager.java:loadOMHAConfigs(609)) - Found matching OM address with OMServiceId: null, OMNodeId: null, RPC Address: localhost:0 and Ratis port: 9872
2019-09-26 21:18:35,694 [JUnit] WARN  server.ServerUtils (ServerUtils.java:getDBPath(222)) - ozone.om.db.dirs is not configured. We recommend adding this setting. Falling back to ozone.metadata.dirs instead.
2019-09-26 21:18:35,703 [JUnit] INFO  db.DBStoreBuilder (DBStoreBuilder.java:addTable(110)) - using custom profile for table: userTable
2019-09-26 21:18:35,704 [JUnit] INFO  db.DBStoreBuilder (DBStoreBuilder.java:processTables(161)) - Using default column profile:DBProfile.DISK for Table:userTable
2019-09-26 21:18:35,704 [JUnit] INFO  db.DBStoreBuilder (DBStoreBuilder.java:addTable(110)) - using custom profile for table: volumeTable
2019-09-26 21:18:35,704 [JUnit] INFO  db.DBStoreBuilder (DBStoreBuilder.java:processTables(161)) - Using default column profile:DBProfile.DISK for Table:volumeTable
2019-09-26 21:18:35,704 [JUnit] INFO  db.DBStoreBuilder (DBStoreBuilder.java:addTable(110)) - using custom profile for table: bucketTable
2019-09-26 21:18:35,705 [JUnit] INFO  db.DBStoreBuilder (DBStoreBuilder.java:processTables(161)) - Using default column profile:DBProfile.DISK for Table:bucketTable
2019-09-26 21:18:35,705 [JUnit] INFO  db.DBStoreBuilder (DBStoreBuilder.java:addTable(110)) - using custom profile for table: keyTable
2019-09-26 21:18:35,705 [JUnit] INFO  db.DBStoreBuilder (DBStoreBuilder.java:processTables(161)) - Using default column profile:DBProfile.DISK for Table:keyTable
2019-09-26 21:18:35,705 [JUnit] INFO  db.DBStoreBuilder (DBStoreBuilder.java:addTable(110)) - using custom profile for table: deletedTable
2019-09-26 21:18:35,706 [JUnit] INFO  db.DBStoreBuilder (DBStoreBuilder.java:processTables(161)) - Using default column profile:DBProfile.DISK for Table:deletedTable
2019-09-26 21:18:35,706 [JUnit] INFO  db.DBStoreBuilder (DBStoreBuilder.java:addTable(110)) - using custom profile for table: openKeyTable
2019-09-26 21:18:35,706 [JUnit] INFO  db.DBStoreBuilder (DBStoreBuilder.java:processTables(161)) - Using default column profile:DBProfile.DISK for Table:openKeyTable
2019-09-26 21:18:35,706 [JUnit] INFO  db.DBStoreBuilder (DBStoreBuilder.java:addTable(110)) - using custom profile for table: s3Table
2019-09-26 21:18:35,707 [JUnit] INFO  db.DBStoreBuilder (DBStoreBuilder.java:processTables(161)) - Using default column profile:DBProfile.DISK for Table:s3Table
2019-09-26 21:18:35,707 [JUnit] INFO  db.DBStoreBuilder (DBStoreBuilder.java:addTable(110)) - using custom profile for table: multipartInfoTable
2019-09-26 21:18:35,707 [JUnit] INFO  db.DBStoreBuilder (DBStoreBuilder.java:processTables(161)) - Using default column profile:DBProfile.DISK for Table:multipartInfoTable
2019-09-26 21:18:35,707 [JUnit] INFO  db.DBStoreBuilder (DBStoreBuilder.java:addTable(110)) - using custom profile for table: dTokenTable
2019-09-26 21:18:35,708 [JUnit] INFO  db.DBStoreBuilder (DBStoreBuilder.java:processTables(161)) - Using default column profile:DBProfile.DISK for Table:dTokenTable
2019-09-26 21:18:35,708 [JUnit] INFO  db.DBStoreBuilder (DBStoreBuilder.java:addTable(110)) - using custom profile for table: s3SecretTable
2019-09-26 21:18:35,708 [JUnit] INFO  db.DBStoreBuilder (DBStoreBuilder.java:processTables(161)) - Using default column profile:DBProfile.DISK for Table:s3SecretTable
2019-09-26 21:18:35,709 [JUnit] INFO  db.DBStoreBuilder (DBStoreBuilder.java:addTable(110)) - using custom profile for table: prefixTable
2019-09-26 21:18:35,709 [JUnit] INFO  db.DBStoreBuilder (DBStoreBuilder.java:processTables(161)) - Using default column profile:DBProfile.DISK for Table:prefixTable
2019-09-26 21:18:35,709 [JUnit] INFO  db.DBStoreBuilder (DBStoreBuilder.java:addTable(110)) - using custom profile for table: default
2019-09-26 21:18:35,709 [JUnit] INFO  db.DBStoreBuilder (DBStoreBuilder.java:processTables(167)) - Using default column profile:DBProfile.DISK for Table:default
2019-09-26 21:18:35,709 [JUnit] INFO  db.DBStoreBuilder (DBStoreBuilder.java:getDbProfile(198)) - Using default options. DBProfile.DISK
2019-09-26 21:18:36,146 [JUnit] INFO  ipc.CallQueueManager (CallQueueManager.java:<init>(84)) - Using callQueue: class java.util.concurrent.LinkedBlockingQueue, queueCapacity: 2000, scheduler: class org.apache.hadoop.ipc.DefaultRpcScheduler, ipcBackoff: false.
2019-09-26 21:18:36,147 [Socket Reader #1 for port 34540] INFO  ipc.Server (Server.java:run(1074)) - Starting Socket Reader #1 for port 34540
2019-09-26 21:18:36,179 [JUnit] INFO  om.OzoneManager (OzoneManager.java:start(1243)) - OzoneManager RPC server is listening at localhost/127.0.0.1:34540
2019-09-26 21:18:36,182 [JUnit] INFO  impl.MetricsSystemImpl (MetricsSystemImpl.java:init(158)) - OzoneManager metrics system started (again)
2019-09-26 21:18:36,187 [IPC Server Responder] INFO  ipc.Server (Server.java:run(1314)) - IPC Server Responder: starting
2019-09-26 21:18:36,187 [IPC Server listener on 34540] INFO  ipc.Server (Server.java:run(1153)) - IPC Server listener on 34540: starting
2019-09-26 21:18:36,201 [JUnit] INFO  hdfs.DFSUtil (DFSUtil.java:httpServerTemplateForNNAndJN(1641)) - Starting Web-server for ozoneManager at: http://0.0.0.0:0
2019-09-26 21:18:36,207 [JUnit] INFO  server.AuthenticationFilter (AuthenticationFilter.java:constructSecretProvider(240)) - Unable to initialize FileSignerSecretProvider, falling back to use random secrets.
2019-09-26 21:18:36,209 [JUnit] WARN  http.HttpRequestLog (HttpRequestLog.java:getRequestLog(97)) - Jetty request log can only be enabled using Log4j
2019-09-26 21:18:36,213 [JUnit] INFO  http.HttpServer2 (HttpServer2.java:addGlobalFilter(975)) - Added global filter 'safety' (class=org.apache.hadoop.http.HttpServer2$QuotingInputFilter)
2019-09-26 21:18:36,216 [JUnit] INFO  http.HttpServer2 (HttpServer2.java:addFilter(948)) - Added filter static_user_filter (class=org.apache.hadoop.http.lib.StaticUserWebFilter$StaticUserFilter) to context ozoneManager
2019-09-26 21:18:36,216 [JUnit] INFO  http.HttpServer2 (HttpServer2.java:addFilter(958)) - Added filter static_user_filter (class=org.apache.hadoop.http.lib.StaticUserWebFilter$StaticUserFilter) to context logs
2019-09-26 21:18:36,217 [JUnit] INFO  http.HttpServer2 (HttpServer2.java:addFilter(958)) - Added filter static_user_filter (class=org.apache.hadoop.http.lib.StaticUserWebFilter$StaticUserFilter) to context static
2019-09-26 21:18:36,222 [JUnit] INFO  http.HttpServer2 (HttpServer2.java:bindListener(1191)) - Jetty bound to port 44939
2019-09-26 21:18:36,222 [JUnit] INFO  server.Server (Server.java:doStart(351)) - jetty-9.3.25.v20180904, build timestamp: 2018-09-04T21:11:46Z, git hash: 3ce520221d0240229c862b122d2b06c12a625732
2019-09-26 21:18:36,225 [JUnit] INFO  handler.ContextHandler (ContextHandler.java:doStart(781)) - Started o.e.j.s.ServletContextHandler@29852487{/logs,file:///workdir/hadoop-ozone/ozonefs/target/log,AVAILABLE}
2019-09-26 21:18:36,226 [JUnit] INFO  handler.ContextHandler (ContextHandler.java:doStart(781)) - Started o.e.j.s.ServletContextHandler@3afae281{/static,jar:file:/home/user/.m2/repository/org/apache/hadoop/hadoop-ozone-ozone-manager/0.5.0-SNAPSHOT/hadoop-ozone-ozone-manager-0.5.0-SNAPSHOT.jar!/webapps/static,AVAILABLE}
2019-09-26 21:18:36,290 [JUnit] INFO  handler.ContextHandler (ContextHandler.java:doStart(781)) - Started o.e.j.w.WebAppContext@3b08f438{/,file:///tmp/jetty-0.0.0.0-44939-ozoneManager-_-any-3753482343191045585.dir/webapp/,AVAILABLE}{/ozoneManager}
2019-09-26 21:18:36,291 [JUnit] INFO  server.AbstractConnector (AbstractConnector.java:doStart(278)) - Started ServerConnector@2bac9ba{HTTP/1.1,[http/1.1]}{0.0.0.0:44939}
2019-09-26 21:18:36,291 [JUnit] INFO  server.Server (Server.java:doStart(419)) - Started @4825ms
2019-09-26 21:18:36,292 [JUnit] WARN  impl.MetricsSystemImpl (MetricsSystemImpl.java:register(276)) - Sink prometheus already exists!
2019-09-26 21:18:36,293 [JUnit] INFO  server.BaseHttpServer (BaseHttpServer.java:updateConnectorAddress(215)) - HTTP server of OZONEMANAGER is listening at http://0.0.0.0:44939
2019-09-26 21:18:36,613 [JUnit] INFO  impl.MetricsSystemImpl (MetricsSystemImpl.java:init(158)) - HddsDatanode metrics system started (again)
2019-09-26 21:18:36,677 [JUnit] INFO  ozone.HddsDatanodeService (HddsDatanodeService.java:start(184)) - HddsDatanodeService host:pr-hdds-1569-g6sp5-2013761785 ip:192.168.151.99
2019-09-26 21:18:36,716 [JUnit] INFO  volume.HddsVolume (HddsVolume.java:<init>(176)) - Creating Volume: /workdir/hadoop-ozone/ozonefs/target/test-dir/MiniOzoneClusterImpl-5b64906c-d720-4906-b30c-b6d56a2122fd/datanode-0/data/containers/hdds of  storage type : DISK and capacity : 1482555576320
2019-09-26 21:18:36,720 [JUnit] INFO  volume.VolumeSet (VolumeSet.java:initializeVolumeSet(170)) - Added Volume : /workdir/hadoop-ozone/ozonefs/target/test-dir/MiniOzoneClusterImpl-5b64906c-d720-4906-b30c-b6d56a2122fd/datanode-0/data/containers/hdds to VolumeSet
2019-09-26 21:18:36,725 [JUnit] INFO  volume.ThrottledAsyncChecker (ThrottledAsyncChecker.java:schedule(139)) - Scheduling a check for org.apache.hadoop.ozone.container.common.volume.HddsVolume@22367b8
2019-09-26 21:18:36,753 [JUnit] INFO  volume.HddsVolumeChecker (HddsVolumeChecker.java:checkAllVolumes(202)) - Scheduled health check for volume org.apache.hadoop.ozone.container.common.volume.HddsVolume@22367b8
2019-09-26 21:18:36,908 [JUnit] INFO  impl.RaftServerProxy (ConfUtils.java:logGet(43)) - raft.rpc.type = GRPC (default)
2019-09-26 21:18:36,986 [JUnit] INFO  grpc.GrpcFactory (GrpcFactory.java:checkPooledByteBufAllocatorUseCacheForAllThreads(45)) - PERFORMANCE WARNING: useCacheForAllThreads is true that may cause Netty to create a lot garbage objects and, as a result, trigger GC.
	It is recommended to disable useCacheForAllThreads by setting -Dorg.apache.ratis.thirdparty.io.netty.allocator.useCacheForAllThreads=false in command line.
2019-09-26 21:18:36,991 [JUnit] INFO  grpc.GrpcConfigKeys$Server (ConfUtils.java:logGet(43)) - raft.grpc.server.port = 0 (default)
2019-09-26 21:18:36,992 [JUnit] INFO  server.GrpcService (ConfUtils.java:logGet(43)) - raft.grpc.message.size.max = 33570816 (custom)
2019-09-26 21:18:36,994 [JUnit] INFO  server.RaftServerConfigKeys (ConfUtils.java:logGet(43)) - raft.server.log.appender.buffer.byte-limit = 33554432 (custom)
2019-09-26 21:18:36,995 [JUnit] INFO  server.GrpcService (ConfUtils.java:logGet(43)) - raft.grpc.flow.control.window = 1MB (=1048576) (default)
2019-09-26 21:18:36,995 [JUnit] INFO  server.RaftServerConfigKeys (ConfUtils.java:logGet(43)) - raft.server.rpc.request.timeout = 3000ms (default)
2019-09-26 21:18:37,179 [JUnit] INFO  server.RaftServerConfigKeys (ConfUtils.java:logGet(43)) - raft.server.storage.dir = [/workdir/hadoop-ozone/ozonefs/target/test-dir/MiniOzoneClusterImpl-5b64906c-d720-4906-b30c-b6d56a2122fd/datanode-0/data/ratis] (custom)
2019-09-26 21:18:37,240 [JUnit] INFO  hdfs.DFSUtil (DFSUtil.java:httpServerTemplateForNNAndJN(1641)) - Starting Web-server for hddsDatanode at: http://0.0.0.0:0
2019-09-26 21:18:37,242 [JUnit] INFO  server.AuthenticationFilter (AuthenticationFilter.java:constructSecretProvider(240)) - Unable to initialize FileSignerSecretProvider, falling back to use random secrets.
2019-09-26 21:18:37,243 [JUnit] WARN  http.HttpRequestLog (HttpRequestLog.java:getRequestLog(97)) - Jetty request log can only be enabled using Log4j
2019-09-26 21:18:37,245 [JUnit] INFO  http.HttpServer2 (HttpServer2.java:addGlobalFilter(975)) - Added global filter 'safety' (class=org.apache.hadoop.http.HttpServer2$QuotingInputFilter)
2019-09-26 21:18:37,246 [JUnit] INFO  http.HttpServer2 (HttpServer2.java:addFilter(948)) - Added filter static_user_filter (class=org.apache.hadoop.http.lib.StaticUserWebFilter$StaticUserFilter) to context hddsDatanode
2019-09-26 21:18:37,246 [JUnit] INFO  http.HttpServer2 (HttpServer2.java:addFilter(958)) - Added filter static_user_filter (class=org.apache.hadoop.http.lib.StaticUserWebFilter$StaticUserFilter) to context static
2019-09-26 21:18:37,247 [JUnit] INFO  http.HttpServer2 (HttpServer2.java:addFilter(958)) - Added filter static_user_filter (class=org.apache.hadoop.http.lib.StaticUserWebFilter$StaticUserFilter) to context logs
2019-09-26 21:18:37,248 [JUnit] INFO  http.HttpServer2 (HttpServer2.java:bindListener(1191)) - Jetty bound to port 36740
2019-09-26 21:18:37,248 [JUnit] INFO  server.Server (Server.java:doStart(351)) - jetty-9.3.25.v20180904, build timestamp: 2018-09-04T21:11:46Z, git hash: 3ce520221d0240229c862b122d2b06c12a625732
2019-09-26 21:18:37,250 [JUnit] INFO  handler.ContextHandler (ContextHandler.java:doStart(781)) - Started o.e.j.s.ServletContextHandler@74ecacc3{/logs,file:///workdir/hadoop-ozone/ozonefs/target/log,AVAILABLE}
2019-09-26 21:18:37,250 [JUnit] INFO  handler.ContextHandler (ContextHandler.java:doStart(781)) - Started o.e.j.s.ServletContextHandler@53b7ce6{/static,jar:file:/home/user/.m2/repository/org/apache/hadoop/hadoop-hdds-container-service/0.5.0-SNAPSHOT/hadoop-hdds-container-service-0.5.0-SNAPSHOT.jar!/webapps/static,AVAILABLE}
2019-09-26 21:18:37,281 [JUnit] INFO  handler.ContextHandler (ContextHandler.java:doStart(781)) - Started o.e.j.w.WebAppContext@1fb2d5e{/,file:///tmp/jetty-0.0.0.0-36740-hddsDatanode-_-any-4417708954547388733.dir/webapp/,AVAILABLE}{/hddsDatanode}
2019-09-26 21:18:37,282 [JUnit] INFO  server.AbstractConnector (AbstractConnector.java:doStart(278)) - Started ServerConnector@1716e8c5{HTTP/1.1,[http/1.1]}{0.0.0.0:36740}
2019-09-26 21:18:37,283 [JUnit] INFO  server.Server (Server.java:doStart(419)) - Started @5816ms
2019-09-26 21:18:37,284 [JUnit] WARN  impl.MetricsSystemImpl (MetricsSystemImpl.java:register(276)) - Sink prometheus already exists!
2019-09-26 21:18:37,284 [JUnit] INFO  server.BaseHttpServer (BaseHttpServer.java:updateConnectorAddress(215)) - HTTP server of HDDSDATANODE is listening at http://0.0.0.0:36740
2019-09-26 21:18:37,285 [JUnit] INFO  impl.MetricsSystemImpl (MetricsSystemImpl.java:init(158)) - HddsDatanode metrics system started (again)
2019-09-26 21:18:37,288 [JUnit] INFO  ozone.HddsDatanodeService (HddsDatanodeService.java:start(184)) - HddsDatanodeService host:pr-hdds-1569-g6sp5-2013761785 ip:192.168.151.99
2019-09-26 21:18:37,292 [org.apache.hadoop.util.JvmPauseMonitor$Monitor@5ffb8d62] INFO  util.JvmPauseMonitor (JvmPauseMonitor.java:run(188)) - Starting JVM pause monitor
2019-09-26 21:18:37,297 [JUnit] INFO  volume.HddsVolume (HddsVolume.java:<init>(176)) - Creating Volume: /workdir/hadoop-ozone/ozonefs/target/test-dir/MiniOzoneClusterImpl-5b64906c-d720-4906-b30c-b6d56a2122fd/datanode-1/data/containers/hdds of  storage type : DISK and capacity : 1482555576320
2019-09-26 21:18:37,298 [JUnit] INFO  volume.VolumeSet (VolumeSet.java:initializeVolumeSet(170)) - Added Volume : /workdir/hadoop-ozone/ozonefs/target/test-dir/MiniOzoneClusterImpl-5b64906c-d720-4906-b30c-b6d56a2122fd/datanode-1/data/containers/hdds to VolumeSet
2019-09-26 21:18:37,298 [JUnit] INFO  volume.ThrottledAsyncChecker (ThrottledAsyncChecker.java:schedule(139)) - Scheduling a check for org.apache.hadoop.ozone.container.common.volume.HddsVolume@176996c3
2019-09-26 21:18:37,299 [JUnit] INFO  volume.HddsVolumeChecker (HddsVolumeChecker.java:checkAllVolumes(202)) - Scheduled health check for volume org.apache.hadoop.ozone.container.common.volume.HddsVolume@176996c3
2019-09-26 21:18:37,319 [JUnit] INFO  impl.RaftServerProxy (ConfUtils.java:logGet(43)) - raft.rpc.type = GRPC (default)
2019-09-26 21:18:37,320 [JUnit] INFO  grpc.GrpcFactory (GrpcFactory.java:checkPooledByteBufAllocatorUseCacheForAllThreads(45)) - PERFORMANCE WARNING: useCacheForAllThreads is true that may cause Netty to create a lot garbage objects and, as a result, trigger GC.
	It is recommended to disable useCacheForAllThreads by setting -Dorg.apache.ratis.thirdparty.io.netty.allocator.useCacheForAllThreads=false in command line.
2019-09-26 21:18:37,320 [JUnit] INFO  grpc.GrpcConfigKeys$Server (ConfUtils.java:logGet(43)) - raft.grpc.server.port = 0 (default)
2019-09-26 21:18:37,320 [JUnit] INFO  server.GrpcService (ConfUtils.java:logGet(43)) - raft.grpc.message.size.max = 33570816 (custom)
2019-09-26 21:18:37,320 [JUnit] INFO  server.RaftServerConfigKeys (ConfUtils.java:logGet(43)) - raft.server.log.appender.buffer.byte-limit = 33554432 (custom)
2019-09-26 21:18:37,321 [JUnit] INFO  server.GrpcService (ConfUtils.java:logGet(43)) - raft.grpc.flow.control.window = 1MB (=1048576) (default)
2019-09-26 21:18:37,321 [JUnit] INFO  server.RaftServerConfigKeys (ConfUtils.java:logGet(43)) - raft.server.rpc.request.timeout = 3000ms (default)
2019-09-26 21:18:37,321 [JUnit] INFO  server.RaftServerConfigKeys (ConfUtils.java:logGet(43)) - raft.server.storage.dir = [/workdir/hadoop-ozone/ozonefs/target/test-dir/MiniOzoneClusterImpl-5b64906c-d720-4906-b30c-b6d56a2122fd/datanode-1/data/ratis] (custom)
2019-09-26 21:18:37,323 [JUnit] INFO  hdfs.DFSUtil (DFSUtil.java:httpServerTemplateForNNAndJN(1641)) - Starting Web-server for hddsDatanode at: http://0.0.0.0:0
2019-09-26 21:18:37,325 [JUnit] INFO  server.AuthenticationFilter (AuthenticationFilter.java:constructSecretProvider(240)) - Unable to initialize FileSignerSecretProvider, falling back to use random secrets.
2019-09-26 21:18:37,326 [JUnit] WARN  http.HttpRequestLog (HttpRequestLog.java:getRequestLog(97)) - Jetty request log can only be enabled using Log4j
2019-09-26 21:18:37,327 [JUnit] INFO  http.HttpServer2 (HttpServer2.java:addGlobalFilter(975)) - Added global filter 'safety' (class=org.apache.hadoop.http.HttpServer2$QuotingInputFilter)
2019-09-26 21:18:37,328 [JUnit] INFO  http.HttpServer2 (HttpServer2.java:addFilter(948)) - Added filter static_user_filter (class=org.apache.hadoop.http.lib.StaticUserWebFilter$StaticUserFilter) to context hddsDatanode
2019-09-26 21:18:37,328 [JUnit] INFO  http.HttpServer2 (HttpServer2.java:addFilter(958)) - Added filter static_user_filter (class=org.apache.hadoop.http.lib.StaticUserWebFilter$StaticUserFilter) to context logs
2019-09-26 21:18:37,329 [JUnit] INFO  http.HttpServer2 (HttpServer2.java:addFilter(958)) - Added filter static_user_filter (class=org.apache.hadoop.http.lib.StaticUserWebFilter$StaticUserFilter) to context static
2019-09-26 21:18:37,329 [JUnit] INFO  http.HttpServer2 (HttpServer2.java:bindListener(1191)) - Jetty bound to port 46298
2019-09-26 21:18:37,330 [JUnit] INFO  server.Server (Server.java:doStart(351)) - jetty-9.3.25.v20180904, build timestamp: 2018-09-04T21:11:46Z, git hash: 3ce520221d0240229c862b122d2b06c12a625732
2019-09-26 21:18:37,333 [JUnit] INFO  handler.ContextHandler (ContextHandler.java:doStart(781)) - Started o.e.j.s.ServletContextHandler@1457fde{/logs,file:///workdir/hadoop-ozone/ozonefs/target/log,AVAILABLE}
2019-09-26 21:18:37,334 [JUnit] INFO  handler.ContextHandler (ContextHandler.java:doStart(781)) - Started o.e.j.s.ServletContextHandler@17fa1336{/static,jar:file:/home/user/.m2/repository/org/apache/hadoop/hadoop-hdds-container-service/0.5.0-SNAPSHOT/hadoop-hdds-container-service-0.5.0-SNAPSHOT.jar!/webapps/static,AVAILABLE}
2019-09-26 21:18:37,362 [JUnit] INFO  handler.ContextHandler (ContextHandler.java:doStart(781)) - Started o.e.j.w.WebAppContext@142213d5{/,file:///tmp/jetty-0.0.0.0-46298-hddsDatanode-_-any-5536813555417490281.dir/webapp/,AVAILABLE}{/hddsDatanode}
2019-09-26 21:18:37,363 [JUnit] INFO  server.AbstractConnector (AbstractConnector.java:doStart(278)) - Started ServerConnector@934b52f{HTTP/1.1,[http/1.1]}{0.0.0.0:46298}
2019-09-26 21:18:37,364 [JUnit] INFO  server.Server (Server.java:doStart(419)) - Started @5897ms
2019-09-26 21:18:37,364 [JUnit] WARN  impl.MetricsSystemImpl (MetricsSystemImpl.java:register(276)) - Sink prometheus already exists!
2019-09-26 21:18:37,366 [JUnit] INFO  server.BaseHttpServer (BaseHttpServer.java:updateConnectorAddress(215)) - HTTP server of HDDSDATANODE is listening at http://0.0.0.0:46298
2019-09-26 21:18:37,366 [JUnit] INFO  impl.MetricsSystemImpl (MetricsSystemImpl.java:init(158)) - HddsDatanode metrics system started (again)
2019-09-26 21:18:37,369 [JUnit] INFO  ozone.HddsDatanodeService (HddsDatanodeService.java:start(184)) - HddsDatanodeService host:pr-hdds-1569-g6sp5-2013761785 ip:192.168.151.99
2019-09-26 21:18:37,369 [org.apache.hadoop.util.JvmPauseMonitor$Monitor@10aabb78] INFO  util.JvmPauseMonitor (JvmPauseMonitor.java:run(188)) - Starting JVM pause monitor
2019-09-26 21:18:37,378 [JUnit] INFO  volume.HddsVolume (HddsVolume.java:<init>(176)) - Creating Volume: /workdir/hadoop-ozone/ozonefs/target/test-dir/MiniOzoneClusterImpl-5b64906c-d720-4906-b30c-b6d56a2122fd/datanode-2/data/containers/hdds of  storage type : DISK and capacity : 1482555576320
2019-09-26 21:18:37,379 [JUnit] INFO  volume.VolumeSet (VolumeSet.java:initializeVolumeSet(170)) - Added Volume : /workdir/hadoop-ozone/ozonefs/target/test-dir/MiniOzoneClusterImpl-5b64906c-d720-4906-b30c-b6d56a2122fd/datanode-2/data/containers/hdds to VolumeSet
2019-09-26 21:18:37,379 [JUnit] INFO  volume.ThrottledAsyncChecker (ThrottledAsyncChecker.java:schedule(139)) - Scheduling a check for org.apache.hadoop.ozone.container.common.volume.HddsVolume@48b4a043
2019-09-26 21:18:37,380 [JUnit] INFO  volume.HddsVolumeChecker (HddsVolumeChecker.java:checkAllVolumes(202)) - Scheduled health check for volume org.apache.hadoop.ozone.container.common.volume.HddsVolume@48b4a043
2019-09-26 21:18:37,404 [JUnit] INFO  impl.RaftServerProxy (ConfUtils.java:logGet(43)) - raft.rpc.type = GRPC (default)
2019-09-26 21:18:37,404 [JUnit] INFO  grpc.GrpcFactory (GrpcFactory.java:checkPooledByteBufAllocatorUseCacheForAllThreads(45)) - PERFORMANCE WARNING: useCacheForAllThreads is true that may cause Netty to create a lot garbage objects and, as a result, trigger GC.
	It is recommended to disable useCacheForAllThreads by setting -Dorg.apache.ratis.thirdparty.io.netty.allocator.useCacheForAllThreads=false in command line.
2019-09-26 21:18:37,405 [JUnit] INFO  grpc.GrpcConfigKeys$Server (ConfUtils.java:logGet(43)) - raft.grpc.server.port = 0 (default)
2019-09-26 21:18:37,405 [JUnit] INFO  server.GrpcService (ConfUtils.java:logGet(43)) - raft.grpc.message.size.max = 33570816 (custom)
2019-09-26 21:18:37,405 [JUnit] INFO  server.RaftServerConfigKeys (ConfUtils.java:logGet(43)) - raft.server.log.appender.buffer.byte-limit = 33554432 (custom)
2019-09-26 21:18:37,405 [JUnit] INFO  server.GrpcService (ConfUtils.java:logGet(43)) - raft.grpc.flow.control.window = 1MB (=1048576) (default)
2019-09-26 21:18:37,406 [JUnit] INFO  server.RaftServerConfigKeys (ConfUtils.java:logGet(43)) - raft.server.rpc.request.timeout = 3000ms (default)
2019-09-26 21:18:37,406 [JUnit] INFO  server.RaftServerConfigKeys (ConfUtils.java:logGet(43)) - raft.server.storage.dir = [/workdir/hadoop-ozone/ozonefs/target/test-dir/MiniOzoneClusterImpl-5b64906c-d720-4906-b30c-b6d56a2122fd/datanode-2/data/ratis] (custom)
2019-09-26 21:18:37,408 [JUnit] INFO  hdfs.DFSUtil (DFSUtil.java:httpServerTemplateForNNAndJN(1641)) - Starting Web-server for hddsDatanode at: http://0.0.0.0:0
2019-09-26 21:18:37,410 [JUnit] INFO  server.AuthenticationFilter (AuthenticationFilter.java:constructSecretProvider(240)) - Unable to initialize FileSignerSecretProvider, falling back to use random secrets.
2019-09-26 21:18:37,411 [JUnit] WARN  http.HttpRequestLog (HttpRequestLog.java:getRequestLog(97)) - Jetty request log can only be enabled using Log4j
2019-09-26 21:18:37,413 [JUnit] INFO  http.HttpServer2 (HttpServer2.java:addGlobalFilter(975)) - Added global filter 'safety' (class=org.apache.hadoop.http.HttpServer2$QuotingInputFilter)
2019-09-26 21:18:37,414 [JUnit] INFO  http.HttpServer2 (HttpServer2.java:addFilter(948)) - Added filter static_user_filter (class=org.apache.hadoop.http.lib.StaticUserWebFilter$StaticUserFilter) to context hddsDatanode
2019-09-26 21:18:37,414 [JUnit] INFO  http.HttpServer2 (HttpServer2.java:addFilter(958)) - Added filter static_user_filter (class=org.apache.hadoop.http.lib.StaticUserWebFilter$StaticUserFilter) to context static
2019-09-26 21:18:37,414 [JUnit] INFO  http.HttpServer2 (HttpServer2.java:addFilter(958)) - Added filter static_user_filter (class=org.apache.hadoop.http.lib.StaticUserWebFilter$StaticUserFilter) to context logs
2019-09-26 21:18:37,415 [JUnit] INFO  http.HttpServer2 (HttpServer2.java:bindListener(1191)) - Jetty bound to port 36022
2019-09-26 21:18:37,415 [JUnit] INFO  server.Server (Server.java:doStart(351)) - jetty-9.3.25.v20180904, build timestamp: 2018-09-04T21:11:46Z, git hash: 3ce520221d0240229c862b122d2b06c12a625732
2019-09-26 21:18:37,417 [JUnit] INFO  handler.ContextHandler (ContextHandler.java:doStart(781)) - Started o.e.j.s.ServletContextHandler@75de6341{/logs,file:///workdir/hadoop-ozone/ozonefs/target/log,AVAILABLE}
2019-09-26 21:18:37,419 [JUnit] INFO  handler.ContextHandler (ContextHandler.java:doStart(781)) - Started o.e.j.s.ServletContextHandler@68f0f72c{/static,jar:file:/home/user/.m2/repository/org/apache/hadoop/hadoop-hdds-container-service/0.5.0-SNAPSHOT/hadoop-hdds-container-service-0.5.0-SNAPSHOT.jar!/webapps/static,AVAILABLE}
2019-09-26 21:18:37,423 [Datanode State Machine Thread - 0] INFO  datanode.InitDatanodeState (InitDatanodeState.java:persistContainerDatanodeDetails(140)) - DatanodeDetails is persisted to /workdir/hadoop-ozone/ozonefs/target/test-dir/MiniOzoneClusterImpl-5b64906c-d720-4906-b30c-b6d56a2122fd/datanode-0/meta/datanode.id
2019-09-26 21:18:37,428 [Datanode State Machine Thread - 0] INFO  datanode.InitDatanodeState (InitDatanodeState.java:persistContainerDatanodeDetails(140)) - DatanodeDetails is persisted to /workdir/hadoop-ozone/ozonefs/target/test-dir/MiniOzoneClusterImpl-5b64906c-d720-4906-b30c-b6d56a2122fd/datanode-1/meta/datanode.id
2019-09-26 21:18:37,449 [JUnit] INFO  handler.ContextHandler (ContextHandler.java:doStart(781)) - Started o.e.j.w.WebAppContext@788ddc1f{/,file:///tmp/jetty-0.0.0.0-36022-hddsDatanode-_-any-8482785309221011876.dir/webapp/,AVAILABLE}{/hddsDatanode}
2019-09-26 21:18:37,450 [JUnit] INFO  server.AbstractConnector (AbstractConnector.java:doStart(278)) - Started ServerConnector@2dc3271b{HTTP/1.1,[http/1.1]}{0.0.0.0:36022}
2019-09-26 21:18:37,450 [JUnit] INFO  server.Server (Server.java:doStart(419)) - Started @5984ms
2019-09-26 21:18:37,452 [JUnit] WARN  impl.MetricsSystemImpl (MetricsSystemImpl.java:register(276)) - Sink prometheus already exists!
2019-09-26 21:18:37,452 [JUnit] INFO  server.BaseHttpServer (BaseHttpServer.java:updateConnectorAddress(215)) - HTTP server of HDDSDATANODE is listening at http://0.0.0.0:36022
2019-09-26 21:18:37,453 [JUnit] INFO  impl.MetricsSystemImpl (MetricsSystemImpl.java:init(158)) - HddsDatanode metrics system started (again)
2019-09-26 21:18:37,456 [JUnit] INFO  ozone.HddsDatanodeService (HddsDatanodeService.java:start(184)) - HddsDatanodeService host:pr-hdds-1569-g6sp5-2013761785 ip:192.168.151.99
2019-09-26 21:18:37,456 [org.apache.hadoop.util.JvmPauseMonitor$Monitor@f73fcf1] INFO  util.JvmPauseMonitor (JvmPauseMonitor.java:run(188)) - Starting JVM pause monitor
2019-09-26 21:18:37,459 [Datanode State Machine Thread - 0] INFO  datanode.InitDatanodeState (InitDatanodeState.java:persistContainerDatanodeDetails(140)) - DatanodeDetails is persisted to /workdir/hadoop-ozone/ozonefs/target/test-dir/MiniOzoneClusterImpl-5b64906c-d720-4906-b30c-b6d56a2122fd/datanode-2/meta/datanode.id
2019-09-26 21:18:37,465 [JUnit] INFO  volume.HddsVolume (HddsVolume.java:<init>(176)) - Creating Volume: /workdir/hadoop-ozone/ozonefs/target/test-dir/MiniOzoneClusterImpl-5b64906c-d720-4906-b30c-b6d56a2122fd/datanode-3/data/containers/hdds of  storage type : DISK and capacity : 1482555576320
2019-09-26 21:18:37,465 [JUnit] INFO  volume.VolumeSet (VolumeSet.java:initializeVolumeSet(170)) - Added Volume : /workdir/hadoop-ozone/ozonefs/target/test-dir/MiniOzoneClusterImpl-5b64906c-d720-4906-b30c-b6d56a2122fd/datanode-3/data/containers/hdds to VolumeSet
2019-09-26 21:18:37,465 [JUnit] INFO  volume.ThrottledAsyncChecker (ThrottledAsyncChecker.java:schedule(139)) - Scheduling a check for org.apache.hadoop.ozone.container.common.volume.HddsVolume@38b8b6c0
2019-09-26 21:18:37,466 [JUnit] INFO  volume.HddsVolumeChecker (HddsVolumeChecker.java:checkAllVolumes(202)) - Scheduled health check for volume org.apache.hadoop.ozone.container.common.volume.HddsVolume@38b8b6c0
2019-09-26 21:18:37,485 [JUnit] INFO  impl.RaftServerProxy (ConfUtils.java:logGet(43)) - raft.rpc.type = GRPC (default)
2019-09-26 21:18:37,485 [JUnit] INFO  grpc.GrpcFactory (GrpcFactory.java:checkPooledByteBufAllocatorUseCacheForAllThreads(45)) - PERFORMANCE WARNING: useCacheForAllThreads is true that may cause Netty to create a lot garbage objects and, as a result, trigger GC.
	It is recommended to disable useCacheForAllThreads by setting -Dorg.apache.ratis.thirdparty.io.netty.allocator.useCacheForAllThreads=false in command line.
2019-09-26 21:18:37,486 [JUnit] INFO  grpc.GrpcConfigKeys$Server (ConfUtils.java:logGet(43)) - raft.grpc.server.port = 0 (default)
2019-09-26 21:18:37,486 [JUnit] INFO  server.GrpcService (ConfUtils.java:logGet(43)) - raft.grpc.message.size.max = 33570816 (custom)
2019-09-26 21:18:37,486 [JUnit] INFO  server.RaftServerConfigKeys (ConfUtils.java:logGet(43)) - raft.server.log.appender.buffer.byte-limit = 33554432 (custom)
2019-09-26 21:18:37,486 [JUnit] INFO  server.GrpcService (ConfUtils.java:logGet(43)) - raft.grpc.flow.control.window = 1MB (=1048576) (default)
2019-09-26 21:18:37,487 [JUnit] INFO  server.RaftServerConfigKeys (ConfUtils.java:logGet(43)) - raft.server.rpc.request.timeout = 3000ms (default)
2019-09-26 21:18:37,487 [JUnit] INFO  server.RaftServerConfigKeys (ConfUtils.java:logGet(43)) - raft.server.storage.dir = [/workdir/hadoop-ozone/ozonefs/target/test-dir/MiniOzoneClusterImpl-5b64906c-d720-4906-b30c-b6d56a2122fd/datanode-3/data/ratis] (custom)
2019-09-26 21:18:37,489 [JUnit] INFO  hdfs.DFSUtil (DFSUtil.java:httpServerTemplateForNNAndJN(1641)) - Starting Web-server for hddsDatanode at: http://0.0.0.0:0
2019-09-26 21:18:37,490 [JUnit] INFO  server.AuthenticationFilter (AuthenticationFilter.java:constructSecretProvider(240)) - Unable to initialize FileSignerSecretProvider, falling back to use random secrets.
2019-09-26 21:18:37,490 [JUnit] WARN  http.HttpRequestLog (HttpRequestLog.java:getRequestLog(97)) - Jetty request log can only be enabled using Log4j
2019-09-26 21:18:37,492 [JUnit] INFO  http.HttpServer2 (HttpServer2.java:addGlobalFilter(975)) - Added global filter 'safety' (class=org.apache.hadoop.http.HttpServer2$QuotingInputFilter)
2019-09-26 21:18:37,493 [JUnit] INFO  http.HttpServer2 (HttpServer2.java:addFilter(948)) - Added filter static_user_filter (class=org.apache.hadoop.http.lib.StaticUserWebFilter$StaticUserFilter) to context hddsDatanode
2019-09-26 21:18:37,493 [JUnit] INFO  http.HttpServer2 (HttpServer2.java:addFilter(958)) - Added filter static_user_filter (class=org.apache.hadoop.http.lib.StaticUserWebFilter$StaticUserFilter) to context static
2019-09-26 21:18:37,493 [JUnit] INFO  http.HttpServer2 (HttpServer2.java:addFilter(958)) - Added filter static_user_filter (class=org.apache.hadoop.http.lib.StaticUserWebFilter$StaticUserFilter) to context logs
2019-09-26 21:18:37,494 [JUnit] INFO  http.HttpServer2 (HttpServer2.java:bindListener(1191)) - Jetty bound to port 44790
2019-09-26 21:18:37,494 [JUnit] INFO  server.Server (Server.java:doStart(351)) - jetty-9.3.25.v20180904, build timestamp: 2018-09-04T21:11:46Z, git hash: 3ce520221d0240229c862b122d2b06c12a625732
2019-09-26 21:18:37,498 [JUnit] INFO  handler.ContextHandler (ContextHandler.java:doStart(781)) - Started o.e.j.s.ServletContextHandler@58434b19{/logs,file:///workdir/hadoop-ozone/ozonefs/target/log,AVAILABLE}
2019-09-26 21:18:37,499 [JUnit] INFO  handler.ContextHandler (ContextHandler.java:doStart(781)) - Started o.e.j.s.ServletContextHandler@7dbe2ebf{/static,jar:file:/home/user/.m2/repository/org/apache/hadoop/hadoop-hdds-container-service/0.5.0-SNAPSHOT/hadoop-hdds-container-service-0.5.0-SNAPSHOT.jar!/webapps/static,AVAILABLE}
2019-09-26 21:18:37,527 [JUnit] INFO  handler.ContextHandler (ContextHandler.java:doStart(781)) - Started o.e.j.w.WebAppContext@3c74aa0d{/,file:///tmp/jetty-0.0.0.0-44790-hddsDatanode-_-any-8814822568778615974.dir/webapp/,AVAILABLE}{/hddsDatanode}
2019-09-26 21:18:37,527 [JUnit] INFO  server.AbstractConnector (AbstractConnector.java:doStart(278)) - Started ServerConnector@6c841199{HTTP/1.1,[http/1.1]}{0.0.0.0:44790}
2019-09-26 21:18:37,528 [JUnit] INFO  server.Server (Server.java:doStart(419)) - Started @6062ms
2019-09-26 21:18:37,528 [JUnit] WARN  impl.MetricsSystemImpl (MetricsSystemImpl.java:register(276)) - Sink prometheus already exists!
2019-09-26 21:18:37,530 [JUnit] INFO  server.BaseHttpServer (BaseHttpServer.java:updateConnectorAddress(215)) - HTTP server of HDDSDATANODE is listening at http://0.0.0.0:44790
2019-09-26 21:18:37,530 [JUnit] INFO  impl.MetricsSystemImpl (MetricsSystemImpl.java:init(158)) - HddsDatanode metrics system started (again)
2019-09-26 21:18:37,533 [JUnit] INFO  ozone.HddsDatanodeService (HddsDatanodeService.java:start(184)) - HddsDatanodeService host:pr-hdds-1569-g6sp5-2013761785 ip:192.168.151.99
2019-09-26 21:18:37,534 [org.apache.hadoop.util.JvmPauseMonitor$Monitor@29aa7e31] INFO  util.JvmPauseMonitor (JvmPauseMonitor.java:run(188)) - Starting JVM pause monitor
2019-09-26 21:18:37,537 [Datanode State Machine Thread - 0] INFO  datanode.InitDatanodeState (InitDatanodeState.java:persistContainerDatanodeDetails(140)) - DatanodeDetails is persisted to /workdir/hadoop-ozone/ozonefs/target/test-dir/MiniOzoneClusterImpl-5b64906c-d720-4906-b30c-b6d56a2122fd/datanode-3/meta/datanode.id
2019-09-26 21:18:37,543 [JUnit] INFO  volume.HddsVolume (HddsVolume.java:<init>(176)) - Creating Volume: /workdir/hadoop-ozone/ozonefs/target/test-dir/MiniOzoneClusterImpl-5b64906c-d720-4906-b30c-b6d56a2122fd/datanode-4/data/containers/hdds of  storage type : DISK and capacity : 1482555576320
2019-09-26 21:18:37,543 [JUnit] INFO  volume.VolumeSet (VolumeSet.java:initializeVolumeSet(170)) - Added Volume : /workdir/hadoop-ozone/ozonefs/target/test-dir/MiniOzoneClusterImpl-5b64906c-d720-4906-b30c-b6d56a2122fd/datanode-4/data/containers/hdds to VolumeSet
2019-09-26 21:18:37,543 [JUnit] INFO  volume.ThrottledAsyncChecker (ThrottledAsyncChecker.java:schedule(139)) - Scheduling a check for org.apache.hadoop.ozone.container.common.volume.HddsVolume@2d64160c
2019-09-26 21:18:37,544 [JUnit] INFO  volume.HddsVolumeChecker (HddsVolumeChecker.java:checkAllVolumes(202)) - Scheduled health check for volume org.apache.hadoop.ozone.container.common.volume.HddsVolume@2d64160c
2019-09-26 21:18:37,565 [JUnit] INFO  impl.RaftServerProxy (ConfUtils.java:logGet(43)) - raft.rpc.type = GRPC (default)
2019-09-26 21:18:37,565 [JUnit] INFO  grpc.GrpcFactory (GrpcFactory.java:checkPooledByteBufAllocatorUseCacheForAllThreads(45)) - PERFORMANCE WARNING: useCacheForAllThreads is true that may cause Netty to create a lot garbage objects and, as a result, trigger GC.
	It is recommended to disable useCacheForAllThreads by setting -Dorg.apache.ratis.thirdparty.io.netty.allocator.useCacheForAllThreads=false in command line.
2019-09-26 21:18:37,565 [JUnit] INFO  grpc.GrpcConfigKeys$Server (ConfUtils.java:logGet(43)) - raft.grpc.server.port = 0 (default)
2019-09-26 21:18:37,565 [JUnit] INFO  server.GrpcService (ConfUtils.java:logGet(43)) - raft.grpc.message.size.max = 33570816 (custom)
2019-09-26 21:18:37,566 [JUnit] INFO  server.RaftServerConfigKeys (ConfUtils.java:logGet(43)) - raft.server.log.appender.buffer.byte-limit = 33554432 (custom)
2019-09-26 21:18:37,566 [JUnit] INFO  server.GrpcService (ConfUtils.java:logGet(43)) - raft.grpc.flow.control.window = 1MB (=1048576) (default)
2019-09-26 21:18:37,566 [JUnit] INFO  server.RaftServerConfigKeys (ConfUtils.java:logGet(43)) - raft.server.rpc.request.timeout = 3000ms (default)
2019-09-26 21:18:37,567 [JUnit] INFO  server.RaftServerConfigKeys (ConfUtils.java:logGet(43)) - raft.server.storage.dir = [/workdir/hadoop-ozone/ozonefs/target/test-dir/MiniOzoneClusterImpl-5b64906c-d720-4906-b30c-b6d56a2122fd/datanode-4/data/ratis] (custom)
2019-09-26 21:18:37,568 [JUnit] INFO  hdfs.DFSUtil (DFSUtil.java:httpServerTemplateForNNAndJN(1641)) - Starting Web-server for hddsDatanode at: http://0.0.0.0:0
2019-09-26 21:18:37,570 [JUnit] INFO  server.AuthenticationFilter (AuthenticationFilter.java:constructSecretProvider(240)) - Unable to initialize FileSignerSecretProvider, falling back to use random secrets.
2019-09-26 21:18:37,570 [JUnit] WARN  http.HttpRequestLog (HttpRequestLog.java:getRequestLog(97)) - Jetty request log can only be enabled using Log4j
2019-09-26 21:18:37,572 [JUnit] INFO  http.HttpServer2 (HttpServer2.java:addGlobalFilter(975)) - Added global filter 'safety' (class=org.apache.hadoop.http.HttpServer2$QuotingInputFilter)
2019-09-26 21:18:37,573 [JUnit] INFO  http.HttpServer2 (HttpServer2.java:addFilter(948)) - Added filter static_user_filter (class=org.apache.hadoop.http.lib.StaticUserWebFilter$StaticUserFilter) to context hddsDatanode
2019-09-26 21:18:37,573 [JUnit] INFO  http.HttpServer2 (HttpServer2.java:addFilter(958)) - Added filter static_user_filter (class=org.apache.hadoop.http.lib.StaticUserWebFilter$StaticUserFilter) to context logs
2019-09-26 21:18:37,573 [JUnit] INFO  http.HttpServer2 (HttpServer2.java:addFilter(958)) - Added filter static_user_filter (class=org.apache.hadoop.http.lib.StaticUserWebFilter$StaticUserFilter) to context static
2019-09-26 21:18:37,574 [JUnit] INFO  http.HttpServer2 (HttpServer2.java:bindListener(1191)) - Jetty bound to port 41132
2019-09-26 21:18:37,574 [JUnit] INFO  server.Server (Server.java:doStart(351)) - jetty-9.3.25.v20180904, build timestamp: 2018-09-04T21:11:46Z, git hash: 3ce520221d0240229c862b122d2b06c12a625732
2019-09-26 21:18:37,576 [JUnit] INFO  handler.ContextHandler (ContextHandler.java:doStart(781)) - Started o.e.j.s.ServletContextHandler@37b52340{/logs,file:///workdir/hadoop-ozone/ozonefs/target/log,AVAILABLE}
2019-09-26 21:18:37,577 [JUnit] INFO  handler.ContextHandler (ContextHandler.java:doStart(781)) - Started o.e.j.s.ServletContextHandler@2f4e40d7{/static,jar:file:/home/user/.m2/repository/org/apache/hadoop/hadoop-hdds-container-service/0.5.0-SNAPSHOT/hadoop-hdds-container-service-0.5.0-SNAPSHOT.jar!/webapps/static,AVAILABLE}
2019-09-26 21:18:37,605 [JUnit] INFO  handler.ContextHandler (ContextHandler.java:doStart(781)) - Started o.e.j.w.WebAppContext@4cc36c19{/,file:///tmp/jetty-0.0.0.0-41132-hddsDatanode-_-any-3075940868115074538.dir/webapp/,AVAILABLE}{/hddsDatanode}
2019-09-26 21:18:37,606 [JUnit] INFO  server.AbstractConnector (AbstractConnector.java:doStart(278)) - Started ServerConnector@5a3a1bf9{HTTP/1.1,[http/1.1]}{0.0.0.0:41132}
2019-09-26 21:18:37,607 [JUnit] INFO  server.Server (Server.java:doStart(419)) - Started @6140ms
2019-09-26 21:18:37,607 [JUnit] WARN  impl.MetricsSystemImpl (MetricsSystemImpl.java:register(276)) - Sink prometheus already exists!
2019-09-26 21:18:37,607 [JUnit] INFO  server.BaseHttpServer (BaseHttpServer.java:updateConnectorAddress(215)) - HTTP server of HDDSDATANODE is listening at http://0.0.0.0:41132
2019-09-26 21:18:37,609 [JUnit] INFO  ozone.MiniOzoneClusterImpl (MiniOzoneClusterImpl.java:lambda$waitForClusterToBeReady$0(147)) - Waiting for cluster to be ready. Got 0 of 5 DN Heartbeats.
2019-09-26 21:18:37,611 [org.apache.hadoop.util.JvmPauseMonitor$Monitor@3d307240] INFO  util.JvmPauseMonitor (JvmPauseMonitor.java:run(188)) - Starting JVM pause monitor
2019-09-26 21:18:37,615 [Datanode State Machine Thread - 0] INFO  datanode.InitDatanodeState (InitDatanodeState.java:persistContainerDatanodeDetails(140)) - DatanodeDetails is persisted to /workdir/hadoop-ozone/ozonefs/target/test-dir/MiniOzoneClusterImpl-5b64906c-d720-4906-b30c-b6d56a2122fd/datanode-4/meta/datanode.id
2019-09-26 21:18:38,610 [JUnit] INFO  ozone.MiniOzoneClusterImpl (MiniOzoneClusterImpl.java:lambda$waitForClusterToBeReady$0(147)) - Waiting for cluster to be ready. Got 0 of 5 DN Heartbeats.
2019-09-26 21:18:39,343 [Datanode State Machine Thread - 0] INFO  ozoneimpl.OzoneContainer (OzoneContainer.java:start(217)) - Attempting to start container services.
2019-09-26 21:18:39,345 [Datanode State Machine Thread - 0] INFO  ozoneimpl.OzoneContainer (OzoneContainer.java:startContainerScrub(179)) - Background container scanner has been disabled.
2019-09-26 21:18:39,346 [Datanode State Machine Thread - 0] INFO  ratis.XceiverServerRatis (XceiverServerRatis.java:start(411)) - Starting XceiverServerRatis 9ce0b59e-153f-4f41-8aed-492a76d80b48 at port 0
2019-09-26 21:18:39,366 [Datanode State Machine Thread - 0] INFO  impl.RaftServerProxy (RaftServerProxy.java:lambda$start$3(299)) - 9ce0b59e-153f-4f41-8aed-492a76d80b48: start RPC server
2019-09-26 21:18:39,387 [Datanode State Machine Thread - 0] INFO  ozoneimpl.OzoneContainer (OzoneContainer.java:start(217)) - Attempting to start container services.
2019-09-26 21:18:39,393 [Datanode State Machine Thread - 0] INFO  ozoneimpl.OzoneContainer (OzoneContainer.java:startContainerScrub(179)) - Background container scanner has been disabled.
2019-09-26 21:18:39,393 [Datanode State Machine Thread - 0] INFO  ratis.XceiverServerRatis (XceiverServerRatis.java:start(411)) - Starting XceiverServerRatis 1178c3ae-d0b4-4d44-b144-fe8504cc41ac at port 0
2019-09-26 21:18:39,404 [Datanode State Machine Thread - 0] INFO  impl.RaftServerProxy (RaftServerProxy.java:lambda$start$3(299)) - 1178c3ae-d0b4-4d44-b144-fe8504cc41ac: start RPC server
2019-09-26 21:18:39,477 [Datanode State Machine Thread - 0] INFO  ozoneimpl.OzoneContainer (OzoneContainer.java:start(217)) - Attempting to start container services.
2019-09-26 21:18:39,479 [Datanode State Machine Thread - 0] INFO  ozoneimpl.OzoneContainer (OzoneContainer.java:startContainerScrub(179)) - Background container scanner has been disabled.
2019-09-26 21:18:39,479 [Datanode State Machine Thread - 0] INFO  ratis.XceiverServerRatis (XceiverServerRatis.java:start(411)) - Starting XceiverServerRatis 09112efe-1fad-4539-a04f-c96aef6d2351 at port 0
2019-09-26 21:18:39,489 [Datanode State Machine Thread - 0] INFO  impl.RaftServerProxy (RaftServerProxy.java:lambda$start$3(299)) - 09112efe-1fad-4539-a04f-c96aef6d2351: start RPC server
2019-09-26 21:18:39,547 [Datanode State Machine Thread - 0] INFO  server.GrpcService (GrpcService.java:startImpl(158)) - 09112efe-1fad-4539-a04f-c96aef6d2351: GrpcService started, listening on 0.0.0.0/0.0.0.0:45286
2019-09-26 21:18:39,547 [Datanode State Machine Thread - 0] INFO  server.GrpcService (GrpcService.java:startImpl(158)) - 1178c3ae-d0b4-4d44-b144-fe8504cc41ac: GrpcService started, listening on 0.0.0.0/0.0.0.0:33787
2019-09-26 21:18:39,547 [Datanode State Machine Thread - 0] INFO  server.GrpcService (GrpcService.java:startImpl(158)) - 9ce0b59e-153f-4f41-8aed-492a76d80b48: GrpcService started, listening on 0.0.0.0/0.0.0.0:34156
2019-09-26 21:18:39,548 [Datanode State Machine Thread - 0] INFO  ratis.XceiverServerRatis (XceiverServerRatis.java:start(421)) - XceiverServerRatis 1178c3ae-d0b4-4d44-b144-fe8504cc41ac is started using port 33787
2019-09-26 21:18:39,548 [Datanode State Machine Thread - 0] INFO  ratis.XceiverServerRatis (XceiverServerRatis.java:start(421)) - XceiverServerRatis 09112efe-1fad-4539-a04f-c96aef6d2351 is started using port 45286
2019-09-26 21:18:39,548 [Datanode State Machine Thread - 0] INFO  ratis.XceiverServerRatis (XceiverServerRatis.java:start(421)) - XceiverServerRatis 9ce0b59e-153f-4f41-8aed-492a76d80b48 is started using port 34156
2019-09-26 21:18:39,553 [Datanode State Machine Thread - 0] INFO  ozoneimpl.OzoneContainer (OzoneContainer.java:start(217)) - Attempting to start container services.
2019-09-26 21:18:39,556 [Datanode State Machine Thread - 0] INFO  ozoneimpl.OzoneContainer (OzoneContainer.java:startContainerScrub(179)) - Background container scanner has been disabled.
2019-09-26 21:18:39,556 [Datanode State Machine Thread - 0] INFO  ratis.XceiverServerRatis (XceiverServerRatis.java:start(411)) - Starting XceiverServerRatis 0c640f50-2bc9-49b6-b785-a27e3116e6ba at port 0
2019-09-26 21:18:39,557 [Datanode State Machine Thread - 0] INFO  server.XceiverServerGrpc (XceiverServerGrpc.java:start(149)) - XceiverServerGrpc 9ce0b59e-153f-4f41-8aed-492a76d80b48 is started using port 42378
2019-09-26 21:18:39,557 [Datanode State Machine Thread - 0] INFO  server.XceiverServerGrpc (XceiverServerGrpc.java:start(149)) - XceiverServerGrpc 1178c3ae-d0b4-4d44-b144-fe8504cc41ac is started using port 39670
2019-09-26 21:18:39,557 [Datanode State Machine Thread - 0] INFO  server.XceiverServerGrpc (XceiverServerGrpc.java:start(149)) - XceiverServerGrpc 09112efe-1fad-4539-a04f-c96aef6d2351 is started using port 42563
2019-09-26 21:18:39,576 [Datanode State Machine Thread - 0] INFO  impl.RaftServerProxy (RaftServerProxy.java:lambda$start$3(299)) - 0c640f50-2bc9-49b6-b785-a27e3116e6ba: start RPC server
2019-09-26 21:18:39,579 [Datanode State Machine Thread - 0] INFO  server.GrpcService (GrpcService.java:startImpl(158)) - 0c640f50-2bc9-49b6-b785-a27e3116e6ba: GrpcService started, listening on 0.0.0.0/0.0.0.0:42361
2019-09-26 21:18:39,579 [Datanode State Machine Thread - 0] INFO  ratis.XceiverServerRatis (XceiverServerRatis.java:start(421)) - XceiverServerRatis 0c640f50-2bc9-49b6-b785-a27e3116e6ba is started using port 42361
2019-09-26 21:18:39,582 [Datanode State Machine Thread - 0] INFO  server.XceiverServerGrpc (XceiverServerGrpc.java:start(149)) - XceiverServerGrpc 0c640f50-2bc9-49b6-b785-a27e3116e6ba is started using port 43071
2019-09-26 21:18:39,610 [JUnit] INFO  ozone.MiniOzoneClusterImpl (MiniOzoneClusterImpl.java:lambda$waitForClusterToBeReady$0(147)) - Waiting for cluster to be ready. Got 0 of 5 DN Heartbeats.
2019-09-26 21:18:39,627 [Datanode State Machine Thread - 0] INFO  ozoneimpl.OzoneContainer (OzoneContainer.java:start(217)) - Attempting to start container services.
2019-09-26 21:18:39,634 [Datanode State Machine Thread - 0] INFO  ozoneimpl.OzoneContainer (OzoneContainer.java:startContainerScrub(179)) - Background container scanner has been disabled.
2019-09-26 21:18:39,634 [Datanode State Machine Thread - 0] INFO  ratis.XceiverServerRatis (XceiverServerRatis.java:start(411)) - Starting XceiverServerRatis da833d8d-e72a-4068-9560-4daa2d83adc2 at port 0
2019-09-26 21:18:39,641 [Datanode State Machine Thread - 0] INFO  impl.RaftServerProxy (RaftServerProxy.java:lambda$start$3(299)) - da833d8d-e72a-4068-9560-4daa2d83adc2: start RPC server
2019-09-26 21:18:39,645 [Datanode State Machine Thread - 0] INFO  server.GrpcService (GrpcService.java:startImpl(158)) - da833d8d-e72a-4068-9560-4daa2d83adc2: GrpcService started, listening on 0.0.0.0/0.0.0.0:38903
2019-09-26 21:18:39,645 [Datanode State Machine Thread - 0] INFO  ratis.XceiverServerRatis (XceiverServerRatis.java:start(421)) - XceiverServerRatis da833d8d-e72a-4068-9560-4daa2d83adc2 is started using port 38903
2019-09-26 21:18:39,648 [Datanode State Machine Thread - 0] INFO  server.XceiverServerGrpc (XceiverServerGrpc.java:start(149)) - XceiverServerGrpc da833d8d-e72a-4068-9560-4daa2d83adc2 is started using port 45347
2019-09-26 21:18:40,611 [JUnit] INFO  ozone.MiniOzoneClusterImpl (MiniOzoneClusterImpl.java:lambda$waitForClusterToBeReady$0(147)) - Waiting for cluster to be ready. Got 0 of 5 DN Heartbeats.
2019-09-26 21:18:41,343 [IPC Server handler 17 on 38140] INFO  net.NetworkTopology (NetworkTopologyImpl.java:add(111)) - Added a new node: /default-rack/9ce0b59e-153f-4f41-8aed-492a76d80b48
2019-09-26 21:18:41,344 [IPC Server handler 17 on 38140] INFO  node.SCMNodeManager (SCMNodeManager.java:register(266)) - Registered Data node : 9ce0b59e-153f-4f41-8aed-492a76d80b48{ip: 192.168.151.99, host: pr-hdds-1569-g6sp5-2013761785, networkLocation: /default-rack, certSerialId: null}
2019-09-26 21:18:41,354 [EventQueue-NodeRegistrationContainerReportForDataNodeSafeModeRule] INFO  safemode.SCMSafeModeManager (DataNodeSafeModeRule.java:process(71)) - SCM in safe mode. 1 DataNodes registered, 1 required.
2019-09-26 21:18:41,355 [EventQueue-NodeRegistrationContainerReportForDataNodeSafeModeRule] INFO  safemode.SCMSafeModeManager (SCMSafeModeManager.java:validateSafeModeExitRules(177)) - ScmSafeModeManager, all rules are successfully validated
2019-09-26 21:18:41,355 [EventQueue-NodeRegistrationContainerReportForDataNodeSafeModeRule] INFO  safemode.SCMSafeModeManager (SCMSafeModeManager.java:exitSafeMode(193)) - SCM exiting safe mode.
2019-09-26 21:18:41,374 [IPC Server handler 14 on 38140] INFO  net.NetworkTopology (NetworkTopologyImpl.java:add(111)) - Added a new node: /default-rack/1178c3ae-d0b4-4d44-b144-fe8504cc41ac
2019-09-26 21:18:41,374 [IPC Server handler 14 on 38140] INFO  node.SCMNodeManager (SCMNodeManager.java:register(266)) - Registered Data node : 1178c3ae-d0b4-4d44-b144-fe8504cc41ac{ip: 192.168.151.99, host: pr-hdds-1569-g6sp5-2013761785, networkLocation: /default-rack, certSerialId: null}
2019-09-26 21:18:41,460 [IPC Server handler 15 on 38140] INFO  net.NetworkTopology (NetworkTopologyImpl.java:add(111)) - Added a new node: /default-rack/09112efe-1fad-4539-a04f-c96aef6d2351
2019-09-26 21:18:41,460 [IPC Server handler 15 on 38140] INFO  node.SCMNodeManager (SCMNodeManager.java:register(266)) - Registered Data node : 09112efe-1fad-4539-a04f-c96aef6d2351{ip: 192.168.151.99, host: pr-hdds-1569-g6sp5-2013761785, networkLocation: /default-rack, certSerialId: null}
2019-09-26 21:18:41,537 [IPC Server handler 19 on 38140] INFO  net.NetworkTopology (NetworkTopologyImpl.java:add(111)) - Added a new node: /default-rack/0c640f50-2bc9-49b6-b785-a27e3116e6ba
2019-09-26 21:18:41,538 [IPC Server handler 19 on 38140] INFO  node.SCMNodeManager (SCMNodeManager.java:register(266)) - Registered Data node : 0c640f50-2bc9-49b6-b785-a27e3116e6ba{ip: 192.168.151.99, host: pr-hdds-1569-g6sp5-2013761785, networkLocation: /default-rack, certSerialId: null}
2019-09-26 21:18:41,611 [JUnit] INFO  ozone.MiniOzoneClusterImpl (MiniOzoneClusterImpl.java:lambda$waitForClusterToBeReady$0(147)) - Waiting for cluster to be ready. Got 4 of 5 DN Heartbeats.
2019-09-26 21:18:41,614 [IPC Server handler 18 on 38140] INFO  net.NetworkTopology (NetworkTopologyImpl.java:add(111)) - Added a new node: /default-rack/da833d8d-e72a-4068-9560-4daa2d83adc2
2019-09-26 21:18:41,615 [IPC Server handler 18 on 38140] INFO  node.SCMNodeManager (SCMNodeManager.java:register(266)) - Registered Data node : da833d8d-e72a-4068-9560-4daa2d83adc2{ip: 192.168.151.99, host: pr-hdds-1569-g6sp5-2013761785, networkLocation: /default-rack, certSerialId: null}
2019-09-26 21:18:41,975 [grpc-default-executor-0] INFO  impl.RaftServerProxy (RaftServerProxy.java:addNew(89)) - 9ce0b59e-153f-4f41-8aed-492a76d80b48: addNew group-47FB47AAC5CB:[9ce0b59e-153f-4f41-8aed-492a76d80b48:192.168.151.99:34156] returns group-47FB47AAC5CB:java.util.concurrent.CompletableFuture@6d61da49[Not completed]
2019-09-26 21:18:42,006 [pool-27-thread-1] INFO  impl.RaftServerImpl (RaftServerImpl.java:<init>(95)) - 9ce0b59e-153f-4f41-8aed-492a76d80b48: new RaftServerImpl for group-47FB47AAC5CB:[9ce0b59e-153f-4f41-8aed-492a76d80b48:192.168.151.99:34156] with ContainerStateMachine:uninitialized
2019-09-26 21:18:42,009 [pool-27-thread-1] INFO  server.RaftServerConfigKeys (ConfUtils.java:logGet(43)) - raft.server.rpc.timeout.min = 5s (custom)
2019-09-26 21:18:42,010 [pool-27-thread-1] INFO  server.RaftServerConfigKeys (ConfUtils.java:logGet(43)) - raft.server.rpc.timeout.max = 5200ms (custom)
2019-09-26 21:18:42,011 [pool-27-thread-1] INFO  server.RaftServerConfigKeys (ConfUtils.java:logGet(43)) - raft.server.rpcslowness.timeout = 120s (custom)
2019-09-26 21:18:42,013 [pool-27-thread-1] INFO  server.RaftServerConfigKeys (ConfUtils.java:logGet(43)) - raft.server.sleep.deviation.threshold = 300 (default)
2019-09-26 21:18:42,014 [pool-27-thread-1] INFO  server.RaftServerConfigKeys (ConfUtils.java:logGet(43)) - raft.server.log.appender.install.snapshot.enabled = false (custom)
2019-09-26 21:18:42,024 [pool-27-thread-1] INFO  impl.RaftServerImpl (ServerState.java:<init>(103)) - 9ce0b59e-153f-4f41-8aed-492a76d80b48@group-47FB47AAC5CB: ConfigurationManager, init=-1: [9ce0b59e-153f-4f41-8aed-492a76d80b48:192.168.151.99:34156], old=null, confs=<EMPTY_MAP>
2019-09-26 21:18:42,025 [pool-27-thread-1] INFO  server.RaftServerConfigKeys (ConfUtils.java:logGet(43)) - raft.server.storage.dir = [/workdir/hadoop-ozone/ozonefs/target/test-dir/MiniOzoneClusterImpl-5b64906c-d720-4906-b30c-b6d56a2122fd/datanode-0/data/ratis] (custom)
2019-09-26 21:18:42,034 [pool-27-thread-1] INFO  storage.RaftStorageDirectory (RaftStorageDirectory.java:analyzeStorage(246)) - The storage directory /workdir/hadoop-ozone/ozonefs/target/test-dir/MiniOzoneClusterImpl-5b64906c-d720-4906-b30c-b6d56a2122fd/datanode-0/data/ratis/7a633475-9917-4777-9671-47fb47aac5cb does not exist. Creating ...
2019-09-26 21:18:42,054 [pool-27-thread-1] INFO  storage.RaftStorageDirectory (RaftStorageDirectory.java:tryLock(328)) - Lock on /workdir/hadoop-ozone/ozonefs/target/test-dir/MiniOzoneClusterImpl-5b64906c-d720-4906-b30c-b6d56a2122fd/datanode-0/data/ratis/7a633475-9917-4777-9671-47fb47aac5cb/in_use.lock acquired by nodename 10701@pr-hdds-1569-g6sp5-2013761785
2019-09-26 21:18:42,071 [pool-27-thread-1] INFO  storage.RaftStorage (RaftStorage.java:format(72)) - Storage directory /workdir/hadoop-ozone/ozonefs/target/test-dir/MiniOzoneClusterImpl-5b64906c-d720-4906-b30c-b6d56a2122fd/datanode-0/data/ratis/7a633475-9917-4777-9671-47fb47aac5cb has been successfully formatted.
2019-09-26 21:18:42,075 [pool-27-thread-1] INFO  ratis.ContainerStateMachine (ContainerStateMachine.java:loadSnapshot(230)) - group-47FB47AAC5CB: The snapshot info is null. Setting the last applied indexto:(t:0, i:~)
2019-09-26 21:18:42,076 [pool-27-thread-1] INFO  server.RaftServerConfigKeys (ConfUtils.java:logGet(43)) - raft.server.notification.no-leader.timeout = 120s (custom)
2019-09-26 21:18:42,079 [pool-27-thread-1] INFO  server.RaftServerConfigKeys (ConfUtils.java:logGet(43)) - raft.server.log.use.memory = false (default)
2019-09-26 21:18:42,088 [pool-27-thread-1] INFO  server.RaftServerConfigKeys (ConfUtils.java:logGet(43)) - raft.server.log.purge.gap = 1000000 (custom)
2019-09-26 21:18:42,088 [pool-27-thread-1] INFO  server.RaftServerConfigKeys (ConfUtils.java:logGet(43)) - raft.server.log.appender.buffer.byte-limit = 33554432 (custom)
2019-09-26 21:18:42,092 [pool-27-thread-1] INFO  server.RaftServerConfigKeys (ConfUtils.java:logGet(43)) - raft.server.log.segment.size.max = 1048576 (custom)
2019-09-26 21:18:42,099 [pool-27-thread-1] INFO  server.RaftServerConfigKeys (ConfUtils.java:logGet(43)) - raft.server.log.segment.cache.num.max = 2 (custom)
2019-09-26 21:18:42,107 [pool-27-thread-1] INFO  segmented.SegmentedRaftLogWorker (SegmentedRaftLogWorker.java:<init>(172)) - new 9ce0b59e-153f-4f41-8aed-492a76d80b48@group-47FB47AAC5CB-SegmentedRaftLogWorker for RaftStorage:Storage Directory /workdir/hadoop-ozone/ozonefs/target/test-dir/MiniOzoneClusterImpl-5b64906c-d720-4906-b30c-b6d56a2122fd/datanode-0/data/ratis/7a633475-9917-4777-9671-47fb47aac5cb
2019-09-26 21:18:42,109 [pool-27-thread-1] INFO  impl.MetricsSystemImpl (MetricsSystemImpl.java:init(158)) - ratis metrics system started (again)
2019-09-26 21:18:42,117 [pool-27-thread-1] INFO  metrics.MetricRegistries (MetricRegistriesLoader.java:load(64)) - Loaded MetricRegistries class org.apache.ratis.metrics.impl.MetricRegistriesImpl
2019-09-26 21:18:42,159 [pool-27-thread-1] INFO  server.RaftServerConfigKeys (ConfUtils.java:logGet(43)) - raft.server.log.queue.byte-limit = 2147483647 (custom)
2019-09-26 21:18:42,160 [pool-27-thread-1] INFO  server.RaftServerConfigKeys (ConfUtils.java:logGet(43)) - raft.server.log.queue.element-limit = 1024 (custom)
2019-09-26 21:18:42,164 [pool-27-thread-1] INFO  server.RaftServerConfigKeys (ConfUtils.java:logGet(43)) - raft.server.log.segment.size.max = 1048576 (custom)
2019-09-26 21:18:42,164 [pool-27-thread-1] INFO  server.RaftServerConfigKeys (ConfUtils.java:logGet(43)) - raft.server.log.preallocated.size = 16384 (custom)
2019-09-26 21:18:42,165 [pool-27-thread-1] INFO  server.RaftServerConfigKeys (ConfUtils.java:logGet(43)) - raft.server.log.write.buffer.size = 33554432 (custom)
2019-09-26 21:18:42,165 [pool-27-thread-1] INFO  server.RaftServerConfigKeys (ConfUtils.java:logGet(43)) - raft.server.log.force.sync.num = 128 (default)
2019-09-26 21:18:42,166 [pool-27-thread-1] INFO  server.RaftServerConfigKeys (ConfUtils.java:logGet(43)) - raft.server.log.statemachine.data.sync = true (default)
2019-09-26 21:18:42,167 [pool-27-thread-1] INFO  server.RaftServerConfigKeys (ConfUtils.java:logGet(43)) - raft.server.log.statemachine.data.sync.timeout = 10s (default)
2019-09-26 21:18:42,167 [pool-27-thread-1] INFO  server.RaftServerConfigKeys (ConfUtils.java:logGet(43)) - raft.server.log.statemachine.data.sync.timeout.retry = -1 (default)
2019-09-26 21:18:42,178 [pool-27-thread-1] INFO  server.RaftServerConfigKeys (ConfUtils.java:logGet(43)) - raft.server.log.statemachine.data.caching.enabled = true (custom)
2019-09-26 21:18:42,182 [pool-27-thread-1] INFO  segmented.SegmentedRaftLogWorker (SegmentedRaftLogWorker.java:lambda$new$0(132)) - 9ce0b59e-153f-4f41-8aed-492a76d80b48@group-47FB47AAC5CB-SegmentedRaftLogWorker: flushIndex: setUnconditionally 0 -> -1
2019-09-26 21:18:42,188 [pool-27-thread-1] INFO  server.RaftServerConfigKeys (ConfUtils.java:logGet(43)) - raft.server.snapshot.auto.trigger.enabled = true (custom)
2019-09-26 21:18:42,189 [pool-27-thread-1] INFO  server.RaftServerConfigKeys (ConfUtils.java:logGet(43)) - raft.server.snapshot.auto.trigger.threshold = 10000 (custom)
2019-09-26 21:18:42,189 [pool-27-thread-1] INFO  server.RaftServerConfigKeys (ConfUtils.java:logGet(43)) - raft.server.snapshot.retention.num.files = 5 (custom)
2019-09-26 21:18:42,190 [pool-27-thread-1] INFO  server.RaftServerConfigKeys (ConfUtils.java:logGet(43)) - raft.server.retrycache.expirytime = 600000ms (custom)
2019-09-26 21:18:42,221 [pool-27-thread-1] INFO  impl.RaftServerImpl (RaftServerImpl.java:start(185)) - 9ce0b59e-153f-4f41-8aed-492a76d80b48@group-47FB47AAC5CB: start as a follower, conf=-1: [9ce0b59e-153f-4f41-8aed-492a76d80b48:192.168.151.99:34156], old=null
2019-09-26 21:18:42,222 [pool-27-thread-1] INFO  impl.RaftServerImpl (RaftServerImpl.java:setRole(174)) - 9ce0b59e-153f-4f41-8aed-492a76d80b48@group-47FB47AAC5CB: changes role from      null to FOLLOWER at term 0 for startAsFollower
2019-09-26 21:18:42,223 [pool-27-thread-1] INFO  impl.RoleInfo (RoleInfo.java:updateAndGet(143)) - 9ce0b59e-153f-4f41-8aed-492a76d80b48: start FollowerState
2019-09-26 21:18:42,225 [pool-27-thread-1] INFO  util.JmxRegister (JmxRegister.java:tryRegister(44)) - Successfully registered JMX Bean with object name Ratis:service=RaftServer,group=group-47FB47AAC5CB,id=9ce0b59e-153f-4f41-8aed-492a76d80b48
2019-09-26 21:18:42,303 [RatisPipelineUtilsThread] INFO  pipeline.PipelineStateManager (PipelineStateManager.java:addPipeline(56)) - Created pipeline Pipeline[ Id: 7a633475-9917-4777-9671-47fb47aac5cb, Nodes: 9ce0b59e-153f-4f41-8aed-492a76d80b48{ip: 192.168.151.99, host: pr-hdds-1569-g6sp5-2013761785, networkLocation: /default-rack, certSerialId: null}, Type:RATIS, Factor:ONE, State:OPEN]
2019-09-26 21:18:42,329 [grpc-default-executor-0] INFO  impl.RaftServerProxy (RaftServerProxy.java:addNew(89)) - 0c640f50-2bc9-49b6-b785-a27e3116e6ba: addNew group-E9AB86F95071:[0c640f50-2bc9-49b6-b785-a27e3116e6ba:192.168.151.99:42361] returns group-E9AB86F95071:java.util.concurrent.CompletableFuture@433aca82[Not completed]
2019-09-26 21:18:42,373 [pool-57-thread-1] INFO  impl.RaftServerImpl (RaftServerImpl.java:<init>(95)) - 0c640f50-2bc9-49b6-b785-a27e3116e6ba: new RaftServerImpl for group-E9AB86F95071:[0c640f50-2bc9-49b6-b785-a27e3116e6ba:192.168.151.99:42361] with ContainerStateMachine:uninitialized
2019-09-26 21:18:42,374 [pool-57-thread-1] INFO  server.RaftServerConfigKeys (ConfUtils.java:logGet(43)) - raft.server.rpc.timeout.min = 5s (custom)
2019-09-26 21:18:42,375 [pool-57-thread-1] INFO  server.RaftServerConfigKeys (ConfUtils.java:logGet(43)) - raft.server.rpc.timeout.max = 5200ms (custom)
2019-09-26 21:18:42,375 [pool-57-thread-1] INFO  server.RaftServerConfigKeys (ConfUtils.java:logGet(43)) - raft.server.rpcslowness.timeout = 120s (custom)
2019-09-26 21:18:42,375 [pool-57-thread-1] INFO  server.RaftServerConfigKeys (ConfUtils.java:logGet(43)) - raft.server.sleep.deviation.threshold = 300 (default)
2019-09-26 21:18:42,375 [pool-57-thread-1] INFO  server.RaftServerConfigKeys (ConfUtils.java:logGet(43)) - raft.server.log.appender.install.snapshot.enabled = false (custom)
2019-09-26 21:18:42,375 [pool-57-thread-1] INFO  impl.RaftServerImpl (ServerState.java:<init>(103)) - 0c640f50-2bc9-49b6-b785-a27e3116e6ba@group-E9AB86F95071: ConfigurationManager, init=-1: [0c640f50-2bc9-49b6-b785-a27e3116e6ba:192.168.151.99:42361], old=null, confs=<EMPTY_MAP>
2019-09-26 21:18:42,376 [pool-57-thread-1] INFO  server.RaftServerConfigKeys (ConfUtils.java:logGet(43)) - raft.server.storage.dir = [/workdir/hadoop-ozone/ozonefs/target/test-dir/MiniOzoneClusterImpl-5b64906c-d720-4906-b30c-b6d56a2122fd/datanode-3/data/ratis] (custom)
2019-09-26 21:18:42,376 [pool-57-thread-1] INFO  storage.RaftStorageDirectory (RaftStorageDirectory.java:analyzeStorage(246)) - The storage directory /workdir/hadoop-ozone/ozonefs/target/test-dir/MiniOzoneClusterImpl-5b64906c-d720-4906-b30c-b6d56a2122fd/datanode-3/data/ratis/62808871-986d-47d0-92c2-e9ab86f95071 does not exist. Creating ...
2019-09-26 21:18:42,390 [pool-57-thread-1] INFO  storage.RaftStorageDirectory (RaftStorageDirectory.java:tryLock(328)) - Lock on /workdir/hadoop-ozone/ozonefs/target/test-dir/MiniOzoneClusterImpl-5b64906c-d720-4906-b30c-b6d56a2122fd/datanode-3/data/ratis/62808871-986d-47d0-92c2-e9ab86f95071/in_use.lock acquired by nodename 10701@pr-hdds-1569-g6sp5-2013761785
2019-09-26 21:18:42,403 [pool-57-thread-1] INFO  storage.RaftStorage (RaftStorage.java:format(72)) - Storage directory /workdir/hadoop-ozone/ozonefs/target/test-dir/MiniOzoneClusterImpl-5b64906c-d720-4906-b30c-b6d56a2122fd/datanode-3/data/ratis/62808871-986d-47d0-92c2-e9ab86f95071 has been successfully formatted.
2019-09-26 21:18:42,404 [pool-57-thread-1] INFO  ratis.ContainerStateMachine (ContainerStateMachine.java:loadSnapshot(230)) - group-E9AB86F95071: The snapshot info is null. Setting the last applied indexto:(t:0, i:~)
2019-09-26 21:18:42,405 [pool-57-thread-1] INFO  server.RaftServerConfigKeys (ConfUtils.java:logGet(43)) - raft.server.notification.no-leader.timeout = 120s (custom)
2019-09-26 21:18:42,405 [pool-57-thread-1] INFO  server.RaftServerConfigKeys (ConfUtils.java:logGet(43)) - raft.server.log.use.memory = false (default)
2019-09-26 21:18:42,406 [pool-57-thread-1] INFO  server.RaftServerConfigKeys (ConfUtils.java:logGet(43)) - raft.server.log.purge.gap = 1000000 (custom)
2019-09-26 21:18:42,406 [pool-57-thread-1] INFO  server.RaftServerConfigKeys (ConfUtils.java:logGet(43)) - raft.server.log.appender.buffer.byte-limit = 33554432 (custom)
2019-09-26 21:18:42,406 [pool-57-thread-1] INFO  server.RaftServerConfigKeys (ConfUtils.java:logGet(43)) - raft.server.log.segment.size.max = 1048576 (custom)
2019-09-26 21:18:42,406 [pool-57-thread-1] INFO  server.RaftServerConfigKeys (ConfUtils.java:logGet(43)) - raft.server.log.segment.cache.num.max = 2 (custom)
2019-09-26 21:18:42,406 [pool-57-thread-1] INFO  segmented.SegmentedRaftLogWorker (SegmentedRaftLogWorker.java:<init>(172)) - new 0c640f50-2bc9-49b6-b785-a27e3116e6ba@group-E9AB86F95071-SegmentedRaftLogWorker for RaftStorage:Storage Directory /workdir/hadoop-ozone/ozonefs/target/test-dir/MiniOzoneClusterImpl-5b64906c-d720-4906-b30c-b6d56a2122fd/datanode-3/data/ratis/62808871-986d-47d0-92c2-e9ab86f95071
2019-09-26 21:18:42,412 [pool-57-thread-1] INFO  server.RaftServerConfigKeys (ConfUtils.java:logGet(43)) - raft.server.log.queue.byte-limit = 2147483647 (custom)
2019-09-26 21:18:42,412 [pool-57-thread-1] INFO  server.RaftServerConfigKeys (ConfUtils.java:logGet(43)) - raft.server.log.queue.element-limit = 1024 (custom)
2019-09-26 21:18:42,412 [pool-57-thread-1] INFO  server.RaftServerConfigKeys (ConfUtils.java:logGet(43)) - raft.server.log.segment.size.max = 1048576 (custom)
2019-09-26 21:18:42,413 [pool-57-thread-1] INFO  server.RaftServerConfigKeys (ConfUtils.java:logGet(43)) - raft.server.log.preallocated.size = 16384 (custom)
2019-09-26 21:18:42,413 [pool-57-thread-1] INFO  server.RaftServerConfigKeys (ConfUtils.java:logGet(43)) - raft.server.log.write.buffer.size = 33554432 (custom)
2019-09-26 21:18:42,413 [pool-57-thread-1] INFO  server.RaftServerConfigKeys (ConfUtils.java:logGet(43)) - raft.server.log.force.sync.num = 128 (default)
2019-09-26 21:18:42,413 [pool-57-thread-1] INFO  server.RaftServerConfigKeys (ConfUtils.java:logGet(43)) - raft.server.log.statemachine.data.sync = true (default)
2019-09-26 21:18:42,413 [pool-57-thread-1] INFO  server.RaftServerConfigKeys (ConfUtils.java:logGet(43)) - raft.server.log.statemachine.data.sync.timeout = 10s (default)
2019-09-26 21:18:42,413 [pool-57-thread-1] INFO  server.RaftServerConfigKeys (ConfUtils.java:logGet(43)) - raft.server.log.statemachine.data.sync.timeout.retry = -1 (default)
2019-09-26 21:18:42,413 [pool-57-thread-1] INFO  server.RaftServerConfigKeys (ConfUtils.java:logGet(43)) - raft.server.log.statemachine.data.caching.enabled = true (custom)
2019-09-26 21:18:42,414 [pool-57-thread-1] INFO  segmented.SegmentedRaftLogWorker (SegmentedRaftLogWorker.java:lambda$new$0(132)) - 0c640f50-2bc9-49b6-b785-a27e3116e6ba@group-E9AB86F95071-SegmentedRaftLogWorker: flushIndex: setUnconditionally 0 -> -1
2019-09-26 21:18:42,414 [pool-57-thread-1] INFO  server.RaftServerConfigKeys (ConfUtils.java:logGet(43)) - raft.server.snapshot.auto.trigger.enabled = true (custom)
2019-09-26 21:18:42,414 [pool-57-thread-1] INFO  server.RaftServerConfigKeys (ConfUtils.java:logGet(43)) - raft.server.snapshot.auto.trigger.threshold = 10000 (custom)
2019-09-26 21:18:42,414 [pool-57-thread-1] INFO  server.RaftServerConfigKeys (ConfUtils.java:logGet(43)) - raft.server.snapshot.retention.num.files = 5 (custom)
2019-09-26 21:18:42,414 [pool-57-thread-1] INFO  server.RaftServerConfigKeys (ConfUtils.java:logGet(43)) - raft.server.retrycache.expirytime = 600000ms (custom)
2019-09-26 21:18:42,418 [pool-57-thread-1] INFO  impl.RaftServerImpl (RaftServerImpl.java:start(185)) - 0c640f50-2bc9-49b6-b785-a27e3116e6ba@group-E9AB86F95071: start as a follower, conf=-1: [0c640f50-2bc9-49b6-b785-a27e3116e6ba:192.168.151.99:42361], old=null
2019-09-26 21:18:42,418 [pool-57-thread-1] INFO  impl.RaftServerImpl (RaftServerImpl.java:setRole(174)) - 0c640f50-2bc9-49b6-b785-a27e3116e6ba@group-E9AB86F95071: changes role from      null to FOLLOWER at term 0 for startAsFollower
2019-09-26 21:18:42,419 [pool-57-thread-1] INFO  impl.RoleInfo (RoleInfo.java:updateAndGet(143)) - 0c640f50-2bc9-49b6-b785-a27e3116e6ba: start FollowerState
2019-09-26 21:18:42,420 [pool-57-thread-1] INFO  util.JmxRegister (JmxRegister.java:tryRegister(44)) - Successfully registered JMX Bean with object name Ratis:service=RaftServer,group=group-E9AB86F95071,id=0c640f50-2bc9-49b6-b785-a27e3116e6ba
2019-09-26 21:18:42,433 [RatisPipelineUtilsThread] INFO  pipeline.PipelineStateManager (PipelineStateManager.java:addPipeline(56)) - Created pipeline Pipeline[ Id: 62808871-986d-47d0-92c2-e9ab86f95071, Nodes: 0c640f50-2bc9-49b6-b785-a27e3116e6ba{ip: 192.168.151.99, host: pr-hdds-1569-g6sp5-2013761785, networkLocation: /default-rack, certSerialId: null}, Type:RATIS, Factor:ONE, State:OPEN]
2019-09-26 21:18:42,450 [grpc-default-executor-0] INFO  impl.RaftServerProxy (RaftServerProxy.java:addNew(89)) - 9ce0b59e-153f-4f41-8aed-492a76d80b48: addNew group-0AA8FDFD7D64:[9ce0b59e-153f-4f41-8aed-492a76d80b48:192.168.151.99:34156] returns group-0AA8FDFD7D64:java.util.concurrent.CompletableFuture@6a0b2eae[Not completed]
2019-09-26 21:18:42,471 [pool-27-thread-1] INFO  impl.RaftServerImpl (RaftServerImpl.java:<init>(95)) - 9ce0b59e-153f-4f41-8aed-492a76d80b48: new RaftServerImpl for group-0AA8FDFD7D64:[9ce0b59e-153f-4f41-8aed-492a76d80b48:192.168.151.99:34156] with ContainerStateMachine:uninitialized
2019-09-26 21:18:42,472 [pool-27-thread-1] INFO  server.RaftServerConfigKeys (ConfUtils.java:logGet(43)) - raft.server.rpc.timeout.min = 5s (custom)
2019-09-26 21:18:42,472 [pool-27-thread-1] INFO  server.RaftServerConfigKeys (ConfUtils.java:logGet(43)) - raft.server.rpc.timeout.max = 5200ms (custom)
2019-09-26 21:18:42,472 [pool-27-thread-1] INFO  server.RaftServerConfigKeys (ConfUtils.java:logGet(43)) - raft.server.rpcslowness.timeout = 120s (custom)
2019-09-26 21:18:42,472 [pool-27-thread-1] INFO  server.RaftServerConfigKeys (ConfUtils.java:logGet(43)) - raft.server.sleep.deviation.threshold = 300 (default)
2019-09-26 21:18:42,472 [pool-27-thread-1] INFO  server.RaftServerConfigKeys (ConfUtils.java:logGet(43)) - raft.server.log.appender.install.snapshot.enabled = false (custom)
2019-09-26 21:18:42,473 [pool-27-thread-1] INFO  impl.RaftServerImpl (ServerState.java:<init>(103)) - 9ce0b59e-153f-4f41-8aed-492a76d80b48@group-0AA8FDFD7D64: ConfigurationManager, init=-1: [9ce0b59e-153f-4f41-8aed-492a76d80b48:192.168.151.99:34156], old=null, confs=<EMPTY_MAP>
2019-09-26 21:18:42,473 [pool-27-thread-1] INFO  server.RaftServerConfigKeys (ConfUtils.java:logGet(43)) - raft.server.storage.dir = [/workdir/hadoop-ozone/ozonefs/target/test-dir/MiniOzoneClusterImpl-5b64906c-d720-4906-b30c-b6d56a2122fd/datanode-0/data/ratis] (custom)
2019-09-26 21:18:42,473 [pool-27-thread-1] INFO  storage.RaftStorageDirectory (RaftStorageDirectory.java:analyzeStorage(246)) - The storage directory /workdir/hadoop-ozone/ozonefs/target/test-dir/MiniOzoneClusterImpl-5b64906c-d720-4906-b30c-b6d56a2122fd/datanode-0/data/ratis/38f8a777-2844-4fe7-a04c-0aa8fdfd7d64 does not exist. Creating ...
2019-09-26 21:18:42,487 [pool-27-thread-1] INFO  storage.RaftStorageDirectory (RaftStorageDirectory.java:tryLock(328)) - Lock on /workdir/hadoop-ozone/ozonefs/target/test-dir/MiniOzoneClusterImpl-5b64906c-d720-4906-b30c-b6d56a2122fd/datanode-0/data/ratis/38f8a777-2844-4fe7-a04c-0aa8fdfd7d64/in_use.lock acquired by nodename 10701@pr-hdds-1569-g6sp5-2013761785
2019-09-26 21:18:42,500 [pool-27-thread-1] INFO  storage.RaftStorage (RaftStorage.java:format(72)) - Storage directory /workdir/hadoop-ozone/ozonefs/target/test-dir/MiniOzoneClusterImpl-5b64906c-d720-4906-b30c-b6d56a2122fd/datanode-0/data/ratis/38f8a777-2844-4fe7-a04c-0aa8fdfd7d64 has been successfully formatted.
2019-09-26 21:18:42,501 [pool-27-thread-1] INFO  ratis.ContainerStateMachine (ContainerStateMachine.java:loadSnapshot(230)) - group-0AA8FDFD7D64: The snapshot info is null. Setting the last applied indexto:(t:0, i:~)
2019-09-26 21:18:42,501 [pool-27-thread-1] INFO  server.RaftServerConfigKeys (ConfUtils.java:logGet(43)) - raft.server.notification.no-leader.timeout = 120s (custom)
2019-09-26 21:18:42,501 [pool-27-thread-1] INFO  server.RaftServerConfigKeys (ConfUtils.java:logGet(43)) - raft.server.log.use.memory = false (default)
2019-09-26 21:18:42,502 [pool-27-thread-1] INFO  server.RaftServerConfigKeys (ConfUtils.java:logGet(43)) - raft.server.log.purge.gap = 1000000 (custom)
2019-09-26 21:18:42,502 [pool-27-thread-1] INFO  server.RaftServerConfigKeys (ConfUtils.java:logGet(43)) - raft.server.log.appender.buffer.byte-limit = 33554432 (custom)
2019-09-26 21:18:42,502 [pool-27-thread-1] INFO  server.RaftServerConfigKeys (ConfUtils.java:logGet(43)) - raft.server.log.segment.size.max = 1048576 (custom)
2019-09-26 21:18:42,502 [pool-27-thread-1] INFO  server.RaftServerConfigKeys (ConfUtils.java:logGet(43)) - raft.server.log.segment.cache.num.max = 2 (custom)
2019-09-26 21:18:42,502 [pool-27-thread-1] INFO  segmented.SegmentedRaftLogWorker (SegmentedRaftLogWorker.java:<init>(172)) - new 9ce0b59e-153f-4f41-8aed-492a76d80b48@group-0AA8FDFD7D64-SegmentedRaftLogWorker for RaftStorage:Storage Directory /workdir/hadoop-ozone/ozonefs/target/test-dir/MiniOzoneClusterImpl-5b64906c-d720-4906-b30c-b6d56a2122fd/datanode-0/data/ratis/38f8a777-2844-4fe7-a04c-0aa8fdfd7d64
2019-09-26 21:18:42,503 [pool-27-thread-1] INFO  server.RaftServerConfigKeys (ConfUtils.java:logGet(43)) - raft.server.log.queue.byte-limit = 2147483647 (custom)
2019-09-26 21:18:42,503 [pool-27-thread-1] INFO  server.RaftServerConfigKeys (ConfUtils.java:logGet(43)) - raft.server.log.queue.element-limit = 1024 (custom)
2019-09-26 21:18:42,503 [pool-27-thread-1] INFO  server.RaftServerConfigKeys (ConfUtils.java:logGet(43)) - raft.server.log.segment.size.max = 1048576 (custom)
2019-09-26 21:18:42,503 [pool-27-thread-1] INFO  server.RaftServerConfigKeys (ConfUtils.java:logGet(43)) - raft.server.log.preallocated.size = 16384 (custom)
2019-09-26 21:18:42,503 [pool-27-thread-1] INFO  server.RaftServerConfigKeys (ConfUtils.java:logGet(43)) - raft.server.log.write.buffer.size = 33554432 (custom)
2019-09-26 21:18:42,504 [pool-27-thread-1] INFO  server.RaftServerConfigKeys (ConfUtils.java:logGet(43)) - raft.server.log.force.sync.num = 128 (default)
2019-09-26 21:18:42,504 [pool-27-thread-1] INFO  server.RaftServerConfigKeys (ConfUtils.java:logGet(43)) - raft.server.log.statemachine.data.sync = true (default)
2019-09-26 21:18:42,504 [pool-27-thread-1] INFO  server.RaftServerConfigKeys (ConfUtils.java:logGet(43)) - raft.server.log.statemachine.data.sync.timeout = 10s (default)
2019-09-26 21:18:42,504 [pool-27-thread-1] INFO  server.RaftServerConfigKeys (ConfUtils.java:logGet(43)) - raft.server.log.statemachine.data.sync.timeout.retry = -1 (default)
2019-09-26 21:18:42,504 [pool-27-thread-1] INFO  server.RaftServerConfigKeys (ConfUtils.java:logGet(43)) - raft.server.log.statemachine.data.caching.enabled = true (custom)
2019-09-26 21:18:42,505 [pool-27-thread-1] INFO  segmented.SegmentedRaftLogWorker (SegmentedRaftLogWorker.java:lambda$new$0(132)) - 9ce0b59e-153f-4f41-8aed-492a76d80b48@group-0AA8FDFD7D64-SegmentedRaftLogWorker: flushIndex: setUnconditionally 0 -> -1
2019-09-26 21:18:42,505 [pool-27-thread-1] INFO  server.RaftServerConfigKeys (ConfUtils.java:logGet(43)) - raft.server.snapshot.auto.trigger.enabled = true (custom)
2019-09-26 21:18:42,505 [pool-27-thread-1] INFO  server.RaftServerConfigKeys (ConfUtils.java:logGet(43)) - raft.server.snapshot.auto.trigger.threshold = 10000 (custom)
2019-09-26 21:18:42,506 [pool-27-thread-1] INFO  server.RaftServerConfigKeys (ConfUtils.java:logGet(43)) - raft.server.snapshot.retention.num.files = 5 (custom)
2019-09-26 21:18:42,506 [pool-27-thread-1] INFO  server.RaftServerConfigKeys (ConfUtils.java:logGet(43)) - raft.server.retrycache.expirytime = 600000ms (custom)
2019-09-26 21:18:42,543 [pool-27-thread-1] INFO  impl.RaftServerImpl (RaftServerImpl.java:start(185)) - 9ce0b59e-153f-4f41-8aed-492a76d80b48@group-0AA8FDFD7D64: start as a follower, conf=-1: [9ce0b59e-153f-4f41-8aed-492a76d80b48:192.168.151.99:34156], old=null
2019-09-26 21:18:42,543 [pool-27-thread-1] INFO  impl.RaftServerImpl (RaftServerImpl.java:setRole(174)) - 9ce0b59e-153f-4f41-8aed-492a76d80b48@group-0AA8FDFD7D64: changes role from      null to FOLLOWER at term 0 for startAsFollower
2019-09-26 21:18:42,544 [pool-27-thread-1] INFO  impl.RoleInfo (RoleInfo.java:updateAndGet(143)) - 9ce0b59e-153f-4f41-8aed-492a76d80b48: start FollowerState
2019-09-26 21:18:42,544 [pool-27-thread-1] INFO  util.JmxRegister (JmxRegister.java:tryRegister(44)) - Successfully registered JMX Bean with object name Ratis:service=RaftServer,group=group-0AA8FDFD7D64,id=9ce0b59e-153f-4f41-8aed-492a76d80b48
2019-09-26 21:18:42,556 [RatisPipelineUtilsThread] INFO  pipeline.PipelineStateManager (PipelineStateManager.java:addPipeline(56)) - Created pipeline Pipeline[ Id: 38f8a777-2844-4fe7-a04c-0aa8fdfd7d64, Nodes: 9ce0b59e-153f-4f41-8aed-492a76d80b48{ip: 192.168.151.99, host: pr-hdds-1569-g6sp5-2013761785, networkLocation: /default-rack, certSerialId: null}, Type:RATIS, Factor:ONE, State:OPEN]
2019-09-26 21:18:42,574 [grpc-default-executor-0] INFO  impl.RaftServerProxy (RaftServerProxy.java:addNew(89)) - 09112efe-1fad-4539-a04f-c96aef6d2351: addNew group-B727DC5A21EE:[09112efe-1fad-4539-a04f-c96aef6d2351:192.168.151.99:45286] returns group-B727DC5A21EE:java.util.concurrent.CompletableFuture@2a7636d2[Not completed]
2019-09-26 21:18:42,576 [pool-47-thread-1] INFO  impl.RaftServerImpl (RaftServerImpl.java:<init>(95)) - 09112efe-1fad-4539-a04f-c96aef6d2351: new RaftServerImpl for group-B727DC5A21EE:[09112efe-1fad-4539-a04f-c96aef6d2351:192.168.151.99:45286] with ContainerStateMachine:uninitialized
2019-09-26 21:18:42,577 [pool-47-thread-1] INFO  server.RaftServerConfigKeys (ConfUtils.java:logGet(43)) - raft.server.rpc.timeout.min = 5s (custom)
2019-09-26 21:18:42,577 [pool-47-thread-1] INFO  server.RaftServerConfigKeys (ConfUtils.java:logGet(43)) - raft.server.rpc.timeout.max = 5200ms (custom)
2019-09-26 21:18:42,577 [pool-47-thread-1] INFO  server.RaftServerConfigKeys (ConfUtils.java:logGet(43)) - raft.server.rpcslowness.timeout = 120s (custom)
2019-09-26 21:18:42,577 [pool-47-thread-1] INFO  server.RaftServerConfigKeys (ConfUtils.java:logGet(43)) - raft.server.sleep.deviation.threshold = 300 (default)
2019-09-26 21:18:42,577 [pool-47-thread-1] INFO  server.RaftServerConfigKeys (ConfUtils.java:logGet(43)) - raft.server.log.appender.install.snapshot.enabled = false (custom)
2019-09-26 21:18:42,577 [pool-47-thread-1] INFO  impl.RaftServerImpl (ServerState.java:<init>(103)) - 09112efe-1fad-4539-a04f-c96aef6d2351@group-B727DC5A21EE: ConfigurationManager, init=-1: [09112efe-1fad-4539-a04f-c96aef6d2351:192.168.151.99:45286], old=null, confs=<EMPTY_MAP>
2019-09-26 21:18:42,578 [pool-47-thread-1] INFO  server.RaftServerConfigKeys (ConfUtils.java:logGet(43)) - raft.server.storage.dir = [/workdir/hadoop-ozone/ozonefs/target/test-dir/MiniOzoneClusterImpl-5b64906c-d720-4906-b30c-b6d56a2122fd/datanode-2/data/ratis] (custom)
2019-09-26 21:18:42,578 [pool-47-thread-1] INFO  storage.RaftStorageDirectory (RaftStorageDirectory.java:analyzeStorage(246)) - The storage directory /workdir/hadoop-ozone/ozonefs/target/test-dir/MiniOzoneClusterImpl-5b64906c-d720-4906-b30c-b6d56a2122fd/datanode-2/data/ratis/b908c025-bfc5-44a2-a150-b727dc5a21ee does not exist. Creating ...
2019-09-26 21:18:42,591 [pool-47-thread-1] INFO  storage.RaftStorageDirectory (RaftStorageDirectory.java:tryLock(328)) - Lock on /workdir/hadoop-ozone/ozonefs/target/test-dir/MiniOzoneClusterImpl-5b64906c-d720-4906-b30c-b6d56a2122fd/datanode-2/data/ratis/b908c025-bfc5-44a2-a150-b727dc5a21ee/in_use.lock acquired by nodename 10701@pr-hdds-1569-g6sp5-2013761785
2019-09-26 21:18:42,604 [pool-47-thread-1] INFO  storage.RaftStorage (RaftStorage.java:format(72)) - Storage directory /workdir/hadoop-ozone/ozonefs/target/test-dir/MiniOzoneClusterImpl-5b64906c-d720-4906-b30c-b6d56a2122fd/datanode-2/data/ratis/b908c025-bfc5-44a2-a150-b727dc5a21ee has been successfully formatted.
2019-09-26 21:18:42,605 [pool-47-thread-1] INFO  ratis.ContainerStateMachine (ContainerStateMachine.java:loadSnapshot(230)) - group-B727DC5A21EE: The snapshot info is null. Setting the last applied indexto:(t:0, i:~)
2019-09-26 21:18:42,605 [pool-47-thread-1] INFO  server.RaftServerConfigKeys (ConfUtils.java:logGet(43)) - raft.server.notification.no-leader.timeout = 120s (custom)
2019-09-26 21:18:42,605 [pool-47-thread-1] INFO  server.RaftServerConfigKeys (ConfUtils.java:logGet(43)) - raft.server.log.use.memory = false (default)
2019-09-26 21:18:42,605 [pool-47-thread-1] INFO  server.RaftServerConfigKeys (ConfUtils.java:logGet(43)) - raft.server.log.purge.gap = 1000000 (custom)
2019-09-26 21:18:42,605 [pool-47-thread-1] INFO  server.RaftServerConfigKeys (ConfUtils.java:logGet(43)) - raft.server.log.appender.buffer.byte-limit = 33554432 (custom)
2019-09-26 21:18:42,605 [pool-47-thread-1] INFO  server.RaftServerConfigKeys (ConfUtils.java:logGet(43)) - raft.server.log.segment.size.max = 1048576 (custom)
2019-09-26 21:18:42,606 [pool-47-thread-1] INFO  server.RaftServerConfigKeys (ConfUtils.java:logGet(43)) - raft.server.log.segment.cache.num.max = 2 (custom)
2019-09-26 21:18:42,606 [pool-47-thread-1] INFO  segmented.SegmentedRaftLogWorker (SegmentedRaftLogWorker.java:<init>(172)) - new 09112efe-1fad-4539-a04f-c96aef6d2351@group-B727DC5A21EE-SegmentedRaftLogWorker for RaftStorage:Storage Directory /workdir/hadoop-ozone/ozonefs/target/test-dir/MiniOzoneClusterImpl-5b64906c-d720-4906-b30c-b6d56a2122fd/datanode-2/data/ratis/b908c025-bfc5-44a2-a150-b727dc5a21ee
2019-09-26 21:18:42,609 [pool-47-thread-1] INFO  server.RaftServerConfigKeys (ConfUtils.java:logGet(43)) - raft.server.log.queue.byte-limit = 2147483647 (custom)
2019-09-26 21:18:42,609 [pool-47-thread-1] INFO  server.RaftServerConfigKeys (ConfUtils.java:logGet(43)) - raft.server.log.queue.element-limit = 1024 (custom)
2019-09-26 21:18:42,610 [pool-47-thread-1] INFO  server.RaftServerConfigKeys (ConfUtils.java:logGet(43)) - raft.server.log.segment.size.max = 1048576 (custom)
2019-09-26 21:18:42,610 [pool-47-thread-1] INFO  server.RaftServerConfigKeys (ConfUtils.java:logGet(43)) - raft.server.log.preallocated.size = 16384 (custom)
2019-09-26 21:18:42,610 [pool-47-thread-1] INFO  server.RaftServerConfigKeys (ConfUtils.java:logGet(43)) - raft.server.log.write.buffer.size = 33554432 (custom)
2019-09-26 21:18:42,610 [pool-47-thread-1] INFO  server.RaftServerConfigKeys (ConfUtils.java:logGet(43)) - raft.server.log.force.sync.num = 128 (default)
2019-09-26 21:18:42,610 [pool-47-thread-1] INFO  server.RaftServerConfigKeys (ConfUtils.java:logGet(43)) - raft.server.log.statemachine.data.sync = true (default)
2019-09-26 21:18:42,611 [pool-47-thread-1] INFO  server.RaftServerConfigKeys (ConfUtils.java:logGet(43)) - raft.server.log.statemachine.data.sync.timeout = 10s (default)
2019-09-26 21:18:42,611 [pool-47-thread-1] INFO  server.RaftServerConfigKeys (ConfUtils.java:logGet(43)) - raft.server.log.statemachine.data.sync.timeout.retry = -1 (default)
2019-09-26 21:18:42,611 [pool-47-thread-1] INFO  server.RaftServerConfigKeys (ConfUtils.java:logGet(43)) - raft.server.log.statemachine.data.caching.enabled = true (custom)
2019-09-26 21:18:42,612 [pool-47-thread-1] INFO  segmented.SegmentedRaftLogWorker (SegmentedRaftLogWorker.java:lambda$new$0(132)) - 09112efe-1fad-4539-a04f-c96aef6d2351@group-B727DC5A21EE-SegmentedRaftLogWorker: flushIndex: setUnconditionally 0 -> -1
2019-09-26 21:18:42,612 [JUnit] INFO  ozone.MiniOzoneClusterImpl (MiniOzoneClusterImpl.java:lambda$waitForClusterToBeReady$0(147)) - Cluster is ready. Got 5 of 5 DN Heartbeats.
2019-09-26 21:18:42,612 [pool-47-thread-1] INFO  server.RaftServerConfigKeys (ConfUtils.java:logGet(43)) - raft.server.snapshot.auto.trigger.enabled = true (custom)
2019-09-26 21:18:42,613 [pool-47-thread-1] INFO  server.RaftServerConfigKeys (ConfUtils.java:logGet(43)) - raft.server.snapshot.auto.trigger.threshold = 10000 (custom)
2019-09-26 21:18:42,613 [pool-47-thread-1] INFO  server.RaftServerConfigKeys (ConfUtils.java:logGet(43)) - raft.server.snapshot.retention.num.files = 5 (custom)
2019-09-26 21:18:42,613 [pool-47-thread-1] INFO  server.RaftServerConfigKeys (ConfUtils.java:logGet(43)) - raft.server.retrycache.expirytime = 600000ms (custom)
2019-09-26 21:18:42,620 [pool-47-thread-1] INFO  impl.RaftServerImpl (RaftServerImpl.java:start(185)) - 09112efe-1fad-4539-a04f-c96aef6d2351@group-B727DC5A21EE: start as a follower, conf=-1: [09112efe-1fad-4539-a04f-c96aef6d2351:192.168.151.99:45286], old=null
2019-09-26 21:18:42,620 [pool-47-thread-1] INFO  impl.RaftServerImpl (RaftServerImpl.java:setRole(174)) - 09112efe-1fad-4539-a04f-c96aef6d2351@group-B727DC5A21EE: changes role from      null to FOLLOWER at term 0 for startAsFollower
2019-09-26 21:18:42,621 [pool-47-thread-1] INFO  impl.RoleInfo (RoleInfo.java:updateAndGet(143)) - 09112efe-1fad-4539-a04f-c96aef6d2351: start FollowerState
2019-09-26 21:18:42,621 [pool-47-thread-1] INFO  util.JmxRegister (JmxRegister.java:tryRegister(44)) - Successfully registered JMX Bean with object name Ratis:service=RaftServer,group=group-B727DC5A21EE,id=09112efe-1fad-4539-a04f-c96aef6d2351
2019-09-26 21:18:42,633 [RatisPipelineUtilsThread] INFO  pipeline.PipelineStateManager (PipelineStateManager.java:addPipeline(56)) - Created pipeline Pipeline[ Id: b908c025-bfc5-44a2-a150-b727dc5a21ee, Nodes: 09112efe-1fad-4539-a04f-c96aef6d2351{ip: 192.168.151.99, host: pr-hdds-1569-g6sp5-2013761785, networkLocation: /default-rack, certSerialId: null}, Type:RATIS, Factor:ONE, State:OPEN]
2019-09-26 21:18:42,658 [grpc-default-executor-0] INFO  impl.RaftServerProxy (RaftServerProxy.java:addNew(89)) - 9ce0b59e-153f-4f41-8aed-492a76d80b48: addNew group-D7F8E744076C:[9ce0b59e-153f-4f41-8aed-492a76d80b48:192.168.151.99:34156] returns group-D7F8E744076C:java.util.concurrent.CompletableFuture@105a0a6f[Not completed]
2019-09-26 21:18:42,661 [pool-27-thread-1] INFO  impl.RaftServerImpl (RaftServerImpl.java:<init>(95)) - 9ce0b59e-153f-4f41-8aed-492a76d80b48: new RaftServerImpl for group-D7F8E744076C:[9ce0b59e-153f-4f41-8aed-492a76d80b48:192.168.151.99:34156] with ContainerStateMachine:uninitialized
2019-09-26 21:18:42,661 [pool-27-thread-1] INFO  server.RaftServerConfigKeys (ConfUtils.java:logGet(43)) - raft.server.rpc.timeout.min = 5s (custom)
2019-09-26 21:18:42,661 [pool-27-thread-1] INFO  server.RaftServerConfigKeys (ConfUtils.java:logGet(43)) - raft.server.rpc.timeout.max = 5200ms (custom)
2019-09-26 21:18:42,661 [pool-27-thread-1] INFO  server.RaftServerConfigKeys (ConfUtils.java:logGet(43)) - raft.server.rpcslowness.timeout = 120s (custom)
2019-09-26 21:18:42,662 [pool-27-thread-1] INFO  server.RaftServerConfigKeys (ConfUtils.java:logGet(43)) - raft.server.sleep.deviation.threshold = 300 (default)
2019-09-26 21:18:42,662 [pool-27-thread-1] INFO  server.RaftServerConfigKeys (ConfUtils.java:logGet(43)) - raft.server.log.appender.install.snapshot.enabled = false (custom)
2019-09-26 21:18:42,662 [pool-27-thread-1] INFO  impl.RaftServerImpl (ServerState.java:<init>(103)) - 9ce0b59e-153f-4f41-8aed-492a76d80b48@group-D7F8E744076C: ConfigurationManager, init=-1: [9ce0b59e-153f-4f41-8aed-492a76d80b48:192.168.151.99:34156], old=null, confs=<EMPTY_MAP>
2019-09-26 21:18:42,662 [pool-27-thread-1] INFO  server.RaftServerConfigKeys (ConfUtils.java:logGet(43)) - raft.server.storage.dir = [/workdir/hadoop-ozone/ozonefs/target/test-dir/MiniOzoneClusterImpl-5b64906c-d720-4906-b30c-b6d56a2122fd/datanode-0/data/ratis] (custom)
2019-09-26 21:18:42,663 [pool-27-thread-1] INFO  storage.RaftStorageDirectory (RaftStorageDirectory.java:analyzeStorage(246)) - The storage directory /workdir/hadoop-ozone/ozonefs/target/test-dir/MiniOzoneClusterImpl-5b64906c-d720-4906-b30c-b6d56a2122fd/datanode-0/data/ratis/fc9fa818-788e-487d-9614-d7f8e744076c does not exist. Creating ...
2019-09-26 21:18:42,676 [pool-27-thread-1] INFO  storage.RaftStorageDirectory (RaftStorageDirectory.java:tryLock(328)) - Lock on /workdir/hadoop-ozone/ozonefs/target/test-dir/MiniOzoneClusterImpl-5b64906c-d720-4906-b30c-b6d56a2122fd/datanode-0/data/ratis/fc9fa818-788e-487d-9614-d7f8e744076c/in_use.lock acquired by nodename 10701@pr-hdds-1569-g6sp5-2013761785
2019-09-26 21:18:42,704 [pool-27-thread-1] INFO  storage.RaftStorage (RaftStorage.java:format(72)) - Storage directory /workdir/hadoop-ozone/ozonefs/target/test-dir/MiniOzoneClusterImpl-5b64906c-d720-4906-b30c-b6d56a2122fd/datanode-0/data/ratis/fc9fa818-788e-487d-9614-d7f8e744076c has been successfully formatted.
2019-09-26 21:18:42,704 [pool-27-thread-1] INFO  ratis.ContainerStateMachine (ContainerStateMachine.java:loadSnapshot(230)) - group-D7F8E744076C: The snapshot info is null. Setting the last applied indexto:(t:0, i:~)
2019-09-26 21:18:42,704 [pool-27-thread-1] INFO  server.RaftServerConfigKeys (ConfUtils.java:logGet(43)) - raft.server.notification.no-leader.timeout = 120s (custom)
2019-09-26 21:18:42,704 [pool-27-thread-1] INFO  server.RaftServerConfigKeys (ConfUtils.java:logGet(43)) - raft.server.log.use.memory = false (default)
2019-09-26 21:18:42,705 [pool-27-thread-1] INFO  server.RaftServerConfigKeys (ConfUtils.java:logGet(43)) - raft.server.log.purge.gap = 1000000 (custom)
2019-09-26 21:18:42,705 [pool-27-thread-1] INFO  server.RaftServerConfigKeys (ConfUtils.java:logGet(43)) - raft.server.log.appender.buffer.byte-limit = 33554432 (custom)
2019-09-26 21:18:42,705 [pool-27-thread-1] INFO  server.RaftServerConfigKeys (ConfUtils.java:logGet(43)) - raft.server.log.segment.size.max = 1048576 (custom)
2019-09-26 21:18:42,705 [pool-27-thread-1] INFO  server.RaftServerConfigKeys (ConfUtils.java:logGet(43)) - raft.server.log.segment.cache.num.max = 2 (custom)
2019-09-26 21:18:42,706 [pool-27-thread-1] INFO  segmented.SegmentedRaftLogWorker (SegmentedRaftLogWorker.java:<init>(172)) - new 9ce0b59e-153f-4f41-8aed-492a76d80b48@group-D7F8E744076C-SegmentedRaftLogWorker for RaftStorage:Storage Directory /workdir/hadoop-ozone/ozonefs/target/test-dir/MiniOzoneClusterImpl-5b64906c-d720-4906-b30c-b6d56a2122fd/datanode-0/data/ratis/fc9fa818-788e-487d-9614-d7f8e744076c
2019-09-26 21:18:42,706 [pool-27-thread-1] INFO  server.RaftServerConfigKeys (ConfUtils.java:logGet(43)) - raft.server.log.queue.byte-limit = 2147483647 (custom)
2019-09-26 21:18:42,706 [pool-27-thread-1] INFO  server.RaftServerConfigKeys (ConfUtils.java:logGet(43)) - raft.server.log.queue.element-limit = 1024 (custom)
2019-09-26 21:18:42,706 [pool-27-thread-1] INFO  server.RaftServerConfigKeys (ConfUtils.java:logGet(43)) - raft.server.log.segment.size.max = 1048576 (custom)
2019-09-26 21:18:42,707 [pool-27-thread-1] INFO  server.RaftServerConfigKeys (ConfUtils.java:logGet(43)) - raft.server.log.preallocated.size = 16384 (custom)
2019-09-26 21:18:42,707 [pool-27-thread-1] INFO  server.RaftServerConfigKeys (ConfUtils.java:logGet(43)) - raft.server.log.write.buffer.size = 33554432 (custom)
2019-09-26 21:18:42,707 [pool-27-thread-1] INFO  server.RaftServerConfigKeys (ConfUtils.java:logGet(43)) - raft.server.log.force.sync.num = 128 (default)
2019-09-26 21:18:42,707 [pool-27-thread-1] INFO  server.RaftServerConfigKeys (ConfUtils.java:logGet(43)) - raft.server.log.statemachine.data.sync = true (default)
2019-09-26 21:18:42,707 [pool-27-thread-1] INFO  server.RaftServerConfigKeys (ConfUtils.java:logGet(43)) - raft.server.log.statemachine.data.sync.timeout = 10s (default)
2019-09-26 21:18:42,708 [pool-27-thread-1] INFO  server.RaftServerConfigKeys (ConfUtils.java:logGet(43)) - raft.server.log.statemachine.data.sync.timeout.retry = -1 (default)
2019-09-26 21:18:42,708 [pool-27-thread-1] INFO  server.RaftServerConfigKeys (ConfUtils.java:logGet(43)) - raft.server.log.statemachine.data.caching.enabled = true (custom)
2019-09-26 21:18:42,708 [pool-27-thread-1] INFO  segmented.SegmentedRaftLogWorker (SegmentedRaftLogWorker.java:lambda$new$0(132)) - 9ce0b59e-153f-4f41-8aed-492a76d80b48@group-D7F8E744076C-SegmentedRaftLogWorker: flushIndex: setUnconditionally 0 -> -1
2019-09-26 21:18:42,709 [pool-27-thread-1] INFO  server.RaftServerConfigKeys (ConfUtils.java:logGet(43)) - raft.server.snapshot.auto.trigger.enabled = true (custom)
2019-09-26 21:18:42,709 [pool-27-thread-1] INFO  server.RaftServerConfigKeys (ConfUtils.java:logGet(43)) - raft.server.snapshot.auto.trigger.threshold = 10000 (custom)
2019-09-26 21:18:42,709 [pool-27-thread-1] INFO  server.RaftServerConfigKeys (ConfUtils.java:logGet(43)) - raft.server.snapshot.retention.num.files = 5 (custom)
2019-09-26 21:18:42,709 [pool-27-thread-1] INFO  server.RaftServerConfigKeys (ConfUtils.java:logGet(43)) - raft.server.retrycache.expirytime = 600000ms (custom)
2019-09-26 21:18:42,715 [pool-27-thread-1] INFO  impl.RaftServerImpl (RaftServerImpl.java:start(185)) - 9ce0b59e-153f-4f41-8aed-492a76d80b48@group-D7F8E744076C: start as a follower, conf=-1: [9ce0b59e-153f-4f41-8aed-492a76d80b48:192.168.151.99:34156], old=null
2019-09-26 21:18:42,715 [pool-27-thread-1] INFO  impl.RaftServerImpl (RaftServerImpl.java:setRole(174)) - 9ce0b59e-153f-4f41-8aed-492a76d80b48@group-D7F8E744076C: changes role from      null to FOLLOWER at term 0 for startAsFollower
2019-09-26 21:18:42,715 [pool-27-thread-1] INFO  impl.RoleInfo (RoleInfo.java:updateAndGet(143)) - 9ce0b59e-153f-4f41-8aed-492a76d80b48: start FollowerState
2019-09-26 21:18:42,718 [pool-27-thread-1] INFO  util.JmxRegister (JmxRegister.java:tryRegister(44)) - Successfully registered JMX Bean with object name Ratis:service=RaftServer,group=group-D7F8E744076C,id=9ce0b59e-153f-4f41-8aed-492a76d80b48
2019-09-26 21:18:42,729 [RatisPipelineUtilsThread] INFO  pipeline.PipelineStateManager (PipelineStateManager.java:addPipeline(56)) - Created pipeline Pipeline[ Id: fc9fa818-788e-487d-9614-d7f8e744076c, Nodes: 9ce0b59e-153f-4f41-8aed-492a76d80b48{ip: 192.168.151.99, host: pr-hdds-1569-g6sp5-2013761785, networkLocation: /default-rack, certSerialId: null}, Type:RATIS, Factor:ONE, State:OPEN]
2019-09-26 21:18:42,746 [grpc-default-executor-0] INFO  impl.RaftServerProxy (RaftServerProxy.java:addNew(89)) - 09112efe-1fad-4539-a04f-c96aef6d2351: addNew group-6F0B9BAAF673:[09112efe-1fad-4539-a04f-c96aef6d2351:192.168.151.99:45286] returns group-6F0B9BAAF673:java.util.concurrent.CompletableFuture@4a2e7faa[Not completed]
2019-09-26 21:18:42,748 [pool-47-thread-1] INFO  impl.RaftServerImpl (RaftServerImpl.java:<init>(95)) - 09112efe-1fad-4539-a04f-c96aef6d2351: new RaftServerImpl for group-6F0B9BAAF673:[09112efe-1fad-4539-a04f-c96aef6d2351:192.168.151.99:45286] with ContainerStateMachine:uninitialized
2019-09-26 21:18:42,748 [pool-47-thread-1] INFO  server.RaftServerConfigKeys (ConfUtils.java:logGet(43)) - raft.server.rpc.timeout.min = 5s (custom)
2019-09-26 21:18:42,749 [pool-47-thread-1] INFO  server.RaftServerConfigKeys (ConfUtils.java:logGet(43)) - raft.server.rpc.timeout.max = 5200ms (custom)
2019-09-26 21:18:42,749 [pool-47-thread-1] INFO  server.RaftServerConfigKeys (ConfUtils.java:logGet(43)) - raft.server.rpcslowness.timeout = 120s (custom)
2019-09-26 21:18:42,749 [pool-47-thread-1] INFO  server.RaftServerConfigKeys (ConfUtils.java:logGet(43)) - raft.server.sleep.deviation.threshold = 300 (default)
2019-09-26 21:18:42,749 [pool-47-thread-1] INFO  server.RaftServerConfigKeys (ConfUtils.java:logGet(43)) - raft.server.log.appender.install.snapshot.enabled = false (custom)
2019-09-26 21:18:42,749 [pool-47-thread-1] INFO  impl.RaftServerImpl (ServerState.java:<init>(103)) - 09112efe-1fad-4539-a04f-c96aef6d2351@group-6F0B9BAAF673: ConfigurationManager, init=-1: [09112efe-1fad-4539-a04f-c96aef6d2351:192.168.151.99:45286], old=null, confs=<EMPTY_MAP>
2019-09-26 21:18:42,750 [pool-47-thread-1] INFO  server.RaftServerConfigKeys (ConfUtils.java:logGet(43)) - raft.server.storage.dir = [/workdir/hadoop-ozone/ozonefs/target/test-dir/MiniOzoneClusterImpl-5b64906c-d720-4906-b30c-b6d56a2122fd/datanode-2/data/ratis] (custom)
2019-09-26 21:18:42,750 [pool-47-thread-1] INFO  storage.RaftStorageDirectory (RaftStorageDirectory.java:analyzeStorage(246)) - The storage directory /workdir/hadoop-ozone/ozonefs/target/test-dir/MiniOzoneClusterImpl-5b64906c-d720-4906-b30c-b6d56a2122fd/datanode-2/data/ratis/c16a5bbc-b524-4f23-8877-6f0b9baaf673 does not exist. Creating ...
2019-09-26 21:18:42,763 [pool-47-thread-1] INFO  storage.RaftStorageDirectory (RaftStorageDirectory.java:tryLock(328)) - Lock on /workdir/hadoop-ozone/ozonefs/target/test-dir/MiniOzoneClusterImpl-5b64906c-d720-4906-b30c-b6d56a2122fd/datanode-2/data/ratis/c16a5bbc-b524-4f23-8877-6f0b9baaf673/in_use.lock acquired by nodename 10701@pr-hdds-1569-g6sp5-2013761785
2019-09-26 21:18:42,776 [pool-47-thread-1] INFO  storage.RaftStorage (RaftStorage.java:format(72)) - Storage directory /workdir/hadoop-ozone/ozonefs/target/test-dir/MiniOzoneClusterImpl-5b64906c-d720-4906-b30c-b6d56a2122fd/datanode-2/data/ratis/c16a5bbc-b524-4f23-8877-6f0b9baaf673 has been successfully formatted.
2019-09-26 21:18:42,777 [pool-47-thread-1] INFO  ratis.ContainerStateMachine (ContainerStateMachine.java:loadSnapshot(230)) - group-6F0B9BAAF673: The snapshot info is null. Setting the last applied indexto:(t:0, i:~)
2019-09-26 21:18:42,777 [pool-47-thread-1] INFO  server.RaftServerConfigKeys (ConfUtils.java:logGet(43)) - raft.server.notification.no-leader.timeout = 120s (custom)
2019-09-26 21:18:42,777 [pool-47-thread-1] INFO  server.RaftServerConfigKeys (ConfUtils.java:logGet(43)) - raft.server.log.use.memory = false (default)
2019-09-26 21:18:42,777 [pool-47-thread-1] INFO  server.RaftServerConfigKeys (ConfUtils.java:logGet(43)) - raft.server.log.purge.gap = 1000000 (custom)
2019-09-26 21:18:42,778 [pool-47-thread-1] INFO  server.RaftServerConfigKeys (ConfUtils.java:logGet(43)) - raft.server.log.appender.buffer.byte-limit = 33554432 (custom)
2019-09-26 21:18:42,778 [pool-47-thread-1] INFO  server.RaftServerConfigKeys (ConfUtils.java:logGet(43)) - raft.server.log.segment.size.max = 1048576 (custom)
2019-09-26 21:18:42,778 [pool-47-thread-1] INFO  server.RaftServerConfigKeys (ConfUtils.java:logGet(43)) - raft.server.log.segment.cache.num.max = 2 (custom)
2019-09-26 21:18:42,778 [pool-47-thread-1] INFO  segmented.SegmentedRaftLogWorker (SegmentedRaftLogWorker.java:<init>(172)) - new 09112efe-1fad-4539-a04f-c96aef6d2351@group-6F0B9BAAF673-SegmentedRaftLogWorker for RaftStorage:Storage Directory /workdir/hadoop-ozone/ozonefs/target/test-dir/MiniOzoneClusterImpl-5b64906c-d720-4906-b30c-b6d56a2122fd/datanode-2/data/ratis/c16a5bbc-b524-4f23-8877-6f0b9baaf673
2019-09-26 21:18:42,778 [pool-47-thread-1] INFO  server.RaftServerConfigKeys (ConfUtils.java:logGet(43)) - raft.server.log.queue.byte-limit = 2147483647 (custom)
2019-09-26 21:18:42,778 [pool-47-thread-1] INFO  server.RaftServerConfigKeys (ConfUtils.java:logGet(43)) - raft.server.log.queue.element-limit = 1024 (custom)
2019-09-26 21:18:42,779 [pool-47-thread-1] INFO  server.RaftServerConfigKeys (ConfUtils.java:logGet(43)) - raft.server.log.segment.size.max = 1048576 (custom)
2019-09-26 21:18:42,779 [pool-47-thread-1] INFO  server.RaftServerConfigKeys (ConfUtils.java:logGet(43)) - raft.server.log.preallocated.size = 16384 (custom)
2019-09-26 21:18:42,779 [pool-47-thread-1] INFO  server.RaftServerConfigKeys (ConfUtils.java:logGet(43)) - raft.server.log.write.buffer.size = 33554432 (custom)
2019-09-26 21:18:42,779 [pool-47-thread-1] INFO  server.RaftServerConfigKeys (ConfUtils.java:logGet(43)) - raft.server.log.force.sync.num = 128 (default)
2019-09-26 21:18:42,779 [pool-47-thread-1] INFO  server.RaftServerConfigKeys (ConfUtils.java:logGet(43)) - raft.server.log.statemachine.data.sync = true (default)
2019-09-26 21:18:42,780 [pool-47-thread-1] INFO  server.RaftServerConfigKeys (ConfUtils.java:logGet(43)) - raft.server.log.statemachine.data.sync.timeout = 10s (default)
2019-09-26 21:18:42,780 [pool-47-thread-1] INFO  server.RaftServerConfigKeys (ConfUtils.java:logGet(43)) - raft.server.log.statemachine.data.sync.timeout.retry = -1 (default)
2019-09-26 21:18:42,780 [pool-47-thread-1] INFO  server.RaftServerConfigKeys (ConfUtils.java:logGet(43)) - raft.server.log.statemachine.data.caching.enabled = true (custom)
2019-09-26 21:18:42,781 [pool-47-thread-1] INFO  segmented.SegmentedRaftLogWorker (SegmentedRaftLogWorker.java:lambda$new$0(132)) - 09112efe-1fad-4539-a04f-c96aef6d2351@group-6F0B9BAAF673-SegmentedRaftLogWorker: flushIndex: setUnconditionally 0 -> -1
2019-09-26 21:18:42,781 [pool-47-thread-1] INFO  server.RaftServerConfigKeys (ConfUtils.java:logGet(43)) - raft.server.snapshot.auto.trigger.enabled = true (custom)
2019-09-26 21:18:42,781 [pool-47-thread-1] INFO  server.RaftServerConfigKeys (ConfUtils.java:logGet(43)) - raft.server.snapshot.auto.trigger.threshold = 10000 (custom)
2019-09-26 21:18:42,781 [pool-47-thread-1] INFO  server.RaftServerConfigKeys (ConfUtils.java:logGet(43)) - raft.server.snapshot.retention.num.files = 5 (custom)
2019-09-26 21:18:42,782 [pool-47-thread-1] INFO  server.RaftServerConfigKeys (ConfUtils.java:logGet(43)) - raft.server.retrycache.expirytime = 600000ms (custom)
2019-09-26 21:18:42,787 [pool-47-thread-1] INFO  impl.RaftServerImpl (RaftServerImpl.java:start(185)) - 09112efe-1fad-4539-a04f-c96aef6d2351@group-6F0B9BAAF673: start as a follower, conf=-1: [09112efe-1fad-4539-a04f-c96aef6d2351:192.168.151.99:45286], old=null
2019-09-26 21:18:42,787 [pool-47-thread-1] INFO  impl.RaftServerImpl (RaftServerImpl.java:setRole(174)) - 09112efe-1fad-4539-a04f-c96aef6d2351@group-6F0B9BAAF673: changes role from      null to FOLLOWER at term 0 for startAsFollower
2019-09-26 21:18:42,787 [pool-47-thread-1] INFO  impl.RoleInfo (RoleInfo.java:updateAndGet(143)) - 09112efe-1fad-4539-a04f-c96aef6d2351: start FollowerState
2019-09-26 21:18:42,787 [pool-47-thread-1] INFO  util.JmxRegister (JmxRegister.java:tryRegister(44)) - Successfully registered JMX Bean with object name Ratis:service=RaftServer,group=group-6F0B9BAAF673,id=09112efe-1fad-4539-a04f-c96aef6d2351
2019-09-26 21:18:42,805 [RatisPipelineUtilsThread] INFO  pipeline.PipelineStateManager (PipelineStateManager.java:addPipeline(56)) - Created pipeline Pipeline[ Id: c16a5bbc-b524-4f23-8877-6f0b9baaf673, Nodes: 09112efe-1fad-4539-a04f-c96aef6d2351{ip: 192.168.151.99, host: pr-hdds-1569-g6sp5-2013761785, networkLocation: /default-rack, certSerialId: null}, Type:RATIS, Factor:ONE, State:OPEN]
2019-09-26 21:18:42,820 [grpc-default-executor-0] INFO  impl.RaftServerProxy (RaftServerProxy.java:addNew(89)) - da833d8d-e72a-4068-9560-4daa2d83adc2: addNew group-8879AEF66DD1:[da833d8d-e72a-4068-9560-4daa2d83adc2:192.168.151.99:38903] returns group-8879AEF66DD1:java.util.concurrent.CompletableFuture@32953f07[Not completed]
2019-09-26 21:18:42,824 [pool-67-thread-1] INFO  impl.RaftServerImpl (RaftServerImpl.java:<init>(95)) - da833d8d-e72a-4068-9560-4daa2d83adc2: new RaftServerImpl for group-8879AEF66DD1:[da833d8d-e72a-4068-9560-4daa2d83adc2:192.168.151.99:38903] with ContainerStateMachine:uninitialized
2019-09-26 21:18:42,824 [pool-67-thread-1] INFO  server.RaftServerConfigKeys (ConfUtils.java:logGet(43)) - raft.server.rpc.timeout.min = 5s (custom)
2019-09-26 21:18:42,824 [pool-67-thread-1] INFO  server.RaftServerConfigKeys (ConfUtils.java:logGet(43)) - raft.server.rpc.timeout.max = 5200ms (custom)
2019-09-26 21:18:42,824 [pool-67-thread-1] INFO  server.RaftServerConfigKeys (ConfUtils.java:logGet(43)) - raft.server.rpcslowness.timeout = 120s (custom)
2019-09-26 21:18:42,825 [pool-67-thread-1] INFO  server.RaftServerConfigKeys (ConfUtils.java:logGet(43)) - raft.server.sleep.deviation.threshold = 300 (default)
2019-09-26 21:18:42,825 [pool-67-thread-1] INFO  server.RaftServerConfigKeys (ConfUtils.java:logGet(43)) - raft.server.log.appender.install.snapshot.enabled = false (custom)
2019-09-26 21:18:42,825 [pool-67-thread-1] INFO  impl.RaftServerImpl (ServerState.java:<init>(103)) - da833d8d-e72a-4068-9560-4daa2d83adc2@group-8879AEF66DD1: ConfigurationManager, init=-1: [da833d8d-e72a-4068-9560-4daa2d83adc2:192.168.151.99:38903], old=null, confs=<EMPTY_MAP>
2019-09-26 21:18:42,825 [pool-67-thread-1] INFO  server.RaftServerConfigKeys (ConfUtils.java:logGet(43)) - raft.server.storage.dir = [/workdir/hadoop-ozone/ozonefs/target/test-dir/MiniOzoneClusterImpl-5b64906c-d720-4906-b30c-b6d56a2122fd/datanode-4/data/ratis] (custom)
2019-09-26 21:18:42,826 [pool-67-thread-1] INFO  storage.RaftStorageDirectory (RaftStorageDirectory.java:analyzeStorage(246)) - The storage directory /workdir/hadoop-ozone/ozonefs/target/test-dir/MiniOzoneClusterImpl-5b64906c-d720-4906-b30c-b6d56a2122fd/datanode-4/data/ratis/bbbb756d-71c4-4fb8-bcce-8879aef66dd1 does not exist. Creating ...
2019-09-26 21:18:42,838 [pool-67-thread-1] INFO  storage.RaftStorageDirectory (RaftStorageDirectory.java:tryLock(328)) - Lock on /workdir/hadoop-ozone/ozonefs/target/test-dir/MiniOzoneClusterImpl-5b64906c-d720-4906-b30c-b6d56a2122fd/datanode-4/data/ratis/bbbb756d-71c4-4fb8-bcce-8879aef66dd1/in_use.lock acquired by nodename 10701@pr-hdds-1569-g6sp5-2013761785
2019-09-26 21:18:42,852 [pool-67-thread-1] INFO  storage.RaftStorage (RaftStorage.java:format(72)) - Storage directory /workdir/hadoop-ozone/ozonefs/target/test-dir/MiniOzoneClusterImpl-5b64906c-d720-4906-b30c-b6d56a2122fd/datanode-4/data/ratis/bbbb756d-71c4-4fb8-bcce-8879aef66dd1 has been successfully formatted.
2019-09-26 21:18:42,853 [pool-67-thread-1] INFO  ratis.ContainerStateMachine (ContainerStateMachine.java:loadSnapshot(230)) - group-8879AEF66DD1: The snapshot info is null. Setting the last applied indexto:(t:0, i:~)
2019-09-26 21:18:42,853 [pool-67-thread-1] INFO  server.RaftServerConfigKeys (ConfUtils.java:logGet(43)) - raft.server.notification.no-leader.timeout = 120s (custom)
2019-09-26 21:18:42,853 [pool-67-thread-1] INFO  server.RaftServerConfigKeys (ConfUtils.java:logGet(43)) - raft.server.log.use.memory = false (default)
2019-09-26 21:18:42,853 [pool-67-thread-1] INFO  server.RaftServerConfigKeys (ConfUtils.java:logGet(43)) - raft.server.log.purge.gap = 1000000 (custom)
2019-09-26 21:18:42,853 [pool-67-thread-1] INFO  server.RaftServerConfigKeys (ConfUtils.java:logGet(43)) - raft.server.log.appender.buffer.byte-limit = 33554432 (custom)
2019-09-26 21:18:42,853 [pool-67-thread-1] INFO  server.RaftServerConfigKeys (ConfUtils.java:logGet(43)) - raft.server.log.segment.size.max = 1048576 (custom)
2019-09-26 21:18:42,854 [pool-67-thread-1] INFO  server.RaftServerConfigKeys (ConfUtils.java:logGet(43)) - raft.server.log.segment.cache.num.max = 2 (custom)
2019-09-26 21:18:42,854 [pool-67-thread-1] INFO  segmented.SegmentedRaftLogWorker (SegmentedRaftLogWorker.java:<init>(172)) - new da833d8d-e72a-4068-9560-4daa2d83adc2@group-8879AEF66DD1-SegmentedRaftLogWorker for RaftStorage:Storage Directory /workdir/hadoop-ozone/ozonefs/target/test-dir/MiniOzoneClusterImpl-5b64906c-d720-4906-b30c-b6d56a2122fd/datanode-4/data/ratis/bbbb756d-71c4-4fb8-bcce-8879aef66dd1
2019-09-26 21:18:42,858 [pool-67-thread-1] INFO  server.RaftServerConfigKeys (ConfUtils.java:logGet(43)) - raft.server.log.queue.byte-limit = 2147483647 (custom)
2019-09-26 21:18:42,858 [pool-67-thread-1] INFO  server.RaftServerConfigKeys (ConfUtils.java:logGet(43)) - raft.server.log.queue.element-limit = 1024 (custom)
2019-09-26 21:18:42,858 [pool-67-thread-1] INFO  server.RaftServerConfigKeys (ConfUtils.java:logGet(43)) - raft.server.log.segment.size.max = 1048576 (custom)
2019-09-26 21:18:42,858 [pool-67-thread-1] INFO  server.RaftServerConfigKeys (ConfUtils.java:logGet(43)) - raft.server.log.preallocated.size = 16384 (custom)
2019-09-26 21:18:42,859 [pool-67-thread-1] INFO  server.RaftServerConfigKeys (ConfUtils.java:logGet(43)) - raft.server.log.write.buffer.size = 33554432 (custom)
2019-09-26 21:18:42,859 [pool-67-thread-1] INFO  server.RaftServerConfigKeys (ConfUtils.java:logGet(43)) - raft.server.log.force.sync.num = 128 (default)
2019-09-26 21:18:42,859 [pool-67-thread-1] INFO  server.RaftServerConfigKeys (ConfUtils.java:logGet(43)) - raft.server.log.statemachine.data.sync = true (default)
2019-09-26 21:18:42,859 [pool-67-thread-1] INFO  server.RaftServerConfigKeys (ConfUtils.java:logGet(43)) - raft.server.log.statemachine.data.sync.timeout = 10s (default)
2019-09-26 21:18:42,859 [pool-67-thread-1] INFO  server.RaftServerConfigKeys (ConfUtils.java:logGet(43)) - raft.server.log.statemachine.data.sync.timeout.retry = -1 (default)
2019-09-26 21:18:42,860 [pool-67-thread-1] INFO  server.RaftServerConfigKeys (ConfUtils.java:logGet(43)) - raft.server.log.statemachine.data.caching.enabled = true (custom)
2019-09-26 21:18:42,860 [pool-67-thread-1] INFO  segmented.SegmentedRaftLogWorker (SegmentedRaftLogWorker.java:lambda$new$0(132)) - da833d8d-e72a-4068-9560-4daa2d83adc2@group-8879AEF66DD1-SegmentedRaftLogWorker: flushIndex: setUnconditionally 0 -> -1
2019-09-26 21:18:42,860 [pool-67-thread-1] INFO  server.RaftServerConfigKeys (ConfUtils.java:logGet(43)) - raft.server.snapshot.auto.trigger.enabled = true (custom)
2019-09-26 21:18:42,861 [pool-67-thread-1] INFO  server.RaftServerConfigKeys (ConfUtils.java:logGet(43)) - raft.server.snapshot.auto.trigger.threshold = 10000 (custom)
2019-09-26 21:18:42,861 [pool-67-thread-1] INFO  server.RaftServerConfigKeys (ConfUtils.java:logGet(43)) - raft.server.snapshot.retention.num.files = 5 (custom)
2019-09-26 21:18:42,861 [pool-67-thread-1] INFO  server.RaftServerConfigKeys (ConfUtils.java:logGet(43)) - raft.server.retrycache.expirytime = 600000ms (custom)
2019-09-26 21:18:42,864 [pool-67-thread-1] INFO  impl.RaftServerImpl (RaftServerImpl.java:start(185)) - da833d8d-e72a-4068-9560-4daa2d83adc2@group-8879AEF66DD1: start as a follower, conf=-1: [da833d8d-e72a-4068-9560-4daa2d83adc2:192.168.151.99:38903], old=null
2019-09-26 21:18:42,864 [pool-67-thread-1] INFO  impl.RaftServerImpl (RaftServerImpl.java:setRole(174)) - da833d8d-e72a-4068-9560-4daa2d83adc2@group-8879AEF66DD1: changes role from      null to FOLLOWER at term 0 for startAsFollower
2019-09-26 21:18:42,865 [pool-67-thread-1] INFO  impl.RoleInfo (RoleInfo.java:updateAndGet(143)) - da833d8d-e72a-4068-9560-4daa2d83adc2: start FollowerState
2019-09-26 21:18:42,865 [pool-67-thread-1] INFO  util.JmxRegister (JmxRegister.java:tryRegister(44)) - Successfully registered JMX Bean with object name Ratis:service=RaftServer,group=group-8879AEF66DD1,id=da833d8d-e72a-4068-9560-4daa2d83adc2
2019-09-26 21:18:42,881 [RatisPipelineUtilsThread] INFO  pipeline.PipelineStateManager (PipelineStateManager.java:addPipeline(56)) - Created pipeline Pipeline[ Id: bbbb756d-71c4-4fb8-bcce-8879aef66dd1, Nodes: da833d8d-e72a-4068-9560-4daa2d83adc2{ip: 192.168.151.99, host: pr-hdds-1569-g6sp5-2013761785, networkLocation: /default-rack, certSerialId: null}, Type:RATIS, Factor:ONE, State:OPEN]
2019-09-26 21:18:42,895 [grpc-default-executor-0] INFO  impl.RaftServerProxy (RaftServerProxy.java:addNew(89)) - 0c640f50-2bc9-49b6-b785-a27e3116e6ba: addNew group-B1BCA833789C:[0c640f50-2bc9-49b6-b785-a27e3116e6ba:192.168.151.99:42361] returns group-B1BCA833789C:java.util.concurrent.CompletableFuture@79ed116a[Not completed]
2019-09-26 21:18:42,897 [pool-57-thread-1] INFO  impl.RaftServerImpl (RaftServerImpl.java:<init>(95)) - 0c640f50-2bc9-49b6-b785-a27e3116e6ba: new RaftServerImpl for group-B1BCA833789C:[0c640f50-2bc9-49b6-b785-a27e3116e6ba:192.168.151.99:42361] with ContainerStateMachine:uninitialized
2019-09-26 21:18:42,897 [pool-57-thread-1] INFO  server.RaftServerConfigKeys (ConfUtils.java:logGet(43)) - raft.server.rpc.timeout.min = 5s (custom)
2019-09-26 21:18:42,898 [pool-57-thread-1] INFO  server.RaftServerConfigKeys (ConfUtils.java:logGet(43)) - raft.server.rpc.timeout.max = 5200ms (custom)
2019-09-26 21:18:42,898 [pool-57-thread-1] INFO  server.RaftServerConfigKeys (ConfUtils.java:logGet(43)) - raft.server.rpcslowness.timeout = 120s (custom)
2019-09-26 21:18:42,898 [pool-57-thread-1] INFO  server.RaftServerConfigKeys (ConfUtils.java:logGet(43)) - raft.server.sleep.deviation.threshold = 300 (default)
2019-09-26 21:18:42,898 [pool-57-thread-1] INFO  server.RaftServerConfigKeys (ConfUtils.java:logGet(43)) - raft.server.log.appender.install.snapshot.enabled = false (custom)
2019-09-26 21:18:42,898 [pool-57-thread-1] INFO  impl.RaftServerImpl (ServerState.java:<init>(103)) - 0c640f50-2bc9-49b6-b785-a27e3116e6ba@group-B1BCA833789C: ConfigurationManager, init=-1: [0c640f50-2bc9-49b6-b785-a27e3116e6ba:192.168.151.99:42361], old=null, confs=<EMPTY_MAP>
2019-09-26 21:18:42,898 [pool-57-thread-1] INFO  server.RaftServerConfigKeys (ConfUtils.java:logGet(43)) - raft.server.storage.dir = [/workdir/hadoop-ozone/ozonefs/target/test-dir/MiniOzoneClusterImpl-5b64906c-d720-4906-b30c-b6d56a2122fd/datanode-3/data/ratis] (custom)
2019-09-26 21:18:42,899 [pool-57-thread-1] INFO  storage.RaftStorageDirectory (RaftStorageDirectory.java:analyzeStorage(246)) - The storage directory /workdir/hadoop-ozone/ozonefs/target/test-dir/MiniOzoneClusterImpl-5b64906c-d720-4906-b30c-b6d56a2122fd/datanode-3/data/ratis/c465924f-4c77-4d59-9b95-b1bca833789c does not exist. Creating ...
2019-09-26 21:18:42,912 [pool-57-thread-1] INFO  storage.RaftStorageDirectory (RaftStorageDirectory.java:tryLock(328)) - Lock on /workdir/hadoop-ozone/ozonefs/target/test-dir/MiniOzoneClusterImpl-5b64906c-d720-4906-b30c-b6d56a2122fd/datanode-3/data/ratis/c465924f-4c77-4d59-9b95-b1bca833789c/in_use.lock acquired by nodename 10701@pr-hdds-1569-g6sp5-2013761785
2019-09-26 21:18:42,925 [pool-57-thread-1] INFO  storage.RaftStorage (RaftStorage.java:format(72)) - Storage directory /workdir/hadoop-ozone/ozonefs/target/test-dir/MiniOzoneClusterImpl-5b64906c-d720-4906-b30c-b6d56a2122fd/datanode-3/data/ratis/c465924f-4c77-4d59-9b95-b1bca833789c has been successfully formatted.
2019-09-26 21:18:42,925 [pool-57-thread-1] INFO  ratis.ContainerStateMachine (ContainerStateMachine.java:loadSnapshot(230)) - group-B1BCA833789C: The snapshot info is null. Setting the last applied indexto:(t:0, i:~)
2019-09-26 21:18:42,925 [pool-57-thread-1] INFO  server.RaftServerConfigKeys (ConfUtils.java:logGet(43)) - raft.server.notification.no-leader.timeout = 120s (custom)
2019-09-26 21:18:42,925 [pool-57-thread-1] INFO  server.RaftServerConfigKeys (ConfUtils.java:logGet(43)) - raft.server.log.use.memory = false (default)
2019-09-26 21:18:42,925 [pool-57-thread-1] INFO  server.RaftServerConfigKeys (ConfUtils.java:logGet(43)) - raft.server.log.purge.gap = 1000000 (custom)
2019-09-26 21:18:42,926 [pool-57-thread-1] INFO  server.RaftServerConfigKeys (ConfUtils.java:logGet(43)) - raft.server.log.appender.buffer.byte-limit = 33554432 (custom)
2019-09-26 21:18:42,926 [pool-57-thread-1] INFO  server.RaftServerConfigKeys (ConfUtils.java:logGet(43)) - raft.server.log.segment.size.max = 1048576 (custom)
2019-09-26 21:18:42,926 [pool-57-thread-1] INFO  server.RaftServerConfigKeys (ConfUtils.java:logGet(43)) - raft.server.log.segment.cache.num.max = 2 (custom)
2019-09-26 21:18:42,926 [pool-57-thread-1] INFO  segmented.SegmentedRaftLogWorker (SegmentedRaftLogWorker.java:<init>(172)) - new 0c640f50-2bc9-49b6-b785-a27e3116e6ba@group-B1BCA833789C-SegmentedRaftLogWorker for RaftStorage:Storage Directory /workdir/hadoop-ozone/ozonefs/target/test-dir/MiniOzoneClusterImpl-5b64906c-d720-4906-b30c-b6d56a2122fd/datanode-3/data/ratis/c465924f-4c77-4d59-9b95-b1bca833789c
2019-09-26 21:18:42,926 [pool-57-thread-1] INFO  server.RaftServerConfigKeys (ConfUtils.java:logGet(43)) - raft.server.log.queue.byte-limit = 2147483647 (custom)
2019-09-26 21:18:42,926 [pool-57-thread-1] INFO  server.RaftServerConfigKeys (ConfUtils.java:logGet(43)) - raft.server.log.queue.element-limit = 1024 (custom)
2019-09-26 21:18:42,926 [pool-57-thread-1] INFO  server.RaftServerConfigKeys (ConfUtils.java:logGet(43)) - raft.server.log.segment.size.max = 1048576 (custom)
2019-09-26 21:18:42,927 [pool-57-thread-1] INFO  server.RaftServerConfigKeys (ConfUtils.java:logGet(43)) - raft.server.log.preallocated.size = 16384 (custom)
2019-09-26 21:18:42,927 [pool-57-thread-1] INFO  server.RaftServerConfigKeys (ConfUtils.java:logGet(43)) - raft.server.log.write.buffer.size = 33554432 (custom)
2019-09-26 21:18:42,927 [pool-57-thread-1] INFO  server.RaftServerConfigKeys (ConfUtils.java:logGet(43)) - raft.server.log.force.sync.num = 128 (default)
2019-09-26 21:18:42,927 [pool-57-thread-1] INFO  server.RaftServerConfigKeys (ConfUtils.java:logGet(43)) - raft.server.log.statemachine.data.sync = true (default)
2019-09-26 21:18:42,927 [pool-57-thread-1] INFO  server.RaftServerConfigKeys (ConfUtils.java:logGet(43)) - raft.server.log.statemachine.data.sync.timeout = 10s (default)
2019-09-26 21:18:42,927 [pool-57-thread-1] INFO  server.RaftServerConfigKeys (ConfUtils.java:logGet(43)) - raft.server.log.statemachine.data.sync.timeout.retry = -1 (default)
2019-09-26 21:18:42,928 [pool-57-thread-1] INFO  server.RaftServerConfigKeys (ConfUtils.java:logGet(43)) - raft.server.log.statemachine.data.caching.enabled = true (custom)
2019-09-26 21:18:42,928 [pool-57-thread-1] INFO  segmented.SegmentedRaftLogWorker (SegmentedRaftLogWorker.java:lambda$new$0(132)) - 0c640f50-2bc9-49b6-b785-a27e3116e6ba@group-B1BCA833789C-SegmentedRaftLogWorker: flushIndex: setUnconditionally 0 -> -1
2019-09-26 21:18:42,928 [pool-57-thread-1] INFO  server.RaftServerConfigKeys (ConfUtils.java:logGet(43)) - raft.server.snapshot.auto.trigger.enabled = true (custom)
2019-09-26 21:18:42,928 [pool-57-thread-1] INFO  server.RaftServerConfigKeys (ConfUtils.java:logGet(43)) - raft.server.snapshot.auto.trigger.threshold = 10000 (custom)
2019-09-26 21:18:42,928 [pool-57-thread-1] INFO  server.RaftServerConfigKeys (ConfUtils.java:logGet(43)) - raft.server.snapshot.retention.num.files = 5 (custom)
2019-09-26 21:18:42,929 [pool-57-thread-1] INFO  server.RaftServerConfigKeys (ConfUtils.java:logGet(43)) - raft.server.retrycache.expirytime = 600000ms (custom)
2019-09-26 21:18:42,931 [pool-57-thread-1] INFO  impl.RaftServerImpl (RaftServerImpl.java:start(185)) - 0c640f50-2bc9-49b6-b785-a27e3116e6ba@group-B1BCA833789C: start as a follower, conf=-1: [0c640f50-2bc9-49b6-b785-a27e3116e6ba:192.168.151.99:42361], old=null
2019-09-26 21:18:42,932 [pool-57-thread-1] INFO  impl.RaftServerImpl (RaftServerImpl.java:setRole(174)) - 0c640f50-2bc9-49b6-b785-a27e3116e6ba@group-B1BCA833789C: changes role from      null to FOLLOWER at term 0 for startAsFollower
2019-09-26 21:18:42,932 [pool-57-thread-1] INFO  impl.RoleInfo (RoleInfo.java:updateAndGet(143)) - 0c640f50-2bc9-49b6-b785-a27e3116e6ba: start FollowerState
2019-09-26 21:18:42,932 [pool-57-thread-1] INFO  util.JmxRegister (JmxRegister.java:tryRegister(44)) - Successfully registered JMX Bean with object name Ratis:service=RaftServer,group=group-B1BCA833789C,id=0c640f50-2bc9-49b6-b785-a27e3116e6ba
2019-09-26 21:18:42,945 [RatisPipelineUtilsThread] INFO  pipeline.PipelineStateManager (PipelineStateManager.java:addPipeline(56)) - Created pipeline Pipeline[ Id: c465924f-4c77-4d59-9b95-b1bca833789c, Nodes: 0c640f50-2bc9-49b6-b785-a27e3116e6ba{ip: 192.168.151.99, host: pr-hdds-1569-g6sp5-2013761785, networkLocation: /default-rack, certSerialId: null}, Type:RATIS, Factor:ONE, State:OPEN]
2019-09-26 21:18:42,967 [grpc-default-executor-0] INFO  impl.RaftServerProxy (RaftServerProxy.java:addNew(89)) - 1178c3ae-d0b4-4d44-b144-fe8504cc41ac: addNew group-165035D7ECE2:[1178c3ae-d0b4-4d44-b144-fe8504cc41ac:192.168.151.99:33787] returns group-165035D7ECE2:java.util.concurrent.CompletableFuture@6e3c76c7[Not completed]
2019-09-26 21:18:42,970 [pool-37-thread-1] INFO  impl.RaftServerImpl (RaftServerImpl.java:<init>(95)) - 1178c3ae-d0b4-4d44-b144-fe8504cc41ac: new RaftServerImpl for group-165035D7ECE2:[1178c3ae-d0b4-4d44-b144-fe8504cc41ac:192.168.151.99:33787] with ContainerStateMachine:uninitialized
2019-09-26 21:18:42,970 [pool-37-thread-1] INFO  server.RaftServerConfigKeys (ConfUtils.java:logGet(43)) - raft.server.rpc.timeout.min = 5s (custom)
2019-09-26 21:18:42,970 [pool-37-thread-1] INFO  server.RaftServerConfigKeys (ConfUtils.java:logGet(43)) - raft.server.rpc.timeout.max = 5200ms (custom)
2019-09-26 21:18:42,970 [pool-37-thread-1] INFO  server.RaftServerConfigKeys (ConfUtils.java:logGet(43)) - raft.server.rpcslowness.timeout = 120s (custom)
2019-09-26 21:18:42,970 [pool-37-thread-1] INFO  server.RaftServerConfigKeys (ConfUtils.java:logGet(43)) - raft.server.sleep.deviation.threshold = 300 (default)
2019-09-26 21:18:42,971 [pool-37-thread-1] INFO  server.RaftServerConfigKeys (ConfUtils.java:logGet(43)) - raft.server.log.appender.install.snapshot.enabled = false (custom)
2019-09-26 21:18:42,971 [pool-37-thread-1] INFO  impl.RaftServerImpl (ServerState.java:<init>(103)) - 1178c3ae-d0b4-4d44-b144-fe8504cc41ac@group-165035D7ECE2: ConfigurationManager, init=-1: [1178c3ae-d0b4-4d44-b144-fe8504cc41ac:192.168.151.99:33787], old=null, confs=<EMPTY_MAP>
2019-09-26 21:18:42,971 [pool-37-thread-1] INFO  server.RaftServerConfigKeys (ConfUtils.java:logGet(43)) - raft.server.storage.dir = [/workdir/hadoop-ozone/ozonefs/target/test-dir/MiniOzoneClusterImpl-5b64906c-d720-4906-b30c-b6d56a2122fd/datanode-1/data/ratis] (custom)
2019-09-26 21:18:42,971 [pool-37-thread-1] INFO  storage.RaftStorageDirectory (RaftStorageDirectory.java:analyzeStorage(246)) - The storage directory /workdir/hadoop-ozone/ozonefs/target/test-dir/MiniOzoneClusterImpl-5b64906c-d720-4906-b30c-b6d56a2122fd/datanode-1/data/ratis/778e25c8-5dfd-4f72-9b65-165035d7ece2 does not exist. Creating ...
2019-09-26 21:18:42,984 [pool-37-thread-1] INFO  storage.RaftStorageDirectory (RaftStorageDirectory.java:tryLock(328)) - Lock on /workdir/hadoop-ozone/ozonefs/target/test-dir/MiniOzoneClusterImpl-5b64906c-d720-4906-b30c-b6d56a2122fd/datanode-1/data/ratis/778e25c8-5dfd-4f72-9b65-165035d7ece2/in_use.lock acquired by nodename 10701@pr-hdds-1569-g6sp5-2013761785
2019-09-26 21:18:42,997 [pool-37-thread-1] INFO  storage.RaftStorage (RaftStorage.java:format(72)) - Storage directory /workdir/hadoop-ozone/ozonefs/target/test-dir/MiniOzoneClusterImpl-5b64906c-d720-4906-b30c-b6d56a2122fd/datanode-1/data/ratis/778e25c8-5dfd-4f72-9b65-165035d7ece2 has been successfully formatted.
2019-09-26 21:18:42,997 [pool-37-thread-1] INFO  ratis.ContainerStateMachine (ContainerStateMachine.java:loadSnapshot(230)) - group-165035D7ECE2: The snapshot info is null. Setting the last applied indexto:(t:0, i:~)
2019-09-26 21:18:42,997 [pool-37-thread-1] INFO  server.RaftServerConfigKeys (ConfUtils.java:logGet(43)) - raft.server.notification.no-leader.timeout = 120s (custom)
2019-09-26 21:18:42,997 [pool-37-thread-1] INFO  server.RaftServerConfigKeys (ConfUtils.java:logGet(43)) - raft.server.log.use.memory = false (default)
2019-09-26 21:18:42,997 [pool-37-thread-1] INFO  server.RaftServerConfigKeys (ConfUtils.java:logGet(43)) - raft.server.log.purge.gap = 1000000 (custom)
2019-09-26 21:18:42,998 [pool-37-thread-1] INFO  server.RaftServerConfigKeys (ConfUtils.java:logGet(43)) - raft.server.log.appender.buffer.byte-limit = 33554432 (custom)
2019-09-26 21:18:42,998 [pool-37-thread-1] INFO  server.RaftServerConfigKeys (ConfUtils.java:logGet(43)) - raft.server.log.segment.size.max = 1048576 (custom)
2019-09-26 21:18:43,093 [pool-37-thread-1] INFO  server.RaftServerConfigKeys (ConfUtils.java:logGet(43)) - raft.server.log.segment.cache.num.max = 2 (custom)
2019-09-26 21:18:43,093 [pool-37-thread-1] INFO  segmented.SegmentedRaftLogWorker (SegmentedRaftLogWorker.java:<init>(172)) - new 1178c3ae-d0b4-4d44-b144-fe8504cc41ac@group-165035D7ECE2-SegmentedRaftLogWorker for RaftStorage:Storage Directory /workdir/hadoop-ozone/ozonefs/target/test-dir/MiniOzoneClusterImpl-5b64906c-d720-4906-b30c-b6d56a2122fd/datanode-1/data/ratis/778e25c8-5dfd-4f72-9b65-165035d7ece2
2019-09-26 21:18:43,096 [pool-37-thread-1] INFO  server.RaftServerConfigKeys (ConfUtils.java:logGet(43)) - raft.server.log.queue.byte-limit = 2147483647 (custom)
2019-09-26 21:18:43,096 [pool-37-thread-1] INFO  server.RaftServerConfigKeys (ConfUtils.java:logGet(43)) - raft.server.log.queue.element-limit = 1024 (custom)
2019-09-26 21:18:43,096 [pool-37-thread-1] INFO  server.RaftServerConfigKeys (ConfUtils.java:logGet(43)) - raft.server.log.segment.size.max = 1048576 (custom)
2019-09-26 21:18:43,096 [pool-37-thread-1] INFO  server.RaftServerConfigKeys (ConfUtils.java:logGet(43)) - raft.server.log.preallocated.size = 16384 (custom)
2019-09-26 21:18:43,097 [pool-37-thread-1] INFO  server.RaftServerConfigKeys (ConfUtils.java:logGet(43)) - raft.server.log.write.buffer.size = 33554432 (custom)
2019-09-26 21:18:43,097 [pool-37-thread-1] INFO  server.RaftServerConfigKeys (ConfUtils.java:logGet(43)) - raft.server.log.force.sync.num = 128 (default)
2019-09-26 21:18:43,097 [pool-37-thread-1] INFO  server.RaftServerConfigKeys (ConfUtils.java:logGet(43)) - raft.server.log.statemachine.data.sync = true (default)
2019-09-26 21:18:43,097 [pool-37-thread-1] INFO  server.RaftServerConfigKeys (ConfUtils.java:logGet(43)) - raft.server.log.statemachine.data.sync.timeout = 10s (default)
2019-09-26 21:18:43,097 [pool-37-thread-1] INFO  server.RaftServerConfigKeys (ConfUtils.java:logGet(43)) - raft.server.log.statemachine.data.sync.timeout.retry = -1 (default)
2019-09-26 21:18:43,097 [pool-37-thread-1] INFO  server.RaftServerConfigKeys (ConfUtils.java:logGet(43)) - raft.server.log.statemachine.data.caching.enabled = true (custom)
2019-09-26 21:18:43,098 [pool-37-thread-1] INFO  segmented.SegmentedRaftLogWorker (SegmentedRaftLogWorker.java:lambda$new$0(132)) - 1178c3ae-d0b4-4d44-b144-fe8504cc41ac@group-165035D7ECE2-SegmentedRaftLogWorker: flushIndex: setUnconditionally 0 -> -1
2019-09-26 21:18:43,098 [pool-37-thread-1] INFO  server.RaftServerConfigKeys (ConfUtils.java:logGet(43)) - raft.server.snapshot.auto.trigger.enabled = true (custom)
2019-09-26 21:18:43,098 [pool-37-thread-1] INFO  server.RaftServerConfigKeys (ConfUtils.java:logGet(43)) - raft.server.snapshot.auto.trigger.threshold = 10000 (custom)
2019-09-26 21:18:43,098 [pool-37-thread-1] INFO  server.RaftServerConfigKeys (ConfUtils.java:logGet(43)) - raft.server.snapshot.retention.num.files = 5 (custom)
2019-09-26 21:18:43,098 [pool-37-thread-1] INFO  server.RaftServerConfigKeys (ConfUtils.java:logGet(43)) - raft.server.retrycache.expirytime = 600000ms (custom)
2019-09-26 21:18:43,126 [pool-37-thread-1] INFO  impl.RaftServerImpl (RaftServerImpl.java:start(185)) - 1178c3ae-d0b4-4d44-b144-fe8504cc41ac@group-165035D7ECE2: start as a follower, conf=-1: [1178c3ae-d0b4-4d44-b144-fe8504cc41ac:192.168.151.99:33787], old=null
2019-09-26 21:18:43,126 [pool-37-thread-1] INFO  impl.RaftServerImpl (RaftServerImpl.java:setRole(174)) - 1178c3ae-d0b4-4d44-b144-fe8504cc41ac@group-165035D7ECE2: changes role from      null to FOLLOWER at term 0 for startAsFollower
2019-09-26 21:18:43,126 [pool-37-thread-1] INFO  impl.RoleInfo (RoleInfo.java:updateAndGet(143)) - 1178c3ae-d0b4-4d44-b144-fe8504cc41ac: start FollowerState
2019-09-26 21:18:43,127 [pool-37-thread-1] INFO  util.JmxRegister (JmxRegister.java:tryRegister(44)) - Successfully registered JMX Bean with object name Ratis:service=RaftServer,group=group-165035D7ECE2,id=1178c3ae-d0b4-4d44-b144-fe8504cc41ac
2019-09-26 21:18:43,135 [RatisPipelineUtilsThread] INFO  pipeline.PipelineStateManager (PipelineStateManager.java:addPipeline(56)) - Created pipeline Pipeline[ Id: 778e25c8-5dfd-4f72-9b65-165035d7ece2, Nodes: 1178c3ae-d0b4-4d44-b144-fe8504cc41ac{ip: 192.168.151.99, host: pr-hdds-1569-g6sp5-2013761785, networkLocation: /default-rack, certSerialId: null}, Type:RATIS, Factor:ONE, State:OPEN]
2019-09-26 21:18:43,148 [grpc-default-executor-0] INFO  impl.RaftServerProxy (RaftServerProxy.java:addNew(89)) - 09112efe-1fad-4539-a04f-c96aef6d2351: addNew group-A082AD14FA03:[09112efe-1fad-4539-a04f-c96aef6d2351:192.168.151.99:45286] returns group-A082AD14FA03:java.util.concurrent.CompletableFuture@b088f05[Not completed]
2019-09-26 21:18:43,150 [pool-47-thread-1] INFO  impl.RaftServerImpl (RaftServerImpl.java:<init>(95)) - 09112efe-1fad-4539-a04f-c96aef6d2351: new RaftServerImpl for group-A082AD14FA03:[09112efe-1fad-4539-a04f-c96aef6d2351:192.168.151.99:45286] with ContainerStateMachine:uninitialized
2019-09-26 21:18:43,150 [pool-47-thread-1] INFO  server.RaftServerConfigKeys (ConfUtils.java:logGet(43)) - raft.server.rpc.timeout.min = 5s (custom)
2019-09-26 21:18:43,151 [pool-47-thread-1] INFO  server.RaftServerConfigKeys (ConfUtils.java:logGet(43)) - raft.server.rpc.timeout.max = 5200ms (custom)
2019-09-26 21:18:43,151 [pool-47-thread-1] INFO  server.RaftServerConfigKeys (ConfUtils.java:logGet(43)) - raft.server.rpcslowness.timeout = 120s (custom)
2019-09-26 21:18:43,151 [pool-47-thread-1] INFO  server.RaftServerConfigKeys (ConfUtils.java:logGet(43)) - raft.server.sleep.deviation.threshold = 300 (default)
2019-09-26 21:18:43,152 [pool-47-thread-1] INFO  server.RaftServerConfigKeys (ConfUtils.java:logGet(43)) - raft.server.log.appender.install.snapshot.enabled = false (custom)
2019-09-26 21:18:43,152 [pool-47-thread-1] INFO  impl.RaftServerImpl (ServerState.java:<init>(103)) - 09112efe-1fad-4539-a04f-c96aef6d2351@group-A082AD14FA03: ConfigurationManager, init=-1: [09112efe-1fad-4539-a04f-c96aef6d2351:192.168.151.99:45286], old=null, confs=<EMPTY_MAP>
2019-09-26 21:18:43,152 [pool-47-thread-1] INFO  server.RaftServerConfigKeys (ConfUtils.java:logGet(43)) - raft.server.storage.dir = [/workdir/hadoop-ozone/ozonefs/target/test-dir/MiniOzoneClusterImpl-5b64906c-d720-4906-b30c-b6d56a2122fd/datanode-2/data/ratis] (custom)
2019-09-26 21:18:43,153 [pool-47-thread-1] INFO  storage.RaftStorageDirectory (RaftStorageDirectory.java:analyzeStorage(246)) - The storage directory /workdir/hadoop-ozone/ozonefs/target/test-dir/MiniOzoneClusterImpl-5b64906c-d720-4906-b30c-b6d56a2122fd/datanode-2/data/ratis/0dc45146-5fb6-4114-b545-a082ad14fa03 does not exist. Creating ...
2019-09-26 21:18:43,166 [pool-47-thread-1] INFO  storage.RaftStorageDirectory (RaftStorageDirectory.java:tryLock(328)) - Lock on /workdir/hadoop-ozone/ozonefs/target/test-dir/MiniOzoneClusterImpl-5b64906c-d720-4906-b30c-b6d56a2122fd/datanode-2/data/ratis/0dc45146-5fb6-4114-b545-a082ad14fa03/in_use.lock acquired by nodename 10701@pr-hdds-1569-g6sp5-2013761785
2019-09-26 21:18:43,180 [pool-47-thread-1] INFO  storage.RaftStorage (RaftStorage.java:format(72)) - Storage directory /workdir/hadoop-ozone/ozonefs/target/test-dir/MiniOzoneClusterImpl-5b64906c-d720-4906-b30c-b6d56a2122fd/datanode-2/data/ratis/0dc45146-5fb6-4114-b545-a082ad14fa03 has been successfully formatted.
2019-09-26 21:18:43,181 [pool-47-thread-1] INFO  ratis.ContainerStateMachine (ContainerStateMachine.java:loadSnapshot(230)) - group-A082AD14FA03: The snapshot info is null. Setting the last applied indexto:(t:0, i:~)
2019-09-26 21:18:43,181 [pool-47-thread-1] INFO  server.RaftServerConfigKeys (ConfUtils.java:logGet(43)) - raft.server.notification.no-leader.timeout = 120s (custom)
2019-09-26 21:18:43,181 [pool-47-thread-1] INFO  server.RaftServerConfigKeys (ConfUtils.java:logGet(43)) - raft.server.log.use.memory = false (default)
2019-09-26 21:18:43,182 [pool-47-thread-1] INFO  server.RaftServerConfigKeys (ConfUtils.java:logGet(43)) - raft.server.log.purge.gap = 1000000 (custom)
2019-09-26 21:18:43,182 [pool-47-thread-1] INFO  server.RaftServerConfigKeys (ConfUtils.java:logGet(43)) - raft.server.log.appender.buffer.byte-limit = 33554432 (custom)
2019-09-26 21:18:43,182 [pool-47-thread-1] INFO  server.RaftServerConfigKeys (ConfUtils.java:logGet(43)) - raft.server.log.segment.size.max = 1048576 (custom)
2019-09-26 21:18:43,183 [pool-47-thread-1] INFO  server.RaftServerConfigKeys (ConfUtils.java:logGet(43)) - raft.server.log.segment.cache.num.max = 2 (custom)
2019-09-26 21:18:43,183 [pool-47-thread-1] INFO  segmented.SegmentedRaftLogWorker (SegmentedRaftLogWorker.java:<init>(172)) - new 09112efe-1fad-4539-a04f-c96aef6d2351@group-A082AD14FA03-SegmentedRaftLogWorker for RaftStorage:Storage Directory /workdir/hadoop-ozone/ozonefs/target/test-dir/MiniOzoneClusterImpl-5b64906c-d720-4906-b30c-b6d56a2122fd/datanode-2/data/ratis/0dc45146-5fb6-4114-b545-a082ad14fa03
2019-09-26 21:18:43,183 [pool-47-thread-1] INFO  server.RaftServerConfigKeys (ConfUtils.java:logGet(43)) - raft.server.log.queue.byte-limit = 2147483647 (custom)
2019-09-26 21:18:43,183 [pool-47-thread-1] INFO  server.RaftServerConfigKeys (ConfUtils.java:logGet(43)) - raft.server.log.queue.element-limit = 1024 (custom)
2019-09-26 21:18:43,184 [pool-47-thread-1] INFO  server.RaftServerConfigKeys (ConfUtils.java:logGet(43)) - raft.server.log.segment.size.max = 1048576 (custom)
2019-09-26 21:18:43,184 [pool-47-thread-1] INFO  server.RaftServerConfigKeys (ConfUtils.java:logGet(43)) - raft.server.log.preallocated.size = 16384 (custom)
2019-09-26 21:18:43,184 [pool-47-thread-1] INFO  server.RaftServerConfigKeys (ConfUtils.java:logGet(43)) - raft.server.log.write.buffer.size = 33554432 (custom)
2019-09-26 21:18:43,185 [pool-47-thread-1] INFO  server.RaftServerConfigKeys (ConfUtils.java:logGet(43)) - raft.server.log.force.sync.num = 128 (default)
2019-09-26 21:18:43,185 [pool-47-thread-1] INFO  server.RaftServerConfigKeys (ConfUtils.java:logGet(43)) - raft.server.log.statemachine.data.sync = true (default)
2019-09-26 21:18:43,185 [pool-47-thread-1] INFO  server.RaftServerConfigKeys (ConfUtils.java:logGet(43)) - raft.server.log.statemachine.data.sync.timeout = 10s (default)
2019-09-26 21:18:43,185 [pool-47-thread-1] INFO  server.RaftServerConfigKeys (ConfUtils.java:logGet(43)) - raft.server.log.statemachine.data.sync.timeout.retry = -1 (default)
2019-09-26 21:18:43,186 [pool-47-thread-1] INFO  server.RaftServerConfigKeys (ConfUtils.java:logGet(43)) - raft.server.log.statemachine.data.caching.enabled = true (custom)
2019-09-26 21:18:43,186 [pool-47-thread-1] INFO  segmented.SegmentedRaftLogWorker (SegmentedRaftLogWorker.java:lambda$new$0(132)) - 09112efe-1fad-4539-a04f-c96aef6d2351@group-A082AD14FA03-SegmentedRaftLogWorker: flushIndex: setUnconditionally 0 -> -1
2019-09-26 21:18:43,187 [pool-47-thread-1] INFO  server.RaftServerConfigKeys (ConfUtils.java:logGet(43)) - raft.server.snapshot.auto.trigger.enabled = true (custom)
2019-09-26 21:18:43,187 [pool-47-thread-1] INFO  server.RaftServerConfigKeys (ConfUtils.java:logGet(43)) - raft.server.snapshot.auto.trigger.threshold = 10000 (custom)
2019-09-26 21:18:43,187 [pool-47-thread-1] INFO  server.RaftServerConfigKeys (ConfUtils.java:logGet(43)) - raft.server.snapshot.retention.num.files = 5 (custom)
2019-09-26 21:18:43,188 [pool-47-thread-1] INFO  server.RaftServerConfigKeys (ConfUtils.java:logGet(43)) - raft.server.retrycache.expirytime = 600000ms (custom)
2019-09-26 21:18:43,193 [pool-47-thread-1] INFO  impl.RaftServerImpl (RaftServerImpl.java:start(185)) - 09112efe-1fad-4539-a04f-c96aef6d2351@group-A082AD14FA03: start as a follower, conf=-1: [09112efe-1fad-4539-a04f-c96aef6d2351:192.168.151.99:45286], old=null
2019-09-26 21:18:43,193 [pool-47-thread-1] INFO  impl.RaftServerImpl (RaftServerImpl.java:setRole(174)) - 09112efe-1fad-4539-a04f-c96aef6d2351@group-A082AD14FA03: changes role from      null to FOLLOWER at term 0 for startAsFollower
2019-09-26 21:18:43,193 [pool-47-thread-1] INFO  impl.RoleInfo (RoleInfo.java:updateAndGet(143)) - 09112efe-1fad-4539-a04f-c96aef6d2351: start FollowerState
2019-09-26 21:18:43,194 [pool-47-thread-1] INFO  util.JmxRegister (JmxRegister.java:tryRegister(44)) - Successfully registered JMX Bean with object name Ratis:service=RaftServer,group=group-A082AD14FA03,id=09112efe-1fad-4539-a04f-c96aef6d2351
2019-09-26 21:18:43,204 [RatisPipelineUtilsThread] INFO  pipeline.PipelineStateManager (PipelineStateManager.java:addPipeline(56)) - Created pipeline Pipeline[ Id: 0dc45146-5fb6-4114-b545-a082ad14fa03, Nodes: 09112efe-1fad-4539-a04f-c96aef6d2351{ip: 192.168.151.99, host: pr-hdds-1569-g6sp5-2013761785, networkLocation: /default-rack, certSerialId: null}, Type:RATIS, Factor:ONE, State:OPEN]
2019-09-26 21:18:43,217 [grpc-default-executor-0] INFO  impl.RaftServerProxy (RaftServerProxy.java:addNew(89)) - 9ce0b59e-153f-4f41-8aed-492a76d80b48: addNew group-1DD5A2952B44:[9ce0b59e-153f-4f41-8aed-492a76d80b48:192.168.151.99:34156] returns group-1DD5A2952B44:java.util.concurrent.CompletableFuture@5a42b84d[Not completed]
2019-09-26 21:18:43,219 [pool-27-thread-1] INFO  impl.RaftServerImpl (RaftServerImpl.java:<init>(95)) - 9ce0b59e-153f-4f41-8aed-492a76d80b48: new RaftServerImpl for group-1DD5A2952B44:[9ce0b59e-153f-4f41-8aed-492a76d80b48:192.168.151.99:34156] with ContainerStateMachine:uninitialized
2019-09-26 21:18:43,219 [pool-27-thread-1] INFO  server.RaftServerConfigKeys (ConfUtils.java:logGet(43)) - raft.server.rpc.timeout.min = 5s (custom)
2019-09-26 21:18:43,219 [pool-27-thread-1] INFO  server.RaftServerConfigKeys (ConfUtils.java:logGet(43)) - raft.server.rpc.timeout.max = 5200ms (custom)
2019-09-26 21:18:43,219 [pool-27-thread-1] INFO  server.RaftServerConfigKeys (ConfUtils.java:logGet(43)) - raft.server.rpcslowness.timeout = 120s (custom)
2019-09-26 21:18:43,219 [pool-27-thread-1] INFO  server.RaftServerConfigKeys (ConfUtils.java:logGet(43)) - raft.server.sleep.deviation.threshold = 300 (default)
2019-09-26 21:18:43,219 [pool-27-thread-1] INFO  server.RaftServerConfigKeys (ConfUtils.java:logGet(43)) - raft.server.log.appender.install.snapshot.enabled = false (custom)
2019-09-26 21:18:43,219 [pool-27-thread-1] INFO  impl.RaftServerImpl (ServerState.java:<init>(103)) - 9ce0b59e-153f-4f41-8aed-492a76d80b48@group-1DD5A2952B44: ConfigurationManager, init=-1: [9ce0b59e-153f-4f41-8aed-492a76d80b48:192.168.151.99:34156], old=null, confs=<EMPTY_MAP>
2019-09-26 21:18:43,220 [pool-27-thread-1] INFO  server.RaftServerConfigKeys (ConfUtils.java:logGet(43)) - raft.server.storage.dir = [/workdir/hadoop-ozone/ozonefs/target/test-dir/MiniOzoneClusterImpl-5b64906c-d720-4906-b30c-b6d56a2122fd/datanode-0/data/ratis] (custom)
2019-09-26 21:18:43,220 [pool-27-thread-1] INFO  storage.RaftStorageDirectory (RaftStorageDirectory.java:analyzeStorage(246)) - The storage directory /workdir/hadoop-ozone/ozonefs/target/test-dir/MiniOzoneClusterImpl-5b64906c-d720-4906-b30c-b6d56a2122fd/datanode-0/data/ratis/6845e365-2b08-4d98-a0e0-1dd5a2952b44 does not exist. Creating ...
2019-09-26 21:18:43,233 [pool-27-thread-1] INFO  storage.RaftStorageDirectory (RaftStorageDirectory.java:tryLock(328)) - Lock on /workdir/hadoop-ozone/ozonefs/target/test-dir/MiniOzoneClusterImpl-5b64906c-d720-4906-b30c-b6d56a2122fd/datanode-0/data/ratis/6845e365-2b08-4d98-a0e0-1dd5a2952b44/in_use.lock acquired by nodename 10701@pr-hdds-1569-g6sp5-2013761785
2019-09-26 21:18:43,245 [pool-27-thread-1] INFO  storage.RaftStorage (RaftStorage.java:format(72)) - Storage directory /workdir/hadoop-ozone/ozonefs/target/test-dir/MiniOzoneClusterImpl-5b64906c-d720-4906-b30c-b6d56a2122fd/datanode-0/data/ratis/6845e365-2b08-4d98-a0e0-1dd5a2952b44 has been successfully formatted.
2019-09-26 21:18:43,246 [pool-27-thread-1] INFO  ratis.ContainerStateMachine (ContainerStateMachine.java:loadSnapshot(230)) - group-1DD5A2952B44: The snapshot info is null. Setting the last applied indexto:(t:0, i:~)
2019-09-26 21:18:43,246 [pool-27-thread-1] INFO  server.RaftServerConfigKeys (ConfUtils.java:logGet(43)) - raft.server.notification.no-leader.timeout = 120s (custom)
2019-09-26 21:18:43,246 [pool-27-thread-1] INFO  server.RaftServerConfigKeys (ConfUtils.java:logGet(43)) - raft.server.log.use.memory = false (default)
2019-09-26 21:18:43,246 [pool-27-thread-1] INFO  server.RaftServerConfigKeys (ConfUtils.java:logGet(43)) - raft.server.log.purge.gap = 1000000 (custom)
2019-09-26 21:18:43,246 [pool-27-thread-1] INFO  server.RaftServerConfigKeys (ConfUtils.java:logGet(43)) - raft.server.log.appender.buffer.byte-limit = 33554432 (custom)
2019-09-26 21:18:43,247 [pool-27-thread-1] INFO  server.RaftServerConfigKeys (ConfUtils.java:logGet(43)) - raft.server.log.segment.size.max = 1048576 (custom)
2019-09-26 21:18:43,247 [pool-27-thread-1] INFO  server.RaftServerConfigKeys (ConfUtils.java:logGet(43)) - raft.server.log.segment.cache.num.max = 2 (custom)
2019-09-26 21:18:43,247 [pool-27-thread-1] INFO  segmented.SegmentedRaftLogWorker (SegmentedRaftLogWorker.java:<init>(172)) - new 9ce0b59e-153f-4f41-8aed-492a76d80b48@group-1DD5A2952B44-SegmentedRaftLogWorker for RaftStorage:Storage Directory /workdir/hadoop-ozone/ozonefs/target/test-dir/MiniOzoneClusterImpl-5b64906c-d720-4906-b30c-b6d56a2122fd/datanode-0/data/ratis/6845e365-2b08-4d98-a0e0-1dd5a2952b44
2019-09-26 21:18:43,247 [pool-27-thread-1] INFO  server.RaftServerConfigKeys (ConfUtils.java:logGet(43)) - raft.server.log.queue.byte-limit = 2147483647 (custom)
2019-09-26 21:18:43,247 [pool-27-thread-1] INFO  server.RaftServerConfigKeys (ConfUtils.java:logGet(43)) - raft.server.log.queue.element-limit = 1024 (custom)
2019-09-26 21:18:43,247 [pool-27-thread-1] INFO  server.RaftServerConfigKeys (ConfUtils.java:logGet(43)) - raft.server.log.segment.size.max = 1048576 (custom)
2019-09-26 21:18:43,248 [pool-27-thread-1] INFO  server.RaftServerConfigKeys (ConfUtils.java:logGet(43)) - raft.server.log.preallocated.size = 16384 (custom)
2019-09-26 21:18:43,248 [pool-27-thread-1] INFO  server.RaftServerConfigKeys (ConfUtils.java:logGet(43)) - raft.server.log.write.buffer.size = 33554432 (custom)
2019-09-26 21:18:43,248 [pool-27-thread-1] INFO  server.RaftServerConfigKeys (ConfUtils.java:logGet(43)) - raft.server.log.force.sync.num = 128 (default)
2019-09-26 21:18:43,248 [pool-27-thread-1] INFO  server.RaftServerConfigKeys (ConfUtils.java:logGet(43)) - raft.server.log.statemachine.data.sync = true (default)
2019-09-26 21:18:43,248 [pool-27-thread-1] INFO  server.RaftServerConfigKeys (ConfUtils.java:logGet(43)) - raft.server.log.statemachine.data.sync.timeout = 10s (default)
2019-09-26 21:18:43,248 [pool-27-thread-1] INFO  server.RaftServerConfigKeys (ConfUtils.java:logGet(43)) - raft.server.log.statemachine.data.sync.timeout.retry = -1 (default)
2019-09-26 21:18:43,249 [pool-27-thread-1] INFO  server.RaftServerConfigKeys (ConfUtils.java:logGet(43)) - raft.server.log.statemachine.data.caching.enabled = true (custom)
2019-09-26 21:18:43,249 [pool-27-thread-1] INFO  segmented.SegmentedRaftLogWorker (SegmentedRaftLogWorker.java:lambda$new$0(132)) - 9ce0b59e-153f-4f41-8aed-492a76d80b48@group-1DD5A2952B44-SegmentedRaftLogWorker: flushIndex: setUnconditionally 0 -> -1
2019-09-26 21:18:43,249 [pool-27-thread-1] INFO  server.RaftServerConfigKeys (ConfUtils.java:logGet(43)) - raft.server.snapshot.auto.trigger.enabled = true (custom)
2019-09-26 21:18:43,249 [pool-27-thread-1] INFO  server.RaftServerConfigKeys (ConfUtils.java:logGet(43)) - raft.server.snapshot.auto.trigger.threshold = 10000 (custom)
2019-09-26 21:18:43,250 [pool-27-thread-1] INFO  server.RaftServerConfigKeys (ConfUtils.java:logGet(43)) - raft.server.snapshot.retention.num.files = 5 (custom)
2019-09-26 21:18:43,250 [pool-27-thread-1] INFO  server.RaftServerConfigKeys (ConfUtils.java:logGet(43)) - raft.server.retrycache.expirytime = 600000ms (custom)
2019-09-26 21:18:43,253 [pool-27-thread-1] INFO  impl.RaftServerImpl (RaftServerImpl.java:start(185)) - 9ce0b59e-153f-4f41-8aed-492a76d80b48@group-1DD5A2952B44: start as a follower, conf=-1: [9ce0b59e-153f-4f41-8aed-492a76d80b48:192.168.151.99:34156], old=null
2019-09-26 21:18:43,253 [pool-27-thread-1] INFO  impl.RaftServerImpl (RaftServerImpl.java:setRole(174)) - 9ce0b59e-153f-4f41-8aed-492a76d80b48@group-1DD5A2952B44: changes role from      null to FOLLOWER at term 0 for startAsFollower
2019-09-26 21:18:43,253 [pool-27-thread-1] INFO  impl.RoleInfo (RoleInfo.java:updateAndGet(143)) - 9ce0b59e-153f-4f41-8aed-492a76d80b48: start FollowerState
2019-09-26 21:18:43,254 [pool-27-thread-1] INFO  util.JmxRegister (JmxRegister.java:tryRegister(44)) - Successfully registered JMX Bean with object name Ratis:service=RaftServer,group=group-1DD5A2952B44,id=9ce0b59e-153f-4f41-8aed-492a76d80b48
2019-09-26 21:18:43,264 [RatisPipelineUtilsThread] INFO  pipeline.PipelineStateManager (PipelineStateManager.java:addPipeline(56)) - Created pipeline Pipeline[ Id: 6845e365-2b08-4d98-a0e0-1dd5a2952b44, Nodes: 9ce0b59e-153f-4f41-8aed-492a76d80b48{ip: 192.168.151.99, host: pr-hdds-1569-g6sp5-2013761785, networkLocation: /default-rack, certSerialId: null}, Type:RATIS, Factor:ONE, State:OPEN]
2019-09-26 21:18:43,277 [grpc-default-executor-0] INFO  impl.RaftServerProxy (RaftServerProxy.java:addNew(89)) - 0c640f50-2bc9-49b6-b785-a27e3116e6ba: addNew group-230FDCF0E80A:[0c640f50-2bc9-49b6-b785-a27e3116e6ba:192.168.151.99:42361] returns group-230FDCF0E80A:java.util.concurrent.CompletableFuture@3072d561[Not completed]
2019-09-26 21:18:43,279 [pool-57-thread-1] INFO  impl.RaftServerImpl (RaftServerImpl.java:<init>(95)) - 0c640f50-2bc9-49b6-b785-a27e3116e6ba: new RaftServerImpl for group-230FDCF0E80A:[0c640f50-2bc9-49b6-b785-a27e3116e6ba:192.168.151.99:42361] with ContainerStateMachine:uninitialized
2019-09-26 21:18:43,279 [pool-57-thread-1] INFO  server.RaftServerConfigKeys (ConfUtils.java:logGet(43)) - raft.server.rpc.timeout.min = 5s (custom)
2019-09-26 21:18:43,279 [pool-57-thread-1] INFO  server.RaftServerConfigKeys (ConfUtils.java:logGet(43)) - raft.server.rpc.timeout.max = 5200ms (custom)
2019-09-26 21:18:43,279 [pool-57-thread-1] INFO  server.RaftServerConfigKeys (ConfUtils.java:logGet(43)) - raft.server.rpcslowness.timeout = 120s (custom)
2019-09-26 21:18:43,280 [pool-57-thread-1] INFO  server.RaftServerConfigKeys (ConfUtils.java:logGet(43)) - raft.server.sleep.deviation.threshold = 300 (default)
2019-09-26 21:18:43,280 [pool-57-thread-1] INFO  server.RaftServerConfigKeys (ConfUtils.java:logGet(43)) - raft.server.log.appender.install.snapshot.enabled = false (custom)
2019-09-26 21:18:43,280 [pool-57-thread-1] INFO  impl.RaftServerImpl (ServerState.java:<init>(103)) - 0c640f50-2bc9-49b6-b785-a27e3116e6ba@group-230FDCF0E80A: ConfigurationManager, init=-1: [0c640f50-2bc9-49b6-b785-a27e3116e6ba:192.168.151.99:42361], old=null, confs=<EMPTY_MAP>
2019-09-26 21:18:43,280 [pool-57-thread-1] INFO  server.RaftServerConfigKeys (ConfUtils.java:logGet(43)) - raft.server.storage.dir = [/workdir/hadoop-ozone/ozonefs/target/test-dir/MiniOzoneClusterImpl-5b64906c-d720-4906-b30c-b6d56a2122fd/datanode-3/data/ratis] (custom)
2019-09-26 21:18:43,281 [pool-57-thread-1] INFO  storage.RaftStorageDirectory (RaftStorageDirectory.java:analyzeStorage(246)) - The storage directory /workdir/hadoop-ozone/ozonefs/target/test-dir/MiniOzoneClusterImpl-5b64906c-d720-4906-b30c-b6d56a2122fd/datanode-3/data/ratis/f3d76b6b-2e4e-4729-8905-230fdcf0e80a does not exist. Creating ...
2019-09-26 21:18:43,293 [pool-57-thread-1] INFO  storage.RaftStorageDirectory (RaftStorageDirectory.java:tryLock(328)) - Lock on /workdir/hadoop-ozone/ozonefs/target/test-dir/MiniOzoneClusterImpl-5b64906c-d720-4906-b30c-b6d56a2122fd/datanode-3/data/ratis/f3d76b6b-2e4e-4729-8905-230fdcf0e80a/in_use.lock acquired by nodename 10701@pr-hdds-1569-g6sp5-2013761785
2019-09-26 21:18:43,306 [pool-57-thread-1] INFO  storage.RaftStorage (RaftStorage.java:format(72)) - Storage directory /workdir/hadoop-ozone/ozonefs/target/test-dir/MiniOzoneClusterImpl-5b64906c-d720-4906-b30c-b6d56a2122fd/datanode-3/data/ratis/f3d76b6b-2e4e-4729-8905-230fdcf0e80a has been successfully formatted.
2019-09-26 21:18:43,307 [pool-57-thread-1] INFO  ratis.ContainerStateMachine (ContainerStateMachine.java:loadSnapshot(230)) - group-230FDCF0E80A: The snapshot info is null. Setting the last applied indexto:(t:0, i:~)
2019-09-26 21:18:43,307 [pool-57-thread-1] INFO  server.RaftServerConfigKeys (ConfUtils.java:logGet(43)) - raft.server.notification.no-leader.timeout = 120s (custom)
2019-09-26 21:18:43,307 [pool-57-thread-1] INFO  server.RaftServerConfigKeys (ConfUtils.java:logGet(43)) - raft.server.log.use.memory = false (default)
2019-09-26 21:18:43,307 [pool-57-thread-1] INFO  server.RaftServerConfigKeys (ConfUtils.java:logGet(43)) - raft.server.log.purge.gap = 1000000 (custom)
2019-09-26 21:18:43,308 [pool-57-thread-1] INFO  server.RaftServerConfigKeys (ConfUtils.java:logGet(43)) - raft.server.log.appender.buffer.byte-limit = 33554432 (custom)
2019-09-26 21:18:43,308 [pool-57-thread-1] INFO  server.RaftServerConfigKeys (ConfUtils.java:logGet(43)) - raft.server.log.segment.size.max = 1048576 (custom)
2019-09-26 21:18:43,308 [pool-57-thread-1] INFO  server.RaftServerConfigKeys (ConfUtils.java:logGet(43)) - raft.server.log.segment.cache.num.max = 2 (custom)
2019-09-26 21:18:43,308 [pool-57-thread-1] INFO  segmented.SegmentedRaftLogWorker (SegmentedRaftLogWorker.java:<init>(172)) - new 0c640f50-2bc9-49b6-b785-a27e3116e6ba@group-230FDCF0E80A-SegmentedRaftLogWorker for RaftStorage:Storage Directory /workdir/hadoop-ozone/ozonefs/target/test-dir/MiniOzoneClusterImpl-5b64906c-d720-4906-b30c-b6d56a2122fd/datanode-3/data/ratis/f3d76b6b-2e4e-4729-8905-230fdcf0e80a
2019-09-26 21:18:43,308 [pool-57-thread-1] INFO  server.RaftServerConfigKeys (ConfUtils.java:logGet(43)) - raft.server.log.queue.byte-limit = 2147483647 (custom)
2019-09-26 21:18:43,309 [pool-57-thread-1] INFO  server.RaftServerConfigKeys (ConfUtils.java:logGet(43)) - raft.server.log.queue.element-limit = 1024 (custom)
2019-09-26 21:18:43,309 [pool-57-thread-1] INFO  server.RaftServerConfigKeys (ConfUtils.java:logGet(43)) - raft.server.log.segment.size.max = 1048576 (custom)
2019-09-26 21:18:43,309 [pool-57-thread-1] INFO  server.RaftServerConfigKeys (ConfUtils.java:logGet(43)) - raft.server.log.preallocated.size = 16384 (custom)
2019-09-26 21:18:43,309 [pool-57-thread-1] INFO  server.RaftServerConfigKeys (ConfUtils.java:logGet(43)) - raft.server.log.write.buffer.size = 33554432 (custom)
2019-09-26 21:18:43,309 [pool-57-thread-1] INFO  server.RaftServerConfigKeys (ConfUtils.java:logGet(43)) - raft.server.log.force.sync.num = 128 (default)
2019-09-26 21:18:43,309 [pool-57-thread-1] INFO  server.RaftServerConfigKeys (ConfUtils.java:logGet(43)) - raft.server.log.statemachine.data.sync = true (default)
2019-09-26 21:18:43,310 [pool-57-thread-1] INFO  server.RaftServerConfigKeys (ConfUtils.java:logGet(43)) - raft.server.log.statemachine.data.sync.timeout = 10s (default)
2019-09-26 21:18:43,310 [pool-57-thread-1] INFO  server.RaftServerConfigKeys (ConfUtils.java:logGet(43)) - raft.server.log.statemachine.data.sync.timeout.retry = -1 (default)
2019-09-26 21:18:43,310 [pool-57-thread-1] INFO  server.RaftServerConfigKeys (ConfUtils.java:logGet(43)) - raft.server.log.statemachine.data.caching.enabled = true (custom)
2019-09-26 21:18:43,310 [pool-57-thread-1] INFO  segmented.SegmentedRaftLogWorker (SegmentedRaftLogWorker.java:lambda$new$0(132)) - 0c640f50-2bc9-49b6-b785-a27e3116e6ba@group-230FDCF0E80A-SegmentedRaftLogWorker: flushIndex: setUnconditionally 0 -> -1
2019-09-26 21:18:43,311 [pool-57-thread-1] INFO  server.RaftServerConfigKeys (ConfUtils.java:logGet(43)) - raft.server.snapshot.auto.trigger.enabled = true (custom)
2019-09-26 21:18:43,311 [pool-57-thread-1] INFO  server.RaftServerConfigKeys (ConfUtils.java:logGet(43)) - raft.server.snapshot.auto.trigger.threshold = 10000 (custom)
2019-09-26 21:18:43,311 [pool-57-thread-1] INFO  server.RaftServerConfigKeys (ConfUtils.java:logGet(43)) - raft.server.snapshot.retention.num.files = 5 (custom)
2019-09-26 21:18:43,311 [pool-57-thread-1] INFO  server.RaftServerConfigKeys (ConfUtils.java:logGet(43)) - raft.server.retrycache.expirytime = 600000ms (custom)
2019-09-26 21:18:43,315 [pool-57-thread-1] INFO  impl.RaftServerImpl (RaftServerImpl.java:start(185)) - 0c640f50-2bc9-49b6-b785-a27e3116e6ba@group-230FDCF0E80A: start as a follower, conf=-1: [0c640f50-2bc9-49b6-b785-a27e3116e6ba:192.168.151.99:42361], old=null
2019-09-26 21:18:43,315 [pool-57-thread-1] INFO  impl.RaftServerImpl (RaftServerImpl.java:setRole(174)) - 0c640f50-2bc9-49b6-b785-a27e3116e6ba@group-230FDCF0E80A: changes role from      null to FOLLOWER at term 0 for startAsFollower
2019-09-26 21:18:43,315 [pool-57-thread-1] INFO  impl.RoleInfo (RoleInfo.java:updateAndGet(143)) - 0c640f50-2bc9-49b6-b785-a27e3116e6ba: start FollowerState
2019-09-26 21:18:43,316 [pool-57-thread-1] INFO  util.JmxRegister (JmxRegister.java:tryRegister(44)) - Successfully registered JMX Bean with object name Ratis:service=RaftServer,group=group-230FDCF0E80A,id=0c640f50-2bc9-49b6-b785-a27e3116e6ba
2019-09-26 21:18:43,324 [RatisPipelineUtilsThread] INFO  pipeline.PipelineStateManager (PipelineStateManager.java:addPipeline(56)) - Created pipeline Pipeline[ Id: f3d76b6b-2e4e-4729-8905-230fdcf0e80a, Nodes: 0c640f50-2bc9-49b6-b785-a27e3116e6ba{ip: 192.168.151.99, host: pr-hdds-1569-g6sp5-2013761785, networkLocation: /default-rack, certSerialId: null}, Type:RATIS, Factor:ONE, State:OPEN]
2019-09-26 21:18:43,349 [grpc-default-executor-0] INFO  impl.RaftServerProxy (RaftServerProxy.java:addNew(89)) - da833d8d-e72a-4068-9560-4daa2d83adc2: addNew group-DF244DBD08ED:[da833d8d-e72a-4068-9560-4daa2d83adc2:192.168.151.99:38903] returns group-DF244DBD08ED:java.util.concurrent.CompletableFuture@335e8c7[Not completed]
2019-09-26 21:18:43,352 [pool-67-thread-1] INFO  impl.RaftServerImpl (RaftServerImpl.java:<init>(95)) - da833d8d-e72a-4068-9560-4daa2d83adc2: new RaftServerImpl for group-DF244DBD08ED:[da833d8d-e72a-4068-9560-4daa2d83adc2:192.168.151.99:38903] with ContainerStateMachine:uninitialized
2019-09-26 21:18:43,352 [pool-67-thread-1] INFO  server.RaftServerConfigKeys (ConfUtils.java:logGet(43)) - raft.server.rpc.timeout.min = 5s (custom)
2019-09-26 21:18:43,353 [pool-67-thread-1] INFO  server.RaftServerConfigKeys (ConfUtils.java:logGet(43)) - raft.server.rpc.timeout.max = 5200ms (custom)
2019-09-26 21:18:43,353 [pool-67-thread-1] INFO  server.RaftServerConfigKeys (ConfUtils.java:logGet(43)) - raft.server.rpcslowness.timeout = 120s (custom)
2019-09-26 21:18:43,353 [pool-67-thread-1] INFO  server.RaftServerConfigKeys (ConfUtils.java:logGet(43)) - raft.server.sleep.deviation.threshold = 300 (default)
2019-09-26 21:18:43,353 [pool-67-thread-1] INFO  server.RaftServerConfigKeys (ConfUtils.java:logGet(43)) - raft.server.log.appender.install.snapshot.enabled = false (custom)
2019-09-26 21:18:43,353 [pool-67-thread-1] INFO  impl.RaftServerImpl (ServerState.java:<init>(103)) - da833d8d-e72a-4068-9560-4daa2d83adc2@group-DF244DBD08ED: ConfigurationManager, init=-1: [da833d8d-e72a-4068-9560-4daa2d83adc2:192.168.151.99:38903], old=null, confs=<EMPTY_MAP>
2019-09-26 21:18:43,354 [pool-67-thread-1] INFO  server.RaftServerConfigKeys (ConfUtils.java:logGet(43)) - raft.server.storage.dir = [/workdir/hadoop-ozone/ozonefs/target/test-dir/MiniOzoneClusterImpl-5b64906c-d720-4906-b30c-b6d56a2122fd/datanode-4/data/ratis] (custom)
2019-09-26 21:18:43,354 [pool-67-thread-1] INFO  storage.RaftStorageDirectory (RaftStorageDirectory.java:analyzeStorage(246)) - The storage directory /workdir/hadoop-ozone/ozonefs/target/test-dir/MiniOzoneClusterImpl-5b64906c-d720-4906-b30c-b6d56a2122fd/datanode-4/data/ratis/963d9dc1-5762-4c15-a861-df244dbd08ed does not exist. Creating ...
2019-09-26 21:18:43,369 [pool-67-thread-1] INFO  storage.RaftStorageDirectory (RaftStorageDirectory.java:tryLock(328)) - Lock on /workdir/hadoop-ozone/ozonefs/target/test-dir/MiniOzoneClusterImpl-5b64906c-d720-4906-b30c-b6d56a2122fd/datanode-4/data/ratis/963d9dc1-5762-4c15-a861-df244dbd08ed/in_use.lock acquired by nodename 10701@pr-hdds-1569-g6sp5-2013761785
2019-09-26 21:18:43,382 [pool-67-thread-1] INFO  storage.RaftStorage (RaftStorage.java:format(72)) - Storage directory /workdir/hadoop-ozone/ozonefs/target/test-dir/MiniOzoneClusterImpl-5b64906c-d720-4906-b30c-b6d56a2122fd/datanode-4/data/ratis/963d9dc1-5762-4c15-a861-df244dbd08ed has been successfully formatted.
2019-09-26 21:18:43,383 [pool-67-thread-1] INFO  ratis.ContainerStateMachine (ContainerStateMachine.java:loadSnapshot(230)) - group-DF244DBD08ED: The snapshot info is null. Setting the last applied indexto:(t:0, i:~)
2019-09-26 21:18:43,383 [pool-67-thread-1] INFO  server.RaftServerConfigKeys (ConfUtils.java:logGet(43)) - raft.server.notification.no-leader.timeout = 120s (custom)
2019-09-26 21:18:43,384 [pool-67-thread-1] INFO  server.RaftServerConfigKeys (ConfUtils.java:logGet(43)) - raft.server.log.use.memory = false (default)
2019-09-26 21:18:43,385 [pool-67-thread-1] INFO  server.RaftServerConfigKeys (ConfUtils.java:logGet(43)) - raft.server.log.purge.gap = 1000000 (custom)
2019-09-26 21:18:43,386 [pool-67-thread-1] INFO  server.RaftServerConfigKeys (ConfUtils.java:logGet(43)) - raft.server.log.appender.buffer.byte-limit = 33554432 (custom)
2019-09-26 21:18:43,386 [pool-67-thread-1] INFO  server.RaftServerConfigKeys (ConfUtils.java:logGet(43)) - raft.server.log.segment.size.max = 1048576 (custom)
2019-09-26 21:18:43,386 [pool-67-thread-1] INFO  server.RaftServerConfigKeys (ConfUtils.java:logGet(43)) - raft.server.log.segment.cache.num.max = 2 (custom)
2019-09-26 21:18:43,386 [pool-67-thread-1] INFO  segmented.SegmentedRaftLogWorker (SegmentedRaftLogWorker.java:<init>(172)) - new da833d8d-e72a-4068-9560-4daa2d83adc2@group-DF244DBD08ED-SegmentedRaftLogWorker for RaftStorage:Storage Directory /workdir/hadoop-ozone/ozonefs/target/test-dir/MiniOzoneClusterImpl-5b64906c-d720-4906-b30c-b6d56a2122fd/datanode-4/data/ratis/963d9dc1-5762-4c15-a861-df244dbd08ed
2019-09-26 21:18:43,387 [pool-67-thread-1] INFO  server.RaftServerConfigKeys (ConfUtils.java:logGet(43)) - raft.server.log.queue.byte-limit = 2147483647 (custom)
2019-09-26 21:18:43,388 [pool-67-thread-1] INFO  server.RaftServerConfigKeys (ConfUtils.java:logGet(43)) - raft.server.log.queue.element-limit = 1024 (custom)
2019-09-26 21:18:43,388 [pool-67-thread-1] INFO  server.RaftServerConfigKeys (ConfUtils.java:logGet(43)) - raft.server.log.segment.size.max = 1048576 (custom)
2019-09-26 21:18:43,389 [pool-67-thread-1] INFO  server.RaftServerConfigKeys (ConfUtils.java:logGet(43)) - raft.server.log.preallocated.size = 16384 (custom)
2019-09-26 21:18:43,389 [pool-67-thread-1] INFO  server.RaftServerConfigKeys (ConfUtils.java:logGet(43)) - raft.server.log.write.buffer.size = 33554432 (custom)
2019-09-26 21:18:43,389 [pool-67-thread-1] INFO  server.RaftServerConfigKeys (ConfUtils.java:logGet(43)) - raft.server.log.force.sync.num = 128 (default)
2019-09-26 21:18:43,392 [pool-67-thread-1] INFO  server.RaftServerConfigKeys (ConfUtils.java:logGet(43)) - raft.server.log.statemachine.data.sync = true (default)
2019-09-26 21:18:43,392 [pool-67-thread-1] INFO  server.RaftServerConfigKeys (ConfUtils.java:logGet(43)) - raft.server.log.statemachine.data.sync.timeout = 10s (default)
2019-09-26 21:18:43,392 [pool-67-thread-1] INFO  server.RaftServerConfigKeys (ConfUtils.java:logGet(43)) - raft.server.log.statemachine.data.sync.timeout.retry = -1 (default)
2019-09-26 21:18:43,392 [pool-67-thread-1] INFO  server.RaftServerConfigKeys (ConfUtils.java:logGet(43)) - raft.server.log.statemachine.data.caching.enabled = true (custom)
2019-09-26 21:18:43,393 [pool-67-thread-1] INFO  segmented.SegmentedRaftLogWorker (SegmentedRaftLogWorker.java:lambda$new$0(132)) - da833d8d-e72a-4068-9560-4daa2d83adc2@group-DF244DBD08ED-SegmentedRaftLogWorker: flushIndex: setUnconditionally 0 -> -1
2019-09-26 21:18:43,393 [pool-67-thread-1] INFO  server.RaftServerConfigKeys (ConfUtils.java:logGet(43)) - raft.server.snapshot.auto.trigger.enabled = true (custom)
2019-09-26 21:18:43,394 [pool-67-thread-1] INFO  server.RaftServerConfigKeys (ConfUtils.java:logGet(43)) - raft.server.snapshot.auto.trigger.threshold = 10000 (custom)
2019-09-26 21:18:43,394 [pool-67-thread-1] INFO  server.RaftServerConfigKeys (ConfUtils.java:logGet(43)) - raft.server.snapshot.retention.num.files = 5 (custom)
2019-09-26 21:18:43,394 [pool-67-thread-1] INFO  server.RaftServerConfigKeys (ConfUtils.java:logGet(43)) - raft.server.retrycache.expirytime = 600000ms (custom)
2019-09-26 21:18:43,398 [pool-67-thread-1] INFO  impl.RaftServerImpl (RaftServerImpl.java:start(185)) - da833d8d-e72a-4068-9560-4daa2d83adc2@group-DF244DBD08ED: start as a follower, conf=-1: [da833d8d-e72a-4068-9560-4daa2d83adc2:192.168.151.99:38903], old=null
2019-09-26 21:18:43,398 [pool-67-thread-1] INFO  impl.RaftServerImpl (RaftServerImpl.java:setRole(174)) - da833d8d-e72a-4068-9560-4daa2d83adc2@group-DF244DBD08ED: changes role from      null to FOLLOWER at term 0 for startAsFollower
2019-09-26 21:18:43,398 [pool-67-thread-1] INFO  impl.RoleInfo (RoleInfo.java:updateAndGet(143)) - da833d8d-e72a-4068-9560-4daa2d83adc2: start FollowerState
2019-09-26 21:18:43,399 [pool-67-thread-1] INFO  util.JmxRegister (JmxRegister.java:tryRegister(44)) - Successfully registered JMX Bean with object name Ratis:service=RaftServer,group=group-DF244DBD08ED,id=da833d8d-e72a-4068-9560-4daa2d83adc2
2019-09-26 21:18:43,407 [RatisPipelineUtilsThread] INFO  pipeline.PipelineStateManager (PipelineStateManager.java:addPipeline(56)) - Created pipeline Pipeline[ Id: 963d9dc1-5762-4c15-a861-df244dbd08ed, Nodes: da833d8d-e72a-4068-9560-4daa2d83adc2{ip: 192.168.151.99, host: pr-hdds-1569-g6sp5-2013761785, networkLocation: /default-rack, certSerialId: null}, Type:RATIS, Factor:ONE, State:OPEN]
2019-09-26 21:18:43,420 [grpc-default-executor-0] INFO  impl.RaftServerProxy (RaftServerProxy.java:addNew(89)) - 0c640f50-2bc9-49b6-b785-a27e3116e6ba: addNew group-FD551CC17D72:[0c640f50-2bc9-49b6-b785-a27e3116e6ba:192.168.151.99:42361] returns group-FD551CC17D72:java.util.concurrent.CompletableFuture@32f9177a[Not completed]
2019-09-26 21:18:43,422 [pool-57-thread-1] INFO  impl.RaftServerImpl (RaftServerImpl.java:<init>(95)) - 0c640f50-2bc9-49b6-b785-a27e3116e6ba: new RaftServerImpl for group-FD551CC17D72:[0c640f50-2bc9-49b6-b785-a27e3116e6ba:192.168.151.99:42361] with ContainerStateMachine:uninitialized
2019-09-26 21:18:43,422 [pool-57-thread-1] INFO  server.RaftServerConfigKeys (ConfUtils.java:logGet(43)) - raft.server.rpc.timeout.min = 5s (custom)
2019-09-26 21:18:43,422 [pool-57-thread-1] INFO  server.RaftServerConfigKeys (ConfUtils.java:logGet(43)) - raft.server.rpc.timeout.max = 5200ms (custom)
2019-09-26 21:18:43,422 [pool-57-thread-1] INFO  server.RaftServerConfigKeys (ConfUtils.java:logGet(43)) - raft.server.rpcslowness.timeout = 120s (custom)
2019-09-26 21:18:43,422 [pool-57-thread-1] INFO  server.RaftServerConfigKeys (ConfUtils.java:logGet(43)) - raft.server.sleep.deviation.threshold = 300 (default)
2019-09-26 21:18:43,422 [pool-57-thread-1] INFO  server.RaftServerConfigKeys (ConfUtils.java:logGet(43)) - raft.server.log.appender.install.snapshot.enabled = false (custom)
2019-09-26 21:18:43,423 [pool-57-thread-1] INFO  impl.RaftServerImpl (ServerState.java:<init>(103)) - 0c640f50-2bc9-49b6-b785-a27e3116e6ba@group-FD551CC17D72: ConfigurationManager, init=-1: [0c640f50-2bc9-49b6-b785-a27e3116e6ba:192.168.151.99:42361], old=null, confs=<EMPTY_MAP>
2019-09-26 21:18:43,423 [pool-57-thread-1] INFO  server.RaftServerConfigKeys (ConfUtils.java:logGet(43)) - raft.server.storage.dir = [/workdir/hadoop-ozone/ozonefs/target/test-dir/MiniOzoneClusterImpl-5b64906c-d720-4906-b30c-b6d56a2122fd/datanode-3/data/ratis] (custom)
2019-09-26 21:18:43,423 [pool-57-thread-1] INFO  storage.RaftStorageDirectory (RaftStorageDirectory.java:analyzeStorage(246)) - The storage directory /workdir/hadoop-ozone/ozonefs/target/test-dir/MiniOzoneClusterImpl-5b64906c-d720-4906-b30c-b6d56a2122fd/datanode-3/data/ratis/45c21269-2779-41af-8716-fd551cc17d72 does not exist. Creating ...
2019-09-26 21:18:43,436 [pool-57-thread-1] INFO  storage.RaftStorageDirectory (RaftStorageDirectory.java:tryLock(328)) - Lock on /workdir/hadoop-ozone/ozonefs/target/test-dir/MiniOzoneClusterImpl-5b64906c-d720-4906-b30c-b6d56a2122fd/datanode-3/data/ratis/45c21269-2779-41af-8716-fd551cc17d72/in_use.lock acquired by nodename 10701@pr-hdds-1569-g6sp5-2013761785
2019-09-26 21:18:43,455 [pool-57-thread-1] INFO  storage.RaftStorage (RaftStorage.java:format(72)) - Storage directory /workdir/hadoop-ozone/ozonefs/target/test-dir/MiniOzoneClusterImpl-5b64906c-d720-4906-b30c-b6d56a2122fd/datanode-3/data/ratis/45c21269-2779-41af-8716-fd551cc17d72 has been successfully formatted.
2019-09-26 21:18:43,456 [pool-57-thread-1] INFO  ratis.ContainerStateMachine (ContainerStateMachine.java:loadSnapshot(230)) - group-FD551CC17D72: The snapshot info is null. Setting the last applied indexto:(t:0, i:~)
2019-09-26 21:18:43,456 [pool-57-thread-1] INFO  server.RaftServerConfigKeys (ConfUtils.java:logGet(43)) - raft.server.notification.no-leader.timeout = 120s (custom)
2019-09-26 21:18:43,456 [pool-57-thread-1] INFO  server.RaftServerConfigKeys (ConfUtils.java:logGet(43)) - raft.server.log.use.memory = false (default)
2019-09-26 21:18:43,456 [pool-57-thread-1] INFO  server.RaftServerConfigKeys (ConfUtils.java:logGet(43)) - raft.server.log.purge.gap = 1000000 (custom)
2019-09-26 21:18:43,456 [pool-57-thread-1] INFO  server.RaftServerConfigKeys (ConfUtils.java:logGet(43)) - raft.server.log.appender.buffer.byte-limit = 33554432 (custom)
2019-09-26 21:18:43,456 [pool-57-thread-1] INFO  server.RaftServerConfigKeys (ConfUtils.java:logGet(43)) - raft.server.log.segment.size.max = 1048576 (custom)
2019-09-26 21:18:43,456 [pool-57-thread-1] INFO  server.RaftServerConfigKeys (ConfUtils.java:logGet(43)) - raft.server.log.segment.cache.num.max = 2 (custom)
2019-09-26 21:18:43,457 [pool-57-thread-1] INFO  segmented.SegmentedRaftLogWorker (SegmentedRaftLogWorker.java:<init>(172)) - new 0c640f50-2bc9-49b6-b785-a27e3116e6ba@group-FD551CC17D72-SegmentedRaftLogWorker for RaftStorage:Storage Directory /workdir/hadoop-ozone/ozonefs/target/test-dir/MiniOzoneClusterImpl-5b64906c-d720-4906-b30c-b6d56a2122fd/datanode-3/data/ratis/45c21269-2779-41af-8716-fd551cc17d72
2019-09-26 21:18:43,457 [pool-57-thread-1] INFO  server.RaftServerConfigKeys (ConfUtils.java:logGet(43)) - raft.server.log.queue.byte-limit = 2147483647 (custom)
2019-09-26 21:18:43,457 [pool-57-thread-1] INFO  server.RaftServerConfigKeys (ConfUtils.java:logGet(43)) - raft.server.log.queue.element-limit = 1024 (custom)
2019-09-26 21:18:43,457 [pool-57-thread-1] INFO  server.RaftServerConfigKeys (ConfUtils.java:logGet(43)) - raft.server.log.segment.size.max = 1048576 (custom)
2019-09-26 21:18:43,457 [pool-57-thread-1] INFO  server.RaftServerConfigKeys (ConfUtils.java:logGet(43)) - raft.server.log.preallocated.size = 16384 (custom)
2019-09-26 21:18:43,457 [pool-57-thread-1] INFO  server.RaftServerConfigKeys (ConfUtils.java:logGet(43)) - raft.server.log.write.buffer.size = 33554432 (custom)
2019-09-26 21:18:43,457 [pool-57-thread-1] INFO  server.RaftServerConfigKeys (ConfUtils.java:logGet(43)) - raft.server.log.force.sync.num = 128 (default)
2019-09-26 21:18:43,458 [pool-57-thread-1] INFO  server.RaftServerConfigKeys (ConfUtils.java:logGet(43)) - raft.server.log.statemachine.data.sync = true (default)
2019-09-26 21:18:43,459 [pool-57-thread-1] INFO  server.RaftServerConfigKeys (ConfUtils.java:logGet(43)) - raft.server.log.statemachine.data.sync.timeout = 10s (default)
2019-09-26 21:18:43,459 [pool-57-thread-1] INFO  server.RaftServerConfigKeys (ConfUtils.java:logGet(43)) - raft.server.log.statemachine.data.sync.timeout.retry = -1 (default)
2019-09-26 21:18:43,459 [pool-57-thread-1] INFO  server.RaftServerConfigKeys (ConfUtils.java:logGet(43)) - raft.server.log.statemachine.data.caching.enabled = true (custom)
2019-09-26 21:18:43,459 [pool-57-thread-1] INFO  segmented.SegmentedRaftLogWorker (SegmentedRaftLogWorker.java:lambda$new$0(132)) - 0c640f50-2bc9-49b6-b785-a27e3116e6ba@group-FD551CC17D72-SegmentedRaftLogWorker: flushIndex: setUnconditionally 0 -> -1
2019-09-26 21:18:43,460 [Thread-219] INFO  rpc.RpcClient (RpcClient.java:createVolume(276)) - Creating Volume: volume13584, with user46169 as owner.
2019-09-26 21:18:43,460 [pool-57-thread-1] INFO  server.RaftServerConfigKeys (ConfUtils.java:logGet(43)) - raft.server.snapshot.auto.trigger.enabled = true (custom)
2019-09-26 21:18:43,460 [pool-57-thread-1] INFO  server.RaftServerConfigKeys (ConfUtils.java:logGet(43)) - raft.server.snapshot.auto.trigger.threshold = 10000 (custom)
2019-09-26 21:18:43,460 [pool-57-thread-1] INFO  server.RaftServerConfigKeys (ConfUtils.java:logGet(43)) - raft.server.snapshot.retention.num.files = 5 (custom)
2019-09-26 21:18:43,460 [pool-57-thread-1] INFO  server.RaftServerConfigKeys (ConfUtils.java:logGet(43)) - raft.server.retrycache.expirytime = 600000ms (custom)
2019-09-26 21:18:43,463 [pool-57-thread-1] INFO  impl.RaftServerImpl (RaftServerImpl.java:start(185)) - 0c640f50-2bc9-49b6-b785-a27e3116e6ba@group-FD551CC17D72: start as a follower, conf=-1: [0c640f50-2bc9-49b6-b785-a27e3116e6ba:192.168.151.99:42361], old=null
2019-09-26 21:18:43,463 [pool-57-thread-1] INFO  impl.RaftServerImpl (RaftServerImpl.java:setRole(174)) - 0c640f50-2bc9-49b6-b785-a27e3116e6ba@group-FD551CC17D72: changes role from      null to FOLLOWER at term 0 for startAsFollower
2019-09-26 21:18:43,464 [pool-57-thread-1] INFO  impl.RoleInfo (RoleInfo.java:updateAndGet(143)) - 0c640f50-2bc9-49b6-b785-a27e3116e6ba: start FollowerState
2019-09-26 21:18:43,464 [pool-57-thread-1] INFO  util.JmxRegister (JmxRegister.java:tryRegister(44)) - Successfully registered JMX Bean with object name Ratis:service=RaftServer,group=group-FD551CC17D72,id=0c640f50-2bc9-49b6-b785-a27e3116e6ba
2019-09-26 21:18:43,474 [RatisPipelineUtilsThread] INFO  pipeline.PipelineStateManager (PipelineStateManager.java:addPipeline(56)) - Created pipeline Pipeline[ Id: 45c21269-2779-41af-8716-fd551cc17d72, Nodes: 0c640f50-2bc9-49b6-b785-a27e3116e6ba{ip: 192.168.151.99, host: pr-hdds-1569-g6sp5-2013761785, networkLocation: /default-rack, certSerialId: null}, Type:RATIS, Factor:ONE, State:OPEN]
2019-09-26 21:18:43,493 [grpc-default-executor-0] INFO  impl.RaftServerProxy (RaftServerProxy.java:addNew(89)) - 1178c3ae-d0b4-4d44-b144-fe8504cc41ac: addNew group-25FA277E2D3D:[1178c3ae-d0b4-4d44-b144-fe8504cc41ac:192.168.151.99:33787] returns group-25FA277E2D3D:java.util.concurrent.CompletableFuture@74bca9c[Not completed]
2019-09-26 21:18:43,495 [pool-37-thread-1] INFO  impl.RaftServerImpl (RaftServerImpl.java:<init>(95)) - 1178c3ae-d0b4-4d44-b144-fe8504cc41ac: new RaftServerImpl for group-25FA277E2D3D:[1178c3ae-d0b4-4d44-b144-fe8504cc41ac:192.168.151.99:33787] with ContainerStateMachine:uninitialized
2019-09-26 21:18:43,496 [pool-37-thread-1] INFO  server.RaftServerConfigKeys (ConfUtils.java:logGet(43)) - raft.server.rpc.timeout.min = 5s (custom)
2019-09-26 21:18:43,496 [pool-37-thread-1] INFO  server.RaftServerConfigKeys (ConfUtils.java:logGet(43)) - raft.server.rpc.timeout.max = 5200ms (custom)
2019-09-26 21:18:43,496 [pool-37-thread-1] INFO  server.RaftServerConfigKeys (ConfUtils.java:logGet(43)) - raft.server.rpcslowness.timeout = 120s (custom)
2019-09-26 21:18:43,496 [pool-37-thread-1] INFO  server.RaftServerConfigKeys (ConfUtils.java:logGet(43)) - raft.server.sleep.deviation.threshold = 300 (default)
2019-09-26 21:18:43,496 [pool-37-thread-1] INFO  server.RaftServerConfigKeys (ConfUtils.java:logGet(43)) - raft.server.log.appender.install.snapshot.enabled = false (custom)
2019-09-26 21:18:43,497 [pool-37-thread-1] INFO  impl.RaftServerImpl (ServerState.java:<init>(103)) - 1178c3ae-d0b4-4d44-b144-fe8504cc41ac@group-25FA277E2D3D: ConfigurationManager, init=-1: [1178c3ae-d0b4-4d44-b144-fe8504cc41ac:192.168.151.99:33787], old=null, confs=<EMPTY_MAP>
2019-09-26 21:18:43,497 [pool-37-thread-1] INFO  server.RaftServerConfigKeys (ConfUtils.java:logGet(43)) - raft.server.storage.dir = [/workdir/hadoop-ozone/ozonefs/target/test-dir/MiniOzoneClusterImpl-5b64906c-d720-4906-b30c-b6d56a2122fd/datanode-1/data/ratis] (custom)
2019-09-26 21:18:43,498 [pool-37-thread-1] INFO  storage.RaftStorageDirectory (RaftStorageDirectory.java:analyzeStorage(246)) - The storage directory /workdir/hadoop-ozone/ozonefs/target/test-dir/MiniOzoneClusterImpl-5b64906c-d720-4906-b30c-b6d56a2122fd/datanode-1/data/ratis/babb8afe-4577-4018-9e1d-25fa277e2d3d does not exist. Creating ...
2019-09-26 21:18:43,511 [pool-37-thread-1] INFO  storage.RaftStorageDirectory (RaftStorageDirectory.java:tryLock(328)) - Lock on /workdir/hadoop-ozone/ozonefs/target/test-dir/MiniOzoneClusterImpl-5b64906c-d720-4906-b30c-b6d56a2122fd/datanode-1/data/ratis/babb8afe-4577-4018-9e1d-25fa277e2d3d/in_use.lock acquired by nodename 10701@pr-hdds-1569-g6sp5-2013761785
2019-09-26 21:18:43,524 [pool-37-thread-1] INFO  storage.RaftStorage (RaftStorage.java:format(72)) - Storage directory /workdir/hadoop-ozone/ozonefs/target/test-dir/MiniOzoneClusterImpl-5b64906c-d720-4906-b30c-b6d56a2122fd/datanode-1/data/ratis/babb8afe-4577-4018-9e1d-25fa277e2d3d has been successfully formatted.
2019-09-26 21:18:43,524 [pool-37-thread-1] INFO  ratis.ContainerStateMachine (ContainerStateMachine.java:loadSnapshot(230)) - group-25FA277E2D3D: The snapshot info is null. Setting the last applied indexto:(t:0, i:~)
2019-09-26 21:18:43,525 [pool-37-thread-1] INFO  server.RaftServerConfigKeys (ConfUtils.java:logGet(43)) - raft.server.notification.no-leader.timeout = 120s (custom)
2019-09-26 21:18:43,525 [pool-37-thread-1] INFO  server.RaftServerConfigKeys (ConfUtils.java:logGet(43)) - raft.server.log.use.memory = false (default)
2019-09-26 21:18:43,525 [pool-37-thread-1] INFO  server.RaftServerConfigKeys (ConfUtils.java:logGet(43)) - raft.server.log.purge.gap = 1000000 (custom)
2019-09-26 21:18:43,525 [pool-37-thread-1] INFO  server.RaftServerConfigKeys (ConfUtils.java:logGet(43)) - raft.server.log.appender.buffer.byte-limit = 33554432 (custom)
2019-09-26 21:18:43,526 [pool-37-thread-1] INFO  server.RaftServerConfigKeys (ConfUtils.java:logGet(43)) - raft.server.log.segment.size.max = 1048576 (custom)
2019-09-26 21:18:43,526 [pool-37-thread-1] INFO  server.RaftServerConfigKeys (ConfUtils.java:logGet(43)) - raft.server.log.segment.cache.num.max = 2 (custom)
2019-09-26 21:18:43,526 [pool-37-thread-1] INFO  segmented.SegmentedRaftLogWorker (SegmentedRaftLogWorker.java:<init>(172)) - new 1178c3ae-d0b4-4d44-b144-fe8504cc41ac@group-25FA277E2D3D-SegmentedRaftLogWorker for RaftStorage:Storage Directory /workdir/hadoop-ozone/ozonefs/target/test-dir/MiniOzoneClusterImpl-5b64906c-d720-4906-b30c-b6d56a2122fd/datanode-1/data/ratis/babb8afe-4577-4018-9e1d-25fa277e2d3d
2019-09-26 21:18:43,526 [pool-37-thread-1] INFO  server.RaftServerConfigKeys (ConfUtils.java:logGet(43)) - raft.server.log.queue.byte-limit = 2147483647 (custom)
2019-09-26 21:18:43,527 [pool-37-thread-1] INFO  server.RaftServerConfigKeys (ConfUtils.java:logGet(43)) - raft.server.log.queue.element-limit = 1024 (custom)
2019-09-26 21:18:43,527 [pool-37-thread-1] INFO  server.RaftServerConfigKeys (ConfUtils.java:logGet(43)) - raft.server.log.segment.size.max = 1048576 (custom)
2019-09-26 21:18:43,527 [pool-37-thread-1] INFO  server.RaftServerConfigKeys (ConfUtils.java:logGet(43)) - raft.server.log.preallocated.size = 16384 (custom)
2019-09-26 21:18:43,527 [pool-37-thread-1] INFO  server.RaftServerConfigKeys (ConfUtils.java:logGet(43)) - raft.server.log.write.buffer.size = 33554432 (custom)
2019-09-26 21:18:43,527 [pool-37-thread-1] INFO  server.RaftServerConfigKeys (ConfUtils.java:logGet(43)) - raft.server.log.force.sync.num = 128 (default)
2019-09-26 21:18:43,528 [pool-37-thread-1] INFO  server.RaftServerConfigKeys (ConfUtils.java:logGet(43)) - raft.server.log.statemachine.data.sync = true (default)
2019-09-26 21:18:43,528 [pool-37-thread-1] INFO  server.RaftServerConfigKeys (ConfUtils.java:logGet(43)) - raft.server.log.statemachine.data.sync.timeout = 10s (default)
2019-09-26 21:18:43,528 [pool-37-thread-1] INFO  server.RaftServerConfigKeys (ConfUtils.java:logGet(43)) - raft.server.log.statemachine.data.sync.timeout.retry = -1 (default)
2019-09-26 21:18:43,528 [pool-37-thread-1] INFO  server.RaftServerConfigKeys (ConfUtils.java:logGet(43)) - raft.server.log.statemachine.data.caching.enabled = true (custom)
2019-09-26 21:18:43,529 [pool-37-thread-1] INFO  segmented.SegmentedRaftLogWorker (SegmentedRaftLogWorker.java:lambda$new$0(132)) - 1178c3ae-d0b4-4d44-b144-fe8504cc41ac@group-25FA277E2D3D-SegmentedRaftLogWorker: flushIndex: setUnconditionally 0 -> -1
2019-09-26 21:18:43,529 [pool-37-thread-1] INFO  server.RaftServerConfigKeys (ConfUtils.java:logGet(43)) - raft.server.snapshot.auto.trigger.enabled = true (custom)
2019-09-26 21:18:43,529 [pool-37-thread-1] INFO  server.RaftServerConfigKeys (ConfUtils.java:logGet(43)) - raft.server.snapshot.auto.trigger.threshold = 10000 (custom)
2019-09-26 21:18:43,530 [pool-37-thread-1] INFO  server.RaftServerConfigKeys (ConfUtils.java:logGet(43)) - raft.server.snapshot.retention.num.files = 5 (custom)
2019-09-26 21:18:43,530 [pool-37-thread-1] INFO  server.RaftServerConfigKeys (ConfUtils.java:logGet(43)) - raft.server.retrycache.expirytime = 600000ms (custom)
2019-09-26 21:18:43,536 [pool-37-thread-1] INFO  impl.RaftServerImpl (RaftServerImpl.java:start(185)) - 1178c3ae-d0b4-4d44-b144-fe8504cc41ac@group-25FA277E2D3D: start as a follower, conf=-1: [1178c3ae-d0b4-4d44-b144-fe8504cc41ac:192.168.151.99:33787], old=null
2019-09-26 21:18:43,536 [pool-37-thread-1] INFO  impl.RaftServerImpl (RaftServerImpl.java:setRole(174)) - 1178c3ae-d0b4-4d44-b144-fe8504cc41ac@group-25FA277E2D3D: changes role from      null to FOLLOWER at term 0 for startAsFollower
2019-09-26 21:18:43,537 [pool-37-thread-1] INFO  impl.RoleInfo (RoleInfo.java:updateAndGet(143)) - 1178c3ae-d0b4-4d44-b144-fe8504cc41ac: start FollowerState
2019-09-26 21:18:43,537 [pool-37-thread-1] INFO  util.JmxRegister (JmxRegister.java:tryRegister(44)) - Successfully registered JMX Bean with object name Ratis:service=RaftServer,group=group-25FA277E2D3D,id=1178c3ae-d0b4-4d44-b144-fe8504cc41ac
2019-09-26 21:18:43,544 [RatisPipelineUtilsThread] INFO  pipeline.PipelineStateManager (PipelineStateManager.java:addPipeline(56)) - Created pipeline Pipeline[ Id: babb8afe-4577-4018-9e1d-25fa277e2d3d, Nodes: 1178c3ae-d0b4-4d44-b144-fe8504cc41ac{ip: 192.168.151.99, host: pr-hdds-1569-g6sp5-2013761785, networkLocation: /default-rack, certSerialId: null}, Type:RATIS, Factor:ONE, State:OPEN]
2019-09-26 21:18:43,557 [grpc-default-executor-0] INFO  impl.RaftServerProxy (RaftServerProxy.java:addNew(89)) - 09112efe-1fad-4539-a04f-c96aef6d2351: addNew group-70492090491A:[09112efe-1fad-4539-a04f-c96aef6d2351:192.168.151.99:45286] returns group-70492090491A:java.util.concurrent.CompletableFuture@86615a7[Not completed]
2019-09-26 21:18:43,560 [pool-47-thread-1] INFO  impl.RaftServerImpl (RaftServerImpl.java:<init>(95)) - 09112efe-1fad-4539-a04f-c96aef6d2351: new RaftServerImpl for group-70492090491A:[09112efe-1fad-4539-a04f-c96aef6d2351:192.168.151.99:45286] with ContainerStateMachine:uninitialized
2019-09-26 21:18:43,560 [pool-47-thread-1] INFO  server.RaftServerConfigKeys (ConfUtils.java:logGet(43)) - raft.server.rpc.timeout.min = 5s (custom)
2019-09-26 21:18:43,560 [pool-47-thread-1] INFO  server.RaftServerConfigKeys (ConfUtils.java:logGet(43)) - raft.server.rpc.timeout.max = 5200ms (custom)
2019-09-26 21:18:43,560 [pool-47-thread-1] INFO  server.RaftServerConfigKeys (ConfUtils.java:logGet(43)) - raft.server.rpcslowness.timeout = 120s (custom)
2019-09-26 21:18:43,561 [pool-47-thread-1] INFO  server.RaftServerConfigKeys (ConfUtils.java:logGet(43)) - raft.server.sleep.deviation.threshold = 300 (default)
2019-09-26 21:18:43,561 [pool-47-thread-1] INFO  server.RaftServerConfigKeys (ConfUtils.java:logGet(43)) - raft.server.log.appender.install.snapshot.enabled = false (custom)
2019-09-26 21:18:43,561 [pool-47-thread-1] INFO  impl.RaftServerImpl (ServerState.java:<init>(103)) - 09112efe-1fad-4539-a04f-c96aef6d2351@group-70492090491A: ConfigurationManager, init=-1: [09112efe-1fad-4539-a04f-c96aef6d2351:192.168.151.99:45286], old=null, confs=<EMPTY_MAP>
2019-09-26 21:18:43,561 [pool-47-thread-1] INFO  server.RaftServerConfigKeys (ConfUtils.java:logGet(43)) - raft.server.storage.dir = [/workdir/hadoop-ozone/ozonefs/target/test-dir/MiniOzoneClusterImpl-5b64906c-d720-4906-b30c-b6d56a2122fd/datanode-2/data/ratis] (custom)
2019-09-26 21:18:43,562 [pool-47-thread-1] INFO  storage.RaftStorageDirectory (RaftStorageDirectory.java:analyzeStorage(246)) - The storage directory /workdir/hadoop-ozone/ozonefs/target/test-dir/MiniOzoneClusterImpl-5b64906c-d720-4906-b30c-b6d56a2122fd/datanode-2/data/ratis/988efc28-a7c5-4f57-a20c-70492090491a does not exist. Creating ...
2019-09-26 21:18:43,575 [pool-47-thread-1] INFO  storage.RaftStorageDirectory (RaftStorageDirectory.java:tryLock(328)) - Lock on /workdir/hadoop-ozone/ozonefs/target/test-dir/MiniOzoneClusterImpl-5b64906c-d720-4906-b30c-b6d56a2122fd/datanode-2/data/ratis/988efc28-a7c5-4f57-a20c-70492090491a/in_use.lock acquired by nodename 10701@pr-hdds-1569-g6sp5-2013761785
2019-09-26 21:18:43,588 [pool-47-thread-1] INFO  storage.RaftStorage (RaftStorage.java:format(72)) - Storage directory /workdir/hadoop-ozone/ozonefs/target/test-dir/MiniOzoneClusterImpl-5b64906c-d720-4906-b30c-b6d56a2122fd/datanode-2/data/ratis/988efc28-a7c5-4f57-a20c-70492090491a has been successfully formatted.
2019-09-26 21:18:43,589 [pool-47-thread-1] INFO  ratis.ContainerStateMachine (ContainerStateMachine.java:loadSnapshot(230)) - group-70492090491A: The snapshot info is null. Setting the last applied indexto:(t:0, i:~)
2019-09-26 21:18:43,589 [pool-47-thread-1] INFO  server.RaftServerConfigKeys (ConfUtils.java:logGet(43)) - raft.server.notification.no-leader.timeout = 120s (custom)
2019-09-26 21:18:43,589 [pool-47-thread-1] INFO  server.RaftServerConfigKeys (ConfUtils.java:logGet(43)) - raft.server.log.use.memory = false (default)
2019-09-26 21:18:43,589 [pool-47-thread-1] INFO  server.RaftServerConfigKeys (ConfUtils.java:logGet(43)) - raft.server.log.purge.gap = 1000000 (custom)
2019-09-26 21:18:43,589 [pool-47-thread-1] INFO  server.RaftServerConfigKeys (ConfUtils.java:logGet(43)) - raft.server.log.appender.buffer.byte-limit = 33554432 (custom)
2019-09-26 21:18:43,590 [pool-47-thread-1] INFO  server.RaftServerConfigKeys (ConfUtils.java:logGet(43)) - raft.server.log.segment.size.max = 1048576 (custom)
2019-09-26 21:18:43,590 [pool-47-thread-1] INFO  server.RaftServerConfigKeys (ConfUtils.java:logGet(43)) - raft.server.log.segment.cache.num.max = 2 (custom)
2019-09-26 21:18:43,590 [pool-47-thread-1] INFO  segmented.SegmentedRaftLogWorker (SegmentedRaftLogWorker.java:<init>(172)) - new 09112efe-1fad-4539-a04f-c96aef6d2351@group-70492090491A-SegmentedRaftLogWorker for RaftStorage:Storage Directory /workdir/hadoop-ozone/ozonefs/target/test-dir/MiniOzoneClusterImpl-5b64906c-d720-4906-b30c-b6d56a2122fd/datanode-2/data/ratis/988efc28-a7c5-4f57-a20c-70492090491a
2019-09-26 21:18:43,590 [pool-47-thread-1] INFO  server.RaftServerConfigKeys (ConfUtils.java:logGet(43)) - raft.server.log.queue.byte-limit = 2147483647 (custom)
2019-09-26 21:18:43,590 [pool-47-thread-1] INFO  server.RaftServerConfigKeys (ConfUtils.java:logGet(43)) - raft.server.log.queue.element-limit = 1024 (custom)
2019-09-26 21:18:43,590 [pool-47-thread-1] INFO  server.RaftServerConfigKeys (ConfUtils.java:logGet(43)) - raft.server.log.segment.size.max = 1048576 (custom)
2019-09-26 21:18:43,591 [pool-47-thread-1] INFO  server.RaftServerConfigKeys (ConfUtils.java:logGet(43)) - raft.server.log.preallocated.size = 16384 (custom)
2019-09-26 21:18:43,591 [pool-47-thread-1] INFO  server.RaftServerConfigKeys (ConfUtils.java:logGet(43)) - raft.server.log.write.buffer.size = 33554432 (custom)
2019-09-26 21:18:43,591 [pool-47-thread-1] INFO  server.RaftServerConfigKeys (ConfUtils.java:logGet(43)) - raft.server.log.force.sync.num = 128 (default)
2019-09-26 21:18:43,591 [pool-47-thread-1] INFO  server.RaftServerConfigKeys (ConfUtils.java:logGet(43)) - raft.server.log.statemachine.data.sync = true (default)
2019-09-26 21:18:43,591 [pool-47-thread-1] INFO  server.RaftServerConfigKeys (ConfUtils.java:logGet(43)) - raft.server.log.statemachine.data.sync.timeout = 10s (default)
2019-09-26 21:18:43,592 [pool-47-thread-1] INFO  server.RaftServerConfigKeys (ConfUtils.java:logGet(43)) - raft.server.log.statemachine.data.sync.timeout.retry = -1 (default)
2019-09-26 21:18:43,592 [pool-47-thread-1] INFO  server.RaftServerConfigKeys (ConfUtils.java:logGet(43)) - raft.server.log.statemachine.data.caching.enabled = true (custom)
2019-09-26 21:18:43,592 [pool-47-thread-1] INFO  segmented.SegmentedRaftLogWorker (SegmentedRaftLogWorker.java:lambda$new$0(132)) - 09112efe-1fad-4539-a04f-c96aef6d2351@group-70492090491A-SegmentedRaftLogWorker: flushIndex: setUnconditionally 0 -> -1
2019-09-26 21:18:43,593 [pool-47-thread-1] INFO  server.RaftServerConfigKeys (ConfUtils.java:logGet(43)) - raft.server.snapshot.auto.trigger.enabled = true (custom)
2019-09-26 21:18:43,593 [pool-47-thread-1] INFO  server.RaftServerConfigKeys (ConfUtils.java:logGet(43)) - raft.server.snapshot.auto.trigger.threshold = 10000 (custom)
2019-09-26 21:18:43,593 [pool-47-thread-1] INFO  server.RaftServerConfigKeys (ConfUtils.java:logGet(43)) - raft.server.snapshot.retention.num.files = 5 (custom)
2019-09-26 21:18:43,593 [IPC Server handler 0 on 34540] INFO  volume.OMVolumeCreateRequest (OMVolumeCreateRequest.java:validateAndUpdateCache(189)) - created volume:volume13584 for user:user46169
2019-09-26 21:18:43,593 [pool-47-thread-1] INFO  server.RaftServerConfigKeys (ConfUtils.java:logGet(43)) - raft.server.retrycache.expirytime = 600000ms (custom)
2019-09-26 21:18:43,598 [pool-47-thread-1] INFO  impl.RaftServerImpl (RaftServerImpl.java:start(185)) - 09112efe-1fad-4539-a04f-c96aef6d2351@group-70492090491A: start as a follower, conf=-1: [09112efe-1fad-4539-a04f-c96aef6d2351:192.168.151.99:45286], old=null
2019-09-26 21:18:43,598 [pool-47-thread-1] INFO  impl.RaftServerImpl (RaftServerImpl.java:setRole(174)) - 09112efe-1fad-4539-a04f-c96aef6d2351@group-70492090491A: changes role from      null to FOLLOWER at term 0 for startAsFollower
2019-09-26 21:18:43,599 [pool-47-thread-1] INFO  impl.RoleInfo (RoleInfo.java:updateAndGet(143)) - 09112efe-1fad-4539-a04f-c96aef6d2351: start FollowerState
2019-09-26 21:18:43,599 [pool-47-thread-1] INFO  util.JmxRegister (JmxRegister.java:tryRegister(44)) - Successfully registered JMX Bean with object name Ratis:service=RaftServer,group=group-70492090491A,id=09112efe-1fad-4539-a04f-c96aef6d2351
2019-09-26 21:18:43,610 [RatisPipelineUtilsThread] INFO  pipeline.PipelineStateManager (PipelineStateManager.java:addPipeline(56)) - Created pipeline Pipeline[ Id: 988efc28-a7c5-4f57-a20c-70492090491a, Nodes: 09112efe-1fad-4539-a04f-c96aef6d2351{ip: 192.168.151.99, host: pr-hdds-1569-g6sp5-2013761785, networkLocation: /default-rack, certSerialId: null}, Type:RATIS, Factor:ONE, State:OPEN]
2019-09-26 21:18:43,640 [grpc-default-executor-0] INFO  impl.RaftServerProxy (RaftServerProxy.java:addNew(89)) - 09112efe-1fad-4539-a04f-c96aef6d2351: addNew group-C6EDAB432D38:[09112efe-1fad-4539-a04f-c96aef6d2351:192.168.151.99:45286] returns group-C6EDAB432D38:java.util.concurrent.CompletableFuture@36eeadf3[Not completed]
2019-09-26 21:18:43,641 [pool-47-thread-1] INFO  impl.RaftServerImpl (RaftServerImpl.java:<init>(95)) - 09112efe-1fad-4539-a04f-c96aef6d2351: new RaftServerImpl for group-C6EDAB432D38:[09112efe-1fad-4539-a04f-c96aef6d2351:192.168.151.99:45286] with ContainerStateMachine:uninitialized
2019-09-26 21:18:43,641 [pool-47-thread-1] INFO  server.RaftServerConfigKeys (ConfUtils.java:logGet(43)) - raft.server.rpc.timeout.min = 5s (custom)
2019-09-26 21:18:43,642 [pool-47-thread-1] INFO  server.RaftServerConfigKeys (ConfUtils.java:logGet(43)) - raft.server.rpc.timeout.max = 5200ms (custom)
2019-09-26 21:18:43,642 [pool-47-thread-1] INFO  server.RaftServerConfigKeys (ConfUtils.java:logGet(43)) - raft.server.rpcslowness.timeout = 120s (custom)
2019-09-26 21:18:43,642 [pool-47-thread-1] INFO  server.RaftServerConfigKeys (ConfUtils.java:logGet(43)) - raft.server.sleep.deviation.threshold = 300 (default)
2019-09-26 21:18:43,642 [pool-47-thread-1] INFO  server.RaftServerConfigKeys (ConfUtils.java:logGet(43)) - raft.server.log.appender.install.snapshot.enabled = false (custom)
2019-09-26 21:18:43,642 [pool-47-thread-1] INFO  impl.RaftServerImpl (ServerState.java:<init>(103)) - 09112efe-1fad-4539-a04f-c96aef6d2351@group-C6EDAB432D38: ConfigurationManager, init=-1: [09112efe-1fad-4539-a04f-c96aef6d2351:192.168.151.99:45286], old=null, confs=<EMPTY_MAP>
2019-09-26 21:18:43,642 [pool-47-thread-1] INFO  server.RaftServerConfigKeys (ConfUtils.java:logGet(43)) - raft.server.storage.dir = [/workdir/hadoop-ozone/ozonefs/target/test-dir/MiniOzoneClusterImpl-5b64906c-d720-4906-b30c-b6d56a2122fd/datanode-2/data/ratis] (custom)
2019-09-26 21:18:43,643 [pool-47-thread-1] INFO  storage.RaftStorageDirectory (RaftStorageDirectory.java:analyzeStorage(246)) - The storage directory /workdir/hadoop-ozone/ozonefs/target/test-dir/MiniOzoneClusterImpl-5b64906c-d720-4906-b30c-b6d56a2122fd/datanode-2/data/ratis/30dc6b28-3806-43a5-828c-c6edab432d38 does not exist. Creating ...
2019-09-26 21:18:43,656 [pool-47-thread-1] INFO  storage.RaftStorageDirectory (RaftStorageDirectory.java:tryLock(328)) - Lock on /workdir/hadoop-ozone/ozonefs/target/test-dir/MiniOzoneClusterImpl-5b64906c-d720-4906-b30c-b6d56a2122fd/datanode-2/data/ratis/30dc6b28-3806-43a5-828c-c6edab432d38/in_use.lock acquired by nodename 10701@pr-hdds-1569-g6sp5-2013761785
2019-09-26 21:18:43,663 [Thread-219] INFO  rpc.RpcClient (RpcClient.java:createBucket(415)) - Creating Bucket: volume13584/bucket27921, with Versioning false and Storage Type set to DISK and Encryption set to false 
2019-09-26 21:18:43,673 [pool-47-thread-1] INFO  storage.RaftStorage (RaftStorage.java:format(72)) - Storage directory /workdir/hadoop-ozone/ozonefs/target/test-dir/MiniOzoneClusterImpl-5b64906c-d720-4906-b30c-b6d56a2122fd/datanode-2/data/ratis/30dc6b28-3806-43a5-828c-c6edab432d38 has been successfully formatted.
2019-09-26 21:18:43,673 [pool-47-thread-1] INFO  ratis.ContainerStateMachine (ContainerStateMachine.java:loadSnapshot(230)) - group-C6EDAB432D38: The snapshot info is null. Setting the last applied indexto:(t:0, i:~)
2019-09-26 21:18:43,673 [pool-47-thread-1] INFO  server.RaftServerConfigKeys (ConfUtils.java:logGet(43)) - raft.server.notification.no-leader.timeout = 120s (custom)
2019-09-26 21:18:43,674 [pool-47-thread-1] INFO  server.RaftServerConfigKeys (ConfUtils.java:logGet(43)) - raft.server.log.use.memory = false (default)
2019-09-26 21:18:43,674 [pool-47-thread-1] INFO  server.RaftServerConfigKeys (ConfUtils.java:logGet(43)) - raft.server.log.purge.gap = 1000000 (custom)
2019-09-26 21:18:43,674 [pool-47-thread-1] INFO  server.RaftServerConfigKeys (ConfUtils.java:logGet(43)) - raft.server.log.appender.buffer.byte-limit = 33554432 (custom)
2019-09-26 21:18:43,674 [pool-47-thread-1] INFO  server.RaftServerConfigKeys (ConfUtils.java:logGet(43)) - raft.server.log.segment.size.max = 1048576 (custom)
2019-09-26 21:18:43,674 [pool-47-thread-1] INFO  server.RaftServerConfigKeys (ConfUtils.java:logGet(43)) - raft.server.log.segment.cache.num.max = 2 (custom)
2019-09-26 21:18:43,674 [pool-47-thread-1] INFO  segmented.SegmentedRaftLogWorker (SegmentedRaftLogWorker.java:<init>(172)) - new 09112efe-1fad-4539-a04f-c96aef6d2351@group-C6EDAB432D38-SegmentedRaftLogWorker for RaftStorage:Storage Directory /workdir/hadoop-ozone/ozonefs/target/test-dir/MiniOzoneClusterImpl-5b64906c-d720-4906-b30c-b6d56a2122fd/datanode-2/data/ratis/30dc6b28-3806-43a5-828c-c6edab432d38
2019-09-26 21:18:43,675 [pool-47-thread-1] INFO  server.RaftServerConfigKeys (ConfUtils.java:logGet(43)) - raft.server.log.queue.byte-limit = 2147483647 (custom)
2019-09-26 21:18:43,675 [pool-47-thread-1] INFO  server.RaftServerConfigKeys (ConfUtils.java:logGet(43)) - raft.server.log.queue.element-limit = 1024 (custom)
2019-09-26 21:18:43,675 [pool-47-thread-1] INFO  server.RaftServerConfigKeys (ConfUtils.java:logGet(43)) - raft.server.log.segment.size.max = 1048576 (custom)
2019-09-26 21:18:43,675 [pool-47-thread-1] INFO  server.RaftServerConfigKeys (ConfUtils.java:logGet(43)) - raft.server.log.preallocated.size = 16384 (custom)
2019-09-26 21:18:43,675 [pool-47-thread-1] INFO  server.RaftServerConfigKeys (ConfUtils.java:logGet(43)) - raft.server.log.write.buffer.size = 33554432 (custom)
2019-09-26 21:18:43,675 [pool-47-thread-1] INFO  server.RaftServerConfigKeys (ConfUtils.java:logGet(43)) - raft.server.log.force.sync.num = 128 (default)
2019-09-26 21:18:43,675 [pool-47-thread-1] INFO  server.RaftServerConfigKeys (ConfUtils.java:logGet(43)) - raft.server.log.statemachine.data.sync = true (default)
2019-09-26 21:18:43,677 [pool-47-thread-1] INFO  server.RaftServerConfigKeys (ConfUtils.java:logGet(43)) - raft.server.log.statemachine.data.sync.timeout = 10s (default)
2019-09-26 21:18:43,677 [pool-47-thread-1] INFO  server.RaftServerConfigKeys (ConfUtils.java:logGet(43)) - raft.server.log.statemachine.data.sync.timeout.retry = -1 (default)
2019-09-26 21:18:43,678 [pool-47-thread-1] INFO  server.RaftServerConfigKeys (ConfUtils.java:logGet(43)) - raft.server.log.statemachine.data.caching.enabled = true (custom)
2019-09-26 21:18:43,678 [pool-47-thread-1] INFO  segmented.SegmentedRaftLogWorker (SegmentedRaftLogWorker.java:lambda$new$0(132)) - 09112efe-1fad-4539-a04f-c96aef6d2351@group-C6EDAB432D38-SegmentedRaftLogWorker: flushIndex: setUnconditionally 0 -> -1
2019-09-26 21:18:43,678 [pool-47-thread-1] INFO  server.RaftServerConfigKeys (ConfUtils.java:logGet(43)) - raft.server.snapshot.auto.trigger.enabled = true (custom)
2019-09-26 21:18:43,679 [pool-47-thread-1] INFO  server.RaftServerConfigKeys (ConfUtils.java:logGet(43)) - raft.server.snapshot.auto.trigger.threshold = 10000 (custom)
2019-09-26 21:18:43,679 [pool-47-thread-1] INFO  server.RaftServerConfigKeys (ConfUtils.java:logGet(43)) - raft.server.snapshot.retention.num.files = 5 (custom)
2019-09-26 21:18:43,679 [pool-47-thread-1] INFO  server.RaftServerConfigKeys (ConfUtils.java:logGet(43)) - raft.server.retrycache.expirytime = 600000ms (custom)
2019-09-26 21:18:43,682 [pool-47-thread-1] INFO  impl.RaftServerImpl (RaftServerImpl.java:start(185)) - 09112efe-1fad-4539-a04f-c96aef6d2351@group-C6EDAB432D38: start as a follower, conf=-1: [09112efe-1fad-4539-a04f-c96aef6d2351:192.168.151.99:45286], old=null
2019-09-26 21:18:43,682 [pool-47-thread-1] INFO  impl.RaftServerImpl (RaftServerImpl.java:setRole(174)) - 09112efe-1fad-4539-a04f-c96aef6d2351@group-C6EDAB432D38: changes role from      null to FOLLOWER at term 0 for startAsFollower
2019-09-26 21:18:43,682 [pool-47-thread-1] INFO  impl.RoleInfo (RoleInfo.java:updateAndGet(143)) - 09112efe-1fad-4539-a04f-c96aef6d2351: start FollowerState
2019-09-26 21:18:43,683 [pool-47-thread-1] INFO  util.JmxRegister (JmxRegister.java:tryRegister(44)) - Successfully registered JMX Bean with object name Ratis:service=RaftServer,group=group-C6EDAB432D38,id=09112efe-1fad-4539-a04f-c96aef6d2351
2019-09-26 21:18:43,692 [RatisPipelineUtilsThread] INFO  pipeline.PipelineStateManager (PipelineStateManager.java:addPipeline(56)) - Created pipeline Pipeline[ Id: 30dc6b28-3806-43a5-828c-c6edab432d38, Nodes: 09112efe-1fad-4539-a04f-c96aef6d2351{ip: 192.168.151.99, host: pr-hdds-1569-g6sp5-2013761785, networkLocation: /default-rack, certSerialId: null}, Type:RATIS, Factor:ONE, State:OPEN]
2019-09-26 21:18:43,990 [grpc-default-executor-0] INFO  impl.RaftServerProxy (RaftServerProxy.java:addNew(89)) - 09112efe-1fad-4539-a04f-c96aef6d2351: addNew group-39CEDE312CC0:[09112efe-1fad-4539-a04f-c96aef6d2351:192.168.151.99:45286] returns group-39CEDE312CC0:java.util.concurrent.CompletableFuture@5e3cb24a[Not completed]
2019-09-26 21:18:43,992 [pool-47-thread-1] INFO  impl.RaftServerImpl (RaftServerImpl.java:<init>(95)) - 09112efe-1fad-4539-a04f-c96aef6d2351: new RaftServerImpl for group-39CEDE312CC0:[09112efe-1fad-4539-a04f-c96aef6d2351:192.168.151.99:45286] with ContainerStateMachine:uninitialized
2019-09-26 21:18:43,993 [pool-47-thread-1] INFO  server.RaftServerConfigKeys (ConfUtils.java:logGet(43)) - raft.server.rpc.timeout.min = 5s (custom)
2019-09-26 21:18:43,993 [pool-47-thread-1] INFO  server.RaftServerConfigKeys (ConfUtils.java:logGet(43)) - raft.server.rpc.timeout.max = 5200ms (custom)
2019-09-26 21:18:43,993 [pool-47-thread-1] INFO  server.RaftServerConfigKeys (ConfUtils.java:logGet(43)) - raft.server.rpcslowness.timeout = 120s (custom)
2019-09-26 21:18:43,993 [pool-47-thread-1] INFO  server.RaftServerConfigKeys (ConfUtils.java:logGet(43)) - raft.server.sleep.deviation.threshold = 300 (default)
2019-09-26 21:18:43,993 [pool-47-thread-1] INFO  server.RaftServerConfigKeys (ConfUtils.java:logGet(43)) - raft.server.log.appender.install.snapshot.enabled = false (custom)
2019-09-26 21:18:43,994 [pool-47-thread-1] INFO  impl.RaftServerImpl (ServerState.java:<init>(103)) - 09112efe-1fad-4539-a04f-c96aef6d2351@group-39CEDE312CC0: ConfigurationManager, init=-1: [09112efe-1fad-4539-a04f-c96aef6d2351:192.168.151.99:45286], old=null, confs=<EMPTY_MAP>
2019-09-26 21:18:43,994 [pool-47-thread-1] INFO  server.RaftServerConfigKeys (ConfUtils.java:logGet(43)) - raft.server.storage.dir = [/workdir/hadoop-ozone/ozonefs/target/test-dir/MiniOzoneClusterImpl-5b64906c-d720-4906-b30c-b6d56a2122fd/datanode-2/data/ratis] (custom)
2019-09-26 21:18:43,995 [pool-47-thread-1] INFO  storage.RaftStorageDirectory (RaftStorageDirectory.java:analyzeStorage(246)) - The storage directory /workdir/hadoop-ozone/ozonefs/target/test-dir/MiniOzoneClusterImpl-5b64906c-d720-4906-b30c-b6d56a2122fd/datanode-2/data/ratis/4755b04e-1d84-4da9-b520-39cede312cc0 does not exist. Creating ...
2019-09-26 21:18:44,038 [pool-47-thread-1] INFO  storage.RaftStorageDirectory (RaftStorageDirectory.java:tryLock(328)) - Lock on /workdir/hadoop-ozone/ozonefs/target/test-dir/MiniOzoneClusterImpl-5b64906c-d720-4906-b30c-b6d56a2122fd/datanode-2/data/ratis/4755b04e-1d84-4da9-b520-39cede312cc0/in_use.lock acquired by nodename 10701@pr-hdds-1569-g6sp5-2013761785
2019-09-26 21:18:44,052 [pool-47-thread-1] INFO  storage.RaftStorage (RaftStorage.java:format(72)) - Storage directory /workdir/hadoop-ozone/ozonefs/target/test-dir/MiniOzoneClusterImpl-5b64906c-d720-4906-b30c-b6d56a2122fd/datanode-2/data/ratis/4755b04e-1d84-4da9-b520-39cede312cc0 has been successfully formatted.
2019-09-26 21:18:44,053 [pool-47-thread-1] INFO  ratis.ContainerStateMachine (ContainerStateMachine.java:loadSnapshot(230)) - group-39CEDE312CC0: The snapshot info is null. Setting the last applied indexto:(t:0, i:~)
2019-09-26 21:18:44,053 [pool-47-thread-1] INFO  server.RaftServerConfigKeys (ConfUtils.java:logGet(43)) - raft.server.notification.no-leader.timeout = 120s (custom)
2019-09-26 21:18:44,053 [pool-47-thread-1] INFO  server.RaftServerConfigKeys (ConfUtils.java:logGet(43)) - raft.server.log.use.memory = false (default)
2019-09-26 21:18:44,053 [pool-47-thread-1] INFO  server.RaftServerConfigKeys (ConfUtils.java:logGet(43)) - raft.server.log.purge.gap = 1000000 (custom)
2019-09-26 21:18:44,053 [pool-47-thread-1] INFO  server.RaftServerConfigKeys (ConfUtils.java:logGet(43)) - raft.server.log.appender.buffer.byte-limit = 33554432 (custom)
2019-09-26 21:18:44,054 [pool-47-thread-1] INFO  server.RaftServerConfigKeys (ConfUtils.java:logGet(43)) - raft.server.log.segment.size.max = 1048576 (custom)
2019-09-26 21:18:44,054 [pool-47-thread-1] INFO  server.RaftServerConfigKeys (ConfUtils.java:logGet(43)) - raft.server.log.segment.cache.num.max = 2 (custom)
2019-09-26 21:18:44,054 [pool-47-thread-1] INFO  segmented.SegmentedRaftLogWorker (SegmentedRaftLogWorker.java:<init>(172)) - new 09112efe-1fad-4539-a04f-c96aef6d2351@group-39CEDE312CC0-SegmentedRaftLogWorker for RaftStorage:Storage Directory /workdir/hadoop-ozone/ozonefs/target/test-dir/MiniOzoneClusterImpl-5b64906c-d720-4906-b30c-b6d56a2122fd/datanode-2/data/ratis/4755b04e-1d84-4da9-b520-39cede312cc0
2019-09-26 21:18:44,054 [pool-47-thread-1] INFO  server.RaftServerConfigKeys (ConfUtils.java:logGet(43)) - raft.server.log.queue.byte-limit = 2147483647 (custom)
2019-09-26 21:18:44,055 [pool-47-thread-1] INFO  server.RaftServerConfigKeys (ConfUtils.java:logGet(43)) - raft.server.log.queue.element-limit = 1024 (custom)
2019-09-26 21:18:44,055 [pool-47-thread-1] INFO  server.RaftServerConfigKeys (ConfUtils.java:logGet(43)) - raft.server.log.segment.size.max = 1048576 (custom)
2019-09-26 21:18:44,055 [pool-47-thread-1] INFO  server.RaftServerConfigKeys (ConfUtils.java:logGet(43)) - raft.server.log.preallocated.size = 16384 (custom)
2019-09-26 21:18:44,055 [pool-47-thread-1] INFO  server.RaftServerConfigKeys (ConfUtils.java:logGet(43)) - raft.server.log.write.buffer.size = 33554432 (custom)
2019-09-26 21:18:44,055 [pool-47-thread-1] INFO  server.RaftServerConfigKeys (ConfUtils.java:logGet(43)) - raft.server.log.force.sync.num = 128 (default)
2019-09-26 21:18:44,055 [pool-47-thread-1] INFO  server.RaftServerConfigKeys (ConfUtils.java:logGet(43)) - raft.server.log.statemachine.data.sync = true (default)
2019-09-26 21:18:44,056 [pool-47-thread-1] INFO  server.RaftServerConfigKeys (ConfUtils.java:logGet(43)) - raft.server.log.statemachine.data.sync.timeout = 10s (default)
2019-09-26 21:18:44,056 [pool-47-thread-1] INFO  server.RaftServerConfigKeys (ConfUtils.java:logGet(43)) - raft.server.log.statemachine.data.sync.timeout.retry = -1 (default)
2019-09-26 21:18:44,056 [pool-47-thread-1] INFO  server.RaftServerConfigKeys (ConfUtils.java:logGet(43)) - raft.server.log.statemachine.data.caching.enabled = true (custom)
2019-09-26 21:18:44,057 [pool-47-thread-1] INFO  segmented.SegmentedRaftLogWorker (SegmentedRaftLogWorker.java:lambda$new$0(132)) - 09112efe-1fad-4539-a04f-c96aef6d2351@group-39CEDE312CC0-SegmentedRaftLogWorker: flushIndex: setUnconditionally 0 -> -1
2019-09-26 21:18:44,057 [pool-47-thread-1] INFO  server.RaftServerConfigKeys (ConfUtils.java:logGet(43)) - raft.server.snapshot.auto.trigger.enabled = true (custom)
2019-09-26 21:18:44,057 [pool-47-thread-1] INFO  server.RaftServerConfigKeys (ConfUtils.java:logGet(43)) - raft.server.snapshot.auto.trigger.threshold = 10000 (custom)
2019-09-26 21:18:44,057 [pool-47-thread-1] INFO  server.RaftServerConfigKeys (ConfUtils.java:logGet(43)) - raft.server.snapshot.retention.num.files = 5 (custom)
2019-09-26 21:18:44,058 [pool-47-thread-1] INFO  server.RaftServerConfigKeys (ConfUtils.java:logGet(43)) - raft.server.retrycache.expirytime = 600000ms (custom)
2019-09-26 21:18:44,061 [pool-47-thread-1] INFO  impl.RaftServerImpl (RaftServerImpl.java:start(185)) - 09112efe-1fad-4539-a04f-c96aef6d2351@group-39CEDE312CC0: start as a follower, conf=-1: [09112efe-1fad-4539-a04f-c96aef6d2351:192.168.151.99:45286], old=null
2019-09-26 21:18:44,061 [pool-47-thread-1] INFO  impl.RaftServerImpl (RaftServerImpl.java:setRole(174)) - 09112efe-1fad-4539-a04f-c96aef6d2351@group-39CEDE312CC0: changes role from      null to FOLLOWER at term 0 for startAsFollower
2019-09-26 21:18:44,061 [pool-47-thread-1] INFO  impl.RoleInfo (RoleInfo.java:updateAndGet(143)) - 09112efe-1fad-4539-a04f-c96aef6d2351: start FollowerState
2019-09-26 21:18:44,062 [pool-47-thread-1] INFO  util.JmxRegister (JmxRegister.java:tryRegister(44)) - Successfully registered JMX Bean with object name Ratis:service=RaftServer,group=group-39CEDE312CC0,id=09112efe-1fad-4539-a04f-c96aef6d2351
2019-09-26 21:18:44,069 [RatisPipelineUtilsThread] INFO  pipeline.PipelineStateManager (PipelineStateManager.java:addPipeline(56)) - Created pipeline Pipeline[ Id: 4755b04e-1d84-4da9-b520-39cede312cc0, Nodes: 09112efe-1fad-4539-a04f-c96aef6d2351{ip: 192.168.151.99, host: pr-hdds-1569-g6sp5-2013761785, networkLocation: /default-rack, certSerialId: null}, Type:RATIS, Factor:ONE, State:OPEN]
2019-09-26 21:18:44,081 [grpc-default-executor-0] INFO  impl.RaftServerProxy (RaftServerProxy.java:addNew(89)) - da833d8d-e72a-4068-9560-4daa2d83adc2: addNew group-E212E05007DD:[da833d8d-e72a-4068-9560-4daa2d83adc2:192.168.151.99:38903] returns group-E212E05007DD:java.util.concurrent.CompletableFuture@842e21[Not completed]
2019-09-26 21:18:44,083 [pool-67-thread-1] INFO  impl.RaftServerImpl (RaftServerImpl.java:<init>(95)) - da833d8d-e72a-4068-9560-4daa2d83adc2: new RaftServerImpl for group-E212E05007DD:[da833d8d-e72a-4068-9560-4daa2d83adc2:192.168.151.99:38903] with ContainerStateMachine:uninitialized
2019-09-26 21:18:44,084 [pool-67-thread-1] INFO  server.RaftServerConfigKeys (ConfUtils.java:logGet(43)) - raft.server.rpc.timeout.min = 5s (custom)
2019-09-26 21:18:44,084 [pool-67-thread-1] INFO  server.RaftServerConfigKeys (ConfUtils.java:logGet(43)) - raft.server.rpc.timeout.max = 5200ms (custom)
2019-09-26 21:18:44,084 [pool-67-thread-1] INFO  server.RaftServerConfigKeys (ConfUtils.java:logGet(43)) - raft.server.rpcslowness.timeout = 120s (custom)
2019-09-26 21:18:44,084 [pool-67-thread-1] INFO  server.RaftServerConfigKeys (ConfUtils.java:logGet(43)) - raft.server.sleep.deviation.threshold = 300 (default)
2019-09-26 21:18:44,084 [pool-67-thread-1] INFO  server.RaftServerConfigKeys (ConfUtils.java:logGet(43)) - raft.server.log.appender.install.snapshot.enabled = false (custom)
2019-09-26 21:18:44,085 [pool-67-thread-1] INFO  impl.RaftServerImpl (ServerState.java:<init>(103)) - da833d8d-e72a-4068-9560-4daa2d83adc2@group-E212E05007DD: ConfigurationManager, init=-1: [da833d8d-e72a-4068-9560-4daa2d83adc2:192.168.151.99:38903], old=null, confs=<EMPTY_MAP>
2019-09-26 21:18:44,085 [pool-67-thread-1] INFO  server.RaftServerConfigKeys (ConfUtils.java:logGet(43)) - raft.server.storage.dir = [/workdir/hadoop-ozone/ozonefs/target/test-dir/MiniOzoneClusterImpl-5b64906c-d720-4906-b30c-b6d56a2122fd/datanode-4/data/ratis] (custom)
2019-09-26 21:18:44,085 [pool-67-thread-1] INFO  storage.RaftStorageDirectory (RaftStorageDirectory.java:analyzeStorage(246)) - The storage directory /workdir/hadoop-ozone/ozonefs/target/test-dir/MiniOzoneClusterImpl-5b64906c-d720-4906-b30c-b6d56a2122fd/datanode-4/data/ratis/9278d484-8ada-4234-8a93-e212e05007dd does not exist. Creating ...
2019-09-26 21:18:44,098 [pool-67-thread-1] INFO  storage.RaftStorageDirectory (RaftStorageDirectory.java:tryLock(328)) - Lock on /workdir/hadoop-ozone/ozonefs/target/test-dir/MiniOzoneClusterImpl-5b64906c-d720-4906-b30c-b6d56a2122fd/datanode-4/data/ratis/9278d484-8ada-4234-8a93-e212e05007dd/in_use.lock acquired by nodename 10701@pr-hdds-1569-g6sp5-2013761785
2019-09-26 21:18:44,112 [pool-67-thread-1] INFO  storage.RaftStorage (RaftStorage.java:format(72)) - Storage directory /workdir/hadoop-ozone/ozonefs/target/test-dir/MiniOzoneClusterImpl-5b64906c-d720-4906-b30c-b6d56a2122fd/datanode-4/data/ratis/9278d484-8ada-4234-8a93-e212e05007dd has been successfully formatted.
2019-09-26 21:18:44,112 [pool-67-thread-1] INFO  ratis.ContainerStateMachine (ContainerStateMachine.java:loadSnapshot(230)) - group-E212E05007DD: The snapshot info is null. Setting the last applied indexto:(t:0, i:~)
2019-09-26 21:18:44,112 [pool-67-thread-1] INFO  server.RaftServerConfigKeys (ConfUtils.java:logGet(43)) - raft.server.notification.no-leader.timeout = 120s (custom)
2019-09-26 21:18:44,112 [pool-67-thread-1] INFO  server.RaftServerConfigKeys (ConfUtils.java:logGet(43)) - raft.server.log.use.memory = false (default)
2019-09-26 21:18:44,113 [pool-67-thread-1] INFO  server.RaftServerConfigKeys (ConfUtils.java:logGet(43)) - raft.server.log.purge.gap = 1000000 (custom)
2019-09-26 21:18:44,113 [pool-67-thread-1] INFO  server.RaftServerConfigKeys (ConfUtils.java:logGet(43)) - raft.server.log.appender.buffer.byte-limit = 33554432 (custom)
2019-09-26 21:18:44,113 [pool-67-thread-1] INFO  server.RaftServerConfigKeys (ConfUtils.java:logGet(43)) - raft.server.log.segment.size.max = 1048576 (custom)
2019-09-26 21:18:44,113 [pool-67-thread-1] INFO  server.RaftServerConfigKeys (ConfUtils.java:logGet(43)) - raft.server.log.segment.cache.num.max = 2 (custom)
2019-09-26 21:18:44,113 [pool-67-thread-1] INFO  segmented.SegmentedRaftLogWorker (SegmentedRaftLogWorker.java:<init>(172)) - new da833d8d-e72a-4068-9560-4daa2d83adc2@group-E212E05007DD-SegmentedRaftLogWorker for RaftStorage:Storage Directory /workdir/hadoop-ozone/ozonefs/target/test-dir/MiniOzoneClusterImpl-5b64906c-d720-4906-b30c-b6d56a2122fd/datanode-4/data/ratis/9278d484-8ada-4234-8a93-e212e05007dd
2019-09-26 21:18:44,114 [pool-67-thread-1] INFO  server.RaftServerConfigKeys (ConfUtils.java:logGet(43)) - raft.server.log.queue.byte-limit = 2147483647 (custom)
2019-09-26 21:18:44,114 [pool-67-thread-1] INFO  server.RaftServerConfigKeys (ConfUtils.java:logGet(43)) - raft.server.log.queue.element-limit = 1024 (custom)
2019-09-26 21:18:44,114 [pool-67-thread-1] INFO  server.RaftServerConfigKeys (ConfUtils.java:logGet(43)) - raft.server.log.segment.size.max = 1048576 (custom)
2019-09-26 21:18:44,114 [pool-67-thread-1] INFO  server.RaftServerConfigKeys (ConfUtils.java:logGet(43)) - raft.server.log.preallocated.size = 16384 (custom)
2019-09-26 21:18:44,114 [pool-67-thread-1] INFO  server.RaftServerConfigKeys (ConfUtils.java:logGet(43)) - raft.server.log.write.buffer.size = 33554432 (custom)
2019-09-26 21:18:44,115 [pool-67-thread-1] INFO  server.RaftServerConfigKeys (ConfUtils.java:logGet(43)) - raft.server.log.force.sync.num = 128 (default)
2019-09-26 21:18:44,115 [pool-67-thread-1] INFO  server.RaftServerConfigKeys (ConfUtils.java:logGet(43)) - raft.server.log.statemachine.data.sync = true (default)
2019-09-26 21:18:44,115 [pool-67-thread-1] INFO  server.RaftServerConfigKeys (ConfUtils.java:logGet(43)) - raft.server.log.statemachine.data.sync.timeout = 10s (default)
2019-09-26 21:18:44,115 [pool-67-thread-1] INFO  server.RaftServerConfigKeys (ConfUtils.java:logGet(43)) - raft.server.log.statemachine.data.sync.timeout.retry = -1 (default)
2019-09-26 21:18:44,116 [pool-67-thread-1] INFO  server.RaftServerConfigKeys (ConfUtils.java:logGet(43)) - raft.server.log.statemachine.data.caching.enabled = true (custom)
2019-09-26 21:18:44,116 [pool-67-thread-1] INFO  segmented.SegmentedRaftLogWorker (SegmentedRaftLogWorker.java:lambda$new$0(132)) - da833d8d-e72a-4068-9560-4daa2d83adc2@group-E212E05007DD-SegmentedRaftLogWorker: flushIndex: setUnconditionally 0 -> -1
2019-09-26 21:18:44,117 [pool-67-thread-1] INFO  server.RaftServerConfigKeys (ConfUtils.java:logGet(43)) - raft.server.snapshot.auto.trigger.enabled = true (custom)
2019-09-26 21:18:44,117 [pool-67-thread-1] INFO  server.RaftServerConfigKeys (ConfUtils.java:logGet(43)) - raft.server.snapshot.auto.trigger.threshold = 10000 (custom)
2019-09-26 21:18:44,117 [pool-67-thread-1] INFO  server.RaftServerConfigKeys (ConfUtils.java:logGet(43)) - raft.server.snapshot.retention.num.files = 5 (custom)
2019-09-26 21:18:44,117 [pool-67-thread-1] INFO  server.RaftServerConfigKeys (ConfUtils.java:logGet(43)) - raft.server.retrycache.expirytime = 600000ms (custom)
2019-09-26 21:18:44,127 [pool-67-thread-1] INFO  impl.RaftServerImpl (RaftServerImpl.java:start(185)) - da833d8d-e72a-4068-9560-4daa2d83adc2@group-E212E05007DD: start as a follower, conf=-1: [da833d8d-e72a-4068-9560-4daa2d83adc2:192.168.151.99:38903], old=null
2019-09-26 21:18:44,127 [pool-67-thread-1] INFO  impl.RaftServerImpl (RaftServerImpl.java:setRole(174)) - da833d8d-e72a-4068-9560-4daa2d83adc2@group-E212E05007DD: changes role from      null to FOLLOWER at term 0 for startAsFollower
2019-09-26 21:18:44,128 [pool-67-thread-1] INFO  impl.RoleInfo (RoleInfo.java:updateAndGet(143)) - da833d8d-e72a-4068-9560-4daa2d83adc2: start FollowerState
2019-09-26 21:18:44,128 [pool-67-thread-1] INFO  util.JmxRegister (JmxRegister.java:tryRegister(44)) - Successfully registered JMX Bean with object name Ratis:service=RaftServer,group=group-E212E05007DD,id=da833d8d-e72a-4068-9560-4daa2d83adc2
2019-09-26 21:18:44,136 [RatisPipelineUtilsThread] INFO  pipeline.PipelineStateManager (PipelineStateManager.java:addPipeline(56)) - Created pipeline Pipeline[ Id: 9278d484-8ada-4234-8a93-e212e05007dd, Nodes: da833d8d-e72a-4068-9560-4daa2d83adc2{ip: 192.168.151.99, host: pr-hdds-1569-g6sp5-2013761785, networkLocation: /default-rack, certSerialId: null}, Type:RATIS, Factor:ONE, State:OPEN]
2019-09-26 21:18:44,179 [grpc-default-executor-0] INFO  impl.RaftServerProxy (RaftServerProxy.java:addNew(89)) - 1178c3ae-d0b4-4d44-b144-fe8504cc41ac: addNew group-B85B5EE92332:[1178c3ae-d0b4-4d44-b144-fe8504cc41ac:192.168.151.99:33787] returns group-B85B5EE92332:java.util.concurrent.CompletableFuture@27027e12[Not completed]
2019-09-26 21:18:44,269 [Thread-219] INFO  contract.AbstractFSContractTestBase (AbstractFSContractTestBase.java:setup(184)) - Test filesystem = o3fs://bucket27921.volume13584 implemented by OzoneFileSystem{URI=o3fs://bucket27921.volume13584, workingDir=o3fs://bucket27921.volume13584/user/jenkins1000, userName=jenkins1000, statistics=0 bytes read, 0 bytes written, 0 read ops, 0 large read ops, 0 write ops}
2019-09-26 21:18:44,324 [pool-37-thread-1] INFO  impl.RaftServerImpl (RaftServerImpl.java:<init>(95)) - 1178c3ae-d0b4-4d44-b144-fe8504cc41ac: new RaftServerImpl for group-B85B5EE92332:[1178c3ae-d0b4-4d44-b144-fe8504cc41ac:192.168.151.99:33787] with ContainerStateMachine:uninitialized
2019-09-26 21:18:44,324 [pool-37-thread-1] INFO  server.RaftServerConfigKeys (ConfUtils.java:logGet(43)) - raft.server.rpc.timeout.min = 5s (custom)
2019-09-26 21:18:44,325 [pool-37-thread-1] INFO  server.RaftServerConfigKeys (ConfUtils.java:logGet(43)) - raft.server.rpc.timeout.max = 5200ms (custom)
2019-09-26 21:18:44,325 [pool-37-thread-1] INFO  server.RaftServerConfigKeys (ConfUtils.java:logGet(43)) - raft.server.rpcslowness.timeout = 120s (custom)
2019-09-26 21:18:44,325 [pool-37-thread-1] INFO  server.RaftServerConfigKeys (ConfUtils.java:logGet(43)) - raft.server.sleep.deviation.threshold = 300 (default)
2019-09-26 21:18:44,325 [pool-37-thread-1] INFO  server.RaftServerConfigKeys (ConfUtils.java:logGet(43)) - raft.server.log.appender.install.snapshot.enabled = false (custom)
2019-09-26 21:18:44,325 [pool-37-thread-1] INFO  impl.RaftServerImpl (ServerState.java:<init>(103)) - 1178c3ae-d0b4-4d44-b144-fe8504cc41ac@group-B85B5EE92332: ConfigurationManager, init=-1: [1178c3ae-d0b4-4d44-b144-fe8504cc41ac:192.168.151.99:33787], old=null, confs=<EMPTY_MAP>
2019-09-26 21:18:44,326 [pool-37-thread-1] INFO  server.RaftServerConfigKeys (ConfUtils.java:logGet(43)) - raft.server.storage.dir = [/workdir/hadoop-ozone/ozonefs/target/test-dir/MiniOzoneClusterImpl-5b64906c-d720-4906-b30c-b6d56a2122fd/datanode-1/data/ratis] (custom)
2019-09-26 21:18:44,326 [pool-37-thread-1] INFO  storage.RaftStorageDirectory (RaftStorageDirectory.java:analyzeStorage(246)) - The storage directory /workdir/hadoop-ozone/ozonefs/target/test-dir/MiniOzoneClusterImpl-5b64906c-d720-4906-b30c-b6d56a2122fd/datanode-1/data/ratis/b7b60ffc-3c2e-40aa-9e38-b85b5ee92332 does not exist. Creating ...
2019-09-26 21:18:44,339 [pool-37-thread-1] INFO  storage.RaftStorageDirectory (RaftStorageDirectory.java:tryLock(328)) - Lock on /workdir/hadoop-ozone/ozonefs/target/test-dir/MiniOzoneClusterImpl-5b64906c-d720-4906-b30c-b6d56a2122fd/datanode-1/data/ratis/b7b60ffc-3c2e-40aa-9e38-b85b5ee92332/in_use.lock acquired by nodename 10701@pr-hdds-1569-g6sp5-2013761785
2019-09-26 21:18:44,353 [pool-37-thread-1] INFO  storage.RaftStorage (RaftStorage.java:format(72)) - Storage directory /workdir/hadoop-ozone/ozonefs/target/test-dir/MiniOzoneClusterImpl-5b64906c-d720-4906-b30c-b6d56a2122fd/datanode-1/data/ratis/b7b60ffc-3c2e-40aa-9e38-b85b5ee92332 has been successfully formatted.
2019-09-26 21:18:44,354 [pool-37-thread-1] INFO  ratis.ContainerStateMachine (ContainerStateMachine.java:loadSnapshot(230)) - group-B85B5EE92332: The snapshot info is null. Setting the last applied indexto:(t:0, i:~)
2019-09-26 21:18:44,354 [pool-37-thread-1] INFO  server.RaftServerConfigKeys (ConfUtils.java:logGet(43)) - raft.server.notification.no-leader.timeout = 120s (custom)
2019-09-26 21:18:44,354 [pool-37-thread-1] INFO  server.RaftServerConfigKeys (ConfUtils.java:logGet(43)) - raft.server.log.use.memory = false (default)
2019-09-26 21:18:44,354 [pool-37-thread-1] INFO  server.RaftServerConfigKeys (ConfUtils.java:logGet(43)) - raft.server.log.purge.gap = 1000000 (custom)
2019-09-26 21:18:44,354 [pool-37-thread-1] INFO  server.RaftServerConfigKeys (ConfUtils.java:logGet(43)) - raft.server.log.appender.buffer.byte-limit = 33554432 (custom)
2019-09-26 21:18:44,355 [pool-37-thread-1] INFO  server.RaftServerConfigKeys (ConfUtils.java:logGet(43)) - raft.server.log.segment.size.max = 1048576 (custom)
2019-09-26 21:18:44,355 [pool-37-thread-1] INFO  server.RaftServerConfigKeys (ConfUtils.java:logGet(43)) - raft.server.log.segment.cache.num.max = 2 (custom)
2019-09-26 21:18:44,355 [pool-37-thread-1] INFO  segmented.SegmentedRaftLogWorker (SegmentedRaftLogWorker.java:<init>(172)) - new 1178c3ae-d0b4-4d44-b144-fe8504cc41ac@group-B85B5EE92332-SegmentedRaftLogWorker for RaftStorage:Storage Directory /workdir/hadoop-ozone/ozonefs/target/test-dir/MiniOzoneClusterImpl-5b64906c-d720-4906-b30c-b6d56a2122fd/datanode-1/data/ratis/b7b60ffc-3c2e-40aa-9e38-b85b5ee92332
2019-09-26 21:18:44,355 [pool-37-thread-1] INFO  server.RaftServerConfigKeys (ConfUtils.java:logGet(43)) - raft.server.log.queue.byte-limit = 2147483647 (custom)
2019-09-26 21:18:44,355 [pool-37-thread-1] INFO  server.RaftServerConfigKeys (ConfUtils.java:logGet(43)) - raft.server.log.queue.element-limit = 1024 (custom)
2019-09-26 21:18:44,356 [pool-37-thread-1] INFO  server.RaftServerConfigKeys (ConfUtils.java:logGet(43)) - raft.server.log.segment.size.max = 1048576 (custom)
2019-09-26 21:18:44,356 [pool-37-thread-1] INFO  server.RaftServerConfigKeys (ConfUtils.java:logGet(43)) - raft.server.log.preallocated.size = 16384 (custom)
2019-09-26 21:18:44,356 [pool-37-thread-1] INFO  server.RaftServerConfigKeys (ConfUtils.java:logGet(43)) - raft.server.log.write.buffer.size = 33554432 (custom)
2019-09-26 21:18:44,356 [pool-37-thread-1] INFO  server.RaftServerConfigKeys (ConfUtils.java:logGet(43)) - raft.server.log.force.sync.num = 128 (default)
2019-09-26 21:18:44,356 [pool-37-thread-1] INFO  server.RaftServerConfigKeys (ConfUtils.java:logGet(43)) - raft.server.log.statemachine.data.sync = true (default)
2019-09-26 21:18:44,357 [pool-37-thread-1] INFO  server.RaftServerConfigKeys (ConfUtils.java:logGet(43)) - raft.server.log.statemachine.data.sync.timeout = 10s (default)
2019-09-26 21:18:44,357 [pool-37-thread-1] INFO  server.RaftServerConfigKeys (ConfUtils.java:logGet(43)) - raft.server.log.statemachine.data.sync.timeout.retry = -1 (default)
2019-09-26 21:18:44,357 [pool-37-thread-1] INFO  server.RaftServerConfigKeys (ConfUtils.java:logGet(43)) - raft.server.log.statemachine.data.caching.enabled = true (custom)
2019-09-26 21:18:44,357 [pool-37-thread-1] INFO  segmented.SegmentedRaftLogWorker (SegmentedRaftLogWorker.java:lambda$new$0(132)) - 1178c3ae-d0b4-4d44-b144-fe8504cc41ac@group-B85B5EE92332-SegmentedRaftLogWorker: flushIndex: setUnconditionally 0 -> -1
2019-09-26 21:18:44,358 [pool-37-thread-1] INFO  server.RaftServerConfigKeys (ConfUtils.java:logGet(43)) - raft.server.snapshot.auto.trigger.enabled = true (custom)
2019-09-26 21:18:44,358 [pool-37-thread-1] INFO  server.RaftServerConfigKeys (ConfUtils.java:logGet(43)) - raft.server.snapshot.auto.trigger.threshold = 10000 (custom)
2019-09-26 21:18:44,358 [pool-37-thread-1] INFO  server.RaftServerConfigKeys (ConfUtils.java:logGet(43)) - raft.server.snapshot.retention.num.files = 5 (custom)
2019-09-26 21:18:44,358 [pool-37-thread-1] INFO  server.RaftServerConfigKeys (ConfUtils.java:logGet(43)) - raft.server.retrycache.expirytime = 600000ms (custom)
2019-09-26 21:18:44,361 [Thread-208] INFO  container.ReplicationManager (ReplicationManager.java:start(163)) - Starting Replication Monitor Thread.
2019-09-26 21:18:44,363 [ReplicationMonitor] INFO  container.ReplicationManager (ReplicationManager.java:run(226)) - Replication Monitor Thread took 1 milliseconds for processing 0 containers.
2019-09-26 21:18:44,366 [pool-37-thread-1] INFO  impl.RaftServerImpl (RaftServerImpl.java:start(185)) - 1178c3ae-d0b4-4d44-b144-fe8504cc41ac@group-B85B5EE92332: start as a follower, conf=-1: [1178c3ae-d0b4-4d44-b144-fe8504cc41ac:192.168.151.99:33787], old=null
2019-09-26 21:18:44,366 [pool-37-thread-1] INFO  impl.RaftServerImpl (RaftServerImpl.java:setRole(174)) - 1178c3ae-d0b4-4d44-b144-fe8504cc41ac@group-B85B5EE92332: changes role from      null to FOLLOWER at term 0 for startAsFollower
2019-09-26 21:18:44,366 [pool-37-thread-1] INFO  impl.RoleInfo (RoleInfo.java:updateAndGet(143)) - 1178c3ae-d0b4-4d44-b144-fe8504cc41ac: start FollowerState
2019-09-26 21:18:44,373 [pool-37-thread-1] INFO  util.JmxRegister (JmxRegister.java:tryRegister(44)) - Successfully registered JMX Bean with object name Ratis:service=RaftServer,group=group-B85B5EE92332,id=1178c3ae-d0b4-4d44-b144-fe8504cc41ac
2019-09-26 21:18:44,390 [RatisPipelineUtilsThread] INFO  pipeline.PipelineStateManager (PipelineStateManager.java:addPipeline(56)) - Created pipeline Pipeline[ Id: b7b60ffc-3c2e-40aa-9e38-b85b5ee92332, Nodes: 1178c3ae-d0b4-4d44-b144-fe8504cc41ac{ip: 192.168.151.99, host: pr-hdds-1569-g6sp5-2013761785, networkLocation: /default-rack, certSerialId: null}, Type:RATIS, Factor:ONE, State:OPEN]
2019-09-26 21:18:44,400 [grpc-default-executor-0] INFO  impl.RaftServerProxy (RaftServerProxy.java:addNew(89)) - 0c640f50-2bc9-49b6-b785-a27e3116e6ba: addNew group-01913BE07CBE:[0c640f50-2bc9-49b6-b785-a27e3116e6ba:192.168.151.99:42361] returns group-01913BE07CBE:java.util.concurrent.CompletableFuture@71f31b14[Not completed]
2019-09-26 21:18:44,402 [pool-57-thread-1] INFO  impl.RaftServerImpl (RaftServerImpl.java:<init>(95)) - 0c640f50-2bc9-49b6-b785-a27e3116e6ba: new RaftServerImpl for group-01913BE07CBE:[0c640f50-2bc9-49b6-b785-a27e3116e6ba:192.168.151.99:42361] with ContainerStateMachine:uninitialized
2019-09-26 21:18:44,402 [pool-57-thread-1] INFO  server.RaftServerConfigKeys (ConfUtils.java:logGet(43)) - raft.server.rpc.timeout.min = 5s (custom)
2019-09-26 21:18:44,402 [pool-57-thread-1] INFO  server.RaftServerConfigKeys (ConfUtils.java:logGet(43)) - raft.server.rpc.timeout.max = 5200ms (custom)
2019-09-26 21:18:44,402 [pool-57-thread-1] INFO  server.RaftServerConfigKeys (ConfUtils.java:logGet(43)) - raft.server.rpcslowness.timeout = 120s (custom)
2019-09-26 21:18:44,403 [pool-57-thread-1] INFO  server.RaftServerConfigKeys (ConfUtils.java:logGet(43)) - raft.server.sleep.deviation.threshold = 300 (default)
2019-09-26 21:18:44,403 [pool-57-thread-1] INFO  server.RaftServerConfigKeys (ConfUtils.java:logGet(43)) - raft.server.log.appender.install.snapshot.enabled = false (custom)
2019-09-26 21:18:44,403 [pool-57-thread-1] INFO  impl.RaftServerImpl (ServerState.java:<init>(103)) - 0c640f50-2bc9-49b6-b785-a27e3116e6ba@group-01913BE07CBE: ConfigurationManager, init=-1: [0c640f50-2bc9-49b6-b785-a27e3116e6ba:192.168.151.99:42361], old=null, confs=<EMPTY_MAP>
2019-09-26 21:18:44,403 [pool-57-thread-1] INFO  server.RaftServerConfigKeys (ConfUtils.java:logGet(43)) - raft.server.storage.dir = [/workdir/hadoop-ozone/ozonefs/target/test-dir/MiniOzoneClusterImpl-5b64906c-d720-4906-b30c-b6d56a2122fd/datanode-3/data/ratis] (custom)
2019-09-26 21:18:44,404 [pool-57-thread-1] INFO  storage.RaftStorageDirectory (RaftStorageDirectory.java:analyzeStorage(246)) - The storage directory /workdir/hadoop-ozone/ozonefs/target/test-dir/MiniOzoneClusterImpl-5b64906c-d720-4906-b30c-b6d56a2122fd/datanode-3/data/ratis/d4462579-b002-4279-9fd8-01913be07cbe does not exist. Creating ...
2019-09-26 21:18:44,417 [pool-57-thread-1] INFO  storage.RaftStorageDirectory (RaftStorageDirectory.java:tryLock(328)) - Lock on /workdir/hadoop-ozone/ozonefs/target/test-dir/MiniOzoneClusterImpl-5b64906c-d720-4906-b30c-b6d56a2122fd/datanode-3/data/ratis/d4462579-b002-4279-9fd8-01913be07cbe/in_use.lock acquired by nodename 10701@pr-hdds-1569-g6sp5-2013761785
2019-09-26 21:18:44,430 [pool-57-thread-1] INFO  storage.RaftStorage (RaftStorage.java:format(72)) - Storage directory /workdir/hadoop-ozone/ozonefs/target/test-dir/MiniOzoneClusterImpl-5b64906c-d720-4906-b30c-b6d56a2122fd/datanode-3/data/ratis/d4462579-b002-4279-9fd8-01913be07cbe has been successfully formatted.
2019-09-26 21:18:44,430 [pool-57-thread-1] INFO  ratis.ContainerStateMachine (ContainerStateMachine.java:loadSnapshot(230)) - group-01913BE07CBE: The snapshot info is null. Setting the last applied indexto:(t:0, i:~)
2019-09-26 21:18:44,431 [pool-57-thread-1] INFO  server.RaftServerConfigKeys (ConfUtils.java:logGet(43)) - raft.server.notification.no-leader.timeout = 120s (custom)
2019-09-26 21:18:44,431 [pool-57-thread-1] INFO  server.RaftServerConfigKeys (ConfUtils.java:logGet(43)) - raft.server.log.use.memory = false (default)
2019-09-26 21:18:44,431 [pool-57-thread-1] INFO  server.RaftServerConfigKeys (ConfUtils.java:logGet(43)) - raft.server.log.purge.gap = 1000000 (custom)
2019-09-26 21:18:44,431 [pool-57-thread-1] INFO  server.RaftServerConfigKeys (ConfUtils.java:logGet(43)) - raft.server.log.appender.buffer.byte-limit = 33554432 (custom)
2019-09-26 21:18:44,431 [pool-57-thread-1] INFO  server.RaftServerConfigKeys (ConfUtils.java:logGet(43)) - raft.server.log.segment.size.max = 1048576 (custom)
2019-09-26 21:18:44,431 [pool-57-thread-1] INFO  server.RaftServerConfigKeys (ConfUtils.java:logGet(43)) - raft.server.log.segment.cache.num.max = 2 (custom)
2019-09-26 21:18:44,431 [pool-57-thread-1] INFO  segmented.SegmentedRaftLogWorker (SegmentedRaftLogWorker.java:<init>(172)) - new 0c640f50-2bc9-49b6-b785-a27e3116e6ba@group-01913BE07CBE-SegmentedRaftLogWorker for RaftStorage:Storage Directory /workdir/hadoop-ozone/ozonefs/target/test-dir/MiniOzoneClusterImpl-5b64906c-d720-4906-b30c-b6d56a2122fd/datanode-3/data/ratis/d4462579-b002-4279-9fd8-01913be07cbe
2019-09-26 21:18:44,432 [pool-57-thread-1] INFO  server.RaftServerConfigKeys (ConfUtils.java:logGet(43)) - raft.server.log.queue.byte-limit = 2147483647 (custom)
2019-09-26 21:18:44,432 [pool-57-thread-1] INFO  server.RaftServerConfigKeys (ConfUtils.java:logGet(43)) - raft.server.log.queue.element-limit = 1024 (custom)
2019-09-26 21:18:44,432 [pool-57-thread-1] INFO  server.RaftServerConfigKeys (ConfUtils.java:logGet(43)) - raft.server.log.segment.size.max = 1048576 (custom)
2019-09-26 21:18:44,432 [pool-57-thread-1] INFO  server.RaftServerConfigKeys (ConfUtils.java:logGet(43)) - raft.server.log.preallocated.size = 16384 (custom)
2019-09-26 21:18:44,432 [pool-57-thread-1] INFO  server.RaftServerConfigKeys (ConfUtils.java:logGet(43)) - raft.server.log.write.buffer.size = 33554432 (custom)
2019-09-26 21:18:44,432 [pool-57-thread-1] INFO  server.RaftServerConfigKeys (ConfUtils.java:logGet(43)) - raft.server.log.force.sync.num = 128 (default)
2019-09-26 21:18:44,432 [pool-57-thread-1] INFO  server.RaftServerConfigKeys (ConfUtils.java:logGet(43)) - raft.server.log.statemachine.data.sync = true (default)
2019-09-26 21:18:44,432 [pool-57-thread-1] INFO  server.RaftServerConfigKeys (ConfUtils.java:logGet(43)) - raft.server.log.statemachine.data.sync.timeout = 10s (default)
2019-09-26 21:18:44,432 [pool-57-thread-1] INFO  server.RaftServerConfigKeys (ConfUtils.java:logGet(43)) - raft.server.log.statemachine.data.sync.timeout.retry = -1 (default)
2019-09-26 21:18:44,433 [pool-57-thread-1] INFO  server.RaftServerConfigKeys (ConfUtils.java:logGet(43)) - raft.server.log.statemachine.data.caching.enabled = true (custom)
2019-09-26 21:18:44,433 [pool-57-thread-1] INFO  segmented.SegmentedRaftLogWorker (SegmentedRaftLogWorker.java:lambda$new$0(132)) - 0c640f50-2bc9-49b6-b785-a27e3116e6ba@group-01913BE07CBE-SegmentedRaftLogWorker: flushIndex: setUnconditionally 0 -> -1
2019-09-26 21:18:44,433 [pool-57-thread-1] INFO  server.RaftServerConfigKeys (ConfUtils.java:logGet(43)) - raft.server.snapshot.auto.trigger.enabled = true (custom)
2019-09-26 21:18:44,433 [pool-57-thread-1] INFO  server.RaftServerConfigKeys (ConfUtils.java:logGet(43)) - raft.server.snapshot.auto.trigger.threshold = 10000 (custom)
2019-09-26 21:18:44,434 [pool-57-thread-1] INFO  server.RaftServerConfigKeys (ConfUtils.java:logGet(43)) - raft.server.snapshot.retention.num.files = 5 (custom)
2019-09-26 21:18:44,434 [pool-57-thread-1] INFO  server.RaftServerConfigKeys (ConfUtils.java:logGet(43)) - raft.server.retrycache.expirytime = 600000ms (custom)
2019-09-26 21:18:44,437 [pool-57-thread-1] INFO  impl.RaftServerImpl (RaftServerImpl.java:start(185)) - 0c640f50-2bc9-49b6-b785-a27e3116e6ba@group-01913BE07CBE: start as a follower, conf=-1: [0c640f50-2bc9-49b6-b785-a27e3116e6ba:192.168.151.99:42361], old=null
2019-09-26 21:18:44,437 [pool-57-thread-1] INFO  impl.RaftServerImpl (RaftServerImpl.java:setRole(174)) - 0c640f50-2bc9-49b6-b785-a27e3116e6ba@group-01913BE07CBE: changes role from      null to FOLLOWER at term 0 for startAsFollower
2019-09-26 21:18:44,437 [pool-57-thread-1] INFO  impl.RoleInfo (RoleInfo.java:updateAndGet(143)) - 0c640f50-2bc9-49b6-b785-a27e3116e6ba: start FollowerState
2019-09-26 21:18:44,438 [pool-57-thread-1] INFO  util.JmxRegister (JmxRegister.java:tryRegister(44)) - Successfully registered JMX Bean with object name Ratis:service=RaftServer,group=group-01913BE07CBE,id=0c640f50-2bc9-49b6-b785-a27e3116e6ba
2019-09-26 21:18:44,443 [RatisPipelineUtilsThread] INFO  pipeline.PipelineStateManager (PipelineStateManager.java:addPipeline(56)) - Created pipeline Pipeline[ Id: d4462579-b002-4279-9fd8-01913be07cbe, Nodes: 0c640f50-2bc9-49b6-b785-a27e3116e6ba{ip: 192.168.151.99, host: pr-hdds-1569-g6sp5-2013761785, networkLocation: /default-rack, certSerialId: null}, Type:RATIS, Factor:ONE, State:OPEN]
2019-09-26 21:18:44,456 [grpc-default-executor-0] INFO  impl.RaftServerProxy (RaftServerProxy.java:addNew(89)) - 9ce0b59e-153f-4f41-8aed-492a76d80b48: addNew group-6F24FC75BAAE:[9ce0b59e-153f-4f41-8aed-492a76d80b48:192.168.151.99:34156] returns group-6F24FC75BAAE:java.util.concurrent.CompletableFuture@600efc96[Not completed]
2019-09-26 21:18:44,461 [pool-27-thread-1] INFO  impl.RaftServerImpl (RaftServerImpl.java:<init>(95)) - 9ce0b59e-153f-4f41-8aed-492a76d80b48: new RaftServerImpl for group-6F24FC75BAAE:[9ce0b59e-153f-4f41-8aed-492a76d80b48:192.168.151.99:34156] with ContainerStateMachine:uninitialized
2019-09-26 21:18:44,461 [pool-27-thread-1] INFO  server.RaftServerConfigKeys (ConfUtils.java:logGet(43)) - raft.server.rpc.timeout.min = 5s (custom)
2019-09-26 21:18:44,461 [pool-27-thread-1] INFO  server.RaftServerConfigKeys (ConfUtils.java:logGet(43)) - raft.server.rpc.timeout.max = 5200ms (custom)
2019-09-26 21:18:44,461 [pool-27-thread-1] INFO  server.RaftServerConfigKeys (ConfUtils.java:logGet(43)) - raft.server.rpcslowness.timeout = 120s (custom)
2019-09-26 21:18:44,461 [pool-27-thread-1] INFO  server.RaftServerConfigKeys (ConfUtils.java:logGet(43)) - raft.server.sleep.deviation.threshold = 300 (default)
2019-09-26 21:18:44,462 [pool-27-thread-1] INFO  server.RaftServerConfigKeys (ConfUtils.java:logGet(43)) - raft.server.log.appender.install.snapshot.enabled = false (custom)
2019-09-26 21:18:44,462 [pool-27-thread-1] INFO  impl.RaftServerImpl (ServerState.java:<init>(103)) - 9ce0b59e-153f-4f41-8aed-492a76d80b48@group-6F24FC75BAAE: ConfigurationManager, init=-1: [9ce0b59e-153f-4f41-8aed-492a76d80b48:192.168.151.99:34156], old=null, confs=<EMPTY_MAP>
2019-09-26 21:18:44,462 [pool-27-thread-1] INFO  server.RaftServerConfigKeys (ConfUtils.java:logGet(43)) - raft.server.storage.dir = [/workdir/hadoop-ozone/ozonefs/target/test-dir/MiniOzoneClusterImpl-5b64906c-d720-4906-b30c-b6d56a2122fd/datanode-0/data/ratis] (custom)
2019-09-26 21:18:44,462 [pool-27-thread-1] INFO  storage.RaftStorageDirectory (RaftStorageDirectory.java:analyzeStorage(246)) - The storage directory /workdir/hadoop-ozone/ozonefs/target/test-dir/MiniOzoneClusterImpl-5b64906c-d720-4906-b30c-b6d56a2122fd/datanode-0/data/ratis/fcae61a3-4db3-477b-b8e4-6f24fc75baae does not exist. Creating ...
2019-09-26 21:18:44,475 [pool-27-thread-1] INFO  storage.RaftStorageDirectory (RaftStorageDirectory.java:tryLock(328)) - Lock on /workdir/hadoop-ozone/ozonefs/target/test-dir/MiniOzoneClusterImpl-5b64906c-d720-4906-b30c-b6d56a2122fd/datanode-0/data/ratis/fcae61a3-4db3-477b-b8e4-6f24fc75baae/in_use.lock acquired by nodename 10701@pr-hdds-1569-g6sp5-2013761785
2019-09-26 21:18:44,489 [pool-27-thread-1] INFO  storage.RaftStorage (RaftStorage.java:format(72)) - Storage directory /workdir/hadoop-ozone/ozonefs/target/test-dir/MiniOzoneClusterImpl-5b64906c-d720-4906-b30c-b6d56a2122fd/datanode-0/data/ratis/fcae61a3-4db3-477b-b8e4-6f24fc75baae has been successfully formatted.
2019-09-26 21:18:44,490 [pool-27-thread-1] INFO  ratis.ContainerStateMachine (ContainerStateMachine.java:loadSnapshot(230)) - group-6F24FC75BAAE: The snapshot info is null. Setting the last applied indexto:(t:0, i:~)
2019-09-26 21:18:44,490 [pool-27-thread-1] INFO  server.RaftServerConfigKeys (ConfUtils.java:logGet(43)) - raft.server.notification.no-leader.timeout = 120s (custom)
2019-09-26 21:18:44,490 [pool-27-thread-1] INFO  server.RaftServerConfigKeys (ConfUtils.java:logGet(43)) - raft.server.log.use.memory = false (default)
2019-09-26 21:18:44,490 [pool-27-thread-1] INFO  server.RaftServerConfigKeys (ConfUtils.java:logGet(43)) - raft.server.log.purge.gap = 1000000 (custom)
2019-09-26 21:18:44,491 [pool-27-thread-1] INFO  server.RaftServerConfigKeys (ConfUtils.java:logGet(43)) - raft.server.log.appender.buffer.byte-limit = 33554432 (custom)
2019-09-26 21:18:44,491 [pool-27-thread-1] INFO  server.RaftServerConfigKeys (ConfUtils.java:logGet(43)) - raft.server.log.segment.size.max = 1048576 (custom)
2019-09-26 21:18:44,491 [pool-27-thread-1] INFO  server.RaftServerConfigKeys (ConfUtils.java:logGet(43)) - raft.server.log.segment.cache.num.max = 2 (custom)
2019-09-26 21:18:44,491 [pool-27-thread-1] INFO  segmented.SegmentedRaftLogWorker (SegmentedRaftLogWorker.java:<init>(172)) - new 9ce0b59e-153f-4f41-8aed-492a76d80b48@group-6F24FC75BAAE-SegmentedRaftLogWorker for RaftStorage:Storage Directory /workdir/hadoop-ozone/ozonefs/target/test-dir/MiniOzoneClusterImpl-5b64906c-d720-4906-b30c-b6d56a2122fd/datanode-0/data/ratis/fcae61a3-4db3-477b-b8e4-6f24fc75baae
2019-09-26 21:18:44,491 [pool-27-thread-1] INFO  server.RaftServerConfigKeys (ConfUtils.java:logGet(43)) - raft.server.log.queue.byte-limit = 2147483647 (custom)
2019-09-26 21:18:44,492 [pool-27-thread-1] INFO  server.RaftServerConfigKeys (ConfUtils.java:logGet(43)) - raft.server.log.queue.element-limit = 1024 (custom)
2019-09-26 21:18:44,492 [pool-27-thread-1] INFO  server.RaftServerConfigKeys (ConfUtils.java:logGet(43)) - raft.server.log.segment.size.max = 1048576 (custom)
2019-09-26 21:18:44,492 [pool-27-thread-1] INFO  server.RaftServerConfigKeys (ConfUtils.java:logGet(43)) - raft.server.log.preallocated.size = 16384 (custom)
2019-09-26 21:18:44,492 [pool-27-thread-1] INFO  server.RaftServerConfigKeys (ConfUtils.java:logGet(43)) - raft.server.log.write.buffer.size = 33554432 (custom)
2019-09-26 21:18:44,492 [pool-27-thread-1] INFO  server.RaftServerConfigKeys (ConfUtils.java:logGet(43)) - raft.server.log.force.sync.num = 128 (default)
2019-09-26 21:18:44,492 [pool-27-thread-1] INFO  server.RaftServerConfigKeys (ConfUtils.java:logGet(43)) - raft.server.log.statemachine.data.sync = true (default)
2019-09-26 21:18:44,493 [pool-27-thread-1] INFO  server.RaftServerConfigKeys (ConfUtils.java:logGet(43)) - raft.server.log.statemachine.data.sync.timeout = 10s (default)
2019-09-26 21:18:44,493 [pool-27-thread-1] INFO  server.RaftServerConfigKeys (ConfUtils.java:logGet(43)) - raft.server.log.statemachine.data.sync.timeout.retry = -1 (default)
2019-09-26 21:18:44,493 [pool-27-thread-1] INFO  server.RaftServerConfigKeys (ConfUtils.java:logGet(43)) - raft.server.log.statemachine.data.caching.enabled = true (custom)
2019-09-26 21:18:44,493 [pool-27-thread-1] INFO  segmented.SegmentedRaftLogWorker (SegmentedRaftLogWorker.java:lambda$new$0(132)) - 9ce0b59e-153f-4f41-8aed-492a76d80b48@group-6F24FC75BAAE-SegmentedRaftLogWorker: flushIndex: setUnconditionally 0 -> -1
2019-09-26 21:18:44,494 [pool-27-thread-1] INFO  server.RaftServerConfigKeys (ConfUtils.java:logGet(43)) - raft.server.snapshot.auto.trigger.enabled = true (custom)
2019-09-26 21:18:44,494 [pool-27-thread-1] INFO  server.RaftServerConfigKeys (ConfUtils.java:logGet(43)) - raft.server.snapshot.auto.trigger.threshold = 10000 (custom)
2019-09-26 21:18:44,494 [pool-27-thread-1] INFO  server.RaftServerConfigKeys (ConfUtils.java:logGet(43)) - raft.server.snapshot.retention.num.files = 5 (custom)
2019-09-26 21:18:44,495 [pool-27-thread-1] INFO  server.RaftServerConfigKeys (ConfUtils.java:logGet(43)) - raft.server.retrycache.expirytime = 600000ms (custom)
2019-09-26 21:18:44,499 [pool-27-thread-1] INFO  impl.RaftServerImpl (RaftServerImpl.java:start(185)) - 9ce0b59e-153f-4f41-8aed-492a76d80b48@group-6F24FC75BAAE: start as a follower, conf=-1: [9ce0b59e-153f-4f41-8aed-492a76d80b48:192.168.151.99:34156], old=null
2019-09-26 21:18:44,499 [pool-27-thread-1] INFO  impl.RaftServerImpl (RaftServerImpl.java:setRole(174)) - 9ce0b59e-153f-4f41-8aed-492a76d80b48@group-6F24FC75BAAE: changes role from      null to FOLLOWER at term 0 for startAsFollower
2019-09-26 21:18:44,499 [pool-27-thread-1] INFO  impl.RoleInfo (RoleInfo.java:updateAndGet(143)) - 9ce0b59e-153f-4f41-8aed-492a76d80b48: start FollowerState
2019-09-26 21:18:44,499 [pool-27-thread-1] INFO  util.JmxRegister (JmxRegister.java:tryRegister(44)) - Successfully registered JMX Bean with object name Ratis:service=RaftServer,group=group-6F24FC75BAAE,id=9ce0b59e-153f-4f41-8aed-492a76d80b48
2019-09-26 21:18:44,505 [RatisPipelineUtilsThread] INFO  pipeline.PipelineStateManager (PipelineStateManager.java:addPipeline(56)) - Created pipeline Pipeline[ Id: fcae61a3-4db3-477b-b8e4-6f24fc75baae, Nodes: 9ce0b59e-153f-4f41-8aed-492a76d80b48{ip: 192.168.151.99, host: pr-hdds-1569-g6sp5-2013761785, networkLocation: /default-rack, certSerialId: null}, Type:RATIS, Factor:ONE, State:OPEN]
2019-09-26 21:18:44,515 [grpc-default-executor-0] INFO  impl.RaftServerProxy (RaftServerProxy.java:addNew(89)) - 1178c3ae-d0b4-4d44-b144-fe8504cc41ac: addNew group-74C2D69AE605:[1178c3ae-d0b4-4d44-b144-fe8504cc41ac:192.168.151.99:33787] returns group-74C2D69AE605:java.util.concurrent.CompletableFuture@6715ac8f[Not completed]
2019-09-26 21:18:44,516 [pool-37-thread-1] INFO  impl.RaftServerImpl (RaftServerImpl.java:<init>(95)) - 1178c3ae-d0b4-4d44-b144-fe8504cc41ac: new RaftServerImpl for group-74C2D69AE605:[1178c3ae-d0b4-4d44-b144-fe8504cc41ac:192.168.151.99:33787] with ContainerStateMachine:uninitialized
2019-09-26 21:18:44,517 [pool-37-thread-1] INFO  server.RaftServerConfigKeys (ConfUtils.java:logGet(43)) - raft.server.rpc.timeout.min = 5s (custom)
2019-09-26 21:18:44,517 [pool-37-thread-1] INFO  server.RaftServerConfigKeys (ConfUtils.java:logGet(43)) - raft.server.rpc.timeout.max = 5200ms (custom)
2019-09-26 21:18:44,517 [pool-37-thread-1] INFO  server.RaftServerConfigKeys (ConfUtils.java:logGet(43)) - raft.server.rpcslowness.timeout = 120s (custom)
2019-09-26 21:18:44,517 [pool-37-thread-1] INFO  server.RaftServerConfigKeys (ConfUtils.java:logGet(43)) - raft.server.sleep.deviation.threshold = 300 (default)
2019-09-26 21:18:44,517 [pool-37-thread-1] INFO  server.RaftServerConfigKeys (ConfUtils.java:logGet(43)) - raft.server.log.appender.install.snapshot.enabled = false (custom)
2019-09-26 21:18:44,517 [pool-37-thread-1] INFO  impl.RaftServerImpl (ServerState.java:<init>(103)) - 1178c3ae-d0b4-4d44-b144-fe8504cc41ac@group-74C2D69AE605: ConfigurationManager, init=-1: [1178c3ae-d0b4-4d44-b144-fe8504cc41ac:192.168.151.99:33787], old=null, confs=<EMPTY_MAP>
2019-09-26 21:18:44,518 [pool-37-thread-1] INFO  server.RaftServerConfigKeys (ConfUtils.java:logGet(43)) - raft.server.storage.dir = [/workdir/hadoop-ozone/ozonefs/target/test-dir/MiniOzoneClusterImpl-5b64906c-d720-4906-b30c-b6d56a2122fd/datanode-1/data/ratis] (custom)
2019-09-26 21:18:44,518 [pool-37-thread-1] INFO  storage.RaftStorageDirectory (RaftStorageDirectory.java:analyzeStorage(246)) - The storage directory /workdir/hadoop-ozone/ozonefs/target/test-dir/MiniOzoneClusterImpl-5b64906c-d720-4906-b30c-b6d56a2122fd/datanode-1/data/ratis/5ac5fdc2-86fe-4a0d-8c67-74c2d69ae605 does not exist. Creating ...
2019-09-26 21:18:44,531 [pool-37-thread-1] INFO  storage.RaftStorageDirectory (RaftStorageDirectory.java:tryLock(328)) - Lock on /workdir/hadoop-ozone/ozonefs/target/test-dir/MiniOzoneClusterImpl-5b64906c-d720-4906-b30c-b6d56a2122fd/datanode-1/data/ratis/5ac5fdc2-86fe-4a0d-8c67-74c2d69ae605/in_use.lock acquired by nodename 10701@pr-hdds-1569-g6sp5-2013761785
2019-09-26 21:18:44,544 [pool-37-thread-1] INFO  storage.RaftStorage (RaftStorage.java:format(72)) - Storage directory /workdir/hadoop-ozone/ozonefs/target/test-dir/MiniOzoneClusterImpl-5b64906c-d720-4906-b30c-b6d56a2122fd/datanode-1/data/ratis/5ac5fdc2-86fe-4a0d-8c67-74c2d69ae605 has been successfully formatted.
2019-09-26 21:18:44,545 [pool-37-thread-1] INFO  ratis.ContainerStateMachine (ContainerStateMachine.java:loadSnapshot(230)) - group-74C2D69AE605: The snapshot info is null. Setting the last applied indexto:(t:0, i:~)
2019-09-26 21:18:44,545 [pool-37-thread-1] INFO  server.RaftServerConfigKeys (ConfUtils.java:logGet(43)) - raft.server.notification.no-leader.timeout = 120s (custom)
2019-09-26 21:18:44,545 [pool-37-thread-1] INFO  server.RaftServerConfigKeys (ConfUtils.java:logGet(43)) - raft.server.log.use.memory = false (default)
2019-09-26 21:18:44,545 [pool-37-thread-1] INFO  server.RaftServerConfigKeys (ConfUtils.java:logGet(43)) - raft.server.log.purge.gap = 1000000 (custom)
2019-09-26 21:18:44,545 [pool-37-thread-1] INFO  server.RaftServerConfigKeys (ConfUtils.java:logGet(43)) - raft.server.log.appender.buffer.byte-limit = 33554432 (custom)
2019-09-26 21:18:44,545 [pool-37-thread-1] INFO  server.RaftServerConfigKeys (ConfUtils.java:logGet(43)) - raft.server.log.segment.size.max = 1048576 (custom)
2019-09-26 21:18:44,546 [pool-37-thread-1] INFO  server.RaftServerConfigKeys (ConfUtils.java:logGet(43)) - raft.server.log.segment.cache.num.max = 2 (custom)
2019-09-26 21:18:44,546 [pool-37-thread-1] INFO  segmented.SegmentedRaftLogWorker (SegmentedRaftLogWorker.java:<init>(172)) - new 1178c3ae-d0b4-4d44-b144-fe8504cc41ac@group-74C2D69AE605-SegmentedRaftLogWorker for RaftStorage:Storage Directory /workdir/hadoop-ozone/ozonefs/target/test-dir/MiniOzoneClusterImpl-5b64906c-d720-4906-b30c-b6d56a2122fd/datanode-1/data/ratis/5ac5fdc2-86fe-4a0d-8c67-74c2d69ae605
2019-09-26 21:18:44,546 [pool-37-thread-1] INFO  server.RaftServerConfigKeys (ConfUtils.java:logGet(43)) - raft.server.log.queue.byte-limit = 2147483647 (custom)
2019-09-26 21:18:44,546 [pool-37-thread-1] INFO  server.RaftServerConfigKeys (ConfUtils.java:logGet(43)) - raft.server.log.queue.element-limit = 1024 (custom)
2019-09-26 21:18:44,546 [pool-37-thread-1] INFO  server.RaftServerConfigKeys (ConfUtils.java:logGet(43)) - raft.server.log.segment.size.max = 1048576 (custom)
2019-09-26 21:18:44,546 [pool-37-thread-1] INFO  server.RaftServerConfigKeys (ConfUtils.java:logGet(43)) - raft.server.log.preallocated.size = 16384 (custom)
2019-09-26 21:18:44,547 [pool-37-thread-1] INFO  server.RaftServerConfigKeys (ConfUtils.java:logGet(43)) - raft.server.log.write.buffer.size = 33554432 (custom)
2019-09-26 21:18:44,547 [pool-37-thread-1] INFO  server.RaftServerConfigKeys (ConfUtils.java:logGet(43)) - raft.server.log.force.sync.num = 128 (default)
2019-09-26 21:18:44,547 [pool-37-thread-1] INFO  server.RaftServerConfigKeys (ConfUtils.java:logGet(43)) - raft.server.log.statemachine.data.sync = true (default)
2019-09-26 21:18:44,547 [pool-37-thread-1] INFO  server.RaftServerConfigKeys (ConfUtils.java:logGet(43)) - raft.server.log.statemachine.data.sync.timeout = 10s (default)
2019-09-26 21:18:44,547 [pool-37-thread-1] INFO  server.RaftServerConfigKeys (ConfUtils.java:logGet(43)) - raft.server.log.statemachine.data.sync.timeout.retry = -1 (default)
2019-09-26 21:18:44,548 [pool-37-thread-1] INFO  server.RaftServerConfigKeys (ConfUtils.java:logGet(43)) - raft.server.log.statemachine.data.caching.enabled = true (custom)
2019-09-26 21:18:44,548 [pool-37-thread-1] INFO  segmented.SegmentedRaftLogWorker (SegmentedRaftLogWorker.java:lambda$new$0(132)) - 1178c3ae-d0b4-4d44-b144-fe8504cc41ac@group-74C2D69AE605-SegmentedRaftLogWorker: flushIndex: setUnconditionally 0 -> -1
2019-09-26 21:18:44,548 [pool-37-thread-1] INFO  server.RaftServerConfigKeys (ConfUtils.java:logGet(43)) - raft.server.snapshot.auto.trigger.enabled = true (custom)
2019-09-26 21:18:44,548 [pool-37-thread-1] INFO  server.RaftServerConfigKeys (ConfUtils.java:logGet(43)) - raft.server.snapshot.auto.trigger.threshold = 10000 (custom)
2019-09-26 21:18:44,549 [pool-37-thread-1] INFO  server.RaftServerConfigKeys (ConfUtils.java:logGet(43)) - raft.server.snapshot.retention.num.files = 5 (custom)
2019-09-26 21:18:44,549 [pool-37-thread-1] INFO  server.RaftServerConfigKeys (ConfUtils.java:logGet(43)) - raft.server.retrycache.expirytime = 600000ms (custom)
2019-09-26 21:18:44,552 [pool-37-thread-1] INFO  impl.RaftServerImpl (RaftServerImpl.java:start(185)) - 1178c3ae-d0b4-4d44-b144-fe8504cc41ac@group-74C2D69AE605: start as a follower, conf=-1: [1178c3ae-d0b4-4d44-b144-fe8504cc41ac:192.168.151.99:33787], old=null
2019-09-26 21:18:44,552 [pool-37-thread-1] INFO  impl.RaftServerImpl (RaftServerImpl.java:setRole(174)) - 1178c3ae-d0b4-4d44-b144-fe8504cc41ac@group-74C2D69AE605: changes role from      null to FOLLOWER at term 0 for startAsFollower
2019-09-26 21:18:44,552 [pool-37-thread-1] INFO  impl.RoleInfo (RoleInfo.java:updateAndGet(143)) - 1178c3ae-d0b4-4d44-b144-fe8504cc41ac: start FollowerState
2019-09-26 21:18:44,553 [pool-37-thread-1] INFO  util.JmxRegister (JmxRegister.java:tryRegister(44)) - Successfully registered JMX Bean with object name Ratis:service=RaftServer,group=group-74C2D69AE605,id=1178c3ae-d0b4-4d44-b144-fe8504cc41ac
2019-09-26 21:18:44,558 [RatisPipelineUtilsThread] INFO  pipeline.PipelineStateManager (PipelineStateManager.java:addPipeline(56)) - Created pipeline Pipeline[ Id: 5ac5fdc2-86fe-4a0d-8c67-74c2d69ae605, Nodes: 1178c3ae-d0b4-4d44-b144-fe8504cc41ac{ip: 192.168.151.99, host: pr-hdds-1569-g6sp5-2013761785, networkLocation: /default-rack, certSerialId: null}, Type:RATIS, Factor:ONE, State:OPEN]
2019-09-26 21:18:44,567 [grpc-default-executor-0] INFO  impl.RaftServerProxy (RaftServerProxy.java:addNew(89)) - da833d8d-e72a-4068-9560-4daa2d83adc2: addNew group-1245CEEF7C55:[da833d8d-e72a-4068-9560-4daa2d83adc2:192.168.151.99:38903] returns group-1245CEEF7C55:java.util.concurrent.CompletableFuture@63e465b5[Not completed]
2019-09-26 21:18:44,568 [pool-67-thread-1] INFO  impl.RaftServerImpl (RaftServerImpl.java:<init>(95)) - da833d8d-e72a-4068-9560-4daa2d83adc2: new RaftServerImpl for group-1245CEEF7C55:[da833d8d-e72a-4068-9560-4daa2d83adc2:192.168.151.99:38903] with ContainerStateMachine:uninitialized
2019-09-26 21:18:44,569 [pool-67-thread-1] INFO  server.RaftServerConfigKeys (ConfUtils.java:logGet(43)) - raft.server.rpc.timeout.min = 5s (custom)
2019-09-26 21:18:44,569 [pool-67-thread-1] INFO  server.RaftServerConfigKeys (ConfUtils.java:logGet(43)) - raft.server.rpc.timeout.max = 5200ms (custom)
2019-09-26 21:18:44,569 [pool-67-thread-1] INFO  server.RaftServerConfigKeys (ConfUtils.java:logGet(43)) - raft.server.rpcslowness.timeout = 120s (custom)
2019-09-26 21:18:44,569 [pool-67-thread-1] INFO  server.RaftServerConfigKeys (ConfUtils.java:logGet(43)) - raft.server.sleep.deviation.threshold = 300 (default)
2019-09-26 21:18:44,569 [pool-67-thread-1] INFO  server.RaftServerConfigKeys (ConfUtils.java:logGet(43)) - raft.server.log.appender.install.snapshot.enabled = false (custom)
2019-09-26 21:18:44,569 [pool-67-thread-1] INFO  impl.RaftServerImpl (ServerState.java:<init>(103)) - da833d8d-e72a-4068-9560-4daa2d83adc2@group-1245CEEF7C55: ConfigurationManager, init=-1: [da833d8d-e72a-4068-9560-4daa2d83adc2:192.168.151.99:38903], old=null, confs=<EMPTY_MAP>
2019-09-26 21:18:44,570 [pool-67-thread-1] INFO  server.RaftServerConfigKeys (ConfUtils.java:logGet(43)) - raft.server.storage.dir = [/workdir/hadoop-ozone/ozonefs/target/test-dir/MiniOzoneClusterImpl-5b64906c-d720-4906-b30c-b6d56a2122fd/datanode-4/data/ratis] (custom)
2019-09-26 21:18:44,570 [pool-67-thread-1] INFO  storage.RaftStorageDirectory (RaftStorageDirectory.java:analyzeStorage(246)) - The storage directory /workdir/hadoop-ozone/ozonefs/target/test-dir/MiniOzoneClusterImpl-5b64906c-d720-4906-b30c-b6d56a2122fd/datanode-4/data/ratis/11fd59bc-8249-401c-8037-1245ceef7c55 does not exist. Creating ...
2019-09-26 21:18:44,583 [pool-67-thread-1] INFO  storage.RaftStorageDirectory (RaftStorageDirectory.java:tryLock(328)) - Lock on /workdir/hadoop-ozone/ozonefs/target/test-dir/MiniOzoneClusterImpl-5b64906c-d720-4906-b30c-b6d56a2122fd/datanode-4/data/ratis/11fd59bc-8249-401c-8037-1245ceef7c55/in_use.lock acquired by nodename 10701@pr-hdds-1569-g6sp5-2013761785
2019-09-26 21:18:44,596 [pool-67-thread-1] INFO  storage.RaftStorage (RaftStorage.java:format(72)) - Storage directory /workdir/hadoop-ozone/ozonefs/target/test-dir/MiniOzoneClusterImpl-5b64906c-d720-4906-b30c-b6d56a2122fd/datanode-4/data/ratis/11fd59bc-8249-401c-8037-1245ceef7c55 has been successfully formatted.
2019-09-26 21:18:44,596 [pool-67-thread-1] INFO  ratis.ContainerStateMachine (ContainerStateMachine.java:loadSnapshot(230)) - group-1245CEEF7C55: The snapshot info is null. Setting the last applied indexto:(t:0, i:~)
2019-09-26 21:18:44,596 [pool-67-thread-1] INFO  server.RaftServerConfigKeys (ConfUtils.java:logGet(43)) - raft.server.notification.no-leader.timeout = 120s (custom)
2019-09-26 21:18:44,596 [pool-67-thread-1] INFO  server.RaftServerConfigKeys (ConfUtils.java:logGet(43)) - raft.server.log.use.memory = false (default)
2019-09-26 21:18:44,597 [pool-67-thread-1] INFO  server.RaftServerConfigKeys (ConfUtils.java:logGet(43)) - raft.server.log.purge.gap = 1000000 (custom)
2019-09-26 21:18:44,597 [pool-67-thread-1] INFO  server.RaftServerConfigKeys (ConfUtils.java:logGet(43)) - raft.server.log.appender.buffer.byte-limit = 33554432 (custom)
2019-09-26 21:18:44,597 [pool-67-thread-1] INFO  server.RaftServerConfigKeys (ConfUtils.java:logGet(43)) - raft.server.log.segment.size.max = 1048576 (custom)
2019-09-26 21:18:44,597 [pool-67-thread-1] INFO  server.RaftServerConfigKeys (ConfUtils.java:logGet(43)) - raft.server.log.segment.cache.num.max = 2 (custom)
2019-09-26 21:18:44,597 [pool-67-thread-1] INFO  segmented.SegmentedRaftLogWorker (SegmentedRaftLogWorker.java:<init>(172)) - new da833d8d-e72a-4068-9560-4daa2d83adc2@group-1245CEEF7C55-SegmentedRaftLogWorker for RaftStorage:Storage Directory /workdir/hadoop-ozone/ozonefs/target/test-dir/MiniOzoneClusterImpl-5b64906c-d720-4906-b30c-b6d56a2122fd/datanode-4/data/ratis/11fd59bc-8249-401c-8037-1245ceef7c55
2019-09-26 21:18:44,597 [pool-67-thread-1] INFO  server.RaftServerConfigKeys (ConfUtils.java:logGet(43)) - raft.server.log.queue.byte-limit = 2147483647 (custom)
2019-09-26 21:18:44,597 [pool-67-thread-1] INFO  server.RaftServerConfigKeys (ConfUtils.java:logGet(43)) - raft.server.log.queue.element-limit = 1024 (custom)
2019-09-26 21:18:44,597 [pool-67-thread-1] INFO  server.RaftServerConfigKeys (ConfUtils.java:logGet(43)) - raft.server.log.segment.size.max = 1048576 (custom)
2019-09-26 21:18:44,598 [pool-67-thread-1] INFO  server.RaftServerConfigKeys (ConfUtils.java:logGet(43)) - raft.server.log.preallocated.size = 16384 (custom)
2019-09-26 21:18:44,598 [pool-67-thread-1] INFO  server.RaftServerConfigKeys (ConfUtils.java:logGet(43)) - raft.server.log.write.buffer.size = 33554432 (custom)
2019-09-26 21:18:44,598 [pool-67-thread-1] INFO  server.RaftServerConfigKeys (ConfUtils.java:logGet(43)) - raft.server.log.force.sync.num = 128 (default)
2019-09-26 21:18:44,598 [pool-67-thread-1] INFO  server.RaftServerConfigKeys (ConfUtils.java:logGet(43)) - raft.server.log.statemachine.data.sync = true (default)
2019-09-26 21:18:44,598 [pool-67-thread-1] INFO  server.RaftServerConfigKeys (ConfUtils.java:logGet(43)) - raft.server.log.statemachine.data.sync.timeout = 10s (default)
2019-09-26 21:18:44,598 [pool-67-thread-1] INFO  server.RaftServerConfigKeys (ConfUtils.java:logGet(43)) - raft.server.log.statemachine.data.sync.timeout.retry = -1 (default)
2019-09-26 21:18:44,598 [pool-67-thread-1] INFO  server.RaftServerConfigKeys (ConfUtils.java:logGet(43)) - raft.server.log.statemachine.data.caching.enabled = true (custom)
2019-09-26 21:18:44,599 [pool-67-thread-1] INFO  segmented.SegmentedRaftLogWorker (SegmentedRaftLogWorker.java:lambda$new$0(132)) - da833d8d-e72a-4068-9560-4daa2d83adc2@group-1245CEEF7C55-SegmentedRaftLogWorker: flushIndex: setUnconditionally 0 -> -1
2019-09-26 21:18:44,599 [pool-67-thread-1] INFO  server.RaftServerConfigKeys (ConfUtils.java:logGet(43)) - raft.server.snapshot.auto.trigger.enabled = true (custom)
2019-09-26 21:18:44,599 [pool-67-thread-1] INFO  server.RaftServerConfigKeys (ConfUtils.java:logGet(43)) - raft.server.snapshot.auto.trigger.threshold = 10000 (custom)
2019-09-26 21:18:44,599 [pool-67-thread-1] INFO  server.RaftServerConfigKeys (ConfUtils.java:logGet(43)) - raft.server.snapshot.retention.num.files = 5 (custom)
2019-09-26 21:18:44,599 [pool-67-thread-1] INFO  server.RaftServerConfigKeys (ConfUtils.java:logGet(43)) - raft.server.retrycache.expirytime = 600000ms (custom)
2019-09-26 21:18:44,601 [pool-67-thread-1] INFO  impl.RaftServerImpl (RaftServerImpl.java:start(185)) - da833d8d-e72a-4068-9560-4daa2d83adc2@group-1245CEEF7C55: start as a follower, conf=-1: [da833d8d-e72a-4068-9560-4daa2d83adc2:192.168.151.99:38903], old=null
2019-09-26 21:18:44,601 [pool-67-thread-1] INFO  impl.RaftServerImpl (RaftServerImpl.java:setRole(174)) - da833d8d-e72a-4068-9560-4daa2d83adc2@group-1245CEEF7C55: changes role from      null to FOLLOWER at term 0 for startAsFollower
2019-09-26 21:18:44,602 [pool-67-thread-1] INFO  impl.RoleInfo (RoleInfo.java:updateAndGet(143)) - da833d8d-e72a-4068-9560-4daa2d83adc2: start FollowerState
2019-09-26 21:18:44,602 [pool-67-thread-1] INFO  util.JmxRegister (JmxRegister.java:tryRegister(44)) - Successfully registered JMX Bean with object name Ratis:service=RaftServer,group=group-1245CEEF7C55,id=da833d8d-e72a-4068-9560-4daa2d83adc2
2019-09-26 21:18:44,607 [RatisPipelineUtilsThread] INFO  pipeline.PipelineStateManager (PipelineStateManager.java:addPipeline(56)) - Created pipeline Pipeline[ Id: 11fd59bc-8249-401c-8037-1245ceef7c55, Nodes: da833d8d-e72a-4068-9560-4daa2d83adc2{ip: 192.168.151.99, host: pr-hdds-1569-g6sp5-2013761785, networkLocation: /default-rack, certSerialId: null}, Type:RATIS, Factor:ONE, State:OPEN]
2019-09-26 21:18:44,617 [grpc-default-executor-0] INFO  impl.RaftServerProxy (RaftServerProxy.java:addNew(89)) - 0c640f50-2bc9-49b6-b785-a27e3116e6ba: addNew group-A24344246A9D:[0c640f50-2bc9-49b6-b785-a27e3116e6ba:192.168.151.99:42361] returns group-A24344246A9D:java.util.concurrent.CompletableFuture@1e500388[Not completed]
2019-09-26 21:18:44,618 [pool-57-thread-1] INFO  impl.RaftServerImpl (RaftServerImpl.java:<init>(95)) - 0c640f50-2bc9-49b6-b785-a27e3116e6ba: new RaftServerImpl for group-A24344246A9D:[0c640f50-2bc9-49b6-b785-a27e3116e6ba:192.168.151.99:42361] with ContainerStateMachine:uninitialized
2019-09-26 21:18:44,618 [pool-57-thread-1] INFO  server.RaftServerConfigKeys (ConfUtils.java:logGet(43)) - raft.server.rpc.timeout.min = 5s (custom)
2019-09-26 21:18:44,618 [pool-57-thread-1] INFO  server.RaftServerConfigKeys (ConfUtils.java:logGet(43)) - raft.server.rpc.timeout.max = 5200ms (custom)
2019-09-26 21:18:44,618 [pool-57-thread-1] INFO  server.RaftServerConfigKeys (ConfUtils.java:logGet(43)) - raft.server.rpcslowness.timeout = 120s (custom)
2019-09-26 21:18:44,618 [pool-57-thread-1] INFO  server.RaftServerConfigKeys (ConfUtils.java:logGet(43)) - raft.server.sleep.deviation.threshold = 300 (default)
2019-09-26 21:18:44,619 [pool-57-thread-1] INFO  server.RaftServerConfigKeys (ConfUtils.java:logGet(43)) - raft.server.log.appender.install.snapshot.enabled = false (custom)
2019-09-26 21:18:44,619 [pool-57-thread-1] INFO  impl.RaftServerImpl (ServerState.java:<init>(103)) - 0c640f50-2bc9-49b6-b785-a27e3116e6ba@group-A24344246A9D: ConfigurationManager, init=-1: [0c640f50-2bc9-49b6-b785-a27e3116e6ba:192.168.151.99:42361], old=null, confs=<EMPTY_MAP>
2019-09-26 21:18:44,619 [pool-57-thread-1] INFO  server.RaftServerConfigKeys (ConfUtils.java:logGet(43)) - raft.server.storage.dir = [/workdir/hadoop-ozone/ozonefs/target/test-dir/MiniOzoneClusterImpl-5b64906c-d720-4906-b30c-b6d56a2122fd/datanode-3/data/ratis] (custom)
2019-09-26 21:18:44,619 [pool-57-thread-1] INFO  storage.RaftStorageDirectory (RaftStorageDirectory.java:analyzeStorage(246)) - The storage directory /workdir/hadoop-ozone/ozonefs/target/test-dir/MiniOzoneClusterImpl-5b64906c-d720-4906-b30c-b6d56a2122fd/datanode-3/data/ratis/c7a7c3da-676b-4a9b-ab5e-a24344246a9d does not exist. Creating ...
2019-09-26 21:18:44,632 [pool-57-thread-1] INFO  storage.RaftStorageDirectory (RaftStorageDirectory.java:tryLock(328)) - Lock on /workdir/hadoop-ozone/ozonefs/target/test-dir/MiniOzoneClusterImpl-5b64906c-d720-4906-b30c-b6d56a2122fd/datanode-3/data/ratis/c7a7c3da-676b-4a9b-ab5e-a24344246a9d/in_use.lock acquired by nodename 10701@pr-hdds-1569-g6sp5-2013761785
2019-09-26 21:18:44,645 [pool-57-thread-1] INFO  storage.RaftStorage (RaftStorage.java:format(72)) - Storage directory /workdir/hadoop-ozone/ozonefs/target/test-dir/MiniOzoneClusterImpl-5b64906c-d720-4906-b30c-b6d56a2122fd/datanode-3/data/ratis/c7a7c3da-676b-4a9b-ab5e-a24344246a9d has been successfully formatted.
2019-09-26 21:18:44,645 [pool-57-thread-1] INFO  ratis.ContainerStateMachine (ContainerStateMachine.java:loadSnapshot(230)) - group-A24344246A9D: The snapshot info is null. Setting the last applied indexto:(t:0, i:~)
2019-09-26 21:18:44,645 [pool-57-thread-1] INFO  server.RaftServerConfigKeys (ConfUtils.java:logGet(43)) - raft.server.notification.no-leader.timeout = 120s (custom)
2019-09-26 21:18:44,645 [pool-57-thread-1] INFO  server.RaftServerConfigKeys (ConfUtils.java:logGet(43)) - raft.server.log.use.memory = false (default)
2019-09-26 21:18:44,645 [pool-57-thread-1] INFO  server.RaftServerConfigKeys (ConfUtils.java:logGet(43)) - raft.server.log.purge.gap = 1000000 (custom)
2019-09-26 21:18:44,645 [pool-57-thread-1] INFO  server.RaftServerConfigKeys (ConfUtils.java:logGet(43)) - raft.server.log.appender.buffer.byte-limit = 33554432 (custom)
2019-09-26 21:18:44,645 [pool-57-thread-1] INFO  server.RaftServerConfigKeys (ConfUtils.java:logGet(43)) - raft.server.log.segment.size.max = 1048576 (custom)
2019-09-26 21:18:44,646 [pool-57-thread-1] INFO  server.RaftServerConfigKeys (ConfUtils.java:logGet(43)) - raft.server.log.segment.cache.num.max = 2 (custom)
2019-09-26 21:18:44,646 [pool-57-thread-1] INFO  segmented.SegmentedRaftLogWorker (SegmentedRaftLogWorker.java:<init>(172)) - new 0c640f50-2bc9-49b6-b785-a27e3116e6ba@group-A24344246A9D-SegmentedRaftLogWorker for RaftStorage:Storage Directory /workdir/hadoop-ozone/ozonefs/target/test-dir/MiniOzoneClusterImpl-5b64906c-d720-4906-b30c-b6d56a2122fd/datanode-3/data/ratis/c7a7c3da-676b-4a9b-ab5e-a24344246a9d
2019-09-26 21:18:44,646 [pool-57-thread-1] INFO  server.RaftServerConfigKeys (ConfUtils.java:logGet(43)) - raft.server.log.queue.byte-limit = 2147483647 (custom)
2019-09-26 21:18:44,646 [pool-57-thread-1] INFO  server.RaftServerConfigKeys (ConfUtils.java:logGet(43)) - raft.server.log.queue.element-limit = 1024 (custom)
2019-09-26 21:18:44,646 [pool-57-thread-1] INFO  server.RaftServerConfigKeys (ConfUtils.java:logGet(43)) - raft.server.log.segment.size.max = 1048576 (custom)
2019-09-26 21:18:44,646 [pool-57-thread-1] INFO  server.RaftServerConfigKeys (ConfUtils.java:logGet(43)) - raft.server.log.preallocated.size = 16384 (custom)
2019-09-26 21:18:44,646 [pool-57-thread-1] INFO  server.RaftServerConfigKeys (ConfUtils.java:logGet(43)) - raft.server.log.write.buffer.size = 33554432 (custom)
2019-09-26 21:18:44,646 [pool-57-thread-1] INFO  server.RaftServerConfigKeys (ConfUtils.java:logGet(43)) - raft.server.log.force.sync.num = 128 (default)
2019-09-26 21:18:44,646 [pool-57-thread-1] INFO  server.RaftServerConfigKeys (ConfUtils.java:logGet(43)) - raft.server.log.statemachine.data.sync = true (default)
2019-09-26 21:18:44,646 [pool-57-thread-1] INFO  server.RaftServerConfigKeys (ConfUtils.java:logGet(43)) - raft.server.log.statemachine.data.sync.timeout = 10s (default)
2019-09-26 21:18:44,647 [pool-57-thread-1] INFO  server.RaftServerConfigKeys (ConfUtils.java:logGet(43)) - raft.server.log.statemachine.data.sync.timeout.retry = -1 (default)
2019-09-26 21:18:44,647 [pool-57-thread-1] INFO  server.RaftServerConfigKeys (ConfUtils.java:logGet(43)) - raft.server.log.statemachine.data.caching.enabled = true (custom)
2019-09-26 21:18:44,647 [pool-57-thread-1] INFO  segmented.SegmentedRaftLogWorker (SegmentedRaftLogWorker.java:lambda$new$0(132)) - 0c640f50-2bc9-49b6-b785-a27e3116e6ba@group-A24344246A9D-SegmentedRaftLogWorker: flushIndex: setUnconditionally 0 -> -1
2019-09-26 21:18:44,647 [pool-57-thread-1] INFO  server.RaftServerConfigKeys (ConfUtils.java:logGet(43)) - raft.server.snapshot.auto.trigger.enabled = true (custom)
2019-09-26 21:18:44,647 [pool-57-thread-1] INFO  server.RaftServerConfigKeys (ConfUtils.java:logGet(43)) - raft.server.snapshot.auto.trigger.threshold = 10000 (custom)
2019-09-26 21:18:44,647 [pool-57-thread-1] INFO  server.RaftServerConfigKeys (ConfUtils.java:logGet(43)) - raft.server.snapshot.retention.num.files = 5 (custom)
2019-09-26 21:18:44,648 [pool-57-thread-1] INFO  server.RaftServerConfigKeys (ConfUtils.java:logGet(43)) - raft.server.retrycache.expirytime = 600000ms (custom)
2019-09-26 21:18:44,650 [pool-57-thread-1] INFO  impl.RaftServerImpl (RaftServerImpl.java:start(185)) - 0c640f50-2bc9-49b6-b785-a27e3116e6ba@group-A24344246A9D: start as a follower, conf=-1: [0c640f50-2bc9-49b6-b785-a27e3116e6ba:192.168.151.99:42361], old=null
2019-09-26 21:18:44,650 [pool-57-thread-1] INFO  impl.RaftServerImpl (RaftServerImpl.java:setRole(174)) - 0c640f50-2bc9-49b6-b785-a27e3116e6ba@group-A24344246A9D: changes role from      null to FOLLOWER at term 0 for startAsFollower
2019-09-26 21:18:44,650 [pool-57-thread-1] INFO  impl.RoleInfo (RoleInfo.java:updateAndGet(143)) - 0c640f50-2bc9-49b6-b785-a27e3116e6ba: start FollowerState
2019-09-26 21:18:44,650 [pool-57-thread-1] INFO  util.JmxRegister (JmxRegister.java:tryRegister(44)) - Successfully registered JMX Bean with object name Ratis:service=RaftServer,group=group-A24344246A9D,id=0c640f50-2bc9-49b6-b785-a27e3116e6ba
2019-09-26 21:18:44,655 [RatisPipelineUtilsThread] INFO  pipeline.PipelineStateManager (PipelineStateManager.java:addPipeline(56)) - Created pipeline Pipeline[ Id: c7a7c3da-676b-4a9b-ab5e-a24344246a9d, Nodes: 0c640f50-2bc9-49b6-b785-a27e3116e6ba{ip: 192.168.151.99, host: pr-hdds-1569-g6sp5-2013761785, networkLocation: /default-rack, certSerialId: null}, Type:RATIS, Factor:ONE, State:OPEN]
2019-09-26 21:18:44,665 [grpc-default-executor-0] INFO  impl.RaftServerProxy (RaftServerProxy.java:addNew(89)) - da833d8d-e72a-4068-9560-4daa2d83adc2: addNew group-7DBC896A20AD:[da833d8d-e72a-4068-9560-4daa2d83adc2:192.168.151.99:38903] returns group-7DBC896A20AD:java.util.concurrent.CompletableFuture@64954b78[Not completed]
2019-09-26 21:18:44,666 [pool-67-thread-1] INFO  impl.RaftServerImpl (RaftServerImpl.java:<init>(95)) - da833d8d-e72a-4068-9560-4daa2d83adc2: new RaftServerImpl for group-7DBC896A20AD:[da833d8d-e72a-4068-9560-4daa2d83adc2:192.168.151.99:38903] with ContainerStateMachine:uninitialized
2019-09-26 21:18:44,666 [pool-67-thread-1] INFO  server.RaftServerConfigKeys (ConfUtils.java:logGet(43)) - raft.server.rpc.timeout.min = 5s (custom)
2019-09-26 21:18:44,666 [pool-67-thread-1] INFO  server.RaftServerConfigKeys (ConfUtils.java:logGet(43)) - raft.server.rpc.timeout.max = 5200ms (custom)
2019-09-26 21:18:44,666 [pool-67-thread-1] INFO  server.RaftServerConfigKeys (ConfUtils.java:logGet(43)) - raft.server.rpcslowness.timeout = 120s (custom)
2019-09-26 21:18:44,666 [pool-67-thread-1] INFO  server.RaftServerConfigKeys (ConfUtils.java:logGet(43)) - raft.server.sleep.deviation.threshold = 300 (default)
2019-09-26 21:18:44,667 [pool-67-thread-1] INFO  server.RaftServerConfigKeys (ConfUtils.java:logGet(43)) - raft.server.log.appender.install.snapshot.enabled = false (custom)
2019-09-26 21:18:44,667 [pool-67-thread-1] INFO  impl.RaftServerImpl (ServerState.java:<init>(103)) - da833d8d-e72a-4068-9560-4daa2d83adc2@group-7DBC896A20AD: ConfigurationManager, init=-1: [da833d8d-e72a-4068-9560-4daa2d83adc2:192.168.151.99:38903], old=null, confs=<EMPTY_MAP>
2019-09-26 21:18:44,667 [pool-67-thread-1] INFO  server.RaftServerConfigKeys (ConfUtils.java:logGet(43)) - raft.server.storage.dir = [/workdir/hadoop-ozone/ozonefs/target/test-dir/MiniOzoneClusterImpl-5b64906c-d720-4906-b30c-b6d56a2122fd/datanode-4/data/ratis] (custom)
2019-09-26 21:18:44,667 [pool-67-thread-1] INFO  storage.RaftStorageDirectory (RaftStorageDirectory.java:analyzeStorage(246)) - The storage directory /workdir/hadoop-ozone/ozonefs/target/test-dir/MiniOzoneClusterImpl-5b64906c-d720-4906-b30c-b6d56a2122fd/datanode-4/data/ratis/8884c403-44f9-47c6-ab01-7dbc896a20ad does not exist. Creating ...
2019-09-26 21:18:44,679 [pool-67-thread-1] INFO  storage.RaftStorageDirectory (RaftStorageDirectory.java:tryLock(328)) - Lock on /workdir/hadoop-ozone/ozonefs/target/test-dir/MiniOzoneClusterImpl-5b64906c-d720-4906-b30c-b6d56a2122fd/datanode-4/data/ratis/8884c403-44f9-47c6-ab01-7dbc896a20ad/in_use.lock acquired by nodename 10701@pr-hdds-1569-g6sp5-2013761785
2019-09-26 21:18:44,692 [pool-67-thread-1] INFO  storage.RaftStorage (RaftStorage.java:format(72)) - Storage directory /workdir/hadoop-ozone/ozonefs/target/test-dir/MiniOzoneClusterImpl-5b64906c-d720-4906-b30c-b6d56a2122fd/datanode-4/data/ratis/8884c403-44f9-47c6-ab01-7dbc896a20ad has been successfully formatted.
2019-09-26 21:18:44,692 [pool-67-thread-1] INFO  ratis.ContainerStateMachine (ContainerStateMachine.java:loadSnapshot(230)) - group-7DBC896A20AD: The snapshot info is null. Setting the last applied indexto:(t:0, i:~)
2019-09-26 21:18:44,692 [pool-67-thread-1] INFO  server.RaftServerConfigKeys (ConfUtils.java:logGet(43)) - raft.server.notification.no-leader.timeout = 120s (custom)
2019-09-26 21:18:44,693 [pool-67-thread-1] INFO  server.RaftServerConfigKeys (ConfUtils.java:logGet(43)) - raft.server.log.use.memory = false (default)
2019-09-26 21:18:44,693 [pool-67-thread-1] INFO  server.RaftServerConfigKeys (ConfUtils.java:logGet(43)) - raft.server.log.purge.gap = 1000000 (custom)
2019-09-26 21:18:44,693 [pool-67-thread-1] INFO  server.RaftServerConfigKeys (ConfUtils.java:logGet(43)) - raft.server.log.appender.buffer.byte-limit = 33554432 (custom)
2019-09-26 21:18:44,693 [pool-67-thread-1] INFO  server.RaftServerConfigKeys (ConfUtils.java:logGet(43)) - raft.server.log.segment.size.max = 1048576 (custom)
2019-09-26 21:18:44,693 [pool-67-thread-1] INFO  server.RaftServerConfigKeys (ConfUtils.java:logGet(43)) - raft.server.log.segment.cache.num.max = 2 (custom)
2019-09-26 21:18:44,693 [pool-67-thread-1] INFO  segmented.SegmentedRaftLogWorker (SegmentedRaftLogWorker.java:<init>(172)) - new da833d8d-e72a-4068-9560-4daa2d83adc2@group-7DBC896A20AD-SegmentedRaftLogWorker for RaftStorage:Storage Directory /workdir/hadoop-ozone/ozonefs/target/test-dir/MiniOzoneClusterImpl-5b64906c-d720-4906-b30c-b6d56a2122fd/datanode-4/data/ratis/8884c403-44f9-47c6-ab01-7dbc896a20ad
2019-09-26 21:18:44,693 [pool-67-thread-1] INFO  server.RaftServerConfigKeys (ConfUtils.java:logGet(43)) - raft.server.log.queue.byte-limit = 2147483647 (custom)
2019-09-26 21:18:44,693 [pool-67-thread-1] INFO  server.RaftServerConfigKeys (ConfUtils.java:logGet(43)) - raft.server.log.queue.element-limit = 1024 (custom)
2019-09-26 21:18:44,693 [pool-67-thread-1] INFO  server.RaftServerConfigKeys (ConfUtils.java:logGet(43)) - raft.server.log.segment.size.max = 1048576 (custom)
2019-09-26 21:18:44,694 [pool-67-thread-1] INFO  server.RaftServerConfigKeys (ConfUtils.java:logGet(43)) - raft.server.log.preallocated.size = 16384 (custom)
2019-09-26 21:18:44,694 [pool-67-thread-1] INFO  server.RaftServerConfigKeys (ConfUtils.java:logGet(43)) - raft.server.log.write.buffer.size = 33554432 (custom)
2019-09-26 21:18:44,694 [pool-67-thread-1] INFO  server.RaftServerConfigKeys (ConfUtils.java:logGet(43)) - raft.server.log.force.sync.num = 128 (default)
2019-09-26 21:18:44,694 [pool-67-thread-1] INFO  server.RaftServerConfigKeys (ConfUtils.java:logGet(43)) - raft.server.log.statemachine.data.sync = true (default)
2019-09-26 21:18:44,694 [pool-67-thread-1] INFO  server.RaftServerConfigKeys (ConfUtils.java:logGet(43)) - raft.server.log.statemachine.data.sync.timeout = 10s (default)
2019-09-26 21:18:44,694 [pool-67-thread-1] INFO  server.RaftServerConfigKeys (ConfUtils.java:logGet(43)) - raft.server.log.statemachine.data.sync.timeout.retry = -1 (default)
2019-09-26 21:18:44,694 [pool-67-thread-1] INFO  server.RaftServerConfigKeys (ConfUtils.java:logGet(43)) - raft.server.log.statemachine.data.caching.enabled = true (custom)
2019-09-26 21:18:44,694 [pool-67-thread-1] INFO  segmented.SegmentedRaftLogWorker (SegmentedRaftLogWorker.java:lambda$new$0(132)) - da833d8d-e72a-4068-9560-4daa2d83adc2@group-7DBC896A20AD-SegmentedRaftLogWorker: flushIndex: setUnconditionally 0 -> -1
2019-09-26 21:18:44,695 [pool-67-thread-1] INFO  server.RaftServerConfigKeys (ConfUtils.java:logGet(43)) - raft.server.snapshot.auto.trigger.enabled = true (custom)
2019-09-26 21:18:44,695 [pool-67-thread-1] INFO  server.RaftServerConfigKeys (ConfUtils.java:logGet(43)) - raft.server.snapshot.auto.trigger.threshold = 10000 (custom)
2019-09-26 21:18:44,695 [pool-67-thread-1] INFO  server.RaftServerConfigKeys (ConfUtils.java:logGet(43)) - raft.server.snapshot.retention.num.files = 5 (custom)
2019-09-26 21:18:44,695 [pool-67-thread-1] INFO  server.RaftServerConfigKeys (ConfUtils.java:logGet(43)) - raft.server.retrycache.expirytime = 600000ms (custom)
2019-09-26 21:18:44,697 [pool-67-thread-1] INFO  impl.RaftServerImpl (RaftServerImpl.java:start(185)) - da833d8d-e72a-4068-9560-4daa2d83adc2@group-7DBC896A20AD: start as a follower, conf=-1: [da833d8d-e72a-4068-9560-4daa2d83adc2:192.168.151.99:38903], old=null
2019-09-26 21:18:44,697 [pool-67-thread-1] INFO  impl.RaftServerImpl (RaftServerImpl.java:setRole(174)) - da833d8d-e72a-4068-9560-4daa2d83adc2@group-7DBC896A20AD: changes role from      null to FOLLOWER at term 0 for startAsFollower
2019-09-26 21:18:44,697 [pool-67-thread-1] INFO  impl.RoleInfo (RoleInfo.java:updateAndGet(143)) - da833d8d-e72a-4068-9560-4daa2d83adc2: start FollowerState
2019-09-26 21:18:44,698 [pool-67-thread-1] INFO  util.JmxRegister (JmxRegister.java:tryRegister(44)) - Successfully registered JMX Bean with object name Ratis:service=RaftServer,group=group-7DBC896A20AD,id=da833d8d-e72a-4068-9560-4daa2d83adc2
2019-09-26 21:18:44,703 [RatisPipelineUtilsThread] INFO  pipeline.PipelineStateManager (PipelineStateManager.java:addPipeline(56)) - Created pipeline Pipeline[ Id: 8884c403-44f9-47c6-ab01-7dbc896a20ad, Nodes: da833d8d-e72a-4068-9560-4daa2d83adc2{ip: 192.168.151.99, host: pr-hdds-1569-g6sp5-2013761785, networkLocation: /default-rack, certSerialId: null}, Type:RATIS, Factor:ONE, State:OPEN]
2019-09-26 21:18:44,712 [grpc-default-executor-0] INFO  impl.RaftServerProxy (RaftServerProxy.java:addNew(89)) - 1178c3ae-d0b4-4d44-b144-fe8504cc41ac: addNew group-E477B2BFBADC:[1178c3ae-d0b4-4d44-b144-fe8504cc41ac:192.168.151.99:33787] returns group-E477B2BFBADC:java.util.concurrent.CompletableFuture@73c79001[Not completed]
2019-09-26 21:18:44,714 [pool-37-thread-1] INFO  impl.RaftServerImpl (RaftServerImpl.java:<init>(95)) - 1178c3ae-d0b4-4d44-b144-fe8504cc41ac: new RaftServerImpl for group-E477B2BFBADC:[1178c3ae-d0b4-4d44-b144-fe8504cc41ac:192.168.151.99:33787] with ContainerStateMachine:uninitialized
2019-09-26 21:18:44,715 [pool-37-thread-1] INFO  server.RaftServerConfigKeys (ConfUtils.java:logGet(43)) - raft.server.rpc.timeout.min = 5s (custom)
2019-09-26 21:18:44,715 [pool-37-thread-1] INFO  server.RaftServerConfigKeys (ConfUtils.java:logGet(43)) - raft.server.rpc.timeout.max = 5200ms (custom)
2019-09-26 21:18:44,715 [pool-37-thread-1] INFO  server.RaftServerConfigKeys (ConfUtils.java:logGet(43)) - raft.server.rpcslowness.timeout = 120s (custom)
2019-09-26 21:18:44,715 [pool-37-thread-1] INFO  server.RaftServerConfigKeys (ConfUtils.java:logGet(43)) - raft.server.sleep.deviation.threshold = 300 (default)
2019-09-26 21:18:44,715 [pool-37-thread-1] INFO  server.RaftServerConfigKeys (ConfUtils.java:logGet(43)) - raft.server.log.appender.install.snapshot.enabled = false (custom)
2019-09-26 21:18:44,715 [pool-37-thread-1] INFO  impl.RaftServerImpl (ServerState.java:<init>(103)) - 1178c3ae-d0b4-4d44-b144-fe8504cc41ac@group-E477B2BFBADC: ConfigurationManager, init=-1: [1178c3ae-d0b4-4d44-b144-fe8504cc41ac:192.168.151.99:33787], old=null, confs=<EMPTY_MAP>
2019-09-26 21:18:44,716 [pool-37-thread-1] INFO  server.RaftServerConfigKeys (ConfUtils.java:logGet(43)) - raft.server.storage.dir = [/workdir/hadoop-ozone/ozonefs/target/test-dir/MiniOzoneClusterImpl-5b64906c-d720-4906-b30c-b6d56a2122fd/datanode-1/data/ratis] (custom)
2019-09-26 21:18:44,716 [pool-37-thread-1] INFO  storage.RaftStorageDirectory (RaftStorageDirectory.java:analyzeStorage(246)) - The storage directory /workdir/hadoop-ozone/ozonefs/target/test-dir/MiniOzoneClusterImpl-5b64906c-d720-4906-b30c-b6d56a2122fd/datanode-1/data/ratis/537530c5-9b3a-442f-8e95-e477b2bfbadc does not exist. Creating ...
2019-09-26 21:18:44,729 [pool-37-thread-1] INFO  storage.RaftStorageDirectory (RaftStorageDirectory.java:tryLock(328)) - Lock on /workdir/hadoop-ozone/ozonefs/target/test-dir/MiniOzoneClusterImpl-5b64906c-d720-4906-b30c-b6d56a2122fd/datanode-1/data/ratis/537530c5-9b3a-442f-8e95-e477b2bfbadc/in_use.lock acquired by nodename 10701@pr-hdds-1569-g6sp5-2013761785
2019-09-26 21:18:44,742 [pool-37-thread-1] INFO  storage.RaftStorage (RaftStorage.java:format(72)) - Storage directory /workdir/hadoop-ozone/ozonefs/target/test-dir/MiniOzoneClusterImpl-5b64906c-d720-4906-b30c-b6d56a2122fd/datanode-1/data/ratis/537530c5-9b3a-442f-8e95-e477b2bfbadc has been successfully formatted.
2019-09-26 21:18:44,743 [pool-37-thread-1] INFO  ratis.ContainerStateMachine (ContainerStateMachine.java:loadSnapshot(230)) - group-E477B2BFBADC: The snapshot info is null. Setting the last applied indexto:(t:0, i:~)
2019-09-26 21:18:44,743 [pool-37-thread-1] INFO  server.RaftServerConfigKeys (ConfUtils.java:logGet(43)) - raft.server.notification.no-leader.timeout = 120s (custom)
2019-09-26 21:18:44,743 [pool-37-thread-1] INFO  server.RaftServerConfigKeys (ConfUtils.java:logGet(43)) - raft.server.log.use.memory = false (default)
2019-09-26 21:18:44,743 [pool-37-thread-1] INFO  server.RaftServerConfigKeys (ConfUtils.java:logGet(43)) - raft.server.log.purge.gap = 1000000 (custom)
2019-09-26 21:18:44,744 [pool-37-thread-1] INFO  server.RaftServerConfigKeys (ConfUtils.java:logGet(43)) - raft.server.log.appender.buffer.byte-limit = 33554432 (custom)
2019-09-26 21:18:44,744 [pool-37-thread-1] INFO  server.RaftServerConfigKeys (ConfUtils.java:logGet(43)) - raft.server.log.segment.size.max = 1048576 (custom)
2019-09-26 21:18:44,744 [pool-37-thread-1] INFO  server.RaftServerConfigKeys (ConfUtils.java:logGet(43)) - raft.server.log.segment.cache.num.max = 2 (custom)
2019-09-26 21:18:44,744 [pool-37-thread-1] INFO  segmented.SegmentedRaftLogWorker (SegmentedRaftLogWorker.java:<init>(172)) - new 1178c3ae-d0b4-4d44-b144-fe8504cc41ac@group-E477B2BFBADC-SegmentedRaftLogWorker for RaftStorage:Storage Directory /workdir/hadoop-ozone/ozonefs/target/test-dir/MiniOzoneClusterImpl-5b64906c-d720-4906-b30c-b6d56a2122fd/datanode-1/data/ratis/537530c5-9b3a-442f-8e95-e477b2bfbadc
2019-09-26 21:18:44,744 [pool-37-thread-1] INFO  server.RaftServerConfigKeys (ConfUtils.java:logGet(43)) - raft.server.log.queue.byte-limit = 2147483647 (custom)
2019-09-26 21:18:44,744 [pool-37-thread-1] INFO  server.RaftServerConfigKeys (ConfUtils.java:logGet(43)) - raft.server.log.queue.element-limit = 1024 (custom)
2019-09-26 21:18:44,745 [pool-37-thread-1] INFO  server.RaftServerConfigKeys (ConfUtils.java:logGet(43)) - raft.server.log.segment.size.max = 1048576 (custom)
2019-09-26 21:18:44,745 [pool-37-thread-1] INFO  server.RaftServerConfigKeys (ConfUtils.java:logGet(43)) - raft.server.log.preallocated.size = 16384 (custom)
2019-09-26 21:18:44,745 [pool-37-thread-1] INFO  server.RaftServerConfigKeys (ConfUtils.java:logGet(43)) - raft.server.log.write.buffer.size = 33554432 (custom)
2019-09-26 21:18:44,745 [pool-37-thread-1] INFO  server.RaftServerConfigKeys (ConfUtils.java:logGet(43)) - raft.server.log.force.sync.num = 128 (default)
2019-09-26 21:18:44,745 [pool-37-thread-1] INFO  server.RaftServerConfigKeys (ConfUtils.java:logGet(43)) - raft.server.log.statemachine.data.sync = true (default)
2019-09-26 21:18:44,746 [pool-37-thread-1] INFO  server.RaftServerConfigKeys (ConfUtils.java:logGet(43)) - raft.server.log.statemachine.data.sync.timeout = 10s (default)
2019-09-26 21:18:44,746 [pool-37-thread-1] INFO  server.RaftServerConfigKeys (ConfUtils.java:logGet(43)) - raft.server.log.statemachine.data.sync.timeout.retry = -1 (default)
2019-09-26 21:18:44,746 [pool-37-thread-1] INFO  server.RaftServerConfigKeys (ConfUtils.java:logGet(43)) - raft.server.log.statemachine.data.caching.enabled = true (custom)
2019-09-26 21:18:44,747 [pool-37-thread-1] INFO  segmented.SegmentedRaftLogWorker (SegmentedRaftLogWorker.java:lambda$new$0(132)) - 1178c3ae-d0b4-4d44-b144-fe8504cc41ac@group-E477B2BFBADC-SegmentedRaftLogWorker: flushIndex: setUnconditionally 0 -> -1
2019-09-26 21:18:44,747 [pool-37-thread-1] INFO  server.RaftServerConfigKeys (ConfUtils.java:logGet(43)) - raft.server.snapshot.auto.trigger.enabled = true (custom)
2019-09-26 21:18:44,747 [pool-37-thread-1] INFO  server.RaftServerConfigKeys (ConfUtils.java:logGet(43)) - raft.server.snapshot.auto.trigger.threshold = 10000 (custom)
2019-09-26 21:18:44,748 [pool-37-thread-1] INFO  server.RaftServerConfigKeys (ConfUtils.java:logGet(43)) - raft.server.snapshot.retention.num.files = 5 (custom)
2019-09-26 21:18:44,748 [pool-37-thread-1] INFO  server.RaftServerConfigKeys (ConfUtils.java:logGet(43)) - raft.server.retrycache.expirytime = 600000ms (custom)
2019-09-26 21:18:44,751 [pool-37-thread-1] INFO  impl.RaftServerImpl (RaftServerImpl.java:start(185)) - 1178c3ae-d0b4-4d44-b144-fe8504cc41ac@group-E477B2BFBADC: start as a follower, conf=-1: [1178c3ae-d0b4-4d44-b144-fe8504cc41ac:192.168.151.99:33787], old=null
2019-09-26 21:18:44,751 [pool-37-thread-1] INFO  impl.RaftServerImpl (RaftServerImpl.java:setRole(174)) - 1178c3ae-d0b4-4d44-b144-fe8504cc41ac@group-E477B2BFBADC: changes role from      null to FOLLOWER at term 0 for startAsFollower
2019-09-26 21:18:44,752 [pool-37-thread-1] INFO  impl.RoleInfo (RoleInfo.java:updateAndGet(143)) - 1178c3ae-d0b4-4d44-b144-fe8504cc41ac: start FollowerState
2019-09-26 21:18:44,752 [pool-37-thread-1] INFO  util.JmxRegister (JmxRegister.java:tryRegister(44)) - Successfully registered JMX Bean with object name Ratis:service=RaftServer,group=group-E477B2BFBADC,id=1178c3ae-d0b4-4d44-b144-fe8504cc41ac
2019-09-26 21:18:44,757 [RatisPipelineUtilsThread] INFO  pipeline.PipelineStateManager (PipelineStateManager.java:addPipeline(56)) - Created pipeline Pipeline[ Id: 537530c5-9b3a-442f-8e95-e477b2bfbadc, Nodes: 1178c3ae-d0b4-4d44-b144-fe8504cc41ac{ip: 192.168.151.99, host: pr-hdds-1569-g6sp5-2013761785, networkLocation: /default-rack, certSerialId: null}, Type:RATIS, Factor:ONE, State:OPEN]
2019-09-26 21:18:44,767 [grpc-default-executor-0] INFO  impl.RaftServerProxy (RaftServerProxy.java:addNew(89)) - 9ce0b59e-153f-4f41-8aed-492a76d80b48: addNew group-4F3264EE2501:[9ce0b59e-153f-4f41-8aed-492a76d80b48:192.168.151.99:34156] returns group-4F3264EE2501:java.util.concurrent.CompletableFuture@7b41def2[Not completed]
2019-09-26 21:18:44,769 [pool-27-thread-1] INFO  impl.RaftServerImpl (RaftServerImpl.java:<init>(95)) - 9ce0b59e-153f-4f41-8aed-492a76d80b48: new RaftServerImpl for group-4F3264EE2501:[9ce0b59e-153f-4f41-8aed-492a76d80b48:192.168.151.99:34156] with ContainerStateMachine:uninitialized
2019-09-26 21:18:44,769 [pool-27-thread-1] INFO  server.RaftServerConfigKeys (ConfUtils.java:logGet(43)) - raft.server.rpc.timeout.min = 5s (custom)
2019-09-26 21:18:44,769 [pool-27-thread-1] INFO  server.RaftServerConfigKeys (ConfUtils.java:logGet(43)) - raft.server.rpc.timeout.max = 5200ms (custom)
2019-09-26 21:18:44,770 [pool-27-thread-1] INFO  server.RaftServerConfigKeys (ConfUtils.java:logGet(43)) - raft.server.rpcslowness.timeout = 120s (custom)
2019-09-26 21:18:44,770 [pool-27-thread-1] INFO  server.RaftServerConfigKeys (ConfUtils.java:logGet(43)) - raft.server.sleep.deviation.threshold = 300 (default)
2019-09-26 21:18:44,770 [pool-27-thread-1] INFO  server.RaftServerConfigKeys (ConfUtils.java:logGet(43)) - raft.server.log.appender.install.snapshot.enabled = false (custom)
2019-09-26 21:18:44,770 [pool-27-thread-1] INFO  impl.RaftServerImpl (ServerState.java:<init>(103)) - 9ce0b59e-153f-4f41-8aed-492a76d80b48@group-4F3264EE2501: ConfigurationManager, init=-1: [9ce0b59e-153f-4f41-8aed-492a76d80b48:192.168.151.99:34156], old=null, confs=<EMPTY_MAP>
2019-09-26 21:18:44,770 [pool-27-thread-1] INFO  server.RaftServerConfigKeys (ConfUtils.java:logGet(43)) - raft.server.storage.dir = [/workdir/hadoop-ozone/ozonefs/target/test-dir/MiniOzoneClusterImpl-5b64906c-d720-4906-b30c-b6d56a2122fd/datanode-0/data/ratis] (custom)
2019-09-26 21:18:44,771 [pool-27-thread-1] INFO  storage.RaftStorageDirectory (RaftStorageDirectory.java:analyzeStorage(246)) - The storage directory /workdir/hadoop-ozone/ozonefs/target/test-dir/MiniOzoneClusterImpl-5b64906c-d720-4906-b30c-b6d56a2122fd/datanode-0/data/ratis/f7e312ce-d90e-4bc1-a5c3-4f3264ee2501 does not exist. Creating ...
2019-09-26 21:18:44,784 [pool-27-thread-1] INFO  storage.RaftStorageDirectory (RaftStorageDirectory.java:tryLock(328)) - Lock on /workdir/hadoop-ozone/ozonefs/target/test-dir/MiniOzoneClusterImpl-5b64906c-d720-4906-b30c-b6d56a2122fd/datanode-0/data/ratis/f7e312ce-d90e-4bc1-a5c3-4f3264ee2501/in_use.lock acquired by nodename 10701@pr-hdds-1569-g6sp5-2013761785
2019-09-26 21:18:44,797 [pool-27-thread-1] INFO  storage.RaftStorage (RaftStorage.java:format(72)) - Storage directory /workdir/hadoop-ozone/ozonefs/target/test-dir/MiniOzoneClusterImpl-5b64906c-d720-4906-b30c-b6d56a2122fd/datanode-0/data/ratis/f7e312ce-d90e-4bc1-a5c3-4f3264ee2501 has been successfully formatted.
2019-09-26 21:18:44,797 [pool-27-thread-1] INFO  ratis.ContainerStateMachine (ContainerStateMachine.java:loadSnapshot(230)) - group-4F3264EE2501: The snapshot info is null. Setting the last applied indexto:(t:0, i:~)
2019-09-26 21:18:44,798 [pool-27-thread-1] INFO  server.RaftServerConfigKeys (ConfUtils.java:logGet(43)) - raft.server.notification.no-leader.timeout = 120s (custom)
2019-09-26 21:18:44,798 [pool-27-thread-1] INFO  server.RaftServerConfigKeys (ConfUtils.java:logGet(43)) - raft.server.log.use.memory = false (default)
2019-09-26 21:18:44,798 [pool-27-thread-1] INFO  server.RaftServerConfigKeys (ConfUtils.java:logGet(43)) - raft.server.log.purge.gap = 1000000 (custom)
2019-09-26 21:18:44,798 [pool-27-thread-1] INFO  server.RaftServerConfigKeys (ConfUtils.java:logGet(43)) - raft.server.log.appender.buffer.byte-limit = 33554432 (custom)
2019-09-26 21:18:44,798 [pool-27-thread-1] INFO  server.RaftServerConfigKeys (ConfUtils.java:logGet(43)) - raft.server.log.segment.size.max = 1048576 (custom)
2019-09-26 21:18:44,799 [pool-27-thread-1] INFO  server.RaftServerConfigKeys (ConfUtils.java:logGet(43)) - raft.server.log.segment.cache.num.max = 2 (custom)
2019-09-26 21:18:44,799 [pool-27-thread-1] INFO  segmented.SegmentedRaftLogWorker (SegmentedRaftLogWorker.java:<init>(172)) - new 9ce0b59e-153f-4f41-8aed-492a76d80b48@group-4F3264EE2501-SegmentedRaftLogWorker for RaftStorage:Storage Directory /workdir/hadoop-ozone/ozonefs/target/test-dir/MiniOzoneClusterImpl-5b64906c-d720-4906-b30c-b6d56a2122fd/datanode-0/data/ratis/f7e312ce-d90e-4bc1-a5c3-4f3264ee2501
2019-09-26 21:18:44,799 [pool-27-thread-1] INFO  server.RaftServerConfigKeys (ConfUtils.java:logGet(43)) - raft.server.log.queue.byte-limit = 2147483647 (custom)
2019-09-26 21:18:44,799 [pool-27-thread-1] INFO  server.RaftServerConfigKeys (ConfUtils.java:logGet(43)) - raft.server.log.queue.element-limit = 1024 (custom)
2019-09-26 21:18:44,800 [pool-27-thread-1] INFO  server.RaftServerConfigKeys (ConfUtils.java:logGet(43)) - raft.server.log.segment.size.max = 1048576 (custom)
2019-09-26 21:18:44,800 [pool-27-thread-1] INFO  server.RaftServerConfigKeys (ConfUtils.java:logGet(43)) - raft.server.log.preallocated.size = 16384 (custom)
2019-09-26 21:18:44,800 [pool-27-thread-1] INFO  server.RaftServerConfigKeys (ConfUtils.java:logGet(43)) - raft.server.log.write.buffer.size = 33554432 (custom)
2019-09-26 21:18:44,800 [pool-27-thread-1] INFO  server.RaftServerConfigKeys (ConfUtils.java:logGet(43)) - raft.server.log.force.sync.num = 128 (default)
2019-09-26 21:18:44,800 [pool-27-thread-1] INFO  server.RaftServerConfigKeys (ConfUtils.java:logGet(43)) - raft.server.log.statemachine.data.sync = true (default)
2019-09-26 21:18:44,800 [pool-27-thread-1] INFO  server.RaftServerConfigKeys (ConfUtils.java:logGet(43)) - raft.server.log.statemachine.data.sync.timeout = 10s (default)
2019-09-26 21:18:44,801 [pool-27-thread-1] INFO  server.RaftServerConfigKeys (ConfUtils.java:logGet(43)) - raft.server.log.statemachine.data.sync.timeout.retry = -1 (default)
2019-09-26 21:18:44,801 [pool-27-thread-1] INFO  server.RaftServerConfigKeys (ConfUtils.java:logGet(43)) - raft.server.log.statemachine.data.caching.enabled = true (custom)
2019-09-26 21:18:44,801 [pool-27-thread-1] INFO  segmented.SegmentedRaftLogWorker (SegmentedRaftLogWorker.java:lambda$new$0(132)) - 9ce0b59e-153f-4f41-8aed-492a76d80b48@group-4F3264EE2501-SegmentedRaftLogWorker: flushIndex: setUnconditionally 0 -> -1
2019-09-26 21:18:44,802 [pool-27-thread-1] INFO  server.RaftServerConfigKeys (ConfUtils.java:logGet(43)) - raft.server.snapshot.auto.trigger.enabled = true (custom)
2019-09-26 21:18:44,802 [pool-27-thread-1] INFO  server.RaftServerConfigKeys (ConfUtils.java:logGet(43)) - raft.server.snapshot.auto.trigger.threshold = 10000 (custom)
2019-09-26 21:18:44,802 [pool-27-thread-1] INFO  server.RaftServerConfigKeys (ConfUtils.java:logGet(43)) - raft.server.snapshot.retention.num.files = 5 (custom)
2019-09-26 21:18:44,802 [pool-27-thread-1] INFO  server.RaftServerConfigKeys (ConfUtils.java:logGet(43)) - raft.server.retrycache.expirytime = 600000ms (custom)
2019-09-26 21:18:44,806 [pool-27-thread-1] INFO  impl.RaftServerImpl (RaftServerImpl.java:start(185)) - 9ce0b59e-153f-4f41-8aed-492a76d80b48@group-4F3264EE2501: start as a follower, conf=-1: [9ce0b59e-153f-4f41-8aed-492a76d80b48:192.168.151.99:34156], old=null
2019-09-26 21:18:44,806 [pool-27-thread-1] INFO  impl.RaftServerImpl (RaftServerImpl.java:setRole(174)) - 9ce0b59e-153f-4f41-8aed-492a76d80b48@group-4F3264EE2501: changes role from      null to FOLLOWER at term 0 for startAsFollower
2019-09-26 21:18:44,806 [pool-27-thread-1] INFO  impl.RoleInfo (RoleInfo.java:updateAndGet(143)) - 9ce0b59e-153f-4f41-8aed-492a76d80b48: start FollowerState
2019-09-26 21:18:44,807 [pool-27-thread-1] INFO  util.JmxRegister (JmxRegister.java:tryRegister(44)) - Successfully registered JMX Bean with object name Ratis:service=RaftServer,group=group-4F3264EE2501,id=9ce0b59e-153f-4f41-8aed-492a76d80b48
2019-09-26 21:18:44,812 [RatisPipelineUtilsThread] INFO  pipeline.PipelineStateManager (PipelineStateManager.java:addPipeline(56)) - Created pipeline Pipeline[ Id: f7e312ce-d90e-4bc1-a5c3-4f3264ee2501, Nodes: 9ce0b59e-153f-4f41-8aed-492a76d80b48{ip: 192.168.151.99, host: pr-hdds-1569-g6sp5-2013761785, networkLocation: /default-rack, certSerialId: null}, Type:RATIS, Factor:ONE, State:OPEN]
2019-09-26 21:18:44,822 [grpc-default-executor-0] INFO  impl.RaftServerProxy (RaftServerProxy.java:addNew(89)) - 9ce0b59e-153f-4f41-8aed-492a76d80b48: addNew group-800B9A3BF0F5:[9ce0b59e-153f-4f41-8aed-492a76d80b48:192.168.151.99:34156] returns group-800B9A3BF0F5:java.util.concurrent.CompletableFuture@750ecde9[Not completed]
2019-09-26 21:18:44,824 [pool-27-thread-1] INFO  impl.RaftServerImpl (RaftServerImpl.java:<init>(95)) - 9ce0b59e-153f-4f41-8aed-492a76d80b48: new RaftServerImpl for group-800B9A3BF0F5:[9ce0b59e-153f-4f41-8aed-492a76d80b48:192.168.151.99:34156] with ContainerStateMachine:uninitialized
2019-09-26 21:18:44,824 [pool-27-thread-1] INFO  server.RaftServerConfigKeys (ConfUtils.java:logGet(43)) - raft.server.rpc.timeout.min = 5s (custom)
2019-09-26 21:18:44,824 [pool-27-thread-1] INFO  server.RaftServerConfigKeys (ConfUtils.java:logGet(43)) - raft.server.rpc.timeout.max = 5200ms (custom)
2019-09-26 21:18:44,824 [pool-27-thread-1] INFO  server.RaftServerConfigKeys (ConfUtils.java:logGet(43)) - raft.server.rpcslowness.timeout = 120s (custom)
2019-09-26 21:18:44,824 [pool-27-thread-1] INFO  server.RaftServerConfigKeys (ConfUtils.java:logGet(43)) - raft.server.sleep.deviation.threshold = 300 (default)
2019-09-26 21:18:44,825 [pool-27-thread-1] INFO  server.RaftServerConfigKeys (ConfUtils.java:logGet(43)) - raft.server.log.appender.install.snapshot.enabled = false (custom)
2019-09-26 21:18:44,825 [pool-27-thread-1] INFO  impl.RaftServerImpl (ServerState.java:<init>(103)) - 9ce0b59e-153f-4f41-8aed-492a76d80b48@group-800B9A3BF0F5: ConfigurationManager, init=-1: [9ce0b59e-153f-4f41-8aed-492a76d80b48:192.168.151.99:34156], old=null, confs=<EMPTY_MAP>
2019-09-26 21:18:44,825 [pool-27-thread-1] INFO  server.RaftServerConfigKeys (ConfUtils.java:logGet(43)) - raft.server.storage.dir = [/workdir/hadoop-ozone/ozonefs/target/test-dir/MiniOzoneClusterImpl-5b64906c-d720-4906-b30c-b6d56a2122fd/datanode-0/data/ratis] (custom)
2019-09-26 21:18:44,825 [pool-27-thread-1] INFO  storage.RaftStorageDirectory (RaftStorageDirectory.java:analyzeStorage(246)) - The storage directory /workdir/hadoop-ozone/ozonefs/target/test-dir/MiniOzoneClusterImpl-5b64906c-d720-4906-b30c-b6d56a2122fd/datanode-0/data/ratis/43ad05cd-b1e0-48b5-af3b-800b9a3bf0f5 does not exist. Creating ...
2019-09-26 21:18:44,838 [pool-27-thread-1] INFO  storage.RaftStorageDirectory (RaftStorageDirectory.java:tryLock(328)) - Lock on /workdir/hadoop-ozone/ozonefs/target/test-dir/MiniOzoneClusterImpl-5b64906c-d720-4906-b30c-b6d56a2122fd/datanode-0/data/ratis/43ad05cd-b1e0-48b5-af3b-800b9a3bf0f5/in_use.lock acquired by nodename 10701@pr-hdds-1569-g6sp5-2013761785
2019-09-26 21:18:44,852 [pool-27-thread-1] INFO  storage.RaftStorage (RaftStorage.java:format(72)) - Storage directory /workdir/hadoop-ozone/ozonefs/target/test-dir/MiniOzoneClusterImpl-5b64906c-d720-4906-b30c-b6d56a2122fd/datanode-0/data/ratis/43ad05cd-b1e0-48b5-af3b-800b9a3bf0f5 has been successfully formatted.
2019-09-26 21:18:44,852 [pool-27-thread-1] INFO  ratis.ContainerStateMachine (ContainerStateMachine.java:loadSnapshot(230)) - group-800B9A3BF0F5: The snapshot info is null. Setting the last applied indexto:(t:0, i:~)
2019-09-26 21:18:44,853 [pool-27-thread-1] INFO  server.RaftServerConfigKeys (ConfUtils.java:logGet(43)) - raft.server.notification.no-leader.timeout = 120s (custom)
2019-09-26 21:18:44,853 [pool-27-thread-1] INFO  server.RaftServerConfigKeys (ConfUtils.java:logGet(43)) - raft.server.log.use.memory = false (default)
2019-09-26 21:18:44,853 [pool-27-thread-1] INFO  server.RaftServerConfigKeys (ConfUtils.java:logGet(43)) - raft.server.log.purge.gap = 1000000 (custom)
2019-09-26 21:18:44,853 [pool-27-thread-1] INFO  server.RaftServerConfigKeys (ConfUtils.java:logGet(43)) - raft.server.log.appender.buffer.byte-limit = 33554432 (custom)
2019-09-26 21:18:44,854 [pool-27-thread-1] INFO  server.RaftServerConfigKeys (ConfUtils.java:logGet(43)) - raft.server.log.segment.size.max = 1048576 (custom)
2019-09-26 21:18:44,854 [pool-27-thread-1] INFO  server.RaftServerConfigKeys (ConfUtils.java:logGet(43)) - raft.server.log.segment.cache.num.max = 2 (custom)
2019-09-26 21:18:44,854 [pool-27-thread-1] INFO  segmented.SegmentedRaftLogWorker (SegmentedRaftLogWorker.java:<init>(172)) - new 9ce0b59e-153f-4f41-8aed-492a76d80b48@group-800B9A3BF0F5-SegmentedRaftLogWorker for RaftStorage:Storage Directory /workdir/hadoop-ozone/ozonefs/target/test-dir/MiniOzoneClusterImpl-5b64906c-d720-4906-b30c-b6d56a2122fd/datanode-0/data/ratis/43ad05cd-b1e0-48b5-af3b-800b9a3bf0f5
2019-09-26 21:18:44,854 [pool-27-thread-1] INFO  server.RaftServerConfigKeys (ConfUtils.java:logGet(43)) - raft.server.log.queue.byte-limit = 2147483647 (custom)
2019-09-26 21:18:44,854 [pool-27-thread-1] INFO  server.RaftServerConfigKeys (ConfUtils.java:logGet(43)) - raft.server.log.queue.element-limit = 1024 (custom)
2019-09-26 21:18:44,855 [pool-27-thread-1] INFO  server.RaftServerConfigKeys (ConfUtils.java:logGet(43)) - raft.server.log.segment.size.max = 1048576 (custom)
2019-09-26 21:18:44,855 [pool-27-thread-1] INFO  server.RaftServerConfigKeys (ConfUtils.java:logGet(43)) - raft.server.log.preallocated.size = 16384 (custom)
2019-09-26 21:18:44,855 [pool-27-thread-1] INFO  server.RaftServerConfigKeys (ConfUtils.java:logGet(43)) - raft.server.log.write.buffer.size = 33554432 (custom)
2019-09-26 21:18:44,855 [pool-27-thread-1] INFO  server.RaftServerConfigKeys (ConfUtils.java:logGet(43)) - raft.server.log.force.sync.num = 128 (default)
2019-09-26 21:18:44,855 [pool-27-thread-1] INFO  server.RaftServerConfigKeys (ConfUtils.java:logGet(43)) - raft.server.log.statemachine.data.sync = true (default)
2019-09-26 21:18:44,855 [pool-27-thread-1] INFO  server.RaftServerConfigKeys (ConfUtils.java:logGet(43)) - raft.server.log.statemachine.data.sync.timeout = 10s (default)
2019-09-26 21:18:44,856 [pool-27-thread-1] INFO  server.RaftServerConfigKeys (ConfUtils.java:logGet(43)) - raft.server.log.statemachine.data.sync.timeout.retry = -1 (default)
2019-09-26 21:18:44,856 [pool-27-thread-1] INFO  server.RaftServerConfigKeys (ConfUtils.java:logGet(43)) - raft.server.log.statemachine.data.caching.enabled = true (custom)
2019-09-26 21:18:44,856 [pool-27-thread-1] INFO  segmented.SegmentedRaftLogWorker (SegmentedRaftLogWorker.java:lambda$new$0(132)) - 9ce0b59e-153f-4f41-8aed-492a76d80b48@group-800B9A3BF0F5-SegmentedRaftLogWorker: flushIndex: setUnconditionally 0 -> -1
2019-09-26 21:18:44,857 [pool-27-thread-1] INFO  server.RaftServerConfigKeys (ConfUtils.java:logGet(43)) - raft.server.snapshot.auto.trigger.enabled = true (custom)
2019-09-26 21:18:44,857 [pool-27-thread-1] INFO  server.RaftServerConfigKeys (ConfUtils.java:logGet(43)) - raft.server.snapshot.auto.trigger.threshold = 10000 (custom)
2019-09-26 21:18:44,857 [pool-27-thread-1] INFO  server.RaftServerConfigKeys (ConfUtils.java:logGet(43)) - raft.server.snapshot.retention.num.files = 5 (custom)
2019-09-26 21:18:44,857 [pool-27-thread-1] INFO  server.RaftServerConfigKeys (ConfUtils.java:logGet(43)) - raft.server.retrycache.expirytime = 600000ms (custom)
2019-09-26 21:18:44,861 [pool-27-thread-1] INFO  impl.RaftServerImpl (RaftServerImpl.java:start(185)) - 9ce0b59e-153f-4f41-8aed-492a76d80b48@group-800B9A3BF0F5: start as a follower, conf=-1: [9ce0b59e-153f-4f41-8aed-492a76d80b48:192.168.151.99:34156], old=null
2019-09-26 21:18:44,861 [pool-27-thread-1] INFO  impl.RaftServerImpl (RaftServerImpl.java:setRole(174)) - 9ce0b59e-153f-4f41-8aed-492a76d80b48@group-800B9A3BF0F5: changes role from      null to FOLLOWER at term 0 for startAsFollower
2019-09-26 21:18:44,861 [pool-27-thread-1] INFO  impl.RoleInfo (RoleInfo.java:updateAndGet(143)) - 9ce0b59e-153f-4f41-8aed-492a76d80b48: start FollowerState
2019-09-26 21:18:44,862 [pool-27-thread-1] INFO  util.JmxRegister (JmxRegister.java:tryRegister(44)) - Successfully registered JMX Bean with object name Ratis:service=RaftServer,group=group-800B9A3BF0F5,id=9ce0b59e-153f-4f41-8aed-492a76d80b48
2019-09-26 21:18:44,869 [RatisPipelineUtilsThread] INFO  pipeline.PipelineStateManager (PipelineStateManager.java:addPipeline(56)) - Created pipeline Pipeline[ Id: 43ad05cd-b1e0-48b5-af3b-800b9a3bf0f5, Nodes: 9ce0b59e-153f-4f41-8aed-492a76d80b48{ip: 192.168.151.99, host: pr-hdds-1569-g6sp5-2013761785, networkLocation: /default-rack, certSerialId: null}, Type:RATIS, Factor:ONE, State:OPEN]
2019-09-26 21:18:44,879 [grpc-default-executor-0] INFO  impl.RaftServerProxy (RaftServerProxy.java:addNew(89)) - 9ce0b59e-153f-4f41-8aed-492a76d80b48: addNew group-83AFEAF4418B:[9ce0b59e-153f-4f41-8aed-492a76d80b48:192.168.151.99:34156] returns group-83AFEAF4418B:java.util.concurrent.CompletableFuture@3958cb0b[Not completed]
2019-09-26 21:18:44,880 [pool-27-thread-1] INFO  impl.RaftServerImpl (RaftServerImpl.java:<init>(95)) - 9ce0b59e-153f-4f41-8aed-492a76d80b48: new RaftServerImpl for group-83AFEAF4418B:[9ce0b59e-153f-4f41-8aed-492a76d80b48:192.168.151.99:34156] with ContainerStateMachine:uninitialized
2019-09-26 21:18:44,881 [pool-27-thread-1] INFO  server.RaftServerConfigKeys (ConfUtils.java:logGet(43)) - raft.server.rpc.timeout.min = 5s (custom)
2019-09-26 21:18:44,881 [pool-27-thread-1] INFO  server.RaftServerConfigKeys (ConfUtils.java:logGet(43)) - raft.server.rpc.timeout.max = 5200ms (custom)
2019-09-26 21:18:44,881 [pool-27-thread-1] INFO  server.RaftServerConfigKeys (ConfUtils.java:logGet(43)) - raft.server.rpcslowness.timeout = 120s (custom)
2019-09-26 21:18:44,881 [pool-27-thread-1] INFO  server.RaftServerConfigKeys (ConfUtils.java:logGet(43)) - raft.server.sleep.deviation.threshold = 300 (default)
2019-09-26 21:18:44,881 [pool-27-thread-1] INFO  server.RaftServerConfigKeys (ConfUtils.java:logGet(43)) - raft.server.log.appender.install.snapshot.enabled = false (custom)
2019-09-26 21:18:44,881 [pool-27-thread-1] INFO  impl.RaftServerImpl (ServerState.java:<init>(103)) - 9ce0b59e-153f-4f41-8aed-492a76d80b48@group-83AFEAF4418B: ConfigurationManager, init=-1: [9ce0b59e-153f-4f41-8aed-492a76d80b48:192.168.151.99:34156], old=null, confs=<EMPTY_MAP>
2019-09-26 21:18:44,882 [pool-27-thread-1] INFO  server.RaftServerConfigKeys (ConfUtils.java:logGet(43)) - raft.server.storage.dir = [/workdir/hadoop-ozone/ozonefs/target/test-dir/MiniOzoneClusterImpl-5b64906c-d720-4906-b30c-b6d56a2122fd/datanode-0/data/ratis] (custom)
2019-09-26 21:18:44,882 [pool-27-thread-1] INFO  storage.RaftStorageDirectory (RaftStorageDirectory.java:analyzeStorage(246)) - The storage directory /workdir/hadoop-ozone/ozonefs/target/test-dir/MiniOzoneClusterImpl-5b64906c-d720-4906-b30c-b6d56a2122fd/datanode-0/data/ratis/9cf730a7-27a3-4128-a9b2-83afeaf4418b does not exist. Creating ...
2019-09-26 21:18:44,895 [pool-27-thread-1] INFO  storage.RaftStorageDirectory (RaftStorageDirectory.java:tryLock(328)) - Lock on /workdir/hadoop-ozone/ozonefs/target/test-dir/MiniOzoneClusterImpl-5b64906c-d720-4906-b30c-b6d56a2122fd/datanode-0/data/ratis/9cf730a7-27a3-4128-a9b2-83afeaf4418b/in_use.lock acquired by nodename 10701@pr-hdds-1569-g6sp5-2013761785
2019-09-26 21:18:44,908 [pool-27-thread-1] INFO  storage.RaftStorage (RaftStorage.java:format(72)) - Storage directory /workdir/hadoop-ozone/ozonefs/target/test-dir/MiniOzoneClusterImpl-5b64906c-d720-4906-b30c-b6d56a2122fd/datanode-0/data/ratis/9cf730a7-27a3-4128-a9b2-83afeaf4418b has been successfully formatted.
2019-09-26 21:18:44,908 [pool-27-thread-1] INFO  ratis.ContainerStateMachine (ContainerStateMachine.java:loadSnapshot(230)) - group-83AFEAF4418B: The snapshot info is null. Setting the last applied indexto:(t:0, i:~)
2019-09-26 21:18:44,909 [pool-27-thread-1] INFO  server.RaftServerConfigKeys (ConfUtils.java:logGet(43)) - raft.server.notification.no-leader.timeout = 120s (custom)
2019-09-26 21:18:44,909 [pool-27-thread-1] INFO  server.RaftServerConfigKeys (ConfUtils.java:logGet(43)) - raft.server.log.use.memory = false (default)
2019-09-26 21:18:44,909 [pool-27-thread-1] INFO  server.RaftServerConfigKeys (ConfUtils.java:logGet(43)) - raft.server.log.purge.gap = 1000000 (custom)
2019-09-26 21:18:44,909 [pool-27-thread-1] INFO  server.RaftServerConfigKeys (ConfUtils.java:logGet(43)) - raft.server.log.appender.buffer.byte-limit = 33554432 (custom)
2019-09-26 21:18:44,909 [pool-27-thread-1] INFO  server.RaftServerConfigKeys (ConfUtils.java:logGet(43)) - raft.server.log.segment.size.max = 1048576 (custom)
2019-09-26 21:18:44,910 [pool-27-thread-1] INFO  server.RaftServerConfigKeys (ConfUtils.java:logGet(43)) - raft.server.log.segment.cache.num.max = 2 (custom)
2019-09-26 21:18:44,910 [pool-27-thread-1] INFO  segmented.SegmentedRaftLogWorker (SegmentedRaftLogWorker.java:<init>(172)) - new 9ce0b59e-153f-4f41-8aed-492a76d80b48@group-83AFEAF4418B-SegmentedRaftLogWorker for RaftStorage:Storage Directory /workdir/hadoop-ozone/ozonefs/target/test-dir/MiniOzoneClusterImpl-5b64906c-d720-4906-b30c-b6d56a2122fd/datanode-0/data/ratis/9cf730a7-27a3-4128-a9b2-83afeaf4418b
2019-09-26 21:18:44,910 [pool-27-thread-1] INFO  server.RaftServerConfigKeys (ConfUtils.java:logGet(43)) - raft.server.log.queue.byte-limit = 2147483647 (custom)
2019-09-26 21:18:44,910 [pool-27-thread-1] INFO  server.RaftServerConfigKeys (ConfUtils.java:logGet(43)) - raft.server.log.queue.element-limit = 1024 (custom)
2019-09-26 21:18:44,910 [pool-27-thread-1] INFO  server.RaftServerConfigKeys (ConfUtils.java:logGet(43)) - raft.server.log.segment.size.max = 1048576 (custom)
2019-09-26 21:18:44,910 [pool-27-thread-1] INFO  server.RaftServerConfigKeys (ConfUtils.java:logGet(43)) - raft.server.log.preallocated.size = 16384 (custom)
2019-09-26 21:18:44,911 [pool-27-thread-1] INFO  server.RaftServerConfigKeys (ConfUtils.java:logGet(43)) - raft.server.log.write.buffer.size = 33554432 (custom)
2019-09-26 21:18:44,911 [pool-27-thread-1] INFO  server.RaftServerConfigKeys (ConfUtils.java:logGet(43)) - raft.server.log.force.sync.num = 128 (default)
2019-09-26 21:18:44,911 [pool-27-thread-1] INFO  server.RaftServerConfigKeys (ConfUtils.java:logGet(43)) - raft.server.log.statemachine.data.sync = true (default)
2019-09-26 21:18:44,911 [pool-27-thread-1] INFO  server.RaftServerConfigKeys (ConfUtils.java:logGet(43)) - raft.server.log.statemachine.data.sync.timeout = 10s (default)
2019-09-26 21:18:44,911 [pool-27-thread-1] INFO  server.RaftServerConfigKeys (ConfUtils.java:logGet(43)) - raft.server.log.statemachine.data.sync.timeout.retry = -1 (default)
2019-09-26 21:18:44,911 [pool-27-thread-1] INFO  server.RaftServerConfigKeys (ConfUtils.java:logGet(43)) - raft.server.log.statemachine.data.caching.enabled = true (custom)
2019-09-26 21:18:44,912 [pool-27-thread-1] INFO  segmented.SegmentedRaftLogWorker (SegmentedRaftLogWorker.java:lambda$new$0(132)) - 9ce0b59e-153f-4f41-8aed-492a76d80b48@group-83AFEAF4418B-SegmentedRaftLogWorker: flushIndex: setUnconditionally 0 -> -1
2019-09-26 21:18:44,912 [pool-27-thread-1] INFO  server.RaftServerConfigKeys (ConfUtils.java:logGet(43)) - raft.server.snapshot.auto.trigger.enabled = true (custom)
2019-09-26 21:18:44,912 [pool-27-thread-1] INFO  server.RaftServerConfigKeys (ConfUtils.java:logGet(43)) - raft.server.snapshot.auto.trigger.threshold = 10000 (custom)
2019-09-26 21:18:44,912 [pool-27-thread-1] INFO  server.RaftServerConfigKeys (ConfUtils.java:logGet(43)) - raft.server.snapshot.retention.num.files = 5 (custom)
2019-09-26 21:18:44,913 [pool-27-thread-1] INFO  server.RaftServerConfigKeys (ConfUtils.java:logGet(43)) - raft.server.retrycache.expirytime = 600000ms (custom)
2019-09-26 21:18:44,915 [pool-27-thread-1] INFO  impl.RaftServerImpl (RaftServerImpl.java:start(185)) - 9ce0b59e-153f-4f41-8aed-492a76d80b48@group-83AFEAF4418B: start as a follower, conf=-1: [9ce0b59e-153f-4f41-8aed-492a76d80b48:192.168.151.99:34156], old=null
2019-09-26 21:18:44,915 [pool-27-thread-1] INFO  impl.RaftServerImpl (RaftServerImpl.java:setRole(174)) - 9ce0b59e-153f-4f41-8aed-492a76d80b48@group-83AFEAF4418B: changes role from      null to FOLLOWER at term 0 for startAsFollower
2019-09-26 21:18:44,915 [pool-27-thread-1] INFO  impl.RoleInfo (RoleInfo.java:updateAndGet(143)) - 9ce0b59e-153f-4f41-8aed-492a76d80b48: start FollowerState
2019-09-26 21:18:44,916 [pool-27-thread-1] INFO  util.JmxRegister (JmxRegister.java:tryRegister(44)) - Successfully registered JMX Bean with object name Ratis:service=RaftServer,group=group-83AFEAF4418B,id=9ce0b59e-153f-4f41-8aed-492a76d80b48
2019-09-26 21:18:44,921 [RatisPipelineUtilsThread] INFO  pipeline.PipelineStateManager (PipelineStateManager.java:addPipeline(56)) - Created pipeline Pipeline[ Id: 9cf730a7-27a3-4128-a9b2-83afeaf4418b, Nodes: 9ce0b59e-153f-4f41-8aed-492a76d80b48{ip: 192.168.151.99, host: pr-hdds-1569-g6sp5-2013761785, networkLocation: /default-rack, certSerialId: null}, Type:RATIS, Factor:ONE, State:OPEN]
2019-09-26 21:18:44,930 [grpc-default-executor-0] INFO  impl.RaftServerProxy (RaftServerProxy.java:addNew(89)) - 09112efe-1fad-4539-a04f-c96aef6d2351: addNew group-D7626F18C85D:[09112efe-1fad-4539-a04f-c96aef6d2351:192.168.151.99:45286] returns group-D7626F18C85D:java.util.concurrent.CompletableFuture@309f1496[Not completed]
2019-09-26 21:18:44,932 [pool-47-thread-1] INFO  impl.RaftServerImpl (RaftServerImpl.java:<init>(95)) - 09112efe-1fad-4539-a04f-c96aef6d2351: new RaftServerImpl for group-D7626F18C85D:[09112efe-1fad-4539-a04f-c96aef6d2351:192.168.151.99:45286] with ContainerStateMachine:uninitialized
2019-09-26 21:18:44,932 [pool-47-thread-1] INFO  server.RaftServerConfigKeys (ConfUtils.java:logGet(43)) - raft.server.rpc.timeout.min = 5s (custom)
2019-09-26 21:18:44,932 [pool-47-thread-1] INFO  server.RaftServerConfigKeys (ConfUtils.java:logGet(43)) - raft.server.rpc.timeout.max = 5200ms (custom)
2019-09-26 21:18:44,932 [pool-47-thread-1] INFO  server.RaftServerConfigKeys (ConfUtils.java:logGet(43)) - raft.server.rpcslowness.timeout = 120s (custom)
2019-09-26 21:18:44,933 [pool-47-thread-1] INFO  server.RaftServerConfigKeys (ConfUtils.java:logGet(43)) - raft.server.sleep.deviation.threshold = 300 (default)
2019-09-26 21:18:44,933 [pool-47-thread-1] INFO  server.RaftServerConfigKeys (ConfUtils.java:logGet(43)) - raft.server.log.appender.install.snapshot.enabled = false (custom)
2019-09-26 21:18:44,933 [pool-47-thread-1] INFO  impl.RaftServerImpl (ServerState.java:<init>(103)) - 09112efe-1fad-4539-a04f-c96aef6d2351@group-D7626F18C85D: ConfigurationManager, init=-1: [09112efe-1fad-4539-a04f-c96aef6d2351:192.168.151.99:45286], old=null, confs=<EMPTY_MAP>
2019-09-26 21:18:44,933 [pool-47-thread-1] INFO  server.RaftServerConfigKeys (ConfUtils.java:logGet(43)) - raft.server.storage.dir = [/workdir/hadoop-ozone/ozonefs/target/test-dir/MiniOzoneClusterImpl-5b64906c-d720-4906-b30c-b6d56a2122fd/datanode-2/data/ratis] (custom)
2019-09-26 21:18:44,934 [pool-47-thread-1] INFO  storage.RaftStorageDirectory (RaftStorageDirectory.java:analyzeStorage(246)) - The storage directory /workdir/hadoop-ozone/ozonefs/target/test-dir/MiniOzoneClusterImpl-5b64906c-d720-4906-b30c-b6d56a2122fd/datanode-2/data/ratis/2beef26b-926d-447a-a398-d7626f18c85d does not exist. Creating ...
2019-09-26 21:18:44,948 [pool-47-thread-1] INFO  storage.RaftStorageDirectory (RaftStorageDirectory.java:tryLock(328)) - Lock on /workdir/hadoop-ozone/ozonefs/target/test-dir/MiniOzoneClusterImpl-5b64906c-d720-4906-b30c-b6d56a2122fd/datanode-2/data/ratis/2beef26b-926d-447a-a398-d7626f18c85d/in_use.lock acquired by nodename 10701@pr-hdds-1569-g6sp5-2013761785
2019-09-26 21:18:44,962 [pool-47-thread-1] INFO  storage.RaftStorage (RaftStorage.java:format(72)) - Storage directory /workdir/hadoop-ozone/ozonefs/target/test-dir/MiniOzoneClusterImpl-5b64906c-d720-4906-b30c-b6d56a2122fd/datanode-2/data/ratis/2beef26b-926d-447a-a398-d7626f18c85d has been successfully formatted.
2019-09-26 21:18:44,962 [pool-47-thread-1] INFO  ratis.ContainerStateMachine (ContainerStateMachine.java:loadSnapshot(230)) - group-D7626F18C85D: The snapshot info is null. Setting the last applied indexto:(t:0, i:~)
2019-09-26 21:18:44,962 [pool-47-thread-1] INFO  server.RaftServerConfigKeys (ConfUtils.java:logGet(43)) - raft.server.notification.no-leader.timeout = 120s (custom)
2019-09-26 21:18:44,962 [pool-47-thread-1] INFO  server.RaftServerConfigKeys (ConfUtils.java:logGet(43)) - raft.server.log.use.memory = false (default)
2019-09-26 21:18:44,963 [pool-47-thread-1] INFO  server.RaftServerConfigKeys (ConfUtils.java:logGet(43)) - raft.server.log.purge.gap = 1000000 (custom)
2019-09-26 21:18:44,963 [pool-47-thread-1] INFO  server.RaftServerConfigKeys (ConfUtils.java:logGet(43)) - raft.server.log.appender.buffer.byte-limit = 33554432 (custom)
2019-09-26 21:18:44,963 [pool-47-thread-1] INFO  server.RaftServerConfigKeys (ConfUtils.java:logGet(43)) - raft.server.log.segment.size.max = 1048576 (custom)
2019-09-26 21:18:44,963 [pool-47-thread-1] INFO  server.RaftServerConfigKeys (ConfUtils.java:logGet(43)) - raft.server.log.segment.cache.num.max = 2 (custom)
2019-09-26 21:18:44,963 [pool-47-thread-1] INFO  segmented.SegmentedRaftLogWorker (SegmentedRaftLogWorker.java:<init>(172)) - new 09112efe-1fad-4539-a04f-c96aef6d2351@group-D7626F18C85D-SegmentedRaftLogWorker for RaftStorage:Storage Directory /workdir/hadoop-ozone/ozonefs/target/test-dir/MiniOzoneClusterImpl-5b64906c-d720-4906-b30c-b6d56a2122fd/datanode-2/data/ratis/2beef26b-926d-447a-a398-d7626f18c85d
2019-09-26 21:18:44,964 [pool-47-thread-1] INFO  server.RaftServerConfigKeys (ConfUtils.java:logGet(43)) - raft.server.log.queue.byte-limit = 2147483647 (custom)
2019-09-26 21:18:44,964 [pool-47-thread-1] INFO  server.RaftServerConfigKeys (ConfUtils.java:logGet(43)) - raft.server.log.queue.element-limit = 1024 (custom)
2019-09-26 21:18:44,964 [pool-47-thread-1] INFO  server.RaftServerConfigKeys (ConfUtils.java:logGet(43)) - raft.server.log.segment.size.max = 1048576 (custom)
2019-09-26 21:18:44,964 [pool-47-thread-1] INFO  server.RaftServerConfigKeys (ConfUtils.java:logGet(43)) - raft.server.log.preallocated.size = 16384 (custom)
2019-09-26 21:18:44,964 [pool-47-thread-1] INFO  server.RaftServerConfigKeys (ConfUtils.java:logGet(43)) - raft.server.log.write.buffer.size = 33554432 (custom)
2019-09-26 21:18:44,964 [pool-47-thread-1] INFO  server.RaftServerConfigKeys (ConfUtils.java:logGet(43)) - raft.server.log.force.sync.num = 128 (default)
2019-09-26 21:18:44,964 [pool-47-thread-1] INFO  server.RaftServerConfigKeys (ConfUtils.java:logGet(43)) - raft.server.log.statemachine.data.sync = true (default)
2019-09-26 21:18:44,965 [pool-47-thread-1] INFO  server.RaftServerConfigKeys (ConfUtils.java:logGet(43)) - raft.server.log.statemachine.data.sync.timeout = 10s (default)
2019-09-26 21:18:44,965 [pool-47-thread-1] INFO  server.RaftServerConfigKeys (ConfUtils.java:logGet(43)) - raft.server.log.statemachine.data.sync.timeout.retry = -1 (default)
2019-09-26 21:18:44,965 [pool-47-thread-1] INFO  server.RaftServerConfigKeys (ConfUtils.java:logGet(43)) - raft.server.log.statemachine.data.caching.enabled = true (custom)
2019-09-26 21:18:44,965 [pool-47-thread-1] INFO  segmented.SegmentedRaftLogWorker (SegmentedRaftLogWorker.java:lambda$new$0(132)) - 09112efe-1fad-4539-a04f-c96aef6d2351@group-D7626F18C85D-SegmentedRaftLogWorker: flushIndex: setUnconditionally 0 -> -1
2019-09-26 21:18:44,966 [pool-47-thread-1] INFO  server.RaftServerConfigKeys (ConfUtils.java:logGet(43)) - raft.server.snapshot.auto.trigger.enabled = true (custom)
2019-09-26 21:18:44,966 [pool-47-thread-1] INFO  server.RaftServerConfigKeys (ConfUtils.java:logGet(43)) - raft.server.snapshot.auto.trigger.threshold = 10000 (custom)
2019-09-26 21:18:44,966 [pool-47-thread-1] INFO  server.RaftServerConfigKeys (ConfUtils.java:logGet(43)) - raft.server.snapshot.retention.num.files = 5 (custom)
2019-09-26 21:18:44,966 [pool-47-thread-1] INFO  server.RaftServerConfigKeys (ConfUtils.java:logGet(43)) - raft.server.retrycache.expirytime = 600000ms (custom)
2019-09-26 21:18:44,970 [pool-47-thread-1] INFO  impl.RaftServerImpl (RaftServerImpl.java:start(185)) - 09112efe-1fad-4539-a04f-c96aef6d2351@group-D7626F18C85D: start as a follower, conf=-1: [09112efe-1fad-4539-a04f-c96aef6d2351:192.168.151.99:45286], old=null
2019-09-26 21:18:44,970 [pool-47-thread-1] INFO  impl.RaftServerImpl (RaftServerImpl.java:setRole(174)) - 09112efe-1fad-4539-a04f-c96aef6d2351@group-D7626F18C85D: changes role from      null to FOLLOWER at term 0 for startAsFollower
2019-09-26 21:18:44,970 [pool-47-thread-1] INFO  impl.RoleInfo (RoleInfo.java:updateAndGet(143)) - 09112efe-1fad-4539-a04f-c96aef6d2351: start FollowerState
2019-09-26 21:18:44,971 [pool-47-thread-1] INFO  util.JmxRegister (JmxRegister.java:tryRegister(44)) - Successfully registered JMX Bean with object name Ratis:service=RaftServer,group=group-D7626F18C85D,id=09112efe-1fad-4539-a04f-c96aef6d2351
2019-09-26 21:18:44,976 [RatisPipelineUtilsThread] INFO  pipeline.PipelineStateManager (PipelineStateManager.java:addPipeline(56)) - Created pipeline Pipeline[ Id: 2beef26b-926d-447a-a398-d7626f18c85d, Nodes: 09112efe-1fad-4539-a04f-c96aef6d2351{ip: 192.168.151.99, host: pr-hdds-1569-g6sp5-2013761785, networkLocation: /default-rack, certSerialId: null}, Type:RATIS, Factor:ONE, State:OPEN]
2019-09-26 21:18:44,985 [grpc-default-executor-0] INFO  impl.RaftServerProxy (RaftServerProxy.java:addNew(89)) - 0c640f50-2bc9-49b6-b785-a27e3116e6ba: addNew group-ABA237714CB3:[0c640f50-2bc9-49b6-b785-a27e3116e6ba:192.168.151.99:42361] returns group-ABA237714CB3:java.util.concurrent.CompletableFuture@5a3f459b[Not completed]
2019-09-26 21:18:44,987 [pool-57-thread-1] INFO  impl.RaftServerImpl (RaftServerImpl.java:<init>(95)) - 0c640f50-2bc9-49b6-b785-a27e3116e6ba: new RaftServerImpl for group-ABA237714CB3:[0c640f50-2bc9-49b6-b785-a27e3116e6ba:192.168.151.99:42361] with ContainerStateMachine:uninitialized
2019-09-26 21:18:44,987 [pool-57-thread-1] INFO  server.RaftServerConfigKeys (ConfUtils.java:logGet(43)) - raft.server.rpc.timeout.min = 5s (custom)
2019-09-26 21:18:44,987 [pool-57-thread-1] INFO  server.RaftServerConfigKeys (ConfUtils.java:logGet(43)) - raft.server.rpc.timeout.max = 5200ms (custom)
2019-09-26 21:18:44,988 [pool-57-thread-1] INFO  server.RaftServerConfigKeys (ConfUtils.java:logGet(43)) - raft.server.rpcslowness.timeout = 120s (custom)
2019-09-26 21:18:44,988 [pool-57-thread-1] INFO  server.RaftServerConfigKeys (ConfUtils.java:logGet(43)) - raft.server.sleep.deviation.threshold = 300 (default)
2019-09-26 21:18:44,988 [pool-57-thread-1] INFO  server.RaftServerConfigKeys (ConfUtils.java:logGet(43)) - raft.server.log.appender.install.snapshot.enabled = false (custom)
2019-09-26 21:18:44,988 [pool-57-thread-1] INFO  impl.RaftServerImpl (ServerState.java:<init>(103)) - 0c640f50-2bc9-49b6-b785-a27e3116e6ba@group-ABA237714CB3: ConfigurationManager, init=-1: [0c640f50-2bc9-49b6-b785-a27e3116e6ba:192.168.151.99:42361], old=null, confs=<EMPTY_MAP>
2019-09-26 21:18:44,988 [pool-57-thread-1] INFO  server.RaftServerConfigKeys (ConfUtils.java:logGet(43)) - raft.server.storage.dir = [/workdir/hadoop-ozone/ozonefs/target/test-dir/MiniOzoneClusterImpl-5b64906c-d720-4906-b30c-b6d56a2122fd/datanode-3/data/ratis] (custom)
2019-09-26 21:18:44,989 [pool-57-thread-1] INFO  storage.RaftStorageDirectory (RaftStorageDirectory.java:analyzeStorage(246)) - The storage directory /workdir/hadoop-ozone/ozonefs/target/test-dir/MiniOzoneClusterImpl-5b64906c-d720-4906-b30c-b6d56a2122fd/datanode-3/data/ratis/a1c5a05a-6783-4898-a8ba-aba237714cb3 does not exist. Creating ...
2019-09-26 21:18:45,003 [pool-57-thread-1] INFO  storage.RaftStorageDirectory (RaftStorageDirectory.java:tryLock(328)) - Lock on /workdir/hadoop-ozone/ozonefs/target/test-dir/MiniOzoneClusterImpl-5b64906c-d720-4906-b30c-b6d56a2122fd/datanode-3/data/ratis/a1c5a05a-6783-4898-a8ba-aba237714cb3/in_use.lock acquired by nodename 10701@pr-hdds-1569-g6sp5-2013761785
2019-09-26 21:18:45,016 [pool-57-thread-1] INFO  storage.RaftStorage (RaftStorage.java:format(72)) - Storage directory /workdir/hadoop-ozone/ozonefs/target/test-dir/MiniOzoneClusterImpl-5b64906c-d720-4906-b30c-b6d56a2122fd/datanode-3/data/ratis/a1c5a05a-6783-4898-a8ba-aba237714cb3 has been successfully formatted.
2019-09-26 21:18:45,017 [pool-57-thread-1] INFO  ratis.ContainerStateMachine (ContainerStateMachine.java:loadSnapshot(230)) - group-ABA237714CB3: The snapshot info is null. Setting the last applied indexto:(t:0, i:~)
2019-09-26 21:18:45,017 [pool-57-thread-1] INFO  server.RaftServerConfigKeys (ConfUtils.java:logGet(43)) - raft.server.notification.no-leader.timeout = 120s (custom)
2019-09-26 21:18:45,017 [pool-57-thread-1] INFO  server.RaftServerConfigKeys (ConfUtils.java:logGet(43)) - raft.server.log.use.memory = false (default)
2019-09-26 21:18:45,017 [pool-57-thread-1] INFO  server.RaftServerConfigKeys (ConfUtils.java:logGet(43)) - raft.server.log.purge.gap = 1000000 (custom)
2019-09-26 21:18:45,018 [pool-57-thread-1] INFO  server.RaftServerConfigKeys (ConfUtils.java:logGet(43)) - raft.server.log.appender.buffer.byte-limit = 33554432 (custom)
2019-09-26 21:18:45,018 [pool-57-thread-1] INFO  server.RaftServerConfigKeys (ConfUtils.java:logGet(43)) - raft.server.log.segment.size.max = 1048576 (custom)
2019-09-26 21:18:45,018 [pool-57-thread-1] INFO  server.RaftServerConfigKeys (ConfUtils.java:logGet(43)) - raft.server.log.segment.cache.num.max = 2 (custom)
2019-09-26 21:18:45,018 [pool-57-thread-1] INFO  segmented.SegmentedRaftLogWorker (SegmentedRaftLogWorker.java:<init>(172)) - new 0c640f50-2bc9-49b6-b785-a27e3116e6ba@group-ABA237714CB3-SegmentedRaftLogWorker for RaftStorage:Storage Directory /workdir/hadoop-ozone/ozonefs/target/test-dir/MiniOzoneClusterImpl-5b64906c-d720-4906-b30c-b6d56a2122fd/datanode-3/data/ratis/a1c5a05a-6783-4898-a8ba-aba237714cb3
2019-09-26 21:18:45,018 [pool-57-thread-1] INFO  server.RaftServerConfigKeys (ConfUtils.java:logGet(43)) - raft.server.log.queue.byte-limit = 2147483647 (custom)
2019-09-26 21:18:45,019 [pool-57-thread-1] INFO  server.RaftServerConfigKeys (ConfUtils.java:logGet(43)) - raft.server.log.queue.element-limit = 1024 (custom)
2019-09-26 21:18:45,019 [pool-57-thread-1] INFO  server.RaftServerConfigKeys (ConfUtils.java:logGet(43)) - raft.server.log.segment.size.max = 1048576 (custom)
2019-09-26 21:18:45,019 [pool-57-thread-1] INFO  server.RaftServerConfigKeys (ConfUtils.java:logGet(43)) - raft.server.log.preallocated.size = 16384 (custom)
2019-09-26 21:18:45,019 [pool-57-thread-1] INFO  server.RaftServerConfigKeys (ConfUtils.java:logGet(43)) - raft.server.log.write.buffer.size = 33554432 (custom)
2019-09-26 21:18:45,019 [pool-57-thread-1] INFO  server.RaftServerConfigKeys (ConfUtils.java:logGet(43)) - raft.server.log.force.sync.num = 128 (default)
2019-09-26 21:18:45,019 [pool-57-thread-1] INFO  server.RaftServerConfigKeys (ConfUtils.java:logGet(43)) - raft.server.log.statemachine.data.sync = true (default)
2019-09-26 21:18:45,020 [pool-57-thread-1] INFO  server.RaftServerConfigKeys (ConfUtils.java:logGet(43)) - raft.server.log.statemachine.data.sync.timeout = 10s (default)
2019-09-26 21:18:45,020 [pool-57-thread-1] INFO  server.RaftServerConfigKeys (ConfUtils.java:logGet(43)) - raft.server.log.statemachine.data.sync.timeout.retry = -1 (default)
2019-09-26 21:18:45,020 [pool-57-thread-1] INFO  server.RaftServerConfigKeys (ConfUtils.java:logGet(43)) - raft.server.log.statemachine.data.caching.enabled = true (custom)
2019-09-26 21:18:45,020 [pool-57-thread-1] INFO  segmented.SegmentedRaftLogWorker (SegmentedRaftLogWorker.java:lambda$new$0(132)) - 0c640f50-2bc9-49b6-b785-a27e3116e6ba@group-ABA237714CB3-SegmentedRaftLogWorker: flushIndex: setUnconditionally 0 -> -1
2019-09-26 21:18:45,021 [pool-57-thread-1] INFO  server.RaftServerConfigKeys (ConfUtils.java:logGet(43)) - raft.server.snapshot.auto.trigger.enabled = true (custom)
2019-09-26 21:18:45,021 [pool-57-thread-1] INFO  server.RaftServerConfigKeys (ConfUtils.java:logGet(43)) - raft.server.snapshot.auto.trigger.threshold = 10000 (custom)
2019-09-26 21:18:45,021 [pool-57-thread-1] INFO  server.RaftServerConfigKeys (ConfUtils.java:logGet(43)) - raft.server.snapshot.retention.num.files = 5 (custom)
2019-09-26 21:18:45,021 [pool-57-thread-1] INFO  server.RaftServerConfigKeys (ConfUtils.java:logGet(43)) - raft.server.retrycache.expirytime = 600000ms (custom)
2019-09-26 21:18:45,025 [pool-57-thread-1] INFO  impl.RaftServerImpl (RaftServerImpl.java:start(185)) - 0c640f50-2bc9-49b6-b785-a27e3116e6ba@group-ABA237714CB3: start as a follower, conf=-1: [0c640f50-2bc9-49b6-b785-a27e3116e6ba:192.168.151.99:42361], old=null
2019-09-26 21:18:45,025 [pool-57-thread-1] INFO  impl.RaftServerImpl (RaftServerImpl.java:setRole(174)) - 0c640f50-2bc9-49b6-b785-a27e3116e6ba@group-ABA237714CB3: changes role from      null to FOLLOWER at term 0 for startAsFollower
2019-09-26 21:18:45,025 [pool-57-thread-1] INFO  impl.RoleInfo (RoleInfo.java:updateAndGet(143)) - 0c640f50-2bc9-49b6-b785-a27e3116e6ba: start FollowerState
2019-09-26 21:18:45,026 [pool-57-thread-1] INFO  util.JmxRegister (JmxRegister.java:tryRegister(44)) - Successfully registered JMX Bean with object name Ratis:service=RaftServer,group=group-ABA237714CB3,id=0c640f50-2bc9-49b6-b785-a27e3116e6ba
2019-09-26 21:18:45,030 [RatisPipelineUtilsThread] INFO  pipeline.PipelineStateManager (PipelineStateManager.java:addPipeline(56)) - Created pipeline Pipeline[ Id: a1c5a05a-6783-4898-a8ba-aba237714cb3, Nodes: 0c640f50-2bc9-49b6-b785-a27e3116e6ba{ip: 192.168.151.99, host: pr-hdds-1569-g6sp5-2013761785, networkLocation: /default-rack, certSerialId: null}, Type:RATIS, Factor:ONE, State:OPEN]
2019-09-26 21:18:45,040 [grpc-default-executor-0] INFO  impl.RaftServerProxy (RaftServerProxy.java:addNew(89)) - 0c640f50-2bc9-49b6-b785-a27e3116e6ba: addNew group-37D4DA5C93DC:[0c640f50-2bc9-49b6-b785-a27e3116e6ba:192.168.151.99:42361] returns group-37D4DA5C93DC:java.util.concurrent.CompletableFuture@4ed9d670[Not completed]
2019-09-26 21:18:45,041 [pool-57-thread-1] INFO  impl.RaftServerImpl (RaftServerImpl.java:<init>(95)) - 0c640f50-2bc9-49b6-b785-a27e3116e6ba: new RaftServerImpl for group-37D4DA5C93DC:[0c640f50-2bc9-49b6-b785-a27e3116e6ba:192.168.151.99:42361] with ContainerStateMachine:uninitialized
2019-09-26 21:18:45,041 [pool-57-thread-1] INFO  server.RaftServerConfigKeys (ConfUtils.java:logGet(43)) - raft.server.rpc.timeout.min = 5s (custom)
2019-09-26 21:18:45,042 [pool-57-thread-1] INFO  server.RaftServerConfigKeys (ConfUtils.java:logGet(43)) - raft.server.rpc.timeout.max = 5200ms (custom)
2019-09-26 21:18:45,042 [pool-57-thread-1] INFO  server.RaftServerConfigKeys (ConfUtils.java:logGet(43)) - raft.server.rpcslowness.timeout = 120s (custom)
2019-09-26 21:18:45,042 [pool-57-thread-1] INFO  server.RaftServerConfigKeys (ConfUtils.java:logGet(43)) - raft.server.sleep.deviation.threshold = 300 (default)
2019-09-26 21:18:45,042 [pool-57-thread-1] INFO  server.RaftServerConfigKeys (ConfUtils.java:logGet(43)) - raft.server.log.appender.install.snapshot.enabled = false (custom)
2019-09-26 21:18:45,042 [pool-57-thread-1] INFO  impl.RaftServerImpl (ServerState.java:<init>(103)) - 0c640f50-2bc9-49b6-b785-a27e3116e6ba@group-37D4DA5C93DC: ConfigurationManager, init=-1: [0c640f50-2bc9-49b6-b785-a27e3116e6ba:192.168.151.99:42361], old=null, confs=<EMPTY_MAP>
2019-09-26 21:18:45,043 [pool-57-thread-1] INFO  server.RaftServerConfigKeys (ConfUtils.java:logGet(43)) - raft.server.storage.dir = [/workdir/hadoop-ozone/ozonefs/target/test-dir/MiniOzoneClusterImpl-5b64906c-d720-4906-b30c-b6d56a2122fd/datanode-3/data/ratis] (custom)
2019-09-26 21:18:45,043 [pool-57-thread-1] INFO  storage.RaftStorageDirectory (RaftStorageDirectory.java:analyzeStorage(246)) - The storage directory /workdir/hadoop-ozone/ozonefs/target/test-dir/MiniOzoneClusterImpl-5b64906c-d720-4906-b30c-b6d56a2122fd/datanode-3/data/ratis/ef9f5fc6-91f9-41d3-9d1e-37d4da5c93dc does not exist. Creating ...
2019-09-26 21:18:45,056 [pool-57-thread-1] INFO  storage.RaftStorageDirectory (RaftStorageDirectory.java:tryLock(328)) - Lock on /workdir/hadoop-ozone/ozonefs/target/test-dir/MiniOzoneClusterImpl-5b64906c-d720-4906-b30c-b6d56a2122fd/datanode-3/data/ratis/ef9f5fc6-91f9-41d3-9d1e-37d4da5c93dc/in_use.lock acquired by nodename 10701@pr-hdds-1569-g6sp5-2013761785
2019-09-26 21:18:45,077 [pool-57-thread-1] INFO  storage.RaftStorage (RaftStorage.java:format(72)) - Storage directory /workdir/hadoop-ozone/ozonefs/target/test-dir/MiniOzoneClusterImpl-5b64906c-d720-4906-b30c-b6d56a2122fd/datanode-3/data/ratis/ef9f5fc6-91f9-41d3-9d1e-37d4da5c93dc has been successfully formatted.
2019-09-26 21:18:45,078 [pool-57-thread-1] INFO  ratis.ContainerStateMachine (ContainerStateMachine.java:loadSnapshot(230)) - group-37D4DA5C93DC: The snapshot info is null. Setting the last applied indexto:(t:0, i:~)
2019-09-26 21:18:45,078 [pool-57-thread-1] INFO  server.RaftServerConfigKeys (ConfUtils.java:logGet(43)) - raft.server.notification.no-leader.timeout = 120s (custom)
2019-09-26 21:18:45,078 [pool-57-thread-1] INFO  server.RaftServerConfigKeys (ConfUtils.java:logGet(43)) - raft.server.log.use.memory = false (default)
2019-09-26 21:18:45,078 [pool-57-thread-1] INFO  server.RaftServerConfigKeys (ConfUtils.java:logGet(43)) - raft.server.log.purge.gap = 1000000 (custom)
2019-09-26 21:18:45,079 [pool-57-thread-1] INFO  server.RaftServerConfigKeys (ConfUtils.java:logGet(43)) - raft.server.log.appender.buffer.byte-limit = 33554432 (custom)
2019-09-26 21:18:45,079 [pool-57-thread-1] INFO  server.RaftServerConfigKeys (ConfUtils.java:logGet(43)) - raft.server.log.segment.size.max = 1048576 (custom)
2019-09-26 21:18:45,079 [pool-57-thread-1] INFO  server.RaftServerConfigKeys (ConfUtils.java:logGet(43)) - raft.server.log.segment.cache.num.max = 2 (custom)
2019-09-26 21:18:45,079 [pool-57-thread-1] INFO  segmented.SegmentedRaftLogWorker (SegmentedRaftLogWorker.java:<init>(172)) - new 0c640f50-2bc9-49b6-b785-a27e3116e6ba@group-37D4DA5C93DC-SegmentedRaftLogWorker for RaftStorage:Storage Directory /workdir/hadoop-ozone/ozonefs/target/test-dir/MiniOzoneClusterImpl-5b64906c-d720-4906-b30c-b6d56a2122fd/datanode-3/data/ratis/ef9f5fc6-91f9-41d3-9d1e-37d4da5c93dc
2019-09-26 21:18:45,079 [pool-57-thread-1] INFO  server.RaftServerConfigKeys (ConfUtils.java:logGet(43)) - raft.server.log.queue.byte-limit = 2147483647 (custom)
2019-09-26 21:18:45,079 [pool-57-thread-1] INFO  server.RaftServerConfigKeys (ConfUtils.java:logGet(43)) - raft.server.log.queue.element-limit = 1024 (custom)
2019-09-26 21:18:45,080 [pool-57-thread-1] INFO  server.RaftServerConfigKeys (ConfUtils.java:logGet(43)) - raft.server.log.segment.size.max = 1048576 (custom)
2019-09-26 21:18:45,080 [pool-57-thread-1] INFO  server.RaftServerConfigKeys (ConfUtils.java:logGet(43)) - raft.server.log.preallocated.size = 16384 (custom)
2019-09-26 21:18:45,080 [pool-57-thread-1] INFO  server.RaftServerConfigKeys (ConfUtils.java:logGet(43)) - raft.server.log.write.buffer.size = 33554432 (custom)
2019-09-26 21:18:45,080 [pool-57-thread-1] INFO  server.RaftServerConfigKeys (ConfUtils.java:logGet(43)) - raft.server.log.force.sync.num = 128 (default)
2019-09-26 21:18:45,080 [pool-57-thread-1] INFO  server.RaftServerConfigKeys (ConfUtils.java:logGet(43)) - raft.server.log.statemachine.data.sync = true (default)
2019-09-26 21:18:45,080 [pool-57-thread-1] INFO  server.RaftServerConfigKeys (ConfUtils.java:logGet(43)) - raft.server.log.statemachine.data.sync.timeout = 10s (default)
2019-09-26 21:18:45,080 [pool-57-thread-1] INFO  server.RaftServerConfigKeys (ConfUtils.java:logGet(43)) - raft.server.log.statemachine.data.sync.timeout.retry = -1 (default)
2019-09-26 21:18:45,081 [pool-57-thread-1] INFO  server.RaftServerConfigKeys (ConfUtils.java:logGet(43)) - raft.server.log.statemachine.data.caching.enabled = true (custom)
2019-09-26 21:18:45,081 [pool-57-thread-1] INFO  segmented.SegmentedRaftLogWorker (SegmentedRaftLogWorker.java:lambda$new$0(132)) - 0c640f50-2bc9-49b6-b785-a27e3116e6ba@group-37D4DA5C93DC-SegmentedRaftLogWorker: flushIndex: setUnconditionally 0 -> -1
2019-09-26 21:18:45,081 [pool-57-thread-1] INFO  server.RaftServerConfigKeys (ConfUtils.java:logGet(43)) - raft.server.snapshot.auto.trigger.enabled = true (custom)
2019-09-26 21:18:45,082 [pool-57-thread-1] INFO  server.RaftServerConfigKeys (ConfUtils.java:logGet(43)) - raft.server.snapshot.auto.trigger.threshold = 10000 (custom)
2019-09-26 21:18:45,082 [pool-57-thread-1] INFO  server.RaftServerConfigKeys (ConfUtils.java:logGet(43)) - raft.server.snapshot.retention.num.files = 5 (custom)
2019-09-26 21:18:45,082 [pool-57-thread-1] INFO  server.RaftServerConfigKeys (ConfUtils.java:logGet(43)) - raft.server.retrycache.expirytime = 600000ms (custom)
2019-09-26 21:18:45,085 [pool-57-thread-1] INFO  impl.RaftServerImpl (RaftServerImpl.java:start(185)) - 0c640f50-2bc9-49b6-b785-a27e3116e6ba@group-37D4DA5C93DC: start as a follower, conf=-1: [0c640f50-2bc9-49b6-b785-a27e3116e6ba:192.168.151.99:42361], old=null
2019-09-26 21:18:45,085 [pool-57-thread-1] INFO  impl.RaftServerImpl (RaftServerImpl.java:setRole(174)) - 0c640f50-2bc9-49b6-b785-a27e3116e6ba@group-37D4DA5C93DC: changes role from      null to FOLLOWER at term 0 for startAsFollower
2019-09-26 21:18:45,085 [pool-57-thread-1] INFO  impl.RoleInfo (RoleInfo.java:updateAndGet(143)) - 0c640f50-2bc9-49b6-b785-a27e3116e6ba: start FollowerState
2019-09-26 21:18:45,086 [pool-57-thread-1] INFO  util.JmxRegister (JmxRegister.java:tryRegister(44)) - Successfully registered JMX Bean with object name Ratis:service=RaftServer,group=group-37D4DA5C93DC,id=0c640f50-2bc9-49b6-b785-a27e3116e6ba
2019-09-26 21:18:45,090 [RatisPipelineUtilsThread] INFO  pipeline.PipelineStateManager (PipelineStateManager.java:addPipeline(56)) - Created pipeline Pipeline[ Id: ef9f5fc6-91f9-41d3-9d1e-37d4da5c93dc, Nodes: 0c640f50-2bc9-49b6-b785-a27e3116e6ba{ip: 192.168.151.99, host: pr-hdds-1569-g6sp5-2013761785, networkLocation: /default-rack, certSerialId: null}, Type:RATIS, Factor:ONE, State:OPEN]
2019-09-26 21:18:45,099 [grpc-default-executor-0] INFO  impl.RaftServerProxy (RaftServerProxy.java:addNew(89)) - 9ce0b59e-153f-4f41-8aed-492a76d80b48: addNew group-791EE38FE904:[9ce0b59e-153f-4f41-8aed-492a76d80b48:192.168.151.99:34156] returns group-791EE38FE904:java.util.concurrent.CompletableFuture@4d1c8339[Not completed]
2019-09-26 21:18:45,102 [pool-27-thread-1] INFO  impl.RaftServerImpl (RaftServerImpl.java:<init>(95)) - 9ce0b59e-153f-4f41-8aed-492a76d80b48: new RaftServerImpl for group-791EE38FE904:[9ce0b59e-153f-4f41-8aed-492a76d80b48:192.168.151.99:34156] with ContainerStateMachine:uninitialized
2019-09-26 21:18:45,102 [pool-27-thread-1] INFO  server.RaftServerConfigKeys (ConfUtils.java:logGet(43)) - raft.server.rpc.timeout.min = 5s (custom)
2019-09-26 21:18:45,102 [pool-27-thread-1] INFO  server.RaftServerConfigKeys (ConfUtils.java:logGet(43)) - raft.server.rpc.timeout.max = 5200ms (custom)
2019-09-26 21:18:45,102 [pool-27-thread-1] INFO  server.RaftServerConfigKeys (ConfUtils.java:logGet(43)) - raft.server.rpcslowness.timeout = 120s (custom)
2019-09-26 21:18:45,102 [pool-27-thread-1] INFO  server.RaftServerConfigKeys (ConfUtils.java:logGet(43)) - raft.server.sleep.deviation.threshold = 300 (default)
2019-09-26 21:18:45,102 [pool-27-thread-1] INFO  server.RaftServerConfigKeys (ConfUtils.java:logGet(43)) - raft.server.log.appender.install.snapshot.enabled = false (custom)
2019-09-26 21:18:45,103 [pool-27-thread-1] INFO  impl.RaftServerImpl (ServerState.java:<init>(103)) - 9ce0b59e-153f-4f41-8aed-492a76d80b48@group-791EE38FE904: ConfigurationManager, init=-1: [9ce0b59e-153f-4f41-8aed-492a76d80b48:192.168.151.99:34156], old=null, confs=<EMPTY_MAP>
2019-09-26 21:18:45,103 [pool-27-thread-1] INFO  server.RaftServerConfigKeys (ConfUtils.java:logGet(43)) - raft.server.storage.dir = [/workdir/hadoop-ozone/ozonefs/target/test-dir/MiniOzoneClusterImpl-5b64906c-d720-4906-b30c-b6d56a2122fd/datanode-0/data/ratis] (custom)
2019-09-26 21:18:45,103 [pool-27-thread-1] INFO  storage.RaftStorageDirectory (RaftStorageDirectory.java:analyzeStorage(246)) - The storage directory /workdir/hadoop-ozone/ozonefs/target/test-dir/MiniOzoneClusterImpl-5b64906c-d720-4906-b30c-b6d56a2122fd/datanode-0/data/ratis/5c6d9cfb-0c7c-4c17-9030-791ee38fe904 does not exist. Creating ...
2019-09-26 21:18:45,116 [pool-27-thread-1] INFO  storage.RaftStorageDirectory (RaftStorageDirectory.java:tryLock(328)) - Lock on /workdir/hadoop-ozone/ozonefs/target/test-dir/MiniOzoneClusterImpl-5b64906c-d720-4906-b30c-b6d56a2122fd/datanode-0/data/ratis/5c6d9cfb-0c7c-4c17-9030-791ee38fe904/in_use.lock acquired by nodename 10701@pr-hdds-1569-g6sp5-2013761785
2019-09-26 21:18:45,129 [pool-27-thread-1] INFO  storage.RaftStorage (RaftStorage.java:format(72)) - Storage directory /workdir/hadoop-ozone/ozonefs/target/test-dir/MiniOzoneClusterImpl-5b64906c-d720-4906-b30c-b6d56a2122fd/datanode-0/data/ratis/5c6d9cfb-0c7c-4c17-9030-791ee38fe904 has been successfully formatted.
2019-09-26 21:18:45,129 [pool-27-thread-1] INFO  ratis.ContainerStateMachine (ContainerStateMachine.java:loadSnapshot(230)) - group-791EE38FE904: The snapshot info is null. Setting the last applied indexto:(t:0, i:~)
2019-09-26 21:18:45,129 [pool-27-thread-1] INFO  server.RaftServerConfigKeys (ConfUtils.java:logGet(43)) - raft.server.notification.no-leader.timeout = 120s (custom)
2019-09-26 21:18:45,129 [pool-27-thread-1] INFO  server.RaftServerConfigKeys (ConfUtils.java:logGet(43)) - raft.server.log.use.memory = false (default)
2019-09-26 21:18:45,130 [pool-27-thread-1] INFO  server.RaftServerConfigKeys (ConfUtils.java:logGet(43)) - raft.server.log.purge.gap = 1000000 (custom)
2019-09-26 21:18:45,130 [pool-27-thread-1] INFO  server.RaftServerConfigKeys (ConfUtils.java:logGet(43)) - raft.server.log.appender.buffer.byte-limit = 33554432 (custom)
2019-09-26 21:18:45,130 [pool-27-thread-1] INFO  server.RaftServerConfigKeys (ConfUtils.java:logGet(43)) - raft.server.log.segment.size.max = 1048576 (custom)
2019-09-26 21:18:45,130 [pool-27-thread-1] INFO  server.RaftServerConfigKeys (ConfUtils.java:logGet(43)) - raft.server.log.segment.cache.num.max = 2 (custom)
2019-09-26 21:18:45,130 [pool-27-thread-1] INFO  segmented.SegmentedRaftLogWorker (SegmentedRaftLogWorker.java:<init>(172)) - new 9ce0b59e-153f-4f41-8aed-492a76d80b48@group-791EE38FE904-SegmentedRaftLogWorker for RaftStorage:Storage Directory /workdir/hadoop-ozone/ozonefs/target/test-dir/MiniOzoneClusterImpl-5b64906c-d720-4906-b30c-b6d56a2122fd/datanode-0/data/ratis/5c6d9cfb-0c7c-4c17-9030-791ee38fe904
2019-09-26 21:18:45,130 [pool-27-thread-1] INFO  server.RaftServerConfigKeys (ConfUtils.java:logGet(43)) - raft.server.log.queue.byte-limit = 2147483647 (custom)
2019-09-26 21:18:45,130 [pool-27-thread-1] INFO  server.RaftServerConfigKeys (ConfUtils.java:logGet(43)) - raft.server.log.queue.element-limit = 1024 (custom)
2019-09-26 21:18:45,131 [pool-27-thread-1] INFO  server.RaftServerConfigKeys (ConfUtils.java:logGet(43)) - raft.server.log.segment.size.max = 1048576 (custom)
2019-09-26 21:18:45,131 [pool-27-thread-1] INFO  server.RaftServerConfigKeys (ConfUtils.java:logGet(43)) - raft.server.log.preallocated.size = 16384 (custom)
2019-09-26 21:18:45,131 [pool-27-thread-1] INFO  server.RaftServerConfigKeys (ConfUtils.java:logGet(43)) - raft.server.log.write.buffer.size = 33554432 (custom)
2019-09-26 21:18:45,131 [pool-27-thread-1] INFO  server.RaftServerConfigKeys (ConfUtils.java:logGet(43)) - raft.server.log.force.sync.num = 128 (default)
2019-09-26 21:18:45,131 [pool-27-thread-1] INFO  server.RaftServerConfigKeys (ConfUtils.java:logGet(43)) - raft.server.log.statemachine.data.sync = true (default)
2019-09-26 21:18:45,131 [pool-27-thread-1] INFO  server.RaftServerConfigKeys (ConfUtils.java:logGet(43)) - raft.server.log.statemachine.data.sync.timeout = 10s (default)
2019-09-26 21:18:45,131 [pool-27-thread-1] INFO  server.RaftServerConfigKeys (ConfUtils.java:logGet(43)) - raft.server.log.statemachine.data.sync.timeout.retry = -1 (default)
2019-09-26 21:18:45,132 [pool-27-thread-1] INFO  server.RaftServerConfigKeys (ConfUtils.java:logGet(43)) - raft.server.log.statemachine.data.caching.enabled = true (custom)
2019-09-26 21:18:45,132 [pool-27-thread-1] INFO  segmented.SegmentedRaftLogWorker (SegmentedRaftLogWorker.java:lambda$new$0(132)) - 9ce0b59e-153f-4f41-8aed-492a76d80b48@group-791EE38FE904-SegmentedRaftLogWorker: flushIndex: setUnconditionally 0 -> -1
2019-09-26 21:18:45,132 [pool-27-thread-1] INFO  server.RaftServerConfigKeys (ConfUtils.java:logGet(43)) - raft.server.snapshot.auto.trigger.enabled = true (custom)
2019-09-26 21:18:45,132 [pool-27-thread-1] INFO  server.RaftServerConfigKeys (ConfUtils.java:logGet(43)) - raft.server.snapshot.auto.trigger.threshold = 10000 (custom)
2019-09-26 21:18:45,133 [pool-27-thread-1] INFO  server.RaftServerConfigKeys (ConfUtils.java:logGet(43)) - raft.server.snapshot.retention.num.files = 5 (custom)
2019-09-26 21:18:45,133 [pool-27-thread-1] INFO  server.RaftServerConfigKeys (ConfUtils.java:logGet(43)) - raft.server.retrycache.expirytime = 600000ms (custom)
2019-09-26 21:18:45,135 [pool-27-thread-1] INFO  impl.RaftServerImpl (RaftServerImpl.java:start(185)) - 9ce0b59e-153f-4f41-8aed-492a76d80b48@group-791EE38FE904: start as a follower, conf=-1: [9ce0b59e-153f-4f41-8aed-492a76d80b48:192.168.151.99:34156], old=null
2019-09-26 21:18:45,135 [pool-27-thread-1] INFO  impl.RaftServerImpl (RaftServerImpl.java:setRole(174)) - 9ce0b59e-153f-4f41-8aed-492a76d80b48@group-791EE38FE904: changes role from      null to FOLLOWER at term 0 for startAsFollower
2019-09-26 21:18:45,135 [pool-27-thread-1] INFO  impl.RoleInfo (RoleInfo.java:updateAndGet(143)) - 9ce0b59e-153f-4f41-8aed-492a76d80b48: start FollowerState
2019-09-26 21:18:45,136 [pool-27-thread-1] INFO  util.JmxRegister (JmxRegister.java:tryRegister(44)) - Successfully registered JMX Bean with object name Ratis:service=RaftServer,group=group-791EE38FE904,id=9ce0b59e-153f-4f41-8aed-492a76d80b48
2019-09-26 21:18:45,140 [RatisPipelineUtilsThread] INFO  pipeline.PipelineStateManager (PipelineStateManager.java:addPipeline(56)) - Created pipeline Pipeline[ Id: 5c6d9cfb-0c7c-4c17-9030-791ee38fe904, Nodes: 9ce0b59e-153f-4f41-8aed-492a76d80b48{ip: 192.168.151.99, host: pr-hdds-1569-g6sp5-2013761785, networkLocation: /default-rack, certSerialId: null}, Type:RATIS, Factor:ONE, State:OPEN]
2019-09-26 21:18:45,150 [grpc-default-executor-0] INFO  impl.RaftServerProxy (RaftServerProxy.java:addNew(89)) - 0c640f50-2bc9-49b6-b785-a27e3116e6ba: addNew group-9604B13A900B:[0c640f50-2bc9-49b6-b785-a27e3116e6ba:192.168.151.99:42361] returns group-9604B13A900B:java.util.concurrent.CompletableFuture@19c422ff[Not completed]
2019-09-26 21:18:45,151 [pool-57-thread-1] INFO  impl.RaftServerImpl (RaftServerImpl.java:<init>(95)) - 0c640f50-2bc9-49b6-b785-a27e3116e6ba: new RaftServerImpl for group-9604B13A900B:[0c640f50-2bc9-49b6-b785-a27e3116e6ba:192.168.151.99:42361] with ContainerStateMachine:uninitialized
2019-09-26 21:18:45,151 [pool-57-thread-1] INFO  server.RaftServerConfigKeys (ConfUtils.java:logGet(43)) - raft.server.rpc.timeout.min = 5s (custom)
2019-09-26 21:18:45,152 [pool-57-thread-1] INFO  server.RaftServerConfigKeys (ConfUtils.java:logGet(43)) - raft.server.rpc.timeout.max = 5200ms (custom)
2019-09-26 21:18:45,152 [pool-57-thread-1] INFO  server.RaftServerConfigKeys (ConfUtils.java:logGet(43)) - raft.server.rpcslowness.timeout = 120s (custom)
2019-09-26 21:18:45,152 [pool-57-thread-1] INFO  server.RaftServerConfigKeys (ConfUtils.java:logGet(43)) - raft.server.sleep.deviation.threshold = 300 (default)
2019-09-26 21:18:45,152 [pool-57-thread-1] INFO  server.RaftServerConfigKeys (ConfUtils.java:logGet(43)) - raft.server.log.appender.install.snapshot.enabled = false (custom)
2019-09-26 21:18:45,152 [pool-57-thread-1] INFO  impl.RaftServerImpl (ServerState.java:<init>(103)) - 0c640f50-2bc9-49b6-b785-a27e3116e6ba@group-9604B13A900B: ConfigurationManager, init=-1: [0c640f50-2bc9-49b6-b785-a27e3116e6ba:192.168.151.99:42361], old=null, confs=<EMPTY_MAP>
2019-09-26 21:18:45,152 [pool-57-thread-1] INFO  server.RaftServerConfigKeys (ConfUtils.java:logGet(43)) - raft.server.storage.dir = [/workdir/hadoop-ozone/ozonefs/target/test-dir/MiniOzoneClusterImpl-5b64906c-d720-4906-b30c-b6d56a2122fd/datanode-3/data/ratis] (custom)
2019-09-26 21:18:45,153 [pool-57-thread-1] INFO  storage.RaftStorageDirectory (RaftStorageDirectory.java:analyzeStorage(246)) - The storage directory /workdir/hadoop-ozone/ozonefs/target/test-dir/MiniOzoneClusterImpl-5b64906c-d720-4906-b30c-b6d56a2122fd/datanode-3/data/ratis/cc430b27-81e7-425b-98f3-9604b13a900b does not exist. Creating ...
2019-09-26 21:18:45,166 [pool-57-thread-1] INFO  storage.RaftStorageDirectory (RaftStorageDirectory.java:tryLock(328)) - Lock on /workdir/hadoop-ozone/ozonefs/target/test-dir/MiniOzoneClusterImpl-5b64906c-d720-4906-b30c-b6d56a2122fd/datanode-3/data/ratis/cc430b27-81e7-425b-98f3-9604b13a900b/in_use.lock acquired by nodename 10701@pr-hdds-1569-g6sp5-2013761785
2019-09-26 21:18:45,179 [pool-57-thread-1] INFO  storage.RaftStorage (RaftStorage.java:format(72)) - Storage directory /workdir/hadoop-ozone/ozonefs/target/test-dir/MiniOzoneClusterImpl-5b64906c-d720-4906-b30c-b6d56a2122fd/datanode-3/data/ratis/cc430b27-81e7-425b-98f3-9604b13a900b has been successfully formatted.
2019-09-26 21:18:45,180 [pool-57-thread-1] INFO  ratis.ContainerStateMachine (ContainerStateMachine.java:loadSnapshot(230)) - group-9604B13A900B: The snapshot info is null. Setting the last applied indexto:(t:0, i:~)
2019-09-26 21:18:45,180 [pool-57-thread-1] INFO  server.RaftServerConfigKeys (ConfUtils.java:logGet(43)) - raft.server.notification.no-leader.timeout = 120s (custom)
2019-09-26 21:18:45,180 [pool-57-thread-1] INFO  server.RaftServerConfigKeys (ConfUtils.java:logGet(43)) - raft.server.log.use.memory = false (default)
2019-09-26 21:18:45,180 [pool-57-thread-1] INFO  server.RaftServerConfigKeys (ConfUtils.java:logGet(43)) - raft.server.log.purge.gap = 1000000 (custom)
2019-09-26 21:18:45,180 [pool-57-thread-1] INFO  server.RaftServerConfigKeys (ConfUtils.java:logGet(43)) - raft.server.log.appender.buffer.byte-limit = 33554432 (custom)
2019-09-26 21:18:45,180 [pool-57-thread-1] INFO  server.RaftServerConfigKeys (ConfUtils.java:logGet(43)) - raft.server.log.segment.size.max = 1048576 (custom)
2019-09-26 21:18:45,181 [pool-57-thread-1] INFO  server.RaftServerConfigKeys (ConfUtils.java:logGet(43)) - raft.server.log.segment.cache.num.max = 2 (custom)
2019-09-26 21:18:45,181 [pool-57-thread-1] INFO  segmented.SegmentedRaftLogWorker (SegmentedRaftLogWorker.java:<init>(172)) - new 0c640f50-2bc9-49b6-b785-a27e3116e6ba@group-9604B13A900B-SegmentedRaftLogWorker for RaftStorage:Storage Directory /workdir/hadoop-ozone/ozonefs/target/test-dir/MiniOzoneClusterImpl-5b64906c-d720-4906-b30c-b6d56a2122fd/datanode-3/data/ratis/cc430b27-81e7-425b-98f3-9604b13a900b
2019-09-26 21:18:45,181 [pool-57-thread-1] INFO  server.RaftServerConfigKeys (ConfUtils.java:logGet(43)) - raft.server.log.queue.byte-limit = 2147483647 (custom)
2019-09-26 21:18:45,181 [pool-57-thread-1] INFO  server.RaftServerConfigKeys (ConfUtils.java:logGet(43)) - raft.server.log.queue.element-limit = 1024 (custom)
2019-09-26 21:18:45,181 [pool-57-thread-1] INFO  server.RaftServerConfigKeys (ConfUtils.java:logGet(43)) - raft.server.log.segment.size.max = 1048576 (custom)
2019-09-26 21:18:45,182 [pool-57-thread-1] INFO  server.RaftServerConfigKeys (ConfUtils.java:logGet(43)) - raft.server.log.preallocated.size = 16384 (custom)
2019-09-26 21:18:45,182 [pool-57-thread-1] INFO  server.RaftServerConfigKeys (ConfUtils.java:logGet(43)) - raft.server.log.write.buffer.size = 33554432 (custom)
2019-09-26 21:18:45,182 [pool-57-thread-1] INFO  server.RaftServerConfigKeys (ConfUtils.java:logGet(43)) - raft.server.log.force.sync.num = 128 (default)
2019-09-26 21:18:45,182 [pool-57-thread-1] INFO  server.RaftServerConfigKeys (ConfUtils.java:logGet(43)) - raft.server.log.statemachine.data.sync = true (default)
2019-09-26 21:18:45,182 [pool-57-thread-1] INFO  server.RaftServerConfigKeys (ConfUtils.java:logGet(43)) - raft.server.log.statemachine.data.sync.timeout = 10s (default)
2019-09-26 21:18:45,182 [pool-57-thread-1] INFO  server.RaftServerConfigKeys (ConfUtils.java:logGet(43)) - raft.server.log.statemachine.data.sync.timeout.retry = -1 (default)
2019-09-26 21:18:45,183 [pool-57-thread-1] INFO  server.RaftServerConfigKeys (ConfUtils.java:logGet(43)) - raft.server.log.statemachine.data.caching.enabled = true (custom)
2019-09-26 21:18:45,183 [pool-57-thread-1] INFO  segmented.SegmentedRaftLogWorker (SegmentedRaftLogWorker.java:lambda$new$0(132)) - 0c640f50-2bc9-49b6-b785-a27e3116e6ba@group-9604B13A900B-SegmentedRaftLogWorker: flushIndex: setUnconditionally 0 -> -1
2019-09-26 21:18:45,183 [pool-57-thread-1] INFO  server.RaftServerConfigKeys (ConfUtils.java:logGet(43)) - raft.server.snapshot.auto.trigger.enabled = true (custom)
2019-09-26 21:18:45,184 [pool-57-thread-1] INFO  server.RaftServerConfigKeys (ConfUtils.java:logGet(43)) - raft.server.snapshot.auto.trigger.threshold = 10000 (custom)
2019-09-26 21:18:45,184 [pool-57-thread-1] INFO  server.RaftServerConfigKeys (ConfUtils.java:logGet(43)) - raft.server.snapshot.retention.num.files = 5 (custom)
2019-09-26 21:18:45,184 [pool-57-thread-1] INFO  server.RaftServerConfigKeys (ConfUtils.java:logGet(43)) - raft.server.retrycache.expirytime = 600000ms (custom)
2019-09-26 21:18:45,187 [pool-57-thread-1] INFO  impl.RaftServerImpl (RaftServerImpl.java:start(185)) - 0c640f50-2bc9-49b6-b785-a27e3116e6ba@group-9604B13A900B: start as a follower, conf=-1: [0c640f50-2bc9-49b6-b785-a27e3116e6ba:192.168.151.99:42361], old=null
2019-09-26 21:18:45,187 [pool-57-thread-1] INFO  impl.RaftServerImpl (RaftServerImpl.java:setRole(174)) - 0c640f50-2bc9-49b6-b785-a27e3116e6ba@group-9604B13A900B: changes role from      null to FOLLOWER at term 0 for startAsFollower
2019-09-26 21:18:45,187 [pool-57-thread-1] INFO  impl.RoleInfo (RoleInfo.java:updateAndGet(143)) - 0c640f50-2bc9-49b6-b785-a27e3116e6ba: start FollowerState
2019-09-26 21:18:45,188 [pool-57-thread-1] INFO  util.JmxRegister (JmxRegister.java:tryRegister(44)) - Successfully registered JMX Bean with object name Ratis:service=RaftServer,group=group-9604B13A900B,id=0c640f50-2bc9-49b6-b785-a27e3116e6ba
2019-09-26 21:18:45,193 [RatisPipelineUtilsThread] INFO  pipeline.PipelineStateManager (PipelineStateManager.java:addPipeline(56)) - Created pipeline Pipeline[ Id: cc430b27-81e7-425b-98f3-9604b13a900b, Nodes: 0c640f50-2bc9-49b6-b785-a27e3116e6ba{ip: 192.168.151.99, host: pr-hdds-1569-g6sp5-2013761785, networkLocation: /default-rack, certSerialId: null}, Type:RATIS, Factor:ONE, State:OPEN]
2019-09-26 21:18:45,204 [grpc-default-executor-0] INFO  impl.RaftServerProxy (RaftServerProxy.java:addNew(89)) - 1178c3ae-d0b4-4d44-b144-fe8504cc41ac: addNew group-D30E117B69DE:[1178c3ae-d0b4-4d44-b144-fe8504cc41ac:192.168.151.99:33787] returns group-D30E117B69DE:java.util.concurrent.CompletableFuture@25569560[Not completed]
2019-09-26 21:18:45,206 [pool-37-thread-1] INFO  impl.RaftServerImpl (RaftServerImpl.java:<init>(95)) - 1178c3ae-d0b4-4d44-b144-fe8504cc41ac: new RaftServerImpl for group-D30E117B69DE:[1178c3ae-d0b4-4d44-b144-fe8504cc41ac:192.168.151.99:33787] with ContainerStateMachine:uninitialized
2019-09-26 21:18:45,206 [pool-37-thread-1] INFO  server.RaftServerConfigKeys (ConfUtils.java:logGet(43)) - raft.server.rpc.timeout.min = 5s (custom)
2019-09-26 21:18:45,207 [pool-37-thread-1] INFO  server.RaftServerConfigKeys (ConfUtils.java:logGet(43)) - raft.server.rpc.timeout.max = 5200ms (custom)
2019-09-26 21:18:45,207 [pool-37-thread-1] INFO  server.RaftServerConfigKeys (ConfUtils.java:logGet(43)) - raft.server.rpcslowness.timeout = 120s (custom)
2019-09-26 21:18:45,207 [pool-37-thread-1] INFO  server.RaftServerConfigKeys (ConfUtils.java:logGet(43)) - raft.server.sleep.deviation.threshold = 300 (default)
2019-09-26 21:18:45,207 [pool-37-thread-1] INFO  server.RaftServerConfigKeys (ConfUtils.java:logGet(43)) - raft.server.log.appender.install.snapshot.enabled = false (custom)
2019-09-26 21:18:45,207 [pool-37-thread-1] INFO  impl.RaftServerImpl (ServerState.java:<init>(103)) - 1178c3ae-d0b4-4d44-b144-fe8504cc41ac@group-D30E117B69DE: ConfigurationManager, init=-1: [1178c3ae-d0b4-4d44-b144-fe8504cc41ac:192.168.151.99:33787], old=null, confs=<EMPTY_MAP>
2019-09-26 21:18:45,207 [pool-37-thread-1] INFO  server.RaftServerConfigKeys (ConfUtils.java:logGet(43)) - raft.server.storage.dir = [/workdir/hadoop-ozone/ozonefs/target/test-dir/MiniOzoneClusterImpl-5b64906c-d720-4906-b30c-b6d56a2122fd/datanode-1/data/ratis] (custom)
2019-09-26 21:18:45,208 [pool-37-thread-1] INFO  storage.RaftStorageDirectory (RaftStorageDirectory.java:analyzeStorage(246)) - The storage directory /workdir/hadoop-ozone/ozonefs/target/test-dir/MiniOzoneClusterImpl-5b64906c-d720-4906-b30c-b6d56a2122fd/datanode-1/data/ratis/7213e522-0a12-414e-9d3e-d30e117b69de does not exist. Creating ...
2019-09-26 21:18:45,221 [pool-37-thread-1] INFO  storage.RaftStorageDirectory (RaftStorageDirectory.java:tryLock(328)) - Lock on /workdir/hadoop-ozone/ozonefs/target/test-dir/MiniOzoneClusterImpl-5b64906c-d720-4906-b30c-b6d56a2122fd/datanode-1/data/ratis/7213e522-0a12-414e-9d3e-d30e117b69de/in_use.lock acquired by nodename 10701@pr-hdds-1569-g6sp5-2013761785
2019-09-26 21:18:45,234 [pool-37-thread-1] INFO  storage.RaftStorage (RaftStorage.java:format(72)) - Storage directory /workdir/hadoop-ozone/ozonefs/target/test-dir/MiniOzoneClusterImpl-5b64906c-d720-4906-b30c-b6d56a2122fd/datanode-1/data/ratis/7213e522-0a12-414e-9d3e-d30e117b69de has been successfully formatted.
2019-09-26 21:18:45,235 [pool-37-thread-1] INFO  ratis.ContainerStateMachine (ContainerStateMachine.java:loadSnapshot(230)) - group-D30E117B69DE: The snapshot info is null. Setting the last applied indexto:(t:0, i:~)
2019-09-26 21:18:45,235 [pool-37-thread-1] INFO  server.RaftServerConfigKeys (ConfUtils.java:logGet(43)) - raft.server.notification.no-leader.timeout = 120s (custom)
2019-09-26 21:18:45,235 [pool-37-thread-1] INFO  server.RaftServerConfigKeys (ConfUtils.java:logGet(43)) - raft.server.log.use.memory = false (default)
2019-09-26 21:18:45,235 [pool-37-thread-1] INFO  server.RaftServerConfigKeys (ConfUtils.java:logGet(43)) - raft.server.log.purge.gap = 1000000 (custom)
2019-09-26 21:18:45,235 [pool-37-thread-1] INFO  server.RaftServerConfigKeys (ConfUtils.java:logGet(43)) - raft.server.log.appender.buffer.byte-limit = 33554432 (custom)
2019-09-26 21:18:45,236 [pool-37-thread-1] INFO  server.RaftServerConfigKeys (ConfUtils.java:logGet(43)) - raft.server.log.segment.size.max = 1048576 (custom)
2019-09-26 21:18:45,236 [pool-37-thread-1] INFO  server.RaftServerConfigKeys (ConfUtils.java:logGet(43)) - raft.server.log.segment.cache.num.max = 2 (custom)
2019-09-26 21:18:45,236 [pool-37-thread-1] INFO  segmented.SegmentedRaftLogWorker (SegmentedRaftLogWorker.java:<init>(172)) - new 1178c3ae-d0b4-4d44-b144-fe8504cc41ac@group-D30E117B69DE-SegmentedRaftLogWorker for RaftStorage:Storage Directory /workdir/hadoop-ozone/ozonefs/target/test-dir/MiniOzoneClusterImpl-5b64906c-d720-4906-b30c-b6d56a2122fd/datanode-1/data/ratis/7213e522-0a12-414e-9d3e-d30e117b69de
2019-09-26 21:18:45,236 [pool-37-thread-1] INFO  server.RaftServerConfigKeys (ConfUtils.java:logGet(43)) - raft.server.log.queue.byte-limit = 2147483647 (custom)
2019-09-26 21:18:45,236 [pool-37-thread-1] INFO  server.RaftServerConfigKeys (ConfUtils.java:logGet(43)) - raft.server.log.queue.element-limit = 1024 (custom)
2019-09-26 21:18:45,237 [pool-37-thread-1] INFO  server.RaftServerConfigKeys (ConfUtils.java:logGet(43)) - raft.server.log.segment.size.max = 1048576 (custom)
2019-09-26 21:18:45,237 [pool-37-thread-1] INFO  server.RaftServerConfigKeys (ConfUtils.java:logGet(43)) - raft.server.log.preallocated.size = 16384 (custom)
2019-09-26 21:18:45,237 [pool-37-thread-1] INFO  server.RaftServerConfigKeys (ConfUtils.java:logGet(43)) - raft.server.log.write.buffer.size = 33554432 (custom)
2019-09-26 21:18:45,237 [pool-37-thread-1] INFO  server.RaftServerConfigKeys (ConfUtils.java:logGet(43)) - raft.server.log.force.sync.num = 128 (default)
2019-09-26 21:18:45,237 [pool-37-thread-1] INFO  server.RaftServerConfigKeys (ConfUtils.java:logGet(43)) - raft.server.log.statemachine.data.sync = true (default)
2019-09-26 21:18:45,237 [pool-37-thread-1] INFO  server.RaftServerConfigKeys (ConfUtils.java:logGet(43)) - raft.server.log.statemachine.data.sync.timeout = 10s (default)
2019-09-26 21:18:45,238 [pool-37-thread-1] INFO  server.RaftServerConfigKeys (ConfUtils.java:logGet(43)) - raft.server.log.statemachine.data.sync.timeout.retry = -1 (default)
2019-09-26 21:18:45,238 [pool-37-thread-1] INFO  server.RaftServerConfigKeys (ConfUtils.java:logGet(43)) - raft.server.log.statemachine.data.caching.enabled = true (custom)
2019-09-26 21:18:45,238 [pool-37-thread-1] INFO  segmented.SegmentedRaftLogWorker (SegmentedRaftLogWorker.java:lambda$new$0(132)) - 1178c3ae-d0b4-4d44-b144-fe8504cc41ac@group-D30E117B69DE-SegmentedRaftLogWorker: flushIndex: setUnconditionally 0 -> -1
2019-09-26 21:18:45,239 [pool-37-thread-1] INFO  server.RaftServerConfigKeys (ConfUtils.java:logGet(43)) - raft.server.snapshot.auto.trigger.enabled = true (custom)
2019-09-26 21:18:45,239 [pool-37-thread-1] INFO  server.RaftServerConfigKeys (ConfUtils.java:logGet(43)) - raft.server.snapshot.auto.trigger.threshold = 10000 (custom)
2019-09-26 21:18:45,239 [pool-37-thread-1] INFO  server.RaftServerConfigKeys (ConfUtils.java:logGet(43)) - raft.server.snapshot.retention.num.files = 5 (custom)
2019-09-26 21:18:45,239 [pool-37-thread-1] INFO  server.RaftServerConfigKeys (ConfUtils.java:logGet(43)) - raft.server.retrycache.expirytime = 600000ms (custom)
2019-09-26 21:18:45,242 [pool-37-thread-1] INFO  impl.RaftServerImpl (RaftServerImpl.java:start(185)) - 1178c3ae-d0b4-4d44-b144-fe8504cc41ac@group-D30E117B69DE: start as a follower, conf=-1: [1178c3ae-d0b4-4d44-b144-fe8504cc41ac:192.168.151.99:33787], old=null
2019-09-26 21:18:45,243 [pool-37-thread-1] INFO  impl.RaftServerImpl (RaftServerImpl.java:setRole(174)) - 1178c3ae-d0b4-4d44-b144-fe8504cc41ac@group-D30E117B69DE: changes role from      null to FOLLOWER at term 0 for startAsFollower
2019-09-26 21:18:45,243 [pool-37-thread-1] INFO  impl.RoleInfo (RoleInfo.java:updateAndGet(143)) - 1178c3ae-d0b4-4d44-b144-fe8504cc41ac: start FollowerState
2019-09-26 21:18:45,243 [pool-37-thread-1] INFO  util.JmxRegister (JmxRegister.java:tryRegister(44)) - Successfully registered JMX Bean with object name Ratis:service=RaftServer,group=group-D30E117B69DE,id=1178c3ae-d0b4-4d44-b144-fe8504cc41ac
2019-09-26 21:18:45,248 [RatisPipelineUtilsThread] INFO  pipeline.PipelineStateManager (PipelineStateManager.java:addPipeline(56)) - Created pipeline Pipeline[ Id: 7213e522-0a12-414e-9d3e-d30e117b69de, Nodes: 1178c3ae-d0b4-4d44-b144-fe8504cc41ac{ip: 192.168.151.99, host: pr-hdds-1569-g6sp5-2013761785, networkLocation: /default-rack, certSerialId: null}, Type:RATIS, Factor:ONE, State:OPEN]
2019-09-26 21:18:45,261 [grpc-default-executor-0] INFO  impl.RaftServerProxy (RaftServerProxy.java:addNew(89)) - 1178c3ae-d0b4-4d44-b144-fe8504cc41ac: addNew group-0B182C829E67:[1178c3ae-d0b4-4d44-b144-fe8504cc41ac:192.168.151.99:33787] returns group-0B182C829E67:java.util.concurrent.CompletableFuture@74152de1[Not completed]
2019-09-26 21:18:45,262 [pool-37-thread-1] INFO  impl.RaftServerImpl (RaftServerImpl.java:<init>(95)) - 1178c3ae-d0b4-4d44-b144-fe8504cc41ac: new RaftServerImpl for group-0B182C829E67:[1178c3ae-d0b4-4d44-b144-fe8504cc41ac:192.168.151.99:33787] with ContainerStateMachine:uninitialized
2019-09-26 21:18:45,262 [pool-37-thread-1] INFO  server.RaftServerConfigKeys (ConfUtils.java:logGet(43)) - raft.server.rpc.timeout.min = 5s (custom)
2019-09-26 21:18:45,262 [pool-37-thread-1] INFO  server.RaftServerConfigKeys (ConfUtils.java:logGet(43)) - raft.server.rpc.timeout.max = 5200ms (custom)
2019-09-26 21:18:45,262 [pool-37-thread-1] INFO  server.RaftServerConfigKeys (ConfUtils.java:logGet(43)) - raft.server.rpcslowness.timeout = 120s (custom)
2019-09-26 21:18:45,263 [pool-37-thread-1] INFO  server.RaftServerConfigKeys (ConfUtils.java:logGet(43)) - raft.server.sleep.deviation.threshold = 300 (default)
2019-09-26 21:18:45,263 [pool-37-thread-1] INFO  server.RaftServerConfigKeys (ConfUtils.java:logGet(43)) - raft.server.log.appender.install.snapshot.enabled = false (custom)
2019-09-26 21:18:45,263 [pool-37-thread-1] INFO  impl.RaftServerImpl (ServerState.java:<init>(103)) - 1178c3ae-d0b4-4d44-b144-fe8504cc41ac@group-0B182C829E67: ConfigurationManager, init=-1: [1178c3ae-d0b4-4d44-b144-fe8504cc41ac:192.168.151.99:33787], old=null, confs=<EMPTY_MAP>
2019-09-26 21:18:45,263 [pool-37-thread-1] INFO  server.RaftServerConfigKeys (ConfUtils.java:logGet(43)) - raft.server.storage.dir = [/workdir/hadoop-ozone/ozonefs/target/test-dir/MiniOzoneClusterImpl-5b64906c-d720-4906-b30c-b6d56a2122fd/datanode-1/data/ratis] (custom)
2019-09-26 21:18:45,263 [pool-37-thread-1] INFO  storage.RaftStorageDirectory (RaftStorageDirectory.java:analyzeStorage(246)) - The storage directory /workdir/hadoop-ozone/ozonefs/target/test-dir/MiniOzoneClusterImpl-5b64906c-d720-4906-b30c-b6d56a2122fd/datanode-1/data/ratis/3b004ab4-3302-4a57-9c32-0b182c829e67 does not exist. Creating ...
2019-09-26 21:18:45,276 [pool-37-thread-1] INFO  storage.RaftStorageDirectory (RaftStorageDirectory.java:tryLock(328)) - Lock on /workdir/hadoop-ozone/ozonefs/target/test-dir/MiniOzoneClusterImpl-5b64906c-d720-4906-b30c-b6d56a2122fd/datanode-1/data/ratis/3b004ab4-3302-4a57-9c32-0b182c829e67/in_use.lock acquired by nodename 10701@pr-hdds-1569-g6sp5-2013761785
2019-09-26 21:18:45,289 [pool-37-thread-1] INFO  storage.RaftStorage (RaftStorage.java:format(72)) - Storage directory /workdir/hadoop-ozone/ozonefs/target/test-dir/MiniOzoneClusterImpl-5b64906c-d720-4906-b30c-b6d56a2122fd/datanode-1/data/ratis/3b004ab4-3302-4a57-9c32-0b182c829e67 has been successfully formatted.
2019-09-26 21:18:45,290 [pool-37-thread-1] INFO  ratis.ContainerStateMachine (ContainerStateMachine.java:loadSnapshot(230)) - group-0B182C829E67: The snapshot info is null. Setting the last applied indexto:(t:0, i:~)
2019-09-26 21:18:45,290 [pool-37-thread-1] INFO  server.RaftServerConfigKeys (ConfUtils.java:logGet(43)) - raft.server.notification.no-leader.timeout = 120s (custom)
2019-09-26 21:18:45,290 [pool-37-thread-1] INFO  server.RaftServerConfigKeys (ConfUtils.java:logGet(43)) - raft.server.log.use.memory = false (default)
2019-09-26 21:18:45,290 [pool-37-thread-1] INFO  server.RaftServerConfigKeys (ConfUtils.java:logGet(43)) - raft.server.log.purge.gap = 1000000 (custom)
2019-09-26 21:18:45,290 [pool-37-thread-1] INFO  server.RaftServerConfigKeys (ConfUtils.java:logGet(43)) - raft.server.log.appender.buffer.byte-limit = 33554432 (custom)
2019-09-26 21:18:45,290 [pool-37-thread-1] INFO  server.RaftServerConfigKeys (ConfUtils.java:logGet(43)) - raft.server.log.segment.size.max = 1048576 (custom)
2019-09-26 21:18:45,291 [pool-37-thread-1] INFO  server.RaftServerConfigKeys (ConfUtils.java:logGet(43)) - raft.server.log.segment.cache.num.max = 2 (custom)
2019-09-26 21:18:45,291 [pool-37-thread-1] INFO  segmented.SegmentedRaftLogWorker (SegmentedRaftLogWorker.java:<init>(172)) - new 1178c3ae-d0b4-4d44-b144-fe8504cc41ac@group-0B182C829E67-SegmentedRaftLogWorker for RaftStorage:Storage Directory /workdir/hadoop-ozone/ozonefs/target/test-dir/MiniOzoneClusterImpl-5b64906c-d720-4906-b30c-b6d56a2122fd/datanode-1/data/ratis/3b004ab4-3302-4a57-9c32-0b182c829e67
2019-09-26 21:18:45,291 [pool-37-thread-1] INFO  server.RaftServerConfigKeys (ConfUtils.java:logGet(43)) - raft.server.log.queue.byte-limit = 2147483647 (custom)
2019-09-26 21:18:45,291 [pool-37-thread-1] INFO  server.RaftServerConfigKeys (ConfUtils.java:logGet(43)) - raft.server.log.queue.element-limit = 1024 (custom)
2019-09-26 21:18:45,291 [pool-37-thread-1] INFO  server.RaftServerConfigKeys (ConfUtils.java:logGet(43)) - raft.server.log.segment.size.max = 1048576 (custom)
2019-09-26 21:18:45,292 [pool-37-thread-1] INFO  server.RaftServerConfigKeys (ConfUtils.java:logGet(43)) - raft.server.log.preallocated.size = 16384 (custom)
2019-09-26 21:18:45,292 [pool-37-thread-1] INFO  server.RaftServerConfigKeys (ConfUtils.java:logGet(43)) - raft.server.log.write.buffer.size = 33554432 (custom)
2019-09-26 21:18:45,292 [pool-37-thread-1] INFO  server.RaftServerConfigKeys (ConfUtils.java:logGet(43)) - raft.server.log.force.sync.num = 128 (default)
2019-09-26 21:18:45,292 [pool-37-thread-1] INFO  server.RaftServerConfigKeys (ConfUtils.java:logGet(43)) - raft.server.log.statemachine.data.sync = true (default)
2019-09-26 21:18:45,294 [pool-37-thread-1] INFO  server.RaftServerConfigKeys (ConfUtils.java:logGet(43)) - raft.server.log.statemachine.data.sync.timeout = 10s (default)
2019-09-26 21:18:45,294 [pool-37-thread-1] INFO  server.RaftServerConfigKeys (ConfUtils.java:logGet(43)) - raft.server.log.statemachine.data.sync.timeout.retry = -1 (default)
2019-09-26 21:18:45,294 [pool-37-thread-1] INFO  server.RaftServerConfigKeys (ConfUtils.java:logGet(43)) - raft.server.log.statemachine.data.caching.enabled = true (custom)
2019-09-26 21:18:45,295 [pool-37-thread-1] INFO  segmented.SegmentedRaftLogWorker (SegmentedRaftLogWorker.java:lambda$new$0(132)) - 1178c3ae-d0b4-4d44-b144-fe8504cc41ac@group-0B182C829E67-SegmentedRaftLogWorker: flushIndex: setUnconditionally 0 -> -1
2019-09-26 21:18:45,295 [pool-37-thread-1] INFO  server.RaftServerConfigKeys (ConfUtils.java:logGet(43)) - raft.server.snapshot.auto.trigger.enabled = true (custom)
2019-09-26 21:18:45,295 [pool-37-thread-1] INFO  server.RaftServerConfigKeys (ConfUtils.java:logGet(43)) - raft.server.snapshot.auto.trigger.threshold = 10000 (custom)
2019-09-26 21:18:45,295 [pool-37-thread-1] INFO  server.RaftServerConfigKeys (ConfUtils.java:logGet(43)) - raft.server.snapshot.retention.num.files = 5 (custom)
2019-09-26 21:18:45,296 [pool-37-thread-1] INFO  server.RaftServerConfigKeys (ConfUtils.java:logGet(43)) - raft.server.retrycache.expirytime = 600000ms (custom)
2019-09-26 21:18:45,298 [pool-37-thread-1] INFO  impl.RaftServerImpl (RaftServerImpl.java:start(185)) - 1178c3ae-d0b4-4d44-b144-fe8504cc41ac@group-0B182C829E67: start as a follower, conf=-1: [1178c3ae-d0b4-4d44-b144-fe8504cc41ac:192.168.151.99:33787], old=null
2019-09-26 21:18:45,299 [pool-37-thread-1] INFO  impl.RaftServerImpl (RaftServerImpl.java:setRole(174)) - 1178c3ae-d0b4-4d44-b144-fe8504cc41ac@group-0B182C829E67: changes role from      null to FOLLOWER at term 0 for startAsFollower
2019-09-26 21:18:45,299 [pool-37-thread-1] INFO  impl.RoleInfo (RoleInfo.java:updateAndGet(143)) - 1178c3ae-d0b4-4d44-b144-fe8504cc41ac: start FollowerState
2019-09-26 21:18:45,299 [pool-37-thread-1] INFO  util.JmxRegister (JmxRegister.java:tryRegister(44)) - Successfully registered JMX Bean with object name Ratis:service=RaftServer,group=group-0B182C829E67,id=1178c3ae-d0b4-4d44-b144-fe8504cc41ac
2019-09-26 21:18:45,306 [RatisPipelineUtilsThread] INFO  pipeline.PipelineStateManager (PipelineStateManager.java:addPipeline(56)) - Created pipeline Pipeline[ Id: 3b004ab4-3302-4a57-9c32-0b182c829e67, Nodes: 1178c3ae-d0b4-4d44-b144-fe8504cc41ac{ip: 192.168.151.99, host: pr-hdds-1569-g6sp5-2013761785, networkLocation: /default-rack, certSerialId: null}, Type:RATIS, Factor:ONE, State:OPEN]
2019-09-26 21:18:45,318 [grpc-default-executor-0] INFO  impl.RaftServerProxy (RaftServerProxy.java:addNew(89)) - 0c640f50-2bc9-49b6-b785-a27e3116e6ba: addNew group-26483836006E:[0c640f50-2bc9-49b6-b785-a27e3116e6ba:192.168.151.99:42361] returns group-26483836006E:java.util.concurrent.CompletableFuture@3f8d4265[Not completed]
2019-09-26 21:18:45,320 [pool-57-thread-1] INFO  impl.RaftServerImpl (RaftServerImpl.java:<init>(95)) - 0c640f50-2bc9-49b6-b785-a27e3116e6ba: new RaftServerImpl for group-26483836006E:[0c640f50-2bc9-49b6-b785-a27e3116e6ba:192.168.151.99:42361] with ContainerStateMachine:uninitialized
2019-09-26 21:18:45,320 [pool-57-thread-1] INFO  server.RaftServerConfigKeys (ConfUtils.java:logGet(43)) - raft.server.rpc.timeout.min = 5s (custom)
2019-09-26 21:18:45,320 [pool-57-thread-1] INFO  server.RaftServerConfigKeys (ConfUtils.java:logGet(43)) - raft.server.rpc.timeout.max = 5200ms (custom)
2019-09-26 21:18:45,320 [pool-57-thread-1] INFO  server.RaftServerConfigKeys (ConfUtils.java:logGet(43)) - raft.server.rpcslowness.timeout = 120s (custom)
2019-09-26 21:18:45,320 [pool-57-thread-1] INFO  server.RaftServerConfigKeys (ConfUtils.java:logGet(43)) - raft.server.sleep.deviation.threshold = 300 (default)
2019-09-26 21:18:45,321 [pool-57-thread-1] INFO  server.RaftServerConfigKeys (ConfUtils.java:logGet(43)) - raft.server.log.appender.install.snapshot.enabled = false (custom)
2019-09-26 21:18:45,321 [pool-57-thread-1] INFO  impl.RaftServerImpl (ServerState.java:<init>(103)) - 0c640f50-2bc9-49b6-b785-a27e3116e6ba@group-26483836006E: ConfigurationManager, init=-1: [0c640f50-2bc9-49b6-b785-a27e3116e6ba:192.168.151.99:42361], old=null, confs=<EMPTY_MAP>
2019-09-26 21:18:45,321 [pool-57-thread-1] INFO  server.RaftServerConfigKeys (ConfUtils.java:logGet(43)) - raft.server.storage.dir = [/workdir/hadoop-ozone/ozonefs/target/test-dir/MiniOzoneClusterImpl-5b64906c-d720-4906-b30c-b6d56a2122fd/datanode-3/data/ratis] (custom)
2019-09-26 21:18:45,321 [pool-57-thread-1] INFO  storage.RaftStorageDirectory (RaftStorageDirectory.java:analyzeStorage(246)) - The storage directory /workdir/hadoop-ozone/ozonefs/target/test-dir/MiniOzoneClusterImpl-5b64906c-d720-4906-b30c-b6d56a2122fd/datanode-3/data/ratis/4b720a95-8b65-491a-a2d3-26483836006e does not exist. Creating ...
2019-09-26 21:18:45,334 [pool-57-thread-1] INFO  storage.RaftStorageDirectory (RaftStorageDirectory.java:tryLock(328)) - Lock on /workdir/hadoop-ozone/ozonefs/target/test-dir/MiniOzoneClusterImpl-5b64906c-d720-4906-b30c-b6d56a2122fd/datanode-3/data/ratis/4b720a95-8b65-491a-a2d3-26483836006e/in_use.lock acquired by nodename 10701@pr-hdds-1569-g6sp5-2013761785
2019-09-26 21:18:45,353 [pool-57-thread-1] INFO  storage.RaftStorage (RaftStorage.java:format(72)) - Storage directory /workdir/hadoop-ozone/ozonefs/target/test-dir/MiniOzoneClusterImpl-5b64906c-d720-4906-b30c-b6d56a2122fd/datanode-3/data/ratis/4b720a95-8b65-491a-a2d3-26483836006e has been successfully formatted.
2019-09-26 21:18:45,353 [pool-57-thread-1] INFO  ratis.ContainerStateMachine (ContainerStateMachine.java:loadSnapshot(230)) - group-26483836006E: The snapshot info is null. Setting the last applied indexto:(t:0, i:~)
2019-09-26 21:18:45,353 [pool-57-thread-1] INFO  server.RaftServerConfigKeys (ConfUtils.java:logGet(43)) - raft.server.notification.no-leader.timeout = 120s (custom)
2019-09-26 21:18:45,353 [pool-57-thread-1] INFO  server.RaftServerConfigKeys (ConfUtils.java:logGet(43)) - raft.server.log.use.memory = false (default)
2019-09-26 21:18:45,354 [pool-57-thread-1] INFO  server.RaftServerConfigKeys (ConfUtils.java:logGet(43)) - raft.server.log.purge.gap = 1000000 (custom)
2019-09-26 21:18:45,354 [pool-57-thread-1] INFO  server.RaftServerConfigKeys (ConfUtils.java:logGet(43)) - raft.server.log.appender.buffer.byte-limit = 33554432 (custom)
2019-09-26 21:18:45,354 [pool-57-thread-1] INFO  server.RaftServerConfigKeys (ConfUtils.java:logGet(43)) - raft.server.log.segment.size.max = 1048576 (custom)
2019-09-26 21:18:45,354 [pool-57-thread-1] INFO  server.RaftServerConfigKeys (ConfUtils.java:logGet(43)) - raft.server.log.segment.cache.num.max = 2 (custom)
2019-09-26 21:18:45,354 [pool-57-thread-1] INFO  segmented.SegmentedRaftLogWorker (SegmentedRaftLogWorker.java:<init>(172)) - new 0c640f50-2bc9-49b6-b785-a27e3116e6ba@group-26483836006E-SegmentedRaftLogWorker for RaftStorage:Storage Directory /workdir/hadoop-ozone/ozonefs/target/test-dir/MiniOzoneClusterImpl-5b64906c-d720-4906-b30c-b6d56a2122fd/datanode-3/data/ratis/4b720a95-8b65-491a-a2d3-26483836006e
2019-09-26 21:18:45,355 [pool-57-thread-1] INFO  server.RaftServerConfigKeys (ConfUtils.java:logGet(43)) - raft.server.log.queue.byte-limit = 2147483647 (custom)
2019-09-26 21:18:45,355 [pool-57-thread-1] INFO  server.RaftServerConfigKeys (ConfUtils.java:logGet(43)) - raft.server.log.queue.element-limit = 1024 (custom)
2019-09-26 21:18:45,355 [pool-57-thread-1] INFO  server.RaftServerConfigKeys (ConfUtils.java:logGet(43)) - raft.server.log.segment.size.max = 1048576 (custom)
2019-09-26 21:18:45,355 [pool-57-thread-1] INFO  server.RaftServerConfigKeys (ConfUtils.java:logGet(43)) - raft.server.log.preallocated.size = 16384 (custom)
2019-09-26 21:18:45,355 [pool-57-thread-1] INFO  server.RaftServerConfigKeys (ConfUtils.java:logGet(43)) - raft.server.log.write.buffer.size = 33554432 (custom)
2019-09-26 21:18:45,355 [pool-57-thread-1] INFO  server.RaftServerConfigKeys (ConfUtils.java:logGet(43)) - raft.server.log.force.sync.num = 128 (default)
2019-09-26 21:18:45,356 [pool-57-thread-1] INFO  server.RaftServerConfigKeys (ConfUtils.java:logGet(43)) - raft.server.log.statemachine.data.sync = true (default)
2019-09-26 21:18:45,356 [pool-57-thread-1] INFO  server.RaftServerConfigKeys (ConfUtils.java:logGet(43)) - raft.server.log.statemachine.data.sync.timeout = 10s (default)
2019-09-26 21:18:45,356 [pool-57-thread-1] INFO  server.RaftServerConfigKeys (ConfUtils.java:logGet(43)) - raft.server.log.statemachine.data.sync.timeout.retry = -1 (default)
2019-09-26 21:18:45,356 [pool-57-thread-1] INFO  server.RaftServerConfigKeys (ConfUtils.java:logGet(43)) - raft.server.log.statemachine.data.caching.enabled = true (custom)
2019-09-26 21:18:45,357 [pool-57-thread-1] INFO  segmented.SegmentedRaftLogWorker (SegmentedRaftLogWorker.java:lambda$new$0(132)) - 0c640f50-2bc9-49b6-b785-a27e3116e6ba@group-26483836006E-SegmentedRaftLogWorker: flushIndex: setUnconditionally 0 -> -1
2019-09-26 21:18:45,357 [pool-57-thread-1] INFO  server.RaftServerConfigKeys (ConfUtils.java:logGet(43)) - raft.server.snapshot.auto.trigger.enabled = true (custom)
2019-09-26 21:18:45,357 [pool-57-thread-1] INFO  server.RaftServerConfigKeys (ConfUtils.java:logGet(43)) - raft.server.snapshot.auto.trigger.threshold = 10000 (custom)
2019-09-26 21:18:45,357 [pool-57-thread-1] INFO  server.RaftServerConfigKeys (ConfUtils.java:logGet(43)) - raft.server.snapshot.retention.num.files = 5 (custom)
2019-09-26 21:18:45,358 [pool-57-thread-1] INFO  server.RaftServerConfigKeys (ConfUtils.java:logGet(43)) - raft.server.retrycache.expirytime = 600000ms (custom)
2019-09-26 21:18:45,363 [pool-57-thread-1] INFO  impl.RaftServerImpl (RaftServerImpl.java:start(185)) - 0c640f50-2bc9-49b6-b785-a27e3116e6ba@group-26483836006E: start as a follower, conf=-1: [0c640f50-2bc9-49b6-b785-a27e3116e6ba:192.168.151.99:42361], old=null
2019-09-26 21:18:45,363 [pool-57-thread-1] INFO  impl.RaftServerImpl (RaftServerImpl.java:setRole(174)) - 0c640f50-2bc9-49b6-b785-a27e3116e6ba@group-26483836006E: changes role from      null to FOLLOWER at term 0 for startAsFollower
2019-09-26 21:18:45,363 [pool-57-thread-1] INFO  impl.RoleInfo (RoleInfo.java:updateAndGet(143)) - 0c640f50-2bc9-49b6-b785-a27e3116e6ba: start FollowerState
2019-09-26 21:18:45,364 [pool-57-thread-1] INFO  util.JmxRegister (JmxRegister.java:tryRegister(44)) - Successfully registered JMX Bean with object name Ratis:service=RaftServer,group=group-26483836006E,id=0c640f50-2bc9-49b6-b785-a27e3116e6ba
2019-09-26 21:18:45,369 [RatisPipelineUtilsThread] INFO  pipeline.PipelineStateManager (PipelineStateManager.java:addPipeline(56)) - Created pipeline Pipeline[ Id: 4b720a95-8b65-491a-a2d3-26483836006e, Nodes: 0c640f50-2bc9-49b6-b785-a27e3116e6ba{ip: 192.168.151.99, host: pr-hdds-1569-g6sp5-2013761785, networkLocation: /default-rack, certSerialId: null}, Type:RATIS, Factor:ONE, State:OPEN]
2019-09-26 21:18:45,387 [grpc-default-executor-1] INFO  impl.RaftServerProxy (RaftServerProxy.java:addNew(89)) - 9ce0b59e-153f-4f41-8aed-492a76d80b48: addNew group-14D57127194E:[9ce0b59e-153f-4f41-8aed-492a76d80b48:192.168.151.99:34156] returns group-14D57127194E:java.util.concurrent.CompletableFuture@61b003d2[Not completed]
2019-09-26 21:18:45,388 [pool-27-thread-1] INFO  impl.RaftServerImpl (RaftServerImpl.java:<init>(95)) - 9ce0b59e-153f-4f41-8aed-492a76d80b48: new RaftServerImpl for group-14D57127194E:[9ce0b59e-153f-4f41-8aed-492a76d80b48:192.168.151.99:34156] with ContainerStateMachine:uninitialized
2019-09-26 21:18:45,389 [pool-27-thread-1] INFO  server.RaftServerConfigKeys (ConfUtils.java:logGet(43)) - raft.server.rpc.timeout.min = 5s (custom)
2019-09-26 21:18:45,389 [pool-27-thread-1] INFO  server.RaftServerConfigKeys (ConfUtils.java:logGet(43)) - raft.server.rpc.timeout.max = 5200ms (custom)
2019-09-26 21:18:45,389 [pool-27-thread-1] INFO  server.RaftServerConfigKeys (ConfUtils.java:logGet(43)) - raft.server.rpcslowness.timeout = 120s (custom)
2019-09-26 21:18:45,389 [pool-27-thread-1] INFO  server.RaftServerConfigKeys (ConfUtils.java:logGet(43)) - raft.server.sleep.deviation.threshold = 300 (default)
2019-09-26 21:18:45,389 [pool-27-thread-1] INFO  server.RaftServerConfigKeys (ConfUtils.java:logGet(43)) - raft.server.log.appender.install.snapshot.enabled = false (custom)
2019-09-26 21:18:45,389 [pool-27-thread-1] INFO  impl.RaftServerImpl (ServerState.java:<init>(103)) - 9ce0b59e-153f-4f41-8aed-492a76d80b48@group-14D57127194E: ConfigurationManager, init=-1: [9ce0b59e-153f-4f41-8aed-492a76d80b48:192.168.151.99:34156], old=null, confs=<EMPTY_MAP>
2019-09-26 21:18:45,389 [pool-27-thread-1] INFO  server.RaftServerConfigKeys (ConfUtils.java:logGet(43)) - raft.server.storage.dir = [/workdir/hadoop-ozone/ozonefs/target/test-dir/MiniOzoneClusterImpl-5b64906c-d720-4906-b30c-b6d56a2122fd/datanode-0/data/ratis] (custom)
2019-09-26 21:18:45,390 [pool-27-thread-1] INFO  storage.RaftStorageDirectory (RaftStorageDirectory.java:analyzeStorage(246)) - The storage directory /workdir/hadoop-ozone/ozonefs/target/test-dir/MiniOzoneClusterImpl-5b64906c-d720-4906-b30c-b6d56a2122fd/datanode-0/data/ratis/d6bd0027-51a2-41ff-970f-14d57127194e does not exist. Creating ...
2019-09-26 21:18:45,403 [pool-27-thread-1] INFO  storage.RaftStorageDirectory (RaftStorageDirectory.java:tryLock(328)) - Lock on /workdir/hadoop-ozone/ozonefs/target/test-dir/MiniOzoneClusterImpl-5b64906c-d720-4906-b30c-b6d56a2122fd/datanode-0/data/ratis/d6bd0027-51a2-41ff-970f-14d57127194e/in_use.lock acquired by nodename 10701@pr-hdds-1569-g6sp5-2013761785
2019-09-26 21:18:45,416 [pool-27-thread-1] INFO  storage.RaftStorage (RaftStorage.java:format(72)) - Storage directory /workdir/hadoop-ozone/ozonefs/target/test-dir/MiniOzoneClusterImpl-5b64906c-d720-4906-b30c-b6d56a2122fd/datanode-0/data/ratis/d6bd0027-51a2-41ff-970f-14d57127194e has been successfully formatted.
2019-09-26 21:18:45,416 [pool-27-thread-1] INFO  ratis.ContainerStateMachine (ContainerStateMachine.java:loadSnapshot(230)) - group-14D57127194E: The snapshot info is null. Setting the last applied indexto:(t:0, i:~)
2019-09-26 21:18:45,416 [pool-27-thread-1] INFO  server.RaftServerConfigKeys (ConfUtils.java:logGet(43)) - raft.server.notification.no-leader.timeout = 120s (custom)
2019-09-26 21:18:45,416 [pool-27-thread-1] INFO  server.RaftServerConfigKeys (ConfUtils.java:logGet(43)) - raft.server.log.use.memory = false (default)
2019-09-26 21:18:45,416 [pool-27-thread-1] INFO  server.RaftServerConfigKeys (ConfUtils.java:logGet(43)) - raft.server.log.purge.gap = 1000000 (custom)
2019-09-26 21:18:45,416 [pool-27-thread-1] INFO  server.RaftServerConfigKeys (ConfUtils.java:logGet(43)) - raft.server.log.appender.buffer.byte-limit = 33554432 (custom)
2019-09-26 21:18:45,417 [pool-27-thread-1] INFO  server.RaftServerConfigKeys (ConfUtils.java:logGet(43)) - raft.server.log.segment.size.max = 1048576 (custom)
2019-09-26 21:18:45,417 [pool-27-thread-1] INFO  server.RaftServerConfigKeys (ConfUtils.java:logGet(43)) - raft.server.log.segment.cache.num.max = 2 (custom)
2019-09-26 21:18:45,417 [pool-27-thread-1] INFO  segmented.SegmentedRaftLogWorker (SegmentedRaftLogWorker.java:<init>(172)) - new 9ce0b59e-153f-4f41-8aed-492a76d80b48@group-14D57127194E-SegmentedRaftLogWorker for RaftStorage:Storage Directory /workdir/hadoop-ozone/ozonefs/target/test-dir/MiniOzoneClusterImpl-5b64906c-d720-4906-b30c-b6d56a2122fd/datanode-0/data/ratis/d6bd0027-51a2-41ff-970f-14d57127194e
2019-09-26 21:18:45,417 [pool-27-thread-1] INFO  server.RaftServerConfigKeys (ConfUtils.java:logGet(43)) - raft.server.log.queue.byte-limit = 2147483647 (custom)
2019-09-26 21:18:45,417 [pool-27-thread-1] INFO  server.RaftServerConfigKeys (ConfUtils.java:logGet(43)) - raft.server.log.queue.element-limit = 1024 (custom)
2019-09-26 21:18:45,417 [pool-27-thread-1] INFO  server.RaftServerConfigKeys (ConfUtils.java:logGet(43)) - raft.server.log.segment.size.max = 1048576 (custom)
2019-09-26 21:18:45,418 [pool-27-thread-1] INFO  server.RaftServerConfigKeys (ConfUtils.java:logGet(43)) - raft.server.log.preallocated.size = 16384 (custom)
2019-09-26 21:18:45,418 [pool-27-thread-1] INFO  server.RaftServerConfigKeys (ConfUtils.java:logGet(43)) - raft.server.log.write.buffer.size = 33554432 (custom)
2019-09-26 21:18:45,418 [pool-27-thread-1] INFO  server.RaftServerConfigKeys (ConfUtils.java:logGet(43)) - raft.server.log.force.sync.num = 128 (default)
2019-09-26 21:18:45,418 [pool-27-thread-1] INFO  server.RaftServerConfigKeys (ConfUtils.java:logGet(43)) - raft.server.log.statemachine.data.sync = true (default)
2019-09-26 21:18:45,418 [pool-27-thread-1] INFO  server.RaftServerConfigKeys (ConfUtils.java:logGet(43)) - raft.server.log.statemachine.data.sync.timeout = 10s (default)
2019-09-26 21:18:45,418 [pool-27-thread-1] INFO  server.RaftServerConfigKeys (ConfUtils.java:logGet(43)) - raft.server.log.statemachine.data.sync.timeout.retry = -1 (default)
2019-09-26 21:18:45,418 [pool-27-thread-1] INFO  server.RaftServerConfigKeys (ConfUtils.java:logGet(43)) - raft.server.log.statemachine.data.caching.enabled = true (custom)
2019-09-26 21:18:45,419 [pool-27-thread-1] INFO  segmented.SegmentedRaftLogWorker (SegmentedRaftLogWorker.java:lambda$new$0(132)) - 9ce0b59e-153f-4f41-8aed-492a76d80b48@group-14D57127194E-SegmentedRaftLogWorker: flushIndex: setUnconditionally 0 -> -1
2019-09-26 21:18:45,419 [pool-27-thread-1] INFO  server.RaftServerConfigKeys (ConfUtils.java:logGet(43)) - raft.server.snapshot.auto.trigger.enabled = true (custom)
2019-09-26 21:18:45,419 [pool-27-thread-1] INFO  server.RaftServerConfigKeys (ConfUtils.java:logGet(43)) - raft.server.snapshot.auto.trigger.threshold = 10000 (custom)
2019-09-26 21:18:45,419 [pool-27-thread-1] INFO  server.RaftServerConfigKeys (ConfUtils.java:logGet(43)) - raft.server.snapshot.retention.num.files = 5 (custom)
2019-09-26 21:18:45,419 [pool-27-thread-1] INFO  server.RaftServerConfigKeys (ConfUtils.java:logGet(43)) - raft.server.retrycache.expirytime = 600000ms (custom)
2019-09-26 21:18:45,422 [pool-27-thread-1] INFO  impl.RaftServerImpl (RaftServerImpl.java:start(185)) - 9ce0b59e-153f-4f41-8aed-492a76d80b48@group-14D57127194E: start as a follower, conf=-1: [9ce0b59e-153f-4f41-8aed-492a76d80b48:192.168.151.99:34156], old=null
2019-09-26 21:18:45,422 [pool-27-thread-1] INFO  impl.RaftServerImpl (RaftServerImpl.java:setRole(174)) - 9ce0b59e-153f-4f41-8aed-492a76d80b48@group-14D57127194E: changes role from      null to FOLLOWER at term 0 for startAsFollower
2019-09-26 21:18:45,422 [pool-27-thread-1] INFO  impl.RoleInfo (RoleInfo.java:updateAndGet(143)) - 9ce0b59e-153f-4f41-8aed-492a76d80b48: start FollowerState
2019-09-26 21:18:45,423 [pool-27-thread-1] INFO  util.JmxRegister (JmxRegister.java:tryRegister(44)) - Successfully registered JMX Bean with object name Ratis:service=RaftServer,group=group-14D57127194E,id=9ce0b59e-153f-4f41-8aed-492a76d80b48
2019-09-26 21:18:45,428 [RatisPipelineUtilsThread] INFO  pipeline.PipelineStateManager (PipelineStateManager.java:addPipeline(56)) - Created pipeline Pipeline[ Id: d6bd0027-51a2-41ff-970f-14d57127194e, Nodes: 9ce0b59e-153f-4f41-8aed-492a76d80b48{ip: 192.168.151.99, host: pr-hdds-1569-g6sp5-2013761785, networkLocation: /default-rack, certSerialId: null}, Type:RATIS, Factor:ONE, State:OPEN]
2019-09-26 21:18:45,454 [grpc-default-executor-1] INFO  impl.RaftServerProxy (RaftServerProxy.java:addNew(89)) - 09112efe-1fad-4539-a04f-c96aef6d2351: addNew group-A661C32C47C6:[09112efe-1fad-4539-a04f-c96aef6d2351:192.168.151.99:45286] returns group-A661C32C47C6:java.util.concurrent.CompletableFuture@6b4868a2[Not completed]
2019-09-26 21:18:45,457 [pool-47-thread-1] INFO  impl.RaftServerImpl (RaftServerImpl.java:<init>(95)) - 09112efe-1fad-4539-a04f-c96aef6d2351: new RaftServerImpl for group-A661C32C47C6:[09112efe-1fad-4539-a04f-c96aef6d2351:192.168.151.99:45286] with ContainerStateMachine:uninitialized
2019-09-26 21:18:45,457 [pool-47-thread-1] INFO  server.RaftServerConfigKeys (ConfUtils.java:logGet(43)) - raft.server.rpc.timeout.min = 5s (custom)
2019-09-26 21:18:45,458 [pool-47-thread-1] INFO  server.RaftServerConfigKeys (ConfUtils.java:logGet(43)) - raft.server.rpc.timeout.max = 5200ms (custom)
2019-09-26 21:18:45,458 [pool-47-thread-1] INFO  server.RaftServerConfigKeys (ConfUtils.java:logGet(43)) - raft.server.rpcslowness.timeout = 120s (custom)
2019-09-26 21:18:45,460 [pool-47-thread-1] INFO  server.RaftServerConfigKeys (ConfUtils.java:logGet(43)) - raft.server.sleep.deviation.threshold = 300 (default)
2019-09-26 21:18:45,460 [pool-47-thread-1] INFO  server.RaftServerConfigKeys (ConfUtils.java:logGet(43)) - raft.server.log.appender.install.snapshot.enabled = false (custom)
2019-09-26 21:18:45,460 [pool-47-thread-1] INFO  impl.RaftServerImpl (ServerState.java:<init>(103)) - 09112efe-1fad-4539-a04f-c96aef6d2351@group-A661C32C47C6: ConfigurationManager, init=-1: [09112efe-1fad-4539-a04f-c96aef6d2351:192.168.151.99:45286], old=null, confs=<EMPTY_MAP>
2019-09-26 21:18:45,460 [pool-47-thread-1] INFO  server.RaftServerConfigKeys (ConfUtils.java:logGet(43)) - raft.server.storage.dir = [/workdir/hadoop-ozone/ozonefs/target/test-dir/MiniOzoneClusterImpl-5b64906c-d720-4906-b30c-b6d56a2122fd/datanode-2/data/ratis] (custom)
2019-09-26 21:18:45,461 [pool-47-thread-1] INFO  storage.RaftStorageDirectory (RaftStorageDirectory.java:analyzeStorage(246)) - The storage directory /workdir/hadoop-ozone/ozonefs/target/test-dir/MiniOzoneClusterImpl-5b64906c-d720-4906-b30c-b6d56a2122fd/datanode-2/data/ratis/d96ea239-8dbb-4495-b8cc-a661c32c47c6 does not exist. Creating ...
2019-09-26 21:18:45,475 [pool-47-thread-1] INFO  storage.RaftStorageDirectory (RaftStorageDirectory.java:tryLock(328)) - Lock on /workdir/hadoop-ozone/ozonefs/target/test-dir/MiniOzoneClusterImpl-5b64906c-d720-4906-b30c-b6d56a2122fd/datanode-2/data/ratis/d96ea239-8dbb-4495-b8cc-a661c32c47c6/in_use.lock acquired by nodename 10701@pr-hdds-1569-g6sp5-2013761785
2019-09-26 21:18:45,488 [pool-47-thread-1] INFO  storage.RaftStorage (RaftStorage.java:format(72)) - Storage directory /workdir/hadoop-ozone/ozonefs/target/test-dir/MiniOzoneClusterImpl-5b64906c-d720-4906-b30c-b6d56a2122fd/datanode-2/data/ratis/d96ea239-8dbb-4495-b8cc-a661c32c47c6 has been successfully formatted.
2019-09-26 21:18:45,489 [pool-47-thread-1] INFO  ratis.ContainerStateMachine (ContainerStateMachine.java:loadSnapshot(230)) - group-A661C32C47C6: The snapshot info is null. Setting the last applied indexto:(t:0, i:~)
2019-09-26 21:18:45,489 [pool-47-thread-1] INFO  server.RaftServerConfigKeys (ConfUtils.java:logGet(43)) - raft.server.notification.no-leader.timeout = 120s (custom)
2019-09-26 21:18:45,489 [pool-47-thread-1] INFO  server.RaftServerConfigKeys (ConfUtils.java:logGet(43)) - raft.server.log.use.memory = false (default)
2019-09-26 21:18:45,489 [pool-47-thread-1] INFO  server.RaftServerConfigKeys (ConfUtils.java:logGet(43)) - raft.server.log.purge.gap = 1000000 (custom)
2019-09-26 21:18:45,489 [pool-47-thread-1] INFO  server.RaftServerConfigKeys (ConfUtils.java:logGet(43)) - raft.server.log.appender.buffer.byte-limit = 33554432 (custom)
2019-09-26 21:18:45,490 [pool-47-thread-1] INFO  server.RaftServerConfigKeys (ConfUtils.java:logGet(43)) - raft.server.log.segment.size.max = 1048576 (custom)
2019-09-26 21:18:45,490 [pool-47-thread-1] INFO  server.RaftServerConfigKeys (ConfUtils.java:logGet(43)) - raft.server.log.segment.cache.num.max = 2 (custom)
2019-09-26 21:18:45,490 [pool-47-thread-1] INFO  segmented.SegmentedRaftLogWorker (SegmentedRaftLogWorker.java:<init>(172)) - new 09112efe-1fad-4539-a04f-c96aef6d2351@group-A661C32C47C6-SegmentedRaftLogWorker for RaftStorage:Storage Directory /workdir/hadoop-ozone/ozonefs/target/test-dir/MiniOzoneClusterImpl-5b64906c-d720-4906-b30c-b6d56a2122fd/datanode-2/data/ratis/d96ea239-8dbb-4495-b8cc-a661c32c47c6
2019-09-26 21:18:45,490 [pool-47-thread-1] INFO  server.RaftServerConfigKeys (ConfUtils.java:logGet(43)) - raft.server.log.queue.byte-limit = 2147483647 (custom)
2019-09-26 21:18:45,490 [pool-47-thread-1] INFO  server.RaftServerConfigKeys (ConfUtils.java:logGet(43)) - raft.server.log.queue.element-limit = 1024 (custom)
2019-09-26 21:18:45,491 [pool-47-thread-1] INFO  server.RaftServerConfigKeys (ConfUtils.java:logGet(43)) - raft.server.log.segment.size.max = 1048576 (custom)
2019-09-26 21:18:45,491 [pool-47-thread-1] INFO  server.RaftServerConfigKeys (ConfUtils.java:logGet(43)) - raft.server.log.preallocated.size = 16384 (custom)
2019-09-26 21:18:45,491 [pool-47-thread-1] INFO  server.RaftServerConfigKeys (ConfUtils.java:logGet(43)) - raft.server.log.write.buffer.size = 33554432 (custom)
2019-09-26 21:18:45,491 [pool-47-thread-1] INFO  server.RaftServerConfigKeys (ConfUtils.java:logGet(43)) - raft.server.log.force.sync.num = 128 (default)
2019-09-26 21:18:45,491 [pool-47-thread-1] INFO  server.RaftServerConfigKeys (ConfUtils.java:logGet(43)) - raft.server.log.statemachine.data.sync = true (default)
2019-09-26 21:18:45,492 [pool-47-thread-1] INFO  server.RaftServerConfigKeys (ConfUtils.java:logGet(43)) - raft.server.log.statemachine.data.sync.timeout = 10s (default)
2019-09-26 21:18:45,492 [pool-47-thread-1] INFO  server.RaftServerConfigKeys (ConfUtils.java:logGet(43)) - raft.server.log.statemachine.data.sync.timeout.retry = -1 (default)
2019-09-26 21:18:45,492 [pool-47-thread-1] INFO  server.RaftServerConfigKeys (ConfUtils.java:logGet(43)) - raft.server.log.statemachine.data.caching.enabled = true (custom)
2019-09-26 21:18:45,493 [pool-47-thread-1] INFO  segmented.SegmentedRaftLogWorker (SegmentedRaftLogWorker.java:lambda$new$0(132)) - 09112efe-1fad-4539-a04f-c96aef6d2351@group-A661C32C47C6-SegmentedRaftLogWorker: flushIndex: setUnconditionally 0 -> -1
2019-09-26 21:18:45,493 [pool-47-thread-1] INFO  server.RaftServerConfigKeys (ConfUtils.java:logGet(43)) - raft.server.snapshot.auto.trigger.enabled = true (custom)
2019-09-26 21:18:45,493 [pool-47-thread-1] INFO  server.RaftServerConfigKeys (ConfUtils.java:logGet(43)) - raft.server.snapshot.auto.trigger.threshold = 10000 (custom)
2019-09-26 21:18:45,494 [pool-47-thread-1] INFO  server.RaftServerConfigKeys (ConfUtils.java:logGet(43)) - raft.server.snapshot.retention.num.files = 5 (custom)
2019-09-26 21:18:45,494 [pool-47-thread-1] INFO  server.RaftServerConfigKeys (ConfUtils.java:logGet(43)) - raft.server.retrycache.expirytime = 600000ms (custom)
2019-09-26 21:18:45,498 [pool-47-thread-1] INFO  impl.RaftServerImpl (RaftServerImpl.java:start(185)) - 09112efe-1fad-4539-a04f-c96aef6d2351@group-A661C32C47C6: start as a follower, conf=-1: [09112efe-1fad-4539-a04f-c96aef6d2351:192.168.151.99:45286], old=null
2019-09-26 21:18:45,498 [pool-47-thread-1] INFO  impl.RaftServerImpl (RaftServerImpl.java:setRole(174)) - 09112efe-1fad-4539-a04f-c96aef6d2351@group-A661C32C47C6: changes role from      null to FOLLOWER at term 0 for startAsFollower
2019-09-26 21:18:45,498 [pool-47-thread-1] INFO  impl.RoleInfo (RoleInfo.java:updateAndGet(143)) - 09112efe-1fad-4539-a04f-c96aef6d2351: start FollowerState
2019-09-26 21:18:45,505 [pool-47-thread-1] INFO  util.JmxRegister (JmxRegister.java:tryRegister(44)) - Successfully registered JMX Bean with object name Ratis:service=RaftServer,group=group-A661C32C47C6,id=09112efe-1fad-4539-a04f-c96aef6d2351
2019-09-26 21:18:45,520 [RatisPipelineUtilsThread] INFO  pipeline.PipelineStateManager (PipelineStateManager.java:addPipeline(56)) - Created pipeline Pipeline[ Id: d96ea239-8dbb-4495-b8cc-a661c32c47c6, Nodes: 09112efe-1fad-4539-a04f-c96aef6d2351{ip: 192.168.151.99, host: pr-hdds-1569-g6sp5-2013761785, networkLocation: /default-rack, certSerialId: null}, Type:RATIS, Factor:ONE, State:OPEN]
2019-09-26 21:18:45,529 [grpc-default-executor-1] INFO  impl.RaftServerProxy (RaftServerProxy.java:addNew(89)) - 9ce0b59e-153f-4f41-8aed-492a76d80b48: addNew group-693D0A4D3D34:[9ce0b59e-153f-4f41-8aed-492a76d80b48:192.168.151.99:34156] returns group-693D0A4D3D34:java.util.concurrent.CompletableFuture@4f85d327[Not completed]
2019-09-26 21:18:45,531 [pool-27-thread-1] INFO  impl.RaftServerImpl (RaftServerImpl.java:<init>(95)) - 9ce0b59e-153f-4f41-8aed-492a76d80b48: new RaftServerImpl for group-693D0A4D3D34:[9ce0b59e-153f-4f41-8aed-492a76d80b48:192.168.151.99:34156] with ContainerStateMachine:uninitialized
2019-09-26 21:18:45,531 [pool-27-thread-1] INFO  server.RaftServerConfigKeys (ConfUtils.java:logGet(43)) - raft.server.rpc.timeout.min = 5s (custom)
2019-09-26 21:18:45,532 [pool-27-thread-1] INFO  server.RaftServerConfigKeys (ConfUtils.java:logGet(43)) - raft.server.rpc.timeout.max = 5200ms (custom)
2019-09-26 21:18:45,532 [pool-27-thread-1] INFO  server.RaftServerConfigKeys (ConfUtils.java:logGet(43)) - raft.server.rpcslowness.timeout = 120s (custom)
2019-09-26 21:18:45,532 [pool-27-thread-1] INFO  server.RaftServerConfigKeys (ConfUtils.java:logGet(43)) - raft.server.sleep.deviation.threshold = 300 (default)
2019-09-26 21:18:45,532 [pool-27-thread-1] INFO  server.RaftServerConfigKeys (ConfUtils.java:logGet(43)) - raft.server.log.appender.install.snapshot.enabled = false (custom)
2019-09-26 21:18:45,532 [pool-27-thread-1] INFO  impl.RaftServerImpl (ServerState.java:<init>(103)) - 9ce0b59e-153f-4f41-8aed-492a76d80b48@group-693D0A4D3D34: ConfigurationManager, init=-1: [9ce0b59e-153f-4f41-8aed-492a76d80b48:192.168.151.99:34156], old=null, confs=<EMPTY_MAP>
2019-09-26 21:18:45,532 [pool-27-thread-1] INFO  server.RaftServerConfigKeys (ConfUtils.java:logGet(43)) - raft.server.storage.dir = [/workdir/hadoop-ozone/ozonefs/target/test-dir/MiniOzoneClusterImpl-5b64906c-d720-4906-b30c-b6d56a2122fd/datanode-0/data/ratis] (custom)
2019-09-26 21:18:45,533 [pool-27-thread-1] INFO  storage.RaftStorageDirectory (RaftStorageDirectory.java:analyzeStorage(246)) - The storage directory /workdir/hadoop-ozone/ozonefs/target/test-dir/MiniOzoneClusterImpl-5b64906c-d720-4906-b30c-b6d56a2122fd/datanode-0/data/ratis/1e768bed-5f0a-4d4b-899e-693d0a4d3d34 does not exist. Creating ...
2019-09-26 21:18:45,547 [pool-27-thread-1] INFO  storage.RaftStorageDirectory (RaftStorageDirectory.java:tryLock(328)) - Lock on /workdir/hadoop-ozone/ozonefs/target/test-dir/MiniOzoneClusterImpl-5b64906c-d720-4906-b30c-b6d56a2122fd/datanode-0/data/ratis/1e768bed-5f0a-4d4b-899e-693d0a4d3d34/in_use.lock acquired by nodename 10701@pr-hdds-1569-g6sp5-2013761785
2019-09-26 21:18:45,560 [pool-27-thread-1] INFO  storage.RaftStorage (RaftStorage.java:format(72)) - Storage directory /workdir/hadoop-ozone/ozonefs/target/test-dir/MiniOzoneClusterImpl-5b64906c-d720-4906-b30c-b6d56a2122fd/datanode-0/data/ratis/1e768bed-5f0a-4d4b-899e-693d0a4d3d34 has been successfully formatted.
2019-09-26 21:18:45,561 [pool-27-thread-1] INFO  ratis.ContainerStateMachine (ContainerStateMachine.java:loadSnapshot(230)) - group-693D0A4D3D34: The snapshot info is null. Setting the last applied indexto:(t:0, i:~)
2019-09-26 21:18:45,561 [pool-27-thread-1] INFO  server.RaftServerConfigKeys (ConfUtils.java:logGet(43)) - raft.server.notification.no-leader.timeout = 120s (custom)
2019-09-26 21:18:45,561 [pool-27-thread-1] INFO  server.RaftServerConfigKeys (ConfUtils.java:logGet(43)) - raft.server.log.use.memory = false (default)
2019-09-26 21:18:45,561 [pool-27-thread-1] INFO  server.RaftServerConfigKeys (ConfUtils.java:logGet(43)) - raft.server.log.purge.gap = 1000000 (custom)
2019-09-26 21:18:45,561 [pool-27-thread-1] INFO  server.RaftServerConfigKeys (ConfUtils.java:logGet(43)) - raft.server.log.appender.buffer.byte-limit = 33554432 (custom)
2019-09-26 21:18:45,562 [pool-27-thread-1] INFO  server.RaftServerConfigKeys (ConfUtils.java:logGet(43)) - raft.server.log.segment.size.max = 1048576 (custom)
2019-09-26 21:18:45,562 [pool-27-thread-1] INFO  server.RaftServerConfigKeys (ConfUtils.java:logGet(43)) - raft.server.log.segment.cache.num.max = 2 (custom)
2019-09-26 21:18:45,562 [pool-27-thread-1] INFO  segmented.SegmentedRaftLogWorker (SegmentedRaftLogWorker.java:<init>(172)) - new 9ce0b59e-153f-4f41-8aed-492a76d80b48@group-693D0A4D3D34-SegmentedRaftLogWorker for RaftStorage:Storage Directory /workdir/hadoop-ozone/ozonefs/target/test-dir/MiniOzoneClusterImpl-5b64906c-d720-4906-b30c-b6d56a2122fd/datanode-0/data/ratis/1e768bed-5f0a-4d4b-899e-693d0a4d3d34
2019-09-26 21:18:45,562 [pool-27-thread-1] INFO  server.RaftServerConfigKeys (ConfUtils.java:logGet(43)) - raft.server.log.queue.byte-limit = 2147483647 (custom)
2019-09-26 21:18:45,562 [pool-27-thread-1] INFO  server.RaftServerConfigKeys (ConfUtils.java:logGet(43)) - raft.server.log.queue.element-limit = 1024 (custom)
2019-09-26 21:18:45,563 [pool-27-thread-1] INFO  server.RaftServerConfigKeys (ConfUtils.java:logGet(43)) - raft.server.log.segment.size.max = 1048576 (custom)
2019-09-26 21:18:45,563 [pool-27-thread-1] INFO  server.RaftServerConfigKeys (ConfUtils.java:logGet(43)) - raft.server.log.preallocated.size = 16384 (custom)
2019-09-26 21:18:45,563 [pool-27-thread-1] INFO  server.RaftServerConfigKeys (ConfUtils.java:logGet(43)) - raft.server.log.write.buffer.size = 33554432 (custom)
2019-09-26 21:18:45,563 [pool-27-thread-1] INFO  server.RaftServerConfigKeys (ConfUtils.java:logGet(43)) - raft.server.log.force.sync.num = 128 (default)
2019-09-26 21:18:45,563 [pool-27-thread-1] INFO  server.RaftServerConfigKeys (ConfUtils.java:logGet(43)) - raft.server.log.statemachine.data.sync = true (default)
2019-09-26 21:18:45,563 [pool-27-thread-1] INFO  server.RaftServerConfigKeys (ConfUtils.java:logGet(43)) - raft.server.log.statemachine.data.sync.timeout = 10s (default)
2019-09-26 21:18:45,563 [pool-27-thread-1] INFO  server.RaftServerConfigKeys (ConfUtils.java:logGet(43)) - raft.server.log.statemachine.data.sync.timeout.retry = -1 (default)
2019-09-26 21:18:45,564 [pool-27-thread-1] INFO  server.RaftServerConfigKeys (ConfUtils.java:logGet(43)) - raft.server.log.statemachine.data.caching.enabled = true (custom)
2019-09-26 21:18:45,564 [pool-27-thread-1] INFO  segmented.SegmentedRaftLogWorker (SegmentedRaftLogWorker.java:lambda$new$0(132)) - 9ce0b59e-153f-4f41-8aed-492a76d80b48@group-693D0A4D3D34-SegmentedRaftLogWorker: flushIndex: setUnconditionally 0 -> -1
2019-09-26 21:18:45,564 [pool-27-thread-1] INFO  server.RaftServerConfigKeys (ConfUtils.java:logGet(43)) - raft.server.snapshot.auto.trigger.enabled = true (custom)
2019-09-26 21:18:45,565 [pool-27-thread-1] INFO  server.RaftServerConfigKeys (ConfUtils.java:logGet(43)) - raft.server.snapshot.auto.trigger.threshold = 10000 (custom)
2019-09-26 21:18:45,565 [pool-27-thread-1] INFO  server.RaftServerConfigKeys (ConfUtils.java:logGet(43)) - raft.server.snapshot.retention.num.files = 5 (custom)
2019-09-26 21:18:45,565 [pool-27-thread-1] INFO  server.RaftServerConfigKeys (ConfUtils.java:logGet(43)) - raft.server.retrycache.expirytime = 600000ms (custom)
2019-09-26 21:18:45,568 [pool-27-thread-1] INFO  impl.RaftServerImpl (RaftServerImpl.java:start(185)) - 9ce0b59e-153f-4f41-8aed-492a76d80b48@group-693D0A4D3D34: start as a follower, conf=-1: [9ce0b59e-153f-4f41-8aed-492a76d80b48:192.168.151.99:34156], old=null
2019-09-26 21:18:45,568 [pool-27-thread-1] INFO  impl.RaftServerImpl (RaftServerImpl.java:setRole(174)) - 9ce0b59e-153f-4f41-8aed-492a76d80b48@group-693D0A4D3D34: changes role from      null to FOLLOWER at term 0 for startAsFollower
2019-09-26 21:18:45,568 [pool-27-thread-1] INFO  impl.RoleInfo (RoleInfo.java:updateAndGet(143)) - 9ce0b59e-153f-4f41-8aed-492a76d80b48: start FollowerState
2019-09-26 21:18:45,568 [pool-27-thread-1] INFO  util.JmxRegister (JmxRegister.java:tryRegister(44)) - Successfully registered JMX Bean with object name Ratis:service=RaftServer,group=group-693D0A4D3D34,id=9ce0b59e-153f-4f41-8aed-492a76d80b48
2019-09-26 21:18:45,572 [RatisPipelineUtilsThread] INFO  pipeline.PipelineStateManager (PipelineStateManager.java:addPipeline(56)) - Created pipeline Pipeline[ Id: 1e768bed-5f0a-4d4b-899e-693d0a4d3d34, Nodes: 9ce0b59e-153f-4f41-8aed-492a76d80b48{ip: 192.168.151.99, host: pr-hdds-1569-g6sp5-2013761785, networkLocation: /default-rack, certSerialId: null}, Type:RATIS, Factor:ONE, State:OPEN]
2019-09-26 21:18:45,579 [grpc-default-executor-1] INFO  impl.RaftServerProxy (RaftServerProxy.java:addNew(89)) - 9ce0b59e-153f-4f41-8aed-492a76d80b48: addNew group-A3FA2A598FDD:[9ce0b59e-153f-4f41-8aed-492a76d80b48:192.168.151.99:34156] returns group-A3FA2A598FDD:java.util.concurrent.CompletableFuture@370b863d[Not completed]
2019-09-26 21:18:45,580 [pool-27-thread-1] INFO  impl.RaftServerImpl (RaftServerImpl.java:<init>(95)) - 9ce0b59e-153f-4f41-8aed-492a76d80b48: new RaftServerImpl for group-A3FA2A598FDD:[9ce0b59e-153f-4f41-8aed-492a76d80b48:192.168.151.99:34156] with ContainerStateMachine:uninitialized
2019-09-26 21:18:45,580 [pool-27-thread-1] INFO  server.RaftServerConfigKeys (ConfUtils.java:logGet(43)) - raft.server.rpc.timeout.min = 5s (custom)
2019-09-26 21:18:45,580 [pool-27-thread-1] INFO  server.RaftServerConfigKeys (ConfUtils.java:logGet(43)) - raft.server.rpc.timeout.max = 5200ms (custom)
2019-09-26 21:18:45,580 [pool-27-thread-1] INFO  server.RaftServerConfigKeys (ConfUtils.java:logGet(43)) - raft.server.rpcslowness.timeout = 120s (custom)
2019-09-26 21:18:45,580 [pool-27-thread-1] INFO  server.RaftServerConfigKeys (ConfUtils.java:logGet(43)) - raft.server.sleep.deviation.threshold = 300 (default)
2019-09-26 21:18:45,580 [pool-27-thread-1] INFO  server.RaftServerConfigKeys (ConfUtils.java:logGet(43)) - raft.server.log.appender.install.snapshot.enabled = false (custom)
2019-09-26 21:18:45,581 [pool-27-thread-1] INFO  impl.RaftServerImpl (ServerState.java:<init>(103)) - 9ce0b59e-153f-4f41-8aed-492a76d80b48@group-A3FA2A598FDD: ConfigurationManager, init=-1: [9ce0b59e-153f-4f41-8aed-492a76d80b48:192.168.151.99:34156], old=null, confs=<EMPTY_MAP>
2019-09-26 21:18:45,581 [pool-27-thread-1] INFO  server.RaftServerConfigKeys (ConfUtils.java:logGet(43)) - raft.server.storage.dir = [/workdir/hadoop-ozone/ozonefs/target/test-dir/MiniOzoneClusterImpl-5b64906c-d720-4906-b30c-b6d56a2122fd/datanode-0/data/ratis] (custom)
2019-09-26 21:18:45,581 [pool-27-thread-1] INFO  storage.RaftStorageDirectory (RaftStorageDirectory.java:analyzeStorage(246)) - The storage directory /workdir/hadoop-ozone/ozonefs/target/test-dir/MiniOzoneClusterImpl-5b64906c-d720-4906-b30c-b6d56a2122fd/datanode-0/data/ratis/5872d7dc-766a-498b-865e-a3fa2a598fdd does not exist. Creating ...
2019-09-26 21:18:45,594 [pool-27-thread-1] INFO  storage.RaftStorageDirectory (RaftStorageDirectory.java:tryLock(328)) - Lock on /workdir/hadoop-ozone/ozonefs/target/test-dir/MiniOzoneClusterImpl-5b64906c-d720-4906-b30c-b6d56a2122fd/datanode-0/data/ratis/5872d7dc-766a-498b-865e-a3fa2a598fdd/in_use.lock acquired by nodename 10701@pr-hdds-1569-g6sp5-2013761785
2019-09-26 21:18:45,611 [pool-27-thread-1] INFO  storage.RaftStorage (RaftStorage.java:format(72)) - Storage directory /workdir/hadoop-ozone/ozonefs/target/test-dir/MiniOzoneClusterImpl-5b64906c-d720-4906-b30c-b6d56a2122fd/datanode-0/data/ratis/5872d7dc-766a-498b-865e-a3fa2a598fdd has been successfully formatted.
2019-09-26 21:18:45,611 [pool-27-thread-1] INFO  ratis.ContainerStateMachine (ContainerStateMachine.java:loadSnapshot(230)) - group-A3FA2A598FDD: The snapshot info is null. Setting the last applied indexto:(t:0, i:~)
2019-09-26 21:18:45,611 [pool-27-thread-1] INFO  server.RaftServerConfigKeys (ConfUtils.java:logGet(43)) - raft.server.notification.no-leader.timeout = 120s (custom)
2019-09-26 21:18:45,612 [pool-27-thread-1] INFO  server.RaftServerConfigKeys (ConfUtils.java:logGet(43)) - raft.server.log.use.memory = false (default)
2019-09-26 21:18:45,612 [pool-27-thread-1] INFO  server.RaftServerConfigKeys (ConfUtils.java:logGet(43)) - raft.server.log.purge.gap = 1000000 (custom)
2019-09-26 21:18:45,612 [pool-27-thread-1] INFO  server.RaftServerConfigKeys (ConfUtils.java:logGet(43)) - raft.server.log.appender.buffer.byte-limit = 33554432 (custom)
2019-09-26 21:18:45,612 [pool-27-thread-1] INFO  server.RaftServerConfigKeys (ConfUtils.java:logGet(43)) - raft.server.log.segment.size.max = 1048576 (custom)
2019-09-26 21:18:45,612 [pool-27-thread-1] INFO  server.RaftServerConfigKeys (ConfUtils.java:logGet(43)) - raft.server.log.segment.cache.num.max = 2 (custom)
2019-09-26 21:18:45,612 [pool-27-thread-1] INFO  segmented.SegmentedRaftLogWorker (SegmentedRaftLogWorker.java:<init>(172)) - new 9ce0b59e-153f-4f41-8aed-492a76d80b48@group-A3FA2A598FDD-SegmentedRaftLogWorker for RaftStorage:Storage Directory /workdir/hadoop-ozone/ozonefs/target/test-dir/MiniOzoneClusterImpl-5b64906c-d720-4906-b30c-b6d56a2122fd/datanode-0/data/ratis/5872d7dc-766a-498b-865e-a3fa2a598fdd
2019-09-26 21:18:45,613 [pool-27-thread-1] INFO  server.RaftServerConfigKeys (ConfUtils.java:logGet(43)) - raft.server.log.queue.byte-limit = 2147483647 (custom)
2019-09-26 21:18:45,613 [pool-27-thread-1] INFO  server.RaftServerConfigKeys (ConfUtils.java:logGet(43)) - raft.server.log.queue.element-limit = 1024 (custom)
2019-09-26 21:18:45,613 [pool-27-thread-1] INFO  server.RaftServerConfigKeys (ConfUtils.java:logGet(43)) - raft.server.log.segment.size.max = 1048576 (custom)
2019-09-26 21:18:45,613 [pool-27-thread-1] INFO  server.RaftServerConfigKeys (ConfUtils.java:logGet(43)) - raft.server.log.preallocated.size = 16384 (custom)
2019-09-26 21:18:45,613 [pool-27-thread-1] INFO  server.RaftServerConfigKeys (ConfUtils.java:logGet(43)) - raft.server.log.write.buffer.size = 33554432 (custom)
2019-09-26 21:18:45,613 [pool-27-thread-1] INFO  server.RaftServerConfigKeys (ConfUtils.java:logGet(43)) - raft.server.log.force.sync.num = 128 (default)
2019-09-26 21:18:45,613 [pool-27-thread-1] INFO  server.RaftServerConfigKeys (ConfUtils.java:logGet(43)) - raft.server.log.statemachine.data.sync = true (default)
2019-09-26 21:18:45,613 [pool-27-thread-1] INFO  server.RaftServerConfigKeys (ConfUtils.java:logGet(43)) - raft.server.log.statemachine.data.sync.timeout = 10s (default)
2019-09-26 21:18:45,614 [pool-27-thread-1] INFO  server.RaftServerConfigKeys (ConfUtils.java:logGet(43)) - raft.server.log.statemachine.data.sync.timeout.retry = -1 (default)
2019-09-26 21:18:45,614 [pool-27-thread-1] INFO  server.RaftServerConfigKeys (ConfUtils.java:logGet(43)) - raft.server.log.statemachine.data.caching.enabled = true (custom)
2019-09-26 21:18:45,614 [pool-27-thread-1] INFO  segmented.SegmentedRaftLogWorker (SegmentedRaftLogWorker.java:lambda$new$0(132)) - 9ce0b59e-153f-4f41-8aed-492a76d80b48@group-A3FA2A598FDD-SegmentedRaftLogWorker: flushIndex: setUnconditionally 0 -> -1
2019-09-26 21:18:45,614 [pool-27-thread-1] INFO  server.RaftServerConfigKeys (ConfUtils.java:logGet(43)) - raft.server.snapshot.auto.trigger.enabled = true (custom)
2019-09-26 21:18:45,615 [pool-27-thread-1] INFO  server.RaftServerConfigKeys (ConfUtils.java:logGet(43)) - raft.server.snapshot.auto.trigger.threshold = 10000 (custom)
2019-09-26 21:18:45,615 [pool-27-thread-1] INFO  server.RaftServerConfigKeys (ConfUtils.java:logGet(43)) - raft.server.snapshot.retention.num.files = 5 (custom)
2019-09-26 21:18:45,615 [pool-27-thread-1] INFO  server.RaftServerConfigKeys (ConfUtils.java:logGet(43)) - raft.server.retrycache.expirytime = 600000ms (custom)
2019-09-26 21:18:45,617 [pool-27-thread-1] INFO  impl.RaftServerImpl (RaftServerImpl.java:start(185)) - 9ce0b59e-153f-4f41-8aed-492a76d80b48@group-A3FA2A598FDD: start as a follower, conf=-1: [9ce0b59e-153f-4f41-8aed-492a76d80b48:192.168.151.99:34156], old=null
2019-09-26 21:18:45,618 [pool-27-thread-1] INFO  impl.RaftServerImpl (RaftServerImpl.java:setRole(174)) - 9ce0b59e-153f-4f41-8aed-492a76d80b48@group-A3FA2A598FDD: changes role from      null to FOLLOWER at term 0 for startAsFollower
2019-09-26 21:18:45,618 [pool-27-thread-1] INFO  impl.RoleInfo (RoleInfo.java:updateAndGet(143)) - 9ce0b59e-153f-4f41-8aed-492a76d80b48: start FollowerState
2019-09-26 21:18:45,618 [pool-27-thread-1] INFO  util.JmxRegister (JmxRegister.java:tryRegister(44)) - Successfully registered JMX Bean with object name Ratis:service=RaftServer,group=group-A3FA2A598FDD,id=9ce0b59e-153f-4f41-8aed-492a76d80b48
2019-09-26 21:18:45,621 [RatisPipelineUtilsThread] INFO  pipeline.PipelineStateManager (PipelineStateManager.java:addPipeline(56)) - Created pipeline Pipeline[ Id: 5872d7dc-766a-498b-865e-a3fa2a598fdd, Nodes: 9ce0b59e-153f-4f41-8aed-492a76d80b48{ip: 192.168.151.99, host: pr-hdds-1569-g6sp5-2013761785, networkLocation: /default-rack, certSerialId: null}, Type:RATIS, Factor:ONE, State:OPEN]
2019-09-26 21:18:45,627 [grpc-default-executor-1] INFO  impl.RaftServerProxy (RaftServerProxy.java:addNew(89)) - 1178c3ae-d0b4-4d44-b144-fe8504cc41ac: addNew group-9C464044730D:[1178c3ae-d0b4-4d44-b144-fe8504cc41ac:192.168.151.99:33787] returns group-9C464044730D:java.util.concurrent.CompletableFuture@2f18fae0[Not completed]
2019-09-26 21:18:45,629 [pool-37-thread-1] INFO  impl.RaftServerImpl (RaftServerImpl.java:<init>(95)) - 1178c3ae-d0b4-4d44-b144-fe8504cc41ac: new RaftServerImpl for group-9C464044730D:[1178c3ae-d0b4-4d44-b144-fe8504cc41ac:192.168.151.99:33787] with ContainerStateMachine:uninitialized
2019-09-26 21:18:45,629 [pool-37-thread-1] INFO  server.RaftServerConfigKeys (ConfUtils.java:logGet(43)) - raft.server.rpc.timeout.min = 5s (custom)
2019-09-26 21:18:45,629 [pool-37-thread-1] INFO  server.RaftServerConfigKeys (ConfUtils.java:logGet(43)) - raft.server.rpc.timeout.max = 5200ms (custom)
2019-09-26 21:18:45,629 [pool-37-thread-1] INFO  server.RaftServerConfigKeys (ConfUtils.java:logGet(43)) - raft.server.rpcslowness.timeout = 120s (custom)
2019-09-26 21:18:45,630 [pool-37-thread-1] INFO  server.RaftServerConfigKeys (ConfUtils.java:logGet(43)) - raft.server.sleep.deviation.threshold = 300 (default)
2019-09-26 21:18:45,630 [pool-37-thread-1] INFO  server.RaftServerConfigKeys (ConfUtils.java:logGet(43)) - raft.server.log.appender.install.snapshot.enabled = false (custom)
2019-09-26 21:18:45,630 [pool-37-thread-1] INFO  impl.RaftServerImpl (ServerState.java:<init>(103)) - 1178c3ae-d0b4-4d44-b144-fe8504cc41ac@group-9C464044730D: ConfigurationManager, init=-1: [1178c3ae-d0b4-4d44-b144-fe8504cc41ac:192.168.151.99:33787], old=null, confs=<EMPTY_MAP>
2019-09-26 21:18:45,630 [pool-37-thread-1] INFO  server.RaftServerConfigKeys (ConfUtils.java:logGet(43)) - raft.server.storage.dir = [/workdir/hadoop-ozone/ozonefs/target/test-dir/MiniOzoneClusterImpl-5b64906c-d720-4906-b30c-b6d56a2122fd/datanode-1/data/ratis] (custom)
2019-09-26 21:18:45,631 [pool-37-thread-1] INFO  storage.RaftStorageDirectory (RaftStorageDirectory.java:analyzeStorage(246)) - The storage directory /workdir/hadoop-ozone/ozonefs/target/test-dir/MiniOzoneClusterImpl-5b64906c-d720-4906-b30c-b6d56a2122fd/datanode-1/data/ratis/bb7f349e-d81d-432a-ac75-9c464044730d does not exist. Creating ...
2019-09-26 21:18:45,644 [pool-37-thread-1] INFO  storage.RaftStorageDirectory (RaftStorageDirectory.java:tryLock(328)) - Lock on /workdir/hadoop-ozone/ozonefs/target/test-dir/MiniOzoneClusterImpl-5b64906c-d720-4906-b30c-b6d56a2122fd/datanode-1/data/ratis/bb7f349e-d81d-432a-ac75-9c464044730d/in_use.lock acquired by nodename 10701@pr-hdds-1569-g6sp5-2013761785
2019-09-26 21:18:45,657 [pool-37-thread-1] INFO  storage.RaftStorage (RaftStorage.java:format(72)) - Storage directory /workdir/hadoop-ozone/ozonefs/target/test-dir/MiniOzoneClusterImpl-5b64906c-d720-4906-b30c-b6d56a2122fd/datanode-1/data/ratis/bb7f349e-d81d-432a-ac75-9c464044730d has been successfully formatted.
2019-09-26 21:18:45,658 [pool-37-thread-1] INFO  ratis.ContainerStateMachine (ContainerStateMachine.java:loadSnapshot(230)) - group-9C464044730D: The snapshot info is null. Setting the last applied indexto:(t:0, i:~)
2019-09-26 21:18:45,658 [pool-37-thread-1] INFO  server.RaftServerConfigKeys (ConfUtils.java:logGet(43)) - raft.server.notification.no-leader.timeout = 120s (custom)
2019-09-26 21:18:45,658 [pool-37-thread-1] INFO  server.RaftServerConfigKeys (ConfUtils.java:logGet(43)) - raft.server.log.use.memory = false (default)
2019-09-26 21:18:45,658 [pool-37-thread-1] INFO  server.RaftServerConfigKeys (ConfUtils.java:logGet(43)) - raft.server.log.purge.gap = 1000000 (custom)
2019-09-26 21:18:45,658 [pool-37-thread-1] INFO  server.RaftServerConfigKeys (ConfUtils.java:logGet(43)) - raft.server.log.appender.buffer.byte-limit = 33554432 (custom)
2019-09-26 21:18:45,659 [pool-37-thread-1] INFO  server.RaftServerConfigKeys (ConfUtils.java:logGet(43)) - raft.server.log.segment.size.max = 1048576 (custom)
2019-09-26 21:18:45,659 [pool-37-thread-1] INFO  server.RaftServerConfigKeys (ConfUtils.java:logGet(43)) - raft.server.log.segment.cache.num.max = 2 (custom)
2019-09-26 21:18:45,659 [pool-37-thread-1] INFO  segmented.SegmentedRaftLogWorker (SegmentedRaftLogWorker.java:<init>(172)) - new 1178c3ae-d0b4-4d44-b144-fe8504cc41ac@group-9C464044730D-SegmentedRaftLogWorker for RaftStorage:Storage Directory /workdir/hadoop-ozone/ozonefs/target/test-dir/MiniOzoneClusterImpl-5b64906c-d720-4906-b30c-b6d56a2122fd/datanode-1/data/ratis/bb7f349e-d81d-432a-ac75-9c464044730d
2019-09-26 21:18:45,659 [pool-37-thread-1] INFO  server.RaftServerConfigKeys (ConfUtils.java:logGet(43)) - raft.server.log.queue.byte-limit = 2147483647 (custom)
2019-09-26 21:18:45,659 [pool-37-thread-1] INFO  server.RaftServerConfigKeys (ConfUtils.java:logGet(43)) - raft.server.log.queue.element-limit = 1024 (custom)
2019-09-26 21:18:45,659 [pool-37-thread-1] INFO  server.RaftServerConfigKeys (ConfUtils.java:logGet(43)) - raft.server.log.segment.size.max = 1048576 (custom)
2019-09-26 21:18:45,660 [pool-37-thread-1] INFO  server.RaftServerConfigKeys (ConfUtils.java:logGet(43)) - raft.server.log.preallocated.size = 16384 (custom)
2019-09-26 21:18:45,660 [pool-37-thread-1] INFO  server.RaftServerConfigKeys (ConfUtils.java:logGet(43)) - raft.server.log.write.buffer.size = 33554432 (custom)
2019-09-26 21:18:45,660 [pool-37-thread-1] INFO  server.RaftServerConfigKeys (ConfUtils.java:logGet(43)) - raft.server.log.force.sync.num = 128 (default)
2019-09-26 21:18:45,660 [pool-37-thread-1] INFO  server.RaftServerConfigKeys (ConfUtils.java:logGet(43)) - raft.server.log.statemachine.data.sync = true (default)
2019-09-26 21:18:45,660 [pool-37-thread-1] INFO  server.RaftServerConfigKeys (ConfUtils.java:logGet(43)) - raft.server.log.statemachine.data.sync.timeout = 10s (default)
2019-09-26 21:18:45,660 [pool-37-thread-1] INFO  server.RaftServerConfigKeys (ConfUtils.java:logGet(43)) - raft.server.log.statemachine.data.sync.timeout.retry = -1 (default)
2019-09-26 21:18:45,661 [pool-37-thread-1] INFO  server.RaftServerConfigKeys (ConfUtils.java:logGet(43)) - raft.server.log.statemachine.data.caching.enabled = true (custom)
2019-09-26 21:18:45,661 [pool-37-thread-1] INFO  segmented.SegmentedRaftLogWorker (SegmentedRaftLogWorker.java:lambda$new$0(132)) - 1178c3ae-d0b4-4d44-b144-fe8504cc41ac@group-9C464044730D-SegmentedRaftLogWorker: flushIndex: setUnconditionally 0 -> -1
2019-09-26 21:18:45,661 [pool-37-thread-1] INFO  server.RaftServerConfigKeys (ConfUtils.java:logGet(43)) - raft.server.snapshot.auto.trigger.enabled = true (custom)
2019-09-26 21:18:45,662 [pool-37-thread-1] INFO  server.RaftServerConfigKeys (ConfUtils.java:logGet(43)) - raft.server.snapshot.auto.trigger.threshold = 10000 (custom)
2019-09-26 21:18:45,662 [pool-37-thread-1] INFO  server.RaftServerConfigKeys (ConfUtils.java:logGet(43)) - raft.server.snapshot.retention.num.files = 5 (custom)
2019-09-26 21:18:45,662 [pool-37-thread-1] INFO  server.RaftServerConfigKeys (ConfUtils.java:logGet(43)) - raft.server.retrycache.expirytime = 600000ms (custom)
2019-09-26 21:18:45,665 [pool-37-thread-1] INFO  impl.RaftServerImpl (RaftServerImpl.java:start(185)) - 1178c3ae-d0b4-4d44-b144-fe8504cc41ac@group-9C464044730D: start as a follower, conf=-1: [1178c3ae-d0b4-4d44-b144-fe8504cc41ac:192.168.151.99:33787], old=null
2019-09-26 21:18:45,665 [pool-37-thread-1] INFO  impl.RaftServerImpl (RaftServerImpl.java:setRole(174)) - 1178c3ae-d0b4-4d44-b144-fe8504cc41ac@group-9C464044730D: changes role from      null to FOLLOWER at term 0 for startAsFollower
2019-09-26 21:18:45,665 [pool-37-thread-1] INFO  impl.RoleInfo (RoleInfo.java:updateAndGet(143)) - 1178c3ae-d0b4-4d44-b144-fe8504cc41ac: start FollowerState
2019-09-26 21:18:45,666 [pool-37-thread-1] INFO  util.JmxRegister (JmxRegister.java:tryRegister(44)) - Successfully registered JMX Bean with object name Ratis:service=RaftServer,group=group-9C464044730D,id=1178c3ae-d0b4-4d44-b144-fe8504cc41ac
2019-09-26 21:18:45,669 [RatisPipelineUtilsThread] INFO  pipeline.PipelineStateManager (PipelineStateManager.java:addPipeline(56)) - Created pipeline Pipeline[ Id: bb7f349e-d81d-432a-ac75-9c464044730d, Nodes: 1178c3ae-d0b4-4d44-b144-fe8504cc41ac{ip: 192.168.151.99, host: pr-hdds-1569-g6sp5-2013761785, networkLocation: /default-rack, certSerialId: null}, Type:RATIS, Factor:ONE, State:OPEN]
2019-09-26 21:18:45,676 [grpc-default-executor-1] INFO  impl.RaftServerProxy (RaftServerProxy.java:addNew(89)) - 1178c3ae-d0b4-4d44-b144-fe8504cc41ac: addNew group-AFF9EEA85834:[1178c3ae-d0b4-4d44-b144-fe8504cc41ac:192.168.151.99:33787] returns group-AFF9EEA85834:java.util.concurrent.CompletableFuture@2c0f6d59[Not completed]
2019-09-26 21:18:45,679 [pool-37-thread-1] INFO  impl.RaftServerImpl (RaftServerImpl.java:<init>(95)) - 1178c3ae-d0b4-4d44-b144-fe8504cc41ac: new RaftServerImpl for group-AFF9EEA85834:[1178c3ae-d0b4-4d44-b144-fe8504cc41ac:192.168.151.99:33787] with ContainerStateMachine:uninitialized
2019-09-26 21:18:45,679 [pool-37-thread-1] INFO  server.RaftServerConfigKeys (ConfUtils.java:logGet(43)) - raft.server.rpc.timeout.min = 5s (custom)
2019-09-26 21:18:45,679 [pool-37-thread-1] INFO  server.RaftServerConfigKeys (ConfUtils.java:logGet(43)) - raft.server.rpc.timeout.max = 5200ms (custom)
2019-09-26 21:18:45,679 [pool-37-thread-1] INFO  server.RaftServerConfigKeys (ConfUtils.java:logGet(43)) - raft.server.rpcslowness.timeout = 120s (custom)
2019-09-26 21:18:45,680 [pool-37-thread-1] INFO  server.RaftServerConfigKeys (ConfUtils.java:logGet(43)) - raft.server.sleep.deviation.threshold = 300 (default)
2019-09-26 21:18:45,680 [pool-37-thread-1] INFO  server.RaftServerConfigKeys (ConfUtils.java:logGet(43)) - raft.server.log.appender.install.snapshot.enabled = false (custom)
2019-09-26 21:18:45,680 [pool-37-thread-1] INFO  impl.RaftServerImpl (ServerState.java:<init>(103)) - 1178c3ae-d0b4-4d44-b144-fe8504cc41ac@group-AFF9EEA85834: ConfigurationManager, init=-1: [1178c3ae-d0b4-4d44-b144-fe8504cc41ac:192.168.151.99:33787], old=null, confs=<EMPTY_MAP>
2019-09-26 21:18:45,681 [pool-37-thread-1] INFO  server.RaftServerConfigKeys (ConfUtils.java:logGet(43)) - raft.server.storage.dir = [/workdir/hadoop-ozone/ozonefs/target/test-dir/MiniOzoneClusterImpl-5b64906c-d720-4906-b30c-b6d56a2122fd/datanode-1/data/ratis] (custom)
2019-09-26 21:18:45,682 [pool-37-thread-1] INFO  storage.RaftStorageDirectory (RaftStorageDirectory.java:analyzeStorage(246)) - The storage directory /workdir/hadoop-ozone/ozonefs/target/test-dir/MiniOzoneClusterImpl-5b64906c-d720-4906-b30c-b6d56a2122fd/datanode-1/data/ratis/dde8e817-ff78-498c-aee4-aff9eea85834 does not exist. Creating ...
2019-09-26 21:18:45,695 [pool-37-thread-1] INFO  storage.RaftStorageDirectory (RaftStorageDirectory.java:tryLock(328)) - Lock on /workdir/hadoop-ozone/ozonefs/target/test-dir/MiniOzoneClusterImpl-5b64906c-d720-4906-b30c-b6d56a2122fd/datanode-1/data/ratis/dde8e817-ff78-498c-aee4-aff9eea85834/in_use.lock acquired by nodename 10701@pr-hdds-1569-g6sp5-2013761785
2019-09-26 21:18:45,708 [pool-37-thread-1] INFO  storage.RaftStorage (RaftStorage.java:format(72)) - Storage directory /workdir/hadoop-ozone/ozonefs/target/test-dir/MiniOzoneClusterImpl-5b64906c-d720-4906-b30c-b6d56a2122fd/datanode-1/data/ratis/dde8e817-ff78-498c-aee4-aff9eea85834 has been successfully formatted.
2019-09-26 21:18:45,709 [pool-37-thread-1] INFO  ratis.ContainerStateMachine (ContainerStateMachine.java:loadSnapshot(230)) - group-AFF9EEA85834: The snapshot info is null. Setting the last applied indexto:(t:0, i:~)
2019-09-26 21:18:45,709 [pool-37-thread-1] INFO  server.RaftServerConfigKeys (ConfUtils.java:logGet(43)) - raft.server.notification.no-leader.timeout = 120s (custom)
2019-09-26 21:18:45,709 [pool-37-thread-1] INFO  server.RaftServerConfigKeys (ConfUtils.java:logGet(43)) - raft.server.log.use.memory = false (default)
2019-09-26 21:18:45,709 [pool-37-thread-1] INFO  server.RaftServerConfigKeys (ConfUtils.java:logGet(43)) - raft.server.log.purge.gap = 1000000 (custom)
2019-09-26 21:18:45,709 [pool-37-thread-1] INFO  server.RaftServerConfigKeys (ConfUtils.java:logGet(43)) - raft.server.log.appender.buffer.byte-limit = 33554432 (custom)
2019-09-26 21:18:45,710 [pool-37-thread-1] INFO  server.RaftServerConfigKeys (ConfUtils.java:logGet(43)) - raft.server.log.segment.size.max = 1048576 (custom)
2019-09-26 21:18:45,710 [pool-37-thread-1] INFO  server.RaftServerConfigKeys (ConfUtils.java:logGet(43)) - raft.server.log.segment.cache.num.max = 2 (custom)
2019-09-26 21:18:45,710 [pool-37-thread-1] INFO  segmented.SegmentedRaftLogWorker (SegmentedRaftLogWorker.java:<init>(172)) - new 1178c3ae-d0b4-4d44-b144-fe8504cc41ac@group-AFF9EEA85834-SegmentedRaftLogWorker for RaftStorage:Storage Directory /workdir/hadoop-ozone/ozonefs/target/test-dir/MiniOzoneClusterImpl-5b64906c-d720-4906-b30c-b6d56a2122fd/datanode-1/data/ratis/dde8e817-ff78-498c-aee4-aff9eea85834
2019-09-26 21:18:45,710 [pool-37-thread-1] INFO  server.RaftServerConfigKeys (ConfUtils.java:logGet(43)) - raft.server.log.queue.byte-limit = 2147483647 (custom)
2019-09-26 21:18:45,710 [pool-37-thread-1] INFO  server.RaftServerConfigKeys (ConfUtils.java:logGet(43)) - raft.server.log.queue.element-limit = 1024 (custom)
2019-09-26 21:18:45,711 [pool-37-thread-1] INFO  server.RaftServerConfigKeys (ConfUtils.java:logGet(43)) - raft.server.log.segment.size.max = 1048576 (custom)
2019-09-26 21:18:45,711 [pool-37-thread-1] INFO  server.RaftServerConfigKeys (ConfUtils.java:logGet(43)) - raft.server.log.preallocated.size = 16384 (custom)
2019-09-26 21:18:45,711 [pool-37-thread-1] INFO  server.RaftServerConfigKeys (ConfUtils.java:logGet(43)) - raft.server.log.write.buffer.size = 33554432 (custom)
2019-09-26 21:18:45,711 [pool-37-thread-1] INFO  server.RaftServerConfigKeys (ConfUtils.java:logGet(43)) - raft.server.log.force.sync.num = 128 (default)
2019-09-26 21:18:45,711 [pool-37-thread-1] INFO  server.RaftServerConfigKeys (ConfUtils.java:logGet(43)) - raft.server.log.statemachine.data.sync = true (default)
2019-09-26 21:18:45,712 [pool-37-thread-1] INFO  server.RaftServerConfigKeys (ConfUtils.java:logGet(43)) - raft.server.log.statemachine.data.sync.timeout = 10s (default)
2019-09-26 21:18:45,712 [pool-37-thread-1] INFO  server.RaftServerConfigKeys (ConfUtils.java:logGet(43)) - raft.server.log.statemachine.data.sync.timeout.retry = -1 (default)
2019-09-26 21:18:45,712 [pool-37-thread-1] INFO  server.RaftServerConfigKeys (ConfUtils.java:logGet(43)) - raft.server.log.statemachine.data.caching.enabled = true (custom)
2019-09-26 21:18:45,712 [pool-37-thread-1] INFO  segmented.SegmentedRaftLogWorker (SegmentedRaftLogWorker.java:lambda$new$0(132)) - 1178c3ae-d0b4-4d44-b144-fe8504cc41ac@group-AFF9EEA85834-SegmentedRaftLogWorker: flushIndex: setUnconditionally 0 -> -1
2019-09-26 21:18:45,713 [pool-37-thread-1] INFO  server.RaftServerConfigKeys (ConfUtils.java:logGet(43)) - raft.server.snapshot.auto.trigger.enabled = true (custom)
2019-09-26 21:18:45,713 [pool-37-thread-1] INFO  server.RaftServerConfigKeys (ConfUtils.java:logGet(43)) - raft.server.snapshot.auto.trigger.threshold = 10000 (custom)
2019-09-26 21:18:45,713 [pool-37-thread-1] INFO  server.RaftServerConfigKeys (ConfUtils.java:logGet(43)) - raft.server.snapshot.retention.num.files = 5 (custom)
2019-09-26 21:18:45,713 [pool-37-thread-1] INFO  server.RaftServerConfigKeys (ConfUtils.java:logGet(43)) - raft.server.retrycache.expirytime = 600000ms (custom)
2019-09-26 21:18:45,717 [pool-37-thread-1] INFO  impl.RaftServerImpl (RaftServerImpl.java:start(185)) - 1178c3ae-d0b4-4d44-b144-fe8504cc41ac@group-AFF9EEA85834: start as a follower, conf=-1: [1178c3ae-d0b4-4d44-b144-fe8504cc41ac:192.168.151.99:33787], old=null
2019-09-26 21:18:45,717 [pool-37-thread-1] INFO  impl.RaftServerImpl (RaftServerImpl.java:setRole(174)) - 1178c3ae-d0b4-4d44-b144-fe8504cc41ac@group-AFF9EEA85834: changes role from      null to FOLLOWER at term 0 for startAsFollower
2019-09-26 21:18:45,717 [pool-37-thread-1] INFO  impl.RoleInfo (RoleInfo.java:updateAndGet(143)) - 1178c3ae-d0b4-4d44-b144-fe8504cc41ac: start FollowerState
2019-09-26 21:18:45,718 [pool-37-thread-1] INFO  util.JmxRegister (JmxRegister.java:tryRegister(44)) - Successfully registered JMX Bean with object name Ratis:service=RaftServer,group=group-AFF9EEA85834,id=1178c3ae-d0b4-4d44-b144-fe8504cc41ac
2019-09-26 21:18:45,721 [RatisPipelineUtilsThread] INFO  pipeline.PipelineStateManager (PipelineStateManager.java:addPipeline(56)) - Created pipeline Pipeline[ Id: dde8e817-ff78-498c-aee4-aff9eea85834, Nodes: 1178c3ae-d0b4-4d44-b144-fe8504cc41ac{ip: 192.168.151.99, host: pr-hdds-1569-g6sp5-2013761785, networkLocation: /default-rack, certSerialId: null}, Type:RATIS, Factor:ONE, State:OPEN]
2019-09-26 21:18:45,727 [grpc-default-executor-1] INFO  impl.RaftServerProxy (RaftServerProxy.java:addNew(89)) - da833d8d-e72a-4068-9560-4daa2d83adc2: addNew group-8503FE4C4ED6:[da833d8d-e72a-4068-9560-4daa2d83adc2:192.168.151.99:38903] returns group-8503FE4C4ED6:java.util.concurrent.CompletableFuture@228c9273[Not completed]
2019-09-26 21:18:45,728 [pool-67-thread-1] INFO  impl.RaftServerImpl (RaftServerImpl.java:<init>(95)) - da833d8d-e72a-4068-9560-4daa2d83adc2: new RaftServerImpl for group-8503FE4C4ED6:[da833d8d-e72a-4068-9560-4daa2d83adc2:192.168.151.99:38903] with ContainerStateMachine:uninitialized
2019-09-26 21:18:45,728 [pool-67-thread-1] INFO  server.RaftServerConfigKeys (ConfUtils.java:logGet(43)) - raft.server.rpc.timeout.min = 5s (custom)
2019-09-26 21:18:45,729 [pool-67-thread-1] INFO  server.RaftServerConfigKeys (ConfUtils.java:logGet(43)) - raft.server.rpc.timeout.max = 5200ms (custom)
2019-09-26 21:18:45,729 [pool-67-thread-1] INFO  server.RaftServerConfigKeys (ConfUtils.java:logGet(43)) - raft.server.rpcslowness.timeout = 120s (custom)
2019-09-26 21:18:45,729 [pool-67-thread-1] INFO  server.RaftServerConfigKeys (ConfUtils.java:logGet(43)) - raft.server.sleep.deviation.threshold = 300 (default)
2019-09-26 21:18:45,729 [pool-67-thread-1] INFO  server.RaftServerConfigKeys (ConfUtils.java:logGet(43)) - raft.server.log.appender.install.snapshot.enabled = false (custom)
2019-09-26 21:18:45,729 [pool-67-thread-1] INFO  impl.RaftServerImpl (ServerState.java:<init>(103)) - da833d8d-e72a-4068-9560-4daa2d83adc2@group-8503FE4C4ED6: ConfigurationManager, init=-1: [da833d8d-e72a-4068-9560-4daa2d83adc2:192.168.151.99:38903], old=null, confs=<EMPTY_MAP>
2019-09-26 21:18:45,730 [pool-67-thread-1] INFO  server.RaftServerConfigKeys (ConfUtils.java:logGet(43)) - raft.server.storage.dir = [/workdir/hadoop-ozone/ozonefs/target/test-dir/MiniOzoneClusterImpl-5b64906c-d720-4906-b30c-b6d56a2122fd/datanode-4/data/ratis] (custom)
2019-09-26 21:18:45,730 [pool-67-thread-1] INFO  storage.RaftStorageDirectory (RaftStorageDirectory.java:analyzeStorage(246)) - The storage directory /workdir/hadoop-ozone/ozonefs/target/test-dir/MiniOzoneClusterImpl-5b64906c-d720-4906-b30c-b6d56a2122fd/datanode-4/data/ratis/94e38f55-cec8-498f-8595-8503fe4c4ed6 does not exist. Creating ...
2019-09-26 21:18:45,743 [pool-67-thread-1] INFO  storage.RaftStorageDirectory (RaftStorageDirectory.java:tryLock(328)) - Lock on /workdir/hadoop-ozone/ozonefs/target/test-dir/MiniOzoneClusterImpl-5b64906c-d720-4906-b30c-b6d56a2122fd/datanode-4/data/ratis/94e38f55-cec8-498f-8595-8503fe4c4ed6/in_use.lock acquired by nodename 10701@pr-hdds-1569-g6sp5-2013761785
2019-09-26 21:18:45,756 [pool-67-thread-1] INFO  storage.RaftStorage (RaftStorage.java:format(72)) - Storage directory /workdir/hadoop-ozone/ozonefs/target/test-dir/MiniOzoneClusterImpl-5b64906c-d720-4906-b30c-b6d56a2122fd/datanode-4/data/ratis/94e38f55-cec8-498f-8595-8503fe4c4ed6 has been successfully formatted.
2019-09-26 21:18:45,756 [pool-67-thread-1] INFO  ratis.ContainerStateMachine (ContainerStateMachine.java:loadSnapshot(230)) - group-8503FE4C4ED6: The snapshot info is null. Setting the last applied indexto:(t:0, i:~)
2019-09-26 21:18:45,756 [pool-67-thread-1] INFO  server.RaftServerConfigKeys (ConfUtils.java:logGet(43)) - raft.server.notification.no-leader.timeout = 120s (custom)
2019-09-26 21:18:45,756 [pool-67-thread-1] INFO  server.RaftServerConfigKeys (ConfUtils.java:logGet(43)) - raft.server.log.use.memory = false (default)
2019-09-26 21:18:45,756 [pool-67-thread-1] INFO  server.RaftServerConfigKeys (ConfUtils.java:logGet(43)) - raft.server.log.purge.gap = 1000000 (custom)
2019-09-26 21:18:45,757 [pool-67-thread-1] INFO  server.RaftServerConfigKeys (ConfUtils.java:logGet(43)) - raft.server.log.appender.buffer.byte-limit = 33554432 (custom)
2019-09-26 21:18:45,757 [pool-67-thread-1] INFO  server.RaftServerConfigKeys (ConfUtils.java:logGet(43)) - raft.server.log.segment.size.max = 1048576 (custom)
2019-09-26 21:18:45,757 [pool-67-thread-1] INFO  server.RaftServerConfigKeys (ConfUtils.java:logGet(43)) - raft.server.log.segment.cache.num.max = 2 (custom)
2019-09-26 21:18:45,757 [pool-67-thread-1] INFO  segmented.SegmentedRaftLogWorker (SegmentedRaftLogWorker.java:<init>(172)) - new da833d8d-e72a-4068-9560-4daa2d83adc2@group-8503FE4C4ED6-SegmentedRaftLogWorker for RaftStorage:Storage Directory /workdir/hadoop-ozone/ozonefs/target/test-dir/MiniOzoneClusterImpl-5b64906c-d720-4906-b30c-b6d56a2122fd/datanode-4/data/ratis/94e38f55-cec8-498f-8595-8503fe4c4ed6
2019-09-26 21:18:45,757 [pool-67-thread-1] INFO  server.RaftServerConfigKeys (ConfUtils.java:logGet(43)) - raft.server.log.queue.byte-limit = 2147483647 (custom)
2019-09-26 21:18:45,757 [pool-67-thread-1] INFO  server.RaftServerConfigKeys (ConfUtils.java:logGet(43)) - raft.server.log.queue.element-limit = 1024 (custom)
2019-09-26 21:18:45,758 [pool-67-thread-1] INFO  server.RaftServerConfigKeys (ConfUtils.java:logGet(43)) - raft.server.log.segment.size.max = 1048576 (custom)
2019-09-26 21:18:45,758 [pool-67-thread-1] INFO  server.RaftServerConfigKeys (ConfUtils.java:logGet(43)) - raft.server.log.preallocated.size = 16384 (custom)
2019-09-26 21:18:45,758 [pool-67-thread-1] INFO  server.RaftServerConfigKeys (ConfUtils.java:logGet(43)) - raft.server.log.write.buffer.size = 33554432 (custom)
2019-09-26 21:18:45,758 [pool-67-thread-1] INFO  server.RaftServerConfigKeys (ConfUtils.java:logGet(43)) - raft.server.log.force.sync.num = 128 (default)
2019-09-26 21:18:45,758 [pool-67-thread-1] INFO  server.RaftServerConfigKeys (ConfUtils.java:logGet(43)) - raft.server.log.statemachine.data.sync = true (default)
2019-09-26 21:18:45,759 [pool-67-thread-1] INFO  server.RaftServerConfigKeys (ConfUtils.java:logGet(43)) - raft.server.log.statemachine.data.sync.timeout = 10s (default)
2019-09-26 21:18:45,759 [pool-67-thread-1] INFO  server.RaftServerConfigKeys (ConfUtils.java:logGet(43)) - raft.server.log.statemachine.data.sync.timeout.retry = -1 (default)
2019-09-26 21:18:45,759 [pool-67-thread-1] INFO  server.RaftServerConfigKeys (ConfUtils.java:logGet(43)) - raft.server.log.statemachine.data.caching.enabled = true (custom)
2019-09-26 21:18:45,759 [pool-67-thread-1] INFO  segmented.SegmentedRaftLogWorker (SegmentedRaftLogWorker.java:lambda$new$0(132)) - da833d8d-e72a-4068-9560-4daa2d83adc2@group-8503FE4C4ED6-SegmentedRaftLogWorker: flushIndex: setUnconditionally 0 -> -1
2019-09-26 21:18:45,760 [pool-67-thread-1] INFO  server.RaftServerConfigKeys (ConfUtils.java:logGet(43)) - raft.server.snapshot.auto.trigger.enabled = true (custom)
2019-09-26 21:18:45,760 [pool-67-thread-1] INFO  server.RaftServerConfigKeys (ConfUtils.java:logGet(43)) - raft.server.snapshot.auto.trigger.threshold = 10000 (custom)
2019-09-26 21:18:45,760 [pool-67-thread-1] INFO  server.RaftServerConfigKeys (ConfUtils.java:logGet(43)) - raft.server.snapshot.retention.num.files = 5 (custom)
2019-09-26 21:18:45,760 [pool-67-thread-1] INFO  server.RaftServerConfigKeys (ConfUtils.java:logGet(43)) - raft.server.retrycache.expirytime = 600000ms (custom)
2019-09-26 21:18:45,763 [pool-67-thread-1] INFO  impl.RaftServerImpl (RaftServerImpl.java:start(185)) - da833d8d-e72a-4068-9560-4daa2d83adc2@group-8503FE4C4ED6: start as a follower, conf=-1: [da833d8d-e72a-4068-9560-4daa2d83adc2:192.168.151.99:38903], old=null
2019-09-26 21:18:45,763 [pool-67-thread-1] INFO  impl.RaftServerImpl (RaftServerImpl.java:setRole(174)) - da833d8d-e72a-4068-9560-4daa2d83adc2@group-8503FE4C4ED6: changes role from      null to FOLLOWER at term 0 for startAsFollower
2019-09-26 21:18:45,763 [pool-67-thread-1] INFO  impl.RoleInfo (RoleInfo.java:updateAndGet(143)) - da833d8d-e72a-4068-9560-4daa2d83adc2: start FollowerState
2019-09-26 21:18:45,764 [pool-67-thread-1] INFO  util.JmxRegister (JmxRegister.java:tryRegister(44)) - Successfully registered JMX Bean with object name Ratis:service=RaftServer,group=group-8503FE4C4ED6,id=da833d8d-e72a-4068-9560-4daa2d83adc2
2019-09-26 21:18:45,766 [RatisPipelineUtilsThread] INFO  pipeline.PipelineStateManager (PipelineStateManager.java:addPipeline(56)) - Created pipeline Pipeline[ Id: 94e38f55-cec8-498f-8595-8503fe4c4ed6, Nodes: da833d8d-e72a-4068-9560-4daa2d83adc2{ip: 192.168.151.99, host: pr-hdds-1569-g6sp5-2013761785, networkLocation: /default-rack, certSerialId: null}, Type:RATIS, Factor:ONE, State:OPEN]
2019-09-26 21:18:45,772 [grpc-default-executor-1] INFO  impl.RaftServerProxy (RaftServerProxy.java:addNew(89)) - 9ce0b59e-153f-4f41-8aed-492a76d80b48: addNew group-AE36C37E9125:[9ce0b59e-153f-4f41-8aed-492a76d80b48:192.168.151.99:34156] returns group-AE36C37E9125:java.util.concurrent.CompletableFuture@43d9ac1b[Not completed]
2019-09-26 21:18:45,773 [pool-27-thread-1] INFO  impl.RaftServerImpl (RaftServerImpl.java:<init>(95)) - 9ce0b59e-153f-4f41-8aed-492a76d80b48: new RaftServerImpl for group-AE36C37E9125:[9ce0b59e-153f-4f41-8aed-492a76d80b48:192.168.151.99:34156] with ContainerStateMachine:uninitialized
2019-09-26 21:18:45,773 [pool-27-thread-1] INFO  server.RaftServerConfigKeys (ConfUtils.java:logGet(43)) - raft.server.rpc.timeout.min = 5s (custom)
2019-09-26 21:18:45,773 [pool-27-thread-1] INFO  server.RaftServerConfigKeys (ConfUtils.java:logGet(43)) - raft.server.rpc.timeout.max = 5200ms (custom)
2019-09-26 21:18:45,773 [pool-27-thread-1] INFO  server.RaftServerConfigKeys (ConfUtils.java:logGet(43)) - raft.server.rpcslowness.timeout = 120s (custom)
2019-09-26 21:18:45,774 [pool-27-thread-1] INFO  server.RaftServerConfigKeys (ConfUtils.java:logGet(43)) - raft.server.sleep.deviation.threshold = 300 (default)
2019-09-26 21:18:45,774 [pool-27-thread-1] INFO  server.RaftServerConfigKeys (ConfUtils.java:logGet(43)) - raft.server.log.appender.install.snapshot.enabled = false (custom)
2019-09-26 21:18:45,774 [pool-27-thread-1] INFO  impl.RaftServerImpl (ServerState.java:<init>(103)) - 9ce0b59e-153f-4f41-8aed-492a76d80b48@group-AE36C37E9125: ConfigurationManager, init=-1: [9ce0b59e-153f-4f41-8aed-492a76d80b48:192.168.151.99:34156], old=null, confs=<EMPTY_MAP>
2019-09-26 21:18:45,774 [pool-27-thread-1] INFO  server.RaftServerConfigKeys (ConfUtils.java:logGet(43)) - raft.server.storage.dir = [/workdir/hadoop-ozone/ozonefs/target/test-dir/MiniOzoneClusterImpl-5b64906c-d720-4906-b30c-b6d56a2122fd/datanode-0/data/ratis] (custom)
2019-09-26 21:18:45,774 [pool-27-thread-1] INFO  storage.RaftStorageDirectory (RaftStorageDirectory.java:analyzeStorage(246)) - The storage directory /workdir/hadoop-ozone/ozonefs/target/test-dir/MiniOzoneClusterImpl-5b64906c-d720-4906-b30c-b6d56a2122fd/datanode-0/data/ratis/7c297111-808b-4f8c-ad81-ae36c37e9125 does not exist. Creating ...
2019-09-26 21:18:45,787 [pool-27-thread-1] INFO  storage.RaftStorageDirectory (RaftStorageDirectory.java:tryLock(328)) - Lock on /workdir/hadoop-ozone/ozonefs/target/test-dir/MiniOzoneClusterImpl-5b64906c-d720-4906-b30c-b6d56a2122fd/datanode-0/data/ratis/7c297111-808b-4f8c-ad81-ae36c37e9125/in_use.lock acquired by nodename 10701@pr-hdds-1569-g6sp5-2013761785
2019-09-26 21:18:45,800 [pool-27-thread-1] INFO  storage.RaftStorage (RaftStorage.java:format(72)) - Storage directory /workdir/hadoop-ozone/ozonefs/target/test-dir/MiniOzoneClusterImpl-5b64906c-d720-4906-b30c-b6d56a2122fd/datanode-0/data/ratis/7c297111-808b-4f8c-ad81-ae36c37e9125 has been successfully formatted.
2019-09-26 21:18:45,800 [pool-27-thread-1] INFO  ratis.ContainerStateMachine (ContainerStateMachine.java:loadSnapshot(230)) - group-AE36C37E9125: The snapshot info is null. Setting the last applied indexto:(t:0, i:~)
2019-09-26 21:18:45,800 [pool-27-thread-1] INFO  server.RaftServerConfigKeys (ConfUtils.java:logGet(43)) - raft.server.notification.no-leader.timeout = 120s (custom)
2019-09-26 21:18:45,800 [pool-27-thread-1] INFO  server.RaftServerConfigKeys (ConfUtils.java:logGet(43)) - raft.server.log.use.memory = false (default)
2019-09-26 21:18:45,801 [pool-27-thread-1] INFO  server.RaftServerConfigKeys (ConfUtils.java:logGet(43)) - raft.server.log.purge.gap = 1000000 (custom)
2019-09-26 21:18:45,801 [pool-27-thread-1] INFO  server.RaftServerConfigKeys (ConfUtils.java:logGet(43)) - raft.server.log.appender.buffer.byte-limit = 33554432 (custom)
2019-09-26 21:18:45,801 [pool-27-thread-1] INFO  server.RaftServerConfigKeys (ConfUtils.java:logGet(43)) - raft.server.log.segment.size.max = 1048576 (custom)
2019-09-26 21:18:45,801 [pool-27-thread-1] INFO  server.RaftServerConfigKeys (ConfUtils.java:logGet(43)) - raft.server.log.segment.cache.num.max = 2 (custom)
2019-09-26 21:18:45,801 [pool-27-thread-1] INFO  segmented.SegmentedRaftLogWorker (SegmentedRaftLogWorker.java:<init>(172)) - new 9ce0b59e-153f-4f41-8aed-492a76d80b48@group-AE36C37E9125-SegmentedRaftLogWorker for RaftStorage:Storage Directory /workdir/hadoop-ozone/ozonefs/target/test-dir/MiniOzoneClusterImpl-5b64906c-d720-4906-b30c-b6d56a2122fd/datanode-0/data/ratis/7c297111-808b-4f8c-ad81-ae36c37e9125
2019-09-26 21:18:45,801 [pool-27-thread-1] INFO  server.RaftServerConfigKeys (ConfUtils.java:logGet(43)) - raft.server.log.queue.byte-limit = 2147483647 (custom)
2019-09-26 21:18:45,801 [pool-27-thread-1] INFO  server.RaftServerConfigKeys (ConfUtils.java:logGet(43)) - raft.server.log.queue.element-limit = 1024 (custom)
2019-09-26 21:18:45,801 [pool-27-thread-1] INFO  server.RaftServerConfigKeys (ConfUtils.java:logGet(43)) - raft.server.log.segment.size.max = 1048576 (custom)
2019-09-26 21:18:45,802 [pool-27-thread-1] INFO  server.RaftServerConfigKeys (ConfUtils.java:logGet(43)) - raft.server.log.preallocated.size = 16384 (custom)
2019-09-26 21:18:45,802 [pool-27-thread-1] INFO  server.RaftServerConfigKeys (ConfUtils.java:logGet(43)) - raft.server.log.write.buffer.size = 33554432 (custom)
2019-09-26 21:18:45,802 [pool-27-thread-1] INFO  server.RaftServerConfigKeys (ConfUtils.java:logGet(43)) - raft.server.log.force.sync.num = 128 (default)
2019-09-26 21:18:45,802 [pool-27-thread-1] INFO  server.RaftServerConfigKeys (ConfUtils.java:logGet(43)) - raft.server.log.statemachine.data.sync = true (default)
2019-09-26 21:18:45,802 [pool-27-thread-1] INFO  server.RaftServerConfigKeys (ConfUtils.java:logGet(43)) - raft.server.log.statemachine.data.sync.timeout = 10s (default)
2019-09-26 21:18:45,802 [pool-27-thread-1] INFO  server.RaftServerConfigKeys (ConfUtils.java:logGet(43)) - raft.server.log.statemachine.data.sync.timeout.retry = -1 (default)
2019-09-26 21:18:45,802 [pool-27-thread-1] INFO  server.RaftServerConfigKeys (ConfUtils.java:logGet(43)) - raft.server.log.statemachine.data.caching.enabled = true (custom)
2019-09-26 21:18:45,803 [pool-27-thread-1] INFO  segmented.SegmentedRaftLogWorker (SegmentedRaftLogWorker.java:lambda$new$0(132)) - 9ce0b59e-153f-4f41-8aed-492a76d80b48@group-AE36C37E9125-SegmentedRaftLogWorker: flushIndex: setUnconditionally 0 -> -1
2019-09-26 21:18:45,803 [pool-27-thread-1] INFO  server.RaftServerConfigKeys (ConfUtils.java:logGet(43)) - raft.server.snapshot.auto.trigger.enabled = true (custom)
2019-09-26 21:18:45,803 [pool-27-thread-1] INFO  server.RaftServerConfigKeys (ConfUtils.java:logGet(43)) - raft.server.snapshot.auto.trigger.threshold = 10000 (custom)
2019-09-26 21:18:45,803 [pool-27-thread-1] INFO  server.RaftServerConfigKeys (ConfUtils.java:logGet(43)) - raft.server.snapshot.retention.num.files = 5 (custom)
2019-09-26 21:18:45,803 [pool-27-thread-1] INFO  server.RaftServerConfigKeys (ConfUtils.java:logGet(43)) - raft.server.retrycache.expirytime = 600000ms (custom)
2019-09-26 21:18:45,806 [pool-27-thread-1] INFO  impl.RaftServerImpl (RaftServerImpl.java:start(185)) - 9ce0b59e-153f-4f41-8aed-492a76d80b48@group-AE36C37E9125: start as a follower, conf=-1: [9ce0b59e-153f-4f41-8aed-492a76d80b48:192.168.151.99:34156], old=null
2019-09-26 21:18:45,806 [pool-27-thread-1] INFO  impl.RaftServerImpl (RaftServerImpl.java:setRole(174)) - 9ce0b59e-153f-4f41-8aed-492a76d80b48@group-AE36C37E9125: changes role from      null to FOLLOWER at term 0 for startAsFollower
2019-09-26 21:18:45,806 [pool-27-thread-1] INFO  impl.RoleInfo (RoleInfo.java:updateAndGet(143)) - 9ce0b59e-153f-4f41-8aed-492a76d80b48: start FollowerState
2019-09-26 21:18:45,806 [pool-27-thread-1] INFO  util.JmxRegister (JmxRegister.java:tryRegister(44)) - Successfully registered JMX Bean with object name Ratis:service=RaftServer,group=group-AE36C37E9125,id=9ce0b59e-153f-4f41-8aed-492a76d80b48
2019-09-26 21:18:45,809 [RatisPipelineUtilsThread] INFO  pipeline.PipelineStateManager (PipelineStateManager.java:addPipeline(56)) - Created pipeline Pipeline[ Id: 7c297111-808b-4f8c-ad81-ae36c37e9125, Nodes: 9ce0b59e-153f-4f41-8aed-492a76d80b48{ip: 192.168.151.99, host: pr-hdds-1569-g6sp5-2013761785, networkLocation: /default-rack, certSerialId: null}, Type:RATIS, Factor:ONE, State:OPEN]
2019-09-26 21:18:45,815 [grpc-default-executor-1] INFO  impl.RaftServerProxy (RaftServerProxy.java:addNew(89)) - 9ce0b59e-153f-4f41-8aed-492a76d80b48: addNew group-4394FDFB23A5:[9ce0b59e-153f-4f41-8aed-492a76d80b48:192.168.151.99:34156] returns group-4394FDFB23A5:java.util.concurrent.CompletableFuture@12cd2f69[Not completed]
2019-09-26 21:18:45,817 [pool-27-thread-1] INFO  impl.RaftServerImpl (RaftServerImpl.java:<init>(95)) - 9ce0b59e-153f-4f41-8aed-492a76d80b48: new RaftServerImpl for group-4394FDFB23A5:[9ce0b59e-153f-4f41-8aed-492a76d80b48:192.168.151.99:34156] with ContainerStateMachine:uninitialized
2019-09-26 21:18:45,817 [pool-27-thread-1] INFO  server.RaftServerConfigKeys (ConfUtils.java:logGet(43)) - raft.server.rpc.timeout.min = 5s (custom)
2019-09-26 21:18:45,817 [pool-27-thread-1] INFO  server.RaftServerConfigKeys (ConfUtils.java:logGet(43)) - raft.server.rpc.timeout.max = 5200ms (custom)
2019-09-26 21:18:45,817 [pool-27-thread-1] INFO  server.RaftServerConfigKeys (ConfUtils.java:logGet(43)) - raft.server.rpcslowness.timeout = 120s (custom)
2019-09-26 21:18:45,817 [pool-27-thread-1] INFO  server.RaftServerConfigKeys (ConfUtils.java:logGet(43)) - raft.server.sleep.deviation.threshold = 300 (default)
2019-09-26 21:18:45,817 [pool-27-thread-1] INFO  server.RaftServerConfigKeys (ConfUtils.java:logGet(43)) - raft.server.log.appender.install.snapshot.enabled = false (custom)
2019-09-26 21:18:45,817 [pool-27-thread-1] INFO  impl.RaftServerImpl (ServerState.java:<init>(103)) - 9ce0b59e-153f-4f41-8aed-492a76d80b48@group-4394FDFB23A5: ConfigurationManager, init=-1: [9ce0b59e-153f-4f41-8aed-492a76d80b48:192.168.151.99:34156], old=null, confs=<EMPTY_MAP>
2019-09-26 21:18:45,818 [pool-27-thread-1] INFO  server.RaftServerConfigKeys (ConfUtils.java:logGet(43)) - raft.server.storage.dir = [/workdir/hadoop-ozone/ozonefs/target/test-dir/MiniOzoneClusterImpl-5b64906c-d720-4906-b30c-b6d56a2122fd/datanode-0/data/ratis] (custom)
2019-09-26 21:18:45,818 [pool-27-thread-1] INFO  storage.RaftStorageDirectory (RaftStorageDirectory.java:analyzeStorage(246)) - The storage directory /workdir/hadoop-ozone/ozonefs/target/test-dir/MiniOzoneClusterImpl-5b64906c-d720-4906-b30c-b6d56a2122fd/datanode-0/data/ratis/e42fff9b-f1b0-48d9-9572-4394fdfb23a5 does not exist. Creating ...
2019-09-26 21:18:45,830 [pool-27-thread-1] INFO  storage.RaftStorageDirectory (RaftStorageDirectory.java:tryLock(328)) - Lock on /workdir/hadoop-ozone/ozonefs/target/test-dir/MiniOzoneClusterImpl-5b64906c-d720-4906-b30c-b6d56a2122fd/datanode-0/data/ratis/e42fff9b-f1b0-48d9-9572-4394fdfb23a5/in_use.lock acquired by nodename 10701@pr-hdds-1569-g6sp5-2013761785
2019-09-26 21:18:45,844 [pool-27-thread-1] INFO  storage.RaftStorage (RaftStorage.java:format(72)) - Storage directory /workdir/hadoop-ozone/ozonefs/target/test-dir/MiniOzoneClusterImpl-5b64906c-d720-4906-b30c-b6d56a2122fd/datanode-0/data/ratis/e42fff9b-f1b0-48d9-9572-4394fdfb23a5 has been successfully formatted.
2019-09-26 21:18:45,844 [pool-27-thread-1] INFO  ratis.ContainerStateMachine (ContainerStateMachine.java:loadSnapshot(230)) - group-4394FDFB23A5: The snapshot info is null. Setting the last applied indexto:(t:0, i:~)
2019-09-26 21:18:45,844 [pool-27-thread-1] INFO  server.RaftServerConfigKeys (ConfUtils.java:logGet(43)) - raft.server.notification.no-leader.timeout = 120s (custom)
2019-09-26 21:18:45,845 [pool-27-thread-1] INFO  server.RaftServerConfigKeys (ConfUtils.java:logGet(43)) - raft.server.log.use.memory = false (default)
2019-09-26 21:18:45,845 [pool-27-thread-1] INFO  server.RaftServerConfigKeys (ConfUtils.java:logGet(43)) - raft.server.log.purge.gap = 1000000 (custom)
2019-09-26 21:18:45,845 [pool-27-thread-1] INFO  server.RaftServerConfigKeys (ConfUtils.java:logGet(43)) - raft.server.log.appender.buffer.byte-limit = 33554432 (custom)
2019-09-26 21:18:45,845 [pool-27-thread-1] INFO  server.RaftServerConfigKeys (ConfUtils.java:logGet(43)) - raft.server.log.segment.size.max = 1048576 (custom)
2019-09-26 21:18:45,845 [pool-27-thread-1] INFO  server.RaftServerConfigKeys (ConfUtils.java:logGet(43)) - raft.server.log.segment.cache.num.max = 2 (custom)
2019-09-26 21:18:45,846 [pool-27-thread-1] INFO  segmented.SegmentedRaftLogWorker (SegmentedRaftLogWorker.java:<init>(172)) - new 9ce0b59e-153f-4f41-8aed-492a76d80b48@group-4394FDFB23A5-SegmentedRaftLogWorker for RaftStorage:Storage Directory /workdir/hadoop-ozone/ozonefs/target/test-dir/MiniOzoneClusterImpl-5b64906c-d720-4906-b30c-b6d56a2122fd/datanode-0/data/ratis/e42fff9b-f1b0-48d9-9572-4394fdfb23a5
2019-09-26 21:18:45,846 [pool-27-thread-1] INFO  server.RaftServerConfigKeys (ConfUtils.java:logGet(43)) - raft.server.log.queue.byte-limit = 2147483647 (custom)
2019-09-26 21:18:45,846 [pool-27-thread-1] INFO  server.RaftServerConfigKeys (ConfUtils.java:logGet(43)) - raft.server.log.queue.element-limit = 1024 (custom)
2019-09-26 21:18:45,846 [pool-27-thread-1] INFO  server.RaftServerConfigKeys (ConfUtils.java:logGet(43)) - raft.server.log.segment.size.max = 1048576 (custom)
2019-09-26 21:18:45,846 [pool-27-thread-1] INFO  server.RaftServerConfigKeys (ConfUtils.java:logGet(43)) - raft.server.log.preallocated.size = 16384 (custom)
2019-09-26 21:18:45,846 [pool-27-thread-1] INFO  server.RaftServerConfigKeys (ConfUtils.java:logGet(43)) - raft.server.log.write.buffer.size = 33554432 (custom)
2019-09-26 21:18:45,846 [pool-27-thread-1] INFO  server.RaftServerConfigKeys (ConfUtils.java:logGet(43)) - raft.server.log.force.sync.num = 128 (default)
2019-09-26 21:18:45,847 [pool-27-thread-1] INFO  server.RaftServerConfigKeys (ConfUtils.java:logGet(43)) - raft.server.log.statemachine.data.sync = true (default)
2019-09-26 21:18:45,847 [pool-27-thread-1] INFO  server.RaftServerConfigKeys (ConfUtils.java:logGet(43)) - raft.server.log.statemachine.data.sync.timeout = 10s (default)
2019-09-26 21:18:45,847 [pool-27-thread-1] INFO  server.RaftServerConfigKeys (ConfUtils.java:logGet(43)) - raft.server.log.statemachine.data.sync.timeout.retry = -1 (default)
2019-09-26 21:18:45,847 [pool-27-thread-1] INFO  server.RaftServerConfigKeys (ConfUtils.java:logGet(43)) - raft.server.log.statemachine.data.caching.enabled = true (custom)
2019-09-26 21:18:45,848 [pool-27-thread-1] INFO  segmented.SegmentedRaftLogWorker (SegmentedRaftLogWorker.java:lambda$new$0(132)) - 9ce0b59e-153f-4f41-8aed-492a76d80b48@group-4394FDFB23A5-SegmentedRaftLogWorker: flushIndex: setUnconditionally 0 -> -1
2019-09-26 21:18:45,848 [pool-27-thread-1] INFO  server.RaftServerConfigKeys (ConfUtils.java:logGet(43)) - raft.server.snapshot.auto.trigger.enabled = true (custom)
2019-09-26 21:18:45,848 [pool-27-thread-1] INFO  server.RaftServerConfigKeys (ConfUtils.java:logGet(43)) - raft.server.snapshot.auto.trigger.threshold = 10000 (custom)
2019-09-26 21:18:45,848 [pool-27-thread-1] INFO  server.RaftServerConfigKeys (ConfUtils.java:logGet(43)) - raft.server.snapshot.retention.num.files = 5 (custom)
2019-09-26 21:18:45,849 [pool-27-thread-1] INFO  server.RaftServerConfigKeys (ConfUtils.java:logGet(43)) - raft.server.retrycache.expirytime = 600000ms (custom)
2019-09-26 21:18:45,852 [pool-27-thread-1] INFO  impl.RaftServerImpl (RaftServerImpl.java:start(185)) - 9ce0b59e-153f-4f41-8aed-492a76d80b48@group-4394FDFB23A5: start as a follower, conf=-1: [9ce0b59e-153f-4f41-8aed-492a76d80b48:192.168.151.99:34156], old=null
2019-09-26 21:18:45,852 [pool-27-thread-1] INFO  impl.RaftServerImpl (RaftServerImpl.java:setRole(174)) - 9ce0b59e-153f-4f41-8aed-492a76d80b48@group-4394FDFB23A5: changes role from      null to FOLLOWER at term 0 for startAsFollower
2019-09-26 21:18:45,852 [pool-27-thread-1] INFO  impl.RoleInfo (RoleInfo.java:updateAndGet(143)) - 9ce0b59e-153f-4f41-8aed-492a76d80b48: start FollowerState
2019-09-26 21:18:45,853 [pool-27-thread-1] INFO  util.JmxRegister (JmxRegister.java:tryRegister(44)) - Successfully registered JMX Bean with object name Ratis:service=RaftServer,group=group-4394FDFB23A5,id=9ce0b59e-153f-4f41-8aed-492a76d80b48
2019-09-26 21:18:45,857 [RatisPipelineUtilsThread] INFO  pipeline.PipelineStateManager (PipelineStateManager.java:addPipeline(56)) - Created pipeline Pipeline[ Id: e42fff9b-f1b0-48d9-9572-4394fdfb23a5, Nodes: 9ce0b59e-153f-4f41-8aed-492a76d80b48{ip: 192.168.151.99, host: pr-hdds-1569-g6sp5-2013761785, networkLocation: /default-rack, certSerialId: null}, Type:RATIS, Factor:ONE, State:OPEN]
2019-09-26 21:18:45,867 [grpc-default-executor-1] INFO  impl.RaftServerProxy (RaftServerProxy.java:addNew(89)) - 1178c3ae-d0b4-4d44-b144-fe8504cc41ac: addNew group-68EECBDA085C:[1178c3ae-d0b4-4d44-b144-fe8504cc41ac:192.168.151.99:33787] returns group-68EECBDA085C:java.util.concurrent.CompletableFuture@53ad4da8[Not completed]
2019-09-26 21:18:45,869 [pool-37-thread-1] INFO  impl.RaftServerImpl (RaftServerImpl.java:<init>(95)) - 1178c3ae-d0b4-4d44-b144-fe8504cc41ac: new RaftServerImpl for group-68EECBDA085C:[1178c3ae-d0b4-4d44-b144-fe8504cc41ac:192.168.151.99:33787] with ContainerStateMachine:uninitialized
2019-09-26 21:18:45,870 [pool-37-thread-1] INFO  server.RaftServerConfigKeys (ConfUtils.java:logGet(43)) - raft.server.rpc.timeout.min = 5s (custom)
2019-09-26 21:18:45,870 [pool-37-thread-1] INFO  server.RaftServerConfigKeys (ConfUtils.java:logGet(43)) - raft.server.rpc.timeout.max = 5200ms (custom)
2019-09-26 21:18:45,870 [pool-37-thread-1] INFO  server.RaftServerConfigKeys (ConfUtils.java:logGet(43)) - raft.server.rpcslowness.timeout = 120s (custom)
2019-09-26 21:18:45,870 [pool-37-thread-1] INFO  server.RaftServerConfigKeys (ConfUtils.java:logGet(43)) - raft.server.sleep.deviation.threshold = 300 (default)
2019-09-26 21:18:45,870 [pool-37-thread-1] INFO  server.RaftServerConfigKeys (ConfUtils.java:logGet(43)) - raft.server.log.appender.install.snapshot.enabled = false (custom)
2019-09-26 21:18:45,871 [pool-37-thread-1] INFO  impl.RaftServerImpl (ServerState.java:<init>(103)) - 1178c3ae-d0b4-4d44-b144-fe8504cc41ac@group-68EECBDA085C: ConfigurationManager, init=-1: [1178c3ae-d0b4-4d44-b144-fe8504cc41ac:192.168.151.99:33787], old=null, confs=<EMPTY_MAP>
2019-09-26 21:18:45,871 [pool-37-thread-1] INFO  server.RaftServerConfigKeys (ConfUtils.java:logGet(43)) - raft.server.storage.dir = [/workdir/hadoop-ozone/ozonefs/target/test-dir/MiniOzoneClusterImpl-5b64906c-d720-4906-b30c-b6d56a2122fd/datanode-1/data/ratis] (custom)
2019-09-26 21:18:45,871 [pool-37-thread-1] INFO  storage.RaftStorageDirectory (RaftStorageDirectory.java:analyzeStorage(246)) - The storage directory /workdir/hadoop-ozone/ozonefs/target/test-dir/MiniOzoneClusterImpl-5b64906c-d720-4906-b30c-b6d56a2122fd/datanode-1/data/ratis/6e714d80-c9fd-4b05-b9b1-68eecbda085c does not exist. Creating ...
2019-09-26 21:18:45,885 [pool-37-thread-1] INFO  storage.RaftStorageDirectory (RaftStorageDirectory.java:tryLock(328)) - Lock on /workdir/hadoop-ozone/ozonefs/target/test-dir/MiniOzoneClusterImpl-5b64906c-d720-4906-b30c-b6d56a2122fd/datanode-1/data/ratis/6e714d80-c9fd-4b05-b9b1-68eecbda085c/in_use.lock acquired by nodename 10701@pr-hdds-1569-g6sp5-2013761785
2019-09-26 21:18:45,899 [pool-37-thread-1] INFO  storage.RaftStorage (RaftStorage.java:format(72)) - Storage directory /workdir/hadoop-ozone/ozonefs/target/test-dir/MiniOzoneClusterImpl-5b64906c-d720-4906-b30c-b6d56a2122fd/datanode-1/data/ratis/6e714d80-c9fd-4b05-b9b1-68eecbda085c has been successfully formatted.
2019-09-26 21:18:45,899 [pool-37-thread-1] INFO  ratis.ContainerStateMachine (ContainerStateMachine.java:loadSnapshot(230)) - group-68EECBDA085C: The snapshot info is null. Setting the last applied indexto:(t:0, i:~)
2019-09-26 21:18:45,899 [pool-37-thread-1] INFO  server.RaftServerConfigKeys (ConfUtils.java:logGet(43)) - raft.server.notification.no-leader.timeout = 120s (custom)
2019-09-26 21:18:45,899 [pool-37-thread-1] INFO  server.RaftServerConfigKeys (ConfUtils.java:logGet(43)) - raft.server.log.use.memory = false (default)
2019-09-26 21:18:45,900 [pool-37-thread-1] INFO  server.RaftServerConfigKeys (ConfUtils.java:logGet(43)) - raft.server.log.purge.gap = 1000000 (custom)
2019-09-26 21:18:45,900 [pool-37-thread-1] INFO  server.RaftServerConfigKeys (ConfUtils.java:logGet(43)) - raft.server.log.appender.buffer.byte-limit = 33554432 (custom)
2019-09-26 21:18:45,900 [pool-37-thread-1] INFO  server.RaftServerConfigKeys (ConfUtils.java:logGet(43)) - raft.server.log.segment.size.max = 1048576 (custom)
2019-09-26 21:18:45,900 [pool-37-thread-1] INFO  server.RaftServerConfigKeys (ConfUtils.java:logGet(43)) - raft.server.log.segment.cache.num.max = 2 (custom)
2019-09-26 21:18:45,900 [pool-37-thread-1] INFO  segmented.SegmentedRaftLogWorker (SegmentedRaftLogWorker.java:<init>(172)) - new 1178c3ae-d0b4-4d44-b144-fe8504cc41ac@group-68EECBDA085C-SegmentedRaftLogWorker for RaftStorage:Storage Directory /workdir/hadoop-ozone/ozonefs/target/test-dir/MiniOzoneClusterImpl-5b64906c-d720-4906-b30c-b6d56a2122fd/datanode-1/data/ratis/6e714d80-c9fd-4b05-b9b1-68eecbda085c
2019-09-26 21:18:45,900 [pool-37-thread-1] INFO  server.RaftServerConfigKeys (ConfUtils.java:logGet(43)) - raft.server.log.queue.byte-limit = 2147483647 (custom)
2019-09-26 21:18:45,901 [pool-37-thread-1] INFO  server.RaftServerConfigKeys (ConfUtils.java:logGet(43)) - raft.server.log.queue.element-limit = 1024 (custom)
2019-09-26 21:18:45,901 [pool-37-thread-1] INFO  server.RaftServerConfigKeys (ConfUtils.java:logGet(43)) - raft.server.log.segment.size.max = 1048576 (custom)
2019-09-26 21:18:45,901 [pool-37-thread-1] INFO  server.RaftServerConfigKeys (ConfUtils.java:logGet(43)) - raft.server.log.preallocated.size = 16384 (custom)
2019-09-26 21:18:45,901 [pool-37-thread-1] INFO  server.RaftServerConfigKeys (ConfUtils.java:logGet(43)) - raft.server.log.write.buffer.size = 33554432 (custom)
2019-09-26 21:18:45,901 [pool-37-thread-1] INFO  server.RaftServerConfigKeys (ConfUtils.java:logGet(43)) - raft.server.log.force.sync.num = 128 (default)
2019-09-26 21:18:45,901 [pool-37-thread-1] INFO  server.RaftServerConfigKeys (ConfUtils.java:logGet(43)) - raft.server.log.statemachine.data.sync = true (default)
2019-09-26 21:18:45,902 [pool-37-thread-1] INFO  server.RaftServerConfigKeys (ConfUtils.java:logGet(43)) - raft.server.log.statemachine.data.sync.timeout = 10s (default)
2019-09-26 21:18:45,902 [pool-37-thread-1] INFO  server.RaftServerConfigKeys (ConfUtils.java:logGet(43)) - raft.server.log.statemachine.data.sync.timeout.retry = -1 (default)
2019-09-26 21:18:45,902 [pool-37-thread-1] INFO  server.RaftServerConfigKeys (ConfUtils.java:logGet(43)) - raft.server.log.statemachine.data.caching.enabled = true (custom)
2019-09-26 21:18:45,903 [pool-37-thread-1] INFO  segmented.SegmentedRaftLogWorker (SegmentedRaftLogWorker.java:lambda$new$0(132)) - 1178c3ae-d0b4-4d44-b144-fe8504cc41ac@group-68EECBDA085C-SegmentedRaftLogWorker: flushIndex: setUnconditionally 0 -> -1
2019-09-26 21:18:45,903 [pool-37-thread-1] INFO  server.RaftServerConfigKeys (ConfUtils.java:logGet(43)) - raft.server.snapshot.auto.trigger.enabled = true (custom)
2019-09-26 21:18:45,903 [pool-37-thread-1] INFO  server.RaftServerConfigKeys (ConfUtils.java:logGet(43)) - raft.server.snapshot.auto.trigger.threshold = 10000 (custom)
2019-09-26 21:18:45,903 [pool-37-thread-1] INFO  server.RaftServerConfigKeys (ConfUtils.java:logGet(43)) - raft.server.snapshot.retention.num.files = 5 (custom)
2019-09-26 21:18:45,904 [pool-37-thread-1] INFO  server.RaftServerConfigKeys (ConfUtils.java:logGet(43)) - raft.server.retrycache.expirytime = 600000ms (custom)
2019-09-26 21:18:45,907 [pool-37-thread-1] INFO  impl.RaftServerImpl (RaftServerImpl.java:start(185)) - 1178c3ae-d0b4-4d44-b144-fe8504cc41ac@group-68EECBDA085C: start as a follower, conf=-1: [1178c3ae-d0b4-4d44-b144-fe8504cc41ac:192.168.151.99:33787], old=null
2019-09-26 21:18:45,907 [pool-37-thread-1] INFO  impl.RaftServerImpl (RaftServerImpl.java:setRole(174)) - 1178c3ae-d0b4-4d44-b144-fe8504cc41ac@group-68EECBDA085C: changes role from      null to FOLLOWER at term 0 for startAsFollower
2019-09-26 21:18:45,907 [pool-37-thread-1] INFO  impl.RoleInfo (RoleInfo.java:updateAndGet(143)) - 1178c3ae-d0b4-4d44-b144-fe8504cc41ac: start FollowerState
2019-09-26 21:18:45,908 [pool-37-thread-1] INFO  util.JmxRegister (JmxRegister.java:tryRegister(44)) - Successfully registered JMX Bean with object name Ratis:service=RaftServer,group=group-68EECBDA085C,id=1178c3ae-d0b4-4d44-b144-fe8504cc41ac
2019-09-26 21:18:45,912 [RatisPipelineUtilsThread] INFO  pipeline.PipelineStateManager (PipelineStateManager.java:addPipeline(56)) - Created pipeline Pipeline[ Id: 6e714d80-c9fd-4b05-b9b1-68eecbda085c, Nodes: 1178c3ae-d0b4-4d44-b144-fe8504cc41ac{ip: 192.168.151.99, host: pr-hdds-1569-g6sp5-2013761785, networkLocation: /default-rack, certSerialId: null}, Type:RATIS, Factor:ONE, State:OPEN]
2019-09-26 21:18:45,920 [grpc-default-executor-1] INFO  impl.RaftServerProxy (RaftServerProxy.java:addNew(89)) - da833d8d-e72a-4068-9560-4daa2d83adc2: addNew group-1043AA7B5EDC:[da833d8d-e72a-4068-9560-4daa2d83adc2:192.168.151.99:38903] returns group-1043AA7B5EDC:java.util.concurrent.CompletableFuture@5d85b2b8[Not completed]
2019-09-26 21:18:45,921 [pool-67-thread-1] INFO  impl.RaftServerImpl (RaftServerImpl.java:<init>(95)) - da833d8d-e72a-4068-9560-4daa2d83adc2: new RaftServerImpl for group-1043AA7B5EDC:[da833d8d-e72a-4068-9560-4daa2d83adc2:192.168.151.99:38903] with ContainerStateMachine:uninitialized
2019-09-26 21:18:45,921 [pool-67-thread-1] INFO  server.RaftServerConfigKeys (ConfUtils.java:logGet(43)) - raft.server.rpc.timeout.min = 5s (custom)
2019-09-26 21:18:45,921 [pool-67-thread-1] INFO  server.RaftServerConfigKeys (ConfUtils.java:logGet(43)) - raft.server.rpc.timeout.max = 5200ms (custom)
2019-09-26 21:18:45,922 [pool-67-thread-1] INFO  server.RaftServerConfigKeys (ConfUtils.java:logGet(43)) - raft.server.rpcslowness.timeout = 120s (custom)
2019-09-26 21:18:45,922 [pool-67-thread-1] INFO  server.RaftServerConfigKeys (ConfUtils.java:logGet(43)) - raft.server.sleep.deviation.threshold = 300 (default)
2019-09-26 21:18:45,922 [pool-67-thread-1] INFO  server.RaftServerConfigKeys (ConfUtils.java:logGet(43)) - raft.server.log.appender.install.snapshot.enabled = false (custom)
2019-09-26 21:18:45,922 [pool-67-thread-1] INFO  impl.RaftServerImpl (ServerState.java:<init>(103)) - da833d8d-e72a-4068-9560-4daa2d83adc2@group-1043AA7B5EDC: ConfigurationManager, init=-1: [da833d8d-e72a-4068-9560-4daa2d83adc2:192.168.151.99:38903], old=null, confs=<EMPTY_MAP>
2019-09-26 21:18:45,922 [pool-67-thread-1] INFO  server.RaftServerConfigKeys (ConfUtils.java:logGet(43)) - raft.server.storage.dir = [/workdir/hadoop-ozone/ozonefs/target/test-dir/MiniOzoneClusterImpl-5b64906c-d720-4906-b30c-b6d56a2122fd/datanode-4/data/ratis] (custom)
2019-09-26 21:18:45,923 [pool-67-thread-1] INFO  storage.RaftStorageDirectory (RaftStorageDirectory.java:analyzeStorage(246)) - The storage directory /workdir/hadoop-ozone/ozonefs/target/test-dir/MiniOzoneClusterImpl-5b64906c-d720-4906-b30c-b6d56a2122fd/datanode-4/data/ratis/6e037a33-c18c-44d6-8a8f-1043aa7b5edc does not exist. Creating ...
2019-09-26 21:18:45,935 [pool-67-thread-1] INFO  storage.RaftStorageDirectory (RaftStorageDirectory.java:tryLock(328)) - Lock on /workdir/hadoop-ozone/ozonefs/target/test-dir/MiniOzoneClusterImpl-5b64906c-d720-4906-b30c-b6d56a2122fd/datanode-4/data/ratis/6e037a33-c18c-44d6-8a8f-1043aa7b5edc/in_use.lock acquired by nodename 10701@pr-hdds-1569-g6sp5-2013761785
2019-09-26 21:18:45,949 [pool-67-thread-1] INFO  storage.RaftStorage (RaftStorage.java:format(72)) - Storage directory /workdir/hadoop-ozone/ozonefs/target/test-dir/MiniOzoneClusterImpl-5b64906c-d720-4906-b30c-b6d56a2122fd/datanode-4/data/ratis/6e037a33-c18c-44d6-8a8f-1043aa7b5edc has been successfully formatted.
2019-09-26 21:18:45,949 [pool-67-thread-1] INFO  ratis.ContainerStateMachine (ContainerStateMachine.java:loadSnapshot(230)) - group-1043AA7B5EDC: The snapshot info is null. Setting the last applied indexto:(t:0, i:~)
2019-09-26 21:18:45,949 [pool-67-thread-1] INFO  server.RaftServerConfigKeys (ConfUtils.java:logGet(43)) - raft.server.notification.no-leader.timeout = 120s (custom)
2019-09-26 21:18:45,949 [pool-67-thread-1] INFO  server.RaftServerConfigKeys (ConfUtils.java:logGet(43)) - raft.server.log.use.memory = false (default)
2019-09-26 21:18:45,949 [pool-67-thread-1] INFO  server.RaftServerConfigKeys (ConfUtils.java:logGet(43)) - raft.server.log.purge.gap = 1000000 (custom)
2019-09-26 21:18:45,950 [pool-67-thread-1] INFO  server.RaftServerConfigKeys (ConfUtils.java:logGet(43)) - raft.server.log.appender.buffer.byte-limit = 33554432 (custom)
2019-09-26 21:18:45,950 [pool-67-thread-1] INFO  server.RaftServerConfigKeys (ConfUtils.java:logGet(43)) - raft.server.log.segment.size.max = 1048576 (custom)
2019-09-26 21:18:45,950 [pool-67-thread-1] INFO  server.RaftServerConfigKeys (ConfUtils.java:logGet(43)) - raft.server.log.segment.cache.num.max = 2 (custom)
2019-09-26 21:18:45,950 [pool-67-thread-1] INFO  segmented.SegmentedRaftLogWorker (SegmentedRaftLogWorker.java:<init>(172)) - new da833d8d-e72a-4068-9560-4daa2d83adc2@group-1043AA7B5EDC-SegmentedRaftLogWorker for RaftStorage:Storage Directory /workdir/hadoop-ozone/ozonefs/target/test-dir/MiniOzoneClusterImpl-5b64906c-d720-4906-b30c-b6d56a2122fd/datanode-4/data/ratis/6e037a33-c18c-44d6-8a8f-1043aa7b5edc
2019-09-26 21:18:45,950 [pool-67-thread-1] INFO  server.RaftServerConfigKeys (ConfUtils.java:logGet(43)) - raft.server.log.queue.byte-limit = 2147483647 (custom)
2019-09-26 21:18:45,950 [pool-67-thread-1] INFO  server.RaftServerConfigKeys (ConfUtils.java:logGet(43)) - raft.server.log.queue.element-limit = 1024 (custom)
2019-09-26 21:18:45,950 [pool-67-thread-1] INFO  server.RaftServerConfigKeys (ConfUtils.java:logGet(43)) - raft.server.log.segment.size.max = 1048576 (custom)
2019-09-26 21:18:45,951 [pool-67-thread-1] INFO  server.RaftServerConfigKeys (ConfUtils.java:logGet(43)) - raft.server.log.preallocated.size = 16384 (custom)
2019-09-26 21:18:45,951 [pool-67-thread-1] INFO  server.RaftServerConfigKeys (ConfUtils.java:logGet(43)) - raft.server.log.write.buffer.size = 33554432 (custom)
2019-09-26 21:18:45,951 [pool-67-thread-1] INFO  server.RaftServerConfigKeys (ConfUtils.java:logGet(43)) - raft.server.log.force.sync.num = 128 (default)
2019-09-26 21:18:45,951 [pool-67-thread-1] INFO  server.RaftServerConfigKeys (ConfUtils.java:logGet(43)) - raft.server.log.statemachine.data.sync = true (default)
2019-09-26 21:18:45,951 [pool-67-thread-1] INFO  server.RaftServerConfigKeys (ConfUtils.java:logGet(43)) - raft.server.log.statemachine.data.sync.timeout = 10s (default)
2019-09-26 21:18:45,951 [pool-67-thread-1] INFO  server.RaftServerConfigKeys (ConfUtils.java:logGet(43)) - raft.server.log.statemachine.data.sync.timeout.retry = -1 (default)
2019-09-26 21:18:45,952 [pool-67-thread-1] INFO  server.RaftServerConfigKeys (ConfUtils.java:logGet(43)) - raft.server.log.statemachine.data.caching.enabled = true (custom)
2019-09-26 21:18:45,952 [pool-67-thread-1] INFO  segmented.SegmentedRaftLogWorker (SegmentedRaftLogWorker.java:lambda$new$0(132)) - da833d8d-e72a-4068-9560-4daa2d83adc2@group-1043AA7B5EDC-SegmentedRaftLogWorker: flushIndex: setUnconditionally 0 -> -1
2019-09-26 21:18:45,952 [pool-67-thread-1] INFO  server.RaftServerConfigKeys (ConfUtils.java:logGet(43)) - raft.server.snapshot.auto.trigger.enabled = true (custom)
2019-09-26 21:18:45,952 [pool-67-thread-1] INFO  server.RaftServerConfigKeys (ConfUtils.java:logGet(43)) - raft.server.snapshot.auto.trigger.threshold = 10000 (custom)
2019-09-26 21:18:45,953 [pool-67-thread-1] INFO  server.RaftServerConfigKeys (ConfUtils.java:logGet(43)) - raft.server.snapshot.retention.num.files = 5 (custom)
2019-09-26 21:18:45,953 [pool-67-thread-1] INFO  server.RaftServerConfigKeys (ConfUtils.java:logGet(43)) - raft.server.retrycache.expirytime = 600000ms (custom)
2019-09-26 21:18:45,955 [pool-67-thread-1] INFO  impl.RaftServerImpl (RaftServerImpl.java:start(185)) - da833d8d-e72a-4068-9560-4daa2d83adc2@group-1043AA7B5EDC: start as a follower, conf=-1: [da833d8d-e72a-4068-9560-4daa2d83adc2:192.168.151.99:38903], old=null
2019-09-26 21:18:45,956 [pool-67-thread-1] INFO  impl.RaftServerImpl (RaftServerImpl.java:setRole(174)) - da833d8d-e72a-4068-9560-4daa2d83adc2@group-1043AA7B5EDC: changes role from      null to FOLLOWER at term 0 for startAsFollower
2019-09-26 21:18:45,956 [pool-67-thread-1] INFO  impl.RoleInfo (RoleInfo.java:updateAndGet(143)) - da833d8d-e72a-4068-9560-4daa2d83adc2: start FollowerState
2019-09-26 21:18:45,956 [pool-67-thread-1] INFO  util.JmxRegister (JmxRegister.java:tryRegister(44)) - Successfully registered JMX Bean with object name Ratis:service=RaftServer,group=group-1043AA7B5EDC,id=da833d8d-e72a-4068-9560-4daa2d83adc2
2019-09-26 21:18:45,959 [RatisPipelineUtilsThread] INFO  pipeline.PipelineStateManager (PipelineStateManager.java:addPipeline(56)) - Created pipeline Pipeline[ Id: 6e037a33-c18c-44d6-8a8f-1043aa7b5edc, Nodes: da833d8d-e72a-4068-9560-4daa2d83adc2{ip: 192.168.151.99, host: pr-hdds-1569-g6sp5-2013761785, networkLocation: /default-rack, certSerialId: null}, Type:RATIS, Factor:ONE, State:OPEN]
2019-09-26 21:18:45,966 [grpc-default-executor-1] INFO  impl.RaftServerProxy (RaftServerProxy.java:addNew(89)) - 9ce0b59e-153f-4f41-8aed-492a76d80b48: addNew group-7520B680327D:[9ce0b59e-153f-4f41-8aed-492a76d80b48:192.168.151.99:34156] returns group-7520B680327D:java.util.concurrent.CompletableFuture@6d34047b[Not completed]
2019-09-26 21:18:45,967 [pool-27-thread-1] INFO  impl.RaftServerImpl (RaftServerImpl.java:<init>(95)) - 9ce0b59e-153f-4f41-8aed-492a76d80b48: new RaftServerImpl for group-7520B680327D:[9ce0b59e-153f-4f41-8aed-492a76d80b48:192.168.151.99:34156] with ContainerStateMachine:uninitialized
2019-09-26 21:18:45,967 [pool-27-thread-1] INFO  server.RaftServerConfigKeys (ConfUtils.java:logGet(43)) - raft.server.rpc.timeout.min = 5s (custom)
2019-09-26 21:18:45,967 [pool-27-thread-1] INFO  server.RaftServerConfigKeys (ConfUtils.java:logGet(43)) - raft.server.rpc.timeout.max = 5200ms (custom)
2019-09-26 21:18:45,968 [pool-27-thread-1] INFO  server.RaftServerConfigKeys (ConfUtils.java:logGet(43)) - raft.server.rpcslowness.timeout = 120s (custom)
2019-09-26 21:18:45,968 [pool-27-thread-1] INFO  server.RaftServerConfigKeys (ConfUtils.java:logGet(43)) - raft.server.sleep.deviation.threshold = 300 (default)
2019-09-26 21:18:45,968 [pool-27-thread-1] INFO  server.RaftServerConfigKeys (ConfUtils.java:logGet(43)) - raft.server.log.appender.install.snapshot.enabled = false (custom)
2019-09-26 21:18:45,968 [pool-27-thread-1] INFO  impl.RaftServerImpl (ServerState.java:<init>(103)) - 9ce0b59e-153f-4f41-8aed-492a76d80b48@group-7520B680327D: ConfigurationManager, init=-1: [9ce0b59e-153f-4f41-8aed-492a76d80b48:192.168.151.99:34156], old=null, confs=<EMPTY_MAP>
2019-09-26 21:18:45,968 [pool-27-thread-1] INFO  server.RaftServerConfigKeys (ConfUtils.java:logGet(43)) - raft.server.storage.dir = [/workdir/hadoop-ozone/ozonefs/target/test-dir/MiniOzoneClusterImpl-5b64906c-d720-4906-b30c-b6d56a2122fd/datanode-0/data/ratis] (custom)
2019-09-26 21:18:45,969 [pool-27-thread-1] INFO  storage.RaftStorageDirectory (RaftStorageDirectory.java:analyzeStorage(246)) - The storage directory /workdir/hadoop-ozone/ozonefs/target/test-dir/MiniOzoneClusterImpl-5b64906c-d720-4906-b30c-b6d56a2122fd/datanode-0/data/ratis/538cff43-2278-41a6-9870-7520b680327d does not exist. Creating ...
2019-09-26 21:18:45,982 [pool-27-thread-1] INFO  storage.RaftStorageDirectory (RaftStorageDirectory.java:tryLock(328)) - Lock on /workdir/hadoop-ozone/ozonefs/target/test-dir/MiniOzoneClusterImpl-5b64906c-d720-4906-b30c-b6d56a2122fd/datanode-0/data/ratis/538cff43-2278-41a6-9870-7520b680327d/in_use.lock acquired by nodename 10701@pr-hdds-1569-g6sp5-2013761785
2019-09-26 21:18:45,995 [pool-27-thread-1] INFO  storage.RaftStorage (RaftStorage.java:format(72)) - Storage directory /workdir/hadoop-ozone/ozonefs/target/test-dir/MiniOzoneClusterImpl-5b64906c-d720-4906-b30c-b6d56a2122fd/datanode-0/data/ratis/538cff43-2278-41a6-9870-7520b680327d has been successfully formatted.
2019-09-26 21:18:45,995 [pool-27-thread-1] INFO  ratis.ContainerStateMachine (ContainerStateMachine.java:loadSnapshot(230)) - group-7520B680327D: The snapshot info is null. Setting the last applied indexto:(t:0, i:~)
2019-09-26 21:18:45,995 [pool-27-thread-1] INFO  server.RaftServerConfigKeys (ConfUtils.java:logGet(43)) - raft.server.notification.no-leader.timeout = 120s (custom)
2019-09-26 21:18:45,996 [pool-27-thread-1] INFO  server.RaftServerConfigKeys (ConfUtils.java:logGet(43)) - raft.server.log.use.memory = false (default)
2019-09-26 21:18:45,996 [pool-27-thread-1] INFO  server.RaftServerConfigKeys (ConfUtils.java:logGet(43)) - raft.server.log.purge.gap = 1000000 (custom)
2019-09-26 21:18:45,996 [pool-27-thread-1] INFO  server.RaftServerConfigKeys (ConfUtils.java:logGet(43)) - raft.server.log.appender.buffer.byte-limit = 33554432 (custom)
2019-09-26 21:18:45,996 [pool-27-thread-1] INFO  server.RaftServerConfigKeys (ConfUtils.java:logGet(43)) - raft.server.log.segment.size.max = 1048576 (custom)
2019-09-26 21:18:45,996 [pool-27-thread-1] INFO  server.RaftServerConfigKeys (ConfUtils.java:logGet(43)) - raft.server.log.segment.cache.num.max = 2 (custom)
2019-09-26 21:18:45,996 [pool-27-thread-1] INFO  segmented.SegmentedRaftLogWorker (SegmentedRaftLogWorker.java:<init>(172)) - new 9ce0b59e-153f-4f41-8aed-492a76d80b48@group-7520B680327D-SegmentedRaftLogWorker for RaftStorage:Storage Directory /workdir/hadoop-ozone/ozonefs/target/test-dir/MiniOzoneClusterImpl-5b64906c-d720-4906-b30c-b6d56a2122fd/datanode-0/data/ratis/538cff43-2278-41a6-9870-7520b680327d
2019-09-26 21:18:45,997 [pool-27-thread-1] INFO  server.RaftServerConfigKeys (ConfUtils.java:logGet(43)) - raft.server.log.queue.byte-limit = 2147483647 (custom)
2019-09-26 21:18:45,997 [pool-27-thread-1] INFO  server.RaftServerConfigKeys (ConfUtils.java:logGet(43)) - raft.server.log.queue.element-limit = 1024 (custom)
2019-09-26 21:18:45,997 [pool-27-thread-1] INFO  server.RaftServerConfigKeys (ConfUtils.java:logGet(43)) - raft.server.log.segment.size.max = 1048576 (custom)
2019-09-26 21:18:45,997 [pool-27-thread-1] INFO  server.RaftServerConfigKeys (ConfUtils.java:logGet(43)) - raft.server.log.preallocated.size = 16384 (custom)
2019-09-26 21:18:45,997 [pool-27-thread-1] INFO  server.RaftServerConfigKeys (ConfUtils.java:logGet(43)) - raft.server.log.write.buffer.size = 33554432 (custom)
2019-09-26 21:18:45,997 [pool-27-thread-1] INFO  server.RaftServerConfigKeys (ConfUtils.java:logGet(43)) - raft.server.log.force.sync.num = 128 (default)
2019-09-26 21:18:45,998 [pool-27-thread-1] INFO  server.RaftServerConfigKeys (ConfUtils.java:logGet(43)) - raft.server.log.statemachine.data.sync = true (default)
2019-09-26 21:18:45,998 [pool-27-thread-1] INFO  server.RaftServerConfigKeys (ConfUtils.java:logGet(43)) - raft.server.log.statemachine.data.sync.timeout = 10s (default)
2019-09-26 21:18:45,998 [pool-27-thread-1] INFO  server.RaftServerConfigKeys (ConfUtils.java:logGet(43)) - raft.server.log.statemachine.data.sync.timeout.retry = -1 (default)
2019-09-26 21:18:45,998 [pool-27-thread-1] INFO  server.RaftServerConfigKeys (ConfUtils.java:logGet(43)) - raft.server.log.statemachine.data.caching.enabled = true (custom)
2019-09-26 21:18:45,998 [pool-27-thread-1] INFO  segmented.SegmentedRaftLogWorker (SegmentedRaftLogWorker.java:lambda$new$0(132)) - 9ce0b59e-153f-4f41-8aed-492a76d80b48@group-7520B680327D-SegmentedRaftLogWorker: flushIndex: setUnconditionally 0 -> -1
2019-09-26 21:18:45,999 [pool-27-thread-1] INFO  server.RaftServerConfigKeys (ConfUtils.java:logGet(43)) - raft.server.snapshot.auto.trigger.enabled = true (custom)
2019-09-26 21:18:45,999 [pool-27-thread-1] INFO  server.RaftServerConfigKeys (ConfUtils.java:logGet(43)) - raft.server.snapshot.auto.trigger.threshold = 10000 (custom)
2019-09-26 21:18:45,999 [pool-27-thread-1] INFO  server.RaftServerConfigKeys (ConfUtils.java:logGet(43)) - raft.server.snapshot.retention.num.files = 5 (custom)
2019-09-26 21:18:45,999 [pool-27-thread-1] INFO  server.RaftServerConfigKeys (ConfUtils.java:logGet(43)) - raft.server.retrycache.expirytime = 600000ms (custom)
2019-09-26 21:18:46,002 [pool-27-thread-1] INFO  impl.RaftServerImpl (RaftServerImpl.java:start(185)) - 9ce0b59e-153f-4f41-8aed-492a76d80b48@group-7520B680327D: start as a follower, conf=-1: [9ce0b59e-153f-4f41-8aed-492a76d80b48:192.168.151.99:34156], old=null
2019-09-26 21:18:46,002 [pool-27-thread-1] INFO  impl.RaftServerImpl (RaftServerImpl.java:setRole(174)) - 9ce0b59e-153f-4f41-8aed-492a76d80b48@group-7520B680327D: changes role from      null to FOLLOWER at term 0 for startAsFollower
2019-09-26 21:18:46,002 [pool-27-thread-1] INFO  impl.RoleInfo (RoleInfo.java:updateAndGet(143)) - 9ce0b59e-153f-4f41-8aed-492a76d80b48: start FollowerState
2019-09-26 21:18:46,003 [pool-27-thread-1] INFO  util.JmxRegister (JmxRegister.java:tryRegister(44)) - Successfully registered JMX Bean with object name Ratis:service=RaftServer,group=group-7520B680327D,id=9ce0b59e-153f-4f41-8aed-492a76d80b48
2019-09-26 21:18:46,007 [RatisPipelineUtilsThread] INFO  pipeline.PipelineStateManager (PipelineStateManager.java:addPipeline(56)) - Created pipeline Pipeline[ Id: 538cff43-2278-41a6-9870-7520b680327d, Nodes: 9ce0b59e-153f-4f41-8aed-492a76d80b48{ip: 192.168.151.99, host: pr-hdds-1569-g6sp5-2013761785, networkLocation: /default-rack, certSerialId: null}, Type:RATIS, Factor:ONE, State:OPEN]
2019-09-26 21:18:46,021 [grpc-default-executor-1] INFO  impl.RaftServerProxy (RaftServerProxy.java:addNew(89)) - 9ce0b59e-153f-4f41-8aed-492a76d80b48: addNew group-0E19CD8F0F7A:[9ce0b59e-153f-4f41-8aed-492a76d80b48:192.168.151.99:34156] returns group-0E19CD8F0F7A:java.util.concurrent.CompletableFuture@78c206e3[Not completed]
2019-09-26 21:18:46,022 [pool-27-thread-1] INFO  impl.RaftServerImpl (RaftServerImpl.java:<init>(95)) - 9ce0b59e-153f-4f41-8aed-492a76d80b48: new RaftServerImpl for group-0E19CD8F0F7A:[9ce0b59e-153f-4f41-8aed-492a76d80b48:192.168.151.99:34156] with ContainerStateMachine:uninitialized
2019-09-26 21:18:46,022 [pool-27-thread-1] INFO  server.RaftServerConfigKeys (ConfUtils.java:logGet(43)) - raft.server.rpc.timeout.min = 5s (custom)
2019-09-26 21:18:46,022 [pool-27-thread-1] INFO  server.RaftServerConfigKeys (ConfUtils.java:logGet(43)) - raft.server.rpc.timeout.max = 5200ms (custom)
2019-09-26 21:18:46,022 [pool-27-thread-1] INFO  server.RaftServerConfigKeys (ConfUtils.java:logGet(43)) - raft.server.rpcslowness.timeout = 120s (custom)
2019-09-26 21:18:46,023 [pool-27-thread-1] INFO  server.RaftServerConfigKeys (ConfUtils.java:logGet(43)) - raft.server.sleep.deviation.threshold = 300 (default)
2019-09-26 21:18:46,023 [pool-27-thread-1] INFO  server.RaftServerConfigKeys (ConfUtils.java:logGet(43)) - raft.server.log.appender.install.snapshot.enabled = false (custom)
2019-09-26 21:18:46,023 [pool-27-thread-1] INFO  impl.RaftServerImpl (ServerState.java:<init>(103)) - 9ce0b59e-153f-4f41-8aed-492a76d80b48@group-0E19CD8F0F7A: ConfigurationManager, init=-1: [9ce0b59e-153f-4f41-8aed-492a76d80b48:192.168.151.99:34156], old=null, confs=<EMPTY_MAP>
2019-09-26 21:18:46,023 [pool-27-thread-1] INFO  server.RaftServerConfigKeys (ConfUtils.java:logGet(43)) - raft.server.storage.dir = [/workdir/hadoop-ozone/ozonefs/target/test-dir/MiniOzoneClusterImpl-5b64906c-d720-4906-b30c-b6d56a2122fd/datanode-0/data/ratis] (custom)
2019-09-26 21:18:46,023 [pool-27-thread-1] INFO  storage.RaftStorageDirectory (RaftStorageDirectory.java:analyzeStorage(246)) - The storage directory /workdir/hadoop-ozone/ozonefs/target/test-dir/MiniOzoneClusterImpl-5b64906c-d720-4906-b30c-b6d56a2122fd/datanode-0/data/ratis/f927fb4b-36be-469b-82a1-0e19cd8f0f7a does not exist. Creating ...
2019-09-26 21:18:46,036 [pool-27-thread-1] INFO  storage.RaftStorageDirectory (RaftStorageDirectory.java:tryLock(328)) - Lock on /workdir/hadoop-ozone/ozonefs/target/test-dir/MiniOzoneClusterImpl-5b64906c-d720-4906-b30c-b6d56a2122fd/datanode-0/data/ratis/f927fb4b-36be-469b-82a1-0e19cd8f0f7a/in_use.lock acquired by nodename 10701@pr-hdds-1569-g6sp5-2013761785
2019-09-26 21:18:46,050 [pool-27-thread-1] INFO  storage.RaftStorage (RaftStorage.java:format(72)) - Storage directory /workdir/hadoop-ozone/ozonefs/target/test-dir/MiniOzoneClusterImpl-5b64906c-d720-4906-b30c-b6d56a2122fd/datanode-0/data/ratis/f927fb4b-36be-469b-82a1-0e19cd8f0f7a has been successfully formatted.
2019-09-26 21:18:46,050 [pool-27-thread-1] INFO  ratis.ContainerStateMachine (ContainerStateMachine.java:loadSnapshot(230)) - group-0E19CD8F0F7A: The snapshot info is null. Setting the last applied indexto:(t:0, i:~)
2019-09-26 21:18:46,051 [pool-27-thread-1] INFO  server.RaftServerConfigKeys (ConfUtils.java:logGet(43)) - raft.server.notification.no-leader.timeout = 120s (custom)
2019-09-26 21:18:46,051 [pool-27-thread-1] INFO  server.RaftServerConfigKeys (ConfUtils.java:logGet(43)) - raft.server.log.use.memory = false (default)
2019-09-26 21:18:46,051 [pool-27-thread-1] INFO  server.RaftServerConfigKeys (ConfUtils.java:logGet(43)) - raft.server.log.purge.gap = 1000000 (custom)
2019-09-26 21:18:46,051 [pool-27-thread-1] INFO  server.RaftServerConfigKeys (ConfUtils.java:logGet(43)) - raft.server.log.appender.buffer.byte-limit = 33554432 (custom)
2019-09-26 21:18:46,051 [pool-27-thread-1] INFO  server.RaftServerConfigKeys (ConfUtils.java:logGet(43)) - raft.server.log.segment.size.max = 1048576 (custom)
2019-09-26 21:18:46,051 [pool-27-thread-1] INFO  server.RaftServerConfigKeys (ConfUtils.java:logGet(43)) - raft.server.log.segment.cache.num.max = 2 (custom)
2019-09-26 21:18:46,052 [pool-27-thread-1] INFO  segmented.SegmentedRaftLogWorker (SegmentedRaftLogWorker.java:<init>(172)) - new 9ce0b59e-153f-4f41-8aed-492a76d80b48@group-0E19CD8F0F7A-SegmentedRaftLogWorker for RaftStorage:Storage Directory /workdir/hadoop-ozone/ozonefs/target/test-dir/MiniOzoneClusterImpl-5b64906c-d720-4906-b30c-b6d56a2122fd/datanode-0/data/ratis/f927fb4b-36be-469b-82a1-0e19cd8f0f7a
2019-09-26 21:18:46,052 [pool-27-thread-1] INFO  server.RaftServerConfigKeys (ConfUtils.java:logGet(43)) - raft.server.log.queue.byte-limit = 2147483647 (custom)
2019-09-26 21:18:46,052 [pool-27-thread-1] INFO  server.RaftServerConfigKeys (ConfUtils.java:logGet(43)) - raft.server.log.queue.element-limit = 1024 (custom)
2019-09-26 21:18:46,052 [pool-27-thread-1] INFO  server.RaftServerConfigKeys (ConfUtils.java:logGet(43)) - raft.server.log.segment.size.max = 1048576 (custom)
2019-09-26 21:18:46,052 [pool-27-thread-1] INFO  server.RaftServerConfigKeys (ConfUtils.java:logGet(43)) - raft.server.log.preallocated.size = 16384 (custom)
2019-09-26 21:18:46,052 [pool-27-thread-1] INFO  server.RaftServerConfigKeys (ConfUtils.java:logGet(43)) - raft.server.log.write.buffer.size = 33554432 (custom)
2019-09-26 21:18:46,053 [pool-27-thread-1] INFO  server.RaftServerConfigKeys (ConfUtils.java:logGet(43)) - raft.server.log.force.sync.num = 128 (default)
2019-09-26 21:18:46,053 [pool-27-thread-1] INFO  server.RaftServerConfigKeys (ConfUtils.java:logGet(43)) - raft.server.log.statemachine.data.sync = true (default)
2019-09-26 21:18:46,053 [pool-27-thread-1] INFO  server.RaftServerConfigKeys (ConfUtils.java:logGet(43)) - raft.server.log.statemachine.data.sync.timeout = 10s (default)
2019-09-26 21:18:46,053 [pool-27-thread-1] INFO  server.RaftServerConfigKeys (ConfUtils.java:logGet(43)) - raft.server.log.statemachine.data.sync.timeout.retry = -1 (default)
2019-09-26 21:18:46,053 [pool-27-thread-1] INFO  server.RaftServerConfigKeys (ConfUtils.java:logGet(43)) - raft.server.log.statemachine.data.caching.enabled = true (custom)
2019-09-26 21:18:46,054 [pool-27-thread-1] INFO  segmented.SegmentedRaftLogWorker (SegmentedRaftLogWorker.java:lambda$new$0(132)) - 9ce0b59e-153f-4f41-8aed-492a76d80b48@group-0E19CD8F0F7A-SegmentedRaftLogWorker: flushIndex: setUnconditionally 0 -> -1
2019-09-26 21:18:46,054 [pool-27-thread-1] INFO  server.RaftServerConfigKeys (ConfUtils.java:logGet(43)) - raft.server.snapshot.auto.trigger.enabled = true (custom)
2019-09-26 21:18:46,054 [pool-27-thread-1] INFO  server.RaftServerConfigKeys (ConfUtils.java:logGet(43)) - raft.server.snapshot.auto.trigger.threshold = 10000 (custom)
2019-09-26 21:18:46,054 [pool-27-thread-1] INFO  server.RaftServerConfigKeys (ConfUtils.java:logGet(43)) - raft.server.snapshot.retention.num.files = 5 (custom)
2019-09-26 21:18:46,055 [pool-27-thread-1] INFO  server.RaftServerConfigKeys (ConfUtils.java:logGet(43)) - raft.server.retrycache.expirytime = 600000ms (custom)
2019-09-26 21:18:46,057 [pool-27-thread-1] INFO  impl.RaftServerImpl (RaftServerImpl.java:start(185)) - 9ce0b59e-153f-4f41-8aed-492a76d80b48@group-0E19CD8F0F7A: start as a follower, conf=-1: [9ce0b59e-153f-4f41-8aed-492a76d80b48:192.168.151.99:34156], old=null
2019-09-26 21:18:46,057 [pool-27-thread-1] INFO  impl.RaftServerImpl (RaftServerImpl.java:setRole(174)) - 9ce0b59e-153f-4f41-8aed-492a76d80b48@group-0E19CD8F0F7A: changes role from      null to FOLLOWER at term 0 for startAsFollower
2019-09-26 21:18:46,058 [pool-27-thread-1] INFO  impl.RoleInfo (RoleInfo.java:updateAndGet(143)) - 9ce0b59e-153f-4f41-8aed-492a76d80b48: start FollowerState
2019-09-26 21:18:46,058 [pool-27-thread-1] INFO  util.JmxRegister (JmxRegister.java:tryRegister(44)) - Successfully registered JMX Bean with object name Ratis:service=RaftServer,group=group-0E19CD8F0F7A,id=9ce0b59e-153f-4f41-8aed-492a76d80b48
2019-09-26 21:18:46,061 [RatisPipelineUtilsThread] INFO  pipeline.PipelineStateManager (PipelineStateManager.java:addPipeline(56)) - Created pipeline Pipeline[ Id: f927fb4b-36be-469b-82a1-0e19cd8f0f7a, Nodes: 9ce0b59e-153f-4f41-8aed-492a76d80b48{ip: 192.168.151.99, host: pr-hdds-1569-g6sp5-2013761785, networkLocation: /default-rack, certSerialId: null}, Type:RATIS, Factor:ONE, State:OPEN]
2019-09-26 21:18:46,066 [grpc-default-executor-1] INFO  impl.RaftServerProxy (RaftServerProxy.java:addNew(89)) - 9ce0b59e-153f-4f41-8aed-492a76d80b48: addNew group-5A06F6756262:[9ce0b59e-153f-4f41-8aed-492a76d80b48:192.168.151.99:34156] returns group-5A06F6756262:java.util.concurrent.CompletableFuture@f7566b5[Not completed]
2019-09-26 21:18:46,068 [pool-27-thread-1] INFO  impl.RaftServerImpl (RaftServerImpl.java:<init>(95)) - 9ce0b59e-153f-4f41-8aed-492a76d80b48: new RaftServerImpl for group-5A06F6756262:[9ce0b59e-153f-4f41-8aed-492a76d80b48:192.168.151.99:34156] with ContainerStateMachine:uninitialized
2019-09-26 21:18:46,068 [pool-27-thread-1] INFO  server.RaftServerConfigKeys (ConfUtils.java:logGet(43)) - raft.server.rpc.timeout.min = 5s (custom)
2019-09-26 21:18:46,068 [pool-27-thread-1] INFO  server.RaftServerConfigKeys (ConfUtils.java:logGet(43)) - raft.server.rpc.timeout.max = 5200ms (custom)
2019-09-26 21:18:46,068 [pool-27-thread-1] INFO  server.RaftServerConfigKeys (ConfUtils.java:logGet(43)) - raft.server.rpcslowness.timeout = 120s (custom)
2019-09-26 21:18:46,068 [pool-27-thread-1] INFO  server.RaftServerConfigKeys (ConfUtils.java:logGet(43)) - raft.server.sleep.deviation.threshold = 300 (default)
2019-09-26 21:18:46,068 [pool-27-thread-1] INFO  server.RaftServerConfigKeys (ConfUtils.java:logGet(43)) - raft.server.log.appender.install.snapshot.enabled = false (custom)
2019-09-26 21:18:46,068 [pool-27-thread-1] INFO  impl.RaftServerImpl (ServerState.java:<init>(103)) - 9ce0b59e-153f-4f41-8aed-492a76d80b48@group-5A06F6756262: ConfigurationManager, init=-1: [9ce0b59e-153f-4f41-8aed-492a76d80b48:192.168.151.99:34156], old=null, confs=<EMPTY_MAP>
2019-09-26 21:18:46,069 [pool-27-thread-1] INFO  server.RaftServerConfigKeys (ConfUtils.java:logGet(43)) - raft.server.storage.dir = [/workdir/hadoop-ozone/ozonefs/target/test-dir/MiniOzoneClusterImpl-5b64906c-d720-4906-b30c-b6d56a2122fd/datanode-0/data/ratis] (custom)
2019-09-26 21:18:46,069 [pool-27-thread-1] INFO  storage.RaftStorageDirectory (RaftStorageDirectory.java:analyzeStorage(246)) - The storage directory /workdir/hadoop-ozone/ozonefs/target/test-dir/MiniOzoneClusterImpl-5b64906c-d720-4906-b30c-b6d56a2122fd/datanode-0/data/ratis/4cc7cd0b-f3ff-4454-a923-5a06f6756262 does not exist. Creating ...
2019-09-26 21:18:46,082 [pool-27-thread-1] INFO  storage.RaftStorageDirectory (RaftStorageDirectory.java:tryLock(328)) - Lock on /workdir/hadoop-ozone/ozonefs/target/test-dir/MiniOzoneClusterImpl-5b64906c-d720-4906-b30c-b6d56a2122fd/datanode-0/data/ratis/4cc7cd0b-f3ff-4454-a923-5a06f6756262/in_use.lock acquired by nodename 10701@pr-hdds-1569-g6sp5-2013761785
2019-09-26 21:18:46,095 [pool-27-thread-1] INFO  storage.RaftStorage (RaftStorage.java:format(72)) - Storage directory /workdir/hadoop-ozone/ozonefs/target/test-dir/MiniOzoneClusterImpl-5b64906c-d720-4906-b30c-b6d56a2122fd/datanode-0/data/ratis/4cc7cd0b-f3ff-4454-a923-5a06f6756262 has been successfully formatted.
2019-09-26 21:18:46,095 [pool-27-thread-1] INFO  ratis.ContainerStateMachine (ContainerStateMachine.java:loadSnapshot(230)) - group-5A06F6756262: The snapshot info is null. Setting the last applied indexto:(t:0, i:~)
2019-09-26 21:18:46,095 [pool-27-thread-1] INFO  server.RaftServerConfigKeys (ConfUtils.java:logGet(43)) - raft.server.notification.no-leader.timeout = 120s (custom)
2019-09-26 21:18:46,096 [pool-27-thread-1] INFO  server.RaftServerConfigKeys (ConfUtils.java:logGet(43)) - raft.server.log.use.memory = false (default)
2019-09-26 21:18:46,096 [pool-27-thread-1] INFO  server.RaftServerConfigKeys (ConfUtils.java:logGet(43)) - raft.server.log.purge.gap = 1000000 (custom)
2019-09-26 21:18:46,096 [pool-27-thread-1] INFO  server.RaftServerConfigKeys (ConfUtils.java:logGet(43)) - raft.server.log.appender.buffer.byte-limit = 33554432 (custom)
2019-09-26 21:18:46,096 [pool-27-thread-1] INFO  server.RaftServerConfigKeys (ConfUtils.java:logGet(43)) - raft.server.log.segment.size.max = 1048576 (custom)
2019-09-26 21:18:46,096 [pool-27-thread-1] INFO  server.RaftServerConfigKeys (ConfUtils.java:logGet(43)) - raft.server.log.segment.cache.num.max = 2 (custom)
2019-09-26 21:18:46,096 [pool-27-thread-1] INFO  segmented.SegmentedRaftLogWorker (SegmentedRaftLogWorker.java:<init>(172)) - new 9ce0b59e-153f-4f41-8aed-492a76d80b48@group-5A06F6756262-SegmentedRaftLogWorker for RaftStorage:Storage Directory /workdir/hadoop-ozone/ozonefs/target/test-dir/MiniOzoneClusterImpl-5b64906c-d720-4906-b30c-b6d56a2122fd/datanode-0/data/ratis/4cc7cd0b-f3ff-4454-a923-5a06f6756262
2019-09-26 21:18:46,097 [pool-27-thread-1] INFO  server.RaftServerConfigKeys (ConfUtils.java:logGet(43)) - raft.server.log.queue.byte-limit = 2147483647 (custom)
2019-09-26 21:18:46,097 [pool-27-thread-1] INFO  server.RaftServerConfigKeys (ConfUtils.java:logGet(43)) - raft.server.log.queue.element-limit = 1024 (custom)
2019-09-26 21:18:46,097 [pool-27-thread-1] INFO  server.RaftServerConfigKeys (ConfUtils.java:logGet(43)) - raft.server.log.segment.size.max = 1048576 (custom)
2019-09-26 21:18:46,097 [pool-27-thread-1] INFO  server.RaftServerConfigKeys (ConfUtils.java:logGet(43)) - raft.server.log.preallocated.size = 16384 (custom)
2019-09-26 21:18:46,097 [pool-27-thread-1] INFO  server.RaftServerConfigKeys (ConfUtils.java:logGet(43)) - raft.server.log.write.buffer.size = 33554432 (custom)
2019-09-26 21:18:46,097 [pool-27-thread-1] INFO  server.RaftServerConfigKeys (ConfUtils.java:logGet(43)) - raft.server.log.force.sync.num = 128 (default)
2019-09-26 21:18:46,097 [pool-27-thread-1] INFO  server.RaftServerConfigKeys (ConfUtils.java:logGet(43)) - raft.server.log.statemachine.data.sync = true (default)
2019-09-26 21:18:46,098 [pool-27-thread-1] INFO  server.RaftServerConfigKeys (ConfUtils.java:logGet(43)) - raft.server.log.statemachine.data.sync.timeout = 10s (default)
2019-09-26 21:18:46,098 [pool-27-thread-1] INFO  server.RaftServerConfigKeys (ConfUtils.java:logGet(43)) - raft.server.log.statemachine.data.sync.timeout.retry = -1 (default)
2019-09-26 21:18:46,098 [pool-27-thread-1] INFO  server.RaftServerConfigKeys (ConfUtils.java:logGet(43)) - raft.server.log.statemachine.data.caching.enabled = true (custom)
2019-09-26 21:18:46,098 [pool-27-thread-1] INFO  segmented.SegmentedRaftLogWorker (SegmentedRaftLogWorker.java:lambda$new$0(132)) - 9ce0b59e-153f-4f41-8aed-492a76d80b48@group-5A06F6756262-SegmentedRaftLogWorker: flushIndex: setUnconditionally 0 -> -1
2019-09-26 21:18:46,099 [pool-27-thread-1] INFO  server.RaftServerConfigKeys (ConfUtils.java:logGet(43)) - raft.server.snapshot.auto.trigger.enabled = true (custom)
2019-09-26 21:18:46,099 [pool-27-thread-1] INFO  server.RaftServerConfigKeys (ConfUtils.java:logGet(43)) - raft.server.snapshot.auto.trigger.threshold = 10000 (custom)
2019-09-26 21:18:46,099 [pool-27-thread-1] INFO  server.RaftServerConfigKeys (ConfUtils.java:logGet(43)) - raft.server.snapshot.retention.num.files = 5 (custom)
2019-09-26 21:18:46,099 [pool-27-thread-1] INFO  server.RaftServerConfigKeys (ConfUtils.java:logGet(43)) - raft.server.retrycache.expirytime = 600000ms (custom)
2019-09-26 21:18:46,101 [pool-27-thread-1] INFO  impl.RaftServerImpl (RaftServerImpl.java:start(185)) - 9ce0b59e-153f-4f41-8aed-492a76d80b48@group-5A06F6756262: start as a follower, conf=-1: [9ce0b59e-153f-4f41-8aed-492a76d80b48:192.168.151.99:34156], old=null
2019-09-26 21:18:46,102 [pool-27-thread-1] INFO  impl.RaftServerImpl (RaftServerImpl.java:setRole(174)) - 9ce0b59e-153f-4f41-8aed-492a76d80b48@group-5A06F6756262: changes role from      null to FOLLOWER at term 0 for startAsFollower
2019-09-26 21:18:46,102 [pool-27-thread-1] INFO  impl.RoleInfo (RoleInfo.java:updateAndGet(143)) - 9ce0b59e-153f-4f41-8aed-492a76d80b48: start FollowerState
2019-09-26 21:18:46,102 [pool-27-thread-1] INFO  util.JmxRegister (JmxRegister.java:tryRegister(44)) - Successfully registered JMX Bean with object name Ratis:service=RaftServer,group=group-5A06F6756262,id=9ce0b59e-153f-4f41-8aed-492a76d80b48
2019-09-26 21:18:46,105 [RatisPipelineUtilsThread] INFO  pipeline.PipelineStateManager (PipelineStateManager.java:addPipeline(56)) - Created pipeline Pipeline[ Id: 4cc7cd0b-f3ff-4454-a923-5a06f6756262, Nodes: 9ce0b59e-153f-4f41-8aed-492a76d80b48{ip: 192.168.151.99, host: pr-hdds-1569-g6sp5-2013761785, networkLocation: /default-rack, certSerialId: null}, Type:RATIS, Factor:ONE, State:OPEN]
2019-09-26 21:18:46,111 [grpc-default-executor-1] INFO  impl.RaftServerProxy (RaftServerProxy.java:addNew(89)) - 9ce0b59e-153f-4f41-8aed-492a76d80b48: addNew group-806F7D6701F2:[9ce0b59e-153f-4f41-8aed-492a76d80b48:192.168.151.99:34156] returns group-806F7D6701F2:java.util.concurrent.CompletableFuture@7c78880a[Not completed]
2019-09-26 21:18:46,112 [pool-27-thread-1] INFO  impl.RaftServerImpl (RaftServerImpl.java:<init>(95)) - 9ce0b59e-153f-4f41-8aed-492a76d80b48: new RaftServerImpl for group-806F7D6701F2:[9ce0b59e-153f-4f41-8aed-492a76d80b48:192.168.151.99:34156] with ContainerStateMachine:uninitialized
2019-09-26 21:18:46,112 [pool-27-thread-1] INFO  server.RaftServerConfigKeys (ConfUtils.java:logGet(43)) - raft.server.rpc.timeout.min = 5s (custom)
2019-09-26 21:18:46,112 [pool-27-thread-1] INFO  server.RaftServerConfigKeys (ConfUtils.java:logGet(43)) - raft.server.rpc.timeout.max = 5200ms (custom)
2019-09-26 21:18:46,112 [pool-27-thread-1] INFO  server.RaftServerConfigKeys (ConfUtils.java:logGet(43)) - raft.server.rpcslowness.timeout = 120s (custom)
2019-09-26 21:18:46,112 [pool-27-thread-1] INFO  server.RaftServerConfigKeys (ConfUtils.java:logGet(43)) - raft.server.sleep.deviation.threshold = 300 (default)
2019-09-26 21:18:46,112 [pool-27-thread-1] INFO  server.RaftServerConfigKeys (ConfUtils.java:logGet(43)) - raft.server.log.appender.install.snapshot.enabled = false (custom)
2019-09-26 21:18:46,113 [pool-27-thread-1] INFO  impl.RaftServerImpl (ServerState.java:<init>(103)) - 9ce0b59e-153f-4f41-8aed-492a76d80b48@group-806F7D6701F2: ConfigurationManager, init=-1: [9ce0b59e-153f-4f41-8aed-492a76d80b48:192.168.151.99:34156], old=null, confs=<EMPTY_MAP>
2019-09-26 21:18:46,113 [pool-27-thread-1] INFO  server.RaftServerConfigKeys (ConfUtils.java:logGet(43)) - raft.server.storage.dir = [/workdir/hadoop-ozone/ozonefs/target/test-dir/MiniOzoneClusterImpl-5b64906c-d720-4906-b30c-b6d56a2122fd/datanode-0/data/ratis] (custom)
2019-09-26 21:18:46,113 [pool-27-thread-1] INFO  storage.RaftStorageDirectory (RaftStorageDirectory.java:analyzeStorage(246)) - The storage directory /workdir/hadoop-ozone/ozonefs/target/test-dir/MiniOzoneClusterImpl-5b64906c-d720-4906-b30c-b6d56a2122fd/datanode-0/data/ratis/5d559848-b420-44f2-8660-806f7d6701f2 does not exist. Creating ...
2019-09-26 21:18:46,138 [pool-27-thread-1] INFO  storage.RaftStorageDirectory (RaftStorageDirectory.java:tryLock(328)) - Lock on /workdir/hadoop-ozone/ozonefs/target/test-dir/MiniOzoneClusterImpl-5b64906c-d720-4906-b30c-b6d56a2122fd/datanode-0/data/ratis/5d559848-b420-44f2-8660-806f7d6701f2/in_use.lock acquired by nodename 10701@pr-hdds-1569-g6sp5-2013761785
2019-09-26 21:18:46,162 [pool-27-thread-1] INFO  storage.RaftStorage (RaftStorage.java:format(72)) - Storage directory /workdir/hadoop-ozone/ozonefs/target/test-dir/MiniOzoneClusterImpl-5b64906c-d720-4906-b30c-b6d56a2122fd/datanode-0/data/ratis/5d559848-b420-44f2-8660-806f7d6701f2 has been successfully formatted.
2019-09-26 21:18:46,163 [pool-27-thread-1] INFO  ratis.ContainerStateMachine (ContainerStateMachine.java:loadSnapshot(230)) - group-806F7D6701F2: The snapshot info is null. Setting the last applied indexto:(t:0, i:~)
2019-09-26 21:18:46,163 [pool-27-thread-1] INFO  server.RaftServerConfigKeys (ConfUtils.java:logGet(43)) - raft.server.notification.no-leader.timeout = 120s (custom)
2019-09-26 21:18:46,163 [pool-27-thread-1] INFO  server.RaftServerConfigKeys (ConfUtils.java:logGet(43)) - raft.server.log.use.memory = false (default)
2019-09-26 21:18:46,163 [pool-27-thread-1] INFO  server.RaftServerConfigKeys (ConfUtils.java:logGet(43)) - raft.server.log.purge.gap = 1000000 (custom)
2019-09-26 21:18:46,163 [pool-27-thread-1] INFO  server.RaftServerConfigKeys (ConfUtils.java:logGet(43)) - raft.server.log.appender.buffer.byte-limit = 33554432 (custom)
2019-09-26 21:18:46,163 [pool-27-thread-1] INFO  server.RaftServerConfigKeys (ConfUtils.java:logGet(43)) - raft.server.log.segment.size.max = 1048576 (custom)
2019-09-26 21:18:46,164 [pool-27-thread-1] INFO  server.RaftServerConfigKeys (ConfUtils.java:logGet(43)) - raft.server.log.segment.cache.num.max = 2 (custom)
2019-09-26 21:18:46,164 [pool-27-thread-1] INFO  segmented.SegmentedRaftLogWorker (SegmentedRaftLogWorker.java:<init>(172)) - new 9ce0b59e-153f-4f41-8aed-492a76d80b48@group-806F7D6701F2-SegmentedRaftLogWorker for RaftStorage:Storage Directory /workdir/hadoop-ozone/ozonefs/target/test-dir/MiniOzoneClusterImpl-5b64906c-d720-4906-b30c-b6d56a2122fd/datanode-0/data/ratis/5d559848-b420-44f2-8660-806f7d6701f2
2019-09-26 21:18:46,164 [pool-27-thread-1] INFO  server.RaftServerConfigKeys (ConfUtils.java:logGet(43)) - raft.server.log.queue.byte-limit = 2147483647 (custom)
2019-09-26 21:18:46,164 [pool-27-thread-1] INFO  server.RaftServerConfigKeys (ConfUtils.java:logGet(43)) - raft.server.log.queue.element-limit = 1024 (custom)
2019-09-26 21:18:46,164 [pool-27-thread-1] INFO  server.RaftServerConfigKeys (ConfUtils.java:logGet(43)) - raft.server.log.segment.size.max = 1048576 (custom)
2019-09-26 21:18:46,164 [pool-27-thread-1] INFO  server.RaftServerConfigKeys (ConfUtils.java:logGet(43)) - raft.server.log.preallocated.size = 16384 (custom)
2019-09-26 21:18:46,165 [pool-27-thread-1] INFO  server.RaftServerConfigKeys (ConfUtils.java:logGet(43)) - raft.server.log.write.buffer.size = 33554432 (custom)
2019-09-26 21:18:46,165 [pool-27-thread-1] INFO  server.RaftServerConfigKeys (ConfUtils.java:logGet(43)) - raft.server.log.force.sync.num = 128 (default)
2019-09-26 21:18:46,165 [pool-27-thread-1] INFO  server.RaftServerConfigKeys (ConfUtils.java:logGet(43)) - raft.server.log.statemachine.data.sync = true (default)
2019-09-26 21:18:46,165 [pool-27-thread-1] INFO  server.RaftServerConfigKeys (ConfUtils.java:logGet(43)) - raft.server.log.statemachine.data.sync.timeout = 10s (default)
2019-09-26 21:18:46,165 [pool-27-thread-1] INFO  server.RaftServerConfigKeys (ConfUtils.java:logGet(43)) - raft.server.log.statemachine.data.sync.timeout.retry = -1 (default)
2019-09-26 21:18:46,165 [pool-27-thread-1] INFO  server.RaftServerConfigKeys (ConfUtils.java:logGet(43)) - raft.server.log.statemachine.data.caching.enabled = true (custom)
2019-09-26 21:18:46,166 [pool-27-thread-1] INFO  segmented.SegmentedRaftLogWorker (SegmentedRaftLogWorker.java:lambda$new$0(132)) - 9ce0b59e-153f-4f41-8aed-492a76d80b48@group-806F7D6701F2-SegmentedRaftLogWorker: flushIndex: setUnconditionally 0 -> -1
2019-09-26 21:18:46,166 [pool-27-thread-1] INFO  server.RaftServerConfigKeys (ConfUtils.java:logGet(43)) - raft.server.snapshot.auto.trigger.enabled = true (custom)
2019-09-26 21:18:46,166 [pool-27-thread-1] INFO  server.RaftServerConfigKeys (ConfUtils.java:logGet(43)) - raft.server.snapshot.auto.trigger.threshold = 10000 (custom)
2019-09-26 21:18:46,166 [pool-27-thread-1] INFO  server.RaftServerConfigKeys (ConfUtils.java:logGet(43)) - raft.server.snapshot.retention.num.files = 5 (custom)
2019-09-26 21:18:46,167 [pool-27-thread-1] INFO  server.RaftServerConfigKeys (ConfUtils.java:logGet(43)) - raft.server.retrycache.expirytime = 600000ms (custom)
2019-09-26 21:18:46,169 [pool-27-thread-1] INFO  impl.RaftServerImpl (RaftServerImpl.java:start(185)) - 9ce0b59e-153f-4f41-8aed-492a76d80b48@group-806F7D6701F2: start as a follower, conf=-1: [9ce0b59e-153f-4f41-8aed-492a76d80b48:192.168.151.99:34156], old=null
2019-09-26 21:18:46,170 [pool-27-thread-1] INFO  impl.RaftServerImpl (RaftServerImpl.java:setRole(174)) - 9ce0b59e-153f-4f41-8aed-492a76d80b48@group-806F7D6701F2: changes role from      null to FOLLOWER at term 0 for startAsFollower
2019-09-26 21:18:46,170 [pool-27-thread-1] INFO  impl.RoleInfo (RoleInfo.java:updateAndGet(143)) - 9ce0b59e-153f-4f41-8aed-492a76d80b48: start FollowerState
2019-09-26 21:18:46,170 [pool-27-thread-1] INFO  util.JmxRegister (JmxRegister.java:tryRegister(44)) - Successfully registered JMX Bean with object name Ratis:service=RaftServer,group=group-806F7D6701F2,id=9ce0b59e-153f-4f41-8aed-492a76d80b48
2019-09-26 21:18:46,173 [RatisPipelineUtilsThread] INFO  pipeline.PipelineStateManager (PipelineStateManager.java:addPipeline(56)) - Created pipeline Pipeline[ Id: 5d559848-b420-44f2-8660-806f7d6701f2, Nodes: 9ce0b59e-153f-4f41-8aed-492a76d80b48{ip: 192.168.151.99, host: pr-hdds-1569-g6sp5-2013761785, networkLocation: /default-rack, certSerialId: null}, Type:RATIS, Factor:ONE, State:OPEN]
2019-09-26 21:18:46,179 [grpc-default-executor-1] INFO  impl.RaftServerProxy (RaftServerProxy.java:addNew(89)) - 09112efe-1fad-4539-a04f-c96aef6d2351: addNew group-F7FA03E48975:[09112efe-1fad-4539-a04f-c96aef6d2351:192.168.151.99:45286] returns group-F7FA03E48975:java.util.concurrent.CompletableFuture@67a619dc[Not completed]
2019-09-26 21:18:46,181 [pool-47-thread-1] INFO  impl.RaftServerImpl (RaftServerImpl.java:<init>(95)) - 09112efe-1fad-4539-a04f-c96aef6d2351: new RaftServerImpl for group-F7FA03E48975:[09112efe-1fad-4539-a04f-c96aef6d2351:192.168.151.99:45286] with ContainerStateMachine:uninitialized
2019-09-26 21:18:46,181 [pool-47-thread-1] INFO  server.RaftServerConfigKeys (ConfUtils.java:logGet(43)) - raft.server.rpc.timeout.min = 5s (custom)
2019-09-26 21:18:46,181 [pool-47-thread-1] INFO  server.RaftServerConfigKeys (ConfUtils.java:logGet(43)) - raft.server.rpc.timeout.max = 5200ms (custom)
2019-09-26 21:18:46,181 [pool-47-thread-1] INFO  server.RaftServerConfigKeys (ConfUtils.java:logGet(43)) - raft.server.rpcslowness.timeout = 120s (custom)
2019-09-26 21:18:46,181 [pool-47-thread-1] INFO  server.RaftServerConfigKeys (ConfUtils.java:logGet(43)) - raft.server.sleep.deviation.threshold = 300 (default)
2019-09-26 21:18:46,181 [pool-47-thread-1] INFO  server.RaftServerConfigKeys (ConfUtils.java:logGet(43)) - raft.server.log.appender.install.snapshot.enabled = false (custom)
2019-09-26 21:18:46,181 [pool-47-thread-1] INFO  impl.RaftServerImpl (ServerState.java:<init>(103)) - 09112efe-1fad-4539-a04f-c96aef6d2351@group-F7FA03E48975: ConfigurationManager, init=-1: [09112efe-1fad-4539-a04f-c96aef6d2351:192.168.151.99:45286], old=null, confs=<EMPTY_MAP>
2019-09-26 21:18:46,182 [pool-47-thread-1] INFO  server.RaftServerConfigKeys (ConfUtils.java:logGet(43)) - raft.server.storage.dir = [/workdir/hadoop-ozone/ozonefs/target/test-dir/MiniOzoneClusterImpl-5b64906c-d720-4906-b30c-b6d56a2122fd/datanode-2/data/ratis] (custom)
2019-09-26 21:18:46,182 [pool-47-thread-1] INFO  storage.RaftStorageDirectory (RaftStorageDirectory.java:analyzeStorage(246)) - The storage directory /workdir/hadoop-ozone/ozonefs/target/test-dir/MiniOzoneClusterImpl-5b64906c-d720-4906-b30c-b6d56a2122fd/datanode-2/data/ratis/e8a69a6f-0ea1-42d2-b5ae-f7fa03e48975 does not exist. Creating ...
2019-09-26 21:18:46,195 [pool-47-thread-1] INFO  storage.RaftStorageDirectory (RaftStorageDirectory.java:tryLock(328)) - Lock on /workdir/hadoop-ozone/ozonefs/target/test-dir/MiniOzoneClusterImpl-5b64906c-d720-4906-b30c-b6d56a2122fd/datanode-2/data/ratis/e8a69a6f-0ea1-42d2-b5ae-f7fa03e48975/in_use.lock acquired by nodename 10701@pr-hdds-1569-g6sp5-2013761785
2019-09-26 21:18:46,208 [pool-47-thread-1] INFO  storage.RaftStorage (RaftStorage.java:format(72)) - Storage directory /workdir/hadoop-ozone/ozonefs/target/test-dir/MiniOzoneClusterImpl-5b64906c-d720-4906-b30c-b6d56a2122fd/datanode-2/data/ratis/e8a69a6f-0ea1-42d2-b5ae-f7fa03e48975 has been successfully formatted.
2019-09-26 21:18:46,208 [pool-47-thread-1] INFO  ratis.ContainerStateMachine (ContainerStateMachine.java:loadSnapshot(230)) - group-F7FA03E48975: The snapshot info is null. Setting the last applied indexto:(t:0, i:~)
2019-09-26 21:18:46,209 [pool-47-thread-1] INFO  server.RaftServerConfigKeys (ConfUtils.java:logGet(43)) - raft.server.notification.no-leader.timeout = 120s (custom)
2019-09-26 21:18:46,209 [pool-47-thread-1] INFO  server.RaftServerConfigKeys (ConfUtils.java:logGet(43)) - raft.server.log.use.memory = false (default)
2019-09-26 21:18:46,209 [pool-47-thread-1] INFO  server.RaftServerConfigKeys (ConfUtils.java:logGet(43)) - raft.server.log.purge.gap = 1000000 (custom)
2019-09-26 21:18:46,209 [pool-47-thread-1] INFO  server.RaftServerConfigKeys (ConfUtils.java:logGet(43)) - raft.server.log.appender.buffer.byte-limit = 33554432 (custom)
2019-09-26 21:18:46,209 [pool-47-thread-1] INFO  server.RaftServerConfigKeys (ConfUtils.java:logGet(43)) - raft.server.log.segment.size.max = 1048576 (custom)
2019-09-26 21:18:46,209 [pool-47-thread-1] INFO  server.RaftServerConfigKeys (ConfUtils.java:logGet(43)) - raft.server.log.segment.cache.num.max = 2 (custom)
2019-09-26 21:18:46,210 [pool-47-thread-1] INFO  segmented.SegmentedRaftLogWorker (SegmentedRaftLogWorker.java:<init>(172)) - new 09112efe-1fad-4539-a04f-c96aef6d2351@group-F7FA03E48975-SegmentedRaftLogWorker for RaftStorage:Storage Directory /workdir/hadoop-ozone/ozonefs/target/test-dir/MiniOzoneClusterImpl-5b64906c-d720-4906-b30c-b6d56a2122fd/datanode-2/data/ratis/e8a69a6f-0ea1-42d2-b5ae-f7fa03e48975
2019-09-26 21:18:46,210 [pool-47-thread-1] INFO  server.RaftServerConfigKeys (ConfUtils.java:logGet(43)) - raft.server.log.queue.byte-limit = 2147483647 (custom)
2019-09-26 21:18:46,210 [pool-47-thread-1] INFO  server.RaftServerConfigKeys (ConfUtils.java:logGet(43)) - raft.server.log.queue.element-limit = 1024 (custom)
2019-09-26 21:18:46,210 [pool-47-thread-1] INFO  server.RaftServerConfigKeys (ConfUtils.java:logGet(43)) - raft.server.log.segment.size.max = 1048576 (custom)
2019-09-26 21:18:46,210 [pool-47-thread-1] INFO  server.RaftServerConfigKeys (ConfUtils.java:logGet(43)) - raft.server.log.preallocated.size = 16384 (custom)
2019-09-26 21:18:46,210 [pool-47-thread-1] INFO  server.RaftServerConfigKeys (ConfUtils.java:logGet(43)) - raft.server.log.write.buffer.size = 33554432 (custom)
2019-09-26 21:18:46,210 [pool-47-thread-1] INFO  server.RaftServerConfigKeys (ConfUtils.java:logGet(43)) - raft.server.log.force.sync.num = 128 (default)
2019-09-26 21:18:46,211 [pool-47-thread-1] INFO  server.RaftServerConfigKeys (ConfUtils.java:logGet(43)) - raft.server.log.statemachine.data.sync = true (default)
2019-09-26 21:18:46,211 [pool-47-thread-1] INFO  server.RaftServerConfigKeys (ConfUtils.java:logGet(43)) - raft.server.log.statemachine.data.sync.timeout = 10s (default)
2019-09-26 21:18:46,211 [pool-47-thread-1] INFO  server.RaftServerConfigKeys (ConfUtils.java:logGet(43)) - raft.server.log.statemachine.data.sync.timeout.retry = -1 (default)
2019-09-26 21:18:46,211 [pool-47-thread-1] INFO  server.RaftServerConfigKeys (ConfUtils.java:logGet(43)) - raft.server.log.statemachine.data.caching.enabled = true (custom)
2019-09-26 21:18:46,211 [pool-47-thread-1] INFO  segmented.SegmentedRaftLogWorker (SegmentedRaftLogWorker.java:lambda$new$0(132)) - 09112efe-1fad-4539-a04f-c96aef6d2351@group-F7FA03E48975-SegmentedRaftLogWorker: flushIndex: setUnconditionally 0 -> -1
2019-09-26 21:18:46,212 [pool-47-thread-1] INFO  server.RaftServerConfigKeys (ConfUtils.java:logGet(43)) - raft.server.snapshot.auto.trigger.enabled = true (custom)
2019-09-26 21:18:46,212 [pool-47-thread-1] INFO  server.RaftServerConfigKeys (ConfUtils.java:logGet(43)) - raft.server.snapshot.auto.trigger.threshold = 10000 (custom)
2019-09-26 21:18:46,212 [pool-47-thread-1] INFO  server.RaftServerConfigKeys (ConfUtils.java:logGet(43)) - raft.server.snapshot.retention.num.files = 5 (custom)
2019-09-26 21:18:46,212 [pool-47-thread-1] INFO  server.RaftServerConfigKeys (ConfUtils.java:logGet(43)) - raft.server.retrycache.expirytime = 600000ms (custom)
2019-09-26 21:18:46,215 [pool-47-thread-1] INFO  impl.RaftServerImpl (RaftServerImpl.java:start(185)) - 09112efe-1fad-4539-a04f-c96aef6d2351@group-F7FA03E48975: start as a follower, conf=-1: [09112efe-1fad-4539-a04f-c96aef6d2351:192.168.151.99:45286], old=null
2019-09-26 21:18:46,215 [pool-47-thread-1] INFO  impl.RaftServerImpl (RaftServerImpl.java:setRole(174)) - 09112efe-1fad-4539-a04f-c96aef6d2351@group-F7FA03E48975: changes role from      null to FOLLOWER at term 0 for startAsFollower
2019-09-26 21:18:46,215 [pool-47-thread-1] INFO  impl.RoleInfo (RoleInfo.java:updateAndGet(143)) - 09112efe-1fad-4539-a04f-c96aef6d2351: start FollowerState
2019-09-26 21:18:46,215 [pool-47-thread-1] INFO  util.JmxRegister (JmxRegister.java:tryRegister(44)) - Successfully registered JMX Bean with object name Ratis:service=RaftServer,group=group-F7FA03E48975,id=09112efe-1fad-4539-a04f-c96aef6d2351
2019-09-26 21:18:46,218 [RatisPipelineUtilsThread] INFO  pipeline.PipelineStateManager (PipelineStateManager.java:addPipeline(56)) - Created pipeline Pipeline[ Id: e8a69a6f-0ea1-42d2-b5ae-f7fa03e48975, Nodes: 09112efe-1fad-4539-a04f-c96aef6d2351{ip: 192.168.151.99, host: pr-hdds-1569-g6sp5-2013761785, networkLocation: /default-rack, certSerialId: null}, Type:RATIS, Factor:ONE, State:OPEN]
2019-09-26 21:18:46,225 [grpc-default-executor-1] INFO  impl.RaftServerProxy (RaftServerProxy.java:addNew(89)) - 1178c3ae-d0b4-4d44-b144-fe8504cc41ac: addNew group-1D9A451B1D63:[1178c3ae-d0b4-4d44-b144-fe8504cc41ac:192.168.151.99:33787] returns group-1D9A451B1D63:java.util.concurrent.CompletableFuture@60f72926[Not completed]
2019-09-26 21:18:46,226 [pool-37-thread-1] INFO  impl.RaftServerImpl (RaftServerImpl.java:<init>(95)) - 1178c3ae-d0b4-4d44-b144-fe8504cc41ac: new RaftServerImpl for group-1D9A451B1D63:[1178c3ae-d0b4-4d44-b144-fe8504cc41ac:192.168.151.99:33787] with ContainerStateMachine:uninitialized
2019-09-26 21:18:46,227 [pool-37-thread-1] INFO  server.RaftServerConfigKeys (ConfUtils.java:logGet(43)) - raft.server.rpc.timeout.min = 5s (custom)
2019-09-26 21:18:46,227 [pool-37-thread-1] INFO  server.RaftServerConfigKeys (ConfUtils.java:logGet(43)) - raft.server.rpc.timeout.max = 5200ms (custom)
2019-09-26 21:18:46,227 [pool-37-thread-1] INFO  server.RaftServerConfigKeys (ConfUtils.java:logGet(43)) - raft.server.rpcslowness.timeout = 120s (custom)
2019-09-26 21:18:46,227 [pool-37-thread-1] INFO  server.RaftServerConfigKeys (ConfUtils.java:logGet(43)) - raft.server.sleep.deviation.threshold = 300 (default)
2019-09-26 21:18:46,227 [pool-37-thread-1] INFO  server.RaftServerConfigKeys (ConfUtils.java:logGet(43)) - raft.server.log.appender.install.snapshot.enabled = false (custom)
2019-09-26 21:18:46,227 [pool-37-thread-1] INFO  impl.RaftServerImpl (ServerState.java:<init>(103)) - 1178c3ae-d0b4-4d44-b144-fe8504cc41ac@group-1D9A451B1D63: ConfigurationManager, init=-1: [1178c3ae-d0b4-4d44-b144-fe8504cc41ac:192.168.151.99:33787], old=null, confs=<EMPTY_MAP>
2019-09-26 21:18:46,228 [pool-37-thread-1] INFO  server.RaftServerConfigKeys (ConfUtils.java:logGet(43)) - raft.server.storage.dir = [/workdir/hadoop-ozone/ozonefs/target/test-dir/MiniOzoneClusterImpl-5b64906c-d720-4906-b30c-b6d56a2122fd/datanode-1/data/ratis] (custom)
2019-09-26 21:18:46,228 [pool-37-thread-1] INFO  storage.RaftStorageDirectory (RaftStorageDirectory.java:analyzeStorage(246)) - The storage directory /workdir/hadoop-ozone/ozonefs/target/test-dir/MiniOzoneClusterImpl-5b64906c-d720-4906-b30c-b6d56a2122fd/datanode-1/data/ratis/db5ce752-d308-41d7-b13c-1d9a451b1d63 does not exist. Creating ...
2019-09-26 21:18:46,241 [pool-37-thread-1] INFO  storage.RaftStorageDirectory (RaftStorageDirectory.java:tryLock(328)) - Lock on /workdir/hadoop-ozone/ozonefs/target/test-dir/MiniOzoneClusterImpl-5b64906c-d720-4906-b30c-b6d56a2122fd/datanode-1/data/ratis/db5ce752-d308-41d7-b13c-1d9a451b1d63/in_use.lock acquired by nodename 10701@pr-hdds-1569-g6sp5-2013761785
2019-09-26 21:18:46,255 [pool-37-thread-1] INFO  storage.RaftStorage (RaftStorage.java:format(72)) - Storage directory /workdir/hadoop-ozone/ozonefs/target/test-dir/MiniOzoneClusterImpl-5b64906c-d720-4906-b30c-b6d56a2122fd/datanode-1/data/ratis/db5ce752-d308-41d7-b13c-1d9a451b1d63 has been successfully formatted.
2019-09-26 21:18:46,255 [pool-37-thread-1] INFO  ratis.ContainerStateMachine (ContainerStateMachine.java:loadSnapshot(230)) - group-1D9A451B1D63: The snapshot info is null. Setting the last applied indexto:(t:0, i:~)
2019-09-26 21:18:46,255 [pool-37-thread-1] INFO  server.RaftServerConfigKeys (ConfUtils.java:logGet(43)) - raft.server.notification.no-leader.timeout = 120s (custom)
2019-09-26 21:18:46,256 [pool-37-thread-1] INFO  server.RaftServerConfigKeys (ConfUtils.java:logGet(43)) - raft.server.log.use.memory = false (default)
2019-09-26 21:18:46,256 [pool-37-thread-1] INFO  server.RaftServerConfigKeys (ConfUtils.java:logGet(43)) - raft.server.log.purge.gap = 1000000 (custom)
2019-09-26 21:18:46,256 [pool-37-thread-1] INFO  server.RaftServerConfigKeys (ConfUtils.java:logGet(43)) - raft.server.log.appender.buffer.byte-limit = 33554432 (custom)
2019-09-26 21:18:46,256 [pool-37-thread-1] INFO  server.RaftServerConfigKeys (ConfUtils.java:logGet(43)) - raft.server.log.segment.size.max = 1048576 (custom)
2019-09-26 21:18:46,256 [pool-37-thread-1] INFO  server.RaftServerConfigKeys (ConfUtils.java:logGet(43)) - raft.server.log.segment.cache.num.max = 2 (custom)
2019-09-26 21:18:46,257 [pool-37-thread-1] INFO  segmented.SegmentedRaftLogWorker (SegmentedRaftLogWorker.java:<init>(172)) - new 1178c3ae-d0b4-4d44-b144-fe8504cc41ac@group-1D9A451B1D63-SegmentedRaftLogWorker for RaftStorage:Storage Directory /workdir/hadoop-ozone/ozonefs/target/test-dir/MiniOzoneClusterImpl-5b64906c-d720-4906-b30c-b6d56a2122fd/datanode-1/data/ratis/db5ce752-d308-41d7-b13c-1d9a451b1d63
2019-09-26 21:18:46,257 [pool-37-thread-1] INFO  server.RaftServerConfigKeys (ConfUtils.java:logGet(43)) - raft.server.log.queue.byte-limit = 2147483647 (custom)
2019-09-26 21:18:46,257 [pool-37-thread-1] INFO  server.RaftServerConfigKeys (ConfUtils.java:logGet(43)) - raft.server.log.queue.element-limit = 1024 (custom)
2019-09-26 21:18:46,257 [pool-37-thread-1] INFO  server.RaftServerConfigKeys (ConfUtils.java:logGet(43)) - raft.server.log.segment.size.max = 1048576 (custom)
2019-09-26 21:18:46,257 [pool-37-thread-1] INFO  server.RaftServerConfigKeys (ConfUtils.java:logGet(43)) - raft.server.log.preallocated.size = 16384 (custom)
2019-09-26 21:18:46,257 [pool-37-thread-1] INFO  server.RaftServerConfigKeys (ConfUtils.java:logGet(43)) - raft.server.log.write.buffer.size = 33554432 (custom)
2019-09-26 21:18:46,258 [pool-37-thread-1] INFO  server.RaftServerConfigKeys (ConfUtils.java:logGet(43)) - raft.server.log.force.sync.num = 128 (default)
2019-09-26 21:18:46,258 [pool-37-thread-1] INFO  server.RaftServerConfigKeys (ConfUtils.java:logGet(43)) - raft.server.log.statemachine.data.sync = true (default)
2019-09-26 21:18:46,258 [pool-37-thread-1] INFO  server.RaftServerConfigKeys (ConfUtils.java:logGet(43)) - raft.server.log.statemachine.data.sync.timeout = 10s (default)
2019-09-26 21:18:46,258 [pool-37-thread-1] INFO  server.RaftServerConfigKeys (ConfUtils.java:logGet(43)) - raft.server.log.statemachine.data.sync.timeout.retry = -1 (default)
2019-09-26 21:18:46,258 [pool-37-thread-1] INFO  server.RaftServerConfigKeys (ConfUtils.java:logGet(43)) - raft.server.log.statemachine.data.caching.enabled = true (custom)
2019-09-26 21:18:46,259 [pool-37-thread-1] INFO  segmented.SegmentedRaftLogWorker (SegmentedRaftLogWorker.java:lambda$new$0(132)) - 1178c3ae-d0b4-4d44-b144-fe8504cc41ac@group-1D9A451B1D63-SegmentedRaftLogWorker: flushIndex: setUnconditionally 0 -> -1
2019-09-26 21:18:46,259 [pool-37-thread-1] INFO  server.RaftServerConfigKeys (ConfUtils.java:logGet(43)) - raft.server.snapshot.auto.trigger.enabled = true (custom)
2019-09-26 21:18:46,259 [pool-37-thread-1] INFO  server.RaftServerConfigKeys (ConfUtils.java:logGet(43)) - raft.server.snapshot.auto.trigger.threshold = 10000 (custom)
2019-09-26 21:18:46,259 [pool-37-thread-1] INFO  server.RaftServerConfigKeys (ConfUtils.java:logGet(43)) - raft.server.snapshot.retention.num.files = 5 (custom)
2019-09-26 21:18:46,260 [pool-37-thread-1] INFO  server.RaftServerConfigKeys (ConfUtils.java:logGet(43)) - raft.server.retrycache.expirytime = 600000ms (custom)
2019-09-26 21:18:46,263 [pool-37-thread-1] INFO  impl.RaftServerImpl (RaftServerImpl.java:start(185)) - 1178c3ae-d0b4-4d44-b144-fe8504cc41ac@group-1D9A451B1D63: start as a follower, conf=-1: [1178c3ae-d0b4-4d44-b144-fe8504cc41ac:192.168.151.99:33787], old=null
2019-09-26 21:18:46,263 [pool-37-thread-1] INFO  impl.RaftServerImpl (RaftServerImpl.java:setRole(174)) - 1178c3ae-d0b4-4d44-b144-fe8504cc41ac@group-1D9A451B1D63: changes role from      null to FOLLOWER at term 0 for startAsFollower
2019-09-26 21:18:46,263 [pool-37-thread-1] INFO  impl.RoleInfo (RoleInfo.java:updateAndGet(143)) - 1178c3ae-d0b4-4d44-b144-fe8504cc41ac: start FollowerState
2019-09-26 21:18:46,264 [pool-37-thread-1] INFO  util.JmxRegister (JmxRegister.java:tryRegister(44)) - Successfully registered JMX Bean with object name Ratis:service=RaftServer,group=group-1D9A451B1D63,id=1178c3ae-d0b4-4d44-b144-fe8504cc41ac
2019-09-26 21:18:46,267 [RatisPipelineUtilsThread] INFO  pipeline.PipelineStateManager (PipelineStateManager.java:addPipeline(56)) - Created pipeline Pipeline[ Id: db5ce752-d308-41d7-b13c-1d9a451b1d63, Nodes: 1178c3ae-d0b4-4d44-b144-fe8504cc41ac{ip: 192.168.151.99, host: pr-hdds-1569-g6sp5-2013761785, networkLocation: /default-rack, certSerialId: null}, Type:RATIS, Factor:ONE, State:OPEN]
2019-09-26 21:18:46,273 [grpc-default-executor-1] INFO  impl.RaftServerProxy (RaftServerProxy.java:addNew(89)) - da833d8d-e72a-4068-9560-4daa2d83adc2: addNew group-D1D0F3AC29A1:[da833d8d-e72a-4068-9560-4daa2d83adc2:192.168.151.99:38903] returns group-D1D0F3AC29A1:java.util.concurrent.CompletableFuture@602369c6[Not completed]
2019-09-26 21:18:46,275 [pool-67-thread-1] INFO  impl.RaftServerImpl (RaftServerImpl.java:<init>(95)) - da833d8d-e72a-4068-9560-4daa2d83adc2: new RaftServerImpl for group-D1D0F3AC29A1:[da833d8d-e72a-4068-9560-4daa2d83adc2:192.168.151.99:38903] with ContainerStateMachine:uninitialized
2019-09-26 21:18:46,275 [pool-67-thread-1] INFO  server.RaftServerConfigKeys (ConfUtils.java:logGet(43)) - raft.server.rpc.timeout.min = 5s (custom)
2019-09-26 21:18:46,275 [pool-67-thread-1] INFO  server.RaftServerConfigKeys (ConfUtils.java:logGet(43)) - raft.server.rpc.timeout.max = 5200ms (custom)
2019-09-26 21:18:46,275 [pool-67-thread-1] INFO  server.RaftServerConfigKeys (ConfUtils.java:logGet(43)) - raft.server.rpcslowness.timeout = 120s (custom)
2019-09-26 21:18:46,275 [pool-67-thread-1] INFO  server.RaftServerConfigKeys (ConfUtils.java:logGet(43)) - raft.server.sleep.deviation.threshold = 300 (default)
2019-09-26 21:18:46,275 [pool-67-thread-1] INFO  server.RaftServerConfigKeys (ConfUtils.java:logGet(43)) - raft.server.log.appender.install.snapshot.enabled = false (custom)
2019-09-26 21:18:46,276 [pool-67-thread-1] INFO  impl.RaftServerImpl (ServerState.java:<init>(103)) - da833d8d-e72a-4068-9560-4daa2d83adc2@group-D1D0F3AC29A1: ConfigurationManager, init=-1: [da833d8d-e72a-4068-9560-4daa2d83adc2:192.168.151.99:38903], old=null, confs=<EMPTY_MAP>
2019-09-26 21:18:46,276 [pool-67-thread-1] INFO  server.RaftServerConfigKeys (ConfUtils.java:logGet(43)) - raft.server.storage.dir = [/workdir/hadoop-ozone/ozonefs/target/test-dir/MiniOzoneClusterImpl-5b64906c-d720-4906-b30c-b6d56a2122fd/datanode-4/data/ratis] (custom)
2019-09-26 21:18:46,276 [pool-67-thread-1] INFO  storage.RaftStorageDirectory (RaftStorageDirectory.java:analyzeStorage(246)) - The storage directory /workdir/hadoop-ozone/ozonefs/target/test-dir/MiniOzoneClusterImpl-5b64906c-d720-4906-b30c-b6d56a2122fd/datanode-4/data/ratis/ccb97c6a-120e-42b1-b1f1-d1d0f3ac29a1 does not exist. Creating ...
2019-09-26 21:18:46,289 [pool-67-thread-1] INFO  storage.RaftStorageDirectory (RaftStorageDirectory.java:tryLock(328)) - Lock on /workdir/hadoop-ozone/ozonefs/target/test-dir/MiniOzoneClusterImpl-5b64906c-d720-4906-b30c-b6d56a2122fd/datanode-4/data/ratis/ccb97c6a-120e-42b1-b1f1-d1d0f3ac29a1/in_use.lock acquired by nodename 10701@pr-hdds-1569-g6sp5-2013761785
2019-09-26 21:18:46,304 [pool-67-thread-1] INFO  storage.RaftStorage (RaftStorage.java:format(72)) - Storage directory /workdir/hadoop-ozone/ozonefs/target/test-dir/MiniOzoneClusterImpl-5b64906c-d720-4906-b30c-b6d56a2122fd/datanode-4/data/ratis/ccb97c6a-120e-42b1-b1f1-d1d0f3ac29a1 has been successfully formatted.
2019-09-26 21:18:46,304 [pool-67-thread-1] INFO  ratis.ContainerStateMachine (ContainerStateMachine.java:loadSnapshot(230)) - group-D1D0F3AC29A1: The snapshot info is null. Setting the last applied indexto:(t:0, i:~)
2019-09-26 21:18:46,304 [pool-67-thread-1] INFO  server.RaftServerConfigKeys (ConfUtils.java:logGet(43)) - raft.server.notification.no-leader.timeout = 120s (custom)
2019-09-26 21:18:46,304 [pool-67-thread-1] INFO  server.RaftServerConfigKeys (ConfUtils.java:logGet(43)) - raft.server.log.use.memory = false (default)
2019-09-26 21:18:46,304 [pool-67-thread-1] INFO  server.RaftServerConfigKeys (ConfUtils.java:logGet(43)) - raft.server.log.purge.gap = 1000000 (custom)
2019-09-26 21:18:46,305 [pool-67-thread-1] INFO  server.RaftServerConfigKeys (ConfUtils.java:logGet(43)) - raft.server.log.appender.buffer.byte-limit = 33554432 (custom)
2019-09-26 21:18:46,305 [pool-67-thread-1] INFO  server.RaftServerConfigKeys (ConfUtils.java:logGet(43)) - raft.server.log.segment.size.max = 1048576 (custom)
2019-09-26 21:18:46,305 [pool-67-thread-1] INFO  server.RaftServerConfigKeys (ConfUtils.java:logGet(43)) - raft.server.log.segment.cache.num.max = 2 (custom)
2019-09-26 21:18:46,305 [pool-67-thread-1] INFO  segmented.SegmentedRaftLogWorker (SegmentedRaftLogWorker.java:<init>(172)) - new da833d8d-e72a-4068-9560-4daa2d83adc2@group-D1D0F3AC29A1-SegmentedRaftLogWorker for RaftStorage:Storage Directory /workdir/hadoop-ozone/ozonefs/target/test-dir/MiniOzoneClusterImpl-5b64906c-d720-4906-b30c-b6d56a2122fd/datanode-4/data/ratis/ccb97c6a-120e-42b1-b1f1-d1d0f3ac29a1
2019-09-26 21:18:46,305 [pool-67-thread-1] INFO  server.RaftServerConfigKeys (ConfUtils.java:logGet(43)) - raft.server.log.queue.byte-limit = 2147483647 (custom)
2019-09-26 21:18:46,305 [pool-67-thread-1] INFO  server.RaftServerConfigKeys (ConfUtils.java:logGet(43)) - raft.server.log.queue.element-limit = 1024 (custom)
2019-09-26 21:18:46,306 [pool-67-thread-1] INFO  server.RaftServerConfigKeys (ConfUtils.java:logGet(43)) - raft.server.log.segment.size.max = 1048576 (custom)
2019-09-26 21:18:46,306 [pool-67-thread-1] INFO  server.RaftServerConfigKeys (ConfUtils.java:logGet(43)) - raft.server.log.preallocated.size = 16384 (custom)
2019-09-26 21:18:46,306 [pool-67-thread-1] INFO  server.RaftServerConfigKeys (ConfUtils.java:logGet(43)) - raft.server.log.write.buffer.size = 33554432 (custom)
2019-09-26 21:18:46,306 [pool-67-thread-1] INFO  server.RaftServerConfigKeys (ConfUtils.java:logGet(43)) - raft.server.log.force.sync.num = 128 (default)
2019-09-26 21:18:46,306 [pool-67-thread-1] INFO  server.RaftServerConfigKeys (ConfUtils.java:logGet(43)) - raft.server.log.statemachine.data.sync = true (default)
2019-09-26 21:18:46,306 [pool-67-thread-1] INFO  server.RaftServerConfigKeys (ConfUtils.java:logGet(43)) - raft.server.log.statemachine.data.sync.timeout = 10s (default)
2019-09-26 21:18:46,306 [pool-67-thread-1] INFO  server.RaftServerConfigKeys (ConfUtils.java:logGet(43)) - raft.server.log.statemachine.data.sync.timeout.retry = -1 (default)
2019-09-26 21:18:46,307 [pool-67-thread-1] INFO  server.RaftServerConfigKeys (ConfUtils.java:logGet(43)) - raft.server.log.statemachine.data.caching.enabled = true (custom)
2019-09-26 21:18:46,307 [pool-67-thread-1] INFO  segmented.SegmentedRaftLogWorker (SegmentedRaftLogWorker.java:lambda$new$0(132)) - da833d8d-e72a-4068-9560-4daa2d83adc2@group-D1D0F3AC29A1-SegmentedRaftLogWorker: flushIndex: setUnconditionally 0 -> -1
2019-09-26 21:18:46,307 [pool-67-thread-1] INFO  server.RaftServerConfigKeys (ConfUtils.java:logGet(43)) - raft.server.snapshot.auto.trigger.enabled = true (custom)
2019-09-26 21:18:46,308 [pool-67-thread-1] INFO  server.RaftServerConfigKeys (ConfUtils.java:logGet(43)) - raft.server.snapshot.auto.trigger.threshold = 10000 (custom)
2019-09-26 21:18:46,308 [pool-67-thread-1] INFO  server.RaftServerConfigKeys (ConfUtils.java:logGet(43)) - raft.server.snapshot.retention.num.files = 5 (custom)
2019-09-26 21:18:46,308 [pool-67-thread-1] INFO  server.RaftServerConfigKeys (ConfUtils.java:logGet(43)) - raft.server.retrycache.expirytime = 600000ms (custom)
2019-09-26 21:18:46,310 [pool-67-thread-1] INFO  impl.RaftServerImpl (RaftServerImpl.java:start(185)) - da833d8d-e72a-4068-9560-4daa2d83adc2@group-D1D0F3AC29A1: start as a follower, conf=-1: [da833d8d-e72a-4068-9560-4daa2d83adc2:192.168.151.99:38903], old=null
2019-09-26 21:18:46,311 [pool-67-thread-1] INFO  impl.RaftServerImpl (RaftServerImpl.java:setRole(174)) - da833d8d-e72a-4068-9560-4daa2d83adc2@group-D1D0F3AC29A1: changes role from      null to FOLLOWER at term 0 for startAsFollower
2019-09-26 21:18:46,311 [pool-67-thread-1] INFO  impl.RoleInfo (RoleInfo.java:updateAndGet(143)) - da833d8d-e72a-4068-9560-4daa2d83adc2: start FollowerState
2019-09-26 21:18:46,311 [pool-67-thread-1] INFO  util.JmxRegister (JmxRegister.java:tryRegister(44)) - Successfully registered JMX Bean with object name Ratis:service=RaftServer,group=group-D1D0F3AC29A1,id=da833d8d-e72a-4068-9560-4daa2d83adc2
2019-09-26 21:18:46,314 [RatisPipelineUtilsThread] INFO  pipeline.PipelineStateManager (PipelineStateManager.java:addPipeline(56)) - Created pipeline Pipeline[ Id: ccb97c6a-120e-42b1-b1f1-d1d0f3ac29a1, Nodes: da833d8d-e72a-4068-9560-4daa2d83adc2{ip: 192.168.151.99, host: pr-hdds-1569-g6sp5-2013761785, networkLocation: /default-rack, certSerialId: null}, Type:RATIS, Factor:ONE, State:OPEN]
2019-09-26 21:18:46,320 [grpc-default-executor-1] INFO  impl.RaftServerProxy (RaftServerProxy.java:addNew(89)) - 09112efe-1fad-4539-a04f-c96aef6d2351: addNew group-C7D068905F76:[09112efe-1fad-4539-a04f-c96aef6d2351:192.168.151.99:45286] returns group-C7D068905F76:java.util.concurrent.CompletableFuture@5f42a041[Not completed]
2019-09-26 21:18:46,321 [pool-47-thread-1] INFO  impl.RaftServerImpl (RaftServerImpl.java:<init>(95)) - 09112efe-1fad-4539-a04f-c96aef6d2351: new RaftServerImpl for group-C7D068905F76:[09112efe-1fad-4539-a04f-c96aef6d2351:192.168.151.99:45286] with ContainerStateMachine:uninitialized
2019-09-26 21:18:46,321 [pool-47-thread-1] INFO  server.RaftServerConfigKeys (ConfUtils.java:logGet(43)) - raft.server.rpc.timeout.min = 5s (custom)
2019-09-26 21:18:46,321 [pool-47-thread-1] INFO  server.RaftServerConfigKeys (ConfUtils.java:logGet(43)) - raft.server.rpc.timeout.max = 5200ms (custom)
2019-09-26 21:18:46,322 [pool-47-thread-1] INFO  server.RaftServerConfigKeys (ConfUtils.java:logGet(43)) - raft.server.rpcslowness.timeout = 120s (custom)
2019-09-26 21:18:46,322 [pool-47-thread-1] INFO  server.RaftServerConfigKeys (ConfUtils.java:logGet(43)) - raft.server.sleep.deviation.threshold = 300 (default)
2019-09-26 21:18:46,322 [pool-47-thread-1] INFO  server.RaftServerConfigKeys (ConfUtils.java:logGet(43)) - raft.server.log.appender.install.snapshot.enabled = false (custom)
2019-09-26 21:18:46,322 [pool-47-thread-1] INFO  impl.RaftServerImpl (ServerState.java:<init>(103)) - 09112efe-1fad-4539-a04f-c96aef6d2351@group-C7D068905F76: ConfigurationManager, init=-1: [09112efe-1fad-4539-a04f-c96aef6d2351:192.168.151.99:45286], old=null, confs=<EMPTY_MAP>
2019-09-26 21:18:46,322 [pool-47-thread-1] INFO  server.RaftServerConfigKeys (ConfUtils.java:logGet(43)) - raft.server.storage.dir = [/workdir/hadoop-ozone/ozonefs/target/test-dir/MiniOzoneClusterImpl-5b64906c-d720-4906-b30c-b6d56a2122fd/datanode-2/data/ratis] (custom)
2019-09-26 21:18:46,323 [pool-47-thread-1] INFO  storage.RaftStorageDirectory (RaftStorageDirectory.java:analyzeStorage(246)) - The storage directory /workdir/hadoop-ozone/ozonefs/target/test-dir/MiniOzoneClusterImpl-5b64906c-d720-4906-b30c-b6d56a2122fd/datanode-2/data/ratis/75d26839-e2c0-459d-89d4-c7d068905f76 does not exist. Creating ...
2019-09-26 21:18:46,336 [pool-47-thread-1] INFO  storage.RaftStorageDirectory (RaftStorageDirectory.java:tryLock(328)) - Lock on /workdir/hadoop-ozone/ozonefs/target/test-dir/MiniOzoneClusterImpl-5b64906c-d720-4906-b30c-b6d56a2122fd/datanode-2/data/ratis/75d26839-e2c0-459d-89d4-c7d068905f76/in_use.lock acquired by nodename 10701@pr-hdds-1569-g6sp5-2013761785
2019-09-26 21:18:46,367 [pool-47-thread-1] INFO  storage.RaftStorage (RaftStorage.java:format(72)) - Storage directory /workdir/hadoop-ozone/ozonefs/target/test-dir/MiniOzoneClusterImpl-5b64906c-d720-4906-b30c-b6d56a2122fd/datanode-2/data/ratis/75d26839-e2c0-459d-89d4-c7d068905f76 has been successfully formatted.
2019-09-26 21:18:46,367 [pool-47-thread-1] INFO  ratis.ContainerStateMachine (ContainerStateMachine.java:loadSnapshot(230)) - group-C7D068905F76: The snapshot info is null. Setting the last applied indexto:(t:0, i:~)
2019-09-26 21:18:46,367 [pool-47-thread-1] INFO  server.RaftServerConfigKeys (ConfUtils.java:logGet(43)) - raft.server.notification.no-leader.timeout = 120s (custom)
2019-09-26 21:18:46,367 [pool-47-thread-1] INFO  server.RaftServerConfigKeys (ConfUtils.java:logGet(43)) - raft.server.log.use.memory = false (default)
2019-09-26 21:18:46,368 [pool-47-thread-1] INFO  server.RaftServerConfigKeys (ConfUtils.java:logGet(43)) - raft.server.log.purge.gap = 1000000 (custom)
2019-09-26 21:18:46,368 [pool-47-thread-1] INFO  server.RaftServerConfigKeys (ConfUtils.java:logGet(43)) - raft.server.log.appender.buffer.byte-limit = 33554432 (custom)
2019-09-26 21:18:46,368 [pool-47-thread-1] INFO  server.RaftServerConfigKeys (ConfUtils.java:logGet(43)) - raft.server.log.segment.size.max = 1048576 (custom)
2019-09-26 21:18:46,368 [pool-47-thread-1] INFO  server.RaftServerConfigKeys (ConfUtils.java:logGet(43)) - raft.server.log.segment.cache.num.max = 2 (custom)
2019-09-26 21:18:46,368 [pool-47-thread-1] INFO  segmented.SegmentedRaftLogWorker (SegmentedRaftLogWorker.java:<init>(172)) - new 09112efe-1fad-4539-a04f-c96aef6d2351@group-C7D068905F76-SegmentedRaftLogWorker for RaftStorage:Storage Directory /workdir/hadoop-ozone/ozonefs/target/test-dir/MiniOzoneClusterImpl-5b64906c-d720-4906-b30c-b6d56a2122fd/datanode-2/data/ratis/75d26839-e2c0-459d-89d4-c7d068905f76
2019-09-26 21:18:46,369 [pool-47-thread-1] INFO  server.RaftServerConfigKeys (ConfUtils.java:logGet(43)) - raft.server.log.queue.byte-limit = 2147483647 (custom)
2019-09-26 21:18:46,369 [pool-47-thread-1] INFO  server.RaftServerConfigKeys (ConfUtils.java:logGet(43)) - raft.server.log.queue.element-limit = 1024 (custom)
2019-09-26 21:18:46,369 [pool-47-thread-1] INFO  server.RaftServerConfigKeys (ConfUtils.java:logGet(43)) - raft.server.log.segment.size.max = 1048576 (custom)
2019-09-26 21:18:46,369 [pool-47-thread-1] INFO  server.RaftServerConfigKeys (ConfUtils.java:logGet(43)) - raft.server.log.preallocated.size = 16384 (custom)
2019-09-26 21:18:46,369 [pool-47-thread-1] INFO  server.RaftServerConfigKeys (ConfUtils.java:logGet(43)) - raft.server.log.write.buffer.size = 33554432 (custom)
2019-09-26 21:18:46,369 [pool-47-thread-1] INFO  server.RaftServerConfigKeys (ConfUtils.java:logGet(43)) - raft.server.log.force.sync.num = 128 (default)
2019-09-26 21:18:46,370 [pool-47-thread-1] INFO  server.RaftServerConfigKeys (ConfUtils.java:logGet(43)) - raft.server.log.statemachine.data.sync = true (default)
2019-09-26 21:18:46,370 [pool-47-thread-1] INFO  server.RaftServerConfigKeys (ConfUtils.java:logGet(43)) - raft.server.log.statemachine.data.sync.timeout = 10s (default)
2019-09-26 21:18:46,370 [pool-47-thread-1] INFO  server.RaftServerConfigKeys (ConfUtils.java:logGet(43)) - raft.server.log.statemachine.data.sync.timeout.retry = -1 (default)
2019-09-26 21:18:46,370 [pool-47-thread-1] INFO  server.RaftServerConfigKeys (ConfUtils.java:logGet(43)) - raft.server.log.statemachine.data.caching.enabled = true (custom)
2019-09-26 21:18:46,371 [pool-47-thread-1] INFO  segmented.SegmentedRaftLogWorker (SegmentedRaftLogWorker.java:lambda$new$0(132)) - 09112efe-1fad-4539-a04f-c96aef6d2351@group-C7D068905F76-SegmentedRaftLogWorker: flushIndex: setUnconditionally 0 -> -1
2019-09-26 21:18:46,371 [pool-47-thread-1] INFO  server.RaftServerConfigKeys (ConfUtils.java:logGet(43)) - raft.server.snapshot.auto.trigger.enabled = true (custom)
2019-09-26 21:18:46,371 [pool-47-thread-1] INFO  server.RaftServerConfigKeys (ConfUtils.java:logGet(43)) - raft.server.snapshot.auto.trigger.threshold = 10000 (custom)
2019-09-26 21:18:46,371 [pool-47-thread-1] INFO  server.RaftServerConfigKeys (ConfUtils.java:logGet(43)) - raft.server.snapshot.retention.num.files = 5 (custom)
2019-09-26 21:18:46,372 [pool-47-thread-1] INFO  server.RaftServerConfigKeys (ConfUtils.java:logGet(43)) - raft.server.retrycache.expirytime = 600000ms (custom)
2019-09-26 21:18:46,375 [pool-47-thread-1] INFO  impl.RaftServerImpl (RaftServerImpl.java:start(185)) - 09112efe-1fad-4539-a04f-c96aef6d2351@group-C7D068905F76: start as a follower, conf=-1: [09112efe-1fad-4539-a04f-c96aef6d2351:192.168.151.99:45286], old=null
2019-09-26 21:18:46,375 [pool-47-thread-1] INFO  impl.RaftServerImpl (RaftServerImpl.java:setRole(174)) - 09112efe-1fad-4539-a04f-c96aef6d2351@group-C7D068905F76: changes role from      null to FOLLOWER at term 0 for startAsFollower
2019-09-26 21:18:46,375 [pool-47-thread-1] INFO  impl.RoleInfo (RoleInfo.java:updateAndGet(143)) - 09112efe-1fad-4539-a04f-c96aef6d2351: start FollowerState
2019-09-26 21:18:46,375 [pool-47-thread-1] INFO  util.JmxRegister (JmxRegister.java:tryRegister(44)) - Successfully registered JMX Bean with object name Ratis:service=RaftServer,group=group-C7D068905F76,id=09112efe-1fad-4539-a04f-c96aef6d2351
2019-09-26 21:18:46,379 [RatisPipelineUtilsThread] INFO  pipeline.PipelineStateManager (PipelineStateManager.java:addPipeline(56)) - Created pipeline Pipeline[ Id: 75d26839-e2c0-459d-89d4-c7d068905f76, Nodes: 09112efe-1fad-4539-a04f-c96aef6d2351{ip: 192.168.151.99, host: pr-hdds-1569-g6sp5-2013761785, networkLocation: /default-rack, certSerialId: null}, Type:RATIS, Factor:ONE, State:OPEN]
2019-09-26 21:18:46,386 [grpc-default-executor-1] INFO  impl.RaftServerProxy (RaftServerProxy.java:addNew(89)) - 9ce0b59e-153f-4f41-8aed-492a76d80b48: addNew group-AC3B2E24B573:[9ce0b59e-153f-4f41-8aed-492a76d80b48:192.168.151.99:34156] returns group-AC3B2E24B573:java.util.concurrent.CompletableFuture@74e81c37[Not completed]
2019-09-26 21:18:46,387 [pool-27-thread-1] INFO  impl.RaftServerImpl (RaftServerImpl.java:<init>(95)) - 9ce0b59e-153f-4f41-8aed-492a76d80b48: new RaftServerImpl for group-AC3B2E24B573:[9ce0b59e-153f-4f41-8aed-492a76d80b48:192.168.151.99:34156] with ContainerStateMachine:uninitialized
2019-09-26 21:18:46,387 [pool-27-thread-1] INFO  server.RaftServerConfigKeys (ConfUtils.java:logGet(43)) - raft.server.rpc.timeout.min = 5s (custom)
2019-09-26 21:18:46,387 [pool-27-thread-1] INFO  server.RaftServerConfigKeys (ConfUtils.java:logGet(43)) - raft.server.rpc.timeout.max = 5200ms (custom)
2019-09-26 21:18:46,388 [pool-27-thread-1] INFO  server.RaftServerConfigKeys (ConfUtils.java:logGet(43)) - raft.server.rpcslowness.timeout = 120s (custom)
2019-09-26 21:18:46,388 [pool-27-thread-1] INFO  server.RaftServerConfigKeys (ConfUtils.java:logGet(43)) - raft.server.sleep.deviation.threshold = 300 (default)
2019-09-26 21:18:46,388 [pool-27-thread-1] INFO  server.RaftServerConfigKeys (ConfUtils.java:logGet(43)) - raft.server.log.appender.install.snapshot.enabled = false (custom)
2019-09-26 21:18:46,388 [pool-27-thread-1] INFO  impl.RaftServerImpl (ServerState.java:<init>(103)) - 9ce0b59e-153f-4f41-8aed-492a76d80b48@group-AC3B2E24B573: ConfigurationManager, init=-1: [9ce0b59e-153f-4f41-8aed-492a76d80b48:192.168.151.99:34156], old=null, confs=<EMPTY_MAP>
2019-09-26 21:18:46,388 [pool-27-thread-1] INFO  server.RaftServerConfigKeys (ConfUtils.java:logGet(43)) - raft.server.storage.dir = [/workdir/hadoop-ozone/ozonefs/target/test-dir/MiniOzoneClusterImpl-5b64906c-d720-4906-b30c-b6d56a2122fd/datanode-0/data/ratis] (custom)
2019-09-26 21:18:46,389 [pool-27-thread-1] INFO  storage.RaftStorageDirectory (RaftStorageDirectory.java:analyzeStorage(246)) - The storage directory /workdir/hadoop-ozone/ozonefs/target/test-dir/MiniOzoneClusterImpl-5b64906c-d720-4906-b30c-b6d56a2122fd/datanode-0/data/ratis/40800215-f0e8-45bf-8622-ac3b2e24b573 does not exist. Creating ...
2019-09-26 21:18:46,402 [pool-27-thread-1] INFO  storage.RaftStorageDirectory (RaftStorageDirectory.java:tryLock(328)) - Lock on /workdir/hadoop-ozone/ozonefs/target/test-dir/MiniOzoneClusterImpl-5b64906c-d720-4906-b30c-b6d56a2122fd/datanode-0/data/ratis/40800215-f0e8-45bf-8622-ac3b2e24b573/in_use.lock acquired by nodename 10701@pr-hdds-1569-g6sp5-2013761785
2019-09-26 21:18:46,415 [pool-27-thread-1] INFO  storage.RaftStorage (RaftStorage.java:format(72)) - Storage directory /workdir/hadoop-ozone/ozonefs/target/test-dir/MiniOzoneClusterImpl-5b64906c-d720-4906-b30c-b6d56a2122fd/datanode-0/data/ratis/40800215-f0e8-45bf-8622-ac3b2e24b573 has been successfully formatted.
2019-09-26 21:18:46,416 [pool-27-thread-1] INFO  ratis.ContainerStateMachine (ContainerStateMachine.java:loadSnapshot(230)) - group-AC3B2E24B573: The snapshot info is null. Setting the last applied indexto:(t:0, i:~)
2019-09-26 21:18:46,416 [pool-27-thread-1] INFO  server.RaftServerConfigKeys (ConfUtils.java:logGet(43)) - raft.server.notification.no-leader.timeout = 120s (custom)
2019-09-26 21:18:46,416 [pool-27-thread-1] INFO  server.RaftServerConfigKeys (ConfUtils.java:logGet(43)) - raft.server.log.use.memory = false (default)
2019-09-26 21:18:46,416 [pool-27-thread-1] INFO  server.RaftServerConfigKeys (ConfUtils.java:logGet(43)) - raft.server.log.purge.gap = 1000000 (custom)
2019-09-26 21:18:46,416 [pool-27-thread-1] INFO  server.RaftServerConfigKeys (ConfUtils.java:logGet(43)) - raft.server.log.appender.buffer.byte-limit = 33554432 (custom)
2019-09-26 21:18:46,416 [pool-27-thread-1] INFO  server.RaftServerConfigKeys (ConfUtils.java:logGet(43)) - raft.server.log.segment.size.max = 1048576 (custom)
2019-09-26 21:18:46,417 [pool-27-thread-1] INFO  server.RaftServerConfigKeys (ConfUtils.java:logGet(43)) - raft.server.log.segment.cache.num.max = 2 (custom)
2019-09-26 21:18:46,417 [pool-27-thread-1] INFO  segmented.SegmentedRaftLogWorker (SegmentedRaftLogWorker.java:<init>(172)) - new 9ce0b59e-153f-4f41-8aed-492a76d80b48@group-AC3B2E24B573-SegmentedRaftLogWorker for RaftStorage:Storage Directory /workdir/hadoop-ozone/ozonefs/target/test-dir/MiniOzoneClusterImpl-5b64906c-d720-4906-b30c-b6d56a2122fd/datanode-0/data/ratis/40800215-f0e8-45bf-8622-ac3b2e24b573
2019-09-26 21:18:46,417 [pool-27-thread-1] INFO  server.RaftServerConfigKeys (ConfUtils.java:logGet(43)) - raft.server.log.queue.byte-limit = 2147483647 (custom)
2019-09-26 21:18:46,417 [pool-27-thread-1] INFO  server.RaftServerConfigKeys (ConfUtils.java:logGet(43)) - raft.server.log.queue.element-limit = 1024 (custom)
2019-09-26 21:18:46,417 [pool-27-thread-1] INFO  server.RaftServerConfigKeys (ConfUtils.java:logGet(43)) - raft.server.log.segment.size.max = 1048576 (custom)
2019-09-26 21:18:46,418 [pool-27-thread-1] INFO  server.RaftServerConfigKeys (ConfUtils.java:logGet(43)) - raft.server.log.preallocated.size = 16384 (custom)
2019-09-26 21:18:46,418 [pool-27-thread-1] INFO  server.RaftServerConfigKeys (ConfUtils.java:logGet(43)) - raft.server.log.write.buffer.size = 33554432 (custom)
2019-09-26 21:18:46,418 [pool-27-thread-1] INFO  server.RaftServerConfigKeys (ConfUtils.java:logGet(43)) - raft.server.log.force.sync.num = 128 (default)
2019-09-26 21:18:46,418 [pool-27-thread-1] INFO  server.RaftServerConfigKeys (ConfUtils.java:logGet(43)) - raft.server.log.statemachine.data.sync = true (default)
2019-09-26 21:18:46,418 [pool-27-thread-1] INFO  server.RaftServerConfigKeys (ConfUtils.java:logGet(43)) - raft.server.log.statemachine.data.sync.timeout = 10s (default)
2019-09-26 21:18:46,419 [pool-27-thread-1] INFO  server.RaftServerConfigKeys (ConfUtils.java:logGet(43)) - raft.server.log.statemachine.data.sync.timeout.retry = -1 (default)
2019-09-26 21:18:46,419 [pool-27-thread-1] INFO  server.RaftServerConfigKeys (ConfUtils.java:logGet(43)) - raft.server.log.statemachine.data.caching.enabled = true (custom)
2019-09-26 21:18:46,419 [pool-27-thread-1] INFO  segmented.SegmentedRaftLogWorker (SegmentedRaftLogWorker.java:lambda$new$0(132)) - 9ce0b59e-153f-4f41-8aed-492a76d80b48@group-AC3B2E24B573-SegmentedRaftLogWorker: flushIndex: setUnconditionally 0 -> -1
2019-09-26 21:18:46,420 [pool-27-thread-1] INFO  server.RaftServerConfigKeys (ConfUtils.java:logGet(43)) - raft.server.snapshot.auto.trigger.enabled = true (custom)
2019-09-26 21:18:46,420 [pool-27-thread-1] INFO  server.RaftServerConfigKeys (ConfUtils.java:logGet(43)) - raft.server.snapshot.auto.trigger.threshold = 10000 (custom)
2019-09-26 21:18:46,420 [pool-27-thread-1] INFO  server.RaftServerConfigKeys (ConfUtils.java:logGet(43)) - raft.server.snapshot.retention.num.files = 5 (custom)
2019-09-26 21:18:46,420 [pool-27-thread-1] INFO  server.RaftServerConfigKeys (ConfUtils.java:logGet(43)) - raft.server.retrycache.expirytime = 600000ms (custom)
2019-09-26 21:18:46,424 [pool-27-thread-1] INFO  impl.RaftServerImpl (RaftServerImpl.java:start(185)) - 9ce0b59e-153f-4f41-8aed-492a76d80b48@group-AC3B2E24B573: start as a follower, conf=-1: [9ce0b59e-153f-4f41-8aed-492a76d80b48:192.168.151.99:34156], old=null
2019-09-26 21:18:46,424 [pool-27-thread-1] INFO  impl.RaftServerImpl (RaftServerImpl.java:setRole(174)) - 9ce0b59e-153f-4f41-8aed-492a76d80b48@group-AC3B2E24B573: changes role from      null to FOLLOWER at term 0 for startAsFollower
2019-09-26 21:18:46,424 [pool-27-thread-1] INFO  impl.RoleInfo (RoleInfo.java:updateAndGet(143)) - 9ce0b59e-153f-4f41-8aed-492a76d80b48: start FollowerState
2019-09-26 21:18:46,425 [pool-27-thread-1] INFO  util.JmxRegister (JmxRegister.java:tryRegister(44)) - Successfully registered JMX Bean with object name Ratis:service=RaftServer,group=group-AC3B2E24B573,id=9ce0b59e-153f-4f41-8aed-492a76d80b48
2019-09-26 21:18:46,428 [RatisPipelineUtilsThread] INFO  pipeline.PipelineStateManager (PipelineStateManager.java:addPipeline(56)) - Created pipeline Pipeline[ Id: 40800215-f0e8-45bf-8622-ac3b2e24b573, Nodes: 9ce0b59e-153f-4f41-8aed-492a76d80b48{ip: 192.168.151.99, host: pr-hdds-1569-g6sp5-2013761785, networkLocation: /default-rack, certSerialId: null}, Type:RATIS, Factor:ONE, State:OPEN]
2019-09-26 21:18:46,435 [grpc-default-executor-1] INFO  impl.RaftServerProxy (RaftServerProxy.java:addNew(89)) - 9ce0b59e-153f-4f41-8aed-492a76d80b48: addNew group-044A21348336:[9ce0b59e-153f-4f41-8aed-492a76d80b48:192.168.151.99:34156] returns group-044A21348336:java.util.concurrent.CompletableFuture@10543e75[Not completed]
2019-09-26 21:18:46,436 [pool-27-thread-1] INFO  impl.RaftServerImpl (RaftServerImpl.java:<init>(95)) - 9ce0b59e-153f-4f41-8aed-492a76d80b48: new RaftServerImpl for group-044A21348336:[9ce0b59e-153f-4f41-8aed-492a76d80b48:192.168.151.99:34156] with ContainerStateMachine:uninitialized
2019-09-26 21:18:46,436 [pool-27-thread-1] INFO  server.RaftServerConfigKeys (ConfUtils.java:logGet(43)) - raft.server.rpc.timeout.min = 5s (custom)
2019-09-26 21:18:46,437 [pool-27-thread-1] INFO  server.RaftServerConfigKeys (ConfUtils.java:logGet(43)) - raft.server.rpc.timeout.max = 5200ms (custom)
2019-09-26 21:18:46,437 [pool-27-thread-1] INFO  server.RaftServerConfigKeys (ConfUtils.java:logGet(43)) - raft.server.rpcslowness.timeout = 120s (custom)
2019-09-26 21:18:46,437 [pool-27-thread-1] INFO  server.RaftServerConfigKeys (ConfUtils.java:logGet(43)) - raft.server.sleep.deviation.threshold = 300 (default)
2019-09-26 21:18:46,437 [pool-27-thread-1] INFO  server.RaftServerConfigKeys (ConfUtils.java:logGet(43)) - raft.server.log.appender.install.snapshot.enabled = false (custom)
2019-09-26 21:18:46,437 [pool-27-thread-1] INFO  impl.RaftServerImpl (ServerState.java:<init>(103)) - 9ce0b59e-153f-4f41-8aed-492a76d80b48@group-044A21348336: ConfigurationManager, init=-1: [9ce0b59e-153f-4f41-8aed-492a76d80b48:192.168.151.99:34156], old=null, confs=<EMPTY_MAP>
2019-09-26 21:18:46,438 [pool-27-thread-1] INFO  server.RaftServerConfigKeys (ConfUtils.java:logGet(43)) - raft.server.storage.dir = [/workdir/hadoop-ozone/ozonefs/target/test-dir/MiniOzoneClusterImpl-5b64906c-d720-4906-b30c-b6d56a2122fd/datanode-0/data/ratis] (custom)
2019-09-26 21:18:46,438 [pool-27-thread-1] INFO  storage.RaftStorageDirectory (RaftStorageDirectory.java:analyzeStorage(246)) - The storage directory /workdir/hadoop-ozone/ozonefs/target/test-dir/MiniOzoneClusterImpl-5b64906c-d720-4906-b30c-b6d56a2122fd/datanode-0/data/ratis/a8f169a0-aba4-496a-b39f-044a21348336 does not exist. Creating ...
2019-09-26 21:18:46,451 [pool-27-thread-1] INFO  storage.RaftStorageDirectory (RaftStorageDirectory.java:tryLock(328)) - Lock on /workdir/hadoop-ozone/ozonefs/target/test-dir/MiniOzoneClusterImpl-5b64906c-d720-4906-b30c-b6d56a2122fd/datanode-0/data/ratis/a8f169a0-aba4-496a-b39f-044a21348336/in_use.lock acquired by nodename 10701@pr-hdds-1569-g6sp5-2013761785
2019-09-26 21:18:46,465 [pool-27-thread-1] INFO  storage.RaftStorage (RaftStorage.java:format(72)) - Storage directory /workdir/hadoop-ozone/ozonefs/target/test-dir/MiniOzoneClusterImpl-5b64906c-d720-4906-b30c-b6d56a2122fd/datanode-0/data/ratis/a8f169a0-aba4-496a-b39f-044a21348336 has been successfully formatted.
2019-09-26 21:18:46,465 [pool-27-thread-1] INFO  ratis.ContainerStateMachine (ContainerStateMachine.java:loadSnapshot(230)) - group-044A21348336: The snapshot info is null. Setting the last applied indexto:(t:0, i:~)
2019-09-26 21:18:46,466 [pool-27-thread-1] INFO  server.RaftServerConfigKeys (ConfUtils.java:logGet(43)) - raft.server.notification.no-leader.timeout = 120s (custom)
2019-09-26 21:18:46,466 [pool-27-thread-1] INFO  server.RaftServerConfigKeys (ConfUtils.java:logGet(43)) - raft.server.log.use.memory = false (default)
2019-09-26 21:18:46,466 [pool-27-thread-1] INFO  server.RaftServerConfigKeys (ConfUtils.java:logGet(43)) - raft.server.log.purge.gap = 1000000 (custom)
2019-09-26 21:18:46,466 [pool-27-thread-1] INFO  server.RaftServerConfigKeys (ConfUtils.java:logGet(43)) - raft.server.log.appender.buffer.byte-limit = 33554432 (custom)
2019-09-26 21:18:46,466 [pool-27-thread-1] INFO  server.RaftServerConfigKeys (ConfUtils.java:logGet(43)) - raft.server.log.segment.size.max = 1048576 (custom)
2019-09-26 21:18:46,466 [pool-27-thread-1] INFO  server.RaftServerConfigKeys (ConfUtils.java:logGet(43)) - raft.server.log.segment.cache.num.max = 2 (custom)
2019-09-26 21:18:46,467 [pool-27-thread-1] INFO  segmented.SegmentedRaftLogWorker (SegmentedRaftLogWorker.java:<init>(172)) - new 9ce0b59e-153f-4f41-8aed-492a76d80b48@group-044A21348336-SegmentedRaftLogWorker for RaftStorage:Storage Directory /workdir/hadoop-ozone/ozonefs/target/test-dir/MiniOzoneClusterImpl-5b64906c-d720-4906-b30c-b6d56a2122fd/datanode-0/data/ratis/a8f169a0-aba4-496a-b39f-044a21348336
2019-09-26 21:18:46,467 [pool-27-thread-1] INFO  server.RaftServerConfigKeys (ConfUtils.java:logGet(43)) - raft.server.log.queue.byte-limit = 2147483647 (custom)
2019-09-26 21:18:46,467 [pool-27-thread-1] INFO  server.RaftServerConfigKeys (ConfUtils.java:logGet(43)) - raft.server.log.queue.element-limit = 1024 (custom)
2019-09-26 21:18:46,467 [pool-27-thread-1] INFO  server.RaftServerConfigKeys (ConfUtils.java:logGet(43)) - raft.server.log.segment.size.max = 1048576 (custom)
2019-09-26 21:18:46,467 [pool-27-thread-1] INFO  server.RaftServerConfigKeys (ConfUtils.java:logGet(43)) - raft.server.log.preallocated.size = 16384 (custom)
2019-09-26 21:18:46,467 [pool-27-thread-1] INFO  server.RaftServerConfigKeys (ConfUtils.java:logGet(43)) - raft.server.log.write.buffer.size = 33554432 (custom)
2019-09-26 21:18:46,467 [pool-27-thread-1] INFO  server.RaftServerConfigKeys (ConfUtils.java:logGet(43)) - raft.server.log.force.sync.num = 128 (default)
2019-09-26 21:18:46,468 [pool-27-thread-1] INFO  server.RaftServerConfigKeys (ConfUtils.java:logGet(43)) - raft.server.log.statemachine.data.sync = true (default)
2019-09-26 21:18:46,468 [pool-27-thread-1] INFO  server.RaftServerConfigKeys (ConfUtils.java:logGet(43)) - raft.server.log.statemachine.data.sync.timeout = 10s (default)
2019-09-26 21:18:46,468 [pool-27-thread-1] INFO  server.RaftServerConfigKeys (ConfUtils.java:logGet(43)) - raft.server.log.statemachine.data.sync.timeout.retry = -1 (default)
2019-09-26 21:18:46,468 [pool-27-thread-1] INFO  server.RaftServerConfigKeys (ConfUtils.java:logGet(43)) - raft.server.log.statemachine.data.caching.enabled = true (custom)
2019-09-26 21:18:46,469 [pool-27-thread-1] INFO  segmented.SegmentedRaftLogWorker (SegmentedRaftLogWorker.java:lambda$new$0(132)) - 9ce0b59e-153f-4f41-8aed-492a76d80b48@group-044A21348336-SegmentedRaftLogWorker: flushIndex: setUnconditionally 0 -> -1
2019-09-26 21:18:46,541 [pool-27-thread-1] INFO  server.RaftServerConfigKeys (ConfUtils.java:logGet(43)) - raft.server.snapshot.auto.trigger.enabled = true (custom)
2019-09-26 21:18:46,541 [pool-27-thread-1] INFO  server.RaftServerConfigKeys (ConfUtils.java:logGet(43)) - raft.server.snapshot.auto.trigger.threshold = 10000 (custom)
2019-09-26 21:18:46,541 [pool-27-thread-1] INFO  server.RaftServerConfigKeys (ConfUtils.java:logGet(43)) - raft.server.snapshot.retention.num.files = 5 (custom)
2019-09-26 21:18:46,541 [pool-27-thread-1] INFO  server.RaftServerConfigKeys (ConfUtils.java:logGet(43)) - raft.server.retrycache.expirytime = 600000ms (custom)
2019-09-26 21:18:46,544 [pool-27-thread-1] INFO  impl.RaftServerImpl (RaftServerImpl.java:start(185)) - 9ce0b59e-153f-4f41-8aed-492a76d80b48@group-044A21348336: start as a follower, conf=-1: [9ce0b59e-153f-4f41-8aed-492a76d80b48:192.168.151.99:34156], old=null
2019-09-26 21:18:46,544 [pool-27-thread-1] INFO  impl.RaftServerImpl (RaftServerImpl.java:setRole(174)) - 9ce0b59e-153f-4f41-8aed-492a76d80b48@group-044A21348336: changes role from      null to FOLLOWER at term 0 for startAsFollower
2019-09-26 21:18:46,544 [pool-27-thread-1] INFO  impl.RoleInfo (RoleInfo.java:updateAndGet(143)) - 9ce0b59e-153f-4f41-8aed-492a76d80b48: start FollowerState
2019-09-26 21:18:46,545 [pool-27-thread-1] INFO  util.JmxRegister (JmxRegister.java:tryRegister(44)) - Successfully registered JMX Bean with object name Ratis:service=RaftServer,group=group-044A21348336,id=9ce0b59e-153f-4f41-8aed-492a76d80b48
2019-09-26 21:18:46,548 [RatisPipelineUtilsThread] INFO  pipeline.PipelineStateManager (PipelineStateManager.java:addPipeline(56)) - Created pipeline Pipeline[ Id: a8f169a0-aba4-496a-b39f-044a21348336, Nodes: 9ce0b59e-153f-4f41-8aed-492a76d80b48{ip: 192.168.151.99, host: pr-hdds-1569-g6sp5-2013761785, networkLocation: /default-rack, certSerialId: null}, Type:RATIS, Factor:ONE, State:OPEN]
2019-09-26 21:18:46,555 [grpc-default-executor-1] INFO  impl.RaftServerProxy (RaftServerProxy.java:addNew(89)) - 1178c3ae-d0b4-4d44-b144-fe8504cc41ac: addNew group-026C27FB7B37:[1178c3ae-d0b4-4d44-b144-fe8504cc41ac:192.168.151.99:33787] returns group-026C27FB7B37:java.util.concurrent.CompletableFuture@5aa32979[Not completed]
2019-09-26 21:18:46,557 [pool-37-thread-1] INFO  impl.RaftServerImpl (RaftServerImpl.java:<init>(95)) - 1178c3ae-d0b4-4d44-b144-fe8504cc41ac: new RaftServerImpl for group-026C27FB7B37:[1178c3ae-d0b4-4d44-b144-fe8504cc41ac:192.168.151.99:33787] with ContainerStateMachine:uninitialized
2019-09-26 21:18:46,557 [pool-37-thread-1] INFO  server.RaftServerConfigKeys (ConfUtils.java:logGet(43)) - raft.server.rpc.timeout.min = 5s (custom)
2019-09-26 21:18:46,558 [pool-37-thread-1] INFO  server.RaftServerConfigKeys (ConfUtils.java:logGet(43)) - raft.server.rpc.timeout.max = 5200ms (custom)
2019-09-26 21:18:46,558 [pool-37-thread-1] INFO  server.RaftServerConfigKeys (ConfUtils.java:logGet(43)) - raft.server.rpcslowness.timeout = 120s (custom)
2019-09-26 21:18:46,558 [pool-37-thread-1] INFO  server.RaftServerConfigKeys (ConfUtils.java:logGet(43)) - raft.server.sleep.deviation.threshold = 300 (default)
2019-09-26 21:18:46,558 [pool-37-thread-1] INFO  server.RaftServerConfigKeys (ConfUtils.java:logGet(43)) - raft.server.log.appender.install.snapshot.enabled = false (custom)
2019-09-26 21:18:46,558 [pool-37-thread-1] INFO  impl.RaftServerImpl (ServerState.java:<init>(103)) - 1178c3ae-d0b4-4d44-b144-fe8504cc41ac@group-026C27FB7B37: ConfigurationManager, init=-1: [1178c3ae-d0b4-4d44-b144-fe8504cc41ac:192.168.151.99:33787], old=null, confs=<EMPTY_MAP>
2019-09-26 21:18:46,558 [pool-37-thread-1] INFO  server.RaftServerConfigKeys (ConfUtils.java:logGet(43)) - raft.server.storage.dir = [/workdir/hadoop-ozone/ozonefs/target/test-dir/MiniOzoneClusterImpl-5b64906c-d720-4906-b30c-b6d56a2122fd/datanode-1/data/ratis] (custom)
2019-09-26 21:18:46,559 [pool-37-thread-1] INFO  storage.RaftStorageDirectory (RaftStorageDirectory.java:analyzeStorage(246)) - The storage directory /workdir/hadoop-ozone/ozonefs/target/test-dir/MiniOzoneClusterImpl-5b64906c-d720-4906-b30c-b6d56a2122fd/datanode-1/data/ratis/e52f1eaf-2f5b-4a53-9052-026c27fb7b37 does not exist. Creating ...
2019-09-26 21:18:46,572 [pool-37-thread-1] INFO  storage.RaftStorageDirectory (RaftStorageDirectory.java:tryLock(328)) - Lock on /workdir/hadoop-ozone/ozonefs/target/test-dir/MiniOzoneClusterImpl-5b64906c-d720-4906-b30c-b6d56a2122fd/datanode-1/data/ratis/e52f1eaf-2f5b-4a53-9052-026c27fb7b37/in_use.lock acquired by nodename 10701@pr-hdds-1569-g6sp5-2013761785
2019-09-26 21:18:46,585 [pool-37-thread-1] INFO  storage.RaftStorage (RaftStorage.java:format(72)) - Storage directory /workdir/hadoop-ozone/ozonefs/target/test-dir/MiniOzoneClusterImpl-5b64906c-d720-4906-b30c-b6d56a2122fd/datanode-1/data/ratis/e52f1eaf-2f5b-4a53-9052-026c27fb7b37 has been successfully formatted.
2019-09-26 21:18:46,585 [pool-37-thread-1] INFO  ratis.ContainerStateMachine (ContainerStateMachine.java:loadSnapshot(230)) - group-026C27FB7B37: The snapshot info is null. Setting the last applied indexto:(t:0, i:~)
2019-09-26 21:18:46,586 [pool-37-thread-1] INFO  server.RaftServerConfigKeys (ConfUtils.java:logGet(43)) - raft.server.notification.no-leader.timeout = 120s (custom)
2019-09-26 21:18:46,586 [pool-37-thread-1] INFO  server.RaftServerConfigKeys (ConfUtils.java:logGet(43)) - raft.server.log.use.memory = false (default)
2019-09-26 21:18:46,586 [pool-37-thread-1] INFO  server.RaftServerConfigKeys (ConfUtils.java:logGet(43)) - raft.server.log.purge.gap = 1000000 (custom)
2019-09-26 21:18:46,586 [pool-37-thread-1] INFO  server.RaftServerConfigKeys (ConfUtils.java:logGet(43)) - raft.server.log.appender.buffer.byte-limit = 33554432 (custom)
2019-09-26 21:18:46,586 [pool-37-thread-1] INFO  server.RaftServerConfigKeys (ConfUtils.java:logGet(43)) - raft.server.log.segment.size.max = 1048576 (custom)
2019-09-26 21:18:46,586 [pool-37-thread-1] INFO  server.RaftServerConfigKeys (ConfUtils.java:logGet(43)) - raft.server.log.segment.cache.num.max = 2 (custom)
2019-09-26 21:18:46,587 [pool-37-thread-1] INFO  segmented.SegmentedRaftLogWorker (SegmentedRaftLogWorker.java:<init>(172)) - new 1178c3ae-d0b4-4d44-b144-fe8504cc41ac@group-026C27FB7B37-SegmentedRaftLogWorker for RaftStorage:Storage Directory /workdir/hadoop-ozone/ozonefs/target/test-dir/MiniOzoneClusterImpl-5b64906c-d720-4906-b30c-b6d56a2122fd/datanode-1/data/ratis/e52f1eaf-2f5b-4a53-9052-026c27fb7b37
2019-09-26 21:18:46,587 [pool-37-thread-1] INFO  server.RaftServerConfigKeys (ConfUtils.java:logGet(43)) - raft.server.log.queue.byte-limit = 2147483647 (custom)
2019-09-26 21:18:46,587 [pool-37-thread-1] INFO  server.RaftServerConfigKeys (ConfUtils.java:logGet(43)) - raft.server.log.queue.element-limit = 1024 (custom)
2019-09-26 21:18:46,587 [pool-37-thread-1] INFO  server.RaftServerConfigKeys (ConfUtils.java:logGet(43)) - raft.server.log.segment.size.max = 1048576 (custom)
2019-09-26 21:18:46,587 [pool-37-thread-1] INFO  server.RaftServerConfigKeys (ConfUtils.java:logGet(43)) - raft.server.log.preallocated.size = 16384 (custom)
2019-09-26 21:18:46,587 [pool-37-thread-1] INFO  server.RaftServerConfigKeys (ConfUtils.java:logGet(43)) - raft.server.log.write.buffer.size = 33554432 (custom)
2019-09-26 21:18:46,588 [pool-37-thread-1] INFO  server.RaftServerConfigKeys (ConfUtils.java:logGet(43)) - raft.server.log.force.sync.num = 128 (default)
2019-09-26 21:18:46,588 [pool-37-thread-1] INFO  server.RaftServerConfigKeys (ConfUtils.java:logGet(43)) - raft.server.log.statemachine.data.sync = true (default)
2019-09-26 21:18:46,588 [pool-37-thread-1] INFO  server.RaftServerConfigKeys (ConfUtils.java:logGet(43)) - raft.server.log.statemachine.data.sync.timeout = 10s (default)
2019-09-26 21:18:46,588 [pool-37-thread-1] INFO  server.RaftServerConfigKeys (ConfUtils.java:logGet(43)) - raft.server.log.statemachine.data.sync.timeout.retry = -1 (default)
2019-09-26 21:18:46,588 [pool-37-thread-1] INFO  server.RaftServerConfigKeys (ConfUtils.java:logGet(43)) - raft.server.log.statemachine.data.caching.enabled = true (custom)
2019-09-26 21:18:46,589 [pool-37-thread-1] INFO  segmented.SegmentedRaftLogWorker (SegmentedRaftLogWorker.java:lambda$new$0(132)) - 1178c3ae-d0b4-4d44-b144-fe8504cc41ac@group-026C27FB7B37-SegmentedRaftLogWorker: flushIndex: setUnconditionally 0 -> -1
2019-09-26 21:18:46,589 [pool-37-thread-1] INFO  server.RaftServerConfigKeys (ConfUtils.java:logGet(43)) - raft.server.snapshot.auto.trigger.enabled = true (custom)
2019-09-26 21:18:46,589 [pool-37-thread-1] INFO  server.RaftServerConfigKeys (ConfUtils.java:logGet(43)) - raft.server.snapshot.auto.trigger.threshold = 10000 (custom)
2019-09-26 21:18:46,589 [pool-37-thread-1] INFO  server.RaftServerConfigKeys (ConfUtils.java:logGet(43)) - raft.server.snapshot.retention.num.files = 5 (custom)
2019-09-26 21:18:46,590 [pool-37-thread-1] INFO  server.RaftServerConfigKeys (ConfUtils.java:logGet(43)) - raft.server.retrycache.expirytime = 600000ms (custom)
2019-09-26 21:18:46,592 [pool-37-thread-1] INFO  impl.RaftServerImpl (RaftServerImpl.java:start(185)) - 1178c3ae-d0b4-4d44-b144-fe8504cc41ac@group-026C27FB7B37: start as a follower, conf=-1: [1178c3ae-d0b4-4d44-b144-fe8504cc41ac:192.168.151.99:33787], old=null
2019-09-26 21:18:46,593 [pool-37-thread-1] INFO  impl.RaftServerImpl (RaftServerImpl.java:setRole(174)) - 1178c3ae-d0b4-4d44-b144-fe8504cc41ac@group-026C27FB7B37: changes role from      null to FOLLOWER at term 0 for startAsFollower
2019-09-26 21:18:46,593 [pool-37-thread-1] INFO  impl.RoleInfo (RoleInfo.java:updateAndGet(143)) - 1178c3ae-d0b4-4d44-b144-fe8504cc41ac: start FollowerState
2019-09-26 21:18:46,593 [pool-37-thread-1] INFO  util.JmxRegister (JmxRegister.java:tryRegister(44)) - Successfully registered JMX Bean with object name Ratis:service=RaftServer,group=group-026C27FB7B37,id=1178c3ae-d0b4-4d44-b144-fe8504cc41ac
2019-09-26 21:18:46,596 [RatisPipelineUtilsThread] INFO  pipeline.PipelineStateManager (PipelineStateManager.java:addPipeline(56)) - Created pipeline Pipeline[ Id: e52f1eaf-2f5b-4a53-9052-026c27fb7b37, Nodes: 1178c3ae-d0b4-4d44-b144-fe8504cc41ac{ip: 192.168.151.99, host: pr-hdds-1569-g6sp5-2013761785, networkLocation: /default-rack, certSerialId: null}, Type:RATIS, Factor:ONE, State:OPEN]
2019-09-26 21:18:46,602 [grpc-default-executor-1] INFO  impl.RaftServerProxy (RaftServerProxy.java:addNew(89)) - 1178c3ae-d0b4-4d44-b144-fe8504cc41ac: addNew group-CEB1079B6F06:[1178c3ae-d0b4-4d44-b144-fe8504cc41ac:192.168.151.99:33787] returns group-CEB1079B6F06:java.util.concurrent.CompletableFuture@47a9d82b[Not completed]
2019-09-26 21:18:46,604 [pool-37-thread-1] INFO  impl.RaftServerImpl (RaftServerImpl.java:<init>(95)) - 1178c3ae-d0b4-4d44-b144-fe8504cc41ac: new RaftServerImpl for group-CEB1079B6F06:[1178c3ae-d0b4-4d44-b144-fe8504cc41ac:192.168.151.99:33787] with ContainerStateMachine:uninitialized
2019-09-26 21:18:46,604 [pool-37-thread-1] INFO  server.RaftServerConfigKeys (ConfUtils.java:logGet(43)) - raft.server.rpc.timeout.min = 5s (custom)
2019-09-26 21:18:46,604 [pool-37-thread-1] INFO  server.RaftServerConfigKeys (ConfUtils.java:logGet(43)) - raft.server.rpc.timeout.max = 5200ms (custom)
2019-09-26 21:18:46,604 [pool-37-thread-1] INFO  server.RaftServerConfigKeys (ConfUtils.java:logGet(43)) - raft.server.rpcslowness.timeout = 120s (custom)
2019-09-26 21:18:46,604 [pool-37-thread-1] INFO  server.RaftServerConfigKeys (ConfUtils.java:logGet(43)) - raft.server.sleep.deviation.threshold = 300 (default)
2019-09-26 21:18:46,604 [pool-37-thread-1] INFO  server.RaftServerConfigKeys (ConfUtils.java:logGet(43)) - raft.server.log.appender.install.snapshot.enabled = false (custom)
2019-09-26 21:18:46,605 [pool-37-thread-1] INFO  impl.RaftServerImpl (ServerState.java:<init>(103)) - 1178c3ae-d0b4-4d44-b144-fe8504cc41ac@group-CEB1079B6F06: ConfigurationManager, init=-1: [1178c3ae-d0b4-4d44-b144-fe8504cc41ac:192.168.151.99:33787], old=null, confs=<EMPTY_MAP>
2019-09-26 21:18:46,605 [pool-37-thread-1] INFO  server.RaftServerConfigKeys (ConfUtils.java:logGet(43)) - raft.server.storage.dir = [/workdir/hadoop-ozone/ozonefs/target/test-dir/MiniOzoneClusterImpl-5b64906c-d720-4906-b30c-b6d56a2122fd/datanode-1/data/ratis] (custom)
2019-09-26 21:18:46,605 [pool-37-thread-1] INFO  storage.RaftStorageDirectory (RaftStorageDirectory.java:analyzeStorage(246)) - The storage directory /workdir/hadoop-ozone/ozonefs/target/test-dir/MiniOzoneClusterImpl-5b64906c-d720-4906-b30c-b6d56a2122fd/datanode-1/data/ratis/95e53088-f7e4-4e64-a427-ceb1079b6f06 does not exist. Creating ...
2019-09-26 21:18:46,620 [pool-37-thread-1] INFO  storage.RaftStorageDirectory (RaftStorageDirectory.java:tryLock(328)) - Lock on /workdir/hadoop-ozone/ozonefs/target/test-dir/MiniOzoneClusterImpl-5b64906c-d720-4906-b30c-b6d56a2122fd/datanode-1/data/ratis/95e53088-f7e4-4e64-a427-ceb1079b6f06/in_use.lock acquired by nodename 10701@pr-hdds-1569-g6sp5-2013761785
2019-09-26 21:18:46,633 [pool-37-thread-1] INFO  storage.RaftStorage (RaftStorage.java:format(72)) - Storage directory /workdir/hadoop-ozone/ozonefs/target/test-dir/MiniOzoneClusterImpl-5b64906c-d720-4906-b30c-b6d56a2122fd/datanode-1/data/ratis/95e53088-f7e4-4e64-a427-ceb1079b6f06 has been successfully formatted.
2019-09-26 21:18:46,633 [pool-37-thread-1] INFO  ratis.ContainerStateMachine (ContainerStateMachine.java:loadSnapshot(230)) - group-CEB1079B6F06: The snapshot info is null. Setting the last applied indexto:(t:0, i:~)
2019-09-26 21:18:46,633 [pool-37-thread-1] INFO  server.RaftServerConfigKeys (ConfUtils.java:logGet(43)) - raft.server.notification.no-leader.timeout = 120s (custom)
2019-09-26 21:18:46,633 [pool-37-thread-1] INFO  server.RaftServerConfigKeys (ConfUtils.java:logGet(43)) - raft.server.log.use.memory = false (default)
2019-09-26 21:18:46,634 [pool-37-thread-1] INFO  server.RaftServerConfigKeys (ConfUtils.java:logGet(43)) - raft.server.log.purge.gap = 1000000 (custom)
2019-09-26 21:18:46,634 [pool-37-thread-1] INFO  server.RaftServerConfigKeys (ConfUtils.java:logGet(43)) - raft.server.log.appender.buffer.byte-limit = 33554432 (custom)
2019-09-26 21:18:46,634 [pool-37-thread-1] INFO  server.RaftServerConfigKeys (ConfUtils.java:logGet(43)) - raft.server.log.segment.size.max = 1048576 (custom)
2019-09-26 21:18:46,634 [pool-37-thread-1] INFO  server.RaftServerConfigKeys (ConfUtils.java:logGet(43)) - raft.server.log.segment.cache.num.max = 2 (custom)
2019-09-26 21:18:46,634 [pool-37-thread-1] INFO  segmented.SegmentedRaftLogWorker (SegmentedRaftLogWorker.java:<init>(172)) - new 1178c3ae-d0b4-4d44-b144-fe8504cc41ac@group-CEB1079B6F06-SegmentedRaftLogWorker for RaftStorage:Storage Directory /workdir/hadoop-ozone/ozonefs/target/test-dir/MiniOzoneClusterImpl-5b64906c-d720-4906-b30c-b6d56a2122fd/datanode-1/data/ratis/95e53088-f7e4-4e64-a427-ceb1079b6f06
2019-09-26 21:18:46,634 [pool-37-thread-1] INFO  server.RaftServerConfigKeys (ConfUtils.java:logGet(43)) - raft.server.log.queue.byte-limit = 2147483647 (custom)
2019-09-26 21:18:46,634 [pool-37-thread-1] INFO  server.RaftServerConfigKeys (ConfUtils.java:logGet(43)) - raft.server.log.queue.element-limit = 1024 (custom)
2019-09-26 21:18:46,635 [pool-37-thread-1] INFO  server.RaftServerConfigKeys (ConfUtils.java:logGet(43)) - raft.server.log.segment.size.max = 1048576 (custom)
2019-09-26 21:18:46,635 [pool-37-thread-1] INFO  server.RaftServerConfigKeys (ConfUtils.java:logGet(43)) - raft.server.log.preallocated.size = 16384 (custom)
2019-09-26 21:18:46,635 [pool-37-thread-1] INFO  server.RaftServerConfigKeys (ConfUtils.java:logGet(43)) - raft.server.log.write.buffer.size = 33554432 (custom)
2019-09-26 21:18:46,635 [pool-37-thread-1] INFO  server.RaftServerConfigKeys (ConfUtils.java:logGet(43)) - raft.server.log.force.sync.num = 128 (default)
2019-09-26 21:18:46,635 [pool-37-thread-1] INFO  server.RaftServerConfigKeys (ConfUtils.java:logGet(43)) - raft.server.log.statemachine.data.sync = true (default)
2019-09-26 21:18:46,635 [pool-37-thread-1] INFO  server.RaftServerConfigKeys (ConfUtils.java:logGet(43)) - raft.server.log.statemachine.data.sync.timeout = 10s (default)
2019-09-26 21:18:46,635 [pool-37-thread-1] INFO  server.RaftServerConfigKeys (ConfUtils.java:logGet(43)) - raft.server.log.statemachine.data.sync.timeout.retry = -1 (default)
2019-09-26 21:18:46,636 [pool-37-thread-1] INFO  server.RaftServerConfigKeys (ConfUtils.java:logGet(43)) - raft.server.log.statemachine.data.caching.enabled = true (custom)
2019-09-26 21:18:46,636 [pool-37-thread-1] INFO  segmented.SegmentedRaftLogWorker (SegmentedRaftLogWorker.java:lambda$new$0(132)) - 1178c3ae-d0b4-4d44-b144-fe8504cc41ac@group-CEB1079B6F06-SegmentedRaftLogWorker: flushIndex: setUnconditionally 0 -> -1
2019-09-26 21:18:46,636 [pool-37-thread-1] INFO  server.RaftServerConfigKeys (ConfUtils.java:logGet(43)) - raft.server.snapshot.auto.trigger.enabled = true (custom)
2019-09-26 21:18:46,637 [pool-37-thread-1] INFO  server.RaftServerConfigKeys (ConfUtils.java:logGet(43)) - raft.server.snapshot.auto.trigger.threshold = 10000 (custom)
2019-09-26 21:18:46,637 [pool-37-thread-1] INFO  server.RaftServerConfigKeys (ConfUtils.java:logGet(43)) - raft.server.snapshot.retention.num.files = 5 (custom)
2019-09-26 21:18:46,637 [pool-37-thread-1] INFO  server.RaftServerConfigKeys (ConfUtils.java:logGet(43)) - raft.server.retrycache.expirytime = 600000ms (custom)
2019-09-26 21:18:46,639 [pool-37-thread-1] INFO  impl.RaftServerImpl (RaftServerImpl.java:start(185)) - 1178c3ae-d0b4-4d44-b144-fe8504cc41ac@group-CEB1079B6F06: start as a follower, conf=-1: [1178c3ae-d0b4-4d44-b144-fe8504cc41ac:192.168.151.99:33787], old=null
2019-09-26 21:18:46,640 [pool-37-thread-1] INFO  impl.RaftServerImpl (RaftServerImpl.java:setRole(174)) - 1178c3ae-d0b4-4d44-b144-fe8504cc41ac@group-CEB1079B6F06: changes role from      null to FOLLOWER at term 0 for startAsFollower
2019-09-26 21:18:46,640 [pool-37-thread-1] INFO  impl.RoleInfo (RoleInfo.java:updateAndGet(143)) - 1178c3ae-d0b4-4d44-b144-fe8504cc41ac: start FollowerState
2019-09-26 21:18:46,640 [pool-37-thread-1] INFO  util.JmxRegister (JmxRegister.java:tryRegister(44)) - Successfully registered JMX Bean with object name Ratis:service=RaftServer,group=group-CEB1079B6F06,id=1178c3ae-d0b4-4d44-b144-fe8504cc41ac
2019-09-26 21:18:46,643 [RatisPipelineUtilsThread] INFO  pipeline.PipelineStateManager (PipelineStateManager.java:addPipeline(56)) - Created pipeline Pipeline[ Id: 95e53088-f7e4-4e64-a427-ceb1079b6f06, Nodes: 1178c3ae-d0b4-4d44-b144-fe8504cc41ac{ip: 192.168.151.99, host: pr-hdds-1569-g6sp5-2013761785, networkLocation: /default-rack, certSerialId: null}, Type:RATIS, Factor:ONE, State:OPEN]
2019-09-26 21:18:46,650 [grpc-default-executor-1] INFO  impl.RaftServerProxy (RaftServerProxy.java:addNew(89)) - da833d8d-e72a-4068-9560-4daa2d83adc2: addNew group-917F42338CA2:[da833d8d-e72a-4068-9560-4daa2d83adc2:192.168.151.99:38903] returns group-917F42338CA2:java.util.concurrent.CompletableFuture@1ecfd492[Not completed]
2019-09-26 21:18:46,651 [pool-67-thread-1] INFO  impl.RaftServerImpl (RaftServerImpl.java:<init>(95)) - da833d8d-e72a-4068-9560-4daa2d83adc2: new RaftServerImpl for group-917F42338CA2:[da833d8d-e72a-4068-9560-4daa2d83adc2:192.168.151.99:38903] with ContainerStateMachine:uninitialized
2019-09-26 21:18:46,651 [pool-67-thread-1] INFO  server.RaftServerConfigKeys (ConfUtils.java:logGet(43)) - raft.server.rpc.timeout.min = 5s (custom)
2019-09-26 21:18:46,652 [pool-67-thread-1] INFO  server.RaftServerConfigKeys (ConfUtils.java:logGet(43)) - raft.server.rpc.timeout.max = 5200ms (custom)
2019-09-26 21:18:46,652 [pool-67-thread-1] INFO  server.RaftServerConfigKeys (ConfUtils.java:logGet(43)) - raft.server.rpcslowness.timeout = 120s (custom)
2019-09-26 21:18:46,652 [pool-67-thread-1] INFO  server.RaftServerConfigKeys (ConfUtils.java:logGet(43)) - raft.server.sleep.deviation.threshold = 300 (default)
2019-09-26 21:18:46,652 [pool-67-thread-1] INFO  server.RaftServerConfigKeys (ConfUtils.java:logGet(43)) - raft.server.log.appender.install.snapshot.enabled = false (custom)
2019-09-26 21:18:46,652 [pool-67-thread-1] INFO  impl.RaftServerImpl (ServerState.java:<init>(103)) - da833d8d-e72a-4068-9560-4daa2d83adc2@group-917F42338CA2: ConfigurationManager, init=-1: [da833d8d-e72a-4068-9560-4daa2d83adc2:192.168.151.99:38903], old=null, confs=<EMPTY_MAP>
2019-09-26 21:18:46,652 [pool-67-thread-1] INFO  server.RaftServerConfigKeys (ConfUtils.java:logGet(43)) - raft.server.storage.dir = [/workdir/hadoop-ozone/ozonefs/target/test-dir/MiniOzoneClusterImpl-5b64906c-d720-4906-b30c-b6d56a2122fd/datanode-4/data/ratis] (custom)
2019-09-26 21:18:46,653 [pool-67-thread-1] INFO  storage.RaftStorageDirectory (RaftStorageDirectory.java:analyzeStorage(246)) - The storage directory /workdir/hadoop-ozone/ozonefs/target/test-dir/MiniOzoneClusterImpl-5b64906c-d720-4906-b30c-b6d56a2122fd/datanode-4/data/ratis/20cef87d-0df5-4589-a4cd-917f42338ca2 does not exist. Creating ...
2019-09-26 21:18:46,665 [pool-67-thread-1] INFO  storage.RaftStorageDirectory (RaftStorageDirectory.java:tryLock(328)) - Lock on /workdir/hadoop-ozone/ozonefs/target/test-dir/MiniOzoneClusterImpl-5b64906c-d720-4906-b30c-b6d56a2122fd/datanode-4/data/ratis/20cef87d-0df5-4589-a4cd-917f42338ca2/in_use.lock acquired by nodename 10701@pr-hdds-1569-g6sp5-2013761785
2019-09-26 21:18:46,678 [pool-67-thread-1] INFO  storage.RaftStorage (RaftStorage.java:format(72)) - Storage directory /workdir/hadoop-ozone/ozonefs/target/test-dir/MiniOzoneClusterImpl-5b64906c-d720-4906-b30c-b6d56a2122fd/datanode-4/data/ratis/20cef87d-0df5-4589-a4cd-917f42338ca2 has been successfully formatted.
2019-09-26 21:18:46,679 [pool-67-thread-1] INFO  ratis.ContainerStateMachine (ContainerStateMachine.java:loadSnapshot(230)) - group-917F42338CA2: The snapshot info is null. Setting the last applied indexto:(t:0, i:~)
2019-09-26 21:18:46,679 [pool-67-thread-1] INFO  server.RaftServerConfigKeys (ConfUtils.java:logGet(43)) - raft.server.notification.no-leader.timeout = 120s (custom)
2019-09-26 21:18:46,679 [pool-67-thread-1] INFO  server.RaftServerConfigKeys (ConfUtils.java:logGet(43)) - raft.server.log.use.memory = false (default)
2019-09-26 21:18:46,679 [pool-67-thread-1] INFO  server.RaftServerConfigKeys (ConfUtils.java:logGet(43)) - raft.server.log.purge.gap = 1000000 (custom)
2019-09-26 21:18:46,679 [pool-67-thread-1] INFO  server.RaftServerConfigKeys (ConfUtils.java:logGet(43)) - raft.server.log.appender.buffer.byte-limit = 33554432 (custom)
2019-09-26 21:18:46,679 [pool-67-thread-1] INFO  server.RaftServerConfigKeys (ConfUtils.java:logGet(43)) - raft.server.log.segment.size.max = 1048576 (custom)
2019-09-26 21:18:46,680 [pool-67-thread-1] INFO  server.RaftServerConfigKeys (ConfUtils.java:logGet(43)) - raft.server.log.segment.cache.num.max = 2 (custom)
2019-09-26 21:18:46,680 [pool-67-thread-1] INFO  segmented.SegmentedRaftLogWorker (SegmentedRaftLogWorker.java:<init>(172)) - new da833d8d-e72a-4068-9560-4daa2d83adc2@group-917F42338CA2-SegmentedRaftLogWorker for RaftStorage:Storage Directory /workdir/hadoop-ozone/ozonefs/target/test-dir/MiniOzoneClusterImpl-5b64906c-d720-4906-b30c-b6d56a2122fd/datanode-4/data/ratis/20cef87d-0df5-4589-a4cd-917f42338ca2
2019-09-26 21:18:46,680 [pool-67-thread-1] INFO  server.RaftServerConfigKeys (ConfUtils.java:logGet(43)) - raft.server.log.queue.byte-limit = 2147483647 (custom)
2019-09-26 21:18:46,680 [pool-67-thread-1] INFO  server.RaftServerConfigKeys (ConfUtils.java:logGet(43)) - raft.server.log.queue.element-limit = 1024 (custom)
2019-09-26 21:18:46,680 [pool-67-thread-1] INFO  server.RaftServerConfigKeys (ConfUtils.java:logGet(43)) - raft.server.log.segment.size.max = 1048576 (custom)
2019-09-26 21:18:46,680 [pool-67-thread-1] INFO  server.RaftServerConfigKeys (ConfUtils.java:logGet(43)) - raft.server.log.preallocated.size = 16384 (custom)
2019-09-26 21:18:46,681 [pool-67-thread-1] INFO  server.RaftServerConfigKeys (ConfUtils.java:logGet(43)) - raft.server.log.write.buffer.size = 33554432 (custom)
2019-09-26 21:18:46,681 [pool-67-thread-1] INFO  server.RaftServerConfigKeys (ConfUtils.java:logGet(43)) - raft.server.log.force.sync.num = 128 (default)
2019-09-26 21:18:46,681 [pool-67-thread-1] INFO  server.RaftServerConfigKeys (ConfUtils.java:logGet(43)) - raft.server.log.statemachine.data.sync = true (default)
2019-09-26 21:18:46,681 [pool-67-thread-1] INFO  server.RaftServerConfigKeys (ConfUtils.java:logGet(43)) - raft.server.log.statemachine.data.sync.timeout = 10s (default)
2019-09-26 21:18:46,681 [pool-67-thread-1] INFO  server.RaftServerConfigKeys (ConfUtils.java:logGet(43)) - raft.server.log.statemachine.data.sync.timeout.retry = -1 (default)
2019-09-26 21:18:46,681 [pool-67-thread-1] INFO  server.RaftServerConfigKeys (ConfUtils.java:logGet(43)) - raft.server.log.statemachine.data.caching.enabled = true (custom)
2019-09-26 21:18:46,682 [pool-67-thread-1] INFO  segmented.SegmentedRaftLogWorker (SegmentedRaftLogWorker.java:lambda$new$0(132)) - da833d8d-e72a-4068-9560-4daa2d83adc2@group-917F42338CA2-SegmentedRaftLogWorker: flushIndex: setUnconditionally 0 -> -1
2019-09-26 21:18:46,682 [pool-67-thread-1] INFO  server.RaftServerConfigKeys (ConfUtils.java:logGet(43)) - raft.server.snapshot.auto.trigger.enabled = true (custom)
2019-09-26 21:18:46,682 [pool-67-thread-1] INFO  server.RaftServerConfigKeys (ConfUtils.java:logGet(43)) - raft.server.snapshot.auto.trigger.threshold = 10000 (custom)
2019-09-26 21:18:46,682 [pool-67-thread-1] INFO  server.RaftServerConfigKeys (ConfUtils.java:logGet(43)) - raft.server.snapshot.retention.num.files = 5 (custom)
2019-09-26 21:18:46,683 [pool-67-thread-1] INFO  server.RaftServerConfigKeys (ConfUtils.java:logGet(43)) - raft.server.retrycache.expirytime = 600000ms (custom)
2019-09-26 21:18:46,685 [pool-67-thread-1] INFO  impl.RaftServerImpl (RaftServerImpl.java:start(185)) - da833d8d-e72a-4068-9560-4daa2d83adc2@group-917F42338CA2: start as a follower, conf=-1: [da833d8d-e72a-4068-9560-4daa2d83adc2:192.168.151.99:38903], old=null
2019-09-26 21:18:46,686 [pool-67-thread-1] INFO  impl.RaftServerImpl (RaftServerImpl.java:setRole(174)) - da833d8d-e72a-4068-9560-4daa2d83adc2@group-917F42338CA2: changes role from      null to FOLLOWER at term 0 for startAsFollower
2019-09-26 21:18:46,686 [pool-67-thread-1] INFO  impl.RoleInfo (RoleInfo.java:updateAndGet(143)) - da833d8d-e72a-4068-9560-4daa2d83adc2: start FollowerState
2019-09-26 21:18:46,686 [pool-67-thread-1] INFO  util.JmxRegister (JmxRegister.java:tryRegister(44)) - Successfully registered JMX Bean with object name Ratis:service=RaftServer,group=group-917F42338CA2,id=da833d8d-e72a-4068-9560-4daa2d83adc2
2019-09-26 21:18:46,689 [RatisPipelineUtilsThread] INFO  pipeline.PipelineStateManager (PipelineStateManager.java:addPipeline(56)) - Created pipeline Pipeline[ Id: 20cef87d-0df5-4589-a4cd-917f42338ca2, Nodes: da833d8d-e72a-4068-9560-4daa2d83adc2{ip: 192.168.151.99, host: pr-hdds-1569-g6sp5-2013761785, networkLocation: /default-rack, certSerialId: null}, Type:RATIS, Factor:ONE, State:OPEN]
2019-09-26 21:18:46,695 [grpc-default-executor-1] INFO  impl.RaftServerProxy (RaftServerProxy.java:addNew(89)) - 1178c3ae-d0b4-4d44-b144-fe8504cc41ac: addNew group-F8E1B0E88623:[1178c3ae-d0b4-4d44-b144-fe8504cc41ac:192.168.151.99:33787] returns group-F8E1B0E88623:java.util.concurrent.CompletableFuture@1e20b598[Not completed]
2019-09-26 21:18:46,697 [pool-37-thread-1] INFO  impl.RaftServerImpl (RaftServerImpl.java:<init>(95)) - 1178c3ae-d0b4-4d44-b144-fe8504cc41ac: new RaftServerImpl for group-F8E1B0E88623:[1178c3ae-d0b4-4d44-b144-fe8504cc41ac:192.168.151.99:33787] with ContainerStateMachine:uninitialized
2019-09-26 21:18:46,697 [pool-37-thread-1] INFO  server.RaftServerConfigKeys (ConfUtils.java:logGet(43)) - raft.server.rpc.timeout.min = 5s (custom)
2019-09-26 21:18:46,697 [pool-37-thread-1] INFO  server.RaftServerConfigKeys (ConfUtils.java:logGet(43)) - raft.server.rpc.timeout.max = 5200ms (custom)
2019-09-26 21:18:46,697 [pool-37-thread-1] INFO  server.RaftServerConfigKeys (ConfUtils.java:logGet(43)) - raft.server.rpcslowness.timeout = 120s (custom)
2019-09-26 21:18:46,698 [pool-37-thread-1] INFO  server.RaftServerConfigKeys (ConfUtils.java:logGet(43)) - raft.server.sleep.deviation.threshold = 300 (default)
2019-09-26 21:18:46,698 [pool-37-thread-1] INFO  server.RaftServerConfigKeys (ConfUtils.java:logGet(43)) - raft.server.log.appender.install.snapshot.enabled = false (custom)
2019-09-26 21:18:46,698 [pool-37-thread-1] INFO  impl.RaftServerImpl (ServerState.java:<init>(103)) - 1178c3ae-d0b4-4d44-b144-fe8504cc41ac@group-F8E1B0E88623: ConfigurationManager, init=-1: [1178c3ae-d0b4-4d44-b144-fe8504cc41ac:192.168.151.99:33787], old=null, confs=<EMPTY_MAP>
2019-09-26 21:18:46,698 [pool-37-thread-1] INFO  server.RaftServerConfigKeys (ConfUtils.java:logGet(43)) - raft.server.storage.dir = [/workdir/hadoop-ozone/ozonefs/target/test-dir/MiniOzoneClusterImpl-5b64906c-d720-4906-b30c-b6d56a2122fd/datanode-1/data/ratis] (custom)
2019-09-26 21:18:46,699 [pool-37-thread-1] INFO  storage.RaftStorageDirectory (RaftStorageDirectory.java:analyzeStorage(246)) - The storage directory /workdir/hadoop-ozone/ozonefs/target/test-dir/MiniOzoneClusterImpl-5b64906c-d720-4906-b30c-b6d56a2122fd/datanode-1/data/ratis/66f38fa4-6167-4b70-93bd-f8e1b0e88623 does not exist. Creating ...
2019-09-26 21:18:46,711 [pool-37-thread-1] INFO  storage.RaftStorageDirectory (RaftStorageDirectory.java:tryLock(328)) - Lock on /workdir/hadoop-ozone/ozonefs/target/test-dir/MiniOzoneClusterImpl-5b64906c-d720-4906-b30c-b6d56a2122fd/datanode-1/data/ratis/66f38fa4-6167-4b70-93bd-f8e1b0e88623/in_use.lock acquired by nodename 10701@pr-hdds-1569-g6sp5-2013761785
2019-09-26 21:18:46,725 [pool-37-thread-1] INFO  storage.RaftStorage (RaftStorage.java:format(72)) - Storage directory /workdir/hadoop-ozone/ozonefs/target/test-dir/MiniOzoneClusterImpl-5b64906c-d720-4906-b30c-b6d56a2122fd/datanode-1/data/ratis/66f38fa4-6167-4b70-93bd-f8e1b0e88623 has been successfully formatted.
2019-09-26 21:18:46,725 [pool-37-thread-1] INFO  ratis.ContainerStateMachine (ContainerStateMachine.java:loadSnapshot(230)) - group-F8E1B0E88623: The snapshot info is null. Setting the last applied indexto:(t:0, i:~)
2019-09-26 21:18:46,726 [pool-37-thread-1] INFO  server.RaftServerConfigKeys (ConfUtils.java:logGet(43)) - raft.server.notification.no-leader.timeout = 120s (custom)
2019-09-26 21:18:46,726 [pool-37-thread-1] INFO  server.RaftServerConfigKeys (ConfUtils.java:logGet(43)) - raft.server.log.use.memory = false (default)
2019-09-26 21:18:46,726 [pool-37-thread-1] INFO  server.RaftServerConfigKeys (ConfUtils.java:logGet(43)) - raft.server.log.purge.gap = 1000000 (custom)
2019-09-26 21:18:46,726 [pool-37-thread-1] INFO  server.RaftServerConfigKeys (ConfUtils.java:logGet(43)) - raft.server.log.appender.buffer.byte-limit = 33554432 (custom)
2019-09-26 21:18:46,726 [pool-37-thread-1] INFO  server.RaftServerConfigKeys (ConfUtils.java:logGet(43)) - raft.server.log.segment.size.max = 1048576 (custom)
2019-09-26 21:18:46,726 [pool-37-thread-1] INFO  server.RaftServerConfigKeys (ConfUtils.java:logGet(43)) - raft.server.log.segment.cache.num.max = 2 (custom)
2019-09-26 21:18:46,727 [pool-37-thread-1] INFO  segmented.SegmentedRaftLogWorker (SegmentedRaftLogWorker.java:<init>(172)) - new 1178c3ae-d0b4-4d44-b144-fe8504cc41ac@group-F8E1B0E88623-SegmentedRaftLogWorker for RaftStorage:Storage Directory /workdir/hadoop-ozone/ozonefs/target/test-dir/MiniOzoneClusterImpl-5b64906c-d720-4906-b30c-b6d56a2122fd/datanode-1/data/ratis/66f38fa4-6167-4b70-93bd-f8e1b0e88623
2019-09-26 21:18:46,727 [pool-37-thread-1] INFO  server.RaftServerConfigKeys (ConfUtils.java:logGet(43)) - raft.server.log.queue.byte-limit = 2147483647 (custom)
2019-09-26 21:18:46,727 [pool-37-thread-1] INFO  server.RaftServerConfigKeys (ConfUtils.java:logGet(43)) - raft.server.log.queue.element-limit = 1024 (custom)
2019-09-26 21:18:46,727 [pool-37-thread-1] INFO  server.RaftServerConfigKeys (ConfUtils.java:logGet(43)) - raft.server.log.segment.size.max = 1048576 (custom)
2019-09-26 21:18:46,727 [pool-37-thread-1] INFO  server.RaftServerConfigKeys (ConfUtils.java:logGet(43)) - raft.server.log.preallocated.size = 16384 (custom)
2019-09-26 21:18:46,727 [pool-37-thread-1] INFO  server.RaftServerConfigKeys (ConfUtils.java:logGet(43)) - raft.server.log.write.buffer.size = 33554432 (custom)
2019-09-26 21:18:46,728 [pool-37-thread-1] INFO  server.RaftServerConfigKeys (ConfUtils.java:logGet(43)) - raft.server.log.force.sync.num = 128 (default)
2019-09-26 21:18:46,728 [pool-37-thread-1] INFO  server.RaftServerConfigKeys (ConfUtils.java:logGet(43)) - raft.server.log.statemachine.data.sync = true (default)
2019-09-26 21:18:46,728 [pool-37-thread-1] INFO  server.RaftServerConfigKeys (ConfUtils.java:logGet(43)) - raft.server.log.statemachine.data.sync.timeout = 10s (default)
2019-09-26 21:18:46,728 [pool-37-thread-1] INFO  server.RaftServerConfigKeys (ConfUtils.java:logGet(43)) - raft.server.log.statemachine.data.sync.timeout.retry = -1 (default)
2019-09-26 21:18:46,728 [pool-37-thread-1] INFO  server.RaftServerConfigKeys (ConfUtils.java:logGet(43)) - raft.server.log.statemachine.data.caching.enabled = true (custom)
2019-09-26 21:18:46,729 [pool-37-thread-1] INFO  segmented.SegmentedRaftLogWorker (SegmentedRaftLogWorker.java:lambda$new$0(132)) - 1178c3ae-d0b4-4d44-b144-fe8504cc41ac@group-F8E1B0E88623-SegmentedRaftLogWorker: flushIndex: setUnconditionally 0 -> -1
2019-09-26 21:18:46,729 [pool-37-thread-1] INFO  server.RaftServerConfigKeys (ConfUtils.java:logGet(43)) - raft.server.snapshot.auto.trigger.enabled = true (custom)
2019-09-26 21:18:46,729 [pool-37-thread-1] INFO  server.RaftServerConfigKeys (ConfUtils.java:logGet(43)) - raft.server.snapshot.auto.trigger.threshold = 10000 (custom)
2019-09-26 21:18:46,729 [pool-37-thread-1] INFO  server.RaftServerConfigKeys (ConfUtils.java:logGet(43)) - raft.server.snapshot.retention.num.files = 5 (custom)
2019-09-26 21:18:46,730 [pool-37-thread-1] INFO  server.RaftServerConfigKeys (ConfUtils.java:logGet(43)) - raft.server.retrycache.expirytime = 600000ms (custom)
2019-09-26 21:18:46,732 [pool-37-thread-1] INFO  impl.RaftServerImpl (RaftServerImpl.java:start(185)) - 1178c3ae-d0b4-4d44-b144-fe8504cc41ac@group-F8E1B0E88623: start as a follower, conf=-1: [1178c3ae-d0b4-4d44-b144-fe8504cc41ac:192.168.151.99:33787], old=null
2019-09-26 21:18:46,733 [pool-37-thread-1] INFO  impl.RaftServerImpl (RaftServerImpl.java:setRole(174)) - 1178c3ae-d0b4-4d44-b144-fe8504cc41ac@group-F8E1B0E88623: changes role from      null to FOLLOWER at term 0 for startAsFollower
2019-09-26 21:18:46,733 [pool-37-thread-1] INFO  impl.RoleInfo (RoleInfo.java:updateAndGet(143)) - 1178c3ae-d0b4-4d44-b144-fe8504cc41ac: start FollowerState
2019-09-26 21:18:46,733 [pool-37-thread-1] INFO  util.JmxRegister (JmxRegister.java:tryRegister(44)) - Successfully registered JMX Bean with object name Ratis:service=RaftServer,group=group-F8E1B0E88623,id=1178c3ae-d0b4-4d44-b144-fe8504cc41ac
2019-09-26 21:18:46,736 [RatisPipelineUtilsThread] INFO  pipeline.PipelineStateManager (PipelineStateManager.java:addPipeline(56)) - Created pipeline Pipeline[ Id: 66f38fa4-6167-4b70-93bd-f8e1b0e88623, Nodes: 1178c3ae-d0b4-4d44-b144-fe8504cc41ac{ip: 192.168.151.99, host: pr-hdds-1569-g6sp5-2013761785, networkLocation: /default-rack, certSerialId: null}, Type:RATIS, Factor:ONE, State:OPEN]
2019-09-26 21:18:46,744 [grpc-default-executor-1] INFO  impl.RaftServerProxy (RaftServerProxy.java:addNew(89)) - 9ce0b59e-153f-4f41-8aed-492a76d80b48: addNew group-022A032E888F:[9ce0b59e-153f-4f41-8aed-492a76d80b48:192.168.151.99:34156] returns group-022A032E888F:java.util.concurrent.CompletableFuture@581a2fb[Not completed]
2019-09-26 21:18:46,745 [pool-27-thread-1] INFO  impl.RaftServerImpl (RaftServerImpl.java:<init>(95)) - 9ce0b59e-153f-4f41-8aed-492a76d80b48: new RaftServerImpl for group-022A032E888F:[9ce0b59e-153f-4f41-8aed-492a76d80b48:192.168.151.99:34156] with ContainerStateMachine:uninitialized
2019-09-26 21:18:46,745 [pool-27-thread-1] INFO  server.RaftServerConfigKeys (ConfUtils.java:logGet(43)) - raft.server.rpc.timeout.min = 5s (custom)
2019-09-26 21:18:46,745 [pool-27-thread-1] INFO  server.RaftServerConfigKeys (ConfUtils.java:logGet(43)) - raft.server.rpc.timeout.max = 5200ms (custom)
2019-09-26 21:18:46,745 [pool-27-thread-1] INFO  server.RaftServerConfigKeys (ConfUtils.java:logGet(43)) - raft.server.rpcslowness.timeout = 120s (custom)
2019-09-26 21:18:46,745 [pool-27-thread-1] INFO  server.RaftServerConfigKeys (ConfUtils.java:logGet(43)) - raft.server.sleep.deviation.threshold = 300 (default)
2019-09-26 21:18:46,745 [pool-27-thread-1] INFO  server.RaftServerConfigKeys (ConfUtils.java:logGet(43)) - raft.server.log.appender.install.snapshot.enabled = false (custom)
2019-09-26 21:18:46,745 [pool-27-thread-1] INFO  impl.RaftServerImpl (ServerState.java:<init>(103)) - 9ce0b59e-153f-4f41-8aed-492a76d80b48@group-022A032E888F: ConfigurationManager, init=-1: [9ce0b59e-153f-4f41-8aed-492a76d80b48:192.168.151.99:34156], old=null, confs=<EMPTY_MAP>
2019-09-26 21:18:46,746 [pool-27-thread-1] INFO  server.RaftServerConfigKeys (ConfUtils.java:logGet(43)) - raft.server.storage.dir = [/workdir/hadoop-ozone/ozonefs/target/test-dir/MiniOzoneClusterImpl-5b64906c-d720-4906-b30c-b6d56a2122fd/datanode-0/data/ratis] (custom)
2019-09-26 21:18:46,746 [pool-27-thread-1] INFO  storage.RaftStorageDirectory (RaftStorageDirectory.java:analyzeStorage(246)) - The storage directory /workdir/hadoop-ozone/ozonefs/target/test-dir/MiniOzoneClusterImpl-5b64906c-d720-4906-b30c-b6d56a2122fd/datanode-0/data/ratis/730772c7-8951-4db3-9e62-022a032e888f does not exist. Creating ...
2019-09-26 21:18:46,759 [pool-27-thread-1] INFO  storage.RaftStorageDirectory (RaftStorageDirectory.java:tryLock(328)) - Lock on /workdir/hadoop-ozone/ozonefs/target/test-dir/MiniOzoneClusterImpl-5b64906c-d720-4906-b30c-b6d56a2122fd/datanode-0/data/ratis/730772c7-8951-4db3-9e62-022a032e888f/in_use.lock acquired by nodename 10701@pr-hdds-1569-g6sp5-2013761785
2019-09-26 21:18:46,772 [pool-27-thread-1] INFO  storage.RaftStorage (RaftStorage.java:format(72)) - Storage directory /workdir/hadoop-ozone/ozonefs/target/test-dir/MiniOzoneClusterImpl-5b64906c-d720-4906-b30c-b6d56a2122fd/datanode-0/data/ratis/730772c7-8951-4db3-9e62-022a032e888f has been successfully formatted.
2019-09-26 21:18:46,772 [pool-27-thread-1] INFO  ratis.ContainerStateMachine (ContainerStateMachine.java:loadSnapshot(230)) - group-022A032E888F: The snapshot info is null. Setting the last applied indexto:(t:0, i:~)
2019-09-26 21:18:46,772 [pool-27-thread-1] INFO  server.RaftServerConfigKeys (ConfUtils.java:logGet(43)) - raft.server.notification.no-leader.timeout = 120s (custom)
2019-09-26 21:18:46,772 [pool-27-thread-1] INFO  server.RaftServerConfigKeys (ConfUtils.java:logGet(43)) - raft.server.log.use.memory = false (default)
2019-09-26 21:18:46,772 [pool-27-thread-1] INFO  server.RaftServerConfigKeys (ConfUtils.java:logGet(43)) - raft.server.log.purge.gap = 1000000 (custom)
2019-09-26 21:18:46,772 [pool-27-thread-1] INFO  server.RaftServerConfigKeys (ConfUtils.java:logGet(43)) - raft.server.log.appender.buffer.byte-limit = 33554432 (custom)
2019-09-26 21:18:46,772 [pool-27-thread-1] INFO  server.RaftServerConfigKeys (ConfUtils.java:logGet(43)) - raft.server.log.segment.size.max = 1048576 (custom)
2019-09-26 21:18:46,772 [pool-27-thread-1] INFO  server.RaftServerConfigKeys (ConfUtils.java:logGet(43)) - raft.server.log.segment.cache.num.max = 2 (custom)
2019-09-26 21:18:46,773 [pool-27-thread-1] INFO  segmented.SegmentedRaftLogWorker (SegmentedRaftLogWorker.java:<init>(172)) - new 9ce0b59e-153f-4f41-8aed-492a76d80b48@group-022A032E888F-SegmentedRaftLogWorker for RaftStorage:Storage Directory /workdir/hadoop-ozone/ozonefs/target/test-dir/MiniOzoneClusterImpl-5b64906c-d720-4906-b30c-b6d56a2122fd/datanode-0/data/ratis/730772c7-8951-4db3-9e62-022a032e888f
2019-09-26 21:18:46,773 [pool-27-thread-1] INFO  server.RaftServerConfigKeys (ConfUtils.java:logGet(43)) - raft.server.log.queue.byte-limit = 2147483647 (custom)
2019-09-26 21:18:46,773 [pool-27-thread-1] INFO  server.RaftServerConfigKeys (ConfUtils.java:logGet(43)) - raft.server.log.queue.element-limit = 1024 (custom)
2019-09-26 21:18:46,773 [pool-27-thread-1] INFO  server.RaftServerConfigKeys (ConfUtils.java:logGet(43)) - raft.server.log.segment.size.max = 1048576 (custom)
2019-09-26 21:18:46,773 [pool-27-thread-1] INFO  server.RaftServerConfigKeys (ConfUtils.java:logGet(43)) - raft.server.log.preallocated.size = 16384 (custom)
2019-09-26 21:18:46,773 [pool-27-thread-1] INFO  server.RaftServerConfigKeys (ConfUtils.java:logGet(43)) - raft.server.log.write.buffer.size = 33554432 (custom)
2019-09-26 21:18:46,773 [pool-27-thread-1] INFO  server.RaftServerConfigKeys (ConfUtils.java:logGet(43)) - raft.server.log.force.sync.num = 128 (default)
2019-09-26 21:18:46,773 [pool-27-thread-1] INFO  server.RaftServerConfigKeys (ConfUtils.java:logGet(43)) - raft.server.log.statemachine.data.sync = true (default)
2019-09-26 21:18:46,773 [pool-27-thread-1] INFO  server.RaftServerConfigKeys (ConfUtils.java:logGet(43)) - raft.server.log.statemachine.data.sync.timeout = 10s (default)
2019-09-26 21:18:46,773 [pool-27-thread-1] INFO  server.RaftServerConfigKeys (ConfUtils.java:logGet(43)) - raft.server.log.statemachine.data.sync.timeout.retry = -1 (default)
2019-09-26 21:18:46,774 [pool-27-thread-1] INFO  server.RaftServerConfigKeys (ConfUtils.java:logGet(43)) - raft.server.log.statemachine.data.caching.enabled = true (custom)
2019-09-26 21:18:46,774 [pool-27-thread-1] INFO  segmented.SegmentedRaftLogWorker (SegmentedRaftLogWorker.java:lambda$new$0(132)) - 9ce0b59e-153f-4f41-8aed-492a76d80b48@group-022A032E888F-SegmentedRaftLogWorker: flushIndex: setUnconditionally 0 -> -1
2019-09-26 21:18:46,774 [pool-27-thread-1] INFO  server.RaftServerConfigKeys (ConfUtils.java:logGet(43)) - raft.server.snapshot.auto.trigger.enabled = true (custom)
2019-09-26 21:18:46,774 [pool-27-thread-1] INFO  server.RaftServerConfigKeys (ConfUtils.java:logGet(43)) - raft.server.snapshot.auto.trigger.threshold = 10000 (custom)
2019-09-26 21:18:46,774 [pool-27-thread-1] INFO  server.RaftServerConfigKeys (ConfUtils.java:logGet(43)) - raft.server.snapshot.retention.num.files = 5 (custom)
2019-09-26 21:18:46,774 [pool-27-thread-1] INFO  server.RaftServerConfigKeys (ConfUtils.java:logGet(43)) - raft.server.retrycache.expirytime = 600000ms (custom)
2019-09-26 21:18:46,776 [pool-27-thread-1] INFO  impl.RaftServerImpl (RaftServerImpl.java:start(185)) - 9ce0b59e-153f-4f41-8aed-492a76d80b48@group-022A032E888F: start as a follower, conf=-1: [9ce0b59e-153f-4f41-8aed-492a76d80b48:192.168.151.99:34156], old=null
2019-09-26 21:18:46,776 [pool-27-thread-1] INFO  impl.RaftServerImpl (RaftServerImpl.java:setRole(174)) - 9ce0b59e-153f-4f41-8aed-492a76d80b48@group-022A032E888F: changes role from      null to FOLLOWER at term 0 for startAsFollower
2019-09-26 21:18:46,777 [pool-27-thread-1] INFO  impl.RoleInfo (RoleInfo.java:updateAndGet(143)) - 9ce0b59e-153f-4f41-8aed-492a76d80b48: start FollowerState
2019-09-26 21:18:46,777 [pool-27-thread-1] INFO  util.JmxRegister (JmxRegister.java:tryRegister(44)) - Successfully registered JMX Bean with object name Ratis:service=RaftServer,group=group-022A032E888F,id=9ce0b59e-153f-4f41-8aed-492a76d80b48
2019-09-26 21:18:46,780 [RatisPipelineUtilsThread] INFO  pipeline.PipelineStateManager (PipelineStateManager.java:addPipeline(56)) - Created pipeline Pipeline[ Id: 730772c7-8951-4db3-9e62-022a032e888f, Nodes: 9ce0b59e-153f-4f41-8aed-492a76d80b48{ip: 192.168.151.99, host: pr-hdds-1569-g6sp5-2013761785, networkLocation: /default-rack, certSerialId: null}, Type:RATIS, Factor:ONE, State:OPEN]
2019-09-26 21:18:46,785 [grpc-default-executor-1] INFO  impl.RaftServerProxy (RaftServerProxy.java:addNew(89)) - 9ce0b59e-153f-4f41-8aed-492a76d80b48: addNew group-EFC0D5B99037:[9ce0b59e-153f-4f41-8aed-492a76d80b48:192.168.151.99:34156] returns group-EFC0D5B99037:java.util.concurrent.CompletableFuture@3b460fe[Not completed]
2019-09-26 21:18:46,786 [pool-27-thread-1] INFO  impl.RaftServerImpl (RaftServerImpl.java:<init>(95)) - 9ce0b59e-153f-4f41-8aed-492a76d80b48: new RaftServerImpl for group-EFC0D5B99037:[9ce0b59e-153f-4f41-8aed-492a76d80b48:192.168.151.99:34156] with ContainerStateMachine:uninitialized
2019-09-26 21:18:46,786 [pool-27-thread-1] INFO  server.RaftServerConfigKeys (ConfUtils.java:logGet(43)) - raft.server.rpc.timeout.min = 5s (custom)
2019-09-26 21:18:46,787 [pool-27-thread-1] INFO  server.RaftServerConfigKeys (ConfUtils.java:logGet(43)) - raft.server.rpc.timeout.max = 5200ms (custom)
2019-09-26 21:18:46,787 [pool-27-thread-1] INFO  server.RaftServerConfigKeys (ConfUtils.java:logGet(43)) - raft.server.rpcslowness.timeout = 120s (custom)
2019-09-26 21:18:46,787 [pool-27-thread-1] INFO  server.RaftServerConfigKeys (ConfUtils.java:logGet(43)) - raft.server.sleep.deviation.threshold = 300 (default)
2019-09-26 21:18:46,787 [pool-27-thread-1] INFO  server.RaftServerConfigKeys (ConfUtils.java:logGet(43)) - raft.server.log.appender.install.snapshot.enabled = false (custom)
2019-09-26 21:18:46,787 [pool-27-thread-1] INFO  impl.RaftServerImpl (ServerState.java:<init>(103)) - 9ce0b59e-153f-4f41-8aed-492a76d80b48@group-EFC0D5B99037: ConfigurationManager, init=-1: [9ce0b59e-153f-4f41-8aed-492a76d80b48:192.168.151.99:34156], old=null, confs=<EMPTY_MAP>
2019-09-26 21:18:46,787 [pool-27-thread-1] INFO  server.RaftServerConfigKeys (ConfUtils.java:logGet(43)) - raft.server.storage.dir = [/workdir/hadoop-ozone/ozonefs/target/test-dir/MiniOzoneClusterImpl-5b64906c-d720-4906-b30c-b6d56a2122fd/datanode-0/data/ratis] (custom)
2019-09-26 21:18:46,787 [pool-27-thread-1] INFO  storage.RaftStorageDirectory (RaftStorageDirectory.java:analyzeStorage(246)) - The storage directory /workdir/hadoop-ozone/ozonefs/target/test-dir/MiniOzoneClusterImpl-5b64906c-d720-4906-b30c-b6d56a2122fd/datanode-0/data/ratis/959fe5ba-7e5a-4adb-b172-efc0d5b99037 does not exist. Creating ...
2019-09-26 21:18:46,799 [pool-27-thread-1] INFO  storage.RaftStorageDirectory (RaftStorageDirectory.java:tryLock(328)) - Lock on /workdir/hadoop-ozone/ozonefs/target/test-dir/MiniOzoneClusterImpl-5b64906c-d720-4906-b30c-b6d56a2122fd/datanode-0/data/ratis/959fe5ba-7e5a-4adb-b172-efc0d5b99037/in_use.lock acquired by nodename 10701@pr-hdds-1569-g6sp5-2013761785
2019-09-26 21:18:46,812 [pool-27-thread-1] INFO  storage.RaftStorage (RaftStorage.java:format(72)) - Storage directory /workdir/hadoop-ozone/ozonefs/target/test-dir/MiniOzoneClusterImpl-5b64906c-d720-4906-b30c-b6d56a2122fd/datanode-0/data/ratis/959fe5ba-7e5a-4adb-b172-efc0d5b99037 has been successfully formatted.
2019-09-26 21:18:46,813 [pool-27-thread-1] INFO  ratis.ContainerStateMachine (ContainerStateMachine.java:loadSnapshot(230)) - group-EFC0D5B99037: The snapshot info is null. Setting the last applied indexto:(t:0, i:~)
2019-09-26 21:18:46,813 [pool-27-thread-1] INFO  server.RaftServerConfigKeys (ConfUtils.java:logGet(43)) - raft.server.notification.no-leader.timeout = 120s (custom)
2019-09-26 21:18:46,813 [pool-27-thread-1] INFO  server.RaftServerConfigKeys (ConfUtils.java:logGet(43)) - raft.server.log.use.memory = false (default)
2019-09-26 21:18:46,813 [pool-27-thread-1] INFO  server.RaftServerConfigKeys (ConfUtils.java:logGet(43)) - raft.server.log.purge.gap = 1000000 (custom)
2019-09-26 21:18:46,813 [pool-27-thread-1] INFO  server.RaftServerConfigKeys (ConfUtils.java:logGet(43)) - raft.server.log.appender.buffer.byte-limit = 33554432 (custom)
2019-09-26 21:18:46,813 [pool-27-thread-1] INFO  server.RaftServerConfigKeys (ConfUtils.java:logGet(43)) - raft.server.log.segment.size.max = 1048576 (custom)
2019-09-26 21:18:46,813 [pool-27-thread-1] INFO  server.RaftServerConfigKeys (ConfUtils.java:logGet(43)) - raft.server.log.segment.cache.num.max = 2 (custom)
2019-09-26 21:18:46,813 [pool-27-thread-1] INFO  segmented.SegmentedRaftLogWorker (SegmentedRaftLogWorker.java:<init>(172)) - new 9ce0b59e-153f-4f41-8aed-492a76d80b48@group-EFC0D5B99037-SegmentedRaftLogWorker for RaftStorage:Storage Directory /workdir/hadoop-ozone/ozonefs/target/test-dir/MiniOzoneClusterImpl-5b64906c-d720-4906-b30c-b6d56a2122fd/datanode-0/data/ratis/959fe5ba-7e5a-4adb-b172-efc0d5b99037
2019-09-26 21:18:46,813 [pool-27-thread-1] INFO  server.RaftServerConfigKeys (ConfUtils.java:logGet(43)) - raft.server.log.queue.byte-limit = 2147483647 (custom)
2019-09-26 21:18:46,814 [pool-27-thread-1] INFO  server.RaftServerConfigKeys (ConfUtils.java:logGet(43)) - raft.server.log.queue.element-limit = 1024 (custom)
2019-09-26 21:18:46,814 [pool-27-thread-1] INFO  server.RaftServerConfigKeys (ConfUtils.java:logGet(43)) - raft.server.log.segment.size.max = 1048576 (custom)
2019-09-26 21:18:46,814 [pool-27-thread-1] INFO  server.RaftServerConfigKeys (ConfUtils.java:logGet(43)) - raft.server.log.preallocated.size = 16384 (custom)
2019-09-26 21:18:46,814 [pool-27-thread-1] INFO  server.RaftServerConfigKeys (ConfUtils.java:logGet(43)) - raft.server.log.write.buffer.size = 33554432 (custom)
2019-09-26 21:18:46,814 [pool-27-thread-1] INFO  server.RaftServerConfigKeys (ConfUtils.java:logGet(43)) - raft.server.log.force.sync.num = 128 (default)
2019-09-26 21:18:46,814 [pool-27-thread-1] INFO  server.RaftServerConfigKeys (ConfUtils.java:logGet(43)) - raft.server.log.statemachine.data.sync = true (default)
2019-09-26 21:18:46,814 [pool-27-thread-1] INFO  server.RaftServerConfigKeys (ConfUtils.java:logGet(43)) - raft.server.log.statemachine.data.sync.timeout = 10s (default)
2019-09-26 21:18:46,814 [pool-27-thread-1] INFO  server.RaftServerConfigKeys (ConfUtils.java:logGet(43)) - raft.server.log.statemachine.data.sync.timeout.retry = -1 (default)
2019-09-26 21:18:46,814 [pool-27-thread-1] INFO  server.RaftServerConfigKeys (ConfUtils.java:logGet(43)) - raft.server.log.statemachine.data.caching.enabled = true (custom)
2019-09-26 21:18:46,815 [pool-27-thread-1] INFO  segmented.SegmentedRaftLogWorker (SegmentedRaftLogWorker.java:lambda$new$0(132)) - 9ce0b59e-153f-4f41-8aed-492a76d80b48@group-EFC0D5B99037-SegmentedRaftLogWorker: flushIndex: setUnconditionally 0 -> -1
2019-09-26 21:18:46,815 [pool-27-thread-1] INFO  server.RaftServerConfigKeys (ConfUtils.java:logGet(43)) - raft.server.snapshot.auto.trigger.enabled = true (custom)
2019-09-26 21:18:46,815 [pool-27-thread-1] INFO  server.RaftServerConfigKeys (ConfUtils.java:logGet(43)) - raft.server.snapshot.auto.trigger.threshold = 10000 (custom)
2019-09-26 21:18:46,815 [pool-27-thread-1] INFO  server.RaftServerConfigKeys (ConfUtils.java:logGet(43)) - raft.server.snapshot.retention.num.files = 5 (custom)
2019-09-26 21:18:46,815 [pool-27-thread-1] INFO  server.RaftServerConfigKeys (ConfUtils.java:logGet(43)) - raft.server.retrycache.expirytime = 600000ms (custom)
2019-09-26 21:18:46,818 [pool-27-thread-1] INFO  impl.RaftServerImpl (RaftServerImpl.java:start(185)) - 9ce0b59e-153f-4f41-8aed-492a76d80b48@group-EFC0D5B99037: start as a follower, conf=-1: [9ce0b59e-153f-4f41-8aed-492a76d80b48:192.168.151.99:34156], old=null
2019-09-26 21:18:46,818 [pool-27-thread-1] INFO  impl.RaftServerImpl (RaftServerImpl.java:setRole(174)) - 9ce0b59e-153f-4f41-8aed-492a76d80b48@group-EFC0D5B99037: changes role from      null to FOLLOWER at term 0 for startAsFollower
2019-09-26 21:18:46,818 [pool-27-thread-1] INFO  impl.RoleInfo (RoleInfo.java:updateAndGet(143)) - 9ce0b59e-153f-4f41-8aed-492a76d80b48: start FollowerState
2019-09-26 21:18:46,818 [pool-27-thread-1] INFO  util.JmxRegister (JmxRegister.java:tryRegister(44)) - Successfully registered JMX Bean with object name Ratis:service=RaftServer,group=group-EFC0D5B99037,id=9ce0b59e-153f-4f41-8aed-492a76d80b48
2019-09-26 21:18:46,821 [RatisPipelineUtilsThread] INFO  pipeline.PipelineStateManager (PipelineStateManager.java:addPipeline(56)) - Created pipeline Pipeline[ Id: 959fe5ba-7e5a-4adb-b172-efc0d5b99037, Nodes: 9ce0b59e-153f-4f41-8aed-492a76d80b48{ip: 192.168.151.99, host: pr-hdds-1569-g6sp5-2013761785, networkLocation: /default-rack, certSerialId: null}, Type:RATIS, Factor:ONE, State:OPEN]
2019-09-26 21:18:46,827 [grpc-default-executor-1] INFO  impl.RaftServerProxy (RaftServerProxy.java:addNew(89)) - da833d8d-e72a-4068-9560-4daa2d83adc2: addNew group-D33BFD4E17F0:[da833d8d-e72a-4068-9560-4daa2d83adc2:192.168.151.99:38903] returns group-D33BFD4E17F0:java.util.concurrent.CompletableFuture@3a9d6d34[Not completed]
2019-09-26 21:18:46,828 [pool-67-thread-1] INFO  impl.RaftServerImpl (RaftServerImpl.java:<init>(95)) - da833d8d-e72a-4068-9560-4daa2d83adc2: new RaftServerImpl for group-D33BFD4E17F0:[da833d8d-e72a-4068-9560-4daa2d83adc2:192.168.151.99:38903] with ContainerStateMachine:uninitialized
2019-09-26 21:18:46,828 [pool-67-thread-1] INFO  server.RaftServerConfigKeys (ConfUtils.java:logGet(43)) - raft.server.rpc.timeout.min = 5s (custom)
2019-09-26 21:18:46,828 [pool-67-thread-1] INFO  server.RaftServerConfigKeys (ConfUtils.java:logGet(43)) - raft.server.rpc.timeout.max = 5200ms (custom)
2019-09-26 21:18:46,828 [pool-67-thread-1] INFO  server.RaftServerConfigKeys (ConfUtils.java:logGet(43)) - raft.server.rpcslowness.timeout = 120s (custom)
2019-09-26 21:18:46,828 [pool-67-thread-1] INFO  server.RaftServerConfigKeys (ConfUtils.java:logGet(43)) - raft.server.sleep.deviation.threshold = 300 (default)
2019-09-26 21:18:46,828 [pool-67-thread-1] INFO  server.RaftServerConfigKeys (ConfUtils.java:logGet(43)) - raft.server.log.appender.install.snapshot.enabled = false (custom)
2019-09-26 21:18:46,828 [pool-67-thread-1] INFO  impl.RaftServerImpl (ServerState.java:<init>(103)) - da833d8d-e72a-4068-9560-4daa2d83adc2@group-D33BFD4E17F0: ConfigurationManager, init=-1: [da833d8d-e72a-4068-9560-4daa2d83adc2:192.168.151.99:38903], old=null, confs=<EMPTY_MAP>
2019-09-26 21:18:46,829 [pool-67-thread-1] INFO  server.RaftServerConfigKeys (ConfUtils.java:logGet(43)) - raft.server.storage.dir = [/workdir/hadoop-ozone/ozonefs/target/test-dir/MiniOzoneClusterImpl-5b64906c-d720-4906-b30c-b6d56a2122fd/datanode-4/data/ratis] (custom)
2019-09-26 21:18:46,829 [pool-67-thread-1] INFO  storage.RaftStorageDirectory (RaftStorageDirectory.java:analyzeStorage(246)) - The storage directory /workdir/hadoop-ozone/ozonefs/target/test-dir/MiniOzoneClusterImpl-5b64906c-d720-4906-b30c-b6d56a2122fd/datanode-4/data/ratis/7c41dd48-a7cf-4c03-bfeb-d33bfd4e17f0 does not exist. Creating ...
2019-09-26 21:18:46,841 [pool-67-thread-1] INFO  storage.RaftStorageDirectory (RaftStorageDirectory.java:tryLock(328)) - Lock on /workdir/hadoop-ozone/ozonefs/target/test-dir/MiniOzoneClusterImpl-5b64906c-d720-4906-b30c-b6d56a2122fd/datanode-4/data/ratis/7c41dd48-a7cf-4c03-bfeb-d33bfd4e17f0/in_use.lock acquired by nodename 10701@pr-hdds-1569-g6sp5-2013761785
2019-09-26 21:18:46,863 [pool-67-thread-1] INFO  storage.RaftStorage (RaftStorage.java:format(72)) - Storage directory /workdir/hadoop-ozone/ozonefs/target/test-dir/MiniOzoneClusterImpl-5b64906c-d720-4906-b30c-b6d56a2122fd/datanode-4/data/ratis/7c41dd48-a7cf-4c03-bfeb-d33bfd4e17f0 has been successfully formatted.
2019-09-26 21:18:46,864 [pool-67-thread-1] INFO  ratis.ContainerStateMachine (ContainerStateMachine.java:loadSnapshot(230)) - group-D33BFD4E17F0: The snapshot info is null. Setting the last applied indexto:(t:0, i:~)
2019-09-26 21:18:46,864 [pool-67-thread-1] INFO  server.RaftServerConfigKeys (ConfUtils.java:logGet(43)) - raft.server.notification.no-leader.timeout = 120s (custom)
2019-09-26 21:18:46,864 [pool-67-thread-1] INFO  server.RaftServerConfigKeys (ConfUtils.java:logGet(43)) - raft.server.log.use.memory = false (default)
2019-09-26 21:18:46,864 [pool-67-thread-1] INFO  server.RaftServerConfigKeys (ConfUtils.java:logGet(43)) - raft.server.log.purge.gap = 1000000 (custom)
2019-09-26 21:18:46,864 [pool-67-thread-1] INFO  server.RaftServerConfigKeys (ConfUtils.java:logGet(43)) - raft.server.log.appender.buffer.byte-limit = 33554432 (custom)
2019-09-26 21:18:46,865 [pool-67-thread-1] INFO  server.RaftServerConfigKeys (ConfUtils.java:logGet(43)) - raft.server.log.segment.size.max = 1048576 (custom)
2019-09-26 21:18:46,865 [pool-67-thread-1] INFO  server.RaftServerConfigKeys (ConfUtils.java:logGet(43)) - raft.server.log.segment.cache.num.max = 2 (custom)
2019-09-26 21:18:46,865 [pool-67-thread-1] INFO  segmented.SegmentedRaftLogWorker (SegmentedRaftLogWorker.java:<init>(172)) - new da833d8d-e72a-4068-9560-4daa2d83adc2@group-D33BFD4E17F0-SegmentedRaftLogWorker for RaftStorage:Storage Directory /workdir/hadoop-ozone/ozonefs/target/test-dir/MiniOzoneClusterImpl-5b64906c-d720-4906-b30c-b6d56a2122fd/datanode-4/data/ratis/7c41dd48-a7cf-4c03-bfeb-d33bfd4e17f0
2019-09-26 21:18:46,865 [pool-67-thread-1] INFO  server.RaftServerConfigKeys (ConfUtils.java:logGet(43)) - raft.server.log.queue.byte-limit = 2147483647 (custom)
2019-09-26 21:18:46,865 [pool-67-thread-1] INFO  server.RaftServerConfigKeys (ConfUtils.java:logGet(43)) - raft.server.log.queue.element-limit = 1024 (custom)
2019-09-26 21:18:46,866 [pool-67-thread-1] INFO  server.RaftServerConfigKeys (ConfUtils.java:logGet(43)) - raft.server.log.segment.size.max = 1048576 (custom)
2019-09-26 21:18:46,866 [pool-67-thread-1] INFO  server.RaftServerConfigKeys (ConfUtils.java:logGet(43)) - raft.server.log.preallocated.size = 16384 (custom)
2019-09-26 21:18:46,866 [pool-67-thread-1] INFO  server.RaftServerConfigKeys (ConfUtils.java:logGet(43)) - raft.server.log.write.buffer.size = 33554432 (custom)
2019-09-26 21:18:46,866 [pool-67-thread-1] INFO  server.RaftServerConfigKeys (ConfUtils.java:logGet(43)) - raft.server.log.force.sync.num = 128 (default)
2019-09-26 21:18:46,866 [pool-67-thread-1] INFO  server.RaftServerConfigKeys (ConfUtils.java:logGet(43)) - raft.server.log.statemachine.data.sync = true (default)
2019-09-26 21:18:46,866 [pool-67-thread-1] INFO  server.RaftServerConfigKeys (ConfUtils.java:logGet(43)) - raft.server.log.statemachine.data.sync.timeout = 10s (default)
2019-09-26 21:18:46,867 [pool-67-thread-1] INFO  server.RaftServerConfigKeys (ConfUtils.java:logGet(43)) - raft.server.log.statemachine.data.sync.timeout.retry = -1 (default)
2019-09-26 21:18:46,867 [pool-67-thread-1] INFO  server.RaftServerConfigKeys (ConfUtils.java:logGet(43)) - raft.server.log.statemachine.data.caching.enabled = true (custom)
2019-09-26 21:18:46,867 [pool-67-thread-1] INFO  segmented.SegmentedRaftLogWorker (SegmentedRaftLogWorker.java:lambda$new$0(132)) - da833d8d-e72a-4068-9560-4daa2d83adc2@group-D33BFD4E17F0-SegmentedRaftLogWorker: flushIndex: setUnconditionally 0 -> -1
2019-09-26 21:18:46,868 [pool-67-thread-1] INFO  server.RaftServerConfigKeys (ConfUtils.java:logGet(43)) - raft.server.snapshot.auto.trigger.enabled = true (custom)
2019-09-26 21:18:46,868 [pool-67-thread-1] INFO  server.RaftServerConfigKeys (ConfUtils.java:logGet(43)) - raft.server.snapshot.auto.trigger.threshold = 10000 (custom)
2019-09-26 21:18:46,868 [pool-67-thread-1] INFO  server.RaftServerConfigKeys (ConfUtils.java:logGet(43)) - raft.server.snapshot.retention.num.files = 5 (custom)
2019-09-26 21:18:46,868 [pool-67-thread-1] INFO  server.RaftServerConfigKeys (ConfUtils.java:logGet(43)) - raft.server.retrycache.expirytime = 600000ms (custom)
2019-09-26 21:18:46,871 [pool-67-thread-1] INFO  impl.RaftServerImpl (RaftServerImpl.java:start(185)) - da833d8d-e72a-4068-9560-4daa2d83adc2@group-D33BFD4E17F0: start as a follower, conf=-1: [da833d8d-e72a-4068-9560-4daa2d83adc2:192.168.151.99:38903], old=null
2019-09-26 21:18:46,872 [pool-67-thread-1] INFO  impl.RaftServerImpl (RaftServerImpl.java:setRole(174)) - da833d8d-e72a-4068-9560-4daa2d83adc2@group-D33BFD4E17F0: changes role from      null to FOLLOWER at term 0 for startAsFollower
2019-09-26 21:18:46,872 [pool-67-thread-1] INFO  impl.RoleInfo (RoleInfo.java:updateAndGet(143)) - da833d8d-e72a-4068-9560-4daa2d83adc2: start FollowerState
2019-09-26 21:18:46,872 [pool-67-thread-1] INFO  util.JmxRegister (JmxRegister.java:tryRegister(44)) - Successfully registered JMX Bean with object name Ratis:service=RaftServer,group=group-D33BFD4E17F0,id=da833d8d-e72a-4068-9560-4daa2d83adc2
2019-09-26 21:18:46,876 [RatisPipelineUtilsThread] INFO  pipeline.PipelineStateManager (PipelineStateManager.java:addPipeline(56)) - Created pipeline Pipeline[ Id: 7c41dd48-a7cf-4c03-bfeb-d33bfd4e17f0, Nodes: da833d8d-e72a-4068-9560-4daa2d83adc2{ip: 192.168.151.99, host: pr-hdds-1569-g6sp5-2013761785, networkLocation: /default-rack, certSerialId: null}, Type:RATIS, Factor:ONE, State:OPEN]
2019-09-26 21:18:46,885 [grpc-default-executor-1] INFO  impl.RaftServerProxy (RaftServerProxy.java:addNew(89)) - 9ce0b59e-153f-4f41-8aed-492a76d80b48: addNew group-17B497282C45:[9ce0b59e-153f-4f41-8aed-492a76d80b48:192.168.151.99:34156] returns group-17B497282C45:java.util.concurrent.CompletableFuture@1ef91fe1[Not completed]
2019-09-26 21:18:46,887 [pool-27-thread-1] INFO  impl.RaftServerImpl (RaftServerImpl.java:<init>(95)) - 9ce0b59e-153f-4f41-8aed-492a76d80b48: new RaftServerImpl for group-17B497282C45:[9ce0b59e-153f-4f41-8aed-492a76d80b48:192.168.151.99:34156] with ContainerStateMachine:uninitialized
2019-09-26 21:18:46,887 [pool-27-thread-1] INFO  server.RaftServerConfigKeys (ConfUtils.java:logGet(43)) - raft.server.rpc.timeout.min = 5s (custom)
2019-09-26 21:18:46,887 [pool-27-thread-1] INFO  server.RaftServerConfigKeys (ConfUtils.java:logGet(43)) - raft.server.rpc.timeout.max = 5200ms (custom)
2019-09-26 21:18:46,887 [pool-27-thread-1] INFO  server.RaftServerConfigKeys (ConfUtils.java:logGet(43)) - raft.server.rpcslowness.timeout = 120s (custom)
2019-09-26 21:18:46,887 [pool-27-thread-1] INFO  server.RaftServerConfigKeys (ConfUtils.java:logGet(43)) - raft.server.sleep.deviation.threshold = 300 (default)
2019-09-26 21:18:46,887 [pool-27-thread-1] INFO  server.RaftServerConfigKeys (ConfUtils.java:logGet(43)) - raft.server.log.appender.install.snapshot.enabled = false (custom)
2019-09-26 21:18:46,888 [pool-27-thread-1] INFO  impl.RaftServerImpl (ServerState.java:<init>(103)) - 9ce0b59e-153f-4f41-8aed-492a76d80b48@group-17B497282C45: ConfigurationManager, init=-1: [9ce0b59e-153f-4f41-8aed-492a76d80b48:192.168.151.99:34156], old=null, confs=<EMPTY_MAP>
2019-09-26 21:18:46,888 [pool-27-thread-1] INFO  server.RaftServerConfigKeys (ConfUtils.java:logGet(43)) - raft.server.storage.dir = [/workdir/hadoop-ozone/ozonefs/target/test-dir/MiniOzoneClusterImpl-5b64906c-d720-4906-b30c-b6d56a2122fd/datanode-0/data/ratis] (custom)
2019-09-26 21:18:46,888 [pool-27-thread-1] INFO  storage.RaftStorageDirectory (RaftStorageDirectory.java:analyzeStorage(246)) - The storage directory /workdir/hadoop-ozone/ozonefs/target/test-dir/MiniOzoneClusterImpl-5b64906c-d720-4906-b30c-b6d56a2122fd/datanode-0/data/ratis/29a22238-fe70-4546-a375-17b497282c45 does not exist. Creating ...
2019-09-26 21:18:46,902 [pool-27-thread-1] INFO  storage.RaftStorageDirectory (RaftStorageDirectory.java:tryLock(328)) - Lock on /workdir/hadoop-ozone/ozonefs/target/test-dir/MiniOzoneClusterImpl-5b64906c-d720-4906-b30c-b6d56a2122fd/datanode-0/data/ratis/29a22238-fe70-4546-a375-17b497282c45/in_use.lock acquired by nodename 10701@pr-hdds-1569-g6sp5-2013761785
2019-09-26 21:18:46,915 [pool-27-thread-1] INFO  storage.RaftStorage (RaftStorage.java:format(72)) - Storage directory /workdir/hadoop-ozone/ozonefs/target/test-dir/MiniOzoneClusterImpl-5b64906c-d720-4906-b30c-b6d56a2122fd/datanode-0/data/ratis/29a22238-fe70-4546-a375-17b497282c45 has been successfully formatted.
2019-09-26 21:18:46,915 [pool-27-thread-1] INFO  ratis.ContainerStateMachine (ContainerStateMachine.java:loadSnapshot(230)) - group-17B497282C45: The snapshot info is null. Setting the last applied indexto:(t:0, i:~)
2019-09-26 21:18:46,915 [pool-27-thread-1] INFO  server.RaftServerConfigKeys (ConfUtils.java:logGet(43)) - raft.server.notification.no-leader.timeout = 120s (custom)
2019-09-26 21:18:46,916 [pool-27-thread-1] INFO  server.RaftServerConfigKeys (ConfUtils.java:logGet(43)) - raft.server.log.use.memory = false (default)
2019-09-26 21:18:46,916 [pool-27-thread-1] INFO  server.RaftServerConfigKeys (ConfUtils.java:logGet(43)) - raft.server.log.purge.gap = 1000000 (custom)
2019-09-26 21:18:46,916 [pool-27-thread-1] INFO  server.RaftServerConfigKeys (ConfUtils.java:logGet(43)) - raft.server.log.appender.buffer.byte-limit = 33554432 (custom)
2019-09-26 21:18:46,916 [pool-27-thread-1] INFO  server.RaftServerConfigKeys (ConfUtils.java:logGet(43)) - raft.server.log.segment.size.max = 1048576 (custom)
2019-09-26 21:18:46,916 [pool-27-thread-1] INFO  server.RaftServerConfigKeys (ConfUtils.java:logGet(43)) - raft.server.log.segment.cache.num.max = 2 (custom)
2019-09-26 21:18:46,916 [pool-27-thread-1] INFO  segmented.SegmentedRaftLogWorker (SegmentedRaftLogWorker.java:<init>(172)) - new 9ce0b59e-153f-4f41-8aed-492a76d80b48@group-17B497282C45-SegmentedRaftLogWorker for RaftStorage:Storage Directory /workdir/hadoop-ozone/ozonefs/target/test-dir/MiniOzoneClusterImpl-5b64906c-d720-4906-b30c-b6d56a2122fd/datanode-0/data/ratis/29a22238-fe70-4546-a375-17b497282c45
2019-09-26 21:18:46,916 [pool-27-thread-1] INFO  server.RaftServerConfigKeys (ConfUtils.java:logGet(43)) - raft.server.log.queue.byte-limit = 2147483647 (custom)
2019-09-26 21:18:46,916 [pool-27-thread-1] INFO  server.RaftServerConfigKeys (ConfUtils.java:logGet(43)) - raft.server.log.queue.element-limit = 1024 (custom)
2019-09-26 21:18:46,916 [pool-27-thread-1] INFO  server.RaftServerConfigKeys (ConfUtils.java:logGet(43)) - raft.server.log.segment.size.max = 1048576 (custom)
2019-09-26 21:18:46,917 [pool-27-thread-1] INFO  server.RaftServerConfigKeys (ConfUtils.java:logGet(43)) - raft.server.log.preallocated.size = 16384 (custom)
2019-09-26 21:18:46,917 [pool-27-thread-1] INFO  server.RaftServerConfigKeys (ConfUtils.java:logGet(43)) - raft.server.log.write.buffer.size = 33554432 (custom)
2019-09-26 21:18:46,917 [pool-27-thread-1] INFO  server.RaftServerConfigKeys (ConfUtils.java:logGet(43)) - raft.server.log.force.sync.num = 128 (default)
2019-09-26 21:18:46,917 [pool-27-thread-1] INFO  server.RaftServerConfigKeys (ConfUtils.java:logGet(43)) - raft.server.log.statemachine.data.sync = true (default)
2019-09-26 21:18:46,917 [pool-27-thread-1] INFO  server.RaftServerConfigKeys (ConfUtils.java:logGet(43)) - raft.server.log.statemachine.data.sync.timeout = 10s (default)
2019-09-26 21:18:46,917 [pool-27-thread-1] INFO  server.RaftServerConfigKeys (ConfUtils.java:logGet(43)) - raft.server.log.statemachine.data.sync.timeout.retry = -1 (default)
2019-09-26 21:18:46,917 [pool-27-thread-1] INFO  server.RaftServerConfigKeys (ConfUtils.java:logGet(43)) - raft.server.log.statemachine.data.caching.enabled = true (custom)
2019-09-26 21:18:46,917 [pool-27-thread-1] INFO  segmented.SegmentedRaftLogWorker (SegmentedRaftLogWorker.java:lambda$new$0(132)) - 9ce0b59e-153f-4f41-8aed-492a76d80b48@group-17B497282C45-SegmentedRaftLogWorker: flushIndex: setUnconditionally 0 -> -1
2019-09-26 21:18:46,918 [pool-27-thread-1] INFO  server.RaftServerConfigKeys (ConfUtils.java:logGet(43)) - raft.server.snapshot.auto.trigger.enabled = true (custom)
2019-09-26 21:18:46,918 [pool-27-thread-1] INFO  server.RaftServerConfigKeys (ConfUtils.java:logGet(43)) - raft.server.snapshot.auto.trigger.threshold = 10000 (custom)
2019-09-26 21:18:46,918 [pool-27-thread-1] INFO  server.RaftServerConfigKeys (ConfUtils.java:logGet(43)) - raft.server.snapshot.retention.num.files = 5 (custom)
2019-09-26 21:18:46,918 [pool-27-thread-1] INFO  server.RaftServerConfigKeys (ConfUtils.java:logGet(43)) - raft.server.retrycache.expirytime = 600000ms (custom)
2019-09-26 21:18:46,920 [pool-27-thread-1] INFO  impl.RaftServerImpl (RaftServerImpl.java:start(185)) - 9ce0b59e-153f-4f41-8aed-492a76d80b48@group-17B497282C45: start as a follower, conf=-1: [9ce0b59e-153f-4f41-8aed-492a76d80b48:192.168.151.99:34156], old=null
2019-09-26 21:18:46,920 [pool-27-thread-1] INFO  impl.RaftServerImpl (RaftServerImpl.java:setRole(174)) - 9ce0b59e-153f-4f41-8aed-492a76d80b48@group-17B497282C45: changes role from      null to FOLLOWER at term 0 for startAsFollower
2019-09-26 21:18:46,920 [pool-27-thread-1] INFO  impl.RoleInfo (RoleInfo.java:updateAndGet(143)) - 9ce0b59e-153f-4f41-8aed-492a76d80b48: start FollowerState
2019-09-26 21:18:46,921 [pool-27-thread-1] INFO  util.JmxRegister (JmxRegister.java:tryRegister(44)) - Successfully registered JMX Bean with object name Ratis:service=RaftServer,group=group-17B497282C45,id=9ce0b59e-153f-4f41-8aed-492a76d80b48
2019-09-26 21:18:46,924 [RatisPipelineUtilsThread] INFO  pipeline.PipelineStateManager (PipelineStateManager.java:addPipeline(56)) - Created pipeline Pipeline[ Id: 29a22238-fe70-4546-a375-17b497282c45, Nodes: 9ce0b59e-153f-4f41-8aed-492a76d80b48{ip: 192.168.151.99, host: pr-hdds-1569-g6sp5-2013761785, networkLocation: /default-rack, certSerialId: null}, Type:RATIS, Factor:ONE, State:OPEN]
2019-09-26 21:18:46,929 [grpc-default-executor-1] INFO  impl.RaftServerProxy (RaftServerProxy.java:addNew(89)) - 1178c3ae-d0b4-4d44-b144-fe8504cc41ac: addNew group-94699E98B741:[1178c3ae-d0b4-4d44-b144-fe8504cc41ac:192.168.151.99:33787] returns group-94699E98B741:java.util.concurrent.CompletableFuture@614eb090[Not completed]
2019-09-26 21:18:46,931 [pool-37-thread-1] INFO  impl.RaftServerImpl (RaftServerImpl.java:<init>(95)) - 1178c3ae-d0b4-4d44-b144-fe8504cc41ac: new RaftServerImpl for group-94699E98B741:[1178c3ae-d0b4-4d44-b144-fe8504cc41ac:192.168.151.99:33787] with ContainerStateMachine:uninitialized
2019-09-26 21:18:46,931 [pool-37-thread-1] INFO  server.RaftServerConfigKeys (ConfUtils.java:logGet(43)) - raft.server.rpc.timeout.min = 5s (custom)
2019-09-26 21:18:46,931 [pool-37-thread-1] INFO  server.RaftServerConfigKeys (ConfUtils.java:logGet(43)) - raft.server.rpc.timeout.max = 5200ms (custom)
2019-09-26 21:18:46,932 [pool-37-thread-1] INFO  server.RaftServerConfigKeys (ConfUtils.java:logGet(43)) - raft.server.rpcslowness.timeout = 120s (custom)
2019-09-26 21:18:46,932 [pool-37-thread-1] INFO  server.RaftServerConfigKeys (ConfUtils.java:logGet(43)) - raft.server.sleep.deviation.threshold = 300 (default)
2019-09-26 21:18:46,932 [pool-37-thread-1] INFO  server.RaftServerConfigKeys (ConfUtils.java:logGet(43)) - raft.server.log.appender.install.snapshot.enabled = false (custom)
2019-09-26 21:18:46,932 [pool-37-thread-1] INFO  impl.RaftServerImpl (ServerState.java:<init>(103)) - 1178c3ae-d0b4-4d44-b144-fe8504cc41ac@group-94699E98B741: ConfigurationManager, init=-1: [1178c3ae-d0b4-4d44-b144-fe8504cc41ac:192.168.151.99:33787], old=null, confs=<EMPTY_MAP>
2019-09-26 21:18:46,932 [pool-37-thread-1] INFO  server.RaftServerConfigKeys (ConfUtils.java:logGet(43)) - raft.server.storage.dir = [/workdir/hadoop-ozone/ozonefs/target/test-dir/MiniOzoneClusterImpl-5b64906c-d720-4906-b30c-b6d56a2122fd/datanode-1/data/ratis] (custom)
2019-09-26 21:18:46,933 [pool-37-thread-1] INFO  storage.RaftStorageDirectory (RaftStorageDirectory.java:analyzeStorage(246)) - The storage directory /workdir/hadoop-ozone/ozonefs/target/test-dir/MiniOzoneClusterImpl-5b64906c-d720-4906-b30c-b6d56a2122fd/datanode-1/data/ratis/298b2021-c44d-463a-8d1f-94699e98b741 does not exist. Creating ...
2019-09-26 21:18:46,946 [pool-37-thread-1] INFO  storage.RaftStorageDirectory (RaftStorageDirectory.java:tryLock(328)) - Lock on /workdir/hadoop-ozone/ozonefs/target/test-dir/MiniOzoneClusterImpl-5b64906c-d720-4906-b30c-b6d56a2122fd/datanode-1/data/ratis/298b2021-c44d-463a-8d1f-94699e98b741/in_use.lock acquired by nodename 10701@pr-hdds-1569-g6sp5-2013761785
2019-09-26 21:18:46,959 [pool-37-thread-1] INFO  storage.RaftStorage (RaftStorage.java:format(72)) - Storage directory /workdir/hadoop-ozone/ozonefs/target/test-dir/MiniOzoneClusterImpl-5b64906c-d720-4906-b30c-b6d56a2122fd/datanode-1/data/ratis/298b2021-c44d-463a-8d1f-94699e98b741 has been successfully formatted.
2019-09-26 21:18:46,960 [pool-37-thread-1] INFO  ratis.ContainerStateMachine (ContainerStateMachine.java:loadSnapshot(230)) - group-94699E98B741: The snapshot info is null. Setting the last applied indexto:(t:0, i:~)
2019-09-26 21:18:46,960 [pool-37-thread-1] INFO  server.RaftServerConfigKeys (ConfUtils.java:logGet(43)) - raft.server.notification.no-leader.timeout = 120s (custom)
2019-09-26 21:18:46,960 [pool-37-thread-1] INFO  server.RaftServerConfigKeys (ConfUtils.java:logGet(43)) - raft.server.log.use.memory = false (default)
2019-09-26 21:18:46,960 [pool-37-thread-1] INFO  server.RaftServerConfigKeys (ConfUtils.java:logGet(43)) - raft.server.log.purge.gap = 1000000 (custom)
2019-09-26 21:18:46,960 [pool-37-thread-1] INFO  server.RaftServerConfigKeys (ConfUtils.java:logGet(43)) - raft.server.log.appender.buffer.byte-limit = 33554432 (custom)
2019-09-26 21:18:46,960 [pool-37-thread-1] INFO  server.RaftServerConfigKeys (ConfUtils.java:logGet(43)) - raft.server.log.segment.size.max = 1048576 (custom)
2019-09-26 21:18:46,961 [pool-37-thread-1] INFO  server.RaftServerConfigKeys (ConfUtils.java:logGet(43)) - raft.server.log.segment.cache.num.max = 2 (custom)
2019-09-26 21:18:46,961 [pool-37-thread-1] INFO  segmented.SegmentedRaftLogWorker (SegmentedRaftLogWorker.java:<init>(172)) - new 1178c3ae-d0b4-4d44-b144-fe8504cc41ac@group-94699E98B741-SegmentedRaftLogWorker for RaftStorage:Storage Directory /workdir/hadoop-ozone/ozonefs/target/test-dir/MiniOzoneClusterImpl-5b64906c-d720-4906-b30c-b6d56a2122fd/datanode-1/data/ratis/298b2021-c44d-463a-8d1f-94699e98b741
2019-09-26 21:18:46,961 [pool-37-thread-1] INFO  server.RaftServerConfigKeys (ConfUtils.java:logGet(43)) - raft.server.log.queue.byte-limit = 2147483647 (custom)
2019-09-26 21:18:46,961 [pool-37-thread-1] INFO  server.RaftServerConfigKeys (ConfUtils.java:logGet(43)) - raft.server.log.queue.element-limit = 1024 (custom)
2019-09-26 21:18:46,961 [pool-37-thread-1] INFO  server.RaftServerConfigKeys (ConfUtils.java:logGet(43)) - raft.server.log.segment.size.max = 1048576 (custom)
2019-09-26 21:18:46,961 [pool-37-thread-1] INFO  server.RaftServerConfigKeys (ConfUtils.java:logGet(43)) - raft.server.log.preallocated.size = 16384 (custom)
2019-09-26 21:18:46,962 [pool-37-thread-1] INFO  server.RaftServerConfigKeys (ConfUtils.java:logGet(43)) - raft.server.log.write.buffer.size = 33554432 (custom)
2019-09-26 21:18:46,962 [pool-37-thread-1] INFO  server.RaftServerConfigKeys (ConfUtils.java:logGet(43)) - raft.server.log.force.sync.num = 128 (default)
2019-09-26 21:18:46,962 [pool-37-thread-1] INFO  server.RaftServerConfigKeys (ConfUtils.java:logGet(43)) - raft.server.log.statemachine.data.sync = true (default)
2019-09-26 21:18:46,962 [pool-37-thread-1] INFO  server.RaftServerConfigKeys (ConfUtils.java:logGet(43)) - raft.server.log.statemachine.data.sync.timeout = 10s (default)
2019-09-26 21:18:46,962 [pool-37-thread-1] INFO  server.RaftServerConfigKeys (ConfUtils.java:logGet(43)) - raft.server.log.statemachine.data.sync.timeout.retry = -1 (default)
2019-09-26 21:18:46,962 [pool-37-thread-1] INFO  server.RaftServerConfigKeys (ConfUtils.java:logGet(43)) - raft.server.log.statemachine.data.caching.enabled = true (custom)
2019-09-26 21:18:46,963 [pool-37-thread-1] INFO  segmented.SegmentedRaftLogWorker (SegmentedRaftLogWorker.java:lambda$new$0(132)) - 1178c3ae-d0b4-4d44-b144-fe8504cc41ac@group-94699E98B741-SegmentedRaftLogWorker: flushIndex: setUnconditionally 0 -> -1
2019-09-26 21:18:46,963 [pool-37-thread-1] INFO  server.RaftServerConfigKeys (ConfUtils.java:logGet(43)) - raft.server.snapshot.auto.trigger.enabled = true (custom)
2019-09-26 21:18:46,963 [pool-37-thread-1] INFO  server.RaftServerConfigKeys (ConfUtils.java:logGet(43)) - raft.server.snapshot.auto.trigger.threshold = 10000 (custom)
2019-09-26 21:18:46,963 [pool-37-thread-1] INFO  server.RaftServerConfigKeys (ConfUtils.java:logGet(43)) - raft.server.snapshot.retention.num.files = 5 (custom)
2019-09-26 21:18:46,964 [pool-37-thread-1] INFO  server.RaftServerConfigKeys (ConfUtils.java:logGet(43)) - raft.server.retrycache.expirytime = 600000ms (custom)
2019-09-26 21:18:46,967 [pool-37-thread-1] INFO  impl.RaftServerImpl (RaftServerImpl.java:start(185)) - 1178c3ae-d0b4-4d44-b144-fe8504cc41ac@group-94699E98B741: start as a follower, conf=-1: [1178c3ae-d0b4-4d44-b144-fe8504cc41ac:192.168.151.99:33787], old=null
2019-09-26 21:18:46,967 [pool-37-thread-1] INFO  impl.RaftServerImpl (RaftServerImpl.java:setRole(174)) - 1178c3ae-d0b4-4d44-b144-fe8504cc41ac@group-94699E98B741: changes role from      null to FOLLOWER at term 0 for startAsFollower
2019-09-26 21:18:46,967 [pool-37-thread-1] INFO  impl.RoleInfo (RoleInfo.java:updateAndGet(143)) - 1178c3ae-d0b4-4d44-b144-fe8504cc41ac: start FollowerState
2019-09-26 21:18:46,967 [pool-37-thread-1] INFO  util.JmxRegister (JmxRegister.java:tryRegister(44)) - Successfully registered JMX Bean with object name Ratis:service=RaftServer,group=group-94699E98B741,id=1178c3ae-d0b4-4d44-b144-fe8504cc41ac
2019-09-26 21:18:46,970 [RatisPipelineUtilsThread] INFO  pipeline.PipelineStateManager (PipelineStateManager.java:addPipeline(56)) - Created pipeline Pipeline[ Id: 298b2021-c44d-463a-8d1f-94699e98b741, Nodes: 1178c3ae-d0b4-4d44-b144-fe8504cc41ac{ip: 192.168.151.99, host: pr-hdds-1569-g6sp5-2013761785, networkLocation: /default-rack, certSerialId: null}, Type:RATIS, Factor:ONE, State:OPEN]
2019-09-26 21:18:46,977 [grpc-default-executor-1] INFO  impl.RaftServerProxy (RaftServerProxy.java:addNew(89)) - 1178c3ae-d0b4-4d44-b144-fe8504cc41ac: addNew group-4AEACD029913:[1178c3ae-d0b4-4d44-b144-fe8504cc41ac:192.168.151.99:33787] returns group-4AEACD029913:java.util.concurrent.CompletableFuture@58c1b7e4[Not completed]
2019-09-26 21:18:46,978 [pool-37-thread-1] INFO  impl.RaftServerImpl (RaftServerImpl.java:<init>(95)) - 1178c3ae-d0b4-4d44-b144-fe8504cc41ac: new RaftServerImpl for group-4AEACD029913:[1178c3ae-d0b4-4d44-b144-fe8504cc41ac:192.168.151.99:33787] with ContainerStateMachine:uninitialized
2019-09-26 21:18:46,978 [pool-37-thread-1] INFO  server.RaftServerConfigKeys (ConfUtils.java:logGet(43)) - raft.server.rpc.timeout.min = 5s (custom)
2019-09-26 21:18:46,978 [pool-37-thread-1] INFO  server.RaftServerConfigKeys (ConfUtils.java:logGet(43)) - raft.server.rpc.timeout.max = 5200ms (custom)
2019-09-26 21:18:46,978 [pool-37-thread-1] INFO  server.RaftServerConfigKeys (ConfUtils.java:logGet(43)) - raft.server.rpcslowness.timeout = 120s (custom)
2019-09-26 21:18:46,979 [pool-37-thread-1] INFO  server.RaftServerConfigKeys (ConfUtils.java:logGet(43)) - raft.server.sleep.deviation.threshold = 300 (default)
2019-09-26 21:18:46,979 [pool-37-thread-1] INFO  server.RaftServerConfigKeys (ConfUtils.java:logGet(43)) - raft.server.log.appender.install.snapshot.enabled = false (custom)
2019-09-26 21:18:46,979 [pool-37-thread-1] INFO  impl.RaftServerImpl (ServerState.java:<init>(103)) - 1178c3ae-d0b4-4d44-b144-fe8504cc41ac@group-4AEACD029913: ConfigurationManager, init=-1: [1178c3ae-d0b4-4d44-b144-fe8504cc41ac:192.168.151.99:33787], old=null, confs=<EMPTY_MAP>
2019-09-26 21:18:46,979 [pool-37-thread-1] INFO  server.RaftServerConfigKeys (ConfUtils.java:logGet(43)) - raft.server.storage.dir = [/workdir/hadoop-ozone/ozonefs/target/test-dir/MiniOzoneClusterImpl-5b64906c-d720-4906-b30c-b6d56a2122fd/datanode-1/data/ratis] (custom)
2019-09-26 21:18:46,980 [pool-37-thread-1] INFO  storage.RaftStorageDirectory (RaftStorageDirectory.java:analyzeStorage(246)) - The storage directory /workdir/hadoop-ozone/ozonefs/target/test-dir/MiniOzoneClusterImpl-5b64906c-d720-4906-b30c-b6d56a2122fd/datanode-1/data/ratis/7e0fcd1a-410b-4a71-8da6-4aeacd029913 does not exist. Creating ...
2019-09-26 21:18:46,993 [pool-37-thread-1] INFO  storage.RaftStorageDirectory (RaftStorageDirectory.java:tryLock(328)) - Lock on /workdir/hadoop-ozone/ozonefs/target/test-dir/MiniOzoneClusterImpl-5b64906c-d720-4906-b30c-b6d56a2122fd/datanode-1/data/ratis/7e0fcd1a-410b-4a71-8da6-4aeacd029913/in_use.lock acquired by nodename 10701@pr-hdds-1569-g6sp5-2013761785
2019-09-26 21:18:47,006 [pool-37-thread-1] INFO  storage.RaftStorage (RaftStorage.java:format(72)) - Storage directory /workdir/hadoop-ozone/ozonefs/target/test-dir/MiniOzoneClusterImpl-5b64906c-d720-4906-b30c-b6d56a2122fd/datanode-1/data/ratis/7e0fcd1a-410b-4a71-8da6-4aeacd029913 has been successfully formatted.
2019-09-26 21:18:47,006 [pool-37-thread-1] INFO  ratis.ContainerStateMachine (ContainerStateMachine.java:loadSnapshot(230)) - group-4AEACD029913: The snapshot info is null. Setting the last applied indexto:(t:0, i:~)
2019-09-26 21:18:47,007 [pool-37-thread-1] INFO  server.RaftServerConfigKeys (ConfUtils.java:logGet(43)) - raft.server.notification.no-leader.timeout = 120s (custom)
2019-09-26 21:18:47,007 [pool-37-thread-1] INFO  server.RaftServerConfigKeys (ConfUtils.java:logGet(43)) - raft.server.log.use.memory = false (default)
2019-09-26 21:18:47,007 [pool-37-thread-1] INFO  server.RaftServerConfigKeys (ConfUtils.java:logGet(43)) - raft.server.log.purge.gap = 1000000 (custom)
2019-09-26 21:18:47,007 [pool-37-thread-1] INFO  server.RaftServerConfigKeys (ConfUtils.java:logGet(43)) - raft.server.log.appender.buffer.byte-limit = 33554432 (custom)
2019-09-26 21:18:47,007 [pool-37-thread-1] INFO  server.RaftServerConfigKeys (ConfUtils.java:logGet(43)) - raft.server.log.segment.size.max = 1048576 (custom)
2019-09-26 21:18:47,007 [pool-37-thread-1] INFO  server.RaftServerConfigKeys (ConfUtils.java:logGet(43)) - raft.server.log.segment.cache.num.max = 2 (custom)
2019-09-26 21:18:47,008 [pool-37-thread-1] INFO  segmented.SegmentedRaftLogWorker (SegmentedRaftLogWorker.java:<init>(172)) - new 1178c3ae-d0b4-4d44-b144-fe8504cc41ac@group-4AEACD029913-SegmentedRaftLogWorker for RaftStorage:Storage Directory /workdir/hadoop-ozone/ozonefs/target/test-dir/MiniOzoneClusterImpl-5b64906c-d720-4906-b30c-b6d56a2122fd/datanode-1/data/ratis/7e0fcd1a-410b-4a71-8da6-4aeacd029913
2019-09-26 21:18:47,008 [pool-37-thread-1] INFO  server.RaftServerConfigKeys (ConfUtils.java:logGet(43)) - raft.server.log.queue.byte-limit = 2147483647 (custom)
2019-09-26 21:18:47,008 [pool-37-thread-1] INFO  server.RaftServerConfigKeys (ConfUtils.java:logGet(43)) - raft.server.log.queue.element-limit = 1024 (custom)
2019-09-26 21:18:47,008 [pool-37-thread-1] INFO  server.RaftServerConfigKeys (ConfUtils.java:logGet(43)) - raft.server.log.segment.size.max = 1048576 (custom)
2019-09-26 21:18:47,008 [pool-37-thread-1] INFO  server.RaftServerConfigKeys (ConfUtils.java:logGet(43)) - raft.server.log.preallocated.size = 16384 (custom)
2019-09-26 21:18:47,008 [pool-37-thread-1] INFO  server.RaftServerConfigKeys (ConfUtils.java:logGet(43)) - raft.server.log.write.buffer.size = 33554432 (custom)
2019-09-26 21:18:47,008 [pool-37-thread-1] INFO  server.RaftServerConfigKeys (ConfUtils.java:logGet(43)) - raft.server.log.force.sync.num = 128 (default)
2019-09-26 21:18:47,009 [pool-37-thread-1] INFO  server.RaftServerConfigKeys (ConfUtils.java:logGet(43)) - raft.server.log.statemachine.data.sync = true (default)
2019-09-26 21:18:47,009 [pool-37-thread-1] INFO  server.RaftServerConfigKeys (ConfUtils.java:logGet(43)) - raft.server.log.statemachine.data.sync.timeout = 10s (default)
2019-09-26 21:18:47,009 [pool-37-thread-1] INFO  server.RaftServerConfigKeys (ConfUtils.java:logGet(43)) - raft.server.log.statemachine.data.sync.timeout.retry = -1 (default)
2019-09-26 21:18:47,009 [pool-37-thread-1] INFO  server.RaftServerConfigKeys (ConfUtils.java:logGet(43)) - raft.server.log.statemachine.data.caching.enabled = true (custom)
2019-09-26 21:18:47,009 [pool-37-thread-1] INFO  segmented.SegmentedRaftLogWorker (SegmentedRaftLogWorker.java:lambda$new$0(132)) - 1178c3ae-d0b4-4d44-b144-fe8504cc41ac@group-4AEACD029913-SegmentedRaftLogWorker: flushIndex: setUnconditionally 0 -> -1
2019-09-26 21:18:47,010 [pool-37-thread-1] INFO  server.RaftServerConfigKeys (ConfUtils.java:logGet(43)) - raft.server.snapshot.auto.trigger.enabled = true (custom)
2019-09-26 21:18:47,010 [pool-37-thread-1] INFO  server.RaftServerConfigKeys (ConfUtils.java:logGet(43)) - raft.server.snapshot.auto.trigger.threshold = 10000 (custom)
2019-09-26 21:18:47,010 [pool-37-thread-1] INFO  server.RaftServerConfigKeys (ConfUtils.java:logGet(43)) - raft.server.snapshot.retention.num.files = 5 (custom)
2019-09-26 21:18:47,010 [pool-37-thread-1] INFO  server.RaftServerConfigKeys (ConfUtils.java:logGet(43)) - raft.server.retrycache.expirytime = 600000ms (custom)
2019-09-26 21:18:47,013 [pool-37-thread-1] INFO  impl.RaftServerImpl (RaftServerImpl.java:start(185)) - 1178c3ae-d0b4-4d44-b144-fe8504cc41ac@group-4AEACD029913: start as a follower, conf=-1: [1178c3ae-d0b4-4d44-b144-fe8504cc41ac:192.168.151.99:33787], old=null
2019-09-26 21:18:47,013 [pool-37-thread-1] INFO  impl.RaftServerImpl (RaftServerImpl.java:setRole(174)) - 1178c3ae-d0b4-4d44-b144-fe8504cc41ac@group-4AEACD029913: changes role from      null to FOLLOWER at term 0 for startAsFollower
2019-09-26 21:18:47,013 [pool-37-thread-1] INFO  impl.RoleInfo (RoleInfo.java:updateAndGet(143)) - 1178c3ae-d0b4-4d44-b144-fe8504cc41ac: start FollowerState
2019-09-26 21:18:47,014 [pool-37-thread-1] INFO  util.JmxRegister (JmxRegister.java:tryRegister(44)) - Successfully registered JMX Bean with object name Ratis:service=RaftServer,group=group-4AEACD029913,id=1178c3ae-d0b4-4d44-b144-fe8504cc41ac
2019-09-26 21:18:47,017 [RatisPipelineUtilsThread] INFO  pipeline.PipelineStateManager (PipelineStateManager.java:addPipeline(56)) - Created pipeline Pipeline[ Id: 7e0fcd1a-410b-4a71-8da6-4aeacd029913, Nodes: 1178c3ae-d0b4-4d44-b144-fe8504cc41ac{ip: 192.168.151.99, host: pr-hdds-1569-g6sp5-2013761785, networkLocation: /default-rack, certSerialId: null}, Type:RATIS, Factor:ONE, State:OPEN]
2019-09-26 21:18:47,029 [grpc-default-executor-1] INFO  impl.RaftServerProxy (RaftServerProxy.java:addNew(89)) - 0c640f50-2bc9-49b6-b785-a27e3116e6ba: addNew group-6334DE074F80:[0c640f50-2bc9-49b6-b785-a27e3116e6ba:192.168.151.99:42361] returns group-6334DE074F80:java.util.concurrent.CompletableFuture@20e3ff00[Not completed]
2019-09-26 21:18:47,031 [pool-57-thread-1] INFO  impl.RaftServerImpl (RaftServerImpl.java:<init>(95)) - 0c640f50-2bc9-49b6-b785-a27e3116e6ba: new RaftServerImpl for group-6334DE074F80:[0c640f50-2bc9-49b6-b785-a27e3116e6ba:192.168.151.99:42361] with ContainerStateMachine:uninitialized
2019-09-26 21:18:47,031 [pool-57-thread-1] INFO  server.RaftServerConfigKeys (ConfUtils.java:logGet(43)) - raft.server.rpc.timeout.min = 5s (custom)
2019-09-26 21:18:47,031 [pool-57-thread-1] INFO  server.RaftServerConfigKeys (ConfUtils.java:logGet(43)) - raft.server.rpc.timeout.max = 5200ms (custom)
2019-09-26 21:18:47,031 [pool-57-thread-1] INFO  server.RaftServerConfigKeys (ConfUtils.java:logGet(43)) - raft.server.rpcslowness.timeout = 120s (custom)
2019-09-26 21:18:47,031 [pool-57-thread-1] INFO  server.RaftServerConfigKeys (ConfUtils.java:logGet(43)) - raft.server.sleep.deviation.threshold = 300 (default)
2019-09-26 21:18:47,031 [pool-57-thread-1] INFO  server.RaftServerConfigKeys (ConfUtils.java:logGet(43)) - raft.server.log.appender.install.snapshot.enabled = false (custom)
2019-09-26 21:18:47,032 [pool-57-thread-1] INFO  impl.RaftServerImpl (ServerState.java:<init>(103)) - 0c640f50-2bc9-49b6-b785-a27e3116e6ba@group-6334DE074F80: ConfigurationManager, init=-1: [0c640f50-2bc9-49b6-b785-a27e3116e6ba:192.168.151.99:42361], old=null, confs=<EMPTY_MAP>
2019-09-26 21:18:47,032 [pool-57-thread-1] INFO  server.RaftServerConfigKeys (ConfUtils.java:logGet(43)) - raft.server.storage.dir = [/workdir/hadoop-ozone/ozonefs/target/test-dir/MiniOzoneClusterImpl-5b64906c-d720-4906-b30c-b6d56a2122fd/datanode-3/data/ratis] (custom)
2019-09-26 21:18:47,032 [pool-57-thread-1] INFO  storage.RaftStorageDirectory (RaftStorageDirectory.java:analyzeStorage(246)) - The storage directory /workdir/hadoop-ozone/ozonefs/target/test-dir/MiniOzoneClusterImpl-5b64906c-d720-4906-b30c-b6d56a2122fd/datanode-3/data/ratis/cea3c253-19ef-4d10-9f26-6334de074f80 does not exist. Creating ...
2019-09-26 21:18:47,048 [pool-57-thread-1] INFO  storage.RaftStorageDirectory (RaftStorageDirectory.java:tryLock(328)) - Lock on /workdir/hadoop-ozone/ozonefs/target/test-dir/MiniOzoneClusterImpl-5b64906c-d720-4906-b30c-b6d56a2122fd/datanode-3/data/ratis/cea3c253-19ef-4d10-9f26-6334de074f80/in_use.lock acquired by nodename 10701@pr-hdds-1569-g6sp5-2013761785
2019-09-26 21:18:47,064 [pool-57-thread-1] INFO  storage.RaftStorage (RaftStorage.java:format(72)) - Storage directory /workdir/hadoop-ozone/ozonefs/target/test-dir/MiniOzoneClusterImpl-5b64906c-d720-4906-b30c-b6d56a2122fd/datanode-3/data/ratis/cea3c253-19ef-4d10-9f26-6334de074f80 has been successfully formatted.
2019-09-26 21:18:47,064 [pool-57-thread-1] INFO  ratis.ContainerStateMachine (ContainerStateMachine.java:loadSnapshot(230)) - group-6334DE074F80: The snapshot info is null. Setting the last applied indexto:(t:0, i:~)
2019-09-26 21:18:47,064 [pool-57-thread-1] INFO  server.RaftServerConfigKeys (ConfUtils.java:logGet(43)) - raft.server.notification.no-leader.timeout = 120s (custom)
2019-09-26 21:18:47,065 [pool-57-thread-1] INFO  server.RaftServerConfigKeys (ConfUtils.java:logGet(43)) - raft.server.log.use.memory = false (default)
2019-09-26 21:18:47,065 [pool-57-thread-1] INFO  server.RaftServerConfigKeys (ConfUtils.java:logGet(43)) - raft.server.log.purge.gap = 1000000 (custom)
2019-09-26 21:18:47,065 [pool-57-thread-1] INFO  server.RaftServerConfigKeys (ConfUtils.java:logGet(43)) - raft.server.log.appender.buffer.byte-limit = 33554432 (custom)
2019-09-26 21:18:47,065 [pool-57-thread-1] INFO  server.RaftServerConfigKeys (ConfUtils.java:logGet(43)) - raft.server.log.segment.size.max = 1048576 (custom)
2019-09-26 21:18:47,065 [pool-57-thread-1] INFO  server.RaftServerConfigKeys (ConfUtils.java:logGet(43)) - raft.server.log.segment.cache.num.max = 2 (custom)
2019-09-26 21:18:47,065 [pool-57-thread-1] INFO  segmented.SegmentedRaftLogWorker (SegmentedRaftLogWorker.java:<init>(172)) - new 0c640f50-2bc9-49b6-b785-a27e3116e6ba@group-6334DE074F80-SegmentedRaftLogWorker for RaftStorage:Storage Directory /workdir/hadoop-ozone/ozonefs/target/test-dir/MiniOzoneClusterImpl-5b64906c-d720-4906-b30c-b6d56a2122fd/datanode-3/data/ratis/cea3c253-19ef-4d10-9f26-6334de074f80
2019-09-26 21:18:47,065 [pool-57-thread-1] INFO  server.RaftServerConfigKeys (ConfUtils.java:logGet(43)) - raft.server.log.queue.byte-limit = 2147483647 (custom)
2019-09-26 21:18:47,066 [pool-57-thread-1] INFO  server.RaftServerConfigKeys (ConfUtils.java:logGet(43)) - raft.server.log.queue.element-limit = 1024 (custom)
2019-09-26 21:18:47,066 [pool-57-thread-1] INFO  server.RaftServerConfigKeys (ConfUtils.java:logGet(43)) - raft.server.log.segment.size.max = 1048576 (custom)
2019-09-26 21:18:47,066 [pool-57-thread-1] INFO  server.RaftServerConfigKeys (ConfUtils.java:logGet(43)) - raft.server.log.preallocated.size = 16384 (custom)
2019-09-26 21:18:47,066 [pool-57-thread-1] INFO  server.RaftServerConfigKeys (ConfUtils.java:logGet(43)) - raft.server.log.write.buffer.size = 33554432 (custom)
2019-09-26 21:18:47,066 [pool-57-thread-1] INFO  server.RaftServerConfigKeys (ConfUtils.java:logGet(43)) - raft.server.log.force.sync.num = 128 (default)
2019-09-26 21:18:47,066 [pool-57-thread-1] INFO  server.RaftServerConfigKeys (ConfUtils.java:logGet(43)) - raft.server.log.statemachine.data.sync = true (default)
2019-09-26 21:18:47,066 [pool-57-thread-1] INFO  server.RaftServerConfigKeys (ConfUtils.java:logGet(43)) - raft.server.log.statemachine.data.sync.timeout = 10s (default)
2019-09-26 21:18:47,066 [pool-57-thread-1] INFO  server.RaftServerConfigKeys (ConfUtils.java:logGet(43)) - raft.server.log.statemachine.data.sync.timeout.retry = -1 (default)
2019-09-26 21:18:47,067 [pool-57-thread-1] INFO  server.RaftServerConfigKeys (ConfUtils.java:logGet(43)) - raft.server.log.statemachine.data.caching.enabled = true (custom)
2019-09-26 21:18:47,067 [pool-57-thread-1] INFO  segmented.SegmentedRaftLogWorker (SegmentedRaftLogWorker.java:lambda$new$0(132)) - 0c640f50-2bc9-49b6-b785-a27e3116e6ba@group-6334DE074F80-SegmentedRaftLogWorker: flushIndex: setUnconditionally 0 -> -1
2019-09-26 21:18:47,067 [pool-57-thread-1] INFO  server.RaftServerConfigKeys (ConfUtils.java:logGet(43)) - raft.server.snapshot.auto.trigger.enabled = true (custom)
2019-09-26 21:18:47,067 [pool-57-thread-1] INFO  server.RaftServerConfigKeys (ConfUtils.java:logGet(43)) - raft.server.snapshot.auto.trigger.threshold = 10000 (custom)
2019-09-26 21:18:47,067 [pool-57-thread-1] INFO  server.RaftServerConfigKeys (ConfUtils.java:logGet(43)) - raft.server.snapshot.retention.num.files = 5 (custom)
2019-09-26 21:18:47,068 [pool-57-thread-1] INFO  server.RaftServerConfigKeys (ConfUtils.java:logGet(43)) - raft.server.retrycache.expirytime = 600000ms (custom)
2019-09-26 21:18:47,070 [pool-57-thread-1] INFO  impl.RaftServerImpl (RaftServerImpl.java:start(185)) - 0c640f50-2bc9-49b6-b785-a27e3116e6ba@group-6334DE074F80: start as a follower, conf=-1: [0c640f50-2bc9-49b6-b785-a27e3116e6ba:192.168.151.99:42361], old=null
2019-09-26 21:18:47,070 [pool-57-thread-1] INFO  impl.RaftServerImpl (RaftServerImpl.java:setRole(174)) - 0c640f50-2bc9-49b6-b785-a27e3116e6ba@group-6334DE074F80: changes role from      null to FOLLOWER at term 0 for startAsFollower
2019-09-26 21:18:47,070 [pool-57-thread-1] INFO  impl.RoleInfo (RoleInfo.java:updateAndGet(143)) - 0c640f50-2bc9-49b6-b785-a27e3116e6ba: start FollowerState
2019-09-26 21:18:47,071 [pool-57-thread-1] INFO  util.JmxRegister (JmxRegister.java:tryRegister(44)) - Successfully registered JMX Bean with object name Ratis:service=RaftServer,group=group-6334DE074F80,id=0c640f50-2bc9-49b6-b785-a27e3116e6ba
2019-09-26 21:18:47,074 [RatisPipelineUtilsThread] INFO  pipeline.PipelineStateManager (PipelineStateManager.java:addPipeline(56)) - Created pipeline Pipeline[ Id: cea3c253-19ef-4d10-9f26-6334de074f80, Nodes: 0c640f50-2bc9-49b6-b785-a27e3116e6ba{ip: 192.168.151.99, host: pr-hdds-1569-g6sp5-2013761785, networkLocation: /default-rack, certSerialId: null}, Type:RATIS, Factor:ONE, State:OPEN]
2019-09-26 21:18:47,079 [grpc-default-executor-1] INFO  impl.RaftServerProxy (RaftServerProxy.java:addNew(89)) - 09112efe-1fad-4539-a04f-c96aef6d2351: addNew group-B1A00720E110:[09112efe-1fad-4539-a04f-c96aef6d2351:192.168.151.99:45286] returns group-B1A00720E110:java.util.concurrent.CompletableFuture@76e40e71[Not completed]
2019-09-26 21:18:47,080 [pool-47-thread-1] INFO  impl.RaftServerImpl (RaftServerImpl.java:<init>(95)) - 09112efe-1fad-4539-a04f-c96aef6d2351: new RaftServerImpl for group-B1A00720E110:[09112efe-1fad-4539-a04f-c96aef6d2351:192.168.151.99:45286] with ContainerStateMachine:uninitialized
2019-09-26 21:18:47,081 [pool-47-thread-1] INFO  server.RaftServerConfigKeys (ConfUtils.java:logGet(43)) - raft.server.rpc.timeout.min = 5s (custom)
2019-09-26 21:18:47,081 [pool-47-thread-1] INFO  server.RaftServerConfigKeys (ConfUtils.java:logGet(43)) - raft.server.rpc.timeout.max = 5200ms (custom)
2019-09-26 21:18:47,081 [pool-47-thread-1] INFO  server.RaftServerConfigKeys (ConfUtils.java:logGet(43)) - raft.server.rpcslowness.timeout = 120s (custom)
2019-09-26 21:18:47,081 [pool-47-thread-1] INFO  server.RaftServerConfigKeys (ConfUtils.java:logGet(43)) - raft.server.sleep.deviation.threshold = 300 (default)
2019-09-26 21:18:47,081 [pool-47-thread-1] INFO  server.RaftServerConfigKeys (ConfUtils.java:logGet(43)) - raft.server.log.appender.install.snapshot.enabled = false (custom)
2019-09-26 21:18:47,081 [pool-47-thread-1] INFO  impl.RaftServerImpl (ServerState.java:<init>(103)) - 09112efe-1fad-4539-a04f-c96aef6d2351@group-B1A00720E110: ConfigurationManager, init=-1: [09112efe-1fad-4539-a04f-c96aef6d2351:192.168.151.99:45286], old=null, confs=<EMPTY_MAP>
2019-09-26 21:18:47,081 [pool-47-thread-1] INFO  server.RaftServerConfigKeys (ConfUtils.java:logGet(43)) - raft.server.storage.dir = [/workdir/hadoop-ozone/ozonefs/target/test-dir/MiniOzoneClusterImpl-5b64906c-d720-4906-b30c-b6d56a2122fd/datanode-2/data/ratis] (custom)
2019-09-26 21:18:47,082 [pool-47-thread-1] INFO  storage.RaftStorageDirectory (RaftStorageDirectory.java:analyzeStorage(246)) - The storage directory /workdir/hadoop-ozone/ozonefs/target/test-dir/MiniOzoneClusterImpl-5b64906c-d720-4906-b30c-b6d56a2122fd/datanode-2/data/ratis/155a3c34-c32a-4ddf-bbb8-b1a00720e110 does not exist. Creating ...
2019-09-26 21:18:47,095 [pool-47-thread-1] INFO  storage.RaftStorageDirectory (RaftStorageDirectory.java:tryLock(328)) - Lock on /workdir/hadoop-ozone/ozonefs/target/test-dir/MiniOzoneClusterImpl-5b64906c-d720-4906-b30c-b6d56a2122fd/datanode-2/data/ratis/155a3c34-c32a-4ddf-bbb8-b1a00720e110/in_use.lock acquired by nodename 10701@pr-hdds-1569-g6sp5-2013761785
2019-09-26 21:18:47,143 [pool-47-thread-1] INFO  storage.RaftStorage (RaftStorage.java:format(72)) - Storage directory /workdir/hadoop-ozone/ozonefs/target/test-dir/MiniOzoneClusterImpl-5b64906c-d720-4906-b30c-b6d56a2122fd/datanode-2/data/ratis/155a3c34-c32a-4ddf-bbb8-b1a00720e110 has been successfully formatted.
2019-09-26 21:18:47,143 [pool-47-thread-1] INFO  ratis.ContainerStateMachine (ContainerStateMachine.java:loadSnapshot(230)) - group-B1A00720E110: The snapshot info is null. Setting the last applied indexto:(t:0, i:~)
2019-09-26 21:18:47,144 [pool-47-thread-1] INFO  server.RaftServerConfigKeys (ConfUtils.java:logGet(43)) - raft.server.notification.no-leader.timeout = 120s (custom)
2019-09-26 21:18:47,144 [pool-47-thread-1] INFO  server.RaftServerConfigKeys (ConfUtils.java:logGet(43)) - raft.server.log.use.memory = false (default)
2019-09-26 21:18:47,144 [pool-47-thread-1] INFO  server.RaftServerConfigKeys (ConfUtils.java:logGet(43)) - raft.server.log.purge.gap = 1000000 (custom)
2019-09-26 21:18:47,144 [pool-47-thread-1] INFO  server.RaftServerConfigKeys (ConfUtils.java:logGet(43)) - raft.server.log.appender.buffer.byte-limit = 33554432 (custom)
2019-09-26 21:18:47,144 [pool-47-thread-1] INFO  server.RaftServerConfigKeys (ConfUtils.java:logGet(43)) - raft.server.log.segment.size.max = 1048576 (custom)
2019-09-26 21:18:47,144 [pool-47-thread-1] INFO  server.RaftServerConfigKeys (ConfUtils.java:logGet(43)) - raft.server.log.segment.cache.num.max = 2 (custom)
2019-09-26 21:18:47,145 [pool-47-thread-1] INFO  segmented.SegmentedRaftLogWorker (SegmentedRaftLogWorker.java:<init>(172)) - new 09112efe-1fad-4539-a04f-c96aef6d2351@group-B1A00720E110-SegmentedRaftLogWorker for RaftStorage:Storage Directory /workdir/hadoop-ozone/ozonefs/target/test-dir/MiniOzoneClusterImpl-5b64906c-d720-4906-b30c-b6d56a2122fd/datanode-2/data/ratis/155a3c34-c32a-4ddf-bbb8-b1a00720e110
2019-09-26 21:18:47,145 [pool-47-thread-1] INFO  server.RaftServerConfigKeys (ConfUtils.java:logGet(43)) - raft.server.log.queue.byte-limit = 2147483647 (custom)
2019-09-26 21:18:47,145 [pool-47-thread-1] INFO  server.RaftServerConfigKeys (ConfUtils.java:logGet(43)) - raft.server.log.queue.element-limit = 1024 (custom)
2019-09-26 21:18:47,145 [pool-47-thread-1] INFO  server.RaftServerConfigKeys (ConfUtils.java:logGet(43)) - raft.server.log.segment.size.max = 1048576 (custom)
2019-09-26 21:18:47,145 [pool-47-thread-1] INFO  server.RaftServerConfigKeys (ConfUtils.java:logGet(43)) - raft.server.log.preallocated.size = 16384 (custom)
2019-09-26 21:18:47,145 [pool-47-thread-1] INFO  server.RaftServerConfigKeys (ConfUtils.java:logGet(43)) - raft.server.log.write.buffer.size = 33554432 (custom)
2019-09-26 21:18:47,146 [pool-47-thread-1] INFO  server.RaftServerConfigKeys (ConfUtils.java:logGet(43)) - raft.server.log.force.sync.num = 128 (default)
2019-09-26 21:18:47,146 [pool-47-thread-1] INFO  server.RaftServerConfigKeys (ConfUtils.java:logGet(43)) - raft.server.log.statemachine.data.sync = true (default)
2019-09-26 21:18:47,146 [pool-47-thread-1] INFO  server.RaftServerConfigKeys (ConfUtils.java:logGet(43)) - raft.server.log.statemachine.data.sync.timeout = 10s (default)
2019-09-26 21:18:47,146 [pool-47-thread-1] INFO  server.RaftServerConfigKeys (ConfUtils.java:logGet(43)) - raft.server.log.statemachine.data.sync.timeout.retry = -1 (default)
2019-09-26 21:18:47,146 [pool-47-thread-1] INFO  server.RaftServerConfigKeys (ConfUtils.java:logGet(43)) - raft.server.log.statemachine.data.caching.enabled = true (custom)
2019-09-26 21:18:47,147 [pool-47-thread-1] INFO  segmented.SegmentedRaftLogWorker (SegmentedRaftLogWorker.java:lambda$new$0(132)) - 09112efe-1fad-4539-a04f-c96aef6d2351@group-B1A00720E110-SegmentedRaftLogWorker: flushIndex: setUnconditionally 0 -> -1
2019-09-26 21:18:47,147 [pool-47-thread-1] INFO  server.RaftServerConfigKeys (ConfUtils.java:logGet(43)) - raft.server.snapshot.auto.trigger.enabled = true (custom)
2019-09-26 21:18:47,147 [pool-47-thread-1] INFO  server.RaftServerConfigKeys (ConfUtils.java:logGet(43)) - raft.server.snapshot.auto.trigger.threshold = 10000 (custom)
2019-09-26 21:18:47,147 [pool-47-thread-1] INFO  server.RaftServerConfigKeys (ConfUtils.java:logGet(43)) - raft.server.snapshot.retention.num.files = 5 (custom)
2019-09-26 21:18:47,148 [pool-47-thread-1] INFO  server.RaftServerConfigKeys (ConfUtils.java:logGet(43)) - raft.server.retrycache.expirytime = 600000ms (custom)
2019-09-26 21:18:47,151 [pool-47-thread-1] INFO  impl.RaftServerImpl (RaftServerImpl.java:start(185)) - 09112efe-1fad-4539-a04f-c96aef6d2351@group-B1A00720E110: start as a follower, conf=-1: [09112efe-1fad-4539-a04f-c96aef6d2351:192.168.151.99:45286], old=null
2019-09-26 21:18:47,151 [pool-47-thread-1] INFO  impl.RaftServerImpl (RaftServerImpl.java:setRole(174)) - 09112efe-1fad-4539-a04f-c96aef6d2351@group-B1A00720E110: changes role from      null to FOLLOWER at term 0 for startAsFollower
2019-09-26 21:18:47,151 [pool-47-thread-1] INFO  impl.RoleInfo (RoleInfo.java:updateAndGet(143)) - 09112efe-1fad-4539-a04f-c96aef6d2351: start FollowerState
2019-09-26 21:18:47,152 [pool-47-thread-1] INFO  util.JmxRegister (JmxRegister.java:tryRegister(44)) - Successfully registered JMX Bean with object name Ratis:service=RaftServer,group=group-B1A00720E110,id=09112efe-1fad-4539-a04f-c96aef6d2351
2019-09-26 21:18:47,155 [RatisPipelineUtilsThread] INFO  pipeline.PipelineStateManager (PipelineStateManager.java:addPipeline(56)) - Created pipeline Pipeline[ Id: 155a3c34-c32a-4ddf-bbb8-b1a00720e110, Nodes: 09112efe-1fad-4539-a04f-c96aef6d2351{ip: 192.168.151.99, host: pr-hdds-1569-g6sp5-2013761785, networkLocation: /default-rack, certSerialId: null}, Type:RATIS, Factor:ONE, State:OPEN]
2019-09-26 21:18:47,160 [grpc-default-executor-1] INFO  impl.RaftServerProxy (RaftServerProxy.java:addNew(89)) - 9ce0b59e-153f-4f41-8aed-492a76d80b48: addNew group-D14484569D87:[9ce0b59e-153f-4f41-8aed-492a76d80b48:192.168.151.99:34156] returns group-D14484569D87:java.util.concurrent.CompletableFuture@1538ee8d[Not completed]
2019-09-26 21:18:47,162 [pool-27-thread-1] INFO  impl.RaftServerImpl (RaftServerImpl.java:<init>(95)) - 9ce0b59e-153f-4f41-8aed-492a76d80b48: new RaftServerImpl for group-D14484569D87:[9ce0b59e-153f-4f41-8aed-492a76d80b48:192.168.151.99:34156] with ContainerStateMachine:uninitialized
2019-09-26 21:18:47,162 [pool-27-thread-1] INFO  server.RaftServerConfigKeys (ConfUtils.java:logGet(43)) - raft.server.rpc.timeout.min = 5s (custom)
2019-09-26 21:18:47,162 [pool-27-thread-1] INFO  server.RaftServerConfigKeys (ConfUtils.java:logGet(43)) - raft.server.rpc.timeout.max = 5200ms (custom)
2019-09-26 21:18:47,163 [pool-27-thread-1] INFO  server.RaftServerConfigKeys (ConfUtils.java:logGet(43)) - raft.server.rpcslowness.timeout = 120s (custom)
2019-09-26 21:18:47,163 [pool-27-thread-1] INFO  server.RaftServerConfigKeys (ConfUtils.java:logGet(43)) - raft.server.sleep.deviation.threshold = 300 (default)
2019-09-26 21:18:47,163 [pool-27-thread-1] INFO  server.RaftServerConfigKeys (ConfUtils.java:logGet(43)) - raft.server.log.appender.install.snapshot.enabled = false (custom)
2019-09-26 21:18:47,163 [pool-27-thread-1] INFO  impl.RaftServerImpl (ServerState.java:<init>(103)) - 9ce0b59e-153f-4f41-8aed-492a76d80b48@group-D14484569D87: ConfigurationManager, init=-1: [9ce0b59e-153f-4f41-8aed-492a76d80b48:192.168.151.99:34156], old=null, confs=<EMPTY_MAP>
2019-09-26 21:18:47,163 [pool-27-thread-1] INFO  server.RaftServerConfigKeys (ConfUtils.java:logGet(43)) - raft.server.storage.dir = [/workdir/hadoop-ozone/ozonefs/target/test-dir/MiniOzoneClusterImpl-5b64906c-d720-4906-b30c-b6d56a2122fd/datanode-0/data/ratis] (custom)
2019-09-26 21:18:47,164 [pool-27-thread-1] INFO  storage.RaftStorageDirectory (RaftStorageDirectory.java:analyzeStorage(246)) - The storage directory /workdir/hadoop-ozone/ozonefs/target/test-dir/MiniOzoneClusterImpl-5b64906c-d720-4906-b30c-b6d56a2122fd/datanode-0/data/ratis/577855eb-2940-4915-a43d-d14484569d87 does not exist. Creating ...
2019-09-26 21:18:47,177 [pool-27-thread-1] INFO  storage.RaftStorageDirectory (RaftStorageDirectory.java:tryLock(328)) - Lock on /workdir/hadoop-ozone/ozonefs/target/test-dir/MiniOzoneClusterImpl-5b64906c-d720-4906-b30c-b6d56a2122fd/datanode-0/data/ratis/577855eb-2940-4915-a43d-d14484569d87/in_use.lock acquired by nodename 10701@pr-hdds-1569-g6sp5-2013761785
2019-09-26 21:18:47,190 [pool-27-thread-1] INFO  storage.RaftStorage (RaftStorage.java:format(72)) - Storage directory /workdir/hadoop-ozone/ozonefs/target/test-dir/MiniOzoneClusterImpl-5b64906c-d720-4906-b30c-b6d56a2122fd/datanode-0/data/ratis/577855eb-2940-4915-a43d-d14484569d87 has been successfully formatted.
2019-09-26 21:18:47,191 [pool-27-thread-1] INFO  ratis.ContainerStateMachine (ContainerStateMachine.java:loadSnapshot(230)) - group-D14484569D87: The snapshot info is null. Setting the last applied indexto:(t:0, i:~)
2019-09-26 21:18:47,191 [pool-27-thread-1] INFO  server.RaftServerConfigKeys (ConfUtils.java:logGet(43)) - raft.server.notification.no-leader.timeout = 120s (custom)
2019-09-26 21:18:47,191 [pool-27-thread-1] INFO  server.RaftServerConfigKeys (ConfUtils.java:logGet(43)) - raft.server.log.use.memory = false (default)
2019-09-26 21:18:47,191 [pool-27-thread-1] INFO  server.RaftServerConfigKeys (ConfUtils.java:logGet(43)) - raft.server.log.purge.gap = 1000000 (custom)
2019-09-26 21:18:47,191 [pool-27-thread-1] INFO  server.RaftServerConfigKeys (ConfUtils.java:logGet(43)) - raft.server.log.appender.buffer.byte-limit = 33554432 (custom)
2019-09-26 21:18:47,192 [pool-27-thread-1] INFO  server.RaftServerConfigKeys (ConfUtils.java:logGet(43)) - raft.server.log.segment.size.max = 1048576 (custom)
2019-09-26 21:18:47,192 [pool-27-thread-1] INFO  server.RaftServerConfigKeys (ConfUtils.java:logGet(43)) - raft.server.log.segment.cache.num.max = 2 (custom)
2019-09-26 21:18:47,192 [pool-27-thread-1] INFO  segmented.SegmentedRaftLogWorker (SegmentedRaftLogWorker.java:<init>(172)) - new 9ce0b59e-153f-4f41-8aed-492a76d80b48@group-D14484569D87-SegmentedRaftLogWorker for RaftStorage:Storage Directory /workdir/hadoop-ozone/ozonefs/target/test-dir/MiniOzoneClusterImpl-5b64906c-d720-4906-b30c-b6d56a2122fd/datanode-0/data/ratis/577855eb-2940-4915-a43d-d14484569d87
2019-09-26 21:18:47,192 [pool-27-thread-1] INFO  server.RaftServerConfigKeys (ConfUtils.java:logGet(43)) - raft.server.log.queue.byte-limit = 2147483647 (custom)
2019-09-26 21:18:47,192 [pool-27-thread-1] INFO  server.RaftServerConfigKeys (ConfUtils.java:logGet(43)) - raft.server.log.queue.element-limit = 1024 (custom)
2019-09-26 21:18:47,192 [pool-27-thread-1] INFO  server.RaftServerConfigKeys (ConfUtils.java:logGet(43)) - raft.server.log.segment.size.max = 1048576 (custom)
2019-09-26 21:18:47,193 [pool-27-thread-1] INFO  server.RaftServerConfigKeys (ConfUtils.java:logGet(43)) - raft.server.log.preallocated.size = 16384 (custom)
2019-09-26 21:18:47,193 [pool-27-thread-1] INFO  server.RaftServerConfigKeys (ConfUtils.java:logGet(43)) - raft.server.log.write.buffer.size = 33554432 (custom)
2019-09-26 21:18:47,193 [pool-27-thread-1] INFO  server.RaftServerConfigKeys (ConfUtils.java:logGet(43)) - raft.server.log.force.sync.num = 128 (default)
2019-09-26 21:18:47,193 [pool-27-thread-1] INFO  server.RaftServerConfigKeys (ConfUtils.java:logGet(43)) - raft.server.log.statemachine.data.sync = true (default)
2019-09-26 21:18:47,193 [pool-27-thread-1] INFO  server.RaftServerConfigKeys (ConfUtils.java:logGet(43)) - raft.server.log.statemachine.data.sync.timeout = 10s (default)
2019-09-26 21:18:47,193 [pool-27-thread-1] INFO  server.RaftServerConfigKeys (ConfUtils.java:logGet(43)) - raft.server.log.statemachine.data.sync.timeout.retry = -1 (default)
2019-09-26 21:18:47,194 [pool-27-thread-1] INFO  server.RaftServerConfigKeys (ConfUtils.java:logGet(43)) - raft.server.log.statemachine.data.caching.enabled = true (custom)
2019-09-26 21:18:47,194 [pool-27-thread-1] INFO  segmented.SegmentedRaftLogWorker (SegmentedRaftLogWorker.java:lambda$new$0(132)) - 9ce0b59e-153f-4f41-8aed-492a76d80b48@group-D14484569D87-SegmentedRaftLogWorker: flushIndex: setUnconditionally 0 -> -1
2019-09-26 21:18:47,194 [pool-27-thread-1] INFO  server.RaftServerConfigKeys (ConfUtils.java:logGet(43)) - raft.server.snapshot.auto.trigger.enabled = true (custom)
2019-09-26 21:18:47,195 [pool-27-thread-1] INFO  server.RaftServerConfigKeys (ConfUtils.java:logGet(43)) - raft.server.snapshot.auto.trigger.threshold = 10000 (custom)
2019-09-26 21:18:47,195 [pool-27-thread-1] INFO  server.RaftServerConfigKeys (ConfUtils.java:logGet(43)) - raft.server.snapshot.retention.num.files = 5 (custom)
2019-09-26 21:18:47,195 [pool-27-thread-1] INFO  server.RaftServerConfigKeys (ConfUtils.java:logGet(43)) - raft.server.retrycache.expirytime = 600000ms (custom)
2019-09-26 21:18:47,198 [pool-27-thread-1] INFO  impl.RaftServerImpl (RaftServerImpl.java:start(185)) - 9ce0b59e-153f-4f41-8aed-492a76d80b48@group-D14484569D87: start as a follower, conf=-1: [9ce0b59e-153f-4f41-8aed-492a76d80b48:192.168.151.99:34156], old=null
2019-09-26 21:18:47,198 [pool-27-thread-1] INFO  impl.RaftServerImpl (RaftServerImpl.java:setRole(174)) - 9ce0b59e-153f-4f41-8aed-492a76d80b48@group-D14484569D87: changes role from      null to FOLLOWER at term 0 for startAsFollower
2019-09-26 21:18:47,198 [pool-27-thread-1] INFO  impl.RoleInfo (RoleInfo.java:updateAndGet(143)) - 9ce0b59e-153f-4f41-8aed-492a76d80b48: start FollowerState
2019-09-26 21:18:47,199 [pool-27-thread-1] INFO  util.JmxRegister (JmxRegister.java:tryRegister(44)) - Successfully registered JMX Bean with object name Ratis:service=RaftServer,group=group-D14484569D87,id=9ce0b59e-153f-4f41-8aed-492a76d80b48
2019-09-26 21:18:47,202 [RatisPipelineUtilsThread] INFO  pipeline.PipelineStateManager (PipelineStateManager.java:addPipeline(56)) - Created pipeline Pipeline[ Id: 577855eb-2940-4915-a43d-d14484569d87, Nodes: 9ce0b59e-153f-4f41-8aed-492a76d80b48{ip: 192.168.151.99, host: pr-hdds-1569-g6sp5-2013761785, networkLocation: /default-rack, certSerialId: null}, Type:RATIS, Factor:ONE, State:OPEN]
2019-09-26 21:18:47,207 [grpc-default-executor-1] INFO  impl.RaftServerProxy (RaftServerProxy.java:addNew(89)) - 9ce0b59e-153f-4f41-8aed-492a76d80b48: addNew group-3B9CADCF1AEC:[9ce0b59e-153f-4f41-8aed-492a76d80b48:192.168.151.99:34156] returns group-3B9CADCF1AEC:java.util.concurrent.CompletableFuture@1f711bab[Not completed]
2019-09-26 21:18:47,208 [pool-27-thread-1] INFO  impl.RaftServerImpl (RaftServerImpl.java:<init>(95)) - 9ce0b59e-153f-4f41-8aed-492a76d80b48: new RaftServerImpl for group-3B9CADCF1AEC:[9ce0b59e-153f-4f41-8aed-492a76d80b48:192.168.151.99:34156] with ContainerStateMachine:uninitialized
2019-09-26 21:18:47,209 [pool-27-thread-1] INFO  server.RaftServerConfigKeys (ConfUtils.java:logGet(43)) - raft.server.rpc.timeout.min = 5s (custom)
2019-09-26 21:18:47,209 [pool-27-thread-1] INFO  server.RaftServerConfigKeys (ConfUtils.java:logGet(43)) - raft.server.rpc.timeout.max = 5200ms (custom)
2019-09-26 21:18:47,209 [pool-27-thread-1] INFO  server.RaftServerConfigKeys (ConfUtils.java:logGet(43)) - raft.server.rpcslowness.timeout = 120s (custom)
2019-09-26 21:18:47,209 [pool-27-thread-1] INFO  server.RaftServerConfigKeys (ConfUtils.java:logGet(43)) - raft.server.sleep.deviation.threshold = 300 (default)
2019-09-26 21:18:47,209 [pool-27-thread-1] INFO  server.RaftServerConfigKeys (ConfUtils.java:logGet(43)) - raft.server.log.appender.install.snapshot.enabled = false (custom)
2019-09-26 21:18:47,209 [pool-27-thread-1] INFO  impl.RaftServerImpl (ServerState.java:<init>(103)) - 9ce0b59e-153f-4f41-8aed-492a76d80b48@group-3B9CADCF1AEC: ConfigurationManager, init=-1: [9ce0b59e-153f-4f41-8aed-492a76d80b48:192.168.151.99:34156], old=null, confs=<EMPTY_MAP>
2019-09-26 21:18:47,209 [pool-27-thread-1] INFO  server.RaftServerConfigKeys (ConfUtils.java:logGet(43)) - raft.server.storage.dir = [/workdir/hadoop-ozone/ozonefs/target/test-dir/MiniOzoneClusterImpl-5b64906c-d720-4906-b30c-b6d56a2122fd/datanode-0/data/ratis] (custom)
2019-09-26 21:18:47,210 [pool-27-thread-1] INFO  storage.RaftStorageDirectory (RaftStorageDirectory.java:analyzeStorage(246)) - The storage directory /workdir/hadoop-ozone/ozonefs/target/test-dir/MiniOzoneClusterImpl-5b64906c-d720-4906-b30c-b6d56a2122fd/datanode-0/data/ratis/5b272500-fa62-43ce-9033-3b9cadcf1aec does not exist. Creating ...
2019-09-26 21:18:47,223 [pool-27-thread-1] INFO  storage.RaftStorageDirectory (RaftStorageDirectory.java:tryLock(328)) - Lock on /workdir/hadoop-ozone/ozonefs/target/test-dir/MiniOzoneClusterImpl-5b64906c-d720-4906-b30c-b6d56a2122fd/datanode-0/data/ratis/5b272500-fa62-43ce-9033-3b9cadcf1aec/in_use.lock acquired by nodename 10701@pr-hdds-1569-g6sp5-2013761785
2019-09-26 21:18:47,236 [pool-27-thread-1] INFO  storage.RaftStorage (RaftStorage.java:format(72)) - Storage directory /workdir/hadoop-ozone/ozonefs/target/test-dir/MiniOzoneClusterImpl-5b64906c-d720-4906-b30c-b6d56a2122fd/datanode-0/data/ratis/5b272500-fa62-43ce-9033-3b9cadcf1aec has been successfully formatted.
2019-09-26 21:18:47,236 [pool-27-thread-1] INFO  ratis.ContainerStateMachine (ContainerStateMachine.java:loadSnapshot(230)) - group-3B9CADCF1AEC: The snapshot info is null. Setting the last applied indexto:(t:0, i:~)
2019-09-26 21:18:47,236 [pool-27-thread-1] INFO  server.RaftServerConfigKeys (ConfUtils.java:logGet(43)) - raft.server.notification.no-leader.timeout = 120s (custom)
2019-09-26 21:18:47,236 [pool-27-thread-1] INFO  server.RaftServerConfigKeys (ConfUtils.java:logGet(43)) - raft.server.log.use.memory = false (default)
2019-09-26 21:18:47,236 [pool-27-thread-1] INFO  server.RaftServerConfigKeys (ConfUtils.java:logGet(43)) - raft.server.log.purge.gap = 1000000 (custom)
2019-09-26 21:18:47,237 [pool-27-thread-1] INFO  server.RaftServerConfigKeys (ConfUtils.java:logGet(43)) - raft.server.log.appender.buffer.byte-limit = 33554432 (custom)
2019-09-26 21:18:47,237 [pool-27-thread-1] INFO  server.RaftServerConfigKeys (ConfUtils.java:logGet(43)) - raft.server.log.segment.size.max = 1048576 (custom)
2019-09-26 21:18:47,237 [pool-27-thread-1] INFO  server.RaftServerConfigKeys (ConfUtils.java:logGet(43)) - raft.server.log.segment.cache.num.max = 2 (custom)
2019-09-26 21:18:47,237 [pool-27-thread-1] INFO  segmented.SegmentedRaftLogWorker (SegmentedRaftLogWorker.java:<init>(172)) - new 9ce0b59e-153f-4f41-8aed-492a76d80b48@group-3B9CADCF1AEC-SegmentedRaftLogWorker for RaftStorage:Storage Directory /workdir/hadoop-ozone/ozonefs/target/test-dir/MiniOzoneClusterImpl-5b64906c-d720-4906-b30c-b6d56a2122fd/datanode-0/data/ratis/5b272500-fa62-43ce-9033-3b9cadcf1aec
2019-09-26 21:18:47,237 [pool-27-thread-1] INFO  server.RaftServerConfigKeys (ConfUtils.java:logGet(43)) - raft.server.log.queue.byte-limit = 2147483647 (custom)
2019-09-26 21:18:47,237 [pool-27-thread-1] INFO  server.RaftServerConfigKeys (ConfUtils.java:logGet(43)) - raft.server.log.queue.element-limit = 1024 (custom)
2019-09-26 21:18:47,237 [pool-27-thread-1] INFO  server.RaftServerConfigKeys (ConfUtils.java:logGet(43)) - raft.server.log.segment.size.max = 1048576 (custom)
2019-09-26 21:18:47,238 [pool-27-thread-1] INFO  server.RaftServerConfigKeys (ConfUtils.java:logGet(43)) - raft.server.log.preallocated.size = 16384 (custom)
2019-09-26 21:18:47,238 [pool-27-thread-1] INFO  server.RaftServerConfigKeys (ConfUtils.java:logGet(43)) - raft.server.log.write.buffer.size = 33554432 (custom)
2019-09-26 21:18:47,238 [pool-27-thread-1] INFO  server.RaftServerConfigKeys (ConfUtils.java:logGet(43)) - raft.server.log.force.sync.num = 128 (default)
2019-09-26 21:18:47,238 [pool-27-thread-1] INFO  server.RaftServerConfigKeys (ConfUtils.java:logGet(43)) - raft.server.log.statemachine.data.sync = true (default)
2019-09-26 21:18:47,238 [pool-27-thread-1] INFO  server.RaftServerConfigKeys (ConfUtils.java:logGet(43)) - raft.server.log.statemachine.data.sync.timeout = 10s (default)
2019-09-26 21:18:47,238 [pool-27-thread-1] INFO  server.RaftServerConfigKeys (ConfUtils.java:logGet(43)) - raft.server.log.statemachine.data.sync.timeout.retry = -1 (default)
2019-09-26 21:18:47,238 [pool-27-thread-1] INFO  server.RaftServerConfigKeys (ConfUtils.java:logGet(43)) - raft.server.log.statemachine.data.caching.enabled = true (custom)
2019-09-26 21:18:47,239 [pool-27-thread-1] INFO  segmented.SegmentedRaftLogWorker (SegmentedRaftLogWorker.java:lambda$new$0(132)) - 9ce0b59e-153f-4f41-8aed-492a76d80b48@group-3B9CADCF1AEC-SegmentedRaftLogWorker: flushIndex: setUnconditionally 0 -> -1
2019-09-26 21:18:47,239 [pool-27-thread-1] INFO  server.RaftServerConfigKeys (ConfUtils.java:logGet(43)) - raft.server.snapshot.auto.trigger.enabled = true (custom)
2019-09-26 21:18:47,239 [pool-27-thread-1] INFO  server.RaftServerConfigKeys (ConfUtils.java:logGet(43)) - raft.server.snapshot.auto.trigger.threshold = 10000 (custom)
2019-09-26 21:18:47,239 [pool-27-thread-1] INFO  server.RaftServerConfigKeys (ConfUtils.java:logGet(43)) - raft.server.snapshot.retention.num.files = 5 (custom)
2019-09-26 21:18:47,239 [pool-27-thread-1] INFO  server.RaftServerConfigKeys (ConfUtils.java:logGet(43)) - raft.server.retrycache.expirytime = 600000ms (custom)
2019-09-26 21:18:47,242 [pool-27-thread-1] INFO  impl.RaftServerImpl (RaftServerImpl.java:start(185)) - 9ce0b59e-153f-4f41-8aed-492a76d80b48@group-3B9CADCF1AEC: start as a follower, conf=-1: [9ce0b59e-153f-4f41-8aed-492a76d80b48:192.168.151.99:34156], old=null
2019-09-26 21:18:47,242 [pool-27-thread-1] INFO  impl.RaftServerImpl (RaftServerImpl.java:setRole(174)) - 9ce0b59e-153f-4f41-8aed-492a76d80b48@group-3B9CADCF1AEC: changes role from      null to FOLLOWER at term 0 for startAsFollower
2019-09-26 21:18:47,242 [pool-27-thread-1] INFO  impl.RoleInfo (RoleInfo.java:updateAndGet(143)) - 9ce0b59e-153f-4f41-8aed-492a76d80b48: start FollowerState
2019-09-26 21:18:47,243 [pool-27-thread-1] INFO  util.JmxRegister (JmxRegister.java:tryRegister(44)) - Successfully registered JMX Bean with object name Ratis:service=RaftServer,group=group-3B9CADCF1AEC,id=9ce0b59e-153f-4f41-8aed-492a76d80b48
2019-09-26 21:18:47,245 [RatisPipelineUtilsThread] INFO  pipeline.PipelineStateManager (PipelineStateManager.java:addPipeline(56)) - Created pipeline Pipeline[ Id: 5b272500-fa62-43ce-9033-3b9cadcf1aec, Nodes: 9ce0b59e-153f-4f41-8aed-492a76d80b48{ip: 192.168.151.99, host: pr-hdds-1569-g6sp5-2013761785, networkLocation: /default-rack, certSerialId: null}, Type:RATIS, Factor:ONE, State:OPEN]
2019-09-26 21:18:47,251 [grpc-default-executor-1] INFO  impl.RaftServerProxy (RaftServerProxy.java:addNew(89)) - 9ce0b59e-153f-4f41-8aed-492a76d80b48: addNew group-5F3B934AB93E:[9ce0b59e-153f-4f41-8aed-492a76d80b48:192.168.151.99:34156] returns group-5F3B934AB93E:java.util.concurrent.CompletableFuture@7c0aad3[Not completed]
2019-09-26 21:18:47,252 [pool-27-thread-1] INFO  impl.RaftServerImpl (RaftServerImpl.java:<init>(95)) - 9ce0b59e-153f-4f41-8aed-492a76d80b48: new RaftServerImpl for group-5F3B934AB93E:[9ce0b59e-153f-4f41-8aed-492a76d80b48:192.168.151.99:34156] with ContainerStateMachine:uninitialized
2019-09-26 21:18:47,252 [pool-27-thread-1] INFO  server.RaftServerConfigKeys (ConfUtils.java:logGet(43)) - raft.server.rpc.timeout.min = 5s (custom)
2019-09-26 21:18:47,252 [pool-27-thread-1] INFO  server.RaftServerConfigKeys (ConfUtils.java:logGet(43)) - raft.server.rpc.timeout.max = 5200ms (custom)
2019-09-26 21:18:47,253 [pool-27-thread-1] INFO  server.RaftServerConfigKeys (ConfUtils.java:logGet(43)) - raft.server.rpcslowness.timeout = 120s (custom)
2019-09-26 21:18:47,253 [pool-27-thread-1] INFO  server.RaftServerConfigKeys (ConfUtils.java:logGet(43)) - raft.server.sleep.deviation.threshold = 300 (default)
2019-09-26 21:18:47,253 [pool-27-thread-1] INFO  server.RaftServerConfigKeys (ConfUtils.java:logGet(43)) - raft.server.log.appender.install.snapshot.enabled = false (custom)
2019-09-26 21:18:47,253 [pool-27-thread-1] INFO  impl.RaftServerImpl (ServerState.java:<init>(103)) - 9ce0b59e-153f-4f41-8aed-492a76d80b48@group-5F3B934AB93E: ConfigurationManager, init=-1: [9ce0b59e-153f-4f41-8aed-492a76d80b48:192.168.151.99:34156], old=null, confs=<EMPTY_MAP>
2019-09-26 21:18:47,253 [pool-27-thread-1] INFO  server.RaftServerConfigKeys (ConfUtils.java:logGet(43)) - raft.server.storage.dir = [/workdir/hadoop-ozone/ozonefs/target/test-dir/MiniOzoneClusterImpl-5b64906c-d720-4906-b30c-b6d56a2122fd/datanode-0/data/ratis] (custom)
2019-09-26 21:18:47,254 [pool-27-thread-1] INFO  storage.RaftStorageDirectory (RaftStorageDirectory.java:analyzeStorage(246)) - The storage directory /workdir/hadoop-ozone/ozonefs/target/test-dir/MiniOzoneClusterImpl-5b64906c-d720-4906-b30c-b6d56a2122fd/datanode-0/data/ratis/f909d092-6ef0-4047-bd0c-5f3b934ab93e does not exist. Creating ...
2019-09-26 21:18:47,266 [pool-27-thread-1] INFO  storage.RaftStorageDirectory (RaftStorageDirectory.java:tryLock(328)) - Lock on /workdir/hadoop-ozone/ozonefs/target/test-dir/MiniOzoneClusterImpl-5b64906c-d720-4906-b30c-b6d56a2122fd/datanode-0/data/ratis/f909d092-6ef0-4047-bd0c-5f3b934ab93e/in_use.lock acquired by nodename 10701@pr-hdds-1569-g6sp5-2013761785
2019-09-26 21:18:47,280 [pool-27-thread-1] INFO  storage.RaftStorage (RaftStorage.java:format(72)) - Storage directory /workdir/hadoop-ozone/ozonefs/target/test-dir/MiniOzoneClusterImpl-5b64906c-d720-4906-b30c-b6d56a2122fd/datanode-0/data/ratis/f909d092-6ef0-4047-bd0c-5f3b934ab93e has been successfully formatted.
2019-09-26 21:18:47,280 [pool-27-thread-1] INFO  ratis.ContainerStateMachine (ContainerStateMachine.java:loadSnapshot(230)) - group-5F3B934AB93E: The snapshot info is null. Setting the last applied indexto:(t:0, i:~)
2019-09-26 21:18:47,280 [pool-27-thread-1] INFO  server.RaftServerConfigKeys (ConfUtils.java:logGet(43)) - raft.server.notification.no-leader.timeout = 120s (custom)
2019-09-26 21:18:47,280 [pool-27-thread-1] INFO  server.RaftServerConfigKeys (ConfUtils.java:logGet(43)) - raft.server.log.use.memory = false (default)
2019-09-26 21:18:47,280 [pool-27-thread-1] INFO  server.RaftServerConfigKeys (ConfUtils.java:logGet(43)) - raft.server.log.purge.gap = 1000000 (custom)
2019-09-26 21:18:47,281 [pool-27-thread-1] INFO  server.RaftServerConfigKeys (ConfUtils.java:logGet(43)) - raft.server.log.appender.buffer.byte-limit = 33554432 (custom)
2019-09-26 21:18:47,281 [pool-27-thread-1] INFO  server.RaftServerConfigKeys (ConfUtils.java:logGet(43)) - raft.server.log.segment.size.max = 1048576 (custom)
2019-09-26 21:18:47,281 [pool-27-thread-1] INFO  server.RaftServerConfigKeys (ConfUtils.java:logGet(43)) - raft.server.log.segment.cache.num.max = 2 (custom)
2019-09-26 21:18:47,281 [pool-27-thread-1] INFO  segmented.SegmentedRaftLogWorker (SegmentedRaftLogWorker.java:<init>(172)) - new 9ce0b59e-153f-4f41-8aed-492a76d80b48@group-5F3B934AB93E-SegmentedRaftLogWorker for RaftStorage:Storage Directory /workdir/hadoop-ozone/ozonefs/target/test-dir/MiniOzoneClusterImpl-5b64906c-d720-4906-b30c-b6d56a2122fd/datanode-0/data/ratis/f909d092-6ef0-4047-bd0c-5f3b934ab93e
2019-09-26 21:18:47,281 [pool-27-thread-1] INFO  server.RaftServerConfigKeys (ConfUtils.java:logGet(43)) - raft.server.log.queue.byte-limit = 2147483647 (custom)
2019-09-26 21:18:47,281 [pool-27-thread-1] INFO  server.RaftServerConfigKeys (ConfUtils.java:logGet(43)) - raft.server.log.queue.element-limit = 1024 (custom)
2019-09-26 21:18:47,281 [pool-27-thread-1] INFO  server.RaftServerConfigKeys (ConfUtils.java:logGet(43)) - raft.server.log.segment.size.max = 1048576 (custom)
2019-09-26 21:18:47,281 [pool-27-thread-1] INFO  server.RaftServerConfigKeys (ConfUtils.java:logGet(43)) - raft.server.log.preallocated.size = 16384 (custom)
2019-09-26 21:18:47,281 [pool-27-thread-1] INFO  server.RaftServerConfigKeys (ConfUtils.java:logGet(43)) - raft.server.log.write.buffer.size = 33554432 (custom)
2019-09-26 21:18:47,282 [pool-27-thread-1] INFO  server.RaftServerConfigKeys (ConfUtils.java:logGet(43)) - raft.server.log.force.sync.num = 128 (default)
2019-09-26 21:18:47,282 [pool-27-thread-1] INFO  server.RaftServerConfigKeys (ConfUtils.java:logGet(43)) - raft.server.log.statemachine.data.sync = true (default)
2019-09-26 21:18:47,282 [pool-27-thread-1] INFO  server.RaftServerConfigKeys (ConfUtils.java:logGet(43)) - raft.server.log.statemachine.data.sync.timeout = 10s (default)
2019-09-26 21:18:47,282 [pool-27-thread-1] INFO  server.RaftServerConfigKeys (ConfUtils.java:logGet(43)) - raft.server.log.statemachine.data.sync.timeout.retry = -1 (default)
2019-09-26 21:18:47,282 [pool-27-thread-1] INFO  server.RaftServerConfigKeys (ConfUtils.java:logGet(43)) - raft.server.log.statemachine.data.caching.enabled = true (custom)
2019-09-26 21:18:47,282 [pool-27-thread-1] INFO  segmented.SegmentedRaftLogWorker (SegmentedRaftLogWorker.java:lambda$new$0(132)) - 9ce0b59e-153f-4f41-8aed-492a76d80b48@group-5F3B934AB93E-SegmentedRaftLogWorker: flushIndex: setUnconditionally 0 -> -1
2019-09-26 21:18:47,283 [pool-27-thread-1] INFO  server.RaftServerConfigKeys (ConfUtils.java:logGet(43)) - raft.server.snapshot.auto.trigger.enabled = true (custom)
2019-09-26 21:18:47,283 [pool-27-thread-1] INFO  server.RaftServerConfigKeys (ConfUtils.java:logGet(43)) - raft.server.snapshot.auto.trigger.threshold = 10000 (custom)
2019-09-26 21:18:47,283 [pool-27-thread-1] INFO  server.RaftServerConfigKeys (ConfUtils.java:logGet(43)) - raft.server.snapshot.retention.num.files = 5 (custom)
2019-09-26 21:18:47,283 [pool-27-thread-1] INFO  server.RaftServerConfigKeys (ConfUtils.java:logGet(43)) - raft.server.retrycache.expirytime = 600000ms (custom)
2019-09-26 21:18:47,286 [pool-27-thread-1] INFO  impl.RaftServerImpl (RaftServerImpl.java:start(185)) - 9ce0b59e-153f-4f41-8aed-492a76d80b48@group-5F3B934AB93E: start as a follower, conf=-1: [9ce0b59e-153f-4f41-8aed-492a76d80b48:192.168.151.99:34156], old=null
2019-09-26 21:18:47,286 [pool-27-thread-1] INFO  impl.RaftServerImpl (RaftServerImpl.java:setRole(174)) - 9ce0b59e-153f-4f41-8aed-492a76d80b48@group-5F3B934AB93E: changes role from      null to FOLLOWER at term 0 for startAsFollower
2019-09-26 21:18:47,286 [pool-27-thread-1] INFO  impl.RoleInfo (RoleInfo.java:updateAndGet(143)) - 9ce0b59e-153f-4f41-8aed-492a76d80b48: start FollowerState
2019-09-26 21:18:47,287 [pool-27-thread-1] INFO  util.JmxRegister (JmxRegister.java:tryRegister(44)) - Successfully registered JMX Bean with object name Ratis:service=RaftServer,group=group-5F3B934AB93E,id=9ce0b59e-153f-4f41-8aed-492a76d80b48
2019-09-26 21:18:47,290 [RatisPipelineUtilsThread] INFO  pipeline.PipelineStateManager (PipelineStateManager.java:addPipeline(56)) - Created pipeline Pipeline[ Id: f909d092-6ef0-4047-bd0c-5f3b934ab93e, Nodes: 9ce0b59e-153f-4f41-8aed-492a76d80b48{ip: 192.168.151.99, host: pr-hdds-1569-g6sp5-2013761785, networkLocation: /default-rack, certSerialId: null}, Type:RATIS, Factor:ONE, State:OPEN]
2019-09-26 21:18:47,295 [grpc-default-executor-1] INFO  impl.RaftServerProxy (RaftServerProxy.java:addNew(89)) - 1178c3ae-d0b4-4d44-b144-fe8504cc41ac: addNew group-9D69517A24DC:[1178c3ae-d0b4-4d44-b144-fe8504cc41ac:192.168.151.99:33787] returns group-9D69517A24DC:java.util.concurrent.CompletableFuture@5999a42e[Not completed]
2019-09-26 21:18:47,297 [pool-37-thread-1] INFO  impl.RaftServerImpl (RaftServerImpl.java:<init>(95)) - 1178c3ae-d0b4-4d44-b144-fe8504cc41ac: new RaftServerImpl for group-9D69517A24DC:[1178c3ae-d0b4-4d44-b144-fe8504cc41ac:192.168.151.99:33787] with ContainerStateMachine:uninitialized
2019-09-26 21:18:47,297 [pool-37-thread-1] INFO  server.RaftServerConfigKeys (ConfUtils.java:logGet(43)) - raft.server.rpc.timeout.min = 5s (custom)
2019-09-26 21:18:47,297 [pool-37-thread-1] INFO  server.RaftServerConfigKeys (ConfUtils.java:logGet(43)) - raft.server.rpc.timeout.max = 5200ms (custom)
2019-09-26 21:18:47,297 [pool-37-thread-1] INFO  server.RaftServerConfigKeys (ConfUtils.java:logGet(43)) - raft.server.rpcslowness.timeout = 120s (custom)
2019-09-26 21:18:47,298 [pool-37-thread-1] INFO  server.RaftServerConfigKeys (ConfUtils.java:logGet(43)) - raft.server.sleep.deviation.threshold = 300 (default)
2019-09-26 21:18:47,298 [pool-37-thread-1] INFO  server.RaftServerConfigKeys (ConfUtils.java:logGet(43)) - raft.server.log.appender.install.snapshot.enabled = false (custom)
2019-09-26 21:18:47,298 [pool-37-thread-1] INFO  impl.RaftServerImpl (ServerState.java:<init>(103)) - 1178c3ae-d0b4-4d44-b144-fe8504cc41ac@group-9D69517A24DC: ConfigurationManager, init=-1: [1178c3ae-d0b4-4d44-b144-fe8504cc41ac:192.168.151.99:33787], old=null, confs=<EMPTY_MAP>
2019-09-26 21:18:47,298 [pool-37-thread-1] INFO  server.RaftServerConfigKeys (ConfUtils.java:logGet(43)) - raft.server.storage.dir = [/workdir/hadoop-ozone/ozonefs/target/test-dir/MiniOzoneClusterImpl-5b64906c-d720-4906-b30c-b6d56a2122fd/datanode-1/data/ratis] (custom)
2019-09-26 21:18:47,299 [pool-37-thread-1] INFO  storage.RaftStorageDirectory (RaftStorageDirectory.java:analyzeStorage(246)) - The storage directory /workdir/hadoop-ozone/ozonefs/target/test-dir/MiniOzoneClusterImpl-5b64906c-d720-4906-b30c-b6d56a2122fd/datanode-1/data/ratis/24fe59fc-7898-4932-971a-9d69517a24dc does not exist. Creating ...
2019-09-26 21:18:47,313 [pool-37-thread-1] INFO  storage.RaftStorageDirectory (RaftStorageDirectory.java:tryLock(328)) - Lock on /workdir/hadoop-ozone/ozonefs/target/test-dir/MiniOzoneClusterImpl-5b64906c-d720-4906-b30c-b6d56a2122fd/datanode-1/data/ratis/24fe59fc-7898-4932-971a-9d69517a24dc/in_use.lock acquired by nodename 10701@pr-hdds-1569-g6sp5-2013761785
2019-09-26 21:18:47,326 [Thread-210] INFO  impl.FollowerState (FollowerState.java:run(106)) - 9ce0b59e-153f-4f41-8aed-492a76d80b48:group-47FB47AAC5CB changes to CANDIDATE, lastRpcTime:5103, electionTimeout:5102ms
2019-09-26 21:18:47,330 [pool-37-thread-1] INFO  storage.RaftStorage (RaftStorage.java:format(72)) - Storage directory /workdir/hadoop-ozone/ozonefs/target/test-dir/MiniOzoneClusterImpl-5b64906c-d720-4906-b30c-b6d56a2122fd/datanode-1/data/ratis/24fe59fc-7898-4932-971a-9d69517a24dc has been successfully formatted.
2019-09-26 21:18:47,331 [pool-37-thread-1] INFO  ratis.ContainerStateMachine (ContainerStateMachine.java:loadSnapshot(230)) - group-9D69517A24DC: The snapshot info is null. Setting the last applied indexto:(t:0, i:~)
2019-09-26 21:18:47,331 [pool-37-thread-1] INFO  server.RaftServerConfigKeys (ConfUtils.java:logGet(43)) - raft.server.notification.no-leader.timeout = 120s (custom)
2019-09-26 21:18:47,331 [pool-37-thread-1] INFO  server.RaftServerConfigKeys (ConfUtils.java:logGet(43)) - raft.server.log.use.memory = false (default)
2019-09-26 21:18:47,331 [pool-37-thread-1] INFO  server.RaftServerConfigKeys (ConfUtils.java:logGet(43)) - raft.server.log.purge.gap = 1000000 (custom)
2019-09-26 21:18:47,332 [pool-37-thread-1] INFO  server.RaftServerConfigKeys (ConfUtils.java:logGet(43)) - raft.server.log.appender.buffer.byte-limit = 33554432 (custom)
2019-09-26 21:18:47,332 [pool-37-thread-1] INFO  server.RaftServerConfigKeys (ConfUtils.java:logGet(43)) - raft.server.log.segment.size.max = 1048576 (custom)
2019-09-26 21:18:47,332 [pool-37-thread-1] INFO  server.RaftServerConfigKeys (ConfUtils.java:logGet(43)) - raft.server.log.segment.cache.num.max = 2 (custom)
2019-09-26 21:18:47,332 [pool-37-thread-1] INFO  segmented.SegmentedRaftLogWorker (SegmentedRaftLogWorker.java:<init>(172)) - new 1178c3ae-d0b4-4d44-b144-fe8504cc41ac@group-9D69517A24DC-SegmentedRaftLogWorker for RaftStorage:Storage Directory /workdir/hadoop-ozone/ozonefs/target/test-dir/MiniOzoneClusterImpl-5b64906c-d720-4906-b30c-b6d56a2122fd/datanode-1/data/ratis/24fe59fc-7898-4932-971a-9d69517a24dc
2019-09-26 21:18:47,332 [pool-37-thread-1] INFO  server.RaftServerConfigKeys (ConfUtils.java:logGet(43)) - raft.server.log.queue.byte-limit = 2147483647 (custom)
2019-09-26 21:18:47,332 [Thread-210] INFO  impl.RoleInfo (RoleInfo.java:shutdownFollowerState(121)) - 9ce0b59e-153f-4f41-8aed-492a76d80b48: shutdown FollowerState
2019-09-26 21:18:47,332 [pool-37-thread-1] INFO  server.RaftServerConfigKeys (ConfUtils.java:logGet(43)) - raft.server.log.queue.element-limit = 1024 (custom)
2019-09-26 21:18:47,333 [Thread-210] INFO  impl.RaftServerImpl (RaftServerImpl.java:setRole(174)) - 9ce0b59e-153f-4f41-8aed-492a76d80b48@group-47FB47AAC5CB: changes role from  FOLLOWER to CANDIDATE at term 0 for changeToCandidate
2019-09-26 21:18:47,333 [pool-37-thread-1] INFO  server.RaftServerConfigKeys (ConfUtils.java:logGet(43)) - raft.server.log.segment.size.max = 1048576 (custom)
2019-09-26 21:18:47,333 [pool-37-thread-1] INFO  server.RaftServerConfigKeys (ConfUtils.java:logGet(43)) - raft.server.log.preallocated.size = 16384 (custom)
2019-09-26 21:18:47,333 [pool-37-thread-1] INFO  server.RaftServerConfigKeys (ConfUtils.java:logGet(43)) - raft.server.log.write.buffer.size = 33554432 (custom)
2019-09-26 21:18:47,333 [pool-37-thread-1] INFO  server.RaftServerConfigKeys (ConfUtils.java:logGet(43)) - raft.server.log.force.sync.num = 128 (default)
2019-09-26 21:18:47,334 [pool-37-thread-1] INFO  server.RaftServerConfigKeys (ConfUtils.java:logGet(43)) - raft.server.log.statemachine.data.sync = true (default)
2019-09-26 21:18:47,334 [pool-37-thread-1] INFO  server.RaftServerConfigKeys (ConfUtils.java:logGet(43)) - raft.server.log.statemachine.data.sync.timeout = 10s (default)
2019-09-26 21:18:47,334 [pool-37-thread-1] INFO  server.RaftServerConfigKeys (ConfUtils.java:logGet(43)) - raft.server.log.statemachine.data.sync.timeout.retry = -1 (default)
2019-09-26 21:18:47,334 [pool-37-thread-1] INFO  server.RaftServerConfigKeys (ConfUtils.java:logGet(43)) - raft.server.log.statemachine.data.caching.enabled = true (custom)
2019-09-26 21:18:47,335 [pool-37-thread-1] INFO  segmented.SegmentedRaftLogWorker (SegmentedRaftLogWorker.java:lambda$new$0(132)) - 1178c3ae-d0b4-4d44-b144-fe8504cc41ac@group-9D69517A24DC-SegmentedRaftLogWorker: flushIndex: setUnconditionally 0 -> -1
2019-09-26 21:18:47,335 [pool-37-thread-1] INFO  server.RaftServerConfigKeys (ConfUtils.java:logGet(43)) - raft.server.snapshot.auto.trigger.enabled = true (custom)
2019-09-26 21:18:47,335 [pool-37-thread-1] INFO  server.RaftServerConfigKeys (ConfUtils.java:logGet(43)) - raft.server.snapshot.auto.trigger.threshold = 10000 (custom)
2019-09-26 21:18:47,335 [pool-37-thread-1] INFO  server.RaftServerConfigKeys (ConfUtils.java:logGet(43)) - raft.server.snapshot.retention.num.files = 5 (custom)
2019-09-26 21:18:47,336 [pool-37-thread-1] INFO  server.RaftServerConfigKeys (ConfUtils.java:logGet(43)) - raft.server.retrycache.expirytime = 600000ms (custom)
2019-09-26 21:18:47,337 [Thread-210] INFO  impl.RoleInfo (RoleInfo.java:updateAndGet(143)) - 9ce0b59e-153f-4f41-8aed-492a76d80b48: start LeaderElection
2019-09-26 21:18:47,345 [pool-37-thread-1] INFO  impl.RaftServerImpl (RaftServerImpl.java:start(185)) - 1178c3ae-d0b4-4d44-b144-fe8504cc41ac@group-9D69517A24DC: start as a follower, conf=-1: [1178c3ae-d0b4-4d44-b144-fe8504cc41ac:192.168.151.99:33787], old=null
2019-09-26 21:18:47,345 [pool-37-thread-1] INFO  impl.RaftServerImpl (RaftServerImpl.java:setRole(174)) - 1178c3ae-d0b4-4d44-b144-fe8504cc41ac@group-9D69517A24DC: changes role from      null to FOLLOWER at term 0 for startAsFollower
2019-09-26 21:18:47,345 [pool-37-thread-1] INFO  impl.RoleInfo (RoleInfo.java:updateAndGet(143)) - 1178c3ae-d0b4-4d44-b144-fe8504cc41ac: start FollowerState
2019-09-26 21:18:47,345 [pool-37-thread-1] INFO  util.JmxRegister (JmxRegister.java:tryRegister(44)) - Successfully registered JMX Bean with object name Ratis:service=RaftServer,group=group-9D69517A24DC,id=1178c3ae-d0b4-4d44-b144-fe8504cc41ac
2019-09-26 21:18:47,349 [RatisPipelineUtilsThread] INFO  pipeline.PipelineStateManager (PipelineStateManager.java:addPipeline(56)) - Created pipeline Pipeline[ Id: 24fe59fc-7898-4932-971a-9d69517a24dc, Nodes: 1178c3ae-d0b4-4d44-b144-fe8504cc41ac{ip: 192.168.151.99, host: pr-hdds-1569-g6sp5-2013761785, networkLocation: /default-rack, certSerialId: null}, Type:RATIS, Factor:ONE, State:OPEN]
2019-09-26 21:18:47,355 [grpc-default-executor-1] INFO  impl.RaftServerProxy (RaftServerProxy.java:addNew(89)) - 1178c3ae-d0b4-4d44-b144-fe8504cc41ac: addNew group-922BEFF8D70B:[1178c3ae-d0b4-4d44-b144-fe8504cc41ac:192.168.151.99:33787] returns group-922BEFF8D70B:java.util.concurrent.CompletableFuture@7d26eb9b[Not completed]
2019-09-26 21:18:47,356 [pool-37-thread-1] INFO  impl.RaftServerImpl (RaftServerImpl.java:<init>(95)) - 1178c3ae-d0b4-4d44-b144-fe8504cc41ac: new RaftServerImpl for group-922BEFF8D70B:[1178c3ae-d0b4-4d44-b144-fe8504cc41ac:192.168.151.99:33787] with ContainerStateMachine:uninitialized
2019-09-26 21:18:47,357 [pool-37-thread-1] INFO  server.RaftServerConfigKeys (ConfUtils.java:logGet(43)) - raft.server.rpc.timeout.min = 5s (custom)
2019-09-26 21:18:47,357 [pool-37-thread-1] INFO  server.RaftServerConfigKeys (ConfUtils.java:logGet(43)) - raft.server.rpc.timeout.max = 5200ms (custom)
2019-09-26 21:18:47,357 [pool-37-thread-1] INFO  server.RaftServerConfigKeys (ConfUtils.java:logGet(43)) - raft.server.rpcslowness.timeout = 120s (custom)
2019-09-26 21:18:47,357 [pool-37-thread-1] INFO  server.RaftServerConfigKeys (ConfUtils.java:logGet(43)) - raft.server.sleep.deviation.threshold = 300 (default)
2019-09-26 21:18:47,357 [pool-37-thread-1] INFO  server.RaftServerConfigKeys (ConfUtils.java:logGet(43)) - raft.server.log.appender.install.snapshot.enabled = false (custom)
2019-09-26 21:18:47,357 [9ce0b59e-153f-4f41-8aed-492a76d80b48@group-47FB47AAC5CB:LeaderElection1] INFO  impl.LeaderElection (LeaderElection.java:askForVotes(182)) - 9ce0b59e-153f-4f41-8aed-492a76d80b48@group-47FB47AAC5CB:LeaderElection1: begin an election at term 1 for -1: [9ce0b59e-153f-4f41-8aed-492a76d80b48:192.168.151.99:34156], old=null
2019-09-26 21:18:47,357 [pool-37-thread-1] INFO  impl.RaftServerImpl (ServerState.java:<init>(103)) - 1178c3ae-d0b4-4d44-b144-fe8504cc41ac@group-922BEFF8D70B: ConfigurationManager, init=-1: [1178c3ae-d0b4-4d44-b144-fe8504cc41ac:192.168.151.99:33787], old=null, confs=<EMPTY_MAP>
2019-09-26 21:18:47,358 [pool-37-thread-1] INFO  server.RaftServerConfigKeys (ConfUtils.java:logGet(43)) - raft.server.storage.dir = [/workdir/hadoop-ozone/ozonefs/target/test-dir/MiniOzoneClusterImpl-5b64906c-d720-4906-b30c-b6d56a2122fd/datanode-1/data/ratis] (custom)
2019-09-26 21:18:47,358 [pool-37-thread-1] INFO  storage.RaftStorageDirectory (RaftStorageDirectory.java:analyzeStorage(246)) - The storage directory /workdir/hadoop-ozone/ozonefs/target/test-dir/MiniOzoneClusterImpl-5b64906c-d720-4906-b30c-b6d56a2122fd/datanode-1/data/ratis/4a493fd2-e208-4904-b1fd-922beff8d70b does not exist. Creating ...
2019-09-26 21:18:47,360 [9ce0b59e-153f-4f41-8aed-492a76d80b48@group-47FB47AAC5CB:LeaderElection1] INFO  impl.RoleInfo (RoleInfo.java:shutdownLeaderElection(134)) - 9ce0b59e-153f-4f41-8aed-492a76d80b48: shutdown LeaderElection
2019-09-26 21:18:47,361 [9ce0b59e-153f-4f41-8aed-492a76d80b48@group-47FB47AAC5CB:LeaderElection1] INFO  impl.RaftServerImpl (RaftServerImpl.java:setRole(174)) - 9ce0b59e-153f-4f41-8aed-492a76d80b48@group-47FB47AAC5CB: changes role from CANDIDATE to LEADER at term 1 for changeToLeader
2019-09-26 21:18:47,361 [9ce0b59e-153f-4f41-8aed-492a76d80b48@group-47FB47AAC5CB:LeaderElection1] INFO  impl.RaftServerImpl (ServerState.java:setLeader(253)) - 9ce0b59e-153f-4f41-8aed-492a76d80b48@group-47FB47AAC5CB: change Leader from null to 9ce0b59e-153f-4f41-8aed-492a76d80b48 at term 1 for becomeLeader, leader elected after 5285ms
2019-09-26 21:18:47,372 [9ce0b59e-153f-4f41-8aed-492a76d80b48@group-47FB47AAC5CB:LeaderElection1] INFO  server.RaftServerConfigKeys (ConfUtils.java:logGet(43)) - raft.server.staging.catchup.gap = 1000 (default)
2019-09-26 21:18:47,373 [9ce0b59e-153f-4f41-8aed-492a76d80b48@group-47FB47AAC5CB:LeaderElection1] INFO  server.RaftServerConfigKeys (ConfUtils.java:logGet(43)) - raft.server.rpc.sleep.time = 25ms (default)
2019-09-26 21:18:47,376 [pool-37-thread-1] INFO  storage.RaftStorageDirectory (RaftStorageDirectory.java:tryLock(328)) - Lock on /workdir/hadoop-ozone/ozonefs/target/test-dir/MiniOzoneClusterImpl-5b64906c-d720-4906-b30c-b6d56a2122fd/datanode-1/data/ratis/4a493fd2-e208-4904-b1fd-922beff8d70b/in_use.lock acquired by nodename 10701@pr-hdds-1569-g6sp5-2013761785
2019-09-26 21:18:47,377 [9ce0b59e-153f-4f41-8aed-492a76d80b48@group-47FB47AAC5CB:LeaderElection1] INFO  server.RaftServerConfigKeys (ConfUtils.java:logGet(43)) - raft.server.write.element-limit = 4096 (default)
2019-09-26 21:18:47,381 [9ce0b59e-153f-4f41-8aed-492a76d80b48@group-47FB47AAC5CB:LeaderElection1] INFO  server.RaftServerConfigKeys (ConfUtils.java:logGet(43)) - raft.server.watch.timeout = 10s (default)
2019-09-26 21:18:47,381 [9ce0b59e-153f-4f41-8aed-492a76d80b48@group-47FB47AAC5CB:LeaderElection1] INFO  server.RaftServerConfigKeys (ConfUtils.java:logGet(43)) - raft.server.watch.timeout.denomination = 1s (default)
2019-09-26 21:18:47,382 [9ce0b59e-153f-4f41-8aed-492a76d80b48@group-47FB47AAC5CB:LeaderElection1] INFO  server.RaftServerConfigKeys (ConfUtils.java:logGet(43)) - raft.server.watch.element-limit = 65536 (default)
2019-09-26 21:18:47,387 [pool-37-thread-1] INFO  storage.RaftStorage (RaftStorage.java:format(72)) - Storage directory /workdir/hadoop-ozone/ozonefs/target/test-dir/MiniOzoneClusterImpl-5b64906c-d720-4906-b30c-b6d56a2122fd/datanode-1/data/ratis/4a493fd2-e208-4904-b1fd-922beff8d70b has been successfully formatted.
2019-09-26 21:18:47,387 [pool-37-thread-1] INFO  ratis.ContainerStateMachine (ContainerStateMachine.java:loadSnapshot(230)) - group-922BEFF8D70B: The snapshot info is null. Setting the last applied indexto:(t:0, i:~)
2019-09-26 21:18:47,388 [pool-37-thread-1] INFO  server.RaftServerConfigKeys (ConfUtils.java:logGet(43)) - raft.server.notification.no-leader.timeout = 120s (custom)
2019-09-26 21:18:47,388 [pool-37-thread-1] INFO  server.RaftServerConfigKeys (ConfUtils.java:logGet(43)) - raft.server.log.use.memory = false (default)
2019-09-26 21:18:47,388 [pool-37-thread-1] INFO  server.RaftServerConfigKeys (ConfUtils.java:logGet(43)) - raft.server.log.purge.gap = 1000000 (custom)
2019-09-26 21:18:47,388 [pool-37-thread-1] INFO  server.RaftServerConfigKeys (ConfUtils.java:logGet(43)) - raft.server.log.appender.buffer.byte-limit = 33554432 (custom)
2019-09-26 21:18:47,388 [pool-37-thread-1] INFO  server.RaftServerConfigKeys (ConfUtils.java:logGet(43)) - raft.server.log.segment.size.max = 1048576 (custom)
2019-09-26 21:18:47,389 [pool-37-thread-1] INFO  server.RaftServerConfigKeys (ConfUtils.java:logGet(43)) - raft.server.log.segment.cache.num.max = 2 (custom)
2019-09-26 21:18:47,389 [pool-37-thread-1] INFO  segmented.SegmentedRaftLogWorker (SegmentedRaftLogWorker.java:<init>(172)) - new 1178c3ae-d0b4-4d44-b144-fe8504cc41ac@group-922BEFF8D70B-SegmentedRaftLogWorker for RaftStorage:Storage Directory /workdir/hadoop-ozone/ozonefs/target/test-dir/MiniOzoneClusterImpl-5b64906c-d720-4906-b30c-b6d56a2122fd/datanode-1/data/ratis/4a493fd2-e208-4904-b1fd-922beff8d70b
2019-09-26 21:18:47,389 [pool-37-thread-1] INFO  server.RaftServerConfigKeys (ConfUtils.java:logGet(43)) - raft.server.log.queue.byte-limit = 2147483647 (custom)
2019-09-26 21:18:47,389 [pool-37-thread-1] INFO  server.RaftServerConfigKeys (ConfUtils.java:logGet(43)) - raft.server.log.queue.element-limit = 1024 (custom)
2019-09-26 21:18:47,389 [pool-37-thread-1] INFO  server.RaftServerConfigKeys (ConfUtils.java:logGet(43)) - raft.server.log.segment.size.max = 1048576 (custom)
2019-09-26 21:18:47,389 [pool-37-thread-1] INFO  server.RaftServerConfigKeys (ConfUtils.java:logGet(43)) - raft.server.log.preallocated.size = 16384 (custom)
2019-09-26 21:18:47,390 [pool-37-thread-1] INFO  server.RaftServerConfigKeys (ConfUtils.java:logGet(43)) - raft.server.log.write.buffer.size = 33554432 (custom)
2019-09-26 21:18:47,390 [pool-37-thread-1] INFO  server.RaftServerConfigKeys (ConfUtils.java:logGet(43)) - raft.server.log.force.sync.num = 128 (default)
2019-09-26 21:18:47,390 [pool-37-thread-1] INFO  server.RaftServerConfigKeys (ConfUtils.java:logGet(43)) - raft.server.log.statemachine.data.sync = true (default)
2019-09-26 21:18:47,390 [pool-37-thread-1] INFO  server.RaftServerConfigKeys (ConfUtils.java:logGet(43)) - raft.server.log.statemachine.data.sync.timeout = 10s (default)
2019-09-26 21:18:47,390 [pool-37-thread-1] INFO  server.RaftServerConfigKeys (ConfUtils.java:logGet(43)) - raft.server.log.statemachine.data.sync.timeout.retry = -1 (default)
2019-09-26 21:18:47,390 [pool-37-thread-1] INFO  server.RaftServerConfigKeys (ConfUtils.java:logGet(43)) - raft.server.log.statemachine.data.caching.enabled = true (custom)
2019-09-26 21:18:47,391 [pool-37-thread-1] INFO  segmented.SegmentedRaftLogWorker (SegmentedRaftLogWorker.java:lambda$new$0(132)) - 1178c3ae-d0b4-4d44-b144-fe8504cc41ac@group-922BEFF8D70B-SegmentedRaftLogWorker: flushIndex: setUnconditionally 0 -> -1
2019-09-26 21:18:47,391 [pool-37-thread-1] INFO  server.RaftServerConfigKeys (ConfUtils.java:logGet(43)) - raft.server.snapshot.auto.trigger.enabled = true (custom)
2019-09-26 21:18:47,391 [pool-37-thread-1] INFO  server.RaftServerConfigKeys (ConfUtils.java:logGet(43)) - raft.server.snapshot.auto.trigger.threshold = 10000 (custom)
2019-09-26 21:18:47,392 [pool-37-thread-1] INFO  server.RaftServerConfigKeys (ConfUtils.java:logGet(43)) - raft.server.snapshot.retention.num.files = 5 (custom)
2019-09-26 21:18:47,392 [pool-37-thread-1] INFO  server.RaftServerConfigKeys (ConfUtils.java:logGet(43)) - raft.server.retrycache.expirytime = 600000ms (custom)
2019-09-26 21:18:47,395 [pool-37-thread-1] INFO  impl.RaftServerImpl (RaftServerImpl.java:start(185)) - 1178c3ae-d0b4-4d44-b144-fe8504cc41ac@group-922BEFF8D70B: start as a follower, conf=-1: [1178c3ae-d0b4-4d44-b144-fe8504cc41ac:192.168.151.99:33787], old=null
2019-09-26 21:18:47,395 [pool-37-thread-1] INFO  impl.RaftServerImpl (RaftServerImpl.java:setRole(174)) - 1178c3ae-d0b4-4d44-b144-fe8504cc41ac@group-922BEFF8D70B: changes role from      null to FOLLOWER at term 0 for startAsFollower
2019-09-26 21:18:47,396 [pool-37-thread-1] INFO  impl.RoleInfo (RoleInfo.java:updateAndGet(143)) - 1178c3ae-d0b4-4d44-b144-fe8504cc41ac: start FollowerState
2019-09-26 21:18:47,396 [9ce0b59e-153f-4f41-8aed-492a76d80b48@group-47FB47AAC5CB:LeaderElection1] INFO  impl.RoleInfo (RoleInfo.java:updateAndGet(143)) - 9ce0b59e-153f-4f41-8aed-492a76d80b48: start LeaderState
2019-09-26 21:18:47,396 [pool-37-thread-1] INFO  util.JmxRegister (JmxRegister.java:tryRegister(44)) - Successfully registered JMX Bean with object name Ratis:service=RaftServer,group=group-922BEFF8D70B,id=1178c3ae-d0b4-4d44-b144-fe8504cc41ac
2019-09-26 21:18:47,399 [RatisPipelineUtilsThread] INFO  pipeline.PipelineStateManager (PipelineStateManager.java:addPipeline(56)) - Created pipeline Pipeline[ Id: 4a493fd2-e208-4904-b1fd-922beff8d70b, Nodes: 1178c3ae-d0b4-4d44-b144-fe8504cc41ac{ip: 192.168.151.99, host: pr-hdds-1569-g6sp5-2013761785, networkLocation: /default-rack, certSerialId: null}, Type:RATIS, Factor:ONE, State:OPEN]
2019-09-26 21:18:47,405 [grpc-default-executor-1] INFO  impl.RaftServerProxy (RaftServerProxy.java:addNew(89)) - 1178c3ae-d0b4-4d44-b144-fe8504cc41ac: addNew group-6F8F1CDBCF1F:[1178c3ae-d0b4-4d44-b144-fe8504cc41ac:192.168.151.99:33787] returns group-6F8F1CDBCF1F:java.util.concurrent.CompletableFuture@3564ec3c[Not completed]
2019-09-26 21:18:47,407 [pool-37-thread-1] INFO  impl.RaftServerImpl (RaftServerImpl.java:<init>(95)) - 1178c3ae-d0b4-4d44-b144-fe8504cc41ac: new RaftServerImpl for group-6F8F1CDBCF1F:[1178c3ae-d0b4-4d44-b144-fe8504cc41ac:192.168.151.99:33787] with ContainerStateMachine:uninitialized
2019-09-26 21:18:47,407 [pool-37-thread-1] INFO  server.RaftServerConfigKeys (ConfUtils.java:logGet(43)) - raft.server.rpc.timeout.min = 5s (custom)
2019-09-26 21:18:47,407 [pool-37-thread-1] INFO  server.RaftServerConfigKeys (ConfUtils.java:logGet(43)) - raft.server.rpc.timeout.max = 5200ms (custom)
2019-09-26 21:18:47,407 [pool-37-thread-1] INFO  server.RaftServerConfigKeys (ConfUtils.java:logGet(43)) - raft.server.rpcslowness.timeout = 120s (custom)
2019-09-26 21:18:47,407 [pool-37-thread-1] INFO  server.RaftServerConfigKeys (ConfUtils.java:logGet(43)) - raft.server.sleep.deviation.threshold = 300 (default)
2019-09-26 21:18:47,407 [pool-37-thread-1] INFO  server.RaftServerConfigKeys (ConfUtils.java:logGet(43)) - raft.server.log.appender.install.snapshot.enabled = false (custom)
2019-09-26 21:18:47,408 [pool-37-thread-1] INFO  impl.RaftServerImpl (ServerState.java:<init>(103)) - 1178c3ae-d0b4-4d44-b144-fe8504cc41ac@group-6F8F1CDBCF1F: ConfigurationManager, init=-1: [1178c3ae-d0b4-4d44-b144-fe8504cc41ac:192.168.151.99:33787], old=null, confs=<EMPTY_MAP>
2019-09-26 21:18:47,408 [pool-37-thread-1] INFO  server.RaftServerConfigKeys (ConfUtils.java:logGet(43)) - raft.server.storage.dir = [/workdir/hadoop-ozone/ozonefs/target/test-dir/MiniOzoneClusterImpl-5b64906c-d720-4906-b30c-b6d56a2122fd/datanode-1/data/ratis] (custom)
2019-09-26 21:18:47,408 [pool-37-thread-1] INFO  storage.RaftStorageDirectory (RaftStorageDirectory.java:analyzeStorage(246)) - The storage directory /workdir/hadoop-ozone/ozonefs/target/test-dir/MiniOzoneClusterImpl-5b64906c-d720-4906-b30c-b6d56a2122fd/datanode-1/data/ratis/699f77b5-4666-4260-a291-6f8f1cdbcf1f does not exist. Creating ...
2019-09-26 21:18:47,424 [9ce0b59e-153f-4f41-8aed-492a76d80b48@group-47FB47AAC5CB:LeaderElection1] INFO  segmented.SegmentedRaftLogWorker (SegmentedRaftLogWorker.java:startLogSegment(380)) - 9ce0b59e-153f-4f41-8aed-492a76d80b48@group-47FB47AAC5CB-SegmentedRaftLogWorker: Starting segment from index:0
2019-09-26 21:18:47,429 [pool-37-thread-1] INFO  storage.RaftStorageDirectory (RaftStorageDirectory.java:tryLock(328)) - Lock on /workdir/hadoop-ozone/ozonefs/target/test-dir/MiniOzoneClusterImpl-5b64906c-d720-4906-b30c-b6d56a2122fd/datanode-1/data/ratis/699f77b5-4666-4260-a291-6f8f1cdbcf1f/in_use.lock acquired by nodename 10701@pr-hdds-1569-g6sp5-2013761785
2019-09-26 21:18:47,432 [9ce0b59e-153f-4f41-8aed-492a76d80b48@group-47FB47AAC5CB:LeaderElection1] INFO  impl.RaftServerImpl (ServerState.java:setRaftConf(354)) - 9ce0b59e-153f-4f41-8aed-492a76d80b48@group-47FB47AAC5CB: set configuration 0: [9ce0b59e-153f-4f41-8aed-492a76d80b48:192.168.151.99:34156], old=null at 0
2019-09-26 21:18:47,434 [pool-37-thread-1] INFO  storage.RaftStorage (RaftStorage.java:format(72)) - Storage directory /workdir/hadoop-ozone/ozonefs/target/test-dir/MiniOzoneClusterImpl-5b64906c-d720-4906-b30c-b6d56a2122fd/datanode-1/data/ratis/699f77b5-4666-4260-a291-6f8f1cdbcf1f has been successfully formatted.
2019-09-26 21:18:47,434 [pool-37-thread-1] INFO  ratis.ContainerStateMachine (ContainerStateMachine.java:loadSnapshot(230)) - group-6F8F1CDBCF1F: The snapshot info is null. Setting the last applied indexto:(t:0, i:~)
2019-09-26 21:18:47,434 [pool-37-thread-1] INFO  server.RaftServerConfigKeys (ConfUtils.java:logGet(43)) - raft.server.notification.no-leader.timeout = 120s (custom)
2019-09-26 21:18:47,434 [pool-37-thread-1] INFO  server.RaftServerConfigKeys (ConfUtils.java:logGet(43)) - raft.server.log.use.memory = false (default)
2019-09-26 21:18:47,434 [pool-37-thread-1] INFO  server.RaftServerConfigKeys (ConfUtils.java:logGet(43)) - raft.server.log.purge.gap = 1000000 (custom)
2019-09-26 21:18:47,435 [pool-37-thread-1] INFO  server.RaftServerConfigKeys (ConfUtils.java:logGet(43)) - raft.server.log.appender.buffer.byte-limit = 33554432 (custom)
2019-09-26 21:18:47,435 [pool-37-thread-1] INFO  server.RaftServerConfigKeys (ConfUtils.java:logGet(43)) - raft.server.log.segment.size.max = 1048576 (custom)
2019-09-26 21:18:47,435 [pool-37-thread-1] INFO  server.RaftServerConfigKeys (ConfUtils.java:logGet(43)) - raft.server.log.segment.cache.num.max = 2 (custom)
2019-09-26 21:18:47,435 [pool-37-thread-1] INFO  segmented.SegmentedRaftLogWorker (SegmentedRaftLogWorker.java:<init>(172)) - new 1178c3ae-d0b4-4d44-b144-fe8504cc41ac@group-6F8F1CDBCF1F-SegmentedRaftLogWorker for RaftStorage:Storage Directory /workdir/hadoop-ozone/ozonefs/target/test-dir/MiniOzoneClusterImpl-5b64906c-d720-4906-b30c-b6d56a2122fd/datanode-1/data/ratis/699f77b5-4666-4260-a291-6f8f1cdbcf1f
2019-09-26 21:18:47,435 [pool-37-thread-1] INFO  server.RaftServerConfigKeys (ConfUtils.java:logGet(43)) - raft.server.log.queue.byte-limit = 2147483647 (custom)
2019-09-26 21:18:47,435 [pool-37-thread-1] INFO  server.RaftServerConfigKeys (ConfUtils.java:logGet(43)) - raft.server.log.queue.element-limit = 1024 (custom)
2019-09-26 21:18:47,436 [pool-37-thread-1] INFO  server.RaftServerConfigKeys (ConfUtils.java:logGet(43)) - raft.server.log.segment.size.max = 1048576 (custom)
2019-09-26 21:18:47,436 [pool-37-thread-1] INFO  server.RaftServerConfigKeys (ConfUtils.java:logGet(43)) - raft.server.log.preallocated.size = 16384 (custom)
2019-09-26 21:18:47,436 [pool-37-thread-1] INFO  server.RaftServerConfigKeys (ConfUtils.java:logGet(43)) - raft.server.log.write.buffer.size = 33554432 (custom)
2019-09-26 21:18:47,436 [pool-37-thread-1] INFO  server.RaftServerConfigKeys (ConfUtils.java:logGet(43)) - raft.server.log.force.sync.num = 128 (default)
2019-09-26 21:18:47,436 [pool-37-thread-1] INFO  server.RaftServerConfigKeys (ConfUtils.java:logGet(43)) - raft.server.log.statemachine.data.sync = true (default)
2019-09-26 21:18:47,436 [pool-37-thread-1] INFO  server.RaftServerConfigKeys (ConfUtils.java:logGet(43)) - raft.server.log.statemachine.data.sync.timeout = 10s (default)
2019-09-26 21:18:47,437 [pool-37-thread-1] INFO  server.RaftServerConfigKeys (ConfUtils.java:logGet(43)) - raft.server.log.statemachine.data.sync.timeout.retry = -1 (default)
2019-09-26 21:18:47,437 [pool-37-thread-1] INFO  server.RaftServerConfigKeys (ConfUtils.java:logGet(43)) - raft.server.log.statemachine.data.caching.enabled = true (custom)
2019-09-26 21:18:47,437 [pool-37-thread-1] INFO  segmented.SegmentedRaftLogWorker (SegmentedRaftLogWorker.java:lambda$new$0(132)) - 1178c3ae-d0b4-4d44-b144-fe8504cc41ac@group-6F8F1CDBCF1F-SegmentedRaftLogWorker: flushIndex: setUnconditionally 0 -> -1
2019-09-26 21:18:47,438 [pool-37-thread-1] INFO  server.RaftServerConfigKeys (ConfUtils.java:logGet(43)) - raft.server.snapshot.auto.trigger.enabled = true (custom)
2019-09-26 21:18:47,438 [pool-37-thread-1] INFO  server.RaftServerConfigKeys (ConfUtils.java:logGet(43)) - raft.server.snapshot.auto.trigger.threshold = 10000 (custom)
2019-09-26 21:18:47,438 [pool-37-thread-1] INFO  server.RaftServerConfigKeys (ConfUtils.java:logGet(43)) - raft.server.snapshot.retention.num.files = 5 (custom)
2019-09-26 21:18:47,439 [pool-37-thread-1] INFO  server.RaftServerConfigKeys (ConfUtils.java:logGet(43)) - raft.server.retrycache.expirytime = 600000ms (custom)
2019-09-26 21:18:47,441 [pool-37-thread-1] INFO  impl.RaftServerImpl (RaftServerImpl.java:start(185)) - 1178c3ae-d0b4-4d44-b144-fe8504cc41ac@group-6F8F1CDBCF1F: start as a follower, conf=-1: [1178c3ae-d0b4-4d44-b144-fe8504cc41ac:192.168.151.99:33787], old=null
2019-09-26 21:18:47,441 [pool-37-thread-1] INFO  impl.RaftServerImpl (RaftServerImpl.java:setRole(174)) - 1178c3ae-d0b4-4d44-b144-fe8504cc41ac@group-6F8F1CDBCF1F: changes role from      null to FOLLOWER at term 0 for startAsFollower
2019-09-26 21:18:47,442 [pool-37-thread-1] INFO  impl.RoleInfo (RoleInfo.java:updateAndGet(143)) - 1178c3ae-d0b4-4d44-b144-fe8504cc41ac: start FollowerState
2019-09-26 21:18:47,442 [pool-37-thread-1] INFO  util.JmxRegister (JmxRegister.java:tryRegister(44)) - Successfully registered JMX Bean with object name Ratis:service=RaftServer,group=group-6F8F1CDBCF1F,id=1178c3ae-d0b4-4d44-b144-fe8504cc41ac
2019-09-26 21:18:47,445 [RatisPipelineUtilsThread] INFO  pipeline.PipelineStateManager (PipelineStateManager.java:addPipeline(56)) - Created pipeline Pipeline[ Id: 699f77b5-4666-4260-a291-6f8f1cdbcf1f, Nodes: 1178c3ae-d0b4-4d44-b144-fe8504cc41ac{ip: 192.168.151.99, host: pr-hdds-1569-g6sp5-2013761785, networkLocation: /default-rack, certSerialId: null}, Type:RATIS, Factor:ONE, State:OPEN]
2019-09-26 21:18:47,451 [grpc-default-executor-1] INFO  impl.RaftServerProxy (RaftServerProxy.java:addNew(89)) - 09112efe-1fad-4539-a04f-c96aef6d2351: addNew group-C7705DB74AE6:[09112efe-1fad-4539-a04f-c96aef6d2351:192.168.151.99:45286] returns group-C7705DB74AE6:java.util.concurrent.CompletableFuture@120f2e13[Not completed]
2019-09-26 21:18:47,452 [pool-47-thread-1] INFO  impl.RaftServerImpl (RaftServerImpl.java:<init>(95)) - 09112efe-1fad-4539-a04f-c96aef6d2351: new RaftServerImpl for group-C7705DB74AE6:[09112efe-1fad-4539-a04f-c96aef6d2351:192.168.151.99:45286] with ContainerStateMachine:uninitialized
2019-09-26 21:18:47,452 [pool-47-thread-1] INFO  server.RaftServerConfigKeys (ConfUtils.java:logGet(43)) - raft.server.rpc.timeout.min = 5s (custom)
2019-09-26 21:18:47,452 [pool-47-thread-1] INFO  server.RaftServerConfigKeys (ConfUtils.java:logGet(43)) - raft.server.rpc.timeout.max = 5200ms (custom)
2019-09-26 21:18:47,453 [pool-47-thread-1] INFO  server.RaftServerConfigKeys (ConfUtils.java:logGet(43)) - raft.server.rpcslowness.timeout = 120s (custom)
2019-09-26 21:18:47,453 [pool-47-thread-1] INFO  server.RaftServerConfigKeys (ConfUtils.java:logGet(43)) - raft.server.sleep.deviation.threshold = 300 (default)
2019-09-26 21:18:47,453 [pool-47-thread-1] INFO  server.RaftServerConfigKeys (ConfUtils.java:logGet(43)) - raft.server.log.appender.install.snapshot.enabled = false (custom)
2019-09-26 21:18:47,453 [pool-47-thread-1] INFO  impl.RaftServerImpl (ServerState.java:<init>(103)) - 09112efe-1fad-4539-a04f-c96aef6d2351@group-C7705DB74AE6: ConfigurationManager, init=-1: [09112efe-1fad-4539-a04f-c96aef6d2351:192.168.151.99:45286], old=null, confs=<EMPTY_MAP>
2019-09-26 21:18:47,453 [pool-47-thread-1] INFO  server.RaftServerConfigKeys (ConfUtils.java:logGet(43)) - raft.server.storage.dir = [/workdir/hadoop-ozone/ozonefs/target/test-dir/MiniOzoneClusterImpl-5b64906c-d720-4906-b30c-b6d56a2122fd/datanode-2/data/ratis] (custom)
2019-09-26 21:18:47,454 [pool-47-thread-1] INFO  storage.RaftStorageDirectory (RaftStorageDirectory.java:analyzeStorage(246)) - The storage directory /workdir/hadoop-ozone/ozonefs/target/test-dir/MiniOzoneClusterImpl-5b64906c-d720-4906-b30c-b6d56a2122fd/datanode-2/data/ratis/93030e9d-e74a-447b-8dd3-c7705db74ae6 does not exist. Creating ...
2019-09-26 21:18:47,467 [pool-47-thread-1] INFO  storage.RaftStorageDirectory (RaftStorageDirectory.java:tryLock(328)) - Lock on /workdir/hadoop-ozone/ozonefs/target/test-dir/MiniOzoneClusterImpl-5b64906c-d720-4906-b30c-b6d56a2122fd/datanode-2/data/ratis/93030e9d-e74a-447b-8dd3-c7705db74ae6/in_use.lock acquired by nodename 10701@pr-hdds-1569-g6sp5-2013761785
2019-09-26 21:18:47,474 [Thread-213] INFO  impl.FollowerState (FollowerState.java:run(106)) - 0c640f50-2bc9-49b6-b785-a27e3116e6ba:group-E9AB86F95071 changes to CANDIDATE, lastRpcTime:5055, electionTimeout:5054ms
2019-09-26 21:18:47,476 [Thread-213] INFO  impl.RoleInfo (RoleInfo.java:shutdownFollowerState(121)) - 0c640f50-2bc9-49b6-b785-a27e3116e6ba: shutdown FollowerState
2019-09-26 21:18:47,476 [Thread-213] INFO  impl.RaftServerImpl (RaftServerImpl.java:setRole(174)) - 0c640f50-2bc9-49b6-b785-a27e3116e6ba@group-E9AB86F95071: changes role from  FOLLOWER to CANDIDATE at term 0 for changeToCandidate
2019-09-26 21:18:47,476 [Thread-213] INFO  impl.RoleInfo (RoleInfo.java:updateAndGet(143)) - 0c640f50-2bc9-49b6-b785-a27e3116e6ba: start LeaderElection
2019-09-26 21:18:47,480 [pool-47-thread-1] INFO  storage.RaftStorage (RaftStorage.java:format(72)) - Storage directory /workdir/hadoop-ozone/ozonefs/target/test-dir/MiniOzoneClusterImpl-5b64906c-d720-4906-b30c-b6d56a2122fd/datanode-2/data/ratis/93030e9d-e74a-447b-8dd3-c7705db74ae6 has been successfully formatted.
2019-09-26 21:18:47,480 [pool-47-thread-1] INFO  ratis.ContainerStateMachine (ContainerStateMachine.java:loadSnapshot(230)) - group-C7705DB74AE6: The snapshot info is null. Setting the last applied indexto:(t:0, i:~)
2019-09-26 21:18:47,481 [pool-47-thread-1] INFO  server.RaftServerConfigKeys (ConfUtils.java:logGet(43)) - raft.server.notification.no-leader.timeout = 120s (custom)
2019-09-26 21:18:47,481 [pool-47-thread-1] INFO  server.RaftServerConfigKeys (ConfUtils.java:logGet(43)) - raft.server.log.use.memory = false (default)
2019-09-26 21:18:47,481 [pool-47-thread-1] INFO  server.RaftServerConfigKeys (ConfUtils.java:logGet(43)) - raft.server.log.purge.gap = 1000000 (custom)
2019-09-26 21:18:47,481 [pool-47-thread-1] INFO  server.RaftServerConfigKeys (ConfUtils.java:logGet(43)) - raft.server.log.appender.buffer.byte-limit = 33554432 (custom)
2019-09-26 21:18:47,481 [pool-47-thread-1] INFO  server.RaftServerConfigKeys (ConfUtils.java:logGet(43)) - raft.server.log.segment.size.max = 1048576 (custom)
2019-09-26 21:18:47,481 [pool-47-thread-1] INFO  server.RaftServerConfigKeys (ConfUtils.java:logGet(43)) - raft.server.log.segment.cache.num.max = 2 (custom)
2019-09-26 21:18:47,482 [pool-47-thread-1] INFO  segmented.SegmentedRaftLogWorker (SegmentedRaftLogWorker.java:<init>(172)) - new 09112efe-1fad-4539-a04f-c96aef6d2351@group-C7705DB74AE6-SegmentedRaftLogWorker for RaftStorage:Storage Directory /workdir/hadoop-ozone/ozonefs/target/test-dir/MiniOzoneClusterImpl-5b64906c-d720-4906-b30c-b6d56a2122fd/datanode-2/data/ratis/93030e9d-e74a-447b-8dd3-c7705db74ae6
2019-09-26 21:18:47,482 [pool-47-thread-1] INFO  server.RaftServerConfigKeys (ConfUtils.java:logGet(43)) - raft.server.log.queue.byte-limit = 2147483647 (custom)
2019-09-26 21:18:47,482 [pool-47-thread-1] INFO  server.RaftServerConfigKeys (ConfUtils.java:logGet(43)) - raft.server.log.queue.element-limit = 1024 (custom)
2019-09-26 21:18:47,482 [pool-47-thread-1] INFO  server.RaftServerConfigKeys (ConfUtils.java:logGet(43)) - raft.server.log.segment.size.max = 1048576 (custom)
2019-09-26 21:18:47,482 [pool-47-thread-1] INFO  server.RaftServerConfigKeys (ConfUtils.java:logGet(43)) - raft.server.log.preallocated.size = 16384 (custom)
2019-09-26 21:18:47,482 [pool-47-thread-1] INFO  server.RaftServerConfigKeys (ConfUtils.java:logGet(43)) - raft.server.log.write.buffer.size = 33554432 (custom)
2019-09-26 21:18:47,482 [pool-47-thread-1] INFO  server.RaftServerConfigKeys (ConfUtils.java:logGet(43)) - raft.server.log.force.sync.num = 128 (default)
2019-09-26 21:18:47,483 [pool-47-thread-1] INFO  server.RaftServerConfigKeys (ConfUtils.java:logGet(43)) - raft.server.log.statemachine.data.sync = true (default)
2019-09-26 21:18:47,483 [pool-47-thread-1] INFO  server.RaftServerConfigKeys (ConfUtils.java:logGet(43)) - raft.server.log.statemachine.data.sync.timeout = 10s (default)
2019-09-26 21:18:47,483 [pool-47-thread-1] INFO  server.RaftServerConfigKeys (ConfUtils.java:logGet(43)) - raft.server.log.statemachine.data.sync.timeout.retry = -1 (default)
2019-09-26 21:18:47,483 [pool-47-thread-1] INFO  server.RaftServerConfigKeys (ConfUtils.java:logGet(43)) - raft.server.log.statemachine.data.caching.enabled = true (custom)
2019-09-26 21:18:47,483 [pool-47-thread-1] INFO  segmented.SegmentedRaftLogWorker (SegmentedRaftLogWorker.java:lambda$new$0(132)) - 09112efe-1fad-4539-a04f-c96aef6d2351@group-C7705DB74AE6-SegmentedRaftLogWorker: flushIndex: setUnconditionally 0 -> -1
2019-09-26 21:18:47,484 [pool-47-thread-1] INFO  server.RaftServerConfigKeys (ConfUtils.java:logGet(43)) - raft.server.snapshot.auto.trigger.enabled = true (custom)
2019-09-26 21:18:47,484 [pool-47-thread-1] INFO  server.RaftServerConfigKeys (ConfUtils.java:logGet(43)) - raft.server.snapshot.auto.trigger.threshold = 10000 (custom)
2019-09-26 21:18:47,484 [pool-47-thread-1] INFO  server.RaftServerConfigKeys (ConfUtils.java:logGet(43)) - raft.server.snapshot.retention.num.files = 5 (custom)
2019-09-26 21:18:47,484 [pool-47-thread-1] INFO  server.RaftServerConfigKeys (ConfUtils.java:logGet(43)) - raft.server.retrycache.expirytime = 600000ms (custom)
2019-09-26 21:18:47,487 [pool-47-thread-1] INFO  impl.RaftServerImpl (RaftServerImpl.java:start(185)) - 09112efe-1fad-4539-a04f-c96aef6d2351@group-C7705DB74AE6: start as a follower, conf=-1: [09112efe-1fad-4539-a04f-c96aef6d2351:192.168.151.99:45286], old=null
2019-09-26 21:18:47,487 [pool-47-thread-1] INFO  impl.RaftServerImpl (RaftServerImpl.java:setRole(174)) - 09112efe-1fad-4539-a04f-c96aef6d2351@group-C7705DB74AE6: changes role from      null to FOLLOWER at term 0 for startAsFollower
2019-09-26 21:18:47,487 [pool-47-thread-1] INFO  impl.RoleInfo (RoleInfo.java:updateAndGet(143)) - 09112efe-1fad-4539-a04f-c96aef6d2351: start FollowerState
2019-09-26 21:18:47,487 [pool-47-thread-1] INFO  util.JmxRegister (JmxRegister.java:tryRegister(44)) - Successfully registered JMX Bean with object name Ratis:service=RaftServer,group=group-C7705DB74AE6,id=09112efe-1fad-4539-a04f-c96aef6d2351
2019-09-26 21:18:47,490 [RatisPipelineUtilsThread] INFO  pipeline.PipelineStateManager (PipelineStateManager.java:addPipeline(56)) - Created pipeline Pipeline[ Id: 93030e9d-e74a-447b-8dd3-c7705db74ae6, Nodes: 09112efe-1fad-4539-a04f-c96aef6d2351{ip: 192.168.151.99, host: pr-hdds-1569-g6sp5-2013761785, networkLocation: /default-rack, certSerialId: null}, Type:RATIS, Factor:ONE, State:OPEN]
2019-09-26 21:18:47,494 [0c640f50-2bc9-49b6-b785-a27e3116e6ba@group-E9AB86F95071:LeaderElection2] INFO  impl.LeaderElection (LeaderElection.java:askForVotes(182)) - 0c640f50-2bc9-49b6-b785-a27e3116e6ba@group-E9AB86F95071:LeaderElection2: begin an election at term 1 for -1: [0c640f50-2bc9-49b6-b785-a27e3116e6ba:192.168.151.99:42361], old=null
2019-09-26 21:18:47,495 [0c640f50-2bc9-49b6-b785-a27e3116e6ba@group-E9AB86F95071:LeaderElection2] INFO  impl.RoleInfo (RoleInfo.java:shutdownLeaderElection(134)) - 0c640f50-2bc9-49b6-b785-a27e3116e6ba: shutdown LeaderElection
2019-09-26 21:18:47,496 [0c640f50-2bc9-49b6-b785-a27e3116e6ba@group-E9AB86F95071:LeaderElection2] INFO  impl.RaftServerImpl (RaftServerImpl.java:setRole(174)) - 0c640f50-2bc9-49b6-b785-a27e3116e6ba@group-E9AB86F95071: changes role from CANDIDATE to LEADER at term 1 for changeToLeader
2019-09-26 21:18:47,496 [0c640f50-2bc9-49b6-b785-a27e3116e6ba@group-E9AB86F95071:LeaderElection2] INFO  impl.RaftServerImpl (ServerState.java:setLeader(253)) - 0c640f50-2bc9-49b6-b785-a27e3116e6ba@group-E9AB86F95071: change Leader from null to 0c640f50-2bc9-49b6-b785-a27e3116e6ba at term 1 for becomeLeader, leader elected after 5090ms
2019-09-26 21:18:47,497 [0c640f50-2bc9-49b6-b785-a27e3116e6ba@group-E9AB86F95071:LeaderElection2] INFO  server.RaftServerConfigKeys (ConfUtils.java:logGet(43)) - raft.server.staging.catchup.gap = 1000 (default)
2019-09-26 21:18:47,497 [0c640f50-2bc9-49b6-b785-a27e3116e6ba@group-E9AB86F95071:LeaderElection2] INFO  server.RaftServerConfigKeys (ConfUtils.java:logGet(43)) - raft.server.rpc.sleep.time = 25ms (default)
2019-09-26 21:18:47,497 [0c640f50-2bc9-49b6-b785-a27e3116e6ba@group-E9AB86F95071:LeaderElection2] INFO  server.RaftServerConfigKeys (ConfUtils.java:logGet(43)) - raft.server.write.element-limit = 4096 (default)
2019-09-26 21:18:47,498 [0c640f50-2bc9-49b6-b785-a27e3116e6ba@group-E9AB86F95071:LeaderElection2] INFO  server.RaftServerConfigKeys (ConfUtils.java:logGet(43)) - raft.server.watch.timeout = 10s (default)
2019-09-26 21:18:47,498 [0c640f50-2bc9-49b6-b785-a27e3116e6ba@group-E9AB86F95071:LeaderElection2] INFO  server.RaftServerConfigKeys (ConfUtils.java:logGet(43)) - raft.server.watch.timeout.denomination = 1s (default)
2019-09-26 21:18:47,498 [0c640f50-2bc9-49b6-b785-a27e3116e6ba@group-E9AB86F95071:LeaderElection2] INFO  server.RaftServerConfigKeys (ConfUtils.java:logGet(43)) - raft.server.watch.element-limit = 65536 (default)
2019-09-26 21:18:47,498 [grpc-default-executor-1] INFO  impl.RaftServerProxy (RaftServerProxy.java:addNew(89)) - 09112efe-1fad-4539-a04f-c96aef6d2351: addNew group-B70CCCEBCAE4:[09112efe-1fad-4539-a04f-c96aef6d2351:192.168.151.99:45286] returns group-B70CCCEBCAE4:java.util.concurrent.CompletableFuture@65123801[Not completed]
2019-09-26 21:18:47,499 [pool-47-thread-1] INFO  impl.RaftServerImpl (RaftServerImpl.java:<init>(95)) - 09112efe-1fad-4539-a04f-c96aef6d2351: new RaftServerImpl for group-B70CCCEBCAE4:[09112efe-1fad-4539-a04f-c96aef6d2351:192.168.151.99:45286] with ContainerStateMachine:uninitialized
2019-09-26 21:18:47,500 [pool-47-thread-1] INFO  server.RaftServerConfigKeys (ConfUtils.java:logGet(43)) - raft.server.rpc.timeout.min = 5s (custom)
2019-09-26 21:18:47,500 [pool-47-thread-1] INFO  server.RaftServerConfigKeys (ConfUtils.java:logGet(43)) - raft.server.rpc.timeout.max = 5200ms (custom)
2019-09-26 21:18:47,500 [pool-47-thread-1] INFO  server.RaftServerConfigKeys (ConfUtils.java:logGet(43)) - raft.server.rpcslowness.timeout = 120s (custom)
2019-09-26 21:18:47,500 [pool-47-thread-1] INFO  server.RaftServerConfigKeys (ConfUtils.java:logGet(43)) - raft.server.sleep.deviation.threshold = 300 (default)
2019-09-26 21:18:47,500 [pool-47-thread-1] INFO  server.RaftServerConfigKeys (ConfUtils.java:logGet(43)) - raft.server.log.appender.install.snapshot.enabled = false (custom)
2019-09-26 21:18:47,500 [pool-47-thread-1] INFO  impl.RaftServerImpl (ServerState.java:<init>(103)) - 09112efe-1fad-4539-a04f-c96aef6d2351@group-B70CCCEBCAE4: ConfigurationManager, init=-1: [09112efe-1fad-4539-a04f-c96aef6d2351:192.168.151.99:45286], old=null, confs=<EMPTY_MAP>
2019-09-26 21:18:47,500 [pool-47-thread-1] INFO  server.RaftServerConfigKeys (ConfUtils.java:logGet(43)) - raft.server.storage.dir = [/workdir/hadoop-ozone/ozonefs/target/test-dir/MiniOzoneClusterImpl-5b64906c-d720-4906-b30c-b6d56a2122fd/datanode-2/data/ratis] (custom)
2019-09-26 21:18:47,500 [0c640f50-2bc9-49b6-b785-a27e3116e6ba@group-E9AB86F95071:LeaderElection2] INFO  impl.RoleInfo (RoleInfo.java:updateAndGet(143)) - 0c640f50-2bc9-49b6-b785-a27e3116e6ba: start LeaderState
2019-09-26 21:18:47,501 [0c640f50-2bc9-49b6-b785-a27e3116e6ba@group-E9AB86F95071:LeaderElection2] INFO  segmented.SegmentedRaftLogWorker (SegmentedRaftLogWorker.java:startLogSegment(380)) - 0c640f50-2bc9-49b6-b785-a27e3116e6ba@group-E9AB86F95071-SegmentedRaftLogWorker: Starting segment from index:0
2019-09-26 21:18:47,501 [pool-47-thread-1] INFO  storage.RaftStorageDirectory (RaftStorageDirectory.java:analyzeStorage(246)) - The storage directory /workdir/hadoop-ozone/ozonefs/target/test-dir/MiniOzoneClusterImpl-5b64906c-d720-4906-b30c-b6d56a2122fd/datanode-2/data/ratis/6ebab8f5-0851-41e8-8e41-b70cccebcae4 does not exist. Creating ...
2019-09-26 21:18:47,501 [0c640f50-2bc9-49b6-b785-a27e3116e6ba@group-E9AB86F95071:LeaderElection2] INFO  impl.RaftServerImpl (ServerState.java:setRaftConf(354)) - 0c640f50-2bc9-49b6-b785-a27e3116e6ba@group-E9AB86F95071: set configuration 0: [0c640f50-2bc9-49b6-b785-a27e3116e6ba:192.168.151.99:42361], old=null at 0
2019-09-26 21:18:47,515 [pool-47-thread-1] INFO  storage.RaftStorageDirectory (RaftStorageDirectory.java:tryLock(328)) - Lock on /workdir/hadoop-ozone/ozonefs/target/test-dir/MiniOzoneClusterImpl-5b64906c-d720-4906-b30c-b6d56a2122fd/datanode-2/data/ratis/6ebab8f5-0851-41e8-8e41-b70cccebcae4/in_use.lock acquired by nodename 10701@pr-hdds-1569-g6sp5-2013761785
2019-09-26 21:18:47,528 [pool-47-thread-1] INFO  storage.RaftStorage (RaftStorage.java:format(72)) - Storage directory /workdir/hadoop-ozone/ozonefs/target/test-dir/MiniOzoneClusterImpl-5b64906c-d720-4906-b30c-b6d56a2122fd/datanode-2/data/ratis/6ebab8f5-0851-41e8-8e41-b70cccebcae4 has been successfully formatted.
2019-09-26 21:18:47,528 [pool-47-thread-1] INFO  ratis.ContainerStateMachine (ContainerStateMachine.java:loadSnapshot(230)) - group-B70CCCEBCAE4: The snapshot info is null. Setting the last applied indexto:(t:0, i:~)
2019-09-26 21:18:47,529 [pool-47-thread-1] INFO  server.RaftServerConfigKeys (ConfUtils.java:logGet(43)) - raft.server.notification.no-leader.timeout = 120s (custom)
2019-09-26 21:18:47,529 [pool-47-thread-1] INFO  server.RaftServerConfigKeys (ConfUtils.java:logGet(43)) - raft.server.log.use.memory = false (default)
2019-09-26 21:18:47,529 [pool-47-thread-1] INFO  server.RaftServerConfigKeys (ConfUtils.java:logGet(43)) - raft.server.log.purge.gap = 1000000 (custom)
2019-09-26 21:18:47,529 [pool-47-thread-1] INFO  server.RaftServerConfigKeys (ConfUtils.java:logGet(43)) - raft.server.log.appender.buffer.byte-limit = 33554432 (custom)
2019-09-26 21:18:47,529 [pool-47-thread-1] INFO  server.RaftServerConfigKeys (ConfUtils.java:logGet(43)) - raft.server.log.segment.size.max = 1048576 (custom)
2019-09-26 21:18:47,529 [pool-47-thread-1] INFO  server.RaftServerConfigKeys (ConfUtils.java:logGet(43)) - raft.server.log.segment.cache.num.max = 2 (custom)
2019-09-26 21:18:47,529 [pool-47-thread-1] INFO  segmented.SegmentedRaftLogWorker (SegmentedRaftLogWorker.java:<init>(172)) - new 09112efe-1fad-4539-a04f-c96aef6d2351@group-B70CCCEBCAE4-SegmentedRaftLogWorker for RaftStorage:Storage Directory /workdir/hadoop-ozone/ozonefs/target/test-dir/MiniOzoneClusterImpl-5b64906c-d720-4906-b30c-b6d56a2122fd/datanode-2/data/ratis/6ebab8f5-0851-41e8-8e41-b70cccebcae4
2019-09-26 21:18:47,529 [pool-47-thread-1] INFO  server.RaftServerConfigKeys (ConfUtils.java:logGet(43)) - raft.server.log.queue.byte-limit = 2147483647 (custom)
2019-09-26 21:18:47,530 [pool-47-thread-1] INFO  server.RaftServerConfigKeys (ConfUtils.java:logGet(43)) - raft.server.log.queue.element-limit = 1024 (custom)
2019-09-26 21:18:47,530 [pool-47-thread-1] INFO  server.RaftServerConfigKeys (ConfUtils.java:logGet(43)) - raft.server.log.segment.size.max = 1048576 (custom)
2019-09-26 21:18:47,530 [pool-47-thread-1] INFO  server.RaftServerConfigKeys (ConfUtils.java:logGet(43)) - raft.server.log.preallocated.size = 16384 (custom)
2019-09-26 21:18:47,530 [pool-47-thread-1] INFO  server.RaftServerConfigKeys (ConfUtils.java:logGet(43)) - raft.server.log.write.buffer.size = 33554432 (custom)
2019-09-26 21:18:47,530 [pool-47-thread-1] INFO  server.RaftServerConfigKeys (ConfUtils.java:logGet(43)) - raft.server.log.force.sync.num = 128 (default)
2019-09-26 21:18:47,530 [pool-47-thread-1] INFO  server.RaftServerConfigKeys (ConfUtils.java:logGet(43)) - raft.server.log.statemachine.data.sync = true (default)
2019-09-26 21:18:47,530 [pool-47-thread-1] INFO  server.RaftServerConfigKeys (ConfUtils.java:logGet(43)) - raft.server.log.statemachine.data.sync.timeout = 10s (default)
2019-09-26 21:18:47,530 [pool-47-thread-1] INFO  server.RaftServerConfigKeys (ConfUtils.java:logGet(43)) - raft.server.log.statemachine.data.sync.timeout.retry = -1 (default)
2019-09-26 21:18:47,530 [pool-47-thread-1] INFO  server.RaftServerConfigKeys (ConfUtils.java:logGet(43)) - raft.server.log.statemachine.data.caching.enabled = true (custom)
2019-09-26 21:18:47,531 [pool-47-thread-1] INFO  segmented.SegmentedRaftLogWorker (SegmentedRaftLogWorker.java:lambda$new$0(132)) - 09112efe-1fad-4539-a04f-c96aef6d2351@group-B70CCCEBCAE4-SegmentedRaftLogWorker: flushIndex: setUnconditionally 0 -> -1
2019-09-26 21:18:47,531 [pool-47-thread-1] INFO  server.RaftServerConfigKeys (ConfUtils.java:logGet(43)) - raft.server.snapshot.auto.trigger.enabled = true (custom)
2019-09-26 21:18:47,531 [pool-47-thread-1] INFO  server.RaftServerConfigKeys (ConfUtils.java:logGet(43)) - raft.server.snapshot.auto.trigger.threshold = 10000 (custom)
2019-09-26 21:18:47,531 [pool-47-thread-1] INFO  server.RaftServerConfigKeys (ConfUtils.java:logGet(43)) - raft.server.snapshot.retention.num.files = 5 (custom)
2019-09-26 21:18:47,531 [pool-47-thread-1] INFO  server.RaftServerConfigKeys (ConfUtils.java:logGet(43)) - raft.server.retrycache.expirytime = 600000ms (custom)
2019-09-26 21:18:47,533 [pool-47-thread-1] INFO  impl.RaftServerImpl (RaftServerImpl.java:start(185)) - 09112efe-1fad-4539-a04f-c96aef6d2351@group-B70CCCEBCAE4: start as a follower, conf=-1: [09112efe-1fad-4539-a04f-c96aef6d2351:192.168.151.99:45286], old=null
2019-09-26 21:18:47,533 [pool-47-thread-1] INFO  impl.RaftServerImpl (RaftServerImpl.java:setRole(174)) - 09112efe-1fad-4539-a04f-c96aef6d2351@group-B70CCCEBCAE4: changes role from      null to FOLLOWER at term 0 for startAsFollower
2019-09-26 21:18:47,533 [pool-47-thread-1] INFO  impl.RoleInfo (RoleInfo.java:updateAndGet(143)) - 09112efe-1fad-4539-a04f-c96aef6d2351: start FollowerState
2019-09-26 21:18:47,534 [pool-47-thread-1] INFO  util.JmxRegister (JmxRegister.java:tryRegister(44)) - Successfully registered JMX Bean with object name Ratis:service=RaftServer,group=group-B70CCCEBCAE4,id=09112efe-1fad-4539-a04f-c96aef6d2351
2019-09-26 21:18:47,536 [RatisPipelineUtilsThread] INFO  pipeline.PipelineStateManager (PipelineStateManager.java:addPipeline(56)) - Created pipeline Pipeline[ Id: 6ebab8f5-0851-41e8-8e41-b70cccebcae4, Nodes: 09112efe-1fad-4539-a04f-c96aef6d2351{ip: 192.168.151.99, host: pr-hdds-1569-g6sp5-2013761785, networkLocation: /default-rack, certSerialId: null}, Type:RATIS, Factor:ONE, State:OPEN]
2019-09-26 21:18:47,541 [grpc-default-executor-1] INFO  impl.RaftServerProxy (RaftServerProxy.java:addNew(89)) - 9ce0b59e-153f-4f41-8aed-492a76d80b48: addNew group-76F045CE1768:[9ce0b59e-153f-4f41-8aed-492a76d80b48:192.168.151.99:34156] returns group-76F045CE1768:java.util.concurrent.CompletableFuture@2dff336b[Not completed]
2019-09-26 21:18:47,542 [pool-27-thread-1] INFO  impl.RaftServerImpl (RaftServerImpl.java:<init>(95)) - 9ce0b59e-153f-4f41-8aed-492a76d80b48: new RaftServerImpl for group-76F045CE1768:[9ce0b59e-153f-4f41-8aed-492a76d80b48:192.168.151.99:34156] with ContainerStateMachine:uninitialized
2019-09-26 21:18:47,542 [pool-27-thread-1] INFO  server.RaftServerConfigKeys (ConfUtils.java:logGet(43)) - raft.server.rpc.timeout.min = 5s (custom)
2019-09-26 21:18:47,542 [pool-27-thread-1] INFO  server.RaftServerConfigKeys (ConfUtils.java:logGet(43)) - raft.server.rpc.timeout.max = 5200ms (custom)
2019-09-26 21:18:47,542 [pool-27-thread-1] INFO  server.RaftServerConfigKeys (ConfUtils.java:logGet(43)) - raft.server.rpcslowness.timeout = 120s (custom)
2019-09-26 21:18:47,543 [pool-27-thread-1] INFO  server.RaftServerConfigKeys (ConfUtils.java:logGet(43)) - raft.server.sleep.deviation.threshold = 300 (default)
2019-09-26 21:18:47,543 [pool-27-thread-1] INFO  server.RaftServerConfigKeys (ConfUtils.java:logGet(43)) - raft.server.log.appender.install.snapshot.enabled = false (custom)
2019-09-26 21:18:47,543 [pool-27-thread-1] INFO  impl.RaftServerImpl (ServerState.java:<init>(103)) - 9ce0b59e-153f-4f41-8aed-492a76d80b48@group-76F045CE1768: ConfigurationManager, init=-1: [9ce0b59e-153f-4f41-8aed-492a76d80b48:192.168.151.99:34156], old=null, confs=<EMPTY_MAP>
2019-09-26 21:18:47,543 [pool-27-thread-1] INFO  server.RaftServerConfigKeys (ConfUtils.java:logGet(43)) - raft.server.storage.dir = [/workdir/hadoop-ozone/ozonefs/target/test-dir/MiniOzoneClusterImpl-5b64906c-d720-4906-b30c-b6d56a2122fd/datanode-0/data/ratis] (custom)
2019-09-26 21:18:47,543 [pool-27-thread-1] INFO  storage.RaftStorageDirectory (RaftStorageDirectory.java:analyzeStorage(246)) - The storage directory /workdir/hadoop-ozone/ozonefs/target/test-dir/MiniOzoneClusterImpl-5b64906c-d720-4906-b30c-b6d56a2122fd/datanode-0/data/ratis/f62e6509-70f3-4dbe-8660-76f045ce1768 does not exist. Creating ...
2019-09-26 21:18:47,556 [pool-27-thread-1] INFO  storage.RaftStorageDirectory (RaftStorageDirectory.java:tryLock(328)) - Lock on /workdir/hadoop-ozone/ozonefs/target/test-dir/MiniOzoneClusterImpl-5b64906c-d720-4906-b30c-b6d56a2122fd/datanode-0/data/ratis/f62e6509-70f3-4dbe-8660-76f045ce1768/in_use.lock acquired by nodename 10701@pr-hdds-1569-g6sp5-2013761785
2019-09-26 21:18:47,565 [Thread-216] INFO  impl.FollowerState (FollowerState.java:run(106)) - 9ce0b59e-153f-4f41-8aed-492a76d80b48:group-0AA8FDFD7D64 changes to CANDIDATE, lastRpcTime:5021, electionTimeout:5021ms
2019-09-26 21:18:47,566 [Thread-216] INFO  impl.RoleInfo (RoleInfo.java:shutdownFollowerState(121)) - 9ce0b59e-153f-4f41-8aed-492a76d80b48: shutdown FollowerState
2019-09-26 21:18:47,566 [Thread-216] INFO  impl.RaftServerImpl (RaftServerImpl.java:setRole(174)) - 9ce0b59e-153f-4f41-8aed-492a76d80b48@group-0AA8FDFD7D64: changes role from  FOLLOWER to CANDIDATE at term 0 for changeToCandidate
2019-09-26 21:18:47,566 [Thread-216] INFO  impl.RoleInfo (RoleInfo.java:updateAndGet(143)) - 9ce0b59e-153f-4f41-8aed-492a76d80b48: start LeaderElection
2019-09-26 21:18:47,582 [pool-27-thread-1] INFO  storage.RaftStorage (RaftStorage.java:format(72)) - Storage directory /workdir/hadoop-ozone/ozonefs/target/test-dir/MiniOzoneClusterImpl-5b64906c-d720-4906-b30c-b6d56a2122fd/datanode-0/data/ratis/f62e6509-70f3-4dbe-8660-76f045ce1768 has been successfully formatted.
2019-09-26 21:18:47,583 [pool-27-thread-1] INFO  ratis.ContainerStateMachine (ContainerStateMachine.java:loadSnapshot(230)) - group-76F045CE1768: The snapshot info is null. Setting the last applied indexto:(t:0, i:~)
2019-09-26 21:18:47,583 [pool-27-thread-1] INFO  server.RaftServerConfigKeys (ConfUtils.java:logGet(43)) - raft.server.notification.no-leader.timeout = 120s (custom)
2019-09-26 21:18:47,583 [pool-27-thread-1] INFO  server.RaftServerConfigKeys (ConfUtils.java:logGet(43)) - raft.server.log.use.memory = false (default)
2019-09-26 21:18:47,583 [pool-27-thread-1] INFO  server.RaftServerConfigKeys (ConfUtils.java:logGet(43)) - raft.server.log.purge.gap = 1000000 (custom)
2019-09-26 21:18:47,583 [pool-27-thread-1] INFO  server.RaftServerConfigKeys (ConfUtils.java:logGet(43)) - raft.server.log.appender.buffer.byte-limit = 33554432 (custom)
2019-09-26 21:18:47,584 [pool-27-thread-1] INFO  server.RaftServerConfigKeys (ConfUtils.java:logGet(43)) - raft.server.log.segment.size.max = 1048576 (custom)
2019-09-26 21:18:47,584 [pool-27-thread-1] INFO  server.RaftServerConfigKeys (ConfUtils.java:logGet(43)) - raft.server.log.segment.cache.num.max = 2 (custom)
2019-09-26 21:18:47,584 [pool-27-thread-1] INFO  segmented.SegmentedRaftLogWorker (SegmentedRaftLogWorker.java:<init>(172)) - new 9ce0b59e-153f-4f41-8aed-492a76d80b48@group-76F045CE1768-SegmentedRaftLogWorker for RaftStorage:Storage Directory /workdir/hadoop-ozone/ozonefs/target/test-dir/MiniOzoneClusterImpl-5b64906c-d720-4906-b30c-b6d56a2122fd/datanode-0/data/ratis/f62e6509-70f3-4dbe-8660-76f045ce1768
2019-09-26 21:18:47,584 [pool-27-thread-1] INFO  server.RaftServerConfigKeys (ConfUtils.java:logGet(43)) - raft.server.log.queue.byte-limit = 2147483647 (custom)
2019-09-26 21:18:47,584 [pool-27-thread-1] INFO  server.RaftServerConfigKeys (ConfUtils.java:logGet(43)) - raft.server.log.queue.element-limit = 1024 (custom)
2019-09-26 21:18:47,584 [pool-27-thread-1] INFO  server.RaftServerConfigKeys (ConfUtils.java:logGet(43)) - raft.server.log.segment.size.max = 1048576 (custom)
2019-09-26 21:18:47,584 [pool-27-thread-1] INFO  server.RaftServerConfigKeys (ConfUtils.java:logGet(43)) - raft.server.log.preallocated.size = 16384 (custom)
2019-09-26 21:18:47,584 [pool-27-thread-1] INFO  server.RaftServerConfigKeys (ConfUtils.java:logGet(43)) - raft.server.log.write.buffer.size = 33554432 (custom)
2019-09-26 21:18:47,585 [pool-27-thread-1] INFO  server.RaftServerConfigKeys (ConfUtils.java:logGet(43)) - raft.server.log.force.sync.num = 128 (default)
2019-09-26 21:18:47,585 [pool-27-thread-1] INFO  server.RaftServerConfigKeys (ConfUtils.java:logGet(43)) - raft.server.log.statemachine.data.sync = true (default)
2019-09-26 21:18:47,585 [pool-27-thread-1] INFO  server.RaftServerConfigKeys (ConfUtils.java:logGet(43)) - raft.server.log.statemachine.data.sync.timeout = 10s (default)
2019-09-26 21:18:47,585 [pool-27-thread-1] INFO  server.RaftServerConfigKeys (ConfUtils.java:logGet(43)) - raft.server.log.statemachine.data.sync.timeout.retry = -1 (default)
2019-09-26 21:18:47,585 [pool-27-thread-1] INFO  server.RaftServerConfigKeys (ConfUtils.java:logGet(43)) - raft.server.log.statemachine.data.caching.enabled = true (custom)
2019-09-26 21:18:47,586 [pool-27-thread-1] INFO  segmented.SegmentedRaftLogWorker (SegmentedRaftLogWorker.java:lambda$new$0(132)) - 9ce0b59e-153f-4f41-8aed-492a76d80b48@group-76F045CE1768-SegmentedRaftLogWorker: flushIndex: setUnconditionally 0 -> -1
2019-09-26 21:18:47,586 [pool-27-thread-1] INFO  server.RaftServerConfigKeys (ConfUtils.java:logGet(43)) - raft.server.snapshot.auto.trigger.enabled = true (custom)
2019-09-26 21:18:47,586 [pool-27-thread-1] INFO  server.RaftServerConfigKeys (ConfUtils.java:logGet(43)) - raft.server.snapshot.auto.trigger.threshold = 10000 (custom)
2019-09-26 21:18:47,586 [pool-27-thread-1] INFO  server.RaftServerConfigKeys (ConfUtils.java:logGet(43)) - raft.server.snapshot.retention.num.files = 5 (custom)
2019-09-26 21:18:47,587 [pool-27-thread-1] INFO  server.RaftServerConfigKeys (ConfUtils.java:logGet(43)) - raft.server.retrycache.expirytime = 600000ms (custom)
2019-09-26 21:18:47,590 [pool-27-thread-1] INFO  impl.RaftServerImpl (RaftServerImpl.java:start(185)) - 9ce0b59e-153f-4f41-8aed-492a76d80b48@group-76F045CE1768: start as a follower, conf=-1: [9ce0b59e-153f-4f41-8aed-492a76d80b48:192.168.151.99:34156], old=null
2019-09-26 21:18:47,590 [pool-27-thread-1] INFO  impl.RaftServerImpl (RaftServerImpl.java:setRole(174)) - 9ce0b59e-153f-4f41-8aed-492a76d80b48@group-76F045CE1768: changes role from      null to FOLLOWER at term 0 for startAsFollower
2019-09-26 21:18:47,590 [pool-27-thread-1] INFO  impl.RoleInfo (RoleInfo.java:updateAndGet(143)) - 9ce0b59e-153f-4f41-8aed-492a76d80b48: start FollowerState
2019-09-26 21:18:47,590 [pool-27-thread-1] INFO  util.JmxRegister (JmxRegister.java:tryRegister(44)) - Successfully registered JMX Bean with object name Ratis:service=RaftServer,group=group-76F045CE1768,id=9ce0b59e-153f-4f41-8aed-492a76d80b48
2019-09-26 21:18:47,594 [RatisPipelineUtilsThread] INFO  pipeline.PipelineStateManager (PipelineStateManager.java:addPipeline(56)) - Created pipeline Pipeline[ Id: f62e6509-70f3-4dbe-8660-76f045ce1768, Nodes: 9ce0b59e-153f-4f41-8aed-492a76d80b48{ip: 192.168.151.99, host: pr-hdds-1569-g6sp5-2013761785, networkLocation: /default-rack, certSerialId: null}, Type:RATIS, Factor:ONE, State:OPEN]
2019-09-26 21:18:47,595 [9ce0b59e-153f-4f41-8aed-492a76d80b48@group-0AA8FDFD7D64:LeaderElection3] INFO  impl.LeaderElection (LeaderElection.java:askForVotes(182)) - 9ce0b59e-153f-4f41-8aed-492a76d80b48@group-0AA8FDFD7D64:LeaderElection3: begin an election at term 1 for -1: [9ce0b59e-153f-4f41-8aed-492a76d80b48:192.168.151.99:34156], old=null
2019-09-26 21:18:47,596 [9ce0b59e-153f-4f41-8aed-492a76d80b48@group-0AA8FDFD7D64:LeaderElection3] INFO  impl.RoleInfo (RoleInfo.java:shutdownLeaderElection(134)) - 9ce0b59e-153f-4f41-8aed-492a76d80b48: shutdown LeaderElection
2019-09-26 21:18:47,596 [9ce0b59e-153f-4f41-8aed-492a76d80b48@group-0AA8FDFD7D64:LeaderElection3] INFO  impl.RaftServerImpl (RaftServerImpl.java:setRole(174)) - 9ce0b59e-153f-4f41-8aed-492a76d80b48@group-0AA8FDFD7D64: changes role from CANDIDATE to LEADER at term 1 for changeToLeader
2019-09-26 21:18:47,596 [9ce0b59e-153f-4f41-8aed-492a76d80b48@group-0AA8FDFD7D64:LeaderElection3] INFO  impl.RaftServerImpl (ServerState.java:setLeader(253)) - 9ce0b59e-153f-4f41-8aed-492a76d80b48@group-0AA8FDFD7D64: change Leader from null to 9ce0b59e-153f-4f41-8aed-492a76d80b48 at term 1 for becomeLeader, leader elected after 5094ms
2019-09-26 21:18:47,596 [9ce0b59e-153f-4f41-8aed-492a76d80b48@group-0AA8FDFD7D64:LeaderElection3] INFO  server.RaftServerConfigKeys (ConfUtils.java:logGet(43)) - raft.server.staging.catchup.gap = 1000 (default)
2019-09-26 21:18:47,596 [9ce0b59e-153f-4f41-8aed-492a76d80b48@group-0AA8FDFD7D64:LeaderElection3] INFO  server.RaftServerConfigKeys (ConfUtils.java:logGet(43)) - raft.server.rpc.sleep.time = 25ms (default)
2019-09-26 21:18:47,596 [9ce0b59e-153f-4f41-8aed-492a76d80b48@group-0AA8FDFD7D64:LeaderElection3] INFO  server.RaftServerConfigKeys (ConfUtils.java:logGet(43)) - raft.server.write.element-limit = 4096 (default)
2019-09-26 21:18:47,596 [9ce0b59e-153f-4f41-8aed-492a76d80b48@group-0AA8FDFD7D64:LeaderElection3] INFO  server.RaftServerConfigKeys (ConfUtils.java:logGet(43)) - raft.server.watch.timeout = 10s (default)
2019-09-26 21:18:47,597 [9ce0b59e-153f-4f41-8aed-492a76d80b48@group-0AA8FDFD7D64:LeaderElection3] INFO  server.RaftServerConfigKeys (ConfUtils.java:logGet(43)) - raft.server.watch.timeout.denomination = 1s (default)
2019-09-26 21:18:47,597 [9ce0b59e-153f-4f41-8aed-492a76d80b48@group-0AA8FDFD7D64:LeaderElection3] INFO  server.RaftServerConfigKeys (ConfUtils.java:logGet(43)) - raft.server.watch.element-limit = 65536 (default)
2019-09-26 21:18:47,599 [9ce0b59e-153f-4f41-8aed-492a76d80b48@group-0AA8FDFD7D64:LeaderElection3] INFO  impl.RoleInfo (RoleInfo.java:updateAndGet(143)) - 9ce0b59e-153f-4f41-8aed-492a76d80b48: start LeaderState
2019-09-26 21:18:47,599 [9ce0b59e-153f-4f41-8aed-492a76d80b48@group-0AA8FDFD7D64:LeaderElection3] INFO  segmented.SegmentedRaftLogWorker (SegmentedRaftLogWorker.java:startLogSegment(380)) - 9ce0b59e-153f-4f41-8aed-492a76d80b48@group-0AA8FDFD7D64-SegmentedRaftLogWorker: Starting segment from index:0
2019-09-26 21:18:47,600 [9ce0b59e-153f-4f41-8aed-492a76d80b48@group-0AA8FDFD7D64:LeaderElection3] INFO  impl.RaftServerImpl (ServerState.java:setRaftConf(354)) - 9ce0b59e-153f-4f41-8aed-492a76d80b48@group-0AA8FDFD7D64: set configuration 0: [9ce0b59e-153f-4f41-8aed-492a76d80b48:192.168.151.99:34156], old=null at 0
2019-09-26 21:18:47,600 [grpc-default-executor-1] INFO  impl.RaftServerProxy (RaftServerProxy.java:addNew(89)) - 9ce0b59e-153f-4f41-8aed-492a76d80b48: addNew group-9537751EFAC3:[9ce0b59e-153f-4f41-8aed-492a76d80b48:192.168.151.99:34156] returns group-9537751EFAC3:java.util.concurrent.CompletableFuture@77c9668[Not completed]
2019-09-26 21:18:47,604 [pool-27-thread-1] INFO  impl.RaftServerImpl (RaftServerImpl.java:<init>(95)) - 9ce0b59e-153f-4f41-8aed-492a76d80b48: new RaftServerImpl for group-9537751EFAC3:[9ce0b59e-153f-4f41-8aed-492a76d80b48:192.168.151.99:34156] with ContainerStateMachine:uninitialized
2019-09-26 21:18:47,604 [pool-27-thread-1] INFO  server.RaftServerConfigKeys (ConfUtils.java:logGet(43)) - raft.server.rpc.timeout.min = 5s (custom)
2019-09-26 21:18:47,604 [pool-27-thread-1] INFO  server.RaftServerConfigKeys (ConfUtils.java:logGet(43)) - raft.server.rpc.timeout.max = 5200ms (custom)
2019-09-26 21:18:47,604 [pool-27-thread-1] INFO  server.RaftServerConfigKeys (ConfUtils.java:logGet(43)) - raft.server.rpcslowness.timeout = 120s (custom)
2019-09-26 21:18:47,604 [pool-27-thread-1] INFO  server.RaftServerConfigKeys (ConfUtils.java:logGet(43)) - raft.server.sleep.deviation.threshold = 300 (default)
2019-09-26 21:18:47,604 [pool-27-thread-1] INFO  server.RaftServerConfigKeys (ConfUtils.java:logGet(43)) - raft.server.log.appender.install.snapshot.enabled = false (custom)
2019-09-26 21:18:47,604 [pool-27-thread-1] INFO  impl.RaftServerImpl (ServerState.java:<init>(103)) - 9ce0b59e-153f-4f41-8aed-492a76d80b48@group-9537751EFAC3: ConfigurationManager, init=-1: [9ce0b59e-153f-4f41-8aed-492a76d80b48:192.168.151.99:34156], old=null, confs=<EMPTY_MAP>
2019-09-26 21:18:47,604 [pool-27-thread-1] INFO  server.RaftServerConfigKeys (ConfUtils.java:logGet(43)) - raft.server.storage.dir = [/workdir/hadoop-ozone/ozonefs/target/test-dir/MiniOzoneClusterImpl-5b64906c-d720-4906-b30c-b6d56a2122fd/datanode-0/data/ratis] (custom)
2019-09-26 21:18:47,605 [pool-27-thread-1] INFO  storage.RaftStorageDirectory (RaftStorageDirectory.java:analyzeStorage(246)) - The storage directory /workdir/hadoop-ozone/ozonefs/target/test-dir/MiniOzoneClusterImpl-5b64906c-d720-4906-b30c-b6d56a2122fd/datanode-0/data/ratis/abf885d9-f50c-4cbf-8d08-9537751efac3 does not exist. Creating ...
2019-09-26 21:18:47,652 [pool-27-thread-1] INFO  storage.RaftStorageDirectory (RaftStorageDirectory.java:tryLock(328)) - Lock on /workdir/hadoop-ozone/ozonefs/target/test-dir/MiniOzoneClusterImpl-5b64906c-d720-4906-b30c-b6d56a2122fd/datanode-0/data/ratis/abf885d9-f50c-4cbf-8d08-9537751efac3/in_use.lock acquired by nodename 10701@pr-hdds-1569-g6sp5-2013761785
2019-09-26 21:18:47,652 [9ce0b59e-153f-4f41-8aed-492a76d80b48@group-47FB47AAC5CB-SegmentedRaftLogWorker] INFO  segmented.SegmentedRaftLogWorker (SegmentedRaftLogWorker.java:execute(569)) - 9ce0b59e-153f-4f41-8aed-492a76d80b48@group-47FB47AAC5CB-SegmentedRaftLogWorker: created new log segment /workdir/hadoop-ozone/ozonefs/target/test-dir/MiniOzoneClusterImpl-5b64906c-d720-4906-b30c-b6d56a2122fd/datanode-0/data/ratis/7a633475-9917-4777-9671-47fb47aac5cb/current/log_inprogress_0
2019-09-26 21:18:47,652 [9ce0b59e-153f-4f41-8aed-492a76d80b48@group-0AA8FDFD7D64-SegmentedRaftLogWorker] INFO  segmented.SegmentedRaftLogWorker (SegmentedRaftLogWorker.java:execute(569)) - 9ce0b59e-153f-4f41-8aed-492a76d80b48@group-0AA8FDFD7D64-SegmentedRaftLogWorker: created new log segment /workdir/hadoop-ozone/ozonefs/target/test-dir/MiniOzoneClusterImpl-5b64906c-d720-4906-b30c-b6d56a2122fd/datanode-0/data/ratis/38f8a777-2844-4fe7-a04c-0aa8fdfd7d64/current/log_inprogress_0
2019-09-26 21:18:47,652 [0c640f50-2bc9-49b6-b785-a27e3116e6ba@group-E9AB86F95071-SegmentedRaftLogWorker] INFO  segmented.SegmentedRaftLogWorker (SegmentedRaftLogWorker.java:execute(569)) - 0c640f50-2bc9-49b6-b785-a27e3116e6ba@group-E9AB86F95071-SegmentedRaftLogWorker: created new log segment /workdir/hadoop-ozone/ozonefs/target/test-dir/MiniOzoneClusterImpl-5b64906c-d720-4906-b30c-b6d56a2122fd/datanode-3/data/ratis/62808871-986d-47d0-92c2-e9ab86f95071/current/log_inprogress_0
2019-09-26 21:18:47,669 [pool-27-thread-1] INFO  storage.RaftStorage (RaftStorage.java:format(72)) - Storage directory /workdir/hadoop-ozone/ozonefs/target/test-dir/MiniOzoneClusterImpl-5b64906c-d720-4906-b30c-b6d56a2122fd/datanode-0/data/ratis/abf885d9-f50c-4cbf-8d08-9537751efac3 has been successfully formatted.
2019-09-26 21:18:47,670 [pool-27-thread-1] INFO  ratis.ContainerStateMachine (ContainerStateMachine.java:loadSnapshot(230)) - group-9537751EFAC3: The snapshot info is null. Setting the last applied indexto:(t:0, i:~)
2019-09-26 21:18:47,670 [pool-27-thread-1] INFO  server.RaftServerConfigKeys (ConfUtils.java:logGet(43)) - raft.server.notification.no-leader.timeout = 120s (custom)
2019-09-26 21:18:47,670 [pool-27-thread-1] INFO  server.RaftServerConfigKeys (ConfUtils.java:logGet(43)) - raft.server.log.use.memory = false (default)
2019-09-26 21:18:47,670 [pool-27-thread-1] INFO  server.RaftServerConfigKeys (ConfUtils.java:logGet(43)) - raft.server.log.purge.gap = 1000000 (custom)
2019-09-26 21:18:47,671 [pool-27-thread-1] INFO  server.RaftServerConfigKeys (ConfUtils.java:logGet(43)) - raft.server.log.appender.buffer.byte-limit = 33554432 (custom)
2019-09-26 21:18:47,671 [pool-27-thread-1] INFO  server.RaftServerConfigKeys (ConfUtils.java:logGet(43)) - raft.server.log.segment.size.max = 1048576 (custom)
2019-09-26 21:18:47,671 [pool-27-thread-1] INFO  server.RaftServerConfigKeys (ConfUtils.java:logGet(43)) - raft.server.log.segment.cache.num.max = 2 (custom)
2019-09-26 21:18:47,671 [pool-27-thread-1] INFO  segmented.SegmentedRaftLogWorker (SegmentedRaftLogWorker.java:<init>(172)) - new 9ce0b59e-153f-4f41-8aed-492a76d80b48@group-9537751EFAC3-SegmentedRaftLogWorker for RaftStorage:Storage Directory /workdir/hadoop-ozone/ozonefs/target/test-dir/MiniOzoneClusterImpl-5b64906c-d720-4906-b30c-b6d56a2122fd/datanode-0/data/ratis/abf885d9-f50c-4cbf-8d08-9537751efac3
2019-09-26 21:18:47,671 [pool-27-thread-1] INFO  server.RaftServerConfigKeys (ConfUtils.java:logGet(43)) - raft.server.log.queue.byte-limit = 2147483647 (custom)
2019-09-26 21:18:47,671 [pool-27-thread-1] INFO  server.RaftServerConfigKeys (ConfUtils.java:logGet(43)) - raft.server.log.queue.element-limit = 1024 (custom)
2019-09-26 21:18:47,672 [pool-27-thread-1] INFO  server.RaftServerConfigKeys (ConfUtils.java:logGet(43)) - raft.server.log.segment.size.max = 1048576 (custom)
2019-09-26 21:18:47,672 [pool-27-thread-1] INFO  server.RaftServerConfigKeys (ConfUtils.java:logGet(43)) - raft.server.log.preallocated.size = 16384 (custom)
2019-09-26 21:18:47,672 [pool-27-thread-1] INFO  server.RaftServerConfigKeys (ConfUtils.java:logGet(43)) - raft.server.log.write.buffer.size = 33554432 (custom)
2019-09-26 21:18:47,672 [pool-27-thread-1] INFO  server.RaftServerConfigKeys (ConfUtils.java:logGet(43)) - raft.server.log.force.sync.num = 128 (default)
2019-09-26 21:18:47,672 [pool-27-thread-1] INFO  server.RaftServerConfigKeys (ConfUtils.java:logGet(43)) - raft.server.log.statemachine.data.sync = true (default)
2019-09-26 21:18:47,672 [pool-27-thread-1] INFO  server.RaftServerConfigKeys (ConfUtils.java:logGet(43)) - raft.server.log.statemachine.data.sync.timeout = 10s (default)
2019-09-26 21:18:47,672 [pool-27-thread-1] INFO  server.RaftServerConfigKeys (ConfUtils.java:logGet(43)) - raft.server.log.statemachine.data.sync.timeout.retry = -1 (default)
2019-09-26 21:18:47,673 [pool-27-thread-1] INFO  server.RaftServerConfigKeys (ConfUtils.java:logGet(43)) - raft.server.log.statemachine.data.caching.enabled = true (custom)
2019-09-26 21:18:47,673 [pool-27-thread-1] INFO  segmented.SegmentedRaftLogWorker (SegmentedRaftLogWorker.java:lambda$new$0(132)) - 9ce0b59e-153f-4f41-8aed-492a76d80b48@group-9537751EFAC3-SegmentedRaftLogWorker: flushIndex: setUnconditionally 0 -> -1
2019-09-26 21:18:47,673 [pool-27-thread-1] INFO  server.RaftServerConfigKeys (ConfUtils.java:logGet(43)) - raft.server.snapshot.auto.trigger.enabled = true (custom)
2019-09-26 21:18:47,673 [pool-27-thread-1] INFO  server.RaftServerConfigKeys (ConfUtils.java:logGet(43)) - raft.server.snapshot.auto.trigger.threshold = 10000 (custom)
2019-09-26 21:18:47,673 [pool-27-thread-1] INFO  server.RaftServerConfigKeys (ConfUtils.java:logGet(43)) - raft.server.snapshot.retention.num.files = 5 (custom)
2019-09-26 21:18:47,673 [pool-27-thread-1] INFO  server.RaftServerConfigKeys (ConfUtils.java:logGet(43)) - raft.server.retrycache.expirytime = 600000ms (custom)
2019-09-26 21:18:47,675 [pool-27-thread-1] INFO  impl.RaftServerImpl (RaftServerImpl.java:start(185)) - 9ce0b59e-153f-4f41-8aed-492a76d80b48@group-9537751EFAC3: start as a follower, conf=-1: [9ce0b59e-153f-4f41-8aed-492a76d80b48:192.168.151.99:34156], old=null
2019-09-26 21:18:47,675 [pool-27-thread-1] INFO  impl.RaftServerImpl (RaftServerImpl.java:setRole(174)) - 9ce0b59e-153f-4f41-8aed-492a76d80b48@group-9537751EFAC3: changes role from      null to FOLLOWER at term 0 for startAsFollower
2019-09-26 21:18:47,676 [pool-27-thread-1] INFO  impl.RoleInfo (RoleInfo.java:updateAndGet(143)) - 9ce0b59e-153f-4f41-8aed-492a76d80b48: start FollowerState
2019-09-26 21:18:47,676 [pool-27-thread-1] INFO  util.JmxRegister (JmxRegister.java:tryRegister(44)) - Successfully registered JMX Bean with object name Ratis:service=RaftServer,group=group-9537751EFAC3,id=9ce0b59e-153f-4f41-8aed-492a76d80b48
2019-09-26 21:18:47,680 [RatisPipelineUtilsThread] INFO  pipeline.PipelineStateManager (PipelineStateManager.java:addPipeline(56)) - Created pipeline Pipeline[ Id: abf885d9-f50c-4cbf-8d08-9537751efac3, Nodes: 9ce0b59e-153f-4f41-8aed-492a76d80b48{ip: 192.168.151.99, host: pr-hdds-1569-g6sp5-2013761785, networkLocation: /default-rack, certSerialId: null}, Type:RATIS, Factor:ONE, State:OPEN]
2019-09-26 21:18:47,685 [grpc-default-executor-1] INFO  impl.RaftServerProxy (RaftServerProxy.java:addNew(89)) - 1178c3ae-d0b4-4d44-b144-fe8504cc41ac: addNew group-2D6CF1A474A9:[1178c3ae-d0b4-4d44-b144-fe8504cc41ac:192.168.151.99:33787] returns group-2D6CF1A474A9:java.util.concurrent.CompletableFuture@4aae8bbd[Not completed]
2019-09-26 21:18:47,686 [pool-37-thread-1] INFO  impl.RaftServerImpl (RaftServerImpl.java:<init>(95)) - 1178c3ae-d0b4-4d44-b144-fe8504cc41ac: new RaftServerImpl for group-2D6CF1A474A9:[1178c3ae-d0b4-4d44-b144-fe8504cc41ac:192.168.151.99:33787] with ContainerStateMachine:uninitialized
2019-09-26 21:18:47,686 [pool-37-thread-1] INFO  server.RaftServerConfigKeys (ConfUtils.java:logGet(43)) - raft.server.rpc.timeout.min = 5s (custom)
2019-09-26 21:18:47,687 [pool-37-thread-1] INFO  server.RaftServerConfigKeys (ConfUtils.java:logGet(43)) - raft.server.rpc.timeout.max = 5200ms (custom)
2019-09-26 21:18:47,687 [pool-37-thread-1] INFO  server.RaftServerConfigKeys (ConfUtils.java:logGet(43)) - raft.server.rpcslowness.timeout = 120s (custom)
2019-09-26 21:18:47,687 [pool-37-thread-1] INFO  server.RaftServerConfigKeys (ConfUtils.java:logGet(43)) - raft.server.sleep.deviation.threshold = 300 (default)
2019-09-26 21:18:47,687 [pool-37-thread-1] INFO  server.RaftServerConfigKeys (ConfUtils.java:logGet(43)) - raft.server.log.appender.install.snapshot.enabled = false (custom)
2019-09-26 21:18:47,687 [pool-37-thread-1] INFO  impl.RaftServerImpl (ServerState.java:<init>(103)) - 1178c3ae-d0b4-4d44-b144-fe8504cc41ac@group-2D6CF1A474A9: ConfigurationManager, init=-1: [1178c3ae-d0b4-4d44-b144-fe8504cc41ac:192.168.151.99:33787], old=null, confs=<EMPTY_MAP>
2019-09-26 21:18:47,687 [pool-37-thread-1] INFO  server.RaftServerConfigKeys (ConfUtils.java:logGet(43)) - raft.server.storage.dir = [/workdir/hadoop-ozone/ozonefs/target/test-dir/MiniOzoneClusterImpl-5b64906c-d720-4906-b30c-b6d56a2122fd/datanode-1/data/ratis] (custom)
2019-09-26 21:18:47,688 [pool-37-thread-1] INFO  storage.RaftStorageDirectory (RaftStorageDirectory.java:analyzeStorage(246)) - The storage directory /workdir/hadoop-ozone/ozonefs/target/test-dir/MiniOzoneClusterImpl-5b64906c-d720-4906-b30c-b6d56a2122fd/datanode-1/data/ratis/72bbf285-f8ec-457b-857d-2d6cf1a474a9 does not exist. Creating ...
2019-09-26 21:18:47,701 [pool-37-thread-1] INFO  storage.RaftStorageDirectory (RaftStorageDirectory.java:tryLock(328)) - Lock on /workdir/hadoop-ozone/ozonefs/target/test-dir/MiniOzoneClusterImpl-5b64906c-d720-4906-b30c-b6d56a2122fd/datanode-1/data/ratis/72bbf285-f8ec-457b-857d-2d6cf1a474a9/in_use.lock acquired by nodename 10701@pr-hdds-1569-g6sp5-2013761785
2019-09-26 21:18:47,714 [pool-37-thread-1] INFO  storage.RaftStorage (RaftStorage.java:format(72)) - Storage directory /workdir/hadoop-ozone/ozonefs/target/test-dir/MiniOzoneClusterImpl-5b64906c-d720-4906-b30c-b6d56a2122fd/datanode-1/data/ratis/72bbf285-f8ec-457b-857d-2d6cf1a474a9 has been successfully formatted.
2019-09-26 21:18:47,715 [pool-37-thread-1] INFO  ratis.ContainerStateMachine (ContainerStateMachine.java:loadSnapshot(230)) - group-2D6CF1A474A9: The snapshot info is null. Setting the last applied indexto:(t:0, i:~)
2019-09-26 21:18:47,715 [pool-37-thread-1] INFO  server.RaftServerConfigKeys (ConfUtils.java:logGet(43)) - raft.server.notification.no-leader.timeout = 120s (custom)
2019-09-26 21:18:47,715 [pool-37-thread-1] INFO  server.RaftServerConfigKeys (ConfUtils.java:logGet(43)) - raft.server.log.use.memory = false (default)
2019-09-26 21:18:47,715 [pool-37-thread-1] INFO  server.RaftServerConfigKeys (ConfUtils.java:logGet(43)) - raft.server.log.purge.gap = 1000000 (custom)
2019-09-26 21:18:47,715 [pool-37-thread-1] INFO  server.RaftServerConfigKeys (ConfUtils.java:logGet(43)) - raft.server.log.appender.buffer.byte-limit = 33554432 (custom)
2019-09-26 21:18:47,716 [pool-37-thread-1] INFO  server.RaftServerConfigKeys (ConfUtils.java:logGet(43)) - raft.server.log.segment.size.max = 1048576 (custom)
2019-09-26 21:18:47,716 [pool-37-thread-1] INFO  server.RaftServerConfigKeys (ConfUtils.java:logGet(43)) - raft.server.log.segment.cache.num.max = 2 (custom)
2019-09-26 21:18:47,716 [pool-37-thread-1] INFO  segmented.SegmentedRaftLogWorker (SegmentedRaftLogWorker.java:<init>(172)) - new 1178c3ae-d0b4-4d44-b144-fe8504cc41ac@group-2D6CF1A474A9-SegmentedRaftLogWorker for RaftStorage:Storage Directory /workdir/hadoop-ozone/ozonefs/target/test-dir/MiniOzoneClusterImpl-5b64906c-d720-4906-b30c-b6d56a2122fd/datanode-1/data/ratis/72bbf285-f8ec-457b-857d-2d6cf1a474a9
2019-09-26 21:18:47,716 [pool-37-thread-1] INFO  server.RaftServerConfigKeys (ConfUtils.java:logGet(43)) - raft.server.log.queue.byte-limit = 2147483647 (custom)
2019-09-26 21:18:47,716 [pool-37-thread-1] INFO  server.RaftServerConfigKeys (ConfUtils.java:logGet(43)) - raft.server.log.queue.element-limit = 1024 (custom)
2019-09-26 21:18:47,716 [pool-37-thread-1] INFO  server.RaftServerConfigKeys (ConfUtils.java:logGet(43)) - raft.server.log.segment.size.max = 1048576 (custom)
2019-09-26 21:18:47,717 [pool-37-thread-1] INFO  server.RaftServerConfigKeys (ConfUtils.java:logGet(43)) - raft.server.log.preallocated.size = 16384 (custom)
2019-09-26 21:18:47,717 [pool-37-thread-1] INFO  server.RaftServerConfigKeys (ConfUtils.java:logGet(43)) - raft.server.log.write.buffer.size = 33554432 (custom)
2019-09-26 21:18:47,717 [pool-37-thread-1] INFO  server.RaftServerConfigKeys (ConfUtils.java:logGet(43)) - raft.server.log.force.sync.num = 128 (default)
2019-09-26 21:18:47,717 [pool-37-thread-1] INFO  server.RaftServerConfigKeys (ConfUtils.java:logGet(43)) - raft.server.log.statemachine.data.sync = true (default)
2019-09-26 21:18:47,717 [pool-37-thread-1] INFO  server.RaftServerConfigKeys (ConfUtils.java:logGet(43)) - raft.server.log.statemachine.data.sync.timeout = 10s (default)
2019-09-26 21:18:47,717 [pool-37-thread-1] INFO  server.RaftServerConfigKeys (ConfUtils.java:logGet(43)) - raft.server.log.statemachine.data.sync.timeout.retry = -1 (default)
2019-09-26 21:18:47,718 [pool-37-thread-1] INFO  server.RaftServerConfigKeys (ConfUtils.java:logGet(43)) - raft.server.log.statemachine.data.caching.enabled = true (custom)
2019-09-26 21:18:47,718 [pool-37-thread-1] INFO  segmented.SegmentedRaftLogWorker (SegmentedRaftLogWorker.java:lambda$new$0(132)) - 1178c3ae-d0b4-4d44-b144-fe8504cc41ac@group-2D6CF1A474A9-SegmentedRaftLogWorker: flushIndex: setUnconditionally 0 -> -1
2019-09-26 21:18:47,718 [pool-37-thread-1] INFO  server.RaftServerConfigKeys (ConfUtils.java:logGet(43)) - raft.server.snapshot.auto.trigger.enabled = true (custom)
2019-09-26 21:18:47,718 [pool-37-thread-1] INFO  server.RaftServerConfigKeys (ConfUtils.java:logGet(43)) - raft.server.snapshot.auto.trigger.threshold = 10000 (custom)
2019-09-26 21:18:47,719 [pool-37-thread-1] INFO  server.RaftServerConfigKeys (ConfUtils.java:logGet(43)) - raft.server.snapshot.retention.num.files = 5 (custom)
2019-09-26 21:18:47,719 [pool-37-thread-1] INFO  server.RaftServerConfigKeys (ConfUtils.java:logGet(43)) - raft.server.retrycache.expirytime = 600000ms (custom)
2019-09-26 21:18:47,721 [pool-37-thread-1] INFO  impl.RaftServerImpl (RaftServerImpl.java:start(185)) - 1178c3ae-d0b4-4d44-b144-fe8504cc41ac@group-2D6CF1A474A9: start as a follower, conf=-1: [1178c3ae-d0b4-4d44-b144-fe8504cc41ac:192.168.151.99:33787], old=null
2019-09-26 21:18:47,721 [pool-37-thread-1] INFO  impl.RaftServerImpl (RaftServerImpl.java:setRole(174)) - 1178c3ae-d0b4-4d44-b144-fe8504cc41ac@group-2D6CF1A474A9: changes role from      null to FOLLOWER at term 0 for startAsFollower
2019-09-26 21:18:47,722 [pool-37-thread-1] INFO  impl.RoleInfo (RoleInfo.java:updateAndGet(143)) - 1178c3ae-d0b4-4d44-b144-fe8504cc41ac: start FollowerState
2019-09-26 21:18:47,722 [pool-37-thread-1] INFO  util.JmxRegister (JmxRegister.java:tryRegister(44)) - Successfully registered JMX Bean with object name Ratis:service=RaftServer,group=group-2D6CF1A474A9,id=1178c3ae-d0b4-4d44-b144-fe8504cc41ac
2019-09-26 21:18:47,725 [RatisPipelineUtilsThread] INFO  pipeline.PipelineStateManager (PipelineStateManager.java:addPipeline(56)) - Created pipeline Pipeline[ Id: 72bbf285-f8ec-457b-857d-2d6cf1a474a9, Nodes: 1178c3ae-d0b4-4d44-b144-fe8504cc41ac{ip: 192.168.151.99, host: pr-hdds-1569-g6sp5-2013761785, networkLocation: /default-rack, certSerialId: null}, Type:RATIS, Factor:ONE, State:OPEN]
2019-09-26 21:18:47,730 [grpc-default-executor-1] INFO  impl.RaftServerProxy (RaftServerProxy.java:addNew(89)) - 9ce0b59e-153f-4f41-8aed-492a76d80b48: addNew group-8DE4ADB9E026:[9ce0b59e-153f-4f41-8aed-492a76d80b48:192.168.151.99:34156] returns group-8DE4ADB9E026:java.util.concurrent.CompletableFuture@9a9674e[Not completed]
2019-09-26 21:18:47,731 [pool-27-thread-1] INFO  impl.RaftServerImpl (RaftServerImpl.java:<init>(95)) - 9ce0b59e-153f-4f41-8aed-492a76d80b48: new RaftServerImpl for group-8DE4ADB9E026:[9ce0b59e-153f-4f41-8aed-492a76d80b48:192.168.151.99:34156] with ContainerStateMachine:uninitialized
2019-09-26 21:18:47,731 [pool-27-thread-1] INFO  server.RaftServerConfigKeys (ConfUtils.java:logGet(43)) - raft.server.rpc.timeout.min = 5s (custom)
2019-09-26 21:18:47,732 [pool-27-thread-1] INFO  server.RaftServerConfigKeys (ConfUtils.java:logGet(43)) - raft.server.rpc.timeout.max = 5200ms (custom)
2019-09-26 21:18:47,732 [pool-27-thread-1] INFO  server.RaftServerConfigKeys (ConfUtils.java:logGet(43)) - raft.server.rpcslowness.timeout = 120s (custom)
2019-09-26 21:18:47,732 [pool-27-thread-1] INFO  server.RaftServerConfigKeys (ConfUtils.java:logGet(43)) - raft.server.sleep.deviation.threshold = 300 (default)
2019-09-26 21:18:47,732 [pool-27-thread-1] INFO  server.RaftServerConfigKeys (ConfUtils.java:logGet(43)) - raft.server.log.appender.install.snapshot.enabled = false (custom)
2019-09-26 21:18:47,732 [pool-27-thread-1] INFO  impl.RaftServerImpl (ServerState.java:<init>(103)) - 9ce0b59e-153f-4f41-8aed-492a76d80b48@group-8DE4ADB9E026: ConfigurationManager, init=-1: [9ce0b59e-153f-4f41-8aed-492a76d80b48:192.168.151.99:34156], old=null, confs=<EMPTY_MAP>
2019-09-26 21:18:47,732 [pool-27-thread-1] INFO  server.RaftServerConfigKeys (ConfUtils.java:logGet(43)) - raft.server.storage.dir = [/workdir/hadoop-ozone/ozonefs/target/test-dir/MiniOzoneClusterImpl-5b64906c-d720-4906-b30c-b6d56a2122fd/datanode-0/data/ratis] (custom)
2019-09-26 21:18:47,733 [pool-27-thread-1] INFO  storage.RaftStorageDirectory (RaftStorageDirectory.java:analyzeStorage(246)) - The storage directory /workdir/hadoop-ozone/ozonefs/target/test-dir/MiniOzoneClusterImpl-5b64906c-d720-4906-b30c-b6d56a2122fd/datanode-0/data/ratis/af671627-d5d2-4730-bf9b-8de4adb9e026 does not exist. Creating ...
2019-09-26 21:18:47,745 [pool-27-thread-1] INFO  storage.RaftStorageDirectory (RaftStorageDirectory.java:tryLock(328)) - Lock on /workdir/hadoop-ozone/ozonefs/target/test-dir/MiniOzoneClusterImpl-5b64906c-d720-4906-b30c-b6d56a2122fd/datanode-0/data/ratis/af671627-d5d2-4730-bf9b-8de4adb9e026/in_use.lock acquired by nodename 10701@pr-hdds-1569-g6sp5-2013761785
2019-09-26 21:18:47,758 [pool-27-thread-1] INFO  storage.RaftStorage (RaftStorage.java:format(72)) - Storage directory /workdir/hadoop-ozone/ozonefs/target/test-dir/MiniOzoneClusterImpl-5b64906c-d720-4906-b30c-b6d56a2122fd/datanode-0/data/ratis/af671627-d5d2-4730-bf9b-8de4adb9e026 has been successfully formatted.
2019-09-26 21:18:47,758 [pool-27-thread-1] INFO  ratis.ContainerStateMachine (ContainerStateMachine.java:loadSnapshot(230)) - group-8DE4ADB9E026: The snapshot info is null. Setting the last applied indexto:(t:0, i:~)
2019-09-26 21:18:47,758 [pool-27-thread-1] INFO  server.RaftServerConfigKeys (ConfUtils.java:logGet(43)) - raft.server.notification.no-leader.timeout = 120s (custom)
2019-09-26 21:18:47,759 [pool-27-thread-1] INFO  server.RaftServerConfigKeys (ConfUtils.java:logGet(43)) - raft.server.log.use.memory = false (default)
2019-09-26 21:18:47,759 [pool-27-thread-1] INFO  server.RaftServerConfigKeys (ConfUtils.java:logGet(43)) - raft.server.log.purge.gap = 1000000 (custom)
2019-09-26 21:18:47,759 [pool-27-thread-1] INFO  server.RaftServerConfigKeys (ConfUtils.java:logGet(43)) - raft.server.log.appender.buffer.byte-limit = 33554432 (custom)
2019-09-26 21:18:47,759 [pool-27-thread-1] INFO  server.RaftServerConfigKeys (ConfUtils.java:logGet(43)) - raft.server.log.segment.size.max = 1048576 (custom)
2019-09-26 21:18:47,759 [pool-27-thread-1] INFO  server.RaftServerConfigKeys (ConfUtils.java:logGet(43)) - raft.server.log.segment.cache.num.max = 2 (custom)
2019-09-26 21:18:47,759 [pool-27-thread-1] INFO  segmented.SegmentedRaftLogWorker (SegmentedRaftLogWorker.java:<init>(172)) - new 9ce0b59e-153f-4f41-8aed-492a76d80b48@group-8DE4ADB9E026-SegmentedRaftLogWorker for RaftStorage:Storage Directory /workdir/hadoop-ozone/ozonefs/target/test-dir/MiniOzoneClusterImpl-5b64906c-d720-4906-b30c-b6d56a2122fd/datanode-0/data/ratis/af671627-d5d2-4730-bf9b-8de4adb9e026
2019-09-26 21:18:47,760 [pool-27-thread-1] INFO  server.RaftServerConfigKeys (ConfUtils.java:logGet(43)) - raft.server.log.queue.byte-limit = 2147483647 (custom)
2019-09-26 21:18:47,760 [pool-27-thread-1] INFO  server.RaftServerConfigKeys (ConfUtils.java:logGet(43)) - raft.server.log.queue.element-limit = 1024 (custom)
2019-09-26 21:18:47,760 [pool-27-thread-1] INFO  server.RaftServerConfigKeys (ConfUtils.java:logGet(43)) - raft.server.log.segment.size.max = 1048576 (custom)
2019-09-26 21:18:47,760 [pool-27-thread-1] INFO  server.RaftServerConfigKeys (ConfUtils.java:logGet(43)) - raft.server.log.preallocated.size = 16384 (custom)
2019-09-26 21:18:47,760 [pool-27-thread-1] INFO  server.RaftServerConfigKeys (ConfUtils.java:logGet(43)) - raft.server.log.write.buffer.size = 33554432 (custom)
2019-09-26 21:18:47,760 [pool-27-thread-1] INFO  server.RaftServerConfigKeys (ConfUtils.java:logGet(43)) - raft.server.log.force.sync.num = 128 (default)
2019-09-26 21:18:47,761 [pool-27-thread-1] INFO  server.RaftServerConfigKeys (ConfUtils.java:logGet(43)) - raft.server.log.statemachine.data.sync = true (default)
2019-09-26 21:18:47,761 [pool-27-thread-1] INFO  server.RaftServerConfigKeys (ConfUtils.java:logGet(43)) - raft.server.log.statemachine.data.sync.timeout = 10s (default)
2019-09-26 21:18:47,761 [pool-27-thread-1] INFO  server.RaftServerConfigKeys (ConfUtils.java:logGet(43)) - raft.server.log.statemachine.data.sync.timeout.retry = -1 (default)
2019-09-26 21:18:47,761 [pool-27-thread-1] INFO  server.RaftServerConfigKeys (ConfUtils.java:logGet(43)) - raft.server.log.statemachine.data.caching.enabled = true (custom)
2019-09-26 21:18:47,761 [pool-27-thread-1] INFO  segmented.SegmentedRaftLogWorker (SegmentedRaftLogWorker.java:lambda$new$0(132)) - 9ce0b59e-153f-4f41-8aed-492a76d80b48@group-8DE4ADB9E026-SegmentedRaftLogWorker: flushIndex: setUnconditionally 0 -> -1
2019-09-26 21:18:47,762 [pool-27-thread-1] INFO  server.RaftServerConfigKeys (ConfUtils.java:logGet(43)) - raft.server.snapshot.auto.trigger.enabled = true (custom)
2019-09-26 21:18:47,762 [pool-27-thread-1] INFO  server.RaftServerConfigKeys (ConfUtils.java:logGet(43)) - raft.server.snapshot.auto.trigger.threshold = 10000 (custom)
2019-09-26 21:18:47,762 [pool-27-thread-1] INFO  server.RaftServerConfigKeys (ConfUtils.java:logGet(43)) - raft.server.snapshot.retention.num.files = 5 (custom)
2019-09-26 21:18:47,762 [pool-27-thread-1] INFO  server.RaftServerConfigKeys (ConfUtils.java:logGet(43)) - raft.server.retrycache.expirytime = 600000ms (custom)
2019-09-26 21:18:47,765 [pool-27-thread-1] INFO  impl.RaftServerImpl (RaftServerImpl.java:start(185)) - 9ce0b59e-153f-4f41-8aed-492a76d80b48@group-8DE4ADB9E026: start as a follower, conf=-1: [9ce0b59e-153f-4f41-8aed-492a76d80b48:192.168.151.99:34156], old=null
2019-09-26 21:18:47,765 [pool-27-thread-1] INFO  impl.RaftServerImpl (RaftServerImpl.java:setRole(174)) - 9ce0b59e-153f-4f41-8aed-492a76d80b48@group-8DE4ADB9E026: changes role from      null to FOLLOWER at term 0 for startAsFollower
2019-09-26 21:18:47,765 [pool-27-thread-1] INFO  impl.RoleInfo (RoleInfo.java:updateAndGet(143)) - 9ce0b59e-153f-4f41-8aed-492a76d80b48: start FollowerState
2019-09-26 21:18:47,766 [pool-27-thread-1] INFO  util.JmxRegister (JmxRegister.java:tryRegister(44)) - Successfully registered JMX Bean with object name Ratis:service=RaftServer,group=group-8DE4ADB9E026,id=9ce0b59e-153f-4f41-8aed-492a76d80b48
2019-09-26 21:18:47,768 [RatisPipelineUtilsThread] INFO  pipeline.PipelineStateManager (PipelineStateManager.java:addPipeline(56)) - Created pipeline Pipeline[ Id: af671627-d5d2-4730-bf9b-8de4adb9e026, Nodes: 9ce0b59e-153f-4f41-8aed-492a76d80b48{ip: 192.168.151.99, host: pr-hdds-1569-g6sp5-2013761785, networkLocation: /default-rack, certSerialId: null}, Type:RATIS, Factor:ONE, State:OPEN]
2019-09-26 21:18:47,773 [grpc-default-executor-1] INFO  impl.RaftServerProxy (RaftServerProxy.java:addNew(89)) - da833d8d-e72a-4068-9560-4daa2d83adc2: addNew group-670F9015DEC2:[da833d8d-e72a-4068-9560-4daa2d83adc2:192.168.151.99:38903] returns group-670F9015DEC2:java.util.concurrent.CompletableFuture@5dab3850[Not completed]
2019-09-26 21:18:47,775 [pool-67-thread-1] INFO  impl.RaftServerImpl (RaftServerImpl.java:<init>(95)) - da833d8d-e72a-4068-9560-4daa2d83adc2: new RaftServerImpl for group-670F9015DEC2:[da833d8d-e72a-4068-9560-4daa2d83adc2:192.168.151.99:38903] with ContainerStateMachine:uninitialized
2019-09-26 21:18:47,775 [pool-67-thread-1] INFO  server.RaftServerConfigKeys (ConfUtils.java:logGet(43)) - raft.server.rpc.timeout.min = 5s (custom)
2019-09-26 21:18:47,775 [pool-67-thread-1] INFO  server.RaftServerConfigKeys (ConfUtils.java:logGet(43)) - raft.server.rpc.timeout.max = 5200ms (custom)
2019-09-26 21:18:47,775 [pool-67-thread-1] INFO  server.RaftServerConfigKeys (ConfUtils.java:logGet(43)) - raft.server.rpcslowness.timeout = 120s (custom)
2019-09-26 21:18:47,775 [pool-67-thread-1] INFO  server.RaftServerConfigKeys (ConfUtils.java:logGet(43)) - raft.server.sleep.deviation.threshold = 300 (default)
2019-09-26 21:18:47,775 [pool-67-thread-1] INFO  server.RaftServerConfigKeys (ConfUtils.java:logGet(43)) - raft.server.log.appender.install.snapshot.enabled = false (custom)
2019-09-26 21:18:47,775 [pool-67-thread-1] INFO  impl.RaftServerImpl (ServerState.java:<init>(103)) - da833d8d-e72a-4068-9560-4daa2d83adc2@group-670F9015DEC2: ConfigurationManager, init=-1: [da833d8d-e72a-4068-9560-4daa2d83adc2:192.168.151.99:38903], old=null, confs=<EMPTY_MAP>
2019-09-26 21:18:47,776 [pool-67-thread-1] INFO  server.RaftServerConfigKeys (ConfUtils.java:logGet(43)) - raft.server.storage.dir = [/workdir/hadoop-ozone/ozonefs/target/test-dir/MiniOzoneClusterImpl-5b64906c-d720-4906-b30c-b6d56a2122fd/datanode-4/data/ratis] (custom)
2019-09-26 21:18:47,776 [pool-67-thread-1] INFO  storage.RaftStorageDirectory (RaftStorageDirectory.java:analyzeStorage(246)) - The storage directory /workdir/hadoop-ozone/ozonefs/target/test-dir/MiniOzoneClusterImpl-5b64906c-d720-4906-b30c-b6d56a2122fd/datanode-4/data/ratis/0f96bcf2-2583-4e68-9119-670f9015dec2 does not exist. Creating ...
2019-09-26 21:18:47,787 [Thread-220] INFO  impl.FollowerState (FollowerState.java:run(106)) - 09112efe-1fad-4539-a04f-c96aef6d2351:group-B727DC5A21EE changes to CANDIDATE, lastRpcTime:5166, electionTimeout:5166ms
2019-09-26 21:18:47,788 [Thread-220] INFO  impl.RoleInfo (RoleInfo.java:shutdownFollowerState(121)) - 09112efe-1fad-4539-a04f-c96aef6d2351: shutdown FollowerState
2019-09-26 21:18:47,788 [Thread-220] INFO  impl.RaftServerImpl (RaftServerImpl.java:setRole(174)) - 09112efe-1fad-4539-a04f-c96aef6d2351@group-B727DC5A21EE: changes role from  FOLLOWER to CANDIDATE at term 0 for changeToCandidate
2019-09-26 21:18:47,788 [Thread-220] INFO  impl.RoleInfo (RoleInfo.java:updateAndGet(143)) - 09112efe-1fad-4539-a04f-c96aef6d2351: start LeaderElection
2019-09-26 21:18:47,788 [pool-67-thread-1] INFO  storage.RaftStorageDirectory (RaftStorageDirectory.java:tryLock(328)) - Lock on /workdir/hadoop-ozone/ozonefs/target/test-dir/MiniOzoneClusterImpl-5b64906c-d720-4906-b30c-b6d56a2122fd/datanode-4/data/ratis/0f96bcf2-2583-4e68-9119-670f9015dec2/in_use.lock acquired by nodename 10701@pr-hdds-1569-g6sp5-2013761785
2019-09-26 21:18:47,824 [pool-67-thread-1] INFO  storage.RaftStorage (RaftStorage.java:format(72)) - Storage directory /workdir/hadoop-ozone/ozonefs/target/test-dir/MiniOzoneClusterImpl-5b64906c-d720-4906-b30c-b6d56a2122fd/datanode-4/data/ratis/0f96bcf2-2583-4e68-9119-670f9015dec2 has been successfully formatted.
2019-09-26 21:18:47,824 [09112efe-1fad-4539-a04f-c96aef6d2351@group-B727DC5A21EE:LeaderElection4] INFO  impl.LeaderElection (LeaderElection.java:askForVotes(182)) - 09112efe-1fad-4539-a04f-c96aef6d2351@group-B727DC5A21EE:LeaderElection4: begin an election at term 1 for -1: [09112efe-1fad-4539-a04f-c96aef6d2351:192.168.151.99:45286], old=null
2019-09-26 21:18:47,825 [09112efe-1fad-4539-a04f-c96aef6d2351@group-B727DC5A21EE:LeaderElection4] INFO  impl.RoleInfo (RoleInfo.java:shutdownLeaderElection(134)) - 09112efe-1fad-4539-a04f-c96aef6d2351: shutdown LeaderElection
2019-09-26 21:18:47,825 [pool-67-thread-1] INFO  ratis.ContainerStateMachine (ContainerStateMachine.java:loadSnapshot(230)) - group-670F9015DEC2: The snapshot info is null. Setting the last applied indexto:(t:0, i:~)
2019-09-26 21:18:47,825 [09112efe-1fad-4539-a04f-c96aef6d2351@group-B727DC5A21EE:LeaderElection4] INFO  impl.RaftServerImpl (RaftServerImpl.java:setRole(174)) - 09112efe-1fad-4539-a04f-c96aef6d2351@group-B727DC5A21EE: changes role from CANDIDATE to LEADER at term 1 for changeToLeader
2019-09-26 21:18:47,825 [pool-67-thread-1] INFO  server.RaftServerConfigKeys (ConfUtils.java:logGet(43)) - raft.server.notification.no-leader.timeout = 120s (custom)
2019-09-26 21:18:47,825 [09112efe-1fad-4539-a04f-c96aef6d2351@group-B727DC5A21EE:LeaderElection4] INFO  impl.RaftServerImpl (ServerState.java:setLeader(253)) - 09112efe-1fad-4539-a04f-c96aef6d2351@group-B727DC5A21EE: change Leader from null to 09112efe-1fad-4539-a04f-c96aef6d2351 at term 1 for becomeLeader, leader elected after 5220ms
2019-09-26 21:18:47,825 [pool-67-thread-1] INFO  server.RaftServerConfigKeys (ConfUtils.java:logGet(43)) - raft.server.log.use.memory = false (default)
2019-09-26 21:18:47,829 [09112efe-1fad-4539-a04f-c96aef6d2351@group-B727DC5A21EE:LeaderElection4] INFO  server.RaftServerConfigKeys (ConfUtils.java:logGet(43)) - raft.server.staging.catchup.gap = 1000 (default)
2019-09-26 21:18:47,829 [pool-67-thread-1] INFO  server.RaftServerConfigKeys (ConfUtils.java:logGet(43)) - raft.server.log.purge.gap = 1000000 (custom)
2019-09-26 21:18:47,829 [09112efe-1fad-4539-a04f-c96aef6d2351@group-B727DC5A21EE:LeaderElection4] INFO  server.RaftServerConfigKeys (ConfUtils.java:logGet(43)) - raft.server.rpc.sleep.time = 25ms (default)
2019-09-26 21:18:47,829 [pool-67-thread-1] INFO  server.RaftServerConfigKeys (ConfUtils.java:logGet(43)) - raft.server.log.appender.buffer.byte-limit = 33554432 (custom)
2019-09-26 21:18:47,830 [09112efe-1fad-4539-a04f-c96aef6d2351@group-B727DC5A21EE:LeaderElection4] INFO  server.RaftServerConfigKeys (ConfUtils.java:logGet(43)) - raft.server.write.element-limit = 4096 (default)
2019-09-26 21:18:47,830 [pool-67-thread-1] INFO  server.RaftServerConfigKeys (ConfUtils.java:logGet(43)) - raft.server.log.segment.size.max = 1048576 (custom)
2019-09-26 21:18:47,830 [09112efe-1fad-4539-a04f-c96aef6d2351@group-B727DC5A21EE:LeaderElection4] INFO  server.RaftServerConfigKeys (ConfUtils.java:logGet(43)) - raft.server.watch.timeout = 10s (default)
2019-09-26 21:18:47,830 [pool-67-thread-1] INFO  server.RaftServerConfigKeys (ConfUtils.java:logGet(43)) - raft.server.log.segment.cache.num.max = 2 (custom)
2019-09-26 21:18:47,830 [09112efe-1fad-4539-a04f-c96aef6d2351@group-B727DC5A21EE:LeaderElection4] INFO  server.RaftServerConfigKeys (ConfUtils.java:logGet(43)) - raft.server.watch.timeout.denomination = 1s (default)
2019-09-26 21:18:47,830 [pool-67-thread-1] INFO  segmented.SegmentedRaftLogWorker (SegmentedRaftLogWorker.java:<init>(172)) - new da833d8d-e72a-4068-9560-4daa2d83adc2@group-670F9015DEC2-SegmentedRaftLogWorker for RaftStorage:Storage Directory /workdir/hadoop-ozone/ozonefs/target/test-dir/MiniOzoneClusterImpl-5b64906c-d720-4906-b30c-b6d56a2122fd/datanode-4/data/ratis/0f96bcf2-2583-4e68-9119-670f9015dec2
2019-09-26 21:18:47,830 [09112efe-1fad-4539-a04f-c96aef6d2351@group-B727DC5A21EE:LeaderElection4] INFO  server.RaftServerConfigKeys (ConfUtils.java:logGet(43)) - raft.server.watch.element-limit = 65536 (default)
2019-09-26 21:18:47,831 [pool-67-thread-1] INFO  server.RaftServerConfigKeys (ConfUtils.java:logGet(43)) - raft.server.log.queue.byte-limit = 2147483647 (custom)
2019-09-26 21:18:47,831 [pool-67-thread-1] INFO  server.RaftServerConfigKeys (ConfUtils.java:logGet(43)) - raft.server.log.queue.element-limit = 1024 (custom)
2019-09-26 21:18:47,831 [pool-67-thread-1] INFO  server.RaftServerConfigKeys (ConfUtils.java:logGet(43)) - raft.server.log.segment.size.max = 1048576 (custom)
2019-09-26 21:18:47,831 [pool-67-thread-1] INFO  server.RaftServerConfigKeys (ConfUtils.java:logGet(43)) - raft.server.log.preallocated.size = 16384 (custom)
2019-09-26 21:18:47,832 [pool-67-thread-1] INFO  server.RaftServerConfigKeys (ConfUtils.java:logGet(43)) - raft.server.log.write.buffer.size = 33554432 (custom)
2019-09-26 21:18:47,832 [pool-67-thread-1] INFO  server.RaftServerConfigKeys (ConfUtils.java:logGet(43)) - raft.server.log.force.sync.num = 128 (default)
2019-09-26 21:18:47,832 [pool-67-thread-1] INFO  server.RaftServerConfigKeys (ConfUtils.java:logGet(43)) - raft.server.log.statemachine.data.sync = true (default)
2019-09-26 21:18:47,832 [pool-67-thread-1] INFO  server.RaftServerConfigKeys (ConfUtils.java:logGet(43)) - raft.server.log.statemachine.data.sync.timeout = 10s (default)
2019-09-26 21:18:47,832 [pool-67-thread-1] INFO  server.RaftServerConfigKeys (ConfUtils.java:logGet(43)) - raft.server.log.statemachine.data.sync.timeout.retry = -1 (default)
2019-09-26 21:18:47,833 [pool-67-thread-1] INFO  server.RaftServerConfigKeys (ConfUtils.java:logGet(43)) - raft.server.log.statemachine.data.caching.enabled = true (custom)
2019-09-26 21:18:47,833 [pool-67-thread-1] INFO  segmented.SegmentedRaftLogWorker (SegmentedRaftLogWorker.java:lambda$new$0(132)) - da833d8d-e72a-4068-9560-4daa2d83adc2@group-670F9015DEC2-SegmentedRaftLogWorker: flushIndex: setUnconditionally 0 -> -1
2019-09-26 21:18:47,834 [09112efe-1fad-4539-a04f-c96aef6d2351@group-B727DC5A21EE:LeaderElection4] INFO  impl.RoleInfo (RoleInfo.java:updateAndGet(143)) - 09112efe-1fad-4539-a04f-c96aef6d2351: start LeaderState
2019-09-26 21:18:47,834 [09112efe-1fad-4539-a04f-c96aef6d2351@group-B727DC5A21EE:LeaderElection4] INFO  segmented.SegmentedRaftLogWorker (SegmentedRaftLogWorker.java:startLogSegment(380)) - 09112efe-1fad-4539-a04f-c96aef6d2351@group-B727DC5A21EE-SegmentedRaftLogWorker: Starting segment from index:0
2019-09-26 21:18:47,835 [pool-67-thread-1] INFO  server.RaftServerConfigKeys (ConfUtils.java:logGet(43)) - raft.server.snapshot.auto.trigger.enabled = true (custom)
2019-09-26 21:18:47,835 [pool-67-thread-1] INFO  server.RaftServerConfigKeys (ConfUtils.java:logGet(43)) - raft.server.snapshot.auto.trigger.threshold = 10000 (custom)
2019-09-26 21:18:47,835 [pool-67-thread-1] INFO  server.RaftServerConfigKeys (ConfUtils.java:logGet(43)) - raft.server.snapshot.retention.num.files = 5 (custom)
2019-09-26 21:18:47,835 [09112efe-1fad-4539-a04f-c96aef6d2351@group-B727DC5A21EE:LeaderElection4] INFO  impl.RaftServerImpl (ServerState.java:setRaftConf(354)) - 09112efe-1fad-4539-a04f-c96aef6d2351@group-B727DC5A21EE: set configuration 0: [09112efe-1fad-4539-a04f-c96aef6d2351:192.168.151.99:45286], old=null at 0
2019-09-26 21:18:47,835 [pool-67-thread-1] INFO  server.RaftServerConfigKeys (ConfUtils.java:logGet(43)) - raft.server.retrycache.expirytime = 600000ms (custom)
2019-09-26 21:18:47,871 [pool-67-thread-1] INFO  impl.RaftServerImpl (RaftServerImpl.java:start(185)) - da833d8d-e72a-4068-9560-4daa2d83adc2@group-670F9015DEC2: start as a follower, conf=-1: [da833d8d-e72a-4068-9560-4daa2d83adc2:192.168.151.99:38903], old=null
2019-09-26 21:18:47,871 [pool-67-thread-1] INFO  impl.RaftServerImpl (RaftServerImpl.java:setRole(174)) - da833d8d-e72a-4068-9560-4daa2d83adc2@group-670F9015DEC2: changes role from      null to FOLLOWER at term 0 for startAsFollower
2019-09-26 21:18:47,872 [pool-67-thread-1] INFO  impl.RoleInfo (RoleInfo.java:updateAndGet(143)) - da833d8d-e72a-4068-9560-4daa2d83adc2: start FollowerState
2019-09-26 21:18:47,872 [09112efe-1fad-4539-a04f-c96aef6d2351@group-B727DC5A21EE-SegmentedRaftLogWorker] INFO  segmented.SegmentedRaftLogWorker (SegmentedRaftLogWorker.java:execute(569)) - 09112efe-1fad-4539-a04f-c96aef6d2351@group-B727DC5A21EE-SegmentedRaftLogWorker: created new log segment /workdir/hadoop-ozone/ozonefs/target/test-dir/MiniOzoneClusterImpl-5b64906c-d720-4906-b30c-b6d56a2122fd/datanode-2/data/ratis/b908c025-bfc5-44a2-a150-b727dc5a21ee/current/log_inprogress_0
2019-09-26 21:18:47,872 [pool-67-thread-1] INFO  util.JmxRegister (JmxRegister.java:tryRegister(44)) - Successfully registered JMX Bean with object name Ratis:service=RaftServer,group=group-670F9015DEC2,id=da833d8d-e72a-4068-9560-4daa2d83adc2
2019-09-26 21:18:47,875 [RatisPipelineUtilsThread] INFO  pipeline.PipelineStateManager (PipelineStateManager.java:addPipeline(56)) - Created pipeline Pipeline[ Id: 0f96bcf2-2583-4e68-9119-670f9015dec2, Nodes: da833d8d-e72a-4068-9560-4daa2d83adc2{ip: 192.168.151.99, host: pr-hdds-1569-g6sp5-2013761785, networkLocation: /default-rack, certSerialId: null}, Type:RATIS, Factor:ONE, State:OPEN]
2019-09-26 21:18:47,883 [grpc-default-executor-1] INFO  impl.RaftServerProxy (RaftServerProxy.java:addNew(89)) - 09112efe-1fad-4539-a04f-c96aef6d2351: addNew group-F6B9EF0C2D8E:[09112efe-1fad-4539-a04f-c96aef6d2351:192.168.151.99:45286] returns group-F6B9EF0C2D8E:java.util.concurrent.CompletableFuture@5e235f61[Not completed]
2019-09-26 21:18:47,884 [pool-47-thread-1] INFO  impl.RaftServerImpl (RaftServerImpl.java:<init>(95)) - 09112efe-1fad-4539-a04f-c96aef6d2351: new RaftServerImpl for group-F6B9EF0C2D8E:[09112efe-1fad-4539-a04f-c96aef6d2351:192.168.151.99:45286] with ContainerStateMachine:uninitialized
2019-09-26 21:18:47,885 [pool-47-thread-1] INFO  server.RaftServerConfigKeys (ConfUtils.java:logGet(43)) - raft.server.rpc.timeout.min = 5s (custom)
2019-09-26 21:18:47,885 [pool-47-thread-1] INFO  server.RaftServerConfigKeys (ConfUtils.java:logGet(43)) - raft.server.rpc.timeout.max = 5200ms (custom)
2019-09-26 21:18:47,885 [pool-47-thread-1] INFO  server.RaftServerConfigKeys (ConfUtils.java:logGet(43)) - raft.server.rpcslowness.timeout = 120s (custom)
2019-09-26 21:18:47,885 [pool-47-thread-1] INFO  server.RaftServerConfigKeys (ConfUtils.java:logGet(43)) - raft.server.sleep.deviation.threshold = 300 (default)
2019-09-26 21:18:47,885 [pool-47-thread-1] INFO  server.RaftServerConfigKeys (ConfUtils.java:logGet(43)) - raft.server.log.appender.install.snapshot.enabled = false (custom)
2019-09-26 21:18:47,885 [pool-47-thread-1] INFO  impl.RaftServerImpl (ServerState.java:<init>(103)) - 09112efe-1fad-4539-a04f-c96aef6d2351@group-F6B9EF0C2D8E: ConfigurationManager, init=-1: [09112efe-1fad-4539-a04f-c96aef6d2351:192.168.151.99:45286], old=null, confs=<EMPTY_MAP>
2019-09-26 21:18:47,886 [pool-47-thread-1] INFO  server.RaftServerConfigKeys (ConfUtils.java:logGet(43)) - raft.server.storage.dir = [/workdir/hadoop-ozone/ozonefs/target/test-dir/MiniOzoneClusterImpl-5b64906c-d720-4906-b30c-b6d56a2122fd/datanode-2/data/ratis] (custom)
2019-09-26 21:18:47,886 [Thread-223] INFO  impl.FollowerState (FollowerState.java:run(106)) - 9ce0b59e-153f-4f41-8aed-492a76d80b48:group-D7F8E744076C changes to CANDIDATE, lastRpcTime:5170, electionTimeout:5168ms
2019-09-26 21:18:47,886 [Thread-223] INFO  impl.RoleInfo (RoleInfo.java:shutdownFollowerState(121)) - 9ce0b59e-153f-4f41-8aed-492a76d80b48: shutdown FollowerState
2019-09-26 21:18:47,886 [pool-47-thread-1] INFO  storage.RaftStorageDirectory (RaftStorageDirectory.java:analyzeStorage(246)) - The storage directory /workdir/hadoop-ozone/ozonefs/target/test-dir/MiniOzoneClusterImpl-5b64906c-d720-4906-b30c-b6d56a2122fd/datanode-2/data/ratis/31d3cb7f-70fd-4a6e-8dc1-f6b9ef0c2d8e does not exist. Creating ...
2019-09-26 21:18:47,886 [Thread-223] INFO  impl.RaftServerImpl (RaftServerImpl.java:setRole(174)) - 9ce0b59e-153f-4f41-8aed-492a76d80b48@group-D7F8E744076C: changes role from  FOLLOWER to CANDIDATE at term 0 for changeToCandidate
2019-09-26 21:18:47,886 [Thread-223] INFO  impl.RoleInfo (RoleInfo.java:updateAndGet(143)) - 9ce0b59e-153f-4f41-8aed-492a76d80b48: start LeaderElection
2019-09-26 21:18:47,891 [Thread-226] INFO  impl.FollowerState (FollowerState.java:run(106)) - 09112efe-1fad-4539-a04f-c96aef6d2351:group-6F0B9BAAF673 changes to CANDIDATE, lastRpcTime:5103, electionTimeout:5101ms
2019-09-26 21:18:47,895 [Thread-226] INFO  impl.RoleInfo (RoleInfo.java:shutdownFollowerState(121)) - 09112efe-1fad-4539-a04f-c96aef6d2351: shutdown FollowerState
2019-09-26 21:18:47,895 [Thread-226] INFO  impl.RaftServerImpl (RaftServerImpl.java:setRole(174)) - 09112efe-1fad-4539-a04f-c96aef6d2351@group-6F0B9BAAF673: changes role from  FOLLOWER to CANDIDATE at term 0 for changeToCandidate
2019-09-26 21:18:47,895 [Thread-226] INFO  impl.RoleInfo (RoleInfo.java:updateAndGet(143)) - 09112efe-1fad-4539-a04f-c96aef6d2351: start LeaderElection
2019-09-26 21:18:47,897 [pool-47-thread-1] INFO  storage.RaftStorageDirectory (RaftStorageDirectory.java:tryLock(328)) - Lock on /workdir/hadoop-ozone/ozonefs/target/test-dir/MiniOzoneClusterImpl-5b64906c-d720-4906-b30c-b6d56a2122fd/datanode-2/data/ratis/31d3cb7f-70fd-4a6e-8dc1-f6b9ef0c2d8e/in_use.lock acquired by nodename 10701@pr-hdds-1569-g6sp5-2013761785
2019-09-26 21:18:47,908 [pool-47-thread-1] INFO  storage.RaftStorage (RaftStorage.java:format(72)) - Storage directory /workdir/hadoop-ozone/ozonefs/target/test-dir/MiniOzoneClusterImpl-5b64906c-d720-4906-b30c-b6d56a2122fd/datanode-2/data/ratis/31d3cb7f-70fd-4a6e-8dc1-f6b9ef0c2d8e has been successfully formatted.
2019-09-26 21:18:47,908 [09112efe-1fad-4539-a04f-c96aef6d2351@group-6F0B9BAAF673:LeaderElection6] INFO  impl.LeaderElection (LeaderElection.java:askForVotes(182)) - 09112efe-1fad-4539-a04f-c96aef6d2351@group-6F0B9BAAF673:LeaderElection6: begin an election at term 1 for -1: [09112efe-1fad-4539-a04f-c96aef6d2351:192.168.151.99:45286], old=null
2019-09-26 21:18:47,908 [9ce0b59e-153f-4f41-8aed-492a76d80b48@group-D7F8E744076C:LeaderElection5] INFO  impl.LeaderElection (LeaderElection.java:askForVotes(182)) - 9ce0b59e-153f-4f41-8aed-492a76d80b48@group-D7F8E744076C:LeaderElection5: begin an election at term 1 for -1: [9ce0b59e-153f-4f41-8aed-492a76d80b48:192.168.151.99:34156], old=null
2019-09-26 21:18:47,908 [09112efe-1fad-4539-a04f-c96aef6d2351@group-6F0B9BAAF673:LeaderElection6] INFO  impl.RoleInfo (RoleInfo.java:shutdownLeaderElection(134)) - 09112efe-1fad-4539-a04f-c96aef6d2351: shutdown LeaderElection
2019-09-26 21:18:47,908 [pool-47-thread-1] INFO  ratis.ContainerStateMachine (ContainerStateMachine.java:loadSnapshot(230)) - group-F6B9EF0C2D8E: The snapshot info is null. Setting the last applied indexto:(t:0, i:~)
2019-09-26 21:18:47,909 [09112efe-1fad-4539-a04f-c96aef6d2351@group-6F0B9BAAF673:LeaderElection6] INFO  impl.RaftServerImpl (RaftServerImpl.java:setRole(174)) - 09112efe-1fad-4539-a04f-c96aef6d2351@group-6F0B9BAAF673: changes role from CANDIDATE to LEADER at term 1 for changeToLeader
2019-09-26 21:18:47,909 [09112efe-1fad-4539-a04f-c96aef6d2351@group-6F0B9BAAF673:LeaderElection6] INFO  impl.RaftServerImpl (ServerState.java:setLeader(253)) - 09112efe-1fad-4539-a04f-c96aef6d2351@group-6F0B9BAAF673: change Leader from null to 09112efe-1fad-4539-a04f-c96aef6d2351 at term 1 for becomeLeader, leader elected after 5131ms
2019-09-26 21:18:47,908 [9ce0b59e-153f-4f41-8aed-492a76d80b48@group-D7F8E744076C:LeaderElection5] INFO  impl.RoleInfo (RoleInfo.java:shutdownLeaderElection(134)) - 9ce0b59e-153f-4f41-8aed-492a76d80b48: shutdown LeaderElection
2019-09-26 21:18:47,909 [09112efe-1fad-4539-a04f-c96aef6d2351@group-6F0B9BAAF673:LeaderElection6] INFO  server.RaftServerConfigKeys (ConfUtils.java:logGet(43)) - raft.server.staging.catchup.gap = 1000 (default)
2019-09-26 21:18:47,909 [09112efe-1fad-4539-a04f-c96aef6d2351@group-6F0B9BAAF673:LeaderElection6] INFO  server.RaftServerConfigKeys (ConfUtils.java:logGet(43)) - raft.server.rpc.sleep.time = 25ms (default)
2019-09-26 21:18:47,909 [pool-47-thread-1] INFO  server.RaftServerConfigKeys (ConfUtils.java:logGet(43)) - raft.server.notification.no-leader.timeout = 120s (custom)
2019-09-26 21:18:47,909 [09112efe-1fad-4539-a04f-c96aef6d2351@group-6F0B9BAAF673:LeaderElection6] INFO  server.RaftServerConfigKeys (ConfUtils.java:logGet(43)) - raft.server.write.element-limit = 4096 (default)
2019-09-26 21:18:47,909 [9ce0b59e-153f-4f41-8aed-492a76d80b48@group-D7F8E744076C:LeaderElection5] INFO  impl.RaftServerImpl (RaftServerImpl.java:setRole(174)) - 9ce0b59e-153f-4f41-8aed-492a76d80b48@group-D7F8E744076C: changes role from CANDIDATE to LEADER at term 1 for changeToLeader
2019-09-26 21:18:47,910 [09112efe-1fad-4539-a04f-c96aef6d2351@group-6F0B9BAAF673:LeaderElection6] INFO  server.RaftServerConfigKeys (ConfUtils.java:logGet(43)) - raft.server.watch.timeout = 10s (default)
2019-09-26 21:18:47,909 [pool-47-thread-1] INFO  server.RaftServerConfigKeys (ConfUtils.java:logGet(43)) - raft.server.log.use.memory = false (default)
2019-09-26 21:18:47,910 [09112efe-1fad-4539-a04f-c96aef6d2351@group-6F0B9BAAF673:LeaderElection6] INFO  server.RaftServerConfigKeys (ConfUtils.java:logGet(43)) - raft.server.watch.timeout.denomination = 1s (default)
2019-09-26 21:18:47,910 [9ce0b59e-153f-4f41-8aed-492a76d80b48@group-D7F8E744076C:LeaderElection5] INFO  impl.RaftServerImpl (ServerState.java:setLeader(253)) - 9ce0b59e-153f-4f41-8aed-492a76d80b48@group-D7F8E744076C: change Leader from null to 9ce0b59e-153f-4f41-8aed-492a76d80b48 at term 1 for becomeLeader, leader elected after 5205ms
2019-09-26 21:18:47,910 [09112efe-1fad-4539-a04f-c96aef6d2351@group-6F0B9BAAF673:LeaderElection6] INFO  server.RaftServerConfigKeys (ConfUtils.java:logGet(43)) - raft.server.watch.element-limit = 65536 (default)
2019-09-26 21:18:47,910 [pool-47-thread-1] INFO  server.RaftServerConfigKeys (ConfUtils.java:logGet(43)) - raft.server.log.purge.gap = 1000000 (custom)
2019-09-26 21:18:47,910 [9ce0b59e-153f-4f41-8aed-492a76d80b48@group-D7F8E744076C:LeaderElection5] INFO  server.RaftServerConfigKeys (ConfUtils.java:logGet(43)) - raft.server.staging.catchup.gap = 1000 (default)
2019-09-26 21:18:47,911 [pool-47-thread-1] INFO  server.RaftServerConfigKeys (ConfUtils.java:logGet(43)) - raft.server.log.appender.buffer.byte-limit = 33554432 (custom)
2019-09-26 21:18:47,911 [9ce0b59e-153f-4f41-8aed-492a76d80b48@group-D7F8E744076C:LeaderElection5] INFO  server.RaftServerConfigKeys (ConfUtils.java:logGet(43)) - raft.server.rpc.sleep.time = 25ms (default)
2019-09-26 21:18:47,911 [pool-47-thread-1] INFO  server.RaftServerConfigKeys (ConfUtils.java:logGet(43)) - raft.server.log.segment.size.max = 1048576 (custom)
2019-09-26 21:18:47,911 [9ce0b59e-153f-4f41-8aed-492a76d80b48@group-D7F8E744076C:LeaderElection5] INFO  server.RaftServerConfigKeys (ConfUtils.java:logGet(43)) - raft.server.write.element-limit = 4096 (default)
2019-09-26 21:18:47,911 [pool-47-thread-1] INFO  server.RaftServerConfigKeys (ConfUtils.java:logGet(43)) - raft.server.log.segment.cache.num.max = 2 (custom)
2019-09-26 21:18:47,911 [9ce0b59e-153f-4f41-8aed-492a76d80b48@group-D7F8E744076C:LeaderElection5] INFO  server.RaftServerConfigKeys (ConfUtils.java:logGet(43)) - raft.server.watch.timeout = 10s (default)
2019-09-26 21:18:47,911 [pool-47-thread-1] INFO  segmented.SegmentedRaftLogWorker (SegmentedRaftLogWorker.java:<init>(172)) - new 09112efe-1fad-4539-a04f-c96aef6d2351@group-F6B9EF0C2D8E-SegmentedRaftLogWorker for RaftStorage:Storage Directory /workdir/hadoop-ozone/ozonefs/target/test-dir/MiniOzoneClusterImpl-5b64906c-d720-4906-b30c-b6d56a2122fd/datanode-2/data/ratis/31d3cb7f-70fd-4a6e-8dc1-f6b9ef0c2d8e
2019-09-26 21:18:47,912 [9ce0b59e-153f-4f41-8aed-492a76d80b48@group-D7F8E744076C:LeaderElection5] INFO  server.RaftServerConfigKeys (ConfUtils.java:logGet(43)) - raft.server.watch.timeout.denomination = 1s (default)
2019-09-26 21:18:47,912 [pool-47-thread-1] INFO  server.RaftServerConfigKeys (ConfUtils.java:logGet(43)) - raft.server.log.queue.byte-limit = 2147483647 (custom)
2019-09-26 21:18:47,912 [9ce0b59e-153f-4f41-8aed-492a76d80b48@group-D7F8E744076C:LeaderElection5] INFO  server.RaftServerConfigKeys (ConfUtils.java:logGet(43)) - raft.server.watch.element-limit = 65536 (default)
2019-09-26 21:18:47,912 [pool-47-thread-1] INFO  server.RaftServerConfigKeys (ConfUtils.java:logGet(43)) - raft.server.log.queue.element-limit = 1024 (custom)
2019-09-26 21:18:47,912 [pool-47-thread-1] INFO  server.RaftServerConfigKeys (ConfUtils.java:logGet(43)) - raft.server.log.segment.size.max = 1048576 (custom)
2019-09-26 21:18:47,913 [pool-47-thread-1] INFO  server.RaftServerConfigKeys (ConfUtils.java:logGet(43)) - raft.server.log.preallocated.size = 16384 (custom)
2019-09-26 21:18:47,913 [09112efe-1fad-4539-a04f-c96aef6d2351@group-6F0B9BAAF673:LeaderElection6] INFO  impl.RoleInfo (RoleInfo.java:updateAndGet(143)) - 09112efe-1fad-4539-a04f-c96aef6d2351: start LeaderState
2019-09-26 21:18:47,913 [pool-47-thread-1] INFO  server.RaftServerConfigKeys (ConfUtils.java:logGet(43)) - raft.server.log.write.buffer.size = 33554432 (custom)
2019-09-26 21:18:47,913 [pool-47-thread-1] INFO  server.RaftServerConfigKeys (ConfUtils.java:logGet(43)) - raft.server.log.force.sync.num = 128 (default)
2019-09-26 21:18:47,913 [09112efe-1fad-4539-a04f-c96aef6d2351@group-6F0B9BAAF673:LeaderElection6] INFO  segmented.SegmentedRaftLogWorker (SegmentedRaftLogWorker.java:startLogSegment(380)) - 09112efe-1fad-4539-a04f-c96aef6d2351@group-6F0B9BAAF673-SegmentedRaftLogWorker: Starting segment from index:0
2019-09-26 21:18:47,913 [pool-47-thread-1] INFO  server.RaftServerConfigKeys (ConfUtils.java:logGet(43)) - raft.server.log.statemachine.data.sync = true (default)
2019-09-26 21:18:47,914 [pool-47-thread-1] INFO  server.RaftServerConfigKeys (ConfUtils.java:logGet(43)) - raft.server.log.statemachine.data.sync.timeout = 10s (default)
2019-09-26 21:18:47,914 [09112efe-1fad-4539-a04f-c96aef6d2351@group-6F0B9BAAF673:LeaderElection6] INFO  impl.RaftServerImpl (ServerState.java:setRaftConf(354)) - 09112efe-1fad-4539-a04f-c96aef6d2351@group-6F0B9BAAF673: set configuration 0: [09112efe-1fad-4539-a04f-c96aef6d2351:192.168.151.99:45286], old=null at 0
2019-09-26 21:18:47,914 [pool-47-thread-1] INFO  server.RaftServerConfigKeys (ConfUtils.java:logGet(43)) - raft.server.log.statemachine.data.sync.timeout.retry = -1 (default)
2019-09-26 21:18:47,953 [pool-47-thread-1] INFO  server.RaftServerConfigKeys (ConfUtils.java:logGet(43)) - raft.server.log.statemachine.data.caching.enabled = true (custom)
2019-09-26 21:18:47,953 [9ce0b59e-153f-4f41-8aed-492a76d80b48@group-D7F8E744076C:LeaderElection5] INFO  impl.RoleInfo (RoleInfo.java:updateAndGet(143)) - 9ce0b59e-153f-4f41-8aed-492a76d80b48: start LeaderState
2019-09-26 21:18:47,953 [pool-47-thread-1] INFO  segmented.SegmentedRaftLogWorker (SegmentedRaftLogWorker.java:lambda$new$0(132)) - 09112efe-1fad-4539-a04f-c96aef6d2351@group-F6B9EF0C2D8E-SegmentedRaftLogWorker: flushIndex: setUnconditionally 0 -> -1
2019-09-26 21:18:47,953 [9ce0b59e-153f-4f41-8aed-492a76d80b48@group-D7F8E744076C:LeaderElection5] INFO  segmented.SegmentedRaftLogWorker (SegmentedRaftLogWorker.java:startLogSegment(380)) - 9ce0b59e-153f-4f41-8aed-492a76d80b48@group-D7F8E744076C-SegmentedRaftLogWorker: Starting segment from index:0
2019-09-26 21:18:47,954 [pool-47-thread-1] INFO  server.RaftServerConfigKeys (ConfUtils.java:logGet(43)) - raft.server.snapshot.auto.trigger.enabled = true (custom)
2019-09-26 21:18:47,954 [pool-47-thread-1] INFO  server.RaftServerConfigKeys (ConfUtils.java:logGet(43)) - raft.server.snapshot.auto.trigger.threshold = 10000 (custom)
2019-09-26 21:18:47,954 [pool-47-thread-1] INFO  server.RaftServerConfigKeys (ConfUtils.java:logGet(43)) - raft.server.snapshot.retention.num.files = 5 (custom)
2019-09-26 21:18:47,954 [9ce0b59e-153f-4f41-8aed-492a76d80b48@group-D7F8E744076C:LeaderElection5] INFO  impl.RaftServerImpl (ServerState.java:setRaftConf(354)) - 9ce0b59e-153f-4f41-8aed-492a76d80b48@group-D7F8E744076C: set configuration 0: [9ce0b59e-153f-4f41-8aed-492a76d80b48:192.168.151.99:34156], old=null at 0
2019-09-26 21:18:47,954 [pool-47-thread-1] INFO  server.RaftServerConfigKeys (ConfUtils.java:logGet(43)) - raft.server.retrycache.expirytime = 600000ms (custom)
2019-09-26 21:18:47,992 [Thread-229] INFO  impl.FollowerState (FollowerState.java:run(106)) - da833d8d-e72a-4068-9560-4daa2d83adc2:group-8879AEF66DD1 changes to CANDIDATE, lastRpcTime:5127, electionTimeout:5090ms
2019-09-26 21:18:47,992 [09112efe-1fad-4539-a04f-c96aef6d2351@group-6F0B9BAAF673-SegmentedRaftLogWorker] INFO  segmented.SegmentedRaftLogWorker (SegmentedRaftLogWorker.java:execute(569)) - 09112efe-1fad-4539-a04f-c96aef6d2351@group-6F0B9BAAF673-SegmentedRaftLogWorker: created new log segment /workdir/hadoop-ozone/ozonefs/target/test-dir/MiniOzoneClusterImpl-5b64906c-d720-4906-b30c-b6d56a2122fd/datanode-2/data/ratis/c16a5bbc-b524-4f23-8877-6f0b9baaf673/current/log_inprogress_0
2019-09-26 21:18:47,992 [Thread-229] INFO  impl.RoleInfo (RoleInfo.java:shutdownFollowerState(121)) - da833d8d-e72a-4068-9560-4daa2d83adc2: shutdown FollowerState
2019-09-26 21:18:47,993 [Thread-229] INFO  impl.RaftServerImpl (RaftServerImpl.java:setRole(174)) - da833d8d-e72a-4068-9560-4daa2d83adc2@group-8879AEF66DD1: changes role from  FOLLOWER to CANDIDATE at term 0 for changeToCandidate
2019-09-26 21:18:47,993 [Thread-229] INFO  impl.RoleInfo (RoleInfo.java:updateAndGet(143)) - da833d8d-e72a-4068-9560-4daa2d83adc2: start LeaderElection
2019-09-26 21:18:48,002 [pool-47-thread-1] INFO  impl.RaftServerImpl (RaftServerImpl.java:start(185)) - 09112efe-1fad-4539-a04f-c96aef6d2351@group-F6B9EF0C2D8E: start as a follower, conf=-1: [09112efe-1fad-4539-a04f-c96aef6d2351:192.168.151.99:45286], old=null
2019-09-26 21:18:48,002 [pool-47-thread-1] INFO  impl.RaftServerImpl (RaftServerImpl.java:setRole(174)) - 09112efe-1fad-4539-a04f-c96aef6d2351@group-F6B9EF0C2D8E: changes role from      null to FOLLOWER at term 0 for startAsFollower
2019-09-26 21:18:48,002 [pool-47-thread-1] INFO  impl.RoleInfo (RoleInfo.java:updateAndGet(143)) - 09112efe-1fad-4539-a04f-c96aef6d2351: start FollowerState
2019-09-26 21:18:48,002 [pool-47-thread-1] INFO  util.JmxRegister (JmxRegister.java:tryRegister(44)) - Successfully registered JMX Bean with object name Ratis:service=RaftServer,group=group-F6B9EF0C2D8E,id=09112efe-1fad-4539-a04f-c96aef6d2351
2019-09-26 21:18:48,005 [9ce0b59e-153f-4f41-8aed-492a76d80b48@group-D7F8E744076C-SegmentedRaftLogWorker] INFO  segmented.SegmentedRaftLogWorker (SegmentedRaftLogWorker.java:execute(569)) - 9ce0b59e-153f-4f41-8aed-492a76d80b48@group-D7F8E744076C-SegmentedRaftLogWorker: created new log segment /workdir/hadoop-ozone/ozonefs/target/test-dir/MiniOzoneClusterImpl-5b64906c-d720-4906-b30c-b6d56a2122fd/datanode-0/data/ratis/fc9fa818-788e-487d-9614-d7f8e744076c/current/log_inprogress_0
2019-09-26 21:18:48,005 [da833d8d-e72a-4068-9560-4daa2d83adc2@group-8879AEF66DD1:LeaderElection7] INFO  impl.LeaderElection (LeaderElection.java:askForVotes(182)) - da833d8d-e72a-4068-9560-4daa2d83adc2@group-8879AEF66DD1:LeaderElection7: begin an election at term 1 for -1: [da833d8d-e72a-4068-9560-4daa2d83adc2:192.168.151.99:38903], old=null
2019-09-26 21:18:48,005 [da833d8d-e72a-4068-9560-4daa2d83adc2@group-8879AEF66DD1:LeaderElection7] INFO  impl.RoleInfo (RoleInfo.java:shutdownLeaderElection(134)) - da833d8d-e72a-4068-9560-4daa2d83adc2: shutdown LeaderElection
2019-09-26 21:18:48,005 [da833d8d-e72a-4068-9560-4daa2d83adc2@group-8879AEF66DD1:LeaderElection7] INFO  impl.RaftServerImpl (RaftServerImpl.java:setRole(174)) - da833d8d-e72a-4068-9560-4daa2d83adc2@group-8879AEF66DD1: changes role from CANDIDATE to LEADER at term 1 for changeToLeader
2019-09-26 21:18:48,005 [da833d8d-e72a-4068-9560-4daa2d83adc2@group-8879AEF66DD1:LeaderElection7] INFO  impl.RaftServerImpl (ServerState.java:setLeader(253)) - da833d8d-e72a-4068-9560-4daa2d83adc2@group-8879AEF66DD1: change Leader from null to da833d8d-e72a-4068-9560-4daa2d83adc2 at term 1 for becomeLeader, leader elected after 5152ms
2019-09-26 21:18:48,007 [da833d8d-e72a-4068-9560-4daa2d83adc2@group-8879AEF66DD1:LeaderElection7] INFO  server.RaftServerConfigKeys (ConfUtils.java:logGet(43)) - raft.server.staging.catchup.gap = 1000 (default)
2019-09-26 21:18:48,008 [RatisPipelineUtilsThread] INFO  pipeline.PipelineStateManager (PipelineStateManager.java:addPipeline(56)) - Created pipeline Pipeline[ Id: 31d3cb7f-70fd-4a6e-8dc1-f6b9ef0c2d8e, Nodes: 09112efe-1fad-4539-a04f-c96aef6d2351{ip: 192.168.151.99, host: pr-hdds-1569-g6sp5-2013761785, networkLocation: /default-rack, certSerialId: null}, Type:RATIS, Factor:ONE, State:OPEN]
2019-09-26 21:18:48,008 [da833d8d-e72a-4068-9560-4daa2d83adc2@group-8879AEF66DD1:LeaderElection7] INFO  server.RaftServerConfigKeys (ConfUtils.java:logGet(43)) - raft.server.rpc.sleep.time = 25ms (default)
2019-09-26 21:18:48,008 [da833d8d-e72a-4068-9560-4daa2d83adc2@group-8879AEF66DD1:LeaderElection7] INFO  server.RaftServerConfigKeys (ConfUtils.java:logGet(43)) - raft.server.write.element-limit = 4096 (default)
2019-09-26 21:18:48,008 [da833d8d-e72a-4068-9560-4daa2d83adc2@group-8879AEF66DD1:LeaderElection7] INFO  server.RaftServerConfigKeys (ConfUtils.java:logGet(43)) - raft.server.watch.timeout = 10s (default)
2019-09-26 21:18:48,008 [da833d8d-e72a-4068-9560-4daa2d83adc2@group-8879AEF66DD1:LeaderElection7] INFO  server.RaftServerConfigKeys (ConfUtils.java:logGet(43)) - raft.server.watch.timeout.denomination = 1s (default)
2019-09-26 21:18:48,009 [da833d8d-e72a-4068-9560-4daa2d83adc2@group-8879AEF66DD1:LeaderElection7] INFO  server.RaftServerConfigKeys (ConfUtils.java:logGet(43)) - raft.server.watch.element-limit = 65536 (default)
2019-09-26 21:18:48,012 [da833d8d-e72a-4068-9560-4daa2d83adc2@group-8879AEF66DD1:LeaderElection7] INFO  impl.RoleInfo (RoleInfo.java:updateAndGet(143)) - da833d8d-e72a-4068-9560-4daa2d83adc2: start LeaderState
2019-09-26 21:18:48,012 [da833d8d-e72a-4068-9560-4daa2d83adc2@group-8879AEF66DD1:LeaderElection7] INFO  segmented.SegmentedRaftLogWorker (SegmentedRaftLogWorker.java:startLogSegment(380)) - da833d8d-e72a-4068-9560-4daa2d83adc2@group-8879AEF66DD1-SegmentedRaftLogWorker: Starting segment from index:0
2019-09-26 21:18:48,012 [da833d8d-e72a-4068-9560-4daa2d83adc2@group-8879AEF66DD1:LeaderElection7] INFO  impl.RaftServerImpl (ServerState.java:setRaftConf(354)) - da833d8d-e72a-4068-9560-4daa2d83adc2@group-8879AEF66DD1: set configuration 0: [da833d8d-e72a-4068-9560-4daa2d83adc2:192.168.151.99:38903], old=null at 0
2019-09-26 21:18:48,046 [Thread-232] INFO  impl.FollowerState (FollowerState.java:run(106)) - 0c640f50-2bc9-49b6-b785-a27e3116e6ba:group-B1BCA833789C changes to CANDIDATE, lastRpcTime:5113, electionTimeout:5085ms
2019-09-26 21:18:48,046 [Thread-232] INFO  impl.RoleInfo (RoleInfo.java:shutdownFollowerState(121)) - 0c640f50-2bc9-49b6-b785-a27e3116e6ba: shutdown FollowerState
2019-09-26 21:18:48,046 [Thread-232] INFO  impl.RaftServerImpl (RaftServerImpl.java:setRole(174)) - 0c640f50-2bc9-49b6-b785-a27e3116e6ba@group-B1BCA833789C: changes role from  FOLLOWER to CANDIDATE at term 0 for changeToCandidate
2019-09-26 21:18:48,046 [Thread-232] INFO  impl.RoleInfo (RoleInfo.java:updateAndGet(143)) - 0c640f50-2bc9-49b6-b785-a27e3116e6ba: start LeaderElection
2019-09-26 21:18:48,052 [grpc-default-executor-1] INFO  impl.RaftServerProxy (RaftServerProxy.java:addNew(89)) - 09112efe-1fad-4539-a04f-c96aef6d2351: addNew group-9A61D6C314A9:[09112efe-1fad-4539-a04f-c96aef6d2351:192.168.151.99:45286] returns group-9A61D6C314A9:java.util.concurrent.CompletableFuture@cd9f18d[Not completed]
2019-09-26 21:18:48,054 [pool-47-thread-1] INFO  impl.RaftServerImpl (RaftServerImpl.java:<init>(95)) - 09112efe-1fad-4539-a04f-c96aef6d2351: new RaftServerImpl for group-9A61D6C314A9:[09112efe-1fad-4539-a04f-c96aef6d2351:192.168.151.99:45286] with ContainerStateMachine:uninitialized
2019-09-26 21:18:48,054 [pool-47-thread-1] INFO  server.RaftServerConfigKeys (ConfUtils.java:logGet(43)) - raft.server.rpc.timeout.min = 5s (custom)
2019-09-26 21:18:48,054 [pool-47-thread-1] INFO  server.RaftServerConfigKeys (ConfUtils.java:logGet(43)) - raft.server.rpc.timeout.max = 5200ms (custom)
2019-09-26 21:18:48,054 [pool-47-thread-1] INFO  server.RaftServerConfigKeys (ConfUtils.java:logGet(43)) - raft.server.rpcslowness.timeout = 120s (custom)
2019-09-26 21:18:48,054 [pool-47-thread-1] INFO  server.RaftServerConfigKeys (ConfUtils.java:logGet(43)) - raft.server.sleep.deviation.threshold = 300 (default)
2019-09-26 21:18:48,054 [pool-47-thread-1] INFO  server.RaftServerConfigKeys (ConfUtils.java:logGet(43)) - raft.server.log.appender.install.snapshot.enabled = false (custom)
2019-09-26 21:18:48,055 [pool-47-thread-1] INFO  impl.RaftServerImpl (ServerState.java:<init>(103)) - 09112efe-1fad-4539-a04f-c96aef6d2351@group-9A61D6C314A9: ConfigurationManager, init=-1: [09112efe-1fad-4539-a04f-c96aef6d2351:192.168.151.99:45286], old=null, confs=<EMPTY_MAP>
2019-09-26 21:18:48,055 [pool-47-thread-1] INFO  server.RaftServerConfigKeys (ConfUtils.java:logGet(43)) - raft.server.storage.dir = [/workdir/hadoop-ozone/ozonefs/target/test-dir/MiniOzoneClusterImpl-5b64906c-d720-4906-b30c-b6d56a2122fd/datanode-2/data/ratis] (custom)
2019-09-26 21:18:48,055 [pool-47-thread-1] INFO  storage.RaftStorageDirectory (RaftStorageDirectory.java:analyzeStorage(246)) - The storage directory /workdir/hadoop-ozone/ozonefs/target/test-dir/MiniOzoneClusterImpl-5b64906c-d720-4906-b30c-b6d56a2122fd/datanode-2/data/ratis/302ab530-842b-45e6-af01-9a61d6c314a9 does not exist. Creating ...
2019-09-26 21:18:48,058 [pool-47-thread-1] INFO  storage.RaftStorageDirectory (RaftStorageDirectory.java:tryLock(328)) - Lock on /workdir/hadoop-ozone/ozonefs/target/test-dir/MiniOzoneClusterImpl-5b64906c-d720-4906-b30c-b6d56a2122fd/datanode-2/data/ratis/302ab530-842b-45e6-af01-9a61d6c314a9/in_use.lock acquired by nodename 10701@pr-hdds-1569-g6sp5-2013761785
2019-09-26 21:18:48,058 [da833d8d-e72a-4068-9560-4daa2d83adc2@group-8879AEF66DD1-SegmentedRaftLogWorker] INFO  segmented.SegmentedRaftLogWorker (SegmentedRaftLogWorker.java:execute(569)) - da833d8d-e72a-4068-9560-4daa2d83adc2@group-8879AEF66DD1-SegmentedRaftLogWorker: created new log segment /workdir/hadoop-ozone/ozonefs/target/test-dir/MiniOzoneClusterImpl-5b64906c-d720-4906-b30c-b6d56a2122fd/datanode-4/data/ratis/bbbb756d-71c4-4fb8-bcce-8879aef66dd1/current/log_inprogress_0
2019-09-26 21:18:48,059 [0c640f50-2bc9-49b6-b785-a27e3116e6ba@group-B1BCA833789C:LeaderElection8] INFO  impl.LeaderElection (LeaderElection.java:askForVotes(182)) - 0c640f50-2bc9-49b6-b785-a27e3116e6ba@group-B1BCA833789C:LeaderElection8: begin an election at term 1 for -1: [0c640f50-2bc9-49b6-b785-a27e3116e6ba:192.168.151.99:42361], old=null
2019-09-26 21:18:48,059 [0c640f50-2bc9-49b6-b785-a27e3116e6ba@group-B1BCA833789C:LeaderElection8] INFO  impl.RoleInfo (RoleInfo.java:shutdownLeaderElection(134)) - 0c640f50-2bc9-49b6-b785-a27e3116e6ba: shutdown LeaderElection
2019-09-26 21:18:48,059 [0c640f50-2bc9-49b6-b785-a27e3116e6ba@group-B1BCA833789C:LeaderElection8] INFO  impl.RaftServerImpl (RaftServerImpl.java:setRole(174)) - 0c640f50-2bc9-49b6-b785-a27e3116e6ba@group-B1BCA833789C: changes role from CANDIDATE to LEADER at term 1 for changeToLeader
2019-09-26 21:18:48,059 [0c640f50-2bc9-49b6-b785-a27e3116e6ba@group-B1BCA833789C:LeaderElection8] INFO  impl.RaftServerImpl (ServerState.java:setLeader(253)) - 0c640f50-2bc9-49b6-b785-a27e3116e6ba@group-B1BCA833789C: change Leader from null to 0c640f50-2bc9-49b6-b785-a27e3116e6ba at term 1 for becomeLeader, leader elected after 5134ms
2019-09-26 21:18:48,059 [0c640f50-2bc9-49b6-b785-a27e3116e6ba@group-B1BCA833789C:LeaderElection8] INFO  server.RaftServerConfigKeys (ConfUtils.java:logGet(43)) - raft.server.staging.catchup.gap = 1000 (default)
2019-09-26 21:18:48,059 [0c640f50-2bc9-49b6-b785-a27e3116e6ba@group-B1BCA833789C:LeaderElection8] INFO  server.RaftServerConfigKeys (ConfUtils.java:logGet(43)) - raft.server.rpc.sleep.time = 25ms (default)
2019-09-26 21:18:48,060 [0c640f50-2bc9-49b6-b785-a27e3116e6ba@group-B1BCA833789C:LeaderElection8] INFO  server.RaftServerConfigKeys (ConfUtils.java:logGet(43)) - raft.server.write.element-limit = 4096 (default)
2019-09-26 21:18:48,060 [0c640f50-2bc9-49b6-b785-a27e3116e6ba@group-B1BCA833789C:LeaderElection8] INFO  server.RaftServerConfigKeys (ConfUtils.java:logGet(43)) - raft.server.watch.timeout = 10s (default)
2019-09-26 21:18:48,060 [0c640f50-2bc9-49b6-b785-a27e3116e6ba@group-B1BCA833789C:LeaderElection8] INFO  server.RaftServerConfigKeys (ConfUtils.java:logGet(43)) - raft.server.watch.timeout.denomination = 1s (default)
2019-09-26 21:18:48,060 [0c640f50-2bc9-49b6-b785-a27e3116e6ba@group-B1BCA833789C:LeaderElection8] INFO  server.RaftServerConfigKeys (ConfUtils.java:logGet(43)) - raft.server.watch.element-limit = 65536 (default)
2019-09-26 21:18:48,076 [pool-47-thread-1] INFO  storage.RaftStorage (RaftStorage.java:format(72)) - Storage directory /workdir/hadoop-ozone/ozonefs/target/test-dir/MiniOzoneClusterImpl-5b64906c-d720-4906-b30c-b6d56a2122fd/datanode-2/data/ratis/302ab530-842b-45e6-af01-9a61d6c314a9 has been successfully formatted.
2019-09-26 21:18:48,076 [pool-47-thread-1] INFO  ratis.ContainerStateMachine (ContainerStateMachine.java:loadSnapshot(230)) - group-9A61D6C314A9: The snapshot info is null. Setting the last applied indexto:(t:0, i:~)
2019-09-26 21:18:48,077 [pool-47-thread-1] INFO  server.RaftServerConfigKeys (ConfUtils.java:logGet(43)) - raft.server.notification.no-leader.timeout = 120s (custom)
2019-09-26 21:18:48,077 [pool-47-thread-1] INFO  server.RaftServerConfigKeys (ConfUtils.java:logGet(43)) - raft.server.log.use.memory = false (default)
2019-09-26 21:18:48,077 [pool-47-thread-1] INFO  server.RaftServerConfigKeys (ConfUtils.java:logGet(43)) - raft.server.log.purge.gap = 1000000 (custom)
2019-09-26 21:18:48,077 [pool-47-thread-1] INFO  server.RaftServerConfigKeys (ConfUtils.java:logGet(43)) - raft.server.log.appender.buffer.byte-limit = 33554432 (custom)
2019-09-26 21:18:48,077 [pool-47-thread-1] INFO  server.RaftServerConfigKeys (ConfUtils.java:logGet(43)) - raft.server.log.segment.size.max = 1048576 (custom)
2019-09-26 21:18:48,077 [pool-47-thread-1] INFO  server.RaftServerConfigKeys (ConfUtils.java:logGet(43)) - raft.server.log.segment.cache.num.max = 2 (custom)
2019-09-26 21:18:48,077 [pool-47-thread-1] INFO  segmented.SegmentedRaftLogWorker (SegmentedRaftLogWorker.java:<init>(172)) - new 09112efe-1fad-4539-a04f-c96aef6d2351@group-9A61D6C314A9-SegmentedRaftLogWorker for RaftStorage:Storage Directory /workdir/hadoop-ozone/ozonefs/target/test-dir/MiniOzoneClusterImpl-5b64906c-d720-4906-b30c-b6d56a2122fd/datanode-2/data/ratis/302ab530-842b-45e6-af01-9a61d6c314a9
2019-09-26 21:18:48,077 [pool-47-thread-1] INFO  server.RaftServerConfigKeys (ConfUtils.java:logGet(43)) - raft.server.log.queue.byte-limit = 2147483647 (custom)
2019-09-26 21:18:48,077 [pool-47-thread-1] INFO  server.RaftServerConfigKeys (ConfUtils.java:logGet(43)) - raft.server.log.queue.element-limit = 1024 (custom)
2019-09-26 21:18:48,077 [pool-47-thread-1] INFO  server.RaftServerConfigKeys (ConfUtils.java:logGet(43)) - raft.server.log.segment.size.max = 1048576 (custom)
2019-09-26 21:18:48,078 [0c640f50-2bc9-49b6-b785-a27e3116e6ba@group-B1BCA833789C:LeaderElection8] INFO  impl.RoleInfo (RoleInfo.java:updateAndGet(143)) - 0c640f50-2bc9-49b6-b785-a27e3116e6ba: start LeaderState
2019-09-26 21:18:48,078 [pool-47-thread-1] INFO  server.RaftServerConfigKeys (ConfUtils.java:logGet(43)) - raft.server.log.preallocated.size = 16384 (custom)
2019-09-26 21:18:48,078 [pool-47-thread-1] INFO  server.RaftServerConfigKeys (ConfUtils.java:logGet(43)) - raft.server.log.write.buffer.size = 33554432 (custom)
2019-09-26 21:18:48,078 [pool-47-thread-1] INFO  server.RaftServerConfigKeys (ConfUtils.java:logGet(43)) - raft.server.log.force.sync.num = 128 (default)
2019-09-26 21:18:48,078 [0c640f50-2bc9-49b6-b785-a27e3116e6ba@group-B1BCA833789C:LeaderElection8] INFO  segmented.SegmentedRaftLogWorker (SegmentedRaftLogWorker.java:startLogSegment(380)) - 0c640f50-2bc9-49b6-b785-a27e3116e6ba@group-B1BCA833789C-SegmentedRaftLogWorker: Starting segment from index:0
2019-09-26 21:18:48,078 [pool-47-thread-1] INFO  server.RaftServerConfigKeys (ConfUtils.java:logGet(43)) - raft.server.log.statemachine.data.sync = true (default)
2019-09-26 21:18:48,078 [pool-47-thread-1] INFO  server.RaftServerConfigKeys (ConfUtils.java:logGet(43)) - raft.server.log.statemachine.data.sync.timeout = 10s (default)
2019-09-26 21:18:48,078 [pool-47-thread-1] INFO  server.RaftServerConfigKeys (ConfUtils.java:logGet(43)) - raft.server.log.statemachine.data.sync.timeout.retry = -1 (default)
2019-09-26 21:18:48,078 [pool-47-thread-1] INFO  server.RaftServerConfigKeys (ConfUtils.java:logGet(43)) - raft.server.log.statemachine.data.caching.enabled = true (custom)
2019-09-26 21:18:48,079 [0c640f50-2bc9-49b6-b785-a27e3116e6ba@group-B1BCA833789C:LeaderElection8] INFO  impl.RaftServerImpl (ServerState.java:setRaftConf(354)) - 0c640f50-2bc9-49b6-b785-a27e3116e6ba@group-B1BCA833789C: set configuration 0: [0c640f50-2bc9-49b6-b785-a27e3116e6ba:192.168.151.99:42361], old=null at 0
2019-09-26 21:18:48,079 [pool-47-thread-1] INFO  segmented.SegmentedRaftLogWorker (SegmentedRaftLogWorker.java:lambda$new$0(132)) - 09112efe-1fad-4539-a04f-c96aef6d2351@group-9A61D6C314A9-SegmentedRaftLogWorker: flushIndex: setUnconditionally 0 -> -1
2019-09-26 21:18:48,119 [pool-47-thread-1] INFO  server.RaftServerConfigKeys (ConfUtils.java:logGet(43)) - raft.server.snapshot.auto.trigger.enabled = true (custom)
2019-09-26 21:18:48,119 [pool-47-thread-1] INFO  server.RaftServerConfigKeys (ConfUtils.java:logGet(43)) - raft.server.snapshot.auto.trigger.threshold = 10000 (custom)
2019-09-26 21:18:48,119 [pool-47-thread-1] INFO  server.RaftServerConfigKeys (ConfUtils.java:logGet(43)) - raft.server.snapshot.retention.num.files = 5 (custom)
2019-09-26 21:18:48,119 [pool-47-thread-1] INFO  server.RaftServerConfigKeys (ConfUtils.java:logGet(43)) - raft.server.retrycache.expirytime = 600000ms (custom)
2019-09-26 21:18:48,121 [pool-47-thread-1] INFO  impl.RaftServerImpl (RaftServerImpl.java:start(185)) - 09112efe-1fad-4539-a04f-c96aef6d2351@group-9A61D6C314A9: start as a follower, conf=-1: [09112efe-1fad-4539-a04f-c96aef6d2351:192.168.151.99:45286], old=null
2019-09-26 21:18:48,121 [pool-47-thread-1] INFO  impl.RaftServerImpl (RaftServerImpl.java:setRole(174)) - 09112efe-1fad-4539-a04f-c96aef6d2351@group-9A61D6C314A9: changes role from      null to FOLLOWER at term 0 for startAsFollower
2019-09-26 21:18:48,121 [pool-47-thread-1] INFO  impl.RoleInfo (RoleInfo.java:updateAndGet(143)) - 09112efe-1fad-4539-a04f-c96aef6d2351: start FollowerState
2019-09-26 21:18:48,121 [pool-47-thread-1] INFO  util.JmxRegister (JmxRegister.java:tryRegister(44)) - Successfully registered JMX Bean with object name Ratis:service=RaftServer,group=group-9A61D6C314A9,id=09112efe-1fad-4539-a04f-c96aef6d2351
2019-09-26 21:18:48,124 [RatisPipelineUtilsThread] INFO  pipeline.PipelineStateManager (PipelineStateManager.java:addPipeline(56)) - Created pipeline Pipeline[ Id: 302ab530-842b-45e6-af01-9a61d6c314a9, Nodes: 09112efe-1fad-4539-a04f-c96aef6d2351{ip: 192.168.151.99, host: pr-hdds-1569-g6sp5-2013761785, networkLocation: /default-rack, certSerialId: null}, Type:RATIS, Factor:ONE, State:OPEN]
2019-09-26 21:18:48,130 [grpc-default-executor-1] INFO  impl.RaftServerProxy (RaftServerProxy.java:addNew(89)) - 1178c3ae-d0b4-4d44-b144-fe8504cc41ac: addNew group-80F23AA760D0:[1178c3ae-d0b4-4d44-b144-fe8504cc41ac:192.168.151.99:33787] returns group-80F23AA760D0:java.util.concurrent.CompletableFuture@42783032[Not completed]
2019-09-26 21:18:48,130 [0c640f50-2bc9-49b6-b785-a27e3116e6ba@group-B1BCA833789C-SegmentedRaftLogWorker] INFO  segmented.SegmentedRaftLogWorker (SegmentedRaftLogWorker.java:execute(569)) - 0c640f50-2bc9-49b6-b785-a27e3116e6ba@group-B1BCA833789C-SegmentedRaftLogWorker: created new log segment /workdir/hadoop-ozone/ozonefs/target/test-dir/MiniOzoneClusterImpl-5b64906c-d720-4906-b30c-b6d56a2122fd/datanode-3/data/ratis/c465924f-4c77-4d59-9b95-b1bca833789c/current/log_inprogress_0
2019-09-26 21:18:48,131 [pool-37-thread-1] INFO  impl.RaftServerImpl (RaftServerImpl.java:<init>(95)) - 1178c3ae-d0b4-4d44-b144-fe8504cc41ac: new RaftServerImpl for group-80F23AA760D0:[1178c3ae-d0b4-4d44-b144-fe8504cc41ac:192.168.151.99:33787] with ContainerStateMachine:uninitialized
2019-09-26 21:18:48,132 [pool-37-thread-1] INFO  server.RaftServerConfigKeys (ConfUtils.java:logGet(43)) - raft.server.rpc.timeout.min = 5s (custom)
2019-09-26 21:18:48,132 [pool-37-thread-1] INFO  server.RaftServerConfigKeys (ConfUtils.java:logGet(43)) - raft.server.rpc.timeout.max = 5200ms (custom)
2019-09-26 21:18:48,132 [pool-37-thread-1] INFO  server.RaftServerConfigKeys (ConfUtils.java:logGet(43)) - raft.server.rpcslowness.timeout = 120s (custom)
2019-09-26 21:18:48,132 [pool-37-thread-1] INFO  server.RaftServerConfigKeys (ConfUtils.java:logGet(43)) - raft.server.sleep.deviation.threshold = 300 (default)
2019-09-26 21:18:48,132 [pool-37-thread-1] INFO  server.RaftServerConfigKeys (ConfUtils.java:logGet(43)) - raft.server.log.appender.install.snapshot.enabled = false (custom)
2019-09-26 21:18:48,132 [pool-37-thread-1] INFO  impl.RaftServerImpl (ServerState.java:<init>(103)) - 1178c3ae-d0b4-4d44-b144-fe8504cc41ac@group-80F23AA760D0: ConfigurationManager, init=-1: [1178c3ae-d0b4-4d44-b144-fe8504cc41ac:192.168.151.99:33787], old=null, confs=<EMPTY_MAP>
2019-09-26 21:18:48,132 [pool-37-thread-1] INFO  server.RaftServerConfigKeys (ConfUtils.java:logGet(43)) - raft.server.storage.dir = [/workdir/hadoop-ozone/ozonefs/target/test-dir/MiniOzoneClusterImpl-5b64906c-d720-4906-b30c-b6d56a2122fd/datanode-1/data/ratis] (custom)
2019-09-26 21:18:48,133 [pool-37-thread-1] INFO  storage.RaftStorageDirectory (RaftStorageDirectory.java:analyzeStorage(246)) - The storage directory /workdir/hadoop-ozone/ozonefs/target/test-dir/MiniOzoneClusterImpl-5b64906c-d720-4906-b30c-b6d56a2122fd/datanode-1/data/ratis/2e7a623c-3b24-42e0-b966-80f23aa760d0 does not exist. Creating ...
2019-09-26 21:18:48,144 [pool-37-thread-1] INFO  storage.RaftStorageDirectory (RaftStorageDirectory.java:tryLock(328)) - Lock on /workdir/hadoop-ozone/ozonefs/target/test-dir/MiniOzoneClusterImpl-5b64906c-d720-4906-b30c-b6d56a2122fd/datanode-1/data/ratis/2e7a623c-3b24-42e0-b966-80f23aa760d0/in_use.lock acquired by nodename 10701@pr-hdds-1569-g6sp5-2013761785
2019-09-26 21:18:48,163 [pool-37-thread-1] INFO  storage.RaftStorage (RaftStorage.java:format(72)) - Storage directory /workdir/hadoop-ozone/ozonefs/target/test-dir/MiniOzoneClusterImpl-5b64906c-d720-4906-b30c-b6d56a2122fd/datanode-1/data/ratis/2e7a623c-3b24-42e0-b966-80f23aa760d0 has been successfully formatted.
2019-09-26 21:18:48,164 [pool-37-thread-1] INFO  ratis.ContainerStateMachine (ContainerStateMachine.java:loadSnapshot(230)) - group-80F23AA760D0: The snapshot info is null. Setting the last applied indexto:(t:0, i:~)
2019-09-26 21:18:48,164 [pool-37-thread-1] INFO  server.RaftServerConfigKeys (ConfUtils.java:logGet(43)) - raft.server.notification.no-leader.timeout = 120s (custom)
2019-09-26 21:18:48,164 [pool-37-thread-1] INFO  server.RaftServerConfigKeys (ConfUtils.java:logGet(43)) - raft.server.log.use.memory = false (default)
2019-09-26 21:18:48,164 [pool-37-thread-1] INFO  server.RaftServerConfigKeys (ConfUtils.java:logGet(43)) - raft.server.log.purge.gap = 1000000 (custom)
2019-09-26 21:18:48,164 [pool-37-thread-1] INFO  server.RaftServerConfigKeys (ConfUtils.java:logGet(43)) - raft.server.log.appender.buffer.byte-limit = 33554432 (custom)
2019-09-26 21:18:48,164 [pool-37-thread-1] INFO  server.RaftServerConfigKeys (ConfUtils.java:logGet(43)) - raft.server.log.segment.size.max = 1048576 (custom)
2019-09-26 21:18:48,164 [pool-37-thread-1] INFO  server.RaftServerConfigKeys (ConfUtils.java:logGet(43)) - raft.server.log.segment.cache.num.max = 2 (custom)
2019-09-26 21:18:48,165 [pool-37-thread-1] INFO  segmented.SegmentedRaftLogWorker (SegmentedRaftLogWorker.java:<init>(172)) - new 1178c3ae-d0b4-4d44-b144-fe8504cc41ac@group-80F23AA760D0-SegmentedRaftLogWorker for RaftStorage:Storage Directory /workdir/hadoop-ozone/ozonefs/target/test-dir/MiniOzoneClusterImpl-5b64906c-d720-4906-b30c-b6d56a2122fd/datanode-1/data/ratis/2e7a623c-3b24-42e0-b966-80f23aa760d0
2019-09-26 21:18:48,165 [pool-37-thread-1] INFO  server.RaftServerConfigKeys (ConfUtils.java:logGet(43)) - raft.server.log.queue.byte-limit = 2147483647 (custom)
2019-09-26 21:18:48,165 [pool-37-thread-1] INFO  server.RaftServerConfigKeys (ConfUtils.java:logGet(43)) - raft.server.log.queue.element-limit = 1024 (custom)
2019-09-26 21:18:48,165 [pool-37-thread-1] INFO  server.RaftServerConfigKeys (ConfUtils.java:logGet(43)) - raft.server.log.segment.size.max = 1048576 (custom)
2019-09-26 21:18:48,165 [pool-37-thread-1] INFO  server.RaftServerConfigKeys (ConfUtils.java:logGet(43)) - raft.server.log.preallocated.size = 16384 (custom)
2019-09-26 21:18:48,165 [pool-37-thread-1] INFO  server.RaftServerConfigKeys (ConfUtils.java:logGet(43)) - raft.server.log.write.buffer.size = 33554432 (custom)
2019-09-26 21:18:48,165 [pool-37-thread-1] INFO  server.RaftServerConfigKeys (ConfUtils.java:logGet(43)) - raft.server.log.force.sync.num = 128 (default)
2019-09-26 21:18:48,165 [pool-37-thread-1] INFO  server.RaftServerConfigKeys (ConfUtils.java:logGet(43)) - raft.server.log.statemachine.data.sync = true (default)
2019-09-26 21:18:48,166 [pool-37-thread-1] INFO  server.RaftServerConfigKeys (ConfUtils.java:logGet(43)) - raft.server.log.statemachine.data.sync.timeout = 10s (default)
2019-09-26 21:18:48,166 [pool-37-thread-1] INFO  server.RaftServerConfigKeys (ConfUtils.java:logGet(43)) - raft.server.log.statemachine.data.sync.timeout.retry = -1 (default)
2019-09-26 21:18:48,166 [pool-37-thread-1] INFO  server.RaftServerConfigKeys (ConfUtils.java:logGet(43)) - raft.server.log.statemachine.data.caching.enabled = true (custom)
2019-09-26 21:18:48,166 [pool-37-thread-1] INFO  segmented.SegmentedRaftLogWorker (SegmentedRaftLogWorker.java:lambda$new$0(132)) - 1178c3ae-d0b4-4d44-b144-fe8504cc41ac@group-80F23AA760D0-SegmentedRaftLogWorker: flushIndex: setUnconditionally 0 -> -1
2019-09-26 21:18:48,167 [pool-37-thread-1] INFO  server.RaftServerConfigKeys (ConfUtils.java:logGet(43)) - raft.server.snapshot.auto.trigger.enabled = true (custom)
2019-09-26 21:18:48,167 [pool-37-thread-1] INFO  server.RaftServerConfigKeys (ConfUtils.java:logGet(43)) - raft.server.snapshot.auto.trigger.threshold = 10000 (custom)
2019-09-26 21:18:48,167 [pool-37-thread-1] INFO  server.RaftServerConfigKeys (ConfUtils.java:logGet(43)) - raft.server.snapshot.retention.num.files = 5 (custom)
2019-09-26 21:18:48,167 [pool-37-thread-1] INFO  server.RaftServerConfigKeys (ConfUtils.java:logGet(43)) - raft.server.retrycache.expirytime = 600000ms (custom)
2019-09-26 21:18:48,169 [pool-37-thread-1] INFO  impl.RaftServerImpl (RaftServerImpl.java:start(185)) - 1178c3ae-d0b4-4d44-b144-fe8504cc41ac@group-80F23AA760D0: start as a follower, conf=-1: [1178c3ae-d0b4-4d44-b144-fe8504cc41ac:192.168.151.99:33787], old=null
2019-09-26 21:18:48,169 [pool-37-thread-1] INFO  impl.RaftServerImpl (RaftServerImpl.java:setRole(174)) - 1178c3ae-d0b4-4d44-b144-fe8504cc41ac@group-80F23AA760D0: changes role from      null to FOLLOWER at term 0 for startAsFollower
2019-09-26 21:18:48,170 [pool-37-thread-1] INFO  impl.RoleInfo (RoleInfo.java:updateAndGet(143)) - 1178c3ae-d0b4-4d44-b144-fe8504cc41ac: start FollowerState
2019-09-26 21:18:48,170 [pool-37-thread-1] INFO  util.JmxRegister (JmxRegister.java:tryRegister(44)) - Successfully registered JMX Bean with object name Ratis:service=RaftServer,group=group-80F23AA760D0,id=1178c3ae-d0b4-4d44-b144-fe8504cc41ac
2019-09-26 21:18:48,173 [RatisPipelineUtilsThread] INFO  pipeline.PipelineStateManager (PipelineStateManager.java:addPipeline(56)) - Created pipeline Pipeline[ Id: 2e7a623c-3b24-42e0-b966-80f23aa760d0, Nodes: 1178c3ae-d0b4-4d44-b144-fe8504cc41ac{ip: 192.168.151.99, host: pr-hdds-1569-g6sp5-2013761785, networkLocation: /default-rack, certSerialId: null}, Type:RATIS, Factor:ONE, State:OPEN]
2019-09-26 21:18:48,177 [grpc-default-executor-1] INFO  impl.RaftServerProxy (RaftServerProxy.java:addNew(89)) - 1178c3ae-d0b4-4d44-b144-fe8504cc41ac: addNew group-F9263122AC59:[1178c3ae-d0b4-4d44-b144-fe8504cc41ac:192.168.151.99:33787] returns group-F9263122AC59:java.util.concurrent.CompletableFuture@28786fde[Not completed]
2019-09-26 21:18:48,178 [pool-37-thread-1] INFO  impl.RaftServerImpl (RaftServerImpl.java:<init>(95)) - 1178c3ae-d0b4-4d44-b144-fe8504cc41ac: new RaftServerImpl for group-F9263122AC59:[1178c3ae-d0b4-4d44-b144-fe8504cc41ac:192.168.151.99:33787] with ContainerStateMachine:uninitialized
2019-09-26 21:18:48,178 [pool-37-thread-1] INFO  server.RaftServerConfigKeys (ConfUtils.java:logGet(43)) - raft.server.rpc.timeout.min = 5s (custom)
2019-09-26 21:18:48,179 [pool-37-thread-1] INFO  server.RaftServerConfigKeys (ConfUtils.java:logGet(43)) - raft.server.rpc.timeout.max = 5200ms (custom)
2019-09-26 21:18:48,179 [pool-37-thread-1] INFO  server.RaftServerConfigKeys (ConfUtils.java:logGet(43)) - raft.server.rpcslowness.timeout = 120s (custom)
2019-09-26 21:18:48,179 [pool-37-thread-1] INFO  server.RaftServerConfigKeys (ConfUtils.java:logGet(43)) - raft.server.sleep.deviation.threshold = 300 (default)
2019-09-26 21:18:48,179 [pool-37-thread-1] INFO  server.RaftServerConfigKeys (ConfUtils.java:logGet(43)) - raft.server.log.appender.install.snapshot.enabled = false (custom)
2019-09-26 21:18:48,179 [pool-37-thread-1] INFO  impl.RaftServerImpl (ServerState.java:<init>(103)) - 1178c3ae-d0b4-4d44-b144-fe8504cc41ac@group-F9263122AC59: ConfigurationManager, init=-1: [1178c3ae-d0b4-4d44-b144-fe8504cc41ac:192.168.151.99:33787], old=null, confs=<EMPTY_MAP>
2019-09-26 21:18:48,179 [pool-37-thread-1] INFO  server.RaftServerConfigKeys (ConfUtils.java:logGet(43)) - raft.server.storage.dir = [/workdir/hadoop-ozone/ozonefs/target/test-dir/MiniOzoneClusterImpl-5b64906c-d720-4906-b30c-b6d56a2122fd/datanode-1/data/ratis] (custom)
2019-09-26 21:18:48,180 [pool-37-thread-1] INFO  storage.RaftStorageDirectory (RaftStorageDirectory.java:analyzeStorage(246)) - The storage directory /workdir/hadoop-ozone/ozonefs/target/test-dir/MiniOzoneClusterImpl-5b64906c-d720-4906-b30c-b6d56a2122fd/datanode-1/data/ratis/f614eb86-312a-4572-99be-f9263122ac59 does not exist. Creating ...
2019-09-26 21:18:48,192 [pool-37-thread-1] INFO  storage.RaftStorageDirectory (RaftStorageDirectory.java:tryLock(328)) - Lock on /workdir/hadoop-ozone/ozonefs/target/test-dir/MiniOzoneClusterImpl-5b64906c-d720-4906-b30c-b6d56a2122fd/datanode-1/data/ratis/f614eb86-312a-4572-99be-f9263122ac59/in_use.lock acquired by nodename 10701@pr-hdds-1569-g6sp5-2013761785
2019-09-26 21:18:48,206 [pool-37-thread-1] INFO  storage.RaftStorage (RaftStorage.java:format(72)) - Storage directory /workdir/hadoop-ozone/ozonefs/target/test-dir/MiniOzoneClusterImpl-5b64906c-d720-4906-b30c-b6d56a2122fd/datanode-1/data/ratis/f614eb86-312a-4572-99be-f9263122ac59 has been successfully formatted.
2019-09-26 21:18:48,206 [pool-37-thread-1] INFO  ratis.ContainerStateMachine (ContainerStateMachine.java:loadSnapshot(230)) - group-F9263122AC59: The snapshot info is null. Setting the last applied indexto:(t:0, i:~)
2019-09-26 21:18:48,206 [pool-37-thread-1] INFO  server.RaftServerConfigKeys (ConfUtils.java:logGet(43)) - raft.server.notification.no-leader.timeout = 120s (custom)
2019-09-26 21:18:48,206 [pool-37-thread-1] INFO  server.RaftServerConfigKeys (ConfUtils.java:logGet(43)) - raft.server.log.use.memory = false (default)
2019-09-26 21:18:48,207 [pool-37-thread-1] INFO  server.RaftServerConfigKeys (ConfUtils.java:logGet(43)) - raft.server.log.purge.gap = 1000000 (custom)
2019-09-26 21:18:48,207 [pool-37-thread-1] INFO  server.RaftServerConfigKeys (ConfUtils.java:logGet(43)) - raft.server.log.appender.buffer.byte-limit = 33554432 (custom)
2019-09-26 21:18:48,207 [pool-37-thread-1] INFO  server.RaftServerConfigKeys (ConfUtils.java:logGet(43)) - raft.server.log.segment.size.max = 1048576 (custom)
2019-09-26 21:18:48,207 [pool-37-thread-1] INFO  server.RaftServerConfigKeys (ConfUtils.java:logGet(43)) - raft.server.log.segment.cache.num.max = 2 (custom)
2019-09-26 21:18:48,207 [pool-37-thread-1] INFO  segmented.SegmentedRaftLogWorker (SegmentedRaftLogWorker.java:<init>(172)) - new 1178c3ae-d0b4-4d44-b144-fe8504cc41ac@group-F9263122AC59-SegmentedRaftLogWorker for RaftStorage:Storage Directory /workdir/hadoop-ozone/ozonefs/target/test-dir/MiniOzoneClusterImpl-5b64906c-d720-4906-b30c-b6d56a2122fd/datanode-1/data/ratis/f614eb86-312a-4572-99be-f9263122ac59
2019-09-26 21:18:48,207 [pool-37-thread-1] INFO  server.RaftServerConfigKeys (ConfUtils.java:logGet(43)) - raft.server.log.queue.byte-limit = 2147483647 (custom)
2019-09-26 21:18:48,207 [pool-37-thread-1] INFO  server.RaftServerConfigKeys (ConfUtils.java:logGet(43)) - raft.server.log.queue.element-limit = 1024 (custom)
2019-09-26 21:18:48,207 [pool-37-thread-1] INFO  server.RaftServerConfigKeys (ConfUtils.java:logGet(43)) - raft.server.log.segment.size.max = 1048576 (custom)
2019-09-26 21:18:48,208 [pool-37-thread-1] INFO  server.RaftServerConfigKeys (ConfUtils.java:logGet(43)) - raft.server.log.preallocated.size = 16384 (custom)
2019-09-26 21:18:48,208 [pool-37-thread-1] INFO  server.RaftServerConfigKeys (ConfUtils.java:logGet(43)) - raft.server.log.write.buffer.size = 33554432 (custom)
2019-09-26 21:18:48,208 [pool-37-thread-1] INFO  server.RaftServerConfigKeys (ConfUtils.java:logGet(43)) - raft.server.log.force.sync.num = 128 (default)
2019-09-26 21:18:48,208 [pool-37-thread-1] INFO  server.RaftServerConfigKeys (ConfUtils.java:logGet(43)) - raft.server.log.statemachine.data.sync = true (default)
2019-09-26 21:18:48,208 [pool-37-thread-1] INFO  server.RaftServerConfigKeys (ConfUtils.java:logGet(43)) - raft.server.log.statemachine.data.sync.timeout = 10s (default)
2019-09-26 21:18:48,208 [pool-37-thread-1] INFO  server.RaftServerConfigKeys (ConfUtils.java:logGet(43)) - raft.server.log.statemachine.data.sync.timeout.retry = -1 (default)
2019-09-26 21:18:48,208 [pool-37-thread-1] INFO  server.RaftServerConfigKeys (ConfUtils.java:logGet(43)) - raft.server.log.statemachine.data.caching.enabled = true (custom)
2019-09-26 21:18:48,209 [pool-37-thread-1] INFO  segmented.SegmentedRaftLogWorker (SegmentedRaftLogWorker.java:lambda$new$0(132)) - 1178c3ae-d0b4-4d44-b144-fe8504cc41ac@group-F9263122AC59-SegmentedRaftLogWorker: flushIndex: setUnconditionally 0 -> -1
2019-09-26 21:18:48,209 [pool-37-thread-1] INFO  server.RaftServerConfigKeys (ConfUtils.java:logGet(43)) - raft.server.snapshot.auto.trigger.enabled = true (custom)
2019-09-26 21:18:48,209 [pool-37-thread-1] INFO  server.RaftServerConfigKeys (ConfUtils.java:logGet(43)) - raft.server.snapshot.auto.trigger.threshold = 10000 (custom)
2019-09-26 21:18:48,209 [pool-37-thread-1] INFO  server.RaftServerConfigKeys (ConfUtils.java:logGet(43)) - raft.server.snapshot.retention.num.files = 5 (custom)
2019-09-26 21:18:48,209 [pool-37-thread-1] INFO  server.RaftServerConfigKeys (ConfUtils.java:logGet(43)) - raft.server.retrycache.expirytime = 600000ms (custom)
2019-09-26 21:18:48,212 [pool-37-thread-1] INFO  impl.RaftServerImpl (RaftServerImpl.java:start(185)) - 1178c3ae-d0b4-4d44-b144-fe8504cc41ac@group-F9263122AC59: start as a follower, conf=-1: [1178c3ae-d0b4-4d44-b144-fe8504cc41ac:192.168.151.99:33787], old=null
2019-09-26 21:18:48,212 [pool-37-thread-1] INFO  impl.RaftServerImpl (RaftServerImpl.java:setRole(174)) - 1178c3ae-d0b4-4d44-b144-fe8504cc41ac@group-F9263122AC59: changes role from      null to FOLLOWER at term 0 for startAsFollower
2019-09-26 21:18:48,212 [pool-37-thread-1] INFO  impl.RoleInfo (RoleInfo.java:updateAndGet(143)) - 1178c3ae-d0b4-4d44-b144-fe8504cc41ac: start FollowerState
2019-09-26 21:18:48,212 [pool-37-thread-1] INFO  util.JmxRegister (JmxRegister.java:tryRegister(44)) - Successfully registered JMX Bean with object name Ratis:service=RaftServer,group=group-F9263122AC59,id=1178c3ae-d0b4-4d44-b144-fe8504cc41ac
2019-09-26 21:18:48,215 [RatisPipelineUtilsThread] INFO  pipeline.PipelineStateManager (PipelineStateManager.java:addPipeline(56)) - Created pipeline Pipeline[ Id: f614eb86-312a-4572-99be-f9263122ac59, Nodes: 1178c3ae-d0b4-4d44-b144-fe8504cc41ac{ip: 192.168.151.99, host: pr-hdds-1569-g6sp5-2013761785, networkLocation: /default-rack, certSerialId: null}, Type:RATIS, Factor:ONE, State:OPEN]
2019-09-26 21:18:48,221 [grpc-default-executor-1] INFO  impl.RaftServerProxy (RaftServerProxy.java:addNew(89)) - 1178c3ae-d0b4-4d44-b144-fe8504cc41ac: addNew group-9C349363B38E:[1178c3ae-d0b4-4d44-b144-fe8504cc41ac:192.168.151.99:33787] returns group-9C349363B38E:java.util.concurrent.CompletableFuture@8bbd79c[Not completed]
2019-09-26 21:18:48,222 [pool-37-thread-1] INFO  impl.RaftServerImpl (RaftServerImpl.java:<init>(95)) - 1178c3ae-d0b4-4d44-b144-fe8504cc41ac: new RaftServerImpl for group-9C349363B38E:[1178c3ae-d0b4-4d44-b144-fe8504cc41ac:192.168.151.99:33787] with ContainerStateMachine:uninitialized
2019-09-26 21:18:48,222 [pool-37-thread-1] INFO  server.RaftServerConfigKeys (ConfUtils.java:logGet(43)) - raft.server.rpc.timeout.min = 5s (custom)
2019-09-26 21:18:48,222 [pool-37-thread-1] INFO  server.RaftServerConfigKeys (ConfUtils.java:logGet(43)) - raft.server.rpc.timeout.max = 5200ms (custom)
2019-09-26 21:18:48,222 [pool-37-thread-1] INFO  server.RaftServerConfigKeys (ConfUtils.java:logGet(43)) - raft.server.rpcslowness.timeout = 120s (custom)
2019-09-26 21:18:48,222 [pool-37-thread-1] INFO  server.RaftServerConfigKeys (ConfUtils.java:logGet(43)) - raft.server.sleep.deviation.threshold = 300 (default)
2019-09-26 21:18:48,222 [pool-37-thread-1] INFO  server.RaftServerConfigKeys (ConfUtils.java:logGet(43)) - raft.server.log.appender.install.snapshot.enabled = false (custom)
2019-09-26 21:18:48,222 [pool-37-thread-1] INFO  impl.RaftServerImpl (ServerState.java:<init>(103)) - 1178c3ae-d0b4-4d44-b144-fe8504cc41ac@group-9C349363B38E: ConfigurationManager, init=-1: [1178c3ae-d0b4-4d44-b144-fe8504cc41ac:192.168.151.99:33787], old=null, confs=<EMPTY_MAP>
2019-09-26 21:18:48,223 [pool-37-thread-1] INFO  server.RaftServerConfigKeys (ConfUtils.java:logGet(43)) - raft.server.storage.dir = [/workdir/hadoop-ozone/ozonefs/target/test-dir/MiniOzoneClusterImpl-5b64906c-d720-4906-b30c-b6d56a2122fd/datanode-1/data/ratis] (custom)
2019-09-26 21:18:48,223 [pool-37-thread-1] INFO  storage.RaftStorageDirectory (RaftStorageDirectory.java:analyzeStorage(246)) - The storage directory /workdir/hadoop-ozone/ozonefs/target/test-dir/MiniOzoneClusterImpl-5b64906c-d720-4906-b30c-b6d56a2122fd/datanode-1/data/ratis/f187c2bf-1f4d-4a0f-84a4-9c349363b38e does not exist. Creating ...
2019-09-26 21:18:48,233 [Thread-236] INFO  impl.FollowerState (FollowerState.java:run(106)) - 1178c3ae-d0b4-4d44-b144-fe8504cc41ac:group-165035D7ECE2 changes to CANDIDATE, lastRpcTime:5106, electionTimeout:5106ms
2019-09-26 21:18:48,233 [Thread-236] INFO  impl.RoleInfo (RoleInfo.java:shutdownFollowerState(121)) - 1178c3ae-d0b4-4d44-b144-fe8504cc41ac: shutdown FollowerState
2019-09-26 21:18:48,233 [Thread-236] INFO  impl.RaftServerImpl (RaftServerImpl.java:setRole(174)) - 1178c3ae-d0b4-4d44-b144-fe8504cc41ac@group-165035D7ECE2: changes role from  FOLLOWER to CANDIDATE at term 0 for changeToCandidate
2019-09-26 21:18:48,234 [Thread-236] INFO  impl.RoleInfo (RoleInfo.java:updateAndGet(143)) - 1178c3ae-d0b4-4d44-b144-fe8504cc41ac: start LeaderElection
2019-09-26 21:18:48,237 [pool-37-thread-1] INFO  storage.RaftStorageDirectory (RaftStorageDirectory.java:tryLock(328)) - Lock on /workdir/hadoop-ozone/ozonefs/target/test-dir/MiniOzoneClusterImpl-5b64906c-d720-4906-b30c-b6d56a2122fd/datanode-1/data/ratis/f187c2bf-1f4d-4a0f-84a4-9c349363b38e/in_use.lock acquired by nodename 10701@pr-hdds-1569-g6sp5-2013761785
2019-09-26 21:18:48,245 [Thread-239] INFO  impl.FollowerState (FollowerState.java:run(106)) - 09112efe-1fad-4539-a04f-c96aef6d2351:group-A082AD14FA03 changes to CANDIDATE, lastRpcTime:5051, electionTimeout:5051ms
2019-09-26 21:18:48,245 [Thread-239] INFO  impl.RoleInfo (RoleInfo.java:shutdownFollowerState(121)) - 09112efe-1fad-4539-a04f-c96aef6d2351: shutdown FollowerState
2019-09-26 21:18:48,245 [Thread-239] INFO  impl.RaftServerImpl (RaftServerImpl.java:setRole(174)) - 09112efe-1fad-4539-a04f-c96aef6d2351@group-A082AD14FA03: changes role from  FOLLOWER to CANDIDATE at term 0 for changeToCandidate
2019-09-26 21:18:48,246 [Thread-239] INFO  impl.RoleInfo (RoleInfo.java:updateAndGet(143)) - 09112efe-1fad-4539-a04f-c96aef6d2351: start LeaderElection
2019-09-26 21:18:48,252 [pool-37-thread-1] INFO  storage.RaftStorage (RaftStorage.java:format(72)) - Storage directory /workdir/hadoop-ozone/ozonefs/target/test-dir/MiniOzoneClusterImpl-5b64906c-d720-4906-b30c-b6d56a2122fd/datanode-1/data/ratis/f187c2bf-1f4d-4a0f-84a4-9c349363b38e has been successfully formatted.
2019-09-26 21:18:48,252 [1178c3ae-d0b4-4d44-b144-fe8504cc41ac@group-165035D7ECE2:LeaderElection9] INFO  impl.LeaderElection (LeaderElection.java:askForVotes(182)) - 1178c3ae-d0b4-4d44-b144-fe8504cc41ac@group-165035D7ECE2:LeaderElection9: begin an election at term 1 for -1: [1178c3ae-d0b4-4d44-b144-fe8504cc41ac:192.168.151.99:33787], old=null
2019-09-26 21:18:48,253 [pool-37-thread-1] INFO  ratis.ContainerStateMachine (ContainerStateMachine.java:loadSnapshot(230)) - group-9C349363B38E: The snapshot info is null. Setting the last applied indexto:(t:0, i:~)
2019-09-26 21:18:48,253 [1178c3ae-d0b4-4d44-b144-fe8504cc41ac@group-165035D7ECE2:LeaderElection9] INFO  impl.RoleInfo (RoleInfo.java:shutdownLeaderElection(134)) - 1178c3ae-d0b4-4d44-b144-fe8504cc41ac: shutdown LeaderElection
2019-09-26 21:18:48,253 [pool-37-thread-1] INFO  server.RaftServerConfigKeys (ConfUtils.java:logGet(43)) - raft.server.notification.no-leader.timeout = 120s (custom)
2019-09-26 21:18:48,253 [1178c3ae-d0b4-4d44-b144-fe8504cc41ac@group-165035D7ECE2:LeaderElection9] INFO  impl.RaftServerImpl (RaftServerImpl.java:setRole(174)) - 1178c3ae-d0b4-4d44-b144-fe8504cc41ac@group-165035D7ECE2: changes role from CANDIDATE to LEADER at term 1 for changeToLeader
2019-09-26 21:18:48,253 [pool-37-thread-1] INFO  server.RaftServerConfigKeys (ConfUtils.java:logGet(43)) - raft.server.log.use.memory = false (default)
2019-09-26 21:18:48,253 [1178c3ae-d0b4-4d44-b144-fe8504cc41ac@group-165035D7ECE2:LeaderElection9] INFO  impl.RaftServerImpl (ServerState.java:setLeader(253)) - 1178c3ae-d0b4-4d44-b144-fe8504cc41ac@group-165035D7ECE2: change Leader from null to 1178c3ae-d0b4-4d44-b144-fe8504cc41ac at term 1 for becomeLeader, leader elected after 5255ms
2019-09-26 21:18:48,253 [pool-37-thread-1] INFO  server.RaftServerConfigKeys (ConfUtils.java:logGet(43)) - raft.server.log.purge.gap = 1000000 (custom)
2019-09-26 21:18:48,255 [1178c3ae-d0b4-4d44-b144-fe8504cc41ac@group-165035D7ECE2:LeaderElection9] INFO  server.RaftServerConfigKeys (ConfUtils.java:logGet(43)) - raft.server.staging.catchup.gap = 1000 (default)
2019-09-26 21:18:48,255 [pool-37-thread-1] INFO  server.RaftServerConfigKeys (ConfUtils.java:logGet(43)) - raft.server.log.appender.buffer.byte-limit = 33554432 (custom)
2019-09-26 21:18:48,255 [09112efe-1fad-4539-a04f-c96aef6d2351@group-A082AD14FA03:LeaderElection10] INFO  impl.LeaderElection (LeaderElection.java:askForVotes(182)) - 09112efe-1fad-4539-a04f-c96aef6d2351@group-A082AD14FA03:LeaderElection10: begin an election at term 1 for -1: [09112efe-1fad-4539-a04f-c96aef6d2351:192.168.151.99:45286], old=null
2019-09-26 21:18:48,255 [pool-37-thread-1] INFO  server.RaftServerConfigKeys (ConfUtils.java:logGet(43)) - raft.server.log.segment.size.max = 1048576 (custom)
2019-09-26 21:18:48,255 [1178c3ae-d0b4-4d44-b144-fe8504cc41ac@group-165035D7ECE2:LeaderElection9] INFO  server.RaftServerConfigKeys (ConfUtils.java:logGet(43)) - raft.server.rpc.sleep.time = 25ms (default)
2019-09-26 21:18:48,255 [pool-37-thread-1] INFO  server.RaftServerConfigKeys (ConfUtils.java:logGet(43)) - raft.server.log.segment.cache.num.max = 2 (custom)
2019-09-26 21:18:48,255 [09112efe-1fad-4539-a04f-c96aef6d2351@group-A082AD14FA03:LeaderElection10] INFO  impl.RoleInfo (RoleInfo.java:shutdownLeaderElection(134)) - 09112efe-1fad-4539-a04f-c96aef6d2351: shutdown LeaderElection
2019-09-26 21:18:48,256 [pool-37-thread-1] INFO  segmented.SegmentedRaftLogWorker (SegmentedRaftLogWorker.java:<init>(172)) - new 1178c3ae-d0b4-4d44-b144-fe8504cc41ac@group-9C349363B38E-SegmentedRaftLogWorker for RaftStorage:Storage Directory /workdir/hadoop-ozone/ozonefs/target/test-dir/MiniOzoneClusterImpl-5b64906c-d720-4906-b30c-b6d56a2122fd/datanode-1/data/ratis/f187c2bf-1f4d-4a0f-84a4-9c349363b38e
2019-09-26 21:18:48,256 [1178c3ae-d0b4-4d44-b144-fe8504cc41ac@group-165035D7ECE2:LeaderElection9] INFO  server.RaftServerConfigKeys (ConfUtils.java:logGet(43)) - raft.server.write.element-limit = 4096 (default)
2019-09-26 21:18:48,256 [pool-37-thread-1] INFO  server.RaftServerConfigKeys (ConfUtils.java:logGet(43)) - raft.server.log.queue.byte-limit = 2147483647 (custom)
2019-09-26 21:18:48,256 [09112efe-1fad-4539-a04f-c96aef6d2351@group-A082AD14FA03:LeaderElection10] INFO  impl.RaftServerImpl (RaftServerImpl.java:setRole(174)) - 09112efe-1fad-4539-a04f-c96aef6d2351@group-A082AD14FA03: changes role from CANDIDATE to LEADER at term 1 for changeToLeader
2019-09-26 21:18:48,256 [pool-37-thread-1] INFO  server.RaftServerConfigKeys (ConfUtils.java:logGet(43)) - raft.server.log.queue.element-limit = 1024 (custom)
2019-09-26 21:18:48,256 [1178c3ae-d0b4-4d44-b144-fe8504cc41ac@group-165035D7ECE2:LeaderElection9] INFO  server.RaftServerConfigKeys (ConfUtils.java:logGet(43)) - raft.server.watch.timeout = 10s (default)
2019-09-26 21:18:48,256 [pool-37-thread-1] INFO  server.RaftServerConfigKeys (ConfUtils.java:logGet(43)) - raft.server.log.segment.size.max = 1048576 (custom)
2019-09-26 21:18:48,256 [09112efe-1fad-4539-a04f-c96aef6d2351@group-A082AD14FA03:LeaderElection10] INFO  impl.RaftServerImpl (ServerState.java:setLeader(253)) - 09112efe-1fad-4539-a04f-c96aef6d2351@group-A082AD14FA03: change Leader from null to 09112efe-1fad-4539-a04f-c96aef6d2351 at term 1 for becomeLeader, leader elected after 5075ms
2019-09-26 21:18:48,257 [pool-37-thread-1] INFO  server.RaftServerConfigKeys (ConfUtils.java:logGet(43)) - raft.server.log.preallocated.size = 16384 (custom)
2019-09-26 21:18:48,257 [1178c3ae-d0b4-4d44-b144-fe8504cc41ac@group-165035D7ECE2:LeaderElection9] INFO  server.RaftServerConfigKeys (ConfUtils.java:logGet(43)) - raft.server.watch.timeout.denomination = 1s (default)
2019-09-26 21:18:48,257 [pool-37-thread-1] INFO  server.RaftServerConfigKeys (ConfUtils.java:logGet(43)) - raft.server.log.write.buffer.size = 33554432 (custom)
2019-09-26 21:18:48,257 [09112efe-1fad-4539-a04f-c96aef6d2351@group-A082AD14FA03:LeaderElection10] INFO  server.RaftServerConfigKeys (ConfUtils.java:logGet(43)) - raft.server.staging.catchup.gap = 1000 (default)
2019-09-26 21:18:48,257 [pool-37-thread-1] INFO  server.RaftServerConfigKeys (ConfUtils.java:logGet(43)) - raft.server.log.force.sync.num = 128 (default)
2019-09-26 21:18:48,257 [1178c3ae-d0b4-4d44-b144-fe8504cc41ac@group-165035D7ECE2:LeaderElection9] INFO  server.RaftServerConfigKeys (ConfUtils.java:logGet(43)) - raft.server.watch.element-limit = 65536 (default)
2019-09-26 21:18:48,258 [pool-37-thread-1] INFO  server.RaftServerConfigKeys (ConfUtils.java:logGet(43)) - raft.server.log.statemachine.data.sync = true (default)
2019-09-26 21:18:48,257 [09112efe-1fad-4539-a04f-c96aef6d2351@group-A082AD14FA03:LeaderElection10] INFO  server.RaftServerConfigKeys (ConfUtils.java:logGet(43)) - raft.server.rpc.sleep.time = 25ms (default)
2019-09-26 21:18:48,258 [pool-37-thread-1] INFO  server.RaftServerConfigKeys (ConfUtils.java:logGet(43)) - raft.server.log.statemachine.data.sync.timeout = 10s (default)
2019-09-26 21:18:48,258 [09112efe-1fad-4539-a04f-c96aef6d2351@group-A082AD14FA03:LeaderElection10] INFO  server.RaftServerConfigKeys (ConfUtils.java:logGet(43)) - raft.server.write.element-limit = 4096 (default)
2019-09-26 21:18:48,258 [pool-37-thread-1] INFO  server.RaftServerConfigKeys (ConfUtils.java:logGet(43)) - raft.server.log.statemachine.data.sync.timeout.retry = -1 (default)
2019-09-26 21:18:48,258 [09112efe-1fad-4539-a04f-c96aef6d2351@group-A082AD14FA03:LeaderElection10] INFO  server.RaftServerConfigKeys (ConfUtils.java:logGet(43)) - raft.server.watch.timeout = 10s (default)
2019-09-26 21:18:48,258 [pool-37-thread-1] INFO  server.RaftServerConfigKeys (ConfUtils.java:logGet(43)) - raft.server.log.statemachine.data.caching.enabled = true (custom)
2019-09-26 21:18:48,259 [09112efe-1fad-4539-a04f-c96aef6d2351@group-A082AD14FA03:LeaderElection10] INFO  server.RaftServerConfigKeys (ConfUtils.java:logGet(43)) - raft.server.watch.timeout.denomination = 1s (default)
2019-09-26 21:18:48,259 [09112efe-1fad-4539-a04f-c96aef6d2351@group-A082AD14FA03:LeaderElection10] INFO  server.RaftServerConfigKeys (ConfUtils.java:logGet(43)) - raft.server.watch.element-limit = 65536 (default)
2019-09-26 21:18:48,259 [pool-37-thread-1] INFO  segmented.SegmentedRaftLogWorker (SegmentedRaftLogWorker.java:lambda$new$0(132)) - 1178c3ae-d0b4-4d44-b144-fe8504cc41ac@group-9C349363B38E-SegmentedRaftLogWorker: flushIndex: setUnconditionally 0 -> -1
2019-09-26 21:18:48,259 [pool-37-thread-1] INFO  server.RaftServerConfigKeys (ConfUtils.java:logGet(43)) - raft.server.snapshot.auto.trigger.enabled = true (custom)
2019-09-26 21:18:48,259 [pool-37-thread-1] INFO  server.RaftServerConfigKeys (ConfUtils.java:logGet(43)) - raft.server.snapshot.auto.trigger.threshold = 10000 (custom)
2019-09-26 21:18:48,260 [pool-37-thread-1] INFO  server.RaftServerConfigKeys (ConfUtils.java:logGet(43)) - raft.server.snapshot.retention.num.files = 5 (custom)
2019-09-26 21:18:48,260 [pool-37-thread-1] INFO  server.RaftServerConfigKeys (ConfUtils.java:logGet(43)) - raft.server.retrycache.expirytime = 600000ms (custom)
2019-09-26 21:18:48,260 [1178c3ae-d0b4-4d44-b144-fe8504cc41ac@group-165035D7ECE2:LeaderElection9] INFO  impl.RoleInfo (RoleInfo.java:updateAndGet(143)) - 1178c3ae-d0b4-4d44-b144-fe8504cc41ac: start LeaderState
2019-09-26 21:18:48,260 [1178c3ae-d0b4-4d44-b144-fe8504cc41ac@group-165035D7ECE2:LeaderElection9] INFO  segmented.SegmentedRaftLogWorker (SegmentedRaftLogWorker.java:startLogSegment(380)) - 1178c3ae-d0b4-4d44-b144-fe8504cc41ac@group-165035D7ECE2-SegmentedRaftLogWorker: Starting segment from index:0
2019-09-26 21:18:48,261 [1178c3ae-d0b4-4d44-b144-fe8504cc41ac@group-165035D7ECE2:LeaderElection9] INFO  impl.RaftServerImpl (ServerState.java:setRaftConf(354)) - 1178c3ae-d0b4-4d44-b144-fe8504cc41ac@group-165035D7ECE2: set configuration 0: [1178c3ae-d0b4-4d44-b144-fe8504cc41ac:192.168.151.99:33787], old=null at 0
2019-09-26 21:18:48,263 [09112efe-1fad-4539-a04f-c96aef6d2351@group-A082AD14FA03:LeaderElection10] INFO  impl.RoleInfo (RoleInfo.java:updateAndGet(143)) - 09112efe-1fad-4539-a04f-c96aef6d2351: start LeaderState
2019-09-26 21:18:48,263 [09112efe-1fad-4539-a04f-c96aef6d2351@group-A082AD14FA03:LeaderElection10] INFO  segmented.SegmentedRaftLogWorker (SegmentedRaftLogWorker.java:startLogSegment(380)) - 09112efe-1fad-4539-a04f-c96aef6d2351@group-A082AD14FA03-SegmentedRaftLogWorker: Starting segment from index:0
2019-09-26 21:18:48,264 [09112efe-1fad-4539-a04f-c96aef6d2351@group-A082AD14FA03:LeaderElection10] INFO  impl.RaftServerImpl (ServerState.java:setRaftConf(354)) - 09112efe-1fad-4539-a04f-c96aef6d2351@group-A082AD14FA03: set configuration 0: [09112efe-1fad-4539-a04f-c96aef6d2351:192.168.151.99:45286], old=null at 0
2019-09-26 21:18:48,304 [pool-37-thread-1] INFO  impl.RaftServerImpl (RaftServerImpl.java:start(185)) - 1178c3ae-d0b4-4d44-b144-fe8504cc41ac@group-9C349363B38E: start as a follower, conf=-1: [1178c3ae-d0b4-4d44-b144-fe8504cc41ac:192.168.151.99:33787], old=null
2019-09-26 21:18:48,304 [pool-37-thread-1] INFO  impl.RaftServerImpl (RaftServerImpl.java:setRole(174)) - 1178c3ae-d0b4-4d44-b144-fe8504cc41ac@group-9C349363B38E: changes role from      null to FOLLOWER at term 0 for startAsFollower
2019-09-26 21:18:48,304 [pool-37-thread-1] INFO  impl.RoleInfo (RoleInfo.java:updateAndGet(143)) - 1178c3ae-d0b4-4d44-b144-fe8504cc41ac: start FollowerState
2019-09-26 21:18:48,305 [pool-37-thread-1] INFO  util.JmxRegister (JmxRegister.java:tryRegister(44)) - Successfully registered JMX Bean with object name Ratis:service=RaftServer,group=group-9C349363B38E,id=1178c3ae-d0b4-4d44-b144-fe8504cc41ac
2019-09-26 21:18:48,310 [RatisPipelineUtilsThread] INFO  pipeline.PipelineStateManager (PipelineStateManager.java:addPipeline(56)) - Created pipeline Pipeline[ Id: f187c2bf-1f4d-4a0f-84a4-9c349363b38e, Nodes: 1178c3ae-d0b4-4d44-b144-fe8504cc41ac{ip: 192.168.151.99, host: pr-hdds-1569-g6sp5-2013761785, networkLocation: /default-rack, certSerialId: null}, Type:RATIS, Factor:ONE, State:OPEN]
2019-09-26 21:18:48,316 [09112efe-1fad-4539-a04f-c96aef6d2351@group-A082AD14FA03-SegmentedRaftLogWorker] INFO  segmented.SegmentedRaftLogWorker (SegmentedRaftLogWorker.java:execute(569)) - 09112efe-1fad-4539-a04f-c96aef6d2351@group-A082AD14FA03-SegmentedRaftLogWorker: created new log segment /workdir/hadoop-ozone/ozonefs/target/test-dir/MiniOzoneClusterImpl-5b64906c-d720-4906-b30c-b6d56a2122fd/datanode-2/data/ratis/0dc45146-5fb6-4114-b545-a082ad14fa03/current/log_inprogress_0
2019-09-26 21:18:48,316 [1178c3ae-d0b4-4d44-b144-fe8504cc41ac@group-165035D7ECE2-SegmentedRaftLogWorker] INFO  segmented.SegmentedRaftLogWorker (SegmentedRaftLogWorker.java:execute(569)) - 1178c3ae-d0b4-4d44-b144-fe8504cc41ac@group-165035D7ECE2-SegmentedRaftLogWorker: created new log segment /workdir/hadoop-ozone/ozonefs/target/test-dir/MiniOzoneClusterImpl-5b64906c-d720-4906-b30c-b6d56a2122fd/datanode-1/data/ratis/778e25c8-5dfd-4f72-9b65-165035d7ece2/current/log_inprogress_0
2019-09-26 21:18:48,317 [grpc-default-executor-1] INFO  impl.RaftServerProxy (RaftServerProxy.java:addNew(89)) - 1178c3ae-d0b4-4d44-b144-fe8504cc41ac: addNew group-4DAA356371EA:[1178c3ae-d0b4-4d44-b144-fe8504cc41ac:192.168.151.99:33787] returns group-4DAA356371EA:java.util.concurrent.CompletableFuture@7dd3403c[Not completed]
2019-09-26 21:18:48,318 [pool-37-thread-1] INFO  impl.RaftServerImpl (RaftServerImpl.java:<init>(95)) - 1178c3ae-d0b4-4d44-b144-fe8504cc41ac: new RaftServerImpl for group-4DAA356371EA:[1178c3ae-d0b4-4d44-b144-fe8504cc41ac:192.168.151.99:33787] with ContainerStateMachine:uninitialized
2019-09-26 21:18:48,318 [pool-37-thread-1] INFO  server.RaftServerConfigKeys (ConfUtils.java:logGet(43)) - raft.server.rpc.timeout.min = 5s (custom)
2019-09-26 21:18:48,319 [pool-37-thread-1] INFO  server.RaftServerConfigKeys (ConfUtils.java:logGet(43)) - raft.server.rpc.timeout.max = 5200ms (custom)
2019-09-26 21:18:48,319 [pool-37-thread-1] INFO  server.RaftServerConfigKeys (ConfUtils.java:logGet(43)) - raft.server.rpcslowness.timeout = 120s (custom)
2019-09-26 21:18:48,319 [pool-37-thread-1] INFO  server.RaftServerConfigKeys (ConfUtils.java:logGet(43)) - raft.server.sleep.deviation.threshold = 300 (default)
2019-09-26 21:18:48,319 [pool-37-thread-1] INFO  server.RaftServerConfigKeys (ConfUtils.java:logGet(43)) - raft.server.log.appender.install.snapshot.enabled = false (custom)
2019-09-26 21:18:48,319 [pool-37-thread-1] INFO  impl.RaftServerImpl (ServerState.java:<init>(103)) - 1178c3ae-d0b4-4d44-b144-fe8504cc41ac@group-4DAA356371EA: ConfigurationManager, init=-1: [1178c3ae-d0b4-4d44-b144-fe8504cc41ac:192.168.151.99:33787], old=null, confs=<EMPTY_MAP>
2019-09-26 21:18:48,319 [pool-37-thread-1] INFO  server.RaftServerConfigKeys (ConfUtils.java:logGet(43)) - raft.server.storage.dir = [/workdir/hadoop-ozone/ozonefs/target/test-dir/MiniOzoneClusterImpl-5b64906c-d720-4906-b30c-b6d56a2122fd/datanode-1/data/ratis] (custom)
2019-09-26 21:18:48,319 [pool-37-thread-1] INFO  storage.RaftStorageDirectory (RaftStorageDirectory.java:analyzeStorage(246)) - The storage directory /workdir/hadoop-ozone/ozonefs/target/test-dir/MiniOzoneClusterImpl-5b64906c-d720-4906-b30c-b6d56a2122fd/datanode-1/data/ratis/2e8967bd-79b0-4713-8325-4daa356371ea does not exist. Creating ...
2019-09-26 21:18:48,332 [pool-37-thread-1] INFO  storage.RaftStorageDirectory (RaftStorageDirectory.java:tryLock(328)) - Lock on /workdir/hadoop-ozone/ozonefs/target/test-dir/MiniOzoneClusterImpl-5b64906c-d720-4906-b30c-b6d56a2122fd/datanode-1/data/ratis/2e8967bd-79b0-4713-8325-4daa356371ea/in_use.lock acquired by nodename 10701@pr-hdds-1569-g6sp5-2013761785
2019-09-26 21:18:48,346 [pool-37-thread-1] INFO  storage.RaftStorage (RaftStorage.java:format(72)) - Storage directory /workdir/hadoop-ozone/ozonefs/target/test-dir/MiniOzoneClusterImpl-5b64906c-d720-4906-b30c-b6d56a2122fd/datanode-1/data/ratis/2e8967bd-79b0-4713-8325-4daa356371ea has been successfully formatted.
2019-09-26 21:18:48,346 [pool-37-thread-1] INFO  ratis.ContainerStateMachine (ContainerStateMachine.java:loadSnapshot(230)) - group-4DAA356371EA: The snapshot info is null. Setting the last applied indexto:(t:0, i:~)
2019-09-26 21:18:48,346 [pool-37-thread-1] INFO  server.RaftServerConfigKeys (ConfUtils.java:logGet(43)) - raft.server.notification.no-leader.timeout = 120s (custom)
2019-09-26 21:18:48,346 [pool-37-thread-1] INFO  server.RaftServerConfigKeys (ConfUtils.java:logGet(43)) - raft.server.log.use.memory = false (default)
2019-09-26 21:18:48,346 [pool-37-thread-1] INFO  server.RaftServerConfigKeys (ConfUtils.java:logGet(43)) - raft.server.log.purge.gap = 1000000 (custom)
2019-09-26 21:18:48,346 [pool-37-thread-1] INFO  server.RaftServerConfigKeys (ConfUtils.java:logGet(43)) - raft.server.log.appender.buffer.byte-limit = 33554432 (custom)
2019-09-26 21:18:48,346 [pool-37-thread-1] INFO  server.RaftServerConfigKeys (ConfUtils.java:logGet(43)) - raft.server.log.segment.size.max = 1048576 (custom)
2019-09-26 21:18:48,347 [pool-37-thread-1] INFO  server.RaftServerConfigKeys (ConfUtils.java:logGet(43)) - raft.server.log.segment.cache.num.max = 2 (custom)
2019-09-26 21:18:48,347 [pool-37-thread-1] INFO  segmented.SegmentedRaftLogWorker (SegmentedRaftLogWorker.java:<init>(172)) - new 1178c3ae-d0b4-4d44-b144-fe8504cc41ac@group-4DAA356371EA-SegmentedRaftLogWorker for RaftStorage:Storage Directory /workdir/hadoop-ozone/ozonefs/target/test-dir/MiniOzoneClusterImpl-5b64906c-d720-4906-b30c-b6d56a2122fd/datanode-1/data/ratis/2e8967bd-79b0-4713-8325-4daa356371ea
2019-09-26 21:18:48,347 [pool-37-thread-1] INFO  server.RaftServerConfigKeys (ConfUtils.java:logGet(43)) - raft.server.log.queue.byte-limit = 2147483647 (custom)
2019-09-26 21:18:48,347 [pool-37-thread-1] INFO  server.RaftServerConfigKeys (ConfUtils.java:logGet(43)) - raft.server.log.queue.element-limit = 1024 (custom)
2019-09-26 21:18:48,347 [pool-37-thread-1] INFO  server.RaftServerConfigKeys (ConfUtils.java:logGet(43)) - raft.server.log.segment.size.max = 1048576 (custom)
2019-09-26 21:18:48,347 [pool-37-thread-1] INFO  server.RaftServerConfigKeys (ConfUtils.java:logGet(43)) - raft.server.log.preallocated.size = 16384 (custom)
2019-09-26 21:18:48,347 [pool-37-thread-1] INFO  server.RaftServerConfigKeys (ConfUtils.java:logGet(43)) - raft.server.log.write.buffer.size = 33554432 (custom)
2019-09-26 21:18:48,347 [pool-37-thread-1] INFO  server.RaftServerConfigKeys (ConfUtils.java:logGet(43)) - raft.server.log.force.sync.num = 128 (default)
2019-09-26 21:18:48,348 [pool-37-thread-1] INFO  server.RaftServerConfigKeys (ConfUtils.java:logGet(43)) - raft.server.log.statemachine.data.sync = true (default)
2019-09-26 21:18:48,348 [pool-37-thread-1] INFO  server.RaftServerConfigKeys (ConfUtils.java:logGet(43)) - raft.server.log.statemachine.data.sync.timeout = 10s (default)
2019-09-26 21:18:48,348 [pool-37-thread-1] INFO  server.RaftServerConfigKeys (ConfUtils.java:logGet(43)) - raft.server.log.statemachine.data.sync.timeout.retry = -1 (default)
2019-09-26 21:18:48,348 [pool-37-thread-1] INFO  server.RaftServerConfigKeys (ConfUtils.java:logGet(43)) - raft.server.log.statemachine.data.caching.enabled = true (custom)
2019-09-26 21:18:48,348 [pool-37-thread-1] INFO  segmented.SegmentedRaftLogWorker (SegmentedRaftLogWorker.java:lambda$new$0(132)) - 1178c3ae-d0b4-4d44-b144-fe8504cc41ac@group-4DAA356371EA-SegmentedRaftLogWorker: flushIndex: setUnconditionally 0 -> -1
2019-09-26 21:18:48,349 [pool-37-thread-1] INFO  server.RaftServerConfigKeys (ConfUtils.java:logGet(43)) - raft.server.snapshot.auto.trigger.enabled = true (custom)
2019-09-26 21:18:48,349 [pool-37-thread-1] INFO  server.RaftServerConfigKeys (ConfUtils.java:logGet(43)) - raft.server.snapshot.auto.trigger.threshold = 10000 (custom)
2019-09-26 21:18:48,349 [pool-37-thread-1] INFO  server.RaftServerConfigKeys (ConfUtils.java:logGet(43)) - raft.server.snapshot.retention.num.files = 5 (custom)
2019-09-26 21:18:48,349 [pool-37-thread-1] INFO  server.RaftServerConfigKeys (ConfUtils.java:logGet(43)) - raft.server.retrycache.expirytime = 600000ms (custom)
2019-09-26 21:18:48,351 [pool-37-thread-1] INFO  impl.RaftServerImpl (RaftServerImpl.java:start(185)) - 1178c3ae-d0b4-4d44-b144-fe8504cc41ac@group-4DAA356371EA: start as a follower, conf=-1: [1178c3ae-d0b4-4d44-b144-fe8504cc41ac:192.168.151.99:33787], old=null
2019-09-26 21:18:48,351 [pool-37-thread-1] INFO  impl.RaftServerImpl (RaftServerImpl.java:setRole(174)) - 1178c3ae-d0b4-4d44-b144-fe8504cc41ac@group-4DAA356371EA: changes role from      null to FOLLOWER at term 0 for startAsFollower
2019-09-26 21:18:48,351 [pool-37-thread-1] INFO  impl.RoleInfo (RoleInfo.java:updateAndGet(143)) - 1178c3ae-d0b4-4d44-b144-fe8504cc41ac: start FollowerState
2019-09-26 21:18:48,352 [pool-37-thread-1] INFO  util.JmxRegister (JmxRegister.java:tryRegister(44)) - Successfully registered JMX Bean with object name Ratis:service=RaftServer,group=group-4DAA356371EA,id=1178c3ae-d0b4-4d44-b144-fe8504cc41ac
2019-09-26 21:18:48,354 [RatisPipelineUtilsThread] INFO  pipeline.PipelineStateManager (PipelineStateManager.java:addPipeline(56)) - Created pipeline Pipeline[ Id: 2e8967bd-79b0-4713-8325-4daa356371ea, Nodes: 1178c3ae-d0b4-4d44-b144-fe8504cc41ac{ip: 192.168.151.99, host: pr-hdds-1569-g6sp5-2013761785, networkLocation: /default-rack, certSerialId: null}, Type:RATIS, Factor:ONE, State:OPEN]
2019-09-26 21:18:48,359 [grpc-default-executor-1] INFO  impl.RaftServerProxy (RaftServerProxy.java:addNew(89)) - 0c640f50-2bc9-49b6-b785-a27e3116e6ba: addNew group-9DCEC7BC5751:[0c640f50-2bc9-49b6-b785-a27e3116e6ba:192.168.151.99:42361] returns group-9DCEC7BC5751:java.util.concurrent.CompletableFuture@2c3ff5a9[Not completed]
2019-09-26 21:18:48,361 [pool-57-thread-1] INFO  impl.RaftServerImpl (RaftServerImpl.java:<init>(95)) - 0c640f50-2bc9-49b6-b785-a27e3116e6ba: new RaftServerImpl for group-9DCEC7BC5751:[0c640f50-2bc9-49b6-b785-a27e3116e6ba:192.168.151.99:42361] with ContainerStateMachine:uninitialized
2019-09-26 21:18:48,361 [pool-57-thread-1] INFO  server.RaftServerConfigKeys (ConfUtils.java:logGet(43)) - raft.server.rpc.timeout.min = 5s (custom)
2019-09-26 21:18:48,361 [pool-57-thread-1] INFO  server.RaftServerConfigKeys (ConfUtils.java:logGet(43)) - raft.server.rpc.timeout.max = 5200ms (custom)
2019-09-26 21:18:48,361 [pool-57-thread-1] INFO  server.RaftServerConfigKeys (ConfUtils.java:logGet(43)) - raft.server.rpcslowness.timeout = 120s (custom)
2019-09-26 21:18:48,361 [pool-57-thread-1] INFO  server.RaftServerConfigKeys (ConfUtils.java:logGet(43)) - raft.server.sleep.deviation.threshold = 300 (default)
2019-09-26 21:18:48,361 [pool-57-thread-1] INFO  server.RaftServerConfigKeys (ConfUtils.java:logGet(43)) - raft.server.log.appender.install.snapshot.enabled = false (custom)
2019-09-26 21:18:48,361 [pool-57-thread-1] INFO  impl.RaftServerImpl (ServerState.java:<init>(103)) - 0c640f50-2bc9-49b6-b785-a27e3116e6ba@group-9DCEC7BC5751: ConfigurationManager, init=-1: [0c640f50-2bc9-49b6-b785-a27e3116e6ba:192.168.151.99:42361], old=null, confs=<EMPTY_MAP>
2019-09-26 21:18:48,362 [pool-57-thread-1] INFO  server.RaftServerConfigKeys (ConfUtils.java:logGet(43)) - raft.server.storage.dir = [/workdir/hadoop-ozone/ozonefs/target/test-dir/MiniOzoneClusterImpl-5b64906c-d720-4906-b30c-b6d56a2122fd/datanode-3/data/ratis] (custom)
2019-09-26 21:18:48,362 [pool-57-thread-1] INFO  storage.RaftStorageDirectory (RaftStorageDirectory.java:analyzeStorage(246)) - The storage directory /workdir/hadoop-ozone/ozonefs/target/test-dir/MiniOzoneClusterImpl-5b64906c-d720-4906-b30c-b6d56a2122fd/datanode-3/data/ratis/17e1c0cd-5434-42ae-8d20-9dcec7bc5751 does not exist. Creating ...
2019-09-26 21:18:48,375 [pool-57-thread-1] INFO  storage.RaftStorageDirectory (RaftStorageDirectory.java:tryLock(328)) - Lock on /workdir/hadoop-ozone/ozonefs/target/test-dir/MiniOzoneClusterImpl-5b64906c-d720-4906-b30c-b6d56a2122fd/datanode-3/data/ratis/17e1c0cd-5434-42ae-8d20-9dcec7bc5751/in_use.lock acquired by nodename 10701@pr-hdds-1569-g6sp5-2013761785
2019-09-26 21:18:48,397 [pool-57-thread-1] INFO  storage.RaftStorage (RaftStorage.java:format(72)) - Storage directory /workdir/hadoop-ozone/ozonefs/target/test-dir/MiniOzoneClusterImpl-5b64906c-d720-4906-b30c-b6d56a2122fd/datanode-3/data/ratis/17e1c0cd-5434-42ae-8d20-9dcec7bc5751 has been successfully formatted.
2019-09-26 21:18:48,398 [pool-57-thread-1] INFO  ratis.ContainerStateMachine (ContainerStateMachine.java:loadSnapshot(230)) - group-9DCEC7BC5751: The snapshot info is null. Setting the last applied indexto:(t:0, i:~)
2019-09-26 21:18:48,398 [pool-57-thread-1] INFO  server.RaftServerConfigKeys (ConfUtils.java:logGet(43)) - raft.server.notification.no-leader.timeout = 120s (custom)
2019-09-26 21:18:48,398 [pool-57-thread-1] INFO  server.RaftServerConfigKeys (ConfUtils.java:logGet(43)) - raft.server.log.use.memory = false (default)
2019-09-26 21:18:48,398 [pool-57-thread-1] INFO  server.RaftServerConfigKeys (ConfUtils.java:logGet(43)) - raft.server.log.purge.gap = 1000000 (custom)
2019-09-26 21:18:48,398 [pool-57-thread-1] INFO  server.RaftServerConfigKeys (ConfUtils.java:logGet(43)) - raft.server.log.appender.buffer.byte-limit = 33554432 (custom)
2019-09-26 21:18:48,398 [pool-57-thread-1] INFO  server.RaftServerConfigKeys (ConfUtils.java:logGet(43)) - raft.server.log.segment.size.max = 1048576 (custom)
2019-09-26 21:18:48,398 [pool-57-thread-1] INFO  server.RaftServerConfigKeys (ConfUtils.java:logGet(43)) - raft.server.log.segment.cache.num.max = 2 (custom)
2019-09-26 21:18:48,398 [pool-57-thread-1] INFO  segmented.SegmentedRaftLogWorker (SegmentedRaftLogWorker.java:<init>(172)) - new 0c640f50-2bc9-49b6-b785-a27e3116e6ba@group-9DCEC7BC5751-SegmentedRaftLogWorker for RaftStorage:Storage Directory /workdir/hadoop-ozone/ozonefs/target/test-dir/MiniOzoneClusterImpl-5b64906c-d720-4906-b30c-b6d56a2122fd/datanode-3/data/ratis/17e1c0cd-5434-42ae-8d20-9dcec7bc5751
2019-09-26 21:18:48,399 [pool-57-thread-1] INFO  server.RaftServerConfigKeys (ConfUtils.java:logGet(43)) - raft.server.log.queue.byte-limit = 2147483647 (custom)
2019-09-26 21:18:48,399 [pool-57-thread-1] INFO  server.RaftServerConfigKeys (ConfUtils.java:logGet(43)) - raft.server.log.queue.element-limit = 1024 (custom)
2019-09-26 21:18:48,399 [pool-57-thread-1] INFO  server.RaftServerConfigKeys (ConfUtils.java:logGet(43)) - raft.server.log.segment.size.max = 1048576 (custom)
2019-09-26 21:18:48,399 [pool-57-thread-1] INFO  server.RaftServerConfigKeys (ConfUtils.java:logGet(43)) - raft.server.log.preallocated.size = 16384 (custom)
2019-09-26 21:18:48,399 [pool-57-thread-1] INFO  server.RaftServerConfigKeys (ConfUtils.java:logGet(43)) - raft.server.log.write.buffer.size = 33554432 (custom)
2019-09-26 21:18:48,399 [pool-57-thread-1] INFO  server.RaftServerConfigKeys (ConfUtils.java:logGet(43)) - raft.server.log.force.sync.num = 128 (default)
2019-09-26 21:18:48,399 [pool-57-thread-1] INFO  server.RaftServerConfigKeys (ConfUtils.java:logGet(43)) - raft.server.log.statemachine.data.sync = true (default)
2019-09-26 21:18:48,399 [pool-57-thread-1] INFO  server.RaftServerConfigKeys (ConfUtils.java:logGet(43)) - raft.server.log.statemachine.data.sync.timeout = 10s (default)
2019-09-26 21:18:48,399 [pool-57-thread-1] INFO  server.RaftServerConfigKeys (ConfUtils.java:logGet(43)) - raft.server.log.statemachine.data.sync.timeout.retry = -1 (default)
2019-09-26 21:18:48,400 [pool-57-thread-1] INFO  server.RaftServerConfigKeys (ConfUtils.java:logGet(43)) - raft.server.log.statemachine.data.caching.enabled = true (custom)
2019-09-26 21:18:48,400 [pool-57-thread-1] INFO  segmented.SegmentedRaftLogWorker (SegmentedRaftLogWorker.java:lambda$new$0(132)) - 0c640f50-2bc9-49b6-b785-a27e3116e6ba@group-9DCEC7BC5751-SegmentedRaftLogWorker: flushIndex: setUnconditionally 0 -> -1
2019-09-26 21:18:48,400 [pool-57-thread-1] INFO  server.RaftServerConfigKeys (ConfUtils.java:logGet(43)) - raft.server.snapshot.auto.trigger.enabled = true (custom)
2019-09-26 21:18:48,400 [pool-57-thread-1] INFO  server.RaftServerConfigKeys (ConfUtils.java:logGet(43)) - raft.server.snapshot.auto.trigger.threshold = 10000 (custom)
2019-09-26 21:18:48,400 [pool-57-thread-1] INFO  server.RaftServerConfigKeys (ConfUtils.java:logGet(43)) - raft.server.snapshot.retention.num.files = 5 (custom)
2019-09-26 21:18:48,400 [pool-57-thread-1] INFO  server.RaftServerConfigKeys (ConfUtils.java:logGet(43)) - raft.server.retrycache.expirytime = 600000ms (custom)
2019-09-26 21:18:48,402 [Thread-242] INFO  impl.FollowerState (FollowerState.java:run(106)) - 9ce0b59e-153f-4f41-8aed-492a76d80b48:group-1DD5A2952B44 changes to CANDIDATE, lastRpcTime:5148, electionTimeout:5148ms
2019-09-26 21:18:48,402 [Thread-242] INFO  impl.RoleInfo (RoleInfo.java:shutdownFollowerState(121)) - 9ce0b59e-153f-4f41-8aed-492a76d80b48: shutdown FollowerState
2019-09-26 21:18:48,402 [Thread-242] INFO  impl.RaftServerImpl (RaftServerImpl.java:setRole(174)) - 9ce0b59e-153f-4f41-8aed-492a76d80b48@group-1DD5A2952B44: changes role from  FOLLOWER to CANDIDATE at term 0 for changeToCandidate
2019-09-26 21:18:48,402 [pool-57-thread-1] INFO  impl.RaftServerImpl (RaftServerImpl.java:start(185)) - 0c640f50-2bc9-49b6-b785-a27e3116e6ba@group-9DCEC7BC5751: start as a follower, conf=-1: [0c640f50-2bc9-49b6-b785-a27e3116e6ba:192.168.151.99:42361], old=null
2019-09-26 21:18:48,402 [Thread-242] INFO  impl.RoleInfo (RoleInfo.java:updateAndGet(143)) - 9ce0b59e-153f-4f41-8aed-492a76d80b48: start LeaderElection
2019-09-26 21:18:48,402 [pool-57-thread-1] INFO  impl.RaftServerImpl (RaftServerImpl.java:setRole(174)) - 0c640f50-2bc9-49b6-b785-a27e3116e6ba@group-9DCEC7BC5751: changes role from      null to FOLLOWER at term 0 for startAsFollower
2019-09-26 21:18:48,403 [pool-57-thread-1] INFO  impl.RoleInfo (RoleInfo.java:updateAndGet(143)) - 0c640f50-2bc9-49b6-b785-a27e3116e6ba: start FollowerState
2019-09-26 21:18:48,407 [pool-57-thread-1] INFO  util.JmxRegister (JmxRegister.java:tryRegister(44)) - Successfully registered JMX Bean with object name Ratis:service=RaftServer,group=group-9DCEC7BC5751,id=0c640f50-2bc9-49b6-b785-a27e3116e6ba
2019-09-26 21:18:48,412 [RatisPipelineUtilsThread] INFO  pipeline.PipelineStateManager (PipelineStateManager.java:addPipeline(56)) - Created pipeline Pipeline[ Id: 17e1c0cd-5434-42ae-8d20-9dcec7bc5751, Nodes: 0c640f50-2bc9-49b6-b785-a27e3116e6ba{ip: 192.168.151.99, host: pr-hdds-1569-g6sp5-2013761785, networkLocation: /default-rack, certSerialId: null}, Type:RATIS, Factor:ONE, State:OPEN]
2019-09-26 21:18:48,417 [grpc-default-executor-1] INFO  impl.RaftServerProxy (RaftServerProxy.java:addNew(89)) - 9ce0b59e-153f-4f41-8aed-492a76d80b48: addNew group-77990DBFA164:[9ce0b59e-153f-4f41-8aed-492a76d80b48:192.168.151.99:34156] returns group-77990DBFA164:java.util.concurrent.CompletableFuture@2b09f314[Not completed]
2019-09-26 21:18:48,419 [pool-27-thread-1] INFO  impl.RaftServerImpl (RaftServerImpl.java:<init>(95)) - 9ce0b59e-153f-4f41-8aed-492a76d80b48: new RaftServerImpl for group-77990DBFA164:[9ce0b59e-153f-4f41-8aed-492a76d80b48:192.168.151.99:34156] with ContainerStateMachine:uninitialized
2019-09-26 21:18:48,419 [pool-27-thread-1] INFO  server.RaftServerConfigKeys (ConfUtils.java:logGet(43)) - raft.server.rpc.timeout.min = 5s (custom)
2019-09-26 21:18:48,419 [pool-27-thread-1] INFO  server.RaftServerConfigKeys (ConfUtils.java:logGet(43)) - raft.server.rpc.timeout.max = 5200ms (custom)
2019-09-26 21:18:48,419 [pool-27-thread-1] INFO  server.RaftServerConfigKeys (ConfUtils.java:logGet(43)) - raft.server.rpcslowness.timeout = 120s (custom)
2019-09-26 21:18:48,419 [pool-27-thread-1] INFO  server.RaftServerConfigKeys (ConfUtils.java:logGet(43)) - raft.server.sleep.deviation.threshold = 300 (default)
2019-09-26 21:18:48,420 [pool-27-thread-1] INFO  server.RaftServerConfigKeys (ConfUtils.java:logGet(43)) - raft.server.log.appender.install.snapshot.enabled = false (custom)
2019-09-26 21:18:48,420 [pool-27-thread-1] INFO  impl.RaftServerImpl (ServerState.java:<init>(103)) - 9ce0b59e-153f-4f41-8aed-492a76d80b48@group-77990DBFA164: ConfigurationManager, init=-1: [9ce0b59e-153f-4f41-8aed-492a76d80b48:192.168.151.99:34156], old=null, confs=<EMPTY_MAP>
2019-09-26 21:18:48,420 [pool-27-thread-1] INFO  server.RaftServerConfigKeys (ConfUtils.java:logGet(43)) - raft.server.storage.dir = [/workdir/hadoop-ozone/ozonefs/target/test-dir/MiniOzoneClusterImpl-5b64906c-d720-4906-b30c-b6d56a2122fd/datanode-0/data/ratis] (custom)
2019-09-26 21:18:48,421 [pool-27-thread-1] INFO  storage.RaftStorageDirectory (RaftStorageDirectory.java:analyzeStorage(246)) - The storage directory /workdir/hadoop-ozone/ozonefs/target/test-dir/MiniOzoneClusterImpl-5b64906c-d720-4906-b30c-b6d56a2122fd/datanode-0/data/ratis/0b137bc3-208e-4115-b44e-77990dbfa164 does not exist. Creating ...
2019-09-26 21:18:48,422 [9ce0b59e-153f-4f41-8aed-492a76d80b48@group-1DD5A2952B44:LeaderElection11] INFO  impl.LeaderElection (LeaderElection.java:askForVotes(182)) - 9ce0b59e-153f-4f41-8aed-492a76d80b48@group-1DD5A2952B44:LeaderElection11: begin an election at term 1 for -1: [9ce0b59e-153f-4f41-8aed-492a76d80b48:192.168.151.99:34156], old=null
2019-09-26 21:18:48,422 [Thread-245] INFO  impl.FollowerState (FollowerState.java:run(106)) - 0c640f50-2bc9-49b6-b785-a27e3116e6ba:group-230FDCF0E80A changes to CANDIDATE, lastRpcTime:5106, electionTimeout:5106ms
2019-09-26 21:18:48,422 [9ce0b59e-153f-4f41-8aed-492a76d80b48@group-1DD5A2952B44:LeaderElection11] INFO  impl.RoleInfo (RoleInfo.java:shutdownLeaderElection(134)) - 9ce0b59e-153f-4f41-8aed-492a76d80b48: shutdown LeaderElection
2019-09-26 21:18:48,422 [Thread-245] INFO  impl.RoleInfo (RoleInfo.java:shutdownFollowerState(121)) - 0c640f50-2bc9-49b6-b785-a27e3116e6ba: shutdown FollowerState
2019-09-26 21:18:48,422 [9ce0b59e-153f-4f41-8aed-492a76d80b48@group-1DD5A2952B44:LeaderElection11] INFO  impl.RaftServerImpl (RaftServerImpl.java:setRole(174)) - 9ce0b59e-153f-4f41-8aed-492a76d80b48@group-1DD5A2952B44: changes role from CANDIDATE to LEADER at term 1 for changeToLeader
2019-09-26 21:18:48,422 [Thread-245] INFO  impl.RaftServerImpl (RaftServerImpl.java:setRole(174)) - 0c640f50-2bc9-49b6-b785-a27e3116e6ba@group-230FDCF0E80A: changes role from  FOLLOWER to CANDIDATE at term 0 for changeToCandidate
2019-09-26 21:18:48,422 [9ce0b59e-153f-4f41-8aed-492a76d80b48@group-1DD5A2952B44:LeaderElection11] INFO  impl.RaftServerImpl (ServerState.java:setLeader(253)) - 9ce0b59e-153f-4f41-8aed-492a76d80b48@group-1DD5A2952B44: change Leader from null to 9ce0b59e-153f-4f41-8aed-492a76d80b48 at term 1 for becomeLeader, leader elected after 5176ms
2019-09-26 21:18:48,423 [Thread-245] INFO  impl.RoleInfo (RoleInfo.java:updateAndGet(143)) - 0c640f50-2bc9-49b6-b785-a27e3116e6ba: start LeaderElection
2019-09-26 21:18:48,423 [9ce0b59e-153f-4f41-8aed-492a76d80b48@group-1DD5A2952B44:LeaderElection11] INFO  server.RaftServerConfigKeys (ConfUtils.java:logGet(43)) - raft.server.staging.catchup.gap = 1000 (default)
2019-09-26 21:18:48,423 [9ce0b59e-153f-4f41-8aed-492a76d80b48@group-1DD5A2952B44:LeaderElection11] INFO  server.RaftServerConfigKeys (ConfUtils.java:logGet(43)) - raft.server.rpc.sleep.time = 25ms (default)
2019-09-26 21:18:48,425 [pool-27-thread-1] INFO  storage.RaftStorageDirectory (RaftStorageDirectory.java:tryLock(328)) - Lock on /workdir/hadoop-ozone/ozonefs/target/test-dir/MiniOzoneClusterImpl-5b64906c-d720-4906-b30c-b6d56a2122fd/datanode-0/data/ratis/0b137bc3-208e-4115-b44e-77990dbfa164/in_use.lock acquired by nodename 10701@pr-hdds-1569-g6sp5-2013761785
2019-09-26 21:18:48,428 [9ce0b59e-153f-4f41-8aed-492a76d80b48@group-1DD5A2952B44:LeaderElection11] INFO  server.RaftServerConfigKeys (ConfUtils.java:logGet(43)) - raft.server.write.element-limit = 4096 (default)
2019-09-26 21:18:48,428 [9ce0b59e-153f-4f41-8aed-492a76d80b48@group-1DD5A2952B44:LeaderElection11] INFO  server.RaftServerConfigKeys (ConfUtils.java:logGet(43)) - raft.server.watch.timeout = 10s (default)
2019-09-26 21:18:48,428 [9ce0b59e-153f-4f41-8aed-492a76d80b48@group-1DD5A2952B44:LeaderElection11] INFO  server.RaftServerConfigKeys (ConfUtils.java:logGet(43)) - raft.server.watch.timeout.denomination = 1s (default)
2019-09-26 21:18:48,428 [9ce0b59e-153f-4f41-8aed-492a76d80b48@group-1DD5A2952B44:LeaderElection11] INFO  server.RaftServerConfigKeys (ConfUtils.java:logGet(43)) - raft.server.watch.element-limit = 65536 (default)
2019-09-26 21:18:48,430 [9ce0b59e-153f-4f41-8aed-492a76d80b48@group-1DD5A2952B44:LeaderElection11] INFO  impl.RoleInfo (RoleInfo.java:updateAndGet(143)) - 9ce0b59e-153f-4f41-8aed-492a76d80b48: start LeaderState
2019-09-26 21:18:48,431 [9ce0b59e-153f-4f41-8aed-492a76d80b48@group-1DD5A2952B44:LeaderElection11] INFO  segmented.SegmentedRaftLogWorker (SegmentedRaftLogWorker.java:startLogSegment(380)) - 9ce0b59e-153f-4f41-8aed-492a76d80b48@group-1DD5A2952B44-SegmentedRaftLogWorker: Starting segment from index:0
2019-09-26 21:18:48,431 [9ce0b59e-153f-4f41-8aed-492a76d80b48@group-1DD5A2952B44:LeaderElection11] INFO  impl.RaftServerImpl (ServerState.java:setRaftConf(354)) - 9ce0b59e-153f-4f41-8aed-492a76d80b48@group-1DD5A2952B44: set configuration 0: [9ce0b59e-153f-4f41-8aed-492a76d80b48:192.168.151.99:34156], old=null at 0
2019-09-26 21:18:48,463 [pool-27-thread-1] INFO  storage.RaftStorage (RaftStorage.java:format(72)) - Storage directory /workdir/hadoop-ozone/ozonefs/target/test-dir/MiniOzoneClusterImpl-5b64906c-d720-4906-b30c-b6d56a2122fd/datanode-0/data/ratis/0b137bc3-208e-4115-b44e-77990dbfa164 has been successfully formatted.
2019-09-26 21:18:48,463 [0c640f50-2bc9-49b6-b785-a27e3116e6ba@group-230FDCF0E80A:LeaderElection12] INFO  impl.LeaderElection (LeaderElection.java:askForVotes(182)) - 0c640f50-2bc9-49b6-b785-a27e3116e6ba@group-230FDCF0E80A:LeaderElection12: begin an election at term 1 for -1: [0c640f50-2bc9-49b6-b785-a27e3116e6ba:192.168.151.99:42361], old=null
2019-09-26 21:18:48,463 [pool-27-thread-1] INFO  ratis.ContainerStateMachine (ContainerStateMachine.java:loadSnapshot(230)) - group-77990DBFA164: The snapshot info is null. Setting the last applied indexto:(t:0, i:~)
2019-09-26 21:18:48,463 [0c640f50-2bc9-49b6-b785-a27e3116e6ba@group-230FDCF0E80A:LeaderElection12] INFO  impl.RoleInfo (RoleInfo.java:shutdownLeaderElection(134)) - 0c640f50-2bc9-49b6-b785-a27e3116e6ba: shutdown LeaderElection
2019-09-26 21:18:48,463 [pool-27-thread-1] INFO  server.RaftServerConfigKeys (ConfUtils.java:logGet(43)) - raft.server.notification.no-leader.timeout = 120s (custom)
2019-09-26 21:18:48,463 [0c640f50-2bc9-49b6-b785-a27e3116e6ba@group-230FDCF0E80A:LeaderElection12] INFO  impl.RaftServerImpl (RaftServerImpl.java:setRole(174)) - 0c640f50-2bc9-49b6-b785-a27e3116e6ba@group-230FDCF0E80A: changes role from CANDIDATE to LEADER at term 1 for changeToLeader
2019-09-26 21:18:48,464 [pool-27-thread-1] INFO  server.RaftServerConfigKeys (ConfUtils.java:logGet(43)) - raft.server.log.use.memory = false (default)
2019-09-26 21:18:48,464 [0c640f50-2bc9-49b6-b785-a27e3116e6ba@group-230FDCF0E80A:LeaderElection12] INFO  impl.RaftServerImpl (ServerState.java:setLeader(253)) - 0c640f50-2bc9-49b6-b785-a27e3116e6ba@group-230FDCF0E80A: change Leader from null to 0c640f50-2bc9-49b6-b785-a27e3116e6ba at term 1 for becomeLeader, leader elected after 5156ms
2019-09-26 21:18:48,464 [pool-27-thread-1] INFO  server.RaftServerConfigKeys (ConfUtils.java:logGet(43)) - raft.server.log.purge.gap = 1000000 (custom)
2019-09-26 21:18:48,464 [0c640f50-2bc9-49b6-b785-a27e3116e6ba@group-230FDCF0E80A:LeaderElection12] INFO  server.RaftServerConfigKeys (ConfUtils.java:logGet(43)) - raft.server.staging.catchup.gap = 1000 (default)
2019-09-26 21:18:48,464 [pool-27-thread-1] INFO  server.RaftServerConfigKeys (ConfUtils.java:logGet(43)) - raft.server.log.appender.buffer.byte-limit = 33554432 (custom)
2019-09-26 21:18:48,464 [0c640f50-2bc9-49b6-b785-a27e3116e6ba@group-230FDCF0E80A:LeaderElection12] INFO  server.RaftServerConfigKeys (ConfUtils.java:logGet(43)) - raft.server.rpc.sleep.time = 25ms (default)
2019-09-26 21:18:48,464 [pool-27-thread-1] INFO  server.RaftServerConfigKeys (ConfUtils.java:logGet(43)) - raft.server.log.segment.size.max = 1048576 (custom)
2019-09-26 21:18:48,464 [0c640f50-2bc9-49b6-b785-a27e3116e6ba@group-230FDCF0E80A:LeaderElection12] INFO  server.RaftServerConfigKeys (ConfUtils.java:logGet(43)) - raft.server.write.element-limit = 4096 (default)
2019-09-26 21:18:48,465 [pool-27-thread-1] INFO  server.RaftServerConfigKeys (ConfUtils.java:logGet(43)) - raft.server.log.segment.cache.num.max = 2 (custom)
2019-09-26 21:18:48,465 [0c640f50-2bc9-49b6-b785-a27e3116e6ba@group-230FDCF0E80A:LeaderElection12] INFO  server.RaftServerConfigKeys (ConfUtils.java:logGet(43)) - raft.server.watch.timeout = 10s (default)
2019-09-26 21:18:48,465 [pool-27-thread-1] INFO  segmented.SegmentedRaftLogWorker (SegmentedRaftLogWorker.java:<init>(172)) - new 9ce0b59e-153f-4f41-8aed-492a76d80b48@group-77990DBFA164-SegmentedRaftLogWorker for RaftStorage:Storage Directory /workdir/hadoop-ozone/ozonefs/target/test-dir/MiniOzoneClusterImpl-5b64906c-d720-4906-b30c-b6d56a2122fd/datanode-0/data/ratis/0b137bc3-208e-4115-b44e-77990dbfa164
2019-09-26 21:18:48,465 [0c640f50-2bc9-49b6-b785-a27e3116e6ba@group-230FDCF0E80A:LeaderElection12] INFO  server.RaftServerConfigKeys (ConfUtils.java:logGet(43)) - raft.server.watch.timeout.denomination = 1s (default)
2019-09-26 21:18:48,465 [pool-27-thread-1] INFO  server.RaftServerConfigKeys (ConfUtils.java:logGet(43)) - raft.server.log.queue.byte-limit = 2147483647 (custom)
2019-09-26 21:18:48,465 [0c640f50-2bc9-49b6-b785-a27e3116e6ba@group-230FDCF0E80A:LeaderElection12] INFO  server.RaftServerConfigKeys (ConfUtils.java:logGet(43)) - raft.server.watch.element-limit = 65536 (default)
2019-09-26 21:18:48,465 [pool-27-thread-1] INFO  server.RaftServerConfigKeys (ConfUtils.java:logGet(43)) - raft.server.log.queue.element-limit = 1024 (custom)
2019-09-26 21:18:48,465 [pool-27-thread-1] INFO  server.RaftServerConfigKeys (ConfUtils.java:logGet(43)) - raft.server.log.segment.size.max = 1048576 (custom)
2019-09-26 21:18:48,466 [pool-27-thread-1] INFO  server.RaftServerConfigKeys (ConfUtils.java:logGet(43)) - raft.server.log.preallocated.size = 16384 (custom)
2019-09-26 21:18:48,466 [pool-27-thread-1] INFO  server.RaftServerConfigKeys (ConfUtils.java:logGet(43)) - raft.server.log.write.buffer.size = 33554432 (custom)
2019-09-26 21:18:48,466 [pool-27-thread-1] INFO  server.RaftServerConfigKeys (ConfUtils.java:logGet(43)) - raft.server.log.force.sync.num = 128 (default)
2019-09-26 21:18:48,466 [pool-27-thread-1] INFO  server.RaftServerConfigKeys (ConfUtils.java:logGet(43)) - raft.server.log.statemachine.data.sync = true (default)
2019-09-26 21:18:48,466 [pool-27-thread-1] INFO  server.RaftServerConfigKeys (ConfUtils.java:logGet(43)) - raft.server.log.statemachine.data.sync.timeout = 10s (default)
2019-09-26 21:18:48,466 [pool-27-thread-1] INFO  server.RaftServerConfigKeys (ConfUtils.java:logGet(43)) - raft.server.log.statemachine.data.sync.timeout.retry = -1 (default)
2019-09-26 21:18:48,466 [pool-27-thread-1] INFO  server.RaftServerConfigKeys (ConfUtils.java:logGet(43)) - raft.server.log.statemachine.data.caching.enabled = true (custom)
2019-09-26 21:18:48,467 [pool-27-thread-1] INFO  segmented.SegmentedRaftLogWorker (SegmentedRaftLogWorker.java:lambda$new$0(132)) - 9ce0b59e-153f-4f41-8aed-492a76d80b48@group-77990DBFA164-SegmentedRaftLogWorker: flushIndex: setUnconditionally 0 -> -1
2019-09-26 21:18:48,467 [pool-27-thread-1] INFO  server.RaftServerConfigKeys (ConfUtils.java:logGet(43)) - raft.server.snapshot.auto.trigger.enabled = true (custom)
2019-09-26 21:18:48,467 [0c640f50-2bc9-49b6-b785-a27e3116e6ba@group-230FDCF0E80A:LeaderElection12] INFO  impl.RoleInfo (RoleInfo.java:updateAndGet(143)) - 0c640f50-2bc9-49b6-b785-a27e3116e6ba: start LeaderState
2019-09-26 21:18:48,467 [pool-27-thread-1] INFO  server.RaftServerConfigKeys (ConfUtils.java:logGet(43)) - raft.server.snapshot.auto.trigger.threshold = 10000 (custom)
2019-09-26 21:18:48,467 [pool-27-thread-1] INFO  server.RaftServerConfigKeys (ConfUtils.java:logGet(43)) - raft.server.snapshot.retention.num.files = 5 (custom)
2019-09-26 21:18:48,467 [0c640f50-2bc9-49b6-b785-a27e3116e6ba@group-230FDCF0E80A:LeaderElection12] INFO  segmented.SegmentedRaftLogWorker (SegmentedRaftLogWorker.java:startLogSegment(380)) - 0c640f50-2bc9-49b6-b785-a27e3116e6ba@group-230FDCF0E80A-SegmentedRaftLogWorker: Starting segment from index:0
2019-09-26 21:18:48,468 [pool-27-thread-1] INFO  server.RaftServerConfigKeys (ConfUtils.java:logGet(43)) - raft.server.retrycache.expirytime = 600000ms (custom)
2019-09-26 21:18:48,468 [0c640f50-2bc9-49b6-b785-a27e3116e6ba@group-230FDCF0E80A:LeaderElection12] INFO  impl.RaftServerImpl (ServerState.java:setRaftConf(354)) - 0c640f50-2bc9-49b6-b785-a27e3116e6ba@group-230FDCF0E80A: set configuration 0: [0c640f50-2bc9-49b6-b785-a27e3116e6ba:192.168.151.99:42361], old=null at 0
2019-09-26 21:18:48,500 [9ce0b59e-153f-4f41-8aed-492a76d80b48@group-1DD5A2952B44-SegmentedRaftLogWorker] INFO  segmented.SegmentedRaftLogWorker (SegmentedRaftLogWorker.java:execute(569)) - 9ce0b59e-153f-4f41-8aed-492a76d80b48@group-1DD5A2952B44-SegmentedRaftLogWorker: created new log segment /workdir/hadoop-ozone/ozonefs/target/test-dir/MiniOzoneClusterImpl-5b64906c-d720-4906-b30c-b6d56a2122fd/datanode-0/data/ratis/6845e365-2b08-4d98-a0e0-1dd5a2952b44/current/log_inprogress_0
2019-09-26 21:18:48,504 [pool-27-thread-1] INFO  impl.RaftServerImpl (RaftServerImpl.java:start(185)) - 9ce0b59e-153f-4f41-8aed-492a76d80b48@group-77990DBFA164: start as a follower, conf=-1: [9ce0b59e-153f-4f41-8aed-492a76d80b48:192.168.151.99:34156], old=null
2019-09-26 21:18:48,504 [pool-27-thread-1] INFO  impl.RaftServerImpl (RaftServerImpl.java:setRole(174)) - 9ce0b59e-153f-4f41-8aed-492a76d80b48@group-77990DBFA164: changes role from      null to FOLLOWER at term 0 for startAsFollower
2019-09-26 21:18:48,504 [pool-27-thread-1] INFO  impl.RoleInfo (RoleInfo.java:updateAndGet(143)) - 9ce0b59e-153f-4f41-8aed-492a76d80b48: start FollowerState
2019-09-26 21:18:48,505 [pool-27-thread-1] INFO  util.JmxRegister (JmxRegister.java:tryRegister(44)) - Successfully registered JMX Bean with object name Ratis:service=RaftServer,group=group-77990DBFA164,id=9ce0b59e-153f-4f41-8aed-492a76d80b48
2019-09-26 21:18:48,508 [RatisPipelineUtilsThread] INFO  pipeline.PipelineStateManager (PipelineStateManager.java:addPipeline(56)) - Created pipeline Pipeline[ Id: 0b137bc3-208e-4115-b44e-77990dbfa164, Nodes: 9ce0b59e-153f-4f41-8aed-492a76d80b48{ip: 192.168.151.99, host: pr-hdds-1569-g6sp5-2013761785, networkLocation: /default-rack, certSerialId: null}, Type:RATIS, Factor:ONE, State:OPEN]
2019-09-26 21:18:48,513 [0c640f50-2bc9-49b6-b785-a27e3116e6ba@group-230FDCF0E80A-SegmentedRaftLogWorker] INFO  segmented.SegmentedRaftLogWorker (SegmentedRaftLogWorker.java:execute(569)) - 0c640f50-2bc9-49b6-b785-a27e3116e6ba@group-230FDCF0E80A-SegmentedRaftLogWorker: created new log segment /workdir/hadoop-ozone/ozonefs/target/test-dir/MiniOzoneClusterImpl-5b64906c-d720-4906-b30c-b6d56a2122fd/datanode-3/data/ratis/f3d76b6b-2e4e-4729-8905-230fdcf0e80a/current/log_inprogress_0
2019-09-26 21:18:48,513 [grpc-default-executor-1] INFO  impl.RaftServerProxy (RaftServerProxy.java:addNew(89)) - 1178c3ae-d0b4-4d44-b144-fe8504cc41ac: addNew group-2602BE24DDFE:[1178c3ae-d0b4-4d44-b144-fe8504cc41ac:192.168.151.99:33787] returns group-2602BE24DDFE:java.util.concurrent.CompletableFuture@74f8d3eb[Not completed]
2019-09-26 21:18:48,515 [pool-37-thread-1] INFO  impl.RaftServerImpl (RaftServerImpl.java:<init>(95)) - 1178c3ae-d0b4-4d44-b144-fe8504cc41ac: new RaftServerImpl for group-2602BE24DDFE:[1178c3ae-d0b4-4d44-b144-fe8504cc41ac:192.168.151.99:33787] with ContainerStateMachine:uninitialized
2019-09-26 21:18:48,515 [pool-37-thread-1] INFO  server.RaftServerConfigKeys (ConfUtils.java:logGet(43)) - raft.server.rpc.timeout.min = 5s (custom)
2019-09-26 21:18:48,516 [pool-37-thread-1] INFO  server.RaftServerConfigKeys (ConfUtils.java:logGet(43)) - raft.server.rpc.timeout.max = 5200ms (custom)
2019-09-26 21:18:48,516 [pool-37-thread-1] INFO  server.RaftServerConfigKeys (ConfUtils.java:logGet(43)) - raft.server.rpcslowness.timeout = 120s (custom)
2019-09-26 21:18:48,516 [pool-37-thread-1] INFO  server.RaftServerConfigKeys (ConfUtils.java:logGet(43)) - raft.server.sleep.deviation.threshold = 300 (default)
2019-09-26 21:18:48,516 [pool-37-thread-1] INFO  server.RaftServerConfigKeys (ConfUtils.java:logGet(43)) - raft.server.log.appender.install.snapshot.enabled = false (custom)
2019-09-26 21:18:48,516 [pool-37-thread-1] INFO  impl.RaftServerImpl (ServerState.java:<init>(103)) - 1178c3ae-d0b4-4d44-b144-fe8504cc41ac@group-2602BE24DDFE: ConfigurationManager, init=-1: [1178c3ae-d0b4-4d44-b144-fe8504cc41ac:192.168.151.99:33787], old=null, confs=<EMPTY_MAP>
2019-09-26 21:18:48,516 [pool-37-thread-1] INFO  server.RaftServerConfigKeys (ConfUtils.java:logGet(43)) - raft.server.storage.dir = [/workdir/hadoop-ozone/ozonefs/target/test-dir/MiniOzoneClusterImpl-5b64906c-d720-4906-b30c-b6d56a2122fd/datanode-1/data/ratis] (custom)
2019-09-26 21:18:48,517 [pool-37-thread-1] INFO  storage.RaftStorageDirectory (RaftStorageDirectory.java:analyzeStorage(246)) - The storage directory /workdir/hadoop-ozone/ozonefs/target/test-dir/MiniOzoneClusterImpl-5b64906c-d720-4906-b30c-b6d56a2122fd/datanode-1/data/ratis/87c68581-bc28-4464-836d-2602be24ddfe does not exist. Creating ...
2019-09-26 21:18:48,530 [pool-37-thread-1] INFO  storage.RaftStorageDirectory (RaftStorageDirectory.java:tryLock(328)) - Lock on /workdir/hadoop-ozone/ozonefs/target/test-dir/MiniOzoneClusterImpl-5b64906c-d720-4906-b30c-b6d56a2122fd/datanode-1/data/ratis/87c68581-bc28-4464-836d-2602be24ddfe/in_use.lock acquired by nodename 10701@pr-hdds-1569-g6sp5-2013761785
2019-09-26 21:18:48,542 [pool-37-thread-1] INFO  storage.RaftStorage (RaftStorage.java:format(72)) - Storage directory /workdir/hadoop-ozone/ozonefs/target/test-dir/MiniOzoneClusterImpl-5b64906c-d720-4906-b30c-b6d56a2122fd/datanode-1/data/ratis/87c68581-bc28-4464-836d-2602be24ddfe has been successfully formatted.
2019-09-26 21:18:48,543 [pool-37-thread-1] INFO  ratis.ContainerStateMachine (ContainerStateMachine.java:loadSnapshot(230)) - group-2602BE24DDFE: The snapshot info is null. Setting the last applied indexto:(t:0, i:~)
2019-09-26 21:18:48,543 [pool-37-thread-1] INFO  server.RaftServerConfigKeys (ConfUtils.java:logGet(43)) - raft.server.notification.no-leader.timeout = 120s (custom)
2019-09-26 21:18:48,543 [pool-37-thread-1] INFO  server.RaftServerConfigKeys (ConfUtils.java:logGet(43)) - raft.server.log.use.memory = false (default)
2019-09-26 21:18:48,543 [pool-37-thread-1] INFO  server.RaftServerConfigKeys (ConfUtils.java:logGet(43)) - raft.server.log.purge.gap = 1000000 (custom)
2019-09-26 21:18:48,543 [pool-37-thread-1] INFO  server.RaftServerConfigKeys (ConfUtils.java:logGet(43)) - raft.server.log.appender.buffer.byte-limit = 33554432 (custom)
2019-09-26 21:18:48,543 [pool-37-thread-1] INFO  server.RaftServerConfigKeys (ConfUtils.java:logGet(43)) - raft.server.log.segment.size.max = 1048576 (custom)
2019-09-26 21:18:48,543 [pool-37-thread-1] INFO  server.RaftServerConfigKeys (ConfUtils.java:logGet(43)) - raft.server.log.segment.cache.num.max = 2 (custom)
2019-09-26 21:18:48,544 [pool-37-thread-1] INFO  segmented.SegmentedRaftLogWorker (SegmentedRaftLogWorker.java:<init>(172)) - new 1178c3ae-d0b4-4d44-b144-fe8504cc41ac@group-2602BE24DDFE-SegmentedRaftLogWorker for RaftStorage:Storage Directory /workdir/hadoop-ozone/ozonefs/target/test-dir/MiniOzoneClusterImpl-5b64906c-d720-4906-b30c-b6d56a2122fd/datanode-1/data/ratis/87c68581-bc28-4464-836d-2602be24ddfe
2019-09-26 21:18:48,544 [pool-37-thread-1] INFO  server.RaftServerConfigKeys (ConfUtils.java:logGet(43)) - raft.server.log.queue.byte-limit = 2147483647 (custom)
2019-09-26 21:18:48,544 [pool-37-thread-1] INFO  server.RaftServerConfigKeys (ConfUtils.java:logGet(43)) - raft.server.log.queue.element-limit = 1024 (custom)
2019-09-26 21:18:48,544 [pool-37-thread-1] INFO  server.RaftServerConfigKeys (ConfUtils.java:logGet(43)) - raft.server.log.segment.size.max = 1048576 (custom)
2019-09-26 21:18:48,544 [pool-37-thread-1] INFO  server.RaftServerConfigKeys (ConfUtils.java:logGet(43)) - raft.server.log.preallocated.size = 16384 (custom)
2019-09-26 21:18:48,544 [pool-37-thread-1] INFO  server.RaftServerConfigKeys (ConfUtils.java:logGet(43)) - raft.server.log.write.buffer.size = 33554432 (custom)
2019-09-26 21:18:48,544 [pool-37-thread-1] INFO  server.RaftServerConfigKeys (ConfUtils.java:logGet(43)) - raft.server.log.force.sync.num = 128 (default)
2019-09-26 21:18:48,544 [pool-37-thread-1] INFO  server.RaftServerConfigKeys (ConfUtils.java:logGet(43)) - raft.server.log.statemachine.data.sync = true (default)
2019-09-26 21:18:48,544 [pool-37-thread-1] INFO  server.RaftServerConfigKeys (ConfUtils.java:logGet(43)) - raft.server.log.statemachine.data.sync.timeout = 10s (default)
2019-09-26 21:18:48,545 [pool-37-thread-1] INFO  server.RaftServerConfigKeys (ConfUtils.java:logGet(43)) - raft.server.log.statemachine.data.sync.timeout.retry = -1 (default)
2019-09-26 21:18:48,545 [pool-37-thread-1] INFO  server.RaftServerConfigKeys (ConfUtils.java:logGet(43)) - raft.server.log.statemachine.data.caching.enabled = true (custom)
2019-09-26 21:18:48,545 [pool-37-thread-1] INFO  segmented.SegmentedRaftLogWorker (SegmentedRaftLogWorker.java:lambda$new$0(132)) - 1178c3ae-d0b4-4d44-b144-fe8504cc41ac@group-2602BE24DDFE-SegmentedRaftLogWorker: flushIndex: setUnconditionally 0 -> -1
2019-09-26 21:18:48,545 [pool-37-thread-1] INFO  server.RaftServerConfigKeys (ConfUtils.java:logGet(43)) - raft.server.snapshot.auto.trigger.enabled = true (custom)
2019-09-26 21:18:48,546 [pool-37-thread-1] INFO  server.RaftServerConfigKeys (ConfUtils.java:logGet(43)) - raft.server.snapshot.auto.trigger.threshold = 10000 (custom)
2019-09-26 21:18:48,546 [pool-37-thread-1] INFO  server.RaftServerConfigKeys (ConfUtils.java:logGet(43)) - raft.server.snapshot.retention.num.files = 5 (custom)
2019-09-26 21:18:48,546 [pool-37-thread-1] INFO  server.RaftServerConfigKeys (ConfUtils.java:logGet(43)) - raft.server.retrycache.expirytime = 600000ms (custom)
2019-09-26 21:18:48,548 [pool-37-thread-1] INFO  impl.RaftServerImpl (RaftServerImpl.java:start(185)) - 1178c3ae-d0b4-4d44-b144-fe8504cc41ac@group-2602BE24DDFE: start as a follower, conf=-1: [1178c3ae-d0b4-4d44-b144-fe8504cc41ac:192.168.151.99:33787], old=null
2019-09-26 21:18:48,548 [pool-37-thread-1] INFO  impl.RaftServerImpl (RaftServerImpl.java:setRole(174)) - 1178c3ae-d0b4-4d44-b144-fe8504cc41ac@group-2602BE24DDFE: changes role from      null to FOLLOWER at term 0 for startAsFollower
2019-09-26 21:18:48,548 [pool-37-thread-1] INFO  impl.RoleInfo (RoleInfo.java:updateAndGet(143)) - 1178c3ae-d0b4-4d44-b144-fe8504cc41ac: start FollowerState
2019-09-26 21:18:48,548 [pool-37-thread-1] INFO  util.JmxRegister (JmxRegister.java:tryRegister(44)) - Successfully registered JMX Bean with object name Ratis:service=RaftServer,group=group-2602BE24DDFE,id=1178c3ae-d0b4-4d44-b144-fe8504cc41ac
2019-09-26 21:18:48,552 [RatisPipelineUtilsThread] INFO  pipeline.PipelineStateManager (PipelineStateManager.java:addPipeline(56)) - Created pipeline Pipeline[ Id: 87c68581-bc28-4464-836d-2602be24ddfe, Nodes: 1178c3ae-d0b4-4d44-b144-fe8504cc41ac{ip: 192.168.151.99, host: pr-hdds-1569-g6sp5-2013761785, networkLocation: /default-rack, certSerialId: null}, Type:RATIS, Factor:ONE, State:OPEN]
2019-09-26 21:18:48,556 [grpc-default-executor-1] INFO  impl.RaftServerProxy (RaftServerProxy.java:addNew(89)) - 0c640f50-2bc9-49b6-b785-a27e3116e6ba: addNew group-CD486E0DF44D:[0c640f50-2bc9-49b6-b785-a27e3116e6ba:192.168.151.99:42361] returns group-CD486E0DF44D:java.util.concurrent.CompletableFuture@385988c9[Not completed]
2019-09-26 21:18:48,558 [pool-57-thread-1] INFO  impl.RaftServerImpl (RaftServerImpl.java:<init>(95)) - 0c640f50-2bc9-49b6-b785-a27e3116e6ba: new RaftServerImpl for group-CD486E0DF44D:[0c640f50-2bc9-49b6-b785-a27e3116e6ba:192.168.151.99:42361] with ContainerStateMachine:uninitialized
2019-09-26 21:18:48,558 [pool-57-thread-1] INFO  server.RaftServerConfigKeys (ConfUtils.java:logGet(43)) - raft.server.rpc.timeout.min = 5s (custom)
2019-09-26 21:18:48,559 [pool-57-thread-1] INFO  server.RaftServerConfigKeys (ConfUtils.java:logGet(43)) - raft.server.rpc.timeout.max = 5200ms (custom)
2019-09-26 21:18:48,559 [pool-57-thread-1] INFO  server.RaftServerConfigKeys (ConfUtils.java:logGet(43)) - raft.server.rpcslowness.timeout = 120s (custom)
2019-09-26 21:18:48,559 [pool-57-thread-1] INFO  server.RaftServerConfigKeys (ConfUtils.java:logGet(43)) - raft.server.sleep.deviation.threshold = 300 (default)
2019-09-26 21:18:48,559 [pool-57-thread-1] INFO  server.RaftServerConfigKeys (ConfUtils.java:logGet(43)) - raft.server.log.appender.install.snapshot.enabled = false (custom)
2019-09-26 21:18:48,559 [pool-57-thread-1] INFO  impl.RaftServerImpl (ServerState.java:<init>(103)) - 0c640f50-2bc9-49b6-b785-a27e3116e6ba@group-CD486E0DF44D: ConfigurationManager, init=-1: [0c640f50-2bc9-49b6-b785-a27e3116e6ba:192.168.151.99:42361], old=null, confs=<EMPTY_MAP>
2019-09-26 21:18:48,559 [pool-57-thread-1] INFO  server.RaftServerConfigKeys (ConfUtils.java:logGet(43)) - raft.server.storage.dir = [/workdir/hadoop-ozone/ozonefs/target/test-dir/MiniOzoneClusterImpl-5b64906c-d720-4906-b30c-b6d56a2122fd/datanode-3/data/ratis] (custom)
2019-09-26 21:18:48,560 [pool-57-thread-1] INFO  storage.RaftStorageDirectory (RaftStorageDirectory.java:analyzeStorage(246)) - The storage directory /workdir/hadoop-ozone/ozonefs/target/test-dir/MiniOzoneClusterImpl-5b64906c-d720-4906-b30c-b6d56a2122fd/datanode-3/data/ratis/ac403acd-a1b3-4ef9-ad18-cd486e0df44d does not exist. Creating ...
2019-09-26 21:18:48,572 [pool-57-thread-1] INFO  storage.RaftStorageDirectory (RaftStorageDirectory.java:tryLock(328)) - Lock on /workdir/hadoop-ozone/ozonefs/target/test-dir/MiniOzoneClusterImpl-5b64906c-d720-4906-b30c-b6d56a2122fd/datanode-3/data/ratis/ac403acd-a1b3-4ef9-ad18-cd486e0df44d/in_use.lock acquired by nodename 10701@pr-hdds-1569-g6sp5-2013761785
2019-09-26 21:18:48,585 [pool-57-thread-1] INFO  storage.RaftStorage (RaftStorage.java:format(72)) - Storage directory /workdir/hadoop-ozone/ozonefs/target/test-dir/MiniOzoneClusterImpl-5b64906c-d720-4906-b30c-b6d56a2122fd/datanode-3/data/ratis/ac403acd-a1b3-4ef9-ad18-cd486e0df44d has been successfully formatted.
2019-09-26 21:18:48,585 [pool-57-thread-1] INFO  ratis.ContainerStateMachine (ContainerStateMachine.java:loadSnapshot(230)) - group-CD486E0DF44D: The snapshot info is null. Setting the last applied indexto:(t:0, i:~)
2019-09-26 21:18:48,585 [pool-57-thread-1] INFO  server.RaftServerConfigKeys (ConfUtils.java:logGet(43)) - raft.server.notification.no-leader.timeout = 120s (custom)
2019-09-26 21:18:48,586 [pool-57-thread-1] INFO  server.RaftServerConfigKeys (ConfUtils.java:logGet(43)) - raft.server.log.use.memory = false (default)
2019-09-26 21:18:48,586 [pool-57-thread-1] INFO  server.RaftServerConfigKeys (ConfUtils.java:logGet(43)) - raft.server.log.purge.gap = 1000000 (custom)
2019-09-26 21:18:48,586 [pool-57-thread-1] INFO  server.RaftServerConfigKeys (ConfUtils.java:logGet(43)) - raft.server.log.appender.buffer.byte-limit = 33554432 (custom)
2019-09-26 21:18:48,586 [pool-57-thread-1] INFO  server.RaftServerConfigKeys (ConfUtils.java:logGet(43)) - raft.server.log.segment.size.max = 1048576 (custom)
2019-09-26 21:18:48,586 [pool-57-thread-1] INFO  server.RaftServerConfigKeys (ConfUtils.java:logGet(43)) - raft.server.log.segment.cache.num.max = 2 (custom)
2019-09-26 21:18:48,586 [pool-57-thread-1] INFO  segmented.SegmentedRaftLogWorker (SegmentedRaftLogWorker.java:<init>(172)) - new 0c640f50-2bc9-49b6-b785-a27e3116e6ba@group-CD486E0DF44D-SegmentedRaftLogWorker for RaftStorage:Storage Directory /workdir/hadoop-ozone/ozonefs/target/test-dir/MiniOzoneClusterImpl-5b64906c-d720-4906-b30c-b6d56a2122fd/datanode-3/data/ratis/ac403acd-a1b3-4ef9-ad18-cd486e0df44d
2019-09-26 21:18:48,586 [pool-57-thread-1] INFO  server.RaftServerConfigKeys (ConfUtils.java:logGet(43)) - raft.server.log.queue.byte-limit = 2147483647 (custom)
2019-09-26 21:18:48,586 [pool-57-thread-1] INFO  server.RaftServerConfigKeys (ConfUtils.java:logGet(43)) - raft.server.log.queue.element-limit = 1024 (custom)
2019-09-26 21:18:48,587 [pool-57-thread-1] INFO  server.RaftServerConfigKeys (ConfUtils.java:logGet(43)) - raft.server.log.segment.size.max = 1048576 (custom)
2019-09-26 21:18:48,587 [pool-57-thread-1] INFO  server.RaftServerConfigKeys (ConfUtils.java:logGet(43)) - raft.server.log.preallocated.size = 16384 (custom)
2019-09-26 21:18:48,587 [pool-57-thread-1] INFO  server.RaftServerConfigKeys (ConfUtils.java:logGet(43)) - raft.server.log.write.buffer.size = 33554432 (custom)
2019-09-26 21:18:48,587 [pool-57-thread-1] INFO  server.RaftServerConfigKeys (ConfUtils.java:logGet(43)) - raft.server.log.force.sync.num = 128 (default)
2019-09-26 21:18:48,587 [pool-57-thread-1] INFO  server.RaftServerConfigKeys (ConfUtils.java:logGet(43)) - raft.server.log.statemachine.data.sync = true (default)
2019-09-26 21:18:48,587 [pool-57-thread-1] INFO  server.RaftServerConfigKeys (ConfUtils.java:logGet(43)) - raft.server.log.statemachine.data.sync.timeout = 10s (default)
2019-09-26 21:18:48,587 [pool-57-thread-1] INFO  server.RaftServerConfigKeys (ConfUtils.java:logGet(43)) - raft.server.log.statemachine.data.sync.timeout.retry = -1 (default)
2019-09-26 21:18:48,587 [pool-57-thread-1] INFO  server.RaftServerConfigKeys (ConfUtils.java:logGet(43)) - raft.server.log.statemachine.data.caching.enabled = true (custom)
2019-09-26 21:18:48,588 [pool-57-thread-1] INFO  segmented.SegmentedRaftLogWorker (SegmentedRaftLogWorker.java:lambda$new$0(132)) - 0c640f50-2bc9-49b6-b785-a27e3116e6ba@group-CD486E0DF44D-SegmentedRaftLogWorker: flushIndex: setUnconditionally 0 -> -1
2019-09-26 21:18:48,588 [pool-57-thread-1] INFO  server.RaftServerConfigKeys (ConfUtils.java:logGet(43)) - raft.server.snapshot.auto.trigger.enabled = true (custom)
2019-09-26 21:18:48,588 [pool-57-thread-1] INFO  server.RaftServerConfigKeys (ConfUtils.java:logGet(43)) - raft.server.snapshot.auto.trigger.threshold = 10000 (custom)
2019-09-26 21:18:48,588 [pool-57-thread-1] INFO  server.RaftServerConfigKeys (ConfUtils.java:logGet(43)) - raft.server.snapshot.retention.num.files = 5 (custom)
2019-09-26 21:18:48,588 [pool-57-thread-1] INFO  server.RaftServerConfigKeys (ConfUtils.java:logGet(43)) - raft.server.retrycache.expirytime = 600000ms (custom)
2019-09-26 21:18:48,589 [Thread-249] INFO  impl.FollowerState (FollowerState.java:run(106)) - da833d8d-e72a-4068-9560-4daa2d83adc2:group-DF244DBD08ED changes to CANDIDATE, lastRpcTime:5190, electionTimeout:5190ms
2019-09-26 21:18:48,589 [Thread-249] INFO  impl.RoleInfo (RoleInfo.java:shutdownFollowerState(121)) - da833d8d-e72a-4068-9560-4daa2d83adc2: shutdown FollowerState
2019-09-26 21:18:48,590 [Thread-249] INFO  impl.RaftServerImpl (RaftServerImpl.java:setRole(174)) - da833d8d-e72a-4068-9560-4daa2d83adc2@group-DF244DBD08ED: changes role from  FOLLOWER to CANDIDATE at term 0 for changeToCandidate
2019-09-26 21:18:48,590 [Thread-249] INFO  impl.RoleInfo (RoleInfo.java:updateAndGet(143)) - da833d8d-e72a-4068-9560-4daa2d83adc2: start LeaderElection
2019-09-26 21:18:48,595 [pool-57-thread-1] INFO  impl.RaftServerImpl (RaftServerImpl.java:start(185)) - 0c640f50-2bc9-49b6-b785-a27e3116e6ba@group-CD486E0DF44D: start as a follower, conf=-1: [0c640f50-2bc9-49b6-b785-a27e3116e6ba:192.168.151.99:42361], old=null
2019-09-26 21:18:48,596 [pool-57-thread-1] INFO  impl.RaftServerImpl (RaftServerImpl.java:setRole(174)) - 0c640f50-2bc9-49b6-b785-a27e3116e6ba@group-CD486E0DF44D: changes role from      null to FOLLOWER at term 0 for startAsFollower
2019-09-26 21:18:48,596 [pool-57-thread-1] INFO  impl.RoleInfo (RoleInfo.java:updateAndGet(143)) - 0c640f50-2bc9-49b6-b785-a27e3116e6ba: start FollowerState
2019-09-26 21:18:48,596 [pool-57-thread-1] INFO  util.JmxRegister (JmxRegister.java:tryRegister(44)) - Successfully registered JMX Bean with object name Ratis:service=RaftServer,group=group-CD486E0DF44D,id=0c640f50-2bc9-49b6-b785-a27e3116e6ba
2019-09-26 21:18:48,599 [RatisPipelineUtilsThread] INFO  pipeline.PipelineStateManager (PipelineStateManager.java:addPipeline(56)) - Created pipeline Pipeline[ Id: ac403acd-a1b3-4ef9-ad18-cd486e0df44d, Nodes: 0c640f50-2bc9-49b6-b785-a27e3116e6ba{ip: 192.168.151.99, host: pr-hdds-1569-g6sp5-2013761785, networkLocation: /default-rack, certSerialId: null}, Type:RATIS, Factor:ONE, State:OPEN]
2019-09-26 21:18:48,604 [grpc-default-executor-1] INFO  impl.RaftServerProxy (RaftServerProxy.java:addNew(89)) - 09112efe-1fad-4539-a04f-c96aef6d2351: addNew group-B66033F68487:[09112efe-1fad-4539-a04f-c96aef6d2351:192.168.151.99:45286] returns group-B66033F68487:java.util.concurrent.CompletableFuture@621d381b[Not completed]
2019-09-26 21:18:48,606 [pool-47-thread-1] INFO  impl.RaftServerImpl (RaftServerImpl.java:<init>(95)) - 09112efe-1fad-4539-a04f-c96aef6d2351: new RaftServerImpl for group-B66033F68487:[09112efe-1fad-4539-a04f-c96aef6d2351:192.168.151.99:45286] with ContainerStateMachine:uninitialized
2019-09-26 21:18:48,606 [pool-47-thread-1] INFO  server.RaftServerConfigKeys (ConfUtils.java:logGet(43)) - raft.server.rpc.timeout.min = 5s (custom)
2019-09-26 21:18:48,606 [pool-47-thread-1] INFO  server.RaftServerConfigKeys (ConfUtils.java:logGet(43)) - raft.server.rpc.timeout.max = 5200ms (custom)
2019-09-26 21:18:48,606 [pool-47-thread-1] INFO  server.RaftServerConfigKeys (ConfUtils.java:logGet(43)) - raft.server.rpcslowness.timeout = 120s (custom)
2019-09-26 21:18:48,606 [pool-47-thread-1] INFO  server.RaftServerConfigKeys (ConfUtils.java:logGet(43)) - raft.server.sleep.deviation.threshold = 300 (default)
2019-09-26 21:18:48,606 [pool-47-thread-1] INFO  server.RaftServerConfigKeys (ConfUtils.java:logGet(43)) - raft.server.log.appender.install.snapshot.enabled = false (custom)
2019-09-26 21:18:48,607 [pool-47-thread-1] INFO  impl.RaftServerImpl (ServerState.java:<init>(103)) - 09112efe-1fad-4539-a04f-c96aef6d2351@group-B66033F68487: ConfigurationManager, init=-1: [09112efe-1fad-4539-a04f-c96aef6d2351:192.168.151.99:45286], old=null, confs=<EMPTY_MAP>
2019-09-26 21:18:48,607 [pool-47-thread-1] INFO  server.RaftServerConfigKeys (ConfUtils.java:logGet(43)) - raft.server.storage.dir = [/workdir/hadoop-ozone/ozonefs/target/test-dir/MiniOzoneClusterImpl-5b64906c-d720-4906-b30c-b6d56a2122fd/datanode-2/data/ratis] (custom)
2019-09-26 21:18:48,607 [pool-47-thread-1] INFO  storage.RaftStorageDirectory (RaftStorageDirectory.java:analyzeStorage(246)) - The storage directory /workdir/hadoop-ozone/ozonefs/target/test-dir/MiniOzoneClusterImpl-5b64906c-d720-4906-b30c-b6d56a2122fd/datanode-2/data/ratis/4a7b8502-7a9d-49c2-ae8f-b66033f68487 does not exist. Creating ...
2019-09-26 21:18:48,608 [da833d8d-e72a-4068-9560-4daa2d83adc2@group-DF244DBD08ED:LeaderElection13] INFO  impl.LeaderElection (LeaderElection.java:askForVotes(182)) - da833d8d-e72a-4068-9560-4daa2d83adc2@group-DF244DBD08ED:LeaderElection13: begin an election at term 1 for -1: [da833d8d-e72a-4068-9560-4daa2d83adc2:192.168.151.99:38903], old=null
2019-09-26 21:18:48,608 [da833d8d-e72a-4068-9560-4daa2d83adc2@group-DF244DBD08ED:LeaderElection13] INFO  impl.RoleInfo (RoleInfo.java:shutdownLeaderElection(134)) - da833d8d-e72a-4068-9560-4daa2d83adc2: shutdown LeaderElection
2019-09-26 21:18:48,608 [da833d8d-e72a-4068-9560-4daa2d83adc2@group-DF244DBD08ED:LeaderElection13] INFO  impl.RaftServerImpl (RaftServerImpl.java:setRole(174)) - da833d8d-e72a-4068-9560-4daa2d83adc2@group-DF244DBD08ED: changes role from CANDIDATE to LEADER at term 1 for changeToLeader
2019-09-26 21:18:48,608 [da833d8d-e72a-4068-9560-4daa2d83adc2@group-DF244DBD08ED:LeaderElection13] INFO  impl.RaftServerImpl (ServerState.java:setLeader(253)) - da833d8d-e72a-4068-9560-4daa2d83adc2@group-DF244DBD08ED: change Leader from null to da833d8d-e72a-4068-9560-4daa2d83adc2 at term 1 for becomeLeader, leader elected after 5224ms
2019-09-26 21:18:48,608 [da833d8d-e72a-4068-9560-4daa2d83adc2@group-DF244DBD08ED:LeaderElection13] INFO  server.RaftServerConfigKeys (ConfUtils.java:logGet(43)) - raft.server.staging.catchup.gap = 1000 (default)
2019-09-26 21:18:48,608 [da833d8d-e72a-4068-9560-4daa2d83adc2@group-DF244DBD08ED:LeaderElection13] INFO  server.RaftServerConfigKeys (ConfUtils.java:logGet(43)) - raft.server.rpc.sleep.time = 25ms (default)
2019-09-26 21:18:48,609 [da833d8d-e72a-4068-9560-4daa2d83adc2@group-DF244DBD08ED:LeaderElection13] INFO  server.RaftServerConfigKeys (ConfUtils.java:logGet(43)) - raft.server.write.element-limit = 4096 (default)
2019-09-26 21:18:48,609 [da833d8d-e72a-4068-9560-4daa2d83adc2@group-DF244DBD08ED:LeaderElection13] INFO  server.RaftServerConfigKeys (ConfUtils.java:logGet(43)) - raft.server.watch.timeout = 10s (default)
2019-09-26 21:18:48,609 [da833d8d-e72a-4068-9560-4daa2d83adc2@group-DF244DBD08ED:LeaderElection13] INFO  server.RaftServerConfigKeys (ConfUtils.java:logGet(43)) - raft.server.watch.timeout.denomination = 1s (default)
2019-09-26 21:18:48,609 [da833d8d-e72a-4068-9560-4daa2d83adc2@group-DF244DBD08ED:LeaderElection13] INFO  server.RaftServerConfigKeys (ConfUtils.java:logGet(43)) - raft.server.watch.element-limit = 65536 (default)
2019-09-26 21:18:48,610 [pool-47-thread-1] INFO  storage.RaftStorageDirectory (RaftStorageDirectory.java:tryLock(328)) - Lock on /workdir/hadoop-ozone/ozonefs/target/test-dir/MiniOzoneClusterImpl-5b64906c-d720-4906-b30c-b6d56a2122fd/datanode-2/data/ratis/4a7b8502-7a9d-49c2-ae8f-b66033f68487/in_use.lock acquired by nodename 10701@pr-hdds-1569-g6sp5-2013761785
2019-09-26 21:18:48,611 [da833d8d-e72a-4068-9560-4daa2d83adc2@group-DF244DBD08ED:LeaderElection13] INFO  impl.RoleInfo (RoleInfo.java:updateAndGet(143)) - da833d8d-e72a-4068-9560-4daa2d83adc2: start LeaderState
2019-09-26 21:18:48,612 [da833d8d-e72a-4068-9560-4daa2d83adc2@group-DF244DBD08ED:LeaderElection13] INFO  segmented.SegmentedRaftLogWorker (SegmentedRaftLogWorker.java:startLogSegment(380)) - da833d8d-e72a-4068-9560-4daa2d83adc2@group-DF244DBD08ED-SegmentedRaftLogWorker: Starting segment from index:0
2019-09-26 21:18:48,612 [da833d8d-e72a-4068-9560-4daa2d83adc2@group-DF244DBD08ED:LeaderElection13] INFO  impl.RaftServerImpl (ServerState.java:setRaftConf(354)) - da833d8d-e72a-4068-9560-4daa2d83adc2@group-DF244DBD08ED: set configuration 0: [da833d8d-e72a-4068-9560-4daa2d83adc2:192.168.151.99:38903], old=null at 0
2019-09-26 21:18:48,648 [Thread-259] INFO  impl.FollowerState (FollowerState.java:run(106)) - 09112efe-1fad-4539-a04f-c96aef6d2351:group-70492090491A changes to CANDIDATE, lastRpcTime:5049, electionTimeout:5042ms
2019-09-26 21:18:48,648 [pool-47-thread-1] INFO  storage.RaftStorage (RaftStorage.java:format(72)) - Storage directory /workdir/hadoop-ozone/ozonefs/target/test-dir/MiniOzoneClusterImpl-5b64906c-d720-4906-b30c-b6d56a2122fd/datanode-2/data/ratis/4a7b8502-7a9d-49c2-ae8f-b66033f68487 has been successfully formatted.
2019-09-26 21:18:48,648 [Thread-253] INFO  impl.FollowerState (FollowerState.java:run(106)) - 0c640f50-2bc9-49b6-b785-a27e3116e6ba:group-FD551CC17D72 changes to CANDIDATE, lastRpcTime:5184, electionTimeout:5156ms
2019-09-26 21:18:48,648 [Thread-259] INFO  impl.RoleInfo (RoleInfo.java:shutdownFollowerState(121)) - 09112efe-1fad-4539-a04f-c96aef6d2351: shutdown FollowerState
2019-09-26 21:18:48,649 [pool-47-thread-1] INFO  ratis.ContainerStateMachine (ContainerStateMachine.java:loadSnapshot(230)) - group-B66033F68487: The snapshot info is null. Setting the last applied indexto:(t:0, i:~)
2019-09-26 21:18:48,649 [Thread-253] INFO  impl.RoleInfo (RoleInfo.java:shutdownFollowerState(121)) - 0c640f50-2bc9-49b6-b785-a27e3116e6ba: shutdown FollowerState
2019-09-26 21:18:48,649 [pool-47-thread-1] INFO  server.RaftServerConfigKeys (ConfUtils.java:logGet(43)) - raft.server.notification.no-leader.timeout = 120s (custom)
2019-09-26 21:18:48,649 [Thread-259] INFO  impl.RaftServerImpl (RaftServerImpl.java:setRole(174)) - 09112efe-1fad-4539-a04f-c96aef6d2351@group-70492090491A: changes role from  FOLLOWER to CANDIDATE at term 0 for changeToCandidate
2019-09-26 21:18:48,649 [pool-47-thread-1] INFO  server.RaftServerConfigKeys (ConfUtils.java:logGet(43)) - raft.server.log.use.memory = false (default)
2019-09-26 21:18:48,649 [Thread-253] INFO  impl.RaftServerImpl (RaftServerImpl.java:setRole(174)) - 0c640f50-2bc9-49b6-b785-a27e3116e6ba@group-FD551CC17D72: changes role from  FOLLOWER to CANDIDATE at term 0 for changeToCandidate
2019-09-26 21:18:48,650 [pool-47-thread-1] INFO  server.RaftServerConfigKeys (ConfUtils.java:logGet(43)) - raft.server.log.purge.gap = 1000000 (custom)
2019-09-26 21:18:48,650 [Thread-259] INFO  impl.RoleInfo (RoleInfo.java:updateAndGet(143)) - 09112efe-1fad-4539-a04f-c96aef6d2351: start LeaderElection
2019-09-26 21:18:48,650 [pool-47-thread-1] INFO  server.RaftServerConfigKeys (ConfUtils.java:logGet(43)) - raft.server.log.appender.buffer.byte-limit = 33554432 (custom)
2019-09-26 21:18:48,650 [Thread-253] INFO  impl.RoleInfo (RoleInfo.java:updateAndGet(143)) - 0c640f50-2bc9-49b6-b785-a27e3116e6ba: start LeaderElection
2019-09-26 21:18:48,650 [pool-47-thread-1] INFO  server.RaftServerConfigKeys (ConfUtils.java:logGet(43)) - raft.server.log.segment.size.max = 1048576 (custom)
2019-09-26 21:18:48,659 [pool-47-thread-1] INFO  server.RaftServerConfigKeys (ConfUtils.java:logGet(43)) - raft.server.log.segment.cache.num.max = 2 (custom)
2019-09-26 21:18:48,660 [pool-47-thread-1] INFO  segmented.SegmentedRaftLogWorker (SegmentedRaftLogWorker.java:<init>(172)) - new 09112efe-1fad-4539-a04f-c96aef6d2351@group-B66033F68487-SegmentedRaftLogWorker for RaftStorage:Storage Directory /workdir/hadoop-ozone/ozonefs/target/test-dir/MiniOzoneClusterImpl-5b64906c-d720-4906-b30c-b6d56a2122fd/datanode-2/data/ratis/4a7b8502-7a9d-49c2-ae8f-b66033f68487
2019-09-26 21:18:48,660 [pool-47-thread-1] INFO  server.RaftServerConfigKeys (ConfUtils.java:logGet(43)) - raft.server.log.queue.byte-limit = 2147483647 (custom)
2019-09-26 21:18:48,660 [pool-47-thread-1] INFO  server.RaftServerConfigKeys (ConfUtils.java:logGet(43)) - raft.server.log.queue.element-limit = 1024 (custom)
2019-09-26 21:18:48,660 [pool-47-thread-1] INFO  server.RaftServerConfigKeys (ConfUtils.java:logGet(43)) - raft.server.log.segment.size.max = 1048576 (custom)
2019-09-26 21:18:48,660 [pool-47-thread-1] INFO  server.RaftServerConfigKeys (ConfUtils.java:logGet(43)) - raft.server.log.preallocated.size = 16384 (custom)
2019-09-26 21:18:48,660 [pool-47-thread-1] INFO  server.RaftServerConfigKeys (ConfUtils.java:logGet(43)) - raft.server.log.write.buffer.size = 33554432 (custom)
2019-09-26 21:18:48,661 [pool-47-thread-1] INFO  server.RaftServerConfigKeys (ConfUtils.java:logGet(43)) - raft.server.log.force.sync.num = 128 (default)
2019-09-26 21:18:48,661 [pool-47-thread-1] INFO  server.RaftServerConfigKeys (ConfUtils.java:logGet(43)) - raft.server.log.statemachine.data.sync = true (default)
2019-09-26 21:18:48,661 [pool-47-thread-1] INFO  server.RaftServerConfigKeys (ConfUtils.java:logGet(43)) - raft.server.log.statemachine.data.sync.timeout = 10s (default)
2019-09-26 21:18:48,661 [pool-47-thread-1] INFO  server.RaftServerConfigKeys (ConfUtils.java:logGet(43)) - raft.server.log.statemachine.data.sync.timeout.retry = -1 (default)
2019-09-26 21:18:48,661 [pool-47-thread-1] INFO  server.RaftServerConfigKeys (ConfUtils.java:logGet(43)) - raft.server.log.statemachine.data.caching.enabled = true (custom)
2019-09-26 21:18:48,662 [pool-47-thread-1] INFO  segmented.SegmentedRaftLogWorker (SegmentedRaftLogWorker.java:lambda$new$0(132)) - 09112efe-1fad-4539-a04f-c96aef6d2351@group-B66033F68487-SegmentedRaftLogWorker: flushIndex: setUnconditionally 0 -> -1
2019-09-26 21:18:48,662 [pool-47-thread-1] INFO  server.RaftServerConfigKeys (ConfUtils.java:logGet(43)) - raft.server.snapshot.auto.trigger.enabled = true (custom)
2019-09-26 21:18:48,662 [pool-47-thread-1] INFO  server.RaftServerConfigKeys (ConfUtils.java:logGet(43)) - raft.server.snapshot.auto.trigger.threshold = 10000 (custom)
2019-09-26 21:18:48,662 [pool-47-thread-1] INFO  server.RaftServerConfigKeys (ConfUtils.java:logGet(43)) - raft.server.snapshot.retention.num.files = 5 (custom)
2019-09-26 21:18:48,663 [pool-47-thread-1] INFO  server.RaftServerConfigKeys (ConfUtils.java:logGet(43)) - raft.server.retrycache.expirytime = 600000ms (custom)
2019-09-26 21:18:48,665 [pool-47-thread-1] INFO  impl.RaftServerImpl (RaftServerImpl.java:start(185)) - 09112efe-1fad-4539-a04f-c96aef6d2351@group-B66033F68487: start as a follower, conf=-1: [09112efe-1fad-4539-a04f-c96aef6d2351:192.168.151.99:45286], old=null
2019-09-26 21:18:48,665 [pool-47-thread-1] INFO  impl.RaftServerImpl (RaftServerImpl.java:setRole(174)) - 09112efe-1fad-4539-a04f-c96aef6d2351@group-B66033F68487: changes role from      null to FOLLOWER at term 0 for startAsFollower
2019-09-26 21:18:48,666 [pool-47-thread-1] INFO  impl.RoleInfo (RoleInfo.java:updateAndGet(143)) - 09112efe-1fad-4539-a04f-c96aef6d2351: start FollowerState
2019-09-26 21:18:48,666 [pool-47-thread-1] INFO  util.JmxRegister (JmxRegister.java:tryRegister(44)) - Successfully registered JMX Bean with object name Ratis:service=RaftServer,group=group-B66033F68487,id=09112efe-1fad-4539-a04f-c96aef6d2351
2019-09-26 21:18:48,669 [RatisPipelineUtilsThread] INFO  pipeline.PipelineStateManager (PipelineStateManager.java:addPipeline(56)) - Created pipeline Pipeline[ Id: 4a7b8502-7a9d-49c2-ae8f-b66033f68487, Nodes: 09112efe-1fad-4539-a04f-c96aef6d2351{ip: 192.168.151.99, host: pr-hdds-1569-g6sp5-2013761785, networkLocation: /default-rack, certSerialId: null}, Type:RATIS, Factor:ONE, State:OPEN]
2019-09-26 21:18:48,674 [grpc-default-executor-1] INFO  impl.RaftServerProxy (RaftServerProxy.java:addNew(89)) - 9ce0b59e-153f-4f41-8aed-492a76d80b48: addNew group-BB7203E823FB:[9ce0b59e-153f-4f41-8aed-492a76d80b48:192.168.151.99:34156] returns group-BB7203E823FB:java.util.concurrent.CompletableFuture@28ec5d53[Not completed]
2019-09-26 21:18:48,676 [pool-27-thread-1] INFO  impl.RaftServerImpl (RaftServerImpl.java:<init>(95)) - 9ce0b59e-153f-4f41-8aed-492a76d80b48: new RaftServerImpl for group-BB7203E823FB:[9ce0b59e-153f-4f41-8aed-492a76d80b48:192.168.151.99:34156] with ContainerStateMachine:uninitialized
2019-09-26 21:18:48,676 [pool-27-thread-1] INFO  server.RaftServerConfigKeys (ConfUtils.java:logGet(43)) - raft.server.rpc.timeout.min = 5s (custom)
2019-09-26 21:18:48,676 [pool-27-thread-1] INFO  server.RaftServerConfigKeys (ConfUtils.java:logGet(43)) - raft.server.rpc.timeout.max = 5200ms (custom)
2019-09-26 21:18:48,676 [pool-27-thread-1] INFO  server.RaftServerConfigKeys (ConfUtils.java:logGet(43)) - raft.server.rpcslowness.timeout = 120s (custom)
2019-09-26 21:18:48,676 [pool-27-thread-1] INFO  server.RaftServerConfigKeys (ConfUtils.java:logGet(43)) - raft.server.sleep.deviation.threshold = 300 (default)
2019-09-26 21:18:48,676 [pool-27-thread-1] INFO  server.RaftServerConfigKeys (ConfUtils.java:logGet(43)) - raft.server.log.appender.install.snapshot.enabled = false (custom)
2019-09-26 21:18:48,677 [pool-27-thread-1] INFO  impl.RaftServerImpl (ServerState.java:<init>(103)) - 9ce0b59e-153f-4f41-8aed-492a76d80b48@group-BB7203E823FB: ConfigurationManager, init=-1: [9ce0b59e-153f-4f41-8aed-492a76d80b48:192.168.151.99:34156], old=null, confs=<EMPTY_MAP>
2019-09-26 21:18:48,677 [pool-27-thread-1] INFO  server.RaftServerConfigKeys (ConfUtils.java:logGet(43)) - raft.server.storage.dir = [/workdir/hadoop-ozone/ozonefs/target/test-dir/MiniOzoneClusterImpl-5b64906c-d720-4906-b30c-b6d56a2122fd/datanode-0/data/ratis] (custom)
2019-09-26 21:18:48,677 [pool-27-thread-1] INFO  storage.RaftStorageDirectory (RaftStorageDirectory.java:analyzeStorage(246)) - The storage directory /workdir/hadoop-ozone/ozonefs/target/test-dir/MiniOzoneClusterImpl-5b64906c-d720-4906-b30c-b6d56a2122fd/datanode-0/data/ratis/94e24e09-8e38-487d-84da-bb7203e823fb does not exist. Creating ...
2019-09-26 21:18:48,686 [pool-27-thread-1] INFO  storage.RaftStorageDirectory (RaftStorageDirectory.java:tryLock(328)) - Lock on /workdir/hadoop-ozone/ozonefs/target/test-dir/MiniOzoneClusterImpl-5b64906c-d720-4906-b30c-b6d56a2122fd/datanode-0/data/ratis/94e24e09-8e38-487d-84da-bb7203e823fb/in_use.lock acquired by nodename 10701@pr-hdds-1569-g6sp5-2013761785
2019-09-26 21:18:48,686 [09112efe-1fad-4539-a04f-c96aef6d2351@group-70492090491A:LeaderElection14] INFO  impl.LeaderElection (LeaderElection.java:askForVotes(182)) - 09112efe-1fad-4539-a04f-c96aef6d2351@group-70492090491A:LeaderElection14: begin an election at term 1 for -1: [09112efe-1fad-4539-a04f-c96aef6d2351:192.168.151.99:45286], old=null
2019-09-26 21:18:48,686 [da833d8d-e72a-4068-9560-4daa2d83adc2@group-DF244DBD08ED-SegmentedRaftLogWorker] INFO  segmented.SegmentedRaftLogWorker (SegmentedRaftLogWorker.java:execute(569)) - da833d8d-e72a-4068-9560-4daa2d83adc2@group-DF244DBD08ED-SegmentedRaftLogWorker: created new log segment /workdir/hadoop-ozone/ozonefs/target/test-dir/MiniOzoneClusterImpl-5b64906c-d720-4906-b30c-b6d56a2122fd/datanode-4/data/ratis/963d9dc1-5762-4c15-a861-df244dbd08ed/current/log_inprogress_0
2019-09-26 21:18:48,686 [09112efe-1fad-4539-a04f-c96aef6d2351@group-70492090491A:LeaderElection14] INFO  impl.RoleInfo (RoleInfo.java:shutdownLeaderElection(134)) - 09112efe-1fad-4539-a04f-c96aef6d2351: shutdown LeaderElection
2019-09-26 21:18:48,686 [09112efe-1fad-4539-a04f-c96aef6d2351@group-70492090491A:LeaderElection14] INFO  impl.RaftServerImpl (RaftServerImpl.java:setRole(174)) - 09112efe-1fad-4539-a04f-c96aef6d2351@group-70492090491A: changes role from CANDIDATE to LEADER at term 1 for changeToLeader
2019-09-26 21:18:48,686 [0c640f50-2bc9-49b6-b785-a27e3116e6ba@group-FD551CC17D72:LeaderElection15] INFO  impl.LeaderElection (LeaderElection.java:askForVotes(182)) - 0c640f50-2bc9-49b6-b785-a27e3116e6ba@group-FD551CC17D72:LeaderElection15: begin an election at term 1 for -1: [0c640f50-2bc9-49b6-b785-a27e3116e6ba:192.168.151.99:42361], old=null
2019-09-26 21:18:48,686 [09112efe-1fad-4539-a04f-c96aef6d2351@group-70492090491A:LeaderElection14] INFO  impl.RaftServerImpl (ServerState.java:setLeader(253)) - 09112efe-1fad-4539-a04f-c96aef6d2351@group-70492090491A: change Leader from null to 09112efe-1fad-4539-a04f-c96aef6d2351 at term 1 for becomeLeader, leader elected after 5097ms
2019-09-26 21:18:48,687 [0c640f50-2bc9-49b6-b785-a27e3116e6ba@group-FD551CC17D72:LeaderElection15] INFO  impl.RoleInfo (RoleInfo.java:shutdownLeaderElection(134)) - 0c640f50-2bc9-49b6-b785-a27e3116e6ba: shutdown LeaderElection
2019-09-26 21:18:48,687 [09112efe-1fad-4539-a04f-c96aef6d2351@group-70492090491A:LeaderElection14] INFO  server.RaftServerConfigKeys (ConfUtils.java:logGet(43)) - raft.server.staging.catchup.gap = 1000 (default)
2019-09-26 21:18:48,687 [0c640f50-2bc9-49b6-b785-a27e3116e6ba@group-FD551CC17D72:LeaderElection15] INFO  impl.RaftServerImpl (RaftServerImpl.java:setRole(174)) - 0c640f50-2bc9-49b6-b785-a27e3116e6ba@group-FD551CC17D72: changes role from CANDIDATE to LEADER at term 1 for changeToLeader
2019-09-26 21:18:48,687 [09112efe-1fad-4539-a04f-c96aef6d2351@group-70492090491A:LeaderElection14] INFO  server.RaftServerConfigKeys (ConfUtils.java:logGet(43)) - raft.server.rpc.sleep.time = 25ms (default)
2019-09-26 21:18:48,687 [0c640f50-2bc9-49b6-b785-a27e3116e6ba@group-FD551CC17D72:LeaderElection15] INFO  impl.RaftServerImpl (ServerState.java:setLeader(253)) - 0c640f50-2bc9-49b6-b785-a27e3116e6ba@group-FD551CC17D72: change Leader from null to 0c640f50-2bc9-49b6-b785-a27e3116e6ba at term 1 for becomeLeader, leader elected after 5231ms
2019-09-26 21:18:48,687 [09112efe-1fad-4539-a04f-c96aef6d2351@group-70492090491A:LeaderElection14] INFO  server.RaftServerConfigKeys (ConfUtils.java:logGet(43)) - raft.server.write.element-limit = 4096 (default)
2019-09-26 21:18:48,687 [0c640f50-2bc9-49b6-b785-a27e3116e6ba@group-FD551CC17D72:LeaderElection15] INFO  server.RaftServerConfigKeys (ConfUtils.java:logGet(43)) - raft.server.staging.catchup.gap = 1000 (default)
2019-09-26 21:18:48,688 [09112efe-1fad-4539-a04f-c96aef6d2351@group-70492090491A:LeaderElection14] INFO  server.RaftServerConfigKeys (ConfUtils.java:logGet(43)) - raft.server.watch.timeout = 10s (default)
2019-09-26 21:18:48,688 [0c640f50-2bc9-49b6-b785-a27e3116e6ba@group-FD551CC17D72:LeaderElection15] INFO  server.RaftServerConfigKeys (ConfUtils.java:logGet(43)) - raft.server.rpc.sleep.time = 25ms (default)
2019-09-26 21:18:48,688 [09112efe-1fad-4539-a04f-c96aef6d2351@group-70492090491A:LeaderElection14] INFO  server.RaftServerConfigKeys (ConfUtils.java:logGet(43)) - raft.server.watch.timeout.denomination = 1s (default)
2019-09-26 21:18:48,688 [0c640f50-2bc9-49b6-b785-a27e3116e6ba@group-FD551CC17D72:LeaderElection15] INFO  server.RaftServerConfigKeys (ConfUtils.java:logGet(43)) - raft.server.write.element-limit = 4096 (default)
2019-09-26 21:18:48,688 [09112efe-1fad-4539-a04f-c96aef6d2351@group-70492090491A:LeaderElection14] INFO  server.RaftServerConfigKeys (ConfUtils.java:logGet(43)) - raft.server.watch.element-limit = 65536 (default)
2019-09-26 21:18:48,688 [0c640f50-2bc9-49b6-b785-a27e3116e6ba@group-FD551CC17D72:LeaderElection15] INFO  server.RaftServerConfigKeys (ConfUtils.java:logGet(43)) - raft.server.watch.timeout = 10s (default)
2019-09-26 21:18:48,688 [0c640f50-2bc9-49b6-b785-a27e3116e6ba@group-FD551CC17D72:LeaderElection15] INFO  server.RaftServerConfigKeys (ConfUtils.java:logGet(43)) - raft.server.watch.timeout.denomination = 1s (default)
2019-09-26 21:18:48,689 [0c640f50-2bc9-49b6-b785-a27e3116e6ba@group-FD551CC17D72:LeaderElection15] INFO  server.RaftServerConfigKeys (ConfUtils.java:logGet(43)) - raft.server.watch.element-limit = 65536 (default)
2019-09-26 21:18:48,691 [09112efe-1fad-4539-a04f-c96aef6d2351@group-70492090491A:LeaderElection14] INFO  impl.RoleInfo (RoleInfo.java:updateAndGet(143)) - 09112efe-1fad-4539-a04f-c96aef6d2351: start LeaderState
2019-09-26 21:18:48,691 [09112efe-1fad-4539-a04f-c96aef6d2351@group-70492090491A:LeaderElection14] INFO  segmented.SegmentedRaftLogWorker (SegmentedRaftLogWorker.java:startLogSegment(380)) - 09112efe-1fad-4539-a04f-c96aef6d2351@group-70492090491A-SegmentedRaftLogWorker: Starting segment from index:0
2019-09-26 21:18:48,692 [0c640f50-2bc9-49b6-b785-a27e3116e6ba@group-FD551CC17D72:LeaderElection15] INFO  impl.RoleInfo (RoleInfo.java:updateAndGet(143)) - 0c640f50-2bc9-49b6-b785-a27e3116e6ba: start LeaderState
2019-09-26 21:18:48,693 [09112efe-1fad-4539-a04f-c96aef6d2351@group-70492090491A:LeaderElection14] INFO  impl.RaftServerImpl (ServerState.java:setRaftConf(354)) - 09112efe-1fad-4539-a04f-c96aef6d2351@group-70492090491A: set configuration 0: [09112efe-1fad-4539-a04f-c96aef6d2351:192.168.151.99:45286], old=null at 0
2019-09-26 21:18:48,693 [0c640f50-2bc9-49b6-b785-a27e3116e6ba@group-FD551CC17D72:LeaderElection15] INFO  segmented.SegmentedRaftLogWorker (SegmentedRaftLogWorker.java:startLogSegment(380)) - 0c640f50-2bc9-49b6-b785-a27e3116e6ba@group-FD551CC17D72-SegmentedRaftLogWorker: Starting segment from index:0
2019-09-26 21:18:48,732 [pool-27-thread-1] INFO  storage.RaftStorage (RaftStorage.java:format(72)) - Storage directory /workdir/hadoop-ozone/ozonefs/target/test-dir/MiniOzoneClusterImpl-5b64906c-d720-4906-b30c-b6d56a2122fd/datanode-0/data/ratis/94e24e09-8e38-487d-84da-bb7203e823fb has been successfully formatted.
2019-09-26 21:18:48,732 [Thread-256] INFO  impl.FollowerState (FollowerState.java:run(106)) - 1178c3ae-d0b4-4d44-b144-fe8504cc41ac:group-25FA277E2D3D changes to CANDIDATE, lastRpcTime:5194, electionTimeout:5189ms
2019-09-26 21:18:48,732 [0c640f50-2bc9-49b6-b785-a27e3116e6ba@group-FD551CC17D72:LeaderElection15] INFO  impl.RaftServerImpl (ServerState.java:setRaftConf(354)) - 0c640f50-2bc9-49b6-b785-a27e3116e6ba@group-FD551CC17D72: set configuration 0: [0c640f50-2bc9-49b6-b785-a27e3116e6ba:192.168.151.99:42361], old=null at 0
2019-09-26 21:18:48,732 [pool-27-thread-1] INFO  ratis.ContainerStateMachine (ContainerStateMachine.java:loadSnapshot(230)) - group-BB7203E823FB: The snapshot info is null. Setting the last applied indexto:(t:0, i:~)
2019-09-26 21:18:48,732 [Thread-256] INFO  impl.RoleInfo (RoleInfo.java:shutdownFollowerState(121)) - 1178c3ae-d0b4-4d44-b144-fe8504cc41ac: shutdown FollowerState
2019-09-26 21:18:48,735 [pool-27-thread-1] INFO  server.RaftServerConfigKeys (ConfUtils.java:logGet(43)) - raft.server.notification.no-leader.timeout = 120s (custom)
2019-09-26 21:18:48,735 [Thread-256] INFO  impl.RaftServerImpl (RaftServerImpl.java:setRole(174)) - 1178c3ae-d0b4-4d44-b144-fe8504cc41ac@group-25FA277E2D3D: changes role from  FOLLOWER to CANDIDATE at term 0 for changeToCandidate
2019-09-26 21:18:48,735 [pool-27-thread-1] INFO  server.RaftServerConfigKeys (ConfUtils.java:logGet(43)) - raft.server.log.use.memory = false (default)
2019-09-26 21:18:48,736 [Thread-256] INFO  impl.RoleInfo (RoleInfo.java:updateAndGet(143)) - 1178c3ae-d0b4-4d44-b144-fe8504cc41ac: start LeaderElection
2019-09-26 21:18:48,736 [pool-27-thread-1] INFO  server.RaftServerConfigKeys (ConfUtils.java:logGet(43)) - raft.server.log.purge.gap = 1000000 (custom)
2019-09-26 21:18:48,736 [pool-27-thread-1] INFO  server.RaftServerConfigKeys (ConfUtils.java:logGet(43)) - raft.server.log.appender.buffer.byte-limit = 33554432 (custom)
2019-09-26 21:18:48,773 [09112efe-1fad-4539-a04f-c96aef6d2351@group-70492090491A-SegmentedRaftLogWorker] INFO  segmented.SegmentedRaftLogWorker (SegmentedRaftLogWorker.java:execute(569)) - 09112efe-1fad-4539-a04f-c96aef6d2351@group-70492090491A-SegmentedRaftLogWorker: created new log segment /workdir/hadoop-ozone/ozonefs/target/test-dir/MiniOzoneClusterImpl-5b64906c-d720-4906-b30c-b6d56a2122fd/datanode-2/data/ratis/988efc28-a7c5-4f57-a20c-70492090491a/current/log_inprogress_0
2019-09-26 21:18:48,778 [Thread-263] INFO  impl.FollowerState (FollowerState.java:run(106)) - 09112efe-1fad-4539-a04f-c96aef6d2351:group-C6EDAB432D38 changes to CANDIDATE, lastRpcTime:5095, electionTimeout:5057ms
2019-09-26 21:18:48,778 [pool-27-thread-1] INFO  server.RaftServerConfigKeys (ConfUtils.java:logGet(43)) - raft.server.log.segment.size.max = 1048576 (custom)
2019-09-26 21:18:48,778 [Thread-263] INFO  impl.RoleInfo (RoleInfo.java:shutdownFollowerState(121)) - 09112efe-1fad-4539-a04f-c96aef6d2351: shutdown FollowerState
2019-09-26 21:18:48,778 [pool-27-thread-1] INFO  server.RaftServerConfigKeys (ConfUtils.java:logGet(43)) - raft.server.log.segment.cache.num.max = 2 (custom)
2019-09-26 21:18:48,778 [Thread-263] INFO  impl.RaftServerImpl (RaftServerImpl.java:setRole(174)) - 09112efe-1fad-4539-a04f-c96aef6d2351@group-C6EDAB432D38: changes role from  FOLLOWER to CANDIDATE at term 0 for changeToCandidate
2019-09-26 21:18:48,779 [pool-27-thread-1] INFO  segmented.SegmentedRaftLogWorker (SegmentedRaftLogWorker.java:<init>(172)) - new 9ce0b59e-153f-4f41-8aed-492a76d80b48@group-BB7203E823FB-SegmentedRaftLogWorker for RaftStorage:Storage Directory /workdir/hadoop-ozone/ozonefs/target/test-dir/MiniOzoneClusterImpl-5b64906c-d720-4906-b30c-b6d56a2122fd/datanode-0/data/ratis/94e24e09-8e38-487d-84da-bb7203e823fb
2019-09-26 21:18:48,779 [Thread-263] INFO  impl.RoleInfo (RoleInfo.java:updateAndGet(143)) - 09112efe-1fad-4539-a04f-c96aef6d2351: start LeaderElection
2019-09-26 21:18:48,779 [pool-27-thread-1] INFO  server.RaftServerConfigKeys (ConfUtils.java:logGet(43)) - raft.server.log.queue.byte-limit = 2147483647 (custom)
2019-09-26 21:18:48,779 [pool-27-thread-1] INFO  server.RaftServerConfigKeys (ConfUtils.java:logGet(43)) - raft.server.log.queue.element-limit = 1024 (custom)
2019-09-26 21:18:48,785 [pool-27-thread-1] INFO  server.RaftServerConfigKeys (ConfUtils.java:logGet(43)) - raft.server.log.segment.size.max = 1048576 (custom)
2019-09-26 21:18:48,785 [pool-27-thread-1] INFO  server.RaftServerConfigKeys (ConfUtils.java:logGet(43)) - raft.server.log.preallocated.size = 16384 (custom)
2019-09-26 21:18:48,785 [pool-27-thread-1] INFO  server.RaftServerConfigKeys (ConfUtils.java:logGet(43)) - raft.server.log.write.buffer.size = 33554432 (custom)
2019-09-26 21:18:48,785 [pool-27-thread-1] INFO  server.RaftServerConfigKeys (ConfUtils.java:logGet(43)) - raft.server.log.force.sync.num = 128 (default)
2019-09-26 21:18:48,785 [pool-27-thread-1] INFO  server.RaftServerConfigKeys (ConfUtils.java:logGet(43)) - raft.server.log.statemachine.data.sync = true (default)
2019-09-26 21:18:48,785 [pool-27-thread-1] INFO  server.RaftServerConfigKeys (ConfUtils.java:logGet(43)) - raft.server.log.statemachine.data.sync.timeout = 10s (default)
2019-09-26 21:18:48,785 [pool-27-thread-1] INFO  server.RaftServerConfigKeys (ConfUtils.java:logGet(43)) - raft.server.log.statemachine.data.sync.timeout.retry = -1 (default)
2019-09-26 21:18:48,786 [pool-27-thread-1] INFO  server.RaftServerConfigKeys (ConfUtils.java:logGet(43)) - raft.server.log.statemachine.data.caching.enabled = true (custom)
2019-09-26 21:18:48,786 [0c640f50-2bc9-49b6-b785-a27e3116e6ba@group-FD551CC17D72-SegmentedRaftLogWorker] INFO  segmented.SegmentedRaftLogWorker (SegmentedRaftLogWorker.java:execute(569)) - 0c640f50-2bc9-49b6-b785-a27e3116e6ba@group-FD551CC17D72-SegmentedRaftLogWorker: created new log segment /workdir/hadoop-ozone/ozonefs/target/test-dir/MiniOzoneClusterImpl-5b64906c-d720-4906-b30c-b6d56a2122fd/datanode-3/data/ratis/45c21269-2779-41af-8716-fd551cc17d72/current/log_inprogress_0
2019-09-26 21:18:48,786 [1178c3ae-d0b4-4d44-b144-fe8504cc41ac@group-25FA277E2D3D:LeaderElection16] INFO  impl.LeaderElection (LeaderElection.java:askForVotes(182)) - 1178c3ae-d0b4-4d44-b144-fe8504cc41ac@group-25FA277E2D3D:LeaderElection16: begin an election at term 1 for -1: [1178c3ae-d0b4-4d44-b144-fe8504cc41ac:192.168.151.99:33787], old=null
2019-09-26 21:18:48,786 [pool-27-thread-1] INFO  segmented.SegmentedRaftLogWorker (SegmentedRaftLogWorker.java:lambda$new$0(132)) - 9ce0b59e-153f-4f41-8aed-492a76d80b48@group-BB7203E823FB-SegmentedRaftLogWorker: flushIndex: setUnconditionally 0 -> -1
2019-09-26 21:18:48,786 [1178c3ae-d0b4-4d44-b144-fe8504cc41ac@group-25FA277E2D3D:LeaderElection16] INFO  impl.RoleInfo (RoleInfo.java:shutdownLeaderElection(134)) - 1178c3ae-d0b4-4d44-b144-fe8504cc41ac: shutdown LeaderElection
2019-09-26 21:18:48,786 [1178c3ae-d0b4-4d44-b144-fe8504cc41ac@group-25FA277E2D3D:LeaderElection16] INFO  impl.RaftServerImpl (RaftServerImpl.java:setRole(174)) - 1178c3ae-d0b4-4d44-b144-fe8504cc41ac@group-25FA277E2D3D: changes role from CANDIDATE to LEADER at term 1 for changeToLeader
2019-09-26 21:18:48,786 [pool-27-thread-1] INFO  server.RaftServerConfigKeys (ConfUtils.java:logGet(43)) - raft.server.snapshot.auto.trigger.enabled = true (custom)
2019-09-26 21:18:48,786 [1178c3ae-d0b4-4d44-b144-fe8504cc41ac@group-25FA277E2D3D:LeaderElection16] INFO  impl.RaftServerImpl (ServerState.java:setLeader(253)) - 1178c3ae-d0b4-4d44-b144-fe8504cc41ac@group-25FA277E2D3D: change Leader from null to 1178c3ae-d0b4-4d44-b144-fe8504cc41ac at term 1 for becomeLeader, leader elected after 5261ms
2019-09-26 21:18:48,787 [pool-27-thread-1] INFO  server.RaftServerConfigKeys (ConfUtils.java:logGet(43)) - raft.server.snapshot.auto.trigger.threshold = 10000 (custom)
2019-09-26 21:18:48,787 [1178c3ae-d0b4-4d44-b144-fe8504cc41ac@group-25FA277E2D3D:LeaderElection16] INFO  server.RaftServerConfigKeys (ConfUtils.java:logGet(43)) - raft.server.staging.catchup.gap = 1000 (default)
2019-09-26 21:18:48,787 [pool-27-thread-1] INFO  server.RaftServerConfigKeys (ConfUtils.java:logGet(43)) - raft.server.snapshot.retention.num.files = 5 (custom)
2019-09-26 21:18:48,787 [1178c3ae-d0b4-4d44-b144-fe8504cc41ac@group-25FA277E2D3D:LeaderElection16] INFO  server.RaftServerConfigKeys (ConfUtils.java:logGet(43)) - raft.server.rpc.sleep.time = 25ms (default)
2019-09-26 21:18:48,787 [pool-27-thread-1] INFO  server.RaftServerConfigKeys (ConfUtils.java:logGet(43)) - raft.server.retrycache.expirytime = 600000ms (custom)
2019-09-26 21:18:48,787 [1178c3ae-d0b4-4d44-b144-fe8504cc41ac@group-25FA277E2D3D:LeaderElection16] INFO  server.RaftServerConfigKeys (ConfUtils.java:logGet(43)) - raft.server.write.element-limit = 4096 (default)
2019-09-26 21:18:48,788 [1178c3ae-d0b4-4d44-b144-fe8504cc41ac@group-25FA277E2D3D:LeaderElection16] INFO  server.RaftServerConfigKeys (ConfUtils.java:logGet(43)) - raft.server.watch.timeout = 10s (default)
2019-09-26 21:18:48,788 [1178c3ae-d0b4-4d44-b144-fe8504cc41ac@group-25FA277E2D3D:LeaderElection16] INFO  server.RaftServerConfigKeys (ConfUtils.java:logGet(43)) - raft.server.watch.timeout.denomination = 1s (default)
2019-09-26 21:18:48,788 [1178c3ae-d0b4-4d44-b144-fe8504cc41ac@group-25FA277E2D3D:LeaderElection16] INFO  server.RaftServerConfigKeys (ConfUtils.java:logGet(43)) - raft.server.watch.element-limit = 65536 (default)
2019-09-26 21:18:48,789 [09112efe-1fad-4539-a04f-c96aef6d2351@group-C6EDAB432D38:LeaderElection17] INFO  impl.LeaderElection (LeaderElection.java:askForVotes(182)) - 09112efe-1fad-4539-a04f-c96aef6d2351@group-C6EDAB432D38:LeaderElection17: begin an election at term 1 for -1: [09112efe-1fad-4539-a04f-c96aef6d2351:192.168.151.99:45286], old=null
2019-09-26 21:18:48,789 [09112efe-1fad-4539-a04f-c96aef6d2351@group-C6EDAB432D38:LeaderElection17] INFO  impl.RoleInfo (RoleInfo.java:shutdownLeaderElection(134)) - 09112efe-1fad-4539-a04f-c96aef6d2351: shutdown LeaderElection
2019-09-26 21:18:48,789 [09112efe-1fad-4539-a04f-c96aef6d2351@group-C6EDAB432D38:LeaderElection17] INFO  impl.RaftServerImpl (RaftServerImpl.java:setRole(174)) - 09112efe-1fad-4539-a04f-c96aef6d2351@group-C6EDAB432D38: changes role from CANDIDATE to LEADER at term 1 for changeToLeader
2019-09-26 21:18:48,789 [09112efe-1fad-4539-a04f-c96aef6d2351@group-C6EDAB432D38:LeaderElection17] INFO  impl.RaftServerImpl (ServerState.java:setLeader(253)) - 09112efe-1fad-4539-a04f-c96aef6d2351@group-C6EDAB432D38: change Leader from null to 09112efe-1fad-4539-a04f-c96aef6d2351 at term 1 for becomeLeader, leader elected after 5115ms
2019-09-26 21:18:48,789 [09112efe-1fad-4539-a04f-c96aef6d2351@group-C6EDAB432D38:LeaderElection17] INFO  server.RaftServerConfigKeys (ConfUtils.java:logGet(43)) - raft.server.staging.catchup.gap = 1000 (default)
2019-09-26 21:18:48,789 [09112efe-1fad-4539-a04f-c96aef6d2351@group-C6EDAB432D38:LeaderElection17] INFO  server.RaftServerConfigKeys (ConfUtils.java:logGet(43)) - raft.server.rpc.sleep.time = 25ms (default)
2019-09-26 21:18:48,789 [09112efe-1fad-4539-a04f-c96aef6d2351@group-C6EDAB432D38:LeaderElection17] INFO  server.RaftServerConfigKeys (ConfUtils.java:logGet(43)) - raft.server.write.element-limit = 4096 (default)
2019-09-26 21:18:48,790 [09112efe-1fad-4539-a04f-c96aef6d2351@group-C6EDAB432D38:LeaderElection17] INFO  server.RaftServerConfigKeys (ConfUtils.java:logGet(43)) - raft.server.watch.timeout = 10s (default)
2019-09-26 21:18:48,790 [09112efe-1fad-4539-a04f-c96aef6d2351@group-C6EDAB432D38:LeaderElection17] INFO  server.RaftServerConfigKeys (ConfUtils.java:logGet(43)) - raft.server.watch.timeout.denomination = 1s (default)
2019-09-26 21:18:48,790 [09112efe-1fad-4539-a04f-c96aef6d2351@group-C6EDAB432D38:LeaderElection17] INFO  server.RaftServerConfigKeys (ConfUtils.java:logGet(43)) - raft.server.watch.element-limit = 65536 (default)
2019-09-26 21:18:48,790 [pool-27-thread-1] INFO  impl.RaftServerImpl (RaftServerImpl.java:start(185)) - 9ce0b59e-153f-4f41-8aed-492a76d80b48@group-BB7203E823FB: start as a follower, conf=-1: [9ce0b59e-153f-4f41-8aed-492a76d80b48:192.168.151.99:34156], old=null
2019-09-26 21:18:48,790 [pool-27-thread-1] INFO  impl.RaftServerImpl (RaftServerImpl.java:setRole(174)) - 9ce0b59e-153f-4f41-8aed-492a76d80b48@group-BB7203E823FB: changes role from      null to FOLLOWER at term 0 for startAsFollower
2019-09-26 21:18:48,790 [pool-27-thread-1] INFO  impl.RoleInfo (RoleInfo.java:updateAndGet(143)) - 9ce0b59e-153f-4f41-8aed-492a76d80b48: start FollowerState
2019-09-26 21:18:48,790 [1178c3ae-d0b4-4d44-b144-fe8504cc41ac@group-25FA277E2D3D:LeaderElection16] INFO  impl.RoleInfo (RoleInfo.java:updateAndGet(143)) - 1178c3ae-d0b4-4d44-b144-fe8504cc41ac: start LeaderState
2019-09-26 21:18:48,791 [pool-27-thread-1] INFO  util.JmxRegister (JmxRegister.java:tryRegister(44)) - Successfully registered JMX Bean with object name Ratis:service=RaftServer,group=group-BB7203E823FB,id=9ce0b59e-153f-4f41-8aed-492a76d80b48
2019-09-26 21:18:48,791 [1178c3ae-d0b4-4d44-b144-fe8504cc41ac@group-25FA277E2D3D:LeaderElection16] INFO  segmented.SegmentedRaftLogWorker (SegmentedRaftLogWorker.java:startLogSegment(380)) - 1178c3ae-d0b4-4d44-b144-fe8504cc41ac@group-25FA277E2D3D-SegmentedRaftLogWorker: Starting segment from index:0
2019-09-26 21:18:48,791 [1178c3ae-d0b4-4d44-b144-fe8504cc41ac@group-25FA277E2D3D:LeaderElection16] INFO  impl.RaftServerImpl (ServerState.java:setRaftConf(354)) - 1178c3ae-d0b4-4d44-b144-fe8504cc41ac@group-25FA277E2D3D: set configuration 0: [1178c3ae-d0b4-4d44-b144-fe8504cc41ac:192.168.151.99:33787], old=null at 0
2019-09-26 21:18:48,826 [09112efe-1fad-4539-a04f-c96aef6d2351@group-C6EDAB432D38:LeaderElection17] INFO  impl.RoleInfo (RoleInfo.java:updateAndGet(143)) - 09112efe-1fad-4539-a04f-c96aef6d2351: start LeaderState
2019-09-26 21:18:48,827 [09112efe-1fad-4539-a04f-c96aef6d2351@group-C6EDAB432D38:LeaderElection17] INFO  segmented.SegmentedRaftLogWorker (SegmentedRaftLogWorker.java:startLogSegment(380)) - 09112efe-1fad-4539-a04f-c96aef6d2351@group-C6EDAB432D38-SegmentedRaftLogWorker: Starting segment from index:0
2019-09-26 21:18:48,828 [09112efe-1fad-4539-a04f-c96aef6d2351@group-C6EDAB432D38:LeaderElection17] INFO  impl.RaftServerImpl (ServerState.java:setRaftConf(354)) - 09112efe-1fad-4539-a04f-c96aef6d2351@group-C6EDAB432D38: set configuration 0: [09112efe-1fad-4539-a04f-c96aef6d2351:192.168.151.99:45286], old=null at 0
2019-09-26 21:18:48,858 [1178c3ae-d0b4-4d44-b144-fe8504cc41ac@group-25FA277E2D3D-SegmentedRaftLogWorker] INFO  segmented.SegmentedRaftLogWorker (SegmentedRaftLogWorker.java:execute(569)) - 1178c3ae-d0b4-4d44-b144-fe8504cc41ac@group-25FA277E2D3D-SegmentedRaftLogWorker: created new log segment /workdir/hadoop-ozone/ozonefs/target/test-dir/MiniOzoneClusterImpl-5b64906c-d720-4906-b30c-b6d56a2122fd/datanode-1/data/ratis/babb8afe-4577-4018-9e1d-25fa277e2d3d/current/log_inprogress_0
2019-09-26 21:18:48,860 [RatisPipelineUtilsThread] INFO  pipeline.PipelineStateManager (PipelineStateManager.java:addPipeline(56)) - Created pipeline Pipeline[ Id: 94e24e09-8e38-487d-84da-bb7203e823fb, Nodes: 9ce0b59e-153f-4f41-8aed-492a76d80b48{ip: 192.168.151.99, host: pr-hdds-1569-g6sp5-2013761785, networkLocation: /default-rack, certSerialId: null}, Type:RATIS, Factor:ONE, State:OPEN]
2019-09-26 21:18:48,867 [grpc-default-executor-1] INFO  impl.RaftServerProxy (RaftServerProxy.java:addNew(89)) - 0c640f50-2bc9-49b6-b785-a27e3116e6ba: addNew group-8ADE47486BA4:[0c640f50-2bc9-49b6-b785-a27e3116e6ba:192.168.151.99:42361] returns group-8ADE47486BA4:java.util.concurrent.CompletableFuture@359717d1[Not completed]
2019-09-26 21:18:48,868 [pool-57-thread-1] INFO  impl.RaftServerImpl (RaftServerImpl.java:<init>(95)) - 0c640f50-2bc9-49b6-b785-a27e3116e6ba: new RaftServerImpl for group-8ADE47486BA4:[0c640f50-2bc9-49b6-b785-a27e3116e6ba:192.168.151.99:42361] with ContainerStateMachine:uninitialized
2019-09-26 21:18:48,868 [pool-57-thread-1] INFO  server.RaftServerConfigKeys (ConfUtils.java:logGet(43)) - raft.server.rpc.timeout.min = 5s (custom)
2019-09-26 21:18:48,869 [pool-57-thread-1] INFO  server.RaftServerConfigKeys (ConfUtils.java:logGet(43)) - raft.server.rpc.timeout.max = 5200ms (custom)
2019-09-26 21:18:48,869 [pool-57-thread-1] INFO  server.RaftServerConfigKeys (ConfUtils.java:logGet(43)) - raft.server.rpcslowness.timeout = 120s (custom)
2019-09-26 21:18:48,869 [pool-57-thread-1] INFO  server.RaftServerConfigKeys (ConfUtils.java:logGet(43)) - raft.server.sleep.deviation.threshold = 300 (default)
2019-09-26 21:18:48,869 [pool-57-thread-1] INFO  server.RaftServerConfigKeys (ConfUtils.java:logGet(43)) - raft.server.log.appender.install.snapshot.enabled = false (custom)
2019-09-26 21:18:48,869 [pool-57-thread-1] INFO  impl.RaftServerImpl (ServerState.java:<init>(103)) - 0c640f50-2bc9-49b6-b785-a27e3116e6ba@group-8ADE47486BA4: ConfigurationManager, init=-1: [0c640f50-2bc9-49b6-b785-a27e3116e6ba:192.168.151.99:42361], old=null, confs=<EMPTY_MAP>
2019-09-26 21:18:48,869 [pool-57-thread-1] INFO  server.RaftServerConfigKeys (ConfUtils.java:logGet(43)) - raft.server.storage.dir = [/workdir/hadoop-ozone/ozonefs/target/test-dir/MiniOzoneClusterImpl-5b64906c-d720-4906-b30c-b6d56a2122fd/datanode-3/data/ratis] (custom)
2019-09-26 21:18:48,870 [pool-57-thread-1] INFO  storage.RaftStorageDirectory (RaftStorageDirectory.java:analyzeStorage(246)) - The storage directory /workdir/hadoop-ozone/ozonefs/target/test-dir/MiniOzoneClusterImpl-5b64906c-d720-4906-b30c-b6d56a2122fd/datanode-3/data/ratis/5f349509-2439-4cfd-ac63-8ade47486ba4 does not exist. Creating ...
2019-09-26 21:18:48,871 [09112efe-1fad-4539-a04f-c96aef6d2351@group-C6EDAB432D38-SegmentedRaftLogWorker] INFO  segmented.SegmentedRaftLogWorker (SegmentedRaftLogWorker.java:execute(569)) - 09112efe-1fad-4539-a04f-c96aef6d2351@group-C6EDAB432D38-SegmentedRaftLogWorker: created new log segment /workdir/hadoop-ozone/ozonefs/target/test-dir/MiniOzoneClusterImpl-5b64906c-d720-4906-b30c-b6d56a2122fd/datanode-2/data/ratis/30dc6b28-3806-43a5-828c-c6edab432d38/current/log_inprogress_0
2019-09-26 21:18:48,873 [pool-57-thread-1] INFO  storage.RaftStorageDirectory (RaftStorageDirectory.java:tryLock(328)) - Lock on /workdir/hadoop-ozone/ozonefs/target/test-dir/MiniOzoneClusterImpl-5b64906c-d720-4906-b30c-b6d56a2122fd/datanode-3/data/ratis/5f349509-2439-4cfd-ac63-8ade47486ba4/in_use.lock acquired by nodename 10701@pr-hdds-1569-g6sp5-2013761785
2019-09-26 21:18:48,887 [pool-57-thread-1] INFO  storage.RaftStorage (RaftStorage.java:format(72)) - Storage directory /workdir/hadoop-ozone/ozonefs/target/test-dir/MiniOzoneClusterImpl-5b64906c-d720-4906-b30c-b6d56a2122fd/datanode-3/data/ratis/5f349509-2439-4cfd-ac63-8ade47486ba4 has been successfully formatted.
2019-09-26 21:18:48,887 [pool-57-thread-1] INFO  ratis.ContainerStateMachine (ContainerStateMachine.java:loadSnapshot(230)) - group-8ADE47486BA4: The snapshot info is null. Setting the last applied indexto:(t:0, i:~)
2019-09-26 21:18:48,887 [pool-57-thread-1] INFO  server.RaftServerConfigKeys (ConfUtils.java:logGet(43)) - raft.server.notification.no-leader.timeout = 120s (custom)
2019-09-26 21:18:48,887 [pool-57-thread-1] INFO  server.RaftServerConfigKeys (ConfUtils.java:logGet(43)) - raft.server.log.use.memory = false (default)
2019-09-26 21:18:48,888 [pool-57-thread-1] INFO  server.RaftServerConfigKeys (ConfUtils.java:logGet(43)) - raft.server.log.purge.gap = 1000000 (custom)
2019-09-26 21:18:48,888 [pool-57-thread-1] INFO  server.RaftServerConfigKeys (ConfUtils.java:logGet(43)) - raft.server.log.appender.buffer.byte-limit = 33554432 (custom)
2019-09-26 21:18:48,888 [pool-57-thread-1] INFO  server.RaftServerConfigKeys (ConfUtils.java:logGet(43)) - raft.server.log.segment.size.max = 1048576 (custom)
2019-09-26 21:18:48,888 [pool-57-thread-1] INFO  server.RaftServerConfigKeys (ConfUtils.java:logGet(43)) - raft.server.log.segment.cache.num.max = 2 (custom)
2019-09-26 21:18:48,888 [pool-57-thread-1] INFO  segmented.SegmentedRaftLogWorker (SegmentedRaftLogWorker.java:<init>(172)) - new 0c640f50-2bc9-49b6-b785-a27e3116e6ba@group-8ADE47486BA4-SegmentedRaftLogWorker for RaftStorage:Storage Directory /workdir/hadoop-ozone/ozonefs/target/test-dir/MiniOzoneClusterImpl-5b64906c-d720-4906-b30c-b6d56a2122fd/datanode-3/data/ratis/5f349509-2439-4cfd-ac63-8ade47486ba4
2019-09-26 21:18:48,888 [pool-57-thread-1] INFO  server.RaftServerConfigKeys (ConfUtils.java:logGet(43)) - raft.server.log.queue.byte-limit = 2147483647 (custom)
2019-09-26 21:18:48,888 [pool-57-thread-1] INFO  server.RaftServerConfigKeys (ConfUtils.java:logGet(43)) - raft.server.log.queue.element-limit = 1024 (custom)
2019-09-26 21:18:48,889 [pool-57-thread-1] INFO  server.RaftServerConfigKeys (ConfUtils.java:logGet(43)) - raft.server.log.segment.size.max = 1048576 (custom)
2019-09-26 21:18:48,889 [pool-57-thread-1] INFO  server.RaftServerConfigKeys (ConfUtils.java:logGet(43)) - raft.server.log.preallocated.size = 16384 (custom)
2019-09-26 21:18:48,889 [pool-57-thread-1] INFO  server.RaftServerConfigKeys (ConfUtils.java:logGet(43)) - raft.server.log.write.buffer.size = 33554432 (custom)
2019-09-26 21:18:48,889 [pool-57-thread-1] INFO  server.RaftServerConfigKeys (ConfUtils.java:logGet(43)) - raft.server.log.force.sync.num = 128 (default)
2019-09-26 21:18:48,889 [pool-57-thread-1] INFO  server.RaftServerConfigKeys (ConfUtils.java:logGet(43)) - raft.server.log.statemachine.data.sync = true (default)
2019-09-26 21:18:48,889 [pool-57-thread-1] INFO  server.RaftServerConfigKeys (ConfUtils.java:logGet(43)) - raft.server.log.statemachine.data.sync.timeout = 10s (default)
2019-09-26 21:18:48,889 [pool-57-thread-1] INFO  server.RaftServerConfigKeys (ConfUtils.java:logGet(43)) - raft.server.log.statemachine.data.sync.timeout.retry = -1 (default)
2019-09-26 21:18:48,890 [pool-57-thread-1] INFO  server.RaftServerConfigKeys (ConfUtils.java:logGet(43)) - raft.server.log.statemachine.data.caching.enabled = true (custom)
2019-09-26 21:18:48,890 [pool-57-thread-1] INFO  segmented.SegmentedRaftLogWorker (SegmentedRaftLogWorker.java:lambda$new$0(132)) - 0c640f50-2bc9-49b6-b785-a27e3116e6ba@group-8ADE47486BA4-SegmentedRaftLogWorker: flushIndex: setUnconditionally 0 -> -1
2019-09-26 21:18:48,890 [pool-57-thread-1] INFO  server.RaftServerConfigKeys (ConfUtils.java:logGet(43)) - raft.server.snapshot.auto.trigger.enabled = true (custom)
2019-09-26 21:18:48,890 [pool-57-thread-1] INFO  server.RaftServerConfigKeys (ConfUtils.java:logGet(43)) - raft.server.snapshot.auto.trigger.threshold = 10000 (custom)
2019-09-26 21:18:48,891 [pool-57-thread-1] INFO  server.RaftServerConfigKeys (ConfUtils.java:logGet(43)) - raft.server.snapshot.retention.num.files = 5 (custom)
2019-09-26 21:18:48,891 [pool-57-thread-1] INFO  server.RaftServerConfigKeys (ConfUtils.java:logGet(43)) - raft.server.retrycache.expirytime = 600000ms (custom)
2019-09-26 21:18:48,893 [pool-57-thread-1] INFO  impl.RaftServerImpl (RaftServerImpl.java:start(185)) - 0c640f50-2bc9-49b6-b785-a27e3116e6ba@group-8ADE47486BA4: start as a follower, conf=-1: [0c640f50-2bc9-49b6-b785-a27e3116e6ba:192.168.151.99:42361], old=null
2019-09-26 21:18:48,893 [pool-57-thread-1] INFO  impl.RaftServerImpl (RaftServerImpl.java:setRole(174)) - 0c640f50-2bc9-49b6-b785-a27e3116e6ba@group-8ADE47486BA4: changes role from      null to FOLLOWER at term 0 for startAsFollower
2019-09-26 21:18:48,893 [pool-57-thread-1] INFO  impl.RoleInfo (RoleInfo.java:updateAndGet(143)) - 0c640f50-2bc9-49b6-b785-a27e3116e6ba: start FollowerState
2019-09-26 21:18:48,894 [pool-57-thread-1] INFO  util.JmxRegister (JmxRegister.java:tryRegister(44)) - Successfully registered JMX Bean with object name Ratis:service=RaftServer,group=group-8ADE47486BA4,id=0c640f50-2bc9-49b6-b785-a27e3116e6ba
2019-09-26 21:18:48,897 [RatisPipelineUtilsThread] INFO  pipeline.PipelineStateManager (PipelineStateManager.java:addPipeline(56)) - Created pipeline Pipeline[ Id: 5f349509-2439-4cfd-ac63-8ade47486ba4, Nodes: 0c640f50-2bc9-49b6-b785-a27e3116e6ba{ip: 192.168.151.99, host: pr-hdds-1569-g6sp5-2013761785, networkLocation: /default-rack, certSerialId: null}, Type:RATIS, Factor:ONE, State:OPEN]
2019-09-26 21:18:48,902 [grpc-default-executor-1] INFO  impl.RaftServerProxy (RaftServerProxy.java:addNew(89)) - 0c640f50-2bc9-49b6-b785-a27e3116e6ba: addNew group-6AB8C2908DBE:[0c640f50-2bc9-49b6-b785-a27e3116e6ba:192.168.151.99:42361] returns group-6AB8C2908DBE:java.util.concurrent.CompletableFuture@1ff24851[Not completed]
2019-09-26 21:18:48,903 [pool-57-thread-1] INFO  impl.RaftServerImpl (RaftServerImpl.java:<init>(95)) - 0c640f50-2bc9-49b6-b785-a27e3116e6ba: new RaftServerImpl for group-6AB8C2908DBE:[0c640f50-2bc9-49b6-b785-a27e3116e6ba:192.168.151.99:42361] with ContainerStateMachine:uninitialized
2019-09-26 21:18:48,903 [pool-57-thread-1] INFO  server.RaftServerConfigKeys (ConfUtils.java:logGet(43)) - raft.server.rpc.timeout.min = 5s (custom)
2019-09-26 21:18:48,904 [pool-57-thread-1] INFO  server.RaftServerConfigKeys (ConfUtils.java:logGet(43)) - raft.server.rpc.timeout.max = 5200ms (custom)
2019-09-26 21:18:48,904 [pool-57-thread-1] INFO  server.RaftServerConfigKeys (ConfUtils.java:logGet(43)) - raft.server.rpcslowness.timeout = 120s (custom)
2019-09-26 21:18:48,904 [pool-57-thread-1] INFO  server.RaftServerConfigKeys (ConfUtils.java:logGet(43)) - raft.server.sleep.deviation.threshold = 300 (default)
2019-09-26 21:18:48,904 [pool-57-thread-1] INFO  server.RaftServerConfigKeys (ConfUtils.java:logGet(43)) - raft.server.log.appender.install.snapshot.enabled = false (custom)
2019-09-26 21:18:48,904 [pool-57-thread-1] INFO  impl.RaftServerImpl (ServerState.java:<init>(103)) - 0c640f50-2bc9-49b6-b785-a27e3116e6ba@group-6AB8C2908DBE: ConfigurationManager, init=-1: [0c640f50-2bc9-49b6-b785-a27e3116e6ba:192.168.151.99:42361], old=null, confs=<EMPTY_MAP>
2019-09-26 21:18:48,904 [pool-57-thread-1] INFO  server.RaftServerConfigKeys (ConfUtils.java:logGet(43)) - raft.server.storage.dir = [/workdir/hadoop-ozone/ozonefs/target/test-dir/MiniOzoneClusterImpl-5b64906c-d720-4906-b30c-b6d56a2122fd/datanode-3/data/ratis] (custom)
2019-09-26 21:18:48,905 [pool-57-thread-1] INFO  storage.RaftStorageDirectory (RaftStorageDirectory.java:analyzeStorage(246)) - The storage directory /workdir/hadoop-ozone/ozonefs/target/test-dir/MiniOzoneClusterImpl-5b64906c-d720-4906-b30c-b6d56a2122fd/datanode-3/data/ratis/a4904f75-2809-473d-b5e6-6ab8c2908dbe does not exist. Creating ...
2019-09-26 21:18:48,908 [pool-57-thread-1] INFO  storage.RaftStorageDirectory (RaftStorageDirectory.java:tryLock(328)) - Lock on /workdir/hadoop-ozone/ozonefs/target/test-dir/MiniOzoneClusterImpl-5b64906c-d720-4906-b30c-b6d56a2122fd/datanode-3/data/ratis/a4904f75-2809-473d-b5e6-6ab8c2908dbe/in_use.lock acquired by nodename 10701@pr-hdds-1569-g6sp5-2013761785
2019-09-26 21:18:48,927 [pool-57-thread-1] INFO  storage.RaftStorage (RaftStorage.java:format(72)) - Storage directory /workdir/hadoop-ozone/ozonefs/target/test-dir/MiniOzoneClusterImpl-5b64906c-d720-4906-b30c-b6d56a2122fd/datanode-3/data/ratis/a4904f75-2809-473d-b5e6-6ab8c2908dbe has been successfully formatted.
2019-09-26 21:18:48,928 [pool-57-thread-1] INFO  ratis.ContainerStateMachine (ContainerStateMachine.java:loadSnapshot(230)) - group-6AB8C2908DBE: The snapshot info is null. Setting the last applied indexto:(t:0, i:~)
2019-09-26 21:18:48,928 [pool-57-thread-1] INFO  server.RaftServerConfigKeys (ConfUtils.java:logGet(43)) - raft.server.notification.no-leader.timeout = 120s (custom)
2019-09-26 21:18:48,928 [pool-57-thread-1] INFO  server.RaftServerConfigKeys (ConfUtils.java:logGet(43)) - raft.server.log.use.memory = false (default)
2019-09-26 21:18:48,928 [pool-57-thread-1] INFO  server.RaftServerConfigKeys (ConfUtils.java:logGet(43)) - raft.server.log.purge.gap = 1000000 (custom)
2019-09-26 21:18:48,928 [pool-57-thread-1] INFO  server.RaftServerConfigKeys (ConfUtils.java:logGet(43)) - raft.server.log.appender.buffer.byte-limit = 33554432 (custom)
2019-09-26 21:18:48,928 [pool-57-thread-1] INFO  server.RaftServerConfigKeys (ConfUtils.java:logGet(43)) - raft.server.log.segment.size.max = 1048576 (custom)
2019-09-26 21:18:48,929 [pool-57-thread-1] INFO  server.RaftServerConfigKeys (ConfUtils.java:logGet(43)) - raft.server.log.segment.cache.num.max = 2 (custom)
2019-09-26 21:18:48,929 [pool-57-thread-1] INFO  segmented.SegmentedRaftLogWorker (SegmentedRaftLogWorker.java:<init>(172)) - new 0c640f50-2bc9-49b6-b785-a27e3116e6ba@group-6AB8C2908DBE-SegmentedRaftLogWorker for RaftStorage:Storage Directory /workdir/hadoop-ozone/ozonefs/target/test-dir/MiniOzoneClusterImpl-5b64906c-d720-4906-b30c-b6d56a2122fd/datanode-3/data/ratis/a4904f75-2809-473d-b5e6-6ab8c2908dbe
2019-09-26 21:18:48,929 [pool-57-thread-1] INFO  server.RaftServerConfigKeys (ConfUtils.java:logGet(43)) - raft.server.log.queue.byte-limit = 2147483647 (custom)
2019-09-26 21:18:48,929 [pool-57-thread-1] INFO  server.RaftServerConfigKeys (ConfUtils.java:logGet(43)) - raft.server.log.queue.element-limit = 1024 (custom)
2019-09-26 21:18:48,929 [pool-57-thread-1] INFO  server.RaftServerConfigKeys (ConfUtils.java:logGet(43)) - raft.server.log.segment.size.max = 1048576 (custom)
2019-09-26 21:18:48,929 [pool-57-thread-1] INFO  server.RaftServerConfigKeys (ConfUtils.java:logGet(43)) - raft.server.log.preallocated.size = 16384 (custom)
2019-09-26 21:18:48,929 [pool-57-thread-1] INFO  server.RaftServerConfigKeys (ConfUtils.java:logGet(43)) - raft.server.log.write.buffer.size = 33554432 (custom)
2019-09-26 21:18:48,930 [pool-57-thread-1] INFO  server.RaftServerConfigKeys (ConfUtils.java:logGet(43)) - raft.server.log.force.sync.num = 128 (default)
2019-09-26 21:18:48,930 [pool-57-thread-1] INFO  server.RaftServerConfigKeys (ConfUtils.java:logGet(43)) - raft.server.log.statemachine.data.sync = true (default)
2019-09-26 21:18:48,930 [pool-57-thread-1] INFO  server.RaftServerConfigKeys (ConfUtils.java:logGet(43)) - raft.server.log.statemachine.data.sync.timeout = 10s (default)
2019-09-26 21:18:48,930 [pool-57-thread-1] INFO  server.RaftServerConfigKeys (ConfUtils.java:logGet(43)) - raft.server.log.statemachine.data.sync.timeout.retry = -1 (default)
2019-09-26 21:18:48,930 [pool-57-thread-1] INFO  server.RaftServerConfigKeys (ConfUtils.java:logGet(43)) - raft.server.log.statemachine.data.caching.enabled = true (custom)
2019-09-26 21:18:48,930 [pool-57-thread-1] INFO  segmented.SegmentedRaftLogWorker (SegmentedRaftLogWorker.java:lambda$new$0(132)) - 0c640f50-2bc9-49b6-b785-a27e3116e6ba@group-6AB8C2908DBE-SegmentedRaftLogWorker: flushIndex: setUnconditionally 0 -> -1
2019-09-26 21:18:48,931 [pool-57-thread-1] INFO  server.RaftServerConfigKeys (ConfUtils.java:logGet(43)) - raft.server.snapshot.auto.trigger.enabled = true (custom)
2019-09-26 21:18:48,931 [pool-57-thread-1] INFO  server.RaftServerConfigKeys (ConfUtils.java:logGet(43)) - raft.server.snapshot.auto.trigger.threshold = 10000 (custom)
2019-09-26 21:18:48,931 [pool-57-thread-1] INFO  server.RaftServerConfigKeys (ConfUtils.java:logGet(43)) - raft.server.snapshot.retention.num.files = 5 (custom)
2019-09-26 21:18:48,931 [pool-57-thread-1] INFO  server.RaftServerConfigKeys (ConfUtils.java:logGet(43)) - raft.server.retrycache.expirytime = 600000ms (custom)
2019-09-26 21:18:48,933 [pool-57-thread-1] INFO  impl.RaftServerImpl (RaftServerImpl.java:start(185)) - 0c640f50-2bc9-49b6-b785-a27e3116e6ba@group-6AB8C2908DBE: start as a follower, conf=-1: [0c640f50-2bc9-49b6-b785-a27e3116e6ba:192.168.151.99:42361], old=null
2019-09-26 21:18:48,933 [pool-57-thread-1] INFO  impl.RaftServerImpl (RaftServerImpl.java:setRole(174)) - 0c640f50-2bc9-49b6-b785-a27e3116e6ba@group-6AB8C2908DBE: changes role from      null to FOLLOWER at term 0 for startAsFollower
2019-09-26 21:18:48,933 [pool-57-thread-1] INFO  impl.RoleInfo (RoleInfo.java:updateAndGet(143)) - 0c640f50-2bc9-49b6-b785-a27e3116e6ba: start FollowerState
2019-09-26 21:18:48,934 [pool-57-thread-1] INFO  util.JmxRegister (JmxRegister.java:tryRegister(44)) - Successfully registered JMX Bean with object name Ratis:service=RaftServer,group=group-6AB8C2908DBE,id=0c640f50-2bc9-49b6-b785-a27e3116e6ba
2019-09-26 21:18:48,937 [RatisPipelineUtilsThread] INFO  pipeline.PipelineStateManager (PipelineStateManager.java:addPipeline(56)) - Created pipeline Pipeline[ Id: a4904f75-2809-473d-b5e6-6ab8c2908dbe, Nodes: 0c640f50-2bc9-49b6-b785-a27e3116e6ba{ip: 192.168.151.99, host: pr-hdds-1569-g6sp5-2013761785, networkLocation: /default-rack, certSerialId: null}, Type:RATIS, Factor:ONE, State:OPEN]
2019-09-26 21:18:48,942 [grpc-default-executor-1] INFO  impl.RaftServerProxy (RaftServerProxy.java:addNew(89)) - 9ce0b59e-153f-4f41-8aed-492a76d80b48: addNew group-CB9EA65D9F76:[9ce0b59e-153f-4f41-8aed-492a76d80b48:192.168.151.99:34156] returns group-CB9EA65D9F76:java.util.concurrent.CompletableFuture@254feba3[Not completed]
2019-09-26 21:18:48,943 [pool-27-thread-1] INFO  impl.RaftServerImpl (RaftServerImpl.java:<init>(95)) - 9ce0b59e-153f-4f41-8aed-492a76d80b48: new RaftServerImpl for group-CB9EA65D9F76:[9ce0b59e-153f-4f41-8aed-492a76d80b48:192.168.151.99:34156] with ContainerStateMachine:uninitialized
2019-09-26 21:18:48,944 [pool-27-thread-1] INFO  server.RaftServerConfigKeys (ConfUtils.java:logGet(43)) - raft.server.rpc.timeout.min = 5s (custom)
2019-09-26 21:18:48,944 [pool-27-thread-1] INFO  server.RaftServerConfigKeys (ConfUtils.java:logGet(43)) - raft.server.rpc.timeout.max = 5200ms (custom)
2019-09-26 21:18:48,944 [pool-27-thread-1] INFO  server.RaftServerConfigKeys (ConfUtils.java:logGet(43)) - raft.server.rpcslowness.timeout = 120s (custom)
2019-09-26 21:18:48,944 [pool-27-thread-1] INFO  server.RaftServerConfigKeys (ConfUtils.java:logGet(43)) - raft.server.sleep.deviation.threshold = 300 (default)
2019-09-26 21:18:48,944 [pool-27-thread-1] INFO  server.RaftServerConfigKeys (ConfUtils.java:logGet(43)) - raft.server.log.appender.install.snapshot.enabled = false (custom)
2019-09-26 21:18:48,944 [pool-27-thread-1] INFO  impl.RaftServerImpl (ServerState.java:<init>(103)) - 9ce0b59e-153f-4f41-8aed-492a76d80b48@group-CB9EA65D9F76: ConfigurationManager, init=-1: [9ce0b59e-153f-4f41-8aed-492a76d80b48:192.168.151.99:34156], old=null, confs=<EMPTY_MAP>
2019-09-26 21:18:48,945 [pool-27-thread-1] INFO  server.RaftServerConfigKeys (ConfUtils.java:logGet(43)) - raft.server.storage.dir = [/workdir/hadoop-ozone/ozonefs/target/test-dir/MiniOzoneClusterImpl-5b64906c-d720-4906-b30c-b6d56a2122fd/datanode-0/data/ratis] (custom)
2019-09-26 21:18:48,945 [pool-27-thread-1] INFO  storage.RaftStorageDirectory (RaftStorageDirectory.java:analyzeStorage(246)) - The storage directory /workdir/hadoop-ozone/ozonefs/target/test-dir/MiniOzoneClusterImpl-5b64906c-d720-4906-b30c-b6d56a2122fd/datanode-0/data/ratis/39369cb8-5662-4f09-934b-cb9ea65d9f76 does not exist. Creating ...
2019-09-26 21:18:48,970 [pool-27-thread-1] INFO  storage.RaftStorageDirectory (RaftStorageDirectory.java:tryLock(328)) - Lock on /workdir/hadoop-ozone/ozonefs/target/test-dir/MiniOzoneClusterImpl-5b64906c-d720-4906-b30c-b6d56a2122fd/datanode-0/data/ratis/39369cb8-5662-4f09-934b-cb9ea65d9f76/in_use.lock acquired by nodename 10701@pr-hdds-1569-g6sp5-2013761785
2019-09-26 21:18:48,983 [pool-27-thread-1] INFO  storage.RaftStorage (RaftStorage.java:format(72)) - Storage directory /workdir/hadoop-ozone/ozonefs/target/test-dir/MiniOzoneClusterImpl-5b64906c-d720-4906-b30c-b6d56a2122fd/datanode-0/data/ratis/39369cb8-5662-4f09-934b-cb9ea65d9f76 has been successfully formatted.
2019-09-26 21:18:48,984 [pool-27-thread-1] INFO  ratis.ContainerStateMachine (ContainerStateMachine.java:loadSnapshot(230)) - group-CB9EA65D9F76: The snapshot info is null. Setting the last applied indexto:(t:0, i:~)
2019-09-26 21:18:48,984 [pool-27-thread-1] INFO  server.RaftServerConfigKeys (ConfUtils.java:logGet(43)) - raft.server.notification.no-leader.timeout = 120s (custom)
2019-09-26 21:18:48,984 [pool-27-thread-1] INFO  server.RaftServerConfigKeys (ConfUtils.java:logGet(43)) - raft.server.log.use.memory = false (default)
2019-09-26 21:18:48,984 [pool-27-thread-1] INFO  server.RaftServerConfigKeys (ConfUtils.java:logGet(43)) - raft.server.log.purge.gap = 1000000 (custom)
2019-09-26 21:18:48,984 [pool-27-thread-1] INFO  server.RaftServerConfigKeys (ConfUtils.java:logGet(43)) - raft.server.log.appender.buffer.byte-limit = 33554432 (custom)
2019-09-26 21:18:48,984 [pool-27-thread-1] INFO  server.RaftServerConfigKeys (ConfUtils.java:logGet(43)) - raft.server.log.segment.size.max = 1048576 (custom)
2019-09-26 21:18:48,985 [pool-27-thread-1] INFO  server.RaftServerConfigKeys (ConfUtils.java:logGet(43)) - raft.server.log.segment.cache.num.max = 2 (custom)
2019-09-26 21:18:48,985 [pool-27-thread-1] INFO  segmented.SegmentedRaftLogWorker (SegmentedRaftLogWorker.java:<init>(172)) - new 9ce0b59e-153f-4f41-8aed-492a76d80b48@group-CB9EA65D9F76-SegmentedRaftLogWorker for RaftStorage:Storage Directory /workdir/hadoop-ozone/ozonefs/target/test-dir/MiniOzoneClusterImpl-5b64906c-d720-4906-b30c-b6d56a2122fd/datanode-0/data/ratis/39369cb8-5662-4f09-934b-cb9ea65d9f76
2019-09-26 21:18:48,985 [pool-27-thread-1] INFO  server.RaftServerConfigKeys (ConfUtils.java:logGet(43)) - raft.server.log.queue.byte-limit = 2147483647 (custom)
2019-09-26 21:18:48,985 [pool-27-thread-1] INFO  server.RaftServerConfigKeys (ConfUtils.java:logGet(43)) - raft.server.log.queue.element-limit = 1024 (custom)
2019-09-26 21:18:48,985 [pool-27-thread-1] INFO  server.RaftServerConfigKeys (ConfUtils.java:logGet(43)) - raft.server.log.segment.size.max = 1048576 (custom)
2019-09-26 21:18:48,985 [pool-27-thread-1] INFO  server.RaftServerConfigKeys (ConfUtils.java:logGet(43)) - raft.server.log.preallocated.size = 16384 (custom)
2019-09-26 21:18:48,985 [pool-27-thread-1] INFO  server.RaftServerConfigKeys (ConfUtils.java:logGet(43)) - raft.server.log.write.buffer.size = 33554432 (custom)
2019-09-26 21:18:48,985 [pool-27-thread-1] INFO  server.RaftServerConfigKeys (ConfUtils.java:logGet(43)) - raft.server.log.force.sync.num = 128 (default)
2019-09-26 21:18:48,985 [pool-27-thread-1] INFO  server.RaftServerConfigKeys (ConfUtils.java:logGet(43)) - raft.server.log.statemachine.data.sync = true (default)
2019-09-26 21:18:48,986 [pool-27-thread-1] INFO  server.RaftServerConfigKeys (ConfUtils.java:logGet(43)) - raft.server.log.statemachine.data.sync.timeout = 10s (default)
2019-09-26 21:18:48,986 [pool-27-thread-1] INFO  server.RaftServerConfigKeys (ConfUtils.java:logGet(43)) - raft.server.log.statemachine.data.sync.timeout.retry = -1 (default)
2019-09-26 21:18:48,986 [pool-27-thread-1] INFO  server.RaftServerConfigKeys (ConfUtils.java:logGet(43)) - raft.server.log.statemachine.data.caching.enabled = true (custom)
2019-09-26 21:18:48,986 [pool-27-thread-1] INFO  segmented.SegmentedRaftLogWorker (SegmentedRaftLogWorker.java:lambda$new$0(132)) - 9ce0b59e-153f-4f41-8aed-492a76d80b48@group-CB9EA65D9F76-SegmentedRaftLogWorker: flushIndex: setUnconditionally 0 -> -1
2019-09-26 21:18:48,987 [pool-27-thread-1] INFO  server.RaftServerConfigKeys (ConfUtils.java:logGet(43)) - raft.server.snapshot.auto.trigger.enabled = true (custom)
2019-09-26 21:18:48,987 [pool-27-thread-1] INFO  server.RaftServerConfigKeys (ConfUtils.java:logGet(43)) - raft.server.snapshot.auto.trigger.threshold = 10000 (custom)
2019-09-26 21:18:48,987 [pool-27-thread-1] INFO  server.RaftServerConfigKeys (ConfUtils.java:logGet(43)) - raft.server.snapshot.retention.num.files = 5 (custom)
2019-09-26 21:18:48,987 [pool-27-thread-1] INFO  server.RaftServerConfigKeys (ConfUtils.java:logGet(43)) - raft.server.retrycache.expirytime = 600000ms (custom)
2019-09-26 21:18:48,989 [pool-27-thread-1] INFO  impl.RaftServerImpl (RaftServerImpl.java:start(185)) - 9ce0b59e-153f-4f41-8aed-492a76d80b48@group-CB9EA65D9F76: start as a follower, conf=-1: [9ce0b59e-153f-4f41-8aed-492a76d80b48:192.168.151.99:34156], old=null
2019-09-26 21:18:48,989 [pool-27-thread-1] INFO  impl.RaftServerImpl (RaftServerImpl.java:setRole(174)) - 9ce0b59e-153f-4f41-8aed-492a76d80b48@group-CB9EA65D9F76: changes role from      null to FOLLOWER at term 0 for startAsFollower
2019-09-26 21:18:48,989 [pool-27-thread-1] INFO  impl.RoleInfo (RoleInfo.java:updateAndGet(143)) - 9ce0b59e-153f-4f41-8aed-492a76d80b48: start FollowerState
2019-09-26 21:18:48,990 [pool-27-thread-1] INFO  util.JmxRegister (JmxRegister.java:tryRegister(44)) - Successfully registered JMX Bean with object name Ratis:service=RaftServer,group=group-CB9EA65D9F76,id=9ce0b59e-153f-4f41-8aed-492a76d80b48
2019-09-26 21:18:48,993 [RatisPipelineUtilsThread] INFO  pipeline.PipelineStateManager (PipelineStateManager.java:addPipeline(56)) - Created pipeline Pipeline[ Id: 39369cb8-5662-4f09-934b-cb9ea65d9f76, Nodes: 9ce0b59e-153f-4f41-8aed-492a76d80b48{ip: 192.168.151.99, host: pr-hdds-1569-g6sp5-2013761785, networkLocation: /default-rack, certSerialId: null}, Type:RATIS, Factor:ONE, State:OPEN]
2019-09-26 21:18:48,998 [grpc-default-executor-1] INFO  impl.RaftServerProxy (RaftServerProxy.java:addNew(89)) - 9ce0b59e-153f-4f41-8aed-492a76d80b48: addNew group-7E5D61430C6E:[9ce0b59e-153f-4f41-8aed-492a76d80b48:192.168.151.99:34156] returns group-7E5D61430C6E:java.util.concurrent.CompletableFuture@9663be1[Not completed]
2019-09-26 21:18:49,000 [pool-27-thread-1] INFO  impl.RaftServerImpl (RaftServerImpl.java:<init>(95)) - 9ce0b59e-153f-4f41-8aed-492a76d80b48: new RaftServerImpl for group-7E5D61430C6E:[9ce0b59e-153f-4f41-8aed-492a76d80b48:192.168.151.99:34156] with ContainerStateMachine:uninitialized
2019-09-26 21:18:49,001 [pool-27-thread-1] INFO  server.RaftServerConfigKeys (ConfUtils.java:logGet(43)) - raft.server.rpc.timeout.min = 5s (custom)
2019-09-26 21:18:49,001 [pool-27-thread-1] INFO  server.RaftServerConfigKeys (ConfUtils.java:logGet(43)) - raft.server.rpc.timeout.max = 5200ms (custom)
2019-09-26 21:18:49,001 [pool-27-thread-1] INFO  server.RaftServerConfigKeys (ConfUtils.java:logGet(43)) - raft.server.rpcslowness.timeout = 120s (custom)
2019-09-26 21:18:49,001 [pool-27-thread-1] INFO  server.RaftServerConfigKeys (ConfUtils.java:logGet(43)) - raft.server.sleep.deviation.threshold = 300 (default)
2019-09-26 21:18:49,001 [pool-27-thread-1] INFO  server.RaftServerConfigKeys (ConfUtils.java:logGet(43)) - raft.server.log.appender.install.snapshot.enabled = false (custom)
2019-09-26 21:18:49,001 [pool-27-thread-1] INFO  impl.RaftServerImpl (ServerState.java:<init>(103)) - 9ce0b59e-153f-4f41-8aed-492a76d80b48@group-7E5D61430C6E: ConfigurationManager, init=-1: [9ce0b59e-153f-4f41-8aed-492a76d80b48:192.168.151.99:34156], old=null, confs=<EMPTY_MAP>
2019-09-26 21:18:49,001 [pool-27-thread-1] INFO  server.RaftServerConfigKeys (ConfUtils.java:logGet(43)) - raft.server.storage.dir = [/workdir/hadoop-ozone/ozonefs/target/test-dir/MiniOzoneClusterImpl-5b64906c-d720-4906-b30c-b6d56a2122fd/datanode-0/data/ratis] (custom)
2019-09-26 21:18:49,002 [pool-27-thread-1] INFO  storage.RaftStorageDirectory (RaftStorageDirectory.java:analyzeStorage(246)) - The storage directory /workdir/hadoop-ozone/ozonefs/target/test-dir/MiniOzoneClusterImpl-5b64906c-d720-4906-b30c-b6d56a2122fd/datanode-0/data/ratis/933ea1a5-7cee-42ac-ac50-7e5d61430c6e does not exist. Creating ...
2019-09-26 21:18:49,014 [pool-27-thread-1] INFO  storage.RaftStorageDirectory (RaftStorageDirectory.java:tryLock(328)) - Lock on /workdir/hadoop-ozone/ozonefs/target/test-dir/MiniOzoneClusterImpl-5b64906c-d720-4906-b30c-b6d56a2122fd/datanode-0/data/ratis/933ea1a5-7cee-42ac-ac50-7e5d61430c6e/in_use.lock acquired by nodename 10701@pr-hdds-1569-g6sp5-2013761785
2019-09-26 21:18:49,027 [pool-27-thread-1] INFO  storage.RaftStorage (RaftStorage.java:format(72)) - Storage directory /workdir/hadoop-ozone/ozonefs/target/test-dir/MiniOzoneClusterImpl-5b64906c-d720-4906-b30c-b6d56a2122fd/datanode-0/data/ratis/933ea1a5-7cee-42ac-ac50-7e5d61430c6e has been successfully formatted.
2019-09-26 21:18:49,027 [pool-27-thread-1] INFO  ratis.ContainerStateMachine (ContainerStateMachine.java:loadSnapshot(230)) - group-7E5D61430C6E: The snapshot info is null. Setting the last applied indexto:(t:0, i:~)
2019-09-26 21:18:49,027 [pool-27-thread-1] INFO  server.RaftServerConfigKeys (ConfUtils.java:logGet(43)) - raft.server.notification.no-leader.timeout = 120s (custom)
2019-09-26 21:18:49,027 [pool-27-thread-1] INFO  server.RaftServerConfigKeys (ConfUtils.java:logGet(43)) - raft.server.log.use.memory = false (default)
2019-09-26 21:18:49,027 [pool-27-thread-1] INFO  server.RaftServerConfigKeys (ConfUtils.java:logGet(43)) - raft.server.log.purge.gap = 1000000 (custom)
2019-09-26 21:18:49,028 [pool-27-thread-1] INFO  server.RaftServerConfigKeys (ConfUtils.java:logGet(43)) - raft.server.log.appender.buffer.byte-limit = 33554432 (custom)
2019-09-26 21:18:49,028 [pool-27-thread-1] INFO  server.RaftServerConfigKeys (ConfUtils.java:logGet(43)) - raft.server.log.segment.size.max = 1048576 (custom)
2019-09-26 21:18:49,028 [pool-27-thread-1] INFO  server.RaftServerConfigKeys (ConfUtils.java:logGet(43)) - raft.server.log.segment.cache.num.max = 2 (custom)
2019-09-26 21:18:49,028 [pool-27-thread-1] INFO  segmented.SegmentedRaftLogWorker (SegmentedRaftLogWorker.java:<init>(172)) - new 9ce0b59e-153f-4f41-8aed-492a76d80b48@group-7E5D61430C6E-SegmentedRaftLogWorker for RaftStorage:Storage Directory /workdir/hadoop-ozone/ozonefs/target/test-dir/MiniOzoneClusterImpl-5b64906c-d720-4906-b30c-b6d56a2122fd/datanode-0/data/ratis/933ea1a5-7cee-42ac-ac50-7e5d61430c6e
2019-09-26 21:18:49,028 [pool-27-thread-1] INFO  server.RaftServerConfigKeys (ConfUtils.java:logGet(43)) - raft.server.log.queue.byte-limit = 2147483647 (custom)
2019-09-26 21:18:49,028 [pool-27-thread-1] INFO  server.RaftServerConfigKeys (ConfUtils.java:logGet(43)) - raft.server.log.queue.element-limit = 1024 (custom)
2019-09-26 21:18:49,028 [pool-27-thread-1] INFO  server.RaftServerConfigKeys (ConfUtils.java:logGet(43)) - raft.server.log.segment.size.max = 1048576 (custom)
2019-09-26 21:18:49,028 [pool-27-thread-1] INFO  server.RaftServerConfigKeys (ConfUtils.java:logGet(43)) - raft.server.log.preallocated.size = 16384 (custom)
2019-09-26 21:18:49,029 [pool-27-thread-1] INFO  server.RaftServerConfigKeys (ConfUtils.java:logGet(43)) - raft.server.log.write.buffer.size = 33554432 (custom)
2019-09-26 21:18:49,029 [pool-27-thread-1] INFO  server.RaftServerConfigKeys (ConfUtils.java:logGet(43)) - raft.server.log.force.sync.num = 128 (default)
2019-09-26 21:18:49,029 [pool-27-thread-1] INFO  server.RaftServerConfigKeys (ConfUtils.java:logGet(43)) - raft.server.log.statemachine.data.sync = true (default)
2019-09-26 21:18:49,029 [pool-27-thread-1] INFO  server.RaftServerConfigKeys (ConfUtils.java:logGet(43)) - raft.server.log.statemachine.data.sync.timeout = 10s (default)
2019-09-26 21:18:49,029 [pool-27-thread-1] INFO  server.RaftServerConfigKeys (ConfUtils.java:logGet(43)) - raft.server.log.statemachine.data.sync.timeout.retry = -1 (default)
2019-09-26 21:18:49,029 [pool-27-thread-1] INFO  server.RaftServerConfigKeys (ConfUtils.java:logGet(43)) - raft.server.log.statemachine.data.caching.enabled = true (custom)
2019-09-26 21:18:49,029 [pool-27-thread-1] INFO  segmented.SegmentedRaftLogWorker (SegmentedRaftLogWorker.java:lambda$new$0(132)) - 9ce0b59e-153f-4f41-8aed-492a76d80b48@group-7E5D61430C6E-SegmentedRaftLogWorker: flushIndex: setUnconditionally 0 -> -1
2019-09-26 21:18:49,030 [pool-27-thread-1] INFO  server.RaftServerConfigKeys (ConfUtils.java:logGet(43)) - raft.server.snapshot.auto.trigger.enabled = true (custom)
2019-09-26 21:18:49,030 [pool-27-thread-1] INFO  server.RaftServerConfigKeys (ConfUtils.java:logGet(43)) - raft.server.snapshot.auto.trigger.threshold = 10000 (custom)
2019-09-26 21:18:49,030 [pool-27-thread-1] INFO  server.RaftServerConfigKeys (ConfUtils.java:logGet(43)) - raft.server.snapshot.retention.num.files = 5 (custom)
2019-09-26 21:18:49,030 [pool-27-thread-1] INFO  server.RaftServerConfigKeys (ConfUtils.java:logGet(43)) - raft.server.retrycache.expirytime = 600000ms (custom)
2019-09-26 21:18:49,032 [pool-27-thread-1] INFO  impl.RaftServerImpl (RaftServerImpl.java:start(185)) - 9ce0b59e-153f-4f41-8aed-492a76d80b48@group-7E5D61430C6E: start as a follower, conf=-1: [9ce0b59e-153f-4f41-8aed-492a76d80b48:192.168.151.99:34156], old=null
2019-09-26 21:18:49,032 [pool-27-thread-1] INFO  impl.RaftServerImpl (RaftServerImpl.java:setRole(174)) - 9ce0b59e-153f-4f41-8aed-492a76d80b48@group-7E5D61430C6E: changes role from      null to FOLLOWER at term 0 for startAsFollower
2019-09-26 21:18:49,032 [pool-27-thread-1] INFO  impl.RoleInfo (RoleInfo.java:updateAndGet(143)) - 9ce0b59e-153f-4f41-8aed-492a76d80b48: start FollowerState
2019-09-26 21:18:49,032 [pool-27-thread-1] INFO  util.JmxRegister (JmxRegister.java:tryRegister(44)) - Successfully registered JMX Bean with object name Ratis:service=RaftServer,group=group-7E5D61430C6E,id=9ce0b59e-153f-4f41-8aed-492a76d80b48
2019-09-26 21:18:49,038 [RatisPipelineUtilsThread] INFO  pipeline.PipelineStateManager (PipelineStateManager.java:addPipeline(56)) - Created pipeline Pipeline[ Id: 933ea1a5-7cee-42ac-ac50-7e5d61430c6e, Nodes: 9ce0b59e-153f-4f41-8aed-492a76d80b48{ip: 192.168.151.99, host: pr-hdds-1569-g6sp5-2013761785, networkLocation: /default-rack, certSerialId: null}, Type:RATIS, Factor:ONE, State:OPEN]
2019-09-26 21:18:49,045 [grpc-default-executor-1] INFO  impl.RaftServerProxy (RaftServerProxy.java:addNew(89)) - 9ce0b59e-153f-4f41-8aed-492a76d80b48: addNew group-514A1FBBA56A:[9ce0b59e-153f-4f41-8aed-492a76d80b48:192.168.151.99:34156] returns group-514A1FBBA56A:java.util.concurrent.CompletableFuture@2170a042[Not completed]
2019-09-26 21:18:49,047 [pool-27-thread-1] INFO  impl.RaftServerImpl (RaftServerImpl.java:<init>(95)) - 9ce0b59e-153f-4f41-8aed-492a76d80b48: new RaftServerImpl for group-514A1FBBA56A:[9ce0b59e-153f-4f41-8aed-492a76d80b48:192.168.151.99:34156] with ContainerStateMachine:uninitialized
2019-09-26 21:18:49,047 [pool-27-thread-1] INFO  server.RaftServerConfigKeys (ConfUtils.java:logGet(43)) - raft.server.rpc.timeout.min = 5s (custom)
2019-09-26 21:18:49,047 [pool-27-thread-1] INFO  server.RaftServerConfigKeys (ConfUtils.java:logGet(43)) - raft.server.rpc.timeout.max = 5200ms (custom)
2019-09-26 21:18:49,047 [pool-27-thread-1] INFO  server.RaftServerConfigKeys (ConfUtils.java:logGet(43)) - raft.server.rpcslowness.timeout = 120s (custom)
2019-09-26 21:18:49,047 [pool-27-thread-1] INFO  server.RaftServerConfigKeys (ConfUtils.java:logGet(43)) - raft.server.sleep.deviation.threshold = 300 (default)
2019-09-26 21:18:49,047 [pool-27-thread-1] INFO  server.RaftServerConfigKeys (ConfUtils.java:logGet(43)) - raft.server.log.appender.install.snapshot.enabled = false (custom)
2019-09-26 21:18:49,047 [pool-27-thread-1] INFO  impl.RaftServerImpl (ServerState.java:<init>(103)) - 9ce0b59e-153f-4f41-8aed-492a76d80b48@group-514A1FBBA56A: ConfigurationManager, init=-1: [9ce0b59e-153f-4f41-8aed-492a76d80b48:192.168.151.99:34156], old=null, confs=<EMPTY_MAP>
2019-09-26 21:18:49,047 [pool-27-thread-1] INFO  server.RaftServerConfigKeys (ConfUtils.java:logGet(43)) - raft.server.storage.dir = [/workdir/hadoop-ozone/ozonefs/target/test-dir/MiniOzoneClusterImpl-5b64906c-d720-4906-b30c-b6d56a2122fd/datanode-0/data/ratis] (custom)
2019-09-26 21:18:49,048 [pool-27-thread-1] INFO  storage.RaftStorageDirectory (RaftStorageDirectory.java:analyzeStorage(246)) - The storage directory /workdir/hadoop-ozone/ozonefs/target/test-dir/MiniOzoneClusterImpl-5b64906c-d720-4906-b30c-b6d56a2122fd/datanode-0/data/ratis/ff4a777f-b513-4d06-aba0-514a1fbba56a does not exist. Creating ...
2019-09-26 21:18:49,060 [pool-27-thread-1] INFO  storage.RaftStorageDirectory (RaftStorageDirectory.java:tryLock(328)) - Lock on /workdir/hadoop-ozone/ozonefs/target/test-dir/MiniOzoneClusterImpl-5b64906c-d720-4906-b30c-b6d56a2122fd/datanode-0/data/ratis/ff4a777f-b513-4d06-aba0-514a1fbba56a/in_use.lock acquired by nodename 10701@pr-hdds-1569-g6sp5-2013761785
2019-09-26 21:18:49,076 [pool-27-thread-1] INFO  storage.RaftStorage (RaftStorage.java:format(72)) - Storage directory /workdir/hadoop-ozone/ozonefs/target/test-dir/MiniOzoneClusterImpl-5b64906c-d720-4906-b30c-b6d56a2122fd/datanode-0/data/ratis/ff4a777f-b513-4d06-aba0-514a1fbba56a has been successfully formatted.
2019-09-26 21:18:49,078 [pool-27-thread-1] INFO  ratis.ContainerStateMachine (ContainerStateMachine.java:loadSnapshot(230)) - group-514A1FBBA56A: The snapshot info is null. Setting the last applied indexto:(t:0, i:~)
2019-09-26 21:18:49,078 [pool-27-thread-1] INFO  server.RaftServerConfigKeys (ConfUtils.java:logGet(43)) - raft.server.notification.no-leader.timeout = 120s (custom)
2019-09-26 21:18:49,078 [pool-27-thread-1] INFO  server.RaftServerConfigKeys (ConfUtils.java:logGet(43)) - raft.server.log.use.memory = false (default)
2019-09-26 21:18:49,078 [pool-27-thread-1] INFO  server.RaftServerConfigKeys (ConfUtils.java:logGet(43)) - raft.server.log.purge.gap = 1000000 (custom)
2019-09-26 21:18:49,078 [pool-27-thread-1] INFO  server.RaftServerConfigKeys (ConfUtils.java:logGet(43)) - raft.server.log.appender.buffer.byte-limit = 33554432 (custom)
2019-09-26 21:18:49,079 [pool-27-thread-1] INFO  server.RaftServerConfigKeys (ConfUtils.java:logGet(43)) - raft.server.log.segment.size.max = 1048576 (custom)
2019-09-26 21:18:49,079 [pool-27-thread-1] INFO  server.RaftServerConfigKeys (ConfUtils.java:logGet(43)) - raft.server.log.segment.cache.num.max = 2 (custom)
2019-09-26 21:18:49,079 [pool-27-thread-1] INFO  segmented.SegmentedRaftLogWorker (SegmentedRaftLogWorker.java:<init>(172)) - new 9ce0b59e-153f-4f41-8aed-492a76d80b48@group-514A1FBBA56A-SegmentedRaftLogWorker for RaftStorage:Storage Directory /workdir/hadoop-ozone/ozonefs/target/test-dir/MiniOzoneClusterImpl-5b64906c-d720-4906-b30c-b6d56a2122fd/datanode-0/data/ratis/ff4a777f-b513-4d06-aba0-514a1fbba56a
2019-09-26 21:18:49,079 [pool-27-thread-1] INFO  server.RaftServerConfigKeys (ConfUtils.java:logGet(43)) - raft.server.log.queue.byte-limit = 2147483647 (custom)
2019-09-26 21:18:49,079 [pool-27-thread-1] INFO  server.RaftServerConfigKeys (ConfUtils.java:logGet(43)) - raft.server.log.queue.element-limit = 1024 (custom)
2019-09-26 21:18:49,079 [pool-27-thread-1] INFO  server.RaftServerConfigKeys (ConfUtils.java:logGet(43)) - raft.server.log.segment.size.max = 1048576 (custom)
2019-09-26 21:18:49,079 [pool-27-thread-1] INFO  server.RaftServerConfigKeys (ConfUtils.java:logGet(43)) - raft.server.log.preallocated.size = 16384 (custom)
2019-09-26 21:18:49,079 [pool-27-thread-1] INFO  server.RaftServerConfigKeys (ConfUtils.java:logGet(43)) - raft.server.log.write.buffer.size = 33554432 (custom)
2019-09-26 21:18:49,079 [pool-27-thread-1] INFO  server.RaftServerConfigKeys (ConfUtils.java:logGet(43)) - raft.server.log.force.sync.num = 128 (default)
2019-09-26 21:18:49,079 [pool-27-thread-1] INFO  server.RaftServerConfigKeys (ConfUtils.java:logGet(43)) - raft.server.log.statemachine.data.sync = true (default)
2019-09-26 21:18:49,080 [pool-27-thread-1] INFO  server.RaftServerConfigKeys (ConfUtils.java:logGet(43)) - raft.server.log.statemachine.data.sync.timeout = 10s (default)
2019-09-26 21:18:49,080 [pool-27-thread-1] INFO  server.RaftServerConfigKeys (ConfUtils.java:logGet(43)) - raft.server.log.statemachine.data.sync.timeout.retry = -1 (default)
2019-09-26 21:18:49,080 [pool-27-thread-1] INFO  server.RaftServerConfigKeys (ConfUtils.java:logGet(43)) - raft.server.log.statemachine.data.caching.enabled = true (custom)
2019-09-26 21:18:49,080 [pool-27-thread-1] INFO  segmented.SegmentedRaftLogWorker (SegmentedRaftLogWorker.java:lambda$new$0(132)) - 9ce0b59e-153f-4f41-8aed-492a76d80b48@group-514A1FBBA56A-SegmentedRaftLogWorker: flushIndex: setUnconditionally 0 -> -1
2019-09-26 21:18:49,080 [pool-27-thread-1] INFO  server.RaftServerConfigKeys (ConfUtils.java:logGet(43)) - raft.server.snapshot.auto.trigger.enabled = true (custom)
2019-09-26 21:18:49,080 [pool-27-thread-1] INFO  server.RaftServerConfigKeys (ConfUtils.java:logGet(43)) - raft.server.snapshot.auto.trigger.threshold = 10000 (custom)
2019-09-26 21:18:49,081 [pool-27-thread-1] INFO  server.RaftServerConfigKeys (ConfUtils.java:logGet(43)) - raft.server.snapshot.retention.num.files = 5 (custom)
2019-09-26 21:18:49,081 [pool-27-thread-1] INFO  server.RaftServerConfigKeys (ConfUtils.java:logGet(43)) - raft.server.retrycache.expirytime = 600000ms (custom)
2019-09-26 21:18:49,082 [pool-27-thread-1] INFO  impl.RaftServerImpl (RaftServerImpl.java:start(185)) - 9ce0b59e-153f-4f41-8aed-492a76d80b48@group-514A1FBBA56A: start as a follower, conf=-1: [9ce0b59e-153f-4f41-8aed-492a76d80b48:192.168.151.99:34156], old=null
2019-09-26 21:18:49,082 [pool-27-thread-1] INFO  impl.RaftServerImpl (RaftServerImpl.java:setRole(174)) - 9ce0b59e-153f-4f41-8aed-492a76d80b48@group-514A1FBBA56A: changes role from      null to FOLLOWER at term 0 for startAsFollower
2019-09-26 21:18:49,082 [pool-27-thread-1] INFO  impl.RoleInfo (RoleInfo.java:updateAndGet(143)) - 9ce0b59e-153f-4f41-8aed-492a76d80b48: start FollowerState
2019-09-26 21:18:49,083 [pool-27-thread-1] INFO  util.JmxRegister (JmxRegister.java:tryRegister(44)) - Successfully registered JMX Bean with object name Ratis:service=RaftServer,group=group-514A1FBBA56A,id=9ce0b59e-153f-4f41-8aed-492a76d80b48
2019-09-26 21:18:49,086 [RatisPipelineUtilsThread] INFO  pipeline.PipelineStateManager (PipelineStateManager.java:addPipeline(56)) - Created pipeline Pipeline[ Id: ff4a777f-b513-4d06-aba0-514a1fbba56a, Nodes: 9ce0b59e-153f-4f41-8aed-492a76d80b48{ip: 192.168.151.99, host: pr-hdds-1569-g6sp5-2013761785, networkLocation: /default-rack, certSerialId: null}, Type:RATIS, Factor:ONE, State:OPEN]
2019-09-26 21:18:49,091 [grpc-default-executor-1] INFO  impl.RaftServerProxy (RaftServerProxy.java:addNew(89)) - 9ce0b59e-153f-4f41-8aed-492a76d80b48: addNew group-0B4776A2646F:[9ce0b59e-153f-4f41-8aed-492a76d80b48:192.168.151.99:34156] returns group-0B4776A2646F:java.util.concurrent.CompletableFuture@47aba6a3[Not completed]
2019-09-26 21:18:49,092 [pool-27-thread-1] INFO  impl.RaftServerImpl (RaftServerImpl.java:<init>(95)) - 9ce0b59e-153f-4f41-8aed-492a76d80b48: new RaftServerImpl for group-0B4776A2646F:[9ce0b59e-153f-4f41-8aed-492a76d80b48:192.168.151.99:34156] with ContainerStateMachine:uninitialized
2019-09-26 21:18:49,092 [pool-27-thread-1] INFO  server.RaftServerConfigKeys (ConfUtils.java:logGet(43)) - raft.server.rpc.timeout.min = 5s (custom)
2019-09-26 21:18:49,092 [pool-27-thread-1] INFO  server.RaftServerConfigKeys (ConfUtils.java:logGet(43)) - raft.server.rpc.timeout.max = 5200ms (custom)
2019-09-26 21:18:49,092 [pool-27-thread-1] INFO  server.RaftServerConfigKeys (ConfUtils.java:logGet(43)) - raft.server.rpcslowness.timeout = 120s (custom)
2019-09-26 21:18:49,092 [pool-27-thread-1] INFO  server.RaftServerConfigKeys (ConfUtils.java:logGet(43)) - raft.server.sleep.deviation.threshold = 300 (default)
2019-09-26 21:18:49,093 [pool-27-thread-1] INFO  server.RaftServerConfigKeys (ConfUtils.java:logGet(43)) - raft.server.log.appender.install.snapshot.enabled = false (custom)
2019-09-26 21:18:49,093 [pool-27-thread-1] INFO  impl.RaftServerImpl (ServerState.java:<init>(103)) - 9ce0b59e-153f-4f41-8aed-492a76d80b48@group-0B4776A2646F: ConfigurationManager, init=-1: [9ce0b59e-153f-4f41-8aed-492a76d80b48:192.168.151.99:34156], old=null, confs=<EMPTY_MAP>
2019-09-26 21:18:49,093 [pool-27-thread-1] INFO  server.RaftServerConfigKeys (ConfUtils.java:logGet(43)) - raft.server.storage.dir = [/workdir/hadoop-ozone/ozonefs/target/test-dir/MiniOzoneClusterImpl-5b64906c-d720-4906-b30c-b6d56a2122fd/datanode-0/data/ratis] (custom)
2019-09-26 21:18:49,093 [pool-27-thread-1] INFO  storage.RaftStorageDirectory (RaftStorageDirectory.java:analyzeStorage(246)) - The storage directory /workdir/hadoop-ozone/ozonefs/target/test-dir/MiniOzoneClusterImpl-5b64906c-d720-4906-b30c-b6d56a2122fd/datanode-0/data/ratis/4acb580a-8364-4a85-8e8e-0b4776a2646f does not exist. Creating ...
2019-09-26 21:18:49,106 [pool-27-thread-1] INFO  storage.RaftStorageDirectory (RaftStorageDirectory.java:tryLock(328)) - Lock on /workdir/hadoop-ozone/ozonefs/target/test-dir/MiniOzoneClusterImpl-5b64906c-d720-4906-b30c-b6d56a2122fd/datanode-0/data/ratis/4acb580a-8364-4a85-8e8e-0b4776a2646f/in_use.lock acquired by nodename 10701@pr-hdds-1569-g6sp5-2013761785
2019-09-26 21:18:49,118 [pool-27-thread-1] INFO  storage.RaftStorage (RaftStorage.java:format(72)) - Storage directory /workdir/hadoop-ozone/ozonefs/target/test-dir/MiniOzoneClusterImpl-5b64906c-d720-4906-b30c-b6d56a2122fd/datanode-0/data/ratis/4acb580a-8364-4a85-8e8e-0b4776a2646f has been successfully formatted.
2019-09-26 21:18:49,118 [pool-27-thread-1] INFO  ratis.ContainerStateMachine (ContainerStateMachine.java:loadSnapshot(230)) - group-0B4776A2646F: The snapshot info is null. Setting the last applied indexto:(t:0, i:~)
2019-09-26 21:18:49,119 [pool-27-thread-1] INFO  server.RaftServerConfigKeys (ConfUtils.java:logGet(43)) - raft.server.notification.no-leader.timeout = 120s (custom)
2019-09-26 21:18:49,119 [pool-27-thread-1] INFO  server.RaftServerConfigKeys (ConfUtils.java:logGet(43)) - raft.server.log.use.memory = false (default)
2019-09-26 21:18:49,119 [pool-27-thread-1] INFO  server.RaftServerConfigKeys (ConfUtils.java:logGet(43)) - raft.server.log.purge.gap = 1000000 (custom)
2019-09-26 21:18:49,119 [pool-27-thread-1] INFO  server.RaftServerConfigKeys (ConfUtils.java:logGet(43)) - raft.server.log.appender.buffer.byte-limit = 33554432 (custom)
2019-09-26 21:18:49,119 [pool-27-thread-1] INFO  server.RaftServerConfigKeys (ConfUtils.java:logGet(43)) - raft.server.log.segment.size.max = 1048576 (custom)
2019-09-26 21:18:49,119 [pool-27-thread-1] INFO  server.RaftServerConfigKeys (ConfUtils.java:logGet(43)) - raft.server.log.segment.cache.num.max = 2 (custom)
2019-09-26 21:18:49,119 [pool-27-thread-1] INFO  segmented.SegmentedRaftLogWorker (SegmentedRaftLogWorker.java:<init>(172)) - new 9ce0b59e-153f-4f41-8aed-492a76d80b48@group-0B4776A2646F-SegmentedRaftLogWorker for RaftStorage:Storage Directory /workdir/hadoop-ozone/ozonefs/target/test-dir/MiniOzoneClusterImpl-5b64906c-d720-4906-b30c-b6d56a2122fd/datanode-0/data/ratis/4acb580a-8364-4a85-8e8e-0b4776a2646f
2019-09-26 21:18:49,119 [pool-27-thread-1] INFO  server.RaftServerConfigKeys (ConfUtils.java:logGet(43)) - raft.server.log.queue.byte-limit = 2147483647 (custom)
2019-09-26 21:18:49,119 [pool-27-thread-1] INFO  server.RaftServerConfigKeys (ConfUtils.java:logGet(43)) - raft.server.log.queue.element-limit = 1024 (custom)
2019-09-26 21:18:49,120 [pool-27-thread-1] INFO  server.RaftServerConfigKeys (ConfUtils.java:logGet(43)) - raft.server.log.segment.size.max = 1048576 (custom)
2019-09-26 21:18:49,120 [pool-27-thread-1] INFO  server.RaftServerConfigKeys (ConfUtils.java:logGet(43)) - raft.server.log.preallocated.size = 16384 (custom)
2019-09-26 21:18:49,120 [pool-27-thread-1] INFO  server.RaftServerConfigKeys (ConfUtils.java:logGet(43)) - raft.server.log.write.buffer.size = 33554432 (custom)
2019-09-26 21:18:49,120 [pool-27-thread-1] INFO  server.RaftServerConfigKeys (ConfUtils.java:logGet(43)) - raft.server.log.force.sync.num = 128 (default)
2019-09-26 21:18:49,120 [pool-27-thread-1] INFO  server.RaftServerConfigKeys (ConfUtils.java:logGet(43)) - raft.server.log.statemachine.data.sync = true (default)
2019-09-26 21:18:49,120 [pool-27-thread-1] INFO  server.RaftServerConfigKeys (ConfUtils.java:logGet(43)) - raft.server.log.statemachine.data.sync.timeout = 10s (default)
2019-09-26 21:18:49,120 [pool-27-thread-1] INFO  server.RaftServerConfigKeys (ConfUtils.java:logGet(43)) - raft.server.log.statemachine.data.sync.timeout.retry = -1 (default)
2019-09-26 21:18:49,120 [pool-27-thread-1] INFO  server.RaftServerConfigKeys (ConfUtils.java:logGet(43)) - raft.server.log.statemachine.data.caching.enabled = true (custom)
2019-09-26 21:18:49,121 [pool-27-thread-1] INFO  segmented.SegmentedRaftLogWorker (SegmentedRaftLogWorker.java:lambda$new$0(132)) - 9ce0b59e-153f-4f41-8aed-492a76d80b48@group-0B4776A2646F-SegmentedRaftLogWorker: flushIndex: setUnconditionally 0 -> -1
2019-09-26 21:18:49,121 [pool-27-thread-1] INFO  server.RaftServerConfigKeys (ConfUtils.java:logGet(43)) - raft.server.snapshot.auto.trigger.enabled = true (custom)
2019-09-26 21:18:49,121 [pool-27-thread-1] INFO  server.RaftServerConfigKeys (ConfUtils.java:logGet(43)) - raft.server.snapshot.auto.trigger.threshold = 10000 (custom)
2019-09-26 21:18:49,121 [pool-27-thread-1] INFO  server.RaftServerConfigKeys (ConfUtils.java:logGet(43)) - raft.server.snapshot.retention.num.files = 5 (custom)
2019-09-26 21:18:49,121 [pool-27-thread-1] INFO  server.RaftServerConfigKeys (ConfUtils.java:logGet(43)) - raft.server.retrycache.expirytime = 600000ms (custom)
2019-09-26 21:18:49,123 [pool-27-thread-1] INFO  impl.RaftServerImpl (RaftServerImpl.java:start(185)) - 9ce0b59e-153f-4f41-8aed-492a76d80b48@group-0B4776A2646F: start as a follower, conf=-1: [9ce0b59e-153f-4f41-8aed-492a76d80b48:192.168.151.99:34156], old=null
2019-09-26 21:18:49,123 [pool-27-thread-1] INFO  impl.RaftServerImpl (RaftServerImpl.java:setRole(174)) - 9ce0b59e-153f-4f41-8aed-492a76d80b48@group-0B4776A2646F: changes role from      null to FOLLOWER at term 0 for startAsFollower
2019-09-26 21:18:49,123 [pool-27-thread-1] INFO  impl.RoleInfo (RoleInfo.java:updateAndGet(143)) - 9ce0b59e-153f-4f41-8aed-492a76d80b48: start FollowerState
2019-09-26 21:18:49,124 [pool-27-thread-1] INFO  util.JmxRegister (JmxRegister.java:tryRegister(44)) - Successfully registered JMX Bean with object name Ratis:service=RaftServer,group=group-0B4776A2646F,id=9ce0b59e-153f-4f41-8aed-492a76d80b48
2019-09-26 21:18:49,126 [RatisPipelineUtilsThread] INFO  pipeline.PipelineStateManager (PipelineStateManager.java:addPipeline(56)) - Created pipeline Pipeline[ Id: 4acb580a-8364-4a85-8e8e-0b4776a2646f, Nodes: 9ce0b59e-153f-4f41-8aed-492a76d80b48{ip: 192.168.151.99, host: pr-hdds-1569-g6sp5-2013761785, networkLocation: /default-rack, certSerialId: null}, Type:RATIS, Factor:ONE, State:OPEN]
2019-09-26 21:18:49,132 [grpc-default-executor-1] INFO  impl.RaftServerProxy (RaftServerProxy.java:addNew(89)) - 0c640f50-2bc9-49b6-b785-a27e3116e6ba: addNew group-FD0854A06F9A:[0c640f50-2bc9-49b6-b785-a27e3116e6ba:192.168.151.99:42361] returns group-FD0854A06F9A:java.util.concurrent.CompletableFuture@5a0f5e6c[Not completed]
2019-09-26 21:18:49,133 [pool-57-thread-1] INFO  impl.RaftServerImpl (RaftServerImpl.java:<init>(95)) - 0c640f50-2bc9-49b6-b785-a27e3116e6ba: new RaftServerImpl for group-FD0854A06F9A:[0c640f50-2bc9-49b6-b785-a27e3116e6ba:192.168.151.99:42361] with ContainerStateMachine:uninitialized
2019-09-26 21:18:49,133 [pool-57-thread-1] INFO  server.RaftServerConfigKeys (ConfUtils.java:logGet(43)) - raft.server.rpc.timeout.min = 5s (custom)
2019-09-26 21:18:49,133 [pool-57-thread-1] INFO  server.RaftServerConfigKeys (ConfUtils.java:logGet(43)) - raft.server.rpc.timeout.max = 5200ms (custom)
2019-09-26 21:18:49,133 [pool-57-thread-1] INFO  server.RaftServerConfigKeys (ConfUtils.java:logGet(43)) - raft.server.rpcslowness.timeout = 120s (custom)
2019-09-26 21:18:49,133 [pool-57-thread-1] INFO  server.RaftServerConfigKeys (ConfUtils.java:logGet(43)) - raft.server.sleep.deviation.threshold = 300 (default)
2019-09-26 21:18:49,133 [pool-57-thread-1] INFO  server.RaftServerConfigKeys (ConfUtils.java:logGet(43)) - raft.server.log.appender.install.snapshot.enabled = false (custom)
2019-09-26 21:18:49,134 [pool-57-thread-1] INFO  impl.RaftServerImpl (ServerState.java:<init>(103)) - 0c640f50-2bc9-49b6-b785-a27e3116e6ba@group-FD0854A06F9A: ConfigurationManager, init=-1: [0c640f50-2bc9-49b6-b785-a27e3116e6ba:192.168.151.99:42361], old=null, confs=<EMPTY_MAP>
2019-09-26 21:18:49,134 [pool-57-thread-1] INFO  server.RaftServerConfigKeys (ConfUtils.java:logGet(43)) - raft.server.storage.dir = [/workdir/hadoop-ozone/ozonefs/target/test-dir/MiniOzoneClusterImpl-5b64906c-d720-4906-b30c-b6d56a2122fd/datanode-3/data/ratis] (custom)
2019-09-26 21:18:49,134 [pool-57-thread-1] INFO  storage.RaftStorageDirectory (RaftStorageDirectory.java:analyzeStorage(246)) - The storage directory /workdir/hadoop-ozone/ozonefs/target/test-dir/MiniOzoneClusterImpl-5b64906c-d720-4906-b30c-b6d56a2122fd/datanode-3/data/ratis/f4b12ae9-6840-4438-a975-fd0854a06f9a does not exist. Creating ...
2019-09-26 21:18:49,149 [pool-57-thread-1] INFO  storage.RaftStorageDirectory (RaftStorageDirectory.java:tryLock(328)) - Lock on /workdir/hadoop-ozone/ozonefs/target/test-dir/MiniOzoneClusterImpl-5b64906c-d720-4906-b30c-b6d56a2122fd/datanode-3/data/ratis/f4b12ae9-6840-4438-a975-fd0854a06f9a/in_use.lock acquired by nodename 10701@pr-hdds-1569-g6sp5-2013761785
2019-09-26 21:18:49,152 [pool-57-thread-1] INFO  storage.RaftStorage (RaftStorage.java:format(72)) - Storage directory /workdir/hadoop-ozone/ozonefs/target/test-dir/MiniOzoneClusterImpl-5b64906c-d720-4906-b30c-b6d56a2122fd/datanode-3/data/ratis/f4b12ae9-6840-4438-a975-fd0854a06f9a has been successfully formatted.
2019-09-26 21:18:49,152 [pool-57-thread-1] INFO  ratis.ContainerStateMachine (ContainerStateMachine.java:loadSnapshot(230)) - group-FD0854A06F9A: The snapshot info is null. Setting the last applied indexto:(t:0, i:~)
2019-09-26 21:18:49,152 [pool-57-thread-1] INFO  server.RaftServerConfigKeys (ConfUtils.java:logGet(43)) - raft.server.notification.no-leader.timeout = 120s (custom)
2019-09-26 21:18:49,152 [pool-57-thread-1] INFO  server.RaftServerConfigKeys (ConfUtils.java:logGet(43)) - raft.server.log.use.memory = false (default)
2019-09-26 21:18:49,152 [pool-57-thread-1] INFO  server.RaftServerConfigKeys (ConfUtils.java:logGet(43)) - raft.server.log.purge.gap = 1000000 (custom)
2019-09-26 21:18:49,152 [pool-57-thread-1] INFO  server.RaftServerConfigKeys (ConfUtils.java:logGet(43)) - raft.server.log.appender.buffer.byte-limit = 33554432 (custom)
2019-09-26 21:18:49,152 [pool-57-thread-1] INFO  server.RaftServerConfigKeys (ConfUtils.java:logGet(43)) - raft.server.log.segment.size.max = 1048576 (custom)
2019-09-26 21:18:49,153 [pool-57-thread-1] INFO  server.RaftServerConfigKeys (ConfUtils.java:logGet(43)) - raft.server.log.segment.cache.num.max = 2 (custom)
2019-09-26 21:18:49,153 [pool-57-thread-1] INFO  segmented.SegmentedRaftLogWorker (SegmentedRaftLogWorker.java:<init>(172)) - new 0c640f50-2bc9-49b6-b785-a27e3116e6ba@group-FD0854A06F9A-SegmentedRaftLogWorker for RaftStorage:Storage Directory /workdir/hadoop-ozone/ozonefs/target/test-dir/MiniOzoneClusterImpl-5b64906c-d720-4906-b30c-b6d56a2122fd/datanode-3/data/ratis/f4b12ae9-6840-4438-a975-fd0854a06f9a
2019-09-26 21:18:49,153 [pool-57-thread-1] INFO  server.RaftServerConfigKeys (ConfUtils.java:logGet(43)) - raft.server.log.queue.byte-limit = 2147483647 (custom)
2019-09-26 21:18:49,153 [pool-57-thread-1] INFO  server.RaftServerConfigKeys (ConfUtils.java:logGet(43)) - raft.server.log.queue.element-limit = 1024 (custom)
2019-09-26 21:18:49,153 [pool-57-thread-1] INFO  server.RaftServerConfigKeys (ConfUtils.java:logGet(43)) - raft.server.log.segment.size.max = 1048576 (custom)
2019-09-26 21:18:49,153 [pool-57-thread-1] INFO  server.RaftServerConfigKeys (ConfUtils.java:logGet(43)) - raft.server.log.preallocated.size = 16384 (custom)
2019-09-26 21:18:49,153 [pool-57-thread-1] INFO  server.RaftServerConfigKeys (ConfUtils.java:logGet(43)) - raft.server.log.write.buffer.size = 33554432 (custom)
2019-09-26 21:18:49,153 [pool-57-thread-1] INFO  server.RaftServerConfigKeys (ConfUtils.java:logGet(43)) - raft.server.log.force.sync.num = 128 (default)
2019-09-26 21:18:49,153 [pool-57-thread-1] INFO  server.RaftServerConfigKeys (ConfUtils.java:logGet(43)) - raft.server.log.statemachine.data.sync = true (default)
2019-09-26 21:18:49,153 [pool-57-thread-1] INFO  server.RaftServerConfigKeys (ConfUtils.java:logGet(43)) - raft.server.log.statemachine.data.sync.timeout = 10s (default)
2019-09-26 21:18:49,154 [pool-57-thread-1] INFO  server.RaftServerConfigKeys (ConfUtils.java:logGet(43)) - raft.server.log.statemachine.data.sync.timeout.retry = -1 (default)
2019-09-26 21:18:49,154 [pool-57-thread-1] INFO  server.RaftServerConfigKeys (ConfUtils.java:logGet(43)) - raft.server.log.statemachine.data.caching.enabled = true (custom)
2019-09-26 21:18:49,154 [pool-57-thread-1] INFO  segmented.SegmentedRaftLogWorker (SegmentedRaftLogWorker.java:lambda$new$0(132)) - 0c640f50-2bc9-49b6-b785-a27e3116e6ba@group-FD0854A06F9A-SegmentedRaftLogWorker: flushIndex: setUnconditionally 0 -> -1
2019-09-26 21:18:49,154 [pool-57-thread-1] INFO  server.RaftServerConfigKeys (ConfUtils.java:logGet(43)) - raft.server.snapshot.auto.trigger.enabled = true (custom)
2019-09-26 21:18:49,154 [pool-57-thread-1] INFO  server.RaftServerConfigKeys (ConfUtils.java:logGet(43)) - raft.server.snapshot.auto.trigger.threshold = 10000 (custom)
2019-09-26 21:18:49,154 [pool-57-thread-1] INFO  server.RaftServerConfigKeys (ConfUtils.java:logGet(43)) - raft.server.snapshot.retention.num.files = 5 (custom)
2019-09-26 21:18:49,155 [pool-57-thread-1] INFO  server.RaftServerConfigKeys (ConfUtils.java:logGet(43)) - raft.server.retrycache.expirytime = 600000ms (custom)
2019-09-26 21:18:49,157 [pool-57-thread-1] INFO  impl.RaftServerImpl (RaftServerImpl.java:start(185)) - 0c640f50-2bc9-49b6-b785-a27e3116e6ba@group-FD0854A06F9A: start as a follower, conf=-1: [0c640f50-2bc9-49b6-b785-a27e3116e6ba:192.168.151.99:42361], old=null
2019-09-26 21:18:49,157 [pool-57-thread-1] INFO  impl.RaftServerImpl (RaftServerImpl.java:setRole(174)) - 0c640f50-2bc9-49b6-b785-a27e3116e6ba@group-FD0854A06F9A: changes role from      null to FOLLOWER at term 0 for startAsFollower
2019-09-26 21:18:49,157 [pool-57-thread-1] INFO  impl.RoleInfo (RoleInfo.java:updateAndGet(143)) - 0c640f50-2bc9-49b6-b785-a27e3116e6ba: start FollowerState
2019-09-26 21:18:49,157 [pool-57-thread-1] INFO  util.JmxRegister (JmxRegister.java:tryRegister(44)) - Successfully registered JMX Bean with object name Ratis:service=RaftServer,group=group-FD0854A06F9A,id=0c640f50-2bc9-49b6-b785-a27e3116e6ba
2019-09-26 21:18:49,160 [RatisPipelineUtilsThread] INFO  pipeline.PipelineStateManager (PipelineStateManager.java:addPipeline(56)) - Created pipeline Pipeline[ Id: f4b12ae9-6840-4438-a975-fd0854a06f9a, Nodes: 0c640f50-2bc9-49b6-b785-a27e3116e6ba{ip: 192.168.151.99, host: pr-hdds-1569-g6sp5-2013761785, networkLocation: /default-rack, certSerialId: null}, Type:RATIS, Factor:ONE, State:OPEN]
2019-09-26 21:18:49,165 [grpc-default-executor-1] INFO  impl.RaftServerProxy (RaftServerProxy.java:addNew(89)) - 1178c3ae-d0b4-4d44-b144-fe8504cc41ac: addNew group-17858CE95304:[1178c3ae-d0b4-4d44-b144-fe8504cc41ac:192.168.151.99:33787] returns group-17858CE95304:java.util.concurrent.CompletableFuture@6e134eb5[Not completed]
2019-09-26 21:18:49,167 [pool-37-thread-1] INFO  impl.RaftServerImpl (RaftServerImpl.java:<init>(95)) - 1178c3ae-d0b4-4d44-b144-fe8504cc41ac: new RaftServerImpl for group-17858CE95304:[1178c3ae-d0b4-4d44-b144-fe8504cc41ac:192.168.151.99:33787] with ContainerStateMachine:uninitialized
2019-09-26 21:18:49,167 [pool-37-thread-1] INFO  server.RaftServerConfigKeys (ConfUtils.java:logGet(43)) - raft.server.rpc.timeout.min = 5s (custom)
2019-09-26 21:18:49,167 [pool-37-thread-1] INFO  server.RaftServerConfigKeys (ConfUtils.java:logGet(43)) - raft.server.rpc.timeout.max = 5200ms (custom)
2019-09-26 21:18:49,167 [pool-37-thread-1] INFO  server.RaftServerConfigKeys (ConfUtils.java:logGet(43)) - raft.server.rpcslowness.timeout = 120s (custom)
2019-09-26 21:18:49,167 [pool-37-thread-1] INFO  server.RaftServerConfigKeys (ConfUtils.java:logGet(43)) - raft.server.sleep.deviation.threshold = 300 (default)
2019-09-26 21:18:49,167 [pool-37-thread-1] INFO  server.RaftServerConfigKeys (ConfUtils.java:logGet(43)) - raft.server.log.appender.install.snapshot.enabled = false (custom)
2019-09-26 21:18:49,167 [pool-37-thread-1] INFO  impl.RaftServerImpl (ServerState.java:<init>(103)) - 1178c3ae-d0b4-4d44-b144-fe8504cc41ac@group-17858CE95304: ConfigurationManager, init=-1: [1178c3ae-d0b4-4d44-b144-fe8504cc41ac:192.168.151.99:33787], old=null, confs=<EMPTY_MAP>
2019-09-26 21:18:49,168 [pool-37-thread-1] INFO  server.RaftServerConfigKeys (ConfUtils.java:logGet(43)) - raft.server.storage.dir = [/workdir/hadoop-ozone/ozonefs/target/test-dir/MiniOzoneClusterImpl-5b64906c-d720-4906-b30c-b6d56a2122fd/datanode-1/data/ratis] (custom)
2019-09-26 21:18:49,168 [pool-37-thread-1] INFO  storage.RaftStorageDirectory (RaftStorageDirectory.java:analyzeStorage(246)) - The storage directory /workdir/hadoop-ozone/ozonefs/target/test-dir/MiniOzoneClusterImpl-5b64906c-d720-4906-b30c-b6d56a2122fd/datanode-1/data/ratis/dc8285e1-8f67-429d-a545-17858ce95304 does not exist. Creating ...
2019-09-26 21:18:49,171 [pool-37-thread-1] INFO  storage.RaftStorageDirectory (RaftStorageDirectory.java:tryLock(328)) - Lock on /workdir/hadoop-ozone/ozonefs/target/test-dir/MiniOzoneClusterImpl-5b64906c-d720-4906-b30c-b6d56a2122fd/datanode-1/data/ratis/dc8285e1-8f67-429d-a545-17858ce95304/in_use.lock acquired by nodename 10701@pr-hdds-1569-g6sp5-2013761785
2019-09-26 21:18:49,191 [pool-37-thread-1] INFO  storage.RaftStorage (RaftStorage.java:format(72)) - Storage directory /workdir/hadoop-ozone/ozonefs/target/test-dir/MiniOzoneClusterImpl-5b64906c-d720-4906-b30c-b6d56a2122fd/datanode-1/data/ratis/dc8285e1-8f67-429d-a545-17858ce95304 has been successfully formatted.
2019-09-26 21:18:49,191 [pool-37-thread-1] INFO  ratis.ContainerStateMachine (ContainerStateMachine.java:loadSnapshot(230)) - group-17858CE95304: The snapshot info is null. Setting the last applied indexto:(t:0, i:~)
2019-09-26 21:18:49,191 [pool-37-thread-1] INFO  server.RaftServerConfigKeys (ConfUtils.java:logGet(43)) - raft.server.notification.no-leader.timeout = 120s (custom)
2019-09-26 21:18:49,191 [pool-37-thread-1] INFO  server.RaftServerConfigKeys (ConfUtils.java:logGet(43)) - raft.server.log.use.memory = false (default)
2019-09-26 21:18:49,191 [pool-37-thread-1] INFO  server.RaftServerConfigKeys (ConfUtils.java:logGet(43)) - raft.server.log.purge.gap = 1000000 (custom)
2019-09-26 21:18:49,191 [pool-37-thread-1] INFO  server.RaftServerConfigKeys (ConfUtils.java:logGet(43)) - raft.server.log.appender.buffer.byte-limit = 33554432 (custom)
2019-09-26 21:18:49,191 [pool-37-thread-1] INFO  server.RaftServerConfigKeys (ConfUtils.java:logGet(43)) - raft.server.log.segment.size.max = 1048576 (custom)
2019-09-26 21:18:49,191 [pool-37-thread-1] INFO  server.RaftServerConfigKeys (ConfUtils.java:logGet(43)) - raft.server.log.segment.cache.num.max = 2 (custom)
2019-09-26 21:18:49,192 [pool-37-thread-1] INFO  segmented.SegmentedRaftLogWorker (SegmentedRaftLogWorker.java:<init>(172)) - new 1178c3ae-d0b4-4d44-b144-fe8504cc41ac@group-17858CE95304-SegmentedRaftLogWorker for RaftStorage:Storage Directory /workdir/hadoop-ozone/ozonefs/target/test-dir/MiniOzoneClusterImpl-5b64906c-d720-4906-b30c-b6d56a2122fd/datanode-1/data/ratis/dc8285e1-8f67-429d-a545-17858ce95304
2019-09-26 21:18:49,192 [pool-37-thread-1] INFO  server.RaftServerConfigKeys (ConfUtils.java:logGet(43)) - raft.server.log.queue.byte-limit = 2147483647 (custom)
2019-09-26 21:18:49,192 [pool-37-thread-1] INFO  server.RaftServerConfigKeys (ConfUtils.java:logGet(43)) - raft.server.log.queue.element-limit = 1024 (custom)
2019-09-26 21:18:49,192 [pool-37-thread-1] INFO  server.RaftServerConfigKeys (ConfUtils.java:logGet(43)) - raft.server.log.segment.size.max = 1048576 (custom)
2019-09-26 21:18:49,192 [pool-37-thread-1] INFO  server.RaftServerConfigKeys (ConfUtils.java:logGet(43)) - raft.server.log.preallocated.size = 16384 (custom)
2019-09-26 21:18:49,192 [pool-37-thread-1] INFO  server.RaftServerConfigKeys (ConfUtils.java:logGet(43)) - raft.server.log.write.buffer.size = 33554432 (custom)
2019-09-26 21:18:49,192 [pool-37-thread-1] INFO  server.RaftServerConfigKeys (ConfUtils.java:logGet(43)) - raft.server.log.force.sync.num = 128 (default)
2019-09-26 21:18:49,192 [pool-37-thread-1] INFO  server.RaftServerConfigKeys (ConfUtils.java:logGet(43)) - raft.server.log.statemachine.data.sync = true (default)
2019-09-26 21:18:49,192 [pool-37-thread-1] INFO  server.RaftServerConfigKeys (ConfUtils.java:logGet(43)) - raft.server.log.statemachine.data.sync.timeout = 10s (default)
2019-09-26 21:18:49,193 [pool-37-thread-1] INFO  server.RaftServerConfigKeys (ConfUtils.java:logGet(43)) - raft.server.log.statemachine.data.sync.timeout.retry = -1 (default)
2019-09-26 21:18:49,193 [pool-37-thread-1] INFO  server.RaftServerConfigKeys (ConfUtils.java:logGet(43)) - raft.server.log.statemachine.data.caching.enabled = true (custom)
2019-09-26 21:18:49,193 [pool-37-thread-1] INFO  segmented.SegmentedRaftLogWorker (SegmentedRaftLogWorker.java:lambda$new$0(132)) - 1178c3ae-d0b4-4d44-b144-fe8504cc41ac@group-17858CE95304-SegmentedRaftLogWorker: flushIndex: setUnconditionally 0 -> -1
2019-09-26 21:18:49,193 [pool-37-thread-1] INFO  server.RaftServerConfigKeys (ConfUtils.java:logGet(43)) - raft.server.snapshot.auto.trigger.enabled = true (custom)
2019-09-26 21:18:49,193 [pool-37-thread-1] INFO  server.RaftServerConfigKeys (ConfUtils.java:logGet(43)) - raft.server.snapshot.auto.trigger.threshold = 10000 (custom)
2019-09-26 21:18:49,193 [pool-37-thread-1] INFO  server.RaftServerConfigKeys (ConfUtils.java:logGet(43)) - raft.server.snapshot.retention.num.files = 5 (custom)
2019-09-26 21:18:49,194 [pool-37-thread-1] INFO  server.RaftServerConfigKeys (ConfUtils.java:logGet(43)) - raft.server.retrycache.expirytime = 600000ms (custom)
2019-09-26 21:18:49,196 [pool-37-thread-1] INFO  impl.RaftServerImpl (RaftServerImpl.java:start(185)) - 1178c3ae-d0b4-4d44-b144-fe8504cc41ac@group-17858CE95304: start as a follower, conf=-1: [1178c3ae-d0b4-4d44-b144-fe8504cc41ac:192.168.151.99:33787], old=null
2019-09-26 21:18:49,196 [pool-37-thread-1] INFO  impl.RaftServerImpl (RaftServerImpl.java:setRole(174)) - 1178c3ae-d0b4-4d44-b144-fe8504cc41ac@group-17858CE95304: changes role from      null to FOLLOWER at term 0 for startAsFollower
2019-09-26 21:18:49,196 [pool-37-thread-1] INFO  impl.RoleInfo (RoleInfo.java:updateAndGet(143)) - 1178c3ae-d0b4-4d44-b144-fe8504cc41ac: start FollowerState
2019-09-26 21:18:49,196 [pool-37-thread-1] INFO  util.JmxRegister (JmxRegister.java:tryRegister(44)) - Successfully registered JMX Bean with object name Ratis:service=RaftServer,group=group-17858CE95304,id=1178c3ae-d0b4-4d44-b144-fe8504cc41ac
2019-09-26 21:18:49,199 [RatisPipelineUtilsThread] INFO  pipeline.PipelineStateManager (PipelineStateManager.java:addPipeline(56)) - Created pipeline Pipeline[ Id: dc8285e1-8f67-429d-a545-17858ce95304, Nodes: 1178c3ae-d0b4-4d44-b144-fe8504cc41ac{ip: 192.168.151.99, host: pr-hdds-1569-g6sp5-2013761785, networkLocation: /default-rack, certSerialId: null}, Type:RATIS, Factor:ONE, State:OPEN]
2019-09-26 21:18:49,204 [grpc-default-executor-1] INFO  impl.RaftServerProxy (RaftServerProxy.java:addNew(89)) - 1178c3ae-d0b4-4d44-b144-fe8504cc41ac: addNew group-846E52AEA8E9:[1178c3ae-d0b4-4d44-b144-fe8504cc41ac:192.168.151.99:33787] returns group-846E52AEA8E9:java.util.concurrent.CompletableFuture@7c3ee257[Not completed]
2019-09-26 21:18:49,206 [pool-37-thread-1] INFO  impl.RaftServerImpl (RaftServerImpl.java:<init>(95)) - 1178c3ae-d0b4-4d44-b144-fe8504cc41ac: new RaftServerImpl for group-846E52AEA8E9:[1178c3ae-d0b4-4d44-b144-fe8504cc41ac:192.168.151.99:33787] with ContainerStateMachine:uninitialized
2019-09-26 21:18:49,206 [pool-37-thread-1] INFO  server.RaftServerConfigKeys (ConfUtils.java:logGet(43)) - raft.server.rpc.timeout.min = 5s (custom)
2019-09-26 21:18:49,206 [pool-37-thread-1] INFO  server.RaftServerConfigKeys (ConfUtils.java:logGet(43)) - raft.server.rpc.timeout.max = 5200ms (custom)
2019-09-26 21:18:49,206 [pool-37-thread-1] INFO  server.RaftServerConfigKeys (ConfUtils.java:logGet(43)) - raft.server.rpcslowness.timeout = 120s (custom)
2019-09-26 21:18:49,206 [pool-37-thread-1] INFO  server.RaftServerConfigKeys (ConfUtils.java:logGet(43)) - raft.server.sleep.deviation.threshold = 300 (default)
2019-09-26 21:18:49,206 [pool-37-thread-1] INFO  server.RaftServerConfigKeys (ConfUtils.java:logGet(43)) - raft.server.log.appender.install.snapshot.enabled = false (custom)
2019-09-26 21:18:49,206 [pool-37-thread-1] INFO  impl.RaftServerImpl (ServerState.java:<init>(103)) - 1178c3ae-d0b4-4d44-b144-fe8504cc41ac@group-846E52AEA8E9: ConfigurationManager, init=-1: [1178c3ae-d0b4-4d44-b144-fe8504cc41ac:192.168.151.99:33787], old=null, confs=<EMPTY_MAP>
2019-09-26 21:18:49,206 [pool-37-thread-1] INFO  server.RaftServerConfigKeys (ConfUtils.java:logGet(43)) - raft.server.storage.dir = [/workdir/hadoop-ozone/ozonefs/target/test-dir/MiniOzoneClusterImpl-5b64906c-d720-4906-b30c-b6d56a2122fd/datanode-1/data/ratis] (custom)
2019-09-26 21:18:49,207 [pool-37-thread-1] INFO  storage.RaftStorageDirectory (RaftStorageDirectory.java:analyzeStorage(246)) - The storage directory /workdir/hadoop-ozone/ozonefs/target/test-dir/MiniOzoneClusterImpl-5b64906c-d720-4906-b30c-b6d56a2122fd/datanode-1/data/ratis/23005abd-fa01-4889-a7cf-846e52aea8e9 does not exist. Creating ...
2019-09-26 21:18:49,224 [pool-37-thread-1] INFO  storage.RaftStorageDirectory (RaftStorageDirectory.java:tryLock(328)) - Lock on /workdir/hadoop-ozone/ozonefs/target/test-dir/MiniOzoneClusterImpl-5b64906c-d720-4906-b30c-b6d56a2122fd/datanode-1/data/ratis/23005abd-fa01-4889-a7cf-846e52aea8e9/in_use.lock acquired by nodename 10701@pr-hdds-1569-g6sp5-2013761785
2019-09-26 21:18:49,236 [pool-37-thread-1] INFO  storage.RaftStorage (RaftStorage.java:format(72)) - Storage directory /workdir/hadoop-ozone/ozonefs/target/test-dir/MiniOzoneClusterImpl-5b64906c-d720-4906-b30c-b6d56a2122fd/datanode-1/data/ratis/23005abd-fa01-4889-a7cf-846e52aea8e9 has been successfully formatted.
2019-09-26 21:18:49,237 [pool-37-thread-1] INFO  ratis.ContainerStateMachine (ContainerStateMachine.java:loadSnapshot(230)) - group-846E52AEA8E9: The snapshot info is null. Setting the last applied indexto:(t:0, i:~)
2019-09-26 21:18:49,237 [pool-37-thread-1] INFO  server.RaftServerConfigKeys (ConfUtils.java:logGet(43)) - raft.server.notification.no-leader.timeout = 120s (custom)
2019-09-26 21:18:49,237 [pool-37-thread-1] INFO  server.RaftServerConfigKeys (ConfUtils.java:logGet(43)) - raft.server.log.use.memory = false (default)
2019-09-26 21:18:49,237 [pool-37-thread-1] INFO  server.RaftServerConfigKeys (ConfUtils.java:logGet(43)) - raft.server.log.purge.gap = 1000000 (custom)
2019-09-26 21:18:49,237 [pool-37-thread-1] INFO  server.RaftServerConfigKeys (ConfUtils.java:logGet(43)) - raft.server.log.appender.buffer.byte-limit = 33554432 (custom)
2019-09-26 21:18:49,237 [pool-37-thread-1] INFO  server.RaftServerConfigKeys (ConfUtils.java:logGet(43)) - raft.server.log.segment.size.max = 1048576 (custom)
2019-09-26 21:18:49,237 [pool-37-thread-1] INFO  server.RaftServerConfigKeys (ConfUtils.java:logGet(43)) - raft.server.log.segment.cache.num.max = 2 (custom)
2019-09-26 21:18:49,238 [pool-37-thread-1] INFO  segmented.SegmentedRaftLogWorker (SegmentedRaftLogWorker.java:<init>(172)) - new 1178c3ae-d0b4-4d44-b144-fe8504cc41ac@group-846E52AEA8E9-SegmentedRaftLogWorker for RaftStorage:Storage Directory /workdir/hadoop-ozone/ozonefs/target/test-dir/MiniOzoneClusterImpl-5b64906c-d720-4906-b30c-b6d56a2122fd/datanode-1/data/ratis/23005abd-fa01-4889-a7cf-846e52aea8e9
2019-09-26 21:18:49,238 [pool-37-thread-1] INFO  server.RaftServerConfigKeys (ConfUtils.java:logGet(43)) - raft.server.log.queue.byte-limit = 2147483647 (custom)
2019-09-26 21:18:49,238 [pool-37-thread-1] INFO  server.RaftServerConfigKeys (ConfUtils.java:logGet(43)) - raft.server.log.queue.element-limit = 1024 (custom)
2019-09-26 21:18:49,238 [pool-37-thread-1] INFO  server.RaftServerConfigKeys (ConfUtils.java:logGet(43)) - raft.server.log.segment.size.max = 1048576 (custom)
2019-09-26 21:18:49,238 [pool-37-thread-1] INFO  server.RaftServerConfigKeys (ConfUtils.java:logGet(43)) - raft.server.log.preallocated.size = 16384 (custom)
2019-09-26 21:18:49,238 [pool-37-thread-1] INFO  server.RaftServerConfigKeys (ConfUtils.java:logGet(43)) - raft.server.log.write.buffer.size = 33554432 (custom)
2019-09-26 21:18:49,238 [pool-37-thread-1] INFO  server.RaftServerConfigKeys (ConfUtils.java:logGet(43)) - raft.server.log.force.sync.num = 128 (default)
2019-09-26 21:18:49,238 [pool-37-thread-1] INFO  server.RaftServerConfigKeys (ConfUtils.java:logGet(43)) - raft.server.log.statemachine.data.sync = true (default)
2019-09-26 21:18:49,238 [pool-37-thread-1] INFO  server.RaftServerConfigKeys (ConfUtils.java:logGet(43)) - raft.server.log.statemachine.data.sync.timeout = 10s (default)
2019-09-26 21:18:49,238 [pool-37-thread-1] INFO  server.RaftServerConfigKeys (ConfUtils.java:logGet(43)) - raft.server.log.statemachine.data.sync.timeout.retry = -1 (default)
2019-09-26 21:18:49,239 [pool-37-thread-1] INFO  server.RaftServerConfigKeys (ConfUtils.java:logGet(43)) - raft.server.log.statemachine.data.caching.enabled = true (custom)
2019-09-26 21:18:49,239 [pool-37-thread-1] INFO  segmented.SegmentedRaftLogWorker (SegmentedRaftLogWorker.java:lambda$new$0(132)) - 1178c3ae-d0b4-4d44-b144-fe8504cc41ac@group-846E52AEA8E9-SegmentedRaftLogWorker: flushIndex: setUnconditionally 0 -> -1
2019-09-26 21:18:49,239 [pool-37-thread-1] INFO  server.RaftServerConfigKeys (ConfUtils.java:logGet(43)) - raft.server.snapshot.auto.trigger.enabled = true (custom)
2019-09-26 21:18:49,239 [pool-37-thread-1] INFO  server.RaftServerConfigKeys (ConfUtils.java:logGet(43)) - raft.server.snapshot.auto.trigger.threshold = 10000 (custom)
2019-09-26 21:18:49,239 [pool-37-thread-1] INFO  server.RaftServerConfigKeys (ConfUtils.java:logGet(43)) - raft.server.snapshot.retention.num.files = 5 (custom)
2019-09-26 21:18:49,239 [pool-37-thread-1] INFO  server.RaftServerConfigKeys (ConfUtils.java:logGet(43)) - raft.server.retrycache.expirytime = 600000ms (custom)
2019-09-26 21:18:49,241 [pool-37-thread-1] INFO  impl.RaftServerImpl (RaftServerImpl.java:start(185)) - 1178c3ae-d0b4-4d44-b144-fe8504cc41ac@group-846E52AEA8E9: start as a follower, conf=-1: [1178c3ae-d0b4-4d44-b144-fe8504cc41ac:192.168.151.99:33787], old=null
2019-09-26 21:18:49,241 [pool-37-thread-1] INFO  impl.RaftServerImpl (RaftServerImpl.java:setRole(174)) - 1178c3ae-d0b4-4d44-b144-fe8504cc41ac@group-846E52AEA8E9: changes role from      null to FOLLOWER at term 0 for startAsFollower
2019-09-26 21:18:49,242 [pool-37-thread-1] INFO  impl.RoleInfo (RoleInfo.java:updateAndGet(143)) - 1178c3ae-d0b4-4d44-b144-fe8504cc41ac: start FollowerState
2019-09-26 21:18:49,242 [pool-37-thread-1] INFO  util.JmxRegister (JmxRegister.java:tryRegister(44)) - Successfully registered JMX Bean with object name Ratis:service=RaftServer,group=group-846E52AEA8E9,id=1178c3ae-d0b4-4d44-b144-fe8504cc41ac
2019-09-26 21:18:49,245 [RatisPipelineUtilsThread] INFO  pipeline.PipelineStateManager (PipelineStateManager.java:addPipeline(56)) - Created pipeline Pipeline[ Id: 23005abd-fa01-4889-a7cf-846e52aea8e9, Nodes: 1178c3ae-d0b4-4d44-b144-fe8504cc41ac{ip: 192.168.151.99, host: pr-hdds-1569-g6sp5-2013761785, networkLocation: /default-rack, certSerialId: null}, Type:RATIS, Factor:ONE, State:OPEN]
2019-09-26 21:18:49,249 [grpc-default-executor-1] INFO  impl.RaftServerProxy (RaftServerProxy.java:addNew(89)) - 1178c3ae-d0b4-4d44-b144-fe8504cc41ac: addNew group-6E19F58DAE58:[1178c3ae-d0b4-4d44-b144-fe8504cc41ac:192.168.151.99:33787] returns group-6E19F58DAE58:java.util.concurrent.CompletableFuture@4775ddf5[Not completed]
2019-09-26 21:18:49,251 [pool-37-thread-1] INFO  impl.RaftServerImpl (RaftServerImpl.java:<init>(95)) - 1178c3ae-d0b4-4d44-b144-fe8504cc41ac: new RaftServerImpl for group-6E19F58DAE58:[1178c3ae-d0b4-4d44-b144-fe8504cc41ac:192.168.151.99:33787] with ContainerStateMachine:uninitialized
2019-09-26 21:18:49,251 [pool-37-thread-1] INFO  server.RaftServerConfigKeys (ConfUtils.java:logGet(43)) - raft.server.rpc.timeout.min = 5s (custom)
2019-09-26 21:18:49,251 [pool-37-thread-1] INFO  server.RaftServerConfigKeys (ConfUtils.java:logGet(43)) - raft.server.rpc.timeout.max = 5200ms (custom)
2019-09-26 21:18:49,251 [pool-37-thread-1] INFO  server.RaftServerConfigKeys (ConfUtils.java:logGet(43)) - raft.server.rpcslowness.timeout = 120s (custom)
2019-09-26 21:18:49,251 [pool-37-thread-1] INFO  server.RaftServerConfigKeys (ConfUtils.java:logGet(43)) - raft.server.sleep.deviation.threshold = 300 (default)
2019-09-26 21:18:49,251 [pool-37-thread-1] INFO  server.RaftServerConfigKeys (ConfUtils.java:logGet(43)) - raft.server.log.appender.install.snapshot.enabled = false (custom)
2019-09-26 21:18:49,251 [pool-37-thread-1] INFO  impl.RaftServerImpl (ServerState.java:<init>(103)) - 1178c3ae-d0b4-4d44-b144-fe8504cc41ac@group-6E19F58DAE58: ConfigurationManager, init=-1: [1178c3ae-d0b4-4d44-b144-fe8504cc41ac:192.168.151.99:33787], old=null, confs=<EMPTY_MAP>
2019-09-26 21:18:49,252 [pool-37-thread-1] INFO  server.RaftServerConfigKeys (ConfUtils.java:logGet(43)) - raft.server.storage.dir = [/workdir/hadoop-ozone/ozonefs/target/test-dir/MiniOzoneClusterImpl-5b64906c-d720-4906-b30c-b6d56a2122fd/datanode-1/data/ratis] (custom)
2019-09-26 21:18:49,252 [pool-37-thread-1] INFO  storage.RaftStorageDirectory (RaftStorageDirectory.java:analyzeStorage(246)) - The storage directory /workdir/hadoop-ozone/ozonefs/target/test-dir/MiniOzoneClusterImpl-5b64906c-d720-4906-b30c-b6d56a2122fd/datanode-1/data/ratis/8258942d-976b-471a-ba45-6e19f58dae58 does not exist. Creating ...
2019-09-26 21:18:49,259 [Thread-266] INFO  impl.FollowerState (FollowerState.java:run(106)) - 09112efe-1fad-4539-a04f-c96aef6d2351:group-39CEDE312CC0 changes to CANDIDATE, lastRpcTime:5197, electionTimeout:5197ms
2019-09-26 21:18:49,259 [Thread-266] INFO  impl.RoleInfo (RoleInfo.java:shutdownFollowerState(121)) - 09112efe-1fad-4539-a04f-c96aef6d2351: shutdown FollowerState
2019-09-26 21:18:49,260 [Thread-266] INFO  impl.RaftServerImpl (RaftServerImpl.java:setRole(174)) - 09112efe-1fad-4539-a04f-c96aef6d2351@group-39CEDE312CC0: changes role from  FOLLOWER to CANDIDATE at term 0 for changeToCandidate
2019-09-26 21:18:49,260 [Thread-266] INFO  impl.RoleInfo (RoleInfo.java:updateAndGet(143)) - 09112efe-1fad-4539-a04f-c96aef6d2351: start LeaderElection
2019-09-26 21:18:49,277 [pool-37-thread-1] INFO  storage.RaftStorageDirectory (RaftStorageDirectory.java:tryLock(328)) - Lock on /workdir/hadoop-ozone/ozonefs/target/test-dir/MiniOzoneClusterImpl-5b64906c-d720-4906-b30c-b6d56a2122fd/datanode-1/data/ratis/8258942d-976b-471a-ba45-6e19f58dae58/in_use.lock acquired by nodename 10701@pr-hdds-1569-g6sp5-2013761785
2019-09-26 21:18:49,279 [09112efe-1fad-4539-a04f-c96aef6d2351@group-39CEDE312CC0:LeaderElection18] INFO  impl.LeaderElection (LeaderElection.java:askForVotes(182)) - 09112efe-1fad-4539-a04f-c96aef6d2351@group-39CEDE312CC0:LeaderElection18: begin an election at term 1 for -1: [09112efe-1fad-4539-a04f-c96aef6d2351:192.168.151.99:45286], old=null
2019-09-26 21:18:49,279 [09112efe-1fad-4539-a04f-c96aef6d2351@group-39CEDE312CC0:LeaderElection18] INFO  impl.RoleInfo (RoleInfo.java:shutdownLeaderElection(134)) - 09112efe-1fad-4539-a04f-c96aef6d2351: shutdown LeaderElection
2019-09-26 21:18:49,279 [09112efe-1fad-4539-a04f-c96aef6d2351@group-39CEDE312CC0:LeaderElection18] INFO  impl.RaftServerImpl (RaftServerImpl.java:setRole(174)) - 09112efe-1fad-4539-a04f-c96aef6d2351@group-39CEDE312CC0: changes role from CANDIDATE to LEADER at term 1 for changeToLeader
2019-09-26 21:18:49,279 [09112efe-1fad-4539-a04f-c96aef6d2351@group-39CEDE312CC0:LeaderElection18] INFO  impl.RaftServerImpl (ServerState.java:setLeader(253)) - 09112efe-1fad-4539-a04f-c96aef6d2351@group-39CEDE312CC0: change Leader from null to 09112efe-1fad-4539-a04f-c96aef6d2351 at term 1 for becomeLeader, leader elected after 5226ms
2019-09-26 21:18:49,280 [09112efe-1fad-4539-a04f-c96aef6d2351@group-39CEDE312CC0:LeaderElection18] INFO  server.RaftServerConfigKeys (ConfUtils.java:logGet(43)) - raft.server.staging.catchup.gap = 1000 (default)
2019-09-26 21:18:49,280 [09112efe-1fad-4539-a04f-c96aef6d2351@group-39CEDE312CC0:LeaderElection18] INFO  server.RaftServerConfigKeys (ConfUtils.java:logGet(43)) - raft.server.rpc.sleep.time = 25ms (default)
2019-09-26 21:18:49,280 [09112efe-1fad-4539-a04f-c96aef6d2351@group-39CEDE312CC0:LeaderElection18] INFO  server.RaftServerConfigKeys (ConfUtils.java:logGet(43)) - raft.server.write.element-limit = 4096 (default)
2019-09-26 21:18:49,280 [09112efe-1fad-4539-a04f-c96aef6d2351@group-39CEDE312CC0:LeaderElection18] INFO  server.RaftServerConfigKeys (ConfUtils.java:logGet(43)) - raft.server.watch.timeout = 10s (default)
2019-09-26 21:18:49,280 [09112efe-1fad-4539-a04f-c96aef6d2351@group-39CEDE312CC0:LeaderElection18] INFO  server.RaftServerConfigKeys (ConfUtils.java:logGet(43)) - raft.server.watch.timeout.denomination = 1s (default)
2019-09-26 21:18:49,280 [09112efe-1fad-4539-a04f-c96aef6d2351@group-39CEDE312CC0:LeaderElection18] INFO  server.RaftServerConfigKeys (ConfUtils.java:logGet(43)) - raft.server.watch.element-limit = 65536 (default)
2019-09-26 21:18:49,281 [pool-37-thread-1] INFO  storage.RaftStorage (RaftStorage.java:format(72)) - Storage directory /workdir/hadoop-ozone/ozonefs/target/test-dir/MiniOzoneClusterImpl-5b64906c-d720-4906-b30c-b6d56a2122fd/datanode-1/data/ratis/8258942d-976b-471a-ba45-6e19f58dae58 has been successfully formatted.
2019-09-26 21:18:49,281 [pool-37-thread-1] INFO  ratis.ContainerStateMachine (ContainerStateMachine.java:loadSnapshot(230)) - group-6E19F58DAE58: The snapshot info is null. Setting the last applied indexto:(t:0, i:~)
2019-09-26 21:18:49,282 [pool-37-thread-1] INFO  server.RaftServerConfigKeys (ConfUtils.java:logGet(43)) - raft.server.notification.no-leader.timeout = 120s (custom)
2019-09-26 21:18:49,282 [pool-37-thread-1] INFO  server.RaftServerConfigKeys (ConfUtils.java:logGet(43)) - raft.server.log.use.memory = false (default)
2019-09-26 21:18:49,282 [pool-37-thread-1] INFO  server.RaftServerConfigKeys (ConfUtils.java:logGet(43)) - raft.server.log.purge.gap = 1000000 (custom)
2019-09-26 21:18:49,282 [pool-37-thread-1] INFO  server.RaftServerConfigKeys (ConfUtils.java:logGet(43)) - raft.server.log.appender.buffer.byte-limit = 33554432 (custom)
2019-09-26 21:18:49,282 [pool-37-thread-1] INFO  server.RaftServerConfigKeys (ConfUtils.java:logGet(43)) - raft.server.log.segment.size.max = 1048576 (custom)
2019-09-26 21:18:49,282 [pool-37-thread-1] INFO  server.RaftServerConfigKeys (ConfUtils.java:logGet(43)) - raft.server.log.segment.cache.num.max = 2 (custom)
2019-09-26 21:18:49,282 [pool-37-thread-1] INFO  segmented.SegmentedRaftLogWorker (SegmentedRaftLogWorker.java:<init>(172)) - new 1178c3ae-d0b4-4d44-b144-fe8504cc41ac@group-6E19F58DAE58-SegmentedRaftLogWorker for RaftStorage:Storage Directory /workdir/hadoop-ozone/ozonefs/target/test-dir/MiniOzoneClusterImpl-5b64906c-d720-4906-b30c-b6d56a2122fd/datanode-1/data/ratis/8258942d-976b-471a-ba45-6e19f58dae58
2019-09-26 21:18:49,282 [pool-37-thread-1] INFO  server.RaftServerConfigKeys (ConfUtils.java:logGet(43)) - raft.server.log.queue.byte-limit = 2147483647 (custom)
2019-09-26 21:18:49,282 [09112efe-1fad-4539-a04f-c96aef6d2351@group-39CEDE312CC0:LeaderElection18] INFO  impl.RoleInfo (RoleInfo.java:updateAndGet(143)) - 09112efe-1fad-4539-a04f-c96aef6d2351: start LeaderState
2019-09-26 21:18:49,283 [pool-37-thread-1] INFO  server.RaftServerConfigKeys (ConfUtils.java:logGet(43)) - raft.server.log.queue.element-limit = 1024 (custom)
2019-09-26 21:18:49,283 [pool-37-thread-1] INFO  server.RaftServerConfigKeys (ConfUtils.java:logGet(43)) - raft.server.log.segment.size.max = 1048576 (custom)
2019-09-26 21:18:49,283 [09112efe-1fad-4539-a04f-c96aef6d2351@group-39CEDE312CC0:LeaderElection18] INFO  segmented.SegmentedRaftLogWorker (SegmentedRaftLogWorker.java:startLogSegment(380)) - 09112efe-1fad-4539-a04f-c96aef6d2351@group-39CEDE312CC0-SegmentedRaftLogWorker: Starting segment from index:0
2019-09-26 21:18:49,283 [pool-37-thread-1] INFO  server.RaftServerConfigKeys (ConfUtils.java:logGet(43)) - raft.server.log.preallocated.size = 16384 (custom)
2019-09-26 21:18:49,283 [pool-37-thread-1] INFO  server.RaftServerConfigKeys (ConfUtils.java:logGet(43)) - raft.server.log.write.buffer.size = 33554432 (custom)
2019-09-26 21:18:49,283 [pool-37-thread-1] INFO  server.RaftServerConfigKeys (ConfUtils.java:logGet(43)) - raft.server.log.force.sync.num = 128 (default)
2019-09-26 21:18:49,283 [pool-37-thread-1] INFO  server.RaftServerConfigKeys (ConfUtils.java:logGet(43)) - raft.server.log.statemachine.data.sync = true (default)
2019-09-26 21:18:49,283 [09112efe-1fad-4539-a04f-c96aef6d2351@group-39CEDE312CC0:LeaderElection18] INFO  impl.RaftServerImpl (ServerState.java:setRaftConf(354)) - 09112efe-1fad-4539-a04f-c96aef6d2351@group-39CEDE312CC0: set configuration 0: [09112efe-1fad-4539-a04f-c96aef6d2351:192.168.151.99:45286], old=null at 0
2019-09-26 21:18:49,284 [Thread-270] INFO  impl.FollowerState (FollowerState.java:run(106)) - da833d8d-e72a-4068-9560-4daa2d83adc2:group-E212E05007DD changes to CANDIDATE, lastRpcTime:5156, electionTimeout:5155ms
2019-09-26 21:18:49,284 [pool-37-thread-1] INFO  server.RaftServerConfigKeys (ConfUtils.java:logGet(43)) - raft.server.log.statemachine.data.sync.timeout = 10s (default)
2019-09-26 21:18:49,316 [Thread-270] INFO  impl.RoleInfo (RoleInfo.java:shutdownFollowerState(121)) - da833d8d-e72a-4068-9560-4daa2d83adc2: shutdown FollowerState
2019-09-26 21:18:49,316 [pool-37-thread-1] INFO  server.RaftServerConfigKeys (ConfUtils.java:logGet(43)) - raft.server.log.statemachine.data.sync.timeout.retry = -1 (default)
2019-09-26 21:18:49,316 [Thread-270] INFO  impl.RaftServerImpl (RaftServerImpl.java:setRole(174)) - da833d8d-e72a-4068-9560-4daa2d83adc2@group-E212E05007DD: changes role from  FOLLOWER to CANDIDATE at term 0 for changeToCandidate
2019-09-26 21:18:49,317 [pool-37-thread-1] INFO  server.RaftServerConfigKeys (ConfUtils.java:logGet(43)) - raft.server.log.statemachine.data.caching.enabled = true (custom)
2019-09-26 21:18:49,317 [Thread-270] INFO  impl.RoleInfo (RoleInfo.java:updateAndGet(143)) - da833d8d-e72a-4068-9560-4daa2d83adc2: start LeaderElection
2019-09-26 21:18:49,317 [pool-37-thread-1] INFO  segmented.SegmentedRaftLogWorker (SegmentedRaftLogWorker.java:lambda$new$0(132)) - 1178c3ae-d0b4-4d44-b144-fe8504cc41ac@group-6E19F58DAE58-SegmentedRaftLogWorker: flushIndex: setUnconditionally 0 -> -1
2019-09-26 21:18:49,323 [pool-37-thread-1] INFO  server.RaftServerConfigKeys (ConfUtils.java:logGet(43)) - raft.server.snapshot.auto.trigger.enabled = true (custom)
2019-09-26 21:18:49,323 [pool-37-thread-1] INFO  server.RaftServerConfigKeys (ConfUtils.java:logGet(43)) - raft.server.snapshot.auto.trigger.threshold = 10000 (custom)
2019-09-26 21:18:49,323 [pool-37-thread-1] INFO  server.RaftServerConfigKeys (ConfUtils.java:logGet(43)) - raft.server.snapshot.retention.num.files = 5 (custom)
2019-09-26 21:18:49,323 [pool-37-thread-1] INFO  server.RaftServerConfigKeys (ConfUtils.java:logGet(43)) - raft.server.retrycache.expirytime = 600000ms (custom)
2019-09-26 21:18:49,326 [pool-37-thread-1] INFO  impl.RaftServerImpl (RaftServerImpl.java:start(185)) - 1178c3ae-d0b4-4d44-b144-fe8504cc41ac@group-6E19F58DAE58: start as a follower, conf=-1: [1178c3ae-d0b4-4d44-b144-fe8504cc41ac:192.168.151.99:33787], old=null
2019-09-26 21:18:49,326 [pool-37-thread-1] INFO  impl.RaftServerImpl (RaftServerImpl.java:setRole(174)) - 1178c3ae-d0b4-4d44-b144-fe8504cc41ac@group-6E19F58DAE58: changes role from      null to FOLLOWER at term 0 for startAsFollower
2019-09-26 21:18:49,326 [pool-37-thread-1] INFO  impl.RoleInfo (RoleInfo.java:updateAndGet(143)) - 1178c3ae-d0b4-4d44-b144-fe8504cc41ac: start FollowerState
2019-09-26 21:18:49,326 [pool-37-thread-1] INFO  util.JmxRegister (JmxRegister.java:tryRegister(44)) - Successfully registered JMX Bean with object name Ratis:service=RaftServer,group=group-6E19F58DAE58,id=1178c3ae-d0b4-4d44-b144-fe8504cc41ac
2019-09-26 21:18:49,329 [09112efe-1fad-4539-a04f-c96aef6d2351@group-39CEDE312CC0-SegmentedRaftLogWorker] INFO  segmented.SegmentedRaftLogWorker (SegmentedRaftLogWorker.java:execute(569)) - 09112efe-1fad-4539-a04f-c96aef6d2351@group-39CEDE312CC0-SegmentedRaftLogWorker: created new log segment /workdir/hadoop-ozone/ozonefs/target/test-dir/MiniOzoneClusterImpl-5b64906c-d720-4906-b30c-b6d56a2122fd/datanode-2/data/ratis/4755b04e-1d84-4da9-b520-39cede312cc0/current/log_inprogress_0
2019-09-26 21:18:49,329 [da833d8d-e72a-4068-9560-4daa2d83adc2@group-E212E05007DD:LeaderElection19] INFO  impl.LeaderElection (LeaderElection.java:askForVotes(182)) - da833d8d-e72a-4068-9560-4daa2d83adc2@group-E212E05007DD:LeaderElection19: begin an election at term 1 for -1: [da833d8d-e72a-4068-9560-4daa2d83adc2:192.168.151.99:38903], old=null
2019-09-26 21:18:49,329 [da833d8d-e72a-4068-9560-4daa2d83adc2@group-E212E05007DD:LeaderElection19] INFO  impl.RoleInfo (RoleInfo.java:shutdownLeaderElection(134)) - da833d8d-e72a-4068-9560-4daa2d83adc2: shutdown LeaderElection
2019-09-26 21:18:49,329 [da833d8d-e72a-4068-9560-4daa2d83adc2@group-E212E05007DD:LeaderElection19] INFO  impl.RaftServerImpl (RaftServerImpl.java:setRole(174)) - da833d8d-e72a-4068-9560-4daa2d83adc2@group-E212E05007DD: changes role from CANDIDATE to LEADER at term 1 for changeToLeader
2019-09-26 21:18:49,329 [da833d8d-e72a-4068-9560-4daa2d83adc2@group-E212E05007DD:LeaderElection19] INFO  impl.RaftServerImpl (ServerState.java:setLeader(253)) - da833d8d-e72a-4068-9560-4daa2d83adc2@group-E212E05007DD: change Leader from null to da833d8d-e72a-4068-9560-4daa2d83adc2 at term 1 for becomeLeader, leader elected after 5217ms
2019-09-26 21:18:49,330 [RatisPipelineUtilsThread] INFO  pipeline.PipelineStateManager (PipelineStateManager.java:addPipeline(56)) - Created pipeline Pipeline[ Id: 8258942d-976b-471a-ba45-6e19f58dae58, Nodes: 1178c3ae-d0b4-4d44-b144-fe8504cc41ac{ip: 192.168.151.99, host: pr-hdds-1569-g6sp5-2013761785, networkLocation: /default-rack, certSerialId: null}, Type:RATIS, Factor:ONE, State:OPEN]
2019-09-26 21:18:49,330 [da833d8d-e72a-4068-9560-4daa2d83adc2@group-E212E05007DD:LeaderElection19] INFO  server.RaftServerConfigKeys (ConfUtils.java:logGet(43)) - raft.server.staging.catchup.gap = 1000 (default)
2019-09-26 21:18:49,330 [da833d8d-e72a-4068-9560-4daa2d83adc2@group-E212E05007DD:LeaderElection19] INFO  server.RaftServerConfigKeys (ConfUtils.java:logGet(43)) - raft.server.rpc.sleep.time = 25ms (default)
2019-09-26 21:18:49,330 [da833d8d-e72a-4068-9560-4daa2d83adc2@group-E212E05007DD:LeaderElection19] INFO  server.RaftServerConfigKeys (ConfUtils.java:logGet(43)) - raft.server.write.element-limit = 4096 (default)
2019-09-26 21:18:49,330 [da833d8d-e72a-4068-9560-4daa2d83adc2@group-E212E05007DD:LeaderElection19] INFO  server.RaftServerConfigKeys (ConfUtils.java:logGet(43)) - raft.server.watch.timeout = 10s (default)
2019-09-26 21:18:49,330 [da833d8d-e72a-4068-9560-4daa2d83adc2@group-E212E05007DD:LeaderElection19] INFO  server.RaftServerConfigKeys (ConfUtils.java:logGet(43)) - raft.server.watch.timeout.denomination = 1s (default)
2019-09-26 21:18:49,331 [da833d8d-e72a-4068-9560-4daa2d83adc2@group-E212E05007DD:LeaderElection19] INFO  server.RaftServerConfigKeys (ConfUtils.java:logGet(43)) - raft.server.watch.element-limit = 65536 (default)
2019-09-26 21:18:49,336 [da833d8d-e72a-4068-9560-4daa2d83adc2@group-E212E05007DD:LeaderElection19] INFO  impl.RoleInfo (RoleInfo.java:updateAndGet(143)) - da833d8d-e72a-4068-9560-4daa2d83adc2: start LeaderState
2019-09-26 21:18:49,337 [da833d8d-e72a-4068-9560-4daa2d83adc2@group-E212E05007DD:LeaderElection19] INFO  segmented.SegmentedRaftLogWorker (SegmentedRaftLogWorker.java:startLogSegment(380)) - da833d8d-e72a-4068-9560-4daa2d83adc2@group-E212E05007DD-SegmentedRaftLogWorker: Starting segment from index:0
2019-09-26 21:18:49,337 [da833d8d-e72a-4068-9560-4daa2d83adc2@group-E212E05007DD:LeaderElection19] INFO  impl.RaftServerImpl (ServerState.java:setRaftConf(354)) - da833d8d-e72a-4068-9560-4daa2d83adc2@group-E212E05007DD: set configuration 0: [da833d8d-e72a-4068-9560-4daa2d83adc2:192.168.151.99:38903], old=null at 0
2019-09-26 21:18:49,343 [grpc-default-executor-1] INFO  impl.RaftServerProxy (RaftServerProxy.java:addNew(89)) - 1178c3ae-d0b4-4d44-b144-fe8504cc41ac: addNew group-1D2C931F4BA5:[1178c3ae-d0b4-4d44-b144-fe8504cc41ac:192.168.151.99:33787] returns group-1D2C931F4BA5:java.util.concurrent.CompletableFuture@121ff3c[Not completed]
2019-09-26 21:18:49,345 [pool-37-thread-1] INFO  impl.RaftServerImpl (RaftServerImpl.java:<init>(95)) - 1178c3ae-d0b4-4d44-b144-fe8504cc41ac: new RaftServerImpl for group-1D2C931F4BA5:[1178c3ae-d0b4-4d44-b144-fe8504cc41ac:192.168.151.99:33787] with ContainerStateMachine:uninitialized
2019-09-26 21:18:49,345 [pool-37-thread-1] INFO  server.RaftServerConfigKeys (ConfUtils.java:logGet(43)) - raft.server.rpc.timeout.min = 5s (custom)
2019-09-26 21:18:49,345 [pool-37-thread-1] INFO  server.RaftServerConfigKeys (ConfUtils.java:logGet(43)) - raft.server.rpc.timeout.max = 5200ms (custom)
2019-09-26 21:18:49,345 [pool-37-thread-1] INFO  server.RaftServerConfigKeys (ConfUtils.java:logGet(43)) - raft.server.rpcslowness.timeout = 120s (custom)
2019-09-26 21:18:49,345 [pool-37-thread-1] INFO  server.RaftServerConfigKeys (ConfUtils.java:logGet(43)) - raft.server.sleep.deviation.threshold = 300 (default)
2019-09-26 21:18:49,345 [pool-37-thread-1] INFO  server.RaftServerConfigKeys (ConfUtils.java:logGet(43)) - raft.server.log.appender.install.snapshot.enabled = false (custom)
2019-09-26 21:18:49,345 [pool-37-thread-1] INFO  impl.RaftServerImpl (ServerState.java:<init>(103)) - 1178c3ae-d0b4-4d44-b144-fe8504cc41ac@group-1D2C931F4BA5: ConfigurationManager, init=-1: [1178c3ae-d0b4-4d44-b144-fe8504cc41ac:192.168.151.99:33787], old=null, confs=<EMPTY_MAP>
2019-09-26 21:18:49,346 [pool-37-thread-1] INFO  server.RaftServerConfigKeys (ConfUtils.java:logGet(43)) - raft.server.storage.dir = [/workdir/hadoop-ozone/ozonefs/target/test-dir/MiniOzoneClusterImpl-5b64906c-d720-4906-b30c-b6d56a2122fd/datanode-1/data/ratis] (custom)
2019-09-26 21:18:49,346 [pool-37-thread-1] INFO  storage.RaftStorageDirectory (RaftStorageDirectory.java:analyzeStorage(246)) - The storage directory /workdir/hadoop-ozone/ozonefs/target/test-dir/MiniOzoneClusterImpl-5b64906c-d720-4906-b30c-b6d56a2122fd/datanode-1/data/ratis/224ceebf-e9db-4b42-a486-1d2c931f4ba5 does not exist. Creating ...
2019-09-26 21:18:49,359 [pool-37-thread-1] INFO  storage.RaftStorageDirectory (RaftStorageDirectory.java:tryLock(328)) - Lock on /workdir/hadoop-ozone/ozonefs/target/test-dir/MiniOzoneClusterImpl-5b64906c-d720-4906-b30c-b6d56a2122fd/datanode-1/data/ratis/224ceebf-e9db-4b42-a486-1d2c931f4ba5/in_use.lock acquired by nodename 10701@pr-hdds-1569-g6sp5-2013761785
2019-09-26 21:18:49,371 [pool-37-thread-1] INFO  storage.RaftStorage (RaftStorage.java:format(72)) - Storage directory /workdir/hadoop-ozone/ozonefs/target/test-dir/MiniOzoneClusterImpl-5b64906c-d720-4906-b30c-b6d56a2122fd/datanode-1/data/ratis/224ceebf-e9db-4b42-a486-1d2c931f4ba5 has been successfully formatted.
2019-09-26 21:18:49,372 [pool-37-thread-1] INFO  ratis.ContainerStateMachine (ContainerStateMachine.java:loadSnapshot(230)) - group-1D2C931F4BA5: The snapshot info is null. Setting the last applied indexto:(t:0, i:~)
2019-09-26 21:18:49,372 [pool-37-thread-1] INFO  server.RaftServerConfigKeys (ConfUtils.java:logGet(43)) - raft.server.notification.no-leader.timeout = 120s (custom)
2019-09-26 21:18:49,372 [pool-37-thread-1] INFO  server.RaftServerConfigKeys (ConfUtils.java:logGet(43)) - raft.server.log.use.memory = false (default)
2019-09-26 21:18:49,372 [pool-37-thread-1] INFO  server.RaftServerConfigKeys (ConfUtils.java:logGet(43)) - raft.server.log.purge.gap = 1000000 (custom)
2019-09-26 21:18:49,372 [pool-37-thread-1] INFO  server.RaftServerConfigKeys (ConfUtils.java:logGet(43)) - raft.server.log.appender.buffer.byte-limit = 33554432 (custom)
2019-09-26 21:18:49,372 [pool-37-thread-1] INFO  server.RaftServerConfigKeys (ConfUtils.java:logGet(43)) - raft.server.log.segment.size.max = 1048576 (custom)
2019-09-26 21:18:49,372 [pool-37-thread-1] INFO  server.RaftServerConfigKeys (ConfUtils.java:logGet(43)) - raft.server.log.segment.cache.num.max = 2 (custom)
2019-09-26 21:18:49,373 [pool-37-thread-1] INFO  segmented.SegmentedRaftLogWorker (SegmentedRaftLogWorker.java:<init>(172)) - new 1178c3ae-d0b4-4d44-b144-fe8504cc41ac@group-1D2C931F4BA5-SegmentedRaftLogWorker for RaftStorage:Storage Directory /workdir/hadoop-ozone/ozonefs/target/test-dir/MiniOzoneClusterImpl-5b64906c-d720-4906-b30c-b6d56a2122fd/datanode-1/data/ratis/224ceebf-e9db-4b42-a486-1d2c931f4ba5
2019-09-26 21:18:49,373 [pool-37-thread-1] INFO  server.RaftServerConfigKeys (ConfUtils.java:logGet(43)) - raft.server.log.queue.byte-limit = 2147483647 (custom)
2019-09-26 21:18:49,373 [pool-37-thread-1] INFO  server.RaftServerConfigKeys (ConfUtils.java:logGet(43)) - raft.server.log.queue.element-limit = 1024 (custom)
2019-09-26 21:18:49,373 [pool-37-thread-1] INFO  server.RaftServerConfigKeys (ConfUtils.java:logGet(43)) - raft.server.log.segment.size.max = 1048576 (custom)
2019-09-26 21:18:49,373 [pool-37-thread-1] INFO  server.RaftServerConfigKeys (ConfUtils.java:logGet(43)) - raft.server.log.preallocated.size = 16384 (custom)
2019-09-26 21:18:49,373 [pool-37-thread-1] INFO  server.RaftServerConfigKeys (ConfUtils.java:logGet(43)) - raft.server.log.write.buffer.size = 33554432 (custom)
2019-09-26 21:18:49,373 [pool-37-thread-1] INFO  server.RaftServerConfigKeys (ConfUtils.java:logGet(43)) - raft.server.log.force.sync.num = 128 (default)
2019-09-26 21:18:49,373 [pool-37-thread-1] INFO  server.RaftServerConfigKeys (ConfUtils.java:logGet(43)) - raft.server.log.statemachine.data.sync = true (default)
2019-09-26 21:18:49,373 [pool-37-thread-1] INFO  server.RaftServerConfigKeys (ConfUtils.java:logGet(43)) - raft.server.log.statemachine.data.sync.timeout = 10s (default)
2019-09-26 21:18:49,373 [pool-37-thread-1] INFO  server.RaftServerConfigKeys (ConfUtils.java:logGet(43)) - raft.server.log.statemachine.data.sync.timeout.retry = -1 (default)
2019-09-26 21:18:49,374 [pool-37-thread-1] INFO  server.RaftServerConfigKeys (ConfUtils.java:logGet(43)) - raft.server.log.statemachine.data.caching.enabled = true (custom)
2019-09-26 21:18:49,374 [pool-37-thread-1] INFO  segmented.SegmentedRaftLogWorker (SegmentedRaftLogWorker.java:lambda$new$0(132)) - 1178c3ae-d0b4-4d44-b144-fe8504cc41ac@group-1D2C931F4BA5-SegmentedRaftLogWorker: flushIndex: setUnconditionally 0 -> -1
2019-09-26 21:18:49,374 [pool-37-thread-1] INFO  server.RaftServerConfigKeys (ConfUtils.java:logGet(43)) - raft.server.snapshot.auto.trigger.enabled = true (custom)
2019-09-26 21:18:49,374 [pool-37-thread-1] INFO  server.RaftServerConfigKeys (ConfUtils.java:logGet(43)) - raft.server.snapshot.auto.trigger.threshold = 10000 (custom)
2019-09-26 21:18:49,374 [pool-37-thread-1] INFO  server.RaftServerConfigKeys (ConfUtils.java:logGet(43)) - raft.server.snapshot.retention.num.files = 5 (custom)
2019-09-26 21:18:49,375 [pool-37-thread-1] INFO  server.RaftServerConfigKeys (ConfUtils.java:logGet(43)) - raft.server.retrycache.expirytime = 600000ms (custom)
2019-09-26 21:18:49,376 [pool-37-thread-1] INFO  impl.RaftServerImpl (RaftServerImpl.java:start(185)) - 1178c3ae-d0b4-4d44-b144-fe8504cc41ac@group-1D2C931F4BA5: start as a follower, conf=-1: [1178c3ae-d0b4-4d44-b144-fe8504cc41ac:192.168.151.99:33787], old=null
2019-09-26 21:18:49,376 [pool-37-thread-1] INFO  impl.RaftServerImpl (RaftServerImpl.java:setRole(174)) - 1178c3ae-d0b4-4d44-b144-fe8504cc41ac@group-1D2C931F4BA5: changes role from      null to FOLLOWER at term 0 for startAsFollower
2019-09-26 21:18:49,376 [pool-37-thread-1] INFO  impl.RoleInfo (RoleInfo.java:updateAndGet(143)) - 1178c3ae-d0b4-4d44-b144-fe8504cc41ac: start FollowerState
2019-09-26 21:18:49,377 [pool-37-thread-1] INFO  util.JmxRegister (JmxRegister.java:tryRegister(44)) - Successfully registered JMX Bean with object name Ratis:service=RaftServer,group=group-1D2C931F4BA5,id=1178c3ae-d0b4-4d44-b144-fe8504cc41ac
2019-09-26 21:18:49,380 [RatisPipelineUtilsThread] INFO  pipeline.PipelineStateManager (PipelineStateManager.java:addPipeline(56)) - Created pipeline Pipeline[ Id: 224ceebf-e9db-4b42-a486-1d2c931f4ba5, Nodes: 1178c3ae-d0b4-4d44-b144-fe8504cc41ac{ip: 192.168.151.99, host: pr-hdds-1569-g6sp5-2013761785, networkLocation: /default-rack, certSerialId: null}, Type:RATIS, Factor:ONE, State:OPEN]
2019-09-26 21:18:49,386 [grpc-default-executor-1] INFO  impl.RaftServerProxy (RaftServerProxy.java:addNew(89)) - 1178c3ae-d0b4-4d44-b144-fe8504cc41ac: addNew group-AB347EA75367:[1178c3ae-d0b4-4d44-b144-fe8504cc41ac:192.168.151.99:33787] returns group-AB347EA75367:java.util.concurrent.CompletableFuture@61e2a3cb[Not completed]
2019-09-26 21:18:49,387 [pool-37-thread-1] INFO  impl.RaftServerImpl (RaftServerImpl.java:<init>(95)) - 1178c3ae-d0b4-4d44-b144-fe8504cc41ac: new RaftServerImpl for group-AB347EA75367:[1178c3ae-d0b4-4d44-b144-fe8504cc41ac:192.168.151.99:33787] with ContainerStateMachine:uninitialized
2019-09-26 21:18:49,387 [pool-37-thread-1] INFO  server.RaftServerConfigKeys (ConfUtils.java:logGet(43)) - raft.server.rpc.timeout.min = 5s (custom)
2019-09-26 21:18:49,387 [pool-37-thread-1] INFO  server.RaftServerConfigKeys (ConfUtils.java:logGet(43)) - raft.server.rpc.timeout.max = 5200ms (custom)
2019-09-26 21:18:49,387 [pool-37-thread-1] INFO  server.RaftServerConfigKeys (ConfUtils.java:logGet(43)) - raft.server.rpcslowness.timeout = 120s (custom)
2019-09-26 21:18:49,387 [pool-37-thread-1] INFO  server.RaftServerConfigKeys (ConfUtils.java:logGet(43)) - raft.server.sleep.deviation.threshold = 300 (default)
2019-09-26 21:18:49,388 [pool-37-thread-1] INFO  server.RaftServerConfigKeys (ConfUtils.java:logGet(43)) - raft.server.log.appender.install.snapshot.enabled = false (custom)
2019-09-26 21:18:49,388 [pool-37-thread-1] INFO  impl.RaftServerImpl (ServerState.java:<init>(103)) - 1178c3ae-d0b4-4d44-b144-fe8504cc41ac@group-AB347EA75367: ConfigurationManager, init=-1: [1178c3ae-d0b4-4d44-b144-fe8504cc41ac:192.168.151.99:33787], old=null, confs=<EMPTY_MAP>
2019-09-26 21:18:49,388 [pool-37-thread-1] INFO  server.RaftServerConfigKeys (ConfUtils.java:logGet(43)) - raft.server.storage.dir = [/workdir/hadoop-ozone/ozonefs/target/test-dir/MiniOzoneClusterImpl-5b64906c-d720-4906-b30c-b6d56a2122fd/datanode-1/data/ratis] (custom)
2019-09-26 21:18:49,388 [pool-37-thread-1] INFO  storage.RaftStorageDirectory (RaftStorageDirectory.java:analyzeStorage(246)) - The storage directory /workdir/hadoop-ozone/ozonefs/target/test-dir/MiniOzoneClusterImpl-5b64906c-d720-4906-b30c-b6d56a2122fd/datanode-1/data/ratis/891a63ff-2d81-4e85-95bd-ab347ea75367 does not exist. Creating ...
2019-09-26 21:18:49,393 [pool-37-thread-1] INFO  storage.RaftStorageDirectory (RaftStorageDirectory.java:tryLock(328)) - Lock on /workdir/hadoop-ozone/ozonefs/target/test-dir/MiniOzoneClusterImpl-5b64906c-d720-4906-b30c-b6d56a2122fd/datanode-1/data/ratis/891a63ff-2d81-4e85-95bd-ab347ea75367/in_use.lock acquired by nodename 10701@pr-hdds-1569-g6sp5-2013761785
2019-09-26 21:18:49,393 [da833d8d-e72a-4068-9560-4daa2d83adc2@group-E212E05007DD-SegmentedRaftLogWorker] INFO  segmented.SegmentedRaftLogWorker (SegmentedRaftLogWorker.java:execute(569)) - da833d8d-e72a-4068-9560-4daa2d83adc2@group-E212E05007DD-SegmentedRaftLogWorker: created new log segment /workdir/hadoop-ozone/ozonefs/target/test-dir/MiniOzoneClusterImpl-5b64906c-d720-4906-b30c-b6d56a2122fd/datanode-4/data/ratis/9278d484-8ada-4234-8a93-e212e05007dd/current/log_inprogress_0
2019-09-26 21:18:49,406 [pool-37-thread-1] INFO  storage.RaftStorage (RaftStorage.java:format(72)) - Storage directory /workdir/hadoop-ozone/ozonefs/target/test-dir/MiniOzoneClusterImpl-5b64906c-d720-4906-b30c-b6d56a2122fd/datanode-1/data/ratis/891a63ff-2d81-4e85-95bd-ab347ea75367 has been successfully formatted.
2019-09-26 21:18:49,406 [pool-37-thread-1] INFO  ratis.ContainerStateMachine (ContainerStateMachine.java:loadSnapshot(230)) - group-AB347EA75367: The snapshot info is null. Setting the last applied indexto:(t:0, i:~)
2019-09-26 21:18:49,406 [pool-37-thread-1] INFO  server.RaftServerConfigKeys (ConfUtils.java:logGet(43)) - raft.server.notification.no-leader.timeout = 120s (custom)
2019-09-26 21:18:49,406 [pool-37-thread-1] INFO  server.RaftServerConfigKeys (ConfUtils.java:logGet(43)) - raft.server.log.use.memory = false (default)
2019-09-26 21:18:49,407 [pool-37-thread-1] INFO  server.RaftServerConfigKeys (ConfUtils.java:logGet(43)) - raft.server.log.purge.gap = 1000000 (custom)
2019-09-26 21:18:49,407 [pool-37-thread-1] INFO  server.RaftServerConfigKeys (ConfUtils.java:logGet(43)) - raft.server.log.appender.buffer.byte-limit = 33554432 (custom)
2019-09-26 21:18:49,407 [pool-37-thread-1] INFO  server.RaftServerConfigKeys (ConfUtils.java:logGet(43)) - raft.server.log.segment.size.max = 1048576 (custom)
2019-09-26 21:18:49,407 [pool-37-thread-1] INFO  server.RaftServerConfigKeys (ConfUtils.java:logGet(43)) - raft.server.log.segment.cache.num.max = 2 (custom)
2019-09-26 21:18:49,407 [pool-37-thread-1] INFO  segmented.SegmentedRaftLogWorker (SegmentedRaftLogWorker.java:<init>(172)) - new 1178c3ae-d0b4-4d44-b144-fe8504cc41ac@group-AB347EA75367-SegmentedRaftLogWorker for RaftStorage:Storage Directory /workdir/hadoop-ozone/ozonefs/target/test-dir/MiniOzoneClusterImpl-5b64906c-d720-4906-b30c-b6d56a2122fd/datanode-1/data/ratis/891a63ff-2d81-4e85-95bd-ab347ea75367
2019-09-26 21:18:49,407 [pool-37-thread-1] INFO  server.RaftServerConfigKeys (ConfUtils.java:logGet(43)) - raft.server.log.queue.byte-limit = 2147483647 (custom)
2019-09-26 21:18:49,407 [pool-37-thread-1] INFO  server.RaftServerConfigKeys (ConfUtils.java:logGet(43)) - raft.server.log.queue.element-limit = 1024 (custom)
2019-09-26 21:18:49,407 [pool-37-thread-1] INFO  server.RaftServerConfigKeys (ConfUtils.java:logGet(43)) - raft.server.log.segment.size.max = 1048576 (custom)
2019-09-26 21:18:49,407 [pool-37-thread-1] INFO  server.RaftServerConfigKeys (ConfUtils.java:logGet(43)) - raft.server.log.preallocated.size = 16384 (custom)
2019-09-26 21:18:49,407 [pool-37-thread-1] INFO  server.RaftServerConfigKeys (ConfUtils.java:logGet(43)) - raft.server.log.write.buffer.size = 33554432 (custom)
2019-09-26 21:18:49,408 [pool-37-thread-1] INFO  server.RaftServerConfigKeys (ConfUtils.java:logGet(43)) - raft.server.log.force.sync.num = 128 (default)
2019-09-26 21:18:49,408 [pool-37-thread-1] INFO  server.RaftServerConfigKeys (ConfUtils.java:logGet(43)) - raft.server.log.statemachine.data.sync = true (default)
2019-09-26 21:18:49,408 [pool-37-thread-1] INFO  server.RaftServerConfigKeys (ConfUtils.java:logGet(43)) - raft.server.log.statemachine.data.sync.timeout = 10s (default)
2019-09-26 21:18:49,408 [pool-37-thread-1] INFO  server.RaftServerConfigKeys (ConfUtils.java:logGet(43)) - raft.server.log.statemachine.data.sync.timeout.retry = -1 (default)
2019-09-26 21:18:49,408 [pool-37-thread-1] INFO  server.RaftServerConfigKeys (ConfUtils.java:logGet(43)) - raft.server.log.statemachine.data.caching.enabled = true (custom)
2019-09-26 21:18:49,408 [pool-37-thread-1] INFO  segmented.SegmentedRaftLogWorker (SegmentedRaftLogWorker.java:lambda$new$0(132)) - 1178c3ae-d0b4-4d44-b144-fe8504cc41ac@group-AB347EA75367-SegmentedRaftLogWorker: flushIndex: setUnconditionally 0 -> -1
2019-09-26 21:18:49,408 [pool-37-thread-1] INFO  server.RaftServerConfigKeys (ConfUtils.java:logGet(43)) - raft.server.snapshot.auto.trigger.enabled = true (custom)
2019-09-26 21:18:49,409 [pool-37-thread-1] INFO  server.RaftServerConfigKeys (ConfUtils.java:logGet(43)) - raft.server.snapshot.auto.trigger.threshold = 10000 (custom)
2019-09-26 21:18:49,409 [pool-37-thread-1] INFO  server.RaftServerConfigKeys (ConfUtils.java:logGet(43)) - raft.server.snapshot.retention.num.files = 5 (custom)
2019-09-26 21:18:49,409 [pool-37-thread-1] INFO  server.RaftServerConfigKeys (ConfUtils.java:logGet(43)) - raft.server.retrycache.expirytime = 600000ms (custom)
2019-09-26 21:18:49,410 [pool-37-thread-1] INFO  impl.RaftServerImpl (RaftServerImpl.java:start(185)) - 1178c3ae-d0b4-4d44-b144-fe8504cc41ac@group-AB347EA75367: start as a follower, conf=-1: [1178c3ae-d0b4-4d44-b144-fe8504cc41ac:192.168.151.99:33787], old=null
2019-09-26 21:18:49,411 [pool-37-thread-1] INFO  impl.RaftServerImpl (RaftServerImpl.java:setRole(174)) - 1178c3ae-d0b4-4d44-b144-fe8504cc41ac@group-AB347EA75367: changes role from      null to FOLLOWER at term 0 for startAsFollower
2019-09-26 21:18:49,411 [pool-37-thread-1] INFO  impl.RoleInfo (RoleInfo.java:updateAndGet(143)) - 1178c3ae-d0b4-4d44-b144-fe8504cc41ac: start FollowerState
2019-09-26 21:18:49,411 [pool-37-thread-1] INFO  util.JmxRegister (JmxRegister.java:tryRegister(44)) - Successfully registered JMX Bean with object name Ratis:service=RaftServer,group=group-AB347EA75367,id=1178c3ae-d0b4-4d44-b144-fe8504cc41ac
2019-09-26 21:18:49,414 [RatisPipelineUtilsThread] INFO  pipeline.PipelineStateManager (PipelineStateManager.java:addPipeline(56)) - Created pipeline Pipeline[ Id: 891a63ff-2d81-4e85-95bd-ab347ea75367, Nodes: 1178c3ae-d0b4-4d44-b144-fe8504cc41ac{ip: 192.168.151.99, host: pr-hdds-1569-g6sp5-2013761785, networkLocation: /default-rack, certSerialId: null}, Type:RATIS, Factor:ONE, State:OPEN]
2019-09-26 21:18:49,418 [grpc-default-executor-1] INFO  impl.RaftServerProxy (RaftServerProxy.java:addNew(89)) - 09112efe-1fad-4539-a04f-c96aef6d2351: addNew group-B01EA420B1EB:[09112efe-1fad-4539-a04f-c96aef6d2351:192.168.151.99:45286] returns group-B01EA420B1EB:java.util.concurrent.CompletableFuture@51cfa6c6[Not completed]
2019-09-26 21:18:49,419 [pool-47-thread-1] INFO  impl.RaftServerImpl (RaftServerImpl.java:<init>(95)) - 09112efe-1fad-4539-a04f-c96aef6d2351: new RaftServerImpl for group-B01EA420B1EB:[09112efe-1fad-4539-a04f-c96aef6d2351:192.168.151.99:45286] with ContainerStateMachine:uninitialized
2019-09-26 21:18:49,419 [pool-47-thread-1] INFO  server.RaftServerConfigKeys (ConfUtils.java:logGet(43)) - raft.server.rpc.timeout.min = 5s (custom)
2019-09-26 21:18:49,419 [pool-47-thread-1] INFO  server.RaftServerConfigKeys (ConfUtils.java:logGet(43)) - raft.server.rpc.timeout.max = 5200ms (custom)
2019-09-26 21:18:49,419 [pool-47-thread-1] INFO  server.RaftServerConfigKeys (ConfUtils.java:logGet(43)) - raft.server.rpcslowness.timeout = 120s (custom)
2019-09-26 21:18:49,419 [pool-47-thread-1] INFO  server.RaftServerConfigKeys (ConfUtils.java:logGet(43)) - raft.server.sleep.deviation.threshold = 300 (default)
2019-09-26 21:18:49,419 [pool-47-thread-1] INFO  server.RaftServerConfigKeys (ConfUtils.java:logGet(43)) - raft.server.log.appender.install.snapshot.enabled = false (custom)
2019-09-26 21:18:49,420 [pool-47-thread-1] INFO  impl.RaftServerImpl (ServerState.java:<init>(103)) - 09112efe-1fad-4539-a04f-c96aef6d2351@group-B01EA420B1EB: ConfigurationManager, init=-1: [09112efe-1fad-4539-a04f-c96aef6d2351:192.168.151.99:45286], old=null, confs=<EMPTY_MAP>
2019-09-26 21:18:49,420 [pool-47-thread-1] INFO  server.RaftServerConfigKeys (ConfUtils.java:logGet(43)) - raft.server.storage.dir = [/workdir/hadoop-ozone/ozonefs/target/test-dir/MiniOzoneClusterImpl-5b64906c-d720-4906-b30c-b6d56a2122fd/datanode-2/data/ratis] (custom)
2019-09-26 21:18:49,420 [pool-47-thread-1] INFO  storage.RaftStorageDirectory (RaftStorageDirectory.java:analyzeStorage(246)) - The storage directory /workdir/hadoop-ozone/ozonefs/target/test-dir/MiniOzoneClusterImpl-5b64906c-d720-4906-b30c-b6d56a2122fd/datanode-2/data/ratis/717b1fc6-01cb-40c5-a1f8-b01ea420b1eb does not exist. Creating ...
2019-09-26 21:18:49,424 [pool-47-thread-1] INFO  storage.RaftStorageDirectory (RaftStorageDirectory.java:tryLock(328)) - Lock on /workdir/hadoop-ozone/ozonefs/target/test-dir/MiniOzoneClusterImpl-5b64906c-d720-4906-b30c-b6d56a2122fd/datanode-2/data/ratis/717b1fc6-01cb-40c5-a1f8-b01ea420b1eb/in_use.lock acquired by nodename 10701@pr-hdds-1569-g6sp5-2013761785
2019-09-26 21:18:49,427 [pool-47-thread-1] INFO  storage.RaftStorage (RaftStorage.java:format(72)) - Storage directory /workdir/hadoop-ozone/ozonefs/target/test-dir/MiniOzoneClusterImpl-5b64906c-d720-4906-b30c-b6d56a2122fd/datanode-2/data/ratis/717b1fc6-01cb-40c5-a1f8-b01ea420b1eb has been successfully formatted.
2019-09-26 21:18:49,427 [pool-47-thread-1] INFO  ratis.ContainerStateMachine (ContainerStateMachine.java:loadSnapshot(230)) - group-B01EA420B1EB: The snapshot info is null. Setting the last applied indexto:(t:0, i:~)
2019-09-26 21:18:49,427 [pool-47-thread-1] INFO  server.RaftServerConfigKeys (ConfUtils.java:logGet(43)) - raft.server.notification.no-leader.timeout = 120s (custom)
2019-09-26 21:18:49,428 [pool-47-thread-1] INFO  server.RaftServerConfigKeys (ConfUtils.java:logGet(43)) - raft.server.log.use.memory = false (default)
2019-09-26 21:18:49,428 [pool-47-thread-1] INFO  server.RaftServerConfigKeys (ConfUtils.java:logGet(43)) - raft.server.log.purge.gap = 1000000 (custom)
2019-09-26 21:18:49,428 [pool-47-thread-1] INFO  server.RaftServerConfigKeys (ConfUtils.java:logGet(43)) - raft.server.log.appender.buffer.byte-limit = 33554432 (custom)
2019-09-26 21:18:49,428 [pool-47-thread-1] INFO  server.RaftServerConfigKeys (ConfUtils.java:logGet(43)) - raft.server.log.segment.size.max = 1048576 (custom)
2019-09-26 21:18:49,428 [pool-47-thread-1] INFO  server.RaftServerConfigKeys (ConfUtils.java:logGet(43)) - raft.server.log.segment.cache.num.max = 2 (custom)
2019-09-26 21:18:49,428 [pool-47-thread-1] INFO  segmented.SegmentedRaftLogWorker (SegmentedRaftLogWorker.java:<init>(172)) - new 09112efe-1fad-4539-a04f-c96aef6d2351@group-B01EA420B1EB-SegmentedRaftLogWorker for RaftStorage:Storage Directory /workdir/hadoop-ozone/ozonefs/target/test-dir/MiniOzoneClusterImpl-5b64906c-d720-4906-b30c-b6d56a2122fd/datanode-2/data/ratis/717b1fc6-01cb-40c5-a1f8-b01ea420b1eb
2019-09-26 21:18:49,428 [pool-47-thread-1] INFO  server.RaftServerConfigKeys (ConfUtils.java:logGet(43)) - raft.server.log.queue.byte-limit = 2147483647 (custom)
2019-09-26 21:18:49,428 [pool-47-thread-1] INFO  server.RaftServerConfigKeys (ConfUtils.java:logGet(43)) - raft.server.log.queue.element-limit = 1024 (custom)
2019-09-26 21:18:49,428 [pool-47-thread-1] INFO  server.RaftServerConfigKeys (ConfUtils.java:logGet(43)) - raft.server.log.segment.size.max = 1048576 (custom)
2019-09-26 21:18:49,428 [pool-47-thread-1] INFO  server.RaftServerConfigKeys (ConfUtils.java:logGet(43)) - raft.server.log.preallocated.size = 16384 (custom)
2019-09-26 21:18:49,428 [pool-47-thread-1] INFO  server.RaftServerConfigKeys (ConfUtils.java:logGet(43)) - raft.server.log.write.buffer.size = 33554432 (custom)
2019-09-26 21:18:49,429 [pool-47-thread-1] INFO  server.RaftServerConfigKeys (ConfUtils.java:logGet(43)) - raft.server.log.force.sync.num = 128 (default)
2019-09-26 21:18:49,429 [pool-47-thread-1] INFO  server.RaftServerConfigKeys (ConfUtils.java:logGet(43)) - raft.server.log.statemachine.data.sync = true (default)
2019-09-26 21:18:49,429 [pool-47-thread-1] INFO  server.RaftServerConfigKeys (ConfUtils.java:logGet(43)) - raft.server.log.statemachine.data.sync.timeout = 10s (default)
2019-09-26 21:18:49,429 [pool-47-thread-1] INFO  server.RaftServerConfigKeys (ConfUtils.java:logGet(43)) - raft.server.log.statemachine.data.sync.timeout.retry = -1 (default)
2019-09-26 21:18:49,429 [pool-47-thread-1] INFO  server.RaftServerConfigKeys (ConfUtils.java:logGet(43)) - raft.server.log.statemachine.data.caching.enabled = true (custom)
2019-09-26 21:18:49,429 [pool-47-thread-1] INFO  segmented.SegmentedRaftLogWorker (SegmentedRaftLogWorker.java:lambda$new$0(132)) - 09112efe-1fad-4539-a04f-c96aef6d2351@group-B01EA420B1EB-SegmentedRaftLogWorker: flushIndex: setUnconditionally 0 -> -1
2019-09-26 21:18:49,430 [pool-47-thread-1] INFO  server.RaftServerConfigKeys (ConfUtils.java:logGet(43)) - raft.server.snapshot.auto.trigger.enabled = true (custom)
2019-09-26 21:18:49,430 [pool-47-thread-1] INFO  server.RaftServerConfigKeys (ConfUtils.java:logGet(43)) - raft.server.snapshot.auto.trigger.threshold = 10000 (custom)
2019-09-26 21:18:49,430 [pool-47-thread-1] INFO  server.RaftServerConfigKeys (ConfUtils.java:logGet(43)) - raft.server.snapshot.retention.num.files = 5 (custom)
2019-09-26 21:18:49,430 [pool-47-thread-1] INFO  server.RaftServerConfigKeys (ConfUtils.java:logGet(43)) - raft.server.retrycache.expirytime = 600000ms (custom)
2019-09-26 21:18:49,432 [pool-47-thread-1] INFO  impl.RaftServerImpl (RaftServerImpl.java:start(185)) - 09112efe-1fad-4539-a04f-c96aef6d2351@group-B01EA420B1EB: start as a follower, conf=-1: [09112efe-1fad-4539-a04f-c96aef6d2351:192.168.151.99:45286], old=null
2019-09-26 21:18:49,432 [pool-47-thread-1] INFO  impl.RaftServerImpl (RaftServerImpl.java:setRole(174)) - 09112efe-1fad-4539-a04f-c96aef6d2351@group-B01EA420B1EB: changes role from      null to FOLLOWER at term 0 for startAsFollower
2019-09-26 21:18:49,432 [pool-47-thread-1] INFO  impl.RoleInfo (RoleInfo.java:updateAndGet(143)) - 09112efe-1fad-4539-a04f-c96aef6d2351: start FollowerState
2019-09-26 21:18:49,432 [pool-47-thread-1] INFO  util.JmxRegister (JmxRegister.java:tryRegister(44)) - Successfully registered JMX Bean with object name Ratis:service=RaftServer,group=group-B01EA420B1EB,id=09112efe-1fad-4539-a04f-c96aef6d2351
2019-09-26 21:18:49,434 [RatisPipelineUtilsThread] INFO  pipeline.PipelineStateManager (PipelineStateManager.java:addPipeline(56)) - Created pipeline Pipeline[ Id: 717b1fc6-01cb-40c5-a1f8-b01ea420b1eb, Nodes: 09112efe-1fad-4539-a04f-c96aef6d2351{ip: 192.168.151.99, host: pr-hdds-1569-g6sp5-2013761785, networkLocation: /default-rack, certSerialId: null}, Type:RATIS, Factor:ONE, State:OPEN]
2019-09-26 21:18:49,438 [grpc-default-executor-1] INFO  impl.RaftServerProxy (RaftServerProxy.java:addNew(89)) - 9ce0b59e-153f-4f41-8aed-492a76d80b48: addNew group-3426463BEB03:[9ce0b59e-153f-4f41-8aed-492a76d80b48:192.168.151.99:34156] returns group-3426463BEB03:java.util.concurrent.CompletableFuture@27becfe5[Not completed]
2019-09-26 21:18:49,439 [pool-27-thread-1] INFO  impl.RaftServerImpl (RaftServerImpl.java:<init>(95)) - 9ce0b59e-153f-4f41-8aed-492a76d80b48: new RaftServerImpl for group-3426463BEB03:[9ce0b59e-153f-4f41-8aed-492a76d80b48:192.168.151.99:34156] with ContainerStateMachine:uninitialized
2019-09-26 21:18:49,440 [pool-27-thread-1] INFO  server.RaftServerConfigKeys (ConfUtils.java:logGet(43)) - raft.server.rpc.timeout.min = 5s (custom)
2019-09-26 21:18:49,440 [pool-27-thread-1] INFO  server.RaftServerConfigKeys (ConfUtils.java:logGet(43)) - raft.server.rpc.timeout.max = 5200ms (custom)
2019-09-26 21:18:49,440 [pool-27-thread-1] INFO  server.RaftServerConfigKeys (ConfUtils.java:logGet(43)) - raft.server.rpcslowness.timeout = 120s (custom)
2019-09-26 21:18:49,440 [pool-27-thread-1] INFO  server.RaftServerConfigKeys (ConfUtils.java:logGet(43)) - raft.server.sleep.deviation.threshold = 300 (default)
2019-09-26 21:18:49,440 [pool-27-thread-1] INFO  server.RaftServerConfigKeys (ConfUtils.java:logGet(43)) - raft.server.log.appender.install.snapshot.enabled = false (custom)
2019-09-26 21:18:49,440 [pool-27-thread-1] INFO  impl.RaftServerImpl (ServerState.java:<init>(103)) - 9ce0b59e-153f-4f41-8aed-492a76d80b48@group-3426463BEB03: ConfigurationManager, init=-1: [9ce0b59e-153f-4f41-8aed-492a76d80b48:192.168.151.99:34156], old=null, confs=<EMPTY_MAP>
2019-09-26 21:18:49,440 [pool-27-thread-1] INFO  server.RaftServerConfigKeys (ConfUtils.java:logGet(43)) - raft.server.storage.dir = [/workdir/hadoop-ozone/ozonefs/target/test-dir/MiniOzoneClusterImpl-5b64906c-d720-4906-b30c-b6d56a2122fd/datanode-0/data/ratis] (custom)
2019-09-26 21:18:49,440 [pool-27-thread-1] INFO  storage.RaftStorageDirectory (RaftStorageDirectory.java:analyzeStorage(246)) - The storage directory /workdir/hadoop-ozone/ozonefs/target/test-dir/MiniOzoneClusterImpl-5b64906c-d720-4906-b30c-b6d56a2122fd/datanode-0/data/ratis/7e32e286-2d7c-4a72-82bb-3426463beb03 does not exist. Creating ...
2019-09-26 21:18:49,448 [pool-27-thread-1] INFO  storage.RaftStorageDirectory (RaftStorageDirectory.java:tryLock(328)) - Lock on /workdir/hadoop-ozone/ozonefs/target/test-dir/MiniOzoneClusterImpl-5b64906c-d720-4906-b30c-b6d56a2122fd/datanode-0/data/ratis/7e32e286-2d7c-4a72-82bb-3426463beb03/in_use.lock acquired by nodename 10701@pr-hdds-1569-g6sp5-2013761785
2019-09-26 21:18:49,460 [pool-27-thread-1] INFO  storage.RaftStorage (RaftStorage.java:format(72)) - Storage directory /workdir/hadoop-ozone/ozonefs/target/test-dir/MiniOzoneClusterImpl-5b64906c-d720-4906-b30c-b6d56a2122fd/datanode-0/data/ratis/7e32e286-2d7c-4a72-82bb-3426463beb03 has been successfully formatted.
2019-09-26 21:18:49,460 [pool-27-thread-1] INFO  ratis.ContainerStateMachine (ContainerStateMachine.java:loadSnapshot(230)) - group-3426463BEB03: The snapshot info is null. Setting the last applied indexto:(t:0, i:~)
2019-09-26 21:18:49,460 [pool-27-thread-1] INFO  server.RaftServerConfigKeys (ConfUtils.java:logGet(43)) - raft.server.notification.no-leader.timeout = 120s (custom)
2019-09-26 21:18:49,460 [pool-27-thread-1] INFO  server.RaftServerConfigKeys (ConfUtils.java:logGet(43)) - raft.server.log.use.memory = false (default)
2019-09-26 21:18:49,460 [pool-27-thread-1] INFO  server.RaftServerConfigKeys (ConfUtils.java:logGet(43)) - raft.server.log.purge.gap = 1000000 (custom)
2019-09-26 21:18:49,460 [pool-27-thread-1] INFO  server.RaftServerConfigKeys (ConfUtils.java:logGet(43)) - raft.server.log.appender.buffer.byte-limit = 33554432 (custom)
2019-09-26 21:18:49,460 [pool-27-thread-1] INFO  server.RaftServerConfigKeys (ConfUtils.java:logGet(43)) - raft.server.log.segment.size.max = 1048576 (custom)
2019-09-26 21:18:49,460 [pool-27-thread-1] INFO  server.RaftServerConfigKeys (ConfUtils.java:logGet(43)) - raft.server.log.segment.cache.num.max = 2 (custom)
2019-09-26 21:18:49,461 [pool-27-thread-1] INFO  segmented.SegmentedRaftLogWorker (SegmentedRaftLogWorker.java:<init>(172)) - new 9ce0b59e-153f-4f41-8aed-492a76d80b48@group-3426463BEB03-SegmentedRaftLogWorker for RaftStorage:Storage Directory /workdir/hadoop-ozone/ozonefs/target/test-dir/MiniOzoneClusterImpl-5b64906c-d720-4906-b30c-b6d56a2122fd/datanode-0/data/ratis/7e32e286-2d7c-4a72-82bb-3426463beb03
2019-09-26 21:18:49,461 [pool-27-thread-1] INFO  server.RaftServerConfigKeys (ConfUtils.java:logGet(43)) - raft.server.log.queue.byte-limit = 2147483647 (custom)
2019-09-26 21:18:49,461 [pool-27-thread-1] INFO  server.RaftServerConfigKeys (ConfUtils.java:logGet(43)) - raft.server.log.queue.element-limit = 1024 (custom)
2019-09-26 21:18:49,461 [pool-27-thread-1] INFO  server.RaftServerConfigKeys (ConfUtils.java:logGet(43)) - raft.server.log.segment.size.max = 1048576 (custom)
2019-09-26 21:18:49,461 [pool-27-thread-1] INFO  server.RaftServerConfigKeys (ConfUtils.java:logGet(43)) - raft.server.log.preallocated.size = 16384 (custom)
2019-09-26 21:18:49,461 [pool-27-thread-1] INFO  server.RaftServerConfigKeys (ConfUtils.java:logGet(43)) - raft.server.log.write.buffer.size = 33554432 (custom)
2019-09-26 21:18:49,461 [pool-27-thread-1] INFO  server.RaftServerConfigKeys (ConfUtils.java:logGet(43)) - raft.server.log.force.sync.num = 128 (default)
2019-09-26 21:18:49,461 [pool-27-thread-1] INFO  server.RaftServerConfigKeys (ConfUtils.java:logGet(43)) - raft.server.log.statemachine.data.sync = true (default)
2019-09-26 21:18:49,461 [pool-27-thread-1] INFO  server.RaftServerConfigKeys (ConfUtils.java:logGet(43)) - raft.server.log.statemachine.data.sync.timeout = 10s (default)
2019-09-26 21:18:49,461 [pool-27-thread-1] INFO  server.RaftServerConfigKeys (ConfUtils.java:logGet(43)) - raft.server.log.statemachine.data.sync.timeout.retry = -1 (default)
2019-09-26 21:18:49,462 [pool-27-thread-1] INFO  server.RaftServerConfigKeys (ConfUtils.java:logGet(43)) - raft.server.log.statemachine.data.caching.enabled = true (custom)
2019-09-26 21:18:49,462 [pool-27-thread-1] INFO  segmented.SegmentedRaftLogWorker (SegmentedRaftLogWorker.java:lambda$new$0(132)) - 9ce0b59e-153f-4f41-8aed-492a76d80b48@group-3426463BEB03-SegmentedRaftLogWorker: flushIndex: setUnconditionally 0 -> -1
2019-09-26 21:18:49,462 [pool-27-thread-1] INFO  server.RaftServerConfigKeys (ConfUtils.java:logGet(43)) - raft.server.snapshot.auto.trigger.enabled = true (custom)
2019-09-26 21:18:49,462 [pool-27-thread-1] INFO  server.RaftServerConfigKeys (ConfUtils.java:logGet(43)) - raft.server.snapshot.auto.trigger.threshold = 10000 (custom)
2019-09-26 21:18:49,462 [pool-27-thread-1] INFO  server.RaftServerConfigKeys (ConfUtils.java:logGet(43)) - raft.server.snapshot.retention.num.files = 5 (custom)
2019-09-26 21:18:49,462 [pool-27-thread-1] INFO  server.RaftServerConfigKeys (ConfUtils.java:logGet(43)) - raft.server.retrycache.expirytime = 600000ms (custom)
2019-09-26 21:18:49,464 [pool-27-thread-1] INFO  impl.RaftServerImpl (RaftServerImpl.java:start(185)) - 9ce0b59e-153f-4f41-8aed-492a76d80b48@group-3426463BEB03: start as a follower, conf=-1: [9ce0b59e-153f-4f41-8aed-492a76d80b48:192.168.151.99:34156], old=null
2019-09-26 21:18:49,464 [pool-27-thread-1] INFO  impl.RaftServerImpl (RaftServerImpl.java:setRole(174)) - 9ce0b59e-153f-4f41-8aed-492a76d80b48@group-3426463BEB03: changes role from      null to FOLLOWER at term 0 for startAsFollower
2019-09-26 21:18:49,464 [pool-27-thread-1] INFO  impl.RoleInfo (RoleInfo.java:updateAndGet(143)) - 9ce0b59e-153f-4f41-8aed-492a76d80b48: start FollowerState
2019-09-26 21:18:49,464 [pool-27-thread-1] INFO  util.JmxRegister (JmxRegister.java:tryRegister(44)) - Successfully registered JMX Bean with object name Ratis:service=RaftServer,group=group-3426463BEB03,id=9ce0b59e-153f-4f41-8aed-492a76d80b48
2019-09-26 21:18:49,467 [RatisPipelineUtilsThread] INFO  pipeline.PipelineStateManager (PipelineStateManager.java:addPipeline(56)) - Created pipeline Pipeline[ Id: 7e32e286-2d7c-4a72-82bb-3426463beb03, Nodes: 9ce0b59e-153f-4f41-8aed-492a76d80b48{ip: 192.168.151.99, host: pr-hdds-1569-g6sp5-2013761785, networkLocation: /default-rack, certSerialId: null}, Type:RATIS, Factor:ONE, State:OPEN]
2019-09-26 21:18:49,471 [grpc-default-executor-1] INFO  impl.RaftServerProxy (RaftServerProxy.java:addNew(89)) - 9ce0b59e-153f-4f41-8aed-492a76d80b48: addNew group-91179EE64C12:[9ce0b59e-153f-4f41-8aed-492a76d80b48:192.168.151.99:34156] returns group-91179EE64C12:java.util.concurrent.CompletableFuture@1f362162[Not completed]
2019-09-26 21:18:49,472 [pool-27-thread-1] INFO  impl.RaftServerImpl (RaftServerImpl.java:<init>(95)) - 9ce0b59e-153f-4f41-8aed-492a76d80b48: new RaftServerImpl for group-91179EE64C12:[9ce0b59e-153f-4f41-8aed-492a76d80b48:192.168.151.99:34156] with ContainerStateMachine:uninitialized
2019-09-26 21:18:49,472 [pool-27-thread-1] INFO  server.RaftServerConfigKeys (ConfUtils.java:logGet(43)) - raft.server.rpc.timeout.min = 5s (custom)
2019-09-26 21:18:49,472 [pool-27-thread-1] INFO  server.RaftServerConfigKeys (ConfUtils.java:logGet(43)) - raft.server.rpc.timeout.max = 5200ms (custom)
2019-09-26 21:18:49,472 [pool-27-thread-1] INFO  server.RaftServerConfigKeys (ConfUtils.java:logGet(43)) - raft.server.rpcslowness.timeout = 120s (custom)
2019-09-26 21:18:49,472 [pool-27-thread-1] INFO  server.RaftServerConfigKeys (ConfUtils.java:logGet(43)) - raft.server.sleep.deviation.threshold = 300 (default)
2019-09-26 21:18:49,472 [pool-27-thread-1] INFO  server.RaftServerConfigKeys (ConfUtils.java:logGet(43)) - raft.server.log.appender.install.snapshot.enabled = false (custom)
2019-09-26 21:18:49,473 [pool-27-thread-1] INFO  impl.RaftServerImpl (ServerState.java:<init>(103)) - 9ce0b59e-153f-4f41-8aed-492a76d80b48@group-91179EE64C12: ConfigurationManager, init=-1: [9ce0b59e-153f-4f41-8aed-492a76d80b48:192.168.151.99:34156], old=null, confs=<EMPTY_MAP>
2019-09-26 21:18:49,473 [pool-27-thread-1] INFO  server.RaftServerConfigKeys (ConfUtils.java:logGet(43)) - raft.server.storage.dir = [/workdir/hadoop-ozone/ozonefs/target/test-dir/MiniOzoneClusterImpl-5b64906c-d720-4906-b30c-b6d56a2122fd/datanode-0/data/ratis] (custom)
2019-09-26 21:18:49,473 [pool-27-thread-1] INFO  storage.RaftStorageDirectory (RaftStorageDirectory.java:analyzeStorage(246)) - The storage directory /workdir/hadoop-ozone/ozonefs/target/test-dir/MiniOzoneClusterImpl-5b64906c-d720-4906-b30c-b6d56a2122fd/datanode-0/data/ratis/b330894b-33fc-459d-8867-91179ee64c12 does not exist. Creating ...
2019-09-26 21:18:49,486 [Thread-274] INFO  impl.FollowerState (FollowerState.java:run(106)) - 1178c3ae-d0b4-4d44-b144-fe8504cc41ac:group-B85B5EE92332 changes to CANDIDATE, lastRpcTime:5119, electionTimeout:5119ms
2019-09-26 21:18:49,486 [Thread-274] INFO  impl.RoleInfo (RoleInfo.java:shutdownFollowerState(121)) - 1178c3ae-d0b4-4d44-b144-fe8504cc41ac: shutdown FollowerState
2019-09-26 21:18:49,486 [Thread-274] INFO  impl.RaftServerImpl (RaftServerImpl.java:setRole(174)) - 1178c3ae-d0b4-4d44-b144-fe8504cc41ac@group-B85B5EE92332: changes role from  FOLLOWER to CANDIDATE at term 0 for changeToCandidate
2019-09-26 21:18:49,486 [Thread-274] INFO  impl.RoleInfo (RoleInfo.java:updateAndGet(143)) - 1178c3ae-d0b4-4d44-b144-fe8504cc41ac: start LeaderElection
2019-09-26 21:18:49,486 [pool-27-thread-1] INFO  storage.RaftStorageDirectory (RaftStorageDirectory.java:tryLock(328)) - Lock on /workdir/hadoop-ozone/ozonefs/target/test-dir/MiniOzoneClusterImpl-5b64906c-d720-4906-b30c-b6d56a2122fd/datanode-0/data/ratis/b330894b-33fc-459d-8867-91179ee64c12/in_use.lock acquired by nodename 10701@pr-hdds-1569-g6sp5-2013761785
2019-09-26 21:18:49,509 [Thread-280] INFO  impl.FollowerState (FollowerState.java:run(106)) - 9ce0b59e-153f-4f41-8aed-492a76d80b48:group-6F24FC75BAAE changes to CANDIDATE, lastRpcTime:5010, electionTimeout:5010ms
2019-09-26 21:18:49,510 [Thread-280] INFO  impl.RoleInfo (RoleInfo.java:shutdownFollowerState(121)) - 9ce0b59e-153f-4f41-8aed-492a76d80b48: shutdown FollowerState
2019-09-26 21:18:49,510 [Thread-280] INFO  impl.RaftServerImpl (RaftServerImpl.java:setRole(174)) - 9ce0b59e-153f-4f41-8aed-492a76d80b48@group-6F24FC75BAAE: changes role from  FOLLOWER to CANDIDATE at term 0 for changeToCandidate
2019-09-26 21:18:49,510 [Thread-280] INFO  impl.RoleInfo (RoleInfo.java:updateAndGet(143)) - 9ce0b59e-153f-4f41-8aed-492a76d80b48: start LeaderElection
2019-09-26 21:18:49,519 [pool-27-thread-1] INFO  storage.RaftStorage (RaftStorage.java:format(72)) - Storage directory /workdir/hadoop-ozone/ozonefs/target/test-dir/MiniOzoneClusterImpl-5b64906c-d720-4906-b30c-b6d56a2122fd/datanode-0/data/ratis/b330894b-33fc-459d-8867-91179ee64c12 has been successfully formatted.
2019-09-26 21:18:49,519 [9ce0b59e-153f-4f41-8aed-492a76d80b48@group-6F24FC75BAAE:LeaderElection21] INFO  impl.LeaderElection (LeaderElection.java:askForVotes(182)) - 9ce0b59e-153f-4f41-8aed-492a76d80b48@group-6F24FC75BAAE:LeaderElection21: begin an election at term 1 for -1: [9ce0b59e-153f-4f41-8aed-492a76d80b48:192.168.151.99:34156], old=null
2019-09-26 21:18:49,519 [pool-27-thread-1] INFO  ratis.ContainerStateMachine (ContainerStateMachine.java:loadSnapshot(230)) - group-91179EE64C12: The snapshot info is null. Setting the last applied indexto:(t:0, i:~)
2019-09-26 21:18:49,519 [1178c3ae-d0b4-4d44-b144-fe8504cc41ac@group-B85B5EE92332:LeaderElection20] INFO  impl.LeaderElection (LeaderElection.java:askForVotes(182)) - 1178c3ae-d0b4-4d44-b144-fe8504cc41ac@group-B85B5EE92332:LeaderElection20: begin an election at term 1 for -1: [1178c3ae-d0b4-4d44-b144-fe8504cc41ac:192.168.151.99:33787], old=null
2019-09-26 21:18:49,519 [pool-27-thread-1] INFO  server.RaftServerConfigKeys (ConfUtils.java:logGet(43)) - raft.server.notification.no-leader.timeout = 120s (custom)
2019-09-26 21:18:49,519 [9ce0b59e-153f-4f41-8aed-492a76d80b48@group-6F24FC75BAAE:LeaderElection21] INFO  impl.RoleInfo (RoleInfo.java:shutdownLeaderElection(134)) - 9ce0b59e-153f-4f41-8aed-492a76d80b48: shutdown LeaderElection
2019-09-26 21:18:49,519 [pool-27-thread-1] INFO  server.RaftServerConfigKeys (ConfUtils.java:logGet(43)) - raft.server.log.use.memory = false (default)
2019-09-26 21:18:49,519 [1178c3ae-d0b4-4d44-b144-fe8504cc41ac@group-B85B5EE92332:LeaderElection20] INFO  impl.RoleInfo (RoleInfo.java:shutdownLeaderElection(134)) - 1178c3ae-d0b4-4d44-b144-fe8504cc41ac: shutdown LeaderElection
2019-09-26 21:18:49,519 [pool-27-thread-1] INFO  server.RaftServerConfigKeys (ConfUtils.java:logGet(43)) - raft.server.log.purge.gap = 1000000 (custom)
2019-09-26 21:18:49,519 [9ce0b59e-153f-4f41-8aed-492a76d80b48@group-6F24FC75BAAE:LeaderElection21] INFO  impl.RaftServerImpl (RaftServerImpl.java:setRole(174)) - 9ce0b59e-153f-4f41-8aed-492a76d80b48@group-6F24FC75BAAE: changes role from CANDIDATE to LEADER at term 1 for changeToLeader
2019-09-26 21:18:49,520 [pool-27-thread-1] INFO  server.RaftServerConfigKeys (ConfUtils.java:logGet(43)) - raft.server.log.appender.buffer.byte-limit = 33554432 (custom)
2019-09-26 21:18:49,520 [1178c3ae-d0b4-4d44-b144-fe8504cc41ac@group-B85B5EE92332:LeaderElection20] INFO  impl.RaftServerImpl (RaftServerImpl.java:setRole(174)) - 1178c3ae-d0b4-4d44-b144-fe8504cc41ac@group-B85B5EE92332: changes role from CANDIDATE to LEADER at term 1 for changeToLeader
2019-09-26 21:18:49,520 [pool-27-thread-1] INFO  server.RaftServerConfigKeys (ConfUtils.java:logGet(43)) - raft.server.log.segment.size.max = 1048576 (custom)
2019-09-26 21:18:49,520 [9ce0b59e-153f-4f41-8aed-492a76d80b48@group-6F24FC75BAAE:LeaderElection21] INFO  impl.RaftServerImpl (ServerState.java:setLeader(253)) - 9ce0b59e-153f-4f41-8aed-492a76d80b48@group-6F24FC75BAAE: change Leader from null to 9ce0b59e-153f-4f41-8aed-492a76d80b48 at term 1 for becomeLeader, leader elected after 5029ms
2019-09-26 21:18:49,520 [pool-27-thread-1] INFO  server.RaftServerConfigKeys (ConfUtils.java:logGet(43)) - raft.server.log.segment.cache.num.max = 2 (custom)
2019-09-26 21:18:49,520 [1178c3ae-d0b4-4d44-b144-fe8504cc41ac@group-B85B5EE92332:LeaderElection20] INFO  impl.RaftServerImpl (ServerState.java:setLeader(253)) - 1178c3ae-d0b4-4d44-b144-fe8504cc41ac@group-B85B5EE92332: change Leader from null to 1178c3ae-d0b4-4d44-b144-fe8504cc41ac at term 1 for becomeLeader, leader elected after 5166ms
2019-09-26 21:18:49,520 [pool-27-thread-1] INFO  segmented.SegmentedRaftLogWorker (SegmentedRaftLogWorker.java:<init>(172)) - new 9ce0b59e-153f-4f41-8aed-492a76d80b48@group-91179EE64C12-SegmentedRaftLogWorker for RaftStorage:Storage Directory /workdir/hadoop-ozone/ozonefs/target/test-dir/MiniOzoneClusterImpl-5b64906c-d720-4906-b30c-b6d56a2122fd/datanode-0/data/ratis/b330894b-33fc-459d-8867-91179ee64c12
2019-09-26 21:18:49,520 [9ce0b59e-153f-4f41-8aed-492a76d80b48@group-6F24FC75BAAE:LeaderElection21] INFO  server.RaftServerConfigKeys (ConfUtils.java:logGet(43)) - raft.server.staging.catchup.gap = 1000 (default)
2019-09-26 21:18:49,521 [pool-27-thread-1] INFO  server.RaftServerConfigKeys (ConfUtils.java:logGet(43)) - raft.server.log.queue.byte-limit = 2147483647 (custom)
2019-09-26 21:18:49,520 [1178c3ae-d0b4-4d44-b144-fe8504cc41ac@group-B85B5EE92332:LeaderElection20] INFO  server.RaftServerConfigKeys (ConfUtils.java:logGet(43)) - raft.server.staging.catchup.gap = 1000 (default)
2019-09-26 21:18:49,521 [pool-27-thread-1] INFO  server.RaftServerConfigKeys (ConfUtils.java:logGet(43)) - raft.server.log.queue.element-limit = 1024 (custom)
2019-09-26 21:18:49,521 [9ce0b59e-153f-4f41-8aed-492a76d80b48@group-6F24FC75BAAE:LeaderElection21] INFO  server.RaftServerConfigKeys (ConfUtils.java:logGet(43)) - raft.server.rpc.sleep.time = 25ms (default)
2019-09-26 21:18:49,521 [pool-27-thread-1] INFO  server.RaftServerConfigKeys (ConfUtils.java:logGet(43)) - raft.server.log.segment.size.max = 1048576 (custom)
2019-09-26 21:18:49,521 [1178c3ae-d0b4-4d44-b144-fe8504cc41ac@group-B85B5EE92332:LeaderElection20] INFO  server.RaftServerConfigKeys (ConfUtils.java:logGet(43)) - raft.server.rpc.sleep.time = 25ms (default)
2019-09-26 21:18:49,521 [pool-27-thread-1] INFO  server.RaftServerConfigKeys (ConfUtils.java:logGet(43)) - raft.server.log.preallocated.size = 16384 (custom)
2019-09-26 21:18:49,521 [pool-27-thread-1] INFO  server.RaftServerConfigKeys (ConfUtils.java:logGet(43)) - raft.server.log.write.buffer.size = 33554432 (custom)
2019-09-26 21:18:49,521 [9ce0b59e-153f-4f41-8aed-492a76d80b48@group-6F24FC75BAAE:LeaderElection21] INFO  server.RaftServerConfigKeys (ConfUtils.java:logGet(43)) - raft.server.write.element-limit = 4096 (default)
2019-09-26 21:18:49,522 [pool-27-thread-1] INFO  server.RaftServerConfigKeys (ConfUtils.java:logGet(43)) - raft.server.log.force.sync.num = 128 (default)
2019-09-26 21:18:49,521 [1178c3ae-d0b4-4d44-b144-fe8504cc41ac@group-B85B5EE92332:LeaderElection20] INFO  server.RaftServerConfigKeys (ConfUtils.java:logGet(43)) - raft.server.write.element-limit = 4096 (default)
2019-09-26 21:18:49,522 [pool-27-thread-1] INFO  server.RaftServerConfigKeys (ConfUtils.java:logGet(43)) - raft.server.log.statemachine.data.sync = true (default)
2019-09-26 21:18:49,522 [9ce0b59e-153f-4f41-8aed-492a76d80b48@group-6F24FC75BAAE:LeaderElection21] INFO  server.RaftServerConfigKeys (ConfUtils.java:logGet(43)) - raft.server.watch.timeout = 10s (default)
2019-09-26 21:18:49,522 [pool-27-thread-1] INFO  server.RaftServerConfigKeys (ConfUtils.java:logGet(43)) - raft.server.log.statemachine.data.sync.timeout = 10s (default)
2019-09-26 21:18:49,522 [1178c3ae-d0b4-4d44-b144-fe8504cc41ac@group-B85B5EE92332:LeaderElection20] INFO  server.RaftServerConfigKeys (ConfUtils.java:logGet(43)) - raft.server.watch.timeout = 10s (default)
2019-09-26 21:18:49,522 [pool-27-thread-1] INFO  server.RaftServerConfigKeys (ConfUtils.java:logGet(43)) - raft.server.log.statemachine.data.sync.timeout.retry = -1 (default)
2019-09-26 21:18:49,522 [9ce0b59e-153f-4f41-8aed-492a76d80b48@group-6F24FC75BAAE:LeaderElection21] INFO  server.RaftServerConfigKeys (ConfUtils.java:logGet(43)) - raft.server.watch.timeout.denomination = 1s (default)
2019-09-26 21:18:49,522 [pool-27-thread-1] INFO  server.RaftServerConfigKeys (ConfUtils.java:logGet(43)) - raft.server.log.statemachine.data.caching.enabled = true (custom)
2019-09-26 21:18:49,522 [1178c3ae-d0b4-4d44-b144-fe8504cc41ac@group-B85B5EE92332:LeaderElection20] INFO  server.RaftServerConfigKeys (ConfUtils.java:logGet(43)) - raft.server.watch.timeout.denomination = 1s (default)
2019-09-26 21:18:49,523 [9ce0b59e-153f-4f41-8aed-492a76d80b48@group-6F24FC75BAAE:LeaderElection21] INFO  server.RaftServerConfigKeys (ConfUtils.java:logGet(43)) - raft.server.watch.element-limit = 65536 (default)
2019-09-26 21:18:49,523 [1178c3ae-d0b4-4d44-b144-fe8504cc41ac@group-B85B5EE92332:LeaderElection20] INFO  server.RaftServerConfigKeys (ConfUtils.java:logGet(43)) - raft.server.watch.element-limit = 65536 (default)
2019-09-26 21:18:49,523 [pool-27-thread-1] INFO  segmented.SegmentedRaftLogWorker (SegmentedRaftLogWorker.java:lambda$new$0(132)) - 9ce0b59e-153f-4f41-8aed-492a76d80b48@group-91179EE64C12-SegmentedRaftLogWorker: flushIndex: setUnconditionally 0 -> -1
2019-09-26 21:18:49,523 [pool-27-thread-1] INFO  server.RaftServerConfigKeys (ConfUtils.java:logGet(43)) - raft.server.snapshot.auto.trigger.enabled = true (custom)
2019-09-26 21:18:49,523 [pool-27-thread-1] INFO  server.RaftServerConfigKeys (ConfUtils.java:logGet(43)) - raft.server.snapshot.auto.trigger.threshold = 10000 (custom)
2019-09-26 21:18:49,524 [pool-27-thread-1] INFO  server.RaftServerConfigKeys (ConfUtils.java:logGet(43)) - raft.server.snapshot.retention.num.files = 5 (custom)
2019-09-26 21:18:49,524 [pool-27-thread-1] INFO  server.RaftServerConfigKeys (ConfUtils.java:logGet(43)) - raft.server.retrycache.expirytime = 600000ms (custom)
2019-09-26 21:18:49,528 [9ce0b59e-153f-4f41-8aed-492a76d80b48@group-6F24FC75BAAE:LeaderElection21] INFO  impl.RoleInfo (RoleInfo.java:updateAndGet(143)) - 9ce0b59e-153f-4f41-8aed-492a76d80b48: start LeaderState
2019-09-26 21:18:49,528 [9ce0b59e-153f-4f41-8aed-492a76d80b48@group-6F24FC75BAAE:LeaderElection21] INFO  segmented.SegmentedRaftLogWorker (SegmentedRaftLogWorker.java:startLogSegment(380)) - 9ce0b59e-153f-4f41-8aed-492a76d80b48@group-6F24FC75BAAE-SegmentedRaftLogWorker: Starting segment from index:0
2019-09-26 21:18:49,528 [1178c3ae-d0b4-4d44-b144-fe8504cc41ac@group-B85B5EE92332:LeaderElection20] INFO  impl.RoleInfo (RoleInfo.java:updateAndGet(143)) - 1178c3ae-d0b4-4d44-b144-fe8504cc41ac: start LeaderState
2019-09-26 21:18:49,528 [pool-27-thread-1] INFO  impl.RaftServerImpl (RaftServerImpl.java:start(185)) - 9ce0b59e-153f-4f41-8aed-492a76d80b48@group-91179EE64C12: start as a follower, conf=-1: [9ce0b59e-153f-4f41-8aed-492a76d80b48:192.168.151.99:34156], old=null
2019-09-26 21:18:49,528 [pool-27-thread-1] INFO  impl.RaftServerImpl (RaftServerImpl.java:setRole(174)) - 9ce0b59e-153f-4f41-8aed-492a76d80b48@group-91179EE64C12: changes role from      null to FOLLOWER at term 0 for startAsFollower
2019-09-26 21:18:49,528 [1178c3ae-d0b4-4d44-b144-fe8504cc41ac@group-B85B5EE92332:LeaderElection20] INFO  segmented.SegmentedRaftLogWorker (SegmentedRaftLogWorker.java:startLogSegment(380)) - 1178c3ae-d0b4-4d44-b144-fe8504cc41ac@group-B85B5EE92332-SegmentedRaftLogWorker: Starting segment from index:0
2019-09-26 21:18:49,529 [9ce0b59e-153f-4f41-8aed-492a76d80b48@group-6F24FC75BAAE:LeaderElection21] INFO  impl.RaftServerImpl (ServerState.java:setRaftConf(354)) - 9ce0b59e-153f-4f41-8aed-492a76d80b48@group-6F24FC75BAAE: set configuration 0: [9ce0b59e-153f-4f41-8aed-492a76d80b48:192.168.151.99:34156], old=null at 0
2019-09-26 21:18:49,528 [pool-27-thread-1] INFO  impl.RoleInfo (RoleInfo.java:updateAndGet(143)) - 9ce0b59e-153f-4f41-8aed-492a76d80b48: start FollowerState
2019-09-26 21:18:49,529 [1178c3ae-d0b4-4d44-b144-fe8504cc41ac@group-B85B5EE92332:LeaderElection20] INFO  impl.RaftServerImpl (ServerState.java:setRaftConf(354)) - 1178c3ae-d0b4-4d44-b144-fe8504cc41ac@group-B85B5EE92332: set configuration 0: [1178c3ae-d0b4-4d44-b144-fe8504cc41ac:192.168.151.99:33787], old=null at 0
2019-09-26 21:18:49,574 [Thread-277] INFO  impl.FollowerState (FollowerState.java:run(106)) - 0c640f50-2bc9-49b6-b785-a27e3116e6ba:group-01913BE07CBE changes to CANDIDATE, lastRpcTime:5137, electionTimeout:5106ms
2019-09-26 21:18:49,577 [pool-27-thread-1] INFO  util.JmxRegister (JmxRegister.java:tryRegister(44)) - Successfully registered JMX Bean with object name Ratis:service=RaftServer,group=group-91179EE64C12,id=9ce0b59e-153f-4f41-8aed-492a76d80b48
2019-09-26 21:18:49,577 [Thread-277] INFO  impl.RoleInfo (RoleInfo.java:shutdownFollowerState(121)) - 0c640f50-2bc9-49b6-b785-a27e3116e6ba: shutdown FollowerState
2019-09-26 21:18:49,577 [Thread-277] INFO  impl.RaftServerImpl (RaftServerImpl.java:setRole(174)) - 0c640f50-2bc9-49b6-b785-a27e3116e6ba@group-01913BE07CBE: changes role from  FOLLOWER to CANDIDATE at term 0 for changeToCandidate
2019-09-26 21:18:49,577 [Thread-277] INFO  impl.RoleInfo (RoleInfo.java:updateAndGet(143)) - 0c640f50-2bc9-49b6-b785-a27e3116e6ba: start LeaderElection
2019-09-26 21:18:49,581 [RatisPipelineUtilsThread] INFO  pipeline.PipelineStateManager (PipelineStateManager.java:addPipeline(56)) - Created pipeline Pipeline[ Id: b330894b-33fc-459d-8867-91179ee64c12, Nodes: 9ce0b59e-153f-4f41-8aed-492a76d80b48{ip: 192.168.151.99, host: pr-hdds-1569-g6sp5-2013761785, networkLocation: /default-rack, certSerialId: null}, Type:RATIS, Factor:ONE, State:OPEN]
2019-09-26 21:18:49,586 [grpc-default-executor-1] INFO  impl.RaftServerProxy (RaftServerProxy.java:addNew(89)) - 9ce0b59e-153f-4f41-8aed-492a76d80b48: addNew group-7A18C9E9D23C:[9ce0b59e-153f-4f41-8aed-492a76d80b48:192.168.151.99:34156] returns group-7A18C9E9D23C:java.util.concurrent.CompletableFuture@2be06231[Not completed]
2019-09-26 21:18:49,587 [9ce0b59e-153f-4f41-8aed-492a76d80b48@group-6F24FC75BAAE-SegmentedRaftLogWorker] INFO  segmented.SegmentedRaftLogWorker (SegmentedRaftLogWorker.java:execute(569)) - 9ce0b59e-153f-4f41-8aed-492a76d80b48@group-6F24FC75BAAE-SegmentedRaftLogWorker: created new log segment /workdir/hadoop-ozone/ozonefs/target/test-dir/MiniOzoneClusterImpl-5b64906c-d720-4906-b30c-b6d56a2122fd/datanode-0/data/ratis/fcae61a3-4db3-477b-b8e4-6f24fc75baae/current/log_inprogress_0
2019-09-26 21:18:49,587 [1178c3ae-d0b4-4d44-b144-fe8504cc41ac@group-B85B5EE92332-SegmentedRaftLogWorker] INFO  segmented.SegmentedRaftLogWorker (SegmentedRaftLogWorker.java:execute(569)) - 1178c3ae-d0b4-4d44-b144-fe8504cc41ac@group-B85B5EE92332-SegmentedRaftLogWorker: created new log segment /workdir/hadoop-ozone/ozonefs/target/test-dir/MiniOzoneClusterImpl-5b64906c-d720-4906-b30c-b6d56a2122fd/datanode-1/data/ratis/b7b60ffc-3c2e-40aa-9e38-b85b5ee92332/current/log_inprogress_0
2019-09-26 21:18:49,587 [0c640f50-2bc9-49b6-b785-a27e3116e6ba@group-01913BE07CBE:LeaderElection22] INFO  impl.LeaderElection (LeaderElection.java:askForVotes(182)) - 0c640f50-2bc9-49b6-b785-a27e3116e6ba@group-01913BE07CBE:LeaderElection22: begin an election at term 1 for -1: [0c640f50-2bc9-49b6-b785-a27e3116e6ba:192.168.151.99:42361], old=null
2019-09-26 21:18:49,587 [pool-27-thread-1] INFO  impl.RaftServerImpl (RaftServerImpl.java:<init>(95)) - 9ce0b59e-153f-4f41-8aed-492a76d80b48: new RaftServerImpl for group-7A18C9E9D23C:[9ce0b59e-153f-4f41-8aed-492a76d80b48:192.168.151.99:34156] with ContainerStateMachine:uninitialized
2019-09-26 21:18:49,588 [0c640f50-2bc9-49b6-b785-a27e3116e6ba@group-01913BE07CBE:LeaderElection22] INFO  impl.RoleInfo (RoleInfo.java:shutdownLeaderElection(134)) - 0c640f50-2bc9-49b6-b785-a27e3116e6ba: shutdown LeaderElection
2019-09-26 21:18:49,588 [pool-27-thread-1] INFO  server.RaftServerConfigKeys (ConfUtils.java:logGet(43)) - raft.server.rpc.timeout.min = 5s (custom)
2019-09-26 21:18:49,588 [0c640f50-2bc9-49b6-b785-a27e3116e6ba@group-01913BE07CBE:LeaderElection22] INFO  impl.RaftServerImpl (RaftServerImpl.java:setRole(174)) - 0c640f50-2bc9-49b6-b785-a27e3116e6ba@group-01913BE07CBE: changes role from CANDIDATE to LEADER at term 1 for changeToLeader
2019-09-26 21:18:49,588 [pool-27-thread-1] INFO  server.RaftServerConfigKeys (ConfUtils.java:logGet(43)) - raft.server.rpc.timeout.max = 5200ms (custom)
2019-09-26 21:18:49,588 [0c640f50-2bc9-49b6-b785-a27e3116e6ba@group-01913BE07CBE:LeaderElection22] INFO  impl.RaftServerImpl (ServerState.java:setLeader(253)) - 0c640f50-2bc9-49b6-b785-a27e3116e6ba@group-01913BE07CBE: change Leader from null to 0c640f50-2bc9-49b6-b785-a27e3116e6ba at term 1 for becomeLeader, leader elected after 5157ms
2019-09-26 21:18:49,588 [pool-27-thread-1] INFO  server.RaftServerConfigKeys (ConfUtils.java:logGet(43)) - raft.server.rpcslowness.timeout = 120s (custom)
2019-09-26 21:18:49,588 [0c640f50-2bc9-49b6-b785-a27e3116e6ba@group-01913BE07CBE:LeaderElection22] INFO  server.RaftServerConfigKeys (ConfUtils.java:logGet(43)) - raft.server.staging.catchup.gap = 1000 (default)
2019-09-26 21:18:49,588 [pool-27-thread-1] INFO  server.RaftServerConfigKeys (ConfUtils.java:logGet(43)) - raft.server.sleep.deviation.threshold = 300 (default)
2019-09-26 21:18:49,589 [0c640f50-2bc9-49b6-b785-a27e3116e6ba@group-01913BE07CBE:LeaderElection22] INFO  server.RaftServerConfigKeys (ConfUtils.java:logGet(43)) - raft.server.rpc.sleep.time = 25ms (default)
2019-09-26 21:18:49,589 [pool-27-thread-1] INFO  server.RaftServerConfigKeys (ConfUtils.java:logGet(43)) - raft.server.log.appender.install.snapshot.enabled = false (custom)
2019-09-26 21:18:49,589 [0c640f50-2bc9-49b6-b785-a27e3116e6ba@group-01913BE07CBE:LeaderElection22] INFO  server.RaftServerConfigKeys (ConfUtils.java:logGet(43)) - raft.server.write.element-limit = 4096 (default)
2019-09-26 21:18:49,589 [pool-27-thread-1] INFO  impl.RaftServerImpl (ServerState.java:<init>(103)) - 9ce0b59e-153f-4f41-8aed-492a76d80b48@group-7A18C9E9D23C: ConfigurationManager, init=-1: [9ce0b59e-153f-4f41-8aed-492a76d80b48:192.168.151.99:34156], old=null, confs=<EMPTY_MAP>
2019-09-26 21:18:49,589 [0c640f50-2bc9-49b6-b785-a27e3116e6ba@group-01913BE07CBE:LeaderElection22] INFO  server.RaftServerConfigKeys (ConfUtils.java:logGet(43)) - raft.server.watch.timeout = 10s (default)
2019-09-26 21:18:49,589 [pool-27-thread-1] INFO  server.RaftServerConfigKeys (ConfUtils.java:logGet(43)) - raft.server.storage.dir = [/workdir/hadoop-ozone/ozonefs/target/test-dir/MiniOzoneClusterImpl-5b64906c-d720-4906-b30c-b6d56a2122fd/datanode-0/data/ratis] (custom)
2019-09-26 21:18:49,589 [0c640f50-2bc9-49b6-b785-a27e3116e6ba@group-01913BE07CBE:LeaderElection22] INFO  server.RaftServerConfigKeys (ConfUtils.java:logGet(43)) - raft.server.watch.timeout.denomination = 1s (default)
2019-09-26 21:18:49,589 [0c640f50-2bc9-49b6-b785-a27e3116e6ba@group-01913BE07CBE:LeaderElection22] INFO  server.RaftServerConfigKeys (ConfUtils.java:logGet(43)) - raft.server.watch.element-limit = 65536 (default)
2019-09-26 21:18:49,590 [pool-27-thread-1] INFO  storage.RaftStorageDirectory (RaftStorageDirectory.java:analyzeStorage(246)) - The storage directory /workdir/hadoop-ozone/ozonefs/target/test-dir/MiniOzoneClusterImpl-5b64906c-d720-4906-b30c-b6d56a2122fd/datanode-0/data/ratis/63dfff4a-8c1e-48c7-926c-7a18c9e9d23c does not exist. Creating ...
2019-09-26 21:18:49,592 [0c640f50-2bc9-49b6-b785-a27e3116e6ba@group-01913BE07CBE:LeaderElection22] INFO  impl.RoleInfo (RoleInfo.java:updateAndGet(143)) - 0c640f50-2bc9-49b6-b785-a27e3116e6ba: start LeaderState
2019-09-26 21:18:49,593 [0c640f50-2bc9-49b6-b785-a27e3116e6ba@group-01913BE07CBE:LeaderElection22] INFO  segmented.SegmentedRaftLogWorker (SegmentedRaftLogWorker.java:startLogSegment(380)) - 0c640f50-2bc9-49b6-b785-a27e3116e6ba@group-01913BE07CBE-SegmentedRaftLogWorker: Starting segment from index:0
2019-09-26 21:18:49,593 [0c640f50-2bc9-49b6-b785-a27e3116e6ba@group-01913BE07CBE:LeaderElection22] INFO  impl.RaftServerImpl (ServerState.java:setRaftConf(354)) - 0c640f50-2bc9-49b6-b785-a27e3116e6ba@group-01913BE07CBE: set configuration 0: [0c640f50-2bc9-49b6-b785-a27e3116e6ba:192.168.151.99:42361], old=null at 0
2019-09-26 21:18:49,620 [pool-27-thread-1] INFO  storage.RaftStorageDirectory (RaftStorageDirectory.java:tryLock(328)) - Lock on /workdir/hadoop-ozone/ozonefs/target/test-dir/MiniOzoneClusterImpl-5b64906c-d720-4906-b30c-b6d56a2122fd/datanode-0/data/ratis/63dfff4a-8c1e-48c7-926c-7a18c9e9d23c/in_use.lock acquired by nodename 10701@pr-hdds-1569-g6sp5-2013761785
2019-09-26 21:18:49,634 [0c640f50-2bc9-49b6-b785-a27e3116e6ba@group-01913BE07CBE-SegmentedRaftLogWorker] INFO  segmented.SegmentedRaftLogWorker (SegmentedRaftLogWorker.java:execute(569)) - 0c640f50-2bc9-49b6-b785-a27e3116e6ba@group-01913BE07CBE-SegmentedRaftLogWorker: created new log segment /workdir/hadoop-ozone/ozonefs/target/test-dir/MiniOzoneClusterImpl-5b64906c-d720-4906-b30c-b6d56a2122fd/datanode-3/data/ratis/d4462579-b002-4279-9fd8-01913be07cbe/current/log_inprogress_0
2019-09-26 21:18:49,634 [pool-27-thread-1] INFO  storage.RaftStorage (RaftStorage.java:format(72)) - Storage directory /workdir/hadoop-ozone/ozonefs/target/test-dir/MiniOzoneClusterImpl-5b64906c-d720-4906-b30c-b6d56a2122fd/datanode-0/data/ratis/63dfff4a-8c1e-48c7-926c-7a18c9e9d23c has been successfully formatted.
2019-09-26 21:18:49,634 [pool-27-thread-1] INFO  ratis.ContainerStateMachine (ContainerStateMachine.java:loadSnapshot(230)) - group-7A18C9E9D23C: The snapshot info is null. Setting the last applied indexto:(t:0, i:~)
2019-09-26 21:18:49,635 [pool-27-thread-1] INFO  server.RaftServerConfigKeys (ConfUtils.java:logGet(43)) - raft.server.notification.no-leader.timeout = 120s (custom)
2019-09-26 21:18:49,635 [pool-27-thread-1] INFO  server.RaftServerConfigKeys (ConfUtils.java:logGet(43)) - raft.server.log.use.memory = false (default)
2019-09-26 21:18:49,635 [pool-27-thread-1] INFO  server.RaftServerConfigKeys (ConfUtils.java:logGet(43)) - raft.server.log.purge.gap = 1000000 (custom)
2019-09-26 21:18:49,635 [pool-27-thread-1] INFO  server.RaftServerConfigKeys (ConfUtils.java:logGet(43)) - raft.server.log.appender.buffer.byte-limit = 33554432 (custom)
2019-09-26 21:18:49,635 [pool-27-thread-1] INFO  server.RaftServerConfigKeys (ConfUtils.java:logGet(43)) - raft.server.log.segment.size.max = 1048576 (custom)
2019-09-26 21:18:49,635 [pool-27-thread-1] INFO  server.RaftServerConfigKeys (ConfUtils.java:logGet(43)) - raft.server.log.segment.cache.num.max = 2 (custom)
2019-09-26 21:18:49,636 [pool-27-thread-1] INFO  segmented.SegmentedRaftLogWorker (SegmentedRaftLogWorker.java:<init>(172)) - new 9ce0b59e-153f-4f41-8aed-492a76d80b48@group-7A18C9E9D23C-SegmentedRaftLogWorker for RaftStorage:Storage Directory /workdir/hadoop-ozone/ozonefs/target/test-dir/MiniOzoneClusterImpl-5b64906c-d720-4906-b30c-b6d56a2122fd/datanode-0/data/ratis/63dfff4a-8c1e-48c7-926c-7a18c9e9d23c
2019-09-26 21:18:49,636 [pool-27-thread-1] INFO  server.RaftServerConfigKeys (ConfUtils.java:logGet(43)) - raft.server.log.queue.byte-limit = 2147483647 (custom)
2019-09-26 21:18:49,636 [pool-27-thread-1] INFO  server.RaftServerConfigKeys (ConfUtils.java:logGet(43)) - raft.server.log.queue.element-limit = 1024 (custom)
2019-09-26 21:18:49,636 [pool-27-thread-1] INFO  server.RaftServerConfigKeys (ConfUtils.java:logGet(43)) - raft.server.log.segment.size.max = 1048576 (custom)
2019-09-26 21:18:49,636 [pool-27-thread-1] INFO  server.RaftServerConfigKeys (ConfUtils.java:logGet(43)) - raft.server.log.preallocated.size = 16384 (custom)
2019-09-26 21:18:49,637 [pool-27-thread-1] INFO  server.RaftServerConfigKeys (ConfUtils.java:logGet(43)) - raft.server.log.write.buffer.size = 33554432 (custom)
2019-09-26 21:18:49,637 [pool-27-thread-1] INFO  server.RaftServerConfigKeys (ConfUtils.java:logGet(43)) - raft.server.log.force.sync.num = 128 (default)
2019-09-26 21:18:49,637 [pool-27-thread-1] INFO  server.RaftServerConfigKeys (ConfUtils.java:logGet(43)) - raft.server.log.statemachine.data.sync = true (default)
2019-09-26 21:18:49,637 [pool-27-thread-1] INFO  server.RaftServerConfigKeys (ConfUtils.java:logGet(43)) - raft.server.log.statemachine.data.sync.timeout = 10s (default)
2019-09-26 21:18:49,637 [pool-27-thread-1] INFO  server.RaftServerConfigKeys (ConfUtils.java:logGet(43)) - raft.server.log.statemachine.data.sync.timeout.retry = -1 (default)
2019-09-26 21:18:49,638 [pool-27-thread-1] INFO  server.RaftServerConfigKeys (ConfUtils.java:logGet(43)) - raft.server.log.statemachine.data.caching.enabled = true (custom)
2019-09-26 21:18:49,638 [pool-27-thread-1] INFO  segmented.SegmentedRaftLogWorker (SegmentedRaftLogWorker.java:lambda$new$0(132)) - 9ce0b59e-153f-4f41-8aed-492a76d80b48@group-7A18C9E9D23C-SegmentedRaftLogWorker: flushIndex: setUnconditionally 0 -> -1
2019-09-26 21:18:49,638 [pool-27-thread-1] INFO  server.RaftServerConfigKeys (ConfUtils.java:logGet(43)) - raft.server.snapshot.auto.trigger.enabled = true (custom)
2019-09-26 21:18:49,638 [pool-27-thread-1] INFO  server.RaftServerConfigKeys (ConfUtils.java:logGet(43)) - raft.server.snapshot.auto.trigger.threshold = 10000 (custom)
2019-09-26 21:18:49,639 [pool-27-thread-1] INFO  server.RaftServerConfigKeys (ConfUtils.java:logGet(43)) - raft.server.snapshot.retention.num.files = 5 (custom)
2019-09-26 21:18:49,639 [pool-27-thread-1] INFO  server.RaftServerConfigKeys (ConfUtils.java:logGet(43)) - raft.server.retrycache.expirytime = 600000ms (custom)
2019-09-26 21:18:49,643 [pool-27-thread-1] INFO  impl.RaftServerImpl (RaftServerImpl.java:start(185)) - 9ce0b59e-153f-4f41-8aed-492a76d80b48@group-7A18C9E9D23C: start as a follower, conf=-1: [9ce0b59e-153f-4f41-8aed-492a76d80b48:192.168.151.99:34156], old=null
2019-09-26 21:18:49,643 [pool-27-thread-1] INFO  impl.RaftServerImpl (RaftServerImpl.java:setRole(174)) - 9ce0b59e-153f-4f41-8aed-492a76d80b48@group-7A18C9E9D23C: changes role from      null to FOLLOWER at term 0 for startAsFollower
2019-09-26 21:18:49,643 [pool-27-thread-1] INFO  impl.RoleInfo (RoleInfo.java:updateAndGet(143)) - 9ce0b59e-153f-4f41-8aed-492a76d80b48: start FollowerState
2019-09-26 21:18:49,643 [pool-27-thread-1] INFO  util.JmxRegister (JmxRegister.java:tryRegister(44)) - Successfully registered JMX Bean with object name Ratis:service=RaftServer,group=group-7A18C9E9D23C,id=9ce0b59e-153f-4f41-8aed-492a76d80b48
2019-09-26 21:18:49,646 [RatisPipelineUtilsThread] INFO  pipeline.PipelineStateManager (PipelineStateManager.java:addPipeline(56)) - Created pipeline Pipeline[ Id: 63dfff4a-8c1e-48c7-926c-7a18c9e9d23c, Nodes: 9ce0b59e-153f-4f41-8aed-492a76d80b48{ip: 192.168.151.99, host: pr-hdds-1569-g6sp5-2013761785, networkLocation: /default-rack, certSerialId: null}, Type:RATIS, Factor:ONE, State:OPEN]
2019-09-26 21:18:49,652 [grpc-default-executor-1] INFO  impl.RaftServerProxy (RaftServerProxy.java:addNew(89)) - 1178c3ae-d0b4-4d44-b144-fe8504cc41ac: addNew group-69CE5E8A1F29:[1178c3ae-d0b4-4d44-b144-fe8504cc41ac:192.168.151.99:33787] returns group-69CE5E8A1F29:java.util.concurrent.CompletableFuture@2cfbf2a5[Not completed]
2019-09-26 21:18:49,652 [pool-37-thread-1] INFO  impl.RaftServerImpl (RaftServerImpl.java:<init>(95)) - 1178c3ae-d0b4-4d44-b144-fe8504cc41ac: new RaftServerImpl for group-69CE5E8A1F29:[1178c3ae-d0b4-4d44-b144-fe8504cc41ac:192.168.151.99:33787] with ContainerStateMachine:uninitialized
2019-09-26 21:18:49,653 [pool-37-thread-1] INFO  server.RaftServerConfigKeys (ConfUtils.java:logGet(43)) - raft.server.rpc.timeout.min = 5s (custom)
2019-09-26 21:18:49,653 [pool-37-thread-1] INFO  server.RaftServerConfigKeys (ConfUtils.java:logGet(43)) - raft.server.rpc.timeout.max = 5200ms (custom)
2019-09-26 21:18:49,653 [pool-37-thread-1] INFO  server.RaftServerConfigKeys (ConfUtils.java:logGet(43)) - raft.server.rpcslowness.timeout = 120s (custom)
2019-09-26 21:18:49,653 [pool-37-thread-1] INFO  server.RaftServerConfigKeys (ConfUtils.java:logGet(43)) - raft.server.sleep.deviation.threshold = 300 (default)
2019-09-26 21:18:49,653 [pool-37-thread-1] INFO  server.RaftServerConfigKeys (ConfUtils.java:logGet(43)) - raft.server.log.appender.install.snapshot.enabled = false (custom)
2019-09-26 21:18:49,653 [pool-37-thread-1] INFO  impl.RaftServerImpl (ServerState.java:<init>(103)) - 1178c3ae-d0b4-4d44-b144-fe8504cc41ac@group-69CE5E8A1F29: ConfigurationManager, init=-1: [1178c3ae-d0b4-4d44-b144-fe8504cc41ac:192.168.151.99:33787], old=null, confs=<EMPTY_MAP>
2019-09-26 21:18:49,654 [pool-37-thread-1] INFO  server.RaftServerConfigKeys (ConfUtils.java:logGet(43)) - raft.server.storage.dir = [/workdir/hadoop-ozone/ozonefs/target/test-dir/MiniOzoneClusterImpl-5b64906c-d720-4906-b30c-b6d56a2122fd/datanode-1/data/ratis] (custom)
2019-09-26 21:18:49,654 [pool-37-thread-1] INFO  storage.RaftStorageDirectory (RaftStorageDirectory.java:analyzeStorage(246)) - The storage directory /workdir/hadoop-ozone/ozonefs/target/test-dir/MiniOzoneClusterImpl-5b64906c-d720-4906-b30c-b6d56a2122fd/datanode-1/data/ratis/ab84f497-da60-4bc9-835d-69ce5e8a1f29 does not exist. Creating ...
2019-09-26 21:18:49,667 [pool-37-thread-1] INFO  storage.RaftStorageDirectory (RaftStorageDirectory.java:tryLock(328)) - Lock on /workdir/hadoop-ozone/ozonefs/target/test-dir/MiniOzoneClusterImpl-5b64906c-d720-4906-b30c-b6d56a2122fd/datanode-1/data/ratis/ab84f497-da60-4bc9-835d-69ce5e8a1f29/in_use.lock acquired by nodename 10701@pr-hdds-1569-g6sp5-2013761785
2019-09-26 21:18:49,674 [Thread-286] INFO  impl.FollowerState (FollowerState.java:run(106)) - da833d8d-e72a-4068-9560-4daa2d83adc2:group-1245CEEF7C55 changes to CANDIDATE, lastRpcTime:5072, electionTimeout:5072ms
2019-09-26 21:18:49,675 [Thread-286] INFO  impl.RoleInfo (RoleInfo.java:shutdownFollowerState(121)) - da833d8d-e72a-4068-9560-4daa2d83adc2: shutdown FollowerState
2019-09-26 21:18:49,675 [Thread-286] INFO  impl.RaftServerImpl (RaftServerImpl.java:setRole(174)) - da833d8d-e72a-4068-9560-4daa2d83adc2@group-1245CEEF7C55: changes role from  FOLLOWER to CANDIDATE at term 0 for changeToCandidate
2019-09-26 21:18:49,675 [Thread-286] INFO  impl.RoleInfo (RoleInfo.java:updateAndGet(143)) - da833d8d-e72a-4068-9560-4daa2d83adc2: start LeaderElection
2019-09-26 21:18:49,682 [pool-37-thread-1] INFO  storage.RaftStorage (RaftStorage.java:format(72)) - Storage directory /workdir/hadoop-ozone/ozonefs/target/test-dir/MiniOzoneClusterImpl-5b64906c-d720-4906-b30c-b6d56a2122fd/datanode-1/data/ratis/ab84f497-da60-4bc9-835d-69ce5e8a1f29 has been successfully formatted.
2019-09-26 21:18:49,682 [pool-37-thread-1] INFO  ratis.ContainerStateMachine (ContainerStateMachine.java:loadSnapshot(230)) - group-69CE5E8A1F29: The snapshot info is null. Setting the last applied indexto:(t:0, i:~)
2019-09-26 21:18:49,682 [pool-37-thread-1] INFO  server.RaftServerConfigKeys (ConfUtils.java:logGet(43)) - raft.server.notification.no-leader.timeout = 120s (custom)
2019-09-26 21:18:49,683 [pool-37-thread-1] INFO  server.RaftServerConfigKeys (ConfUtils.java:logGet(43)) - raft.server.log.use.memory = false (default)
2019-09-26 21:18:49,683 [pool-37-thread-1] INFO  server.RaftServerConfigKeys (ConfUtils.java:logGet(43)) - raft.server.log.purge.gap = 1000000 (custom)
2019-09-26 21:18:49,683 [pool-37-thread-1] INFO  server.RaftServerConfigKeys (ConfUtils.java:logGet(43)) - raft.server.log.appender.buffer.byte-limit = 33554432 (custom)
2019-09-26 21:18:49,683 [pool-37-thread-1] INFO  server.RaftServerConfigKeys (ConfUtils.java:logGet(43)) - raft.server.log.segment.size.max = 1048576 (custom)
2019-09-26 21:18:49,683 [pool-37-thread-1] INFO  server.RaftServerConfigKeys (ConfUtils.java:logGet(43)) - raft.server.log.segment.cache.num.max = 2 (custom)
2019-09-26 21:18:49,683 [pool-37-thread-1] INFO  segmented.SegmentedRaftLogWorker (SegmentedRaftLogWorker.java:<init>(172)) - new 1178c3ae-d0b4-4d44-b144-fe8504cc41ac@group-69CE5E8A1F29-SegmentedRaftLogWorker for RaftStorage:Storage Directory /workdir/hadoop-ozone/ozonefs/target/test-dir/MiniOzoneClusterImpl-5b64906c-d720-4906-b30c-b6d56a2122fd/datanode-1/data/ratis/ab84f497-da60-4bc9-835d-69ce5e8a1f29
2019-09-26 21:18:49,683 [pool-37-thread-1] INFO  server.RaftServerConfigKeys (ConfUtils.java:logGet(43)) - raft.server.log.queue.byte-limit = 2147483647 (custom)
2019-09-26 21:18:49,683 [pool-37-thread-1] INFO  server.RaftServerConfigKeys (ConfUtils.java:logGet(43)) - raft.server.log.queue.element-limit = 1024 (custom)
2019-09-26 21:18:49,683 [pool-37-thread-1] INFO  server.RaftServerConfigKeys (ConfUtils.java:logGet(43)) - raft.server.log.segment.size.max = 1048576 (custom)
2019-09-26 21:18:49,683 [pool-37-thread-1] INFO  server.RaftServerConfigKeys (ConfUtils.java:logGet(43)) - raft.server.log.preallocated.size = 16384 (custom)
2019-09-26 21:18:49,684 [pool-37-thread-1] INFO  server.RaftServerConfigKeys (ConfUtils.java:logGet(43)) - raft.server.log.write.buffer.size = 33554432 (custom)
2019-09-26 21:18:49,684 [pool-37-thread-1] INFO  server.RaftServerConfigKeys (ConfUtils.java:logGet(43)) - raft.server.log.force.sync.num = 128 (default)
2019-09-26 21:18:49,684 [pool-37-thread-1] INFO  server.RaftServerConfigKeys (ConfUtils.java:logGet(43)) - raft.server.log.statemachine.data.sync = true (default)
2019-09-26 21:18:49,684 [pool-37-thread-1] INFO  server.RaftServerConfigKeys (ConfUtils.java:logGet(43)) - raft.server.log.statemachine.data.sync.timeout = 10s (default)
2019-09-26 21:18:49,684 [pool-37-thread-1] INFO  server.RaftServerConfigKeys (ConfUtils.java:logGet(43)) - raft.server.log.statemachine.data.sync.timeout.retry = -1 (default)
2019-09-26 21:18:49,684 [pool-37-thread-1] INFO  server.RaftServerConfigKeys (ConfUtils.java:logGet(43)) - raft.server.log.statemachine.data.caching.enabled = true (custom)
2019-09-26 21:18:49,684 [pool-37-thread-1] INFO  segmented.SegmentedRaftLogWorker (SegmentedRaftLogWorker.java:lambda$new$0(132)) - 1178c3ae-d0b4-4d44-b144-fe8504cc41ac@group-69CE5E8A1F29-SegmentedRaftLogWorker: flushIndex: setUnconditionally 0 -> -1
2019-09-26 21:18:49,684 [pool-37-thread-1] INFO  server.RaftServerConfigKeys (ConfUtils.java:logGet(43)) - raft.server.snapshot.auto.trigger.enabled = true (custom)
2019-09-26 21:18:49,685 [pool-37-thread-1] INFO  server.RaftServerConfigKeys (ConfUtils.java:logGet(43)) - raft.server.snapshot.auto.trigger.threshold = 10000 (custom)
2019-09-26 21:18:49,685 [pool-37-thread-1] INFO  server.RaftServerConfigKeys (ConfUtils.java:logGet(43)) - raft.server.snapshot.retention.num.files = 5 (custom)
2019-09-26 21:18:49,685 [pool-37-thread-1] INFO  server.RaftServerConfigKeys (ConfUtils.java:logGet(43)) - raft.server.retrycache.expirytime = 600000ms (custom)
2019-09-26 21:18:49,687 [pool-37-thread-1] INFO  impl.RaftServerImpl (RaftServerImpl.java:start(185)) - 1178c3ae-d0b4-4d44-b144-fe8504cc41ac@group-69CE5E8A1F29: start as a follower, conf=-1: [1178c3ae-d0b4-4d44-b144-fe8504cc41ac:192.168.151.99:33787], old=null
2019-09-26 21:18:49,687 [pool-37-thread-1] INFO  impl.RaftServerImpl (RaftServerImpl.java:setRole(174)) - 1178c3ae-d0b4-4d44-b144-fe8504cc41ac@group-69CE5E8A1F29: changes role from      null to FOLLOWER at term 0 for startAsFollower
2019-09-26 21:18:49,687 [pool-37-thread-1] INFO  impl.RoleInfo (RoleInfo.java:updateAndGet(143)) - 1178c3ae-d0b4-4d44-b144-fe8504cc41ac: start FollowerState
2019-09-26 21:18:49,687 [pool-37-thread-1] INFO  util.JmxRegister (JmxRegister.java:tryRegister(44)) - Successfully registered JMX Bean with object name Ratis:service=RaftServer,group=group-69CE5E8A1F29,id=1178c3ae-d0b4-4d44-b144-fe8504cc41ac
2019-09-26 21:18:49,692 [RatisPipelineUtilsThread] INFO  pipeline.PipelineStateManager (PipelineStateManager.java:addPipeline(56)) - Created pipeline Pipeline[ Id: ab84f497-da60-4bc9-835d-69ce5e8a1f29, Nodes: 1178c3ae-d0b4-4d44-b144-fe8504cc41ac{ip: 192.168.151.99, host: pr-hdds-1569-g6sp5-2013761785, networkLocation: /default-rack, certSerialId: null}, Type:RATIS, Factor:ONE, State:OPEN]
2019-09-26 21:18:49,694 [da833d8d-e72a-4068-9560-4daa2d83adc2@group-1245CEEF7C55:LeaderElection23] INFO  impl.LeaderElection (LeaderElection.java:askForVotes(182)) - da833d8d-e72a-4068-9560-4daa2d83adc2@group-1245CEEF7C55:LeaderElection23: begin an election at term 1 for -1: [da833d8d-e72a-4068-9560-4daa2d83adc2:192.168.151.99:38903], old=null
2019-09-26 21:18:49,694 [da833d8d-e72a-4068-9560-4daa2d83adc2@group-1245CEEF7C55:LeaderElection23] INFO  impl.RoleInfo (RoleInfo.java:shutdownLeaderElection(134)) - da833d8d-e72a-4068-9560-4daa2d83adc2: shutdown LeaderElection
2019-09-26 21:18:49,695 [da833d8d-e72a-4068-9560-4daa2d83adc2@group-1245CEEF7C55:LeaderElection23] INFO  impl.RaftServerImpl (RaftServerImpl.java:setRole(174)) - da833d8d-e72a-4068-9560-4daa2d83adc2@group-1245CEEF7C55: changes role from CANDIDATE to LEADER at term 1 for changeToLeader
2019-09-26 21:18:49,695 [da833d8d-e72a-4068-9560-4daa2d83adc2@group-1245CEEF7C55:LeaderElection23] INFO  impl.RaftServerImpl (ServerState.java:setLeader(253)) - da833d8d-e72a-4068-9560-4daa2d83adc2@group-1245CEEF7C55: change Leader from null to da833d8d-e72a-4068-9560-4daa2d83adc2 at term 1 for becomeLeader, leader elected after 5098ms
2019-09-26 21:18:49,695 [da833d8d-e72a-4068-9560-4daa2d83adc2@group-1245CEEF7C55:LeaderElection23] INFO  server.RaftServerConfigKeys (ConfUtils.java:logGet(43)) - raft.server.staging.catchup.gap = 1000 (default)
2019-09-26 21:18:49,695 [da833d8d-e72a-4068-9560-4daa2d83adc2@group-1245CEEF7C55:LeaderElection23] INFO  server.RaftServerConfigKeys (ConfUtils.java:logGet(43)) - raft.server.rpc.sleep.time = 25ms (default)
2019-09-26 21:18:49,695 [da833d8d-e72a-4068-9560-4daa2d83adc2@group-1245CEEF7C55:LeaderElection23] INFO  server.RaftServerConfigKeys (ConfUtils.java:logGet(43)) - raft.server.write.element-limit = 4096 (default)
2019-09-26 21:18:49,695 [Thread-289] INFO  impl.FollowerState (FollowerState.java:run(106)) - 0c640f50-2bc9-49b6-b785-a27e3116e6ba:group-A24344246A9D changes to CANDIDATE, lastRpcTime:5045, electionTimeout:5045ms
2019-09-26 21:18:49,695 [da833d8d-e72a-4068-9560-4daa2d83adc2@group-1245CEEF7C55:LeaderElection23] INFO  server.RaftServerConfigKeys (ConfUtils.java:logGet(43)) - raft.server.watch.timeout = 10s (default)
2019-09-26 21:18:49,696 [Thread-289] INFO  impl.RoleInfo (RoleInfo.java:shutdownFollowerState(121)) - 0c640f50-2bc9-49b6-b785-a27e3116e6ba: shutdown FollowerState
2019-09-26 21:18:49,696 [da833d8d-e72a-4068-9560-4daa2d83adc2@group-1245CEEF7C55:LeaderElection23] INFO  server.RaftServerConfigKeys (ConfUtils.java:logGet(43)) - raft.server.watch.timeout.denomination = 1s (default)
2019-09-26 21:18:49,696 [Thread-289] INFO  impl.RaftServerImpl (RaftServerImpl.java:setRole(174)) - 0c640f50-2bc9-49b6-b785-a27e3116e6ba@group-A24344246A9D: changes role from  FOLLOWER to CANDIDATE at term 0 for changeToCandidate
2019-09-26 21:18:49,696 [da833d8d-e72a-4068-9560-4daa2d83adc2@group-1245CEEF7C55:LeaderElection23] INFO  server.RaftServerConfigKeys (ConfUtils.java:logGet(43)) - raft.server.watch.element-limit = 65536 (default)
2019-09-26 21:18:49,696 [Thread-289] INFO  impl.RoleInfo (RoleInfo.java:updateAndGet(143)) - 0c640f50-2bc9-49b6-b785-a27e3116e6ba: start LeaderElection
2019-09-26 21:18:49,700 [grpc-default-executor-1] INFO  impl.RaftServerProxy (RaftServerProxy.java:addNew(89)) - 0c640f50-2bc9-49b6-b785-a27e3116e6ba: addNew group-0A76B9112B2F:[0c640f50-2bc9-49b6-b785-a27e3116e6ba:192.168.151.99:42361] returns group-0A76B9112B2F:java.util.concurrent.CompletableFuture@7cf17e3a[Not completed]
2019-09-26 21:18:49,701 [da833d8d-e72a-4068-9560-4daa2d83adc2@group-1245CEEF7C55:LeaderElection23] INFO  impl.RoleInfo (RoleInfo.java:updateAndGet(143)) - da833d8d-e72a-4068-9560-4daa2d83adc2: start LeaderState
2019-09-26 21:18:49,701 [da833d8d-e72a-4068-9560-4daa2d83adc2@group-1245CEEF7C55:LeaderElection23] INFO  segmented.SegmentedRaftLogWorker (SegmentedRaftLogWorker.java:startLogSegment(380)) - da833d8d-e72a-4068-9560-4daa2d83adc2@group-1245CEEF7C55-SegmentedRaftLogWorker: Starting segment from index:0
2019-09-26 21:18:49,701 [pool-57-thread-1] INFO  impl.RaftServerImpl (RaftServerImpl.java:<init>(95)) - 0c640f50-2bc9-49b6-b785-a27e3116e6ba: new RaftServerImpl for group-0A76B9112B2F:[0c640f50-2bc9-49b6-b785-a27e3116e6ba:192.168.151.99:42361] with ContainerStateMachine:uninitialized
2019-09-26 21:18:49,701 [pool-57-thread-1] INFO  server.RaftServerConfigKeys (ConfUtils.java:logGet(43)) - raft.server.rpc.timeout.min = 5s (custom)
2019-09-26 21:18:49,701 [pool-57-thread-1] INFO  server.RaftServerConfigKeys (ConfUtils.java:logGet(43)) - raft.server.rpc.timeout.max = 5200ms (custom)
2019-09-26 21:18:49,702 [pool-57-thread-1] INFO  server.RaftServerConfigKeys (ConfUtils.java:logGet(43)) - raft.server.rpcslowness.timeout = 120s (custom)
2019-09-26 21:18:49,702 [da833d8d-e72a-4068-9560-4daa2d83adc2@group-1245CEEF7C55:LeaderElection23] INFO  impl.RaftServerImpl (ServerState.java:setRaftConf(354)) - da833d8d-e72a-4068-9560-4daa2d83adc2@group-1245CEEF7C55: set configuration 0: [da833d8d-e72a-4068-9560-4daa2d83adc2:192.168.151.99:38903], old=null at 0
2019-09-26 21:18:49,702 [pool-57-thread-1] INFO  server.RaftServerConfigKeys (ConfUtils.java:logGet(43)) - raft.server.sleep.deviation.threshold = 300 (default)
2019-09-26 21:18:49,739 [pool-57-thread-1] INFO  server.RaftServerConfigKeys (ConfUtils.java:logGet(43)) - raft.server.log.appender.install.snapshot.enabled = false (custom)
2019-09-26 21:18:49,739 [pool-57-thread-1] INFO  impl.RaftServerImpl (ServerState.java:<init>(103)) - 0c640f50-2bc9-49b6-b785-a27e3116e6ba@group-0A76B9112B2F: ConfigurationManager, init=-1: [0c640f50-2bc9-49b6-b785-a27e3116e6ba:192.168.151.99:42361], old=null, confs=<EMPTY_MAP>
2019-09-26 21:18:49,739 [pool-57-thread-1] INFO  server.RaftServerConfigKeys (ConfUtils.java:logGet(43)) - raft.server.storage.dir = [/workdir/hadoop-ozone/ozonefs/target/test-dir/MiniOzoneClusterImpl-5b64906c-d720-4906-b30c-b6d56a2122fd/datanode-3/data/ratis] (custom)
2019-09-26 21:18:49,748 [Thread-283] INFO  impl.FollowerState (FollowerState.java:run(106)) - 1178c3ae-d0b4-4d44-b144-fe8504cc41ac:group-74C2D69AE605 changes to CANDIDATE, lastRpcTime:5195, electionTimeout:5195ms
2019-09-26 21:18:49,748 [Thread-283] INFO  impl.RoleInfo (RoleInfo.java:shutdownFollowerState(121)) - 1178c3ae-d0b4-4d44-b144-fe8504cc41ac: shutdown FollowerState
2019-09-26 21:18:49,748 [Thread-283] INFO  impl.RaftServerImpl (RaftServerImpl.java:setRole(174)) - 1178c3ae-d0b4-4d44-b144-fe8504cc41ac@group-74C2D69AE605: changes role from  FOLLOWER to CANDIDATE at term 0 for changeToCandidate
2019-09-26 21:18:49,748 [Thread-283] INFO  impl.RoleInfo (RoleInfo.java:updateAndGet(143)) - 1178c3ae-d0b4-4d44-b144-fe8504cc41ac: start LeaderElection
2019-09-26 21:18:49,759 [pool-57-thread-1] INFO  storage.RaftStorageDirectory (RaftStorageDirectory.java:analyzeStorage(246)) - The storage directory /workdir/hadoop-ozone/ozonefs/target/test-dir/MiniOzoneClusterImpl-5b64906c-d720-4906-b30c-b6d56a2122fd/datanode-3/data/ratis/6eecd97b-34b4-461e-9842-0a76b9112b2f does not exist. Creating ...
2019-09-26 21:18:49,798 [Thread-292] INFO  impl.FollowerState (FollowerState.java:run(106)) - da833d8d-e72a-4068-9560-4daa2d83adc2:group-7DBC896A20AD changes to CANDIDATE, lastRpcTime:5100, electionTimeout:5100ms
2019-09-26 21:18:49,798 [Thread-292] INFO  impl.RoleInfo (RoleInfo.java:shutdownFollowerState(121)) - da833d8d-e72a-4068-9560-4daa2d83adc2: shutdown FollowerState
2019-09-26 21:18:49,798 [Thread-292] INFO  impl.RaftServerImpl (RaftServerImpl.java:setRole(174)) - da833d8d-e72a-4068-9560-4daa2d83adc2@group-7DBC896A20AD: changes role from  FOLLOWER to CANDIDATE at term 0 for changeToCandidate
2019-09-26 21:18:49,798 [Thread-292] INFO  impl.RoleInfo (RoleInfo.java:updateAndGet(143)) - da833d8d-e72a-4068-9560-4daa2d83adc2: start LeaderElection
2019-09-26 21:18:49,820 [0c640f50-2bc9-49b6-b785-a27e3116e6ba@group-A24344246A9D:LeaderElection24] INFO  impl.LeaderElection (LeaderElection.java:askForVotes(182)) - 0c640f50-2bc9-49b6-b785-a27e3116e6ba@group-A24344246A9D:LeaderElection24: begin an election at term 1 for -1: [0c640f50-2bc9-49b6-b785-a27e3116e6ba:192.168.151.99:42361], old=null
2019-09-26 21:18:49,820 [0c640f50-2bc9-49b6-b785-a27e3116e6ba@group-A24344246A9D:LeaderElection24] INFO  impl.RoleInfo (RoleInfo.java:shutdownLeaderElection(134)) - 0c640f50-2bc9-49b6-b785-a27e3116e6ba: shutdown LeaderElection
2019-09-26 21:18:49,820 [0c640f50-2bc9-49b6-b785-a27e3116e6ba@group-A24344246A9D:LeaderElection24] INFO  impl.RaftServerImpl (RaftServerImpl.java:setRole(174)) - 0c640f50-2bc9-49b6-b785-a27e3116e6ba@group-A24344246A9D: changes role from CANDIDATE to LEADER at term 1 for changeToLeader
2019-09-26 21:18:49,820 [0c640f50-2bc9-49b6-b785-a27e3116e6ba@group-A24344246A9D:LeaderElection24] INFO  impl.RaftServerImpl (ServerState.java:setLeader(253)) - 0c640f50-2bc9-49b6-b785-a27e3116e6ba@group-A24344246A9D: change Leader from null to 0c640f50-2bc9-49b6-b785-a27e3116e6ba at term 1 for becomeLeader, leader elected after 5175ms
2019-09-26 21:18:49,820 [0c640f50-2bc9-49b6-b785-a27e3116e6ba@group-A24344246A9D:LeaderElection24] INFO  server.RaftServerConfigKeys (ConfUtils.java:logGet(43)) - raft.server.staging.catchup.gap = 1000 (default)
2019-09-26 21:18:49,820 [0c640f50-2bc9-49b6-b785-a27e3116e6ba@group-A24344246A9D:LeaderElection24] INFO  server.RaftServerConfigKeys (ConfUtils.java:logGet(43)) - raft.server.rpc.sleep.time = 25ms (default)
2019-09-26 21:18:49,821 [0c640f50-2bc9-49b6-b785-a27e3116e6ba@group-A24344246A9D:LeaderElection24] INFO  server.RaftServerConfigKeys (ConfUtils.java:logGet(43)) - raft.server.write.element-limit = 4096 (default)
2019-09-26 21:18:49,821 [0c640f50-2bc9-49b6-b785-a27e3116e6ba@group-A24344246A9D:LeaderElection24] INFO  server.RaftServerConfigKeys (ConfUtils.java:logGet(43)) - raft.server.watch.timeout = 10s (default)
2019-09-26 21:18:49,821 [0c640f50-2bc9-49b6-b785-a27e3116e6ba@group-A24344246A9D:LeaderElection24] INFO  server.RaftServerConfigKeys (ConfUtils.java:logGet(43)) - raft.server.watch.timeout.denomination = 1s (default)
2019-09-26 21:18:49,821 [0c640f50-2bc9-49b6-b785-a27e3116e6ba@group-A24344246A9D:LeaderElection24] INFO  server.RaftServerConfigKeys (ConfUtils.java:logGet(43)) - raft.server.watch.element-limit = 65536 (default)
2019-09-26 21:18:49,823 [0c640f50-2bc9-49b6-b785-a27e3116e6ba@group-A24344246A9D:LeaderElection24] INFO  impl.RoleInfo (RoleInfo.java:updateAndGet(143)) - 0c640f50-2bc9-49b6-b785-a27e3116e6ba: start LeaderState
2019-09-26 21:18:49,823 [0c640f50-2bc9-49b6-b785-a27e3116e6ba@group-A24344246A9D:LeaderElection24] INFO  segmented.SegmentedRaftLogWorker (SegmentedRaftLogWorker.java:startLogSegment(380)) - 0c640f50-2bc9-49b6-b785-a27e3116e6ba@group-A24344246A9D-SegmentedRaftLogWorker: Starting segment from index:0
2019-09-26 21:18:49,823 [0c640f50-2bc9-49b6-b785-a27e3116e6ba@group-A24344246A9D:LeaderElection24] INFO  impl.RaftServerImpl (ServerState.java:setRaftConf(354)) - 0c640f50-2bc9-49b6-b785-a27e3116e6ba@group-A24344246A9D: set configuration 0: [0c640f50-2bc9-49b6-b785-a27e3116e6ba:192.168.151.99:42361], old=null at 0
2019-09-26 21:18:49,835 [da833d8d-e72a-4068-9560-4daa2d83adc2@group-1245CEEF7C55-SegmentedRaftLogWorker] INFO  segmented.SegmentedRaftLogWorker (SegmentedRaftLogWorker.java:execute(569)) - da833d8d-e72a-4068-9560-4daa2d83adc2@group-1245CEEF7C55-SegmentedRaftLogWorker: created new log segment /workdir/hadoop-ozone/ozonefs/target/test-dir/MiniOzoneClusterImpl-5b64906c-d720-4906-b30c-b6d56a2122fd/datanode-4/data/ratis/11fd59bc-8249-401c-8037-1245ceef7c55/current/log_inprogress_0
2019-09-26 21:18:49,835 [da833d8d-e72a-4068-9560-4daa2d83adc2@group-7DBC896A20AD:LeaderElection26] INFO  impl.LeaderElection (LeaderElection.java:askForVotes(182)) - da833d8d-e72a-4068-9560-4daa2d83adc2@group-7DBC896A20AD:LeaderElection26: begin an election at term 1 for -1: [da833d8d-e72a-4068-9560-4daa2d83adc2:192.168.151.99:38903], old=null
2019-09-26 21:18:49,835 [1178c3ae-d0b4-4d44-b144-fe8504cc41ac@group-74C2D69AE605:LeaderElection25] INFO  impl.LeaderElection (LeaderElection.java:askForVotes(182)) - 1178c3ae-d0b4-4d44-b144-fe8504cc41ac@group-74C2D69AE605:LeaderElection25: begin an election at term 1 for -1: [1178c3ae-d0b4-4d44-b144-fe8504cc41ac:192.168.151.99:33787], old=null
2019-09-26 21:18:49,835 [pool-57-thread-1] INFO  storage.RaftStorageDirectory (RaftStorageDirectory.java:tryLock(328)) - Lock on /workdir/hadoop-ozone/ozonefs/target/test-dir/MiniOzoneClusterImpl-5b64906c-d720-4906-b30c-b6d56a2122fd/datanode-3/data/ratis/6eecd97b-34b4-461e-9842-0a76b9112b2f/in_use.lock acquired by nodename 10701@pr-hdds-1569-g6sp5-2013761785
2019-09-26 21:18:49,835 [1178c3ae-d0b4-4d44-b144-fe8504cc41ac@group-74C2D69AE605:LeaderElection25] INFO  impl.RoleInfo (RoleInfo.java:shutdownLeaderElection(134)) - 1178c3ae-d0b4-4d44-b144-fe8504cc41ac: shutdown LeaderElection
2019-09-26 21:18:49,836 [1178c3ae-d0b4-4d44-b144-fe8504cc41ac@group-74C2D69AE605:LeaderElection25] INFO  impl.RaftServerImpl (RaftServerImpl.java:setRole(174)) - 1178c3ae-d0b4-4d44-b144-fe8504cc41ac@group-74C2D69AE605: changes role from CANDIDATE to LEADER at term 1 for changeToLeader
2019-09-26 21:18:49,835 [da833d8d-e72a-4068-9560-4daa2d83adc2@group-7DBC896A20AD:LeaderElection26] INFO  impl.RoleInfo (RoleInfo.java:shutdownLeaderElection(134)) - da833d8d-e72a-4068-9560-4daa2d83adc2: shutdown LeaderElection
2019-09-26 21:18:49,836 [1178c3ae-d0b4-4d44-b144-fe8504cc41ac@group-74C2D69AE605:LeaderElection25] INFO  impl.RaftServerImpl (ServerState.java:setLeader(253)) - 1178c3ae-d0b4-4d44-b144-fe8504cc41ac@group-74C2D69AE605: change Leader from null to 1178c3ae-d0b4-4d44-b144-fe8504cc41ac at term 1 for becomeLeader, leader elected after 5291ms
2019-09-26 21:18:49,836 [da833d8d-e72a-4068-9560-4daa2d83adc2@group-7DBC896A20AD:LeaderElection26] INFO  impl.RaftServerImpl (RaftServerImpl.java:setRole(174)) - da833d8d-e72a-4068-9560-4daa2d83adc2@group-7DBC896A20AD: changes role from CANDIDATE to LEADER at term 1 for changeToLeader
2019-09-26 21:18:49,836 [1178c3ae-d0b4-4d44-b144-fe8504cc41ac@group-74C2D69AE605:LeaderElection25] INFO  server.RaftServerConfigKeys (ConfUtils.java:logGet(43)) - raft.server.staging.catchup.gap = 1000 (default)
2019-09-26 21:18:49,836 [da833d8d-e72a-4068-9560-4daa2d83adc2@group-7DBC896A20AD:LeaderElection26] INFO  impl.RaftServerImpl (ServerState.java:setLeader(253)) - da833d8d-e72a-4068-9560-4daa2d83adc2@group-7DBC896A20AD: change Leader from null to da833d8d-e72a-4068-9560-4daa2d83adc2 at term 1 for becomeLeader, leader elected after 5143ms
2019-09-26 21:18:49,836 [1178c3ae-d0b4-4d44-b144-fe8504cc41ac@group-74C2D69AE605:LeaderElection25] INFO  server.RaftServerConfigKeys (ConfUtils.java:logGet(43)) - raft.server.rpc.sleep.time = 25ms (default)
2019-09-26 21:18:49,836 [da833d8d-e72a-4068-9560-4daa2d83adc2@group-7DBC896A20AD:LeaderElection26] INFO  server.RaftServerConfigKeys (ConfUtils.java:logGet(43)) - raft.server.staging.catchup.gap = 1000 (default)
2019-09-26 21:18:49,836 [1178c3ae-d0b4-4d44-b144-fe8504cc41ac@group-74C2D69AE605:LeaderElection25] INFO  server.RaftServerConfigKeys (ConfUtils.java:logGet(43)) - raft.server.write.element-limit = 4096 (default)
2019-09-26 21:18:49,836 [da833d8d-e72a-4068-9560-4daa2d83adc2@group-7DBC896A20AD:LeaderElection26] INFO  server.RaftServerConfigKeys (ConfUtils.java:logGet(43)) - raft.server.rpc.sleep.time = 25ms (default)
2019-09-26 21:18:49,837 [1178c3ae-d0b4-4d44-b144-fe8504cc41ac@group-74C2D69AE605:LeaderElection25] INFO  server.RaftServerConfigKeys (ConfUtils.java:logGet(43)) - raft.server.watch.timeout = 10s (default)
2019-09-26 21:18:49,837 [da833d8d-e72a-4068-9560-4daa2d83adc2@group-7DBC896A20AD:LeaderElection26] INFO  server.RaftServerConfigKeys (ConfUtils.java:logGet(43)) - raft.server.write.element-limit = 4096 (default)
2019-09-26 21:18:49,837 [1178c3ae-d0b4-4d44-b144-fe8504cc41ac@group-74C2D69AE605:LeaderElection25] INFO  server.RaftServerConfigKeys (ConfUtils.java:logGet(43)) - raft.server.watch.timeout.denomination = 1s (default)
2019-09-26 21:18:49,837 [da833d8d-e72a-4068-9560-4daa2d83adc2@group-7DBC896A20AD:LeaderElection26] INFO  server.RaftServerConfigKeys (ConfUtils.java:logGet(43)) - raft.server.watch.timeout = 10s (default)
2019-09-26 21:18:49,837 [1178c3ae-d0b4-4d44-b144-fe8504cc41ac@group-74C2D69AE605:LeaderElection25] INFO  server.RaftServerConfigKeys (ConfUtils.java:logGet(43)) - raft.server.watch.element-limit = 65536 (default)
2019-09-26 21:18:49,837 [da833d8d-e72a-4068-9560-4daa2d83adc2@group-7DBC896A20AD:LeaderElection26] INFO  server.RaftServerConfigKeys (ConfUtils.java:logGet(43)) - raft.server.watch.timeout.denomination = 1s (default)
2019-09-26 21:18:49,837 [da833d8d-e72a-4068-9560-4daa2d83adc2@group-7DBC896A20AD:LeaderElection26] INFO  server.RaftServerConfigKeys (ConfUtils.java:logGet(43)) - raft.server.watch.element-limit = 65536 (default)
2019-09-26 21:18:49,839 [1178c3ae-d0b4-4d44-b144-fe8504cc41ac@group-74C2D69AE605:LeaderElection25] INFO  impl.RoleInfo (RoleInfo.java:updateAndGet(143)) - 1178c3ae-d0b4-4d44-b144-fe8504cc41ac: start LeaderState
2019-09-26 21:18:49,839 [1178c3ae-d0b4-4d44-b144-fe8504cc41ac@group-74C2D69AE605:LeaderElection25] INFO  segmented.SegmentedRaftLogWorker (SegmentedRaftLogWorker.java:startLogSegment(380)) - 1178c3ae-d0b4-4d44-b144-fe8504cc41ac@group-74C2D69AE605-SegmentedRaftLogWorker: Starting segment from index:0
2019-09-26 21:18:49,840 [1178c3ae-d0b4-4d44-b144-fe8504cc41ac@group-74C2D69AE605:LeaderElection25] INFO  impl.RaftServerImpl (ServerState.java:setRaftConf(354)) - 1178c3ae-d0b4-4d44-b144-fe8504cc41ac@group-74C2D69AE605: set configuration 0: [1178c3ae-d0b4-4d44-b144-fe8504cc41ac:192.168.151.99:33787], old=null at 0
2019-09-26 21:18:49,880 [pool-57-thread-1] INFO  storage.RaftStorage (RaftStorage.java:format(72)) - Storage directory /workdir/hadoop-ozone/ozonefs/target/test-dir/MiniOzoneClusterImpl-5b64906c-d720-4906-b30c-b6d56a2122fd/datanode-3/data/ratis/6eecd97b-34b4-461e-9842-0a76b9112b2f has been successfully formatted.
2019-09-26 21:18:49,880 [da833d8d-e72a-4068-9560-4daa2d83adc2@group-7DBC896A20AD:LeaderElection26] INFO  impl.RoleInfo (RoleInfo.java:updateAndGet(143)) - da833d8d-e72a-4068-9560-4daa2d83adc2: start LeaderState
2019-09-26 21:18:49,880 [pool-57-thread-1] INFO  ratis.ContainerStateMachine (ContainerStateMachine.java:loadSnapshot(230)) - group-0A76B9112B2F: The snapshot info is null. Setting the last applied indexto:(t:0, i:~)
2019-09-26 21:18:49,880 [da833d8d-e72a-4068-9560-4daa2d83adc2@group-7DBC896A20AD:LeaderElection26] INFO  segmented.SegmentedRaftLogWorker (SegmentedRaftLogWorker.java:startLogSegment(380)) - da833d8d-e72a-4068-9560-4daa2d83adc2@group-7DBC896A20AD-SegmentedRaftLogWorker: Starting segment from index:0
2019-09-26 21:18:49,881 [pool-57-thread-1] INFO  server.RaftServerConfigKeys (ConfUtils.java:logGet(43)) - raft.server.notification.no-leader.timeout = 120s (custom)
2019-09-26 21:18:49,881 [pool-57-thread-1] INFO  server.RaftServerConfigKeys (ConfUtils.java:logGet(43)) - raft.server.log.use.memory = false (default)
2019-09-26 21:18:49,881 [da833d8d-e72a-4068-9560-4daa2d83adc2@group-7DBC896A20AD:LeaderElection26] INFO  impl.RaftServerImpl (ServerState.java:setRaftConf(354)) - da833d8d-e72a-4068-9560-4daa2d83adc2@group-7DBC896A20AD: set configuration 0: [da833d8d-e72a-4068-9560-4daa2d83adc2:192.168.151.99:38903], old=null at 0
2019-09-26 21:18:49,881 [pool-57-thread-1] INFO  server.RaftServerConfigKeys (ConfUtils.java:logGet(43)) - raft.server.log.purge.gap = 1000000 (custom)
2019-09-26 21:18:49,917 [0c640f50-2bc9-49b6-b785-a27e3116e6ba@group-A24344246A9D-SegmentedRaftLogWorker] INFO  segmented.SegmentedRaftLogWorker (SegmentedRaftLogWorker.java:execute(569)) - 0c640f50-2bc9-49b6-b785-a27e3116e6ba@group-A24344246A9D-SegmentedRaftLogWorker: created new log segment /workdir/hadoop-ozone/ozonefs/target/test-dir/MiniOzoneClusterImpl-5b64906c-d720-4906-b30c-b6d56a2122fd/datanode-3/data/ratis/c7a7c3da-676b-4a9b-ab5e-a24344246a9d/current/log_inprogress_0
2019-09-26 21:18:49,917 [1178c3ae-d0b4-4d44-b144-fe8504cc41ac@group-74C2D69AE605-SegmentedRaftLogWorker] INFO  segmented.SegmentedRaftLogWorker (SegmentedRaftLogWorker.java:execute(569)) - 1178c3ae-d0b4-4d44-b144-fe8504cc41ac@group-74C2D69AE605-SegmentedRaftLogWorker: created new log segment /workdir/hadoop-ozone/ozonefs/target/test-dir/MiniOzoneClusterImpl-5b64906c-d720-4906-b30c-b6d56a2122fd/datanode-1/data/ratis/5ac5fdc2-86fe-4a0d-8c67-74c2d69ae605/current/log_inprogress_0
2019-09-26 21:18:49,917 [Thread-298] INFO  impl.FollowerState (FollowerState.java:run(106)) - 9ce0b59e-153f-4f41-8aed-492a76d80b48:group-4F3264EE2501 changes to CANDIDATE, lastRpcTime:5110, electionTimeout:5093ms
2019-09-26 21:18:49,917 [Thread-301] INFO  impl.FollowerState (FollowerState.java:run(106)) - 9ce0b59e-153f-4f41-8aed-492a76d80b48:group-800B9A3BF0F5 changes to CANDIDATE, lastRpcTime:5055, electionTimeout:5041ms
2019-09-26 21:18:49,918 [Thread-298] INFO  impl.RoleInfo (RoleInfo.java:shutdownFollowerState(121)) - 9ce0b59e-153f-4f41-8aed-492a76d80b48: shutdown FollowerState
2019-09-26 21:18:49,918 [Thread-301] INFO  impl.RoleInfo (RoleInfo.java:shutdownFollowerState(121)) - 9ce0b59e-153f-4f41-8aed-492a76d80b48: shutdown FollowerState
2019-09-26 21:18:49,917 [Thread-295] INFO  impl.FollowerState (FollowerState.java:run(106)) - 1178c3ae-d0b4-4d44-b144-fe8504cc41ac:group-E477B2BFBADC changes to CANDIDATE, lastRpcTime:5164, electionTimeout:5162ms
2019-09-26 21:18:49,918 [Thread-301] INFO  impl.RaftServerImpl (RaftServerImpl.java:setRole(174)) - 9ce0b59e-153f-4f41-8aed-492a76d80b48@group-800B9A3BF0F5: changes role from  FOLLOWER to CANDIDATE at term 0 for changeToCandidate
2019-09-26 21:18:49,918 [Thread-298] INFO  impl.RaftServerImpl (RaftServerImpl.java:setRole(174)) - 9ce0b59e-153f-4f41-8aed-492a76d80b48@group-4F3264EE2501: changes role from  FOLLOWER to CANDIDATE at term 0 for changeToCandidate
2019-09-26 21:18:49,918 [Thread-301] INFO  impl.RoleInfo (RoleInfo.java:updateAndGet(143)) - 9ce0b59e-153f-4f41-8aed-492a76d80b48: start LeaderElection
2019-09-26 21:18:49,917 [pool-57-thread-1] INFO  server.RaftServerConfigKeys (ConfUtils.java:logGet(43)) - raft.server.log.appender.buffer.byte-limit = 33554432 (custom)
2019-09-26 21:18:49,919 [Thread-298] INFO  impl.RoleInfo (RoleInfo.java:updateAndGet(143)) - 9ce0b59e-153f-4f41-8aed-492a76d80b48: start LeaderElection
2019-09-26 21:18:49,918 [Thread-295] INFO  impl.RoleInfo (RoleInfo.java:shutdownFollowerState(121)) - 1178c3ae-d0b4-4d44-b144-fe8504cc41ac: shutdown FollowerState
2019-09-26 21:18:49,919 [pool-57-thread-1] INFO  server.RaftServerConfigKeys (ConfUtils.java:logGet(43)) - raft.server.log.segment.size.max = 1048576 (custom)
2019-09-26 21:18:49,922 [Thread-295] INFO  impl.RaftServerImpl (RaftServerImpl.java:setRole(174)) - 1178c3ae-d0b4-4d44-b144-fe8504cc41ac@group-E477B2BFBADC: changes role from  FOLLOWER to CANDIDATE at term 0 for changeToCandidate
2019-09-26 21:18:49,924 [pool-57-thread-1] INFO  server.RaftServerConfigKeys (ConfUtils.java:logGet(43)) - raft.server.log.segment.cache.num.max = 2 (custom)
2019-09-26 21:18:49,924 [Thread-295] INFO  impl.RoleInfo (RoleInfo.java:updateAndGet(143)) - 1178c3ae-d0b4-4d44-b144-fe8504cc41ac: start LeaderElection
2019-09-26 21:18:49,925 [pool-57-thread-1] INFO  segmented.SegmentedRaftLogWorker (SegmentedRaftLogWorker.java:<init>(172)) - new 0c640f50-2bc9-49b6-b785-a27e3116e6ba@group-0A76B9112B2F-SegmentedRaftLogWorker for RaftStorage:Storage Directory /workdir/hadoop-ozone/ozonefs/target/test-dir/MiniOzoneClusterImpl-5b64906c-d720-4906-b30c-b6d56a2122fd/datanode-3/data/ratis/6eecd97b-34b4-461e-9842-0a76b9112b2f
2019-09-26 21:18:49,925 [pool-57-thread-1] INFO  server.RaftServerConfigKeys (ConfUtils.java:logGet(43)) - raft.server.log.queue.byte-limit = 2147483647 (custom)
2019-09-26 21:18:49,927 [pool-57-thread-1] INFO  server.RaftServerConfigKeys (ConfUtils.java:logGet(43)) - raft.server.log.queue.element-limit = 1024 (custom)
2019-09-26 21:18:49,927 [pool-57-thread-1] INFO  server.RaftServerConfigKeys (ConfUtils.java:logGet(43)) - raft.server.log.segment.size.max = 1048576 (custom)
2019-09-26 21:18:49,928 [pool-57-thread-1] INFO  server.RaftServerConfigKeys (ConfUtils.java:logGet(43)) - raft.server.log.preallocated.size = 16384 (custom)
2019-09-26 21:18:49,928 [pool-57-thread-1] INFO  server.RaftServerConfigKeys (ConfUtils.java:logGet(43)) - raft.server.log.write.buffer.size = 33554432 (custom)
2019-09-26 21:18:49,928 [pool-57-thread-1] INFO  server.RaftServerConfigKeys (ConfUtils.java:logGet(43)) - raft.server.log.force.sync.num = 128 (default)
2019-09-26 21:18:49,928 [pool-57-thread-1] INFO  server.RaftServerConfigKeys (ConfUtils.java:logGet(43)) - raft.server.log.statemachine.data.sync = true (default)
2019-09-26 21:18:49,928 [pool-57-thread-1] INFO  server.RaftServerConfigKeys (ConfUtils.java:logGet(43)) - raft.server.log.statemachine.data.sync.timeout = 10s (default)
2019-09-26 21:18:49,928 [pool-57-thread-1] INFO  server.RaftServerConfigKeys (ConfUtils.java:logGet(43)) - raft.server.log.statemachine.data.sync.timeout.retry = -1 (default)
2019-09-26 21:18:49,929 [pool-57-thread-1] INFO  server.RaftServerConfigKeys (ConfUtils.java:logGet(43)) - raft.server.log.statemachine.data.caching.enabled = true (custom)
2019-09-26 21:18:49,929 [pool-57-thread-1] INFO  segmented.SegmentedRaftLogWorker (SegmentedRaftLogWorker.java:lambda$new$0(132)) - 0c640f50-2bc9-49b6-b785-a27e3116e6ba@group-0A76B9112B2F-SegmentedRaftLogWorker: flushIndex: setUnconditionally 0 -> -1
2019-09-26 21:18:49,929 [pool-57-thread-1] INFO  server.RaftServerConfigKeys (ConfUtils.java:logGet(43)) - raft.server.snapshot.auto.trigger.enabled = true (custom)
2019-09-26 21:18:49,930 [pool-57-thread-1] INFO  server.RaftServerConfigKeys (ConfUtils.java:logGet(43)) - raft.server.snapshot.auto.trigger.threshold = 10000 (custom)
2019-09-26 21:18:49,930 [pool-57-thread-1] INFO  server.RaftServerConfigKeys (ConfUtils.java:logGet(43)) - raft.server.snapshot.retention.num.files = 5 (custom)
2019-09-26 21:18:49,930 [pool-57-thread-1] INFO  server.RaftServerConfigKeys (ConfUtils.java:logGet(43)) - raft.server.retrycache.expirytime = 600000ms (custom)
2019-09-26 21:18:49,932 [pool-57-thread-1] INFO  impl.RaftServerImpl (RaftServerImpl.java:start(185)) - 0c640f50-2bc9-49b6-b785-a27e3116e6ba@group-0A76B9112B2F: start as a follower, conf=-1: [0c640f50-2bc9-49b6-b785-a27e3116e6ba:192.168.151.99:42361], old=null
2019-09-26 21:18:49,932 [pool-57-thread-1] INFO  impl.RaftServerImpl (RaftServerImpl.java:setRole(174)) - 0c640f50-2bc9-49b6-b785-a27e3116e6ba@group-0A76B9112B2F: changes role from      null to FOLLOWER at term 0 for startAsFollower
2019-09-26 21:18:49,933 [pool-57-thread-1] INFO  impl.RoleInfo (RoleInfo.java:updateAndGet(143)) - 0c640f50-2bc9-49b6-b785-a27e3116e6ba: start FollowerState
2019-09-26 21:18:49,933 [pool-57-thread-1] INFO  util.JmxRegister (JmxRegister.java:tryRegister(44)) - Successfully registered JMX Bean with object name Ratis:service=RaftServer,group=group-0A76B9112B2F,id=0c640f50-2bc9-49b6-b785-a27e3116e6ba
2019-09-26 21:18:49,936 [RatisPipelineUtilsThread] INFO  pipeline.PipelineStateManager (PipelineStateManager.java:addPipeline(56)) - Created pipeline Pipeline[ Id: 6eecd97b-34b4-461e-9842-0a76b9112b2f, Nodes: 0c640f50-2bc9-49b6-b785-a27e3116e6ba{ip: 192.168.151.99, host: pr-hdds-1569-g6sp5-2013761785, networkLocation: /default-rack, certSerialId: null}, Type:RATIS, Factor:ONE, State:OPEN]
2019-09-26 21:18:49,941 [grpc-default-executor-1] INFO  impl.RaftServerProxy (RaftServerProxy.java:addNew(89)) - 0c640f50-2bc9-49b6-b785-a27e3116e6ba: addNew group-83E834069CCA:[0c640f50-2bc9-49b6-b785-a27e3116e6ba:192.168.151.99:42361] returns group-83E834069CCA:java.util.concurrent.CompletableFuture@4ab4f9f3[Not completed]
2019-09-26 21:18:49,943 [pool-57-thread-1] INFO  impl.RaftServerImpl (RaftServerImpl.java:<init>(95)) - 0c640f50-2bc9-49b6-b785-a27e3116e6ba: new RaftServerImpl for group-83E834069CCA:[0c640f50-2bc9-49b6-b785-a27e3116e6ba:192.168.151.99:42361] with ContainerStateMachine:uninitialized
2019-09-26 21:18:49,943 [pool-57-thread-1] INFO  server.RaftServerConfigKeys (ConfUtils.java:logGet(43)) - raft.server.rpc.timeout.min = 5s (custom)
2019-09-26 21:18:49,943 [pool-57-thread-1] INFO  server.RaftServerConfigKeys (ConfUtils.java:logGet(43)) - raft.server.rpc.timeout.max = 5200ms (custom)
2019-09-26 21:18:49,943 [da833d8d-e72a-4068-9560-4daa2d83adc2@group-7DBC896A20AD-SegmentedRaftLogWorker] INFO  segmented.SegmentedRaftLogWorker (SegmentedRaftLogWorker.java:execute(569)) - da833d8d-e72a-4068-9560-4daa2d83adc2@group-7DBC896A20AD-SegmentedRaftLogWorker: created new log segment /workdir/hadoop-ozone/ozonefs/target/test-dir/MiniOzoneClusterImpl-5b64906c-d720-4906-b30c-b6d56a2122fd/datanode-4/data/ratis/8884c403-44f9-47c6-ab01-7dbc896a20ad/current/log_inprogress_0
2019-09-26 21:18:49,943 [pool-57-thread-1] INFO  server.RaftServerConfigKeys (ConfUtils.java:logGet(43)) - raft.server.rpcslowness.timeout = 120s (custom)
2019-09-26 21:18:49,943 [pool-57-thread-1] INFO  server.RaftServerConfigKeys (ConfUtils.java:logGet(43)) - raft.server.sleep.deviation.threshold = 300 (default)
2019-09-26 21:18:49,943 [pool-57-thread-1] INFO  server.RaftServerConfigKeys (ConfUtils.java:logGet(43)) - raft.server.log.appender.install.snapshot.enabled = false (custom)
2019-09-26 21:18:49,944 [pool-57-thread-1] INFO  impl.RaftServerImpl (ServerState.java:<init>(103)) - 0c640f50-2bc9-49b6-b785-a27e3116e6ba@group-83E834069CCA: ConfigurationManager, init=-1: [0c640f50-2bc9-49b6-b785-a27e3116e6ba:192.168.151.99:42361], old=null, confs=<EMPTY_MAP>
2019-09-26 21:18:49,944 [pool-57-thread-1] INFO  server.RaftServerConfigKeys (ConfUtils.java:logGet(43)) - raft.server.storage.dir = [/workdir/hadoop-ozone/ozonefs/target/test-dir/MiniOzoneClusterImpl-5b64906c-d720-4906-b30c-b6d56a2122fd/datanode-3/data/ratis] (custom)
2019-09-26 21:18:49,944 [9ce0b59e-153f-4f41-8aed-492a76d80b48@group-4F3264EE2501:LeaderElection28] INFO  impl.LeaderElection (LeaderElection.java:askForVotes(182)) - 9ce0b59e-153f-4f41-8aed-492a76d80b48@group-4F3264EE2501:LeaderElection28: begin an election at term 1 for -1: [9ce0b59e-153f-4f41-8aed-492a76d80b48:192.168.151.99:34156], old=null
2019-09-26 21:18:49,944 [9ce0b59e-153f-4f41-8aed-492a76d80b48@group-800B9A3BF0F5:LeaderElection27] INFO  impl.LeaderElection (LeaderElection.java:askForVotes(182)) - 9ce0b59e-153f-4f41-8aed-492a76d80b48@group-800B9A3BF0F5:LeaderElection27: begin an election at term 1 for -1: [9ce0b59e-153f-4f41-8aed-492a76d80b48:192.168.151.99:34156], old=null
2019-09-26 21:18:49,944 [9ce0b59e-153f-4f41-8aed-492a76d80b48@group-4F3264EE2501:LeaderElection28] INFO  impl.RoleInfo (RoleInfo.java:shutdownLeaderElection(134)) - 9ce0b59e-153f-4f41-8aed-492a76d80b48: shutdown LeaderElection
2019-09-26 21:18:49,944 [9ce0b59e-153f-4f41-8aed-492a76d80b48@group-800B9A3BF0F5:LeaderElection27] INFO  impl.RoleInfo (RoleInfo.java:shutdownLeaderElection(134)) - 9ce0b59e-153f-4f41-8aed-492a76d80b48: shutdown LeaderElection
2019-09-26 21:18:49,944 [pool-57-thread-1] INFO  storage.RaftStorageDirectory (RaftStorageDirectory.java:analyzeStorage(246)) - The storage directory /workdir/hadoop-ozone/ozonefs/target/test-dir/MiniOzoneClusterImpl-5b64906c-d720-4906-b30c-b6d56a2122fd/datanode-3/data/ratis/4ac583c1-1b89-4a93-be9a-83e834069cca does not exist. Creating ...
2019-09-26 21:18:49,945 [9ce0b59e-153f-4f41-8aed-492a76d80b48@group-800B9A3BF0F5:LeaderElection27] INFO  impl.RaftServerImpl (RaftServerImpl.java:setRole(174)) - 9ce0b59e-153f-4f41-8aed-492a76d80b48@group-800B9A3BF0F5: changes role from CANDIDATE to LEADER at term 1 for changeToLeader
2019-09-26 21:18:49,944 [9ce0b59e-153f-4f41-8aed-492a76d80b48@group-4F3264EE2501:LeaderElection28] INFO  impl.RaftServerImpl (RaftServerImpl.java:setRole(174)) - 9ce0b59e-153f-4f41-8aed-492a76d80b48@group-4F3264EE2501: changes role from CANDIDATE to LEADER at term 1 for changeToLeader
2019-09-26 21:18:49,945 [9ce0b59e-153f-4f41-8aed-492a76d80b48@group-800B9A3BF0F5:LeaderElection27] INFO  impl.RaftServerImpl (ServerState.java:setLeader(253)) - 9ce0b59e-153f-4f41-8aed-492a76d80b48@group-800B9A3BF0F5: change Leader from null to 9ce0b59e-153f-4f41-8aed-492a76d80b48 at term 1 for becomeLeader, leader elected after 5092ms
2019-09-26 21:18:49,945 [1178c3ae-d0b4-4d44-b144-fe8504cc41ac@group-E477B2BFBADC:LeaderElection29] INFO  impl.LeaderElection (LeaderElection.java:askForVotes(182)) - 1178c3ae-d0b4-4d44-b144-fe8504cc41ac@group-E477B2BFBADC:LeaderElection29: begin an election at term 1 for -1: [1178c3ae-d0b4-4d44-b144-fe8504cc41ac:192.168.151.99:33787], old=null
2019-09-26 21:18:49,945 [9ce0b59e-153f-4f41-8aed-492a76d80b48@group-800B9A3BF0F5:LeaderElection27] INFO  server.RaftServerConfigKeys (ConfUtils.java:logGet(43)) - raft.server.staging.catchup.gap = 1000 (default)
2019-09-26 21:18:49,945 [9ce0b59e-153f-4f41-8aed-492a76d80b48@group-4F3264EE2501:LeaderElection28] INFO  impl.RaftServerImpl (ServerState.java:setLeader(253)) - 9ce0b59e-153f-4f41-8aed-492a76d80b48@group-4F3264EE2501: change Leader from null to 9ce0b59e-153f-4f41-8aed-492a76d80b48 at term 1 for becomeLeader, leader elected after 5147ms
2019-09-26 21:18:49,945 [9ce0b59e-153f-4f41-8aed-492a76d80b48@group-800B9A3BF0F5:LeaderElection27] INFO  server.RaftServerConfigKeys (ConfUtils.java:logGet(43)) - raft.server.rpc.sleep.time = 25ms (default)
2019-09-26 21:18:49,945 [1178c3ae-d0b4-4d44-b144-fe8504cc41ac@group-E477B2BFBADC:LeaderElection29] INFO  impl.RoleInfo (RoleInfo.java:shutdownLeaderElection(134)) - 1178c3ae-d0b4-4d44-b144-fe8504cc41ac: shutdown LeaderElection
2019-09-26 21:18:49,946 [9ce0b59e-153f-4f41-8aed-492a76d80b48@group-800B9A3BF0F5:LeaderElection27] INFO  server.RaftServerConfigKeys (ConfUtils.java:logGet(43)) - raft.server.write.element-limit = 4096 (default)
2019-09-26 21:18:49,946 [9ce0b59e-153f-4f41-8aed-492a76d80b48@group-4F3264EE2501:LeaderElection28] INFO  server.RaftServerConfigKeys (ConfUtils.java:logGet(43)) - raft.server.staging.catchup.gap = 1000 (default)
2019-09-26 21:18:49,946 [9ce0b59e-153f-4f41-8aed-492a76d80b48@group-800B9A3BF0F5:LeaderElection27] INFO  server.RaftServerConfigKeys (ConfUtils.java:logGet(43)) - raft.server.watch.timeout = 10s (default)
2019-09-26 21:18:49,946 [1178c3ae-d0b4-4d44-b144-fe8504cc41ac@group-E477B2BFBADC:LeaderElection29] INFO  impl.RaftServerImpl (RaftServerImpl.java:setRole(174)) - 1178c3ae-d0b4-4d44-b144-fe8504cc41ac@group-E477B2BFBADC: changes role from CANDIDATE to LEADER at term 1 for changeToLeader
2019-09-26 21:18:49,946 [9ce0b59e-153f-4f41-8aed-492a76d80b48@group-800B9A3BF0F5:LeaderElection27] INFO  server.RaftServerConfigKeys (ConfUtils.java:logGet(43)) - raft.server.watch.timeout.denomination = 1s (default)
2019-09-26 21:18:49,946 [9ce0b59e-153f-4f41-8aed-492a76d80b48@group-4F3264EE2501:LeaderElection28] INFO  server.RaftServerConfigKeys (ConfUtils.java:logGet(43)) - raft.server.rpc.sleep.time = 25ms (default)
2019-09-26 21:18:49,946 [9ce0b59e-153f-4f41-8aed-492a76d80b48@group-800B9A3BF0F5:LeaderElection27] INFO  server.RaftServerConfigKeys (ConfUtils.java:logGet(43)) - raft.server.watch.element-limit = 65536 (default)
2019-09-26 21:18:49,946 [1178c3ae-d0b4-4d44-b144-fe8504cc41ac@group-E477B2BFBADC:LeaderElection29] INFO  impl.RaftServerImpl (ServerState.java:setLeader(253)) - 1178c3ae-d0b4-4d44-b144-fe8504cc41ac@group-E477B2BFBADC: change Leader from null to 1178c3ae-d0b4-4d44-b144-fe8504cc41ac at term 1 for becomeLeader, leader elected after 5203ms
2019-09-26 21:18:49,947 [9ce0b59e-153f-4f41-8aed-492a76d80b48@group-4F3264EE2501:LeaderElection28] INFO  server.RaftServerConfigKeys (ConfUtils.java:logGet(43)) - raft.server.write.element-limit = 4096 (default)
2019-09-26 21:18:49,947 [1178c3ae-d0b4-4d44-b144-fe8504cc41ac@group-E477B2BFBADC:LeaderElection29] INFO  server.RaftServerConfigKeys (ConfUtils.java:logGet(43)) - raft.server.staging.catchup.gap = 1000 (default)
2019-09-26 21:18:49,947 [9ce0b59e-153f-4f41-8aed-492a76d80b48@group-4F3264EE2501:LeaderElection28] INFO  server.RaftServerConfigKeys (ConfUtils.java:logGet(43)) - raft.server.watch.timeout = 10s (default)
2019-09-26 21:18:49,947 [1178c3ae-d0b4-4d44-b144-fe8504cc41ac@group-E477B2BFBADC:LeaderElection29] INFO  server.RaftServerConfigKeys (ConfUtils.java:logGet(43)) - raft.server.rpc.sleep.time = 25ms (default)
2019-09-26 21:18:49,947 [9ce0b59e-153f-4f41-8aed-492a76d80b48@group-4F3264EE2501:LeaderElection28] INFO  server.RaftServerConfigKeys (ConfUtils.java:logGet(43)) - raft.server.watch.timeout.denomination = 1s (default)
2019-09-26 21:18:49,947 [1178c3ae-d0b4-4d44-b144-fe8504cc41ac@group-E477B2BFBADC:LeaderElection29] INFO  server.RaftServerConfigKeys (ConfUtils.java:logGet(43)) - raft.server.write.element-limit = 4096 (default)
2019-09-26 21:18:49,947 [9ce0b59e-153f-4f41-8aed-492a76d80b48@group-4F3264EE2501:LeaderElection28] INFO  server.RaftServerConfigKeys (ConfUtils.java:logGet(43)) - raft.server.watch.element-limit = 65536 (default)
2019-09-26 21:18:49,948 [1178c3ae-d0b4-4d44-b144-fe8504cc41ac@group-E477B2BFBADC:LeaderElection29] INFO  server.RaftServerConfigKeys (ConfUtils.java:logGet(43)) - raft.server.watch.timeout = 10s (default)
2019-09-26 21:18:49,948 [pool-57-thread-1] INFO  storage.RaftStorageDirectory (RaftStorageDirectory.java:tryLock(328)) - Lock on /workdir/hadoop-ozone/ozonefs/target/test-dir/MiniOzoneClusterImpl-5b64906c-d720-4906-b30c-b6d56a2122fd/datanode-3/data/ratis/4ac583c1-1b89-4a93-be9a-83e834069cca/in_use.lock acquired by nodename 10701@pr-hdds-1569-g6sp5-2013761785
2019-09-26 21:18:49,948 [1178c3ae-d0b4-4d44-b144-fe8504cc41ac@group-E477B2BFBADC:LeaderElection29] INFO  server.RaftServerConfigKeys (ConfUtils.java:logGet(43)) - raft.server.watch.timeout.denomination = 1s (default)
2019-09-26 21:18:49,948 [1178c3ae-d0b4-4d44-b144-fe8504cc41ac@group-E477B2BFBADC:LeaderElection29] INFO  server.RaftServerConfigKeys (ConfUtils.java:logGet(43)) - raft.server.watch.element-limit = 65536 (default)
2019-09-26 21:18:49,949 [9ce0b59e-153f-4f41-8aed-492a76d80b48@group-800B9A3BF0F5:LeaderElection27] INFO  impl.RoleInfo (RoleInfo.java:updateAndGet(143)) - 9ce0b59e-153f-4f41-8aed-492a76d80b48: start LeaderState
2019-09-26 21:18:49,949 [9ce0b59e-153f-4f41-8aed-492a76d80b48@group-800B9A3BF0F5:LeaderElection27] INFO  segmented.SegmentedRaftLogWorker (SegmentedRaftLogWorker.java:startLogSegment(380)) - 9ce0b59e-153f-4f41-8aed-492a76d80b48@group-800B9A3BF0F5-SegmentedRaftLogWorker: Starting segment from index:0
2019-09-26 21:18:49,950 [9ce0b59e-153f-4f41-8aed-492a76d80b48@group-800B9A3BF0F5:LeaderElection27] INFO  impl.RaftServerImpl (ServerState.java:setRaftConf(354)) - 9ce0b59e-153f-4f41-8aed-492a76d80b48@group-800B9A3BF0F5: set configuration 0: [9ce0b59e-153f-4f41-8aed-492a76d80b48:192.168.151.99:34156], old=null at 0
2019-09-26 21:18:49,985 [pool-57-thread-1] INFO  storage.RaftStorage (RaftStorage.java:format(72)) - Storage directory /workdir/hadoop-ozone/ozonefs/target/test-dir/MiniOzoneClusterImpl-5b64906c-d720-4906-b30c-b6d56a2122fd/datanode-3/data/ratis/4ac583c1-1b89-4a93-be9a-83e834069cca has been successfully formatted.
2019-09-26 21:18:49,985 [pool-57-thread-1] INFO  ratis.ContainerStateMachine (ContainerStateMachine.java:loadSnapshot(230)) - group-83E834069CCA: The snapshot info is null. Setting the last applied indexto:(t:0, i:~)
2019-09-26 21:18:49,986 [pool-57-thread-1] INFO  server.RaftServerConfigKeys (ConfUtils.java:logGet(43)) - raft.server.notification.no-leader.timeout = 120s (custom)
2019-09-26 21:18:49,986 [pool-57-thread-1] INFO  server.RaftServerConfigKeys (ConfUtils.java:logGet(43)) - raft.server.log.use.memory = false (default)
2019-09-26 21:18:49,986 [pool-57-thread-1] INFO  server.RaftServerConfigKeys (ConfUtils.java:logGet(43)) - raft.server.log.purge.gap = 1000000 (custom)
2019-09-26 21:18:49,986 [pool-57-thread-1] INFO  server.RaftServerConfigKeys (ConfUtils.java:logGet(43)) - raft.server.log.appender.buffer.byte-limit = 33554432 (custom)
2019-09-26 21:18:49,986 [9ce0b59e-153f-4f41-8aed-492a76d80b48@group-4F3264EE2501:LeaderElection28] INFO  impl.RoleInfo (RoleInfo.java:updateAndGet(143)) - 9ce0b59e-153f-4f41-8aed-492a76d80b48: start LeaderState
2019-09-26 21:18:49,986 [pool-57-thread-1] INFO  server.RaftServerConfigKeys (ConfUtils.java:logGet(43)) - raft.server.log.segment.size.max = 1048576 (custom)
2019-09-26 21:18:49,986 [9ce0b59e-153f-4f41-8aed-492a76d80b48@group-4F3264EE2501:LeaderElection28] INFO  segmented.SegmentedRaftLogWorker (SegmentedRaftLogWorker.java:startLogSegment(380)) - 9ce0b59e-153f-4f41-8aed-492a76d80b48@group-4F3264EE2501-SegmentedRaftLogWorker: Starting segment from index:0
2019-09-26 21:18:49,987 [pool-57-thread-1] INFO  server.RaftServerConfigKeys (ConfUtils.java:logGet(43)) - raft.server.log.segment.cache.num.max = 2 (custom)
2019-09-26 21:18:49,987 [1178c3ae-d0b4-4d44-b144-fe8504cc41ac@group-E477B2BFBADC:LeaderElection29] INFO  impl.RoleInfo (RoleInfo.java:updateAndGet(143)) - 1178c3ae-d0b4-4d44-b144-fe8504cc41ac: start LeaderState
2019-09-26 21:18:49,987 [9ce0b59e-153f-4f41-8aed-492a76d80b48@group-4F3264EE2501:LeaderElection28] INFO  impl.RaftServerImpl (ServerState.java:setRaftConf(354)) - 9ce0b59e-153f-4f41-8aed-492a76d80b48@group-4F3264EE2501: set configuration 0: [9ce0b59e-153f-4f41-8aed-492a76d80b48:192.168.151.99:34156], old=null at 0
2019-09-26 21:18:49,987 [pool-57-thread-1] INFO  segmented.SegmentedRaftLogWorker (SegmentedRaftLogWorker.java:<init>(172)) - new 0c640f50-2bc9-49b6-b785-a27e3116e6ba@group-83E834069CCA-SegmentedRaftLogWorker for RaftStorage:Storage Directory /workdir/hadoop-ozone/ozonefs/target/test-dir/MiniOzoneClusterImpl-5b64906c-d720-4906-b30c-b6d56a2122fd/datanode-3/data/ratis/4ac583c1-1b89-4a93-be9a-83e834069cca
2019-09-26 21:18:49,990 [1178c3ae-d0b4-4d44-b144-fe8504cc41ac@group-E477B2BFBADC:LeaderElection29] INFO  segmented.SegmentedRaftLogWorker (SegmentedRaftLogWorker.java:startLogSegment(380)) - 1178c3ae-d0b4-4d44-b144-fe8504cc41ac@group-E477B2BFBADC-SegmentedRaftLogWorker: Starting segment from index:0
2019-09-26 21:18:49,990 [pool-57-thread-1] INFO  server.RaftServerConfigKeys (ConfUtils.java:logGet(43)) - raft.server.log.queue.byte-limit = 2147483647 (custom)
2019-09-26 21:18:49,990 [pool-57-thread-1] INFO  server.RaftServerConfigKeys (ConfUtils.java:logGet(43)) - raft.server.log.queue.element-limit = 1024 (custom)
2019-09-26 21:18:49,990 [1178c3ae-d0b4-4d44-b144-fe8504cc41ac@group-E477B2BFBADC:LeaderElection29] INFO  impl.RaftServerImpl (ServerState.java:setRaftConf(354)) - 1178c3ae-d0b4-4d44-b144-fe8504cc41ac@group-E477B2BFBADC: set configuration 0: [1178c3ae-d0b4-4d44-b144-fe8504cc41ac:192.168.151.99:33787], old=null at 0
2019-09-26 21:18:49,990 [pool-57-thread-1] INFO  server.RaftServerConfigKeys (ConfUtils.java:logGet(43)) - raft.server.log.segment.size.max = 1048576 (custom)
2019-09-26 21:18:50,028 [9ce0b59e-153f-4f41-8aed-492a76d80b48@group-800B9A3BF0F5-SegmentedRaftLogWorker] INFO  segmented.SegmentedRaftLogWorker (SegmentedRaftLogWorker.java:execute(569)) - 9ce0b59e-153f-4f41-8aed-492a76d80b48@group-800B9A3BF0F5-SegmentedRaftLogWorker: created new log segment /workdir/hadoop-ozone/ozonefs/target/test-dir/MiniOzoneClusterImpl-5b64906c-d720-4906-b30c-b6d56a2122fd/datanode-0/data/ratis/43ad05cd-b1e0-48b5-af3b-800b9a3bf0f5/current/log_inprogress_0
2019-09-26 21:18:50,027 [Thread-304] INFO  impl.FollowerState (FollowerState.java:run(106)) - 9ce0b59e-153f-4f41-8aed-492a76d80b48:group-83AFEAF4418B changes to CANDIDATE, lastRpcTime:5111, electionTimeout:5105ms
2019-09-26 21:18:50,028 [pool-57-thread-1] INFO  server.RaftServerConfigKeys (ConfUtils.java:logGet(43)) - raft.server.log.preallocated.size = 16384 (custom)
2019-09-26 21:18:50,028 [Thread-304] INFO  impl.RoleInfo (RoleInfo.java:shutdownFollowerState(121)) - 9ce0b59e-153f-4f41-8aed-492a76d80b48: shutdown FollowerState
2019-09-26 21:18:50,028 [pool-57-thread-1] INFO  server.RaftServerConfigKeys (ConfUtils.java:logGet(43)) - raft.server.log.write.buffer.size = 33554432 (custom)
2019-09-26 21:18:50,029 [Thread-304] INFO  impl.RaftServerImpl (RaftServerImpl.java:setRole(174)) - 9ce0b59e-153f-4f41-8aed-492a76d80b48@group-83AFEAF4418B: changes role from  FOLLOWER to CANDIDATE at term 0 for changeToCandidate
2019-09-26 21:18:50,029 [pool-57-thread-1] INFO  server.RaftServerConfigKeys (ConfUtils.java:logGet(43)) - raft.server.log.force.sync.num = 128 (default)
2019-09-26 21:18:50,029 [Thread-304] INFO  impl.RoleInfo (RoleInfo.java:updateAndGet(143)) - 9ce0b59e-153f-4f41-8aed-492a76d80b48: start LeaderElection
2019-09-26 21:18:50,029 [pool-57-thread-1] INFO  server.RaftServerConfigKeys (ConfUtils.java:logGet(43)) - raft.server.log.statemachine.data.sync = true (default)
2019-09-26 21:18:50,030 [pool-57-thread-1] INFO  server.RaftServerConfigKeys (ConfUtils.java:logGet(43)) - raft.server.log.statemachine.data.sync.timeout = 10s (default)
2019-09-26 21:18:50,030 [pool-57-thread-1] INFO  server.RaftServerConfigKeys (ConfUtils.java:logGet(43)) - raft.server.log.statemachine.data.sync.timeout.retry = -1 (default)
2019-09-26 21:18:50,066 [9ce0b59e-153f-4f41-8aed-492a76d80b48@group-4F3264EE2501-SegmentedRaftLogWorker] INFO  segmented.SegmentedRaftLogWorker (SegmentedRaftLogWorker.java:execute(569)) - 9ce0b59e-153f-4f41-8aed-492a76d80b48@group-4F3264EE2501-SegmentedRaftLogWorker: created new log segment /workdir/hadoop-ozone/ozonefs/target/test-dir/MiniOzoneClusterImpl-5b64906c-d720-4906-b30c-b6d56a2122fd/datanode-0/data/ratis/f7e312ce-d90e-4bc1-a5c3-4f3264ee2501/current/log_inprogress_0
2019-09-26 21:18:50,066 [Thread-307] INFO  impl.FollowerState (FollowerState.java:run(106)) - 09112efe-1fad-4539-a04f-c96aef6d2351:group-D7626F18C85D changes to CANDIDATE, lastRpcTime:5095, electionTimeout:5064ms
2019-09-26 21:18:50,067 [pool-57-thread-1] INFO  server.RaftServerConfigKeys (ConfUtils.java:logGet(43)) - raft.server.log.statemachine.data.caching.enabled = true (custom)
2019-09-26 21:18:50,067 [Thread-307] INFO  impl.RoleInfo (RoleInfo.java:shutdownFollowerState(121)) - 09112efe-1fad-4539-a04f-c96aef6d2351: shutdown FollowerState
2019-09-26 21:18:50,067 [Thread-307] INFO  impl.RaftServerImpl (RaftServerImpl.java:setRole(174)) - 09112efe-1fad-4539-a04f-c96aef6d2351@group-D7626F18C85D: changes role from  FOLLOWER to CANDIDATE at term 0 for changeToCandidate
2019-09-26 21:18:50,067 [pool-57-thread-1] INFO  segmented.SegmentedRaftLogWorker (SegmentedRaftLogWorker.java:lambda$new$0(132)) - 0c640f50-2bc9-49b6-b785-a27e3116e6ba@group-83E834069CCA-SegmentedRaftLogWorker: flushIndex: setUnconditionally 0 -> -1
2019-09-26 21:18:50,067 [Thread-307] INFO  impl.RoleInfo (RoleInfo.java:updateAndGet(143)) - 09112efe-1fad-4539-a04f-c96aef6d2351: start LeaderElection
2019-09-26 21:18:50,068 [pool-57-thread-1] INFO  server.RaftServerConfigKeys (ConfUtils.java:logGet(43)) - raft.server.snapshot.auto.trigger.enabled = true (custom)
2019-09-26 21:18:50,068 [pool-57-thread-1] INFO  server.RaftServerConfigKeys (ConfUtils.java:logGet(43)) - raft.server.snapshot.auto.trigger.threshold = 10000 (custom)
2019-09-26 21:18:50,068 [pool-57-thread-1] INFO  server.RaftServerConfigKeys (ConfUtils.java:logGet(43)) - raft.server.snapshot.retention.num.files = 5 (custom)
2019-09-26 21:18:50,071 [pool-57-thread-1] INFO  server.RaftServerConfigKeys (ConfUtils.java:logGet(43)) - raft.server.retrycache.expirytime = 600000ms (custom)
2019-09-26 21:18:50,073 [pool-57-thread-1] INFO  impl.RaftServerImpl (RaftServerImpl.java:start(185)) - 0c640f50-2bc9-49b6-b785-a27e3116e6ba@group-83E834069CCA: start as a follower, conf=-1: [0c640f50-2bc9-49b6-b785-a27e3116e6ba:192.168.151.99:42361], old=null
2019-09-26 21:18:50,074 [pool-57-thread-1] INFO  impl.RaftServerImpl (RaftServerImpl.java:setRole(174)) - 0c640f50-2bc9-49b6-b785-a27e3116e6ba@group-83E834069CCA: changes role from      null to FOLLOWER at term 0 for startAsFollower
2019-09-26 21:18:50,074 [pool-57-thread-1] INFO  impl.RoleInfo (RoleInfo.java:updateAndGet(143)) - 0c640f50-2bc9-49b6-b785-a27e3116e6ba: start FollowerState
2019-09-26 21:18:50,074 [pool-57-thread-1] INFO  util.JmxRegister (JmxRegister.java:tryRegister(44)) - Successfully registered JMX Bean with object name Ratis:service=RaftServer,group=group-83E834069CCA,id=0c640f50-2bc9-49b6-b785-a27e3116e6ba
2019-09-26 21:18:50,077 [RatisPipelineUtilsThread] INFO  pipeline.PipelineStateManager (PipelineStateManager.java:addPipeline(56)) - Created pipeline Pipeline[ Id: 4ac583c1-1b89-4a93-be9a-83e834069cca, Nodes: 0c640f50-2bc9-49b6-b785-a27e3116e6ba{ip: 192.168.151.99, host: pr-hdds-1569-g6sp5-2013761785, networkLocation: /default-rack, certSerialId: null}, Type:RATIS, Factor:ONE, State:OPEN]
2019-09-26 21:18:50,079 [1178c3ae-d0b4-4d44-b144-fe8504cc41ac@group-E477B2BFBADC-SegmentedRaftLogWorker] INFO  segmented.SegmentedRaftLogWorker (SegmentedRaftLogWorker.java:execute(569)) - 1178c3ae-d0b4-4d44-b144-fe8504cc41ac@group-E477B2BFBADC-SegmentedRaftLogWorker: created new log segment /workdir/hadoop-ozone/ozonefs/target/test-dir/MiniOzoneClusterImpl-5b64906c-d720-4906-b30c-b6d56a2122fd/datanode-1/data/ratis/537530c5-9b3a-442f-8e95-e477b2bfbadc/current/log_inprogress_0
2019-09-26 21:18:50,079 [09112efe-1fad-4539-a04f-c96aef6d2351@group-D7626F18C85D:LeaderElection31] INFO  impl.LeaderElection (LeaderElection.java:askForVotes(182)) - 09112efe-1fad-4539-a04f-c96aef6d2351@group-D7626F18C85D:LeaderElection31: begin an election at term 1 for -1: [09112efe-1fad-4539-a04f-c96aef6d2351:192.168.151.99:45286], old=null
2019-09-26 21:18:50,079 [grpc-default-worker-ELG-3-4] WARN  nio.NioEventLoop (NioEventLoop.java:select(786)) - Selector.select() returned prematurely {} times in a row; rebuilding Selector {}.
2019-09-26 21:18:50,079 [09112efe-1fad-4539-a04f-c96aef6d2351@group-D7626F18C85D:LeaderElection31] INFO  impl.RoleInfo (RoleInfo.java:shutdownLeaderElection(134)) - 09112efe-1fad-4539-a04f-c96aef6d2351: shutdown LeaderElection
2019-09-26 21:18:50,079 [09112efe-1fad-4539-a04f-c96aef6d2351@group-D7626F18C85D:LeaderElection31] INFO  impl.RaftServerImpl (RaftServerImpl.java:setRole(174)) - 09112efe-1fad-4539-a04f-c96aef6d2351@group-D7626F18C85D: changes role from CANDIDATE to LEADER at term 1 for changeToLeader
2019-09-26 21:18:50,079 [9ce0b59e-153f-4f41-8aed-492a76d80b48@group-83AFEAF4418B:LeaderElection30] INFO  impl.LeaderElection (LeaderElection.java:askForVotes(182)) - 9ce0b59e-153f-4f41-8aed-492a76d80b48@group-83AFEAF4418B:LeaderElection30: begin an election at term 1 for -1: [9ce0b59e-153f-4f41-8aed-492a76d80b48:192.168.151.99:34156], old=null
2019-09-26 21:18:50,080 [09112efe-1fad-4539-a04f-c96aef6d2351@group-D7626F18C85D:LeaderElection31] INFO  impl.RaftServerImpl (ServerState.java:setLeader(253)) - 09112efe-1fad-4539-a04f-c96aef6d2351@group-D7626F18C85D: change Leader from null to 09112efe-1fad-4539-a04f-c96aef6d2351 at term 1 for becomeLeader, leader elected after 5117ms
2019-09-26 21:18:50,080 [9ce0b59e-153f-4f41-8aed-492a76d80b48@group-83AFEAF4418B:LeaderElection30] INFO  impl.RoleInfo (RoleInfo.java:shutdownLeaderElection(134)) - 9ce0b59e-153f-4f41-8aed-492a76d80b48: shutdown LeaderElection
2019-09-26 21:18:50,080 [09112efe-1fad-4539-a04f-c96aef6d2351@group-D7626F18C85D:LeaderElection31] INFO  server.RaftServerConfigKeys (ConfUtils.java:logGet(43)) - raft.server.staging.catchup.gap = 1000 (default)
2019-09-26 21:18:50,080 [9ce0b59e-153f-4f41-8aed-492a76d80b48@group-83AFEAF4418B:LeaderElection30] INFO  impl.RaftServerImpl (RaftServerImpl.java:setRole(174)) - 9ce0b59e-153f-4f41-8aed-492a76d80b48@group-83AFEAF4418B: changes role from CANDIDATE to LEADER at term 1 for changeToLeader
2019-09-26 21:18:50,080 [grpc-default-worker-ELG-3-4] INFO  nio.NioEventLoop (NioEventLoop.java:rebuildSelector0(396)) - Migrated 0 channel(s) to the new Selector.
2019-09-26 21:18:50,080 [09112efe-1fad-4539-a04f-c96aef6d2351@group-D7626F18C85D:LeaderElection31] INFO  server.RaftServerConfigKeys (ConfUtils.java:logGet(43)) - raft.server.rpc.sleep.time = 25ms (default)
2019-09-26 21:18:50,080 [9ce0b59e-153f-4f41-8aed-492a76d80b48@group-83AFEAF4418B:LeaderElection30] INFO  impl.RaftServerImpl (ServerState.java:setLeader(253)) - 9ce0b59e-153f-4f41-8aed-492a76d80b48@group-83AFEAF4418B: change Leader from null to 9ce0b59e-153f-4f41-8aed-492a76d80b48 at term 1 for becomeLeader, leader elected after 5171ms
2019-09-26 21:18:50,081 [09112efe-1fad-4539-a04f-c96aef6d2351@group-D7626F18C85D:LeaderElection31] INFO  server.RaftServerConfigKeys (ConfUtils.java:logGet(43)) - raft.server.write.element-limit = 4096 (default)
2019-09-26 21:18:50,081 [9ce0b59e-153f-4f41-8aed-492a76d80b48@group-83AFEAF4418B:LeaderElection30] INFO  server.RaftServerConfigKeys (ConfUtils.java:logGet(43)) - raft.server.staging.catchup.gap = 1000 (default)
2019-09-26 21:18:50,081 [09112efe-1fad-4539-a04f-c96aef6d2351@group-D7626F18C85D:LeaderElection31] INFO  server.RaftServerConfigKeys (ConfUtils.java:logGet(43)) - raft.server.watch.timeout = 10s (default)
2019-09-26 21:18:50,081 [9ce0b59e-153f-4f41-8aed-492a76d80b48@group-83AFEAF4418B:LeaderElection30] INFO  server.RaftServerConfigKeys (ConfUtils.java:logGet(43)) - raft.server.rpc.sleep.time = 25ms (default)
2019-09-26 21:18:50,081 [09112efe-1fad-4539-a04f-c96aef6d2351@group-D7626F18C85D:LeaderElection31] INFO  server.RaftServerConfigKeys (ConfUtils.java:logGet(43)) - raft.server.watch.timeout.denomination = 1s (default)
2019-09-26 21:18:50,081 [9ce0b59e-153f-4f41-8aed-492a76d80b48@group-83AFEAF4418B:LeaderElection30] INFO  server.RaftServerConfigKeys (ConfUtils.java:logGet(43)) - raft.server.write.element-limit = 4096 (default)
2019-09-26 21:18:50,081 [09112efe-1fad-4539-a04f-c96aef6d2351@group-D7626F18C85D:LeaderElection31] INFO  server.RaftServerConfigKeys (ConfUtils.java:logGet(43)) - raft.server.watch.element-limit = 65536 (default)
2019-09-26 21:18:50,081 [9ce0b59e-153f-4f41-8aed-492a76d80b48@group-83AFEAF4418B:LeaderElection30] INFO  server.RaftServerConfigKeys (ConfUtils.java:logGet(43)) - raft.server.watch.timeout = 10s (default)
2019-09-26 21:18:50,082 [9ce0b59e-153f-4f41-8aed-492a76d80b48@group-83AFEAF4418B:LeaderElection30] INFO  server.RaftServerConfigKeys (ConfUtils.java:logGet(43)) - raft.server.watch.timeout.denomination = 1s (default)
2019-09-26 21:18:50,082 [9ce0b59e-153f-4f41-8aed-492a76d80b48@group-83AFEAF4418B:LeaderElection30] INFO  server.RaftServerConfigKeys (ConfUtils.java:logGet(43)) - raft.server.watch.element-limit = 65536 (default)
2019-09-26 21:18:50,083 [grpc-default-executor-1] INFO  impl.RaftServerProxy (RaftServerProxy.java:addNew(89)) - 1178c3ae-d0b4-4d44-b144-fe8504cc41ac: addNew group-FDB5F72744EF:[1178c3ae-d0b4-4d44-b144-fe8504cc41ac:192.168.151.99:33787] returns group-FDB5F72744EF:java.util.concurrent.CompletableFuture@2a074924[Not completed]
2019-09-26 21:18:50,084 [09112efe-1fad-4539-a04f-c96aef6d2351@group-D7626F18C85D:LeaderElection31] INFO  impl.RoleInfo (RoleInfo.java:updateAndGet(143)) - 09112efe-1fad-4539-a04f-c96aef6d2351: start LeaderState
2019-09-26 21:18:50,084 [09112efe-1fad-4539-a04f-c96aef6d2351@group-D7626F18C85D:LeaderElection31] INFO  segmented.SegmentedRaftLogWorker (SegmentedRaftLogWorker.java:startLogSegment(380)) - 09112efe-1fad-4539-a04f-c96aef6d2351@group-D7626F18C85D-SegmentedRaftLogWorker: Starting segment from index:0
2019-09-26 21:18:50,085 [pool-37-thread-1] INFO  impl.RaftServerImpl (RaftServerImpl.java:<init>(95)) - 1178c3ae-d0b4-4d44-b144-fe8504cc41ac: new RaftServerImpl for group-FDB5F72744EF:[1178c3ae-d0b4-4d44-b144-fe8504cc41ac:192.168.151.99:33787] with ContainerStateMachine:uninitialized
2019-09-26 21:18:50,085 [pool-37-thread-1] INFO  server.RaftServerConfigKeys (ConfUtils.java:logGet(43)) - raft.server.rpc.timeout.min = 5s (custom)
2019-09-26 21:18:50,085 [9ce0b59e-153f-4f41-8aed-492a76d80b48@group-83AFEAF4418B:LeaderElection30] INFO  impl.RoleInfo (RoleInfo.java:updateAndGet(143)) - 9ce0b59e-153f-4f41-8aed-492a76d80b48: start LeaderState
2019-09-26 21:18:50,085 [09112efe-1fad-4539-a04f-c96aef6d2351@group-D7626F18C85D:LeaderElection31] INFO  impl.RaftServerImpl (ServerState.java:setRaftConf(354)) - 09112efe-1fad-4539-a04f-c96aef6d2351@group-D7626F18C85D: set configuration 0: [09112efe-1fad-4539-a04f-c96aef6d2351:192.168.151.99:45286], old=null at 0
2019-09-26 21:18:50,085 [pool-37-thread-1] INFO  server.RaftServerConfigKeys (ConfUtils.java:logGet(43)) - raft.server.rpc.timeout.max = 5200ms (custom)
2019-09-26 21:18:50,132 [09112efe-1fad-4539-a04f-c96aef6d2351@group-D7626F18C85D-SegmentedRaftLogWorker] INFO  segmented.SegmentedRaftLogWorker (SegmentedRaftLogWorker.java:execute(569)) - 09112efe-1fad-4539-a04f-c96aef6d2351@group-D7626F18C85D-SegmentedRaftLogWorker: created new log segment /workdir/hadoop-ozone/ozonefs/target/test-dir/MiniOzoneClusterImpl-5b64906c-d720-4906-b30c-b6d56a2122fd/datanode-2/data/ratis/2beef26b-926d-447a-a398-d7626f18c85d/current/log_inprogress_0
2019-09-26 21:18:50,085 [9ce0b59e-153f-4f41-8aed-492a76d80b48@group-83AFEAF4418B:LeaderElection30] INFO  segmented.SegmentedRaftLogWorker (SegmentedRaftLogWorker.java:startLogSegment(380)) - 9ce0b59e-153f-4f41-8aed-492a76d80b48@group-83AFEAF4418B-SegmentedRaftLogWorker: Starting segment from index:0
2019-09-26 21:18:50,132 [pool-37-thread-1] INFO  server.RaftServerConfigKeys (ConfUtils.java:logGet(43)) - raft.server.rpcslowness.timeout = 120s (custom)
2019-09-26 21:18:50,132 [pool-37-thread-1] INFO  server.RaftServerConfigKeys (ConfUtils.java:logGet(43)) - raft.server.sleep.deviation.threshold = 300 (default)
2019-09-26 21:18:50,133 [pool-37-thread-1] INFO  server.RaftServerConfigKeys (ConfUtils.java:logGet(43)) - raft.server.log.appender.install.snapshot.enabled = false (custom)
2019-09-26 21:18:50,133 [9ce0b59e-153f-4f41-8aed-492a76d80b48@group-83AFEAF4418B:LeaderElection30] INFO  impl.RaftServerImpl (ServerState.java:setRaftConf(354)) - 9ce0b59e-153f-4f41-8aed-492a76d80b48@group-83AFEAF4418B: set configuration 0: [9ce0b59e-153f-4f41-8aed-492a76d80b48:192.168.151.99:34156], old=null at 0
2019-09-26 21:18:50,133 [pool-37-thread-1] INFO  impl.RaftServerImpl (ServerState.java:<init>(103)) - 1178c3ae-d0b4-4d44-b144-fe8504cc41ac@group-FDB5F72744EF: ConfigurationManager, init=-1: [1178c3ae-d0b4-4d44-b144-fe8504cc41ac:192.168.151.99:33787], old=null, confs=<EMPTY_MAP>
2019-09-26 21:18:50,168 [Thread-310] INFO  impl.FollowerState (FollowerState.java:run(106)) - 0c640f50-2bc9-49b6-b785-a27e3116e6ba:group-ABA237714CB3 changes to CANDIDATE, lastRpcTime:5142, electionTimeout:5129ms
2019-09-26 21:18:50,168 [pool-37-thread-1] INFO  server.RaftServerConfigKeys (ConfUtils.java:logGet(43)) - raft.server.storage.dir = [/workdir/hadoop-ozone/ozonefs/target/test-dir/MiniOzoneClusterImpl-5b64906c-d720-4906-b30c-b6d56a2122fd/datanode-1/data/ratis] (custom)
2019-09-26 21:18:50,168 [Thread-310] INFO  impl.RoleInfo (RoleInfo.java:shutdownFollowerState(121)) - 0c640f50-2bc9-49b6-b785-a27e3116e6ba: shutdown FollowerState
2019-09-26 21:18:50,168 [Thread-310] INFO  impl.RaftServerImpl (RaftServerImpl.java:setRole(174)) - 0c640f50-2bc9-49b6-b785-a27e3116e6ba@group-ABA237714CB3: changes role from  FOLLOWER to CANDIDATE at term 0 for changeToCandidate
2019-09-26 21:18:50,168 [Thread-310] INFO  impl.RoleInfo (RoleInfo.java:updateAndGet(143)) - 0c640f50-2bc9-49b6-b785-a27e3116e6ba: start LeaderElection
2019-09-26 21:18:50,169 [pool-37-thread-1] INFO  storage.RaftStorageDirectory (RaftStorageDirectory.java:analyzeStorage(246)) - The storage directory /workdir/hadoop-ozone/ozonefs/target/test-dir/MiniOzoneClusterImpl-5b64906c-d720-4906-b30c-b6d56a2122fd/datanode-1/data/ratis/b88a0683-b820-4af5-b1d9-fdb5f72744ef does not exist. Creating ...
2019-09-26 21:18:50,173 [9ce0b59e-153f-4f41-8aed-492a76d80b48@group-83AFEAF4418B-SegmentedRaftLogWorker] INFO  segmented.SegmentedRaftLogWorker (SegmentedRaftLogWorker.java:execute(569)) - 9ce0b59e-153f-4f41-8aed-492a76d80b48@group-83AFEAF4418B-SegmentedRaftLogWorker: created new log segment /workdir/hadoop-ozone/ozonefs/target/test-dir/MiniOzoneClusterImpl-5b64906c-d720-4906-b30c-b6d56a2122fd/datanode-0/data/ratis/9cf730a7-27a3-4128-a9b2-83afeaf4418b/current/log_inprogress_0
2019-09-26 21:18:50,185 [pool-37-thread-1] INFO  storage.RaftStorageDirectory (RaftStorageDirectory.java:tryLock(328)) - Lock on /workdir/hadoop-ozone/ozonefs/target/test-dir/MiniOzoneClusterImpl-5b64906c-d720-4906-b30c-b6d56a2122fd/datanode-1/data/ratis/b88a0683-b820-4af5-b1d9-fdb5f72744ef/in_use.lock acquired by nodename 10701@pr-hdds-1569-g6sp5-2013761785
2019-09-26 21:18:50,185 [0c640f50-2bc9-49b6-b785-a27e3116e6ba@group-ABA237714CB3:LeaderElection32] INFO  impl.LeaderElection (LeaderElection.java:askForVotes(182)) - 0c640f50-2bc9-49b6-b785-a27e3116e6ba@group-ABA237714CB3:LeaderElection32: begin an election at term 1 for -1: [0c640f50-2bc9-49b6-b785-a27e3116e6ba:192.168.151.99:42361], old=null
2019-09-26 21:18:50,185 [0c640f50-2bc9-49b6-b785-a27e3116e6ba@group-ABA237714CB3:LeaderElection32] INFO  impl.RoleInfo (RoleInfo.java:shutdownLeaderElection(134)) - 0c640f50-2bc9-49b6-b785-a27e3116e6ba: shutdown LeaderElection
2019-09-26 21:18:50,185 [0c640f50-2bc9-49b6-b785-a27e3116e6ba@group-ABA237714CB3:LeaderElection32] INFO  impl.RaftServerImpl (RaftServerImpl.java:setRole(174)) - 0c640f50-2bc9-49b6-b785-a27e3116e6ba@group-ABA237714CB3: changes role from CANDIDATE to LEADER at term 1 for changeToLeader
2019-09-26 21:18:50,185 [0c640f50-2bc9-49b6-b785-a27e3116e6ba@group-ABA237714CB3:LeaderElection32] INFO  impl.RaftServerImpl (ServerState.java:setLeader(253)) - 0c640f50-2bc9-49b6-b785-a27e3116e6ba@group-ABA237714CB3: change Leader from null to 0c640f50-2bc9-49b6-b785-a27e3116e6ba at term 1 for becomeLeader, leader elected after 5168ms
2019-09-26 21:18:50,185 [0c640f50-2bc9-49b6-b785-a27e3116e6ba@group-ABA237714CB3:LeaderElection32] INFO  server.RaftServerConfigKeys (ConfUtils.java:logGet(43)) - raft.server.staging.catchup.gap = 1000 (default)
2019-09-26 21:18:50,186 [0c640f50-2bc9-49b6-b785-a27e3116e6ba@group-ABA237714CB3:LeaderElection32] INFO  server.RaftServerConfigKeys (ConfUtils.java:logGet(43)) - raft.server.rpc.sleep.time = 25ms (default)
2019-09-26 21:18:50,186 [0c640f50-2bc9-49b6-b785-a27e3116e6ba@group-ABA237714CB3:LeaderElection32] INFO  server.RaftServerConfigKeys (ConfUtils.java:logGet(43)) - raft.server.write.element-limit = 4096 (default)
2019-09-26 21:18:50,186 [0c640f50-2bc9-49b6-b785-a27e3116e6ba@group-ABA237714CB3:LeaderElection32] INFO  server.RaftServerConfigKeys (ConfUtils.java:logGet(43)) - raft.server.watch.timeout = 10s (default)
2019-09-26 21:18:50,186 [0c640f50-2bc9-49b6-b785-a27e3116e6ba@group-ABA237714CB3:LeaderElection32] INFO  server.RaftServerConfigKeys (ConfUtils.java:logGet(43)) - raft.server.watch.timeout.denomination = 1s (default)
2019-09-26 21:18:50,186 [0c640f50-2bc9-49b6-b785-a27e3116e6ba@group-ABA237714CB3:LeaderElection32] INFO  server.RaftServerConfigKeys (ConfUtils.java:logGet(43)) - raft.server.watch.element-limit = 65536 (default)
2019-09-26 21:18:50,187 [pool-37-thread-1] INFO  storage.RaftStorage (RaftStorage.java:format(72)) - Storage directory /workdir/hadoop-ozone/ozonefs/target/test-dir/MiniOzoneClusterImpl-5b64906c-d720-4906-b30c-b6d56a2122fd/datanode-1/data/ratis/b88a0683-b820-4af5-b1d9-fdb5f72744ef has been successfully formatted.
2019-09-26 21:18:50,188 [pool-37-thread-1] INFO  ratis.ContainerStateMachine (ContainerStateMachine.java:loadSnapshot(230)) - group-FDB5F72744EF: The snapshot info is null. Setting the last applied indexto:(t:0, i:~)
2019-09-26 21:18:50,188 [pool-37-thread-1] INFO  server.RaftServerConfigKeys (ConfUtils.java:logGet(43)) - raft.server.notification.no-leader.timeout = 120s (custom)
2019-09-26 21:18:50,188 [pool-37-thread-1] INFO  server.RaftServerConfigKeys (ConfUtils.java:logGet(43)) - raft.server.log.use.memory = false (default)
2019-09-26 21:18:50,188 [pool-37-thread-1] INFO  server.RaftServerConfigKeys (ConfUtils.java:logGet(43)) - raft.server.log.purge.gap = 1000000 (custom)
2019-09-26 21:18:50,188 [pool-37-thread-1] INFO  server.RaftServerConfigKeys (ConfUtils.java:logGet(43)) - raft.server.log.appender.buffer.byte-limit = 33554432 (custom)
2019-09-26 21:18:50,188 [pool-37-thread-1] INFO  server.RaftServerConfigKeys (ConfUtils.java:logGet(43)) - raft.server.log.segment.size.max = 1048576 (custom)
2019-09-26 21:18:50,188 [pool-37-thread-1] INFO  server.RaftServerConfigKeys (ConfUtils.java:logGet(43)) - raft.server.log.segment.cache.num.max = 2 (custom)
2019-09-26 21:18:50,188 [pool-37-thread-1] INFO  segmented.SegmentedRaftLogWorker (SegmentedRaftLogWorker.java:<init>(172)) - new 1178c3ae-d0b4-4d44-b144-fe8504cc41ac@group-FDB5F72744EF-SegmentedRaftLogWorker for RaftStorage:Storage Directory /workdir/hadoop-ozone/ozonefs/target/test-dir/MiniOzoneClusterImpl-5b64906c-d720-4906-b30c-b6d56a2122fd/datanode-1/data/ratis/b88a0683-b820-4af5-b1d9-fdb5f72744ef
2019-09-26 21:18:50,188 [pool-37-thread-1] INFO  server.RaftServerConfigKeys (ConfUtils.java:logGet(43)) - raft.server.log.queue.byte-limit = 2147483647 (custom)
2019-09-26 21:18:50,188 [pool-37-thread-1] INFO  server.RaftServerConfigKeys (ConfUtils.java:logGet(43)) - raft.server.log.queue.element-limit = 1024 (custom)
2019-09-26 21:18:50,188 [pool-37-thread-1] INFO  server.RaftServerConfigKeys (ConfUtils.java:logGet(43)) - raft.server.log.segment.size.max = 1048576 (custom)
2019-09-26 21:18:50,188 [pool-37-thread-1] INFO  server.RaftServerConfigKeys (ConfUtils.java:logGet(43)) - raft.server.log.preallocated.size = 16384 (custom)
2019-09-26 21:18:50,189 [pool-37-thread-1] INFO  server.RaftServerConfigKeys (ConfUtils.java:logGet(43)) - raft.server.log.write.buffer.size = 33554432 (custom)
2019-09-26 21:18:50,189 [pool-37-thread-1] INFO  server.RaftServerConfigKeys (ConfUtils.java:logGet(43)) - raft.server.log.force.sync.num = 128 (default)
2019-09-26 21:18:50,189 [0c640f50-2bc9-49b6-b785-a27e3116e6ba@group-ABA237714CB3:LeaderElection32] INFO  impl.RoleInfo (RoleInfo.java:updateAndGet(143)) - 0c640f50-2bc9-49b6-b785-a27e3116e6ba: start LeaderState
2019-09-26 21:18:50,189 [pool-37-thread-1] INFO  server.RaftServerConfigKeys (ConfUtils.java:logGet(43)) - raft.server.log.statemachine.data.sync = true (default)
2019-09-26 21:18:50,189 [pool-37-thread-1] INFO  server.RaftServerConfigKeys (ConfUtils.java:logGet(43)) - raft.server.log.statemachine.data.sync.timeout = 10s (default)
2019-09-26 21:18:50,189 [0c640f50-2bc9-49b6-b785-a27e3116e6ba@group-ABA237714CB3:LeaderElection32] INFO  segmented.SegmentedRaftLogWorker (SegmentedRaftLogWorker.java:startLogSegment(380)) - 0c640f50-2bc9-49b6-b785-a27e3116e6ba@group-ABA237714CB3-SegmentedRaftLogWorker: Starting segment from index:0
2019-09-26 21:18:50,189 [pool-37-thread-1] INFO  server.RaftServerConfigKeys (ConfUtils.java:logGet(43)) - raft.server.log.statemachine.data.sync.timeout.retry = -1 (default)
2019-09-26 21:18:50,189 [pool-37-thread-1] INFO  server.RaftServerConfigKeys (ConfUtils.java:logGet(43)) - raft.server.log.statemachine.data.caching.enabled = true (custom)
2019-09-26 21:18:50,189 [pool-37-thread-1] INFO  segmented.SegmentedRaftLogWorker (SegmentedRaftLogWorker.java:lambda$new$0(132)) - 1178c3ae-d0b4-4d44-b144-fe8504cc41ac@group-FDB5F72744EF-SegmentedRaftLogWorker: flushIndex: setUnconditionally 0 -> -1
2019-09-26 21:18:50,189 [0c640f50-2bc9-49b6-b785-a27e3116e6ba@group-ABA237714CB3:LeaderElection32] INFO  impl.RaftServerImpl (ServerState.java:setRaftConf(354)) - 0c640f50-2bc9-49b6-b785-a27e3116e6ba@group-ABA237714CB3: set configuration 0: [0c640f50-2bc9-49b6-b785-a27e3116e6ba:192.168.151.99:42361], old=null at 0
2019-09-26 21:18:50,190 [pool-37-thread-1] INFO  server.RaftServerConfigKeys (ConfUtils.java:logGet(43)) - raft.server.snapshot.auto.trigger.enabled = true (custom)
2019-09-26 21:18:50,228 [Thread-316] INFO  impl.FollowerState (FollowerState.java:run(106)) - 9ce0b59e-153f-4f41-8aed-492a76d80b48:group-791EE38FE904 changes to CANDIDATE, lastRpcTime:5092, electionTimeout:5063ms
2019-09-26 21:18:50,228 [pool-37-thread-1] INFO  server.RaftServerConfigKeys (ConfUtils.java:logGet(43)) - raft.server.snapshot.auto.trigger.threshold = 10000 (custom)
2019-09-26 21:18:50,228 [Thread-316] INFO  impl.RoleInfo (RoleInfo.java:shutdownFollowerState(121)) - 9ce0b59e-153f-4f41-8aed-492a76d80b48: shutdown FollowerState
2019-09-26 21:18:50,228 [pool-37-thread-1] INFO  server.RaftServerConfigKeys (ConfUtils.java:logGet(43)) - raft.server.snapshot.retention.num.files = 5 (custom)
2019-09-26 21:18:50,229 [Thread-316] INFO  impl.RaftServerImpl (RaftServerImpl.java:setRole(174)) - 9ce0b59e-153f-4f41-8aed-492a76d80b48@group-791EE38FE904: changes role from  FOLLOWER to CANDIDATE at term 0 for changeToCandidate
2019-09-26 21:18:50,229 [pool-37-thread-1] INFO  server.RaftServerConfigKeys (ConfUtils.java:logGet(43)) - raft.server.retrycache.expirytime = 600000ms (custom)
2019-09-26 21:18:50,229 [Thread-316] INFO  impl.RoleInfo (RoleInfo.java:updateAndGet(143)) - 9ce0b59e-153f-4f41-8aed-492a76d80b48: start LeaderElection
2019-09-26 21:18:50,234 [pool-37-thread-1] INFO  impl.RaftServerImpl (RaftServerImpl.java:start(185)) - 1178c3ae-d0b4-4d44-b144-fe8504cc41ac@group-FDB5F72744EF: start as a follower, conf=-1: [1178c3ae-d0b4-4d44-b144-fe8504cc41ac:192.168.151.99:33787], old=null
2019-09-26 21:18:50,234 [pool-37-thread-1] INFO  impl.RaftServerImpl (RaftServerImpl.java:setRole(174)) - 1178c3ae-d0b4-4d44-b144-fe8504cc41ac@group-FDB5F72744EF: changes role from      null to FOLLOWER at term 0 for startAsFollower
2019-09-26 21:18:50,234 [pool-37-thread-1] INFO  impl.RoleInfo (RoleInfo.java:updateAndGet(143)) - 1178c3ae-d0b4-4d44-b144-fe8504cc41ac: start FollowerState
2019-09-26 21:18:50,234 [pool-37-thread-1] INFO  util.JmxRegister (JmxRegister.java:tryRegister(44)) - Successfully registered JMX Bean with object name Ratis:service=RaftServer,group=group-FDB5F72744EF,id=1178c3ae-d0b4-4d44-b144-fe8504cc41ac
2019-09-26 21:18:50,235 [0c640f50-2bc9-49b6-b785-a27e3116e6ba@group-ABA237714CB3-SegmentedRaftLogWorker] INFO  segmented.SegmentedRaftLogWorker (SegmentedRaftLogWorker.java:execute(569)) - 0c640f50-2bc9-49b6-b785-a27e3116e6ba@group-ABA237714CB3-SegmentedRaftLogWorker: created new log segment /workdir/hadoop-ozone/ozonefs/target/test-dir/MiniOzoneClusterImpl-5b64906c-d720-4906-b30c-b6d56a2122fd/datanode-3/data/ratis/a1c5a05a-6783-4898-a8ba-aba237714cb3/current/log_inprogress_0
2019-09-26 21:18:50,235 [9ce0b59e-153f-4f41-8aed-492a76d80b48@group-791EE38FE904:LeaderElection33] INFO  impl.LeaderElection (LeaderElection.java:askForVotes(182)) - 9ce0b59e-153f-4f41-8aed-492a76d80b48@group-791EE38FE904:LeaderElection33: begin an election at term 1 for -1: [9ce0b59e-153f-4f41-8aed-492a76d80b48:192.168.151.99:34156], old=null
2019-09-26 21:18:50,235 [9ce0b59e-153f-4f41-8aed-492a76d80b48@group-791EE38FE904:LeaderElection33] INFO  impl.RoleInfo (RoleInfo.java:shutdownLeaderElection(134)) - 9ce0b59e-153f-4f41-8aed-492a76d80b48: shutdown LeaderElection
2019-09-26 21:18:50,235 [9ce0b59e-153f-4f41-8aed-492a76d80b48@group-791EE38FE904:LeaderElection33] INFO  impl.RaftServerImpl (RaftServerImpl.java:setRole(174)) - 9ce0b59e-153f-4f41-8aed-492a76d80b48@group-791EE38FE904: changes role from CANDIDATE to LEADER at term 1 for changeToLeader
2019-09-26 21:18:50,236 [9ce0b59e-153f-4f41-8aed-492a76d80b48@group-791EE38FE904:LeaderElection33] INFO  impl.RaftServerImpl (ServerState.java:setLeader(253)) - 9ce0b59e-153f-4f41-8aed-492a76d80b48@group-791EE38FE904: change Leader from null to 9ce0b59e-153f-4f41-8aed-492a76d80b48 at term 1 for becomeLeader, leader elected after 5106ms
2019-09-26 21:18:50,236 [9ce0b59e-153f-4f41-8aed-492a76d80b48@group-791EE38FE904:LeaderElection33] INFO  server.RaftServerConfigKeys (ConfUtils.java:logGet(43)) - raft.server.staging.catchup.gap = 1000 (default)
2019-09-26 21:18:50,236 [9ce0b59e-153f-4f41-8aed-492a76d80b48@group-791EE38FE904:LeaderElection33] INFO  server.RaftServerConfigKeys (ConfUtils.java:logGet(43)) - raft.server.rpc.sleep.time = 25ms (default)
2019-09-26 21:18:50,236 [9ce0b59e-153f-4f41-8aed-492a76d80b48@group-791EE38FE904:LeaderElection33] INFO  server.RaftServerConfigKeys (ConfUtils.java:logGet(43)) - raft.server.write.element-limit = 4096 (default)
2019-09-26 21:18:50,236 [9ce0b59e-153f-4f41-8aed-492a76d80b48@group-791EE38FE904:LeaderElection33] INFO  server.RaftServerConfigKeys (ConfUtils.java:logGet(43)) - raft.server.watch.timeout = 10s (default)
2019-09-26 21:18:50,236 [9ce0b59e-153f-4f41-8aed-492a76d80b48@group-791EE38FE904:LeaderElection33] INFO  server.RaftServerConfigKeys (ConfUtils.java:logGet(43)) - raft.server.watch.timeout.denomination = 1s (default)
2019-09-26 21:18:50,237 [9ce0b59e-153f-4f41-8aed-492a76d80b48@group-791EE38FE904:LeaderElection33] INFO  server.RaftServerConfigKeys (ConfUtils.java:logGet(43)) - raft.server.watch.element-limit = 65536 (default)
2019-09-26 21:18:50,238 [Thread-313] INFO  impl.FollowerState (FollowerState.java:run(106)) - 0c640f50-2bc9-49b6-b785-a27e3116e6ba:group-37D4DA5C93DC changes to CANDIDATE, lastRpcTime:5152, electionTimeout:5152ms
2019-09-26 21:18:50,238 [Thread-313] INFO  impl.RoleInfo (RoleInfo.java:shutdownFollowerState(121)) - 0c640f50-2bc9-49b6-b785-a27e3116e6ba: shutdown FollowerState
2019-09-26 21:18:50,238 [Thread-313] INFO  impl.RaftServerImpl (RaftServerImpl.java:setRole(174)) - 0c640f50-2bc9-49b6-b785-a27e3116e6ba@group-37D4DA5C93DC: changes role from  FOLLOWER to CANDIDATE at term 0 for changeToCandidate
2019-09-26 21:18:50,238 [RatisPipelineUtilsThread] INFO  pipeline.PipelineStateManager (PipelineStateManager.java:addPipeline(56)) - Created pipeline Pipeline[ Id: b88a0683-b820-4af5-b1d9-fdb5f72744ef, Nodes: 1178c3ae-d0b4-4d44-b144-fe8504cc41ac{ip: 192.168.151.99, host: pr-hdds-1569-g6sp5-2013761785, networkLocation: /default-rack, certSerialId: null}, Type:RATIS, Factor:ONE, State:OPEN]
2019-09-26 21:18:50,238 [9ce0b59e-153f-4f41-8aed-492a76d80b48@group-791EE38FE904:LeaderElection33] INFO  impl.RoleInfo (RoleInfo.java:updateAndGet(143)) - 9ce0b59e-153f-4f41-8aed-492a76d80b48: start LeaderState
2019-09-26 21:18:50,238 [Thread-313] INFO  impl.RoleInfo (RoleInfo.java:updateAndGet(143)) - 0c640f50-2bc9-49b6-b785-a27e3116e6ba: start LeaderElection
2019-09-26 21:18:50,239 [9ce0b59e-153f-4f41-8aed-492a76d80b48@group-791EE38FE904:LeaderElection33] INFO  segmented.SegmentedRaftLogWorker (SegmentedRaftLogWorker.java:startLogSegment(380)) - 9ce0b59e-153f-4f41-8aed-492a76d80b48@group-791EE38FE904-SegmentedRaftLogWorker: Starting segment from index:0
2019-09-26 21:18:50,242 [9ce0b59e-153f-4f41-8aed-492a76d80b48@group-791EE38FE904:LeaderElection33] INFO  impl.RaftServerImpl (ServerState.java:setRaftConf(354)) - 9ce0b59e-153f-4f41-8aed-492a76d80b48@group-791EE38FE904: set configuration 0: [9ce0b59e-153f-4f41-8aed-492a76d80b48:192.168.151.99:34156], old=null at 0
2019-09-26 21:18:50,248 [0c640f50-2bc9-49b6-b785-a27e3116e6ba@group-37D4DA5C93DC:LeaderElection34] INFO  impl.LeaderElection (LeaderElection.java:askForVotes(182)) - 0c640f50-2bc9-49b6-b785-a27e3116e6ba@group-37D4DA5C93DC:LeaderElection34: begin an election at term 1 for -1: [0c640f50-2bc9-49b6-b785-a27e3116e6ba:192.168.151.99:42361], old=null
2019-09-26 21:18:50,248 [0c640f50-2bc9-49b6-b785-a27e3116e6ba@group-37D4DA5C93DC:LeaderElection34] INFO  impl.RoleInfo (RoleInfo.java:shutdownLeaderElection(134)) - 0c640f50-2bc9-49b6-b785-a27e3116e6ba: shutdown LeaderElection
2019-09-26 21:18:50,248 [0c640f50-2bc9-49b6-b785-a27e3116e6ba@group-37D4DA5C93DC:LeaderElection34] INFO  impl.RaftServerImpl (RaftServerImpl.java:setRole(174)) - 0c640f50-2bc9-49b6-b785-a27e3116e6ba@group-37D4DA5C93DC: changes role from CANDIDATE to LEADER at term 1 for changeToLeader
2019-09-26 21:18:50,248 [0c640f50-2bc9-49b6-b785-a27e3116e6ba@group-37D4DA5C93DC:LeaderElection34] INFO  impl.RaftServerImpl (ServerState.java:setLeader(253)) - 0c640f50-2bc9-49b6-b785-a27e3116e6ba@group-37D4DA5C93DC: change Leader from null to 0c640f50-2bc9-49b6-b785-a27e3116e6ba at term 1 for becomeLeader, leader elected after 5170ms
2019-09-26 21:18:50,249 [0c640f50-2bc9-49b6-b785-a27e3116e6ba@group-37D4DA5C93DC:LeaderElection34] INFO  server.RaftServerConfigKeys (ConfUtils.java:logGet(43)) - raft.server.staging.catchup.gap = 1000 (default)
2019-09-26 21:18:50,249 [0c640f50-2bc9-49b6-b785-a27e3116e6ba@group-37D4DA5C93DC:LeaderElection34] INFO  server.RaftServerConfigKeys (ConfUtils.java:logGet(43)) - raft.server.rpc.sleep.time = 25ms (default)
2019-09-26 21:18:50,249 [0c640f50-2bc9-49b6-b785-a27e3116e6ba@group-37D4DA5C93DC:LeaderElection34] INFO  server.RaftServerConfigKeys (ConfUtils.java:logGet(43)) - raft.server.write.element-limit = 4096 (default)
2019-09-26 21:18:50,249 [0c640f50-2bc9-49b6-b785-a27e3116e6ba@group-37D4DA5C93DC:LeaderElection34] INFO  server.RaftServerConfigKeys (ConfUtils.java:logGet(43)) - raft.server.watch.timeout = 10s (default)
2019-09-26 21:18:50,249 [0c640f50-2bc9-49b6-b785-a27e3116e6ba@group-37D4DA5C93DC:LeaderElection34] INFO  server.RaftServerConfigKeys (ConfUtils.java:logGet(43)) - raft.server.watch.timeout.denomination = 1s (default)
2019-09-26 21:18:50,249 [grpc-default-executor-1] INFO  impl.RaftServerProxy (RaftServerProxy.java:addNew(89)) - 9ce0b59e-153f-4f41-8aed-492a76d80b48: addNew group-7B4BEC4DC6F2:[9ce0b59e-153f-4f41-8aed-492a76d80b48:192.168.151.99:34156] returns group-7B4BEC4DC6F2:java.util.concurrent.CompletableFuture@341e23fc[Not completed]
2019-09-26 21:18:50,249 [0c640f50-2bc9-49b6-b785-a27e3116e6ba@group-37D4DA5C93DC:LeaderElection34] INFO  server.RaftServerConfigKeys (ConfUtils.java:logGet(43)) - raft.server.watch.element-limit = 65536 (default)
2019-09-26 21:18:50,251 [pool-27-thread-1] INFO  impl.RaftServerImpl (RaftServerImpl.java:<init>(95)) - 9ce0b59e-153f-4f41-8aed-492a76d80b48: new RaftServerImpl for group-7B4BEC4DC6F2:[9ce0b59e-153f-4f41-8aed-492a76d80b48:192.168.151.99:34156] with ContainerStateMachine:uninitialized
2019-09-26 21:18:50,251 [pool-27-thread-1] INFO  server.RaftServerConfigKeys (ConfUtils.java:logGet(43)) - raft.server.rpc.timeout.min = 5s (custom)
2019-09-26 21:18:50,251 [pool-27-thread-1] INFO  server.RaftServerConfigKeys (ConfUtils.java:logGet(43)) - raft.server.rpc.timeout.max = 5200ms (custom)
2019-09-26 21:18:50,251 [pool-27-thread-1] INFO  server.RaftServerConfigKeys (ConfUtils.java:logGet(43)) - raft.server.rpcslowness.timeout = 120s (custom)
2019-09-26 21:18:50,251 [pool-27-thread-1] INFO  server.RaftServerConfigKeys (ConfUtils.java:logGet(43)) - raft.server.sleep.deviation.threshold = 300 (default)
2019-09-26 21:18:50,251 [pool-27-thread-1] INFO  server.RaftServerConfigKeys (ConfUtils.java:logGet(43)) - raft.server.log.appender.install.snapshot.enabled = false (custom)
2019-09-26 21:18:50,251 [pool-27-thread-1] INFO  impl.RaftServerImpl (ServerState.java:<init>(103)) - 9ce0b59e-153f-4f41-8aed-492a76d80b48@group-7B4BEC4DC6F2: ConfigurationManager, init=-1: [9ce0b59e-153f-4f41-8aed-492a76d80b48:192.168.151.99:34156], old=null, confs=<EMPTY_MAP>
2019-09-26 21:18:50,252 [pool-27-thread-1] INFO  server.RaftServerConfigKeys (ConfUtils.java:logGet(43)) - raft.server.storage.dir = [/workdir/hadoop-ozone/ozonefs/target/test-dir/MiniOzoneClusterImpl-5b64906c-d720-4906-b30c-b6d56a2122fd/datanode-0/data/ratis] (custom)
2019-09-26 21:18:50,252 [pool-27-thread-1] INFO  storage.RaftStorageDirectory (RaftStorageDirectory.java:analyzeStorage(246)) - The storage directory /workdir/hadoop-ozone/ozonefs/target/test-dir/MiniOzoneClusterImpl-5b64906c-d720-4906-b30c-b6d56a2122fd/datanode-0/data/ratis/35ec4707-3ed1-4997-ae83-7b4bec4dc6f2 does not exist. Creating ...
2019-09-26 21:18:50,253 [0c640f50-2bc9-49b6-b785-a27e3116e6ba@group-37D4DA5C93DC:LeaderElection34] INFO  impl.RoleInfo (RoleInfo.java:updateAndGet(143)) - 0c640f50-2bc9-49b6-b785-a27e3116e6ba: start LeaderState
2019-09-26 21:18:50,253 [0c640f50-2bc9-49b6-b785-a27e3116e6ba@group-37D4DA5C93DC:LeaderElection34] INFO  segmented.SegmentedRaftLogWorker (SegmentedRaftLogWorker.java:startLogSegment(380)) - 0c640f50-2bc9-49b6-b785-a27e3116e6ba@group-37D4DA5C93DC-SegmentedRaftLogWorker: Starting segment from index:0
2019-09-26 21:18:50,254 [0c640f50-2bc9-49b6-b785-a27e3116e6ba@group-37D4DA5C93DC:LeaderElection34] INFO  impl.RaftServerImpl (ServerState.java:setRaftConf(354)) - 0c640f50-2bc9-49b6-b785-a27e3116e6ba@group-37D4DA5C93DC: set configuration 0: [0c640f50-2bc9-49b6-b785-a27e3116e6ba:192.168.151.99:42361], old=null at 0
2019-09-26 21:18:50,292 [pool-27-thread-1] INFO  storage.RaftStorageDirectory (RaftStorageDirectory.java:tryLock(328)) - Lock on /workdir/hadoop-ozone/ozonefs/target/test-dir/MiniOzoneClusterImpl-5b64906c-d720-4906-b30c-b6d56a2122fd/datanode-0/data/ratis/35ec4707-3ed1-4997-ae83-7b4bec4dc6f2/in_use.lock acquired by nodename 10701@pr-hdds-1569-g6sp5-2013761785
2019-09-26 21:18:50,301 [0c640f50-2bc9-49b6-b785-a27e3116e6ba@group-37D4DA5C93DC-SegmentedRaftLogWorker] INFO  segmented.SegmentedRaftLogWorker (SegmentedRaftLogWorker.java:execute(569)) - 0c640f50-2bc9-49b6-b785-a27e3116e6ba@group-37D4DA5C93DC-SegmentedRaftLogWorker: created new log segment /workdir/hadoop-ozone/ozonefs/target/test-dir/MiniOzoneClusterImpl-5b64906c-d720-4906-b30c-b6d56a2122fd/datanode-3/data/ratis/ef9f5fc6-91f9-41d3-9d1e-37d4da5c93dc/current/log_inprogress_0
2019-09-26 21:18:50,301 [pool-27-thread-1] INFO  storage.RaftStorage (RaftStorage.java:format(72)) - Storage directory /workdir/hadoop-ozone/ozonefs/target/test-dir/MiniOzoneClusterImpl-5b64906c-d720-4906-b30c-b6d56a2122fd/datanode-0/data/ratis/35ec4707-3ed1-4997-ae83-7b4bec4dc6f2 has been successfully formatted.
2019-09-26 21:18:50,301 [9ce0b59e-153f-4f41-8aed-492a76d80b48@group-791EE38FE904-SegmentedRaftLogWorker] INFO  segmented.SegmentedRaftLogWorker (SegmentedRaftLogWorker.java:execute(569)) - 9ce0b59e-153f-4f41-8aed-492a76d80b48@group-791EE38FE904-SegmentedRaftLogWorker: created new log segment /workdir/hadoop-ozone/ozonefs/target/test-dir/MiniOzoneClusterImpl-5b64906c-d720-4906-b30c-b6d56a2122fd/datanode-0/data/ratis/5c6d9cfb-0c7c-4c17-9030-791ee38fe904/current/log_inprogress_0
2019-09-26 21:18:50,302 [pool-27-thread-1] INFO  ratis.ContainerStateMachine (ContainerStateMachine.java:loadSnapshot(230)) - group-7B4BEC4DC6F2: The snapshot info is null. Setting the last applied indexto:(t:0, i:~)
2019-09-26 21:18:50,302 [pool-27-thread-1] INFO  server.RaftServerConfigKeys (ConfUtils.java:logGet(43)) - raft.server.notification.no-leader.timeout = 120s (custom)
2019-09-26 21:18:50,302 [pool-27-thread-1] INFO  server.RaftServerConfigKeys (ConfUtils.java:logGet(43)) - raft.server.log.use.memory = false (default)
2019-09-26 21:18:50,302 [pool-27-thread-1] INFO  server.RaftServerConfigKeys (ConfUtils.java:logGet(43)) - raft.server.log.purge.gap = 1000000 (custom)
2019-09-26 21:18:50,302 [pool-27-thread-1] INFO  server.RaftServerConfigKeys (ConfUtils.java:logGet(43)) - raft.server.log.appender.buffer.byte-limit = 33554432 (custom)
2019-09-26 21:18:50,303 [pool-27-thread-1] INFO  server.RaftServerConfigKeys (ConfUtils.java:logGet(43)) - raft.server.log.segment.size.max = 1048576 (custom)
2019-09-26 21:18:50,303 [pool-27-thread-1] INFO  server.RaftServerConfigKeys (ConfUtils.java:logGet(43)) - raft.server.log.segment.cache.num.max = 2 (custom)
2019-09-26 21:18:50,303 [pool-27-thread-1] INFO  segmented.SegmentedRaftLogWorker (SegmentedRaftLogWorker.java:<init>(172)) - new 9ce0b59e-153f-4f41-8aed-492a76d80b48@group-7B4BEC4DC6F2-SegmentedRaftLogWorker for RaftStorage:Storage Directory /workdir/hadoop-ozone/ozonefs/target/test-dir/MiniOzoneClusterImpl-5b64906c-d720-4906-b30c-b6d56a2122fd/datanode-0/data/ratis/35ec4707-3ed1-4997-ae83-7b4bec4dc6f2
2019-09-26 21:18:50,303 [pool-27-thread-1] INFO  server.RaftServerConfigKeys (ConfUtils.java:logGet(43)) - raft.server.log.queue.byte-limit = 2147483647 (custom)
2019-09-26 21:18:50,303 [pool-27-thread-1] INFO  server.RaftServerConfigKeys (ConfUtils.java:logGet(43)) - raft.server.log.queue.element-limit = 1024 (custom)
2019-09-26 21:18:50,303 [pool-27-thread-1] INFO  server.RaftServerConfigKeys (ConfUtils.java:logGet(43)) - raft.server.log.segment.size.max = 1048576 (custom)
2019-09-26 21:18:50,304 [pool-27-thread-1] INFO  server.RaftServerConfigKeys (ConfUtils.java:logGet(43)) - raft.server.log.preallocated.size = 16384 (custom)
2019-09-26 21:18:50,304 [pool-27-thread-1] INFO  server.RaftServerConfigKeys (ConfUtils.java:logGet(43)) - raft.server.log.write.buffer.size = 33554432 (custom)
2019-09-26 21:18:50,304 [pool-27-thread-1] INFO  server.RaftServerConfigKeys (ConfUtils.java:logGet(43)) - raft.server.log.force.sync.num = 128 (default)
2019-09-26 21:18:50,304 [pool-27-thread-1] INFO  server.RaftServerConfigKeys (ConfUtils.java:logGet(43)) - raft.server.log.statemachine.data.sync = true (default)
2019-09-26 21:18:50,304 [pool-27-thread-1] INFO  server.RaftServerConfigKeys (ConfUtils.java:logGet(43)) - raft.server.log.statemachine.data.sync.timeout = 10s (default)
2019-09-26 21:18:50,304 [pool-27-thread-1] INFO  server.RaftServerConfigKeys (ConfUtils.java:logGet(43)) - raft.server.log.statemachine.data.sync.timeout.retry = -1 (default)
2019-09-26 21:18:50,304 [pool-27-thread-1] INFO  server.RaftServerConfigKeys (ConfUtils.java:logGet(43)) - raft.server.log.statemachine.data.caching.enabled = true (custom)
2019-09-26 21:18:50,305 [pool-27-thread-1] INFO  segmented.SegmentedRaftLogWorker (SegmentedRaftLogWorker.java:lambda$new$0(132)) - 9ce0b59e-153f-4f41-8aed-492a76d80b48@group-7B4BEC4DC6F2-SegmentedRaftLogWorker: flushIndex: setUnconditionally 0 -> -1
2019-09-26 21:18:50,305 [pool-27-thread-1] INFO  server.RaftServerConfigKeys (ConfUtils.java:logGet(43)) - raft.server.snapshot.auto.trigger.enabled = true (custom)
2019-09-26 21:18:50,305 [pool-27-thread-1] INFO  server.RaftServerConfigKeys (ConfUtils.java:logGet(43)) - raft.server.snapshot.auto.trigger.threshold = 10000 (custom)
2019-09-26 21:18:50,305 [pool-27-thread-1] INFO  server.RaftServerConfigKeys (ConfUtils.java:logGet(43)) - raft.server.snapshot.retention.num.files = 5 (custom)
2019-09-26 21:18:50,306 [pool-27-thread-1] INFO  server.RaftServerConfigKeys (ConfUtils.java:logGet(43)) - raft.server.retrycache.expirytime = 600000ms (custom)
2019-09-26 21:18:50,308 [pool-27-thread-1] INFO  impl.RaftServerImpl (RaftServerImpl.java:start(185)) - 9ce0b59e-153f-4f41-8aed-492a76d80b48@group-7B4BEC4DC6F2: start as a follower, conf=-1: [9ce0b59e-153f-4f41-8aed-492a76d80b48:192.168.151.99:34156], old=null
2019-09-26 21:18:50,308 [pool-27-thread-1] INFO  impl.RaftServerImpl (RaftServerImpl.java:setRole(174)) - 9ce0b59e-153f-4f41-8aed-492a76d80b48@group-7B4BEC4DC6F2: changes role from      null to FOLLOWER at term 0 for startAsFollower
2019-09-26 21:18:50,308 [pool-27-thread-1] INFO  impl.RoleInfo (RoleInfo.java:updateAndGet(143)) - 9ce0b59e-153f-4f41-8aed-492a76d80b48: start FollowerState
2019-09-26 21:18:50,309 [pool-27-thread-1] INFO  util.JmxRegister (JmxRegister.java:tryRegister(44)) - Successfully registered JMX Bean with object name Ratis:service=RaftServer,group=group-7B4BEC4DC6F2,id=9ce0b59e-153f-4f41-8aed-492a76d80b48
2019-09-26 21:18:50,312 [RatisPipelineUtilsThread] INFO  pipeline.PipelineStateManager (PipelineStateManager.java:addPipeline(56)) - Created pipeline Pipeline[ Id: 35ec4707-3ed1-4997-ae83-7b4bec4dc6f2, Nodes: 9ce0b59e-153f-4f41-8aed-492a76d80b48{ip: 192.168.151.99, host: pr-hdds-1569-g6sp5-2013761785, networkLocation: /default-rack, certSerialId: null}, Type:RATIS, Factor:ONE, State:OPEN]
2019-09-26 21:18:50,317 [grpc-default-executor-1] INFO  impl.RaftServerProxy (RaftServerProxy.java:addNew(89)) - 9ce0b59e-153f-4f41-8aed-492a76d80b48: addNew group-E873E827AB57:[9ce0b59e-153f-4f41-8aed-492a76d80b48:192.168.151.99:34156] returns group-E873E827AB57:java.util.concurrent.CompletableFuture@7e8a13ea[Not completed]
2019-09-26 21:18:50,319 [Thread-322] INFO  impl.FollowerState (FollowerState.java:run(106)) - 1178c3ae-d0b4-4d44-b144-fe8504cc41ac:group-D30E117B69DE changes to CANDIDATE, lastRpcTime:5075, electionTimeout:5075ms
2019-09-26 21:18:50,319 [pool-27-thread-1] INFO  impl.RaftServerImpl (RaftServerImpl.java:<init>(95)) - 9ce0b59e-153f-4f41-8aed-492a76d80b48: new RaftServerImpl for group-E873E827AB57:[9ce0b59e-153f-4f41-8aed-492a76d80b48:192.168.151.99:34156] with ContainerStateMachine:uninitialized
2019-09-26 21:18:50,319 [Thread-322] INFO  impl.RoleInfo (RoleInfo.java:shutdownFollowerState(121)) - 1178c3ae-d0b4-4d44-b144-fe8504cc41ac: shutdown FollowerState
2019-09-26 21:18:50,319 [pool-27-thread-1] INFO  server.RaftServerConfigKeys (ConfUtils.java:logGet(43)) - raft.server.rpc.timeout.min = 5s (custom)
2019-09-26 21:18:50,319 [Thread-322] INFO  impl.RaftServerImpl (RaftServerImpl.java:setRole(174)) - 1178c3ae-d0b4-4d44-b144-fe8504cc41ac@group-D30E117B69DE: changes role from  FOLLOWER to CANDIDATE at term 0 for changeToCandidate
2019-09-26 21:18:50,319 [pool-27-thread-1] INFO  server.RaftServerConfigKeys (ConfUtils.java:logGet(43)) - raft.server.rpc.timeout.max = 5200ms (custom)
2019-09-26 21:18:50,319 [Thread-322] INFO  impl.RoleInfo (RoleInfo.java:updateAndGet(143)) - 1178c3ae-d0b4-4d44-b144-fe8504cc41ac: start LeaderElection
2019-09-26 21:18:50,319 [pool-27-thread-1] INFO  server.RaftServerConfigKeys (ConfUtils.java:logGet(43)) - raft.server.rpcslowness.timeout = 120s (custom)
2019-09-26 21:18:50,320 [pool-27-thread-1] INFO  server.RaftServerConfigKeys (ConfUtils.java:logGet(43)) - raft.server.sleep.deviation.threshold = 300 (default)
2019-09-26 21:18:50,320 [pool-27-thread-1] INFO  server.RaftServerConfigKeys (ConfUtils.java:logGet(43)) - raft.server.log.appender.install.snapshot.enabled = false (custom)
2019-09-26 21:18:50,320 [pool-27-thread-1] INFO  impl.RaftServerImpl (ServerState.java:<init>(103)) - 9ce0b59e-153f-4f41-8aed-492a76d80b48@group-E873E827AB57: ConfigurationManager, init=-1: [9ce0b59e-153f-4f41-8aed-492a76d80b48:192.168.151.99:34156], old=null, confs=<EMPTY_MAP>
2019-09-26 21:18:50,323 [Thread-319] INFO  impl.FollowerState (FollowerState.java:run(106)) - 0c640f50-2bc9-49b6-b785-a27e3116e6ba:group-9604B13A900B changes to CANDIDATE, lastRpcTime:5135, electionTimeout:5132ms
2019-09-26 21:18:50,323 [pool-27-thread-1] INFO  server.RaftServerConfigKeys (ConfUtils.java:logGet(43)) - raft.server.storage.dir = [/workdir/hadoop-ozone/ozonefs/target/test-dir/MiniOzoneClusterImpl-5b64906c-d720-4906-b30c-b6d56a2122fd/datanode-0/data/ratis] (custom)
2019-09-26 21:18:50,324 [Thread-319] INFO  impl.RoleInfo (RoleInfo.java:shutdownFollowerState(121)) - 0c640f50-2bc9-49b6-b785-a27e3116e6ba: shutdown FollowerState
2019-09-26 21:18:50,324 [Thread-319] INFO  impl.RaftServerImpl (RaftServerImpl.java:setRole(174)) - 0c640f50-2bc9-49b6-b785-a27e3116e6ba@group-9604B13A900B: changes role from  FOLLOWER to CANDIDATE at term 0 for changeToCandidate
2019-09-26 21:18:50,324 [Thread-319] INFO  impl.RoleInfo (RoleInfo.java:updateAndGet(143)) - 0c640f50-2bc9-49b6-b785-a27e3116e6ba: start LeaderElection
2019-09-26 21:18:50,324 [pool-27-thread-1] INFO  storage.RaftStorageDirectory (RaftStorageDirectory.java:analyzeStorage(246)) - The storage directory /workdir/hadoop-ozone/ozonefs/target/test-dir/MiniOzoneClusterImpl-5b64906c-d720-4906-b30c-b6d56a2122fd/datanode-0/data/ratis/1577b804-e020-4dc5-b81d-e873e827ab57 does not exist. Creating ...
2019-09-26 21:18:50,330 [pool-27-thread-1] INFO  storage.RaftStorageDirectory (RaftStorageDirectory.java:tryLock(328)) - Lock on /workdir/hadoop-ozone/ozonefs/target/test-dir/MiniOzoneClusterImpl-5b64906c-d720-4906-b30c-b6d56a2122fd/datanode-0/data/ratis/1577b804-e020-4dc5-b81d-e873e827ab57/in_use.lock acquired by nodename 10701@pr-hdds-1569-g6sp5-2013761785
2019-09-26 21:18:50,330 [0c640f50-2bc9-49b6-b785-a27e3116e6ba@group-9604B13A900B:LeaderElection36] INFO  impl.LeaderElection (LeaderElection.java:askForVotes(182)) - 0c640f50-2bc9-49b6-b785-a27e3116e6ba@group-9604B13A900B:LeaderElection36: begin an election at term 1 for -1: [0c640f50-2bc9-49b6-b785-a27e3116e6ba:192.168.151.99:42361], old=null
2019-09-26 21:18:50,330 [1178c3ae-d0b4-4d44-b144-fe8504cc41ac@group-D30E117B69DE:LeaderElection35] INFO  impl.LeaderElection (LeaderElection.java:askForVotes(182)) - 1178c3ae-d0b4-4d44-b144-fe8504cc41ac@group-D30E117B69DE:LeaderElection35: begin an election at term 1 for -1: [1178c3ae-d0b4-4d44-b144-fe8504cc41ac:192.168.151.99:33787], old=null
2019-09-26 21:18:50,331 [0c640f50-2bc9-49b6-b785-a27e3116e6ba@group-9604B13A900B:LeaderElection36] INFO  impl.RoleInfo (RoleInfo.java:shutdownLeaderElection(134)) - 0c640f50-2bc9-49b6-b785-a27e3116e6ba: shutdown LeaderElection
2019-09-26 21:18:50,331 [1178c3ae-d0b4-4d44-b144-fe8504cc41ac@group-D30E117B69DE:LeaderElection35] INFO  impl.RoleInfo (RoleInfo.java:shutdownLeaderElection(134)) - 1178c3ae-d0b4-4d44-b144-fe8504cc41ac: shutdown LeaderElection
2019-09-26 21:18:50,331 [0c640f50-2bc9-49b6-b785-a27e3116e6ba@group-9604B13A900B:LeaderElection36] INFO  impl.RaftServerImpl (RaftServerImpl.java:setRole(174)) - 0c640f50-2bc9-49b6-b785-a27e3116e6ba@group-9604B13A900B: changes role from CANDIDATE to LEADER at term 1 for changeToLeader
2019-09-26 21:18:50,331 [1178c3ae-d0b4-4d44-b144-fe8504cc41ac@group-D30E117B69DE:LeaderElection35] INFO  impl.RaftServerImpl (RaftServerImpl.java:setRole(174)) - 1178c3ae-d0b4-4d44-b144-fe8504cc41ac@group-D30E117B69DE: changes role from CANDIDATE to LEADER at term 1 for changeToLeader
2019-09-26 21:18:50,331 [0c640f50-2bc9-49b6-b785-a27e3116e6ba@group-9604B13A900B:LeaderElection36] INFO  impl.RaftServerImpl (ServerState.java:setLeader(253)) - 0c640f50-2bc9-49b6-b785-a27e3116e6ba@group-9604B13A900B: change Leader from null to 0c640f50-2bc9-49b6-b785-a27e3116e6ba at term 1 for becomeLeader, leader elected after 5151ms
2019-09-26 21:18:50,331 [1178c3ae-d0b4-4d44-b144-fe8504cc41ac@group-D30E117B69DE:LeaderElection35] INFO  impl.RaftServerImpl (ServerState.java:setLeader(253)) - 1178c3ae-d0b4-4d44-b144-fe8504cc41ac@group-D30E117B69DE: change Leader from null to 1178c3ae-d0b4-4d44-b144-fe8504cc41ac at term 1 for becomeLeader, leader elected after 5096ms
2019-09-26 21:18:50,331 [0c640f50-2bc9-49b6-b785-a27e3116e6ba@group-9604B13A900B:LeaderElection36] INFO  server.RaftServerConfigKeys (ConfUtils.java:logGet(43)) - raft.server.staging.catchup.gap = 1000 (default)
2019-09-26 21:18:50,331 [1178c3ae-d0b4-4d44-b144-fe8504cc41ac@group-D30E117B69DE:LeaderElection35] INFO  server.RaftServerConfigKeys (ConfUtils.java:logGet(43)) - raft.server.staging.catchup.gap = 1000 (default)
2019-09-26 21:18:50,332 [0c640f50-2bc9-49b6-b785-a27e3116e6ba@group-9604B13A900B:LeaderElection36] INFO  server.RaftServerConfigKeys (ConfUtils.java:logGet(43)) - raft.server.rpc.sleep.time = 25ms (default)
2019-09-26 21:18:50,332 [1178c3ae-d0b4-4d44-b144-fe8504cc41ac@group-D30E117B69DE:LeaderElection35] INFO  server.RaftServerConfigKeys (ConfUtils.java:logGet(43)) - raft.server.rpc.sleep.time = 25ms (default)
2019-09-26 21:18:50,332 [0c640f50-2bc9-49b6-b785-a27e3116e6ba@group-9604B13A900B:LeaderElection36] INFO  server.RaftServerConfigKeys (ConfUtils.java:logGet(43)) - raft.server.write.element-limit = 4096 (default)
2019-09-26 21:18:50,332 [1178c3ae-d0b4-4d44-b144-fe8504cc41ac@group-D30E117B69DE:LeaderElection35] INFO  server.RaftServerConfigKeys (ConfUtils.java:logGet(43)) - raft.server.write.element-limit = 4096 (default)
2019-09-26 21:18:50,332 [0c640f50-2bc9-49b6-b785-a27e3116e6ba@group-9604B13A900B:LeaderElection36] INFO  server.RaftServerConfigKeys (ConfUtils.java:logGet(43)) - raft.server.watch.timeout = 10s (default)
2019-09-26 21:18:50,332 [1178c3ae-d0b4-4d44-b144-fe8504cc41ac@group-D30E117B69DE:LeaderElection35] INFO  server.RaftServerConfigKeys (ConfUtils.java:logGet(43)) - raft.server.watch.timeout = 10s (default)
2019-09-26 21:18:50,332 [0c640f50-2bc9-49b6-b785-a27e3116e6ba@group-9604B13A900B:LeaderElection36] INFO  server.RaftServerConfigKeys (ConfUtils.java:logGet(43)) - raft.server.watch.timeout.denomination = 1s (default)
2019-09-26 21:18:50,332 [1178c3ae-d0b4-4d44-b144-fe8504cc41ac@group-D30E117B69DE:LeaderElection35] INFO  server.RaftServerConfigKeys (ConfUtils.java:logGet(43)) - raft.server.watch.timeout.denomination = 1s (default)
2019-09-26 21:18:50,332 [0c640f50-2bc9-49b6-b785-a27e3116e6ba@group-9604B13A900B:LeaderElection36] INFO  server.RaftServerConfigKeys (ConfUtils.java:logGet(43)) - raft.server.watch.element-limit = 65536 (default)
2019-09-26 21:18:50,333 [1178c3ae-d0b4-4d44-b144-fe8504cc41ac@group-D30E117B69DE:LeaderElection35] INFO  server.RaftServerConfigKeys (ConfUtils.java:logGet(43)) - raft.server.watch.element-limit = 65536 (default)
2019-09-26 21:18:50,336 [0c640f50-2bc9-49b6-b785-a27e3116e6ba@group-9604B13A900B:LeaderElection36] INFO  impl.RoleInfo (RoleInfo.java:updateAndGet(143)) - 0c640f50-2bc9-49b6-b785-a27e3116e6ba: start LeaderState
2019-09-26 21:18:50,336 [1178c3ae-d0b4-4d44-b144-fe8504cc41ac@group-D30E117B69DE:LeaderElection35] INFO  impl.RoleInfo (RoleInfo.java:updateAndGet(143)) - 1178c3ae-d0b4-4d44-b144-fe8504cc41ac: start LeaderState
2019-09-26 21:18:50,336 [0c640f50-2bc9-49b6-b785-a27e3116e6ba@group-9604B13A900B:LeaderElection36] INFO  segmented.SegmentedRaftLogWorker (SegmentedRaftLogWorker.java:startLogSegment(380)) - 0c640f50-2bc9-49b6-b785-a27e3116e6ba@group-9604B13A900B-SegmentedRaftLogWorker: Starting segment from index:0
2019-09-26 21:18:50,336 [1178c3ae-d0b4-4d44-b144-fe8504cc41ac@group-D30E117B69DE:LeaderElection35] INFO  segmented.SegmentedRaftLogWorker (SegmentedRaftLogWorker.java:startLogSegment(380)) - 1178c3ae-d0b4-4d44-b144-fe8504cc41ac@group-D30E117B69DE-SegmentedRaftLogWorker: Starting segment from index:0
2019-09-26 21:18:50,336 [0c640f50-2bc9-49b6-b785-a27e3116e6ba@group-9604B13A900B:LeaderElection36] INFO  impl.RaftServerImpl (ServerState.java:setRaftConf(354)) - 0c640f50-2bc9-49b6-b785-a27e3116e6ba@group-9604B13A900B: set configuration 0: [0c640f50-2bc9-49b6-b785-a27e3116e6ba:192.168.151.99:42361], old=null at 0
2019-09-26 21:18:50,339 [1178c3ae-d0b4-4d44-b144-fe8504cc41ac@group-D30E117B69DE:LeaderElection35] INFO  impl.RaftServerImpl (ServerState.java:setRaftConf(354)) - 1178c3ae-d0b4-4d44-b144-fe8504cc41ac@group-D30E117B69DE: set configuration 0: [1178c3ae-d0b4-4d44-b144-fe8504cc41ac:192.168.151.99:33787], old=null at 0
2019-09-26 21:18:50,339 [pool-27-thread-1] INFO  storage.RaftStorage (RaftStorage.java:format(72)) - Storage directory /workdir/hadoop-ozone/ozonefs/target/test-dir/MiniOzoneClusterImpl-5b64906c-d720-4906-b30c-b6d56a2122fd/datanode-0/data/ratis/1577b804-e020-4dc5-b81d-e873e827ab57 has been successfully formatted.
2019-09-26 21:18:50,374 [pool-27-thread-1] INFO  ratis.ContainerStateMachine (ContainerStateMachine.java:loadSnapshot(230)) - group-E873E827AB57: The snapshot info is null. Setting the last applied indexto:(t:0, i:~)
2019-09-26 21:18:50,375 [pool-27-thread-1] INFO  server.RaftServerConfigKeys (ConfUtils.java:logGet(43)) - raft.server.notification.no-leader.timeout = 120s (custom)
2019-09-26 21:18:50,375 [pool-27-thread-1] INFO  server.RaftServerConfigKeys (ConfUtils.java:logGet(43)) - raft.server.log.use.memory = false (default)
2019-09-26 21:18:50,375 [pool-27-thread-1] INFO  server.RaftServerConfigKeys (ConfUtils.java:logGet(43)) - raft.server.log.purge.gap = 1000000 (custom)
2019-09-26 21:18:50,375 [pool-27-thread-1] INFO  server.RaftServerConfigKeys (ConfUtils.java:logGet(43)) - raft.server.log.appender.buffer.byte-limit = 33554432 (custom)
2019-09-26 21:18:50,375 [pool-27-thread-1] INFO  server.RaftServerConfigKeys (ConfUtils.java:logGet(43)) - raft.server.log.segment.size.max = 1048576 (custom)
2019-09-26 21:18:50,376 [pool-27-thread-1] INFO  server.RaftServerConfigKeys (ConfUtils.java:logGet(43)) - raft.server.log.segment.cache.num.max = 2 (custom)
2019-09-26 21:18:50,376 [pool-27-thread-1] INFO  segmented.SegmentedRaftLogWorker (SegmentedRaftLogWorker.java:<init>(172)) - new 9ce0b59e-153f-4f41-8aed-492a76d80b48@group-E873E827AB57-SegmentedRaftLogWorker for RaftStorage:Storage Directory /workdir/hadoop-ozone/ozonefs/target/test-dir/MiniOzoneClusterImpl-5b64906c-d720-4906-b30c-b6d56a2122fd/datanode-0/data/ratis/1577b804-e020-4dc5-b81d-e873e827ab57
2019-09-26 21:18:50,376 [pool-27-thread-1] INFO  server.RaftServerConfigKeys (ConfUtils.java:logGet(43)) - raft.server.log.queue.byte-limit = 2147483647 (custom)
2019-09-26 21:18:50,376 [pool-27-thread-1] INFO  server.RaftServerConfigKeys (ConfUtils.java:logGet(43)) - raft.server.log.queue.element-limit = 1024 (custom)
2019-09-26 21:18:50,377 [pool-27-thread-1] INFO  server.RaftServerConfigKeys (ConfUtils.java:logGet(43)) - raft.server.log.segment.size.max = 1048576 (custom)
2019-09-26 21:18:50,377 [pool-27-thread-1] INFO  server.RaftServerConfigKeys (ConfUtils.java:logGet(43)) - raft.server.log.preallocated.size = 16384 (custom)
2019-09-26 21:18:50,377 [pool-27-thread-1] INFO  server.RaftServerConfigKeys (ConfUtils.java:logGet(43)) - raft.server.log.write.buffer.size = 33554432 (custom)
2019-09-26 21:18:50,377 [pool-27-thread-1] INFO  server.RaftServerConfigKeys (ConfUtils.java:logGet(43)) - raft.server.log.force.sync.num = 128 (default)
2019-09-26 21:18:50,377 [pool-27-thread-1] INFO  server.RaftServerConfigKeys (ConfUtils.java:logGet(43)) - raft.server.log.statemachine.data.sync = true (default)
2019-09-26 21:18:50,378 [pool-27-thread-1] INFO  server.RaftServerConfigKeys (ConfUtils.java:logGet(43)) - raft.server.log.statemachine.data.sync.timeout = 10s (default)
2019-09-26 21:18:50,378 [pool-27-thread-1] INFO  server.RaftServerConfigKeys (ConfUtils.java:logGet(43)) - raft.server.log.statemachine.data.sync.timeout.retry = -1 (default)
2019-09-26 21:18:50,378 [pool-27-thread-1] INFO  server.RaftServerConfigKeys (ConfUtils.java:logGet(43)) - raft.server.log.statemachine.data.caching.enabled = true (custom)
2019-09-26 21:18:50,378 [pool-27-thread-1] INFO  segmented.SegmentedRaftLogWorker (SegmentedRaftLogWorker.java:lambda$new$0(132)) - 9ce0b59e-153f-4f41-8aed-492a76d80b48@group-E873E827AB57-SegmentedRaftLogWorker: flushIndex: setUnconditionally 0 -> -1
2019-09-26 21:18:50,379 [pool-27-thread-1] INFO  server.RaftServerConfigKeys (ConfUtils.java:logGet(43)) - raft.server.snapshot.auto.trigger.enabled = true (custom)
2019-09-26 21:18:50,379 [pool-27-thread-1] INFO  server.RaftServerConfigKeys (ConfUtils.java:logGet(43)) - raft.server.snapshot.auto.trigger.threshold = 10000 (custom)
2019-09-26 21:18:50,379 [pool-27-thread-1] INFO  server.RaftServerConfigKeys (ConfUtils.java:logGet(43)) - raft.server.snapshot.retention.num.files = 5 (custom)
2019-09-26 21:18:50,379 [pool-27-thread-1] INFO  server.RaftServerConfigKeys (ConfUtils.java:logGet(43)) - raft.server.retrycache.expirytime = 600000ms (custom)
2019-09-26 21:18:50,383 [pool-27-thread-1] INFO  impl.RaftServerImpl (RaftServerImpl.java:start(185)) - 9ce0b59e-153f-4f41-8aed-492a76d80b48@group-E873E827AB57: start as a follower, conf=-1: [9ce0b59e-153f-4f41-8aed-492a76d80b48:192.168.151.99:34156], old=null
2019-09-26 21:18:50,383 [pool-27-thread-1] INFO  impl.RaftServerImpl (RaftServerImpl.java:setRole(174)) - 9ce0b59e-153f-4f41-8aed-492a76d80b48@group-E873E827AB57: changes role from      null to FOLLOWER at term 0 for startAsFollower
2019-09-26 21:18:50,383 [pool-27-thread-1] INFO  impl.RoleInfo (RoleInfo.java:updateAndGet(143)) - 9ce0b59e-153f-4f41-8aed-492a76d80b48: start FollowerState
2019-09-26 21:18:50,384 [pool-27-thread-1] INFO  util.JmxRegister (JmxRegister.java:tryRegister(44)) - Successfully registered JMX Bean with object name Ratis:service=RaftServer,group=group-E873E827AB57,id=9ce0b59e-153f-4f41-8aed-492a76d80b48
2019-09-26 21:18:50,386 [RatisPipelineUtilsThread] INFO  pipeline.PipelineStateManager (PipelineStateManager.java:addPipeline(56)) - Created pipeline Pipeline[ Id: 1577b804-e020-4dc5-b81d-e873e827ab57, Nodes: 9ce0b59e-153f-4f41-8aed-492a76d80b48{ip: 192.168.151.99, host: pr-hdds-1569-g6sp5-2013761785, networkLocation: /default-rack, certSerialId: null}, Type:RATIS, Factor:ONE, State:OPEN]
2019-09-26 21:18:50,391 [0c640f50-2bc9-49b6-b785-a27e3116e6ba@group-9604B13A900B-SegmentedRaftLogWorker] INFO  segmented.SegmentedRaftLogWorker (SegmentedRaftLogWorker.java:execute(569)) - 0c640f50-2bc9-49b6-b785-a27e3116e6ba@group-9604B13A900B-SegmentedRaftLogWorker: created new log segment /workdir/hadoop-ozone/ozonefs/target/test-dir/MiniOzoneClusterImpl-5b64906c-d720-4906-b30c-b6d56a2122fd/datanode-3/data/ratis/cc430b27-81e7-425b-98f3-9604b13a900b/current/log_inprogress_0
2019-09-26 21:18:50,391 [1178c3ae-d0b4-4d44-b144-fe8504cc41ac@group-D30E117B69DE-SegmentedRaftLogWorker] INFO  segmented.SegmentedRaftLogWorker (SegmentedRaftLogWorker.java:execute(569)) - 1178c3ae-d0b4-4d44-b144-fe8504cc41ac@group-D30E117B69DE-SegmentedRaftLogWorker: created new log segment /workdir/hadoop-ozone/ozonefs/target/test-dir/MiniOzoneClusterImpl-5b64906c-d720-4906-b30c-b6d56a2122fd/datanode-1/data/ratis/7213e522-0a12-414e-9d3e-d30e117b69de/current/log_inprogress_0
2019-09-26 21:18:50,395 [grpc-default-executor-1] INFO  impl.RaftServerProxy (RaftServerProxy.java:addNew(89)) - 1178c3ae-d0b4-4d44-b144-fe8504cc41ac: addNew group-9FAB7D69D5C6:[1178c3ae-d0b4-4d44-b144-fe8504cc41ac:192.168.151.99:33787] returns group-9FAB7D69D5C6:java.util.concurrent.CompletableFuture@23cc0240[Not completed]
2019-09-26 21:18:50,395 [pool-37-thread-1] INFO  impl.RaftServerImpl (RaftServerImpl.java:<init>(95)) - 1178c3ae-d0b4-4d44-b144-fe8504cc41ac: new RaftServerImpl for group-9FAB7D69D5C6:[1178c3ae-d0b4-4d44-b144-fe8504cc41ac:192.168.151.99:33787] with ContainerStateMachine:uninitialized
2019-09-26 21:18:50,395 [pool-37-thread-1] INFO  server.RaftServerConfigKeys (ConfUtils.java:logGet(43)) - raft.server.rpc.timeout.min = 5s (custom)
2019-09-26 21:18:50,395 [pool-37-thread-1] INFO  server.RaftServerConfigKeys (ConfUtils.java:logGet(43)) - raft.server.rpc.timeout.max = 5200ms (custom)
2019-09-26 21:18:50,396 [pool-37-thread-1] INFO  server.RaftServerConfigKeys (ConfUtils.java:logGet(43)) - raft.server.rpcslowness.timeout = 120s (custom)
2019-09-26 21:18:50,396 [pool-37-thread-1] INFO  server.RaftServerConfigKeys (ConfUtils.java:logGet(43)) - raft.server.sleep.deviation.threshold = 300 (default)
2019-09-26 21:18:50,396 [pool-37-thread-1] INFO  server.RaftServerConfigKeys (ConfUtils.java:logGet(43)) - raft.server.log.appender.install.snapshot.enabled = false (custom)
2019-09-26 21:18:50,396 [pool-37-thread-1] INFO  impl.RaftServerImpl (ServerState.java:<init>(103)) - 1178c3ae-d0b4-4d44-b144-fe8504cc41ac@group-9FAB7D69D5C6: ConfigurationManager, init=-1: [1178c3ae-d0b4-4d44-b144-fe8504cc41ac:192.168.151.99:33787], old=null, confs=<EMPTY_MAP>
2019-09-26 21:18:50,396 [pool-37-thread-1] INFO  server.RaftServerConfigKeys (ConfUtils.java:logGet(43)) - raft.server.storage.dir = [/workdir/hadoop-ozone/ozonefs/target/test-dir/MiniOzoneClusterImpl-5b64906c-d720-4906-b30c-b6d56a2122fd/datanode-1/data/ratis] (custom)
2019-09-26 21:18:50,396 [pool-37-thread-1] INFO  storage.RaftStorageDirectory (RaftStorageDirectory.java:analyzeStorage(246)) - The storage directory /workdir/hadoop-ozone/ozonefs/target/test-dir/MiniOzoneClusterImpl-5b64906c-d720-4906-b30c-b6d56a2122fd/datanode-1/data/ratis/4751c110-4173-4978-908d-9fab7d69d5c6 does not exist. Creating ...
2019-09-26 21:18:50,404 [pool-37-thread-1] INFO  storage.RaftStorageDirectory (RaftStorageDirectory.java:tryLock(328)) - Lock on /workdir/hadoop-ozone/ozonefs/target/test-dir/MiniOzoneClusterImpl-5b64906c-d720-4906-b30c-b6d56a2122fd/datanode-1/data/ratis/4751c110-4173-4978-908d-9fab7d69d5c6/in_use.lock acquired by nodename 10701@pr-hdds-1569-g6sp5-2013761785
2019-09-26 21:18:50,412 [pool-37-thread-1] INFO  storage.RaftStorage (RaftStorage.java:format(72)) - Storage directory /workdir/hadoop-ozone/ozonefs/target/test-dir/MiniOzoneClusterImpl-5b64906c-d720-4906-b30c-b6d56a2122fd/datanode-1/data/ratis/4751c110-4173-4978-908d-9fab7d69d5c6 has been successfully formatted.
2019-09-26 21:18:50,412 [pool-37-thread-1] INFO  ratis.ContainerStateMachine (ContainerStateMachine.java:loadSnapshot(230)) - group-9FAB7D69D5C6: The snapshot info is null. Setting the last applied indexto:(t:0, i:~)
2019-09-26 21:18:50,412 [pool-37-thread-1] INFO  server.RaftServerConfigKeys (ConfUtils.java:logGet(43)) - raft.server.notification.no-leader.timeout = 120s (custom)
2019-09-26 21:18:50,412 [pool-37-thread-1] INFO  server.RaftServerConfigKeys (ConfUtils.java:logGet(43)) - raft.server.log.use.memory = false (default)
2019-09-26 21:18:50,413 [pool-37-thread-1] INFO  server.RaftServerConfigKeys (ConfUtils.java:logGet(43)) - raft.server.log.purge.gap = 1000000 (custom)
2019-09-26 21:18:50,413 [pool-37-thread-1] INFO  server.RaftServerConfigKeys (ConfUtils.java:logGet(43)) - raft.server.log.appender.buffer.byte-limit = 33554432 (custom)
2019-09-26 21:18:50,413 [pool-37-thread-1] INFO  server.RaftServerConfigKeys (ConfUtils.java:logGet(43)) - raft.server.log.segment.size.max = 1048576 (custom)
2019-09-26 21:18:50,413 [pool-37-thread-1] INFO  server.RaftServerConfigKeys (ConfUtils.java:logGet(43)) - raft.server.log.segment.cache.num.max = 2 (custom)
2019-09-26 21:18:50,413 [pool-37-thread-1] INFO  segmented.SegmentedRaftLogWorker (SegmentedRaftLogWorker.java:<init>(172)) - new 1178c3ae-d0b4-4d44-b144-fe8504cc41ac@group-9FAB7D69D5C6-SegmentedRaftLogWorker for RaftStorage:Storage Directory /workdir/hadoop-ozone/ozonefs/target/test-dir/MiniOzoneClusterImpl-5b64906c-d720-4906-b30c-b6d56a2122fd/datanode-1/data/ratis/4751c110-4173-4978-908d-9fab7d69d5c6
2019-09-26 21:18:50,413 [pool-37-thread-1] INFO  server.RaftServerConfigKeys (ConfUtils.java:logGet(43)) - raft.server.log.queue.byte-limit = 2147483647 (custom)
2019-09-26 21:18:50,413 [pool-37-thread-1] INFO  server.RaftServerConfigKeys (ConfUtils.java:logGet(43)) - raft.server.log.queue.element-limit = 1024 (custom)
2019-09-26 21:18:50,413 [pool-37-thread-1] INFO  server.RaftServerConfigKeys (ConfUtils.java:logGet(43)) - raft.server.log.segment.size.max = 1048576 (custom)
2019-09-26 21:18:50,413 [pool-37-thread-1] INFO  server.RaftServerConfigKeys (ConfUtils.java:logGet(43)) - raft.server.log.preallocated.size = 16384 (custom)
2019-09-26 21:18:50,413 [pool-37-thread-1] INFO  server.RaftServerConfigKeys (ConfUtils.java:logGet(43)) - raft.server.log.write.buffer.size = 33554432 (custom)
2019-09-26 21:18:50,413 [pool-37-thread-1] INFO  server.RaftServerConfigKeys (ConfUtils.java:logGet(43)) - raft.server.log.force.sync.num = 128 (default)
2019-09-26 21:18:50,413 [pool-37-thread-1] INFO  server.RaftServerConfigKeys (ConfUtils.java:logGet(43)) - raft.server.log.statemachine.data.sync = true (default)
2019-09-26 21:18:50,413 [pool-37-thread-1] INFO  server.RaftServerConfigKeys (ConfUtils.java:logGet(43)) - raft.server.log.statemachine.data.sync.timeout = 10s (default)
2019-09-26 21:18:50,414 [pool-37-thread-1] INFO  server.RaftServerConfigKeys (ConfUtils.java:logGet(43)) - raft.server.log.statemachine.data.sync.timeout.retry = -1 (default)
2019-09-26 21:18:50,414 [pool-37-thread-1] INFO  server.RaftServerConfigKeys (ConfUtils.java:logGet(43)) - raft.server.log.statemachine.data.caching.enabled = true (custom)
2019-09-26 21:18:50,414 [pool-37-thread-1] INFO  segmented.SegmentedRaftLogWorker (SegmentedRaftLogWorker.java:lambda$new$0(132)) - 1178c3ae-d0b4-4d44-b144-fe8504cc41ac@group-9FAB7D69D5C6-SegmentedRaftLogWorker: flushIndex: setUnconditionally 0 -> -1
2019-09-26 21:18:50,414 [pool-37-thread-1] INFO  server.RaftServerConfigKeys (ConfUtils.java:logGet(43)) - raft.server.snapshot.auto.trigger.enabled = true (custom)
2019-09-26 21:18:50,414 [pool-37-thread-1] INFO  server.RaftServerConfigKeys (ConfUtils.java:logGet(43)) - raft.server.snapshot.auto.trigger.threshold = 10000 (custom)
2019-09-26 21:18:50,414 [pool-37-thread-1] INFO  server.RaftServerConfigKeys (ConfUtils.java:logGet(43)) - raft.server.snapshot.retention.num.files = 5 (custom)
2019-09-26 21:18:50,414 [pool-37-thread-1] INFO  server.RaftServerConfigKeys (ConfUtils.java:logGet(43)) - raft.server.retrycache.expirytime = 600000ms (custom)
2019-09-26 21:18:50,415 [pool-37-thread-1] INFO  impl.RaftServerImpl (RaftServerImpl.java:start(185)) - 1178c3ae-d0b4-4d44-b144-fe8504cc41ac@group-9FAB7D69D5C6: start as a follower, conf=-1: [1178c3ae-d0b4-4d44-b144-fe8504cc41ac:192.168.151.99:33787], old=null
2019-09-26 21:18:50,415 [pool-37-thread-1] INFO  impl.RaftServerImpl (RaftServerImpl.java:setRole(174)) - 1178c3ae-d0b4-4d44-b144-fe8504cc41ac@group-9FAB7D69D5C6: changes role from      null to FOLLOWER at term 0 for startAsFollower
2019-09-26 21:18:50,415 [pool-37-thread-1] INFO  impl.RoleInfo (RoleInfo.java:updateAndGet(143)) - 1178c3ae-d0b4-4d44-b144-fe8504cc41ac: start FollowerState
2019-09-26 21:18:50,416 [pool-37-thread-1] INFO  util.JmxRegister (JmxRegister.java:tryRegister(44)) - Successfully registered JMX Bean with object name Ratis:service=RaftServer,group=group-9FAB7D69D5C6,id=1178c3ae-d0b4-4d44-b144-fe8504cc41ac
2019-09-26 21:18:50,418 [RatisPipelineUtilsThread] INFO  pipeline.PipelineStateManager (PipelineStateManager.java:addPipeline(56)) - Created pipeline Pipeline[ Id: 4751c110-4173-4978-908d-9fab7d69d5c6, Nodes: 1178c3ae-d0b4-4d44-b144-fe8504cc41ac{ip: 192.168.151.99, host: pr-hdds-1569-g6sp5-2013761785, networkLocation: /default-rack, certSerialId: null}, Type:RATIS, Factor:ONE, State:OPEN]
2019-09-26 21:18:50,422 [grpc-default-executor-1] INFO  impl.RaftServerProxy (RaftServerProxy.java:addNew(89)) - 9ce0b59e-153f-4f41-8aed-492a76d80b48: addNew group-3CF811E9C283:[9ce0b59e-153f-4f41-8aed-492a76d80b48:192.168.151.99:34156] returns group-3CF811E9C283:java.util.concurrent.CompletableFuture@422783bf[Not completed]
2019-09-26 21:18:50,424 [pool-27-thread-1] INFO  impl.RaftServerImpl (RaftServerImpl.java:<init>(95)) - 9ce0b59e-153f-4f41-8aed-492a76d80b48: new RaftServerImpl for group-3CF811E9C283:[9ce0b59e-153f-4f41-8aed-492a76d80b48:192.168.151.99:34156] with ContainerStateMachine:uninitialized
2019-09-26 21:18:50,424 [pool-27-thread-1] INFO  server.RaftServerConfigKeys (ConfUtils.java:logGet(43)) - raft.server.rpc.timeout.min = 5s (custom)
2019-09-26 21:18:50,424 [pool-27-thread-1] INFO  server.RaftServerConfigKeys (ConfUtils.java:logGet(43)) - raft.server.rpc.timeout.max = 5200ms (custom)
2019-09-26 21:18:50,424 [pool-27-thread-1] INFO  server.RaftServerConfigKeys (ConfUtils.java:logGet(43)) - raft.server.rpcslowness.timeout = 120s (custom)
2019-09-26 21:18:50,424 [pool-27-thread-1] INFO  server.RaftServerConfigKeys (ConfUtils.java:logGet(43)) - raft.server.sleep.deviation.threshold = 300 (default)
2019-09-26 21:18:50,424 [pool-27-thread-1] INFO  server.RaftServerConfigKeys (ConfUtils.java:logGet(43)) - raft.server.log.appender.install.snapshot.enabled = false (custom)
2019-09-26 21:18:50,424 [pool-27-thread-1] INFO  impl.RaftServerImpl (ServerState.java:<init>(103)) - 9ce0b59e-153f-4f41-8aed-492a76d80b48@group-3CF811E9C283: ConfigurationManager, init=-1: [9ce0b59e-153f-4f41-8aed-492a76d80b48:192.168.151.99:34156], old=null, confs=<EMPTY_MAP>
2019-09-26 21:18:50,424 [pool-27-thread-1] INFO  server.RaftServerConfigKeys (ConfUtils.java:logGet(43)) - raft.server.storage.dir = [/workdir/hadoop-ozone/ozonefs/target/test-dir/MiniOzoneClusterImpl-5b64906c-d720-4906-b30c-b6d56a2122fd/datanode-0/data/ratis] (custom)
2019-09-26 21:18:50,425 [pool-27-thread-1] INFO  storage.RaftStorageDirectory (RaftStorageDirectory.java:analyzeStorage(246)) - The storage directory /workdir/hadoop-ozone/ozonefs/target/test-dir/MiniOzoneClusterImpl-5b64906c-d720-4906-b30c-b6d56a2122fd/datanode-0/data/ratis/720e3b60-5a32-4a74-ac78-3cf811e9c283 does not exist. Creating ...
2019-09-26 21:18:50,433 [Thread-328] INFO  impl.FollowerState (FollowerState.java:run(106)) - 0c640f50-2bc9-49b6-b785-a27e3116e6ba:group-26483836006E changes to CANDIDATE, lastRpcTime:5069, electionTimeout:5069ms
2019-09-26 21:18:50,433 [Thread-328] INFO  impl.RoleInfo (RoleInfo.java:shutdownFollowerState(121)) - 0c640f50-2bc9-49b6-b785-a27e3116e6ba: shutdown FollowerState
2019-09-26 21:18:50,433 [Thread-328] INFO  impl.RaftServerImpl (RaftServerImpl.java:setRole(174)) - 0c640f50-2bc9-49b6-b785-a27e3116e6ba@group-26483836006E: changes role from  FOLLOWER to CANDIDATE at term 0 for changeToCandidate
2019-09-26 21:18:50,433 [Thread-328] INFO  impl.RoleInfo (RoleInfo.java:updateAndGet(143)) - 0c640f50-2bc9-49b6-b785-a27e3116e6ba: start LeaderElection
2019-09-26 21:18:50,445 [pool-27-thread-1] INFO  storage.RaftStorageDirectory (RaftStorageDirectory.java:tryLock(328)) - Lock on /workdir/hadoop-ozone/ozonefs/target/test-dir/MiniOzoneClusterImpl-5b64906c-d720-4906-b30c-b6d56a2122fd/datanode-0/data/ratis/720e3b60-5a32-4a74-ac78-3cf811e9c283/in_use.lock acquired by nodename 10701@pr-hdds-1569-g6sp5-2013761785
2019-09-26 21:18:50,446 [0c640f50-2bc9-49b6-b785-a27e3116e6ba@group-26483836006E:LeaderElection37] INFO  impl.LeaderElection (LeaderElection.java:askForVotes(182)) - 0c640f50-2bc9-49b6-b785-a27e3116e6ba@group-26483836006E:LeaderElection37: begin an election at term 1 for -1: [0c640f50-2bc9-49b6-b785-a27e3116e6ba:192.168.151.99:42361], old=null
2019-09-26 21:18:50,446 [0c640f50-2bc9-49b6-b785-a27e3116e6ba@group-26483836006E:LeaderElection37] INFO  impl.RoleInfo (RoleInfo.java:shutdownLeaderElection(134)) - 0c640f50-2bc9-49b6-b785-a27e3116e6ba: shutdown LeaderElection
2019-09-26 21:18:50,446 [0c640f50-2bc9-49b6-b785-a27e3116e6ba@group-26483836006E:LeaderElection37] INFO  impl.RaftServerImpl (RaftServerImpl.java:setRole(174)) - 0c640f50-2bc9-49b6-b785-a27e3116e6ba@group-26483836006E: changes role from CANDIDATE to LEADER at term 1 for changeToLeader
2019-09-26 21:18:50,446 [0c640f50-2bc9-49b6-b785-a27e3116e6ba@group-26483836006E:LeaderElection37] INFO  impl.RaftServerImpl (ServerState.java:setLeader(253)) - 0c640f50-2bc9-49b6-b785-a27e3116e6ba@group-26483836006E: change Leader from null to 0c640f50-2bc9-49b6-b785-a27e3116e6ba at term 1 for becomeLeader, leader elected after 5092ms
2019-09-26 21:18:50,446 [0c640f50-2bc9-49b6-b785-a27e3116e6ba@group-26483836006E:LeaderElection37] INFO  server.RaftServerConfigKeys (ConfUtils.java:logGet(43)) - raft.server.staging.catchup.gap = 1000 (default)
2019-09-26 21:18:50,446 [0c640f50-2bc9-49b6-b785-a27e3116e6ba@group-26483836006E:LeaderElection37] INFO  server.RaftServerConfigKeys (ConfUtils.java:logGet(43)) - raft.server.rpc.sleep.time = 25ms (default)
2019-09-26 21:18:50,447 [0c640f50-2bc9-49b6-b785-a27e3116e6ba@group-26483836006E:LeaderElection37] INFO  server.RaftServerConfigKeys (ConfUtils.java:logGet(43)) - raft.server.write.element-limit = 4096 (default)
2019-09-26 21:18:50,447 [0c640f50-2bc9-49b6-b785-a27e3116e6ba@group-26483836006E:LeaderElection37] INFO  server.RaftServerConfigKeys (ConfUtils.java:logGet(43)) - raft.server.watch.timeout = 10s (default)
2019-09-26 21:18:50,447 [0c640f50-2bc9-49b6-b785-a27e3116e6ba@group-26483836006E:LeaderElection37] INFO  server.RaftServerConfigKeys (ConfUtils.java:logGet(43)) - raft.server.watch.timeout.denomination = 1s (default)
2019-09-26 21:18:50,447 [0c640f50-2bc9-49b6-b785-a27e3116e6ba@group-26483836006E:LeaderElection37] INFO  server.RaftServerConfigKeys (ConfUtils.java:logGet(43)) - raft.server.watch.element-limit = 65536 (default)
2019-09-26 21:18:50,449 [Thread-325] INFO  impl.FollowerState (FollowerState.java:run(106)) - 1178c3ae-d0b4-4d44-b144-fe8504cc41ac:group-0B182C829E67 changes to CANDIDATE, lastRpcTime:5149, electionTimeout:5149ms
2019-09-26 21:18:50,449 [Thread-325] INFO  impl.RoleInfo (RoleInfo.java:shutdownFollowerState(121)) - 1178c3ae-d0b4-4d44-b144-fe8504cc41ac: shutdown FollowerState
2019-09-26 21:18:50,449 [Thread-325] INFO  impl.RaftServerImpl (RaftServerImpl.java:setRole(174)) - 1178c3ae-d0b4-4d44-b144-fe8504cc41ac@group-0B182C829E67: changes role from  FOLLOWER to CANDIDATE at term 0 for changeToCandidate
2019-09-26 21:18:50,449 [Thread-325] INFO  impl.RoleInfo (RoleInfo.java:updateAndGet(143)) - 1178c3ae-d0b4-4d44-b144-fe8504cc41ac: start LeaderElection
2019-09-26 21:18:50,449 [0c640f50-2bc9-49b6-b785-a27e3116e6ba@group-26483836006E:LeaderElection37] INFO  impl.RoleInfo (RoleInfo.java:updateAndGet(143)) - 0c640f50-2bc9-49b6-b785-a27e3116e6ba: start LeaderState
2019-09-26 21:18:50,449 [0c640f50-2bc9-49b6-b785-a27e3116e6ba@group-26483836006E:LeaderElection37] INFO  segmented.SegmentedRaftLogWorker (SegmentedRaftLogWorker.java:startLogSegment(380)) - 0c640f50-2bc9-49b6-b785-a27e3116e6ba@group-26483836006E-SegmentedRaftLogWorker: Starting segment from index:0
2019-09-26 21:18:50,453 [0c640f50-2bc9-49b6-b785-a27e3116e6ba@group-26483836006E:LeaderElection37] INFO  impl.RaftServerImpl (ServerState.java:setRaftConf(354)) - 0c640f50-2bc9-49b6-b785-a27e3116e6ba@group-26483836006E: set configuration 0: [0c640f50-2bc9-49b6-b785-a27e3116e6ba:192.168.151.99:42361], old=null at 0
2019-09-26 21:18:50,486 [pool-27-thread-1] INFO  storage.RaftStorage (RaftStorage.java:format(72)) - Storage directory /workdir/hadoop-ozone/ozonefs/target/test-dir/MiniOzoneClusterImpl-5b64906c-d720-4906-b30c-b6d56a2122fd/datanode-0/data/ratis/720e3b60-5a32-4a74-ac78-3cf811e9c283 has been successfully formatted.
2019-09-26 21:18:50,486 [1178c3ae-d0b4-4d44-b144-fe8504cc41ac@group-0B182C829E67:LeaderElection38] INFO  impl.LeaderElection (LeaderElection.java:askForVotes(182)) - 1178c3ae-d0b4-4d44-b144-fe8504cc41ac@group-0B182C829E67:LeaderElection38: begin an election at term 1 for -1: [1178c3ae-d0b4-4d44-b144-fe8504cc41ac:192.168.151.99:33787], old=null
2019-09-26 21:18:50,486 [pool-27-thread-1] INFO  ratis.ContainerStateMachine (ContainerStateMachine.java:loadSnapshot(230)) - group-3CF811E9C283: The snapshot info is null. Setting the last applied indexto:(t:0, i:~)
2019-09-26 21:18:50,486 [1178c3ae-d0b4-4d44-b144-fe8504cc41ac@group-0B182C829E67:LeaderElection38] INFO  impl.RoleInfo (RoleInfo.java:shutdownLeaderElection(134)) - 1178c3ae-d0b4-4d44-b144-fe8504cc41ac: shutdown LeaderElection
2019-09-26 21:18:50,487 [pool-27-thread-1] INFO  server.RaftServerConfigKeys (ConfUtils.java:logGet(43)) - raft.server.notification.no-leader.timeout = 120s (custom)
2019-09-26 21:18:50,487 [1178c3ae-d0b4-4d44-b144-fe8504cc41ac@group-0B182C829E67:LeaderElection38] INFO  impl.RaftServerImpl (RaftServerImpl.java:setRole(174)) - 1178c3ae-d0b4-4d44-b144-fe8504cc41ac@group-0B182C829E67: changes role from CANDIDATE to LEADER at term 1 for changeToLeader
2019-09-26 21:18:50,487 [pool-27-thread-1] INFO  server.RaftServerConfigKeys (ConfUtils.java:logGet(43)) - raft.server.log.use.memory = false (default)
2019-09-26 21:18:50,487 [1178c3ae-d0b4-4d44-b144-fe8504cc41ac@group-0B182C829E67:LeaderElection38] INFO  impl.RaftServerImpl (ServerState.java:setLeader(253)) - 1178c3ae-d0b4-4d44-b144-fe8504cc41ac@group-0B182C829E67: change Leader from null to 1178c3ae-d0b4-4d44-b144-fe8504cc41ac at term 1 for becomeLeader, leader elected after 5197ms
2019-09-26 21:18:50,487 [pool-27-thread-1] INFO  server.RaftServerConfigKeys (ConfUtils.java:logGet(43)) - raft.server.log.purge.gap = 1000000 (custom)
2019-09-26 21:18:50,487 [1178c3ae-d0b4-4d44-b144-fe8504cc41ac@group-0B182C829E67:LeaderElection38] INFO  server.RaftServerConfigKeys (ConfUtils.java:logGet(43)) - raft.server.staging.catchup.gap = 1000 (default)
2019-09-26 21:18:50,487 [pool-27-thread-1] INFO  server.RaftServerConfigKeys (ConfUtils.java:logGet(43)) - raft.server.log.appender.buffer.byte-limit = 33554432 (custom)
2019-09-26 21:18:50,487 [1178c3ae-d0b4-4d44-b144-fe8504cc41ac@group-0B182C829E67:LeaderElection38] INFO  server.RaftServerConfigKeys (ConfUtils.java:logGet(43)) - raft.server.rpc.sleep.time = 25ms (default)
2019-09-26 21:18:50,488 [pool-27-thread-1] INFO  server.RaftServerConfigKeys (ConfUtils.java:logGet(43)) - raft.server.log.segment.size.max = 1048576 (custom)
2019-09-26 21:18:50,488 [1178c3ae-d0b4-4d44-b144-fe8504cc41ac@group-0B182C829E67:LeaderElection38] INFO  server.RaftServerConfigKeys (ConfUtils.java:logGet(43)) - raft.server.write.element-limit = 4096 (default)
2019-09-26 21:18:50,488 [pool-27-thread-1] INFO  server.RaftServerConfigKeys (ConfUtils.java:logGet(43)) - raft.server.log.segment.cache.num.max = 2 (custom)
2019-09-26 21:18:50,488 [1178c3ae-d0b4-4d44-b144-fe8504cc41ac@group-0B182C829E67:LeaderElection38] INFO  server.RaftServerConfigKeys (ConfUtils.java:logGet(43)) - raft.server.watch.timeout = 10s (default)
2019-09-26 21:18:50,488 [pool-27-thread-1] INFO  segmented.SegmentedRaftLogWorker (SegmentedRaftLogWorker.java:<init>(172)) - new 9ce0b59e-153f-4f41-8aed-492a76d80b48@group-3CF811E9C283-SegmentedRaftLogWorker for RaftStorage:Storage Directory /workdir/hadoop-ozone/ozonefs/target/test-dir/MiniOzoneClusterImpl-5b64906c-d720-4906-b30c-b6d56a2122fd/datanode-0/data/ratis/720e3b60-5a32-4a74-ac78-3cf811e9c283
2019-09-26 21:18:50,488 [1178c3ae-d0b4-4d44-b144-fe8504cc41ac@group-0B182C829E67:LeaderElection38] INFO  server.RaftServerConfigKeys (ConfUtils.java:logGet(43)) - raft.server.watch.timeout.denomination = 1s (default)
2019-09-26 21:18:50,488 [pool-27-thread-1] INFO  server.RaftServerConfigKeys (ConfUtils.java:logGet(43)) - raft.server.log.queue.byte-limit = 2147483647 (custom)
2019-09-26 21:18:50,488 [1178c3ae-d0b4-4d44-b144-fe8504cc41ac@group-0B182C829E67:LeaderElection38] INFO  server.RaftServerConfigKeys (ConfUtils.java:logGet(43)) - raft.server.watch.element-limit = 65536 (default)
2019-09-26 21:18:50,489 [pool-27-thread-1] INFO  server.RaftServerConfigKeys (ConfUtils.java:logGet(43)) - raft.server.log.queue.element-limit = 1024 (custom)
2019-09-26 21:18:50,489 [0c640f50-2bc9-49b6-b785-a27e3116e6ba@group-26483836006E-SegmentedRaftLogWorker] INFO  segmented.SegmentedRaftLogWorker (SegmentedRaftLogWorker.java:execute(569)) - 0c640f50-2bc9-49b6-b785-a27e3116e6ba@group-26483836006E-SegmentedRaftLogWorker: created new log segment /workdir/hadoop-ozone/ozonefs/target/test-dir/MiniOzoneClusterImpl-5b64906c-d720-4906-b30c-b6d56a2122fd/datanode-3/data/ratis/4b720a95-8b65-491a-a2d3-26483836006e/current/log_inprogress_0
2019-09-26 21:18:50,489 [pool-27-thread-1] INFO  server.RaftServerConfigKeys (ConfUtils.java:logGet(43)) - raft.server.log.segment.size.max = 1048576 (custom)
2019-09-26 21:18:50,489 [pool-27-thread-1] INFO  server.RaftServerConfigKeys (ConfUtils.java:logGet(43)) - raft.server.log.preallocated.size = 16384 (custom)
2019-09-26 21:18:50,489 [pool-27-thread-1] INFO  server.RaftServerConfigKeys (ConfUtils.java:logGet(43)) - raft.server.log.write.buffer.size = 33554432 (custom)
2019-09-26 21:18:50,489 [pool-27-thread-1] INFO  server.RaftServerConfigKeys (ConfUtils.java:logGet(43)) - raft.server.log.force.sync.num = 128 (default)
2019-09-26 21:18:50,489 [pool-27-thread-1] INFO  server.RaftServerConfigKeys (ConfUtils.java:logGet(43)) - raft.server.log.statemachine.data.sync = true (default)
2019-09-26 21:18:50,490 [pool-27-thread-1] INFO  server.RaftServerConfigKeys (ConfUtils.java:logGet(43)) - raft.server.log.statemachine.data.sync.timeout = 10s (default)
2019-09-26 21:18:50,490 [pool-27-thread-1] INFO  server.RaftServerConfigKeys (ConfUtils.java:logGet(43)) - raft.server.log.statemachine.data.sync.timeout.retry = -1 (default)
2019-09-26 21:18:50,490 [pool-27-thread-1] INFO  server.RaftServerConfigKeys (ConfUtils.java:logGet(43)) - raft.server.log.statemachine.data.caching.enabled = true (custom)
2019-09-26 21:18:50,490 [pool-27-thread-1] INFO  segmented.SegmentedRaftLogWorker (SegmentedRaftLogWorker.java:lambda$new$0(132)) - 9ce0b59e-153f-4f41-8aed-492a76d80b48@group-3CF811E9C283-SegmentedRaftLogWorker: flushIndex: setUnconditionally 0 -> -1
2019-09-26 21:18:50,490 [pool-27-thread-1] INFO  server.RaftServerConfigKeys (ConfUtils.java:logGet(43)) - raft.server.snapshot.auto.trigger.enabled = true (custom)
2019-09-26 21:18:50,491 [pool-27-thread-1] INFO  server.RaftServerConfigKeys (ConfUtils.java:logGet(43)) - raft.server.snapshot.auto.trigger.threshold = 10000 (custom)
2019-09-26 21:18:50,491 [pool-27-thread-1] INFO  server.RaftServerConfigKeys (ConfUtils.java:logGet(43)) - raft.server.snapshot.retention.num.files = 5 (custom)
2019-09-26 21:18:50,491 [pool-27-thread-1] INFO  server.RaftServerConfigKeys (ConfUtils.java:logGet(43)) - raft.server.retrycache.expirytime = 600000ms (custom)
2019-09-26 21:18:50,491 [1178c3ae-d0b4-4d44-b144-fe8504cc41ac@group-0B182C829E67:LeaderElection38] INFO  impl.RoleInfo (RoleInfo.java:updateAndGet(143)) - 1178c3ae-d0b4-4d44-b144-fe8504cc41ac: start LeaderState
2019-09-26 21:18:50,491 [1178c3ae-d0b4-4d44-b144-fe8504cc41ac@group-0B182C829E67:LeaderElection38] INFO  segmented.SegmentedRaftLogWorker (SegmentedRaftLogWorker.java:startLogSegment(380)) - 1178c3ae-d0b4-4d44-b144-fe8504cc41ac@group-0B182C829E67-SegmentedRaftLogWorker: Starting segment from index:0
2019-09-26 21:18:50,492 [1178c3ae-d0b4-4d44-b144-fe8504cc41ac@group-0B182C829E67:LeaderElection38] INFO  impl.RaftServerImpl (ServerState.java:setRaftConf(354)) - 1178c3ae-d0b4-4d44-b144-fe8504cc41ac@group-0B182C829E67: set configuration 0: [1178c3ae-d0b4-4d44-b144-fe8504cc41ac:192.168.151.99:33787], old=null at 0
2019-09-26 21:18:50,525 [Thread-334] INFO  impl.FollowerState (FollowerState.java:run(106)) - 09112efe-1fad-4539-a04f-c96aef6d2351:group-A661C32C47C6 changes to CANDIDATE, lastRpcTime:5027, electionTimeout:5012ms
2019-09-26 21:18:50,526 [Thread-334] INFO  impl.RoleInfo (RoleInfo.java:shutdownFollowerState(121)) - 09112efe-1fad-4539-a04f-c96aef6d2351: shutdown FollowerState
2019-09-26 21:18:50,526 [Thread-334] INFO  impl.RaftServerImpl (RaftServerImpl.java:setRole(174)) - 09112efe-1fad-4539-a04f-c96aef6d2351@group-A661C32C47C6: changes role from  FOLLOWER to CANDIDATE at term 0 for changeToCandidate
2019-09-26 21:18:50,526 [Thread-334] INFO  impl.RoleInfo (RoleInfo.java:updateAndGet(143)) - 09112efe-1fad-4539-a04f-c96aef6d2351: start LeaderElection
2019-09-26 21:18:50,538 [1178c3ae-d0b4-4d44-b144-fe8504cc41ac@group-0B182C829E67-SegmentedRaftLogWorker] INFO  segmented.SegmentedRaftLogWorker (SegmentedRaftLogWorker.java:execute(569)) - 1178c3ae-d0b4-4d44-b144-fe8504cc41ac@group-0B182C829E67-SegmentedRaftLogWorker: created new log segment /workdir/hadoop-ozone/ozonefs/target/test-dir/MiniOzoneClusterImpl-5b64906c-d720-4906-b30c-b6d56a2122fd/datanode-1/data/ratis/3b004ab4-3302-4a57-9c32-0b182c829e67/current/log_inprogress_0
2019-09-26 21:18:50,539 [pool-27-thread-1] INFO  impl.RaftServerImpl (RaftServerImpl.java:start(185)) - 9ce0b59e-153f-4f41-8aed-492a76d80b48@group-3CF811E9C283: start as a follower, conf=-1: [9ce0b59e-153f-4f41-8aed-492a76d80b48:192.168.151.99:34156], old=null
2019-09-26 21:18:50,539 [pool-27-thread-1] INFO  impl.RaftServerImpl (RaftServerImpl.java:setRole(174)) - 9ce0b59e-153f-4f41-8aed-492a76d80b48@group-3CF811E9C283: changes role from      null to FOLLOWER at term 0 for startAsFollower
2019-09-26 21:18:50,540 [pool-27-thread-1] INFO  impl.RoleInfo (RoleInfo.java:updateAndGet(143)) - 9ce0b59e-153f-4f41-8aed-492a76d80b48: start FollowerState
2019-09-26 21:18:50,540 [pool-27-thread-1] INFO  util.JmxRegister (JmxRegister.java:tryRegister(44)) - Successfully registered JMX Bean with object name Ratis:service=RaftServer,group=group-3CF811E9C283,id=9ce0b59e-153f-4f41-8aed-492a76d80b48
2019-09-26 21:18:50,541 [09112efe-1fad-4539-a04f-c96aef6d2351@group-A661C32C47C6:LeaderElection39] INFO  impl.LeaderElection (LeaderElection.java:askForVotes(182)) - 09112efe-1fad-4539-a04f-c96aef6d2351@group-A661C32C47C6:LeaderElection39: begin an election at term 1 for -1: [09112efe-1fad-4539-a04f-c96aef6d2351:192.168.151.99:45286], old=null
2019-09-26 21:18:50,541 [09112efe-1fad-4539-a04f-c96aef6d2351@group-A661C32C47C6:LeaderElection39] INFO  impl.RoleInfo (RoleInfo.java:shutdownLeaderElection(134)) - 09112efe-1fad-4539-a04f-c96aef6d2351: shutdown LeaderElection
2019-09-26 21:18:50,541 [09112efe-1fad-4539-a04f-c96aef6d2351@group-A661C32C47C6:LeaderElection39] INFO  impl.RaftServerImpl (RaftServerImpl.java:setRole(174)) - 09112efe-1fad-4539-a04f-c96aef6d2351@group-A661C32C47C6: changes role from CANDIDATE to LEADER at term 1 for changeToLeader
2019-09-26 21:18:50,541 [09112efe-1fad-4539-a04f-c96aef6d2351@group-A661C32C47C6:LeaderElection39] INFO  impl.RaftServerImpl (ServerState.java:setLeader(253)) - 09112efe-1fad-4539-a04f-c96aef6d2351@group-A661C32C47C6: change Leader from null to 09112efe-1fad-4539-a04f-c96aef6d2351 at term 1 for becomeLeader, leader elected after 5052ms
2019-09-26 21:18:50,542 [09112efe-1fad-4539-a04f-c96aef6d2351@group-A661C32C47C6:LeaderElection39] INFO  server.RaftServerConfigKeys (ConfUtils.java:logGet(43)) - raft.server.staging.catchup.gap = 1000 (default)
2019-09-26 21:18:50,542 [09112efe-1fad-4539-a04f-c96aef6d2351@group-A661C32C47C6:LeaderElection39] INFO  server.RaftServerConfigKeys (ConfUtils.java:logGet(43)) - raft.server.rpc.sleep.time = 25ms (default)
2019-09-26 21:18:50,542 [09112efe-1fad-4539-a04f-c96aef6d2351@group-A661C32C47C6:LeaderElection39] INFO  server.RaftServerConfigKeys (ConfUtils.java:logGet(43)) - raft.server.write.element-limit = 4096 (default)
2019-09-26 21:18:50,542 [09112efe-1fad-4539-a04f-c96aef6d2351@group-A661C32C47C6:LeaderElection39] INFO  server.RaftServerConfigKeys (ConfUtils.java:logGet(43)) - raft.server.watch.timeout = 10s (default)
2019-09-26 21:18:50,542 [09112efe-1fad-4539-a04f-c96aef6d2351@group-A661C32C47C6:LeaderElection39] INFO  server.RaftServerConfigKeys (ConfUtils.java:logGet(43)) - raft.server.watch.timeout.denomination = 1s (default)
2019-09-26 21:18:50,542 [09112efe-1fad-4539-a04f-c96aef6d2351@group-A661C32C47C6:LeaderElection39] INFO  server.RaftServerConfigKeys (ConfUtils.java:logGet(43)) - raft.server.watch.element-limit = 65536 (default)
2019-09-26 21:18:50,543 [RatisPipelineUtilsThread] INFO  pipeline.PipelineStateManager (PipelineStateManager.java:addPipeline(56)) - Created pipeline Pipeline[ Id: 720e3b60-5a32-4a74-ac78-3cf811e9c283, Nodes: 9ce0b59e-153f-4f41-8aed-492a76d80b48{ip: 192.168.151.99, host: pr-hdds-1569-g6sp5-2013761785, networkLocation: /default-rack, certSerialId: null}, Type:RATIS, Factor:ONE, State:OPEN]
2019-09-26 21:18:50,545 [09112efe-1fad-4539-a04f-c96aef6d2351@group-A661C32C47C6:LeaderElection39] INFO  impl.RoleInfo (RoleInfo.java:updateAndGet(143)) - 09112efe-1fad-4539-a04f-c96aef6d2351: start LeaderState
2019-09-26 21:18:50,545 [09112efe-1fad-4539-a04f-c96aef6d2351@group-A661C32C47C6:LeaderElection39] INFO  segmented.SegmentedRaftLogWorker (SegmentedRaftLogWorker.java:startLogSegment(380)) - 09112efe-1fad-4539-a04f-c96aef6d2351@group-A661C32C47C6-SegmentedRaftLogWorker: Starting segment from index:0
2019-09-26 21:18:50,545 [09112efe-1fad-4539-a04f-c96aef6d2351@group-A661C32C47C6:LeaderElection39] INFO  impl.RaftServerImpl (ServerState.java:setRaftConf(354)) - 09112efe-1fad-4539-a04f-c96aef6d2351@group-A661C32C47C6: set configuration 0: [09112efe-1fad-4539-a04f-c96aef6d2351:192.168.151.99:45286], old=null at 0
2019-09-26 21:18:50,587 [grpc-default-executor-1] INFO  impl.RaftServerProxy (RaftServerProxy.java:addNew(89)) - 09112efe-1fad-4539-a04f-c96aef6d2351: addNew group-D4B1EF4F61EA:[09112efe-1fad-4539-a04f-c96aef6d2351:192.168.151.99:45286] returns group-D4B1EF4F61EA:java.util.concurrent.CompletableFuture@21770af6[Not completed]
2019-09-26 21:18:50,588 [pool-47-thread-1] INFO  impl.RaftServerImpl (RaftServerImpl.java:<init>(95)) - 09112efe-1fad-4539-a04f-c96aef6d2351: new RaftServerImpl for group-D4B1EF4F61EA:[09112efe-1fad-4539-a04f-c96aef6d2351:192.168.151.99:45286] with ContainerStateMachine:uninitialized
2019-09-26 21:18:50,588 [pool-47-thread-1] INFO  server.RaftServerConfigKeys (ConfUtils.java:logGet(43)) - raft.server.rpc.timeout.min = 5s (custom)
2019-09-26 21:18:50,588 [pool-47-thread-1] INFO  server.RaftServerConfigKeys (ConfUtils.java:logGet(43)) - raft.server.rpc.timeout.max = 5200ms (custom)
2019-09-26 21:18:50,588 [pool-47-thread-1] INFO  server.RaftServerConfigKeys (ConfUtils.java:logGet(43)) - raft.server.rpcslowness.timeout = 120s (custom)
2019-09-26 21:18:50,589 [pool-47-thread-1] INFO  server.RaftServerConfigKeys (ConfUtils.java:logGet(43)) - raft.server.sleep.deviation.threshold = 300 (default)
2019-09-26 21:18:50,589 [pool-47-thread-1] INFO  server.RaftServerConfigKeys (ConfUtils.java:logGet(43)) - raft.server.log.appender.install.snapshot.enabled = false (custom)
2019-09-26 21:18:50,589 [pool-47-thread-1] INFO  impl.RaftServerImpl (ServerState.java:<init>(103)) - 09112efe-1fad-4539-a04f-c96aef6d2351@group-D4B1EF4F61EA: ConfigurationManager, init=-1: [09112efe-1fad-4539-a04f-c96aef6d2351:192.168.151.99:45286], old=null, confs=<EMPTY_MAP>
2019-09-26 21:18:50,589 [pool-47-thread-1] INFO  server.RaftServerConfigKeys (ConfUtils.java:logGet(43)) - raft.server.storage.dir = [/workdir/hadoop-ozone/ozonefs/target/test-dir/MiniOzoneClusterImpl-5b64906c-d720-4906-b30c-b6d56a2122fd/datanode-2/data/ratis] (custom)
2019-09-26 21:18:50,590 [pool-47-thread-1] INFO  storage.RaftStorageDirectory (RaftStorageDirectory.java:analyzeStorage(246)) - The storage directory /workdir/hadoop-ozone/ozonefs/target/test-dir/MiniOzoneClusterImpl-5b64906c-d720-4906-b30c-b6d56a2122fd/datanode-2/data/ratis/ac6d3c3b-a1c1-48d7-bce8-d4b1ef4f61ea does not exist. Creating ...
2019-09-26 21:18:50,593 [pool-47-thread-1] INFO  storage.RaftStorageDirectory (RaftStorageDirectory.java:tryLock(328)) - Lock on /workdir/hadoop-ozone/ozonefs/target/test-dir/MiniOzoneClusterImpl-5b64906c-d720-4906-b30c-b6d56a2122fd/datanode-2/data/ratis/ac6d3c3b-a1c1-48d7-bce8-d4b1ef4f61ea/in_use.lock acquired by nodename 10701@pr-hdds-1569-g6sp5-2013761785
2019-09-26 21:18:50,593 [09112efe-1fad-4539-a04f-c96aef6d2351@group-A661C32C47C6-SegmentedRaftLogWorker] INFO  segmented.SegmentedRaftLogWorker (SegmentedRaftLogWorker.java:execute(569)) - 09112efe-1fad-4539-a04f-c96aef6d2351@group-A661C32C47C6-SegmentedRaftLogWorker: created new log segment /workdir/hadoop-ozone/ozonefs/target/test-dir/MiniOzoneClusterImpl-5b64906c-d720-4906-b30c-b6d56a2122fd/datanode-2/data/ratis/d96ea239-8dbb-4495-b8cc-a661c32c47c6/current/log_inprogress_0
2019-09-26 21:18:50,606 [pool-47-thread-1] INFO  storage.RaftStorage (RaftStorage.java:format(72)) - Storage directory /workdir/hadoop-ozone/ozonefs/target/test-dir/MiniOzoneClusterImpl-5b64906c-d720-4906-b30c-b6d56a2122fd/datanode-2/data/ratis/ac6d3c3b-a1c1-48d7-bce8-d4b1ef4f61ea has been successfully formatted.
2019-09-26 21:18:50,606 [pool-47-thread-1] INFO  ratis.ContainerStateMachine (ContainerStateMachine.java:loadSnapshot(230)) - group-D4B1EF4F61EA: The snapshot info is null. Setting the last applied indexto:(t:0, i:~)
2019-09-26 21:18:50,606 [pool-47-thread-1] INFO  server.RaftServerConfigKeys (ConfUtils.java:logGet(43)) - raft.server.notification.no-leader.timeout = 120s (custom)
2019-09-26 21:18:50,607 [pool-47-thread-1] INFO  server.RaftServerConfigKeys (ConfUtils.java:logGet(43)) - raft.server.log.use.memory = false (default)
2019-09-26 21:18:50,607 [pool-47-thread-1] INFO  server.RaftServerConfigKeys (ConfUtils.java:logGet(43)) - raft.server.log.purge.gap = 1000000 (custom)
2019-09-26 21:18:50,607 [pool-47-thread-1] INFO  server.RaftServerConfigKeys (ConfUtils.java:logGet(43)) - raft.server.log.appender.buffer.byte-limit = 33554432 (custom)
2019-09-26 21:18:50,607 [pool-47-thread-1] INFO  server.RaftServerConfigKeys (ConfUtils.java:logGet(43)) - raft.server.log.segment.size.max = 1048576 (custom)
2019-09-26 21:18:50,607 [pool-47-thread-1] INFO  server.RaftServerConfigKeys (ConfUtils.java:logGet(43)) - raft.server.log.segment.cache.num.max = 2 (custom)
2019-09-26 21:18:50,607 [pool-47-thread-1] INFO  segmented.SegmentedRaftLogWorker (SegmentedRaftLogWorker.java:<init>(172)) - new 09112efe-1fad-4539-a04f-c96aef6d2351@group-D4B1EF4F61EA-SegmentedRaftLogWorker for RaftStorage:Storage Directory /workdir/hadoop-ozone/ozonefs/target/test-dir/MiniOzoneClusterImpl-5b64906c-d720-4906-b30c-b6d56a2122fd/datanode-2/data/ratis/ac6d3c3b-a1c1-48d7-bce8-d4b1ef4f61ea
2019-09-26 21:18:50,607 [pool-47-thread-1] INFO  server.RaftServerConfigKeys (ConfUtils.java:logGet(43)) - raft.server.log.queue.byte-limit = 2147483647 (custom)
2019-09-26 21:18:50,608 [pool-47-thread-1] INFO  server.RaftServerConfigKeys (ConfUtils.java:logGet(43)) - raft.server.log.queue.element-limit = 1024 (custom)
2019-09-26 21:18:50,608 [pool-47-thread-1] INFO  server.RaftServerConfigKeys (ConfUtils.java:logGet(43)) - raft.server.log.segment.size.max = 1048576 (custom)
2019-09-26 21:18:50,608 [pool-47-thread-1] INFO  server.RaftServerConfigKeys (ConfUtils.java:logGet(43)) - raft.server.log.preallocated.size = 16384 (custom)
2019-09-26 21:18:50,608 [pool-47-thread-1] INFO  server.RaftServerConfigKeys (ConfUtils.java:logGet(43)) - raft.server.log.write.buffer.size = 33554432 (custom)
2019-09-26 21:18:50,608 [pool-47-thread-1] INFO  server.RaftServerConfigKeys (ConfUtils.java:logGet(43)) - raft.server.log.force.sync.num = 128 (default)
2019-09-26 21:18:50,608 [pool-47-thread-1] INFO  server.RaftServerConfigKeys (ConfUtils.java:logGet(43)) - raft.server.log.statemachine.data.sync = true (default)
2019-09-26 21:18:50,608 [pool-47-thread-1] INFO  server.RaftServerConfigKeys (ConfUtils.java:logGet(43)) - raft.server.log.statemachine.data.sync.timeout = 10s (default)
2019-09-26 21:18:50,609 [pool-47-thread-1] INFO  server.RaftServerConfigKeys (ConfUtils.java:logGet(43)) - raft.server.log.statemachine.data.sync.timeout.retry = -1 (default)
2019-09-26 21:18:50,609 [pool-47-thread-1] INFO  server.RaftServerConfigKeys (ConfUtils.java:logGet(43)) - raft.server.log.statemachine.data.caching.enabled = true (custom)
2019-09-26 21:18:50,609 [pool-47-thread-1] INFO  segmented.SegmentedRaftLogWorker (SegmentedRaftLogWorker.java:lambda$new$0(132)) - 09112efe-1fad-4539-a04f-c96aef6d2351@group-D4B1EF4F61EA-SegmentedRaftLogWorker: flushIndex: setUnconditionally 0 -> -1
2019-09-26 21:18:50,609 [pool-47-thread-1] INFO  server.RaftServerConfigKeys (ConfUtils.java:logGet(43)) - raft.server.snapshot.auto.trigger.enabled = true (custom)
2019-09-26 21:18:50,609 [pool-47-thread-1] INFO  server.RaftServerConfigKeys (ConfUtils.java:logGet(43)) - raft.server.snapshot.auto.trigger.threshold = 10000 (custom)
2019-09-26 21:18:50,610 [pool-47-thread-1] INFO  server.RaftServerConfigKeys (ConfUtils.java:logGet(43)) - raft.server.snapshot.retention.num.files = 5 (custom)
2019-09-26 21:18:50,610 [pool-47-thread-1] INFO  server.RaftServerConfigKeys (ConfUtils.java:logGet(43)) - raft.server.retrycache.expirytime = 600000ms (custom)
2019-09-26 21:18:50,612 [pool-47-thread-1] INFO  impl.RaftServerImpl (RaftServerImpl.java:start(185)) - 09112efe-1fad-4539-a04f-c96aef6d2351@group-D4B1EF4F61EA: start as a follower, conf=-1: [09112efe-1fad-4539-a04f-c96aef6d2351:192.168.151.99:45286], old=null
2019-09-26 21:18:50,612 [pool-47-thread-1] INFO  impl.RaftServerImpl (RaftServerImpl.java:setRole(174)) - 09112efe-1fad-4539-a04f-c96aef6d2351@group-D4B1EF4F61EA: changes role from      null to FOLLOWER at term 0 for startAsFollower
2019-09-26 21:18:50,612 [pool-47-thread-1] INFO  impl.RoleInfo (RoleInfo.java:updateAndGet(143)) - 09112efe-1fad-4539-a04f-c96aef6d2351: start FollowerState
2019-09-26 21:18:50,612 [pool-47-thread-1] INFO  util.JmxRegister (JmxRegister.java:tryRegister(44)) - Successfully registered JMX Bean with object name Ratis:service=RaftServer,group=group-D4B1EF4F61EA,id=09112efe-1fad-4539-a04f-c96aef6d2351
2019-09-26 21:18:50,615 [RatisPipelineUtilsThread] INFO  pipeline.PipelineStateManager (PipelineStateManager.java:addPipeline(56)) - Created pipeline Pipeline[ Id: ac6d3c3b-a1c1-48d7-bce8-d4b1ef4f61ea, Nodes: 09112efe-1fad-4539-a04f-c96aef6d2351{ip: 192.168.151.99, host: pr-hdds-1569-g6sp5-2013761785, networkLocation: /default-rack, certSerialId: null}, Type:RATIS, Factor:ONE, State:OPEN]
2019-09-26 21:18:50,619 [grpc-default-executor-1] INFO  impl.RaftServerProxy (RaftServerProxy.java:addNew(89)) - 09112efe-1fad-4539-a04f-c96aef6d2351: addNew group-C15524DE485D:[09112efe-1fad-4539-a04f-c96aef6d2351:192.168.151.99:45286] returns group-C15524DE485D:java.util.concurrent.CompletableFuture@55e1728d[Not completed]
2019-09-26 21:18:50,620 [pool-47-thread-1] INFO  impl.RaftServerImpl (RaftServerImpl.java:<init>(95)) - 09112efe-1fad-4539-a04f-c96aef6d2351: new RaftServerImpl for group-C15524DE485D:[09112efe-1fad-4539-a04f-c96aef6d2351:192.168.151.99:45286] with ContainerStateMachine:uninitialized
2019-09-26 21:18:50,620 [pool-47-thread-1] INFO  server.RaftServerConfigKeys (ConfUtils.java:logGet(43)) - raft.server.rpc.timeout.min = 5s (custom)
2019-09-26 21:18:50,620 [pool-47-thread-1] INFO  server.RaftServerConfigKeys (ConfUtils.java:logGet(43)) - raft.server.rpc.timeout.max = 5200ms (custom)
2019-09-26 21:18:50,621 [pool-47-thread-1] INFO  server.RaftServerConfigKeys (ConfUtils.java:logGet(43)) - raft.server.rpcslowness.timeout = 120s (custom)
2019-09-26 21:18:50,621 [pool-47-thread-1] INFO  server.RaftServerConfigKeys (ConfUtils.java:logGet(43)) - raft.server.sleep.deviation.threshold = 300 (default)
2019-09-26 21:18:50,621 [pool-47-thread-1] INFO  server.RaftServerConfigKeys (ConfUtils.java:logGet(43)) - raft.server.log.appender.install.snapshot.enabled = false (custom)
2019-09-26 21:18:50,621 [pool-47-thread-1] INFO  impl.RaftServerImpl (ServerState.java:<init>(103)) - 09112efe-1fad-4539-a04f-c96aef6d2351@group-C15524DE485D: ConfigurationManager, init=-1: [09112efe-1fad-4539-a04f-c96aef6d2351:192.168.151.99:45286], old=null, confs=<EMPTY_MAP>
2019-09-26 21:18:50,621 [pool-47-thread-1] INFO  server.RaftServerConfigKeys (ConfUtils.java:logGet(43)) - raft.server.storage.dir = [/workdir/hadoop-ozone/ozonefs/target/test-dir/MiniOzoneClusterImpl-5b64906c-d720-4906-b30c-b6d56a2122fd/datanode-2/data/ratis] (custom)
2019-09-26 21:18:50,621 [pool-47-thread-1] INFO  storage.RaftStorageDirectory (RaftStorageDirectory.java:analyzeStorage(246)) - The storage directory /workdir/hadoop-ozone/ozonefs/target/test-dir/MiniOzoneClusterImpl-5b64906c-d720-4906-b30c-b6d56a2122fd/datanode-2/data/ratis/84be5ca6-bf7c-4466-839f-c15524de485d does not exist. Creating ...
2019-09-26 21:18:50,622 [Thread-331] INFO  impl.FollowerState (FollowerState.java:run(106)) - 9ce0b59e-153f-4f41-8aed-492a76d80b48:group-14D57127194E changes to CANDIDATE, lastRpcTime:5199, electionTimeout:5199ms
2019-09-26 21:18:50,622 [Thread-331] INFO  impl.RoleInfo (RoleInfo.java:shutdownFollowerState(121)) - 9ce0b59e-153f-4f41-8aed-492a76d80b48: shutdown FollowerState
2019-09-26 21:18:50,622 [Thread-331] INFO  impl.RaftServerImpl (RaftServerImpl.java:setRole(174)) - 9ce0b59e-153f-4f41-8aed-492a76d80b48@group-14D57127194E: changes role from  FOLLOWER to CANDIDATE at term 0 for changeToCandidate
2019-09-26 21:18:50,622 [Thread-331] INFO  impl.RoleInfo (RoleInfo.java:updateAndGet(143)) - 9ce0b59e-153f-4f41-8aed-492a76d80b48: start LeaderElection
2019-09-26 21:18:50,635 [pool-47-thread-1] INFO  storage.RaftStorageDirectory (RaftStorageDirectory.java:tryLock(328)) - Lock on /workdir/hadoop-ozone/ozonefs/target/test-dir/MiniOzoneClusterImpl-5b64906c-d720-4906-b30c-b6d56a2122fd/datanode-2/data/ratis/84be5ca6-bf7c-4466-839f-c15524de485d/in_use.lock acquired by nodename 10701@pr-hdds-1569-g6sp5-2013761785
2019-09-26 21:18:50,635 [9ce0b59e-153f-4f41-8aed-492a76d80b48@group-14D57127194E:LeaderElection40] INFO  impl.LeaderElection (LeaderElection.java:askForVotes(182)) - 9ce0b59e-153f-4f41-8aed-492a76d80b48@group-14D57127194E:LeaderElection40: begin an election at term 1 for -1: [9ce0b59e-153f-4f41-8aed-492a76d80b48:192.168.151.99:34156], old=null
2019-09-26 21:18:50,635 [9ce0b59e-153f-4f41-8aed-492a76d80b48@group-14D57127194E:LeaderElection40] INFO  impl.RoleInfo (RoleInfo.java:shutdownLeaderElection(134)) - 9ce0b59e-153f-4f41-8aed-492a76d80b48: shutdown LeaderElection
2019-09-26 21:18:50,635 [9ce0b59e-153f-4f41-8aed-492a76d80b48@group-14D57127194E:LeaderElection40] INFO  impl.RaftServerImpl (RaftServerImpl.java:setRole(174)) - 9ce0b59e-153f-4f41-8aed-492a76d80b48@group-14D57127194E: changes role from CANDIDATE to LEADER at term 1 for changeToLeader
2019-09-26 21:18:50,636 [9ce0b59e-153f-4f41-8aed-492a76d80b48@group-14D57127194E:LeaderElection40] INFO  impl.RaftServerImpl (ServerState.java:setLeader(253)) - 9ce0b59e-153f-4f41-8aed-492a76d80b48@group-14D57127194E: change Leader from null to 9ce0b59e-153f-4f41-8aed-492a76d80b48 at term 1 for becomeLeader, leader elected after 5219ms
2019-09-26 21:18:50,636 [9ce0b59e-153f-4f41-8aed-492a76d80b48@group-14D57127194E:LeaderElection40] INFO  server.RaftServerConfigKeys (ConfUtils.java:logGet(43)) - raft.server.staging.catchup.gap = 1000 (default)
2019-09-26 21:18:50,636 [9ce0b59e-153f-4f41-8aed-492a76d80b48@group-14D57127194E:LeaderElection40] INFO  server.RaftServerConfigKeys (ConfUtils.java:logGet(43)) - raft.server.rpc.sleep.time = 25ms (default)
2019-09-26 21:18:50,636 [9ce0b59e-153f-4f41-8aed-492a76d80b48@group-14D57127194E:LeaderElection40] INFO  server.RaftServerConfigKeys (ConfUtils.java:logGet(43)) - raft.server.write.element-limit = 4096 (default)
2019-09-26 21:18:50,636 [9ce0b59e-153f-4f41-8aed-492a76d80b48@group-14D57127194E:LeaderElection40] INFO  server.RaftServerConfigKeys (ConfUtils.java:logGet(43)) - raft.server.watch.timeout = 10s (default)
2019-09-26 21:18:50,636 [9ce0b59e-153f-4f41-8aed-492a76d80b48@group-14D57127194E:LeaderElection40] INFO  server.RaftServerConfigKeys (ConfUtils.java:logGet(43)) - raft.server.watch.timeout.denomination = 1s (default)
2019-09-26 21:18:50,637 [9ce0b59e-153f-4f41-8aed-492a76d80b48@group-14D57127194E:LeaderElection40] INFO  server.RaftServerConfigKeys (ConfUtils.java:logGet(43)) - raft.server.watch.element-limit = 65536 (default)
2019-09-26 21:18:50,638 [9ce0b59e-153f-4f41-8aed-492a76d80b48@group-14D57127194E:LeaderElection40] INFO  impl.RoleInfo (RoleInfo.java:updateAndGet(143)) - 9ce0b59e-153f-4f41-8aed-492a76d80b48: start LeaderState
2019-09-26 21:18:50,639 [9ce0b59e-153f-4f41-8aed-492a76d80b48@group-14D57127194E:LeaderElection40] INFO  segmented.SegmentedRaftLogWorker (SegmentedRaftLogWorker.java:startLogSegment(380)) - 9ce0b59e-153f-4f41-8aed-492a76d80b48@group-14D57127194E-SegmentedRaftLogWorker: Starting segment from index:0
2019-09-26 21:18:50,639 [9ce0b59e-153f-4f41-8aed-492a76d80b48@group-14D57127194E:LeaderElection40] INFO  impl.RaftServerImpl (ServerState.java:setRaftConf(354)) - 9ce0b59e-153f-4f41-8aed-492a76d80b48@group-14D57127194E: set configuration 0: [9ce0b59e-153f-4f41-8aed-492a76d80b48:192.168.151.99:34156], old=null at 0
2019-09-26 21:18:50,675 [pool-47-thread-1] INFO  storage.RaftStorage (RaftStorage.java:format(72)) - Storage directory /workdir/hadoop-ozone/ozonefs/target/test-dir/MiniOzoneClusterImpl-5b64906c-d720-4906-b30c-b6d56a2122fd/datanode-2/data/ratis/84be5ca6-bf7c-4466-839f-c15524de485d has been successfully formatted.
2019-09-26 21:18:50,675 [pool-47-thread-1] INFO  ratis.ContainerStateMachine (ContainerStateMachine.java:loadSnapshot(230)) - group-C15524DE485D: The snapshot info is null. Setting the last applied indexto:(t:0, i:~)
2019-09-26 21:18:50,676 [pool-47-thread-1] INFO  server.RaftServerConfigKeys (ConfUtils.java:logGet(43)) - raft.server.notification.no-leader.timeout = 120s (custom)
2019-09-26 21:18:50,676 [pool-47-thread-1] INFO  server.RaftServerConfigKeys (ConfUtils.java:logGet(43)) - raft.server.log.use.memory = false (default)
2019-09-26 21:18:50,676 [pool-47-thread-1] INFO  server.RaftServerConfigKeys (ConfUtils.java:logGet(43)) - raft.server.log.purge.gap = 1000000 (custom)
2019-09-26 21:18:50,676 [pool-47-thread-1] INFO  server.RaftServerConfigKeys (ConfUtils.java:logGet(43)) - raft.server.log.appender.buffer.byte-limit = 33554432 (custom)
2019-09-26 21:18:50,676 [pool-47-thread-1] INFO  server.RaftServerConfigKeys (ConfUtils.java:logGet(43)) - raft.server.log.segment.size.max = 1048576 (custom)
2019-09-26 21:18:50,677 [pool-47-thread-1] INFO  server.RaftServerConfigKeys (ConfUtils.java:logGet(43)) - raft.server.log.segment.cache.num.max = 2 (custom)
2019-09-26 21:18:50,677 [pool-47-thread-1] INFO  segmented.SegmentedRaftLogWorker (SegmentedRaftLogWorker.java:<init>(172)) - new 09112efe-1fad-4539-a04f-c96aef6d2351@group-C15524DE485D-SegmentedRaftLogWorker for RaftStorage:Storage Directory /workdir/hadoop-ozone/ozonefs/target/test-dir/MiniOzoneClusterImpl-5b64906c-d720-4906-b30c-b6d56a2122fd/datanode-2/data/ratis/84be5ca6-bf7c-4466-839f-c15524de485d
2019-09-26 21:18:50,677 [pool-47-thread-1] INFO  server.RaftServerConfigKeys (ConfUtils.java:logGet(43)) - raft.server.log.queue.byte-limit = 2147483647 (custom)
2019-09-26 21:18:50,677 [pool-47-thread-1] INFO  server.RaftServerConfigKeys (ConfUtils.java:logGet(43)) - raft.server.log.queue.element-limit = 1024 (custom)
2019-09-26 21:18:50,677 [pool-47-thread-1] INFO  server.RaftServerConfigKeys (ConfUtils.java:logGet(43)) - raft.server.log.segment.size.max = 1048576 (custom)
2019-09-26 21:18:50,677 [pool-47-thread-1] INFO  server.RaftServerConfigKeys (ConfUtils.java:logGet(43)) - raft.server.log.preallocated.size = 16384 (custom)
2019-09-26 21:18:50,678 [pool-47-thread-1] INFO  server.RaftServerConfigKeys (ConfUtils.java:logGet(43)) - raft.server.log.write.buffer.size = 33554432 (custom)
2019-09-26 21:18:50,678 [pool-47-thread-1] INFO  server.RaftServerConfigKeys (ConfUtils.java:logGet(43)) - raft.server.log.force.sync.num = 128 (default)
2019-09-26 21:18:50,678 [pool-47-thread-1] INFO  server.RaftServerConfigKeys (ConfUtils.java:logGet(43)) - raft.server.log.statemachine.data.sync = true (default)
2019-09-26 21:18:50,678 [pool-47-thread-1] INFO  server.RaftServerConfigKeys (ConfUtils.java:logGet(43)) - raft.server.log.statemachine.data.sync.timeout = 10s (default)
2019-09-26 21:18:50,678 [pool-47-thread-1] INFO  server.RaftServerConfigKeys (ConfUtils.java:logGet(43)) - raft.server.log.statemachine.data.sync.timeout.retry = -1 (default)
2019-09-26 21:18:50,678 [pool-47-thread-1] INFO  server.RaftServerConfigKeys (ConfUtils.java:logGet(43)) - raft.server.log.statemachine.data.caching.enabled = true (custom)
2019-09-26 21:18:50,679 [pool-47-thread-1] INFO  segmented.SegmentedRaftLogWorker (SegmentedRaftLogWorker.java:lambda$new$0(132)) - 09112efe-1fad-4539-a04f-c96aef6d2351@group-C15524DE485D-SegmentedRaftLogWorker: flushIndex: setUnconditionally 0 -> -1
2019-09-26 21:18:50,679 [pool-47-thread-1] INFO  server.RaftServerConfigKeys (ConfUtils.java:logGet(43)) - raft.server.snapshot.auto.trigger.enabled = true (custom)
2019-09-26 21:18:50,679 [pool-47-thread-1] INFO  server.RaftServerConfigKeys (ConfUtils.java:logGet(43)) - raft.server.snapshot.auto.trigger.threshold = 10000 (custom)
2019-09-26 21:18:50,679 [pool-47-thread-1] INFO  server.RaftServerConfigKeys (ConfUtils.java:logGet(43)) - raft.server.snapshot.retention.num.files = 5 (custom)
2019-09-26 21:18:50,680 [pool-47-thread-1] INFO  server.RaftServerConfigKeys (ConfUtils.java:logGet(43)) - raft.server.retrycache.expirytime = 600000ms (custom)
2019-09-26 21:18:50,682 [pool-47-thread-1] INFO  impl.RaftServerImpl (RaftServerImpl.java:start(185)) - 09112efe-1fad-4539-a04f-c96aef6d2351@group-C15524DE485D: start as a follower, conf=-1: [09112efe-1fad-4539-a04f-c96aef6d2351:192.168.151.99:45286], old=null
2019-09-26 21:18:50,682 [pool-47-thread-1] INFO  impl.RaftServerImpl (RaftServerImpl.java:setRole(174)) - 09112efe-1fad-4539-a04f-c96aef6d2351@group-C15524DE485D: changes role from      null to FOLLOWER at term 0 for startAsFollower
2019-09-26 21:18:50,682 [pool-47-thread-1] INFO  impl.RoleInfo (RoleInfo.java:updateAndGet(143)) - 09112efe-1fad-4539-a04f-c96aef6d2351: start FollowerState
2019-09-26 21:18:50,682 [pool-47-thread-1] INFO  util.JmxRegister (JmxRegister.java:tryRegister(44)) - Successfully registered JMX Bean with object name Ratis:service=RaftServer,group=group-C15524DE485D,id=09112efe-1fad-4539-a04f-c96aef6d2351
2019-09-26 21:18:50,686 [RatisPipelineUtilsThread] INFO  pipeline.PipelineStateManager (PipelineStateManager.java:addPipeline(56)) - Created pipeline Pipeline[ Id: 84be5ca6-bf7c-4466-839f-c15524de485d, Nodes: 09112efe-1fad-4539-a04f-c96aef6d2351{ip: 192.168.151.99, host: pr-hdds-1569-g6sp5-2013761785, networkLocation: /default-rack, certSerialId: null}, Type:RATIS, Factor:ONE, State:OPEN]
2019-09-26 21:18:50,687 [9ce0b59e-153f-4f41-8aed-492a76d80b48@group-14D57127194E-SegmentedRaftLogWorker] INFO  segmented.SegmentedRaftLogWorker (SegmentedRaftLogWorker.java:execute(569)) - 9ce0b59e-153f-4f41-8aed-492a76d80b48@group-14D57127194E-SegmentedRaftLogWorker: created new log segment /workdir/hadoop-ozone/ozonefs/target/test-dir/MiniOzoneClusterImpl-5b64906c-d720-4906-b30c-b6d56a2122fd/datanode-0/data/ratis/d6bd0027-51a2-41ff-970f-14d57127194e/current/log_inprogress_0
2019-09-26 21:18:50,691 [grpc-default-executor-1] INFO  impl.RaftServerProxy (RaftServerProxy.java:addNew(89)) - 9ce0b59e-153f-4f41-8aed-492a76d80b48: addNew group-543D5ED6ABE1:[9ce0b59e-153f-4f41-8aed-492a76d80b48:192.168.151.99:34156] returns group-543D5ED6ABE1:java.util.concurrent.CompletableFuture@78d1c12b[Not completed]
2019-09-26 21:18:50,693 [pool-27-thread-1] INFO  impl.RaftServerImpl (RaftServerImpl.java:<init>(95)) - 9ce0b59e-153f-4f41-8aed-492a76d80b48: new RaftServerImpl for group-543D5ED6ABE1:[9ce0b59e-153f-4f41-8aed-492a76d80b48:192.168.151.99:34156] with ContainerStateMachine:uninitialized
2019-09-26 21:18:50,694 [pool-27-thread-1] INFO  server.RaftServerConfigKeys (ConfUtils.java:logGet(43)) - raft.server.rpc.timeout.min = 5s (custom)
2019-09-26 21:18:50,694 [pool-27-thread-1] INFO  server.RaftServerConfigKeys (ConfUtils.java:logGet(43)) - raft.server.rpc.timeout.max = 5200ms (custom)
2019-09-26 21:18:50,694 [pool-27-thread-1] INFO  server.RaftServerConfigKeys (ConfUtils.java:logGet(43)) - raft.server.rpcslowness.timeout = 120s (custom)
2019-09-26 21:18:50,694 [pool-27-thread-1] INFO  server.RaftServerConfigKeys (ConfUtils.java:logGet(43)) - raft.server.sleep.deviation.threshold = 300 (default)
2019-09-26 21:18:50,694 [pool-27-thread-1] INFO  server.RaftServerConfigKeys (ConfUtils.java:logGet(43)) - raft.server.log.appender.install.snapshot.enabled = false (custom)
2019-09-26 21:18:50,694 [pool-27-thread-1] INFO  impl.RaftServerImpl (ServerState.java:<init>(103)) - 9ce0b59e-153f-4f41-8aed-492a76d80b48@group-543D5ED6ABE1: ConfigurationManager, init=-1: [9ce0b59e-153f-4f41-8aed-492a76d80b48:192.168.151.99:34156], old=null, confs=<EMPTY_MAP>
2019-09-26 21:18:50,695 [pool-27-thread-1] INFO  server.RaftServerConfigKeys (ConfUtils.java:logGet(43)) - raft.server.storage.dir = [/workdir/hadoop-ozone/ozonefs/target/test-dir/MiniOzoneClusterImpl-5b64906c-d720-4906-b30c-b6d56a2122fd/datanode-0/data/ratis] (custom)
2019-09-26 21:18:50,695 [pool-27-thread-1] INFO  storage.RaftStorageDirectory (RaftStorageDirectory.java:analyzeStorage(246)) - The storage directory /workdir/hadoop-ozone/ozonefs/target/test-dir/MiniOzoneClusterImpl-5b64906c-d720-4906-b30c-b6d56a2122fd/datanode-0/data/ratis/493f8e40-ec9d-4373-a074-543d5ed6abe1 does not exist. Creating ...
2019-09-26 21:18:50,700 [pool-27-thread-1] INFO  storage.RaftStorageDirectory (RaftStorageDirectory.java:tryLock(328)) - Lock on /workdir/hadoop-ozone/ozonefs/target/test-dir/MiniOzoneClusterImpl-5b64906c-d720-4906-b30c-b6d56a2122fd/datanode-0/data/ratis/493f8e40-ec9d-4373-a074-543d5ed6abe1/in_use.lock acquired by nodename 10701@pr-hdds-1569-g6sp5-2013761785
2019-09-26 21:18:50,714 [pool-27-thread-1] INFO  storage.RaftStorage (RaftStorage.java:format(72)) - Storage directory /workdir/hadoop-ozone/ozonefs/target/test-dir/MiniOzoneClusterImpl-5b64906c-d720-4906-b30c-b6d56a2122fd/datanode-0/data/ratis/493f8e40-ec9d-4373-a074-543d5ed6abe1 has been successfully formatted.
2019-09-26 21:18:50,714 [pool-27-thread-1] INFO  ratis.ContainerStateMachine (ContainerStateMachine.java:loadSnapshot(230)) - group-543D5ED6ABE1: The snapshot info is null. Setting the last applied indexto:(t:0, i:~)
2019-09-26 21:18:50,714 [pool-27-thread-1] INFO  server.RaftServerConfigKeys (ConfUtils.java:logGet(43)) - raft.server.notification.no-leader.timeout = 120s (custom)
2019-09-26 21:18:50,714 [pool-27-thread-1] INFO  server.RaftServerConfigKeys (ConfUtils.java:logGet(43)) - raft.server.log.use.memory = false (default)
2019-09-26 21:18:50,714 [pool-27-thread-1] INFO  server.RaftServerConfigKeys (ConfUtils.java:logGet(43)) - raft.server.log.purge.gap = 1000000 (custom)
2019-09-26 21:18:50,715 [pool-27-thread-1] INFO  server.RaftServerConfigKeys (ConfUtils.java:logGet(43)) - raft.server.log.appender.buffer.byte-limit = 33554432 (custom)
2019-09-26 21:18:50,715 [pool-27-thread-1] INFO  server.RaftServerConfigKeys (ConfUtils.java:logGet(43)) - raft.server.log.segment.size.max = 1048576 (custom)
2019-09-26 21:18:50,715 [pool-27-thread-1] INFO  server.RaftServerConfigKeys (ConfUtils.java:logGet(43)) - raft.server.log.segment.cache.num.max = 2 (custom)
2019-09-26 21:18:50,715 [pool-27-thread-1] INFO  segmented.SegmentedRaftLogWorker (SegmentedRaftLogWorker.java:<init>(172)) - new 9ce0b59e-153f-4f41-8aed-492a76d80b48@group-543D5ED6ABE1-SegmentedRaftLogWorker for RaftStorage:Storage Directory /workdir/hadoop-ozone/ozonefs/target/test-dir/MiniOzoneClusterImpl-5b64906c-d720-4906-b30c-b6d56a2122fd/datanode-0/data/ratis/493f8e40-ec9d-4373-a074-543d5ed6abe1
2019-09-26 21:18:50,715 [pool-27-thread-1] INFO  server.RaftServerConfigKeys (ConfUtils.java:logGet(43)) - raft.server.log.queue.byte-limit = 2147483647 (custom)
2019-09-26 21:18:50,715 [pool-27-thread-1] INFO  server.RaftServerConfigKeys (ConfUtils.java:logGet(43)) - raft.server.log.queue.element-limit = 1024 (custom)
2019-09-26 21:18:50,716 [pool-27-thread-1] INFO  server.RaftServerConfigKeys (ConfUtils.java:logGet(43)) - raft.server.log.segment.size.max = 1048576 (custom)
2019-09-26 21:18:50,716 [pool-27-thread-1] INFO  server.RaftServerConfigKeys (ConfUtils.java:logGet(43)) - raft.server.log.preallocated.size = 16384 (custom)
2019-09-26 21:18:50,716 [pool-27-thread-1] INFO  server.RaftServerConfigKeys (ConfUtils.java:logGet(43)) - raft.server.log.write.buffer.size = 33554432 (custom)
2019-09-26 21:18:50,716 [pool-27-thread-1] INFO  server.RaftServerConfigKeys (ConfUtils.java:logGet(43)) - raft.server.log.force.sync.num = 128 (default)
2019-09-26 21:18:50,716 [pool-27-thread-1] INFO  server.RaftServerConfigKeys (ConfUtils.java:logGet(43)) - raft.server.log.statemachine.data.sync = true (default)
2019-09-26 21:18:50,716 [pool-27-thread-1] INFO  server.RaftServerConfigKeys (ConfUtils.java:logGet(43)) - raft.server.log.statemachine.data.sync.timeout = 10s (default)
2019-09-26 21:18:50,716 [pool-27-thread-1] INFO  server.RaftServerConfigKeys (ConfUtils.java:logGet(43)) - raft.server.log.statemachine.data.sync.timeout.retry = -1 (default)
2019-09-26 21:18:50,717 [pool-27-thread-1] INFO  server.RaftServerConfigKeys (ConfUtils.java:logGet(43)) - raft.server.log.statemachine.data.caching.enabled = true (custom)
2019-09-26 21:18:50,717 [pool-27-thread-1] INFO  segmented.SegmentedRaftLogWorker (SegmentedRaftLogWorker.java:lambda$new$0(132)) - 9ce0b59e-153f-4f41-8aed-492a76d80b48@group-543D5ED6ABE1-SegmentedRaftLogWorker: flushIndex: setUnconditionally 0 -> -1
2019-09-26 21:18:50,717 [pool-27-thread-1] INFO  server.RaftServerConfigKeys (ConfUtils.java:logGet(43)) - raft.server.snapshot.auto.trigger.enabled = true (custom)
2019-09-26 21:18:50,718 [pool-27-thread-1] INFO  server.RaftServerConfigKeys (ConfUtils.java:logGet(43)) - raft.server.snapshot.auto.trigger.threshold = 10000 (custom)
2019-09-26 21:18:50,718 [pool-27-thread-1] INFO  server.RaftServerConfigKeys (ConfUtils.java:logGet(43)) - raft.server.snapshot.retention.num.files = 5 (custom)
2019-09-26 21:18:50,718 [pool-27-thread-1] INFO  server.RaftServerConfigKeys (ConfUtils.java:logGet(43)) - raft.server.retrycache.expirytime = 600000ms (custom)
2019-09-26 21:18:50,720 [pool-27-thread-1] INFO  impl.RaftServerImpl (RaftServerImpl.java:start(185)) - 9ce0b59e-153f-4f41-8aed-492a76d80b48@group-543D5ED6ABE1: start as a follower, conf=-1: [9ce0b59e-153f-4f41-8aed-492a76d80b48:192.168.151.99:34156], old=null
2019-09-26 21:18:50,721 [pool-27-thread-1] INFO  impl.RaftServerImpl (RaftServerImpl.java:setRole(174)) - 9ce0b59e-153f-4f41-8aed-492a76d80b48@group-543D5ED6ABE1: changes role from      null to FOLLOWER at term 0 for startAsFollower
2019-09-26 21:18:50,721 [pool-27-thread-1] INFO  impl.RoleInfo (RoleInfo.java:updateAndGet(143)) - 9ce0b59e-153f-4f41-8aed-492a76d80b48: start FollowerState
2019-09-26 21:18:50,721 [pool-27-thread-1] INFO  util.JmxRegister (JmxRegister.java:tryRegister(44)) - Successfully registered JMX Bean with object name Ratis:service=RaftServer,group=group-543D5ED6ABE1,id=9ce0b59e-153f-4f41-8aed-492a76d80b48
2019-09-26 21:18:50,724 [RatisPipelineUtilsThread] INFO  pipeline.PipelineStateManager (PipelineStateManager.java:addPipeline(56)) - Created pipeline Pipeline[ Id: 493f8e40-ec9d-4373-a074-543d5ed6abe1, Nodes: 9ce0b59e-153f-4f41-8aed-492a76d80b48{ip: 192.168.151.99, host: pr-hdds-1569-g6sp5-2013761785, networkLocation: /default-rack, certSerialId: null}, Type:RATIS, Factor:ONE, State:OPEN]
2019-09-26 21:18:50,729 [grpc-default-executor-1] INFO  impl.RaftServerProxy (RaftServerProxy.java:addNew(89)) - 9ce0b59e-153f-4f41-8aed-492a76d80b48: addNew group-D7AB65BEAEEF:[9ce0b59e-153f-4f41-8aed-492a76d80b48:192.168.151.99:34156] returns group-D7AB65BEAEEF:java.util.concurrent.CompletableFuture@246ce48d[Not completed]
2019-09-26 21:18:50,731 [pool-27-thread-1] INFO  impl.RaftServerImpl (RaftServerImpl.java:<init>(95)) - 9ce0b59e-153f-4f41-8aed-492a76d80b48: new RaftServerImpl for group-D7AB65BEAEEF:[9ce0b59e-153f-4f41-8aed-492a76d80b48:192.168.151.99:34156] with ContainerStateMachine:uninitialized
2019-09-26 21:18:50,731 [pool-27-thread-1] INFO  server.RaftServerConfigKeys (ConfUtils.java:logGet(43)) - raft.server.rpc.timeout.min = 5s (custom)
2019-09-26 21:18:50,731 [pool-27-thread-1] INFO  server.RaftServerConfigKeys (ConfUtils.java:logGet(43)) - raft.server.rpc.timeout.max = 5200ms (custom)
2019-09-26 21:18:50,731 [pool-27-thread-1] INFO  server.RaftServerConfigKeys (ConfUtils.java:logGet(43)) - raft.server.rpcslowness.timeout = 120s (custom)
2019-09-26 21:18:50,731 [pool-27-thread-1] INFO  server.RaftServerConfigKeys (ConfUtils.java:logGet(43)) - raft.server.sleep.deviation.threshold = 300 (default)
2019-09-26 21:18:50,731 [pool-27-thread-1] INFO  server.RaftServerConfigKeys (ConfUtils.java:logGet(43)) - raft.server.log.appender.install.snapshot.enabled = false (custom)
2019-09-26 21:18:50,732 [pool-27-thread-1] INFO  impl.RaftServerImpl (ServerState.java:<init>(103)) - 9ce0b59e-153f-4f41-8aed-492a76d80b48@group-D7AB65BEAEEF: ConfigurationManager, init=-1: [9ce0b59e-153f-4f41-8aed-492a76d80b48:192.168.151.99:34156], old=null, confs=<EMPTY_MAP>
2019-09-26 21:18:50,732 [pool-27-thread-1] INFO  server.RaftServerConfigKeys (ConfUtils.java:logGet(43)) - raft.server.storage.dir = [/workdir/hadoop-ozone/ozonefs/target/test-dir/MiniOzoneClusterImpl-5b64906c-d720-4906-b30c-b6d56a2122fd/datanode-0/data/ratis] (custom)
2019-09-26 21:18:50,732 [pool-27-thread-1] INFO  storage.RaftStorageDirectory (RaftStorageDirectory.java:analyzeStorage(246)) - The storage directory /workdir/hadoop-ozone/ozonefs/target/test-dir/MiniOzoneClusterImpl-5b64906c-d720-4906-b30c-b6d56a2122fd/datanode-0/data/ratis/3cf9bac8-14c3-41ff-b971-d7ab65beaeef does not exist. Creating ...
2019-09-26 21:18:50,735 [Thread-337] INFO  impl.FollowerState (FollowerState.java:run(106)) - 9ce0b59e-153f-4f41-8aed-492a76d80b48:group-693D0A4D3D34 changes to CANDIDATE, lastRpcTime:5166, electionTimeout:5166ms
2019-09-26 21:18:50,735 [Thread-337] INFO  impl.RoleInfo (RoleInfo.java:shutdownFollowerState(121)) - 9ce0b59e-153f-4f41-8aed-492a76d80b48: shutdown FollowerState
2019-09-26 21:18:50,735 [Thread-337] INFO  impl.RaftServerImpl (RaftServerImpl.java:setRole(174)) - 9ce0b59e-153f-4f41-8aed-492a76d80b48@group-693D0A4D3D34: changes role from  FOLLOWER to CANDIDATE at term 0 for changeToCandidate
2019-09-26 21:18:50,735 [Thread-337] INFO  impl.RoleInfo (RoleInfo.java:updateAndGet(143)) - 9ce0b59e-153f-4f41-8aed-492a76d80b48: start LeaderElection
2019-09-26 21:18:50,741 [pool-27-thread-1] INFO  storage.RaftStorageDirectory (RaftStorageDirectory.java:tryLock(328)) - Lock on /workdir/hadoop-ozone/ozonefs/target/test-dir/MiniOzoneClusterImpl-5b64906c-d720-4906-b30c-b6d56a2122fd/datanode-0/data/ratis/3cf9bac8-14c3-41ff-b971-d7ab65beaeef/in_use.lock acquired by nodename 10701@pr-hdds-1569-g6sp5-2013761785
2019-09-26 21:18:50,741 [9ce0b59e-153f-4f41-8aed-492a76d80b48@group-693D0A4D3D34:LeaderElection41] INFO  impl.LeaderElection (LeaderElection.java:askForVotes(182)) - 9ce0b59e-153f-4f41-8aed-492a76d80b48@group-693D0A4D3D34:LeaderElection41: begin an election at term 1 for -1: [9ce0b59e-153f-4f41-8aed-492a76d80b48:192.168.151.99:34156], old=null
2019-09-26 21:18:50,741 [9ce0b59e-153f-4f41-8aed-492a76d80b48@group-693D0A4D3D34:LeaderElection41] INFO  impl.RoleInfo (RoleInfo.java:shutdownLeaderElection(134)) - 9ce0b59e-153f-4f41-8aed-492a76d80b48: shutdown LeaderElection
2019-09-26 21:18:50,741 [9ce0b59e-153f-4f41-8aed-492a76d80b48@group-693D0A4D3D34:LeaderElection41] INFO  impl.RaftServerImpl (RaftServerImpl.java:setRole(174)) - 9ce0b59e-153f-4f41-8aed-492a76d80b48@group-693D0A4D3D34: changes role from CANDIDATE to LEADER at term 1 for changeToLeader
2019-09-26 21:18:50,741 [9ce0b59e-153f-4f41-8aed-492a76d80b48@group-693D0A4D3D34:LeaderElection41] INFO  impl.RaftServerImpl (ServerState.java:setLeader(253)) - 9ce0b59e-153f-4f41-8aed-492a76d80b48@group-693D0A4D3D34: change Leader from null to 9ce0b59e-153f-4f41-8aed-492a76d80b48 at term 1 for becomeLeader, leader elected after 5180ms
2019-09-26 21:18:50,742 [9ce0b59e-153f-4f41-8aed-492a76d80b48@group-693D0A4D3D34:LeaderElection41] INFO  server.RaftServerConfigKeys (ConfUtils.java:logGet(43)) - raft.server.staging.catchup.gap = 1000 (default)
2019-09-26 21:18:50,742 [9ce0b59e-153f-4f41-8aed-492a76d80b48@group-693D0A4D3D34:LeaderElection41] INFO  server.RaftServerConfigKeys (ConfUtils.java:logGet(43)) - raft.server.rpc.sleep.time = 25ms (default)
2019-09-26 21:18:50,742 [9ce0b59e-153f-4f41-8aed-492a76d80b48@group-693D0A4D3D34:LeaderElection41] INFO  server.RaftServerConfigKeys (ConfUtils.java:logGet(43)) - raft.server.write.element-limit = 4096 (default)
2019-09-26 21:18:50,742 [9ce0b59e-153f-4f41-8aed-492a76d80b48@group-693D0A4D3D34:LeaderElection41] INFO  server.RaftServerConfigKeys (ConfUtils.java:logGet(43)) - raft.server.watch.timeout = 10s (default)
2019-09-26 21:18:50,742 [9ce0b59e-153f-4f41-8aed-492a76d80b48@group-693D0A4D3D34:LeaderElection41] INFO  server.RaftServerConfigKeys (ConfUtils.java:logGet(43)) - raft.server.watch.timeout.denomination = 1s (default)
2019-09-26 21:18:50,743 [9ce0b59e-153f-4f41-8aed-492a76d80b48@group-693D0A4D3D34:LeaderElection41] INFO  server.RaftServerConfigKeys (ConfUtils.java:logGet(43)) - raft.server.watch.element-limit = 65536 (default)
2019-09-26 21:18:50,745 [9ce0b59e-153f-4f41-8aed-492a76d80b48@group-693D0A4D3D34:LeaderElection41] INFO  impl.RoleInfo (RoleInfo.java:updateAndGet(143)) - 9ce0b59e-153f-4f41-8aed-492a76d80b48: start LeaderState
2019-09-26 21:18:50,745 [9ce0b59e-153f-4f41-8aed-492a76d80b48@group-693D0A4D3D34:LeaderElection41] INFO  segmented.SegmentedRaftLogWorker (SegmentedRaftLogWorker.java:startLogSegment(380)) - 9ce0b59e-153f-4f41-8aed-492a76d80b48@group-693D0A4D3D34-SegmentedRaftLogWorker: Starting segment from index:0
2019-09-26 21:18:50,746 [9ce0b59e-153f-4f41-8aed-492a76d80b48@group-693D0A4D3D34:LeaderElection41] INFO  impl.RaftServerImpl (ServerState.java:setRaftConf(354)) - 9ce0b59e-153f-4f41-8aed-492a76d80b48@group-693D0A4D3D34: set configuration 0: [9ce0b59e-153f-4f41-8aed-492a76d80b48:192.168.151.99:34156], old=null at 0
2019-09-26 21:18:50,792 [Thread-340] INFO  impl.FollowerState (FollowerState.java:run(106)) - 9ce0b59e-153f-4f41-8aed-492a76d80b48:group-A3FA2A598FDD changes to CANDIDATE, lastRpcTime:5174, electionTimeout:5159ms
2019-09-26 21:18:50,792 [Thread-349] INFO  impl.FollowerState (FollowerState.java:run(106)) - da833d8d-e72a-4068-9560-4daa2d83adc2:group-8503FE4C4ED6 changes to CANDIDATE, lastRpcTime:5028, electionTimeout:5007ms
2019-09-26 21:18:50,792 [Thread-340] INFO  impl.RoleInfo (RoleInfo.java:shutdownFollowerState(121)) - 9ce0b59e-153f-4f41-8aed-492a76d80b48: shutdown FollowerState
2019-09-26 21:18:50,792 [pool-27-thread-1] INFO  storage.RaftStorage (RaftStorage.java:format(72)) - Storage directory /workdir/hadoop-ozone/ozonefs/target/test-dir/MiniOzoneClusterImpl-5b64906c-d720-4906-b30c-b6d56a2122fd/datanode-0/data/ratis/3cf9bac8-14c3-41ff-b971-d7ab65beaeef has been successfully formatted.
2019-09-26 21:18:50,792 [Thread-340] INFO  impl.RaftServerImpl (RaftServerImpl.java:setRole(174)) - 9ce0b59e-153f-4f41-8aed-492a76d80b48@group-A3FA2A598FDD: changes role from  FOLLOWER to CANDIDATE at term 0 for changeToCandidate
2019-09-26 21:18:50,792 [Thread-349] INFO  impl.RoleInfo (RoleInfo.java:shutdownFollowerState(121)) - da833d8d-e72a-4068-9560-4daa2d83adc2: shutdown FollowerState
2019-09-26 21:18:50,793 [Thread-340] INFO  impl.RoleInfo (RoleInfo.java:updateAndGet(143)) - 9ce0b59e-153f-4f41-8aed-492a76d80b48: start LeaderElection
2019-09-26 21:18:50,793 [pool-27-thread-1] INFO  ratis.ContainerStateMachine (ContainerStateMachine.java:loadSnapshot(230)) - group-D7AB65BEAEEF: The snapshot info is null. Setting the last applied indexto:(t:0, i:~)
2019-09-26 21:18:50,793 [Thread-349] INFO  impl.RaftServerImpl (RaftServerImpl.java:setRole(174)) - da833d8d-e72a-4068-9560-4daa2d83adc2@group-8503FE4C4ED6: changes role from  FOLLOWER to CANDIDATE at term 0 for changeToCandidate
2019-09-26 21:18:50,793 [pool-27-thread-1] INFO  server.RaftServerConfigKeys (ConfUtils.java:logGet(43)) - raft.server.notification.no-leader.timeout = 120s (custom)
2019-09-26 21:18:50,793 [Thread-349] INFO  impl.RoleInfo (RoleInfo.java:updateAndGet(143)) - da833d8d-e72a-4068-9560-4daa2d83adc2: start LeaderElection
2019-09-26 21:18:50,793 [pool-27-thread-1] INFO  server.RaftServerConfigKeys (ConfUtils.java:logGet(43)) - raft.server.log.use.memory = false (default)
2019-09-26 21:18:50,794 [pool-27-thread-1] INFO  server.RaftServerConfigKeys (ConfUtils.java:logGet(43)) - raft.server.log.purge.gap = 1000000 (custom)
2019-09-26 21:18:50,794 [pool-27-thread-1] INFO  server.RaftServerConfigKeys (ConfUtils.java:logGet(43)) - raft.server.log.appender.buffer.byte-limit = 33554432 (custom)
2019-09-26 21:18:50,794 [pool-27-thread-1] INFO  server.RaftServerConfigKeys (ConfUtils.java:logGet(43)) - raft.server.log.segment.size.max = 1048576 (custom)
2019-09-26 21:18:50,794 [pool-27-thread-1] INFO  server.RaftServerConfigKeys (ConfUtils.java:logGet(43)) - raft.server.log.segment.cache.num.max = 2 (custom)
2019-09-26 21:18:50,794 [pool-27-thread-1] INFO  segmented.SegmentedRaftLogWorker (SegmentedRaftLogWorker.java:<init>(172)) - new 9ce0b59e-153f-4f41-8aed-492a76d80b48@group-D7AB65BEAEEF-SegmentedRaftLogWorker for RaftStorage:Storage Directory /workdir/hadoop-ozone/ozonefs/target/test-dir/MiniOzoneClusterImpl-5b64906c-d720-4906-b30c-b6d56a2122fd/datanode-0/data/ratis/3cf9bac8-14c3-41ff-b971-d7ab65beaeef
2019-09-26 21:18:50,794 [pool-27-thread-1] INFO  server.RaftServerConfigKeys (ConfUtils.java:logGet(43)) - raft.server.log.queue.byte-limit = 2147483647 (custom)
2019-09-26 21:18:50,794 [pool-27-thread-1] INFO  server.RaftServerConfigKeys (ConfUtils.java:logGet(43)) - raft.server.log.queue.element-limit = 1024 (custom)
2019-09-26 21:18:50,795 [pool-27-thread-1] INFO  server.RaftServerConfigKeys (ConfUtils.java:logGet(43)) - raft.server.log.segment.size.max = 1048576 (custom)
2019-09-26 21:18:50,795 [pool-27-thread-1] INFO  server.RaftServerConfigKeys (ConfUtils.java:logGet(43)) - raft.server.log.preallocated.size = 16384 (custom)
2019-09-26 21:18:50,795 [pool-27-thread-1] INFO  server.RaftServerConfigKeys (ConfUtils.java:logGet(43)) - raft.server.log.write.buffer.size = 33554432 (custom)
2019-09-26 21:18:50,795 [pool-27-thread-1] INFO  server.RaftServerConfigKeys (ConfUtils.java:logGet(43)) - raft.server.log.force.sync.num = 128 (default)
2019-09-26 21:18:50,795 [pool-27-thread-1] INFO  server.RaftServerConfigKeys (ConfUtils.java:logGet(43)) - raft.server.log.statemachine.data.sync = true (default)
2019-09-26 21:18:50,795 [pool-27-thread-1] INFO  server.RaftServerConfigKeys (ConfUtils.java:logGet(43)) - raft.server.log.statemachine.data.sync.timeout = 10s (default)
2019-09-26 21:18:50,795 [pool-27-thread-1] INFO  server.RaftServerConfigKeys (ConfUtils.java:logGet(43)) - raft.server.log.statemachine.data.sync.timeout.retry = -1 (default)
2019-09-26 21:18:50,796 [pool-27-thread-1] INFO  server.RaftServerConfigKeys (ConfUtils.java:logGet(43)) - raft.server.log.statemachine.data.caching.enabled = true (custom)
2019-09-26 21:18:50,796 [pool-27-thread-1] INFO  segmented.SegmentedRaftLogWorker (SegmentedRaftLogWorker.java:lambda$new$0(132)) - 9ce0b59e-153f-4f41-8aed-492a76d80b48@group-D7AB65BEAEEF-SegmentedRaftLogWorker: flushIndex: setUnconditionally 0 -> -1
2019-09-26 21:18:50,796 [pool-27-thread-1] INFO  server.RaftServerConfigKeys (ConfUtils.java:logGet(43)) - raft.server.snapshot.auto.trigger.enabled = true (custom)
2019-09-26 21:18:50,796 [pool-27-thread-1] INFO  server.RaftServerConfigKeys (ConfUtils.java:logGet(43)) - raft.server.snapshot.auto.trigger.threshold = 10000 (custom)
2019-09-26 21:18:50,796 [pool-27-thread-1] INFO  server.RaftServerConfigKeys (ConfUtils.java:logGet(43)) - raft.server.snapshot.retention.num.files = 5 (custom)
2019-09-26 21:18:50,796 [pool-27-thread-1] INFO  server.RaftServerConfigKeys (ConfUtils.java:logGet(43)) - raft.server.retrycache.expirytime = 600000ms (custom)
2019-09-26 21:18:50,799 [pool-27-thread-1] INFO  impl.RaftServerImpl (RaftServerImpl.java:start(185)) - 9ce0b59e-153f-4f41-8aed-492a76d80b48@group-D7AB65BEAEEF: start as a follower, conf=-1: [9ce0b59e-153f-4f41-8aed-492a76d80b48:192.168.151.99:34156], old=null
2019-09-26 21:18:50,799 [pool-27-thread-1] INFO  impl.RaftServerImpl (RaftServerImpl.java:setRole(174)) - 9ce0b59e-153f-4f41-8aed-492a76d80b48@group-D7AB65BEAEEF: changes role from      null to FOLLOWER at term 0 for startAsFollower
2019-09-26 21:18:50,799 [pool-27-thread-1] INFO  impl.RoleInfo (RoleInfo.java:updateAndGet(143)) - 9ce0b59e-153f-4f41-8aed-492a76d80b48: start FollowerState
2019-09-26 21:18:50,799 [pool-27-thread-1] INFO  util.JmxRegister (JmxRegister.java:tryRegister(44)) - Successfully registered JMX Bean with object name Ratis:service=RaftServer,group=group-D7AB65BEAEEF,id=9ce0b59e-153f-4f41-8aed-492a76d80b48
2019-09-26 21:18:50,803 [RatisPipelineUtilsThread] INFO  pipeline.PipelineStateManager (PipelineStateManager.java:addPipeline(56)) - Created pipeline Pipeline[ Id: 3cf9bac8-14c3-41ff-b971-d7ab65beaeef, Nodes: 9ce0b59e-153f-4f41-8aed-492a76d80b48{ip: 192.168.151.99, host: pr-hdds-1569-g6sp5-2013761785, networkLocation: /default-rack, certSerialId: null}, Type:RATIS, Factor:ONE, State:OPEN]
2019-09-26 21:18:50,805 [9ce0b59e-153f-4f41-8aed-492a76d80b48@group-693D0A4D3D34-SegmentedRaftLogWorker] INFO  segmented.SegmentedRaftLogWorker (SegmentedRaftLogWorker.java:execute(569)) - 9ce0b59e-153f-4f41-8aed-492a76d80b48@group-693D0A4D3D34-SegmentedRaftLogWorker: created new log segment /workdir/hadoop-ozone/ozonefs/target/test-dir/MiniOzoneClusterImpl-5b64906c-d720-4906-b30c-b6d56a2122fd/datanode-0/data/ratis/1e768bed-5f0a-4d4b-899e-693d0a4d3d34/current/log_inprogress_0
2019-09-26 21:18:50,805 [da833d8d-e72a-4068-9560-4daa2d83adc2@group-8503FE4C4ED6:LeaderElection43] INFO  impl.LeaderElection (LeaderElection.java:askForVotes(182)) - da833d8d-e72a-4068-9560-4daa2d83adc2@group-8503FE4C4ED6:LeaderElection43: begin an election at term 1 for -1: [da833d8d-e72a-4068-9560-4daa2d83adc2:192.168.151.99:38903], old=null
2019-09-26 21:18:50,805 [9ce0b59e-153f-4f41-8aed-492a76d80b48@group-A3FA2A598FDD:LeaderElection42] INFO  impl.LeaderElection (LeaderElection.java:askForVotes(182)) - 9ce0b59e-153f-4f41-8aed-492a76d80b48@group-A3FA2A598FDD:LeaderElection42: begin an election at term 1 for -1: [9ce0b59e-153f-4f41-8aed-492a76d80b48:192.168.151.99:34156], old=null
2019-09-26 21:18:50,806 [da833d8d-e72a-4068-9560-4daa2d83adc2@group-8503FE4C4ED6:LeaderElection43] INFO  impl.RoleInfo (RoleInfo.java:shutdownLeaderElection(134)) - da833d8d-e72a-4068-9560-4daa2d83adc2: shutdown LeaderElection
2019-09-26 21:18:50,806 [9ce0b59e-153f-4f41-8aed-492a76d80b48@group-A3FA2A598FDD:LeaderElection42] INFO  impl.RoleInfo (RoleInfo.java:shutdownLeaderElection(134)) - 9ce0b59e-153f-4f41-8aed-492a76d80b48: shutdown LeaderElection
2019-09-26 21:18:50,806 [da833d8d-e72a-4068-9560-4daa2d83adc2@group-8503FE4C4ED6:LeaderElection43] INFO  impl.RaftServerImpl (RaftServerImpl.java:setRole(174)) - da833d8d-e72a-4068-9560-4daa2d83adc2@group-8503FE4C4ED6: changes role from CANDIDATE to LEADER at term 1 for changeToLeader
2019-09-26 21:18:50,806 [9ce0b59e-153f-4f41-8aed-492a76d80b48@group-A3FA2A598FDD:LeaderElection42] INFO  impl.RaftServerImpl (RaftServerImpl.java:setRole(174)) - 9ce0b59e-153f-4f41-8aed-492a76d80b48@group-A3FA2A598FDD: changes role from CANDIDATE to LEADER at term 1 for changeToLeader
2019-09-26 21:18:50,806 [da833d8d-e72a-4068-9560-4daa2d83adc2@group-8503FE4C4ED6:LeaderElection43] INFO  impl.RaftServerImpl (ServerState.java:setLeader(253)) - da833d8d-e72a-4068-9560-4daa2d83adc2@group-8503FE4C4ED6: change Leader from null to da833d8d-e72a-4068-9560-4daa2d83adc2 at term 1 for becomeLeader, leader elected after 5050ms
2019-09-26 21:18:50,806 [9ce0b59e-153f-4f41-8aed-492a76d80b48@group-A3FA2A598FDD:LeaderElection42] INFO  impl.RaftServerImpl (ServerState.java:setLeader(253)) - 9ce0b59e-153f-4f41-8aed-492a76d80b48@group-A3FA2A598FDD: change Leader from null to 9ce0b59e-153f-4f41-8aed-492a76d80b48 at term 1 for becomeLeader, leader elected after 5194ms
2019-09-26 21:18:50,806 [da833d8d-e72a-4068-9560-4daa2d83adc2@group-8503FE4C4ED6:LeaderElection43] INFO  server.RaftServerConfigKeys (ConfUtils.java:logGet(43)) - raft.server.staging.catchup.gap = 1000 (default)
2019-09-26 21:18:50,807 [9ce0b59e-153f-4f41-8aed-492a76d80b48@group-A3FA2A598FDD:LeaderElection42] INFO  server.RaftServerConfigKeys (ConfUtils.java:logGet(43)) - raft.server.staging.catchup.gap = 1000 (default)
2019-09-26 21:18:50,807 [da833d8d-e72a-4068-9560-4daa2d83adc2@group-8503FE4C4ED6:LeaderElection43] INFO  server.RaftServerConfigKeys (ConfUtils.java:logGet(43)) - raft.server.rpc.sleep.time = 25ms (default)
2019-09-26 21:18:50,807 [9ce0b59e-153f-4f41-8aed-492a76d80b48@group-A3FA2A598FDD:LeaderElection42] INFO  server.RaftServerConfigKeys (ConfUtils.java:logGet(43)) - raft.server.rpc.sleep.time = 25ms (default)
2019-09-26 21:18:50,807 [da833d8d-e72a-4068-9560-4daa2d83adc2@group-8503FE4C4ED6:LeaderElection43] INFO  server.RaftServerConfigKeys (ConfUtils.java:logGet(43)) - raft.server.write.element-limit = 4096 (default)
2019-09-26 21:18:50,807 [9ce0b59e-153f-4f41-8aed-492a76d80b48@group-A3FA2A598FDD:LeaderElection42] INFO  server.RaftServerConfigKeys (ConfUtils.java:logGet(43)) - raft.server.write.element-limit = 4096 (default)
2019-09-26 21:18:50,807 [da833d8d-e72a-4068-9560-4daa2d83adc2@group-8503FE4C4ED6:LeaderElection43] INFO  server.RaftServerConfigKeys (ConfUtils.java:logGet(43)) - raft.server.watch.timeout = 10s (default)
2019-09-26 21:18:50,807 [9ce0b59e-153f-4f41-8aed-492a76d80b48@group-A3FA2A598FDD:LeaderElection42] INFO  server.RaftServerConfigKeys (ConfUtils.java:logGet(43)) - raft.server.watch.timeout = 10s (default)
2019-09-26 21:18:50,808 [da833d8d-e72a-4068-9560-4daa2d83adc2@group-8503FE4C4ED6:LeaderElection43] INFO  server.RaftServerConfigKeys (ConfUtils.java:logGet(43)) - raft.server.watch.timeout.denomination = 1s (default)
2019-09-26 21:18:50,808 [9ce0b59e-153f-4f41-8aed-492a76d80b48@group-A3FA2A598FDD:LeaderElection42] INFO  server.RaftServerConfigKeys (ConfUtils.java:logGet(43)) - raft.server.watch.timeout.denomination = 1s (default)
2019-09-26 21:18:50,808 [da833d8d-e72a-4068-9560-4daa2d83adc2@group-8503FE4C4ED6:LeaderElection43] INFO  server.RaftServerConfigKeys (ConfUtils.java:logGet(43)) - raft.server.watch.element-limit = 65536 (default)
2019-09-26 21:18:50,808 [grpc-default-executor-1] INFO  impl.RaftServerProxy (RaftServerProxy.java:addNew(89)) - 1178c3ae-d0b4-4d44-b144-fe8504cc41ac: addNew group-04E8659F51F7:[1178c3ae-d0b4-4d44-b144-fe8504cc41ac:192.168.151.99:33787] returns group-04E8659F51F7:java.util.concurrent.CompletableFuture@71b3f49c[Not completed]
2019-09-26 21:18:50,808 [9ce0b59e-153f-4f41-8aed-492a76d80b48@group-A3FA2A598FDD:LeaderElection42] INFO  server.RaftServerConfigKeys (ConfUtils.java:logGet(43)) - raft.server.watch.element-limit = 65536 (default)
2019-09-26 21:18:50,810 [pool-37-thread-1] INFO  impl.RaftServerImpl (RaftServerImpl.java:<init>(95)) - 1178c3ae-d0b4-4d44-b144-fe8504cc41ac: new RaftServerImpl for group-04E8659F51F7:[1178c3ae-d0b4-4d44-b144-fe8504cc41ac:192.168.151.99:33787] with ContainerStateMachine:uninitialized
2019-09-26 21:18:50,810 [pool-37-thread-1] INFO  server.RaftServerConfigKeys (ConfUtils.java:logGet(43)) - raft.server.rpc.timeout.min = 5s (custom)
2019-09-26 21:18:50,810 [pool-37-thread-1] INFO  server.RaftServerConfigKeys (ConfUtils.java:logGet(43)) - raft.server.rpc.timeout.max = 5200ms (custom)
2019-09-26 21:18:50,811 [pool-37-thread-1] INFO  server.RaftServerConfigKeys (ConfUtils.java:logGet(43)) - raft.server.rpcslowness.timeout = 120s (custom)
2019-09-26 21:18:50,811 [pool-37-thread-1] INFO  server.RaftServerConfigKeys (ConfUtils.java:logGet(43)) - raft.server.sleep.deviation.threshold = 300 (default)
2019-09-26 21:18:50,811 [pool-37-thread-1] INFO  server.RaftServerConfigKeys (ConfUtils.java:logGet(43)) - raft.server.log.appender.install.snapshot.enabled = false (custom)
2019-09-26 21:18:50,811 [pool-37-thread-1] INFO  impl.RaftServerImpl (ServerState.java:<init>(103)) - 1178c3ae-d0b4-4d44-b144-fe8504cc41ac@group-04E8659F51F7: ConfigurationManager, init=-1: [1178c3ae-d0b4-4d44-b144-fe8504cc41ac:192.168.151.99:33787], old=null, confs=<EMPTY_MAP>
2019-09-26 21:18:50,811 [pool-37-thread-1] INFO  server.RaftServerConfigKeys (ConfUtils.java:logGet(43)) - raft.server.storage.dir = [/workdir/hadoop-ozone/ozonefs/target/test-dir/MiniOzoneClusterImpl-5b64906c-d720-4906-b30c-b6d56a2122fd/datanode-1/data/ratis] (custom)
2019-09-26 21:18:50,811 [da833d8d-e72a-4068-9560-4daa2d83adc2@group-8503FE4C4ED6:LeaderElection43] INFO  impl.RoleInfo (RoleInfo.java:updateAndGet(143)) - da833d8d-e72a-4068-9560-4daa2d83adc2: start LeaderState
2019-09-26 21:18:50,811 [9ce0b59e-153f-4f41-8aed-492a76d80b48@group-A3FA2A598FDD:LeaderElection42] INFO  impl.RoleInfo (RoleInfo.java:updateAndGet(143)) - 9ce0b59e-153f-4f41-8aed-492a76d80b48: start LeaderState
2019-09-26 21:18:50,812 [da833d8d-e72a-4068-9560-4daa2d83adc2@group-8503FE4C4ED6:LeaderElection43] INFO  segmented.SegmentedRaftLogWorker (SegmentedRaftLogWorker.java:startLogSegment(380)) - da833d8d-e72a-4068-9560-4daa2d83adc2@group-8503FE4C4ED6-SegmentedRaftLogWorker: Starting segment from index:0
2019-09-26 21:18:50,812 [pool-37-thread-1] INFO  storage.RaftStorageDirectory (RaftStorageDirectory.java:analyzeStorage(246)) - The storage directory /workdir/hadoop-ozone/ozonefs/target/test-dir/MiniOzoneClusterImpl-5b64906c-d720-4906-b30c-b6d56a2122fd/datanode-1/data/ratis/2766e4fd-08d7-4328-bed6-04e8659f51f7 does not exist. Creating ...
2019-09-26 21:18:50,812 [9ce0b59e-153f-4f41-8aed-492a76d80b48@group-A3FA2A598FDD:LeaderElection42] INFO  segmented.SegmentedRaftLogWorker (SegmentedRaftLogWorker.java:startLogSegment(380)) - 9ce0b59e-153f-4f41-8aed-492a76d80b48@group-A3FA2A598FDD-SegmentedRaftLogWorker: Starting segment from index:0
2019-09-26 21:18:50,812 [da833d8d-e72a-4068-9560-4daa2d83adc2@group-8503FE4C4ED6:LeaderElection43] INFO  impl.RaftServerImpl (ServerState.java:setRaftConf(354)) - da833d8d-e72a-4068-9560-4daa2d83adc2@group-8503FE4C4ED6: set configuration 0: [da833d8d-e72a-4068-9560-4daa2d83adc2:192.168.151.99:38903], old=null at 0
2019-09-26 21:18:50,813 [9ce0b59e-153f-4f41-8aed-492a76d80b48@group-A3FA2A598FDD:LeaderElection42] INFO  impl.RaftServerImpl (ServerState.java:setRaftConf(354)) - 9ce0b59e-153f-4f41-8aed-492a76d80b48@group-A3FA2A598FDD: set configuration 0: [9ce0b59e-153f-4f41-8aed-492a76d80b48:192.168.151.99:34156], old=null at 0
2019-09-26 21:18:50,825 [pool-37-thread-1] INFO  storage.RaftStorageDirectory (RaftStorageDirectory.java:tryLock(328)) - Lock on /workdir/hadoop-ozone/ozonefs/target/test-dir/MiniOzoneClusterImpl-5b64906c-d720-4906-b30c-b6d56a2122fd/datanode-1/data/ratis/2766e4fd-08d7-4328-bed6-04e8659f51f7/in_use.lock acquired by nodename 10701@pr-hdds-1569-g6sp5-2013761785
2019-09-26 21:18:50,833 [Thread-343] INFO  impl.FollowerState (FollowerState.java:run(106)) - 1178c3ae-d0b4-4d44-b144-fe8504cc41ac:group-9C464044730D changes to CANDIDATE, lastRpcTime:5167, electionTimeout:5167ms
2019-09-26 21:18:50,833 [Thread-343] INFO  impl.RoleInfo (RoleInfo.java:shutdownFollowerState(121)) - 1178c3ae-d0b4-4d44-b144-fe8504cc41ac: shutdown FollowerState
2019-09-26 21:18:50,833 [Thread-343] INFO  impl.RaftServerImpl (RaftServerImpl.java:setRole(174)) - 1178c3ae-d0b4-4d44-b144-fe8504cc41ac@group-9C464044730D: changes role from  FOLLOWER to CANDIDATE at term 0 for changeToCandidate
2019-09-26 21:18:50,834 [Thread-343] INFO  impl.RoleInfo (RoleInfo.java:updateAndGet(143)) - 1178c3ae-d0b4-4d44-b144-fe8504cc41ac: start LeaderElection
2019-09-26 21:18:50,839 [pool-37-thread-1] INFO  storage.RaftStorage (RaftStorage.java:format(72)) - Storage directory /workdir/hadoop-ozone/ozonefs/target/test-dir/MiniOzoneClusterImpl-5b64906c-d720-4906-b30c-b6d56a2122fd/datanode-1/data/ratis/2766e4fd-08d7-4328-bed6-04e8659f51f7 has been successfully formatted.
2019-09-26 21:18:50,839 [1178c3ae-d0b4-4d44-b144-fe8504cc41ac@group-9C464044730D:LeaderElection44] INFO  impl.LeaderElection (LeaderElection.java:askForVotes(182)) - 1178c3ae-d0b4-4d44-b144-fe8504cc41ac@group-9C464044730D:LeaderElection44: begin an election at term 1 for -1: [1178c3ae-d0b4-4d44-b144-fe8504cc41ac:192.168.151.99:33787], old=null
2019-09-26 21:18:50,839 [pool-37-thread-1] INFO  ratis.ContainerStateMachine (ContainerStateMachine.java:loadSnapshot(230)) - group-04E8659F51F7: The snapshot info is null. Setting the last applied indexto:(t:0, i:~)
2019-09-26 21:18:50,840 [1178c3ae-d0b4-4d44-b144-fe8504cc41ac@group-9C464044730D:LeaderElection44] INFO  impl.RoleInfo (RoleInfo.java:shutdownLeaderElection(134)) - 1178c3ae-d0b4-4d44-b144-fe8504cc41ac: shutdown LeaderElection
2019-09-26 21:18:50,840 [pool-37-thread-1] INFO  server.RaftServerConfigKeys (ConfUtils.java:logGet(43)) - raft.server.notification.no-leader.timeout = 120s (custom)
2019-09-26 21:18:50,840 [1178c3ae-d0b4-4d44-b144-fe8504cc41ac@group-9C464044730D:LeaderElection44] INFO  impl.RaftServerImpl (RaftServerImpl.java:setRole(174)) - 1178c3ae-d0b4-4d44-b144-fe8504cc41ac@group-9C464044730D: changes role from CANDIDATE to LEADER at term 1 for changeToLeader
2019-09-26 21:18:50,840 [pool-37-thread-1] INFO  server.RaftServerConfigKeys (ConfUtils.java:logGet(43)) - raft.server.log.use.memory = false (default)
2019-09-26 21:18:50,840 [1178c3ae-d0b4-4d44-b144-fe8504cc41ac@group-9C464044730D:LeaderElection44] INFO  impl.RaftServerImpl (ServerState.java:setLeader(253)) - 1178c3ae-d0b4-4d44-b144-fe8504cc41ac@group-9C464044730D: change Leader from null to 1178c3ae-d0b4-4d44-b144-fe8504cc41ac at term 1 for becomeLeader, leader elected after 5182ms
2019-09-26 21:18:50,840 [pool-37-thread-1] INFO  server.RaftServerConfigKeys (ConfUtils.java:logGet(43)) - raft.server.log.purge.gap = 1000000 (custom)
2019-09-26 21:18:50,840 [1178c3ae-d0b4-4d44-b144-fe8504cc41ac@group-9C464044730D:LeaderElection44] INFO  server.RaftServerConfigKeys (ConfUtils.java:logGet(43)) - raft.server.staging.catchup.gap = 1000 (default)
2019-09-26 21:18:50,840 [pool-37-thread-1] INFO  server.RaftServerConfigKeys (ConfUtils.java:logGet(43)) - raft.server.log.appender.buffer.byte-limit = 33554432 (custom)
2019-09-26 21:18:50,841 [1178c3ae-d0b4-4d44-b144-fe8504cc41ac@group-9C464044730D:LeaderElection44] INFO  server.RaftServerConfigKeys (ConfUtils.java:logGet(43)) - raft.server.rpc.sleep.time = 25ms (default)
2019-09-26 21:18:50,841 [pool-37-thread-1] INFO  server.RaftServerConfigKeys (ConfUtils.java:logGet(43)) - raft.server.log.segment.size.max = 1048576 (custom)
2019-09-26 21:18:50,841 [1178c3ae-d0b4-4d44-b144-fe8504cc41ac@group-9C464044730D:LeaderElection44] INFO  server.RaftServerConfigKeys (ConfUtils.java:logGet(43)) - raft.server.write.element-limit = 4096 (default)
2019-09-26 21:18:50,841 [pool-37-thread-1] INFO  server.RaftServerConfigKeys (ConfUtils.java:logGet(43)) - raft.server.log.segment.cache.num.max = 2 (custom)
2019-09-26 21:18:50,841 [1178c3ae-d0b4-4d44-b144-fe8504cc41ac@group-9C464044730D:LeaderElection44] INFO  server.RaftServerConfigKeys (ConfUtils.java:logGet(43)) - raft.server.watch.timeout = 10s (default)
2019-09-26 21:18:50,841 [pool-37-thread-1] INFO  segmented.SegmentedRaftLogWorker (SegmentedRaftLogWorker.java:<init>(172)) - new 1178c3ae-d0b4-4d44-b144-fe8504cc41ac@group-04E8659F51F7-SegmentedRaftLogWorker for RaftStorage:Storage Directory /workdir/hadoop-ozone/ozonefs/target/test-dir/MiniOzoneClusterImpl-5b64906c-d720-4906-b30c-b6d56a2122fd/datanode-1/data/ratis/2766e4fd-08d7-4328-bed6-04e8659f51f7
2019-09-26 21:18:50,841 [1178c3ae-d0b4-4d44-b144-fe8504cc41ac@group-9C464044730D:LeaderElection44] INFO  server.RaftServerConfigKeys (ConfUtils.java:logGet(43)) - raft.server.watch.timeout.denomination = 1s (default)
2019-09-26 21:18:50,842 [pool-37-thread-1] INFO  server.RaftServerConfigKeys (ConfUtils.java:logGet(43)) - raft.server.log.queue.byte-limit = 2147483647 (custom)
2019-09-26 21:18:50,842 [1178c3ae-d0b4-4d44-b144-fe8504cc41ac@group-9C464044730D:LeaderElection44] INFO  server.RaftServerConfigKeys (ConfUtils.java:logGet(43)) - raft.server.watch.element-limit = 65536 (default)
2019-09-26 21:18:50,842 [pool-37-thread-1] INFO  server.RaftServerConfigKeys (ConfUtils.java:logGet(43)) - raft.server.log.queue.element-limit = 1024 (custom)
2019-09-26 21:18:50,842 [pool-37-thread-1] INFO  server.RaftServerConfigKeys (ConfUtils.java:logGet(43)) - raft.server.log.segment.size.max = 1048576 (custom)
2019-09-26 21:18:50,842 [pool-37-thread-1] INFO  server.RaftServerConfigKeys (ConfUtils.java:logGet(43)) - raft.server.log.preallocated.size = 16384 (custom)
2019-09-26 21:18:50,842 [pool-37-thread-1] INFO  server.RaftServerConfigKeys (ConfUtils.java:logGet(43)) - raft.server.log.write.buffer.size = 33554432 (custom)
2019-09-26 21:18:50,843 [pool-37-thread-1] INFO  server.RaftServerConfigKeys (ConfUtils.java:logGet(43)) - raft.server.log.force.sync.num = 128 (default)
2019-09-26 21:18:50,843 [pool-37-thread-1] INFO  server.RaftServerConfigKeys (ConfUtils.java:logGet(43)) - raft.server.log.statemachine.data.sync = true (default)
2019-09-26 21:18:50,843 [pool-37-thread-1] INFO  server.RaftServerConfigKeys (ConfUtils.java:logGet(43)) - raft.server.log.statemachine.data.sync.timeout = 10s (default)
2019-09-26 21:18:50,843 [pool-37-thread-1] INFO  server.RaftServerConfigKeys (ConfUtils.java:logGet(43)) - raft.server.log.statemachine.data.sync.timeout.retry = -1 (default)
2019-09-26 21:18:50,843 [pool-37-thread-1] INFO  server.RaftServerConfigKeys (ConfUtils.java:logGet(43)) - raft.server.log.statemachine.data.caching.enabled = true (custom)
2019-09-26 21:18:50,844 [pool-37-thread-1] INFO  segmented.SegmentedRaftLogWorker (SegmentedRaftLogWorker.java:lambda$new$0(132)) - 1178c3ae-d0b4-4d44-b144-fe8504cc41ac@group-04E8659F51F7-SegmentedRaftLogWorker: flushIndex: setUnconditionally 0 -> -1
2019-09-26 21:18:50,844 [pool-37-thread-1] INFO  server.RaftServerConfigKeys (ConfUtils.java:logGet(43)) - raft.server.snapshot.auto.trigger.enabled = true (custom)
2019-09-26 21:18:50,844 [pool-37-thread-1] INFO  server.RaftServerConfigKeys (ConfUtils.java:logGet(43)) - raft.server.snapshot.auto.trigger.threshold = 10000 (custom)
2019-09-26 21:18:50,844 [pool-37-thread-1] INFO  server.RaftServerConfigKeys (ConfUtils.java:logGet(43)) - raft.server.snapshot.retention.num.files = 5 (custom)
2019-09-26 21:18:50,844 [pool-37-thread-1] INFO  server.RaftServerConfigKeys (ConfUtils.java:logGet(43)) - raft.server.retrycache.expirytime = 600000ms (custom)
2019-09-26 21:18:50,845 [1178c3ae-d0b4-4d44-b144-fe8504cc41ac@group-9C464044730D:LeaderElection44] INFO  impl.RoleInfo (RoleInfo.java:updateAndGet(143)) - 1178c3ae-d0b4-4d44-b144-fe8504cc41ac: start LeaderState
2019-09-26 21:18:50,845 [1178c3ae-d0b4-4d44-b144-fe8504cc41ac@group-9C464044730D:LeaderElection44] INFO  segmented.SegmentedRaftLogWorker (SegmentedRaftLogWorker.java:startLogSegment(380)) - 1178c3ae-d0b4-4d44-b144-fe8504cc41ac@group-9C464044730D-SegmentedRaftLogWorker: Starting segment from index:0
2019-09-26 21:18:50,846 [1178c3ae-d0b4-4d44-b144-fe8504cc41ac@group-9C464044730D:LeaderElection44] INFO  impl.RaftServerImpl (ServerState.java:setRaftConf(354)) - 1178c3ae-d0b4-4d44-b144-fe8504cc41ac@group-9C464044730D: set configuration 0: [1178c3ae-d0b4-4d44-b144-fe8504cc41ac:192.168.151.99:33787], old=null at 0
2019-09-26 21:18:50,847 [pool-37-thread-1] INFO  impl.RaftServerImpl (RaftServerImpl.java:start(185)) - 1178c3ae-d0b4-4d44-b144-fe8504cc41ac@group-04E8659F51F7: start as a follower, conf=-1: [1178c3ae-d0b4-4d44-b144-fe8504cc41ac:192.168.151.99:33787], old=null
2019-09-26 21:18:50,847 [pool-37-thread-1] INFO  impl.RaftServerImpl (RaftServerImpl.java:setRole(174)) - 1178c3ae-d0b4-4d44-b144-fe8504cc41ac@group-04E8659F51F7: changes role from      null to FOLLOWER at term 0 for startAsFollower
2019-09-26 21:18:50,847 [pool-37-thread-1] INFO  impl.RoleInfo (RoleInfo.java:updateAndGet(143)) - 1178c3ae-d0b4-4d44-b144-fe8504cc41ac: start FollowerState
2019-09-26 21:18:50,847 [pool-37-thread-1] INFO  util.JmxRegister (JmxRegister.java:tryRegister(44)) - Successfully registered JMX Bean with object name Ratis:service=RaftServer,group=group-04E8659F51F7,id=1178c3ae-d0b4-4d44-b144-fe8504cc41ac
2019-09-26 21:18:50,850 [RatisPipelineUtilsThread] INFO  pipeline.PipelineStateManager (PipelineStateManager.java:addPipeline(56)) - Created pipeline Pipeline[ Id: 2766e4fd-08d7-4328-bed6-04e8659f51f7, Nodes: 1178c3ae-d0b4-4d44-b144-fe8504cc41ac{ip: 192.168.151.99, host: pr-hdds-1569-g6sp5-2013761785, networkLocation: /default-rack, certSerialId: null}, Type:RATIS, Factor:ONE, State:OPEN]
2019-09-26 21:18:50,856 [grpc-default-executor-1] INFO  impl.RaftServerProxy (RaftServerProxy.java:addNew(89)) - 0c640f50-2bc9-49b6-b785-a27e3116e6ba: addNew group-0323BB0C2CB1:[0c640f50-2bc9-49b6-b785-a27e3116e6ba:192.168.151.99:42361] returns group-0323BB0C2CB1:java.util.concurrent.CompletableFuture@749b491f[Not completed]
2019-09-26 21:18:50,856 [da833d8d-e72a-4068-9560-4daa2d83adc2@group-8503FE4C4ED6-SegmentedRaftLogWorker] INFO  segmented.SegmentedRaftLogWorker (SegmentedRaftLogWorker.java:execute(569)) - da833d8d-e72a-4068-9560-4daa2d83adc2@group-8503FE4C4ED6-SegmentedRaftLogWorker: created new log segment /workdir/hadoop-ozone/ozonefs/target/test-dir/MiniOzoneClusterImpl-5b64906c-d720-4906-b30c-b6d56a2122fd/datanode-4/data/ratis/94e38f55-cec8-498f-8595-8503fe4c4ed6/current/log_inprogress_0
2019-09-26 21:18:50,856 [9ce0b59e-153f-4f41-8aed-492a76d80b48@group-A3FA2A598FDD-SegmentedRaftLogWorker] INFO  segmented.SegmentedRaftLogWorker (SegmentedRaftLogWorker.java:execute(569)) - 9ce0b59e-153f-4f41-8aed-492a76d80b48@group-A3FA2A598FDD-SegmentedRaftLogWorker: created new log segment /workdir/hadoop-ozone/ozonefs/target/test-dir/MiniOzoneClusterImpl-5b64906c-d720-4906-b30c-b6d56a2122fd/datanode-0/data/ratis/5872d7dc-766a-498b-865e-a3fa2a598fdd/current/log_inprogress_0
2019-09-26 21:18:50,858 [pool-57-thread-1] INFO  impl.RaftServerImpl (RaftServerImpl.java:<init>(95)) - 0c640f50-2bc9-49b6-b785-a27e3116e6ba: new RaftServerImpl for group-0323BB0C2CB1:[0c640f50-2bc9-49b6-b785-a27e3116e6ba:192.168.151.99:42361] with ContainerStateMachine:uninitialized
2019-09-26 21:18:50,858 [pool-57-thread-1] INFO  server.RaftServerConfigKeys (ConfUtils.java:logGet(43)) - raft.server.rpc.timeout.min = 5s (custom)
2019-09-26 21:18:50,858 [pool-57-thread-1] INFO  server.RaftServerConfigKeys (ConfUtils.java:logGet(43)) - raft.server.rpc.timeout.max = 5200ms (custom)
2019-09-26 21:18:50,858 [pool-57-thread-1] INFO  server.RaftServerConfigKeys (ConfUtils.java:logGet(43)) - raft.server.rpcslowness.timeout = 120s (custom)
2019-09-26 21:18:50,858 [pool-57-thread-1] INFO  server.RaftServerConfigKeys (ConfUtils.java:logGet(43)) - raft.server.sleep.deviation.threshold = 300 (default)
2019-09-26 21:18:50,858 [pool-57-thread-1] INFO  server.RaftServerConfigKeys (ConfUtils.java:logGet(43)) - raft.server.log.appender.install.snapshot.enabled = false (custom)
2019-09-26 21:18:50,859 [pool-57-thread-1] INFO  impl.RaftServerImpl (ServerState.java:<init>(103)) - 0c640f50-2bc9-49b6-b785-a27e3116e6ba@group-0323BB0C2CB1: ConfigurationManager, init=-1: [0c640f50-2bc9-49b6-b785-a27e3116e6ba:192.168.151.99:42361], old=null, confs=<EMPTY_MAP>
2019-09-26 21:18:50,859 [pool-57-thread-1] INFO  server.RaftServerConfigKeys (ConfUtils.java:logGet(43)) - raft.server.storage.dir = [/workdir/hadoop-ozone/ozonefs/target/test-dir/MiniOzoneClusterImpl-5b64906c-d720-4906-b30c-b6d56a2122fd/datanode-3/data/ratis] (custom)
2019-09-26 21:18:50,859 [pool-57-thread-1] INFO  storage.RaftStorageDirectory (RaftStorageDirectory.java:analyzeStorage(246)) - The storage directory /workdir/hadoop-ozone/ozonefs/target/test-dir/MiniOzoneClusterImpl-5b64906c-d720-4906-b30c-b6d56a2122fd/datanode-3/data/ratis/7410c408-4ebb-4346-b6a9-0323bb0c2cb1 does not exist. Creating ...
2019-09-26 21:18:50,877 [pool-57-thread-1] INFO  storage.RaftStorageDirectory (RaftStorageDirectory.java:tryLock(328)) - Lock on /workdir/hadoop-ozone/ozonefs/target/test-dir/MiniOzoneClusterImpl-5b64906c-d720-4906-b30c-b6d56a2122fd/datanode-3/data/ratis/7410c408-4ebb-4346-b6a9-0323bb0c2cb1/in_use.lock acquired by nodename 10701@pr-hdds-1569-g6sp5-2013761785
2019-09-26 21:18:50,877 [1178c3ae-d0b4-4d44-b144-fe8504cc41ac@group-9C464044730D-SegmentedRaftLogWorker] INFO  segmented.SegmentedRaftLogWorker (SegmentedRaftLogWorker.java:execute(569)) - 1178c3ae-d0b4-4d44-b144-fe8504cc41ac@group-9C464044730D-SegmentedRaftLogWorker: created new log segment /workdir/hadoop-ozone/ozonefs/target/test-dir/MiniOzoneClusterImpl-5b64906c-d720-4906-b30c-b6d56a2122fd/datanode-1/data/ratis/bb7f349e-d81d-432a-ac75-9c464044730d/current/log_inprogress_0
2019-09-26 21:18:50,891 [pool-57-thread-1] INFO  storage.RaftStorage (RaftStorage.java:format(72)) - Storage directory /workdir/hadoop-ozone/ozonefs/target/test-dir/MiniOzoneClusterImpl-5b64906c-d720-4906-b30c-b6d56a2122fd/datanode-3/data/ratis/7410c408-4ebb-4346-b6a9-0323bb0c2cb1 has been successfully formatted.
2019-09-26 21:18:50,891 [pool-57-thread-1] INFO  ratis.ContainerStateMachine (ContainerStateMachine.java:loadSnapshot(230)) - group-0323BB0C2CB1: The snapshot info is null. Setting the last applied indexto:(t:0, i:~)
2019-09-26 21:18:50,891 [pool-57-thread-1] INFO  server.RaftServerConfigKeys (ConfUtils.java:logGet(43)) - raft.server.notification.no-leader.timeout = 120s (custom)
2019-09-26 21:18:50,891 [pool-57-thread-1] INFO  server.RaftServerConfigKeys (ConfUtils.java:logGet(43)) - raft.server.log.use.memory = false (default)
2019-09-26 21:18:50,891 [pool-57-thread-1] INFO  server.RaftServerConfigKeys (ConfUtils.java:logGet(43)) - raft.server.log.purge.gap = 1000000 (custom)
2019-09-26 21:18:50,891 [pool-57-thread-1] INFO  server.RaftServerConfigKeys (ConfUtils.java:logGet(43)) - raft.server.log.appender.buffer.byte-limit = 33554432 (custom)
2019-09-26 21:18:50,892 [pool-57-thread-1] INFO  server.RaftServerConfigKeys (ConfUtils.java:logGet(43)) - raft.server.log.segment.size.max = 1048576 (custom)
2019-09-26 21:18:50,892 [pool-57-thread-1] INFO  server.RaftServerConfigKeys (ConfUtils.java:logGet(43)) - raft.server.log.segment.cache.num.max = 2 (custom)
2019-09-26 21:18:50,892 [pool-57-thread-1] INFO  segmented.SegmentedRaftLogWorker (SegmentedRaftLogWorker.java:<init>(172)) - new 0c640f50-2bc9-49b6-b785-a27e3116e6ba@group-0323BB0C2CB1-SegmentedRaftLogWorker for RaftStorage:Storage Directory /workdir/hadoop-ozone/ozonefs/target/test-dir/MiniOzoneClusterImpl-5b64906c-d720-4906-b30c-b6d56a2122fd/datanode-3/data/ratis/7410c408-4ebb-4346-b6a9-0323bb0c2cb1
2019-09-26 21:18:50,892 [pool-57-thread-1] INFO  server.RaftServerConfigKeys (ConfUtils.java:logGet(43)) - raft.server.log.queue.byte-limit = 2147483647 (custom)
2019-09-26 21:18:50,892 [pool-57-thread-1] INFO  server.RaftServerConfigKeys (ConfUtils.java:logGet(43)) - raft.server.log.queue.element-limit = 1024 (custom)
2019-09-26 21:18:50,892 [pool-57-thread-1] INFO  server.RaftServerConfigKeys (ConfUtils.java:logGet(43)) - raft.server.log.segment.size.max = 1048576 (custom)
2019-09-26 21:18:50,892 [pool-57-thread-1] INFO  server.RaftServerConfigKeys (ConfUtils.java:logGet(43)) - raft.server.log.preallocated.size = 16384 (custom)
2019-09-26 21:18:50,892 [pool-57-thread-1] INFO  server.RaftServerConfigKeys (ConfUtils.java:logGet(43)) - raft.server.log.write.buffer.size = 33554432 (custom)
2019-09-26 21:18:50,892 [pool-57-thread-1] INFO  server.RaftServerConfigKeys (ConfUtils.java:logGet(43)) - raft.server.log.force.sync.num = 128 (default)
2019-09-26 21:18:50,893 [pool-57-thread-1] INFO  server.RaftServerConfigKeys (ConfUtils.java:logGet(43)) - raft.server.log.statemachine.data.sync = true (default)
2019-09-26 21:18:50,893 [pool-57-thread-1] INFO  server.RaftServerConfigKeys (ConfUtils.java:logGet(43)) - raft.server.log.statemachine.data.sync.timeout = 10s (default)
2019-09-26 21:18:50,893 [pool-57-thread-1] INFO  server.RaftServerConfigKeys (ConfUtils.java:logGet(43)) - raft.server.log.statemachine.data.sync.timeout.retry = -1 (default)
2019-09-26 21:18:50,893 [pool-57-thread-1] INFO  server.RaftServerConfigKeys (ConfUtils.java:logGet(43)) - raft.server.log.statemachine.data.caching.enabled = true (custom)
2019-09-26 21:18:50,893 [pool-57-thread-1] INFO  segmented.SegmentedRaftLogWorker (SegmentedRaftLogWorker.java:lambda$new$0(132)) - 0c640f50-2bc9-49b6-b785-a27e3116e6ba@group-0323BB0C2CB1-SegmentedRaftLogWorker: flushIndex: setUnconditionally 0 -> -1
2019-09-26 21:18:50,894 [pool-57-thread-1] INFO  server.RaftServerConfigKeys (ConfUtils.java:logGet(43)) - raft.server.snapshot.auto.trigger.enabled = true (custom)
2019-09-26 21:18:50,894 [Thread-352] INFO  impl.FollowerState (FollowerState.java:run(106)) - 9ce0b59e-153f-4f41-8aed-492a76d80b48:group-AE36C37E9125 changes to CANDIDATE, lastRpcTime:5087, electionTimeout:5087ms
2019-09-26 21:18:50,894 [pool-57-thread-1] INFO  server.RaftServerConfigKeys (ConfUtils.java:logGet(43)) - raft.server.snapshot.auto.trigger.threshold = 10000 (custom)
2019-09-26 21:18:50,894 [Thread-352] INFO  impl.RoleInfo (RoleInfo.java:shutdownFollowerState(121)) - 9ce0b59e-153f-4f41-8aed-492a76d80b48: shutdown FollowerState
2019-09-26 21:18:50,894 [pool-57-thread-1] INFO  server.RaftServerConfigKeys (ConfUtils.java:logGet(43)) - raft.server.snapshot.retention.num.files = 5 (custom)
2019-09-26 21:18:50,894 [Thread-352] INFO  impl.RaftServerImpl (RaftServerImpl.java:setRole(174)) - 9ce0b59e-153f-4f41-8aed-492a76d80b48@group-AE36C37E9125: changes role from  FOLLOWER to CANDIDATE at term 0 for changeToCandidate
2019-09-26 21:18:50,894 [pool-57-thread-1] INFO  server.RaftServerConfigKeys (ConfUtils.java:logGet(43)) - raft.server.retrycache.expirytime = 600000ms (custom)
2019-09-26 21:18:50,894 [Thread-352] INFO  impl.RoleInfo (RoleInfo.java:updateAndGet(143)) - 9ce0b59e-153f-4f41-8aed-492a76d80b48: start LeaderElection
2019-09-26 21:18:50,896 [pool-57-thread-1] INFO  impl.RaftServerImpl (RaftServerImpl.java:start(185)) - 0c640f50-2bc9-49b6-b785-a27e3116e6ba@group-0323BB0C2CB1: start as a follower, conf=-1: [0c640f50-2bc9-49b6-b785-a27e3116e6ba:192.168.151.99:42361], old=null
2019-09-26 21:18:50,897 [pool-57-thread-1] INFO  impl.RaftServerImpl (RaftServerImpl.java:setRole(174)) - 0c640f50-2bc9-49b6-b785-a27e3116e6ba@group-0323BB0C2CB1: changes role from      null to FOLLOWER at term 0 for startAsFollower
2019-09-26 21:18:50,897 [pool-57-thread-1] INFO  impl.RoleInfo (RoleInfo.java:updateAndGet(143)) - 0c640f50-2bc9-49b6-b785-a27e3116e6ba: start FollowerState
2019-09-26 21:18:50,897 [pool-57-thread-1] INFO  util.JmxRegister (JmxRegister.java:tryRegister(44)) - Successfully registered JMX Bean with object name Ratis:service=RaftServer,group=group-0323BB0C2CB1,id=0c640f50-2bc9-49b6-b785-a27e3116e6ba
2019-09-26 21:18:50,900 [RatisPipelineUtilsThread] INFO  pipeline.PipelineStateManager (PipelineStateManager.java:addPipeline(56)) - Created pipeline Pipeline[ Id: 7410c408-4ebb-4346-b6a9-0323bb0c2cb1, Nodes: 0c640f50-2bc9-49b6-b785-a27e3116e6ba{ip: 192.168.151.99, host: pr-hdds-1569-g6sp5-2013761785, networkLocation: /default-rack, certSerialId: null}, Type:RATIS, Factor:ONE, State:OPEN]
2019-09-26 21:18:50,906 [grpc-default-executor-1] INFO  impl.RaftServerProxy (RaftServerProxy.java:addNew(89)) - 9ce0b59e-153f-4f41-8aed-492a76d80b48: addNew group-9339CCE34269:[9ce0b59e-153f-4f41-8aed-492a76d80b48:192.168.151.99:34156] returns group-9339CCE34269:java.util.concurrent.CompletableFuture@70bbb9dc[Not completed]
2019-09-26 21:18:50,908 [pool-27-thread-1] INFO  impl.RaftServerImpl (RaftServerImpl.java:<init>(95)) - 9ce0b59e-153f-4f41-8aed-492a76d80b48: new RaftServerImpl for group-9339CCE34269:[9ce0b59e-153f-4f41-8aed-492a76d80b48:192.168.151.99:34156] with ContainerStateMachine:uninitialized
2019-09-26 21:18:50,908 [pool-27-thread-1] INFO  server.RaftServerConfigKeys (ConfUtils.java:logGet(43)) - raft.server.rpc.timeout.min = 5s (custom)
2019-09-26 21:18:50,908 [pool-27-thread-1] INFO  server.RaftServerConfigKeys (ConfUtils.java:logGet(43)) - raft.server.rpc.timeout.max = 5200ms (custom)
2019-09-26 21:18:50,908 [pool-27-thread-1] INFO  server.RaftServerConfigKeys (ConfUtils.java:logGet(43)) - raft.server.rpcslowness.timeout = 120s (custom)
2019-09-26 21:18:50,908 [pool-27-thread-1] INFO  server.RaftServerConfigKeys (ConfUtils.java:logGet(43)) - raft.server.sleep.deviation.threshold = 300 (default)
2019-09-26 21:18:50,909 [pool-27-thread-1] INFO  server.RaftServerConfigKeys (ConfUtils.java:logGet(43)) - raft.server.log.appender.install.snapshot.enabled = false (custom)
2019-09-26 21:18:50,909 [pool-27-thread-1] INFO  impl.RaftServerImpl (ServerState.java:<init>(103)) - 9ce0b59e-153f-4f41-8aed-492a76d80b48@group-9339CCE34269: ConfigurationManager, init=-1: [9ce0b59e-153f-4f41-8aed-492a76d80b48:192.168.151.99:34156], old=null, confs=<EMPTY_MAP>
2019-09-26 21:18:50,909 [pool-27-thread-1] INFO  server.RaftServerConfigKeys (ConfUtils.java:logGet(43)) - raft.server.storage.dir = [/workdir/hadoop-ozone/ozonefs/target/test-dir/MiniOzoneClusterImpl-5b64906c-d720-4906-b30c-b6d56a2122fd/datanode-0/data/ratis] (custom)
2019-09-26 21:18:50,909 [pool-27-thread-1] INFO  storage.RaftStorageDirectory (RaftStorageDirectory.java:analyzeStorage(246)) - The storage directory /workdir/hadoop-ozone/ozonefs/target/test-dir/MiniOzoneClusterImpl-5b64906c-d720-4906-b30c-b6d56a2122fd/datanode-0/data/ratis/bb89d2e8-624b-4a99-9e5d-9339cce34269 does not exist. Creating ...
2019-09-26 21:18:50,913 [9ce0b59e-153f-4f41-8aed-492a76d80b48@group-AE36C37E9125:LeaderElection45] INFO  impl.LeaderElection (LeaderElection.java:askForVotes(182)) - 9ce0b59e-153f-4f41-8aed-492a76d80b48@group-AE36C37E9125:LeaderElection45: begin an election at term 1 for -1: [9ce0b59e-153f-4f41-8aed-492a76d80b48:192.168.151.99:34156], old=null
2019-09-26 21:18:50,913 [9ce0b59e-153f-4f41-8aed-492a76d80b48@group-AE36C37E9125:LeaderElection45] INFO  impl.RoleInfo (RoleInfo.java:shutdownLeaderElection(134)) - 9ce0b59e-153f-4f41-8aed-492a76d80b48: shutdown LeaderElection
2019-09-26 21:18:50,913 [9ce0b59e-153f-4f41-8aed-492a76d80b48@group-AE36C37E9125:LeaderElection45] INFO  impl.RaftServerImpl (RaftServerImpl.java:setRole(174)) - 9ce0b59e-153f-4f41-8aed-492a76d80b48@group-AE36C37E9125: changes role from CANDIDATE to LEADER at term 1 for changeToLeader
2019-09-26 21:18:50,913 [9ce0b59e-153f-4f41-8aed-492a76d80b48@group-AE36C37E9125:LeaderElection45] INFO  impl.RaftServerImpl (ServerState.java:setLeader(253)) - 9ce0b59e-153f-4f41-8aed-492a76d80b48@group-AE36C37E9125: change Leader from null to 9ce0b59e-153f-4f41-8aed-492a76d80b48 at term 1 for becomeLeader, leader elected after 5112ms
2019-09-26 21:18:50,913 [9ce0b59e-153f-4f41-8aed-492a76d80b48@group-AE36C37E9125:LeaderElection45] INFO  server.RaftServerConfigKeys (ConfUtils.java:logGet(43)) - raft.server.staging.catchup.gap = 1000 (default)
2019-09-26 21:18:50,913 [9ce0b59e-153f-4f41-8aed-492a76d80b48@group-AE36C37E9125:LeaderElection45] INFO  server.RaftServerConfigKeys (ConfUtils.java:logGet(43)) - raft.server.rpc.sleep.time = 25ms (default)
2019-09-26 21:18:50,913 [9ce0b59e-153f-4f41-8aed-492a76d80b48@group-AE36C37E9125:LeaderElection45] INFO  server.RaftServerConfigKeys (ConfUtils.java:logGet(43)) - raft.server.write.element-limit = 4096 (default)
2019-09-26 21:18:50,913 [9ce0b59e-153f-4f41-8aed-492a76d80b48@group-AE36C37E9125:LeaderElection45] INFO  server.RaftServerConfigKeys (ConfUtils.java:logGet(43)) - raft.server.watch.timeout = 10s (default)
2019-09-26 21:18:50,914 [9ce0b59e-153f-4f41-8aed-492a76d80b48@group-AE36C37E9125:LeaderElection45] INFO  server.RaftServerConfigKeys (ConfUtils.java:logGet(43)) - raft.server.watch.timeout.denomination = 1s (default)
2019-09-26 21:18:50,914 [9ce0b59e-153f-4f41-8aed-492a76d80b48@group-AE36C37E9125:LeaderElection45] INFO  server.RaftServerConfigKeys (ConfUtils.java:logGet(43)) - raft.server.watch.element-limit = 65536 (default)
2019-09-26 21:18:50,914 [Thread-346] INFO  impl.FollowerState (FollowerState.java:run(106)) - 1178c3ae-d0b4-4d44-b144-fe8504cc41ac:group-AFF9EEA85834 changes to CANDIDATE, lastRpcTime:5196, electionTimeout:5196ms
2019-09-26 21:18:50,914 [Thread-346] INFO  impl.RoleInfo (RoleInfo.java:shutdownFollowerState(121)) - 1178c3ae-d0b4-4d44-b144-fe8504cc41ac: shutdown FollowerState
2019-09-26 21:18:50,914 [Thread-346] INFO  impl.RaftServerImpl (RaftServerImpl.java:setRole(174)) - 1178c3ae-d0b4-4d44-b144-fe8504cc41ac@group-AFF9EEA85834: changes role from  FOLLOWER to CANDIDATE at term 0 for changeToCandidate
2019-09-26 21:18:50,914 [pool-27-thread-1] INFO  storage.RaftStorageDirectory (RaftStorageDirectory.java:tryLock(328)) - Lock on /workdir/hadoop-ozone/ozonefs/target/test-dir/MiniOzoneClusterImpl-5b64906c-d720-4906-b30c-b6d56a2122fd/datanode-0/data/ratis/bb89d2e8-624b-4a99-9e5d-9339cce34269/in_use.lock acquired by nodename 10701@pr-hdds-1569-g6sp5-2013761785
2019-09-26 21:18:50,914 [Thread-346] INFO  impl.RoleInfo (RoleInfo.java:updateAndGet(143)) - 1178c3ae-d0b4-4d44-b144-fe8504cc41ac: start LeaderElection
2019-09-26 21:18:50,915 [9ce0b59e-153f-4f41-8aed-492a76d80b48@group-AE36C37E9125:LeaderElection45] INFO  impl.RoleInfo (RoleInfo.java:updateAndGet(143)) - 9ce0b59e-153f-4f41-8aed-492a76d80b48: start LeaderState
2019-09-26 21:18:50,915 [9ce0b59e-153f-4f41-8aed-492a76d80b48@group-AE36C37E9125:LeaderElection45] INFO  segmented.SegmentedRaftLogWorker (SegmentedRaftLogWorker.java:startLogSegment(380)) - 9ce0b59e-153f-4f41-8aed-492a76d80b48@group-AE36C37E9125-SegmentedRaftLogWorker: Starting segment from index:0
2019-09-26 21:18:50,916 [9ce0b59e-153f-4f41-8aed-492a76d80b48@group-AE36C37E9125:LeaderElection45] INFO  impl.RaftServerImpl (ServerState.java:setRaftConf(354)) - 9ce0b59e-153f-4f41-8aed-492a76d80b48@group-AE36C37E9125: set configuration 0: [9ce0b59e-153f-4f41-8aed-492a76d80b48:192.168.151.99:34156], old=null at 0
2019-09-26 21:18:50,928 [pool-27-thread-1] INFO  storage.RaftStorage (RaftStorage.java:format(72)) - Storage directory /workdir/hadoop-ozone/ozonefs/target/test-dir/MiniOzoneClusterImpl-5b64906c-d720-4906-b30c-b6d56a2122fd/datanode-0/data/ratis/bb89d2e8-624b-4a99-9e5d-9339cce34269 has been successfully formatted.
2019-09-26 21:18:50,928 [1178c3ae-d0b4-4d44-b144-fe8504cc41ac@group-AFF9EEA85834:LeaderElection46] INFO  impl.LeaderElection (LeaderElection.java:askForVotes(182)) - 1178c3ae-d0b4-4d44-b144-fe8504cc41ac@group-AFF9EEA85834:LeaderElection46: begin an election at term 1 for -1: [1178c3ae-d0b4-4d44-b144-fe8504cc41ac:192.168.151.99:33787], old=null
2019-09-26 21:18:50,928 [pool-27-thread-1] INFO  ratis.ContainerStateMachine (ContainerStateMachine.java:loadSnapshot(230)) - group-9339CCE34269: The snapshot info is null. Setting the last applied indexto:(t:0, i:~)
2019-09-26 21:18:50,928 [1178c3ae-d0b4-4d44-b144-fe8504cc41ac@group-AFF9EEA85834:LeaderElection46] INFO  impl.RoleInfo (RoleInfo.java:shutdownLeaderElection(134)) - 1178c3ae-d0b4-4d44-b144-fe8504cc41ac: shutdown LeaderElection
2019-09-26 21:18:50,929 [pool-27-thread-1] INFO  server.RaftServerConfigKeys (ConfUtils.java:logGet(43)) - raft.server.notification.no-leader.timeout = 120s (custom)
2019-09-26 21:18:50,929 [1178c3ae-d0b4-4d44-b144-fe8504cc41ac@group-AFF9EEA85834:LeaderElection46] INFO  impl.RaftServerImpl (RaftServerImpl.java:setRole(174)) - 1178c3ae-d0b4-4d44-b144-fe8504cc41ac@group-AFF9EEA85834: changes role from CANDIDATE to LEADER at term 1 for changeToLeader
2019-09-26 21:18:50,929 [pool-27-thread-1] INFO  server.RaftServerConfigKeys (ConfUtils.java:logGet(43)) - raft.server.log.use.memory = false (default)
2019-09-26 21:18:50,929 [1178c3ae-d0b4-4d44-b144-fe8504cc41ac@group-AFF9EEA85834:LeaderElection46] INFO  impl.RaftServerImpl (ServerState.java:setLeader(253)) - 1178c3ae-d0b4-4d44-b144-fe8504cc41ac@group-AFF9EEA85834: change Leader from null to 1178c3ae-d0b4-4d44-b144-fe8504cc41ac at term 1 for becomeLeader, leader elected after 5220ms
2019-09-26 21:18:50,929 [pool-27-thread-1] INFO  server.RaftServerConfigKeys (ConfUtils.java:logGet(43)) - raft.server.log.purge.gap = 1000000 (custom)
2019-09-26 21:18:50,929 [1178c3ae-d0b4-4d44-b144-fe8504cc41ac@group-AFF9EEA85834:LeaderElection46] INFO  server.RaftServerConfigKeys (ConfUtils.java:logGet(43)) - raft.server.staging.catchup.gap = 1000 (default)
2019-09-26 21:18:50,929 [pool-27-thread-1] INFO  server.RaftServerConfigKeys (ConfUtils.java:logGet(43)) - raft.server.log.appender.buffer.byte-limit = 33554432 (custom)
2019-09-26 21:18:50,930 [1178c3ae-d0b4-4d44-b144-fe8504cc41ac@group-AFF9EEA85834:LeaderElection46] INFO  server.RaftServerConfigKeys (ConfUtils.java:logGet(43)) - raft.server.rpc.sleep.time = 25ms (default)
2019-09-26 21:18:50,930 [pool-27-thread-1] INFO  server.RaftServerConfigKeys (ConfUtils.java:logGet(43)) - raft.server.log.segment.size.max = 1048576 (custom)
2019-09-26 21:18:50,930 [1178c3ae-d0b4-4d44-b144-fe8504cc41ac@group-AFF9EEA85834:LeaderElection46] INFO  server.RaftServerConfigKeys (ConfUtils.java:logGet(43)) - raft.server.write.element-limit = 4096 (default)
2019-09-26 21:18:50,930 [pool-27-thread-1] INFO  server.RaftServerConfigKeys (ConfUtils.java:logGet(43)) - raft.server.log.segment.cache.num.max = 2 (custom)
2019-09-26 21:18:50,930 [1178c3ae-d0b4-4d44-b144-fe8504cc41ac@group-AFF9EEA85834:LeaderElection46] INFO  server.RaftServerConfigKeys (ConfUtils.java:logGet(43)) - raft.server.watch.timeout = 10s (default)
2019-09-26 21:18:50,930 [pool-27-thread-1] INFO  segmented.SegmentedRaftLogWorker (SegmentedRaftLogWorker.java:<init>(172)) - new 9ce0b59e-153f-4f41-8aed-492a76d80b48@group-9339CCE34269-SegmentedRaftLogWorker for RaftStorage:Storage Directory /workdir/hadoop-ozone/ozonefs/target/test-dir/MiniOzoneClusterImpl-5b64906c-d720-4906-b30c-b6d56a2122fd/datanode-0/data/ratis/bb89d2e8-624b-4a99-9e5d-9339cce34269
2019-09-26 21:18:50,931 [1178c3ae-d0b4-4d44-b144-fe8504cc41ac@group-AFF9EEA85834:LeaderElection46] INFO  server.RaftServerConfigKeys (ConfUtils.java:logGet(43)) - raft.server.watch.timeout.denomination = 1s (default)
2019-09-26 21:18:50,931 [pool-27-thread-1] INFO  server.RaftServerConfigKeys (ConfUtils.java:logGet(43)) - raft.server.log.queue.byte-limit = 2147483647 (custom)
2019-09-26 21:18:50,931 [1178c3ae-d0b4-4d44-b144-fe8504cc41ac@group-AFF9EEA85834:LeaderElection46] INFO  server.RaftServerConfigKeys (ConfUtils.java:logGet(43)) - raft.server.watch.element-limit = 65536 (default)
2019-09-26 21:18:50,931 [pool-27-thread-1] INFO  server.RaftServerConfigKeys (ConfUtils.java:logGet(43)) - raft.server.log.queue.element-limit = 1024 (custom)
2019-09-26 21:18:50,931 [pool-27-thread-1] INFO  server.RaftServerConfigKeys (ConfUtils.java:logGet(43)) - raft.server.log.segment.size.max = 1048576 (custom)
2019-09-26 21:18:50,932 [pool-27-thread-1] INFO  server.RaftServerConfigKeys (ConfUtils.java:logGet(43)) - raft.server.log.preallocated.size = 16384 (custom)
2019-09-26 21:18:50,932 [pool-27-thread-1] INFO  server.RaftServerConfigKeys (ConfUtils.java:logGet(43)) - raft.server.log.write.buffer.size = 33554432 (custom)
2019-09-26 21:18:50,932 [pool-27-thread-1] INFO  server.RaftServerConfigKeys (ConfUtils.java:logGet(43)) - raft.server.log.force.sync.num = 128 (default)
2019-09-26 21:18:50,932 [pool-27-thread-1] INFO  server.RaftServerConfigKeys (ConfUtils.java:logGet(43)) - raft.server.log.statemachine.data.sync = true (default)
2019-09-26 21:18:50,932 [pool-27-thread-1] INFO  server.RaftServerConfigKeys (ConfUtils.java:logGet(43)) - raft.server.log.statemachine.data.sync.timeout = 10s (default)
2019-09-26 21:18:50,932 [pool-27-thread-1] INFO  server.RaftServerConfigKeys (ConfUtils.java:logGet(43)) - raft.server.log.statemachine.data.sync.timeout.retry = -1 (default)
2019-09-26 21:18:50,933 [pool-27-thread-1] INFO  server.RaftServerConfigKeys (ConfUtils.java:logGet(43)) - raft.server.log.statemachine.data.caching.enabled = true (custom)
2019-09-26 21:18:50,933 [pool-27-thread-1] INFO  segmented.SegmentedRaftLogWorker (SegmentedRaftLogWorker.java:lambda$new$0(132)) - 9ce0b59e-153f-4f41-8aed-492a76d80b48@group-9339CCE34269-SegmentedRaftLogWorker: flushIndex: setUnconditionally 0 -> -1
2019-09-26 21:18:50,934 [pool-27-thread-1] INFO  server.RaftServerConfigKeys (ConfUtils.java:logGet(43)) - raft.server.snapshot.auto.trigger.enabled = true (custom)
2019-09-26 21:18:50,934 [Thread-355] INFO  impl.FollowerState (FollowerState.java:run(106)) - 9ce0b59e-153f-4f41-8aed-492a76d80b48:group-4394FDFB23A5 changes to CANDIDATE, lastRpcTime:5081, electionTimeout:5081ms
2019-09-26 21:18:50,934 [pool-27-thread-1] INFO  server.RaftServerConfigKeys (ConfUtils.java:logGet(43)) - raft.server.snapshot.auto.trigger.threshold = 10000 (custom)
2019-09-26 21:18:50,934 [1178c3ae-d0b4-4d44-b144-fe8504cc41ac@group-AFF9EEA85834:LeaderElection46] INFO  impl.RoleInfo (RoleInfo.java:updateAndGet(143)) - 1178c3ae-d0b4-4d44-b144-fe8504cc41ac: start LeaderState
2019-09-26 21:18:50,934 [Thread-355] INFO  impl.RoleInfo (RoleInfo.java:shutdownFollowerState(121)) - 9ce0b59e-153f-4f41-8aed-492a76d80b48: shutdown FollowerState
2019-09-26 21:18:50,934 [pool-27-thread-1] INFO  server.RaftServerConfigKeys (ConfUtils.java:logGet(43)) - raft.server.snapshot.retention.num.files = 5 (custom)
2019-09-26 21:18:50,935 [1178c3ae-d0b4-4d44-b144-fe8504cc41ac@group-AFF9EEA85834:LeaderElection46] INFO  segmented.SegmentedRaftLogWorker (SegmentedRaftLogWorker.java:startLogSegment(380)) - 1178c3ae-d0b4-4d44-b144-fe8504cc41ac@group-AFF9EEA85834-SegmentedRaftLogWorker: Starting segment from index:0
2019-09-26 21:18:50,934 [Thread-355] INFO  impl.RaftServerImpl (RaftServerImpl.java:setRole(174)) - 9ce0b59e-153f-4f41-8aed-492a76d80b48@group-4394FDFB23A5: changes role from  FOLLOWER to CANDIDATE at term 0 for changeToCandidate
2019-09-26 21:18:50,935 [pool-27-thread-1] INFO  server.RaftServerConfigKeys (ConfUtils.java:logGet(43)) - raft.server.retrycache.expirytime = 600000ms (custom)
2019-09-26 21:18:50,935 [Thread-355] INFO  impl.RoleInfo (RoleInfo.java:updateAndGet(143)) - 9ce0b59e-153f-4f41-8aed-492a76d80b48: start LeaderElection
2019-09-26 21:18:50,935 [1178c3ae-d0b4-4d44-b144-fe8504cc41ac@group-AFF9EEA85834:LeaderElection46] INFO  impl.RaftServerImpl (ServerState.java:setRaftConf(354)) - 1178c3ae-d0b4-4d44-b144-fe8504cc41ac@group-AFF9EEA85834: set configuration 0: [1178c3ae-d0b4-4d44-b144-fe8504cc41ac:192.168.151.99:33787], old=null at 0
2019-09-26 21:18:50,937 [pool-27-thread-1] INFO  impl.RaftServerImpl (RaftServerImpl.java:start(185)) - 9ce0b59e-153f-4f41-8aed-492a76d80b48@group-9339CCE34269: start as a follower, conf=-1: [9ce0b59e-153f-4f41-8aed-492a76d80b48:192.168.151.99:34156], old=null
2019-09-26 21:18:50,937 [pool-27-thread-1] INFO  impl.RaftServerImpl (RaftServerImpl.java:setRole(174)) - 9ce0b59e-153f-4f41-8aed-492a76d80b48@group-9339CCE34269: changes role from      null to FOLLOWER at term 0 for startAsFollower
2019-09-26 21:18:50,937 [pool-27-thread-1] INFO  impl.RoleInfo (RoleInfo.java:updateAndGet(143)) - 9ce0b59e-153f-4f41-8aed-492a76d80b48: start FollowerState
2019-09-26 21:18:50,938 [pool-27-thread-1] INFO  util.JmxRegister (JmxRegister.java:tryRegister(44)) - Successfully registered JMX Bean with object name Ratis:service=RaftServer,group=group-9339CCE34269,id=9ce0b59e-153f-4f41-8aed-492a76d80b48
2019-09-26 21:18:50,941 [RatisPipelineUtilsThread] INFO  pipeline.PipelineStateManager (PipelineStateManager.java:addPipeline(56)) - Created pipeline Pipeline[ Id: bb89d2e8-624b-4a99-9e5d-9339cce34269, Nodes: 9ce0b59e-153f-4f41-8aed-492a76d80b48{ip: 192.168.151.99, host: pr-hdds-1569-g6sp5-2013761785, networkLocation: /default-rack, certSerialId: null}, Type:RATIS, Factor:ONE, State:OPEN]
2019-09-26 21:18:50,950 [9ce0b59e-153f-4f41-8aed-492a76d80b48@group-4394FDFB23A5:LeaderElection47] INFO  impl.LeaderElection (LeaderElection.java:askForVotes(182)) - 9ce0b59e-153f-4f41-8aed-492a76d80b48@group-4394FDFB23A5:LeaderElection47: begin an election at term 1 for -1: [9ce0b59e-153f-4f41-8aed-492a76d80b48:192.168.151.99:34156], old=null
2019-09-26 21:18:50,950 [9ce0b59e-153f-4f41-8aed-492a76d80b48@group-4394FDFB23A5:LeaderElection47] INFO  impl.RoleInfo (RoleInfo.java:shutdownLeaderElection(134)) - 9ce0b59e-153f-4f41-8aed-492a76d80b48: shutdown LeaderElection
2019-09-26 21:18:50,950 [9ce0b59e-153f-4f41-8aed-492a76d80b48@group-4394FDFB23A5:LeaderElection47] INFO  impl.RaftServerImpl (RaftServerImpl.java:setRole(174)) - 9ce0b59e-153f-4f41-8aed-492a76d80b48@group-4394FDFB23A5: changes role from CANDIDATE to LEADER at term 1 for changeToLeader
2019-09-26 21:18:50,950 [9ce0b59e-153f-4f41-8aed-492a76d80b48@group-4394FDFB23A5:LeaderElection47] INFO  impl.RaftServerImpl (ServerState.java:setLeader(253)) - 9ce0b59e-153f-4f41-8aed-492a76d80b48@group-4394FDFB23A5: change Leader from null to 9ce0b59e-153f-4f41-8aed-492a76d80b48 at term 1 for becomeLeader, leader elected after 5105ms
2019-09-26 21:18:50,950 [grpc-default-executor-1] INFO  impl.RaftServerProxy (RaftServerProxy.java:addNew(89)) - da833d8d-e72a-4068-9560-4daa2d83adc2: addNew group-ED372BCAD154:[da833d8d-e72a-4068-9560-4daa2d83adc2:192.168.151.99:38903] returns group-ED372BCAD154:java.util.concurrent.CompletableFuture@6d3a690a[Not completed]
2019-09-26 21:18:50,950 [9ce0b59e-153f-4f41-8aed-492a76d80b48@group-4394FDFB23A5:LeaderElection47] INFO  server.RaftServerConfigKeys (ConfUtils.java:logGet(43)) - raft.server.staging.catchup.gap = 1000 (default)
2019-09-26 21:18:50,951 [9ce0b59e-153f-4f41-8aed-492a76d80b48@group-4394FDFB23A5:LeaderElection47] INFO  server.RaftServerConfigKeys (ConfUtils.java:logGet(43)) - raft.server.rpc.sleep.time = 25ms (default)
2019-09-26 21:18:50,951 [9ce0b59e-153f-4f41-8aed-492a76d80b48@group-4394FDFB23A5:LeaderElection47] INFO  server.RaftServerConfigKeys (ConfUtils.java:logGet(43)) - raft.server.write.element-limit = 4096 (default)
2019-09-26 21:18:50,951 [9ce0b59e-153f-4f41-8aed-492a76d80b48@group-4394FDFB23A5:LeaderElection47] INFO  server.RaftServerConfigKeys (ConfUtils.java:logGet(43)) - raft.server.watch.timeout = 10s (default)
2019-09-26 21:18:50,951 [9ce0b59e-153f-4f41-8aed-492a76d80b48@group-4394FDFB23A5:LeaderElection47] INFO  server.RaftServerConfigKeys (ConfUtils.java:logGet(43)) - raft.server.watch.timeout.denomination = 1s (default)
2019-09-26 21:18:50,951 [9ce0b59e-153f-4f41-8aed-492a76d80b48@group-4394FDFB23A5:LeaderElection47] INFO  server.RaftServerConfigKeys (ConfUtils.java:logGet(43)) - raft.server.watch.element-limit = 65536 (default)
2019-09-26 21:18:50,952 [pool-67-thread-1] INFO  impl.RaftServerImpl (RaftServerImpl.java:<init>(95)) - da833d8d-e72a-4068-9560-4daa2d83adc2: new RaftServerImpl for group-ED372BCAD154:[da833d8d-e72a-4068-9560-4daa2d83adc2:192.168.151.99:38903] with ContainerStateMachine:uninitialized
2019-09-26 21:18:50,952 [pool-67-thread-1] INFO  server.RaftServerConfigKeys (ConfUtils.java:logGet(43)) - raft.server.rpc.timeout.min = 5s (custom)
2019-09-26 21:18:50,952 [pool-67-thread-1] INFO  server.RaftServerConfigKeys (ConfUtils.java:logGet(43)) - raft.server.rpc.timeout.max = 5200ms (custom)
2019-09-26 21:18:50,952 [pool-67-thread-1] INFO  server.RaftServerConfigKeys (ConfUtils.java:logGet(43)) - raft.server.rpcslowness.timeout = 120s (custom)
2019-09-26 21:18:50,952 [pool-67-thread-1] INFO  server.RaftServerConfigKeys (ConfUtils.java:logGet(43)) - raft.server.sleep.deviation.threshold = 300 (default)
2019-09-26 21:18:50,952 [pool-67-thread-1] INFO  server.RaftServerConfigKeys (ConfUtils.java:logGet(43)) - raft.server.log.appender.install.snapshot.enabled = false (custom)
2019-09-26 21:18:50,952 [pool-67-thread-1] INFO  impl.RaftServerImpl (ServerState.java:<init>(103)) - da833d8d-e72a-4068-9560-4daa2d83adc2@group-ED372BCAD154: ConfigurationManager, init=-1: [da833d8d-e72a-4068-9560-4daa2d83adc2:192.168.151.99:38903], old=null, confs=<EMPTY_MAP>
2019-09-26 21:18:50,953 [pool-67-thread-1] INFO  server.RaftServerConfigKeys (ConfUtils.java:logGet(43)) - raft.server.storage.dir = [/workdir/hadoop-ozone/ozonefs/target/test-dir/MiniOzoneClusterImpl-5b64906c-d720-4906-b30c-b6d56a2122fd/datanode-4/data/ratis] (custom)
2019-09-26 21:18:50,953 [pool-67-thread-1] INFO  storage.RaftStorageDirectory (RaftStorageDirectory.java:analyzeStorage(246)) - The storage directory /workdir/hadoop-ozone/ozonefs/target/test-dir/MiniOzoneClusterImpl-5b64906c-d720-4906-b30c-b6d56a2122fd/datanode-4/data/ratis/9a6a4c3d-3ff8-447a-9d88-ed372bcad154 does not exist. Creating ...
2019-09-26 21:18:50,954 [9ce0b59e-153f-4f41-8aed-492a76d80b48@group-4394FDFB23A5:LeaderElection47] INFO  impl.RoleInfo (RoleInfo.java:updateAndGet(143)) - 9ce0b59e-153f-4f41-8aed-492a76d80b48: start LeaderState
2019-09-26 21:18:50,954 [9ce0b59e-153f-4f41-8aed-492a76d80b48@group-4394FDFB23A5:LeaderElection47] INFO  segmented.SegmentedRaftLogWorker (SegmentedRaftLogWorker.java:startLogSegment(380)) - 9ce0b59e-153f-4f41-8aed-492a76d80b48@group-4394FDFB23A5-SegmentedRaftLogWorker: Starting segment from index:0
2019-09-26 21:18:50,954 [9ce0b59e-153f-4f41-8aed-492a76d80b48@group-4394FDFB23A5:LeaderElection47] INFO  impl.RaftServerImpl (ServerState.java:setRaftConf(354)) - 9ce0b59e-153f-4f41-8aed-492a76d80b48@group-4394FDFB23A5: set configuration 0: [9ce0b59e-153f-4f41-8aed-492a76d80b48:192.168.151.99:34156], old=null at 0
2019-09-26 21:18:50,967 [pool-67-thread-1] INFO  storage.RaftStorageDirectory (RaftStorageDirectory.java:tryLock(328)) - Lock on /workdir/hadoop-ozone/ozonefs/target/test-dir/MiniOzoneClusterImpl-5b64906c-d720-4906-b30c-b6d56a2122fd/datanode-4/data/ratis/9a6a4c3d-3ff8-447a-9d88-ed372bcad154/in_use.lock acquired by nodename 10701@pr-hdds-1569-g6sp5-2013761785
2019-09-26 21:18:50,967 [9ce0b59e-153f-4f41-8aed-492a76d80b48@group-AE36C37E9125-SegmentedRaftLogWorker] INFO  segmented.SegmentedRaftLogWorker (SegmentedRaftLogWorker.java:execute(569)) - 9ce0b59e-153f-4f41-8aed-492a76d80b48@group-AE36C37E9125-SegmentedRaftLogWorker: created new log segment /workdir/hadoop-ozone/ozonefs/target/test-dir/MiniOzoneClusterImpl-5b64906c-d720-4906-b30c-b6d56a2122fd/datanode-0/data/ratis/7c297111-808b-4f8c-ad81-ae36c37e9125/current/log_inprogress_0
2019-09-26 21:18:50,980 [1178c3ae-d0b4-4d44-b144-fe8504cc41ac@group-AFF9EEA85834-SegmentedRaftLogWorker] INFO  segmented.SegmentedRaftLogWorker (SegmentedRaftLogWorker.java:execute(569)) - 1178c3ae-d0b4-4d44-b144-fe8504cc41ac@group-AFF9EEA85834-SegmentedRaftLogWorker: created new log segment /workdir/hadoop-ozone/ozonefs/target/test-dir/MiniOzoneClusterImpl-5b64906c-d720-4906-b30c-b6d56a2122fd/datanode-1/data/ratis/dde8e817-ff78-498c-aee4-aff9eea85834/current/log_inprogress_0
2019-09-26 21:18:50,980 [pool-67-thread-1] INFO  storage.RaftStorage (RaftStorage.java:format(72)) - Storage directory /workdir/hadoop-ozone/ozonefs/target/test-dir/MiniOzoneClusterImpl-5b64906c-d720-4906-b30c-b6d56a2122fd/datanode-4/data/ratis/9a6a4c3d-3ff8-447a-9d88-ed372bcad154 has been successfully formatted.
2019-09-26 21:18:50,981 [pool-67-thread-1] INFO  ratis.ContainerStateMachine (ContainerStateMachine.java:loadSnapshot(230)) - group-ED372BCAD154: The snapshot info is null. Setting the last applied indexto:(t:0, i:~)
2019-09-26 21:18:50,981 [pool-67-thread-1] INFO  server.RaftServerConfigKeys (ConfUtils.java:logGet(43)) - raft.server.notification.no-leader.timeout = 120s (custom)
2019-09-26 21:18:50,981 [pool-67-thread-1] INFO  server.RaftServerConfigKeys (ConfUtils.java:logGet(43)) - raft.server.log.use.memory = false (default)
2019-09-26 21:18:50,981 [pool-67-thread-1] INFO  server.RaftServerConfigKeys (ConfUtils.java:logGet(43)) - raft.server.log.purge.gap = 1000000 (custom)
2019-09-26 21:18:50,982 [pool-67-thread-1] INFO  server.RaftServerConfigKeys (ConfUtils.java:logGet(43)) - raft.server.log.appender.buffer.byte-limit = 33554432 (custom)
2019-09-26 21:18:50,982 [pool-67-thread-1] INFO  server.RaftServerConfigKeys (ConfUtils.java:logGet(43)) - raft.server.log.segment.size.max = 1048576 (custom)
2019-09-26 21:18:50,982 [pool-67-thread-1] INFO  server.RaftServerConfigKeys (ConfUtils.java:logGet(43)) - raft.server.log.segment.cache.num.max = 2 (custom)
2019-09-26 21:18:50,982 [pool-67-thread-1] INFO  segmented.SegmentedRaftLogWorker (SegmentedRaftLogWorker.java:<init>(172)) - new da833d8d-e72a-4068-9560-4daa2d83adc2@group-ED372BCAD154-SegmentedRaftLogWorker for RaftStorage:Storage Directory /workdir/hadoop-ozone/ozonefs/target/test-dir/MiniOzoneClusterImpl-5b64906c-d720-4906-b30c-b6d56a2122fd/datanode-4/data/ratis/9a6a4c3d-3ff8-447a-9d88-ed372bcad154
2019-09-26 21:18:50,982 [pool-67-thread-1] INFO  server.RaftServerConfigKeys (ConfUtils.java:logGet(43)) - raft.server.log.queue.byte-limit = 2147483647 (custom)
2019-09-26 21:18:50,983 [pool-67-thread-1] INFO  server.RaftServerConfigKeys (ConfUtils.java:logGet(43)) - raft.server.log.queue.element-limit = 1024 (custom)
2019-09-26 21:18:50,983 [pool-67-thread-1] INFO  server.RaftServerConfigKeys (ConfUtils.java:logGet(43)) - raft.server.log.segment.size.max = 1048576 (custom)
2019-09-26 21:18:50,983 [pool-67-thread-1] INFO  server.RaftServerConfigKeys (ConfUtils.java:logGet(43)) - raft.server.log.preallocated.size = 16384 (custom)
2019-09-26 21:18:50,983 [pool-67-thread-1] INFO  server.RaftServerConfigKeys (ConfUtils.java:logGet(43)) - raft.server.log.write.buffer.size = 33554432 (custom)
2019-09-26 21:18:50,983 [pool-67-thread-1] INFO  server.RaftServerConfigKeys (ConfUtils.java:logGet(43)) - raft.server.log.force.sync.num = 128 (default)
2019-09-26 21:18:50,983 [pool-67-thread-1] INFO  server.RaftServerConfigKeys (ConfUtils.java:logGet(43)) - raft.server.log.statemachine.data.sync = true (default)
2019-09-26 21:18:50,984 [pool-67-thread-1] INFO  server.RaftServerConfigKeys (ConfUtils.java:logGet(43)) - raft.server.log.statemachine.data.sync.timeout = 10s (default)
2019-09-26 21:18:50,984 [pool-67-thread-1] INFO  server.RaftServerConfigKeys (ConfUtils.java:logGet(43)) - raft.server.log.statemachine.data.sync.timeout.retry = -1 (default)
2019-09-26 21:18:50,984 [pool-67-thread-1] INFO  server.RaftServerConfigKeys (ConfUtils.java:logGet(43)) - raft.server.log.statemachine.data.caching.enabled = true (custom)
2019-09-26 21:18:50,984 [pool-67-thread-1] INFO  segmented.SegmentedRaftLogWorker (SegmentedRaftLogWorker.java:lambda$new$0(132)) - da833d8d-e72a-4068-9560-4daa2d83adc2@group-ED372BCAD154-SegmentedRaftLogWorker: flushIndex: setUnconditionally 0 -> -1
2019-09-26 21:18:50,985 [pool-67-thread-1] INFO  server.RaftServerConfigKeys (ConfUtils.java:logGet(43)) - raft.server.snapshot.auto.trigger.enabled = true (custom)
2019-09-26 21:18:50,985 [pool-67-thread-1] INFO  server.RaftServerConfigKeys (ConfUtils.java:logGet(43)) - raft.server.snapshot.auto.trigger.threshold = 10000 (custom)
2019-09-26 21:18:50,985 [pool-67-thread-1] INFO  server.RaftServerConfigKeys (ConfUtils.java:logGet(43)) - raft.server.snapshot.retention.num.files = 5 (custom)
2019-09-26 21:18:50,986 [pool-67-thread-1] INFO  server.RaftServerConfigKeys (ConfUtils.java:logGet(43)) - raft.server.retrycache.expirytime = 600000ms (custom)
2019-09-26 21:18:50,988 [pool-67-thread-1] INFO  impl.RaftServerImpl (RaftServerImpl.java:start(185)) - da833d8d-e72a-4068-9560-4daa2d83adc2@group-ED372BCAD154: start as a follower, conf=-1: [da833d8d-e72a-4068-9560-4daa2d83adc2:192.168.151.99:38903], old=null
2019-09-26 21:18:50,988 [pool-67-thread-1] INFO  impl.RaftServerImpl (RaftServerImpl.java:setRole(174)) - da833d8d-e72a-4068-9560-4daa2d83adc2@group-ED372BCAD154: changes role from      null to FOLLOWER at term 0 for startAsFollower
2019-09-26 21:18:50,989 [pool-67-thread-1] INFO  impl.RoleInfo (RoleInfo.java:updateAndGet(143)) - da833d8d-e72a-4068-9560-4daa2d83adc2: start FollowerState
2019-09-26 21:18:50,989 [pool-67-thread-1] INFO  util.JmxRegister (JmxRegister.java:tryRegister(44)) - Successfully registered JMX Bean with object name Ratis:service=RaftServer,group=group-ED372BCAD154,id=da833d8d-e72a-4068-9560-4daa2d83adc2
2019-09-26 21:18:50,994 [RatisPipelineUtilsThread] INFO  pipeline.PipelineStateManager (PipelineStateManager.java:addPipeline(56)) - Created pipeline Pipeline[ Id: 9a6a4c3d-3ff8-447a-9d88-ed372bcad154, Nodes: da833d8d-e72a-4068-9560-4daa2d83adc2{ip: 192.168.151.99, host: pr-hdds-1569-g6sp5-2013761785, networkLocation: /default-rack, certSerialId: null}, Type:RATIS, Factor:ONE, State:OPEN]
2019-09-26 21:18:50,994 [9ce0b59e-153f-4f41-8aed-492a76d80b48@group-4394FDFB23A5-SegmentedRaftLogWorker] INFO  segmented.SegmentedRaftLogWorker (SegmentedRaftLogWorker.java:execute(569)) - 9ce0b59e-153f-4f41-8aed-492a76d80b48@group-4394FDFB23A5-SegmentedRaftLogWorker: created new log segment /workdir/hadoop-ozone/ozonefs/target/test-dir/MiniOzoneClusterImpl-5b64906c-d720-4906-b30c-b6d56a2122fd/datanode-0/data/ratis/e42fff9b-f1b0-48d9-9572-4394fdfb23a5/current/log_inprogress_0
2019-09-26 21:18:50,999 [grpc-default-executor-1] INFO  impl.RaftServerProxy (RaftServerProxy.java:addNew(89)) - 9ce0b59e-153f-4f41-8aed-492a76d80b48: addNew group-84D243744114:[9ce0b59e-153f-4f41-8aed-492a76d80b48:192.168.151.99:34156] returns group-84D243744114:java.util.concurrent.CompletableFuture@4b6713aa[Not completed]
2019-09-26 21:18:51,000 [pool-27-thread-1] INFO  impl.RaftServerImpl (RaftServerImpl.java:<init>(95)) - 9ce0b59e-153f-4f41-8aed-492a76d80b48: new RaftServerImpl for group-84D243744114:[9ce0b59e-153f-4f41-8aed-492a76d80b48:192.168.151.99:34156] with ContainerStateMachine:uninitialized
2019-09-26 21:18:51,000 [pool-27-thread-1] INFO  server.RaftServerConfigKeys (ConfUtils.java:logGet(43)) - raft.server.rpc.timeout.min = 5s (custom)
2019-09-26 21:18:51,000 [pool-27-thread-1] INFO  server.RaftServerConfigKeys (ConfUtils.java:logGet(43)) - raft.server.rpc.timeout.max = 5200ms (custom)
2019-09-26 21:18:51,001 [pool-27-thread-1] INFO  server.RaftServerConfigKeys (ConfUtils.java:logGet(43)) - raft.server.rpcslowness.timeout = 120s (custom)
2019-09-26 21:18:51,001 [pool-27-thread-1] INFO  server.RaftServerConfigKeys (ConfUtils.java:logGet(43)) - raft.server.sleep.deviation.threshold = 300 (default)
2019-09-26 21:18:51,001 [pool-27-thread-1] INFO  server.RaftServerConfigKeys (ConfUtils.java:logGet(43)) - raft.server.log.appender.install.snapshot.enabled = false (custom)
2019-09-26 21:18:51,001 [pool-27-thread-1] INFO  impl.RaftServerImpl (ServerState.java:<init>(103)) - 9ce0b59e-153f-4f41-8aed-492a76d80b48@group-84D243744114: ConfigurationManager, init=-1: [9ce0b59e-153f-4f41-8aed-492a76d80b48:192.168.151.99:34156], old=null, confs=<EMPTY_MAP>
2019-09-26 21:18:51,001 [pool-27-thread-1] INFO  server.RaftServerConfigKeys (ConfUtils.java:logGet(43)) - raft.server.storage.dir = [/workdir/hadoop-ozone/ozonefs/target/test-dir/MiniOzoneClusterImpl-5b64906c-d720-4906-b30c-b6d56a2122fd/datanode-0/data/ratis] (custom)
2019-09-26 21:18:51,002 [pool-27-thread-1] INFO  storage.RaftStorageDirectory (RaftStorageDirectory.java:analyzeStorage(246)) - The storage directory /workdir/hadoop-ozone/ozonefs/target/test-dir/MiniOzoneClusterImpl-5b64906c-d720-4906-b30c-b6d56a2122fd/datanode-0/data/ratis/f58a7980-8882-4740-990c-84d243744114 does not exist. Creating ...
2019-09-26 21:18:51,014 [pool-27-thread-1] INFO  storage.RaftStorageDirectory (RaftStorageDirectory.java:tryLock(328)) - Lock on /workdir/hadoop-ozone/ozonefs/target/test-dir/MiniOzoneClusterImpl-5b64906c-d720-4906-b30c-b6d56a2122fd/datanode-0/data/ratis/f58a7980-8882-4740-990c-84d243744114/in_use.lock acquired by nodename 10701@pr-hdds-1569-g6sp5-2013761785
2019-09-26 21:18:51,022 [pool-27-thread-1] INFO  storage.RaftStorage (RaftStorage.java:format(72)) - Storage directory /workdir/hadoop-ozone/ozonefs/target/test-dir/MiniOzoneClusterImpl-5b64906c-d720-4906-b30c-b6d56a2122fd/datanode-0/data/ratis/f58a7980-8882-4740-990c-84d243744114 has been successfully formatted.
2019-09-26 21:18:51,022 [pool-27-thread-1] INFO  ratis.ContainerStateMachine (ContainerStateMachine.java:loadSnapshot(230)) - group-84D243744114: The snapshot info is null. Setting the last applied indexto:(t:0, i:~)
2019-09-26 21:18:51,022 [pool-27-thread-1] INFO  server.RaftServerConfigKeys (ConfUtils.java:logGet(43)) - raft.server.notification.no-leader.timeout = 120s (custom)
2019-09-26 21:18:51,022 [pool-27-thread-1] INFO  server.RaftServerConfigKeys (ConfUtils.java:logGet(43)) - raft.server.log.use.memory = false (default)
2019-09-26 21:18:51,023 [pool-27-thread-1] INFO  server.RaftServerConfigKeys (ConfUtils.java:logGet(43)) - raft.server.log.purge.gap = 1000000 (custom)
2019-09-26 21:18:51,023 [pool-27-thread-1] INFO  server.RaftServerConfigKeys (ConfUtils.java:logGet(43)) - raft.server.log.appender.buffer.byte-limit = 33554432 (custom)
2019-09-26 21:18:51,023 [pool-27-thread-1] INFO  server.RaftServerConfigKeys (ConfUtils.java:logGet(43)) - raft.server.log.segment.size.max = 1048576 (custom)
2019-09-26 21:18:51,023 [pool-27-thread-1] INFO  server.RaftServerConfigKeys (ConfUtils.java:logGet(43)) - raft.server.log.segment.cache.num.max = 2 (custom)
2019-09-26 21:18:51,023 [pool-27-thread-1] INFO  segmented.SegmentedRaftLogWorker (SegmentedRaftLogWorker.java:<init>(172)) - new 9ce0b59e-153f-4f41-8aed-492a76d80b48@group-84D243744114-SegmentedRaftLogWorker for RaftStorage:Storage Directory /workdir/hadoop-ozone/ozonefs/target/test-dir/MiniOzoneClusterImpl-5b64906c-d720-4906-b30c-b6d56a2122fd/datanode-0/data/ratis/f58a7980-8882-4740-990c-84d243744114
2019-09-26 21:18:51,023 [pool-27-thread-1] INFO  server.RaftServerConfigKeys (ConfUtils.java:logGet(43)) - raft.server.log.queue.byte-limit = 2147483647 (custom)
2019-09-26 21:18:51,023 [pool-27-thread-1] INFO  server.RaftServerConfigKeys (ConfUtils.java:logGet(43)) - raft.server.log.queue.element-limit = 1024 (custom)
2019-09-26 21:18:51,023 [pool-27-thread-1] INFO  server.RaftServerConfigKeys (ConfUtils.java:logGet(43)) - raft.server.log.segment.size.max = 1048576 (custom)
2019-09-26 21:18:51,024 [pool-27-thread-1] INFO  server.RaftServerConfigKeys (ConfUtils.java:logGet(43)) - raft.server.log.preallocated.size = 16384 (custom)
2019-09-26 21:18:51,024 [pool-27-thread-1] INFO  server.RaftServerConfigKeys (ConfUtils.java:logGet(43)) - raft.server.log.write.buffer.size = 33554432 (custom)
2019-09-26 21:18:51,024 [pool-27-thread-1] INFO  server.RaftServerConfigKeys (ConfUtils.java:logGet(43)) - raft.server.log.force.sync.num = 128 (default)
2019-09-26 21:18:51,024 [pool-27-thread-1] INFO  server.RaftServerConfigKeys (ConfUtils.java:logGet(43)) - raft.server.log.statemachine.data.sync = true (default)
2019-09-26 21:18:51,024 [pool-27-thread-1] INFO  server.RaftServerConfigKeys (ConfUtils.java:logGet(43)) - raft.server.log.statemachine.data.sync.timeout = 10s (default)
2019-09-26 21:18:51,024 [pool-27-thread-1] INFO  server.RaftServerConfigKeys (ConfUtils.java:logGet(43)) - raft.server.log.statemachine.data.sync.timeout.retry = -1 (default)
2019-09-26 21:18:51,024 [pool-27-thread-1] INFO  server.RaftServerConfigKeys (ConfUtils.java:logGet(43)) - raft.server.log.statemachine.data.caching.enabled = true (custom)
2019-09-26 21:18:51,025 [pool-27-thread-1] INFO  segmented.SegmentedRaftLogWorker (SegmentedRaftLogWorker.java:lambda$new$0(132)) - 9ce0b59e-153f-4f41-8aed-492a76d80b48@group-84D243744114-SegmentedRaftLogWorker: flushIndex: setUnconditionally 0 -> -1
2019-09-26 21:18:51,025 [pool-27-thread-1] INFO  server.RaftServerConfigKeys (ConfUtils.java:logGet(43)) - raft.server.snapshot.auto.trigger.enabled = true (custom)
2019-09-26 21:18:51,025 [pool-27-thread-1] INFO  server.RaftServerConfigKeys (ConfUtils.java:logGet(43)) - raft.server.snapshot.auto.trigger.threshold = 10000 (custom)
2019-09-26 21:18:51,025 [pool-27-thread-1] INFO  server.RaftServerConfigKeys (ConfUtils.java:logGet(43)) - raft.server.snapshot.retention.num.files = 5 (custom)
2019-09-26 21:18:51,025 [pool-27-thread-1] INFO  server.RaftServerConfigKeys (ConfUtils.java:logGet(43)) - raft.server.retrycache.expirytime = 600000ms (custom)
2019-09-26 21:18:51,027 [pool-27-thread-1] INFO  impl.RaftServerImpl (RaftServerImpl.java:start(185)) - 9ce0b59e-153f-4f41-8aed-492a76d80b48@group-84D243744114: start as a follower, conf=-1: [9ce0b59e-153f-4f41-8aed-492a76d80b48:192.168.151.99:34156], old=null
2019-09-26 21:18:51,027 [pool-27-thread-1] INFO  impl.RaftServerImpl (RaftServerImpl.java:setRole(174)) - 9ce0b59e-153f-4f41-8aed-492a76d80b48@group-84D243744114: changes role from      null to FOLLOWER at term 0 for startAsFollower
2019-09-26 21:18:51,027 [pool-27-thread-1] INFO  impl.RoleInfo (RoleInfo.java:updateAndGet(143)) - 9ce0b59e-153f-4f41-8aed-492a76d80b48: start FollowerState
2019-09-26 21:18:51,028 [pool-27-thread-1] INFO  util.JmxRegister (JmxRegister.java:tryRegister(44)) - Successfully registered JMX Bean with object name Ratis:service=RaftServer,group=group-84D243744114,id=9ce0b59e-153f-4f41-8aed-492a76d80b48
2019-09-26 21:18:51,031 [RatisPipelineUtilsThread] INFO  pipeline.PipelineStateManager (PipelineStateManager.java:addPipeline(56)) - Created pipeline Pipeline[ Id: f58a7980-8882-4740-990c-84d243744114, Nodes: 9ce0b59e-153f-4f41-8aed-492a76d80b48{ip: 192.168.151.99, host: pr-hdds-1569-g6sp5-2013761785, networkLocation: /default-rack, certSerialId: null}, Type:RATIS, Factor:ONE, State:OPEN]
2019-09-26 21:18:51,037 [grpc-default-executor-1] INFO  impl.RaftServerProxy (RaftServerProxy.java:addNew(89)) - 9ce0b59e-153f-4f41-8aed-492a76d80b48: addNew group-6F05E871BC73:[9ce0b59e-153f-4f41-8aed-492a76d80b48:192.168.151.99:34156] returns group-6F05E871BC73:java.util.concurrent.CompletableFuture@e89edc2[Not completed]
2019-09-26 21:18:51,037 [pool-27-thread-1] INFO  impl.RaftServerImpl (RaftServerImpl.java:<init>(95)) - 9ce0b59e-153f-4f41-8aed-492a76d80b48: new RaftServerImpl for group-6F05E871BC73:[9ce0b59e-153f-4f41-8aed-492a76d80b48:192.168.151.99:34156] with ContainerStateMachine:uninitialized
2019-09-26 21:18:51,038 [pool-27-thread-1] INFO  server.RaftServerConfigKeys (ConfUtils.java:logGet(43)) - raft.server.rpc.timeout.min = 5s (custom)
2019-09-26 21:18:51,038 [pool-27-thread-1] INFO  server.RaftServerConfigKeys (ConfUtils.java:logGet(43)) - raft.server.rpc.timeout.max = 5200ms (custom)
2019-09-26 21:18:51,038 [pool-27-thread-1] INFO  server.RaftServerConfigKeys (ConfUtils.java:logGet(43)) - raft.server.rpcslowness.timeout = 120s (custom)
2019-09-26 21:18:51,038 [pool-27-thread-1] INFO  server.RaftServerConfigKeys (ConfUtils.java:logGet(43)) - raft.server.sleep.deviation.threshold = 300 (default)
2019-09-26 21:18:51,038 [pool-27-thread-1] INFO  server.RaftServerConfigKeys (ConfUtils.java:logGet(43)) - raft.server.log.appender.install.snapshot.enabled = false (custom)
2019-09-26 21:18:51,038 [pool-27-thread-1] INFO  impl.RaftServerImpl (ServerState.java:<init>(103)) - 9ce0b59e-153f-4f41-8aed-492a76d80b48@group-6F05E871BC73: ConfigurationManager, init=-1: [9ce0b59e-153f-4f41-8aed-492a76d80b48:192.168.151.99:34156], old=null, confs=<EMPTY_MAP>
2019-09-26 21:18:51,038 [pool-27-thread-1] INFO  server.RaftServerConfigKeys (ConfUtils.java:logGet(43)) - raft.server.storage.dir = [/workdir/hadoop-ozone/ozonefs/target/test-dir/MiniOzoneClusterImpl-5b64906c-d720-4906-b30c-b6d56a2122fd/datanode-0/data/ratis] (custom)
2019-09-26 21:18:51,039 [pool-27-thread-1] INFO  storage.RaftStorageDirectory (RaftStorageDirectory.java:analyzeStorage(246)) - The storage directory /workdir/hadoop-ozone/ozonefs/target/test-dir/MiniOzoneClusterImpl-5b64906c-d720-4906-b30c-b6d56a2122fd/datanode-0/data/ratis/32a3eaea-b5a1-47fa-8575-6f05e871bc73 does not exist. Creating ...
2019-09-26 21:18:51,052 [pool-27-thread-1] INFO  storage.RaftStorageDirectory (RaftStorageDirectory.java:tryLock(328)) - Lock on /workdir/hadoop-ozone/ozonefs/target/test-dir/MiniOzoneClusterImpl-5b64906c-d720-4906-b30c-b6d56a2122fd/datanode-0/data/ratis/32a3eaea-b5a1-47fa-8575-6f05e871bc73/in_use.lock acquired by nodename 10701@pr-hdds-1569-g6sp5-2013761785
2019-09-26 21:18:51,065 [pool-27-thread-1] INFO  storage.RaftStorage (RaftStorage.java:format(72)) - Storage directory /workdir/hadoop-ozone/ozonefs/target/test-dir/MiniOzoneClusterImpl-5b64906c-d720-4906-b30c-b6d56a2122fd/datanode-0/data/ratis/32a3eaea-b5a1-47fa-8575-6f05e871bc73 has been successfully formatted.
2019-09-26 21:18:51,065 [pool-27-thread-1] INFO  ratis.ContainerStateMachine (ContainerStateMachine.java:loadSnapshot(230)) - group-6F05E871BC73: The snapshot info is null. Setting the last applied indexto:(t:0, i:~)
2019-09-26 21:18:51,065 [pool-27-thread-1] INFO  server.RaftServerConfigKeys (ConfUtils.java:logGet(43)) - raft.server.notification.no-leader.timeout = 120s (custom)
2019-09-26 21:18:51,065 [pool-27-thread-1] INFO  server.RaftServerConfigKeys (ConfUtils.java:logGet(43)) - raft.server.log.use.memory = false (default)
2019-09-26 21:18:51,066 [Thread-361] INFO  impl.FollowerState (FollowerState.java:run(106)) - da833d8d-e72a-4068-9560-4daa2d83adc2:group-1043AA7B5EDC changes to CANDIDATE, lastRpcTime:5109, electionTimeout:5109ms
2019-09-26 21:18:51,066 [pool-27-thread-1] INFO  server.RaftServerConfigKeys (ConfUtils.java:logGet(43)) - raft.server.log.purge.gap = 1000000 (custom)
2019-09-26 21:18:51,066 [Thread-361] INFO  impl.RoleInfo (RoleInfo.java:shutdownFollowerState(121)) - da833d8d-e72a-4068-9560-4daa2d83adc2: shutdown FollowerState
2019-09-26 21:18:51,066 [pool-27-thread-1] INFO  server.RaftServerConfigKeys (ConfUtils.java:logGet(43)) - raft.server.log.appender.buffer.byte-limit = 33554432 (custom)
2019-09-26 21:18:51,066 [Thread-361] INFO  impl.RaftServerImpl (RaftServerImpl.java:setRole(174)) - da833d8d-e72a-4068-9560-4daa2d83adc2@group-1043AA7B5EDC: changes role from  FOLLOWER to CANDIDATE at term 0 for changeToCandidate
2019-09-26 21:18:51,066 [pool-27-thread-1] INFO  server.RaftServerConfigKeys (ConfUtils.java:logGet(43)) - raft.server.log.segment.size.max = 1048576 (custom)
2019-09-26 21:18:51,066 [Thread-361] INFO  impl.RoleInfo (RoleInfo.java:updateAndGet(143)) - da833d8d-e72a-4068-9560-4daa2d83adc2: start LeaderElection
2019-09-26 21:18:51,067 [pool-27-thread-1] INFO  server.RaftServerConfigKeys (ConfUtils.java:logGet(43)) - raft.server.log.segment.cache.num.max = 2 (custom)
2019-09-26 21:18:51,067 [pool-27-thread-1] INFO  segmented.SegmentedRaftLogWorker (SegmentedRaftLogWorker.java:<init>(172)) - new 9ce0b59e-153f-4f41-8aed-492a76d80b48@group-6F05E871BC73-SegmentedRaftLogWorker for RaftStorage:Storage Directory /workdir/hadoop-ozone/ozonefs/target/test-dir/MiniOzoneClusterImpl-5b64906c-d720-4906-b30c-b6d56a2122fd/datanode-0/data/ratis/32a3eaea-b5a1-47fa-8575-6f05e871bc73
2019-09-26 21:18:51,067 [pool-27-thread-1] INFO  server.RaftServerConfigKeys (ConfUtils.java:logGet(43)) - raft.server.log.queue.byte-limit = 2147483647 (custom)
2019-09-26 21:18:51,067 [pool-27-thread-1] INFO  server.RaftServerConfigKeys (ConfUtils.java:logGet(43)) - raft.server.log.queue.element-limit = 1024 (custom)
2019-09-26 21:18:51,067 [pool-27-thread-1] INFO  server.RaftServerConfigKeys (ConfUtils.java:logGet(43)) - raft.server.log.segment.size.max = 1048576 (custom)
2019-09-26 21:18:51,067 [pool-27-thread-1] INFO  server.RaftServerConfigKeys (ConfUtils.java:logGet(43)) - raft.server.log.preallocated.size = 16384 (custom)
2019-09-26 21:18:51,068 [pool-27-thread-1] INFO  server.RaftServerConfigKeys (ConfUtils.java:logGet(43)) - raft.server.log.write.buffer.size = 33554432 (custom)
2019-09-26 21:18:51,068 [pool-27-thread-1] INFO  server.RaftServerConfigKeys (ConfUtils.java:logGet(43)) - raft.server.log.force.sync.num = 128 (default)
2019-09-26 21:18:51,068 [pool-27-thread-1] INFO  server.RaftServerConfigKeys (ConfUtils.java:logGet(43)) - raft.server.log.statemachine.data.sync = true (default)
2019-09-26 21:18:51,068 [pool-27-thread-1] INFO  server.RaftServerConfigKeys (ConfUtils.java:logGet(43)) - raft.server.log.statemachine.data.sync.timeout = 10s (default)
2019-09-26 21:18:51,068 [pool-27-thread-1] INFO  server.RaftServerConfigKeys (ConfUtils.java:logGet(43)) - raft.server.log.statemachine.data.sync.timeout.retry = -1 (default)
2019-09-26 21:18:51,068 [pool-27-thread-1] INFO  server.RaftServerConfigKeys (ConfUtils.java:logGet(43)) - raft.server.log.statemachine.data.caching.enabled = true (custom)
2019-09-26 21:18:51,069 [pool-27-thread-1] INFO  segmented.SegmentedRaftLogWorker (SegmentedRaftLogWorker.java:lambda$new$0(132)) - 9ce0b59e-153f-4f41-8aed-492a76d80b48@group-6F05E871BC73-SegmentedRaftLogWorker: flushIndex: setUnconditionally 0 -> -1
2019-09-26 21:18:51,069 [pool-27-thread-1] INFO  server.RaftServerConfigKeys (ConfUtils.java:logGet(43)) - raft.server.snapshot.auto.trigger.enabled = true (custom)
2019-09-26 21:18:51,069 [pool-27-thread-1] INFO  server.RaftServerConfigKeys (ConfUtils.java:logGet(43)) - raft.server.snapshot.auto.trigger.threshold = 10000 (custom)
2019-09-26 21:18:51,069 [pool-27-thread-1] INFO  server.RaftServerConfigKeys (ConfUtils.java:logGet(43)) - raft.server.snapshot.retention.num.files = 5 (custom)
2019-09-26 21:18:51,069 [pool-27-thread-1] INFO  server.RaftServerConfigKeys (ConfUtils.java:logGet(43)) - raft.server.retrycache.expirytime = 600000ms (custom)
2019-09-26 21:18:51,071 [pool-27-thread-1] INFO  impl.RaftServerImpl (RaftServerImpl.java:start(185)) - 9ce0b59e-153f-4f41-8aed-492a76d80b48@group-6F05E871BC73: start as a follower, conf=-1: [9ce0b59e-153f-4f41-8aed-492a76d80b48:192.168.151.99:34156], old=null
2019-09-26 21:18:51,071 [pool-27-thread-1] INFO  impl.RaftServerImpl (RaftServerImpl.java:setRole(174)) - 9ce0b59e-153f-4f41-8aed-492a76d80b48@group-6F05E871BC73: changes role from      null to FOLLOWER at term 0 for startAsFollower
2019-09-26 21:18:51,071 [pool-27-thread-1] INFO  impl.RoleInfo (RoleInfo.java:updateAndGet(143)) - 9ce0b59e-153f-4f41-8aed-492a76d80b48: start FollowerState
2019-09-26 21:18:51,072 [pool-27-thread-1] INFO  util.JmxRegister (JmxRegister.java:tryRegister(44)) - Successfully registered JMX Bean with object name Ratis:service=RaftServer,group=group-6F05E871BC73,id=9ce0b59e-153f-4f41-8aed-492a76d80b48
2019-09-26 21:18:51,072 [Thread-364] INFO  impl.FollowerState (FollowerState.java:run(106)) - 9ce0b59e-153f-4f41-8aed-492a76d80b48:group-7520B680327D changes to CANDIDATE, lastRpcTime:5069, electionTimeout:5069ms
2019-09-26 21:18:51,072 [Thread-364] INFO  impl.RoleInfo (RoleInfo.java:shutdownFollowerState(121)) - 9ce0b59e-153f-4f41-8aed-492a76d80b48: shutdown FollowerState
2019-09-26 21:18:51,072 [Thread-364] INFO  impl.RaftServerImpl (RaftServerImpl.java:setRole(174)) - 9ce0b59e-153f-4f41-8aed-492a76d80b48@group-7520B680327D: changes role from  FOLLOWER to CANDIDATE at term 0 for changeToCandidate
2019-09-26 21:18:51,073 [Thread-364] INFO  impl.RoleInfo (RoleInfo.java:updateAndGet(143)) - 9ce0b59e-153f-4f41-8aed-492a76d80b48: start LeaderElection
2019-09-26 21:18:51,075 [RatisPipelineUtilsThread] INFO  pipeline.PipelineStateManager (PipelineStateManager.java:addPipeline(56)) - Created pipeline Pipeline[ Id: 32a3eaea-b5a1-47fa-8575-6f05e871bc73, Nodes: 9ce0b59e-153f-4f41-8aed-492a76d80b48{ip: 192.168.151.99, host: pr-hdds-1569-g6sp5-2013761785, networkLocation: /default-rack, certSerialId: null}, Type:RATIS, Factor:ONE, State:OPEN]
2019-09-26 21:18:51,080 [grpc-default-executor-1] INFO  impl.RaftServerProxy (RaftServerProxy.java:addNew(89)) - da833d8d-e72a-4068-9560-4daa2d83adc2: addNew group-9A832E30A4CB:[da833d8d-e72a-4068-9560-4daa2d83adc2:192.168.151.99:38903] returns group-9A832E30A4CB:java.util.concurrent.CompletableFuture@623f9457[Not completed]
2019-09-26 21:18:51,081 [9ce0b59e-153f-4f41-8aed-492a76d80b48@group-7520B680327D:LeaderElection49] INFO  impl.LeaderElection (LeaderElection.java:askForVotes(182)) - 9ce0b59e-153f-4f41-8aed-492a76d80b48@group-7520B680327D:LeaderElection49: begin an election at term 1 for -1: [9ce0b59e-153f-4f41-8aed-492a76d80b48:192.168.151.99:34156], old=null
2019-09-26 21:18:51,081 [da833d8d-e72a-4068-9560-4daa2d83adc2@group-1043AA7B5EDC:LeaderElection48] INFO  impl.LeaderElection (LeaderElection.java:askForVotes(182)) - da833d8d-e72a-4068-9560-4daa2d83adc2@group-1043AA7B5EDC:LeaderElection48: begin an election at term 1 for -1: [da833d8d-e72a-4068-9560-4daa2d83adc2:192.168.151.99:38903], old=null
2019-09-26 21:18:51,081 [9ce0b59e-153f-4f41-8aed-492a76d80b48@group-7520B680327D:LeaderElection49] INFO  impl.RoleInfo (RoleInfo.java:shutdownLeaderElection(134)) - 9ce0b59e-153f-4f41-8aed-492a76d80b48: shutdown LeaderElection
2019-09-26 21:18:51,081 [da833d8d-e72a-4068-9560-4daa2d83adc2@group-1043AA7B5EDC:LeaderElection48] INFO  impl.RoleInfo (RoleInfo.java:shutdownLeaderElection(134)) - da833d8d-e72a-4068-9560-4daa2d83adc2: shutdown LeaderElection
2019-09-26 21:18:51,082 [9ce0b59e-153f-4f41-8aed-492a76d80b48@group-7520B680327D:LeaderElection49] INFO  impl.RaftServerImpl (RaftServerImpl.java:setRole(174)) - 9ce0b59e-153f-4f41-8aed-492a76d80b48@group-7520B680327D: changes role from CANDIDATE to LEADER at term 1 for changeToLeader
2019-09-26 21:18:51,082 [da833d8d-e72a-4068-9560-4daa2d83adc2@group-1043AA7B5EDC:LeaderElection48] INFO  impl.RaftServerImpl (RaftServerImpl.java:setRole(174)) - da833d8d-e72a-4068-9560-4daa2d83adc2@group-1043AA7B5EDC: changes role from CANDIDATE to LEADER at term 1 for changeToLeader
2019-09-26 21:18:51,082 [9ce0b59e-153f-4f41-8aed-492a76d80b48@group-7520B680327D:LeaderElection49] INFO  impl.RaftServerImpl (ServerState.java:setLeader(253)) - 9ce0b59e-153f-4f41-8aed-492a76d80b48@group-7520B680327D: change Leader from null to 9ce0b59e-153f-4f41-8aed-492a76d80b48 at term 1 for becomeLeader, leader elected after 5086ms
2019-09-26 21:18:51,082 [da833d8d-e72a-4068-9560-4daa2d83adc2@group-1043AA7B5EDC:LeaderElection48] INFO  impl.RaftServerImpl (ServerState.java:setLeader(253)) - da833d8d-e72a-4068-9560-4daa2d83adc2@group-1043AA7B5EDC: change Leader from null to da833d8d-e72a-4068-9560-4daa2d83adc2 at term 1 for becomeLeader, leader elected after 5132ms
2019-09-26 21:18:51,082 [9ce0b59e-153f-4f41-8aed-492a76d80b48@group-7520B680327D:LeaderElection49] INFO  server.RaftServerConfigKeys (ConfUtils.java:logGet(43)) - raft.server.staging.catchup.gap = 1000 (default)
2019-09-26 21:18:51,082 [da833d8d-e72a-4068-9560-4daa2d83adc2@group-1043AA7B5EDC:LeaderElection48] INFO  server.RaftServerConfigKeys (ConfUtils.java:logGet(43)) - raft.server.staging.catchup.gap = 1000 (default)
2019-09-26 21:18:51,082 [9ce0b59e-153f-4f41-8aed-492a76d80b48@group-7520B680327D:LeaderElection49] INFO  server.RaftServerConfigKeys (ConfUtils.java:logGet(43)) - raft.server.rpc.sleep.time = 25ms (default)
2019-09-26 21:18:51,083 [da833d8d-e72a-4068-9560-4daa2d83adc2@group-1043AA7B5EDC:LeaderElection48] INFO  server.RaftServerConfigKeys (ConfUtils.java:logGet(43)) - raft.server.rpc.sleep.time = 25ms (default)
2019-09-26 21:18:51,083 [pool-67-thread-1] INFO  impl.RaftServerImpl (RaftServerImpl.java:<init>(95)) - da833d8d-e72a-4068-9560-4daa2d83adc2: new RaftServerImpl for group-9A832E30A4CB:[da833d8d-e72a-4068-9560-4daa2d83adc2:192.168.151.99:38903] with ContainerStateMachine:uninitialized
2019-09-26 21:18:51,083 [9ce0b59e-153f-4f41-8aed-492a76d80b48@group-7520B680327D:LeaderElection49] INFO  server.RaftServerConfigKeys (ConfUtils.java:logGet(43)) - raft.server.write.element-limit = 4096 (default)
2019-09-26 21:18:51,083 [pool-67-thread-1] INFO  server.RaftServerConfigKeys (ConfUtils.java:logGet(43)) - raft.server.rpc.timeout.min = 5s (custom)
2019-09-26 21:18:51,083 [da833d8d-e72a-4068-9560-4daa2d83adc2@group-1043AA7B5EDC:LeaderElection48] INFO  server.RaftServerConfigKeys (ConfUtils.java:logGet(43)) - raft.server.write.element-limit = 4096 (default)
2019-09-26 21:18:51,083 [pool-67-thread-1] INFO  server.RaftServerConfigKeys (ConfUtils.java:logGet(43)) - raft.server.rpc.timeout.max = 5200ms (custom)
2019-09-26 21:18:51,083 [9ce0b59e-153f-4f41-8aed-492a76d80b48@group-7520B680327D:LeaderElection49] INFO  server.RaftServerConfigKeys (ConfUtils.java:logGet(43)) - raft.server.watch.timeout = 10s (default)
2019-09-26 21:18:51,084 [pool-67-thread-1] INFO  server.RaftServerConfigKeys (ConfUtils.java:logGet(43)) - raft.server.rpcslowness.timeout = 120s (custom)
2019-09-26 21:18:51,084 [da833d8d-e72a-4068-9560-4daa2d83adc2@group-1043AA7B5EDC:LeaderElection48] INFO  server.RaftServerConfigKeys (ConfUtils.java:logGet(43)) - raft.server.watch.timeout = 10s (default)
2019-09-26 21:18:51,084 [pool-67-thread-1] INFO  server.RaftServerConfigKeys (ConfUtils.java:logGet(43)) - raft.server.sleep.deviation.threshold = 300 (default)
2019-09-26 21:18:51,084 [9ce0b59e-153f-4f41-8aed-492a76d80b48@group-7520B680327D:LeaderElection49] INFO  server.RaftServerConfigKeys (ConfUtils.java:logGet(43)) - raft.server.watch.timeout.denomination = 1s (default)
2019-09-26 21:18:51,084 [pool-67-thread-1] INFO  server.RaftServerConfigKeys (ConfUtils.java:logGet(43)) - raft.server.log.appender.install.snapshot.enabled = false (custom)
2019-09-26 21:18:51,084 [da833d8d-e72a-4068-9560-4daa2d83adc2@group-1043AA7B5EDC:LeaderElection48] INFO  server.RaftServerConfigKeys (ConfUtils.java:logGet(43)) - raft.server.watch.timeout.denomination = 1s (default)
2019-09-26 21:18:51,085 [pool-67-thread-1] INFO  impl.RaftServerImpl (ServerState.java:<init>(103)) - da833d8d-e72a-4068-9560-4daa2d83adc2@group-9A832E30A4CB: ConfigurationManager, init=-1: [da833d8d-e72a-4068-9560-4daa2d83adc2:192.168.151.99:38903], old=null, confs=<EMPTY_MAP>
2019-09-26 21:18:51,085 [9ce0b59e-153f-4f41-8aed-492a76d80b48@group-7520B680327D:LeaderElection49] INFO  server.RaftServerConfigKeys (ConfUtils.java:logGet(43)) - raft.server.watch.element-limit = 65536 (default)
2019-09-26 21:18:51,085 [pool-67-thread-1] INFO  server.RaftServerConfigKeys (ConfUtils.java:logGet(43)) - raft.server.storage.dir = [/workdir/hadoop-ozone/ozonefs/target/test-dir/MiniOzoneClusterImpl-5b64906c-d720-4906-b30c-b6d56a2122fd/datanode-4/data/ratis] (custom)
2019-09-26 21:18:51,085 [da833d8d-e72a-4068-9560-4daa2d83adc2@group-1043AA7B5EDC:LeaderElection48] INFO  server.RaftServerConfigKeys (ConfUtils.java:logGet(43)) - raft.server.watch.element-limit = 65536 (default)
2019-09-26 21:18:51,086 [pool-67-thread-1] INFO  storage.RaftStorageDirectory (RaftStorageDirectory.java:analyzeStorage(246)) - The storage directory /workdir/hadoop-ozone/ozonefs/target/test-dir/MiniOzoneClusterImpl-5b64906c-d720-4906-b30c-b6d56a2122fd/datanode-4/data/ratis/6e8a1a2b-dcc5-4d83-a4d7-9a832e30a4cb does not exist. Creating ...
2019-09-26 21:18:51,088 [9ce0b59e-153f-4f41-8aed-492a76d80b48@group-7520B680327D:LeaderElection49] INFO  impl.RoleInfo (RoleInfo.java:updateAndGet(143)) - 9ce0b59e-153f-4f41-8aed-492a76d80b48: start LeaderState
2019-09-26 21:18:51,088 [9ce0b59e-153f-4f41-8aed-492a76d80b48@group-7520B680327D:LeaderElection49] INFO  segmented.SegmentedRaftLogWorker (SegmentedRaftLogWorker.java:startLogSegment(380)) - 9ce0b59e-153f-4f41-8aed-492a76d80b48@group-7520B680327D-SegmentedRaftLogWorker: Starting segment from index:0
2019-09-26 21:18:51,088 [da833d8d-e72a-4068-9560-4daa2d83adc2@group-1043AA7B5EDC:LeaderElection48] INFO  impl.RoleInfo (RoleInfo.java:updateAndGet(143)) - da833d8d-e72a-4068-9560-4daa2d83adc2: start LeaderState
2019-09-26 21:18:51,089 [da833d8d-e72a-4068-9560-4daa2d83adc2@group-1043AA7B5EDC:LeaderElection48] INFO  segmented.SegmentedRaftLogWorker (SegmentedRaftLogWorker.java:startLogSegment(380)) - da833d8d-e72a-4068-9560-4daa2d83adc2@group-1043AA7B5EDC-SegmentedRaftLogWorker: Starting segment from index:0
2019-09-26 21:18:51,089 [9ce0b59e-153f-4f41-8aed-492a76d80b48@group-7520B680327D:LeaderElection49] INFO  impl.RaftServerImpl (ServerState.java:setRaftConf(354)) - 9ce0b59e-153f-4f41-8aed-492a76d80b48@group-7520B680327D: set configuration 0: [9ce0b59e-153f-4f41-8aed-492a76d80b48:192.168.151.99:34156], old=null at 0
2019-09-26 21:18:51,089 [da833d8d-e72a-4068-9560-4daa2d83adc2@group-1043AA7B5EDC:LeaderElection48] INFO  impl.RaftServerImpl (ServerState.java:setRaftConf(354)) - da833d8d-e72a-4068-9560-4daa2d83adc2@group-1043AA7B5EDC: set configuration 0: [da833d8d-e72a-4068-9560-4daa2d83adc2:192.168.151.99:38903], old=null at 0
2019-09-26 21:18:51,094 [Thread-358] INFO  impl.FollowerState (FollowerState.java:run(106)) - 1178c3ae-d0b4-4d44-b144-fe8504cc41ac:group-68EECBDA085C changes to CANDIDATE, lastRpcTime:5186, electionTimeout:5186ms
2019-09-26 21:18:51,094 [Thread-358] INFO  impl.RoleInfo (RoleInfo.java:shutdownFollowerState(121)) - 1178c3ae-d0b4-4d44-b144-fe8504cc41ac: shutdown FollowerState
2019-09-26 21:18:51,094 [Thread-358] INFO  impl.RaftServerImpl (RaftServerImpl.java:setRole(174)) - 1178c3ae-d0b4-4d44-b144-fe8504cc41ac@group-68EECBDA085C: changes role from  FOLLOWER to CANDIDATE at term 0 for changeToCandidate
2019-09-26 21:18:51,094 [Thread-358] INFO  impl.RoleInfo (RoleInfo.java:updateAndGet(143)) - 1178c3ae-d0b4-4d44-b144-fe8504cc41ac: start LeaderElection
2019-09-26 21:18:51,099 [pool-67-thread-1] INFO  storage.RaftStorageDirectory (RaftStorageDirectory.java:tryLock(328)) - Lock on /workdir/hadoop-ozone/ozonefs/target/test-dir/MiniOzoneClusterImpl-5b64906c-d720-4906-b30c-b6d56a2122fd/datanode-4/data/ratis/6e8a1a2b-dcc5-4d83-a4d7-9a832e30a4cb/in_use.lock acquired by nodename 10701@pr-hdds-1569-g6sp5-2013761785
2019-09-26 21:18:51,099 [1178c3ae-d0b4-4d44-b144-fe8504cc41ac@group-68EECBDA085C:LeaderElection50] INFO  impl.LeaderElection (LeaderElection.java:askForVotes(182)) - 1178c3ae-d0b4-4d44-b144-fe8504cc41ac@group-68EECBDA085C:LeaderElection50: begin an election at term 1 for -1: [1178c3ae-d0b4-4d44-b144-fe8504cc41ac:192.168.151.99:33787], old=null
2019-09-26 21:18:51,100 [1178c3ae-d0b4-4d44-b144-fe8504cc41ac@group-68EECBDA085C:LeaderElection50] INFO  impl.RoleInfo (RoleInfo.java:shutdownLeaderElection(134)) - 1178c3ae-d0b4-4d44-b144-fe8504cc41ac: shutdown LeaderElection
2019-09-26 21:18:51,100 [1178c3ae-d0b4-4d44-b144-fe8504cc41ac@group-68EECBDA085C:LeaderElection50] INFO  impl.RaftServerImpl (RaftServerImpl.java:setRole(174)) - 1178c3ae-d0b4-4d44-b144-fe8504cc41ac@group-68EECBDA085C: changes role from CANDIDATE to LEADER at term 1 for changeToLeader
2019-09-26 21:18:51,100 [1178c3ae-d0b4-4d44-b144-fe8504cc41ac@group-68EECBDA085C:LeaderElection50] INFO  impl.RaftServerImpl (ServerState.java:setLeader(253)) - 1178c3ae-d0b4-4d44-b144-fe8504cc41ac@group-68EECBDA085C: change Leader from null to 1178c3ae-d0b4-4d44-b144-fe8504cc41ac at term 1 for becomeLeader, leader elected after 5200ms
2019-09-26 21:18:51,100 [1178c3ae-d0b4-4d44-b144-fe8504cc41ac@group-68EECBDA085C:LeaderElection50] INFO  server.RaftServerConfigKeys (ConfUtils.java:logGet(43)) - raft.server.staging.catchup.gap = 1000 (default)
2019-09-26 21:18:51,100 [1178c3ae-d0b4-4d44-b144-fe8504cc41ac@group-68EECBDA085C:LeaderElection50] INFO  server.RaftServerConfigKeys (ConfUtils.java:logGet(43)) - raft.server.rpc.sleep.time = 25ms (default)
2019-09-26 21:18:51,100 [1178c3ae-d0b4-4d44-b144-fe8504cc41ac@group-68EECBDA085C:LeaderElection50] INFO  server.RaftServerConfigKeys (ConfUtils.java:logGet(43)) - raft.server.write.element-limit = 4096 (default)
2019-09-26 21:18:51,101 [1178c3ae-d0b4-4d44-b144-fe8504cc41ac@group-68EECBDA085C:LeaderElection50] INFO  server.RaftServerConfigKeys (ConfUtils.java:logGet(43)) - raft.server.watch.timeout = 10s (default)
2019-09-26 21:18:51,101 [1178c3ae-d0b4-4d44-b144-fe8504cc41ac@group-68EECBDA085C:LeaderElection50] INFO  server.RaftServerConfigKeys (ConfUtils.java:logGet(43)) - raft.server.watch.timeout.denomination = 1s (default)
2019-09-26 21:18:51,101 [1178c3ae-d0b4-4d44-b144-fe8504cc41ac@group-68EECBDA085C:LeaderElection50] INFO  server.RaftServerConfigKeys (ConfUtils.java:logGet(43)) - raft.server.watch.element-limit = 65536 (default)
2019-09-26 21:18:51,103 [1178c3ae-d0b4-4d44-b144-fe8504cc41ac@group-68EECBDA085C:LeaderElection50] INFO  impl.RoleInfo (RoleInfo.java:updateAndGet(143)) - 1178c3ae-d0b4-4d44-b144-fe8504cc41ac: start LeaderState
2019-09-26 21:18:51,103 [1178c3ae-d0b4-4d44-b144-fe8504cc41ac@group-68EECBDA085C:LeaderElection50] INFO  segmented.SegmentedRaftLogWorker (SegmentedRaftLogWorker.java:startLogSegment(380)) - 1178c3ae-d0b4-4d44-b144-fe8504cc41ac@group-68EECBDA085C-SegmentedRaftLogWorker: Starting segment from index:0
2019-09-26 21:18:51,104 [1178c3ae-d0b4-4d44-b144-fe8504cc41ac@group-68EECBDA085C:LeaderElection50] INFO  impl.RaftServerImpl (ServerState.java:setRaftConf(354)) - 1178c3ae-d0b4-4d44-b144-fe8504cc41ac@group-68EECBDA085C: set configuration 0: [1178c3ae-d0b4-4d44-b144-fe8504cc41ac:192.168.151.99:33787], old=null at 0
2019-09-26 21:18:51,113 [pool-67-thread-1] INFO  storage.RaftStorage (RaftStorage.java:format(72)) - Storage directory /workdir/hadoop-ozone/ozonefs/target/test-dir/MiniOzoneClusterImpl-5b64906c-d720-4906-b30c-b6d56a2122fd/datanode-4/data/ratis/6e8a1a2b-dcc5-4d83-a4d7-9a832e30a4cb has been successfully formatted.
2019-09-26 21:18:51,114 [pool-67-thread-1] INFO  ratis.ContainerStateMachine (ContainerStateMachine.java:loadSnapshot(230)) - group-9A832E30A4CB: The snapshot info is null. Setting the last applied indexto:(t:0, i:~)
2019-09-26 21:18:51,114 [pool-67-thread-1] INFO  server.RaftServerConfigKeys (ConfUtils.java:logGet(43)) - raft.server.notification.no-leader.timeout = 120s (custom)
2019-09-26 21:18:51,114 [pool-67-thread-1] INFO  server.RaftServerConfigKeys (ConfUtils.java:logGet(43)) - raft.server.log.use.memory = false (default)
2019-09-26 21:18:51,114 [pool-67-thread-1] INFO  server.RaftServerConfigKeys (ConfUtils.java:logGet(43)) - raft.server.log.purge.gap = 1000000 (custom)
2019-09-26 21:18:51,115 [pool-67-thread-1] INFO  server.RaftServerConfigKeys (ConfUtils.java:logGet(43)) - raft.server.log.appender.buffer.byte-limit = 33554432 (custom)
2019-09-26 21:18:51,115 [pool-67-thread-1] INFO  server.RaftServerConfigKeys (ConfUtils.java:logGet(43)) - raft.server.log.segment.size.max = 1048576 (custom)
2019-09-26 21:18:51,115 [pool-67-thread-1] INFO  server.RaftServerConfigKeys (ConfUtils.java:logGet(43)) - raft.server.log.segment.cache.num.max = 2 (custom)
2019-09-26 21:18:51,115 [pool-67-thread-1] INFO  segmented.SegmentedRaftLogWorker (SegmentedRaftLogWorker.java:<init>(172)) - new da833d8d-e72a-4068-9560-4daa2d83adc2@group-9A832E30A4CB-SegmentedRaftLogWorker for RaftStorage:Storage Directory /workdir/hadoop-ozone/ozonefs/target/test-dir/MiniOzoneClusterImpl-5b64906c-d720-4906-b30c-b6d56a2122fd/datanode-4/data/ratis/6e8a1a2b-dcc5-4d83-a4d7-9a832e30a4cb
2019-09-26 21:18:51,115 [pool-67-thread-1] INFO  server.RaftServerConfigKeys (ConfUtils.java:logGet(43)) - raft.server.log.queue.byte-limit = 2147483647 (custom)
2019-09-26 21:18:51,115 [pool-67-thread-1] INFO  server.RaftServerConfigKeys (ConfUtils.java:logGet(43)) - raft.server.log.queue.element-limit = 1024 (custom)
2019-09-26 21:18:51,116 [pool-67-thread-1] INFO  server.RaftServerConfigKeys (ConfUtils.java:logGet(43)) - raft.server.log.segment.size.max = 1048576 (custom)
2019-09-26 21:18:51,116 [pool-67-thread-1] INFO  server.RaftServerConfigKeys (ConfUtils.java:logGet(43)) - raft.server.log.preallocated.size = 16384 (custom)
2019-09-26 21:18:51,116 [pool-67-thread-1] INFO  server.RaftServerConfigKeys (ConfUtils.java:logGet(43)) - raft.server.log.write.buffer.size = 33554432 (custom)
2019-09-26 21:18:51,116 [pool-67-thread-1] INFO  server.RaftServerConfigKeys (ConfUtils.java:logGet(43)) - raft.server.log.force.sync.num = 128 (default)
2019-09-26 21:18:51,116 [pool-67-thread-1] INFO  server.RaftServerConfigKeys (ConfUtils.java:logGet(43)) - raft.server.log.statemachine.data.sync = true (default)
2019-09-26 21:18:51,117 [pool-67-thread-1] INFO  server.RaftServerConfigKeys (ConfUtils.java:logGet(43)) - raft.server.log.statemachine.data.sync.timeout = 10s (default)
2019-09-26 21:18:51,117 [pool-67-thread-1] INFO  server.RaftServerConfigKeys (ConfUtils.java:logGet(43)) - raft.server.log.statemachine.data.sync.timeout.retry = -1 (default)
2019-09-26 21:18:51,117 [pool-67-thread-1] INFO  server.RaftServerConfigKeys (ConfUtils.java:logGet(43)) - raft.server.log.statemachine.data.caching.enabled = true (custom)
2019-09-26 21:18:51,117 [pool-67-thread-1] INFO  segmented.SegmentedRaftLogWorker (SegmentedRaftLogWorker.java:lambda$new$0(132)) - da833d8d-e72a-4068-9560-4daa2d83adc2@group-9A832E30A4CB-SegmentedRaftLogWorker: flushIndex: setUnconditionally 0 -> -1
2019-09-26 21:18:51,118 [pool-67-thread-1] INFO  server.RaftServerConfigKeys (ConfUtils.java:logGet(43)) - raft.server.snapshot.auto.trigger.enabled = true (custom)
2019-09-26 21:18:51,118 [pool-67-thread-1] INFO  server.RaftServerConfigKeys (ConfUtils.java:logGet(43)) - raft.server.snapshot.auto.trigger.threshold = 10000 (custom)
2019-09-26 21:18:51,118 [pool-67-thread-1] INFO  server.RaftServerConfigKeys (ConfUtils.java:logGet(43)) - raft.server.snapshot.retention.num.files = 5 (custom)
2019-09-26 21:18:51,118 [pool-67-thread-1] INFO  server.RaftServerConfigKeys (ConfUtils.java:logGet(43)) - raft.server.retrycache.expirytime = 600000ms (custom)
2019-09-26 21:18:51,120 [Thread-367] INFO  impl.FollowerState (FollowerState.java:run(106)) - 9ce0b59e-153f-4f41-8aed-492a76d80b48:group-0E19CD8F0F7A changes to CANDIDATE, lastRpcTime:5062, electionTimeout:5062ms
2019-09-26 21:18:51,121 [Thread-367] INFO  impl.RoleInfo (RoleInfo.java:shutdownFollowerState(121)) - 9ce0b59e-153f-4f41-8aed-492a76d80b48: shutdown FollowerState
2019-09-26 21:18:51,121 [Thread-367] INFO  impl.RaftServerImpl (RaftServerImpl.java:setRole(174)) - 9ce0b59e-153f-4f41-8aed-492a76d80b48@group-0E19CD8F0F7A: changes role from  FOLLOWER to CANDIDATE at term 0 for changeToCandidate
2019-09-26 21:18:51,121 [Thread-367] INFO  impl.RoleInfo (RoleInfo.java:updateAndGet(143)) - 9ce0b59e-153f-4f41-8aed-492a76d80b48: start LeaderElection
2019-09-26 21:18:51,121 [pool-67-thread-1] INFO  impl.RaftServerImpl (RaftServerImpl.java:start(185)) - da833d8d-e72a-4068-9560-4daa2d83adc2@group-9A832E30A4CB: start as a follower, conf=-1: [da833d8d-e72a-4068-9560-4daa2d83adc2:192.168.151.99:38903], old=null
2019-09-26 21:18:51,122 [pool-67-thread-1] INFO  impl.RaftServerImpl (RaftServerImpl.java:setRole(174)) - da833d8d-e72a-4068-9560-4daa2d83adc2@group-9A832E30A4CB: changes role from      null to FOLLOWER at term 0 for startAsFollower
2019-09-26 21:18:51,122 [pool-67-thread-1] INFO  impl.RoleInfo (RoleInfo.java:updateAndGet(143)) - da833d8d-e72a-4068-9560-4daa2d83adc2: start FollowerState
2019-09-26 21:18:51,122 [pool-67-thread-1] INFO  util.JmxRegister (JmxRegister.java:tryRegister(44)) - Successfully registered JMX Bean with object name Ratis:service=RaftServer,group=group-9A832E30A4CB,id=da833d8d-e72a-4068-9560-4daa2d83adc2
2019-09-26 21:18:51,126 [RatisPipelineUtilsThread] INFO  pipeline.PipelineStateManager (PipelineStateManager.java:addPipeline(56)) - Created pipeline Pipeline[ Id: 6e8a1a2b-dcc5-4d83-a4d7-9a832e30a4cb, Nodes: da833d8d-e72a-4068-9560-4daa2d83adc2{ip: 192.168.151.99, host: pr-hdds-1569-g6sp5-2013761785, networkLocation: /default-rack, certSerialId: null}, Type:RATIS, Factor:ONE, State:OPEN]
2019-09-26 21:18:51,133 [grpc-default-executor-1] INFO  impl.RaftServerProxy (RaftServerProxy.java:addNew(89)) - 9ce0b59e-153f-4f41-8aed-492a76d80b48: addNew group-D00789A57A5B:[9ce0b59e-153f-4f41-8aed-492a76d80b48:192.168.151.99:34156] returns group-D00789A57A5B:java.util.concurrent.CompletableFuture@3ec627c2[Not completed]
2019-09-26 21:18:51,134 [Thread-370] INFO  impl.FollowerState (FollowerState.java:run(106)) - 9ce0b59e-153f-4f41-8aed-492a76d80b48:group-5A06F6756262 changes to CANDIDATE, lastRpcTime:5032, electionTimeout:5032ms
2019-09-26 21:18:51,134 [pool-27-thread-1] INFO  impl.RaftServerImpl (RaftServerImpl.java:<init>(95)) - 9ce0b59e-153f-4f41-8aed-492a76d80b48: new RaftServerImpl for group-D00789A57A5B:[9ce0b59e-153f-4f41-8aed-492a76d80b48:192.168.151.99:34156] with ContainerStateMachine:uninitialized
2019-09-26 21:18:51,135 [Thread-370] INFO  impl.RoleInfo (RoleInfo.java:shutdownFollowerState(121)) - 9ce0b59e-153f-4f41-8aed-492a76d80b48: shutdown FollowerState
2019-09-26 21:18:51,135 [pool-27-thread-1] INFO  server.RaftServerConfigKeys (ConfUtils.java:logGet(43)) - raft.server.rpc.timeout.min = 5s (custom)
2019-09-26 21:18:51,135 [Thread-370] INFO  impl.RaftServerImpl (RaftServerImpl.java:setRole(174)) - 9ce0b59e-153f-4f41-8aed-492a76d80b48@group-5A06F6756262: changes role from  FOLLOWER to CANDIDATE at term 0 for changeToCandidate
2019-09-26 21:18:51,135 [9ce0b59e-153f-4f41-8aed-492a76d80b48@group-0E19CD8F0F7A:LeaderElection51] INFO  impl.LeaderElection (LeaderElection.java:askForVotes(182)) - 9ce0b59e-153f-4f41-8aed-492a76d80b48@group-0E19CD8F0F7A:LeaderElection51: begin an election at term 1 for -1: [9ce0b59e-153f-4f41-8aed-492a76d80b48:192.168.151.99:34156], old=null
2019-09-26 21:18:51,135 [Thread-370] INFO  impl.RoleInfo (RoleInfo.java:updateAndGet(143)) - 9ce0b59e-153f-4f41-8aed-492a76d80b48: start LeaderElection
2019-09-26 21:18:51,135 [pool-27-thread-1] INFO  server.RaftServerConfigKeys (ConfUtils.java:logGet(43)) - raft.server.rpc.timeout.max = 5200ms (custom)
2019-09-26 21:18:51,135 [9ce0b59e-153f-4f41-8aed-492a76d80b48@group-0E19CD8F0F7A:LeaderElection51] INFO  impl.RoleInfo (RoleInfo.java:shutdownLeaderElection(134)) - 9ce0b59e-153f-4f41-8aed-492a76d80b48: shutdown LeaderElection
2019-09-26 21:18:51,136 [pool-27-thread-1] INFO  server.RaftServerConfigKeys (ConfUtils.java:logGet(43)) - raft.server.rpcslowness.timeout = 120s (custom)
2019-09-26 21:18:51,136 [9ce0b59e-153f-4f41-8aed-492a76d80b48@group-0E19CD8F0F7A:LeaderElection51] INFO  impl.RaftServerImpl (RaftServerImpl.java:setRole(174)) - 9ce0b59e-153f-4f41-8aed-492a76d80b48@group-0E19CD8F0F7A: changes role from CANDIDATE to LEADER at term 1 for changeToLeader
2019-09-26 21:18:51,136 [pool-27-thread-1] INFO  server.RaftServerConfigKeys (ConfUtils.java:logGet(43)) - raft.server.sleep.deviation.threshold = 300 (default)
2019-09-26 21:18:51,136 [9ce0b59e-153f-4f41-8aed-492a76d80b48@group-0E19CD8F0F7A:LeaderElection51] INFO  impl.RaftServerImpl (ServerState.java:setLeader(253)) - 9ce0b59e-153f-4f41-8aed-492a76d80b48@group-0E19CD8F0F7A: change Leader from null to 9ce0b59e-153f-4f41-8aed-492a76d80b48 at term 1 for becomeLeader, leader elected after 5085ms
2019-09-26 21:18:51,136 [pool-27-thread-1] INFO  server.RaftServerConfigKeys (ConfUtils.java:logGet(43)) - raft.server.log.appender.install.snapshot.enabled = false (custom)
2019-09-26 21:18:51,136 [9ce0b59e-153f-4f41-8aed-492a76d80b48@group-0E19CD8F0F7A:LeaderElection51] INFO  server.RaftServerConfigKeys (ConfUtils.java:logGet(43)) - raft.server.staging.catchup.gap = 1000 (default)
2019-09-26 21:18:51,136 [pool-27-thread-1] INFO  impl.RaftServerImpl (ServerState.java:<init>(103)) - 9ce0b59e-153f-4f41-8aed-492a76d80b48@group-D00789A57A5B: ConfigurationManager, init=-1: [9ce0b59e-153f-4f41-8aed-492a76d80b48:192.168.151.99:34156], old=null, confs=<EMPTY_MAP>
2019-09-26 21:18:51,137 [9ce0b59e-153f-4f41-8aed-492a76d80b48@group-0E19CD8F0F7A:LeaderElection51] INFO  server.RaftServerConfigKeys (ConfUtils.java:logGet(43)) - raft.server.rpc.sleep.time = 25ms (default)
2019-09-26 21:18:51,137 [pool-27-thread-1] INFO  server.RaftServerConfigKeys (ConfUtils.java:logGet(43)) - raft.server.storage.dir = [/workdir/hadoop-ozone/ozonefs/target/test-dir/MiniOzoneClusterImpl-5b64906c-d720-4906-b30c-b6d56a2122fd/datanode-0/data/ratis] (custom)
2019-09-26 21:18:51,137 [9ce0b59e-153f-4f41-8aed-492a76d80b48@group-0E19CD8F0F7A:LeaderElection51] INFO  server.RaftServerConfigKeys (ConfUtils.java:logGet(43)) - raft.server.write.element-limit = 4096 (default)
2019-09-26 21:18:51,137 [9ce0b59e-153f-4f41-8aed-492a76d80b48@group-0E19CD8F0F7A:LeaderElection51] INFO  server.RaftServerConfigKeys (ConfUtils.java:logGet(43)) - raft.server.watch.timeout = 10s (default)
2019-09-26 21:18:51,137 [9ce0b59e-153f-4f41-8aed-492a76d80b48@group-0E19CD8F0F7A:LeaderElection51] INFO  server.RaftServerConfigKeys (ConfUtils.java:logGet(43)) - raft.server.watch.timeout.denomination = 1s (default)
2019-09-26 21:18:51,137 [9ce0b59e-153f-4f41-8aed-492a76d80b48@group-0E19CD8F0F7A:LeaderElection51] INFO  server.RaftServerConfigKeys (ConfUtils.java:logGet(43)) - raft.server.watch.element-limit = 65536 (default)
2019-09-26 21:18:51,137 [pool-27-thread-1] INFO  storage.RaftStorageDirectory (RaftStorageDirectory.java:analyzeStorage(246)) - The storage directory /workdir/hadoop-ozone/ozonefs/target/test-dir/MiniOzoneClusterImpl-5b64906c-d720-4906-b30c-b6d56a2122fd/datanode-0/data/ratis/48e1b0bb-22a3-413a-83ad-d00789a57a5b does not exist. Creating ...
2019-09-26 21:18:51,138 [9ce0b59e-153f-4f41-8aed-492a76d80b48@group-7520B680327D-SegmentedRaftLogWorker] INFO  segmented.SegmentedRaftLogWorker (SegmentedRaftLogWorker.java:execute(569)) - 9ce0b59e-153f-4f41-8aed-492a76d80b48@group-7520B680327D-SegmentedRaftLogWorker: created new log segment /workdir/hadoop-ozone/ozonefs/target/test-dir/MiniOzoneClusterImpl-5b64906c-d720-4906-b30c-b6d56a2122fd/datanode-0/data/ratis/538cff43-2278-41a6-9870-7520b680327d/current/log_inprogress_0
2019-09-26 21:18:51,138 [da833d8d-e72a-4068-9560-4daa2d83adc2@group-1043AA7B5EDC-SegmentedRaftLogWorker] INFO  segmented.SegmentedRaftLogWorker (SegmentedRaftLogWorker.java:execute(569)) - da833d8d-e72a-4068-9560-4daa2d83adc2@group-1043AA7B5EDC-SegmentedRaftLogWorker: created new log segment /workdir/hadoop-ozone/ozonefs/target/test-dir/MiniOzoneClusterImpl-5b64906c-d720-4906-b30c-b6d56a2122fd/datanode-4/data/ratis/6e037a33-c18c-44d6-8a8f-1043aa7b5edc/current/log_inprogress_0
2019-09-26 21:18:51,146 [pool-27-thread-1] INFO  storage.RaftStorageDirectory (RaftStorageDirectory.java:tryLock(328)) - Lock on /workdir/hadoop-ozone/ozonefs/target/test-dir/MiniOzoneClusterImpl-5b64906c-d720-4906-b30c-b6d56a2122fd/datanode-0/data/ratis/48e1b0bb-22a3-413a-83ad-d00789a57a5b/in_use.lock acquired by nodename 10701@pr-hdds-1569-g6sp5-2013761785
2019-09-26 21:18:51,157 [9ce0b59e-153f-4f41-8aed-492a76d80b48@group-5A06F6756262:LeaderElection52] INFO  impl.LeaderElection (LeaderElection.java:askForVotes(182)) - 9ce0b59e-153f-4f41-8aed-492a76d80b48@group-5A06F6756262:LeaderElection52: begin an election at term 1 for -1: [9ce0b59e-153f-4f41-8aed-492a76d80b48:192.168.151.99:34156], old=null
2019-09-26 21:18:51,157 [9ce0b59e-153f-4f41-8aed-492a76d80b48@group-5A06F6756262:LeaderElection52] INFO  impl.RoleInfo (RoleInfo.java:shutdownLeaderElection(134)) - 9ce0b59e-153f-4f41-8aed-492a76d80b48: shutdown LeaderElection
2019-09-26 21:18:51,157 [9ce0b59e-153f-4f41-8aed-492a76d80b48@group-5A06F6756262:LeaderElection52] INFO  impl.RaftServerImpl (RaftServerImpl.java:setRole(174)) - 9ce0b59e-153f-4f41-8aed-492a76d80b48@group-5A06F6756262: changes role from CANDIDATE to LEADER at term 1 for changeToLeader
2019-09-26 21:18:51,157 [9ce0b59e-153f-4f41-8aed-492a76d80b48@group-5A06F6756262:LeaderElection52] INFO  impl.RaftServerImpl (ServerState.java:setLeader(253)) - 9ce0b59e-153f-4f41-8aed-492a76d80b48@group-5A06F6756262: change Leader from null to 9ce0b59e-153f-4f41-8aed-492a76d80b48 at term 1 for becomeLeader, leader elected after 5062ms
2019-09-26 21:18:51,158 [9ce0b59e-153f-4f41-8aed-492a76d80b48@group-5A06F6756262:LeaderElection52] INFO  server.RaftServerConfigKeys (ConfUtils.java:logGet(43)) - raft.server.staging.catchup.gap = 1000 (default)
2019-09-26 21:18:51,158 [9ce0b59e-153f-4f41-8aed-492a76d80b48@group-0E19CD8F0F7A:LeaderElection51] INFO  impl.RoleInfo (RoleInfo.java:updateAndGet(143)) - 9ce0b59e-153f-4f41-8aed-492a76d80b48: start LeaderState
2019-09-26 21:18:51,158 [9ce0b59e-153f-4f41-8aed-492a76d80b48@group-5A06F6756262:LeaderElection52] INFO  server.RaftServerConfigKeys (ConfUtils.java:logGet(43)) - raft.server.rpc.sleep.time = 25ms (default)
2019-09-26 21:18:51,158 [9ce0b59e-153f-4f41-8aed-492a76d80b48@group-5A06F6756262:LeaderElection52] INFO  server.RaftServerConfigKeys (ConfUtils.java:logGet(43)) - raft.server.write.element-limit = 4096 (default)
2019-09-26 21:18:51,158 [9ce0b59e-153f-4f41-8aed-492a76d80b48@group-0E19CD8F0F7A:LeaderElection51] INFO  segmented.SegmentedRaftLogWorker (SegmentedRaftLogWorker.java:startLogSegment(380)) - 9ce0b59e-153f-4f41-8aed-492a76d80b48@group-0E19CD8F0F7A-SegmentedRaftLogWorker: Starting segment from index:0
2019-09-26 21:18:51,158 [9ce0b59e-153f-4f41-8aed-492a76d80b48@group-5A06F6756262:LeaderElection52] INFO  server.RaftServerConfigKeys (ConfUtils.java:logGet(43)) - raft.server.watch.timeout = 10s (default)
2019-09-26 21:18:51,158 [9ce0b59e-153f-4f41-8aed-492a76d80b48@group-5A06F6756262:LeaderElection52] INFO  server.RaftServerConfigKeys (ConfUtils.java:logGet(43)) - raft.server.watch.timeout.denomination = 1s (default)
2019-09-26 21:18:51,158 [9ce0b59e-153f-4f41-8aed-492a76d80b48@group-5A06F6756262:LeaderElection52] INFO  server.RaftServerConfigKeys (ConfUtils.java:logGet(43)) - raft.server.watch.element-limit = 65536 (default)
2019-09-26 21:18:51,159 [9ce0b59e-153f-4f41-8aed-492a76d80b48@group-0E19CD8F0F7A:LeaderElection51] INFO  impl.RaftServerImpl (ServerState.java:setRaftConf(354)) - 9ce0b59e-153f-4f41-8aed-492a76d80b48@group-0E19CD8F0F7A: set configuration 0: [9ce0b59e-153f-4f41-8aed-492a76d80b48:192.168.151.99:34156], old=null at 0
2019-09-26 21:18:51,160 [1178c3ae-d0b4-4d44-b144-fe8504cc41ac@group-68EECBDA085C-SegmentedRaftLogWorker] INFO  segmented.SegmentedRaftLogWorker (SegmentedRaftLogWorker.java:execute(569)) - 1178c3ae-d0b4-4d44-b144-fe8504cc41ac@group-68EECBDA085C-SegmentedRaftLogWorker: created new log segment /workdir/hadoop-ozone/ozonefs/target/test-dir/MiniOzoneClusterImpl-5b64906c-d720-4906-b30c-b6d56a2122fd/datanode-1/data/ratis/6e714d80-c9fd-4b05-b9b1-68eecbda085c/current/log_inprogress_0
2019-09-26 21:18:51,160 [pool-27-thread-1] INFO  storage.RaftStorage (RaftStorage.java:format(72)) - Storage directory /workdir/hadoop-ozone/ozonefs/target/test-dir/MiniOzoneClusterImpl-5b64906c-d720-4906-b30c-b6d56a2122fd/datanode-0/data/ratis/48e1b0bb-22a3-413a-83ad-d00789a57a5b has been successfully formatted.
2019-09-26 21:18:51,160 [9ce0b59e-153f-4f41-8aed-492a76d80b48@group-5A06F6756262:LeaderElection52] INFO  impl.RoleInfo (RoleInfo.java:updateAndGet(143)) - 9ce0b59e-153f-4f41-8aed-492a76d80b48: start LeaderState
2019-09-26 21:18:51,161 [9ce0b59e-153f-4f41-8aed-492a76d80b48@group-5A06F6756262:LeaderElection52] INFO  segmented.SegmentedRaftLogWorker (SegmentedRaftLogWorker.java:startLogSegment(380)) - 9ce0b59e-153f-4f41-8aed-492a76d80b48@group-5A06F6756262-SegmentedRaftLogWorker: Starting segment from index:0
2019-09-26 21:18:51,161 [pool-27-thread-1] INFO  ratis.ContainerStateMachine (ContainerStateMachine.java:loadSnapshot(230)) - group-D00789A57A5B: The snapshot info is null. Setting the last applied indexto:(t:0, i:~)
2019-09-26 21:18:51,161 [pool-27-thread-1] INFO  server.RaftServerConfigKeys (ConfUtils.java:logGet(43)) - raft.server.notification.no-leader.timeout = 120s (custom)
2019-09-26 21:18:51,161 [9ce0b59e-153f-4f41-8aed-492a76d80b48@group-5A06F6756262:LeaderElection52] INFO  impl.RaftServerImpl (ServerState.java:setRaftConf(354)) - 9ce0b59e-153f-4f41-8aed-492a76d80b48@group-5A06F6756262: set configuration 0: [9ce0b59e-153f-4f41-8aed-492a76d80b48:192.168.151.99:34156], old=null at 0
2019-09-26 21:18:51,161 [pool-27-thread-1] INFO  server.RaftServerConfigKeys (ConfUtils.java:logGet(43)) - raft.server.log.use.memory = false (default)
2019-09-26 21:18:51,162 [pool-27-thread-1] INFO  server.RaftServerConfigKeys (ConfUtils.java:logGet(43)) - raft.server.log.purge.gap = 1000000 (custom)
2019-09-26 21:18:51,162 [pool-27-thread-1] INFO  server.RaftServerConfigKeys (ConfUtils.java:logGet(43)) - raft.server.log.appender.buffer.byte-limit = 33554432 (custom)
2019-09-26 21:18:51,162 [pool-27-thread-1] INFO  server.RaftServerConfigKeys (ConfUtils.java:logGet(43)) - raft.server.log.segment.size.max = 1048576 (custom)
2019-09-26 21:18:51,162 [pool-27-thread-1] INFO  server.RaftServerConfigKeys (ConfUtils.java:logGet(43)) - raft.server.log.segment.cache.num.max = 2 (custom)
2019-09-26 21:18:51,162 [pool-27-thread-1] INFO  segmented.SegmentedRaftLogWorker (SegmentedRaftLogWorker.java:<init>(172)) - new 9ce0b59e-153f-4f41-8aed-492a76d80b48@group-D00789A57A5B-SegmentedRaftLogWorker for RaftStorage:Storage Directory /workdir/hadoop-ozone/ozonefs/target/test-dir/MiniOzoneClusterImpl-5b64906c-d720-4906-b30c-b6d56a2122fd/datanode-0/data/ratis/48e1b0bb-22a3-413a-83ad-d00789a57a5b
2019-09-26 21:18:51,162 [pool-27-thread-1] INFO  server.RaftServerConfigKeys (ConfUtils.java:logGet(43)) - raft.server.log.queue.byte-limit = 2147483647 (custom)
2019-09-26 21:18:51,163 [pool-27-thread-1] INFO  server.RaftServerConfigKeys (ConfUtils.java:logGet(43)) - raft.server.log.queue.element-limit = 1024 (custom)
2019-09-26 21:18:51,163 [pool-27-thread-1] INFO  server.RaftServerConfigKeys (ConfUtils.java:logGet(43)) - raft.server.log.segment.size.max = 1048576 (custom)
2019-09-26 21:18:51,163 [pool-27-thread-1] INFO  server.RaftServerConfigKeys (ConfUtils.java:logGet(43)) - raft.server.log.preallocated.size = 16384 (custom)
2019-09-26 21:18:51,163 [pool-27-thread-1] INFO  server.RaftServerConfigKeys (ConfUtils.java:logGet(43)) - raft.server.log.write.buffer.size = 33554432 (custom)
2019-09-26 21:18:51,163 [pool-27-thread-1] INFO  server.RaftServerConfigKeys (ConfUtils.java:logGet(43)) - raft.server.log.force.sync.num = 128 (default)
2019-09-26 21:18:51,163 [pool-27-thread-1] INFO  server.RaftServerConfigKeys (ConfUtils.java:logGet(43)) - raft.server.log.statemachine.data.sync = true (default)
2019-09-26 21:18:51,163 [pool-27-thread-1] INFO  server.RaftServerConfigKeys (ConfUtils.java:logGet(43)) - raft.server.log.statemachine.data.sync.timeout = 10s (default)
2019-09-26 21:18:51,164 [pool-27-thread-1] INFO  server.RaftServerConfigKeys (ConfUtils.java:logGet(43)) - raft.server.log.statemachine.data.sync.timeout.retry = -1 (default)
2019-09-26 21:18:51,164 [pool-27-thread-1] INFO  server.RaftServerConfigKeys (ConfUtils.java:logGet(43)) - raft.server.log.statemachine.data.caching.enabled = true (custom)
2019-09-26 21:18:51,164 [pool-27-thread-1] INFO  segmented.SegmentedRaftLogWorker (SegmentedRaftLogWorker.java:lambda$new$0(132)) - 9ce0b59e-153f-4f41-8aed-492a76d80b48@group-D00789A57A5B-SegmentedRaftLogWorker: flushIndex: setUnconditionally 0 -> -1
2019-09-26 21:18:51,165 [pool-27-thread-1] INFO  server.RaftServerConfigKeys (ConfUtils.java:logGet(43)) - raft.server.snapshot.auto.trigger.enabled = true (custom)
2019-09-26 21:18:51,165 [pool-27-thread-1] INFO  server.RaftServerConfigKeys (ConfUtils.java:logGet(43)) - raft.server.snapshot.auto.trigger.threshold = 10000 (custom)
2019-09-26 21:18:51,165 [pool-27-thread-1] INFO  server.RaftServerConfigKeys (ConfUtils.java:logGet(43)) - raft.server.snapshot.retention.num.files = 5 (custom)
2019-09-26 21:18:51,165 [pool-27-thread-1] INFO  server.RaftServerConfigKeys (ConfUtils.java:logGet(43)) - raft.server.retrycache.expirytime = 600000ms (custom)
2019-09-26 21:18:51,168 [pool-27-thread-1] INFO  impl.RaftServerImpl (RaftServerImpl.java:start(185)) - 9ce0b59e-153f-4f41-8aed-492a76d80b48@group-D00789A57A5B: start as a follower, conf=-1: [9ce0b59e-153f-4f41-8aed-492a76d80b48:192.168.151.99:34156], old=null
2019-09-26 21:18:51,168 [pool-27-thread-1] INFO  impl.RaftServerImpl (RaftServerImpl.java:setRole(174)) - 9ce0b59e-153f-4f41-8aed-492a76d80b48@group-D00789A57A5B: changes role from      null to FOLLOWER at term 0 for startAsFollower
2019-09-26 21:18:51,168 [pool-27-thread-1] INFO  impl.RoleInfo (RoleInfo.java:updateAndGet(143)) - 9ce0b59e-153f-4f41-8aed-492a76d80b48: start FollowerState
2019-09-26 21:18:51,169 [pool-27-thread-1] INFO  util.JmxRegister (JmxRegister.java:tryRegister(44)) - Successfully registered JMX Bean with object name Ratis:service=RaftServer,group=group-D00789A57A5B,id=9ce0b59e-153f-4f41-8aed-492a76d80b48
2019-09-26 21:18:51,172 [RatisPipelineUtilsThread] INFO  pipeline.PipelineStateManager (PipelineStateManager.java:addPipeline(56)) - Created pipeline Pipeline[ Id: 48e1b0bb-22a3-413a-83ad-d00789a57a5b, Nodes: 9ce0b59e-153f-4f41-8aed-492a76d80b48{ip: 192.168.151.99, host: pr-hdds-1569-g6sp5-2013761785, networkLocation: /default-rack, certSerialId: null}, Type:RATIS, Factor:ONE, State:OPEN]
2019-09-26 21:18:51,178 [grpc-default-executor-1] INFO  impl.RaftServerProxy (RaftServerProxy.java:addNew(89)) - 9ce0b59e-153f-4f41-8aed-492a76d80b48: addNew group-502FD49C5050:[9ce0b59e-153f-4f41-8aed-492a76d80b48:192.168.151.99:34156] returns group-502FD49C5050:java.util.concurrent.CompletableFuture@af2753[Not completed]
2019-09-26 21:18:51,179 [pool-27-thread-1] INFO  impl.RaftServerImpl (RaftServerImpl.java:<init>(95)) - 9ce0b59e-153f-4f41-8aed-492a76d80b48: new RaftServerImpl for group-502FD49C5050:[9ce0b59e-153f-4f41-8aed-492a76d80b48:192.168.151.99:34156] with ContainerStateMachine:uninitialized
2019-09-26 21:18:51,180 [pool-27-thread-1] INFO  server.RaftServerConfigKeys (ConfUtils.java:logGet(43)) - raft.server.rpc.timeout.min = 5s (custom)
2019-09-26 21:18:51,180 [pool-27-thread-1] INFO  server.RaftServerConfigKeys (ConfUtils.java:logGet(43)) - raft.server.rpc.timeout.max = 5200ms (custom)
2019-09-26 21:18:51,180 [pool-27-thread-1] INFO  server.RaftServerConfigKeys (ConfUtils.java:logGet(43)) - raft.server.rpcslowness.timeout = 120s (custom)
2019-09-26 21:18:51,180 [pool-27-thread-1] INFO  server.RaftServerConfigKeys (ConfUtils.java:logGet(43)) - raft.server.sleep.deviation.threshold = 300 (default)
2019-09-26 21:18:51,180 [pool-27-thread-1] INFO  server.RaftServerConfigKeys (ConfUtils.java:logGet(43)) - raft.server.log.appender.install.snapshot.enabled = false (custom)
2019-09-26 21:18:51,180 [pool-27-thread-1] INFO  impl.RaftServerImpl (ServerState.java:<init>(103)) - 9ce0b59e-153f-4f41-8aed-492a76d80b48@group-502FD49C5050: ConfigurationManager, init=-1: [9ce0b59e-153f-4f41-8aed-492a76d80b48:192.168.151.99:34156], old=null, confs=<EMPTY_MAP>
2019-09-26 21:18:51,181 [pool-27-thread-1] INFO  server.RaftServerConfigKeys (ConfUtils.java:logGet(43)) - raft.server.storage.dir = [/workdir/hadoop-ozone/ozonefs/target/test-dir/MiniOzoneClusterImpl-5b64906c-d720-4906-b30c-b6d56a2122fd/datanode-0/data/ratis] (custom)
2019-09-26 21:18:51,181 [pool-27-thread-1] INFO  storage.RaftStorageDirectory (RaftStorageDirectory.java:analyzeStorage(246)) - The storage directory /workdir/hadoop-ozone/ozonefs/target/test-dir/MiniOzoneClusterImpl-5b64906c-d720-4906-b30c-b6d56a2122fd/datanode-0/data/ratis/82c4e720-6970-4e1a-88ea-502fd49c5050 does not exist. Creating ...
2019-09-26 21:18:51,194 [pool-27-thread-1] INFO  storage.RaftStorageDirectory (RaftStorageDirectory.java:tryLock(328)) - Lock on /workdir/hadoop-ozone/ozonefs/target/test-dir/MiniOzoneClusterImpl-5b64906c-d720-4906-b30c-b6d56a2122fd/datanode-0/data/ratis/82c4e720-6970-4e1a-88ea-502fd49c5050/in_use.lock acquired by nodename 10701@pr-hdds-1569-g6sp5-2013761785
2019-09-26 21:18:51,209 [9ce0b59e-153f-4f41-8aed-492a76d80b48@group-5A06F6756262-SegmentedRaftLogWorker] INFO  segmented.SegmentedRaftLogWorker (SegmentedRaftLogWorker.java:execute(569)) - 9ce0b59e-153f-4f41-8aed-492a76d80b48@group-5A06F6756262-SegmentedRaftLogWorker: created new log segment /workdir/hadoop-ozone/ozonefs/target/test-dir/MiniOzoneClusterImpl-5b64906c-d720-4906-b30c-b6d56a2122fd/datanode-0/data/ratis/4cc7cd0b-f3ff-4454-a923-5a06f6756262/current/log_inprogress_0
2019-09-26 21:18:51,209 [pool-27-thread-1] INFO  storage.RaftStorage (RaftStorage.java:format(72)) - Storage directory /workdir/hadoop-ozone/ozonefs/target/test-dir/MiniOzoneClusterImpl-5b64906c-d720-4906-b30c-b6d56a2122fd/datanode-0/data/ratis/82c4e720-6970-4e1a-88ea-502fd49c5050 has been successfully formatted.
2019-09-26 21:18:51,209 [9ce0b59e-153f-4f41-8aed-492a76d80b48@group-0E19CD8F0F7A-SegmentedRaftLogWorker] INFO  segmented.SegmentedRaftLogWorker (SegmentedRaftLogWorker.java:execute(569)) - 9ce0b59e-153f-4f41-8aed-492a76d80b48@group-0E19CD8F0F7A-SegmentedRaftLogWorker: created new log segment /workdir/hadoop-ozone/ozonefs/target/test-dir/MiniOzoneClusterImpl-5b64906c-d720-4906-b30c-b6d56a2122fd/datanode-0/data/ratis/f927fb4b-36be-469b-82a1-0e19cd8f0f7a/current/log_inprogress_0
2019-09-26 21:18:51,209 [pool-27-thread-1] INFO  ratis.ContainerStateMachine (ContainerStateMachine.java:loadSnapshot(230)) - group-502FD49C5050: The snapshot info is null. Setting the last applied indexto:(t:0, i:~)
2019-09-26 21:18:51,209 [pool-27-thread-1] INFO  server.RaftServerConfigKeys (ConfUtils.java:logGet(43)) - raft.server.notification.no-leader.timeout = 120s (custom)
2019-09-26 21:18:51,210 [pool-27-thread-1] INFO  server.RaftServerConfigKeys (ConfUtils.java:logGet(43)) - raft.server.log.use.memory = false (default)
2019-09-26 21:18:51,210 [pool-27-thread-1] INFO  server.RaftServerConfigKeys (ConfUtils.java:logGet(43)) - raft.server.log.purge.gap = 1000000 (custom)
2019-09-26 21:18:51,210 [pool-27-thread-1] INFO  server.RaftServerConfigKeys (ConfUtils.java:logGet(43)) - raft.server.log.appender.buffer.byte-limit = 33554432 (custom)
2019-09-26 21:18:51,210 [pool-27-thread-1] INFO  server.RaftServerConfigKeys (ConfUtils.java:logGet(43)) - raft.server.log.segment.size.max = 1048576 (custom)
2019-09-26 21:18:51,210 [pool-27-thread-1] INFO  server.RaftServerConfigKeys (ConfUtils.java:logGet(43)) - raft.server.log.segment.cache.num.max = 2 (custom)
2019-09-26 21:18:51,210 [pool-27-thread-1] INFO  segmented.SegmentedRaftLogWorker (SegmentedRaftLogWorker.java:<init>(172)) - new 9ce0b59e-153f-4f41-8aed-492a76d80b48@group-502FD49C5050-SegmentedRaftLogWorker for RaftStorage:Storage Directory /workdir/hadoop-ozone/ozonefs/target/test-dir/MiniOzoneClusterImpl-5b64906c-d720-4906-b30c-b6d56a2122fd/datanode-0/data/ratis/82c4e720-6970-4e1a-88ea-502fd49c5050
2019-09-26 21:18:51,211 [pool-27-thread-1] INFO  server.RaftServerConfigKeys (ConfUtils.java:logGet(43)) - raft.server.log.queue.byte-limit = 2147483647 (custom)
2019-09-26 21:18:51,211 [pool-27-thread-1] INFO  server.RaftServerConfigKeys (ConfUtils.java:logGet(43)) - raft.server.log.queue.element-limit = 1024 (custom)
2019-09-26 21:18:51,211 [pool-27-thread-1] INFO  server.RaftServerConfigKeys (ConfUtils.java:logGet(43)) - raft.server.log.segment.size.max = 1048576 (custom)
2019-09-26 21:18:51,211 [pool-27-thread-1] INFO  server.RaftServerConfigKeys (ConfUtils.java:logGet(43)) - raft.server.log.preallocated.size = 16384 (custom)
2019-09-26 21:18:51,211 [pool-27-thread-1] INFO  server.RaftServerConfigKeys (ConfUtils.java:logGet(43)) - raft.server.log.write.buffer.size = 33554432 (custom)
2019-09-26 21:18:51,211 [pool-27-thread-1] INFO  server.RaftServerConfigKeys (ConfUtils.java:logGet(43)) - raft.server.log.force.sync.num = 128 (default)
2019-09-26 21:18:51,211 [pool-27-thread-1] INFO  server.RaftServerConfigKeys (ConfUtils.java:logGet(43)) - raft.server.log.statemachine.data.sync = true (default)
2019-09-26 21:18:51,212 [pool-27-thread-1] INFO  server.RaftServerConfigKeys (ConfUtils.java:logGet(43)) - raft.server.log.statemachine.data.sync.timeout = 10s (default)
2019-09-26 21:18:51,212 [pool-27-thread-1] INFO  server.RaftServerConfigKeys (ConfUtils.java:logGet(43)) - raft.server.log.statemachine.data.sync.timeout.retry = -1 (default)
2019-09-26 21:18:51,212 [pool-27-thread-1] INFO  server.RaftServerConfigKeys (ConfUtils.java:logGet(43)) - raft.server.log.statemachine.data.caching.enabled = true (custom)
2019-09-26 21:18:51,212 [pool-27-thread-1] INFO  segmented.SegmentedRaftLogWorker (SegmentedRaftLogWorker.java:lambda$new$0(132)) - 9ce0b59e-153f-4f41-8aed-492a76d80b48@group-502FD49C5050-SegmentedRaftLogWorker: flushIndex: setUnconditionally 0 -> -1
2019-09-26 21:18:51,213 [pool-27-thread-1] INFO  server.RaftServerConfigKeys (ConfUtils.java:logGet(43)) - raft.server.snapshot.auto.trigger.enabled = true (custom)
2019-09-26 21:18:51,213 [pool-27-thread-1] INFO  server.RaftServerConfigKeys (ConfUtils.java:logGet(43)) - raft.server.snapshot.auto.trigger.threshold = 10000 (custom)
2019-09-26 21:18:51,213 [pool-27-thread-1] INFO  server.RaftServerConfigKeys (ConfUtils.java:logGet(43)) - raft.server.snapshot.retention.num.files = 5 (custom)
2019-09-26 21:18:51,213 [pool-27-thread-1] INFO  server.RaftServerConfigKeys (ConfUtils.java:logGet(43)) - raft.server.retrycache.expirytime = 600000ms (custom)
2019-09-26 21:18:51,216 [pool-27-thread-1] INFO  impl.RaftServerImpl (RaftServerImpl.java:start(185)) - 9ce0b59e-153f-4f41-8aed-492a76d80b48@group-502FD49C5050: start as a follower, conf=-1: [9ce0b59e-153f-4f41-8aed-492a76d80b48:192.168.151.99:34156], old=null
2019-09-26 21:18:51,216 [pool-27-thread-1] INFO  impl.RaftServerImpl (RaftServerImpl.java:setRole(174)) - 9ce0b59e-153f-4f41-8aed-492a76d80b48@group-502FD49C5050: changes role from      null to FOLLOWER at term 0 for startAsFollower
2019-09-26 21:18:51,216 [pool-27-thread-1] INFO  impl.RoleInfo (RoleInfo.java:updateAndGet(143)) - 9ce0b59e-153f-4f41-8aed-492a76d80b48: start FollowerState
2019-09-26 21:18:51,216 [pool-27-thread-1] INFO  util.JmxRegister (JmxRegister.java:tryRegister(44)) - Successfully registered JMX Bean with object name Ratis:service=RaftServer,group=group-502FD49C5050,id=9ce0b59e-153f-4f41-8aed-492a76d80b48
2019-09-26 21:18:51,219 [RatisPipelineUtilsThread] INFO  pipeline.PipelineStateManager (PipelineStateManager.java:addPipeline(56)) - Created pipeline Pipeline[ Id: 82c4e720-6970-4e1a-88ea-502fd49c5050, Nodes: 9ce0b59e-153f-4f41-8aed-492a76d80b48{ip: 192.168.151.99, host: pr-hdds-1569-g6sp5-2013761785, networkLocation: /default-rack, certSerialId: null}, Type:RATIS, Factor:ONE, State:OPEN]
2019-09-26 21:18:51,225 [grpc-default-executor-1] INFO  impl.RaftServerProxy (RaftServerProxy.java:addNew(89)) - 09112efe-1fad-4539-a04f-c96aef6d2351: addNew group-EC252041ED71:[09112efe-1fad-4539-a04f-c96aef6d2351:192.168.151.99:45286] returns group-EC252041ED71:java.util.concurrent.CompletableFuture@71562d4c[Not completed]
2019-09-26 21:18:51,226 [pool-47-thread-1] INFO  impl.RaftServerImpl (RaftServerImpl.java:<init>(95)) - 09112efe-1fad-4539-a04f-c96aef6d2351: new RaftServerImpl for group-EC252041ED71:[09112efe-1fad-4539-a04f-c96aef6d2351:192.168.151.99:45286] with ContainerStateMachine:uninitialized
2019-09-26 21:18:51,227 [pool-47-thread-1] INFO  server.RaftServerConfigKeys (ConfUtils.java:logGet(43)) - raft.server.rpc.timeout.min = 5s (custom)
2019-09-26 21:18:51,227 [pool-47-thread-1] INFO  server.RaftServerConfigKeys (ConfUtils.java:logGet(43)) - raft.server.rpc.timeout.max = 5200ms (custom)
2019-09-26 21:18:51,227 [pool-47-thread-1] INFO  server.RaftServerConfigKeys (ConfUtils.java:logGet(43)) - raft.server.rpcslowness.timeout = 120s (custom)
2019-09-26 21:18:51,227 [pool-47-thread-1] INFO  server.RaftServerConfigKeys (ConfUtils.java:logGet(43)) - raft.server.sleep.deviation.threshold = 300 (default)
2019-09-26 21:18:51,227 [pool-47-thread-1] INFO  server.RaftServerConfigKeys (ConfUtils.java:logGet(43)) - raft.server.log.appender.install.snapshot.enabled = false (custom)
2019-09-26 21:18:51,227 [pool-47-thread-1] INFO  impl.RaftServerImpl (ServerState.java:<init>(103)) - 09112efe-1fad-4539-a04f-c96aef6d2351@group-EC252041ED71: ConfigurationManager, init=-1: [09112efe-1fad-4539-a04f-c96aef6d2351:192.168.151.99:45286], old=null, confs=<EMPTY_MAP>
2019-09-26 21:18:51,228 [pool-47-thread-1] INFO  server.RaftServerConfigKeys (ConfUtils.java:logGet(43)) - raft.server.storage.dir = [/workdir/hadoop-ozone/ozonefs/target/test-dir/MiniOzoneClusterImpl-5b64906c-d720-4906-b30c-b6d56a2122fd/datanode-2/data/ratis] (custom)
2019-09-26 21:18:51,228 [pool-47-thread-1] INFO  storage.RaftStorageDirectory (RaftStorageDirectory.java:analyzeStorage(246)) - The storage directory /workdir/hadoop-ozone/ozonefs/target/test-dir/MiniOzoneClusterImpl-5b64906c-d720-4906-b30c-b6d56a2122fd/datanode-2/data/ratis/91171aa9-381e-44d8-a426-ec252041ed71 does not exist. Creating ...
2019-09-26 21:18:51,233 [pool-47-thread-1] INFO  storage.RaftStorageDirectory (RaftStorageDirectory.java:tryLock(328)) - Lock on /workdir/hadoop-ozone/ozonefs/target/test-dir/MiniOzoneClusterImpl-5b64906c-d720-4906-b30c-b6d56a2122fd/datanode-2/data/ratis/91171aa9-381e-44d8-a426-ec252041ed71/in_use.lock acquired by nodename 10701@pr-hdds-1569-g6sp5-2013761785
2019-09-26 21:18:51,259 [pool-47-thread-1] INFO  storage.RaftStorage (RaftStorage.java:format(72)) - Storage directory /workdir/hadoop-ozone/ozonefs/target/test-dir/MiniOzoneClusterImpl-5b64906c-d720-4906-b30c-b6d56a2122fd/datanode-2/data/ratis/91171aa9-381e-44d8-a426-ec252041ed71 has been successfully formatted.
2019-09-26 21:18:51,259 [pool-47-thread-1] INFO  ratis.ContainerStateMachine (ContainerStateMachine.java:loadSnapshot(230)) - group-EC252041ED71: The snapshot info is null. Setting the last applied indexto:(t:0, i:~)
2019-09-26 21:18:51,259 [pool-47-thread-1] INFO  server.RaftServerConfigKeys (ConfUtils.java:logGet(43)) - raft.server.notification.no-leader.timeout = 120s (custom)
2019-09-26 21:18:51,259 [pool-47-thread-1] INFO  server.RaftServerConfigKeys (ConfUtils.java:logGet(43)) - raft.server.log.use.memory = false (default)
2019-09-26 21:18:51,259 [pool-47-thread-1] INFO  server.RaftServerConfigKeys (ConfUtils.java:logGet(43)) - raft.server.log.purge.gap = 1000000 (custom)
2019-09-26 21:18:51,260 [pool-47-thread-1] INFO  server.RaftServerConfigKeys (ConfUtils.java:logGet(43)) - raft.server.log.appender.buffer.byte-limit = 33554432 (custom)
2019-09-26 21:18:51,260 [pool-47-thread-1] INFO  server.RaftServerConfigKeys (ConfUtils.java:logGet(43)) - raft.server.log.segment.size.max = 1048576 (custom)
2019-09-26 21:18:51,260 [pool-47-thread-1] INFO  server.RaftServerConfigKeys (ConfUtils.java:logGet(43)) - raft.server.log.segment.cache.num.max = 2 (custom)
2019-09-26 21:18:51,260 [pool-47-thread-1] INFO  segmented.SegmentedRaftLogWorker (SegmentedRaftLogWorker.java:<init>(172)) - new 09112efe-1fad-4539-a04f-c96aef6d2351@group-EC252041ED71-SegmentedRaftLogWorker for RaftStorage:Storage Directory /workdir/hadoop-ozone/ozonefs/target/test-dir/MiniOzoneClusterImpl-5b64906c-d720-4906-b30c-b6d56a2122fd/datanode-2/data/ratis/91171aa9-381e-44d8-a426-ec252041ed71
2019-09-26 21:18:51,260 [pool-47-thread-1] INFO  server.RaftServerConfigKeys (ConfUtils.java:logGet(43)) - raft.server.log.queue.byte-limit = 2147483647 (custom)
2019-09-26 21:18:51,260 [pool-47-thread-1] INFO  server.RaftServerConfigKeys (ConfUtils.java:logGet(43)) - raft.server.log.queue.element-limit = 1024 (custom)
2019-09-26 21:18:51,261 [pool-47-thread-1] INFO  server.RaftServerConfigKeys (ConfUtils.java:logGet(43)) - raft.server.log.segment.size.max = 1048576 (custom)
2019-09-26 21:18:51,261 [pool-47-thread-1] INFO  server.RaftServerConfigKeys (ConfUtils.java:logGet(43)) - raft.server.log.preallocated.size = 16384 (custom)
2019-09-26 21:18:51,261 [pool-47-thread-1] INFO  server.RaftServerConfigKeys (ConfUtils.java:logGet(43)) - raft.server.log.write.buffer.size = 33554432 (custom)
2019-09-26 21:18:51,261 [pool-47-thread-1] INFO  server.RaftServerConfigKeys (ConfUtils.java:logGet(43)) - raft.server.log.force.sync.num = 128 (default)
2019-09-26 21:18:51,261 [pool-47-thread-1] INFO  server.RaftServerConfigKeys (ConfUtils.java:logGet(43)) - raft.server.log.statemachine.data.sync = true (default)
2019-09-26 21:18:51,261 [pool-47-thread-1] INFO  server.RaftServerConfigKeys (ConfUtils.java:logGet(43)) - raft.server.log.statemachine.data.sync.timeout = 10s (default)
2019-09-26 21:18:51,262 [pool-47-thread-1] INFO  server.RaftServerConfigKeys (ConfUtils.java:logGet(43)) - raft.server.log.statemachine.data.sync.timeout.retry = -1 (default)
2019-09-26 21:18:51,262 [pool-47-thread-1] INFO  server.RaftServerConfigKeys (ConfUtils.java:logGet(43)) - raft.server.log.statemachine.data.caching.enabled = true (custom)
2019-09-26 21:18:51,262 [pool-47-thread-1] INFO  segmented.SegmentedRaftLogWorker (SegmentedRaftLogWorker.java:lambda$new$0(132)) - 09112efe-1fad-4539-a04f-c96aef6d2351@group-EC252041ED71-SegmentedRaftLogWorker: flushIndex: setUnconditionally 0 -> -1
2019-09-26 21:18:51,263 [pool-47-thread-1] INFO  server.RaftServerConfigKeys (ConfUtils.java:logGet(43)) - raft.server.snapshot.auto.trigger.enabled = true (custom)
2019-09-26 21:18:51,263 [pool-47-thread-1] INFO  server.RaftServerConfigKeys (ConfUtils.java:logGet(43)) - raft.server.snapshot.auto.trigger.threshold = 10000 (custom)
2019-09-26 21:18:51,263 [Thread-376] INFO  impl.FollowerState (FollowerState.java:run(106)) - 09112efe-1fad-4539-a04f-c96aef6d2351:group-F7FA03E48975 changes to CANDIDATE, lastRpcTime:5047, electionTimeout:5047ms
2019-09-26 21:18:51,263 [pool-47-thread-1] INFO  server.RaftServerConfigKeys (ConfUtils.java:logGet(43)) - raft.server.snapshot.retention.num.files = 5 (custom)
2019-09-26 21:18:51,263 [Thread-376] INFO  impl.RoleInfo (RoleInfo.java:shutdownFollowerState(121)) - 09112efe-1fad-4539-a04f-c96aef6d2351: shutdown FollowerState
2019-09-26 21:18:51,263 [pool-47-thread-1] INFO  server.RaftServerConfigKeys (ConfUtils.java:logGet(43)) - raft.server.retrycache.expirytime = 600000ms (custom)
2019-09-26 21:18:51,263 [Thread-376] INFO  impl.RaftServerImpl (RaftServerImpl.java:setRole(174)) - 09112efe-1fad-4539-a04f-c96aef6d2351@group-F7FA03E48975: changes role from  FOLLOWER to CANDIDATE at term 0 for changeToCandidate
2019-09-26 21:18:51,264 [Thread-376] INFO  impl.RoleInfo (RoleInfo.java:updateAndGet(143)) - 09112efe-1fad-4539-a04f-c96aef6d2351: start LeaderElection
2019-09-26 21:18:51,266 [pool-47-thread-1] INFO  impl.RaftServerImpl (RaftServerImpl.java:start(185)) - 09112efe-1fad-4539-a04f-c96aef6d2351@group-EC252041ED71: start as a follower, conf=-1: [09112efe-1fad-4539-a04f-c96aef6d2351:192.168.151.99:45286], old=null
2019-09-26 21:18:51,267 [pool-47-thread-1] INFO  impl.RaftServerImpl (RaftServerImpl.java:setRole(174)) - 09112efe-1fad-4539-a04f-c96aef6d2351@group-EC252041ED71: changes role from      null to FOLLOWER at term 0 for startAsFollower
2019-09-26 21:18:51,267 [pool-47-thread-1] INFO  impl.RoleInfo (RoleInfo.java:updateAndGet(143)) - 09112efe-1fad-4539-a04f-c96aef6d2351: start FollowerState
2019-09-26 21:18:51,267 [pool-47-thread-1] INFO  util.JmxRegister (JmxRegister.java:tryRegister(44)) - Successfully registered JMX Bean with object name Ratis:service=RaftServer,group=group-EC252041ED71,id=09112efe-1fad-4539-a04f-c96aef6d2351
2019-09-26 21:18:51,271 [RatisPipelineUtilsThread] INFO  pipeline.PipelineStateManager (PipelineStateManager.java:addPipeline(56)) - Created pipeline Pipeline[ Id: 91171aa9-381e-44d8-a426-ec252041ed71, Nodes: 09112efe-1fad-4539-a04f-c96aef6d2351{ip: 192.168.151.99, host: pr-hdds-1569-g6sp5-2013761785, networkLocation: /default-rack, certSerialId: null}, Type:RATIS, Factor:ONE, State:OPEN]
2019-09-26 21:18:51,276 [grpc-default-executor-1] INFO  impl.RaftServerProxy (RaftServerProxy.java:addNew(89)) - 1178c3ae-d0b4-4d44-b144-fe8504cc41ac: addNew group-5EAC8502C8A3:[1178c3ae-d0b4-4d44-b144-fe8504cc41ac:192.168.151.99:33787] returns group-5EAC8502C8A3:java.util.concurrent.CompletableFuture@72c3f67f[Not completed]
2019-09-26 21:18:51,278 [pool-37-thread-1] INFO  impl.RaftServerImpl (RaftServerImpl.java:<init>(95)) - 1178c3ae-d0b4-4d44-b144-fe8504cc41ac: new RaftServerImpl for group-5EAC8502C8A3:[1178c3ae-d0b4-4d44-b144-fe8504cc41ac:192.168.151.99:33787] with ContainerStateMachine:uninitialized
2019-09-26 21:18:51,278 [pool-37-thread-1] INFO  server.RaftServerConfigKeys (ConfUtils.java:logGet(43)) - raft.server.rpc.timeout.min = 5s (custom)
2019-09-26 21:18:51,278 [pool-37-thread-1] INFO  server.RaftServerConfigKeys (ConfUtils.java:logGet(43)) - raft.server.rpc.timeout.max = 5200ms (custom)
2019-09-26 21:18:51,278 [09112efe-1fad-4539-a04f-c96aef6d2351@group-F7FA03E48975:LeaderElection53] INFO  impl.LeaderElection (LeaderElection.java:askForVotes(182)) - 09112efe-1fad-4539-a04f-c96aef6d2351@group-F7FA03E48975:LeaderElection53: begin an election at term 1 for -1: [09112efe-1fad-4539-a04f-c96aef6d2351:192.168.151.99:45286], old=null
2019-09-26 21:18:51,278 [pool-37-thread-1] INFO  server.RaftServerConfigKeys (ConfUtils.java:logGet(43)) - raft.server.rpcslowness.timeout = 120s (custom)
2019-09-26 21:18:51,278 [09112efe-1fad-4539-a04f-c96aef6d2351@group-F7FA03E48975:LeaderElection53] INFO  impl.RoleInfo (RoleInfo.java:shutdownLeaderElection(134)) - 09112efe-1fad-4539-a04f-c96aef6d2351: shutdown LeaderElection
2019-09-26 21:18:51,278 [pool-37-thread-1] INFO  server.RaftServerConfigKeys (ConfUtils.java:logGet(43)) - raft.server.sleep.deviation.threshold = 300 (default)
2019-09-26 21:18:51,279 [09112efe-1fad-4539-a04f-c96aef6d2351@group-F7FA03E48975:LeaderElection53] INFO  impl.RaftServerImpl (RaftServerImpl.java:setRole(174)) - 09112efe-1fad-4539-a04f-c96aef6d2351@group-F7FA03E48975: changes role from CANDIDATE to LEADER at term 1 for changeToLeader
2019-09-26 21:18:51,279 [pool-37-thread-1] INFO  server.RaftServerConfigKeys (ConfUtils.java:logGet(43)) - raft.server.log.appender.install.snapshot.enabled = false (custom)
2019-09-26 21:18:51,279 [09112efe-1fad-4539-a04f-c96aef6d2351@group-F7FA03E48975:LeaderElection53] INFO  impl.RaftServerImpl (ServerState.java:setLeader(253)) - 09112efe-1fad-4539-a04f-c96aef6d2351@group-F7FA03E48975: change Leader from null to 09112efe-1fad-4539-a04f-c96aef6d2351 at term 1 for becomeLeader, leader elected after 5070ms
2019-09-26 21:18:51,279 [09112efe-1fad-4539-a04f-c96aef6d2351@group-F7FA03E48975:LeaderElection53] INFO  server.RaftServerConfigKeys (ConfUtils.java:logGet(43)) - raft.server.staging.catchup.gap = 1000 (default)
2019-09-26 21:18:51,279 [pool-37-thread-1] INFO  impl.RaftServerImpl (ServerState.java:<init>(103)) - 1178c3ae-d0b4-4d44-b144-fe8504cc41ac@group-5EAC8502C8A3: ConfigurationManager, init=-1: [1178c3ae-d0b4-4d44-b144-fe8504cc41ac:192.168.151.99:33787], old=null, confs=<EMPTY_MAP>
2019-09-26 21:18:51,279 [09112efe-1fad-4539-a04f-c96aef6d2351@group-F7FA03E48975:LeaderElection53] INFO  server.RaftServerConfigKeys (ConfUtils.java:logGet(43)) - raft.server.rpc.sleep.time = 25ms (default)
2019-09-26 21:18:51,279 [pool-37-thread-1] INFO  server.RaftServerConfigKeys (ConfUtils.java:logGet(43)) - raft.server.storage.dir = [/workdir/hadoop-ozone/ozonefs/target/test-dir/MiniOzoneClusterImpl-5b64906c-d720-4906-b30c-b6d56a2122fd/datanode-1/data/ratis] (custom)
2019-09-26 21:18:51,279 [09112efe-1fad-4539-a04f-c96aef6d2351@group-F7FA03E48975:LeaderElection53] INFO  server.RaftServerConfigKeys (ConfUtils.java:logGet(43)) - raft.server.write.element-limit = 4096 (default)
2019-09-26 21:18:51,280 [09112efe-1fad-4539-a04f-c96aef6d2351@group-F7FA03E48975:LeaderElection53] INFO  server.RaftServerConfigKeys (ConfUtils.java:logGet(43)) - raft.server.watch.timeout = 10s (default)
2019-09-26 21:18:51,280 [09112efe-1fad-4539-a04f-c96aef6d2351@group-F7FA03E48975:LeaderElection53] INFO  server.RaftServerConfigKeys (ConfUtils.java:logGet(43)) - raft.server.watch.timeout.denomination = 1s (default)
2019-09-26 21:18:51,280 [pool-37-thread-1] INFO  storage.RaftStorageDirectory (RaftStorageDirectory.java:analyzeStorage(246)) - The storage directory /workdir/hadoop-ozone/ozonefs/target/test-dir/MiniOzoneClusterImpl-5b64906c-d720-4906-b30c-b6d56a2122fd/datanode-1/data/ratis/f1b95201-7c38-401f-806d-5eac8502c8a3 does not exist. Creating ...
2019-09-26 21:18:51,280 [09112efe-1fad-4539-a04f-c96aef6d2351@group-F7FA03E48975:LeaderElection53] INFO  server.RaftServerConfigKeys (ConfUtils.java:logGet(43)) - raft.server.watch.element-limit = 65536 (default)
2019-09-26 21:18:51,282 [09112efe-1fad-4539-a04f-c96aef6d2351@group-F7FA03E48975:LeaderElection53] INFO  impl.RoleInfo (RoleInfo.java:updateAndGet(143)) - 09112efe-1fad-4539-a04f-c96aef6d2351: start LeaderState
2019-09-26 21:18:51,283 [09112efe-1fad-4539-a04f-c96aef6d2351@group-F7FA03E48975:LeaderElection53] INFO  segmented.SegmentedRaftLogWorker (SegmentedRaftLogWorker.java:startLogSegment(380)) - 09112efe-1fad-4539-a04f-c96aef6d2351@group-F7FA03E48975-SegmentedRaftLogWorker: Starting segment from index:0
2019-09-26 21:18:51,283 [09112efe-1fad-4539-a04f-c96aef6d2351@group-F7FA03E48975:LeaderElection53] INFO  impl.RaftServerImpl (ServerState.java:setRaftConf(354)) - 09112efe-1fad-4539-a04f-c96aef6d2351@group-F7FA03E48975: set configuration 0: [09112efe-1fad-4539-a04f-c96aef6d2351:192.168.151.99:45286], old=null at 0
2019-09-26 21:18:51,293 [pool-37-thread-1] INFO  storage.RaftStorageDirectory (RaftStorageDirectory.java:tryLock(328)) - Lock on /workdir/hadoop-ozone/ozonefs/target/test-dir/MiniOzoneClusterImpl-5b64906c-d720-4906-b30c-b6d56a2122fd/datanode-1/data/ratis/f1b95201-7c38-401f-806d-5eac8502c8a3/in_use.lock acquired by nodename 10701@pr-hdds-1569-g6sp5-2013761785
2019-09-26 21:18:51,293 [Thread-373] INFO  impl.FollowerState (FollowerState.java:run(106)) - 9ce0b59e-153f-4f41-8aed-492a76d80b48:group-806F7D6701F2 changes to CANDIDATE, lastRpcTime:5123, electionTimeout:5123ms
2019-09-26 21:18:51,294 [Thread-373] INFO  impl.RoleInfo (RoleInfo.java:shutdownFollowerState(121)) - 9ce0b59e-153f-4f41-8aed-492a76d80b48: shutdown FollowerState
2019-09-26 21:18:51,294 [Thread-373] INFO  impl.RaftServerImpl (RaftServerImpl.java:setRole(174)) - 9ce0b59e-153f-4f41-8aed-492a76d80b48@group-806F7D6701F2: changes role from  FOLLOWER to CANDIDATE at term 0 for changeToCandidate
2019-09-26 21:18:51,294 [Thread-373] INFO  impl.RoleInfo (RoleInfo.java:updateAndGet(143)) - 9ce0b59e-153f-4f41-8aed-492a76d80b48: start LeaderElection
2019-09-26 21:18:51,307 [pool-37-thread-1] INFO  storage.RaftStorage (RaftStorage.java:format(72)) - Storage directory /workdir/hadoop-ozone/ozonefs/target/test-dir/MiniOzoneClusterImpl-5b64906c-d720-4906-b30c-b6d56a2122fd/datanode-1/data/ratis/f1b95201-7c38-401f-806d-5eac8502c8a3 has been successfully formatted.
2019-09-26 21:18:51,307 [9ce0b59e-153f-4f41-8aed-492a76d80b48@group-806F7D6701F2:LeaderElection54] INFO  impl.LeaderElection (LeaderElection.java:askForVotes(182)) - 9ce0b59e-153f-4f41-8aed-492a76d80b48@group-806F7D6701F2:LeaderElection54: begin an election at term 1 for -1: [9ce0b59e-153f-4f41-8aed-492a76d80b48:192.168.151.99:34156], old=null
2019-09-26 21:18:51,307 [pool-37-thread-1] INFO  ratis.ContainerStateMachine (ContainerStateMachine.java:loadSnapshot(230)) - group-5EAC8502C8A3: The snapshot info is null. Setting the last applied indexto:(t:0, i:~)
2019-09-26 21:18:51,307 [9ce0b59e-153f-4f41-8aed-492a76d80b48@group-806F7D6701F2:LeaderElection54] INFO  impl.RoleInfo (RoleInfo.java:shutdownLeaderElection(134)) - 9ce0b59e-153f-4f41-8aed-492a76d80b48: shutdown LeaderElection
2019-09-26 21:18:51,307 [pool-37-thread-1] INFO  server.RaftServerConfigKeys (ConfUtils.java:logGet(43)) - raft.server.notification.no-leader.timeout = 120s (custom)
2019-09-26 21:18:51,307 [9ce0b59e-153f-4f41-8aed-492a76d80b48@group-806F7D6701F2:LeaderElection54] INFO  impl.RaftServerImpl (RaftServerImpl.java:setRole(174)) - 9ce0b59e-153f-4f41-8aed-492a76d80b48@group-806F7D6701F2: changes role from CANDIDATE to LEADER at term 1 for changeToLeader
2019-09-26 21:18:51,308 [pool-37-thread-1] INFO  server.RaftServerConfigKeys (ConfUtils.java:logGet(43)) - raft.server.log.use.memory = false (default)
2019-09-26 21:18:51,308 [9ce0b59e-153f-4f41-8aed-492a76d80b48@group-806F7D6701F2:LeaderElection54] INFO  impl.RaftServerImpl (ServerState.java:setLeader(253)) - 9ce0b59e-153f-4f41-8aed-492a76d80b48@group-806F7D6701F2: change Leader from null to 9ce0b59e-153f-4f41-8aed-492a76d80b48 at term 1 for becomeLeader, leader elected after 5144ms
2019-09-26 21:18:51,308 [pool-37-thread-1] INFO  server.RaftServerConfigKeys (ConfUtils.java:logGet(43)) - raft.server.log.purge.gap = 1000000 (custom)
2019-09-26 21:18:51,308 [9ce0b59e-153f-4f41-8aed-492a76d80b48@group-806F7D6701F2:LeaderElection54] INFO  server.RaftServerConfigKeys (ConfUtils.java:logGet(43)) - raft.server.staging.catchup.gap = 1000 (default)
2019-09-26 21:18:51,308 [pool-37-thread-1] INFO  server.RaftServerConfigKeys (ConfUtils.java:logGet(43)) - raft.server.log.appender.buffer.byte-limit = 33554432 (custom)
2019-09-26 21:18:51,308 [9ce0b59e-153f-4f41-8aed-492a76d80b48@group-806F7D6701F2:LeaderElection54] INFO  server.RaftServerConfigKeys (ConfUtils.java:logGet(43)) - raft.server.rpc.sleep.time = 25ms (default)
2019-09-26 21:18:51,308 [pool-37-thread-1] INFO  server.RaftServerConfigKeys (ConfUtils.java:logGet(43)) - raft.server.log.segment.size.max = 1048576 (custom)
2019-09-26 21:18:51,309 [9ce0b59e-153f-4f41-8aed-492a76d80b48@group-806F7D6701F2:LeaderElection54] INFO  server.RaftServerConfigKeys (ConfUtils.java:logGet(43)) - raft.server.write.element-limit = 4096 (default)
2019-09-26 21:18:51,309 [pool-37-thread-1] INFO  server.RaftServerConfigKeys (ConfUtils.java:logGet(43)) - raft.server.log.segment.cache.num.max = 2 (custom)
2019-09-26 21:18:51,309 [9ce0b59e-153f-4f41-8aed-492a76d80b48@group-806F7D6701F2:LeaderElection54] INFO  server.RaftServerConfigKeys (ConfUtils.java:logGet(43)) - raft.server.watch.timeout = 10s (default)
2019-09-26 21:18:51,309 [pool-37-thread-1] INFO  segmented.SegmentedRaftLogWorker (SegmentedRaftLogWorker.java:<init>(172)) - new 1178c3ae-d0b4-4d44-b144-fe8504cc41ac@group-5EAC8502C8A3-SegmentedRaftLogWorker for RaftStorage:Storage Directory /workdir/hadoop-ozone/ozonefs/target/test-dir/MiniOzoneClusterImpl-5b64906c-d720-4906-b30c-b6d56a2122fd/datanode-1/data/ratis/f1b95201-7c38-401f-806d-5eac8502c8a3
2019-09-26 21:18:51,309 [9ce0b59e-153f-4f41-8aed-492a76d80b48@group-806F7D6701F2:LeaderElection54] INFO  server.RaftServerConfigKeys (ConfUtils.java:logGet(43)) - raft.server.watch.timeout.denomination = 1s (default)
2019-09-26 21:18:51,309 [pool-37-thread-1] INFO  server.RaftServerConfigKeys (ConfUtils.java:logGet(43)) - raft.server.log.queue.byte-limit = 2147483647 (custom)
2019-09-26 21:18:51,309 [9ce0b59e-153f-4f41-8aed-492a76d80b48@group-806F7D6701F2:LeaderElection54] INFO  server.RaftServerConfigKeys (ConfUtils.java:logGet(43)) - raft.server.watch.element-limit = 65536 (default)
2019-09-26 21:18:51,310 [pool-37-thread-1] INFO  server.RaftServerConfigKeys (ConfUtils.java:logGet(43)) - raft.server.log.queue.element-limit = 1024 (custom)
2019-09-26 21:18:51,310 [pool-37-thread-1] INFO  server.RaftServerConfigKeys (ConfUtils.java:logGet(43)) - raft.server.log.segment.size.max = 1048576 (custom)
2019-09-26 21:18:51,310 [pool-37-thread-1] INFO  server.RaftServerConfigKeys (ConfUtils.java:logGet(43)) - raft.server.log.preallocated.size = 16384 (custom)
2019-09-26 21:18:51,310 [pool-37-thread-1] INFO  server.RaftServerConfigKeys (ConfUtils.java:logGet(43)) - raft.server.log.write.buffer.size = 33554432 (custom)
2019-09-26 21:18:51,310 [pool-37-thread-1] INFO  server.RaftServerConfigKeys (ConfUtils.java:logGet(43)) - raft.server.log.force.sync.num = 128 (default)
2019-09-26 21:18:51,310 [pool-37-thread-1] INFO  server.RaftServerConfigKeys (ConfUtils.java:logGet(43)) - raft.server.log.statemachine.data.sync = true (default)
2019-09-26 21:18:51,311 [pool-37-thread-1] INFO  server.RaftServerConfigKeys (ConfUtils.java:logGet(43)) - raft.server.log.statemachine.data.sync.timeout = 10s (default)
2019-09-26 21:18:51,311 [pool-37-thread-1] INFO  server.RaftServerConfigKeys (ConfUtils.java:logGet(43)) - raft.server.log.statemachine.data.sync.timeout.retry = -1 (default)
2019-09-26 21:18:51,311 [pool-37-thread-1] INFO  server.RaftServerConfigKeys (ConfUtils.java:logGet(43)) - raft.server.log.statemachine.data.caching.enabled = true (custom)
2019-09-26 21:18:51,311 [pool-37-thread-1] INFO  segmented.SegmentedRaftLogWorker (SegmentedRaftLogWorker.java:lambda$new$0(132)) - 1178c3ae-d0b4-4d44-b144-fe8504cc41ac@group-5EAC8502C8A3-SegmentedRaftLogWorker: flushIndex: setUnconditionally 0 -> -1
2019-09-26 21:18:51,312 [9ce0b59e-153f-4f41-8aed-492a76d80b48@group-806F7D6701F2:LeaderElection54] INFO  impl.RoleInfo (RoleInfo.java:updateAndGet(143)) - 9ce0b59e-153f-4f41-8aed-492a76d80b48: start LeaderState
2019-09-26 21:18:51,312 [pool-37-thread-1] INFO  server.RaftServerConfigKeys (ConfUtils.java:logGet(43)) - raft.server.snapshot.auto.trigger.enabled = true (custom)
2019-09-26 21:18:51,312 [9ce0b59e-153f-4f41-8aed-492a76d80b48@group-806F7D6701F2:LeaderElection54] INFO  segmented.SegmentedRaftLogWorker (SegmentedRaftLogWorker.java:startLogSegment(380)) - 9ce0b59e-153f-4f41-8aed-492a76d80b48@group-806F7D6701F2-SegmentedRaftLogWorker: Starting segment from index:0
2019-09-26 21:18:51,312 [pool-37-thread-1] INFO  server.RaftServerConfigKeys (ConfUtils.java:logGet(43)) - raft.server.snapshot.auto.trigger.threshold = 10000 (custom)
2019-09-26 21:18:51,312 [pool-37-thread-1] INFO  server.RaftServerConfigKeys (ConfUtils.java:logGet(43)) - raft.server.snapshot.retention.num.files = 5 (custom)
2019-09-26 21:18:51,312 [pool-37-thread-1] INFO  server.RaftServerConfigKeys (ConfUtils.java:logGet(43)) - raft.server.retrycache.expirytime = 600000ms (custom)
2019-09-26 21:18:51,313 [9ce0b59e-153f-4f41-8aed-492a76d80b48@group-806F7D6701F2:LeaderElection54] INFO  impl.RaftServerImpl (ServerState.java:setRaftConf(354)) - 9ce0b59e-153f-4f41-8aed-492a76d80b48@group-806F7D6701F2: set configuration 0: [9ce0b59e-153f-4f41-8aed-492a76d80b48:192.168.151.99:34156], old=null at 0
2019-09-26 21:18:51,315 [pool-37-thread-1] INFO  impl.RaftServerImpl (RaftServerImpl.java:start(185)) - 1178c3ae-d0b4-4d44-b144-fe8504cc41ac@group-5EAC8502C8A3: start as a follower, conf=-1: [1178c3ae-d0b4-4d44-b144-fe8504cc41ac:192.168.151.99:33787], old=null
2019-09-26 21:18:51,315 [pool-37-thread-1] INFO  impl.RaftServerImpl (RaftServerImpl.java:setRole(174)) - 1178c3ae-d0b4-4d44-b144-fe8504cc41ac@group-5EAC8502C8A3: changes role from      null to FOLLOWER at term 0 for startAsFollower
2019-09-26 21:18:51,315 [pool-37-thread-1] INFO  impl.RoleInfo (RoleInfo.java:updateAndGet(143)) - 1178c3ae-d0b4-4d44-b144-fe8504cc41ac: start FollowerState
2019-09-26 21:18:51,315 [pool-37-thread-1] INFO  util.JmxRegister (JmxRegister.java:tryRegister(44)) - Successfully registered JMX Bean with object name Ratis:service=RaftServer,group=group-5EAC8502C8A3,id=1178c3ae-d0b4-4d44-b144-fe8504cc41ac
2019-09-26 21:18:51,318 [RatisPipelineUtilsThread] INFO  pipeline.PipelineStateManager (PipelineStateManager.java:addPipeline(56)) - Created pipeline Pipeline[ Id: f1b95201-7c38-401f-806d-5eac8502c8a3, Nodes: 1178c3ae-d0b4-4d44-b144-fe8504cc41ac{ip: 192.168.151.99, host: pr-hdds-1569-g6sp5-2013761785, networkLocation: /default-rack, certSerialId: null}, Type:RATIS, Factor:ONE, State:OPEN]
2019-09-26 21:18:51,323 [grpc-default-executor-1] INFO  impl.RaftServerProxy (RaftServerProxy.java:addNew(89)) - 1178c3ae-d0b4-4d44-b144-fe8504cc41ac: addNew group-FD9251D15172:[1178c3ae-d0b4-4d44-b144-fe8504cc41ac:192.168.151.99:33787] returns group-FD9251D15172:java.util.concurrent.CompletableFuture@430446b1[Not completed]
2019-09-26 21:18:51,325 [pool-37-thread-1] INFO  impl.RaftServerImpl (RaftServerImpl.java:<init>(95)) - 1178c3ae-d0b4-4d44-b144-fe8504cc41ac: new RaftServerImpl for group-FD9251D15172:[1178c3ae-d0b4-4d44-b144-fe8504cc41ac:192.168.151.99:33787] with ContainerStateMachine:uninitialized
2019-09-26 21:18:51,325 [pool-37-thread-1] INFO  server.RaftServerConfigKeys (ConfUtils.java:logGet(43)) - raft.server.rpc.timeout.min = 5s (custom)
2019-09-26 21:18:51,325 [pool-37-thread-1] INFO  server.RaftServerConfigKeys (ConfUtils.java:logGet(43)) - raft.server.rpc.timeout.max = 5200ms (custom)
2019-09-26 21:18:51,325 [pool-37-thread-1] INFO  server.RaftServerConfigKeys (ConfUtils.java:logGet(43)) - raft.server.rpcslowness.timeout = 120s (custom)
2019-09-26 21:18:51,325 [pool-37-thread-1] INFO  server.RaftServerConfigKeys (ConfUtils.java:logGet(43)) - raft.server.sleep.deviation.threshold = 300 (default)
2019-09-26 21:18:51,325 [pool-37-thread-1] INFO  server.RaftServerConfigKeys (ConfUtils.java:logGet(43)) - raft.server.log.appender.install.snapshot.enabled = false (custom)
2019-09-26 21:18:51,325 [pool-37-thread-1] INFO  impl.RaftServerImpl (ServerState.java:<init>(103)) - 1178c3ae-d0b4-4d44-b144-fe8504cc41ac@group-FD9251D15172: ConfigurationManager, init=-1: [1178c3ae-d0b4-4d44-b144-fe8504cc41ac:192.168.151.99:33787], old=null, confs=<EMPTY_MAP>
2019-09-26 21:18:51,325 [pool-37-thread-1] INFO  server.RaftServerConfigKeys (ConfUtils.java:logGet(43)) - raft.server.storage.dir = [/workdir/hadoop-ozone/ozonefs/target/test-dir/MiniOzoneClusterImpl-5b64906c-d720-4906-b30c-b6d56a2122fd/datanode-1/data/ratis] (custom)
2019-09-26 21:18:51,326 [pool-37-thread-1] INFO  storage.RaftStorageDirectory (RaftStorageDirectory.java:analyzeStorage(246)) - The storage directory /workdir/hadoop-ozone/ozonefs/target/test-dir/MiniOzoneClusterImpl-5b64906c-d720-4906-b30c-b6d56a2122fd/datanode-1/data/ratis/8d3cde78-c1b9-4eba-adb1-fd9251d15172 does not exist. Creating ...
2019-09-26 21:18:51,338 [pool-37-thread-1] INFO  storage.RaftStorageDirectory (RaftStorageDirectory.java:tryLock(328)) - Lock on /workdir/hadoop-ozone/ozonefs/target/test-dir/MiniOzoneClusterImpl-5b64906c-d720-4906-b30c-b6d56a2122fd/datanode-1/data/ratis/8d3cde78-c1b9-4eba-adb1-fd9251d15172/in_use.lock acquired by nodename 10701@pr-hdds-1569-g6sp5-2013761785
2019-09-26 21:18:51,338 [09112efe-1fad-4539-a04f-c96aef6d2351@group-F7FA03E48975-SegmentedRaftLogWorker] INFO  segmented.SegmentedRaftLogWorker (SegmentedRaftLogWorker.java:execute(569)) - 09112efe-1fad-4539-a04f-c96aef6d2351@group-F7FA03E48975-SegmentedRaftLogWorker: created new log segment /workdir/hadoop-ozone/ozonefs/target/test-dir/MiniOzoneClusterImpl-5b64906c-d720-4906-b30c-b6d56a2122fd/datanode-2/data/ratis/e8a69a6f-0ea1-42d2-b5ae-f7fa03e48975/current/log_inprogress_0
2019-09-26 21:18:51,352 [pool-37-thread-1] INFO  storage.RaftStorage (RaftStorage.java:format(72)) - Storage directory /workdir/hadoop-ozone/ozonefs/target/test-dir/MiniOzoneClusterImpl-5b64906c-d720-4906-b30c-b6d56a2122fd/datanode-1/data/ratis/8d3cde78-c1b9-4eba-adb1-fd9251d15172 has been successfully formatted.
2019-09-26 21:18:51,352 [pool-37-thread-1] INFO  ratis.ContainerStateMachine (ContainerStateMachine.java:loadSnapshot(230)) - group-FD9251D15172: The snapshot info is null. Setting the last applied indexto:(t:0, i:~)
2019-09-26 21:18:51,352 [pool-37-thread-1] INFO  server.RaftServerConfigKeys (ConfUtils.java:logGet(43)) - raft.server.notification.no-leader.timeout = 120s (custom)
2019-09-26 21:18:51,352 [pool-37-thread-1] INFO  server.RaftServerConfigKeys (ConfUtils.java:logGet(43)) - raft.server.log.use.memory = false (default)
2019-09-26 21:18:51,353 [pool-37-thread-1] INFO  server.RaftServerConfigKeys (ConfUtils.java:logGet(43)) - raft.server.log.purge.gap = 1000000 (custom)
2019-09-26 21:18:51,353 [pool-37-thread-1] INFO  server.RaftServerConfigKeys (ConfUtils.java:logGet(43)) - raft.server.log.appender.buffer.byte-limit = 33554432 (custom)
2019-09-26 21:18:51,353 [9ce0b59e-153f-4f41-8aed-492a76d80b48@group-806F7D6701F2-SegmentedRaftLogWorker] INFO  segmented.SegmentedRaftLogWorker (SegmentedRaftLogWorker.java:execute(569)) - 9ce0b59e-153f-4f41-8aed-492a76d80b48@group-806F7D6701F2-SegmentedRaftLogWorker: created new log segment /workdir/hadoop-ozone/ozonefs/target/test-dir/MiniOzoneClusterImpl-5b64906c-d720-4906-b30c-b6d56a2122fd/datanode-0/data/ratis/5d559848-b420-44f2-8660-806f7d6701f2/current/log_inprogress_0
2019-09-26 21:18:51,353 [pool-37-thread-1] INFO  server.RaftServerConfigKeys (ConfUtils.java:logGet(43)) - raft.server.log.segment.size.max = 1048576 (custom)
2019-09-26 21:18:51,353 [pool-37-thread-1] INFO  server.RaftServerConfigKeys (ConfUtils.java:logGet(43)) - raft.server.log.segment.cache.num.max = 2 (custom)
2019-09-26 21:18:51,353 [pool-37-thread-1] INFO  segmented.SegmentedRaftLogWorker (SegmentedRaftLogWorker.java:<init>(172)) - new 1178c3ae-d0b4-4d44-b144-fe8504cc41ac@group-FD9251D15172-SegmentedRaftLogWorker for RaftStorage:Storage Directory /workdir/hadoop-ozone/ozonefs/target/test-dir/MiniOzoneClusterImpl-5b64906c-d720-4906-b30c-b6d56a2122fd/datanode-1/data/ratis/8d3cde78-c1b9-4eba-adb1-fd9251d15172
2019-09-26 21:18:51,354 [pool-37-thread-1] INFO  server.RaftServerConfigKeys (ConfUtils.java:logGet(43)) - raft.server.log.queue.byte-limit = 2147483647 (custom)
2019-09-26 21:18:51,354 [pool-37-thread-1] INFO  server.RaftServerConfigKeys (ConfUtils.java:logGet(43)) - raft.server.log.queue.element-limit = 1024 (custom)
2019-09-26 21:18:51,354 [pool-37-thread-1] INFO  server.RaftServerConfigKeys (ConfUtils.java:logGet(43)) - raft.server.log.segment.size.max = 1048576 (custom)
2019-09-26 21:18:51,354 [pool-37-thread-1] INFO  server.RaftServerConfigKeys (ConfUtils.java:logGet(43)) - raft.server.log.preallocated.size = 16384 (custom)
2019-09-26 21:18:51,354 [pool-37-thread-1] INFO  server.RaftServerConfigKeys (ConfUtils.java:logGet(43)) - raft.server.log.write.buffer.size = 33554432 (custom)
2019-09-26 21:18:51,354 [pool-37-thread-1] INFO  server.RaftServerConfigKeys (ConfUtils.java:logGet(43)) - raft.server.log.force.sync.num = 128 (default)
2019-09-26 21:18:51,354 [pool-37-thread-1] INFO  server.RaftServerConfigKeys (ConfUtils.java:logGet(43)) - raft.server.log.statemachine.data.sync = true (default)
2019-09-26 21:18:51,355 [pool-37-thread-1] INFO  server.RaftServerConfigKeys (ConfUtils.java:logGet(43)) - raft.server.log.statemachine.data.sync.timeout = 10s (default)
2019-09-26 21:18:51,355 [pool-37-thread-1] INFO  server.RaftServerConfigKeys (ConfUtils.java:logGet(43)) - raft.server.log.statemachine.data.sync.timeout.retry = -1 (default)
2019-09-26 21:18:51,355 [pool-37-thread-1] INFO  server.RaftServerConfigKeys (ConfUtils.java:logGet(43)) - raft.server.log.statemachine.data.caching.enabled = true (custom)
2019-09-26 21:18:51,355 [pool-37-thread-1] INFO  segmented.SegmentedRaftLogWorker (SegmentedRaftLogWorker.java:lambda$new$0(132)) - 1178c3ae-d0b4-4d44-b144-fe8504cc41ac@group-FD9251D15172-SegmentedRaftLogWorker: flushIndex: setUnconditionally 0 -> -1
2019-09-26 21:18:51,355 [pool-37-thread-1] INFO  server.RaftServerConfigKeys (ConfUtils.java:logGet(43)) - raft.server.snapshot.auto.trigger.enabled = true (custom)
2019-09-26 21:18:51,356 [pool-37-thread-1] INFO  server.RaftServerConfigKeys (ConfUtils.java:logGet(43)) - raft.server.snapshot.auto.trigger.threshold = 10000 (custom)
2019-09-26 21:18:51,356 [pool-37-thread-1] INFO  server.RaftServerConfigKeys (ConfUtils.java:logGet(43)) - raft.server.snapshot.retention.num.files = 5 (custom)
2019-09-26 21:18:51,356 [pool-37-thread-1] INFO  server.RaftServerConfigKeys (ConfUtils.java:logGet(43)) - raft.server.retrycache.expirytime = 600000ms (custom)
2019-09-26 21:18:51,358 [pool-37-thread-1] INFO  impl.RaftServerImpl (RaftServerImpl.java:start(185)) - 1178c3ae-d0b4-4d44-b144-fe8504cc41ac@group-FD9251D15172: start as a follower, conf=-1: [1178c3ae-d0b4-4d44-b144-fe8504cc41ac:192.168.151.99:33787], old=null
2019-09-26 21:18:51,358 [pool-37-thread-1] INFO  impl.RaftServerImpl (RaftServerImpl.java:setRole(174)) - 1178c3ae-d0b4-4d44-b144-fe8504cc41ac@group-FD9251D15172: changes role from      null to FOLLOWER at term 0 for startAsFollower
2019-09-26 21:18:51,358 [pool-37-thread-1] INFO  impl.RoleInfo (RoleInfo.java:updateAndGet(143)) - 1178c3ae-d0b4-4d44-b144-fe8504cc41ac: start FollowerState
2019-09-26 21:18:51,359 [pool-37-thread-1] INFO  util.JmxRegister (JmxRegister.java:tryRegister(44)) - Successfully registered JMX Bean with object name Ratis:service=RaftServer,group=group-FD9251D15172,id=1178c3ae-d0b4-4d44-b144-fe8504cc41ac
2019-09-26 21:18:51,362 [RatisPipelineUtilsThread] INFO  pipeline.PipelineStateManager (PipelineStateManager.java:addPipeline(56)) - Created pipeline Pipeline[ Id: 8d3cde78-c1b9-4eba-adb1-fd9251d15172, Nodes: 1178c3ae-d0b4-4d44-b144-fe8504cc41ac{ip: 192.168.151.99, host: pr-hdds-1569-g6sp5-2013761785, networkLocation: /default-rack, certSerialId: null}, Type:RATIS, Factor:ONE, State:OPEN]
2019-09-26 21:18:51,367 [grpc-default-executor-1] INFO  impl.RaftServerProxy (RaftServerProxy.java:addNew(89)) - 9ce0b59e-153f-4f41-8aed-492a76d80b48: addNew group-00CF13531264:[9ce0b59e-153f-4f41-8aed-492a76d80b48:192.168.151.99:34156] returns group-00CF13531264:java.util.concurrent.CompletableFuture@5bac9bed[Not completed]
2019-09-26 21:18:51,367 [Thread-382] INFO  impl.FollowerState (FollowerState.java:run(106)) - da833d8d-e72a-4068-9560-4daa2d83adc2:group-D1D0F3AC29A1 changes to CANDIDATE, lastRpcTime:5056, electionTimeout:5056ms
2019-09-26 21:18:51,368 [Thread-382] INFO  impl.RoleInfo (RoleInfo.java:shutdownFollowerState(121)) - da833d8d-e72a-4068-9560-4daa2d83adc2: shutdown FollowerState
2019-09-26 21:18:51,368 [Thread-382] INFO  impl.RaftServerImpl (RaftServerImpl.java:setRole(174)) - da833d8d-e72a-4068-9560-4daa2d83adc2@group-D1D0F3AC29A1: changes role from  FOLLOWER to CANDIDATE at term 0 for changeToCandidate
2019-09-26 21:18:51,368 [Thread-382] INFO  impl.RoleInfo (RoleInfo.java:updateAndGet(143)) - da833d8d-e72a-4068-9560-4daa2d83adc2: start LeaderElection
2019-09-26 21:18:51,369 [pool-27-thread-1] INFO  impl.RaftServerImpl (RaftServerImpl.java:<init>(95)) - 9ce0b59e-153f-4f41-8aed-492a76d80b48: new RaftServerImpl for group-00CF13531264:[9ce0b59e-153f-4f41-8aed-492a76d80b48:192.168.151.99:34156] with ContainerStateMachine:uninitialized
2019-09-26 21:18:51,369 [pool-27-thread-1] INFO  server.RaftServerConfigKeys (ConfUtils.java:logGet(43)) - raft.server.rpc.timeout.min = 5s (custom)
2019-09-26 21:18:51,369 [pool-27-thread-1] INFO  server.RaftServerConfigKeys (ConfUtils.java:logGet(43)) - raft.server.rpc.timeout.max = 5200ms (custom)
2019-09-26 21:18:51,369 [pool-27-thread-1] INFO  server.RaftServerConfigKeys (ConfUtils.java:logGet(43)) - raft.server.rpcslowness.timeout = 120s (custom)
2019-09-26 21:18:51,369 [pool-27-thread-1] INFO  server.RaftServerConfigKeys (ConfUtils.java:logGet(43)) - raft.server.sleep.deviation.threshold = 300 (default)
2019-09-26 21:18:51,370 [pool-27-thread-1] INFO  server.RaftServerConfigKeys (ConfUtils.java:logGet(43)) - raft.server.log.appender.install.snapshot.enabled = false (custom)
2019-09-26 21:18:51,370 [pool-27-thread-1] INFO  impl.RaftServerImpl (ServerState.java:<init>(103)) - 9ce0b59e-153f-4f41-8aed-492a76d80b48@group-00CF13531264: ConfigurationManager, init=-1: [9ce0b59e-153f-4f41-8aed-492a76d80b48:192.168.151.99:34156], old=null, confs=<EMPTY_MAP>
2019-09-26 21:18:51,370 [pool-27-thread-1] INFO  server.RaftServerConfigKeys (ConfUtils.java:logGet(43)) - raft.server.storage.dir = [/workdir/hadoop-ozone/ozonefs/target/test-dir/MiniOzoneClusterImpl-5b64906c-d720-4906-b30c-b6d56a2122fd/datanode-0/data/ratis] (custom)
2019-09-26 21:18:51,371 [pool-27-thread-1] INFO  storage.RaftStorageDirectory (RaftStorageDirectory.java:analyzeStorage(246)) - The storage directory /workdir/hadoop-ozone/ozonefs/target/test-dir/MiniOzoneClusterImpl-5b64906c-d720-4906-b30c-b6d56a2122fd/datanode-0/data/ratis/36c735ab-1a9b-43fc-94ea-00cf13531264 does not exist. Creating ...
2019-09-26 21:18:51,382 [pool-27-thread-1] INFO  storage.RaftStorageDirectory (RaftStorageDirectory.java:tryLock(328)) - Lock on /workdir/hadoop-ozone/ozonefs/target/test-dir/MiniOzoneClusterImpl-5b64906c-d720-4906-b30c-b6d56a2122fd/datanode-0/data/ratis/36c735ab-1a9b-43fc-94ea-00cf13531264/in_use.lock acquired by nodename 10701@pr-hdds-1569-g6sp5-2013761785
2019-09-26 21:18:51,382 [da833d8d-e72a-4068-9560-4daa2d83adc2@group-D1D0F3AC29A1:LeaderElection55] INFO  impl.LeaderElection (LeaderElection.java:askForVotes(182)) - da833d8d-e72a-4068-9560-4daa2d83adc2@group-D1D0F3AC29A1:LeaderElection55: begin an election at term 1 for -1: [da833d8d-e72a-4068-9560-4daa2d83adc2:192.168.151.99:38903], old=null
2019-09-26 21:18:51,382 [da833d8d-e72a-4068-9560-4daa2d83adc2@group-D1D0F3AC29A1:LeaderElection55] INFO  impl.RoleInfo (RoleInfo.java:shutdownLeaderElection(134)) - da833d8d-e72a-4068-9560-4daa2d83adc2: shutdown LeaderElection
2019-09-26 21:18:51,383 [da833d8d-e72a-4068-9560-4daa2d83adc2@group-D1D0F3AC29A1:LeaderElection55] INFO  impl.RaftServerImpl (RaftServerImpl.java:setRole(174)) - da833d8d-e72a-4068-9560-4daa2d83adc2@group-D1D0F3AC29A1: changes role from CANDIDATE to LEADER at term 1 for changeToLeader
2019-09-26 21:18:51,383 [da833d8d-e72a-4068-9560-4daa2d83adc2@group-D1D0F3AC29A1:LeaderElection55] INFO  impl.RaftServerImpl (ServerState.java:setLeader(253)) - da833d8d-e72a-4068-9560-4daa2d83adc2@group-D1D0F3AC29A1: change Leader from null to da833d8d-e72a-4068-9560-4daa2d83adc2 at term 1 for becomeLeader, leader elected after 5078ms
2019-09-26 21:18:51,383 [da833d8d-e72a-4068-9560-4daa2d83adc2@group-D1D0F3AC29A1:LeaderElection55] INFO  server.RaftServerConfigKeys (ConfUtils.java:logGet(43)) - raft.server.staging.catchup.gap = 1000 (default)
2019-09-26 21:18:51,383 [da833d8d-e72a-4068-9560-4daa2d83adc2@group-D1D0F3AC29A1:LeaderElection55] INFO  server.RaftServerConfigKeys (ConfUtils.java:logGet(43)) - raft.server.rpc.sleep.time = 25ms (default)
2019-09-26 21:18:51,383 [da833d8d-e72a-4068-9560-4daa2d83adc2@group-D1D0F3AC29A1:LeaderElection55] INFO  server.RaftServerConfigKeys (ConfUtils.java:logGet(43)) - raft.server.write.element-limit = 4096 (default)
2019-09-26 21:18:51,383 [da833d8d-e72a-4068-9560-4daa2d83adc2@group-D1D0F3AC29A1:LeaderElection55] INFO  server.RaftServerConfigKeys (ConfUtils.java:logGet(43)) - raft.server.watch.timeout = 10s (default)
2019-09-26 21:18:51,383 [da833d8d-e72a-4068-9560-4daa2d83adc2@group-D1D0F3AC29A1:LeaderElection55] INFO  server.RaftServerConfigKeys (ConfUtils.java:logGet(43)) - raft.server.watch.timeout.denomination = 1s (default)
2019-09-26 21:18:51,384 [da833d8d-e72a-4068-9560-4daa2d83adc2@group-D1D0F3AC29A1:LeaderElection55] INFO  server.RaftServerConfigKeys (ConfUtils.java:logGet(43)) - raft.server.watch.element-limit = 65536 (default)
2019-09-26 21:18:51,386 [da833d8d-e72a-4068-9560-4daa2d83adc2@group-D1D0F3AC29A1:LeaderElection55] INFO  impl.RoleInfo (RoleInfo.java:updateAndGet(143)) - da833d8d-e72a-4068-9560-4daa2d83adc2: start LeaderState
2019-09-26 21:18:51,386 [da833d8d-e72a-4068-9560-4daa2d83adc2@group-D1D0F3AC29A1:LeaderElection55] INFO  segmented.SegmentedRaftLogWorker (SegmentedRaftLogWorker.java:startLogSegment(380)) - da833d8d-e72a-4068-9560-4daa2d83adc2@group-D1D0F3AC29A1-SegmentedRaftLogWorker: Starting segment from index:0
2019-09-26 21:18:51,387 [da833d8d-e72a-4068-9560-4daa2d83adc2@group-D1D0F3AC29A1:LeaderElection55] INFO  impl.RaftServerImpl (ServerState.java:setRaftConf(354)) - da833d8d-e72a-4068-9560-4daa2d83adc2@group-D1D0F3AC29A1: set configuration 0: [da833d8d-e72a-4068-9560-4daa2d83adc2:192.168.151.99:38903], old=null at 0
2019-09-26 21:18:51,395 [pool-27-thread-1] INFO  storage.RaftStorage (RaftStorage.java:format(72)) - Storage directory /workdir/hadoop-ozone/ozonefs/target/test-dir/MiniOzoneClusterImpl-5b64906c-d720-4906-b30c-b6d56a2122fd/datanode-0/data/ratis/36c735ab-1a9b-43fc-94ea-00cf13531264 has been successfully formatted.
2019-09-26 21:18:51,396 [pool-27-thread-1] INFO  ratis.ContainerStateMachine (ContainerStateMachine.java:loadSnapshot(230)) - group-00CF13531264: The snapshot info is null. Setting the last applied indexto:(t:0, i:~)
2019-09-26 21:18:51,396 [pool-27-thread-1] INFO  server.RaftServerConfigKeys (ConfUtils.java:logGet(43)) - raft.server.notification.no-leader.timeout = 120s (custom)
2019-09-26 21:18:51,396 [pool-27-thread-1] INFO  server.RaftServerConfigKeys (ConfUtils.java:logGet(43)) - raft.server.log.use.memory = false (default)
2019-09-26 21:18:51,396 [pool-27-thread-1] INFO  server.RaftServerConfigKeys (ConfUtils.java:logGet(43)) - raft.server.log.purge.gap = 1000000 (custom)
2019-09-26 21:18:51,396 [pool-27-thread-1] INFO  server.RaftServerConfigKeys (ConfUtils.java:logGet(43)) - raft.server.log.appender.buffer.byte-limit = 33554432 (custom)
2019-09-26 21:18:51,396 [pool-27-thread-1] INFO  server.RaftServerConfigKeys (ConfUtils.java:logGet(43)) - raft.server.log.segment.size.max = 1048576 (custom)
2019-09-26 21:18:51,397 [pool-27-thread-1] INFO  server.RaftServerConfigKeys (ConfUtils.java:logGet(43)) - raft.server.log.segment.cache.num.max = 2 (custom)
2019-09-26 21:18:51,397 [pool-27-thread-1] INFO  segmented.SegmentedRaftLogWorker (SegmentedRaftLogWorker.java:<init>(172)) - new 9ce0b59e-153f-4f41-8aed-492a76d80b48@group-00CF13531264-SegmentedRaftLogWorker for RaftStorage:Storage Directory /workdir/hadoop-ozone/ozonefs/target/test-dir/MiniOzoneClusterImpl-5b64906c-d720-4906-b30c-b6d56a2122fd/datanode-0/data/ratis/36c735ab-1a9b-43fc-94ea-00cf13531264
2019-09-26 21:18:51,397 [pool-27-thread-1] INFO  server.RaftServerConfigKeys (ConfUtils.java:logGet(43)) - raft.server.log.queue.byte-limit = 2147483647 (custom)
2019-09-26 21:18:51,397 [pool-27-thread-1] INFO  server.RaftServerConfigKeys (ConfUtils.java:logGet(43)) - raft.server.log.queue.element-limit = 1024 (custom)
2019-09-26 21:18:51,397 [pool-27-thread-1] INFO  server.RaftServerConfigKeys (ConfUtils.java:logGet(43)) - raft.server.log.segment.size.max = 1048576 (custom)
2019-09-26 21:18:51,397 [pool-27-thread-1] INFO  server.RaftServerConfigKeys (ConfUtils.java:logGet(43)) - raft.server.log.preallocated.size = 16384 (custom)
2019-09-26 21:18:51,398 [pool-27-thread-1] INFO  server.RaftServerConfigKeys (ConfUtils.java:logGet(43)) - raft.server.log.write.buffer.size = 33554432 (custom)
2019-09-26 21:18:51,398 [pool-27-thread-1] INFO  server.RaftServerConfigKeys (ConfUtils.java:logGet(43)) - raft.server.log.force.sync.num = 128 (default)
2019-09-26 21:18:51,398 [pool-27-thread-1] INFO  server.RaftServerConfigKeys (ConfUtils.java:logGet(43)) - raft.server.log.statemachine.data.sync = true (default)
2019-09-26 21:18:51,398 [pool-27-thread-1] INFO  server.RaftServerConfigKeys (ConfUtils.java:logGet(43)) - raft.server.log.statemachine.data.sync.timeout = 10s (default)
2019-09-26 21:18:51,398 [pool-27-thread-1] INFO  server.RaftServerConfigKeys (ConfUtils.java:logGet(43)) - raft.server.log.statemachine.data.sync.timeout.retry = -1 (default)
2019-09-26 21:18:51,398 [pool-27-thread-1] INFO  server.RaftServerConfigKeys (ConfUtils.java:logGet(43)) - raft.server.log.statemachine.data.caching.enabled = true (custom)
2019-09-26 21:18:51,399 [pool-27-thread-1] INFO  segmented.SegmentedRaftLogWorker (SegmentedRaftLogWorker.java:lambda$new$0(132)) - 9ce0b59e-153f-4f41-8aed-492a76d80b48@group-00CF13531264-SegmentedRaftLogWorker: flushIndex: setUnconditionally 0 -> -1
2019-09-26 21:18:51,399 [pool-27-thread-1] INFO  server.RaftServerConfigKeys (ConfUtils.java:logGet(43)) - raft.server.snapshot.auto.trigger.enabled = true (custom)
2019-09-26 21:18:51,399 [pool-27-thread-1] INFO  server.RaftServerConfigKeys (ConfUtils.java:logGet(43)) - raft.server.snapshot.auto.trigger.threshold = 10000 (custom)
2019-09-26 21:18:51,399 [pool-27-thread-1] INFO  server.RaftServerConfigKeys (ConfUtils.java:logGet(43)) - raft.server.snapshot.retention.num.files = 5 (custom)
2019-09-26 21:18:51,400 [pool-27-thread-1] INFO  server.RaftServerConfigKeys (ConfUtils.java:logGet(43)) - raft.server.retrycache.expirytime = 600000ms (custom)
2019-09-26 21:18:51,402 [pool-27-thread-1] INFO  impl.RaftServerImpl (RaftServerImpl.java:start(185)) - 9ce0b59e-153f-4f41-8aed-492a76d80b48@group-00CF13531264: start as a follower, conf=-1: [9ce0b59e-153f-4f41-8aed-492a76d80b48:192.168.151.99:34156], old=null
2019-09-26 21:18:51,402 [pool-27-thread-1] INFO  impl.RaftServerImpl (RaftServerImpl.java:setRole(174)) - 9ce0b59e-153f-4f41-8aed-492a76d80b48@group-00CF13531264: changes role from      null to FOLLOWER at term 0 for startAsFollower
2019-09-26 21:18:51,402 [pool-27-thread-1] INFO  impl.RoleInfo (RoleInfo.java:updateAndGet(143)) - 9ce0b59e-153f-4f41-8aed-492a76d80b48: start FollowerState
2019-09-26 21:18:51,403 [pool-27-thread-1] INFO  util.JmxRegister (JmxRegister.java:tryRegister(44)) - Successfully registered JMX Bean with object name Ratis:service=RaftServer,group=group-00CF13531264,id=9ce0b59e-153f-4f41-8aed-492a76d80b48
2019-09-26 21:18:51,407 [RatisPipelineUtilsThread] INFO  pipeline.PipelineStateManager (PipelineStateManager.java:addPipeline(56)) - Created pipeline Pipeline[ Id: 36c735ab-1a9b-43fc-94ea-00cf13531264, Nodes: 9ce0b59e-153f-4f41-8aed-492a76d80b48{ip: 192.168.151.99, host: pr-hdds-1569-g6sp5-2013761785, networkLocation: /default-rack, certSerialId: null}, Type:RATIS, Factor:ONE, State:OPEN]
2019-09-26 21:18:51,407 [Thread-379] INFO  impl.FollowerState (FollowerState.java:run(106)) - 1178c3ae-d0b4-4d44-b144-fe8504cc41ac:group-1D9A451B1D63 changes to CANDIDATE, lastRpcTime:5143, electionTimeout:5143ms
2019-09-26 21:18:51,407 [Thread-379] INFO  impl.RoleInfo (RoleInfo.java:shutdownFollowerState(121)) - 1178c3ae-d0b4-4d44-b144-fe8504cc41ac: shutdown FollowerState
2019-09-26 21:18:51,407 [Thread-379] INFO  impl.RaftServerImpl (RaftServerImpl.java:setRole(174)) - 1178c3ae-d0b4-4d44-b144-fe8504cc41ac@group-1D9A451B1D63: changes role from  FOLLOWER to CANDIDATE at term 0 for changeToCandidate
2019-09-26 21:18:51,407 [Thread-379] INFO  impl.RoleInfo (RoleInfo.java:updateAndGet(143)) - 1178c3ae-d0b4-4d44-b144-fe8504cc41ac: start LeaderElection
2019-09-26 21:18:51,412 [grpc-default-executor-1] INFO  impl.RaftServerProxy (RaftServerProxy.java:addNew(89)) - 9ce0b59e-153f-4f41-8aed-492a76d80b48: addNew group-3B90256A708A:[9ce0b59e-153f-4f41-8aed-492a76d80b48:192.168.151.99:34156] returns group-3B90256A708A:java.util.concurrent.CompletableFuture@7878f5d2[Not completed]
2019-09-26 21:18:51,414 [pool-27-thread-1] INFO  impl.RaftServerImpl (RaftServerImpl.java:<init>(95)) - 9ce0b59e-153f-4f41-8aed-492a76d80b48: new RaftServerImpl for group-3B90256A708A:[9ce0b59e-153f-4f41-8aed-492a76d80b48:192.168.151.99:34156] with ContainerStateMachine:uninitialized
2019-09-26 21:18:51,414 [pool-27-thread-1] INFO  server.RaftServerConfigKeys (ConfUtils.java:logGet(43)) - raft.server.rpc.timeout.min = 5s (custom)
2019-09-26 21:18:51,414 [pool-27-thread-1] INFO  server.RaftServerConfigKeys (ConfUtils.java:logGet(43)) - raft.server.rpc.timeout.max = 5200ms (custom)
2019-09-26 21:18:51,414 [pool-27-thread-1] INFO  server.RaftServerConfigKeys (ConfUtils.java:logGet(43)) - raft.server.rpcslowness.timeout = 120s (custom)
2019-09-26 21:18:51,414 [pool-27-thread-1] INFO  server.RaftServerConfigKeys (ConfUtils.java:logGet(43)) - raft.server.sleep.deviation.threshold = 300 (default)
2019-09-26 21:18:51,415 [pool-27-thread-1] INFO  server.RaftServerConfigKeys (ConfUtils.java:logGet(43)) - raft.server.log.appender.install.snapshot.enabled = false (custom)
2019-09-26 21:18:51,415 [pool-27-thread-1] INFO  impl.RaftServerImpl (ServerState.java:<init>(103)) - 9ce0b59e-153f-4f41-8aed-492a76d80b48@group-3B90256A708A: ConfigurationManager, init=-1: [9ce0b59e-153f-4f41-8aed-492a76d80b48:192.168.151.99:34156], old=null, confs=<EMPTY_MAP>
2019-09-26 21:18:51,415 [pool-27-thread-1] INFO  server.RaftServerConfigKeys (ConfUtils.java:logGet(43)) - raft.server.storage.dir = [/workdir/hadoop-ozone/ozonefs/target/test-dir/MiniOzoneClusterImpl-5b64906c-d720-4906-b30c-b6d56a2122fd/datanode-0/data/ratis] (custom)
2019-09-26 21:18:51,416 [pool-27-thread-1] INFO  storage.RaftStorageDirectory (RaftStorageDirectory.java:analyzeStorage(246)) - The storage directory /workdir/hadoop-ozone/ozonefs/target/test-dir/MiniOzoneClusterImpl-5b64906c-d720-4906-b30c-b6d56a2122fd/datanode-0/data/ratis/c5ca932f-2e91-4417-b360-3b90256a708a does not exist. Creating ...
2019-09-26 21:18:51,422 [pool-27-thread-1] INFO  storage.RaftStorageDirectory (RaftStorageDirectory.java:tryLock(328)) - Lock on /workdir/hadoop-ozone/ozonefs/target/test-dir/MiniOzoneClusterImpl-5b64906c-d720-4906-b30c-b6d56a2122fd/datanode-0/data/ratis/c5ca932f-2e91-4417-b360-3b90256a708a/in_use.lock acquired by nodename 10701@pr-hdds-1569-g6sp5-2013761785
2019-09-26 21:18:51,422 [1178c3ae-d0b4-4d44-b144-fe8504cc41ac@group-1D9A451B1D63:LeaderElection56] INFO  impl.LeaderElection (LeaderElection.java:askForVotes(182)) - 1178c3ae-d0b4-4d44-b144-fe8504cc41ac@group-1D9A451B1D63:LeaderElection56: begin an election at term 1 for -1: [1178c3ae-d0b4-4d44-b144-fe8504cc41ac:192.168.151.99:33787], old=null
2019-09-26 21:18:51,423 [1178c3ae-d0b4-4d44-b144-fe8504cc41ac@group-1D9A451B1D63:LeaderElection56] INFO  impl.RoleInfo (RoleInfo.java:shutdownLeaderElection(134)) - 1178c3ae-d0b4-4d44-b144-fe8504cc41ac: shutdown LeaderElection
2019-09-26 21:18:51,423 [1178c3ae-d0b4-4d44-b144-fe8504cc41ac@group-1D9A451B1D63:LeaderElection56] INFO  impl.RaftServerImpl (RaftServerImpl.java:setRole(174)) - 1178c3ae-d0b4-4d44-b144-fe8504cc41ac@group-1D9A451B1D63: changes role from CANDIDATE to LEADER at term 1 for changeToLeader
2019-09-26 21:18:51,423 [1178c3ae-d0b4-4d44-b144-fe8504cc41ac@group-1D9A451B1D63:LeaderElection56] INFO  impl.RaftServerImpl (ServerState.java:setLeader(253)) - 1178c3ae-d0b4-4d44-b144-fe8504cc41ac@group-1D9A451B1D63: change Leader from null to 1178c3ae-d0b4-4d44-b144-fe8504cc41ac at term 1 for becomeLeader, leader elected after 5167ms
2019-09-26 21:18:51,423 [1178c3ae-d0b4-4d44-b144-fe8504cc41ac@group-1D9A451B1D63:LeaderElection56] INFO  server.RaftServerConfigKeys (ConfUtils.java:logGet(43)) - raft.server.staging.catchup.gap = 1000 (default)
2019-09-26 21:18:51,424 [1178c3ae-d0b4-4d44-b144-fe8504cc41ac@group-1D9A451B1D63:LeaderElection56] INFO  server.RaftServerConfigKeys (ConfUtils.java:logGet(43)) - raft.server.rpc.sleep.time = 25ms (default)
2019-09-26 21:18:51,424 [1178c3ae-d0b4-4d44-b144-fe8504cc41ac@group-1D9A451B1D63:LeaderElection56] INFO  server.RaftServerConfigKeys (ConfUtils.java:logGet(43)) - raft.server.write.element-limit = 4096 (default)
2019-09-26 21:18:51,424 [1178c3ae-d0b4-4d44-b144-fe8504cc41ac@group-1D9A451B1D63:LeaderElection56] INFO  server.RaftServerConfigKeys (ConfUtils.java:logGet(43)) - raft.server.watch.timeout = 10s (default)
2019-09-26 21:18:51,425 [1178c3ae-d0b4-4d44-b144-fe8504cc41ac@group-1D9A451B1D63:LeaderElection56] INFO  server.RaftServerConfigKeys (ConfUtils.java:logGet(43)) - raft.server.watch.timeout.denomination = 1s (default)
2019-09-26 21:18:51,425 [1178c3ae-d0b4-4d44-b144-fe8504cc41ac@group-1D9A451B1D63:LeaderElection56] INFO  server.RaftServerConfigKeys (ConfUtils.java:logGet(43)) - raft.server.watch.element-limit = 65536 (default)
2019-09-26 21:18:51,427 [1178c3ae-d0b4-4d44-b144-fe8504cc41ac@group-1D9A451B1D63:LeaderElection56] INFO  impl.RoleInfo (RoleInfo.java:updateAndGet(143)) - 1178c3ae-d0b4-4d44-b144-fe8504cc41ac: start LeaderState
2019-09-26 21:18:51,428 [1178c3ae-d0b4-4d44-b144-fe8504cc41ac@group-1D9A451B1D63:LeaderElection56] INFO  segmented.SegmentedRaftLogWorker (SegmentedRaftLogWorker.java:startLogSegment(380)) - 1178c3ae-d0b4-4d44-b144-fe8504cc41ac@group-1D9A451B1D63-SegmentedRaftLogWorker: Starting segment from index:0
2019-09-26 21:18:51,429 [1178c3ae-d0b4-4d44-b144-fe8504cc41ac@group-1D9A451B1D63:LeaderElection56] INFO  impl.RaftServerImpl (ServerState.java:setRaftConf(354)) - 1178c3ae-d0b4-4d44-b144-fe8504cc41ac@group-1D9A451B1D63: set configuration 0: [1178c3ae-d0b4-4d44-b144-fe8504cc41ac:192.168.151.99:33787], old=null at 0
2019-09-26 21:18:51,436 [da833d8d-e72a-4068-9560-4daa2d83adc2@group-D1D0F3AC29A1-SegmentedRaftLogWorker] INFO  segmented.SegmentedRaftLogWorker (SegmentedRaftLogWorker.java:execute(569)) - da833d8d-e72a-4068-9560-4daa2d83adc2@group-D1D0F3AC29A1-SegmentedRaftLogWorker: created new log segment /workdir/hadoop-ozone/ozonefs/target/test-dir/MiniOzoneClusterImpl-5b64906c-d720-4906-b30c-b6d56a2122fd/datanode-4/data/ratis/ccb97c6a-120e-42b1-b1f1-d1d0f3ac29a1/current/log_inprogress_0
2019-09-26 21:18:51,436 [pool-27-thread-1] INFO  storage.RaftStorage (RaftStorage.java:format(72)) - Storage directory /workdir/hadoop-ozone/ozonefs/target/test-dir/MiniOzoneClusterImpl-5b64906c-d720-4906-b30c-b6d56a2122fd/datanode-0/data/ratis/c5ca932f-2e91-4417-b360-3b90256a708a has been successfully formatted.
2019-09-26 21:18:51,436 [pool-27-thread-1] INFO  ratis.ContainerStateMachine (ContainerStateMachine.java:loadSnapshot(230)) - group-3B90256A708A: The snapshot info is null. Setting the last applied indexto:(t:0, i:~)
2019-09-26 21:18:51,436 [pool-27-thread-1] INFO  server.RaftServerConfigKeys (ConfUtils.java:logGet(43)) - raft.server.notification.no-leader.timeout = 120s (custom)
2019-09-26 21:18:51,437 [pool-27-thread-1] INFO  server.RaftServerConfigKeys (ConfUtils.java:logGet(43)) - raft.server.log.use.memory = false (default)
2019-09-26 21:18:51,437 [pool-27-thread-1] INFO  server.RaftServerConfigKeys (ConfUtils.java:logGet(43)) - raft.server.log.purge.gap = 1000000 (custom)
2019-09-26 21:18:51,437 [pool-27-thread-1] INFO  server.RaftServerConfigKeys (ConfUtils.java:logGet(43)) - raft.server.log.appender.buffer.byte-limit = 33554432 (custom)
2019-09-26 21:18:51,437 [pool-27-thread-1] INFO  server.RaftServerConfigKeys (ConfUtils.java:logGet(43)) - raft.server.log.segment.size.max = 1048576 (custom)
2019-09-26 21:18:51,437 [pool-27-thread-1] INFO  server.RaftServerConfigKeys (ConfUtils.java:logGet(43)) - raft.server.log.segment.cache.num.max = 2 (custom)
2019-09-26 21:18:51,438 [pool-27-thread-1] INFO  segmented.SegmentedRaftLogWorker (SegmentedRaftLogWorker.java:<init>(172)) - new 9ce0b59e-153f-4f41-8aed-492a76d80b48@group-3B90256A708A-SegmentedRaftLogWorker for RaftStorage:Storage Directory /workdir/hadoop-ozone/ozonefs/target/test-dir/MiniOzoneClusterImpl-5b64906c-d720-4906-b30c-b6d56a2122fd/datanode-0/data/ratis/c5ca932f-2e91-4417-b360-3b90256a708a
2019-09-26 21:18:51,438 [pool-27-thread-1] INFO  server.RaftServerConfigKeys (ConfUtils.java:logGet(43)) - raft.server.log.queue.byte-limit = 2147483647 (custom)
2019-09-26 21:18:51,438 [pool-27-thread-1] INFO  server.RaftServerConfigKeys (ConfUtils.java:logGet(43)) - raft.server.log.queue.element-limit = 1024 (custom)
2019-09-26 21:18:51,438 [pool-27-thread-1] INFO  server.RaftServerConfigKeys (ConfUtils.java:logGet(43)) - raft.server.log.segment.size.max = 1048576 (custom)
2019-09-26 21:18:51,438 [pool-27-thread-1] INFO  server.RaftServerConfigKeys (ConfUtils.java:logGet(43)) - raft.server.log.preallocated.size = 16384 (custom)
2019-09-26 21:18:51,439 [pool-27-thread-1] INFO  server.RaftServerConfigKeys (ConfUtils.java:logGet(43)) - raft.server.log.write.buffer.size = 33554432 (custom)
2019-09-26 21:18:51,439 [pool-27-thread-1] INFO  server.RaftServerConfigKeys (ConfUtils.java:logGet(43)) - raft.server.log.force.sync.num = 128 (default)
2019-09-26 21:18:51,439 [pool-27-thread-1] INFO  server.RaftServerConfigKeys (ConfUtils.java:logGet(43)) - raft.server.log.statemachine.data.sync = true (default)
2019-09-26 21:18:51,439 [pool-27-thread-1] INFO  server.RaftServerConfigKeys (ConfUtils.java:logGet(43)) - raft.server.log.statemachine.data.sync.timeout = 10s (default)
2019-09-26 21:18:51,439 [pool-27-thread-1] INFO  server.RaftServerConfigKeys (ConfUtils.java:logGet(43)) - raft.server.log.statemachine.data.sync.timeout.retry = -1 (default)
2019-09-26 21:18:51,439 [pool-27-thread-1] INFO  server.RaftServerConfigKeys (ConfUtils.java:logGet(43)) - raft.server.log.statemachine.data.caching.enabled = true (custom)
2019-09-26 21:18:51,440 [pool-27-thread-1] INFO  segmented.SegmentedRaftLogWorker (SegmentedRaftLogWorker.java:lambda$new$0(132)) - 9ce0b59e-153f-4f41-8aed-492a76d80b48@group-3B90256A708A-SegmentedRaftLogWorker: flushIndex: setUnconditionally 0 -> -1
2019-09-26 21:18:51,440 [pool-27-thread-1] INFO  server.RaftServerConfigKeys (ConfUtils.java:logGet(43)) - raft.server.snapshot.auto.trigger.enabled = true (custom)
2019-09-26 21:18:51,440 [pool-27-thread-1] INFO  server.RaftServerConfigKeys (ConfUtils.java:logGet(43)) - raft.server.snapshot.auto.trigger.threshold = 10000 (custom)
2019-09-26 21:18:51,441 [pool-27-thread-1] INFO  server.RaftServerConfigKeys (ConfUtils.java:logGet(43)) - raft.server.snapshot.retention.num.files = 5 (custom)
2019-09-26 21:18:51,441 [pool-27-thread-1] INFO  server.RaftServerConfigKeys (ConfUtils.java:logGet(43)) - raft.server.retrycache.expirytime = 600000ms (custom)
2019-09-26 21:18:51,443 [pool-27-thread-1] INFO  impl.RaftServerImpl (RaftServerImpl.java:start(185)) - 9ce0b59e-153f-4f41-8aed-492a76d80b48@group-3B90256A708A: start as a follower, conf=-1: [9ce0b59e-153f-4f41-8aed-492a76d80b48:192.168.151.99:34156], old=null
2019-09-26 21:18:51,443 [pool-27-thread-1] INFO  impl.RaftServerImpl (RaftServerImpl.java:setRole(174)) - 9ce0b59e-153f-4f41-8aed-492a76d80b48@group-3B90256A708A: changes role from      null to FOLLOWER at term 0 for startAsFollower
2019-09-26 21:18:51,444 [pool-27-thread-1] INFO  impl.RoleInfo (RoleInfo.java:updateAndGet(143)) - 9ce0b59e-153f-4f41-8aed-492a76d80b48: start FollowerState
2019-09-26 21:18:51,444 [pool-27-thread-1] INFO  util.JmxRegister (JmxRegister.java:tryRegister(44)) - Successfully registered JMX Bean with object name Ratis:service=RaftServer,group=group-3B90256A708A,id=9ce0b59e-153f-4f41-8aed-492a76d80b48
2019-09-26 21:18:51,448 [RatisPipelineUtilsThread] INFO  pipeline.PipelineStateManager (PipelineStateManager.java:addPipeline(56)) - Created pipeline Pipeline[ Id: c5ca932f-2e91-4417-b360-3b90256a708a, Nodes: 9ce0b59e-153f-4f41-8aed-492a76d80b48{ip: 192.168.151.99, host: pr-hdds-1569-g6sp5-2013761785, networkLocation: /default-rack, certSerialId: null}, Type:RATIS, Factor:ONE, State:OPEN]
2019-09-26 21:18:51,455 [grpc-default-executor-1] INFO  impl.RaftServerProxy (RaftServerProxy.java:addNew(89)) - 9ce0b59e-153f-4f41-8aed-492a76d80b48: addNew group-F4F4B9E0C0D9:[9ce0b59e-153f-4f41-8aed-492a76d80b48:192.168.151.99:34156] returns group-F4F4B9E0C0D9:java.util.concurrent.CompletableFuture@7ea6fa07[Not completed]
2019-09-26 21:18:51,456 [pool-27-thread-1] INFO  impl.RaftServerImpl (RaftServerImpl.java:<init>(95)) - 9ce0b59e-153f-4f41-8aed-492a76d80b48: new RaftServerImpl for group-F4F4B9E0C0D9:[9ce0b59e-153f-4f41-8aed-492a76d80b48:192.168.151.99:34156] with ContainerStateMachine:uninitialized
2019-09-26 21:18:51,457 [pool-27-thread-1] INFO  server.RaftServerConfigKeys (ConfUtils.java:logGet(43)) - raft.server.rpc.timeout.min = 5s (custom)
2019-09-26 21:18:51,457 [pool-27-thread-1] INFO  server.RaftServerConfigKeys (ConfUtils.java:logGet(43)) - raft.server.rpc.timeout.max = 5200ms (custom)
2019-09-26 21:18:51,457 [pool-27-thread-1] INFO  server.RaftServerConfigKeys (ConfUtils.java:logGet(43)) - raft.server.rpcslowness.timeout = 120s (custom)
2019-09-26 21:18:51,457 [pool-27-thread-1] INFO  server.RaftServerConfigKeys (ConfUtils.java:logGet(43)) - raft.server.sleep.deviation.threshold = 300 (default)
2019-09-26 21:18:51,457 [pool-27-thread-1] INFO  server.RaftServerConfigKeys (ConfUtils.java:logGet(43)) - raft.server.log.appender.install.snapshot.enabled = false (custom)
2019-09-26 21:18:51,457 [pool-27-thread-1] INFO  impl.RaftServerImpl (ServerState.java:<init>(103)) - 9ce0b59e-153f-4f41-8aed-492a76d80b48@group-F4F4B9E0C0D9: ConfigurationManager, init=-1: [9ce0b59e-153f-4f41-8aed-492a76d80b48:192.168.151.99:34156], old=null, confs=<EMPTY_MAP>
2019-09-26 21:18:51,458 [pool-27-thread-1] INFO  server.RaftServerConfigKeys (ConfUtils.java:logGet(43)) - raft.server.storage.dir = [/workdir/hadoop-ozone/ozonefs/target/test-dir/MiniOzoneClusterImpl-5b64906c-d720-4906-b30c-b6d56a2122fd/datanode-0/data/ratis] (custom)
2019-09-26 21:18:51,458 [pool-27-thread-1] INFO  storage.RaftStorageDirectory (RaftStorageDirectory.java:analyzeStorage(246)) - The storage directory /workdir/hadoop-ozone/ozonefs/target/test-dir/MiniOzoneClusterImpl-5b64906c-d720-4906-b30c-b6d56a2122fd/datanode-0/data/ratis/eb50c0ac-4aa1-4b03-b0b5-f4f4b9e0c0d9 does not exist. Creating ...
2019-09-26 21:18:51,462 [pool-27-thread-1] INFO  storage.RaftStorageDirectory (RaftStorageDirectory.java:tryLock(328)) - Lock on /workdir/hadoop-ozone/ozonefs/target/test-dir/MiniOzoneClusterImpl-5b64906c-d720-4906-b30c-b6d56a2122fd/datanode-0/data/ratis/eb50c0ac-4aa1-4b03-b0b5-f4f4b9e0c0d9/in_use.lock acquired by nodename 10701@pr-hdds-1569-g6sp5-2013761785
2019-09-26 21:18:51,466 [pool-27-thread-1] INFO  storage.RaftStorage (RaftStorage.java:format(72)) - Storage directory /workdir/hadoop-ozone/ozonefs/target/test-dir/MiniOzoneClusterImpl-5b64906c-d720-4906-b30c-b6d56a2122fd/datanode-0/data/ratis/eb50c0ac-4aa1-4b03-b0b5-f4f4b9e0c0d9 has been successfully formatted.
2019-09-26 21:18:51,466 [pool-27-thread-1] INFO  ratis.ContainerStateMachine (ContainerStateMachine.java:loadSnapshot(230)) - group-F4F4B9E0C0D9: The snapshot info is null. Setting the last applied indexto:(t:0, i:~)
2019-09-26 21:18:51,466 [pool-27-thread-1] INFO  server.RaftServerConfigKeys (ConfUtils.java:logGet(43)) - raft.server.notification.no-leader.timeout = 120s (custom)
2019-09-26 21:18:51,466 [pool-27-thread-1] INFO  server.RaftServerConfigKeys (ConfUtils.java:logGet(43)) - raft.server.log.use.memory = false (default)
2019-09-26 21:18:51,466 [pool-27-thread-1] INFO  server.RaftServerConfigKeys (ConfUtils.java:logGet(43)) - raft.server.log.purge.gap = 1000000 (custom)
2019-09-26 21:18:51,467 [pool-27-thread-1] INFO  server.RaftServerConfigKeys (ConfUtils.java:logGet(43)) - raft.server.log.appender.buffer.byte-limit = 33554432 (custom)
2019-09-26 21:18:51,467 [pool-27-thread-1] INFO  server.RaftServerConfigKeys (ConfUtils.java:logGet(43)) - raft.server.log.segment.size.max = 1048576 (custom)
2019-09-26 21:18:51,467 [pool-27-thread-1] INFO  server.RaftServerConfigKeys (ConfUtils.java:logGet(43)) - raft.server.log.segment.cache.num.max = 2 (custom)
2019-09-26 21:18:51,467 [pool-27-thread-1] INFO  segmented.SegmentedRaftLogWorker (SegmentedRaftLogWorker.java:<init>(172)) - new 9ce0b59e-153f-4f41-8aed-492a76d80b48@group-F4F4B9E0C0D9-SegmentedRaftLogWorker for RaftStorage:Storage Directory /workdir/hadoop-ozone/ozonefs/target/test-dir/MiniOzoneClusterImpl-5b64906c-d720-4906-b30c-b6d56a2122fd/datanode-0/data/ratis/eb50c0ac-4aa1-4b03-b0b5-f4f4b9e0c0d9
2019-09-26 21:18:51,467 [pool-27-thread-1] INFO  server.RaftServerConfigKeys (ConfUtils.java:logGet(43)) - raft.server.log.queue.byte-limit = 2147483647 (custom)
2019-09-26 21:18:51,467 [pool-27-thread-1] INFO  server.RaftServerConfigKeys (ConfUtils.java:logGet(43)) - raft.server.log.queue.element-limit = 1024 (custom)
2019-09-26 21:18:51,467 [pool-27-thread-1] INFO  server.RaftServerConfigKeys (ConfUtils.java:logGet(43)) - raft.server.log.segment.size.max = 1048576 (custom)
2019-09-26 21:18:51,468 [pool-27-thread-1] INFO  server.RaftServerConfigKeys (ConfUtils.java:logGet(43)) - raft.server.log.preallocated.size = 16384 (custom)
2019-09-26 21:18:51,468 [pool-27-thread-1] INFO  server.RaftServerConfigKeys (ConfUtils.java:logGet(43)) - raft.server.log.write.buffer.size = 33554432 (custom)
2019-09-26 21:18:51,468 [pool-27-thread-1] INFO  server.RaftServerConfigKeys (ConfUtils.java:logGet(43)) - raft.server.log.force.sync.num = 128 (default)
2019-09-26 21:18:51,468 [pool-27-thread-1] INFO  server.RaftServerConfigKeys (ConfUtils.java:logGet(43)) - raft.server.log.statemachine.data.sync = true (default)
2019-09-26 21:18:51,468 [pool-27-thread-1] INFO  server.RaftServerConfigKeys (ConfUtils.java:logGet(43)) - raft.server.log.statemachine.data.sync.timeout = 10s (default)
2019-09-26 21:18:51,468 [pool-27-thread-1] INFO  server.RaftServerConfigKeys (ConfUtils.java:logGet(43)) - raft.server.log.statemachine.data.sync.timeout.retry = -1 (default)
2019-09-26 21:18:51,468 [pool-27-thread-1] INFO  server.RaftServerConfigKeys (ConfUtils.java:logGet(43)) - raft.server.log.statemachine.data.caching.enabled = true (custom)
2019-09-26 21:18:51,469 [pool-27-thread-1] INFO  segmented.SegmentedRaftLogWorker (SegmentedRaftLogWorker.java:lambda$new$0(132)) - 9ce0b59e-153f-4f41-8aed-492a76d80b48@group-F4F4B9E0C0D9-SegmentedRaftLogWorker: flushIndex: setUnconditionally 0 -> -1
2019-09-26 21:18:51,469 [pool-27-thread-1] INFO  server.RaftServerConfigKeys (ConfUtils.java:logGet(43)) - raft.server.snapshot.auto.trigger.enabled = true (custom)
2019-09-26 21:18:51,469 [pool-27-thread-1] INFO  server.RaftServerConfigKeys (ConfUtils.java:logGet(43)) - raft.server.snapshot.auto.trigger.threshold = 10000 (custom)
2019-09-26 21:18:51,469 [pool-27-thread-1] INFO  server.RaftServerConfigKeys (ConfUtils.java:logGet(43)) - raft.server.snapshot.retention.num.files = 5 (custom)
2019-09-26 21:18:51,469 [pool-27-thread-1] INFO  server.RaftServerConfigKeys (ConfUtils.java:logGet(43)) - raft.server.retrycache.expirytime = 600000ms (custom)
2019-09-26 21:18:51,470 [1178c3ae-d0b4-4d44-b144-fe8504cc41ac@group-1D9A451B1D63-SegmentedRaftLogWorker] INFO  segmented.SegmentedRaftLogWorker (SegmentedRaftLogWorker.java:execute(569)) - 1178c3ae-d0b4-4d44-b144-fe8504cc41ac@group-1D9A451B1D63-SegmentedRaftLogWorker: created new log segment /workdir/hadoop-ozone/ozonefs/target/test-dir/MiniOzoneClusterImpl-5b64906c-d720-4906-b30c-b6d56a2122fd/datanode-1/data/ratis/db5ce752-d308-41d7-b13c-1d9a451b1d63/current/log_inprogress_0
2019-09-26 21:18:51,471 [pool-27-thread-1] INFO  impl.RaftServerImpl (RaftServerImpl.java:start(185)) - 9ce0b59e-153f-4f41-8aed-492a76d80b48@group-F4F4B9E0C0D9: start as a follower, conf=-1: [9ce0b59e-153f-4f41-8aed-492a76d80b48:192.168.151.99:34156], old=null
2019-09-26 21:18:51,471 [pool-27-thread-1] INFO  impl.RaftServerImpl (RaftServerImpl.java:setRole(174)) - 9ce0b59e-153f-4f41-8aed-492a76d80b48@group-F4F4B9E0C0D9: changes role from      null to FOLLOWER at term 0 for startAsFollower
2019-09-26 21:18:51,472 [pool-27-thread-1] INFO  impl.RoleInfo (RoleInfo.java:updateAndGet(143)) - 9ce0b59e-153f-4f41-8aed-492a76d80b48: start FollowerState
2019-09-26 21:18:51,472 [pool-27-thread-1] INFO  util.JmxRegister (JmxRegister.java:tryRegister(44)) - Successfully registered JMX Bean with object name Ratis:service=RaftServer,group=group-F4F4B9E0C0D9,id=9ce0b59e-153f-4f41-8aed-492a76d80b48
2019-09-26 21:18:51,475 [RatisPipelineUtilsThread] INFO  pipeline.PipelineStateManager (PipelineStateManager.java:addPipeline(56)) - Created pipeline Pipeline[ Id: eb50c0ac-4aa1-4b03-b0b5-f4f4b9e0c0d9, Nodes: 9ce0b59e-153f-4f41-8aed-492a76d80b48{ip: 192.168.151.99, host: pr-hdds-1569-g6sp5-2013761785, networkLocation: /default-rack, certSerialId: null}, Type:RATIS, Factor:ONE, State:OPEN]
2019-09-26 21:18:51,481 [grpc-default-executor-1] INFO  impl.RaftServerProxy (RaftServerProxy.java:addNew(89)) - 9ce0b59e-153f-4f41-8aed-492a76d80b48: addNew group-486ABFFF1652:[9ce0b59e-153f-4f41-8aed-492a76d80b48:192.168.151.99:34156] returns group-486ABFFF1652:java.util.concurrent.CompletableFuture@1872efc6[Not completed]
2019-09-26 21:18:51,482 [pool-27-thread-1] INFO  impl.RaftServerImpl (RaftServerImpl.java:<init>(95)) - 9ce0b59e-153f-4f41-8aed-492a76d80b48: new RaftServerImpl for group-486ABFFF1652:[9ce0b59e-153f-4f41-8aed-492a76d80b48:192.168.151.99:34156] with ContainerStateMachine:uninitialized
2019-09-26 21:18:51,482 [pool-27-thread-1] INFO  server.RaftServerConfigKeys (ConfUtils.java:logGet(43)) - raft.server.rpc.timeout.min = 5s (custom)
2019-09-26 21:18:51,482 [pool-27-thread-1] INFO  server.RaftServerConfigKeys (ConfUtils.java:logGet(43)) - raft.server.rpc.timeout.max = 5200ms (custom)
2019-09-26 21:18:51,482 [pool-27-thread-1] INFO  server.RaftServerConfigKeys (ConfUtils.java:logGet(43)) - raft.server.rpcslowness.timeout = 120s (custom)
2019-09-26 21:18:51,482 [pool-27-thread-1] INFO  server.RaftServerConfigKeys (ConfUtils.java:logGet(43)) - raft.server.sleep.deviation.threshold = 300 (default)
2019-09-26 21:18:51,482 [pool-27-thread-1] INFO  server.RaftServerConfigKeys (ConfUtils.java:logGet(43)) - raft.server.log.appender.install.snapshot.enabled = false (custom)
2019-09-26 21:18:51,482 [pool-27-thread-1] INFO  impl.RaftServerImpl (ServerState.java:<init>(103)) - 9ce0b59e-153f-4f41-8aed-492a76d80b48@group-486ABFFF1652: ConfigurationManager, init=-1: [9ce0b59e-153f-4f41-8aed-492a76d80b48:192.168.151.99:34156], old=null, confs=<EMPTY_MAP>
2019-09-26 21:18:51,482 [pool-27-thread-1] INFO  server.RaftServerConfigKeys (ConfUtils.java:logGet(43)) - raft.server.storage.dir = [/workdir/hadoop-ozone/ozonefs/target/test-dir/MiniOzoneClusterImpl-5b64906c-d720-4906-b30c-b6d56a2122fd/datanode-0/data/ratis] (custom)
2019-09-26 21:18:51,483 [pool-27-thread-1] INFO  storage.RaftStorageDirectory (RaftStorageDirectory.java:analyzeStorage(246)) - The storage directory /workdir/hadoop-ozone/ozonefs/target/test-dir/MiniOzoneClusterImpl-5b64906c-d720-4906-b30c-b6d56a2122fd/datanode-0/data/ratis/ea04327b-ebf3-4e58-96e0-486abfff1652 does not exist. Creating ...
2019-09-26 21:18:51,487 [pool-27-thread-1] INFO  storage.RaftStorageDirectory (RaftStorageDirectory.java:tryLock(328)) - Lock on /workdir/hadoop-ozone/ozonefs/target/test-dir/MiniOzoneClusterImpl-5b64906c-d720-4906-b30c-b6d56a2122fd/datanode-0/data/ratis/ea04327b-ebf3-4e58-96e0-486abfff1652/in_use.lock acquired by nodename 10701@pr-hdds-1569-g6sp5-2013761785
2019-09-26 21:18:51,507 [pool-27-thread-1] INFO  storage.RaftStorage (RaftStorage.java:format(72)) - Storage directory /workdir/hadoop-ozone/ozonefs/target/test-dir/MiniOzoneClusterImpl-5b64906c-d720-4906-b30c-b6d56a2122fd/datanode-0/data/ratis/ea04327b-ebf3-4e58-96e0-486abfff1652 has been successfully formatted.
2019-09-26 21:18:51,507 [pool-27-thread-1] INFO  ratis.ContainerStateMachine (ContainerStateMachine.java:loadSnapshot(230)) - group-486ABFFF1652: The snapshot info is null. Setting the last applied indexto:(t:0, i:~)
2019-09-26 21:18:51,507 [pool-27-thread-1] INFO  server.RaftServerConfigKeys (ConfUtils.java:logGet(43)) - raft.server.notification.no-leader.timeout = 120s (custom)
2019-09-26 21:18:51,507 [pool-27-thread-1] INFO  server.RaftServerConfigKeys (ConfUtils.java:logGet(43)) - raft.server.log.use.memory = false (default)
2019-09-26 21:18:51,507 [pool-27-thread-1] INFO  server.RaftServerConfigKeys (ConfUtils.java:logGet(43)) - raft.server.log.purge.gap = 1000000 (custom)
2019-09-26 21:18:51,508 [pool-27-thread-1] INFO  server.RaftServerConfigKeys (ConfUtils.java:logGet(43)) - raft.server.log.appender.buffer.byte-limit = 33554432 (custom)
2019-09-26 21:18:51,508 [pool-27-thread-1] INFO  server.RaftServerConfigKeys (ConfUtils.java:logGet(43)) - raft.server.log.segment.size.max = 1048576 (custom)
2019-09-26 21:18:51,508 [pool-27-thread-1] INFO  server.RaftServerConfigKeys (ConfUtils.java:logGet(43)) - raft.server.log.segment.cache.num.max = 2 (custom)
2019-09-26 21:18:51,508 [pool-27-thread-1] INFO  segmented.SegmentedRaftLogWorker (SegmentedRaftLogWorker.java:<init>(172)) - new 9ce0b59e-153f-4f41-8aed-492a76d80b48@group-486ABFFF1652-SegmentedRaftLogWorker for RaftStorage:Storage Directory /workdir/hadoop-ozone/ozonefs/target/test-dir/MiniOzoneClusterImpl-5b64906c-d720-4906-b30c-b6d56a2122fd/datanode-0/data/ratis/ea04327b-ebf3-4e58-96e0-486abfff1652
2019-09-26 21:18:51,508 [pool-27-thread-1] INFO  server.RaftServerConfigKeys (ConfUtils.java:logGet(43)) - raft.server.log.queue.byte-limit = 2147483647 (custom)
2019-09-26 21:18:51,508 [pool-27-thread-1] INFO  server.RaftServerConfigKeys (ConfUtils.java:logGet(43)) - raft.server.log.queue.element-limit = 1024 (custom)
2019-09-26 21:18:51,509 [pool-27-thread-1] INFO  server.RaftServerConfigKeys (ConfUtils.java:logGet(43)) - raft.server.log.segment.size.max = 1048576 (custom)
2019-09-26 21:18:51,509 [pool-27-thread-1] INFO  server.RaftServerConfigKeys (ConfUtils.java:logGet(43)) - raft.server.log.preallocated.size = 16384 (custom)
2019-09-26 21:18:51,509 [pool-27-thread-1] INFO  server.RaftServerConfigKeys (ConfUtils.java:logGet(43)) - raft.server.log.write.buffer.size = 33554432 (custom)
2019-09-26 21:18:51,509 [pool-27-thread-1] INFO  server.RaftServerConfigKeys (ConfUtils.java:logGet(43)) - raft.server.log.force.sync.num = 128 (default)
2019-09-26 21:18:51,509 [pool-27-thread-1] INFO  server.RaftServerConfigKeys (ConfUtils.java:logGet(43)) - raft.server.log.statemachine.data.sync = true (default)
2019-09-26 21:18:51,509 [pool-27-thread-1] INFO  server.RaftServerConfigKeys (ConfUtils.java:logGet(43)) - raft.server.log.statemachine.data.sync.timeout = 10s (default)
2019-09-26 21:18:51,509 [pool-27-thread-1] INFO  server.RaftServerConfigKeys (ConfUtils.java:logGet(43)) - raft.server.log.statemachine.data.sync.timeout.retry = -1 (default)
2019-09-26 21:18:51,510 [pool-27-thread-1] INFO  server.RaftServerConfigKeys (ConfUtils.java:logGet(43)) - raft.server.log.statemachine.data.caching.enabled = true (custom)
2019-09-26 21:18:51,510 [pool-27-thread-1] INFO  segmented.SegmentedRaftLogWorker (SegmentedRaftLogWorker.java:lambda$new$0(132)) - 9ce0b59e-153f-4f41-8aed-492a76d80b48@group-486ABFFF1652-SegmentedRaftLogWorker: flushIndex: setUnconditionally 0 -> -1
2019-09-26 21:18:51,510 [pool-27-thread-1] INFO  server.RaftServerConfigKeys (ConfUtils.java:logGet(43)) - raft.server.snapshot.auto.trigger.enabled = true (custom)
2019-09-26 21:18:51,511 [pool-27-thread-1] INFO  server.RaftServerConfigKeys (ConfUtils.java:logGet(43)) - raft.server.snapshot.auto.trigger.threshold = 10000 (custom)
2019-09-26 21:18:51,511 [pool-27-thread-1] INFO  server.RaftServerConfigKeys (ConfUtils.java:logGet(43)) - raft.server.snapshot.retention.num.files = 5 (custom)
2019-09-26 21:18:51,511 [pool-27-thread-1] INFO  server.RaftServerConfigKeys (ConfUtils.java:logGet(43)) - raft.server.retrycache.expirytime = 600000ms (custom)
2019-09-26 21:18:51,513 [pool-27-thread-1] INFO  impl.RaftServerImpl (RaftServerImpl.java:start(185)) - 9ce0b59e-153f-4f41-8aed-492a76d80b48@group-486ABFFF1652: start as a follower, conf=-1: [9ce0b59e-153f-4f41-8aed-492a76d80b48:192.168.151.99:34156], old=null
2019-09-26 21:18:51,513 [pool-27-thread-1] INFO  impl.RaftServerImpl (RaftServerImpl.java:setRole(174)) - 9ce0b59e-153f-4f41-8aed-492a76d80b48@group-486ABFFF1652: changes role from      null to FOLLOWER at term 0 for startAsFollower
2019-09-26 21:18:51,513 [pool-27-thread-1] INFO  impl.RoleInfo (RoleInfo.java:updateAndGet(143)) - 9ce0b59e-153f-4f41-8aed-492a76d80b48: start FollowerState
2019-09-26 21:18:51,514 [pool-27-thread-1] INFO  util.JmxRegister (JmxRegister.java:tryRegister(44)) - Successfully registered JMX Bean with object name Ratis:service=RaftServer,group=group-486ABFFF1652,id=9ce0b59e-153f-4f41-8aed-492a76d80b48
2019-09-26 21:18:51,517 [RatisPipelineUtilsThread] INFO  pipeline.PipelineStateManager (PipelineStateManager.java:addPipeline(56)) - Created pipeline Pipeline[ Id: ea04327b-ebf3-4e58-96e0-486abfff1652, Nodes: 9ce0b59e-153f-4f41-8aed-492a76d80b48{ip: 192.168.151.99, host: pr-hdds-1569-g6sp5-2013761785, networkLocation: /default-rack, certSerialId: null}, Type:RATIS, Factor:ONE, State:OPEN]
2019-09-26 21:18:51,522 [grpc-default-executor-1] INFO  impl.RaftServerProxy (RaftServerProxy.java:addNew(89)) - 9ce0b59e-153f-4f41-8aed-492a76d80b48: addNew group-9CC82A6B0D81:[9ce0b59e-153f-4f41-8aed-492a76d80b48:192.168.151.99:34156] returns group-9CC82A6B0D81:java.util.concurrent.CompletableFuture@432470b8[Not completed]
2019-09-26 21:18:51,523 [pool-27-thread-1] INFO  impl.RaftServerImpl (RaftServerImpl.java:<init>(95)) - 9ce0b59e-153f-4f41-8aed-492a76d80b48: new RaftServerImpl for group-9CC82A6B0D81:[9ce0b59e-153f-4f41-8aed-492a76d80b48:192.168.151.99:34156] with ContainerStateMachine:uninitialized
2019-09-26 21:18:51,523 [pool-27-thread-1] INFO  server.RaftServerConfigKeys (ConfUtils.java:logGet(43)) - raft.server.rpc.timeout.min = 5s (custom)
2019-09-26 21:18:51,524 [pool-27-thread-1] INFO  server.RaftServerConfigKeys (ConfUtils.java:logGet(43)) - raft.server.rpc.timeout.max = 5200ms (custom)
2019-09-26 21:18:51,524 [pool-27-thread-1] INFO  server.RaftServerConfigKeys (ConfUtils.java:logGet(43)) - raft.server.rpcslowness.timeout = 120s (custom)
2019-09-26 21:18:51,524 [pool-27-thread-1] INFO  server.RaftServerConfigKeys (ConfUtils.java:logGet(43)) - raft.server.sleep.deviation.threshold = 300 (default)
2019-09-26 21:18:51,524 [pool-27-thread-1] INFO  server.RaftServerConfigKeys (ConfUtils.java:logGet(43)) - raft.server.log.appender.install.snapshot.enabled = false (custom)
2019-09-26 21:18:51,524 [pool-27-thread-1] INFO  impl.RaftServerImpl (ServerState.java:<init>(103)) - 9ce0b59e-153f-4f41-8aed-492a76d80b48@group-9CC82A6B0D81: ConfigurationManager, init=-1: [9ce0b59e-153f-4f41-8aed-492a76d80b48:192.168.151.99:34156], old=null, confs=<EMPTY_MAP>
2019-09-26 21:18:51,524 [pool-27-thread-1] INFO  server.RaftServerConfigKeys (ConfUtils.java:logGet(43)) - raft.server.storage.dir = [/workdir/hadoop-ozone/ozonefs/target/test-dir/MiniOzoneClusterImpl-5b64906c-d720-4906-b30c-b6d56a2122fd/datanode-0/data/ratis] (custom)
2019-09-26 21:18:51,525 [pool-27-thread-1] INFO  storage.RaftStorageDirectory (RaftStorageDirectory.java:analyzeStorage(246)) - The storage directory /workdir/hadoop-ozone/ozonefs/target/test-dir/MiniOzoneClusterImpl-5b64906c-d720-4906-b30c-b6d56a2122fd/datanode-0/data/ratis/b13ef448-e7b0-40f9-8be9-9cc82a6b0d81 does not exist. Creating ...
2019-09-26 21:18:51,538 [pool-27-thread-1] INFO  storage.RaftStorageDirectory (RaftStorageDirectory.java:tryLock(328)) - Lock on /workdir/hadoop-ozone/ozonefs/target/test-dir/MiniOzoneClusterImpl-5b64906c-d720-4906-b30c-b6d56a2122fd/datanode-0/data/ratis/b13ef448-e7b0-40f9-8be9-9cc82a6b0d81/in_use.lock acquired by nodename 10701@pr-hdds-1569-g6sp5-2013761785
2019-09-26 21:18:51,551 [pool-27-thread-1] INFO  storage.RaftStorage (RaftStorage.java:format(72)) - Storage directory /workdir/hadoop-ozone/ozonefs/target/test-dir/MiniOzoneClusterImpl-5b64906c-d720-4906-b30c-b6d56a2122fd/datanode-0/data/ratis/b13ef448-e7b0-40f9-8be9-9cc82a6b0d81 has been successfully formatted.
2019-09-26 21:18:51,551 [pool-27-thread-1] INFO  ratis.ContainerStateMachine (ContainerStateMachine.java:loadSnapshot(230)) - group-9CC82A6B0D81: The snapshot info is null. Setting the last applied indexto:(t:0, i:~)
2019-09-26 21:18:51,551 [pool-27-thread-1] INFO  server.RaftServerConfigKeys (ConfUtils.java:logGet(43)) - raft.server.notification.no-leader.timeout = 120s (custom)
2019-09-26 21:18:51,551 [pool-27-thread-1] INFO  server.RaftServerConfigKeys (ConfUtils.java:logGet(43)) - raft.server.log.use.memory = false (default)
2019-09-26 21:18:51,551 [pool-27-thread-1] INFO  server.RaftServerConfigKeys (ConfUtils.java:logGet(43)) - raft.server.log.purge.gap = 1000000 (custom)
2019-09-26 21:18:51,552 [pool-27-thread-1] INFO  server.RaftServerConfigKeys (ConfUtils.java:logGet(43)) - raft.server.log.appender.buffer.byte-limit = 33554432 (custom)
2019-09-26 21:18:51,552 [pool-27-thread-1] INFO  server.RaftServerConfigKeys (ConfUtils.java:logGet(43)) - raft.server.log.segment.size.max = 1048576 (custom)
2019-09-26 21:18:51,552 [pool-27-thread-1] INFO  server.RaftServerConfigKeys (ConfUtils.java:logGet(43)) - raft.server.log.segment.cache.num.max = 2 (custom)
2019-09-26 21:18:51,552 [pool-27-thread-1] INFO  segmented.SegmentedRaftLogWorker (SegmentedRaftLogWorker.java:<init>(172)) - new 9ce0b59e-153f-4f41-8aed-492a76d80b48@group-9CC82A6B0D81-SegmentedRaftLogWorker for RaftStorage:Storage Directory /workdir/hadoop-ozone/ozonefs/target/test-dir/MiniOzoneClusterImpl-5b64906c-d720-4906-b30c-b6d56a2122fd/datanode-0/data/ratis/b13ef448-e7b0-40f9-8be9-9cc82a6b0d81
2019-09-26 21:18:51,552 [pool-27-thread-1] INFO  server.RaftServerConfigKeys (ConfUtils.java:logGet(43)) - raft.server.log.queue.byte-limit = 2147483647 (custom)
2019-09-26 21:18:51,552 [pool-27-thread-1] INFO  server.RaftServerConfigKeys (ConfUtils.java:logGet(43)) - raft.server.log.queue.element-limit = 1024 (custom)
2019-09-26 21:18:51,552 [pool-27-thread-1] INFO  server.RaftServerConfigKeys (ConfUtils.java:logGet(43)) - raft.server.log.segment.size.max = 1048576 (custom)
2019-09-26 21:18:51,553 [pool-27-thread-1] INFO  server.RaftServerConfigKeys (ConfUtils.java:logGet(43)) - raft.server.log.preallocated.size = 16384 (custom)
2019-09-26 21:18:51,553 [pool-27-thread-1] INFO  server.RaftServerConfigKeys (ConfUtils.java:logGet(43)) - raft.server.log.write.buffer.size = 33554432 (custom)
2019-09-26 21:18:51,553 [pool-27-thread-1] INFO  server.RaftServerConfigKeys (ConfUtils.java:logGet(43)) - raft.server.log.force.sync.num = 128 (default)
2019-09-26 21:18:51,553 [pool-27-thread-1] INFO  server.RaftServerConfigKeys (ConfUtils.java:logGet(43)) - raft.server.log.statemachine.data.sync = true (default)
2019-09-26 21:18:51,553 [pool-27-thread-1] INFO  server.RaftServerConfigKeys (ConfUtils.java:logGet(43)) - raft.server.log.statemachine.data.sync.timeout = 10s (default)
2019-09-26 21:18:51,553 [pool-27-thread-1] INFO  server.RaftServerConfigKeys (ConfUtils.java:logGet(43)) - raft.server.log.statemachine.data.sync.timeout.retry = -1 (default)
2019-09-26 21:18:51,553 [pool-27-thread-1] INFO  server.RaftServerConfigKeys (ConfUtils.java:logGet(43)) - raft.server.log.statemachine.data.caching.enabled = true (custom)
2019-09-26 21:18:51,554 [pool-27-thread-1] INFO  segmented.SegmentedRaftLogWorker (SegmentedRaftLogWorker.java:lambda$new$0(132)) - 9ce0b59e-153f-4f41-8aed-492a76d80b48@group-9CC82A6B0D81-SegmentedRaftLogWorker: flushIndex: setUnconditionally 0 -> -1
2019-09-26 21:18:51,554 [pool-27-thread-1] INFO  server.RaftServerConfigKeys (ConfUtils.java:logGet(43)) - raft.server.snapshot.auto.trigger.enabled = true (custom)
2019-09-26 21:18:51,554 [pool-27-thread-1] INFO  server.RaftServerConfigKeys (ConfUtils.java:logGet(43)) - raft.server.snapshot.auto.trigger.threshold = 10000 (custom)
2019-09-26 21:18:51,554 [pool-27-thread-1] INFO  server.RaftServerConfigKeys (ConfUtils.java:logGet(43)) - raft.server.snapshot.retention.num.files = 5 (custom)
2019-09-26 21:18:51,555 [pool-27-thread-1] INFO  server.RaftServerConfigKeys (ConfUtils.java:logGet(43)) - raft.server.retrycache.expirytime = 600000ms (custom)
2019-09-26 21:18:51,556 [pool-27-thread-1] INFO  impl.RaftServerImpl (RaftServerImpl.java:start(185)) - 9ce0b59e-153f-4f41-8aed-492a76d80b48@group-9CC82A6B0D81: start as a follower, conf=-1: [9ce0b59e-153f-4f41-8aed-492a76d80b48:192.168.151.99:34156], old=null
2019-09-26 21:18:51,557 [pool-27-thread-1] INFO  impl.RaftServerImpl (RaftServerImpl.java:setRole(174)) - 9ce0b59e-153f-4f41-8aed-492a76d80b48@group-9CC82A6B0D81: changes role from      null to FOLLOWER at term 0 for startAsFollower
2019-09-26 21:18:51,557 [pool-27-thread-1] INFO  impl.RoleInfo (RoleInfo.java:updateAndGet(143)) - 9ce0b59e-153f-4f41-8aed-492a76d80b48: start FollowerState
2019-09-26 21:18:51,557 [pool-27-thread-1] INFO  util.JmxRegister (JmxRegister.java:tryRegister(44)) - Successfully registered JMX Bean with object name Ratis:service=RaftServer,group=group-9CC82A6B0D81,id=9ce0b59e-153f-4f41-8aed-492a76d80b48
2019-09-26 21:18:51,561 [RatisPipelineUtilsThread] INFO  pipeline.PipelineStateManager (PipelineStateManager.java:addPipeline(56)) - Created pipeline Pipeline[ Id: b13ef448-e7b0-40f9-8be9-9cc82a6b0d81, Nodes: 9ce0b59e-153f-4f41-8aed-492a76d80b48{ip: 192.168.151.99, host: pr-hdds-1569-g6sp5-2013761785, networkLocation: /default-rack, certSerialId: null}, Type:RATIS, Factor:ONE, State:OPEN]
2019-09-26 21:18:51,566 [grpc-default-executor-1] INFO  impl.RaftServerProxy (RaftServerProxy.java:addNew(89)) - 09112efe-1fad-4539-a04f-c96aef6d2351: addNew group-C1CCE81E3AA9:[09112efe-1fad-4539-a04f-c96aef6d2351:192.168.151.99:45286] returns group-C1CCE81E3AA9:java.util.concurrent.CompletableFuture@3105ab5f[Not completed]
2019-09-26 21:18:51,568 [pool-47-thread-1] INFO  impl.RaftServerImpl (RaftServerImpl.java:<init>(95)) - 09112efe-1fad-4539-a04f-c96aef6d2351: new RaftServerImpl for group-C1CCE81E3AA9:[09112efe-1fad-4539-a04f-c96aef6d2351:192.168.151.99:45286] with ContainerStateMachine:uninitialized
2019-09-26 21:18:51,568 [pool-47-thread-1] INFO  server.RaftServerConfigKeys (ConfUtils.java:logGet(43)) - raft.server.rpc.timeout.min = 5s (custom)
2019-09-26 21:18:51,568 [pool-47-thread-1] INFO  server.RaftServerConfigKeys (ConfUtils.java:logGet(43)) - raft.server.rpc.timeout.max = 5200ms (custom)
2019-09-26 21:18:51,568 [pool-47-thread-1] INFO  server.RaftServerConfigKeys (ConfUtils.java:logGet(43)) - raft.server.rpcslowness.timeout = 120s (custom)
2019-09-26 21:18:51,568 [pool-47-thread-1] INFO  server.RaftServerConfigKeys (ConfUtils.java:logGet(43)) - raft.server.sleep.deviation.threshold = 300 (default)
2019-09-26 21:18:51,568 [pool-47-thread-1] INFO  server.RaftServerConfigKeys (ConfUtils.java:logGet(43)) - raft.server.log.appender.install.snapshot.enabled = false (custom)
2019-09-26 21:18:51,569 [pool-47-thread-1] INFO  impl.RaftServerImpl (ServerState.java:<init>(103)) - 09112efe-1fad-4539-a04f-c96aef6d2351@group-C1CCE81E3AA9: ConfigurationManager, init=-1: [09112efe-1fad-4539-a04f-c96aef6d2351:192.168.151.99:45286], old=null, confs=<EMPTY_MAP>
2019-09-26 21:18:51,569 [Thread-385] INFO  impl.FollowerState (FollowerState.java:run(106)) - 09112efe-1fad-4539-a04f-c96aef6d2351:group-C7D068905F76 changes to CANDIDATE, lastRpcTime:5193, electionTimeout:5193ms
2019-09-26 21:18:51,569 [pool-47-thread-1] INFO  server.RaftServerConfigKeys (ConfUtils.java:logGet(43)) - raft.server.storage.dir = [/workdir/hadoop-ozone/ozonefs/target/test-dir/MiniOzoneClusterImpl-5b64906c-d720-4906-b30c-b6d56a2122fd/datanode-2/data/ratis] (custom)
2019-09-26 21:18:51,569 [Thread-385] INFO  impl.RoleInfo (RoleInfo.java:shutdownFollowerState(121)) - 09112efe-1fad-4539-a04f-c96aef6d2351: shutdown FollowerState
2019-09-26 21:18:51,569 [Thread-385] INFO  impl.RaftServerImpl (RaftServerImpl.java:setRole(174)) - 09112efe-1fad-4539-a04f-c96aef6d2351@group-C7D068905F76: changes role from  FOLLOWER to CANDIDATE at term 0 for changeToCandidate
2019-09-26 21:18:51,569 [Thread-385] INFO  impl.RoleInfo (RoleInfo.java:updateAndGet(143)) - 09112efe-1fad-4539-a04f-c96aef6d2351: start LeaderElection
2019-09-26 21:18:51,569 [pool-47-thread-1] INFO  storage.RaftStorageDirectory (RaftStorageDirectory.java:analyzeStorage(246)) - The storage directory /workdir/hadoop-ozone/ozonefs/target/test-dir/MiniOzoneClusterImpl-5b64906c-d720-4906-b30c-b6d56a2122fd/datanode-2/data/ratis/5ef8b603-bc3d-4835-9e71-c1cce81e3aa9 does not exist. Creating ...
2019-09-26 21:18:51,583 [pool-47-thread-1] INFO  storage.RaftStorageDirectory (RaftStorageDirectory.java:tryLock(328)) - Lock on /workdir/hadoop-ozone/ozonefs/target/test-dir/MiniOzoneClusterImpl-5b64906c-d720-4906-b30c-b6d56a2122fd/datanode-2/data/ratis/5ef8b603-bc3d-4835-9e71-c1cce81e3aa9/in_use.lock acquired by nodename 10701@pr-hdds-1569-g6sp5-2013761785
2019-09-26 21:18:51,583 [09112efe-1fad-4539-a04f-c96aef6d2351@group-C7D068905F76:LeaderElection57] INFO  impl.LeaderElection (LeaderElection.java:askForVotes(182)) - 09112efe-1fad-4539-a04f-c96aef6d2351@group-C7D068905F76:LeaderElection57: begin an election at term 1 for -1: [09112efe-1fad-4539-a04f-c96aef6d2351:192.168.151.99:45286], old=null
2019-09-26 21:18:51,583 [09112efe-1fad-4539-a04f-c96aef6d2351@group-C7D068905F76:LeaderElection57] INFO  impl.RoleInfo (RoleInfo.java:shutdownLeaderElection(134)) - 09112efe-1fad-4539-a04f-c96aef6d2351: shutdown LeaderElection
2019-09-26 21:18:51,583 [09112efe-1fad-4539-a04f-c96aef6d2351@group-C7D068905F76:LeaderElection57] INFO  impl.RaftServerImpl (RaftServerImpl.java:setRole(174)) - 09112efe-1fad-4539-a04f-c96aef6d2351@group-C7D068905F76: changes role from CANDIDATE to LEADER at term 1 for changeToLeader
2019-09-26 21:18:51,584 [09112efe-1fad-4539-a04f-c96aef6d2351@group-C7D068905F76:LeaderElection57] INFO  impl.RaftServerImpl (ServerState.java:setLeader(253)) - 09112efe-1fad-4539-a04f-c96aef6d2351@group-C7D068905F76: change Leader from null to 09112efe-1fad-4539-a04f-c96aef6d2351 at term 1 for becomeLeader, leader elected after 5216ms
2019-09-26 21:18:51,584 [09112efe-1fad-4539-a04f-c96aef6d2351@group-C7D068905F76:LeaderElection57] INFO  server.RaftServerConfigKeys (ConfUtils.java:logGet(43)) - raft.server.staging.catchup.gap = 1000 (default)
2019-09-26 21:18:51,584 [09112efe-1fad-4539-a04f-c96aef6d2351@group-C7D068905F76:LeaderElection57] INFO  server.RaftServerConfigKeys (ConfUtils.java:logGet(43)) - raft.server.rpc.sleep.time = 25ms (default)
2019-09-26 21:18:51,584 [09112efe-1fad-4539-a04f-c96aef6d2351@group-C7D068905F76:LeaderElection57] INFO  server.RaftServerConfigKeys (ConfUtils.java:logGet(43)) - raft.server.write.element-limit = 4096 (default)
2019-09-26 21:18:51,584 [09112efe-1fad-4539-a04f-c96aef6d2351@group-C7D068905F76:LeaderElection57] INFO  server.RaftServerConfigKeys (ConfUtils.java:logGet(43)) - raft.server.watch.timeout = 10s (default)
2019-09-26 21:18:51,585 [09112efe-1fad-4539-a04f-c96aef6d2351@group-C7D068905F76:LeaderElection57] INFO  server.RaftServerConfigKeys (ConfUtils.java:logGet(43)) - raft.server.watch.timeout.denomination = 1s (default)
2019-09-26 21:18:51,585 [09112efe-1fad-4539-a04f-c96aef6d2351@group-C7D068905F76:LeaderElection57] INFO  server.RaftServerConfigKeys (ConfUtils.java:logGet(43)) - raft.server.watch.element-limit = 65536 (default)
2019-09-26 21:18:51,588 [09112efe-1fad-4539-a04f-c96aef6d2351@group-C7D068905F76:LeaderElection57] INFO  impl.RoleInfo (RoleInfo.java:updateAndGet(143)) - 09112efe-1fad-4539-a04f-c96aef6d2351: start LeaderState
2019-09-26 21:18:51,588 [09112efe-1fad-4539-a04f-c96aef6d2351@group-C7D068905F76:LeaderElection57] INFO  segmented.SegmentedRaftLogWorker (SegmentedRaftLogWorker.java:startLogSegment(380)) - 09112efe-1fad-4539-a04f-c96aef6d2351@group-C7D068905F76-SegmentedRaftLogWorker: Starting segment from index:0
2019-09-26 21:18:51,588 [09112efe-1fad-4539-a04f-c96aef6d2351@group-C7D068905F76:LeaderElection57] INFO  impl.RaftServerImpl (ServerState.java:setRaftConf(354)) - 09112efe-1fad-4539-a04f-c96aef6d2351@group-C7D068905F76: set configuration 0: [09112efe-1fad-4539-a04f-c96aef6d2351:192.168.151.99:45286], old=null at 0
2019-09-26 21:18:51,591 [Thread-388] INFO  impl.FollowerState (FollowerState.java:run(106)) - 9ce0b59e-153f-4f41-8aed-492a76d80b48:group-AC3B2E24B573 changes to CANDIDATE, lastRpcTime:5166, electionTimeout:5166ms
2019-09-26 21:18:51,591 [Thread-388] INFO  impl.RoleInfo (RoleInfo.java:shutdownFollowerState(121)) - 9ce0b59e-153f-4f41-8aed-492a76d80b48: shutdown FollowerState
2019-09-26 21:18:51,591 [Thread-388] INFO  impl.RaftServerImpl (RaftServerImpl.java:setRole(174)) - 9ce0b59e-153f-4f41-8aed-492a76d80b48@group-AC3B2E24B573: changes role from  FOLLOWER to CANDIDATE at term 0 for changeToCandidate
2019-09-26 21:18:51,592 [Thread-388] INFO  impl.RoleInfo (RoleInfo.java:updateAndGet(143)) - 9ce0b59e-153f-4f41-8aed-492a76d80b48: start LeaderElection
2019-09-26 21:18:51,596 [pool-47-thread-1] INFO  storage.RaftStorage (RaftStorage.java:format(72)) - Storage directory /workdir/hadoop-ozone/ozonefs/target/test-dir/MiniOzoneClusterImpl-5b64906c-d720-4906-b30c-b6d56a2122fd/datanode-2/data/ratis/5ef8b603-bc3d-4835-9e71-c1cce81e3aa9 has been successfully formatted.
2019-09-26 21:18:51,597 [9ce0b59e-153f-4f41-8aed-492a76d80b48@group-AC3B2E24B573:LeaderElection58] INFO  impl.LeaderElection (LeaderElection.java:askForVotes(182)) - 9ce0b59e-153f-4f41-8aed-492a76d80b48@group-AC3B2E24B573:LeaderElection58: begin an election at term 1 for -1: [9ce0b59e-153f-4f41-8aed-492a76d80b48:192.168.151.99:34156], old=null
2019-09-26 21:18:51,597 [pool-47-thread-1] INFO  ratis.ContainerStateMachine (ContainerStateMachine.java:loadSnapshot(230)) - group-C1CCE81E3AA9: The snapshot info is null. Setting the last applied indexto:(t:0, i:~)
2019-09-26 21:18:51,597 [9ce0b59e-153f-4f41-8aed-492a76d80b48@group-AC3B2E24B573:LeaderElection58] INFO  impl.RoleInfo (RoleInfo.java:shutdownLeaderElection(134)) - 9ce0b59e-153f-4f41-8aed-492a76d80b48: shutdown LeaderElection
2019-09-26 21:18:51,597 [pool-47-thread-1] INFO  server.RaftServerConfigKeys (ConfUtils.java:logGet(43)) - raft.server.notification.no-leader.timeout = 120s (custom)
2019-09-26 21:18:51,597 [9ce0b59e-153f-4f41-8aed-492a76d80b48@group-AC3B2E24B573:LeaderElection58] INFO  impl.RaftServerImpl (RaftServerImpl.java:setRole(174)) - 9ce0b59e-153f-4f41-8aed-492a76d80b48@group-AC3B2E24B573: changes role from CANDIDATE to LEADER at term 1 for changeToLeader
2019-09-26 21:18:51,597 [pool-47-thread-1] INFO  server.RaftServerConfigKeys (ConfUtils.java:logGet(43)) - raft.server.log.use.memory = false (default)
2019-09-26 21:18:51,597 [9ce0b59e-153f-4f41-8aed-492a76d80b48@group-AC3B2E24B573:LeaderElection58] INFO  impl.RaftServerImpl (ServerState.java:setLeader(253)) - 9ce0b59e-153f-4f41-8aed-492a76d80b48@group-AC3B2E24B573: change Leader from null to 9ce0b59e-153f-4f41-8aed-492a76d80b48 at term 1 for becomeLeader, leader elected after 5181ms
2019-09-26 21:18:51,598 [pool-47-thread-1] INFO  server.RaftServerConfigKeys (ConfUtils.java:logGet(43)) - raft.server.log.purge.gap = 1000000 (custom)
2019-09-26 21:18:51,598 [9ce0b59e-153f-4f41-8aed-492a76d80b48@group-AC3B2E24B573:LeaderElection58] INFO  server.RaftServerConfigKeys (ConfUtils.java:logGet(43)) - raft.server.staging.catchup.gap = 1000 (default)
2019-09-26 21:18:51,598 [pool-47-thread-1] INFO  server.RaftServerConfigKeys (ConfUtils.java:logGet(43)) - raft.server.log.appender.buffer.byte-limit = 33554432 (custom)
2019-09-26 21:18:51,598 [9ce0b59e-153f-4f41-8aed-492a76d80b48@group-AC3B2E24B573:LeaderElection58] INFO  server.RaftServerConfigKeys (ConfUtils.java:logGet(43)) - raft.server.rpc.sleep.time = 25ms (default)
2019-09-26 21:18:51,598 [pool-47-thread-1] INFO  server.RaftServerConfigKeys (ConfUtils.java:logGet(43)) - raft.server.log.segment.size.max = 1048576 (custom)
2019-09-26 21:18:51,598 [9ce0b59e-153f-4f41-8aed-492a76d80b48@group-AC3B2E24B573:LeaderElection58] INFO  server.RaftServerConfigKeys (ConfUtils.java:logGet(43)) - raft.server.write.element-limit = 4096 (default)
2019-09-26 21:18:51,598 [pool-47-thread-1] INFO  server.RaftServerConfigKeys (ConfUtils.java:logGet(43)) - raft.server.log.segment.cache.num.max = 2 (custom)
2019-09-26 21:18:51,599 [9ce0b59e-153f-4f41-8aed-492a76d80b48@group-AC3B2E24B573:LeaderElection58] INFO  server.RaftServerConfigKeys (ConfUtils.java:logGet(43)) - raft.server.watch.timeout = 10s (default)
2019-09-26 21:18:51,599 [pool-47-thread-1] INFO  segmented.SegmentedRaftLogWorker (SegmentedRaftLogWorker.java:<init>(172)) - new 09112efe-1fad-4539-a04f-c96aef6d2351@group-C1CCE81E3AA9-SegmentedRaftLogWorker for RaftStorage:Storage Directory /workdir/hadoop-ozone/ozonefs/target/test-dir/MiniOzoneClusterImpl-5b64906c-d720-4906-b30c-b6d56a2122fd/datanode-2/data/ratis/5ef8b603-bc3d-4835-9e71-c1cce81e3aa9
2019-09-26 21:18:51,599 [9ce0b59e-153f-4f41-8aed-492a76d80b48@group-AC3B2E24B573:LeaderElection58] INFO  server.RaftServerConfigKeys (ConfUtils.java:logGet(43)) - raft.server.watch.timeout.denomination = 1s (default)
2019-09-26 21:18:51,599 [pool-47-thread-1] INFO  server.RaftServerConfigKeys (ConfUtils.java:logGet(43)) - raft.server.log.queue.byte-limit = 2147483647 (custom)
2019-09-26 21:18:51,599 [9ce0b59e-153f-4f41-8aed-492a76d80b48@group-AC3B2E24B573:LeaderElection58] INFO  server.RaftServerConfigKeys (ConfUtils.java:logGet(43)) - raft.server.watch.element-limit = 65536 (default)
2019-09-26 21:18:51,599 [pool-47-thread-1] INFO  server.RaftServerConfigKeys (ConfUtils.java:logGet(43)) - raft.server.log.queue.element-limit = 1024 (custom)
2019-09-26 21:18:51,600 [pool-47-thread-1] INFO  server.RaftServerConfigKeys (ConfUtils.java:logGet(43)) - raft.server.log.segment.size.max = 1048576 (custom)
2019-09-26 21:18:51,600 [pool-47-thread-1] INFO  server.RaftServerConfigKeys (ConfUtils.java:logGet(43)) - raft.server.log.preallocated.size = 16384 (custom)
2019-09-26 21:18:51,600 [pool-47-thread-1] INFO  server.RaftServerConfigKeys (ConfUtils.java:logGet(43)) - raft.server.log.write.buffer.size = 33554432 (custom)
2019-09-26 21:18:51,600 [pool-47-thread-1] INFO  server.RaftServerConfigKeys (ConfUtils.java:logGet(43)) - raft.server.log.force.sync.num = 128 (default)
2019-09-26 21:18:51,601 [pool-47-thread-1] INFO  server.RaftServerConfigKeys (ConfUtils.java:logGet(43)) - raft.server.log.statemachine.data.sync = true (default)
2019-09-26 21:18:51,601 [pool-47-thread-1] INFO  server.RaftServerConfigKeys (ConfUtils.java:logGet(43)) - raft.server.log.statemachine.data.sync.timeout = 10s (default)
2019-09-26 21:18:51,601 [pool-47-thread-1] INFO  server.RaftServerConfigKeys (ConfUtils.java:logGet(43)) - raft.server.log.statemachine.data.sync.timeout.retry = -1 (default)
2019-09-26 21:18:51,601 [pool-47-thread-1] INFO  server.RaftServerConfigKeys (ConfUtils.java:logGet(43)) - raft.server.log.statemachine.data.caching.enabled = true (custom)
2019-09-26 21:18:51,601 [pool-47-thread-1] INFO  segmented.SegmentedRaftLogWorker (SegmentedRaftLogWorker.java:lambda$new$0(132)) - 09112efe-1fad-4539-a04f-c96aef6d2351@group-C1CCE81E3AA9-SegmentedRaftLogWorker: flushIndex: setUnconditionally 0 -> -1
2019-09-26 21:18:51,602 [9ce0b59e-153f-4f41-8aed-492a76d80b48@group-AC3B2E24B573:LeaderElection58] INFO  impl.RoleInfo (RoleInfo.java:updateAndGet(143)) - 9ce0b59e-153f-4f41-8aed-492a76d80b48: start LeaderState
2019-09-26 21:18:51,602 [pool-47-thread-1] INFO  server.RaftServerConfigKeys (ConfUtils.java:logGet(43)) - raft.server.snapshot.auto.trigger.enabled = true (custom)
2019-09-26 21:18:51,602 [pool-47-thread-1] INFO  server.RaftServerConfigKeys (ConfUtils.java:logGet(43)) - raft.server.snapshot.auto.trigger.threshold = 10000 (custom)
2019-09-26 21:18:51,602 [9ce0b59e-153f-4f41-8aed-492a76d80b48@group-AC3B2E24B573:LeaderElection58] INFO  segmented.SegmentedRaftLogWorker (SegmentedRaftLogWorker.java:startLogSegment(380)) - 9ce0b59e-153f-4f41-8aed-492a76d80b48@group-AC3B2E24B573-SegmentedRaftLogWorker: Starting segment from index:0
2019-09-26 21:18:51,602 [pool-47-thread-1] INFO  server.RaftServerConfigKeys (ConfUtils.java:logGet(43)) - raft.server.snapshot.retention.num.files = 5 (custom)
2019-09-26 21:18:51,603 [pool-47-thread-1] INFO  server.RaftServerConfigKeys (ConfUtils.java:logGet(43)) - raft.server.retrycache.expirytime = 600000ms (custom)
2019-09-26 21:18:51,603 [9ce0b59e-153f-4f41-8aed-492a76d80b48@group-AC3B2E24B573:LeaderElection58] INFO  impl.RaftServerImpl (ServerState.java:setRaftConf(354)) - 9ce0b59e-153f-4f41-8aed-492a76d80b48@group-AC3B2E24B573: set configuration 0: [9ce0b59e-153f-4f41-8aed-492a76d80b48:192.168.151.99:34156], old=null at 0
2019-09-26 21:18:51,606 [pool-47-thread-1] INFO  impl.RaftServerImpl (RaftServerImpl.java:start(185)) - 09112efe-1fad-4539-a04f-c96aef6d2351@group-C1CCE81E3AA9: start as a follower, conf=-1: [09112efe-1fad-4539-a04f-c96aef6d2351:192.168.151.99:45286], old=null
2019-09-26 21:18:51,606 [pool-47-thread-1] INFO  impl.RaftServerImpl (RaftServerImpl.java:setRole(174)) - 09112efe-1fad-4539-a04f-c96aef6d2351@group-C1CCE81E3AA9: changes role from      null to FOLLOWER at term 0 for startAsFollower
2019-09-26 21:18:51,606 [pool-47-thread-1] INFO  impl.RoleInfo (RoleInfo.java:updateAndGet(143)) - 09112efe-1fad-4539-a04f-c96aef6d2351: start FollowerState
2019-09-26 21:18:51,606 [pool-47-thread-1] INFO  util.JmxRegister (JmxRegister.java:tryRegister(44)) - Successfully registered JMX Bean with object name Ratis:service=RaftServer,group=group-C1CCE81E3AA9,id=09112efe-1fad-4539-a04f-c96aef6d2351
2019-09-26 21:18:51,611 [RatisPipelineUtilsThread] INFO  pipeline.PipelineStateManager (PipelineStateManager.java:addPipeline(56)) - Created pipeline Pipeline[ Id: 5ef8b603-bc3d-4835-9e71-c1cce81e3aa9, Nodes: 09112efe-1fad-4539-a04f-c96aef6d2351{ip: 192.168.151.99, host: pr-hdds-1569-g6sp5-2013761785, networkLocation: /default-rack, certSerialId: null}, Type:RATIS, Factor:ONE, State:OPEN]
2019-09-26 21:18:51,617 [grpc-default-executor-1] INFO  impl.RaftServerProxy (RaftServerProxy.java:addNew(89)) - da833d8d-e72a-4068-9560-4daa2d83adc2: addNew group-511FA1580F8F:[da833d8d-e72a-4068-9560-4daa2d83adc2:192.168.151.99:38903] returns group-511FA1580F8F:java.util.concurrent.CompletableFuture@5a22750[Not completed]
2019-09-26 21:18:51,620 [pool-67-thread-1] INFO  impl.RaftServerImpl (RaftServerImpl.java:<init>(95)) - da833d8d-e72a-4068-9560-4daa2d83adc2: new RaftServerImpl for group-511FA1580F8F:[da833d8d-e72a-4068-9560-4daa2d83adc2:192.168.151.99:38903] with ContainerStateMachine:uninitialized
2019-09-26 21:18:51,620 [pool-67-thread-1] INFO  server.RaftServerConfigKeys (ConfUtils.java:logGet(43)) - raft.server.rpc.timeout.min = 5s (custom)
2019-09-26 21:18:51,620 [pool-67-thread-1] INFO  server.RaftServerConfigKeys (ConfUtils.java:logGet(43)) - raft.server.rpc.timeout.max = 5200ms (custom)
2019-09-26 21:18:51,620 [pool-67-thread-1] INFO  server.RaftServerConfigKeys (ConfUtils.java:logGet(43)) - raft.server.rpcslowness.timeout = 120s (custom)
2019-09-26 21:18:51,621 [pool-67-thread-1] INFO  server.RaftServerConfigKeys (ConfUtils.java:logGet(43)) - raft.server.sleep.deviation.threshold = 300 (default)
2019-09-26 21:18:51,621 [pool-67-thread-1] INFO  server.RaftServerConfigKeys (ConfUtils.java:logGet(43)) - raft.server.log.appender.install.snapshot.enabled = false (custom)
2019-09-26 21:18:51,621 [pool-67-thread-1] INFO  impl.RaftServerImpl (ServerState.java:<init>(103)) - da833d8d-e72a-4068-9560-4daa2d83adc2@group-511FA1580F8F: ConfigurationManager, init=-1: [da833d8d-e72a-4068-9560-4daa2d83adc2:192.168.151.99:38903], old=null, confs=<EMPTY_MAP>
2019-09-26 21:18:51,621 [pool-67-thread-1] INFO  server.RaftServerConfigKeys (ConfUtils.java:logGet(43)) - raft.server.storage.dir = [/workdir/hadoop-ozone/ozonefs/target/test-dir/MiniOzoneClusterImpl-5b64906c-d720-4906-b30c-b6d56a2122fd/datanode-4/data/ratis] (custom)
2019-09-26 21:18:51,621 [pool-67-thread-1] INFO  storage.RaftStorageDirectory (RaftStorageDirectory.java:analyzeStorage(246)) - The storage directory /workdir/hadoop-ozone/ozonefs/target/test-dir/MiniOzoneClusterImpl-5b64906c-d720-4906-b30c-b6d56a2122fd/datanode-4/data/ratis/d0092852-2e95-48bc-8c9f-511fa1580f8f does not exist. Creating ...
2019-09-26 21:18:51,634 [pool-67-thread-1] INFO  storage.RaftStorageDirectory (RaftStorageDirectory.java:tryLock(328)) - Lock on /workdir/hadoop-ozone/ozonefs/target/test-dir/MiniOzoneClusterImpl-5b64906c-d720-4906-b30c-b6d56a2122fd/datanode-4/data/ratis/d0092852-2e95-48bc-8c9f-511fa1580f8f/in_use.lock acquired by nodename 10701@pr-hdds-1569-g6sp5-2013761785
2019-09-26 21:18:51,638 [09112efe-1fad-4539-a04f-c96aef6d2351@group-C7D068905F76-SegmentedRaftLogWorker] INFO  segmented.SegmentedRaftLogWorker (SegmentedRaftLogWorker.java:execute(569)) - 09112efe-1fad-4539-a04f-c96aef6d2351@group-C7D068905F76-SegmentedRaftLogWorker: created new log segment /workdir/hadoop-ozone/ozonefs/target/test-dir/MiniOzoneClusterImpl-5b64906c-d720-4906-b30c-b6d56a2122fd/datanode-2/data/ratis/75d26839-e2c0-459d-89d4-c7d068905f76/current/log_inprogress_0
2019-09-26 21:18:51,650 [pool-67-thread-1] INFO  storage.RaftStorage (RaftStorage.java:format(72)) - Storage directory /workdir/hadoop-ozone/ozonefs/target/test-dir/MiniOzoneClusterImpl-5b64906c-d720-4906-b30c-b6d56a2122fd/datanode-4/data/ratis/d0092852-2e95-48bc-8c9f-511fa1580f8f has been successfully formatted.
2019-09-26 21:18:51,650 [pool-67-thread-1] INFO  ratis.ContainerStateMachine (ContainerStateMachine.java:loadSnapshot(230)) - group-511FA1580F8F: The snapshot info is null. Setting the last applied indexto:(t:0, i:~)
2019-09-26 21:18:51,650 [pool-67-thread-1] INFO  server.RaftServerConfigKeys (ConfUtils.java:logGet(43)) - raft.server.notification.no-leader.timeout = 120s (custom)
2019-09-26 21:18:51,651 [pool-67-thread-1] INFO  server.RaftServerConfigKeys (ConfUtils.java:logGet(43)) - raft.server.log.use.memory = false (default)
2019-09-26 21:18:51,651 [pool-67-thread-1] INFO  server.RaftServerConfigKeys (ConfUtils.java:logGet(43)) - raft.server.log.purge.gap = 1000000 (custom)
2019-09-26 21:18:51,651 [pool-67-thread-1] INFO  server.RaftServerConfigKeys (ConfUtils.java:logGet(43)) - raft.server.log.appender.buffer.byte-limit = 33554432 (custom)
2019-09-26 21:18:51,651 [pool-67-thread-1] INFO  server.RaftServerConfigKeys (ConfUtils.java:logGet(43)) - raft.server.log.segment.size.max = 1048576 (custom)
2019-09-26 21:18:51,651 [pool-67-thread-1] INFO  server.RaftServerConfigKeys (ConfUtils.java:logGet(43)) - raft.server.log.segment.cache.num.max = 2 (custom)
2019-09-26 21:18:51,651 [9ce0b59e-153f-4f41-8aed-492a76d80b48@group-AC3B2E24B573-SegmentedRaftLogWorker] INFO  segmented.SegmentedRaftLogWorker (SegmentedRaftLogWorker.java:execute(569)) - 9ce0b59e-153f-4f41-8aed-492a76d80b48@group-AC3B2E24B573-SegmentedRaftLogWorker: created new log segment /workdir/hadoop-ozone/ozonefs/target/test-dir/MiniOzoneClusterImpl-5b64906c-d720-4906-b30c-b6d56a2122fd/datanode-0/data/ratis/40800215-f0e8-45bf-8622-ac3b2e24b573/current/log_inprogress_0
2019-09-26 21:18:51,651 [pool-67-thread-1] INFO  segmented.SegmentedRaftLogWorker (SegmentedRaftLogWorker.java:<init>(172)) - new da833d8d-e72a-4068-9560-4daa2d83adc2@group-511FA1580F8F-SegmentedRaftLogWorker for RaftStorage:Storage Directory /workdir/hadoop-ozone/ozonefs/target/test-dir/MiniOzoneClusterImpl-5b64906c-d720-4906-b30c-b6d56a2122fd/datanode-4/data/ratis/d0092852-2e95-48bc-8c9f-511fa1580f8f
2019-09-26 21:18:51,652 [pool-67-thread-1] INFO  server.RaftServerConfigKeys (ConfUtils.java:logGet(43)) - raft.server.log.queue.byte-limit = 2147483647 (custom)
2019-09-26 21:18:51,652 [pool-67-thread-1] INFO  server.RaftServerConfigKeys (ConfUtils.java:logGet(43)) - raft.server.log.queue.element-limit = 1024 (custom)
2019-09-26 21:18:51,652 [pool-67-thread-1] INFO  server.RaftServerConfigKeys (ConfUtils.java:logGet(43)) - raft.server.log.segment.size.max = 1048576 (custom)
2019-09-26 21:18:51,652 [pool-67-thread-1] INFO  server.RaftServerConfigKeys (ConfUtils.java:logGet(43)) - raft.server.log.preallocated.size = 16384 (custom)
2019-09-26 21:18:51,652 [pool-67-thread-1] INFO  server.RaftServerConfigKeys (ConfUtils.java:logGet(43)) - raft.server.log.write.buffer.size = 33554432 (custom)
2019-09-26 21:18:51,652 [pool-67-thread-1] INFO  server.RaftServerConfigKeys (ConfUtils.java:logGet(43)) - raft.server.log.force.sync.num = 128 (default)
2019-09-26 21:18:51,653 [pool-67-thread-1] INFO  server.RaftServerConfigKeys (ConfUtils.java:logGet(43)) - raft.server.log.statemachine.data.sync = true (default)
2019-09-26 21:18:51,653 [pool-67-thread-1] INFO  server.RaftServerConfigKeys (ConfUtils.java:logGet(43)) - raft.server.log.statemachine.data.sync.timeout = 10s (default)
2019-09-26 21:18:51,653 [pool-67-thread-1] INFO  server.RaftServerConfigKeys (ConfUtils.java:logGet(43)) - raft.server.log.statemachine.data.sync.timeout.retry = -1 (default)
2019-09-26 21:18:51,653 [pool-67-thread-1] INFO  server.RaftServerConfigKeys (ConfUtils.java:logGet(43)) - raft.server.log.statemachine.data.caching.enabled = true (custom)
2019-09-26 21:18:51,653 [pool-67-thread-1] INFO  segmented.SegmentedRaftLogWorker (SegmentedRaftLogWorker.java:lambda$new$0(132)) - da833d8d-e72a-4068-9560-4daa2d83adc2@group-511FA1580F8F-SegmentedRaftLogWorker: flushIndex: setUnconditionally 0 -> -1
2019-09-26 21:18:51,654 [pool-67-thread-1] INFO  server.RaftServerConfigKeys (ConfUtils.java:logGet(43)) - raft.server.snapshot.auto.trigger.enabled = true (custom)
2019-09-26 21:18:51,654 [pool-67-thread-1] INFO  server.RaftServerConfigKeys (ConfUtils.java:logGet(43)) - raft.server.snapshot.auto.trigger.threshold = 10000 (custom)
2019-09-26 21:18:51,654 [pool-67-thread-1] INFO  server.RaftServerConfigKeys (ConfUtils.java:logGet(43)) - raft.server.snapshot.retention.num.files = 5 (custom)
2019-09-26 21:18:51,654 [pool-67-thread-1] INFO  server.RaftServerConfigKeys (ConfUtils.java:logGet(43)) - raft.server.retrycache.expirytime = 600000ms (custom)
2019-09-26 21:18:51,656 [pool-67-thread-1] INFO  impl.RaftServerImpl (RaftServerImpl.java:start(185)) - da833d8d-e72a-4068-9560-4daa2d83adc2@group-511FA1580F8F: start as a follower, conf=-1: [da833d8d-e72a-4068-9560-4daa2d83adc2:192.168.151.99:38903], old=null
2019-09-26 21:18:51,656 [pool-67-thread-1] INFO  impl.RaftServerImpl (RaftServerImpl.java:setRole(174)) - da833d8d-e72a-4068-9560-4daa2d83adc2@group-511FA1580F8F: changes role from      null to FOLLOWER at term 0 for startAsFollower
2019-09-26 21:18:51,657 [pool-67-thread-1] INFO  impl.RoleInfo (RoleInfo.java:updateAndGet(143)) - da833d8d-e72a-4068-9560-4daa2d83adc2: start FollowerState
2019-09-26 21:18:51,657 [pool-67-thread-1] INFO  util.JmxRegister (JmxRegister.java:tryRegister(44)) - Successfully registered JMX Bean with object name Ratis:service=RaftServer,group=group-511FA1580F8F,id=da833d8d-e72a-4068-9560-4daa2d83adc2
2019-09-26 21:18:51,660 [RatisPipelineUtilsThread] INFO  pipeline.PipelineStateManager (PipelineStateManager.java:addPipeline(56)) - Created pipeline Pipeline[ Id: d0092852-2e95-48bc-8c9f-511fa1580f8f, Nodes: da833d8d-e72a-4068-9560-4daa2d83adc2{ip: 192.168.151.99, host: pr-hdds-1569-g6sp5-2013761785, networkLocation: /default-rack, certSerialId: null}, Type:RATIS, Factor:ONE, State:OPEN]
2019-09-26 21:18:51,666 [grpc-default-executor-1] INFO  impl.RaftServerProxy (RaftServerProxy.java:addNew(89)) - 09112efe-1fad-4539-a04f-c96aef6d2351: addNew group-EB13478BB780:[09112efe-1fad-4539-a04f-c96aef6d2351:192.168.151.99:45286] returns group-EB13478BB780:java.util.concurrent.CompletableFuture@14961f3b[Not completed]
2019-09-26 21:18:51,667 [pool-47-thread-1] INFO  impl.RaftServerImpl (RaftServerImpl.java:<init>(95)) - 09112efe-1fad-4539-a04f-c96aef6d2351: new RaftServerImpl for group-EB13478BB780:[09112efe-1fad-4539-a04f-c96aef6d2351:192.168.151.99:45286] with ContainerStateMachine:uninitialized
2019-09-26 21:18:51,667 [pool-47-thread-1] INFO  server.RaftServerConfigKeys (ConfUtils.java:logGet(43)) - raft.server.rpc.timeout.min = 5s (custom)
2019-09-26 21:18:51,667 [pool-47-thread-1] INFO  server.RaftServerConfigKeys (ConfUtils.java:logGet(43)) - raft.server.rpc.timeout.max = 5200ms (custom)
2019-09-26 21:18:51,668 [pool-47-thread-1] INFO  server.RaftServerConfigKeys (ConfUtils.java:logGet(43)) - raft.server.rpcslowness.timeout = 120s (custom)
2019-09-26 21:18:51,668 [pool-47-thread-1] INFO  server.RaftServerConfigKeys (ConfUtils.java:logGet(43)) - raft.server.sleep.deviation.threshold = 300 (default)
2019-09-26 21:18:51,668 [pool-47-thread-1] INFO  server.RaftServerConfigKeys (ConfUtils.java:logGet(43)) - raft.server.log.appender.install.snapshot.enabled = false (custom)
2019-09-26 21:18:51,668 [pool-47-thread-1] INFO  impl.RaftServerImpl (ServerState.java:<init>(103)) - 09112efe-1fad-4539-a04f-c96aef6d2351@group-EB13478BB780: ConfigurationManager, init=-1: [09112efe-1fad-4539-a04f-c96aef6d2351:192.168.151.99:45286], old=null, confs=<EMPTY_MAP>
2019-09-26 21:18:51,668 [pool-47-thread-1] INFO  server.RaftServerConfigKeys (ConfUtils.java:logGet(43)) - raft.server.storage.dir = [/workdir/hadoop-ozone/ozonefs/target/test-dir/MiniOzoneClusterImpl-5b64906c-d720-4906-b30c-b6d56a2122fd/datanode-2/data/ratis] (custom)
2019-09-26 21:18:51,669 [pool-47-thread-1] INFO  storage.RaftStorageDirectory (RaftStorageDirectory.java:analyzeStorage(246)) - The storage directory /workdir/hadoop-ozone/ozonefs/target/test-dir/MiniOzoneClusterImpl-5b64906c-d720-4906-b30c-b6d56a2122fd/datanode-2/data/ratis/bc694cbe-6d0a-4566-b06b-eb13478bb780 does not exist. Creating ...
2019-09-26 21:18:51,681 [pool-47-thread-1] INFO  storage.RaftStorageDirectory (RaftStorageDirectory.java:tryLock(328)) - Lock on /workdir/hadoop-ozone/ozonefs/target/test-dir/MiniOzoneClusterImpl-5b64906c-d720-4906-b30c-b6d56a2122fd/datanode-2/data/ratis/bc694cbe-6d0a-4566-b06b-eb13478bb780/in_use.lock acquired by nodename 10701@pr-hdds-1569-g6sp5-2013761785
2019-09-26 21:18:51,681 [Thread-394] INFO  impl.FollowerState (FollowerState.java:run(106)) - 1178c3ae-d0b4-4d44-b144-fe8504cc41ac:group-026C27FB7B37 changes to CANDIDATE, lastRpcTime:5088, electionTimeout:5088ms
2019-09-26 21:18:51,682 [Thread-394] INFO  impl.RoleInfo (RoleInfo.java:shutdownFollowerState(121)) - 1178c3ae-d0b4-4d44-b144-fe8504cc41ac: shutdown FollowerState
2019-09-26 21:18:51,682 [Thread-394] INFO  impl.RaftServerImpl (RaftServerImpl.java:setRole(174)) - 1178c3ae-d0b4-4d44-b144-fe8504cc41ac@group-026C27FB7B37: changes role from  FOLLOWER to CANDIDATE at term 0 for changeToCandidate
2019-09-26 21:18:51,682 [Thread-394] INFO  impl.RoleInfo (RoleInfo.java:updateAndGet(143)) - 1178c3ae-d0b4-4d44-b144-fe8504cc41ac: start LeaderElection
2019-09-26 21:18:51,695 [pool-47-thread-1] INFO  storage.RaftStorage (RaftStorage.java:format(72)) - Storage directory /workdir/hadoop-ozone/ozonefs/target/test-dir/MiniOzoneClusterImpl-5b64906c-d720-4906-b30c-b6d56a2122fd/datanode-2/data/ratis/bc694cbe-6d0a-4566-b06b-eb13478bb780 has been successfully formatted.
2019-09-26 21:18:51,695 [1178c3ae-d0b4-4d44-b144-fe8504cc41ac@group-026C27FB7B37:LeaderElection59] INFO  impl.LeaderElection (LeaderElection.java:askForVotes(182)) - 1178c3ae-d0b4-4d44-b144-fe8504cc41ac@group-026C27FB7B37:LeaderElection59: begin an election at term 1 for -1: [1178c3ae-d0b4-4d44-b144-fe8504cc41ac:192.168.151.99:33787], old=null
2019-09-26 21:18:51,696 [pool-47-thread-1] INFO  ratis.ContainerStateMachine (ContainerStateMachine.java:loadSnapshot(230)) - group-EB13478BB780: The snapshot info is null. Setting the last applied indexto:(t:0, i:~)
2019-09-26 21:18:51,696 [1178c3ae-d0b4-4d44-b144-fe8504cc41ac@group-026C27FB7B37:LeaderElection59] INFO  impl.RoleInfo (RoleInfo.java:shutdownLeaderElection(134)) - 1178c3ae-d0b4-4d44-b144-fe8504cc41ac: shutdown LeaderElection
2019-09-26 21:18:51,696 [pool-47-thread-1] INFO  server.RaftServerConfigKeys (ConfUtils.java:logGet(43)) - raft.server.notification.no-leader.timeout = 120s (custom)
2019-09-26 21:18:51,696 [1178c3ae-d0b4-4d44-b144-fe8504cc41ac@group-026C27FB7B37:LeaderElection59] INFO  impl.RaftServerImpl (RaftServerImpl.java:setRole(174)) - 1178c3ae-d0b4-4d44-b144-fe8504cc41ac@group-026C27FB7B37: changes role from CANDIDATE to LEADER at term 1 for changeToLeader
2019-09-26 21:18:51,696 [pool-47-thread-1] INFO  server.RaftServerConfigKeys (ConfUtils.java:logGet(43)) - raft.server.log.use.memory = false (default)
2019-09-26 21:18:51,696 [1178c3ae-d0b4-4d44-b144-fe8504cc41ac@group-026C27FB7B37:LeaderElection59] INFO  impl.RaftServerImpl (ServerState.java:setLeader(253)) - 1178c3ae-d0b4-4d44-b144-fe8504cc41ac@group-026C27FB7B37: change Leader from null to 1178c3ae-d0b4-4d44-b144-fe8504cc41ac at term 1 for becomeLeader, leader elected after 5110ms
2019-09-26 21:18:51,696 [pool-47-thread-1] INFO  server.RaftServerConfigKeys (ConfUtils.java:logGet(43)) - raft.server.log.purge.gap = 1000000 (custom)
2019-09-26 21:18:51,697 [1178c3ae-d0b4-4d44-b144-fe8504cc41ac@group-026C27FB7B37:LeaderElection59] INFO  server.RaftServerConfigKeys (ConfUtils.java:logGet(43)) - raft.server.staging.catchup.gap = 1000 (default)
2019-09-26 21:18:51,697 [pool-47-thread-1] INFO  server.RaftServerConfigKeys (ConfUtils.java:logGet(43)) - raft.server.log.appender.buffer.byte-limit = 33554432 (custom)
2019-09-26 21:18:51,697 [1178c3ae-d0b4-4d44-b144-fe8504cc41ac@group-026C27FB7B37:LeaderElection59] INFO  server.RaftServerConfigKeys (ConfUtils.java:logGet(43)) - raft.server.rpc.sleep.time = 25ms (default)
2019-09-26 21:18:51,697 [pool-47-thread-1] INFO  server.RaftServerConfigKeys (ConfUtils.java:logGet(43)) - raft.server.log.segment.size.max = 1048576 (custom)
2019-09-26 21:18:51,697 [1178c3ae-d0b4-4d44-b144-fe8504cc41ac@group-026C27FB7B37:LeaderElection59] INFO  server.RaftServerConfigKeys (ConfUtils.java:logGet(43)) - raft.server.write.element-limit = 4096 (default)
2019-09-26 21:18:51,697 [pool-47-thread-1] INFO  server.RaftServerConfigKeys (ConfUtils.java:logGet(43)) - raft.server.log.segment.cache.num.max = 2 (custom)
2019-09-26 21:18:51,697 [1178c3ae-d0b4-4d44-b144-fe8504cc41ac@group-026C27FB7B37:LeaderElection59] INFO  server.RaftServerConfigKeys (ConfUtils.java:logGet(43)) - raft.server.watch.timeout = 10s (default)
2019-09-26 21:18:51,698 [pool-47-thread-1] INFO  segmented.SegmentedRaftLogWorker (SegmentedRaftLogWorker.java:<init>(172)) - new 09112efe-1fad-4539-a04f-c96aef6d2351@group-EB13478BB780-SegmentedRaftLogWorker for RaftStorage:Storage Directory /workdir/hadoop-ozone/ozonefs/target/test-dir/MiniOzoneClusterImpl-5b64906c-d720-4906-b30c-b6d56a2122fd/datanode-2/data/ratis/bc694cbe-6d0a-4566-b06b-eb13478bb780
2019-09-26 21:18:51,698 [1178c3ae-d0b4-4d44-b144-fe8504cc41ac@group-026C27FB7B37:LeaderElection59] INFO  server.RaftServerConfigKeys (ConfUtils.java:logGet(43)) - raft.server.watch.timeout.denomination = 1s (default)
2019-09-26 21:18:51,698 [pool-47-thread-1] INFO  server.RaftServerConfigKeys (ConfUtils.java:logGet(43)) - raft.server.log.queue.byte-limit = 2147483647 (custom)
2019-09-26 21:18:51,698 [1178c3ae-d0b4-4d44-b144-fe8504cc41ac@group-026C27FB7B37:LeaderElection59] INFO  server.RaftServerConfigKeys (ConfUtils.java:logGet(43)) - raft.server.watch.element-limit = 65536 (default)
2019-09-26 21:18:51,698 [pool-47-thread-1] INFO  server.RaftServerConfigKeys (ConfUtils.java:logGet(43)) - raft.server.log.queue.element-limit = 1024 (custom)
2019-09-26 21:18:51,698 [pool-47-thread-1] INFO  server.RaftServerConfigKeys (ConfUtils.java:logGet(43)) - raft.server.log.segment.size.max = 1048576 (custom)
2019-09-26 21:18:51,699 [pool-47-thread-1] INFO  server.RaftServerConfigKeys (ConfUtils.java:logGet(43)) - raft.server.log.preallocated.size = 16384 (custom)
2019-09-26 21:18:51,699 [pool-47-thread-1] INFO  server.RaftServerConfigKeys (ConfUtils.java:logGet(43)) - raft.server.log.write.buffer.size = 33554432 (custom)
2019-09-26 21:18:51,699 [pool-47-thread-1] INFO  server.RaftServerConfigKeys (ConfUtils.java:logGet(43)) - raft.server.log.force.sync.num = 128 (default)
2019-09-26 21:18:51,699 [pool-47-thread-1] INFO  server.RaftServerConfigKeys (ConfUtils.java:logGet(43)) - raft.server.log.statemachine.data.sync = true (default)
2019-09-26 21:18:51,699 [pool-47-thread-1] INFO  server.RaftServerConfigKeys (ConfUtils.java:logGet(43)) - raft.server.log.statemachine.data.sync.timeout = 10s (default)
2019-09-26 21:18:51,699 [pool-47-thread-1] INFO  server.RaftServerConfigKeys (ConfUtils.java:logGet(43)) - raft.server.log.statemachine.data.sync.timeout.retry = -1 (default)
2019-09-26 21:18:51,700 [pool-47-thread-1] INFO  server.RaftServerConfigKeys (ConfUtils.java:logGet(43)) - raft.server.log.statemachine.data.caching.enabled = true (custom)
2019-09-26 21:18:51,700 [pool-47-thread-1] INFO  segmented.SegmentedRaftLogWorker (SegmentedRaftLogWorker.java:lambda$new$0(132)) - 09112efe-1fad-4539-a04f-c96aef6d2351@group-EB13478BB780-SegmentedRaftLogWorker: flushIndex: setUnconditionally 0 -> -1
2019-09-26 21:18:51,700 [pool-47-thread-1] INFO  server.RaftServerConfigKeys (ConfUtils.java:logGet(43)) - raft.server.snapshot.auto.trigger.enabled = true (custom)
2019-09-26 21:18:51,701 [pool-47-thread-1] INFO  server.RaftServerConfigKeys (ConfUtils.java:logGet(43)) - raft.server.snapshot.auto.trigger.threshold = 10000 (custom)
2019-09-26 21:18:51,701 [pool-47-thread-1] INFO  server.RaftServerConfigKeys (ConfUtils.java:logGet(43)) - raft.server.snapshot.retention.num.files = 5 (custom)
2019-09-26 21:18:51,701 [1178c3ae-d0b4-4d44-b144-fe8504cc41ac@group-026C27FB7B37:LeaderElection59] INFO  impl.RoleInfo (RoleInfo.java:updateAndGet(143)) - 1178c3ae-d0b4-4d44-b144-fe8504cc41ac: start LeaderState
2019-09-26 21:18:51,701 [pool-47-thread-1] INFO  server.RaftServerConfigKeys (ConfUtils.java:logGet(43)) - raft.server.retrycache.expirytime = 600000ms (custom)
2019-09-26 21:18:51,701 [1178c3ae-d0b4-4d44-b144-fe8504cc41ac@group-026C27FB7B37:LeaderElection59] INFO  segmented.SegmentedRaftLogWorker (SegmentedRaftLogWorker.java:startLogSegment(380)) - 1178c3ae-d0b4-4d44-b144-fe8504cc41ac@group-026C27FB7B37-SegmentedRaftLogWorker: Starting segment from index:0
2019-09-26 21:18:51,702 [1178c3ae-d0b4-4d44-b144-fe8504cc41ac@group-026C27FB7B37:LeaderElection59] INFO  impl.RaftServerImpl (ServerState.java:setRaftConf(354)) - 1178c3ae-d0b4-4d44-b144-fe8504cc41ac@group-026C27FB7B37: set configuration 0: [1178c3ae-d0b4-4d44-b144-fe8504cc41ac:192.168.151.99:33787], old=null at 0
2019-09-26 21:18:51,703 [pool-47-thread-1] INFO  impl.RaftServerImpl (RaftServerImpl.java:start(185)) - 09112efe-1fad-4539-a04f-c96aef6d2351@group-EB13478BB780: start as a follower, conf=-1: [09112efe-1fad-4539-a04f-c96aef6d2351:192.168.151.99:45286], old=null
2019-09-26 21:18:51,704 [pool-47-thread-1] INFO  impl.RaftServerImpl (RaftServerImpl.java:setRole(174)) - 09112efe-1fad-4539-a04f-c96aef6d2351@group-EB13478BB780: changes role from      null to FOLLOWER at term 0 for startAsFollower
2019-09-26 21:18:51,704 [pool-47-thread-1] INFO  impl.RoleInfo (RoleInfo.java:updateAndGet(143)) - 09112efe-1fad-4539-a04f-c96aef6d2351: start FollowerState
2019-09-26 21:18:51,704 [pool-47-thread-1] INFO  util.JmxRegister (JmxRegister.java:tryRegister(44)) - Successfully registered JMX Bean with object name Ratis:service=RaftServer,group=group-EB13478BB780,id=09112efe-1fad-4539-a04f-c96aef6d2351
2019-09-26 21:18:51,707 [RatisPipelineUtilsThread] INFO  pipeline.PipelineStateManager (PipelineStateManager.java:addPipeline(56)) - Created pipeline Pipeline[ Id: bc694cbe-6d0a-4566-b06b-eb13478bb780, Nodes: 09112efe-1fad-4539-a04f-c96aef6d2351{ip: 192.168.151.99, host: pr-hdds-1569-g6sp5-2013761785, networkLocation: /default-rack, certSerialId: null}, Type:RATIS, Factor:ONE, State:OPEN]
2019-09-26 21:18:51,712 [Thread-400] INFO  impl.FollowerState (FollowerState.java:run(106)) - da833d8d-e72a-4068-9560-4daa2d83adc2:group-917F42338CA2 changes to CANDIDATE, lastRpcTime:5026, electionTimeout:5026ms
2019-09-26 21:18:51,713 [Thread-400] INFO  impl.RoleInfo (RoleInfo.java:shutdownFollowerState(121)) - da833d8d-e72a-4068-9560-4daa2d83adc2: shutdown FollowerState
2019-09-26 21:18:51,713 [Thread-400] INFO  impl.RaftServerImpl (RaftServerImpl.java:setRole(174)) - da833d8d-e72a-4068-9560-4daa2d83adc2@group-917F42338CA2: changes role from  FOLLOWER to CANDIDATE at term 0 for changeToCandidate
2019-09-26 21:18:51,713 [Thread-400] INFO  impl.RoleInfo (RoleInfo.java:updateAndGet(143)) - da833d8d-e72a-4068-9560-4daa2d83adc2: start LeaderElection
2019-09-26 21:18:51,713 [grpc-default-executor-1] INFO  impl.RaftServerProxy (RaftServerProxy.java:addNew(89)) - da833d8d-e72a-4068-9560-4daa2d83adc2: addNew group-48B7BC6FD74C:[da833d8d-e72a-4068-9560-4daa2d83adc2:192.168.151.99:38903] returns group-48B7BC6FD74C:java.util.concurrent.CompletableFuture@7c52812b[Not completed]
2019-09-26 21:18:51,715 [pool-67-thread-1] INFO  impl.RaftServerImpl (RaftServerImpl.java:<init>(95)) - da833d8d-e72a-4068-9560-4daa2d83adc2: new RaftServerImpl for group-48B7BC6FD74C:[da833d8d-e72a-4068-9560-4daa2d83adc2:192.168.151.99:38903] with ContainerStateMachine:uninitialized
2019-09-26 21:18:51,715 [pool-67-thread-1] INFO  server.RaftServerConfigKeys (ConfUtils.java:logGet(43)) - raft.server.rpc.timeout.min = 5s (custom)
2019-09-26 21:18:51,715 [pool-67-thread-1] INFO  server.RaftServerConfigKeys (ConfUtils.java:logGet(43)) - raft.server.rpc.timeout.max = 5200ms (custom)
2019-09-26 21:18:51,715 [pool-67-thread-1] INFO  server.RaftServerConfigKeys (ConfUtils.java:logGet(43)) - raft.server.rpcslowness.timeout = 120s (custom)
2019-09-26 21:18:51,715 [pool-67-thread-1] INFO  server.RaftServerConfigKeys (ConfUtils.java:logGet(43)) - raft.server.sleep.deviation.threshold = 300 (default)
2019-09-26 21:18:51,715 [pool-67-thread-1] INFO  server.RaftServerConfigKeys (ConfUtils.java:logGet(43)) - raft.server.log.appender.install.snapshot.enabled = false (custom)
2019-09-26 21:18:51,716 [pool-67-thread-1] INFO  impl.RaftServerImpl (ServerState.java:<init>(103)) - da833d8d-e72a-4068-9560-4daa2d83adc2@group-48B7BC6FD74C: ConfigurationManager, init=-1: [da833d8d-e72a-4068-9560-4daa2d83adc2:192.168.151.99:38903], old=null, confs=<EMPTY_MAP>
2019-09-26 21:18:51,716 [pool-67-thread-1] INFO  server.RaftServerConfigKeys (ConfUtils.java:logGet(43)) - raft.server.storage.dir = [/workdir/hadoop-ozone/ozonefs/target/test-dir/MiniOzoneClusterImpl-5b64906c-d720-4906-b30c-b6d56a2122fd/datanode-4/data/ratis] (custom)
2019-09-26 21:18:51,716 [pool-67-thread-1] INFO  storage.RaftStorageDirectory (RaftStorageDirectory.java:analyzeStorage(246)) - The storage directory /workdir/hadoop-ozone/ozonefs/target/test-dir/MiniOzoneClusterImpl-5b64906c-d720-4906-b30c-b6d56a2122fd/datanode-4/data/ratis/a7ab5ca9-7ac2-4a2a-a4d4-48b7bc6fd74c does not exist. Creating ...
2019-09-26 21:18:51,719 [Thread-391] INFO  impl.FollowerState (FollowerState.java:run(106)) - 9ce0b59e-153f-4f41-8aed-492a76d80b48:group-044A21348336 changes to CANDIDATE, lastRpcTime:5174, electionTimeout:5174ms
2019-09-26 21:18:51,719 [Thread-391] INFO  impl.RoleInfo (RoleInfo.java:shutdownFollowerState(121)) - 9ce0b59e-153f-4f41-8aed-492a76d80b48: shutdown FollowerState
2019-09-26 21:18:51,719 [Thread-391] INFO  impl.RaftServerImpl (RaftServerImpl.java:setRole(174)) - 9ce0b59e-153f-4f41-8aed-492a76d80b48@group-044A21348336: changes role from  FOLLOWER to CANDIDATE at term 0 for changeToCandidate
2019-09-26 21:18:51,719 [Thread-391] INFO  impl.RoleInfo (RoleInfo.java:updateAndGet(143)) - 9ce0b59e-153f-4f41-8aed-492a76d80b48: start LeaderElection
2019-09-26 21:18:51,728 [pool-67-thread-1] INFO  storage.RaftStorageDirectory (RaftStorageDirectory.java:tryLock(328)) - Lock on /workdir/hadoop-ozone/ozonefs/target/test-dir/MiniOzoneClusterImpl-5b64906c-d720-4906-b30c-b6d56a2122fd/datanode-4/data/ratis/a7ab5ca9-7ac2-4a2a-a4d4-48b7bc6fd74c/in_use.lock acquired by nodename 10701@pr-hdds-1569-g6sp5-2013761785
2019-09-26 21:18:51,728 [da833d8d-e72a-4068-9560-4daa2d83adc2@group-917F42338CA2:LeaderElection60] INFO  impl.LeaderElection (LeaderElection.java:askForVotes(182)) - da833d8d-e72a-4068-9560-4daa2d83adc2@group-917F42338CA2:LeaderElection60: begin an election at term 1 for -1: [da833d8d-e72a-4068-9560-4daa2d83adc2:192.168.151.99:38903], old=null
2019-09-26 21:18:51,728 [9ce0b59e-153f-4f41-8aed-492a76d80b48@group-044A21348336:LeaderElection61] INFO  impl.LeaderElection (LeaderElection.java:askForVotes(182)) - 9ce0b59e-153f-4f41-8aed-492a76d80b48@group-044A21348336:LeaderElection61: begin an election at term 1 for -1: [9ce0b59e-153f-4f41-8aed-492a76d80b48:192.168.151.99:34156], old=null
2019-09-26 21:18:51,728 [da833d8d-e72a-4068-9560-4daa2d83adc2@group-917F42338CA2:LeaderElection60] INFO  impl.RoleInfo (RoleInfo.java:shutdownLeaderElection(134)) - da833d8d-e72a-4068-9560-4daa2d83adc2: shutdown LeaderElection
2019-09-26 21:18:51,729 [9ce0b59e-153f-4f41-8aed-492a76d80b48@group-044A21348336:LeaderElection61] INFO  impl.RoleInfo (RoleInfo.java:shutdownLeaderElection(134)) - 9ce0b59e-153f-4f41-8aed-492a76d80b48: shutdown LeaderElection
2019-09-26 21:18:51,729 [da833d8d-e72a-4068-9560-4daa2d83adc2@group-917F42338CA2:LeaderElection60] INFO  impl.RaftServerImpl (RaftServerImpl.java:setRole(174)) - da833d8d-e72a-4068-9560-4daa2d83adc2@group-917F42338CA2: changes role from CANDIDATE to LEADER at term 1 for changeToLeader
2019-09-26 21:18:51,729 [9ce0b59e-153f-4f41-8aed-492a76d80b48@group-044A21348336:LeaderElection61] INFO  impl.RaftServerImpl (RaftServerImpl.java:setRole(174)) - 9ce0b59e-153f-4f41-8aed-492a76d80b48@group-044A21348336: changes role from CANDIDATE to LEADER at term 1 for changeToLeader
2019-09-26 21:18:51,729 [da833d8d-e72a-4068-9560-4daa2d83adc2@group-917F42338CA2:LeaderElection60] INFO  impl.RaftServerImpl (ServerState.java:setLeader(253)) - da833d8d-e72a-4068-9560-4daa2d83adc2@group-917F42338CA2: change Leader from null to da833d8d-e72a-4068-9560-4daa2d83adc2 at term 1 for becomeLeader, leader elected after 5050ms
2019-09-26 21:18:51,729 [9ce0b59e-153f-4f41-8aed-492a76d80b48@group-044A21348336:LeaderElection61] INFO  impl.RaftServerImpl (ServerState.java:setLeader(253)) - 9ce0b59e-153f-4f41-8aed-492a76d80b48@group-044A21348336: change Leader from null to 9ce0b59e-153f-4f41-8aed-492a76d80b48 at term 1 for becomeLeader, leader elected after 5263ms
2019-09-26 21:18:51,729 [da833d8d-e72a-4068-9560-4daa2d83adc2@group-917F42338CA2:LeaderElection60] INFO  server.RaftServerConfigKeys (ConfUtils.java:logGet(43)) - raft.server.staging.catchup.gap = 1000 (default)
2019-09-26 21:18:51,729 [9ce0b59e-153f-4f41-8aed-492a76d80b48@group-044A21348336:LeaderElection61] INFO  server.RaftServerConfigKeys (ConfUtils.java:logGet(43)) - raft.server.staging.catchup.gap = 1000 (default)
2019-09-26 21:18:51,729 [da833d8d-e72a-4068-9560-4daa2d83adc2@group-917F42338CA2:LeaderElection60] INFO  server.RaftServerConfigKeys (ConfUtils.java:logGet(43)) - raft.server.rpc.sleep.time = 25ms (default)
2019-09-26 21:18:51,730 [9ce0b59e-153f-4f41-8aed-492a76d80b48@group-044A21348336:LeaderElection61] INFO  server.RaftServerConfigKeys (ConfUtils.java:logGet(43)) - raft.server.rpc.sleep.time = 25ms (default)
2019-09-26 21:18:51,730 [da833d8d-e72a-4068-9560-4daa2d83adc2@group-917F42338CA2:LeaderElection60] INFO  server.RaftServerConfigKeys (ConfUtils.java:logGet(43)) - raft.server.write.element-limit = 4096 (default)
2019-09-26 21:18:51,730 [9ce0b59e-153f-4f41-8aed-492a76d80b48@group-044A21348336:LeaderElection61] INFO  server.RaftServerConfigKeys (ConfUtils.java:logGet(43)) - raft.server.write.element-limit = 4096 (default)
2019-09-26 21:18:51,730 [da833d8d-e72a-4068-9560-4daa2d83adc2@group-917F42338CA2:LeaderElection60] INFO  server.RaftServerConfigKeys (ConfUtils.java:logGet(43)) - raft.server.watch.timeout = 10s (default)
2019-09-26 21:18:51,730 [9ce0b59e-153f-4f41-8aed-492a76d80b48@group-044A21348336:LeaderElection61] INFO  server.RaftServerConfigKeys (ConfUtils.java:logGet(43)) - raft.server.watch.timeout = 10s (default)
2019-09-26 21:18:51,730 [da833d8d-e72a-4068-9560-4daa2d83adc2@group-917F42338CA2:LeaderElection60] INFO  server.RaftServerConfigKeys (ConfUtils.java:logGet(43)) - raft.server.watch.timeout.denomination = 1s (default)
2019-09-26 21:18:51,731 [9ce0b59e-153f-4f41-8aed-492a76d80b48@group-044A21348336:LeaderElection61] INFO  server.RaftServerConfigKeys (ConfUtils.java:logGet(43)) - raft.server.watch.timeout.denomination = 1s (default)
2019-09-26 21:18:51,731 [da833d8d-e72a-4068-9560-4daa2d83adc2@group-917F42338CA2:LeaderElection60] INFO  server.RaftServerConfigKeys (ConfUtils.java:logGet(43)) - raft.server.watch.element-limit = 65536 (default)
2019-09-26 21:18:51,731 [9ce0b59e-153f-4f41-8aed-492a76d80b48@group-044A21348336:LeaderElection61] INFO  server.RaftServerConfigKeys (ConfUtils.java:logGet(43)) - raft.server.watch.element-limit = 65536 (default)
2019-09-26 21:18:51,732 [pool-67-thread-1] INFO  storage.RaftStorage (RaftStorage.java:format(72)) - Storage directory /workdir/hadoop-ozone/ozonefs/target/test-dir/MiniOzoneClusterImpl-5b64906c-d720-4906-b30c-b6d56a2122fd/datanode-4/data/ratis/a7ab5ca9-7ac2-4a2a-a4d4-48b7bc6fd74c has been successfully formatted.
2019-09-26 21:18:51,732 [pool-67-thread-1] INFO  ratis.ContainerStateMachine (ContainerStateMachine.java:loadSnapshot(230)) - group-48B7BC6FD74C: The snapshot info is null. Setting the last applied indexto:(t:0, i:~)
2019-09-26 21:18:51,732 [pool-67-thread-1] INFO  server.RaftServerConfigKeys (ConfUtils.java:logGet(43)) - raft.server.notification.no-leader.timeout = 120s (custom)
2019-09-26 21:18:51,733 [pool-67-thread-1] INFO  server.RaftServerConfigKeys (ConfUtils.java:logGet(43)) - raft.server.log.use.memory = false (default)
2019-09-26 21:18:51,733 [pool-67-thread-1] INFO  server.RaftServerConfigKeys (ConfUtils.java:logGet(43)) - raft.server.log.purge.gap = 1000000 (custom)
2019-09-26 21:18:51,733 [pool-67-thread-1] INFO  server.RaftServerConfigKeys (ConfUtils.java:logGet(43)) - raft.server.log.appender.buffer.byte-limit = 33554432 (custom)
2019-09-26 21:18:51,733 [pool-67-thread-1] INFO  server.RaftServerConfigKeys (ConfUtils.java:logGet(43)) - raft.server.log.segment.size.max = 1048576 (custom)
2019-09-26 21:18:51,733 [pool-67-thread-1] INFO  server.RaftServerConfigKeys (ConfUtils.java:logGet(43)) - raft.server.log.segment.cache.num.max = 2 (custom)
2019-09-26 21:18:51,733 [pool-67-thread-1] INFO  segmented.SegmentedRaftLogWorker (SegmentedRaftLogWorker.java:<init>(172)) - new da833d8d-e72a-4068-9560-4daa2d83adc2@group-48B7BC6FD74C-SegmentedRaftLogWorker for RaftStorage:Storage Directory /workdir/hadoop-ozone/ozonefs/target/test-dir/MiniOzoneClusterImpl-5b64906c-d720-4906-b30c-b6d56a2122fd/datanode-4/data/ratis/a7ab5ca9-7ac2-4a2a-a4d4-48b7bc6fd74c
2019-09-26 21:18:51,734 [pool-67-thread-1] INFO  server.RaftServerConfigKeys (ConfUtils.java:logGet(43)) - raft.server.log.queue.byte-limit = 2147483647 (custom)
2019-09-26 21:18:51,734 [pool-67-thread-1] INFO  server.RaftServerConfigKeys (ConfUtils.java:logGet(43)) - raft.server.log.queue.element-limit = 1024 (custom)
2019-09-26 21:18:51,734 [pool-67-thread-1] INFO  server.RaftServerConfigKeys (ConfUtils.java:logGet(43)) - raft.server.log.segment.size.max = 1048576 (custom)
2019-09-26 21:18:51,734 [pool-67-thread-1] INFO  server.RaftServerConfigKeys (ConfUtils.java:logGet(43)) - raft.server.log.preallocated.size = 16384 (custom)
2019-09-26 21:18:51,734 [pool-67-thread-1] INFO  server.RaftServerConfigKeys (ConfUtils.java:logGet(43)) - raft.server.log.write.buffer.size = 33554432 (custom)
2019-09-26 21:18:51,734 [da833d8d-e72a-4068-9560-4daa2d83adc2@group-917F42338CA2:LeaderElection60] INFO  impl.RoleInfo (RoleInfo.java:updateAndGet(143)) - da833d8d-e72a-4068-9560-4daa2d83adc2: start LeaderState
2019-09-26 21:18:51,734 [pool-67-thread-1] INFO  server.RaftServerConfigKeys (ConfUtils.java:logGet(43)) - raft.server.log.force.sync.num = 128 (default)
2019-09-26 21:18:51,735 [da833d8d-e72a-4068-9560-4daa2d83adc2@group-917F42338CA2:LeaderElection60] INFO  segmented.SegmentedRaftLogWorker (SegmentedRaftLogWorker.java:startLogSegment(380)) - da833d8d-e72a-4068-9560-4daa2d83adc2@group-917F42338CA2-SegmentedRaftLogWorker: Starting segment from index:0
2019-09-26 21:18:51,735 [pool-67-thread-1] INFO  server.RaftServerConfigKeys (ConfUtils.java:logGet(43)) - raft.server.log.statemachine.data.sync = true (default)
2019-09-26 21:18:51,735 [9ce0b59e-153f-4f41-8aed-492a76d80b48@group-044A21348336:LeaderElection61] INFO  impl.RoleInfo (RoleInfo.java:updateAndGet(143)) - 9ce0b59e-153f-4f41-8aed-492a76d80b48: start LeaderState
2019-09-26 21:18:51,735 [pool-67-thread-1] INFO  server.RaftServerConfigKeys (ConfUtils.java:logGet(43)) - raft.server.log.statemachine.data.sync.timeout = 10s (default)
2019-09-26 21:18:51,735 [9ce0b59e-153f-4f41-8aed-492a76d80b48@group-044A21348336:LeaderElection61] INFO  segmented.SegmentedRaftLogWorker (SegmentedRaftLogWorker.java:startLogSegment(380)) - 9ce0b59e-153f-4f41-8aed-492a76d80b48@group-044A21348336-SegmentedRaftLogWorker: Starting segment from index:0
2019-09-26 21:18:51,735 [da833d8d-e72a-4068-9560-4daa2d83adc2@group-917F42338CA2:LeaderElection60] INFO  impl.RaftServerImpl (ServerState.java:setRaftConf(354)) - da833d8d-e72a-4068-9560-4daa2d83adc2@group-917F42338CA2: set configuration 0: [da833d8d-e72a-4068-9560-4daa2d83adc2:192.168.151.99:38903], old=null at 0
2019-09-26 21:18:51,735 [pool-67-thread-1] INFO  server.RaftServerConfigKeys (ConfUtils.java:logGet(43)) - raft.server.log.statemachine.data.sync.timeout.retry = -1 (default)
2019-09-26 21:18:51,736 [pool-67-thread-1] INFO  server.RaftServerConfigKeys (ConfUtils.java:logGet(43)) - raft.server.log.statemachine.data.caching.enabled = true (custom)
2019-09-26 21:18:51,736 [9ce0b59e-153f-4f41-8aed-492a76d80b48@group-044A21348336:LeaderElection61] INFO  impl.RaftServerImpl (ServerState.java:setRaftConf(354)) - 9ce0b59e-153f-4f41-8aed-492a76d80b48@group-044A21348336: set configuration 0: [9ce0b59e-153f-4f41-8aed-492a76d80b48:192.168.151.99:34156], old=null at 0
2019-09-26 21:18:51,736 [pool-67-thread-1] INFO  segmented.SegmentedRaftLogWorker (SegmentedRaftLogWorker.java:lambda$new$0(132)) - da833d8d-e72a-4068-9560-4daa2d83adc2@group-48B7BC6FD74C-SegmentedRaftLogWorker: flushIndex: setUnconditionally 0 -> -1
2019-09-26 21:18:51,737 [pool-67-thread-1] INFO  server.RaftServerConfigKeys (ConfUtils.java:logGet(43)) - raft.server.snapshot.auto.trigger.enabled = true (custom)
2019-09-26 21:18:51,737 [pool-67-thread-1] INFO  server.RaftServerConfigKeys (ConfUtils.java:logGet(43)) - raft.server.snapshot.auto.trigger.threshold = 10000 (custom)
2019-09-26 21:18:51,737 [pool-67-thread-1] INFO  server.RaftServerConfigKeys (ConfUtils.java:logGet(43)) - raft.server.snapshot.retention.num.files = 5 (custom)
2019-09-26 21:18:51,737 [pool-67-thread-1] INFO  server.RaftServerConfigKeys (ConfUtils.java:logGet(43)) - raft.server.retrycache.expirytime = 600000ms (custom)
2019-09-26 21:18:51,739 [pool-67-thread-1] INFO  impl.RaftServerImpl (RaftServerImpl.java:start(185)) - da833d8d-e72a-4068-9560-4daa2d83adc2@group-48B7BC6FD74C: start as a follower, conf=-1: [da833d8d-e72a-4068-9560-4daa2d83adc2:192.168.151.99:38903], old=null
2019-09-26 21:18:51,740 [pool-67-thread-1] INFO  impl.RaftServerImpl (RaftServerImpl.java:setRole(174)) - da833d8d-e72a-4068-9560-4daa2d83adc2@group-48B7BC6FD74C: changes role from      null to FOLLOWER at term 0 for startAsFollower
2019-09-26 21:18:51,740 [pool-67-thread-1] INFO  impl.RoleInfo (RoleInfo.java:updateAndGet(143)) - da833d8d-e72a-4068-9560-4daa2d83adc2: start FollowerState
2019-09-26 21:18:51,740 [pool-67-thread-1] INFO  util.JmxRegister (JmxRegister.java:tryRegister(44)) - Successfully registered JMX Bean with object name Ratis:service=RaftServer,group=group-48B7BC6FD74C,id=da833d8d-e72a-4068-9560-4daa2d83adc2
2019-09-26 21:18:51,741 [1178c3ae-d0b4-4d44-b144-fe8504cc41ac@group-026C27FB7B37-SegmentedRaftLogWorker] INFO  segmented.SegmentedRaftLogWorker (SegmentedRaftLogWorker.java:execute(569)) - 1178c3ae-d0b4-4d44-b144-fe8504cc41ac@group-026C27FB7B37-SegmentedRaftLogWorker: created new log segment /workdir/hadoop-ozone/ozonefs/target/test-dir/MiniOzoneClusterImpl-5b64906c-d720-4906-b30c-b6d56a2122fd/datanode-1/data/ratis/e52f1eaf-2f5b-4a53-9052-026c27fb7b37/current/log_inprogress_0
2019-09-26 21:18:51,744 [RatisPipelineUtilsThread] INFO  pipeline.PipelineStateManager (PipelineStateManager.java:addPipeline(56)) - Created pipeline Pipeline[ Id: a7ab5ca9-7ac2-4a2a-a4d4-48b7bc6fd74c, Nodes: da833d8d-e72a-4068-9560-4daa2d83adc2{ip: 192.168.151.99, host: pr-hdds-1569-g6sp5-2013761785, networkLocation: /default-rack, certSerialId: null}, Type:RATIS, Factor:ONE, State:OPEN]
2019-09-26 21:18:51,749 [grpc-default-executor-1] INFO  impl.RaftServerProxy (RaftServerProxy.java:addNew(89)) - 09112efe-1fad-4539-a04f-c96aef6d2351: addNew group-3320048E059F:[09112efe-1fad-4539-a04f-c96aef6d2351:192.168.151.99:45286] returns group-3320048E059F:java.util.concurrent.CompletableFuture@787d031c[Not completed]
2019-09-26 21:18:51,752 [pool-47-thread-1] INFO  impl.RaftServerImpl (RaftServerImpl.java:<init>(95)) - 09112efe-1fad-4539-a04f-c96aef6d2351: new RaftServerImpl for group-3320048E059F:[09112efe-1fad-4539-a04f-c96aef6d2351:192.168.151.99:45286] with ContainerStateMachine:uninitialized
2019-09-26 21:18:51,752 [pool-47-thread-1] INFO  server.RaftServerConfigKeys (ConfUtils.java:logGet(43)) - raft.server.rpc.timeout.min = 5s (custom)
2019-09-26 21:18:51,752 [pool-47-thread-1] INFO  server.RaftServerConfigKeys (ConfUtils.java:logGet(43)) - raft.server.rpc.timeout.max = 5200ms (custom)
2019-09-26 21:18:51,752 [pool-47-thread-1] INFO  server.RaftServerConfigKeys (ConfUtils.java:logGet(43)) - raft.server.rpcslowness.timeout = 120s (custom)
2019-09-26 21:18:51,752 [pool-47-thread-1] INFO  server.RaftServerConfigKeys (ConfUtils.java:logGet(43)) - raft.server.sleep.deviation.threshold = 300 (default)
2019-09-26 21:18:51,753 [pool-47-thread-1] INFO  server.RaftServerConfigKeys (ConfUtils.java:logGet(43)) - raft.server.log.appender.install.snapshot.enabled = false (custom)
2019-09-26 21:18:51,753 [pool-47-thread-1] INFO  impl.RaftServerImpl (ServerState.java:<init>(103)) - 09112efe-1fad-4539-a04f-c96aef6d2351@group-3320048E059F: ConfigurationManager, init=-1: [09112efe-1fad-4539-a04f-c96aef6d2351:192.168.151.99:45286], old=null, confs=<EMPTY_MAP>
2019-09-26 21:18:51,753 [pool-47-thread-1] INFO  server.RaftServerConfigKeys (ConfUtils.java:logGet(43)) - raft.server.storage.dir = [/workdir/hadoop-ozone/ozonefs/target/test-dir/MiniOzoneClusterImpl-5b64906c-d720-4906-b30c-b6d56a2122fd/datanode-2/data/ratis] (custom)
2019-09-26 21:18:51,754 [pool-47-thread-1] INFO  storage.RaftStorageDirectory (RaftStorageDirectory.java:analyzeStorage(246)) - The storage directory /workdir/hadoop-ozone/ozonefs/target/test-dir/MiniOzoneClusterImpl-5b64906c-d720-4906-b30c-b6d56a2122fd/datanode-2/data/ratis/a1742153-9207-4cbc-9abc-3320048e059f does not exist. Creating ...
2019-09-26 21:18:51,761 [pool-47-thread-1] INFO  storage.RaftStorageDirectory (RaftStorageDirectory.java:tryLock(328)) - Lock on /workdir/hadoop-ozone/ozonefs/target/test-dir/MiniOzoneClusterImpl-5b64906c-d720-4906-b30c-b6d56a2122fd/datanode-2/data/ratis/a1742153-9207-4cbc-9abc-3320048e059f/in_use.lock acquired by nodename 10701@pr-hdds-1569-g6sp5-2013761785
2019-09-26 21:18:51,776 [pool-47-thread-1] INFO  storage.RaftStorage (RaftStorage.java:format(72)) - Storage directory /workdir/hadoop-ozone/ozonefs/target/test-dir/MiniOzoneClusterImpl-5b64906c-d720-4906-b30c-b6d56a2122fd/datanode-2/data/ratis/a1742153-9207-4cbc-9abc-3320048e059f has been successfully formatted.
2019-09-26 21:18:51,776 [Thread-397] INFO  impl.FollowerState (FollowerState.java:run(106)) - 1178c3ae-d0b4-4d44-b144-fe8504cc41ac:group-CEB1079B6F06 changes to CANDIDATE, lastRpcTime:5136, electionTimeout:5136ms
2019-09-26 21:18:51,776 [pool-47-thread-1] INFO  ratis.ContainerStateMachine (ContainerStateMachine.java:loadSnapshot(230)) - group-3320048E059F: The snapshot info is null. Setting the last applied indexto:(t:0, i:~)
2019-09-26 21:18:51,777 [Thread-397] INFO  impl.RoleInfo (RoleInfo.java:shutdownFollowerState(121)) - 1178c3ae-d0b4-4d44-b144-fe8504cc41ac: shutdown FollowerState
2019-09-26 21:18:51,777 [pool-47-thread-1] INFO  server.RaftServerConfigKeys (ConfUtils.java:logGet(43)) - raft.server.notification.no-leader.timeout = 120s (custom)
2019-09-26 21:18:51,777 [Thread-397] INFO  impl.RaftServerImpl (RaftServerImpl.java:setRole(174)) - 1178c3ae-d0b4-4d44-b144-fe8504cc41ac@group-CEB1079B6F06: changes role from  FOLLOWER to CANDIDATE at term 0 for changeToCandidate
2019-09-26 21:18:51,777 [pool-47-thread-1] INFO  server.RaftServerConfigKeys (ConfUtils.java:logGet(43)) - raft.server.log.use.memory = false (default)
2019-09-26 21:18:51,777 [Thread-397] INFO  impl.RoleInfo (RoleInfo.java:updateAndGet(143)) - 1178c3ae-d0b4-4d44-b144-fe8504cc41ac: start LeaderElection
2019-09-26 21:18:51,777 [pool-47-thread-1] INFO  server.RaftServerConfigKeys (ConfUtils.java:logGet(43)) - raft.server.log.purge.gap = 1000000 (custom)
2019-09-26 21:18:51,778 [pool-47-thread-1] INFO  server.RaftServerConfigKeys (ConfUtils.java:logGet(43)) - raft.server.log.appender.buffer.byte-limit = 33554432 (custom)
2019-09-26 21:18:51,778 [pool-47-thread-1] INFO  server.RaftServerConfigKeys (ConfUtils.java:logGet(43)) - raft.server.log.segment.size.max = 1048576 (custom)
2019-09-26 21:18:51,778 [pool-47-thread-1] INFO  server.RaftServerConfigKeys (ConfUtils.java:logGet(43)) - raft.server.log.segment.cache.num.max = 2 (custom)
2019-09-26 21:18:51,778 [pool-47-thread-1] INFO  segmented.SegmentedRaftLogWorker (SegmentedRaftLogWorker.java:<init>(172)) - new 09112efe-1fad-4539-a04f-c96aef6d2351@group-3320048E059F-SegmentedRaftLogWorker for RaftStorage:Storage Directory /workdir/hadoop-ozone/ozonefs/target/test-dir/MiniOzoneClusterImpl-5b64906c-d720-4906-b30c-b6d56a2122fd/datanode-2/data/ratis/a1742153-9207-4cbc-9abc-3320048e059f
2019-09-26 21:18:51,779 [pool-47-thread-1] INFO  server.RaftServerConfigKeys (ConfUtils.java:logGet(43)) - raft.server.log.queue.byte-limit = 2147483647 (custom)
2019-09-26 21:18:51,779 [pool-47-thread-1] INFO  server.RaftServerConfigKeys (ConfUtils.java:logGet(43)) - raft.server.log.queue.element-limit = 1024 (custom)
2019-09-26 21:18:51,779 [pool-47-thread-1] INFO  server.RaftServerConfigKeys (ConfUtils.java:logGet(43)) - raft.server.log.segment.size.max = 1048576 (custom)
2019-09-26 21:18:51,780 [pool-47-thread-1] INFO  server.RaftServerConfigKeys (ConfUtils.java:logGet(43)) - raft.server.log.preallocated.size = 16384 (custom)
2019-09-26 21:18:51,780 [pool-47-thread-1] INFO  server.RaftServerConfigKeys (ConfUtils.java:logGet(43)) - raft.server.log.write.buffer.size = 33554432 (custom)
2019-09-26 21:18:51,780 [pool-47-thread-1] INFO  server.RaftServerConfigKeys (ConfUtils.java:logGet(43)) - raft.server.log.force.sync.num = 128 (default)
2019-09-26 21:18:51,780 [pool-47-thread-1] INFO  server.RaftServerConfigKeys (ConfUtils.java:logGet(43)) - raft.server.log.statemachine.data.sync = true (default)
2019-09-26 21:18:51,780 [pool-47-thread-1] INFO  server.RaftServerConfigKeys (ConfUtils.java:logGet(43)) - raft.server.log.statemachine.data.sync.timeout = 10s (default)
2019-09-26 21:18:51,781 [pool-47-thread-1] INFO  server.RaftServerConfigKeys (ConfUtils.java:logGet(43)) - raft.server.log.statemachine.data.sync.timeout.retry = -1 (default)
2019-09-26 21:18:51,781 [pool-47-thread-1] INFO  server.RaftServerConfigKeys (ConfUtils.java:logGet(43)) - raft.server.log.statemachine.data.caching.enabled = true (custom)
2019-09-26 21:18:51,781 [pool-47-thread-1] INFO  segmented.SegmentedRaftLogWorker (SegmentedRaftLogWorker.java:lambda$new$0(132)) - 09112efe-1fad-4539-a04f-c96aef6d2351@group-3320048E059F-SegmentedRaftLogWorker: flushIndex: setUnconditionally 0 -> -1
2019-09-26 21:18:51,782 [pool-47-thread-1] INFO  server.RaftServerConfigKeys (ConfUtils.java:logGet(43)) - raft.server.snapshot.auto.trigger.enabled = true (custom)
2019-09-26 21:18:51,782 [pool-47-thread-1] INFO  server.RaftServerConfigKeys (ConfUtils.java:logGet(43)) - raft.server.snapshot.auto.trigger.threshold = 10000 (custom)
2019-09-26 21:18:51,782 [pool-47-thread-1] INFO  server.RaftServerConfigKeys (ConfUtils.java:logGet(43)) - raft.server.snapshot.retention.num.files = 5 (custom)
2019-09-26 21:18:51,782 [pool-47-thread-1] INFO  server.RaftServerConfigKeys (ConfUtils.java:logGet(43)) - raft.server.retrycache.expirytime = 600000ms (custom)
2019-09-26 21:18:51,784 [pool-47-thread-1] INFO  impl.RaftServerImpl (RaftServerImpl.java:start(185)) - 09112efe-1fad-4539-a04f-c96aef6d2351@group-3320048E059F: start as a follower, conf=-1: [09112efe-1fad-4539-a04f-c96aef6d2351:192.168.151.99:45286], old=null
2019-09-26 21:18:51,784 [pool-47-thread-1] INFO  impl.RaftServerImpl (RaftServerImpl.java:setRole(174)) - 09112efe-1fad-4539-a04f-c96aef6d2351@group-3320048E059F: changes role from      null to FOLLOWER at term 0 for startAsFollower
2019-09-26 21:18:51,784 [pool-47-thread-1] INFO  impl.RoleInfo (RoleInfo.java:updateAndGet(143)) - 09112efe-1fad-4539-a04f-c96aef6d2351: start FollowerState
2019-09-26 21:18:51,785 [pool-47-thread-1] INFO  util.JmxRegister (JmxRegister.java:tryRegister(44)) - Successfully registered JMX Bean with object name Ratis:service=RaftServer,group=group-3320048E059F,id=09112efe-1fad-4539-a04f-c96aef6d2351
2019-09-26 21:18:51,787 [RatisPipelineUtilsThread] INFO  pipeline.PipelineStateManager (PipelineStateManager.java:addPipeline(56)) - Created pipeline Pipeline[ Id: a1742153-9207-4cbc-9abc-3320048e059f, Nodes: 09112efe-1fad-4539-a04f-c96aef6d2351{ip: 192.168.151.99, host: pr-hdds-1569-g6sp5-2013761785, networkLocation: /default-rack, certSerialId: null}, Type:RATIS, Factor:ONE, State:OPEN]
2019-09-26 21:18:51,790 [da833d8d-e72a-4068-9560-4daa2d83adc2@group-917F42338CA2-SegmentedRaftLogWorker] INFO  segmented.SegmentedRaftLogWorker (SegmentedRaftLogWorker.java:execute(569)) - da833d8d-e72a-4068-9560-4daa2d83adc2@group-917F42338CA2-SegmentedRaftLogWorker: created new log segment /workdir/hadoop-ozone/ozonefs/target/test-dir/MiniOzoneClusterImpl-5b64906c-d720-4906-b30c-b6d56a2122fd/datanode-4/data/ratis/20cef87d-0df5-4589-a4cd-917f42338ca2/current/log_inprogress_0
2019-09-26 21:18:51,790 [1178c3ae-d0b4-4d44-b144-fe8504cc41ac@group-CEB1079B6F06:LeaderElection62] INFO  impl.LeaderElection (LeaderElection.java:askForVotes(182)) - 1178c3ae-d0b4-4d44-b144-fe8504cc41ac@group-CEB1079B6F06:LeaderElection62: begin an election at term 1 for -1: [1178c3ae-d0b4-4d44-b144-fe8504cc41ac:192.168.151.99:33787], old=null
2019-09-26 21:18:51,790 [9ce0b59e-153f-4f41-8aed-492a76d80b48@group-044A21348336-SegmentedRaftLogWorker] INFO  segmented.SegmentedRaftLogWorker (SegmentedRaftLogWorker.java:execute(569)) - 9ce0b59e-153f-4f41-8aed-492a76d80b48@group-044A21348336-SegmentedRaftLogWorker: created new log segment /workdir/hadoop-ozone/ozonefs/target/test-dir/MiniOzoneClusterImpl-5b64906c-d720-4906-b30c-b6d56a2122fd/datanode-0/data/ratis/a8f169a0-aba4-496a-b39f-044a21348336/current/log_inprogress_0
2019-09-26 21:18:51,790 [1178c3ae-d0b4-4d44-b144-fe8504cc41ac@group-CEB1079B6F06:LeaderElection62] INFO  impl.RoleInfo (RoleInfo.java:shutdownLeaderElection(134)) - 1178c3ae-d0b4-4d44-b144-fe8504cc41ac: shutdown LeaderElection
2019-09-26 21:18:51,791 [1178c3ae-d0b4-4d44-b144-fe8504cc41ac@group-CEB1079B6F06:LeaderElection62] INFO  impl.RaftServerImpl (RaftServerImpl.java:setRole(174)) - 1178c3ae-d0b4-4d44-b144-fe8504cc41ac@group-CEB1079B6F06: changes role from CANDIDATE to LEADER at term 1 for changeToLeader
2019-09-26 21:18:51,791 [1178c3ae-d0b4-4d44-b144-fe8504cc41ac@group-CEB1079B6F06:LeaderElection62] INFO  impl.RaftServerImpl (ServerState.java:setLeader(253)) - 1178c3ae-d0b4-4d44-b144-fe8504cc41ac@group-CEB1079B6F06: change Leader from null to 1178c3ae-d0b4-4d44-b144-fe8504cc41ac at term 1 for becomeLeader, leader elected after 5157ms
2019-09-26 21:18:51,791 [1178c3ae-d0b4-4d44-b144-fe8504cc41ac@group-CEB1079B6F06:LeaderElection62] INFO  server.RaftServerConfigKeys (ConfUtils.java:logGet(43)) - raft.server.staging.catchup.gap = 1000 (default)
2019-09-26 21:18:51,791 [1178c3ae-d0b4-4d44-b144-fe8504cc41ac@group-CEB1079B6F06:LeaderElection62] INFO  server.RaftServerConfigKeys (ConfUtils.java:logGet(43)) - raft.server.rpc.sleep.time = 25ms (default)
2019-09-26 21:18:51,791 [1178c3ae-d0b4-4d44-b144-fe8504cc41ac@group-CEB1079B6F06:LeaderElection62] INFO  server.RaftServerConfigKeys (ConfUtils.java:logGet(43)) - raft.server.write.element-limit = 4096 (default)
2019-09-26 21:18:51,792 [1178c3ae-d0b4-4d44-b144-fe8504cc41ac@group-CEB1079B6F06:LeaderElection62] INFO  server.RaftServerConfigKeys (ConfUtils.java:logGet(43)) - raft.server.watch.timeout = 10s (default)
2019-09-26 21:18:51,792 [1178c3ae-d0b4-4d44-b144-fe8504cc41ac@group-CEB1079B6F06:LeaderElection62] INFO  server.RaftServerConfigKeys (ConfUtils.java:logGet(43)) - raft.server.watch.timeout.denomination = 1s (default)
2019-09-26 21:18:51,792 [1178c3ae-d0b4-4d44-b144-fe8504cc41ac@group-CEB1079B6F06:LeaderElection62] INFO  server.RaftServerConfigKeys (ConfUtils.java:logGet(43)) - raft.server.watch.element-limit = 65536 (default)
2019-09-26 21:18:51,792 [grpc-default-executor-1] INFO  impl.RaftServerProxy (RaftServerProxy.java:addNew(89)) - 9ce0b59e-153f-4f41-8aed-492a76d80b48: addNew group-0F1744F08A48:[9ce0b59e-153f-4f41-8aed-492a76d80b48:192.168.151.99:34156] returns group-0F1744F08A48:java.util.concurrent.CompletableFuture@d135999[Not completed]
2019-09-26 21:18:51,793 [pool-27-thread-1] INFO  impl.RaftServerImpl (RaftServerImpl.java:<init>(95)) - 9ce0b59e-153f-4f41-8aed-492a76d80b48: new RaftServerImpl for group-0F1744F08A48:[9ce0b59e-153f-4f41-8aed-492a76d80b48:192.168.151.99:34156] with ContainerStateMachine:uninitialized
2019-09-26 21:18:51,793 [pool-27-thread-1] INFO  server.RaftServerConfigKeys (ConfUtils.java:logGet(43)) - raft.server.rpc.timeout.min = 5s (custom)
2019-09-26 21:18:51,794 [pool-27-thread-1] INFO  server.RaftServerConfigKeys (ConfUtils.java:logGet(43)) - raft.server.rpc.timeout.max = 5200ms (custom)
2019-09-26 21:18:51,794 [pool-27-thread-1] INFO  server.RaftServerConfigKeys (ConfUtils.java:logGet(43)) - raft.server.rpcslowness.timeout = 120s (custom)
2019-09-26 21:18:51,794 [pool-27-thread-1] INFO  server.RaftServerConfigKeys (ConfUtils.java:logGet(43)) - raft.server.sleep.deviation.threshold = 300 (default)
2019-09-26 21:18:51,794 [pool-27-thread-1] INFO  server.RaftServerConfigKeys (ConfUtils.java:logGet(43)) - raft.server.log.appender.install.snapshot.enabled = false (custom)
2019-09-26 21:18:51,794 [pool-27-thread-1] INFO  impl.RaftServerImpl (ServerState.java:<init>(103)) - 9ce0b59e-153f-4f41-8aed-492a76d80b48@group-0F1744F08A48: ConfigurationManager, init=-1: [9ce0b59e-153f-4f41-8aed-492a76d80b48:192.168.151.99:34156], old=null, confs=<EMPTY_MAP>
2019-09-26 21:18:51,794 [1178c3ae-d0b4-4d44-b144-fe8504cc41ac@group-CEB1079B6F06:LeaderElection62] INFO  impl.RoleInfo (RoleInfo.java:updateAndGet(143)) - 1178c3ae-d0b4-4d44-b144-fe8504cc41ac: start LeaderState
2019-09-26 21:18:51,794 [pool-27-thread-1] INFO  server.RaftServerConfigKeys (ConfUtils.java:logGet(43)) - raft.server.storage.dir = [/workdir/hadoop-ozone/ozonefs/target/test-dir/MiniOzoneClusterImpl-5b64906c-d720-4906-b30c-b6d56a2122fd/datanode-0/data/ratis] (custom)
2019-09-26 21:18:51,794 [1178c3ae-d0b4-4d44-b144-fe8504cc41ac@group-CEB1079B6F06:LeaderElection62] INFO  segmented.SegmentedRaftLogWorker (SegmentedRaftLogWorker.java:startLogSegment(380)) - 1178c3ae-d0b4-4d44-b144-fe8504cc41ac@group-CEB1079B6F06-SegmentedRaftLogWorker: Starting segment from index:0
2019-09-26 21:18:51,795 [pool-27-thread-1] INFO  storage.RaftStorageDirectory (RaftStorageDirectory.java:analyzeStorage(246)) - The storage directory /workdir/hadoop-ozone/ozonefs/target/test-dir/MiniOzoneClusterImpl-5b64906c-d720-4906-b30c-b6d56a2122fd/datanode-0/data/ratis/7069a8c4-3a49-4b24-b3a2-0f1744f08a48 does not exist. Creating ...
2019-09-26 21:18:52,260 [Thread-403] WARN  util.JavaUtils (JavaUtils.java:sleep(250)) - Unexpected long sleep: sleep(5187ms) actually took 5527ms which is over the threshold 300ms
2019-09-26 21:18:52,260 [Thread-409] WARN  util.JavaUtils (JavaUtils.java:sleep(250)) - Unexpected long sleep: sleep(5138ms) actually took 5441ms which is over the threshold 300ms
2019-09-26 21:18:52,259 [Thread-406] INFO  impl.FollowerState (FollowerState.java:run(106)) - 9ce0b59e-153f-4f41-8aed-492a76d80b48:group-022A032E888F changes to CANDIDATE, lastRpcTime:5482, electionTimeout:5192ms
2019-09-26 21:18:52,259 [Thread-412] INFO  impl.FollowerState (FollowerState.java:run(106)) - da833d8d-e72a-4068-9560-4daa2d83adc2:group-D33BFD4E17F0 changes to CANDIDATE, lastRpcTime:5387, electionTimeout:5107ms
2019-09-26 21:18:52,259 [Thread-418] INFO  impl.FollowerState (FollowerState.java:run(106)) - 1178c3ae-d0b4-4d44-b144-fe8504cc41ac:group-94699E98B741 changes to CANDIDATE, lastRpcTime:5292, electionTimeout:5013ms
2019-09-26 21:18:52,258 [Thread-415] INFO  impl.FollowerState (FollowerState.java:run(106)) - 9ce0b59e-153f-4f41-8aed-492a76d80b48:group-17B497282C45 changes to CANDIDATE, lastRpcTime:5338, electionTimeout:5110ms
2019-09-26 21:18:52,257 [Thread-424] INFO  impl.FollowerState (FollowerState.java:run(106)) - 0c640f50-2bc9-49b6-b785-a27e3116e6ba:group-6334DE074F80 changes to CANDIDATE, lastRpcTime:5186, electionTimeout:5039ms
2019-09-26 21:18:52,256 [Thread-421] INFO  impl.FollowerState (FollowerState.java:run(106)) - 1178c3ae-d0b4-4d44-b144-fe8504cc41ac:group-4AEACD029913 changes to CANDIDATE, lastRpcTime:5242, electionTimeout:5157ms
2019-09-26 21:18:52,292 [Thread-424] INFO  impl.RoleInfo (RoleInfo.java:shutdownFollowerState(121)) - 0c640f50-2bc9-49b6-b785-a27e3116e6ba: shutdown FollowerState
2019-09-26 21:18:52,290 [Thread-415] INFO  impl.RoleInfo (RoleInfo.java:shutdownFollowerState(121)) - 9ce0b59e-153f-4f41-8aed-492a76d80b48: shutdown FollowerState
2019-09-26 21:18:52,292 [Thread-415] INFO  impl.RaftServerImpl (RaftServerImpl.java:setRole(174)) - 9ce0b59e-153f-4f41-8aed-492a76d80b48@group-17B497282C45: changes role from  FOLLOWER to CANDIDATE at term 0 for changeToCandidate
2019-09-26 21:18:52,290 [Thread-418] INFO  impl.RoleInfo (RoleInfo.java:shutdownFollowerState(121)) - 1178c3ae-d0b4-4d44-b144-fe8504cc41ac: shutdown FollowerState
2019-09-26 21:18:52,293 [Thread-418] INFO  impl.RaftServerImpl (RaftServerImpl.java:setRole(174)) - 1178c3ae-d0b4-4d44-b144-fe8504cc41ac@group-94699E98B741: changes role from  FOLLOWER to CANDIDATE at term 0 for changeToCandidate
2019-09-26 21:18:52,290 [Thread-412] INFO  impl.RoleInfo (RoleInfo.java:shutdownFollowerState(121)) - da833d8d-e72a-4068-9560-4daa2d83adc2: shutdown FollowerState
2019-09-26 21:18:52,290 [Thread-406] INFO  impl.RoleInfo (RoleInfo.java:shutdownFollowerState(121)) - 9ce0b59e-153f-4f41-8aed-492a76d80b48: shutdown FollowerState
2019-09-26 21:18:52,290 [Thread-427] INFO  impl.FollowerState (FollowerState.java:run(106)) - 09112efe-1fad-4539-a04f-c96aef6d2351:group-B1A00720E110 changes to CANDIDATE, lastRpcTime:5138, electionTimeout:5131ms
2019-09-26 21:18:52,287 [Thread-430] INFO  impl.FollowerState (FollowerState.java:run(106)) - 9ce0b59e-153f-4f41-8aed-492a76d80b48:group-D14484569D87 changes to CANDIDATE, lastRpcTime:5054, electionTimeout:5026ms
2019-09-26 21:18:52,275 [1178c3ae-d0b4-4d44-b144-fe8504cc41ac@group-CEB1079B6F06:LeaderElection62] INFO  impl.RaftServerImpl (ServerState.java:setRaftConf(354)) - 1178c3ae-d0b4-4d44-b144-fe8504cc41ac@group-CEB1079B6F06: set configuration 0: [1178c3ae-d0b4-4d44-b144-fe8504cc41ac:192.168.151.99:33787], old=null at 0
2019-09-26 21:18:52,293 [Thread-430] INFO  impl.RoleInfo (RoleInfo.java:shutdownFollowerState(121)) - 9ce0b59e-153f-4f41-8aed-492a76d80b48: shutdown FollowerState
2019-09-26 21:18:52,293 [Thread-427] INFO  impl.RoleInfo (RoleInfo.java:shutdownFollowerState(121)) - 09112efe-1fad-4539-a04f-c96aef6d2351: shutdown FollowerState
2019-09-26 21:18:52,293 [Thread-406] INFO  impl.RaftServerImpl (RaftServerImpl.java:setRole(174)) - 9ce0b59e-153f-4f41-8aed-492a76d80b48@group-022A032E888F: changes role from  FOLLOWER to CANDIDATE at term 0 for changeToCandidate
2019-09-26 21:18:52,293 [Thread-412] INFO  impl.RaftServerImpl (RaftServerImpl.java:setRole(174)) - da833d8d-e72a-4068-9560-4daa2d83adc2@group-D33BFD4E17F0: changes role from  FOLLOWER to CANDIDATE at term 0 for changeToCandidate
2019-09-26 21:18:52,293 [Thread-418] INFO  impl.RoleInfo (RoleInfo.java:updateAndGet(143)) - 1178c3ae-d0b4-4d44-b144-fe8504cc41ac: start LeaderElection
2019-09-26 21:18:52,293 [Thread-415] INFO  impl.RoleInfo (RoleInfo.java:updateAndGet(143)) - 9ce0b59e-153f-4f41-8aed-492a76d80b48: start LeaderElection
2019-09-26 21:18:52,292 [Thread-424] INFO  impl.RaftServerImpl (RaftServerImpl.java:setRole(174)) - 0c640f50-2bc9-49b6-b785-a27e3116e6ba@group-6334DE074F80: changes role from  FOLLOWER to CANDIDATE at term 0 for changeToCandidate
2019-09-26 21:18:52,292 [Thread-421] INFO  impl.RoleInfo (RoleInfo.java:shutdownFollowerState(121)) - 1178c3ae-d0b4-4d44-b144-fe8504cc41ac: shutdown FollowerState
2019-09-26 21:18:52,294 [Thread-424] INFO  impl.RoleInfo (RoleInfo.java:updateAndGet(143)) - 0c640f50-2bc9-49b6-b785-a27e3116e6ba: start LeaderElection
2019-09-26 21:18:52,294 [Thread-412] INFO  impl.RoleInfo (RoleInfo.java:updateAndGet(143)) - da833d8d-e72a-4068-9560-4daa2d83adc2: start LeaderElection
2019-09-26 21:18:52,294 [Thread-406] INFO  impl.RoleInfo (RoleInfo.java:updateAndGet(143)) - 9ce0b59e-153f-4f41-8aed-492a76d80b48: start LeaderElection
2019-09-26 21:18:52,294 [Thread-427] INFO  impl.RaftServerImpl (RaftServerImpl.java:setRole(174)) - 09112efe-1fad-4539-a04f-c96aef6d2351@group-B1A00720E110: changes role from  FOLLOWER to CANDIDATE at term 0 for changeToCandidate
2019-09-26 21:18:52,294 [Thread-430] INFO  impl.RaftServerImpl (RaftServerImpl.java:setRole(174)) - 9ce0b59e-153f-4f41-8aed-492a76d80b48@group-D14484569D87: changes role from  FOLLOWER to CANDIDATE at term 0 for changeToCandidate
2019-09-26 21:18:52,294 [Thread-421] INFO  impl.RaftServerImpl (RaftServerImpl.java:setRole(174)) - 1178c3ae-d0b4-4d44-b144-fe8504cc41ac@group-4AEACD029913: changes role from  FOLLOWER to CANDIDATE at term 0 for changeToCandidate
2019-09-26 21:18:52,332 [Thread-430] INFO  impl.RoleInfo (RoleInfo.java:updateAndGet(143)) - 9ce0b59e-153f-4f41-8aed-492a76d80b48: start LeaderElection
2019-09-26 21:18:52,332 [Thread-427] INFO  impl.RoleInfo (RoleInfo.java:updateAndGet(143)) - 09112efe-1fad-4539-a04f-c96aef6d2351: start LeaderElection
2019-09-26 21:18:52,332 [pool-27-thread-1] INFO  storage.RaftStorageDirectory (RaftStorageDirectory.java:tryLock(328)) - Lock on /workdir/hadoop-ozone/ozonefs/target/test-dir/MiniOzoneClusterImpl-5b64906c-d720-4906-b30c-b6d56a2122fd/datanode-0/data/ratis/7069a8c4-3a49-4b24-b3a2-0f1744f08a48/in_use.lock acquired by nodename 10701@pr-hdds-1569-g6sp5-2013761785
2019-09-26 21:18:52,332 [Thread-421] INFO  impl.RoleInfo (RoleInfo.java:updateAndGet(143)) - 1178c3ae-d0b4-4d44-b144-fe8504cc41ac: start LeaderElection
2019-09-26 21:18:52,359 [pool-27-thread-1] INFO  storage.RaftStorage (RaftStorage.java:format(72)) - Storage directory /workdir/hadoop-ozone/ozonefs/target/test-dir/MiniOzoneClusterImpl-5b64906c-d720-4906-b30c-b6d56a2122fd/datanode-0/data/ratis/7069a8c4-3a49-4b24-b3a2-0f1744f08a48 has been successfully formatted.
2019-09-26 21:18:52,359 [0c640f50-2bc9-49b6-b785-a27e3116e6ba@group-6334DE074F80:LeaderElection67] INFO  impl.LeaderElection (LeaderElection.java:askForVotes(182)) - 0c640f50-2bc9-49b6-b785-a27e3116e6ba@group-6334DE074F80:LeaderElection67: begin an election at term 1 for -1: [0c640f50-2bc9-49b6-b785-a27e3116e6ba:192.168.151.99:42361], old=null
2019-09-26 21:18:52,359 [09112efe-1fad-4539-a04f-c96aef6d2351@group-B1A00720E110:LeaderElection68] INFO  impl.LeaderElection (LeaderElection.java:askForVotes(182)) - 09112efe-1fad-4539-a04f-c96aef6d2351@group-B1A00720E110:LeaderElection68: begin an election at term 1 for -1: [09112efe-1fad-4539-a04f-c96aef6d2351:192.168.151.99:45286], old=null
2019-09-26 21:18:52,359 [1178c3ae-d0b4-4d44-b144-fe8504cc41ac@group-94699E98B741:LeaderElection64] INFO  impl.LeaderElection (LeaderElection.java:askForVotes(182)) - 1178c3ae-d0b4-4d44-b144-fe8504cc41ac@group-94699E98B741:LeaderElection64: begin an election at term 1 for -1: [1178c3ae-d0b4-4d44-b144-fe8504cc41ac:192.168.151.99:33787], old=null
2019-09-26 21:18:52,359 [da833d8d-e72a-4068-9560-4daa2d83adc2@group-D33BFD4E17F0:LeaderElection66] INFO  impl.LeaderElection (LeaderElection.java:askForVotes(182)) - da833d8d-e72a-4068-9560-4daa2d83adc2@group-D33BFD4E17F0:LeaderElection66: begin an election at term 1 for -1: [da833d8d-e72a-4068-9560-4daa2d83adc2:192.168.151.99:38903], old=null
2019-09-26 21:18:52,359 [9ce0b59e-153f-4f41-8aed-492a76d80b48@group-17B497282C45:LeaderElection63] INFO  impl.LeaderElection (LeaderElection.java:askForVotes(182)) - 9ce0b59e-153f-4f41-8aed-492a76d80b48@group-17B497282C45:LeaderElection63: begin an election at term 1 for -1: [9ce0b59e-153f-4f41-8aed-492a76d80b48:192.168.151.99:34156], old=null
2019-09-26 21:18:52,359 [1178c3ae-d0b4-4d44-b144-fe8504cc41ac@group-4AEACD029913:LeaderElection70] INFO  impl.LeaderElection (LeaderElection.java:askForVotes(182)) - 1178c3ae-d0b4-4d44-b144-fe8504cc41ac@group-4AEACD029913:LeaderElection70: begin an election at term 1 for -1: [1178c3ae-d0b4-4d44-b144-fe8504cc41ac:192.168.151.99:33787], old=null
2019-09-26 21:18:52,359 [9ce0b59e-153f-4f41-8aed-492a76d80b48@group-022A032E888F:LeaderElection65] INFO  impl.LeaderElection (LeaderElection.java:askForVotes(182)) - 9ce0b59e-153f-4f41-8aed-492a76d80b48@group-022A032E888F:LeaderElection65: begin an election at term 1 for -1: [9ce0b59e-153f-4f41-8aed-492a76d80b48:192.168.151.99:34156], old=null
2019-09-26 21:18:52,359 [9ce0b59e-153f-4f41-8aed-492a76d80b48@group-D14484569D87:LeaderElection69] INFO  impl.LeaderElection (LeaderElection.java:askForVotes(182)) - 9ce0b59e-153f-4f41-8aed-492a76d80b48@group-D14484569D87:LeaderElection69: begin an election at term 1 for -1: [9ce0b59e-153f-4f41-8aed-492a76d80b48:192.168.151.99:34156], old=null
2019-09-26 21:18:52,360 [9ce0b59e-153f-4f41-8aed-492a76d80b48@group-022A032E888F:LeaderElection65] INFO  impl.RoleInfo (RoleInfo.java:shutdownLeaderElection(134)) - 9ce0b59e-153f-4f41-8aed-492a76d80b48: shutdown LeaderElection
2019-09-26 21:18:52,360 [1178c3ae-d0b4-4d44-b144-fe8504cc41ac@group-4AEACD029913:LeaderElection70] INFO  impl.RoleInfo (RoleInfo.java:shutdownLeaderElection(134)) - 1178c3ae-d0b4-4d44-b144-fe8504cc41ac: shutdown LeaderElection
2019-09-26 21:18:52,360 [9ce0b59e-153f-4f41-8aed-492a76d80b48@group-17B497282C45:LeaderElection63] INFO  impl.RoleInfo (RoleInfo.java:shutdownLeaderElection(134)) - 9ce0b59e-153f-4f41-8aed-492a76d80b48: shutdown LeaderElection
2019-09-26 21:18:52,360 [da833d8d-e72a-4068-9560-4daa2d83adc2@group-D33BFD4E17F0:LeaderElection66] INFO  impl.RoleInfo (RoleInfo.java:shutdownLeaderElection(134)) - da833d8d-e72a-4068-9560-4daa2d83adc2: shutdown LeaderElection
2019-09-26 21:18:52,359 [1178c3ae-d0b4-4d44-b144-fe8504cc41ac@group-94699E98B741:LeaderElection64] INFO  impl.RoleInfo (RoleInfo.java:shutdownLeaderElection(134)) - 1178c3ae-d0b4-4d44-b144-fe8504cc41ac: shutdown LeaderElection
2019-09-26 21:18:52,361 [1178c3ae-d0b4-4d44-b144-fe8504cc41ac@group-94699E98B741:LeaderElection64] INFO  impl.RaftServerImpl (RaftServerImpl.java:setRole(174)) - 1178c3ae-d0b4-4d44-b144-fe8504cc41ac@group-94699E98B741: changes role from CANDIDATE to LEADER at term 1 for changeToLeader
2019-09-26 21:18:52,359 [09112efe-1fad-4539-a04f-c96aef6d2351@group-B1A00720E110:LeaderElection68] INFO  impl.RoleInfo (RoleInfo.java:shutdownLeaderElection(134)) - 09112efe-1fad-4539-a04f-c96aef6d2351: shutdown LeaderElection
2019-09-26 21:18:52,359 [pool-27-thread-1] INFO  ratis.ContainerStateMachine (ContainerStateMachine.java:loadSnapshot(230)) - group-0F1744F08A48: The snapshot info is null. Setting the last applied indexto:(t:0, i:~)
2019-09-26 21:18:52,359 [0c640f50-2bc9-49b6-b785-a27e3116e6ba@group-6334DE074F80:LeaderElection67] INFO  impl.RoleInfo (RoleInfo.java:shutdownLeaderElection(134)) - 0c640f50-2bc9-49b6-b785-a27e3116e6ba: shutdown LeaderElection
2019-09-26 21:18:52,361 [pool-27-thread-1] INFO  server.RaftServerConfigKeys (ConfUtils.java:logGet(43)) - raft.server.notification.no-leader.timeout = 120s (custom)
2019-09-26 21:18:52,361 [09112efe-1fad-4539-a04f-c96aef6d2351@group-B1A00720E110:LeaderElection68] INFO  impl.RaftServerImpl (RaftServerImpl.java:setRole(174)) - 09112efe-1fad-4539-a04f-c96aef6d2351@group-B1A00720E110: changes role from CANDIDATE to LEADER at term 1 for changeToLeader
2019-09-26 21:18:52,361 [1178c3ae-d0b4-4d44-b144-fe8504cc41ac@group-94699E98B741:LeaderElection64] INFO  impl.RaftServerImpl (ServerState.java:setLeader(253)) - 1178c3ae-d0b4-4d44-b144-fe8504cc41ac@group-94699E98B741: change Leader from null to 1178c3ae-d0b4-4d44-b144-fe8504cc41ac at term 1 for becomeLeader, leader elected after 5401ms
2019-09-26 21:18:52,361 [da833d8d-e72a-4068-9560-4daa2d83adc2@group-D33BFD4E17F0:LeaderElection66] INFO  impl.RaftServerImpl (RaftServerImpl.java:setRole(174)) - da833d8d-e72a-4068-9560-4daa2d83adc2@group-D33BFD4E17F0: changes role from CANDIDATE to LEADER at term 1 for changeToLeader
2019-09-26 21:18:52,360 [9ce0b59e-153f-4f41-8aed-492a76d80b48@group-17B497282C45:LeaderElection63] INFO  impl.RaftServerImpl (RaftServerImpl.java:setRole(174)) - 9ce0b59e-153f-4f41-8aed-492a76d80b48@group-17B497282C45: changes role from CANDIDATE to LEADER at term 1 for changeToLeader
2019-09-26 21:18:52,360 [1178c3ae-d0b4-4d44-b144-fe8504cc41ac@group-4AEACD029913:LeaderElection70] INFO  impl.RaftServerImpl (RaftServerImpl.java:setRole(174)) - 1178c3ae-d0b4-4d44-b144-fe8504cc41ac@group-4AEACD029913: changes role from CANDIDATE to LEADER at term 1 for changeToLeader
2019-09-26 21:18:52,362 [1178c3ae-d0b4-4d44-b144-fe8504cc41ac@group-4AEACD029913:LeaderElection70] INFO  impl.RaftServerImpl (ServerState.java:setLeader(253)) - 1178c3ae-d0b4-4d44-b144-fe8504cc41ac@group-4AEACD029913: change Leader from null to 1178c3ae-d0b4-4d44-b144-fe8504cc41ac at term 1 for becomeLeader, leader elected after 5355ms
2019-09-26 21:18:52,360 [9ce0b59e-153f-4f41-8aed-492a76d80b48@group-022A032E888F:LeaderElection65] INFO  impl.RaftServerImpl (RaftServerImpl.java:setRole(174)) - 9ce0b59e-153f-4f41-8aed-492a76d80b48@group-022A032E888F: changes role from CANDIDATE to LEADER at term 1 for changeToLeader
2019-09-26 21:18:52,362 [9ce0b59e-153f-4f41-8aed-492a76d80b48@group-022A032E888F:LeaderElection65] INFO  impl.RaftServerImpl (ServerState.java:setLeader(253)) - 9ce0b59e-153f-4f41-8aed-492a76d80b48@group-022A032E888F: change Leader from null to 9ce0b59e-153f-4f41-8aed-492a76d80b48 at term 1 for becomeLeader, leader elected after 5590ms
2019-09-26 21:18:52,360 [9ce0b59e-153f-4f41-8aed-492a76d80b48@group-D14484569D87:LeaderElection69] INFO  impl.RoleInfo (RoleInfo.java:shutdownLeaderElection(134)) - 9ce0b59e-153f-4f41-8aed-492a76d80b48: shutdown LeaderElection
2019-09-26 21:18:52,363 [9ce0b59e-153f-4f41-8aed-492a76d80b48@group-022A032E888F:LeaderElection65] INFO  server.RaftServerConfigKeys (ConfUtils.java:logGet(43)) - raft.server.staging.catchup.gap = 1000 (default)
2019-09-26 21:18:52,362 [1178c3ae-d0b4-4d44-b144-fe8504cc41ac@group-4AEACD029913:LeaderElection70] INFO  server.RaftServerConfigKeys (ConfUtils.java:logGet(43)) - raft.server.staging.catchup.gap = 1000 (default)
2019-09-26 21:18:52,362 [9ce0b59e-153f-4f41-8aed-492a76d80b48@group-17B497282C45:LeaderElection63] INFO  impl.RaftServerImpl (ServerState.java:setLeader(253)) - 9ce0b59e-153f-4f41-8aed-492a76d80b48@group-17B497282C45: change Leader from null to 9ce0b59e-153f-4f41-8aed-492a76d80b48 at term 1 for becomeLeader, leader elected after 5446ms
2019-09-26 21:18:52,362 [da833d8d-e72a-4068-9560-4daa2d83adc2@group-D33BFD4E17F0:LeaderElection66] INFO  impl.RaftServerImpl (ServerState.java:setLeader(253)) - da833d8d-e72a-4068-9560-4daa2d83adc2@group-D33BFD4E17F0: change Leader from null to da833d8d-e72a-4068-9560-4daa2d83adc2 at term 1 for becomeLeader, leader elected after 5498ms
2019-09-26 21:18:52,362 [1178c3ae-d0b4-4d44-b144-fe8504cc41ac@group-94699E98B741:LeaderElection64] INFO  server.RaftServerConfigKeys (ConfUtils.java:logGet(43)) - raft.server.staging.catchup.gap = 1000 (default)
2019-09-26 21:18:52,363 [1178c3ae-d0b4-4d44-b144-fe8504cc41ac@group-94699E98B741:LeaderElection64] INFO  server.RaftServerConfigKeys (ConfUtils.java:logGet(43)) - raft.server.rpc.sleep.time = 25ms (default)
2019-09-26 21:18:52,362 [09112efe-1fad-4539-a04f-c96aef6d2351@group-B1A00720E110:LeaderElection68] INFO  impl.RaftServerImpl (ServerState.java:setLeader(253)) - 09112efe-1fad-4539-a04f-c96aef6d2351@group-B1A00720E110: change Leader from null to 09112efe-1fad-4539-a04f-c96aef6d2351 at term 1 for becomeLeader, leader elected after 5218ms
2019-09-26 21:18:52,362 [pool-27-thread-1] INFO  server.RaftServerConfigKeys (ConfUtils.java:logGet(43)) - raft.server.log.use.memory = false (default)
2019-09-26 21:18:52,361 [0c640f50-2bc9-49b6-b785-a27e3116e6ba@group-6334DE074F80:LeaderElection67] INFO  impl.RaftServerImpl (RaftServerImpl.java:setRole(174)) - 0c640f50-2bc9-49b6-b785-a27e3116e6ba@group-6334DE074F80: changes role from CANDIDATE to LEADER at term 1 for changeToLeader
2019-09-26 21:18:52,364 [pool-27-thread-1] INFO  server.RaftServerConfigKeys (ConfUtils.java:logGet(43)) - raft.server.log.purge.gap = 1000000 (custom)
2019-09-26 21:18:52,364 [09112efe-1fad-4539-a04f-c96aef6d2351@group-B1A00720E110:LeaderElection68] INFO  server.RaftServerConfigKeys (ConfUtils.java:logGet(43)) - raft.server.staging.catchup.gap = 1000 (default)
2019-09-26 21:18:52,364 [09112efe-1fad-4539-a04f-c96aef6d2351@group-B1A00720E110:LeaderElection68] INFO  server.RaftServerConfigKeys (ConfUtils.java:logGet(43)) - raft.server.rpc.sleep.time = 25ms (default)
2019-09-26 21:18:52,364 [1178c3ae-d0b4-4d44-b144-fe8504cc41ac@group-94699E98B741:LeaderElection64] INFO  server.RaftServerConfigKeys (ConfUtils.java:logGet(43)) - raft.server.write.element-limit = 4096 (default)
2019-09-26 21:18:52,363 [da833d8d-e72a-4068-9560-4daa2d83adc2@group-D33BFD4E17F0:LeaderElection66] INFO  server.RaftServerConfigKeys (ConfUtils.java:logGet(43)) - raft.server.staging.catchup.gap = 1000 (default)
2019-09-26 21:18:52,363 [9ce0b59e-153f-4f41-8aed-492a76d80b48@group-17B497282C45:LeaderElection63] INFO  server.RaftServerConfigKeys (ConfUtils.java:logGet(43)) - raft.server.staging.catchup.gap = 1000 (default)
2019-09-26 21:18:52,363 [1178c3ae-d0b4-4d44-b144-fe8504cc41ac@group-4AEACD029913:LeaderElection70] INFO  server.RaftServerConfigKeys (ConfUtils.java:logGet(43)) - raft.server.rpc.sleep.time = 25ms (default)
2019-09-26 21:18:52,363 [9ce0b59e-153f-4f41-8aed-492a76d80b48@group-022A032E888F:LeaderElection65] INFO  server.RaftServerConfigKeys (ConfUtils.java:logGet(43)) - raft.server.rpc.sleep.time = 25ms (default)
2019-09-26 21:18:52,363 [9ce0b59e-153f-4f41-8aed-492a76d80b48@group-D14484569D87:LeaderElection69] INFO  impl.RaftServerImpl (RaftServerImpl.java:setRole(174)) - 9ce0b59e-153f-4f41-8aed-492a76d80b48@group-D14484569D87: changes role from CANDIDATE to LEADER at term 1 for changeToLeader
2019-09-26 21:18:52,365 [9ce0b59e-153f-4f41-8aed-492a76d80b48@group-022A032E888F:LeaderElection65] INFO  server.RaftServerConfigKeys (ConfUtils.java:logGet(43)) - raft.server.write.element-limit = 4096 (default)
2019-09-26 21:18:52,365 [1178c3ae-d0b4-4d44-b144-fe8504cc41ac@group-4AEACD029913:LeaderElection70] INFO  server.RaftServerConfigKeys (ConfUtils.java:logGet(43)) - raft.server.write.element-limit = 4096 (default)
2019-09-26 21:18:52,365 [9ce0b59e-153f-4f41-8aed-492a76d80b48@group-17B497282C45:LeaderElection63] INFO  server.RaftServerConfigKeys (ConfUtils.java:logGet(43)) - raft.server.rpc.sleep.time = 25ms (default)
2019-09-26 21:18:52,365 [da833d8d-e72a-4068-9560-4daa2d83adc2@group-D33BFD4E17F0:LeaderElection66] INFO  server.RaftServerConfigKeys (ConfUtils.java:logGet(43)) - raft.server.rpc.sleep.time = 25ms (default)
2019-09-26 21:18:52,365 [1178c3ae-d0b4-4d44-b144-fe8504cc41ac@group-94699E98B741:LeaderElection64] INFO  server.RaftServerConfigKeys (ConfUtils.java:logGet(43)) - raft.server.watch.timeout = 10s (default)
2019-09-26 21:18:52,365 [09112efe-1fad-4539-a04f-c96aef6d2351@group-B1A00720E110:LeaderElection68] INFO  server.RaftServerConfigKeys (ConfUtils.java:logGet(43)) - raft.server.write.element-limit = 4096 (default)
2019-09-26 21:18:52,364 [pool-27-thread-1] INFO  server.RaftServerConfigKeys (ConfUtils.java:logGet(43)) - raft.server.log.appender.buffer.byte-limit = 33554432 (custom)
2019-09-26 21:18:52,364 [0c640f50-2bc9-49b6-b785-a27e3116e6ba@group-6334DE074F80:LeaderElection67] INFO  impl.RaftServerImpl (ServerState.java:setLeader(253)) - 0c640f50-2bc9-49b6-b785-a27e3116e6ba@group-6334DE074F80: change Leader from null to 0c640f50-2bc9-49b6-b785-a27e3116e6ba at term 1 for becomeLeader, leader elected after 5299ms
2019-09-26 21:18:52,367 [pool-27-thread-1] INFO  server.RaftServerConfigKeys (ConfUtils.java:logGet(43)) - raft.server.log.segment.size.max = 1048576 (custom)
2019-09-26 21:18:52,367 [pool-27-thread-1] INFO  server.RaftServerConfigKeys (ConfUtils.java:logGet(43)) - raft.server.log.segment.cache.num.max = 2 (custom)
2019-09-26 21:18:52,367 [09112efe-1fad-4539-a04f-c96aef6d2351@group-B1A00720E110:LeaderElection68] INFO  server.RaftServerConfigKeys (ConfUtils.java:logGet(43)) - raft.server.watch.timeout = 10s (default)
2019-09-26 21:18:52,368 [09112efe-1fad-4539-a04f-c96aef6d2351@group-B1A00720E110:LeaderElection68] INFO  server.RaftServerConfigKeys (ConfUtils.java:logGet(43)) - raft.server.watch.timeout.denomination = 1s (default)
2019-09-26 21:18:52,366 [1178c3ae-d0b4-4d44-b144-fe8504cc41ac@group-94699E98B741:LeaderElection64] INFO  server.RaftServerConfigKeys (ConfUtils.java:logGet(43)) - raft.server.watch.timeout.denomination = 1s (default)
2019-09-26 21:18:52,366 [da833d8d-e72a-4068-9560-4daa2d83adc2@group-D33BFD4E17F0:LeaderElection66] INFO  server.RaftServerConfigKeys (ConfUtils.java:logGet(43)) - raft.server.write.element-limit = 4096 (default)
2019-09-26 21:18:52,366 [9ce0b59e-153f-4f41-8aed-492a76d80b48@group-17B497282C45:LeaderElection63] INFO  server.RaftServerConfigKeys (ConfUtils.java:logGet(43)) - raft.server.write.element-limit = 4096 (default)
2019-09-26 21:18:52,366 [1178c3ae-d0b4-4d44-b144-fe8504cc41ac@group-4AEACD029913:LeaderElection70] INFO  server.RaftServerConfigKeys (ConfUtils.java:logGet(43)) - raft.server.watch.timeout = 10s (default)
2019-09-26 21:18:52,368 [1178c3ae-d0b4-4d44-b144-fe8504cc41ac@group-4AEACD029913:LeaderElection70] INFO  server.RaftServerConfigKeys (ConfUtils.java:logGet(43)) - raft.server.watch.timeout.denomination = 1s (default)
2019-09-26 21:18:52,366 [9ce0b59e-153f-4f41-8aed-492a76d80b48@group-022A032E888F:LeaderElection65] INFO  server.RaftServerConfigKeys (ConfUtils.java:logGet(43)) - raft.server.watch.timeout = 10s (default)
2019-09-26 21:18:52,366 [9ce0b59e-153f-4f41-8aed-492a76d80b48@group-D14484569D87:LeaderElection69] INFO  impl.RaftServerImpl (ServerState.java:setLeader(253)) - 9ce0b59e-153f-4f41-8aed-492a76d80b48@group-D14484569D87: change Leader from null to 9ce0b59e-153f-4f41-8aed-492a76d80b48 at term 1 for becomeLeader, leader elected after 5174ms
2019-09-26 21:18:52,369 [9ce0b59e-153f-4f41-8aed-492a76d80b48@group-022A032E888F:LeaderElection65] INFO  server.RaftServerConfigKeys (ConfUtils.java:logGet(43)) - raft.server.watch.timeout.denomination = 1s (default)
2019-09-26 21:18:52,369 [9ce0b59e-153f-4f41-8aed-492a76d80b48@group-022A032E888F:LeaderElection65] INFO  server.RaftServerConfigKeys (ConfUtils.java:logGet(43)) - raft.server.watch.element-limit = 65536 (default)
2019-09-26 21:18:52,369 [1178c3ae-d0b4-4d44-b144-fe8504cc41ac@group-4AEACD029913:LeaderElection70] INFO  server.RaftServerConfigKeys (ConfUtils.java:logGet(43)) - raft.server.watch.element-limit = 65536 (default)
2019-09-26 21:18:52,368 [9ce0b59e-153f-4f41-8aed-492a76d80b48@group-17B497282C45:LeaderElection63] INFO  server.RaftServerConfigKeys (ConfUtils.java:logGet(43)) - raft.server.watch.timeout = 10s (default)
2019-09-26 21:18:52,368 [da833d8d-e72a-4068-9560-4daa2d83adc2@group-D33BFD4E17F0:LeaderElection66] INFO  server.RaftServerConfigKeys (ConfUtils.java:logGet(43)) - raft.server.watch.timeout = 10s (default)
2019-09-26 21:18:52,368 [1178c3ae-d0b4-4d44-b144-fe8504cc41ac@group-94699E98B741:LeaderElection64] INFO  server.RaftServerConfigKeys (ConfUtils.java:logGet(43)) - raft.server.watch.element-limit = 65536 (default)
2019-09-26 21:18:52,368 [09112efe-1fad-4539-a04f-c96aef6d2351@group-B1A00720E110:LeaderElection68] INFO  server.RaftServerConfigKeys (ConfUtils.java:logGet(43)) - raft.server.watch.element-limit = 65536 (default)
2019-09-26 21:18:52,367 [pool-27-thread-1] INFO  segmented.SegmentedRaftLogWorker (SegmentedRaftLogWorker.java:<init>(172)) - new 9ce0b59e-153f-4f41-8aed-492a76d80b48@group-0F1744F08A48-SegmentedRaftLogWorker for RaftStorage:Storage Directory /workdir/hadoop-ozone/ozonefs/target/test-dir/MiniOzoneClusterImpl-5b64906c-d720-4906-b30c-b6d56a2122fd/datanode-0/data/ratis/7069a8c4-3a49-4b24-b3a2-0f1744f08a48
2019-09-26 21:18:52,367 [0c640f50-2bc9-49b6-b785-a27e3116e6ba@group-6334DE074F80:LeaderElection67] INFO  server.RaftServerConfigKeys (ConfUtils.java:logGet(43)) - raft.server.staging.catchup.gap = 1000 (default)
2019-09-26 21:18:52,370 [pool-27-thread-1] INFO  server.RaftServerConfigKeys (ConfUtils.java:logGet(43)) - raft.server.log.queue.byte-limit = 2147483647 (custom)
2019-09-26 21:18:52,370 [da833d8d-e72a-4068-9560-4daa2d83adc2@group-D33BFD4E17F0:LeaderElection66] INFO  server.RaftServerConfigKeys (ConfUtils.java:logGet(43)) - raft.server.watch.timeout.denomination = 1s (default)
2019-09-26 21:18:52,369 [9ce0b59e-153f-4f41-8aed-492a76d80b48@group-17B497282C45:LeaderElection63] INFO  server.RaftServerConfigKeys (ConfUtils.java:logGet(43)) - raft.server.watch.timeout.denomination = 1s (default)
2019-09-26 21:18:52,369 [9ce0b59e-153f-4f41-8aed-492a76d80b48@group-D14484569D87:LeaderElection69] INFO  server.RaftServerConfigKeys (ConfUtils.java:logGet(43)) - raft.server.staging.catchup.gap = 1000 (default)
2019-09-26 21:18:52,371 [9ce0b59e-153f-4f41-8aed-492a76d80b48@group-17B497282C45:LeaderElection63] INFO  server.RaftServerConfigKeys (ConfUtils.java:logGet(43)) - raft.server.watch.element-limit = 65536 (default)
2019-09-26 21:18:52,371 [da833d8d-e72a-4068-9560-4daa2d83adc2@group-D33BFD4E17F0:LeaderElection66] INFO  server.RaftServerConfigKeys (ConfUtils.java:logGet(43)) - raft.server.watch.element-limit = 65536 (default)
2019-09-26 21:18:52,371 [pool-27-thread-1] INFO  server.RaftServerConfigKeys (ConfUtils.java:logGet(43)) - raft.server.log.queue.element-limit = 1024 (custom)
2019-09-26 21:18:52,372 [pool-27-thread-1] INFO  server.RaftServerConfigKeys (ConfUtils.java:logGet(43)) - raft.server.log.segment.size.max = 1048576 (custom)
2019-09-26 21:18:52,370 [0c640f50-2bc9-49b6-b785-a27e3116e6ba@group-6334DE074F80:LeaderElection67] INFO  server.RaftServerConfigKeys (ConfUtils.java:logGet(43)) - raft.server.rpc.sleep.time = 25ms (default)
2019-09-26 21:18:52,372 [pool-27-thread-1] INFO  server.RaftServerConfigKeys (ConfUtils.java:logGet(43)) - raft.server.log.preallocated.size = 16384 (custom)
2019-09-26 21:18:52,371 [9ce0b59e-153f-4f41-8aed-492a76d80b48@group-D14484569D87:LeaderElection69] INFO  server.RaftServerConfigKeys (ConfUtils.java:logGet(43)) - raft.server.rpc.sleep.time = 25ms (default)
2019-09-26 21:18:52,372 [0c640f50-2bc9-49b6-b785-a27e3116e6ba@group-6334DE074F80:LeaderElection67] INFO  server.RaftServerConfigKeys (ConfUtils.java:logGet(43)) - raft.server.write.element-limit = 4096 (default)
2019-09-26 21:18:52,372 [pool-27-thread-1] INFO  server.RaftServerConfigKeys (ConfUtils.java:logGet(43)) - raft.server.log.write.buffer.size = 33554432 (custom)
2019-09-26 21:18:52,373 [0c640f50-2bc9-49b6-b785-a27e3116e6ba@group-6334DE074F80:LeaderElection67] INFO  server.RaftServerConfigKeys (ConfUtils.java:logGet(43)) - raft.server.watch.timeout = 10s (default)
2019-09-26 21:18:52,372 [9ce0b59e-153f-4f41-8aed-492a76d80b48@group-D14484569D87:LeaderElection69] INFO  server.RaftServerConfigKeys (ConfUtils.java:logGet(43)) - raft.server.write.element-limit = 4096 (default)
2019-09-26 21:18:52,373 [9ce0b59e-153f-4f41-8aed-492a76d80b48@group-D14484569D87:LeaderElection69] INFO  server.RaftServerConfigKeys (ConfUtils.java:logGet(43)) - raft.server.watch.timeout = 10s (default)
2019-09-26 21:18:52,373 [0c640f50-2bc9-49b6-b785-a27e3116e6ba@group-6334DE074F80:LeaderElection67] INFO  server.RaftServerConfigKeys (ConfUtils.java:logGet(43)) - raft.server.watch.timeout.denomination = 1s (default)
2019-09-26 21:18:52,373 [pool-27-thread-1] INFO  server.RaftServerConfigKeys (ConfUtils.java:logGet(43)) - raft.server.log.force.sync.num = 128 (default)
2019-09-26 21:18:52,373 [0c640f50-2bc9-49b6-b785-a27e3116e6ba@group-6334DE074F80:LeaderElection67] INFO  server.RaftServerConfigKeys (ConfUtils.java:logGet(43)) - raft.server.watch.element-limit = 65536 (default)
2019-09-26 21:18:52,373 [9ce0b59e-153f-4f41-8aed-492a76d80b48@group-D14484569D87:LeaderElection69] INFO  server.RaftServerConfigKeys (ConfUtils.java:logGet(43)) - raft.server.watch.timeout.denomination = 1s (default)
2019-09-26 21:18:52,374 [pool-27-thread-1] INFO  server.RaftServerConfigKeys (ConfUtils.java:logGet(43)) - raft.server.log.statemachine.data.sync = true (default)
2019-09-26 21:18:52,374 [9ce0b59e-153f-4f41-8aed-492a76d80b48@group-D14484569D87:LeaderElection69] INFO  server.RaftServerConfigKeys (ConfUtils.java:logGet(43)) - raft.server.watch.element-limit = 65536 (default)
2019-09-26 21:18:52,374 [pool-27-thread-1] INFO  server.RaftServerConfigKeys (ConfUtils.java:logGet(43)) - raft.server.log.statemachine.data.sync.timeout = 10s (default)
2019-09-26 21:18:52,374 [pool-27-thread-1] INFO  server.RaftServerConfigKeys (ConfUtils.java:logGet(43)) - raft.server.log.statemachine.data.sync.timeout.retry = -1 (default)
2019-09-26 21:18:52,375 [pool-27-thread-1] INFO  server.RaftServerConfigKeys (ConfUtils.java:logGet(43)) - raft.server.log.statemachine.data.caching.enabled = true (custom)
2019-09-26 21:18:52,375 [pool-27-thread-1] INFO  segmented.SegmentedRaftLogWorker (SegmentedRaftLogWorker.java:lambda$new$0(132)) - 9ce0b59e-153f-4f41-8aed-492a76d80b48@group-0F1744F08A48-SegmentedRaftLogWorker: flushIndex: setUnconditionally 0 -> -1
2019-09-26 21:18:52,376 [pool-27-thread-1] INFO  server.RaftServerConfigKeys (ConfUtils.java:logGet(43)) - raft.server.snapshot.auto.trigger.enabled = true (custom)
2019-09-26 21:18:52,376 [pool-27-thread-1] INFO  server.RaftServerConfigKeys (ConfUtils.java:logGet(43)) - raft.server.snapshot.auto.trigger.threshold = 10000 (custom)
2019-09-26 21:18:52,376 [pool-27-thread-1] INFO  server.RaftServerConfigKeys (ConfUtils.java:logGet(43)) - raft.server.snapshot.retention.num.files = 5 (custom)
2019-09-26 21:18:52,376 [pool-27-thread-1] INFO  server.RaftServerConfigKeys (ConfUtils.java:logGet(43)) - raft.server.retrycache.expirytime = 600000ms (custom)
2019-09-26 21:18:52,385 [1178c3ae-d0b4-4d44-b144-fe8504cc41ac@group-4AEACD029913:LeaderElection70] INFO  impl.RoleInfo (RoleInfo.java:updateAndGet(143)) - 1178c3ae-d0b4-4d44-b144-fe8504cc41ac: start LeaderState
2019-09-26 21:18:52,386 [1178c3ae-d0b4-4d44-b144-fe8504cc41ac@group-4AEACD029913:LeaderElection70] INFO  segmented.SegmentedRaftLogWorker (SegmentedRaftLogWorker.java:startLogSegment(380)) - 1178c3ae-d0b4-4d44-b144-fe8504cc41ac@group-4AEACD029913-SegmentedRaftLogWorker: Starting segment from index:0
2019-09-26 21:18:52,386 [1178c3ae-d0b4-4d44-b144-fe8504cc41ac@group-4AEACD029913:LeaderElection70] INFO  impl.RaftServerImpl (ServerState.java:setRaftConf(354)) - 1178c3ae-d0b4-4d44-b144-fe8504cc41ac@group-4AEACD029913: set configuration 0: [1178c3ae-d0b4-4d44-b144-fe8504cc41ac:192.168.151.99:33787], old=null at 0
2019-09-26 21:18:52,659 [Thread-444] INFO  impl.FollowerState (FollowerState.java:run(106)) - 1178c3ae-d0b4-4d44-b144-fe8504cc41ac:group-922BEFF8D70B changes to CANDIDATE, lastRpcTime:5263, electionTimeout:5009ms
2019-09-26 21:18:52,658 [Thread-433] INFO  impl.FollowerState (FollowerState.java:run(106)) - 9ce0b59e-153f-4f41-8aed-492a76d80b48:group-3B9CADCF1AEC changes to CANDIDATE, lastRpcTime:5416, electionTimeout:5191ms
2019-09-26 21:18:52,658 [Thread-436] INFO  impl.FollowerState (FollowerState.java:run(106)) - 9ce0b59e-153f-4f41-8aed-492a76d80b48:group-5F3B934AB93E changes to CANDIDATE, lastRpcTime:5371, electionTimeout:5180ms
2019-09-26 21:18:52,657 [Thread-440] INFO  impl.FollowerState (FollowerState.java:run(106)) - 1178c3ae-d0b4-4d44-b144-fe8504cc41ac:group-9D69517A24DC changes to CANDIDATE, lastRpcTime:5312, electionTimeout:5147ms
2019-09-26 21:18:52,659 [Thread-444] INFO  impl.RoleInfo (RoleInfo.java:shutdownFollowerState(121)) - 1178c3ae-d0b4-4d44-b144-fe8504cc41ac: shutdown FollowerState
2019-09-26 21:18:52,660 [Thread-433] INFO  impl.RoleInfo (RoleInfo.java:shutdownFollowerState(121)) - 9ce0b59e-153f-4f41-8aed-492a76d80b48: shutdown FollowerState
2019-09-26 21:18:52,657 [Thread-451] INFO  impl.FollowerState (FollowerState.java:run(106)) - 09112efe-1fad-4539-a04f-c96aef6d2351:group-C7705DB74AE6 changes to CANDIDATE, lastRpcTime:5169, electionTimeout:5012ms
2019-09-26 21:18:52,655 [Thread-447] INFO  impl.FollowerState (FollowerState.java:run(106)) - 1178c3ae-d0b4-4d44-b144-fe8504cc41ac:group-6F8F1CDBCF1F changes to CANDIDATE, lastRpcTime:5213, electionTimeout:5134ms
2019-09-26 21:18:52,654 [Thread-459] INFO  impl.FollowerState (FollowerState.java:run(106)) - 9ce0b59e-153f-4f41-8aed-492a76d80b48:group-76F045CE1768 changes to CANDIDATE, lastRpcTime:5064, electionTimeout:5007ms
2019-09-26 21:18:52,660 [Thread-440] INFO  impl.RoleInfo (RoleInfo.java:shutdownFollowerState(121)) - 1178c3ae-d0b4-4d44-b144-fe8504cc41ac: shutdown FollowerState
2019-09-26 21:18:52,660 [Thread-440] INFO  impl.RaftServerImpl (RaftServerImpl.java:setRole(174)) - 1178c3ae-d0b4-4d44-b144-fe8504cc41ac@group-9D69517A24DC: changes role from  FOLLOWER to CANDIDATE at term 0 for changeToCandidate
2019-09-26 21:18:52,660 [Thread-459] INFO  impl.RoleInfo (RoleInfo.java:shutdownFollowerState(121)) - 9ce0b59e-153f-4f41-8aed-492a76d80b48: shutdown FollowerState
2019-09-26 21:18:52,660 [Thread-440] INFO  impl.RoleInfo (RoleInfo.java:updateAndGet(143)) - 1178c3ae-d0b4-4d44-b144-fe8504cc41ac: start LeaderElection
2019-09-26 21:18:52,660 [Thread-433] INFO  impl.RaftServerImpl (RaftServerImpl.java:setRole(174)) - 9ce0b59e-153f-4f41-8aed-492a76d80b48@group-3B9CADCF1AEC: changes role from  FOLLOWER to CANDIDATE at term 0 for changeToCandidate
2019-09-26 21:18:52,660 [Thread-444] INFO  impl.RaftServerImpl (RaftServerImpl.java:setRole(174)) - 1178c3ae-d0b4-4d44-b144-fe8504cc41ac@group-922BEFF8D70B: changes role from  FOLLOWER to CANDIDATE at term 0 for changeToCandidate
2019-09-26 21:18:52,660 [Thread-436] INFO  impl.RoleInfo (RoleInfo.java:shutdownFollowerState(121)) - 9ce0b59e-153f-4f41-8aed-492a76d80b48: shutdown FollowerState
2019-09-26 21:18:52,661 [Thread-444] INFO  impl.RoleInfo (RoleInfo.java:updateAndGet(143)) - 1178c3ae-d0b4-4d44-b144-fe8504cc41ac: start LeaderElection
2019-09-26 21:18:52,661 [Thread-433] INFO  impl.RoleInfo (RoleInfo.java:updateAndGet(143)) - 9ce0b59e-153f-4f41-8aed-492a76d80b48: start LeaderElection
2019-09-26 21:18:52,660 [Thread-459] INFO  impl.RaftServerImpl (RaftServerImpl.java:setRole(174)) - 9ce0b59e-153f-4f41-8aed-492a76d80b48@group-76F045CE1768: changes role from  FOLLOWER to CANDIDATE at term 0 for changeToCandidate
2019-09-26 21:18:52,660 [Thread-447] INFO  impl.RoleInfo (RoleInfo.java:shutdownFollowerState(121)) - 1178c3ae-d0b4-4d44-b144-fe8504cc41ac: shutdown FollowerState
2019-09-26 21:18:52,660 [Thread-451] INFO  impl.RoleInfo (RoleInfo.java:shutdownFollowerState(121)) - 09112efe-1fad-4539-a04f-c96aef6d2351: shutdown FollowerState
2019-09-26 21:18:52,662 [Thread-459] INFO  impl.RoleInfo (RoleInfo.java:updateAndGet(143)) - 9ce0b59e-153f-4f41-8aed-492a76d80b48: start LeaderElection
2019-09-26 21:18:52,662 [Thread-447] INFO  impl.RaftServerImpl (RaftServerImpl.java:setRole(174)) - 1178c3ae-d0b4-4d44-b144-fe8504cc41ac@group-6F8F1CDBCF1F: changes role from  FOLLOWER to CANDIDATE at term 0 for changeToCandidate
2019-09-26 21:18:52,661 [09112efe-1fad-4539-a04f-c96aef6d2351@group-B1A00720E110:LeaderElection68] INFO  impl.RoleInfo (RoleInfo.java:updateAndGet(143)) - 09112efe-1fad-4539-a04f-c96aef6d2351: start LeaderState
2019-09-26 21:18:52,661 [Thread-436] INFO  impl.RaftServerImpl (RaftServerImpl.java:setRole(174)) - 9ce0b59e-153f-4f41-8aed-492a76d80b48@group-5F3B934AB93E: changes role from  FOLLOWER to CANDIDATE at term 0 for changeToCandidate
2019-09-26 21:18:52,662 [Thread-447] INFO  impl.RoleInfo (RoleInfo.java:updateAndGet(143)) - 1178c3ae-d0b4-4d44-b144-fe8504cc41ac: start LeaderElection
2019-09-26 21:18:52,662 [Thread-451] INFO  impl.RaftServerImpl (RaftServerImpl.java:setRole(174)) - 09112efe-1fad-4539-a04f-c96aef6d2351@group-C7705DB74AE6: changes role from  FOLLOWER to CANDIDATE at term 0 for changeToCandidate
2019-09-26 21:18:52,662 [09112efe-1fad-4539-a04f-c96aef6d2351@group-B1A00720E110:LeaderElection68] INFO  segmented.SegmentedRaftLogWorker (SegmentedRaftLogWorker.java:startLogSegment(380)) - 09112efe-1fad-4539-a04f-c96aef6d2351@group-B1A00720E110-SegmentedRaftLogWorker: Starting segment from index:0
2019-09-26 21:18:52,662 [Thread-436] INFO  impl.RoleInfo (RoleInfo.java:updateAndGet(143)) - 9ce0b59e-153f-4f41-8aed-492a76d80b48: start LeaderElection
2019-09-26 21:18:52,663 [Thread-451] INFO  impl.RoleInfo (RoleInfo.java:updateAndGet(143)) - 09112efe-1fad-4539-a04f-c96aef6d2351: start LeaderElection
2019-09-26 21:18:52,918 [09112efe-1fad-4539-a04f-c96aef6d2351@group-B1A00720E110:LeaderElection68] INFO  impl.RaftServerImpl (ServerState.java:setRaftConf(354)) - 09112efe-1fad-4539-a04f-c96aef6d2351@group-B1A00720E110: set configuration 0: [09112efe-1fad-4539-a04f-c96aef6d2351:192.168.151.99:45286], old=null at 0
2019-09-26 21:18:52,918 [Thread-474] INFO  impl.FollowerState (FollowerState.java:run(106)) - da833d8d-e72a-4068-9560-4daa2d83adc2:group-670F9015DEC2 changes to CANDIDATE, lastRpcTime:5046, electionTimeout:5040ms
2019-09-26 21:18:52,918 [Thread-466] INFO  impl.FollowerState (FollowerState.java:run(106)) - 1178c3ae-d0b4-4d44-b144-fe8504cc41ac:group-2D6CF1A474A9 changes to CANDIDATE, lastRpcTime:5196, electionTimeout:5192ms
2019-09-26 21:18:52,920 [Thread-469] INFO  impl.FollowerState (FollowerState.java:run(106)) - 9ce0b59e-153f-4f41-8aed-492a76d80b48:group-8DE4ADB9E026 changes to CANDIDATE, lastRpcTime:5154, electionTimeout:5035ms
2019-09-26 21:18:52,921 [Thread-455] INFO  impl.FollowerState (FollowerState.java:run(106)) - 09112efe-1fad-4539-a04f-c96aef6d2351:group-B70CCCEBCAE4 changes to CANDIDATE, lastRpcTime:5387, electionTimeout:5196ms
2019-09-26 21:18:52,922 [Thread-463] INFO  impl.FollowerState (FollowerState.java:run(106)) - 9ce0b59e-153f-4f41-8aed-492a76d80b48:group-9537751EFAC3 changes to CANDIDATE, lastRpcTime:5246, electionTimeout:5017ms
2019-09-26 21:18:52,922 [1178c3ae-d0b4-4d44-b144-fe8504cc41ac@group-922BEFF8D70B:LeaderElection73] INFO  impl.LeaderElection (LeaderElection.java:askForVotes(182)) - 1178c3ae-d0b4-4d44-b144-fe8504cc41ac@group-922BEFF8D70B:LeaderElection73: begin an election at term 1 for -1: [1178c3ae-d0b4-4d44-b144-fe8504cc41ac:192.168.151.99:33787], old=null
2019-09-26 21:18:52,923 [9ce0b59e-153f-4f41-8aed-492a76d80b48@group-76F045CE1768:LeaderElection74] INFO  impl.LeaderElection (LeaderElection.java:askForVotes(182)) - 9ce0b59e-153f-4f41-8aed-492a76d80b48@group-76F045CE1768:LeaderElection74: begin an election at term 1 for -1: [9ce0b59e-153f-4f41-8aed-492a76d80b48:192.168.151.99:34156], old=null
2019-09-26 21:18:52,923 [9ce0b59e-153f-4f41-8aed-492a76d80b48@group-3B9CADCF1AEC:LeaderElection72] INFO  impl.LeaderElection (LeaderElection.java:askForVotes(182)) - 9ce0b59e-153f-4f41-8aed-492a76d80b48@group-3B9CADCF1AEC:LeaderElection72: begin an election at term 1 for -1: [9ce0b59e-153f-4f41-8aed-492a76d80b48:192.168.151.99:34156], old=null
2019-09-26 21:18:52,922 [1178c3ae-d0b4-4d44-b144-fe8504cc41ac@group-9D69517A24DC:LeaderElection71] INFO  impl.LeaderElection (LeaderElection.java:askForVotes(182)) - 1178c3ae-d0b4-4d44-b144-fe8504cc41ac@group-9D69517A24DC:LeaderElection71: begin an election at term 1 for -1: [1178c3ae-d0b4-4d44-b144-fe8504cc41ac:192.168.151.99:33787], old=null
2019-09-26 21:18:52,923 [9ce0b59e-153f-4f41-8aed-492a76d80b48@group-3B9CADCF1AEC:LeaderElection72] INFO  impl.RoleInfo (RoleInfo.java:shutdownLeaderElection(134)) - 9ce0b59e-153f-4f41-8aed-492a76d80b48: shutdown LeaderElection
2019-09-26 21:18:52,923 [9ce0b59e-153f-4f41-8aed-492a76d80b48@group-76F045CE1768:LeaderElection74] INFO  impl.RoleInfo (RoleInfo.java:shutdownLeaderElection(134)) - 9ce0b59e-153f-4f41-8aed-492a76d80b48: shutdown LeaderElection
2019-09-26 21:18:52,923 [1178c3ae-d0b4-4d44-b144-fe8504cc41ac@group-922BEFF8D70B:LeaderElection73] INFO  impl.RoleInfo (RoleInfo.java:shutdownLeaderElection(134)) - 1178c3ae-d0b4-4d44-b144-fe8504cc41ac: shutdown LeaderElection
2019-09-26 21:18:52,923 [Thread-474] INFO  impl.RoleInfo (RoleInfo.java:shutdownFollowerState(121)) - da833d8d-e72a-4068-9560-4daa2d83adc2: shutdown FollowerState
2019-09-26 21:18:52,923 [Thread-466] INFO  impl.RoleInfo (RoleInfo.java:shutdownFollowerState(121)) - 1178c3ae-d0b4-4d44-b144-fe8504cc41ac: shutdown FollowerState
2019-09-26 21:18:52,923 [9ce0b59e-153f-4f41-8aed-492a76d80b48@group-76F045CE1768:LeaderElection74] INFO  impl.RaftServerImpl (RaftServerImpl.java:setRole(174)) - 9ce0b59e-153f-4f41-8aed-492a76d80b48@group-76F045CE1768: changes role from CANDIDATE to LEADER at term 1 for changeToLeader
2019-09-26 21:18:52,923 [9ce0b59e-153f-4f41-8aed-492a76d80b48@group-3B9CADCF1AEC:LeaderElection72] INFO  impl.RaftServerImpl (RaftServerImpl.java:setRole(174)) - 9ce0b59e-153f-4f41-8aed-492a76d80b48@group-3B9CADCF1AEC: changes role from CANDIDATE to LEADER at term 1 for changeToLeader
2019-09-26 21:18:52,923 [1178c3ae-d0b4-4d44-b144-fe8504cc41ac@group-9D69517A24DC:LeaderElection71] INFO  impl.RoleInfo (RoleInfo.java:shutdownLeaderElection(134)) - 1178c3ae-d0b4-4d44-b144-fe8504cc41ac: shutdown LeaderElection
2019-09-26 21:18:52,924 [9ce0b59e-153f-4f41-8aed-492a76d80b48@group-3B9CADCF1AEC:LeaderElection72] INFO  impl.RaftServerImpl (ServerState.java:setLeader(253)) - 9ce0b59e-153f-4f41-8aed-492a76d80b48@group-3B9CADCF1AEC: change Leader from null to 9ce0b59e-153f-4f41-8aed-492a76d80b48 at term 1 for becomeLeader, leader elected after 5687ms
2019-09-26 21:18:52,924 [9ce0b59e-153f-4f41-8aed-492a76d80b48@group-76F045CE1768:LeaderElection74] INFO  impl.RaftServerImpl (ServerState.java:setLeader(253)) - 9ce0b59e-153f-4f41-8aed-492a76d80b48@group-76F045CE1768: change Leader from null to 9ce0b59e-153f-4f41-8aed-492a76d80b48 at term 1 for becomeLeader, leader elected after 5341ms
2019-09-26 21:18:52,924 [1178c3ae-d0b4-4d44-b144-fe8504cc41ac@group-94699E98B741:LeaderElection64] INFO  impl.RoleInfo (RoleInfo.java:updateAndGet(143)) - 1178c3ae-d0b4-4d44-b144-fe8504cc41ac: start LeaderState
2019-09-26 21:18:52,924 [Thread-466] INFO  impl.RaftServerImpl (RaftServerImpl.java:setRole(174)) - 1178c3ae-d0b4-4d44-b144-fe8504cc41ac@group-2D6CF1A474A9: changes role from  FOLLOWER to CANDIDATE at term 0 for changeToCandidate
2019-09-26 21:18:52,924 [Thread-474] INFO  impl.RaftServerImpl (RaftServerImpl.java:setRole(174)) - da833d8d-e72a-4068-9560-4daa2d83adc2@group-670F9015DEC2: changes role from  FOLLOWER to CANDIDATE at term 0 for changeToCandidate
2019-09-26 21:18:52,924 [Thread-463] INFO  impl.RoleInfo (RoleInfo.java:shutdownFollowerState(121)) - 9ce0b59e-153f-4f41-8aed-492a76d80b48: shutdown FollowerState
2019-09-26 21:18:52,925 [Thread-463] INFO  impl.RaftServerImpl (RaftServerImpl.java:setRole(174)) - 9ce0b59e-153f-4f41-8aed-492a76d80b48@group-9537751EFAC3: changes role from  FOLLOWER to CANDIDATE at term 0 for changeToCandidate
2019-09-26 21:18:52,924 [Thread-455] INFO  impl.RoleInfo (RoleInfo.java:shutdownFollowerState(121)) - 09112efe-1fad-4539-a04f-c96aef6d2351: shutdown FollowerState
2019-09-26 21:18:52,923 [1178c3ae-d0b4-4d44-b144-fe8504cc41ac@group-922BEFF8D70B:LeaderElection73] INFO  impl.RaftServerImpl (RaftServerImpl.java:setRole(174)) - 1178c3ae-d0b4-4d44-b144-fe8504cc41ac@group-922BEFF8D70B: changes role from CANDIDATE to LEADER at term 1 for changeToLeader
2019-09-26 21:18:52,923 [Thread-469] INFO  impl.RoleInfo (RoleInfo.java:shutdownFollowerState(121)) - 9ce0b59e-153f-4f41-8aed-492a76d80b48: shutdown FollowerState
2019-09-26 21:18:52,925 [1178c3ae-d0b4-4d44-b144-fe8504cc41ac@group-922BEFF8D70B:LeaderElection73] INFO  impl.RaftServerImpl (ServerState.java:setLeader(253)) - 1178c3ae-d0b4-4d44-b144-fe8504cc41ac@group-922BEFF8D70B: change Leader from null to 1178c3ae-d0b4-4d44-b144-fe8504cc41ac at term 1 for becomeLeader, leader elected after 5537ms
2019-09-26 21:18:52,925 [Thread-455] INFO  impl.RaftServerImpl (RaftServerImpl.java:setRole(174)) - 09112efe-1fad-4539-a04f-c96aef6d2351@group-B70CCCEBCAE4: changes role from  FOLLOWER to CANDIDATE at term 0 for changeToCandidate
2019-09-26 21:18:52,925 [da833d8d-e72a-4068-9560-4daa2d83adc2@group-D33BFD4E17F0:LeaderElection66] INFO  impl.RoleInfo (RoleInfo.java:updateAndGet(143)) - da833d8d-e72a-4068-9560-4daa2d83adc2: start LeaderState
2019-09-26 21:18:52,926 [pool-27-thread-1] INFO  impl.RaftServerImpl (RaftServerImpl.java:start(185)) - 9ce0b59e-153f-4f41-8aed-492a76d80b48@group-0F1744F08A48: start as a follower, conf=-1: [9ce0b59e-153f-4f41-8aed-492a76d80b48:192.168.151.99:34156], old=null
2019-09-26 21:18:52,926 [da833d8d-e72a-4068-9560-4daa2d83adc2@group-D33BFD4E17F0:LeaderElection66] INFO  segmented.SegmentedRaftLogWorker (SegmentedRaftLogWorker.java:startLogSegment(380)) - da833d8d-e72a-4068-9560-4daa2d83adc2@group-D33BFD4E17F0-SegmentedRaftLogWorker: Starting segment from index:0
2019-09-26 21:18:52,925 [Thread-463] INFO  impl.RoleInfo (RoleInfo.java:updateAndGet(143)) - 9ce0b59e-153f-4f41-8aed-492a76d80b48: start LeaderElection
2019-09-26 21:18:52,925 [9ce0b59e-153f-4f41-8aed-492a76d80b48@group-17B497282C45:LeaderElection63] INFO  impl.RoleInfo (RoleInfo.java:updateAndGet(143)) - 9ce0b59e-153f-4f41-8aed-492a76d80b48: start LeaderState
2019-09-26 21:18:52,925 [Thread-474] INFO  impl.RoleInfo (RoleInfo.java:updateAndGet(143)) - da833d8d-e72a-4068-9560-4daa2d83adc2: start LeaderElection
2019-09-26 21:18:52,925 [1178c3ae-d0b4-4d44-b144-fe8504cc41ac@group-94699E98B741:LeaderElection64] INFO  segmented.SegmentedRaftLogWorker (SegmentedRaftLogWorker.java:startLogSegment(380)) - 1178c3ae-d0b4-4d44-b144-fe8504cc41ac@group-94699E98B741-SegmentedRaftLogWorker: Starting segment from index:0
2019-09-26 21:18:52,925 [Thread-466] INFO  impl.RoleInfo (RoleInfo.java:updateAndGet(143)) - 1178c3ae-d0b4-4d44-b144-fe8504cc41ac: start LeaderElection
2019-09-26 21:18:52,925 [9ce0b59e-153f-4f41-8aed-492a76d80b48@group-76F045CE1768:LeaderElection74] INFO  server.RaftServerConfigKeys (ConfUtils.java:logGet(43)) - raft.server.staging.catchup.gap = 1000 (default)
2019-09-26 21:18:53,187 [1178c3ae-d0b4-4d44-b144-fe8504cc41ac@group-94699E98B741:LeaderElection64] INFO  impl.RaftServerImpl (ServerState.java:setRaftConf(354)) - 1178c3ae-d0b4-4d44-b144-fe8504cc41ac@group-94699E98B741: set configuration 0: [1178c3ae-d0b4-4d44-b144-fe8504cc41ac:192.168.151.99:33787], old=null at 0
2019-09-26 21:18:52,925 [9ce0b59e-153f-4f41-8aed-492a76d80b48@group-022A032E888F:LeaderElection65] INFO  impl.RoleInfo (RoleInfo.java:updateAndGet(143)) - 9ce0b59e-153f-4f41-8aed-492a76d80b48: start LeaderState
2019-09-26 21:18:52,924 [9ce0b59e-153f-4f41-8aed-492a76d80b48@group-3B9CADCF1AEC:LeaderElection72] INFO  server.RaftServerConfigKeys (ConfUtils.java:logGet(43)) - raft.server.staging.catchup.gap = 1000 (default)
2019-09-26 21:18:52,924 [1178c3ae-d0b4-4d44-b144-fe8504cc41ac@group-9D69517A24DC:LeaderElection71] INFO  impl.RaftServerImpl (RaftServerImpl.java:setRole(174)) - 1178c3ae-d0b4-4d44-b144-fe8504cc41ac@group-9D69517A24DC: changes role from CANDIDATE to LEADER at term 1 for changeToLeader
2019-09-26 21:18:53,444 [9ce0b59e-153f-4f41-8aed-492a76d80b48@group-3B9CADCF1AEC:LeaderElection72] INFO  server.RaftServerConfigKeys (ConfUtils.java:logGet(43)) - raft.server.rpc.sleep.time = 25ms (default)
2019-09-26 21:18:53,444 [9ce0b59e-153f-4f41-8aed-492a76d80b48@group-022A032E888F:LeaderElection65] INFO  segmented.SegmentedRaftLogWorker (SegmentedRaftLogWorker.java:startLogSegment(380)) - 9ce0b59e-153f-4f41-8aed-492a76d80b48@group-022A032E888F-SegmentedRaftLogWorker: Starting segment from index:0
2019-09-26 21:18:53,187 [9ce0b59e-153f-4f41-8aed-492a76d80b48@group-76F045CE1768:LeaderElection74] INFO  server.RaftServerConfigKeys (ConfUtils.java:logGet(43)) - raft.server.rpc.sleep.time = 25ms (default)
2019-09-26 21:18:53,443 [da833d8d-e72a-4068-9560-4daa2d83adc2@group-670F9015DEC2:LeaderElection79] INFO  impl.LeaderElection (LeaderElection.java:askForVotes(182)) - da833d8d-e72a-4068-9560-4daa2d83adc2@group-670F9015DEC2:LeaderElection79: begin an election at term 1 for -1: [da833d8d-e72a-4068-9560-4daa2d83adc2:192.168.151.99:38903], old=null
2019-09-26 21:18:53,445 [9ce0b59e-153f-4f41-8aed-492a76d80b48@group-022A032E888F:LeaderElection65] INFO  impl.RaftServerImpl (ServerState.java:setRaftConf(354)) - 9ce0b59e-153f-4f41-8aed-492a76d80b48@group-022A032E888F: set configuration 0: [9ce0b59e-153f-4f41-8aed-492a76d80b48:192.168.151.99:34156], old=null at 0
2019-09-26 21:18:53,443 [Thread-488] INFO  impl.FollowerState (FollowerState.java:run(106)) - 09112efe-1fad-4539-a04f-c96aef6d2351:group-9A61D6C314A9 changes to CANDIDATE, lastRpcTime:5321, electionTimeout:5091ms
2019-09-26 21:18:53,442 [Thread-491] INFO  impl.FollowerState (FollowerState.java:run(106)) - 1178c3ae-d0b4-4d44-b144-fe8504cc41ac:group-80F23AA760D0 changes to CANDIDATE, lastRpcTime:5272, electionTimeout:5058ms
2019-09-26 21:18:53,763 [Thread-488] INFO  impl.RoleInfo (RoleInfo.java:shutdownFollowerState(121)) - 09112efe-1fad-4539-a04f-c96aef6d2351: shutdown FollowerState
2019-09-26 21:18:53,439 [Thread-494] INFO  impl.FollowerState (FollowerState.java:run(106)) - 1178c3ae-d0b4-4d44-b144-fe8504cc41ac:group-F9263122AC59 changes to CANDIDATE, lastRpcTime:5226, electionTimeout:5096ms
2019-09-26 21:18:53,437 [Thread-504] INFO  impl.FollowerState (FollowerState.java:run(106)) - 1178c3ae-d0b4-4d44-b144-fe8504cc41ac:group-4DAA356371EA changes to CANDIDATE, lastRpcTime:5085, electionTimeout:5046ms
2019-09-26 21:18:53,186 [da833d8d-e72a-4068-9560-4daa2d83adc2@group-D33BFD4E17F0:LeaderElection66] INFO  impl.RaftServerImpl (ServerState.java:setRaftConf(354)) - da833d8d-e72a-4068-9560-4daa2d83adc2@group-D33BFD4E17F0: set configuration 0: [da833d8d-e72a-4068-9560-4daa2d83adc2:192.168.151.99:38903], old=null at 0
2019-09-26 21:18:53,186 [9ce0b59e-153f-4f41-8aed-492a76d80b48@group-17B497282C45:LeaderElection63] INFO  segmented.SegmentedRaftLogWorker (SegmentedRaftLogWorker.java:startLogSegment(380)) - 9ce0b59e-153f-4f41-8aed-492a76d80b48@group-17B497282C45-SegmentedRaftLogWorker: Starting segment from index:0
2019-09-26 21:18:53,186 [1178c3ae-d0b4-4d44-b144-fe8504cc41ac@group-6F8F1CDBCF1F:LeaderElection75] INFO  impl.LeaderElection (LeaderElection.java:askForVotes(182)) - 1178c3ae-d0b4-4d44-b144-fe8504cc41ac@group-6F8F1CDBCF1F:LeaderElection75: begin an election at term 1 for -1: [1178c3ae-d0b4-4d44-b144-fe8504cc41ac:192.168.151.99:33787], old=null
2019-09-26 21:18:53,186 [9ce0b59e-153f-4f41-8aed-492a76d80b48@group-5F3B934AB93E:LeaderElection76] INFO  impl.LeaderElection (LeaderElection.java:askForVotes(182)) - 9ce0b59e-153f-4f41-8aed-492a76d80b48@group-5F3B934AB93E:LeaderElection76: begin an election at term 1 for -1: [9ce0b59e-153f-4f41-8aed-492a76d80b48:192.168.151.99:34156], old=null
2019-09-26 21:18:53,186 [09112efe-1fad-4539-a04f-c96aef6d2351@group-C7705DB74AE6:LeaderElection77] INFO  impl.LeaderElection (LeaderElection.java:askForVotes(182)) - 09112efe-1fad-4539-a04f-c96aef6d2351@group-C7705DB74AE6:LeaderElection77: begin an election at term 1 for -1: [09112efe-1fad-4539-a04f-c96aef6d2351:192.168.151.99:45286], old=null
2019-09-26 21:18:53,768 [9ce0b59e-153f-4f41-8aed-492a76d80b48@group-17B497282C45:LeaderElection63] INFO  impl.RaftServerImpl (ServerState.java:setRaftConf(354)) - 9ce0b59e-153f-4f41-8aed-492a76d80b48@group-17B497282C45: set configuration 0: [9ce0b59e-153f-4f41-8aed-492a76d80b48:192.168.151.99:34156], old=null at 0
2019-09-26 21:18:53,184 [Thread-482] INFO  impl.FollowerState (FollowerState.java:run(106)) - 09112efe-1fad-4539-a04f-c96aef6d2351:group-F6B9EF0C2D8E changes to CANDIDATE, lastRpcTime:5181, electionTimeout:5078ms
2019-09-26 21:18:53,184 [1178c3ae-d0b4-4d44-b144-fe8504cc41ac@group-CEB1079B6F06-SegmentedRaftLogWorker] ERROR segmented.SegmentedRaftLogWorker (SegmentedRaftLogWorker.java:run(323)) - 1178c3ae-d0b4-4d44-b144-fe8504cc41ac@group-CEB1079B6F06-SegmentedRaftLogWorker hit exception
java.lang.OutOfMemoryError: Direct buffer memory
	at java.nio.Bits.reserveMemory(Bits.java:666)
	at java.nio.DirectByteBuffer.<init>(DirectByteBuffer.java:123)
	at java.nio.ByteBuffer.allocateDirect(ByteBuffer.java:311)
	at org.apache.ratis.server.raftlog.segmented.BufferedWriteChannel.<init>(BufferedWriteChannel.java:41)
	at org.apache.ratis.server.raftlog.segmented.SegmentedRaftLogOutputStream.<init>(SegmentedRaftLogOutputStream.java:72)
	at org.apache.ratis.server.raftlog.segmented.SegmentedRaftLogWorker$StartLogSegment.execute(SegmentedRaftLogWorker.java:566)
	at org.apache.ratis.server.raftlog.segmented.SegmentedRaftLogWorker.run(SegmentedRaftLogWorker.java:289)
	at java.lang.Thread.run(Thread.java:748)
2019-09-26 21:18:52,926 [pool-27-thread-1] INFO  impl.RaftServerImpl (RaftServerImpl.java:setRole(174)) - 9ce0b59e-153f-4f41-8aed-492a76d80b48@group-0F1744F08A48: changes role from      null to FOLLOWER at term 0 for startAsFollower
2019-09-26 21:18:52,926 [9ce0b59e-153f-4f41-8aed-492a76d80b48@group-D14484569D87:LeaderElection69] INFO  impl.RoleInfo (RoleInfo.java:updateAndGet(143)) - 9ce0b59e-153f-4f41-8aed-492a76d80b48: start LeaderState
2019-09-26 21:18:52,926 [Thread-455] INFO  impl.RoleInfo (RoleInfo.java:updateAndGet(143)) - 09112efe-1fad-4539-a04f-c96aef6d2351: start LeaderElection
2019-09-26 21:18:52,926 [0c640f50-2bc9-49b6-b785-a27e3116e6ba@group-6334DE074F80:LeaderElection67] INFO  impl.RoleInfo (RoleInfo.java:updateAndGet(143)) - 0c640f50-2bc9-49b6-b785-a27e3116e6ba: start LeaderState
2019-09-26 21:18:52,926 [1178c3ae-d0b4-4d44-b144-fe8504cc41ac@group-922BEFF8D70B:LeaderElection73] INFO  server.RaftServerConfigKeys (ConfUtils.java:logGet(43)) - raft.server.staging.catchup.gap = 1000 (default)
2019-09-26 21:18:52,926 [Thread-469] INFO  impl.RaftServerImpl (RaftServerImpl.java:setRole(174)) - 9ce0b59e-153f-4f41-8aed-492a76d80b48@group-8DE4ADB9E026: changes role from  FOLLOWER to CANDIDATE at term 0 for changeToCandidate
2019-09-26 21:18:54,002 [1178c3ae-d0b4-4d44-b144-fe8504cc41ac@group-922BEFF8D70B:LeaderElection73] INFO  server.RaftServerConfigKeys (ConfUtils.java:logGet(43)) - raft.server.rpc.sleep.time = 25ms (default)
2019-09-26 21:18:54,002 [1178c3ae-d0b4-4d44-b144-fe8504cc41ac@group-CEB1079B6F06-SegmentedRaftLogWorker] INFO  impl.RaftServerImpl (RaftServerImpl.java:lambda$shutdown$3(251)) - 1178c3ae-d0b4-4d44-b144-fe8504cc41ac@group-CEB1079B6F06: shutdown
2019-09-26 21:18:54,001 [0c640f50-2bc9-49b6-b785-a27e3116e6ba@group-6334DE074F80:LeaderElection67] INFO  segmented.SegmentedRaftLogWorker (SegmentedRaftLogWorker.java:startLogSegment(380)) - 0c640f50-2bc9-49b6-b785-a27e3116e6ba@group-6334DE074F80-SegmentedRaftLogWorker: Starting segment from index:0
2019-09-26 21:18:54,002 [1178c3ae-d0b4-4d44-b144-fe8504cc41ac@group-CEB1079B6F06-SegmentedRaftLogWorker] INFO  util.JmxRegister (JmxRegister.java:unregister(73)) - Successfully un-registered JMX Bean with object name Ratis:service=RaftServer,group=group-CEB1079B6F06,id=1178c3ae-d0b4-4d44-b144-fe8504cc41ac
2019-09-26 21:18:54,001 [9ce0b59e-153f-4f41-8aed-492a76d80b48@group-D14484569D87:LeaderElection69] INFO  segmented.SegmentedRaftLogWorker (SegmentedRaftLogWorker.java:startLogSegment(380)) - 9ce0b59e-153f-4f41-8aed-492a76d80b48@group-D14484569D87-SegmentedRaftLogWorker: Starting segment from index:0
2019-09-26 21:18:54,001 [pool-27-thread-1] INFO  impl.RoleInfo (RoleInfo.java:updateAndGet(143)) - 9ce0b59e-153f-4f41-8aed-492a76d80b48: start FollowerState
2019-09-26 21:18:53,998 [Thread-482] INFO  impl.RoleInfo (RoleInfo.java:shutdownFollowerState(121)) - 09112efe-1fad-4539-a04f-c96aef6d2351: shutdown FollowerState
2019-09-26 21:18:54,261 [9ce0b59e-153f-4f41-8aed-492a76d80b48@group-D14484569D87:LeaderElection69] INFO  impl.RaftServerImpl (ServerState.java:setRaftConf(354)) - 9ce0b59e-153f-4f41-8aed-492a76d80b48@group-D14484569D87: set configuration 0: [9ce0b59e-153f-4f41-8aed-492a76d80b48:192.168.151.99:34156], old=null at 0
2019-09-26 21:18:53,997 [Thread-536] INFO  impl.FollowerState (FollowerState.java:run(106)) - 9ce0b59e-153f-4f41-8aed-492a76d80b48:group-BB7203E823FB changes to CANDIDATE, lastRpcTime:5206, electionTimeout:5048ms
2019-09-26 21:18:53,996 [Thread-539] INFO  impl.FollowerState (FollowerState.java:run(106)) - 0c640f50-2bc9-49b6-b785-a27e3116e6ba:group-8ADE47486BA4 changes to CANDIDATE, lastRpcTime:5102, electionTimeout:5019ms
2019-09-26 21:18:53,994 [Thread-542] INFO  impl.FollowerState (FollowerState.java:run(106)) - 0c640f50-2bc9-49b6-b785-a27e3116e6ba:group-6AB8C2908DBE changes to CANDIDATE, lastRpcTime:5060, electionTimeout:5047ms
2019-09-26 21:18:54,454 [Thread-542] INFO  impl.RoleInfo (RoleInfo.java:shutdownFollowerState(121)) - 0c640f50-2bc9-49b6-b785-a27e3116e6ba: shutdown FollowerState
2019-09-26 21:18:53,768 [09112efe-1fad-4539-a04f-c96aef6d2351@group-C7705DB74AE6:LeaderElection77] INFO  impl.RoleInfo (RoleInfo.java:shutdownLeaderElection(134)) - 09112efe-1fad-4539-a04f-c96aef6d2351: shutdown LeaderElection
2019-09-26 21:18:53,768 [9ce0b59e-153f-4f41-8aed-492a76d80b48@group-5F3B934AB93E:LeaderElection76] INFO  impl.RoleInfo (RoleInfo.java:shutdownLeaderElection(134)) - 9ce0b59e-153f-4f41-8aed-492a76d80b48: shutdown LeaderElection
2019-09-26 21:18:53,768 [1178c3ae-d0b4-4d44-b144-fe8504cc41ac@group-6F8F1CDBCF1F:LeaderElection75] INFO  impl.RoleInfo (RoleInfo.java:shutdownLeaderElection(134)) - 1178c3ae-d0b4-4d44-b144-fe8504cc41ac: shutdown LeaderElection
2019-09-26 21:18:53,767 [Thread-504] INFO  impl.RoleInfo (RoleInfo.java:shutdownFollowerState(121)) - 1178c3ae-d0b4-4d44-b144-fe8504cc41ac: shutdown FollowerState
2019-09-26 21:18:54,455 [Thread-504] INFO  impl.RaftServerImpl (RaftServerImpl.java:setRole(174)) - 1178c3ae-d0b4-4d44-b144-fe8504cc41ac@group-4DAA356371EA: changes role from  FOLLOWER to CANDIDATE at term 0 for changeToCandidate
2019-09-26 21:18:53,767 [Thread-494] INFO  impl.RoleInfo (RoleInfo.java:shutdownFollowerState(121)) - 1178c3ae-d0b4-4d44-b144-fe8504cc41ac: shutdown FollowerState
2019-09-26 21:18:54,455 [Thread-494] INFO  impl.RaftServerImpl (RaftServerImpl.java:setRole(174)) - 1178c3ae-d0b4-4d44-b144-fe8504cc41ac@group-F9263122AC59: changes role from  FOLLOWER to CANDIDATE at term 0 for changeToCandidate
2019-09-26 21:18:53,764 [Thread-488] INFO  impl.RaftServerImpl (RaftServerImpl.java:setRole(174)) - 09112efe-1fad-4539-a04f-c96aef6d2351@group-9A61D6C314A9: changes role from  FOLLOWER to CANDIDATE at term 0 for changeToCandidate
2019-09-26 21:18:53,764 [Thread-491] INFO  impl.RoleInfo (RoleInfo.java:shutdownFollowerState(121)) - 1178c3ae-d0b4-4d44-b144-fe8504cc41ac: shutdown FollowerState
2019-09-26 21:18:54,456 [Thread-491] INFO  impl.RaftServerImpl (RaftServerImpl.java:setRole(174)) - 1178c3ae-d0b4-4d44-b144-fe8504cc41ac@group-80F23AA760D0: changes role from  FOLLOWER to CANDIDATE at term 0 for changeToCandidate
2019-09-26 21:18:53,763 [Thread-527] INFO  impl.FollowerState (FollowerState.java:run(106)) - 09112efe-1fad-4539-a04f-c96aef6d2351:group-B66033F68487 changes to CANDIDATE, lastRpcTime:5097, electionTimeout:5095ms
2019-09-26 21:18:53,760 [9ce0b59e-153f-4f41-8aed-492a76d80b48@group-9537751EFAC3:LeaderElection80] INFO  impl.LeaderElection (LeaderElection.java:askForVotes(182)) - 9ce0b59e-153f-4f41-8aed-492a76d80b48@group-9537751EFAC3:LeaderElection80: begin an election at term 1 for -1: [9ce0b59e-153f-4f41-8aed-492a76d80b48:192.168.151.99:34156], old=null
2019-09-26 21:18:53,760 [1178c3ae-d0b4-4d44-b144-fe8504cc41ac@group-2D6CF1A474A9:LeaderElection78] INFO  impl.LeaderElection (LeaderElection.java:askForVotes(182)) - 1178c3ae-d0b4-4d44-b144-fe8504cc41ac@group-2D6CF1A474A9:LeaderElection78: begin an election at term 1 for -1: [1178c3ae-d0b4-4d44-b144-fe8504cc41ac:192.168.151.99:33787], old=null
2019-09-26 21:18:53,759 [Thread-508] INFO  impl.FollowerState (FollowerState.java:run(106)) - 0c640f50-2bc9-49b6-b785-a27e3116e6ba:group-9DCEC7BC5751 changes to CANDIDATE, lastRpcTime:5356, electionTimeout:5069ms
2019-09-26 21:18:53,759 [Thread-501] INFO  impl.FollowerState (FollowerState.java:run(106)) - 1178c3ae-d0b4-4d44-b144-fe8504cc41ac:group-9C349363B38E changes to CANDIDATE, lastRpcTime:5454, electionTimeout:5188ms
2019-09-26 21:18:53,758 [Thread-514] INFO  impl.FollowerState (FollowerState.java:run(106)) - 9ce0b59e-153f-4f41-8aed-492a76d80b48:group-77990DBFA164 changes to CANDIDATE, lastRpcTime:5253, electionTimeout:5080ms
2019-09-26 21:18:53,758 [Thread-517] INFO  impl.FollowerState (FollowerState.java:run(106)) - 1178c3ae-d0b4-4d44-b144-fe8504cc41ac:group-2602BE24DDFE changes to CANDIDATE, lastRpcTime:5209, electionTimeout:5046ms
2019-09-26 21:18:53,753 [Thread-521] INFO  impl.FollowerState (FollowerState.java:run(106)) - 0c640f50-2bc9-49b6-b785-a27e3116e6ba:group-CD486E0DF44D changes to CANDIDATE, lastRpcTime:5156, electionTimeout:5154ms
2019-09-26 21:18:53,445 [da833d8d-e72a-4068-9560-4daa2d83adc2@group-670F9015DEC2:LeaderElection79] INFO  impl.RoleInfo (RoleInfo.java:shutdownLeaderElection(134)) - da833d8d-e72a-4068-9560-4daa2d83adc2: shutdown LeaderElection
2019-09-26 21:18:54,524 [da833d8d-e72a-4068-9560-4daa2d83adc2@group-670F9015DEC2:LeaderElection79] INFO  impl.RaftServerImpl (RaftServerImpl.java:setRole(174)) - da833d8d-e72a-4068-9560-4daa2d83adc2@group-670F9015DEC2: changes role from CANDIDATE to LEADER at term 1 for changeToLeader
2019-09-26 21:18:53,444 [9ce0b59e-153f-4f41-8aed-492a76d80b48@group-76F045CE1768:LeaderElection74] INFO  server.RaftServerConfigKeys (ConfUtils.java:logGet(43)) - raft.server.write.element-limit = 4096 (default)
2019-09-26 21:18:53,444 [9ce0b59e-153f-4f41-8aed-492a76d80b48@group-3B9CADCF1AEC:LeaderElection72] INFO  server.RaftServerConfigKeys (ConfUtils.java:logGet(43)) - raft.server.write.element-limit = 4096 (default)
2019-09-26 21:18:53,444 [1178c3ae-d0b4-4d44-b144-fe8504cc41ac@group-9D69517A24DC:LeaderElection71] INFO  impl.RaftServerImpl (ServerState.java:setLeader(253)) - 1178c3ae-d0b4-4d44-b144-fe8504cc41ac@group-9D69517A24DC: change Leader from null to 1178c3ae-d0b4-4d44-b144-fe8504cc41ac at term 1 for becomeLeader, leader elected after 6112ms
2019-09-26 21:18:54,525 [9ce0b59e-153f-4f41-8aed-492a76d80b48@group-3B9CADCF1AEC:LeaderElection72] INFO  server.RaftServerConfigKeys (ConfUtils.java:logGet(43)) - raft.server.watch.timeout = 10s (default)
2019-09-26 21:18:54,525 [9ce0b59e-153f-4f41-8aed-492a76d80b48@group-76F045CE1768:LeaderElection74] INFO  server.RaftServerConfigKeys (ConfUtils.java:logGet(43)) - raft.server.watch.timeout = 10s (default)
2019-09-26 21:18:54,526 [9ce0b59e-153f-4f41-8aed-492a76d80b48@group-76F045CE1768:LeaderElection74] INFO  server.RaftServerConfigKeys (ConfUtils.java:logGet(43)) - raft.server.watch.timeout.denomination = 1s (default)
2019-09-26 21:18:54,525 [da833d8d-e72a-4068-9560-4daa2d83adc2@group-670F9015DEC2:LeaderElection79] INFO  impl.RaftServerImpl (ServerState.java:setLeader(253)) - da833d8d-e72a-4068-9560-4daa2d83adc2@group-670F9015DEC2: change Leader from null to da833d8d-e72a-4068-9560-4daa2d83adc2 at term 1 for becomeLeader, leader elected after 6699ms
2019-09-26 21:18:54,524 [Thread-521] INFO  impl.RoleInfo (RoleInfo.java:shutdownFollowerState(121)) - 0c640f50-2bc9-49b6-b785-a27e3116e6ba: shutdown FollowerState
2019-09-26 21:18:54,526 [Thread-521] INFO  impl.RaftServerImpl (RaftServerImpl.java:setRole(174)) - 0c640f50-2bc9-49b6-b785-a27e3116e6ba@group-CD486E0DF44D: changes role from  FOLLOWER to CANDIDATE at term 0 for changeToCandidate
2019-09-26 21:18:54,524 [Thread-517] INFO  impl.RoleInfo (RoleInfo.java:shutdownFollowerState(121)) - 1178c3ae-d0b4-4d44-b144-fe8504cc41ac: shutdown FollowerState
2019-09-26 21:18:54,524 [Thread-514] INFO  impl.RoleInfo (RoleInfo.java:shutdownFollowerState(121)) - 9ce0b59e-153f-4f41-8aed-492a76d80b48: shutdown FollowerState
2019-09-26 21:18:54,524 [Thread-501] INFO  impl.RoleInfo (RoleInfo.java:shutdownFollowerState(121)) - 1178c3ae-d0b4-4d44-b144-fe8504cc41ac: shutdown FollowerState
2019-09-26 21:18:54,527 [Thread-501] INFO  impl.RaftServerImpl (RaftServerImpl.java:setRole(174)) - 1178c3ae-d0b4-4d44-b144-fe8504cc41ac@group-9C349363B38E: changes role from  FOLLOWER to CANDIDATE at term 0 for changeToCandidate
2019-09-26 21:18:54,523 [Thread-508] INFO  impl.RoleInfo (RoleInfo.java:shutdownFollowerState(121)) - 0c640f50-2bc9-49b6-b785-a27e3116e6ba: shutdown FollowerState
2019-09-26 21:18:54,527 [Thread-501] INFO  impl.RoleInfo (RoleInfo.java:updateAndGet(143)) - 1178c3ae-d0b4-4d44-b144-fe8504cc41ac: start LeaderElection
2019-09-26 21:18:54,523 [1178c3ae-d0b4-4d44-b144-fe8504cc41ac@group-2D6CF1A474A9:LeaderElection78] INFO  impl.RoleInfo (RoleInfo.java:shutdownLeaderElection(134)) - 1178c3ae-d0b4-4d44-b144-fe8504cc41ac: shutdown LeaderElection
2019-09-26 21:18:54,514 [09112efe-1fad-4539-a04f-c96aef6d2351@group-B1A00720E110-SegmentedRaftLogWorker] ERROR segmented.SegmentedRaftLogWorker (SegmentedRaftLogWorker.java:run(323)) - 09112efe-1fad-4539-a04f-c96aef6d2351@group-B1A00720E110-SegmentedRaftLogWorker hit exception
java.lang.OutOfMemoryError: Direct buffer memory
	at java.nio.Bits.reserveMemory(Bits.java:666)
	at java.nio.DirectByteBuffer.<init>(DirectByteBuffer.java:123)
	at java.nio.ByteBuffer.allocateDirect(ByteBuffer.java:311)
	at org.apache.ratis.server.raftlog.segmented.BufferedWriteChannel.<init>(BufferedWriteChannel.java:41)
	at org.apache.ratis.server.raftlog.segmented.SegmentedRaftLogOutputStream.<init>(SegmentedRaftLogOutputStream.java:72)
	at org.apache.ratis.server.raftlog.segmented.SegmentedRaftLogWorker$StartLogSegment.execute(SegmentedRaftLogWorker.java:566)
	at org.apache.ratis.server.raftlog.segmented.SegmentedRaftLogWorker.run(SegmentedRaftLogWorker.java:289)
	at java.lang.Thread.run(Thread.java:748)
2019-09-26 21:18:54,511 [Thread-573] INFO  impl.FollowerState (FollowerState.java:run(106)) - 1178c3ae-d0b4-4d44-b144-fe8504cc41ac:group-1D2C931F4BA5 changes to CANDIDATE, lastRpcTime:5134, electionTimeout:5134ms
2019-09-26 21:18:54,483 [Thread-582] INFO  impl.FollowerState (FollowerState.java:run(106)) - 9ce0b59e-153f-4f41-8aed-492a76d80b48:group-3426463BEB03 changes to CANDIDATE, lastRpcTime:5018, electionTimeout:5014ms
2019-09-26 21:18:54,456 [9ce0b59e-153f-4f41-8aed-492a76d80b48@group-9537751EFAC3:LeaderElection80] INFO  impl.RoleInfo (RoleInfo.java:shutdownLeaderElection(134)) - 9ce0b59e-153f-4f41-8aed-492a76d80b48: shutdown LeaderElection
2019-09-26 21:18:54,456 [Thread-527] INFO  impl.RoleInfo (RoleInfo.java:shutdownFollowerState(121)) - 09112efe-1fad-4539-a04f-c96aef6d2351: shutdown FollowerState
2019-09-26 21:18:54,456 [Thread-491] INFO  impl.RoleInfo (RoleInfo.java:updateAndGet(143)) - 1178c3ae-d0b4-4d44-b144-fe8504cc41ac: start LeaderElection
2019-09-26 21:18:54,456 [Thread-488] INFO  impl.RoleInfo (RoleInfo.java:updateAndGet(143)) - 09112efe-1fad-4539-a04f-c96aef6d2351: start LeaderElection
2019-09-26 21:18:54,456 [Thread-494] INFO  impl.RoleInfo (RoleInfo.java:updateAndGet(143)) - 1178c3ae-d0b4-4d44-b144-fe8504cc41ac: start LeaderElection
2019-09-26 21:18:54,455 [Thread-504] INFO  impl.RoleInfo (RoleInfo.java:updateAndGet(143)) - 1178c3ae-d0b4-4d44-b144-fe8504cc41ac: start LeaderElection
2019-09-26 21:18:54,455 [1178c3ae-d0b4-4d44-b144-fe8504cc41ac@group-6F8F1CDBCF1F:LeaderElection75] INFO  impl.RaftServerImpl (RaftServerImpl.java:setRole(174)) - 1178c3ae-d0b4-4d44-b144-fe8504cc41ac@group-6F8F1CDBCF1F: changes role from CANDIDATE to LEADER at term 1 for changeToLeader
2019-09-26 21:18:54,455 [9ce0b59e-153f-4f41-8aed-492a76d80b48@group-5F3B934AB93E:LeaderElection76] INFO  impl.RaftServerImpl (RaftServerImpl.java:setRole(174)) - 9ce0b59e-153f-4f41-8aed-492a76d80b48@group-5F3B934AB93E: changes role from CANDIDATE to LEADER at term 1 for changeToLeader
2019-09-26 21:18:54,454 [09112efe-1fad-4539-a04f-c96aef6d2351@group-C7705DB74AE6:LeaderElection77] INFO  impl.RaftServerImpl (RaftServerImpl.java:setRole(174)) - 09112efe-1fad-4539-a04f-c96aef6d2351@group-C7705DB74AE6: changes role from CANDIDATE to LEADER at term 1 for changeToLeader
2019-09-26 21:18:54,454 [Thread-542] INFO  impl.RaftServerImpl (RaftServerImpl.java:setRole(174)) - 0c640f50-2bc9-49b6-b785-a27e3116e6ba@group-6AB8C2908DBE: changes role from  FOLLOWER to CANDIDATE at term 0 for changeToCandidate
2019-09-26 21:18:54,454 [Thread-539] INFO  impl.RoleInfo (RoleInfo.java:shutdownFollowerState(121)) - 0c640f50-2bc9-49b6-b785-a27e3116e6ba: shutdown FollowerState
2019-09-26 21:18:54,454 [Thread-536] INFO  impl.RoleInfo (RoleInfo.java:shutdownFollowerState(121)) - 9ce0b59e-153f-4f41-8aed-492a76d80b48: shutdown FollowerState
2019-09-26 21:18:54,453 [pool-27-thread-1] INFO  util.JmxRegister (JmxRegister.java:tryRegister(44)) - Successfully registered JMX Bean with object name Ratis:service=RaftServer,group=group-0F1744F08A48,id=9ce0b59e-153f-4f41-8aed-492a76d80b48
2019-09-26 21:18:54,261 [Thread-482] INFO  impl.RaftServerImpl (RaftServerImpl.java:setRole(174)) - 09112efe-1fad-4539-a04f-c96aef6d2351@group-F6B9EF0C2D8E: changes role from  FOLLOWER to CANDIDATE at term 0 for changeToCandidate
2019-09-26 21:18:54,451 [Thread-560] INFO  impl.FollowerState (FollowerState.java:run(106)) - 1178c3ae-d0b4-4d44-b144-fe8504cc41ac:group-17858CE95304 changes to CANDIDATE, lastRpcTime:5255, electionTimeout:5180ms
2019-09-26 21:18:54,451 [Thread-563] INFO  impl.FollowerState (FollowerState.java:run(106)) - 1178c3ae-d0b4-4d44-b144-fe8504cc41ac:group-846E52AEA8E9 changes to CANDIDATE, lastRpcTime:5209, electionTimeout:5165ms
2019-09-26 21:18:54,450 [Thread-569] INFO  impl.FollowerState (FollowerState.java:run(106)) - 1178c3ae-d0b4-4d44-b144-fe8504cc41ac:group-6E19F58DAE58 changes to CANDIDATE, lastRpcTime:5124, electionTimeout:5089ms
2019-09-26 21:18:54,260 [0c640f50-2bc9-49b6-b785-a27e3116e6ba@group-6334DE074F80:LeaderElection67] INFO  impl.RaftServerImpl (ServerState.java:setRaftConf(354)) - 0c640f50-2bc9-49b6-b785-a27e3116e6ba@group-6334DE074F80: set configuration 0: [0c640f50-2bc9-49b6-b785-a27e3116e6ba:192.168.151.99:42361], old=null at 0
2019-09-26 21:18:54,260 [09112efe-1fad-4539-a04f-c96aef6d2351@group-B70CCCEBCAE4:LeaderElection81] INFO  impl.LeaderElection (LeaderElection.java:askForVotes(182)) - 09112efe-1fad-4539-a04f-c96aef6d2351@group-B70CCCEBCAE4:LeaderElection81: begin an election at term 1 for -1: [09112efe-1fad-4539-a04f-c96aef6d2351:192.168.151.99:45286], old=null
2019-09-26 21:18:54,259 [Thread-545] INFO  impl.FollowerState (FollowerState.java:run(106)) - 9ce0b59e-153f-4f41-8aed-492a76d80b48:group-CB9EA65D9F76 changes to CANDIDATE, lastRpcTime:5269, electionTimeout:5068ms
2019-09-26 21:18:54,258 [Thread-548] INFO  impl.FollowerState (FollowerState.java:run(106)) - 9ce0b59e-153f-4f41-8aed-492a76d80b48:group-7E5D61430C6E changes to CANDIDATE, lastRpcTime:5225, electionTimeout:5128ms
2019-09-26 21:18:54,257 [Thread-551] INFO  impl.FollowerState (FollowerState.java:run(106)) - 9ce0b59e-153f-4f41-8aed-492a76d80b48:group-514A1FBBA56A changes to CANDIDATE, lastRpcTime:5174, electionTimeout:5101ms
2019-09-26 21:18:54,256 [Thread-554] INFO  impl.FollowerState (FollowerState.java:run(106)) - 9ce0b59e-153f-4f41-8aed-492a76d80b48:group-0B4776A2646F changes to CANDIDATE, lastRpcTime:5133, electionTimeout:5102ms
2019-09-26 21:18:54,256 [Thread-557] INFO  impl.FollowerState (FollowerState.java:run(106)) - 0c640f50-2bc9-49b6-b785-a27e3116e6ba:group-FD0854A06F9A changes to CANDIDATE, lastRpcTime:5099, electionTimeout:5085ms
2019-09-26 21:18:54,256 [1178c3ae-d0b4-4d44-b144-fe8504cc41ac@group-4AEACD029913-SegmentedRaftLogWorker] ERROR segmented.SegmentedRaftLogWorker (SegmentedRaftLogWorker.java:run(323)) - 1178c3ae-d0b4-4d44-b144-fe8504cc41ac@group-4AEACD029913-SegmentedRaftLogWorker hit exception
java.lang.OutOfMemoryError: Direct buffer memory
	at java.nio.Bits.reserveMemory(Bits.java:666)
	at java.nio.DirectByteBuffer.<init>(DirectByteBuffer.java:123)
	at java.nio.ByteBuffer.allocateDirect(ByteBuffer.java:311)
	at org.apache.ratis.server.raftlog.segmented.BufferedWriteChannel.<init>(BufferedWriteChannel.java:41)
	at org.apache.ratis.server.raftlog.segmented.SegmentedRaftLogOutputStream.<init>(SegmentedRaftLogOutputStream.java:72)
	at org.apache.ratis.server.raftlog.segmented.SegmentedRaftLogWorker$StartLogSegment.execute(SegmentedRaftLogWorker.java:566)
	at org.apache.ratis.server.raftlog.segmented.SegmentedRaftLogWorker.run(SegmentedRaftLogWorker.java:289)
	at java.lang.Thread.run(Thread.java:748)
2019-09-26 21:18:54,532 [1178c3ae-d0b4-4d44-b144-fe8504cc41ac@group-4AEACD029913-SegmentedRaftLogWorker] INFO  impl.RaftServerImpl (RaftServerImpl.java:lambda$shutdown$3(251)) - 1178c3ae-d0b4-4d44-b144-fe8504cc41ac@group-4AEACD029913: shutdown
2019-09-26 21:18:54,003 [1178c3ae-d0b4-4d44-b144-fe8504cc41ac@group-CEB1079B6F06-SegmentedRaftLogWorker] INFO  impl.RoleInfo (RoleInfo.java:shutdownLeaderState(104)) - 1178c3ae-d0b4-4d44-b144-fe8504cc41ac: shutdown LeaderState
2019-09-26 21:18:54,533 [1178c3ae-d0b4-4d44-b144-fe8504cc41ac@group-4AEACD029913-SegmentedRaftLogWorker] INFO  util.JmxRegister (JmxRegister.java:unregister(73)) - Successfully un-registered JMX Bean with object name Ratis:service=RaftServer,group=group-4AEACD029913,id=1178c3ae-d0b4-4d44-b144-fe8504cc41ac
2019-09-26 21:18:54,533 [1178c3ae-d0b4-4d44-b144-fe8504cc41ac@group-4AEACD029913-SegmentedRaftLogWorker] INFO  impl.RoleInfo (RoleInfo.java:shutdownLeaderState(104)) - 1178c3ae-d0b4-4d44-b144-fe8504cc41ac: shutdown LeaderState
2019-09-26 21:18:54,002 [1178c3ae-d0b4-4d44-b144-fe8504cc41ac@group-922BEFF8D70B:LeaderElection73] INFO  server.RaftServerConfigKeys (ConfUtils.java:logGet(43)) - raft.server.write.element-limit = 4096 (default)
2019-09-26 21:18:54,002 [Thread-469] INFO  impl.RoleInfo (RoleInfo.java:updateAndGet(143)) - 9ce0b59e-153f-4f41-8aed-492a76d80b48: start LeaderElection
2019-09-26 21:18:54,533 [1178c3ae-d0b4-4d44-b144-fe8504cc41ac@group-922BEFF8D70B:LeaderElection73] INFO  server.RaftServerConfigKeys (ConfUtils.java:logGet(43)) - raft.server.watch.timeout = 10s (default)
2019-09-26 21:18:54,533 [1178c3ae-d0b4-4d44-b144-fe8504cc41ac@group-922BEFF8D70B:LeaderElection73] INFO  server.RaftServerConfigKeys (ConfUtils.java:logGet(43)) - raft.server.watch.timeout.denomination = 1s (default)
2019-09-26 21:18:54,532 [Thread-557] INFO  impl.RoleInfo (RoleInfo.java:shutdownFollowerState(121)) - 0c640f50-2bc9-49b6-b785-a27e3116e6ba: shutdown FollowerState
2019-09-26 21:18:54,532 [Thread-554] INFO  impl.RoleInfo (RoleInfo.java:shutdownFollowerState(121)) - 9ce0b59e-153f-4f41-8aed-492a76d80b48: shutdown FollowerState
2019-09-26 21:18:54,532 [Thread-551] INFO  impl.RoleInfo (RoleInfo.java:shutdownFollowerState(121)) - 9ce0b59e-153f-4f41-8aed-492a76d80b48: shutdown FollowerState
2019-09-26 21:18:54,534 [Thread-551] INFO  impl.RaftServerImpl (RaftServerImpl.java:setRole(174)) - 9ce0b59e-153f-4f41-8aed-492a76d80b48@group-514A1FBBA56A: changes role from  FOLLOWER to CANDIDATE at term 0 for changeToCandidate
2019-09-26 21:18:54,532 [Thread-548] INFO  impl.RoleInfo (RoleInfo.java:shutdownFollowerState(121)) - 9ce0b59e-153f-4f41-8aed-492a76d80b48: shutdown FollowerState
2019-09-26 21:18:54,531 [Thread-545] INFO  impl.RoleInfo (RoleInfo.java:shutdownFollowerState(121)) - 9ce0b59e-153f-4f41-8aed-492a76d80b48: shutdown FollowerState
2019-09-26 21:18:54,534 [Thread-545] INFO  impl.RaftServerImpl (RaftServerImpl.java:setRole(174)) - 9ce0b59e-153f-4f41-8aed-492a76d80b48@group-CB9EA65D9F76: changes role from  FOLLOWER to CANDIDATE at term 0 for changeToCandidate
2019-09-26 21:18:54,531 [09112efe-1fad-4539-a04f-c96aef6d2351@group-B70CCCEBCAE4:LeaderElection81] INFO  impl.RoleInfo (RoleInfo.java:shutdownLeaderElection(134)) - 09112efe-1fad-4539-a04f-c96aef6d2351: shutdown LeaderElection
2019-09-26 21:18:54,531 [Thread-569] INFO  impl.RoleInfo (RoleInfo.java:shutdownFollowerState(121)) - 1178c3ae-d0b4-4d44-b144-fe8504cc41ac: shutdown FollowerState
2019-09-26 21:18:54,531 [Thread-563] INFO  impl.RoleInfo (RoleInfo.java:shutdownFollowerState(121)) - 1178c3ae-d0b4-4d44-b144-fe8504cc41ac: shutdown FollowerState
2019-09-26 21:18:54,531 [Thread-560] INFO  impl.RoleInfo (RoleInfo.java:shutdownFollowerState(121)) - 1178c3ae-d0b4-4d44-b144-fe8504cc41ac: shutdown FollowerState
2019-09-26 21:18:54,535 [Thread-560] INFO  impl.RaftServerImpl (RaftServerImpl.java:setRole(174)) - 1178c3ae-d0b4-4d44-b144-fe8504cc41ac@group-17858CE95304: changes role from  FOLLOWER to CANDIDATE at term 0 for changeToCandidate
2019-09-26 21:18:54,530 [Thread-536] INFO  impl.RaftServerImpl (RaftServerImpl.java:setRole(174)) - 9ce0b59e-153f-4f41-8aed-492a76d80b48@group-BB7203E823FB: changes role from  FOLLOWER to CANDIDATE at term 0 for changeToCandidate
2019-09-26 21:18:54,530 [Thread-539] INFO  impl.RaftServerImpl (RaftServerImpl.java:setRole(174)) - 0c640f50-2bc9-49b6-b785-a27e3116e6ba@group-8ADE47486BA4: changes role from  FOLLOWER to CANDIDATE at term 0 for changeToCandidate
2019-09-26 21:18:54,530 [09112efe-1fad-4539-a04f-c96aef6d2351@group-C7705DB74AE6:LeaderElection77] INFO  impl.RaftServerImpl (ServerState.java:setLeader(253)) - 09112efe-1fad-4539-a04f-c96aef6d2351@group-C7705DB74AE6: change Leader from null to 09112efe-1fad-4539-a04f-c96aef6d2351 at term 1 for becomeLeader, leader elected after 7049ms
2019-09-26 21:18:54,530 [9ce0b59e-153f-4f41-8aed-492a76d80b48@group-5F3B934AB93E:LeaderElection76] INFO  impl.RaftServerImpl (ServerState.java:setLeader(253)) - 9ce0b59e-153f-4f41-8aed-492a76d80b48@group-5F3B934AB93E: change Leader from null to 9ce0b59e-153f-4f41-8aed-492a76d80b48 at term 1 for becomeLeader, leader elected after 7249ms
2019-09-26 21:18:54,529 [1178c3ae-d0b4-4d44-b144-fe8504cc41ac@group-6F8F1CDBCF1F:LeaderElection75] INFO  impl.RaftServerImpl (ServerState.java:setLeader(253)) - 1178c3ae-d0b4-4d44-b144-fe8504cc41ac@group-6F8F1CDBCF1F: change Leader from null to 1178c3ae-d0b4-4d44-b144-fe8504cc41ac at term 1 for becomeLeader, leader elected after 7095ms
2019-09-26 21:18:54,529 [Thread-527] INFO  impl.RaftServerImpl (RaftServerImpl.java:setRole(174)) - 09112efe-1fad-4539-a04f-c96aef6d2351@group-B66033F68487: changes role from  FOLLOWER to CANDIDATE at term 0 for changeToCandidate
2019-09-26 21:18:54,528 [9ce0b59e-153f-4f41-8aed-492a76d80b48@group-9537751EFAC3:LeaderElection80] INFO  impl.RaftServerImpl (RaftServerImpl.java:setRole(174)) - 9ce0b59e-153f-4f41-8aed-492a76d80b48@group-9537751EFAC3: changes role from CANDIDATE to LEADER at term 1 for changeToLeader
2019-09-26 21:18:54,528 [Thread-582] INFO  impl.RoleInfo (RoleInfo.java:shutdownFollowerState(121)) - 9ce0b59e-153f-4f41-8aed-492a76d80b48: shutdown FollowerState
2019-09-26 21:18:54,536 [Thread-582] INFO  impl.RaftServerImpl (RaftServerImpl.java:setRole(174)) - 9ce0b59e-153f-4f41-8aed-492a76d80b48@group-3426463BEB03: changes role from  FOLLOWER to CANDIDATE at term 0 for changeToCandidate
2019-09-26 21:18:54,528 [Thread-573] INFO  impl.RoleInfo (RoleInfo.java:shutdownFollowerState(121)) - 1178c3ae-d0b4-4d44-b144-fe8504cc41ac: shutdown FollowerState
2019-09-26 21:18:54,537 [Thread-573] INFO  impl.RaftServerImpl (RaftServerImpl.java:setRole(174)) - 1178c3ae-d0b4-4d44-b144-fe8504cc41ac@group-1D2C931F4BA5: changes role from  FOLLOWER to CANDIDATE at term 0 for changeToCandidate
2019-09-26 21:18:54,528 [09112efe-1fad-4539-a04f-c96aef6d2351@group-B1A00720E110-SegmentedRaftLogWorker] INFO  impl.RaftServerImpl (RaftServerImpl.java:lambda$shutdown$3(251)) - 09112efe-1fad-4539-a04f-c96aef6d2351@group-B1A00720E110: shutdown
2019-09-26 21:18:54,537 [09112efe-1fad-4539-a04f-c96aef6d2351@group-B1A00720E110-SegmentedRaftLogWorker] INFO  util.JmxRegister (JmxRegister.java:unregister(73)) - Successfully un-registered JMX Bean with object name Ratis:service=RaftServer,group=group-B1A00720E110,id=09112efe-1fad-4539-a04f-c96aef6d2351
2019-09-26 21:18:54,537 [09112efe-1fad-4539-a04f-c96aef6d2351@group-B1A00720E110-SegmentedRaftLogWorker] INFO  impl.RoleInfo (RoleInfo.java:shutdownLeaderState(104)) - 09112efe-1fad-4539-a04f-c96aef6d2351: shutdown LeaderState
2019-09-26 21:18:54,528 [1178c3ae-d0b4-4d44-b144-fe8504cc41ac@group-2D6CF1A474A9:LeaderElection78] INFO  impl.RaftServerImpl (RaftServerImpl.java:setRole(174)) - 1178c3ae-d0b4-4d44-b144-fe8504cc41ac@group-2D6CF1A474A9: changes role from CANDIDATE to LEADER at term 1 for changeToLeader
2019-09-26 21:18:54,527 [Thread-508] INFO  impl.RaftServerImpl (RaftServerImpl.java:setRole(174)) - 0c640f50-2bc9-49b6-b785-a27e3116e6ba@group-9DCEC7BC5751: changes role from  FOLLOWER to CANDIDATE at term 0 for changeToCandidate
2019-09-26 21:18:54,527 [Thread-514] INFO  impl.RaftServerImpl (RaftServerImpl.java:setRole(174)) - 9ce0b59e-153f-4f41-8aed-492a76d80b48@group-77990DBFA164: changes role from  FOLLOWER to CANDIDATE at term 0 for changeToCandidate
2019-09-26 21:18:54,527 [Thread-517] INFO  impl.RaftServerImpl (RaftServerImpl.java:setRole(174)) - 1178c3ae-d0b4-4d44-b144-fe8504cc41ac@group-2602BE24DDFE: changes role from  FOLLOWER to CANDIDATE at term 0 for changeToCandidate
2019-09-26 21:18:54,527 [Thread-521] INFO  impl.RoleInfo (RoleInfo.java:updateAndGet(143)) - 0c640f50-2bc9-49b6-b785-a27e3116e6ba: start LeaderElection
2019-09-26 21:18:54,526 [da833d8d-e72a-4068-9560-4daa2d83adc2@group-670F9015DEC2:LeaderElection79] INFO  server.RaftServerConfigKeys (ConfUtils.java:logGet(43)) - raft.server.staging.catchup.gap = 1000 (default)
2019-09-26 21:18:54,526 [9ce0b59e-153f-4f41-8aed-492a76d80b48@group-76F045CE1768:LeaderElection74] INFO  server.RaftServerConfigKeys (ConfUtils.java:logGet(43)) - raft.server.watch.element-limit = 65536 (default)
2019-09-26 21:18:54,526 [9ce0b59e-153f-4f41-8aed-492a76d80b48@group-3B9CADCF1AEC:LeaderElection72] INFO  server.RaftServerConfigKeys (ConfUtils.java:logGet(43)) - raft.server.watch.timeout.denomination = 1s (default)
2019-09-26 21:18:54,525 [1178c3ae-d0b4-4d44-b144-fe8504cc41ac@group-9D69517A24DC:LeaderElection71] INFO  server.RaftServerConfigKeys (ConfUtils.java:logGet(43)) - raft.server.staging.catchup.gap = 1000 (default)
2019-09-26 21:18:54,538 [9ce0b59e-153f-4f41-8aed-492a76d80b48@group-3B9CADCF1AEC:LeaderElection72] INFO  server.RaftServerConfigKeys (ConfUtils.java:logGet(43)) - raft.server.watch.element-limit = 65536 (default)
2019-09-26 21:18:54,538 [da833d8d-e72a-4068-9560-4daa2d83adc2@group-670F9015DEC2:LeaderElection79] INFO  server.RaftServerConfigKeys (ConfUtils.java:logGet(43)) - raft.server.rpc.sleep.time = 25ms (default)
2019-09-26 21:18:54,537 [1178c3ae-d0b4-4d44-b144-fe8504cc41ac@group-2D6CF1A474A9:LeaderElection78] INFO  impl.RaftServerImpl (ServerState.java:setLeader(253)) - 1178c3ae-d0b4-4d44-b144-fe8504cc41ac@group-2D6CF1A474A9: change Leader from null to 1178c3ae-d0b4-4d44-b144-fe8504cc41ac at term 1 for becomeLeader, leader elected after 6822ms
2019-09-26 21:18:54,536 [9ce0b59e-153f-4f41-8aed-492a76d80b48@group-9537751EFAC3:LeaderElection80] INFO  impl.RaftServerImpl (ServerState.java:setLeader(253)) - 9ce0b59e-153f-4f41-8aed-492a76d80b48@group-9537751EFAC3: change Leader from null to 9ce0b59e-153f-4f41-8aed-492a76d80b48 at term 1 for becomeLeader, leader elected after 6866ms
2019-09-26 21:18:54,536 [1178c3ae-d0b4-4d44-b144-fe8504cc41ac@group-6F8F1CDBCF1F:LeaderElection75] INFO  server.RaftServerConfigKeys (ConfUtils.java:logGet(43)) - raft.server.staging.catchup.gap = 1000 (default)
2019-09-26 21:18:54,536 [9ce0b59e-153f-4f41-8aed-492a76d80b48@group-5F3B934AB93E:LeaderElection76] INFO  server.RaftServerConfigKeys (ConfUtils.java:logGet(43)) - raft.server.staging.catchup.gap = 1000 (default)
2019-09-26 21:18:54,536 [09112efe-1fad-4539-a04f-c96aef6d2351@group-C7705DB74AE6:LeaderElection77] INFO  server.RaftServerConfigKeys (ConfUtils.java:logGet(43)) - raft.server.staging.catchup.gap = 1000 (default)
2019-09-26 21:18:54,540 [09112efe-1fad-4539-a04f-c96aef6d2351@group-C7705DB74AE6:LeaderElection77] INFO  server.RaftServerConfigKeys (ConfUtils.java:logGet(43)) - raft.server.rpc.sleep.time = 25ms (default)
2019-09-26 21:18:54,535 [Thread-563] INFO  impl.RaftServerImpl (RaftServerImpl.java:setRole(174)) - 1178c3ae-d0b4-4d44-b144-fe8504cc41ac@group-846E52AEA8E9: changes role from  FOLLOWER to CANDIDATE at term 0 for changeToCandidate
2019-09-26 21:18:54,535 [Thread-569] INFO  impl.RaftServerImpl (RaftServerImpl.java:setRole(174)) - 1178c3ae-d0b4-4d44-b144-fe8504cc41ac@group-6E19F58DAE58: changes role from  FOLLOWER to CANDIDATE at term 0 for changeToCandidate
2019-09-26 21:18:54,535 [09112efe-1fad-4539-a04f-c96aef6d2351@group-B70CCCEBCAE4:LeaderElection81] INFO  impl.RaftServerImpl (RaftServerImpl.java:setRole(174)) - 09112efe-1fad-4539-a04f-c96aef6d2351@group-B70CCCEBCAE4: changes role from CANDIDATE to LEADER at term 1 for changeToLeader
2019-09-26 21:18:54,540 [09112efe-1fad-4539-a04f-c96aef6d2351@group-B70CCCEBCAE4:LeaderElection81] INFO  impl.RaftServerImpl (ServerState.java:setLeader(253)) - 09112efe-1fad-4539-a04f-c96aef6d2351@group-B70CCCEBCAE4: change Leader from null to 09112efe-1fad-4539-a04f-c96aef6d2351 at term 1 for becomeLeader, leader elected after 7011ms
2019-09-26 21:18:54,534 [1178c3ae-d0b4-4d44-b144-fe8504cc41ac@group-4AEACD029913-SegmentedRaftLogWorker] INFO  impl.PendingRequests (PendingRequests.java:sendNotLeaderResponses(202)) - 1178c3ae-d0b4-4d44-b144-fe8504cc41ac-PendingRequests: sendNotLeaderResponses
2019-09-26 21:18:54,534 [Thread-548] INFO  impl.RaftServerImpl (RaftServerImpl.java:setRole(174)) - 9ce0b59e-153f-4f41-8aed-492a76d80b48@group-7E5D61430C6E: changes role from  FOLLOWER to CANDIDATE at term 0 for changeToCandidate
2019-09-26 21:18:54,534 [Thread-554] INFO  impl.RaftServerImpl (RaftServerImpl.java:setRole(174)) - 9ce0b59e-153f-4f41-8aed-492a76d80b48@group-0B4776A2646F: changes role from  FOLLOWER to CANDIDATE at term 0 for changeToCandidate
2019-09-26 21:18:54,534 [Thread-557] INFO  impl.RaftServerImpl (RaftServerImpl.java:setRole(174)) - 0c640f50-2bc9-49b6-b785-a27e3116e6ba@group-FD0854A06F9A: changes role from  FOLLOWER to CANDIDATE at term 0 for changeToCandidate
2019-09-26 21:18:54,533 [1178c3ae-d0b4-4d44-b144-fe8504cc41ac@group-922BEFF8D70B:LeaderElection73] INFO  server.RaftServerConfigKeys (ConfUtils.java:logGet(43)) - raft.server.watch.element-limit = 65536 (default)
2019-09-26 21:18:54,541 [09112efe-1fad-4539-a04f-c96aef6d2351@group-B70CCCEBCAE4:LeaderElection81] INFO  server.RaftServerConfigKeys (ConfUtils.java:logGet(43)) - raft.server.staging.catchup.gap = 1000 (default)
2019-09-26 21:18:54,540 [9ce0b59e-153f-4f41-8aed-492a76d80b48@group-5F3B934AB93E:LeaderElection76] INFO  server.RaftServerConfigKeys (ConfUtils.java:logGet(43)) - raft.server.rpc.sleep.time = 25ms (default)
2019-09-26 21:18:54,539 [1178c3ae-d0b4-4d44-b144-fe8504cc41ac@group-6F8F1CDBCF1F:LeaderElection75] INFO  server.RaftServerConfigKeys (ConfUtils.java:logGet(43)) - raft.server.rpc.sleep.time = 25ms (default)
2019-09-26 21:18:54,539 [9ce0b59e-153f-4f41-8aed-492a76d80b48@group-9537751EFAC3:LeaderElection80] INFO  server.RaftServerConfigKeys (ConfUtils.java:logGet(43)) - raft.server.staging.catchup.gap = 1000 (default)
2019-09-26 21:18:54,542 [9ce0b59e-153f-4f41-8aed-492a76d80b48@group-9537751EFAC3:LeaderElection80] INFO  server.RaftServerConfigKeys (ConfUtils.java:logGet(43)) - raft.server.rpc.sleep.time = 25ms (default)
2019-09-26 21:18:54,539 [1178c3ae-d0b4-4d44-b144-fe8504cc41ac@group-2D6CF1A474A9:LeaderElection78] INFO  server.RaftServerConfigKeys (ConfUtils.java:logGet(43)) - raft.server.staging.catchup.gap = 1000 (default)
2019-09-26 21:18:54,539 [1178c3ae-d0b4-4d44-b144-fe8504cc41ac@group-9D69517A24DC:LeaderElection71] INFO  server.RaftServerConfigKeys (ConfUtils.java:logGet(43)) - raft.server.rpc.sleep.time = 25ms (default)
2019-09-26 21:18:54,542 [1178c3ae-d0b4-4d44-b144-fe8504cc41ac@group-2D6CF1A474A9:LeaderElection78] INFO  server.RaftServerConfigKeys (ConfUtils.java:logGet(43)) - raft.server.rpc.sleep.time = 25ms (default)
2019-09-26 21:18:54,542 [1178c3ae-d0b4-4d44-b144-fe8504cc41ac@group-4AEACD029913-SegmentedRaftLogWorker] INFO  impl.StateMachineUpdater (StateMachineUpdater.java:stopAndJoin(125)) - 1178c3ae-d0b4-4d44-b144-fe8504cc41ac@group-4AEACD029913-StateMachineUpdater: set stopIndex = -1
2019-09-26 21:18:54,542 [09112efe-1fad-4539-a04f-c96aef6d2351@group-B70CCCEBCAE4:LeaderElection81] INFO  server.RaftServerConfigKeys (ConfUtils.java:logGet(43)) - raft.server.rpc.sleep.time = 25ms (default)
2019-09-26 21:18:54,541 [1178c3ae-d0b4-4d44-b144-fe8504cc41ac@group-9C349363B38E:LeaderElection88] INFO  impl.LeaderElection (LeaderElection.java:askForVotes(182)) - 1178c3ae-d0b4-4d44-b144-fe8504cc41ac@group-9C349363B38E:LeaderElection88: begin an election at term 1 for -1: [1178c3ae-d0b4-4d44-b144-fe8504cc41ac:192.168.151.99:33787], old=null
2019-09-26 21:18:54,543 [1178c3ae-d0b4-4d44-b144-fe8504cc41ac@group-4AEACD029913-SegmentedRaftLogWorker] INFO  impl.RaftServerImpl (ServerState.java:close(385)) - 1178c3ae-d0b4-4d44-b144-fe8504cc41ac@group-4AEACD029913: closes. applyIndex: -1
2019-09-26 21:18:54,543 [1178c3ae-d0b4-4d44-b144-fe8504cc41ac@group-9C349363B38E:LeaderElection88] INFO  impl.RoleInfo (RoleInfo.java:shutdownLeaderElection(134)) - 1178c3ae-d0b4-4d44-b144-fe8504cc41ac: shutdown LeaderElection
2019-09-26 21:18:54,544 [1178c3ae-d0b4-4d44-b144-fe8504cc41ac@group-9C349363B38E:LeaderElection88] INFO  impl.RaftServerImpl (RaftServerImpl.java:setRole(174)) - 1178c3ae-d0b4-4d44-b144-fe8504cc41ac@group-9C349363B38E: changes role from CANDIDATE to LEADER at term 1 for changeToLeader
2019-09-26 21:18:54,544 [1178c3ae-d0b4-4d44-b144-fe8504cc41ac@group-9C349363B38E:LeaderElection88] INFO  impl.RaftServerImpl (ServerState.java:setLeader(253)) - 1178c3ae-d0b4-4d44-b144-fe8504cc41ac@group-9C349363B38E: change Leader from null to 1178c3ae-d0b4-4d44-b144-fe8504cc41ac at term 1 for becomeLeader, leader elected after 6291ms
2019-09-26 21:18:54,544 [1178c3ae-d0b4-4d44-b144-fe8504cc41ac@group-9C349363B38E:LeaderElection88] INFO  server.RaftServerConfigKeys (ConfUtils.java:logGet(43)) - raft.server.staging.catchup.gap = 1000 (default)
2019-09-26 21:18:54,544 [1178c3ae-d0b4-4d44-b144-fe8504cc41ac@group-9C349363B38E:LeaderElection88] INFO  server.RaftServerConfigKeys (ConfUtils.java:logGet(43)) - raft.server.rpc.sleep.time = 25ms (default)
2019-09-26 21:18:54,545 [1178c3ae-d0b4-4d44-b144-fe8504cc41ac@group-4AEACD029913-SegmentedRaftLogWorker] INFO  segmented.SegmentedRaftLogWorker (SegmentedRaftLogWorker.java:close(228)) - 1178c3ae-d0b4-4d44-b144-fe8504cc41ac@group-4AEACD029913-SegmentedRaftLogWorker close()
2019-09-26 21:18:54,553 [Thread-579] INFO  impl.FollowerState (FollowerState.java:run(106)) - 09112efe-1fad-4539-a04f-c96aef6d2351:group-B01EA420B1EB changes to CANDIDATE, lastRpcTime:5121, electionTimeout:5121ms
2019-09-26 21:18:54,553 [Thread-579] INFO  impl.RoleInfo (RoleInfo.java:shutdownFollowerState(121)) - 09112efe-1fad-4539-a04f-c96aef6d2351: shutdown FollowerState
2019-09-26 21:18:54,553 [Thread-579] INFO  impl.RaftServerImpl (RaftServerImpl.java:setRole(174)) - 09112efe-1fad-4539-a04f-c96aef6d2351@group-B01EA420B1EB: changes role from  FOLLOWER to CANDIDATE at term 0 for changeToCandidate
2019-09-26 21:18:54,559 [Thread-576] INFO  impl.FollowerState (FollowerState.java:run(106)) - 1178c3ae-d0b4-4d44-b144-fe8504cc41ac:group-AB347EA75367 changes to CANDIDATE, lastRpcTime:5148, electionTimeout:5148ms
2019-09-26 21:18:54,559 [Thread-576] INFO  impl.RoleInfo (RoleInfo.java:shutdownFollowerState(121)) - 1178c3ae-d0b4-4d44-b144-fe8504cc41ac: shutdown FollowerState
2019-09-26 21:18:54,559 [Thread-576] INFO  impl.RaftServerImpl (RaftServerImpl.java:setRole(174)) - 1178c3ae-d0b4-4d44-b144-fe8504cc41ac@group-AB347EA75367: changes role from  FOLLOWER to CANDIDATE at term 0 for changeToCandidate
2019-09-26 21:18:54,570 [Thread-576] INFO  impl.RoleInfo (RoleInfo.java:updateAndGet(143)) - 1178c3ae-d0b4-4d44-b144-fe8504cc41ac: start LeaderElection
2019-09-26 21:18:54,570 [1178c3ae-d0b4-4d44-b144-fe8504cc41ac@group-9C349363B38E:LeaderElection88] INFO  server.RaftServerConfigKeys (ConfUtils.java:logGet(43)) - raft.server.write.element-limit = 4096 (default)
2019-09-26 21:18:54,570 [Thread-579] INFO  impl.RoleInfo (RoleInfo.java:updateAndGet(143)) - 09112efe-1fad-4539-a04f-c96aef6d2351: start LeaderElection
2019-09-26 21:18:54,571 [1178c3ae-d0b4-4d44-b144-fe8504cc41ac@group-2D6CF1A474A9:LeaderElection78] INFO  server.RaftServerConfigKeys (ConfUtils.java:logGet(43)) - raft.server.write.element-limit = 4096 (default)
2019-09-26 21:18:54,571 [1178c3ae-d0b4-4d44-b144-fe8504cc41ac@group-9C349363B38E:LeaderElection88] INFO  server.RaftServerConfigKeys (ConfUtils.java:logGet(43)) - raft.server.watch.timeout = 10s (default)
2019-09-26 21:18:54,571 [09112efe-1fad-4539-a04f-c96aef6d2351@group-B70CCCEBCAE4:LeaderElection81] INFO  server.RaftServerConfigKeys (ConfUtils.java:logGet(43)) - raft.server.write.element-limit = 4096 (default)
2019-09-26 21:18:54,571 [da833d8d-e72a-4068-9560-4daa2d83adc2@group-670F9015DEC2:LeaderElection79] INFO  server.RaftServerConfigKeys (ConfUtils.java:logGet(43)) - raft.server.write.element-limit = 4096 (default)
2019-09-26 21:18:54,571 [Thread-514] INFO  impl.RoleInfo (RoleInfo.java:updateAndGet(143)) - 9ce0b59e-153f-4f41-8aed-492a76d80b48: start LeaderElection
2019-09-26 21:18:54,572 [Thread-536] INFO  impl.RoleInfo (RoleInfo.java:updateAndGet(143)) - 9ce0b59e-153f-4f41-8aed-492a76d80b48: start LeaderElection
2019-09-26 21:18:54,571 [Thread-563] INFO  impl.RoleInfo (RoleInfo.java:updateAndGet(143)) - 1178c3ae-d0b4-4d44-b144-fe8504cc41ac: start LeaderElection
2019-09-26 21:18:54,571 [Thread-569] INFO  impl.RoleInfo (RoleInfo.java:updateAndGet(143)) - 1178c3ae-d0b4-4d44-b144-fe8504cc41ac: start LeaderElection
2019-09-26 21:18:54,571 [Thread-548] INFO  impl.RoleInfo (RoleInfo.java:updateAndGet(143)) - 9ce0b59e-153f-4f41-8aed-492a76d80b48: start LeaderElection
2019-09-26 21:18:54,571 [Thread-554] INFO  impl.RoleInfo (RoleInfo.java:updateAndGet(143)) - 9ce0b59e-153f-4f41-8aed-492a76d80b48: start LeaderElection
2019-09-26 21:18:54,571 [Thread-557] INFO  impl.RoleInfo (RoleInfo.java:updateAndGet(143)) - 0c640f50-2bc9-49b6-b785-a27e3116e6ba: start LeaderElection
2019-09-26 21:18:54,581 [Thread-545] INFO  impl.RoleInfo (RoleInfo.java:updateAndGet(143)) - 9ce0b59e-153f-4f41-8aed-492a76d80b48: start LeaderElection
2019-09-26 21:18:54,571 [1178c3ae-d0b4-4d44-b144-fe8504cc41ac@group-9C349363B38E:LeaderElection88] INFO  server.RaftServerConfigKeys (ConfUtils.java:logGet(43)) - raft.server.watch.timeout.denomination = 1s (default)
2019-09-26 21:18:54,571 [9ce0b59e-153f-4f41-8aed-492a76d80b48@group-5F3B934AB93E:LeaderElection76] INFO  server.RaftServerConfigKeys (ConfUtils.java:logGet(43)) - raft.server.write.element-limit = 4096 (default)
2019-09-26 21:18:54,571 [1178c3ae-d0b4-4d44-b144-fe8504cc41ac@group-6F8F1CDBCF1F:LeaderElection75] INFO  server.RaftServerConfigKeys (ConfUtils.java:logGet(43)) - raft.server.write.element-limit = 4096 (default)
2019-09-26 21:18:54,571 [1178c3ae-d0b4-4d44-b144-fe8504cc41ac@group-2D6CF1A474A9:LeaderElection78] INFO  server.RaftServerConfigKeys (ConfUtils.java:logGet(43)) - raft.server.watch.timeout = 10s (default)
2019-09-26 21:18:54,571 [9ce0b59e-153f-4f41-8aed-492a76d80b48@group-9537751EFAC3:LeaderElection80] INFO  server.RaftServerConfigKeys (ConfUtils.java:logGet(43)) - raft.server.write.element-limit = 4096 (default)
2019-09-26 21:18:54,571 [1178c3ae-d0b4-4d44-b144-fe8504cc41ac@group-9D69517A24DC:LeaderElection71] INFO  server.RaftServerConfigKeys (ConfUtils.java:logGet(43)) - raft.server.write.element-limit = 4096 (default)
2019-09-26 21:18:54,582 [9ce0b59e-153f-4f41-8aed-492a76d80b48@group-9537751EFAC3:LeaderElection80] INFO  server.RaftServerConfigKeys (ConfUtils.java:logGet(43)) - raft.server.watch.timeout = 10s (default)
2019-09-26 21:18:54,582 [1178c3ae-d0b4-4d44-b144-fe8504cc41ac@group-2D6CF1A474A9:LeaderElection78] INFO  server.RaftServerConfigKeys (ConfUtils.java:logGet(43)) - raft.server.watch.timeout.denomination = 1s (default)
2019-09-26 21:18:54,582 [1178c3ae-d0b4-4d44-b144-fe8504cc41ac@group-6F8F1CDBCF1F:LeaderElection75] INFO  server.RaftServerConfigKeys (ConfUtils.java:logGet(43)) - raft.server.watch.timeout = 10s (default)
2019-09-26 21:18:54,582 [9ce0b59e-153f-4f41-8aed-492a76d80b48@group-5F3B934AB93E:LeaderElection76] INFO  server.RaftServerConfigKeys (ConfUtils.java:logGet(43)) - raft.server.watch.timeout = 10s (default)
2019-09-26 21:18:54,581 [1178c3ae-d0b4-4d44-b144-fe8504cc41ac@group-9C349363B38E:LeaderElection88] INFO  server.RaftServerConfigKeys (ConfUtils.java:logGet(43)) - raft.server.watch.element-limit = 65536 (default)
2019-09-26 21:18:54,577 [Thread-542] INFO  impl.RoleInfo (RoleInfo.java:updateAndGet(143)) - 0c640f50-2bc9-49b6-b785-a27e3116e6ba: start LeaderElection
2019-09-26 21:18:54,576 [Thread-482] INFO  impl.RoleInfo (RoleInfo.java:updateAndGet(143)) - 09112efe-1fad-4539-a04f-c96aef6d2351: start LeaderElection
2019-09-26 21:18:54,537 [09112efe-1fad-4539-a04f-c96aef6d2351@group-B1A00720E110-SegmentedRaftLogWorker] INFO  impl.PendingRequests (PendingRequests.java:sendNotLeaderResponses(202)) - 09112efe-1fad-4539-a04f-c96aef6d2351-PendingRequests: sendNotLeaderResponses
2019-09-26 21:18:54,534 [1178c3ae-d0b4-4d44-b144-fe8504cc41ac@group-CEB1079B6F06-SegmentedRaftLogWorker] INFO  impl.PendingRequests (PendingRequests.java:sendNotLeaderResponses(202)) - 1178c3ae-d0b4-4d44-b144-fe8504cc41ac-PendingRequests: sendNotLeaderResponses
2019-09-26 21:18:54,576 [Thread-551] INFO  impl.RoleInfo (RoleInfo.java:updateAndGet(143)) - 9ce0b59e-153f-4f41-8aed-492a76d80b48: start LeaderElection
2019-09-26 21:18:54,572 [Thread-560] INFO  impl.RoleInfo (RoleInfo.java:updateAndGet(143)) - 1178c3ae-d0b4-4d44-b144-fe8504cc41ac: start LeaderElection
2019-09-26 21:18:54,572 [Thread-539] INFO  impl.RoleInfo (RoleInfo.java:updateAndGet(143)) - 0c640f50-2bc9-49b6-b785-a27e3116e6ba: start LeaderElection
2019-09-26 21:18:54,572 [Thread-527] INFO  impl.RoleInfo (RoleInfo.java:updateAndGet(143)) - 09112efe-1fad-4539-a04f-c96aef6d2351: start LeaderElection
2019-09-26 21:18:54,572 [Thread-582] INFO  impl.RoleInfo (RoleInfo.java:updateAndGet(143)) - 9ce0b59e-153f-4f41-8aed-492a76d80b48: start LeaderElection
2019-09-26 21:18:54,572 [Thread-573] INFO  impl.RoleInfo (RoleInfo.java:updateAndGet(143)) - 1178c3ae-d0b4-4d44-b144-fe8504cc41ac: start LeaderElection
2019-09-26 21:18:54,572 [Thread-508] INFO  impl.RoleInfo (RoleInfo.java:updateAndGet(143)) - 0c640f50-2bc9-49b6-b785-a27e3116e6ba: start LeaderElection
2019-09-26 21:18:54,572 [da833d8d-e72a-4068-9560-4daa2d83adc2@group-670F9015DEC2:LeaderElection79] INFO  server.RaftServerConfigKeys (ConfUtils.java:logGet(43)) - raft.server.watch.timeout = 10s (default)
2019-09-26 21:18:54,571 [Thread-517] INFO  impl.RoleInfo (RoleInfo.java:updateAndGet(143)) - 1178c3ae-d0b4-4d44-b144-fe8504cc41ac: start LeaderElection
2019-09-26 21:18:54,571 [09112efe-1fad-4539-a04f-c96aef6d2351@group-B70CCCEBCAE4:LeaderElection81] INFO  server.RaftServerConfigKeys (ConfUtils.java:logGet(43)) - raft.server.watch.timeout = 10s (default)
2019-09-26 21:18:54,571 [09112efe-1fad-4539-a04f-c96aef6d2351@group-C7705DB74AE6:LeaderElection77] INFO  server.RaftServerConfigKeys (ConfUtils.java:logGet(43)) - raft.server.write.element-limit = 4096 (default)
2019-09-26 21:18:54,585 [09112efe-1fad-4539-a04f-c96aef6d2351@group-B70CCCEBCAE4:LeaderElection81] INFO  server.RaftServerConfigKeys (ConfUtils.java:logGet(43)) - raft.server.watch.timeout.denomination = 1s (default)
2019-09-26 21:18:54,585 [da833d8d-e72a-4068-9560-4daa2d83adc2@group-670F9015DEC2:LeaderElection79] INFO  server.RaftServerConfigKeys (ConfUtils.java:logGet(43)) - raft.server.watch.timeout.denomination = 1s (default)
2019-09-26 21:18:54,583 [9ce0b59e-153f-4f41-8aed-492a76d80b48@group-5F3B934AB93E:LeaderElection76] INFO  server.RaftServerConfigKeys (ConfUtils.java:logGet(43)) - raft.server.watch.timeout.denomination = 1s (default)
2019-09-26 21:18:54,583 [1178c3ae-d0b4-4d44-b144-fe8504cc41ac@group-6F8F1CDBCF1F:LeaderElection75] INFO  server.RaftServerConfigKeys (ConfUtils.java:logGet(43)) - raft.server.watch.timeout.denomination = 1s (default)
2019-09-26 21:18:54,583 [1178c3ae-d0b4-4d44-b144-fe8504cc41ac@group-2D6CF1A474A9:LeaderElection78] INFO  server.RaftServerConfigKeys (ConfUtils.java:logGet(43)) - raft.server.watch.element-limit = 65536 (default)
2019-09-26 21:18:54,583 [9ce0b59e-153f-4f41-8aed-492a76d80b48@group-9537751EFAC3:LeaderElection80] INFO  server.RaftServerConfigKeys (ConfUtils.java:logGet(43)) - raft.server.watch.timeout.denomination = 1s (default)
2019-09-26 21:18:54,583 [1178c3ae-d0b4-4d44-b144-fe8504cc41ac@group-9D69517A24DC:LeaderElection71] INFO  server.RaftServerConfigKeys (ConfUtils.java:logGet(43)) - raft.server.watch.timeout = 10s (default)
2019-09-26 21:18:54,586 [9ce0b59e-153f-4f41-8aed-492a76d80b48@group-9537751EFAC3:LeaderElection80] INFO  server.RaftServerConfigKeys (ConfUtils.java:logGet(43)) - raft.server.watch.element-limit = 65536 (default)
2019-09-26 21:18:54,586 [1178c3ae-d0b4-4d44-b144-fe8504cc41ac@group-6F8F1CDBCF1F:LeaderElection75] INFO  server.RaftServerConfigKeys (ConfUtils.java:logGet(43)) - raft.server.watch.element-limit = 65536 (default)
2019-09-26 21:18:54,586 [9ce0b59e-153f-4f41-8aed-492a76d80b48@group-5F3B934AB93E:LeaderElection76] INFO  server.RaftServerConfigKeys (ConfUtils.java:logGet(43)) - raft.server.watch.element-limit = 65536 (default)
2019-09-26 21:18:54,586 [RatisPipelineUtilsThread] INFO  pipeline.PipelineStateManager (PipelineStateManager.java:addPipeline(56)) - Created pipeline Pipeline[ Id: 7069a8c4-3a49-4b24-b3a2-0f1744f08a48, Nodes: 9ce0b59e-153f-4f41-8aed-492a76d80b48{ip: 192.168.151.99, host: pr-hdds-1569-g6sp5-2013761785, networkLocation: /default-rack, certSerialId: null}, Type:RATIS, Factor:ONE, State:OPEN]
2019-09-26 21:18:54,586 [da833d8d-e72a-4068-9560-4daa2d83adc2@group-670F9015DEC2:LeaderElection79] INFO  server.RaftServerConfigKeys (ConfUtils.java:logGet(43)) - raft.server.watch.element-limit = 65536 (default)
2019-09-26 21:18:54,585 [09112efe-1fad-4539-a04f-c96aef6d2351@group-B70CCCEBCAE4:LeaderElection81] INFO  server.RaftServerConfigKeys (ConfUtils.java:logGet(43)) - raft.server.watch.element-limit = 65536 (default)
2019-09-26 21:18:54,585 [09112efe-1fad-4539-a04f-c96aef6d2351@group-C7705DB74AE6:LeaderElection77] INFO  server.RaftServerConfigKeys (ConfUtils.java:logGet(43)) - raft.server.watch.timeout = 10s (default)
2019-09-26 21:18:54,586 [1178c3ae-d0b4-4d44-b144-fe8504cc41ac@group-9D69517A24DC:LeaderElection71] INFO  server.RaftServerConfigKeys (ConfUtils.java:logGet(43)) - raft.server.watch.timeout.denomination = 1s (default)
2019-09-26 21:18:54,587 [09112efe-1fad-4539-a04f-c96aef6d2351@group-C7705DB74AE6:LeaderElection77] INFO  server.RaftServerConfigKeys (ConfUtils.java:logGet(43)) - raft.server.watch.timeout.denomination = 1s (default)
2019-09-26 21:18:54,588 [1178c3ae-d0b4-4d44-b144-fe8504cc41ac@group-9D69517A24DC:LeaderElection71] INFO  server.RaftServerConfigKeys (ConfUtils.java:logGet(43)) - raft.server.watch.element-limit = 65536 (default)
2019-09-26 21:18:54,588 [09112efe-1fad-4539-a04f-c96aef6d2351@group-C7705DB74AE6:LeaderElection77] INFO  server.RaftServerConfigKeys (ConfUtils.java:logGet(43)) - raft.server.watch.element-limit = 65536 (default)
2019-09-26 21:18:54,592 [grpc-default-executor-1] INFO  impl.RaftServerProxy (RaftServerProxy.java:addNew(89)) - da833d8d-e72a-4068-9560-4daa2d83adc2: addNew group-6AC811BBC42F:[da833d8d-e72a-4068-9560-4daa2d83adc2:192.168.151.99:38903] returns group-6AC811BBC42F:java.util.concurrent.CompletableFuture@743a67ab[Not completed]
2019-09-26 21:18:54,602 [0c640f50-2bc9-49b6-b785-a27e3116e6ba@group-CD486E0DF44D:LeaderElection87] INFO  impl.LeaderElection (LeaderElection.java:askForVotes(182)) - 0c640f50-2bc9-49b6-b785-a27e3116e6ba@group-CD486E0DF44D:LeaderElection87: begin an election at term 1 for -1: [0c640f50-2bc9-49b6-b785-a27e3116e6ba:192.168.151.99:42361], old=null
2019-09-26 21:18:54,602 [9ce0b59e-153f-4f41-8aed-492a76d80b48@group-7E5D61430C6E:LeaderElection104] INFO  impl.LeaderElection (LeaderElection.java:askForVotes(182)) - 9ce0b59e-153f-4f41-8aed-492a76d80b48@group-7E5D61430C6E:LeaderElection104: begin an election at term 1 for -1: [9ce0b59e-153f-4f41-8aed-492a76d80b48:192.168.151.99:34156], old=null
2019-09-26 21:18:54,602 [1178c3ae-d0b4-4d44-b144-fe8504cc41ac@group-4DAA356371EA:LeaderElection83] INFO  impl.LeaderElection (LeaderElection.java:askForVotes(182)) - 1178c3ae-d0b4-4d44-b144-fe8504cc41ac@group-4DAA356371EA:LeaderElection83: begin an election at term 1 for -1: [1178c3ae-d0b4-4d44-b144-fe8504cc41ac:192.168.151.99:33787], old=null
2019-09-26 21:18:54,602 [9ce0b59e-153f-4f41-8aed-492a76d80b48@group-77990DBFA164:LeaderElection100] INFO  impl.LeaderElection (LeaderElection.java:askForVotes(182)) - 9ce0b59e-153f-4f41-8aed-492a76d80b48@group-77990DBFA164:LeaderElection100: begin an election at term 1 for -1: [9ce0b59e-153f-4f41-8aed-492a76d80b48:192.168.151.99:34156], old=null
2019-09-26 21:18:54,602 [9ce0b59e-153f-4f41-8aed-492a76d80b48@group-0B4776A2646F:LeaderElection105] INFO  impl.LeaderElection (LeaderElection.java:askForVotes(182)) - 9ce0b59e-153f-4f41-8aed-492a76d80b48@group-0B4776A2646F:LeaderElection105: begin an election at term 1 for -1: [9ce0b59e-153f-4f41-8aed-492a76d80b48:192.168.151.99:34156], old=null
2019-09-26 21:18:54,602 [9ce0b59e-153f-4f41-8aed-492a76d80b48@group-BB7203E823FB:LeaderElection94] INFO  impl.LeaderElection (LeaderElection.java:askForVotes(182)) - 9ce0b59e-153f-4f41-8aed-492a76d80b48@group-BB7203E823FB:LeaderElection94: begin an election at term 1 for -1: [9ce0b59e-153f-4f41-8aed-492a76d80b48:192.168.151.99:34156], old=null
2019-09-26 21:18:54,603 [09112efe-1fad-4539-a04f-c96aef6d2351@group-9A61D6C314A9:LeaderElection85] INFO  impl.LeaderElection (LeaderElection.java:askForVotes(182)) - 09112efe-1fad-4539-a04f-c96aef6d2351@group-9A61D6C314A9:LeaderElection85: begin an election at term 1 for -1: [09112efe-1fad-4539-a04f-c96aef6d2351:192.168.151.99:45286], old=null
2019-09-26 21:18:54,602 [9ce0b59e-153f-4f41-8aed-492a76d80b48@group-8DE4ADB9E026:LeaderElection82] INFO  impl.LeaderElection (LeaderElection.java:askForVotes(182)) - 9ce0b59e-153f-4f41-8aed-492a76d80b48@group-8DE4ADB9E026:LeaderElection82: begin an election at term 1 for -1: [9ce0b59e-153f-4f41-8aed-492a76d80b48:192.168.151.99:34156], old=null
2019-09-26 21:18:54,602 [09112efe-1fad-4539-a04f-c96aef6d2351@group-B01EA420B1EB:LeaderElection107] INFO  impl.LeaderElection (LeaderElection.java:askForVotes(182)) - 09112efe-1fad-4539-a04f-c96aef6d2351@group-B01EA420B1EB:LeaderElection107: begin an election at term 1 for -1: [09112efe-1fad-4539-a04f-c96aef6d2351:192.168.151.99:45286], old=null
2019-09-26 21:18:54,602 [1178c3ae-d0b4-4d44-b144-fe8504cc41ac@group-846E52AEA8E9:LeaderElection102] INFO  impl.LeaderElection (LeaderElection.java:askForVotes(182)) - 1178c3ae-d0b4-4d44-b144-fe8504cc41ac@group-846E52AEA8E9:LeaderElection102: begin an election at term 1 for -1: [1178c3ae-d0b4-4d44-b144-fe8504cc41ac:192.168.151.99:33787], old=null
2019-09-26 21:18:54,602 [1178c3ae-d0b4-4d44-b144-fe8504cc41ac@group-AB347EA75367:LeaderElection108] INFO  impl.LeaderElection (LeaderElection.java:askForVotes(182)) - 1178c3ae-d0b4-4d44-b144-fe8504cc41ac@group-AB347EA75367:LeaderElection108: begin an election at term 1 for -1: [1178c3ae-d0b4-4d44-b144-fe8504cc41ac:192.168.151.99:33787], old=null
2019-09-26 21:18:54,603 [1178c3ae-d0b4-4d44-b144-fe8504cc41ac@group-846E52AEA8E9:LeaderElection102] INFO  impl.RoleInfo (RoleInfo.java:shutdownLeaderElection(134)) - 1178c3ae-d0b4-4d44-b144-fe8504cc41ac: shutdown LeaderElection
2019-09-26 21:18:54,603 [09112efe-1fad-4539-a04f-c96aef6d2351@group-B01EA420B1EB:LeaderElection107] INFO  impl.RoleInfo (RoleInfo.java:shutdownLeaderElection(134)) - 09112efe-1fad-4539-a04f-c96aef6d2351: shutdown LeaderElection
2019-09-26 21:18:54,603 [9ce0b59e-153f-4f41-8aed-492a76d80b48@group-8DE4ADB9E026:LeaderElection82] INFO  impl.RoleInfo (RoleInfo.java:shutdownLeaderElection(134)) - 9ce0b59e-153f-4f41-8aed-492a76d80b48: shutdown LeaderElection
2019-09-26 21:18:54,603 [09112efe-1fad-4539-a04f-c96aef6d2351@group-9A61D6C314A9:LeaderElection85] INFO  impl.RoleInfo (RoleInfo.java:shutdownLeaderElection(134)) - 09112efe-1fad-4539-a04f-c96aef6d2351: shutdown LeaderElection
2019-09-26 21:18:54,603 [1178c3ae-d0b4-4d44-b144-fe8504cc41ac@group-80F23AA760D0:LeaderElection86] INFO  impl.LeaderElection (LeaderElection.java:askForVotes(182)) - 1178c3ae-d0b4-4d44-b144-fe8504cc41ac@group-80F23AA760D0:LeaderElection86: begin an election at term 1 for -1: [1178c3ae-d0b4-4d44-b144-fe8504cc41ac:192.168.151.99:33787], old=null
2019-09-26 21:18:54,603 [9ce0b59e-153f-4f41-8aed-492a76d80b48@group-CB9EA65D9F76:LeaderElection92] INFO  impl.LeaderElection (LeaderElection.java:askForVotes(182)) - 9ce0b59e-153f-4f41-8aed-492a76d80b48@group-CB9EA65D9F76:LeaderElection92: begin an election at term 1 for -1: [9ce0b59e-153f-4f41-8aed-492a76d80b48:192.168.151.99:34156], old=null
2019-09-26 21:18:54,603 [1178c3ae-d0b4-4d44-b144-fe8504cc41ac@group-6E19F58DAE58:LeaderElection103] INFO  impl.LeaderElection (LeaderElection.java:askForVotes(182)) - 1178c3ae-d0b4-4d44-b144-fe8504cc41ac@group-6E19F58DAE58:LeaderElection103: begin an election at term 1 for -1: [1178c3ae-d0b4-4d44-b144-fe8504cc41ac:192.168.151.99:33787], old=null
2019-09-26 21:18:54,603 [9ce0b59e-153f-4f41-8aed-492a76d80b48@group-BB7203E823FB:LeaderElection94] INFO  impl.RoleInfo (RoleInfo.java:shutdownLeaderElection(134)) - 9ce0b59e-153f-4f41-8aed-492a76d80b48: shutdown LeaderElection
2019-09-26 21:18:54,604 [9ce0b59e-153f-4f41-8aed-492a76d80b48@group-BB7203E823FB:LeaderElection94] INFO  impl.RaftServerImpl (RaftServerImpl.java:setRole(174)) - 9ce0b59e-153f-4f41-8aed-492a76d80b48@group-BB7203E823FB: changes role from CANDIDATE to LEADER at term 1 for changeToLeader
2019-09-26 21:18:54,603 [0c640f50-2bc9-49b6-b785-a27e3116e6ba@group-FD0854A06F9A:LeaderElection106] INFO  impl.LeaderElection (LeaderElection.java:askForVotes(182)) - 0c640f50-2bc9-49b6-b785-a27e3116e6ba@group-FD0854A06F9A:LeaderElection106: begin an election at term 1 for -1: [0c640f50-2bc9-49b6-b785-a27e3116e6ba:192.168.151.99:42361], old=null
2019-09-26 21:18:54,603 [1178c3ae-d0b4-4d44-b144-fe8504cc41ac@group-F9263122AC59:LeaderElection84] INFO  impl.LeaderElection (LeaderElection.java:askForVotes(182)) - 1178c3ae-d0b4-4d44-b144-fe8504cc41ac@group-F9263122AC59:LeaderElection84: begin an election at term 1 for -1: [1178c3ae-d0b4-4d44-b144-fe8504cc41ac:192.168.151.99:33787], old=null
2019-09-26 21:18:54,603 [9ce0b59e-153f-4f41-8aed-492a76d80b48@group-0B4776A2646F:LeaderElection105] INFO  impl.RoleInfo (RoleInfo.java:shutdownLeaderElection(134)) - 9ce0b59e-153f-4f41-8aed-492a76d80b48: shutdown LeaderElection
2019-09-26 21:18:54,603 [9ce0b59e-153f-4f41-8aed-492a76d80b48@group-77990DBFA164:LeaderElection100] INFO  impl.RoleInfo (RoleInfo.java:shutdownLeaderElection(134)) - 9ce0b59e-153f-4f41-8aed-492a76d80b48: shutdown LeaderElection
2019-09-26 21:18:54,603 [1178c3ae-d0b4-4d44-b144-fe8504cc41ac@group-4DAA356371EA:LeaderElection83] INFO  impl.RoleInfo (RoleInfo.java:shutdownLeaderElection(134)) - 1178c3ae-d0b4-4d44-b144-fe8504cc41ac: shutdown LeaderElection
2019-09-26 21:18:54,602 [9ce0b59e-153f-4f41-8aed-492a76d80b48@group-7E5D61430C6E:LeaderElection104] INFO  impl.RoleInfo (RoleInfo.java:shutdownLeaderElection(134)) - 9ce0b59e-153f-4f41-8aed-492a76d80b48: shutdown LeaderElection
2019-09-26 21:18:54,602 [0c640f50-2bc9-49b6-b785-a27e3116e6ba@group-CD486E0DF44D:LeaderElection87] INFO  impl.RoleInfo (RoleInfo.java:shutdownLeaderElection(134)) - 0c640f50-2bc9-49b6-b785-a27e3116e6ba: shutdown LeaderElection
2019-09-26 21:18:54,605 [9ce0b59e-153f-4f41-8aed-492a76d80b48@group-7E5D61430C6E:LeaderElection104] INFO  impl.RaftServerImpl (RaftServerImpl.java:setRole(174)) - 9ce0b59e-153f-4f41-8aed-492a76d80b48@group-7E5D61430C6E: changes role from CANDIDATE to LEADER at term 1 for changeToLeader
2019-09-26 21:18:54,605 [9ce0b59e-153f-4f41-8aed-492a76d80b48@group-7E5D61430C6E:LeaderElection104] INFO  impl.RaftServerImpl (ServerState.java:setLeader(253)) - 9ce0b59e-153f-4f41-8aed-492a76d80b48@group-7E5D61430C6E: change Leader from null to 9ce0b59e-153f-4f41-8aed-492a76d80b48 at term 1 for becomeLeader, leader elected after 5578ms
2019-09-26 21:18:54,605 [1178c3ae-d0b4-4d44-b144-fe8504cc41ac@group-4DAA356371EA:LeaderElection83] INFO  impl.RaftServerImpl (RaftServerImpl.java:setRole(174)) - 1178c3ae-d0b4-4d44-b144-fe8504cc41ac@group-4DAA356371EA: changes role from CANDIDATE to LEADER at term 1 for changeToLeader
2019-09-26 21:18:54,606 [9ce0b59e-153f-4f41-8aed-492a76d80b48@group-7E5D61430C6E:LeaderElection104] INFO  server.RaftServerConfigKeys (ConfUtils.java:logGet(43)) - raft.server.staging.catchup.gap = 1000 (default)
2019-09-26 21:18:54,605 [9ce0b59e-153f-4f41-8aed-492a76d80b48@group-77990DBFA164:LeaderElection100] INFO  impl.RaftServerImpl (RaftServerImpl.java:setRole(174)) - 9ce0b59e-153f-4f41-8aed-492a76d80b48@group-77990DBFA164: changes role from CANDIDATE to LEADER at term 1 for changeToLeader
2019-09-26 21:18:54,605 [9ce0b59e-153f-4f41-8aed-492a76d80b48@group-0B4776A2646F:LeaderElection105] INFO  impl.RaftServerImpl (RaftServerImpl.java:setRole(174)) - 9ce0b59e-153f-4f41-8aed-492a76d80b48@group-0B4776A2646F: changes role from CANDIDATE to LEADER at term 1 for changeToLeader
2019-09-26 21:18:54,606 [9ce0b59e-153f-4f41-8aed-492a76d80b48@group-0B4776A2646F:LeaderElection105] INFO  impl.RaftServerImpl (ServerState.java:setLeader(253)) - 9ce0b59e-153f-4f41-8aed-492a76d80b48@group-0B4776A2646F: change Leader from null to 9ce0b59e-153f-4f41-8aed-492a76d80b48 at term 1 for becomeLeader, leader elected after 5487ms
2019-09-26 21:18:54,605 [1178c3ae-d0b4-4d44-b144-fe8504cc41ac@group-F9263122AC59:LeaderElection84] INFO  impl.RoleInfo (RoleInfo.java:shutdownLeaderElection(134)) - 1178c3ae-d0b4-4d44-b144-fe8504cc41ac: shutdown LeaderElection
2019-09-26 21:18:54,605 [0c640f50-2bc9-49b6-b785-a27e3116e6ba@group-FD0854A06F9A:LeaderElection106] INFO  impl.RoleInfo (RoleInfo.java:shutdownLeaderElection(134)) - 0c640f50-2bc9-49b6-b785-a27e3116e6ba: shutdown LeaderElection
2019-09-26 21:18:54,606 [0c640f50-2bc9-49b6-b785-a27e3116e6ba@group-FD0854A06F9A:LeaderElection106] INFO  impl.RaftServerImpl (RaftServerImpl.java:setRole(174)) - 0c640f50-2bc9-49b6-b785-a27e3116e6ba@group-FD0854A06F9A: changes role from CANDIDATE to LEADER at term 1 for changeToLeader
2019-09-26 21:18:54,604 [9ce0b59e-153f-4f41-8aed-492a76d80b48@group-BB7203E823FB:LeaderElection94] INFO  impl.RaftServerImpl (ServerState.java:setLeader(253)) - 9ce0b59e-153f-4f41-8aed-492a76d80b48@group-BB7203E823FB: change Leader from null to 9ce0b59e-153f-4f41-8aed-492a76d80b48 at term 1 for becomeLeader, leader elected after 5869ms
2019-09-26 21:18:54,604 [1178c3ae-d0b4-4d44-b144-fe8504cc41ac@group-6E19F58DAE58:LeaderElection103] INFO  impl.RoleInfo (RoleInfo.java:shutdownLeaderElection(134)) - 1178c3ae-d0b4-4d44-b144-fe8504cc41ac: shutdown LeaderElection
2019-09-26 21:18:54,607 [1178c3ae-d0b4-4d44-b144-fe8504cc41ac@group-6E19F58DAE58:LeaderElection103] INFO  impl.RaftServerImpl (RaftServerImpl.java:setRole(174)) - 1178c3ae-d0b4-4d44-b144-fe8504cc41ac@group-6E19F58DAE58: changes role from CANDIDATE to LEADER at term 1 for changeToLeader
2019-09-26 21:18:54,604 [9ce0b59e-153f-4f41-8aed-492a76d80b48@group-CB9EA65D9F76:LeaderElection92] INFO  impl.RoleInfo (RoleInfo.java:shutdownLeaderElection(134)) - 9ce0b59e-153f-4f41-8aed-492a76d80b48: shutdown LeaderElection
2019-09-26 21:18:54,604 [1178c3ae-d0b4-4d44-b144-fe8504cc41ac@group-80F23AA760D0:LeaderElection86] INFO  impl.RoleInfo (RoleInfo.java:shutdownLeaderElection(134)) - 1178c3ae-d0b4-4d44-b144-fe8504cc41ac: shutdown LeaderElection
2019-09-26 21:18:54,604 [09112efe-1fad-4539-a04f-c96aef6d2351@group-9A61D6C314A9:LeaderElection85] INFO  impl.RaftServerImpl (RaftServerImpl.java:setRole(174)) - 09112efe-1fad-4539-a04f-c96aef6d2351@group-9A61D6C314A9: changes role from CANDIDATE to LEADER at term 1 for changeToLeader
2019-09-26 21:18:54,607 [09112efe-1fad-4539-a04f-c96aef6d2351@group-9A61D6C314A9:LeaderElection85] INFO  impl.RaftServerImpl (ServerState.java:setLeader(253)) - 09112efe-1fad-4539-a04f-c96aef6d2351@group-9A61D6C314A9: change Leader from null to 09112efe-1fad-4539-a04f-c96aef6d2351 at term 1 for becomeLeader, leader elected after 6530ms
2019-09-26 21:18:54,604 [9ce0b59e-153f-4f41-8aed-492a76d80b48@group-8DE4ADB9E026:LeaderElection82] INFO  impl.RaftServerImpl (RaftServerImpl.java:setRole(174)) - 9ce0b59e-153f-4f41-8aed-492a76d80b48@group-8DE4ADB9E026: changes role from CANDIDATE to LEADER at term 1 for changeToLeader
2019-09-26 21:18:54,607 [9ce0b59e-153f-4f41-8aed-492a76d80b48@group-8DE4ADB9E026:LeaderElection82] INFO  impl.RaftServerImpl (ServerState.java:setLeader(253)) - 9ce0b59e-153f-4f41-8aed-492a76d80b48@group-8DE4ADB9E026: change Leader from null to 9ce0b59e-153f-4f41-8aed-492a76d80b48 at term 1 for becomeLeader, leader elected after 6848ms
2019-09-26 21:18:54,604 [09112efe-1fad-4539-a04f-c96aef6d2351@group-B01EA420B1EB:LeaderElection107] INFO  impl.RaftServerImpl (RaftServerImpl.java:setRole(174)) - 09112efe-1fad-4539-a04f-c96aef6d2351@group-B01EA420B1EB: changes role from CANDIDATE to LEADER at term 1 for changeToLeader
2019-09-26 21:18:54,608 [09112efe-1fad-4539-a04f-c96aef6d2351@group-B01EA420B1EB:LeaderElection107] INFO  impl.RaftServerImpl (ServerState.java:setLeader(253)) - 09112efe-1fad-4539-a04f-c96aef6d2351@group-B01EA420B1EB: change Leader from null to 09112efe-1fad-4539-a04f-c96aef6d2351 at term 1 for becomeLeader, leader elected after 5180ms
2019-09-26 21:18:54,604 [1178c3ae-d0b4-4d44-b144-fe8504cc41ac@group-846E52AEA8E9:LeaderElection102] INFO  impl.RaftServerImpl (RaftServerImpl.java:setRole(174)) - 1178c3ae-d0b4-4d44-b144-fe8504cc41ac@group-846E52AEA8E9: changes role from CANDIDATE to LEADER at term 1 for changeToLeader
2019-09-26 21:18:54,603 [1178c3ae-d0b4-4d44-b144-fe8504cc41ac@group-AB347EA75367:LeaderElection108] INFO  impl.RoleInfo (RoleInfo.java:shutdownLeaderElection(134)) - 1178c3ae-d0b4-4d44-b144-fe8504cc41ac: shutdown LeaderElection
2019-09-26 21:18:54,608 [1178c3ae-d0b4-4d44-b144-fe8504cc41ac@group-846E52AEA8E9:LeaderElection102] INFO  impl.RaftServerImpl (ServerState.java:setLeader(253)) - 1178c3ae-d0b4-4d44-b144-fe8504cc41ac@group-846E52AEA8E9: change Leader from null to 1178c3ae-d0b4-4d44-b144-fe8504cc41ac at term 1 for becomeLeader, leader elected after 5371ms
2019-09-26 21:18:54,608 [1178c3ae-d0b4-4d44-b144-fe8504cc41ac@group-846E52AEA8E9:LeaderElection102] INFO  server.RaftServerConfigKeys (ConfUtils.java:logGet(43)) - raft.server.staging.catchup.gap = 1000 (default)
2019-09-26 21:18:54,608 [09112efe-1fad-4539-a04f-c96aef6d2351@group-B01EA420B1EB:LeaderElection107] INFO  server.RaftServerConfigKeys (ConfUtils.java:logGet(43)) - raft.server.staging.catchup.gap = 1000 (default)
2019-09-26 21:18:54,608 [9ce0b59e-153f-4f41-8aed-492a76d80b48@group-8DE4ADB9E026:LeaderElection82] INFO  server.RaftServerConfigKeys (ConfUtils.java:logGet(43)) - raft.server.staging.catchup.gap = 1000 (default)
2019-09-26 21:18:54,607 [09112efe-1fad-4539-a04f-c96aef6d2351@group-9A61D6C314A9:LeaderElection85] INFO  server.RaftServerConfigKeys (ConfUtils.java:logGet(43)) - raft.server.staging.catchup.gap = 1000 (default)
2019-09-26 21:18:54,607 [1178c3ae-d0b4-4d44-b144-fe8504cc41ac@group-80F23AA760D0:LeaderElection86] INFO  impl.RaftServerImpl (RaftServerImpl.java:setRole(174)) - 1178c3ae-d0b4-4d44-b144-fe8504cc41ac@group-80F23AA760D0: changes role from CANDIDATE to LEADER at term 1 for changeToLeader
2019-09-26 21:18:54,607 [9ce0b59e-153f-4f41-8aed-492a76d80b48@group-CB9EA65D9F76:LeaderElection92] INFO  impl.RaftServerImpl (RaftServerImpl.java:setRole(174)) - 9ce0b59e-153f-4f41-8aed-492a76d80b48@group-CB9EA65D9F76: changes role from CANDIDATE to LEADER at term 1 for changeToLeader
2019-09-26 21:18:54,607 [1178c3ae-d0b4-4d44-b144-fe8504cc41ac@group-6E19F58DAE58:LeaderElection103] INFO  impl.RaftServerImpl (ServerState.java:setLeader(253)) - 1178c3ae-d0b4-4d44-b144-fe8504cc41ac@group-6E19F58DAE58: change Leader from null to 1178c3ae-d0b4-4d44-b144-fe8504cc41ac at term 1 for becomeLeader, leader elected after 5325ms
2019-09-26 21:18:54,607 [9ce0b59e-153f-4f41-8aed-492a76d80b48@group-BB7203E823FB:LeaderElection94] INFO  server.RaftServerConfigKeys (ConfUtils.java:logGet(43)) - raft.server.staging.catchup.gap = 1000 (default)
2019-09-26 21:18:54,609 [9ce0b59e-153f-4f41-8aed-492a76d80b48@group-BB7203E823FB:LeaderElection94] INFO  server.RaftServerConfigKeys (ConfUtils.java:logGet(43)) - raft.server.rpc.sleep.time = 25ms (default)
2019-09-26 21:18:54,607 [0c640f50-2bc9-49b6-b785-a27e3116e6ba@group-FD0854A06F9A:LeaderElection106] INFO  impl.RaftServerImpl (ServerState.java:setLeader(253)) - 0c640f50-2bc9-49b6-b785-a27e3116e6ba@group-FD0854A06F9A: change Leader from null to 0c640f50-2bc9-49b6-b785-a27e3116e6ba at term 1 for becomeLeader, leader elected after 5454ms
2019-09-26 21:18:54,606 [1178c3ae-d0b4-4d44-b144-fe8504cc41ac@group-F9263122AC59:LeaderElection84] INFO  impl.RaftServerImpl (RaftServerImpl.java:setRole(174)) - 1178c3ae-d0b4-4d44-b144-fe8504cc41ac@group-F9263122AC59: changes role from CANDIDATE to LEADER at term 1 for changeToLeader
2019-09-26 21:18:54,610 [1178c3ae-d0b4-4d44-b144-fe8504cc41ac@group-F9263122AC59:LeaderElection84] INFO  impl.RaftServerImpl (ServerState.java:setLeader(253)) - 1178c3ae-d0b4-4d44-b144-fe8504cc41ac@group-F9263122AC59: change Leader from null to 1178c3ae-d0b4-4d44-b144-fe8504cc41ac at term 1 for becomeLeader, leader elected after 6403ms
2019-09-26 21:18:54,606 [9ce0b59e-153f-4f41-8aed-492a76d80b48@group-0B4776A2646F:LeaderElection105] INFO  server.RaftServerConfigKeys (ConfUtils.java:logGet(43)) - raft.server.staging.catchup.gap = 1000 (default)
2019-09-26 21:18:54,606 [9ce0b59e-153f-4f41-8aed-492a76d80b48@group-77990DBFA164:LeaderElection100] INFO  impl.RaftServerImpl (ServerState.java:setLeader(253)) - 9ce0b59e-153f-4f41-8aed-492a76d80b48@group-77990DBFA164: change Leader from null to 9ce0b59e-153f-4f41-8aed-492a76d80b48 at term 1 for becomeLeader, leader elected after 6142ms
2019-09-26 21:18:54,610 [9ce0b59e-153f-4f41-8aed-492a76d80b48@group-77990DBFA164:LeaderElection100] INFO  server.RaftServerConfigKeys (ConfUtils.java:logGet(43)) - raft.server.staging.catchup.gap = 1000 (default)
2019-09-26 21:18:54,606 [9ce0b59e-153f-4f41-8aed-492a76d80b48@group-7E5D61430C6E:LeaderElection104] INFO  server.RaftServerConfigKeys (ConfUtils.java:logGet(43)) - raft.server.rpc.sleep.time = 25ms (default)
2019-09-26 21:18:54,606 [1178c3ae-d0b4-4d44-b144-fe8504cc41ac@group-4DAA356371EA:LeaderElection83] INFO  impl.RaftServerImpl (ServerState.java:setLeader(253)) - 1178c3ae-d0b4-4d44-b144-fe8504cc41ac@group-4DAA356371EA: change Leader from null to 1178c3ae-d0b4-4d44-b144-fe8504cc41ac at term 1 for becomeLeader, leader elected after 6259ms
2019-09-26 21:18:54,605 [0c640f50-2bc9-49b6-b785-a27e3116e6ba@group-CD486E0DF44D:LeaderElection87] INFO  impl.RaftServerImpl (RaftServerImpl.java:setRole(174)) - 0c640f50-2bc9-49b6-b785-a27e3116e6ba@group-CD486E0DF44D: changes role from CANDIDATE to LEADER at term 1 for changeToLeader
2019-09-26 21:18:54,610 [1178c3ae-d0b4-4d44-b144-fe8504cc41ac@group-4DAA356371EA:LeaderElection83] INFO  server.RaftServerConfigKeys (ConfUtils.java:logGet(43)) - raft.server.staging.catchup.gap = 1000 (default)
2019-09-26 21:18:54,610 [9ce0b59e-153f-4f41-8aed-492a76d80b48@group-77990DBFA164:LeaderElection100] INFO  server.RaftServerConfigKeys (ConfUtils.java:logGet(43)) - raft.server.rpc.sleep.time = 25ms (default)
2019-09-26 21:18:54,610 [9ce0b59e-153f-4f41-8aed-492a76d80b48@group-0B4776A2646F:LeaderElection105] INFO  server.RaftServerConfigKeys (ConfUtils.java:logGet(43)) - raft.server.rpc.sleep.time = 25ms (default)
2019-09-26 21:18:54,610 [1178c3ae-d0b4-4d44-b144-fe8504cc41ac@group-F9263122AC59:LeaderElection84] INFO  server.RaftServerConfigKeys (ConfUtils.java:logGet(43)) - raft.server.staging.catchup.gap = 1000 (default)
2019-09-26 21:18:54,611 [1178c3ae-d0b4-4d44-b144-fe8504cc41ac@group-F9263122AC59:LeaderElection84] INFO  server.RaftServerConfigKeys (ConfUtils.java:logGet(43)) - raft.server.rpc.sleep.time = 25ms (default)
2019-09-26 21:18:54,610 [0c640f50-2bc9-49b6-b785-a27e3116e6ba@group-FD0854A06F9A:LeaderElection106] INFO  server.RaftServerConfigKeys (ConfUtils.java:logGet(43)) - raft.server.staging.catchup.gap = 1000 (default)
2019-09-26 21:18:54,609 [1178c3ae-d0b4-4d44-b144-fe8504cc41ac@group-6E19F58DAE58:LeaderElection103] INFO  server.RaftServerConfigKeys (ConfUtils.java:logGet(43)) - raft.server.staging.catchup.gap = 1000 (default)
2019-09-26 21:18:54,611 [1178c3ae-d0b4-4d44-b144-fe8504cc41ac@group-6E19F58DAE58:LeaderElection103] INFO  server.RaftServerConfigKeys (ConfUtils.java:logGet(43)) - raft.server.rpc.sleep.time = 25ms (default)
2019-09-26 21:18:54,609 [9ce0b59e-153f-4f41-8aed-492a76d80b48@group-CB9EA65D9F76:LeaderElection92] INFO  impl.RaftServerImpl (ServerState.java:setLeader(253)) - 9ce0b59e-153f-4f41-8aed-492a76d80b48@group-CB9EA65D9F76: change Leader from null to 9ce0b59e-153f-4f41-8aed-492a76d80b48 at term 1 for becomeLeader, leader elected after 5625ms
2019-09-26 21:18:54,609 [1178c3ae-d0b4-4d44-b144-fe8504cc41ac@group-80F23AA760D0:LeaderElection86] INFO  impl.RaftServerImpl (ServerState.java:setLeader(253)) - 1178c3ae-d0b4-4d44-b144-fe8504cc41ac@group-80F23AA760D0: change Leader from null to 1178c3ae-d0b4-4d44-b144-fe8504cc41ac at term 1 for becomeLeader, leader elected after 6445ms
2019-09-26 21:18:54,609 [09112efe-1fad-4539-a04f-c96aef6d2351@group-9A61D6C314A9:LeaderElection85] INFO  server.RaftServerConfigKeys (ConfUtils.java:logGet(43)) - raft.server.rpc.sleep.time = 25ms (default)
2019-09-26 21:18:54,609 [9ce0b59e-153f-4f41-8aed-492a76d80b48@group-8DE4ADB9E026:LeaderElection82] INFO  server.RaftServerConfigKeys (ConfUtils.java:logGet(43)) - raft.server.rpc.sleep.time = 25ms (default)
2019-09-26 21:18:54,609 [09112efe-1fad-4539-a04f-c96aef6d2351@group-B01EA420B1EB:LeaderElection107] INFO  server.RaftServerConfigKeys (ConfUtils.java:logGet(43)) - raft.server.rpc.sleep.time = 25ms (default)
2019-09-26 21:18:54,608 [1178c3ae-d0b4-4d44-b144-fe8504cc41ac@group-846E52AEA8E9:LeaderElection102] INFO  server.RaftServerConfigKeys (ConfUtils.java:logGet(43)) - raft.server.rpc.sleep.time = 25ms (default)
2019-09-26 21:18:54,608 [1178c3ae-d0b4-4d44-b144-fe8504cc41ac@group-AB347EA75367:LeaderElection108] INFO  impl.RaftServerImpl (RaftServerImpl.java:setRole(174)) - 1178c3ae-d0b4-4d44-b144-fe8504cc41ac@group-AB347EA75367: changes role from CANDIDATE to LEADER at term 1 for changeToLeader
2019-09-26 21:18:54,612 [1178c3ae-d0b4-4d44-b144-fe8504cc41ac@group-AB347EA75367:LeaderElection108] INFO  impl.RaftServerImpl (ServerState.java:setLeader(253)) - 1178c3ae-d0b4-4d44-b144-fe8504cc41ac@group-AB347EA75367: change Leader from null to 1178c3ae-d0b4-4d44-b144-fe8504cc41ac at term 1 for becomeLeader, leader elected after 5206ms
2019-09-26 21:18:54,612 [1178c3ae-d0b4-4d44-b144-fe8504cc41ac@group-80F23AA760D0:LeaderElection86] INFO  server.RaftServerConfigKeys (ConfUtils.java:logGet(43)) - raft.server.staging.catchup.gap = 1000 (default)
2019-09-26 21:18:54,613 [1178c3ae-d0b4-4d44-b144-fe8504cc41ac@group-AB347EA75367:LeaderElection108] INFO  server.RaftServerConfigKeys (ConfUtils.java:logGet(43)) - raft.server.staging.catchup.gap = 1000 (default)
2019-09-26 21:18:54,612 [9ce0b59e-153f-4f41-8aed-492a76d80b48@group-CB9EA65D9F76:LeaderElection92] INFO  server.RaftServerConfigKeys (ConfUtils.java:logGet(43)) - raft.server.staging.catchup.gap = 1000 (default)
2019-09-26 21:18:54,611 [0c640f50-2bc9-49b6-b785-a27e3116e6ba@group-FD0854A06F9A:LeaderElection106] INFO  server.RaftServerConfigKeys (ConfUtils.java:logGet(43)) - raft.server.rpc.sleep.time = 25ms (default)
2019-09-26 21:18:54,611 [1178c3ae-d0b4-4d44-b144-fe8504cc41ac@group-4DAA356371EA:LeaderElection83] INFO  server.RaftServerConfigKeys (ConfUtils.java:logGet(43)) - raft.server.rpc.sleep.time = 25ms (default)
2019-09-26 21:18:54,611 [0c640f50-2bc9-49b6-b785-a27e3116e6ba@group-CD486E0DF44D:LeaderElection87] INFO  impl.RaftServerImpl (ServerState.java:setLeader(253)) - 0c640f50-2bc9-49b6-b785-a27e3116e6ba@group-CD486E0DF44D: change Leader from null to 0c640f50-2bc9-49b6-b785-a27e3116e6ba at term 1 for becomeLeader, leader elected after 6025ms
2019-09-26 21:18:54,613 [9ce0b59e-153f-4f41-8aed-492a76d80b48@group-CB9EA65D9F76:LeaderElection92] INFO  server.RaftServerConfigKeys (ConfUtils.java:logGet(43)) - raft.server.rpc.sleep.time = 25ms (default)
2019-09-26 21:18:54,613 [1178c3ae-d0b4-4d44-b144-fe8504cc41ac@group-AB347EA75367:LeaderElection108] INFO  server.RaftServerConfigKeys (ConfUtils.java:logGet(43)) - raft.server.rpc.sleep.time = 25ms (default)
2019-09-26 21:18:54,613 [1178c3ae-d0b4-4d44-b144-fe8504cc41ac@group-80F23AA760D0:LeaderElection86] INFO  server.RaftServerConfigKeys (ConfUtils.java:logGet(43)) - raft.server.rpc.sleep.time = 25ms (default)
2019-09-26 21:18:54,613 [0c640f50-2bc9-49b6-b785-a27e3116e6ba@group-CD486E0DF44D:LeaderElection87] INFO  server.RaftServerConfigKeys (ConfUtils.java:logGet(43)) - raft.server.staging.catchup.gap = 1000 (default)
2019-09-26 21:18:54,614 [0c640f50-2bc9-49b6-b785-a27e3116e6ba@group-CD486E0DF44D:LeaderElection87] INFO  server.RaftServerConfigKeys (ConfUtils.java:logGet(43)) - raft.server.rpc.sleep.time = 25ms (default)
2019-09-26 21:18:54,617 [0c640f50-2bc9-49b6-b785-a27e3116e6ba@group-CD486E0DF44D:LeaderElection87] INFO  server.RaftServerConfigKeys (ConfUtils.java:logGet(43)) - raft.server.write.element-limit = 4096 (default)
2019-09-26 21:18:54,617 [0c640f50-2bc9-49b6-b785-a27e3116e6ba@group-FD0854A06F9A:LeaderElection106] INFO  server.RaftServerConfigKeys (ConfUtils.java:logGet(43)) - raft.server.write.element-limit = 4096 (default)
2019-09-26 21:18:54,617 [9ce0b59e-153f-4f41-8aed-492a76d80b48@group-77990DBFA164:LeaderElection100] INFO  server.RaftServerConfigKeys (ConfUtils.java:logGet(43)) - raft.server.write.element-limit = 4096 (default)
2019-09-26 21:18:54,617 [1178c3ae-d0b4-4d44-b144-fe8504cc41ac@group-4DAA356371EA:LeaderElection83] INFO  server.RaftServerConfigKeys (ConfUtils.java:logGet(43)) - raft.server.write.element-limit = 4096 (default)
2019-09-26 21:18:54,617 [1178c3ae-d0b4-4d44-b144-fe8504cc41ac@group-4DAA356371EA:LeaderElection83] INFO  server.RaftServerConfigKeys (ConfUtils.java:logGet(43)) - raft.server.watch.timeout = 10s (default)
2019-09-26 21:18:54,617 [1178c3ae-d0b4-4d44-b144-fe8504cc41ac@group-AB347EA75367:LeaderElection108] INFO  server.RaftServerConfigKeys (ConfUtils.java:logGet(43)) - raft.server.write.element-limit = 4096 (default)
2019-09-26 21:18:54,617 [9ce0b59e-153f-4f41-8aed-492a76d80b48@group-CB9EA65D9F76:LeaderElection92] INFO  server.RaftServerConfigKeys (ConfUtils.java:logGet(43)) - raft.server.write.element-limit = 4096 (default)
2019-09-26 21:18:54,617 [1178c3ae-d0b4-4d44-b144-fe8504cc41ac@group-80F23AA760D0:LeaderElection86] INFO  server.RaftServerConfigKeys (ConfUtils.java:logGet(43)) - raft.server.write.element-limit = 4096 (default)
2019-09-26 21:18:54,618 [9ce0b59e-153f-4f41-8aed-492a76d80b48@group-CB9EA65D9F76:LeaderElection92] INFO  server.RaftServerConfigKeys (ConfUtils.java:logGet(43)) - raft.server.watch.timeout = 10s (default)
2019-09-26 21:18:54,618 [9ce0b59e-153f-4f41-8aed-492a76d80b48@group-CB9EA65D9F76:LeaderElection92] INFO  server.RaftServerConfigKeys (ConfUtils.java:logGet(43)) - raft.server.watch.timeout.denomination = 1s (default)
2019-09-26 21:18:54,618 [1178c3ae-d0b4-4d44-b144-fe8504cc41ac@group-AB347EA75367:LeaderElection108] INFO  server.RaftServerConfigKeys (ConfUtils.java:logGet(43)) - raft.server.watch.timeout = 10s (default)
2019-09-26 21:18:54,618 [1178c3ae-d0b4-4d44-b144-fe8504cc41ac@group-4DAA356371EA:LeaderElection83] INFO  server.RaftServerConfigKeys (ConfUtils.java:logGet(43)) - raft.server.watch.timeout.denomination = 1s (default)
2019-09-26 21:18:54,617 [9ce0b59e-153f-4f41-8aed-492a76d80b48@group-77990DBFA164:LeaderElection100] INFO  server.RaftServerConfigKeys (ConfUtils.java:logGet(43)) - raft.server.watch.timeout = 10s (default)
2019-09-26 21:18:54,617 [9ce0b59e-153f-4f41-8aed-492a76d80b48@group-BB7203E823FB:LeaderElection94] INFO  server.RaftServerConfigKeys (ConfUtils.java:logGet(43)) - raft.server.write.element-limit = 4096 (default)
2019-09-26 21:18:54,617 [9ce0b59e-153f-4f41-8aed-492a76d80b48@group-7E5D61430C6E:LeaderElection104] INFO  server.RaftServerConfigKeys (ConfUtils.java:logGet(43)) - raft.server.write.element-limit = 4096 (default)
2019-09-26 21:18:54,617 [0c640f50-2bc9-49b6-b785-a27e3116e6ba@group-FD0854A06F9A:LeaderElection106] INFO  server.RaftServerConfigKeys (ConfUtils.java:logGet(43)) - raft.server.watch.timeout = 10s (default)
2019-09-26 21:18:54,617 [9ce0b59e-153f-4f41-8aed-492a76d80b48@group-0B4776A2646F:LeaderElection105] INFO  server.RaftServerConfigKeys (ConfUtils.java:logGet(43)) - raft.server.write.element-limit = 4096 (default)
2019-09-26 21:18:54,617 [1178c3ae-d0b4-4d44-b144-fe8504cc41ac@group-6E19F58DAE58:LeaderElection103] INFO  server.RaftServerConfigKeys (ConfUtils.java:logGet(43)) - raft.server.write.element-limit = 4096 (default)
2019-09-26 21:18:54,617 [1178c3ae-d0b4-4d44-b144-fe8504cc41ac@group-F9263122AC59:LeaderElection84] INFO  server.RaftServerConfigKeys (ConfUtils.java:logGet(43)) - raft.server.write.element-limit = 4096 (default)
2019-09-26 21:18:54,617 [09112efe-1fad-4539-a04f-c96aef6d2351@group-9A61D6C314A9:LeaderElection85] INFO  server.RaftServerConfigKeys (ConfUtils.java:logGet(43)) - raft.server.write.element-limit = 4096 (default)
2019-09-26 21:18:54,624 [09112efe-1fad-4539-a04f-c96aef6d2351@group-9A61D6C314A9:LeaderElection85] INFO  server.RaftServerConfigKeys (ConfUtils.java:logGet(43)) - raft.server.watch.timeout = 10s (default)
2019-09-26 21:18:54,617 [9ce0b59e-153f-4f41-8aed-492a76d80b48@group-8DE4ADB9E026:LeaderElection82] INFO  server.RaftServerConfigKeys (ConfUtils.java:logGet(43)) - raft.server.write.element-limit = 4096 (default)
2019-09-26 21:18:54,617 [09112efe-1fad-4539-a04f-c96aef6d2351@group-B01EA420B1EB:LeaderElection107] INFO  server.RaftServerConfigKeys (ConfUtils.java:logGet(43)) - raft.server.write.element-limit = 4096 (default)
2019-09-26 21:18:54,617 [0c640f50-2bc9-49b6-b785-a27e3116e6ba@group-CD486E0DF44D:LeaderElection87] INFO  server.RaftServerConfigKeys (ConfUtils.java:logGet(43)) - raft.server.watch.timeout = 10s (default)
2019-09-26 21:18:54,617 [1178c3ae-d0b4-4d44-b144-fe8504cc41ac@group-846E52AEA8E9:LeaderElection102] INFO  server.RaftServerConfigKeys (ConfUtils.java:logGet(43)) - raft.server.write.element-limit = 4096 (default)
2019-09-26 21:18:54,625 [0c640f50-2bc9-49b6-b785-a27e3116e6ba@group-CD486E0DF44D:LeaderElection87] INFO  server.RaftServerConfigKeys (ConfUtils.java:logGet(43)) - raft.server.watch.timeout.denomination = 1s (default)
2019-09-26 21:18:54,625 [09112efe-1fad-4539-a04f-c96aef6d2351@group-B01EA420B1EB:LeaderElection107] INFO  server.RaftServerConfigKeys (ConfUtils.java:logGet(43)) - raft.server.watch.timeout = 10s (default)
2019-09-26 21:18:54,625 [09112efe-1fad-4539-a04f-c96aef6d2351@group-B01EA420B1EB:LeaderElection107] INFO  server.RaftServerConfigKeys (ConfUtils.java:logGet(43)) - raft.server.watch.timeout.denomination = 1s (default)
2019-09-26 21:18:54,624 [9ce0b59e-153f-4f41-8aed-492a76d80b48@group-8DE4ADB9E026:LeaderElection82] INFO  server.RaftServerConfigKeys (ConfUtils.java:logGet(43)) - raft.server.watch.timeout = 10s (default)
2019-09-26 21:18:54,624 [09112efe-1fad-4539-a04f-c96aef6d2351@group-9A61D6C314A9:LeaderElection85] INFO  server.RaftServerConfigKeys (ConfUtils.java:logGet(43)) - raft.server.watch.timeout.denomination = 1s (default)
2019-09-26 21:18:54,624 [1178c3ae-d0b4-4d44-b144-fe8504cc41ac@group-F9263122AC59:LeaderElection84] INFO  server.RaftServerConfigKeys (ConfUtils.java:logGet(43)) - raft.server.watch.timeout = 10s (default)
2019-09-26 21:18:54,626 [1178c3ae-d0b4-4d44-b144-fe8504cc41ac@group-F9263122AC59:LeaderElection84] INFO  server.RaftServerConfigKeys (ConfUtils.java:logGet(43)) - raft.server.watch.timeout.denomination = 1s (default)
2019-09-26 21:18:54,624 [1178c3ae-d0b4-4d44-b144-fe8504cc41ac@group-6E19F58DAE58:LeaderElection103] INFO  server.RaftServerConfigKeys (ConfUtils.java:logGet(43)) - raft.server.watch.timeout = 10s (default)
2019-09-26 21:18:54,624 [9ce0b59e-153f-4f41-8aed-492a76d80b48@group-0B4776A2646F:LeaderElection105] INFO  server.RaftServerConfigKeys (ConfUtils.java:logGet(43)) - raft.server.watch.timeout = 10s (default)
2019-09-26 21:18:54,624 [0c640f50-2bc9-49b6-b785-a27e3116e6ba@group-FD0854A06F9A:LeaderElection106] INFO  server.RaftServerConfigKeys (ConfUtils.java:logGet(43)) - raft.server.watch.timeout.denomination = 1s (default)
2019-09-26 21:18:54,624 [9ce0b59e-153f-4f41-8aed-492a76d80b48@group-7E5D61430C6E:LeaderElection104] INFO  server.RaftServerConfigKeys (ConfUtils.java:logGet(43)) - raft.server.watch.timeout = 10s (default)
2019-09-26 21:18:54,623 [9ce0b59e-153f-4f41-8aed-492a76d80b48@group-BB7203E823FB:LeaderElection94] INFO  server.RaftServerConfigKeys (ConfUtils.java:logGet(43)) - raft.server.watch.timeout = 10s (default)
2019-09-26 21:18:54,626 [9ce0b59e-153f-4f41-8aed-492a76d80b48@group-BB7203E823FB:LeaderElection94] INFO  server.RaftServerConfigKeys (ConfUtils.java:logGet(43)) - raft.server.watch.timeout.denomination = 1s (default)
2019-09-26 21:18:54,623 [9ce0b59e-153f-4f41-8aed-492a76d80b48@group-77990DBFA164:LeaderElection100] INFO  server.RaftServerConfigKeys (ConfUtils.java:logGet(43)) - raft.server.watch.timeout.denomination = 1s (default)
2019-09-26 21:18:54,627 [9ce0b59e-153f-4f41-8aed-492a76d80b48@group-77990DBFA164:LeaderElection100] INFO  server.RaftServerConfigKeys (ConfUtils.java:logGet(43)) - raft.server.watch.element-limit = 65536 (default)
2019-09-26 21:18:54,584 [1178c3ae-d0b4-4d44-b144-fe8504cc41ac@group-CEB1079B6F06-SegmentedRaftLogWorker] INFO  impl.StateMachineUpdater (StateMachineUpdater.java:stopAndJoin(125)) - 1178c3ae-d0b4-4d44-b144-fe8504cc41ac@group-CEB1079B6F06-StateMachineUpdater: set stopIndex = -1
2019-09-26 21:18:54,627 [1178c3ae-d0b4-4d44-b144-fe8504cc41ac@group-CEB1079B6F06-SegmentedRaftLogWorker] INFO  impl.RaftServerImpl (ServerState.java:close(385)) - 1178c3ae-d0b4-4d44-b144-fe8504cc41ac@group-CEB1079B6F06: closes. applyIndex: -1
2019-09-26 21:18:54,584 [09112efe-1fad-4539-a04f-c96aef6d2351@group-B1A00720E110-SegmentedRaftLogWorker] INFO  impl.StateMachineUpdater (StateMachineUpdater.java:stopAndJoin(125)) - 09112efe-1fad-4539-a04f-c96aef6d2351@group-B1A00720E110-StateMachineUpdater: set stopIndex = -1
2019-09-26 21:18:54,627 [1178c3ae-d0b4-4d44-b144-fe8504cc41ac@group-CEB1079B6F06-SegmentedRaftLogWorker] INFO  segmented.SegmentedRaftLogWorker (SegmentedRaftLogWorker.java:close(228)) - 1178c3ae-d0b4-4d44-b144-fe8504cc41ac@group-CEB1079B6F06-SegmentedRaftLogWorker close()
2019-09-26 21:18:54,619 [1178c3ae-d0b4-4d44-b144-fe8504cc41ac@group-4DAA356371EA:LeaderElection83] INFO  server.RaftServerConfigKeys (ConfUtils.java:logGet(43)) - raft.server.watch.element-limit = 65536 (default)
2019-09-26 21:18:54,619 [1178c3ae-d0b4-4d44-b144-fe8504cc41ac@group-AB347EA75367:LeaderElection108] INFO  server.RaftServerConfigKeys (ConfUtils.java:logGet(43)) - raft.server.watch.timeout.denomination = 1s (default)
2019-09-26 21:18:54,618 [9ce0b59e-153f-4f41-8aed-492a76d80b48@group-CB9EA65D9F76:LeaderElection92] INFO  server.RaftServerConfigKeys (ConfUtils.java:logGet(43)) - raft.server.watch.element-limit = 65536 (default)
2019-09-26 21:18:54,618 [1178c3ae-d0b4-4d44-b144-fe8504cc41ac@group-80F23AA760D0:LeaderElection86] INFO  server.RaftServerConfigKeys (ConfUtils.java:logGet(43)) - raft.server.watch.timeout = 10s (default)
2019-09-26 21:18:54,628 [1178c3ae-d0b4-4d44-b144-fe8504cc41ac@group-AB347EA75367:LeaderElection108] INFO  server.RaftServerConfigKeys (ConfUtils.java:logGet(43)) - raft.server.watch.element-limit = 65536 (default)
2019-09-26 21:18:54,627 [09112efe-1fad-4539-a04f-c96aef6d2351@group-B1A00720E110-SegmentedRaftLogWorker] INFO  impl.RaftServerImpl (ServerState.java:close(385)) - 09112efe-1fad-4539-a04f-c96aef6d2351@group-B1A00720E110: closes. applyIndex: -1
2019-09-26 21:18:54,626 [9ce0b59e-153f-4f41-8aed-492a76d80b48@group-BB7203E823FB:LeaderElection94] INFO  server.RaftServerConfigKeys (ConfUtils.java:logGet(43)) - raft.server.watch.element-limit = 65536 (default)
2019-09-26 21:18:54,628 [09112efe-1fad-4539-a04f-c96aef6d2351@group-B1A00720E110-SegmentedRaftLogWorker] INFO  segmented.SegmentedRaftLogWorker (SegmentedRaftLogWorker.java:close(228)) - 09112efe-1fad-4539-a04f-c96aef6d2351@group-B1A00720E110-SegmentedRaftLogWorker close()
2019-09-26 21:18:54,626 [9ce0b59e-153f-4f41-8aed-492a76d80b48@group-7E5D61430C6E:LeaderElection104] INFO  server.RaftServerConfigKeys (ConfUtils.java:logGet(43)) - raft.server.watch.timeout.denomination = 1s (default)
2019-09-26 21:18:54,626 [0c640f50-2bc9-49b6-b785-a27e3116e6ba@group-FD0854A06F9A:LeaderElection106] INFO  server.RaftServerConfigKeys (ConfUtils.java:logGet(43)) - raft.server.watch.element-limit = 65536 (default)
2019-09-26 21:18:54,626 [9ce0b59e-153f-4f41-8aed-492a76d80b48@group-0B4776A2646F:LeaderElection105] INFO  server.RaftServerConfigKeys (ConfUtils.java:logGet(43)) - raft.server.watch.timeout.denomination = 1s (default)
2019-09-26 21:18:54,629 [9ce0b59e-153f-4f41-8aed-492a76d80b48@group-0B4776A2646F:LeaderElection105] INFO  server.RaftServerConfigKeys (ConfUtils.java:logGet(43)) - raft.server.watch.element-limit = 65536 (default)
2019-09-26 21:18:54,626 [1178c3ae-d0b4-4d44-b144-fe8504cc41ac@group-6E19F58DAE58:LeaderElection103] INFO  server.RaftServerConfigKeys (ConfUtils.java:logGet(43)) - raft.server.watch.timeout.denomination = 1s (default)
2019-09-26 21:18:54,626 [1178c3ae-d0b4-4d44-b144-fe8504cc41ac@group-F9263122AC59:LeaderElection84] INFO  server.RaftServerConfigKeys (ConfUtils.java:logGet(43)) - raft.server.watch.element-limit = 65536 (default)
2019-09-26 21:18:54,625 [09112efe-1fad-4539-a04f-c96aef6d2351@group-9A61D6C314A9:LeaderElection85] INFO  server.RaftServerConfigKeys (ConfUtils.java:logGet(43)) - raft.server.watch.element-limit = 65536 (default)
2019-09-26 21:18:54,625 [9ce0b59e-153f-4f41-8aed-492a76d80b48@group-8DE4ADB9E026:LeaderElection82] INFO  server.RaftServerConfigKeys (ConfUtils.java:logGet(43)) - raft.server.watch.timeout.denomination = 1s (default)
2019-09-26 21:18:54,629 [9ce0b59e-153f-4f41-8aed-492a76d80b48@group-8DE4ADB9E026:LeaderElection82] INFO  server.RaftServerConfigKeys (ConfUtils.java:logGet(43)) - raft.server.watch.element-limit = 65536 (default)
2019-09-26 21:18:54,625 [09112efe-1fad-4539-a04f-c96aef6d2351@group-B01EA420B1EB:LeaderElection107] INFO  server.RaftServerConfigKeys (ConfUtils.java:logGet(43)) - raft.server.watch.element-limit = 65536 (default)
2019-09-26 21:18:54,625 [0c640f50-2bc9-49b6-b785-a27e3116e6ba@group-CD486E0DF44D:LeaderElection87] INFO  server.RaftServerConfigKeys (ConfUtils.java:logGet(43)) - raft.server.watch.element-limit = 65536 (default)
2019-09-26 21:18:54,625 [1178c3ae-d0b4-4d44-b144-fe8504cc41ac@group-846E52AEA8E9:LeaderElection102] INFO  server.RaftServerConfigKeys (ConfUtils.java:logGet(43)) - raft.server.watch.timeout = 10s (default)
2019-09-26 21:18:54,630 [1178c3ae-d0b4-4d44-b144-fe8504cc41ac@group-846E52AEA8E9:LeaderElection102] INFO  server.RaftServerConfigKeys (ConfUtils.java:logGet(43)) - raft.server.watch.timeout.denomination = 1s (default)
2019-09-26 21:18:54,630 [1178c3ae-d0b4-4d44-b144-fe8504cc41ac@group-846E52AEA8E9:LeaderElection102] INFO  server.RaftServerConfigKeys (ConfUtils.java:logGet(43)) - raft.server.watch.element-limit = 65536 (default)
2019-09-26 21:18:54,629 [1178c3ae-d0b4-4d44-b144-fe8504cc41ac@group-6E19F58DAE58:LeaderElection103] INFO  server.RaftServerConfigKeys (ConfUtils.java:logGet(43)) - raft.server.watch.element-limit = 65536 (default)
2019-09-26 21:18:54,628 [9ce0b59e-153f-4f41-8aed-492a76d80b48@group-7E5D61430C6E:LeaderElection104] INFO  server.RaftServerConfigKeys (ConfUtils.java:logGet(43)) - raft.server.watch.element-limit = 65536 (default)
2019-09-26 21:18:54,628 [1178c3ae-d0b4-4d44-b144-fe8504cc41ac@group-80F23AA760D0:LeaderElection86] INFO  server.RaftServerConfigKeys (ConfUtils.java:logGet(43)) - raft.server.watch.timeout.denomination = 1s (default)
2019-09-26 21:18:54,630 [1178c3ae-d0b4-4d44-b144-fe8504cc41ac@group-80F23AA760D0:LeaderElection86] INFO  server.RaftServerConfigKeys (ConfUtils.java:logGet(43)) - raft.server.watch.element-limit = 65536 (default)
2019-09-26 21:18:54,633 [9ce0b59e-153f-4f41-8aed-492a76d80b48@group-3426463BEB03:LeaderElection97] INFO  impl.LeaderElection (LeaderElection.java:askForVotes(182)) - 9ce0b59e-153f-4f41-8aed-492a76d80b48@group-3426463BEB03:LeaderElection97: begin an election at term 1 for -1: [9ce0b59e-153f-4f41-8aed-492a76d80b48:192.168.151.99:34156], old=null
2019-09-26 21:18:54,633 [0c640f50-2bc9-49b6-b785-a27e3116e6ba@group-9DCEC7BC5751:LeaderElection99] INFO  impl.LeaderElection (LeaderElection.java:askForVotes(182)) - 0c640f50-2bc9-49b6-b785-a27e3116e6ba@group-9DCEC7BC5751:LeaderElection99: begin an election at term 1 for -1: [0c640f50-2bc9-49b6-b785-a27e3116e6ba:192.168.151.99:42361], old=null
2019-09-26 21:18:54,633 [1178c3ae-d0b4-4d44-b144-fe8504cc41ac@group-2602BE24DDFE:LeaderElection101] INFO  impl.LeaderElection (LeaderElection.java:askForVotes(182)) - 1178c3ae-d0b4-4d44-b144-fe8504cc41ac@group-2602BE24DDFE:LeaderElection101: begin an election at term 1 for -1: [1178c3ae-d0b4-4d44-b144-fe8504cc41ac:192.168.151.99:33787], old=null
2019-09-26 21:18:54,633 [1178c3ae-d0b4-4d44-b144-fe8504cc41ac@group-1D2C931F4BA5:LeaderElection98] INFO  impl.LeaderElection (LeaderElection.java:askForVotes(182)) - 1178c3ae-d0b4-4d44-b144-fe8504cc41ac@group-1D2C931F4BA5:LeaderElection98: begin an election at term 1 for -1: [1178c3ae-d0b4-4d44-b144-fe8504cc41ac:192.168.151.99:33787], old=null
2019-09-26 21:18:54,633 [0c640f50-2bc9-49b6-b785-a27e3116e6ba@group-6AB8C2908DBE:LeaderElection89] INFO  impl.LeaderElection (LeaderElection.java:askForVotes(182)) - 0c640f50-2bc9-49b6-b785-a27e3116e6ba@group-6AB8C2908DBE:LeaderElection89: begin an election at term 1 for -1: [0c640f50-2bc9-49b6-b785-a27e3116e6ba:192.168.151.99:42361], old=null
2019-09-26 21:18:54,633 [0c640f50-2bc9-49b6-b785-a27e3116e6ba@group-8ADE47486BA4:LeaderElection95] INFO  impl.LeaderElection (LeaderElection.java:askForVotes(182)) - 0c640f50-2bc9-49b6-b785-a27e3116e6ba@group-8ADE47486BA4:LeaderElection95: begin an election at term 1 for -1: [0c640f50-2bc9-49b6-b785-a27e3116e6ba:192.168.151.99:42361], old=null
2019-09-26 21:18:54,633 [09112efe-1fad-4539-a04f-c96aef6d2351@group-B66033F68487:LeaderElection96] INFO  impl.LeaderElection (LeaderElection.java:askForVotes(182)) - 09112efe-1fad-4539-a04f-c96aef6d2351@group-B66033F68487:LeaderElection96: begin an election at term 1 for -1: [09112efe-1fad-4539-a04f-c96aef6d2351:192.168.151.99:45286], old=null
2019-09-26 21:18:54,633 [09112efe-1fad-4539-a04f-c96aef6d2351@group-F6B9EF0C2D8E:LeaderElection90] INFO  impl.LeaderElection (LeaderElection.java:askForVotes(182)) - 09112efe-1fad-4539-a04f-c96aef6d2351@group-F6B9EF0C2D8E:LeaderElection90: begin an election at term 1 for -1: [09112efe-1fad-4539-a04f-c96aef6d2351:192.168.151.99:45286], old=null
2019-09-26 21:18:54,634 [09112efe-1fad-4539-a04f-c96aef6d2351@group-F6B9EF0C2D8E:LeaderElection90] INFO  impl.RoleInfo (RoleInfo.java:shutdownLeaderElection(134)) - 09112efe-1fad-4539-a04f-c96aef6d2351: shutdown LeaderElection
2019-09-26 21:18:54,633 [9ce0b59e-153f-4f41-8aed-492a76d80b48@group-514A1FBBA56A:LeaderElection91] INFO  impl.LeaderElection (LeaderElection.java:askForVotes(182)) - 9ce0b59e-153f-4f41-8aed-492a76d80b48@group-514A1FBBA56A:LeaderElection91: begin an election at term 1 for -1: [9ce0b59e-153f-4f41-8aed-492a76d80b48:192.168.151.99:34156], old=null
2019-09-26 21:18:54,633 [1178c3ae-d0b4-4d44-b144-fe8504cc41ac@group-17858CE95304:LeaderElection93] INFO  impl.LeaderElection (LeaderElection.java:askForVotes(182)) - 1178c3ae-d0b4-4d44-b144-fe8504cc41ac@group-17858CE95304:LeaderElection93: begin an election at term 1 for -1: [1178c3ae-d0b4-4d44-b144-fe8504cc41ac:192.168.151.99:33787], old=null
2019-09-26 21:18:54,634 [9ce0b59e-153f-4f41-8aed-492a76d80b48@group-514A1FBBA56A:LeaderElection91] INFO  impl.RoleInfo (RoleInfo.java:shutdownLeaderElection(134)) - 9ce0b59e-153f-4f41-8aed-492a76d80b48: shutdown LeaderElection
2019-09-26 21:18:54,634 [09112efe-1fad-4539-a04f-c96aef6d2351@group-F6B9EF0C2D8E:LeaderElection90] INFO  impl.RaftServerImpl (RaftServerImpl.java:setRole(174)) - 09112efe-1fad-4539-a04f-c96aef6d2351@group-F6B9EF0C2D8E: changes role from CANDIDATE to LEADER at term 1 for changeToLeader
2019-09-26 21:18:54,634 [09112efe-1fad-4539-a04f-c96aef6d2351@group-F6B9EF0C2D8E:LeaderElection90] INFO  impl.RaftServerImpl (ServerState.java:setLeader(253)) - 09112efe-1fad-4539-a04f-c96aef6d2351@group-F6B9EF0C2D8E: change Leader from null to 09112efe-1fad-4539-a04f-c96aef6d2351 at term 1 for becomeLeader, leader elected after 6725ms
2019-09-26 21:18:54,634 [09112efe-1fad-4539-a04f-c96aef6d2351@group-B66033F68487:LeaderElection96] INFO  impl.RoleInfo (RoleInfo.java:shutdownLeaderElection(134)) - 09112efe-1fad-4539-a04f-c96aef6d2351: shutdown LeaderElection
2019-09-26 21:18:54,633 [0c640f50-2bc9-49b6-b785-a27e3116e6ba@group-8ADE47486BA4:LeaderElection95] INFO  impl.RoleInfo (RoleInfo.java:shutdownLeaderElection(134)) - 0c640f50-2bc9-49b6-b785-a27e3116e6ba: shutdown LeaderElection
2019-09-26 21:18:54,634 [0c640f50-2bc9-49b6-b785-a27e3116e6ba@group-8ADE47486BA4:LeaderElection95] INFO  impl.RaftServerImpl (RaftServerImpl.java:setRole(174)) - 0c640f50-2bc9-49b6-b785-a27e3116e6ba@group-8ADE47486BA4: changes role from CANDIDATE to LEADER at term 1 for changeToLeader
2019-09-26 21:18:54,633 [0c640f50-2bc9-49b6-b785-a27e3116e6ba@group-6AB8C2908DBE:LeaderElection89] INFO  impl.RoleInfo (RoleInfo.java:shutdownLeaderElection(134)) - 0c640f50-2bc9-49b6-b785-a27e3116e6ba: shutdown LeaderElection
2019-09-26 21:18:54,633 [1178c3ae-d0b4-4d44-b144-fe8504cc41ac@group-1D2C931F4BA5:LeaderElection98] INFO  impl.RoleInfo (RoleInfo.java:shutdownLeaderElection(134)) - 1178c3ae-d0b4-4d44-b144-fe8504cc41ac: shutdown LeaderElection
2019-09-26 21:18:54,633 [1178c3ae-d0b4-4d44-b144-fe8504cc41ac@group-2602BE24DDFE:LeaderElection101] INFO  impl.RoleInfo (RoleInfo.java:shutdownLeaderElection(134)) - 1178c3ae-d0b4-4d44-b144-fe8504cc41ac: shutdown LeaderElection
2019-09-26 21:18:54,633 [0c640f50-2bc9-49b6-b785-a27e3116e6ba@group-9DCEC7BC5751:LeaderElection99] INFO  impl.RoleInfo (RoleInfo.java:shutdownLeaderElection(134)) - 0c640f50-2bc9-49b6-b785-a27e3116e6ba: shutdown LeaderElection
2019-09-26 21:18:54,633 [9ce0b59e-153f-4f41-8aed-492a76d80b48@group-3426463BEB03:LeaderElection97] INFO  impl.RoleInfo (RoleInfo.java:shutdownLeaderElection(134)) - 9ce0b59e-153f-4f41-8aed-492a76d80b48: shutdown LeaderElection
2019-09-26 21:18:54,635 [0c640f50-2bc9-49b6-b785-a27e3116e6ba@group-9DCEC7BC5751:LeaderElection99] INFO  impl.RaftServerImpl (RaftServerImpl.java:setRole(174)) - 0c640f50-2bc9-49b6-b785-a27e3116e6ba@group-9DCEC7BC5751: changes role from CANDIDATE to LEADER at term 1 for changeToLeader
2019-09-26 21:18:54,635 [0c640f50-2bc9-49b6-b785-a27e3116e6ba@group-9DCEC7BC5751:LeaderElection99] INFO  impl.RaftServerImpl (ServerState.java:setLeader(253)) - 0c640f50-2bc9-49b6-b785-a27e3116e6ba@group-9DCEC7BC5751: change Leader from null to 0c640f50-2bc9-49b6-b785-a27e3116e6ba at term 1 for becomeLeader, leader elected after 6237ms
2019-09-26 21:18:54,635 [1178c3ae-d0b4-4d44-b144-fe8504cc41ac@group-2602BE24DDFE:LeaderElection101] INFO  impl.RaftServerImpl (RaftServerImpl.java:setRole(174)) - 1178c3ae-d0b4-4d44-b144-fe8504cc41ac@group-2602BE24DDFE: changes role from CANDIDATE to LEADER at term 1 for changeToLeader
2019-09-26 21:18:54,635 [1178c3ae-d0b4-4d44-b144-fe8504cc41ac@group-1D2C931F4BA5:LeaderElection98] INFO  impl.RaftServerImpl (RaftServerImpl.java:setRole(174)) - 1178c3ae-d0b4-4d44-b144-fe8504cc41ac@group-1D2C931F4BA5: changes role from CANDIDATE to LEADER at term 1 for changeToLeader
2019-09-26 21:18:54,635 [0c640f50-2bc9-49b6-b785-a27e3116e6ba@group-6AB8C2908DBE:LeaderElection89] INFO  impl.RaftServerImpl (RaftServerImpl.java:setRole(174)) - 0c640f50-2bc9-49b6-b785-a27e3116e6ba@group-6AB8C2908DBE: changes role from CANDIDATE to LEADER at term 1 for changeToLeader
2019-09-26 21:18:54,635 [0c640f50-2bc9-49b6-b785-a27e3116e6ba@group-8ADE47486BA4:LeaderElection95] INFO  impl.RaftServerImpl (ServerState.java:setLeader(253)) - 0c640f50-2bc9-49b6-b785-a27e3116e6ba@group-8ADE47486BA4: change Leader from null to 0c640f50-2bc9-49b6-b785-a27e3116e6ba at term 1 for becomeLeader, leader elected after 5747ms
2019-09-26 21:18:54,634 [09112efe-1fad-4539-a04f-c96aef6d2351@group-B66033F68487:LeaderElection96] INFO  impl.RaftServerImpl (RaftServerImpl.java:setRole(174)) - 09112efe-1fad-4539-a04f-c96aef6d2351@group-B66033F68487: changes role from CANDIDATE to LEADER at term 1 for changeToLeader
2019-09-26 21:18:54,634 [09112efe-1fad-4539-a04f-c96aef6d2351@group-F6B9EF0C2D8E:LeaderElection90] INFO  server.RaftServerConfigKeys (ConfUtils.java:logGet(43)) - raft.server.staging.catchup.gap = 1000 (default)
2019-09-26 21:18:54,636 [09112efe-1fad-4539-a04f-c96aef6d2351@group-F6B9EF0C2D8E:LeaderElection90] INFO  server.RaftServerConfigKeys (ConfUtils.java:logGet(43)) - raft.server.rpc.sleep.time = 25ms (default)
2019-09-26 21:18:54,634 [9ce0b59e-153f-4f41-8aed-492a76d80b48@group-514A1FBBA56A:LeaderElection91] INFO  impl.RaftServerImpl (RaftServerImpl.java:setRole(174)) - 9ce0b59e-153f-4f41-8aed-492a76d80b48@group-514A1FBBA56A: changes role from CANDIDATE to LEADER at term 1 for changeToLeader
2019-09-26 21:18:54,636 [9ce0b59e-153f-4f41-8aed-492a76d80b48@group-514A1FBBA56A:LeaderElection91] INFO  impl.RaftServerImpl (ServerState.java:setLeader(253)) - 9ce0b59e-153f-4f41-8aed-492a76d80b48@group-514A1FBBA56A: change Leader from null to 9ce0b59e-153f-4f41-8aed-492a76d80b48 at term 1 for becomeLeader, leader elected after 5558ms
2019-09-26 21:18:54,634 [1178c3ae-d0b4-4d44-b144-fe8504cc41ac@group-17858CE95304:LeaderElection93] INFO  impl.RoleInfo (RoleInfo.java:shutdownLeaderElection(134)) - 1178c3ae-d0b4-4d44-b144-fe8504cc41ac: shutdown LeaderElection
2019-09-26 21:18:54,637 [9ce0b59e-153f-4f41-8aed-492a76d80b48@group-514A1FBBA56A:LeaderElection91] INFO  server.RaftServerConfigKeys (ConfUtils.java:logGet(43)) - raft.server.staging.catchup.gap = 1000 (default)
2019-09-26 21:18:54,637 [9ce0b59e-153f-4f41-8aed-492a76d80b48@group-514A1FBBA56A:LeaderElection91] INFO  server.RaftServerConfigKeys (ConfUtils.java:logGet(43)) - raft.server.rpc.sleep.time = 25ms (default)
2019-09-26 21:18:54,636 [09112efe-1fad-4539-a04f-c96aef6d2351@group-B66033F68487:LeaderElection96] INFO  impl.RaftServerImpl (ServerState.java:setLeader(253)) - 09112efe-1fad-4539-a04f-c96aef6d2351@group-B66033F68487: change Leader from null to 09112efe-1fad-4539-a04f-c96aef6d2351 at term 1 for becomeLeader, leader elected after 5986ms
2019-09-26 21:18:54,636 [0c640f50-2bc9-49b6-b785-a27e3116e6ba@group-8ADE47486BA4:LeaderElection95] INFO  server.RaftServerConfigKeys (ConfUtils.java:logGet(43)) - raft.server.staging.catchup.gap = 1000 (default)
2019-09-26 21:18:54,637 [0c640f50-2bc9-49b6-b785-a27e3116e6ba@group-8ADE47486BA4:LeaderElection95] INFO  server.RaftServerConfigKeys (ConfUtils.java:logGet(43)) - raft.server.rpc.sleep.time = 25ms (default)
2019-09-26 21:18:54,636 [0c640f50-2bc9-49b6-b785-a27e3116e6ba@group-6AB8C2908DBE:LeaderElection89] INFO  impl.RaftServerImpl (ServerState.java:setLeader(253)) - 0c640f50-2bc9-49b6-b785-a27e3116e6ba@group-6AB8C2908DBE: change Leader from null to 0c640f50-2bc9-49b6-b785-a27e3116e6ba at term 1 for becomeLeader, leader elected after 5708ms
2019-09-26 21:18:54,636 [1178c3ae-d0b4-4d44-b144-fe8504cc41ac@group-1D2C931F4BA5:LeaderElection98] INFO  impl.RaftServerImpl (ServerState.java:setLeader(253)) - 1178c3ae-d0b4-4d44-b144-fe8504cc41ac@group-1D2C931F4BA5: change Leader from null to 1178c3ae-d0b4-4d44-b144-fe8504cc41ac at term 1 for becomeLeader, leader elected after 5263ms
2019-09-26 21:18:54,636 [1178c3ae-d0b4-4d44-b144-fe8504cc41ac@group-2602BE24DDFE:LeaderElection101] INFO  impl.RaftServerImpl (ServerState.java:setLeader(253)) - 1178c3ae-d0b4-4d44-b144-fe8504cc41ac@group-2602BE24DDFE: change Leader from null to 1178c3ae-d0b4-4d44-b144-fe8504cc41ac at term 1 for becomeLeader, leader elected after 6092ms
2019-09-26 21:18:54,635 [0c640f50-2bc9-49b6-b785-a27e3116e6ba@group-9DCEC7BC5751:LeaderElection99] INFO  server.RaftServerConfigKeys (ConfUtils.java:logGet(43)) - raft.server.staging.catchup.gap = 1000 (default)
2019-09-26 21:18:54,635 [9ce0b59e-153f-4f41-8aed-492a76d80b48@group-3426463BEB03:LeaderElection97] INFO  impl.RaftServerImpl (RaftServerImpl.java:setRole(174)) - 9ce0b59e-153f-4f41-8aed-492a76d80b48@group-3426463BEB03: changes role from CANDIDATE to LEADER at term 1 for changeToLeader
2019-09-26 21:18:54,638 [0c640f50-2bc9-49b6-b785-a27e3116e6ba@group-9DCEC7BC5751:LeaderElection99] INFO  server.RaftServerConfigKeys (ConfUtils.java:logGet(43)) - raft.server.rpc.sleep.time = 25ms (default)
2019-09-26 21:18:54,638 [1178c3ae-d0b4-4d44-b144-fe8504cc41ac@group-2602BE24DDFE:LeaderElection101] INFO  server.RaftServerConfigKeys (ConfUtils.java:logGet(43)) - raft.server.staging.catchup.gap = 1000 (default)
2019-09-26 21:18:54,638 [1178c3ae-d0b4-4d44-b144-fe8504cc41ac@group-2602BE24DDFE:LeaderElection101] INFO  server.RaftServerConfigKeys (ConfUtils.java:logGet(43)) - raft.server.rpc.sleep.time = 25ms (default)
2019-09-26 21:18:54,638 [1178c3ae-d0b4-4d44-b144-fe8504cc41ac@group-1D2C931F4BA5:LeaderElection98] INFO  server.RaftServerConfigKeys (ConfUtils.java:logGet(43)) - raft.server.staging.catchup.gap = 1000 (default)
2019-09-26 21:18:54,638 [1178c3ae-d0b4-4d44-b144-fe8504cc41ac@group-1D2C931F4BA5:LeaderElection98] INFO  server.RaftServerConfigKeys (ConfUtils.java:logGet(43)) - raft.server.rpc.sleep.time = 25ms (default)
2019-09-26 21:18:54,637 [0c640f50-2bc9-49b6-b785-a27e3116e6ba@group-6AB8C2908DBE:LeaderElection89] INFO  server.RaftServerConfigKeys (ConfUtils.java:logGet(43)) - raft.server.staging.catchup.gap = 1000 (default)
2019-09-26 21:18:54,637 [09112efe-1fad-4539-a04f-c96aef6d2351@group-B66033F68487:LeaderElection96] INFO  server.RaftServerConfigKeys (ConfUtils.java:logGet(43)) - raft.server.staging.catchup.gap = 1000 (default)
2019-09-26 21:18:54,637 [1178c3ae-d0b4-4d44-b144-fe8504cc41ac@group-17858CE95304:LeaderElection93] INFO  impl.RaftServerImpl (RaftServerImpl.java:setRole(174)) - 1178c3ae-d0b4-4d44-b144-fe8504cc41ac@group-17858CE95304: changes role from CANDIDATE to LEADER at term 1 for changeToLeader
2019-09-26 21:18:54,639 [09112efe-1fad-4539-a04f-c96aef6d2351@group-B66033F68487:LeaderElection96] INFO  server.RaftServerConfigKeys (ConfUtils.java:logGet(43)) - raft.server.rpc.sleep.time = 25ms (default)
2019-09-26 21:18:54,639 [0c640f50-2bc9-49b6-b785-a27e3116e6ba@group-6AB8C2908DBE:LeaderElection89] INFO  server.RaftServerConfigKeys (ConfUtils.java:logGet(43)) - raft.server.rpc.sleep.time = 25ms (default)
2019-09-26 21:18:54,638 [9ce0b59e-153f-4f41-8aed-492a76d80b48@group-3426463BEB03:LeaderElection97] INFO  impl.RaftServerImpl (ServerState.java:setLeader(253)) - 9ce0b59e-153f-4f41-8aed-492a76d80b48@group-3426463BEB03: change Leader from null to 9ce0b59e-153f-4f41-8aed-492a76d80b48 at term 1 for becomeLeader, leader elected after 5178ms
2019-09-26 21:18:54,639 [1178c3ae-d0b4-4d44-b144-fe8504cc41ac@group-17858CE95304:LeaderElection93] INFO  impl.RaftServerImpl (ServerState.java:setLeader(253)) - 1178c3ae-d0b4-4d44-b144-fe8504cc41ac@group-17858CE95304: change Leader from null to 1178c3ae-d0b4-4d44-b144-fe8504cc41ac at term 1 for becomeLeader, leader elected after 5448ms
2019-09-26 21:18:54,639 [9ce0b59e-153f-4f41-8aed-492a76d80b48@group-3426463BEB03:LeaderElection97] INFO  server.RaftServerConfigKeys (ConfUtils.java:logGet(43)) - raft.server.staging.catchup.gap = 1000 (default)
2019-09-26 21:18:54,639 [1178c3ae-d0b4-4d44-b144-fe8504cc41ac@group-17858CE95304:LeaderElection93] INFO  server.RaftServerConfigKeys (ConfUtils.java:logGet(43)) - raft.server.staging.catchup.gap = 1000 (default)
2019-09-26 21:18:54,640 [9ce0b59e-153f-4f41-8aed-492a76d80b48@group-3426463BEB03:LeaderElection97] INFO  server.RaftServerConfigKeys (ConfUtils.java:logGet(43)) - raft.server.rpc.sleep.time = 25ms (default)
2019-09-26 21:18:54,640 [1178c3ae-d0b4-4d44-b144-fe8504cc41ac@group-17858CE95304:LeaderElection93] INFO  server.RaftServerConfigKeys (ConfUtils.java:logGet(43)) - raft.server.rpc.sleep.time = 25ms (default)
2019-09-26 21:18:54,656 [1178c3ae-d0b4-4d44-b144-fe8504cc41ac@group-17858CE95304:LeaderElection93] INFO  server.RaftServerConfigKeys (ConfUtils.java:logGet(43)) - raft.server.write.element-limit = 4096 (default)
2019-09-26 21:18:54,656 [09112efe-1fad-4539-a04f-c96aef6d2351@group-B66033F68487:LeaderElection96] INFO  server.RaftServerConfigKeys (ConfUtils.java:logGet(43)) - raft.server.write.element-limit = 4096 (default)
2019-09-26 21:18:54,656 [1178c3ae-d0b4-4d44-b144-fe8504cc41ac@group-2602BE24DDFE:LeaderElection101] INFO  server.RaftServerConfigKeys (ConfUtils.java:logGet(43)) - raft.server.write.element-limit = 4096 (default)
2019-09-26 21:18:54,656 [9ce0b59e-153f-4f41-8aed-492a76d80b48@group-514A1FBBA56A:LeaderElection91] INFO  server.RaftServerConfigKeys (ConfUtils.java:logGet(43)) - raft.server.write.element-limit = 4096 (default)
2019-09-26 21:18:54,656 [0c640f50-2bc9-49b6-b785-a27e3116e6ba@group-6AB8C2908DBE:LeaderElection89] INFO  server.RaftServerConfigKeys (ConfUtils.java:logGet(43)) - raft.server.write.element-limit = 4096 (default)
2019-09-26 21:18:54,656 [9ce0b59e-153f-4f41-8aed-492a76d80b48@group-3426463BEB03:LeaderElection97] INFO  server.RaftServerConfigKeys (ConfUtils.java:logGet(43)) - raft.server.write.element-limit = 4096 (default)
2019-09-26 21:18:54,661 [0c640f50-2bc9-49b6-b785-a27e3116e6ba@group-6AB8C2908DBE:LeaderElection89] INFO  server.RaftServerConfigKeys (ConfUtils.java:logGet(43)) - raft.server.watch.timeout = 10s (default)
2019-09-26 21:18:54,661 [0c640f50-2bc9-49b6-b785-a27e3116e6ba@group-6AB8C2908DBE:LeaderElection89] INFO  server.RaftServerConfigKeys (ConfUtils.java:logGet(43)) - raft.server.watch.timeout.denomination = 1s (default)
2019-09-26 21:18:54,659 [09112efe-1fad-4539-a04f-c96aef6d2351@group-F6B9EF0C2D8E:LeaderElection90] INFO  server.RaftServerConfigKeys (ConfUtils.java:logGet(43)) - raft.server.write.element-limit = 4096 (default)
2019-09-26 21:18:54,661 [9ce0b59e-153f-4f41-8aed-492a76d80b48@group-514A1FBBA56A:LeaderElection91] INFO  server.RaftServerConfigKeys (ConfUtils.java:logGet(43)) - raft.server.watch.timeout = 10s (default)
2019-09-26 21:18:54,662 [9ce0b59e-153f-4f41-8aed-492a76d80b48@group-514A1FBBA56A:LeaderElection91] INFO  server.RaftServerConfigKeys (ConfUtils.java:logGet(43)) - raft.server.watch.timeout.denomination = 1s (default)
2019-09-26 21:18:54,661 [1178c3ae-d0b4-4d44-b144-fe8504cc41ac@group-2602BE24DDFE:LeaderElection101] INFO  server.RaftServerConfigKeys (ConfUtils.java:logGet(43)) - raft.server.watch.timeout = 10s (default)
2019-09-26 21:18:54,656 [0c640f50-2bc9-49b6-b785-a27e3116e6ba@group-8ADE47486BA4:LeaderElection95] INFO  server.RaftServerConfigKeys (ConfUtils.java:logGet(43)) - raft.server.write.element-limit = 4096 (default)
2019-09-26 21:18:54,656 [0c640f50-2bc9-49b6-b785-a27e3116e6ba@group-9DCEC7BC5751:LeaderElection99] INFO  server.RaftServerConfigKeys (ConfUtils.java:logGet(43)) - raft.server.write.element-limit = 4096 (default)
2019-09-26 21:18:54,656 [09112efe-1fad-4539-a04f-c96aef6d2351@group-B66033F68487:LeaderElection96] INFO  server.RaftServerConfigKeys (ConfUtils.java:logGet(43)) - raft.server.watch.timeout = 10s (default)
2019-09-26 21:18:54,663 [09112efe-1fad-4539-a04f-c96aef6d2351@group-B66033F68487:LeaderElection96] INFO  server.RaftServerConfigKeys (ConfUtils.java:logGet(43)) - raft.server.watch.timeout.denomination = 1s (default)
2019-09-26 21:18:54,656 [1178c3ae-d0b4-4d44-b144-fe8504cc41ac@group-1D2C931F4BA5:LeaderElection98] INFO  server.RaftServerConfigKeys (ConfUtils.java:logGet(43)) - raft.server.write.element-limit = 4096 (default)
2019-09-26 21:18:54,656 [1178c3ae-d0b4-4d44-b144-fe8504cc41ac@group-17858CE95304:LeaderElection93] INFO  server.RaftServerConfigKeys (ConfUtils.java:logGet(43)) - raft.server.watch.timeout = 10s (default)
2019-09-26 21:18:54,663 [1178c3ae-d0b4-4d44-b144-fe8504cc41ac@group-1D2C931F4BA5:LeaderElection98] INFO  server.RaftServerConfigKeys (ConfUtils.java:logGet(43)) - raft.server.watch.timeout = 10s (default)
2019-09-26 21:18:54,663 [1178c3ae-d0b4-4d44-b144-fe8504cc41ac@group-1D2C931F4BA5:LeaderElection98] INFO  server.RaftServerConfigKeys (ConfUtils.java:logGet(43)) - raft.server.watch.timeout.denomination = 1s (default)
2019-09-26 21:18:54,663 [09112efe-1fad-4539-a04f-c96aef6d2351@group-B66033F68487:LeaderElection96] INFO  server.RaftServerConfigKeys (ConfUtils.java:logGet(43)) - raft.server.watch.element-limit = 65536 (default)
2019-09-26 21:18:54,663 [0c640f50-2bc9-49b6-b785-a27e3116e6ba@group-9DCEC7BC5751:LeaderElection99] INFO  server.RaftServerConfigKeys (ConfUtils.java:logGet(43)) - raft.server.watch.timeout = 10s (default)
2019-09-26 21:18:54,662 [0c640f50-2bc9-49b6-b785-a27e3116e6ba@group-8ADE47486BA4:LeaderElection95] INFO  server.RaftServerConfigKeys (ConfUtils.java:logGet(43)) - raft.server.watch.timeout = 10s (default)
2019-09-26 21:18:54,664 [0c640f50-2bc9-49b6-b785-a27e3116e6ba@group-8ADE47486BA4:LeaderElection95] INFO  server.RaftServerConfigKeys (ConfUtils.java:logGet(43)) - raft.server.watch.timeout.denomination = 1s (default)
2019-09-26 21:18:54,662 [1178c3ae-d0b4-4d44-b144-fe8504cc41ac@group-2602BE24DDFE:LeaderElection101] INFO  server.RaftServerConfigKeys (ConfUtils.java:logGet(43)) - raft.server.watch.timeout.denomination = 1s (default)
2019-09-26 21:18:54,664 [1178c3ae-d0b4-4d44-b144-fe8504cc41ac@group-2602BE24DDFE:LeaderElection101] INFO  server.RaftServerConfigKeys (ConfUtils.java:logGet(43)) - raft.server.watch.element-limit = 65536 (default)
2019-09-26 21:18:54,662 [9ce0b59e-153f-4f41-8aed-492a76d80b48@group-514A1FBBA56A:LeaderElection91] INFO  server.RaftServerConfigKeys (ConfUtils.java:logGet(43)) - raft.server.watch.element-limit = 65536 (default)
2019-09-26 21:18:54,662 [09112efe-1fad-4539-a04f-c96aef6d2351@group-F6B9EF0C2D8E:LeaderElection90] INFO  server.RaftServerConfigKeys (ConfUtils.java:logGet(43)) - raft.server.watch.timeout = 10s (default)
2019-09-26 21:18:54,664 [09112efe-1fad-4539-a04f-c96aef6d2351@group-F6B9EF0C2D8E:LeaderElection90] INFO  server.RaftServerConfigKeys (ConfUtils.java:logGet(43)) - raft.server.watch.timeout.denomination = 1s (default)
2019-09-26 21:18:54,662 [0c640f50-2bc9-49b6-b785-a27e3116e6ba@group-6AB8C2908DBE:LeaderElection89] INFO  server.RaftServerConfigKeys (ConfUtils.java:logGet(43)) - raft.server.watch.element-limit = 65536 (default)
2019-09-26 21:18:54,661 [9ce0b59e-153f-4f41-8aed-492a76d80b48@group-3426463BEB03:LeaderElection97] INFO  server.RaftServerConfigKeys (ConfUtils.java:logGet(43)) - raft.server.watch.timeout = 10s (default)
2019-09-26 21:18:54,664 [09112efe-1fad-4539-a04f-c96aef6d2351@group-F6B9EF0C2D8E:LeaderElection90] INFO  server.RaftServerConfigKeys (ConfUtils.java:logGet(43)) - raft.server.watch.element-limit = 65536 (default)
2019-09-26 21:18:54,664 [0c640f50-2bc9-49b6-b785-a27e3116e6ba@group-8ADE47486BA4:LeaderElection95] INFO  server.RaftServerConfigKeys (ConfUtils.java:logGet(43)) - raft.server.watch.element-limit = 65536 (default)
2019-09-26 21:18:54,664 [0c640f50-2bc9-49b6-b785-a27e3116e6ba@group-9DCEC7BC5751:LeaderElection99] INFO  server.RaftServerConfigKeys (ConfUtils.java:logGet(43)) - raft.server.watch.timeout.denomination = 1s (default)
2019-09-26 21:18:54,663 [1178c3ae-d0b4-4d44-b144-fe8504cc41ac@group-1D2C931F4BA5:LeaderElection98] INFO  server.RaftServerConfigKeys (ConfUtils.java:logGet(43)) - raft.server.watch.element-limit = 65536 (default)
2019-09-26 21:18:54,663 [1178c3ae-d0b4-4d44-b144-fe8504cc41ac@group-17858CE95304:LeaderElection93] INFO  server.RaftServerConfigKeys (ConfUtils.java:logGet(43)) - raft.server.watch.timeout.denomination = 1s (default)
2019-09-26 21:18:54,665 [0c640f50-2bc9-49b6-b785-a27e3116e6ba@group-9DCEC7BC5751:LeaderElection99] INFO  server.RaftServerConfigKeys (ConfUtils.java:logGet(43)) - raft.server.watch.element-limit = 65536 (default)
2019-09-26 21:18:54,665 [9ce0b59e-153f-4f41-8aed-492a76d80b48@group-3426463BEB03:LeaderElection97] INFO  server.RaftServerConfigKeys (ConfUtils.java:logGet(43)) - raft.server.watch.timeout.denomination = 1s (default)
2019-09-26 21:18:54,665 [1178c3ae-d0b4-4d44-b144-fe8504cc41ac@group-17858CE95304:LeaderElection93] INFO  server.RaftServerConfigKeys (ConfUtils.java:logGet(43)) - raft.server.watch.element-limit = 65536 (default)
2019-09-26 21:18:54,666 [9ce0b59e-153f-4f41-8aed-492a76d80b48@group-3426463BEB03:LeaderElection97] INFO  server.RaftServerConfigKeys (ConfUtils.java:logGet(43)) - raft.server.watch.element-limit = 65536 (default)
2019-09-26 21:18:54,722 [Thread-598] INFO  impl.FollowerState (FollowerState.java:run(106)) - 1178c3ae-d0b4-4d44-b144-fe8504cc41ac:group-69CE5E8A1F29 changes to CANDIDATE, lastRpcTime:5035, electionTimeout:5035ms
2019-09-26 21:18:54,722 [Thread-598] INFO  impl.RoleInfo (RoleInfo.java:shutdownFollowerState(121)) - 1178c3ae-d0b4-4d44-b144-fe8504cc41ac: shutdown FollowerState
2019-09-26 21:18:54,722 [Thread-598] INFO  impl.RaftServerImpl (RaftServerImpl.java:setRole(174)) - 1178c3ae-d0b4-4d44-b144-fe8504cc41ac@group-69CE5E8A1F29: changes role from  FOLLOWER to CANDIDATE at term 0 for changeToCandidate
2019-09-26 21:18:54,722 [Thread-598] INFO  impl.RoleInfo (RoleInfo.java:updateAndGet(143)) - 1178c3ae-d0b4-4d44-b144-fe8504cc41ac: start LeaderElection
2019-09-26 21:18:54,726 [Thread-594] INFO  impl.FollowerState (FollowerState.java:run(106)) - 9ce0b59e-153f-4f41-8aed-492a76d80b48:group-7A18C9E9D23C changes to CANDIDATE, lastRpcTime:5083, electionTimeout:5082ms
2019-09-26 21:18:54,726 [Thread-594] INFO  impl.RoleInfo (RoleInfo.java:shutdownFollowerState(121)) - 9ce0b59e-153f-4f41-8aed-492a76d80b48: shutdown FollowerState
2019-09-26 21:18:54,727 [Thread-594] INFO  impl.RaftServerImpl (RaftServerImpl.java:setRole(174)) - 9ce0b59e-153f-4f41-8aed-492a76d80b48@group-7A18C9E9D23C: changes role from  FOLLOWER to CANDIDATE at term 0 for changeToCandidate
2019-09-26 21:18:54,727 [Thread-594] INFO  impl.RoleInfo (RoleInfo.java:updateAndGet(143)) - 9ce0b59e-153f-4f41-8aed-492a76d80b48: start LeaderElection
2019-09-26 21:18:54,831 [Thread-589] INFO  impl.FollowerState (FollowerState.java:run(106)) - 9ce0b59e-153f-4f41-8aed-492a76d80b48:group-91179EE64C12 changes to CANDIDATE, lastRpcTime:5302, electionTimeout:5177ms
2019-09-26 21:18:54,831 [1178c3ae-d0b4-4d44-b144-fe8504cc41ac@group-69CE5E8A1F29:LeaderElection109] INFO  impl.LeaderElection (LeaderElection.java:askForVotes(182)) - 1178c3ae-d0b4-4d44-b144-fe8504cc41ac@group-69CE5E8A1F29:LeaderElection109: begin an election at term 1 for -1: [1178c3ae-d0b4-4d44-b144-fe8504cc41ac:192.168.151.99:33787], old=null
2019-09-26 21:18:54,831 [Thread-589] INFO  impl.RoleInfo (RoleInfo.java:shutdownFollowerState(121)) - 9ce0b59e-153f-4f41-8aed-492a76d80b48: shutdown FollowerState
2019-09-26 21:18:54,831 [1178c3ae-d0b4-4d44-b144-fe8504cc41ac@group-69CE5E8A1F29:LeaderElection109] INFO  impl.RoleInfo (RoleInfo.java:shutdownLeaderElection(134)) - 1178c3ae-d0b4-4d44-b144-fe8504cc41ac: shutdown LeaderElection
2019-09-26 21:18:54,831 [Thread-589] INFO  impl.RaftServerImpl (RaftServerImpl.java:setRole(174)) - 9ce0b59e-153f-4f41-8aed-492a76d80b48@group-91179EE64C12: changes role from  FOLLOWER to CANDIDATE at term 0 for changeToCandidate
2019-09-26 21:18:54,831 [1178c3ae-d0b4-4d44-b144-fe8504cc41ac@group-69CE5E8A1F29:LeaderElection109] INFO  impl.RaftServerImpl (RaftServerImpl.java:setRole(174)) - 1178c3ae-d0b4-4d44-b144-fe8504cc41ac@group-69CE5E8A1F29: changes role from CANDIDATE to LEADER at term 1 for changeToLeader
2019-09-26 21:18:54,831 [Thread-589] INFO  impl.RoleInfo (RoleInfo.java:updateAndGet(143)) - 9ce0b59e-153f-4f41-8aed-492a76d80b48: start LeaderElection
2019-09-26 21:18:54,831 [1178c3ae-d0b4-4d44-b144-fe8504cc41ac@group-69CE5E8A1F29:LeaderElection109] INFO  impl.RaftServerImpl (ServerState.java:setLeader(253)) - 1178c3ae-d0b4-4d44-b144-fe8504cc41ac@group-69CE5E8A1F29: change Leader from null to 1178c3ae-d0b4-4d44-b144-fe8504cc41ac at term 1 for becomeLeader, leader elected after 5149ms
2019-09-26 21:18:54,832 [1178c3ae-d0b4-4d44-b144-fe8504cc41ac@group-69CE5E8A1F29:LeaderElection109] INFO  server.RaftServerConfigKeys (ConfUtils.java:logGet(43)) - raft.server.staging.catchup.gap = 1000 (default)
2019-09-26 21:18:54,835 [1178c3ae-d0b4-4d44-b144-fe8504cc41ac@group-69CE5E8A1F29:LeaderElection109] INFO  server.RaftServerConfigKeys (ConfUtils.java:logGet(43)) - raft.server.rpc.sleep.time = 25ms (default)
2019-09-26 21:18:54,835 [1178c3ae-d0b4-4d44-b144-fe8504cc41ac@group-69CE5E8A1F29:LeaderElection109] INFO  server.RaftServerConfigKeys (ConfUtils.java:logGet(43)) - raft.server.write.element-limit = 4096 (default)
2019-09-26 21:18:54,835 [1178c3ae-d0b4-4d44-b144-fe8504cc41ac@group-69CE5E8A1F29:LeaderElection109] INFO  server.RaftServerConfigKeys (ConfUtils.java:logGet(43)) - raft.server.watch.timeout = 10s (default)
2019-09-26 21:18:54,835 [1178c3ae-d0b4-4d44-b144-fe8504cc41ac@group-69CE5E8A1F29:LeaderElection109] INFO  server.RaftServerConfigKeys (ConfUtils.java:logGet(43)) - raft.server.watch.timeout.denomination = 1s (default)
2019-09-26 21:18:54,835 [1178c3ae-d0b4-4d44-b144-fe8504cc41ac@group-69CE5E8A1F29:LeaderElection109] INFO  server.RaftServerConfigKeys (ConfUtils.java:logGet(43)) - raft.server.watch.element-limit = 65536 (default)
2019-09-26 21:18:54,838 [1178c3ae-d0b4-4d44-b144-fe8504cc41ac@group-94699E98B741-SegmentedRaftLogWorker] ERROR segmented.SegmentedRaftLogWorker (SegmentedRaftLogWorker.java:run(323)) - 1178c3ae-d0b4-4d44-b144-fe8504cc41ac@group-94699E98B741-SegmentedRaftLogWorker hit exception
java.lang.OutOfMemoryError: Direct buffer memory
	at java.nio.Bits.reserveMemory(Bits.java:666)
	at java.nio.DirectByteBuffer.<init>(DirectByteBuffer.java:123)
	at java.nio.ByteBuffer.allocateDirect(ByteBuffer.java:311)
	at org.apache.ratis.server.raftlog.segmented.BufferedWriteChannel.<init>(BufferedWriteChannel.java:41)
	at org.apache.ratis.server.raftlog.segmented.SegmentedRaftLogOutputStream.<init>(SegmentedRaftLogOutputStream.java:72)
	at org.apache.ratis.server.raftlog.segmented.SegmentedRaftLogWorker$StartLogSegment.execute(SegmentedRaftLogWorker.java:566)
	at org.apache.ratis.server.raftlog.segmented.SegmentedRaftLogWorker.run(SegmentedRaftLogWorker.java:289)
	at java.lang.Thread.run(Thread.java:748)
2019-09-26 21:18:54,838 [da833d8d-e72a-4068-9560-4daa2d83adc2@group-D33BFD4E17F0-SegmentedRaftLogWorker] ERROR segmented.SegmentedRaftLogWorker (SegmentedRaftLogWorker.java:run(323)) - da833d8d-e72a-4068-9560-4daa2d83adc2@group-D33BFD4E17F0-SegmentedRaftLogWorker hit exception
java.lang.OutOfMemoryError: Direct buffer memory
	at java.nio.Bits.reserveMemory(Bits.java:666)
	at java.nio.DirectByteBuffer.<init>(DirectByteBuffer.java:123)
	at java.nio.ByteBuffer.allocateDirect(ByteBuffer.java:311)
	at org.apache.ratis.server.raftlog.segmented.BufferedWriteChannel.<init>(BufferedWriteChannel.java:41)
	at org.apache.ratis.server.raftlog.segmented.SegmentedRaftLogOutputStream.<init>(SegmentedRaftLogOutputStream.java:72)
	at org.apache.ratis.server.raftlog.segmented.SegmentedRaftLogWorker$StartLogSegment.execute(SegmentedRaftLogWorker.java:566)
	at org.apache.ratis.server.raftlog.segmented.SegmentedRaftLogWorker.run(SegmentedRaftLogWorker.java:289)
	at java.lang.Thread.run(Thread.java:748)
2019-09-26 21:18:54,839 [da833d8d-e72a-4068-9560-4daa2d83adc2@group-D33BFD4E17F0-SegmentedRaftLogWorker] INFO  impl.RaftServerImpl (RaftServerImpl.java:lambda$shutdown$3(251)) - da833d8d-e72a-4068-9560-4daa2d83adc2@group-D33BFD4E17F0: shutdown
2019-09-26 21:18:54,839 [1178c3ae-d0b4-4d44-b144-fe8504cc41ac@group-94699E98B741-SegmentedRaftLogWorker] INFO  impl.RaftServerImpl (RaftServerImpl.java:lambda$shutdown$3(251)) - 1178c3ae-d0b4-4d44-b144-fe8504cc41ac@group-94699E98B741: shutdown
2019-09-26 21:18:54,839 [da833d8d-e72a-4068-9560-4daa2d83adc2@group-D33BFD4E17F0-SegmentedRaftLogWorker] INFO  util.JmxRegister (JmxRegister.java:unregister(73)) - Successfully un-registered JMX Bean with object name Ratis:service=RaftServer,group=group-D33BFD4E17F0,id=da833d8d-e72a-4068-9560-4daa2d83adc2
2019-09-26 21:18:54,839 [1178c3ae-d0b4-4d44-b144-fe8504cc41ac@group-94699E98B741-SegmentedRaftLogWorker] INFO  util.JmxRegister (JmxRegister.java:unregister(73)) - Successfully un-registered JMX Bean with object name Ratis:service=RaftServer,group=group-94699E98B741,id=1178c3ae-d0b4-4d44-b144-fe8504cc41ac
2019-09-26 21:18:54,839 [da833d8d-e72a-4068-9560-4daa2d83adc2@group-D33BFD4E17F0-SegmentedRaftLogWorker] INFO  impl.RoleInfo (RoleInfo.java:shutdownLeaderState(104)) - da833d8d-e72a-4068-9560-4daa2d83adc2: shutdown LeaderState
2019-09-26 21:18:54,840 [1178c3ae-d0b4-4d44-b144-fe8504cc41ac@group-94699E98B741-SegmentedRaftLogWorker] INFO  impl.RoleInfo (RoleInfo.java:shutdownLeaderState(104)) - 1178c3ae-d0b4-4d44-b144-fe8504cc41ac: shutdown LeaderState
2019-09-26 21:18:54,840 [da833d8d-e72a-4068-9560-4daa2d83adc2@group-D33BFD4E17F0-SegmentedRaftLogWorker] INFO  impl.PendingRequests (PendingRequests.java:sendNotLeaderResponses(202)) - da833d8d-e72a-4068-9560-4daa2d83adc2-PendingRequests: sendNotLeaderResponses
2019-09-26 21:18:54,840 [1178c3ae-d0b4-4d44-b144-fe8504cc41ac@group-94699E98B741-SegmentedRaftLogWorker] INFO  impl.PendingRequests (PendingRequests.java:sendNotLeaderResponses(202)) - 1178c3ae-d0b4-4d44-b144-fe8504cc41ac-PendingRequests: sendNotLeaderResponses
2019-09-26 21:18:54,840 [da833d8d-e72a-4068-9560-4daa2d83adc2@group-D33BFD4E17F0-SegmentedRaftLogWorker] INFO  impl.StateMachineUpdater (StateMachineUpdater.java:stopAndJoin(125)) - da833d8d-e72a-4068-9560-4daa2d83adc2@group-D33BFD4E17F0-StateMachineUpdater: set stopIndex = -1
2019-09-26 21:18:54,840 [1178c3ae-d0b4-4d44-b144-fe8504cc41ac@group-94699E98B741-SegmentedRaftLogWorker] INFO  impl.StateMachineUpdater (StateMachineUpdater.java:stopAndJoin(125)) - 1178c3ae-d0b4-4d44-b144-fe8504cc41ac@group-94699E98B741-StateMachineUpdater: set stopIndex = -1
2019-09-26 21:18:54,841 [da833d8d-e72a-4068-9560-4daa2d83adc2@group-D33BFD4E17F0-SegmentedRaftLogWorker] INFO  impl.RaftServerImpl (ServerState.java:close(385)) - da833d8d-e72a-4068-9560-4daa2d83adc2@group-D33BFD4E17F0: closes. applyIndex: -1
2019-09-26 21:18:54,841 [da833d8d-e72a-4068-9560-4daa2d83adc2@group-D33BFD4E17F0-SegmentedRaftLogWorker] INFO  segmented.SegmentedRaftLogWorker (SegmentedRaftLogWorker.java:close(228)) - da833d8d-e72a-4068-9560-4daa2d83adc2@group-D33BFD4E17F0-SegmentedRaftLogWorker close()
2019-09-26 21:18:54,841 [1178c3ae-d0b4-4d44-b144-fe8504cc41ac@group-94699E98B741-SegmentedRaftLogWorker] INFO  impl.RaftServerImpl (ServerState.java:close(385)) - 1178c3ae-d0b4-4d44-b144-fe8504cc41ac@group-94699E98B741: closes. applyIndex: -1
2019-09-26 21:18:54,845 [1178c3ae-d0b4-4d44-b144-fe8504cc41ac@group-94699E98B741-SegmentedRaftLogWorker] INFO  segmented.SegmentedRaftLogWorker (SegmentedRaftLogWorker.java:close(228)) - 1178c3ae-d0b4-4d44-b144-fe8504cc41ac@group-94699E98B741-SegmentedRaftLogWorker close()
2019-09-26 21:18:54,854 [9ce0b59e-153f-4f41-8aed-492a76d80b48@group-91179EE64C12:LeaderElection111] INFO  impl.LeaderElection (LeaderElection.java:askForVotes(182)) - 9ce0b59e-153f-4f41-8aed-492a76d80b48@group-91179EE64C12:LeaderElection111: begin an election at term 1 for -1: [9ce0b59e-153f-4f41-8aed-492a76d80b48:192.168.151.99:34156], old=null
2019-09-26 21:18:54,854 [9ce0b59e-153f-4f41-8aed-492a76d80b48@group-7A18C9E9D23C:LeaderElection110] INFO  impl.LeaderElection (LeaderElection.java:askForVotes(182)) - 9ce0b59e-153f-4f41-8aed-492a76d80b48@group-7A18C9E9D23C:LeaderElection110: begin an election at term 1 for -1: [9ce0b59e-153f-4f41-8aed-492a76d80b48:192.168.151.99:34156], old=null
2019-09-26 21:18:54,854 [9ce0b59e-153f-4f41-8aed-492a76d80b48@group-91179EE64C12:LeaderElection111] INFO  impl.RoleInfo (RoleInfo.java:shutdownLeaderElection(134)) - 9ce0b59e-153f-4f41-8aed-492a76d80b48: shutdown LeaderElection
2019-09-26 21:18:54,855 [9ce0b59e-153f-4f41-8aed-492a76d80b48@group-7A18C9E9D23C:LeaderElection110] INFO  impl.RoleInfo (RoleInfo.java:shutdownLeaderElection(134)) - 9ce0b59e-153f-4f41-8aed-492a76d80b48: shutdown LeaderElection
2019-09-26 21:18:54,855 [9ce0b59e-153f-4f41-8aed-492a76d80b48@group-91179EE64C12:LeaderElection111] INFO  impl.RaftServerImpl (RaftServerImpl.java:setRole(174)) - 9ce0b59e-153f-4f41-8aed-492a76d80b48@group-91179EE64C12: changes role from CANDIDATE to LEADER at term 1 for changeToLeader
2019-09-26 21:18:54,855 [9ce0b59e-153f-4f41-8aed-492a76d80b48@group-7A18C9E9D23C:LeaderElection110] INFO  impl.RaftServerImpl (RaftServerImpl.java:setRole(174)) - 9ce0b59e-153f-4f41-8aed-492a76d80b48@group-7A18C9E9D23C: changes role from CANDIDATE to LEADER at term 1 for changeToLeader
2019-09-26 21:18:54,855 [9ce0b59e-153f-4f41-8aed-492a76d80b48@group-91179EE64C12:LeaderElection111] INFO  impl.RaftServerImpl (ServerState.java:setLeader(253)) - 9ce0b59e-153f-4f41-8aed-492a76d80b48@group-91179EE64C12: change Leader from null to 9ce0b59e-153f-4f41-8aed-492a76d80b48 at term 1 for becomeLeader, leader elected after 5336ms
2019-09-26 21:18:54,855 [9ce0b59e-153f-4f41-8aed-492a76d80b48@group-7A18C9E9D23C:LeaderElection110] INFO  impl.RaftServerImpl (ServerState.java:setLeader(253)) - 9ce0b59e-153f-4f41-8aed-492a76d80b48@group-7A18C9E9D23C: change Leader from null to 9ce0b59e-153f-4f41-8aed-492a76d80b48 at term 1 for becomeLeader, leader elected after 5220ms
2019-09-26 21:18:54,855 [9ce0b59e-153f-4f41-8aed-492a76d80b48@group-91179EE64C12:LeaderElection111] INFO  server.RaftServerConfigKeys (ConfUtils.java:logGet(43)) - raft.server.staging.catchup.gap = 1000 (default)
2019-09-26 21:18:54,856 [9ce0b59e-153f-4f41-8aed-492a76d80b48@group-7A18C9E9D23C:LeaderElection110] INFO  server.RaftServerConfigKeys (ConfUtils.java:logGet(43)) - raft.server.staging.catchup.gap = 1000 (default)
2019-09-26 21:18:54,856 [9ce0b59e-153f-4f41-8aed-492a76d80b48@group-7A18C9E9D23C:LeaderElection110] INFO  server.RaftServerConfigKeys (ConfUtils.java:logGet(43)) - raft.server.rpc.sleep.time = 25ms (default)
2019-09-26 21:18:54,856 [9ce0b59e-153f-4f41-8aed-492a76d80b48@group-91179EE64C12:LeaderElection111] INFO  server.RaftServerConfigKeys (ConfUtils.java:logGet(43)) - raft.server.rpc.sleep.time = 25ms (default)
2019-09-26 21:18:54,856 [9ce0b59e-153f-4f41-8aed-492a76d80b48@group-7A18C9E9D23C:LeaderElection110] INFO  server.RaftServerConfigKeys (ConfUtils.java:logGet(43)) - raft.server.write.element-limit = 4096 (default)
2019-09-26 21:18:54,856 [9ce0b59e-153f-4f41-8aed-492a76d80b48@group-91179EE64C12:LeaderElection111] INFO  server.RaftServerConfigKeys (ConfUtils.java:logGet(43)) - raft.server.write.element-limit = 4096 (default)
2019-09-26 21:18:54,856 [9ce0b59e-153f-4f41-8aed-492a76d80b48@group-7A18C9E9D23C:LeaderElection110] INFO  server.RaftServerConfigKeys (ConfUtils.java:logGet(43)) - raft.server.watch.timeout = 10s (default)
2019-09-26 21:18:54,856 [9ce0b59e-153f-4f41-8aed-492a76d80b48@group-91179EE64C12:LeaderElection111] INFO  server.RaftServerConfigKeys (ConfUtils.java:logGet(43)) - raft.server.watch.timeout = 10s (default)
2019-09-26 21:18:54,857 [9ce0b59e-153f-4f41-8aed-492a76d80b48@group-7A18C9E9D23C:LeaderElection110] INFO  server.RaftServerConfigKeys (ConfUtils.java:logGet(43)) - raft.server.watch.timeout.denomination = 1s (default)
2019-09-26 21:18:54,857 [9ce0b59e-153f-4f41-8aed-492a76d80b48@group-91179EE64C12:LeaderElection111] INFO  server.RaftServerConfigKeys (ConfUtils.java:logGet(43)) - raft.server.watch.timeout.denomination = 1s (default)
2019-09-26 21:18:54,857 [9ce0b59e-153f-4f41-8aed-492a76d80b48@group-7A18C9E9D23C:LeaderElection110] INFO  server.RaftServerConfigKeys (ConfUtils.java:logGet(43)) - raft.server.watch.element-limit = 65536 (default)
2019-09-26 21:18:54,857 [9ce0b59e-153f-4f41-8aed-492a76d80b48@group-91179EE64C12:LeaderElection111] INFO  server.RaftServerConfigKeys (ConfUtils.java:logGet(43)) - raft.server.watch.element-limit = 65536 (default)
2019-09-26 21:18:54,867 [1178c3ae-d0b4-4d44-b144-fe8504cc41ac@group-69CE5E8A1F29:LeaderElection109] INFO  impl.RoleInfo (RoleInfo.java:updateAndGet(143)) - 1178c3ae-d0b4-4d44-b144-fe8504cc41ac: start LeaderState
2019-09-26 21:18:54,867 [1178c3ae-d0b4-4d44-b144-fe8504cc41ac@group-69CE5E8A1F29:LeaderElection109] INFO  segmented.SegmentedRaftLogWorker (SegmentedRaftLogWorker.java:startLogSegment(380)) - 1178c3ae-d0b4-4d44-b144-fe8504cc41ac@group-69CE5E8A1F29-SegmentedRaftLogWorker: Starting segment from index:0
2019-09-26 21:18:54,868 [1178c3ae-d0b4-4d44-b144-fe8504cc41ac@group-69CE5E8A1F29:LeaderElection109] INFO  impl.RaftServerImpl (ServerState.java:setRaftConf(354)) - 1178c3ae-d0b4-4d44-b144-fe8504cc41ac@group-69CE5E8A1F29: set configuration 0: [1178c3ae-d0b4-4d44-b144-fe8504cc41ac:192.168.151.99:33787], old=null at 0
2019-09-26 21:18:55,178 [9ce0b59e-153f-4f41-8aed-492a76d80b48@group-022A032E888F-SegmentedRaftLogWorker] ERROR segmented.SegmentedRaftLogWorker (SegmentedRaftLogWorker.java:run(323)) - 9ce0b59e-153f-4f41-8aed-492a76d80b48@group-022A032E888F-SegmentedRaftLogWorker hit exception
java.lang.OutOfMemoryError: Direct buffer memory
	at java.nio.Bits.reserveMemory(Bits.java:666)
	at java.nio.DirectByteBuffer.<init>(DirectByteBuffer.java:123)
	at java.nio.ByteBuffer.allocateDirect(ByteBuffer.java:311)
	at org.apache.ratis.server.raftlog.segmented.BufferedWriteChannel.<init>(BufferedWriteChannel.java:41)
	at org.apache.ratis.server.raftlog.segmented.SegmentedRaftLogOutputStream.<init>(SegmentedRaftLogOutputStream.java:72)
	at org.apache.ratis.server.raftlog.segmented.SegmentedRaftLogWorker$StartLogSegment.execute(SegmentedRaftLogWorker.java:566)
	at org.apache.ratis.server.raftlog.segmented.SegmentedRaftLogWorker.run(SegmentedRaftLogWorker.java:289)
	at java.lang.Thread.run(Thread.java:748)
2019-09-26 21:18:55,177 [9ce0b59e-153f-4f41-8aed-492a76d80b48@group-17B497282C45-SegmentedRaftLogWorker] ERROR segmented.SegmentedRaftLogWorker (SegmentedRaftLogWorker.java:run(323)) - 9ce0b59e-153f-4f41-8aed-492a76d80b48@group-17B497282C45-SegmentedRaftLogWorker hit exception
java.lang.OutOfMemoryError: Direct buffer memory
	at java.nio.Bits.reserveMemory(Bits.java:666)
	at java.nio.DirectByteBuffer.<init>(DirectByteBuffer.java:123)
	at java.nio.ByteBuffer.allocateDirect(ByteBuffer.java:311)
	at org.apache.ratis.server.raftlog.segmented.BufferedWriteChannel.<init>(BufferedWriteChannel.java:41)
	at org.apache.ratis.server.raftlog.segmented.SegmentedRaftLogOutputStream.<init>(SegmentedRaftLogOutputStream.java:72)
	at org.apache.ratis.server.raftlog.segmented.SegmentedRaftLogWorker$StartLogSegment.execute(SegmentedRaftLogWorker.java:566)
	at org.apache.ratis.server.raftlog.segmented.SegmentedRaftLogWorker.run(SegmentedRaftLogWorker.java:289)
	at java.lang.Thread.run(Thread.java:748)
2019-09-26 21:18:55,177 [Thread-611] INFO  impl.FollowerState (FollowerState.java:run(106)) - 0c640f50-2bc9-49b6-b785-a27e3116e6ba:group-0A76B9112B2F changes to CANDIDATE, lastRpcTime:5244, electionTimeout:5010ms
2019-09-26 21:18:55,177 [9ce0b59e-153f-4f41-8aed-492a76d80b48@group-D14484569D87-SegmentedRaftLogWorker] ERROR segmented.SegmentedRaftLogWorker (SegmentedRaftLogWorker.java:run(323)) - 9ce0b59e-153f-4f41-8aed-492a76d80b48@group-D14484569D87-SegmentedRaftLogWorker hit exception
java.lang.OutOfMemoryError: Direct buffer memory
	at java.nio.Bits.reserveMemory(Bits.java:666)
	at java.nio.DirectByteBuffer.<init>(DirectByteBuffer.java:123)
	at java.nio.ByteBuffer.allocateDirect(ByteBuffer.java:311)
	at org.apache.ratis.server.raftlog.segmented.BufferedWriteChannel.<init>(BufferedWriteChannel.java:41)
	at org.apache.ratis.server.raftlog.segmented.SegmentedRaftLogOutputStream.<init>(SegmentedRaftLogOutputStream.java:72)
	at org.apache.ratis.server.raftlog.segmented.SegmentedRaftLogWorker$StartLogSegment.execute(SegmentedRaftLogWorker.java:566)
	at org.apache.ratis.server.raftlog.segmented.SegmentedRaftLogWorker.run(SegmentedRaftLogWorker.java:289)
	at java.lang.Thread.run(Thread.java:748)
2019-09-26 21:18:55,177 [0c640f50-2bc9-49b6-b785-a27e3116e6ba@group-6334DE074F80-SegmentedRaftLogWorker] ERROR segmented.SegmentedRaftLogWorker (SegmentedRaftLogWorker.java:run(323)) - 0c640f50-2bc9-49b6-b785-a27e3116e6ba@group-6334DE074F80-SegmentedRaftLogWorker hit exception
java.lang.OutOfMemoryError: Direct buffer memory
	at java.nio.Bits.reserveMemory(Bits.java:666)
	at java.nio.DirectByteBuffer.<init>(DirectByteBuffer.java:123)
	at java.nio.ByteBuffer.allocateDirect(ByteBuffer.java:311)
	at org.apache.ratis.server.raftlog.segmented.BufferedWriteChannel.<init>(BufferedWriteChannel.java:41)
	at org.apache.ratis.server.raftlog.segmented.SegmentedRaftLogOutputStream.<init>(SegmentedRaftLogOutputStream.java:72)
	at org.apache.ratis.server.raftlog.segmented.SegmentedRaftLogWorker$StartLogSegment.execute(SegmentedRaftLogWorker.java:566)
	at org.apache.ratis.server.raftlog.segmented.SegmentedRaftLogWorker.run(SegmentedRaftLogWorker.java:289)
	at java.lang.Thread.run(Thread.java:748)
2019-09-26 21:18:55,180 [9ce0b59e-153f-4f41-8aed-492a76d80b48@group-D14484569D87-SegmentedRaftLogWorker] INFO  impl.RaftServerImpl (RaftServerImpl.java:lambda$shutdown$3(251)) - 9ce0b59e-153f-4f41-8aed-492a76d80b48@group-D14484569D87: shutdown
2019-09-26 21:18:55,180 [9ce0b59e-153f-4f41-8aed-492a76d80b48@group-17B497282C45-SegmentedRaftLogWorker] INFO  impl.RaftServerImpl (RaftServerImpl.java:lambda$shutdown$3(251)) - 9ce0b59e-153f-4f41-8aed-492a76d80b48@group-17B497282C45: shutdown
2019-09-26 21:18:55,179 [9ce0b59e-153f-4f41-8aed-492a76d80b48@group-022A032E888F-SegmentedRaftLogWorker] INFO  impl.RaftServerImpl (RaftServerImpl.java:lambda$shutdown$3(251)) - 9ce0b59e-153f-4f41-8aed-492a76d80b48@group-022A032E888F: shutdown
2019-09-26 21:18:55,181 [Thread-611] INFO  impl.RoleInfo (RoleInfo.java:shutdownFollowerState(121)) - 0c640f50-2bc9-49b6-b785-a27e3116e6ba: shutdown FollowerState
2019-09-26 21:18:55,181 [0c640f50-2bc9-49b6-b785-a27e3116e6ba@group-6334DE074F80-SegmentedRaftLogWorker] INFO  impl.RaftServerImpl (RaftServerImpl.java:lambda$shutdown$3(251)) - 0c640f50-2bc9-49b6-b785-a27e3116e6ba@group-6334DE074F80: shutdown
2019-09-26 21:18:55,181 [Thread-611] INFO  impl.RaftServerImpl (RaftServerImpl.java:setRole(174)) - 0c640f50-2bc9-49b6-b785-a27e3116e6ba@group-0A76B9112B2F: changes role from  FOLLOWER to CANDIDATE at term 0 for changeToCandidate
2019-09-26 21:18:55,182 [Thread-611] INFO  impl.RoleInfo (RoleInfo.java:updateAndGet(143)) - 0c640f50-2bc9-49b6-b785-a27e3116e6ba: start LeaderElection
2019-09-26 21:18:55,184 [9ce0b59e-153f-4f41-8aed-492a76d80b48@group-17B497282C45-SegmentedRaftLogWorker] INFO  util.JmxRegister (JmxRegister.java:unregister(73)) - Successfully un-registered JMX Bean with object name Ratis:service=RaftServer,group=group-17B497282C45,id=9ce0b59e-153f-4f41-8aed-492a76d80b48
2019-09-26 21:18:55,188 [9ce0b59e-153f-4f41-8aed-492a76d80b48@group-17B497282C45-SegmentedRaftLogWorker] INFO  impl.RoleInfo (RoleInfo.java:shutdownLeaderState(104)) - 9ce0b59e-153f-4f41-8aed-492a76d80b48: shutdown LeaderState
2019-09-26 21:18:55,188 [9ce0b59e-153f-4f41-8aed-492a76d80b48@group-D14484569D87-SegmentedRaftLogWorker] INFO  util.JmxRegister (JmxRegister.java:unregister(73)) - Successfully un-registered JMX Bean with object name Ratis:service=RaftServer,group=group-D14484569D87,id=9ce0b59e-153f-4f41-8aed-492a76d80b48
2019-09-26 21:18:55,188 [9ce0b59e-153f-4f41-8aed-492a76d80b48@group-17B497282C45-SegmentedRaftLogWorker] INFO  impl.PendingRequests (PendingRequests.java:sendNotLeaderResponses(202)) - 9ce0b59e-153f-4f41-8aed-492a76d80b48-PendingRequests: sendNotLeaderResponses
2019-09-26 21:18:55,188 [9ce0b59e-153f-4f41-8aed-492a76d80b48@group-022A032E888F-SegmentedRaftLogWorker] INFO  util.JmxRegister (JmxRegister.java:unregister(73)) - Successfully un-registered JMX Bean with object name Ratis:service=RaftServer,group=group-022A032E888F,id=9ce0b59e-153f-4f41-8aed-492a76d80b48
2019-09-26 21:18:55,188 [9ce0b59e-153f-4f41-8aed-492a76d80b48@group-D14484569D87-SegmentedRaftLogWorker] INFO  impl.RoleInfo (RoleInfo.java:shutdownLeaderState(104)) - 9ce0b59e-153f-4f41-8aed-492a76d80b48: shutdown LeaderState
2019-09-26 21:18:55,188 [0c640f50-2bc9-49b6-b785-a27e3116e6ba@group-6334DE074F80-SegmentedRaftLogWorker] INFO  util.JmxRegister (JmxRegister.java:unregister(73)) - Successfully un-registered JMX Bean with object name Ratis:service=RaftServer,group=group-6334DE074F80,id=0c640f50-2bc9-49b6-b785-a27e3116e6ba
2019-09-26 21:18:55,188 [9ce0b59e-153f-4f41-8aed-492a76d80b48@group-022A032E888F-SegmentedRaftLogWorker] INFO  impl.RoleInfo (RoleInfo.java:shutdownLeaderState(104)) - 9ce0b59e-153f-4f41-8aed-492a76d80b48: shutdown LeaderState
2019-09-26 21:18:55,188 [9ce0b59e-153f-4f41-8aed-492a76d80b48@group-17B497282C45-SegmentedRaftLogWorker] INFO  impl.StateMachineUpdater (StateMachineUpdater.java:stopAndJoin(125)) - 9ce0b59e-153f-4f41-8aed-492a76d80b48@group-17B497282C45-StateMachineUpdater: set stopIndex = -1
2019-09-26 21:18:55,189 [9ce0b59e-153f-4f41-8aed-492a76d80b48@group-022A032E888F-SegmentedRaftLogWorker] INFO  impl.PendingRequests (PendingRequests.java:sendNotLeaderResponses(202)) - 9ce0b59e-153f-4f41-8aed-492a76d80b48-PendingRequests: sendNotLeaderResponses
2019-09-26 21:18:55,189 [0c640f50-2bc9-49b6-b785-a27e3116e6ba@group-6334DE074F80-SegmentedRaftLogWorker] INFO  impl.RoleInfo (RoleInfo.java:shutdownLeaderState(104)) - 0c640f50-2bc9-49b6-b785-a27e3116e6ba: shutdown LeaderState
2019-09-26 21:18:55,188 [9ce0b59e-153f-4f41-8aed-492a76d80b48@group-D14484569D87-SegmentedRaftLogWorker] INFO  impl.PendingRequests (PendingRequests.java:sendNotLeaderResponses(202)) - 9ce0b59e-153f-4f41-8aed-492a76d80b48-PendingRequests: sendNotLeaderResponses
2019-09-26 21:18:55,189 [0c640f50-2bc9-49b6-b785-a27e3116e6ba@group-6334DE074F80-SegmentedRaftLogWorker] INFO  impl.PendingRequests (PendingRequests.java:sendNotLeaderResponses(202)) - 0c640f50-2bc9-49b6-b785-a27e3116e6ba-PendingRequests: sendNotLeaderResponses
2019-09-26 21:18:55,189 [9ce0b59e-153f-4f41-8aed-492a76d80b48@group-022A032E888F-SegmentedRaftLogWorker] INFO  impl.StateMachineUpdater (StateMachineUpdater.java:stopAndJoin(125)) - 9ce0b59e-153f-4f41-8aed-492a76d80b48@group-022A032E888F-StateMachineUpdater: set stopIndex = -1
2019-09-26 21:18:55,189 [9ce0b59e-153f-4f41-8aed-492a76d80b48@group-17B497282C45-SegmentedRaftLogWorker] INFO  impl.RaftServerImpl (ServerState.java:close(385)) - 9ce0b59e-153f-4f41-8aed-492a76d80b48@group-17B497282C45: closes. applyIndex: -1
2019-09-26 21:18:55,190 [9ce0b59e-153f-4f41-8aed-492a76d80b48@group-022A032E888F-SegmentedRaftLogWorker] INFO  impl.RaftServerImpl (ServerState.java:close(385)) - 9ce0b59e-153f-4f41-8aed-492a76d80b48@group-022A032E888F: closes. applyIndex: -1
2019-09-26 21:18:55,190 [0c640f50-2bc9-49b6-b785-a27e3116e6ba@group-6334DE074F80-SegmentedRaftLogWorker] INFO  impl.StateMachineUpdater (StateMachineUpdater.java:stopAndJoin(125)) - 0c640f50-2bc9-49b6-b785-a27e3116e6ba@group-6334DE074F80-StateMachineUpdater: set stopIndex = -1
2019-09-26 21:18:55,189 [9ce0b59e-153f-4f41-8aed-492a76d80b48@group-D14484569D87-SegmentedRaftLogWorker] INFO  impl.StateMachineUpdater (StateMachineUpdater.java:stopAndJoin(125)) - 9ce0b59e-153f-4f41-8aed-492a76d80b48@group-D14484569D87-StateMachineUpdater: set stopIndex = -1
2019-09-26 21:18:55,190 [9ce0b59e-153f-4f41-8aed-492a76d80b48@group-022A032E888F-SegmentedRaftLogWorker] INFO  segmented.SegmentedRaftLogWorker (SegmentedRaftLogWorker.java:close(228)) - 9ce0b59e-153f-4f41-8aed-492a76d80b48@group-022A032E888F-SegmentedRaftLogWorker close()
2019-09-26 21:18:55,190 [9ce0b59e-153f-4f41-8aed-492a76d80b48@group-17B497282C45-SegmentedRaftLogWorker] INFO  segmented.SegmentedRaftLogWorker (SegmentedRaftLogWorker.java:close(228)) - 9ce0b59e-153f-4f41-8aed-492a76d80b48@group-17B497282C45-SegmentedRaftLogWorker close()
2019-09-26 21:18:55,190 [0c640f50-2bc9-49b6-b785-a27e3116e6ba@group-6334DE074F80-SegmentedRaftLogWorker] INFO  impl.RaftServerImpl (ServerState.java:close(385)) - 0c640f50-2bc9-49b6-b785-a27e3116e6ba@group-6334DE074F80: closes. applyIndex: -1
2019-09-26 21:18:55,190 [9ce0b59e-153f-4f41-8aed-492a76d80b48@group-D14484569D87-SegmentedRaftLogWorker] INFO  impl.RaftServerImpl (ServerState.java:close(385)) - 9ce0b59e-153f-4f41-8aed-492a76d80b48@group-D14484569D87: closes. applyIndex: -1
2019-09-26 21:18:55,203 [0c640f50-2bc9-49b6-b785-a27e3116e6ba@group-6334DE074F80-SegmentedRaftLogWorker] INFO  segmented.SegmentedRaftLogWorker (SegmentedRaftLogWorker.java:close(228)) - 0c640f50-2bc9-49b6-b785-a27e3116e6ba@group-6334DE074F80-SegmentedRaftLogWorker close()
2019-09-26 21:18:55,203 [9ce0b59e-153f-4f41-8aed-492a76d80b48@group-D14484569D87-SegmentedRaftLogWorker] INFO  segmented.SegmentedRaftLogWorker (SegmentedRaftLogWorker.java:close(228)) - 9ce0b59e-153f-4f41-8aed-492a76d80b48@group-D14484569D87-SegmentedRaftLogWorker close()
2019-09-26 21:18:55,202 [Thread-619] INFO  impl.FollowerState (FollowerState.java:run(106)) - 0c640f50-2bc9-49b6-b785-a27e3116e6ba:group-83E834069CCA changes to CANDIDATE, lastRpcTime:5128, electionTimeout:5128ms
2019-09-26 21:18:55,203 [0c640f50-2bc9-49b6-b785-a27e3116e6ba@group-0A76B9112B2F:LeaderElection112] INFO  impl.LeaderElection (LeaderElection.java:askForVotes(182)) - 0c640f50-2bc9-49b6-b785-a27e3116e6ba@group-0A76B9112B2F:LeaderElection112: begin an election at term 1 for -1: [0c640f50-2bc9-49b6-b785-a27e3116e6ba:192.168.151.99:42361], old=null
2019-09-26 21:18:55,214 [0c640f50-2bc9-49b6-b785-a27e3116e6ba@group-0A76B9112B2F:LeaderElection112] INFO  impl.RoleInfo (RoleInfo.java:shutdownLeaderElection(134)) - 0c640f50-2bc9-49b6-b785-a27e3116e6ba: shutdown LeaderElection
2019-09-26 21:18:55,214 [0c640f50-2bc9-49b6-b785-a27e3116e6ba@group-0A76B9112B2F:LeaderElection112] INFO  impl.RaftServerImpl (RaftServerImpl.java:setRole(174)) - 0c640f50-2bc9-49b6-b785-a27e3116e6ba@group-0A76B9112B2F: changes role from CANDIDATE to LEADER at term 1 for changeToLeader
2019-09-26 21:18:55,214 [0c640f50-2bc9-49b6-b785-a27e3116e6ba@group-0A76B9112B2F:LeaderElection112] INFO  impl.RaftServerImpl (ServerState.java:setLeader(253)) - 0c640f50-2bc9-49b6-b785-a27e3116e6ba@group-0A76B9112B2F: change Leader from null to 0c640f50-2bc9-49b6-b785-a27e3116e6ba at term 1 for becomeLeader, leader elected after 5334ms
2019-09-26 21:18:55,215 [0c640f50-2bc9-49b6-b785-a27e3116e6ba@group-0A76B9112B2F:LeaderElection112] INFO  server.RaftServerConfigKeys (ConfUtils.java:logGet(43)) - raft.server.staging.catchup.gap = 1000 (default)
2019-09-26 21:18:55,215 [0c640f50-2bc9-49b6-b785-a27e3116e6ba@group-0A76B9112B2F:LeaderElection112] INFO  server.RaftServerConfigKeys (ConfUtils.java:logGet(43)) - raft.server.rpc.sleep.time = 25ms (default)
2019-09-26 21:18:55,215 [0c640f50-2bc9-49b6-b785-a27e3116e6ba@group-0A76B9112B2F:LeaderElection112] INFO  server.RaftServerConfigKeys (ConfUtils.java:logGet(43)) - raft.server.write.element-limit = 4096 (default)
2019-09-26 21:18:55,215 [0c640f50-2bc9-49b6-b785-a27e3116e6ba@group-0A76B9112B2F:LeaderElection112] INFO  server.RaftServerConfigKeys (ConfUtils.java:logGet(43)) - raft.server.watch.timeout = 10s (default)
2019-09-26 21:18:55,215 [0c640f50-2bc9-49b6-b785-a27e3116e6ba@group-0A76B9112B2F:LeaderElection112] INFO  server.RaftServerConfigKeys (ConfUtils.java:logGet(43)) - raft.server.watch.timeout.denomination = 1s (default)
2019-09-26 21:18:55,215 [0c640f50-2bc9-49b6-b785-a27e3116e6ba@group-0A76B9112B2F:LeaderElection112] INFO  server.RaftServerConfigKeys (ConfUtils.java:logGet(43)) - raft.server.watch.element-limit = 65536 (default)
2019-09-26 21:18:55,216 [Thread-619] INFO  impl.RoleInfo (RoleInfo.java:shutdownFollowerState(121)) - 0c640f50-2bc9-49b6-b785-a27e3116e6ba: shutdown FollowerState
2019-09-26 21:18:55,216 [Thread-619] INFO  impl.RaftServerImpl (RaftServerImpl.java:setRole(174)) - 0c640f50-2bc9-49b6-b785-a27e3116e6ba@group-83E834069CCA: changes role from  FOLLOWER to CANDIDATE at term 0 for changeToCandidate
2019-09-26 21:18:55,216 [Thread-619] INFO  impl.RoleInfo (RoleInfo.java:updateAndGet(143)) - 0c640f50-2bc9-49b6-b785-a27e3116e6ba: start LeaderElection
2019-09-26 21:18:55,217 [pool-67-thread-1] INFO  impl.RaftServerImpl (RaftServerImpl.java:<init>(95)) - da833d8d-e72a-4068-9560-4daa2d83adc2: new RaftServerImpl for group-6AC811BBC42F:[da833d8d-e72a-4068-9560-4daa2d83adc2:192.168.151.99:38903] with ContainerStateMachine:uninitialized
2019-09-26 21:18:55,217 [pool-67-thread-1] INFO  server.RaftServerConfigKeys (ConfUtils.java:logGet(43)) - raft.server.rpc.timeout.min = 5s (custom)
2019-09-26 21:18:55,217 [pool-67-thread-1] INFO  server.RaftServerConfigKeys (ConfUtils.java:logGet(43)) - raft.server.rpc.timeout.max = 5200ms (custom)
2019-09-26 21:18:55,217 [pool-67-thread-1] INFO  server.RaftServerConfigKeys (ConfUtils.java:logGet(43)) - raft.server.rpcslowness.timeout = 120s (custom)
2019-09-26 21:18:55,217 [pool-67-thread-1] INFO  server.RaftServerConfigKeys (ConfUtils.java:logGet(43)) - raft.server.sleep.deviation.threshold = 300 (default)
2019-09-26 21:18:55,218 [pool-67-thread-1] INFO  server.RaftServerConfigKeys (ConfUtils.java:logGet(43)) - raft.server.log.appender.install.snapshot.enabled = false (custom)
2019-09-26 21:18:55,218 [pool-67-thread-1] INFO  impl.RaftServerImpl (ServerState.java:<init>(103)) - da833d8d-e72a-4068-9560-4daa2d83adc2@group-6AC811BBC42F: ConfigurationManager, init=-1: [da833d8d-e72a-4068-9560-4daa2d83adc2:192.168.151.99:38903], old=null, confs=<EMPTY_MAP>
2019-09-26 21:18:55,218 [pool-67-thread-1] INFO  server.RaftServerConfigKeys (ConfUtils.java:logGet(43)) - raft.server.storage.dir = [/workdir/hadoop-ozone/ozonefs/target/test-dir/MiniOzoneClusterImpl-5b64906c-d720-4906-b30c-b6d56a2122fd/datanode-4/data/ratis] (custom)
2019-09-26 21:18:55,221 [pool-67-thread-1] INFO  storage.RaftStorageDirectory (RaftStorageDirectory.java:analyzeStorage(246)) - The storage directory /workdir/hadoop-ozone/ozonefs/target/test-dir/MiniOzoneClusterImpl-5b64906c-d720-4906-b30c-b6d56a2122fd/datanode-4/data/ratis/db2bbaa2-bc5c-4091-946e-6ac811bbc42f does not exist. Creating ...
2019-09-26 21:18:55,224 [9ce0b59e-153f-4f41-8aed-492a76d80b48@group-3426463BEB03:LeaderElection97] INFO  impl.RoleInfo (RoleInfo.java:updateAndGet(143)) - 9ce0b59e-153f-4f41-8aed-492a76d80b48: start LeaderState
2019-09-26 21:18:55,225 [9ce0b59e-153f-4f41-8aed-492a76d80b48@group-3426463BEB03:LeaderElection97] INFO  segmented.SegmentedRaftLogWorker (SegmentedRaftLogWorker.java:startLogSegment(380)) - 9ce0b59e-153f-4f41-8aed-492a76d80b48@group-3426463BEB03-SegmentedRaftLogWorker: Starting segment from index:0
2019-09-26 21:18:55,469 [Thread-633] INFO  impl.FollowerState (FollowerState.java:run(106)) - 9ce0b59e-153f-4f41-8aed-492a76d80b48:group-7B4BEC4DC6F2 changes to CANDIDATE, lastRpcTime:5160, electionTimeout:5040ms
2019-09-26 21:18:55,469 [Thread-627] INFO  impl.FollowerState (FollowerState.java:run(106)) - 1178c3ae-d0b4-4d44-b144-fe8504cc41ac:group-FDB5F72744EF changes to CANDIDATE, lastRpcTime:5235, electionTimeout:5044ms
2019-09-26 21:18:55,470 [pool-67-thread-1] INFO  storage.RaftStorageDirectory (RaftStorageDirectory.java:tryLock(328)) - Lock on /workdir/hadoop-ozone/ozonefs/target/test-dir/MiniOzoneClusterImpl-5b64906c-d720-4906-b30c-b6d56a2122fd/datanode-4/data/ratis/db2bbaa2-bc5c-4091-946e-6ac811bbc42f/in_use.lock acquired by nodename 10701@pr-hdds-1569-g6sp5-2013761785
2019-09-26 21:18:55,470 [9ce0b59e-153f-4f41-8aed-492a76d80b48@group-3426463BEB03:LeaderElection97] INFO  impl.RaftServerImpl (ServerState.java:setRaftConf(354)) - 9ce0b59e-153f-4f41-8aed-492a76d80b48@group-3426463BEB03: set configuration 0: [9ce0b59e-153f-4f41-8aed-492a76d80b48:192.168.151.99:34156], old=null at 0
2019-09-26 21:18:55,470 [0c640f50-2bc9-49b6-b785-a27e3116e6ba@group-83E834069CCA:LeaderElection113] INFO  impl.LeaderElection (LeaderElection.java:askForVotes(182)) - 0c640f50-2bc9-49b6-b785-a27e3116e6ba@group-83E834069CCA:LeaderElection113: begin an election at term 1 for -1: [0c640f50-2bc9-49b6-b785-a27e3116e6ba:192.168.151.99:42361], old=null
2019-09-26 21:18:55,470 [0c640f50-2bc9-49b6-b785-a27e3116e6ba@group-83E834069CCA:LeaderElection113] INFO  impl.RoleInfo (RoleInfo.java:shutdownLeaderElection(134)) - 0c640f50-2bc9-49b6-b785-a27e3116e6ba: shutdown LeaderElection
2019-09-26 21:18:55,471 [0c640f50-2bc9-49b6-b785-a27e3116e6ba@group-83E834069CCA:LeaderElection113] INFO  impl.RaftServerImpl (RaftServerImpl.java:setRole(174)) - 0c640f50-2bc9-49b6-b785-a27e3116e6ba@group-83E834069CCA: changes role from CANDIDATE to LEADER at term 1 for changeToLeader
2019-09-26 21:18:55,471 [0c640f50-2bc9-49b6-b785-a27e3116e6ba@group-83E834069CCA:LeaderElection113] INFO  impl.RaftServerImpl (ServerState.java:setLeader(253)) - 0c640f50-2bc9-49b6-b785-a27e3116e6ba@group-83E834069CCA: change Leader from null to 0c640f50-2bc9-49b6-b785-a27e3116e6ba at term 1 for becomeLeader, leader elected after 5485ms
2019-09-26 21:18:55,471 [0c640f50-2bc9-49b6-b785-a27e3116e6ba@group-83E834069CCA:LeaderElection113] INFO  server.RaftServerConfigKeys (ConfUtils.java:logGet(43)) - raft.server.staging.catchup.gap = 1000 (default)
2019-09-26 21:18:55,471 [0c640f50-2bc9-49b6-b785-a27e3116e6ba@group-83E834069CCA:LeaderElection113] INFO  server.RaftServerConfigKeys (ConfUtils.java:logGet(43)) - raft.server.rpc.sleep.time = 25ms (default)
2019-09-26 21:18:55,471 [0c640f50-2bc9-49b6-b785-a27e3116e6ba@group-83E834069CCA:LeaderElection113] INFO  server.RaftServerConfigKeys (ConfUtils.java:logGet(43)) - raft.server.write.element-limit = 4096 (default)
2019-09-26 21:18:55,471 [0c640f50-2bc9-49b6-b785-a27e3116e6ba@group-83E834069CCA:LeaderElection113] INFO  server.RaftServerConfigKeys (ConfUtils.java:logGet(43)) - raft.server.watch.timeout = 10s (default)
2019-09-26 21:18:55,472 [0c640f50-2bc9-49b6-b785-a27e3116e6ba@group-83E834069CCA:LeaderElection113] INFO  server.RaftServerConfigKeys (ConfUtils.java:logGet(43)) - raft.server.watch.timeout.denomination = 1s (default)
2019-09-26 21:18:55,472 [Thread-627] INFO  impl.RoleInfo (RoleInfo.java:shutdownFollowerState(121)) - 1178c3ae-d0b4-4d44-b144-fe8504cc41ac: shutdown FollowerState
2019-09-26 21:18:55,472 [Thread-633] INFO  impl.RoleInfo (RoleInfo.java:shutdownFollowerState(121)) - 9ce0b59e-153f-4f41-8aed-492a76d80b48: shutdown FollowerState
2019-09-26 21:18:55,472 [Thread-627] INFO  impl.RaftServerImpl (RaftServerImpl.java:setRole(174)) - 1178c3ae-d0b4-4d44-b144-fe8504cc41ac@group-FDB5F72744EF: changes role from  FOLLOWER to CANDIDATE at term 0 for changeToCandidate
2019-09-26 21:18:55,472 [0c640f50-2bc9-49b6-b785-a27e3116e6ba@group-83E834069CCA:LeaderElection113] INFO  server.RaftServerConfigKeys (ConfUtils.java:logGet(43)) - raft.server.watch.element-limit = 65536 (default)
2019-09-26 21:18:55,472 [Thread-627] INFO  impl.RoleInfo (RoleInfo.java:updateAndGet(143)) - 1178c3ae-d0b4-4d44-b144-fe8504cc41ac: start LeaderElection
2019-09-26 21:18:55,472 [Thread-633] INFO  impl.RaftServerImpl (RaftServerImpl.java:setRole(174)) - 9ce0b59e-153f-4f41-8aed-492a76d80b48@group-7B4BEC4DC6F2: changes role from  FOLLOWER to CANDIDATE at term 0 for changeToCandidate
2019-09-26 21:18:55,473 [Thread-633] INFO  impl.RoleInfo (RoleInfo.java:updateAndGet(143)) - 9ce0b59e-153f-4f41-8aed-492a76d80b48: start LeaderElection
2019-09-26 21:18:55,484 [pool-67-thread-1] INFO  storage.RaftStorage (RaftStorage.java:format(72)) - Storage directory /workdir/hadoop-ozone/ozonefs/target/test-dir/MiniOzoneClusterImpl-5b64906c-d720-4906-b30c-b6d56a2122fd/datanode-4/data/ratis/db2bbaa2-bc5c-4091-946e-6ac811bbc42f has been successfully formatted.
2019-09-26 21:18:55,484 [9ce0b59e-153f-4f41-8aed-492a76d80b48@group-7B4BEC4DC6F2:LeaderElection115] INFO  impl.LeaderElection (LeaderElection.java:askForVotes(182)) - 9ce0b59e-153f-4f41-8aed-492a76d80b48@group-7B4BEC4DC6F2:LeaderElection115: begin an election at term 1 for -1: [9ce0b59e-153f-4f41-8aed-492a76d80b48:192.168.151.99:34156], old=null
2019-09-26 21:18:55,484 [1178c3ae-d0b4-4d44-b144-fe8504cc41ac@group-FDB5F72744EF:LeaderElection114] INFO  impl.LeaderElection (LeaderElection.java:askForVotes(182)) - 1178c3ae-d0b4-4d44-b144-fe8504cc41ac@group-FDB5F72744EF:LeaderElection114: begin an election at term 1 for -1: [1178c3ae-d0b4-4d44-b144-fe8504cc41ac:192.168.151.99:33787], old=null
2019-09-26 21:18:55,485 [1178c3ae-d0b4-4d44-b144-fe8504cc41ac@group-FDB5F72744EF:LeaderElection114] INFO  impl.RoleInfo (RoleInfo.java:shutdownLeaderElection(134)) - 1178c3ae-d0b4-4d44-b144-fe8504cc41ac: shutdown LeaderElection
2019-09-26 21:18:55,485 [pool-67-thread-1] INFO  ratis.ContainerStateMachine (ContainerStateMachine.java:loadSnapshot(230)) - group-6AC811BBC42F: The snapshot info is null. Setting the last applied indexto:(t:0, i:~)
2019-09-26 21:18:55,485 [9ce0b59e-153f-4f41-8aed-492a76d80b48@group-7B4BEC4DC6F2:LeaderElection115] INFO  impl.RoleInfo (RoleInfo.java:shutdownLeaderElection(134)) - 9ce0b59e-153f-4f41-8aed-492a76d80b48: shutdown LeaderElection
2019-09-26 21:18:55,485 [pool-67-thread-1] INFO  server.RaftServerConfigKeys (ConfUtils.java:logGet(43)) - raft.server.notification.no-leader.timeout = 120s (custom)
2019-09-26 21:18:55,485 [1178c3ae-d0b4-4d44-b144-fe8504cc41ac@group-FDB5F72744EF:LeaderElection114] INFO  impl.RaftServerImpl (RaftServerImpl.java:setRole(174)) - 1178c3ae-d0b4-4d44-b144-fe8504cc41ac@group-FDB5F72744EF: changes role from CANDIDATE to LEADER at term 1 for changeToLeader
2019-09-26 21:18:55,485 [pool-67-thread-1] INFO  server.RaftServerConfigKeys (ConfUtils.java:logGet(43)) - raft.server.log.use.memory = false (default)
2019-09-26 21:18:55,485 [9ce0b59e-153f-4f41-8aed-492a76d80b48@group-7B4BEC4DC6F2:LeaderElection115] INFO  impl.RaftServerImpl (RaftServerImpl.java:setRole(174)) - 9ce0b59e-153f-4f41-8aed-492a76d80b48@group-7B4BEC4DC6F2: changes role from CANDIDATE to LEADER at term 1 for changeToLeader
2019-09-26 21:18:55,485 [pool-67-thread-1] INFO  server.RaftServerConfigKeys (ConfUtils.java:logGet(43)) - raft.server.log.purge.gap = 1000000 (custom)
2019-09-26 21:18:55,485 [1178c3ae-d0b4-4d44-b144-fe8504cc41ac@group-FDB5F72744EF:LeaderElection114] INFO  impl.RaftServerImpl (ServerState.java:setLeader(253)) - 1178c3ae-d0b4-4d44-b144-fe8504cc41ac@group-FDB5F72744EF: change Leader from null to 1178c3ae-d0b4-4d44-b144-fe8504cc41ac at term 1 for becomeLeader, leader elected after 5297ms
2019-09-26 21:18:55,486 [pool-67-thread-1] INFO  server.RaftServerConfigKeys (ConfUtils.java:logGet(43)) - raft.server.log.appender.buffer.byte-limit = 33554432 (custom)
2019-09-26 21:18:55,486 [9ce0b59e-153f-4f41-8aed-492a76d80b48@group-7B4BEC4DC6F2:LeaderElection115] INFO  impl.RaftServerImpl (ServerState.java:setLeader(253)) - 9ce0b59e-153f-4f41-8aed-492a76d80b48@group-7B4BEC4DC6F2: change Leader from null to 9ce0b59e-153f-4f41-8aed-492a76d80b48 at term 1 for becomeLeader, leader elected after 5183ms
2019-09-26 21:18:55,486 [pool-67-thread-1] INFO  server.RaftServerConfigKeys (ConfUtils.java:logGet(43)) - raft.server.log.segment.size.max = 1048576 (custom)
2019-09-26 21:18:55,486 [1178c3ae-d0b4-4d44-b144-fe8504cc41ac@group-FDB5F72744EF:LeaderElection114] INFO  server.RaftServerConfigKeys (ConfUtils.java:logGet(43)) - raft.server.staging.catchup.gap = 1000 (default)
2019-09-26 21:18:55,486 [pool-67-thread-1] INFO  server.RaftServerConfigKeys (ConfUtils.java:logGet(43)) - raft.server.log.segment.cache.num.max = 2 (custom)
2019-09-26 21:18:55,486 [9ce0b59e-153f-4f41-8aed-492a76d80b48@group-7B4BEC4DC6F2:LeaderElection115] INFO  server.RaftServerConfigKeys (ConfUtils.java:logGet(43)) - raft.server.staging.catchup.gap = 1000 (default)
2019-09-26 21:18:55,486 [pool-67-thread-1] INFO  segmented.SegmentedRaftLogWorker (SegmentedRaftLogWorker.java:<init>(172)) - new da833d8d-e72a-4068-9560-4daa2d83adc2@group-6AC811BBC42F-SegmentedRaftLogWorker for RaftStorage:Storage Directory /workdir/hadoop-ozone/ozonefs/target/test-dir/MiniOzoneClusterImpl-5b64906c-d720-4906-b30c-b6d56a2122fd/datanode-4/data/ratis/db2bbaa2-bc5c-4091-946e-6ac811bbc42f
2019-09-26 21:18:55,486 [1178c3ae-d0b4-4d44-b144-fe8504cc41ac@group-FDB5F72744EF:LeaderElection114] INFO  server.RaftServerConfigKeys (ConfUtils.java:logGet(43)) - raft.server.rpc.sleep.time = 25ms (default)
2019-09-26 21:18:55,487 [pool-67-thread-1] INFO  server.RaftServerConfigKeys (ConfUtils.java:logGet(43)) - raft.server.log.queue.byte-limit = 2147483647 (custom)
2019-09-26 21:18:55,487 [9ce0b59e-153f-4f41-8aed-492a76d80b48@group-7B4BEC4DC6F2:LeaderElection115] INFO  server.RaftServerConfigKeys (ConfUtils.java:logGet(43)) - raft.server.rpc.sleep.time = 25ms (default)
2019-09-26 21:18:55,487 [pool-67-thread-1] INFO  server.RaftServerConfigKeys (ConfUtils.java:logGet(43)) - raft.server.log.queue.element-limit = 1024 (custom)
2019-09-26 21:18:55,487 [1178c3ae-d0b4-4d44-b144-fe8504cc41ac@group-FDB5F72744EF:LeaderElection114] INFO  server.RaftServerConfigKeys (ConfUtils.java:logGet(43)) - raft.server.write.element-limit = 4096 (default)
2019-09-26 21:18:55,487 [pool-67-thread-1] INFO  server.RaftServerConfigKeys (ConfUtils.java:logGet(43)) - raft.server.log.segment.size.max = 1048576 (custom)
2019-09-26 21:18:55,487 [9ce0b59e-153f-4f41-8aed-492a76d80b48@group-7B4BEC4DC6F2:LeaderElection115] INFO  server.RaftServerConfigKeys (ConfUtils.java:logGet(43)) - raft.server.write.element-limit = 4096 (default)
2019-09-26 21:18:55,487 [pool-67-thread-1] INFO  server.RaftServerConfigKeys (ConfUtils.java:logGet(43)) - raft.server.log.preallocated.size = 16384 (custom)
2019-09-26 21:18:55,487 [1178c3ae-d0b4-4d44-b144-fe8504cc41ac@group-FDB5F72744EF:LeaderElection114] INFO  server.RaftServerConfigKeys (ConfUtils.java:logGet(43)) - raft.server.watch.timeout = 10s (default)
2019-09-26 21:18:55,488 [1178c3ae-d0b4-4d44-b144-fe8504cc41ac@group-17858CE95304:LeaderElection93] INFO  impl.RoleInfo (RoleInfo.java:updateAndGet(143)) - 1178c3ae-d0b4-4d44-b144-fe8504cc41ac: start LeaderState
2019-09-26 21:18:55,488 [pool-67-thread-1] INFO  server.RaftServerConfigKeys (ConfUtils.java:logGet(43)) - raft.server.log.write.buffer.size = 33554432 (custom)
2019-09-26 21:18:55,488 [9ce0b59e-153f-4f41-8aed-492a76d80b48@group-7B4BEC4DC6F2:LeaderElection115] INFO  server.RaftServerConfigKeys (ConfUtils.java:logGet(43)) - raft.server.watch.timeout = 10s (default)
2019-09-26 21:18:55,488 [pool-67-thread-1] INFO  server.RaftServerConfigKeys (ConfUtils.java:logGet(43)) - raft.server.log.force.sync.num = 128 (default)
2019-09-26 21:18:55,488 [1178c3ae-d0b4-4d44-b144-fe8504cc41ac@group-17858CE95304:LeaderElection93] INFO  segmented.SegmentedRaftLogWorker (SegmentedRaftLogWorker.java:startLogSegment(380)) - 1178c3ae-d0b4-4d44-b144-fe8504cc41ac@group-17858CE95304-SegmentedRaftLogWorker: Starting segment from index:0
2019-09-26 21:18:55,488 [1178c3ae-d0b4-4d44-b144-fe8504cc41ac@group-FDB5F72744EF:LeaderElection114] INFO  server.RaftServerConfigKeys (ConfUtils.java:logGet(43)) - raft.server.watch.timeout.denomination = 1s (default)
2019-09-26 21:18:55,488 [pool-67-thread-1] INFO  server.RaftServerConfigKeys (ConfUtils.java:logGet(43)) - raft.server.log.statemachine.data.sync = true (default)
2019-09-26 21:18:55,488 [9ce0b59e-153f-4f41-8aed-492a76d80b48@group-7B4BEC4DC6F2:LeaderElection115] INFO  server.RaftServerConfigKeys (ConfUtils.java:logGet(43)) - raft.server.watch.timeout.denomination = 1s (default)
2019-09-26 21:18:55,704 [1178c3ae-d0b4-4d44-b144-fe8504cc41ac@group-17858CE95304:LeaderElection93] INFO  impl.RaftServerImpl (ServerState.java:setRaftConf(354)) - 1178c3ae-d0b4-4d44-b144-fe8504cc41ac@group-17858CE95304: set configuration 0: [1178c3ae-d0b4-4d44-b144-fe8504cc41ac:192.168.151.99:33787], old=null at 0
2019-09-26 21:18:55,703 [Thread-643] INFO  impl.FollowerState (FollowerState.java:run(106)) - 1178c3ae-d0b4-4d44-b144-fe8504cc41ac:group-9FAB7D69D5C6 changes to CANDIDATE, lastRpcTime:5287, electionTimeout:5102ms
2019-09-26 21:18:55,703 [Thread-640] INFO  impl.FollowerState (FollowerState.java:run(106)) - 9ce0b59e-153f-4f41-8aed-492a76d80b48:group-E873E827AB57 changes to CANDIDATE, lastRpcTime:5319, electionTimeout:5180ms
2019-09-26 21:18:55,701 [Thread-651] INFO  impl.FollowerState (FollowerState.java:run(106)) - 9ce0b59e-153f-4f41-8aed-492a76d80b48:group-3CF811E9C283 changes to CANDIDATE, lastRpcTime:5161, electionTimeout:5100ms
2019-09-26 21:18:55,489 [pool-67-thread-1] INFO  server.RaftServerConfigKeys (ConfUtils.java:logGet(43)) - raft.server.log.statemachine.data.sync.timeout = 10s (default)
2019-09-26 21:18:55,489 [1178c3ae-d0b4-4d44-b144-fe8504cc41ac@group-FDB5F72744EF:LeaderElection114] INFO  server.RaftServerConfigKeys (ConfUtils.java:logGet(43)) - raft.server.watch.element-limit = 65536 (default)
2019-09-26 21:18:55,705 [pool-67-thread-1] INFO  server.RaftServerConfigKeys (ConfUtils.java:logGet(43)) - raft.server.log.statemachine.data.sync.timeout.retry = -1 (default)
2019-09-26 21:18:55,704 [9ce0b59e-153f-4f41-8aed-492a76d80b48@group-7B4BEC4DC6F2:LeaderElection115] INFO  server.RaftServerConfigKeys (ConfUtils.java:logGet(43)) - raft.server.watch.element-limit = 65536 (default)
2019-09-26 21:18:55,705 [pool-67-thread-1] INFO  server.RaftServerConfigKeys (ConfUtils.java:logGet(43)) - raft.server.log.statemachine.data.caching.enabled = true (custom)
2019-09-26 21:18:55,706 [pool-67-thread-1] INFO  segmented.SegmentedRaftLogWorker (SegmentedRaftLogWorker.java:lambda$new$0(132)) - da833d8d-e72a-4068-9560-4daa2d83adc2@group-6AC811BBC42F-SegmentedRaftLogWorker: flushIndex: setUnconditionally 0 -> -1
2019-09-26 21:18:55,706 [pool-67-thread-1] INFO  server.RaftServerConfigKeys (ConfUtils.java:logGet(43)) - raft.server.snapshot.auto.trigger.enabled = true (custom)
2019-09-26 21:18:55,707 [pool-67-thread-1] INFO  server.RaftServerConfigKeys (ConfUtils.java:logGet(43)) - raft.server.snapshot.auto.trigger.threshold = 10000 (custom)
2019-09-26 21:18:55,707 [pool-67-thread-1] INFO  server.RaftServerConfigKeys (ConfUtils.java:logGet(43)) - raft.server.snapshot.retention.num.files = 5 (custom)
2019-09-26 21:18:55,707 [Thread-643] INFO  impl.RoleInfo (RoleInfo.java:shutdownFollowerState(121)) - 1178c3ae-d0b4-4d44-b144-fe8504cc41ac: shutdown FollowerState
2019-09-26 21:18:55,707 [Thread-640] INFO  impl.RoleInfo (RoleInfo.java:shutdownFollowerState(121)) - 9ce0b59e-153f-4f41-8aed-492a76d80b48: shutdown FollowerState
2019-09-26 21:18:55,707 [Thread-643] INFO  impl.RaftServerImpl (RaftServerImpl.java:setRole(174)) - 1178c3ae-d0b4-4d44-b144-fe8504cc41ac@group-9FAB7D69D5C6: changes role from  FOLLOWER to CANDIDATE at term 0 for changeToCandidate
2019-09-26 21:18:55,707 [Thread-651] INFO  impl.RoleInfo (RoleInfo.java:shutdownFollowerState(121)) - 9ce0b59e-153f-4f41-8aed-492a76d80b48: shutdown FollowerState
2019-09-26 21:18:55,707 [pool-67-thread-1] INFO  server.RaftServerConfigKeys (ConfUtils.java:logGet(43)) - raft.server.retrycache.expirytime = 600000ms (custom)
2019-09-26 21:18:55,707 [Thread-651] INFO  impl.RaftServerImpl (RaftServerImpl.java:setRole(174)) - 9ce0b59e-153f-4f41-8aed-492a76d80b48@group-3CF811E9C283: changes role from  FOLLOWER to CANDIDATE at term 0 for changeToCandidate
2019-09-26 21:18:55,707 [Thread-643] INFO  impl.RoleInfo (RoleInfo.java:updateAndGet(143)) - 1178c3ae-d0b4-4d44-b144-fe8504cc41ac: start LeaderElection
2019-09-26 21:18:55,707 [Thread-640] INFO  impl.RaftServerImpl (RaftServerImpl.java:setRole(174)) - 9ce0b59e-153f-4f41-8aed-492a76d80b48@group-E873E827AB57: changes role from  FOLLOWER to CANDIDATE at term 0 for changeToCandidate
2019-09-26 21:18:55,708 [Thread-651] INFO  impl.RoleInfo (RoleInfo.java:updateAndGet(143)) - 9ce0b59e-153f-4f41-8aed-492a76d80b48: start LeaderElection
2019-09-26 21:18:55,708 [Thread-640] INFO  impl.RoleInfo (RoleInfo.java:updateAndGet(143)) - 9ce0b59e-153f-4f41-8aed-492a76d80b48: start LeaderElection
2019-09-26 21:18:55,716 [Thread-655] INFO  impl.FollowerState (FollowerState.java:run(106)) - 09112efe-1fad-4539-a04f-c96aef6d2351:group-D4B1EF4F61EA changes to CANDIDATE, lastRpcTime:5103, electionTimeout:5103ms
2019-09-26 21:18:55,721 [Thread-655] INFO  impl.RoleInfo (RoleInfo.java:shutdownFollowerState(121)) - 09112efe-1fad-4539-a04f-c96aef6d2351: shutdown FollowerState
2019-09-26 21:18:55,721 [Thread-655] INFO  impl.RaftServerImpl (RaftServerImpl.java:setRole(174)) - 09112efe-1fad-4539-a04f-c96aef6d2351@group-D4B1EF4F61EA: changes role from  FOLLOWER to CANDIDATE at term 0 for changeToCandidate
2019-09-26 21:18:55,721 [Thread-655] INFO  impl.RoleInfo (RoleInfo.java:updateAndGet(143)) - 09112efe-1fad-4539-a04f-c96aef6d2351: start LeaderElection
2019-09-26 21:18:55,726 [0c640f50-2bc9-49b6-b785-a27e3116e6ba@group-9DCEC7BC5751:LeaderElection99] INFO  impl.RoleInfo (RoleInfo.java:updateAndGet(143)) - 0c640f50-2bc9-49b6-b785-a27e3116e6ba: start LeaderState
2019-09-26 21:18:55,727 [0c640f50-2bc9-49b6-b785-a27e3116e6ba@group-9DCEC7BC5751:LeaderElection99] INFO  segmented.SegmentedRaftLogWorker (SegmentedRaftLogWorker.java:startLogSegment(380)) - 0c640f50-2bc9-49b6-b785-a27e3116e6ba@group-9DCEC7BC5751-SegmentedRaftLogWorker: Starting segment from index:0
2019-09-26 21:18:55,947 [Thread-663] INFO  impl.FollowerState (FollowerState.java:run(106)) - 9ce0b59e-153f-4f41-8aed-492a76d80b48:group-543D5ED6ABE1 changes to CANDIDATE, lastRpcTime:5225, electionTimeout:5041ms
2019-09-26 21:18:55,948 [Thread-660] INFO  impl.FollowerState (FollowerState.java:run(106)) - 09112efe-1fad-4539-a04f-c96aef6d2351:group-C15524DE485D changes to CANDIDATE, lastRpcTime:5265, electionTimeout:5048ms
2019-09-26 21:18:55,948 [0c640f50-2bc9-49b6-b785-a27e3116e6ba@group-9DCEC7BC5751:LeaderElection99] INFO  impl.RaftServerImpl (ServerState.java:setRaftConf(354)) - 0c640f50-2bc9-49b6-b785-a27e3116e6ba@group-9DCEC7BC5751: set configuration 0: [0c640f50-2bc9-49b6-b785-a27e3116e6ba:192.168.151.99:42361], old=null at 0
2019-09-26 21:18:55,948 [9ce0b59e-153f-4f41-8aed-492a76d80b48@group-3CF811E9C283:LeaderElection117] INFO  impl.LeaderElection (LeaderElection.java:askForVotes(182)) - 9ce0b59e-153f-4f41-8aed-492a76d80b48@group-3CF811E9C283:LeaderElection117: begin an election at term 1 for -1: [9ce0b59e-153f-4f41-8aed-492a76d80b48:192.168.151.99:34156], old=null
2019-09-26 21:18:55,948 [9ce0b59e-153f-4f41-8aed-492a76d80b48@group-E873E827AB57:LeaderElection118] INFO  impl.LeaderElection (LeaderElection.java:askForVotes(182)) - 9ce0b59e-153f-4f41-8aed-492a76d80b48@group-E873E827AB57:LeaderElection118: begin an election at term 1 for -1: [9ce0b59e-153f-4f41-8aed-492a76d80b48:192.168.151.99:34156], old=null
2019-09-26 21:18:55,948 [1178c3ae-d0b4-4d44-b144-fe8504cc41ac@group-9FAB7D69D5C6:LeaderElection116] INFO  impl.LeaderElection (LeaderElection.java:askForVotes(182)) - 1178c3ae-d0b4-4d44-b144-fe8504cc41ac@group-9FAB7D69D5C6:LeaderElection116: begin an election at term 1 for -1: [1178c3ae-d0b4-4d44-b144-fe8504cc41ac:192.168.151.99:33787], old=null
2019-09-26 21:18:55,948 [09112efe-1fad-4539-a04f-c96aef6d2351@group-D4B1EF4F61EA:LeaderElection119] INFO  impl.LeaderElection (LeaderElection.java:askForVotes(182)) - 09112efe-1fad-4539-a04f-c96aef6d2351@group-D4B1EF4F61EA:LeaderElection119: begin an election at term 1 for -1: [09112efe-1fad-4539-a04f-c96aef6d2351:192.168.151.99:45286], old=null
2019-09-26 21:18:55,948 [1178c3ae-d0b4-4d44-b144-fe8504cc41ac@group-9FAB7D69D5C6:LeaderElection116] INFO  impl.RoleInfo (RoleInfo.java:shutdownLeaderElection(134)) - 1178c3ae-d0b4-4d44-b144-fe8504cc41ac: shutdown LeaderElection
2019-09-26 21:18:55,948 [9ce0b59e-153f-4f41-8aed-492a76d80b48@group-E873E827AB57:LeaderElection118] INFO  impl.RoleInfo (RoleInfo.java:shutdownLeaderElection(134)) - 9ce0b59e-153f-4f41-8aed-492a76d80b48: shutdown LeaderElection
2019-09-26 21:18:55,948 [9ce0b59e-153f-4f41-8aed-492a76d80b48@group-3CF811E9C283:LeaderElection117] INFO  impl.RoleInfo (RoleInfo.java:shutdownLeaderElection(134)) - 9ce0b59e-153f-4f41-8aed-492a76d80b48: shutdown LeaderElection
2019-09-26 21:18:55,949 [9ce0b59e-153f-4f41-8aed-492a76d80b48@group-E873E827AB57:LeaderElection118] INFO  impl.RaftServerImpl (RaftServerImpl.java:setRole(174)) - 9ce0b59e-153f-4f41-8aed-492a76d80b48@group-E873E827AB57: changes role from CANDIDATE to LEADER at term 1 for changeToLeader
2019-09-26 21:18:55,949 [1178c3ae-d0b4-4d44-b144-fe8504cc41ac@group-9FAB7D69D5C6:LeaderElection116] INFO  impl.RaftServerImpl (RaftServerImpl.java:setRole(174)) - 1178c3ae-d0b4-4d44-b144-fe8504cc41ac@group-9FAB7D69D5C6: changes role from CANDIDATE to LEADER at term 1 for changeToLeader
2019-09-26 21:18:55,949 [09112efe-1fad-4539-a04f-c96aef6d2351@group-D4B1EF4F61EA:LeaderElection119] INFO  impl.RoleInfo (RoleInfo.java:shutdownLeaderElection(134)) - 09112efe-1fad-4539-a04f-c96aef6d2351: shutdown LeaderElection
2019-09-26 21:18:55,949 [1178c3ae-d0b4-4d44-b144-fe8504cc41ac@group-9FAB7D69D5C6:LeaderElection116] INFO  impl.RaftServerImpl (ServerState.java:setLeader(253)) - 1178c3ae-d0b4-4d44-b144-fe8504cc41ac@group-9FAB7D69D5C6: change Leader from null to 1178c3ae-d0b4-4d44-b144-fe8504cc41ac at term 1 for becomeLeader, leader elected after 5536ms
2019-09-26 21:18:55,949 [9ce0b59e-153f-4f41-8aed-492a76d80b48@group-E873E827AB57:LeaderElection118] INFO  impl.RaftServerImpl (ServerState.java:setLeader(253)) - 9ce0b59e-153f-4f41-8aed-492a76d80b48@group-E873E827AB57: change Leader from null to 9ce0b59e-153f-4f41-8aed-492a76d80b48 at term 1 for becomeLeader, leader elected after 5574ms
2019-09-26 21:18:55,949 [9ce0b59e-153f-4f41-8aed-492a76d80b48@group-3CF811E9C283:LeaderElection117] INFO  impl.RaftServerImpl (RaftServerImpl.java:setRole(174)) - 9ce0b59e-153f-4f41-8aed-492a76d80b48@group-3CF811E9C283: changes role from CANDIDATE to LEADER at term 1 for changeToLeader
2019-09-26 21:18:55,950 [9ce0b59e-153f-4f41-8aed-492a76d80b48@group-E873E827AB57:LeaderElection118] INFO  server.RaftServerConfigKeys (ConfUtils.java:logGet(43)) - raft.server.staging.catchup.gap = 1000 (default)
2019-09-26 21:18:55,950 [1178c3ae-d0b4-4d44-b144-fe8504cc41ac@group-9FAB7D69D5C6:LeaderElection116] INFO  server.RaftServerConfigKeys (ConfUtils.java:logGet(43)) - raft.server.staging.catchup.gap = 1000 (default)
2019-09-26 21:18:55,950 [Thread-660] INFO  impl.RoleInfo (RoleInfo.java:shutdownFollowerState(121)) - 09112efe-1fad-4539-a04f-c96aef6d2351: shutdown FollowerState
2019-09-26 21:18:55,949 [09112efe-1fad-4539-a04f-c96aef6d2351@group-D4B1EF4F61EA:LeaderElection119] INFO  impl.RaftServerImpl (RaftServerImpl.java:setRole(174)) - 09112efe-1fad-4539-a04f-c96aef6d2351@group-D4B1EF4F61EA: changes role from CANDIDATE to LEADER at term 1 for changeToLeader
2019-09-26 21:18:55,950 [Thread-660] INFO  impl.RaftServerImpl (RaftServerImpl.java:setRole(174)) - 09112efe-1fad-4539-a04f-c96aef6d2351@group-C15524DE485D: changes role from  FOLLOWER to CANDIDATE at term 0 for changeToCandidate
2019-09-26 21:18:55,950 [1178c3ae-d0b4-4d44-b144-fe8504cc41ac@group-9FAB7D69D5C6:LeaderElection116] INFO  server.RaftServerConfigKeys (ConfUtils.java:logGet(43)) - raft.server.rpc.sleep.time = 25ms (default)
2019-09-26 21:18:55,950 [Thread-663] INFO  impl.RoleInfo (RoleInfo.java:shutdownFollowerState(121)) - 9ce0b59e-153f-4f41-8aed-492a76d80b48: shutdown FollowerState
2019-09-26 21:18:55,950 [9ce0b59e-153f-4f41-8aed-492a76d80b48@group-E873E827AB57:LeaderElection118] INFO  server.RaftServerConfigKeys (ConfUtils.java:logGet(43)) - raft.server.rpc.sleep.time = 25ms (default)
2019-09-26 21:18:55,950 [9ce0b59e-153f-4f41-8aed-492a76d80b48@group-3CF811E9C283:LeaderElection117] INFO  impl.RaftServerImpl (ServerState.java:setLeader(253)) - 9ce0b59e-153f-4f41-8aed-492a76d80b48@group-3CF811E9C283: change Leader from null to 9ce0b59e-153f-4f41-8aed-492a76d80b48 at term 1 for becomeLeader, leader elected after 5463ms
2019-09-26 21:18:55,951 [9ce0b59e-153f-4f41-8aed-492a76d80b48@group-E873E827AB57:LeaderElection118] INFO  server.RaftServerConfigKeys (ConfUtils.java:logGet(43)) - raft.server.write.element-limit = 4096 (default)
2019-09-26 21:18:55,951 [Thread-663] INFO  impl.RaftServerImpl (RaftServerImpl.java:setRole(174)) - 9ce0b59e-153f-4f41-8aed-492a76d80b48@group-543D5ED6ABE1: changes role from  FOLLOWER to CANDIDATE at term 0 for changeToCandidate
2019-09-26 21:18:55,951 [1178c3ae-d0b4-4d44-b144-fe8504cc41ac@group-9FAB7D69D5C6:LeaderElection116] INFO  server.RaftServerConfigKeys (ConfUtils.java:logGet(43)) - raft.server.write.element-limit = 4096 (default)
2019-09-26 21:18:55,951 [Thread-660] INFO  impl.RoleInfo (RoleInfo.java:updateAndGet(143)) - 09112efe-1fad-4539-a04f-c96aef6d2351: start LeaderElection
2019-09-26 21:18:55,950 [09112efe-1fad-4539-a04f-c96aef6d2351@group-D4B1EF4F61EA:LeaderElection119] INFO  impl.RaftServerImpl (ServerState.java:setLeader(253)) - 09112efe-1fad-4539-a04f-c96aef6d2351@group-D4B1EF4F61EA: change Leader from null to 09112efe-1fad-4539-a04f-c96aef6d2351 at term 1 for becomeLeader, leader elected after 5343ms
2019-09-26 21:18:55,952 [1178c3ae-d0b4-4d44-b144-fe8504cc41ac@group-9FAB7D69D5C6:LeaderElection116] INFO  server.RaftServerConfigKeys (ConfUtils.java:logGet(43)) - raft.server.watch.timeout = 10s (default)
2019-09-26 21:18:55,951 [Thread-663] INFO  impl.RoleInfo (RoleInfo.java:updateAndGet(143)) - 9ce0b59e-153f-4f41-8aed-492a76d80b48: start LeaderElection
2019-09-26 21:18:55,951 [9ce0b59e-153f-4f41-8aed-492a76d80b48@group-E873E827AB57:LeaderElection118] INFO  server.RaftServerConfigKeys (ConfUtils.java:logGet(43)) - raft.server.watch.timeout = 10s (default)
2019-09-26 21:18:55,951 [9ce0b59e-153f-4f41-8aed-492a76d80b48@group-3CF811E9C283:LeaderElection117] INFO  server.RaftServerConfigKeys (ConfUtils.java:logGet(43)) - raft.server.staging.catchup.gap = 1000 (default)
2019-09-26 21:18:55,952 [9ce0b59e-153f-4f41-8aed-492a76d80b48@group-E873E827AB57:LeaderElection118] INFO  server.RaftServerConfigKeys (ConfUtils.java:logGet(43)) - raft.server.watch.timeout.denomination = 1s (default)
2019-09-26 21:18:55,952 [1178c3ae-d0b4-4d44-b144-fe8504cc41ac@group-9FAB7D69D5C6:LeaderElection116] INFO  server.RaftServerConfigKeys (ConfUtils.java:logGet(43)) - raft.server.watch.timeout.denomination = 1s (default)
2019-09-26 21:18:55,952 [09112efe-1fad-4539-a04f-c96aef6d2351@group-D4B1EF4F61EA:LeaderElection119] INFO  server.RaftServerConfigKeys (ConfUtils.java:logGet(43)) - raft.server.staging.catchup.gap = 1000 (default)
2019-09-26 21:18:55,953 [1178c3ae-d0b4-4d44-b144-fe8504cc41ac@group-9FAB7D69D5C6:LeaderElection116] INFO  server.RaftServerConfigKeys (ConfUtils.java:logGet(43)) - raft.server.watch.element-limit = 65536 (default)
2019-09-26 21:18:55,953 [9ce0b59e-153f-4f41-8aed-492a76d80b48@group-E873E827AB57:LeaderElection118] INFO  server.RaftServerConfigKeys (ConfUtils.java:logGet(43)) - raft.server.watch.element-limit = 65536 (default)
2019-09-26 21:18:55,953 [9ce0b59e-153f-4f41-8aed-492a76d80b48@group-3CF811E9C283:LeaderElection117] INFO  server.RaftServerConfigKeys (ConfUtils.java:logGet(43)) - raft.server.rpc.sleep.time = 25ms (default)
2019-09-26 21:18:55,953 [1178c3ae-d0b4-4d44-b144-fe8504cc41ac@group-1D2C931F4BA5:LeaderElection98] INFO  impl.RoleInfo (RoleInfo.java:updateAndGet(143)) - 1178c3ae-d0b4-4d44-b144-fe8504cc41ac: start LeaderState
2019-09-26 21:18:55,953 [09112efe-1fad-4539-a04f-c96aef6d2351@group-D4B1EF4F61EA:LeaderElection119] INFO  server.RaftServerConfigKeys (ConfUtils.java:logGet(43)) - raft.server.rpc.sleep.time = 25ms (default)
2019-09-26 21:18:55,961 [9ce0b59e-153f-4f41-8aed-492a76d80b48@group-3CF811E9C283:LeaderElection117] INFO  server.RaftServerConfigKeys (ConfUtils.java:logGet(43)) - raft.server.write.element-limit = 4096 (default)
2019-09-26 21:18:55,961 [1178c3ae-d0b4-4d44-b144-fe8504cc41ac@group-1D2C931F4BA5:LeaderElection98] INFO  segmented.SegmentedRaftLogWorker (SegmentedRaftLogWorker.java:startLogSegment(380)) - 1178c3ae-d0b4-4d44-b144-fe8504cc41ac@group-1D2C931F4BA5-SegmentedRaftLogWorker: Starting segment from index:0
2019-09-26 21:18:55,961 [09112efe-1fad-4539-a04f-c96aef6d2351@group-D4B1EF4F61EA:LeaderElection119] INFO  server.RaftServerConfigKeys (ConfUtils.java:logGet(43)) - raft.server.write.element-limit = 4096 (default)
2019-09-26 21:18:55,961 [Thread-670] INFO  impl.FollowerState (FollowerState.java:run(106)) - 9ce0b59e-153f-4f41-8aed-492a76d80b48:group-D7AB65BEAEEF changes to CANDIDATE, lastRpcTime:5162, electionTimeout:5162ms
2019-09-26 21:18:55,961 [9ce0b59e-153f-4f41-8aed-492a76d80b48@group-3CF811E9C283:LeaderElection117] INFO  server.RaftServerConfigKeys (ConfUtils.java:logGet(43)) - raft.server.watch.timeout = 10s (default)
2019-09-26 21:18:55,964 [09112efe-1fad-4539-a04f-c96aef6d2351@group-D4B1EF4F61EA:LeaderElection119] INFO  server.RaftServerConfigKeys (ConfUtils.java:logGet(43)) - raft.server.watch.timeout = 10s (default)
2019-09-26 21:18:55,967 [1178c3ae-d0b4-4d44-b144-fe8504cc41ac@group-1D2C931F4BA5:LeaderElection98] INFO  impl.RaftServerImpl (ServerState.java:setRaftConf(354)) - 1178c3ae-d0b4-4d44-b144-fe8504cc41ac@group-1D2C931F4BA5: set configuration 0: [1178c3ae-d0b4-4d44-b144-fe8504cc41ac:192.168.151.99:33787], old=null at 0
2019-09-26 21:18:55,964 [9ce0b59e-153f-4f41-8aed-492a76d80b48@group-3CF811E9C283:LeaderElection117] INFO  server.RaftServerConfigKeys (ConfUtils.java:logGet(43)) - raft.server.watch.timeout.denomination = 1s (default)
2019-09-26 21:18:55,967 [09112efe-1fad-4539-a04f-c96aef6d2351@group-D4B1EF4F61EA:LeaderElection119] INFO  server.RaftServerConfigKeys (ConfUtils.java:logGet(43)) - raft.server.watch.timeout.denomination = 1s (default)
2019-09-26 21:18:56,179 [9ce0b59e-153f-4f41-8aed-492a76d80b48@group-3CF811E9C283:LeaderElection117] INFO  server.RaftServerConfigKeys (ConfUtils.java:logGet(43)) - raft.server.watch.element-limit = 65536 (default)
2019-09-26 21:18:56,178 [Thread-688] INFO  impl.FollowerState (FollowerState.java:run(106)) - 9ce0b59e-153f-4f41-8aed-492a76d80b48:group-9339CCE34269 changes to CANDIDATE, lastRpcTime:5240, electionTimeout:5054ms
2019-09-26 21:18:56,178 [Thread-677] INFO  impl.FollowerState (FollowerState.java:run(106)) - 1178c3ae-d0b4-4d44-b144-fe8504cc41ac:group-04E8659F51F7 changes to CANDIDATE, lastRpcTime:5330, electionTimeout:5177ms
2019-09-26 21:18:56,177 [Thread-681] INFO  impl.FollowerState (FollowerState.java:run(106)) - 0c640f50-2bc9-49b6-b785-a27e3116e6ba:group-0323BB0C2CB1 changes to CANDIDATE, lastRpcTime:5280, electionTimeout:5188ms
2019-09-26 21:18:56,176 [Thread-692] INFO  impl.FollowerState (FollowerState.java:run(106)) - da833d8d-e72a-4068-9560-4daa2d83adc2:group-ED372BCAD154 changes to CANDIDATE, lastRpcTime:5187, electionTimeout:5177ms
2019-09-26 21:18:56,176 [Thread-708] INFO  impl.FollowerState (FollowerState.java:run(106)) - da833d8d-e72a-4068-9560-4daa2d83adc2:group-9A832E30A4CB changes to CANDIDATE, lastRpcTime:5053, electionTimeout:5047ms
2019-09-26 21:18:56,176 [Thread-699] INFO  impl.FollowerState (FollowerState.java:run(106)) - 9ce0b59e-153f-4f41-8aed-492a76d80b48:group-6F05E871BC73 changes to CANDIDATE, lastRpcTime:5104, electionTimeout:5100ms
2019-09-26 21:18:56,179 [09112efe-1fad-4539-a04f-c96aef6d2351@group-D4B1EF4F61EA:LeaderElection119] INFO  server.RaftServerConfigKeys (ConfUtils.java:logGet(43)) - raft.server.watch.element-limit = 65536 (default)
2019-09-26 21:18:56,180 [Thread-670] INFO  impl.RoleInfo (RoleInfo.java:shutdownFollowerState(121)) - 9ce0b59e-153f-4f41-8aed-492a76d80b48: shutdown FollowerState
2019-09-26 21:18:56,181 [Thread-670] INFO  impl.RaftServerImpl (RaftServerImpl.java:setRole(174)) - 9ce0b59e-153f-4f41-8aed-492a76d80b48@group-D7AB65BEAEEF: changes role from  FOLLOWER to CANDIDATE at term 0 for changeToCandidate
2019-09-26 21:18:56,181 [Thread-670] INFO  impl.RoleInfo (RoleInfo.java:updateAndGet(143)) - 9ce0b59e-153f-4f41-8aed-492a76d80b48: start LeaderElection
2019-09-26 21:18:56,182 [Thread-688] INFO  impl.RoleInfo (RoleInfo.java:shutdownFollowerState(121)) - 9ce0b59e-153f-4f41-8aed-492a76d80b48: shutdown FollowerState
2019-09-26 21:18:56,182 [Thread-688] INFO  impl.RaftServerImpl (RaftServerImpl.java:setRole(174)) - 9ce0b59e-153f-4f41-8aed-492a76d80b48@group-9339CCE34269: changes role from  FOLLOWER to CANDIDATE at term 0 for changeToCandidate
2019-09-26 21:18:56,182 [Thread-677] INFO  impl.RoleInfo (RoleInfo.java:shutdownFollowerState(121)) - 1178c3ae-d0b4-4d44-b144-fe8504cc41ac: shutdown FollowerState
2019-09-26 21:18:56,182 [Thread-688] INFO  impl.RoleInfo (RoleInfo.java:updateAndGet(143)) - 9ce0b59e-153f-4f41-8aed-492a76d80b48: start LeaderElection
2019-09-26 21:18:56,182 [Thread-677] INFO  impl.RaftServerImpl (RaftServerImpl.java:setRole(174)) - 1178c3ae-d0b4-4d44-b144-fe8504cc41ac@group-04E8659F51F7: changes role from  FOLLOWER to CANDIDATE at term 0 for changeToCandidate
2019-09-26 21:18:56,182 [Thread-681] INFO  impl.RoleInfo (RoleInfo.java:shutdownFollowerState(121)) - 0c640f50-2bc9-49b6-b785-a27e3116e6ba: shutdown FollowerState
2019-09-26 21:18:56,183 [Thread-692] INFO  impl.RoleInfo (RoleInfo.java:shutdownFollowerState(121)) - da833d8d-e72a-4068-9560-4daa2d83adc2: shutdown FollowerState
2019-09-26 21:18:56,183 [Thread-692] INFO  impl.RaftServerImpl (RaftServerImpl.java:setRole(174)) - da833d8d-e72a-4068-9560-4daa2d83adc2@group-ED372BCAD154: changes role from  FOLLOWER to CANDIDATE at term 0 for changeToCandidate
2019-09-26 21:18:56,183 [Thread-677] INFO  impl.RoleInfo (RoleInfo.java:updateAndGet(143)) - 1178c3ae-d0b4-4d44-b144-fe8504cc41ac: start LeaderElection
2019-09-26 21:18:56,183 [Thread-708] INFO  impl.RoleInfo (RoleInfo.java:shutdownFollowerState(121)) - da833d8d-e72a-4068-9560-4daa2d83adc2: shutdown FollowerState
2019-09-26 21:18:56,183 [Thread-681] INFO  impl.RaftServerImpl (RaftServerImpl.java:setRole(174)) - 0c640f50-2bc9-49b6-b785-a27e3116e6ba@group-0323BB0C2CB1: changes role from  FOLLOWER to CANDIDATE at term 0 for changeToCandidate
2019-09-26 21:18:56,183 [Thread-708] INFO  impl.RaftServerImpl (RaftServerImpl.java:setRole(174)) - da833d8d-e72a-4068-9560-4daa2d83adc2@group-9A832E30A4CB: changes role from  FOLLOWER to CANDIDATE at term 0 for changeToCandidate
2019-09-26 21:18:56,183 [Thread-699] INFO  impl.RoleInfo (RoleInfo.java:shutdownFollowerState(121)) - 9ce0b59e-153f-4f41-8aed-492a76d80b48: shutdown FollowerState
2019-09-26 21:18:56,183 [Thread-692] INFO  impl.RoleInfo (RoleInfo.java:updateAndGet(143)) - da833d8d-e72a-4068-9560-4daa2d83adc2: start LeaderElection
2019-09-26 21:18:56,184 [Thread-699] INFO  impl.RaftServerImpl (RaftServerImpl.java:setRole(174)) - 9ce0b59e-153f-4f41-8aed-492a76d80b48@group-6F05E871BC73: changes role from  FOLLOWER to CANDIDATE at term 0 for changeToCandidate
2019-09-26 21:18:56,184 [Thread-708] INFO  impl.RoleInfo (RoleInfo.java:updateAndGet(143)) - da833d8d-e72a-4068-9560-4daa2d83adc2: start LeaderElection
2019-09-26 21:18:56,184 [Thread-681] INFO  impl.RoleInfo (RoleInfo.java:updateAndGet(143)) - 0c640f50-2bc9-49b6-b785-a27e3116e6ba: start LeaderElection
2019-09-26 21:18:56,187 [Thread-699] INFO  impl.RoleInfo (RoleInfo.java:updateAndGet(143)) - 9ce0b59e-153f-4f41-8aed-492a76d80b48: start LeaderElection
2019-09-26 21:18:56,188 [0c640f50-2bc9-49b6-b785-a27e3116e6ba@group-8ADE47486BA4:LeaderElection95] INFO  impl.RoleInfo (RoleInfo.java:updateAndGet(143)) - 0c640f50-2bc9-49b6-b785-a27e3116e6ba: start LeaderState
2019-09-26 21:18:56,190 [Thread-695] INFO  impl.FollowerState (FollowerState.java:run(106)) - 9ce0b59e-153f-4f41-8aed-492a76d80b48:group-84D243744114 changes to CANDIDATE, lastRpcTime:5162, electionTimeout:5162ms
2019-09-26 21:18:56,190 [0c640f50-2bc9-49b6-b785-a27e3116e6ba@group-8ADE47486BA4:LeaderElection95] INFO  segmented.SegmentedRaftLogWorker (SegmentedRaftLogWorker.java:startLogSegment(380)) - 0c640f50-2bc9-49b6-b785-a27e3116e6ba@group-8ADE47486BA4-SegmentedRaftLogWorker: Starting segment from index:0
2019-09-26 21:18:56,191 [0c640f50-2bc9-49b6-b785-a27e3116e6ba@group-8ADE47486BA4:LeaderElection95] INFO  impl.RaftServerImpl (ServerState.java:setRaftConf(354)) - 0c640f50-2bc9-49b6-b785-a27e3116e6ba@group-8ADE47486BA4: set configuration 0: [0c640f50-2bc9-49b6-b785-a27e3116e6ba:192.168.151.99:42361], old=null at 0
2019-09-26 21:18:56,439 [Thread-717] INFO  impl.FollowerState (FollowerState.java:run(106)) - 9ce0b59e-153f-4f41-8aed-492a76d80b48:group-502FD49C5050 changes to CANDIDATE, lastRpcTime:5222, electionTimeout:5185ms
2019-09-26 21:18:56,448 [9ce0b59e-153f-4f41-8aed-492a76d80b48@group-9339CCE34269:LeaderElection123] INFO  impl.LeaderElection (LeaderElection.java:askForVotes(182)) - 9ce0b59e-153f-4f41-8aed-492a76d80b48@group-9339CCE34269:LeaderElection123: begin an election at term 1 for -1: [9ce0b59e-153f-4f41-8aed-492a76d80b48:192.168.151.99:34156], old=null
2019-09-26 21:18:56,447 [09112efe-1fad-4539-a04f-c96aef6d2351@group-C15524DE485D:LeaderElection120] INFO  impl.LeaderElection (LeaderElection.java:askForVotes(182)) - 09112efe-1fad-4539-a04f-c96aef6d2351@group-C15524DE485D:LeaderElection120: begin an election at term 1 for -1: [09112efe-1fad-4539-a04f-c96aef6d2351:192.168.151.99:45286], old=null
2019-09-26 21:18:56,447 [9ce0b59e-153f-4f41-8aed-492a76d80b48@group-D7AB65BEAEEF:LeaderElection122] INFO  impl.LeaderElection (LeaderElection.java:askForVotes(182)) - 9ce0b59e-153f-4f41-8aed-492a76d80b48@group-D7AB65BEAEEF:LeaderElection122: begin an election at term 1 for -1: [9ce0b59e-153f-4f41-8aed-492a76d80b48:192.168.151.99:34156], old=null
2019-09-26 21:18:56,447 [9ce0b59e-153f-4f41-8aed-492a76d80b48@group-543D5ED6ABE1:LeaderElection121] INFO  impl.LeaderElection (LeaderElection.java:askForVotes(182)) - 9ce0b59e-153f-4f41-8aed-492a76d80b48@group-543D5ED6ABE1:LeaderElection121: begin an election at term 1 for -1: [9ce0b59e-153f-4f41-8aed-492a76d80b48:192.168.151.99:34156], old=null
2019-09-26 21:18:56,447 [1178c3ae-d0b4-4d44-b144-fe8504cc41ac@group-69CE5E8A1F29-SegmentedRaftLogWorker] ERROR segmented.SegmentedRaftLogWorker (SegmentedRaftLogWorker.java:run(323)) - 1178c3ae-d0b4-4d44-b144-fe8504cc41ac@group-69CE5E8A1F29-SegmentedRaftLogWorker hit exception
java.lang.OutOfMemoryError: Direct buffer memory
	at java.nio.Bits.reserveMemory(Bits.java:666)
	at java.nio.DirectByteBuffer.<init>(DirectByteBuffer.java:123)
	at java.nio.ByteBuffer.allocateDirect(ByteBuffer.java:311)
	at org.apache.ratis.server.raftlog.segmented.BufferedWriteChannel.<init>(BufferedWriteChannel.java:41)
	at org.apache.ratis.server.raftlog.segmented.SegmentedRaftLogOutputStream.<init>(SegmentedRaftLogOutputStream.java:72)
	at org.apache.ratis.server.raftlog.segmented.SegmentedRaftLogWorker$StartLogSegment.execute(SegmentedRaftLogWorker.java:566)
	at org.apache.ratis.server.raftlog.segmented.SegmentedRaftLogWorker.run(SegmentedRaftLogWorker.java:289)
	at java.lang.Thread.run(Thread.java:748)
2019-09-26 21:18:56,445 [Thread-714] INFO  impl.FollowerState (FollowerState.java:run(106)) - 9ce0b59e-153f-4f41-8aed-492a76d80b48:group-D00789A57A5B changes to CANDIDATE, lastRpcTime:5276, electionTimeout:5144ms
2019-09-26 21:18:56,445 [Thread-727] INFO  impl.FollowerState (FollowerState.java:run(106)) - 1178c3ae-d0b4-4d44-b144-fe8504cc41ac:group-5EAC8502C8A3 changes to CANDIDATE, lastRpcTime:5129, electionTimeout:5017ms
2019-09-26 21:18:56,443 [Thread-721] INFO  impl.FollowerState (FollowerState.java:run(106)) - 09112efe-1fad-4539-a04f-c96aef6d2351:group-EC252041ED71 changes to CANDIDATE, lastRpcTime:5176, electionTimeout:5101ms
2019-09-26 21:18:56,443 [Thread-730] INFO  impl.FollowerState (FollowerState.java:run(106)) - 1178c3ae-d0b4-4d44-b144-fe8504cc41ac:group-FD9251D15172 changes to CANDIDATE, lastRpcTime:5084, electionTimeout:5011ms
2019-09-26 21:18:56,475 [Thread-695] INFO  impl.RoleInfo (RoleInfo.java:shutdownFollowerState(121)) - 9ce0b59e-153f-4f41-8aed-492a76d80b48: shutdown FollowerState
2019-09-26 21:18:56,475 [1178c3ae-d0b4-4d44-b144-fe8504cc41ac@group-69CE5E8A1F29-SegmentedRaftLogWorker] INFO  impl.RaftServerImpl (RaftServerImpl.java:lambda$shutdown$3(251)) - 1178c3ae-d0b4-4d44-b144-fe8504cc41ac@group-69CE5E8A1F29: shutdown
2019-09-26 21:18:56,456 [9ce0b59e-153f-4f41-8aed-492a76d80b48@group-543D5ED6ABE1:LeaderElection121] INFO  impl.RoleInfo (RoleInfo.java:shutdownLeaderElection(134)) - 9ce0b59e-153f-4f41-8aed-492a76d80b48: shutdown LeaderElection
2019-09-26 21:18:56,456 [1178c3ae-d0b4-4d44-b144-fe8504cc41ac@group-04E8659F51F7:LeaderElection124] INFO  impl.LeaderElection (LeaderElection.java:askForVotes(182)) - 1178c3ae-d0b4-4d44-b144-fe8504cc41ac@group-04E8659F51F7:LeaderElection124: begin an election at term 1 for -1: [1178c3ae-d0b4-4d44-b144-fe8504cc41ac:192.168.151.99:33787], old=null
2019-09-26 21:18:56,456 [da833d8d-e72a-4068-9560-4daa2d83adc2@group-ED372BCAD154:LeaderElection125] INFO  impl.LeaderElection (LeaderElection.java:askForVotes(182)) - da833d8d-e72a-4068-9560-4daa2d83adc2@group-ED372BCAD154:LeaderElection125: begin an election at term 1 for -1: [da833d8d-e72a-4068-9560-4daa2d83adc2:192.168.151.99:38903], old=null
2019-09-26 21:18:56,452 [9ce0b59e-153f-4f41-8aed-492a76d80b48@group-D7AB65BEAEEF:LeaderElection122] INFO  impl.RoleInfo (RoleInfo.java:shutdownLeaderElection(134)) - 9ce0b59e-153f-4f41-8aed-492a76d80b48: shutdown LeaderElection
2019-09-26 21:18:56,451 [09112efe-1fad-4539-a04f-c96aef6d2351@group-C15524DE485D:LeaderElection120] INFO  impl.RoleInfo (RoleInfo.java:shutdownLeaderElection(134)) - 09112efe-1fad-4539-a04f-c96aef6d2351: shutdown LeaderElection
2019-09-26 21:18:56,448 [9ce0b59e-153f-4f41-8aed-492a76d80b48@group-9339CCE34269:LeaderElection123] INFO  impl.RoleInfo (RoleInfo.java:shutdownLeaderElection(134)) - 9ce0b59e-153f-4f41-8aed-492a76d80b48: shutdown LeaderElection
2019-09-26 21:18:56,477 [09112efe-1fad-4539-a04f-c96aef6d2351@group-C15524DE485D:LeaderElection120] INFO  impl.RaftServerImpl (RaftServerImpl.java:setRole(174)) - 09112efe-1fad-4539-a04f-c96aef6d2351@group-C15524DE485D: changes role from CANDIDATE to LEADER at term 1 for changeToLeader
2019-09-26 21:18:56,477 [Thread-717] INFO  impl.RoleInfo (RoleInfo.java:shutdownFollowerState(121)) - 9ce0b59e-153f-4f41-8aed-492a76d80b48: shutdown FollowerState
2019-09-26 21:18:56,477 [9ce0b59e-153f-4f41-8aed-492a76d80b48@group-D7AB65BEAEEF:LeaderElection122] INFO  impl.RaftServerImpl (RaftServerImpl.java:setRole(174)) - 9ce0b59e-153f-4f41-8aed-492a76d80b48@group-D7AB65BEAEEF: changes role from CANDIDATE to LEADER at term 1 for changeToLeader
2019-09-26 21:18:56,476 [da833d8d-e72a-4068-9560-4daa2d83adc2@group-ED372BCAD154:LeaderElection125] INFO  impl.RoleInfo (RoleInfo.java:shutdownLeaderElection(134)) - da833d8d-e72a-4068-9560-4daa2d83adc2: shutdown LeaderElection
2019-09-26 21:18:56,476 [1178c3ae-d0b4-4d44-b144-fe8504cc41ac@group-04E8659F51F7:LeaderElection124] INFO  impl.RoleInfo (RoleInfo.java:shutdownLeaderElection(134)) - 1178c3ae-d0b4-4d44-b144-fe8504cc41ac: shutdown LeaderElection
2019-09-26 21:18:56,476 [9ce0b59e-153f-4f41-8aed-492a76d80b48@group-543D5ED6ABE1:LeaderElection121] INFO  impl.RaftServerImpl (RaftServerImpl.java:setRole(174)) - 9ce0b59e-153f-4f41-8aed-492a76d80b48@group-543D5ED6ABE1: changes role from CANDIDATE to LEADER at term 1 for changeToLeader
2019-09-26 21:18:56,478 [9ce0b59e-153f-4f41-8aed-492a76d80b48@group-543D5ED6ABE1:LeaderElection121] INFO  impl.RaftServerImpl (ServerState.java:setLeader(253)) - 9ce0b59e-153f-4f41-8aed-492a76d80b48@group-543D5ED6ABE1: change Leader from null to 9ce0b59e-153f-4f41-8aed-492a76d80b48 at term 1 for becomeLeader, leader elected after 5763ms
2019-09-26 21:18:56,476 [Thread-695] INFO  impl.RaftServerImpl (RaftServerImpl.java:setRole(174)) - 9ce0b59e-153f-4f41-8aed-492a76d80b48@group-84D243744114: changes role from  FOLLOWER to CANDIDATE at term 0 for changeToCandidate
2019-09-26 21:18:56,478 [9ce0b59e-153f-4f41-8aed-492a76d80b48@group-543D5ED6ABE1:LeaderElection121] INFO  server.RaftServerConfigKeys (ConfUtils.java:logGet(43)) - raft.server.staging.catchup.gap = 1000 (default)
2019-09-26 21:18:56,478 [Thread-727] INFO  impl.RoleInfo (RoleInfo.java:shutdownFollowerState(121)) - 1178c3ae-d0b4-4d44-b144-fe8504cc41ac: shutdown FollowerState
2019-09-26 21:18:56,478 [Thread-714] INFO  impl.RoleInfo (RoleInfo.java:shutdownFollowerState(121)) - 9ce0b59e-153f-4f41-8aed-492a76d80b48: shutdown FollowerState
2019-09-26 21:18:56,478 [Thread-714] INFO  impl.RaftServerImpl (RaftServerImpl.java:setRole(174)) - 9ce0b59e-153f-4f41-8aed-492a76d80b48@group-D00789A57A5B: changes role from  FOLLOWER to CANDIDATE at term 0 for changeToCandidate
2019-09-26 21:18:56,477 [1178c3ae-d0b4-4d44-b144-fe8504cc41ac@group-04E8659F51F7:LeaderElection124] INFO  impl.RaftServerImpl (RaftServerImpl.java:setRole(174)) - 1178c3ae-d0b4-4d44-b144-fe8504cc41ac@group-04E8659F51F7: changes role from CANDIDATE to LEADER at term 1 for changeToLeader
2019-09-26 21:18:56,477 [da833d8d-e72a-4068-9560-4daa2d83adc2@group-ED372BCAD154:LeaderElection125] INFO  impl.RaftServerImpl (RaftServerImpl.java:setRole(174)) - da833d8d-e72a-4068-9560-4daa2d83adc2@group-ED372BCAD154: changes role from CANDIDATE to LEADER at term 1 for changeToLeader
2019-09-26 21:18:56,477 [9ce0b59e-153f-4f41-8aed-492a76d80b48@group-D7AB65BEAEEF:LeaderElection122] INFO  impl.RaftServerImpl (ServerState.java:setLeader(253)) - 9ce0b59e-153f-4f41-8aed-492a76d80b48@group-D7AB65BEAEEF: change Leader from null to 9ce0b59e-153f-4f41-8aed-492a76d80b48 at term 1 for becomeLeader, leader elected after 5684ms
2019-09-26 21:18:56,477 [Thread-717] INFO  impl.RaftServerImpl (RaftServerImpl.java:setRole(174)) - 9ce0b59e-153f-4f41-8aed-492a76d80b48@group-502FD49C5050: changes role from  FOLLOWER to CANDIDATE at term 0 for changeToCandidate
2019-09-26 21:18:56,477 [09112efe-1fad-4539-a04f-c96aef6d2351@group-C15524DE485D:LeaderElection120] INFO  impl.RaftServerImpl (ServerState.java:setLeader(253)) - 09112efe-1fad-4539-a04f-c96aef6d2351@group-C15524DE485D: change Leader from null to 09112efe-1fad-4539-a04f-c96aef6d2351 at term 1 for becomeLeader, leader elected after 5801ms
2019-09-26 21:18:56,479 [Thread-717] INFO  impl.RoleInfo (RoleInfo.java:updateAndGet(143)) - 9ce0b59e-153f-4f41-8aed-492a76d80b48: start LeaderElection
2019-09-26 21:18:56,479 [09112efe-1fad-4539-a04f-c96aef6d2351@group-F6B9EF0C2D8E:LeaderElection90] INFO  impl.RoleInfo (RoleInfo.java:updateAndGet(143)) - 09112efe-1fad-4539-a04f-c96aef6d2351: start LeaderState
2019-09-26 21:18:56,477 [9ce0b59e-153f-4f41-8aed-492a76d80b48@group-9339CCE34269:LeaderElection123] INFO  impl.RaftServerImpl (RaftServerImpl.java:setRole(174)) - 9ce0b59e-153f-4f41-8aed-492a76d80b48@group-9339CCE34269: changes role from CANDIDATE to LEADER at term 1 for changeToLeader
2019-09-26 21:18:56,479 [09112efe-1fad-4539-a04f-c96aef6d2351@group-C15524DE485D:LeaderElection120] INFO  server.RaftServerConfigKeys (ConfUtils.java:logGet(43)) - raft.server.staging.catchup.gap = 1000 (default)
2019-09-26 21:18:56,479 [9ce0b59e-153f-4f41-8aed-492a76d80b48@group-D7AB65BEAEEF:LeaderElection122] INFO  server.RaftServerConfigKeys (ConfUtils.java:logGet(43)) - raft.server.staging.catchup.gap = 1000 (default)
2019-09-26 21:18:56,479 [da833d8d-e72a-4068-9560-4daa2d83adc2@group-ED372BCAD154:LeaderElection125] INFO  impl.RaftServerImpl (ServerState.java:setLeader(253)) - da833d8d-e72a-4068-9560-4daa2d83adc2@group-ED372BCAD154: change Leader from null to da833d8d-e72a-4068-9560-4daa2d83adc2 at term 1 for becomeLeader, leader elected after 5497ms
2019-09-26 21:18:56,479 [1178c3ae-d0b4-4d44-b144-fe8504cc41ac@group-04E8659F51F7:LeaderElection124] INFO  impl.RaftServerImpl (ServerState.java:setLeader(253)) - 1178c3ae-d0b4-4d44-b144-fe8504cc41ac@group-04E8659F51F7: change Leader from null to 1178c3ae-d0b4-4d44-b144-fe8504cc41ac at term 1 for becomeLeader, leader elected after 5638ms
2019-09-26 21:18:56,478 [Thread-714] INFO  impl.RoleInfo (RoleInfo.java:updateAndGet(143)) - 9ce0b59e-153f-4f41-8aed-492a76d80b48: start LeaderElection
2019-09-26 21:18:56,478 [Thread-727] INFO  impl.RaftServerImpl (RaftServerImpl.java:setRole(174)) - 1178c3ae-d0b4-4d44-b144-fe8504cc41ac@group-5EAC8502C8A3: changes role from  FOLLOWER to CANDIDATE at term 0 for changeToCandidate
2019-09-26 21:18:56,478 [9ce0b59e-153f-4f41-8aed-492a76d80b48@group-543D5ED6ABE1:LeaderElection121] INFO  server.RaftServerConfigKeys (ConfUtils.java:logGet(43)) - raft.server.rpc.sleep.time = 25ms (default)
2019-09-26 21:18:56,478 [Thread-730] INFO  impl.RoleInfo (RoleInfo.java:shutdownFollowerState(121)) - 1178c3ae-d0b4-4d44-b144-fe8504cc41ac: shutdown FollowerState
2019-09-26 21:18:56,481 [Thread-730] INFO  impl.RaftServerImpl (RaftServerImpl.java:setRole(174)) - 1178c3ae-d0b4-4d44-b144-fe8504cc41ac@group-FD9251D15172: changes role from  FOLLOWER to CANDIDATE at term 0 for changeToCandidate
2019-09-26 21:18:56,478 [Thread-721] INFO  impl.RoleInfo (RoleInfo.java:shutdownFollowerState(121)) - 09112efe-1fad-4539-a04f-c96aef6d2351: shutdown FollowerState
2019-09-26 21:18:56,478 [Thread-695] INFO  impl.RoleInfo (RoleInfo.java:updateAndGet(143)) - 9ce0b59e-153f-4f41-8aed-492a76d80b48: start LeaderElection
2019-09-26 21:18:56,481 [Thread-721] INFO  impl.RaftServerImpl (RaftServerImpl.java:setRole(174)) - 09112efe-1fad-4539-a04f-c96aef6d2351@group-EC252041ED71: changes role from  FOLLOWER to CANDIDATE at term 0 for changeToCandidate
2019-09-26 21:18:56,481 [Thread-730] INFO  impl.RoleInfo (RoleInfo.java:updateAndGet(143)) - 1178c3ae-d0b4-4d44-b144-fe8504cc41ac: start LeaderElection
2019-09-26 21:18:56,480 [9ce0b59e-153f-4f41-8aed-492a76d80b48@group-543D5ED6ABE1:LeaderElection121] INFO  server.RaftServerConfigKeys (ConfUtils.java:logGet(43)) - raft.server.write.element-limit = 4096 (default)
2019-09-26 21:18:56,480 [1178c3ae-d0b4-4d44-b144-fe8504cc41ac@group-69CE5E8A1F29-SegmentedRaftLogWorker] INFO  util.JmxRegister (JmxRegister.java:unregister(73)) - Successfully un-registered JMX Bean with object name Ratis:service=RaftServer,group=group-69CE5E8A1F29,id=1178c3ae-d0b4-4d44-b144-fe8504cc41ac
2019-09-26 21:18:56,480 [Thread-727] INFO  impl.RoleInfo (RoleInfo.java:updateAndGet(143)) - 1178c3ae-d0b4-4d44-b144-fe8504cc41ac: start LeaderElection
2019-09-26 21:18:56,480 [1178c3ae-d0b4-4d44-b144-fe8504cc41ac@group-04E8659F51F7:LeaderElection124] INFO  server.RaftServerConfigKeys (ConfUtils.java:logGet(43)) - raft.server.staging.catchup.gap = 1000 (default)
2019-09-26 21:18:56,480 [da833d8d-e72a-4068-9560-4daa2d83adc2@group-ED372BCAD154:LeaderElection125] INFO  server.RaftServerConfigKeys (ConfUtils.java:logGet(43)) - raft.server.staging.catchup.gap = 1000 (default)
2019-09-26 21:18:56,482 [da833d8d-e72a-4068-9560-4daa2d83adc2@group-ED372BCAD154:LeaderElection125] INFO  server.RaftServerConfigKeys (ConfUtils.java:logGet(43)) - raft.server.rpc.sleep.time = 25ms (default)
2019-09-26 21:18:56,480 [9ce0b59e-153f-4f41-8aed-492a76d80b48@group-D7AB65BEAEEF:LeaderElection122] INFO  server.RaftServerConfigKeys (ConfUtils.java:logGet(43)) - raft.server.rpc.sleep.time = 25ms (default)
2019-09-26 21:18:56,479 [09112efe-1fad-4539-a04f-c96aef6d2351@group-C15524DE485D:LeaderElection120] INFO  server.RaftServerConfigKeys (ConfUtils.java:logGet(43)) - raft.server.rpc.sleep.time = 25ms (default)
2019-09-26 21:18:56,479 [09112efe-1fad-4539-a04f-c96aef6d2351@group-F6B9EF0C2D8E:LeaderElection90] INFO  segmented.SegmentedRaftLogWorker (SegmentedRaftLogWorker.java:startLogSegment(380)) - 09112efe-1fad-4539-a04f-c96aef6d2351@group-F6B9EF0C2D8E-SegmentedRaftLogWorker: Starting segment from index:0
2019-09-26 21:18:56,479 [9ce0b59e-153f-4f41-8aed-492a76d80b48@group-9339CCE34269:LeaderElection123] INFO  impl.RaftServerImpl (ServerState.java:setLeader(253)) - 9ce0b59e-153f-4f41-8aed-492a76d80b48@group-9339CCE34269: change Leader from null to 9ce0b59e-153f-4f41-8aed-492a76d80b48 at term 1 for becomeLeader, leader elected after 5550ms
2019-09-26 21:18:56,482 [09112efe-1fad-4539-a04f-c96aef6d2351@group-C15524DE485D:LeaderElection120] INFO  server.RaftServerConfigKeys (ConfUtils.java:logGet(43)) - raft.server.write.element-limit = 4096 (default)
2019-09-26 21:18:56,482 [9ce0b59e-153f-4f41-8aed-492a76d80b48@group-D7AB65BEAEEF:LeaderElection122] INFO  server.RaftServerConfigKeys (ConfUtils.java:logGet(43)) - raft.server.write.element-limit = 4096 (default)
2019-09-26 21:18:56,482 [da833d8d-e72a-4068-9560-4daa2d83adc2@group-ED372BCAD154:LeaderElection125] INFO  server.RaftServerConfigKeys (ConfUtils.java:logGet(43)) - raft.server.write.element-limit = 4096 (default)
2019-09-26 21:18:56,482 [1178c3ae-d0b4-4d44-b144-fe8504cc41ac@group-04E8659F51F7:LeaderElection124] INFO  server.RaftServerConfigKeys (ConfUtils.java:logGet(43)) - raft.server.rpc.sleep.time = 25ms (default)
2019-09-26 21:18:56,482 [1178c3ae-d0b4-4d44-b144-fe8504cc41ac@group-69CE5E8A1F29-SegmentedRaftLogWorker] INFO  impl.RoleInfo (RoleInfo.java:shutdownLeaderState(104)) - 1178c3ae-d0b4-4d44-b144-fe8504cc41ac: shutdown LeaderState
2019-09-26 21:18:56,481 [9ce0b59e-153f-4f41-8aed-492a76d80b48@group-543D5ED6ABE1:LeaderElection121] INFO  server.RaftServerConfigKeys (ConfUtils.java:logGet(43)) - raft.server.watch.timeout = 10s (default)
2019-09-26 21:18:56,481 [Thread-721] INFO  impl.RoleInfo (RoleInfo.java:updateAndGet(143)) - 09112efe-1fad-4539-a04f-c96aef6d2351: start LeaderElection
2019-09-26 21:18:56,755 [9ce0b59e-153f-4f41-8aed-492a76d80b48@group-543D5ED6ABE1:LeaderElection121] INFO  server.RaftServerConfigKeys (ConfUtils.java:logGet(43)) - raft.server.watch.timeout.denomination = 1s (default)
2019-09-26 21:18:56,755 [1178c3ae-d0b4-4d44-b144-fe8504cc41ac@group-69CE5E8A1F29-SegmentedRaftLogWorker] INFO  impl.PendingRequests (PendingRequests.java:sendNotLeaderResponses(202)) - 1178c3ae-d0b4-4d44-b144-fe8504cc41ac-PendingRequests: sendNotLeaderResponses
2019-09-26 21:18:56,755 [1178c3ae-d0b4-4d44-b144-fe8504cc41ac@group-04E8659F51F7:LeaderElection124] INFO  server.RaftServerConfigKeys (ConfUtils.java:logGet(43)) - raft.server.write.element-limit = 4096 (default)
2019-09-26 21:18:56,754 [da833d8d-e72a-4068-9560-4daa2d83adc2@group-ED372BCAD154:LeaderElection125] INFO  server.RaftServerConfigKeys (ConfUtils.java:logGet(43)) - raft.server.watch.timeout = 10s (default)
2019-09-26 21:18:56,754 [9ce0b59e-153f-4f41-8aed-492a76d80b48@group-D7AB65BEAEEF:LeaderElection122] INFO  server.RaftServerConfigKeys (ConfUtils.java:logGet(43)) - raft.server.watch.timeout = 10s (default)
2019-09-26 21:18:56,754 [9ce0b59e-153f-4f41-8aed-492a76d80b48@group-502FD49C5050:LeaderElection131] INFO  impl.LeaderElection (LeaderElection.java:askForVotes(182)) - 9ce0b59e-153f-4f41-8aed-492a76d80b48@group-502FD49C5050:LeaderElection131: begin an election at term 1 for -1: [9ce0b59e-153f-4f41-8aed-492a76d80b48:192.168.151.99:34156], old=null
2019-09-26 21:18:56,754 [da833d8d-e72a-4068-9560-4daa2d83adc2@group-9A832E30A4CB:LeaderElection127] INFO  impl.LeaderElection (LeaderElection.java:askForVotes(182)) - da833d8d-e72a-4068-9560-4daa2d83adc2@group-9A832E30A4CB:LeaderElection127: begin an election at term 1 for -1: [da833d8d-e72a-4068-9560-4daa2d83adc2:192.168.151.99:38903], old=null
2019-09-26 21:18:56,754 [9ce0b59e-153f-4f41-8aed-492a76d80b48@group-D00789A57A5B:LeaderElection130] INFO  impl.LeaderElection (LeaderElection.java:askForVotes(182)) - 9ce0b59e-153f-4f41-8aed-492a76d80b48@group-D00789A57A5B:LeaderElection130: begin an election at term 1 for -1: [9ce0b59e-153f-4f41-8aed-492a76d80b48:192.168.151.99:34156], old=null
2019-09-26 21:18:56,754 [0c640f50-2bc9-49b6-b785-a27e3116e6ba@group-0323BB0C2CB1:LeaderElection126] INFO  impl.LeaderElection (LeaderElection.java:askForVotes(182)) - 0c640f50-2bc9-49b6-b785-a27e3116e6ba@group-0323BB0C2CB1:LeaderElection126: begin an election at term 1 for -1: [0c640f50-2bc9-49b6-b785-a27e3116e6ba:192.168.151.99:42361], old=null
2019-09-26 21:18:56,754 [9ce0b59e-153f-4f41-8aed-492a76d80b48@group-6F05E871BC73:LeaderElection128] INFO  impl.LeaderElection (LeaderElection.java:askForVotes(182)) - 9ce0b59e-153f-4f41-8aed-492a76d80b48@group-6F05E871BC73:LeaderElection128: begin an election at term 1 for -1: [9ce0b59e-153f-4f41-8aed-492a76d80b48:192.168.151.99:34156], old=null
2019-09-26 21:18:56,756 [9ce0b59e-153f-4f41-8aed-492a76d80b48@group-6F05E871BC73:LeaderElection128] INFO  impl.RoleInfo (RoleInfo.java:shutdownLeaderElection(134)) - 9ce0b59e-153f-4f41-8aed-492a76d80b48: shutdown LeaderElection
2019-09-26 21:18:56,753 [Thread-743] INFO  impl.FollowerState (FollowerState.java:run(106)) - 9ce0b59e-153f-4f41-8aed-492a76d80b48:group-F4F4B9E0C0D9 changes to CANDIDATE, lastRpcTime:5281, electionTimeout:5053ms
2019-09-26 21:18:56,753 [Thread-746] INFO  impl.FollowerState (FollowerState.java:run(106)) - 9ce0b59e-153f-4f41-8aed-492a76d80b48:group-486ABFFF1652 changes to CANDIDATE, lastRpcTime:5239, electionTimeout:5044ms
2019-09-26 21:18:56,752 [Thread-740] INFO  impl.FollowerState (FollowerState.java:run(106)) - 9ce0b59e-153f-4f41-8aed-492a76d80b48:group-3B90256A708A changes to CANDIDATE, lastRpcTime:5308, electionTimeout:5130ms
2019-09-26 21:18:56,752 [Thread-735] INFO  impl.FollowerState (FollowerState.java:run(106)) - 9ce0b59e-153f-4f41-8aed-492a76d80b48:group-00CF13531264 changes to CANDIDATE, lastRpcTime:5349, electionTimeout:5178ms
2019-09-26 21:18:56,750 [9ce0b59e-153f-4f41-8aed-492a76d80b48@group-3426463BEB03-SegmentedRaftLogWorker] ERROR segmented.SegmentedRaftLogWorker (SegmentedRaftLogWorker.java:run(323)) - 9ce0b59e-153f-4f41-8aed-492a76d80b48@group-3426463BEB03-SegmentedRaftLogWorker hit exception
java.lang.OutOfMemoryError: Direct buffer memory
	at java.nio.Bits.reserveMemory(Bits.java:666)
	at java.nio.DirectByteBuffer.<init>(DirectByteBuffer.java:123)
	at java.nio.ByteBuffer.allocateDirect(ByteBuffer.java:311)
	at org.apache.ratis.server.raftlog.segmented.BufferedWriteChannel.<init>(BufferedWriteChannel.java:41)
	at org.apache.ratis.server.raftlog.segmented.SegmentedRaftLogOutputStream.<init>(SegmentedRaftLogOutputStream.java:72)
	at org.apache.ratis.server.raftlog.segmented.SegmentedRaftLogWorker$StartLogSegment.execute(SegmentedRaftLogWorker.java:566)
	at org.apache.ratis.server.raftlog.segmented.SegmentedRaftLogWorker.run(SegmentedRaftLogWorker.java:289)
	at java.lang.Thread.run(Thread.java:748)
2019-09-26 21:18:56,750 [Thread-759] INFO  impl.FollowerState (FollowerState.java:run(106)) - da833d8d-e72a-4068-9560-4daa2d83adc2:group-511FA1580F8F changes to CANDIDATE, lastRpcTime:5093, electionTimeout:5051ms
2019-09-26 21:18:56,749 [Thread-749] INFO  impl.FollowerState (FollowerState.java:run(106)) - 9ce0b59e-153f-4f41-8aed-492a76d80b48:group-9CC82A6B0D81 changes to CANDIDATE, lastRpcTime:5192, electionTimeout:5171ms
2019-09-26 21:18:56,483 [09112efe-1fad-4539-a04f-c96aef6d2351@group-C15524DE485D:LeaderElection120] INFO  server.RaftServerConfigKeys (ConfUtils.java:logGet(43)) - raft.server.watch.timeout = 10s (default)
2019-09-26 21:18:56,483 [09112efe-1fad-4539-a04f-c96aef6d2351@group-F6B9EF0C2D8E:LeaderElection90] INFO  impl.RaftServerImpl (ServerState.java:setRaftConf(354)) - 09112efe-1fad-4539-a04f-c96aef6d2351@group-F6B9EF0C2D8E: set configuration 0: [09112efe-1fad-4539-a04f-c96aef6d2351:192.168.151.99:45286], old=null at 0
2019-09-26 21:18:56,483 [9ce0b59e-153f-4f41-8aed-492a76d80b48@group-9339CCE34269:LeaderElection123] INFO  server.RaftServerConfigKeys (ConfUtils.java:logGet(43)) - raft.server.staging.catchup.gap = 1000 (default)
2019-09-26 21:18:56,758 [09112efe-1fad-4539-a04f-c96aef6d2351@group-C15524DE485D:LeaderElection120] INFO  server.RaftServerConfigKeys (ConfUtils.java:logGet(43)) - raft.server.watch.timeout.denomination = 1s (default)
2019-09-26 21:18:56,757 [9ce0b59e-153f-4f41-8aed-492a76d80b48@group-3426463BEB03-SegmentedRaftLogWorker] INFO  impl.RaftServerImpl (RaftServerImpl.java:lambda$shutdown$3(251)) - 9ce0b59e-153f-4f41-8aed-492a76d80b48@group-3426463BEB03: shutdown
2019-09-26 21:18:56,757 [9ce0b59e-153f-4f41-8aed-492a76d80b48@group-6F05E871BC73:LeaderElection128] INFO  impl.RaftServerImpl (RaftServerImpl.java:setRole(174)) - 9ce0b59e-153f-4f41-8aed-492a76d80b48@group-6F05E871BC73: changes role from CANDIDATE to LEADER at term 1 for changeToLeader
2019-09-26 21:18:56,756 [0c640f50-2bc9-49b6-b785-a27e3116e6ba@group-0323BB0C2CB1:LeaderElection126] INFO  impl.RoleInfo (RoleInfo.java:shutdownLeaderElection(134)) - 0c640f50-2bc9-49b6-b785-a27e3116e6ba: shutdown LeaderElection
2019-09-26 21:18:56,756 [0c640f50-2bc9-49b6-b785-a27e3116e6ba@group-6AB8C2908DBE:LeaderElection89] INFO  impl.RoleInfo (RoleInfo.java:updateAndGet(143)) - 0c640f50-2bc9-49b6-b785-a27e3116e6ba: start LeaderState
2019-09-26 21:18:56,756 [9ce0b59e-153f-4f41-8aed-492a76d80b48@group-D00789A57A5B:LeaderElection130] INFO  impl.RoleInfo (RoleInfo.java:shutdownLeaderElection(134)) - 9ce0b59e-153f-4f41-8aed-492a76d80b48: shutdown LeaderElection
2019-09-26 21:18:56,759 [Thread-740] INFO  impl.RoleInfo (RoleInfo.java:shutdownFollowerState(121)) - 9ce0b59e-153f-4f41-8aed-492a76d80b48: shutdown FollowerState
2019-09-26 21:18:56,756 [da833d8d-e72a-4068-9560-4daa2d83adc2@group-9A832E30A4CB:LeaderElection127] INFO  impl.RoleInfo (RoleInfo.java:shutdownLeaderElection(134)) - da833d8d-e72a-4068-9560-4daa2d83adc2: shutdown LeaderElection
2019-09-26 21:18:56,756 [9ce0b59e-153f-4f41-8aed-492a76d80b48@group-502FD49C5050:LeaderElection131] INFO  impl.RoleInfo (RoleInfo.java:shutdownLeaderElection(134)) - 9ce0b59e-153f-4f41-8aed-492a76d80b48: shutdown LeaderElection
2019-09-26 21:18:56,756 [9ce0b59e-153f-4f41-8aed-492a76d80b48@group-D7AB65BEAEEF:LeaderElection122] INFO  server.RaftServerConfigKeys (ConfUtils.java:logGet(43)) - raft.server.watch.timeout.denomination = 1s (default)
2019-09-26 21:18:56,756 [da833d8d-e72a-4068-9560-4daa2d83adc2@group-ED372BCAD154:LeaderElection125] INFO  server.RaftServerConfigKeys (ConfUtils.java:logGet(43)) - raft.server.watch.timeout.denomination = 1s (default)
2019-09-26 21:18:56,756 [1178c3ae-d0b4-4d44-b144-fe8504cc41ac@group-04E8659F51F7:LeaderElection124] INFO  server.RaftServerConfigKeys (ConfUtils.java:logGet(43)) - raft.server.watch.timeout = 10s (default)
2019-09-26 21:18:56,755 [1178c3ae-d0b4-4d44-b144-fe8504cc41ac@group-69CE5E8A1F29-SegmentedRaftLogWorker] INFO  impl.StateMachineUpdater (StateMachineUpdater.java:stopAndJoin(125)) - 1178c3ae-d0b4-4d44-b144-fe8504cc41ac@group-69CE5E8A1F29-StateMachineUpdater: set stopIndex = -1
2019-09-26 21:18:56,760 [1178c3ae-d0b4-4d44-b144-fe8504cc41ac@group-69CE5E8A1F29-SegmentedRaftLogWorker] INFO  impl.RaftServerImpl (ServerState.java:close(385)) - 1178c3ae-d0b4-4d44-b144-fe8504cc41ac@group-69CE5E8A1F29: closes. applyIndex: -1
2019-09-26 21:18:56,755 [9ce0b59e-153f-4f41-8aed-492a76d80b48@group-543D5ED6ABE1:LeaderElection121] INFO  server.RaftServerConfigKeys (ConfUtils.java:logGet(43)) - raft.server.watch.element-limit = 65536 (default)
2019-09-26 21:18:56,760 [1178c3ae-d0b4-4d44-b144-fe8504cc41ac@group-69CE5E8A1F29-SegmentedRaftLogWorker] INFO  segmented.SegmentedRaftLogWorker (SegmentedRaftLogWorker.java:close(228)) - 1178c3ae-d0b4-4d44-b144-fe8504cc41ac@group-69CE5E8A1F29-SegmentedRaftLogWorker close()
2019-09-26 21:18:56,760 [1178c3ae-d0b4-4d44-b144-fe8504cc41ac@group-04E8659F51F7:LeaderElection124] INFO  server.RaftServerConfigKeys (ConfUtils.java:logGet(43)) - raft.server.watch.timeout.denomination = 1s (default)
2019-09-26 21:18:56,759 [Thread-749] INFO  impl.RoleInfo (RoleInfo.java:shutdownFollowerState(121)) - 9ce0b59e-153f-4f41-8aed-492a76d80b48: shutdown FollowerState
2019-09-26 21:18:56,759 [da833d8d-e72a-4068-9560-4daa2d83adc2@group-ED372BCAD154:LeaderElection125] INFO  server.RaftServerConfigKeys (ConfUtils.java:logGet(43)) - raft.server.watch.element-limit = 65536 (default)
2019-09-26 21:18:56,759 [9ce0b59e-153f-4f41-8aed-492a76d80b48@group-D7AB65BEAEEF:LeaderElection122] INFO  server.RaftServerConfigKeys (ConfUtils.java:logGet(43)) - raft.server.watch.element-limit = 65536 (default)
2019-09-26 21:18:56,759 [Thread-759] INFO  impl.RoleInfo (RoleInfo.java:shutdownFollowerState(121)) - da833d8d-e72a-4068-9560-4daa2d83adc2: shutdown FollowerState
2019-09-26 21:18:56,768 [Thread-759] INFO  impl.RaftServerImpl (RaftServerImpl.java:setRole(174)) - da833d8d-e72a-4068-9560-4daa2d83adc2@group-511FA1580F8F: changes role from  FOLLOWER to CANDIDATE at term 0 for changeToCandidate
2019-09-26 21:18:56,759 [9ce0b59e-153f-4f41-8aed-492a76d80b48@group-502FD49C5050:LeaderElection131] INFO  impl.RaftServerImpl (RaftServerImpl.java:setRole(174)) - 9ce0b59e-153f-4f41-8aed-492a76d80b48@group-502FD49C5050: changes role from CANDIDATE to LEADER at term 1 for changeToLeader
2019-09-26 21:18:56,768 [9ce0b59e-153f-4f41-8aed-492a76d80b48@group-502FD49C5050:LeaderElection131] INFO  impl.RaftServerImpl (ServerState.java:setLeader(253)) - 9ce0b59e-153f-4f41-8aed-492a76d80b48@group-502FD49C5050: change Leader from null to 9ce0b59e-153f-4f41-8aed-492a76d80b48 at term 1 for becomeLeader, leader elected after 5558ms
2019-09-26 21:18:56,759 [da833d8d-e72a-4068-9560-4daa2d83adc2@group-9A832E30A4CB:LeaderElection127] INFO  impl.RaftServerImpl (RaftServerImpl.java:setRole(174)) - da833d8d-e72a-4068-9560-4daa2d83adc2@group-9A832E30A4CB: changes role from CANDIDATE to LEADER at term 1 for changeToLeader
2019-09-26 21:18:56,759 [Thread-735] INFO  impl.RoleInfo (RoleInfo.java:shutdownFollowerState(121)) - 9ce0b59e-153f-4f41-8aed-492a76d80b48: shutdown FollowerState
2019-09-26 21:18:56,759 [Thread-740] INFO  impl.RaftServerImpl (RaftServerImpl.java:setRole(174)) - 9ce0b59e-153f-4f41-8aed-492a76d80b48@group-3B90256A708A: changes role from  FOLLOWER to CANDIDATE at term 0 for changeToCandidate
2019-09-26 21:18:56,769 [9ce0b59e-153f-4f41-8aed-492a76d80b48@group-514A1FBBA56A:LeaderElection91] INFO  impl.RoleInfo (RoleInfo.java:updateAndGet(143)) - 9ce0b59e-153f-4f41-8aed-492a76d80b48: start LeaderState
2019-09-26 21:18:56,759 [0c640f50-2bc9-49b6-b785-a27e3116e6ba@group-6AB8C2908DBE:LeaderElection89] INFO  segmented.SegmentedRaftLogWorker (SegmentedRaftLogWorker.java:startLogSegment(380)) - 0c640f50-2bc9-49b6-b785-a27e3116e6ba@group-6AB8C2908DBE-SegmentedRaftLogWorker: Starting segment from index:0
2019-09-26 21:18:56,769 [9ce0b59e-153f-4f41-8aed-492a76d80b48@group-514A1FBBA56A:LeaderElection91] INFO  segmented.SegmentedRaftLogWorker (SegmentedRaftLogWorker.java:startLogSegment(380)) - 9ce0b59e-153f-4f41-8aed-492a76d80b48@group-514A1FBBA56A-SegmentedRaftLogWorker: Starting segment from index:0
2019-09-26 21:18:56,759 [9ce0b59e-153f-4f41-8aed-492a76d80b48@group-D00789A57A5B:LeaderElection130] INFO  impl.RaftServerImpl (RaftServerImpl.java:setRole(174)) - 9ce0b59e-153f-4f41-8aed-492a76d80b48@group-D00789A57A5B: changes role from CANDIDATE to LEADER at term 1 for changeToLeader
2019-09-26 21:18:56,769 [0c640f50-2bc9-49b6-b785-a27e3116e6ba@group-6AB8C2908DBE:LeaderElection89] INFO  impl.RaftServerImpl (ServerState.java:setRaftConf(354)) - 0c640f50-2bc9-49b6-b785-a27e3116e6ba@group-6AB8C2908DBE: set configuration 0: [0c640f50-2bc9-49b6-b785-a27e3116e6ba:192.168.151.99:42361], old=null at 0
2019-09-26 21:18:56,759 [Thread-746] INFO  impl.RoleInfo (RoleInfo.java:shutdownFollowerState(121)) - 9ce0b59e-153f-4f41-8aed-492a76d80b48: shutdown FollowerState
2019-09-26 21:18:56,769 [Thread-746] INFO  impl.RaftServerImpl (RaftServerImpl.java:setRole(174)) - 9ce0b59e-153f-4f41-8aed-492a76d80b48@group-486ABFFF1652: changes role from  FOLLOWER to CANDIDATE at term 0 for changeToCandidate
2019-09-26 21:18:56,759 [Thread-743] INFO  impl.RoleInfo (RoleInfo.java:shutdownFollowerState(121)) - 9ce0b59e-153f-4f41-8aed-492a76d80b48: shutdown FollowerState
2019-09-26 21:18:56,759 [0c640f50-2bc9-49b6-b785-a27e3116e6ba@group-0323BB0C2CB1:LeaderElection126] INFO  impl.RaftServerImpl (RaftServerImpl.java:setRole(174)) - 0c640f50-2bc9-49b6-b785-a27e3116e6ba@group-0323BB0C2CB1: changes role from CANDIDATE to LEADER at term 1 for changeToLeader
2019-09-26 21:18:56,759 [9ce0b59e-153f-4f41-8aed-492a76d80b48@group-6F05E871BC73:LeaderElection128] INFO  impl.RaftServerImpl (ServerState.java:setLeader(253)) - 9ce0b59e-153f-4f41-8aed-492a76d80b48@group-6F05E871BC73: change Leader from null to 9ce0b59e-153f-4f41-8aed-492a76d80b48 at term 1 for becomeLeader, leader elected after 5693ms
2019-09-26 21:18:56,758 [09112efe-1fad-4539-a04f-c96aef6d2351@group-C15524DE485D:LeaderElection120] INFO  server.RaftServerConfigKeys (ConfUtils.java:logGet(43)) - raft.server.watch.element-limit = 65536 (default)
2019-09-26 21:18:56,758 [9ce0b59e-153f-4f41-8aed-492a76d80b48@group-9339CCE34269:LeaderElection123] INFO  server.RaftServerConfigKeys (ConfUtils.java:logGet(43)) - raft.server.rpc.sleep.time = 25ms (default)
2019-09-26 21:18:56,770 [9ce0b59e-153f-4f41-8aed-492a76d80b48@group-6F05E871BC73:LeaderElection128] INFO  server.RaftServerConfigKeys (ConfUtils.java:logGet(43)) - raft.server.staging.catchup.gap = 1000 (default)
2019-09-26 21:18:56,770 [0c640f50-2bc9-49b6-b785-a27e3116e6ba@group-0323BB0C2CB1:LeaderElection126] INFO  impl.RaftServerImpl (ServerState.java:setLeader(253)) - 0c640f50-2bc9-49b6-b785-a27e3116e6ba@group-0323BB0C2CB1: change Leader from null to 0c640f50-2bc9-49b6-b785-a27e3116e6ba at term 1 for becomeLeader, leader elected after 5878ms
2019-09-26 21:18:56,770 [Thread-743] INFO  impl.RaftServerImpl (RaftServerImpl.java:setRole(174)) - 9ce0b59e-153f-4f41-8aed-492a76d80b48@group-F4F4B9E0C0D9: changes role from  FOLLOWER to CANDIDATE at term 0 for changeToCandidate
2019-09-26 21:18:56,770 [Thread-746] INFO  impl.RoleInfo (RoleInfo.java:updateAndGet(143)) - 9ce0b59e-153f-4f41-8aed-492a76d80b48: start LeaderElection
2019-09-26 21:18:56,770 [9ce0b59e-153f-4f41-8aed-492a76d80b48@group-514A1FBBA56A:LeaderElection91] INFO  impl.RaftServerImpl (ServerState.java:setRaftConf(354)) - 9ce0b59e-153f-4f41-8aed-492a76d80b48@group-514A1FBBA56A: set configuration 0: [9ce0b59e-153f-4f41-8aed-492a76d80b48:192.168.151.99:34156], old=null at 0
2019-09-26 21:18:56,769 [9ce0b59e-153f-4f41-8aed-492a76d80b48@group-D00789A57A5B:LeaderElection130] INFO  impl.RaftServerImpl (ServerState.java:setLeader(253)) - 9ce0b59e-153f-4f41-8aed-492a76d80b48@group-D00789A57A5B: change Leader from null to 9ce0b59e-153f-4f41-8aed-492a76d80b48 at term 1 for becomeLeader, leader elected after 5608ms
2019-09-26 21:18:56,769 [9ce0b59e-153f-4f41-8aed-492a76d80b48@group-3426463BEB03-SegmentedRaftLogWorker] INFO  util.JmxRegister (JmxRegister.java:unregister(73)) - Successfully un-registered JMX Bean with object name Ratis:service=RaftServer,group=group-3426463BEB03,id=9ce0b59e-153f-4f41-8aed-492a76d80b48
2019-09-26 21:18:56,771 [9ce0b59e-153f-4f41-8aed-492a76d80b48@group-3426463BEB03-SegmentedRaftLogWorker] INFO  impl.RoleInfo (RoleInfo.java:shutdownLeaderState(104)) - 9ce0b59e-153f-4f41-8aed-492a76d80b48: shutdown LeaderState
2019-09-26 21:18:56,769 [Thread-740] INFO  impl.RoleInfo (RoleInfo.java:updateAndGet(143)) - 9ce0b59e-153f-4f41-8aed-492a76d80b48: start LeaderElection
2019-09-26 21:18:56,768 [Thread-735] INFO  impl.RaftServerImpl (RaftServerImpl.java:setRole(174)) - 9ce0b59e-153f-4f41-8aed-492a76d80b48@group-00CF13531264: changes role from  FOLLOWER to CANDIDATE at term 0 for changeToCandidate
2019-09-26 21:18:56,768 [da833d8d-e72a-4068-9560-4daa2d83adc2@group-9A832E30A4CB:LeaderElection127] INFO  impl.RaftServerImpl (ServerState.java:setLeader(253)) - da833d8d-e72a-4068-9560-4daa2d83adc2@group-9A832E30A4CB: change Leader from null to da833d8d-e72a-4068-9560-4daa2d83adc2 at term 1 for becomeLeader, leader elected after 5654ms
2019-09-26 21:18:56,768 [9ce0b59e-153f-4f41-8aed-492a76d80b48@group-502FD49C5050:LeaderElection131] INFO  server.RaftServerConfigKeys (ConfUtils.java:logGet(43)) - raft.server.staging.catchup.gap = 1000 (default)
2019-09-26 21:18:56,768 [Thread-759] INFO  impl.RoleInfo (RoleInfo.java:updateAndGet(143)) - da833d8d-e72a-4068-9560-4daa2d83adc2: start LeaderElection
2019-09-26 21:18:56,767 [Thread-749] INFO  impl.RaftServerImpl (RaftServerImpl.java:setRole(174)) - 9ce0b59e-153f-4f41-8aed-492a76d80b48@group-9CC82A6B0D81: changes role from  FOLLOWER to CANDIDATE at term 0 for changeToCandidate
2019-09-26 21:18:56,772 [1178c3ae-d0b4-4d44-b144-fe8504cc41ac@group-2602BE24DDFE:LeaderElection101] INFO  impl.RoleInfo (RoleInfo.java:updateAndGet(143)) - 1178c3ae-d0b4-4d44-b144-fe8504cc41ac: start LeaderState
2019-09-26 21:18:56,767 [1178c3ae-d0b4-4d44-b144-fe8504cc41ac@group-04E8659F51F7:LeaderElection124] INFO  server.RaftServerConfigKeys (ConfUtils.java:logGet(43)) - raft.server.watch.element-limit = 65536 (default)
2019-09-26 21:18:56,772 [1178c3ae-d0b4-4d44-b144-fe8504cc41ac@group-2602BE24DDFE:LeaderElection101] INFO  segmented.SegmentedRaftLogWorker (SegmentedRaftLogWorker.java:startLogSegment(380)) - 1178c3ae-d0b4-4d44-b144-fe8504cc41ac@group-2602BE24DDFE-SegmentedRaftLogWorker: Starting segment from index:0
2019-09-26 21:18:56,772 [Thread-749] INFO  impl.RoleInfo (RoleInfo.java:updateAndGet(143)) - 9ce0b59e-153f-4f41-8aed-492a76d80b48: start LeaderElection
2019-09-26 21:18:56,772 [9ce0b59e-153f-4f41-8aed-492a76d80b48@group-502FD49C5050:LeaderElection131] INFO  server.RaftServerConfigKeys (ConfUtils.java:logGet(43)) - raft.server.rpc.sleep.time = 25ms (default)
2019-09-26 21:18:56,772 [da833d8d-e72a-4068-9560-4daa2d83adc2@group-9A832E30A4CB:LeaderElection127] INFO  server.RaftServerConfigKeys (ConfUtils.java:logGet(43)) - raft.server.staging.catchup.gap = 1000 (default)
2019-09-26 21:18:56,773 [9ce0b59e-153f-4f41-8aed-492a76d80b48@group-502FD49C5050:LeaderElection131] INFO  server.RaftServerConfigKeys (ConfUtils.java:logGet(43)) - raft.server.write.element-limit = 4096 (default)
2019-09-26 21:18:56,772 [Thread-735] INFO  impl.RoleInfo (RoleInfo.java:updateAndGet(143)) - 9ce0b59e-153f-4f41-8aed-492a76d80b48: start LeaderElection
2019-09-26 21:18:56,771 [9ce0b59e-153f-4f41-8aed-492a76d80b48@group-3426463BEB03-SegmentedRaftLogWorker] INFO  impl.PendingRequests (PendingRequests.java:sendNotLeaderResponses(202)) - 9ce0b59e-153f-4f41-8aed-492a76d80b48-PendingRequests: sendNotLeaderResponses
2019-09-26 21:18:56,771 [9ce0b59e-153f-4f41-8aed-492a76d80b48@group-D00789A57A5B:LeaderElection130] INFO  server.RaftServerConfigKeys (ConfUtils.java:logGet(43)) - raft.server.staging.catchup.gap = 1000 (default)
2019-09-26 21:18:56,773 [9ce0b59e-153f-4f41-8aed-492a76d80b48@group-D00789A57A5B:LeaderElection130] INFO  server.RaftServerConfigKeys (ConfUtils.java:logGet(43)) - raft.server.rpc.sleep.time = 25ms (default)
2019-09-26 21:18:56,771 [Thread-743] INFO  impl.RoleInfo (RoleInfo.java:updateAndGet(143)) - 9ce0b59e-153f-4f41-8aed-492a76d80b48: start LeaderElection
2019-09-26 21:18:56,771 [0c640f50-2bc9-49b6-b785-a27e3116e6ba@group-0323BB0C2CB1:LeaderElection126] INFO  server.RaftServerConfigKeys (ConfUtils.java:logGet(43)) - raft.server.staging.catchup.gap = 1000 (default)
2019-09-26 21:18:56,770 [9ce0b59e-153f-4f41-8aed-492a76d80b48@group-6F05E871BC73:LeaderElection128] INFO  server.RaftServerConfigKeys (ConfUtils.java:logGet(43)) - raft.server.rpc.sleep.time = 25ms (default)
2019-09-26 21:18:56,770 [9ce0b59e-153f-4f41-8aed-492a76d80b48@group-9339CCE34269:LeaderElection123] INFO  server.RaftServerConfigKeys (ConfUtils.java:logGet(43)) - raft.server.write.element-limit = 4096 (default)
2019-09-26 21:18:56,774 [9ce0b59e-153f-4f41-8aed-492a76d80b48@group-6F05E871BC73:LeaderElection128] INFO  server.RaftServerConfigKeys (ConfUtils.java:logGet(43)) - raft.server.write.element-limit = 4096 (default)
2019-09-26 21:18:56,774 [0c640f50-2bc9-49b6-b785-a27e3116e6ba@group-0323BB0C2CB1:LeaderElection126] INFO  server.RaftServerConfigKeys (ConfUtils.java:logGet(43)) - raft.server.rpc.sleep.time = 25ms (default)
2019-09-26 21:18:56,773 [9ce0b59e-153f-4f41-8aed-492a76d80b48@group-D00789A57A5B:LeaderElection130] INFO  server.RaftServerConfigKeys (ConfUtils.java:logGet(43)) - raft.server.write.element-limit = 4096 (default)
2019-09-26 21:18:56,773 [9ce0b59e-153f-4f41-8aed-492a76d80b48@group-3426463BEB03-SegmentedRaftLogWorker] INFO  impl.StateMachineUpdater (StateMachineUpdater.java:stopAndJoin(125)) - 9ce0b59e-153f-4f41-8aed-492a76d80b48@group-3426463BEB03-StateMachineUpdater: set stopIndex = -1
2019-09-26 21:18:56,773 [9ce0b59e-153f-4f41-8aed-492a76d80b48@group-502FD49C5050:LeaderElection131] INFO  server.RaftServerConfigKeys (ConfUtils.java:logGet(43)) - raft.server.watch.timeout = 10s (default)
2019-09-26 21:18:56,773 [da833d8d-e72a-4068-9560-4daa2d83adc2@group-9A832E30A4CB:LeaderElection127] INFO  server.RaftServerConfigKeys (ConfUtils.java:logGet(43)) - raft.server.rpc.sleep.time = 25ms (default)
2019-09-26 21:18:56,773 [1178c3ae-d0b4-4d44-b144-fe8504cc41ac@group-2602BE24DDFE:LeaderElection101] INFO  impl.RaftServerImpl (ServerState.java:setRaftConf(354)) - 1178c3ae-d0b4-4d44-b144-fe8504cc41ac@group-2602BE24DDFE: set configuration 0: [1178c3ae-d0b4-4d44-b144-fe8504cc41ac:192.168.151.99:33787], old=null at 0
2019-09-26 21:18:56,775 [da833d8d-e72a-4068-9560-4daa2d83adc2@group-9A832E30A4CB:LeaderElection127] INFO  server.RaftServerConfigKeys (ConfUtils.java:logGet(43)) - raft.server.write.element-limit = 4096 (default)
2019-09-26 21:18:56,775 [9ce0b59e-153f-4f41-8aed-492a76d80b48@group-502FD49C5050:LeaderElection131] INFO  server.RaftServerConfigKeys (ConfUtils.java:logGet(43)) - raft.server.watch.timeout.denomination = 1s (default)
2019-09-26 21:18:56,775 [09112efe-1fad-4539-a04f-c96aef6d2351@group-B66033F68487:LeaderElection96] INFO  impl.RoleInfo (RoleInfo.java:updateAndGet(143)) - 09112efe-1fad-4539-a04f-c96aef6d2351: start LeaderState
2019-09-26 21:18:56,775 [9ce0b59e-153f-4f41-8aed-492a76d80b48@group-3426463BEB03-SegmentedRaftLogWorker] INFO  impl.RaftServerImpl (ServerState.java:close(385)) - 9ce0b59e-153f-4f41-8aed-492a76d80b48@group-3426463BEB03: closes. applyIndex: -1
2019-09-26 21:18:56,774 [9ce0b59e-153f-4f41-8aed-492a76d80b48@group-D00789A57A5B:LeaderElection130] INFO  server.RaftServerConfigKeys (ConfUtils.java:logGet(43)) - raft.server.watch.timeout = 10s (default)
2019-09-26 21:18:56,774 [0c640f50-2bc9-49b6-b785-a27e3116e6ba@group-0323BB0C2CB1:LeaderElection126] INFO  server.RaftServerConfigKeys (ConfUtils.java:logGet(43)) - raft.server.write.element-limit = 4096 (default)
2019-09-26 21:18:56,774 [9ce0b59e-153f-4f41-8aed-492a76d80b48@group-6F05E871BC73:LeaderElection128] INFO  server.RaftServerConfigKeys (ConfUtils.java:logGet(43)) - raft.server.watch.timeout = 10s (default)
2019-09-26 21:18:56,774 [9ce0b59e-153f-4f41-8aed-492a76d80b48@group-9339CCE34269:LeaderElection123] INFO  server.RaftServerConfigKeys (ConfUtils.java:logGet(43)) - raft.server.watch.timeout = 10s (default)
2019-09-26 21:18:56,776 [9ce0b59e-153f-4f41-8aed-492a76d80b48@group-9339CCE34269:LeaderElection123] INFO  server.RaftServerConfigKeys (ConfUtils.java:logGet(43)) - raft.server.watch.timeout.denomination = 1s (default)
2019-09-26 21:18:56,776 [9ce0b59e-153f-4f41-8aed-492a76d80b48@group-6F05E871BC73:LeaderElection128] INFO  server.RaftServerConfigKeys (ConfUtils.java:logGet(43)) - raft.server.watch.timeout.denomination = 1s (default)
2019-09-26 21:18:56,776 [0c640f50-2bc9-49b6-b785-a27e3116e6ba@group-0323BB0C2CB1:LeaderElection126] INFO  server.RaftServerConfigKeys (ConfUtils.java:logGet(43)) - raft.server.watch.timeout = 10s (default)
2019-09-26 21:18:56,777 [0c640f50-2bc9-49b6-b785-a27e3116e6ba@group-0323BB0C2CB1:LeaderElection126] INFO  server.RaftServerConfigKeys (ConfUtils.java:logGet(43)) - raft.server.watch.timeout.denomination = 1s (default)
2019-09-26 21:18:56,776 [9ce0b59e-153f-4f41-8aed-492a76d80b48@group-D00789A57A5B:LeaderElection130] INFO  server.RaftServerConfigKeys (ConfUtils.java:logGet(43)) - raft.server.watch.timeout.denomination = 1s (default)
2019-09-26 21:18:56,776 [9ce0b59e-153f-4f41-8aed-492a76d80b48@group-3426463BEB03-SegmentedRaftLogWorker] INFO  segmented.SegmentedRaftLogWorker (SegmentedRaftLogWorker.java:close(228)) - 9ce0b59e-153f-4f41-8aed-492a76d80b48@group-3426463BEB03-SegmentedRaftLogWorker close()
2019-09-26 21:18:56,776 [09112efe-1fad-4539-a04f-c96aef6d2351@group-B66033F68487:LeaderElection96] INFO  segmented.SegmentedRaftLogWorker (SegmentedRaftLogWorker.java:startLogSegment(380)) - 09112efe-1fad-4539-a04f-c96aef6d2351@group-B66033F68487-SegmentedRaftLogWorker: Starting segment from index:0
2019-09-26 21:18:56,783 [Thread-756] INFO  impl.FollowerState (FollowerState.java:run(106)) - 09112efe-1fad-4539-a04f-c96aef6d2351:group-C1CCE81E3AA9 changes to CANDIDATE, lastRpcTime:5177, electionTimeout:5175ms
2019-09-26 21:18:56,775 [9ce0b59e-153f-4f41-8aed-492a76d80b48@group-502FD49C5050:LeaderElection131] INFO  server.RaftServerConfigKeys (ConfUtils.java:logGet(43)) - raft.server.watch.element-limit = 65536 (default)
2019-09-26 21:18:56,775 [da833d8d-e72a-4068-9560-4daa2d83adc2@group-9A832E30A4CB:LeaderElection127] INFO  server.RaftServerConfigKeys (ConfUtils.java:logGet(43)) - raft.server.watch.timeout = 10s (default)
2019-09-26 21:18:56,784 [09112efe-1fad-4539-a04f-c96aef6d2351@group-B66033F68487:LeaderElection96] INFO  impl.RaftServerImpl (ServerState.java:setRaftConf(354)) - 09112efe-1fad-4539-a04f-c96aef6d2351@group-B66033F68487: set configuration 0: [09112efe-1fad-4539-a04f-c96aef6d2351:192.168.151.99:45286], old=null at 0
2019-09-26 21:18:56,777 [9ce0b59e-153f-4f41-8aed-492a76d80b48@group-D00789A57A5B:LeaderElection130] INFO  server.RaftServerConfigKeys (ConfUtils.java:logGet(43)) - raft.server.watch.element-limit = 65536 (default)
2019-09-26 21:18:56,777 [1178c3ae-d0b4-4d44-b144-fe8504cc41ac@group-80F23AA760D0:LeaderElection86] INFO  impl.RoleInfo (RoleInfo.java:updateAndGet(143)) - 1178c3ae-d0b4-4d44-b144-fe8504cc41ac: start LeaderState
2019-09-26 21:18:56,777 [0c640f50-2bc9-49b6-b785-a27e3116e6ba@group-0323BB0C2CB1:LeaderElection126] INFO  server.RaftServerConfigKeys (ConfUtils.java:logGet(43)) - raft.server.watch.element-limit = 65536 (default)
2019-09-26 21:18:56,776 [9ce0b59e-153f-4f41-8aed-492a76d80b48@group-6F05E871BC73:LeaderElection128] INFO  server.RaftServerConfigKeys (ConfUtils.java:logGet(43)) - raft.server.watch.element-limit = 65536 (default)
2019-09-26 21:18:56,776 [9ce0b59e-153f-4f41-8aed-492a76d80b48@group-9339CCE34269:LeaderElection123] INFO  server.RaftServerConfigKeys (ConfUtils.java:logGet(43)) - raft.server.watch.element-limit = 65536 (default)
2019-09-26 21:18:57,635 [1178c3ae-d0b4-4d44-b144-fe8504cc41ac@group-80F23AA760D0:LeaderElection86] INFO  segmented.SegmentedRaftLogWorker (SegmentedRaftLogWorker.java:startLogSegment(380)) - 1178c3ae-d0b4-4d44-b144-fe8504cc41ac@group-80F23AA760D0-SegmentedRaftLogWorker: Starting segment from index:0
2019-09-26 21:18:57,633 [Thread-409] INFO  impl.FollowerState (FollowerState.java:run(106)) - 9ce0b59e-153f-4f41-8aed-492a76d80b48:group-EFC0D5B99037 changes to CANDIDATE, lastRpcTime:10814, electionTimeout:5048ms
2019-09-26 21:18:57,631 [Thread-403] INFO  impl.FollowerState (FollowerState.java:run(106)) - 1178c3ae-d0b4-4d44-b144-fe8504cc41ac:group-F8E1B0E88623 changes to CANDIDATE, lastRpcTime:10897, electionTimeout:5131ms
2019-09-26 21:18:57,636 [Thread-756] INFO  impl.RoleInfo (RoleInfo.java:shutdownFollowerState(121)) - 09112efe-1fad-4539-a04f-c96aef6d2351: shutdown FollowerState
2019-09-26 21:18:57,630 [0c640f50-2bc9-49b6-b785-a27e3116e6ba@group-9DCEC7BC5751-SegmentedRaftLogWorker] ERROR segmented.SegmentedRaftLogWorker (SegmentedRaftLogWorker.java:run(323)) - 0c640f50-2bc9-49b6-b785-a27e3116e6ba@group-9DCEC7BC5751-SegmentedRaftLogWorker hit exception
java.lang.OutOfMemoryError: Direct buffer memory
	at java.nio.Bits.reserveMemory(Bits.java:666)
	at java.nio.DirectByteBuffer.<init>(DirectByteBuffer.java:123)
	at java.nio.ByteBuffer.allocateDirect(ByteBuffer.java:311)
	at org.apache.ratis.server.raftlog.segmented.BufferedWriteChannel.<init>(BufferedWriteChannel.java:41)
	at org.apache.ratis.server.raftlog.segmented.SegmentedRaftLogOutputStream.<init>(SegmentedRaftLogOutputStream.java:72)
	at org.apache.ratis.server.raftlog.segmented.SegmentedRaftLogWorker$StartLogSegment.execute(SegmentedRaftLogWorker.java:566)
	at org.apache.ratis.server.raftlog.segmented.SegmentedRaftLogWorker.run(SegmentedRaftLogWorker.java:289)
	at java.lang.Thread.run(Thread.java:748)
2019-09-26 21:18:57,221 [1178c3ae-d0b4-4d44-b144-fe8504cc41ac@group-5EAC8502C8A3:LeaderElection132] INFO  impl.LeaderElection (LeaderElection.java:askForVotes(182)) - 1178c3ae-d0b4-4d44-b144-fe8504cc41ac@group-5EAC8502C8A3:LeaderElection132: begin an election at term 1 for -1: [1178c3ae-d0b4-4d44-b144-fe8504cc41ac:192.168.151.99:33787], old=null
2019-09-26 21:18:57,221 [09112efe-1fad-4539-a04f-c96aef6d2351@group-EC252041ED71:LeaderElection134] INFO  impl.LeaderElection (LeaderElection.java:askForVotes(182)) - 09112efe-1fad-4539-a04f-c96aef6d2351@group-EC252041ED71:LeaderElection134: begin an election at term 1 for -1: [09112efe-1fad-4539-a04f-c96aef6d2351:192.168.151.99:45286], old=null
2019-09-26 21:18:57,221 [1178c3ae-d0b4-4d44-b144-fe8504cc41ac@group-FD9251D15172:LeaderElection133] INFO  impl.LeaderElection (LeaderElection.java:askForVotes(182)) - 1178c3ae-d0b4-4d44-b144-fe8504cc41ac@group-FD9251D15172:LeaderElection133: begin an election at term 1 for -1: [1178c3ae-d0b4-4d44-b144-fe8504cc41ac:192.168.151.99:33787], old=null
2019-09-26 21:18:57,221 [9ce0b59e-153f-4f41-8aed-492a76d80b48@group-84D243744114:LeaderElection129] INFO  impl.LeaderElection (LeaderElection.java:askForVotes(182)) - 9ce0b59e-153f-4f41-8aed-492a76d80b48@group-84D243744114:LeaderElection129: begin an election at term 1 for -1: [9ce0b59e-153f-4f41-8aed-492a76d80b48:192.168.151.99:34156], old=null
2019-09-26 21:18:57,221 [Thread-764] WARN  util.JavaUtils (JavaUtils.java:sleep(250)) - Unexpected long sleep: sleep(5086ms) actually took 5516ms which is over the threshold 300ms
2019-09-26 21:18:57,211 [Thread-771] WARN  util.JavaUtils (JavaUtils.java:sleep(250)) - Unexpected long sleep: sleep(5146ms) actually took 5470ms which is over the threshold 300ms
2019-09-26 21:18:57,206 [Thread-775] INFO  impl.FollowerState (FollowerState.java:run(106)) - 09112efe-1fad-4539-a04f-c96aef6d2351:group-3320048E059F changes to CANDIDATE, lastRpcTime:5421, electionTimeout:5196ms
2019-09-26 21:18:57,205 [1178c3ae-d0b4-4d44-b144-fe8504cc41ac@group-17858CE95304-SegmentedRaftLogWorker] ERROR segmented.SegmentedRaftLogWorker (SegmentedRaftLogWorker.java:run(323)) - 1178c3ae-d0b4-4d44-b144-fe8504cc41ac@group-17858CE95304-SegmentedRaftLogWorker hit exception
java.lang.OutOfMemoryError: Direct buffer memory
	at java.nio.Bits.reserveMemory(Bits.java:666)
	at java.nio.DirectByteBuffer.<init>(DirectByteBuffer.java:123)
	at java.nio.ByteBuffer.allocateDirect(ByteBuffer.java:311)
	at org.apache.ratis.server.raftlog.segmented.BufferedWriteChannel.<init>(BufferedWriteChannel.java:41)
	at org.apache.ratis.server.raftlog.segmented.SegmentedRaftLogOutputStream.<init>(SegmentedRaftLogOutputStream.java:72)
	at org.apache.ratis.server.raftlog.segmented.SegmentedRaftLogWorker$StartLogSegment.execute(SegmentedRaftLogWorker.java:566)
	at org.apache.ratis.server.raftlog.segmented.SegmentedRaftLogWorker.run(SegmentedRaftLogWorker.java:289)
	at java.lang.Thread.run(Thread.java:748)
2019-09-26 21:18:57,849 [9ce0b59e-153f-4f41-8aed-492a76d80b48@group-7E5D61430C6E:LeaderElection104] INFO  impl.RoleInfo (RoleInfo.java:updateAndGet(143)) - 9ce0b59e-153f-4f41-8aed-492a76d80b48: start LeaderState
2019-09-26 21:18:56,784 [da833d8d-e72a-4068-9560-4daa2d83adc2@group-9A832E30A4CB:LeaderElection127] INFO  server.RaftServerConfigKeys (ConfUtils.java:logGet(43)) - raft.server.watch.timeout.denomination = 1s (default)
2019-09-26 21:18:57,849 [9ce0b59e-153f-4f41-8aed-492a76d80b48@group-7E5D61430C6E:LeaderElection104] INFO  segmented.SegmentedRaftLogWorker (SegmentedRaftLogWorker.java:startLogSegment(380)) - 9ce0b59e-153f-4f41-8aed-492a76d80b48@group-7E5D61430C6E-SegmentedRaftLogWorker: Starting segment from index:0
2019-09-26 21:18:57,849 [1178c3ae-d0b4-4d44-b144-fe8504cc41ac@group-17858CE95304-SegmentedRaftLogWorker] INFO  impl.RaftServerImpl (RaftServerImpl.java:lambda$shutdown$3(251)) - 1178c3ae-d0b4-4d44-b144-fe8504cc41ac@group-17858CE95304: shutdown
2019-09-26 21:18:57,848 [9ce0b59e-153f-4f41-8aed-492a76d80b48@group-84D243744114:LeaderElection129] INFO  impl.RoleInfo (RoleInfo.java:shutdownLeaderElection(134)) - 9ce0b59e-153f-4f41-8aed-492a76d80b48: shutdown LeaderElection
2019-09-26 21:18:57,848 [1178c3ae-d0b4-4d44-b144-fe8504cc41ac@group-FD9251D15172:LeaderElection133] INFO  impl.RoleInfo (RoleInfo.java:shutdownLeaderElection(134)) - 1178c3ae-d0b4-4d44-b144-fe8504cc41ac: shutdown LeaderElection
2019-09-26 21:18:57,848 [09112efe-1fad-4539-a04f-c96aef6d2351@group-EC252041ED71:LeaderElection134] INFO  impl.RoleInfo (RoleInfo.java:shutdownLeaderElection(134)) - 09112efe-1fad-4539-a04f-c96aef6d2351: shutdown LeaderElection
2019-09-26 21:18:57,848 [1178c3ae-d0b4-4d44-b144-fe8504cc41ac@group-5EAC8502C8A3:LeaderElection132] INFO  impl.RoleInfo (RoleInfo.java:shutdownLeaderElection(134)) - 1178c3ae-d0b4-4d44-b144-fe8504cc41ac: shutdown LeaderElection
2019-09-26 21:18:57,847 [0c640f50-2bc9-49b6-b785-a27e3116e6ba@group-9DCEC7BC5751-SegmentedRaftLogWorker] INFO  impl.RaftServerImpl (RaftServerImpl.java:lambda$shutdown$3(251)) - 0c640f50-2bc9-49b6-b785-a27e3116e6ba@group-9DCEC7BC5751: shutdown
2019-09-26 21:18:57,847 [Thread-756] INFO  impl.RaftServerImpl (RaftServerImpl.java:setRole(174)) - 09112efe-1fad-4539-a04f-c96aef6d2351@group-C1CCE81E3AA9: changes role from  FOLLOWER to CANDIDATE at term 0 for changeToCandidate
2019-09-26 21:18:57,847 [9ce0b59e-153f-4f41-8aed-492a76d80b48@group-F4F4B9E0C0D9:LeaderElection138] INFO  impl.LeaderElection (LeaderElection.java:askForVotes(182)) - 9ce0b59e-153f-4f41-8aed-492a76d80b48@group-F4F4B9E0C0D9:LeaderElection138: begin an election at term 1 for -1: [9ce0b59e-153f-4f41-8aed-492a76d80b48:192.168.151.99:34156], old=null
2019-09-26 21:18:57,847 [9ce0b59e-153f-4f41-8aed-492a76d80b48@group-9CC82A6B0D81:LeaderElection140] INFO  impl.LeaderElection (LeaderElection.java:askForVotes(182)) - 9ce0b59e-153f-4f41-8aed-492a76d80b48@group-9CC82A6B0D81:LeaderElection140: begin an election at term 1 for -1: [9ce0b59e-153f-4f41-8aed-492a76d80b48:192.168.151.99:34156], old=null
2019-09-26 21:18:57,847 [da833d8d-e72a-4068-9560-4daa2d83adc2@group-511FA1580F8F:LeaderElection135] INFO  impl.LeaderElection (LeaderElection.java:askForVotes(182)) - da833d8d-e72a-4068-9560-4daa2d83adc2@group-511FA1580F8F:LeaderElection135: begin an election at term 1 for -1: [da833d8d-e72a-4068-9560-4daa2d83adc2:192.168.151.99:38903], old=null
2019-09-26 21:18:57,847 [9ce0b59e-153f-4f41-8aed-492a76d80b48@group-3B90256A708A:LeaderElection136] INFO  impl.LeaderElection (LeaderElection.java:askForVotes(182)) - 9ce0b59e-153f-4f41-8aed-492a76d80b48@group-3B90256A708A:LeaderElection136: begin an election at term 1 for -1: [9ce0b59e-153f-4f41-8aed-492a76d80b48:192.168.151.99:34156], old=null
2019-09-26 21:18:57,847 [9ce0b59e-153f-4f41-8aed-492a76d80b48@group-486ABFFF1652:LeaderElection137] INFO  impl.LeaderElection (LeaderElection.java:askForVotes(182)) - 9ce0b59e-153f-4f41-8aed-492a76d80b48@group-486ABFFF1652:LeaderElection137: begin an election at term 1 for -1: [9ce0b59e-153f-4f41-8aed-492a76d80b48:192.168.151.99:34156], old=null
2019-09-26 21:18:57,847 [9ce0b59e-153f-4f41-8aed-492a76d80b48@group-00CF13531264:LeaderElection139] INFO  impl.LeaderElection (LeaderElection.java:askForVotes(182)) - 9ce0b59e-153f-4f41-8aed-492a76d80b48@group-00CF13531264:LeaderElection139: begin an election at term 1 for -1: [9ce0b59e-153f-4f41-8aed-492a76d80b48:192.168.151.99:34156], old=null
2019-09-26 21:18:57,636 [1178c3ae-d0b4-4d44-b144-fe8504cc41ac@group-80F23AA760D0:LeaderElection86] INFO  impl.RaftServerImpl (ServerState.java:setRaftConf(354)) - 1178c3ae-d0b4-4d44-b144-fe8504cc41ac@group-80F23AA760D0: set configuration 0: [1178c3ae-d0b4-4d44-b144-fe8504cc41ac:192.168.151.99:33787], old=null at 0
2019-09-26 21:18:58,048 [9ce0b59e-153f-4f41-8aed-492a76d80b48@group-00CF13531264:LeaderElection139] INFO  impl.RoleInfo (RoleInfo.java:shutdownLeaderElection(134)) - 9ce0b59e-153f-4f41-8aed-492a76d80b48: shutdown LeaderElection
2019-09-26 21:18:58,048 [9ce0b59e-153f-4f41-8aed-492a76d80b48@group-486ABFFF1652:LeaderElection137] INFO  impl.RoleInfo (RoleInfo.java:shutdownLeaderElection(134)) - 9ce0b59e-153f-4f41-8aed-492a76d80b48: shutdown LeaderElection
2019-09-26 21:18:58,047 [9ce0b59e-153f-4f41-8aed-492a76d80b48@group-3B90256A708A:LeaderElection136] INFO  impl.RoleInfo (RoleInfo.java:shutdownLeaderElection(134)) - 9ce0b59e-153f-4f41-8aed-492a76d80b48: shutdown LeaderElection
2019-09-26 21:18:58,047 [da833d8d-e72a-4068-9560-4daa2d83adc2@group-511FA1580F8F:LeaderElection135] INFO  impl.RoleInfo (RoleInfo.java:shutdownLeaderElection(134)) - da833d8d-e72a-4068-9560-4daa2d83adc2: shutdown LeaderElection
2019-09-26 21:18:58,047 [9ce0b59e-153f-4f41-8aed-492a76d80b48@group-9CC82A6B0D81:LeaderElection140] INFO  impl.RoleInfo (RoleInfo.java:shutdownLeaderElection(134)) - 9ce0b59e-153f-4f41-8aed-492a76d80b48: shutdown LeaderElection
2019-09-26 21:18:58,047 [9ce0b59e-153f-4f41-8aed-492a76d80b48@group-F4F4B9E0C0D9:LeaderElection138] INFO  impl.RoleInfo (RoleInfo.java:shutdownLeaderElection(134)) - 9ce0b59e-153f-4f41-8aed-492a76d80b48: shutdown LeaderElection
2019-09-26 21:18:58,047 [Thread-756] INFO  impl.RoleInfo (RoleInfo.java:updateAndGet(143)) - 09112efe-1fad-4539-a04f-c96aef6d2351: start LeaderElection
2019-09-26 21:18:58,047 [Thread-775] INFO  impl.RoleInfo (RoleInfo.java:shutdownFollowerState(121)) - 09112efe-1fad-4539-a04f-c96aef6d2351: shutdown FollowerState
2019-09-26 21:18:58,046 [1178c3ae-d0b4-4d44-b144-fe8504cc41ac@group-5EAC8502C8A3:LeaderElection132] INFO  impl.RaftServerImpl (RaftServerImpl.java:setRole(174)) - 1178c3ae-d0b4-4d44-b144-fe8504cc41ac@group-5EAC8502C8A3: changes role from CANDIDATE to LEADER at term 1 for changeToLeader
2019-09-26 21:18:58,046 [09112efe-1fad-4539-a04f-c96aef6d2351@group-EC252041ED71:LeaderElection134] INFO  impl.RaftServerImpl (RaftServerImpl.java:setRole(174)) - 09112efe-1fad-4539-a04f-c96aef6d2351@group-EC252041ED71: changes role from CANDIDATE to LEADER at term 1 for changeToLeader
2019-09-26 21:18:58,046 [1178c3ae-d0b4-4d44-b144-fe8504cc41ac@group-FD9251D15172:LeaderElection133] INFO  impl.RaftServerImpl (RaftServerImpl.java:setRole(174)) - 1178c3ae-d0b4-4d44-b144-fe8504cc41ac@group-FD9251D15172: changes role from CANDIDATE to LEADER at term 1 for changeToLeader
2019-09-26 21:18:58,049 [1178c3ae-d0b4-4d44-b144-fe8504cc41ac@group-FD9251D15172:LeaderElection133] INFO  impl.RaftServerImpl (ServerState.java:setLeader(253)) - 1178c3ae-d0b4-4d44-b144-fe8504cc41ac@group-FD9251D15172: change Leader from null to 1178c3ae-d0b4-4d44-b144-fe8504cc41ac at term 1 for becomeLeader, leader elected after 6696ms
2019-09-26 21:18:58,046 [9ce0b59e-153f-4f41-8aed-492a76d80b48@group-7E5D61430C6E:LeaderElection104] INFO  impl.RaftServerImpl (ServerState.java:setRaftConf(354)) - 9ce0b59e-153f-4f41-8aed-492a76d80b48@group-7E5D61430C6E: set configuration 0: [9ce0b59e-153f-4f41-8aed-492a76d80b48:192.168.151.99:34156], old=null at 0
2019-09-26 21:18:57,849 [9ce0b59e-153f-4f41-8aed-492a76d80b48@group-84D243744114:LeaderElection129] INFO  impl.RaftServerImpl (RaftServerImpl.java:setRole(174)) - 9ce0b59e-153f-4f41-8aed-492a76d80b48@group-84D243744114: changes role from CANDIDATE to LEADER at term 1 for changeToLeader
2019-09-26 21:18:58,050 [9ce0b59e-153f-4f41-8aed-492a76d80b48@group-84D243744114:LeaderElection129] INFO  impl.RaftServerImpl (ServerState.java:setLeader(253)) - 9ce0b59e-153f-4f41-8aed-492a76d80b48@group-84D243744114: change Leader from null to 9ce0b59e-153f-4f41-8aed-492a76d80b48 at term 1 for becomeLeader, leader elected after 7027ms
2019-09-26 21:18:58,042 [1178c3ae-d0b4-4d44-b144-fe8504cc41ac@group-1D2C931F4BA5-SegmentedRaftLogWorker] ERROR segmented.SegmentedRaftLogWorker (SegmentedRaftLogWorker.java:run(323)) - 1178c3ae-d0b4-4d44-b144-fe8504cc41ac@group-1D2C931F4BA5-SegmentedRaftLogWorker hit exception
java.lang.OutOfMemoryError: Direct buffer memory
	at java.nio.Bits.reserveMemory(Bits.java:666)
	at java.nio.DirectByteBuffer.<init>(DirectByteBuffer.java:123)
	at java.nio.ByteBuffer.allocateDirect(ByteBuffer.java:311)
	at org.apache.ratis.server.raftlog.segmented.BufferedWriteChannel.<init>(BufferedWriteChannel.java:41)
	at org.apache.ratis.server.raftlog.segmented.SegmentedRaftLogOutputStream.<init>(SegmentedRaftLogOutputStream.java:72)
	at org.apache.ratis.server.raftlog.segmented.SegmentedRaftLogWorker$StartLogSegment.execute(SegmentedRaftLogWorker.java:566)
	at org.apache.ratis.server.raftlog.segmented.SegmentedRaftLogWorker.run(SegmentedRaftLogWorker.java:289)
	at java.lang.Thread.run(Thread.java:748)
2019-09-26 21:18:57,849 [Thread-403] INFO  impl.RoleInfo (RoleInfo.java:shutdownFollowerState(121)) - 1178c3ae-d0b4-4d44-b144-fe8504cc41ac: shutdown FollowerState
2019-09-26 21:18:58,050 [Thread-403] INFO  impl.RaftServerImpl (RaftServerImpl.java:setRole(174)) - 1178c3ae-d0b4-4d44-b144-fe8504cc41ac@group-F8E1B0E88623: changes role from  FOLLOWER to CANDIDATE at term 0 for changeToCandidate
2019-09-26 21:18:57,849 [da833d8d-e72a-4068-9560-4daa2d83adc2@group-9A832E30A4CB:LeaderElection127] INFO  server.RaftServerConfigKeys (ConfUtils.java:logGet(43)) - raft.server.watch.element-limit = 65536 (default)
2019-09-26 21:18:57,849 [Thread-409] INFO  impl.RoleInfo (RoleInfo.java:shutdownFollowerState(121)) - 9ce0b59e-153f-4f41-8aed-492a76d80b48: shutdown FollowerState
2019-09-26 21:18:58,050 [Thread-403] INFO  impl.RoleInfo (RoleInfo.java:updateAndGet(143)) - 1178c3ae-d0b4-4d44-b144-fe8504cc41ac: start LeaderElection
2019-09-26 21:18:58,050 [RATISCREATEPIPELINE1] ERROR pipeline.RatisPipelineProvider (RatisPipelineProvider.java:lambda$null$2(175)) - Failed invoke Ratis rpc org.apache.hadoop.hdds.scm.pipeline.RatisPipelineProvider$$Lambda$179/154091354@2b638835 for da833d8d-e72a-4068-9560-4daa2d83adc2
org.apache.ratis.protocol.TimeoutIOException: deadline exceeded after 2999752014ns
	at org.apache.ratis.grpc.GrpcUtil.tryUnwrapException(GrpcUtil.java:82)
	at org.apache.ratis.grpc.GrpcUtil.unwrapException(GrpcUtil.java:75)
	at org.apache.ratis.grpc.client.GrpcClientProtocolClient.blockingCall(GrpcClientProtocolClient.java:178)
	at org.apache.ratis.grpc.client.GrpcClientProtocolClient.groupAdd(GrpcClientProtocolClient.java:147)
	at org.apache.ratis.grpc.client.GrpcClientRpc.sendRequest(GrpcClientRpc.java:94)
	at org.apache.ratis.client.impl.RaftClientImpl.sendRequest(RaftClientImpl.java:278)
	at org.apache.ratis.client.impl.RaftClientImpl.groupAdd(RaftClientImpl.java:205)
	at org.apache.hadoop.hdds.scm.pipeline.RatisPipelineProvider.lambda$initializePipeline$1(RatisPipelineProvider.java:136)
	at org.apache.hadoop.hdds.scm.pipeline.RatisPipelineProvider.lambda$null$2(RatisPipelineProvider.java:171)
	at java.util.stream.ForEachOps$ForEachOp$OfRef.accept(ForEachOps.java:184)
	at java.util.ArrayList$ArrayListSpliterator.forEachRemaining(ArrayList.java:1382)
	at java.util.stream.AbstractPipeline.copyInto(AbstractPipeline.java:482)
	at java.util.stream.ForEachOps$ForEachTask.compute(ForEachOps.java:291)
	at java.util.concurrent.CountedCompleter.exec(CountedCompleter.java:731)
	at java.util.concurrent.ForkJoinTask.doExec(ForkJoinTask.java:289)
	at java.util.concurrent.ForkJoinTask.doInvoke(ForkJoinTask.java:401)
	at java.util.concurrent.ForkJoinTask.invoke(ForkJoinTask.java:734)
	at java.util.stream.ForEachOps$ForEachOp.evaluateParallel(ForEachOps.java:160)
	at java.util.stream.ForEachOps$ForEachOp$OfRef.evaluateParallel(ForEachOps.java:174)
	at java.util.stream.AbstractPipeline.evaluate(AbstractPipeline.java:233)
	at java.util.stream.ReferencePipeline.forEach(ReferencePipeline.java:418)
	at java.util.stream.ReferencePipeline$Head.forEach(ReferencePipeline.java:583)
	at org.apache.hadoop.hdds.scm.pipeline.RatisPipelineProvider.lambda$callRatisRpc$3(RatisPipelineProvider.java:165)
	at java.util.concurrent.ForkJoinTask$AdaptedRunnableAction.exec(ForkJoinTask.java:1386)
	at java.util.concurrent.ForkJoinTask.doExec(ForkJoinTask.java:289)
	at java.util.concurrent.ForkJoinPool$WorkQueue.runTask(ForkJoinPool.java:1056)
	at java.util.concurrent.ForkJoinPool.runWorker(ForkJoinPool.java:1692)
	at java.util.concurrent.ForkJoinWorkerThread.run(ForkJoinWorkerThread.java:157)
Caused by: org.apache.ratis.thirdparty.io.grpc.StatusRuntimeException: DEADLINE_EXCEEDED: deadline exceeded after 2999752014ns
	at org.apache.ratis.thirdparty.io.grpc.stub.ClientCalls.toStatusRuntimeException(ClientCalls.java:233)
	at org.apache.ratis.thirdparty.io.grpc.stub.ClientCalls.getUnchecked(ClientCalls.java:214)
	at org.apache.ratis.thirdparty.io.grpc.stub.ClientCalls.blockingUnaryCall(ClientCalls.java:139)
	at org.apache.ratis.proto.grpc.AdminProtocolServiceGrpc$AdminProtocolServiceBlockingStub.groupManagement(AdminProtocolServiceGrpc.java:274)
	at org.apache.ratis.grpc.client.GrpcClientProtocolClient.lambda$groupAdd$3(GrpcClientProtocolClient.java:149)
	at org.apache.ratis.grpc.client.GrpcClientProtocolClient.blockingCall(GrpcClientProtocolClient.java:176)
	... 25 more
2019-09-26 21:18:58,050 [1178c3ae-d0b4-4d44-b144-fe8504cc41ac@group-17858CE95304-SegmentedRaftLogWorker] INFO  util.JmxRegister (JmxRegister.java:unregister(73)) - Successfully un-registered JMX Bean with object name Ratis:service=RaftServer,group=group-17858CE95304,id=1178c3ae-d0b4-4d44-b144-fe8504cc41ac
2019-09-26 21:18:58,055 [1178c3ae-d0b4-4d44-b144-fe8504cc41ac@group-17858CE95304-SegmentedRaftLogWorker] INFO  impl.RoleInfo (RoleInfo.java:shutdownLeaderState(104)) - 1178c3ae-d0b4-4d44-b144-fe8504cc41ac: shutdown LeaderState
2019-09-26 21:18:58,050 [1178c3ae-d0b4-4d44-b144-fe8504cc41ac@group-1D2C931F4BA5-SegmentedRaftLogWorker] INFO  impl.RaftServerImpl (RaftServerImpl.java:lambda$shutdown$3(251)) - 1178c3ae-d0b4-4d44-b144-fe8504cc41ac@group-1D2C931F4BA5: shutdown
2019-09-26 21:18:58,050 [9ce0b59e-153f-4f41-8aed-492a76d80b48@group-84D243744114:LeaderElection129] INFO  server.RaftServerConfigKeys (ConfUtils.java:logGet(43)) - raft.server.staging.catchup.gap = 1000 (default)
2019-09-26 21:18:58,049 [1178c3ae-d0b4-4d44-b144-fe8504cc41ac@group-FD9251D15172:LeaderElection133] INFO  server.RaftServerConfigKeys (ConfUtils.java:logGet(43)) - raft.server.staging.catchup.gap = 1000 (default)
2019-09-26 21:18:58,049 [09112efe-1fad-4539-a04f-c96aef6d2351@group-EC252041ED71:LeaderElection134] INFO  impl.RaftServerImpl (ServerState.java:setLeader(253)) - 09112efe-1fad-4539-a04f-c96aef6d2351@group-EC252041ED71: change Leader from null to 09112efe-1fad-4539-a04f-c96aef6d2351 at term 1 for becomeLeader, leader elected after 6790ms
2019-09-26 21:18:58,049 [1178c3ae-d0b4-4d44-b144-fe8504cc41ac@group-5EAC8502C8A3:LeaderElection132] INFO  impl.RaftServerImpl (ServerState.java:setLeader(253)) - 1178c3ae-d0b4-4d44-b144-fe8504cc41ac@group-5EAC8502C8A3: change Leader from null to 1178c3ae-d0b4-4d44-b144-fe8504cc41ac at term 1 for becomeLeader, leader elected after 6741ms
2019-09-26 21:18:58,049 [Thread-775] INFO  impl.RaftServerImpl (RaftServerImpl.java:setRole(174)) - 09112efe-1fad-4539-a04f-c96aef6d2351@group-3320048E059F: changes role from  FOLLOWER to CANDIDATE at term 0 for changeToCandidate
2019-09-26 21:18:58,049 [9ce0b59e-153f-4f41-8aed-492a76d80b48@group-F4F4B9E0C0D9:LeaderElection138] INFO  impl.RaftServerImpl (RaftServerImpl.java:setRole(174)) - 9ce0b59e-153f-4f41-8aed-492a76d80b48@group-F4F4B9E0C0D9: changes role from CANDIDATE to LEADER at term 1 for changeToLeader
2019-09-26 21:18:58,056 [9ce0b59e-153f-4f41-8aed-492a76d80b48@group-F4F4B9E0C0D9:LeaderElection138] INFO  impl.RaftServerImpl (ServerState.java:setLeader(253)) - 9ce0b59e-153f-4f41-8aed-492a76d80b48@group-F4F4B9E0C0D9: change Leader from null to 9ce0b59e-153f-4f41-8aed-492a76d80b48 at term 1 for becomeLeader, leader elected after 6589ms
2019-09-26 21:18:58,049 [9ce0b59e-153f-4f41-8aed-492a76d80b48@group-9CC82A6B0D81:LeaderElection140] INFO  impl.RaftServerImpl (RaftServerImpl.java:setRole(174)) - 9ce0b59e-153f-4f41-8aed-492a76d80b48@group-9CC82A6B0D81: changes role from CANDIDATE to LEADER at term 1 for changeToLeader
2019-09-26 21:18:58,056 [9ce0b59e-153f-4f41-8aed-492a76d80b48@group-9CC82A6B0D81:LeaderElection140] INFO  impl.RaftServerImpl (ServerState.java:setLeader(253)) - 9ce0b59e-153f-4f41-8aed-492a76d80b48@group-9CC82A6B0D81: change Leader from null to 9ce0b59e-153f-4f41-8aed-492a76d80b48 at term 1 for becomeLeader, leader elected after 6505ms
2019-09-26 21:18:58,048 [da833d8d-e72a-4068-9560-4daa2d83adc2@group-511FA1580F8F:LeaderElection135] INFO  impl.RaftServerImpl (RaftServerImpl.java:setRole(174)) - da833d8d-e72a-4068-9560-4daa2d83adc2@group-511FA1580F8F: changes role from CANDIDATE to LEADER at term 1 for changeToLeader
2019-09-26 21:18:58,057 [da833d8d-e72a-4068-9560-4daa2d83adc2@group-511FA1580F8F:LeaderElection135] INFO  impl.RaftServerImpl (ServerState.java:setLeader(253)) - da833d8d-e72a-4068-9560-4daa2d83adc2@group-511FA1580F8F: change Leader from null to da833d8d-e72a-4068-9560-4daa2d83adc2 at term 1 for becomeLeader, leader elected after 6406ms
2019-09-26 21:18:58,048 [1178c3ae-d0b4-4d44-b144-fe8504cc41ac@group-6E19F58DAE58:LeaderElection103] INFO  impl.RoleInfo (RoleInfo.java:updateAndGet(143)) - 1178c3ae-d0b4-4d44-b144-fe8504cc41ac: start LeaderState
2019-09-26 21:18:58,048 [9ce0b59e-153f-4f41-8aed-492a76d80b48@group-3B90256A708A:LeaderElection136] INFO  impl.RaftServerImpl (RaftServerImpl.java:setRole(174)) - 9ce0b59e-153f-4f41-8aed-492a76d80b48@group-3B90256A708A: changes role from CANDIDATE to LEADER at term 1 for changeToLeader
2019-09-26 21:18:58,048 [9ce0b59e-153f-4f41-8aed-492a76d80b48@group-486ABFFF1652:LeaderElection137] INFO  impl.RaftServerImpl (RaftServerImpl.java:setRole(174)) - 9ce0b59e-153f-4f41-8aed-492a76d80b48@group-486ABFFF1652: changes role from CANDIDATE to LEADER at term 1 for changeToLeader
2019-09-26 21:18:58,048 [9ce0b59e-153f-4f41-8aed-492a76d80b48@group-00CF13531264:LeaderElection139] INFO  impl.RaftServerImpl (RaftServerImpl.java:setRole(174)) - 9ce0b59e-153f-4f41-8aed-492a76d80b48@group-00CF13531264: changes role from CANDIDATE to LEADER at term 1 for changeToLeader
2019-09-26 21:18:58,057 [0c640f50-2bc9-49b6-b785-a27e3116e6ba@group-CD486E0DF44D:LeaderElection87] INFO  impl.RoleInfo (RoleInfo.java:updateAndGet(143)) - 0c640f50-2bc9-49b6-b785-a27e3116e6ba: start LeaderState
2019-09-26 21:18:58,057 [9ce0b59e-153f-4f41-8aed-492a76d80b48@group-486ABFFF1652:LeaderElection137] INFO  impl.RaftServerImpl (ServerState.java:setLeader(253)) - 9ce0b59e-153f-4f41-8aed-492a76d80b48@group-486ABFFF1652: change Leader from null to 9ce0b59e-153f-4f41-8aed-492a76d80b48 at term 1 for becomeLeader, leader elected after 6550ms
2019-09-26 21:18:58,057 [1178c3ae-d0b4-4d44-b144-fe8504cc41ac@group-6E19F58DAE58:LeaderElection103] INFO  segmented.SegmentedRaftLogWorker (SegmentedRaftLogWorker.java:startLogSegment(380)) - 1178c3ae-d0b4-4d44-b144-fe8504cc41ac@group-6E19F58DAE58-SegmentedRaftLogWorker: Starting segment from index:0
2019-09-26 21:18:58,057 [9ce0b59e-153f-4f41-8aed-492a76d80b48@group-3B90256A708A:LeaderElection136] INFO  impl.RaftServerImpl (ServerState.java:setLeader(253)) - 9ce0b59e-153f-4f41-8aed-492a76d80b48@group-3B90256A708A: change Leader from null to 9ce0b59e-153f-4f41-8aed-492a76d80b48 at term 1 for becomeLeader, leader elected after 6620ms
2019-09-26 21:18:58,057 [da833d8d-e72a-4068-9560-4daa2d83adc2@group-511FA1580F8F:LeaderElection135] INFO  server.RaftServerConfigKeys (ConfUtils.java:logGet(43)) - raft.server.staging.catchup.gap = 1000 (default)
2019-09-26 21:18:58,306 [1178c3ae-d0b4-4d44-b144-fe8504cc41ac@group-6E19F58DAE58:LeaderElection103] INFO  impl.RaftServerImpl (ServerState.java:setRaftConf(354)) - 1178c3ae-d0b4-4d44-b144-fe8504cc41ac@group-6E19F58DAE58: set configuration 0: [1178c3ae-d0b4-4d44-b144-fe8504cc41ac:192.168.151.99:33787], old=null at 0
2019-09-26 21:18:58,057 [9ce0b59e-153f-4f41-8aed-492a76d80b48@group-9CC82A6B0D81:LeaderElection140] INFO  server.RaftServerConfigKeys (ConfUtils.java:logGet(43)) - raft.server.staging.catchup.gap = 1000 (default)
2019-09-26 21:18:58,306 [9ce0b59e-153f-4f41-8aed-492a76d80b48@group-9CC82A6B0D81:LeaderElection140] INFO  server.RaftServerConfigKeys (ConfUtils.java:logGet(43)) - raft.server.rpc.sleep.time = 25ms (default)
2019-09-26 21:18:58,306 [1178c3ae-d0b4-4d44-b144-fe8504cc41ac@group-1D2C931F4BA5-SegmentedRaftLogWorker] INFO  util.JmxRegister (JmxRegister.java:unregister(73)) - Successfully un-registered JMX Bean with object name Ratis:service=RaftServer,group=group-1D2C931F4BA5,id=1178c3ae-d0b4-4d44-b144-fe8504cc41ac
2019-09-26 21:18:58,056 [9ce0b59e-153f-4f41-8aed-492a76d80b48@group-F4F4B9E0C0D9:LeaderElection138] INFO  server.RaftServerConfigKeys (ConfUtils.java:logGet(43)) - raft.server.staging.catchup.gap = 1000 (default)
2019-09-26 21:18:58,056 [Thread-775] INFO  impl.RoleInfo (RoleInfo.java:updateAndGet(143)) - 09112efe-1fad-4539-a04f-c96aef6d2351: start LeaderElection
2019-09-26 21:18:58,056 [1178c3ae-d0b4-4d44-b144-fe8504cc41ac@group-5EAC8502C8A3:LeaderElection132] INFO  server.RaftServerConfigKeys (ConfUtils.java:logGet(43)) - raft.server.staging.catchup.gap = 1000 (default)
2019-09-26 21:18:58,056 [09112efe-1fad-4539-a04f-c96aef6d2351@group-EC252041ED71:LeaderElection134] INFO  server.RaftServerConfigKeys (ConfUtils.java:logGet(43)) - raft.server.staging.catchup.gap = 1000 (default)
2019-09-26 21:18:58,055 [1178c3ae-d0b4-4d44-b144-fe8504cc41ac@group-FD9251D15172:LeaderElection133] INFO  server.RaftServerConfigKeys (ConfUtils.java:logGet(43)) - raft.server.rpc.sleep.time = 25ms (default)
2019-09-26 21:18:58,055 [9ce0b59e-153f-4f41-8aed-492a76d80b48@group-84D243744114:LeaderElection129] INFO  server.RaftServerConfigKeys (ConfUtils.java:logGet(43)) - raft.server.rpc.sleep.time = 25ms (default)
2019-09-26 21:18:58,055 [RatisPipelineUtilsThread] ERROR pipeline.SCMPipelineManager (SCMPipelineManager.java:createPipeline(167)) - Pipeline creation failed.
java.io.IOException: Failed invoke Ratis rpc org.apache.hadoop.hdds.scm.pipeline.RatisPipelineProvider$$Lambda$179/154091354@2b638835 for da833d8d-e72a-4068-9560-4daa2d83adc2
	at org.apache.hadoop.hdds.scm.pipeline.RatisPipelineProvider.lambda$null$2(RatisPipelineProvider.java:176)
	at java.util.stream.ForEachOps$ForEachOp$OfRef.accept(ForEachOps.java:184)
	at java.util.ArrayList$ArrayListSpliterator.forEachRemaining(ArrayList.java:1382)
	at java.util.stream.AbstractPipeline.copyInto(AbstractPipeline.java:482)
	at java.util.stream.ForEachOps$ForEachTask.compute(ForEachOps.java:291)
	at java.util.concurrent.CountedCompleter.exec(CountedCompleter.java:731)
	at java.util.concurrent.ForkJoinTask.doExec(ForkJoinTask.java:289)
	at java.util.concurrent.ForkJoinTask.doInvoke(ForkJoinTask.java:401)
	at java.util.concurrent.ForkJoinTask.invoke(ForkJoinTask.java:734)
	at java.util.stream.ForEachOps$ForEachOp.evaluateParallel(ForEachOps.java:160)
	at java.util.stream.ForEachOps$ForEachOp$OfRef.evaluateParallel(ForEachOps.java:174)
	at java.util.stream.AbstractPipeline.evaluate(AbstractPipeline.java:233)
	at java.util.stream.ReferencePipeline.forEach(ReferencePipeline.java:418)
	at java.util.stream.ReferencePipeline$Head.forEach(ReferencePipeline.java:583)
	at org.apache.hadoop.hdds.scm.pipeline.RatisPipelineProvider.lambda$callRatisRpc$3(RatisPipelineProvider.java:165)
	at java.util.concurrent.ForkJoinTask$AdaptedRunnableAction.exec(ForkJoinTask.java:1386)
	at java.util.concurrent.ForkJoinTask.doExec(ForkJoinTask.java:289)
	at java.util.concurrent.ForkJoinPool$WorkQueue.runTask(ForkJoinPool.java:1056)
	at java.util.concurrent.ForkJoinPool.runWorker(ForkJoinPool.java:1692)
	at java.util.concurrent.ForkJoinWorkerThread.run(ForkJoinWorkerThread.java:157)
Caused by: org.apache.ratis.protocol.TimeoutIOException: deadline exceeded after 2999752014ns
	at org.apache.ratis.grpc.GrpcUtil.tryUnwrapException(GrpcUtil.java:82)
	at org.apache.ratis.grpc.GrpcUtil.unwrapException(GrpcUtil.java:75)
	at org.apache.ratis.grpc.client.GrpcClientProtocolClient.blockingCall(GrpcClientProtocolClient.java:178)
	at org.apache.ratis.grpc.client.GrpcClientProtocolClient.groupAdd(GrpcClientProtocolClient.java:147)
	at org.apache.ratis.grpc.client.GrpcClientRpc.sendRequest(GrpcClientRpc.java:94)
	at org.apache.ratis.client.impl.RaftClientImpl.sendRequest(RaftClientImpl.java:278)
	at org.apache.ratis.client.impl.RaftClientImpl.groupAdd(RaftClientImpl.java:205)
	at org.apache.hadoop.hdds.scm.pipeline.RatisPipelineProvider.lambda$initializePipeline$1(RatisPipelineProvider.java:136)
	at org.apache.hadoop.hdds.scm.pipeline.RatisPipelineProvider.lambda$null$2(RatisPipelineProvider.java:171)
	... 19 more
Caused by: org.apache.ratis.thirdparty.io.grpc.StatusRuntimeException: DEADLINE_EXCEEDED: deadline exceeded after 2999752014ns
	at org.apache.ratis.thirdparty.io.grpc.stub.ClientCalls.toStatusRuntimeException(ClientCalls.java:233)
	at org.apache.ratis.thirdparty.io.grpc.stub.ClientCalls.getUnchecked(ClientCalls.java:214)
	at org.apache.ratis.thirdparty.io.grpc.stub.ClientCalls.blockingUnaryCall(ClientCalls.java:139)
	at org.apache.ratis.proto.grpc.AdminProtocolServiceGrpc$AdminProtocolServiceBlockingStub.groupManagement(AdminProtocolServiceGrpc.java:274)
	at org.apache.ratis.grpc.client.GrpcClientProtocolClient.lambda$groupAdd$3(GrpcClientProtocolClient.java:149)
	at org.apache.ratis.grpc.client.GrpcClientProtocolClient.blockingCall(GrpcClientProtocolClient.java:176)
	... 25 more
2019-09-26 21:18:58,055 [1178c3ae-d0b4-4d44-b144-fe8504cc41ac@group-17858CE95304-SegmentedRaftLogWorker] INFO  impl.PendingRequests (PendingRequests.java:sendNotLeaderResponses(202)) - 1178c3ae-d0b4-4d44-b144-fe8504cc41ac-PendingRequests: sendNotLeaderResponses
2019-09-26 21:18:58,051 [1178c3ae-d0b4-4d44-b144-fe8504cc41ac@group-846E52AEA8E9:LeaderElection102] INFO  impl.RoleInfo (RoleInfo.java:updateAndGet(143)) - 1178c3ae-d0b4-4d44-b144-fe8504cc41ac: start LeaderState
2019-09-26 21:18:58,051 [0c640f50-2bc9-49b6-b785-a27e3116e6ba@group-9DCEC7BC5751-SegmentedRaftLogWorker] INFO  util.JmxRegister (JmxRegister.java:unregister(73)) - Successfully un-registered JMX Bean with object name Ratis:service=RaftServer,group=group-9DCEC7BC5751,id=0c640f50-2bc9-49b6-b785-a27e3116e6ba
2019-09-26 21:18:58,051 [Thread-409] INFO  impl.RaftServerImpl (RaftServerImpl.java:setRole(174)) - 9ce0b59e-153f-4f41-8aed-492a76d80b48@group-EFC0D5B99037: changes role from  FOLLOWER to CANDIDATE at term 0 for changeToCandidate
2019-09-26 21:18:58,312 [0c640f50-2bc9-49b6-b785-a27e3116e6ba@group-9DCEC7BC5751-SegmentedRaftLogWorker] INFO  impl.RoleInfo (RoleInfo.java:shutdownLeaderState(104)) - 0c640f50-2bc9-49b6-b785-a27e3116e6ba: shutdown LeaderState
2019-09-26 21:18:58,312 [1178c3ae-d0b4-4d44-b144-fe8504cc41ac@group-846E52AEA8E9:LeaderElection102] INFO  segmented.SegmentedRaftLogWorker (SegmentedRaftLogWorker.java:startLogSegment(380)) - 1178c3ae-d0b4-4d44-b144-fe8504cc41ac@group-846E52AEA8E9-SegmentedRaftLogWorker: Starting segment from index:0
2019-09-26 21:18:58,312 [1178c3ae-d0b4-4d44-b144-fe8504cc41ac@group-17858CE95304-SegmentedRaftLogWorker] INFO  impl.StateMachineUpdater (StateMachineUpdater.java:stopAndJoin(125)) - 1178c3ae-d0b4-4d44-b144-fe8504cc41ac@group-17858CE95304-StateMachineUpdater: set stopIndex = -1
2019-09-26 21:18:58,312 [09112efe-1fad-4539-a04f-c96aef6d2351@group-B01EA420B1EB:LeaderElection107] INFO  impl.RoleInfo (RoleInfo.java:updateAndGet(143)) - 09112efe-1fad-4539-a04f-c96aef6d2351: start LeaderState
2019-09-26 21:18:58,308 [9ce0b59e-153f-4f41-8aed-492a76d80b48@group-84D243744114:LeaderElection129] INFO  server.RaftServerConfigKeys (ConfUtils.java:logGet(43)) - raft.server.write.element-limit = 4096 (default)
2019-09-26 21:18:58,307 [1178c3ae-d0b4-4d44-b144-fe8504cc41ac@group-FD9251D15172:LeaderElection133] INFO  server.RaftServerConfigKeys (ConfUtils.java:logGet(43)) - raft.server.write.element-limit = 4096 (default)
2019-09-26 21:18:58,307 [09112efe-1fad-4539-a04f-c96aef6d2351@group-EC252041ED71:LeaderElection134] INFO  server.RaftServerConfigKeys (ConfUtils.java:logGet(43)) - raft.server.rpc.sleep.time = 25ms (default)
2019-09-26 21:18:58,307 [1178c3ae-d0b4-4d44-b144-fe8504cc41ac@group-5EAC8502C8A3:LeaderElection132] INFO  server.RaftServerConfigKeys (ConfUtils.java:logGet(43)) - raft.server.rpc.sleep.time = 25ms (default)
2019-09-26 21:18:58,307 [9ce0b59e-153f-4f41-8aed-492a76d80b48@group-F4F4B9E0C0D9:LeaderElection138] INFO  server.RaftServerConfigKeys (ConfUtils.java:logGet(43)) - raft.server.rpc.sleep.time = 25ms (default)
2019-09-26 21:18:58,306 [1178c3ae-d0b4-4d44-b144-fe8504cc41ac@group-1D2C931F4BA5-SegmentedRaftLogWorker] INFO  impl.RoleInfo (RoleInfo.java:shutdownLeaderState(104)) - 1178c3ae-d0b4-4d44-b144-fe8504cc41ac: shutdown LeaderState
2019-09-26 21:18:58,306 [9ce0b59e-153f-4f41-8aed-492a76d80b48@group-9CC82A6B0D81:LeaderElection140] INFO  server.RaftServerConfigKeys (ConfUtils.java:logGet(43)) - raft.server.write.element-limit = 4096 (default)
2019-09-26 21:18:58,306 [da833d8d-e72a-4068-9560-4daa2d83adc2@group-511FA1580F8F:LeaderElection135] INFO  server.RaftServerConfigKeys (ConfUtils.java:logGet(43)) - raft.server.rpc.sleep.time = 25ms (default)
2019-09-26 21:18:58,306 [09112efe-1fad-4539-a04f-c96aef6d2351@group-C1CCE81E3AA9:LeaderElection141] INFO  impl.LeaderElection (LeaderElection.java:askForVotes(182)) - 09112efe-1fad-4539-a04f-c96aef6d2351@group-C1CCE81E3AA9:LeaderElection141: begin an election at term 1 for -1: [09112efe-1fad-4539-a04f-c96aef6d2351:192.168.151.99:45286], old=null
2019-09-26 21:18:58,305 [1178c3ae-d0b4-4d44-b144-fe8504cc41ac@group-F8E1B0E88623:LeaderElection142] INFO  impl.LeaderElection (LeaderElection.java:askForVotes(182)) - 1178c3ae-d0b4-4d44-b144-fe8504cc41ac@group-F8E1B0E88623:LeaderElection142: begin an election at term 1 for -1: [1178c3ae-d0b4-4d44-b144-fe8504cc41ac:192.168.151.99:33787], old=null
2019-09-26 21:18:58,304 [0c640f50-2bc9-49b6-b785-a27e3116e6ba@group-8ADE47486BA4-SegmentedRaftLogWorker] ERROR segmented.SegmentedRaftLogWorker (SegmentedRaftLogWorker.java:run(323)) - 0c640f50-2bc9-49b6-b785-a27e3116e6ba@group-8ADE47486BA4-SegmentedRaftLogWorker hit exception
java.lang.OutOfMemoryError: Direct buffer memory
	at java.nio.Bits.reserveMemory(Bits.java:666)
	at java.nio.DirectByteBuffer.<init>(DirectByteBuffer.java:123)
	at java.nio.ByteBuffer.allocateDirect(ByteBuffer.java:311)
	at org.apache.ratis.server.raftlog.segmented.BufferedWriteChannel.<init>(BufferedWriteChannel.java:41)
	at org.apache.ratis.server.raftlog.segmented.SegmentedRaftLogOutputStream.<init>(SegmentedRaftLogOutputStream.java:72)
	at org.apache.ratis.server.raftlog.segmented.SegmentedRaftLogWorker$StartLogSegment.execute(SegmentedRaftLogWorker.java:566)
	at org.apache.ratis.server.raftlog.segmented.SegmentedRaftLogWorker.run(SegmentedRaftLogWorker.java:289)
	at java.lang.Thread.run(Thread.java:748)
2019-09-26 21:18:58,304 [09112efe-1fad-4539-a04f-c96aef6d2351@group-F6B9EF0C2D8E-SegmentedRaftLogWorker] ERROR segmented.SegmentedRaftLogWorker (SegmentedRaftLogWorker.java:run(323)) - 09112efe-1fad-4539-a04f-c96aef6d2351@group-F6B9EF0C2D8E-SegmentedRaftLogWorker hit exception
java.lang.OutOfMemoryError: Direct buffer memory
	at java.nio.Bits.reserveMemory(Bits.java:666)
	at java.nio.DirectByteBuffer.<init>(DirectByteBuffer.java:123)
	at java.nio.ByteBuffer.allocateDirect(ByteBuffer.java:311)
	at org.apache.ratis.server.raftlog.segmented.BufferedWriteChannel.<init>(BufferedWriteChannel.java:41)
	at org.apache.ratis.server.raftlog.segmented.SegmentedRaftLogOutputStream.<init>(SegmentedRaftLogOutputStream.java:72)
	at org.apache.ratis.server.raftlog.segmented.SegmentedRaftLogWorker$StartLogSegment.execute(SegmentedRaftLogWorker.java:566)
	at org.apache.ratis.server.raftlog.segmented.SegmentedRaftLogWorker.run(SegmentedRaftLogWorker.java:289)
	at java.lang.Thread.run(Thread.java:748)
2019-09-26 21:18:58,058 [9ce0b59e-153f-4f41-8aed-492a76d80b48@group-3B90256A708A:LeaderElection136] INFO  server.RaftServerConfigKeys (ConfUtils.java:logGet(43)) - raft.server.staging.catchup.gap = 1000 (default)
2019-09-26 21:18:58,541 [9ce0b59e-153f-4f41-8aed-492a76d80b48@group-3B90256A708A:LeaderElection136] INFO  server.RaftServerConfigKeys (ConfUtils.java:logGet(43)) - raft.server.rpc.sleep.time = 25ms (default)
2019-09-26 21:18:58,058 [9ce0b59e-153f-4f41-8aed-492a76d80b48@group-486ABFFF1652:LeaderElection137] INFO  server.RaftServerConfigKeys (ConfUtils.java:logGet(43)) - raft.server.staging.catchup.gap = 1000 (default)
2019-09-26 21:18:58,058 [0c640f50-2bc9-49b6-b785-a27e3116e6ba@group-CD486E0DF44D:LeaderElection87] INFO  segmented.SegmentedRaftLogWorker (SegmentedRaftLogWorker.java:startLogSegment(380)) - 0c640f50-2bc9-49b6-b785-a27e3116e6ba@group-CD486E0DF44D-SegmentedRaftLogWorker: Starting segment from index:0
2019-09-26 21:18:58,057 [9ce0b59e-153f-4f41-8aed-492a76d80b48@group-00CF13531264:LeaderElection139] INFO  impl.RaftServerImpl (ServerState.java:setLeader(253)) - 9ce0b59e-153f-4f41-8aed-492a76d80b48@group-00CF13531264: change Leader from null to 9ce0b59e-153f-4f41-8aed-492a76d80b48 at term 1 for becomeLeader, leader elected after 6661ms
2019-09-26 21:18:58,541 [9ce0b59e-153f-4f41-8aed-492a76d80b48@group-486ABFFF1652:LeaderElection137] INFO  server.RaftServerConfigKeys (ConfUtils.java:logGet(43)) - raft.server.rpc.sleep.time = 25ms (default)
2019-09-26 21:18:58,541 [9ce0b59e-153f-4f41-8aed-492a76d80b48@group-3B90256A708A:LeaderElection136] INFO  server.RaftServerConfigKeys (ConfUtils.java:logGet(43)) - raft.server.write.element-limit = 4096 (default)
2019-09-26 21:18:58,540 [09112efe-1fad-4539-a04f-c96aef6d2351@group-3320048E059F:LeaderElection143] INFO  impl.LeaderElection (LeaderElection.java:askForVotes(182)) - 09112efe-1fad-4539-a04f-c96aef6d2351@group-3320048E059F:LeaderElection143: begin an election at term 1 for -1: [09112efe-1fad-4539-a04f-c96aef6d2351:192.168.151.99:45286], old=null
2019-09-26 21:18:58,540 [09112efe-1fad-4539-a04f-c96aef6d2351@group-F6B9EF0C2D8E-SegmentedRaftLogWorker] INFO  impl.RaftServerImpl (RaftServerImpl.java:lambda$shutdown$3(251)) - 09112efe-1fad-4539-a04f-c96aef6d2351@group-F6B9EF0C2D8E: shutdown
2019-09-26 21:18:58,534 [9ce0b59e-153f-4f41-8aed-492a76d80b48@group-8DE4ADB9E026:LeaderElection82] INFO  impl.RoleInfo (RoleInfo.java:updateAndGet(143)) - 9ce0b59e-153f-4f41-8aed-492a76d80b48: start LeaderState
2019-09-26 21:18:58,534 [0c640f50-2bc9-49b6-b785-a27e3116e6ba@group-8ADE47486BA4-SegmentedRaftLogWorker] INFO  impl.RaftServerImpl (RaftServerImpl.java:lambda$shutdown$3(251)) - 0c640f50-2bc9-49b6-b785-a27e3116e6ba@group-8ADE47486BA4: shutdown
2019-09-26 21:18:58,527 [1178c3ae-d0b4-4d44-b144-fe8504cc41ac@group-F8E1B0E88623:LeaderElection142] INFO  impl.RoleInfo (RoleInfo.java:shutdownLeaderElection(134)) - 1178c3ae-d0b4-4d44-b144-fe8504cc41ac: shutdown LeaderElection
2019-09-26 21:18:58,527 [09112efe-1fad-4539-a04f-c96aef6d2351@group-C1CCE81E3AA9:LeaderElection141] INFO  impl.RoleInfo (RoleInfo.java:shutdownLeaderElection(134)) - 09112efe-1fad-4539-a04f-c96aef6d2351: shutdown LeaderElection
2019-09-26 21:18:58,527 [da833d8d-e72a-4068-9560-4daa2d83adc2@group-511FA1580F8F:LeaderElection135] INFO  server.RaftServerConfigKeys (ConfUtils.java:logGet(43)) - raft.server.write.element-limit = 4096 (default)
2019-09-26 21:18:58,527 [9ce0b59e-153f-4f41-8aed-492a76d80b48@group-9CC82A6B0D81:LeaderElection140] INFO  server.RaftServerConfigKeys (ConfUtils.java:logGet(43)) - raft.server.watch.timeout = 10s (default)
2019-09-26 21:18:58,526 [1178c3ae-d0b4-4d44-b144-fe8504cc41ac@group-1D2C931F4BA5-SegmentedRaftLogWorker] INFO  impl.PendingRequests (PendingRequests.java:sendNotLeaderResponses(202)) - 1178c3ae-d0b4-4d44-b144-fe8504cc41ac-PendingRequests: sendNotLeaderResponses
2019-09-26 21:18:58,774 [09112efe-1fad-4539-a04f-c96aef6d2351@group-9A61D6C314A9:LeaderElection85] INFO  impl.RoleInfo (RoleInfo.java:updateAndGet(143)) - 09112efe-1fad-4539-a04f-c96aef6d2351: start LeaderState
2019-09-26 21:18:58,526 [9ce0b59e-153f-4f41-8aed-492a76d80b48@group-F4F4B9E0C0D9:LeaderElection138] INFO  server.RaftServerConfigKeys (ConfUtils.java:logGet(43)) - raft.server.write.element-limit = 4096 (default)
2019-09-26 21:18:58,526 [1178c3ae-d0b4-4d44-b144-fe8504cc41ac@group-5EAC8502C8A3:LeaderElection132] INFO  server.RaftServerConfigKeys (ConfUtils.java:logGet(43)) - raft.server.write.element-limit = 4096 (default)
2019-09-26 21:18:58,526 [09112efe-1fad-4539-a04f-c96aef6d2351@group-EC252041ED71:LeaderElection134] INFO  server.RaftServerConfigKeys (ConfUtils.java:logGet(43)) - raft.server.write.element-limit = 4096 (default)
2019-09-26 21:18:58,526 [1178c3ae-d0b4-4d44-b144-fe8504cc41ac@group-FD9251D15172:LeaderElection133] INFO  server.RaftServerConfigKeys (ConfUtils.java:logGet(43)) - raft.server.watch.timeout = 10s (default)
2019-09-26 21:18:58,525 [9ce0b59e-153f-4f41-8aed-492a76d80b48@group-84D243744114:LeaderElection129] INFO  server.RaftServerConfigKeys (ConfUtils.java:logGet(43)) - raft.server.watch.timeout = 10s (default)
2019-09-26 21:18:58,313 [09112efe-1fad-4539-a04f-c96aef6d2351@group-B01EA420B1EB:LeaderElection107] INFO  segmented.SegmentedRaftLogWorker (SegmentedRaftLogWorker.java:startLogSegment(380)) - 09112efe-1fad-4539-a04f-c96aef6d2351@group-B01EA420B1EB-SegmentedRaftLogWorker: Starting segment from index:0
2019-09-26 21:18:58,313 [1178c3ae-d0b4-4d44-b144-fe8504cc41ac@group-846E52AEA8E9:LeaderElection102] INFO  impl.RaftServerImpl (ServerState.java:setRaftConf(354)) - 1178c3ae-d0b4-4d44-b144-fe8504cc41ac@group-846E52AEA8E9: set configuration 0: [1178c3ae-d0b4-4d44-b144-fe8504cc41ac:192.168.151.99:33787], old=null at 0
2019-09-26 21:18:58,313 [1178c3ae-d0b4-4d44-b144-fe8504cc41ac@group-17858CE95304-SegmentedRaftLogWorker] INFO  impl.RaftServerImpl (ServerState.java:close(385)) - 1178c3ae-d0b4-4d44-b144-fe8504cc41ac@group-17858CE95304: closes. applyIndex: -1
2019-09-26 21:18:58,313 [0c640f50-2bc9-49b6-b785-a27e3116e6ba@group-9DCEC7BC5751-SegmentedRaftLogWorker] INFO  impl.PendingRequests (PendingRequests.java:sendNotLeaderResponses(202)) - 0c640f50-2bc9-49b6-b785-a27e3116e6ba-PendingRequests: sendNotLeaderResponses
2019-09-26 21:18:58,313 [Thread-409] INFO  impl.RoleInfo (RoleInfo.java:updateAndGet(143)) - 9ce0b59e-153f-4f41-8aed-492a76d80b48: start LeaderElection
2019-09-26 21:18:59,008 [grpc-default-executor-1] INFO  impl.RaftServerProxy (RaftServerProxy.java:addNew(89)) - 09112efe-1fad-4539-a04f-c96aef6d2351: addNew group-90252941981A:[0c640f50-2bc9-49b6-b785-a27e3116e6ba:192.168.151.99:42361, 9ce0b59e-153f-4f41-8aed-492a76d80b48:192.168.151.99:34156, 09112efe-1fad-4539-a04f-c96aef6d2351:192.168.151.99:45286] returns group-90252941981A:java.util.concurrent.CompletableFuture@f94ac[Not completed]
2019-09-26 21:18:59,008 [grpc-default-executor-0] INFO  impl.RaftServerProxy (RaftServerProxy.java:addNew(89)) - 9ce0b59e-153f-4f41-8aed-492a76d80b48: addNew group-90252941981A:[0c640f50-2bc9-49b6-b785-a27e3116e6ba:192.168.151.99:42361, 9ce0b59e-153f-4f41-8aed-492a76d80b48:192.168.151.99:34156, 09112efe-1fad-4539-a04f-c96aef6d2351:192.168.151.99:45286] returns group-90252941981A:java.util.concurrent.CompletableFuture@783f34c9[Not completed]
2019-09-26 21:18:59,008 [0c640f50-2bc9-49b6-b785-a27e3116e6ba@group-9DCEC7BC5751-SegmentedRaftLogWorker] INFO  impl.StateMachineUpdater (StateMachineUpdater.java:stopAndJoin(125)) - 0c640f50-2bc9-49b6-b785-a27e3116e6ba@group-9DCEC7BC5751-StateMachineUpdater: set stopIndex = -1
2019-09-26 21:18:59,008 [1178c3ae-d0b4-4d44-b144-fe8504cc41ac@group-17858CE95304-SegmentedRaftLogWorker] INFO  segmented.SegmentedRaftLogWorker (SegmentedRaftLogWorker.java:close(228)) - 1178c3ae-d0b4-4d44-b144-fe8504cc41ac@group-17858CE95304-SegmentedRaftLogWorker close()
2019-09-26 21:18:59,007 [9ce0b59e-153f-4f41-8aed-492a76d80b48@group-514A1FBBA56A-SegmentedRaftLogWorker] ERROR segmented.SegmentedRaftLogWorker (SegmentedRaftLogWorker.java:run(323)) - 9ce0b59e-153f-4f41-8aed-492a76d80b48@group-514A1FBBA56A-SegmentedRaftLogWorker hit exception
java.lang.OutOfMemoryError: Direct buffer memory
	at java.nio.Bits.reserveMemory(Bits.java:666)
	at java.nio.DirectByteBuffer.<init>(DirectByteBuffer.java:123)
	at java.nio.ByteBuffer.allocateDirect(ByteBuffer.java:311)
	at org.apache.ratis.server.raftlog.segmented.BufferedWriteChannel.<init>(BufferedWriteChannel.java:41)
	at org.apache.ratis.server.raftlog.segmented.SegmentedRaftLogOutputStream.<init>(SegmentedRaftLogOutputStream.java:72)
	at org.apache.ratis.server.raftlog.segmented.SegmentedRaftLogWorker$StartLogSegment.execute(SegmentedRaftLogWorker.java:566)
	at org.apache.ratis.server.raftlog.segmented.SegmentedRaftLogWorker.run(SegmentedRaftLogWorker.java:289)
	at java.lang.Thread.run(Thread.java:748)
2019-09-26 21:18:59,007 [09112efe-1fad-4539-a04f-c96aef6d2351@group-B66033F68487-SegmentedRaftLogWorker] ERROR segmented.SegmentedRaftLogWorker (SegmentedRaftLogWorker.java:run(323)) - 09112efe-1fad-4539-a04f-c96aef6d2351@group-B66033F68487-SegmentedRaftLogWorker hit exception
java.lang.OutOfMemoryError: Direct buffer memory
	at java.nio.Bits.reserveMemory(Bits.java:666)
	at java.nio.DirectByteBuffer.<init>(DirectByteBuffer.java:123)
	at java.nio.ByteBuffer.allocateDirect(ByteBuffer.java:311)
	at org.apache.ratis.server.raftlog.segmented.BufferedWriteChannel.<init>(BufferedWriteChannel.java:41)
	at org.apache.ratis.server.raftlog.segmented.SegmentedRaftLogOutputStream.<init>(SegmentedRaftLogOutputStream.java:72)
	at org.apache.ratis.server.raftlog.segmented.SegmentedRaftLogWorker$StartLogSegment.execute(SegmentedRaftLogWorker.java:566)
	at org.apache.ratis.server.raftlog.segmented.SegmentedRaftLogWorker.run(SegmentedRaftLogWorker.java:289)
	at java.lang.Thread.run(Thread.java:748)
2019-09-26 21:18:59,003 [0c640f50-2bc9-49b6-b785-a27e3116e6ba@group-6AB8C2908DBE-SegmentedRaftLogWorker] ERROR segmented.SegmentedRaftLogWorker (SegmentedRaftLogWorker.java:run(323)) - 0c640f50-2bc9-49b6-b785-a27e3116e6ba@group-6AB8C2908DBE-SegmentedRaftLogWorker hit exception
java.lang.OutOfMemoryError: Direct buffer memory
	at java.nio.Bits.reserveMemory(Bits.java:666)
	at java.nio.DirectByteBuffer.<init>(DirectByteBuffer.java:123)
	at java.nio.ByteBuffer.allocateDirect(ByteBuffer.java:311)
	at org.apache.ratis.server.raftlog.segmented.BufferedWriteChannel.<init>(BufferedWriteChannel.java:41)
	at org.apache.ratis.server.raftlog.segmented.SegmentedRaftLogOutputStream.<init>(SegmentedRaftLogOutputStream.java:72)
	at org.apache.ratis.server.raftlog.segmented.SegmentedRaftLogWorker$StartLogSegment.execute(SegmentedRaftLogWorker.java:566)
	at org.apache.ratis.server.raftlog.segmented.SegmentedRaftLogWorker.run(SegmentedRaftLogWorker.java:289)
	at java.lang.Thread.run(Thread.java:748)
2019-09-26 21:18:59,016 [0c640f50-2bc9-49b6-b785-a27e3116e6ba@group-6AB8C2908DBE-SegmentedRaftLogWorker] INFO  impl.RaftServerImpl (RaftServerImpl.java:lambda$shutdown$3(251)) - 0c640f50-2bc9-49b6-b785-a27e3116e6ba@group-6AB8C2908DBE: shutdown
2019-09-26 21:18:59,003 [09112efe-1fad-4539-a04f-c96aef6d2351@group-B01EA420B1EB:LeaderElection107] INFO  impl.RaftServerImpl (ServerState.java:setRaftConf(354)) - 09112efe-1fad-4539-a04f-c96aef6d2351@group-B01EA420B1EB: set configuration 0: [09112efe-1fad-4539-a04f-c96aef6d2351:192.168.151.99:45286], old=null at 0
2019-09-26 21:18:58,778 [9ce0b59e-153f-4f41-8aed-492a76d80b48@group-84D243744114:LeaderElection129] INFO  server.RaftServerConfigKeys (ConfUtils.java:logGet(43)) - raft.server.watch.timeout.denomination = 1s (default)
2019-09-26 21:18:58,777 [1178c3ae-d0b4-4d44-b144-fe8504cc41ac@group-FD9251D15172:LeaderElection133] INFO  server.RaftServerConfigKeys (ConfUtils.java:logGet(43)) - raft.server.watch.timeout.denomination = 1s (default)
2019-09-26 21:18:59,017 [1178c3ae-d0b4-4d44-b144-fe8504cc41ac@group-FD9251D15172:LeaderElection133] INFO  server.RaftServerConfigKeys (ConfUtils.java:logGet(43)) - raft.server.watch.element-limit = 65536 (default)
2019-09-26 21:18:58,777 [09112efe-1fad-4539-a04f-c96aef6d2351@group-EC252041ED71:LeaderElection134] INFO  server.RaftServerConfigKeys (ConfUtils.java:logGet(43)) - raft.server.watch.timeout = 10s (default)
2019-09-26 21:18:58,777 [1178c3ae-d0b4-4d44-b144-fe8504cc41ac@group-5EAC8502C8A3:LeaderElection132] INFO  server.RaftServerConfigKeys (ConfUtils.java:logGet(43)) - raft.server.watch.timeout = 10s (default)
2019-09-26 21:18:58,774 [9ce0b59e-153f-4f41-8aed-492a76d80b48@group-F4F4B9E0C0D9:LeaderElection138] INFO  server.RaftServerConfigKeys (ConfUtils.java:logGet(43)) - raft.server.watch.timeout = 10s (default)
2019-09-26 21:18:58,774 [09112efe-1fad-4539-a04f-c96aef6d2351@group-9A61D6C314A9:LeaderElection85] INFO  segmented.SegmentedRaftLogWorker (SegmentedRaftLogWorker.java:startLogSegment(380)) - 09112efe-1fad-4539-a04f-c96aef6d2351@group-9A61D6C314A9-SegmentedRaftLogWorker: Starting segment from index:0
2019-09-26 21:18:58,774 [1178c3ae-d0b4-4d44-b144-fe8504cc41ac@group-1D2C931F4BA5-SegmentedRaftLogWorker] INFO  impl.StateMachineUpdater (StateMachineUpdater.java:stopAndJoin(125)) - 1178c3ae-d0b4-4d44-b144-fe8504cc41ac@group-1D2C931F4BA5-StateMachineUpdater: set stopIndex = -1
2019-09-26 21:18:58,774 [9ce0b59e-153f-4f41-8aed-492a76d80b48@group-9CC82A6B0D81:LeaderElection140] INFO  server.RaftServerConfigKeys (ConfUtils.java:logGet(43)) - raft.server.watch.timeout.denomination = 1s (default)
2019-09-26 21:18:58,771 [da833d8d-e72a-4068-9560-4daa2d83adc2@group-511FA1580F8F:LeaderElection135] INFO  server.RaftServerConfigKeys (ConfUtils.java:logGet(43)) - raft.server.watch.timeout = 10s (default)
2019-09-26 21:18:58,768 [09112efe-1fad-4539-a04f-c96aef6d2351@group-C1CCE81E3AA9:LeaderElection141] INFO  impl.RaftServerImpl (RaftServerImpl.java:setRole(174)) - 09112efe-1fad-4539-a04f-c96aef6d2351@group-C1CCE81E3AA9: changes role from CANDIDATE to LEADER at term 1 for changeToLeader
2019-09-26 21:18:58,765 [1178c3ae-d0b4-4d44-b144-fe8504cc41ac@group-F8E1B0E88623:LeaderElection142] INFO  impl.RaftServerImpl (RaftServerImpl.java:setRole(174)) - 1178c3ae-d0b4-4d44-b144-fe8504cc41ac@group-F8E1B0E88623: changes role from CANDIDATE to LEADER at term 1 for changeToLeader
2019-09-26 21:18:58,765 [9ce0b59e-153f-4f41-8aed-492a76d80b48@group-8DE4ADB9E026:LeaderElection82] INFO  segmented.SegmentedRaftLogWorker (SegmentedRaftLogWorker.java:startLogSegment(380)) - 9ce0b59e-153f-4f41-8aed-492a76d80b48@group-8DE4ADB9E026-SegmentedRaftLogWorker: Starting segment from index:0
2019-09-26 21:18:58,762 [09112efe-1fad-4539-a04f-c96aef6d2351@group-3320048E059F:LeaderElection143] INFO  impl.RoleInfo (RoleInfo.java:shutdownLeaderElection(134)) - 09112efe-1fad-4539-a04f-c96aef6d2351: shutdown LeaderElection
2019-09-26 21:18:59,256 [09112efe-1fad-4539-a04f-c96aef6d2351@group-3320048E059F:LeaderElection143] INFO  impl.RaftServerImpl (RaftServerImpl.java:setRole(174)) - 09112efe-1fad-4539-a04f-c96aef6d2351@group-3320048E059F: changes role from CANDIDATE to LEADER at term 1 for changeToLeader
2019-09-26 21:18:58,759 [9ce0b59e-153f-4f41-8aed-492a76d80b48@group-3B90256A708A:LeaderElection136] INFO  server.RaftServerConfigKeys (ConfUtils.java:logGet(43)) - raft.server.watch.timeout = 10s (default)
2019-09-26 21:18:59,438 [9ce0b59e-153f-4f41-8aed-492a76d80b48@group-3B90256A708A:LeaderElection136] INFO  server.RaftServerConfigKeys (ConfUtils.java:logGet(43)) - raft.server.watch.timeout.denomination = 1s (default)
2019-09-26 21:18:58,542 [9ce0b59e-153f-4f41-8aed-492a76d80b48@group-486ABFFF1652:LeaderElection137] INFO  server.RaftServerConfigKeys (ConfUtils.java:logGet(43)) - raft.server.write.element-limit = 4096 (default)
2019-09-26 21:18:58,542 [0c640f50-2bc9-49b6-b785-a27e3116e6ba@group-CD486E0DF44D:LeaderElection87] INFO  impl.RaftServerImpl (ServerState.java:setRaftConf(354)) - 0c640f50-2bc9-49b6-b785-a27e3116e6ba@group-CD486E0DF44D: set configuration 0: [0c640f50-2bc9-49b6-b785-a27e3116e6ba:192.168.151.99:42361], old=null at 0
2019-09-26 21:18:58,541 [9ce0b59e-153f-4f41-8aed-492a76d80b48@group-00CF13531264:LeaderElection139] INFO  server.RaftServerConfigKeys (ConfUtils.java:logGet(43)) - raft.server.staging.catchup.gap = 1000 (default)
2019-09-26 21:18:59,438 [9ce0b59e-153f-4f41-8aed-492a76d80b48@group-486ABFFF1652:LeaderElection137] INFO  server.RaftServerConfigKeys (ConfUtils.java:logGet(43)) - raft.server.watch.timeout = 10s (default)
2019-09-26 21:18:59,438 [9ce0b59e-153f-4f41-8aed-492a76d80b48@group-3B90256A708A:LeaderElection136] INFO  server.RaftServerConfigKeys (ConfUtils.java:logGet(43)) - raft.server.watch.element-limit = 65536 (default)
2019-09-26 21:18:59,438 [0c640f50-2bc9-49b6-b785-a27e3116e6ba@group-6AB8C2908DBE-SegmentedRaftLogWorker] INFO  util.JmxRegister (JmxRegister.java:unregister(73)) - Successfully un-registered JMX Bean with object name Ratis:service=RaftServer,group=group-6AB8C2908DBE,id=0c640f50-2bc9-49b6-b785-a27e3116e6ba
2019-09-26 21:18:59,437 [pool-57-thread-1] INFO  impl.RaftServerImpl (RaftServerImpl.java:<init>(95)) - 0c640f50-2bc9-49b6-b785-a27e3116e6ba: new RaftServerImpl for group-90252941981A:[0c640f50-2bc9-49b6-b785-a27e3116e6ba:192.168.151.99:42361, 9ce0b59e-153f-4f41-8aed-492a76d80b48:192.168.151.99:34156, 09112efe-1fad-4539-a04f-c96aef6d2351:192.168.151.99:45286] with ContainerStateMachine:uninitialized
2019-09-26 21:18:59,437 [9ce0b59e-153f-4f41-8aed-492a76d80b48@group-7E5D61430C6E-SegmentedRaftLogWorker] ERROR segmented.SegmentedRaftLogWorker (SegmentedRaftLogWorker.java:run(323)) - 9ce0b59e-153f-4f41-8aed-492a76d80b48@group-7E5D61430C6E-SegmentedRaftLogWorker hit exception
java.lang.OutOfMemoryError: Direct buffer memory
	at java.nio.Bits.reserveMemory(Bits.java:666)
	at java.nio.DirectByteBuffer.<init>(DirectByteBuffer.java:123)
	at java.nio.ByteBuffer.allocateDirect(ByteBuffer.java:311)
	at org.apache.ratis.server.raftlog.segmented.BufferedWriteChannel.<init>(BufferedWriteChannel.java:41)
	at org.apache.ratis.server.raftlog.segmented.SegmentedRaftLogOutputStream.<init>(SegmentedRaftLogOutputStream.java:72)
	at org.apache.ratis.server.raftlog.segmented.SegmentedRaftLogWorker$StartLogSegment.execute(SegmentedRaftLogWorker.java:566)
	at org.apache.ratis.server.raftlog.segmented.SegmentedRaftLogWorker.run(SegmentedRaftLogWorker.java:289)
	at java.lang.Thread.run(Thread.java:748)
2019-09-26 21:18:59,437 [1178c3ae-d0b4-4d44-b144-fe8504cc41ac@group-2602BE24DDFE-SegmentedRaftLogWorker] ERROR segmented.SegmentedRaftLogWorker (SegmentedRaftLogWorker.java:run(323)) - 1178c3ae-d0b4-4d44-b144-fe8504cc41ac@group-2602BE24DDFE-SegmentedRaftLogWorker hit exception
java.lang.OutOfMemoryError: Direct buffer memory
	at java.nio.Bits.reserveMemory(Bits.java:666)
	at java.nio.DirectByteBuffer.<init>(DirectByteBuffer.java:123)
	at java.nio.ByteBuffer.allocateDirect(ByteBuffer.java:311)
	at org.apache.ratis.server.raftlog.segmented.BufferedWriteChannel.<init>(BufferedWriteChannel.java:41)
	at org.apache.ratis.server.raftlog.segmented.SegmentedRaftLogOutputStream.<init>(SegmentedRaftLogOutputStream.java:72)
	at org.apache.ratis.server.raftlog.segmented.SegmentedRaftLogWorker$StartLogSegment.execute(SegmentedRaftLogWorker.java:566)
	at org.apache.ratis.server.raftlog.segmented.SegmentedRaftLogWorker.run(SegmentedRaftLogWorker.java:289)
	at java.lang.Thread.run(Thread.java:748)
2019-09-26 21:18:59,437 [1178c3ae-d0b4-4d44-b144-fe8504cc41ac@group-80F23AA760D0-SegmentedRaftLogWorker] ERROR segmented.SegmentedRaftLogWorker (SegmentedRaftLogWorker.java:run(323)) - 1178c3ae-d0b4-4d44-b144-fe8504cc41ac@group-80F23AA760D0-SegmentedRaftLogWorker hit exception
java.lang.OutOfMemoryError: Direct buffer memory
	at java.nio.Bits.reserveMemory(Bits.java:666)
	at java.nio.DirectByteBuffer.<init>(DirectByteBuffer.java:123)
	at java.nio.ByteBuffer.allocateDirect(ByteBuffer.java:311)
	at org.apache.ratis.server.raftlog.segmented.BufferedWriteChannel.<init>(BufferedWriteChannel.java:41)
	at org.apache.ratis.server.raftlog.segmented.SegmentedRaftLogOutputStream.<init>(SegmentedRaftLogOutputStream.java:72)
	at org.apache.ratis.server.raftlog.segmented.SegmentedRaftLogWorker$StartLogSegment.execute(SegmentedRaftLogWorker.java:566)
	at org.apache.ratis.server.raftlog.segmented.SegmentedRaftLogWorker.run(SegmentedRaftLogWorker.java:289)
	at java.lang.Thread.run(Thread.java:748)
2019-09-26 21:18:59,256 [9ce0b59e-153f-4f41-8aed-492a76d80b48@group-8DE4ADB9E026:LeaderElection82] INFO  impl.RaftServerImpl (ServerState.java:setRaftConf(354)) - 9ce0b59e-153f-4f41-8aed-492a76d80b48@group-8DE4ADB9E026: set configuration 0: [9ce0b59e-153f-4f41-8aed-492a76d80b48:192.168.151.99:34156], old=null at 0
2019-09-26 21:18:59,463 [pool-27-thread-1] INFO  impl.RaftServerImpl (RaftServerImpl.java:<init>(95)) - 9ce0b59e-153f-4f41-8aed-492a76d80b48: new RaftServerImpl for group-90252941981A:[0c640f50-2bc9-49b6-b785-a27e3116e6ba:192.168.151.99:42361, 9ce0b59e-153f-4f41-8aed-492a76d80b48:192.168.151.99:34156, 09112efe-1fad-4539-a04f-c96aef6d2351:192.168.151.99:45286] with ContainerStateMachine:uninitialized
2019-09-26 21:18:59,256 [09112efe-1fad-4539-a04f-c96aef6d2351@group-3320048E059F:LeaderElection143] INFO  impl.RaftServerImpl (ServerState.java:setLeader(253)) - 09112efe-1fad-4539-a04f-c96aef6d2351@group-3320048E059F: change Leader from null to 09112efe-1fad-4539-a04f-c96aef6d2351 at term 1 for becomeLeader, leader elected after 7479ms
2019-09-26 21:18:59,255 [1178c3ae-d0b4-4d44-b144-fe8504cc41ac@group-F8E1B0E88623:LeaderElection142] INFO  impl.RaftServerImpl (ServerState.java:setLeader(253)) - 1178c3ae-d0b4-4d44-b144-fe8504cc41ac@group-F8E1B0E88623: change Leader from null to 1178c3ae-d0b4-4d44-b144-fe8504cc41ac at term 1 for becomeLeader, leader elected after 12529ms
2019-09-26 21:18:59,255 [09112efe-1fad-4539-a04f-c96aef6d2351@group-C1CCE81E3AA9:LeaderElection141] INFO  impl.RaftServerImpl (ServerState.java:setLeader(253)) - 09112efe-1fad-4539-a04f-c96aef6d2351@group-C1CCE81E3AA9: change Leader from null to 09112efe-1fad-4539-a04f-c96aef6d2351 at term 1 for becomeLeader, leader elected after 7658ms
2019-09-26 21:18:59,255 [09112efe-1fad-4539-a04f-c96aef6d2351@group-9A61D6C314A9:LeaderElection85] INFO  impl.RaftServerImpl (ServerState.java:setRaftConf(354)) - 09112efe-1fad-4539-a04f-c96aef6d2351@group-9A61D6C314A9: set configuration 0: [09112efe-1fad-4539-a04f-c96aef6d2351:192.168.151.99:45286], old=null at 0
2019-09-26 21:18:59,255 [da833d8d-e72a-4068-9560-4daa2d83adc2@group-511FA1580F8F:LeaderElection135] INFO  server.RaftServerConfigKeys (ConfUtils.java:logGet(43)) - raft.server.watch.timeout.denomination = 1s (default)
2019-09-26 21:18:59,018 [9ce0b59e-153f-4f41-8aed-492a76d80b48@group-9CC82A6B0D81:LeaderElection140] INFO  server.RaftServerConfigKeys (ConfUtils.java:logGet(43)) - raft.server.watch.element-limit = 65536 (default)
2019-09-26 21:18:59,255 [9ce0b59e-153f-4f41-8aed-492a76d80b48@group-EFC0D5B99037:LeaderElection144] INFO  impl.LeaderElection (LeaderElection.java:askForVotes(182)) - 9ce0b59e-153f-4f41-8aed-492a76d80b48@group-EFC0D5B99037:LeaderElection144: begin an election at term 1 for -1: [9ce0b59e-153f-4f41-8aed-492a76d80b48:192.168.151.99:34156], old=null
2019-09-26 21:18:59,018 [1178c3ae-d0b4-4d44-b144-fe8504cc41ac@group-1D2C931F4BA5-SegmentedRaftLogWorker] INFO  impl.RaftServerImpl (ServerState.java:close(385)) - 1178c3ae-d0b4-4d44-b144-fe8504cc41ac@group-1D2C931F4BA5: closes. applyIndex: -1
2019-09-26 21:18:59,018 [9ce0b59e-153f-4f41-8aed-492a76d80b48@group-F4F4B9E0C0D9:LeaderElection138] INFO  server.RaftServerConfigKeys (ConfUtils.java:logGet(43)) - raft.server.watch.timeout.denomination = 1s (default)
2019-09-26 21:18:59,018 [9ce0b59e-153f-4f41-8aed-492a76d80b48@group-0B4776A2646F:LeaderElection105] INFO  impl.RoleInfo (RoleInfo.java:updateAndGet(143)) - 9ce0b59e-153f-4f41-8aed-492a76d80b48: start LeaderState
2019-09-26 21:18:59,017 [1178c3ae-d0b4-4d44-b144-fe8504cc41ac@group-5EAC8502C8A3:LeaderElection132] INFO  server.RaftServerConfigKeys (ConfUtils.java:logGet(43)) - raft.server.watch.timeout.denomination = 1s (default)
2019-09-26 21:18:59,465 [9ce0b59e-153f-4f41-8aed-492a76d80b48@group-0B4776A2646F:LeaderElection105] INFO  segmented.SegmentedRaftLogWorker (SegmentedRaftLogWorker.java:startLogSegment(380)) - 9ce0b59e-153f-4f41-8aed-492a76d80b48@group-0B4776A2646F-SegmentedRaftLogWorker: Starting segment from index:0
2019-09-26 21:18:59,017 [09112efe-1fad-4539-a04f-c96aef6d2351@group-EC252041ED71:LeaderElection134] INFO  server.RaftServerConfigKeys (ConfUtils.java:logGet(43)) - raft.server.watch.timeout.denomination = 1s (default)
2019-09-26 21:18:59,017 [pool-47-thread-1] INFO  impl.RaftServerImpl (RaftServerImpl.java:<init>(95)) - 09112efe-1fad-4539-a04f-c96aef6d2351: new RaftServerImpl for group-90252941981A:[0c640f50-2bc9-49b6-b785-a27e3116e6ba:192.168.151.99:42361, 9ce0b59e-153f-4f41-8aed-492a76d80b48:192.168.151.99:34156, 09112efe-1fad-4539-a04f-c96aef6d2351:192.168.151.99:45286] with ContainerStateMachine:uninitialized
2019-09-26 21:18:59,017 [9ce0b59e-153f-4f41-8aed-492a76d80b48@group-84D243744114:LeaderElection129] INFO  server.RaftServerConfigKeys (ConfUtils.java:logGet(43)) - raft.server.watch.element-limit = 65536 (default)
2019-09-26 21:18:59,016 [09112efe-1fad-4539-a04f-c96aef6d2351@group-B66033F68487-SegmentedRaftLogWorker] INFO  impl.RaftServerImpl (RaftServerImpl.java:lambda$shutdown$3(251)) - 09112efe-1fad-4539-a04f-c96aef6d2351@group-B66033F68487: shutdown
2019-09-26 21:18:59,016 [9ce0b59e-153f-4f41-8aed-492a76d80b48@group-514A1FBBA56A-SegmentedRaftLogWorker] INFO  impl.RaftServerImpl (RaftServerImpl.java:lambda$shutdown$3(251)) - 9ce0b59e-153f-4f41-8aed-492a76d80b48@group-514A1FBBA56A: shutdown
2019-09-26 21:18:59,015 [0c640f50-2bc9-49b6-b785-a27e3116e6ba@group-8ADE47486BA4-SegmentedRaftLogWorker] INFO  util.JmxRegister (JmxRegister.java:unregister(73)) - Successfully un-registered JMX Bean with object name Ratis:service=RaftServer,group=group-8ADE47486BA4,id=0c640f50-2bc9-49b6-b785-a27e3116e6ba
2019-09-26 21:18:59,009 [09112efe-1fad-4539-a04f-c96aef6d2351@group-F6B9EF0C2D8E-SegmentedRaftLogWorker] INFO  util.JmxRegister (JmxRegister.java:unregister(73)) - Successfully un-registered JMX Bean with object name Ratis:service=RaftServer,group=group-F6B9EF0C2D8E,id=09112efe-1fad-4539-a04f-c96aef6d2351
2019-09-26 21:18:59,009 [0c640f50-2bc9-49b6-b785-a27e3116e6ba@group-9DCEC7BC5751-SegmentedRaftLogWorker] INFO  impl.RaftServerImpl (ServerState.java:close(385)) - 0c640f50-2bc9-49b6-b785-a27e3116e6ba@group-9DCEC7BC5751: closes. applyIndex: -1
2019-09-26 21:18:59,009 [1178c3ae-d0b4-4d44-b144-fe8504cc41ac@group-F9263122AC59:LeaderElection84] INFO  impl.RoleInfo (RoleInfo.java:updateAndGet(143)) - 1178c3ae-d0b4-4d44-b144-fe8504cc41ac: start LeaderState
2019-09-26 21:18:59,008 [grpc-default-executor-2] INFO  impl.RaftServerProxy (RaftServerProxy.java:addNew(89)) - 0c640f50-2bc9-49b6-b785-a27e3116e6ba: addNew group-90252941981A:[0c640f50-2bc9-49b6-b785-a27e3116e6ba:192.168.151.99:42361, 9ce0b59e-153f-4f41-8aed-492a76d80b48:192.168.151.99:34156, 09112efe-1fad-4539-a04f-c96aef6d2351:192.168.151.99:45286] returns group-90252941981A:java.util.concurrent.CompletableFuture@1e7b76c1[Not completed]
2019-09-26 21:18:59,641 [1178c3ae-d0b4-4d44-b144-fe8504cc41ac@group-F9263122AC59:LeaderElection84] INFO  segmented.SegmentedRaftLogWorker (SegmentedRaftLogWorker.java:startLogSegment(380)) - 1178c3ae-d0b4-4d44-b144-fe8504cc41ac@group-F9263122AC59-SegmentedRaftLogWorker: Starting segment from index:0
2019-09-26 21:18:59,641 [0c640f50-2bc9-49b6-b785-a27e3116e6ba@group-9DCEC7BC5751-SegmentedRaftLogWorker] INFO  segmented.SegmentedRaftLogWorker (SegmentedRaftLogWorker.java:close(228)) - 0c640f50-2bc9-49b6-b785-a27e3116e6ba@group-9DCEC7BC5751-SegmentedRaftLogWorker close()
2019-09-26 21:18:59,640 [09112efe-1fad-4539-a04f-c96aef6d2351@group-F6B9EF0C2D8E-SegmentedRaftLogWorker] INFO  impl.RoleInfo (RoleInfo.java:shutdownLeaderState(104)) - 09112efe-1fad-4539-a04f-c96aef6d2351: shutdown LeaderState
2019-09-26 21:18:59,640 [0c640f50-2bc9-49b6-b785-a27e3116e6ba@group-8ADE47486BA4-SegmentedRaftLogWorker] INFO  impl.RoleInfo (RoleInfo.java:shutdownLeaderState(104)) - 0c640f50-2bc9-49b6-b785-a27e3116e6ba: shutdown LeaderState
2019-09-26 21:18:59,640 [1178c3ae-d0b4-4d44-b144-fe8504cc41ac@group-AB347EA75367:LeaderElection108] INFO  impl.RoleInfo (RoleInfo.java:updateAndGet(143)) - 1178c3ae-d0b4-4d44-b144-fe8504cc41ac: start LeaderState
2019-09-26 21:18:59,639 [1178c3ae-d0b4-4d44-b144-fe8504cc41ac@group-6E19F58DAE58-SegmentedRaftLogWorker] ERROR segmented.SegmentedRaftLogWorker (SegmentedRaftLogWorker.java:run(323)) - 1178c3ae-d0b4-4d44-b144-fe8504cc41ac@group-6E19F58DAE58-SegmentedRaftLogWorker hit exception
java.lang.OutOfMemoryError: Direct buffer memory
	at java.nio.Bits.reserveMemory(Bits.java:666)
	at java.nio.DirectByteBuffer.<init>(DirectByteBuffer.java:123)
	at java.nio.ByteBuffer.allocateDirect(ByteBuffer.java:311)
	at org.apache.ratis.server.raftlog.segmented.BufferedWriteChannel.<init>(BufferedWriteChannel.java:41)
	at org.apache.ratis.server.raftlog.segmented.SegmentedRaftLogOutputStream.<init>(SegmentedRaftLogOutputStream.java:72)
	at org.apache.ratis.server.raftlog.segmented.SegmentedRaftLogWorker$StartLogSegment.execute(SegmentedRaftLogWorker.java:566)
	at org.apache.ratis.server.raftlog.segmented.SegmentedRaftLogWorker.run(SegmentedRaftLogWorker.java:289)
	at java.lang.Thread.run(Thread.java:748)
2019-09-26 21:18:59,639 [Thread-808] INFO  impl.FollowerState (FollowerState.java:run(106)) - 9ce0b59e-153f-4f41-8aed-492a76d80b48:group-0F1744F08A48 changes to CANDIDATE, lastRpcTime:5637, electionTimeout:5086ms
2019-09-26 21:18:59,465 [pool-47-thread-1] INFO  server.RaftServerConfigKeys (ConfUtils.java:logGet(43)) - raft.server.rpc.timeout.min = 5s (custom)
2019-09-26 21:18:59,465 [9ce0b59e-153f-4f41-8aed-492a76d80b48@group-0B4776A2646F:LeaderElection105] INFO  impl.RaftServerImpl (ServerState.java:setRaftConf(354)) - 9ce0b59e-153f-4f41-8aed-492a76d80b48@group-0B4776A2646F: set configuration 0: [9ce0b59e-153f-4f41-8aed-492a76d80b48:192.168.151.99:34156], old=null at 0
2019-09-26 21:18:59,465 [09112efe-1fad-4539-a04f-c96aef6d2351@group-EC252041ED71:LeaderElection134] INFO  server.RaftServerConfigKeys (ConfUtils.java:logGet(43)) - raft.server.watch.element-limit = 65536 (default)
2019-09-26 21:18:59,465 [1178c3ae-d0b4-4d44-b144-fe8504cc41ac@group-5EAC8502C8A3:LeaderElection132] INFO  server.RaftServerConfigKeys (ConfUtils.java:logGet(43)) - raft.server.watch.element-limit = 65536 (default)
2019-09-26 21:18:59,464 [9ce0b59e-153f-4f41-8aed-492a76d80b48@group-F4F4B9E0C0D9:LeaderElection138] INFO  server.RaftServerConfigKeys (ConfUtils.java:logGet(43)) - raft.server.watch.element-limit = 65536 (default)
2019-09-26 21:18:59,464 [1178c3ae-d0b4-4d44-b144-fe8504cc41ac@group-1D2C931F4BA5-SegmentedRaftLogWorker] INFO  segmented.SegmentedRaftLogWorker (SegmentedRaftLogWorker.java:close(228)) - 1178c3ae-d0b4-4d44-b144-fe8504cc41ac@group-1D2C931F4BA5-SegmentedRaftLogWorker close()
2019-09-26 21:18:59,464 [9ce0b59e-153f-4f41-8aed-492a76d80b48@group-EFC0D5B99037:LeaderElection144] INFO  impl.RoleInfo (RoleInfo.java:shutdownLeaderElection(134)) - 9ce0b59e-153f-4f41-8aed-492a76d80b48: shutdown LeaderElection
2019-09-26 21:18:59,464 [9ce0b59e-153f-4f41-8aed-492a76d80b48@group-BB7203E823FB:LeaderElection94] INFO  impl.RoleInfo (RoleInfo.java:updateAndGet(143)) - 9ce0b59e-153f-4f41-8aed-492a76d80b48: start LeaderState
2019-09-26 21:18:59,464 [da833d8d-e72a-4068-9560-4daa2d83adc2@group-511FA1580F8F:LeaderElection135] INFO  server.RaftServerConfigKeys (ConfUtils.java:logGet(43)) - raft.server.watch.element-limit = 65536 (default)
2019-09-26 21:18:59,464 [09112efe-1fad-4539-a04f-c96aef6d2351@group-C1CCE81E3AA9:LeaderElection141] INFO  server.RaftServerConfigKeys (ConfUtils.java:logGet(43)) - raft.server.staging.catchup.gap = 1000 (default)
2019-09-26 21:18:59,464 [1178c3ae-d0b4-4d44-b144-fe8504cc41ac@group-F8E1B0E88623:LeaderElection142] INFO  server.RaftServerConfigKeys (ConfUtils.java:logGet(43)) - raft.server.staging.catchup.gap = 1000 (default)
2019-09-26 21:18:59,463 [09112efe-1fad-4539-a04f-c96aef6d2351@group-3320048E059F:LeaderElection143] INFO  server.RaftServerConfigKeys (ConfUtils.java:logGet(43)) - raft.server.staging.catchup.gap = 1000 (default)
2019-09-26 21:18:59,463 [pool-27-thread-1] INFO  server.RaftServerConfigKeys (ConfUtils.java:logGet(43)) - raft.server.rpc.timeout.min = 5s (custom)
2019-09-26 21:18:59,876 [pool-27-thread-1] INFO  server.RaftServerConfigKeys (ConfUtils.java:logGet(43)) - raft.server.rpc.timeout.max = 5200ms (custom)
2019-09-26 21:18:59,463 [1178c3ae-d0b4-4d44-b144-fe8504cc41ac@group-80F23AA760D0-SegmentedRaftLogWorker] INFO  impl.RaftServerImpl (RaftServerImpl.java:lambda$shutdown$3(251)) - 1178c3ae-d0b4-4d44-b144-fe8504cc41ac@group-80F23AA760D0: shutdown
2019-09-26 21:18:59,463 [1178c3ae-d0b4-4d44-b144-fe8504cc41ac@group-2602BE24DDFE-SegmentedRaftLogWorker] INFO  impl.RaftServerImpl (RaftServerImpl.java:lambda$shutdown$3(251)) - 1178c3ae-d0b4-4d44-b144-fe8504cc41ac@group-2602BE24DDFE: shutdown
2019-09-26 21:18:59,462 [9ce0b59e-153f-4f41-8aed-492a76d80b48@group-7E5D61430C6E-SegmentedRaftLogWorker] INFO  impl.RaftServerImpl (RaftServerImpl.java:lambda$shutdown$3(251)) - 9ce0b59e-153f-4f41-8aed-492a76d80b48@group-7E5D61430C6E: shutdown
2019-09-26 21:18:59,439 [pool-57-thread-1] INFO  server.RaftServerConfigKeys (ConfUtils.java:logGet(43)) - raft.server.rpc.timeout.min = 5s (custom)
2019-09-26 21:18:59,439 [0c640f50-2bc9-49b6-b785-a27e3116e6ba@group-6AB8C2908DBE-SegmentedRaftLogWorker] INFO  impl.RoleInfo (RoleInfo.java:shutdownLeaderState(104)) - 0c640f50-2bc9-49b6-b785-a27e3116e6ba: shutdown LeaderState
2019-09-26 21:18:59,438 [9ce0b59e-153f-4f41-8aed-492a76d80b48@group-486ABFFF1652:LeaderElection137] INFO  server.RaftServerConfigKeys (ConfUtils.java:logGet(43)) - raft.server.watch.timeout.denomination = 1s (default)
2019-09-26 21:18:59,438 [0c640f50-2bc9-49b6-b785-a27e3116e6ba@group-FD0854A06F9A:LeaderElection106] INFO  impl.RoleInfo (RoleInfo.java:updateAndGet(143)) - 0c640f50-2bc9-49b6-b785-a27e3116e6ba: start LeaderState
2019-09-26 21:18:59,438 [9ce0b59e-153f-4f41-8aed-492a76d80b48@group-00CF13531264:LeaderElection139] INFO  server.RaftServerConfigKeys (ConfUtils.java:logGet(43)) - raft.server.rpc.sleep.time = 25ms (default)
2019-09-26 21:18:59,877 [0c640f50-2bc9-49b6-b785-a27e3116e6ba@group-FD0854A06F9A:LeaderElection106] INFO  segmented.SegmentedRaftLogWorker (SegmentedRaftLogWorker.java:startLogSegment(380)) - 0c640f50-2bc9-49b6-b785-a27e3116e6ba@group-FD0854A06F9A-SegmentedRaftLogWorker: Starting segment from index:0
2019-09-26 21:18:59,877 [9ce0b59e-153f-4f41-8aed-492a76d80b48@group-486ABFFF1652:LeaderElection137] INFO  server.RaftServerConfigKeys (ConfUtils.java:logGet(43)) - raft.server.watch.element-limit = 65536 (default)
2019-09-26 21:18:59,877 [0c640f50-2bc9-49b6-b785-a27e3116e6ba@group-6AB8C2908DBE-SegmentedRaftLogWorker] INFO  impl.PendingRequests (PendingRequests.java:sendNotLeaderResponses(202)) - 0c640f50-2bc9-49b6-b785-a27e3116e6ba-PendingRequests: sendNotLeaderResponses
2019-09-26 21:18:59,877 [1178c3ae-d0b4-4d44-b144-fe8504cc41ac@group-4DAA356371EA:LeaderElection83] INFO  impl.RoleInfo (RoleInfo.java:updateAndGet(143)) - 1178c3ae-d0b4-4d44-b144-fe8504cc41ac: start LeaderState
2019-09-26 21:18:59,877 [pool-57-thread-1] INFO  server.RaftServerConfigKeys (ConfUtils.java:logGet(43)) - raft.server.rpc.timeout.max = 5200ms (custom)
2019-09-26 21:19:00,095 [1178c3ae-d0b4-4d44-b144-fe8504cc41ac@group-4DAA356371EA:LeaderElection83] INFO  segmented.SegmentedRaftLogWorker (SegmentedRaftLogWorker.java:startLogSegment(380)) - 1178c3ae-d0b4-4d44-b144-fe8504cc41ac@group-4DAA356371EA-SegmentedRaftLogWorker: Starting segment from index:0
2019-09-26 21:18:59,876 [9ce0b59e-153f-4f41-8aed-492a76d80b48@group-514A1FBBA56A-SegmentedRaftLogWorker] INFO  util.JmxRegister (JmxRegister.java:unregister(73)) - Successfully un-registered JMX Bean with object name Ratis:service=RaftServer,group=group-514A1FBBA56A,id=9ce0b59e-153f-4f41-8aed-492a76d80b48
2019-09-26 21:19:00,096 [9ce0b59e-153f-4f41-8aed-492a76d80b48@group-514A1FBBA56A-SegmentedRaftLogWorker] INFO  impl.RoleInfo (RoleInfo.java:shutdownLeaderState(104)) - 9ce0b59e-153f-4f41-8aed-492a76d80b48: shutdown LeaderState
2019-09-26 21:18:59,876 [09112efe-1fad-4539-a04f-c96aef6d2351@group-B66033F68487-SegmentedRaftLogWorker] INFO  util.JmxRegister (JmxRegister.java:unregister(73)) - Successfully un-registered JMX Bean with object name Ratis:service=RaftServer,group=group-B66033F68487,id=09112efe-1fad-4539-a04f-c96aef6d2351
2019-09-26 21:18:59,876 [Thread-808] INFO  impl.RoleInfo (RoleInfo.java:shutdownFollowerState(121)) - 9ce0b59e-153f-4f41-8aed-492a76d80b48: shutdown FollowerState
2019-09-26 21:18:59,876 [pool-27-thread-1] INFO  server.RaftServerConfigKeys (ConfUtils.java:logGet(43)) - raft.server.rpcslowness.timeout = 120s (custom)
2019-09-26 21:18:59,875 [09112efe-1fad-4539-a04f-c96aef6d2351@group-3320048E059F:LeaderElection143] INFO  server.RaftServerConfigKeys (ConfUtils.java:logGet(43)) - raft.server.rpc.sleep.time = 25ms (default)
2019-09-26 21:18:59,875 [1178c3ae-d0b4-4d44-b144-fe8504cc41ac@group-F8E1B0E88623:LeaderElection142] INFO  server.RaftServerConfigKeys (ConfUtils.java:logGet(43)) - raft.server.rpc.sleep.time = 25ms (default)
2019-09-26 21:18:59,875 [09112efe-1fad-4539-a04f-c96aef6d2351@group-C1CCE81E3AA9:LeaderElection141] INFO  server.RaftServerConfigKeys (ConfUtils.java:logGet(43)) - raft.server.rpc.sleep.time = 25ms (default)
2019-09-26 21:18:59,875 [9ce0b59e-153f-4f41-8aed-492a76d80b48@group-BB7203E823FB:LeaderElection94] INFO  segmented.SegmentedRaftLogWorker (SegmentedRaftLogWorker.java:startLogSegment(380)) - 9ce0b59e-153f-4f41-8aed-492a76d80b48@group-BB7203E823FB-SegmentedRaftLogWorker: Starting segment from index:0
2019-09-26 21:18:59,874 [9ce0b59e-153f-4f41-8aed-492a76d80b48@group-EFC0D5B99037:LeaderElection144] INFO  impl.RaftServerImpl (RaftServerImpl.java:setRole(174)) - 9ce0b59e-153f-4f41-8aed-492a76d80b48@group-EFC0D5B99037: changes role from CANDIDATE to LEADER at term 1 for changeToLeader
2019-09-26 21:18:59,863 [9ce0b59e-153f-4f41-8aed-492a76d80b48@group-CB9EA65D9F76:LeaderElection92] INFO  impl.RoleInfo (RoleInfo.java:updateAndGet(143)) - 9ce0b59e-153f-4f41-8aed-492a76d80b48: start LeaderState
2019-09-26 21:18:59,863 [pool-47-thread-1] INFO  server.RaftServerConfigKeys (ConfUtils.java:logGet(43)) - raft.server.rpc.timeout.max = 5200ms (custom)
2019-09-26 21:18:59,863 [1178c3ae-d0b4-4d44-b144-fe8504cc41ac@group-6E19F58DAE58-SegmentedRaftLogWorker] INFO  impl.RaftServerImpl (RaftServerImpl.java:lambda$shutdown$3(251)) - 1178c3ae-d0b4-4d44-b144-fe8504cc41ac@group-6E19F58DAE58: shutdown
2019-09-26 21:18:59,862 [1178c3ae-d0b4-4d44-b144-fe8504cc41ac@group-AB347EA75367:LeaderElection108] INFO  segmented.SegmentedRaftLogWorker (SegmentedRaftLogWorker.java:startLogSegment(380)) - 1178c3ae-d0b4-4d44-b144-fe8504cc41ac@group-AB347EA75367-SegmentedRaftLogWorker: Starting segment from index:0
2019-09-26 21:18:59,847 [1178c3ae-d0b4-4d44-b144-fe8504cc41ac@group-846E52AEA8E9-SegmentedRaftLogWorker] ERROR segmented.SegmentedRaftLogWorker (SegmentedRaftLogWorker.java:run(323)) - 1178c3ae-d0b4-4d44-b144-fe8504cc41ac@group-846E52AEA8E9-SegmentedRaftLogWorker hit exception
java.lang.OutOfMemoryError: Direct buffer memory
	at java.nio.Bits.reserveMemory(Bits.java:666)
	at java.nio.DirectByteBuffer.<init>(DirectByteBuffer.java:123)
	at java.nio.ByteBuffer.allocateDirect(ByteBuffer.java:311)
	at org.apache.ratis.server.raftlog.segmented.BufferedWriteChannel.<init>(BufferedWriteChannel.java:41)
	at org.apache.ratis.server.raftlog.segmented.SegmentedRaftLogOutputStream.<init>(SegmentedRaftLogOutputStream.java:72)
	at org.apache.ratis.server.raftlog.segmented.SegmentedRaftLogWorker$StartLogSegment.execute(SegmentedRaftLogWorker.java:566)
	at org.apache.ratis.server.raftlog.segmented.SegmentedRaftLogWorker.run(SegmentedRaftLogWorker.java:289)
	at java.lang.Thread.run(Thread.java:748)
2019-09-26 21:18:59,647 [1178c3ae-d0b4-4d44-b144-fe8504cc41ac@group-F9263122AC59:LeaderElection84] INFO  impl.RaftServerImpl (ServerState.java:setRaftConf(354)) - 1178c3ae-d0b4-4d44-b144-fe8504cc41ac@group-F9263122AC59: set configuration 0: [1178c3ae-d0b4-4d44-b144-fe8504cc41ac:192.168.151.99:33787], old=null at 0
2019-09-26 21:18:59,647 [0c640f50-2bc9-49b6-b785-a27e3116e6ba@group-8ADE47486BA4-SegmentedRaftLogWorker] INFO  impl.PendingRequests (PendingRequests.java:sendNotLeaderResponses(202)) - 0c640f50-2bc9-49b6-b785-a27e3116e6ba-PendingRequests: sendNotLeaderResponses
2019-09-26 21:18:59,646 [09112efe-1fad-4539-a04f-c96aef6d2351@group-F6B9EF0C2D8E-SegmentedRaftLogWorker] INFO  impl.PendingRequests (PendingRequests.java:sendNotLeaderResponses(202)) - 09112efe-1fad-4539-a04f-c96aef6d2351-PendingRequests: sendNotLeaderResponses
2019-09-26 21:19:00,737 [0c640f50-2bc9-49b6-b785-a27e3116e6ba@group-8ADE47486BA4-SegmentedRaftLogWorker] INFO  impl.StateMachineUpdater (StateMachineUpdater.java:stopAndJoin(125)) - 0c640f50-2bc9-49b6-b785-a27e3116e6ba@group-8ADE47486BA4-StateMachineUpdater: set stopIndex = -1
2019-09-26 21:19:00,737 [1178c3ae-d0b4-4d44-b144-fe8504cc41ac@group-846E52AEA8E9-SegmentedRaftLogWorker] INFO  impl.RaftServerImpl (RaftServerImpl.java:lambda$shutdown$3(251)) - 1178c3ae-d0b4-4d44-b144-fe8504cc41ac@group-846E52AEA8E9: shutdown
2019-09-26 21:19:00,737 [1178c3ae-d0b4-4d44-b144-fe8504cc41ac@group-AB347EA75367:LeaderElection108] INFO  impl.RaftServerImpl (ServerState.java:setRaftConf(354)) - 1178c3ae-d0b4-4d44-b144-fe8504cc41ac@group-AB347EA75367: set configuration 0: [1178c3ae-d0b4-4d44-b144-fe8504cc41ac:192.168.151.99:33787], old=null at 0
2019-09-26 21:19:00,736 [9ce0b59e-153f-4f41-8aed-492a76d80b48@group-7E5D61430C6E-SegmentedRaftLogWorker] INFO  util.JmxRegister (JmxRegister.java:unregister(73)) - Successfully un-registered JMX Bean with object name Ratis:service=RaftServer,group=group-7E5D61430C6E,id=9ce0b59e-153f-4f41-8aed-492a76d80b48
2019-09-26 21:19:00,503 [1178c3ae-d0b4-4d44-b144-fe8504cc41ac@group-2602BE24DDFE-SegmentedRaftLogWorker] INFO  util.JmxRegister (JmxRegister.java:unregister(73)) - Successfully un-registered JMX Bean with object name Ratis:service=RaftServer,group=group-2602BE24DDFE,id=1178c3ae-d0b4-4d44-b144-fe8504cc41ac
2019-09-26 21:19:00,738 [1178c3ae-d0b4-4d44-b144-fe8504cc41ac@group-2602BE24DDFE-SegmentedRaftLogWorker] INFO  impl.RoleInfo (RoleInfo.java:shutdownLeaderState(104)) - 1178c3ae-d0b4-4d44-b144-fe8504cc41ac: shutdown LeaderState
2019-09-26 21:19:00,502 [1178c3ae-d0b4-4d44-b144-fe8504cc41ac@group-80F23AA760D0-SegmentedRaftLogWorker] INFO  util.JmxRegister (JmxRegister.java:unregister(73)) - Successfully un-registered JMX Bean with object name Ratis:service=RaftServer,group=group-80F23AA760D0,id=1178c3ae-d0b4-4d44-b144-fe8504cc41ac
2019-09-26 21:19:00,502 [9ce0b59e-153f-4f41-8aed-492a76d80b48@group-CB9EA65D9F76:LeaderElection92] INFO  segmented.SegmentedRaftLogWorker (SegmentedRaftLogWorker.java:startLogSegment(380)) - 9ce0b59e-153f-4f41-8aed-492a76d80b48@group-CB9EA65D9F76-SegmentedRaftLogWorker: Starting segment from index:0
2019-09-26 21:19:00,502 [pool-47-thread-1] INFO  server.RaftServerConfigKeys (ConfUtils.java:logGet(43)) - raft.server.rpcslowness.timeout = 120s (custom)
2019-09-26 21:19:00,501 [09112efe-1fad-4539-a04f-c96aef6d2351@group-B01EA420B1EB-SegmentedRaftLogWorker] ERROR segmented.SegmentedRaftLogWorker (SegmentedRaftLogWorker.java:run(323)) - 09112efe-1fad-4539-a04f-c96aef6d2351@group-B01EA420B1EB-SegmentedRaftLogWorker hit exception
java.lang.OutOfMemoryError: Direct buffer memory
	at java.nio.Bits.reserveMemory(Bits.java:666)
	at java.nio.DirectByteBuffer.<init>(DirectByteBuffer.java:123)
	at java.nio.ByteBuffer.allocateDirect(ByteBuffer.java:311)
	at org.apache.ratis.server.raftlog.segmented.BufferedWriteChannel.<init>(BufferedWriteChannel.java:41)
	at org.apache.ratis.server.raftlog.segmented.SegmentedRaftLogOutputStream.<init>(SegmentedRaftLogOutputStream.java:72)
	at org.apache.ratis.server.raftlog.segmented.SegmentedRaftLogWorker$StartLogSegment.execute(SegmentedRaftLogWorker.java:566)
	at org.apache.ratis.server.raftlog.segmented.SegmentedRaftLogWorker.run(SegmentedRaftLogWorker.java:289)
	at java.lang.Thread.run(Thread.java:748)
2019-09-26 21:19:00,996 [09112efe-1fad-4539-a04f-c96aef6d2351@group-B01EA420B1EB-SegmentedRaftLogWorker] INFO  impl.RaftServerImpl (RaftServerImpl.java:lambda$shutdown$3(251)) - 09112efe-1fad-4539-a04f-c96aef6d2351@group-B01EA420B1EB: shutdown
2019-09-26 21:19:00,297 [9ce0b59e-153f-4f41-8aed-492a76d80b48@group-BB7203E823FB:LeaderElection94] INFO  impl.RaftServerImpl (ServerState.java:setRaftConf(354)) - 9ce0b59e-153f-4f41-8aed-492a76d80b48@group-BB7203E823FB: set configuration 0: [9ce0b59e-153f-4f41-8aed-492a76d80b48:192.168.151.99:34156], old=null at 0
2019-09-26 21:19:00,297 [9ce0b59e-153f-4f41-8aed-492a76d80b48@group-EFC0D5B99037:LeaderElection144] INFO  impl.RaftServerImpl (ServerState.java:setLeader(253)) - 9ce0b59e-153f-4f41-8aed-492a76d80b48@group-EFC0D5B99037: change Leader from null to 9ce0b59e-153f-4f41-8aed-492a76d80b48 at term 1 for becomeLeader, leader elected after 13484ms
2019-09-26 21:19:00,297 [09112efe-1fad-4539-a04f-c96aef6d2351@group-C1CCE81E3AA9:LeaderElection141] INFO  server.RaftServerConfigKeys (ConfUtils.java:logGet(43)) - raft.server.write.element-limit = 4096 (default)
2019-09-26 21:19:00,296 [1178c3ae-d0b4-4d44-b144-fe8504cc41ac@group-F8E1B0E88623:LeaderElection142] INFO  server.RaftServerConfigKeys (ConfUtils.java:logGet(43)) - raft.server.write.element-limit = 4096 (default)
2019-09-26 21:19:00,296 [09112efe-1fad-4539-a04f-c96aef6d2351@group-3320048E059F:LeaderElection143] INFO  server.RaftServerConfigKeys (ConfUtils.java:logGet(43)) - raft.server.write.element-limit = 4096 (default)
2019-09-26 21:19:00,997 [09112efe-1fad-4539-a04f-c96aef6d2351@group-3320048E059F:LeaderElection143] INFO  server.RaftServerConfigKeys (ConfUtils.java:logGet(43)) - raft.server.watch.timeout = 10s (default)
2019-09-26 21:19:00,296 [9ce0b59e-153f-4f41-8aed-492a76d80b48@group-77990DBFA164:LeaderElection100] INFO  impl.RoleInfo (RoleInfo.java:updateAndGet(143)) - 9ce0b59e-153f-4f41-8aed-492a76d80b48: start LeaderState
2019-09-26 21:19:00,296 [pool-27-thread-1] INFO  server.RaftServerConfigKeys (ConfUtils.java:logGet(43)) - raft.server.sleep.deviation.threshold = 300 (default)
2019-09-26 21:19:00,998 [9ce0b59e-153f-4f41-8aed-492a76d80b48@group-77990DBFA164:LeaderElection100] INFO  segmented.SegmentedRaftLogWorker (SegmentedRaftLogWorker.java:startLogSegment(380)) - 9ce0b59e-153f-4f41-8aed-492a76d80b48@group-77990DBFA164-SegmentedRaftLogWorker: Starting segment from index:0
2019-09-26 21:19:00,296 [Thread-808] INFO  impl.RaftServerImpl (RaftServerImpl.java:setRole(174)) - 9ce0b59e-153f-4f41-8aed-492a76d80b48@group-0F1744F08A48: changes role from  FOLLOWER to CANDIDATE at term 0 for changeToCandidate
2019-09-26 21:19:00,296 [09112efe-1fad-4539-a04f-c96aef6d2351@group-B66033F68487-SegmentedRaftLogWorker] INFO  impl.RoleInfo (RoleInfo.java:shutdownLeaderState(104)) - 09112efe-1fad-4539-a04f-c96aef6d2351: shutdown LeaderState
2019-09-26 21:19:00,295 [9ce0b59e-153f-4f41-8aed-492a76d80b48@group-514A1FBBA56A-SegmentedRaftLogWorker] INFO  impl.PendingRequests (PendingRequests.java:sendNotLeaderResponses(202)) - 9ce0b59e-153f-4f41-8aed-492a76d80b48-PendingRequests: sendNotLeaderResponses
2019-09-26 21:19:00,295 [1178c3ae-d0b4-4d44-b144-fe8504cc41ac@group-4DAA356371EA:LeaderElection83] INFO  impl.RaftServerImpl (ServerState.java:setRaftConf(354)) - 1178c3ae-d0b4-4d44-b144-fe8504cc41ac@group-4DAA356371EA: set configuration 0: [1178c3ae-d0b4-4d44-b144-fe8504cc41ac:192.168.151.99:33787], old=null at 0
2019-09-26 21:19:00,095 [pool-57-thread-1] INFO  server.RaftServerConfigKeys (ConfUtils.java:logGet(43)) - raft.server.rpcslowness.timeout = 120s (custom)
2019-09-26 21:19:00,095 [0c640f50-2bc9-49b6-b785-a27e3116e6ba@group-6AB8C2908DBE-SegmentedRaftLogWorker] INFO  impl.StateMachineUpdater (StateMachineUpdater.java:stopAndJoin(125)) - 0c640f50-2bc9-49b6-b785-a27e3116e6ba@group-6AB8C2908DBE-StateMachineUpdater: set stopIndex = -1
2019-09-26 21:19:01,218 [0c640f50-2bc9-49b6-b785-a27e3116e6ba@group-6AB8C2908DBE-SegmentedRaftLogWorker] INFO  impl.RaftServerImpl (ServerState.java:close(385)) - 0c640f50-2bc9-49b6-b785-a27e3116e6ba@group-6AB8C2908DBE: closes. applyIndex: -1
2019-09-26 21:18:59,878 [0c640f50-2bc9-49b6-b785-a27e3116e6ba@group-FD0854A06F9A:LeaderElection106] INFO  impl.RaftServerImpl (ServerState.java:setRaftConf(354)) - 0c640f50-2bc9-49b6-b785-a27e3116e6ba@group-FD0854A06F9A: set configuration 0: [0c640f50-2bc9-49b6-b785-a27e3116e6ba:192.168.151.99:42361], old=null at 0
2019-09-26 21:19:00,094 [0c640f50-2bc9-49b6-b785-a27e3116e6ba@group-CD486E0DF44D-SegmentedRaftLogWorker] ERROR segmented.SegmentedRaftLogWorker (SegmentedRaftLogWorker.java:run(323)) - 0c640f50-2bc9-49b6-b785-a27e3116e6ba@group-CD486E0DF44D-SegmentedRaftLogWorker hit exception
java.lang.OutOfMemoryError: Direct buffer memory
	at java.nio.Bits.reserveMemory(Bits.java:666)
	at java.nio.DirectByteBuffer.<init>(DirectByteBuffer.java:123)
	at java.nio.ByteBuffer.allocateDirect(ByteBuffer.java:311)
	at org.apache.ratis.server.raftlog.segmented.BufferedWriteChannel.<init>(BufferedWriteChannel.java:41)
	at org.apache.ratis.server.raftlog.segmented.SegmentedRaftLogOutputStream.<init>(SegmentedRaftLogOutputStream.java:72)
	at org.apache.ratis.server.raftlog.segmented.SegmentedRaftLogWorker$StartLogSegment.execute(SegmentedRaftLogWorker.java:566)
	at org.apache.ratis.server.raftlog.segmented.SegmentedRaftLogWorker.run(SegmentedRaftLogWorker.java:289)
	at java.lang.Thread.run(Thread.java:748)
2019-09-26 21:18:59,877 [9ce0b59e-153f-4f41-8aed-492a76d80b48@group-00CF13531264:LeaderElection139] INFO  server.RaftServerConfigKeys (ConfUtils.java:logGet(43)) - raft.server.write.element-limit = 4096 (default)
2019-09-26 21:19:01,219 [1178c3ae-d0b4-4d44-b144-fe8504cc41ac@group-9D69517A24DC:LeaderElection71] INFO  impl.RoleInfo (RoleInfo.java:updateAndGet(143)) - 1178c3ae-d0b4-4d44-b144-fe8504cc41ac: start LeaderState
2019-09-26 21:19:01,219 [0c640f50-2bc9-49b6-b785-a27e3116e6ba@group-CD486E0DF44D-SegmentedRaftLogWorker] INFO  impl.RaftServerImpl (RaftServerImpl.java:lambda$shutdown$3(251)) - 0c640f50-2bc9-49b6-b785-a27e3116e6ba@group-CD486E0DF44D: shutdown
2019-09-26 21:19:01,219 [0c640f50-2bc9-49b6-b785-a27e3116e6ba@group-6AB8C2908DBE-SegmentedRaftLogWorker] INFO  segmented.SegmentedRaftLogWorker (SegmentedRaftLogWorker.java:close(228)) - 0c640f50-2bc9-49b6-b785-a27e3116e6ba@group-6AB8C2908DBE-SegmentedRaftLogWorker close()
2019-09-26 21:19:01,218 [pool-57-thread-1] INFO  server.RaftServerConfigKeys (ConfUtils.java:logGet(43)) - raft.server.sleep.deviation.threshold = 300 (default)
2019-09-26 21:19:01,218 [9ce0b59e-153f-4f41-8aed-492a76d80b48@group-514A1FBBA56A-SegmentedRaftLogWorker] INFO  impl.StateMachineUpdater (StateMachineUpdater.java:stopAndJoin(125)) - 9ce0b59e-153f-4f41-8aed-492a76d80b48@group-514A1FBBA56A-StateMachineUpdater: set stopIndex = -1
2019-09-26 21:19:01,218 [1178c3ae-d0b4-4d44-b144-fe8504cc41ac@group-846E52AEA8E9-SegmentedRaftLogWorker] INFO  util.JmxRegister (JmxRegister.java:unregister(73)) - Successfully un-registered JMX Bean with object name Ratis:service=RaftServer,group=group-846E52AEA8E9,id=1178c3ae-d0b4-4d44-b144-fe8504cc41ac
2019-09-26 21:19:01,218 [09112efe-1fad-4539-a04f-c96aef6d2351@group-B66033F68487-SegmentedRaftLogWorker] INFO  impl.PendingRequests (PendingRequests.java:sendNotLeaderResponses(202)) - 09112efe-1fad-4539-a04f-c96aef6d2351-PendingRequests: sendNotLeaderResponses
2019-09-26 21:19:01,214 [9ce0b59e-153f-4f41-8aed-492a76d80b48@group-77990DBFA164:LeaderElection100] INFO  impl.RaftServerImpl (ServerState.java:setRaftConf(354)) - 9ce0b59e-153f-4f41-8aed-492a76d80b48@group-77990DBFA164: set configuration 0: [9ce0b59e-153f-4f41-8aed-492a76d80b48:192.168.151.99:34156], old=null at 0
2019-09-26 21:19:00,998 [Thread-808] INFO  impl.RoleInfo (RoleInfo.java:updateAndGet(143)) - 9ce0b59e-153f-4f41-8aed-492a76d80b48: start LeaderElection
2019-09-26 21:19:00,998 [pool-27-thread-1] INFO  server.RaftServerConfigKeys (ConfUtils.java:logGet(43)) - raft.server.log.appender.install.snapshot.enabled = false (custom)
2019-09-26 21:19:00,997 [09112efe-1fad-4539-a04f-c96aef6d2351@group-3320048E059F:LeaderElection143] INFO  server.RaftServerConfigKeys (ConfUtils.java:logGet(43)) - raft.server.watch.timeout.denomination = 1s (default)
2019-09-26 21:19:00,997 [1178c3ae-d0b4-4d44-b144-fe8504cc41ac@group-F8E1B0E88623:LeaderElection142] INFO  server.RaftServerConfigKeys (ConfUtils.java:logGet(43)) - raft.server.watch.timeout = 10s (default)
2019-09-26 21:19:00,997 [09112efe-1fad-4539-a04f-c96aef6d2351@group-C7705DB74AE6:LeaderElection77] INFO  impl.RoleInfo (RoleInfo.java:updateAndGet(143)) - 09112efe-1fad-4539-a04f-c96aef6d2351: start LeaderState
2019-09-26 21:19:00,997 [09112efe-1fad-4539-a04f-c96aef6d2351@group-C1CCE81E3AA9:LeaderElection141] INFO  server.RaftServerConfigKeys (ConfUtils.java:logGet(43)) - raft.server.watch.timeout = 10s (default)
2019-09-26 21:19:00,997 [9ce0b59e-153f-4f41-8aed-492a76d80b48@group-EFC0D5B99037:LeaderElection144] INFO  server.RaftServerConfigKeys (ConfUtils.java:logGet(43)) - raft.server.staging.catchup.gap = 1000 (default)
2019-09-26 21:19:00,997 [1178c3ae-d0b4-4d44-b144-fe8504cc41ac@group-6E19F58DAE58-SegmentedRaftLogWorker] INFO  util.JmxRegister (JmxRegister.java:unregister(73)) - Successfully un-registered JMX Bean with object name Ratis:service=RaftServer,group=group-6E19F58DAE58,id=1178c3ae-d0b4-4d44-b144-fe8504cc41ac
2019-09-26 21:19:00,996 [9ce0b59e-153f-4f41-8aed-492a76d80b48@group-CB9EA65D9F76:LeaderElection92] INFO  impl.RaftServerImpl (ServerState.java:setRaftConf(354)) - 9ce0b59e-153f-4f41-8aed-492a76d80b48@group-CB9EA65D9F76: set configuration 0: [9ce0b59e-153f-4f41-8aed-492a76d80b48:192.168.151.99:34156], old=null at 0
2019-09-26 21:19:00,996 [09112efe-1fad-4539-a04f-c96aef6d2351@group-9A61D6C314A9-SegmentedRaftLogWorker] ERROR segmented.SegmentedRaftLogWorker (SegmentedRaftLogWorker.java:run(323)) - 09112efe-1fad-4539-a04f-c96aef6d2351@group-9A61D6C314A9-SegmentedRaftLogWorker hit exception
java.lang.OutOfMemoryError: Direct buffer memory
	at java.nio.Bits.reserveMemory(Bits.java:666)
	at java.nio.DirectByteBuffer.<init>(DirectByteBuffer.java:123)
	at java.nio.ByteBuffer.allocateDirect(ByteBuffer.java:311)
	at org.apache.ratis.server.raftlog.segmented.BufferedWriteChannel.<init>(BufferedWriteChannel.java:41)
	at org.apache.ratis.server.raftlog.segmented.SegmentedRaftLogOutputStream.<init>(SegmentedRaftLogOutputStream.java:72)
	at org.apache.ratis.server.raftlog.segmented.SegmentedRaftLogWorker$StartLogSegment.execute(SegmentedRaftLogWorker.java:566)
	at org.apache.ratis.server.raftlog.segmented.SegmentedRaftLogWorker.run(SegmentedRaftLogWorker.java:289)
	at java.lang.Thread.run(Thread.java:748)
2019-09-26 21:19:00,996 [9ce0b59e-153f-4f41-8aed-492a76d80b48@group-0B4776A2646F-SegmentedRaftLogWorker] ERROR segmented.SegmentedRaftLogWorker (SegmentedRaftLogWorker.java:run(323)) - 9ce0b59e-153f-4f41-8aed-492a76d80b48@group-0B4776A2646F-SegmentedRaftLogWorker hit exception
java.lang.OutOfMemoryError: Direct buffer memory
	at java.nio.Bits.reserveMemory(Bits.java:666)
	at java.nio.DirectByteBuffer.<init>(DirectByteBuffer.java:123)
	at java.nio.ByteBuffer.allocateDirect(ByteBuffer.java:311)
	at org.apache.ratis.server.raftlog.segmented.BufferedWriteChannel.<init>(BufferedWriteChannel.java:41)
	at org.apache.ratis.server.raftlog.segmented.SegmentedRaftLogOutputStream.<init>(SegmentedRaftLogOutputStream.java:72)
	at org.apache.ratis.server.raftlog.segmented.SegmentedRaftLogWorker$StartLogSegment.execute(SegmentedRaftLogWorker.java:566)
	at org.apache.ratis.server.raftlog.segmented.SegmentedRaftLogWorker.run(SegmentedRaftLogWorker.java:289)
	at java.lang.Thread.run(Thread.java:748)
2019-09-26 21:19:00,996 [9ce0b59e-153f-4f41-8aed-492a76d80b48@group-8DE4ADB9E026-SegmentedRaftLogWorker] ERROR segmented.SegmentedRaftLogWorker (SegmentedRaftLogWorker.java:run(323)) - 9ce0b59e-153f-4f41-8aed-492a76d80b48@group-8DE4ADB9E026-SegmentedRaftLogWorker hit exception
java.lang.OutOfMemoryError: Direct buffer memory
	at java.nio.Bits.reserveMemory(Bits.java:666)
	at java.nio.DirectByteBuffer.<init>(DirectByteBuffer.java:123)
	at java.nio.ByteBuffer.allocateDirect(ByteBuffer.java:311)
	at org.apache.ratis.server.raftlog.segmented.BufferedWriteChannel.<init>(BufferedWriteChannel.java:41)
	at org.apache.ratis.server.raftlog.segmented.SegmentedRaftLogOutputStream.<init>(SegmentedRaftLogOutputStream.java:72)
	at org.apache.ratis.server.raftlog.segmented.SegmentedRaftLogWorker$StartLogSegment.execute(SegmentedRaftLogWorker.java:566)
	at org.apache.ratis.server.raftlog.segmented.SegmentedRaftLogWorker.run(SegmentedRaftLogWorker.java:289)
	at java.lang.Thread.run(Thread.java:748)
2019-09-26 21:19:00,991 [1178c3ae-d0b4-4d44-b144-fe8504cc41ac@group-F9263122AC59-SegmentedRaftLogWorker] ERROR segmented.SegmentedRaftLogWorker (SegmentedRaftLogWorker.java:run(323)) - 1178c3ae-d0b4-4d44-b144-fe8504cc41ac@group-F9263122AC59-SegmentedRaftLogWorker hit exception
java.lang.OutOfMemoryError: Direct buffer memory
	at java.nio.Bits.reserveMemory(Bits.java:666)
	at java.nio.DirectByteBuffer.<init>(DirectByteBuffer.java:123)
	at java.nio.ByteBuffer.allocateDirect(ByteBuffer.java:311)
	at org.apache.ratis.server.raftlog.segmented.BufferedWriteChannel.<init>(BufferedWriteChannel.java:41)
	at org.apache.ratis.server.raftlog.segmented.SegmentedRaftLogOutputStream.<init>(SegmentedRaftLogOutputStream.java:72)
	at org.apache.ratis.server.raftlog.segmented.SegmentedRaftLogWorker$StartLogSegment.execute(SegmentedRaftLogWorker.java:566)
	at org.apache.ratis.server.raftlog.segmented.SegmentedRaftLogWorker.run(SegmentedRaftLogWorker.java:289)
	at java.lang.Thread.run(Thread.java:748)
2019-09-26 21:19:00,739 [pool-47-thread-1] INFO  server.RaftServerConfigKeys (ConfUtils.java:logGet(43)) - raft.server.sleep.deviation.threshold = 300 (default)
2019-09-26 21:19:00,739 [1178c3ae-d0b4-4d44-b144-fe8504cc41ac@group-80F23AA760D0-SegmentedRaftLogWorker] INFO  impl.RoleInfo (RoleInfo.java:shutdownLeaderState(104)) - 1178c3ae-d0b4-4d44-b144-fe8504cc41ac: shutdown LeaderState
2019-09-26 21:19:00,739 [1178c3ae-d0b4-4d44-b144-fe8504cc41ac@group-2602BE24DDFE-SegmentedRaftLogWorker] INFO  impl.PendingRequests (PendingRequests.java:sendNotLeaderResponses(202)) - 1178c3ae-d0b4-4d44-b144-fe8504cc41ac-PendingRequests: sendNotLeaderResponses
2019-09-26 21:19:00,738 [9ce0b59e-153f-4f41-8aed-492a76d80b48@group-7E5D61430C6E-SegmentedRaftLogWorker] INFO  impl.RoleInfo (RoleInfo.java:shutdownLeaderState(104)) - 9ce0b59e-153f-4f41-8aed-492a76d80b48: shutdown LeaderState
2019-09-26 21:19:00,738 [0c640f50-2bc9-49b6-b785-a27e3116e6ba@group-8ADE47486BA4-SegmentedRaftLogWorker] INFO  impl.RaftServerImpl (ServerState.java:close(385)) - 0c640f50-2bc9-49b6-b785-a27e3116e6ba@group-8ADE47486BA4: closes. applyIndex: -1
2019-09-26 21:19:00,738 [09112efe-1fad-4539-a04f-c96aef6d2351@group-F6B9EF0C2D8E-SegmentedRaftLogWorker] INFO  impl.StateMachineUpdater (StateMachineUpdater.java:stopAndJoin(125)) - 09112efe-1fad-4539-a04f-c96aef6d2351@group-F6B9EF0C2D8E-StateMachineUpdater: set stopIndex = -1
2019-09-26 21:19:01,231 [9ce0b59e-153f-4f41-8aed-492a76d80b48@group-7E5D61430C6E-SegmentedRaftLogWorker] INFO  impl.PendingRequests (PendingRequests.java:sendNotLeaderResponses(202)) - 9ce0b59e-153f-4f41-8aed-492a76d80b48-PendingRequests: sendNotLeaderResponses
2019-09-26 21:19:01,231 [1178c3ae-d0b4-4d44-b144-fe8504cc41ac@group-2602BE24DDFE-SegmentedRaftLogWorker] INFO  impl.StateMachineUpdater (StateMachineUpdater.java:stopAndJoin(125)) - 1178c3ae-d0b4-4d44-b144-fe8504cc41ac@group-2602BE24DDFE-StateMachineUpdater: set stopIndex = -1
2019-09-26 21:19:01,230 [1178c3ae-d0b4-4d44-b144-fe8504cc41ac@group-80F23AA760D0-SegmentedRaftLogWorker] INFO  impl.PendingRequests (PendingRequests.java:sendNotLeaderResponses(202)) - 1178c3ae-d0b4-4d44-b144-fe8504cc41ac-PendingRequests: sendNotLeaderResponses
2019-09-26 21:19:01,230 [pool-47-thread-1] INFO  server.RaftServerConfigKeys (ConfUtils.java:logGet(43)) - raft.server.log.appender.install.snapshot.enabled = false (custom)
2019-09-26 21:19:01,230 [1178c3ae-d0b4-4d44-b144-fe8504cc41ac@group-F9263122AC59-SegmentedRaftLogWorker] INFO  impl.RaftServerImpl (RaftServerImpl.java:lambda$shutdown$3(251)) - 1178c3ae-d0b4-4d44-b144-fe8504cc41ac@group-F9263122AC59: shutdown
2019-09-26 21:19:01,230 [da833d8d-e72a-4068-9560-4daa2d83adc2@group-670F9015DEC2:LeaderElection79] INFO  impl.RoleInfo (RoleInfo.java:updateAndGet(143)) - da833d8d-e72a-4068-9560-4daa2d83adc2: start LeaderState
2019-09-26 21:19:01,230 [9ce0b59e-153f-4f41-8aed-492a76d80b48@group-8DE4ADB9E026-SegmentedRaftLogWorker] INFO  impl.RaftServerImpl (RaftServerImpl.java:lambda$shutdown$3(251)) - 9ce0b59e-153f-4f41-8aed-492a76d80b48@group-8DE4ADB9E026: shutdown
2019-09-26 21:19:01,232 [da833d8d-e72a-4068-9560-4daa2d83adc2@group-670F9015DEC2:LeaderElection79] INFO  segmented.SegmentedRaftLogWorker (SegmentedRaftLogWorker.java:startLogSegment(380)) - da833d8d-e72a-4068-9560-4daa2d83adc2@group-670F9015DEC2-SegmentedRaftLogWorker: Starting segment from index:0
2019-09-26 21:19:01,230 [0c640f50-2bc9-49b6-b785-a27e3116e6ba@group-CD486E0DF44D-SegmentedRaftLogWorker] INFO  util.JmxRegister (JmxRegister.java:unregister(73)) - Successfully un-registered JMX Bean with object name Ratis:service=RaftServer,group=group-CD486E0DF44D,id=0c640f50-2bc9-49b6-b785-a27e3116e6ba
2019-09-26 21:19:01,229 [9ce0b59e-153f-4f41-8aed-492a76d80b48@group-0B4776A2646F-SegmentedRaftLogWorker] INFO  impl.RaftServerImpl (RaftServerImpl.java:lambda$shutdown$3(251)) - 9ce0b59e-153f-4f41-8aed-492a76d80b48@group-0B4776A2646F: shutdown
2019-09-26 21:19:01,229 [09112efe-1fad-4539-a04f-c96aef6d2351@group-9A61D6C314A9-SegmentedRaftLogWorker] INFO  impl.RaftServerImpl (RaftServerImpl.java:lambda$shutdown$3(251)) - 09112efe-1fad-4539-a04f-c96aef6d2351@group-9A61D6C314A9: shutdown
2019-09-26 21:19:01,229 [1178c3ae-d0b4-4d44-b144-fe8504cc41ac@group-6E19F58DAE58-SegmentedRaftLogWorker] INFO  impl.RoleInfo (RoleInfo.java:shutdownLeaderState(104)) - 1178c3ae-d0b4-4d44-b144-fe8504cc41ac: shutdown LeaderState
2019-09-26 21:19:01,228 [9ce0b59e-153f-4f41-8aed-492a76d80b48@group-EFC0D5B99037:LeaderElection144] INFO  server.RaftServerConfigKeys (ConfUtils.java:logGet(43)) - raft.server.rpc.sleep.time = 25ms (default)
2019-09-26 21:19:01,228 [09112efe-1fad-4539-a04f-c96aef6d2351@group-C1CCE81E3AA9:LeaderElection141] INFO  server.RaftServerConfigKeys (ConfUtils.java:logGet(43)) - raft.server.watch.timeout.denomination = 1s (default)
2019-09-26 21:19:01,228 [09112efe-1fad-4539-a04f-c96aef6d2351@group-C7705DB74AE6:LeaderElection77] INFO  segmented.SegmentedRaftLogWorker (SegmentedRaftLogWorker.java:startLogSegment(380)) - 09112efe-1fad-4539-a04f-c96aef6d2351@group-C7705DB74AE6-SegmentedRaftLogWorker: Starting segment from index:0
2019-09-26 21:19:01,228 [1178c3ae-d0b4-4d44-b144-fe8504cc41ac@group-F8E1B0E88623:LeaderElection142] INFO  server.RaftServerConfigKeys (ConfUtils.java:logGet(43)) - raft.server.watch.timeout.denomination = 1s (default)
2019-09-26 21:19:01,471 [1178c3ae-d0b4-4d44-b144-fe8504cc41ac@group-F8E1B0E88623:LeaderElection142] INFO  server.RaftServerConfigKeys (ConfUtils.java:logGet(43)) - raft.server.watch.element-limit = 65536 (default)
2019-09-26 21:19:01,228 [09112efe-1fad-4539-a04f-c96aef6d2351@group-3320048E059F:LeaderElection143] INFO  server.RaftServerConfigKeys (ConfUtils.java:logGet(43)) - raft.server.watch.element-limit = 65536 (default)
2019-09-26 21:19:01,228 [09112efe-1fad-4539-a04f-c96aef6d2351@group-B70CCCEBCAE4:LeaderElection81] INFO  impl.RoleInfo (RoleInfo.java:updateAndGet(143)) - 09112efe-1fad-4539-a04f-c96aef6d2351: start LeaderState
2019-09-26 21:19:01,228 [pool-27-thread-1] INFO  impl.RaftServerImpl (ServerState.java:<init>(103)) - 9ce0b59e-153f-4f41-8aed-492a76d80b48@group-90252941981A: ConfigurationManager, init=-1: [0c640f50-2bc9-49b6-b785-a27e3116e6ba:192.168.151.99:42361, 9ce0b59e-153f-4f41-8aed-492a76d80b48:192.168.151.99:34156, 09112efe-1fad-4539-a04f-c96aef6d2351:192.168.151.99:45286], old=null, confs=<EMPTY_MAP>
2019-09-26 21:19:01,227 [09112efe-1fad-4539-a04f-c96aef6d2351@group-B66033F68487-SegmentedRaftLogWorker] INFO  impl.StateMachineUpdater (StateMachineUpdater.java:stopAndJoin(125)) - 09112efe-1fad-4539-a04f-c96aef6d2351@group-B66033F68487-StateMachineUpdater: set stopIndex = -1
2019-09-26 21:19:01,705 [09112efe-1fad-4539-a04f-c96aef6d2351@group-B70CCCEBCAE4:LeaderElection81] INFO  segmented.SegmentedRaftLogWorker (SegmentedRaftLogWorker.java:startLogSegment(380)) - 09112efe-1fad-4539-a04f-c96aef6d2351@group-B70CCCEBCAE4-SegmentedRaftLogWorker: Starting segment from index:0
2019-09-26 21:19:01,227 [1178c3ae-d0b4-4d44-b144-fe8504cc41ac@group-846E52AEA8E9-SegmentedRaftLogWorker] INFO  impl.RoleInfo (RoleInfo.java:shutdownLeaderState(104)) - 1178c3ae-d0b4-4d44-b144-fe8504cc41ac: shutdown LeaderState
2019-09-26 21:19:01,227 [09112efe-1fad-4539-a04f-c96aef6d2351@group-B01EA420B1EB-SegmentedRaftLogWorker] INFO  util.JmxRegister (JmxRegister.java:unregister(73)) - Successfully un-registered JMX Bean with object name Ratis:service=RaftServer,group=group-B01EA420B1EB,id=09112efe-1fad-4539-a04f-c96aef6d2351
2019-09-26 21:19:01,706 [1178c3ae-d0b4-4d44-b144-fe8504cc41ac@group-846E52AEA8E9-SegmentedRaftLogWorker] INFO  impl.PendingRequests (PendingRequests.java:sendNotLeaderResponses(202)) - 1178c3ae-d0b4-4d44-b144-fe8504cc41ac-PendingRequests: sendNotLeaderResponses
2019-09-26 21:19:01,928 [09112efe-1fad-4539-a04f-c96aef6d2351@group-B70CCCEBCAE4:LeaderElection81] INFO  impl.RaftServerImpl (ServerState.java:setRaftConf(354)) - 09112efe-1fad-4539-a04f-c96aef6d2351@group-B70CCCEBCAE4: set configuration 0: [09112efe-1fad-4539-a04f-c96aef6d2351:192.168.151.99:45286], old=null at 0
2019-09-26 21:19:01,227 [9ce0b59e-153f-4f41-8aed-492a76d80b48@group-514A1FBBA56A-SegmentedRaftLogWorker] INFO  impl.RaftServerImpl (ServerState.java:close(385)) - 9ce0b59e-153f-4f41-8aed-492a76d80b48@group-514A1FBBA56A: closes. applyIndex: -1
2019-09-26 21:19:01,227 [pool-57-thread-1] INFO  server.RaftServerConfigKeys (ConfUtils.java:logGet(43)) - raft.server.log.appender.install.snapshot.enabled = false (custom)
2019-09-26 21:19:01,220 [1178c3ae-d0b4-4d44-b144-fe8504cc41ac@group-9D69517A24DC:LeaderElection71] INFO  segmented.SegmentedRaftLogWorker (SegmentedRaftLogWorker.java:startLogSegment(380)) - 1178c3ae-d0b4-4d44-b144-fe8504cc41ac@group-9D69517A24DC-SegmentedRaftLogWorker: Starting segment from index:0
2019-09-26 21:19:01,929 [9ce0b59e-153f-4f41-8aed-492a76d80b48@group-8DE4ADB9E026-SegmentedRaftLogWorker] INFO  util.JmxRegister (JmxRegister.java:unregister(73)) - Successfully un-registered JMX Bean with object name Ratis:service=RaftServer,group=group-8DE4ADB9E026,id=9ce0b59e-153f-4f41-8aed-492a76d80b48
2019-09-26 21:19:01,219 [9ce0b59e-153f-4f41-8aed-492a76d80b48@group-00CF13531264:LeaderElection139] INFO  server.RaftServerConfigKeys (ConfUtils.java:logGet(43)) - raft.server.watch.timeout = 10s (default)
2019-09-26 21:19:01,929 [9ce0b59e-153f-4f41-8aed-492a76d80b48@group-8DE4ADB9E026-SegmentedRaftLogWorker] INFO  impl.RoleInfo (RoleInfo.java:shutdownLeaderState(104)) - 9ce0b59e-153f-4f41-8aed-492a76d80b48: shutdown LeaderState
2019-09-26 21:19:01,929 [9ce0b59e-153f-4f41-8aed-492a76d80b48@group-9537751EFAC3:LeaderElection80] INFO  impl.RoleInfo (RoleInfo.java:updateAndGet(143)) - 9ce0b59e-153f-4f41-8aed-492a76d80b48: start LeaderState
2019-09-26 21:19:01,929 [pool-57-thread-1] INFO  impl.RaftServerImpl (ServerState.java:<init>(103)) - 0c640f50-2bc9-49b6-b785-a27e3116e6ba@group-90252941981A: ConfigurationManager, init=-1: [0c640f50-2bc9-49b6-b785-a27e3116e6ba:192.168.151.99:42361, 9ce0b59e-153f-4f41-8aed-492a76d80b48:192.168.151.99:34156, 09112efe-1fad-4539-a04f-c96aef6d2351:192.168.151.99:45286], old=null, confs=<EMPTY_MAP>
2019-09-26 21:19:01,929 [9ce0b59e-153f-4f41-8aed-492a76d80b48@group-514A1FBBA56A-SegmentedRaftLogWorker] INFO  segmented.SegmentedRaftLogWorker (SegmentedRaftLogWorker.java:close(228)) - 9ce0b59e-153f-4f41-8aed-492a76d80b48@group-514A1FBBA56A-SegmentedRaftLogWorker close()
2019-09-26 21:19:01,929 [1178c3ae-d0b4-4d44-b144-fe8504cc41ac@group-F9263122AC59-SegmentedRaftLogWorker] INFO  util.JmxRegister (JmxRegister.java:unregister(73)) - Successfully un-registered JMX Bean with object name Ratis:service=RaftServer,group=group-F9263122AC59,id=1178c3ae-d0b4-4d44-b144-fe8504cc41ac
2019-09-26 21:19:01,929 [1178c3ae-d0b4-4d44-b144-fe8504cc41ac@group-846E52AEA8E9-SegmentedRaftLogWorker] INFO  impl.StateMachineUpdater (StateMachineUpdater.java:stopAndJoin(125)) - 1178c3ae-d0b4-4d44-b144-fe8504cc41ac@group-846E52AEA8E9-StateMachineUpdater: set stopIndex = -1
2019-09-26 21:19:01,927 [0c640f50-2bc9-49b6-b785-a27e3116e6ba@group-FD0854A06F9A-SegmentedRaftLogWorker] ERROR segmented.SegmentedRaftLogWorker (SegmentedRaftLogWorker.java:run(323)) - 0c640f50-2bc9-49b6-b785-a27e3116e6ba@group-FD0854A06F9A-SegmentedRaftLogWorker hit exception
java.lang.OutOfMemoryError: Direct buffer memory
	at java.nio.Bits.reserveMemory(Bits.java:666)
	at java.nio.DirectByteBuffer.<init>(DirectByteBuffer.java:123)
	at java.nio.ByteBuffer.allocateDirect(ByteBuffer.java:311)
	at org.apache.ratis.server.raftlog.segmented.BufferedWriteChannel.<init>(BufferedWriteChannel.java:41)
	at org.apache.ratis.server.raftlog.segmented.SegmentedRaftLogOutputStream.<init>(SegmentedRaftLogOutputStream.java:72)
	at org.apache.ratis.server.raftlog.segmented.SegmentedRaftLogWorker$StartLogSegment.execute(SegmentedRaftLogWorker.java:566)
	at org.apache.ratis.server.raftlog.segmented.SegmentedRaftLogWorker.run(SegmentedRaftLogWorker.java:289)
	at java.lang.Thread.run(Thread.java:748)
2019-09-26 21:19:01,706 [09112efe-1fad-4539-a04f-c96aef6d2351@group-B01EA420B1EB-SegmentedRaftLogWorker] INFO  impl.RoleInfo (RoleInfo.java:shutdownLeaderState(104)) - 09112efe-1fad-4539-a04f-c96aef6d2351: shutdown LeaderState
2019-09-26 21:19:01,705 [pool-27-thread-1] INFO  server.RaftServerConfigKeys (ConfUtils.java:logGet(43)) - raft.server.storage.dir = [/workdir/hadoop-ozone/ozonefs/target/test-dir/MiniOzoneClusterImpl-5b64906c-d720-4906-b30c-b6d56a2122fd/datanode-0/data/ratis] (custom)
2019-09-26 21:19:01,705 [09112efe-1fad-4539-a04f-c96aef6d2351@group-B66033F68487-SegmentedRaftLogWorker] INFO  impl.RaftServerImpl (ServerState.java:close(385)) - 09112efe-1fad-4539-a04f-c96aef6d2351@group-B66033F68487: closes. applyIndex: -1
2019-09-26 21:19:01,705 [RATISCREATEPIPELINE1] ERROR pipeline.RatisPipelineProvider (RatisPipelineProvider.java:lambda$null$2(175)) - Failed invoke Ratis rpc org.apache.hadoop.hdds.scm.pipeline.RatisPipelineProvider$$Lambda$179/154091354@34c363b0 for 09112efe-1fad-4539-a04f-c96aef6d2351
org.apache.ratis.protocol.TimeoutIOException: deadline exceeded after 2996250853ns
	at org.apache.ratis.grpc.GrpcUtil.tryUnwrapException(GrpcUtil.java:82)
	at org.apache.ratis.grpc.GrpcUtil.unwrapException(GrpcUtil.java:75)
	at org.apache.ratis.grpc.client.GrpcClientProtocolClient.blockingCall(GrpcClientProtocolClient.java:178)
	at org.apache.ratis.grpc.client.GrpcClientProtocolClient.groupAdd(GrpcClientProtocolClient.java:147)
	at org.apache.ratis.grpc.client.GrpcClientRpc.sendRequest(GrpcClientRpc.java:94)
	at org.apache.ratis.client.impl.RaftClientImpl.sendRequest(RaftClientImpl.java:278)
	at org.apache.ratis.client.impl.RaftClientImpl.groupAdd(RaftClientImpl.java:205)
	at org.apache.hadoop.hdds.scm.pipeline.RatisPipelineProvider.lambda$initializePipeline$1(RatisPipelineProvider.java:136)
	at org.apache.hadoop.hdds.scm.pipeline.RatisPipelineProvider.lambda$null$2(RatisPipelineProvider.java:171)
	at java.util.stream.ForEachOps$ForEachOp$OfRef.accept(ForEachOps.java:184)
	at java.util.ArrayList$ArrayListSpliterator.forEachRemaining(ArrayList.java:1382)
	at java.util.stream.AbstractPipeline.copyInto(AbstractPipeline.java:482)
	at java.util.stream.ForEachOps$ForEachTask.compute(ForEachOps.java:291)
	at java.util.concurrent.CountedCompleter.exec(CountedCompleter.java:731)
	at java.util.concurrent.ForkJoinTask.doExec(ForkJoinTask.java:289)
	at java.util.concurrent.ForkJoinTask.doInvoke(ForkJoinTask.java:401)
	at java.util.concurrent.ForkJoinTask.invoke(ForkJoinTask.java:734)
	at java.util.stream.ForEachOps$ForEachOp.evaluateParallel(ForEachOps.java:160)
	at java.util.stream.ForEachOps$ForEachOp$OfRef.evaluateParallel(ForEachOps.java:174)
	at java.util.stream.AbstractPipeline.evaluate(AbstractPipeline.java:233)
	at java.util.stream.ReferencePipeline.forEach(ReferencePipeline.java:418)
	at java.util.stream.ReferencePipeline$Head.forEach(ReferencePipeline.java:583)
	at org.apache.hadoop.hdds.scm.pipeline.RatisPipelineProvider.lambda$callRatisRpc$3(RatisPipelineProvider.java:165)
	at java.util.concurrent.ForkJoinTask$AdaptedRunnableAction.exec(ForkJoinTask.java:1386)
	at java.util.concurrent.ForkJoinTask.doExec(ForkJoinTask.java:289)
	at java.util.concurrent.ForkJoinPool$WorkQueue.runTask(ForkJoinPool.java:1056)
	at java.util.concurrent.ForkJoinPool.runWorker(ForkJoinPool.java:1692)
	at java.util.concurrent.ForkJoinWorkerThread.run(ForkJoinWorkerThread.java:157)
Caused by: org.apache.ratis.thirdparty.io.grpc.StatusRuntimeException: DEADLINE_EXCEEDED: deadline exceeded after 2996250853ns
	at org.apache.ratis.thirdparty.io.grpc.stub.ClientCalls.toStatusRuntimeException(ClientCalls.java:233)
	at org.apache.ratis.thirdparty.io.grpc.stub.ClientCalls.getUnchecked(ClientCalls.java:214)
	at org.apache.ratis.thirdparty.io.grpc.stub.ClientCalls.blockingUnaryCall(ClientCalls.java:139)
	at org.apache.ratis.proto.grpc.AdminProtocolServiceGrpc$AdminProtocolServiceBlockingStub.groupManagement(AdminProtocolServiceGrpc.java:274)
	at org.apache.ratis.grpc.client.GrpcClientProtocolClient.lambda$groupAdd$3(GrpcClientProtocolClient.java:149)
	at org.apache.ratis.grpc.client.GrpcClientProtocolClient.blockingCall(GrpcClientProtocolClient.java:176)
	... 25 more
2019-09-26 21:19:01,705 [RATISCREATEPIPELINE3] ERROR pipeline.RatisPipelineProvider (RatisPipelineProvider.java:lambda$null$2(175)) - Failed invoke Ratis rpc org.apache.hadoop.hdds.scm.pipeline.RatisPipelineProvider$$Lambda$179/154091354@34c363b0 for 0c640f50-2bc9-49b6-b785-a27e3116e6ba
org.apache.ratis.protocol.TimeoutIOException: deadline exceeded after 2999688051ns
	at org.apache.ratis.grpc.GrpcUtil.tryUnwrapException(GrpcUtil.java:82)
	at org.apache.ratis.grpc.GrpcUtil.unwrapException(GrpcUtil.java:75)
	at org.apache.ratis.grpc.client.GrpcClientProtocolClient.blockingCall(GrpcClientProtocolClient.java:178)
	at org.apache.ratis.grpc.client.GrpcClientProtocolClient.groupAdd(GrpcClientProtocolClient.java:147)
	at org.apache.ratis.grpc.client.GrpcClientRpc.sendRequest(GrpcClientRpc.java:94)
	at org.apache.ratis.client.impl.RaftClientImpl.sendRequest(RaftClientImpl.java:278)
	at org.apache.ratis.client.impl.RaftClientImpl.groupAdd(RaftClientImpl.java:205)
	at org.apache.hadoop.hdds.scm.pipeline.RatisPipelineProvider.lambda$initializePipeline$1(RatisPipelineProvider.java:136)
	at org.apache.hadoop.hdds.scm.pipeline.RatisPipelineProvider.lambda$null$2(RatisPipelineProvider.java:171)
	at java.util.stream.ForEachOps$ForEachOp$OfRef.accept(ForEachOps.java:184)
	at java.util.ArrayList$ArrayListSpliterator.forEachRemaining(ArrayList.java:1382)
	at java.util.stream.AbstractPipeline.copyInto(AbstractPipeline.java:482)
	at java.util.stream.ForEachOps$ForEachTask.compute(ForEachOps.java:291)
	at java.util.concurrent.CountedCompleter.exec(CountedCompleter.java:731)
	at java.util.concurrent.ForkJoinTask.doExec(ForkJoinTask.java:289)
	at java.util.concurrent.ForkJoinPool$WorkQueue.runTask(ForkJoinPool.java:1056)
	at java.util.concurrent.ForkJoinPool.runWorker(ForkJoinPool.java:1692)
	at java.util.concurrent.ForkJoinWorkerThread.run(ForkJoinWorkerThread.java:157)
Caused by: org.apache.ratis.thirdparty.io.grpc.StatusRuntimeException: DEADLINE_EXCEEDED: deadline exceeded after 2999688051ns
	at org.apache.ratis.thirdparty.io.grpc.stub.ClientCalls.toStatusRuntimeException(ClientCalls.java:233)
	at org.apache.ratis.thirdparty.io.grpc.stub.ClientCalls.getUnchecked(ClientCalls.java:214)
	at org.apache.ratis.thirdparty.io.grpc.stub.ClientCalls.blockingUnaryCall(ClientCalls.java:139)
	at org.apache.ratis.proto.grpc.AdminProtocolServiceGrpc$AdminProtocolServiceBlockingStub.groupManagement(AdminProtocolServiceGrpc.java:274)
	at org.apache.ratis.grpc.client.GrpcClientProtocolClient.lambda$groupAdd$3(GrpcClientProtocolClient.java:149)
	at org.apache.ratis.grpc.client.GrpcClientProtocolClient.blockingCall(GrpcClientProtocolClient.java:176)
	... 15 more
2019-09-26 21:19:01,705 [09112efe-1fad-4539-a04f-c96aef6d2351@group-C7705DB74AE6:LeaderElection77] INFO  impl.RaftServerImpl (ServerState.java:setRaftConf(354)) - 09112efe-1fad-4539-a04f-c96aef6d2351@group-C7705DB74AE6: set configuration 0: [09112efe-1fad-4539-a04f-c96aef6d2351:192.168.151.99:45286], old=null at 0
2019-09-26 21:19:01,698 [RATISCREATEPIPELINE2] ERROR pipeline.RatisPipelineProvider (RatisPipelineProvider.java:lambda$null$2(175)) - Failed invoke Ratis rpc org.apache.hadoop.hdds.scm.pipeline.RatisPipelineProvider$$Lambda$179/154091354@34c363b0 for 9ce0b59e-153f-4f41-8aed-492a76d80b48
org.apache.ratis.protocol.TimeoutIOException: deadline exceeded after 2990577454ns
	at org.apache.ratis.grpc.GrpcUtil.tryUnwrapException(GrpcUtil.java:82)
	at org.apache.ratis.grpc.GrpcUtil.unwrapException(GrpcUtil.java:75)
	at org.apache.ratis.grpc.client.GrpcClientProtocolClient.blockingCall(GrpcClientProtocolClient.java:178)
	at org.apache.ratis.grpc.client.GrpcClientProtocolClient.groupAdd(GrpcClientProtocolClient.java:147)
	at org.apache.ratis.grpc.client.GrpcClientRpc.sendRequest(GrpcClientRpc.java:94)
	at org.apache.ratis.client.impl.RaftClientImpl.sendRequest(RaftClientImpl.java:278)
	at org.apache.ratis.client.impl.RaftClientImpl.groupAdd(RaftClientImpl.java:205)
	at org.apache.hadoop.hdds.scm.pipeline.RatisPipelineProvider.lambda$initializePipeline$1(RatisPipelineProvider.java:136)
	at org.apache.hadoop.hdds.scm.pipeline.RatisPipelineProvider.lambda$null$2(RatisPipelineProvider.java:171)
	at java.util.stream.ForEachOps$ForEachOp$OfRef.accept(ForEachOps.java:184)
	at java.util.ArrayList$ArrayListSpliterator.forEachRemaining(ArrayList.java:1382)
	at java.util.stream.AbstractPipeline.copyInto(AbstractPipeline.java:482)
	at java.util.stream.ForEachOps$ForEachTask.compute(ForEachOps.java:291)
	at java.util.concurrent.CountedCompleter.exec(CountedCompleter.java:731)
	at java.util.concurrent.ForkJoinTask.doExec(ForkJoinTask.java:289)
	at java.util.concurrent.ForkJoinPool$WorkQueue.runTask(ForkJoinPool.java:1056)
	at java.util.concurrent.ForkJoinPool.runWorker(ForkJoinPool.java:1692)
	at java.util.concurrent.ForkJoinWorkerThread.run(ForkJoinWorkerThread.java:157)
Caused by: org.apache.ratis.thirdparty.io.grpc.StatusRuntimeException: DEADLINE_EXCEEDED: deadline exceeded after 2990577454ns
	at org.apache.ratis.thirdparty.io.grpc.stub.ClientCalls.toStatusRuntimeException(ClientCalls.java:233)
	at org.apache.ratis.thirdparty.io.grpc.stub.ClientCalls.getUnchecked(ClientCalls.java:214)
	at org.apache.ratis.thirdparty.io.grpc.stub.ClientCalls.blockingUnaryCall(ClientCalls.java:139)
	at org.apache.ratis.proto.grpc.AdminProtocolServiceGrpc$AdminProtocolServiceBlockingStub.groupManagement(AdminProtocolServiceGrpc.java:274)
	at org.apache.ratis.grpc.client.GrpcClientProtocolClient.lambda$groupAdd$3(GrpcClientProtocolClient.java:149)
	at org.apache.ratis.grpc.client.GrpcClientProtocolClient.blockingCall(GrpcClientProtocolClient.java:176)
	... 15 more
2019-09-26 21:19:01,471 [1178c3ae-d0b4-4d44-b144-fe8504cc41ac@group-6F8F1CDBCF1F:LeaderElection75] INFO  impl.RoleInfo (RoleInfo.java:updateAndGet(143)) - 1178c3ae-d0b4-4d44-b144-fe8504cc41ac: start LeaderState
2019-09-26 21:19:01,471 [09112efe-1fad-4539-a04f-c96aef6d2351@group-C1CCE81E3AA9:LeaderElection141] INFO  server.RaftServerConfigKeys (ConfUtils.java:logGet(43)) - raft.server.watch.element-limit = 65536 (default)
2019-09-26 21:19:01,470 [9ce0b59e-153f-4f41-8aed-492a76d80b48@group-EFC0D5B99037:LeaderElection144] INFO  server.RaftServerConfigKeys (ConfUtils.java:logGet(43)) - raft.server.write.element-limit = 4096 (default)
2019-09-26 21:19:01,470 [1178c3ae-d0b4-4d44-b144-fe8504cc41ac@group-6E19F58DAE58-SegmentedRaftLogWorker] INFO  impl.PendingRequests (PendingRequests.java:sendNotLeaderResponses(202)) - 1178c3ae-d0b4-4d44-b144-fe8504cc41ac-PendingRequests: sendNotLeaderResponses
2019-09-26 21:19:01,470 [9ce0b59e-153f-4f41-8aed-492a76d80b48@group-0F1744F08A48:LeaderElection145] INFO  impl.LeaderElection (LeaderElection.java:askForVotes(182)) - 9ce0b59e-153f-4f41-8aed-492a76d80b48@group-0F1744F08A48:LeaderElection145: begin an election at term 1 for -1: [9ce0b59e-153f-4f41-8aed-492a76d80b48:192.168.151.99:34156], old=null
2019-09-26 21:19:01,233 [da833d8d-e72a-4068-9560-4daa2d83adc2@group-670F9015DEC2:LeaderElection79] INFO  impl.RaftServerImpl (ServerState.java:setRaftConf(354)) - da833d8d-e72a-4068-9560-4daa2d83adc2@group-670F9015DEC2: set configuration 0: [da833d8d-e72a-4068-9560-4daa2d83adc2:192.168.151.99:38903], old=null at 0
2019-09-26 21:19:01,233 [0c640f50-2bc9-49b6-b785-a27e3116e6ba@group-CD486E0DF44D-SegmentedRaftLogWorker] INFO  impl.RoleInfo (RoleInfo.java:shutdownLeaderState(104)) - 0c640f50-2bc9-49b6-b785-a27e3116e6ba: shutdown LeaderState
2019-09-26 21:19:01,232 [9ce0b59e-153f-4f41-8aed-492a76d80b48@group-5F3B934AB93E:LeaderElection76] INFO  impl.RoleInfo (RoleInfo.java:updateAndGet(143)) - 9ce0b59e-153f-4f41-8aed-492a76d80b48: start LeaderState
2019-09-26 21:19:01,232 [pool-47-thread-1] INFO  impl.RaftServerImpl (ServerState.java:<init>(103)) - 09112efe-1fad-4539-a04f-c96aef6d2351@group-90252941981A: ConfigurationManager, init=-1: [0c640f50-2bc9-49b6-b785-a27e3116e6ba:192.168.151.99:42361, 9ce0b59e-153f-4f41-8aed-492a76d80b48:192.168.151.99:34156, 09112efe-1fad-4539-a04f-c96aef6d2351:192.168.151.99:45286], old=null, confs=<EMPTY_MAP>
2019-09-26 21:19:02,162 [9ce0b59e-153f-4f41-8aed-492a76d80b48@group-5F3B934AB93E:LeaderElection76] INFO  segmented.SegmentedRaftLogWorker (SegmentedRaftLogWorker.java:startLogSegment(380)) - 9ce0b59e-153f-4f41-8aed-492a76d80b48@group-5F3B934AB93E-SegmentedRaftLogWorker: Starting segment from index:0
2019-09-26 21:19:01,232 [1178c3ae-d0b4-4d44-b144-fe8504cc41ac@group-80F23AA760D0-SegmentedRaftLogWorker] INFO  impl.StateMachineUpdater (StateMachineUpdater.java:stopAndJoin(125)) - 1178c3ae-d0b4-4d44-b144-fe8504cc41ac@group-80F23AA760D0-StateMachineUpdater: set stopIndex = -1
2019-09-26 21:19:01,231 [1178c3ae-d0b4-4d44-b144-fe8504cc41ac@group-2602BE24DDFE-SegmentedRaftLogWorker] INFO  impl.RaftServerImpl (ServerState.java:close(385)) - 1178c3ae-d0b4-4d44-b144-fe8504cc41ac@group-2602BE24DDFE: closes. applyIndex: -1
2019-09-26 21:19:01,231 [9ce0b59e-153f-4f41-8aed-492a76d80b48@group-7E5D61430C6E-SegmentedRaftLogWorker] INFO  impl.StateMachineUpdater (StateMachineUpdater.java:stopAndJoin(125)) - 9ce0b59e-153f-4f41-8aed-492a76d80b48@group-7E5D61430C6E-StateMachineUpdater: set stopIndex = -1
2019-09-26 21:19:01,231 [09112efe-1fad-4539-a04f-c96aef6d2351@group-F6B9EF0C2D8E-SegmentedRaftLogWorker] INFO  impl.RaftServerImpl (ServerState.java:close(385)) - 09112efe-1fad-4539-a04f-c96aef6d2351@group-F6B9EF0C2D8E: closes. applyIndex: -1
2019-09-26 21:19:01,231 [0c640f50-2bc9-49b6-b785-a27e3116e6ba@group-8ADE47486BA4-SegmentedRaftLogWorker] INFO  segmented.SegmentedRaftLogWorker (SegmentedRaftLogWorker.java:close(228)) - 0c640f50-2bc9-49b6-b785-a27e3116e6ba@group-8ADE47486BA4-SegmentedRaftLogWorker close()
2019-09-26 21:19:02,458 [9ce0b59e-153f-4f41-8aed-492a76d80b48@group-7E5D61430C6E-SegmentedRaftLogWorker] INFO  impl.RaftServerImpl (ServerState.java:close(385)) - 9ce0b59e-153f-4f41-8aed-492a76d80b48@group-7E5D61430C6E: closes. applyIndex: -1
2019-09-26 21:19:02,458 [1178c3ae-d0b4-4d44-b144-fe8504cc41ac@group-2602BE24DDFE-SegmentedRaftLogWorker] INFO  segmented.SegmentedRaftLogWorker (SegmentedRaftLogWorker.java:close(228)) - 1178c3ae-d0b4-4d44-b144-fe8504cc41ac@group-2602BE24DDFE-SegmentedRaftLogWorker close()
2019-09-26 21:19:02,457 [1178c3ae-d0b4-4d44-b144-fe8504cc41ac@group-AB347EA75367-SegmentedRaftLogWorker] ERROR segmented.SegmentedRaftLogWorker (SegmentedRaftLogWorker.java:run(323)) - 1178c3ae-d0b4-4d44-b144-fe8504cc41ac@group-AB347EA75367-SegmentedRaftLogWorker hit exception
java.lang.OutOfMemoryError: Direct buffer memory
	at java.nio.Bits.reserveMemory(Bits.java:666)
	at java.nio.DirectByteBuffer.<init>(DirectByteBuffer.java:123)
	at java.nio.ByteBuffer.allocateDirect(ByteBuffer.java:311)
	at org.apache.ratis.server.raftlog.segmented.BufferedWriteChannel.<init>(BufferedWriteChannel.java:41)
	at org.apache.ratis.server.raftlog.segmented.SegmentedRaftLogOutputStream.<init>(SegmentedRaftLogOutputStream.java:72)
	at org.apache.ratis.server.raftlog.segmented.SegmentedRaftLogWorker$StartLogSegment.execute(SegmentedRaftLogWorker.java:566)
	at org.apache.ratis.server.raftlog.segmented.SegmentedRaftLogWorker.run(SegmentedRaftLogWorker.java:289)
	at java.lang.Thread.run(Thread.java:748)
2019-09-26 21:19:02,478 [1178c3ae-d0b4-4d44-b144-fe8504cc41ac@group-AB347EA75367-SegmentedRaftLogWorker] INFO  impl.RaftServerImpl (RaftServerImpl.java:lambda$shutdown$3(251)) - 1178c3ae-d0b4-4d44-b144-fe8504cc41ac@group-AB347EA75367: shutdown
2019-09-26 21:19:02,452 [9ce0b59e-153f-4f41-8aed-492a76d80b48@group-CB9EA65D9F76-SegmentedRaftLogWorker] ERROR segmented.SegmentedRaftLogWorker (SegmentedRaftLogWorker.java:run(323)) - 9ce0b59e-153f-4f41-8aed-492a76d80b48@group-CB9EA65D9F76-SegmentedRaftLogWorker hit exception
java.lang.OutOfMemoryError: Direct buffer memory
	at java.nio.Bits.reserveMemory(Bits.java:666)
	at java.nio.DirectByteBuffer.<init>(DirectByteBuffer.java:123)
	at java.nio.ByteBuffer.allocateDirect(ByteBuffer.java:311)
	at org.apache.ratis.server.raftlog.segmented.BufferedWriteChannel.<init>(BufferedWriteChannel.java:41)
	at org.apache.ratis.server.raftlog.segmented.SegmentedRaftLogOutputStream.<init>(SegmentedRaftLogOutputStream.java:72)
	at org.apache.ratis.server.raftlog.segmented.SegmentedRaftLogWorker$StartLogSegment.execute(SegmentedRaftLogWorker.java:566)
	at org.apache.ratis.server.raftlog.segmented.SegmentedRaftLogWorker.run(SegmentedRaftLogWorker.java:289)
	at java.lang.Thread.run(Thread.java:748)
2019-09-26 21:19:02,162 [9ce0b59e-153f-4f41-8aed-492a76d80b48@group-5F3B934AB93E:LeaderElection76] INFO  impl.RaftServerImpl (ServerState.java:setRaftConf(354)) - 9ce0b59e-153f-4f41-8aed-492a76d80b48@group-5F3B934AB93E: set configuration 0: [9ce0b59e-153f-4f41-8aed-492a76d80b48:192.168.151.99:34156], old=null at 0
2019-09-26 21:19:02,162 [1178c3ae-d0b4-4d44-b144-fe8504cc41ac@group-80F23AA760D0-SegmentedRaftLogWorker] INFO  impl.RaftServerImpl (ServerState.java:close(385)) - 1178c3ae-d0b4-4d44-b144-fe8504cc41ac@group-80F23AA760D0: closes. applyIndex: -1
2019-09-26 21:19:02,162 [pool-47-thread-1] INFO  server.RaftServerConfigKeys (ConfUtils.java:logGet(43)) - raft.server.storage.dir = [/workdir/hadoop-ozone/ozonefs/target/test-dir/MiniOzoneClusterImpl-5b64906c-d720-4906-b30c-b6d56a2122fd/datanode-2/data/ratis] (custom)
2019-09-26 21:19:02,161 [0c640f50-2bc9-49b6-b785-a27e3116e6ba@group-CD486E0DF44D-SegmentedRaftLogWorker] INFO  impl.PendingRequests (PendingRequests.java:sendNotLeaderResponses(202)) - 0c640f50-2bc9-49b6-b785-a27e3116e6ba-PendingRequests: sendNotLeaderResponses
2019-09-26 21:19:02,161 [1178c3ae-d0b4-4d44-b144-fe8504cc41ac@group-9C349363B38E:LeaderElection88] INFO  impl.RoleInfo (RoleInfo.java:updateAndGet(143)) - 1178c3ae-d0b4-4d44-b144-fe8504cc41ac: start LeaderState
2019-09-26 21:19:02,161 [9ce0b59e-153f-4f41-8aed-492a76d80b48@group-0F1744F08A48:LeaderElection145] INFO  impl.RoleInfo (RoleInfo.java:shutdownLeaderElection(134)) - 9ce0b59e-153f-4f41-8aed-492a76d80b48: shutdown LeaderElection
2019-09-26 21:19:02,161 [1178c3ae-d0b4-4d44-b144-fe8504cc41ac@group-6E19F58DAE58-SegmentedRaftLogWorker] INFO  impl.StateMachineUpdater (StateMachineUpdater.java:stopAndJoin(125)) - 1178c3ae-d0b4-4d44-b144-fe8504cc41ac@group-6E19F58DAE58-StateMachineUpdater: set stopIndex = -1
2019-09-26 21:19:02,161 [9ce0b59e-153f-4f41-8aed-492a76d80b48@group-EFC0D5B99037:LeaderElection144] INFO  server.RaftServerConfigKeys (ConfUtils.java:logGet(43)) - raft.server.watch.timeout = 10s (default)
2019-09-26 21:19:02,479 [9ce0b59e-153f-4f41-8aed-492a76d80b48@group-76F045CE1768:LeaderElection74] INFO  impl.RoleInfo (RoleInfo.java:updateAndGet(143)) - 9ce0b59e-153f-4f41-8aed-492a76d80b48: start LeaderState
2019-09-26 21:19:02,160 [1178c3ae-d0b4-4d44-b144-fe8504cc41ac@group-6F8F1CDBCF1F:LeaderElection75] INFO  segmented.SegmentedRaftLogWorker (SegmentedRaftLogWorker.java:startLogSegment(380)) - 1178c3ae-d0b4-4d44-b144-fe8504cc41ac@group-6F8F1CDBCF1F-SegmentedRaftLogWorker: Starting segment from index:0
2019-09-26 21:19:02,160 [RatisPipelineUtilsThread] ERROR pipeline.SCMPipelineManager (SCMPipelineManager.java:createPipeline(167)) - Pipeline creation failed.
org.apache.hadoop.io.MultipleIOException: 3 exceptions [java.io.IOException: Failed invoke Ratis rpc org.apache.hadoop.hdds.scm.pipeline.RatisPipelineProvider$$Lambda$179/154091354@34c363b0 for 09112efe-1fad-4539-a04f-c96aef6d2351, java.io.IOException: Failed invoke Ratis rpc org.apache.hadoop.hdds.scm.pipeline.RatisPipelineProvider$$Lambda$179/154091354@34c363b0 for 0c640f50-2bc9-49b6-b785-a27e3116e6ba, java.io.IOException: Failed invoke Ratis rpc org.apache.hadoop.hdds.scm.pipeline.RatisPipelineProvider$$Lambda$179/154091354@34c363b0 for 9ce0b59e-153f-4f41-8aed-492a76d80b48]
	at org.apache.hadoop.io.MultipleIOException.createIOException(MultipleIOException.java:53)
	at org.apache.hadoop.hdds.scm.pipeline.RatisPipelineProvider.callRatisRpc(RatisPipelineProvider.java:191)
	at org.apache.hadoop.hdds.scm.pipeline.RatisPipelineProvider.initializePipeline(RatisPipelineProvider.java:134)
	at org.apache.hadoop.hdds.scm.pipeline.RatisPipelineProvider.create(RatisPipelineProvider.java:103)
	at org.apache.hadoop.hdds.scm.pipeline.PipelineFactory.create(PipelineFactory.java:58)
	at org.apache.hadoop.hdds.scm.pipeline.SCMPipelineManager.createPipeline(SCMPipelineManager.java:155)
	at org.apache.hadoop.hdds.scm.pipeline.BackgroundPipelineCreator.createPipelines(BackgroundPipelineCreator.java:99)
	at java.util.concurrent.Executors$RunnableAdapter.call(Executors.java:511)
	at java.util.concurrent.FutureTask.run(FutureTask.java:266)
	at java.util.concurrent.ScheduledThreadPoolExecutor$ScheduledFutureTask.access$201(ScheduledThreadPoolExecutor.java:180)
	at java.util.concurrent.ScheduledThreadPoolExecutor$ScheduledFutureTask.run(ScheduledThreadPoolExecutor.java:293)
	at java.util.concurrent.ThreadPoolExecutor.runWorker(ThreadPoolExecutor.java:1149)
	at java.util.concurrent.ThreadPoolExecutor$Worker.run(ThreadPoolExecutor.java:624)
	at java.lang.Thread.run(Thread.java:748)
2019-09-26 21:19:02,156 [1178c3ae-d0b4-4d44-b144-fe8504cc41ac@group-2D6CF1A474A9:LeaderElection78] INFO  impl.RoleInfo (RoleInfo.java:updateAndGet(143)) - 1178c3ae-d0b4-4d44-b144-fe8504cc41ac: start LeaderState
2019-09-26 21:19:02,154 [pool-27-thread-1] INFO  storage.RaftStorageDirectory (RaftStorageDirectory.java:analyzeStorage(246)) - The storage directory /workdir/hadoop-ozone/ozonefs/target/test-dir/MiniOzoneClusterImpl-5b64906c-d720-4906-b30c-b6d56a2122fd/datanode-0/data/ratis/41db12e1-988a-47fe-8796-90252941981a does not exist. Creating ...
2019-09-26 21:19:02,154 [09112efe-1fad-4539-a04f-c96aef6d2351@group-B66033F68487-SegmentedRaftLogWorker] INFO  segmented.SegmentedRaftLogWorker (SegmentedRaftLogWorker.java:close(228)) - 09112efe-1fad-4539-a04f-c96aef6d2351@group-B66033F68487-SegmentedRaftLogWorker close()
2019-09-26 21:19:02,154 [09112efe-1fad-4539-a04f-c96aef6d2351@group-B01EA420B1EB-SegmentedRaftLogWorker] INFO  impl.PendingRequests (PendingRequests.java:sendNotLeaderResponses(202)) - 09112efe-1fad-4539-a04f-c96aef6d2351-PendingRequests: sendNotLeaderResponses
2019-09-26 21:19:02,154 [0c640f50-2bc9-49b6-b785-a27e3116e6ba@group-FD0854A06F9A-SegmentedRaftLogWorker] INFO  impl.RaftServerImpl (RaftServerImpl.java:lambda$shutdown$3(251)) - 0c640f50-2bc9-49b6-b785-a27e3116e6ba@group-FD0854A06F9A: shutdown
2019-09-26 21:19:02,153 [1178c3ae-d0b4-4d44-b144-fe8504cc41ac@group-846E52AEA8E9-SegmentedRaftLogWorker] INFO  impl.RaftServerImpl (ServerState.java:close(385)) - 1178c3ae-d0b4-4d44-b144-fe8504cc41ac@group-846E52AEA8E9: closes. applyIndex: -1
2019-09-26 21:19:02,153 [1178c3ae-d0b4-4d44-b144-fe8504cc41ac@group-F9263122AC59-SegmentedRaftLogWorker] INFO  impl.RoleInfo (RoleInfo.java:shutdownLeaderState(104)) - 1178c3ae-d0b4-4d44-b144-fe8504cc41ac: shutdown LeaderState
2019-09-26 21:19:02,142 [09112efe-1fad-4539-a04f-c96aef6d2351@group-9A61D6C314A9-SegmentedRaftLogWorker] INFO  util.JmxRegister (JmxRegister.java:unregister(73)) - Successfully un-registered JMX Bean with object name Ratis:service=RaftServer,group=group-9A61D6C314A9,id=09112efe-1fad-4539-a04f-c96aef6d2351
2019-09-26 21:19:02,142 [9ce0b59e-153f-4f41-8aed-492a76d80b48@group-9537751EFAC3:LeaderElection80] INFO  segmented.SegmentedRaftLogWorker (SegmentedRaftLogWorker.java:startLogSegment(380)) - 9ce0b59e-153f-4f41-8aed-492a76d80b48@group-9537751EFAC3-SegmentedRaftLogWorker: Starting segment from index:0
2019-09-26 21:19:02,142 [pool-57-thread-1] INFO  server.RaftServerConfigKeys (ConfUtils.java:logGet(43)) - raft.server.storage.dir = [/workdir/hadoop-ozone/ozonefs/target/test-dir/MiniOzoneClusterImpl-5b64906c-d720-4906-b30c-b6d56a2122fd/datanode-3/data/ratis] (custom)
2019-09-26 21:19:02,142 [9ce0b59e-153f-4f41-8aed-492a76d80b48@group-0B4776A2646F-SegmentedRaftLogWorker] INFO  util.JmxRegister (JmxRegister.java:unregister(73)) - Successfully un-registered JMX Bean with object name Ratis:service=RaftServer,group=group-0B4776A2646F,id=9ce0b59e-153f-4f41-8aed-492a76d80b48
2019-09-26 21:19:02,141 [9ce0b59e-153f-4f41-8aed-492a76d80b48@group-BB7203E823FB-SegmentedRaftLogWorker] ERROR segmented.SegmentedRaftLogWorker (SegmentedRaftLogWorker.java:run(323)) - 9ce0b59e-153f-4f41-8aed-492a76d80b48@group-BB7203E823FB-SegmentedRaftLogWorker hit exception
java.lang.OutOfMemoryError: Direct buffer memory
	at java.nio.Bits.reserveMemory(Bits.java:666)
	at java.nio.DirectByteBuffer.<init>(DirectByteBuffer.java:123)
	at java.nio.ByteBuffer.allocateDirect(ByteBuffer.java:311)
	at org.apache.ratis.server.raftlog.segmented.BufferedWriteChannel.<init>(BufferedWriteChannel.java:41)
	at org.apache.ratis.server.raftlog.segmented.SegmentedRaftLogOutputStream.<init>(SegmentedRaftLogOutputStream.java:72)
	at org.apache.ratis.server.raftlog.segmented.SegmentedRaftLogWorker$StartLogSegment.execute(SegmentedRaftLogWorker.java:566)
	at org.apache.ratis.server.raftlog.segmented.SegmentedRaftLogWorker.run(SegmentedRaftLogWorker.java:289)
	at java.lang.Thread.run(Thread.java:748)
2019-09-26 21:19:02,141 [1178c3ae-d0b4-4d44-b144-fe8504cc41ac@group-4DAA356371EA-SegmentedRaftLogWorker] ERROR segmented.SegmentedRaftLogWorker (SegmentedRaftLogWorker.java:run(323)) - 1178c3ae-d0b4-4d44-b144-fe8504cc41ac@group-4DAA356371EA-SegmentedRaftLogWorker hit exception
java.lang.OutOfMemoryError: Direct buffer memory
	at java.nio.Bits.reserveMemory(Bits.java:666)
	at java.nio.DirectByteBuffer.<init>(DirectByteBuffer.java:123)
	at java.nio.ByteBuffer.allocateDirect(ByteBuffer.java:311)
	at org.apache.ratis.server.raftlog.segmented.BufferedWriteChannel.<init>(BufferedWriteChannel.java:41)
	at org.apache.ratis.server.raftlog.segmented.SegmentedRaftLogOutputStream.<init>(SegmentedRaftLogOutputStream.java:72)
	at org.apache.ratis.server.raftlog.segmented.SegmentedRaftLogWorker$StartLogSegment.execute(SegmentedRaftLogWorker.java:566)
	at org.apache.ratis.server.raftlog.segmented.SegmentedRaftLogWorker.run(SegmentedRaftLogWorker.java:289)
	at java.lang.Thread.run(Thread.java:748)
2019-09-26 21:19:03,012 [0c640f50-2bc9-49b6-b785-a27e3116e6ba@group-0A76B9112B2F:LeaderElection112] INFO  impl.RoleInfo (RoleInfo.java:updateAndGet(143)) - 0c640f50-2bc9-49b6-b785-a27e3116e6ba: start LeaderState
2019-09-26 21:19:01,930 [9ce0b59e-153f-4f41-8aed-492a76d80b48@group-8DE4ADB9E026-SegmentedRaftLogWorker] INFO  impl.PendingRequests (PendingRequests.java:sendNotLeaderResponses(202)) - 9ce0b59e-153f-4f41-8aed-492a76d80b48-PendingRequests: sendNotLeaderResponses
2019-09-26 21:19:03,018 [0c640f50-2bc9-49b6-b785-a27e3116e6ba@group-0A76B9112B2F:LeaderElection112] INFO  segmented.SegmentedRaftLogWorker (SegmentedRaftLogWorker.java:startLogSegment(380)) - 0c640f50-2bc9-49b6-b785-a27e3116e6ba@group-0A76B9112B2F-SegmentedRaftLogWorker: Starting segment from index:0
2019-09-26 21:19:01,930 [1178c3ae-d0b4-4d44-b144-fe8504cc41ac@group-9D69517A24DC:LeaderElection71] INFO  impl.RaftServerImpl (ServerState.java:setRaftConf(354)) - 1178c3ae-d0b4-4d44-b144-fe8504cc41ac@group-9D69517A24DC: set configuration 0: [1178c3ae-d0b4-4d44-b144-fe8504cc41ac:192.168.151.99:33787], old=null at 0
2019-09-26 21:19:01,930 [9ce0b59e-153f-4f41-8aed-492a76d80b48@group-00CF13531264:LeaderElection139] INFO  server.RaftServerConfigKeys (ConfUtils.java:logGet(43)) - raft.server.watch.timeout.denomination = 1s (default)
2019-09-26 21:19:03,233 [0c640f50-2bc9-49b6-b785-a27e3116e6ba@group-0A76B9112B2F:LeaderElection112] INFO  impl.RaftServerImpl (ServerState.java:setRaftConf(354)) - 0c640f50-2bc9-49b6-b785-a27e3116e6ba@group-0A76B9112B2F: set configuration 0: [0c640f50-2bc9-49b6-b785-a27e3116e6ba:192.168.151.99:42361], old=null at 0
2019-09-26 21:19:03,018 [9ce0b59e-153f-4f41-8aed-492a76d80b48@group-8DE4ADB9E026-SegmentedRaftLogWorker] INFO  impl.StateMachineUpdater (StateMachineUpdater.java:stopAndJoin(125)) - 9ce0b59e-153f-4f41-8aed-492a76d80b48@group-8DE4ADB9E026-StateMachineUpdater: set stopIndex = -1
2019-09-26 21:19:03,234 [9ce0b59e-153f-4f41-8aed-492a76d80b48@group-8DE4ADB9E026-SegmentedRaftLogWorker] INFO  impl.RaftServerImpl (ServerState.java:close(385)) - 9ce0b59e-153f-4f41-8aed-492a76d80b48@group-8DE4ADB9E026: closes. applyIndex: -1
2019-09-26 21:19:03,012 [1178c3ae-d0b4-4d44-b144-fe8504cc41ac@group-4DAA356371EA-SegmentedRaftLogWorker] INFO  impl.RaftServerImpl (RaftServerImpl.java:lambda$shutdown$3(251)) - 1178c3ae-d0b4-4d44-b144-fe8504cc41ac@group-4DAA356371EA: shutdown
2019-09-26 21:19:03,234 [9ce0b59e-153f-4f41-8aed-492a76d80b48@group-8DE4ADB9E026-SegmentedRaftLogWorker] INFO  segmented.SegmentedRaftLogWorker (SegmentedRaftLogWorker.java:close(228)) - 9ce0b59e-153f-4f41-8aed-492a76d80b48@group-8DE4ADB9E026-SegmentedRaftLogWorker close()
2019-09-26 21:19:03,012 [9ce0b59e-153f-4f41-8aed-492a76d80b48@group-BB7203E823FB-SegmentedRaftLogWorker] INFO  impl.RaftServerImpl (RaftServerImpl.java:lambda$shutdown$3(251)) - 9ce0b59e-153f-4f41-8aed-492a76d80b48@group-BB7203E823FB: shutdown
2019-09-26 21:19:03,011 [pool-57-thread-1] INFO  storage.RaftStorageDirectory (RaftStorageDirectory.java:analyzeStorage(246)) - The storage directory /workdir/hadoop-ozone/ozonefs/target/test-dir/MiniOzoneClusterImpl-5b64906c-d720-4906-b30c-b6d56a2122fd/datanode-3/data/ratis/41db12e1-988a-47fe-8796-90252941981a does not exist. Creating ...
2019-09-26 21:19:03,011 [9ce0b59e-153f-4f41-8aed-492a76d80b48@group-0B4776A2646F-SegmentedRaftLogWorker] INFO  impl.RoleInfo (RoleInfo.java:shutdownLeaderState(104)) - 9ce0b59e-153f-4f41-8aed-492a76d80b48: shutdown LeaderState
2019-09-26 21:19:03,011 [9ce0b59e-153f-4f41-8aed-492a76d80b48@group-9537751EFAC3:LeaderElection80] INFO  impl.RaftServerImpl (ServerState.java:setRaftConf(354)) - 9ce0b59e-153f-4f41-8aed-492a76d80b48@group-9537751EFAC3: set configuration 0: [9ce0b59e-153f-4f41-8aed-492a76d80b48:192.168.151.99:34156], old=null at 0
2019-09-26 21:19:03,011 [pool-27-thread-1] INFO  storage.RaftStorageDirectory (RaftStorageDirectory.java:tryLock(328)) - Lock on /workdir/hadoop-ozone/ozonefs/target/test-dir/MiniOzoneClusterImpl-5b64906c-d720-4906-b30c-b6d56a2122fd/datanode-0/data/ratis/41db12e1-988a-47fe-8796-90252941981a/in_use.lock acquired by nodename 10701@pr-hdds-1569-g6sp5-2013761785
2019-09-26 21:19:03,008 [Thread-764] INFO  impl.FollowerState (FollowerState.java:run(106)) - 09112efe-1fad-4539-a04f-c96aef6d2351:group-EB13478BB780 changes to CANDIDATE, lastRpcTime:11304, electionTimeout:5085ms
2019-09-26 21:19:03,255 [grpc-default-executor-2] INFO  impl.RaftServerProxy (RaftServerProxy.java:addNew(89)) - da833d8d-e72a-4068-9560-4daa2d83adc2: addNew group-255437930481:[0c640f50-2bc9-49b6-b785-a27e3116e6ba:192.168.151.99:42361, 9ce0b59e-153f-4f41-8aed-492a76d80b48:192.168.151.99:34156, da833d8d-e72a-4068-9560-4daa2d83adc2:192.168.151.99:38903] returns group-255437930481:java.util.concurrent.CompletableFuture@579b0b21[Not completed]
2019-09-26 21:19:03,007 [Thread-771] INFO  impl.FollowerState (FollowerState.java:run(106)) - da833d8d-e72a-4068-9560-4daa2d83adc2:group-48B7BC6FD74C changes to CANDIDATE, lastRpcTime:11267, electionTimeout:5133ms
2019-09-26 21:19:02,739 [09112efe-1fad-4539-a04f-c96aef6d2351@group-9A61D6C314A9-SegmentedRaftLogWorker] INFO  impl.RoleInfo (RoleInfo.java:shutdownLeaderState(104)) - 09112efe-1fad-4539-a04f-c96aef6d2351: shutdown LeaderState
2019-09-26 21:19:02,739 [1178c3ae-d0b4-4d44-b144-fe8504cc41ac@group-F9263122AC59-SegmentedRaftLogWorker] INFO  impl.PendingRequests (PendingRequests.java:sendNotLeaderResponses(202)) - 1178c3ae-d0b4-4d44-b144-fe8504cc41ac-PendingRequests: sendNotLeaderResponses
2019-09-26 21:19:02,738 [1178c3ae-d0b4-4d44-b144-fe8504cc41ac@group-846E52AEA8E9-SegmentedRaftLogWorker] INFO  segmented.SegmentedRaftLogWorker (SegmentedRaftLogWorker.java:close(228)) - 1178c3ae-d0b4-4d44-b144-fe8504cc41ac@group-846E52AEA8E9-SegmentedRaftLogWorker close()
2019-09-26 21:19:02,732 [09112efe-1fad-4539-a04f-c96aef6d2351@group-B01EA420B1EB-SegmentedRaftLogWorker] INFO  impl.StateMachineUpdater (StateMachineUpdater.java:stopAndJoin(125)) - 09112efe-1fad-4539-a04f-c96aef6d2351@group-B01EA420B1EB-StateMachineUpdater: set stopIndex = -1
2019-09-26 21:19:03,256 [09112efe-1fad-4539-a04f-c96aef6d2351@group-B01EA420B1EB-SegmentedRaftLogWorker] INFO  impl.RaftServerImpl (ServerState.java:close(385)) - 09112efe-1fad-4539-a04f-c96aef6d2351@group-B01EA420B1EB: closes. applyIndex: -1
2019-09-26 21:19:02,725 [0c640f50-2bc9-49b6-b785-a27e3116e6ba@group-83E834069CCA:LeaderElection113] INFO  impl.RoleInfo (RoleInfo.java:updateAndGet(143)) - 0c640f50-2bc9-49b6-b785-a27e3116e6ba: start LeaderState
2019-09-26 21:19:02,724 [1178c3ae-d0b4-4d44-b144-fe8504cc41ac@group-2D6CF1A474A9:LeaderElection78] INFO  segmented.SegmentedRaftLogWorker (SegmentedRaftLogWorker.java:startLogSegment(380)) - 1178c3ae-d0b4-4d44-b144-fe8504cc41ac@group-2D6CF1A474A9-SegmentedRaftLogWorker: Starting segment from index:0
2019-09-26 21:19:02,724 [1178c3ae-d0b4-4d44-b144-fe8504cc41ac@group-AB347EA75367-SegmentedRaftLogWorker] INFO  util.JmxRegister (JmxRegister.java:unregister(73)) - Successfully un-registered JMX Bean with object name Ratis:service=RaftServer,group=group-AB347EA75367,id=1178c3ae-d0b4-4d44-b144-fe8504cc41ac
2019-09-26 21:19:02,480 [1178c3ae-d0b4-4d44-b144-fe8504cc41ac@group-6F8F1CDBCF1F:LeaderElection75] INFO  impl.RaftServerImpl (ServerState.java:setRaftConf(354)) - 1178c3ae-d0b4-4d44-b144-fe8504cc41ac@group-6F8F1CDBCF1F: set configuration 0: [1178c3ae-d0b4-4d44-b144-fe8504cc41ac:192.168.151.99:33787], old=null at 0
2019-09-26 21:19:02,719 [9ce0b59e-153f-4f41-8aed-492a76d80b48@group-77990DBFA164-SegmentedRaftLogWorker] ERROR segmented.SegmentedRaftLogWorker (SegmentedRaftLogWorker.java:run(323)) - 9ce0b59e-153f-4f41-8aed-492a76d80b48@group-77990DBFA164-SegmentedRaftLogWorker hit exception
java.lang.OutOfMemoryError: Direct buffer memory
	at java.nio.Bits.reserveMemory(Bits.java:666)
	at java.nio.DirectByteBuffer.<init>(DirectByteBuffer.java:123)
	at java.nio.ByteBuffer.allocateDirect(ByteBuffer.java:311)
	at org.apache.ratis.server.raftlog.segmented.BufferedWriteChannel.<init>(BufferedWriteChannel.java:41)
	at org.apache.ratis.server.raftlog.segmented.SegmentedRaftLogOutputStream.<init>(SegmentedRaftLogOutputStream.java:72)
	at org.apache.ratis.server.raftlog.segmented.SegmentedRaftLogWorker$StartLogSegment.execute(SegmentedRaftLogWorker.java:566)
	at org.apache.ratis.server.raftlog.segmented.SegmentedRaftLogWorker.run(SegmentedRaftLogWorker.java:289)
	at java.lang.Thread.run(Thread.java:748)
2019-09-26 21:19:03,483 [9ce0b59e-153f-4f41-8aed-492a76d80b48@group-77990DBFA164-SegmentedRaftLogWorker] INFO  impl.RaftServerImpl (RaftServerImpl.java:lambda$shutdown$3(251)) - 9ce0b59e-153f-4f41-8aed-492a76d80b48@group-77990DBFA164: shutdown
2019-09-26 21:19:02,480 [9ce0b59e-153f-4f41-8aed-492a76d80b48@group-76F045CE1768:LeaderElection74] INFO  segmented.SegmentedRaftLogWorker (SegmentedRaftLogWorker.java:startLogSegment(380)) - 9ce0b59e-153f-4f41-8aed-492a76d80b48@group-76F045CE1768-SegmentedRaftLogWorker: Starting segment from index:0
2019-09-26 21:19:02,479 [9ce0b59e-153f-4f41-8aed-492a76d80b48@group-EFC0D5B99037:LeaderElection144] INFO  server.RaftServerConfigKeys (ConfUtils.java:logGet(43)) - raft.server.watch.timeout.denomination = 1s (default)
2019-09-26 21:19:02,479 [1178c3ae-d0b4-4d44-b144-fe8504cc41ac@group-6E19F58DAE58-SegmentedRaftLogWorker] INFO  impl.RaftServerImpl (ServerState.java:close(385)) - 1178c3ae-d0b4-4d44-b144-fe8504cc41ac@group-6E19F58DAE58: closes. applyIndex: -1
2019-09-26 21:19:02,479 [1178c3ae-d0b4-4d44-b144-fe8504cc41ac@group-9C349363B38E:LeaderElection88] INFO  segmented.SegmentedRaftLogWorker (SegmentedRaftLogWorker.java:startLogSegment(380)) - 1178c3ae-d0b4-4d44-b144-fe8504cc41ac@group-9C349363B38E-SegmentedRaftLogWorker: Starting segment from index:0
2019-09-26 21:19:02,479 [9ce0b59e-153f-4f41-8aed-492a76d80b48@group-0F1744F08A48:LeaderElection145] INFO  impl.RaftServerImpl (RaftServerImpl.java:setRole(174)) - 9ce0b59e-153f-4f41-8aed-492a76d80b48@group-0F1744F08A48: changes role from CANDIDATE to LEADER at term 1 for changeToLeader
2019-09-26 21:19:02,479 [pool-47-thread-1] INFO  storage.RaftStorageDirectory (RaftStorageDirectory.java:analyzeStorage(246)) - The storage directory /workdir/hadoop-ozone/ozonefs/target/test-dir/MiniOzoneClusterImpl-5b64906c-d720-4906-b30c-b6d56a2122fd/datanode-2/data/ratis/41db12e1-988a-47fe-8796-90252941981a does not exist. Creating ...
2019-09-26 21:19:03,904 [1178c3ae-d0b4-4d44-b144-fe8504cc41ac@group-9C349363B38E:LeaderElection88] INFO  impl.RaftServerImpl (ServerState.java:setRaftConf(354)) - 1178c3ae-d0b4-4d44-b144-fe8504cc41ac@group-9C349363B38E: set configuration 0: [1178c3ae-d0b4-4d44-b144-fe8504cc41ac:192.168.151.99:33787], old=null at 0
2019-09-26 21:19:02,479 [0c640f50-2bc9-49b6-b785-a27e3116e6ba@group-CD486E0DF44D-SegmentedRaftLogWorker] INFO  impl.StateMachineUpdater (StateMachineUpdater.java:stopAndJoin(125)) - 0c640f50-2bc9-49b6-b785-a27e3116e6ba@group-CD486E0DF44D-StateMachineUpdater: set stopIndex = -1
2019-09-26 21:19:02,479 [1178c3ae-d0b4-4d44-b144-fe8504cc41ac@group-80F23AA760D0-SegmentedRaftLogWorker] INFO  segmented.SegmentedRaftLogWorker (SegmentedRaftLogWorker.java:close(228)) - 1178c3ae-d0b4-4d44-b144-fe8504cc41ac@group-80F23AA760D0-SegmentedRaftLogWorker close()
2019-09-26 21:19:02,478 [9ce0b59e-153f-4f41-8aed-492a76d80b48@group-CB9EA65D9F76-SegmentedRaftLogWorker] INFO  impl.RaftServerImpl (RaftServerImpl.java:lambda$shutdown$3(251)) - 9ce0b59e-153f-4f41-8aed-492a76d80b48@group-CB9EA65D9F76: shutdown
2019-09-26 21:19:02,478 [9ce0b59e-153f-4f41-8aed-492a76d80b48@group-3B9CADCF1AEC:LeaderElection72] INFO  impl.RoleInfo (RoleInfo.java:updateAndGet(143)) - 9ce0b59e-153f-4f41-8aed-492a76d80b48: start LeaderState
2019-09-26 21:19:02,466 [9ce0b59e-153f-4f41-8aed-492a76d80b48@group-7E5D61430C6E-SegmentedRaftLogWorker] INFO  segmented.SegmentedRaftLogWorker (SegmentedRaftLogWorker.java:close(228)) - 9ce0b59e-153f-4f41-8aed-492a76d80b48@group-7E5D61430C6E-SegmentedRaftLogWorker close()
2019-09-26 21:19:02,466 [1178c3ae-d0b4-4d44-b144-fe8504cc41ac@group-922BEFF8D70B:LeaderElection73] INFO  impl.RoleInfo (RoleInfo.java:updateAndGet(143)) - 1178c3ae-d0b4-4d44-b144-fe8504cc41ac: start LeaderState
2019-09-26 21:19:02,458 [09112efe-1fad-4539-a04f-c96aef6d2351@group-F6B9EF0C2D8E-SegmentedRaftLogWorker] INFO  segmented.SegmentedRaftLogWorker (SegmentedRaftLogWorker.java:close(228)) - 09112efe-1fad-4539-a04f-c96aef6d2351@group-F6B9EF0C2D8E-SegmentedRaftLogWorker close()
2019-09-26 21:19:03,906 [1178c3ae-d0b4-4d44-b144-fe8504cc41ac@group-922BEFF8D70B:LeaderElection73] INFO  segmented.SegmentedRaftLogWorker (SegmentedRaftLogWorker.java:startLogSegment(380)) - 1178c3ae-d0b4-4d44-b144-fe8504cc41ac@group-922BEFF8D70B-SegmentedRaftLogWorker: Starting segment from index:0
2019-09-26 21:19:03,906 [9ce0b59e-153f-4f41-8aed-492a76d80b48@group-3B9CADCF1AEC:LeaderElection72] INFO  segmented.SegmentedRaftLogWorker (SegmentedRaftLogWorker.java:startLogSegment(380)) - 9ce0b59e-153f-4f41-8aed-492a76d80b48@group-3B9CADCF1AEC-SegmentedRaftLogWorker: Starting segment from index:0
2019-09-26 21:19:03,905 [9ce0b59e-153f-4f41-8aed-492a76d80b48@group-7B4BEC4DC6F2:LeaderElection115] INFO  impl.RoleInfo (RoleInfo.java:updateAndGet(143)) - 9ce0b59e-153f-4f41-8aed-492a76d80b48: start LeaderState
2019-09-26 21:19:04,141 [1178c3ae-d0b4-4d44-b144-fe8504cc41ac@group-922BEFF8D70B:LeaderElection73] INFO  impl.RaftServerImpl (ServerState.java:setRaftConf(354)) - 1178c3ae-d0b4-4d44-b144-fe8504cc41ac@group-922BEFF8D70B: set configuration 0: [1178c3ae-d0b4-4d44-b144-fe8504cc41ac:192.168.151.99:33787], old=null at 0
2019-09-26 21:19:03,905 [0c640f50-2bc9-49b6-b785-a27e3116e6ba@group-CD486E0DF44D-SegmentedRaftLogWorker] INFO  impl.RaftServerImpl (ServerState.java:close(385)) - 0c640f50-2bc9-49b6-b785-a27e3116e6ba@group-CD486E0DF44D: closes. applyIndex: -1
2019-09-26 21:19:03,902 [9ce0b59e-153f-4f41-8aed-492a76d80b48@group-5F3B934AB93E-SegmentedRaftLogWorker] ERROR segmented.SegmentedRaftLogWorker (SegmentedRaftLogWorker.java:run(323)) - 9ce0b59e-153f-4f41-8aed-492a76d80b48@group-5F3B934AB93E-SegmentedRaftLogWorker hit exception
java.lang.OutOfMemoryError: Direct buffer memory
	at java.nio.Bits.reserveMemory(Bits.java:666)
	at java.nio.DirectByteBuffer.<init>(DirectByteBuffer.java:123)
	at java.nio.ByteBuffer.allocateDirect(ByteBuffer.java:311)
	at org.apache.ratis.server.raftlog.segmented.BufferedWriteChannel.<init>(BufferedWriteChannel.java:41)
	at org.apache.ratis.server.raftlog.segmented.SegmentedRaftLogOutputStream.<init>(SegmentedRaftLogOutputStream.java:72)
	at org.apache.ratis.server.raftlog.segmented.SegmentedRaftLogWorker$StartLogSegment.execute(SegmentedRaftLogWorker.java:566)
	at org.apache.ratis.server.raftlog.segmented.SegmentedRaftLogWorker.run(SegmentedRaftLogWorker.java:289)
	at java.lang.Thread.run(Thread.java:748)
2019-09-26 21:19:03,713 [9ce0b59e-153f-4f41-8aed-492a76d80b48@group-0F1744F08A48:LeaderElection145] INFO  impl.RaftServerImpl (ServerState.java:setLeader(253)) - 9ce0b59e-153f-4f41-8aed-492a76d80b48@group-0F1744F08A48: change Leader from null to 9ce0b59e-153f-4f41-8aed-492a76d80b48 at term 1 for becomeLeader, leader elected after 11351ms
2019-09-26 21:19:03,712 [1178c3ae-d0b4-4d44-b144-fe8504cc41ac@group-6E19F58DAE58-SegmentedRaftLogWorker] INFO  segmented.SegmentedRaftLogWorker (SegmentedRaftLogWorker.java:close(228)) - 1178c3ae-d0b4-4d44-b144-fe8504cc41ac@group-6E19F58DAE58-SegmentedRaftLogWorker close()
2019-09-26 21:19:03,709 [09112efe-1fad-4539-a04f-c96aef6d2351@group-B70CCCEBCAE4-SegmentedRaftLogWorker] ERROR segmented.SegmentedRaftLogWorker (SegmentedRaftLogWorker.java:run(323)) - 09112efe-1fad-4539-a04f-c96aef6d2351@group-B70CCCEBCAE4-SegmentedRaftLogWorker hit exception
java.lang.OutOfMemoryError: Direct buffer memory
	at java.nio.Bits.reserveMemory(Bits.java:666)
	at java.nio.DirectByteBuffer.<init>(DirectByteBuffer.java:123)
	at java.nio.ByteBuffer.allocateDirect(ByteBuffer.java:311)
	at org.apache.ratis.server.raftlog.segmented.BufferedWriteChannel.<init>(BufferedWriteChannel.java:41)
	at org.apache.ratis.server.raftlog.segmented.SegmentedRaftLogOutputStream.<init>(SegmentedRaftLogOutputStream.java:72)
	at org.apache.ratis.server.raftlog.segmented.SegmentedRaftLogWorker$StartLogSegment.execute(SegmentedRaftLogWorker.java:566)
	at org.apache.ratis.server.raftlog.segmented.SegmentedRaftLogWorker.run(SegmentedRaftLogWorker.java:289)
	at java.lang.Thread.run(Thread.java:748)
2019-09-26 21:19:03,709 [1178c3ae-d0b4-4d44-b144-fe8504cc41ac@group-9D69517A24DC-SegmentedRaftLogWorker] ERROR segmented.SegmentedRaftLogWorker (SegmentedRaftLogWorker.java:run(323)) - 1178c3ae-d0b4-4d44-b144-fe8504cc41ac@group-9D69517A24DC-SegmentedRaftLogWorker hit exception
java.lang.OutOfMemoryError: Direct buffer memory
	at java.nio.Bits.reserveMemory(Bits.java:666)
	at java.nio.DirectByteBuffer.<init>(DirectByteBuffer.java:123)
	at java.nio.ByteBuffer.allocateDirect(ByteBuffer.java:311)
	at org.apache.ratis.server.raftlog.segmented.BufferedWriteChannel.<init>(BufferedWriteChannel.java:41)
	at org.apache.ratis.server.raftlog.segmented.SegmentedRaftLogOutputStream.<init>(SegmentedRaftLogOutputStream.java:72)
	at org.apache.ratis.server.raftlog.segmented.SegmentedRaftLogWorker$StartLogSegment.execute(SegmentedRaftLogWorker.java:566)
	at org.apache.ratis.server.raftlog.segmented.SegmentedRaftLogWorker.run(SegmentedRaftLogWorker.java:289)
	at java.lang.Thread.run(Thread.java:748)
2019-09-26 21:19:03,484 [9ce0b59e-153f-4f41-8aed-492a76d80b48@group-76F045CE1768:LeaderElection74] INFO  impl.RaftServerImpl (ServerState.java:setRaftConf(354)) - 9ce0b59e-153f-4f41-8aed-492a76d80b48@group-76F045CE1768: set configuration 0: [9ce0b59e-153f-4f41-8aed-492a76d80b48:192.168.151.99:34156], old=null at 0
2019-09-26 21:19:03,483 [9ce0b59e-153f-4f41-8aed-492a76d80b48@group-EFC0D5B99037:LeaderElection144] INFO  server.RaftServerConfigKeys (ConfUtils.java:logGet(43)) - raft.server.watch.element-limit = 65536 (default)
2019-09-26 21:19:03,482 [1178c3ae-d0b4-4d44-b144-fe8504cc41ac@group-2D6CF1A474A9:LeaderElection78] INFO  impl.RaftServerImpl (ServerState.java:setRaftConf(354)) - 1178c3ae-d0b4-4d44-b144-fe8504cc41ac@group-2D6CF1A474A9: set configuration 0: [1178c3ae-d0b4-4d44-b144-fe8504cc41ac:192.168.151.99:33787], old=null at 0
2019-09-26 21:19:03,482 [pool-27-thread-1] INFO  storage.RaftStorage (RaftStorage.java:format(72)) - Storage directory /workdir/hadoop-ozone/ozonefs/target/test-dir/MiniOzoneClusterImpl-5b64906c-d720-4906-b30c-b6d56a2122fd/datanode-0/data/ratis/41db12e1-988a-47fe-8796-90252941981a has been successfully formatted.
2019-09-26 21:19:04,355 [1178c3ae-d0b4-4d44-b144-fe8504cc41ac@group-9FAB7D69D5C6:LeaderElection116] INFO  impl.RoleInfo (RoleInfo.java:updateAndGet(143)) - 1178c3ae-d0b4-4d44-b144-fe8504cc41ac: start LeaderState
2019-09-26 21:19:03,482 [da833d8d-e72a-4068-9560-4daa2d83adc2@group-670F9015DEC2-SegmentedRaftLogWorker] ERROR segmented.SegmentedRaftLogWorker (SegmentedRaftLogWorker.java:run(323)) - da833d8d-e72a-4068-9560-4daa2d83adc2@group-670F9015DEC2-SegmentedRaftLogWorker hit exception
java.lang.OutOfMemoryError: Direct buffer memory
	at java.nio.Bits.reserveMemory(Bits.java:666)
	at java.nio.DirectByteBuffer.<init>(DirectByteBuffer.java:123)
	at java.nio.ByteBuffer.allocateDirect(ByteBuffer.java:311)
	at org.apache.ratis.server.raftlog.segmented.BufferedWriteChannel.<init>(BufferedWriteChannel.java:41)
	at org.apache.ratis.server.raftlog.segmented.SegmentedRaftLogOutputStream.<init>(SegmentedRaftLogOutputStream.java:72)
	at org.apache.ratis.server.raftlog.segmented.SegmentedRaftLogWorker$StartLogSegment.execute(SegmentedRaftLogWorker.java:566)
	at org.apache.ratis.server.raftlog.segmented.SegmentedRaftLogWorker.run(SegmentedRaftLogWorker.java:289)
	at java.lang.Thread.run(Thread.java:748)
2019-09-26 21:19:04,355 [da833d8d-e72a-4068-9560-4daa2d83adc2@group-670F9015DEC2-SegmentedRaftLogWorker] INFO  impl.RaftServerImpl (RaftServerImpl.java:lambda$shutdown$3(251)) - da833d8d-e72a-4068-9560-4daa2d83adc2@group-670F9015DEC2: shutdown
2019-09-26 21:19:03,482 [09112efe-1fad-4539-a04f-c96aef6d2351@group-C7705DB74AE6-SegmentedRaftLogWorker] ERROR segmented.SegmentedRaftLogWorker (SegmentedRaftLogWorker.java:run(323)) - 09112efe-1fad-4539-a04f-c96aef6d2351@group-C7705DB74AE6-SegmentedRaftLogWorker hit exception
java.lang.OutOfMemoryError: Direct buffer memory
	at java.nio.Bits.reserveMemory(Bits.java:666)
	at java.nio.DirectByteBuffer.<init>(DirectByteBuffer.java:123)
	at java.nio.ByteBuffer.allocateDirect(ByteBuffer.java:311)
	at org.apache.ratis.server.raftlog.segmented.BufferedWriteChannel.<init>(BufferedWriteChannel.java:41)
	at org.apache.ratis.server.raftlog.segmented.SegmentedRaftLogOutputStream.<init>(SegmentedRaftLogOutputStream.java:72)
	at org.apache.ratis.server.raftlog.segmented.SegmentedRaftLogWorker$StartLogSegment.execute(SegmentedRaftLogWorker.java:566)
	at org.apache.ratis.server.raftlog.segmented.SegmentedRaftLogWorker.run(SegmentedRaftLogWorker.java:289)
	at java.lang.Thread.run(Thread.java:748)
2019-09-26 21:19:03,482 [pool-57-thread-1] INFO  storage.RaftStorageDirectory (RaftStorageDirectory.java:tryLock(328)) - Lock on /workdir/hadoop-ozone/ozonefs/target/test-dir/MiniOzoneClusterImpl-5b64906c-d720-4906-b30c-b6d56a2122fd/datanode-3/data/ratis/41db12e1-988a-47fe-8796-90252941981a/in_use.lock acquired by nodename 10701@pr-hdds-1569-g6sp5-2013761785
2019-09-26 21:19:03,257 [9ce0b59e-153f-4f41-8aed-492a76d80b48@group-BB7203E823FB-SegmentedRaftLogWorker] INFO  util.JmxRegister (JmxRegister.java:unregister(73)) - Successfully un-registered JMX Bean with object name Ratis:service=RaftServer,group=group-BB7203E823FB,id=9ce0b59e-153f-4f41-8aed-492a76d80b48
2019-09-26 21:19:04,356 [9ce0b59e-153f-4f41-8aed-492a76d80b48@group-BB7203E823FB-SegmentedRaftLogWorker] INFO  impl.RoleInfo (RoleInfo.java:shutdownLeaderState(104)) - 9ce0b59e-153f-4f41-8aed-492a76d80b48: shutdown LeaderState
2019-09-26 21:19:03,256 [1178c3ae-d0b4-4d44-b144-fe8504cc41ac@group-AB347EA75367-SegmentedRaftLogWorker] INFO  impl.RoleInfo (RoleInfo.java:shutdownLeaderState(104)) - 1178c3ae-d0b4-4d44-b144-fe8504cc41ac: shutdown LeaderState
2019-09-26 21:19:03,256 [Thread-771] INFO  impl.RoleInfo (RoleInfo.java:shutdownFollowerState(121)) - da833d8d-e72a-4068-9560-4daa2d83adc2: shutdown FollowerState
2019-09-26 21:19:03,256 [0c640f50-2bc9-49b6-b785-a27e3116e6ba@group-83E834069CCA:LeaderElection113] INFO  segmented.SegmentedRaftLogWorker (SegmentedRaftLogWorker.java:startLogSegment(380)) - 0c640f50-2bc9-49b6-b785-a27e3116e6ba@group-83E834069CCA-SegmentedRaftLogWorker: Starting segment from index:0
2019-09-26 21:19:03,256 [1178c3ae-d0b4-4d44-b144-fe8504cc41ac@group-4DAA356371EA-SegmentedRaftLogWorker] INFO  util.JmxRegister (JmxRegister.java:unregister(73)) - Successfully un-registered JMX Bean with object name Ratis:service=RaftServer,group=group-4DAA356371EA,id=1178c3ae-d0b4-4d44-b144-fe8504cc41ac
2019-09-26 21:19:03,256 [Thread-764] INFO  impl.RoleInfo (RoleInfo.java:shutdownFollowerState(121)) - 09112efe-1fad-4539-a04f-c96aef6d2351: shutdown FollowerState
2019-09-26 21:19:03,256 [09112efe-1fad-4539-a04f-c96aef6d2351@group-B01EA420B1EB-SegmentedRaftLogWorker] INFO  segmented.SegmentedRaftLogWorker (SegmentedRaftLogWorker.java:close(228)) - 09112efe-1fad-4539-a04f-c96aef6d2351@group-B01EA420B1EB-SegmentedRaftLogWorker close()
2019-09-26 21:19:03,256 [1178c3ae-d0b4-4d44-b144-fe8504cc41ac@group-F9263122AC59-SegmentedRaftLogWorker] INFO  impl.StateMachineUpdater (StateMachineUpdater.java:stopAndJoin(125)) - 1178c3ae-d0b4-4d44-b144-fe8504cc41ac@group-F9263122AC59-StateMachineUpdater: set stopIndex = -1
2019-09-26 21:19:03,255 [9ce0b59e-153f-4f41-8aed-492a76d80b48@group-7A18C9E9D23C:LeaderElection110] INFO  impl.RoleInfo (RoleInfo.java:updateAndGet(143)) - 9ce0b59e-153f-4f41-8aed-492a76d80b48: start LeaderState
2019-09-26 21:19:03,255 [09112efe-1fad-4539-a04f-c96aef6d2351@group-9A61D6C314A9-SegmentedRaftLogWorker] INFO  impl.PendingRequests (PendingRequests.java:sendNotLeaderResponses(202)) - 09112efe-1fad-4539-a04f-c96aef6d2351-PendingRequests: sendNotLeaderResponses
2019-09-26 21:19:03,255 [grpc-default-executor-1] INFO  impl.RaftServerProxy (RaftServerProxy.java:addNew(89)) - 9ce0b59e-153f-4f41-8aed-492a76d80b48: addNew group-255437930481:[0c640f50-2bc9-49b6-b785-a27e3116e6ba:192.168.151.99:42361, 9ce0b59e-153f-4f41-8aed-492a76d80b48:192.168.151.99:34156, da833d8d-e72a-4068-9560-4daa2d83adc2:192.168.151.99:38903] returns group-255437930481:java.util.concurrent.CompletableFuture@3c958b07[Not completed]
2019-09-26 21:19:03,255 [grpc-default-executor-0] INFO  impl.RaftServerProxy (RaftServerProxy.java:addNew(89)) - 0c640f50-2bc9-49b6-b785-a27e3116e6ba: addNew group-255437930481:[0c640f50-2bc9-49b6-b785-a27e3116e6ba:192.168.151.99:42361, 9ce0b59e-153f-4f41-8aed-492a76d80b48:192.168.151.99:34156, da833d8d-e72a-4068-9560-4daa2d83adc2:192.168.151.99:38903] returns group-255437930481:java.util.concurrent.CompletableFuture@ad2afa1[Not completed]
2019-09-26 21:19:03,254 [9ce0b59e-153f-4f41-8aed-492a76d80b48@group-0B4776A2646F-SegmentedRaftLogWorker] INFO  impl.PendingRequests (PendingRequests.java:sendNotLeaderResponses(202)) - 9ce0b59e-153f-4f41-8aed-492a76d80b48-PendingRequests: sendNotLeaderResponses
2019-09-26 21:19:03,254 [9ce0b59e-153f-4f41-8aed-492a76d80b48@group-91179EE64C12:LeaderElection111] INFO  impl.RoleInfo (RoleInfo.java:updateAndGet(143)) - 9ce0b59e-153f-4f41-8aed-492a76d80b48: start LeaderState
2019-09-26 21:19:03,234 [0c640f50-2bc9-49b6-b785-a27e3116e6ba@group-FD0854A06F9A-SegmentedRaftLogWorker] INFO  util.JmxRegister (JmxRegister.java:unregister(73)) - Successfully un-registered JMX Bean with object name Ratis:service=RaftServer,group=group-FD0854A06F9A,id=0c640f50-2bc9-49b6-b785-a27e3116e6ba
2019-09-26 21:19:03,233 [9ce0b59e-153f-4f41-8aed-492a76d80b48@group-00CF13531264:LeaderElection139] INFO  server.RaftServerConfigKeys (ConfUtils.java:logGet(43)) - raft.server.watch.element-limit = 65536 (default)
2019-09-26 21:19:04,359 [9ce0b59e-153f-4f41-8aed-492a76d80b48@group-91179EE64C12:LeaderElection111] INFO  segmented.SegmentedRaftLogWorker (SegmentedRaftLogWorker.java:startLogSegment(380)) - 9ce0b59e-153f-4f41-8aed-492a76d80b48@group-91179EE64C12-SegmentedRaftLogWorker: Starting segment from index:0
2019-09-26 21:19:04,359 [0c640f50-2bc9-49b6-b785-a27e3116e6ba@group-FD0854A06F9A-SegmentedRaftLogWorker] INFO  impl.RoleInfo (RoleInfo.java:shutdownLeaderState(104)) - 0c640f50-2bc9-49b6-b785-a27e3116e6ba: shutdown LeaderState
2019-09-26 21:19:04,359 [9ce0b59e-153f-4f41-8aed-492a76d80b48@group-0B4776A2646F-SegmentedRaftLogWorker] INFO  impl.StateMachineUpdater (StateMachineUpdater.java:stopAndJoin(125)) - 9ce0b59e-153f-4f41-8aed-492a76d80b48@group-0B4776A2646F-StateMachineUpdater: set stopIndex = -1
2019-09-26 21:19:04,360 [9ce0b59e-153f-4f41-8aed-492a76d80b48@group-0B4776A2646F-SegmentedRaftLogWorker] INFO  impl.RaftServerImpl (ServerState.java:close(385)) - 9ce0b59e-153f-4f41-8aed-492a76d80b48@group-0B4776A2646F: closes. applyIndex: -1
2019-09-26 21:19:04,359 [9ce0b59e-153f-4f41-8aed-492a76d80b48@group-3CF811E9C283:LeaderElection117] INFO  impl.RoleInfo (RoleInfo.java:updateAndGet(143)) - 9ce0b59e-153f-4f41-8aed-492a76d80b48: start LeaderState
2019-09-26 21:19:04,358 [09112efe-1fad-4539-a04f-c96aef6d2351@group-9A61D6C314A9-SegmentedRaftLogWorker] INFO  impl.StateMachineUpdater (StateMachineUpdater.java:stopAndJoin(125)) - 09112efe-1fad-4539-a04f-c96aef6d2351@group-9A61D6C314A9-StateMachineUpdater: set stopIndex = -1
2019-09-26 21:19:04,358 [9ce0b59e-153f-4f41-8aed-492a76d80b48@group-7A18C9E9D23C:LeaderElection110] INFO  segmented.SegmentedRaftLogWorker (SegmentedRaftLogWorker.java:startLogSegment(380)) - 9ce0b59e-153f-4f41-8aed-492a76d80b48@group-7A18C9E9D23C-SegmentedRaftLogWorker: Starting segment from index:0
2019-09-26 21:19:04,358 [1178c3ae-d0b4-4d44-b144-fe8504cc41ac@group-F9263122AC59-SegmentedRaftLogWorker] INFO  impl.RaftServerImpl (ServerState.java:close(385)) - 1178c3ae-d0b4-4d44-b144-fe8504cc41ac@group-F9263122AC59: closes. applyIndex: -1
2019-09-26 21:19:04,358 [da833d8d-e72a-4068-9560-4daa2d83adc2@group-670F9015DEC2-SegmentedRaftLogWorker] INFO  util.JmxRegister (JmxRegister.java:unregister(73)) - Successfully un-registered JMX Bean with object name Ratis:service=RaftServer,group=group-670F9015DEC2,id=da833d8d-e72a-4068-9560-4daa2d83adc2
2019-09-26 21:19:04,358 [Thread-764] INFO  impl.RaftServerImpl (RaftServerImpl.java:setRole(174)) - 09112efe-1fad-4539-a04f-c96aef6d2351@group-EB13478BB780: changes role from  FOLLOWER to CANDIDATE at term 0 for changeToCandidate
2019-09-26 21:19:04,357 [09112efe-1fad-4539-a04f-c96aef6d2351@group-D4B1EF4F61EA:LeaderElection119] INFO  impl.RoleInfo (RoleInfo.java:updateAndGet(143)) - 09112efe-1fad-4539-a04f-c96aef6d2351: start LeaderState
2019-09-26 21:19:04,357 [1178c3ae-d0b4-4d44-b144-fe8504cc41ac@group-4DAA356371EA-SegmentedRaftLogWorker] INFO  impl.RoleInfo (RoleInfo.java:shutdownLeaderState(104)) - 1178c3ae-d0b4-4d44-b144-fe8504cc41ac: shutdown LeaderState
2019-09-26 21:19:04,357 [Thread-771] INFO  impl.RaftServerImpl (RaftServerImpl.java:setRole(174)) - da833d8d-e72a-4068-9560-4daa2d83adc2@group-48B7BC6FD74C: changes role from  FOLLOWER to CANDIDATE at term 0 for changeToCandidate
2019-09-26 21:19:04,357 [1178c3ae-d0b4-4d44-b144-fe8504cc41ac@group-AB347EA75367-SegmentedRaftLogWorker] INFO  impl.PendingRequests (PendingRequests.java:sendNotLeaderResponses(202)) - 1178c3ae-d0b4-4d44-b144-fe8504cc41ac-PendingRequests: sendNotLeaderResponses
2019-09-26 21:19:04,357 [9ce0b59e-153f-4f41-8aed-492a76d80b48@group-BB7203E823FB-SegmentedRaftLogWorker] INFO  impl.PendingRequests (PendingRequests.java:sendNotLeaderResponses(202)) - 9ce0b59e-153f-4f41-8aed-492a76d80b48-PendingRequests: sendNotLeaderResponses
2019-09-26 21:19:04,356 [9ce0b59e-153f-4f41-8aed-492a76d80b48@group-E873E827AB57:LeaderElection118] INFO  impl.RoleInfo (RoleInfo.java:updateAndGet(143)) - 9ce0b59e-153f-4f41-8aed-492a76d80b48: start LeaderState
2019-09-26 21:19:04,361 [9ce0b59e-153f-4f41-8aed-492a76d80b48@group-BB7203E823FB-SegmentedRaftLogWorker] INFO  impl.StateMachineUpdater (StateMachineUpdater.java:stopAndJoin(125)) - 9ce0b59e-153f-4f41-8aed-492a76d80b48@group-BB7203E823FB-StateMachineUpdater: set stopIndex = -1
2019-09-26 21:19:04,361 [9ce0b59e-153f-4f41-8aed-492a76d80b48@group-BB7203E823FB-SegmentedRaftLogWorker] INFO  impl.RaftServerImpl (ServerState.java:close(385)) - 9ce0b59e-153f-4f41-8aed-492a76d80b48@group-BB7203E823FB: closes. applyIndex: -1
2019-09-26 21:19:04,356 [09112efe-1fad-4539-a04f-c96aef6d2351@group-C7705DB74AE6-SegmentedRaftLogWorker] INFO  impl.RaftServerImpl (RaftServerImpl.java:lambda$shutdown$3(251)) - 09112efe-1fad-4539-a04f-c96aef6d2351@group-C7705DB74AE6: shutdown
2019-09-26 21:19:04,355 [1178c3ae-d0b4-4d44-b144-fe8504cc41ac@group-9FAB7D69D5C6:LeaderElection116] INFO  segmented.SegmentedRaftLogWorker (SegmentedRaftLogWorker.java:startLogSegment(380)) - 1178c3ae-d0b4-4d44-b144-fe8504cc41ac@group-9FAB7D69D5C6-SegmentedRaftLogWorker: Starting segment from index:0
2019-09-26 21:19:04,355 [pool-27-thread-1] INFO  ratis.ContainerStateMachine (ContainerStateMachine.java:loadSnapshot(230)) - group-90252941981A: The snapshot info is null. Setting the last applied indexto:(t:0, i:~)
2019-09-26 21:19:04,354 [1178c3ae-d0b4-4d44-b144-fe8504cc41ac@group-9D69517A24DC-SegmentedRaftLogWorker] INFO  impl.RaftServerImpl (RaftServerImpl.java:lambda$shutdown$3(251)) - 1178c3ae-d0b4-4d44-b144-fe8504cc41ac@group-9D69517A24DC: shutdown
2019-09-26 21:19:04,353 [09112efe-1fad-4539-a04f-c96aef6d2351@group-B70CCCEBCAE4-SegmentedRaftLogWorker] INFO  impl.RaftServerImpl (RaftServerImpl.java:lambda$shutdown$3(251)) - 09112efe-1fad-4539-a04f-c96aef6d2351@group-B70CCCEBCAE4: shutdown
2019-09-26 21:19:04,353 [9ce0b59e-153f-4f41-8aed-492a76d80b48@group-CB9EA65D9F76-SegmentedRaftLogWorker] INFO  util.JmxRegister (JmxRegister.java:unregister(73)) - Successfully un-registered JMX Bean with object name Ratis:service=RaftServer,group=group-CB9EA65D9F76,id=9ce0b59e-153f-4f41-8aed-492a76d80b48
2019-09-26 21:19:04,329 [9ce0b59e-153f-4f41-8aed-492a76d80b48@group-0F1744F08A48:LeaderElection145] INFO  server.RaftServerConfigKeys (ConfUtils.java:logGet(43)) - raft.server.staging.catchup.gap = 1000 (default)
2019-09-26 21:19:04,328 [9ce0b59e-153f-4f41-8aed-492a76d80b48@group-5F3B934AB93E-SegmentedRaftLogWorker] INFO  impl.RaftServerImpl (RaftServerImpl.java:lambda$shutdown$3(251)) - 9ce0b59e-153f-4f41-8aed-492a76d80b48@group-5F3B934AB93E: shutdown
2019-09-26 21:19:04,328 [1178c3ae-d0b4-4d44-b144-fe8504cc41ac@group-FDB5F72744EF:LeaderElection114] INFO  impl.RoleInfo (RoleInfo.java:updateAndGet(143)) - 1178c3ae-d0b4-4d44-b144-fe8504cc41ac: start LeaderState
2019-09-26 21:19:04,328 [0c640f50-2bc9-49b6-b785-a27e3116e6ba@group-CD486E0DF44D-SegmentedRaftLogWorker] INFO  segmented.SegmentedRaftLogWorker (SegmentedRaftLogWorker.java:close(228)) - 0c640f50-2bc9-49b6-b785-a27e3116e6ba@group-CD486E0DF44D-SegmentedRaftLogWorker close()
2019-09-26 21:19:04,327 [9ce0b59e-153f-4f41-8aed-492a76d80b48@group-9537751EFAC3-SegmentedRaftLogWorker] ERROR segmented.SegmentedRaftLogWorker (SegmentedRaftLogWorker.java:run(323)) - 9ce0b59e-153f-4f41-8aed-492a76d80b48@group-9537751EFAC3-SegmentedRaftLogWorker hit exception
java.lang.OutOfMemoryError: Direct buffer memory
	at java.nio.Bits.reserveMemory(Bits.java:666)
	at java.nio.DirectByteBuffer.<init>(DirectByteBuffer.java:123)
	at java.nio.ByteBuffer.allocateDirect(ByteBuffer.java:311)
	at org.apache.ratis.server.raftlog.segmented.BufferedWriteChannel.<init>(BufferedWriteChannel.java:41)
	at org.apache.ratis.server.raftlog.segmented.SegmentedRaftLogOutputStream.<init>(SegmentedRaftLogOutputStream.java:72)
	at org.apache.ratis.server.raftlog.segmented.SegmentedRaftLogWorker$StartLogSegment.execute(SegmentedRaftLogWorker.java:566)
	at org.apache.ratis.server.raftlog.segmented.SegmentedRaftLogWorker.run(SegmentedRaftLogWorker.java:289)
	at java.lang.Thread.run(Thread.java:748)
2019-09-26 21:19:04,327 [1178c3ae-d0b4-4d44-b144-fe8504cc41ac@group-6F8F1CDBCF1F-SegmentedRaftLogWorker] ERROR segmented.SegmentedRaftLogWorker (SegmentedRaftLogWorker.java:run(323)) - 1178c3ae-d0b4-4d44-b144-fe8504cc41ac@group-6F8F1CDBCF1F-SegmentedRaftLogWorker hit exception
java.lang.OutOfMemoryError: Direct buffer memory
	at java.nio.Bits.reserveMemory(Bits.java:666)
	at java.nio.DirectByteBuffer.<init>(DirectByteBuffer.java:123)
	at java.nio.ByteBuffer.allocateDirect(ByteBuffer.java:311)
	at org.apache.ratis.server.raftlog.segmented.BufferedWriteChannel.<init>(BufferedWriteChannel.java:41)
	at org.apache.ratis.server.raftlog.segmented.SegmentedRaftLogOutputStream.<init>(SegmentedRaftLogOutputStream.java:72)
	at org.apache.ratis.server.raftlog.segmented.SegmentedRaftLogWorker$StartLogSegment.execute(SegmentedRaftLogWorker.java:566)
	at org.apache.ratis.server.raftlog.segmented.SegmentedRaftLogWorker.run(SegmentedRaftLogWorker.java:289)
	at java.lang.Thread.run(Thread.java:748)
2019-09-26 21:19:04,141 [9ce0b59e-153f-4f41-8aed-492a76d80b48@group-3B9CADCF1AEC:LeaderElection72] INFO  impl.RaftServerImpl (ServerState.java:setRaftConf(354)) - 9ce0b59e-153f-4f41-8aed-492a76d80b48@group-3B9CADCF1AEC: set configuration 0: [9ce0b59e-153f-4f41-8aed-492a76d80b48:192.168.151.99:34156], old=null at 0
2019-09-26 21:19:04,141 [9ce0b59e-153f-4f41-8aed-492a76d80b48@group-7B4BEC4DC6F2:LeaderElection115] INFO  segmented.SegmentedRaftLogWorker (SegmentedRaftLogWorker.java:startLogSegment(380)) - 9ce0b59e-153f-4f41-8aed-492a76d80b48@group-7B4BEC4DC6F2-SegmentedRaftLogWorker: Starting segment from index:0
2019-09-26 21:19:04,141 [pool-47-thread-1] INFO  storage.RaftStorageDirectory (RaftStorageDirectory.java:tryLock(328)) - Lock on /workdir/hadoop-ozone/ozonefs/target/test-dir/MiniOzoneClusterImpl-5b64906c-d720-4906-b30c-b6d56a2122fd/datanode-2/data/ratis/41db12e1-988a-47fe-8796-90252941981a/in_use.lock acquired by nodename 10701@pr-hdds-1569-g6sp5-2013761785
2019-09-26 21:19:03,906 [9ce0b59e-153f-4f41-8aed-492a76d80b48@group-77990DBFA164-SegmentedRaftLogWorker] INFO  util.JmxRegister (JmxRegister.java:unregister(73)) - Successfully un-registered JMX Bean with object name Ratis:service=RaftServer,group=group-77990DBFA164,id=9ce0b59e-153f-4f41-8aed-492a76d80b48
2019-09-26 21:19:04,989 [9ce0b59e-153f-4f41-8aed-492a76d80b48@group-7B4BEC4DC6F2:LeaderElection115] INFO  impl.RaftServerImpl (ServerState.java:setRaftConf(354)) - 9ce0b59e-153f-4f41-8aed-492a76d80b48@group-7B4BEC4DC6F2: set configuration 0: [9ce0b59e-153f-4f41-8aed-492a76d80b48:192.168.151.99:34156], old=null at 0
2019-09-26 21:19:04,988 [9ce0b59e-153f-4f41-8aed-492a76d80b48@group-91179EE64C12:LeaderElection111] INFO  impl.RaftServerImpl (ServerState.java:setRaftConf(354)) - 9ce0b59e-153f-4f41-8aed-492a76d80b48@group-91179EE64C12: set configuration 0: [9ce0b59e-153f-4f41-8aed-492a76d80b48:192.168.151.99:34156], old=null at 0
2019-09-26 21:19:04,986 [0c640f50-2bc9-49b6-b785-a27e3116e6ba@group-0A76B9112B2F-SegmentedRaftLogWorker] ERROR segmented.SegmentedRaftLogWorker (SegmentedRaftLogWorker.java:run(323)) - 0c640f50-2bc9-49b6-b785-a27e3116e6ba@group-0A76B9112B2F-SegmentedRaftLogWorker hit exception
java.lang.OutOfMemoryError: Direct buffer memory
	at java.nio.Bits.reserveMemory(Bits.java:666)
	at java.nio.DirectByteBuffer.<init>(DirectByteBuffer.java:123)
	at java.nio.ByteBuffer.allocateDirect(ByteBuffer.java:311)
	at org.apache.ratis.server.raftlog.segmented.BufferedWriteChannel.<init>(BufferedWriteChannel.java:41)
	at org.apache.ratis.server.raftlog.segmented.SegmentedRaftLogOutputStream.<init>(SegmentedRaftLogOutputStream.java:72)
	at org.apache.ratis.server.raftlog.segmented.SegmentedRaftLogWorker$StartLogSegment.execute(SegmentedRaftLogWorker.java:566)
	at org.apache.ratis.server.raftlog.segmented.SegmentedRaftLogWorker.run(SegmentedRaftLogWorker.java:289)
	at java.lang.Thread.run(Thread.java:748)
2019-09-26 21:19:04,410 [9ce0b59e-153f-4f41-8aed-492a76d80b48@group-7A18C9E9D23C:LeaderElection110] INFO  impl.RaftServerImpl (ServerState.java:setRaftConf(354)) - 9ce0b59e-153f-4f41-8aed-492a76d80b48@group-7A18C9E9D23C: set configuration 0: [9ce0b59e-153f-4f41-8aed-492a76d80b48:192.168.151.99:34156], old=null at 0
2019-09-26 21:19:04,409 [1178c3ae-d0b4-4d44-b144-fe8504cc41ac@group-6F8F1CDBCF1F-SegmentedRaftLogWorker] INFO  impl.RaftServerImpl (RaftServerImpl.java:lambda$shutdown$3(251)) - 1178c3ae-d0b4-4d44-b144-fe8504cc41ac@group-6F8F1CDBCF1F: shutdown
2019-09-26 21:19:04,409 [1178c3ae-d0b4-4d44-b144-fe8504cc41ac@group-9FAB7D69D5C6:LeaderElection116] INFO  impl.RaftServerImpl (ServerState.java:setRaftConf(354)) - 1178c3ae-d0b4-4d44-b144-fe8504cc41ac@group-9FAB7D69D5C6: set configuration 0: [1178c3ae-d0b4-4d44-b144-fe8504cc41ac:192.168.151.99:33787], old=null at 0
2019-09-26 21:19:04,409 [Thread-764] INFO  impl.RoleInfo (RoleInfo.java:updateAndGet(143)) - 09112efe-1fad-4539-a04f-c96aef6d2351: start LeaderElection
2019-09-26 21:19:04,409 [9ce0b59e-153f-4f41-8aed-492a76d80b48@group-9537751EFAC3-SegmentedRaftLogWorker] INFO  impl.RaftServerImpl (RaftServerImpl.java:lambda$shutdown$3(251)) - 9ce0b59e-153f-4f41-8aed-492a76d80b48@group-9537751EFAC3: shutdown
2019-09-26 21:19:04,409 [Thread-771] INFO  impl.RoleInfo (RoleInfo.java:updateAndGet(143)) - da833d8d-e72a-4068-9560-4daa2d83adc2: start LeaderElection
2019-09-26 21:19:04,381 [09112efe-1fad-4539-a04f-c96aef6d2351@group-C1CCE81E3AA9:LeaderElection141] INFO  impl.RoleInfo (RoleInfo.java:updateAndGet(143)) - 09112efe-1fad-4539-a04f-c96aef6d2351: start LeaderState
2019-09-26 21:19:04,381 [1178c3ae-d0b4-4d44-b144-fe8504cc41ac@group-F8E1B0E88623:LeaderElection142] INFO  impl.RoleInfo (RoleInfo.java:updateAndGet(143)) - 1178c3ae-d0b4-4d44-b144-fe8504cc41ac: start LeaderState
2019-09-26 21:19:04,381 [09112efe-1fad-4539-a04f-c96aef6d2351@group-3320048E059F:LeaderElection143] INFO  impl.RoleInfo (RoleInfo.java:updateAndGet(143)) - 09112efe-1fad-4539-a04f-c96aef6d2351: start LeaderState
2019-09-26 21:19:04,381 [09112efe-1fad-4539-a04f-c96aef6d2351@group-EC252041ED71:LeaderElection134] INFO  impl.RoleInfo (RoleInfo.java:updateAndGet(143)) - 09112efe-1fad-4539-a04f-c96aef6d2351: start LeaderState
2019-09-26 21:19:04,381 [1178c3ae-d0b4-4d44-b144-fe8504cc41ac@group-5EAC8502C8A3:LeaderElection132] INFO  impl.RoleInfo (RoleInfo.java:updateAndGet(143)) - 1178c3ae-d0b4-4d44-b144-fe8504cc41ac: start LeaderState
2019-09-26 21:19:05,462 [09112efe-1fad-4539-a04f-c96aef6d2351@group-EC252041ED71:LeaderElection134] INFO  segmented.SegmentedRaftLogWorker (SegmentedRaftLogWorker.java:startLogSegment(380)) - 09112efe-1fad-4539-a04f-c96aef6d2351@group-EC252041ED71-SegmentedRaftLogWorker: Starting segment from index:0
2019-09-26 21:19:04,381 [9ce0b59e-153f-4f41-8aed-492a76d80b48@group-F4F4B9E0C0D9:LeaderElection138] INFO  impl.RoleInfo (RoleInfo.java:updateAndGet(143)) - 9ce0b59e-153f-4f41-8aed-492a76d80b48: start LeaderState
2019-09-26 21:19:04,381 [da833d8d-e72a-4068-9560-4daa2d83adc2@group-511FA1580F8F:LeaderElection135] INFO  impl.RoleInfo (RoleInfo.java:updateAndGet(143)) - da833d8d-e72a-4068-9560-4daa2d83adc2: start LeaderState
2019-09-26 21:19:04,380 [9ce0b59e-153f-4f41-8aed-492a76d80b48@group-486ABFFF1652:LeaderElection137] INFO  impl.RoleInfo (RoleInfo.java:updateAndGet(143)) - 9ce0b59e-153f-4f41-8aed-492a76d80b48: start LeaderState
2019-09-26 21:19:04,380 [9ce0b59e-153f-4f41-8aed-492a76d80b48@group-9CC82A6B0D81:LeaderElection140] INFO  impl.RoleInfo (RoleInfo.java:updateAndGet(143)) - 9ce0b59e-153f-4f41-8aed-492a76d80b48: start LeaderState
2019-09-26 21:19:04,380 [9ce0b59e-153f-4f41-8aed-492a76d80b48@group-84D243744114:LeaderElection129] INFO  impl.RoleInfo (RoleInfo.java:updateAndGet(143)) - 9ce0b59e-153f-4f41-8aed-492a76d80b48: start LeaderState
2019-09-26 21:19:04,379 [1178c3ae-d0b4-4d44-b144-fe8504cc41ac@group-FD9251D15172:LeaderElection133] INFO  impl.RoleInfo (RoleInfo.java:updateAndGet(143)) - 1178c3ae-d0b4-4d44-b144-fe8504cc41ac: start LeaderState
2019-09-26 21:19:05,718 [9ce0b59e-153f-4f41-8aed-492a76d80b48@group-84D243744114:LeaderElection129] INFO  segmented.SegmentedRaftLogWorker (SegmentedRaftLogWorker.java:startLogSegment(380)) - 9ce0b59e-153f-4f41-8aed-492a76d80b48@group-84D243744114-SegmentedRaftLogWorker: Starting segment from index:0
2019-09-26 21:19:04,378 [9ce0b59e-153f-4f41-8aed-492a76d80b48@group-3B90256A708A:LeaderElection136] INFO  impl.RoleInfo (RoleInfo.java:updateAndGet(143)) - 9ce0b59e-153f-4f41-8aed-492a76d80b48: start LeaderState
2019-09-26 21:19:04,373 [da833d8d-e72a-4068-9560-4daa2d83adc2@group-9A832E30A4CB:LeaderElection127] INFO  impl.RoleInfo (RoleInfo.java:updateAndGet(143)) - da833d8d-e72a-4068-9560-4daa2d83adc2: start LeaderState
2019-09-26 21:19:04,373 [9ce0b59e-153f-4f41-8aed-492a76d80b48@group-D00789A57A5B:LeaderElection130] INFO  impl.RoleInfo (RoleInfo.java:updateAndGet(143)) - 9ce0b59e-153f-4f41-8aed-492a76d80b48: start LeaderState
2019-09-26 21:19:04,372 [0c640f50-2bc9-49b6-b785-a27e3116e6ba@group-0323BB0C2CB1:LeaderElection126] INFO  impl.RoleInfo (RoleInfo.java:updateAndGet(143)) - 0c640f50-2bc9-49b6-b785-a27e3116e6ba: start LeaderState
2019-09-26 21:19:04,371 [9ce0b59e-153f-4f41-8aed-492a76d80b48@group-6F05E871BC73:LeaderElection128] INFO  impl.RoleInfo (RoleInfo.java:updateAndGet(143)) - 9ce0b59e-153f-4f41-8aed-492a76d80b48: start LeaderState
2019-09-26 21:19:04,370 [9ce0b59e-153f-4f41-8aed-492a76d80b48@group-9339CCE34269:LeaderElection123] INFO  impl.RoleInfo (RoleInfo.java:updateAndGet(143)) - 9ce0b59e-153f-4f41-8aed-492a76d80b48: start LeaderState
2019-09-26 21:19:04,370 [pool-57-thread-1] INFO  storage.RaftStorage (RaftStorage.java:format(72)) - Storage directory /workdir/hadoop-ozone/ozonefs/target/test-dir/MiniOzoneClusterImpl-5b64906c-d720-4906-b30c-b6d56a2122fd/datanode-3/data/ratis/41db12e1-988a-47fe-8796-90252941981a has been successfully formatted.
2019-09-26 21:19:04,370 [9ce0b59e-153f-4f41-8aed-492a76d80b48@group-502FD49C5050:LeaderElection131] INFO  impl.RoleInfo (RoleInfo.java:updateAndGet(143)) - 9ce0b59e-153f-4f41-8aed-492a76d80b48: start LeaderState
2019-09-26 21:19:04,369 [09112efe-1fad-4539-a04f-c96aef6d2351@group-C15524DE485D:LeaderElection120] INFO  impl.RoleInfo (RoleInfo.java:updateAndGet(143)) - 09112efe-1fad-4539-a04f-c96aef6d2351: start LeaderState
2019-09-26 21:19:04,368 [1178c3ae-d0b4-4d44-b144-fe8504cc41ac@group-04E8659F51F7:LeaderElection124] INFO  impl.RoleInfo (RoleInfo.java:updateAndGet(143)) - 1178c3ae-d0b4-4d44-b144-fe8504cc41ac: start LeaderState
2019-09-26 21:19:05,898 [09112efe-1fad-4539-a04f-c96aef6d2351@group-C15524DE485D:LeaderElection120] INFO  segmented.SegmentedRaftLogWorker (SegmentedRaftLogWorker.java:startLogSegment(380)) - 09112efe-1fad-4539-a04f-c96aef6d2351@group-C15524DE485D-SegmentedRaftLogWorker: Starting segment from index:0
2019-09-26 21:19:04,367 [da833d8d-e72a-4068-9560-4daa2d83adc2@group-ED372BCAD154:LeaderElection125] INFO  impl.RoleInfo (RoleInfo.java:updateAndGet(143)) - da833d8d-e72a-4068-9560-4daa2d83adc2: start LeaderState
2019-09-26 21:19:04,366 [9ce0b59e-153f-4f41-8aed-492a76d80b48@group-D7AB65BEAEEF:LeaderElection122] INFO  impl.RoleInfo (RoleInfo.java:updateAndGet(143)) - 9ce0b59e-153f-4f41-8aed-492a76d80b48: start LeaderState
2019-09-26 21:19:04,365 [9ce0b59e-153f-4f41-8aed-492a76d80b48@group-543D5ED6ABE1:LeaderElection121] INFO  impl.RoleInfo (RoleInfo.java:updateAndGet(143)) - 9ce0b59e-153f-4f41-8aed-492a76d80b48: start LeaderState
2019-09-26 21:19:06,122 [9ce0b59e-153f-4f41-8aed-492a76d80b48@group-D7AB65BEAEEF:LeaderElection122] INFO  segmented.SegmentedRaftLogWorker (SegmentedRaftLogWorker.java:startLogSegment(380)) - 9ce0b59e-153f-4f41-8aed-492a76d80b48@group-D7AB65BEAEEF-SegmentedRaftLogWorker: Starting segment from index:0
2019-09-26 21:19:04,365 [9ce0b59e-153f-4f41-8aed-492a76d80b48@group-5F3B934AB93E-SegmentedRaftLogWorker] INFO  util.JmxRegister (JmxRegister.java:unregister(73)) - Successfully un-registered JMX Bean with object name Ratis:service=RaftServer,group=group-5F3B934AB93E,id=9ce0b59e-153f-4f41-8aed-492a76d80b48
2019-09-26 21:19:04,364 [09112efe-1fad-4539-a04f-c96aef6d2351@group-B70CCCEBCAE4-SegmentedRaftLogWorker] INFO  util.JmxRegister (JmxRegister.java:unregister(73)) - Successfully un-registered JMX Bean with object name Ratis:service=RaftServer,group=group-B70CCCEBCAE4,id=09112efe-1fad-4539-a04f-c96aef6d2351
2019-09-26 21:19:04,364 [1178c3ae-d0b4-4d44-b144-fe8504cc41ac@group-9D69517A24DC-SegmentedRaftLogWorker] INFO  util.JmxRegister (JmxRegister.java:unregister(73)) - Successfully un-registered JMX Bean with object name Ratis:service=RaftServer,group=group-9D69517A24DC,id=1178c3ae-d0b4-4d44-b144-fe8504cc41ac
2019-09-26 21:19:06,365 [1178c3ae-d0b4-4d44-b144-fe8504cc41ac@group-9D69517A24DC-SegmentedRaftLogWorker] INFO  impl.RoleInfo (RoleInfo.java:shutdownLeaderState(104)) - 1178c3ae-d0b4-4d44-b144-fe8504cc41ac: shutdown LeaderState
2019-09-26 21:19:04,363 [09112efe-1fad-4539-a04f-c96aef6d2351@group-C7705DB74AE6-SegmentedRaftLogWorker] INFO  util.JmxRegister (JmxRegister.java:unregister(73)) - Successfully un-registered JMX Bean with object name Ratis:service=RaftServer,group=group-C7705DB74AE6,id=09112efe-1fad-4539-a04f-c96aef6d2351
2019-09-26 21:19:04,363 [1178c3ae-d0b4-4d44-b144-fe8504cc41ac@group-FDB5F72744EF:LeaderElection114] INFO  segmented.SegmentedRaftLogWorker (SegmentedRaftLogWorker.java:startLogSegment(380)) - 1178c3ae-d0b4-4d44-b144-fe8504cc41ac@group-FDB5F72744EF-SegmentedRaftLogWorker: Starting segment from index:0
2019-09-26 21:19:04,362 [9ce0b59e-153f-4f41-8aed-492a76d80b48@group-0F1744F08A48:LeaderElection145] INFO  server.RaftServerConfigKeys (ConfUtils.java:logGet(43)) - raft.server.rpc.sleep.time = 25ms (default)
2019-09-26 21:19:04,362 [9ce0b59e-153f-4f41-8aed-492a76d80b48@group-CB9EA65D9F76-SegmentedRaftLogWorker] INFO  impl.RoleInfo (RoleInfo.java:shutdownLeaderState(104)) - 9ce0b59e-153f-4f41-8aed-492a76d80b48: shutdown LeaderState
2019-09-26 21:19:04,362 [pool-27-thread-1] INFO  server.RaftServerConfigKeys (ConfUtils.java:logGet(43)) - raft.server.notification.no-leader.timeout = 120s (custom)
2019-09-26 21:19:04,362 [9ce0b59e-153f-4f41-8aed-492a76d80b48@group-BB7203E823FB-SegmentedRaftLogWorker] INFO  segmented.SegmentedRaftLogWorker (SegmentedRaftLogWorker.java:close(228)) - 9ce0b59e-153f-4f41-8aed-492a76d80b48@group-BB7203E823FB-SegmentedRaftLogWorker close()
2019-09-26 21:19:04,361 [9ce0b59e-153f-4f41-8aed-492a76d80b48@group-E873E827AB57:LeaderElection118] INFO  segmented.SegmentedRaftLogWorker (SegmentedRaftLogWorker.java:startLogSegment(380)) - 9ce0b59e-153f-4f41-8aed-492a76d80b48@group-E873E827AB57-SegmentedRaftLogWorker: Starting segment from index:0
2019-09-26 21:19:04,361 [1178c3ae-d0b4-4d44-b144-fe8504cc41ac@group-AB347EA75367-SegmentedRaftLogWorker] INFO  impl.StateMachineUpdater (StateMachineUpdater.java:stopAndJoin(125)) - 1178c3ae-d0b4-4d44-b144-fe8504cc41ac@group-AB347EA75367-StateMachineUpdater: set stopIndex = -1
2019-09-26 21:19:06,593 [1178c3ae-d0b4-4d44-b144-fe8504cc41ac@group-AB347EA75367-SegmentedRaftLogWorker] INFO  impl.RaftServerImpl (ServerState.java:close(385)) - 1178c3ae-d0b4-4d44-b144-fe8504cc41ac@group-AB347EA75367: closes. applyIndex: -1
2019-09-26 21:19:06,843 [9ce0b59e-153f-4f41-8aed-492a76d80b48@group-E873E827AB57:LeaderElection118] INFO  impl.RaftServerImpl (ServerState.java:setRaftConf(354)) - 9ce0b59e-153f-4f41-8aed-492a76d80b48@group-E873E827AB57: set configuration 0: [9ce0b59e-153f-4f41-8aed-492a76d80b48:192.168.151.99:34156], old=null at 0
2019-09-26 21:19:04,361 [1178c3ae-d0b4-4d44-b144-fe8504cc41ac@group-4DAA356371EA-SegmentedRaftLogWorker] INFO  impl.PendingRequests (PendingRequests.java:sendNotLeaderResponses(202)) - 1178c3ae-d0b4-4d44-b144-fe8504cc41ac-PendingRequests: sendNotLeaderResponses
2019-09-26 21:19:04,361 [09112efe-1fad-4539-a04f-c96aef6d2351@group-D4B1EF4F61EA:LeaderElection119] INFO  segmented.SegmentedRaftLogWorker (SegmentedRaftLogWorker.java:startLogSegment(380)) - 09112efe-1fad-4539-a04f-c96aef6d2351@group-D4B1EF4F61EA-SegmentedRaftLogWorker: Starting segment from index:0
2019-09-26 21:19:04,360 [da833d8d-e72a-4068-9560-4daa2d83adc2@group-670F9015DEC2-SegmentedRaftLogWorker] INFO  impl.RoleInfo (RoleInfo.java:shutdownLeaderState(104)) - da833d8d-e72a-4068-9560-4daa2d83adc2: shutdown LeaderState
2019-09-26 21:19:04,360 [1178c3ae-d0b4-4d44-b144-fe8504cc41ac@group-F9263122AC59-SegmentedRaftLogWorker] INFO  segmented.SegmentedRaftLogWorker (SegmentedRaftLogWorker.java:close(228)) - 1178c3ae-d0b4-4d44-b144-fe8504cc41ac@group-F9263122AC59-SegmentedRaftLogWorker close()
2019-09-26 21:19:04,360 [09112efe-1fad-4539-a04f-c96aef6d2351@group-9A61D6C314A9-SegmentedRaftLogWorker] INFO  impl.RaftServerImpl (ServerState.java:close(385)) - 09112efe-1fad-4539-a04f-c96aef6d2351@group-9A61D6C314A9: closes. applyIndex: -1
2019-09-26 21:19:04,360 [9ce0b59e-153f-4f41-8aed-492a76d80b48@group-3CF811E9C283:LeaderElection117] INFO  segmented.SegmentedRaftLogWorker (SegmentedRaftLogWorker.java:startLogSegment(380)) - 9ce0b59e-153f-4f41-8aed-492a76d80b48@group-3CF811E9C283-SegmentedRaftLogWorker: Starting segment from index:0
2019-09-26 21:19:04,360 [9ce0b59e-153f-4f41-8aed-492a76d80b48@group-0B4776A2646F-SegmentedRaftLogWorker] INFO  segmented.SegmentedRaftLogWorker (SegmentedRaftLogWorker.java:close(228)) - 9ce0b59e-153f-4f41-8aed-492a76d80b48@group-0B4776A2646F-SegmentedRaftLogWorker close()
2019-09-26 21:19:04,359 [0c640f50-2bc9-49b6-b785-a27e3116e6ba@group-FD0854A06F9A-SegmentedRaftLogWorker] INFO  impl.PendingRequests (PendingRequests.java:sendNotLeaderResponses(202)) - 0c640f50-2bc9-49b6-b785-a27e3116e6ba-PendingRequests: sendNotLeaderResponses
2019-09-26 21:19:07,117 [09112efe-1fad-4539-a04f-c96aef6d2351@group-9A61D6C314A9-SegmentedRaftLogWorker] INFO  segmented.SegmentedRaftLogWorker (SegmentedRaftLogWorker.java:close(228)) - 09112efe-1fad-4539-a04f-c96aef6d2351@group-9A61D6C314A9-SegmentedRaftLogWorker close()
2019-09-26 21:19:07,111 [9ce0b59e-153f-4f41-8aed-492a76d80b48@group-91179EE64C12-SegmentedRaftLogWorker] ERROR segmented.SegmentedRaftLogWorker (SegmentedRaftLogWorker.java:run(323)) - 9ce0b59e-153f-4f41-8aed-492a76d80b48@group-91179EE64C12-SegmentedRaftLogWorker hit exception
java.lang.OutOfMemoryError: Direct buffer memory
	at java.nio.Bits.reserveMemory(Bits.java:666)
	at java.nio.DirectByteBuffer.<init>(DirectByteBuffer.java:123)
	at java.nio.ByteBuffer.allocateDirect(ByteBuffer.java:311)
	at org.apache.ratis.server.raftlog.segmented.BufferedWriteChannel.<init>(BufferedWriteChannel.java:41)
	at org.apache.ratis.server.raftlog.segmented.SegmentedRaftLogOutputStream.<init>(SegmentedRaftLogOutputStream.java:72)
	at org.apache.ratis.server.raftlog.segmented.SegmentedRaftLogWorker$StartLogSegment.execute(SegmentedRaftLogWorker.java:566)
	at org.apache.ratis.server.raftlog.segmented.SegmentedRaftLogWorker.run(SegmentedRaftLogWorker.java:289)
	at java.lang.Thread.run(Thread.java:748)
2019-09-26 21:19:06,844 [09112efe-1fad-4539-a04f-c96aef6d2351@group-D4B1EF4F61EA:LeaderElection119] INFO  impl.RaftServerImpl (ServerState.java:setRaftConf(354)) - 09112efe-1fad-4539-a04f-c96aef6d2351@group-D4B1EF4F61EA: set configuration 0: [09112efe-1fad-4539-a04f-c96aef6d2351:192.168.151.99:45286], old=null at 0
2019-09-26 21:19:06,844 [9ce0b59e-153f-4f41-8aed-492a76d80b48@group-7B4BEC4DC6F2-SegmentedRaftLogWorker] ERROR segmented.SegmentedRaftLogWorker (SegmentedRaftLogWorker.java:run(323)) - 9ce0b59e-153f-4f41-8aed-492a76d80b48@group-7B4BEC4DC6F2-SegmentedRaftLogWorker hit exception
java.lang.OutOfMemoryError: Direct buffer memory
	at java.nio.Bits.reserveMemory(Bits.java:666)
	at java.nio.DirectByteBuffer.<init>(DirectByteBuffer.java:123)
	at java.nio.ByteBuffer.allocateDirect(ByteBuffer.java:311)
	at org.apache.ratis.server.raftlog.segmented.BufferedWriteChannel.<init>(BufferedWriteChannel.java:41)
	at org.apache.ratis.server.raftlog.segmented.SegmentedRaftLogOutputStream.<init>(SegmentedRaftLogOutputStream.java:72)
	at org.apache.ratis.server.raftlog.segmented.SegmentedRaftLogWorker$StartLogSegment.execute(SegmentedRaftLogWorker.java:566)
	at org.apache.ratis.server.raftlog.segmented.SegmentedRaftLogWorker.run(SegmentedRaftLogWorker.java:289)
	at java.lang.Thread.run(Thread.java:748)
2019-09-26 21:19:06,844 [da833d8d-e72a-4068-9560-4daa2d83adc2@group-670F9015DEC2-SegmentedRaftLogWorker] INFO  impl.PendingRequests (PendingRequests.java:sendNotLeaderResponses(202)) - da833d8d-e72a-4068-9560-4daa2d83adc2-PendingRequests: sendNotLeaderResponses
2019-09-26 21:19:06,843 [1178c3ae-d0b4-4d44-b144-fe8504cc41ac@group-4DAA356371EA-SegmentedRaftLogWorker] INFO  impl.StateMachineUpdater (StateMachineUpdater.java:stopAndJoin(125)) - 1178c3ae-d0b4-4d44-b144-fe8504cc41ac@group-4DAA356371EA-StateMachineUpdater: set stopIndex = -1
2019-09-26 21:19:06,843 [1178c3ae-d0b4-4d44-b144-fe8504cc41ac@group-AB347EA75367-SegmentedRaftLogWorker] INFO  segmented.SegmentedRaftLogWorker (SegmentedRaftLogWorker.java:close(228)) - 1178c3ae-d0b4-4d44-b144-fe8504cc41ac@group-AB347EA75367-SegmentedRaftLogWorker close()
2019-09-26 21:19:06,842 [1178c3ae-d0b4-4d44-b144-fe8504cc41ac@group-9FAB7D69D5C6-SegmentedRaftLogWorker] ERROR segmented.SegmentedRaftLogWorker (SegmentedRaftLogWorker.java:run(323)) - 1178c3ae-d0b4-4d44-b144-fe8504cc41ac@group-9FAB7D69D5C6-SegmentedRaftLogWorker hit exception
java.lang.OutOfMemoryError: Direct buffer memory
	at java.nio.Bits.reserveMemory(Bits.java:666)
	at java.nio.DirectByteBuffer.<init>(DirectByteBuffer.java:123)
	at java.nio.ByteBuffer.allocateDirect(ByteBuffer.java:311)
	at org.apache.ratis.server.raftlog.segmented.BufferedWriteChannel.<init>(BufferedWriteChannel.java:41)
	at org.apache.ratis.server.raftlog.segmented.SegmentedRaftLogOutputStream.<init>(SegmentedRaftLogOutputStream.java:72)
	at org.apache.ratis.server.raftlog.segmented.SegmentedRaftLogWorker$StartLogSegment.execute(SegmentedRaftLogWorker.java:566)
	at org.apache.ratis.server.raftlog.segmented.SegmentedRaftLogWorker.run(SegmentedRaftLogWorker.java:289)
	at java.lang.Thread.run(Thread.java:748)
2019-09-26 21:19:06,842 [9ce0b59e-153f-4f41-8aed-492a76d80b48@group-7A18C9E9D23C-SegmentedRaftLogWorker] ERROR segmented.SegmentedRaftLogWorker (SegmentedRaftLogWorker.java:run(323)) - 9ce0b59e-153f-4f41-8aed-492a76d80b48@group-7A18C9E9D23C-SegmentedRaftLogWorker hit exception
java.lang.OutOfMemoryError: Direct buffer memory
	at java.nio.Bits.reserveMemory(Bits.java:666)
	at java.nio.DirectByteBuffer.<init>(DirectByteBuffer.java:123)
	at java.nio.ByteBuffer.allocateDirect(ByteBuffer.java:311)
	at org.apache.ratis.server.raftlog.segmented.BufferedWriteChannel.<init>(BufferedWriteChannel.java:41)
	at org.apache.ratis.server.raftlog.segmented.SegmentedRaftLogOutputStream.<init>(SegmentedRaftLogOutputStream.java:72)
	at org.apache.ratis.server.raftlog.segmented.SegmentedRaftLogWorker$StartLogSegment.execute(SegmentedRaftLogWorker.java:566)
	at org.apache.ratis.server.raftlog.segmented.SegmentedRaftLogWorker.run(SegmentedRaftLogWorker.java:289)
	at java.lang.Thread.run(Thread.java:748)
2019-09-26 21:19:06,592 [pool-27-thread-1] INFO  server.RaftServerConfigKeys (ConfUtils.java:logGet(43)) - raft.server.log.use.memory = false (default)
2019-09-26 21:19:06,367 [1178c3ae-d0b4-4d44-b144-fe8504cc41ac@group-FDB5F72744EF:LeaderElection114] INFO  impl.RaftServerImpl (ServerState.java:setRaftConf(354)) - 1178c3ae-d0b4-4d44-b144-fe8504cc41ac@group-FDB5F72744EF: set configuration 0: [1178c3ae-d0b4-4d44-b144-fe8504cc41ac:192.168.151.99:33787], old=null at 0
2019-09-26 21:19:06,366 [9ce0b59e-153f-4f41-8aed-492a76d80b48@group-0F1744F08A48:LeaderElection145] INFO  server.RaftServerConfigKeys (ConfUtils.java:logGet(43)) - raft.server.write.element-limit = 4096 (default)
2019-09-26 21:19:06,366 [9ce0b59e-153f-4f41-8aed-492a76d80b48@group-CB9EA65D9F76-SegmentedRaftLogWorker] INFO  impl.PendingRequests (PendingRequests.java:sendNotLeaderResponses(202)) - 9ce0b59e-153f-4f41-8aed-492a76d80b48-PendingRequests: sendNotLeaderResponses
2019-09-26 21:19:06,366 [09112efe-1fad-4539-a04f-c96aef6d2351@group-C7705DB74AE6-SegmentedRaftLogWorker] INFO  impl.RoleInfo (RoleInfo.java:shutdownLeaderState(104)) - 09112efe-1fad-4539-a04f-c96aef6d2351: shutdown LeaderState
2019-09-26 21:19:06,366 [1178c3ae-d0b4-4d44-b144-fe8504cc41ac@group-9D69517A24DC-SegmentedRaftLogWorker] INFO  impl.PendingRequests (PendingRequests.java:sendNotLeaderResponses(202)) - 1178c3ae-d0b4-4d44-b144-fe8504cc41ac-PendingRequests: sendNotLeaderResponses
2019-09-26 21:19:06,365 [1178c3ae-d0b4-4d44-b144-fe8504cc41ac@group-922BEFF8D70B-SegmentedRaftLogWorker] ERROR segmented.SegmentedRaftLogWorker (SegmentedRaftLogWorker.java:run(323)) - 1178c3ae-d0b4-4d44-b144-fe8504cc41ac@group-922BEFF8D70B-SegmentedRaftLogWorker hit exception
java.lang.OutOfMemoryError: Direct buffer memory
	at java.nio.Bits.reserveMemory(Bits.java:666)
	at java.nio.DirectByteBuffer.<init>(DirectByteBuffer.java:123)
	at java.nio.ByteBuffer.allocateDirect(ByteBuffer.java:311)
	at org.apache.ratis.server.raftlog.segmented.BufferedWriteChannel.<init>(BufferedWriteChannel.java:41)
	at org.apache.ratis.server.raftlog.segmented.SegmentedRaftLogOutputStream.<init>(SegmentedRaftLogOutputStream.java:72)
	at org.apache.ratis.server.raftlog.segmented.SegmentedRaftLogWorker$StartLogSegment.execute(SegmentedRaftLogWorker.java:566)
	at org.apache.ratis.server.raftlog.segmented.SegmentedRaftLogWorker.run(SegmentedRaftLogWorker.java:289)
	at java.lang.Thread.run(Thread.java:748)
2019-09-26 21:19:06,122 [09112efe-1fad-4539-a04f-c96aef6d2351@group-B70CCCEBCAE4-SegmentedRaftLogWorker] INFO  impl.RoleInfo (RoleInfo.java:shutdownLeaderState(104)) - 09112efe-1fad-4539-a04f-c96aef6d2351: shutdown LeaderState
2019-09-26 21:19:06,122 [9ce0b59e-153f-4f41-8aed-492a76d80b48@group-D7AB65BEAEEF:LeaderElection122] INFO  impl.RaftServerImpl (ServerState.java:setRaftConf(354)) - 9ce0b59e-153f-4f41-8aed-492a76d80b48@group-D7AB65BEAEEF: set configuration 0: [9ce0b59e-153f-4f41-8aed-492a76d80b48:192.168.151.99:34156], old=null at 0
2019-09-26 21:19:06,122 [9ce0b59e-153f-4f41-8aed-492a76d80b48@group-5F3B934AB93E-SegmentedRaftLogWorker] INFO  impl.RoleInfo (RoleInfo.java:shutdownLeaderState(104)) - 9ce0b59e-153f-4f41-8aed-492a76d80b48: shutdown LeaderState
2019-09-26 21:19:06,122 [9ce0b59e-153f-4f41-8aed-492a76d80b48@group-543D5ED6ABE1:LeaderElection121] INFO  segmented.SegmentedRaftLogWorker (SegmentedRaftLogWorker.java:startLogSegment(380)) - 9ce0b59e-153f-4f41-8aed-492a76d80b48@group-543D5ED6ABE1-SegmentedRaftLogWorker: Starting segment from index:0
2019-09-26 21:19:06,120 [9ce0b59e-153f-4f41-8aed-492a76d80b48@group-3B9CADCF1AEC-SegmentedRaftLogWorker] ERROR segmented.SegmentedRaftLogWorker (SegmentedRaftLogWorker.java:run(323)) - 9ce0b59e-153f-4f41-8aed-492a76d80b48@group-3B9CADCF1AEC-SegmentedRaftLogWorker hit exception
java.lang.OutOfMemoryError: Direct buffer memory
	at java.nio.Bits.reserveMemory(Bits.java:666)
	at java.nio.DirectByteBuffer.<init>(DirectByteBuffer.java:123)
	at java.nio.ByteBuffer.allocateDirect(ByteBuffer.java:311)
	at org.apache.ratis.server.raftlog.segmented.BufferedWriteChannel.<init>(BufferedWriteChannel.java:41)
	at org.apache.ratis.server.raftlog.segmented.SegmentedRaftLogOutputStream.<init>(SegmentedRaftLogOutputStream.java:72)
	at org.apache.ratis.server.raftlog.segmented.SegmentedRaftLogWorker$StartLogSegment.execute(SegmentedRaftLogWorker.java:566)
	at org.apache.ratis.server.raftlog.segmented.SegmentedRaftLogWorker.run(SegmentedRaftLogWorker.java:289)
	at java.lang.Thread.run(Thread.java:748)
2019-09-26 21:19:07,123 [9ce0b59e-153f-4f41-8aed-492a76d80b48@group-3B9CADCF1AEC-SegmentedRaftLogWorker] INFO  impl.RaftServerImpl (RaftServerImpl.java:lambda$shutdown$3(251)) - 9ce0b59e-153f-4f41-8aed-492a76d80b48@group-3B9CADCF1AEC: shutdown
2019-09-26 21:19:05,898 [09112efe-1fad-4539-a04f-c96aef6d2351@group-C15524DE485D:LeaderElection120] INFO  impl.RaftServerImpl (ServerState.java:setRaftConf(354)) - 09112efe-1fad-4539-a04f-c96aef6d2351@group-C15524DE485D: set configuration 0: [09112efe-1fad-4539-a04f-c96aef6d2351:192.168.151.99:45286], old=null at 0
2019-09-26 21:19:05,898 [da833d8d-e72a-4068-9560-4daa2d83adc2@group-ED372BCAD154:LeaderElection125] INFO  segmented.SegmentedRaftLogWorker (SegmentedRaftLogWorker.java:startLogSegment(380)) - da833d8d-e72a-4068-9560-4daa2d83adc2@group-ED372BCAD154-SegmentedRaftLogWorker: Starting segment from index:0
2019-09-26 21:19:05,898 [RATISCREATEPIPELINE1] ERROR pipeline.RatisPipelineProvider (RatisPipelineProvider.java:lambda$null$2(175)) - Failed invoke Ratis rpc org.apache.hadoop.hdds.scm.pipeline.RatisPipelineProvider$$Lambda$179/154091354@41404f50 for 9ce0b59e-153f-4f41-8aed-492a76d80b48
org.apache.ratis.protocol.TimeoutIOException
	at org.apache.ratis.grpc.GrpcUtil.tryUnwrapException(GrpcUtil.java:82)
	at org.apache.ratis.grpc.GrpcUtil.unwrapException(GrpcUtil.java:75)
	at org.apache.ratis.grpc.client.GrpcClientProtocolClient.blockingCall(GrpcClientProtocolClient.java:178)
	at org.apache.ratis.grpc.client.GrpcClientProtocolClient.groupAdd(GrpcClientProtocolClient.java:147)
	at org.apache.ratis.grpc.client.GrpcClientRpc.sendRequest(GrpcClientRpc.java:94)
	at org.apache.ratis.client.impl.RaftClientImpl.sendRequest(RaftClientImpl.java:278)
	at org.apache.ratis.client.impl.RaftClientImpl.groupAdd(RaftClientImpl.java:205)
	at org.apache.hadoop.hdds.scm.pipeline.RatisPipelineProvider.lambda$initializePipeline$1(RatisPipelineProvider.java:136)
	at org.apache.hadoop.hdds.scm.pipeline.RatisPipelineProvider.lambda$null$2(RatisPipelineProvider.java:171)
	at java.util.stream.ForEachOps$ForEachOp$OfRef.accept(ForEachOps.java:184)
	at java.util.ArrayList$ArrayListSpliterator.forEachRemaining(ArrayList.java:1382)
	at java.util.stream.AbstractPipeline.copyInto(AbstractPipeline.java:482)
	at java.util.stream.ForEachOps$ForEachTask.compute(ForEachOps.java:291)
	at java.util.concurrent.CountedCompleter.exec(CountedCompleter.java:731)
	at java.util.concurrent.ForkJoinTask.doExec(ForkJoinTask.java:289)
	at java.util.concurrent.ForkJoinTask.doInvoke(ForkJoinTask.java:401)
	at java.util.concurrent.ForkJoinTask.invoke(ForkJoinTask.java:734)
	at java.util.stream.ForEachOps$ForEachOp.evaluateParallel(ForEachOps.java:160)
	at java.util.stream.ForEachOps$ForEachOp$OfRef.evaluateParallel(ForEachOps.java:174)
	at java.util.stream.AbstractPipeline.evaluate(AbstractPipeline.java:233)
	at java.util.stream.ReferencePipeline.forEach(ReferencePipeline.java:418)
	at java.util.stream.ReferencePipeline$Head.forEach(ReferencePipeline.java:583)
	at org.apache.hadoop.hdds.scm.pipeline.RatisPipelineProvider.lambda$callRatisRpc$3(RatisPipelineProvider.java:165)
	at java.util.concurrent.ForkJoinTask$AdaptedRunnableAction.exec(ForkJoinTask.java:1386)
	at java.util.concurrent.ForkJoinTask.doExec(ForkJoinTask.java:289)
	at java.util.concurrent.ForkJoinPool$WorkQueue.runTask(ForkJoinPool.java:1056)
	at java.util.concurrent.ForkJoinPool.runWorker(ForkJoinPool.java:1692)
	at java.util.concurrent.ForkJoinWorkerThread.run(ForkJoinWorkerThread.java:157)
Caused by: org.apache.ratis.thirdparty.io.grpc.StatusRuntimeException: DEADLINE_EXCEEDED
	at org.apache.ratis.thirdparty.io.grpc.stub.ClientCalls.toStatusRuntimeException(ClientCalls.java:233)
	at org.apache.ratis.thirdparty.io.grpc.stub.ClientCalls.getUnchecked(ClientCalls.java:214)
	at org.apache.ratis.thirdparty.io.grpc.stub.ClientCalls.blockingUnaryCall(ClientCalls.java:139)
	at org.apache.ratis.proto.grpc.AdminProtocolServiceGrpc$AdminProtocolServiceBlockingStub.groupManagement(AdminProtocolServiceGrpc.java:274)
	at org.apache.ratis.grpc.client.GrpcClientProtocolClient.lambda$groupAdd$3(GrpcClientProtocolClient.java:149)
	at org.apache.ratis.grpc.client.GrpcClientProtocolClient.blockingCall(GrpcClientProtocolClient.java:176)
	... 25 more
2019-09-26 21:19:05,898 [1178c3ae-d0b4-4d44-b144-fe8504cc41ac@group-04E8659F51F7:LeaderElection124] INFO  segmented.SegmentedRaftLogWorker (SegmentedRaftLogWorker.java:startLogSegment(380)) - 1178c3ae-d0b4-4d44-b144-fe8504cc41ac@group-04E8659F51F7-SegmentedRaftLogWorker: Starting segment from index:0
2019-09-26 21:19:05,897 [9ce0b59e-153f-4f41-8aed-492a76d80b48@group-502FD49C5050:LeaderElection131] INFO  segmented.SegmentedRaftLogWorker (SegmentedRaftLogWorker.java:startLogSegment(380)) - 9ce0b59e-153f-4f41-8aed-492a76d80b48@group-502FD49C5050-SegmentedRaftLogWorker: Starting segment from index:0
2019-09-26 21:19:05,897 [pool-57-thread-1] INFO  ratis.ContainerStateMachine (ContainerStateMachine.java:loadSnapshot(230)) - group-90252941981A: The snapshot info is null. Setting the last applied indexto:(t:0, i:~)
2019-09-26 21:19:05,897 [9ce0b59e-153f-4f41-8aed-492a76d80b48@group-9339CCE34269:LeaderElection123] INFO  segmented.SegmentedRaftLogWorker (SegmentedRaftLogWorker.java:startLogSegment(380)) - 9ce0b59e-153f-4f41-8aed-492a76d80b48@group-9339CCE34269-SegmentedRaftLogWorker: Starting segment from index:0
2019-09-26 21:19:05,897 [9ce0b59e-153f-4f41-8aed-492a76d80b48@group-6F05E871BC73:LeaderElection128] INFO  segmented.SegmentedRaftLogWorker (SegmentedRaftLogWorker.java:startLogSegment(380)) - 9ce0b59e-153f-4f41-8aed-492a76d80b48@group-6F05E871BC73-SegmentedRaftLogWorker: Starting segment from index:0
2019-09-26 21:19:05,897 [0c640f50-2bc9-49b6-b785-a27e3116e6ba@group-0323BB0C2CB1:LeaderElection126] INFO  segmented.SegmentedRaftLogWorker (SegmentedRaftLogWorker.java:startLogSegment(380)) - 0c640f50-2bc9-49b6-b785-a27e3116e6ba@group-0323BB0C2CB1-SegmentedRaftLogWorker: Starting segment from index:0
2019-09-26 21:19:05,897 [9ce0b59e-153f-4f41-8aed-492a76d80b48@group-D00789A57A5B:LeaderElection130] INFO  segmented.SegmentedRaftLogWorker (SegmentedRaftLogWorker.java:startLogSegment(380)) - 9ce0b59e-153f-4f41-8aed-492a76d80b48@group-D00789A57A5B-SegmentedRaftLogWorker: Starting segment from index:0
2019-09-26 21:19:05,896 [da833d8d-e72a-4068-9560-4daa2d83adc2@group-9A832E30A4CB:LeaderElection127] INFO  segmented.SegmentedRaftLogWorker (SegmentedRaftLogWorker.java:startLogSegment(380)) - da833d8d-e72a-4068-9560-4daa2d83adc2@group-9A832E30A4CB-SegmentedRaftLogWorker: Starting segment from index:0
2019-09-26 21:19:05,896 [RATISCREATEPIPELINE2] ERROR pipeline.RatisPipelineProvider (RatisPipelineProvider.java:lambda$null$2(175)) - Failed invoke Ratis rpc org.apache.hadoop.hdds.scm.pipeline.RatisPipelineProvider$$Lambda$179/154091354@41404f50 for 0c640f50-2bc9-49b6-b785-a27e3116e6ba
org.apache.ratis.protocol.TimeoutIOException: deadline exceeded after 2999758127ns
	at org.apache.ratis.grpc.GrpcUtil.tryUnwrapException(GrpcUtil.java:82)
	at org.apache.ratis.grpc.GrpcUtil.unwrapException(GrpcUtil.java:75)
	at org.apache.ratis.grpc.client.GrpcClientProtocolClient.blockingCall(GrpcClientProtocolClient.java:178)
	at org.apache.ratis.grpc.client.GrpcClientProtocolClient.groupAdd(GrpcClientProtocolClient.java:147)
	at org.apache.ratis.grpc.client.GrpcClientRpc.sendRequest(GrpcClientRpc.java:94)
	at org.apache.ratis.client.impl.RaftClientImpl.sendRequest(RaftClientImpl.java:278)
	at org.apache.ratis.client.impl.RaftClientImpl.groupAdd(RaftClientImpl.java:205)
	at org.apache.hadoop.hdds.scm.pipeline.RatisPipelineProvider.lambda$initializePipeline$1(RatisPipelineProvider.java:136)
	at org.apache.hadoop.hdds.scm.pipeline.RatisPipelineProvider.lambda$null$2(RatisPipelineProvider.java:171)
	at java.util.stream.ForEachOps$ForEachOp$OfRef.accept(ForEachOps.java:184)
	at java.util.ArrayList$ArrayListSpliterator.forEachRemaining(ArrayList.java:1382)
	at java.util.stream.AbstractPipeline.copyInto(AbstractPipeline.java:482)
	at java.util.stream.ForEachOps$ForEachTask.compute(ForEachOps.java:291)
	at java.util.concurrent.CountedCompleter.exec(CountedCompleter.java:731)
	at java.util.concurrent.ForkJoinTask.doExec(ForkJoinTask.java:289)
	at java.util.concurrent.ForkJoinPool$WorkQueue.runTask(ForkJoinPool.java:1056)
	at java.util.concurrent.ForkJoinPool.runWorker(ForkJoinPool.java:1692)
	at java.util.concurrent.ForkJoinWorkerThread.run(ForkJoinWorkerThread.java:157)
Caused by: org.apache.ratis.thirdparty.io.grpc.StatusRuntimeException: DEADLINE_EXCEEDED: deadline exceeded after 2999758127ns
	at org.apache.ratis.thirdparty.io.grpc.stub.ClientCalls.toStatusRuntimeException(ClientCalls.java:233)
	at org.apache.ratis.thirdparty.io.grpc.stub.ClientCalls.getUnchecked(ClientCalls.java:214)
	at org.apache.ratis.thirdparty.io.grpc.stub.ClientCalls.blockingUnaryCall(ClientCalls.java:139)
	at org.apache.ratis.proto.grpc.AdminProtocolServiceGrpc$AdminProtocolServiceBlockingStub.groupManagement(AdminProtocolServiceGrpc.java:274)
	at org.apache.ratis.grpc.client.GrpcClientProtocolClient.lambda$groupAdd$3(GrpcClientProtocolClient.java:149)
	at org.apache.ratis.grpc.client.GrpcClientProtocolClient.blockingCall(GrpcClientProtocolClient.java:176)
	... 15 more
2019-09-26 21:19:05,896 [RATISCREATEPIPELINE3] ERROR pipeline.RatisPipelineProvider (RatisPipelineProvider.java:lambda$null$2(175)) - Failed invoke Ratis rpc org.apache.hadoop.hdds.scm.pipeline.RatisPipelineProvider$$Lambda$179/154091354@41404f50 for da833d8d-e72a-4068-9560-4daa2d83adc2
org.apache.ratis.protocol.TimeoutIOException: deadline exceeded after 2999836497ns
	at org.apache.ratis.grpc.GrpcUtil.tryUnwrapException(GrpcUtil.java:82)
	at org.apache.ratis.grpc.GrpcUtil.unwrapException(GrpcUtil.java:75)
	at org.apache.ratis.grpc.client.GrpcClientProtocolClient.blockingCall(GrpcClientProtocolClient.java:178)
	at org.apache.ratis.grpc.client.GrpcClientProtocolClient.groupAdd(GrpcClientProtocolClient.java:147)
	at org.apache.ratis.grpc.client.GrpcClientRpc.sendRequest(GrpcClientRpc.java:94)
	at org.apache.ratis.client.impl.RaftClientImpl.sendRequest(RaftClientImpl.java:278)
	at org.apache.ratis.client.impl.RaftClientImpl.groupAdd(RaftClientImpl.java:205)
	at org.apache.hadoop.hdds.scm.pipeline.RatisPipelineProvider.lambda$initializePipeline$1(RatisPipelineProvider.java:136)
	at org.apache.hadoop.hdds.scm.pipeline.RatisPipelineProvider.lambda$null$2(RatisPipelineProvider.java:171)
	at java.util.stream.ForEachOps$ForEachOp$OfRef.accept(ForEachOps.java:184)
	at java.util.ArrayList$ArrayListSpliterator.forEachRemaining(ArrayList.java:1382)
	at java.util.stream.AbstractPipeline.copyInto(AbstractPipeline.java:482)
	at java.util.stream.ForEachOps$ForEachTask.compute(ForEachOps.java:291)
	at java.util.concurrent.CountedCompleter.exec(CountedCompleter.java:731)
	at java.util.concurrent.ForkJoinTask.doExec(ForkJoinTask.java:289)
	at java.util.concurrent.ForkJoinPool$WorkQueue.runTask(ForkJoinPool.java:1056)
	at java.util.concurrent.ForkJoinPool.runWorker(ForkJoinPool.java:1692)
	at java.util.concurrent.ForkJoinWorkerThread.run(ForkJoinWorkerThread.java:157)
Caused by: org.apache.ratis.thirdparty.io.grpc.StatusRuntimeException: DEADLINE_EXCEEDED: deadline exceeded after 2999836497ns
	at org.apache.ratis.thirdparty.io.grpc.stub.ClientCalls.toStatusRuntimeException(ClientCalls.java:233)
	at org.apache.ratis.thirdparty.io.grpc.stub.ClientCalls.getUnchecked(ClientCalls.java:214)
	at org.apache.ratis.thirdparty.io.grpc.stub.ClientCalls.blockingUnaryCall(ClientCalls.java:139)
	at org.apache.ratis.proto.grpc.AdminProtocolServiceGrpc$AdminProtocolServiceBlockingStub.groupManagement(AdminProtocolServiceGrpc.java:274)
	at org.apache.ratis.grpc.client.GrpcClientProtocolClient.lambda$groupAdd$3(GrpcClientProtocolClient.java:149)
	at org.apache.ratis.grpc.client.GrpcClientProtocolClient.blockingCall(GrpcClientProtocolClient.java:176)
	... 15 more
2019-09-26 21:19:05,718 [9ce0b59e-153f-4f41-8aed-492a76d80b48@group-84D243744114:LeaderElection129] INFO  impl.RaftServerImpl (ServerState.java:setRaftConf(354)) - 9ce0b59e-153f-4f41-8aed-492a76d80b48@group-84D243744114: set configuration 0: [9ce0b59e-153f-4f41-8aed-492a76d80b48:192.168.151.99:34156], old=null at 0
2019-09-26 21:19:05,718 [9ce0b59e-153f-4f41-8aed-492a76d80b48@group-3B90256A708A:LeaderElection136] INFO  segmented.SegmentedRaftLogWorker (SegmentedRaftLogWorker.java:startLogSegment(380)) - 9ce0b59e-153f-4f41-8aed-492a76d80b48@group-3B90256A708A-SegmentedRaftLogWorker: Starting segment from index:0
2019-09-26 21:19:05,718 [1178c3ae-d0b4-4d44-b144-fe8504cc41ac@group-FD9251D15172:LeaderElection133] INFO  segmented.SegmentedRaftLogWorker (SegmentedRaftLogWorker.java:startLogSegment(380)) - 1178c3ae-d0b4-4d44-b144-fe8504cc41ac@group-FD9251D15172-SegmentedRaftLogWorker: Starting segment from index:0
2019-09-26 21:19:05,717 [9ce0b59e-153f-4f41-8aed-492a76d80b48@group-9CC82A6B0D81:LeaderElection140] INFO  segmented.SegmentedRaftLogWorker (SegmentedRaftLogWorker.java:startLogSegment(380)) - 9ce0b59e-153f-4f41-8aed-492a76d80b48@group-9CC82A6B0D81-SegmentedRaftLogWorker: Starting segment from index:0
2019-09-26 21:19:05,717 [9ce0b59e-153f-4f41-8aed-492a76d80b48@group-486ABFFF1652:LeaderElection137] INFO  segmented.SegmentedRaftLogWorker (SegmentedRaftLogWorker.java:startLogSegment(380)) - 9ce0b59e-153f-4f41-8aed-492a76d80b48@group-486ABFFF1652-SegmentedRaftLogWorker: Starting segment from index:0
2019-09-26 21:19:05,717 [da833d8d-e72a-4068-9560-4daa2d83adc2@group-48B7BC6FD74C:LeaderElection147] INFO  impl.LeaderElection (LeaderElection.java:askForVotes(182)) - da833d8d-e72a-4068-9560-4daa2d83adc2@group-48B7BC6FD74C:LeaderElection147: begin an election at term 1 for -1: [da833d8d-e72a-4068-9560-4daa2d83adc2:192.168.151.99:38903], old=null
2019-09-26 21:19:05,717 [09112efe-1fad-4539-a04f-c96aef6d2351@group-EB13478BB780:LeaderElection146] INFO  impl.LeaderElection (LeaderElection.java:askForVotes(182)) - 09112efe-1fad-4539-a04f-c96aef6d2351@group-EB13478BB780:LeaderElection146: begin an election at term 1 for -1: [09112efe-1fad-4539-a04f-c96aef6d2351:192.168.151.99:45286], old=null
2019-09-26 21:19:05,713 [1178c3ae-d0b4-4d44-b144-fe8504cc41ac@group-9C349363B38E-SegmentedRaftLogWorker] ERROR segmented.SegmentedRaftLogWorker (SegmentedRaftLogWorker.java:run(323)) - 1178c3ae-d0b4-4d44-b144-fe8504cc41ac@group-9C349363B38E-SegmentedRaftLogWorker hit exception
java.lang.OutOfMemoryError: Direct buffer memory
	at java.nio.Bits.reserveMemory(Bits.java:666)
	at java.nio.DirectByteBuffer.<init>(DirectByteBuffer.java:123)
	at java.nio.ByteBuffer.allocateDirect(ByteBuffer.java:311)
	at org.apache.ratis.server.raftlog.segmented.BufferedWriteChannel.<init>(BufferedWriteChannel.java:41)
	at org.apache.ratis.server.raftlog.segmented.SegmentedRaftLogOutputStream.<init>(SegmentedRaftLogOutputStream.java:72)
	at org.apache.ratis.server.raftlog.segmented.SegmentedRaftLogWorker$StartLogSegment.execute(SegmentedRaftLogWorker.java:566)
	at org.apache.ratis.server.raftlog.segmented.SegmentedRaftLogWorker.run(SegmentedRaftLogWorker.java:289)
	at java.lang.Thread.run(Thread.java:748)
2019-09-26 21:19:07,129 [1178c3ae-d0b4-4d44-b144-fe8504cc41ac@group-9C349363B38E-SegmentedRaftLogWorker] INFO  impl.RaftServerImpl (RaftServerImpl.java:lambda$shutdown$3(251)) - 1178c3ae-d0b4-4d44-b144-fe8504cc41ac@group-9C349363B38E: shutdown
2019-09-26 21:19:05,713 [9ce0b59e-153f-4f41-8aed-492a76d80b48@group-76F045CE1768-SegmentedRaftLogWorker] ERROR segmented.SegmentedRaftLogWorker (SegmentedRaftLogWorker.java:run(323)) - 9ce0b59e-153f-4f41-8aed-492a76d80b48@group-76F045CE1768-SegmentedRaftLogWorker hit exception
java.lang.OutOfMemoryError: Direct buffer memory
	at java.nio.Bits.reserveMemory(Bits.java:666)
	at java.nio.DirectByteBuffer.<init>(DirectByteBuffer.java:123)
	at java.nio.ByteBuffer.allocateDirect(ByteBuffer.java:311)
	at org.apache.ratis.server.raftlog.segmented.BufferedWriteChannel.<init>(BufferedWriteChannel.java:41)
	at org.apache.ratis.server.raftlog.segmented.SegmentedRaftLogOutputStream.<init>(SegmentedRaftLogOutputStream.java:72)
	at org.apache.ratis.server.raftlog.segmented.SegmentedRaftLogWorker$StartLogSegment.execute(SegmentedRaftLogWorker.java:566)
	at org.apache.ratis.server.raftlog.segmented.SegmentedRaftLogWorker.run(SegmentedRaftLogWorker.java:289)
	at java.lang.Thread.run(Thread.java:748)
2019-09-26 21:19:05,463 [da833d8d-e72a-4068-9560-4daa2d83adc2@group-511FA1580F8F:LeaderElection135] INFO  segmented.SegmentedRaftLogWorker (SegmentedRaftLogWorker.java:startLogSegment(380)) - da833d8d-e72a-4068-9560-4daa2d83adc2@group-511FA1580F8F-SegmentedRaftLogWorker: Starting segment from index:0
2019-09-26 21:19:05,463 [09112efe-1fad-4539-a04f-c96aef6d2351@group-EC252041ED71:LeaderElection134] INFO  impl.RaftServerImpl (ServerState.java:setRaftConf(354)) - 09112efe-1fad-4539-a04f-c96aef6d2351@group-EC252041ED71: set configuration 0: [09112efe-1fad-4539-a04f-c96aef6d2351:192.168.151.99:45286], old=null at 0
2019-09-26 21:19:05,463 [9ce0b59e-153f-4f41-8aed-492a76d80b48@group-F4F4B9E0C0D9:LeaderElection138] INFO  segmented.SegmentedRaftLogWorker (SegmentedRaftLogWorker.java:startLogSegment(380)) - 9ce0b59e-153f-4f41-8aed-492a76d80b48@group-F4F4B9E0C0D9-SegmentedRaftLogWorker: Starting segment from index:0
2019-09-26 21:19:05,462 [1178c3ae-d0b4-4d44-b144-fe8504cc41ac@group-5EAC8502C8A3:LeaderElection132] INFO  segmented.SegmentedRaftLogWorker (SegmentedRaftLogWorker.java:startLogSegment(380)) - 1178c3ae-d0b4-4d44-b144-fe8504cc41ac@group-5EAC8502C8A3-SegmentedRaftLogWorker: Starting segment from index:0
2019-09-26 21:19:05,462 [1178c3ae-d0b4-4d44-b144-fe8504cc41ac@group-2D6CF1A474A9-SegmentedRaftLogWorker] ERROR segmented.SegmentedRaftLogWorker (SegmentedRaftLogWorker.java:run(323)) - 1178c3ae-d0b4-4d44-b144-fe8504cc41ac@group-2D6CF1A474A9-SegmentedRaftLogWorker hit exception
java.lang.OutOfMemoryError: Direct buffer memory
	at java.nio.Bits.reserveMemory(Bits.java:666)
	at java.nio.DirectByteBuffer.<init>(DirectByteBuffer.java:123)
	at java.nio.ByteBuffer.allocateDirect(ByteBuffer.java:311)
	at org.apache.ratis.server.raftlog.segmented.BufferedWriteChannel.<init>(BufferedWriteChannel.java:41)
	at org.apache.ratis.server.raftlog.segmented.SegmentedRaftLogOutputStream.<init>(SegmentedRaftLogOutputStream.java:72)
	at org.apache.ratis.server.raftlog.segmented.SegmentedRaftLogWorker$StartLogSegment.execute(SegmentedRaftLogWorker.java:566)
	at org.apache.ratis.server.raftlog.segmented.SegmentedRaftLogWorker.run(SegmentedRaftLogWorker.java:289)
	at java.lang.Thread.run(Thread.java:748)
2019-09-26 21:19:07,131 [1178c3ae-d0b4-4d44-b144-fe8504cc41ac@group-2D6CF1A474A9-SegmentedRaftLogWorker] INFO  impl.RaftServerImpl (RaftServerImpl.java:lambda$shutdown$3(251)) - 1178c3ae-d0b4-4d44-b144-fe8504cc41ac@group-2D6CF1A474A9: shutdown
2019-09-26 21:19:04,992 [09112efe-1fad-4539-a04f-c96aef6d2351@group-3320048E059F:LeaderElection143] INFO  segmented.SegmentedRaftLogWorker (SegmentedRaftLogWorker.java:startLogSegment(380)) - 09112efe-1fad-4539-a04f-c96aef6d2351@group-3320048E059F-SegmentedRaftLogWorker: Starting segment from index:0
2019-09-26 21:19:05,451 [pool-47-thread-1] INFO  storage.RaftStorage (RaftStorage.java:format(72)) - Storage directory /workdir/hadoop-ozone/ozonefs/target/test-dir/MiniOzoneClusterImpl-5b64906c-d720-4906-b30c-b6d56a2122fd/datanode-2/data/ratis/41db12e1-988a-47fe-8796-90252941981a has been successfully formatted.
2019-09-26 21:19:04,992 [09112efe-1fad-4539-a04f-c96aef6d2351@group-C1CCE81E3AA9:LeaderElection141] INFO  segmented.SegmentedRaftLogWorker (SegmentedRaftLogWorker.java:startLogSegment(380)) - 09112efe-1fad-4539-a04f-c96aef6d2351@group-C1CCE81E3AA9-SegmentedRaftLogWorker: Starting segment from index:0
2019-09-26 21:19:04,992 [1178c3ae-d0b4-4d44-b144-fe8504cc41ac@group-F8E1B0E88623:LeaderElection142] INFO  segmented.SegmentedRaftLogWorker (SegmentedRaftLogWorker.java:startLogSegment(380)) - 1178c3ae-d0b4-4d44-b144-fe8504cc41ac@group-F8E1B0E88623-SegmentedRaftLogWorker: Starting segment from index:0
2019-09-26 21:19:04,991 [9ce0b59e-153f-4f41-8aed-492a76d80b48@group-9537751EFAC3-SegmentedRaftLogWorker] INFO  util.JmxRegister (JmxRegister.java:unregister(73)) - Successfully un-registered JMX Bean with object name Ratis:service=RaftServer,group=group-9537751EFAC3,id=9ce0b59e-153f-4f41-8aed-492a76d80b48
2019-09-26 21:19:04,990 [1178c3ae-d0b4-4d44-b144-fe8504cc41ac@group-6F8F1CDBCF1F-SegmentedRaftLogWorker] INFO  util.JmxRegister (JmxRegister.java:unregister(73)) - Successfully un-registered JMX Bean with object name Ratis:service=RaftServer,group=group-6F8F1CDBCF1F,id=1178c3ae-d0b4-4d44-b144-fe8504cc41ac
2019-09-26 21:19:07,132 [1178c3ae-d0b4-4d44-b144-fe8504cc41ac@group-6F8F1CDBCF1F-SegmentedRaftLogWorker] INFO  impl.RoleInfo (RoleInfo.java:shutdownLeaderState(104)) - 1178c3ae-d0b4-4d44-b144-fe8504cc41ac: shutdown LeaderState
2019-09-26 21:19:04,990 [0c640f50-2bc9-49b6-b785-a27e3116e6ba@group-0A76B9112B2F-SegmentedRaftLogWorker] INFO  impl.RaftServerImpl (RaftServerImpl.java:lambda$shutdown$3(251)) - 0c640f50-2bc9-49b6-b785-a27e3116e6ba@group-0A76B9112B2F: shutdown
2019-09-26 21:19:04,989 [9ce0b59e-153f-4f41-8aed-492a76d80b48@group-77990DBFA164-SegmentedRaftLogWorker] INFO  impl.RoleInfo (RoleInfo.java:shutdownLeaderState(104)) - 9ce0b59e-153f-4f41-8aed-492a76d80b48: shutdown LeaderState
2019-09-26 21:19:04,989 [0c640f50-2bc9-49b6-b785-a27e3116e6ba@group-83E834069CCA:LeaderElection113] INFO  impl.RaftServerImpl (ServerState.java:setRaftConf(354)) - 0c640f50-2bc9-49b6-b785-a27e3116e6ba@group-83E834069CCA: set configuration 0: [0c640f50-2bc9-49b6-b785-a27e3116e6ba:192.168.151.99:42361], old=null at 0
2019-09-26 21:19:07,133 [9ce0b59e-153f-4f41-8aed-492a76d80b48@group-77990DBFA164-SegmentedRaftLogWorker] INFO  impl.PendingRequests (PendingRequests.java:sendNotLeaderResponses(202)) - 9ce0b59e-153f-4f41-8aed-492a76d80b48-PendingRequests: sendNotLeaderResponses
2019-09-26 21:19:07,133 [0c640f50-2bc9-49b6-b785-a27e3116e6ba@group-0A76B9112B2F-SegmentedRaftLogWorker] INFO  util.JmxRegister (JmxRegister.java:unregister(73)) - Successfully un-registered JMX Bean with object name Ratis:service=RaftServer,group=group-0A76B9112B2F,id=0c640f50-2bc9-49b6-b785-a27e3116e6ba
2019-09-26 21:19:07,132 [1178c3ae-d0b4-4d44-b144-fe8504cc41ac@group-6F8F1CDBCF1F-SegmentedRaftLogWorker] INFO  impl.PendingRequests (PendingRequests.java:sendNotLeaderResponses(202)) - 1178c3ae-d0b4-4d44-b144-fe8504cc41ac-PendingRequests: sendNotLeaderResponses
2019-09-26 21:19:07,132 [9ce0b59e-153f-4f41-8aed-492a76d80b48@group-9537751EFAC3-SegmentedRaftLogWorker] INFO  impl.RoleInfo (RoleInfo.java:shutdownLeaderState(104)) - 9ce0b59e-153f-4f41-8aed-492a76d80b48: shutdown LeaderState
2019-09-26 21:19:07,132 [pool-47-thread-1] INFO  ratis.ContainerStateMachine (ContainerStateMachine.java:loadSnapshot(230)) - group-90252941981A: The snapshot info is null. Setting the last applied indexto:(t:0, i:~)
2019-09-26 21:19:07,131 [1178c3ae-d0b4-4d44-b144-fe8504cc41ac@group-2D6CF1A474A9-SegmentedRaftLogWorker] INFO  util.JmxRegister (JmxRegister.java:unregister(73)) - Successfully un-registered JMX Bean with object name Ratis:service=RaftServer,group=group-2D6CF1A474A9,id=1178c3ae-d0b4-4d44-b144-fe8504cc41ac
2019-09-26 21:19:07,134 [1178c3ae-d0b4-4d44-b144-fe8504cc41ac@group-2D6CF1A474A9-SegmentedRaftLogWorker] INFO  impl.RoleInfo (RoleInfo.java:shutdownLeaderState(104)) - 1178c3ae-d0b4-4d44-b144-fe8504cc41ac: shutdown LeaderState
2019-09-26 21:19:07,130 [9ce0b59e-153f-4f41-8aed-492a76d80b48@group-76F045CE1768-SegmentedRaftLogWorker] INFO  impl.RaftServerImpl (RaftServerImpl.java:lambda$shutdown$3(251)) - 9ce0b59e-153f-4f41-8aed-492a76d80b48@group-76F045CE1768: shutdown
2019-09-26 21:19:07,129 [1178c3ae-d0b4-4d44-b144-fe8504cc41ac@group-9C349363B38E-SegmentedRaftLogWorker] INFO  util.JmxRegister (JmxRegister.java:unregister(73)) - Successfully un-registered JMX Bean with object name Ratis:service=RaftServer,group=group-9C349363B38E,id=1178c3ae-d0b4-4d44-b144-fe8504cc41ac
2019-09-26 21:19:07,129 [09112efe-1fad-4539-a04f-c96aef6d2351@group-EB13478BB780:LeaderElection146] INFO  impl.RoleInfo (RoleInfo.java:shutdownLeaderElection(134)) - 09112efe-1fad-4539-a04f-c96aef6d2351: shutdown LeaderElection
2019-09-26 21:19:07,135 [09112efe-1fad-4539-a04f-c96aef6d2351@group-EB13478BB780:LeaderElection146] INFO  impl.RaftServerImpl (RaftServerImpl.java:setRole(174)) - 09112efe-1fad-4539-a04f-c96aef6d2351@group-EB13478BB780: changes role from CANDIDATE to LEADER at term 1 for changeToLeader
2019-09-26 21:19:07,129 [da833d8d-e72a-4068-9560-4daa2d83adc2@group-48B7BC6FD74C:LeaderElection147] INFO  impl.RoleInfo (RoleInfo.java:shutdownLeaderElection(134)) - da833d8d-e72a-4068-9560-4daa2d83adc2: shutdown LeaderElection
2019-09-26 21:19:07,125 [pool-57-thread-1] INFO  server.RaftServerConfigKeys (ConfUtils.java:logGet(43)) - raft.server.notification.no-leader.timeout = 120s (custom)
2019-09-26 21:19:07,123 [9ce0b59e-153f-4f41-8aed-492a76d80b48@group-3B9CADCF1AEC-SegmentedRaftLogWorker] INFO  util.JmxRegister (JmxRegister.java:unregister(73)) - Successfully un-registered JMX Bean with object name Ratis:service=RaftServer,group=group-3B9CADCF1AEC,id=9ce0b59e-153f-4f41-8aed-492a76d80b48
2019-09-26 21:19:07,135 [9ce0b59e-153f-4f41-8aed-492a76d80b48@group-3B9CADCF1AEC-SegmentedRaftLogWorker] INFO  impl.RoleInfo (RoleInfo.java:shutdownLeaderState(104)) - 9ce0b59e-153f-4f41-8aed-492a76d80b48: shutdown LeaderState
2019-09-26 21:19:07,122 [9ce0b59e-153f-4f41-8aed-492a76d80b48@group-5F3B934AB93E-SegmentedRaftLogWorker] INFO  impl.PendingRequests (PendingRequests.java:sendNotLeaderResponses(202)) - 9ce0b59e-153f-4f41-8aed-492a76d80b48-PendingRequests: sendNotLeaderResponses
2019-09-26 21:19:07,122 [09112efe-1fad-4539-a04f-c96aef6d2351@group-B70CCCEBCAE4-SegmentedRaftLogWorker] INFO  impl.PendingRequests (PendingRequests.java:sendNotLeaderResponses(202)) - 09112efe-1fad-4539-a04f-c96aef6d2351-PendingRequests: sendNotLeaderResponses
2019-09-26 21:19:07,122 [1178c3ae-d0b4-4d44-b144-fe8504cc41ac@group-922BEFF8D70B-SegmentedRaftLogWorker] INFO  impl.RaftServerImpl (RaftServerImpl.java:lambda$shutdown$3(251)) - 1178c3ae-d0b4-4d44-b144-fe8504cc41ac@group-922BEFF8D70B: shutdown
2019-09-26 21:19:07,121 [1178c3ae-d0b4-4d44-b144-fe8504cc41ac@group-9D69517A24DC-SegmentedRaftLogWorker] INFO  impl.StateMachineUpdater (StateMachineUpdater.java:stopAndJoin(125)) - 1178c3ae-d0b4-4d44-b144-fe8504cc41ac@group-9D69517A24DC-StateMachineUpdater: set stopIndex = -1
2019-09-26 21:19:07,136 [1178c3ae-d0b4-4d44-b144-fe8504cc41ac@group-9D69517A24DC-SegmentedRaftLogWorker] INFO  impl.RaftServerImpl (ServerState.java:close(385)) - 1178c3ae-d0b4-4d44-b144-fe8504cc41ac@group-9D69517A24DC: closes. applyIndex: -1
2019-09-26 21:19:07,121 [09112efe-1fad-4539-a04f-c96aef6d2351@group-C7705DB74AE6-SegmentedRaftLogWorker] INFO  impl.PendingRequests (PendingRequests.java:sendNotLeaderResponses(202)) - 09112efe-1fad-4539-a04f-c96aef6d2351-PendingRequests: sendNotLeaderResponses
2019-09-26 21:19:07,121 [9ce0b59e-153f-4f41-8aed-492a76d80b48@group-CB9EA65D9F76-SegmentedRaftLogWorker] INFO  impl.StateMachineUpdater (StateMachineUpdater.java:stopAndJoin(125)) - 9ce0b59e-153f-4f41-8aed-492a76d80b48@group-CB9EA65D9F76-StateMachineUpdater: set stopIndex = -1
2019-09-26 21:19:07,137 [9ce0b59e-153f-4f41-8aed-492a76d80b48@group-CB9EA65D9F76-SegmentedRaftLogWorker] INFO  impl.RaftServerImpl (ServerState.java:close(385)) - 9ce0b59e-153f-4f41-8aed-492a76d80b48@group-CB9EA65D9F76: closes. applyIndex: -1
2019-09-26 21:19:07,121 [9ce0b59e-153f-4f41-8aed-492a76d80b48@group-0F1744F08A48:LeaderElection145] INFO  server.RaftServerConfigKeys (ConfUtils.java:logGet(43)) - raft.server.watch.timeout = 10s (default)
2019-09-26 21:19:07,120 [pool-27-thread-1] INFO  server.RaftServerConfigKeys (ConfUtils.java:logGet(43)) - raft.server.log.purge.gap = 1000000 (custom)
2019-09-26 21:19:07,120 [9ce0b59e-153f-4f41-8aed-492a76d80b48@group-7A18C9E9D23C-SegmentedRaftLogWorker] INFO  impl.RaftServerImpl (RaftServerImpl.java:lambda$shutdown$3(251)) - 9ce0b59e-153f-4f41-8aed-492a76d80b48@group-7A18C9E9D23C: shutdown
2019-09-26 21:19:07,120 [1178c3ae-d0b4-4d44-b144-fe8504cc41ac@group-9FAB7D69D5C6-SegmentedRaftLogWorker] INFO  impl.RaftServerImpl (RaftServerImpl.java:lambda$shutdown$3(251)) - 1178c3ae-d0b4-4d44-b144-fe8504cc41ac@group-9FAB7D69D5C6: shutdown
2019-09-26 21:19:07,119 [1178c3ae-d0b4-4d44-b144-fe8504cc41ac@group-4DAA356371EA-SegmentedRaftLogWorker] INFO  impl.RaftServerImpl (ServerState.java:close(385)) - 1178c3ae-d0b4-4d44-b144-fe8504cc41ac@group-4DAA356371EA: closes. applyIndex: -1
2019-09-26 21:19:07,119 [da833d8d-e72a-4068-9560-4daa2d83adc2@group-670F9015DEC2-SegmentedRaftLogWorker] INFO  impl.StateMachineUpdater (StateMachineUpdater.java:stopAndJoin(125)) - da833d8d-e72a-4068-9560-4daa2d83adc2@group-670F9015DEC2-StateMachineUpdater: set stopIndex = -1
2019-09-26 21:19:07,119 [9ce0b59e-153f-4f41-8aed-492a76d80b48@group-7B4BEC4DC6F2-SegmentedRaftLogWorker] INFO  impl.RaftServerImpl (RaftServerImpl.java:lambda$shutdown$3(251)) - 9ce0b59e-153f-4f41-8aed-492a76d80b48@group-7B4BEC4DC6F2: shutdown
2019-09-26 21:19:07,118 [9ce0b59e-153f-4f41-8aed-492a76d80b48@group-91179EE64C12-SegmentedRaftLogWorker] INFO  impl.RaftServerImpl (RaftServerImpl.java:lambda$shutdown$3(251)) - 9ce0b59e-153f-4f41-8aed-492a76d80b48@group-91179EE64C12: shutdown
2019-09-26 21:19:07,118 [0c640f50-2bc9-49b6-b785-a27e3116e6ba@group-FD0854A06F9A-SegmentedRaftLogWorker] INFO  impl.StateMachineUpdater (StateMachineUpdater.java:stopAndJoin(125)) - 0c640f50-2bc9-49b6-b785-a27e3116e6ba@group-FD0854A06F9A-StateMachineUpdater: set stopIndex = -1
2019-09-26 21:19:07,138 [9ce0b59e-153f-4f41-8aed-492a76d80b48@group-91179EE64C12-SegmentedRaftLogWorker] INFO  util.JmxRegister (JmxRegister.java:unregister(73)) - Successfully un-registered JMX Bean with object name Ratis:service=RaftServer,group=group-91179EE64C12,id=9ce0b59e-153f-4f41-8aed-492a76d80b48
2019-09-26 21:19:07,138 [9ce0b59e-153f-4f41-8aed-492a76d80b48@group-7B4BEC4DC6F2-SegmentedRaftLogWorker] INFO  util.JmxRegister (JmxRegister.java:unregister(73)) - Successfully un-registered JMX Bean with object name Ratis:service=RaftServer,group=group-7B4BEC4DC6F2,id=9ce0b59e-153f-4f41-8aed-492a76d80b48
2019-09-26 21:19:07,138 [9ce0b59e-153f-4f41-8aed-492a76d80b48@group-7B4BEC4DC6F2-SegmentedRaftLogWorker] INFO  impl.RoleInfo (RoleInfo.java:shutdownLeaderState(104)) - 9ce0b59e-153f-4f41-8aed-492a76d80b48: shutdown LeaderState
2019-09-26 21:19:07,138 [da833d8d-e72a-4068-9560-4daa2d83adc2@group-670F9015DEC2-SegmentedRaftLogWorker] INFO  impl.RaftServerImpl (ServerState.java:close(385)) - da833d8d-e72a-4068-9560-4daa2d83adc2@group-670F9015DEC2: closes. applyIndex: -1
2019-09-26 21:19:07,138 [1178c3ae-d0b4-4d44-b144-fe8504cc41ac@group-4DAA356371EA-SegmentedRaftLogWorker] INFO  segmented.SegmentedRaftLogWorker (SegmentedRaftLogWorker.java:close(228)) - 1178c3ae-d0b4-4d44-b144-fe8504cc41ac@group-4DAA356371EA-SegmentedRaftLogWorker close()
2019-09-26 21:19:07,137 [1178c3ae-d0b4-4d44-b144-fe8504cc41ac@group-9FAB7D69D5C6-SegmentedRaftLogWorker] INFO  util.JmxRegister (JmxRegister.java:unregister(73)) - Successfully un-registered JMX Bean with object name Ratis:service=RaftServer,group=group-9FAB7D69D5C6,id=1178c3ae-d0b4-4d44-b144-fe8504cc41ac
2019-09-26 21:19:07,139 [1178c3ae-d0b4-4d44-b144-fe8504cc41ac@group-9FAB7D69D5C6-SegmentedRaftLogWorker] INFO  impl.RoleInfo (RoleInfo.java:shutdownLeaderState(104)) - 1178c3ae-d0b4-4d44-b144-fe8504cc41ac: shutdown LeaderState
2019-09-26 21:19:07,137 [9ce0b59e-153f-4f41-8aed-492a76d80b48@group-7A18C9E9D23C-SegmentedRaftLogWorker] INFO  util.JmxRegister (JmxRegister.java:unregister(73)) - Successfully un-registered JMX Bean with object name Ratis:service=RaftServer,group=group-7A18C9E9D23C,id=9ce0b59e-153f-4f41-8aed-492a76d80b48
2019-09-26 21:19:07,139 [9ce0b59e-153f-4f41-8aed-492a76d80b48@group-7A18C9E9D23C-SegmentedRaftLogWorker] INFO  impl.RoleInfo (RoleInfo.java:shutdownLeaderState(104)) - 9ce0b59e-153f-4f41-8aed-492a76d80b48: shutdown LeaderState
2019-09-26 21:19:07,137 [pool-27-thread-1] INFO  server.RaftServerConfigKeys (ConfUtils.java:logGet(43)) - raft.server.log.appender.buffer.byte-limit = 33554432 (custom)
2019-09-26 21:19:07,137 [9ce0b59e-153f-4f41-8aed-492a76d80b48@group-0F1744F08A48:LeaderElection145] INFO  server.RaftServerConfigKeys (ConfUtils.java:logGet(43)) - raft.server.watch.timeout.denomination = 1s (default)
2019-09-26 21:19:07,137 [9ce0b59e-153f-4f41-8aed-492a76d80b48@group-CB9EA65D9F76-SegmentedRaftLogWorker] INFO  segmented.SegmentedRaftLogWorker (SegmentedRaftLogWorker.java:close(228)) - 9ce0b59e-153f-4f41-8aed-492a76d80b48@group-CB9EA65D9F76-SegmentedRaftLogWorker close()
2019-09-26 21:19:07,136 [09112efe-1fad-4539-a04f-c96aef6d2351@group-C7705DB74AE6-SegmentedRaftLogWorker] INFO  impl.StateMachineUpdater (StateMachineUpdater.java:stopAndJoin(125)) - 09112efe-1fad-4539-a04f-c96aef6d2351@group-C7705DB74AE6-StateMachineUpdater: set stopIndex = -1
2019-09-26 21:19:07,140 [09112efe-1fad-4539-a04f-c96aef6d2351@group-C7705DB74AE6-SegmentedRaftLogWorker] INFO  impl.RaftServerImpl (ServerState.java:close(385)) - 09112efe-1fad-4539-a04f-c96aef6d2351@group-C7705DB74AE6: closes. applyIndex: -1
2019-09-26 21:19:07,136 [1178c3ae-d0b4-4d44-b144-fe8504cc41ac@group-9D69517A24DC-SegmentedRaftLogWorker] INFO  segmented.SegmentedRaftLogWorker (SegmentedRaftLogWorker.java:close(228)) - 1178c3ae-d0b4-4d44-b144-fe8504cc41ac@group-9D69517A24DC-SegmentedRaftLogWorker close()
2019-09-26 21:19:07,136 [1178c3ae-d0b4-4d44-b144-fe8504cc41ac@group-922BEFF8D70B-SegmentedRaftLogWorker] INFO  util.JmxRegister (JmxRegister.java:unregister(73)) - Successfully un-registered JMX Bean with object name Ratis:service=RaftServer,group=group-922BEFF8D70B,id=1178c3ae-d0b4-4d44-b144-fe8504cc41ac
2019-09-26 21:19:07,140 [1178c3ae-d0b4-4d44-b144-fe8504cc41ac@group-922BEFF8D70B-SegmentedRaftLogWorker] INFO  impl.RoleInfo (RoleInfo.java:shutdownLeaderState(104)) - 1178c3ae-d0b4-4d44-b144-fe8504cc41ac: shutdown LeaderState
2019-09-26 21:19:07,136 [09112efe-1fad-4539-a04f-c96aef6d2351@group-B70CCCEBCAE4-SegmentedRaftLogWorker] INFO  impl.StateMachineUpdater (StateMachineUpdater.java:stopAndJoin(125)) - 09112efe-1fad-4539-a04f-c96aef6d2351@group-B70CCCEBCAE4-StateMachineUpdater: set stopIndex = -1
2019-09-26 21:19:07,141 [09112efe-1fad-4539-a04f-c96aef6d2351@group-B70CCCEBCAE4-SegmentedRaftLogWorker] INFO  impl.RaftServerImpl (ServerState.java:close(385)) - 09112efe-1fad-4539-a04f-c96aef6d2351@group-B70CCCEBCAE4: closes. applyIndex: -1
2019-09-26 21:19:07,136 [9ce0b59e-153f-4f41-8aed-492a76d80b48@group-5F3B934AB93E-SegmentedRaftLogWorker] INFO  impl.StateMachineUpdater (StateMachineUpdater.java:stopAndJoin(125)) - 9ce0b59e-153f-4f41-8aed-492a76d80b48@group-5F3B934AB93E-StateMachineUpdater: set stopIndex = -1
2019-09-26 21:19:07,141 [9ce0b59e-153f-4f41-8aed-492a76d80b48@group-5F3B934AB93E-SegmentedRaftLogWorker] INFO  impl.RaftServerImpl (ServerState.java:close(385)) - 9ce0b59e-153f-4f41-8aed-492a76d80b48@group-5F3B934AB93E: closes. applyIndex: -1
2019-09-26 21:19:07,135 [9ce0b59e-153f-4f41-8aed-492a76d80b48@group-3B9CADCF1AEC-SegmentedRaftLogWorker] INFO  impl.PendingRequests (PendingRequests.java:sendNotLeaderResponses(202)) - 9ce0b59e-153f-4f41-8aed-492a76d80b48-PendingRequests: sendNotLeaderResponses
2019-09-26 21:19:07,135 [pool-57-thread-1] INFO  server.RaftServerConfigKeys (ConfUtils.java:logGet(43)) - raft.server.log.use.memory = false (default)
2019-09-26 21:19:07,135 [da833d8d-e72a-4068-9560-4daa2d83adc2@group-48B7BC6FD74C:LeaderElection147] INFO  impl.RaftServerImpl (RaftServerImpl.java:setRole(174)) - da833d8d-e72a-4068-9560-4daa2d83adc2@group-48B7BC6FD74C: changes role from CANDIDATE to LEADER at term 1 for changeToLeader
2019-09-26 21:19:07,135 [09112efe-1fad-4539-a04f-c96aef6d2351@group-EB13478BB780:LeaderElection146] INFO  impl.RaftServerImpl (ServerState.java:setLeader(253)) - 09112efe-1fad-4539-a04f-c96aef6d2351@group-EB13478BB780: change Leader from null to 09112efe-1fad-4539-a04f-c96aef6d2351 at term 1 for becomeLeader, leader elected after 15439ms
2019-09-26 21:19:07,135 [1178c3ae-d0b4-4d44-b144-fe8504cc41ac@group-9C349363B38E-SegmentedRaftLogWorker] INFO  impl.RoleInfo (RoleInfo.java:shutdownLeaderState(104)) - 1178c3ae-d0b4-4d44-b144-fe8504cc41ac: shutdown LeaderState
2019-09-26 21:19:07,134 [9ce0b59e-153f-4f41-8aed-492a76d80b48@group-76F045CE1768-SegmentedRaftLogWorker] INFO  util.JmxRegister (JmxRegister.java:unregister(73)) - Successfully un-registered JMX Bean with object name Ratis:service=RaftServer,group=group-76F045CE1768,id=9ce0b59e-153f-4f41-8aed-492a76d80b48
2019-09-26 21:19:07,134 [1178c3ae-d0b4-4d44-b144-fe8504cc41ac@group-2D6CF1A474A9-SegmentedRaftLogWorker] INFO  impl.PendingRequests (PendingRequests.java:sendNotLeaderResponses(202)) - 1178c3ae-d0b4-4d44-b144-fe8504cc41ac-PendingRequests: sendNotLeaderResponses
2019-09-26 21:19:07,134 [pool-47-thread-1] INFO  server.RaftServerConfigKeys (ConfUtils.java:logGet(43)) - raft.server.notification.no-leader.timeout = 120s (custom)
2019-09-26 21:19:07,134 [9ce0b59e-153f-4f41-8aed-492a76d80b48@group-9537751EFAC3-SegmentedRaftLogWorker] INFO  impl.PendingRequests (PendingRequests.java:sendNotLeaderResponses(202)) - 9ce0b59e-153f-4f41-8aed-492a76d80b48-PendingRequests: sendNotLeaderResponses
2019-09-26 21:19:07,134 [1178c3ae-d0b4-4d44-b144-fe8504cc41ac@group-6F8F1CDBCF1F-SegmentedRaftLogWorker] INFO  impl.StateMachineUpdater (StateMachineUpdater.java:stopAndJoin(125)) - 1178c3ae-d0b4-4d44-b144-fe8504cc41ac@group-6F8F1CDBCF1F-StateMachineUpdater: set stopIndex = -1
2019-09-26 21:19:07,143 [1178c3ae-d0b4-4d44-b144-fe8504cc41ac@group-6F8F1CDBCF1F-SegmentedRaftLogWorker] INFO  impl.RaftServerImpl (ServerState.java:close(385)) - 1178c3ae-d0b4-4d44-b144-fe8504cc41ac@group-6F8F1CDBCF1F: closes. applyIndex: -1
2019-09-26 21:19:07,133 [0c640f50-2bc9-49b6-b785-a27e3116e6ba@group-0A76B9112B2F-SegmentedRaftLogWorker] INFO  impl.RoleInfo (RoleInfo.java:shutdownLeaderState(104)) - 0c640f50-2bc9-49b6-b785-a27e3116e6ba: shutdown LeaderState
2019-09-26 21:19:07,133 [9ce0b59e-153f-4f41-8aed-492a76d80b48@group-77990DBFA164-SegmentedRaftLogWorker] INFO  impl.StateMachineUpdater (StateMachineUpdater.java:stopAndJoin(125)) - 9ce0b59e-153f-4f41-8aed-492a76d80b48@group-77990DBFA164-StateMachineUpdater: set stopIndex = -1
2019-09-26 21:19:07,143 [9ce0b59e-153f-4f41-8aed-492a76d80b48@group-77990DBFA164-SegmentedRaftLogWorker] INFO  impl.RaftServerImpl (ServerState.java:close(385)) - 9ce0b59e-153f-4f41-8aed-492a76d80b48@group-77990DBFA164: closes. applyIndex: -1
2019-09-26 21:19:07,143 [0c640f50-2bc9-49b6-b785-a27e3116e6ba@group-0A76B9112B2F-SegmentedRaftLogWorker] INFO  impl.PendingRequests (PendingRequests.java:sendNotLeaderResponses(202)) - 0c640f50-2bc9-49b6-b785-a27e3116e6ba-PendingRequests: sendNotLeaderResponses
2019-09-26 21:19:07,143 [1178c3ae-d0b4-4d44-b144-fe8504cc41ac@group-6F8F1CDBCF1F-SegmentedRaftLogWorker] INFO  segmented.SegmentedRaftLogWorker (SegmentedRaftLogWorker.java:close(228)) - 1178c3ae-d0b4-4d44-b144-fe8504cc41ac@group-6F8F1CDBCF1F-SegmentedRaftLogWorker close()
2019-09-26 21:19:07,144 [0c640f50-2bc9-49b6-b785-a27e3116e6ba@group-0A76B9112B2F-SegmentedRaftLogWorker] INFO  impl.StateMachineUpdater (StateMachineUpdater.java:stopAndJoin(125)) - 0c640f50-2bc9-49b6-b785-a27e3116e6ba@group-0A76B9112B2F-StateMachineUpdater: set stopIndex = -1
2019-09-26 21:19:07,143 [9ce0b59e-153f-4f41-8aed-492a76d80b48@group-9537751EFAC3-SegmentedRaftLogWorker] INFO  impl.StateMachineUpdater (StateMachineUpdater.java:stopAndJoin(125)) - 9ce0b59e-153f-4f41-8aed-492a76d80b48@group-9537751EFAC3-StateMachineUpdater: set stopIndex = -1
2019-09-26 21:19:07,144 [9ce0b59e-153f-4f41-8aed-492a76d80b48@group-9537751EFAC3-SegmentedRaftLogWorker] INFO  impl.RaftServerImpl (ServerState.java:close(385)) - 9ce0b59e-153f-4f41-8aed-492a76d80b48@group-9537751EFAC3: closes. applyIndex: -1
2019-09-26 21:19:07,142 [pool-47-thread-1] INFO  server.RaftServerConfigKeys (ConfUtils.java:logGet(43)) - raft.server.log.use.memory = false (default)
2019-09-26 21:19:07,142 [1178c3ae-d0b4-4d44-b144-fe8504cc41ac@group-2D6CF1A474A9-SegmentedRaftLogWorker] INFO  impl.StateMachineUpdater (StateMachineUpdater.java:stopAndJoin(125)) - 1178c3ae-d0b4-4d44-b144-fe8504cc41ac@group-2D6CF1A474A9-StateMachineUpdater: set stopIndex = -1
2019-09-26 21:19:07,144 [1178c3ae-d0b4-4d44-b144-fe8504cc41ac@group-2D6CF1A474A9-SegmentedRaftLogWorker] INFO  impl.RaftServerImpl (ServerState.java:close(385)) - 1178c3ae-d0b4-4d44-b144-fe8504cc41ac@group-2D6CF1A474A9: closes. applyIndex: -1
2019-09-26 21:19:07,142 [9ce0b59e-153f-4f41-8aed-492a76d80b48@group-76F045CE1768-SegmentedRaftLogWorker] INFO  impl.RoleInfo (RoleInfo.java:shutdownLeaderState(104)) - 9ce0b59e-153f-4f41-8aed-492a76d80b48: shutdown LeaderState
2019-09-26 21:19:07,142 [1178c3ae-d0b4-4d44-b144-fe8504cc41ac@group-9C349363B38E-SegmentedRaftLogWorker] INFO  impl.PendingRequests (PendingRequests.java:sendNotLeaderResponses(202)) - 1178c3ae-d0b4-4d44-b144-fe8504cc41ac-PendingRequests: sendNotLeaderResponses
2019-09-26 21:19:07,142 [09112efe-1fad-4539-a04f-c96aef6d2351@group-EB13478BB780:LeaderElection146] INFO  server.RaftServerConfigKeys (ConfUtils.java:logGet(43)) - raft.server.staging.catchup.gap = 1000 (default)
2019-09-26 21:19:07,145 [1178c3ae-d0b4-4d44-b144-fe8504cc41ac@group-9C349363B38E-SegmentedRaftLogWorker] INFO  impl.StateMachineUpdater (StateMachineUpdater.java:stopAndJoin(125)) - 1178c3ae-d0b4-4d44-b144-fe8504cc41ac@group-9C349363B38E-StateMachineUpdater: set stopIndex = -1
2019-09-26 21:19:07,142 [da833d8d-e72a-4068-9560-4daa2d83adc2@group-48B7BC6FD74C:LeaderElection147] INFO  impl.RaftServerImpl (ServerState.java:setLeader(253)) - da833d8d-e72a-4068-9560-4daa2d83adc2@group-48B7BC6FD74C: change Leader from null to da833d8d-e72a-4068-9560-4daa2d83adc2 at term 1 for becomeLeader, leader elected after 15409ms
2019-09-26 21:19:07,142 [pool-57-thread-1] INFO  server.RaftServerConfigKeys (ConfUtils.java:logGet(43)) - raft.server.log.purge.gap = 1000000 (custom)
2019-09-26 21:19:07,141 [9ce0b59e-153f-4f41-8aed-492a76d80b48@group-3B9CADCF1AEC-SegmentedRaftLogWorker] INFO  impl.StateMachineUpdater (StateMachineUpdater.java:stopAndJoin(125)) - 9ce0b59e-153f-4f41-8aed-492a76d80b48@group-3B9CADCF1AEC-StateMachineUpdater: set stopIndex = -1
2019-09-26 21:19:07,146 [9ce0b59e-153f-4f41-8aed-492a76d80b48@group-3B9CADCF1AEC-SegmentedRaftLogWorker] INFO  impl.RaftServerImpl (ServerState.java:close(385)) - 9ce0b59e-153f-4f41-8aed-492a76d80b48@group-3B9CADCF1AEC: closes. applyIndex: -1
2019-09-26 21:19:07,141 [9ce0b59e-153f-4f41-8aed-492a76d80b48@group-5F3B934AB93E-SegmentedRaftLogWorker] INFO  segmented.SegmentedRaftLogWorker (SegmentedRaftLogWorker.java:close(228)) - 9ce0b59e-153f-4f41-8aed-492a76d80b48@group-5F3B934AB93E-SegmentedRaftLogWorker close()
2019-09-26 21:19:07,141 [09112efe-1fad-4539-a04f-c96aef6d2351@group-B70CCCEBCAE4-SegmentedRaftLogWorker] INFO  segmented.SegmentedRaftLogWorker (SegmentedRaftLogWorker.java:close(228)) - 09112efe-1fad-4539-a04f-c96aef6d2351@group-B70CCCEBCAE4-SegmentedRaftLogWorker close()
2019-09-26 21:19:07,141 [1178c3ae-d0b4-4d44-b144-fe8504cc41ac@group-922BEFF8D70B-SegmentedRaftLogWorker] INFO  impl.PendingRequests (PendingRequests.java:sendNotLeaderResponses(202)) - 1178c3ae-d0b4-4d44-b144-fe8504cc41ac-PendingRequests: sendNotLeaderResponses
2019-09-26 21:19:07,140 [09112efe-1fad-4539-a04f-c96aef6d2351@group-C7705DB74AE6-SegmentedRaftLogWorker] INFO  segmented.SegmentedRaftLogWorker (SegmentedRaftLogWorker.java:close(228)) - 09112efe-1fad-4539-a04f-c96aef6d2351@group-C7705DB74AE6-SegmentedRaftLogWorker close()
2019-09-26 21:19:07,140 [9ce0b59e-153f-4f41-8aed-492a76d80b48@group-0F1744F08A48:LeaderElection145] INFO  server.RaftServerConfigKeys (ConfUtils.java:logGet(43)) - raft.server.watch.element-limit = 65536 (default)
2019-09-26 21:19:07,140 [pool-27-thread-1] INFO  server.RaftServerConfigKeys (ConfUtils.java:logGet(43)) - raft.server.log.segment.size.max = 1048576 (custom)
2019-09-26 21:19:07,139 [9ce0b59e-153f-4f41-8aed-492a76d80b48@group-7A18C9E9D23C-SegmentedRaftLogWorker] INFO  impl.PendingRequests (PendingRequests.java:sendNotLeaderResponses(202)) - 9ce0b59e-153f-4f41-8aed-492a76d80b48-PendingRequests: sendNotLeaderResponses
2019-09-26 21:19:07,139 [1178c3ae-d0b4-4d44-b144-fe8504cc41ac@group-9FAB7D69D5C6-SegmentedRaftLogWorker] INFO  impl.PendingRequests (PendingRequests.java:sendNotLeaderResponses(202)) - 1178c3ae-d0b4-4d44-b144-fe8504cc41ac-PendingRequests: sendNotLeaderResponses
2019-09-26 21:19:07,139 [da833d8d-e72a-4068-9560-4daa2d83adc2@group-670F9015DEC2-SegmentedRaftLogWorker] INFO  segmented.SegmentedRaftLogWorker (SegmentedRaftLogWorker.java:close(228)) - da833d8d-e72a-4068-9560-4daa2d83adc2@group-670F9015DEC2-SegmentedRaftLogWorker close()
2019-09-26 21:19:07,138 [9ce0b59e-153f-4f41-8aed-492a76d80b48@group-7B4BEC4DC6F2-SegmentedRaftLogWorker] INFO  impl.PendingRequests (PendingRequests.java:sendNotLeaderResponses(202)) - 9ce0b59e-153f-4f41-8aed-492a76d80b48-PendingRequests: sendNotLeaderResponses
2019-09-26 21:19:07,138 [9ce0b59e-153f-4f41-8aed-492a76d80b48@group-91179EE64C12-SegmentedRaftLogWorker] INFO  impl.RoleInfo (RoleInfo.java:shutdownLeaderState(104)) - 9ce0b59e-153f-4f41-8aed-492a76d80b48: shutdown LeaderState
2019-09-26 21:19:07,138 [0c640f50-2bc9-49b6-b785-a27e3116e6ba@group-FD0854A06F9A-SegmentedRaftLogWorker] INFO  impl.RaftServerImpl (ServerState.java:close(385)) - 0c640f50-2bc9-49b6-b785-a27e3116e6ba@group-FD0854A06F9A: closes. applyIndex: -1
2019-09-26 21:19:07,148 [9ce0b59e-153f-4f41-8aed-492a76d80b48@group-91179EE64C12-SegmentedRaftLogWorker] INFO  impl.PendingRequests (PendingRequests.java:sendNotLeaderResponses(202)) - 9ce0b59e-153f-4f41-8aed-492a76d80b48-PendingRequests: sendNotLeaderResponses
2019-09-26 21:19:07,148 [9ce0b59e-153f-4f41-8aed-492a76d80b48@group-7B4BEC4DC6F2-SegmentedRaftLogWorker] INFO  impl.StateMachineUpdater (StateMachineUpdater.java:stopAndJoin(125)) - 9ce0b59e-153f-4f41-8aed-492a76d80b48@group-7B4BEC4DC6F2-StateMachineUpdater: set stopIndex = -1
2019-09-26 21:19:07,148 [9ce0b59e-153f-4f41-8aed-492a76d80b48@group-7B4BEC4DC6F2-SegmentedRaftLogWorker] INFO  impl.RaftServerImpl (ServerState.java:close(385)) - 9ce0b59e-153f-4f41-8aed-492a76d80b48@group-7B4BEC4DC6F2: closes. applyIndex: -1
2019-09-26 21:19:07,147 [1178c3ae-d0b4-4d44-b144-fe8504cc41ac@group-9FAB7D69D5C6-SegmentedRaftLogWorker] INFO  impl.StateMachineUpdater (StateMachineUpdater.java:stopAndJoin(125)) - 1178c3ae-d0b4-4d44-b144-fe8504cc41ac@group-9FAB7D69D5C6-StateMachineUpdater: set stopIndex = -1
2019-09-26 21:19:07,148 [1178c3ae-d0b4-4d44-b144-fe8504cc41ac@group-9FAB7D69D5C6-SegmentedRaftLogWorker] INFO  impl.RaftServerImpl (ServerState.java:close(385)) - 1178c3ae-d0b4-4d44-b144-fe8504cc41ac@group-9FAB7D69D5C6: closes. applyIndex: -1
2019-09-26 21:19:07,147 [9ce0b59e-153f-4f41-8aed-492a76d80b48@group-7A18C9E9D23C-SegmentedRaftLogWorker] INFO  impl.StateMachineUpdater (StateMachineUpdater.java:stopAndJoin(125)) - 9ce0b59e-153f-4f41-8aed-492a76d80b48@group-7A18C9E9D23C-StateMachineUpdater: set stopIndex = -1
2019-09-26 21:19:07,147 [pool-27-thread-1] INFO  server.RaftServerConfigKeys (ConfUtils.java:logGet(43)) - raft.server.log.segment.cache.num.max = 2 (custom)
2019-09-26 21:19:07,146 [1178c3ae-d0b4-4d44-b144-fe8504cc41ac@group-922BEFF8D70B-SegmentedRaftLogWorker] INFO  impl.StateMachineUpdater (StateMachineUpdater.java:stopAndJoin(125)) - 1178c3ae-d0b4-4d44-b144-fe8504cc41ac@group-922BEFF8D70B-StateMachineUpdater: set stopIndex = -1
2019-09-26 21:19:07,149 [1178c3ae-d0b4-4d44-b144-fe8504cc41ac@group-922BEFF8D70B-SegmentedRaftLogWorker] INFO  impl.RaftServerImpl (ServerState.java:close(385)) - 1178c3ae-d0b4-4d44-b144-fe8504cc41ac@group-922BEFF8D70B: closes. applyIndex: -1
2019-09-26 21:19:07,146 [9ce0b59e-153f-4f41-8aed-492a76d80b48@group-3B9CADCF1AEC-SegmentedRaftLogWorker] INFO  segmented.SegmentedRaftLogWorker (SegmentedRaftLogWorker.java:close(228)) - 9ce0b59e-153f-4f41-8aed-492a76d80b48@group-3B9CADCF1AEC-SegmentedRaftLogWorker close()
2019-09-26 21:19:07,145 [pool-57-thread-1] INFO  server.RaftServerConfigKeys (ConfUtils.java:logGet(43)) - raft.server.log.appender.buffer.byte-limit = 33554432 (custom)
2019-09-26 21:19:07,145 [da833d8d-e72a-4068-9560-4daa2d83adc2@group-48B7BC6FD74C:LeaderElection147] INFO  server.RaftServerConfigKeys (ConfUtils.java:logGet(43)) - raft.server.staging.catchup.gap = 1000 (default)
2019-09-26 21:19:07,145 [1178c3ae-d0b4-4d44-b144-fe8504cc41ac@group-9C349363B38E-SegmentedRaftLogWorker] INFO  impl.RaftServerImpl (ServerState.java:close(385)) - 1178c3ae-d0b4-4d44-b144-fe8504cc41ac@group-9C349363B38E: closes. applyIndex: -1
2019-09-26 21:19:07,145 [09112efe-1fad-4539-a04f-c96aef6d2351@group-EB13478BB780:LeaderElection146] INFO  server.RaftServerConfigKeys (ConfUtils.java:logGet(43)) - raft.server.rpc.sleep.time = 25ms (default)
2019-09-26 21:19:07,150 [1178c3ae-d0b4-4d44-b144-fe8504cc41ac@group-9C349363B38E-SegmentedRaftLogWorker] INFO  segmented.SegmentedRaftLogWorker (SegmentedRaftLogWorker.java:close(228)) - 1178c3ae-d0b4-4d44-b144-fe8504cc41ac@group-9C349363B38E-SegmentedRaftLogWorker close()
2019-09-26 21:19:07,145 [9ce0b59e-153f-4f41-8aed-492a76d80b48@group-76F045CE1768-SegmentedRaftLogWorker] INFO  impl.PendingRequests (PendingRequests.java:sendNotLeaderResponses(202)) - 9ce0b59e-153f-4f41-8aed-492a76d80b48-PendingRequests: sendNotLeaderResponses
2019-09-26 21:19:07,145 [1178c3ae-d0b4-4d44-b144-fe8504cc41ac@group-2D6CF1A474A9-SegmentedRaftLogWorker] INFO  segmented.SegmentedRaftLogWorker (SegmentedRaftLogWorker.java:close(228)) - 1178c3ae-d0b4-4d44-b144-fe8504cc41ac@group-2D6CF1A474A9-SegmentedRaftLogWorker close()
2019-09-26 21:19:07,144 [pool-47-thread-1] INFO  server.RaftServerConfigKeys (ConfUtils.java:logGet(43)) - raft.server.log.purge.gap = 1000000 (custom)
2019-09-26 21:19:07,144 [9ce0b59e-153f-4f41-8aed-492a76d80b48@group-9537751EFAC3-SegmentedRaftLogWorker] INFO  segmented.SegmentedRaftLogWorker (SegmentedRaftLogWorker.java:close(228)) - 9ce0b59e-153f-4f41-8aed-492a76d80b48@group-9537751EFAC3-SegmentedRaftLogWorker close()
2019-09-26 21:19:07,144 [0c640f50-2bc9-49b6-b785-a27e3116e6ba@group-0A76B9112B2F-SegmentedRaftLogWorker] INFO  impl.RaftServerImpl (ServerState.java:close(385)) - 0c640f50-2bc9-49b6-b785-a27e3116e6ba@group-0A76B9112B2F: closes. applyIndex: -1
2019-09-26 21:19:07,143 [9ce0b59e-153f-4f41-8aed-492a76d80b48@group-77990DBFA164-SegmentedRaftLogWorker] INFO  segmented.SegmentedRaftLogWorker (SegmentedRaftLogWorker.java:close(228)) - 9ce0b59e-153f-4f41-8aed-492a76d80b48@group-77990DBFA164-SegmentedRaftLogWorker close()
2019-09-26 21:19:07,151 [0c640f50-2bc9-49b6-b785-a27e3116e6ba@group-0A76B9112B2F-SegmentedRaftLogWorker] INFO  segmented.SegmentedRaftLogWorker (SegmentedRaftLogWorker.java:close(228)) - 0c640f50-2bc9-49b6-b785-a27e3116e6ba@group-0A76B9112B2F-SegmentedRaftLogWorker close()
2019-09-26 21:19:07,151 [pool-47-thread-1] INFO  server.RaftServerConfigKeys (ConfUtils.java:logGet(43)) - raft.server.log.appender.buffer.byte-limit = 33554432 (custom)
2019-09-26 21:19:07,150 [9ce0b59e-153f-4f41-8aed-492a76d80b48@group-76F045CE1768-SegmentedRaftLogWorker] INFO  impl.StateMachineUpdater (StateMachineUpdater.java:stopAndJoin(125)) - 9ce0b59e-153f-4f41-8aed-492a76d80b48@group-76F045CE1768-StateMachineUpdater: set stopIndex = -1
2019-09-26 21:19:07,152 [9ce0b59e-153f-4f41-8aed-492a76d80b48@group-76F045CE1768-SegmentedRaftLogWorker] INFO  impl.RaftServerImpl (ServerState.java:close(385)) - 9ce0b59e-153f-4f41-8aed-492a76d80b48@group-76F045CE1768: closes. applyIndex: -1
2019-09-26 21:19:07,150 [da833d8d-e72a-4068-9560-4daa2d83adc2@group-48B7BC6FD74C:LeaderElection147] INFO  server.RaftServerConfigKeys (ConfUtils.java:logGet(43)) - raft.server.rpc.sleep.time = 25ms (default)
2019-09-26 21:19:07,149 [pool-57-thread-1] INFO  server.RaftServerConfigKeys (ConfUtils.java:logGet(43)) - raft.server.log.segment.size.max = 1048576 (custom)
2019-09-26 21:19:07,152 [pool-57-thread-1] INFO  server.RaftServerConfigKeys (ConfUtils.java:logGet(43)) - raft.server.log.segment.cache.num.max = 2 (custom)
2019-09-26 21:19:07,149 [1178c3ae-d0b4-4d44-b144-fe8504cc41ac@group-922BEFF8D70B-SegmentedRaftLogWorker] INFO  segmented.SegmentedRaftLogWorker (SegmentedRaftLogWorker.java:close(228)) - 1178c3ae-d0b4-4d44-b144-fe8504cc41ac@group-922BEFF8D70B-SegmentedRaftLogWorker close()
2019-09-26 21:19:07,149 [pool-27-thread-1] INFO  segmented.SegmentedRaftLogWorker (SegmentedRaftLogWorker.java:<init>(172)) - new 9ce0b59e-153f-4f41-8aed-492a76d80b48@group-90252941981A-SegmentedRaftLogWorker for RaftStorage:Storage Directory /workdir/hadoop-ozone/ozonefs/target/test-dir/MiniOzoneClusterImpl-5b64906c-d720-4906-b30c-b6d56a2122fd/datanode-0/data/ratis/41db12e1-988a-47fe-8796-90252941981a
2019-09-26 21:19:07,149 [9ce0b59e-153f-4f41-8aed-492a76d80b48@group-7A18C9E9D23C-SegmentedRaftLogWorker] INFO  impl.RaftServerImpl (ServerState.java:close(385)) - 9ce0b59e-153f-4f41-8aed-492a76d80b48@group-7A18C9E9D23C: closes. applyIndex: -1
2019-09-26 21:19:07,149 [1178c3ae-d0b4-4d44-b144-fe8504cc41ac@group-9FAB7D69D5C6-SegmentedRaftLogWorker] INFO  segmented.SegmentedRaftLogWorker (SegmentedRaftLogWorker.java:close(228)) - 1178c3ae-d0b4-4d44-b144-fe8504cc41ac@group-9FAB7D69D5C6-SegmentedRaftLogWorker close()
2019-09-26 21:19:07,148 [9ce0b59e-153f-4f41-8aed-492a76d80b48@group-7B4BEC4DC6F2-SegmentedRaftLogWorker] INFO  segmented.SegmentedRaftLogWorker (SegmentedRaftLogWorker.java:close(228)) - 9ce0b59e-153f-4f41-8aed-492a76d80b48@group-7B4BEC4DC6F2-SegmentedRaftLogWorker close()
2019-09-26 21:19:07,148 [9ce0b59e-153f-4f41-8aed-492a76d80b48@group-91179EE64C12-SegmentedRaftLogWorker] INFO  impl.StateMachineUpdater (StateMachineUpdater.java:stopAndJoin(125)) - 9ce0b59e-153f-4f41-8aed-492a76d80b48@group-91179EE64C12-StateMachineUpdater: set stopIndex = -1
2019-09-26 21:19:07,153 [9ce0b59e-153f-4f41-8aed-492a76d80b48@group-91179EE64C12-SegmentedRaftLogWorker] INFO  impl.RaftServerImpl (ServerState.java:close(385)) - 9ce0b59e-153f-4f41-8aed-492a76d80b48@group-91179EE64C12: closes. applyIndex: -1
2019-09-26 21:19:07,148 [0c640f50-2bc9-49b6-b785-a27e3116e6ba@group-FD0854A06F9A-SegmentedRaftLogWorker] INFO  segmented.SegmentedRaftLogWorker (SegmentedRaftLogWorker.java:close(228)) - 0c640f50-2bc9-49b6-b785-a27e3116e6ba@group-FD0854A06F9A-SegmentedRaftLogWorker close()
2019-09-26 21:19:07,153 [9ce0b59e-153f-4f41-8aed-492a76d80b48@group-91179EE64C12-SegmentedRaftLogWorker] INFO  segmented.SegmentedRaftLogWorker (SegmentedRaftLogWorker.java:close(228)) - 9ce0b59e-153f-4f41-8aed-492a76d80b48@group-91179EE64C12-SegmentedRaftLogWorker close()
2019-09-26 21:19:07,153 [9ce0b59e-153f-4f41-8aed-492a76d80b48@group-7A18C9E9D23C-SegmentedRaftLogWorker] INFO  segmented.SegmentedRaftLogWorker (SegmentedRaftLogWorker.java:close(228)) - 9ce0b59e-153f-4f41-8aed-492a76d80b48@group-7A18C9E9D23C-SegmentedRaftLogWorker close()
2019-09-26 21:19:07,152 [pool-27-thread-1] INFO  server.RaftServerConfigKeys (ConfUtils.java:logGet(43)) - raft.server.log.queue.byte-limit = 2147483647 (custom)
2019-09-26 21:19:07,152 [pool-57-thread-1] INFO  segmented.SegmentedRaftLogWorker (SegmentedRaftLogWorker.java:<init>(172)) - new 0c640f50-2bc9-49b6-b785-a27e3116e6ba@group-90252941981A-SegmentedRaftLogWorker for RaftStorage:Storage Directory /workdir/hadoop-ozone/ozonefs/target/test-dir/MiniOzoneClusterImpl-5b64906c-d720-4906-b30c-b6d56a2122fd/datanode-3/data/ratis/41db12e1-988a-47fe-8796-90252941981a
2019-09-26 21:19:07,152 [9ce0b59e-153f-4f41-8aed-492a76d80b48@group-76F045CE1768-SegmentedRaftLogWorker] INFO  segmented.SegmentedRaftLogWorker (SegmentedRaftLogWorker.java:close(228)) - 9ce0b59e-153f-4f41-8aed-492a76d80b48@group-76F045CE1768-SegmentedRaftLogWorker close()
2019-09-26 21:19:07,151 [pool-47-thread-1] INFO  server.RaftServerConfigKeys (ConfUtils.java:logGet(43)) - raft.server.log.segment.size.max = 1048576 (custom)
2019-09-26 21:19:07,154 [pool-57-thread-1] INFO  server.RaftServerConfigKeys (ConfUtils.java:logGet(43)) - raft.server.log.queue.byte-limit = 2147483647 (custom)
2019-09-26 21:19:07,154 [pool-27-thread-1] INFO  server.RaftServerConfigKeys (ConfUtils.java:logGet(43)) - raft.server.log.queue.element-limit = 1024 (custom)
2019-09-26 21:19:07,154 [pool-57-thread-1] INFO  server.RaftServerConfigKeys (ConfUtils.java:logGet(43)) - raft.server.log.queue.element-limit = 1024 (custom)
2019-09-26 21:19:07,154 [pool-47-thread-1] INFO  server.RaftServerConfigKeys (ConfUtils.java:logGet(43)) - raft.server.log.segment.cache.num.max = 2 (custom)
2019-09-26 21:19:07,155 [pool-57-thread-1] INFO  server.RaftServerConfigKeys (ConfUtils.java:logGet(43)) - raft.server.log.segment.size.max = 1048576 (custom)
2019-09-26 21:19:07,155 [pool-57-thread-1] INFO  server.RaftServerConfigKeys (ConfUtils.java:logGet(43)) - raft.server.log.preallocated.size = 16384 (custom)
2019-09-26 21:19:07,155 [pool-27-thread-1] INFO  server.RaftServerConfigKeys (ConfUtils.java:logGet(43)) - raft.server.log.segment.size.max = 1048576 (custom)
2019-09-26 21:19:07,155 [pool-57-thread-1] INFO  server.RaftServerConfigKeys (ConfUtils.java:logGet(43)) - raft.server.log.write.buffer.size = 33554432 (custom)
2019-09-26 21:19:07,156 [pool-57-thread-1] INFO  server.RaftServerConfigKeys (ConfUtils.java:logGet(43)) - raft.server.log.force.sync.num = 128 (default)
2019-09-26 21:19:07,155 [pool-47-thread-1] INFO  segmented.SegmentedRaftLogWorker (SegmentedRaftLogWorker.java:<init>(172)) - new 09112efe-1fad-4539-a04f-c96aef6d2351@group-90252941981A-SegmentedRaftLogWorker for RaftStorage:Storage Directory /workdir/hadoop-ozone/ozonefs/target/test-dir/MiniOzoneClusterImpl-5b64906c-d720-4906-b30c-b6d56a2122fd/datanode-2/data/ratis/41db12e1-988a-47fe-8796-90252941981a
2019-09-26 21:19:07,156 [pool-57-thread-1] INFO  server.RaftServerConfigKeys (ConfUtils.java:logGet(43)) - raft.server.log.statemachine.data.sync = true (default)
2019-09-26 21:19:07,156 [pool-57-thread-1] INFO  server.RaftServerConfigKeys (ConfUtils.java:logGet(43)) - raft.server.log.statemachine.data.sync.timeout = 10s (default)
2019-09-26 21:19:07,155 [pool-27-thread-1] INFO  server.RaftServerConfigKeys (ConfUtils.java:logGet(43)) - raft.server.log.preallocated.size = 16384 (custom)
2019-09-26 21:19:07,156 [pool-57-thread-1] INFO  server.RaftServerConfigKeys (ConfUtils.java:logGet(43)) - raft.server.log.statemachine.data.sync.timeout.retry = -1 (default)
2019-09-26 21:19:07,156 [pool-47-thread-1] INFO  server.RaftServerConfigKeys (ConfUtils.java:logGet(43)) - raft.server.log.queue.byte-limit = 2147483647 (custom)
2019-09-26 21:19:07,157 [pool-47-thread-1] INFO  server.RaftServerConfigKeys (ConfUtils.java:logGet(43)) - raft.server.log.queue.element-limit = 1024 (custom)
2019-09-26 21:19:07,156 [pool-27-thread-1] INFO  server.RaftServerConfigKeys (ConfUtils.java:logGet(43)) - raft.server.log.write.buffer.size = 33554432 (custom)
2019-09-26 21:19:07,157 [pool-47-thread-1] INFO  server.RaftServerConfigKeys (ConfUtils.java:logGet(43)) - raft.server.log.segment.size.max = 1048576 (custom)
2019-09-26 21:19:07,157 [pool-27-thread-1] INFO  server.RaftServerConfigKeys (ConfUtils.java:logGet(43)) - raft.server.log.force.sync.num = 128 (default)
2019-09-26 21:19:07,157 [pool-47-thread-1] INFO  server.RaftServerConfigKeys (ConfUtils.java:logGet(43)) - raft.server.log.preallocated.size = 16384 (custom)
2019-09-26 21:19:07,157 [pool-27-thread-1] INFO  server.RaftServerConfigKeys (ConfUtils.java:logGet(43)) - raft.server.log.statemachine.data.sync = true (default)
2019-09-26 21:19:07,157 [pool-47-thread-1] INFO  server.RaftServerConfigKeys (ConfUtils.java:logGet(43)) - raft.server.log.write.buffer.size = 33554432 (custom)
2019-09-26 21:19:07,158 [pool-27-thread-1] INFO  server.RaftServerConfigKeys (ConfUtils.java:logGet(43)) - raft.server.log.statemachine.data.sync.timeout = 10s (default)
2019-09-26 21:19:07,158 [pool-47-thread-1] INFO  server.RaftServerConfigKeys (ConfUtils.java:logGet(43)) - raft.server.log.force.sync.num = 128 (default)
2019-09-26 21:19:07,158 [pool-27-thread-1] INFO  server.RaftServerConfigKeys (ConfUtils.java:logGet(43)) - raft.server.log.statemachine.data.sync.timeout.retry = -1 (default)
2019-09-26 21:19:07,158 [pool-47-thread-1] INFO  server.RaftServerConfigKeys (ConfUtils.java:logGet(43)) - raft.server.log.statemachine.data.sync = true (default)
2019-09-26 21:19:07,158 [pool-27-thread-1] INFO  server.RaftServerConfigKeys (ConfUtils.java:logGet(43)) - raft.server.log.statemachine.data.caching.enabled = true (custom)
2019-09-26 21:19:07,158 [pool-57-thread-1] INFO  server.RaftServerConfigKeys (ConfUtils.java:logGet(43)) - raft.server.log.statemachine.data.caching.enabled = true (custom)
2019-09-26 21:19:07,158 [pool-47-thread-1] INFO  server.RaftServerConfigKeys (ConfUtils.java:logGet(43)) - raft.server.log.statemachine.data.sync.timeout = 10s (default)
2019-09-26 21:19:07,159 [pool-57-thread-1] INFO  segmented.SegmentedRaftLogWorker (SegmentedRaftLogWorker.java:lambda$new$0(132)) - 0c640f50-2bc9-49b6-b785-a27e3116e6ba@group-90252941981A-SegmentedRaftLogWorker: flushIndex: setUnconditionally 0 -> -1
2019-09-26 21:19:07,159 [pool-27-thread-1] INFO  segmented.SegmentedRaftLogWorker (SegmentedRaftLogWorker.java:lambda$new$0(132)) - 9ce0b59e-153f-4f41-8aed-492a76d80b48@group-90252941981A-SegmentedRaftLogWorker: flushIndex: setUnconditionally 0 -> -1
2019-09-26 21:19:07,159 [da833d8d-e72a-4068-9560-4daa2d83adc2@group-48B7BC6FD74C:LeaderElection147] INFO  server.RaftServerConfigKeys (ConfUtils.java:logGet(43)) - raft.server.write.element-limit = 4096 (default)
2019-09-26 21:19:07,159 [09112efe-1fad-4539-a04f-c96aef6d2351@group-EB13478BB780:LeaderElection146] INFO  server.RaftServerConfigKeys (ConfUtils.java:logGet(43)) - raft.server.write.element-limit = 4096 (default)
2019-09-26 21:19:07,159 [pool-47-thread-1] INFO  server.RaftServerConfigKeys (ConfUtils.java:logGet(43)) - raft.server.log.statemachine.data.sync.timeout.retry = -1 (default)
2019-09-26 21:19:07,160 [09112efe-1fad-4539-a04f-c96aef6d2351@group-EB13478BB780:LeaderElection146] INFO  server.RaftServerConfigKeys (ConfUtils.java:logGet(43)) - raft.server.watch.timeout = 10s (default)
2019-09-26 21:19:07,160 [da833d8d-e72a-4068-9560-4daa2d83adc2@group-48B7BC6FD74C:LeaderElection147] INFO  server.RaftServerConfigKeys (ConfUtils.java:logGet(43)) - raft.server.watch.timeout = 10s (default)
2019-09-26 21:19:07,159 [pool-57-thread-1] INFO  server.RaftServerConfigKeys (ConfUtils.java:logGet(43)) - raft.server.snapshot.auto.trigger.enabled = true (custom)
2019-09-26 21:19:07,161 [da833d8d-e72a-4068-9560-4daa2d83adc2@group-48B7BC6FD74C:LeaderElection147] INFO  server.RaftServerConfigKeys (ConfUtils.java:logGet(43)) - raft.server.watch.timeout.denomination = 1s (default)
2019-09-26 21:19:07,161 [1178c3ae-d0b4-4d44-b144-fe8504cc41ac@group-F8E1B0E88623:LeaderElection142] INFO  impl.RaftServerImpl (ServerState.java:setRaftConf(354)) - 1178c3ae-d0b4-4d44-b144-fe8504cc41ac@group-F8E1B0E88623: set configuration 0: [1178c3ae-d0b4-4d44-b144-fe8504cc41ac:192.168.151.99:33787], old=null at 0
2019-09-26 21:19:07,161 [9ce0b59e-153f-4f41-8aed-492a76d80b48@group-D00789A57A5B:LeaderElection130] INFO  impl.RaftServerImpl (ServerState.java:setRaftConf(354)) - 9ce0b59e-153f-4f41-8aed-492a76d80b48@group-D00789A57A5B: set configuration 0: [9ce0b59e-153f-4f41-8aed-492a76d80b48:192.168.151.99:34156], old=null at 0
2019-09-26 21:19:07,161 [09112efe-1fad-4539-a04f-c96aef6d2351@group-EB13478BB780:LeaderElection146] INFO  server.RaftServerConfigKeys (ConfUtils.java:logGet(43)) - raft.server.watch.timeout.denomination = 1s (default)
2019-09-26 21:19:07,161 [da833d8d-e72a-4068-9560-4daa2d83adc2@group-48B7BC6FD74C:LeaderElection147] INFO  server.RaftServerConfigKeys (ConfUtils.java:logGet(43)) - raft.server.watch.element-limit = 65536 (default)
2019-09-26 21:19:07,161 [9ce0b59e-153f-4f41-8aed-492a76d80b48@group-486ABFFF1652:LeaderElection137] INFO  impl.RaftServerImpl (ServerState.java:setRaftConf(354)) - 9ce0b59e-153f-4f41-8aed-492a76d80b48@group-486ABFFF1652: set configuration 0: [9ce0b59e-153f-4f41-8aed-492a76d80b48:192.168.151.99:34156], old=null at 0
2019-09-26 21:19:07,161 [pool-57-thread-1] INFO  server.RaftServerConfigKeys (ConfUtils.java:logGet(43)) - raft.server.snapshot.auto.trigger.threshold = 10000 (custom)
2019-09-26 21:19:07,161 [9ce0b59e-153f-4f41-8aed-492a76d80b48@group-9339CCE34269:LeaderElection123] INFO  impl.RaftServerImpl (ServerState.java:setRaftConf(354)) - 9ce0b59e-153f-4f41-8aed-492a76d80b48@group-9339CCE34269: set configuration 0: [9ce0b59e-153f-4f41-8aed-492a76d80b48:192.168.151.99:34156], old=null at 0
2019-09-26 21:19:07,161 [09112efe-1fad-4539-a04f-c96aef6d2351@group-EB13478BB780:LeaderElection146] INFO  server.RaftServerConfigKeys (ConfUtils.java:logGet(43)) - raft.server.watch.element-limit = 65536 (default)
2019-09-26 21:19:10,627 [da833d8d-e72a-4068-9560-4daa2d83adc2@group-ED372BCAD154:LeaderElection125] INFO  impl.RaftServerImpl (ServerState.java:setRaftConf(354)) - da833d8d-e72a-4068-9560-4daa2d83adc2@group-ED372BCAD154: set configuration 0: [da833d8d-e72a-4068-9560-4daa2d83adc2:192.168.151.99:38903], old=null at 0
2019-09-26 21:19:10,626 [pool-57-thread-1] INFO  server.RaftServerConfigKeys (ConfUtils.java:logGet(43)) - raft.server.snapshot.retention.num.files = 5 (custom)
2019-09-26 21:19:07,162 [9ce0b59e-153f-4f41-8aed-492a76d80b48@group-543D5ED6ABE1:LeaderElection121] INFO  impl.RaftServerImpl (ServerState.java:setRaftConf(354)) - 9ce0b59e-153f-4f41-8aed-492a76d80b48@group-543D5ED6ABE1: set configuration 0: [9ce0b59e-153f-4f41-8aed-492a76d80b48:192.168.151.99:34156], old=null at 0
2019-09-26 21:19:10,622 [0c640f50-2bc9-49b6-b785-a27e3116e6ba@group-83E834069CCA-SegmentedRaftLogWorker] ERROR segmented.SegmentedRaftLogWorker (SegmentedRaftLogWorker.java:run(323)) - 0c640f50-2bc9-49b6-b785-a27e3116e6ba@group-83E834069CCA-SegmentedRaftLogWorker hit exception
java.lang.OutOfMemoryError: Direct buffer memory
	at java.nio.Bits.reserveMemory(Bits.java:666)
	at java.nio.DirectByteBuffer.<init>(DirectByteBuffer.java:123)
	at java.nio.ByteBuffer.allocateDirect(ByteBuffer.java:311)
	at org.apache.ratis.server.raftlog.segmented.BufferedWriteChannel.<init>(BufferedWriteChannel.java:41)
	at org.apache.ratis.server.raftlog.segmented.SegmentedRaftLogOutputStream.<init>(SegmentedRaftLogOutputStream.java:72)
	at org.apache.ratis.server.raftlog.segmented.SegmentedRaftLogWorker$StartLogSegment.execute(SegmentedRaftLogWorker.java:566)
	at org.apache.ratis.server.raftlog.segmented.SegmentedRaftLogWorker.run(SegmentedRaftLogWorker.java:289)
	at java.lang.Thread.run(Thread.java:748)
2019-09-26 21:19:10,622 [09112efe-1fad-4539-a04f-c96aef6d2351@group-EC252041ED71-SegmentedRaftLogWorker] ERROR segmented.SegmentedRaftLogWorker (SegmentedRaftLogWorker.java:run(323)) - 09112efe-1fad-4539-a04f-c96aef6d2351@group-EC252041ED71-SegmentedRaftLogWorker hit exception
java.lang.OutOfMemoryError: Direct buffer memory
	at java.nio.Bits.reserveMemory(Bits.java:666)
	at java.nio.DirectByteBuffer.<init>(DirectByteBuffer.java:123)
	at java.nio.ByteBuffer.allocateDirect(ByteBuffer.java:311)
	at org.apache.ratis.server.raftlog.segmented.BufferedWriteChannel.<init>(BufferedWriteChannel.java:41)
	at org.apache.ratis.server.raftlog.segmented.SegmentedRaftLogOutputStream.<init>(SegmentedRaftLogOutputStream.java:72)
	at org.apache.ratis.server.raftlog.segmented.SegmentedRaftLogWorker$StartLogSegment.execute(SegmentedRaftLogWorker.java:566)
	at org.apache.ratis.server.raftlog.segmented.SegmentedRaftLogWorker.run(SegmentedRaftLogWorker.java:289)
	at java.lang.Thread.run(Thread.java:748)
2019-09-26 21:19:10,621 [IPC Server handler 17 on 33705] ERROR pipeline.SCMPipelineManager (SCMPipelineManager.java:createPipeline(167)) - Pipeline creation failed.
org.apache.hadoop.io.MultipleIOException: 3 exceptions [java.io.IOException: Failed invoke Ratis rpc org.apache.hadoop.hdds.scm.pipeline.RatisPipelineProvider$$Lambda$179/154091354@41404f50 for 9ce0b59e-153f-4f41-8aed-492a76d80b48, java.io.IOException: Failed invoke Ratis rpc org.apache.hadoop.hdds.scm.pipeline.RatisPipelineProvider$$Lambda$179/154091354@41404f50 for 0c640f50-2bc9-49b6-b785-a27e3116e6ba, java.io.IOException: Failed invoke Ratis rpc org.apache.hadoop.hdds.scm.pipeline.RatisPipelineProvider$$Lambda$179/154091354@41404f50 for da833d8d-e72a-4068-9560-4daa2d83adc2]
	at org.apache.hadoop.io.MultipleIOException.createIOException(MultipleIOException.java:53)
	at org.apache.hadoop.hdds.scm.pipeline.RatisPipelineProvider.callRatisRpc(RatisPipelineProvider.java:191)
	at org.apache.hadoop.hdds.scm.pipeline.RatisPipelineProvider.initializePipeline(RatisPipelineProvider.java:134)
	at org.apache.hadoop.hdds.scm.pipeline.RatisPipelineProvider.create(RatisPipelineProvider.java:103)
	at org.apache.hadoop.hdds.scm.pipeline.PipelineFactory.create(PipelineFactory.java:58)
	at org.apache.hadoop.hdds.scm.pipeline.SCMPipelineManager.createPipeline(SCMPipelineManager.java:155)
	at org.apache.hadoop.hdds.scm.block.BlockManagerImpl.allocateBlock(BlockManagerImpl.java:190)
	at org.apache.hadoop.hdds.scm.server.SCMBlockProtocolServer.allocateBlock(SCMBlockProtocolServer.java:182)
	at org.apache.hadoop.ozone.protocolPB.ScmBlockLocationProtocolServerSideTranslatorPB.allocateScmBlock(ScmBlockLocationProtocolServerSideTranslatorPB.java:183)
	at org.apache.hadoop.ozone.protocolPB.ScmBlockLocationProtocolServerSideTranslatorPB.processMessage(ScmBlockLocationProtocolServerSideTranslatorPB.java:141)
	at org.apache.hadoop.ozone.protocolPB.ScmBlockLocationProtocolServerSideTranslatorPB.send(ScmBlockLocationProtocolServerSideTranslatorPB.java:116)
	at org.apache.hadoop.hdds.protocol.proto.ScmBlockLocationProtocolProtos$ScmBlockLocationProtocolService$2.callBlockingMethod(ScmBlockLocationProtocolProtos.java:13157)
	at org.apache.hadoop.ipc.ProtobufRpcEngine$Server$ProtoBufRpcInvoker.call(ProtobufRpcEngine.java:524)
	at org.apache.hadoop.ipc.RPC$Server.call(RPC.java:1025)
	at org.apache.hadoop.ipc.Server$RpcCall.run(Server.java:876)
	at org.apache.hadoop.ipc.Server$RpcCall.run(Server.java:822)
	at java.security.AccessController.doPrivileged(Native Method)
	at javax.security.auth.Subject.doAs(Subject.java:422)
	at org.apache.hadoop.security.UserGroupInformation.doAs(UserGroupInformation.java:1730)
	at org.apache.hadoop.ipc.Server$Handler.run(Server.java:2682)
2019-09-26 21:19:10,629 [09112efe-1fad-4539-a04f-c96aef6d2351@group-3320048E059F:LeaderElection143] INFO  impl.RaftServerImpl (ServerState.java:setRaftConf(354)) - 09112efe-1fad-4539-a04f-c96aef6d2351@group-3320048E059F: set configuration 0: [09112efe-1fad-4539-a04f-c96aef6d2351:192.168.151.99:45286], old=null at 0
2019-09-26 21:19:10,629 [pool-47-thread-1] INFO  server.RaftServerConfigKeys (ConfUtils.java:logGet(43)) - raft.server.log.statemachine.data.caching.enabled = true (custom)
2019-09-26 21:19:10,629 [9ce0b59e-153f-4f41-8aed-492a76d80b48@group-F4F4B9E0C0D9:LeaderElection138] INFO  impl.RaftServerImpl (ServerState.java:setRaftConf(354)) - 9ce0b59e-153f-4f41-8aed-492a76d80b48@group-F4F4B9E0C0D9: set configuration 0: [9ce0b59e-153f-4f41-8aed-492a76d80b48:192.168.151.99:34156], old=null at 0
2019-09-26 21:19:10,629 [09112efe-1fad-4539-a04f-c96aef6d2351@group-C1CCE81E3AA9:LeaderElection141] INFO  impl.RaftServerImpl (ServerState.java:setRaftConf(354)) - 09112efe-1fad-4539-a04f-c96aef6d2351@group-C1CCE81E3AA9: set configuration 0: [09112efe-1fad-4539-a04f-c96aef6d2351:192.168.151.99:45286], old=null at 0
2019-09-26 21:19:10,628 [1178c3ae-d0b4-4d44-b144-fe8504cc41ac@group-5EAC8502C8A3:LeaderElection132] INFO  impl.RaftServerImpl (ServerState.java:setRaftConf(354)) - 1178c3ae-d0b4-4d44-b144-fe8504cc41ac@group-5EAC8502C8A3: set configuration 0: [1178c3ae-d0b4-4d44-b144-fe8504cc41ac:192.168.151.99:33787], old=null at 0
2019-09-26 21:19:10,628 [09112efe-1fad-4539-a04f-c96aef6d2351@group-EC252041ED71-SegmentedRaftLogWorker] INFO  impl.RaftServerImpl (RaftServerImpl.java:lambda$shutdown$3(251)) - 09112efe-1fad-4539-a04f-c96aef6d2351@group-EC252041ED71: shutdown
2019-09-26 21:19:10,628 [9ce0b59e-153f-4f41-8aed-492a76d80b48@group-9CC82A6B0D81:LeaderElection140] INFO  impl.RaftServerImpl (ServerState.java:setRaftConf(354)) - 9ce0b59e-153f-4f41-8aed-492a76d80b48@group-9CC82A6B0D81: set configuration 0: [9ce0b59e-153f-4f41-8aed-492a76d80b48:192.168.151.99:34156], old=null at 0
2019-09-26 21:19:10,628 [1178c3ae-d0b4-4d44-b144-fe8504cc41ac@group-FD9251D15172:LeaderElection133] INFO  impl.RaftServerImpl (ServerState.java:setRaftConf(354)) - 1178c3ae-d0b4-4d44-b144-fe8504cc41ac@group-FD9251D15172: set configuration 0: [1178c3ae-d0b4-4d44-b144-fe8504cc41ac:192.168.151.99:33787], old=null at 0
2019-09-26 21:19:10,628 [9ce0b59e-153f-4f41-8aed-492a76d80b48@group-3B90256A708A:LeaderElection136] INFO  impl.RaftServerImpl (ServerState.java:setRaftConf(354)) - 9ce0b59e-153f-4f41-8aed-492a76d80b48@group-3B90256A708A: set configuration 0: [9ce0b59e-153f-4f41-8aed-492a76d80b48:192.168.151.99:34156], old=null at 0
2019-09-26 21:19:10,628 [0c640f50-2bc9-49b6-b785-a27e3116e6ba@group-83E834069CCA-SegmentedRaftLogWorker] INFO  impl.RaftServerImpl (RaftServerImpl.java:lambda$shutdown$3(251)) - 0c640f50-2bc9-49b6-b785-a27e3116e6ba@group-83E834069CCA: shutdown
2019-09-26 21:19:10,628 [da833d8d-e72a-4068-9560-4daa2d83adc2@group-511FA1580F8F:LeaderElection135] INFO  impl.RaftServerImpl (ServerState.java:setRaftConf(354)) - da833d8d-e72a-4068-9560-4daa2d83adc2@group-511FA1580F8F: set configuration 0: [da833d8d-e72a-4068-9560-4daa2d83adc2:192.168.151.99:38903], old=null at 0
2019-09-26 21:19:10,627 [da833d8d-e72a-4068-9560-4daa2d83adc2@group-9A832E30A4CB:LeaderElection127] INFO  impl.RaftServerImpl (ServerState.java:setRaftConf(354)) - da833d8d-e72a-4068-9560-4daa2d83adc2@group-9A832E30A4CB: set configuration 0: [da833d8d-e72a-4068-9560-4daa2d83adc2:192.168.151.99:38903], old=null at 0
2019-09-26 21:19:10,627 [0c640f50-2bc9-49b6-b785-a27e3116e6ba@group-0323BB0C2CB1:LeaderElection126] INFO  impl.RaftServerImpl (ServerState.java:setRaftConf(354)) - 0c640f50-2bc9-49b6-b785-a27e3116e6ba@group-0323BB0C2CB1: set configuration 0: [0c640f50-2bc9-49b6-b785-a27e3116e6ba:192.168.151.99:42361], old=null at 0
2019-09-26 21:19:10,627 [9ce0b59e-153f-4f41-8aed-492a76d80b48@group-6F05E871BC73:LeaderElection128] INFO  impl.RaftServerImpl (ServerState.java:setRaftConf(354)) - 9ce0b59e-153f-4f41-8aed-492a76d80b48@group-6F05E871BC73: set configuration 0: [9ce0b59e-153f-4f41-8aed-492a76d80b48:192.168.151.99:34156], old=null at 0
2019-09-26 21:19:10,627 [9ce0b59e-153f-4f41-8aed-492a76d80b48@group-502FD49C5050:LeaderElection131] INFO  impl.RaftServerImpl (ServerState.java:setRaftConf(354)) - 9ce0b59e-153f-4f41-8aed-492a76d80b48@group-502FD49C5050: set configuration 0: [9ce0b59e-153f-4f41-8aed-492a76d80b48:192.168.151.99:34156], old=null at 0
2019-09-26 21:19:10,627 [1178c3ae-d0b4-4d44-b144-fe8504cc41ac@group-04E8659F51F7:LeaderElection124] INFO  impl.RaftServerImpl (ServerState.java:setRaftConf(354)) - 1178c3ae-d0b4-4d44-b144-fe8504cc41ac@group-04E8659F51F7: set configuration 0: [1178c3ae-d0b4-4d44-b144-fe8504cc41ac:192.168.151.99:33787], old=null at 0
2019-09-26 21:19:10,652 [0c640f50-2bc9-49b6-b785-a27e3116e6ba@group-83E834069CCA-SegmentedRaftLogWorker] INFO  util.JmxRegister (JmxRegister.java:unregister(73)) - Successfully un-registered JMX Bean with object name Ratis:service=RaftServer,group=group-83E834069CCA,id=0c640f50-2bc9-49b6-b785-a27e3116e6ba
2019-09-26 21:19:10,651 [09112efe-1fad-4539-a04f-c96aef6d2351@group-EC252041ED71-SegmentedRaftLogWorker] INFO  util.JmxRegister (JmxRegister.java:unregister(73)) - Successfully un-registered JMX Bean with object name Ratis:service=RaftServer,group=group-EC252041ED71,id=09112efe-1fad-4539-a04f-c96aef6d2351
2019-09-26 21:19:10,650 [pool-47-thread-1] INFO  segmented.SegmentedRaftLogWorker (SegmentedRaftLogWorker.java:lambda$new$0(132)) - 09112efe-1fad-4539-a04f-c96aef6d2351@group-90252941981A-SegmentedRaftLogWorker: flushIndex: setUnconditionally 0 -> -1
2019-09-26 21:19:10,646 [9ce0b59e-153f-4f41-8aed-492a76d80b48@group-3CF811E9C283:LeaderElection117] INFO  impl.RaftServerImpl (ServerState.java:setRaftConf(354)) - 9ce0b59e-153f-4f41-8aed-492a76d80b48@group-3CF811E9C283: set configuration 0: [9ce0b59e-153f-4f41-8aed-492a76d80b48:192.168.151.99:34156], old=null at 0
2019-09-26 21:19:10,645 [org.apache.hadoop.util.JvmPauseMonitor$Monitor@29aa7e31] INFO  util.JvmPauseMonitor (JvmPauseMonitor.java:run(205)) - Detected pause in JVM or host machine (eg GC): pause of approximately 3028ms
GC pool 'PS MarkSweep' had collection(s): count=20 time=3243ms
GC pool 'PS Scavenge' had collection(s): count=20 time=149ms
2019-09-26 21:19:10,645 [org.apache.hadoop.util.JvmPauseMonitor$Monitor@5ffb8d62] INFO  util.JvmPauseMonitor (JvmPauseMonitor.java:run(205)) - Detected pause in JVM or host machine (eg GC): pause of approximately 3028ms
GC pool 'PS MarkSweep' had collection(s): count=20 time=3243ms
GC pool 'PS Scavenge' had collection(s): count=20 time=149ms
2019-09-26 21:19:10,645 [org.apache.hadoop.util.JvmPauseMonitor$Monitor@f73fcf1] INFO  util.JvmPauseMonitor (JvmPauseMonitor.java:run(205)) - Detected pause in JVM or host machine (eg GC): pause of approximately 3028ms
GC pool 'PS MarkSweep' had collection(s): count=20 time=3243ms
GC pool 'PS Scavenge' had collection(s): count=20 time=149ms
2019-09-26 21:19:10,645 [org.apache.hadoop.util.JvmPauseMonitor$Monitor@10aabb78] INFO  util.JvmPauseMonitor (JvmPauseMonitor.java:run(205)) - Detected pause in JVM or host machine (eg GC): pause of approximately 3028ms
GC pool 'PS MarkSweep' had collection(s): count=20 time=3243ms
GC pool 'PS Scavenge' had collection(s): count=20 time=149ms
2019-09-26 21:19:10,645 [org.apache.hadoop.util.JvmPauseMonitor$Monitor@3d307240] INFO  util.JvmPauseMonitor (JvmPauseMonitor.java:run(205)) - Detected pause in JVM or host machine (eg GC): pause of approximately 3028ms
GC pool 'PS MarkSweep' had collection(s): count=20 time=3243ms
GC pool 'PS Scavenge' had collection(s): count=20 time=149ms
2019-09-26 21:19:10,645 [org.apache.hadoop.util.JvmPauseMonitor$Monitor@5af9926a] INFO  util.JvmPauseMonitor (JvmPauseMonitor.java:run(205)) - Detected pause in JVM or host machine (eg GC): pause of approximately 3028ms
GC pool 'PS MarkSweep' had collection(s): count=20 time=3243ms
GC pool 'PS Scavenge' had collection(s): count=20 time=149ms
2019-09-26 21:19:10,629 [pool-27-thread-1] INFO  server.RaftServerConfigKeys (ConfUtils.java:logGet(43)) - raft.server.snapshot.auto.trigger.enabled = true (custom)
2019-09-26 21:19:10,629 [IPC Server handler 17 on 33705] WARN  block.BlockManagerImpl (BlockManagerImpl.java:allocateBlock(192)) - Pipeline creation failed for type:RATIS factor:THREE. Retrying get pipelines call once.
org.apache.hadoop.io.MultipleIOException: 3 exceptions [java.io.IOException: Failed invoke Ratis rpc org.apache.hadoop.hdds.scm.pipeline.RatisPipelineProvider$$Lambda$179/154091354@41404f50 for 9ce0b59e-153f-4f41-8aed-492a76d80b48, java.io.IOException: Failed invoke Ratis rpc org.apache.hadoop.hdds.scm.pipeline.RatisPipelineProvider$$Lambda$179/154091354@41404f50 for 0c640f50-2bc9-49b6-b785-a27e3116e6ba, java.io.IOException: Failed invoke Ratis rpc org.apache.hadoop.hdds.scm.pipeline.RatisPipelineProvider$$Lambda$179/154091354@41404f50 for da833d8d-e72a-4068-9560-4daa2d83adc2]
	at org.apache.hadoop.io.MultipleIOException.createIOException(MultipleIOException.java:53)
	at org.apache.hadoop.hdds.scm.pipeline.RatisPipelineProvider.callRatisRpc(RatisPipelineProvider.java:191)
	at org.apache.hadoop.hdds.scm.pipeline.RatisPipelineProvider.initializePipeline(RatisPipelineProvider.java:134)
	at org.apache.hadoop.hdds.scm.pipeline.RatisPipelineProvider.create(RatisPipelineProvider.java:103)
	at org.apache.hadoop.hdds.scm.pipeline.PipelineFactory.create(PipelineFactory.java:58)
	at org.apache.hadoop.hdds.scm.pipeline.SCMPipelineManager.createPipeline(SCMPipelineManager.java:155)
	at org.apache.hadoop.hdds.scm.block.BlockManagerImpl.allocateBlock(BlockManagerImpl.java:190)
	at org.apache.hadoop.hdds.scm.server.SCMBlockProtocolServer.allocateBlock(SCMBlockProtocolServer.java:182)
	at org.apache.hadoop.ozone.protocolPB.ScmBlockLocationProtocolServerSideTranslatorPB.allocateScmBlock(ScmBlockLocationProtocolServerSideTranslatorPB.java:183)
	at org.apache.hadoop.ozone.protocolPB.ScmBlockLocationProtocolServerSideTranslatorPB.processMessage(ScmBlockLocationProtocolServerSideTranslatorPB.java:141)
	at org.apache.hadoop.ozone.protocolPB.ScmBlockLocationProtocolServerSideTranslatorPB.send(ScmBlockLocationProtocolServerSideTranslatorPB.java:116)
	at org.apache.hadoop.hdds.protocol.proto.ScmBlockLocationProtocolProtos$ScmBlockLocationProtocolService$2.callBlockingMethod(ScmBlockLocationProtocolProtos.java:13157)
	at org.apache.hadoop.ipc.ProtobufRpcEngine$Server$ProtoBufRpcInvoker.call(ProtobufRpcEngine.java:524)
	at org.apache.hadoop.ipc.RPC$Server.call(RPC.java:1025)
	at org.apache.hadoop.ipc.Server$RpcCall.run(Server.java:876)
	at org.apache.hadoop.ipc.Server$RpcCall.run(Server.java:822)
	at java.security.AccessController.doPrivileged(Native Method)
	at javax.security.auth.Subject.doAs(Subject.java:422)
	at org.apache.hadoop.security.UserGroupInformation.doAs(UserGroupInformation.java:1730)
	at org.apache.hadoop.ipc.Server$Handler.run(Server.java:2682)
2019-09-26 21:19:10,629 [pool-57-thread-1] INFO  server.RaftServerConfigKeys (ConfUtils.java:logGet(43)) - raft.server.retrycache.expirytime = 600000ms (custom)
2019-09-26 21:19:10,654 [pool-27-thread-1] INFO  server.RaftServerConfigKeys (ConfUtils.java:logGet(43)) - raft.server.snapshot.auto.trigger.threshold = 10000 (custom)
2019-09-26 21:19:10,653 [09112efe-1fad-4539-a04f-c96aef6d2351@group-EC252041ED71-SegmentedRaftLogWorker] INFO  impl.RoleInfo (RoleInfo.java:shutdownLeaderState(104)) - 09112efe-1fad-4539-a04f-c96aef6d2351: shutdown LeaderState
2019-09-26 21:19:10,653 [0c640f50-2bc9-49b6-b785-a27e3116e6ba@group-83E834069CCA-SegmentedRaftLogWorker] INFO  impl.RoleInfo (RoleInfo.java:shutdownLeaderState(104)) - 0c640f50-2bc9-49b6-b785-a27e3116e6ba: shutdown LeaderState
2019-09-26 21:19:10,655 [09112efe-1fad-4539-a04f-c96aef6d2351@group-EC252041ED71-SegmentedRaftLogWorker] INFO  impl.PendingRequests (PendingRequests.java:sendNotLeaderResponses(202)) - 09112efe-1fad-4539-a04f-c96aef6d2351-PendingRequests: sendNotLeaderResponses
2019-09-26 21:19:10,655 [pool-27-thread-1] INFO  server.RaftServerConfigKeys (ConfUtils.java:logGet(43)) - raft.server.snapshot.retention.num.files = 5 (custom)
2019-09-26 21:19:10,655 [0c640f50-2bc9-49b6-b785-a27e3116e6ba@group-83E834069CCA-SegmentedRaftLogWorker] INFO  impl.PendingRequests (PendingRequests.java:sendNotLeaderResponses(202)) - 0c640f50-2bc9-49b6-b785-a27e3116e6ba-PendingRequests: sendNotLeaderResponses
2019-09-26 21:19:10,656 [09112efe-1fad-4539-a04f-c96aef6d2351@group-EC252041ED71-SegmentedRaftLogWorker] INFO  impl.StateMachineUpdater (StateMachineUpdater.java:stopAndJoin(125)) - 09112efe-1fad-4539-a04f-c96aef6d2351@group-EC252041ED71-StateMachineUpdater: set stopIndex = -1
2019-09-26 21:19:10,656 [0c640f50-2bc9-49b6-b785-a27e3116e6ba@group-83E834069CCA-SegmentedRaftLogWorker] INFO  impl.StateMachineUpdater (StateMachineUpdater.java:stopAndJoin(125)) - 0c640f50-2bc9-49b6-b785-a27e3116e6ba@group-83E834069CCA-StateMachineUpdater: set stopIndex = -1
2019-09-26 21:19:10,656 [09112efe-1fad-4539-a04f-c96aef6d2351@group-EC252041ED71-SegmentedRaftLogWorker] INFO  impl.RaftServerImpl (ServerState.java:close(385)) - 09112efe-1fad-4539-a04f-c96aef6d2351@group-EC252041ED71: closes. applyIndex: -1
2019-09-26 21:19:10,656 [0c640f50-2bc9-49b6-b785-a27e3116e6ba@group-83E834069CCA-SegmentedRaftLogWorker] INFO  impl.RaftServerImpl (ServerState.java:close(385)) - 0c640f50-2bc9-49b6-b785-a27e3116e6ba@group-83E834069CCA: closes. applyIndex: -1
2019-09-26 21:19:10,656 [09112efe-1fad-4539-a04f-c96aef6d2351@group-EC252041ED71-SegmentedRaftLogWorker] INFO  segmented.SegmentedRaftLogWorker (SegmentedRaftLogWorker.java:close(228)) - 09112efe-1fad-4539-a04f-c96aef6d2351@group-EC252041ED71-SegmentedRaftLogWorker close()
2019-09-26 21:19:10,656 [0c640f50-2bc9-49b6-b785-a27e3116e6ba@group-83E834069CCA-SegmentedRaftLogWorker] INFO  segmented.SegmentedRaftLogWorker (SegmentedRaftLogWorker.java:close(228)) - 0c640f50-2bc9-49b6-b785-a27e3116e6ba@group-83E834069CCA-SegmentedRaftLogWorker close()
2019-09-26 21:19:10,657 [grpc-default-executor-2] INFO  impl.RaftServerProxy (RaftServerProxy.java:addNew(89)) - 1178c3ae-d0b4-4d44-b144-fe8504cc41ac: addNew group-4036A4827E18:[1178c3ae-d0b4-4d44-b144-fe8504cc41ac:192.168.151.99:33787] returns group-4036A4827E18:java.util.concurrent.CompletableFuture@2f600808[Not completed]
2019-09-26 21:19:10,684 [pool-27-thread-1] INFO  server.RaftServerConfigKeys (ConfUtils.java:logGet(43)) - raft.server.retrycache.expirytime = 600000ms (custom)
2019-09-26 21:19:10,687 [pool-47-thread-1] INFO  server.RaftServerConfigKeys (ConfUtils.java:logGet(43)) - raft.server.snapshot.auto.trigger.enabled = true (custom)
2019-09-26 21:19:10,687 [pool-47-thread-1] INFO  server.RaftServerConfigKeys (ConfUtils.java:logGet(43)) - raft.server.snapshot.auto.trigger.threshold = 10000 (custom)
2019-09-26 21:19:10,687 [pool-47-thread-1] INFO  server.RaftServerConfigKeys (ConfUtils.java:logGet(43)) - raft.server.snapshot.retention.num.files = 5 (custom)
2019-09-26 21:19:10,688 [pool-47-thread-1] INFO  server.RaftServerConfigKeys (ConfUtils.java:logGet(43)) - raft.server.retrycache.expirytime = 600000ms (custom)
2019-09-26 21:19:10,778 [pool-37-thread-1] INFO  impl.RaftServerImpl (RaftServerImpl.java:<init>(95)) - 1178c3ae-d0b4-4d44-b144-fe8504cc41ac: new RaftServerImpl for group-4036A4827E18:[1178c3ae-d0b4-4d44-b144-fe8504cc41ac:192.168.151.99:33787] with ContainerStateMachine:uninitialized
2019-09-26 21:19:10,778 [pool-37-thread-1] INFO  server.RaftServerConfigKeys (ConfUtils.java:logGet(43)) - raft.server.rpc.timeout.min = 5s (custom)
2019-09-26 21:19:10,779 [pool-37-thread-1] INFO  server.RaftServerConfigKeys (ConfUtils.java:logGet(43)) - raft.server.rpc.timeout.max = 5200ms (custom)
2019-09-26 21:19:10,779 [pool-37-thread-1] INFO  server.RaftServerConfigKeys (ConfUtils.java:logGet(43)) - raft.server.rpcslowness.timeout = 120s (custom)
2019-09-26 21:19:10,779 [pool-37-thread-1] INFO  server.RaftServerConfigKeys (ConfUtils.java:logGet(43)) - raft.server.sleep.deviation.threshold = 300 (default)
2019-09-26 21:19:10,779 [pool-37-thread-1] INFO  server.RaftServerConfigKeys (ConfUtils.java:logGet(43)) - raft.server.log.appender.install.snapshot.enabled = false (custom)
2019-09-26 21:19:10,779 [pool-37-thread-1] INFO  impl.RaftServerImpl (ServerState.java:<init>(103)) - 1178c3ae-d0b4-4d44-b144-fe8504cc41ac@group-4036A4827E18: ConfigurationManager, init=-1: [1178c3ae-d0b4-4d44-b144-fe8504cc41ac:192.168.151.99:33787], old=null, confs=<EMPTY_MAP>
2019-09-26 21:19:10,779 [pool-37-thread-1] INFO  server.RaftServerConfigKeys (ConfUtils.java:logGet(43)) - raft.server.storage.dir = [/workdir/hadoop-ozone/ozonefs/target/test-dir/MiniOzoneClusterImpl-5b64906c-d720-4906-b30c-b6d56a2122fd/datanode-1/data/ratis] (custom)
2019-09-26 21:19:10,779 [pool-37-thread-1] INFO  storage.RaftStorageDirectory (RaftStorageDirectory.java:analyzeStorage(246)) - The storage directory /workdir/hadoop-ozone/ozonefs/target/test-dir/MiniOzoneClusterImpl-5b64906c-d720-4906-b30c-b6d56a2122fd/datanode-1/data/ratis/ea001f86-0010-4b3c-917f-4036a4827e18 does not exist. Creating ...
2019-09-26 21:19:10,782 [pool-67-thread-1] INFO  impl.RaftServerImpl (RaftServerImpl.java:<init>(95)) - da833d8d-e72a-4068-9560-4daa2d83adc2: new RaftServerImpl for group-255437930481:[0c640f50-2bc9-49b6-b785-a27e3116e6ba:192.168.151.99:42361, 9ce0b59e-153f-4f41-8aed-492a76d80b48:192.168.151.99:34156, da833d8d-e72a-4068-9560-4daa2d83adc2:192.168.151.99:38903] with ContainerStateMachine:uninitialized
2019-09-26 21:19:10,782 [pool-67-thread-1] INFO  server.RaftServerConfigKeys (ConfUtils.java:logGet(43)) - raft.server.rpc.timeout.min = 5s (custom)
2019-09-26 21:19:10,782 [pool-67-thread-1] INFO  server.RaftServerConfigKeys (ConfUtils.java:logGet(43)) - raft.server.rpc.timeout.max = 5200ms (custom)
2019-09-26 21:19:10,782 [pool-67-thread-1] INFO  server.RaftServerConfigKeys (ConfUtils.java:logGet(43)) - raft.server.rpcslowness.timeout = 120s (custom)
2019-09-26 21:19:10,782 [pool-67-thread-1] INFO  server.RaftServerConfigKeys (ConfUtils.java:logGet(43)) - raft.server.sleep.deviation.threshold = 300 (default)
2019-09-26 21:19:10,782 [pool-67-thread-1] INFO  server.RaftServerConfigKeys (ConfUtils.java:logGet(43)) - raft.server.log.appender.install.snapshot.enabled = false (custom)
2019-09-26 21:19:10,782 [pool-67-thread-1] INFO  impl.RaftServerImpl (ServerState.java:<init>(103)) - da833d8d-e72a-4068-9560-4daa2d83adc2@group-255437930481: ConfigurationManager, init=-1: [0c640f50-2bc9-49b6-b785-a27e3116e6ba:192.168.151.99:42361, 9ce0b59e-153f-4f41-8aed-492a76d80b48:192.168.151.99:34156, da833d8d-e72a-4068-9560-4daa2d83adc2:192.168.151.99:38903], old=null, confs=<EMPTY_MAP>
2019-09-26 21:19:10,783 [pool-67-thread-1] INFO  server.RaftServerConfigKeys (ConfUtils.java:logGet(43)) - raft.server.storage.dir = [/workdir/hadoop-ozone/ozonefs/target/test-dir/MiniOzoneClusterImpl-5b64906c-d720-4906-b30c-b6d56a2122fd/datanode-4/data/ratis] (custom)
2019-09-26 21:19:10,783 [pool-67-thread-1] INFO  storage.RaftStorageDirectory (RaftStorageDirectory.java:analyzeStorage(246)) - The storage directory /workdir/hadoop-ozone/ozonefs/target/test-dir/MiniOzoneClusterImpl-5b64906c-d720-4906-b30c-b6d56a2122fd/datanode-4/data/ratis/5736ccad-9ae3-4e5b-932c-255437930481 does not exist. Creating ...
2019-09-26 21:19:10,786 [pool-47-thread-1] INFO  impl.RaftServerImpl (RaftServerImpl.java:start(185)) - 09112efe-1fad-4539-a04f-c96aef6d2351@group-90252941981A: start as a follower, conf=-1: [0c640f50-2bc9-49b6-b785-a27e3116e6ba:192.168.151.99:42361, 9ce0b59e-153f-4f41-8aed-492a76d80b48:192.168.151.99:34156, 09112efe-1fad-4539-a04f-c96aef6d2351:192.168.151.99:45286], old=null
2019-09-26 21:19:10,786 [pool-47-thread-1] INFO  impl.RaftServerImpl (RaftServerImpl.java:setRole(174)) - 09112efe-1fad-4539-a04f-c96aef6d2351@group-90252941981A: changes role from      null to FOLLOWER at term 0 for startAsFollower
2019-09-26 21:19:10,786 [pool-47-thread-1] INFO  impl.RoleInfo (RoleInfo.java:updateAndGet(143)) - 09112efe-1fad-4539-a04f-c96aef6d2351: start FollowerState
2019-09-26 21:19:10,787 [pool-47-thread-1] INFO  util.JmxRegister (JmxRegister.java:tryRegister(44)) - Successfully registered JMX Bean with object name Ratis:service=RaftServer,group=group-90252941981A,id=09112efe-1fad-4539-a04f-c96aef6d2351
2019-09-26 21:19:10,788 [pool-27-thread-1] INFO  impl.RaftServerImpl (RaftServerImpl.java:<init>(95)) - 9ce0b59e-153f-4f41-8aed-492a76d80b48: new RaftServerImpl for group-255437930481:[0c640f50-2bc9-49b6-b785-a27e3116e6ba:192.168.151.99:42361, 9ce0b59e-153f-4f41-8aed-492a76d80b48:192.168.151.99:34156, da833d8d-e72a-4068-9560-4daa2d83adc2:192.168.151.99:38903] with ContainerStateMachine:uninitialized
2019-09-26 21:19:10,788 [pool-27-thread-1] INFO  server.RaftServerConfigKeys (ConfUtils.java:logGet(43)) - raft.server.rpc.timeout.min = 5s (custom)
2019-09-26 21:19:10,788 [pool-27-thread-1] INFO  server.RaftServerConfigKeys (ConfUtils.java:logGet(43)) - raft.server.rpc.timeout.max = 5200ms (custom)
2019-09-26 21:19:10,789 [pool-27-thread-1] INFO  server.RaftServerConfigKeys (ConfUtils.java:logGet(43)) - raft.server.rpcslowness.timeout = 120s (custom)
2019-09-26 21:19:10,789 [pool-27-thread-1] INFO  server.RaftServerConfigKeys (ConfUtils.java:logGet(43)) - raft.server.sleep.deviation.threshold = 300 (default)
2019-09-26 21:19:10,789 [pool-27-thread-1] INFO  server.RaftServerConfigKeys (ConfUtils.java:logGet(43)) - raft.server.log.appender.install.snapshot.enabled = false (custom)
2019-09-26 21:19:10,789 [pool-27-thread-1] INFO  impl.RaftServerImpl (ServerState.java:<init>(103)) - 9ce0b59e-153f-4f41-8aed-492a76d80b48@group-255437930481: ConfigurationManager, init=-1: [0c640f50-2bc9-49b6-b785-a27e3116e6ba:192.168.151.99:42361, 9ce0b59e-153f-4f41-8aed-492a76d80b48:192.168.151.99:34156, da833d8d-e72a-4068-9560-4daa2d83adc2:192.168.151.99:38903], old=null, confs=<EMPTY_MAP>
2019-09-26 21:19:10,789 [pool-27-thread-1] INFO  server.RaftServerConfigKeys (ConfUtils.java:logGet(43)) - raft.server.storage.dir = [/workdir/hadoop-ozone/ozonefs/target/test-dir/MiniOzoneClusterImpl-5b64906c-d720-4906-b30c-b6d56a2122fd/datanode-0/data/ratis] (custom)
2019-09-26 21:19:10,790 [pool-27-thread-1] INFO  storage.RaftStorageDirectory (RaftStorageDirectory.java:analyzeStorage(246)) - The storage directory /workdir/hadoop-ozone/ozonefs/target/test-dir/MiniOzoneClusterImpl-5b64906c-d720-4906-b30c-b6d56a2122fd/datanode-0/data/ratis/5736ccad-9ae3-4e5b-932c-255437930481 does not exist. Creating ...
2019-09-26 21:19:10,791 [09112efe-1fad-4539-a04f-c96aef6d2351@group-EB13478BB780:LeaderElection146] INFO  impl.RoleInfo (RoleInfo.java:updateAndGet(143)) - 09112efe-1fad-4539-a04f-c96aef6d2351: start LeaderState
2019-09-26 21:19:10,791 [09112efe-1fad-4539-a04f-c96aef6d2351@group-EB13478BB780:LeaderElection146] INFO  segmented.SegmentedRaftLogWorker (SegmentedRaftLogWorker.java:startLogSegment(380)) - 09112efe-1fad-4539-a04f-c96aef6d2351@group-EB13478BB780-SegmentedRaftLogWorker: Starting segment from index:0
2019-09-26 21:19:10,791 [da833d8d-e72a-4068-9560-4daa2d83adc2@group-48B7BC6FD74C:LeaderElection147] INFO  impl.RoleInfo (RoleInfo.java:updateAndGet(143)) - da833d8d-e72a-4068-9560-4daa2d83adc2: start LeaderState
2019-09-26 21:19:10,791 [9ce0b59e-153f-4f41-8aed-492a76d80b48@group-00CF13531264:LeaderElection139] INFO  impl.RoleInfo (RoleInfo.java:updateAndGet(143)) - 9ce0b59e-153f-4f41-8aed-492a76d80b48: start LeaderState
2019-09-26 21:19:10,791 [9ce0b59e-153f-4f41-8aed-492a76d80b48@group-0F1744F08A48:LeaderElection145] INFO  impl.RoleInfo (RoleInfo.java:updateAndGet(143)) - 9ce0b59e-153f-4f41-8aed-492a76d80b48: start LeaderState
2019-09-26 21:19:11,090 [pool-37-thread-1] INFO  storage.RaftStorageDirectory (RaftStorageDirectory.java:tryLock(328)) - Lock on /workdir/hadoop-ozone/ozonefs/target/test-dir/MiniOzoneClusterImpl-5b64906c-d720-4906-b30c-b6d56a2122fd/datanode-1/data/ratis/ea001f86-0010-4b3c-917f-4036a4827e18/in_use.lock acquired by nodename 10701@pr-hdds-1569-g6sp5-2013761785
2019-09-26 21:19:11,090 [pool-67-thread-1] INFO  storage.RaftStorageDirectory (RaftStorageDirectory.java:tryLock(328)) - Lock on /workdir/hadoop-ozone/ozonefs/target/test-dir/MiniOzoneClusterImpl-5b64906c-d720-4906-b30c-b6d56a2122fd/datanode-4/data/ratis/5736ccad-9ae3-4e5b-932c-255437930481/in_use.lock acquired by nodename 10701@pr-hdds-1569-g6sp5-2013761785
2019-09-26 21:19:11,090 [pool-27-thread-1] INFO  storage.RaftStorageDirectory (RaftStorageDirectory.java:tryLock(328)) - Lock on /workdir/hadoop-ozone/ozonefs/target/test-dir/MiniOzoneClusterImpl-5b64906c-d720-4906-b30c-b6d56a2122fd/datanode-0/data/ratis/5736ccad-9ae3-4e5b-932c-255437930481/in_use.lock acquired by nodename 10701@pr-hdds-1569-g6sp5-2013761785
2019-09-26 21:19:11,088 [9ce0b59e-153f-4f41-8aed-492a76d80b48@group-84D243744114-SegmentedRaftLogWorker] ERROR segmented.SegmentedRaftLogWorker (SegmentedRaftLogWorker.java:run(323)) - 9ce0b59e-153f-4f41-8aed-492a76d80b48@group-84D243744114-SegmentedRaftLogWorker hit exception
java.lang.OutOfMemoryError: Direct buffer memory
	at java.nio.Bits.reserveMemory(Bits.java:666)
	at java.nio.DirectByteBuffer.<init>(DirectByteBuffer.java:123)
	at java.nio.ByteBuffer.allocateDirect(ByteBuffer.java:311)
	at org.apache.ratis.server.raftlog.segmented.BufferedWriteChannel.<init>(BufferedWriteChannel.java:41)
	at org.apache.ratis.server.raftlog.segmented.SegmentedRaftLogOutputStream.<init>(SegmentedRaftLogOutputStream.java:72)
	at org.apache.ratis.server.raftlog.segmented.SegmentedRaftLogWorker$StartLogSegment.execute(SegmentedRaftLogWorker.java:566)
	at org.apache.ratis.server.raftlog.segmented.SegmentedRaftLogWorker.run(SegmentedRaftLogWorker.java:289)
	at java.lang.Thread.run(Thread.java:748)
2019-09-26 21:19:11,084 [09112efe-1fad-4539-a04f-c96aef6d2351@group-C15524DE485D-SegmentedRaftLogWorker] ERROR segmented.SegmentedRaftLogWorker (SegmentedRaftLogWorker.java:run(323)) - 09112efe-1fad-4539-a04f-c96aef6d2351@group-C15524DE485D-SegmentedRaftLogWorker hit exception
java.lang.OutOfMemoryError: Direct buffer memory
	at java.nio.Bits.reserveMemory(Bits.java:666)
	at java.nio.DirectByteBuffer.<init>(DirectByteBuffer.java:123)
	at java.nio.ByteBuffer.allocateDirect(ByteBuffer.java:311)
	at org.apache.ratis.server.raftlog.segmented.BufferedWriteChannel.<init>(BufferedWriteChannel.java:41)
	at org.apache.ratis.server.raftlog.segmented.SegmentedRaftLogOutputStream.<init>(SegmentedRaftLogOutputStream.java:72)
	at org.apache.ratis.server.raftlog.segmented.SegmentedRaftLogWorker$StartLogSegment.execute(SegmentedRaftLogWorker.java:566)
	at org.apache.ratis.server.raftlog.segmented.SegmentedRaftLogWorker.run(SegmentedRaftLogWorker.java:289)
	at java.lang.Thread.run(Thread.java:748)
2019-09-26 21:19:10,792 [09112efe-1fad-4539-a04f-c96aef6d2351@group-EB13478BB780:LeaderElection146] INFO  impl.RaftServerImpl (ServerState.java:setRaftConf(354)) - 09112efe-1fad-4539-a04f-c96aef6d2351@group-EB13478BB780: set configuration 0: [09112efe-1fad-4539-a04f-c96aef6d2351:192.168.151.99:45286], old=null at 0
2019-09-26 21:19:10,792 [da833d8d-e72a-4068-9560-4daa2d83adc2@group-48B7BC6FD74C:LeaderElection147] INFO  segmented.SegmentedRaftLogWorker (SegmentedRaftLogWorker.java:startLogSegment(380)) - da833d8d-e72a-4068-9560-4daa2d83adc2@group-48B7BC6FD74C-SegmentedRaftLogWorker: Starting segment from index:0
2019-09-26 21:19:10,792 [9ce0b59e-153f-4f41-8aed-492a76d80b48@group-EFC0D5B99037:LeaderElection144] INFO  impl.RoleInfo (RoleInfo.java:updateAndGet(143)) - 9ce0b59e-153f-4f41-8aed-492a76d80b48: start LeaderState
2019-09-26 21:19:11,092 [09112efe-1fad-4539-a04f-c96aef6d2351@group-C15524DE485D-SegmentedRaftLogWorker] INFO  impl.RaftServerImpl (RaftServerImpl.java:lambda$shutdown$3(251)) - 09112efe-1fad-4539-a04f-c96aef6d2351@group-C15524DE485D: shutdown
2019-09-26 21:19:11,275 [9ce0b59e-153f-4f41-8aed-492a76d80b48@group-EFC0D5B99037:LeaderElection144] INFO  segmented.SegmentedRaftLogWorker (SegmentedRaftLogWorker.java:startLogSegment(380)) - 9ce0b59e-153f-4f41-8aed-492a76d80b48@group-EFC0D5B99037-SegmentedRaftLogWorker: Starting segment from index:0
2019-09-26 21:19:11,091 [9ce0b59e-153f-4f41-8aed-492a76d80b48@group-84D243744114-SegmentedRaftLogWorker] INFO  impl.RaftServerImpl (RaftServerImpl.java:lambda$shutdown$3(251)) - 9ce0b59e-153f-4f41-8aed-492a76d80b48@group-84D243744114: shutdown
2019-09-26 21:19:11,091 [pool-57-thread-1] INFO  impl.RaftServerImpl (RaftServerImpl.java:<init>(95)) - 0c640f50-2bc9-49b6-b785-a27e3116e6ba: new RaftServerImpl for group-255437930481:[0c640f50-2bc9-49b6-b785-a27e3116e6ba:192.168.151.99:42361, 9ce0b59e-153f-4f41-8aed-492a76d80b48:192.168.151.99:34156, da833d8d-e72a-4068-9560-4daa2d83adc2:192.168.151.99:38903] with ContainerStateMachine:uninitialized
2019-09-26 21:19:11,276 [9ce0b59e-153f-4f41-8aed-492a76d80b48@group-EFC0D5B99037:LeaderElection144] INFO  impl.RaftServerImpl (ServerState.java:setRaftConf(354)) - 9ce0b59e-153f-4f41-8aed-492a76d80b48@group-EFC0D5B99037: set configuration 0: [9ce0b59e-153f-4f41-8aed-492a76d80b48:192.168.151.99:34156], old=null at 0
2019-09-26 21:19:11,090 [9ce0b59e-153f-4f41-8aed-492a76d80b48@group-0F1744F08A48:LeaderElection145] INFO  segmented.SegmentedRaftLogWorker (SegmentedRaftLogWorker.java:startLogSegment(380)) - 9ce0b59e-153f-4f41-8aed-492a76d80b48@group-0F1744F08A48-SegmentedRaftLogWorker: Starting segment from index:0
2019-09-26 21:19:11,090 [9ce0b59e-153f-4f41-8aed-492a76d80b48@group-00CF13531264:LeaderElection139] INFO  segmented.SegmentedRaftLogWorker (SegmentedRaftLogWorker.java:startLogSegment(380)) - 9ce0b59e-153f-4f41-8aed-492a76d80b48@group-00CF13531264-SegmentedRaftLogWorker: Starting segment from index:0
2019-09-26 21:19:11,470 [pool-57-thread-1] INFO  server.RaftServerConfigKeys (ConfUtils.java:logGet(43)) - raft.server.rpc.timeout.min = 5s (custom)
2019-09-26 21:19:11,684 [9ce0b59e-153f-4f41-8aed-492a76d80b48@group-0F1744F08A48:LeaderElection145] INFO  impl.RaftServerImpl (ServerState.java:setRaftConf(354)) - 9ce0b59e-153f-4f41-8aed-492a76d80b48@group-0F1744F08A48: set configuration 0: [9ce0b59e-153f-4f41-8aed-492a76d80b48:192.168.151.99:34156], old=null at 0
2019-09-26 21:19:11,468 [1178c3ae-d0b4-4d44-b144-fe8504cc41ac@group-04E8659F51F7-SegmentedRaftLogWorker] ERROR segmented.SegmentedRaftLogWorker (SegmentedRaftLogWorker.java:run(323)) - 1178c3ae-d0b4-4d44-b144-fe8504cc41ac@group-04E8659F51F7-SegmentedRaftLogWorker hit exception
java.lang.OutOfMemoryError: Direct buffer memory
	at java.nio.Bits.reserveMemory(Bits.java:666)
	at java.nio.DirectByteBuffer.<init>(DirectByteBuffer.java:123)
	at java.nio.ByteBuffer.allocateDirect(ByteBuffer.java:311)
	at org.apache.ratis.server.raftlog.segmented.BufferedWriteChannel.<init>(BufferedWriteChannel.java:41)
	at org.apache.ratis.server.raftlog.segmented.SegmentedRaftLogOutputStream.<init>(SegmentedRaftLogOutputStream.java:72)
	at org.apache.ratis.server.raftlog.segmented.SegmentedRaftLogWorker$StartLogSegment.execute(SegmentedRaftLogWorker.java:566)
	at org.apache.ratis.server.raftlog.segmented.SegmentedRaftLogWorker.run(SegmentedRaftLogWorker.java:289)
	at java.lang.Thread.run(Thread.java:748)
2019-09-26 21:19:11,468 [9ce0b59e-153f-4f41-8aed-492a76d80b48@group-502FD49C5050-SegmentedRaftLogWorker] ERROR segmented.SegmentedRaftLogWorker (SegmentedRaftLogWorker.java:run(323)) - 9ce0b59e-153f-4f41-8aed-492a76d80b48@group-502FD49C5050-SegmentedRaftLogWorker hit exception
java.lang.OutOfMemoryError: Direct buffer memory
	at java.nio.Bits.reserveMemory(Bits.java:666)
	at java.nio.DirectByteBuffer.<init>(DirectByteBuffer.java:123)
	at java.nio.ByteBuffer.allocateDirect(ByteBuffer.java:311)
	at org.apache.ratis.server.raftlog.segmented.BufferedWriteChannel.<init>(BufferedWriteChannel.java:41)
	at org.apache.ratis.server.raftlog.segmented.SegmentedRaftLogOutputStream.<init>(SegmentedRaftLogOutputStream.java:72)
	at org.apache.ratis.server.raftlog.segmented.SegmentedRaftLogWorker$StartLogSegment.execute(SegmentedRaftLogWorker.java:566)
	at org.apache.ratis.server.raftlog.segmented.SegmentedRaftLogWorker.run(SegmentedRaftLogWorker.java:289)
	at java.lang.Thread.run(Thread.java:748)
2019-09-26 21:19:11,468 [1178c3ae-d0b4-4d44-b144-fe8504cc41ac@group-5EAC8502C8A3-SegmentedRaftLogWorker] ERROR segmented.SegmentedRaftLogWorker (SegmentedRaftLogWorker.java:run(323)) - 1178c3ae-d0b4-4d44-b144-fe8504cc41ac@group-5EAC8502C8A3-SegmentedRaftLogWorker hit exception
java.lang.OutOfMemoryError: Direct buffer memory
	at java.nio.Bits.reserveMemory(Bits.java:666)
	at java.nio.DirectByteBuffer.<init>(DirectByteBuffer.java:123)
	at java.nio.ByteBuffer.allocateDirect(ByteBuffer.java:311)
	at org.apache.ratis.server.raftlog.segmented.BufferedWriteChannel.<init>(BufferedWriteChannel.java:41)
	at org.apache.ratis.server.raftlog.segmented.SegmentedRaftLogOutputStream.<init>(SegmentedRaftLogOutputStream.java:72)
	at org.apache.ratis.server.raftlog.segmented.SegmentedRaftLogWorker$StartLogSegment.execute(SegmentedRaftLogWorker.java:566)
	at org.apache.ratis.server.raftlog.segmented.SegmentedRaftLogWorker.run(SegmentedRaftLogWorker.java:289)
	at java.lang.Thread.run(Thread.java:748)
2019-09-26 21:19:11,468 [9ce0b59e-153f-4f41-8aed-492a76d80b48@group-F4F4B9E0C0D9-SegmentedRaftLogWorker] ERROR segmented.SegmentedRaftLogWorker (SegmentedRaftLogWorker.java:run(323)) - 9ce0b59e-153f-4f41-8aed-492a76d80b48@group-F4F4B9E0C0D9-SegmentedRaftLogWorker hit exception
java.lang.OutOfMemoryError: Direct buffer memory
	at java.nio.Bits.reserveMemory(Bits.java:666)
	at java.nio.DirectByteBuffer.<init>(DirectByteBuffer.java:123)
	at java.nio.ByteBuffer.allocateDirect(ByteBuffer.java:311)
	at org.apache.ratis.server.raftlog.segmented.BufferedWriteChannel.<init>(BufferedWriteChannel.java:41)
	at org.apache.ratis.server.raftlog.segmented.SegmentedRaftLogOutputStream.<init>(SegmentedRaftLogOutputStream.java:72)
	at org.apache.ratis.server.raftlog.segmented.SegmentedRaftLogWorker$StartLogSegment.execute(SegmentedRaftLogWorker.java:566)
	at org.apache.ratis.server.raftlog.segmented.SegmentedRaftLogWorker.run(SegmentedRaftLogWorker.java:289)
	at java.lang.Thread.run(Thread.java:748)
2019-09-26 21:19:11,468 [da833d8d-e72a-4068-9560-4daa2d83adc2@group-ED372BCAD154-SegmentedRaftLogWorker] ERROR segmented.SegmentedRaftLogWorker (SegmentedRaftLogWorker.java:run(323)) - da833d8d-e72a-4068-9560-4daa2d83adc2@group-ED372BCAD154-SegmentedRaftLogWorker hit exception
java.lang.OutOfMemoryError: Direct buffer memory
	at java.nio.Bits.reserveMemory(Bits.java:666)
	at java.nio.DirectByteBuffer.<init>(DirectByteBuffer.java:123)
	at java.nio.ByteBuffer.allocateDirect(ByteBuffer.java:311)
	at org.apache.ratis.server.raftlog.segmented.BufferedWriteChannel.<init>(BufferedWriteChannel.java:41)
	at org.apache.ratis.server.raftlog.segmented.SegmentedRaftLogOutputStream.<init>(SegmentedRaftLogOutputStream.java:72)
	at org.apache.ratis.server.raftlog.segmented.SegmentedRaftLogWorker$StartLogSegment.execute(SegmentedRaftLogWorker.java:566)
	at org.apache.ratis.server.raftlog.segmented.SegmentedRaftLogWorker.run(SegmentedRaftLogWorker.java:289)
	at java.lang.Thread.run(Thread.java:748)
2019-09-26 21:19:11,468 [9ce0b59e-153f-4f41-8aed-492a76d80b48@group-486ABFFF1652-SegmentedRaftLogWorker] ERROR segmented.SegmentedRaftLogWorker (SegmentedRaftLogWorker.java:run(323)) - 9ce0b59e-153f-4f41-8aed-492a76d80b48@group-486ABFFF1652-SegmentedRaftLogWorker hit exception
java.lang.OutOfMemoryError: Direct buffer memory
	at java.nio.Bits.reserveMemory(Bits.java:666)
	at java.nio.DirectByteBuffer.<init>(DirectByteBuffer.java:123)
	at java.nio.ByteBuffer.allocateDirect(ByteBuffer.java:311)
	at org.apache.ratis.server.raftlog.segmented.BufferedWriteChannel.<init>(BufferedWriteChannel.java:41)
	at org.apache.ratis.server.raftlog.segmented.SegmentedRaftLogOutputStream.<init>(SegmentedRaftLogOutputStream.java:72)
	at org.apache.ratis.server.raftlog.segmented.SegmentedRaftLogWorker$StartLogSegment.execute(SegmentedRaftLogWorker.java:566)
	at org.apache.ratis.server.raftlog.segmented.SegmentedRaftLogWorker.run(SegmentedRaftLogWorker.java:289)
	at java.lang.Thread.run(Thread.java:748)
2019-09-26 21:19:11,882 [9ce0b59e-153f-4f41-8aed-492a76d80b48@group-486ABFFF1652-SegmentedRaftLogWorker] INFO  impl.RaftServerImpl (RaftServerImpl.java:lambda$shutdown$3(251)) - 9ce0b59e-153f-4f41-8aed-492a76d80b48@group-486ABFFF1652: shutdown
2019-09-26 21:19:11,468 [9ce0b59e-153f-4f41-8aed-492a76d80b48@group-6F05E871BC73-SegmentedRaftLogWorker] ERROR segmented.SegmentedRaftLogWorker (SegmentedRaftLogWorker.java:run(323)) - 9ce0b59e-153f-4f41-8aed-492a76d80b48@group-6F05E871BC73-SegmentedRaftLogWorker hit exception
java.lang.OutOfMemoryError: Direct buffer memory
	at java.nio.Bits.reserveMemory(Bits.java:666)
	at java.nio.DirectByteBuffer.<init>(DirectByteBuffer.java:123)
	at java.nio.ByteBuffer.allocateDirect(ByteBuffer.java:311)
	at org.apache.ratis.server.raftlog.segmented.BufferedWriteChannel.<init>(BufferedWriteChannel.java:41)
	at org.apache.ratis.server.raftlog.segmented.SegmentedRaftLogOutputStream.<init>(SegmentedRaftLogOutputStream.java:72)
	at org.apache.ratis.server.raftlog.segmented.SegmentedRaftLogWorker$StartLogSegment.execute(SegmentedRaftLogWorker.java:566)
	at org.apache.ratis.server.raftlog.segmented.SegmentedRaftLogWorker.run(SegmentedRaftLogWorker.java:289)
	at java.lang.Thread.run(Thread.java:748)
2019-09-26 21:19:11,883 [9ce0b59e-153f-4f41-8aed-492a76d80b48@group-6F05E871BC73-SegmentedRaftLogWorker] INFO  impl.RaftServerImpl (RaftServerImpl.java:lambda$shutdown$3(251)) - 9ce0b59e-153f-4f41-8aed-492a76d80b48@group-6F05E871BC73: shutdown
2019-09-26 21:19:11,468 [9ce0b59e-153f-4f41-8aed-492a76d80b48@group-543D5ED6ABE1-SegmentedRaftLogWorker] ERROR segmented.SegmentedRaftLogWorker (SegmentedRaftLogWorker.java:run(323)) - 9ce0b59e-153f-4f41-8aed-492a76d80b48@group-543D5ED6ABE1-SegmentedRaftLogWorker hit exception
java.lang.OutOfMemoryError: Direct buffer memory
	at java.nio.Bits.reserveMemory(Bits.java:666)
	at java.nio.DirectByteBuffer.<init>(DirectByteBuffer.java:123)
	at java.nio.ByteBuffer.allocateDirect(ByteBuffer.java:311)
	at org.apache.ratis.server.raftlog.segmented.BufferedWriteChannel.<init>(BufferedWriteChannel.java:41)
	at org.apache.ratis.server.raftlog.segmented.SegmentedRaftLogOutputStream.<init>(SegmentedRaftLogOutputStream.java:72)
	at org.apache.ratis.server.raftlog.segmented.SegmentedRaftLogWorker$StartLogSegment.execute(SegmentedRaftLogWorker.java:566)
	at org.apache.ratis.server.raftlog.segmented.SegmentedRaftLogWorker.run(SegmentedRaftLogWorker.java:289)
	at java.lang.Thread.run(Thread.java:748)
2019-09-26 21:19:11,468 [9ce0b59e-153f-4f41-8aed-492a76d80b48@group-D00789A57A5B-SegmentedRaftLogWorker] ERROR segmented.SegmentedRaftLogWorker (SegmentedRaftLogWorker.java:run(323)) - 9ce0b59e-153f-4f41-8aed-492a76d80b48@group-D00789A57A5B-SegmentedRaftLogWorker hit exception
java.lang.OutOfMemoryError: Direct buffer memory
	at java.nio.Bits.reserveMemory(Bits.java:666)
	at java.nio.DirectByteBuffer.<init>(DirectByteBuffer.java:123)
	at java.nio.ByteBuffer.allocateDirect(ByteBuffer.java:311)
	at org.apache.ratis.server.raftlog.segmented.BufferedWriteChannel.<init>(BufferedWriteChannel.java:41)
	at org.apache.ratis.server.raftlog.segmented.SegmentedRaftLogOutputStream.<init>(SegmentedRaftLogOutputStream.java:72)
	at org.apache.ratis.server.raftlog.segmented.SegmentedRaftLogWorker$StartLogSegment.execute(SegmentedRaftLogWorker.java:566)
	at org.apache.ratis.server.raftlog.segmented.SegmentedRaftLogWorker.run(SegmentedRaftLogWorker.java:289)
	at java.lang.Thread.run(Thread.java:748)
2019-09-26 21:19:11,884 [9ce0b59e-153f-4f41-8aed-492a76d80b48@group-D00789A57A5B-SegmentedRaftLogWorker] INFO  impl.RaftServerImpl (RaftServerImpl.java:lambda$shutdown$3(251)) - 9ce0b59e-153f-4f41-8aed-492a76d80b48@group-D00789A57A5B: shutdown
2019-09-26 21:19:11,468 [9ce0b59e-153f-4f41-8aed-492a76d80b48@group-9339CCE34269-SegmentedRaftLogWorker] ERROR segmented.SegmentedRaftLogWorker (SegmentedRaftLogWorker.java:run(323)) - 9ce0b59e-153f-4f41-8aed-492a76d80b48@group-9339CCE34269-SegmentedRaftLogWorker hit exception
java.lang.OutOfMemoryError: Direct buffer memory
	at java.nio.Bits.reserveMemory(Bits.java:666)
	at java.nio.DirectByteBuffer.<init>(DirectByteBuffer.java:123)
	at java.nio.ByteBuffer.allocateDirect(ByteBuffer.java:311)
	at org.apache.ratis.server.raftlog.segmented.BufferedWriteChannel.<init>(BufferedWriteChannel.java:41)
	at org.apache.ratis.server.raftlog.segmented.SegmentedRaftLogOutputStream.<init>(SegmentedRaftLogOutputStream.java:72)
	at org.apache.ratis.server.raftlog.segmented.SegmentedRaftLogWorker$StartLogSegment.execute(SegmentedRaftLogWorker.java:566)
	at org.apache.ratis.server.raftlog.segmented.SegmentedRaftLogWorker.run(SegmentedRaftLogWorker.java:289)
	at java.lang.Thread.run(Thread.java:748)
2019-09-26 21:19:11,884 [9ce0b59e-153f-4f41-8aed-492a76d80b48@group-9339CCE34269-SegmentedRaftLogWorker] INFO  impl.RaftServerImpl (RaftServerImpl.java:lambda$shutdown$3(251)) - 9ce0b59e-153f-4f41-8aed-492a76d80b48@group-9339CCE34269: shutdown
2019-09-26 21:19:11,468 [da833d8d-e72a-4068-9560-4daa2d83adc2@group-9A832E30A4CB-SegmentedRaftLogWorker] ERROR segmented.SegmentedRaftLogWorker (SegmentedRaftLogWorker.java:run(323)) - da833d8d-e72a-4068-9560-4daa2d83adc2@group-9A832E30A4CB-SegmentedRaftLogWorker hit exception
java.lang.OutOfMemoryError: Direct buffer memory
	at java.nio.Bits.reserveMemory(Bits.java:666)
	at java.nio.DirectByteBuffer.<init>(DirectByteBuffer.java:123)
	at java.nio.ByteBuffer.allocateDirect(ByteBuffer.java:311)
	at org.apache.ratis.server.raftlog.segmented.BufferedWriteChannel.<init>(BufferedWriteChannel.java:41)
	at org.apache.ratis.server.raftlog.segmented.SegmentedRaftLogOutputStream.<init>(SegmentedRaftLogOutputStream.java:72)
	at org.apache.ratis.server.raftlog.segmented.SegmentedRaftLogWorker$StartLogSegment.execute(SegmentedRaftLogWorker.java:566)
	at org.apache.ratis.server.raftlog.segmented.SegmentedRaftLogWorker.run(SegmentedRaftLogWorker.java:289)
	at java.lang.Thread.run(Thread.java:748)
2019-09-26 21:19:11,468 [0c640f50-2bc9-49b6-b785-a27e3116e6ba@group-0323BB0C2CB1-SegmentedRaftLogWorker] ERROR segmented.SegmentedRaftLogWorker (SegmentedRaftLogWorker.java:run(323)) - 0c640f50-2bc9-49b6-b785-a27e3116e6ba@group-0323BB0C2CB1-SegmentedRaftLogWorker hit exception
java.lang.OutOfMemoryError: Direct buffer memory
	at java.nio.Bits.reserveMemory(Bits.java:666)
	at java.nio.DirectByteBuffer.<init>(DirectByteBuffer.java:123)
	at java.nio.ByteBuffer.allocateDirect(ByteBuffer.java:311)
	at org.apache.ratis.server.raftlog.segmented.BufferedWriteChannel.<init>(BufferedWriteChannel.java:41)
	at org.apache.ratis.server.raftlog.segmented.SegmentedRaftLogOutputStream.<init>(SegmentedRaftLogOutputStream.java:72)
	at org.apache.ratis.server.raftlog.segmented.SegmentedRaftLogWorker$StartLogSegment.execute(SegmentedRaftLogWorker.java:566)
	at org.apache.ratis.server.raftlog.segmented.SegmentedRaftLogWorker.run(SegmentedRaftLogWorker.java:289)
	at java.lang.Thread.run(Thread.java:748)
2019-09-26 21:19:11,468 [1178c3ae-d0b4-4d44-b144-fe8504cc41ac@group-FD9251D15172-SegmentedRaftLogWorker] ERROR segmented.SegmentedRaftLogWorker (SegmentedRaftLogWorker.java:run(323)) - 1178c3ae-d0b4-4d44-b144-fe8504cc41ac@group-FD9251D15172-SegmentedRaftLogWorker hit exception
java.lang.OutOfMemoryError: Direct buffer memory
	at java.nio.Bits.reserveMemory(Bits.java:666)
	at java.nio.DirectByteBuffer.<init>(DirectByteBuffer.java:123)
	at java.nio.ByteBuffer.allocateDirect(ByteBuffer.java:311)
	at org.apache.ratis.server.raftlog.segmented.BufferedWriteChannel.<init>(BufferedWriteChannel.java:41)
	at org.apache.ratis.server.raftlog.segmented.SegmentedRaftLogOutputStream.<init>(SegmentedRaftLogOutputStream.java:72)
	at org.apache.ratis.server.raftlog.segmented.SegmentedRaftLogWorker$StartLogSegment.execute(SegmentedRaftLogWorker.java:566)
	at org.apache.ratis.server.raftlog.segmented.SegmentedRaftLogWorker.run(SegmentedRaftLogWorker.java:289)
	at java.lang.Thread.run(Thread.java:748)
2019-09-26 21:19:11,468 [da833d8d-e72a-4068-9560-4daa2d83adc2@group-511FA1580F8F-SegmentedRaftLogWorker] ERROR segmented.SegmentedRaftLogWorker (SegmentedRaftLogWorker.java:run(323)) - da833d8d-e72a-4068-9560-4daa2d83adc2@group-511FA1580F8F-SegmentedRaftLogWorker hit exception
java.lang.OutOfMemoryError: Direct buffer memory
	at java.nio.Bits.reserveMemory(Bits.java:666)
	at java.nio.DirectByteBuffer.<init>(DirectByteBuffer.java:123)
	at java.nio.ByteBuffer.allocateDirect(ByteBuffer.java:311)
	at org.apache.ratis.server.raftlog.segmented.BufferedWriteChannel.<init>(BufferedWriteChannel.java:41)
	at org.apache.ratis.server.raftlog.segmented.SegmentedRaftLogOutputStream.<init>(SegmentedRaftLogOutputStream.java:72)
	at org.apache.ratis.server.raftlog.segmented.SegmentedRaftLogWorker$StartLogSegment.execute(SegmentedRaftLogWorker.java:566)
	at org.apache.ratis.server.raftlog.segmented.SegmentedRaftLogWorker.run(SegmentedRaftLogWorker.java:289)
	at java.lang.Thread.run(Thread.java:748)
2019-09-26 21:19:11,885 [da833d8d-e72a-4068-9560-4daa2d83adc2@group-511FA1580F8F-SegmentedRaftLogWorker] INFO  impl.RaftServerImpl (RaftServerImpl.java:lambda$shutdown$3(251)) - da833d8d-e72a-4068-9560-4daa2d83adc2@group-511FA1580F8F: shutdown
2019-09-26 21:19:11,468 [9ce0b59e-153f-4f41-8aed-492a76d80b48@group-3B90256A708A-SegmentedRaftLogWorker] ERROR segmented.SegmentedRaftLogWorker (SegmentedRaftLogWorker.java:run(323)) - 9ce0b59e-153f-4f41-8aed-492a76d80b48@group-3B90256A708A-SegmentedRaftLogWorker hit exception
java.lang.OutOfMemoryError: Direct buffer memory
	at java.nio.Bits.reserveMemory(Bits.java:666)
	at java.nio.DirectByteBuffer.<init>(DirectByteBuffer.java:123)
	at java.nio.ByteBuffer.allocateDirect(ByteBuffer.java:311)
	at org.apache.ratis.server.raftlog.segmented.BufferedWriteChannel.<init>(BufferedWriteChannel.java:41)
	at org.apache.ratis.server.raftlog.segmented.SegmentedRaftLogOutputStream.<init>(SegmentedRaftLogOutputStream.java:72)
	at org.apache.ratis.server.raftlog.segmented.SegmentedRaftLogWorker$StartLogSegment.execute(SegmentedRaftLogWorker.java:566)
	at org.apache.ratis.server.raftlog.segmented.SegmentedRaftLogWorker.run(SegmentedRaftLogWorker.java:289)
	at java.lang.Thread.run(Thread.java:748)
2019-09-26 21:19:11,468 [9ce0b59e-153f-4f41-8aed-492a76d80b48@group-9CC82A6B0D81-SegmentedRaftLogWorker] ERROR segmented.SegmentedRaftLogWorker (SegmentedRaftLogWorker.java:run(323)) - 9ce0b59e-153f-4f41-8aed-492a76d80b48@group-9CC82A6B0D81-SegmentedRaftLogWorker hit exception
java.lang.OutOfMemoryError: Direct buffer memory
	at java.nio.Bits.reserveMemory(Bits.java:666)
	at java.nio.DirectByteBuffer.<init>(DirectByteBuffer.java:123)
	at java.nio.ByteBuffer.allocateDirect(ByteBuffer.java:311)
	at org.apache.ratis.server.raftlog.segmented.BufferedWriteChannel.<init>(BufferedWriteChannel.java:41)
	at org.apache.ratis.server.raftlog.segmented.SegmentedRaftLogOutputStream.<init>(SegmentedRaftLogOutputStream.java:72)
	at org.apache.ratis.server.raftlog.segmented.SegmentedRaftLogWorker$StartLogSegment.execute(SegmentedRaftLogWorker.java:566)
	at org.apache.ratis.server.raftlog.segmented.SegmentedRaftLogWorker.run(SegmentedRaftLogWorker.java:289)
	at java.lang.Thread.run(Thread.java:748)
2019-09-26 21:19:11,468 [09112efe-1fad-4539-a04f-c96aef6d2351@group-3320048E059F-SegmentedRaftLogWorker] ERROR segmented.SegmentedRaftLogWorker (SegmentedRaftLogWorker.java:run(323)) - 09112efe-1fad-4539-a04f-c96aef6d2351@group-3320048E059F-SegmentedRaftLogWorker hit exception
java.lang.OutOfMemoryError: Direct buffer memory
	at java.nio.Bits.reserveMemory(Bits.java:666)
	at java.nio.DirectByteBuffer.<init>(DirectByteBuffer.java:123)
	at java.nio.ByteBuffer.allocateDirect(ByteBuffer.java:311)
	at org.apache.ratis.server.raftlog.segmented.BufferedWriteChannel.<init>(BufferedWriteChannel.java:41)
	at org.apache.ratis.server.raftlog.segmented.SegmentedRaftLogOutputStream.<init>(SegmentedRaftLogOutputStream.java:72)
	at org.apache.ratis.server.raftlog.segmented.SegmentedRaftLogWorker$StartLogSegment.execute(SegmentedRaftLogWorker.java:566)
	at org.apache.ratis.server.raftlog.segmented.SegmentedRaftLogWorker.run(SegmentedRaftLogWorker.java:289)
	at java.lang.Thread.run(Thread.java:748)
2019-09-26 21:19:11,886 [09112efe-1fad-4539-a04f-c96aef6d2351@group-3320048E059F-SegmentedRaftLogWorker] INFO  impl.RaftServerImpl (RaftServerImpl.java:lambda$shutdown$3(251)) - 09112efe-1fad-4539-a04f-c96aef6d2351@group-3320048E059F: shutdown
2019-09-26 21:19:11,468 [09112efe-1fad-4539-a04f-c96aef6d2351@group-C1CCE81E3AA9-SegmentedRaftLogWorker] ERROR segmented.SegmentedRaftLogWorker (SegmentedRaftLogWorker.java:run(323)) - 09112efe-1fad-4539-a04f-c96aef6d2351@group-C1CCE81E3AA9-SegmentedRaftLogWorker hit exception
java.lang.OutOfMemoryError: Direct buffer memory
	at java.nio.Bits.reserveMemory(Bits.java:666)
	at java.nio.DirectByteBuffer.<init>(DirectByteBuffer.java:123)
	at java.nio.ByteBuffer.allocateDirect(ByteBuffer.java:311)
	at org.apache.ratis.server.raftlog.segmented.BufferedWriteChannel.<init>(BufferedWriteChannel.java:41)
	at org.apache.ratis.server.raftlog.segmented.SegmentedRaftLogOutputStream.<init>(SegmentedRaftLogOutputStream.java:72)
	at org.apache.ratis.server.raftlog.segmented.SegmentedRaftLogWorker$StartLogSegment.execute(SegmentedRaftLogWorker.java:566)
	at org.apache.ratis.server.raftlog.segmented.SegmentedRaftLogWorker.run(SegmentedRaftLogWorker.java:289)
	at java.lang.Thread.run(Thread.java:748)
2019-09-26 21:19:11,887 [09112efe-1fad-4539-a04f-c96aef6d2351@group-C1CCE81E3AA9-SegmentedRaftLogWorker] INFO  impl.RaftServerImpl (RaftServerImpl.java:lambda$shutdown$3(251)) - 09112efe-1fad-4539-a04f-c96aef6d2351@group-C1CCE81E3AA9: shutdown
2019-09-26 21:19:11,468 [1178c3ae-d0b4-4d44-b144-fe8504cc41ac@group-F8E1B0E88623-SegmentedRaftLogWorker] ERROR segmented.SegmentedRaftLogWorker (SegmentedRaftLogWorker.java:run(323)) - 1178c3ae-d0b4-4d44-b144-fe8504cc41ac@group-F8E1B0E88623-SegmentedRaftLogWorker hit exception
java.lang.OutOfMemoryError: Direct buffer memory
	at java.nio.Bits.reserveMemory(Bits.java:666)
	at java.nio.DirectByteBuffer.<init>(DirectByteBuffer.java:123)
	at java.nio.ByteBuffer.allocateDirect(ByteBuffer.java:311)
	at org.apache.ratis.server.raftlog.segmented.BufferedWriteChannel.<init>(BufferedWriteChannel.java:41)
	at org.apache.ratis.server.raftlog.segmented.SegmentedRaftLogOutputStream.<init>(SegmentedRaftLogOutputStream.java:72)
	at org.apache.ratis.server.raftlog.segmented.SegmentedRaftLogWorker$StartLogSegment.execute(SegmentedRaftLogWorker.java:566)
	at org.apache.ratis.server.raftlog.segmented.SegmentedRaftLogWorker.run(SegmentedRaftLogWorker.java:289)
	at java.lang.Thread.run(Thread.java:748)
2019-09-26 21:19:11,467 [9ce0b59e-153f-4f41-8aed-492a76d80b48@group-E873E827AB57-SegmentedRaftLogWorker] ERROR segmented.SegmentedRaftLogWorker (SegmentedRaftLogWorker.java:run(323)) - 9ce0b59e-153f-4f41-8aed-492a76d80b48@group-E873E827AB57-SegmentedRaftLogWorker hit exception
java.lang.OutOfMemoryError: Direct buffer memory
	at java.nio.Bits.reserveMemory(Bits.java:666)
	at java.nio.DirectByteBuffer.<init>(DirectByteBuffer.java:123)
	at java.nio.ByteBuffer.allocateDirect(ByteBuffer.java:311)
	at org.apache.ratis.server.raftlog.segmented.BufferedWriteChannel.<init>(BufferedWriteChannel.java:41)
	at org.apache.ratis.server.raftlog.segmented.SegmentedRaftLogOutputStream.<init>(SegmentedRaftLogOutputStream.java:72)
	at org.apache.ratis.server.raftlog.segmented.SegmentedRaftLogWorker$StartLogSegment.execute(SegmentedRaftLogWorker.java:566)
	at org.apache.ratis.server.raftlog.segmented.SegmentedRaftLogWorker.run(SegmentedRaftLogWorker.java:289)
	at java.lang.Thread.run(Thread.java:748)
2019-09-26 21:19:11,887 [9ce0b59e-153f-4f41-8aed-492a76d80b48@group-E873E827AB57-SegmentedRaftLogWorker] INFO  impl.RaftServerImpl (RaftServerImpl.java:lambda$shutdown$3(251)) - 9ce0b59e-153f-4f41-8aed-492a76d80b48@group-E873E827AB57: shutdown
2019-09-26 21:19:11,467 [9ce0b59e-153f-4f41-8aed-492a76d80b48@group-3CF811E9C283-SegmentedRaftLogWorker] ERROR segmented.SegmentedRaftLogWorker (SegmentedRaftLogWorker.java:run(323)) - 9ce0b59e-153f-4f41-8aed-492a76d80b48@group-3CF811E9C283-SegmentedRaftLogWorker hit exception
java.lang.OutOfMemoryError: Direct buffer memory
	at java.nio.Bits.reserveMemory(Bits.java:666)
	at java.nio.DirectByteBuffer.<init>(DirectByteBuffer.java:123)
	at java.nio.ByteBuffer.allocateDirect(ByteBuffer.java:311)
	at org.apache.ratis.server.raftlog.segmented.BufferedWriteChannel.<init>(BufferedWriteChannel.java:41)
	at org.apache.ratis.server.raftlog.segmented.SegmentedRaftLogOutputStream.<init>(SegmentedRaftLogOutputStream.java:72)
	at org.apache.ratis.server.raftlog.segmented.SegmentedRaftLogWorker$StartLogSegment.execute(SegmentedRaftLogWorker.java:566)
	at org.apache.ratis.server.raftlog.segmented.SegmentedRaftLogWorker.run(SegmentedRaftLogWorker.java:289)
	at java.lang.Thread.run(Thread.java:748)
2019-09-26 21:19:11,888 [9ce0b59e-153f-4f41-8aed-492a76d80b48@group-3CF811E9C283-SegmentedRaftLogWorker] INFO  impl.RaftServerImpl (RaftServerImpl.java:lambda$shutdown$3(251)) - 9ce0b59e-153f-4f41-8aed-492a76d80b48@group-3CF811E9C283: shutdown
2019-09-26 21:19:11,467 [09112efe-1fad-4539-a04f-c96aef6d2351@group-D4B1EF4F61EA-SegmentedRaftLogWorker] ERROR segmented.SegmentedRaftLogWorker (SegmentedRaftLogWorker.java:run(323)) - 09112efe-1fad-4539-a04f-c96aef6d2351@group-D4B1EF4F61EA-SegmentedRaftLogWorker hit exception
java.lang.OutOfMemoryError: Direct buffer memory
	at java.nio.Bits.reserveMemory(Bits.java:666)
	at java.nio.DirectByteBuffer.<init>(DirectByteBuffer.java:123)
	at java.nio.ByteBuffer.allocateDirect(ByteBuffer.java:311)
	at org.apache.ratis.server.raftlog.segmented.BufferedWriteChannel.<init>(BufferedWriteChannel.java:41)
	at org.apache.ratis.server.raftlog.segmented.SegmentedRaftLogOutputStream.<init>(SegmentedRaftLogOutputStream.java:72)
	at org.apache.ratis.server.raftlog.segmented.SegmentedRaftLogWorker$StartLogSegment.execute(SegmentedRaftLogWorker.java:566)
	at org.apache.ratis.server.raftlog.segmented.SegmentedRaftLogWorker.run(SegmentedRaftLogWorker.java:289)
	at java.lang.Thread.run(Thread.java:748)
2019-09-26 21:19:11,888 [09112efe-1fad-4539-a04f-c96aef6d2351@group-D4B1EF4F61EA-SegmentedRaftLogWorker] INFO  impl.RaftServerImpl (RaftServerImpl.java:lambda$shutdown$3(251)) - 09112efe-1fad-4539-a04f-c96aef6d2351@group-D4B1EF4F61EA: shutdown
2019-09-26 21:19:11,467 [1178c3ae-d0b4-4d44-b144-fe8504cc41ac@group-FDB5F72744EF-SegmentedRaftLogWorker] ERROR segmented.SegmentedRaftLogWorker (SegmentedRaftLogWorker.java:run(323)) - 1178c3ae-d0b4-4d44-b144-fe8504cc41ac@group-FDB5F72744EF-SegmentedRaftLogWorker hit exception
java.lang.OutOfMemoryError: Direct buffer memory
	at java.nio.Bits.reserveMemory(Bits.java:666)
	at java.nio.DirectByteBuffer.<init>(DirectByteBuffer.java:123)
	at java.nio.ByteBuffer.allocateDirect(ByteBuffer.java:311)
	at org.apache.ratis.server.raftlog.segmented.BufferedWriteChannel.<init>(BufferedWriteChannel.java:41)
	at org.apache.ratis.server.raftlog.segmented.SegmentedRaftLogOutputStream.<init>(SegmentedRaftLogOutputStream.java:72)
	at org.apache.ratis.server.raftlog.segmented.SegmentedRaftLogWorker$StartLogSegment.execute(SegmentedRaftLogWorker.java:566)
	at org.apache.ratis.server.raftlog.segmented.SegmentedRaftLogWorker.run(SegmentedRaftLogWorker.java:289)
	at java.lang.Thread.run(Thread.java:748)
2019-09-26 21:19:11,888 [1178c3ae-d0b4-4d44-b144-fe8504cc41ac@group-FDB5F72744EF-SegmentedRaftLogWorker] INFO  impl.RaftServerImpl (RaftServerImpl.java:lambda$shutdown$3(251)) - 1178c3ae-d0b4-4d44-b144-fe8504cc41ac@group-FDB5F72744EF: shutdown
2019-09-26 21:19:11,467 [9ce0b59e-153f-4f41-8aed-492a76d80b48@group-D7AB65BEAEEF-SegmentedRaftLogWorker] ERROR segmented.SegmentedRaftLogWorker (SegmentedRaftLogWorker.java:run(323)) - 9ce0b59e-153f-4f41-8aed-492a76d80b48@group-D7AB65BEAEEF-SegmentedRaftLogWorker hit exception
java.lang.OutOfMemoryError: Direct buffer memory
	at java.nio.Bits.reserveMemory(Bits.java:666)
	at java.nio.DirectByteBuffer.<init>(DirectByteBuffer.java:123)
	at java.nio.ByteBuffer.allocateDirect(ByteBuffer.java:311)
	at org.apache.ratis.server.raftlog.segmented.BufferedWriteChannel.<init>(BufferedWriteChannel.java:41)
	at org.apache.ratis.server.raftlog.segmented.SegmentedRaftLogOutputStream.<init>(SegmentedRaftLogOutputStream.java:72)
	at org.apache.ratis.server.raftlog.segmented.SegmentedRaftLogWorker$StartLogSegment.execute(SegmentedRaftLogWorker.java:566)
	at org.apache.ratis.server.raftlog.segmented.SegmentedRaftLogWorker.run(SegmentedRaftLogWorker.java:289)
	at java.lang.Thread.run(Thread.java:748)
2019-09-26 21:19:11,276 [9ce0b59e-153f-4f41-8aed-492a76d80b48@group-84D243744114-SegmentedRaftLogWorker] INFO  util.JmxRegister (JmxRegister.java:unregister(73)) - Successfully un-registered JMX Bean with object name Ratis:service=RaftServer,group=group-84D243744114,id=9ce0b59e-153f-4f41-8aed-492a76d80b48
2019-09-26 21:19:11,889 [9ce0b59e-153f-4f41-8aed-492a76d80b48@group-84D243744114-SegmentedRaftLogWorker] INFO  impl.RoleInfo (RoleInfo.java:shutdownLeaderState(104)) - 9ce0b59e-153f-4f41-8aed-492a76d80b48: shutdown LeaderState
2019-09-26 21:19:11,275 [09112efe-1fad-4539-a04f-c96aef6d2351@group-C15524DE485D-SegmentedRaftLogWorker] INFO  util.JmxRegister (JmxRegister.java:unregister(73)) - Successfully un-registered JMX Bean with object name Ratis:service=RaftServer,group=group-C15524DE485D,id=09112efe-1fad-4539-a04f-c96aef6d2351
2019-09-26 21:19:11,275 [da833d8d-e72a-4068-9560-4daa2d83adc2@group-48B7BC6FD74C:LeaderElection147] INFO  impl.RaftServerImpl (ServerState.java:setRaftConf(354)) - da833d8d-e72a-4068-9560-4daa2d83adc2@group-48B7BC6FD74C: set configuration 0: [da833d8d-e72a-4068-9560-4daa2d83adc2:192.168.151.99:38903], old=null at 0
2019-09-26 21:19:11,274 [pool-37-thread-1] INFO  storage.RaftStorage (RaftStorage.java:format(72)) - Storage directory /workdir/hadoop-ozone/ozonefs/target/test-dir/MiniOzoneClusterImpl-5b64906c-d720-4906-b30c-b6d56a2122fd/datanode-1/data/ratis/ea001f86-0010-4b3c-917f-4036a4827e18 has been successfully formatted.
2019-09-26 21:19:11,274 [pool-27-thread-1] INFO  storage.RaftStorage (RaftStorage.java:format(72)) - Storage directory /workdir/hadoop-ozone/ozonefs/target/test-dir/MiniOzoneClusterImpl-5b64906c-d720-4906-b30c-b6d56a2122fd/datanode-0/data/ratis/5736ccad-9ae3-4e5b-932c-255437930481 has been successfully formatted.
2019-09-26 21:19:11,274 [pool-67-thread-1] INFO  storage.RaftStorage (RaftStorage.java:format(72)) - Storage directory /workdir/hadoop-ozone/ozonefs/target/test-dir/MiniOzoneClusterImpl-5b64906c-d720-4906-b30c-b6d56a2122fd/datanode-4/data/ratis/5736ccad-9ae3-4e5b-932c-255437930481 has been successfully formatted.
2019-09-26 21:19:11,890 [pool-37-thread-1] INFO  ratis.ContainerStateMachine (ContainerStateMachine.java:loadSnapshot(230)) - group-4036A4827E18: The snapshot info is null. Setting the last applied indexto:(t:0, i:~)
2019-09-26 21:19:11,889 [09112efe-1fad-4539-a04f-c96aef6d2351@group-C15524DE485D-SegmentedRaftLogWorker] INFO  impl.RoleInfo (RoleInfo.java:shutdownLeaderState(104)) - 09112efe-1fad-4539-a04f-c96aef6d2351: shutdown LeaderState
2019-09-26 21:19:11,889 [9ce0b59e-153f-4f41-8aed-492a76d80b48@group-84D243744114-SegmentedRaftLogWorker] INFO  impl.PendingRequests (PendingRequests.java:sendNotLeaderResponses(202)) - 9ce0b59e-153f-4f41-8aed-492a76d80b48-PendingRequests: sendNotLeaderResponses
2019-09-26 21:19:11,889 [9ce0b59e-153f-4f41-8aed-492a76d80b48@group-D7AB65BEAEEF-SegmentedRaftLogWorker] INFO  impl.RaftServerImpl (RaftServerImpl.java:lambda$shutdown$3(251)) - 9ce0b59e-153f-4f41-8aed-492a76d80b48@group-D7AB65BEAEEF: shutdown
2019-09-26 21:19:11,890 [9ce0b59e-153f-4f41-8aed-492a76d80b48@group-D7AB65BEAEEF-SegmentedRaftLogWorker] INFO  util.JmxRegister (JmxRegister.java:unregister(73)) - Successfully un-registered JMX Bean with object name Ratis:service=RaftServer,group=group-D7AB65BEAEEF,id=9ce0b59e-153f-4f41-8aed-492a76d80b48
2019-09-26 21:19:11,890 [9ce0b59e-153f-4f41-8aed-492a76d80b48@group-D7AB65BEAEEF-SegmentedRaftLogWorker] INFO  impl.RoleInfo (RoleInfo.java:shutdownLeaderState(104)) - 9ce0b59e-153f-4f41-8aed-492a76d80b48: shutdown LeaderState
2019-09-26 21:19:11,889 [1178c3ae-d0b4-4d44-b144-fe8504cc41ac@group-FDB5F72744EF-SegmentedRaftLogWorker] INFO  util.JmxRegister (JmxRegister.java:unregister(73)) - Successfully un-registered JMX Bean with object name Ratis:service=RaftServer,group=group-FDB5F72744EF,id=1178c3ae-d0b4-4d44-b144-fe8504cc41ac
2019-09-26 21:19:11,891 [1178c3ae-d0b4-4d44-b144-fe8504cc41ac@group-FDB5F72744EF-SegmentedRaftLogWorker] INFO  impl.RoleInfo (RoleInfo.java:shutdownLeaderState(104)) - 1178c3ae-d0b4-4d44-b144-fe8504cc41ac: shutdown LeaderState
2019-09-26 21:19:11,888 [09112efe-1fad-4539-a04f-c96aef6d2351@group-D4B1EF4F61EA-SegmentedRaftLogWorker] INFO  util.JmxRegister (JmxRegister.java:unregister(73)) - Successfully un-registered JMX Bean with object name Ratis:service=RaftServer,group=group-D4B1EF4F61EA,id=09112efe-1fad-4539-a04f-c96aef6d2351
2019-09-26 21:19:11,891 [09112efe-1fad-4539-a04f-c96aef6d2351@group-D4B1EF4F61EA-SegmentedRaftLogWorker] INFO  impl.RoleInfo (RoleInfo.java:shutdownLeaderState(104)) - 09112efe-1fad-4539-a04f-c96aef6d2351: shutdown LeaderState
2019-09-26 21:19:11,888 [9ce0b59e-153f-4f41-8aed-492a76d80b48@group-3CF811E9C283-SegmentedRaftLogWorker] INFO  util.JmxRegister (JmxRegister.java:unregister(73)) - Successfully un-registered JMX Bean with object name Ratis:service=RaftServer,group=group-3CF811E9C283,id=9ce0b59e-153f-4f41-8aed-492a76d80b48
2019-09-26 21:19:11,887 [9ce0b59e-153f-4f41-8aed-492a76d80b48@group-E873E827AB57-SegmentedRaftLogWorker] INFO  util.JmxRegister (JmxRegister.java:unregister(73)) - Successfully un-registered JMX Bean with object name Ratis:service=RaftServer,group=group-E873E827AB57,id=9ce0b59e-153f-4f41-8aed-492a76d80b48
2019-09-26 21:19:11,891 [9ce0b59e-153f-4f41-8aed-492a76d80b48@group-E873E827AB57-SegmentedRaftLogWorker] INFO  impl.RoleInfo (RoleInfo.java:shutdownLeaderState(104)) - 9ce0b59e-153f-4f41-8aed-492a76d80b48: shutdown LeaderState
2019-09-26 21:19:11,887 [1178c3ae-d0b4-4d44-b144-fe8504cc41ac@group-F8E1B0E88623-SegmentedRaftLogWorker] INFO  impl.RaftServerImpl (RaftServerImpl.java:lambda$shutdown$3(251)) - 1178c3ae-d0b4-4d44-b144-fe8504cc41ac@group-F8E1B0E88623: shutdown
2019-09-26 21:19:11,887 [09112efe-1fad-4539-a04f-c96aef6d2351@group-C1CCE81E3AA9-SegmentedRaftLogWorker] INFO  util.JmxRegister (JmxRegister.java:unregister(73)) - Successfully un-registered JMX Bean with object name Ratis:service=RaftServer,group=group-C1CCE81E3AA9,id=09112efe-1fad-4539-a04f-c96aef6d2351
2019-09-26 21:19:11,886 [09112efe-1fad-4539-a04f-c96aef6d2351@group-3320048E059F-SegmentedRaftLogWorker] INFO  util.JmxRegister (JmxRegister.java:unregister(73)) - Successfully un-registered JMX Bean with object name Ratis:service=RaftServer,group=group-3320048E059F,id=09112efe-1fad-4539-a04f-c96aef6d2351
2019-09-26 21:19:11,886 [9ce0b59e-153f-4f41-8aed-492a76d80b48@group-9CC82A6B0D81-SegmentedRaftLogWorker] INFO  impl.RaftServerImpl (RaftServerImpl.java:lambda$shutdown$3(251)) - 9ce0b59e-153f-4f41-8aed-492a76d80b48@group-9CC82A6B0D81: shutdown
2019-09-26 21:19:11,892 [9ce0b59e-153f-4f41-8aed-492a76d80b48@group-9CC82A6B0D81-SegmentedRaftLogWorker] INFO  util.JmxRegister (JmxRegister.java:unregister(73)) - Successfully un-registered JMX Bean with object name Ratis:service=RaftServer,group=group-9CC82A6B0D81,id=9ce0b59e-153f-4f41-8aed-492a76d80b48
2019-09-26 21:19:11,886 [9ce0b59e-153f-4f41-8aed-492a76d80b48@group-3B90256A708A-SegmentedRaftLogWorker] INFO  impl.RaftServerImpl (RaftServerImpl.java:lambda$shutdown$3(251)) - 9ce0b59e-153f-4f41-8aed-492a76d80b48@group-3B90256A708A: shutdown
2019-09-26 21:19:11,885 [da833d8d-e72a-4068-9560-4daa2d83adc2@group-511FA1580F8F-SegmentedRaftLogWorker] INFO  util.JmxRegister (JmxRegister.java:unregister(73)) - Successfully un-registered JMX Bean with object name Ratis:service=RaftServer,group=group-511FA1580F8F,id=da833d8d-e72a-4068-9560-4daa2d83adc2
2019-09-26 21:19:11,892 [da833d8d-e72a-4068-9560-4daa2d83adc2@group-511FA1580F8F-SegmentedRaftLogWorker] INFO  impl.RoleInfo (RoleInfo.java:shutdownLeaderState(104)) - da833d8d-e72a-4068-9560-4daa2d83adc2: shutdown LeaderState
2019-09-26 21:19:11,885 [1178c3ae-d0b4-4d44-b144-fe8504cc41ac@group-FD9251D15172-SegmentedRaftLogWorker] INFO  impl.RaftServerImpl (RaftServerImpl.java:lambda$shutdown$3(251)) - 1178c3ae-d0b4-4d44-b144-fe8504cc41ac@group-FD9251D15172: shutdown
2019-09-26 21:19:11,885 [0c640f50-2bc9-49b6-b785-a27e3116e6ba@group-0323BB0C2CB1-SegmentedRaftLogWorker] INFO  impl.RaftServerImpl (RaftServerImpl.java:lambda$shutdown$3(251)) - 0c640f50-2bc9-49b6-b785-a27e3116e6ba@group-0323BB0C2CB1: shutdown
2019-09-26 21:19:11,884 [da833d8d-e72a-4068-9560-4daa2d83adc2@group-9A832E30A4CB-SegmentedRaftLogWorker] INFO  impl.RaftServerImpl (RaftServerImpl.java:lambda$shutdown$3(251)) - da833d8d-e72a-4068-9560-4daa2d83adc2@group-9A832E30A4CB: shutdown
2019-09-26 21:19:11,884 [9ce0b59e-153f-4f41-8aed-492a76d80b48@group-9339CCE34269-SegmentedRaftLogWorker] INFO  util.JmxRegister (JmxRegister.java:unregister(73)) - Successfully un-registered JMX Bean with object name Ratis:service=RaftServer,group=group-9339CCE34269,id=9ce0b59e-153f-4f41-8aed-492a76d80b48
2019-09-26 21:19:11,893 [9ce0b59e-153f-4f41-8aed-492a76d80b48@group-9339CCE34269-SegmentedRaftLogWorker] INFO  impl.RoleInfo (RoleInfo.java:shutdownLeaderState(104)) - 9ce0b59e-153f-4f41-8aed-492a76d80b48: shutdown LeaderState
2019-09-26 21:19:11,884 [9ce0b59e-153f-4f41-8aed-492a76d80b48@group-D00789A57A5B-SegmentedRaftLogWorker] INFO  util.JmxRegister (JmxRegister.java:unregister(73)) - Successfully un-registered JMX Bean with object name Ratis:service=RaftServer,group=group-D00789A57A5B,id=9ce0b59e-153f-4f41-8aed-492a76d80b48
2019-09-26 21:19:11,883 [9ce0b59e-153f-4f41-8aed-492a76d80b48@group-543D5ED6ABE1-SegmentedRaftLogWorker] INFO  impl.RaftServerImpl (RaftServerImpl.java:lambda$shutdown$3(251)) - 9ce0b59e-153f-4f41-8aed-492a76d80b48@group-543D5ED6ABE1: shutdown
2019-09-26 21:19:11,893 [9ce0b59e-153f-4f41-8aed-492a76d80b48@group-543D5ED6ABE1-SegmentedRaftLogWorker] INFO  util.JmxRegister (JmxRegister.java:unregister(73)) - Successfully un-registered JMX Bean with object name Ratis:service=RaftServer,group=group-543D5ED6ABE1,id=9ce0b59e-153f-4f41-8aed-492a76d80b48
2019-09-26 21:19:11,883 [9ce0b59e-153f-4f41-8aed-492a76d80b48@group-6F05E871BC73-SegmentedRaftLogWorker] INFO  util.JmxRegister (JmxRegister.java:unregister(73)) - Successfully un-registered JMX Bean with object name Ratis:service=RaftServer,group=group-6F05E871BC73,id=9ce0b59e-153f-4f41-8aed-492a76d80b48
2019-09-26 21:19:11,883 [9ce0b59e-153f-4f41-8aed-492a76d80b48@group-486ABFFF1652-SegmentedRaftLogWorker] INFO  util.JmxRegister (JmxRegister.java:unregister(73)) - Successfully un-registered JMX Bean with object name Ratis:service=RaftServer,group=group-486ABFFF1652,id=9ce0b59e-153f-4f41-8aed-492a76d80b48
2019-09-26 21:19:11,882 [da833d8d-e72a-4068-9560-4daa2d83adc2@group-ED372BCAD154-SegmentedRaftLogWorker] INFO  impl.RaftServerImpl (RaftServerImpl.java:lambda$shutdown$3(251)) - da833d8d-e72a-4068-9560-4daa2d83adc2@group-ED372BCAD154: shutdown
2019-09-26 21:19:11,882 [9ce0b59e-153f-4f41-8aed-492a76d80b48@group-F4F4B9E0C0D9-SegmentedRaftLogWorker] INFO  impl.RaftServerImpl (RaftServerImpl.java:lambda$shutdown$3(251)) - 9ce0b59e-153f-4f41-8aed-492a76d80b48@group-F4F4B9E0C0D9: shutdown
2019-09-26 21:19:11,882 [1178c3ae-d0b4-4d44-b144-fe8504cc41ac@group-5EAC8502C8A3-SegmentedRaftLogWorker] INFO  impl.RaftServerImpl (RaftServerImpl.java:lambda$shutdown$3(251)) - 1178c3ae-d0b4-4d44-b144-fe8504cc41ac@group-5EAC8502C8A3: shutdown
2019-09-26 21:19:11,894 [1178c3ae-d0b4-4d44-b144-fe8504cc41ac@group-5EAC8502C8A3-SegmentedRaftLogWorker] INFO  util.JmxRegister (JmxRegister.java:unregister(73)) - Successfully un-registered JMX Bean with object name Ratis:service=RaftServer,group=group-5EAC8502C8A3,id=1178c3ae-d0b4-4d44-b144-fe8504cc41ac
2019-09-26 21:19:11,881 [9ce0b59e-153f-4f41-8aed-492a76d80b48@group-502FD49C5050-SegmentedRaftLogWorker] INFO  impl.RaftServerImpl (RaftServerImpl.java:lambda$shutdown$3(251)) - 9ce0b59e-153f-4f41-8aed-492a76d80b48@group-502FD49C5050: shutdown
2019-09-26 21:19:11,881 [1178c3ae-d0b4-4d44-b144-fe8504cc41ac@group-04E8659F51F7-SegmentedRaftLogWorker] INFO  impl.RaftServerImpl (RaftServerImpl.java:lambda$shutdown$3(251)) - 1178c3ae-d0b4-4d44-b144-fe8504cc41ac@group-04E8659F51F7: shutdown
2019-09-26 21:19:11,684 [9ce0b59e-153f-4f41-8aed-492a76d80b48@group-00CF13531264:LeaderElection139] INFO  impl.RaftServerImpl (ServerState.java:setRaftConf(354)) - 9ce0b59e-153f-4f41-8aed-492a76d80b48@group-00CF13531264: set configuration 0: [9ce0b59e-153f-4f41-8aed-492a76d80b48:192.168.151.99:34156], old=null at 0
2019-09-26 21:19:11,684 [pool-57-thread-1] INFO  server.RaftServerConfigKeys (ConfUtils.java:logGet(43)) - raft.server.rpc.timeout.max = 5200ms (custom)
2019-09-26 21:19:11,895 [pool-57-thread-1] INFO  server.RaftServerConfigKeys (ConfUtils.java:logGet(43)) - raft.server.rpcslowness.timeout = 120s (custom)
2019-09-26 21:19:11,895 [1178c3ae-d0b4-4d44-b144-fe8504cc41ac@group-04E8659F51F7-SegmentedRaftLogWorker] INFO  util.JmxRegister (JmxRegister.java:unregister(73)) - Successfully un-registered JMX Bean with object name Ratis:service=RaftServer,group=group-04E8659F51F7,id=1178c3ae-d0b4-4d44-b144-fe8504cc41ac
2019-09-26 21:19:11,895 [1178c3ae-d0b4-4d44-b144-fe8504cc41ac@group-04E8659F51F7-SegmentedRaftLogWorker] INFO  impl.RoleInfo (RoleInfo.java:shutdownLeaderState(104)) - 1178c3ae-d0b4-4d44-b144-fe8504cc41ac: shutdown LeaderState
2019-09-26 21:19:11,895 [9ce0b59e-153f-4f41-8aed-492a76d80b48@group-502FD49C5050-SegmentedRaftLogWorker] INFO  util.JmxRegister (JmxRegister.java:unregister(73)) - Successfully un-registered JMX Bean with object name Ratis:service=RaftServer,group=group-502FD49C5050,id=9ce0b59e-153f-4f41-8aed-492a76d80b48
2019-09-26 21:19:11,896 [9ce0b59e-153f-4f41-8aed-492a76d80b48@group-502FD49C5050-SegmentedRaftLogWorker] INFO  impl.RoleInfo (RoleInfo.java:shutdownLeaderState(104)) - 9ce0b59e-153f-4f41-8aed-492a76d80b48: shutdown LeaderState
2019-09-26 21:19:11,894 [1178c3ae-d0b4-4d44-b144-fe8504cc41ac@group-5EAC8502C8A3-SegmentedRaftLogWorker] INFO  impl.RoleInfo (RoleInfo.java:shutdownLeaderState(104)) - 1178c3ae-d0b4-4d44-b144-fe8504cc41ac: shutdown LeaderState
2019-09-26 21:19:11,894 [9ce0b59e-153f-4f41-8aed-492a76d80b48@group-F4F4B9E0C0D9-SegmentedRaftLogWorker] INFO  util.JmxRegister (JmxRegister.java:unregister(73)) - Successfully un-registered JMX Bean with object name Ratis:service=RaftServer,group=group-F4F4B9E0C0D9,id=9ce0b59e-153f-4f41-8aed-492a76d80b48
2019-09-26 21:19:11,894 [da833d8d-e72a-4068-9560-4daa2d83adc2@group-ED372BCAD154-SegmentedRaftLogWorker] INFO  util.JmxRegister (JmxRegister.java:unregister(73)) - Successfully un-registered JMX Bean with object name Ratis:service=RaftServer,group=group-ED372BCAD154,id=da833d8d-e72a-4068-9560-4daa2d83adc2
2019-09-26 21:19:11,896 [da833d8d-e72a-4068-9560-4daa2d83adc2@group-ED372BCAD154-SegmentedRaftLogWorker] INFO  impl.RoleInfo (RoleInfo.java:shutdownLeaderState(104)) - da833d8d-e72a-4068-9560-4daa2d83adc2: shutdown LeaderState
2019-09-26 21:19:11,894 [9ce0b59e-153f-4f41-8aed-492a76d80b48@group-486ABFFF1652-SegmentedRaftLogWorker] INFO  impl.RoleInfo (RoleInfo.java:shutdownLeaderState(104)) - 9ce0b59e-153f-4f41-8aed-492a76d80b48: shutdown LeaderState
2019-09-26 21:19:11,894 [9ce0b59e-153f-4f41-8aed-492a76d80b48@group-6F05E871BC73-SegmentedRaftLogWorker] INFO  impl.RoleInfo (RoleInfo.java:shutdownLeaderState(104)) - 9ce0b59e-153f-4f41-8aed-492a76d80b48: shutdown LeaderState
2019-09-26 21:19:11,894 [9ce0b59e-153f-4f41-8aed-492a76d80b48@group-543D5ED6ABE1-SegmentedRaftLogWorker] INFO  impl.RoleInfo (RoleInfo.java:shutdownLeaderState(104)) - 9ce0b59e-153f-4f41-8aed-492a76d80b48: shutdown LeaderState
2019-09-26 21:19:11,893 [9ce0b59e-153f-4f41-8aed-492a76d80b48@group-D00789A57A5B-SegmentedRaftLogWorker] INFO  impl.RoleInfo (RoleInfo.java:shutdownLeaderState(104)) - 9ce0b59e-153f-4f41-8aed-492a76d80b48: shutdown LeaderState
2019-09-26 21:19:11,893 [9ce0b59e-153f-4f41-8aed-492a76d80b48@group-9339CCE34269-SegmentedRaftLogWorker] INFO  impl.PendingRequests (PendingRequests.java:sendNotLeaderResponses(202)) - 9ce0b59e-153f-4f41-8aed-492a76d80b48-PendingRequests: sendNotLeaderResponses
2019-09-26 21:19:11,893 [da833d8d-e72a-4068-9560-4daa2d83adc2@group-9A832E30A4CB-SegmentedRaftLogWorker] INFO  util.JmxRegister (JmxRegister.java:unregister(73)) - Successfully un-registered JMX Bean with object name Ratis:service=RaftServer,group=group-9A832E30A4CB,id=da833d8d-e72a-4068-9560-4daa2d83adc2
2019-09-26 21:19:11,893 [0c640f50-2bc9-49b6-b785-a27e3116e6ba@group-0323BB0C2CB1-SegmentedRaftLogWorker] INFO  util.JmxRegister (JmxRegister.java:unregister(73)) - Successfully un-registered JMX Bean with object name Ratis:service=RaftServer,group=group-0323BB0C2CB1,id=0c640f50-2bc9-49b6-b785-a27e3116e6ba
2019-09-26 21:19:11,897 [0c640f50-2bc9-49b6-b785-a27e3116e6ba@group-0323BB0C2CB1-SegmentedRaftLogWorker] INFO  impl.RoleInfo (RoleInfo.java:shutdownLeaderState(104)) - 0c640f50-2bc9-49b6-b785-a27e3116e6ba: shutdown LeaderState
2019-09-26 21:19:11,893 [1178c3ae-d0b4-4d44-b144-fe8504cc41ac@group-FD9251D15172-SegmentedRaftLogWorker] INFO  util.JmxRegister (JmxRegister.java:unregister(73)) - Successfully un-registered JMX Bean with object name Ratis:service=RaftServer,group=group-FD9251D15172,id=1178c3ae-d0b4-4d44-b144-fe8504cc41ac
2019-09-26 21:19:11,892 [da833d8d-e72a-4068-9560-4daa2d83adc2@group-511FA1580F8F-SegmentedRaftLogWorker] INFO  impl.PendingRequests (PendingRequests.java:sendNotLeaderResponses(202)) - da833d8d-e72a-4068-9560-4daa2d83adc2-PendingRequests: sendNotLeaderResponses
2019-09-26 21:19:11,892 [9ce0b59e-153f-4f41-8aed-492a76d80b48@group-3B90256A708A-SegmentedRaftLogWorker] INFO  util.JmxRegister (JmxRegister.java:unregister(73)) - Successfully un-registered JMX Bean with object name Ratis:service=RaftServer,group=group-3B90256A708A,id=9ce0b59e-153f-4f41-8aed-492a76d80b48
2019-09-26 21:19:11,892 [9ce0b59e-153f-4f41-8aed-492a76d80b48@group-9CC82A6B0D81-SegmentedRaftLogWorker] INFO  impl.RoleInfo (RoleInfo.java:shutdownLeaderState(104)) - 9ce0b59e-153f-4f41-8aed-492a76d80b48: shutdown LeaderState
2019-09-26 21:19:11,898 [9ce0b59e-153f-4f41-8aed-492a76d80b48@group-9CC82A6B0D81-SegmentedRaftLogWorker] INFO  impl.PendingRequests (PendingRequests.java:sendNotLeaderResponses(202)) - 9ce0b59e-153f-4f41-8aed-492a76d80b48-PendingRequests: sendNotLeaderResponses
2019-09-26 21:19:11,892 [09112efe-1fad-4539-a04f-c96aef6d2351@group-3320048E059F-SegmentedRaftLogWorker] INFO  impl.RoleInfo (RoleInfo.java:shutdownLeaderState(104)) - 09112efe-1fad-4539-a04f-c96aef6d2351: shutdown LeaderState
2019-09-26 21:19:11,892 [09112efe-1fad-4539-a04f-c96aef6d2351@group-C1CCE81E3AA9-SegmentedRaftLogWorker] INFO  impl.RoleInfo (RoleInfo.java:shutdownLeaderState(104)) - 09112efe-1fad-4539-a04f-c96aef6d2351: shutdown LeaderState
2019-09-26 21:19:11,892 [1178c3ae-d0b4-4d44-b144-fe8504cc41ac@group-F8E1B0E88623-SegmentedRaftLogWorker] INFO  util.JmxRegister (JmxRegister.java:unregister(73)) - Successfully un-registered JMX Bean with object name Ratis:service=RaftServer,group=group-F8E1B0E88623,id=1178c3ae-d0b4-4d44-b144-fe8504cc41ac
2019-09-26 21:19:11,899 [1178c3ae-d0b4-4d44-b144-fe8504cc41ac@group-F8E1B0E88623-SegmentedRaftLogWorker] INFO  impl.RoleInfo (RoleInfo.java:shutdownLeaderState(104)) - 1178c3ae-d0b4-4d44-b144-fe8504cc41ac: shutdown LeaderState
2019-09-26 21:19:11,891 [9ce0b59e-153f-4f41-8aed-492a76d80b48@group-E873E827AB57-SegmentedRaftLogWorker] INFO  impl.PendingRequests (PendingRequests.java:sendNotLeaderResponses(202)) - 9ce0b59e-153f-4f41-8aed-492a76d80b48-PendingRequests: sendNotLeaderResponses
2019-09-26 21:19:11,891 [9ce0b59e-153f-4f41-8aed-492a76d80b48@group-3CF811E9C283-SegmentedRaftLogWorker] INFO  impl.RoleInfo (RoleInfo.java:shutdownLeaderState(104)) - 9ce0b59e-153f-4f41-8aed-492a76d80b48: shutdown LeaderState
2019-09-26 21:19:11,899 [9ce0b59e-153f-4f41-8aed-492a76d80b48@group-3CF811E9C283-SegmentedRaftLogWorker] INFO  impl.PendingRequests (PendingRequests.java:sendNotLeaderResponses(202)) - 9ce0b59e-153f-4f41-8aed-492a76d80b48-PendingRequests: sendNotLeaderResponses
2019-09-26 21:19:11,891 [09112efe-1fad-4539-a04f-c96aef6d2351@group-D4B1EF4F61EA-SegmentedRaftLogWorker] INFO  impl.PendingRequests (PendingRequests.java:sendNotLeaderResponses(202)) - 09112efe-1fad-4539-a04f-c96aef6d2351-PendingRequests: sendNotLeaderResponses
2019-09-26 21:19:11,891 [1178c3ae-d0b4-4d44-b144-fe8504cc41ac@group-FDB5F72744EF-SegmentedRaftLogWorker] INFO  impl.PendingRequests (PendingRequests.java:sendNotLeaderResponses(202)) - 1178c3ae-d0b4-4d44-b144-fe8504cc41ac-PendingRequests: sendNotLeaderResponses
2019-09-26 21:19:11,891 [9ce0b59e-153f-4f41-8aed-492a76d80b48@group-D7AB65BEAEEF-SegmentedRaftLogWorker] INFO  impl.PendingRequests (PendingRequests.java:sendNotLeaderResponses(202)) - 9ce0b59e-153f-4f41-8aed-492a76d80b48-PendingRequests: sendNotLeaderResponses
2019-09-26 21:19:11,890 [9ce0b59e-153f-4f41-8aed-492a76d80b48@group-84D243744114-SegmentedRaftLogWorker] INFO  impl.StateMachineUpdater (StateMachineUpdater.java:stopAndJoin(125)) - 9ce0b59e-153f-4f41-8aed-492a76d80b48@group-84D243744114-StateMachineUpdater: set stopIndex = -1
2019-09-26 21:19:11,890 [09112efe-1fad-4539-a04f-c96aef6d2351@group-C15524DE485D-SegmentedRaftLogWorker] INFO  impl.PendingRequests (PendingRequests.java:sendNotLeaderResponses(202)) - 09112efe-1fad-4539-a04f-c96aef6d2351-PendingRequests: sendNotLeaderResponses
2019-09-26 21:19:11,890 [pool-37-thread-1] INFO  server.RaftServerConfigKeys (ConfUtils.java:logGet(43)) - raft.server.notification.no-leader.timeout = 120s (custom)
2019-09-26 21:19:11,890 [pool-67-thread-1] INFO  ratis.ContainerStateMachine (ContainerStateMachine.java:loadSnapshot(230)) - group-255437930481: The snapshot info is null. Setting the last applied indexto:(t:0, i:~)
2019-09-26 21:19:11,900 [pool-67-thread-1] INFO  server.RaftServerConfigKeys (ConfUtils.java:logGet(43)) - raft.server.notification.no-leader.timeout = 120s (custom)
2019-09-26 21:19:11,890 [pool-27-thread-1] INFO  ratis.ContainerStateMachine (ContainerStateMachine.java:loadSnapshot(230)) - group-255437930481: The snapshot info is null. Setting the last applied indexto:(t:0, i:~)
2019-09-26 21:19:11,900 [pool-67-thread-1] INFO  server.RaftServerConfigKeys (ConfUtils.java:logGet(43)) - raft.server.log.use.memory = false (default)
2019-09-26 21:19:11,900 [pool-37-thread-1] INFO  server.RaftServerConfigKeys (ConfUtils.java:logGet(43)) - raft.server.log.use.memory = false (default)
2019-09-26 21:19:11,900 [09112efe-1fad-4539-a04f-c96aef6d2351@group-C15524DE485D-SegmentedRaftLogWorker] INFO  impl.StateMachineUpdater (StateMachineUpdater.java:stopAndJoin(125)) - 09112efe-1fad-4539-a04f-c96aef6d2351@group-C15524DE485D-StateMachineUpdater: set stopIndex = -1
2019-09-26 21:19:11,900 [9ce0b59e-153f-4f41-8aed-492a76d80b48@group-84D243744114-SegmentedRaftLogWorker] INFO  impl.RaftServerImpl (ServerState.java:close(385)) - 9ce0b59e-153f-4f41-8aed-492a76d80b48@group-84D243744114: closes. applyIndex: -1
2019-09-26 21:19:11,900 [9ce0b59e-153f-4f41-8aed-492a76d80b48@group-D7AB65BEAEEF-SegmentedRaftLogWorker] INFO  impl.StateMachineUpdater (StateMachineUpdater.java:stopAndJoin(125)) - 9ce0b59e-153f-4f41-8aed-492a76d80b48@group-D7AB65BEAEEF-StateMachineUpdater: set stopIndex = -1
2019-09-26 21:19:11,901 [9ce0b59e-153f-4f41-8aed-492a76d80b48@group-D7AB65BEAEEF-SegmentedRaftLogWorker] INFO  impl.RaftServerImpl (ServerState.java:close(385)) - 9ce0b59e-153f-4f41-8aed-492a76d80b48@group-D7AB65BEAEEF: closes. applyIndex: -1
2019-09-26 21:19:11,900 [1178c3ae-d0b4-4d44-b144-fe8504cc41ac@group-FDB5F72744EF-SegmentedRaftLogWorker] INFO  impl.StateMachineUpdater (StateMachineUpdater.java:stopAndJoin(125)) - 1178c3ae-d0b4-4d44-b144-fe8504cc41ac@group-FDB5F72744EF-StateMachineUpdater: set stopIndex = -1
2019-09-26 21:19:11,901 [1178c3ae-d0b4-4d44-b144-fe8504cc41ac@group-FDB5F72744EF-SegmentedRaftLogWorker] INFO  impl.RaftServerImpl (ServerState.java:close(385)) - 1178c3ae-d0b4-4d44-b144-fe8504cc41ac@group-FDB5F72744EF: closes. applyIndex: -1
2019-09-26 21:19:11,899 [09112efe-1fad-4539-a04f-c96aef6d2351@group-D4B1EF4F61EA-SegmentedRaftLogWorker] INFO  impl.StateMachineUpdater (StateMachineUpdater.java:stopAndJoin(125)) - 09112efe-1fad-4539-a04f-c96aef6d2351@group-D4B1EF4F61EA-StateMachineUpdater: set stopIndex = -1
2019-09-26 21:19:11,902 [09112efe-1fad-4539-a04f-c96aef6d2351@group-D4B1EF4F61EA-SegmentedRaftLogWorker] INFO  impl.RaftServerImpl (ServerState.java:close(385)) - 09112efe-1fad-4539-a04f-c96aef6d2351@group-D4B1EF4F61EA: closes. applyIndex: -1
2019-09-26 21:19:11,899 [9ce0b59e-153f-4f41-8aed-492a76d80b48@group-3CF811E9C283-SegmentedRaftLogWorker] INFO  impl.StateMachineUpdater (StateMachineUpdater.java:stopAndJoin(125)) - 9ce0b59e-153f-4f41-8aed-492a76d80b48@group-3CF811E9C283-StateMachineUpdater: set stopIndex = -1
2019-09-26 21:19:11,902 [9ce0b59e-153f-4f41-8aed-492a76d80b48@group-3CF811E9C283-SegmentedRaftLogWorker] INFO  impl.RaftServerImpl (ServerState.java:close(385)) - 9ce0b59e-153f-4f41-8aed-492a76d80b48@group-3CF811E9C283: closes. applyIndex: -1
2019-09-26 21:19:11,899 [9ce0b59e-153f-4f41-8aed-492a76d80b48@group-E873E827AB57-SegmentedRaftLogWorker] INFO  impl.StateMachineUpdater (StateMachineUpdater.java:stopAndJoin(125)) - 9ce0b59e-153f-4f41-8aed-492a76d80b48@group-E873E827AB57-StateMachineUpdater: set stopIndex = -1
2019-09-26 21:19:11,899 [1178c3ae-d0b4-4d44-b144-fe8504cc41ac@group-F8E1B0E88623-SegmentedRaftLogWorker] INFO  impl.PendingRequests (PendingRequests.java:sendNotLeaderResponses(202)) - 1178c3ae-d0b4-4d44-b144-fe8504cc41ac-PendingRequests: sendNotLeaderResponses
2019-09-26 21:19:11,898 [09112efe-1fad-4539-a04f-c96aef6d2351@group-C1CCE81E3AA9-SegmentedRaftLogWorker] INFO  impl.PendingRequests (PendingRequests.java:sendNotLeaderResponses(202)) - 09112efe-1fad-4539-a04f-c96aef6d2351-PendingRequests: sendNotLeaderResponses
2019-09-26 21:19:11,898 [09112efe-1fad-4539-a04f-c96aef6d2351@group-3320048E059F-SegmentedRaftLogWorker] INFO  impl.PendingRequests (PendingRequests.java:sendNotLeaderResponses(202)) - 09112efe-1fad-4539-a04f-c96aef6d2351-PendingRequests: sendNotLeaderResponses
2019-09-26 21:19:11,898 [9ce0b59e-153f-4f41-8aed-492a76d80b48@group-9CC82A6B0D81-SegmentedRaftLogWorker] INFO  impl.StateMachineUpdater (StateMachineUpdater.java:stopAndJoin(125)) - 9ce0b59e-153f-4f41-8aed-492a76d80b48@group-9CC82A6B0D81-StateMachineUpdater: set stopIndex = -1
2019-09-26 21:19:11,903 [9ce0b59e-153f-4f41-8aed-492a76d80b48@group-9CC82A6B0D81-SegmentedRaftLogWorker] INFO  impl.RaftServerImpl (ServerState.java:close(385)) - 9ce0b59e-153f-4f41-8aed-492a76d80b48@group-9CC82A6B0D81: closes. applyIndex: -1
2019-09-26 21:19:11,898 [9ce0b59e-153f-4f41-8aed-492a76d80b48@group-3B90256A708A-SegmentedRaftLogWorker] INFO  impl.RoleInfo (RoleInfo.java:shutdownLeaderState(104)) - 9ce0b59e-153f-4f41-8aed-492a76d80b48: shutdown LeaderState
2019-09-26 21:19:11,898 [da833d8d-e72a-4068-9560-4daa2d83adc2@group-511FA1580F8F-SegmentedRaftLogWorker] INFO  impl.StateMachineUpdater (StateMachineUpdater.java:stopAndJoin(125)) - da833d8d-e72a-4068-9560-4daa2d83adc2@group-511FA1580F8F-StateMachineUpdater: set stopIndex = -1
2019-09-26 21:19:11,903 [da833d8d-e72a-4068-9560-4daa2d83adc2@group-511FA1580F8F-SegmentedRaftLogWorker] INFO  impl.RaftServerImpl (ServerState.java:close(385)) - da833d8d-e72a-4068-9560-4daa2d83adc2@group-511FA1580F8F: closes. applyIndex: -1
2019-09-26 21:19:11,898 [1178c3ae-d0b4-4d44-b144-fe8504cc41ac@group-FD9251D15172-SegmentedRaftLogWorker] INFO  impl.RoleInfo (RoleInfo.java:shutdownLeaderState(104)) - 1178c3ae-d0b4-4d44-b144-fe8504cc41ac: shutdown LeaderState
2019-09-26 21:19:11,897 [0c640f50-2bc9-49b6-b785-a27e3116e6ba@group-0323BB0C2CB1-SegmentedRaftLogWorker] INFO  impl.PendingRequests (PendingRequests.java:sendNotLeaderResponses(202)) - 0c640f50-2bc9-49b6-b785-a27e3116e6ba-PendingRequests: sendNotLeaderResponses
2019-09-26 21:19:11,897 [da833d8d-e72a-4068-9560-4daa2d83adc2@group-9A832E30A4CB-SegmentedRaftLogWorker] INFO  impl.RoleInfo (RoleInfo.java:shutdownLeaderState(104)) - da833d8d-e72a-4068-9560-4daa2d83adc2: shutdown LeaderState
2019-09-26 21:19:11,897 [9ce0b59e-153f-4f41-8aed-492a76d80b48@group-9339CCE34269-SegmentedRaftLogWorker] INFO  impl.StateMachineUpdater (StateMachineUpdater.java:stopAndJoin(125)) - 9ce0b59e-153f-4f41-8aed-492a76d80b48@group-9339CCE34269-StateMachineUpdater: set stopIndex = -1
2019-09-26 21:19:11,897 [9ce0b59e-153f-4f41-8aed-492a76d80b48@group-D00789A57A5B-SegmentedRaftLogWorker] INFO  impl.PendingRequests (PendingRequests.java:sendNotLeaderResponses(202)) - 9ce0b59e-153f-4f41-8aed-492a76d80b48-PendingRequests: sendNotLeaderResponses
2019-09-26 21:19:11,897 [9ce0b59e-153f-4f41-8aed-492a76d80b48@group-543D5ED6ABE1-SegmentedRaftLogWorker] INFO  impl.PendingRequests (PendingRequests.java:sendNotLeaderResponses(202)) - 9ce0b59e-153f-4f41-8aed-492a76d80b48-PendingRequests: sendNotLeaderResponses
2019-09-26 21:19:11,897 [9ce0b59e-153f-4f41-8aed-492a76d80b48@group-6F05E871BC73-SegmentedRaftLogWorker] INFO  impl.PendingRequests (PendingRequests.java:sendNotLeaderResponses(202)) - 9ce0b59e-153f-4f41-8aed-492a76d80b48-PendingRequests: sendNotLeaderResponses
2019-09-26 21:19:11,896 [9ce0b59e-153f-4f41-8aed-492a76d80b48@group-486ABFFF1652-SegmentedRaftLogWorker] INFO  impl.PendingRequests (PendingRequests.java:sendNotLeaderResponses(202)) - 9ce0b59e-153f-4f41-8aed-492a76d80b48-PendingRequests: sendNotLeaderResponses
2019-09-26 21:19:11,896 [da833d8d-e72a-4068-9560-4daa2d83adc2@group-ED372BCAD154-SegmentedRaftLogWorker] INFO  impl.PendingRequests (PendingRequests.java:sendNotLeaderResponses(202)) - da833d8d-e72a-4068-9560-4daa2d83adc2-PendingRequests: sendNotLeaderResponses
2019-09-26 21:19:11,896 [9ce0b59e-153f-4f41-8aed-492a76d80b48@group-F4F4B9E0C0D9-SegmentedRaftLogWorker] INFO  impl.RoleInfo (RoleInfo.java:shutdownLeaderState(104)) - 9ce0b59e-153f-4f41-8aed-492a76d80b48: shutdown LeaderState
2019-09-26 21:19:11,896 [1178c3ae-d0b4-4d44-b144-fe8504cc41ac@group-5EAC8502C8A3-SegmentedRaftLogWorker] INFO  impl.PendingRequests (PendingRequests.java:sendNotLeaderResponses(202)) - 1178c3ae-d0b4-4d44-b144-fe8504cc41ac-PendingRequests: sendNotLeaderResponses
2019-09-26 21:19:11,896 [9ce0b59e-153f-4f41-8aed-492a76d80b48@group-502FD49C5050-SegmentedRaftLogWorker] INFO  impl.PendingRequests (PendingRequests.java:sendNotLeaderResponses(202)) - 9ce0b59e-153f-4f41-8aed-492a76d80b48-PendingRequests: sendNotLeaderResponses
2019-09-26 21:19:11,895 [1178c3ae-d0b4-4d44-b144-fe8504cc41ac@group-04E8659F51F7-SegmentedRaftLogWorker] INFO  impl.PendingRequests (PendingRequests.java:sendNotLeaderResponses(202)) - 1178c3ae-d0b4-4d44-b144-fe8504cc41ac-PendingRequests: sendNotLeaderResponses
2019-09-26 21:19:11,895 [pool-57-thread-1] INFO  server.RaftServerConfigKeys (ConfUtils.java:logGet(43)) - raft.server.sleep.deviation.threshold = 300 (default)
2019-09-26 21:19:11,905 [pool-57-thread-1] INFO  server.RaftServerConfigKeys (ConfUtils.java:logGet(43)) - raft.server.log.appender.install.snapshot.enabled = false (custom)
2019-09-26 21:19:11,905 [9ce0b59e-153f-4f41-8aed-492a76d80b48@group-502FD49C5050-SegmentedRaftLogWorker] INFO  impl.StateMachineUpdater (StateMachineUpdater.java:stopAndJoin(125)) - 9ce0b59e-153f-4f41-8aed-492a76d80b48@group-502FD49C5050-StateMachineUpdater: set stopIndex = -1
2019-09-26 21:19:11,906 [9ce0b59e-153f-4f41-8aed-492a76d80b48@group-502FD49C5050-SegmentedRaftLogWorker] INFO  impl.RaftServerImpl (ServerState.java:close(385)) - 9ce0b59e-153f-4f41-8aed-492a76d80b48@group-502FD49C5050: closes. applyIndex: -1
2019-09-26 21:19:11,905 [1178c3ae-d0b4-4d44-b144-fe8504cc41ac@group-5EAC8502C8A3-SegmentedRaftLogWorker] INFO  impl.StateMachineUpdater (StateMachineUpdater.java:stopAndJoin(125)) - 1178c3ae-d0b4-4d44-b144-fe8504cc41ac@group-5EAC8502C8A3-StateMachineUpdater: set stopIndex = -1
2019-09-26 21:19:11,906 [1178c3ae-d0b4-4d44-b144-fe8504cc41ac@group-5EAC8502C8A3-SegmentedRaftLogWorker] INFO  impl.RaftServerImpl (ServerState.java:close(385)) - 1178c3ae-d0b4-4d44-b144-fe8504cc41ac@group-5EAC8502C8A3: closes. applyIndex: -1
2019-09-26 21:19:11,905 [9ce0b59e-153f-4f41-8aed-492a76d80b48@group-F4F4B9E0C0D9-SegmentedRaftLogWorker] INFO  impl.PendingRequests (PendingRequests.java:sendNotLeaderResponses(202)) - 9ce0b59e-153f-4f41-8aed-492a76d80b48-PendingRequests: sendNotLeaderResponses
2019-09-26 21:19:11,905 [da833d8d-e72a-4068-9560-4daa2d83adc2@group-ED372BCAD154-SegmentedRaftLogWorker] INFO  impl.StateMachineUpdater (StateMachineUpdater.java:stopAndJoin(125)) - da833d8d-e72a-4068-9560-4daa2d83adc2@group-ED372BCAD154-StateMachineUpdater: set stopIndex = -1
2019-09-26 21:19:11,905 [9ce0b59e-153f-4f41-8aed-492a76d80b48@group-486ABFFF1652-SegmentedRaftLogWorker] INFO  impl.StateMachineUpdater (StateMachineUpdater.java:stopAndJoin(125)) - 9ce0b59e-153f-4f41-8aed-492a76d80b48@group-486ABFFF1652-StateMachineUpdater: set stopIndex = -1
2019-09-26 21:19:11,904 [9ce0b59e-153f-4f41-8aed-492a76d80b48@group-6F05E871BC73-SegmentedRaftLogWorker] INFO  impl.StateMachineUpdater (StateMachineUpdater.java:stopAndJoin(125)) - 9ce0b59e-153f-4f41-8aed-492a76d80b48@group-6F05E871BC73-StateMachineUpdater: set stopIndex = -1
2019-09-26 21:19:11,907 [9ce0b59e-153f-4f41-8aed-492a76d80b48@group-6F05E871BC73-SegmentedRaftLogWorker] INFO  impl.RaftServerImpl (ServerState.java:close(385)) - 9ce0b59e-153f-4f41-8aed-492a76d80b48@group-6F05E871BC73: closes. applyIndex: -1
2019-09-26 21:19:11,904 [9ce0b59e-153f-4f41-8aed-492a76d80b48@group-543D5ED6ABE1-SegmentedRaftLogWorker] INFO  impl.StateMachineUpdater (StateMachineUpdater.java:stopAndJoin(125)) - 9ce0b59e-153f-4f41-8aed-492a76d80b48@group-543D5ED6ABE1-StateMachineUpdater: set stopIndex = -1
2019-09-26 21:19:11,907 [9ce0b59e-153f-4f41-8aed-492a76d80b48@group-543D5ED6ABE1-SegmentedRaftLogWorker] INFO  impl.RaftServerImpl (ServerState.java:close(385)) - 9ce0b59e-153f-4f41-8aed-492a76d80b48@group-543D5ED6ABE1: closes. applyIndex: -1
2019-09-26 21:19:11,904 [9ce0b59e-153f-4f41-8aed-492a76d80b48@group-D00789A57A5B-SegmentedRaftLogWorker] INFO  impl.StateMachineUpdater (StateMachineUpdater.java:stopAndJoin(125)) - 9ce0b59e-153f-4f41-8aed-492a76d80b48@group-D00789A57A5B-StateMachineUpdater: set stopIndex = -1
2019-09-26 21:19:11,907 [9ce0b59e-153f-4f41-8aed-492a76d80b48@group-D00789A57A5B-SegmentedRaftLogWorker] INFO  impl.RaftServerImpl (ServerState.java:close(385)) - 9ce0b59e-153f-4f41-8aed-492a76d80b48@group-D00789A57A5B: closes. applyIndex: -1
2019-09-26 21:19:11,904 [9ce0b59e-153f-4f41-8aed-492a76d80b48@group-9339CCE34269-SegmentedRaftLogWorker] INFO  impl.RaftServerImpl (ServerState.java:close(385)) - 9ce0b59e-153f-4f41-8aed-492a76d80b48@group-9339CCE34269: closes. applyIndex: -1
2019-09-26 21:19:11,904 [da833d8d-e72a-4068-9560-4daa2d83adc2@group-9A832E30A4CB-SegmentedRaftLogWorker] INFO  impl.PendingRequests (PendingRequests.java:sendNotLeaderResponses(202)) - da833d8d-e72a-4068-9560-4daa2d83adc2-PendingRequests: sendNotLeaderResponses
2019-09-26 21:19:11,904 [0c640f50-2bc9-49b6-b785-a27e3116e6ba@group-0323BB0C2CB1-SegmentedRaftLogWorker] INFO  impl.StateMachineUpdater (StateMachineUpdater.java:stopAndJoin(125)) - 0c640f50-2bc9-49b6-b785-a27e3116e6ba@group-0323BB0C2CB1-StateMachineUpdater: set stopIndex = -1
2019-09-26 21:19:11,908 [0c640f50-2bc9-49b6-b785-a27e3116e6ba@group-0323BB0C2CB1-SegmentedRaftLogWorker] INFO  impl.RaftServerImpl (ServerState.java:close(385)) - 0c640f50-2bc9-49b6-b785-a27e3116e6ba@group-0323BB0C2CB1: closes. applyIndex: -1
2019-09-26 21:19:11,904 [1178c3ae-d0b4-4d44-b144-fe8504cc41ac@group-FD9251D15172-SegmentedRaftLogWorker] INFO  impl.PendingRequests (PendingRequests.java:sendNotLeaderResponses(202)) - 1178c3ae-d0b4-4d44-b144-fe8504cc41ac-PendingRequests: sendNotLeaderResponses
2019-09-26 21:19:11,903 [da833d8d-e72a-4068-9560-4daa2d83adc2@group-511FA1580F8F-SegmentedRaftLogWorker] INFO  segmented.SegmentedRaftLogWorker (SegmentedRaftLogWorker.java:close(228)) - da833d8d-e72a-4068-9560-4daa2d83adc2@group-511FA1580F8F-SegmentedRaftLogWorker close()
2019-09-26 21:19:11,903 [9ce0b59e-153f-4f41-8aed-492a76d80b48@group-3B90256A708A-SegmentedRaftLogWorker] INFO  impl.PendingRequests (PendingRequests.java:sendNotLeaderResponses(202)) - 9ce0b59e-153f-4f41-8aed-492a76d80b48-PendingRequests: sendNotLeaderResponses
2019-09-26 21:19:11,903 [9ce0b59e-153f-4f41-8aed-492a76d80b48@group-9CC82A6B0D81-SegmentedRaftLogWorker] INFO  segmented.SegmentedRaftLogWorker (SegmentedRaftLogWorker.java:close(228)) - 9ce0b59e-153f-4f41-8aed-492a76d80b48@group-9CC82A6B0D81-SegmentedRaftLogWorker close()
2019-09-26 21:19:11,903 [09112efe-1fad-4539-a04f-c96aef6d2351@group-3320048E059F-SegmentedRaftLogWorker] INFO  impl.StateMachineUpdater (StateMachineUpdater.java:stopAndJoin(125)) - 09112efe-1fad-4539-a04f-c96aef6d2351@group-3320048E059F-StateMachineUpdater: set stopIndex = -1
2019-09-26 21:19:11,902 [09112efe-1fad-4539-a04f-c96aef6d2351@group-C1CCE81E3AA9-SegmentedRaftLogWorker] INFO  impl.StateMachineUpdater (StateMachineUpdater.java:stopAndJoin(125)) - 09112efe-1fad-4539-a04f-c96aef6d2351@group-C1CCE81E3AA9-StateMachineUpdater: set stopIndex = -1
2019-09-26 21:19:11,909 [09112efe-1fad-4539-a04f-c96aef6d2351@group-C1CCE81E3AA9-SegmentedRaftLogWorker] INFO  impl.RaftServerImpl (ServerState.java:close(385)) - 09112efe-1fad-4539-a04f-c96aef6d2351@group-C1CCE81E3AA9: closes. applyIndex: -1
2019-09-26 21:19:11,902 [1178c3ae-d0b4-4d44-b144-fe8504cc41ac@group-F8E1B0E88623-SegmentedRaftLogWorker] INFO  impl.StateMachineUpdater (StateMachineUpdater.java:stopAndJoin(125)) - 1178c3ae-d0b4-4d44-b144-fe8504cc41ac@group-F8E1B0E88623-StateMachineUpdater: set stopIndex = -1
2019-09-26 21:19:11,902 [9ce0b59e-153f-4f41-8aed-492a76d80b48@group-E873E827AB57-SegmentedRaftLogWorker] INFO  impl.RaftServerImpl (ServerState.java:close(385)) - 9ce0b59e-153f-4f41-8aed-492a76d80b48@group-E873E827AB57: closes. applyIndex: -1
2019-09-26 21:19:11,902 [9ce0b59e-153f-4f41-8aed-492a76d80b48@group-3CF811E9C283-SegmentedRaftLogWorker] INFO  segmented.SegmentedRaftLogWorker (SegmentedRaftLogWorker.java:close(228)) - 9ce0b59e-153f-4f41-8aed-492a76d80b48@group-3CF811E9C283-SegmentedRaftLogWorker close()
2019-09-26 21:19:11,902 [09112efe-1fad-4539-a04f-c96aef6d2351@group-D4B1EF4F61EA-SegmentedRaftLogWorker] INFO  segmented.SegmentedRaftLogWorker (SegmentedRaftLogWorker.java:close(228)) - 09112efe-1fad-4539-a04f-c96aef6d2351@group-D4B1EF4F61EA-SegmentedRaftLogWorker close()
2019-09-26 21:19:11,901 [1178c3ae-d0b4-4d44-b144-fe8504cc41ac@group-FDB5F72744EF-SegmentedRaftLogWorker] INFO  segmented.SegmentedRaftLogWorker (SegmentedRaftLogWorker.java:close(228)) - 1178c3ae-d0b4-4d44-b144-fe8504cc41ac@group-FDB5F72744EF-SegmentedRaftLogWorker close()
2019-09-26 21:19:11,901 [9ce0b59e-153f-4f41-8aed-492a76d80b48@group-D7AB65BEAEEF-SegmentedRaftLogWorker] INFO  segmented.SegmentedRaftLogWorker (SegmentedRaftLogWorker.java:close(228)) - 9ce0b59e-153f-4f41-8aed-492a76d80b48@group-D7AB65BEAEEF-SegmentedRaftLogWorker close()
2019-09-26 21:19:11,901 [9ce0b59e-153f-4f41-8aed-492a76d80b48@group-84D243744114-SegmentedRaftLogWorker] INFO  segmented.SegmentedRaftLogWorker (SegmentedRaftLogWorker.java:close(228)) - 9ce0b59e-153f-4f41-8aed-492a76d80b48@group-84D243744114-SegmentedRaftLogWorker close()
2019-09-26 21:19:11,901 [09112efe-1fad-4539-a04f-c96aef6d2351@group-C15524DE485D-SegmentedRaftLogWorker] INFO  impl.RaftServerImpl (ServerState.java:close(385)) - 09112efe-1fad-4539-a04f-c96aef6d2351@group-C15524DE485D: closes. applyIndex: -1
2019-09-26 21:19:11,901 [pool-37-thread-1] INFO  server.RaftServerConfigKeys (ConfUtils.java:logGet(43)) - raft.server.log.purge.gap = 1000000 (custom)
2019-09-26 21:19:11,910 [pool-37-thread-1] INFO  server.RaftServerConfigKeys (ConfUtils.java:logGet(43)) - raft.server.log.appender.buffer.byte-limit = 33554432 (custom)
2019-09-26 21:19:11,901 [pool-67-thread-1] INFO  server.RaftServerConfigKeys (ConfUtils.java:logGet(43)) - raft.server.log.purge.gap = 1000000 (custom)
2019-09-26 21:19:11,911 [pool-67-thread-1] INFO  server.RaftServerConfigKeys (ConfUtils.java:logGet(43)) - raft.server.log.appender.buffer.byte-limit = 33554432 (custom)
2019-09-26 21:19:11,900 [pool-27-thread-1] INFO  server.RaftServerConfigKeys (ConfUtils.java:logGet(43)) - raft.server.notification.no-leader.timeout = 120s (custom)
2019-09-26 21:19:11,911 [pool-67-thread-1] INFO  server.RaftServerConfigKeys (ConfUtils.java:logGet(43)) - raft.server.log.segment.size.max = 1048576 (custom)
2019-09-26 21:19:11,910 [pool-37-thread-1] INFO  server.RaftServerConfigKeys (ConfUtils.java:logGet(43)) - raft.server.log.segment.size.max = 1048576 (custom)
2019-09-26 21:19:11,910 [09112efe-1fad-4539-a04f-c96aef6d2351@group-C15524DE485D-SegmentedRaftLogWorker] INFO  segmented.SegmentedRaftLogWorker (SegmentedRaftLogWorker.java:close(228)) - 09112efe-1fad-4539-a04f-c96aef6d2351@group-C15524DE485D-SegmentedRaftLogWorker close()
2019-09-26 21:19:11,909 [9ce0b59e-153f-4f41-8aed-492a76d80b48@group-E873E827AB57-SegmentedRaftLogWorker] INFO  segmented.SegmentedRaftLogWorker (SegmentedRaftLogWorker.java:close(228)) - 9ce0b59e-153f-4f41-8aed-492a76d80b48@group-E873E827AB57-SegmentedRaftLogWorker close()
2019-09-26 21:19:11,909 [1178c3ae-d0b4-4d44-b144-fe8504cc41ac@group-F8E1B0E88623-SegmentedRaftLogWorker] INFO  impl.RaftServerImpl (ServerState.java:close(385)) - 1178c3ae-d0b4-4d44-b144-fe8504cc41ac@group-F8E1B0E88623: closes. applyIndex: -1
2019-09-26 21:19:11,909 [09112efe-1fad-4539-a04f-c96aef6d2351@group-C1CCE81E3AA9-SegmentedRaftLogWorker] INFO  segmented.SegmentedRaftLogWorker (SegmentedRaftLogWorker.java:close(228)) - 09112efe-1fad-4539-a04f-c96aef6d2351@group-C1CCE81E3AA9-SegmentedRaftLogWorker close()
2019-09-26 21:19:11,912 [1178c3ae-d0b4-4d44-b144-fe8504cc41ac@group-F8E1B0E88623-SegmentedRaftLogWorker] INFO  segmented.SegmentedRaftLogWorker (SegmentedRaftLogWorker.java:close(228)) - 1178c3ae-d0b4-4d44-b144-fe8504cc41ac@group-F8E1B0E88623-SegmentedRaftLogWorker close()
2019-09-26 21:19:11,909 [09112efe-1fad-4539-a04f-c96aef6d2351@group-3320048E059F-SegmentedRaftLogWorker] INFO  impl.RaftServerImpl (ServerState.java:close(385)) - 09112efe-1fad-4539-a04f-c96aef6d2351@group-3320048E059F: closes. applyIndex: -1
2019-09-26 21:19:11,909 [9ce0b59e-153f-4f41-8aed-492a76d80b48@group-3B90256A708A-SegmentedRaftLogWorker] INFO  impl.StateMachineUpdater (StateMachineUpdater.java:stopAndJoin(125)) - 9ce0b59e-153f-4f41-8aed-492a76d80b48@group-3B90256A708A-StateMachineUpdater: set stopIndex = -1
2019-09-26 21:19:11,912 [9ce0b59e-153f-4f41-8aed-492a76d80b48@group-3B90256A708A-SegmentedRaftLogWorker] INFO  impl.RaftServerImpl (ServerState.java:close(385)) - 9ce0b59e-153f-4f41-8aed-492a76d80b48@group-3B90256A708A: closes. applyIndex: -1
2019-09-26 21:19:11,908 [1178c3ae-d0b4-4d44-b144-fe8504cc41ac@group-FD9251D15172-SegmentedRaftLogWorker] INFO  impl.StateMachineUpdater (StateMachineUpdater.java:stopAndJoin(125)) - 1178c3ae-d0b4-4d44-b144-fe8504cc41ac@group-FD9251D15172-StateMachineUpdater: set stopIndex = -1
2019-09-26 21:19:11,912 [1178c3ae-d0b4-4d44-b144-fe8504cc41ac@group-FD9251D15172-SegmentedRaftLogWorker] INFO  impl.RaftServerImpl (ServerState.java:close(385)) - 1178c3ae-d0b4-4d44-b144-fe8504cc41ac@group-FD9251D15172: closes. applyIndex: -1
2019-09-26 21:19:11,908 [0c640f50-2bc9-49b6-b785-a27e3116e6ba@group-0323BB0C2CB1-SegmentedRaftLogWorker] INFO  segmented.SegmentedRaftLogWorker (SegmentedRaftLogWorker.java:close(228)) - 0c640f50-2bc9-49b6-b785-a27e3116e6ba@group-0323BB0C2CB1-SegmentedRaftLogWorker close()
2019-09-26 21:19:11,908 [da833d8d-e72a-4068-9560-4daa2d83adc2@group-9A832E30A4CB-SegmentedRaftLogWorker] INFO  impl.StateMachineUpdater (StateMachineUpdater.java:stopAndJoin(125)) - da833d8d-e72a-4068-9560-4daa2d83adc2@group-9A832E30A4CB-StateMachineUpdater: set stopIndex = -1
2019-09-26 21:19:11,908 [9ce0b59e-153f-4f41-8aed-492a76d80b48@group-9339CCE34269-SegmentedRaftLogWorker] INFO  segmented.SegmentedRaftLogWorker (SegmentedRaftLogWorker.java:close(228)) - 9ce0b59e-153f-4f41-8aed-492a76d80b48@group-9339CCE34269-SegmentedRaftLogWorker close()
2019-09-26 21:19:11,907 [9ce0b59e-153f-4f41-8aed-492a76d80b48@group-D00789A57A5B-SegmentedRaftLogWorker] INFO  segmented.SegmentedRaftLogWorker (SegmentedRaftLogWorker.java:close(228)) - 9ce0b59e-153f-4f41-8aed-492a76d80b48@group-D00789A57A5B-SegmentedRaftLogWorker close()
2019-09-26 21:19:11,907 [9ce0b59e-153f-4f41-8aed-492a76d80b48@group-543D5ED6ABE1-SegmentedRaftLogWorker] INFO  segmented.SegmentedRaftLogWorker (SegmentedRaftLogWorker.java:close(228)) - 9ce0b59e-153f-4f41-8aed-492a76d80b48@group-543D5ED6ABE1-SegmentedRaftLogWorker close()
2019-09-26 21:19:11,907 [9ce0b59e-153f-4f41-8aed-492a76d80b48@group-6F05E871BC73-SegmentedRaftLogWorker] INFO  segmented.SegmentedRaftLogWorker (SegmentedRaftLogWorker.java:close(228)) - 9ce0b59e-153f-4f41-8aed-492a76d80b48@group-6F05E871BC73-SegmentedRaftLogWorker close()
2019-09-26 21:19:11,907 [9ce0b59e-153f-4f41-8aed-492a76d80b48@group-486ABFFF1652-SegmentedRaftLogWorker] INFO  impl.RaftServerImpl (ServerState.java:close(385)) - 9ce0b59e-153f-4f41-8aed-492a76d80b48@group-486ABFFF1652: closes. applyIndex: -1
2019-09-26 21:19:11,906 [da833d8d-e72a-4068-9560-4daa2d83adc2@group-ED372BCAD154-SegmentedRaftLogWorker] INFO  impl.RaftServerImpl (ServerState.java:close(385)) - da833d8d-e72a-4068-9560-4daa2d83adc2@group-ED372BCAD154: closes. applyIndex: -1
2019-09-26 21:19:11,906 [9ce0b59e-153f-4f41-8aed-492a76d80b48@group-F4F4B9E0C0D9-SegmentedRaftLogWorker] INFO  impl.StateMachineUpdater (StateMachineUpdater.java:stopAndJoin(125)) - 9ce0b59e-153f-4f41-8aed-492a76d80b48@group-F4F4B9E0C0D9-StateMachineUpdater: set stopIndex = -1
2019-09-26 21:19:11,906 [1178c3ae-d0b4-4d44-b144-fe8504cc41ac@group-5EAC8502C8A3-SegmentedRaftLogWorker] INFO  segmented.SegmentedRaftLogWorker (SegmentedRaftLogWorker.java:close(228)) - 1178c3ae-d0b4-4d44-b144-fe8504cc41ac@group-5EAC8502C8A3-SegmentedRaftLogWorker close()
2019-09-26 21:19:11,906 [9ce0b59e-153f-4f41-8aed-492a76d80b48@group-502FD49C5050-SegmentedRaftLogWorker] INFO  segmented.SegmentedRaftLogWorker (SegmentedRaftLogWorker.java:close(228)) - 9ce0b59e-153f-4f41-8aed-492a76d80b48@group-502FD49C5050-SegmentedRaftLogWorker close()
2019-09-26 21:19:11,906 [pool-57-thread-1] INFO  impl.RaftServerImpl (ServerState.java:<init>(103)) - 0c640f50-2bc9-49b6-b785-a27e3116e6ba@group-255437930481: ConfigurationManager, init=-1: [0c640f50-2bc9-49b6-b785-a27e3116e6ba:192.168.151.99:42361, 9ce0b59e-153f-4f41-8aed-492a76d80b48:192.168.151.99:34156, da833d8d-e72a-4068-9560-4daa2d83adc2:192.168.151.99:38903], old=null, confs=<EMPTY_MAP>
2019-09-26 21:19:11,905 [1178c3ae-d0b4-4d44-b144-fe8504cc41ac@group-04E8659F51F7-SegmentedRaftLogWorker] INFO  impl.StateMachineUpdater (StateMachineUpdater.java:stopAndJoin(125)) - 1178c3ae-d0b4-4d44-b144-fe8504cc41ac@group-04E8659F51F7-StateMachineUpdater: set stopIndex = -1
2019-09-26 21:19:11,915 [pool-57-thread-1] INFO  server.RaftServerConfigKeys (ConfUtils.java:logGet(43)) - raft.server.storage.dir = [/workdir/hadoop-ozone/ozonefs/target/test-dir/MiniOzoneClusterImpl-5b64906c-d720-4906-b30c-b6d56a2122fd/datanode-3/data/ratis] (custom)
2019-09-26 21:19:11,914 [9ce0b59e-153f-4f41-8aed-492a76d80b48@group-F4F4B9E0C0D9-SegmentedRaftLogWorker] INFO  impl.RaftServerImpl (ServerState.java:close(385)) - 9ce0b59e-153f-4f41-8aed-492a76d80b48@group-F4F4B9E0C0D9: closes. applyIndex: -1
2019-09-26 21:19:11,914 [da833d8d-e72a-4068-9560-4daa2d83adc2@group-ED372BCAD154-SegmentedRaftLogWorker] INFO  segmented.SegmentedRaftLogWorker (SegmentedRaftLogWorker.java:close(228)) - da833d8d-e72a-4068-9560-4daa2d83adc2@group-ED372BCAD154-SegmentedRaftLogWorker close()
2019-09-26 21:19:11,914 [9ce0b59e-153f-4f41-8aed-492a76d80b48@group-486ABFFF1652-SegmentedRaftLogWorker] INFO  segmented.SegmentedRaftLogWorker (SegmentedRaftLogWorker.java:close(228)) - 9ce0b59e-153f-4f41-8aed-492a76d80b48@group-486ABFFF1652-SegmentedRaftLogWorker close()
2019-09-26 21:19:11,913 [da833d8d-e72a-4068-9560-4daa2d83adc2@group-9A832E30A4CB-SegmentedRaftLogWorker] INFO  impl.RaftServerImpl (ServerState.java:close(385)) - da833d8d-e72a-4068-9560-4daa2d83adc2@group-9A832E30A4CB: closes. applyIndex: -1
2019-09-26 21:19:11,913 [1178c3ae-d0b4-4d44-b144-fe8504cc41ac@group-FD9251D15172-SegmentedRaftLogWorker] INFO  segmented.SegmentedRaftLogWorker (SegmentedRaftLogWorker.java:close(228)) - 1178c3ae-d0b4-4d44-b144-fe8504cc41ac@group-FD9251D15172-SegmentedRaftLogWorker close()
2019-09-26 21:19:11,912 [9ce0b59e-153f-4f41-8aed-492a76d80b48@group-3B90256A708A-SegmentedRaftLogWorker] INFO  segmented.SegmentedRaftLogWorker (SegmentedRaftLogWorker.java:close(228)) - 9ce0b59e-153f-4f41-8aed-492a76d80b48@group-3B90256A708A-SegmentedRaftLogWorker close()
2019-09-26 21:19:11,912 [09112efe-1fad-4539-a04f-c96aef6d2351@group-3320048E059F-SegmentedRaftLogWorker] INFO  segmented.SegmentedRaftLogWorker (SegmentedRaftLogWorker.java:close(228)) - 09112efe-1fad-4539-a04f-c96aef6d2351@group-3320048E059F-SegmentedRaftLogWorker close()
2019-09-26 21:19:11,911 [pool-37-thread-1] INFO  server.RaftServerConfigKeys (ConfUtils.java:logGet(43)) - raft.server.log.segment.cache.num.max = 2 (custom)
2019-09-26 21:19:11,911 [pool-67-thread-1] INFO  server.RaftServerConfigKeys (ConfUtils.java:logGet(43)) - raft.server.log.segment.cache.num.max = 2 (custom)
2019-09-26 21:19:11,911 [pool-27-thread-1] INFO  server.RaftServerConfigKeys (ConfUtils.java:logGet(43)) - raft.server.log.use.memory = false (default)
2019-09-26 21:19:11,916 [pool-67-thread-1] INFO  segmented.SegmentedRaftLogWorker (SegmentedRaftLogWorker.java:<init>(172)) - new da833d8d-e72a-4068-9560-4daa2d83adc2@group-255437930481-SegmentedRaftLogWorker for RaftStorage:Storage Directory /workdir/hadoop-ozone/ozonefs/target/test-dir/MiniOzoneClusterImpl-5b64906c-d720-4906-b30c-b6d56a2122fd/datanode-4/data/ratis/5736ccad-9ae3-4e5b-932c-255437930481
2019-09-26 21:19:11,916 [pool-37-thread-1] INFO  segmented.SegmentedRaftLogWorker (SegmentedRaftLogWorker.java:<init>(172)) - new 1178c3ae-d0b4-4d44-b144-fe8504cc41ac@group-4036A4827E18-SegmentedRaftLogWorker for RaftStorage:Storage Directory /workdir/hadoop-ozone/ozonefs/target/test-dir/MiniOzoneClusterImpl-5b64906c-d720-4906-b30c-b6d56a2122fd/datanode-1/data/ratis/ea001f86-0010-4b3c-917f-4036a4827e18
2019-09-26 21:19:11,917 [pool-37-thread-1] INFO  server.RaftServerConfigKeys (ConfUtils.java:logGet(43)) - raft.server.log.queue.byte-limit = 2147483647 (custom)
2019-09-26 21:19:11,916 [da833d8d-e72a-4068-9560-4daa2d83adc2@group-9A832E30A4CB-SegmentedRaftLogWorker] INFO  segmented.SegmentedRaftLogWorker (SegmentedRaftLogWorker.java:close(228)) - da833d8d-e72a-4068-9560-4daa2d83adc2@group-9A832E30A4CB-SegmentedRaftLogWorker close()
2019-09-26 21:19:11,915 [pool-57-thread-1] INFO  storage.RaftStorageDirectory (RaftStorageDirectory.java:analyzeStorage(246)) - The storage directory /workdir/hadoop-ozone/ozonefs/target/test-dir/MiniOzoneClusterImpl-5b64906c-d720-4906-b30c-b6d56a2122fd/datanode-3/data/ratis/5736ccad-9ae3-4e5b-932c-255437930481 does not exist. Creating ...
2019-09-26 21:19:11,915 [9ce0b59e-153f-4f41-8aed-492a76d80b48@group-F4F4B9E0C0D9-SegmentedRaftLogWorker] INFO  segmented.SegmentedRaftLogWorker (SegmentedRaftLogWorker.java:close(228)) - 9ce0b59e-153f-4f41-8aed-492a76d80b48@group-F4F4B9E0C0D9-SegmentedRaftLogWorker close()
2019-09-26 21:19:11,915 [1178c3ae-d0b4-4d44-b144-fe8504cc41ac@group-04E8659F51F7-SegmentedRaftLogWorker] INFO  impl.RaftServerImpl (ServerState.java:close(385)) - 1178c3ae-d0b4-4d44-b144-fe8504cc41ac@group-04E8659F51F7: closes. applyIndex: -1
2019-09-26 21:19:11,917 [pool-37-thread-1] INFO  server.RaftServerConfigKeys (ConfUtils.java:logGet(43)) - raft.server.log.queue.element-limit = 1024 (custom)
2019-09-26 21:19:11,917 [pool-67-thread-1] INFO  server.RaftServerConfigKeys (ConfUtils.java:logGet(43)) - raft.server.log.queue.byte-limit = 2147483647 (custom)
2019-09-26 21:19:11,916 [pool-27-thread-1] INFO  server.RaftServerConfigKeys (ConfUtils.java:logGet(43)) - raft.server.log.purge.gap = 1000000 (custom)
2019-09-26 21:19:11,918 [pool-67-thread-1] INFO  server.RaftServerConfigKeys (ConfUtils.java:logGet(43)) - raft.server.log.queue.element-limit = 1024 (custom)
2019-09-26 21:19:11,917 [pool-37-thread-1] INFO  server.RaftServerConfigKeys (ConfUtils.java:logGet(43)) - raft.server.log.segment.size.max = 1048576 (custom)
2019-09-26 21:19:11,918 [pool-37-thread-1] INFO  server.RaftServerConfigKeys (ConfUtils.java:logGet(43)) - raft.server.log.preallocated.size = 16384 (custom)
2019-09-26 21:19:11,917 [1178c3ae-d0b4-4d44-b144-fe8504cc41ac@group-04E8659F51F7-SegmentedRaftLogWorker] INFO  segmented.SegmentedRaftLogWorker (SegmentedRaftLogWorker.java:close(228)) - 1178c3ae-d0b4-4d44-b144-fe8504cc41ac@group-04E8659F51F7-SegmentedRaftLogWorker close()
2019-09-26 21:19:11,918 [pool-37-thread-1] INFO  server.RaftServerConfigKeys (ConfUtils.java:logGet(43)) - raft.server.log.write.buffer.size = 33554432 (custom)
2019-09-26 21:19:11,918 [pool-67-thread-1] INFO  server.RaftServerConfigKeys (ConfUtils.java:logGet(43)) - raft.server.log.segment.size.max = 1048576 (custom)
2019-09-26 21:19:11,918 [pool-27-thread-1] INFO  server.RaftServerConfigKeys (ConfUtils.java:logGet(43)) - raft.server.log.appender.buffer.byte-limit = 33554432 (custom)
2019-09-26 21:19:11,919 [pool-67-thread-1] INFO  server.RaftServerConfigKeys (ConfUtils.java:logGet(43)) - raft.server.log.preallocated.size = 16384 (custom)
2019-09-26 21:19:11,918 [pool-37-thread-1] INFO  server.RaftServerConfigKeys (ConfUtils.java:logGet(43)) - raft.server.log.force.sync.num = 128 (default)
2019-09-26 21:19:11,919 [pool-67-thread-1] INFO  server.RaftServerConfigKeys (ConfUtils.java:logGet(43)) - raft.server.log.write.buffer.size = 33554432 (custom)
2019-09-26 21:19:11,919 [pool-27-thread-1] INFO  server.RaftServerConfigKeys (ConfUtils.java:logGet(43)) - raft.server.log.segment.size.max = 1048576 (custom)
2019-09-26 21:19:11,919 [pool-67-thread-1] INFO  server.RaftServerConfigKeys (ConfUtils.java:logGet(43)) - raft.server.log.force.sync.num = 128 (default)
2019-09-26 21:19:11,919 [pool-67-thread-1] INFO  server.RaftServerConfigKeys (ConfUtils.java:logGet(43)) - raft.server.log.statemachine.data.sync = true (default)
2019-09-26 21:19:11,919 [pool-37-thread-1] INFO  server.RaftServerConfigKeys (ConfUtils.java:logGet(43)) - raft.server.log.statemachine.data.sync = true (default)
2019-09-26 21:19:11,920 [pool-67-thread-1] INFO  server.RaftServerConfigKeys (ConfUtils.java:logGet(43)) - raft.server.log.statemachine.data.sync.timeout = 10s (default)
2019-09-26 21:19:11,919 [pool-27-thread-1] INFO  server.RaftServerConfigKeys (ConfUtils.java:logGet(43)) - raft.server.log.segment.cache.num.max = 2 (custom)
2019-09-26 21:19:11,920 [pool-67-thread-1] INFO  server.RaftServerConfigKeys (ConfUtils.java:logGet(43)) - raft.server.log.statemachine.data.sync.timeout.retry = -1 (default)
2019-09-26 21:19:11,920 [pool-37-thread-1] INFO  server.RaftServerConfigKeys (ConfUtils.java:logGet(43)) - raft.server.log.statemachine.data.sync.timeout = 10s (default)
2019-09-26 21:19:11,920 [pool-67-thread-1] INFO  server.RaftServerConfigKeys (ConfUtils.java:logGet(43)) - raft.server.log.statemachine.data.caching.enabled = true (custom)
2019-09-26 21:19:11,920 [pool-27-thread-1] INFO  segmented.SegmentedRaftLogWorker (SegmentedRaftLogWorker.java:<init>(172)) - new 9ce0b59e-153f-4f41-8aed-492a76d80b48@group-255437930481-SegmentedRaftLogWorker for RaftStorage:Storage Directory /workdir/hadoop-ozone/ozonefs/target/test-dir/MiniOzoneClusterImpl-5b64906c-d720-4906-b30c-b6d56a2122fd/datanode-0/data/ratis/5736ccad-9ae3-4e5b-932c-255437930481
2019-09-26 21:19:11,920 [pool-37-thread-1] INFO  server.RaftServerConfigKeys (ConfUtils.java:logGet(43)) - raft.server.log.statemachine.data.sync.timeout.retry = -1 (default)
2019-09-26 21:19:11,921 [pool-67-thread-1] INFO  segmented.SegmentedRaftLogWorker (SegmentedRaftLogWorker.java:lambda$new$0(132)) - da833d8d-e72a-4068-9560-4daa2d83adc2@group-255437930481-SegmentedRaftLogWorker: flushIndex: setUnconditionally 0 -> -1
2019-09-26 21:19:11,920 [pool-27-thread-1] INFO  server.RaftServerConfigKeys (ConfUtils.java:logGet(43)) - raft.server.log.queue.byte-limit = 2147483647 (custom)
2019-09-26 21:19:11,921 [pool-37-thread-1] INFO  server.RaftServerConfigKeys (ConfUtils.java:logGet(43)) - raft.server.log.statemachine.data.caching.enabled = true (custom)
2019-09-26 21:19:11,921 [pool-67-thread-1] INFO  server.RaftServerConfigKeys (ConfUtils.java:logGet(43)) - raft.server.snapshot.auto.trigger.enabled = true (custom)
2019-09-26 21:19:11,921 [pool-27-thread-1] INFO  server.RaftServerConfigKeys (ConfUtils.java:logGet(43)) - raft.server.log.queue.element-limit = 1024 (custom)
2019-09-26 21:19:11,921 [pool-67-thread-1] INFO  server.RaftServerConfigKeys (ConfUtils.java:logGet(43)) - raft.server.snapshot.auto.trigger.threshold = 10000 (custom)
2019-09-26 21:19:11,921 [pool-37-thread-1] INFO  segmented.SegmentedRaftLogWorker (SegmentedRaftLogWorker.java:lambda$new$0(132)) - 1178c3ae-d0b4-4d44-b144-fe8504cc41ac@group-4036A4827E18-SegmentedRaftLogWorker: flushIndex: setUnconditionally 0 -> -1
2019-09-26 21:19:11,921 [pool-67-thread-1] INFO  server.RaftServerConfigKeys (ConfUtils.java:logGet(43)) - raft.server.snapshot.retention.num.files = 5 (custom)
2019-09-26 21:19:11,922 [pool-37-thread-1] INFO  server.RaftServerConfigKeys (ConfUtils.java:logGet(43)) - raft.server.snapshot.auto.trigger.enabled = true (custom)
2019-09-26 21:19:11,921 [pool-27-thread-1] INFO  server.RaftServerConfigKeys (ConfUtils.java:logGet(43)) - raft.server.log.segment.size.max = 1048576 (custom)
2019-09-26 21:19:11,922 [pool-37-thread-1] INFO  server.RaftServerConfigKeys (ConfUtils.java:logGet(43)) - raft.server.snapshot.auto.trigger.threshold = 10000 (custom)
2019-09-26 21:19:11,922 [pool-67-thread-1] INFO  server.RaftServerConfigKeys (ConfUtils.java:logGet(43)) - raft.server.retrycache.expirytime = 600000ms (custom)
2019-09-26 21:19:11,922 [pool-37-thread-1] INFO  server.RaftServerConfigKeys (ConfUtils.java:logGet(43)) - raft.server.snapshot.retention.num.files = 5 (custom)
2019-09-26 21:19:11,922 [pool-27-thread-1] INFO  server.RaftServerConfigKeys (ConfUtils.java:logGet(43)) - raft.server.log.preallocated.size = 16384 (custom)
2019-09-26 21:19:11,922 [pool-37-thread-1] INFO  server.RaftServerConfigKeys (ConfUtils.java:logGet(43)) - raft.server.retrycache.expirytime = 600000ms (custom)
2019-09-26 21:19:11,922 [pool-27-thread-1] INFO  server.RaftServerConfigKeys (ConfUtils.java:logGet(43)) - raft.server.log.write.buffer.size = 33554432 (custom)
2019-09-26 21:19:11,923 [pool-27-thread-1] INFO  server.RaftServerConfigKeys (ConfUtils.java:logGet(43)) - raft.server.log.force.sync.num = 128 (default)
2019-09-26 21:19:11,923 [pool-27-thread-1] INFO  server.RaftServerConfigKeys (ConfUtils.java:logGet(43)) - raft.server.log.statemachine.data.sync = true (default)
2019-09-26 21:19:11,923 [pool-27-thread-1] INFO  server.RaftServerConfigKeys (ConfUtils.java:logGet(43)) - raft.server.log.statemachine.data.sync.timeout = 10s (default)
2019-09-26 21:19:11,923 [pool-27-thread-1] INFO  server.RaftServerConfigKeys (ConfUtils.java:logGet(43)) - raft.server.log.statemachine.data.sync.timeout.retry = -1 (default)
2019-09-26 21:19:11,923 [pool-27-thread-1] INFO  server.RaftServerConfigKeys (ConfUtils.java:logGet(43)) - raft.server.log.statemachine.data.caching.enabled = true (custom)
2019-09-26 21:19:11,923 [pool-27-thread-1] INFO  segmented.SegmentedRaftLogWorker (SegmentedRaftLogWorker.java:lambda$new$0(132)) - 9ce0b59e-153f-4f41-8aed-492a76d80b48@group-255437930481-SegmentedRaftLogWorker: flushIndex: setUnconditionally 0 -> -1
2019-09-26 21:19:11,924 [pool-27-thread-1] INFO  server.RaftServerConfigKeys (ConfUtils.java:logGet(43)) - raft.server.snapshot.auto.trigger.enabled = true (custom)
2019-09-26 21:19:11,924 [pool-27-thread-1] INFO  server.RaftServerConfigKeys (ConfUtils.java:logGet(43)) - raft.server.snapshot.auto.trigger.threshold = 10000 (custom)
2019-09-26 21:19:11,924 [pool-27-thread-1] INFO  server.RaftServerConfigKeys (ConfUtils.java:logGet(43)) - raft.server.snapshot.retention.num.files = 5 (custom)
2019-09-26 21:19:11,924 [pool-27-thread-1] INFO  server.RaftServerConfigKeys (ConfUtils.java:logGet(43)) - raft.server.retrycache.expirytime = 600000ms (custom)
2019-09-26 21:19:11,925 [pool-67-thread-1] INFO  impl.RaftServerImpl (RaftServerImpl.java:start(185)) - da833d8d-e72a-4068-9560-4daa2d83adc2@group-6AC811BBC42F: start as a follower, conf=-1: [da833d8d-e72a-4068-9560-4daa2d83adc2:192.168.151.99:38903], old=null
2019-09-26 21:19:11,925 [pool-37-thread-1] INFO  impl.RaftServerImpl (RaftServerImpl.java:start(185)) - 1178c3ae-d0b4-4d44-b144-fe8504cc41ac@group-4036A4827E18: start as a follower, conf=-1: [1178c3ae-d0b4-4d44-b144-fe8504cc41ac:192.168.151.99:33787], old=null
2019-09-26 21:19:11,925 [pool-67-thread-1] INFO  impl.RaftServerImpl (RaftServerImpl.java:setRole(174)) - da833d8d-e72a-4068-9560-4daa2d83adc2@group-6AC811BBC42F: changes role from      null to FOLLOWER at term 0 for startAsFollower
2019-09-26 21:19:11,925 [pool-37-thread-1] INFO  impl.RaftServerImpl (RaftServerImpl.java:setRole(174)) - 1178c3ae-d0b4-4d44-b144-fe8504cc41ac@group-4036A4827E18: changes role from      null to FOLLOWER at term 0 for startAsFollower
2019-09-26 21:19:11,925 [pool-67-thread-1] INFO  impl.RoleInfo (RoleInfo.java:updateAndGet(143)) - da833d8d-e72a-4068-9560-4daa2d83adc2: start FollowerState
2019-09-26 21:19:11,926 [pool-37-thread-1] INFO  impl.RoleInfo (RoleInfo.java:updateAndGet(143)) - 1178c3ae-d0b4-4d44-b144-fe8504cc41ac: start FollowerState
2019-09-26 21:19:11,926 [pool-27-thread-1] INFO  impl.RaftServerImpl (RaftServerImpl.java:start(185)) - 9ce0b59e-153f-4f41-8aed-492a76d80b48@group-90252941981A: start as a follower, conf=-1: [0c640f50-2bc9-49b6-b785-a27e3116e6ba:192.168.151.99:42361, 9ce0b59e-153f-4f41-8aed-492a76d80b48:192.168.151.99:34156, 09112efe-1fad-4539-a04f-c96aef6d2351:192.168.151.99:45286], old=null
2019-09-26 21:19:11,926 [pool-67-thread-1] INFO  util.JmxRegister (JmxRegister.java:tryRegister(44)) - Successfully registered JMX Bean with object name Ratis:service=RaftServer,group=group-6AC811BBC42F,id=da833d8d-e72a-4068-9560-4daa2d83adc2
2019-09-26 21:19:11,926 [pool-27-thread-1] INFO  impl.RaftServerImpl (RaftServerImpl.java:setRole(174)) - 9ce0b59e-153f-4f41-8aed-492a76d80b48@group-90252941981A: changes role from      null to FOLLOWER at term 0 for startAsFollower
2019-09-26 21:19:11,926 [pool-37-thread-1] INFO  util.JmxRegister (JmxRegister.java:tryRegister(44)) - Successfully registered JMX Bean with object name Ratis:service=RaftServer,group=group-4036A4827E18,id=1178c3ae-d0b4-4d44-b144-fe8504cc41ac
2019-09-26 21:19:11,926 [pool-27-thread-1] INFO  impl.RoleInfo (RoleInfo.java:updateAndGet(143)) - 9ce0b59e-153f-4f41-8aed-492a76d80b48: start FollowerState
2019-09-26 21:19:11,927 [pool-67-thread-1] INFO  impl.RaftServerImpl (RaftServerImpl.java:start(185)) - da833d8d-e72a-4068-9560-4daa2d83adc2@group-255437930481: start as a follower, conf=-1: [0c640f50-2bc9-49b6-b785-a27e3116e6ba:192.168.151.99:42361, 9ce0b59e-153f-4f41-8aed-492a76d80b48:192.168.151.99:34156, da833d8d-e72a-4068-9560-4daa2d83adc2:192.168.151.99:38903], old=null
2019-09-26 21:19:11,927 [pool-67-thread-1] INFO  impl.RaftServerImpl (RaftServerImpl.java:setRole(174)) - da833d8d-e72a-4068-9560-4daa2d83adc2@group-255437930481: changes role from      null to FOLLOWER at term 0 for startAsFollower
2019-09-26 21:19:11,927 [pool-27-thread-1] INFO  util.JmxRegister (JmxRegister.java:tryRegister(44)) - Successfully registered JMX Bean with object name Ratis:service=RaftServer,group=group-90252941981A,id=9ce0b59e-153f-4f41-8aed-492a76d80b48
2019-09-26 21:19:11,927 [pool-67-thread-1] INFO  impl.RoleInfo (RoleInfo.java:updateAndGet(143)) - da833d8d-e72a-4068-9560-4daa2d83adc2: start FollowerState
2019-09-26 21:19:11,927 [pool-67-thread-1] INFO  util.JmxRegister (JmxRegister.java:tryRegister(44)) - Successfully registered JMX Bean with object name Ratis:service=RaftServer,group=group-255437930481,id=da833d8d-e72a-4068-9560-4daa2d83adc2
2019-09-26 21:19:11,927 [pool-27-thread-1] INFO  impl.RaftServerImpl (RaftServerImpl.java:start(185)) - 9ce0b59e-153f-4f41-8aed-492a76d80b48@group-255437930481: start as a follower, conf=-1: [0c640f50-2bc9-49b6-b785-a27e3116e6ba:192.168.151.99:42361, 9ce0b59e-153f-4f41-8aed-492a76d80b48:192.168.151.99:34156, da833d8d-e72a-4068-9560-4daa2d83adc2:192.168.151.99:38903], old=null
2019-09-26 21:19:11,928 [pool-27-thread-1] INFO  impl.RaftServerImpl (RaftServerImpl.java:setRole(174)) - 9ce0b59e-153f-4f41-8aed-492a76d80b48@group-255437930481: changes role from      null to FOLLOWER at term 0 for startAsFollower
2019-09-26 21:19:11,928 [pool-27-thread-1] INFO  impl.RoleInfo (RoleInfo.java:updateAndGet(143)) - 9ce0b59e-153f-4f41-8aed-492a76d80b48: start FollowerState
2019-09-26 21:19:11,928 [pool-27-thread-1] INFO  util.JmxRegister (JmxRegister.java:tryRegister(44)) - Successfully registered JMX Bean with object name Ratis:service=RaftServer,group=group-255437930481,id=9ce0b59e-153f-4f41-8aed-492a76d80b48
2019-09-26 21:19:11,930 [RatisPipelineUtilsThread] INFO  pipeline.PipelineStateManager (PipelineStateManager.java:addPipeline(56)) - Created pipeline Pipeline[ Id: ea001f86-0010-4b3c-917f-4036a4827e18, Nodes: 1178c3ae-d0b4-4d44-b144-fe8504cc41ac{ip: 192.168.151.99, host: pr-hdds-1569-g6sp5-2013761785, networkLocation: /default-rack, certSerialId: null}, Type:RATIS, Factor:ONE, State:OPEN]
2019-09-26 21:19:11,930 [pool-57-thread-1] INFO  storage.RaftStorageDirectory (RaftStorageDirectory.java:tryLock(328)) - Lock on /workdir/hadoop-ozone/ozonefs/target/test-dir/MiniOzoneClusterImpl-5b64906c-d720-4906-b30c-b6d56a2122fd/datanode-3/data/ratis/5736ccad-9ae3-4e5b-932c-255437930481/in_use.lock acquired by nodename 10701@pr-hdds-1569-g6sp5-2013761785
2019-09-26 21:19:11,935 [grpc-default-executor-2] INFO  impl.RaftServerProxy (RaftServerProxy.java:addNew(89)) - 1178c3ae-d0b4-4d44-b144-fe8504cc41ac: addNew group-52417DAB7C97:[1178c3ae-d0b4-4d44-b144-fe8504cc41ac:192.168.151.99:33787] returns group-52417DAB7C97:java.util.concurrent.CompletableFuture@349bd26d[Not completed]
2019-09-26 21:19:11,936 [pool-37-thread-1] INFO  impl.RaftServerImpl (RaftServerImpl.java:<init>(95)) - 1178c3ae-d0b4-4d44-b144-fe8504cc41ac: new RaftServerImpl for group-52417DAB7C97:[1178c3ae-d0b4-4d44-b144-fe8504cc41ac:192.168.151.99:33787] with ContainerStateMachine:uninitialized
2019-09-26 21:19:11,936 [pool-37-thread-1] INFO  server.RaftServerConfigKeys (ConfUtils.java:logGet(43)) - raft.server.rpc.timeout.min = 5s (custom)
2019-09-26 21:19:11,936 [pool-37-thread-1] INFO  server.RaftServerConfigKeys (ConfUtils.java:logGet(43)) - raft.server.rpc.timeout.max = 5200ms (custom)
2019-09-26 21:19:11,936 [pool-37-thread-1] INFO  server.RaftServerConfigKeys (ConfUtils.java:logGet(43)) - raft.server.rpcslowness.timeout = 120s (custom)
2019-09-26 21:19:11,936 [pool-37-thread-1] INFO  server.RaftServerConfigKeys (ConfUtils.java:logGet(43)) - raft.server.sleep.deviation.threshold = 300 (default)
2019-09-26 21:19:11,936 [pool-37-thread-1] INFO  server.RaftServerConfigKeys (ConfUtils.java:logGet(43)) - raft.server.log.appender.install.snapshot.enabled = false (custom)
2019-09-26 21:19:11,937 [pool-37-thread-1] INFO  impl.RaftServerImpl (ServerState.java:<init>(103)) - 1178c3ae-d0b4-4d44-b144-fe8504cc41ac@group-52417DAB7C97: ConfigurationManager, init=-1: [1178c3ae-d0b4-4d44-b144-fe8504cc41ac:192.168.151.99:33787], old=null, confs=<EMPTY_MAP>
2019-09-26 21:19:11,937 [pool-37-thread-1] INFO  server.RaftServerConfigKeys (ConfUtils.java:logGet(43)) - raft.server.storage.dir = [/workdir/hadoop-ozone/ozonefs/target/test-dir/MiniOzoneClusterImpl-5b64906c-d720-4906-b30c-b6d56a2122fd/datanode-1/data/ratis] (custom)
2019-09-26 21:19:11,937 [pool-37-thread-1] INFO  storage.RaftStorageDirectory (RaftStorageDirectory.java:analyzeStorage(246)) - The storage directory /workdir/hadoop-ozone/ozonefs/target/test-dir/MiniOzoneClusterImpl-5b64906c-d720-4906-b30c-b6d56a2122fd/datanode-1/data/ratis/abe80345-a660-4a71-aced-52417dab7c97 does not exist. Creating ...
2019-09-26 21:19:11,944 [pool-37-thread-1] INFO  storage.RaftStorageDirectory (RaftStorageDirectory.java:tryLock(328)) - Lock on /workdir/hadoop-ozone/ozonefs/target/test-dir/MiniOzoneClusterImpl-5b64906c-d720-4906-b30c-b6d56a2122fd/datanode-1/data/ratis/abe80345-a660-4a71-aced-52417dab7c97/in_use.lock acquired by nodename 10701@pr-hdds-1569-g6sp5-2013761785
2019-09-26 21:19:11,944 [pool-57-thread-1] INFO  storage.RaftStorage (RaftStorage.java:format(72)) - Storage directory /workdir/hadoop-ozone/ozonefs/target/test-dir/MiniOzoneClusterImpl-5b64906c-d720-4906-b30c-b6d56a2122fd/datanode-3/data/ratis/5736ccad-9ae3-4e5b-932c-255437930481 has been successfully formatted.
2019-09-26 21:19:11,944 [pool-57-thread-1] INFO  ratis.ContainerStateMachine (ContainerStateMachine.java:loadSnapshot(230)) - group-255437930481: The snapshot info is null. Setting the last applied indexto:(t:0, i:~)
2019-09-26 21:19:11,944 [pool-57-thread-1] INFO  server.RaftServerConfigKeys (ConfUtils.java:logGet(43)) - raft.server.notification.no-leader.timeout = 120s (custom)
2019-09-26 21:19:11,945 [pool-57-thread-1] INFO  server.RaftServerConfigKeys (ConfUtils.java:logGet(43)) - raft.server.log.use.memory = false (default)
2019-09-26 21:19:11,945 [pool-57-thread-1] INFO  server.RaftServerConfigKeys (ConfUtils.java:logGet(43)) - raft.server.log.purge.gap = 1000000 (custom)
2019-09-26 21:19:11,945 [pool-57-thread-1] INFO  server.RaftServerConfigKeys (ConfUtils.java:logGet(43)) - raft.server.log.appender.buffer.byte-limit = 33554432 (custom)
2019-09-26 21:19:11,945 [pool-57-thread-1] INFO  server.RaftServerConfigKeys (ConfUtils.java:logGet(43)) - raft.server.log.segment.size.max = 1048576 (custom)
2019-09-26 21:19:11,945 [pool-57-thread-1] INFO  server.RaftServerConfigKeys (ConfUtils.java:logGet(43)) - raft.server.log.segment.cache.num.max = 2 (custom)
2019-09-26 21:19:11,945 [pool-57-thread-1] INFO  segmented.SegmentedRaftLogWorker (SegmentedRaftLogWorker.java:<init>(172)) - new 0c640f50-2bc9-49b6-b785-a27e3116e6ba@group-255437930481-SegmentedRaftLogWorker for RaftStorage:Storage Directory /workdir/hadoop-ozone/ozonefs/target/test-dir/MiniOzoneClusterImpl-5b64906c-d720-4906-b30c-b6d56a2122fd/datanode-3/data/ratis/5736ccad-9ae3-4e5b-932c-255437930481
2019-09-26 21:19:11,945 [pool-57-thread-1] INFO  server.RaftServerConfigKeys (ConfUtils.java:logGet(43)) - raft.server.log.queue.byte-limit = 2147483647 (custom)
2019-09-26 21:19:11,946 [pool-57-thread-1] INFO  server.RaftServerConfigKeys (ConfUtils.java:logGet(43)) - raft.server.log.queue.element-limit = 1024 (custom)
2019-09-26 21:19:11,946 [pool-57-thread-1] INFO  server.RaftServerConfigKeys (ConfUtils.java:logGet(43)) - raft.server.log.segment.size.max = 1048576 (custom)
2019-09-26 21:19:11,946 [pool-57-thread-1] INFO  server.RaftServerConfigKeys (ConfUtils.java:logGet(43)) - raft.server.log.preallocated.size = 16384 (custom)
2019-09-26 21:19:11,946 [pool-57-thread-1] INFO  server.RaftServerConfigKeys (ConfUtils.java:logGet(43)) - raft.server.log.write.buffer.size = 33554432 (custom)
2019-09-26 21:19:11,946 [pool-57-thread-1] INFO  server.RaftServerConfigKeys (ConfUtils.java:logGet(43)) - raft.server.log.force.sync.num = 128 (default)
2019-09-26 21:19:11,946 [pool-57-thread-1] INFO  server.RaftServerConfigKeys (ConfUtils.java:logGet(43)) - raft.server.log.statemachine.data.sync = true (default)
2019-09-26 21:19:11,946 [pool-57-thread-1] INFO  server.RaftServerConfigKeys (ConfUtils.java:logGet(43)) - raft.server.log.statemachine.data.sync.timeout = 10s (default)
2019-09-26 21:19:11,947 [pool-57-thread-1] INFO  server.RaftServerConfigKeys (ConfUtils.java:logGet(43)) - raft.server.log.statemachine.data.sync.timeout.retry = -1 (default)
2019-09-26 21:19:11,947 [pool-57-thread-1] INFO  server.RaftServerConfigKeys (ConfUtils.java:logGet(43)) - raft.server.log.statemachine.data.caching.enabled = true (custom)
2019-09-26 21:19:11,947 [pool-57-thread-1] INFO  segmented.SegmentedRaftLogWorker (SegmentedRaftLogWorker.java:lambda$new$0(132)) - 0c640f50-2bc9-49b6-b785-a27e3116e6ba@group-255437930481-SegmentedRaftLogWorker: flushIndex: setUnconditionally 0 -> -1
2019-09-26 21:19:11,947 [pool-57-thread-1] INFO  server.RaftServerConfigKeys (ConfUtils.java:logGet(43)) - raft.server.snapshot.auto.trigger.enabled = true (custom)
2019-09-26 21:19:11,948 [pool-57-thread-1] INFO  server.RaftServerConfigKeys (ConfUtils.java:logGet(43)) - raft.server.snapshot.auto.trigger.threshold = 10000 (custom)
2019-09-26 21:19:11,948 [pool-57-thread-1] INFO  server.RaftServerConfigKeys (ConfUtils.java:logGet(43)) - raft.server.snapshot.retention.num.files = 5 (custom)
2019-09-26 21:19:11,948 [pool-57-thread-1] INFO  server.RaftServerConfigKeys (ConfUtils.java:logGet(43)) - raft.server.retrycache.expirytime = 600000ms (custom)
2019-09-26 21:19:11,950 [pool-57-thread-1] INFO  impl.RaftServerImpl (RaftServerImpl.java:start(185)) - 0c640f50-2bc9-49b6-b785-a27e3116e6ba@group-90252941981A: start as a follower, conf=-1: [0c640f50-2bc9-49b6-b785-a27e3116e6ba:192.168.151.99:42361, 9ce0b59e-153f-4f41-8aed-492a76d80b48:192.168.151.99:34156, 09112efe-1fad-4539-a04f-c96aef6d2351:192.168.151.99:45286], old=null
2019-09-26 21:19:11,950 [pool-57-thread-1] INFO  impl.RaftServerImpl (RaftServerImpl.java:setRole(174)) - 0c640f50-2bc9-49b6-b785-a27e3116e6ba@group-90252941981A: changes role from      null to FOLLOWER at term 0 for startAsFollower
2019-09-26 21:19:11,950 [pool-57-thread-1] INFO  impl.RoleInfo (RoleInfo.java:updateAndGet(143)) - 0c640f50-2bc9-49b6-b785-a27e3116e6ba: start FollowerState
2019-09-26 21:19:11,950 [pool-57-thread-1] INFO  util.JmxRegister (JmxRegister.java:tryRegister(44)) - Successfully registered JMX Bean with object name Ratis:service=RaftServer,group=group-90252941981A,id=0c640f50-2bc9-49b6-b785-a27e3116e6ba
2019-09-26 21:19:11,951 [pool-57-thread-1] INFO  impl.RaftServerImpl (RaftServerImpl.java:start(185)) - 0c640f50-2bc9-49b6-b785-a27e3116e6ba@group-255437930481: start as a follower, conf=-1: [0c640f50-2bc9-49b6-b785-a27e3116e6ba:192.168.151.99:42361, 9ce0b59e-153f-4f41-8aed-492a76d80b48:192.168.151.99:34156, da833d8d-e72a-4068-9560-4daa2d83adc2:192.168.151.99:38903], old=null
2019-09-26 21:19:11,951 [pool-57-thread-1] INFO  impl.RaftServerImpl (RaftServerImpl.java:setRole(174)) - 0c640f50-2bc9-49b6-b785-a27e3116e6ba@group-255437930481: changes role from      null to FOLLOWER at term 0 for startAsFollower
2019-09-26 21:19:11,951 [pool-57-thread-1] INFO  impl.RoleInfo (RoleInfo.java:updateAndGet(143)) - 0c640f50-2bc9-49b6-b785-a27e3116e6ba: start FollowerState
2019-09-26 21:19:11,952 [pool-57-thread-1] INFO  util.JmxRegister (JmxRegister.java:tryRegister(44)) - Successfully registered JMX Bean with object name Ratis:service=RaftServer,group=group-255437930481,id=0c640f50-2bc9-49b6-b785-a27e3116e6ba
2019-09-26 21:19:11,975 [pool-37-thread-1] INFO  storage.RaftStorage (RaftStorage.java:format(72)) - Storage directory /workdir/hadoop-ozone/ozonefs/target/test-dir/MiniOzoneClusterImpl-5b64906c-d720-4906-b30c-b6d56a2122fd/datanode-1/data/ratis/abe80345-a660-4a71-aced-52417dab7c97 has been successfully formatted.
2019-09-26 21:19:11,975 [pool-37-thread-1] INFO  ratis.ContainerStateMachine (ContainerStateMachine.java:loadSnapshot(230)) - group-52417DAB7C97: The snapshot info is null. Setting the last applied indexto:(t:0, i:~)
2019-09-26 21:19:11,975 [pool-37-thread-1] INFO  server.RaftServerConfigKeys (ConfUtils.java:logGet(43)) - raft.server.notification.no-leader.timeout = 120s (custom)
2019-09-26 21:19:11,975 [pool-37-thread-1] INFO  server.RaftServerConfigKeys (ConfUtils.java:logGet(43)) - raft.server.log.use.memory = false (default)
2019-09-26 21:19:11,976 [pool-37-thread-1] INFO  server.RaftServerConfigKeys (ConfUtils.java:logGet(43)) - raft.server.log.purge.gap = 1000000 (custom)
2019-09-26 21:19:11,976 [pool-37-thread-1] INFO  server.RaftServerConfigKeys (ConfUtils.java:logGet(43)) - raft.server.log.appender.buffer.byte-limit = 33554432 (custom)
2019-09-26 21:19:11,976 [pool-37-thread-1] INFO  server.RaftServerConfigKeys (ConfUtils.java:logGet(43)) - raft.server.log.segment.size.max = 1048576 (custom)
2019-09-26 21:19:11,976 [pool-37-thread-1] INFO  server.RaftServerConfigKeys (ConfUtils.java:logGet(43)) - raft.server.log.segment.cache.num.max = 2 (custom)
2019-09-26 21:19:11,976 [pool-37-thread-1] INFO  segmented.SegmentedRaftLogWorker (SegmentedRaftLogWorker.java:<init>(172)) - new 1178c3ae-d0b4-4d44-b144-fe8504cc41ac@group-52417DAB7C97-SegmentedRaftLogWorker for RaftStorage:Storage Directory /workdir/hadoop-ozone/ozonefs/target/test-dir/MiniOzoneClusterImpl-5b64906c-d720-4906-b30c-b6d56a2122fd/datanode-1/data/ratis/abe80345-a660-4a71-aced-52417dab7c97
2019-09-26 21:19:11,976 [pool-37-thread-1] INFO  server.RaftServerConfigKeys (ConfUtils.java:logGet(43)) - raft.server.log.queue.byte-limit = 2147483647 (custom)
2019-09-26 21:19:11,976 [pool-37-thread-1] INFO  server.RaftServerConfigKeys (ConfUtils.java:logGet(43)) - raft.server.log.queue.element-limit = 1024 (custom)
2019-09-26 21:19:11,976 [pool-37-thread-1] INFO  server.RaftServerConfigKeys (ConfUtils.java:logGet(43)) - raft.server.log.segment.size.max = 1048576 (custom)
2019-09-26 21:19:11,976 [pool-37-thread-1] INFO  server.RaftServerConfigKeys (ConfUtils.java:logGet(43)) - raft.server.log.preallocated.size = 16384 (custom)
2019-09-26 21:19:11,977 [pool-37-thread-1] INFO  server.RaftServerConfigKeys (ConfUtils.java:logGet(43)) - raft.server.log.write.buffer.size = 33554432 (custom)
2019-09-26 21:19:11,977 [pool-37-thread-1] INFO  server.RaftServerConfigKeys (ConfUtils.java:logGet(43)) - raft.server.log.force.sync.num = 128 (default)
2019-09-26 21:19:11,977 [pool-37-thread-1] INFO  server.RaftServerConfigKeys (ConfUtils.java:logGet(43)) - raft.server.log.statemachine.data.sync = true (default)
2019-09-26 21:19:11,977 [pool-37-thread-1] INFO  server.RaftServerConfigKeys (ConfUtils.java:logGet(43)) - raft.server.log.statemachine.data.sync.timeout = 10s (default)
2019-09-26 21:19:11,977 [pool-37-thread-1] INFO  server.RaftServerConfigKeys (ConfUtils.java:logGet(43)) - raft.server.log.statemachine.data.sync.timeout.retry = -1 (default)
2019-09-26 21:19:11,977 [pool-37-thread-1] INFO  server.RaftServerConfigKeys (ConfUtils.java:logGet(43)) - raft.server.log.statemachine.data.caching.enabled = true (custom)
2019-09-26 21:19:11,977 [pool-37-thread-1] INFO  segmented.SegmentedRaftLogWorker (SegmentedRaftLogWorker.java:lambda$new$0(132)) - 1178c3ae-d0b4-4d44-b144-fe8504cc41ac@group-52417DAB7C97-SegmentedRaftLogWorker: flushIndex: setUnconditionally 0 -> -1
2019-09-26 21:19:11,978 [pool-37-thread-1] INFO  server.RaftServerConfigKeys (ConfUtils.java:logGet(43)) - raft.server.snapshot.auto.trigger.enabled = true (custom)
2019-09-26 21:19:11,978 [pool-37-thread-1] INFO  server.RaftServerConfigKeys (ConfUtils.java:logGet(43)) - raft.server.snapshot.auto.trigger.threshold = 10000 (custom)
2019-09-26 21:19:11,978 [pool-37-thread-1] INFO  server.RaftServerConfigKeys (ConfUtils.java:logGet(43)) - raft.server.snapshot.retention.num.files = 5 (custom)
2019-09-26 21:19:11,978 [pool-37-thread-1] INFO  server.RaftServerConfigKeys (ConfUtils.java:logGet(43)) - raft.server.retrycache.expirytime = 600000ms (custom)
2019-09-26 21:19:11,979 [pool-37-thread-1] INFO  impl.RaftServerImpl (RaftServerImpl.java:start(185)) - 1178c3ae-d0b4-4d44-b144-fe8504cc41ac@group-52417DAB7C97: start as a follower, conf=-1: [1178c3ae-d0b4-4d44-b144-fe8504cc41ac:192.168.151.99:33787], old=null
2019-09-26 21:19:11,980 [pool-37-thread-1] INFO  impl.RaftServerImpl (RaftServerImpl.java:setRole(174)) - 1178c3ae-d0b4-4d44-b144-fe8504cc41ac@group-52417DAB7C97: changes role from      null to FOLLOWER at term 0 for startAsFollower
2019-09-26 21:19:11,980 [pool-37-thread-1] INFO  impl.RoleInfo (RoleInfo.java:updateAndGet(143)) - 1178c3ae-d0b4-4d44-b144-fe8504cc41ac: start FollowerState
2019-09-26 21:19:11,980 [pool-37-thread-1] INFO  util.JmxRegister (JmxRegister.java:tryRegister(44)) - Successfully registered JMX Bean with object name Ratis:service=RaftServer,group=group-52417DAB7C97,id=1178c3ae-d0b4-4d44-b144-fe8504cc41ac
2019-09-26 21:19:11,982 [RatisPipelineUtilsThread] INFO  pipeline.PipelineStateManager (PipelineStateManager.java:addPipeline(56)) - Created pipeline Pipeline[ Id: abe80345-a660-4a71-aced-52417dab7c97, Nodes: 1178c3ae-d0b4-4d44-b144-fe8504cc41ac{ip: 192.168.151.99, host: pr-hdds-1569-g6sp5-2013761785, networkLocation: /default-rack, certSerialId: null}, Type:RATIS, Factor:ONE, State:OPEN]
2019-09-26 21:19:11,987 [grpc-default-executor-2] INFO  impl.RaftServerProxy (RaftServerProxy.java:addNew(89)) - 0c640f50-2bc9-49b6-b785-a27e3116e6ba: addNew group-F6A96175DD6B:[0c640f50-2bc9-49b6-b785-a27e3116e6ba:192.168.151.99:42361] returns group-F6A96175DD6B:java.util.concurrent.CompletableFuture@3464865f[Not completed]
2019-09-26 21:19:11,988 [pool-57-thread-1] INFO  impl.RaftServerImpl (RaftServerImpl.java:<init>(95)) - 0c640f50-2bc9-49b6-b785-a27e3116e6ba: new RaftServerImpl for group-F6A96175DD6B:[0c640f50-2bc9-49b6-b785-a27e3116e6ba:192.168.151.99:42361] with ContainerStateMachine:uninitialized
2019-09-26 21:19:11,988 [pool-57-thread-1] INFO  server.RaftServerConfigKeys (ConfUtils.java:logGet(43)) - raft.server.rpc.timeout.min = 5s (custom)
2019-09-26 21:19:11,988 [pool-57-thread-1] INFO  server.RaftServerConfigKeys (ConfUtils.java:logGet(43)) - raft.server.rpc.timeout.max = 5200ms (custom)
2019-09-26 21:19:11,988 [pool-57-thread-1] INFO  server.RaftServerConfigKeys (ConfUtils.java:logGet(43)) - raft.server.rpcslowness.timeout = 120s (custom)
2019-09-26 21:19:11,989 [pool-57-thread-1] INFO  server.RaftServerConfigKeys (ConfUtils.java:logGet(43)) - raft.server.sleep.deviation.threshold = 300 (default)
2019-09-26 21:19:11,989 [pool-57-thread-1] INFO  server.RaftServerConfigKeys (ConfUtils.java:logGet(43)) - raft.server.log.appender.install.snapshot.enabled = false (custom)
2019-09-26 21:19:11,989 [pool-57-thread-1] INFO  impl.RaftServerImpl (ServerState.java:<init>(103)) - 0c640f50-2bc9-49b6-b785-a27e3116e6ba@group-F6A96175DD6B: ConfigurationManager, init=-1: [0c640f50-2bc9-49b6-b785-a27e3116e6ba:192.168.151.99:42361], old=null, confs=<EMPTY_MAP>
2019-09-26 21:19:11,989 [pool-57-thread-1] INFO  server.RaftServerConfigKeys (ConfUtils.java:logGet(43)) - raft.server.storage.dir = [/workdir/hadoop-ozone/ozonefs/target/test-dir/MiniOzoneClusterImpl-5b64906c-d720-4906-b30c-b6d56a2122fd/datanode-3/data/ratis] (custom)
2019-09-26 21:19:11,989 [pool-57-thread-1] INFO  storage.RaftStorageDirectory (RaftStorageDirectory.java:analyzeStorage(246)) - The storage directory /workdir/hadoop-ozone/ozonefs/target/test-dir/MiniOzoneClusterImpl-5b64906c-d720-4906-b30c-b6d56a2122fd/datanode-3/data/ratis/9360c8d3-19b4-4ed6-8e70-f6a96175dd6b does not exist. Creating ...
2019-09-26 21:19:12,002 [pool-57-thread-1] INFO  storage.RaftStorageDirectory (RaftStorageDirectory.java:tryLock(328)) - Lock on /workdir/hadoop-ozone/ozonefs/target/test-dir/MiniOzoneClusterImpl-5b64906c-d720-4906-b30c-b6d56a2122fd/datanode-3/data/ratis/9360c8d3-19b4-4ed6-8e70-f6a96175dd6b/in_use.lock acquired by nodename 10701@pr-hdds-1569-g6sp5-2013761785
2019-09-26 21:19:12,015 [pool-57-thread-1] INFO  storage.RaftStorage (RaftStorage.java:format(72)) - Storage directory /workdir/hadoop-ozone/ozonefs/target/test-dir/MiniOzoneClusterImpl-5b64906c-d720-4906-b30c-b6d56a2122fd/datanode-3/data/ratis/9360c8d3-19b4-4ed6-8e70-f6a96175dd6b has been successfully formatted.
2019-09-26 21:19:12,015 [pool-57-thread-1] INFO  ratis.ContainerStateMachine (ContainerStateMachine.java:loadSnapshot(230)) - group-F6A96175DD6B: The snapshot info is null. Setting the last applied indexto:(t:0, i:~)
2019-09-26 21:19:12,015 [pool-57-thread-1] INFO  server.RaftServerConfigKeys (ConfUtils.java:logGet(43)) - raft.server.notification.no-leader.timeout = 120s (custom)
2019-09-26 21:19:12,016 [pool-57-thread-1] INFO  server.RaftServerConfigKeys (ConfUtils.java:logGet(43)) - raft.server.log.use.memory = false (default)
2019-09-26 21:19:12,016 [pool-57-thread-1] INFO  server.RaftServerConfigKeys (ConfUtils.java:logGet(43)) - raft.server.log.purge.gap = 1000000 (custom)
2019-09-26 21:19:12,016 [pool-57-thread-1] INFO  server.RaftServerConfigKeys (ConfUtils.java:logGet(43)) - raft.server.log.appender.buffer.byte-limit = 33554432 (custom)
2019-09-26 21:19:12,016 [pool-57-thread-1] INFO  server.RaftServerConfigKeys (ConfUtils.java:logGet(43)) - raft.server.log.segment.size.max = 1048576 (custom)
2019-09-26 21:19:12,016 [pool-57-thread-1] INFO  server.RaftServerConfigKeys (ConfUtils.java:logGet(43)) - raft.server.log.segment.cache.num.max = 2 (custom)
2019-09-26 21:19:12,016 [pool-57-thread-1] INFO  segmented.SegmentedRaftLogWorker (SegmentedRaftLogWorker.java:<init>(172)) - new 0c640f50-2bc9-49b6-b785-a27e3116e6ba@group-F6A96175DD6B-SegmentedRaftLogWorker for RaftStorage:Storage Directory /workdir/hadoop-ozone/ozonefs/target/test-dir/MiniOzoneClusterImpl-5b64906c-d720-4906-b30c-b6d56a2122fd/datanode-3/data/ratis/9360c8d3-19b4-4ed6-8e70-f6a96175dd6b
2019-09-26 21:19:12,016 [pool-57-thread-1] INFO  server.RaftServerConfigKeys (ConfUtils.java:logGet(43)) - raft.server.log.queue.byte-limit = 2147483647 (custom)
2019-09-26 21:19:12,016 [pool-57-thread-1] INFO  server.RaftServerConfigKeys (ConfUtils.java:logGet(43)) - raft.server.log.queue.element-limit = 1024 (custom)
2019-09-26 21:19:12,017 [pool-57-thread-1] INFO  server.RaftServerConfigKeys (ConfUtils.java:logGet(43)) - raft.server.log.segment.size.max = 1048576 (custom)
2019-09-26 21:19:12,017 [pool-57-thread-1] INFO  server.RaftServerConfigKeys (ConfUtils.java:logGet(43)) - raft.server.log.preallocated.size = 16384 (custom)
2019-09-26 21:19:12,017 [pool-57-thread-1] INFO  server.RaftServerConfigKeys (ConfUtils.java:logGet(43)) - raft.server.log.write.buffer.size = 33554432 (custom)
2019-09-26 21:19:12,017 [pool-57-thread-1] INFO  server.RaftServerConfigKeys (ConfUtils.java:logGet(43)) - raft.server.log.force.sync.num = 128 (default)
2019-09-26 21:19:12,017 [pool-57-thread-1] INFO  server.RaftServerConfigKeys (ConfUtils.java:logGet(43)) - raft.server.log.statemachine.data.sync = true (default)
2019-09-26 21:19:12,017 [pool-57-thread-1] INFO  server.RaftServerConfigKeys (ConfUtils.java:logGet(43)) - raft.server.log.statemachine.data.sync.timeout = 10s (default)
2019-09-26 21:19:12,017 [pool-57-thread-1] INFO  server.RaftServerConfigKeys (ConfUtils.java:logGet(43)) - raft.server.log.statemachine.data.sync.timeout.retry = -1 (default)
2019-09-26 21:19:12,017 [pool-57-thread-1] INFO  server.RaftServerConfigKeys (ConfUtils.java:logGet(43)) - raft.server.log.statemachine.data.caching.enabled = true (custom)
2019-09-26 21:19:12,018 [pool-57-thread-1] INFO  segmented.SegmentedRaftLogWorker (SegmentedRaftLogWorker.java:lambda$new$0(132)) - 0c640f50-2bc9-49b6-b785-a27e3116e6ba@group-F6A96175DD6B-SegmentedRaftLogWorker: flushIndex: setUnconditionally 0 -> -1
2019-09-26 21:19:12,018 [pool-57-thread-1] INFO  server.RaftServerConfigKeys (ConfUtils.java:logGet(43)) - raft.server.snapshot.auto.trigger.enabled = true (custom)
2019-09-26 21:19:12,018 [pool-57-thread-1] INFO  server.RaftServerConfigKeys (ConfUtils.java:logGet(43)) - raft.server.snapshot.auto.trigger.threshold = 10000 (custom)
2019-09-26 21:19:12,018 [pool-57-thread-1] INFO  server.RaftServerConfigKeys (ConfUtils.java:logGet(43)) - raft.server.snapshot.retention.num.files = 5 (custom)
2019-09-26 21:19:12,019 [pool-57-thread-1] INFO  server.RaftServerConfigKeys (ConfUtils.java:logGet(43)) - raft.server.retrycache.expirytime = 600000ms (custom)
2019-09-26 21:19:12,021 [pool-57-thread-1] INFO  impl.RaftServerImpl (RaftServerImpl.java:start(185)) - 0c640f50-2bc9-49b6-b785-a27e3116e6ba@group-F6A96175DD6B: start as a follower, conf=-1: [0c640f50-2bc9-49b6-b785-a27e3116e6ba:192.168.151.99:42361], old=null
2019-09-26 21:19:12,021 [pool-57-thread-1] INFO  impl.RaftServerImpl (RaftServerImpl.java:setRole(174)) - 0c640f50-2bc9-49b6-b785-a27e3116e6ba@group-F6A96175DD6B: changes role from      null to FOLLOWER at term 0 for startAsFollower
2019-09-26 21:19:12,021 [pool-57-thread-1] INFO  impl.RoleInfo (RoleInfo.java:updateAndGet(143)) - 0c640f50-2bc9-49b6-b785-a27e3116e6ba: start FollowerState
2019-09-26 21:19:12,021 [pool-57-thread-1] INFO  util.JmxRegister (JmxRegister.java:tryRegister(44)) - Successfully registered JMX Bean with object name Ratis:service=RaftServer,group=group-F6A96175DD6B,id=0c640f50-2bc9-49b6-b785-a27e3116e6ba
2019-09-26 21:19:12,025 [RatisPipelineUtilsThread] INFO  pipeline.PipelineStateManager (PipelineStateManager.java:addPipeline(56)) - Created pipeline Pipeline[ Id: 9360c8d3-19b4-4ed6-8e70-f6a96175dd6b, Nodes: 0c640f50-2bc9-49b6-b785-a27e3116e6ba{ip: 192.168.151.99, host: pr-hdds-1569-g6sp5-2013761785, networkLocation: /default-rack, certSerialId: null}, Type:RATIS, Factor:ONE, State:OPEN]
2019-09-26 21:19:12,030 [grpc-default-executor-2] INFO  impl.RaftServerProxy (RaftServerProxy.java:addNew(89)) - 9ce0b59e-153f-4f41-8aed-492a76d80b48: addNew group-BAEC348CDEE8:[9ce0b59e-153f-4f41-8aed-492a76d80b48:192.168.151.99:34156] returns group-BAEC348CDEE8:java.util.concurrent.CompletableFuture@557a6eee[Not completed]
2019-09-26 21:19:12,031 [pool-27-thread-1] INFO  impl.RaftServerImpl (RaftServerImpl.java:<init>(95)) - 9ce0b59e-153f-4f41-8aed-492a76d80b48: new RaftServerImpl for group-BAEC348CDEE8:[9ce0b59e-153f-4f41-8aed-492a76d80b48:192.168.151.99:34156] with ContainerStateMachine:uninitialized
2019-09-26 21:19:12,031 [pool-27-thread-1] INFO  server.RaftServerConfigKeys (ConfUtils.java:logGet(43)) - raft.server.rpc.timeout.min = 5s (custom)
2019-09-26 21:19:12,032 [pool-27-thread-1] INFO  server.RaftServerConfigKeys (ConfUtils.java:logGet(43)) - raft.server.rpc.timeout.max = 5200ms (custom)
2019-09-26 21:19:12,032 [pool-27-thread-1] INFO  server.RaftServerConfigKeys (ConfUtils.java:logGet(43)) - raft.server.rpcslowness.timeout = 120s (custom)
2019-09-26 21:19:12,032 [pool-27-thread-1] INFO  server.RaftServerConfigKeys (ConfUtils.java:logGet(43)) - raft.server.sleep.deviation.threshold = 300 (default)
2019-09-26 21:19:12,032 [pool-27-thread-1] INFO  server.RaftServerConfigKeys (ConfUtils.java:logGet(43)) - raft.server.log.appender.install.snapshot.enabled = false (custom)
2019-09-26 21:19:12,032 [pool-27-thread-1] INFO  impl.RaftServerImpl (ServerState.java:<init>(103)) - 9ce0b59e-153f-4f41-8aed-492a76d80b48@group-BAEC348CDEE8: ConfigurationManager, init=-1: [9ce0b59e-153f-4f41-8aed-492a76d80b48:192.168.151.99:34156], old=null, confs=<EMPTY_MAP>
2019-09-26 21:19:12,032 [pool-27-thread-1] INFO  server.RaftServerConfigKeys (ConfUtils.java:logGet(43)) - raft.server.storage.dir = [/workdir/hadoop-ozone/ozonefs/target/test-dir/MiniOzoneClusterImpl-5b64906c-d720-4906-b30c-b6d56a2122fd/datanode-0/data/ratis] (custom)
2019-09-26 21:19:12,033 [pool-27-thread-1] INFO  storage.RaftStorageDirectory (RaftStorageDirectory.java:analyzeStorage(246)) - The storage directory /workdir/hadoop-ozone/ozonefs/target/test-dir/MiniOzoneClusterImpl-5b64906c-d720-4906-b30c-b6d56a2122fd/datanode-0/data/ratis/50c781b2-85e9-4758-a34e-baec348cdee8 does not exist. Creating ...
2019-09-26 21:19:12,047 [pool-27-thread-1] INFO  storage.RaftStorageDirectory (RaftStorageDirectory.java:tryLock(328)) - Lock on /workdir/hadoop-ozone/ozonefs/target/test-dir/MiniOzoneClusterImpl-5b64906c-d720-4906-b30c-b6d56a2122fd/datanode-0/data/ratis/50c781b2-85e9-4758-a34e-baec348cdee8/in_use.lock acquired by nodename 10701@pr-hdds-1569-g6sp5-2013761785
2019-09-26 21:19:12,060 [pool-27-thread-1] INFO  storage.RaftStorage (RaftStorage.java:format(72)) - Storage directory /workdir/hadoop-ozone/ozonefs/target/test-dir/MiniOzoneClusterImpl-5b64906c-d720-4906-b30c-b6d56a2122fd/datanode-0/data/ratis/50c781b2-85e9-4758-a34e-baec348cdee8 has been successfully formatted.
2019-09-26 21:19:12,061 [pool-27-thread-1] INFO  ratis.ContainerStateMachine (ContainerStateMachine.java:loadSnapshot(230)) - group-BAEC348CDEE8: The snapshot info is null. Setting the last applied indexto:(t:0, i:~)
2019-09-26 21:19:12,061 [pool-27-thread-1] INFO  server.RaftServerConfigKeys (ConfUtils.java:logGet(43)) - raft.server.notification.no-leader.timeout = 120s (custom)
2019-09-26 21:19:12,061 [pool-27-thread-1] INFO  server.RaftServerConfigKeys (ConfUtils.java:logGet(43)) - raft.server.log.use.memory = false (default)
2019-09-26 21:19:12,061 [pool-27-thread-1] INFO  server.RaftServerConfigKeys (ConfUtils.java:logGet(43)) - raft.server.log.purge.gap = 1000000 (custom)
2019-09-26 21:19:12,061 [pool-27-thread-1] INFO  server.RaftServerConfigKeys (ConfUtils.java:logGet(43)) - raft.server.log.appender.buffer.byte-limit = 33554432 (custom)
2019-09-26 21:19:12,062 [pool-27-thread-1] INFO  server.RaftServerConfigKeys (ConfUtils.java:logGet(43)) - raft.server.log.segment.size.max = 1048576 (custom)
2019-09-26 21:19:12,062 [pool-27-thread-1] INFO  server.RaftServerConfigKeys (ConfUtils.java:logGet(43)) - raft.server.log.segment.cache.num.max = 2 (custom)
2019-09-26 21:19:12,062 [pool-27-thread-1] INFO  segmented.SegmentedRaftLogWorker (SegmentedRaftLogWorker.java:<init>(172)) - new 9ce0b59e-153f-4f41-8aed-492a76d80b48@group-BAEC348CDEE8-SegmentedRaftLogWorker for RaftStorage:Storage Directory /workdir/hadoop-ozone/ozonefs/target/test-dir/MiniOzoneClusterImpl-5b64906c-d720-4906-b30c-b6d56a2122fd/datanode-0/data/ratis/50c781b2-85e9-4758-a34e-baec348cdee8
2019-09-26 21:19:12,062 [pool-27-thread-1] INFO  server.RaftServerConfigKeys (ConfUtils.java:logGet(43)) - raft.server.log.queue.byte-limit = 2147483647 (custom)
2019-09-26 21:19:12,062 [pool-27-thread-1] INFO  server.RaftServerConfigKeys (ConfUtils.java:logGet(43)) - raft.server.log.queue.element-limit = 1024 (custom)
2019-09-26 21:19:12,062 [pool-27-thread-1] INFO  server.RaftServerConfigKeys (ConfUtils.java:logGet(43)) - raft.server.log.segment.size.max = 1048576 (custom)
2019-09-26 21:19:12,062 [pool-27-thread-1] INFO  server.RaftServerConfigKeys (ConfUtils.java:logGet(43)) - raft.server.log.preallocated.size = 16384 (custom)
2019-09-26 21:19:12,063 [pool-27-thread-1] INFO  server.RaftServerConfigKeys (ConfUtils.java:logGet(43)) - raft.server.log.write.buffer.size = 33554432 (custom)
2019-09-26 21:19:12,063 [pool-27-thread-1] INFO  server.RaftServerConfigKeys (ConfUtils.java:logGet(43)) - raft.server.log.force.sync.num = 128 (default)
2019-09-26 21:19:12,063 [pool-27-thread-1] INFO  server.RaftServerConfigKeys (ConfUtils.java:logGet(43)) - raft.server.log.statemachine.data.sync = true (default)
2019-09-26 21:19:12,063 [pool-27-thread-1] INFO  server.RaftServerConfigKeys (ConfUtils.java:logGet(43)) - raft.server.log.statemachine.data.sync.timeout = 10s (default)
2019-09-26 21:19:12,063 [pool-27-thread-1] INFO  server.RaftServerConfigKeys (ConfUtils.java:logGet(43)) - raft.server.log.statemachine.data.sync.timeout.retry = -1 (default)
2019-09-26 21:19:12,063 [pool-27-thread-1] INFO  server.RaftServerConfigKeys (ConfUtils.java:logGet(43)) - raft.server.log.statemachine.data.caching.enabled = true (custom)
2019-09-26 21:19:12,064 [pool-27-thread-1] INFO  segmented.SegmentedRaftLogWorker (SegmentedRaftLogWorker.java:lambda$new$0(132)) - 9ce0b59e-153f-4f41-8aed-492a76d80b48@group-BAEC348CDEE8-SegmentedRaftLogWorker: flushIndex: setUnconditionally 0 -> -1
2019-09-26 21:19:12,064 [pool-27-thread-1] INFO  server.RaftServerConfigKeys (ConfUtils.java:logGet(43)) - raft.server.snapshot.auto.trigger.enabled = true (custom)
2019-09-26 21:19:12,064 [pool-27-thread-1] INFO  server.RaftServerConfigKeys (ConfUtils.java:logGet(43)) - raft.server.snapshot.auto.trigger.threshold = 10000 (custom)
2019-09-26 21:19:12,064 [pool-27-thread-1] INFO  server.RaftServerConfigKeys (ConfUtils.java:logGet(43)) - raft.server.snapshot.retention.num.files = 5 (custom)
2019-09-26 21:19:12,064 [pool-27-thread-1] INFO  server.RaftServerConfigKeys (ConfUtils.java:logGet(43)) - raft.server.retrycache.expirytime = 600000ms (custom)
2019-09-26 21:19:12,067 [pool-27-thread-1] INFO  impl.RaftServerImpl (RaftServerImpl.java:start(185)) - 9ce0b59e-153f-4f41-8aed-492a76d80b48@group-BAEC348CDEE8: start as a follower, conf=-1: [9ce0b59e-153f-4f41-8aed-492a76d80b48:192.168.151.99:34156], old=null
2019-09-26 21:19:12,067 [pool-27-thread-1] INFO  impl.RaftServerImpl (RaftServerImpl.java:setRole(174)) - 9ce0b59e-153f-4f41-8aed-492a76d80b48@group-BAEC348CDEE8: changes role from      null to FOLLOWER at term 0 for startAsFollower
2019-09-26 21:19:12,067 [pool-27-thread-1] INFO  impl.RoleInfo (RoleInfo.java:updateAndGet(143)) - 9ce0b59e-153f-4f41-8aed-492a76d80b48: start FollowerState
2019-09-26 21:19:12,067 [pool-27-thread-1] INFO  util.JmxRegister (JmxRegister.java:tryRegister(44)) - Successfully registered JMX Bean with object name Ratis:service=RaftServer,group=group-BAEC348CDEE8,id=9ce0b59e-153f-4f41-8aed-492a76d80b48
2019-09-26 21:19:12,070 [RatisPipelineUtilsThread] INFO  pipeline.PipelineStateManager (PipelineStateManager.java:addPipeline(56)) - Created pipeline Pipeline[ Id: 50c781b2-85e9-4758-a34e-baec348cdee8, Nodes: 9ce0b59e-153f-4f41-8aed-492a76d80b48{ip: 192.168.151.99, host: pr-hdds-1569-g6sp5-2013761785, networkLocation: /default-rack, certSerialId: null}, Type:RATIS, Factor:ONE, State:OPEN]
2019-09-26 21:19:12,075 [grpc-default-executor-2] INFO  impl.RaftServerProxy (RaftServerProxy.java:addNew(89)) - 09112efe-1fad-4539-a04f-c96aef6d2351: addNew group-3A209C435E0A:[09112efe-1fad-4539-a04f-c96aef6d2351:192.168.151.99:45286] returns group-3A209C435E0A:java.util.concurrent.CompletableFuture@1783348[Not completed]
2019-09-26 21:19:12,076 [pool-47-thread-1] INFO  impl.RaftServerImpl (RaftServerImpl.java:<init>(95)) - 09112efe-1fad-4539-a04f-c96aef6d2351: new RaftServerImpl for group-3A209C435E0A:[09112efe-1fad-4539-a04f-c96aef6d2351:192.168.151.99:45286] with ContainerStateMachine:uninitialized
2019-09-26 21:19:12,077 [pool-47-thread-1] INFO  server.RaftServerConfigKeys (ConfUtils.java:logGet(43)) - raft.server.rpc.timeout.min = 5s (custom)
2019-09-26 21:19:12,077 [pool-47-thread-1] INFO  server.RaftServerConfigKeys (ConfUtils.java:logGet(43)) - raft.server.rpc.timeout.max = 5200ms (custom)
2019-09-26 21:19:12,077 [pool-47-thread-1] INFO  server.RaftServerConfigKeys (ConfUtils.java:logGet(43)) - raft.server.rpcslowness.timeout = 120s (custom)
2019-09-26 21:19:12,077 [pool-47-thread-1] INFO  server.RaftServerConfigKeys (ConfUtils.java:logGet(43)) - raft.server.sleep.deviation.threshold = 300 (default)
2019-09-26 21:19:12,077 [pool-47-thread-1] INFO  server.RaftServerConfigKeys (ConfUtils.java:logGet(43)) - raft.server.log.appender.install.snapshot.enabled = false (custom)
2019-09-26 21:19:12,077 [pool-47-thread-1] INFO  impl.RaftServerImpl (ServerState.java:<init>(103)) - 09112efe-1fad-4539-a04f-c96aef6d2351@group-3A209C435E0A: ConfigurationManager, init=-1: [09112efe-1fad-4539-a04f-c96aef6d2351:192.168.151.99:45286], old=null, confs=<EMPTY_MAP>
2019-09-26 21:19:12,078 [pool-47-thread-1] INFO  server.RaftServerConfigKeys (ConfUtils.java:logGet(43)) - raft.server.storage.dir = [/workdir/hadoop-ozone/ozonefs/target/test-dir/MiniOzoneClusterImpl-5b64906c-d720-4906-b30c-b6d56a2122fd/datanode-2/data/ratis] (custom)
2019-09-26 21:19:12,078 [pool-47-thread-1] INFO  storage.RaftStorageDirectory (RaftStorageDirectory.java:analyzeStorage(246)) - The storage directory /workdir/hadoop-ozone/ozonefs/target/test-dir/MiniOzoneClusterImpl-5b64906c-d720-4906-b30c-b6d56a2122fd/datanode-2/data/ratis/98b0e79c-46b8-4cad-90e2-3a209c435e0a does not exist. Creating ...
2019-09-26 21:19:12,091 [pool-47-thread-1] INFO  storage.RaftStorageDirectory (RaftStorageDirectory.java:tryLock(328)) - Lock on /workdir/hadoop-ozone/ozonefs/target/test-dir/MiniOzoneClusterImpl-5b64906c-d720-4906-b30c-b6d56a2122fd/datanode-2/data/ratis/98b0e79c-46b8-4cad-90e2-3a209c435e0a/in_use.lock acquired by nodename 10701@pr-hdds-1569-g6sp5-2013761785
2019-09-26 21:19:12,104 [pool-47-thread-1] INFO  storage.RaftStorage (RaftStorage.java:format(72)) - Storage directory /workdir/hadoop-ozone/ozonefs/target/test-dir/MiniOzoneClusterImpl-5b64906c-d720-4906-b30c-b6d56a2122fd/datanode-2/data/ratis/98b0e79c-46b8-4cad-90e2-3a209c435e0a has been successfully formatted.
2019-09-26 21:19:12,104 [pool-47-thread-1] INFO  ratis.ContainerStateMachine (ContainerStateMachine.java:loadSnapshot(230)) - group-3A209C435E0A: The snapshot info is null. Setting the last applied indexto:(t:0, i:~)
2019-09-26 21:19:12,104 [pool-47-thread-1] INFO  server.RaftServerConfigKeys (ConfUtils.java:logGet(43)) - raft.server.notification.no-leader.timeout = 120s (custom)
2019-09-26 21:19:12,104 [pool-47-thread-1] INFO  server.RaftServerConfigKeys (ConfUtils.java:logGet(43)) - raft.server.log.use.memory = false (default)
2019-09-26 21:19:12,104 [pool-47-thread-1] INFO  server.RaftServerConfigKeys (ConfUtils.java:logGet(43)) - raft.server.log.purge.gap = 1000000 (custom)
2019-09-26 21:19:12,105 [pool-47-thread-1] INFO  server.RaftServerConfigKeys (ConfUtils.java:logGet(43)) - raft.server.log.appender.buffer.byte-limit = 33554432 (custom)
2019-09-26 21:19:12,105 [pool-47-thread-1] INFO  server.RaftServerConfigKeys (ConfUtils.java:logGet(43)) - raft.server.log.segment.size.max = 1048576 (custom)
2019-09-26 21:19:12,105 [pool-47-thread-1] INFO  server.RaftServerConfigKeys (ConfUtils.java:logGet(43)) - raft.server.log.segment.cache.num.max = 2 (custom)
2019-09-26 21:19:12,105 [pool-47-thread-1] INFO  segmented.SegmentedRaftLogWorker (SegmentedRaftLogWorker.java:<init>(172)) - new 09112efe-1fad-4539-a04f-c96aef6d2351@group-3A209C435E0A-SegmentedRaftLogWorker for RaftStorage:Storage Directory /workdir/hadoop-ozone/ozonefs/target/test-dir/MiniOzoneClusterImpl-5b64906c-d720-4906-b30c-b6d56a2122fd/datanode-2/data/ratis/98b0e79c-46b8-4cad-90e2-3a209c435e0a
2019-09-26 21:19:12,105 [pool-47-thread-1] INFO  server.RaftServerConfigKeys (ConfUtils.java:logGet(43)) - raft.server.log.queue.byte-limit = 2147483647 (custom)
2019-09-26 21:19:12,105 [pool-47-thread-1] INFO  server.RaftServerConfigKeys (ConfUtils.java:logGet(43)) - raft.server.log.queue.element-limit = 1024 (custom)
2019-09-26 21:19:12,105 [pool-47-thread-1] INFO  server.RaftServerConfigKeys (ConfUtils.java:logGet(43)) - raft.server.log.segment.size.max = 1048576 (custom)
2019-09-26 21:19:12,105 [pool-47-thread-1] INFO  server.RaftServerConfigKeys (ConfUtils.java:logGet(43)) - raft.server.log.preallocated.size = 16384 (custom)
2019-09-26 21:19:12,106 [pool-47-thread-1] INFO  server.RaftServerConfigKeys (ConfUtils.java:logGet(43)) - raft.server.log.write.buffer.size = 33554432 (custom)
2019-09-26 21:19:12,106 [pool-47-thread-1] INFO  server.RaftServerConfigKeys (ConfUtils.java:logGet(43)) - raft.server.log.force.sync.num = 128 (default)
2019-09-26 21:19:12,106 [pool-47-thread-1] INFO  server.RaftServerConfigKeys (ConfUtils.java:logGet(43)) - raft.server.log.statemachine.data.sync = true (default)
2019-09-26 21:19:12,106 [pool-47-thread-1] INFO  server.RaftServerConfigKeys (ConfUtils.java:logGet(43)) - raft.server.log.statemachine.data.sync.timeout = 10s (default)
2019-09-26 21:19:12,106 [pool-47-thread-1] INFO  server.RaftServerConfigKeys (ConfUtils.java:logGet(43)) - raft.server.log.statemachine.data.sync.timeout.retry = -1 (default)
2019-09-26 21:19:12,106 [pool-47-thread-1] INFO  server.RaftServerConfigKeys (ConfUtils.java:logGet(43)) - raft.server.log.statemachine.data.caching.enabled = true (custom)
2019-09-26 21:19:12,106 [pool-47-thread-1] INFO  segmented.SegmentedRaftLogWorker (SegmentedRaftLogWorker.java:lambda$new$0(132)) - 09112efe-1fad-4539-a04f-c96aef6d2351@group-3A209C435E0A-SegmentedRaftLogWorker: flushIndex: setUnconditionally 0 -> -1
2019-09-26 21:19:12,107 [pool-47-thread-1] INFO  server.RaftServerConfigKeys (ConfUtils.java:logGet(43)) - raft.server.snapshot.auto.trigger.enabled = true (custom)
2019-09-26 21:19:12,107 [pool-47-thread-1] INFO  server.RaftServerConfigKeys (ConfUtils.java:logGet(43)) - raft.server.snapshot.auto.trigger.threshold = 10000 (custom)
2019-09-26 21:19:12,107 [pool-47-thread-1] INFO  server.RaftServerConfigKeys (ConfUtils.java:logGet(43)) - raft.server.snapshot.retention.num.files = 5 (custom)
2019-09-26 21:19:12,107 [pool-47-thread-1] INFO  server.RaftServerConfigKeys (ConfUtils.java:logGet(43)) - raft.server.retrycache.expirytime = 600000ms (custom)
2019-09-26 21:19:12,109 [pool-47-thread-1] INFO  impl.RaftServerImpl (RaftServerImpl.java:start(185)) - 09112efe-1fad-4539-a04f-c96aef6d2351@group-3A209C435E0A: start as a follower, conf=-1: [09112efe-1fad-4539-a04f-c96aef6d2351:192.168.151.99:45286], old=null
2019-09-26 21:19:12,109 [pool-47-thread-1] INFO  impl.RaftServerImpl (RaftServerImpl.java:setRole(174)) - 09112efe-1fad-4539-a04f-c96aef6d2351@group-3A209C435E0A: changes role from      null to FOLLOWER at term 0 for startAsFollower
2019-09-26 21:19:12,109 [pool-47-thread-1] INFO  impl.RoleInfo (RoleInfo.java:updateAndGet(143)) - 09112efe-1fad-4539-a04f-c96aef6d2351: start FollowerState
2019-09-26 21:19:12,109 [pool-47-thread-1] INFO  util.JmxRegister (JmxRegister.java:tryRegister(44)) - Successfully registered JMX Bean with object name Ratis:service=RaftServer,group=group-3A209C435E0A,id=09112efe-1fad-4539-a04f-c96aef6d2351
2019-09-26 21:19:12,112 [RatisPipelineUtilsThread] INFO  pipeline.PipelineStateManager (PipelineStateManager.java:addPipeline(56)) - Created pipeline Pipeline[ Id: 98b0e79c-46b8-4cad-90e2-3a209c435e0a, Nodes: 09112efe-1fad-4539-a04f-c96aef6d2351{ip: 192.168.151.99, host: pr-hdds-1569-g6sp5-2013761785, networkLocation: /default-rack, certSerialId: null}, Type:RATIS, Factor:ONE, State:OPEN]
2019-09-26 21:19:12,116 [grpc-default-executor-2] INFO  impl.RaftServerProxy (RaftServerProxy.java:addNew(89)) - da833d8d-e72a-4068-9560-4daa2d83adc2: addNew group-B3D9420AEDE2:[da833d8d-e72a-4068-9560-4daa2d83adc2:192.168.151.99:38903] returns group-B3D9420AEDE2:java.util.concurrent.CompletableFuture@7eccf24e[Not completed]
2019-09-26 21:19:12,118 [pool-67-thread-1] INFO  impl.RaftServerImpl (RaftServerImpl.java:<init>(95)) - da833d8d-e72a-4068-9560-4daa2d83adc2: new RaftServerImpl for group-B3D9420AEDE2:[da833d8d-e72a-4068-9560-4daa2d83adc2:192.168.151.99:38903] with ContainerStateMachine:uninitialized
2019-09-26 21:19:12,118 [pool-67-thread-1] INFO  server.RaftServerConfigKeys (ConfUtils.java:logGet(43)) - raft.server.rpc.timeout.min = 5s (custom)
2019-09-26 21:19:12,118 [pool-67-thread-1] INFO  server.RaftServerConfigKeys (ConfUtils.java:logGet(43)) - raft.server.rpc.timeout.max = 5200ms (custom)
2019-09-26 21:19:12,118 [pool-67-thread-1] INFO  server.RaftServerConfigKeys (ConfUtils.java:logGet(43)) - raft.server.rpcslowness.timeout = 120s (custom)
2019-09-26 21:19:12,118 [pool-67-thread-1] INFO  server.RaftServerConfigKeys (ConfUtils.java:logGet(43)) - raft.server.sleep.deviation.threshold = 300 (default)
2019-09-26 21:19:12,118 [pool-67-thread-1] INFO  server.RaftServerConfigKeys (ConfUtils.java:logGet(43)) - raft.server.log.appender.install.snapshot.enabled = false (custom)
2019-09-26 21:19:12,118 [pool-67-thread-1] INFO  impl.RaftServerImpl (ServerState.java:<init>(103)) - da833d8d-e72a-4068-9560-4daa2d83adc2@group-B3D9420AEDE2: ConfigurationManager, init=-1: [da833d8d-e72a-4068-9560-4daa2d83adc2:192.168.151.99:38903], old=null, confs=<EMPTY_MAP>
2019-09-26 21:19:12,119 [pool-67-thread-1] INFO  server.RaftServerConfigKeys (ConfUtils.java:logGet(43)) - raft.server.storage.dir = [/workdir/hadoop-ozone/ozonefs/target/test-dir/MiniOzoneClusterImpl-5b64906c-d720-4906-b30c-b6d56a2122fd/datanode-4/data/ratis] (custom)
2019-09-26 21:19:12,119 [pool-67-thread-1] INFO  storage.RaftStorageDirectory (RaftStorageDirectory.java:analyzeStorage(246)) - The storage directory /workdir/hadoop-ozone/ozonefs/target/test-dir/MiniOzoneClusterImpl-5b64906c-d720-4906-b30c-b6d56a2122fd/datanode-4/data/ratis/18f6b961-3a2e-4085-922e-b3d9420aede2 does not exist. Creating ...
2019-09-26 21:19:12,132 [pool-67-thread-1] INFO  storage.RaftStorageDirectory (RaftStorageDirectory.java:tryLock(328)) - Lock on /workdir/hadoop-ozone/ozonefs/target/test-dir/MiniOzoneClusterImpl-5b64906c-d720-4906-b30c-b6d56a2122fd/datanode-4/data/ratis/18f6b961-3a2e-4085-922e-b3d9420aede2/in_use.lock acquired by nodename 10701@pr-hdds-1569-g6sp5-2013761785
2019-09-26 21:19:12,145 [pool-67-thread-1] INFO  storage.RaftStorage (RaftStorage.java:format(72)) - Storage directory /workdir/hadoop-ozone/ozonefs/target/test-dir/MiniOzoneClusterImpl-5b64906c-d720-4906-b30c-b6d56a2122fd/datanode-4/data/ratis/18f6b961-3a2e-4085-922e-b3d9420aede2 has been successfully formatted.
2019-09-26 21:19:12,146 [pool-67-thread-1] INFO  ratis.ContainerStateMachine (ContainerStateMachine.java:loadSnapshot(230)) - group-B3D9420AEDE2: The snapshot info is null. Setting the last applied indexto:(t:0, i:~)
2019-09-26 21:19:12,146 [pool-67-thread-1] INFO  server.RaftServerConfigKeys (ConfUtils.java:logGet(43)) - raft.server.notification.no-leader.timeout = 120s (custom)
2019-09-26 21:19:12,146 [pool-67-thread-1] INFO  server.RaftServerConfigKeys (ConfUtils.java:logGet(43)) - raft.server.log.use.memory = false (default)
2019-09-26 21:19:12,146 [pool-67-thread-1] INFO  server.RaftServerConfigKeys (ConfUtils.java:logGet(43)) - raft.server.log.purge.gap = 1000000 (custom)
2019-09-26 21:19:12,146 [pool-67-thread-1] INFO  server.RaftServerConfigKeys (ConfUtils.java:logGet(43)) - raft.server.log.appender.buffer.byte-limit = 33554432 (custom)
2019-09-26 21:19:12,146 [pool-67-thread-1] INFO  server.RaftServerConfigKeys (ConfUtils.java:logGet(43)) - raft.server.log.segment.size.max = 1048576 (custom)
2019-09-26 21:19:12,147 [pool-67-thread-1] INFO  server.RaftServerConfigKeys (ConfUtils.java:logGet(43)) - raft.server.log.segment.cache.num.max = 2 (custom)
2019-09-26 21:19:12,147 [pool-67-thread-1] INFO  segmented.SegmentedRaftLogWorker (SegmentedRaftLogWorker.java:<init>(172)) - new da833d8d-e72a-4068-9560-4daa2d83adc2@group-B3D9420AEDE2-SegmentedRaftLogWorker for RaftStorage:Storage Directory /workdir/hadoop-ozone/ozonefs/target/test-dir/MiniOzoneClusterImpl-5b64906c-d720-4906-b30c-b6d56a2122fd/datanode-4/data/ratis/18f6b961-3a2e-4085-922e-b3d9420aede2
2019-09-26 21:19:12,147 [pool-67-thread-1] INFO  server.RaftServerConfigKeys (ConfUtils.java:logGet(43)) - raft.server.log.queue.byte-limit = 2147483647 (custom)
2019-09-26 21:19:12,147 [pool-67-thread-1] INFO  server.RaftServerConfigKeys (ConfUtils.java:logGet(43)) - raft.server.log.queue.element-limit = 1024 (custom)
2019-09-26 21:19:12,147 [pool-67-thread-1] INFO  server.RaftServerConfigKeys (ConfUtils.java:logGet(43)) - raft.server.log.segment.size.max = 1048576 (custom)
2019-09-26 21:19:12,147 [pool-67-thread-1] INFO  server.RaftServerConfigKeys (ConfUtils.java:logGet(43)) - raft.server.log.preallocated.size = 16384 (custom)
2019-09-26 21:19:12,148 [pool-67-thread-1] INFO  server.RaftServerConfigKeys (ConfUtils.java:logGet(43)) - raft.server.log.write.buffer.size = 33554432 (custom)
2019-09-26 21:19:12,148 [pool-67-thread-1] INFO  server.RaftServerConfigKeys (ConfUtils.java:logGet(43)) - raft.server.log.force.sync.num = 128 (default)
2019-09-26 21:19:12,148 [pool-67-thread-1] INFO  server.RaftServerConfigKeys (ConfUtils.java:logGet(43)) - raft.server.log.statemachine.data.sync = true (default)
2019-09-26 21:19:12,148 [pool-67-thread-1] INFO  server.RaftServerConfigKeys (ConfUtils.java:logGet(43)) - raft.server.log.statemachine.data.sync.timeout = 10s (default)
2019-09-26 21:19:12,148 [pool-67-thread-1] INFO  server.RaftServerConfigKeys (ConfUtils.java:logGet(43)) - raft.server.log.statemachine.data.sync.timeout.retry = -1 (default)
2019-09-26 21:19:12,148 [pool-67-thread-1] INFO  server.RaftServerConfigKeys (ConfUtils.java:logGet(43)) - raft.server.log.statemachine.data.caching.enabled = true (custom)
2019-09-26 21:19:12,149 [pool-67-thread-1] INFO  segmented.SegmentedRaftLogWorker (SegmentedRaftLogWorker.java:lambda$new$0(132)) - da833d8d-e72a-4068-9560-4daa2d83adc2@group-B3D9420AEDE2-SegmentedRaftLogWorker: flushIndex: setUnconditionally 0 -> -1
2019-09-26 21:19:12,149 [pool-67-thread-1] INFO  server.RaftServerConfigKeys (ConfUtils.java:logGet(43)) - raft.server.snapshot.auto.trigger.enabled = true (custom)
2019-09-26 21:19:12,149 [pool-67-thread-1] INFO  server.RaftServerConfigKeys (ConfUtils.java:logGet(43)) - raft.server.snapshot.auto.trigger.threshold = 10000 (custom)
2019-09-26 21:19:12,149 [pool-67-thread-1] INFO  server.RaftServerConfigKeys (ConfUtils.java:logGet(43)) - raft.server.snapshot.retention.num.files = 5 (custom)
2019-09-26 21:19:12,149 [pool-67-thread-1] INFO  server.RaftServerConfigKeys (ConfUtils.java:logGet(43)) - raft.server.retrycache.expirytime = 600000ms (custom)
2019-09-26 21:19:12,151 [pool-67-thread-1] INFO  impl.RaftServerImpl (RaftServerImpl.java:start(185)) - da833d8d-e72a-4068-9560-4daa2d83adc2@group-B3D9420AEDE2: start as a follower, conf=-1: [da833d8d-e72a-4068-9560-4daa2d83adc2:192.168.151.99:38903], old=null
2019-09-26 21:19:12,152 [pool-67-thread-1] INFO  impl.RaftServerImpl (RaftServerImpl.java:setRole(174)) - da833d8d-e72a-4068-9560-4daa2d83adc2@group-B3D9420AEDE2: changes role from      null to FOLLOWER at term 0 for startAsFollower
2019-09-26 21:19:12,152 [pool-67-thread-1] INFO  impl.RoleInfo (RoleInfo.java:updateAndGet(143)) - da833d8d-e72a-4068-9560-4daa2d83adc2: start FollowerState
2019-09-26 21:19:12,152 [pool-67-thread-1] INFO  util.JmxRegister (JmxRegister.java:tryRegister(44)) - Successfully registered JMX Bean with object name Ratis:service=RaftServer,group=group-B3D9420AEDE2,id=da833d8d-e72a-4068-9560-4daa2d83adc2
2019-09-26 21:19:12,155 [RatisPipelineUtilsThread] INFO  pipeline.PipelineStateManager (PipelineStateManager.java:addPipeline(56)) - Created pipeline Pipeline[ Id: 18f6b961-3a2e-4085-922e-b3d9420aede2, Nodes: da833d8d-e72a-4068-9560-4daa2d83adc2{ip: 192.168.151.99, host: pr-hdds-1569-g6sp5-2013761785, networkLocation: /default-rack, certSerialId: null}, Type:RATIS, Factor:ONE, State:OPEN]
2019-09-26 21:19:12,160 [grpc-default-executor-2] INFO  impl.RaftServerProxy (RaftServerProxy.java:addNew(89)) - da833d8d-e72a-4068-9560-4daa2d83adc2: addNew group-537F952A2140:[da833d8d-e72a-4068-9560-4daa2d83adc2:192.168.151.99:38903] returns group-537F952A2140:java.util.concurrent.CompletableFuture@5ffbe270[Not completed]
2019-09-26 21:19:12,161 [pool-67-thread-1] INFO  impl.RaftServerImpl (RaftServerImpl.java:<init>(95)) - da833d8d-e72a-4068-9560-4daa2d83adc2: new RaftServerImpl for group-537F952A2140:[da833d8d-e72a-4068-9560-4daa2d83adc2:192.168.151.99:38903] with ContainerStateMachine:uninitialized
2019-09-26 21:19:12,161 [pool-67-thread-1] INFO  server.RaftServerConfigKeys (ConfUtils.java:logGet(43)) - raft.server.rpc.timeout.min = 5s (custom)
2019-09-26 21:19:12,161 [pool-67-thread-1] INFO  server.RaftServerConfigKeys (ConfUtils.java:logGet(43)) - raft.server.rpc.timeout.max = 5200ms (custom)
2019-09-26 21:19:12,162 [pool-67-thread-1] INFO  server.RaftServerConfigKeys (ConfUtils.java:logGet(43)) - raft.server.rpcslowness.timeout = 120s (custom)
2019-09-26 21:19:12,162 [pool-67-thread-1] INFO  server.RaftServerConfigKeys (ConfUtils.java:logGet(43)) - raft.server.sleep.deviation.threshold = 300 (default)
2019-09-26 21:19:12,162 [pool-67-thread-1] INFO  server.RaftServerConfigKeys (ConfUtils.java:logGet(43)) - raft.server.log.appender.install.snapshot.enabled = false (custom)
2019-09-26 21:19:12,162 [pool-67-thread-1] INFO  impl.RaftServerImpl (ServerState.java:<init>(103)) - da833d8d-e72a-4068-9560-4daa2d83adc2@group-537F952A2140: ConfigurationManager, init=-1: [da833d8d-e72a-4068-9560-4daa2d83adc2:192.168.151.99:38903], old=null, confs=<EMPTY_MAP>
2019-09-26 21:19:12,162 [pool-67-thread-1] INFO  server.RaftServerConfigKeys (ConfUtils.java:logGet(43)) - raft.server.storage.dir = [/workdir/hadoop-ozone/ozonefs/target/test-dir/MiniOzoneClusterImpl-5b64906c-d720-4906-b30c-b6d56a2122fd/datanode-4/data/ratis] (custom)
2019-09-26 21:19:12,163 [pool-67-thread-1] INFO  storage.RaftStorageDirectory (RaftStorageDirectory.java:analyzeStorage(246)) - The storage directory /workdir/hadoop-ozone/ozonefs/target/test-dir/MiniOzoneClusterImpl-5b64906c-d720-4906-b30c-b6d56a2122fd/datanode-4/data/ratis/aef5f95e-52b0-42cf-953d-537f952a2140 does not exist. Creating ...
2019-09-26 21:19:12,175 [pool-67-thread-1] INFO  storage.RaftStorageDirectory (RaftStorageDirectory.java:tryLock(328)) - Lock on /workdir/hadoop-ozone/ozonefs/target/test-dir/MiniOzoneClusterImpl-5b64906c-d720-4906-b30c-b6d56a2122fd/datanode-4/data/ratis/aef5f95e-52b0-42cf-953d-537f952a2140/in_use.lock acquired by nodename 10701@pr-hdds-1569-g6sp5-2013761785
2019-09-26 21:19:12,188 [pool-67-thread-1] INFO  storage.RaftStorage (RaftStorage.java:format(72)) - Storage directory /workdir/hadoop-ozone/ozonefs/target/test-dir/MiniOzoneClusterImpl-5b64906c-d720-4906-b30c-b6d56a2122fd/datanode-4/data/ratis/aef5f95e-52b0-42cf-953d-537f952a2140 has been successfully formatted.
2019-09-26 21:19:12,188 [pool-67-thread-1] INFO  ratis.ContainerStateMachine (ContainerStateMachine.java:loadSnapshot(230)) - group-537F952A2140: The snapshot info is null. Setting the last applied indexto:(t:0, i:~)
2019-09-26 21:19:12,189 [pool-67-thread-1] INFO  server.RaftServerConfigKeys (ConfUtils.java:logGet(43)) - raft.server.notification.no-leader.timeout = 120s (custom)
2019-09-26 21:19:12,189 [pool-67-thread-1] INFO  server.RaftServerConfigKeys (ConfUtils.java:logGet(43)) - raft.server.log.use.memory = false (default)
2019-09-26 21:19:12,189 [pool-67-thread-1] INFO  server.RaftServerConfigKeys (ConfUtils.java:logGet(43)) - raft.server.log.purge.gap = 1000000 (custom)
2019-09-26 21:19:12,189 [pool-67-thread-1] INFO  server.RaftServerConfigKeys (ConfUtils.java:logGet(43)) - raft.server.log.appender.buffer.byte-limit = 33554432 (custom)
2019-09-26 21:19:12,189 [pool-67-thread-1] INFO  server.RaftServerConfigKeys (ConfUtils.java:logGet(43)) - raft.server.log.segment.size.max = 1048576 (custom)
2019-09-26 21:19:12,189 [pool-67-thread-1] INFO  server.RaftServerConfigKeys (ConfUtils.java:logGet(43)) - raft.server.log.segment.cache.num.max = 2 (custom)
2019-09-26 21:19:12,189 [pool-67-thread-1] INFO  segmented.SegmentedRaftLogWorker (SegmentedRaftLogWorker.java:<init>(172)) - new da833d8d-e72a-4068-9560-4daa2d83adc2@group-537F952A2140-SegmentedRaftLogWorker for RaftStorage:Storage Directory /workdir/hadoop-ozone/ozonefs/target/test-dir/MiniOzoneClusterImpl-5b64906c-d720-4906-b30c-b6d56a2122fd/datanode-4/data/ratis/aef5f95e-52b0-42cf-953d-537f952a2140
2019-09-26 21:19:12,190 [pool-67-thread-1] INFO  server.RaftServerConfigKeys (ConfUtils.java:logGet(43)) - raft.server.log.queue.byte-limit = 2147483647 (custom)
2019-09-26 21:19:12,190 [pool-67-thread-1] INFO  server.RaftServerConfigKeys (ConfUtils.java:logGet(43)) - raft.server.log.queue.element-limit = 1024 (custom)
2019-09-26 21:19:12,190 [pool-67-thread-1] INFO  server.RaftServerConfigKeys (ConfUtils.java:logGet(43)) - raft.server.log.segment.size.max = 1048576 (custom)
2019-09-26 21:19:12,190 [pool-67-thread-1] INFO  server.RaftServerConfigKeys (ConfUtils.java:logGet(43)) - raft.server.log.preallocated.size = 16384 (custom)
2019-09-26 21:19:12,190 [pool-67-thread-1] INFO  server.RaftServerConfigKeys (ConfUtils.java:logGet(43)) - raft.server.log.write.buffer.size = 33554432 (custom)
2019-09-26 21:19:12,190 [pool-67-thread-1] INFO  server.RaftServerConfigKeys (ConfUtils.java:logGet(43)) - raft.server.log.force.sync.num = 128 (default)
2019-09-26 21:19:12,190 [pool-67-thread-1] INFO  server.RaftServerConfigKeys (ConfUtils.java:logGet(43)) - raft.server.log.statemachine.data.sync = true (default)
2019-09-26 21:19:12,190 [pool-67-thread-1] INFO  server.RaftServerConfigKeys (ConfUtils.java:logGet(43)) - raft.server.log.statemachine.data.sync.timeout = 10s (default)
2019-09-26 21:19:12,191 [pool-67-thread-1] INFO  server.RaftServerConfigKeys (ConfUtils.java:logGet(43)) - raft.server.log.statemachine.data.sync.timeout.retry = -1 (default)
2019-09-26 21:19:12,191 [pool-67-thread-1] INFO  server.RaftServerConfigKeys (ConfUtils.java:logGet(43)) - raft.server.log.statemachine.data.caching.enabled = true (custom)
2019-09-26 21:19:12,191 [pool-67-thread-1] INFO  segmented.SegmentedRaftLogWorker (SegmentedRaftLogWorker.java:lambda$new$0(132)) - da833d8d-e72a-4068-9560-4daa2d83adc2@group-537F952A2140-SegmentedRaftLogWorker: flushIndex: setUnconditionally 0 -> -1
2019-09-26 21:19:12,191 [pool-67-thread-1] INFO  server.RaftServerConfigKeys (ConfUtils.java:logGet(43)) - raft.server.snapshot.auto.trigger.enabled = true (custom)
2019-09-26 21:19:12,191 [pool-67-thread-1] INFO  server.RaftServerConfigKeys (ConfUtils.java:logGet(43)) - raft.server.snapshot.auto.trigger.threshold = 10000 (custom)
2019-09-26 21:19:12,192 [pool-67-thread-1] INFO  server.RaftServerConfigKeys (ConfUtils.java:logGet(43)) - raft.server.snapshot.retention.num.files = 5 (custom)
2019-09-26 21:19:12,192 [pool-67-thread-1] INFO  server.RaftServerConfigKeys (ConfUtils.java:logGet(43)) - raft.server.retrycache.expirytime = 600000ms (custom)
2019-09-26 21:19:12,193 [pool-67-thread-1] INFO  impl.RaftServerImpl (RaftServerImpl.java:start(185)) - da833d8d-e72a-4068-9560-4daa2d83adc2@group-537F952A2140: start as a follower, conf=-1: [da833d8d-e72a-4068-9560-4daa2d83adc2:192.168.151.99:38903], old=null
2019-09-26 21:19:12,194 [pool-67-thread-1] INFO  impl.RaftServerImpl (RaftServerImpl.java:setRole(174)) - da833d8d-e72a-4068-9560-4daa2d83adc2@group-537F952A2140: changes role from      null to FOLLOWER at term 0 for startAsFollower
2019-09-26 21:19:12,194 [pool-67-thread-1] INFO  impl.RoleInfo (RoleInfo.java:updateAndGet(143)) - da833d8d-e72a-4068-9560-4daa2d83adc2: start FollowerState
2019-09-26 21:19:12,194 [pool-67-thread-1] INFO  util.JmxRegister (JmxRegister.java:tryRegister(44)) - Successfully registered JMX Bean with object name Ratis:service=RaftServer,group=group-537F952A2140,id=da833d8d-e72a-4068-9560-4daa2d83adc2
2019-09-26 21:19:12,197 [RatisPipelineUtilsThread] INFO  pipeline.PipelineStateManager (PipelineStateManager.java:addPipeline(56)) - Created pipeline Pipeline[ Id: aef5f95e-52b0-42cf-953d-537f952a2140, Nodes: da833d8d-e72a-4068-9560-4daa2d83adc2{ip: 192.168.151.99, host: pr-hdds-1569-g6sp5-2013761785, networkLocation: /default-rack, certSerialId: null}, Type:RATIS, Factor:ONE, State:OPEN]
2019-09-26 21:19:12,202 [grpc-default-executor-2] INFO  impl.RaftServerProxy (RaftServerProxy.java:addNew(89)) - 9ce0b59e-153f-4f41-8aed-492a76d80b48: addNew group-584C4E42F0CA:[9ce0b59e-153f-4f41-8aed-492a76d80b48:192.168.151.99:34156] returns group-584C4E42F0CA:java.util.concurrent.CompletableFuture@1c9daaa[Not completed]
2019-09-26 21:19:12,203 [pool-27-thread-1] INFO  impl.RaftServerImpl (RaftServerImpl.java:<init>(95)) - 9ce0b59e-153f-4f41-8aed-492a76d80b48: new RaftServerImpl for group-584C4E42F0CA:[9ce0b59e-153f-4f41-8aed-492a76d80b48:192.168.151.99:34156] with ContainerStateMachine:uninitialized
2019-09-26 21:19:12,203 [pool-27-thread-1] INFO  server.RaftServerConfigKeys (ConfUtils.java:logGet(43)) - raft.server.rpc.timeout.min = 5s (custom)
2019-09-26 21:19:12,203 [pool-27-thread-1] INFO  server.RaftServerConfigKeys (ConfUtils.java:logGet(43)) - raft.server.rpc.timeout.max = 5200ms (custom)
2019-09-26 21:19:12,203 [pool-27-thread-1] INFO  server.RaftServerConfigKeys (ConfUtils.java:logGet(43)) - raft.server.rpcslowness.timeout = 120s (custom)
2019-09-26 21:19:12,203 [pool-27-thread-1] INFO  server.RaftServerConfigKeys (ConfUtils.java:logGet(43)) - raft.server.sleep.deviation.threshold = 300 (default)
2019-09-26 21:19:12,203 [pool-27-thread-1] INFO  server.RaftServerConfigKeys (ConfUtils.java:logGet(43)) - raft.server.log.appender.install.snapshot.enabled = false (custom)
2019-09-26 21:19:12,203 [pool-27-thread-1] INFO  impl.RaftServerImpl (ServerState.java:<init>(103)) - 9ce0b59e-153f-4f41-8aed-492a76d80b48@group-584C4E42F0CA: ConfigurationManager, init=-1: [9ce0b59e-153f-4f41-8aed-492a76d80b48:192.168.151.99:34156], old=null, confs=<EMPTY_MAP>
2019-09-26 21:19:12,204 [pool-27-thread-1] INFO  server.RaftServerConfigKeys (ConfUtils.java:logGet(43)) - raft.server.storage.dir = [/workdir/hadoop-ozone/ozonefs/target/test-dir/MiniOzoneClusterImpl-5b64906c-d720-4906-b30c-b6d56a2122fd/datanode-0/data/ratis] (custom)
2019-09-26 21:19:12,204 [pool-27-thread-1] INFO  storage.RaftStorageDirectory (RaftStorageDirectory.java:analyzeStorage(246)) - The storage directory /workdir/hadoop-ozone/ozonefs/target/test-dir/MiniOzoneClusterImpl-5b64906c-d720-4906-b30c-b6d56a2122fd/datanode-0/data/ratis/d391c62f-00eb-4594-a766-584c4e42f0ca does not exist. Creating ...
2019-09-26 21:19:12,207 [pool-27-thread-1] INFO  storage.RaftStorageDirectory (RaftStorageDirectory.java:tryLock(328)) - Lock on /workdir/hadoop-ozone/ozonefs/target/test-dir/MiniOzoneClusterImpl-5b64906c-d720-4906-b30c-b6d56a2122fd/datanode-0/data/ratis/d391c62f-00eb-4594-a766-584c4e42f0ca/in_use.lock acquired by nodename 10701@pr-hdds-1569-g6sp5-2013761785
2019-09-26 21:19:12,226 [pool-27-thread-1] INFO  storage.RaftStorage (RaftStorage.java:format(72)) - Storage directory /workdir/hadoop-ozone/ozonefs/target/test-dir/MiniOzoneClusterImpl-5b64906c-d720-4906-b30c-b6d56a2122fd/datanode-0/data/ratis/d391c62f-00eb-4594-a766-584c4e42f0ca has been successfully formatted.
2019-09-26 21:19:12,226 [pool-27-thread-1] INFO  ratis.ContainerStateMachine (ContainerStateMachine.java:loadSnapshot(230)) - group-584C4E42F0CA: The snapshot info is null. Setting the last applied indexto:(t:0, i:~)
2019-09-26 21:19:12,226 [pool-27-thread-1] INFO  server.RaftServerConfigKeys (ConfUtils.java:logGet(43)) - raft.server.notification.no-leader.timeout = 120s (custom)
2019-09-26 21:19:12,226 [pool-27-thread-1] INFO  server.RaftServerConfigKeys (ConfUtils.java:logGet(43)) - raft.server.log.use.memory = false (default)
2019-09-26 21:19:12,227 [pool-27-thread-1] INFO  server.RaftServerConfigKeys (ConfUtils.java:logGet(43)) - raft.server.log.purge.gap = 1000000 (custom)
2019-09-26 21:19:12,227 [pool-27-thread-1] INFO  server.RaftServerConfigKeys (ConfUtils.java:logGet(43)) - raft.server.log.appender.buffer.byte-limit = 33554432 (custom)
2019-09-26 21:19:12,227 [pool-27-thread-1] INFO  server.RaftServerConfigKeys (ConfUtils.java:logGet(43)) - raft.server.log.segment.size.max = 1048576 (custom)
2019-09-26 21:19:12,227 [pool-27-thread-1] INFO  server.RaftServerConfigKeys (ConfUtils.java:logGet(43)) - raft.server.log.segment.cache.num.max = 2 (custom)
2019-09-26 21:19:12,227 [pool-27-thread-1] INFO  segmented.SegmentedRaftLogWorker (SegmentedRaftLogWorker.java:<init>(172)) - new 9ce0b59e-153f-4f41-8aed-492a76d80b48@group-584C4E42F0CA-SegmentedRaftLogWorker for RaftStorage:Storage Directory /workdir/hadoop-ozone/ozonefs/target/test-dir/MiniOzoneClusterImpl-5b64906c-d720-4906-b30c-b6d56a2122fd/datanode-0/data/ratis/d391c62f-00eb-4594-a766-584c4e42f0ca
2019-09-26 21:19:12,227 [pool-27-thread-1] INFO  server.RaftServerConfigKeys (ConfUtils.java:logGet(43)) - raft.server.log.queue.byte-limit = 2147483647 (custom)
2019-09-26 21:19:12,228 [pool-27-thread-1] INFO  server.RaftServerConfigKeys (ConfUtils.java:logGet(43)) - raft.server.log.queue.element-limit = 1024 (custom)
2019-09-26 21:19:12,228 [pool-27-thread-1] INFO  server.RaftServerConfigKeys (ConfUtils.java:logGet(43)) - raft.server.log.segment.size.max = 1048576 (custom)
2019-09-26 21:19:12,228 [pool-27-thread-1] INFO  server.RaftServerConfigKeys (ConfUtils.java:logGet(43)) - raft.server.log.preallocated.size = 16384 (custom)
2019-09-26 21:19:12,228 [pool-27-thread-1] INFO  server.RaftServerConfigKeys (ConfUtils.java:logGet(43)) - raft.server.log.write.buffer.size = 33554432 (custom)
2019-09-26 21:19:12,228 [pool-27-thread-1] INFO  server.RaftServerConfigKeys (ConfUtils.java:logGet(43)) - raft.server.log.force.sync.num = 128 (default)
2019-09-26 21:19:12,228 [pool-27-thread-1] INFO  server.RaftServerConfigKeys (ConfUtils.java:logGet(43)) - raft.server.log.statemachine.data.sync = true (default)
2019-09-26 21:19:12,229 [pool-27-thread-1] INFO  server.RaftServerConfigKeys (ConfUtils.java:logGet(43)) - raft.server.log.statemachine.data.sync.timeout = 10s (default)
2019-09-26 21:19:12,229 [pool-27-thread-1] INFO  server.RaftServerConfigKeys (ConfUtils.java:logGet(43)) - raft.server.log.statemachine.data.sync.timeout.retry = -1 (default)
2019-09-26 21:19:12,229 [pool-27-thread-1] INFO  server.RaftServerConfigKeys (ConfUtils.java:logGet(43)) - raft.server.log.statemachine.data.caching.enabled = true (custom)
2019-09-26 21:19:12,229 [pool-27-thread-1] INFO  segmented.SegmentedRaftLogWorker (SegmentedRaftLogWorker.java:lambda$new$0(132)) - 9ce0b59e-153f-4f41-8aed-492a76d80b48@group-584C4E42F0CA-SegmentedRaftLogWorker: flushIndex: setUnconditionally 0 -> -1
2019-09-26 21:19:12,230 [pool-27-thread-1] INFO  server.RaftServerConfigKeys (ConfUtils.java:logGet(43)) - raft.server.snapshot.auto.trigger.enabled = true (custom)
2019-09-26 21:19:12,230 [pool-27-thread-1] INFO  server.RaftServerConfigKeys (ConfUtils.java:logGet(43)) - raft.server.snapshot.auto.trigger.threshold = 10000 (custom)
2019-09-26 21:19:12,230 [pool-27-thread-1] INFO  server.RaftServerConfigKeys (ConfUtils.java:logGet(43)) - raft.server.snapshot.retention.num.files = 5 (custom)
2019-09-26 21:19:12,230 [pool-27-thread-1] INFO  server.RaftServerConfigKeys (ConfUtils.java:logGet(43)) - raft.server.retrycache.expirytime = 600000ms (custom)
2019-09-26 21:19:12,232 [pool-27-thread-1] INFO  impl.RaftServerImpl (RaftServerImpl.java:start(185)) - 9ce0b59e-153f-4f41-8aed-492a76d80b48@group-584C4E42F0CA: start as a follower, conf=-1: [9ce0b59e-153f-4f41-8aed-492a76d80b48:192.168.151.99:34156], old=null
2019-09-26 21:19:12,232 [pool-27-thread-1] INFO  impl.RaftServerImpl (RaftServerImpl.java:setRole(174)) - 9ce0b59e-153f-4f41-8aed-492a76d80b48@group-584C4E42F0CA: changes role from      null to FOLLOWER at term 0 for startAsFollower
2019-09-26 21:19:12,233 [pool-27-thread-1] INFO  impl.RoleInfo (RoleInfo.java:updateAndGet(143)) - 9ce0b59e-153f-4f41-8aed-492a76d80b48: start FollowerState
2019-09-26 21:19:12,233 [pool-27-thread-1] INFO  util.JmxRegister (JmxRegister.java:tryRegister(44)) - Successfully registered JMX Bean with object name Ratis:service=RaftServer,group=group-584C4E42F0CA,id=9ce0b59e-153f-4f41-8aed-492a76d80b48
2019-09-26 21:19:12,236 [RatisPipelineUtilsThread] INFO  pipeline.PipelineStateManager (PipelineStateManager.java:addPipeline(56)) - Created pipeline Pipeline[ Id: d391c62f-00eb-4594-a766-584c4e42f0ca, Nodes: 9ce0b59e-153f-4f41-8aed-492a76d80b48{ip: 192.168.151.99, host: pr-hdds-1569-g6sp5-2013761785, networkLocation: /default-rack, certSerialId: null}, Type:RATIS, Factor:ONE, State:OPEN]
2019-09-26 21:19:12,241 [grpc-default-executor-2] INFO  impl.RaftServerProxy (RaftServerProxy.java:addNew(89)) - 0c640f50-2bc9-49b6-b785-a27e3116e6ba: addNew group-ED8FB1794F16:[0c640f50-2bc9-49b6-b785-a27e3116e6ba:192.168.151.99:42361] returns group-ED8FB1794F16:java.util.concurrent.CompletableFuture@55296679[Not completed]
2019-09-26 21:19:12,242 [pool-57-thread-1] INFO  impl.RaftServerImpl (RaftServerImpl.java:<init>(95)) - 0c640f50-2bc9-49b6-b785-a27e3116e6ba: new RaftServerImpl for group-ED8FB1794F16:[0c640f50-2bc9-49b6-b785-a27e3116e6ba:192.168.151.99:42361] with ContainerStateMachine:uninitialized
2019-09-26 21:19:12,242 [pool-57-thread-1] INFO  server.RaftServerConfigKeys (ConfUtils.java:logGet(43)) - raft.server.rpc.timeout.min = 5s (custom)
2019-09-26 21:19:12,242 [pool-57-thread-1] INFO  server.RaftServerConfigKeys (ConfUtils.java:logGet(43)) - raft.server.rpc.timeout.max = 5200ms (custom)
2019-09-26 21:19:12,242 [pool-57-thread-1] INFO  server.RaftServerConfigKeys (ConfUtils.java:logGet(43)) - raft.server.rpcslowness.timeout = 120s (custom)
2019-09-26 21:19:12,243 [pool-57-thread-1] INFO  server.RaftServerConfigKeys (ConfUtils.java:logGet(43)) - raft.server.sleep.deviation.threshold = 300 (default)
2019-09-26 21:19:12,243 [pool-57-thread-1] INFO  server.RaftServerConfigKeys (ConfUtils.java:logGet(43)) - raft.server.log.appender.install.snapshot.enabled = false (custom)
2019-09-26 21:19:12,243 [pool-57-thread-1] INFO  impl.RaftServerImpl (ServerState.java:<init>(103)) - 0c640f50-2bc9-49b6-b785-a27e3116e6ba@group-ED8FB1794F16: ConfigurationManager, init=-1: [0c640f50-2bc9-49b6-b785-a27e3116e6ba:192.168.151.99:42361], old=null, confs=<EMPTY_MAP>
2019-09-26 21:19:12,243 [pool-57-thread-1] INFO  server.RaftServerConfigKeys (ConfUtils.java:logGet(43)) - raft.server.storage.dir = [/workdir/hadoop-ozone/ozonefs/target/test-dir/MiniOzoneClusterImpl-5b64906c-d720-4906-b30c-b6d56a2122fd/datanode-3/data/ratis] (custom)
2019-09-26 21:19:12,244 [pool-57-thread-1] INFO  storage.RaftStorageDirectory (RaftStorageDirectory.java:analyzeStorage(246)) - The storage directory /workdir/hadoop-ozone/ozonefs/target/test-dir/MiniOzoneClusterImpl-5b64906c-d720-4906-b30c-b6d56a2122fd/datanode-3/data/ratis/645be8cf-033c-4681-8964-ed8fb1794f16 does not exist. Creating ...
2019-09-26 21:19:12,257 [pool-57-thread-1] INFO  storage.RaftStorageDirectory (RaftStorageDirectory.java:tryLock(328)) - Lock on /workdir/hadoop-ozone/ozonefs/target/test-dir/MiniOzoneClusterImpl-5b64906c-d720-4906-b30c-b6d56a2122fd/datanode-3/data/ratis/645be8cf-033c-4681-8964-ed8fb1794f16/in_use.lock acquired by nodename 10701@pr-hdds-1569-g6sp5-2013761785
2019-09-26 21:19:12,261 [09112efe-1fad-4539-a04f-c96aef6d2351@group-EB13478BB780-SegmentedRaftLogWorker] ERROR segmented.SegmentedRaftLogWorker (SegmentedRaftLogWorker.java:run(323)) - 09112efe-1fad-4539-a04f-c96aef6d2351@group-EB13478BB780-SegmentedRaftLogWorker hit exception
java.lang.OutOfMemoryError: Direct buffer memory
	at java.nio.Bits.reserveMemory(Bits.java:666)
	at java.nio.DirectByteBuffer.<init>(DirectByteBuffer.java:123)
	at java.nio.ByteBuffer.allocateDirect(ByteBuffer.java:311)
	at org.apache.ratis.server.raftlog.segmented.BufferedWriteChannel.<init>(BufferedWriteChannel.java:41)
	at org.apache.ratis.server.raftlog.segmented.SegmentedRaftLogOutputStream.<init>(SegmentedRaftLogOutputStream.java:72)
	at org.apache.ratis.server.raftlog.segmented.SegmentedRaftLogWorker$StartLogSegment.execute(SegmentedRaftLogWorker.java:566)
	at org.apache.ratis.server.raftlog.segmented.SegmentedRaftLogWorker.run(SegmentedRaftLogWorker.java:289)
	at java.lang.Thread.run(Thread.java:748)
2019-09-26 21:19:12,261 [09112efe-1fad-4539-a04f-c96aef6d2351@group-EB13478BB780-SegmentedRaftLogWorker] INFO  impl.RaftServerImpl (RaftServerImpl.java:lambda$shutdown$3(251)) - 09112efe-1fad-4539-a04f-c96aef6d2351@group-EB13478BB780: shutdown
2019-09-26 21:19:12,262 [09112efe-1fad-4539-a04f-c96aef6d2351@group-EB13478BB780-SegmentedRaftLogWorker] INFO  util.JmxRegister (JmxRegister.java:unregister(73)) - Successfully un-registered JMX Bean with object name Ratis:service=RaftServer,group=group-EB13478BB780,id=09112efe-1fad-4539-a04f-c96aef6d2351
2019-09-26 21:19:12,262 [09112efe-1fad-4539-a04f-c96aef6d2351@group-EB13478BB780-SegmentedRaftLogWorker] INFO  impl.RoleInfo (RoleInfo.java:shutdownLeaderState(104)) - 09112efe-1fad-4539-a04f-c96aef6d2351: shutdown LeaderState
2019-09-26 21:19:12,262 [09112efe-1fad-4539-a04f-c96aef6d2351@group-EB13478BB780-SegmentedRaftLogWorker] INFO  impl.PendingRequests (PendingRequests.java:sendNotLeaderResponses(202)) - 09112efe-1fad-4539-a04f-c96aef6d2351-PendingRequests: sendNotLeaderResponses
2019-09-26 21:19:12,262 [09112efe-1fad-4539-a04f-c96aef6d2351@group-EB13478BB780-SegmentedRaftLogWorker] INFO  impl.StateMachineUpdater (StateMachineUpdater.java:stopAndJoin(125)) - 09112efe-1fad-4539-a04f-c96aef6d2351@group-EB13478BB780-StateMachineUpdater: set stopIndex = -1
2019-09-26 21:19:12,262 [09112efe-1fad-4539-a04f-c96aef6d2351@group-EB13478BB780-SegmentedRaftLogWorker] INFO  impl.RaftServerImpl (ServerState.java:close(385)) - 09112efe-1fad-4539-a04f-c96aef6d2351@group-EB13478BB780: closes. applyIndex: -1
2019-09-26 21:19:12,263 [09112efe-1fad-4539-a04f-c96aef6d2351@group-EB13478BB780-SegmentedRaftLogWorker] INFO  segmented.SegmentedRaftLogWorker (SegmentedRaftLogWorker.java:close(228)) - 09112efe-1fad-4539-a04f-c96aef6d2351@group-EB13478BB780-SegmentedRaftLogWorker close()
2019-09-26 21:19:12,270 [pool-57-thread-1] INFO  storage.RaftStorage (RaftStorage.java:format(72)) - Storage directory /workdir/hadoop-ozone/ozonefs/target/test-dir/MiniOzoneClusterImpl-5b64906c-d720-4906-b30c-b6d56a2122fd/datanode-3/data/ratis/645be8cf-033c-4681-8964-ed8fb1794f16 has been successfully formatted.
2019-09-26 21:19:12,270 [pool-57-thread-1] INFO  ratis.ContainerStateMachine (ContainerStateMachine.java:loadSnapshot(230)) - group-ED8FB1794F16: The snapshot info is null. Setting the last applied indexto:(t:0, i:~)
2019-09-26 21:19:12,270 [pool-57-thread-1] INFO  server.RaftServerConfigKeys (ConfUtils.java:logGet(43)) - raft.server.notification.no-leader.timeout = 120s (custom)
2019-09-26 21:19:12,271 [pool-57-thread-1] INFO  server.RaftServerConfigKeys (ConfUtils.java:logGet(43)) - raft.server.log.use.memory = false (default)
2019-09-26 21:19:12,271 [pool-57-thread-1] INFO  server.RaftServerConfigKeys (ConfUtils.java:logGet(43)) - raft.server.log.purge.gap = 1000000 (custom)
2019-09-26 21:19:12,271 [pool-57-thread-1] INFO  server.RaftServerConfigKeys (ConfUtils.java:logGet(43)) - raft.server.log.appender.buffer.byte-limit = 33554432 (custom)
2019-09-26 21:19:12,271 [pool-57-thread-1] INFO  server.RaftServerConfigKeys (ConfUtils.java:logGet(43)) - raft.server.log.segment.size.max = 1048576 (custom)
2019-09-26 21:19:12,271 [pool-57-thread-1] INFO  server.RaftServerConfigKeys (ConfUtils.java:logGet(43)) - raft.server.log.segment.cache.num.max = 2 (custom)
2019-09-26 21:19:12,271 [pool-57-thread-1] INFO  segmented.SegmentedRaftLogWorker (SegmentedRaftLogWorker.java:<init>(172)) - new 0c640f50-2bc9-49b6-b785-a27e3116e6ba@group-ED8FB1794F16-SegmentedRaftLogWorker for RaftStorage:Storage Directory /workdir/hadoop-ozone/ozonefs/target/test-dir/MiniOzoneClusterImpl-5b64906c-d720-4906-b30c-b6d56a2122fd/datanode-3/data/ratis/645be8cf-033c-4681-8964-ed8fb1794f16
2019-09-26 21:19:12,271 [pool-57-thread-1] INFO  server.RaftServerConfigKeys (ConfUtils.java:logGet(43)) - raft.server.log.queue.byte-limit = 2147483647 (custom)
2019-09-26 21:19:12,272 [pool-57-thread-1] INFO  server.RaftServerConfigKeys (ConfUtils.java:logGet(43)) - raft.server.log.queue.element-limit = 1024 (custom)
2019-09-26 21:19:12,272 [pool-57-thread-1] INFO  server.RaftServerConfigKeys (ConfUtils.java:logGet(43)) - raft.server.log.segment.size.max = 1048576 (custom)
2019-09-26 21:19:12,272 [pool-57-thread-1] INFO  server.RaftServerConfigKeys (ConfUtils.java:logGet(43)) - raft.server.log.preallocated.size = 16384 (custom)
2019-09-26 21:19:12,272 [pool-57-thread-1] INFO  server.RaftServerConfigKeys (ConfUtils.java:logGet(43)) - raft.server.log.write.buffer.size = 33554432 (custom)
2019-09-26 21:19:12,272 [pool-57-thread-1] INFO  server.RaftServerConfigKeys (ConfUtils.java:logGet(43)) - raft.server.log.force.sync.num = 128 (default)
2019-09-26 21:19:12,272 [pool-57-thread-1] INFO  server.RaftServerConfigKeys (ConfUtils.java:logGet(43)) - raft.server.log.statemachine.data.sync = true (default)
2019-09-26 21:19:12,272 [pool-57-thread-1] INFO  server.RaftServerConfigKeys (ConfUtils.java:logGet(43)) - raft.server.log.statemachine.data.sync.timeout = 10s (default)
2019-09-26 21:19:12,273 [pool-57-thread-1] INFO  server.RaftServerConfigKeys (ConfUtils.java:logGet(43)) - raft.server.log.statemachine.data.sync.timeout.retry = -1 (default)
2019-09-26 21:19:12,273 [pool-57-thread-1] INFO  server.RaftServerConfigKeys (ConfUtils.java:logGet(43)) - raft.server.log.statemachine.data.caching.enabled = true (custom)
2019-09-26 21:19:12,273 [pool-57-thread-1] INFO  segmented.SegmentedRaftLogWorker (SegmentedRaftLogWorker.java:lambda$new$0(132)) - 0c640f50-2bc9-49b6-b785-a27e3116e6ba@group-ED8FB1794F16-SegmentedRaftLogWorker: flushIndex: setUnconditionally 0 -> -1
2019-09-26 21:19:12,273 [pool-57-thread-1] INFO  server.RaftServerConfigKeys (ConfUtils.java:logGet(43)) - raft.server.snapshot.auto.trigger.enabled = true (custom)
2019-09-26 21:19:12,274 [pool-57-thread-1] INFO  server.RaftServerConfigKeys (ConfUtils.java:logGet(43)) - raft.server.snapshot.auto.trigger.threshold = 10000 (custom)
2019-09-26 21:19:12,274 [pool-57-thread-1] INFO  server.RaftServerConfigKeys (ConfUtils.java:logGet(43)) - raft.server.snapshot.retention.num.files = 5 (custom)
2019-09-26 21:19:12,274 [pool-57-thread-1] INFO  server.RaftServerConfigKeys (ConfUtils.java:logGet(43)) - raft.server.retrycache.expirytime = 600000ms (custom)
2019-09-26 21:19:12,276 [pool-57-thread-1] INFO  impl.RaftServerImpl (RaftServerImpl.java:start(185)) - 0c640f50-2bc9-49b6-b785-a27e3116e6ba@group-ED8FB1794F16: start as a follower, conf=-1: [0c640f50-2bc9-49b6-b785-a27e3116e6ba:192.168.151.99:42361], old=null
2019-09-26 21:19:12,276 [pool-57-thread-1] INFO  impl.RaftServerImpl (RaftServerImpl.java:setRole(174)) - 0c640f50-2bc9-49b6-b785-a27e3116e6ba@group-ED8FB1794F16: changes role from      null to FOLLOWER at term 0 for startAsFollower
2019-09-26 21:19:12,276 [pool-57-thread-1] INFO  impl.RoleInfo (RoleInfo.java:updateAndGet(143)) - 0c640f50-2bc9-49b6-b785-a27e3116e6ba: start FollowerState
2019-09-26 21:19:12,276 [pool-57-thread-1] INFO  util.JmxRegister (JmxRegister.java:tryRegister(44)) - Successfully registered JMX Bean with object name Ratis:service=RaftServer,group=group-ED8FB1794F16,id=0c640f50-2bc9-49b6-b785-a27e3116e6ba
2019-09-26 21:19:12,279 [RatisPipelineUtilsThread] INFO  pipeline.PipelineStateManager (PipelineStateManager.java:addPipeline(56)) - Created pipeline Pipeline[ Id: 645be8cf-033c-4681-8964-ed8fb1794f16, Nodes: 0c640f50-2bc9-49b6-b785-a27e3116e6ba{ip: 192.168.151.99, host: pr-hdds-1569-g6sp5-2013761785, networkLocation: /default-rack, certSerialId: null}, Type:RATIS, Factor:ONE, State:OPEN]
2019-09-26 21:19:12,284 [grpc-default-executor-2] INFO  impl.RaftServerProxy (RaftServerProxy.java:addNew(89)) - 9ce0b59e-153f-4f41-8aed-492a76d80b48: addNew group-3144698B2ED7:[9ce0b59e-153f-4f41-8aed-492a76d80b48:192.168.151.99:34156] returns group-3144698B2ED7:java.util.concurrent.CompletableFuture@7237659a[Not completed]
2019-09-26 21:19:12,285 [pool-27-thread-1] INFO  impl.RaftServerImpl (RaftServerImpl.java:<init>(95)) - 9ce0b59e-153f-4f41-8aed-492a76d80b48: new RaftServerImpl for group-3144698B2ED7:[9ce0b59e-153f-4f41-8aed-492a76d80b48:192.168.151.99:34156] with ContainerStateMachine:uninitialized
2019-09-26 21:19:12,285 [pool-27-thread-1] INFO  server.RaftServerConfigKeys (ConfUtils.java:logGet(43)) - raft.server.rpc.timeout.min = 5s (custom)
2019-09-26 21:19:12,286 [pool-27-thread-1] INFO  server.RaftServerConfigKeys (ConfUtils.java:logGet(43)) - raft.server.rpc.timeout.max = 5200ms (custom)
2019-09-26 21:19:12,286 [pool-27-thread-1] INFO  server.RaftServerConfigKeys (ConfUtils.java:logGet(43)) - raft.server.rpcslowness.timeout = 120s (custom)
2019-09-26 21:19:12,286 [pool-27-thread-1] INFO  server.RaftServerConfigKeys (ConfUtils.java:logGet(43)) - raft.server.sleep.deviation.threshold = 300 (default)
2019-09-26 21:19:12,286 [pool-27-thread-1] INFO  server.RaftServerConfigKeys (ConfUtils.java:logGet(43)) - raft.server.log.appender.install.snapshot.enabled = false (custom)
2019-09-26 21:19:12,286 [pool-27-thread-1] INFO  impl.RaftServerImpl (ServerState.java:<init>(103)) - 9ce0b59e-153f-4f41-8aed-492a76d80b48@group-3144698B2ED7: ConfigurationManager, init=-1: [9ce0b59e-153f-4f41-8aed-492a76d80b48:192.168.151.99:34156], old=null, confs=<EMPTY_MAP>
2019-09-26 21:19:12,286 [pool-27-thread-1] INFO  server.RaftServerConfigKeys (ConfUtils.java:logGet(43)) - raft.server.storage.dir = [/workdir/hadoop-ozone/ozonefs/target/test-dir/MiniOzoneClusterImpl-5b64906c-d720-4906-b30c-b6d56a2122fd/datanode-0/data/ratis] (custom)
2019-09-26 21:19:12,287 [pool-27-thread-1] INFO  storage.RaftStorageDirectory (RaftStorageDirectory.java:analyzeStorage(246)) - The storage directory /workdir/hadoop-ozone/ozonefs/target/test-dir/MiniOzoneClusterImpl-5b64906c-d720-4906-b30c-b6d56a2122fd/datanode-0/data/ratis/79da90e0-d887-47dd-a22c-3144698b2ed7 does not exist. Creating ...
2019-09-26 21:19:12,300 [pool-27-thread-1] INFO  storage.RaftStorageDirectory (RaftStorageDirectory.java:tryLock(328)) - Lock on /workdir/hadoop-ozone/ozonefs/target/test-dir/MiniOzoneClusterImpl-5b64906c-d720-4906-b30c-b6d56a2122fd/datanode-0/data/ratis/79da90e0-d887-47dd-a22c-3144698b2ed7/in_use.lock acquired by nodename 10701@pr-hdds-1569-g6sp5-2013761785
2019-09-26 21:19:12,313 [pool-27-thread-1] INFO  storage.RaftStorage (RaftStorage.java:format(72)) - Storage directory /workdir/hadoop-ozone/ozonefs/target/test-dir/MiniOzoneClusterImpl-5b64906c-d720-4906-b30c-b6d56a2122fd/datanode-0/data/ratis/79da90e0-d887-47dd-a22c-3144698b2ed7 has been successfully formatted.
2019-09-26 21:19:12,313 [pool-27-thread-1] INFO  ratis.ContainerStateMachine (ContainerStateMachine.java:loadSnapshot(230)) - group-3144698B2ED7: The snapshot info is null. Setting the last applied indexto:(t:0, i:~)
2019-09-26 21:19:12,313 [pool-27-thread-1] INFO  server.RaftServerConfigKeys (ConfUtils.java:logGet(43)) - raft.server.notification.no-leader.timeout = 120s (custom)
2019-09-26 21:19:12,313 [pool-27-thread-1] INFO  server.RaftServerConfigKeys (ConfUtils.java:logGet(43)) - raft.server.log.use.memory = false (default)
2019-09-26 21:19:12,313 [pool-27-thread-1] INFO  server.RaftServerConfigKeys (ConfUtils.java:logGet(43)) - raft.server.log.purge.gap = 1000000 (custom)
2019-09-26 21:19:12,314 [pool-27-thread-1] INFO  server.RaftServerConfigKeys (ConfUtils.java:logGet(43)) - raft.server.log.appender.buffer.byte-limit = 33554432 (custom)
2019-09-26 21:19:12,314 [pool-27-thread-1] INFO  server.RaftServerConfigKeys (ConfUtils.java:logGet(43)) - raft.server.log.segment.size.max = 1048576 (custom)
2019-09-26 21:19:12,314 [pool-27-thread-1] INFO  server.RaftServerConfigKeys (ConfUtils.java:logGet(43)) - raft.server.log.segment.cache.num.max = 2 (custom)
2019-09-26 21:19:12,314 [pool-27-thread-1] INFO  segmented.SegmentedRaftLogWorker (SegmentedRaftLogWorker.java:<init>(172)) - new 9ce0b59e-153f-4f41-8aed-492a76d80b48@group-3144698B2ED7-SegmentedRaftLogWorker for RaftStorage:Storage Directory /workdir/hadoop-ozone/ozonefs/target/test-dir/MiniOzoneClusterImpl-5b64906c-d720-4906-b30c-b6d56a2122fd/datanode-0/data/ratis/79da90e0-d887-47dd-a22c-3144698b2ed7
2019-09-26 21:19:12,314 [pool-27-thread-1] INFO  server.RaftServerConfigKeys (ConfUtils.java:logGet(43)) - raft.server.log.queue.byte-limit = 2147483647 (custom)
2019-09-26 21:19:12,314 [pool-27-thread-1] INFO  server.RaftServerConfigKeys (ConfUtils.java:logGet(43)) - raft.server.log.queue.element-limit = 1024 (custom)
2019-09-26 21:19:12,315 [pool-27-thread-1] INFO  server.RaftServerConfigKeys (ConfUtils.java:logGet(43)) - raft.server.log.segment.size.max = 1048576 (custom)
2019-09-26 21:19:12,315 [pool-27-thread-1] INFO  server.RaftServerConfigKeys (ConfUtils.java:logGet(43)) - raft.server.log.preallocated.size = 16384 (custom)
2019-09-26 21:19:12,315 [pool-27-thread-1] INFO  server.RaftServerConfigKeys (ConfUtils.java:logGet(43)) - raft.server.log.write.buffer.size = 33554432 (custom)
2019-09-26 21:19:12,315 [pool-27-thread-1] INFO  server.RaftServerConfigKeys (ConfUtils.java:logGet(43)) - raft.server.log.force.sync.num = 128 (default)
2019-09-26 21:19:12,315 [pool-27-thread-1] INFO  server.RaftServerConfigKeys (ConfUtils.java:logGet(43)) - raft.server.log.statemachine.data.sync = true (default)
2019-09-26 21:19:12,315 [pool-27-thread-1] INFO  server.RaftServerConfigKeys (ConfUtils.java:logGet(43)) - raft.server.log.statemachine.data.sync.timeout = 10s (default)
2019-09-26 21:19:12,316 [pool-27-thread-1] INFO  server.RaftServerConfigKeys (ConfUtils.java:logGet(43)) - raft.server.log.statemachine.data.sync.timeout.retry = -1 (default)
2019-09-26 21:19:12,316 [pool-27-thread-1] INFO  server.RaftServerConfigKeys (ConfUtils.java:logGet(43)) - raft.server.log.statemachine.data.caching.enabled = true (custom)
2019-09-26 21:19:12,316 [pool-27-thread-1] INFO  segmented.SegmentedRaftLogWorker (SegmentedRaftLogWorker.java:lambda$new$0(132)) - 9ce0b59e-153f-4f41-8aed-492a76d80b48@group-3144698B2ED7-SegmentedRaftLogWorker: flushIndex: setUnconditionally 0 -> -1
2019-09-26 21:19:12,316 [pool-27-thread-1] INFO  server.RaftServerConfigKeys (ConfUtils.java:logGet(43)) - raft.server.snapshot.auto.trigger.enabled = true (custom)
2019-09-26 21:19:12,317 [pool-27-thread-1] INFO  server.RaftServerConfigKeys (ConfUtils.java:logGet(43)) - raft.server.snapshot.auto.trigger.threshold = 10000 (custom)
2019-09-26 21:19:12,317 [pool-27-thread-1] INFO  server.RaftServerConfigKeys (ConfUtils.java:logGet(43)) - raft.server.snapshot.retention.num.files = 5 (custom)
2019-09-26 21:19:12,317 [pool-27-thread-1] INFO  server.RaftServerConfigKeys (ConfUtils.java:logGet(43)) - raft.server.retrycache.expirytime = 600000ms (custom)
2019-09-26 21:19:12,354 [pool-27-thread-1] INFO  impl.RaftServerImpl (RaftServerImpl.java:start(185)) - 9ce0b59e-153f-4f41-8aed-492a76d80b48@group-3144698B2ED7: start as a follower, conf=-1: [9ce0b59e-153f-4f41-8aed-492a76d80b48:192.168.151.99:34156], old=null
2019-09-26 21:19:12,354 [pool-27-thread-1] INFO  impl.RaftServerImpl (RaftServerImpl.java:setRole(174)) - 9ce0b59e-153f-4f41-8aed-492a76d80b48@group-3144698B2ED7: changes role from      null to FOLLOWER at term 0 for startAsFollower
2019-09-26 21:19:12,354 [pool-27-thread-1] INFO  impl.RoleInfo (RoleInfo.java:updateAndGet(143)) - 9ce0b59e-153f-4f41-8aed-492a76d80b48: start FollowerState
2019-09-26 21:19:12,354 [pool-27-thread-1] INFO  util.JmxRegister (JmxRegister.java:tryRegister(44)) - Successfully registered JMX Bean with object name Ratis:service=RaftServer,group=group-3144698B2ED7,id=9ce0b59e-153f-4f41-8aed-492a76d80b48
2019-09-26 21:19:12,358 [da833d8d-e72a-4068-9560-4daa2d83adc2@group-48B7BC6FD74C-SegmentedRaftLogWorker] ERROR segmented.SegmentedRaftLogWorker (SegmentedRaftLogWorker.java:run(323)) - da833d8d-e72a-4068-9560-4daa2d83adc2@group-48B7BC6FD74C-SegmentedRaftLogWorker hit exception
java.lang.OutOfMemoryError: Direct buffer memory
	at java.nio.Bits.reserveMemory(Bits.java:666)
	at java.nio.DirectByteBuffer.<init>(DirectByteBuffer.java:123)
	at java.nio.ByteBuffer.allocateDirect(ByteBuffer.java:311)
	at org.apache.ratis.server.raftlog.segmented.BufferedWriteChannel.<init>(BufferedWriteChannel.java:41)
	at org.apache.ratis.server.raftlog.segmented.SegmentedRaftLogOutputStream.<init>(SegmentedRaftLogOutputStream.java:72)
	at org.apache.ratis.server.raftlog.segmented.SegmentedRaftLogWorker$StartLogSegment.execute(SegmentedRaftLogWorker.java:566)
	at org.apache.ratis.server.raftlog.segmented.SegmentedRaftLogWorker.run(SegmentedRaftLogWorker.java:289)
	at java.lang.Thread.run(Thread.java:748)
2019-09-26 21:19:12,358 [da833d8d-e72a-4068-9560-4daa2d83adc2@group-48B7BC6FD74C-SegmentedRaftLogWorker] INFO  impl.RaftServerImpl (RaftServerImpl.java:lambda$shutdown$3(251)) - da833d8d-e72a-4068-9560-4daa2d83adc2@group-48B7BC6FD74C: shutdown
2019-09-26 21:19:12,358 [RatisPipelineUtilsThread] INFO  pipeline.PipelineStateManager (PipelineStateManager.java:addPipeline(56)) - Created pipeline Pipeline[ Id: 79da90e0-d887-47dd-a22c-3144698b2ed7, Nodes: 9ce0b59e-153f-4f41-8aed-492a76d80b48{ip: 192.168.151.99, host: pr-hdds-1569-g6sp5-2013761785, networkLocation: /default-rack, certSerialId: null}, Type:RATIS, Factor:ONE, State:OPEN]
2019-09-26 21:19:12,359 [da833d8d-e72a-4068-9560-4daa2d83adc2@group-48B7BC6FD74C-SegmentedRaftLogWorker] INFO  util.JmxRegister (JmxRegister.java:unregister(73)) - Successfully un-registered JMX Bean with object name Ratis:service=RaftServer,group=group-48B7BC6FD74C,id=da833d8d-e72a-4068-9560-4daa2d83adc2
2019-09-26 21:19:12,359 [da833d8d-e72a-4068-9560-4daa2d83adc2@group-48B7BC6FD74C-SegmentedRaftLogWorker] INFO  impl.RoleInfo (RoleInfo.java:shutdownLeaderState(104)) - da833d8d-e72a-4068-9560-4daa2d83adc2: shutdown LeaderState
2019-09-26 21:19:12,359 [da833d8d-e72a-4068-9560-4daa2d83adc2@group-48B7BC6FD74C-SegmentedRaftLogWorker] INFO  impl.PendingRequests (PendingRequests.java:sendNotLeaderResponses(202)) - da833d8d-e72a-4068-9560-4daa2d83adc2-PendingRequests: sendNotLeaderResponses
2019-09-26 21:19:12,359 [da833d8d-e72a-4068-9560-4daa2d83adc2@group-48B7BC6FD74C-SegmentedRaftLogWorker] INFO  impl.StateMachineUpdater (StateMachineUpdater.java:stopAndJoin(125)) - da833d8d-e72a-4068-9560-4daa2d83adc2@group-48B7BC6FD74C-StateMachineUpdater: set stopIndex = -1
2019-09-26 21:19:12,360 [da833d8d-e72a-4068-9560-4daa2d83adc2@group-48B7BC6FD74C-SegmentedRaftLogWorker] INFO  impl.RaftServerImpl (ServerState.java:close(385)) - da833d8d-e72a-4068-9560-4daa2d83adc2@group-48B7BC6FD74C: closes. applyIndex: -1
2019-09-26 21:19:12,360 [da833d8d-e72a-4068-9560-4daa2d83adc2@group-48B7BC6FD74C-SegmentedRaftLogWorker] INFO  segmented.SegmentedRaftLogWorker (SegmentedRaftLogWorker.java:close(228)) - da833d8d-e72a-4068-9560-4daa2d83adc2@group-48B7BC6FD74C-SegmentedRaftLogWorker close()
2019-09-26 21:19:12,365 [grpc-default-executor-2] INFO  impl.RaftServerProxy (RaftServerProxy.java:addNew(89)) - 9ce0b59e-153f-4f41-8aed-492a76d80b48: addNew group-7BF1E83F2834:[9ce0b59e-153f-4f41-8aed-492a76d80b48:192.168.151.99:34156] returns group-7BF1E83F2834:java.util.concurrent.CompletableFuture@361ed325[Not completed]
2019-09-26 21:19:12,366 [pool-27-thread-1] INFO  impl.RaftServerImpl (RaftServerImpl.java:<init>(95)) - 9ce0b59e-153f-4f41-8aed-492a76d80b48: new RaftServerImpl for group-7BF1E83F2834:[9ce0b59e-153f-4f41-8aed-492a76d80b48:192.168.151.99:34156] with ContainerStateMachine:uninitialized
2019-09-26 21:19:12,366 [pool-27-thread-1] INFO  server.RaftServerConfigKeys (ConfUtils.java:logGet(43)) - raft.server.rpc.timeout.min = 5s (custom)
2019-09-26 21:19:12,366 [pool-27-thread-1] INFO  server.RaftServerConfigKeys (ConfUtils.java:logGet(43)) - raft.server.rpc.timeout.max = 5200ms (custom)
2019-09-26 21:19:12,367 [pool-27-thread-1] INFO  server.RaftServerConfigKeys (ConfUtils.java:logGet(43)) - raft.server.rpcslowness.timeout = 120s (custom)
2019-09-26 21:19:12,367 [pool-27-thread-1] INFO  server.RaftServerConfigKeys (ConfUtils.java:logGet(43)) - raft.server.sleep.deviation.threshold = 300 (default)
2019-09-26 21:19:12,367 [pool-27-thread-1] INFO  server.RaftServerConfigKeys (ConfUtils.java:logGet(43)) - raft.server.log.appender.install.snapshot.enabled = false (custom)
2019-09-26 21:19:12,367 [pool-27-thread-1] INFO  impl.RaftServerImpl (ServerState.java:<init>(103)) - 9ce0b59e-153f-4f41-8aed-492a76d80b48@group-7BF1E83F2834: ConfigurationManager, init=-1: [9ce0b59e-153f-4f41-8aed-492a76d80b48:192.168.151.99:34156], old=null, confs=<EMPTY_MAP>
2019-09-26 21:19:12,367 [pool-27-thread-1] INFO  server.RaftServerConfigKeys (ConfUtils.java:logGet(43)) - raft.server.storage.dir = [/workdir/hadoop-ozone/ozonefs/target/test-dir/MiniOzoneClusterImpl-5b64906c-d720-4906-b30c-b6d56a2122fd/datanode-0/data/ratis] (custom)
2019-09-26 21:19:12,368 [pool-27-thread-1] INFO  storage.RaftStorageDirectory (RaftStorageDirectory.java:analyzeStorage(246)) - The storage directory /workdir/hadoop-ozone/ozonefs/target/test-dir/MiniOzoneClusterImpl-5b64906c-d720-4906-b30c-b6d56a2122fd/datanode-0/data/ratis/30b383f0-6a57-4cb2-a448-7bf1e83f2834 does not exist. Creating ...
2019-09-26 21:19:12,374 [9ce0b59e-153f-4f41-8aed-492a76d80b48@group-0F1744F08A48-SegmentedRaftLogWorker] ERROR segmented.SegmentedRaftLogWorker (SegmentedRaftLogWorker.java:run(323)) - 9ce0b59e-153f-4f41-8aed-492a76d80b48@group-0F1744F08A48-SegmentedRaftLogWorker hit exception
java.lang.OutOfMemoryError: Direct buffer memory
	at java.nio.Bits.reserveMemory(Bits.java:666)
	at java.nio.DirectByteBuffer.<init>(DirectByteBuffer.java:123)
	at java.nio.ByteBuffer.allocateDirect(ByteBuffer.java:311)
	at org.apache.ratis.server.raftlog.segmented.BufferedWriteChannel.<init>(BufferedWriteChannel.java:41)
	at org.apache.ratis.server.raftlog.segmented.SegmentedRaftLogOutputStream.<init>(SegmentedRaftLogOutputStream.java:72)
	at org.apache.ratis.server.raftlog.segmented.SegmentedRaftLogWorker$StartLogSegment.execute(SegmentedRaftLogWorker.java:566)
	at org.apache.ratis.server.raftlog.segmented.SegmentedRaftLogWorker.run(SegmentedRaftLogWorker.java:289)
	at java.lang.Thread.run(Thread.java:748)
2019-09-26 21:19:12,374 [9ce0b59e-153f-4f41-8aed-492a76d80b48@group-0F1744F08A48-SegmentedRaftLogWorker] INFO  impl.RaftServerImpl (RaftServerImpl.java:lambda$shutdown$3(251)) - 9ce0b59e-153f-4f41-8aed-492a76d80b48@group-0F1744F08A48: shutdown
2019-09-26 21:19:12,374 [9ce0b59e-153f-4f41-8aed-492a76d80b48@group-EFC0D5B99037-SegmentedRaftLogWorker] ERROR segmented.SegmentedRaftLogWorker (SegmentedRaftLogWorker.java:run(323)) - 9ce0b59e-153f-4f41-8aed-492a76d80b48@group-EFC0D5B99037-SegmentedRaftLogWorker hit exception
java.lang.OutOfMemoryError: Direct buffer memory
	at java.nio.Bits.reserveMemory(Bits.java:666)
	at java.nio.DirectByteBuffer.<init>(DirectByteBuffer.java:123)
	at java.nio.ByteBuffer.allocateDirect(ByteBuffer.java:311)
	at org.apache.ratis.server.raftlog.segmented.BufferedWriteChannel.<init>(BufferedWriteChannel.java:41)
	at org.apache.ratis.server.raftlog.segmented.SegmentedRaftLogOutputStream.<init>(SegmentedRaftLogOutputStream.java:72)
	at org.apache.ratis.server.raftlog.segmented.SegmentedRaftLogWorker$StartLogSegment.execute(SegmentedRaftLogWorker.java:566)
	at org.apache.ratis.server.raftlog.segmented.SegmentedRaftLogWorker.run(SegmentedRaftLogWorker.java:289)
	at java.lang.Thread.run(Thread.java:748)
2019-09-26 21:19:12,374 [9ce0b59e-153f-4f41-8aed-492a76d80b48@group-0F1744F08A48-SegmentedRaftLogWorker] INFO  util.JmxRegister (JmxRegister.java:unregister(73)) - Successfully un-registered JMX Bean with object name Ratis:service=RaftServer,group=group-0F1744F08A48,id=9ce0b59e-153f-4f41-8aed-492a76d80b48
2019-09-26 21:19:12,375 [9ce0b59e-153f-4f41-8aed-492a76d80b48@group-EFC0D5B99037-SegmentedRaftLogWorker] INFO  impl.RaftServerImpl (RaftServerImpl.java:lambda$shutdown$3(251)) - 9ce0b59e-153f-4f41-8aed-492a76d80b48@group-EFC0D5B99037: shutdown
2019-09-26 21:19:12,375 [9ce0b59e-153f-4f41-8aed-492a76d80b48@group-0F1744F08A48-SegmentedRaftLogWorker] INFO  impl.RoleInfo (RoleInfo.java:shutdownLeaderState(104)) - 9ce0b59e-153f-4f41-8aed-492a76d80b48: shutdown LeaderState
2019-09-26 21:19:12,375 [9ce0b59e-153f-4f41-8aed-492a76d80b48@group-EFC0D5B99037-SegmentedRaftLogWorker] INFO  util.JmxRegister (JmxRegister.java:unregister(73)) - Successfully un-registered JMX Bean with object name Ratis:service=RaftServer,group=group-EFC0D5B99037,id=9ce0b59e-153f-4f41-8aed-492a76d80b48
2019-09-26 21:19:12,375 [9ce0b59e-153f-4f41-8aed-492a76d80b48@group-0F1744F08A48-SegmentedRaftLogWorker] INFO  impl.PendingRequests (PendingRequests.java:sendNotLeaderResponses(202)) - 9ce0b59e-153f-4f41-8aed-492a76d80b48-PendingRequests: sendNotLeaderResponses
2019-09-26 21:19:12,375 [9ce0b59e-153f-4f41-8aed-492a76d80b48@group-EFC0D5B99037-SegmentedRaftLogWorker] INFO  impl.RoleInfo (RoleInfo.java:shutdownLeaderState(104)) - 9ce0b59e-153f-4f41-8aed-492a76d80b48: shutdown LeaderState
2019-09-26 21:19:12,375 [9ce0b59e-153f-4f41-8aed-492a76d80b48@group-0F1744F08A48-SegmentedRaftLogWorker] INFO  impl.StateMachineUpdater (StateMachineUpdater.java:stopAndJoin(125)) - 9ce0b59e-153f-4f41-8aed-492a76d80b48@group-0F1744F08A48-StateMachineUpdater: set stopIndex = -1
2019-09-26 21:19:12,375 [9ce0b59e-153f-4f41-8aed-492a76d80b48@group-EFC0D5B99037-SegmentedRaftLogWorker] INFO  impl.PendingRequests (PendingRequests.java:sendNotLeaderResponses(202)) - 9ce0b59e-153f-4f41-8aed-492a76d80b48-PendingRequests: sendNotLeaderResponses
2019-09-26 21:19:12,375 [9ce0b59e-153f-4f41-8aed-492a76d80b48@group-0F1744F08A48-SegmentedRaftLogWorker] INFO  impl.RaftServerImpl (ServerState.java:close(385)) - 9ce0b59e-153f-4f41-8aed-492a76d80b48@group-0F1744F08A48: closes. applyIndex: -1
2019-09-26 21:19:12,376 [9ce0b59e-153f-4f41-8aed-492a76d80b48@group-EFC0D5B99037-SegmentedRaftLogWorker] INFO  impl.StateMachineUpdater (StateMachineUpdater.java:stopAndJoin(125)) - 9ce0b59e-153f-4f41-8aed-492a76d80b48@group-EFC0D5B99037-StateMachineUpdater: set stopIndex = -1
2019-09-26 21:19:12,376 [9ce0b59e-153f-4f41-8aed-492a76d80b48@group-0F1744F08A48-SegmentedRaftLogWorker] INFO  segmented.SegmentedRaftLogWorker (SegmentedRaftLogWorker.java:close(228)) - 9ce0b59e-153f-4f41-8aed-492a76d80b48@group-0F1744F08A48-SegmentedRaftLogWorker close()
2019-09-26 21:19:12,376 [9ce0b59e-153f-4f41-8aed-492a76d80b48@group-EFC0D5B99037-SegmentedRaftLogWorker] INFO  impl.RaftServerImpl (ServerState.java:close(385)) - 9ce0b59e-153f-4f41-8aed-492a76d80b48@group-EFC0D5B99037: closes. applyIndex: -1
2019-09-26 21:19:12,376 [9ce0b59e-153f-4f41-8aed-492a76d80b48@group-EFC0D5B99037-SegmentedRaftLogWorker] INFO  segmented.SegmentedRaftLogWorker (SegmentedRaftLogWorker.java:close(228)) - 9ce0b59e-153f-4f41-8aed-492a76d80b48@group-EFC0D5B99037-SegmentedRaftLogWorker close()
2019-09-26 21:19:12,381 [pool-27-thread-1] INFO  storage.RaftStorageDirectory (RaftStorageDirectory.java:tryLock(328)) - Lock on /workdir/hadoop-ozone/ozonefs/target/test-dir/MiniOzoneClusterImpl-5b64906c-d720-4906-b30c-b6d56a2122fd/datanode-0/data/ratis/30b383f0-6a57-4cb2-a448-7bf1e83f2834/in_use.lock acquired by nodename 10701@pr-hdds-1569-g6sp5-2013761785
2019-09-26 21:19:12,385 [9ce0b59e-153f-4f41-8aed-492a76d80b48@group-00CF13531264-SegmentedRaftLogWorker] ERROR segmented.SegmentedRaftLogWorker (SegmentedRaftLogWorker.java:run(323)) - 9ce0b59e-153f-4f41-8aed-492a76d80b48@group-00CF13531264-SegmentedRaftLogWorker hit exception
java.lang.OutOfMemoryError: Direct buffer memory
	at java.nio.Bits.reserveMemory(Bits.java:666)
	at java.nio.DirectByteBuffer.<init>(DirectByteBuffer.java:123)
	at java.nio.ByteBuffer.allocateDirect(ByteBuffer.java:311)
	at org.apache.ratis.server.raftlog.segmented.BufferedWriteChannel.<init>(BufferedWriteChannel.java:41)
	at org.apache.ratis.server.raftlog.segmented.SegmentedRaftLogOutputStream.<init>(SegmentedRaftLogOutputStream.java:72)
	at org.apache.ratis.server.raftlog.segmented.SegmentedRaftLogWorker$StartLogSegment.execute(SegmentedRaftLogWorker.java:566)
	at org.apache.ratis.server.raftlog.segmented.SegmentedRaftLogWorker.run(SegmentedRaftLogWorker.java:289)
	at java.lang.Thread.run(Thread.java:748)
2019-09-26 21:19:12,386 [9ce0b59e-153f-4f41-8aed-492a76d80b48@group-00CF13531264-SegmentedRaftLogWorker] INFO  impl.RaftServerImpl (RaftServerImpl.java:lambda$shutdown$3(251)) - 9ce0b59e-153f-4f41-8aed-492a76d80b48@group-00CF13531264: shutdown
2019-09-26 21:19:12,386 [9ce0b59e-153f-4f41-8aed-492a76d80b48@group-00CF13531264-SegmentedRaftLogWorker] INFO  util.JmxRegister (JmxRegister.java:unregister(73)) - Successfully un-registered JMX Bean with object name Ratis:service=RaftServer,group=group-00CF13531264,id=9ce0b59e-153f-4f41-8aed-492a76d80b48
2019-09-26 21:19:12,386 [9ce0b59e-153f-4f41-8aed-492a76d80b48@group-00CF13531264-SegmentedRaftLogWorker] INFO  impl.RoleInfo (RoleInfo.java:shutdownLeaderState(104)) - 9ce0b59e-153f-4f41-8aed-492a76d80b48: shutdown LeaderState
2019-09-26 21:19:12,386 [9ce0b59e-153f-4f41-8aed-492a76d80b48@group-00CF13531264-SegmentedRaftLogWorker] INFO  impl.PendingRequests (PendingRequests.java:sendNotLeaderResponses(202)) - 9ce0b59e-153f-4f41-8aed-492a76d80b48-PendingRequests: sendNotLeaderResponses
2019-09-26 21:19:12,386 [9ce0b59e-153f-4f41-8aed-492a76d80b48@group-00CF13531264-SegmentedRaftLogWorker] INFO  impl.StateMachineUpdater (StateMachineUpdater.java:stopAndJoin(125)) - 9ce0b59e-153f-4f41-8aed-492a76d80b48@group-00CF13531264-StateMachineUpdater: set stopIndex = -1
2019-09-26 21:19:12,387 [9ce0b59e-153f-4f41-8aed-492a76d80b48@group-00CF13531264-SegmentedRaftLogWorker] INFO  impl.RaftServerImpl (ServerState.java:close(385)) - 9ce0b59e-153f-4f41-8aed-492a76d80b48@group-00CF13531264: closes. applyIndex: -1
2019-09-26 21:19:12,387 [9ce0b59e-153f-4f41-8aed-492a76d80b48@group-00CF13531264-SegmentedRaftLogWorker] INFO  segmented.SegmentedRaftLogWorker (SegmentedRaftLogWorker.java:close(228)) - 9ce0b59e-153f-4f41-8aed-492a76d80b48@group-00CF13531264-SegmentedRaftLogWorker close()
2019-09-26 21:19:12,394 [pool-27-thread-1] INFO  storage.RaftStorage (RaftStorage.java:format(72)) - Storage directory /workdir/hadoop-ozone/ozonefs/target/test-dir/MiniOzoneClusterImpl-5b64906c-d720-4906-b30c-b6d56a2122fd/datanode-0/data/ratis/30b383f0-6a57-4cb2-a448-7bf1e83f2834 has been successfully formatted.
2019-09-26 21:19:12,394 [pool-27-thread-1] INFO  ratis.ContainerStateMachine (ContainerStateMachine.java:loadSnapshot(230)) - group-7BF1E83F2834: The snapshot info is null. Setting the last applied indexto:(t:0, i:~)
2019-09-26 21:19:12,394 [pool-27-thread-1] INFO  server.RaftServerConfigKeys (ConfUtils.java:logGet(43)) - raft.server.notification.no-leader.timeout = 120s (custom)
2019-09-26 21:19:12,394 [pool-27-thread-1] INFO  server.RaftServerConfigKeys (ConfUtils.java:logGet(43)) - raft.server.log.use.memory = false (default)
2019-09-26 21:19:12,394 [pool-27-thread-1] INFO  server.RaftServerConfigKeys (ConfUtils.java:logGet(43)) - raft.server.log.purge.gap = 1000000 (custom)
2019-09-26 21:19:12,394 [pool-27-thread-1] INFO  server.RaftServerConfigKeys (ConfUtils.java:logGet(43)) - raft.server.log.appender.buffer.byte-limit = 33554432 (custom)
2019-09-26 21:19:12,395 [pool-27-thread-1] INFO  server.RaftServerConfigKeys (ConfUtils.java:logGet(43)) - raft.server.log.segment.size.max = 1048576 (custom)
2019-09-26 21:19:12,395 [pool-27-thread-1] INFO  server.RaftServerConfigKeys (ConfUtils.java:logGet(43)) - raft.server.log.segment.cache.num.max = 2 (custom)
2019-09-26 21:19:12,395 [pool-27-thread-1] INFO  segmented.SegmentedRaftLogWorker (SegmentedRaftLogWorker.java:<init>(172)) - new 9ce0b59e-153f-4f41-8aed-492a76d80b48@group-7BF1E83F2834-SegmentedRaftLogWorker for RaftStorage:Storage Directory /workdir/hadoop-ozone/ozonefs/target/test-dir/MiniOzoneClusterImpl-5b64906c-d720-4906-b30c-b6d56a2122fd/datanode-0/data/ratis/30b383f0-6a57-4cb2-a448-7bf1e83f2834
2019-09-26 21:19:12,395 [pool-27-thread-1] INFO  server.RaftServerConfigKeys (ConfUtils.java:logGet(43)) - raft.server.log.queue.byte-limit = 2147483647 (custom)
2019-09-26 21:19:12,395 [pool-27-thread-1] INFO  server.RaftServerConfigKeys (ConfUtils.java:logGet(43)) - raft.server.log.queue.element-limit = 1024 (custom)
2019-09-26 21:19:12,395 [pool-27-thread-1] INFO  server.RaftServerConfigKeys (ConfUtils.java:logGet(43)) - raft.server.log.segment.size.max = 1048576 (custom)
2019-09-26 21:19:12,395 [pool-27-thread-1] INFO  server.RaftServerConfigKeys (ConfUtils.java:logGet(43)) - raft.server.log.preallocated.size = 16384 (custom)
2019-09-26 21:19:12,396 [pool-27-thread-1] INFO  server.RaftServerConfigKeys (ConfUtils.java:logGet(43)) - raft.server.log.write.buffer.size = 33554432 (custom)
2019-09-26 21:19:12,396 [pool-27-thread-1] INFO  server.RaftServerConfigKeys (ConfUtils.java:logGet(43)) - raft.server.log.force.sync.num = 128 (default)
2019-09-26 21:19:12,396 [pool-27-thread-1] INFO  server.RaftServerConfigKeys (ConfUtils.java:logGet(43)) - raft.server.log.statemachine.data.sync = true (default)
2019-09-26 21:19:12,396 [pool-27-thread-1] INFO  server.RaftServerConfigKeys (ConfUtils.java:logGet(43)) - raft.server.log.statemachine.data.sync.timeout = 10s (default)
2019-09-26 21:19:12,396 [pool-27-thread-1] INFO  server.RaftServerConfigKeys (ConfUtils.java:logGet(43)) - raft.server.log.statemachine.data.sync.timeout.retry = -1 (default)
2019-09-26 21:19:12,396 [pool-27-thread-1] INFO  server.RaftServerConfigKeys (ConfUtils.java:logGet(43)) - raft.server.log.statemachine.data.caching.enabled = true (custom)
2019-09-26 21:19:12,396 [pool-27-thread-1] INFO  segmented.SegmentedRaftLogWorker (SegmentedRaftLogWorker.java:lambda$new$0(132)) - 9ce0b59e-153f-4f41-8aed-492a76d80b48@group-7BF1E83F2834-SegmentedRaftLogWorker: flushIndex: setUnconditionally 0 -> -1
2019-09-26 21:19:12,397 [pool-27-thread-1] INFO  server.RaftServerConfigKeys (ConfUtils.java:logGet(43)) - raft.server.snapshot.auto.trigger.enabled = true (custom)
2019-09-26 21:19:12,397 [pool-27-thread-1] INFO  server.RaftServerConfigKeys (ConfUtils.java:logGet(43)) - raft.server.snapshot.auto.trigger.threshold = 10000 (custom)
2019-09-26 21:19:12,397 [pool-27-thread-1] INFO  server.RaftServerConfigKeys (ConfUtils.java:logGet(43)) - raft.server.snapshot.retention.num.files = 5 (custom)
2019-09-26 21:19:12,397 [pool-27-thread-1] INFO  server.RaftServerConfigKeys (ConfUtils.java:logGet(43)) - raft.server.retrycache.expirytime = 600000ms (custom)
2019-09-26 21:19:12,399 [pool-27-thread-1] INFO  impl.RaftServerImpl (RaftServerImpl.java:start(185)) - 9ce0b59e-153f-4f41-8aed-492a76d80b48@group-7BF1E83F2834: start as a follower, conf=-1: [9ce0b59e-153f-4f41-8aed-492a76d80b48:192.168.151.99:34156], old=null
2019-09-26 21:19:12,399 [pool-27-thread-1] INFO  impl.RaftServerImpl (RaftServerImpl.java:setRole(174)) - 9ce0b59e-153f-4f41-8aed-492a76d80b48@group-7BF1E83F2834: changes role from      null to FOLLOWER at term 0 for startAsFollower
2019-09-26 21:19:12,399 [pool-27-thread-1] INFO  impl.RoleInfo (RoleInfo.java:updateAndGet(143)) - 9ce0b59e-153f-4f41-8aed-492a76d80b48: start FollowerState
2019-09-26 21:19:12,399 [pool-27-thread-1] INFO  util.JmxRegister (JmxRegister.java:tryRegister(44)) - Successfully registered JMX Bean with object name Ratis:service=RaftServer,group=group-7BF1E83F2834,id=9ce0b59e-153f-4f41-8aed-492a76d80b48
2019-09-26 21:19:12,402 [RatisPipelineUtilsThread] INFO  pipeline.PipelineStateManager (PipelineStateManager.java:addPipeline(56)) - Created pipeline Pipeline[ Id: 30b383f0-6a57-4cb2-a448-7bf1e83f2834, Nodes: 9ce0b59e-153f-4f41-8aed-492a76d80b48{ip: 192.168.151.99, host: pr-hdds-1569-g6sp5-2013761785, networkLocation: /default-rack, certSerialId: null}, Type:RATIS, Factor:ONE, State:OPEN]
2019-09-26 21:19:12,407 [grpc-default-executor-2] INFO  impl.RaftServerProxy (RaftServerProxy.java:addNew(89)) - 9ce0b59e-153f-4f41-8aed-492a76d80b48: addNew group-514D036A21E3:[9ce0b59e-153f-4f41-8aed-492a76d80b48:192.168.151.99:34156] returns group-514D036A21E3:java.util.concurrent.CompletableFuture@65927e93[Not completed]
2019-09-26 21:19:12,408 [pool-27-thread-1] INFO  impl.RaftServerImpl (RaftServerImpl.java:<init>(95)) - 9ce0b59e-153f-4f41-8aed-492a76d80b48: new RaftServerImpl for group-514D036A21E3:[9ce0b59e-153f-4f41-8aed-492a76d80b48:192.168.151.99:34156] with ContainerStateMachine:uninitialized
2019-09-26 21:19:12,408 [pool-27-thread-1] INFO  server.RaftServerConfigKeys (ConfUtils.java:logGet(43)) - raft.server.rpc.timeout.min = 5s (custom)
2019-09-26 21:19:12,408 [pool-27-thread-1] INFO  server.RaftServerConfigKeys (ConfUtils.java:logGet(43)) - raft.server.rpc.timeout.max = 5200ms (custom)
2019-09-26 21:19:12,408 [pool-27-thread-1] INFO  server.RaftServerConfigKeys (ConfUtils.java:logGet(43)) - raft.server.rpcslowness.timeout = 120s (custom)
2019-09-26 21:19:12,409 [pool-27-thread-1] INFO  server.RaftServerConfigKeys (ConfUtils.java:logGet(43)) - raft.server.sleep.deviation.threshold = 300 (default)
2019-09-26 21:19:12,409 [pool-27-thread-1] INFO  server.RaftServerConfigKeys (ConfUtils.java:logGet(43)) - raft.server.log.appender.install.snapshot.enabled = false (custom)
2019-09-26 21:19:12,409 [pool-27-thread-1] INFO  impl.RaftServerImpl (ServerState.java:<init>(103)) - 9ce0b59e-153f-4f41-8aed-492a76d80b48@group-514D036A21E3: ConfigurationManager, init=-1: [9ce0b59e-153f-4f41-8aed-492a76d80b48:192.168.151.99:34156], old=null, confs=<EMPTY_MAP>
2019-09-26 21:19:12,409 [pool-27-thread-1] INFO  server.RaftServerConfigKeys (ConfUtils.java:logGet(43)) - raft.server.storage.dir = [/workdir/hadoop-ozone/ozonefs/target/test-dir/MiniOzoneClusterImpl-5b64906c-d720-4906-b30c-b6d56a2122fd/datanode-0/data/ratis] (custom)
2019-09-26 21:19:12,409 [pool-27-thread-1] INFO  storage.RaftStorageDirectory (RaftStorageDirectory.java:analyzeStorage(246)) - The storage directory /workdir/hadoop-ozone/ozonefs/target/test-dir/MiniOzoneClusterImpl-5b64906c-d720-4906-b30c-b6d56a2122fd/datanode-0/data/ratis/676a1020-1146-4c2d-aded-514d036a21e3 does not exist. Creating ...
2019-09-26 21:19:12,423 [pool-27-thread-1] INFO  storage.RaftStorageDirectory (RaftStorageDirectory.java:tryLock(328)) - Lock on /workdir/hadoop-ozone/ozonefs/target/test-dir/MiniOzoneClusterImpl-5b64906c-d720-4906-b30c-b6d56a2122fd/datanode-0/data/ratis/676a1020-1146-4c2d-aded-514d036a21e3/in_use.lock acquired by nodename 10701@pr-hdds-1569-g6sp5-2013761785
2019-09-26 21:19:12,436 [pool-27-thread-1] INFO  storage.RaftStorage (RaftStorage.java:format(72)) - Storage directory /workdir/hadoop-ozone/ozonefs/target/test-dir/MiniOzoneClusterImpl-5b64906c-d720-4906-b30c-b6d56a2122fd/datanode-0/data/ratis/676a1020-1146-4c2d-aded-514d036a21e3 has been successfully formatted.
2019-09-26 21:19:12,436 [pool-27-thread-1] INFO  ratis.ContainerStateMachine (ContainerStateMachine.java:loadSnapshot(230)) - group-514D036A21E3: The snapshot info is null. Setting the last applied indexto:(t:0, i:~)
2019-09-26 21:19:12,436 [pool-27-thread-1] INFO  server.RaftServerConfigKeys (ConfUtils.java:logGet(43)) - raft.server.notification.no-leader.timeout = 120s (custom)
2019-09-26 21:19:12,436 [pool-27-thread-1] INFO  server.RaftServerConfigKeys (ConfUtils.java:logGet(43)) - raft.server.log.use.memory = false (default)
2019-09-26 21:19:12,436 [pool-27-thread-1] INFO  server.RaftServerConfigKeys (ConfUtils.java:logGet(43)) - raft.server.log.purge.gap = 1000000 (custom)
2019-09-26 21:19:12,436 [pool-27-thread-1] INFO  server.RaftServerConfigKeys (ConfUtils.java:logGet(43)) - raft.server.log.appender.buffer.byte-limit = 33554432 (custom)
2019-09-26 21:19:12,437 [pool-27-thread-1] INFO  server.RaftServerConfigKeys (ConfUtils.java:logGet(43)) - raft.server.log.segment.size.max = 1048576 (custom)
2019-09-26 21:19:12,437 [pool-27-thread-1] INFO  server.RaftServerConfigKeys (ConfUtils.java:logGet(43)) - raft.server.log.segment.cache.num.max = 2 (custom)
2019-09-26 21:19:12,437 [pool-27-thread-1] INFO  segmented.SegmentedRaftLogWorker (SegmentedRaftLogWorker.java:<init>(172)) - new 9ce0b59e-153f-4f41-8aed-492a76d80b48@group-514D036A21E3-SegmentedRaftLogWorker for RaftStorage:Storage Directory /workdir/hadoop-ozone/ozonefs/target/test-dir/MiniOzoneClusterImpl-5b64906c-d720-4906-b30c-b6d56a2122fd/datanode-0/data/ratis/676a1020-1146-4c2d-aded-514d036a21e3
2019-09-26 21:19:12,437 [pool-27-thread-1] INFO  server.RaftServerConfigKeys (ConfUtils.java:logGet(43)) - raft.server.log.queue.byte-limit = 2147483647 (custom)
2019-09-26 21:19:12,437 [pool-27-thread-1] INFO  server.RaftServerConfigKeys (ConfUtils.java:logGet(43)) - raft.server.log.queue.element-limit = 1024 (custom)
2019-09-26 21:19:12,437 [pool-27-thread-1] INFO  server.RaftServerConfigKeys (ConfUtils.java:logGet(43)) - raft.server.log.segment.size.max = 1048576 (custom)
2019-09-26 21:19:12,437 [pool-27-thread-1] INFO  server.RaftServerConfigKeys (ConfUtils.java:logGet(43)) - raft.server.log.preallocated.size = 16384 (custom)
2019-09-26 21:19:12,437 [pool-27-thread-1] INFO  server.RaftServerConfigKeys (ConfUtils.java:logGet(43)) - raft.server.log.write.buffer.size = 33554432 (custom)
2019-09-26 21:19:12,437 [pool-27-thread-1] INFO  server.RaftServerConfigKeys (ConfUtils.java:logGet(43)) - raft.server.log.force.sync.num = 128 (default)
2019-09-26 21:19:12,438 [pool-27-thread-1] INFO  server.RaftServerConfigKeys (ConfUtils.java:logGet(43)) - raft.server.log.statemachine.data.sync = true (default)
2019-09-26 21:19:12,438 [pool-27-thread-1] INFO  server.RaftServerConfigKeys (ConfUtils.java:logGet(43)) - raft.server.log.statemachine.data.sync.timeout = 10s (default)
2019-09-26 21:19:12,438 [pool-27-thread-1] INFO  server.RaftServerConfigKeys (ConfUtils.java:logGet(43)) - raft.server.log.statemachine.data.sync.timeout.retry = -1 (default)
2019-09-26 21:19:12,438 [pool-27-thread-1] INFO  server.RaftServerConfigKeys (ConfUtils.java:logGet(43)) - raft.server.log.statemachine.data.caching.enabled = true (custom)
2019-09-26 21:19:12,438 [pool-27-thread-1] INFO  segmented.SegmentedRaftLogWorker (SegmentedRaftLogWorker.java:lambda$new$0(132)) - 9ce0b59e-153f-4f41-8aed-492a76d80b48@group-514D036A21E3-SegmentedRaftLogWorker: flushIndex: setUnconditionally 0 -> -1
2019-09-26 21:19:12,438 [pool-27-thread-1] INFO  server.RaftServerConfigKeys (ConfUtils.java:logGet(43)) - raft.server.snapshot.auto.trigger.enabled = true (custom)
2019-09-26 21:19:12,439 [pool-27-thread-1] INFO  server.RaftServerConfigKeys (ConfUtils.java:logGet(43)) - raft.server.snapshot.auto.trigger.threshold = 10000 (custom)
2019-09-26 21:19:12,439 [pool-27-thread-1] INFO  server.RaftServerConfigKeys (ConfUtils.java:logGet(43)) - raft.server.snapshot.retention.num.files = 5 (custom)
2019-09-26 21:19:12,439 [pool-27-thread-1] INFO  server.RaftServerConfigKeys (ConfUtils.java:logGet(43)) - raft.server.retrycache.expirytime = 600000ms (custom)
2019-09-26 21:19:12,440 [pool-27-thread-1] INFO  impl.RaftServerImpl (RaftServerImpl.java:start(185)) - 9ce0b59e-153f-4f41-8aed-492a76d80b48@group-514D036A21E3: start as a follower, conf=-1: [9ce0b59e-153f-4f41-8aed-492a76d80b48:192.168.151.99:34156], old=null
2019-09-26 21:19:12,440 [pool-27-thread-1] INFO  impl.RaftServerImpl (RaftServerImpl.java:setRole(174)) - 9ce0b59e-153f-4f41-8aed-492a76d80b48@group-514D036A21E3: changes role from      null to FOLLOWER at term 0 for startAsFollower
2019-09-26 21:19:12,441 [pool-27-thread-1] INFO  impl.RoleInfo (RoleInfo.java:updateAndGet(143)) - 9ce0b59e-153f-4f41-8aed-492a76d80b48: start FollowerState
2019-09-26 21:19:12,441 [pool-27-thread-1] INFO  util.JmxRegister (JmxRegister.java:tryRegister(44)) - Successfully registered JMX Bean with object name Ratis:service=RaftServer,group=group-514D036A21E3,id=9ce0b59e-153f-4f41-8aed-492a76d80b48
2019-09-26 21:19:12,443 [RatisPipelineUtilsThread] INFO  pipeline.PipelineStateManager (PipelineStateManager.java:addPipeline(56)) - Created pipeline Pipeline[ Id: 676a1020-1146-4c2d-aded-514d036a21e3, Nodes: 9ce0b59e-153f-4f41-8aed-492a76d80b48{ip: 192.168.151.99, host: pr-hdds-1569-g6sp5-2013761785, networkLocation: /default-rack, certSerialId: null}, Type:RATIS, Factor:ONE, State:OPEN]
2019-09-26 21:19:12,444 [IPC Server handler 17 on 33705] INFO  block.BlockManagerImpl (BlockManagerImpl.java:allocateBlock(198)) - Could not find available pipeline of type:RATIS and factor:THREE even after retrying
2019-09-26 21:19:12,444 [IPC Server handler 17 on 33705] ERROR block.BlockManagerImpl (BlockManagerImpl.java:allocateBlock(222)) - Unable to allocate a block for the size: 4194304, type: RATIS, factor: THREE
2019-09-26 21:19:12,448 [grpc-default-executor-2] INFO  impl.RaftServerProxy (RaftServerProxy.java:addNew(89)) - 9ce0b59e-153f-4f41-8aed-492a76d80b48: addNew group-B087709E6FAB:[9ce0b59e-153f-4f41-8aed-492a76d80b48:192.168.151.99:34156] returns group-B087709E6FAB:java.util.concurrent.CompletableFuture@5ea37a38[Not completed]
2019-09-26 21:19:12,449 [pool-27-thread-1] INFO  impl.RaftServerImpl (RaftServerImpl.java:<init>(95)) - 9ce0b59e-153f-4f41-8aed-492a76d80b48: new RaftServerImpl for group-B087709E6FAB:[9ce0b59e-153f-4f41-8aed-492a76d80b48:192.168.151.99:34156] with ContainerStateMachine:uninitialized
2019-09-26 21:19:12,449 [pool-27-thread-1] INFO  server.RaftServerConfigKeys (ConfUtils.java:logGet(43)) - raft.server.rpc.timeout.min = 5s (custom)
2019-09-26 21:19:12,449 [pool-27-thread-1] INFO  server.RaftServerConfigKeys (ConfUtils.java:logGet(43)) - raft.server.rpc.timeout.max = 5200ms (custom)
2019-09-26 21:19:12,449 [pool-27-thread-1] INFO  server.RaftServerConfigKeys (ConfUtils.java:logGet(43)) - raft.server.rpcslowness.timeout = 120s (custom)
2019-09-26 21:19:12,449 [pool-27-thread-1] INFO  server.RaftServerConfigKeys (ConfUtils.java:logGet(43)) - raft.server.sleep.deviation.threshold = 300 (default)
2019-09-26 21:19:12,450 [pool-27-thread-1] INFO  server.RaftServerConfigKeys (ConfUtils.java:logGet(43)) - raft.server.log.appender.install.snapshot.enabled = false (custom)
2019-09-26 21:19:12,450 [pool-27-thread-1] INFO  impl.RaftServerImpl (ServerState.java:<init>(103)) - 9ce0b59e-153f-4f41-8aed-492a76d80b48@group-B087709E6FAB: ConfigurationManager, init=-1: [9ce0b59e-153f-4f41-8aed-492a76d80b48:192.168.151.99:34156], old=null, confs=<EMPTY_MAP>
2019-09-26 21:19:12,450 [pool-27-thread-1] INFO  server.RaftServerConfigKeys (ConfUtils.java:logGet(43)) - raft.server.storage.dir = [/workdir/hadoop-ozone/ozonefs/target/test-dir/MiniOzoneClusterImpl-5b64906c-d720-4906-b30c-b6d56a2122fd/datanode-0/data/ratis] (custom)
2019-09-26 21:19:12,450 [pool-27-thread-1] INFO  storage.RaftStorageDirectory (RaftStorageDirectory.java:analyzeStorage(246)) - The storage directory /workdir/hadoop-ozone/ozonefs/target/test-dir/MiniOzoneClusterImpl-5b64906c-d720-4906-b30c-b6d56a2122fd/datanode-0/data/ratis/aa45c9e7-bd7d-4cb2-9b0e-b087709e6fab does not exist. Creating ...
2019-09-26 21:19:12,463 [pool-27-thread-1] INFO  storage.RaftStorageDirectory (RaftStorageDirectory.java:tryLock(328)) - Lock on /workdir/hadoop-ozone/ozonefs/target/test-dir/MiniOzoneClusterImpl-5b64906c-d720-4906-b30c-b6d56a2122fd/datanode-0/data/ratis/aa45c9e7-bd7d-4cb2-9b0e-b087709e6fab/in_use.lock acquired by nodename 10701@pr-hdds-1569-g6sp5-2013761785
2019-09-26 21:19:12,485 [pool-27-thread-1] INFO  storage.RaftStorage (RaftStorage.java:format(72)) - Storage directory /workdir/hadoop-ozone/ozonefs/target/test-dir/MiniOzoneClusterImpl-5b64906c-d720-4906-b30c-b6d56a2122fd/datanode-0/data/ratis/aa45c9e7-bd7d-4cb2-9b0e-b087709e6fab has been successfully formatted.
2019-09-26 21:19:12,485 [pool-27-thread-1] INFO  ratis.ContainerStateMachine (ContainerStateMachine.java:loadSnapshot(230)) - group-B087709E6FAB: The snapshot info is null. Setting the last applied indexto:(t:0, i:~)
2019-09-26 21:19:12,485 [pool-27-thread-1] INFO  server.RaftServerConfigKeys (ConfUtils.java:logGet(43)) - raft.server.notification.no-leader.timeout = 120s (custom)
2019-09-26 21:19:12,485 [pool-27-thread-1] INFO  server.RaftServerConfigKeys (ConfUtils.java:logGet(43)) - raft.server.log.use.memory = false (default)
2019-09-26 21:19:12,485 [pool-27-thread-1] INFO  server.RaftServerConfigKeys (ConfUtils.java:logGet(43)) - raft.server.log.purge.gap = 1000000 (custom)
2019-09-26 21:19:12,486 [pool-27-thread-1] INFO  server.RaftServerConfigKeys (ConfUtils.java:logGet(43)) - raft.server.log.appender.buffer.byte-limit = 33554432 (custom)
2019-09-26 21:19:12,486 [pool-27-thread-1] INFO  server.RaftServerConfigKeys (ConfUtils.java:logGet(43)) - raft.server.log.segment.size.max = 1048576 (custom)
2019-09-26 21:19:12,486 [pool-27-thread-1] INFO  server.RaftServerConfigKeys (ConfUtils.java:logGet(43)) - raft.server.log.segment.cache.num.max = 2 (custom)
2019-09-26 21:19:12,486 [pool-27-thread-1] INFO  segmented.SegmentedRaftLogWorker (SegmentedRaftLogWorker.java:<init>(172)) - new 9ce0b59e-153f-4f41-8aed-492a76d80b48@group-B087709E6FAB-SegmentedRaftLogWorker for RaftStorage:Storage Directory /workdir/hadoop-ozone/ozonefs/target/test-dir/MiniOzoneClusterImpl-5b64906c-d720-4906-b30c-b6d56a2122fd/datanode-0/data/ratis/aa45c9e7-bd7d-4cb2-9b0e-b087709e6fab
2019-09-26 21:19:12,486 [pool-27-thread-1] INFO  server.RaftServerConfigKeys (ConfUtils.java:logGet(43)) - raft.server.log.queue.byte-limit = 2147483647 (custom)
2019-09-26 21:19:12,486 [pool-27-thread-1] INFO  server.RaftServerConfigKeys (ConfUtils.java:logGet(43)) - raft.server.log.queue.element-limit = 1024 (custom)
2019-09-26 21:19:12,486 [pool-27-thread-1] INFO  server.RaftServerConfigKeys (ConfUtils.java:logGet(43)) - raft.server.log.segment.size.max = 1048576 (custom)
2019-09-26 21:19:12,486 [pool-27-thread-1] INFO  server.RaftServerConfigKeys (ConfUtils.java:logGet(43)) - raft.server.log.preallocated.size = 16384 (custom)
2019-09-26 21:19:12,486 [pool-27-thread-1] INFO  server.RaftServerConfigKeys (ConfUtils.java:logGet(43)) - raft.server.log.write.buffer.size = 33554432 (custom)
2019-09-26 21:19:12,486 [pool-27-thread-1] INFO  server.RaftServerConfigKeys (ConfUtils.java:logGet(43)) - raft.server.log.force.sync.num = 128 (default)
2019-09-26 21:19:12,487 [pool-27-thread-1] INFO  server.RaftServerConfigKeys (ConfUtils.java:logGet(43)) - raft.server.log.statemachine.data.sync = true (default)
2019-09-26 21:19:12,487 [pool-27-thread-1] INFO  server.RaftServerConfigKeys (ConfUtils.java:logGet(43)) - raft.server.log.statemachine.data.sync.timeout = 10s (default)
2019-09-26 21:19:12,487 [pool-27-thread-1] INFO  server.RaftServerConfigKeys (ConfUtils.java:logGet(43)) - raft.server.log.statemachine.data.sync.timeout.retry = -1 (default)
2019-09-26 21:19:12,487 [pool-27-thread-1] INFO  server.RaftServerConfigKeys (ConfUtils.java:logGet(43)) - raft.server.log.statemachine.data.caching.enabled = true (custom)
2019-09-26 21:19:12,487 [pool-27-thread-1] INFO  segmented.SegmentedRaftLogWorker (SegmentedRaftLogWorker.java:lambda$new$0(132)) - 9ce0b59e-153f-4f41-8aed-492a76d80b48@group-B087709E6FAB-SegmentedRaftLogWorker: flushIndex: setUnconditionally 0 -> -1
2019-09-26 21:19:12,487 [pool-27-thread-1] INFO  server.RaftServerConfigKeys (ConfUtils.java:logGet(43)) - raft.server.snapshot.auto.trigger.enabled = true (custom)
2019-09-26 21:19:12,488 [pool-27-thread-1] INFO  server.RaftServerConfigKeys (ConfUtils.java:logGet(43)) - raft.server.snapshot.auto.trigger.threshold = 10000 (custom)
2019-09-26 21:19:12,488 [pool-27-thread-1] INFO  server.RaftServerConfigKeys (ConfUtils.java:logGet(43)) - raft.server.snapshot.retention.num.files = 5 (custom)
2019-09-26 21:19:12,488 [pool-27-thread-1] INFO  server.RaftServerConfigKeys (ConfUtils.java:logGet(43)) - raft.server.retrycache.expirytime = 600000ms (custom)
2019-09-26 21:19:12,490 [pool-27-thread-1] INFO  impl.RaftServerImpl (RaftServerImpl.java:start(185)) - 9ce0b59e-153f-4f41-8aed-492a76d80b48@group-B087709E6FAB: start as a follower, conf=-1: [9ce0b59e-153f-4f41-8aed-492a76d80b48:192.168.151.99:34156], old=null
2019-09-26 21:19:12,490 [pool-27-thread-1] INFO  impl.RaftServerImpl (RaftServerImpl.java:setRole(174)) - 9ce0b59e-153f-4f41-8aed-492a76d80b48@group-B087709E6FAB: changes role from      null to FOLLOWER at term 0 for startAsFollower
2019-09-26 21:19:12,490 [pool-27-thread-1] INFO  impl.RoleInfo (RoleInfo.java:updateAndGet(143)) - 9ce0b59e-153f-4f41-8aed-492a76d80b48: start FollowerState
2019-09-26 21:19:12,491 [pool-27-thread-1] INFO  util.JmxRegister (JmxRegister.java:tryRegister(44)) - Successfully registered JMX Bean with object name Ratis:service=RaftServer,group=group-B087709E6FAB,id=9ce0b59e-153f-4f41-8aed-492a76d80b48
2019-09-26 21:19:12,493 [RatisPipelineUtilsThread] INFO  pipeline.PipelineStateManager (PipelineStateManager.java:addPipeline(56)) - Created pipeline Pipeline[ Id: aa45c9e7-bd7d-4cb2-9b0e-b087709e6fab, Nodes: 9ce0b59e-153f-4f41-8aed-492a76d80b48{ip: 192.168.151.99, host: pr-hdds-1569-g6sp5-2013761785, networkLocation: /default-rack, certSerialId: null}, Type:RATIS, Factor:ONE, State:OPEN]
2019-09-26 21:19:12,502 [grpc-default-executor-2] INFO  impl.RaftServerProxy (RaftServerProxy.java:addNew(89)) - 9ce0b59e-153f-4f41-8aed-492a76d80b48: addNew group-2D4E45E064A9:[9ce0b59e-153f-4f41-8aed-492a76d80b48:192.168.151.99:34156] returns group-2D4E45E064A9:java.util.concurrent.CompletableFuture@2706354[Not completed]
2019-09-26 21:19:12,503 [pool-27-thread-1] INFO  impl.RaftServerImpl (RaftServerImpl.java:<init>(95)) - 9ce0b59e-153f-4f41-8aed-492a76d80b48: new RaftServerImpl for group-2D4E45E064A9:[9ce0b59e-153f-4f41-8aed-492a76d80b48:192.168.151.99:34156] with ContainerStateMachine:uninitialized
2019-09-26 21:19:12,503 [pool-27-thread-1] INFO  server.RaftServerConfigKeys (ConfUtils.java:logGet(43)) - raft.server.rpc.timeout.min = 5s (custom)
2019-09-26 21:19:12,503 [pool-27-thread-1] INFO  server.RaftServerConfigKeys (ConfUtils.java:logGet(43)) - raft.server.rpc.timeout.max = 5200ms (custom)
2019-09-26 21:19:12,503 [pool-27-thread-1] INFO  server.RaftServerConfigKeys (ConfUtils.java:logGet(43)) - raft.server.rpcslowness.timeout = 120s (custom)
2019-09-26 21:19:12,503 [pool-27-thread-1] INFO  server.RaftServerConfigKeys (ConfUtils.java:logGet(43)) - raft.server.sleep.deviation.threshold = 300 (default)
2019-09-26 21:19:12,503 [pool-27-thread-1] INFO  server.RaftServerConfigKeys (ConfUtils.java:logGet(43)) - raft.server.log.appender.install.snapshot.enabled = false (custom)
2019-09-26 21:19:12,503 [pool-27-thread-1] INFO  impl.RaftServerImpl (ServerState.java:<init>(103)) - 9ce0b59e-153f-4f41-8aed-492a76d80b48@group-2D4E45E064A9: ConfigurationManager, init=-1: [9ce0b59e-153f-4f41-8aed-492a76d80b48:192.168.151.99:34156], old=null, confs=<EMPTY_MAP>
2019-09-26 21:19:12,504 [pool-27-thread-1] INFO  server.RaftServerConfigKeys (ConfUtils.java:logGet(43)) - raft.server.storage.dir = [/workdir/hadoop-ozone/ozonefs/target/test-dir/MiniOzoneClusterImpl-5b64906c-d720-4906-b30c-b6d56a2122fd/datanode-0/data/ratis] (custom)
2019-09-26 21:19:12,504 [pool-27-thread-1] INFO  storage.RaftStorageDirectory (RaftStorageDirectory.java:analyzeStorage(246)) - The storage directory /workdir/hadoop-ozone/ozonefs/target/test-dir/MiniOzoneClusterImpl-5b64906c-d720-4906-b30c-b6d56a2122fd/datanode-0/data/ratis/c4f5638e-5607-4f76-9364-2d4e45e064a9 does not exist. Creating ...
2019-09-26 21:19:12,517 [pool-27-thread-1] INFO  storage.RaftStorageDirectory (RaftStorageDirectory.java:tryLock(328)) - Lock on /workdir/hadoop-ozone/ozonefs/target/test-dir/MiniOzoneClusterImpl-5b64906c-d720-4906-b30c-b6d56a2122fd/datanode-0/data/ratis/c4f5638e-5607-4f76-9364-2d4e45e064a9/in_use.lock acquired by nodename 10701@pr-hdds-1569-g6sp5-2013761785
2019-09-26 21:19:12,531 [pool-27-thread-1] INFO  storage.RaftStorage (RaftStorage.java:format(72)) - Storage directory /workdir/hadoop-ozone/ozonefs/target/test-dir/MiniOzoneClusterImpl-5b64906c-d720-4906-b30c-b6d56a2122fd/datanode-0/data/ratis/c4f5638e-5607-4f76-9364-2d4e45e064a9 has been successfully formatted.
2019-09-26 21:19:12,531 [pool-27-thread-1] INFO  ratis.ContainerStateMachine (ContainerStateMachine.java:loadSnapshot(230)) - group-2D4E45E064A9: The snapshot info is null. Setting the last applied indexto:(t:0, i:~)
2019-09-26 21:19:12,531 [pool-27-thread-1] INFO  server.RaftServerConfigKeys (ConfUtils.java:logGet(43)) - raft.server.notification.no-leader.timeout = 120s (custom)
2019-09-26 21:19:12,531 [pool-27-thread-1] INFO  server.RaftServerConfigKeys (ConfUtils.java:logGet(43)) - raft.server.log.use.memory = false (default)
2019-09-26 21:19:12,532 [pool-27-thread-1] INFO  server.RaftServerConfigKeys (ConfUtils.java:logGet(43)) - raft.server.log.purge.gap = 1000000 (custom)
2019-09-26 21:19:12,532 [pool-27-thread-1] INFO  server.RaftServerConfigKeys (ConfUtils.java:logGet(43)) - raft.server.log.appender.buffer.byte-limit = 33554432 (custom)
2019-09-26 21:19:12,532 [pool-27-thread-1] INFO  server.RaftServerConfigKeys (ConfUtils.java:logGet(43)) - raft.server.log.segment.size.max = 1048576 (custom)
2019-09-26 21:19:12,532 [pool-27-thread-1] INFO  server.RaftServerConfigKeys (ConfUtils.java:logGet(43)) - raft.server.log.segment.cache.num.max = 2 (custom)
2019-09-26 21:19:12,532 [pool-27-thread-1] INFO  segmented.SegmentedRaftLogWorker (SegmentedRaftLogWorker.java:<init>(172)) - new 9ce0b59e-153f-4f41-8aed-492a76d80b48@group-2D4E45E064A9-SegmentedRaftLogWorker for RaftStorage:Storage Directory /workdir/hadoop-ozone/ozonefs/target/test-dir/MiniOzoneClusterImpl-5b64906c-d720-4906-b30c-b6d56a2122fd/datanode-0/data/ratis/c4f5638e-5607-4f76-9364-2d4e45e064a9
2019-09-26 21:19:12,532 [pool-27-thread-1] INFO  server.RaftServerConfigKeys (ConfUtils.java:logGet(43)) - raft.server.log.queue.byte-limit = 2147483647 (custom)
2019-09-26 21:19:12,533 [pool-27-thread-1] INFO  server.RaftServerConfigKeys (ConfUtils.java:logGet(43)) - raft.server.log.queue.element-limit = 1024 (custom)
2019-09-26 21:19:12,533 [pool-27-thread-1] INFO  server.RaftServerConfigKeys (ConfUtils.java:logGet(43)) - raft.server.log.segment.size.max = 1048576 (custom)
2019-09-26 21:19:12,533 [pool-27-thread-1] INFO  server.RaftServerConfigKeys (ConfUtils.java:logGet(43)) - raft.server.log.preallocated.size = 16384 (custom)
2019-09-26 21:19:12,533 [pool-27-thread-1] INFO  server.RaftServerConfigKeys (ConfUtils.java:logGet(43)) - raft.server.log.write.buffer.size = 33554432 (custom)
2019-09-26 21:19:12,533 [pool-27-thread-1] INFO  server.RaftServerConfigKeys (ConfUtils.java:logGet(43)) - raft.server.log.force.sync.num = 128 (default)
2019-09-26 21:19:12,533 [pool-27-thread-1] INFO  server.RaftServerConfigKeys (ConfUtils.java:logGet(43)) - raft.server.log.statemachine.data.sync = true (default)
2019-09-26 21:19:12,533 [pool-27-thread-1] INFO  server.RaftServerConfigKeys (ConfUtils.java:logGet(43)) - raft.server.log.statemachine.data.sync.timeout = 10s (default)
2019-09-26 21:19:12,534 [pool-27-thread-1] INFO  server.RaftServerConfigKeys (ConfUtils.java:logGet(43)) - raft.server.log.statemachine.data.sync.timeout.retry = -1 (default)
2019-09-26 21:19:12,534 [pool-27-thread-1] INFO  server.RaftServerConfigKeys (ConfUtils.java:logGet(43)) - raft.server.log.statemachine.data.caching.enabled = true (custom)
]]></system-out>
    <system-err><![CDATA[ERROR StatusLogger No Log4j 2 configuration file found. Using default configuration (logging only errors to the console), or user programmatically provided configurations. Set system property 'log4j2.debug' to show Log4j 2 internal initialization logging. See https://logging.apache.org/log4j/2.x/manual/configuration.html for instructions on how to configure Log4j 2
]]></system-err>
  </testcase>
  <testcase name="testDeleteDeepEmptyDir" classname="org.apache.hadoop.fs.ozone.contract.ITestOzoneContractDelete" time="0.241"/>
  <testcase name="testDeleteSingleFile" classname="org.apache.hadoop.fs.ozone.contract.ITestOzoneContractDelete" time="19.784">
    <error message="Allocated 0 blocks. Requested 1 blocks" type="INTERNAL_ERROR org.apache.hadoop.ozone.om.exceptions.OMException">INTERNAL_ERROR org.apache.hadoop.ozone.om.exceptions.OMException: Allocated 0 blocks. Requested 1 blocks
	at org.apache.hadoop.ozone.om.protocolPB.OzoneManagerProtocolClientSideTranslatorPB.handleError(OzoneManagerProtocolClientSideTranslatorPB.java:732)
	at org.apache.hadoop.ozone.om.protocolPB.OzoneManagerProtocolClientSideTranslatorPB.createFile(OzoneManagerProtocolClientSideTranslatorPB.java:1536)
	at sun.reflect.NativeMethodAccessorImpl.invoke0(Native Method)
	at sun.reflect.NativeMethodAccessorImpl.invoke(NativeMethodAccessorImpl.java:62)
	at sun.reflect.DelegatingMethodAccessorImpl.invoke(DelegatingMethodAccessorImpl.java:43)
	at java.lang.reflect.Method.invoke(Method.java:498)
	at org.apache.hadoop.hdds.tracing.TraceAllMethod.invoke(TraceAllMethod.java:66)
	at com.sun.proxy.$Proxy41.createFile(Unknown Source)
	at org.apache.hadoop.ozone.client.rpc.RpcClient.createFile(RpcClient.java:1006)
	at org.apache.hadoop.ozone.client.OzoneBucket.createFile(OzoneBucket.java:537)
	at org.apache.hadoop.fs.ozone.BasicOzoneClientAdapterImpl.createFile(BasicOzoneClientAdapterImpl.java:205)
	at org.apache.hadoop.fs.ozone.BasicOzoneFileSystem.createOutputStream(BasicOzoneFileSystem.java:250)
	at org.apache.hadoop.fs.ozone.BasicOzoneFileSystem.create(BasicOzoneFileSystem.java:231)
	at org.apache.hadoop.fs.FileSystem.create(FileSystem.java:1118)
	at org.apache.hadoop.fs.FileSystem.create(FileSystem.java:1098)
	at org.apache.hadoop.fs.FileSystem.create(FileSystem.java:987)
	at org.apache.hadoop.fs.contract.ContractTestUtils.createFile(ContractTestUtils.java:633)
	at org.apache.hadoop.fs.contract.ContractTestUtils.writeTextFile(ContractTestUtils.java:617)
	at org.apache.hadoop.fs.contract.AbstractContractDeleteTest.testDeleteSingleFile(AbstractContractDeleteTest.java:117)
	at sun.reflect.NativeMethodAccessorImpl.invoke0(Native Method)
	at sun.reflect.NativeMethodAccessorImpl.invoke(NativeMethodAccessorImpl.java:62)
	at sun.reflect.DelegatingMethodAccessorImpl.invoke(DelegatingMethodAccessorImpl.java:43)
	at java.lang.reflect.Method.invoke(Method.java:498)
	at org.junit.runners.model.FrameworkMethod$1.runReflectiveCall(FrameworkMethod.java:47)
	at org.junit.internal.runners.model.ReflectiveCallable.run(ReflectiveCallable.java:12)
	at org.junit.runners.model.FrameworkMethod.invokeExplosively(FrameworkMethod.java:44)
	at org.junit.internal.runners.statements.InvokeMethod.evaluate(InvokeMethod.java:17)
	at org.junit.internal.runners.statements.RunBefores.evaluate(RunBefores.java:26)
	at org.junit.internal.runners.statements.RunAfters.evaluate(RunAfters.java:27)
	at org.junit.rules.TestWatcher$1.evaluate(TestWatcher.java:55)
	at org.junit.internal.runners.statements.FailOnTimeout$StatementThread.run(FailOnTimeout.java:74)
</error>
    <system-out><![CDATA[2019-09-26 21:19:12,795 [pool-67-thread-1] INFO  storage.RaftStorageDirectory (RaftStorageDirectory.java:tryLock(328)) - Lock on /workdir/hadoop-ozone/ozonefs/target/test-dir/MiniOzoneClusterImpl-5b64906c-d720-4906-b30c-b6d56a2122fd/datanode-4/data/ratis/1570aa4f-34ab-4545-a33f-0604b4d664e6/in_use.lock acquired by nodename 10701@pr-hdds-1569-g6sp5-2013761785
2019-09-26 21:19:12,812 [pool-67-thread-1] INFO  storage.RaftStorage (RaftStorage.java:format(72)) - Storage directory /workdir/hadoop-ozone/ozonefs/target/test-dir/MiniOzoneClusterImpl-5b64906c-d720-4906-b30c-b6d56a2122fd/datanode-4/data/ratis/1570aa4f-34ab-4545-a33f-0604b4d664e6 has been successfully formatted.
2019-09-26 21:19:12,812 [Thread-1030] INFO  rpc.RpcClient (RpcClient.java:createVolume(276)) - Creating Volume: volume06746, with user86352 as owner.
2019-09-26 21:19:12,815 [pool-67-thread-1] INFO  ratis.ContainerStateMachine (ContainerStateMachine.java:loadSnapshot(230)) - group-0604B4D664E6: The snapshot info is null. Setting the last applied indexto:(t:0, i:~)
2019-09-26 21:19:12,815 [pool-67-thread-1] INFO  server.RaftServerConfigKeys (ConfUtils.java:logGet(43)) - raft.server.notification.no-leader.timeout = 120s (custom)
2019-09-26 21:19:12,815 [pool-67-thread-1] INFO  server.RaftServerConfigKeys (ConfUtils.java:logGet(43)) - raft.server.log.use.memory = false (default)
2019-09-26 21:19:12,815 [pool-67-thread-1] INFO  server.RaftServerConfigKeys (ConfUtils.java:logGet(43)) - raft.server.log.purge.gap = 1000000 (custom)
2019-09-26 21:19:12,815 [pool-67-thread-1] INFO  server.RaftServerConfigKeys (ConfUtils.java:logGet(43)) - raft.server.log.appender.buffer.byte-limit = 33554432 (custom)
2019-09-26 21:19:12,816 [pool-67-thread-1] INFO  server.RaftServerConfigKeys (ConfUtils.java:logGet(43)) - raft.server.log.segment.size.max = 1048576 (custom)
2019-09-26 21:19:12,816 [pool-67-thread-1] INFO  server.RaftServerConfigKeys (ConfUtils.java:logGet(43)) - raft.server.log.segment.cache.num.max = 2 (custom)
2019-09-26 21:19:12,816 [pool-67-thread-1] INFO  segmented.SegmentedRaftLogWorker (SegmentedRaftLogWorker.java:<init>(172)) - new da833d8d-e72a-4068-9560-4daa2d83adc2@group-0604B4D664E6-SegmentedRaftLogWorker for RaftStorage:Storage Directory /workdir/hadoop-ozone/ozonefs/target/test-dir/MiniOzoneClusterImpl-5b64906c-d720-4906-b30c-b6d56a2122fd/datanode-4/data/ratis/1570aa4f-34ab-4545-a33f-0604b4d664e6
2019-09-26 21:19:12,816 [pool-67-thread-1] INFO  server.RaftServerConfigKeys (ConfUtils.java:logGet(43)) - raft.server.log.queue.byte-limit = 2147483647 (custom)
2019-09-26 21:19:12,816 [pool-67-thread-1] INFO  server.RaftServerConfigKeys (ConfUtils.java:logGet(43)) - raft.server.log.queue.element-limit = 1024 (custom)
2019-09-26 21:19:12,816 [pool-67-thread-1] INFO  server.RaftServerConfigKeys (ConfUtils.java:logGet(43)) - raft.server.log.segment.size.max = 1048576 (custom)
2019-09-26 21:19:12,816 [pool-67-thread-1] INFO  server.RaftServerConfigKeys (ConfUtils.java:logGet(43)) - raft.server.log.preallocated.size = 16384 (custom)
2019-09-26 21:19:12,816 [pool-67-thread-1] INFO  server.RaftServerConfigKeys (ConfUtils.java:logGet(43)) - raft.server.log.write.buffer.size = 33554432 (custom)
2019-09-26 21:19:12,817 [pool-67-thread-1] INFO  server.RaftServerConfigKeys (ConfUtils.java:logGet(43)) - raft.server.log.force.sync.num = 128 (default)
2019-09-26 21:19:12,817 [pool-67-thread-1] INFO  server.RaftServerConfigKeys (ConfUtils.java:logGet(43)) - raft.server.log.statemachine.data.sync = true (default)
2019-09-26 21:19:12,817 [pool-67-thread-1] INFO  server.RaftServerConfigKeys (ConfUtils.java:logGet(43)) - raft.server.log.statemachine.data.sync.timeout = 10s (default)
2019-09-26 21:19:12,817 [pool-67-thread-1] INFO  server.RaftServerConfigKeys (ConfUtils.java:logGet(43)) - raft.server.log.statemachine.data.sync.timeout.retry = -1 (default)
2019-09-26 21:19:12,817 [pool-67-thread-1] INFO  server.RaftServerConfigKeys (ConfUtils.java:logGet(43)) - raft.server.log.statemachine.data.caching.enabled = true (custom)
2019-09-26 21:19:12,817 [pool-67-thread-1] INFO  segmented.SegmentedRaftLogWorker (SegmentedRaftLogWorker.java:lambda$new$0(132)) - da833d8d-e72a-4068-9560-4daa2d83adc2@group-0604B4D664E6-SegmentedRaftLogWorker: flushIndex: setUnconditionally 0 -> -1
2019-09-26 21:19:12,818 [pool-67-thread-1] INFO  server.RaftServerConfigKeys (ConfUtils.java:logGet(43)) - raft.server.snapshot.auto.trigger.enabled = true (custom)
2019-09-26 21:19:12,818 [pool-67-thread-1] INFO  server.RaftServerConfigKeys (ConfUtils.java:logGet(43)) - raft.server.snapshot.auto.trigger.threshold = 10000 (custom)
2019-09-26 21:19:12,818 [pool-67-thread-1] INFO  server.RaftServerConfigKeys (ConfUtils.java:logGet(43)) - raft.server.snapshot.retention.num.files = 5 (custom)
2019-09-26 21:19:12,818 [pool-67-thread-1] INFO  server.RaftServerConfigKeys (ConfUtils.java:logGet(43)) - raft.server.retrycache.expirytime = 600000ms (custom)
2019-09-26 21:19:12,820 [pool-67-thread-1] INFO  impl.RaftServerImpl (RaftServerImpl.java:start(185)) - da833d8d-e72a-4068-9560-4daa2d83adc2@group-0604B4D664E6: start as a follower, conf=-1: [da833d8d-e72a-4068-9560-4daa2d83adc2:192.168.151.99:38903], old=null
2019-09-26 21:19:12,820 [pool-67-thread-1] INFO  impl.RaftServerImpl (RaftServerImpl.java:setRole(174)) - da833d8d-e72a-4068-9560-4daa2d83adc2@group-0604B4D664E6: changes role from      null to FOLLOWER at term 0 for startAsFollower
2019-09-26 21:19:12,820 [pool-67-thread-1] INFO  impl.RoleInfo (RoleInfo.java:updateAndGet(143)) - da833d8d-e72a-4068-9560-4daa2d83adc2: start FollowerState
2019-09-26 21:19:12,820 [pool-67-thread-1] INFO  util.JmxRegister (JmxRegister.java:tryRegister(44)) - Successfully registered JMX Bean with object name Ratis:service=RaftServer,group=group-0604B4D664E6,id=da833d8d-e72a-4068-9560-4daa2d83adc2
2019-09-26 21:19:12,823 [RatisPipelineUtilsThread] INFO  pipeline.PipelineStateManager (PipelineStateManager.java:addPipeline(56)) - Created pipeline Pipeline[ Id: 1570aa4f-34ab-4545-a33f-0604b4d664e6, Nodes: da833d8d-e72a-4068-9560-4daa2d83adc2{ip: 192.168.151.99, host: pr-hdds-1569-g6sp5-2013761785, networkLocation: /default-rack, certSerialId: null}, Type:RATIS, Factor:ONE, State:OPEN]
2019-09-26 21:19:12,829 [grpc-default-executor-2] INFO  impl.RaftServerProxy (RaftServerProxy.java:addNew(89)) - 9ce0b59e-153f-4f41-8aed-492a76d80b48: addNew group-4BB057ED2D22:[9ce0b59e-153f-4f41-8aed-492a76d80b48:192.168.151.99:34156] returns group-4BB057ED2D22:java.util.concurrent.CompletableFuture@55899cce[Not completed]
2019-09-26 21:19:12,830 [pool-27-thread-1] INFO  impl.RaftServerImpl (RaftServerImpl.java:<init>(95)) - 9ce0b59e-153f-4f41-8aed-492a76d80b48: new RaftServerImpl for group-4BB057ED2D22:[9ce0b59e-153f-4f41-8aed-492a76d80b48:192.168.151.99:34156] with ContainerStateMachine:uninitialized
2019-09-26 21:19:12,830 [pool-27-thread-1] INFO  server.RaftServerConfigKeys (ConfUtils.java:logGet(43)) - raft.server.rpc.timeout.min = 5s (custom)
2019-09-26 21:19:12,830 [pool-27-thread-1] INFO  server.RaftServerConfigKeys (ConfUtils.java:logGet(43)) - raft.server.rpc.timeout.max = 5200ms (custom)
2019-09-26 21:19:12,830 [pool-27-thread-1] INFO  server.RaftServerConfigKeys (ConfUtils.java:logGet(43)) - raft.server.rpcslowness.timeout = 120s (custom)
2019-09-26 21:19:12,830 [pool-27-thread-1] INFO  server.RaftServerConfigKeys (ConfUtils.java:logGet(43)) - raft.server.sleep.deviation.threshold = 300 (default)
2019-09-26 21:19:12,830 [pool-27-thread-1] INFO  server.RaftServerConfigKeys (ConfUtils.java:logGet(43)) - raft.server.log.appender.install.snapshot.enabled = false (custom)
2019-09-26 21:19:12,830 [pool-27-thread-1] INFO  impl.RaftServerImpl (ServerState.java:<init>(103)) - 9ce0b59e-153f-4f41-8aed-492a76d80b48@group-4BB057ED2D22: ConfigurationManager, init=-1: [9ce0b59e-153f-4f41-8aed-492a76d80b48:192.168.151.99:34156], old=null, confs=<EMPTY_MAP>
2019-09-26 21:19:12,831 [pool-27-thread-1] INFO  server.RaftServerConfigKeys (ConfUtils.java:logGet(43)) - raft.server.storage.dir = [/workdir/hadoop-ozone/ozonefs/target/test-dir/MiniOzoneClusterImpl-5b64906c-d720-4906-b30c-b6d56a2122fd/datanode-0/data/ratis] (custom)
2019-09-26 21:19:12,831 [pool-27-thread-1] INFO  storage.RaftStorageDirectory (RaftStorageDirectory.java:analyzeStorage(246)) - The storage directory /workdir/hadoop-ozone/ozonefs/target/test-dir/MiniOzoneClusterImpl-5b64906c-d720-4906-b30c-b6d56a2122fd/datanode-0/data/ratis/fd9f5db0-73f2-48de-8693-4bb057ed2d22 does not exist. Creating ...
2019-09-26 21:19:12,837 [IPC Server handler 1 on 34540] INFO  volume.OMVolumeCreateRequest (OMVolumeCreateRequest.java:validateAndUpdateCache(189)) - created volume:volume06746 for user:user86352
2019-09-26 21:19:12,842 [Thread-1030] INFO  rpc.RpcClient (RpcClient.java:createBucket(415)) - Creating Bucket: volume06746/bucket86755, with Versioning false and Storage Type set to DISK and Encryption set to false 
2019-09-26 21:19:12,844 [pool-27-thread-1] INFO  storage.RaftStorageDirectory (RaftStorageDirectory.java:tryLock(328)) - Lock on /workdir/hadoop-ozone/ozonefs/target/test-dir/MiniOzoneClusterImpl-5b64906c-d720-4906-b30c-b6d56a2122fd/datanode-0/data/ratis/fd9f5db0-73f2-48de-8693-4bb057ed2d22/in_use.lock acquired by nodename 10701@pr-hdds-1569-g6sp5-2013761785
2019-09-26 21:19:12,857 [pool-27-thread-1] INFO  storage.RaftStorage (RaftStorage.java:format(72)) - Storage directory /workdir/hadoop-ozone/ozonefs/target/test-dir/MiniOzoneClusterImpl-5b64906c-d720-4906-b30c-b6d56a2122fd/datanode-0/data/ratis/fd9f5db0-73f2-48de-8693-4bb057ed2d22 has been successfully formatted.
2019-09-26 21:19:12,857 [pool-27-thread-1] INFO  ratis.ContainerStateMachine (ContainerStateMachine.java:loadSnapshot(230)) - group-4BB057ED2D22: The snapshot info is null. Setting the last applied indexto:(t:0, i:~)
2019-09-26 21:19:12,857 [pool-27-thread-1] INFO  server.RaftServerConfigKeys (ConfUtils.java:logGet(43)) - raft.server.notification.no-leader.timeout = 120s (custom)
2019-09-26 21:19:12,857 [pool-27-thread-1] INFO  server.RaftServerConfigKeys (ConfUtils.java:logGet(43)) - raft.server.log.use.memory = false (default)
2019-09-26 21:19:12,857 [pool-27-thread-1] INFO  server.RaftServerConfigKeys (ConfUtils.java:logGet(43)) - raft.server.log.purge.gap = 1000000 (custom)
2019-09-26 21:19:12,857 [pool-27-thread-1] INFO  server.RaftServerConfigKeys (ConfUtils.java:logGet(43)) - raft.server.log.appender.buffer.byte-limit = 33554432 (custom)
2019-09-26 21:19:12,858 [pool-27-thread-1] INFO  server.RaftServerConfigKeys (ConfUtils.java:logGet(43)) - raft.server.log.segment.size.max = 1048576 (custom)
2019-09-26 21:19:12,858 [pool-27-thread-1] INFO  server.RaftServerConfigKeys (ConfUtils.java:logGet(43)) - raft.server.log.segment.cache.num.max = 2 (custom)
2019-09-26 21:19:12,858 [pool-27-thread-1] INFO  segmented.SegmentedRaftLogWorker (SegmentedRaftLogWorker.java:<init>(172)) - new 9ce0b59e-153f-4f41-8aed-492a76d80b48@group-4BB057ED2D22-SegmentedRaftLogWorker for RaftStorage:Storage Directory /workdir/hadoop-ozone/ozonefs/target/test-dir/MiniOzoneClusterImpl-5b64906c-d720-4906-b30c-b6d56a2122fd/datanode-0/data/ratis/fd9f5db0-73f2-48de-8693-4bb057ed2d22
2019-09-26 21:19:12,858 [pool-27-thread-1] INFO  server.RaftServerConfigKeys (ConfUtils.java:logGet(43)) - raft.server.log.queue.byte-limit = 2147483647 (custom)
2019-09-26 21:19:12,858 [pool-27-thread-1] INFO  server.RaftServerConfigKeys (ConfUtils.java:logGet(43)) - raft.server.log.queue.element-limit = 1024 (custom)
2019-09-26 21:19:12,858 [pool-27-thread-1] INFO  server.RaftServerConfigKeys (ConfUtils.java:logGet(43)) - raft.server.log.segment.size.max = 1048576 (custom)
2019-09-26 21:19:12,858 [pool-27-thread-1] INFO  server.RaftServerConfigKeys (ConfUtils.java:logGet(43)) - raft.server.log.preallocated.size = 16384 (custom)
2019-09-26 21:19:12,858 [pool-27-thread-1] INFO  server.RaftServerConfigKeys (ConfUtils.java:logGet(43)) - raft.server.log.write.buffer.size = 33554432 (custom)
2019-09-26 21:19:12,859 [pool-27-thread-1] INFO  server.RaftServerConfigKeys (ConfUtils.java:logGet(43)) - raft.server.log.force.sync.num = 128 (default)
2019-09-26 21:19:12,859 [pool-27-thread-1] INFO  server.RaftServerConfigKeys (ConfUtils.java:logGet(43)) - raft.server.log.statemachine.data.sync = true (default)
2019-09-26 21:19:12,859 [pool-27-thread-1] INFO  server.RaftServerConfigKeys (ConfUtils.java:logGet(43)) - raft.server.log.statemachine.data.sync.timeout = 10s (default)
2019-09-26 21:19:12,859 [pool-27-thread-1] INFO  server.RaftServerConfigKeys (ConfUtils.java:logGet(43)) - raft.server.log.statemachine.data.sync.timeout.retry = -1 (default)
2019-09-26 21:19:12,859 [pool-27-thread-1] INFO  server.RaftServerConfigKeys (ConfUtils.java:logGet(43)) - raft.server.log.statemachine.data.caching.enabled = true (custom)
2019-09-26 21:19:12,859 [pool-27-thread-1] INFO  segmented.SegmentedRaftLogWorker (SegmentedRaftLogWorker.java:lambda$new$0(132)) - 9ce0b59e-153f-4f41-8aed-492a76d80b48@group-4BB057ED2D22-SegmentedRaftLogWorker: flushIndex: setUnconditionally 0 -> -1
2019-09-26 21:19:12,860 [pool-27-thread-1] INFO  server.RaftServerConfigKeys (ConfUtils.java:logGet(43)) - raft.server.snapshot.auto.trigger.enabled = true (custom)
2019-09-26 21:19:12,860 [pool-27-thread-1] INFO  server.RaftServerConfigKeys (ConfUtils.java:logGet(43)) - raft.server.snapshot.auto.trigger.threshold = 10000 (custom)
2019-09-26 21:19:12,860 [pool-27-thread-1] INFO  server.RaftServerConfigKeys (ConfUtils.java:logGet(43)) - raft.server.snapshot.retention.num.files = 5 (custom)
2019-09-26 21:19:12,860 [pool-27-thread-1] INFO  server.RaftServerConfigKeys (ConfUtils.java:logGet(43)) - raft.server.retrycache.expirytime = 600000ms (custom)
2019-09-26 21:19:12,862 [pool-27-thread-1] INFO  impl.RaftServerImpl (RaftServerImpl.java:start(185)) - 9ce0b59e-153f-4f41-8aed-492a76d80b48@group-4BB057ED2D22: start as a follower, conf=-1: [9ce0b59e-153f-4f41-8aed-492a76d80b48:192.168.151.99:34156], old=null
2019-09-26 21:19:12,862 [pool-27-thread-1] INFO  impl.RaftServerImpl (RaftServerImpl.java:setRole(174)) - 9ce0b59e-153f-4f41-8aed-492a76d80b48@group-4BB057ED2D22: changes role from      null to FOLLOWER at term 0 for startAsFollower
2019-09-26 21:19:12,862 [pool-27-thread-1] INFO  impl.RoleInfo (RoleInfo.java:updateAndGet(143)) - 9ce0b59e-153f-4f41-8aed-492a76d80b48: start FollowerState
2019-09-26 21:19:12,862 [pool-27-thread-1] INFO  util.JmxRegister (JmxRegister.java:tryRegister(44)) - Successfully registered JMX Bean with object name Ratis:service=RaftServer,group=group-4BB057ED2D22,id=9ce0b59e-153f-4f41-8aed-492a76d80b48
2019-09-26 21:19:12,865 [RatisPipelineUtilsThread] INFO  pipeline.PipelineStateManager (PipelineStateManager.java:addPipeline(56)) - Created pipeline Pipeline[ Id: fd9f5db0-73f2-48de-8693-4bb057ed2d22, Nodes: 9ce0b59e-153f-4f41-8aed-492a76d80b48{ip: 192.168.151.99, host: pr-hdds-1569-g6sp5-2013761785, networkLocation: /default-rack, certSerialId: null}, Type:RATIS, Factor:ONE, State:OPEN]
2019-09-26 21:19:12,870 [grpc-default-executor-2] INFO  impl.RaftServerProxy (RaftServerProxy.java:addNew(89)) - 09112efe-1fad-4539-a04f-c96aef6d2351: addNew group-B816AAC0A64C:[09112efe-1fad-4539-a04f-c96aef6d2351:192.168.151.99:45286] returns group-B816AAC0A64C:java.util.concurrent.CompletableFuture@3eb33ff[Not completed]
2019-09-26 21:19:12,871 [pool-47-thread-1] INFO  impl.RaftServerImpl (RaftServerImpl.java:<init>(95)) - 09112efe-1fad-4539-a04f-c96aef6d2351: new RaftServerImpl for group-B816AAC0A64C:[09112efe-1fad-4539-a04f-c96aef6d2351:192.168.151.99:45286] with ContainerStateMachine:uninitialized
2019-09-26 21:19:12,871 [pool-47-thread-1] INFO  server.RaftServerConfigKeys (ConfUtils.java:logGet(43)) - raft.server.rpc.timeout.min = 5s (custom)
2019-09-26 21:19:12,871 [pool-47-thread-1] INFO  server.RaftServerConfigKeys (ConfUtils.java:logGet(43)) - raft.server.rpc.timeout.max = 5200ms (custom)
2019-09-26 21:19:12,871 [pool-47-thread-1] INFO  server.RaftServerConfigKeys (ConfUtils.java:logGet(43)) - raft.server.rpcslowness.timeout = 120s (custom)
2019-09-26 21:19:12,871 [pool-47-thread-1] INFO  server.RaftServerConfigKeys (ConfUtils.java:logGet(43)) - raft.server.sleep.deviation.threshold = 300 (default)
2019-09-26 21:19:12,871 [pool-47-thread-1] INFO  server.RaftServerConfigKeys (ConfUtils.java:logGet(43)) - raft.server.log.appender.install.snapshot.enabled = false (custom)
2019-09-26 21:19:12,871 [pool-47-thread-1] INFO  impl.RaftServerImpl (ServerState.java:<init>(103)) - 09112efe-1fad-4539-a04f-c96aef6d2351@group-B816AAC0A64C: ConfigurationManager, init=-1: [09112efe-1fad-4539-a04f-c96aef6d2351:192.168.151.99:45286], old=null, confs=<EMPTY_MAP>
2019-09-26 21:19:12,876 [pool-47-thread-1] INFO  server.RaftServerConfigKeys (ConfUtils.java:logGet(43)) - raft.server.storage.dir = [/workdir/hadoop-ozone/ozonefs/target/test-dir/MiniOzoneClusterImpl-5b64906c-d720-4906-b30c-b6d56a2122fd/datanode-2/data/ratis] (custom)
2019-09-26 21:19:12,876 [pool-47-thread-1] INFO  storage.RaftStorageDirectory (RaftStorageDirectory.java:analyzeStorage(246)) - The storage directory /workdir/hadoop-ozone/ozonefs/target/test-dir/MiniOzoneClusterImpl-5b64906c-d720-4906-b30c-b6d56a2122fd/datanode-2/data/ratis/ccc6cc8f-a70b-4ad5-8a92-b816aac0a64c does not exist. Creating ...
2019-09-26 21:19:12,891 [pool-47-thread-1] INFO  storage.RaftStorageDirectory (RaftStorageDirectory.java:tryLock(328)) - Lock on /workdir/hadoop-ozone/ozonefs/target/test-dir/MiniOzoneClusterImpl-5b64906c-d720-4906-b30c-b6d56a2122fd/datanode-2/data/ratis/ccc6cc8f-a70b-4ad5-8a92-b816aac0a64c/in_use.lock acquired by nodename 10701@pr-hdds-1569-g6sp5-2013761785
2019-09-26 21:19:12,920 [pool-47-thread-1] INFO  storage.RaftStorage (RaftStorage.java:format(72)) - Storage directory /workdir/hadoop-ozone/ozonefs/target/test-dir/MiniOzoneClusterImpl-5b64906c-d720-4906-b30c-b6d56a2122fd/datanode-2/data/ratis/ccc6cc8f-a70b-4ad5-8a92-b816aac0a64c has been successfully formatted.
2019-09-26 21:19:12,920 [pool-47-thread-1] INFO  ratis.ContainerStateMachine (ContainerStateMachine.java:loadSnapshot(230)) - group-B816AAC0A64C: The snapshot info is null. Setting the last applied indexto:(t:0, i:~)
2019-09-26 21:19:12,920 [pool-47-thread-1] INFO  server.RaftServerConfigKeys (ConfUtils.java:logGet(43)) - raft.server.notification.no-leader.timeout = 120s (custom)
2019-09-26 21:19:12,921 [pool-47-thread-1] INFO  server.RaftServerConfigKeys (ConfUtils.java:logGet(43)) - raft.server.log.use.memory = false (default)
2019-09-26 21:19:12,921 [pool-47-thread-1] INFO  server.RaftServerConfigKeys (ConfUtils.java:logGet(43)) - raft.server.log.purge.gap = 1000000 (custom)
2019-09-26 21:19:12,921 [pool-47-thread-1] INFO  server.RaftServerConfigKeys (ConfUtils.java:logGet(43)) - raft.server.log.appender.buffer.byte-limit = 33554432 (custom)
2019-09-26 21:19:12,921 [pool-47-thread-1] INFO  server.RaftServerConfigKeys (ConfUtils.java:logGet(43)) - raft.server.log.segment.size.max = 1048576 (custom)
2019-09-26 21:19:12,921 [pool-47-thread-1] INFO  server.RaftServerConfigKeys (ConfUtils.java:logGet(43)) - raft.server.log.segment.cache.num.max = 2 (custom)
2019-09-26 21:19:12,921 [pool-47-thread-1] INFO  segmented.SegmentedRaftLogWorker (SegmentedRaftLogWorker.java:<init>(172)) - new 09112efe-1fad-4539-a04f-c96aef6d2351@group-B816AAC0A64C-SegmentedRaftLogWorker for RaftStorage:Storage Directory /workdir/hadoop-ozone/ozonefs/target/test-dir/MiniOzoneClusterImpl-5b64906c-d720-4906-b30c-b6d56a2122fd/datanode-2/data/ratis/ccc6cc8f-a70b-4ad5-8a92-b816aac0a64c
2019-09-26 21:19:12,921 [pool-47-thread-1] INFO  server.RaftServerConfigKeys (ConfUtils.java:logGet(43)) - raft.server.log.queue.byte-limit = 2147483647 (custom)
2019-09-26 21:19:12,922 [pool-47-thread-1] INFO  server.RaftServerConfigKeys (ConfUtils.java:logGet(43)) - raft.server.log.queue.element-limit = 1024 (custom)
2019-09-26 21:19:12,922 [pool-47-thread-1] INFO  server.RaftServerConfigKeys (ConfUtils.java:logGet(43)) - raft.server.log.segment.size.max = 1048576 (custom)
2019-09-26 21:19:12,922 [pool-47-thread-1] INFO  server.RaftServerConfigKeys (ConfUtils.java:logGet(43)) - raft.server.log.preallocated.size = 16384 (custom)
2019-09-26 21:19:12,922 [pool-47-thread-1] INFO  server.RaftServerConfigKeys (ConfUtils.java:logGet(43)) - raft.server.log.write.buffer.size = 33554432 (custom)
2019-09-26 21:19:12,922 [pool-47-thread-1] INFO  server.RaftServerConfigKeys (ConfUtils.java:logGet(43)) - raft.server.log.force.sync.num = 128 (default)
2019-09-26 21:19:12,922 [pool-47-thread-1] INFO  server.RaftServerConfigKeys (ConfUtils.java:logGet(43)) - raft.server.log.statemachine.data.sync = true (default)
2019-09-26 21:19:12,922 [pool-47-thread-1] INFO  server.RaftServerConfigKeys (ConfUtils.java:logGet(43)) - raft.server.log.statemachine.data.sync.timeout = 10s (default)
2019-09-26 21:19:12,923 [pool-47-thread-1] INFO  server.RaftServerConfigKeys (ConfUtils.java:logGet(43)) - raft.server.log.statemachine.data.sync.timeout.retry = -1 (default)
2019-09-26 21:19:12,923 [pool-47-thread-1] INFO  server.RaftServerConfigKeys (ConfUtils.java:logGet(43)) - raft.server.log.statemachine.data.caching.enabled = true (custom)
2019-09-26 21:19:12,923 [pool-47-thread-1] INFO  segmented.SegmentedRaftLogWorker (SegmentedRaftLogWorker.java:lambda$new$0(132)) - 09112efe-1fad-4539-a04f-c96aef6d2351@group-B816AAC0A64C-SegmentedRaftLogWorker: flushIndex: setUnconditionally 0 -> -1
2019-09-26 21:19:12,923 [pool-47-thread-1] INFO  server.RaftServerConfigKeys (ConfUtils.java:logGet(43)) - raft.server.snapshot.auto.trigger.enabled = true (custom)
2019-09-26 21:19:12,924 [pool-47-thread-1] INFO  server.RaftServerConfigKeys (ConfUtils.java:logGet(43)) - raft.server.snapshot.auto.trigger.threshold = 10000 (custom)
2019-09-26 21:19:12,924 [pool-47-thread-1] INFO  server.RaftServerConfigKeys (ConfUtils.java:logGet(43)) - raft.server.snapshot.retention.num.files = 5 (custom)
2019-09-26 21:19:12,924 [pool-47-thread-1] INFO  server.RaftServerConfigKeys (ConfUtils.java:logGet(43)) - raft.server.retrycache.expirytime = 600000ms (custom)
2019-09-26 21:19:12,925 [Thread-1030] INFO  contract.AbstractFSContractTestBase (AbstractFSContractTestBase.java:setup(184)) - Test filesystem = o3fs://bucket86755.volume06746 implemented by OzoneFileSystem{URI=o3fs://bucket86755.volume06746, workingDir=o3fs://bucket86755.volume06746/user/jenkins1000, userName=jenkins1000, statistics=0 bytes read, 0 bytes written, 15 read ops, 0 large read ops, 4 write ops}
2019-09-26 21:19:12,926 [pool-47-thread-1] INFO  impl.RaftServerImpl (RaftServerImpl.java:start(185)) - 09112efe-1fad-4539-a04f-c96aef6d2351@group-B816AAC0A64C: start as a follower, conf=-1: [09112efe-1fad-4539-a04f-c96aef6d2351:192.168.151.99:45286], old=null
2019-09-26 21:19:12,926 [pool-47-thread-1] INFO  impl.RaftServerImpl (RaftServerImpl.java:setRole(174)) - 09112efe-1fad-4539-a04f-c96aef6d2351@group-B816AAC0A64C: changes role from      null to FOLLOWER at term 0 for startAsFollower
2019-09-26 21:19:12,926 [pool-47-thread-1] INFO  impl.RoleInfo (RoleInfo.java:updateAndGet(143)) - 09112efe-1fad-4539-a04f-c96aef6d2351: start FollowerState
2019-09-26 21:19:12,926 [pool-47-thread-1] INFO  util.JmxRegister (JmxRegister.java:tryRegister(44)) - Successfully registered JMX Bean with object name Ratis:service=RaftServer,group=group-B816AAC0A64C,id=09112efe-1fad-4539-a04f-c96aef6d2351
2019-09-26 21:19:12,929 [RatisPipelineUtilsThread] INFO  pipeline.PipelineStateManager (PipelineStateManager.java:addPipeline(56)) - Created pipeline Pipeline[ Id: ccc6cc8f-a70b-4ad5-8a92-b816aac0a64c, Nodes: 09112efe-1fad-4539-a04f-c96aef6d2351{ip: 192.168.151.99, host: pr-hdds-1569-g6sp5-2013761785, networkLocation: /default-rack, certSerialId: null}, Type:RATIS, Factor:ONE, State:OPEN]
2019-09-26 21:19:12,941 [grpc-default-executor-2] INFO  impl.RaftServerProxy (RaftServerProxy.java:addNew(89)) - da833d8d-e72a-4068-9560-4daa2d83adc2: addNew group-4E8FB90A84B2:[da833d8d-e72a-4068-9560-4daa2d83adc2:192.168.151.99:38903] returns group-4E8FB90A84B2:java.util.concurrent.CompletableFuture@8aa8e02[Not completed]
2019-09-26 21:19:12,942 [pool-67-thread-1] INFO  impl.RaftServerImpl (RaftServerImpl.java:<init>(95)) - da833d8d-e72a-4068-9560-4daa2d83adc2: new RaftServerImpl for group-4E8FB90A84B2:[da833d8d-e72a-4068-9560-4daa2d83adc2:192.168.151.99:38903] with ContainerStateMachine:uninitialized
2019-09-26 21:19:12,943 [pool-67-thread-1] INFO  server.RaftServerConfigKeys (ConfUtils.java:logGet(43)) - raft.server.rpc.timeout.min = 5s (custom)
2019-09-26 21:19:12,943 [pool-67-thread-1] INFO  server.RaftServerConfigKeys (ConfUtils.java:logGet(43)) - raft.server.rpc.timeout.max = 5200ms (custom)
2019-09-26 21:19:12,943 [pool-67-thread-1] INFO  server.RaftServerConfigKeys (ConfUtils.java:logGet(43)) - raft.server.rpcslowness.timeout = 120s (custom)
2019-09-26 21:19:12,943 [pool-67-thread-1] INFO  server.RaftServerConfigKeys (ConfUtils.java:logGet(43)) - raft.server.sleep.deviation.threshold = 300 (default)
2019-09-26 21:19:12,943 [pool-67-thread-1] INFO  server.RaftServerConfigKeys (ConfUtils.java:logGet(43)) - raft.server.log.appender.install.snapshot.enabled = false (custom)
2019-09-26 21:19:12,943 [pool-67-thread-1] INFO  impl.RaftServerImpl (ServerState.java:<init>(103)) - da833d8d-e72a-4068-9560-4daa2d83adc2@group-4E8FB90A84B2: ConfigurationManager, init=-1: [da833d8d-e72a-4068-9560-4daa2d83adc2:192.168.151.99:38903], old=null, confs=<EMPTY_MAP>
2019-09-26 21:19:12,943 [pool-67-thread-1] INFO  server.RaftServerConfigKeys (ConfUtils.java:logGet(43)) - raft.server.storage.dir = [/workdir/hadoop-ozone/ozonefs/target/test-dir/MiniOzoneClusterImpl-5b64906c-d720-4906-b30c-b6d56a2122fd/datanode-4/data/ratis] (custom)
2019-09-26 21:19:12,944 [pool-67-thread-1] INFO  storage.RaftStorageDirectory (RaftStorageDirectory.java:analyzeStorage(246)) - The storage directory /workdir/hadoop-ozone/ozonefs/target/test-dir/MiniOzoneClusterImpl-5b64906c-d720-4906-b30c-b6d56a2122fd/datanode-4/data/ratis/70634576-2c7e-4f0a-a14f-4e8fb90a84b2 does not exist. Creating ...
2019-09-26 21:19:12,957 [pool-67-thread-1] INFO  storage.RaftStorageDirectory (RaftStorageDirectory.java:tryLock(328)) - Lock on /workdir/hadoop-ozone/ozonefs/target/test-dir/MiniOzoneClusterImpl-5b64906c-d720-4906-b30c-b6d56a2122fd/datanode-4/data/ratis/70634576-2c7e-4f0a-a14f-4e8fb90a84b2/in_use.lock acquired by nodename 10701@pr-hdds-1569-g6sp5-2013761785
2019-09-26 21:19:12,970 [pool-67-thread-1] INFO  storage.RaftStorage (RaftStorage.java:format(72)) - Storage directory /workdir/hadoop-ozone/ozonefs/target/test-dir/MiniOzoneClusterImpl-5b64906c-d720-4906-b30c-b6d56a2122fd/datanode-4/data/ratis/70634576-2c7e-4f0a-a14f-4e8fb90a84b2 has been successfully formatted.
2019-09-26 21:19:12,970 [pool-67-thread-1] INFO  ratis.ContainerStateMachine (ContainerStateMachine.java:loadSnapshot(230)) - group-4E8FB90A84B2: The snapshot info is null. Setting the last applied indexto:(t:0, i:~)
2019-09-26 21:19:12,970 [pool-67-thread-1] INFO  server.RaftServerConfigKeys (ConfUtils.java:logGet(43)) - raft.server.notification.no-leader.timeout = 120s (custom)
2019-09-26 21:19:12,970 [pool-67-thread-1] INFO  server.RaftServerConfigKeys (ConfUtils.java:logGet(43)) - raft.server.log.use.memory = false (default)
2019-09-26 21:19:12,971 [pool-67-thread-1] INFO  server.RaftServerConfigKeys (ConfUtils.java:logGet(43)) - raft.server.log.purge.gap = 1000000 (custom)
2019-09-26 21:19:12,971 [pool-67-thread-1] INFO  server.RaftServerConfigKeys (ConfUtils.java:logGet(43)) - raft.server.log.appender.buffer.byte-limit = 33554432 (custom)
2019-09-26 21:19:12,971 [pool-67-thread-1] INFO  server.RaftServerConfigKeys (ConfUtils.java:logGet(43)) - raft.server.log.segment.size.max = 1048576 (custom)
2019-09-26 21:19:12,971 [pool-67-thread-1] INFO  server.RaftServerConfigKeys (ConfUtils.java:logGet(43)) - raft.server.log.segment.cache.num.max = 2 (custom)
2019-09-26 21:19:12,971 [pool-67-thread-1] INFO  segmented.SegmentedRaftLogWorker (SegmentedRaftLogWorker.java:<init>(172)) - new da833d8d-e72a-4068-9560-4daa2d83adc2@group-4E8FB90A84B2-SegmentedRaftLogWorker for RaftStorage:Storage Directory /workdir/hadoop-ozone/ozonefs/target/test-dir/MiniOzoneClusterImpl-5b64906c-d720-4906-b30c-b6d56a2122fd/datanode-4/data/ratis/70634576-2c7e-4f0a-a14f-4e8fb90a84b2
2019-09-26 21:19:12,971 [pool-67-thread-1] INFO  server.RaftServerConfigKeys (ConfUtils.java:logGet(43)) - raft.server.log.queue.byte-limit = 2147483647 (custom)
2019-09-26 21:19:12,972 [pool-67-thread-1] INFO  server.RaftServerConfigKeys (ConfUtils.java:logGet(43)) - raft.server.log.queue.element-limit = 1024 (custom)
2019-09-26 21:19:12,972 [pool-67-thread-1] INFO  server.RaftServerConfigKeys (ConfUtils.java:logGet(43)) - raft.server.log.segment.size.max = 1048576 (custom)
2019-09-26 21:19:12,972 [pool-67-thread-1] INFO  server.RaftServerConfigKeys (ConfUtils.java:logGet(43)) - raft.server.log.preallocated.size = 16384 (custom)
2019-09-26 21:19:12,972 [pool-67-thread-1] INFO  server.RaftServerConfigKeys (ConfUtils.java:logGet(43)) - raft.server.log.write.buffer.size = 33554432 (custom)
2019-09-26 21:19:12,972 [pool-67-thread-1] INFO  server.RaftServerConfigKeys (ConfUtils.java:logGet(43)) - raft.server.log.force.sync.num = 128 (default)
2019-09-26 21:19:12,972 [pool-67-thread-1] INFO  server.RaftServerConfigKeys (ConfUtils.java:logGet(43)) - raft.server.log.statemachine.data.sync = true (default)
2019-09-26 21:19:12,973 [pool-67-thread-1] INFO  server.RaftServerConfigKeys (ConfUtils.java:logGet(43)) - raft.server.log.statemachine.data.sync.timeout = 10s (default)
2019-09-26 21:19:12,973 [pool-67-thread-1] INFO  server.RaftServerConfigKeys (ConfUtils.java:logGet(43)) - raft.server.log.statemachine.data.sync.timeout.retry = -1 (default)
2019-09-26 21:19:12,973 [pool-67-thread-1] INFO  server.RaftServerConfigKeys (ConfUtils.java:logGet(43)) - raft.server.log.statemachine.data.caching.enabled = true (custom)
2019-09-26 21:19:12,973 [pool-67-thread-1] INFO  segmented.SegmentedRaftLogWorker (SegmentedRaftLogWorker.java:lambda$new$0(132)) - da833d8d-e72a-4068-9560-4daa2d83adc2@group-4E8FB90A84B2-SegmentedRaftLogWorker: flushIndex: setUnconditionally 0 -> -1
2019-09-26 21:19:12,974 [pool-67-thread-1] INFO  server.RaftServerConfigKeys (ConfUtils.java:logGet(43)) - raft.server.snapshot.auto.trigger.enabled = true (custom)
2019-09-26 21:19:12,974 [pool-67-thread-1] INFO  server.RaftServerConfigKeys (ConfUtils.java:logGet(43)) - raft.server.snapshot.auto.trigger.threshold = 10000 (custom)
2019-09-26 21:19:12,974 [pool-67-thread-1] INFO  server.RaftServerConfigKeys (ConfUtils.java:logGet(43)) - raft.server.snapshot.retention.num.files = 5 (custom)
2019-09-26 21:19:12,974 [pool-67-thread-1] INFO  server.RaftServerConfigKeys (ConfUtils.java:logGet(43)) - raft.server.retrycache.expirytime = 600000ms (custom)
2019-09-26 21:19:12,976 [pool-67-thread-1] INFO  impl.RaftServerImpl (RaftServerImpl.java:start(185)) - da833d8d-e72a-4068-9560-4daa2d83adc2@group-4E8FB90A84B2: start as a follower, conf=-1: [da833d8d-e72a-4068-9560-4daa2d83adc2:192.168.151.99:38903], old=null
2019-09-26 21:19:12,976 [pool-67-thread-1] INFO  impl.RaftServerImpl (RaftServerImpl.java:setRole(174)) - da833d8d-e72a-4068-9560-4daa2d83adc2@group-4E8FB90A84B2: changes role from      null to FOLLOWER at term 0 for startAsFollower
2019-09-26 21:19:12,977 [pool-67-thread-1] INFO  impl.RoleInfo (RoleInfo.java:updateAndGet(143)) - da833d8d-e72a-4068-9560-4daa2d83adc2: start FollowerState
2019-09-26 21:19:12,977 [pool-67-thread-1] INFO  util.JmxRegister (JmxRegister.java:tryRegister(44)) - Successfully registered JMX Bean with object name Ratis:service=RaftServer,group=group-4E8FB90A84B2,id=da833d8d-e72a-4068-9560-4daa2d83adc2
2019-09-26 21:19:12,980 [RatisPipelineUtilsThread] INFO  pipeline.PipelineStateManager (PipelineStateManager.java:addPipeline(56)) - Created pipeline Pipeline[ Id: 70634576-2c7e-4f0a-a14f-4e8fb90a84b2, Nodes: da833d8d-e72a-4068-9560-4daa2d83adc2{ip: 192.168.151.99, host: pr-hdds-1569-g6sp5-2013761785, networkLocation: /default-rack, certSerialId: null}, Type:RATIS, Factor:ONE, State:OPEN]
2019-09-26 21:19:12,985 [grpc-default-executor-2] INFO  impl.RaftServerProxy (RaftServerProxy.java:addNew(89)) - 9ce0b59e-153f-4f41-8aed-492a76d80b48: addNew group-F571F2D46B43:[9ce0b59e-153f-4f41-8aed-492a76d80b48:192.168.151.99:34156] returns group-F571F2D46B43:java.util.concurrent.CompletableFuture@572aa4f8[Not completed]
2019-09-26 21:19:12,986 [pool-27-thread-1] INFO  impl.RaftServerImpl (RaftServerImpl.java:<init>(95)) - 9ce0b59e-153f-4f41-8aed-492a76d80b48: new RaftServerImpl for group-F571F2D46B43:[9ce0b59e-153f-4f41-8aed-492a76d80b48:192.168.151.99:34156] with ContainerStateMachine:uninitialized
2019-09-26 21:19:12,986 [pool-27-thread-1] INFO  server.RaftServerConfigKeys (ConfUtils.java:logGet(43)) - raft.server.rpc.timeout.min = 5s (custom)
2019-09-26 21:19:12,987 [pool-27-thread-1] INFO  server.RaftServerConfigKeys (ConfUtils.java:logGet(43)) - raft.server.rpc.timeout.max = 5200ms (custom)
2019-09-26 21:19:12,987 [pool-27-thread-1] INFO  server.RaftServerConfigKeys (ConfUtils.java:logGet(43)) - raft.server.rpcslowness.timeout = 120s (custom)
2019-09-26 21:19:12,987 [pool-27-thread-1] INFO  server.RaftServerConfigKeys (ConfUtils.java:logGet(43)) - raft.server.sleep.deviation.threshold = 300 (default)
2019-09-26 21:19:12,987 [pool-27-thread-1] INFO  server.RaftServerConfigKeys (ConfUtils.java:logGet(43)) - raft.server.log.appender.install.snapshot.enabled = false (custom)
2019-09-26 21:19:12,987 [pool-27-thread-1] INFO  impl.RaftServerImpl (ServerState.java:<init>(103)) - 9ce0b59e-153f-4f41-8aed-492a76d80b48@group-F571F2D46B43: ConfigurationManager, init=-1: [9ce0b59e-153f-4f41-8aed-492a76d80b48:192.168.151.99:34156], old=null, confs=<EMPTY_MAP>
2019-09-26 21:19:12,987 [pool-27-thread-1] INFO  server.RaftServerConfigKeys (ConfUtils.java:logGet(43)) - raft.server.storage.dir = [/workdir/hadoop-ozone/ozonefs/target/test-dir/MiniOzoneClusterImpl-5b64906c-d720-4906-b30c-b6d56a2122fd/datanode-0/data/ratis] (custom)
2019-09-26 21:19:12,988 [pool-27-thread-1] INFO  storage.RaftStorageDirectory (RaftStorageDirectory.java:analyzeStorage(246)) - The storage directory /workdir/hadoop-ozone/ozonefs/target/test-dir/MiniOzoneClusterImpl-5b64906c-d720-4906-b30c-b6d56a2122fd/datanode-0/data/ratis/f572755f-02b0-4cf4-a693-f571f2d46b43 does not exist. Creating ...
2019-09-26 21:19:13,002 [pool-27-thread-1] INFO  storage.RaftStorageDirectory (RaftStorageDirectory.java:tryLock(328)) - Lock on /workdir/hadoop-ozone/ozonefs/target/test-dir/MiniOzoneClusterImpl-5b64906c-d720-4906-b30c-b6d56a2122fd/datanode-0/data/ratis/f572755f-02b0-4cf4-a693-f571f2d46b43/in_use.lock acquired by nodename 10701@pr-hdds-1569-g6sp5-2013761785
2019-09-26 21:19:13,020 [pool-27-thread-1] INFO  storage.RaftStorage (RaftStorage.java:format(72)) - Storage directory /workdir/hadoop-ozone/ozonefs/target/test-dir/MiniOzoneClusterImpl-5b64906c-d720-4906-b30c-b6d56a2122fd/datanode-0/data/ratis/f572755f-02b0-4cf4-a693-f571f2d46b43 has been successfully formatted.
2019-09-26 21:19:13,020 [pool-27-thread-1] INFO  ratis.ContainerStateMachine (ContainerStateMachine.java:loadSnapshot(230)) - group-F571F2D46B43: The snapshot info is null. Setting the last applied indexto:(t:0, i:~)
2019-09-26 21:19:13,020 [pool-27-thread-1] INFO  server.RaftServerConfigKeys (ConfUtils.java:logGet(43)) - raft.server.notification.no-leader.timeout = 120s (custom)
2019-09-26 21:19:13,020 [pool-27-thread-1] INFO  server.RaftServerConfigKeys (ConfUtils.java:logGet(43)) - raft.server.log.use.memory = false (default)
2019-09-26 21:19:13,021 [pool-27-thread-1] INFO  server.RaftServerConfigKeys (ConfUtils.java:logGet(43)) - raft.server.log.purge.gap = 1000000 (custom)
2019-09-26 21:19:13,021 [pool-27-thread-1] INFO  server.RaftServerConfigKeys (ConfUtils.java:logGet(43)) - raft.server.log.appender.buffer.byte-limit = 33554432 (custom)
2019-09-26 21:19:13,021 [pool-27-thread-1] INFO  server.RaftServerConfigKeys (ConfUtils.java:logGet(43)) - raft.server.log.segment.size.max = 1048576 (custom)
2019-09-26 21:19:13,021 [pool-27-thread-1] INFO  server.RaftServerConfigKeys (ConfUtils.java:logGet(43)) - raft.server.log.segment.cache.num.max = 2 (custom)
2019-09-26 21:19:13,021 [pool-27-thread-1] INFO  segmented.SegmentedRaftLogWorker (SegmentedRaftLogWorker.java:<init>(172)) - new 9ce0b59e-153f-4f41-8aed-492a76d80b48@group-F571F2D46B43-SegmentedRaftLogWorker for RaftStorage:Storage Directory /workdir/hadoop-ozone/ozonefs/target/test-dir/MiniOzoneClusterImpl-5b64906c-d720-4906-b30c-b6d56a2122fd/datanode-0/data/ratis/f572755f-02b0-4cf4-a693-f571f2d46b43
2019-09-26 21:19:13,021 [pool-27-thread-1] INFO  server.RaftServerConfigKeys (ConfUtils.java:logGet(43)) - raft.server.log.queue.byte-limit = 2147483647 (custom)
2019-09-26 21:19:13,021 [pool-27-thread-1] INFO  server.RaftServerConfigKeys (ConfUtils.java:logGet(43)) - raft.server.log.queue.element-limit = 1024 (custom)
2019-09-26 21:19:13,022 [pool-27-thread-1] INFO  server.RaftServerConfigKeys (ConfUtils.java:logGet(43)) - raft.server.log.segment.size.max = 1048576 (custom)
2019-09-26 21:19:13,022 [pool-27-thread-1] INFO  server.RaftServerConfigKeys (ConfUtils.java:logGet(43)) - raft.server.log.preallocated.size = 16384 (custom)
2019-09-26 21:19:13,022 [pool-27-thread-1] INFO  server.RaftServerConfigKeys (ConfUtils.java:logGet(43)) - raft.server.log.write.buffer.size = 33554432 (custom)
2019-09-26 21:19:13,022 [pool-27-thread-1] INFO  server.RaftServerConfigKeys (ConfUtils.java:logGet(43)) - raft.server.log.force.sync.num = 128 (default)
2019-09-26 21:19:13,022 [pool-27-thread-1] INFO  server.RaftServerConfigKeys (ConfUtils.java:logGet(43)) - raft.server.log.statemachine.data.sync = true (default)
2019-09-26 21:19:13,022 [pool-27-thread-1] INFO  server.RaftServerConfigKeys (ConfUtils.java:logGet(43)) - raft.server.log.statemachine.data.sync.timeout = 10s (default)
2019-09-26 21:19:13,022 [pool-27-thread-1] INFO  server.RaftServerConfigKeys (ConfUtils.java:logGet(43)) - raft.server.log.statemachine.data.sync.timeout.retry = -1 (default)
2019-09-26 21:19:13,023 [pool-27-thread-1] INFO  server.RaftServerConfigKeys (ConfUtils.java:logGet(43)) - raft.server.log.statemachine.data.caching.enabled = true (custom)
2019-09-26 21:19:13,023 [pool-27-thread-1] INFO  segmented.SegmentedRaftLogWorker (SegmentedRaftLogWorker.java:lambda$new$0(132)) - 9ce0b59e-153f-4f41-8aed-492a76d80b48@group-F571F2D46B43-SegmentedRaftLogWorker: flushIndex: setUnconditionally 0 -> -1
2019-09-26 21:19:13,023 [pool-27-thread-1] INFO  server.RaftServerConfigKeys (ConfUtils.java:logGet(43)) - raft.server.snapshot.auto.trigger.enabled = true (custom)
2019-09-26 21:19:13,023 [pool-27-thread-1] INFO  server.RaftServerConfigKeys (ConfUtils.java:logGet(43)) - raft.server.snapshot.auto.trigger.threshold = 10000 (custom)
2019-09-26 21:19:13,023 [pool-27-thread-1] INFO  server.RaftServerConfigKeys (ConfUtils.java:logGet(43)) - raft.server.snapshot.retention.num.files = 5 (custom)
2019-09-26 21:19:13,024 [pool-27-thread-1] INFO  server.RaftServerConfigKeys (ConfUtils.java:logGet(43)) - raft.server.retrycache.expirytime = 600000ms (custom)
2019-09-26 21:19:13,025 [pool-27-thread-1] INFO  impl.RaftServerImpl (RaftServerImpl.java:start(185)) - 9ce0b59e-153f-4f41-8aed-492a76d80b48@group-F571F2D46B43: start as a follower, conf=-1: [9ce0b59e-153f-4f41-8aed-492a76d80b48:192.168.151.99:34156], old=null
2019-09-26 21:19:13,026 [pool-27-thread-1] INFO  impl.RaftServerImpl (RaftServerImpl.java:setRole(174)) - 9ce0b59e-153f-4f41-8aed-492a76d80b48@group-F571F2D46B43: changes role from      null to FOLLOWER at term 0 for startAsFollower
2019-09-26 21:19:13,026 [pool-27-thread-1] INFO  impl.RoleInfo (RoleInfo.java:updateAndGet(143)) - 9ce0b59e-153f-4f41-8aed-492a76d80b48: start FollowerState
2019-09-26 21:19:13,026 [pool-27-thread-1] INFO  util.JmxRegister (JmxRegister.java:tryRegister(44)) - Successfully registered JMX Bean with object name Ratis:service=RaftServer,group=group-F571F2D46B43,id=9ce0b59e-153f-4f41-8aed-492a76d80b48
2019-09-26 21:19:13,029 [RatisPipelineUtilsThread] INFO  pipeline.PipelineStateManager (PipelineStateManager.java:addPipeline(56)) - Created pipeline Pipeline[ Id: f572755f-02b0-4cf4-a693-f571f2d46b43, Nodes: 9ce0b59e-153f-4f41-8aed-492a76d80b48{ip: 192.168.151.99, host: pr-hdds-1569-g6sp5-2013761785, networkLocation: /default-rack, certSerialId: null}, Type:RATIS, Factor:ONE, State:OPEN]
2019-09-26 21:19:13,034 [grpc-default-executor-2] INFO  impl.RaftServerProxy (RaftServerProxy.java:addNew(89)) - da833d8d-e72a-4068-9560-4daa2d83adc2: addNew group-F51D1C6A72C0:[da833d8d-e72a-4068-9560-4daa2d83adc2:192.168.151.99:38903] returns group-F51D1C6A72C0:java.util.concurrent.CompletableFuture@7af98d02[Not completed]
2019-09-26 21:19:13,035 [pool-67-thread-1] INFO  impl.RaftServerImpl (RaftServerImpl.java:<init>(95)) - da833d8d-e72a-4068-9560-4daa2d83adc2: new RaftServerImpl for group-F51D1C6A72C0:[da833d8d-e72a-4068-9560-4daa2d83adc2:192.168.151.99:38903] with ContainerStateMachine:uninitialized
2019-09-26 21:19:13,035 [pool-67-thread-1] INFO  server.RaftServerConfigKeys (ConfUtils.java:logGet(43)) - raft.server.rpc.timeout.min = 5s (custom)
2019-09-26 21:19:13,035 [pool-67-thread-1] INFO  server.RaftServerConfigKeys (ConfUtils.java:logGet(43)) - raft.server.rpc.timeout.max = 5200ms (custom)
2019-09-26 21:19:13,036 [pool-67-thread-1] INFO  server.RaftServerConfigKeys (ConfUtils.java:logGet(43)) - raft.server.rpcslowness.timeout = 120s (custom)
2019-09-26 21:19:13,036 [pool-67-thread-1] INFO  server.RaftServerConfigKeys (ConfUtils.java:logGet(43)) - raft.server.sleep.deviation.threshold = 300 (default)
2019-09-26 21:19:13,036 [pool-67-thread-1] INFO  server.RaftServerConfigKeys (ConfUtils.java:logGet(43)) - raft.server.log.appender.install.snapshot.enabled = false (custom)
2019-09-26 21:19:13,036 [pool-67-thread-1] INFO  impl.RaftServerImpl (ServerState.java:<init>(103)) - da833d8d-e72a-4068-9560-4daa2d83adc2@group-F51D1C6A72C0: ConfigurationManager, init=-1: [da833d8d-e72a-4068-9560-4daa2d83adc2:192.168.151.99:38903], old=null, confs=<EMPTY_MAP>
2019-09-26 21:19:13,036 [pool-67-thread-1] INFO  server.RaftServerConfigKeys (ConfUtils.java:logGet(43)) - raft.server.storage.dir = [/workdir/hadoop-ozone/ozonefs/target/test-dir/MiniOzoneClusterImpl-5b64906c-d720-4906-b30c-b6d56a2122fd/datanode-4/data/ratis] (custom)
2019-09-26 21:19:13,037 [pool-67-thread-1] INFO  storage.RaftStorageDirectory (RaftStorageDirectory.java:analyzeStorage(246)) - The storage directory /workdir/hadoop-ozone/ozonefs/target/test-dir/MiniOzoneClusterImpl-5b64906c-d720-4906-b30c-b6d56a2122fd/datanode-4/data/ratis/feeb663b-d94d-47c4-914d-f51d1c6a72c0 does not exist. Creating ...
2019-09-26 21:19:13,050 [pool-67-thread-1] INFO  storage.RaftStorageDirectory (RaftStorageDirectory.java:tryLock(328)) - Lock on /workdir/hadoop-ozone/ozonefs/target/test-dir/MiniOzoneClusterImpl-5b64906c-d720-4906-b30c-b6d56a2122fd/datanode-4/data/ratis/feeb663b-d94d-47c4-914d-f51d1c6a72c0/in_use.lock acquired by nodename 10701@pr-hdds-1569-g6sp5-2013761785
2019-09-26 21:19:13,065 [pool-67-thread-1] INFO  storage.RaftStorage (RaftStorage.java:format(72)) - Storage directory /workdir/hadoop-ozone/ozonefs/target/test-dir/MiniOzoneClusterImpl-5b64906c-d720-4906-b30c-b6d56a2122fd/datanode-4/data/ratis/feeb663b-d94d-47c4-914d-f51d1c6a72c0 has been successfully formatted.
2019-09-26 21:19:13,065 [pool-67-thread-1] INFO  ratis.ContainerStateMachine (ContainerStateMachine.java:loadSnapshot(230)) - group-F51D1C6A72C0: The snapshot info is null. Setting the last applied indexto:(t:0, i:~)
2019-09-26 21:19:13,065 [pool-67-thread-1] INFO  server.RaftServerConfigKeys (ConfUtils.java:logGet(43)) - raft.server.notification.no-leader.timeout = 120s (custom)
2019-09-26 21:19:13,065 [pool-67-thread-1] INFO  server.RaftServerConfigKeys (ConfUtils.java:logGet(43)) - raft.server.log.use.memory = false (default)
2019-09-26 21:19:13,066 [pool-67-thread-1] INFO  server.RaftServerConfigKeys (ConfUtils.java:logGet(43)) - raft.server.log.purge.gap = 1000000 (custom)
2019-09-26 21:19:13,066 [pool-67-thread-1] INFO  server.RaftServerConfigKeys (ConfUtils.java:logGet(43)) - raft.server.log.appender.buffer.byte-limit = 33554432 (custom)
2019-09-26 21:19:13,066 [pool-67-thread-1] INFO  server.RaftServerConfigKeys (ConfUtils.java:logGet(43)) - raft.server.log.segment.size.max = 1048576 (custom)
2019-09-26 21:19:13,066 [pool-67-thread-1] INFO  server.RaftServerConfigKeys (ConfUtils.java:logGet(43)) - raft.server.log.segment.cache.num.max = 2 (custom)
2019-09-26 21:19:13,066 [pool-67-thread-1] INFO  segmented.SegmentedRaftLogWorker (SegmentedRaftLogWorker.java:<init>(172)) - new da833d8d-e72a-4068-9560-4daa2d83adc2@group-F51D1C6A72C0-SegmentedRaftLogWorker for RaftStorage:Storage Directory /workdir/hadoop-ozone/ozonefs/target/test-dir/MiniOzoneClusterImpl-5b64906c-d720-4906-b30c-b6d56a2122fd/datanode-4/data/ratis/feeb663b-d94d-47c4-914d-f51d1c6a72c0
2019-09-26 21:19:13,066 [pool-67-thread-1] INFO  server.RaftServerConfigKeys (ConfUtils.java:logGet(43)) - raft.server.log.queue.byte-limit = 2147483647 (custom)
2019-09-26 21:19:13,067 [pool-67-thread-1] INFO  server.RaftServerConfigKeys (ConfUtils.java:logGet(43)) - raft.server.log.queue.element-limit = 1024 (custom)
2019-09-26 21:19:13,067 [pool-67-thread-1] INFO  server.RaftServerConfigKeys (ConfUtils.java:logGet(43)) - raft.server.log.segment.size.max = 1048576 (custom)
2019-09-26 21:19:13,067 [pool-67-thread-1] INFO  server.RaftServerConfigKeys (ConfUtils.java:logGet(43)) - raft.server.log.preallocated.size = 16384 (custom)
2019-09-26 21:19:13,067 [pool-67-thread-1] INFO  server.RaftServerConfigKeys (ConfUtils.java:logGet(43)) - raft.server.log.write.buffer.size = 33554432 (custom)
2019-09-26 21:19:13,067 [pool-67-thread-1] INFO  server.RaftServerConfigKeys (ConfUtils.java:logGet(43)) - raft.server.log.force.sync.num = 128 (default)
2019-09-26 21:19:13,067 [pool-67-thread-1] INFO  server.RaftServerConfigKeys (ConfUtils.java:logGet(43)) - raft.server.log.statemachine.data.sync = true (default)
2019-09-26 21:19:13,068 [pool-67-thread-1] INFO  server.RaftServerConfigKeys (ConfUtils.java:logGet(43)) - raft.server.log.statemachine.data.sync.timeout = 10s (default)
2019-09-26 21:19:13,068 [pool-67-thread-1] INFO  server.RaftServerConfigKeys (ConfUtils.java:logGet(43)) - raft.server.log.statemachine.data.sync.timeout.retry = -1 (default)
2019-09-26 21:19:13,068 [pool-67-thread-1] INFO  server.RaftServerConfigKeys (ConfUtils.java:logGet(43)) - raft.server.log.statemachine.data.caching.enabled = true (custom)
2019-09-26 21:19:13,068 [pool-67-thread-1] INFO  segmented.SegmentedRaftLogWorker (SegmentedRaftLogWorker.java:lambda$new$0(132)) - da833d8d-e72a-4068-9560-4daa2d83adc2@group-F51D1C6A72C0-SegmentedRaftLogWorker: flushIndex: setUnconditionally 0 -> -1
2019-09-26 21:19:13,069 [pool-67-thread-1] INFO  server.RaftServerConfigKeys (ConfUtils.java:logGet(43)) - raft.server.snapshot.auto.trigger.enabled = true (custom)
2019-09-26 21:19:13,069 [pool-67-thread-1] INFO  server.RaftServerConfigKeys (ConfUtils.java:logGet(43)) - raft.server.snapshot.auto.trigger.threshold = 10000 (custom)
2019-09-26 21:19:13,069 [pool-67-thread-1] INFO  server.RaftServerConfigKeys (ConfUtils.java:logGet(43)) - raft.server.snapshot.retention.num.files = 5 (custom)
2019-09-26 21:19:13,069 [pool-67-thread-1] INFO  server.RaftServerConfigKeys (ConfUtils.java:logGet(43)) - raft.server.retrycache.expirytime = 600000ms (custom)
2019-09-26 21:19:13,071 [pool-67-thread-1] INFO  impl.RaftServerImpl (RaftServerImpl.java:start(185)) - da833d8d-e72a-4068-9560-4daa2d83adc2@group-F51D1C6A72C0: start as a follower, conf=-1: [da833d8d-e72a-4068-9560-4daa2d83adc2:192.168.151.99:38903], old=null
2019-09-26 21:19:13,071 [pool-67-thread-1] INFO  impl.RaftServerImpl (RaftServerImpl.java:setRole(174)) - da833d8d-e72a-4068-9560-4daa2d83adc2@group-F51D1C6A72C0: changes role from      null to FOLLOWER at term 0 for startAsFollower
2019-09-26 21:19:13,071 [pool-67-thread-1] INFO  impl.RoleInfo (RoleInfo.java:updateAndGet(143)) - da833d8d-e72a-4068-9560-4daa2d83adc2: start FollowerState
2019-09-26 21:19:13,072 [pool-67-thread-1] INFO  util.JmxRegister (JmxRegister.java:tryRegister(44)) - Successfully registered JMX Bean with object name Ratis:service=RaftServer,group=group-F51D1C6A72C0,id=da833d8d-e72a-4068-9560-4daa2d83adc2
2019-09-26 21:19:13,074 [RatisPipelineUtilsThread] INFO  pipeline.PipelineStateManager (PipelineStateManager.java:addPipeline(56)) - Created pipeline Pipeline[ Id: feeb663b-d94d-47c4-914d-f51d1c6a72c0, Nodes: da833d8d-e72a-4068-9560-4daa2d83adc2{ip: 192.168.151.99, host: pr-hdds-1569-g6sp5-2013761785, networkLocation: /default-rack, certSerialId: null}, Type:RATIS, Factor:ONE, State:OPEN]
2019-09-26 21:19:13,083 [grpc-default-executor-2] INFO  impl.RaftServerProxy (RaftServerProxy.java:addNew(89)) - da833d8d-e72a-4068-9560-4daa2d83adc2: addNew group-85E87D856CDF:[da833d8d-e72a-4068-9560-4daa2d83adc2:192.168.151.99:38903] returns group-85E87D856CDF:java.util.concurrent.CompletableFuture@550c4cb7[Not completed]
2019-09-26 21:19:13,085 [pool-67-thread-1] INFO  impl.RaftServerImpl (RaftServerImpl.java:<init>(95)) - da833d8d-e72a-4068-9560-4daa2d83adc2: new RaftServerImpl for group-85E87D856CDF:[da833d8d-e72a-4068-9560-4daa2d83adc2:192.168.151.99:38903] with ContainerStateMachine:uninitialized
2019-09-26 21:19:13,085 [pool-67-thread-1] INFO  server.RaftServerConfigKeys (ConfUtils.java:logGet(43)) - raft.server.rpc.timeout.min = 5s (custom)
2019-09-26 21:19:13,085 [pool-67-thread-1] INFO  server.RaftServerConfigKeys (ConfUtils.java:logGet(43)) - raft.server.rpc.timeout.max = 5200ms (custom)
2019-09-26 21:19:13,085 [pool-67-thread-1] INFO  server.RaftServerConfigKeys (ConfUtils.java:logGet(43)) - raft.server.rpcslowness.timeout = 120s (custom)
2019-09-26 21:19:13,085 [pool-67-thread-1] INFO  server.RaftServerConfigKeys (ConfUtils.java:logGet(43)) - raft.server.sleep.deviation.threshold = 300 (default)
2019-09-26 21:19:13,086 [pool-67-thread-1] INFO  server.RaftServerConfigKeys (ConfUtils.java:logGet(43)) - raft.server.log.appender.install.snapshot.enabled = false (custom)
2019-09-26 21:19:13,086 [pool-67-thread-1] INFO  impl.RaftServerImpl (ServerState.java:<init>(103)) - da833d8d-e72a-4068-9560-4daa2d83adc2@group-85E87D856CDF: ConfigurationManager, init=-1: [da833d8d-e72a-4068-9560-4daa2d83adc2:192.168.151.99:38903], old=null, confs=<EMPTY_MAP>
2019-09-26 21:19:13,086 [pool-67-thread-1] INFO  server.RaftServerConfigKeys (ConfUtils.java:logGet(43)) - raft.server.storage.dir = [/workdir/hadoop-ozone/ozonefs/target/test-dir/MiniOzoneClusterImpl-5b64906c-d720-4906-b30c-b6d56a2122fd/datanode-4/data/ratis] (custom)
2019-09-26 21:19:13,087 [pool-67-thread-1] INFO  storage.RaftStorageDirectory (RaftStorageDirectory.java:analyzeStorage(246)) - The storage directory /workdir/hadoop-ozone/ozonefs/target/test-dir/MiniOzoneClusterImpl-5b64906c-d720-4906-b30c-b6d56a2122fd/datanode-4/data/ratis/20314727-925c-497f-a9c5-85e87d856cdf does not exist. Creating ...
2019-09-26 21:19:13,100 [pool-67-thread-1] INFO  storage.RaftStorageDirectory (RaftStorageDirectory.java:tryLock(328)) - Lock on /workdir/hadoop-ozone/ozonefs/target/test-dir/MiniOzoneClusterImpl-5b64906c-d720-4906-b30c-b6d56a2122fd/datanode-4/data/ratis/20314727-925c-497f-a9c5-85e87d856cdf/in_use.lock acquired by nodename 10701@pr-hdds-1569-g6sp5-2013761785
2019-09-26 21:19:13,113 [pool-67-thread-1] INFO  storage.RaftStorage (RaftStorage.java:format(72)) - Storage directory /workdir/hadoop-ozone/ozonefs/target/test-dir/MiniOzoneClusterImpl-5b64906c-d720-4906-b30c-b6d56a2122fd/datanode-4/data/ratis/20314727-925c-497f-a9c5-85e87d856cdf has been successfully formatted.
2019-09-26 21:19:13,113 [pool-67-thread-1] INFO  ratis.ContainerStateMachine (ContainerStateMachine.java:loadSnapshot(230)) - group-85E87D856CDF: The snapshot info is null. Setting the last applied indexto:(t:0, i:~)
2019-09-26 21:19:13,114 [pool-67-thread-1] INFO  server.RaftServerConfigKeys (ConfUtils.java:logGet(43)) - raft.server.notification.no-leader.timeout = 120s (custom)
2019-09-26 21:19:13,114 [pool-67-thread-1] INFO  server.RaftServerConfigKeys (ConfUtils.java:logGet(43)) - raft.server.log.use.memory = false (default)
2019-09-26 21:19:13,114 [pool-67-thread-1] INFO  server.RaftServerConfigKeys (ConfUtils.java:logGet(43)) - raft.server.log.purge.gap = 1000000 (custom)
2019-09-26 21:19:13,114 [pool-67-thread-1] INFO  server.RaftServerConfigKeys (ConfUtils.java:logGet(43)) - raft.server.log.appender.buffer.byte-limit = 33554432 (custom)
2019-09-26 21:19:13,114 [pool-67-thread-1] INFO  server.RaftServerConfigKeys (ConfUtils.java:logGet(43)) - raft.server.log.segment.size.max = 1048576 (custom)
2019-09-26 21:19:13,114 [pool-67-thread-1] INFO  server.RaftServerConfigKeys (ConfUtils.java:logGet(43)) - raft.server.log.segment.cache.num.max = 2 (custom)
2019-09-26 21:19:13,114 [pool-67-thread-1] INFO  segmented.SegmentedRaftLogWorker (SegmentedRaftLogWorker.java:<init>(172)) - new da833d8d-e72a-4068-9560-4daa2d83adc2@group-85E87D856CDF-SegmentedRaftLogWorker for RaftStorage:Storage Directory /workdir/hadoop-ozone/ozonefs/target/test-dir/MiniOzoneClusterImpl-5b64906c-d720-4906-b30c-b6d56a2122fd/datanode-4/data/ratis/20314727-925c-497f-a9c5-85e87d856cdf
2019-09-26 21:19:13,115 [pool-67-thread-1] INFO  server.RaftServerConfigKeys (ConfUtils.java:logGet(43)) - raft.server.log.queue.byte-limit = 2147483647 (custom)
2019-09-26 21:19:13,115 [pool-67-thread-1] INFO  server.RaftServerConfigKeys (ConfUtils.java:logGet(43)) - raft.server.log.queue.element-limit = 1024 (custom)
2019-09-26 21:19:13,115 [pool-67-thread-1] INFO  server.RaftServerConfigKeys (ConfUtils.java:logGet(43)) - raft.server.log.segment.size.max = 1048576 (custom)
2019-09-26 21:19:13,115 [pool-67-thread-1] INFO  server.RaftServerConfigKeys (ConfUtils.java:logGet(43)) - raft.server.log.preallocated.size = 16384 (custom)
2019-09-26 21:19:13,115 [pool-67-thread-1] INFO  server.RaftServerConfigKeys (ConfUtils.java:logGet(43)) - raft.server.log.write.buffer.size = 33554432 (custom)
2019-09-26 21:19:13,116 [pool-67-thread-1] INFO  server.RaftServerConfigKeys (ConfUtils.java:logGet(43)) - raft.server.log.force.sync.num = 128 (default)
2019-09-26 21:19:13,116 [pool-67-thread-1] INFO  server.RaftServerConfigKeys (ConfUtils.java:logGet(43)) - raft.server.log.statemachine.data.sync = true (default)
2019-09-26 21:19:13,116 [pool-67-thread-1] INFO  server.RaftServerConfigKeys (ConfUtils.java:logGet(43)) - raft.server.log.statemachine.data.sync.timeout = 10s (default)
2019-09-26 21:19:13,116 [pool-67-thread-1] INFO  server.RaftServerConfigKeys (ConfUtils.java:logGet(43)) - raft.server.log.statemachine.data.sync.timeout.retry = -1 (default)
2019-09-26 21:19:13,116 [pool-67-thread-1] INFO  server.RaftServerConfigKeys (ConfUtils.java:logGet(43)) - raft.server.log.statemachine.data.caching.enabled = true (custom)
2019-09-26 21:19:13,117 [pool-67-thread-1] INFO  segmented.SegmentedRaftLogWorker (SegmentedRaftLogWorker.java:lambda$new$0(132)) - da833d8d-e72a-4068-9560-4daa2d83adc2@group-85E87D856CDF-SegmentedRaftLogWorker: flushIndex: setUnconditionally 0 -> -1
2019-09-26 21:19:13,117 [pool-67-thread-1] INFO  server.RaftServerConfigKeys (ConfUtils.java:logGet(43)) - raft.server.snapshot.auto.trigger.enabled = true (custom)
2019-09-26 21:19:13,117 [pool-67-thread-1] INFO  server.RaftServerConfigKeys (ConfUtils.java:logGet(43)) - raft.server.snapshot.auto.trigger.threshold = 10000 (custom)
2019-09-26 21:19:13,117 [pool-67-thread-1] INFO  server.RaftServerConfigKeys (ConfUtils.java:logGet(43)) - raft.server.snapshot.retention.num.files = 5 (custom)
2019-09-26 21:19:13,118 [pool-67-thread-1] INFO  server.RaftServerConfigKeys (ConfUtils.java:logGet(43)) - raft.server.retrycache.expirytime = 600000ms (custom)
2019-09-26 21:19:13,119 [pool-67-thread-1] INFO  impl.RaftServerImpl (RaftServerImpl.java:start(185)) - da833d8d-e72a-4068-9560-4daa2d83adc2@group-85E87D856CDF: start as a follower, conf=-1: [da833d8d-e72a-4068-9560-4daa2d83adc2:192.168.151.99:38903], old=null
2019-09-26 21:19:13,120 [pool-67-thread-1] INFO  impl.RaftServerImpl (RaftServerImpl.java:setRole(174)) - da833d8d-e72a-4068-9560-4daa2d83adc2@group-85E87D856CDF: changes role from      null to FOLLOWER at term 0 for startAsFollower
2019-09-26 21:19:13,120 [pool-67-thread-1] INFO  impl.RoleInfo (RoleInfo.java:updateAndGet(143)) - da833d8d-e72a-4068-9560-4daa2d83adc2: start FollowerState
2019-09-26 21:19:13,120 [pool-67-thread-1] INFO  util.JmxRegister (JmxRegister.java:tryRegister(44)) - Successfully registered JMX Bean with object name Ratis:service=RaftServer,group=group-85E87D856CDF,id=da833d8d-e72a-4068-9560-4daa2d83adc2
2019-09-26 21:19:13,123 [RatisPipelineUtilsThread] INFO  pipeline.PipelineStateManager (PipelineStateManager.java:addPipeline(56)) - Created pipeline Pipeline[ Id: 20314727-925c-497f-a9c5-85e87d856cdf, Nodes: da833d8d-e72a-4068-9560-4daa2d83adc2{ip: 192.168.151.99, host: pr-hdds-1569-g6sp5-2013761785, networkLocation: /default-rack, certSerialId: null}, Type:RATIS, Factor:ONE, State:OPEN]
2019-09-26 21:19:13,129 [grpc-default-executor-2] INFO  impl.RaftServerProxy (RaftServerProxy.java:addNew(89)) - 9ce0b59e-153f-4f41-8aed-492a76d80b48: addNew group-33318FFD8D83:[9ce0b59e-153f-4f41-8aed-492a76d80b48:192.168.151.99:34156] returns group-33318FFD8D83:java.util.concurrent.CompletableFuture@3be60ba5[Not completed]
2019-09-26 21:19:13,130 [pool-27-thread-1] INFO  impl.RaftServerImpl (RaftServerImpl.java:<init>(95)) - 9ce0b59e-153f-4f41-8aed-492a76d80b48: new RaftServerImpl for group-33318FFD8D83:[9ce0b59e-153f-4f41-8aed-492a76d80b48:192.168.151.99:34156] with ContainerStateMachine:uninitialized
2019-09-26 21:19:13,130 [pool-27-thread-1] INFO  server.RaftServerConfigKeys (ConfUtils.java:logGet(43)) - raft.server.rpc.timeout.min = 5s (custom)
2019-09-26 21:19:13,130 [pool-27-thread-1] INFO  server.RaftServerConfigKeys (ConfUtils.java:logGet(43)) - raft.server.rpc.timeout.max = 5200ms (custom)
2019-09-26 21:19:13,130 [pool-27-thread-1] INFO  server.RaftServerConfigKeys (ConfUtils.java:logGet(43)) - raft.server.rpcslowness.timeout = 120s (custom)
2019-09-26 21:19:13,131 [pool-27-thread-1] INFO  server.RaftServerConfigKeys (ConfUtils.java:logGet(43)) - raft.server.sleep.deviation.threshold = 300 (default)
2019-09-26 21:19:13,131 [pool-27-thread-1] INFO  server.RaftServerConfigKeys (ConfUtils.java:logGet(43)) - raft.server.log.appender.install.snapshot.enabled = false (custom)
2019-09-26 21:19:13,131 [pool-27-thread-1] INFO  impl.RaftServerImpl (ServerState.java:<init>(103)) - 9ce0b59e-153f-4f41-8aed-492a76d80b48@group-33318FFD8D83: ConfigurationManager, init=-1: [9ce0b59e-153f-4f41-8aed-492a76d80b48:192.168.151.99:34156], old=null, confs=<EMPTY_MAP>
2019-09-26 21:19:13,131 [pool-27-thread-1] INFO  server.RaftServerConfigKeys (ConfUtils.java:logGet(43)) - raft.server.storage.dir = [/workdir/hadoop-ozone/ozonefs/target/test-dir/MiniOzoneClusterImpl-5b64906c-d720-4906-b30c-b6d56a2122fd/datanode-0/data/ratis] (custom)
2019-09-26 21:19:13,132 [pool-27-thread-1] INFO  storage.RaftStorageDirectory (RaftStorageDirectory.java:analyzeStorage(246)) - The storage directory /workdir/hadoop-ozone/ozonefs/target/test-dir/MiniOzoneClusterImpl-5b64906c-d720-4906-b30c-b6d56a2122fd/datanode-0/data/ratis/15596eff-79ab-4742-a913-33318ffd8d83 does not exist. Creating ...
2019-09-26 21:19:13,146 [pool-27-thread-1] INFO  storage.RaftStorageDirectory (RaftStorageDirectory.java:tryLock(328)) - Lock on /workdir/hadoop-ozone/ozonefs/target/test-dir/MiniOzoneClusterImpl-5b64906c-d720-4906-b30c-b6d56a2122fd/datanode-0/data/ratis/15596eff-79ab-4742-a913-33318ffd8d83/in_use.lock acquired by nodename 10701@pr-hdds-1569-g6sp5-2013761785
2019-09-26 21:19:13,159 [pool-27-thread-1] INFO  storage.RaftStorage (RaftStorage.java:format(72)) - Storage directory /workdir/hadoop-ozone/ozonefs/target/test-dir/MiniOzoneClusterImpl-5b64906c-d720-4906-b30c-b6d56a2122fd/datanode-0/data/ratis/15596eff-79ab-4742-a913-33318ffd8d83 has been successfully formatted.
2019-09-26 21:19:13,159 [pool-27-thread-1] INFO  ratis.ContainerStateMachine (ContainerStateMachine.java:loadSnapshot(230)) - group-33318FFD8D83: The snapshot info is null. Setting the last applied indexto:(t:0, i:~)
2019-09-26 21:19:13,159 [pool-27-thread-1] INFO  server.RaftServerConfigKeys (ConfUtils.java:logGet(43)) - raft.server.notification.no-leader.timeout = 120s (custom)
2019-09-26 21:19:13,159 [pool-27-thread-1] INFO  server.RaftServerConfigKeys (ConfUtils.java:logGet(43)) - raft.server.log.use.memory = false (default)
2019-09-26 21:19:13,159 [pool-27-thread-1] INFO  server.RaftServerConfigKeys (ConfUtils.java:logGet(43)) - raft.server.log.purge.gap = 1000000 (custom)
2019-09-26 21:19:13,159 [pool-27-thread-1] INFO  server.RaftServerConfigKeys (ConfUtils.java:logGet(43)) - raft.server.log.appender.buffer.byte-limit = 33554432 (custom)
2019-09-26 21:19:13,160 [pool-27-thread-1] INFO  server.RaftServerConfigKeys (ConfUtils.java:logGet(43)) - raft.server.log.segment.size.max = 1048576 (custom)
2019-09-26 21:19:13,160 [pool-27-thread-1] INFO  server.RaftServerConfigKeys (ConfUtils.java:logGet(43)) - raft.server.log.segment.cache.num.max = 2 (custom)
2019-09-26 21:19:13,160 [pool-27-thread-1] INFO  segmented.SegmentedRaftLogWorker (SegmentedRaftLogWorker.java:<init>(172)) - new 9ce0b59e-153f-4f41-8aed-492a76d80b48@group-33318FFD8D83-SegmentedRaftLogWorker for RaftStorage:Storage Directory /workdir/hadoop-ozone/ozonefs/target/test-dir/MiniOzoneClusterImpl-5b64906c-d720-4906-b30c-b6d56a2122fd/datanode-0/data/ratis/15596eff-79ab-4742-a913-33318ffd8d83
2019-09-26 21:19:13,160 [pool-27-thread-1] INFO  server.RaftServerConfigKeys (ConfUtils.java:logGet(43)) - raft.server.log.queue.byte-limit = 2147483647 (custom)
2019-09-26 21:19:13,160 [pool-27-thread-1] INFO  server.RaftServerConfigKeys (ConfUtils.java:logGet(43)) - raft.server.log.queue.element-limit = 1024 (custom)
2019-09-26 21:19:13,160 [pool-27-thread-1] INFO  server.RaftServerConfigKeys (ConfUtils.java:logGet(43)) - raft.server.log.segment.size.max = 1048576 (custom)
2019-09-26 21:19:13,160 [pool-27-thread-1] INFO  server.RaftServerConfigKeys (ConfUtils.java:logGet(43)) - raft.server.log.preallocated.size = 16384 (custom)
2019-09-26 21:19:13,161 [pool-27-thread-1] INFO  server.RaftServerConfigKeys (ConfUtils.java:logGet(43)) - raft.server.log.write.buffer.size = 33554432 (custom)
2019-09-26 21:19:13,161 [pool-27-thread-1] INFO  server.RaftServerConfigKeys (ConfUtils.java:logGet(43)) - raft.server.log.force.sync.num = 128 (default)
2019-09-26 21:19:13,161 [pool-27-thread-1] INFO  server.RaftServerConfigKeys (ConfUtils.java:logGet(43)) - raft.server.log.statemachine.data.sync = true (default)
2019-09-26 21:19:13,161 [pool-27-thread-1] INFO  server.RaftServerConfigKeys (ConfUtils.java:logGet(43)) - raft.server.log.statemachine.data.sync.timeout = 10s (default)
2019-09-26 21:19:13,161 [pool-27-thread-1] INFO  server.RaftServerConfigKeys (ConfUtils.java:logGet(43)) - raft.server.log.statemachine.data.sync.timeout.retry = -1 (default)
2019-09-26 21:19:13,161 [pool-27-thread-1] INFO  server.RaftServerConfigKeys (ConfUtils.java:logGet(43)) - raft.server.log.statemachine.data.caching.enabled = true (custom)
2019-09-26 21:19:13,162 [pool-27-thread-1] INFO  segmented.SegmentedRaftLogWorker (SegmentedRaftLogWorker.java:lambda$new$0(132)) - 9ce0b59e-153f-4f41-8aed-492a76d80b48@group-33318FFD8D83-SegmentedRaftLogWorker: flushIndex: setUnconditionally 0 -> -1
2019-09-26 21:19:13,162 [pool-27-thread-1] INFO  server.RaftServerConfigKeys (ConfUtils.java:logGet(43)) - raft.server.snapshot.auto.trigger.enabled = true (custom)
2019-09-26 21:19:13,162 [pool-27-thread-1] INFO  server.RaftServerConfigKeys (ConfUtils.java:logGet(43)) - raft.server.snapshot.auto.trigger.threshold = 10000 (custom)
2019-09-26 21:19:13,162 [pool-27-thread-1] INFO  server.RaftServerConfigKeys (ConfUtils.java:logGet(43)) - raft.server.snapshot.retention.num.files = 5 (custom)
2019-09-26 21:19:13,163 [pool-27-thread-1] INFO  server.RaftServerConfigKeys (ConfUtils.java:logGet(43)) - raft.server.retrycache.expirytime = 600000ms (custom)
2019-09-26 21:19:13,164 [pool-27-thread-1] INFO  impl.RaftServerImpl (RaftServerImpl.java:start(185)) - 9ce0b59e-153f-4f41-8aed-492a76d80b48@group-33318FFD8D83: start as a follower, conf=-1: [9ce0b59e-153f-4f41-8aed-492a76d80b48:192.168.151.99:34156], old=null
2019-09-26 21:19:13,164 [pool-27-thread-1] INFO  impl.RaftServerImpl (RaftServerImpl.java:setRole(174)) - 9ce0b59e-153f-4f41-8aed-492a76d80b48@group-33318FFD8D83: changes role from      null to FOLLOWER at term 0 for startAsFollower
2019-09-26 21:19:13,165 [pool-27-thread-1] INFO  impl.RoleInfo (RoleInfo.java:updateAndGet(143)) - 9ce0b59e-153f-4f41-8aed-492a76d80b48: start FollowerState
2019-09-26 21:19:13,165 [pool-27-thread-1] INFO  util.JmxRegister (JmxRegister.java:tryRegister(44)) - Successfully registered JMX Bean with object name Ratis:service=RaftServer,group=group-33318FFD8D83,id=9ce0b59e-153f-4f41-8aed-492a76d80b48
2019-09-26 21:19:13,168 [RatisPipelineUtilsThread] INFO  pipeline.PipelineStateManager (PipelineStateManager.java:addPipeline(56)) - Created pipeline Pipeline[ Id: 15596eff-79ab-4742-a913-33318ffd8d83, Nodes: 9ce0b59e-153f-4f41-8aed-492a76d80b48{ip: 192.168.151.99, host: pr-hdds-1569-g6sp5-2013761785, networkLocation: /default-rack, certSerialId: null}, Type:RATIS, Factor:ONE, State:OPEN]
2019-09-26 21:19:13,173 [grpc-default-executor-2] INFO  impl.RaftServerProxy (RaftServerProxy.java:addNew(89)) - 09112efe-1fad-4539-a04f-c96aef6d2351: addNew group-11443841DB3B:[09112efe-1fad-4539-a04f-c96aef6d2351:192.168.151.99:45286] returns group-11443841DB3B:java.util.concurrent.CompletableFuture@420b150c[Not completed]
2019-09-26 21:19:13,174 [pool-47-thread-1] INFO  impl.RaftServerImpl (RaftServerImpl.java:<init>(95)) - 09112efe-1fad-4539-a04f-c96aef6d2351: new RaftServerImpl for group-11443841DB3B:[09112efe-1fad-4539-a04f-c96aef6d2351:192.168.151.99:45286] with ContainerStateMachine:uninitialized
2019-09-26 21:19:13,174 [pool-47-thread-1] INFO  server.RaftServerConfigKeys (ConfUtils.java:logGet(43)) - raft.server.rpc.timeout.min = 5s (custom)
2019-09-26 21:19:13,174 [pool-47-thread-1] INFO  server.RaftServerConfigKeys (ConfUtils.java:logGet(43)) - raft.server.rpc.timeout.max = 5200ms (custom)
2019-09-26 21:19:13,174 [pool-47-thread-1] INFO  server.RaftServerConfigKeys (ConfUtils.java:logGet(43)) - raft.server.rpcslowness.timeout = 120s (custom)
2019-09-26 21:19:13,174 [pool-47-thread-1] INFO  server.RaftServerConfigKeys (ConfUtils.java:logGet(43)) - raft.server.sleep.deviation.threshold = 300 (default)
2019-09-26 21:19:13,174 [pool-47-thread-1] INFO  server.RaftServerConfigKeys (ConfUtils.java:logGet(43)) - raft.server.log.appender.install.snapshot.enabled = false (custom)
2019-09-26 21:19:13,175 [pool-47-thread-1] INFO  impl.RaftServerImpl (ServerState.java:<init>(103)) - 09112efe-1fad-4539-a04f-c96aef6d2351@group-11443841DB3B: ConfigurationManager, init=-1: [09112efe-1fad-4539-a04f-c96aef6d2351:192.168.151.99:45286], old=null, confs=<EMPTY_MAP>
2019-09-26 21:19:13,175 [pool-47-thread-1] INFO  server.RaftServerConfigKeys (ConfUtils.java:logGet(43)) - raft.server.storage.dir = [/workdir/hadoop-ozone/ozonefs/target/test-dir/MiniOzoneClusterImpl-5b64906c-d720-4906-b30c-b6d56a2122fd/datanode-2/data/ratis] (custom)
2019-09-26 21:19:13,175 [pool-47-thread-1] INFO  storage.RaftStorageDirectory (RaftStorageDirectory.java:analyzeStorage(246)) - The storage directory /workdir/hadoop-ozone/ozonefs/target/test-dir/MiniOzoneClusterImpl-5b64906c-d720-4906-b30c-b6d56a2122fd/datanode-2/data/ratis/fc5e86ac-555a-4297-b355-11443841db3b does not exist. Creating ...
2019-09-26 21:19:13,188 [pool-47-thread-1] INFO  storage.RaftStorageDirectory (RaftStorageDirectory.java:tryLock(328)) - Lock on /workdir/hadoop-ozone/ozonefs/target/test-dir/MiniOzoneClusterImpl-5b64906c-d720-4906-b30c-b6d56a2122fd/datanode-2/data/ratis/fc5e86ac-555a-4297-b355-11443841db3b/in_use.lock acquired by nodename 10701@pr-hdds-1569-g6sp5-2013761785
2019-09-26 21:19:13,201 [pool-47-thread-1] INFO  storage.RaftStorage (RaftStorage.java:format(72)) - Storage directory /workdir/hadoop-ozone/ozonefs/target/test-dir/MiniOzoneClusterImpl-5b64906c-d720-4906-b30c-b6d56a2122fd/datanode-2/data/ratis/fc5e86ac-555a-4297-b355-11443841db3b has been successfully formatted.
2019-09-26 21:19:13,201 [pool-47-thread-1] INFO  ratis.ContainerStateMachine (ContainerStateMachine.java:loadSnapshot(230)) - group-11443841DB3B: The snapshot info is null. Setting the last applied indexto:(t:0, i:~)
2019-09-26 21:19:13,201 [pool-47-thread-1] INFO  server.RaftServerConfigKeys (ConfUtils.java:logGet(43)) - raft.server.notification.no-leader.timeout = 120s (custom)
2019-09-26 21:19:13,201 [pool-47-thread-1] INFO  server.RaftServerConfigKeys (ConfUtils.java:logGet(43)) - raft.server.log.use.memory = false (default)
2019-09-26 21:19:13,202 [pool-47-thread-1] INFO  server.RaftServerConfigKeys (ConfUtils.java:logGet(43)) - raft.server.log.purge.gap = 1000000 (custom)
2019-09-26 21:19:13,202 [pool-47-thread-1] INFO  server.RaftServerConfigKeys (ConfUtils.java:logGet(43)) - raft.server.log.appender.buffer.byte-limit = 33554432 (custom)
2019-09-26 21:19:13,202 [pool-47-thread-1] INFO  server.RaftServerConfigKeys (ConfUtils.java:logGet(43)) - raft.server.log.segment.size.max = 1048576 (custom)
2019-09-26 21:19:13,202 [pool-47-thread-1] INFO  server.RaftServerConfigKeys (ConfUtils.java:logGet(43)) - raft.server.log.segment.cache.num.max = 2 (custom)
2019-09-26 21:19:13,202 [pool-47-thread-1] INFO  segmented.SegmentedRaftLogWorker (SegmentedRaftLogWorker.java:<init>(172)) - new 09112efe-1fad-4539-a04f-c96aef6d2351@group-11443841DB3B-SegmentedRaftLogWorker for RaftStorage:Storage Directory /workdir/hadoop-ozone/ozonefs/target/test-dir/MiniOzoneClusterImpl-5b64906c-d720-4906-b30c-b6d56a2122fd/datanode-2/data/ratis/fc5e86ac-555a-4297-b355-11443841db3b
2019-09-26 21:19:13,202 [pool-47-thread-1] INFO  server.RaftServerConfigKeys (ConfUtils.java:logGet(43)) - raft.server.log.queue.byte-limit = 2147483647 (custom)
2019-09-26 21:19:13,203 [pool-47-thread-1] INFO  server.RaftServerConfigKeys (ConfUtils.java:logGet(43)) - raft.server.log.queue.element-limit = 1024 (custom)
2019-09-26 21:19:13,203 [pool-47-thread-1] INFO  server.RaftServerConfigKeys (ConfUtils.java:logGet(43)) - raft.server.log.segment.size.max = 1048576 (custom)
2019-09-26 21:19:13,203 [pool-47-thread-1] INFO  server.RaftServerConfigKeys (ConfUtils.java:logGet(43)) - raft.server.log.preallocated.size = 16384 (custom)
2019-09-26 21:19:13,203 [pool-47-thread-1] INFO  server.RaftServerConfigKeys (ConfUtils.java:logGet(43)) - raft.server.log.write.buffer.size = 33554432 (custom)
2019-09-26 21:19:13,203 [pool-47-thread-1] INFO  server.RaftServerConfigKeys (ConfUtils.java:logGet(43)) - raft.server.log.force.sync.num = 128 (default)
2019-09-26 21:19:13,203 [pool-47-thread-1] INFO  server.RaftServerConfigKeys (ConfUtils.java:logGet(43)) - raft.server.log.statemachine.data.sync = true (default)
2019-09-26 21:19:13,203 [pool-47-thread-1] INFO  server.RaftServerConfigKeys (ConfUtils.java:logGet(43)) - raft.server.log.statemachine.data.sync.timeout = 10s (default)
2019-09-26 21:19:13,204 [pool-47-thread-1] INFO  server.RaftServerConfigKeys (ConfUtils.java:logGet(43)) - raft.server.log.statemachine.data.sync.timeout.retry = -1 (default)
2019-09-26 21:19:13,204 [pool-47-thread-1] INFO  server.RaftServerConfigKeys (ConfUtils.java:logGet(43)) - raft.server.log.statemachine.data.caching.enabled = true (custom)
2019-09-26 21:19:13,204 [pool-47-thread-1] INFO  segmented.SegmentedRaftLogWorker (SegmentedRaftLogWorker.java:lambda$new$0(132)) - 09112efe-1fad-4539-a04f-c96aef6d2351@group-11443841DB3B-SegmentedRaftLogWorker: flushIndex: setUnconditionally 0 -> -1
2019-09-26 21:19:13,204 [pool-47-thread-1] INFO  server.RaftServerConfigKeys (ConfUtils.java:logGet(43)) - raft.server.snapshot.auto.trigger.enabled = true (custom)
2019-09-26 21:19:13,205 [pool-47-thread-1] INFO  server.RaftServerConfigKeys (ConfUtils.java:logGet(43)) - raft.server.snapshot.auto.trigger.threshold = 10000 (custom)
2019-09-26 21:19:13,205 [pool-47-thread-1] INFO  server.RaftServerConfigKeys (ConfUtils.java:logGet(43)) - raft.server.snapshot.retention.num.files = 5 (custom)
2019-09-26 21:19:13,205 [pool-47-thread-1] INFO  server.RaftServerConfigKeys (ConfUtils.java:logGet(43)) - raft.server.retrycache.expirytime = 600000ms (custom)
2019-09-26 21:19:13,207 [pool-47-thread-1] INFO  impl.RaftServerImpl (RaftServerImpl.java:start(185)) - 09112efe-1fad-4539-a04f-c96aef6d2351@group-11443841DB3B: start as a follower, conf=-1: [09112efe-1fad-4539-a04f-c96aef6d2351:192.168.151.99:45286], old=null
2019-09-26 21:19:13,207 [pool-47-thread-1] INFO  impl.RaftServerImpl (RaftServerImpl.java:setRole(174)) - 09112efe-1fad-4539-a04f-c96aef6d2351@group-11443841DB3B: changes role from      null to FOLLOWER at term 0 for startAsFollower
2019-09-26 21:19:13,207 [pool-47-thread-1] INFO  impl.RoleInfo (RoleInfo.java:updateAndGet(143)) - 09112efe-1fad-4539-a04f-c96aef6d2351: start FollowerState
2019-09-26 21:19:13,207 [pool-47-thread-1] INFO  util.JmxRegister (JmxRegister.java:tryRegister(44)) - Successfully registered JMX Bean with object name Ratis:service=RaftServer,group=group-11443841DB3B,id=09112efe-1fad-4539-a04f-c96aef6d2351
2019-09-26 21:19:13,210 [RatisPipelineUtilsThread] INFO  pipeline.PipelineStateManager (PipelineStateManager.java:addPipeline(56)) - Created pipeline Pipeline[ Id: fc5e86ac-555a-4297-b355-11443841db3b, Nodes: 09112efe-1fad-4539-a04f-c96aef6d2351{ip: 192.168.151.99, host: pr-hdds-1569-g6sp5-2013761785, networkLocation: /default-rack, certSerialId: null}, Type:RATIS, Factor:ONE, State:OPEN]
2019-09-26 21:19:13,214 [grpc-default-executor-2] INFO  impl.RaftServerProxy (RaftServerProxy.java:addNew(89)) - 1178c3ae-d0b4-4d44-b144-fe8504cc41ac: addNew group-9541723CC6E1:[1178c3ae-d0b4-4d44-b144-fe8504cc41ac:192.168.151.99:33787] returns group-9541723CC6E1:java.util.concurrent.CompletableFuture@4c4bee30[Not completed]
2019-09-26 21:19:13,215 [pool-37-thread-1] INFO  impl.RaftServerImpl (RaftServerImpl.java:<init>(95)) - 1178c3ae-d0b4-4d44-b144-fe8504cc41ac: new RaftServerImpl for group-9541723CC6E1:[1178c3ae-d0b4-4d44-b144-fe8504cc41ac:192.168.151.99:33787] with ContainerStateMachine:uninitialized
2019-09-26 21:19:13,215 [pool-37-thread-1] INFO  server.RaftServerConfigKeys (ConfUtils.java:logGet(43)) - raft.server.rpc.timeout.min = 5s (custom)
2019-09-26 21:19:13,215 [pool-37-thread-1] INFO  server.RaftServerConfigKeys (ConfUtils.java:logGet(43)) - raft.server.rpc.timeout.max = 5200ms (custom)
2019-09-26 21:19:13,215 [pool-37-thread-1] INFO  server.RaftServerConfigKeys (ConfUtils.java:logGet(43)) - raft.server.rpcslowness.timeout = 120s (custom)
2019-09-26 21:19:13,215 [pool-37-thread-1] INFO  server.RaftServerConfigKeys (ConfUtils.java:logGet(43)) - raft.server.sleep.deviation.threshold = 300 (default)
2019-09-26 21:19:13,216 [pool-37-thread-1] INFO  server.RaftServerConfigKeys (ConfUtils.java:logGet(43)) - raft.server.log.appender.install.snapshot.enabled = false (custom)
2019-09-26 21:19:13,216 [pool-37-thread-1] INFO  impl.RaftServerImpl (ServerState.java:<init>(103)) - 1178c3ae-d0b4-4d44-b144-fe8504cc41ac@group-9541723CC6E1: ConfigurationManager, init=-1: [1178c3ae-d0b4-4d44-b144-fe8504cc41ac:192.168.151.99:33787], old=null, confs=<EMPTY_MAP>
2019-09-26 21:19:13,216 [pool-37-thread-1] INFO  server.RaftServerConfigKeys (ConfUtils.java:logGet(43)) - raft.server.storage.dir = [/workdir/hadoop-ozone/ozonefs/target/test-dir/MiniOzoneClusterImpl-5b64906c-d720-4906-b30c-b6d56a2122fd/datanode-1/data/ratis] (custom)
2019-09-26 21:19:13,216 [pool-37-thread-1] INFO  storage.RaftStorageDirectory (RaftStorageDirectory.java:analyzeStorage(246)) - The storage directory /workdir/hadoop-ozone/ozonefs/target/test-dir/MiniOzoneClusterImpl-5b64906c-d720-4906-b30c-b6d56a2122fd/datanode-1/data/ratis/bbcf4535-ba4c-4a2f-9433-9541723cc6e1 does not exist. Creating ...
2019-09-26 21:19:13,228 [pool-37-thread-1] INFO  storage.RaftStorageDirectory (RaftStorageDirectory.java:tryLock(328)) - Lock on /workdir/hadoop-ozone/ozonefs/target/test-dir/MiniOzoneClusterImpl-5b64906c-d720-4906-b30c-b6d56a2122fd/datanode-1/data/ratis/bbcf4535-ba4c-4a2f-9433-9541723cc6e1/in_use.lock acquired by nodename 10701@pr-hdds-1569-g6sp5-2013761785
2019-09-26 21:19:13,241 [pool-37-thread-1] INFO  storage.RaftStorage (RaftStorage.java:format(72)) - Storage directory /workdir/hadoop-ozone/ozonefs/target/test-dir/MiniOzoneClusterImpl-5b64906c-d720-4906-b30c-b6d56a2122fd/datanode-1/data/ratis/bbcf4535-ba4c-4a2f-9433-9541723cc6e1 has been successfully formatted.
2019-09-26 21:19:13,241 [pool-37-thread-1] INFO  ratis.ContainerStateMachine (ContainerStateMachine.java:loadSnapshot(230)) - group-9541723CC6E1: The snapshot info is null. Setting the last applied indexto:(t:0, i:~)
2019-09-26 21:19:13,241 [pool-37-thread-1] INFO  server.RaftServerConfigKeys (ConfUtils.java:logGet(43)) - raft.server.notification.no-leader.timeout = 120s (custom)
2019-09-26 21:19:13,242 [pool-37-thread-1] INFO  server.RaftServerConfigKeys (ConfUtils.java:logGet(43)) - raft.server.log.use.memory = false (default)
2019-09-26 21:19:13,242 [pool-37-thread-1] INFO  server.RaftServerConfigKeys (ConfUtils.java:logGet(43)) - raft.server.log.purge.gap = 1000000 (custom)
2019-09-26 21:19:13,242 [pool-37-thread-1] INFO  server.RaftServerConfigKeys (ConfUtils.java:logGet(43)) - raft.server.log.appender.buffer.byte-limit = 33554432 (custom)
2019-09-26 21:19:13,242 [pool-37-thread-1] INFO  server.RaftServerConfigKeys (ConfUtils.java:logGet(43)) - raft.server.log.segment.size.max = 1048576 (custom)
2019-09-26 21:19:13,242 [pool-37-thread-1] INFO  server.RaftServerConfigKeys (ConfUtils.java:logGet(43)) - raft.server.log.segment.cache.num.max = 2 (custom)
2019-09-26 21:19:13,242 [pool-37-thread-1] INFO  segmented.SegmentedRaftLogWorker (SegmentedRaftLogWorker.java:<init>(172)) - new 1178c3ae-d0b4-4d44-b144-fe8504cc41ac@group-9541723CC6E1-SegmentedRaftLogWorker for RaftStorage:Storage Directory /workdir/hadoop-ozone/ozonefs/target/test-dir/MiniOzoneClusterImpl-5b64906c-d720-4906-b30c-b6d56a2122fd/datanode-1/data/ratis/bbcf4535-ba4c-4a2f-9433-9541723cc6e1
2019-09-26 21:19:13,242 [pool-37-thread-1] INFO  server.RaftServerConfigKeys (ConfUtils.java:logGet(43)) - raft.server.log.queue.byte-limit = 2147483647 (custom)
2019-09-26 21:19:13,242 [pool-37-thread-1] INFO  server.RaftServerConfigKeys (ConfUtils.java:logGet(43)) - raft.server.log.queue.element-limit = 1024 (custom)
2019-09-26 21:19:13,243 [pool-37-thread-1] INFO  server.RaftServerConfigKeys (ConfUtils.java:logGet(43)) - raft.server.log.segment.size.max = 1048576 (custom)
2019-09-26 21:19:13,243 [pool-37-thread-1] INFO  server.RaftServerConfigKeys (ConfUtils.java:logGet(43)) - raft.server.log.preallocated.size = 16384 (custom)
2019-09-26 21:19:13,243 [pool-37-thread-1] INFO  server.RaftServerConfigKeys (ConfUtils.java:logGet(43)) - raft.server.log.write.buffer.size = 33554432 (custom)
2019-09-26 21:19:13,243 [pool-37-thread-1] INFO  server.RaftServerConfigKeys (ConfUtils.java:logGet(43)) - raft.server.log.force.sync.num = 128 (default)
2019-09-26 21:19:13,243 [pool-37-thread-1] INFO  server.RaftServerConfigKeys (ConfUtils.java:logGet(43)) - raft.server.log.statemachine.data.sync = true (default)
2019-09-26 21:19:13,243 [pool-37-thread-1] INFO  server.RaftServerConfigKeys (ConfUtils.java:logGet(43)) - raft.server.log.statemachine.data.sync.timeout = 10s (default)
2019-09-26 21:19:13,243 [pool-37-thread-1] INFO  server.RaftServerConfigKeys (ConfUtils.java:logGet(43)) - raft.server.log.statemachine.data.sync.timeout.retry = -1 (default)
2019-09-26 21:19:13,243 [pool-37-thread-1] INFO  server.RaftServerConfigKeys (ConfUtils.java:logGet(43)) - raft.server.log.statemachine.data.caching.enabled = true (custom)
2019-09-26 21:19:13,244 [pool-37-thread-1] INFO  segmented.SegmentedRaftLogWorker (SegmentedRaftLogWorker.java:lambda$new$0(132)) - 1178c3ae-d0b4-4d44-b144-fe8504cc41ac@group-9541723CC6E1-SegmentedRaftLogWorker: flushIndex: setUnconditionally 0 -> -1
2019-09-26 21:19:13,244 [pool-37-thread-1] INFO  server.RaftServerConfigKeys (ConfUtils.java:logGet(43)) - raft.server.snapshot.auto.trigger.enabled = true (custom)
2019-09-26 21:19:13,244 [pool-37-thread-1] INFO  server.RaftServerConfigKeys (ConfUtils.java:logGet(43)) - raft.server.snapshot.auto.trigger.threshold = 10000 (custom)
2019-09-26 21:19:13,244 [pool-37-thread-1] INFO  server.RaftServerConfigKeys (ConfUtils.java:logGet(43)) - raft.server.snapshot.retention.num.files = 5 (custom)
2019-09-26 21:19:13,244 [pool-37-thread-1] INFO  server.RaftServerConfigKeys (ConfUtils.java:logGet(43)) - raft.server.retrycache.expirytime = 600000ms (custom)
2019-09-26 21:19:13,246 [pool-37-thread-1] INFO  impl.RaftServerImpl (RaftServerImpl.java:start(185)) - 1178c3ae-d0b4-4d44-b144-fe8504cc41ac@group-9541723CC6E1: start as a follower, conf=-1: [1178c3ae-d0b4-4d44-b144-fe8504cc41ac:192.168.151.99:33787], old=null
2019-09-26 21:19:13,246 [pool-37-thread-1] INFO  impl.RaftServerImpl (RaftServerImpl.java:setRole(174)) - 1178c3ae-d0b4-4d44-b144-fe8504cc41ac@group-9541723CC6E1: changes role from      null to FOLLOWER at term 0 for startAsFollower
2019-09-26 21:19:13,246 [pool-37-thread-1] INFO  impl.RoleInfo (RoleInfo.java:updateAndGet(143)) - 1178c3ae-d0b4-4d44-b144-fe8504cc41ac: start FollowerState
2019-09-26 21:19:13,246 [pool-37-thread-1] INFO  util.JmxRegister (JmxRegister.java:tryRegister(44)) - Successfully registered JMX Bean with object name Ratis:service=RaftServer,group=group-9541723CC6E1,id=1178c3ae-d0b4-4d44-b144-fe8504cc41ac
2019-09-26 21:19:13,248 [RatisPipelineUtilsThread] INFO  pipeline.PipelineStateManager (PipelineStateManager.java:addPipeline(56)) - Created pipeline Pipeline[ Id: bbcf4535-ba4c-4a2f-9433-9541723cc6e1, Nodes: 1178c3ae-d0b4-4d44-b144-fe8504cc41ac{ip: 192.168.151.99, host: pr-hdds-1569-g6sp5-2013761785, networkLocation: /default-rack, certSerialId: null}, Type:RATIS, Factor:ONE, State:OPEN]
2019-09-26 21:19:13,253 [grpc-default-executor-2] INFO  impl.RaftServerProxy (RaftServerProxy.java:addNew(89)) - 09112efe-1fad-4539-a04f-c96aef6d2351: addNew group-7CB09764F714:[09112efe-1fad-4539-a04f-c96aef6d2351:192.168.151.99:45286] returns group-7CB09764F714:java.util.concurrent.CompletableFuture@f49ef35[Not completed]
2019-09-26 21:19:13,254 [pool-47-thread-1] INFO  impl.RaftServerImpl (RaftServerImpl.java:<init>(95)) - 09112efe-1fad-4539-a04f-c96aef6d2351: new RaftServerImpl for group-7CB09764F714:[09112efe-1fad-4539-a04f-c96aef6d2351:192.168.151.99:45286] with ContainerStateMachine:uninitialized
2019-09-26 21:19:13,254 [pool-47-thread-1] INFO  server.RaftServerConfigKeys (ConfUtils.java:logGet(43)) - raft.server.rpc.timeout.min = 5s (custom)
2019-09-26 21:19:13,254 [pool-47-thread-1] INFO  server.RaftServerConfigKeys (ConfUtils.java:logGet(43)) - raft.server.rpc.timeout.max = 5200ms (custom)
2019-09-26 21:19:13,254 [pool-47-thread-1] INFO  server.RaftServerConfigKeys (ConfUtils.java:logGet(43)) - raft.server.rpcslowness.timeout = 120s (custom)
2019-09-26 21:19:13,254 [pool-47-thread-1] INFO  server.RaftServerConfigKeys (ConfUtils.java:logGet(43)) - raft.server.sleep.deviation.threshold = 300 (default)
2019-09-26 21:19:13,255 [pool-47-thread-1] INFO  server.RaftServerConfigKeys (ConfUtils.java:logGet(43)) - raft.server.log.appender.install.snapshot.enabled = false (custom)
2019-09-26 21:19:13,255 [pool-47-thread-1] INFO  impl.RaftServerImpl (ServerState.java:<init>(103)) - 09112efe-1fad-4539-a04f-c96aef6d2351@group-7CB09764F714: ConfigurationManager, init=-1: [09112efe-1fad-4539-a04f-c96aef6d2351:192.168.151.99:45286], old=null, confs=<EMPTY_MAP>
2019-09-26 21:19:13,255 [pool-47-thread-1] INFO  server.RaftServerConfigKeys (ConfUtils.java:logGet(43)) - raft.server.storage.dir = [/workdir/hadoop-ozone/ozonefs/target/test-dir/MiniOzoneClusterImpl-5b64906c-d720-4906-b30c-b6d56a2122fd/datanode-2/data/ratis] (custom)
2019-09-26 21:19:13,255 [pool-47-thread-1] INFO  storage.RaftStorageDirectory (RaftStorageDirectory.java:analyzeStorage(246)) - The storage directory /workdir/hadoop-ozone/ozonefs/target/test-dir/MiniOzoneClusterImpl-5b64906c-d720-4906-b30c-b6d56a2122fd/datanode-2/data/ratis/d5e970e1-fb99-4c5e-9a37-7cb09764f714 does not exist. Creating ...
2019-09-26 21:19:13,292 [pool-47-thread-1] INFO  storage.RaftStorageDirectory (RaftStorageDirectory.java:tryLock(328)) - Lock on /workdir/hadoop-ozone/ozonefs/target/test-dir/MiniOzoneClusterImpl-5b64906c-d720-4906-b30c-b6d56a2122fd/datanode-2/data/ratis/d5e970e1-fb99-4c5e-9a37-7cb09764f714/in_use.lock acquired by nodename 10701@pr-hdds-1569-g6sp5-2013761785
2019-09-26 21:19:13,306 [pool-47-thread-1] INFO  storage.RaftStorage (RaftStorage.java:format(72)) - Storage directory /workdir/hadoop-ozone/ozonefs/target/test-dir/MiniOzoneClusterImpl-5b64906c-d720-4906-b30c-b6d56a2122fd/datanode-2/data/ratis/d5e970e1-fb99-4c5e-9a37-7cb09764f714 has been successfully formatted.
2019-09-26 21:19:13,307 [pool-47-thread-1] INFO  ratis.ContainerStateMachine (ContainerStateMachine.java:loadSnapshot(230)) - group-7CB09764F714: The snapshot info is null. Setting the last applied indexto:(t:0, i:~)
2019-09-26 21:19:13,307 [pool-47-thread-1] INFO  server.RaftServerConfigKeys (ConfUtils.java:logGet(43)) - raft.server.notification.no-leader.timeout = 120s (custom)
2019-09-26 21:19:13,307 [pool-47-thread-1] INFO  server.RaftServerConfigKeys (ConfUtils.java:logGet(43)) - raft.server.log.use.memory = false (default)
2019-09-26 21:19:13,307 [pool-47-thread-1] INFO  server.RaftServerConfigKeys (ConfUtils.java:logGet(43)) - raft.server.log.purge.gap = 1000000 (custom)
2019-09-26 21:19:13,307 [pool-47-thread-1] INFO  server.RaftServerConfigKeys (ConfUtils.java:logGet(43)) - raft.server.log.appender.buffer.byte-limit = 33554432 (custom)
2019-09-26 21:19:13,307 [pool-47-thread-1] INFO  server.RaftServerConfigKeys (ConfUtils.java:logGet(43)) - raft.server.log.segment.size.max = 1048576 (custom)
2019-09-26 21:19:13,307 [pool-47-thread-1] INFO  server.RaftServerConfigKeys (ConfUtils.java:logGet(43)) - raft.server.log.segment.cache.num.max = 2 (custom)
2019-09-26 21:19:13,308 [pool-47-thread-1] INFO  segmented.SegmentedRaftLogWorker (SegmentedRaftLogWorker.java:<init>(172)) - new 09112efe-1fad-4539-a04f-c96aef6d2351@group-7CB09764F714-SegmentedRaftLogWorker for RaftStorage:Storage Directory /workdir/hadoop-ozone/ozonefs/target/test-dir/MiniOzoneClusterImpl-5b64906c-d720-4906-b30c-b6d56a2122fd/datanode-2/data/ratis/d5e970e1-fb99-4c5e-9a37-7cb09764f714
2019-09-26 21:19:13,308 [pool-47-thread-1] INFO  server.RaftServerConfigKeys (ConfUtils.java:logGet(43)) - raft.server.log.queue.byte-limit = 2147483647 (custom)
2019-09-26 21:19:13,308 [pool-47-thread-1] INFO  server.RaftServerConfigKeys (ConfUtils.java:logGet(43)) - raft.server.log.queue.element-limit = 1024 (custom)
2019-09-26 21:19:13,308 [pool-47-thread-1] INFO  server.RaftServerConfigKeys (ConfUtils.java:logGet(43)) - raft.server.log.segment.size.max = 1048576 (custom)
2019-09-26 21:19:13,308 [pool-47-thread-1] INFO  server.RaftServerConfigKeys (ConfUtils.java:logGet(43)) - raft.server.log.preallocated.size = 16384 (custom)
2019-09-26 21:19:13,308 [pool-47-thread-1] INFO  server.RaftServerConfigKeys (ConfUtils.java:logGet(43)) - raft.server.log.write.buffer.size = 33554432 (custom)
2019-09-26 21:19:13,308 [pool-47-thread-1] INFO  server.RaftServerConfigKeys (ConfUtils.java:logGet(43)) - raft.server.log.force.sync.num = 128 (default)
2019-09-26 21:19:13,309 [pool-47-thread-1] INFO  server.RaftServerConfigKeys (ConfUtils.java:logGet(43)) - raft.server.log.statemachine.data.sync = true (default)
2019-09-26 21:19:13,309 [pool-47-thread-1] INFO  server.RaftServerConfigKeys (ConfUtils.java:logGet(43)) - raft.server.log.statemachine.data.sync.timeout = 10s (default)
2019-09-26 21:19:13,309 [pool-47-thread-1] INFO  server.RaftServerConfigKeys (ConfUtils.java:logGet(43)) - raft.server.log.statemachine.data.sync.timeout.retry = -1 (default)
2019-09-26 21:19:13,309 [pool-47-thread-1] INFO  server.RaftServerConfigKeys (ConfUtils.java:logGet(43)) - raft.server.log.statemachine.data.caching.enabled = true (custom)
2019-09-26 21:19:13,309 [pool-47-thread-1] INFO  segmented.SegmentedRaftLogWorker (SegmentedRaftLogWorker.java:lambda$new$0(132)) - 09112efe-1fad-4539-a04f-c96aef6d2351@group-7CB09764F714-SegmentedRaftLogWorker: flushIndex: setUnconditionally 0 -> -1
2019-09-26 21:19:13,310 [pool-47-thread-1] INFO  server.RaftServerConfigKeys (ConfUtils.java:logGet(43)) - raft.server.snapshot.auto.trigger.enabled = true (custom)
2019-09-26 21:19:13,310 [pool-47-thread-1] INFO  server.RaftServerConfigKeys (ConfUtils.java:logGet(43)) - raft.server.snapshot.auto.trigger.threshold = 10000 (custom)
2019-09-26 21:19:13,310 [pool-47-thread-1] INFO  server.RaftServerConfigKeys (ConfUtils.java:logGet(43)) - raft.server.snapshot.retention.num.files = 5 (custom)
2019-09-26 21:19:13,310 [pool-47-thread-1] INFO  server.RaftServerConfigKeys (ConfUtils.java:logGet(43)) - raft.server.retrycache.expirytime = 600000ms (custom)
2019-09-26 21:19:13,312 [pool-47-thread-1] INFO  impl.RaftServerImpl (RaftServerImpl.java:start(185)) - 09112efe-1fad-4539-a04f-c96aef6d2351@group-7CB09764F714: start as a follower, conf=-1: [09112efe-1fad-4539-a04f-c96aef6d2351:192.168.151.99:45286], old=null
2019-09-26 21:19:13,312 [pool-47-thread-1] INFO  impl.RaftServerImpl (RaftServerImpl.java:setRole(174)) - 09112efe-1fad-4539-a04f-c96aef6d2351@group-7CB09764F714: changes role from      null to FOLLOWER at term 0 for startAsFollower
2019-09-26 21:19:13,312 [pool-47-thread-1] INFO  impl.RoleInfo (RoleInfo.java:updateAndGet(143)) - 09112efe-1fad-4539-a04f-c96aef6d2351: start FollowerState
2019-09-26 21:19:13,312 [pool-47-thread-1] INFO  util.JmxRegister (JmxRegister.java:tryRegister(44)) - Successfully registered JMX Bean with object name Ratis:service=RaftServer,group=group-7CB09764F714,id=09112efe-1fad-4539-a04f-c96aef6d2351
2019-09-26 21:19:13,315 [RatisPipelineUtilsThread] INFO  pipeline.PipelineStateManager (PipelineStateManager.java:addPipeline(56)) - Created pipeline Pipeline[ Id: d5e970e1-fb99-4c5e-9a37-7cb09764f714, Nodes: 09112efe-1fad-4539-a04f-c96aef6d2351{ip: 192.168.151.99, host: pr-hdds-1569-g6sp5-2013761785, networkLocation: /default-rack, certSerialId: null}, Type:RATIS, Factor:ONE, State:OPEN]
2019-09-26 21:19:13,319 [grpc-default-executor-2] INFO  impl.RaftServerProxy (RaftServerProxy.java:addNew(89)) - 1178c3ae-d0b4-4d44-b144-fe8504cc41ac: addNew group-AA27AC3B9E14:[1178c3ae-d0b4-4d44-b144-fe8504cc41ac:192.168.151.99:33787] returns group-AA27AC3B9E14:java.util.concurrent.CompletableFuture@751716[Not completed]
2019-09-26 21:19:13,320 [pool-37-thread-1] INFO  impl.RaftServerImpl (RaftServerImpl.java:<init>(95)) - 1178c3ae-d0b4-4d44-b144-fe8504cc41ac: new RaftServerImpl for group-AA27AC3B9E14:[1178c3ae-d0b4-4d44-b144-fe8504cc41ac:192.168.151.99:33787] with ContainerStateMachine:uninitialized
2019-09-26 21:19:13,320 [pool-37-thread-1] INFO  server.RaftServerConfigKeys (ConfUtils.java:logGet(43)) - raft.server.rpc.timeout.min = 5s (custom)
2019-09-26 21:19:13,320 [pool-37-thread-1] INFO  server.RaftServerConfigKeys (ConfUtils.java:logGet(43)) - raft.server.rpc.timeout.max = 5200ms (custom)
2019-09-26 21:19:13,321 [pool-37-thread-1] INFO  server.RaftServerConfigKeys (ConfUtils.java:logGet(43)) - raft.server.rpcslowness.timeout = 120s (custom)
2019-09-26 21:19:13,321 [pool-37-thread-1] INFO  server.RaftServerConfigKeys (ConfUtils.java:logGet(43)) - raft.server.sleep.deviation.threshold = 300 (default)
2019-09-26 21:19:13,321 [pool-37-thread-1] INFO  server.RaftServerConfigKeys (ConfUtils.java:logGet(43)) - raft.server.log.appender.install.snapshot.enabled = false (custom)
2019-09-26 21:19:13,321 [pool-37-thread-1] INFO  impl.RaftServerImpl (ServerState.java:<init>(103)) - 1178c3ae-d0b4-4d44-b144-fe8504cc41ac@group-AA27AC3B9E14: ConfigurationManager, init=-1: [1178c3ae-d0b4-4d44-b144-fe8504cc41ac:192.168.151.99:33787], old=null, confs=<EMPTY_MAP>
2019-09-26 21:19:13,321 [pool-37-thread-1] INFO  server.RaftServerConfigKeys (ConfUtils.java:logGet(43)) - raft.server.storage.dir = [/workdir/hadoop-ozone/ozonefs/target/test-dir/MiniOzoneClusterImpl-5b64906c-d720-4906-b30c-b6d56a2122fd/datanode-1/data/ratis] (custom)
2019-09-26 21:19:13,322 [pool-37-thread-1] INFO  storage.RaftStorageDirectory (RaftStorageDirectory.java:analyzeStorage(246)) - The storage directory /workdir/hadoop-ozone/ozonefs/target/test-dir/MiniOzoneClusterImpl-5b64906c-d720-4906-b30c-b6d56a2122fd/datanode-1/data/ratis/b933372e-c119-471f-96eb-aa27ac3b9e14 does not exist. Creating ...
2019-09-26 21:19:13,335 [pool-37-thread-1] INFO  storage.RaftStorageDirectory (RaftStorageDirectory.java:tryLock(328)) - Lock on /workdir/hadoop-ozone/ozonefs/target/test-dir/MiniOzoneClusterImpl-5b64906c-d720-4906-b30c-b6d56a2122fd/datanode-1/data/ratis/b933372e-c119-471f-96eb-aa27ac3b9e14/in_use.lock acquired by nodename 10701@pr-hdds-1569-g6sp5-2013761785
2019-09-26 21:19:13,348 [pool-37-thread-1] INFO  storage.RaftStorage (RaftStorage.java:format(72)) - Storage directory /workdir/hadoop-ozone/ozonefs/target/test-dir/MiniOzoneClusterImpl-5b64906c-d720-4906-b30c-b6d56a2122fd/datanode-1/data/ratis/b933372e-c119-471f-96eb-aa27ac3b9e14 has been successfully formatted.
2019-09-26 21:19:13,348 [pool-37-thread-1] INFO  ratis.ContainerStateMachine (ContainerStateMachine.java:loadSnapshot(230)) - group-AA27AC3B9E14: The snapshot info is null. Setting the last applied indexto:(t:0, i:~)
2019-09-26 21:19:13,348 [pool-37-thread-1] INFO  server.RaftServerConfigKeys (ConfUtils.java:logGet(43)) - raft.server.notification.no-leader.timeout = 120s (custom)
2019-09-26 21:19:13,348 [pool-37-thread-1] INFO  server.RaftServerConfigKeys (ConfUtils.java:logGet(43)) - raft.server.log.use.memory = false (default)
2019-09-26 21:19:13,349 [pool-37-thread-1] INFO  server.RaftServerConfigKeys (ConfUtils.java:logGet(43)) - raft.server.log.purge.gap = 1000000 (custom)
2019-09-26 21:19:13,349 [pool-37-thread-1] INFO  server.RaftServerConfigKeys (ConfUtils.java:logGet(43)) - raft.server.log.appender.buffer.byte-limit = 33554432 (custom)
2019-09-26 21:19:13,349 [pool-37-thread-1] INFO  server.RaftServerConfigKeys (ConfUtils.java:logGet(43)) - raft.server.log.segment.size.max = 1048576 (custom)
2019-09-26 21:19:13,349 [pool-37-thread-1] INFO  server.RaftServerConfigKeys (ConfUtils.java:logGet(43)) - raft.server.log.segment.cache.num.max = 2 (custom)
2019-09-26 21:19:13,349 [pool-37-thread-1] INFO  segmented.SegmentedRaftLogWorker (SegmentedRaftLogWorker.java:<init>(172)) - new 1178c3ae-d0b4-4d44-b144-fe8504cc41ac@group-AA27AC3B9E14-SegmentedRaftLogWorker for RaftStorage:Storage Directory /workdir/hadoop-ozone/ozonefs/target/test-dir/MiniOzoneClusterImpl-5b64906c-d720-4906-b30c-b6d56a2122fd/datanode-1/data/ratis/b933372e-c119-471f-96eb-aa27ac3b9e14
2019-09-26 21:19:13,349 [pool-37-thread-1] INFO  server.RaftServerConfigKeys (ConfUtils.java:logGet(43)) - raft.server.log.queue.byte-limit = 2147483647 (custom)
2019-09-26 21:19:13,350 [pool-37-thread-1] INFO  server.RaftServerConfigKeys (ConfUtils.java:logGet(43)) - raft.server.log.queue.element-limit = 1024 (custom)
2019-09-26 21:19:13,350 [pool-37-thread-1] INFO  server.RaftServerConfigKeys (ConfUtils.java:logGet(43)) - raft.server.log.segment.size.max = 1048576 (custom)
2019-09-26 21:19:13,350 [pool-37-thread-1] INFO  server.RaftServerConfigKeys (ConfUtils.java:logGet(43)) - raft.server.log.preallocated.size = 16384 (custom)
2019-09-26 21:19:13,350 [pool-37-thread-1] INFO  server.RaftServerConfigKeys (ConfUtils.java:logGet(43)) - raft.server.log.write.buffer.size = 33554432 (custom)
2019-09-26 21:19:13,350 [pool-37-thread-1] INFO  server.RaftServerConfigKeys (ConfUtils.java:logGet(43)) - raft.server.log.force.sync.num = 128 (default)
2019-09-26 21:19:13,350 [pool-37-thread-1] INFO  server.RaftServerConfigKeys (ConfUtils.java:logGet(43)) - raft.server.log.statemachine.data.sync = true (default)
2019-09-26 21:19:13,351 [pool-37-thread-1] INFO  server.RaftServerConfigKeys (ConfUtils.java:logGet(43)) - raft.server.log.statemachine.data.sync.timeout = 10s (default)
2019-09-26 21:19:13,351 [pool-37-thread-1] INFO  server.RaftServerConfigKeys (ConfUtils.java:logGet(43)) - raft.server.log.statemachine.data.sync.timeout.retry = -1 (default)
2019-09-26 21:19:13,351 [pool-37-thread-1] INFO  server.RaftServerConfigKeys (ConfUtils.java:logGet(43)) - raft.server.log.statemachine.data.caching.enabled = true (custom)
2019-09-26 21:19:13,351 [pool-37-thread-1] INFO  segmented.SegmentedRaftLogWorker (SegmentedRaftLogWorker.java:lambda$new$0(132)) - 1178c3ae-d0b4-4d44-b144-fe8504cc41ac@group-AA27AC3B9E14-SegmentedRaftLogWorker: flushIndex: setUnconditionally 0 -> -1
2019-09-26 21:19:13,352 [pool-37-thread-1] INFO  server.RaftServerConfigKeys (ConfUtils.java:logGet(43)) - raft.server.snapshot.auto.trigger.enabled = true (custom)
2019-09-26 21:19:13,352 [pool-37-thread-1] INFO  server.RaftServerConfigKeys (ConfUtils.java:logGet(43)) - raft.server.snapshot.auto.trigger.threshold = 10000 (custom)
2019-09-26 21:19:13,352 [pool-37-thread-1] INFO  server.RaftServerConfigKeys (ConfUtils.java:logGet(43)) - raft.server.snapshot.retention.num.files = 5 (custom)
2019-09-26 21:19:13,352 [pool-37-thread-1] INFO  server.RaftServerConfigKeys (ConfUtils.java:logGet(43)) - raft.server.retrycache.expirytime = 600000ms (custom)
2019-09-26 21:19:13,354 [pool-37-thread-1] INFO  impl.RaftServerImpl (RaftServerImpl.java:start(185)) - 1178c3ae-d0b4-4d44-b144-fe8504cc41ac@group-AA27AC3B9E14: start as a follower, conf=-1: [1178c3ae-d0b4-4d44-b144-fe8504cc41ac:192.168.151.99:33787], old=null
2019-09-26 21:19:13,354 [pool-37-thread-1] INFO  impl.RaftServerImpl (RaftServerImpl.java:setRole(174)) - 1178c3ae-d0b4-4d44-b144-fe8504cc41ac@group-AA27AC3B9E14: changes role from      null to FOLLOWER at term 0 for startAsFollower
2019-09-26 21:19:13,355 [pool-37-thread-1] INFO  impl.RoleInfo (RoleInfo.java:updateAndGet(143)) - 1178c3ae-d0b4-4d44-b144-fe8504cc41ac: start FollowerState
2019-09-26 21:19:13,355 [pool-37-thread-1] INFO  util.JmxRegister (JmxRegister.java:tryRegister(44)) - Successfully registered JMX Bean with object name Ratis:service=RaftServer,group=group-AA27AC3B9E14,id=1178c3ae-d0b4-4d44-b144-fe8504cc41ac
2019-09-26 21:19:13,358 [RatisPipelineUtilsThread] INFO  pipeline.PipelineStateManager (PipelineStateManager.java:addPipeline(56)) - Created pipeline Pipeline[ Id: b933372e-c119-471f-96eb-aa27ac3b9e14, Nodes: 1178c3ae-d0b4-4d44-b144-fe8504cc41ac{ip: 192.168.151.99, host: pr-hdds-1569-g6sp5-2013761785, networkLocation: /default-rack, certSerialId: null}, Type:RATIS, Factor:ONE, State:OPEN]
2019-09-26 21:19:13,362 [grpc-default-executor-2] INFO  impl.RaftServerProxy (RaftServerProxy.java:addNew(89)) - 1178c3ae-d0b4-4d44-b144-fe8504cc41ac: addNew group-9BABA4CE95C3:[1178c3ae-d0b4-4d44-b144-fe8504cc41ac:192.168.151.99:33787] returns group-9BABA4CE95C3:java.util.concurrent.CompletableFuture@543e76ba[Not completed]
2019-09-26 21:19:13,363 [pool-37-thread-1] INFO  impl.RaftServerImpl (RaftServerImpl.java:<init>(95)) - 1178c3ae-d0b4-4d44-b144-fe8504cc41ac: new RaftServerImpl for group-9BABA4CE95C3:[1178c3ae-d0b4-4d44-b144-fe8504cc41ac:192.168.151.99:33787] with ContainerStateMachine:uninitialized
2019-09-26 21:19:13,363 [pool-37-thread-1] INFO  server.RaftServerConfigKeys (ConfUtils.java:logGet(43)) - raft.server.rpc.timeout.min = 5s (custom)
2019-09-26 21:19:13,363 [pool-37-thread-1] INFO  server.RaftServerConfigKeys (ConfUtils.java:logGet(43)) - raft.server.rpc.timeout.max = 5200ms (custom)
2019-09-26 21:19:13,364 [pool-37-thread-1] INFO  server.RaftServerConfigKeys (ConfUtils.java:logGet(43)) - raft.server.rpcslowness.timeout = 120s (custom)
2019-09-26 21:19:13,364 [pool-37-thread-1] INFO  server.RaftServerConfigKeys (ConfUtils.java:logGet(43)) - raft.server.sleep.deviation.threshold = 300 (default)
2019-09-26 21:19:13,364 [pool-37-thread-1] INFO  server.RaftServerConfigKeys (ConfUtils.java:logGet(43)) - raft.server.log.appender.install.snapshot.enabled = false (custom)
2019-09-26 21:19:13,364 [pool-37-thread-1] INFO  impl.RaftServerImpl (ServerState.java:<init>(103)) - 1178c3ae-d0b4-4d44-b144-fe8504cc41ac@group-9BABA4CE95C3: ConfigurationManager, init=-1: [1178c3ae-d0b4-4d44-b144-fe8504cc41ac:192.168.151.99:33787], old=null, confs=<EMPTY_MAP>
2019-09-26 21:19:13,364 [pool-37-thread-1] INFO  server.RaftServerConfigKeys (ConfUtils.java:logGet(43)) - raft.server.storage.dir = [/workdir/hadoop-ozone/ozonefs/target/test-dir/MiniOzoneClusterImpl-5b64906c-d720-4906-b30c-b6d56a2122fd/datanode-1/data/ratis] (custom)
2019-09-26 21:19:13,365 [pool-37-thread-1] INFO  storage.RaftStorageDirectory (RaftStorageDirectory.java:analyzeStorage(246)) - The storage directory /workdir/hadoop-ozone/ozonefs/target/test-dir/MiniOzoneClusterImpl-5b64906c-d720-4906-b30c-b6d56a2122fd/datanode-1/data/ratis/6ff2df9b-c095-41da-aa57-9baba4ce95c3 does not exist. Creating ...
2019-09-26 21:19:13,379 [pool-37-thread-1] INFO  storage.RaftStorageDirectory (RaftStorageDirectory.java:tryLock(328)) - Lock on /workdir/hadoop-ozone/ozonefs/target/test-dir/MiniOzoneClusterImpl-5b64906c-d720-4906-b30c-b6d56a2122fd/datanode-1/data/ratis/6ff2df9b-c095-41da-aa57-9baba4ce95c3/in_use.lock acquired by nodename 10701@pr-hdds-1569-g6sp5-2013761785
2019-09-26 21:19:13,392 [pool-37-thread-1] INFO  storage.RaftStorage (RaftStorage.java:format(72)) - Storage directory /workdir/hadoop-ozone/ozonefs/target/test-dir/MiniOzoneClusterImpl-5b64906c-d720-4906-b30c-b6d56a2122fd/datanode-1/data/ratis/6ff2df9b-c095-41da-aa57-9baba4ce95c3 has been successfully formatted.
2019-09-26 21:19:13,392 [pool-37-thread-1] INFO  ratis.ContainerStateMachine (ContainerStateMachine.java:loadSnapshot(230)) - group-9BABA4CE95C3: The snapshot info is null. Setting the last applied indexto:(t:0, i:~)
2019-09-26 21:19:13,393 [pool-37-thread-1] INFO  server.RaftServerConfigKeys (ConfUtils.java:logGet(43)) - raft.server.notification.no-leader.timeout = 120s (custom)
2019-09-26 21:19:13,393 [pool-37-thread-1] INFO  server.RaftServerConfigKeys (ConfUtils.java:logGet(43)) - raft.server.log.use.memory = false (default)
2019-09-26 21:19:13,393 [pool-37-thread-1] INFO  server.RaftServerConfigKeys (ConfUtils.java:logGet(43)) - raft.server.log.purge.gap = 1000000 (custom)
2019-09-26 21:19:13,393 [pool-37-thread-1] INFO  server.RaftServerConfigKeys (ConfUtils.java:logGet(43)) - raft.server.log.appender.buffer.byte-limit = 33554432 (custom)
2019-09-26 21:19:13,393 [pool-37-thread-1] INFO  server.RaftServerConfigKeys (ConfUtils.java:logGet(43)) - raft.server.log.segment.size.max = 1048576 (custom)
2019-09-26 21:19:13,393 [pool-37-thread-1] INFO  server.RaftServerConfigKeys (ConfUtils.java:logGet(43)) - raft.server.log.segment.cache.num.max = 2 (custom)
2019-09-26 21:19:13,394 [pool-37-thread-1] INFO  segmented.SegmentedRaftLogWorker (SegmentedRaftLogWorker.java:<init>(172)) - new 1178c3ae-d0b4-4d44-b144-fe8504cc41ac@group-9BABA4CE95C3-SegmentedRaftLogWorker for RaftStorage:Storage Directory /workdir/hadoop-ozone/ozonefs/target/test-dir/MiniOzoneClusterImpl-5b64906c-d720-4906-b30c-b6d56a2122fd/datanode-1/data/ratis/6ff2df9b-c095-41da-aa57-9baba4ce95c3
2019-09-26 21:19:13,394 [pool-37-thread-1] INFO  server.RaftServerConfigKeys (ConfUtils.java:logGet(43)) - raft.server.log.queue.byte-limit = 2147483647 (custom)
2019-09-26 21:19:13,394 [pool-37-thread-1] INFO  server.RaftServerConfigKeys (ConfUtils.java:logGet(43)) - raft.server.log.queue.element-limit = 1024 (custom)
2019-09-26 21:19:13,394 [pool-37-thread-1] INFO  server.RaftServerConfigKeys (ConfUtils.java:logGet(43)) - raft.server.log.segment.size.max = 1048576 (custom)
2019-09-26 21:19:13,394 [pool-37-thread-1] INFO  server.RaftServerConfigKeys (ConfUtils.java:logGet(43)) - raft.server.log.preallocated.size = 16384 (custom)
2019-09-26 21:19:13,394 [pool-37-thread-1] INFO  server.RaftServerConfigKeys (ConfUtils.java:logGet(43)) - raft.server.log.write.buffer.size = 33554432 (custom)
2019-09-26 21:19:13,394 [pool-37-thread-1] INFO  server.RaftServerConfigKeys (ConfUtils.java:logGet(43)) - raft.server.log.force.sync.num = 128 (default)
2019-09-26 21:19:13,395 [pool-37-thread-1] INFO  server.RaftServerConfigKeys (ConfUtils.java:logGet(43)) - raft.server.log.statemachine.data.sync = true (default)
2019-09-26 21:19:13,395 [pool-37-thread-1] INFO  server.RaftServerConfigKeys (ConfUtils.java:logGet(43)) - raft.server.log.statemachine.data.sync.timeout = 10s (default)
2019-09-26 21:19:13,395 [pool-37-thread-1] INFO  server.RaftServerConfigKeys (ConfUtils.java:logGet(43)) - raft.server.log.statemachine.data.sync.timeout.retry = -1 (default)
2019-09-26 21:19:13,395 [pool-37-thread-1] INFO  server.RaftServerConfigKeys (ConfUtils.java:logGet(43)) - raft.server.log.statemachine.data.caching.enabled = true (custom)
2019-09-26 21:19:13,395 [pool-37-thread-1] INFO  segmented.SegmentedRaftLogWorker (SegmentedRaftLogWorker.java:lambda$new$0(132)) - 1178c3ae-d0b4-4d44-b144-fe8504cc41ac@group-9BABA4CE95C3-SegmentedRaftLogWorker: flushIndex: setUnconditionally 0 -> -1
2019-09-26 21:19:13,395 [pool-37-thread-1] INFO  server.RaftServerConfigKeys (ConfUtils.java:logGet(43)) - raft.server.snapshot.auto.trigger.enabled = true (custom)
2019-09-26 21:19:13,396 [pool-37-thread-1] INFO  server.RaftServerConfigKeys (ConfUtils.java:logGet(43)) - raft.server.snapshot.auto.trigger.threshold = 10000 (custom)
2019-09-26 21:19:13,396 [pool-37-thread-1] INFO  server.RaftServerConfigKeys (ConfUtils.java:logGet(43)) - raft.server.snapshot.retention.num.files = 5 (custom)
2019-09-26 21:19:13,396 [pool-37-thread-1] INFO  server.RaftServerConfigKeys (ConfUtils.java:logGet(43)) - raft.server.retrycache.expirytime = 600000ms (custom)
2019-09-26 21:19:13,397 [pool-37-thread-1] INFO  impl.RaftServerImpl (RaftServerImpl.java:start(185)) - 1178c3ae-d0b4-4d44-b144-fe8504cc41ac@group-9BABA4CE95C3: start as a follower, conf=-1: [1178c3ae-d0b4-4d44-b144-fe8504cc41ac:192.168.151.99:33787], old=null
2019-09-26 21:19:13,398 [pool-37-thread-1] INFO  impl.RaftServerImpl (RaftServerImpl.java:setRole(174)) - 1178c3ae-d0b4-4d44-b144-fe8504cc41ac@group-9BABA4CE95C3: changes role from      null to FOLLOWER at term 0 for startAsFollower
2019-09-26 21:19:13,398 [pool-37-thread-1] INFO  impl.RoleInfo (RoleInfo.java:updateAndGet(143)) - 1178c3ae-d0b4-4d44-b144-fe8504cc41ac: start FollowerState
2019-09-26 21:19:13,398 [pool-37-thread-1] INFO  util.JmxRegister (JmxRegister.java:tryRegister(44)) - Successfully registered JMX Bean with object name Ratis:service=RaftServer,group=group-9BABA4CE95C3,id=1178c3ae-d0b4-4d44-b144-fe8504cc41ac
2019-09-26 21:19:13,401 [RatisPipelineUtilsThread] INFO  pipeline.PipelineStateManager (PipelineStateManager.java:addPipeline(56)) - Created pipeline Pipeline[ Id: 6ff2df9b-c095-41da-aa57-9baba4ce95c3, Nodes: 1178c3ae-d0b4-4d44-b144-fe8504cc41ac{ip: 192.168.151.99, host: pr-hdds-1569-g6sp5-2013761785, networkLocation: /default-rack, certSerialId: null}, Type:RATIS, Factor:ONE, State:OPEN]
2019-09-26 21:19:13,406 [grpc-default-executor-2] INFO  impl.RaftServerProxy (RaftServerProxy.java:addNew(89)) - 1178c3ae-d0b4-4d44-b144-fe8504cc41ac: addNew group-6F0B28853612:[1178c3ae-d0b4-4d44-b144-fe8504cc41ac:192.168.151.99:33787] returns group-6F0B28853612:java.util.concurrent.CompletableFuture@d7f8e55[Not completed]
2019-09-26 21:19:13,407 [pool-37-thread-1] INFO  impl.RaftServerImpl (RaftServerImpl.java:<init>(95)) - 1178c3ae-d0b4-4d44-b144-fe8504cc41ac: new RaftServerImpl for group-6F0B28853612:[1178c3ae-d0b4-4d44-b144-fe8504cc41ac:192.168.151.99:33787] with ContainerStateMachine:uninitialized
2019-09-26 21:19:13,407 [pool-37-thread-1] INFO  server.RaftServerConfigKeys (ConfUtils.java:logGet(43)) - raft.server.rpc.timeout.min = 5s (custom)
2019-09-26 21:19:13,407 [pool-37-thread-1] INFO  server.RaftServerConfigKeys (ConfUtils.java:logGet(43)) - raft.server.rpc.timeout.max = 5200ms (custom)
2019-09-26 21:19:13,407 [pool-37-thread-1] INFO  server.RaftServerConfigKeys (ConfUtils.java:logGet(43)) - raft.server.rpcslowness.timeout = 120s (custom)
2019-09-26 21:19:13,407 [pool-37-thread-1] INFO  server.RaftServerConfigKeys (ConfUtils.java:logGet(43)) - raft.server.sleep.deviation.threshold = 300 (default)
2019-09-26 21:19:13,407 [pool-37-thread-1] INFO  server.RaftServerConfigKeys (ConfUtils.java:logGet(43)) - raft.server.log.appender.install.snapshot.enabled = false (custom)
2019-09-26 21:19:13,407 [pool-37-thread-1] INFO  impl.RaftServerImpl (ServerState.java:<init>(103)) - 1178c3ae-d0b4-4d44-b144-fe8504cc41ac@group-6F0B28853612: ConfigurationManager, init=-1: [1178c3ae-d0b4-4d44-b144-fe8504cc41ac:192.168.151.99:33787], old=null, confs=<EMPTY_MAP>
2019-09-26 21:19:13,407 [pool-37-thread-1] INFO  server.RaftServerConfigKeys (ConfUtils.java:logGet(43)) - raft.server.storage.dir = [/workdir/hadoop-ozone/ozonefs/target/test-dir/MiniOzoneClusterImpl-5b64906c-d720-4906-b30c-b6d56a2122fd/datanode-1/data/ratis] (custom)
2019-09-26 21:19:13,408 [pool-37-thread-1] INFO  storage.RaftStorageDirectory (RaftStorageDirectory.java:analyzeStorage(246)) - The storage directory /workdir/hadoop-ozone/ozonefs/target/test-dir/MiniOzoneClusterImpl-5b64906c-d720-4906-b30c-b6d56a2122fd/datanode-1/data/ratis/556e7a3c-0473-49a2-98fe-6f0b28853612 does not exist. Creating ...
2019-09-26 21:19:13,420 [pool-37-thread-1] INFO  storage.RaftStorageDirectory (RaftStorageDirectory.java:tryLock(328)) - Lock on /workdir/hadoop-ozone/ozonefs/target/test-dir/MiniOzoneClusterImpl-5b64906c-d720-4906-b30c-b6d56a2122fd/datanode-1/data/ratis/556e7a3c-0473-49a2-98fe-6f0b28853612/in_use.lock acquired by nodename 10701@pr-hdds-1569-g6sp5-2013761785
2019-09-26 21:19:13,432 [pool-37-thread-1] INFO  storage.RaftStorage (RaftStorage.java:format(72)) - Storage directory /workdir/hadoop-ozone/ozonefs/target/test-dir/MiniOzoneClusterImpl-5b64906c-d720-4906-b30c-b6d56a2122fd/datanode-1/data/ratis/556e7a3c-0473-49a2-98fe-6f0b28853612 has been successfully formatted.
2019-09-26 21:19:13,433 [pool-37-thread-1] INFO  ratis.ContainerStateMachine (ContainerStateMachine.java:loadSnapshot(230)) - group-6F0B28853612: The snapshot info is null. Setting the last applied indexto:(t:0, i:~)
2019-09-26 21:19:13,433 [pool-37-thread-1] INFO  server.RaftServerConfigKeys (ConfUtils.java:logGet(43)) - raft.server.notification.no-leader.timeout = 120s (custom)
2019-09-26 21:19:13,433 [pool-37-thread-1] INFO  server.RaftServerConfigKeys (ConfUtils.java:logGet(43)) - raft.server.log.use.memory = false (default)
2019-09-26 21:19:13,433 [pool-37-thread-1] INFO  server.RaftServerConfigKeys (ConfUtils.java:logGet(43)) - raft.server.log.purge.gap = 1000000 (custom)
2019-09-26 21:19:13,433 [pool-37-thread-1] INFO  server.RaftServerConfigKeys (ConfUtils.java:logGet(43)) - raft.server.log.appender.buffer.byte-limit = 33554432 (custom)
2019-09-26 21:19:13,433 [pool-37-thread-1] INFO  server.RaftServerConfigKeys (ConfUtils.java:logGet(43)) - raft.server.log.segment.size.max = 1048576 (custom)
2019-09-26 21:19:13,434 [pool-37-thread-1] INFO  server.RaftServerConfigKeys (ConfUtils.java:logGet(43)) - raft.server.log.segment.cache.num.max = 2 (custom)
2019-09-26 21:19:13,434 [pool-37-thread-1] INFO  segmented.SegmentedRaftLogWorker (SegmentedRaftLogWorker.java:<init>(172)) - new 1178c3ae-d0b4-4d44-b144-fe8504cc41ac@group-6F0B28853612-SegmentedRaftLogWorker for RaftStorage:Storage Directory /workdir/hadoop-ozone/ozonefs/target/test-dir/MiniOzoneClusterImpl-5b64906c-d720-4906-b30c-b6d56a2122fd/datanode-1/data/ratis/556e7a3c-0473-49a2-98fe-6f0b28853612
2019-09-26 21:19:13,434 [pool-37-thread-1] INFO  server.RaftServerConfigKeys (ConfUtils.java:logGet(43)) - raft.server.log.queue.byte-limit = 2147483647 (custom)
2019-09-26 21:19:13,434 [pool-37-thread-1] INFO  server.RaftServerConfigKeys (ConfUtils.java:logGet(43)) - raft.server.log.queue.element-limit = 1024 (custom)
2019-09-26 21:19:13,434 [pool-37-thread-1] INFO  server.RaftServerConfigKeys (ConfUtils.java:logGet(43)) - raft.server.log.segment.size.max = 1048576 (custom)
2019-09-26 21:19:13,434 [pool-37-thread-1] INFO  server.RaftServerConfigKeys (ConfUtils.java:logGet(43)) - raft.server.log.preallocated.size = 16384 (custom)
2019-09-26 21:19:13,434 [pool-37-thread-1] INFO  server.RaftServerConfigKeys (ConfUtils.java:logGet(43)) - raft.server.log.write.buffer.size = 33554432 (custom)
2019-09-26 21:19:13,434 [pool-37-thread-1] INFO  server.RaftServerConfigKeys (ConfUtils.java:logGet(43)) - raft.server.log.force.sync.num = 128 (default)
2019-09-26 21:19:13,434 [pool-37-thread-1] INFO  server.RaftServerConfigKeys (ConfUtils.java:logGet(43)) - raft.server.log.statemachine.data.sync = true (default)
2019-09-26 21:19:13,434 [pool-37-thread-1] INFO  server.RaftServerConfigKeys (ConfUtils.java:logGet(43)) - raft.server.log.statemachine.data.sync.timeout = 10s (default)
2019-09-26 21:19:13,434 [pool-37-thread-1] INFO  server.RaftServerConfigKeys (ConfUtils.java:logGet(43)) - raft.server.log.statemachine.data.sync.timeout.retry = -1 (default)
2019-09-26 21:19:13,435 [pool-37-thread-1] INFO  server.RaftServerConfigKeys (ConfUtils.java:logGet(43)) - raft.server.log.statemachine.data.caching.enabled = true (custom)
2019-09-26 21:19:13,435 [pool-37-thread-1] INFO  segmented.SegmentedRaftLogWorker (SegmentedRaftLogWorker.java:lambda$new$0(132)) - 1178c3ae-d0b4-4d44-b144-fe8504cc41ac@group-6F0B28853612-SegmentedRaftLogWorker: flushIndex: setUnconditionally 0 -> -1
2019-09-26 21:19:13,435 [pool-37-thread-1] INFO  server.RaftServerConfigKeys (ConfUtils.java:logGet(43)) - raft.server.snapshot.auto.trigger.enabled = true (custom)
2019-09-26 21:19:13,435 [pool-37-thread-1] INFO  server.RaftServerConfigKeys (ConfUtils.java:logGet(43)) - raft.server.snapshot.auto.trigger.threshold = 10000 (custom)
2019-09-26 21:19:13,435 [pool-37-thread-1] INFO  server.RaftServerConfigKeys (ConfUtils.java:logGet(43)) - raft.server.snapshot.retention.num.files = 5 (custom)
2019-09-26 21:19:13,435 [pool-37-thread-1] INFO  server.RaftServerConfigKeys (ConfUtils.java:logGet(43)) - raft.server.retrycache.expirytime = 600000ms (custom)
2019-09-26 21:19:13,437 [pool-37-thread-1] INFO  impl.RaftServerImpl (RaftServerImpl.java:start(185)) - 1178c3ae-d0b4-4d44-b144-fe8504cc41ac@group-6F0B28853612: start as a follower, conf=-1: [1178c3ae-d0b4-4d44-b144-fe8504cc41ac:192.168.151.99:33787], old=null
2019-09-26 21:19:13,437 [pool-37-thread-1] INFO  impl.RaftServerImpl (RaftServerImpl.java:setRole(174)) - 1178c3ae-d0b4-4d44-b144-fe8504cc41ac@group-6F0B28853612: changes role from      null to FOLLOWER at term 0 for startAsFollower
2019-09-26 21:19:13,437 [pool-37-thread-1] INFO  impl.RoleInfo (RoleInfo.java:updateAndGet(143)) - 1178c3ae-d0b4-4d44-b144-fe8504cc41ac: start FollowerState
2019-09-26 21:19:13,437 [pool-37-thread-1] INFO  util.JmxRegister (JmxRegister.java:tryRegister(44)) - Successfully registered JMX Bean with object name Ratis:service=RaftServer,group=group-6F0B28853612,id=1178c3ae-d0b4-4d44-b144-fe8504cc41ac
2019-09-26 21:19:13,440 [RatisPipelineUtilsThread] INFO  pipeline.PipelineStateManager (PipelineStateManager.java:addPipeline(56)) - Created pipeline Pipeline[ Id: 556e7a3c-0473-49a2-98fe-6f0b28853612, Nodes: 1178c3ae-d0b4-4d44-b144-fe8504cc41ac{ip: 192.168.151.99, host: pr-hdds-1569-g6sp5-2013761785, networkLocation: /default-rack, certSerialId: null}, Type:RATIS, Factor:ONE, State:OPEN]
2019-09-26 21:19:13,446 [grpc-default-executor-2] INFO  impl.RaftServerProxy (RaftServerProxy.java:addNew(89)) - 09112efe-1fad-4539-a04f-c96aef6d2351: addNew group-786B1197DED0:[09112efe-1fad-4539-a04f-c96aef6d2351:192.168.151.99:45286] returns group-786B1197DED0:java.util.concurrent.CompletableFuture@4ee37015[Not completed]
2019-09-26 21:19:13,447 [pool-47-thread-1] INFO  impl.RaftServerImpl (RaftServerImpl.java:<init>(95)) - 09112efe-1fad-4539-a04f-c96aef6d2351: new RaftServerImpl for group-786B1197DED0:[09112efe-1fad-4539-a04f-c96aef6d2351:192.168.151.99:45286] with ContainerStateMachine:uninitialized
2019-09-26 21:19:13,447 [pool-47-thread-1] INFO  server.RaftServerConfigKeys (ConfUtils.java:logGet(43)) - raft.server.rpc.timeout.min = 5s (custom)
2019-09-26 21:19:13,447 [pool-47-thread-1] INFO  server.RaftServerConfigKeys (ConfUtils.java:logGet(43)) - raft.server.rpc.timeout.max = 5200ms (custom)
2019-09-26 21:19:13,447 [pool-47-thread-1] INFO  server.RaftServerConfigKeys (ConfUtils.java:logGet(43)) - raft.server.rpcslowness.timeout = 120s (custom)
2019-09-26 21:19:13,447 [pool-47-thread-1] INFO  server.RaftServerConfigKeys (ConfUtils.java:logGet(43)) - raft.server.sleep.deviation.threshold = 300 (default)
2019-09-26 21:19:13,447 [pool-47-thread-1] INFO  server.RaftServerConfigKeys (ConfUtils.java:logGet(43)) - raft.server.log.appender.install.snapshot.enabled = false (custom)
2019-09-26 21:19:13,448 [pool-47-thread-1] INFO  impl.RaftServerImpl (ServerState.java:<init>(103)) - 09112efe-1fad-4539-a04f-c96aef6d2351@group-786B1197DED0: ConfigurationManager, init=-1: [09112efe-1fad-4539-a04f-c96aef6d2351:192.168.151.99:45286], old=null, confs=<EMPTY_MAP>
2019-09-26 21:19:13,448 [pool-47-thread-1] INFO  server.RaftServerConfigKeys (ConfUtils.java:logGet(43)) - raft.server.storage.dir = [/workdir/hadoop-ozone/ozonefs/target/test-dir/MiniOzoneClusterImpl-5b64906c-d720-4906-b30c-b6d56a2122fd/datanode-2/data/ratis] (custom)
2019-09-26 21:19:13,448 [pool-47-thread-1] INFO  storage.RaftStorageDirectory (RaftStorageDirectory.java:analyzeStorage(246)) - The storage directory /workdir/hadoop-ozone/ozonefs/target/test-dir/MiniOzoneClusterImpl-5b64906c-d720-4906-b30c-b6d56a2122fd/datanode-2/data/ratis/131e0e73-b558-4b2f-b355-786b1197ded0 does not exist. Creating ...
2019-09-26 21:19:13,473 [pool-47-thread-1] INFO  storage.RaftStorageDirectory (RaftStorageDirectory.java:tryLock(328)) - Lock on /workdir/hadoop-ozone/ozonefs/target/test-dir/MiniOzoneClusterImpl-5b64906c-d720-4906-b30c-b6d56a2122fd/datanode-2/data/ratis/131e0e73-b558-4b2f-b355-786b1197ded0/in_use.lock acquired by nodename 10701@pr-hdds-1569-g6sp5-2013761785
2019-09-26 21:19:13,477 [pool-47-thread-1] INFO  storage.RaftStorage (RaftStorage.java:format(72)) - Storage directory /workdir/hadoop-ozone/ozonefs/target/test-dir/MiniOzoneClusterImpl-5b64906c-d720-4906-b30c-b6d56a2122fd/datanode-2/data/ratis/131e0e73-b558-4b2f-b355-786b1197ded0 has been successfully formatted.
2019-09-26 21:19:13,477 [pool-47-thread-1] INFO  ratis.ContainerStateMachine (ContainerStateMachine.java:loadSnapshot(230)) - group-786B1197DED0: The snapshot info is null. Setting the last applied indexto:(t:0, i:~)
2019-09-26 21:19:13,477 [pool-47-thread-1] INFO  server.RaftServerConfigKeys (ConfUtils.java:logGet(43)) - raft.server.notification.no-leader.timeout = 120s (custom)
2019-09-26 21:19:13,477 [pool-47-thread-1] INFO  server.RaftServerConfigKeys (ConfUtils.java:logGet(43)) - raft.server.log.use.memory = false (default)
2019-09-26 21:19:13,477 [pool-47-thread-1] INFO  server.RaftServerConfigKeys (ConfUtils.java:logGet(43)) - raft.server.log.purge.gap = 1000000 (custom)
2019-09-26 21:19:13,477 [pool-47-thread-1] INFO  server.RaftServerConfigKeys (ConfUtils.java:logGet(43)) - raft.server.log.appender.buffer.byte-limit = 33554432 (custom)
2019-09-26 21:19:13,478 [pool-47-thread-1] INFO  server.RaftServerConfigKeys (ConfUtils.java:logGet(43)) - raft.server.log.segment.size.max = 1048576 (custom)
2019-09-26 21:19:13,478 [pool-47-thread-1] INFO  server.RaftServerConfigKeys (ConfUtils.java:logGet(43)) - raft.server.log.segment.cache.num.max = 2 (custom)
2019-09-26 21:19:13,478 [pool-47-thread-1] INFO  segmented.SegmentedRaftLogWorker (SegmentedRaftLogWorker.java:<init>(172)) - new 09112efe-1fad-4539-a04f-c96aef6d2351@group-786B1197DED0-SegmentedRaftLogWorker for RaftStorage:Storage Directory /workdir/hadoop-ozone/ozonefs/target/test-dir/MiniOzoneClusterImpl-5b64906c-d720-4906-b30c-b6d56a2122fd/datanode-2/data/ratis/131e0e73-b558-4b2f-b355-786b1197ded0
2019-09-26 21:19:13,478 [pool-47-thread-1] INFO  server.RaftServerConfigKeys (ConfUtils.java:logGet(43)) - raft.server.log.queue.byte-limit = 2147483647 (custom)
2019-09-26 21:19:13,478 [pool-47-thread-1] INFO  server.RaftServerConfigKeys (ConfUtils.java:logGet(43)) - raft.server.log.queue.element-limit = 1024 (custom)
2019-09-26 21:19:13,478 [pool-47-thread-1] INFO  server.RaftServerConfigKeys (ConfUtils.java:logGet(43)) - raft.server.log.segment.size.max = 1048576 (custom)
2019-09-26 21:19:13,478 [pool-47-thread-1] INFO  server.RaftServerConfigKeys (ConfUtils.java:logGet(43)) - raft.server.log.preallocated.size = 16384 (custom)
2019-09-26 21:19:13,478 [pool-47-thread-1] INFO  server.RaftServerConfigKeys (ConfUtils.java:logGet(43)) - raft.server.log.write.buffer.size = 33554432 (custom)
2019-09-26 21:19:13,479 [pool-47-thread-1] INFO  server.RaftServerConfigKeys (ConfUtils.java:logGet(43)) - raft.server.log.force.sync.num = 128 (default)
2019-09-26 21:19:13,479 [pool-47-thread-1] INFO  server.RaftServerConfigKeys (ConfUtils.java:logGet(43)) - raft.server.log.statemachine.data.sync = true (default)
2019-09-26 21:19:13,479 [pool-47-thread-1] INFO  server.RaftServerConfigKeys (ConfUtils.java:logGet(43)) - raft.server.log.statemachine.data.sync.timeout = 10s (default)
2019-09-26 21:19:13,479 [pool-47-thread-1] INFO  server.RaftServerConfigKeys (ConfUtils.java:logGet(43)) - raft.server.log.statemachine.data.sync.timeout.retry = -1 (default)
2019-09-26 21:19:13,479 [pool-47-thread-1] INFO  server.RaftServerConfigKeys (ConfUtils.java:logGet(43)) - raft.server.log.statemachine.data.caching.enabled = true (custom)
2019-09-26 21:19:13,479 [pool-47-thread-1] INFO  segmented.SegmentedRaftLogWorker (SegmentedRaftLogWorker.java:lambda$new$0(132)) - 09112efe-1fad-4539-a04f-c96aef6d2351@group-786B1197DED0-SegmentedRaftLogWorker: flushIndex: setUnconditionally 0 -> -1
2019-09-26 21:19:13,480 [pool-47-thread-1] INFO  server.RaftServerConfigKeys (ConfUtils.java:logGet(43)) - raft.server.snapshot.auto.trigger.enabled = true (custom)
2019-09-26 21:19:13,480 [pool-47-thread-1] INFO  server.RaftServerConfigKeys (ConfUtils.java:logGet(43)) - raft.server.snapshot.auto.trigger.threshold = 10000 (custom)
2019-09-26 21:19:13,480 [pool-47-thread-1] INFO  server.RaftServerConfigKeys (ConfUtils.java:logGet(43)) - raft.server.snapshot.retention.num.files = 5 (custom)
2019-09-26 21:19:13,480 [pool-47-thread-1] INFO  server.RaftServerConfigKeys (ConfUtils.java:logGet(43)) - raft.server.retrycache.expirytime = 600000ms (custom)
2019-09-26 21:19:13,482 [pool-47-thread-1] INFO  impl.RaftServerImpl (RaftServerImpl.java:start(185)) - 09112efe-1fad-4539-a04f-c96aef6d2351@group-786B1197DED0: start as a follower, conf=-1: [09112efe-1fad-4539-a04f-c96aef6d2351:192.168.151.99:45286], old=null
2019-09-26 21:19:13,482 [pool-47-thread-1] INFO  impl.RaftServerImpl (RaftServerImpl.java:setRole(174)) - 09112efe-1fad-4539-a04f-c96aef6d2351@group-786B1197DED0: changes role from      null to FOLLOWER at term 0 for startAsFollower
2019-09-26 21:19:13,482 [pool-47-thread-1] INFO  impl.RoleInfo (RoleInfo.java:updateAndGet(143)) - 09112efe-1fad-4539-a04f-c96aef6d2351: start FollowerState
2019-09-26 21:19:13,482 [pool-47-thread-1] INFO  util.JmxRegister (JmxRegister.java:tryRegister(44)) - Successfully registered JMX Bean with object name Ratis:service=RaftServer,group=group-786B1197DED0,id=09112efe-1fad-4539-a04f-c96aef6d2351
2019-09-26 21:19:13,485 [RatisPipelineUtilsThread] INFO  pipeline.PipelineStateManager (PipelineStateManager.java:addPipeline(56)) - Created pipeline Pipeline[ Id: 131e0e73-b558-4b2f-b355-786b1197ded0, Nodes: 09112efe-1fad-4539-a04f-c96aef6d2351{ip: 192.168.151.99, host: pr-hdds-1569-g6sp5-2013761785, networkLocation: /default-rack, certSerialId: null}, Type:RATIS, Factor:ONE, State:OPEN]
2019-09-26 21:19:13,490 [grpc-default-executor-2] INFO  impl.RaftServerProxy (RaftServerProxy.java:addNew(89)) - 9ce0b59e-153f-4f41-8aed-492a76d80b48: addNew group-F676E590A49D:[9ce0b59e-153f-4f41-8aed-492a76d80b48:192.168.151.99:34156] returns group-F676E590A49D:java.util.concurrent.CompletableFuture@4d758524[Not completed]
2019-09-26 21:19:13,490 [pool-27-thread-1] INFO  impl.RaftServerImpl (RaftServerImpl.java:<init>(95)) - 9ce0b59e-153f-4f41-8aed-492a76d80b48: new RaftServerImpl for group-F676E590A49D:[9ce0b59e-153f-4f41-8aed-492a76d80b48:192.168.151.99:34156] with ContainerStateMachine:uninitialized
2019-09-26 21:19:13,491 [pool-27-thread-1] INFO  server.RaftServerConfigKeys (ConfUtils.java:logGet(43)) - raft.server.rpc.timeout.min = 5s (custom)
2019-09-26 21:19:13,491 [pool-27-thread-1] INFO  server.RaftServerConfigKeys (ConfUtils.java:logGet(43)) - raft.server.rpc.timeout.max = 5200ms (custom)
2019-09-26 21:19:13,491 [pool-27-thread-1] INFO  server.RaftServerConfigKeys (ConfUtils.java:logGet(43)) - raft.server.rpcslowness.timeout = 120s (custom)
2019-09-26 21:19:13,491 [pool-27-thread-1] INFO  server.RaftServerConfigKeys (ConfUtils.java:logGet(43)) - raft.server.sleep.deviation.threshold = 300 (default)
2019-09-26 21:19:13,491 [pool-27-thread-1] INFO  server.RaftServerConfigKeys (ConfUtils.java:logGet(43)) - raft.server.log.appender.install.snapshot.enabled = false (custom)
2019-09-26 21:19:13,491 [pool-27-thread-1] INFO  impl.RaftServerImpl (ServerState.java:<init>(103)) - 9ce0b59e-153f-4f41-8aed-492a76d80b48@group-F676E590A49D: ConfigurationManager, init=-1: [9ce0b59e-153f-4f41-8aed-492a76d80b48:192.168.151.99:34156], old=null, confs=<EMPTY_MAP>
2019-09-26 21:19:13,491 [pool-27-thread-1] INFO  server.RaftServerConfigKeys (ConfUtils.java:logGet(43)) - raft.server.storage.dir = [/workdir/hadoop-ozone/ozonefs/target/test-dir/MiniOzoneClusterImpl-5b64906c-d720-4906-b30c-b6d56a2122fd/datanode-0/data/ratis] (custom)
2019-09-26 21:19:13,492 [pool-27-thread-1] INFO  storage.RaftStorageDirectory (RaftStorageDirectory.java:analyzeStorage(246)) - The storage directory /workdir/hadoop-ozone/ozonefs/target/test-dir/MiniOzoneClusterImpl-5b64906c-d720-4906-b30c-b6d56a2122fd/datanode-0/data/ratis/a131987e-759f-478c-aae5-f676e590a49d does not exist. Creating ...
2019-09-26 21:19:13,496 [pool-27-thread-1] INFO  storage.RaftStorageDirectory (RaftStorageDirectory.java:tryLock(328)) - Lock on /workdir/hadoop-ozone/ozonefs/target/test-dir/MiniOzoneClusterImpl-5b64906c-d720-4906-b30c-b6d56a2122fd/datanode-0/data/ratis/a131987e-759f-478c-aae5-f676e590a49d/in_use.lock acquired by nodename 10701@pr-hdds-1569-g6sp5-2013761785
2019-09-26 21:19:13,515 [pool-27-thread-1] INFO  storage.RaftStorage (RaftStorage.java:format(72)) - Storage directory /workdir/hadoop-ozone/ozonefs/target/test-dir/MiniOzoneClusterImpl-5b64906c-d720-4906-b30c-b6d56a2122fd/datanode-0/data/ratis/a131987e-759f-478c-aae5-f676e590a49d has been successfully formatted.
2019-09-26 21:19:13,515 [pool-27-thread-1] INFO  ratis.ContainerStateMachine (ContainerStateMachine.java:loadSnapshot(230)) - group-F676E590A49D: The snapshot info is null. Setting the last applied indexto:(t:0, i:~)
2019-09-26 21:19:13,515 [pool-27-thread-1] INFO  server.RaftServerConfigKeys (ConfUtils.java:logGet(43)) - raft.server.notification.no-leader.timeout = 120s (custom)
2019-09-26 21:19:13,515 [pool-27-thread-1] INFO  server.RaftServerConfigKeys (ConfUtils.java:logGet(43)) - raft.server.log.use.memory = false (default)
2019-09-26 21:19:13,515 [pool-27-thread-1] INFO  server.RaftServerConfigKeys (ConfUtils.java:logGet(43)) - raft.server.log.purge.gap = 1000000 (custom)
2019-09-26 21:19:13,515 [pool-27-thread-1] INFO  server.RaftServerConfigKeys (ConfUtils.java:logGet(43)) - raft.server.log.appender.buffer.byte-limit = 33554432 (custom)
2019-09-26 21:19:13,515 [pool-27-thread-1] INFO  server.RaftServerConfigKeys (ConfUtils.java:logGet(43)) - raft.server.log.segment.size.max = 1048576 (custom)
2019-09-26 21:19:13,516 [pool-27-thread-1] INFO  server.RaftServerConfigKeys (ConfUtils.java:logGet(43)) - raft.server.log.segment.cache.num.max = 2 (custom)
2019-09-26 21:19:13,516 [pool-27-thread-1] INFO  segmented.SegmentedRaftLogWorker (SegmentedRaftLogWorker.java:<init>(172)) - new 9ce0b59e-153f-4f41-8aed-492a76d80b48@group-F676E590A49D-SegmentedRaftLogWorker for RaftStorage:Storage Directory /workdir/hadoop-ozone/ozonefs/target/test-dir/MiniOzoneClusterImpl-5b64906c-d720-4906-b30c-b6d56a2122fd/datanode-0/data/ratis/a131987e-759f-478c-aae5-f676e590a49d
2019-09-26 21:19:13,516 [pool-27-thread-1] INFO  server.RaftServerConfigKeys (ConfUtils.java:logGet(43)) - raft.server.log.queue.byte-limit = 2147483647 (custom)
2019-09-26 21:19:13,516 [pool-27-thread-1] INFO  server.RaftServerConfigKeys (ConfUtils.java:logGet(43)) - raft.server.log.queue.element-limit = 1024 (custom)
2019-09-26 21:19:13,516 [pool-27-thread-1] INFO  server.RaftServerConfigKeys (ConfUtils.java:logGet(43)) - raft.server.log.segment.size.max = 1048576 (custom)
2019-09-26 21:19:13,516 [pool-27-thread-1] INFO  server.RaftServerConfigKeys (ConfUtils.java:logGet(43)) - raft.server.log.preallocated.size = 16384 (custom)
2019-09-26 21:19:13,516 [pool-27-thread-1] INFO  server.RaftServerConfigKeys (ConfUtils.java:logGet(43)) - raft.server.log.write.buffer.size = 33554432 (custom)
2019-09-26 21:19:13,516 [pool-27-thread-1] INFO  server.RaftServerConfigKeys (ConfUtils.java:logGet(43)) - raft.server.log.force.sync.num = 128 (default)
2019-09-26 21:19:13,516 [pool-27-thread-1] INFO  server.RaftServerConfigKeys (ConfUtils.java:logGet(43)) - raft.server.log.statemachine.data.sync = true (default)
2019-09-26 21:19:13,517 [pool-27-thread-1] INFO  server.RaftServerConfigKeys (ConfUtils.java:logGet(43)) - raft.server.log.statemachine.data.sync.timeout = 10s (default)
2019-09-26 21:19:13,517 [pool-27-thread-1] INFO  server.RaftServerConfigKeys (ConfUtils.java:logGet(43)) - raft.server.log.statemachine.data.sync.timeout.retry = -1 (default)
2019-09-26 21:19:13,517 [pool-27-thread-1] INFO  server.RaftServerConfigKeys (ConfUtils.java:logGet(43)) - raft.server.log.statemachine.data.caching.enabled = true (custom)
2019-09-26 21:19:13,517 [pool-27-thread-1] INFO  segmented.SegmentedRaftLogWorker (SegmentedRaftLogWorker.java:lambda$new$0(132)) - 9ce0b59e-153f-4f41-8aed-492a76d80b48@group-F676E590A49D-SegmentedRaftLogWorker: flushIndex: setUnconditionally 0 -> -1
2019-09-26 21:19:13,517 [pool-27-thread-1] INFO  server.RaftServerConfigKeys (ConfUtils.java:logGet(43)) - raft.server.snapshot.auto.trigger.enabled = true (custom)
2019-09-26 21:19:13,517 [pool-27-thread-1] INFO  server.RaftServerConfigKeys (ConfUtils.java:logGet(43)) - raft.server.snapshot.auto.trigger.threshold = 10000 (custom)
2019-09-26 21:19:13,518 [pool-27-thread-1] INFO  server.RaftServerConfigKeys (ConfUtils.java:logGet(43)) - raft.server.snapshot.retention.num.files = 5 (custom)
2019-09-26 21:19:13,518 [pool-27-thread-1] INFO  server.RaftServerConfigKeys (ConfUtils.java:logGet(43)) - raft.server.retrycache.expirytime = 600000ms (custom)
2019-09-26 21:19:13,519 [pool-27-thread-1] INFO  impl.RaftServerImpl (RaftServerImpl.java:start(185)) - 9ce0b59e-153f-4f41-8aed-492a76d80b48@group-F676E590A49D: start as a follower, conf=-1: [9ce0b59e-153f-4f41-8aed-492a76d80b48:192.168.151.99:34156], old=null
2019-09-26 21:19:13,519 [pool-27-thread-1] INFO  impl.RaftServerImpl (RaftServerImpl.java:setRole(174)) - 9ce0b59e-153f-4f41-8aed-492a76d80b48@group-F676E590A49D: changes role from      null to FOLLOWER at term 0 for startAsFollower
2019-09-26 21:19:13,519 [pool-27-thread-1] INFO  impl.RoleInfo (RoleInfo.java:updateAndGet(143)) - 9ce0b59e-153f-4f41-8aed-492a76d80b48: start FollowerState
2019-09-26 21:19:13,520 [pool-27-thread-1] INFO  util.JmxRegister (JmxRegister.java:tryRegister(44)) - Successfully registered JMX Bean with object name Ratis:service=RaftServer,group=group-F676E590A49D,id=9ce0b59e-153f-4f41-8aed-492a76d80b48
2019-09-26 21:19:13,522 [RatisPipelineUtilsThread] INFO  pipeline.PipelineStateManager (PipelineStateManager.java:addPipeline(56)) - Created pipeline Pipeline[ Id: a131987e-759f-478c-aae5-f676e590a49d, Nodes: 9ce0b59e-153f-4f41-8aed-492a76d80b48{ip: 192.168.151.99, host: pr-hdds-1569-g6sp5-2013761785, networkLocation: /default-rack, certSerialId: null}, Type:RATIS, Factor:ONE, State:OPEN]
2019-09-26 21:19:13,527 [grpc-default-executor-2] INFO  impl.RaftServerProxy (RaftServerProxy.java:addNew(89)) - 9ce0b59e-153f-4f41-8aed-492a76d80b48: addNew group-2336121AAD70:[9ce0b59e-153f-4f41-8aed-492a76d80b48:192.168.151.99:34156] returns group-2336121AAD70:java.util.concurrent.CompletableFuture@b1e2272[Not completed]
2019-09-26 21:19:13,528 [pool-27-thread-1] INFO  impl.RaftServerImpl (RaftServerImpl.java:<init>(95)) - 9ce0b59e-153f-4f41-8aed-492a76d80b48: new RaftServerImpl for group-2336121AAD70:[9ce0b59e-153f-4f41-8aed-492a76d80b48:192.168.151.99:34156] with ContainerStateMachine:uninitialized
2019-09-26 21:19:13,528 [pool-27-thread-1] INFO  server.RaftServerConfigKeys (ConfUtils.java:logGet(43)) - raft.server.rpc.timeout.min = 5s (custom)
2019-09-26 21:19:13,528 [pool-27-thread-1] INFO  server.RaftServerConfigKeys (ConfUtils.java:logGet(43)) - raft.server.rpc.timeout.max = 5200ms (custom)
2019-09-26 21:19:13,528 [pool-27-thread-1] INFO  server.RaftServerConfigKeys (ConfUtils.java:logGet(43)) - raft.server.rpcslowness.timeout = 120s (custom)
2019-09-26 21:19:13,528 [pool-27-thread-1] INFO  server.RaftServerConfigKeys (ConfUtils.java:logGet(43)) - raft.server.sleep.deviation.threshold = 300 (default)
2019-09-26 21:19:13,529 [pool-27-thread-1] INFO  server.RaftServerConfigKeys (ConfUtils.java:logGet(43)) - raft.server.log.appender.install.snapshot.enabled = false (custom)
2019-09-26 21:19:13,529 [pool-27-thread-1] INFO  impl.RaftServerImpl (ServerState.java:<init>(103)) - 9ce0b59e-153f-4f41-8aed-492a76d80b48@group-2336121AAD70: ConfigurationManager, init=-1: [9ce0b59e-153f-4f41-8aed-492a76d80b48:192.168.151.99:34156], old=null, confs=<EMPTY_MAP>
2019-09-26 21:19:13,529 [pool-27-thread-1] INFO  server.RaftServerConfigKeys (ConfUtils.java:logGet(43)) - raft.server.storage.dir = [/workdir/hadoop-ozone/ozonefs/target/test-dir/MiniOzoneClusterImpl-5b64906c-d720-4906-b30c-b6d56a2122fd/datanode-0/data/ratis] (custom)
2019-09-26 21:19:13,529 [pool-27-thread-1] INFO  storage.RaftStorageDirectory (RaftStorageDirectory.java:analyzeStorage(246)) - The storage directory /workdir/hadoop-ozone/ozonefs/target/test-dir/MiniOzoneClusterImpl-5b64906c-d720-4906-b30c-b6d56a2122fd/datanode-0/data/ratis/6bc46ea2-d836-4675-96df-2336121aad70 does not exist. Creating ...
2019-09-26 21:19:13,543 [pool-27-thread-1] INFO  storage.RaftStorageDirectory (RaftStorageDirectory.java:tryLock(328)) - Lock on /workdir/hadoop-ozone/ozonefs/target/test-dir/MiniOzoneClusterImpl-5b64906c-d720-4906-b30c-b6d56a2122fd/datanode-0/data/ratis/6bc46ea2-d836-4675-96df-2336121aad70/in_use.lock acquired by nodename 10701@pr-hdds-1569-g6sp5-2013761785
2019-09-26 21:19:13,556 [pool-27-thread-1] INFO  storage.RaftStorage (RaftStorage.java:format(72)) - Storage directory /workdir/hadoop-ozone/ozonefs/target/test-dir/MiniOzoneClusterImpl-5b64906c-d720-4906-b30c-b6d56a2122fd/datanode-0/data/ratis/6bc46ea2-d836-4675-96df-2336121aad70 has been successfully formatted.
2019-09-26 21:19:13,556 [pool-27-thread-1] INFO  ratis.ContainerStateMachine (ContainerStateMachine.java:loadSnapshot(230)) - group-2336121AAD70: The snapshot info is null. Setting the last applied indexto:(t:0, i:~)
2019-09-26 21:19:13,556 [pool-27-thread-1] INFO  server.RaftServerConfigKeys (ConfUtils.java:logGet(43)) - raft.server.notification.no-leader.timeout = 120s (custom)
2019-09-26 21:19:13,556 [pool-27-thread-1] INFO  server.RaftServerConfigKeys (ConfUtils.java:logGet(43)) - raft.server.log.use.memory = false (default)
2019-09-26 21:19:13,556 [pool-27-thread-1] INFO  server.RaftServerConfigKeys (ConfUtils.java:logGet(43)) - raft.server.log.purge.gap = 1000000 (custom)
2019-09-26 21:19:13,557 [pool-27-thread-1] INFO  server.RaftServerConfigKeys (ConfUtils.java:logGet(43)) - raft.server.log.appender.buffer.byte-limit = 33554432 (custom)
2019-09-26 21:19:13,557 [pool-27-thread-1] INFO  server.RaftServerConfigKeys (ConfUtils.java:logGet(43)) - raft.server.log.segment.size.max = 1048576 (custom)
2019-09-26 21:19:13,557 [pool-27-thread-1] INFO  server.RaftServerConfigKeys (ConfUtils.java:logGet(43)) - raft.server.log.segment.cache.num.max = 2 (custom)
2019-09-26 21:19:13,557 [pool-27-thread-1] INFO  segmented.SegmentedRaftLogWorker (SegmentedRaftLogWorker.java:<init>(172)) - new 9ce0b59e-153f-4f41-8aed-492a76d80b48@group-2336121AAD70-SegmentedRaftLogWorker for RaftStorage:Storage Directory /workdir/hadoop-ozone/ozonefs/target/test-dir/MiniOzoneClusterImpl-5b64906c-d720-4906-b30c-b6d56a2122fd/datanode-0/data/ratis/6bc46ea2-d836-4675-96df-2336121aad70
2019-09-26 21:19:13,557 [pool-27-thread-1] INFO  server.RaftServerConfigKeys (ConfUtils.java:logGet(43)) - raft.server.log.queue.byte-limit = 2147483647 (custom)
2019-09-26 21:19:13,557 [pool-27-thread-1] INFO  server.RaftServerConfigKeys (ConfUtils.java:logGet(43)) - raft.server.log.queue.element-limit = 1024 (custom)
2019-09-26 21:19:13,557 [pool-27-thread-1] INFO  server.RaftServerConfigKeys (ConfUtils.java:logGet(43)) - raft.server.log.segment.size.max = 1048576 (custom)
2019-09-26 21:19:13,557 [pool-27-thread-1] INFO  server.RaftServerConfigKeys (ConfUtils.java:logGet(43)) - raft.server.log.preallocated.size = 16384 (custom)
2019-09-26 21:19:13,557 [pool-27-thread-1] INFO  server.RaftServerConfigKeys (ConfUtils.java:logGet(43)) - raft.server.log.write.buffer.size = 33554432 (custom)
2019-09-26 21:19:13,557 [pool-27-thread-1] INFO  server.RaftServerConfigKeys (ConfUtils.java:logGet(43)) - raft.server.log.force.sync.num = 128 (default)
2019-09-26 21:19:13,558 [pool-27-thread-1] INFO  server.RaftServerConfigKeys (ConfUtils.java:logGet(43)) - raft.server.log.statemachine.data.sync = true (default)
2019-09-26 21:19:13,558 [pool-27-thread-1] INFO  server.RaftServerConfigKeys (ConfUtils.java:logGet(43)) - raft.server.log.statemachine.data.sync.timeout = 10s (default)
2019-09-26 21:19:13,558 [pool-27-thread-1] INFO  server.RaftServerConfigKeys (ConfUtils.java:logGet(43)) - raft.server.log.statemachine.data.sync.timeout.retry = -1 (default)
2019-09-26 21:19:13,558 [pool-27-thread-1] INFO  server.RaftServerConfigKeys (ConfUtils.java:logGet(43)) - raft.server.log.statemachine.data.caching.enabled = true (custom)
2019-09-26 21:19:13,558 [pool-27-thread-1] INFO  segmented.SegmentedRaftLogWorker (SegmentedRaftLogWorker.java:lambda$new$0(132)) - 9ce0b59e-153f-4f41-8aed-492a76d80b48@group-2336121AAD70-SegmentedRaftLogWorker: flushIndex: setUnconditionally 0 -> -1
2019-09-26 21:19:13,558 [pool-27-thread-1] INFO  server.RaftServerConfigKeys (ConfUtils.java:logGet(43)) - raft.server.snapshot.auto.trigger.enabled = true (custom)
2019-09-26 21:19:13,559 [pool-27-thread-1] INFO  server.RaftServerConfigKeys (ConfUtils.java:logGet(43)) - raft.server.snapshot.auto.trigger.threshold = 10000 (custom)
2019-09-26 21:19:13,559 [pool-27-thread-1] INFO  server.RaftServerConfigKeys (ConfUtils.java:logGet(43)) - raft.server.snapshot.retention.num.files = 5 (custom)
2019-09-26 21:19:13,559 [pool-27-thread-1] INFO  server.RaftServerConfigKeys (ConfUtils.java:logGet(43)) - raft.server.retrycache.expirytime = 600000ms (custom)
2019-09-26 21:19:13,560 [pool-27-thread-1] INFO  impl.RaftServerImpl (RaftServerImpl.java:start(185)) - 9ce0b59e-153f-4f41-8aed-492a76d80b48@group-2336121AAD70: start as a follower, conf=-1: [9ce0b59e-153f-4f41-8aed-492a76d80b48:192.168.151.99:34156], old=null
2019-09-26 21:19:13,560 [pool-27-thread-1] INFO  impl.RaftServerImpl (RaftServerImpl.java:setRole(174)) - 9ce0b59e-153f-4f41-8aed-492a76d80b48@group-2336121AAD70: changes role from      null to FOLLOWER at term 0 for startAsFollower
2019-09-26 21:19:13,560 [pool-27-thread-1] INFO  impl.RoleInfo (RoleInfo.java:updateAndGet(143)) - 9ce0b59e-153f-4f41-8aed-492a76d80b48: start FollowerState
2019-09-26 21:19:13,561 [pool-27-thread-1] INFO  util.JmxRegister (JmxRegister.java:tryRegister(44)) - Successfully registered JMX Bean with object name Ratis:service=RaftServer,group=group-2336121AAD70,id=9ce0b59e-153f-4f41-8aed-492a76d80b48
2019-09-26 21:19:13,563 [RatisPipelineUtilsThread] INFO  pipeline.PipelineStateManager (PipelineStateManager.java:addPipeline(56)) - Created pipeline Pipeline[ Id: 6bc46ea2-d836-4675-96df-2336121aad70, Nodes: 9ce0b59e-153f-4f41-8aed-492a76d80b48{ip: 192.168.151.99, host: pr-hdds-1569-g6sp5-2013761785, networkLocation: /default-rack, certSerialId: null}, Type:RATIS, Factor:ONE, State:OPEN]
2019-09-26 21:19:13,568 [grpc-default-executor-2] INFO  impl.RaftServerProxy (RaftServerProxy.java:addNew(89)) - 9ce0b59e-153f-4f41-8aed-492a76d80b48: addNew group-BBE9186E4BB1:[9ce0b59e-153f-4f41-8aed-492a76d80b48:192.168.151.99:34156] returns group-BBE9186E4BB1:java.util.concurrent.CompletableFuture@1b150b8a[Not completed]
2019-09-26 21:19:13,569 [pool-27-thread-1] INFO  impl.RaftServerImpl (RaftServerImpl.java:<init>(95)) - 9ce0b59e-153f-4f41-8aed-492a76d80b48: new RaftServerImpl for group-BBE9186E4BB1:[9ce0b59e-153f-4f41-8aed-492a76d80b48:192.168.151.99:34156] with ContainerStateMachine:uninitialized
2019-09-26 21:19:13,569 [pool-27-thread-1] INFO  server.RaftServerConfigKeys (ConfUtils.java:logGet(43)) - raft.server.rpc.timeout.min = 5s (custom)
2019-09-26 21:19:13,569 [pool-27-thread-1] INFO  server.RaftServerConfigKeys (ConfUtils.java:logGet(43)) - raft.server.rpc.timeout.max = 5200ms (custom)
2019-09-26 21:19:13,569 [pool-27-thread-1] INFO  server.RaftServerConfigKeys (ConfUtils.java:logGet(43)) - raft.server.rpcslowness.timeout = 120s (custom)
2019-09-26 21:19:13,570 [pool-27-thread-1] INFO  server.RaftServerConfigKeys (ConfUtils.java:logGet(43)) - raft.server.sleep.deviation.threshold = 300 (default)
2019-09-26 21:19:13,570 [pool-27-thread-1] INFO  server.RaftServerConfigKeys (ConfUtils.java:logGet(43)) - raft.server.log.appender.install.snapshot.enabled = false (custom)
2019-09-26 21:19:13,570 [pool-27-thread-1] INFO  impl.RaftServerImpl (ServerState.java:<init>(103)) - 9ce0b59e-153f-4f41-8aed-492a76d80b48@group-BBE9186E4BB1: ConfigurationManager, init=-1: [9ce0b59e-153f-4f41-8aed-492a76d80b48:192.168.151.99:34156], old=null, confs=<EMPTY_MAP>
2019-09-26 21:19:13,570 [pool-27-thread-1] INFO  server.RaftServerConfigKeys (ConfUtils.java:logGet(43)) - raft.server.storage.dir = [/workdir/hadoop-ozone/ozonefs/target/test-dir/MiniOzoneClusterImpl-5b64906c-d720-4906-b30c-b6d56a2122fd/datanode-0/data/ratis] (custom)
2019-09-26 21:19:13,570 [pool-27-thread-1] INFO  storage.RaftStorageDirectory (RaftStorageDirectory.java:analyzeStorage(246)) - The storage directory /workdir/hadoop-ozone/ozonefs/target/test-dir/MiniOzoneClusterImpl-5b64906c-d720-4906-b30c-b6d56a2122fd/datanode-0/data/ratis/64c96674-5929-4650-842b-bbe9186e4bb1 does not exist. Creating ...
2019-09-26 21:19:13,583 [pool-27-thread-1] INFO  storage.RaftStorageDirectory (RaftStorageDirectory.java:tryLock(328)) - Lock on /workdir/hadoop-ozone/ozonefs/target/test-dir/MiniOzoneClusterImpl-5b64906c-d720-4906-b30c-b6d56a2122fd/datanode-0/data/ratis/64c96674-5929-4650-842b-bbe9186e4bb1/in_use.lock acquired by nodename 10701@pr-hdds-1569-g6sp5-2013761785
2019-09-26 21:19:13,596 [pool-27-thread-1] INFO  storage.RaftStorage (RaftStorage.java:format(72)) - Storage directory /workdir/hadoop-ozone/ozonefs/target/test-dir/MiniOzoneClusterImpl-5b64906c-d720-4906-b30c-b6d56a2122fd/datanode-0/data/ratis/64c96674-5929-4650-842b-bbe9186e4bb1 has been successfully formatted.
2019-09-26 21:19:13,597 [pool-27-thread-1] INFO  ratis.ContainerStateMachine (ContainerStateMachine.java:loadSnapshot(230)) - group-BBE9186E4BB1: The snapshot info is null. Setting the last applied indexto:(t:0, i:~)
2019-09-26 21:19:13,597 [pool-27-thread-1] INFO  server.RaftServerConfigKeys (ConfUtils.java:logGet(43)) - raft.server.notification.no-leader.timeout = 120s (custom)
2019-09-26 21:19:13,597 [pool-27-thread-1] INFO  server.RaftServerConfigKeys (ConfUtils.java:logGet(43)) - raft.server.log.use.memory = false (default)
2019-09-26 21:19:13,597 [pool-27-thread-1] INFO  server.RaftServerConfigKeys (ConfUtils.java:logGet(43)) - raft.server.log.purge.gap = 1000000 (custom)
2019-09-26 21:19:13,597 [pool-27-thread-1] INFO  server.RaftServerConfigKeys (ConfUtils.java:logGet(43)) - raft.server.log.appender.buffer.byte-limit = 33554432 (custom)
2019-09-26 21:19:13,597 [pool-27-thread-1] INFO  server.RaftServerConfigKeys (ConfUtils.java:logGet(43)) - raft.server.log.segment.size.max = 1048576 (custom)
2019-09-26 21:19:13,598 [pool-27-thread-1] INFO  server.RaftServerConfigKeys (ConfUtils.java:logGet(43)) - raft.server.log.segment.cache.num.max = 2 (custom)
2019-09-26 21:19:13,598 [pool-27-thread-1] INFO  segmented.SegmentedRaftLogWorker (SegmentedRaftLogWorker.java:<init>(172)) - new 9ce0b59e-153f-4f41-8aed-492a76d80b48@group-BBE9186E4BB1-SegmentedRaftLogWorker for RaftStorage:Storage Directory /workdir/hadoop-ozone/ozonefs/target/test-dir/MiniOzoneClusterImpl-5b64906c-d720-4906-b30c-b6d56a2122fd/datanode-0/data/ratis/64c96674-5929-4650-842b-bbe9186e4bb1
2019-09-26 21:19:13,598 [pool-27-thread-1] INFO  server.RaftServerConfigKeys (ConfUtils.java:logGet(43)) - raft.server.log.queue.byte-limit = 2147483647 (custom)
2019-09-26 21:19:13,598 [pool-27-thread-1] INFO  server.RaftServerConfigKeys (ConfUtils.java:logGet(43)) - raft.server.log.queue.element-limit = 1024 (custom)
2019-09-26 21:19:13,598 [pool-27-thread-1] INFO  server.RaftServerConfigKeys (ConfUtils.java:logGet(43)) - raft.server.log.segment.size.max = 1048576 (custom)
2019-09-26 21:19:13,598 [pool-27-thread-1] INFO  server.RaftServerConfigKeys (ConfUtils.java:logGet(43)) - raft.server.log.preallocated.size = 16384 (custom)
2019-09-26 21:19:13,598 [pool-27-thread-1] INFO  server.RaftServerConfigKeys (ConfUtils.java:logGet(43)) - raft.server.log.write.buffer.size = 33554432 (custom)
2019-09-26 21:19:13,599 [pool-27-thread-1] INFO  server.RaftServerConfigKeys (ConfUtils.java:logGet(43)) - raft.server.log.force.sync.num = 128 (default)
2019-09-26 21:19:13,599 [pool-27-thread-1] INFO  server.RaftServerConfigKeys (ConfUtils.java:logGet(43)) - raft.server.log.statemachine.data.sync = true (default)
2019-09-26 21:19:13,599 [pool-27-thread-1] INFO  server.RaftServerConfigKeys (ConfUtils.java:logGet(43)) - raft.server.log.statemachine.data.sync.timeout = 10s (default)
2019-09-26 21:19:13,599 [pool-27-thread-1] INFO  server.RaftServerConfigKeys (ConfUtils.java:logGet(43)) - raft.server.log.statemachine.data.sync.timeout.retry = -1 (default)
2019-09-26 21:19:13,599 [pool-27-thread-1] INFO  server.RaftServerConfigKeys (ConfUtils.java:logGet(43)) - raft.server.log.statemachine.data.caching.enabled = true (custom)
2019-09-26 21:19:13,600 [pool-27-thread-1] INFO  segmented.SegmentedRaftLogWorker (SegmentedRaftLogWorker.java:lambda$new$0(132)) - 9ce0b59e-153f-4f41-8aed-492a76d80b48@group-BBE9186E4BB1-SegmentedRaftLogWorker: flushIndex: setUnconditionally 0 -> -1
2019-09-26 21:19:13,600 [pool-27-thread-1] INFO  server.RaftServerConfigKeys (ConfUtils.java:logGet(43)) - raft.server.snapshot.auto.trigger.enabled = true (custom)
2019-09-26 21:19:13,600 [pool-27-thread-1] INFO  server.RaftServerConfigKeys (ConfUtils.java:logGet(43)) - raft.server.snapshot.auto.trigger.threshold = 10000 (custom)
2019-09-26 21:19:13,600 [pool-27-thread-1] INFO  server.RaftServerConfigKeys (ConfUtils.java:logGet(43)) - raft.server.snapshot.retention.num.files = 5 (custom)
2019-09-26 21:19:13,600 [pool-27-thread-1] INFO  server.RaftServerConfigKeys (ConfUtils.java:logGet(43)) - raft.server.retrycache.expirytime = 600000ms (custom)
2019-09-26 21:19:13,602 [pool-27-thread-1] INFO  impl.RaftServerImpl (RaftServerImpl.java:start(185)) - 9ce0b59e-153f-4f41-8aed-492a76d80b48@group-BBE9186E4BB1: start as a follower, conf=-1: [9ce0b59e-153f-4f41-8aed-492a76d80b48:192.168.151.99:34156], old=null
2019-09-26 21:19:13,602 [pool-27-thread-1] INFO  impl.RaftServerImpl (RaftServerImpl.java:setRole(174)) - 9ce0b59e-153f-4f41-8aed-492a76d80b48@group-BBE9186E4BB1: changes role from      null to FOLLOWER at term 0 for startAsFollower
2019-09-26 21:19:13,602 [pool-27-thread-1] INFO  impl.RoleInfo (RoleInfo.java:updateAndGet(143)) - 9ce0b59e-153f-4f41-8aed-492a76d80b48: start FollowerState
2019-09-26 21:19:13,603 [pool-27-thread-1] INFO  util.JmxRegister (JmxRegister.java:tryRegister(44)) - Successfully registered JMX Bean with object name Ratis:service=RaftServer,group=group-BBE9186E4BB1,id=9ce0b59e-153f-4f41-8aed-492a76d80b48
2019-09-26 21:19:13,605 [RatisPipelineUtilsThread] INFO  pipeline.PipelineStateManager (PipelineStateManager.java:addPipeline(56)) - Created pipeline Pipeline[ Id: 64c96674-5929-4650-842b-bbe9186e4bb1, Nodes: 9ce0b59e-153f-4f41-8aed-492a76d80b48{ip: 192.168.151.99, host: pr-hdds-1569-g6sp5-2013761785, networkLocation: /default-rack, certSerialId: null}, Type:RATIS, Factor:ONE, State:OPEN]
2019-09-26 21:19:13,610 [grpc-default-executor-2] INFO  impl.RaftServerProxy (RaftServerProxy.java:addNew(89)) - 1178c3ae-d0b4-4d44-b144-fe8504cc41ac: addNew group-449BE572DC99:[1178c3ae-d0b4-4d44-b144-fe8504cc41ac:192.168.151.99:33787] returns group-449BE572DC99:java.util.concurrent.CompletableFuture@7bc3ce36[Not completed]
2019-09-26 21:19:13,611 [pool-37-thread-1] INFO  impl.RaftServerImpl (RaftServerImpl.java:<init>(95)) - 1178c3ae-d0b4-4d44-b144-fe8504cc41ac: new RaftServerImpl for group-449BE572DC99:[1178c3ae-d0b4-4d44-b144-fe8504cc41ac:192.168.151.99:33787] with ContainerStateMachine:uninitialized
2019-09-26 21:19:13,612 [pool-37-thread-1] INFO  server.RaftServerConfigKeys (ConfUtils.java:logGet(43)) - raft.server.rpc.timeout.min = 5s (custom)
2019-09-26 21:19:13,612 [pool-37-thread-1] INFO  server.RaftServerConfigKeys (ConfUtils.java:logGet(43)) - raft.server.rpc.timeout.max = 5200ms (custom)
2019-09-26 21:19:13,612 [pool-37-thread-1] INFO  server.RaftServerConfigKeys (ConfUtils.java:logGet(43)) - raft.server.rpcslowness.timeout = 120s (custom)
2019-09-26 21:19:13,612 [pool-37-thread-1] INFO  server.RaftServerConfigKeys (ConfUtils.java:logGet(43)) - raft.server.sleep.deviation.threshold = 300 (default)
2019-09-26 21:19:13,612 [pool-37-thread-1] INFO  server.RaftServerConfigKeys (ConfUtils.java:logGet(43)) - raft.server.log.appender.install.snapshot.enabled = false (custom)
2019-09-26 21:19:13,612 [pool-37-thread-1] INFO  impl.RaftServerImpl (ServerState.java:<init>(103)) - 1178c3ae-d0b4-4d44-b144-fe8504cc41ac@group-449BE572DC99: ConfigurationManager, init=-1: [1178c3ae-d0b4-4d44-b144-fe8504cc41ac:192.168.151.99:33787], old=null, confs=<EMPTY_MAP>
2019-09-26 21:19:13,612 [pool-37-thread-1] INFO  server.RaftServerConfigKeys (ConfUtils.java:logGet(43)) - raft.server.storage.dir = [/workdir/hadoop-ozone/ozonefs/target/test-dir/MiniOzoneClusterImpl-5b64906c-d720-4906-b30c-b6d56a2122fd/datanode-1/data/ratis] (custom)
2019-09-26 21:19:13,613 [pool-37-thread-1] INFO  storage.RaftStorageDirectory (RaftStorageDirectory.java:analyzeStorage(246)) - The storage directory /workdir/hadoop-ozone/ozonefs/target/test-dir/MiniOzoneClusterImpl-5b64906c-d720-4906-b30c-b6d56a2122fd/datanode-1/data/ratis/8af7f103-f78d-4aa7-aac1-449be572dc99 does not exist. Creating ...
2019-09-26 21:19:13,626 [pool-37-thread-1] INFO  storage.RaftStorageDirectory (RaftStorageDirectory.java:tryLock(328)) - Lock on /workdir/hadoop-ozone/ozonefs/target/test-dir/MiniOzoneClusterImpl-5b64906c-d720-4906-b30c-b6d56a2122fd/datanode-1/data/ratis/8af7f103-f78d-4aa7-aac1-449be572dc99/in_use.lock acquired by nodename 10701@pr-hdds-1569-g6sp5-2013761785
2019-09-26 21:19:13,638 [pool-37-thread-1] INFO  storage.RaftStorage (RaftStorage.java:format(72)) - Storage directory /workdir/hadoop-ozone/ozonefs/target/test-dir/MiniOzoneClusterImpl-5b64906c-d720-4906-b30c-b6d56a2122fd/datanode-1/data/ratis/8af7f103-f78d-4aa7-aac1-449be572dc99 has been successfully formatted.
2019-09-26 21:19:13,639 [pool-37-thread-1] INFO  ratis.ContainerStateMachine (ContainerStateMachine.java:loadSnapshot(230)) - group-449BE572DC99: The snapshot info is null. Setting the last applied indexto:(t:0, i:~)
2019-09-26 21:19:13,639 [pool-37-thread-1] INFO  server.RaftServerConfigKeys (ConfUtils.java:logGet(43)) - raft.server.notification.no-leader.timeout = 120s (custom)
2019-09-26 21:19:13,639 [pool-37-thread-1] INFO  server.RaftServerConfigKeys (ConfUtils.java:logGet(43)) - raft.server.log.use.memory = false (default)
2019-09-26 21:19:13,639 [pool-37-thread-1] INFO  server.RaftServerConfigKeys (ConfUtils.java:logGet(43)) - raft.server.log.purge.gap = 1000000 (custom)
2019-09-26 21:19:13,639 [pool-37-thread-1] INFO  server.RaftServerConfigKeys (ConfUtils.java:logGet(43)) - raft.server.log.appender.buffer.byte-limit = 33554432 (custom)
2019-09-26 21:19:13,639 [pool-37-thread-1] INFO  server.RaftServerConfigKeys (ConfUtils.java:logGet(43)) - raft.server.log.segment.size.max = 1048576 (custom)
2019-09-26 21:19:13,640 [pool-37-thread-1] INFO  server.RaftServerConfigKeys (ConfUtils.java:logGet(43)) - raft.server.log.segment.cache.num.max = 2 (custom)
2019-09-26 21:19:13,640 [pool-37-thread-1] INFO  segmented.SegmentedRaftLogWorker (SegmentedRaftLogWorker.java:<init>(172)) - new 1178c3ae-d0b4-4d44-b144-fe8504cc41ac@group-449BE572DC99-SegmentedRaftLogWorker for RaftStorage:Storage Directory /workdir/hadoop-ozone/ozonefs/target/test-dir/MiniOzoneClusterImpl-5b64906c-d720-4906-b30c-b6d56a2122fd/datanode-1/data/ratis/8af7f103-f78d-4aa7-aac1-449be572dc99
2019-09-26 21:19:13,640 [pool-37-thread-1] INFO  server.RaftServerConfigKeys (ConfUtils.java:logGet(43)) - raft.server.log.queue.byte-limit = 2147483647 (custom)
2019-09-26 21:19:13,640 [pool-37-thread-1] INFO  server.RaftServerConfigKeys (ConfUtils.java:logGet(43)) - raft.server.log.queue.element-limit = 1024 (custom)
2019-09-26 21:19:13,640 [pool-37-thread-1] INFO  server.RaftServerConfigKeys (ConfUtils.java:logGet(43)) - raft.server.log.segment.size.max = 1048576 (custom)
2019-09-26 21:19:13,640 [pool-37-thread-1] INFO  server.RaftServerConfigKeys (ConfUtils.java:logGet(43)) - raft.server.log.preallocated.size = 16384 (custom)
2019-09-26 21:19:13,640 [pool-37-thread-1] INFO  server.RaftServerConfigKeys (ConfUtils.java:logGet(43)) - raft.server.log.write.buffer.size = 33554432 (custom)
2019-09-26 21:19:13,641 [pool-37-thread-1] INFO  server.RaftServerConfigKeys (ConfUtils.java:logGet(43)) - raft.server.log.force.sync.num = 128 (default)
2019-09-26 21:19:13,641 [pool-37-thread-1] INFO  server.RaftServerConfigKeys (ConfUtils.java:logGet(43)) - raft.server.log.statemachine.data.sync = true (default)
2019-09-26 21:19:13,641 [pool-37-thread-1] INFO  server.RaftServerConfigKeys (ConfUtils.java:logGet(43)) - raft.server.log.statemachine.data.sync.timeout = 10s (default)
2019-09-26 21:19:13,641 [pool-37-thread-1] INFO  server.RaftServerConfigKeys (ConfUtils.java:logGet(43)) - raft.server.log.statemachine.data.sync.timeout.retry = -1 (default)
2019-09-26 21:19:13,641 [pool-37-thread-1] INFO  server.RaftServerConfigKeys (ConfUtils.java:logGet(43)) - raft.server.log.statemachine.data.caching.enabled = true (custom)
2019-09-26 21:19:13,642 [pool-37-thread-1] INFO  segmented.SegmentedRaftLogWorker (SegmentedRaftLogWorker.java:lambda$new$0(132)) - 1178c3ae-d0b4-4d44-b144-fe8504cc41ac@group-449BE572DC99-SegmentedRaftLogWorker: flushIndex: setUnconditionally 0 -> -1
2019-09-26 21:19:13,642 [pool-37-thread-1] INFO  server.RaftServerConfigKeys (ConfUtils.java:logGet(43)) - raft.server.snapshot.auto.trigger.enabled = true (custom)
2019-09-26 21:19:13,642 [pool-37-thread-1] INFO  server.RaftServerConfigKeys (ConfUtils.java:logGet(43)) - raft.server.snapshot.auto.trigger.threshold = 10000 (custom)
2019-09-26 21:19:13,642 [pool-37-thread-1] INFO  server.RaftServerConfigKeys (ConfUtils.java:logGet(43)) - raft.server.snapshot.retention.num.files = 5 (custom)
2019-09-26 21:19:13,642 [pool-37-thread-1] INFO  server.RaftServerConfigKeys (ConfUtils.java:logGet(43)) - raft.server.retrycache.expirytime = 600000ms (custom)
2019-09-26 21:19:13,644 [pool-37-thread-1] INFO  impl.RaftServerImpl (RaftServerImpl.java:start(185)) - 1178c3ae-d0b4-4d44-b144-fe8504cc41ac@group-449BE572DC99: start as a follower, conf=-1: [1178c3ae-d0b4-4d44-b144-fe8504cc41ac:192.168.151.99:33787], old=null
2019-09-26 21:19:13,644 [pool-37-thread-1] INFO  impl.RaftServerImpl (RaftServerImpl.java:setRole(174)) - 1178c3ae-d0b4-4d44-b144-fe8504cc41ac@group-449BE572DC99: changes role from      null to FOLLOWER at term 0 for startAsFollower
2019-09-26 21:19:13,644 [pool-37-thread-1] INFO  impl.RoleInfo (RoleInfo.java:updateAndGet(143)) - 1178c3ae-d0b4-4d44-b144-fe8504cc41ac: start FollowerState
2019-09-26 21:19:13,645 [pool-37-thread-1] INFO  util.JmxRegister (JmxRegister.java:tryRegister(44)) - Successfully registered JMX Bean with object name Ratis:service=RaftServer,group=group-449BE572DC99,id=1178c3ae-d0b4-4d44-b144-fe8504cc41ac
2019-09-26 21:19:13,647 [RatisPipelineUtilsThread] INFO  pipeline.PipelineStateManager (PipelineStateManager.java:addPipeline(56)) - Created pipeline Pipeline[ Id: 8af7f103-f78d-4aa7-aac1-449be572dc99, Nodes: 1178c3ae-d0b4-4d44-b144-fe8504cc41ac{ip: 192.168.151.99, host: pr-hdds-1569-g6sp5-2013761785, networkLocation: /default-rack, certSerialId: null}, Type:RATIS, Factor:ONE, State:OPEN]
2019-09-26 21:19:13,652 [grpc-default-executor-2] INFO  impl.RaftServerProxy (RaftServerProxy.java:addNew(89)) - 09112efe-1fad-4539-a04f-c96aef6d2351: addNew group-A77325013DF5:[09112efe-1fad-4539-a04f-c96aef6d2351:192.168.151.99:45286] returns group-A77325013DF5:java.util.concurrent.CompletableFuture@75c6941b[Not completed]
2019-09-26 21:19:13,653 [pool-47-thread-1] INFO  impl.RaftServerImpl (RaftServerImpl.java:<init>(95)) - 09112efe-1fad-4539-a04f-c96aef6d2351: new RaftServerImpl for group-A77325013DF5:[09112efe-1fad-4539-a04f-c96aef6d2351:192.168.151.99:45286] with ContainerStateMachine:uninitialized
2019-09-26 21:19:13,653 [pool-47-thread-1] INFO  server.RaftServerConfigKeys (ConfUtils.java:logGet(43)) - raft.server.rpc.timeout.min = 5s (custom)
2019-09-26 21:19:13,654 [pool-47-thread-1] INFO  server.RaftServerConfigKeys (ConfUtils.java:logGet(43)) - raft.server.rpc.timeout.max = 5200ms (custom)
2019-09-26 21:19:13,654 [pool-47-thread-1] INFO  server.RaftServerConfigKeys (ConfUtils.java:logGet(43)) - raft.server.rpcslowness.timeout = 120s (custom)
2019-09-26 21:19:13,654 [pool-47-thread-1] INFO  server.RaftServerConfigKeys (ConfUtils.java:logGet(43)) - raft.server.sleep.deviation.threshold = 300 (default)
2019-09-26 21:19:13,654 [pool-47-thread-1] INFO  server.RaftServerConfigKeys (ConfUtils.java:logGet(43)) - raft.server.log.appender.install.snapshot.enabled = false (custom)
2019-09-26 21:19:13,654 [pool-47-thread-1] INFO  impl.RaftServerImpl (ServerState.java:<init>(103)) - 09112efe-1fad-4539-a04f-c96aef6d2351@group-A77325013DF5: ConfigurationManager, init=-1: [09112efe-1fad-4539-a04f-c96aef6d2351:192.168.151.99:45286], old=null, confs=<EMPTY_MAP>
2019-09-26 21:19:13,654 [pool-47-thread-1] INFO  server.RaftServerConfigKeys (ConfUtils.java:logGet(43)) - raft.server.storage.dir = [/workdir/hadoop-ozone/ozonefs/target/test-dir/MiniOzoneClusterImpl-5b64906c-d720-4906-b30c-b6d56a2122fd/datanode-2/data/ratis] (custom)
2019-09-26 21:19:13,655 [pool-47-thread-1] INFO  storage.RaftStorageDirectory (RaftStorageDirectory.java:analyzeStorage(246)) - The storage directory /workdir/hadoop-ozone/ozonefs/target/test-dir/MiniOzoneClusterImpl-5b64906c-d720-4906-b30c-b6d56a2122fd/datanode-2/data/ratis/a033bf0c-f1b7-4e62-9b7c-a77325013df5 does not exist. Creating ...
2019-09-26 21:19:13,667 [pool-47-thread-1] INFO  storage.RaftStorageDirectory (RaftStorageDirectory.java:tryLock(328)) - Lock on /workdir/hadoop-ozone/ozonefs/target/test-dir/MiniOzoneClusterImpl-5b64906c-d720-4906-b30c-b6d56a2122fd/datanode-2/data/ratis/a033bf0c-f1b7-4e62-9b7c-a77325013df5/in_use.lock acquired by nodename 10701@pr-hdds-1569-g6sp5-2013761785
2019-09-26 21:19:13,680 [pool-47-thread-1] INFO  storage.RaftStorage (RaftStorage.java:format(72)) - Storage directory /workdir/hadoop-ozone/ozonefs/target/test-dir/MiniOzoneClusterImpl-5b64906c-d720-4906-b30c-b6d56a2122fd/datanode-2/data/ratis/a033bf0c-f1b7-4e62-9b7c-a77325013df5 has been successfully formatted.
2019-09-26 21:19:13,682 [pool-47-thread-1] INFO  ratis.ContainerStateMachine (ContainerStateMachine.java:loadSnapshot(230)) - group-A77325013DF5: The snapshot info is null. Setting the last applied indexto:(t:0, i:~)
2019-09-26 21:19:13,682 [pool-47-thread-1] INFO  server.RaftServerConfigKeys (ConfUtils.java:logGet(43)) - raft.server.notification.no-leader.timeout = 120s (custom)
2019-09-26 21:19:13,683 [pool-47-thread-1] INFO  server.RaftServerConfigKeys (ConfUtils.java:logGet(43)) - raft.server.log.use.memory = false (default)
2019-09-26 21:19:13,683 [pool-47-thread-1] INFO  server.RaftServerConfigKeys (ConfUtils.java:logGet(43)) - raft.server.log.purge.gap = 1000000 (custom)
2019-09-26 21:19:13,683 [pool-47-thread-1] INFO  server.RaftServerConfigKeys (ConfUtils.java:logGet(43)) - raft.server.log.appender.buffer.byte-limit = 33554432 (custom)
2019-09-26 21:19:13,683 [pool-47-thread-1] INFO  server.RaftServerConfigKeys (ConfUtils.java:logGet(43)) - raft.server.log.segment.size.max = 1048576 (custom)
2019-09-26 21:19:13,683 [pool-47-thread-1] INFO  server.RaftServerConfigKeys (ConfUtils.java:logGet(43)) - raft.server.log.segment.cache.num.max = 2 (custom)
2019-09-26 21:19:13,684 [pool-47-thread-1] INFO  segmented.SegmentedRaftLogWorker (SegmentedRaftLogWorker.java:<init>(172)) - new 09112efe-1fad-4539-a04f-c96aef6d2351@group-A77325013DF5-SegmentedRaftLogWorker for RaftStorage:Storage Directory /workdir/hadoop-ozone/ozonefs/target/test-dir/MiniOzoneClusterImpl-5b64906c-d720-4906-b30c-b6d56a2122fd/datanode-2/data/ratis/a033bf0c-f1b7-4e62-9b7c-a77325013df5
2019-09-26 21:19:13,684 [pool-47-thread-1] INFO  server.RaftServerConfigKeys (ConfUtils.java:logGet(43)) - raft.server.log.queue.byte-limit = 2147483647 (custom)
2019-09-26 21:19:13,684 [pool-47-thread-1] INFO  server.RaftServerConfigKeys (ConfUtils.java:logGet(43)) - raft.server.log.queue.element-limit = 1024 (custom)
2019-09-26 21:19:13,684 [pool-47-thread-1] INFO  server.RaftServerConfigKeys (ConfUtils.java:logGet(43)) - raft.server.log.segment.size.max = 1048576 (custom)
2019-09-26 21:19:13,684 [pool-47-thread-1] INFO  server.RaftServerConfigKeys (ConfUtils.java:logGet(43)) - raft.server.log.preallocated.size = 16384 (custom)
2019-09-26 21:19:13,684 [pool-47-thread-1] INFO  server.RaftServerConfigKeys (ConfUtils.java:logGet(43)) - raft.server.log.write.buffer.size = 33554432 (custom)
2019-09-26 21:19:13,685 [pool-47-thread-1] INFO  server.RaftServerConfigKeys (ConfUtils.java:logGet(43)) - raft.server.log.force.sync.num = 128 (default)
2019-09-26 21:19:13,685 [pool-47-thread-1] INFO  server.RaftServerConfigKeys (ConfUtils.java:logGet(43)) - raft.server.log.statemachine.data.sync = true (default)
2019-09-26 21:19:13,685 [pool-47-thread-1] INFO  server.RaftServerConfigKeys (ConfUtils.java:logGet(43)) - raft.server.log.statemachine.data.sync.timeout = 10s (default)
2019-09-26 21:19:13,685 [pool-47-thread-1] INFO  server.RaftServerConfigKeys (ConfUtils.java:logGet(43)) - raft.server.log.statemachine.data.sync.timeout.retry = -1 (default)
2019-09-26 21:19:13,685 [pool-47-thread-1] INFO  server.RaftServerConfigKeys (ConfUtils.java:logGet(43)) - raft.server.log.statemachine.data.caching.enabled = true (custom)
2019-09-26 21:19:13,686 [pool-47-thread-1] INFO  segmented.SegmentedRaftLogWorker (SegmentedRaftLogWorker.java:lambda$new$0(132)) - 09112efe-1fad-4539-a04f-c96aef6d2351@group-A77325013DF5-SegmentedRaftLogWorker: flushIndex: setUnconditionally 0 -> -1
2019-09-26 21:19:13,686 [pool-47-thread-1] INFO  server.RaftServerConfigKeys (ConfUtils.java:logGet(43)) - raft.server.snapshot.auto.trigger.enabled = true (custom)
2019-09-26 21:19:13,686 [pool-47-thread-1] INFO  server.RaftServerConfigKeys (ConfUtils.java:logGet(43)) - raft.server.snapshot.auto.trigger.threshold = 10000 (custom)
2019-09-26 21:19:13,686 [pool-47-thread-1] INFO  server.RaftServerConfigKeys (ConfUtils.java:logGet(43)) - raft.server.snapshot.retention.num.files = 5 (custom)
2019-09-26 21:19:13,687 [pool-47-thread-1] INFO  server.RaftServerConfigKeys (ConfUtils.java:logGet(43)) - raft.server.retrycache.expirytime = 600000ms (custom)
2019-09-26 21:19:13,689 [pool-47-thread-1] INFO  impl.RaftServerImpl (RaftServerImpl.java:start(185)) - 09112efe-1fad-4539-a04f-c96aef6d2351@group-A77325013DF5: start as a follower, conf=-1: [09112efe-1fad-4539-a04f-c96aef6d2351:192.168.151.99:45286], old=null
2019-09-26 21:19:13,689 [pool-47-thread-1] INFO  impl.RaftServerImpl (RaftServerImpl.java:setRole(174)) - 09112efe-1fad-4539-a04f-c96aef6d2351@group-A77325013DF5: changes role from      null to FOLLOWER at term 0 for startAsFollower
2019-09-26 21:19:13,689 [pool-47-thread-1] INFO  impl.RoleInfo (RoleInfo.java:updateAndGet(143)) - 09112efe-1fad-4539-a04f-c96aef6d2351: start FollowerState
2019-09-26 21:19:13,689 [pool-47-thread-1] INFO  util.JmxRegister (JmxRegister.java:tryRegister(44)) - Successfully registered JMX Bean with object name Ratis:service=RaftServer,group=group-A77325013DF5,id=09112efe-1fad-4539-a04f-c96aef6d2351
2019-09-26 21:19:13,692 [RatisPipelineUtilsThread] INFO  pipeline.PipelineStateManager (PipelineStateManager.java:addPipeline(56)) - Created pipeline Pipeline[ Id: a033bf0c-f1b7-4e62-9b7c-a77325013df5, Nodes: 09112efe-1fad-4539-a04f-c96aef6d2351{ip: 192.168.151.99, host: pr-hdds-1569-g6sp5-2013761785, networkLocation: /default-rack, certSerialId: null}, Type:RATIS, Factor:ONE, State:OPEN]
2019-09-26 21:19:13,698 [grpc-default-executor-2] INFO  impl.RaftServerProxy (RaftServerProxy.java:addNew(89)) - 09112efe-1fad-4539-a04f-c96aef6d2351: addNew group-36B2132502C2:[09112efe-1fad-4539-a04f-c96aef6d2351:192.168.151.99:45286] returns group-36B2132502C2:java.util.concurrent.CompletableFuture@328907b1[Not completed]
2019-09-26 21:19:13,699 [pool-47-thread-1] INFO  impl.RaftServerImpl (RaftServerImpl.java:<init>(95)) - 09112efe-1fad-4539-a04f-c96aef6d2351: new RaftServerImpl for group-36B2132502C2:[09112efe-1fad-4539-a04f-c96aef6d2351:192.168.151.99:45286] with ContainerStateMachine:uninitialized
2019-09-26 21:19:13,699 [pool-47-thread-1] INFO  server.RaftServerConfigKeys (ConfUtils.java:logGet(43)) - raft.server.rpc.timeout.min = 5s (custom)
2019-09-26 21:19:13,699 [pool-47-thread-1] INFO  server.RaftServerConfigKeys (ConfUtils.java:logGet(43)) - raft.server.rpc.timeout.max = 5200ms (custom)
2019-09-26 21:19:13,699 [pool-47-thread-1] INFO  server.RaftServerConfigKeys (ConfUtils.java:logGet(43)) - raft.server.rpcslowness.timeout = 120s (custom)
2019-09-26 21:19:13,699 [pool-47-thread-1] INFO  server.RaftServerConfigKeys (ConfUtils.java:logGet(43)) - raft.server.sleep.deviation.threshold = 300 (default)
2019-09-26 21:19:13,699 [pool-47-thread-1] INFO  server.RaftServerConfigKeys (ConfUtils.java:logGet(43)) - raft.server.log.appender.install.snapshot.enabled = false (custom)
2019-09-26 21:19:13,700 [pool-47-thread-1] INFO  impl.RaftServerImpl (ServerState.java:<init>(103)) - 09112efe-1fad-4539-a04f-c96aef6d2351@group-36B2132502C2: ConfigurationManager, init=-1: [09112efe-1fad-4539-a04f-c96aef6d2351:192.168.151.99:45286], old=null, confs=<EMPTY_MAP>
2019-09-26 21:19:13,700 [pool-47-thread-1] INFO  server.RaftServerConfigKeys (ConfUtils.java:logGet(43)) - raft.server.storage.dir = [/workdir/hadoop-ozone/ozonefs/target/test-dir/MiniOzoneClusterImpl-5b64906c-d720-4906-b30c-b6d56a2122fd/datanode-2/data/ratis] (custom)
2019-09-26 21:19:13,700 [pool-47-thread-1] INFO  storage.RaftStorageDirectory (RaftStorageDirectory.java:analyzeStorage(246)) - The storage directory /workdir/hadoop-ozone/ozonefs/target/test-dir/MiniOzoneClusterImpl-5b64906c-d720-4906-b30c-b6d56a2122fd/datanode-2/data/ratis/0fb33b1e-63f2-4879-866c-36b2132502c2 does not exist. Creating ...
2019-09-26 21:19:13,713 [pool-47-thread-1] INFO  storage.RaftStorageDirectory (RaftStorageDirectory.java:tryLock(328)) - Lock on /workdir/hadoop-ozone/ozonefs/target/test-dir/MiniOzoneClusterImpl-5b64906c-d720-4906-b30c-b6d56a2122fd/datanode-2/data/ratis/0fb33b1e-63f2-4879-866c-36b2132502c2/in_use.lock acquired by nodename 10701@pr-hdds-1569-g6sp5-2013761785
2019-09-26 21:19:13,726 [pool-47-thread-1] INFO  storage.RaftStorage (RaftStorage.java:format(72)) - Storage directory /workdir/hadoop-ozone/ozonefs/target/test-dir/MiniOzoneClusterImpl-5b64906c-d720-4906-b30c-b6d56a2122fd/datanode-2/data/ratis/0fb33b1e-63f2-4879-866c-36b2132502c2 has been successfully formatted.
2019-09-26 21:19:13,726 [pool-47-thread-1] INFO  ratis.ContainerStateMachine (ContainerStateMachine.java:loadSnapshot(230)) - group-36B2132502C2: The snapshot info is null. Setting the last applied indexto:(t:0, i:~)
2019-09-26 21:19:13,726 [pool-47-thread-1] INFO  server.RaftServerConfigKeys (ConfUtils.java:logGet(43)) - raft.server.notification.no-leader.timeout = 120s (custom)
2019-09-26 21:19:13,726 [pool-47-thread-1] INFO  server.RaftServerConfigKeys (ConfUtils.java:logGet(43)) - raft.server.log.use.memory = false (default)
2019-09-26 21:19:13,726 [pool-47-thread-1] INFO  server.RaftServerConfigKeys (ConfUtils.java:logGet(43)) - raft.server.log.purge.gap = 1000000 (custom)
2019-09-26 21:19:13,727 [pool-47-thread-1] INFO  server.RaftServerConfigKeys (ConfUtils.java:logGet(43)) - raft.server.log.appender.buffer.byte-limit = 33554432 (custom)
2019-09-26 21:19:13,727 [pool-47-thread-1] INFO  server.RaftServerConfigKeys (ConfUtils.java:logGet(43)) - raft.server.log.segment.size.max = 1048576 (custom)
2019-09-26 21:19:13,727 [pool-47-thread-1] INFO  server.RaftServerConfigKeys (ConfUtils.java:logGet(43)) - raft.server.log.segment.cache.num.max = 2 (custom)
2019-09-26 21:19:13,727 [pool-47-thread-1] INFO  segmented.SegmentedRaftLogWorker (SegmentedRaftLogWorker.java:<init>(172)) - new 09112efe-1fad-4539-a04f-c96aef6d2351@group-36B2132502C2-SegmentedRaftLogWorker for RaftStorage:Storage Directory /workdir/hadoop-ozone/ozonefs/target/test-dir/MiniOzoneClusterImpl-5b64906c-d720-4906-b30c-b6d56a2122fd/datanode-2/data/ratis/0fb33b1e-63f2-4879-866c-36b2132502c2
2019-09-26 21:19:13,727 [pool-47-thread-1] INFO  server.RaftServerConfigKeys (ConfUtils.java:logGet(43)) - raft.server.log.queue.byte-limit = 2147483647 (custom)
2019-09-26 21:19:13,727 [pool-47-thread-1] INFO  server.RaftServerConfigKeys (ConfUtils.java:logGet(43)) - raft.server.log.queue.element-limit = 1024 (custom)
2019-09-26 21:19:13,728 [pool-47-thread-1] INFO  server.RaftServerConfigKeys (ConfUtils.java:logGet(43)) - raft.server.log.segment.size.max = 1048576 (custom)
2019-09-26 21:19:13,728 [pool-47-thread-1] INFO  server.RaftServerConfigKeys (ConfUtils.java:logGet(43)) - raft.server.log.preallocated.size = 16384 (custom)
2019-09-26 21:19:13,728 [pool-47-thread-1] INFO  server.RaftServerConfigKeys (ConfUtils.java:logGet(43)) - raft.server.log.write.buffer.size = 33554432 (custom)
2019-09-26 21:19:13,728 [pool-47-thread-1] INFO  server.RaftServerConfigKeys (ConfUtils.java:logGet(43)) - raft.server.log.force.sync.num = 128 (default)
2019-09-26 21:19:13,728 [pool-47-thread-1] INFO  server.RaftServerConfigKeys (ConfUtils.java:logGet(43)) - raft.server.log.statemachine.data.sync = true (default)
2019-09-26 21:19:13,728 [pool-47-thread-1] INFO  server.RaftServerConfigKeys (ConfUtils.java:logGet(43)) - raft.server.log.statemachine.data.sync.timeout = 10s (default)
2019-09-26 21:19:13,728 [pool-47-thread-1] INFO  server.RaftServerConfigKeys (ConfUtils.java:logGet(43)) - raft.server.log.statemachine.data.sync.timeout.retry = -1 (default)
2019-09-26 21:19:13,729 [pool-47-thread-1] INFO  server.RaftServerConfigKeys (ConfUtils.java:logGet(43)) - raft.server.log.statemachine.data.caching.enabled = true (custom)
2019-09-26 21:19:13,729 [pool-47-thread-1] INFO  segmented.SegmentedRaftLogWorker (SegmentedRaftLogWorker.java:lambda$new$0(132)) - 09112efe-1fad-4539-a04f-c96aef6d2351@group-36B2132502C2-SegmentedRaftLogWorker: flushIndex: setUnconditionally 0 -> -1
2019-09-26 21:19:13,729 [pool-47-thread-1] INFO  server.RaftServerConfigKeys (ConfUtils.java:logGet(43)) - raft.server.snapshot.auto.trigger.enabled = true (custom)
2019-09-26 21:19:13,729 [pool-47-thread-1] INFO  server.RaftServerConfigKeys (ConfUtils.java:logGet(43)) - raft.server.snapshot.auto.trigger.threshold = 10000 (custom)
2019-09-26 21:19:13,730 [pool-47-thread-1] INFO  server.RaftServerConfigKeys (ConfUtils.java:logGet(43)) - raft.server.snapshot.retention.num.files = 5 (custom)
2019-09-26 21:19:13,730 [pool-47-thread-1] INFO  server.RaftServerConfigKeys (ConfUtils.java:logGet(43)) - raft.server.retrycache.expirytime = 600000ms (custom)
2019-09-26 21:19:13,731 [pool-47-thread-1] INFO  impl.RaftServerImpl (RaftServerImpl.java:start(185)) - 09112efe-1fad-4539-a04f-c96aef6d2351@group-36B2132502C2: start as a follower, conf=-1: [09112efe-1fad-4539-a04f-c96aef6d2351:192.168.151.99:45286], old=null
2019-09-26 21:19:13,732 [pool-47-thread-1] INFO  impl.RaftServerImpl (RaftServerImpl.java:setRole(174)) - 09112efe-1fad-4539-a04f-c96aef6d2351@group-36B2132502C2: changes role from      null to FOLLOWER at term 0 for startAsFollower
2019-09-26 21:19:13,732 [pool-47-thread-1] INFO  impl.RoleInfo (RoleInfo.java:updateAndGet(143)) - 09112efe-1fad-4539-a04f-c96aef6d2351: start FollowerState
2019-09-26 21:19:13,732 [pool-47-thread-1] INFO  util.JmxRegister (JmxRegister.java:tryRegister(44)) - Successfully registered JMX Bean with object name Ratis:service=RaftServer,group=group-36B2132502C2,id=09112efe-1fad-4539-a04f-c96aef6d2351
2019-09-26 21:19:13,734 [RatisPipelineUtilsThread] INFO  pipeline.PipelineStateManager (PipelineStateManager.java:addPipeline(56)) - Created pipeline Pipeline[ Id: 0fb33b1e-63f2-4879-866c-36b2132502c2, Nodes: 09112efe-1fad-4539-a04f-c96aef6d2351{ip: 192.168.151.99, host: pr-hdds-1569-g6sp5-2013761785, networkLocation: /default-rack, certSerialId: null}, Type:RATIS, Factor:ONE, State:OPEN]
2019-09-26 21:19:13,739 [grpc-default-executor-2] INFO  impl.RaftServerProxy (RaftServerProxy.java:addNew(89)) - 9ce0b59e-153f-4f41-8aed-492a76d80b48: addNew group-4AD36DEDF59B:[9ce0b59e-153f-4f41-8aed-492a76d80b48:192.168.151.99:34156] returns group-4AD36DEDF59B:java.util.concurrent.CompletableFuture@51c093d0[Not completed]
2019-09-26 21:19:13,740 [pool-27-thread-1] INFO  impl.RaftServerImpl (RaftServerImpl.java:<init>(95)) - 9ce0b59e-153f-4f41-8aed-492a76d80b48: new RaftServerImpl for group-4AD36DEDF59B:[9ce0b59e-153f-4f41-8aed-492a76d80b48:192.168.151.99:34156] with ContainerStateMachine:uninitialized
2019-09-26 21:19:13,740 [pool-27-thread-1] INFO  server.RaftServerConfigKeys (ConfUtils.java:logGet(43)) - raft.server.rpc.timeout.min = 5s (custom)
2019-09-26 21:19:13,740 [pool-27-thread-1] INFO  server.RaftServerConfigKeys (ConfUtils.java:logGet(43)) - raft.server.rpc.timeout.max = 5200ms (custom)
2019-09-26 21:19:13,741 [pool-27-thread-1] INFO  server.RaftServerConfigKeys (ConfUtils.java:logGet(43)) - raft.server.rpcslowness.timeout = 120s (custom)
2019-09-26 21:19:13,741 [pool-27-thread-1] INFO  server.RaftServerConfigKeys (ConfUtils.java:logGet(43)) - raft.server.sleep.deviation.threshold = 300 (default)
2019-09-26 21:19:13,741 [pool-27-thread-1] INFO  server.RaftServerConfigKeys (ConfUtils.java:logGet(43)) - raft.server.log.appender.install.snapshot.enabled = false (custom)
2019-09-26 21:19:13,741 [pool-27-thread-1] INFO  impl.RaftServerImpl (ServerState.java:<init>(103)) - 9ce0b59e-153f-4f41-8aed-492a76d80b48@group-4AD36DEDF59B: ConfigurationManager, init=-1: [9ce0b59e-153f-4f41-8aed-492a76d80b48:192.168.151.99:34156], old=null, confs=<EMPTY_MAP>
2019-09-26 21:19:13,741 [pool-27-thread-1] INFO  server.RaftServerConfigKeys (ConfUtils.java:logGet(43)) - raft.server.storage.dir = [/workdir/hadoop-ozone/ozonefs/target/test-dir/MiniOzoneClusterImpl-5b64906c-d720-4906-b30c-b6d56a2122fd/datanode-0/data/ratis] (custom)
2019-09-26 21:19:13,742 [pool-27-thread-1] INFO  storage.RaftStorageDirectory (RaftStorageDirectory.java:analyzeStorage(246)) - The storage directory /workdir/hadoop-ozone/ozonefs/target/test-dir/MiniOzoneClusterImpl-5b64906c-d720-4906-b30c-b6d56a2122fd/datanode-0/data/ratis/c91a9a4a-31f9-41a5-8f1b-4ad36dedf59b does not exist. Creating ...
2019-09-26 21:19:13,745 [pool-27-thread-1] INFO  storage.RaftStorageDirectory (RaftStorageDirectory.java:tryLock(328)) - Lock on /workdir/hadoop-ozone/ozonefs/target/test-dir/MiniOzoneClusterImpl-5b64906c-d720-4906-b30c-b6d56a2122fd/datanode-0/data/ratis/c91a9a4a-31f9-41a5-8f1b-4ad36dedf59b/in_use.lock acquired by nodename 10701@pr-hdds-1569-g6sp5-2013761785
2019-09-26 21:19:13,777 [pool-27-thread-1] INFO  storage.RaftStorage (RaftStorage.java:format(72)) - Storage directory /workdir/hadoop-ozone/ozonefs/target/test-dir/MiniOzoneClusterImpl-5b64906c-d720-4906-b30c-b6d56a2122fd/datanode-0/data/ratis/c91a9a4a-31f9-41a5-8f1b-4ad36dedf59b has been successfully formatted.
2019-09-26 21:19:13,777 [pool-27-thread-1] INFO  ratis.ContainerStateMachine (ContainerStateMachine.java:loadSnapshot(230)) - group-4AD36DEDF59B: The snapshot info is null. Setting the last applied indexto:(t:0, i:~)
2019-09-26 21:19:13,777 [pool-27-thread-1] INFO  server.RaftServerConfigKeys (ConfUtils.java:logGet(43)) - raft.server.notification.no-leader.timeout = 120s (custom)
2019-09-26 21:19:13,777 [pool-27-thread-1] INFO  server.RaftServerConfigKeys (ConfUtils.java:logGet(43)) - raft.server.log.use.memory = false (default)
2019-09-26 21:19:13,777 [pool-27-thread-1] INFO  server.RaftServerConfigKeys (ConfUtils.java:logGet(43)) - raft.server.log.purge.gap = 1000000 (custom)
2019-09-26 21:19:13,778 [pool-27-thread-1] INFO  server.RaftServerConfigKeys (ConfUtils.java:logGet(43)) - raft.server.log.appender.buffer.byte-limit = 33554432 (custom)
2019-09-26 21:19:13,778 [pool-27-thread-1] INFO  server.RaftServerConfigKeys (ConfUtils.java:logGet(43)) - raft.server.log.segment.size.max = 1048576 (custom)
2019-09-26 21:19:13,778 [pool-27-thread-1] INFO  server.RaftServerConfigKeys (ConfUtils.java:logGet(43)) - raft.server.log.segment.cache.num.max = 2 (custom)
2019-09-26 21:19:13,778 [pool-27-thread-1] INFO  segmented.SegmentedRaftLogWorker (SegmentedRaftLogWorker.java:<init>(172)) - new 9ce0b59e-153f-4f41-8aed-492a76d80b48@group-4AD36DEDF59B-SegmentedRaftLogWorker for RaftStorage:Storage Directory /workdir/hadoop-ozone/ozonefs/target/test-dir/MiniOzoneClusterImpl-5b64906c-d720-4906-b30c-b6d56a2122fd/datanode-0/data/ratis/c91a9a4a-31f9-41a5-8f1b-4ad36dedf59b
2019-09-26 21:19:13,778 [pool-27-thread-1] INFO  server.RaftServerConfigKeys (ConfUtils.java:logGet(43)) - raft.server.log.queue.byte-limit = 2147483647 (custom)
2019-09-26 21:19:13,778 [pool-27-thread-1] INFO  server.RaftServerConfigKeys (ConfUtils.java:logGet(43)) - raft.server.log.queue.element-limit = 1024 (custom)
2019-09-26 21:19:13,778 [pool-27-thread-1] INFO  server.RaftServerConfigKeys (ConfUtils.java:logGet(43)) - raft.server.log.segment.size.max = 1048576 (custom)
2019-09-26 21:19:13,779 [pool-27-thread-1] INFO  server.RaftServerConfigKeys (ConfUtils.java:logGet(43)) - raft.server.log.preallocated.size = 16384 (custom)
2019-09-26 21:19:13,779 [pool-27-thread-1] INFO  server.RaftServerConfigKeys (ConfUtils.java:logGet(43)) - raft.server.log.write.buffer.size = 33554432 (custom)
2019-09-26 21:19:13,779 [pool-27-thread-1] INFO  server.RaftServerConfigKeys (ConfUtils.java:logGet(43)) - raft.server.log.force.sync.num = 128 (default)
2019-09-26 21:19:13,779 [pool-27-thread-1] INFO  server.RaftServerConfigKeys (ConfUtils.java:logGet(43)) - raft.server.log.statemachine.data.sync = true (default)
2019-09-26 21:19:13,779 [pool-27-thread-1] INFO  server.RaftServerConfigKeys (ConfUtils.java:logGet(43)) - raft.server.log.statemachine.data.sync.timeout = 10s (default)
2019-09-26 21:19:13,779 [pool-27-thread-1] INFO  server.RaftServerConfigKeys (ConfUtils.java:logGet(43)) - raft.server.log.statemachine.data.sync.timeout.retry = -1 (default)
2019-09-26 21:19:13,780 [pool-27-thread-1] INFO  server.RaftServerConfigKeys (ConfUtils.java:logGet(43)) - raft.server.log.statemachine.data.caching.enabled = true (custom)
2019-09-26 21:19:13,780 [pool-27-thread-1] INFO  segmented.SegmentedRaftLogWorker (SegmentedRaftLogWorker.java:lambda$new$0(132)) - 9ce0b59e-153f-4f41-8aed-492a76d80b48@group-4AD36DEDF59B-SegmentedRaftLogWorker: flushIndex: setUnconditionally 0 -> -1
2019-09-26 21:19:13,780 [pool-27-thread-1] INFO  server.RaftServerConfigKeys (ConfUtils.java:logGet(43)) - raft.server.snapshot.auto.trigger.enabled = true (custom)
2019-09-26 21:19:13,780 [pool-27-thread-1] INFO  server.RaftServerConfigKeys (ConfUtils.java:logGet(43)) - raft.server.snapshot.auto.trigger.threshold = 10000 (custom)
2019-09-26 21:19:13,781 [pool-27-thread-1] INFO  server.RaftServerConfigKeys (ConfUtils.java:logGet(43)) - raft.server.snapshot.retention.num.files = 5 (custom)
2019-09-26 21:19:13,781 [pool-27-thread-1] INFO  server.RaftServerConfigKeys (ConfUtils.java:logGet(43)) - raft.server.retrycache.expirytime = 600000ms (custom)
2019-09-26 21:19:13,782 [pool-27-thread-1] INFO  impl.RaftServerImpl (RaftServerImpl.java:start(185)) - 9ce0b59e-153f-4f41-8aed-492a76d80b48@group-4AD36DEDF59B: start as a follower, conf=-1: [9ce0b59e-153f-4f41-8aed-492a76d80b48:192.168.151.99:34156], old=null
2019-09-26 21:19:13,783 [pool-27-thread-1] INFO  impl.RaftServerImpl (RaftServerImpl.java:setRole(174)) - 9ce0b59e-153f-4f41-8aed-492a76d80b48@group-4AD36DEDF59B: changes role from      null to FOLLOWER at term 0 for startAsFollower
2019-09-26 21:19:13,783 [pool-27-thread-1] INFO  impl.RoleInfo (RoleInfo.java:updateAndGet(143)) - 9ce0b59e-153f-4f41-8aed-492a76d80b48: start FollowerState
2019-09-26 21:19:13,783 [pool-27-thread-1] INFO  util.JmxRegister (JmxRegister.java:tryRegister(44)) - Successfully registered JMX Bean with object name Ratis:service=RaftServer,group=group-4AD36DEDF59B,id=9ce0b59e-153f-4f41-8aed-492a76d80b48
2019-09-26 21:19:13,785 [RatisPipelineUtilsThread] INFO  pipeline.PipelineStateManager (PipelineStateManager.java:addPipeline(56)) - Created pipeline Pipeline[ Id: c91a9a4a-31f9-41a5-8f1b-4ad36dedf59b, Nodes: 9ce0b59e-153f-4f41-8aed-492a76d80b48{ip: 192.168.151.99, host: pr-hdds-1569-g6sp5-2013761785, networkLocation: /default-rack, certSerialId: null}, Type:RATIS, Factor:ONE, State:OPEN]
2019-09-26 21:19:13,790 [grpc-default-executor-2] INFO  impl.RaftServerProxy (RaftServerProxy.java:addNew(89)) - 09112efe-1fad-4539-a04f-c96aef6d2351: addNew group-3345E11CC80E:[09112efe-1fad-4539-a04f-c96aef6d2351:192.168.151.99:45286] returns group-3345E11CC80E:java.util.concurrent.CompletableFuture@a793b83[Not completed]
2019-09-26 21:19:13,791 [pool-47-thread-1] INFO  impl.RaftServerImpl (RaftServerImpl.java:<init>(95)) - 09112efe-1fad-4539-a04f-c96aef6d2351: new RaftServerImpl for group-3345E11CC80E:[09112efe-1fad-4539-a04f-c96aef6d2351:192.168.151.99:45286] with ContainerStateMachine:uninitialized
2019-09-26 21:19:13,791 [pool-47-thread-1] INFO  server.RaftServerConfigKeys (ConfUtils.java:logGet(43)) - raft.server.rpc.timeout.min = 5s (custom)
2019-09-26 21:19:13,791 [pool-47-thread-1] INFO  server.RaftServerConfigKeys (ConfUtils.java:logGet(43)) - raft.server.rpc.timeout.max = 5200ms (custom)
2019-09-26 21:19:13,791 [pool-47-thread-1] INFO  server.RaftServerConfigKeys (ConfUtils.java:logGet(43)) - raft.server.rpcslowness.timeout = 120s (custom)
2019-09-26 21:19:13,791 [pool-47-thread-1] INFO  server.RaftServerConfigKeys (ConfUtils.java:logGet(43)) - raft.server.sleep.deviation.threshold = 300 (default)
2019-09-26 21:19:13,792 [pool-47-thread-1] INFO  server.RaftServerConfigKeys (ConfUtils.java:logGet(43)) - raft.server.log.appender.install.snapshot.enabled = false (custom)
2019-09-26 21:19:13,792 [pool-47-thread-1] INFO  impl.RaftServerImpl (ServerState.java:<init>(103)) - 09112efe-1fad-4539-a04f-c96aef6d2351@group-3345E11CC80E: ConfigurationManager, init=-1: [09112efe-1fad-4539-a04f-c96aef6d2351:192.168.151.99:45286], old=null, confs=<EMPTY_MAP>
2019-09-26 21:19:13,792 [pool-47-thread-1] INFO  server.RaftServerConfigKeys (ConfUtils.java:logGet(43)) - raft.server.storage.dir = [/workdir/hadoop-ozone/ozonefs/target/test-dir/MiniOzoneClusterImpl-5b64906c-d720-4906-b30c-b6d56a2122fd/datanode-2/data/ratis] (custom)
2019-09-26 21:19:13,792 [pool-47-thread-1] INFO  storage.RaftStorageDirectory (RaftStorageDirectory.java:analyzeStorage(246)) - The storage directory /workdir/hadoop-ozone/ozonefs/target/test-dir/MiniOzoneClusterImpl-5b64906c-d720-4906-b30c-b6d56a2122fd/datanode-2/data/ratis/9019d691-bc34-4bd6-8e52-3345e11cc80e does not exist. Creating ...
2019-09-26 21:19:13,817 [pool-47-thread-1] INFO  storage.RaftStorageDirectory (RaftStorageDirectory.java:tryLock(328)) - Lock on /workdir/hadoop-ozone/ozonefs/target/test-dir/MiniOzoneClusterImpl-5b64906c-d720-4906-b30c-b6d56a2122fd/datanode-2/data/ratis/9019d691-bc34-4bd6-8e52-3345e11cc80e/in_use.lock acquired by nodename 10701@pr-hdds-1569-g6sp5-2013761785
2019-09-26 21:19:13,830 [pool-47-thread-1] INFO  storage.RaftStorage (RaftStorage.java:format(72)) - Storage directory /workdir/hadoop-ozone/ozonefs/target/test-dir/MiniOzoneClusterImpl-5b64906c-d720-4906-b30c-b6d56a2122fd/datanode-2/data/ratis/9019d691-bc34-4bd6-8e52-3345e11cc80e has been successfully formatted.
2019-09-26 21:19:13,830 [pool-47-thread-1] INFO  ratis.ContainerStateMachine (ContainerStateMachine.java:loadSnapshot(230)) - group-3345E11CC80E: The snapshot info is null. Setting the last applied indexto:(t:0, i:~)
2019-09-26 21:19:13,831 [pool-47-thread-1] INFO  server.RaftServerConfigKeys (ConfUtils.java:logGet(43)) - raft.server.notification.no-leader.timeout = 120s (custom)
2019-09-26 21:19:13,831 [pool-47-thread-1] INFO  server.RaftServerConfigKeys (ConfUtils.java:logGet(43)) - raft.server.log.use.memory = false (default)
2019-09-26 21:19:13,831 [pool-47-thread-1] INFO  server.RaftServerConfigKeys (ConfUtils.java:logGet(43)) - raft.server.log.purge.gap = 1000000 (custom)
2019-09-26 21:19:13,831 [pool-47-thread-1] INFO  server.RaftServerConfigKeys (ConfUtils.java:logGet(43)) - raft.server.log.appender.buffer.byte-limit = 33554432 (custom)
2019-09-26 21:19:13,831 [pool-47-thread-1] INFO  server.RaftServerConfigKeys (ConfUtils.java:logGet(43)) - raft.server.log.segment.size.max = 1048576 (custom)
2019-09-26 21:19:13,831 [pool-47-thread-1] INFO  server.RaftServerConfigKeys (ConfUtils.java:logGet(43)) - raft.server.log.segment.cache.num.max = 2 (custom)
2019-09-26 21:19:13,831 [pool-47-thread-1] INFO  segmented.SegmentedRaftLogWorker (SegmentedRaftLogWorker.java:<init>(172)) - new 09112efe-1fad-4539-a04f-c96aef6d2351@group-3345E11CC80E-SegmentedRaftLogWorker for RaftStorage:Storage Directory /workdir/hadoop-ozone/ozonefs/target/test-dir/MiniOzoneClusterImpl-5b64906c-d720-4906-b30c-b6d56a2122fd/datanode-2/data/ratis/9019d691-bc34-4bd6-8e52-3345e11cc80e
2019-09-26 21:19:13,831 [pool-47-thread-1] INFO  server.RaftServerConfigKeys (ConfUtils.java:logGet(43)) - raft.server.log.queue.byte-limit = 2147483647 (custom)
2019-09-26 21:19:13,831 [pool-47-thread-1] INFO  server.RaftServerConfigKeys (ConfUtils.java:logGet(43)) - raft.server.log.queue.element-limit = 1024 (custom)
2019-09-26 21:19:13,832 [pool-47-thread-1] INFO  server.RaftServerConfigKeys (ConfUtils.java:logGet(43)) - raft.server.log.segment.size.max = 1048576 (custom)
2019-09-26 21:19:13,832 [pool-47-thread-1] INFO  server.RaftServerConfigKeys (ConfUtils.java:logGet(43)) - raft.server.log.preallocated.size = 16384 (custom)
2019-09-26 21:19:13,832 [pool-47-thread-1] INFO  server.RaftServerConfigKeys (ConfUtils.java:logGet(43)) - raft.server.log.write.buffer.size = 33554432 (custom)
2019-09-26 21:19:13,832 [pool-47-thread-1] INFO  server.RaftServerConfigKeys (ConfUtils.java:logGet(43)) - raft.server.log.force.sync.num = 128 (default)
2019-09-26 21:19:13,832 [pool-47-thread-1] INFO  server.RaftServerConfigKeys (ConfUtils.java:logGet(43)) - raft.server.log.statemachine.data.sync = true (default)
2019-09-26 21:19:13,832 [pool-47-thread-1] INFO  server.RaftServerConfigKeys (ConfUtils.java:logGet(43)) - raft.server.log.statemachine.data.sync.timeout = 10s (default)
2019-09-26 21:19:13,832 [pool-47-thread-1] INFO  server.RaftServerConfigKeys (ConfUtils.java:logGet(43)) - raft.server.log.statemachine.data.sync.timeout.retry = -1 (default)
2019-09-26 21:19:13,832 [pool-47-thread-1] INFO  server.RaftServerConfigKeys (ConfUtils.java:logGet(43)) - raft.server.log.statemachine.data.caching.enabled = true (custom)
2019-09-26 21:19:13,833 [pool-47-thread-1] INFO  segmented.SegmentedRaftLogWorker (SegmentedRaftLogWorker.java:lambda$new$0(132)) - 09112efe-1fad-4539-a04f-c96aef6d2351@group-3345E11CC80E-SegmentedRaftLogWorker: flushIndex: setUnconditionally 0 -> -1
2019-09-26 21:19:13,833 [pool-47-thread-1] INFO  server.RaftServerConfigKeys (ConfUtils.java:logGet(43)) - raft.server.snapshot.auto.trigger.enabled = true (custom)
2019-09-26 21:19:13,833 [pool-47-thread-1] INFO  server.RaftServerConfigKeys (ConfUtils.java:logGet(43)) - raft.server.snapshot.auto.trigger.threshold = 10000 (custom)
2019-09-26 21:19:13,833 [pool-47-thread-1] INFO  server.RaftServerConfigKeys (ConfUtils.java:logGet(43)) - raft.server.snapshot.retention.num.files = 5 (custom)
2019-09-26 21:19:13,833 [pool-47-thread-1] INFO  server.RaftServerConfigKeys (ConfUtils.java:logGet(43)) - raft.server.retrycache.expirytime = 600000ms (custom)
2019-09-26 21:19:13,835 [pool-47-thread-1] INFO  impl.RaftServerImpl (RaftServerImpl.java:start(185)) - 09112efe-1fad-4539-a04f-c96aef6d2351@group-3345E11CC80E: start as a follower, conf=-1: [09112efe-1fad-4539-a04f-c96aef6d2351:192.168.151.99:45286], old=null
2019-09-26 21:19:13,836 [pool-47-thread-1] INFO  impl.RaftServerImpl (RaftServerImpl.java:setRole(174)) - 09112efe-1fad-4539-a04f-c96aef6d2351@group-3345E11CC80E: changes role from      null to FOLLOWER at term 0 for startAsFollower
2019-09-26 21:19:13,836 [pool-47-thread-1] INFO  impl.RoleInfo (RoleInfo.java:updateAndGet(143)) - 09112efe-1fad-4539-a04f-c96aef6d2351: start FollowerState
2019-09-26 21:19:13,836 [pool-47-thread-1] INFO  util.JmxRegister (JmxRegister.java:tryRegister(44)) - Successfully registered JMX Bean with object name Ratis:service=RaftServer,group=group-3345E11CC80E,id=09112efe-1fad-4539-a04f-c96aef6d2351
2019-09-26 21:19:13,839 [RatisPipelineUtilsThread] INFO  pipeline.PipelineStateManager (PipelineStateManager.java:addPipeline(56)) - Created pipeline Pipeline[ Id: 9019d691-bc34-4bd6-8e52-3345e11cc80e, Nodes: 09112efe-1fad-4539-a04f-c96aef6d2351{ip: 192.168.151.99, host: pr-hdds-1569-g6sp5-2013761785, networkLocation: /default-rack, certSerialId: null}, Type:RATIS, Factor:ONE, State:OPEN]
2019-09-26 21:19:13,844 [grpc-default-executor-2] INFO  impl.RaftServerProxy (RaftServerProxy.java:addNew(89)) - 9ce0b59e-153f-4f41-8aed-492a76d80b48: addNew group-89E64784085E:[9ce0b59e-153f-4f41-8aed-492a76d80b48:192.168.151.99:34156] returns group-89E64784085E:java.util.concurrent.CompletableFuture@72642b1a[Not completed]
2019-09-26 21:19:13,845 [pool-27-thread-1] INFO  impl.RaftServerImpl (RaftServerImpl.java:<init>(95)) - 9ce0b59e-153f-4f41-8aed-492a76d80b48: new RaftServerImpl for group-89E64784085E:[9ce0b59e-153f-4f41-8aed-492a76d80b48:192.168.151.99:34156] with ContainerStateMachine:uninitialized
2019-09-26 21:19:13,845 [pool-27-thread-1] INFO  server.RaftServerConfigKeys (ConfUtils.java:logGet(43)) - raft.server.rpc.timeout.min = 5s (custom)
2019-09-26 21:19:13,845 [pool-27-thread-1] INFO  server.RaftServerConfigKeys (ConfUtils.java:logGet(43)) - raft.server.rpc.timeout.max = 5200ms (custom)
2019-09-26 21:19:13,845 [pool-27-thread-1] INFO  server.RaftServerConfigKeys (ConfUtils.java:logGet(43)) - raft.server.rpcslowness.timeout = 120s (custom)
2019-09-26 21:19:13,845 [pool-27-thread-1] INFO  server.RaftServerConfigKeys (ConfUtils.java:logGet(43)) - raft.server.sleep.deviation.threshold = 300 (default)
2019-09-26 21:19:13,845 [pool-27-thread-1] INFO  server.RaftServerConfigKeys (ConfUtils.java:logGet(43)) - raft.server.log.appender.install.snapshot.enabled = false (custom)
2019-09-26 21:19:13,846 [pool-27-thread-1] INFO  impl.RaftServerImpl (ServerState.java:<init>(103)) - 9ce0b59e-153f-4f41-8aed-492a76d80b48@group-89E64784085E: ConfigurationManager, init=-1: [9ce0b59e-153f-4f41-8aed-492a76d80b48:192.168.151.99:34156], old=null, confs=<EMPTY_MAP>
2019-09-26 21:19:13,846 [pool-27-thread-1] INFO  server.RaftServerConfigKeys (ConfUtils.java:logGet(43)) - raft.server.storage.dir = [/workdir/hadoop-ozone/ozonefs/target/test-dir/MiniOzoneClusterImpl-5b64906c-d720-4906-b30c-b6d56a2122fd/datanode-0/data/ratis] (custom)
2019-09-26 21:19:13,847 [pool-27-thread-1] INFO  storage.RaftStorageDirectory (RaftStorageDirectory.java:analyzeStorage(246)) - The storage directory /workdir/hadoop-ozone/ozonefs/target/test-dir/MiniOzoneClusterImpl-5b64906c-d720-4906-b30c-b6d56a2122fd/datanode-0/data/ratis/f87f3826-0cab-4da2-9ac5-89e64784085e does not exist. Creating ...
2019-09-26 21:19:13,859 [pool-27-thread-1] INFO  storage.RaftStorageDirectory (RaftStorageDirectory.java:tryLock(328)) - Lock on /workdir/hadoop-ozone/ozonefs/target/test-dir/MiniOzoneClusterImpl-5b64906c-d720-4906-b30c-b6d56a2122fd/datanode-0/data/ratis/f87f3826-0cab-4da2-9ac5-89e64784085e/in_use.lock acquired by nodename 10701@pr-hdds-1569-g6sp5-2013761785
2019-09-26 21:19:13,872 [pool-27-thread-1] INFO  storage.RaftStorage (RaftStorage.java:format(72)) - Storage directory /workdir/hadoop-ozone/ozonefs/target/test-dir/MiniOzoneClusterImpl-5b64906c-d720-4906-b30c-b6d56a2122fd/datanode-0/data/ratis/f87f3826-0cab-4da2-9ac5-89e64784085e has been successfully formatted.
2019-09-26 21:19:13,872 [pool-27-thread-1] INFO  ratis.ContainerStateMachine (ContainerStateMachine.java:loadSnapshot(230)) - group-89E64784085E: The snapshot info is null. Setting the last applied indexto:(t:0, i:~)
2019-09-26 21:19:13,873 [pool-27-thread-1] INFO  server.RaftServerConfigKeys (ConfUtils.java:logGet(43)) - raft.server.notification.no-leader.timeout = 120s (custom)
2019-09-26 21:19:13,873 [pool-27-thread-1] INFO  server.RaftServerConfigKeys (ConfUtils.java:logGet(43)) - raft.server.log.use.memory = false (default)
2019-09-26 21:19:13,873 [pool-27-thread-1] INFO  server.RaftServerConfigKeys (ConfUtils.java:logGet(43)) - raft.server.log.purge.gap = 1000000 (custom)
2019-09-26 21:19:13,873 [pool-27-thread-1] INFO  server.RaftServerConfigKeys (ConfUtils.java:logGet(43)) - raft.server.log.appender.buffer.byte-limit = 33554432 (custom)
2019-09-26 21:19:13,873 [pool-27-thread-1] INFO  server.RaftServerConfigKeys (ConfUtils.java:logGet(43)) - raft.server.log.segment.size.max = 1048576 (custom)
2019-09-26 21:19:13,873 [pool-27-thread-1] INFO  server.RaftServerConfigKeys (ConfUtils.java:logGet(43)) - raft.server.log.segment.cache.num.max = 2 (custom)
2019-09-26 21:19:13,873 [pool-27-thread-1] INFO  segmented.SegmentedRaftLogWorker (SegmentedRaftLogWorker.java:<init>(172)) - new 9ce0b59e-153f-4f41-8aed-492a76d80b48@group-89E64784085E-SegmentedRaftLogWorker for RaftStorage:Storage Directory /workdir/hadoop-ozone/ozonefs/target/test-dir/MiniOzoneClusterImpl-5b64906c-d720-4906-b30c-b6d56a2122fd/datanode-0/data/ratis/f87f3826-0cab-4da2-9ac5-89e64784085e
2019-09-26 21:19:13,873 [pool-27-thread-1] INFO  server.RaftServerConfigKeys (ConfUtils.java:logGet(43)) - raft.server.log.queue.byte-limit = 2147483647 (custom)
2019-09-26 21:19:13,874 [pool-27-thread-1] INFO  server.RaftServerConfigKeys (ConfUtils.java:logGet(43)) - raft.server.log.queue.element-limit = 1024 (custom)
2019-09-26 21:19:13,874 [pool-27-thread-1] INFO  server.RaftServerConfigKeys (ConfUtils.java:logGet(43)) - raft.server.log.segment.size.max = 1048576 (custom)
2019-09-26 21:19:13,874 [pool-27-thread-1] INFO  server.RaftServerConfigKeys (ConfUtils.java:logGet(43)) - raft.server.log.preallocated.size = 16384 (custom)
2019-09-26 21:19:13,874 [pool-27-thread-1] INFO  server.RaftServerConfigKeys (ConfUtils.java:logGet(43)) - raft.server.log.write.buffer.size = 33554432 (custom)
2019-09-26 21:19:13,874 [pool-27-thread-1] INFO  server.RaftServerConfigKeys (ConfUtils.java:logGet(43)) - raft.server.log.force.sync.num = 128 (default)
2019-09-26 21:19:13,874 [pool-27-thread-1] INFO  server.RaftServerConfigKeys (ConfUtils.java:logGet(43)) - raft.server.log.statemachine.data.sync = true (default)
2019-09-26 21:19:13,874 [pool-27-thread-1] INFO  server.RaftServerConfigKeys (ConfUtils.java:logGet(43)) - raft.server.log.statemachine.data.sync.timeout = 10s (default)
2019-09-26 21:19:13,874 [pool-27-thread-1] INFO  server.RaftServerConfigKeys (ConfUtils.java:logGet(43)) - raft.server.log.statemachine.data.sync.timeout.retry = -1 (default)
2019-09-26 21:19:13,875 [pool-27-thread-1] INFO  server.RaftServerConfigKeys (ConfUtils.java:logGet(43)) - raft.server.log.statemachine.data.caching.enabled = true (custom)
2019-09-26 21:19:13,875 [pool-27-thread-1] INFO  segmented.SegmentedRaftLogWorker (SegmentedRaftLogWorker.java:lambda$new$0(132)) - 9ce0b59e-153f-4f41-8aed-492a76d80b48@group-89E64784085E-SegmentedRaftLogWorker: flushIndex: setUnconditionally 0 -> -1
2019-09-26 21:19:13,875 [pool-27-thread-1] INFO  server.RaftServerConfigKeys (ConfUtils.java:logGet(43)) - raft.server.snapshot.auto.trigger.enabled = true (custom)
2019-09-26 21:19:13,876 [pool-27-thread-1] INFO  server.RaftServerConfigKeys (ConfUtils.java:logGet(43)) - raft.server.snapshot.auto.trigger.threshold = 10000 (custom)
2019-09-26 21:19:13,876 [pool-27-thread-1] INFO  server.RaftServerConfigKeys (ConfUtils.java:logGet(43)) - raft.server.snapshot.retention.num.files = 5 (custom)
2019-09-26 21:19:13,876 [pool-27-thread-1] INFO  server.RaftServerConfigKeys (ConfUtils.java:logGet(43)) - raft.server.retrycache.expirytime = 600000ms (custom)
2019-09-26 21:19:13,881 [pool-27-thread-1] INFO  impl.RaftServerImpl (RaftServerImpl.java:start(185)) - 9ce0b59e-153f-4f41-8aed-492a76d80b48@group-89E64784085E: start as a follower, conf=-1: [9ce0b59e-153f-4f41-8aed-492a76d80b48:192.168.151.99:34156], old=null
2019-09-26 21:19:13,881 [pool-27-thread-1] INFO  impl.RaftServerImpl (RaftServerImpl.java:setRole(174)) - 9ce0b59e-153f-4f41-8aed-492a76d80b48@group-89E64784085E: changes role from      null to FOLLOWER at term 0 for startAsFollower
2019-09-26 21:19:13,881 [pool-27-thread-1] INFO  impl.RoleInfo (RoleInfo.java:updateAndGet(143)) - 9ce0b59e-153f-4f41-8aed-492a76d80b48: start FollowerState
2019-09-26 21:19:13,882 [pool-27-thread-1] INFO  util.JmxRegister (JmxRegister.java:tryRegister(44)) - Successfully registered JMX Bean with object name Ratis:service=RaftServer,group=group-89E64784085E,id=9ce0b59e-153f-4f41-8aed-492a76d80b48
2019-09-26 21:19:13,884 [RatisPipelineUtilsThread] INFO  pipeline.PipelineStateManager (PipelineStateManager.java:addPipeline(56)) - Created pipeline Pipeline[ Id: f87f3826-0cab-4da2-9ac5-89e64784085e, Nodes: 9ce0b59e-153f-4f41-8aed-492a76d80b48{ip: 192.168.151.99, host: pr-hdds-1569-g6sp5-2013761785, networkLocation: /default-rack, certSerialId: null}, Type:RATIS, Factor:ONE, State:OPEN]
2019-09-26 21:19:13,889 [grpc-default-executor-2] INFO  impl.RaftServerProxy (RaftServerProxy.java:addNew(89)) - 1178c3ae-d0b4-4d44-b144-fe8504cc41ac: addNew group-51A2D4D8C13B:[1178c3ae-d0b4-4d44-b144-fe8504cc41ac:192.168.151.99:33787] returns group-51A2D4D8C13B:java.util.concurrent.CompletableFuture@790820c6[Not completed]
2019-09-26 21:19:13,890 [pool-37-thread-1] INFO  impl.RaftServerImpl (RaftServerImpl.java:<init>(95)) - 1178c3ae-d0b4-4d44-b144-fe8504cc41ac: new RaftServerImpl for group-51A2D4D8C13B:[1178c3ae-d0b4-4d44-b144-fe8504cc41ac:192.168.151.99:33787] with ContainerStateMachine:uninitialized
2019-09-26 21:19:13,890 [pool-37-thread-1] INFO  server.RaftServerConfigKeys (ConfUtils.java:logGet(43)) - raft.server.rpc.timeout.min = 5s (custom)
2019-09-26 21:19:13,890 [pool-37-thread-1] INFO  server.RaftServerConfigKeys (ConfUtils.java:logGet(43)) - raft.server.rpc.timeout.max = 5200ms (custom)
2019-09-26 21:19:13,890 [pool-37-thread-1] INFO  server.RaftServerConfigKeys (ConfUtils.java:logGet(43)) - raft.server.rpcslowness.timeout = 120s (custom)
2019-09-26 21:19:13,890 [pool-37-thread-1] INFO  server.RaftServerConfigKeys (ConfUtils.java:logGet(43)) - raft.server.sleep.deviation.threshold = 300 (default)
2019-09-26 21:19:13,890 [pool-37-thread-1] INFO  server.RaftServerConfigKeys (ConfUtils.java:logGet(43)) - raft.server.log.appender.install.snapshot.enabled = false (custom)
2019-09-26 21:19:13,890 [pool-37-thread-1] INFO  impl.RaftServerImpl (ServerState.java:<init>(103)) - 1178c3ae-d0b4-4d44-b144-fe8504cc41ac@group-51A2D4D8C13B: ConfigurationManager, init=-1: [1178c3ae-d0b4-4d44-b144-fe8504cc41ac:192.168.151.99:33787], old=null, confs=<EMPTY_MAP>
2019-09-26 21:19:13,890 [pool-37-thread-1] INFO  server.RaftServerConfigKeys (ConfUtils.java:logGet(43)) - raft.server.storage.dir = [/workdir/hadoop-ozone/ozonefs/target/test-dir/MiniOzoneClusterImpl-5b64906c-d720-4906-b30c-b6d56a2122fd/datanode-1/data/ratis] (custom)
2019-09-26 21:19:13,891 [pool-37-thread-1] INFO  storage.RaftStorageDirectory (RaftStorageDirectory.java:analyzeStorage(246)) - The storage directory /workdir/hadoop-ozone/ozonefs/target/test-dir/MiniOzoneClusterImpl-5b64906c-d720-4906-b30c-b6d56a2122fd/datanode-1/data/ratis/ee0e7174-c707-47aa-913f-51a2d4d8c13b does not exist. Creating ...
2019-09-26 21:19:13,904 [pool-37-thread-1] INFO  storage.RaftStorageDirectory (RaftStorageDirectory.java:tryLock(328)) - Lock on /workdir/hadoop-ozone/ozonefs/target/test-dir/MiniOzoneClusterImpl-5b64906c-d720-4906-b30c-b6d56a2122fd/datanode-1/data/ratis/ee0e7174-c707-47aa-913f-51a2d4d8c13b/in_use.lock acquired by nodename 10701@pr-hdds-1569-g6sp5-2013761785
2019-09-26 21:19:13,917 [pool-37-thread-1] INFO  storage.RaftStorage (RaftStorage.java:format(72)) - Storage directory /workdir/hadoop-ozone/ozonefs/target/test-dir/MiniOzoneClusterImpl-5b64906c-d720-4906-b30c-b6d56a2122fd/datanode-1/data/ratis/ee0e7174-c707-47aa-913f-51a2d4d8c13b has been successfully formatted.
2019-09-26 21:19:13,917 [pool-37-thread-1] INFO  ratis.ContainerStateMachine (ContainerStateMachine.java:loadSnapshot(230)) - group-51A2D4D8C13B: The snapshot info is null. Setting the last applied indexto:(t:0, i:~)
2019-09-26 21:19:13,917 [pool-37-thread-1] INFO  server.RaftServerConfigKeys (ConfUtils.java:logGet(43)) - raft.server.notification.no-leader.timeout = 120s (custom)
2019-09-26 21:19:13,917 [pool-37-thread-1] INFO  server.RaftServerConfigKeys (ConfUtils.java:logGet(43)) - raft.server.log.use.memory = false (default)
2019-09-26 21:19:13,917 [pool-37-thread-1] INFO  server.RaftServerConfigKeys (ConfUtils.java:logGet(43)) - raft.server.log.purge.gap = 1000000 (custom)
2019-09-26 21:19:13,917 [pool-37-thread-1] INFO  server.RaftServerConfigKeys (ConfUtils.java:logGet(43)) - raft.server.log.appender.buffer.byte-limit = 33554432 (custom)
2019-09-26 21:19:13,918 [pool-37-thread-1] INFO  server.RaftServerConfigKeys (ConfUtils.java:logGet(43)) - raft.server.log.segment.size.max = 1048576 (custom)
2019-09-26 21:19:13,918 [pool-37-thread-1] INFO  server.RaftServerConfigKeys (ConfUtils.java:logGet(43)) - raft.server.log.segment.cache.num.max = 2 (custom)
2019-09-26 21:19:13,918 [pool-37-thread-1] INFO  segmented.SegmentedRaftLogWorker (SegmentedRaftLogWorker.java:<init>(172)) - new 1178c3ae-d0b4-4d44-b144-fe8504cc41ac@group-51A2D4D8C13B-SegmentedRaftLogWorker for RaftStorage:Storage Directory /workdir/hadoop-ozone/ozonefs/target/test-dir/MiniOzoneClusterImpl-5b64906c-d720-4906-b30c-b6d56a2122fd/datanode-1/data/ratis/ee0e7174-c707-47aa-913f-51a2d4d8c13b
2019-09-26 21:19:13,918 [pool-37-thread-1] INFO  server.RaftServerConfigKeys (ConfUtils.java:logGet(43)) - raft.server.log.queue.byte-limit = 2147483647 (custom)
2019-09-26 21:19:13,918 [pool-37-thread-1] INFO  server.RaftServerConfigKeys (ConfUtils.java:logGet(43)) - raft.server.log.queue.element-limit = 1024 (custom)
2019-09-26 21:19:13,918 [pool-37-thread-1] INFO  server.RaftServerConfigKeys (ConfUtils.java:logGet(43)) - raft.server.log.segment.size.max = 1048576 (custom)
2019-09-26 21:19:13,918 [pool-37-thread-1] INFO  server.RaftServerConfigKeys (ConfUtils.java:logGet(43)) - raft.server.log.preallocated.size = 16384 (custom)
2019-09-26 21:19:13,919 [pool-37-thread-1] INFO  server.RaftServerConfigKeys (ConfUtils.java:logGet(43)) - raft.server.log.write.buffer.size = 33554432 (custom)
2019-09-26 21:19:13,919 [pool-37-thread-1] INFO  server.RaftServerConfigKeys (ConfUtils.java:logGet(43)) - raft.server.log.force.sync.num = 128 (default)
2019-09-26 21:19:13,919 [pool-37-thread-1] INFO  server.RaftServerConfigKeys (ConfUtils.java:logGet(43)) - raft.server.log.statemachine.data.sync = true (default)
2019-09-26 21:19:13,919 [pool-37-thread-1] INFO  server.RaftServerConfigKeys (ConfUtils.java:logGet(43)) - raft.server.log.statemachine.data.sync.timeout = 10s (default)
2019-09-26 21:19:13,919 [pool-37-thread-1] INFO  server.RaftServerConfigKeys (ConfUtils.java:logGet(43)) - raft.server.log.statemachine.data.sync.timeout.retry = -1 (default)
2019-09-26 21:19:13,919 [pool-37-thread-1] INFO  server.RaftServerConfigKeys (ConfUtils.java:logGet(43)) - raft.server.log.statemachine.data.caching.enabled = true (custom)
2019-09-26 21:19:13,920 [pool-37-thread-1] INFO  segmented.SegmentedRaftLogWorker (SegmentedRaftLogWorker.java:lambda$new$0(132)) - 1178c3ae-d0b4-4d44-b144-fe8504cc41ac@group-51A2D4D8C13B-SegmentedRaftLogWorker: flushIndex: setUnconditionally 0 -> -1
2019-09-26 21:19:13,920 [pool-37-thread-1] INFO  server.RaftServerConfigKeys (ConfUtils.java:logGet(43)) - raft.server.snapshot.auto.trigger.enabled = true (custom)
2019-09-26 21:19:13,920 [pool-37-thread-1] INFO  server.RaftServerConfigKeys (ConfUtils.java:logGet(43)) - raft.server.snapshot.auto.trigger.threshold = 10000 (custom)
2019-09-26 21:19:13,920 [pool-37-thread-1] INFO  server.RaftServerConfigKeys (ConfUtils.java:logGet(43)) - raft.server.snapshot.retention.num.files = 5 (custom)
2019-09-26 21:19:13,920 [pool-37-thread-1] INFO  server.RaftServerConfigKeys (ConfUtils.java:logGet(43)) - raft.server.retrycache.expirytime = 600000ms (custom)
2019-09-26 21:19:13,922 [pool-37-thread-1] INFO  impl.RaftServerImpl (RaftServerImpl.java:start(185)) - 1178c3ae-d0b4-4d44-b144-fe8504cc41ac@group-51A2D4D8C13B: start as a follower, conf=-1: [1178c3ae-d0b4-4d44-b144-fe8504cc41ac:192.168.151.99:33787], old=null
2019-09-26 21:19:13,922 [pool-37-thread-1] INFO  impl.RaftServerImpl (RaftServerImpl.java:setRole(174)) - 1178c3ae-d0b4-4d44-b144-fe8504cc41ac@group-51A2D4D8C13B: changes role from      null to FOLLOWER at term 0 for startAsFollower
2019-09-26 21:19:13,922 [pool-37-thread-1] INFO  impl.RoleInfo (RoleInfo.java:updateAndGet(143)) - 1178c3ae-d0b4-4d44-b144-fe8504cc41ac: start FollowerState
2019-09-26 21:19:13,923 [pool-37-thread-1] INFO  util.JmxRegister (JmxRegister.java:tryRegister(44)) - Successfully registered JMX Bean with object name Ratis:service=RaftServer,group=group-51A2D4D8C13B,id=1178c3ae-d0b4-4d44-b144-fe8504cc41ac
2019-09-26 21:19:13,925 [RatisPipelineUtilsThread] INFO  pipeline.PipelineStateManager (PipelineStateManager.java:addPipeline(56)) - Created pipeline Pipeline[ Id: ee0e7174-c707-47aa-913f-51a2d4d8c13b, Nodes: 1178c3ae-d0b4-4d44-b144-fe8504cc41ac{ip: 192.168.151.99, host: pr-hdds-1569-g6sp5-2013761785, networkLocation: /default-rack, certSerialId: null}, Type:RATIS, Factor:ONE, State:OPEN]
2019-09-26 21:19:13,929 [grpc-default-executor-2] INFO  impl.RaftServerProxy (RaftServerProxy.java:addNew(89)) - da833d8d-e72a-4068-9560-4daa2d83adc2: addNew group-BB2190CB963E:[da833d8d-e72a-4068-9560-4daa2d83adc2:192.168.151.99:38903] returns group-BB2190CB963E:java.util.concurrent.CompletableFuture@76c5d045[Not completed]
2019-09-26 21:19:13,930 [pool-67-thread-1] INFO  impl.RaftServerImpl (RaftServerImpl.java:<init>(95)) - da833d8d-e72a-4068-9560-4daa2d83adc2: new RaftServerImpl for group-BB2190CB963E:[da833d8d-e72a-4068-9560-4daa2d83adc2:192.168.151.99:38903] with ContainerStateMachine:uninitialized
2019-09-26 21:19:13,930 [pool-67-thread-1] INFO  server.RaftServerConfigKeys (ConfUtils.java:logGet(43)) - raft.server.rpc.timeout.min = 5s (custom)
2019-09-26 21:19:13,930 [pool-67-thread-1] INFO  server.RaftServerConfigKeys (ConfUtils.java:logGet(43)) - raft.server.rpc.timeout.max = 5200ms (custom)
2019-09-26 21:19:13,930 [pool-67-thread-1] INFO  server.RaftServerConfigKeys (ConfUtils.java:logGet(43)) - raft.server.rpcslowness.timeout = 120s (custom)
2019-09-26 21:19:13,930 [pool-67-thread-1] INFO  server.RaftServerConfigKeys (ConfUtils.java:logGet(43)) - raft.server.sleep.deviation.threshold = 300 (default)
2019-09-26 21:19:13,930 [pool-67-thread-1] INFO  server.RaftServerConfigKeys (ConfUtils.java:logGet(43)) - raft.server.log.appender.install.snapshot.enabled = false (custom)
2019-09-26 21:19:13,930 [pool-67-thread-1] INFO  impl.RaftServerImpl (ServerState.java:<init>(103)) - da833d8d-e72a-4068-9560-4daa2d83adc2@group-BB2190CB963E: ConfigurationManager, init=-1: [da833d8d-e72a-4068-9560-4daa2d83adc2:192.168.151.99:38903], old=null, confs=<EMPTY_MAP>
2019-09-26 21:19:13,931 [pool-67-thread-1] INFO  server.RaftServerConfigKeys (ConfUtils.java:logGet(43)) - raft.server.storage.dir = [/workdir/hadoop-ozone/ozonefs/target/test-dir/MiniOzoneClusterImpl-5b64906c-d720-4906-b30c-b6d56a2122fd/datanode-4/data/ratis] (custom)
2019-09-26 21:19:13,931 [pool-67-thread-1] INFO  storage.RaftStorageDirectory (RaftStorageDirectory.java:analyzeStorage(246)) - The storage directory /workdir/hadoop-ozone/ozonefs/target/test-dir/MiniOzoneClusterImpl-5b64906c-d720-4906-b30c-b6d56a2122fd/datanode-4/data/ratis/bb38d344-b7f3-4435-922d-bb2190cb963e does not exist. Creating ...
2019-09-26 21:19:13,944 [pool-67-thread-1] INFO  storage.RaftStorageDirectory (RaftStorageDirectory.java:tryLock(328)) - Lock on /workdir/hadoop-ozone/ozonefs/target/test-dir/MiniOzoneClusterImpl-5b64906c-d720-4906-b30c-b6d56a2122fd/datanode-4/data/ratis/bb38d344-b7f3-4435-922d-bb2190cb963e/in_use.lock acquired by nodename 10701@pr-hdds-1569-g6sp5-2013761785
2019-09-26 21:19:13,957 [pool-67-thread-1] INFO  storage.RaftStorage (RaftStorage.java:format(72)) - Storage directory /workdir/hadoop-ozone/ozonefs/target/test-dir/MiniOzoneClusterImpl-5b64906c-d720-4906-b30c-b6d56a2122fd/datanode-4/data/ratis/bb38d344-b7f3-4435-922d-bb2190cb963e has been successfully formatted.
2019-09-26 21:19:13,958 [pool-67-thread-1] INFO  ratis.ContainerStateMachine (ContainerStateMachine.java:loadSnapshot(230)) - group-BB2190CB963E: The snapshot info is null. Setting the last applied indexto:(t:0, i:~)
2019-09-26 21:19:13,958 [pool-67-thread-1] INFO  server.RaftServerConfigKeys (ConfUtils.java:logGet(43)) - raft.server.notification.no-leader.timeout = 120s (custom)
2019-09-26 21:19:13,958 [pool-67-thread-1] INFO  server.RaftServerConfigKeys (ConfUtils.java:logGet(43)) - raft.server.log.use.memory = false (default)
2019-09-26 21:19:13,958 [pool-67-thread-1] INFO  server.RaftServerConfigKeys (ConfUtils.java:logGet(43)) - raft.server.log.purge.gap = 1000000 (custom)
2019-09-26 21:19:13,958 [pool-67-thread-1] INFO  server.RaftServerConfigKeys (ConfUtils.java:logGet(43)) - raft.server.log.appender.buffer.byte-limit = 33554432 (custom)
2019-09-26 21:19:13,958 [pool-67-thread-1] INFO  server.RaftServerConfigKeys (ConfUtils.java:logGet(43)) - raft.server.log.segment.size.max = 1048576 (custom)
2019-09-26 21:19:13,958 [pool-67-thread-1] INFO  server.RaftServerConfigKeys (ConfUtils.java:logGet(43)) - raft.server.log.segment.cache.num.max = 2 (custom)
2019-09-26 21:19:13,959 [pool-67-thread-1] INFO  segmented.SegmentedRaftLogWorker (SegmentedRaftLogWorker.java:<init>(172)) - new da833d8d-e72a-4068-9560-4daa2d83adc2@group-BB2190CB963E-SegmentedRaftLogWorker for RaftStorage:Storage Directory /workdir/hadoop-ozone/ozonefs/target/test-dir/MiniOzoneClusterImpl-5b64906c-d720-4906-b30c-b6d56a2122fd/datanode-4/data/ratis/bb38d344-b7f3-4435-922d-bb2190cb963e
2019-09-26 21:19:13,959 [pool-67-thread-1] INFO  server.RaftServerConfigKeys (ConfUtils.java:logGet(43)) - raft.server.log.queue.byte-limit = 2147483647 (custom)
2019-09-26 21:19:13,959 [pool-67-thread-1] INFO  server.RaftServerConfigKeys (ConfUtils.java:logGet(43)) - raft.server.log.queue.element-limit = 1024 (custom)
2019-09-26 21:19:13,959 [pool-67-thread-1] INFO  server.RaftServerConfigKeys (ConfUtils.java:logGet(43)) - raft.server.log.segment.size.max = 1048576 (custom)
2019-09-26 21:19:13,959 [pool-67-thread-1] INFO  server.RaftServerConfigKeys (ConfUtils.java:logGet(43)) - raft.server.log.preallocated.size = 16384 (custom)
2019-09-26 21:19:13,959 [pool-67-thread-1] INFO  server.RaftServerConfigKeys (ConfUtils.java:logGet(43)) - raft.server.log.write.buffer.size = 33554432 (custom)
2019-09-26 21:19:13,959 [pool-67-thread-1] INFO  server.RaftServerConfigKeys (ConfUtils.java:logGet(43)) - raft.server.log.force.sync.num = 128 (default)
2019-09-26 21:19:13,959 [pool-67-thread-1] INFO  server.RaftServerConfigKeys (ConfUtils.java:logGet(43)) - raft.server.log.statemachine.data.sync = true (default)
2019-09-26 21:19:13,959 [pool-67-thread-1] INFO  server.RaftServerConfigKeys (ConfUtils.java:logGet(43)) - raft.server.log.statemachine.data.sync.timeout = 10s (default)
2019-09-26 21:19:13,959 [pool-67-thread-1] INFO  server.RaftServerConfigKeys (ConfUtils.java:logGet(43)) - raft.server.log.statemachine.data.sync.timeout.retry = -1 (default)
2019-09-26 21:19:13,960 [pool-67-thread-1] INFO  server.RaftServerConfigKeys (ConfUtils.java:logGet(43)) - raft.server.log.statemachine.data.caching.enabled = true (custom)
2019-09-26 21:19:13,960 [pool-67-thread-1] INFO  segmented.SegmentedRaftLogWorker (SegmentedRaftLogWorker.java:lambda$new$0(132)) - da833d8d-e72a-4068-9560-4daa2d83adc2@group-BB2190CB963E-SegmentedRaftLogWorker: flushIndex: setUnconditionally 0 -> -1
2019-09-26 21:19:13,960 [pool-67-thread-1] INFO  server.RaftServerConfigKeys (ConfUtils.java:logGet(43)) - raft.server.snapshot.auto.trigger.enabled = true (custom)
2019-09-26 21:19:13,960 [pool-67-thread-1] INFO  server.RaftServerConfigKeys (ConfUtils.java:logGet(43)) - raft.server.snapshot.auto.trigger.threshold = 10000 (custom)
2019-09-26 21:19:13,960 [pool-67-thread-1] INFO  server.RaftServerConfigKeys (ConfUtils.java:logGet(43)) - raft.server.snapshot.retention.num.files = 5 (custom)
2019-09-26 21:19:13,961 [pool-67-thread-1] INFO  server.RaftServerConfigKeys (ConfUtils.java:logGet(43)) - raft.server.retrycache.expirytime = 600000ms (custom)
2019-09-26 21:19:13,962 [pool-67-thread-1] INFO  impl.RaftServerImpl (RaftServerImpl.java:start(185)) - da833d8d-e72a-4068-9560-4daa2d83adc2@group-BB2190CB963E: start as a follower, conf=-1: [da833d8d-e72a-4068-9560-4daa2d83adc2:192.168.151.99:38903], old=null
2019-09-26 21:19:13,962 [pool-67-thread-1] INFO  impl.RaftServerImpl (RaftServerImpl.java:setRole(174)) - da833d8d-e72a-4068-9560-4daa2d83adc2@group-BB2190CB963E: changes role from      null to FOLLOWER at term 0 for startAsFollower
2019-09-26 21:19:13,962 [pool-67-thread-1] INFO  impl.RoleInfo (RoleInfo.java:updateAndGet(143)) - da833d8d-e72a-4068-9560-4daa2d83adc2: start FollowerState
2019-09-26 21:19:13,962 [pool-67-thread-1] INFO  util.JmxRegister (JmxRegister.java:tryRegister(44)) - Successfully registered JMX Bean with object name Ratis:service=RaftServer,group=group-BB2190CB963E,id=da833d8d-e72a-4068-9560-4daa2d83adc2
2019-09-26 21:19:13,964 [RatisPipelineUtilsThread] INFO  pipeline.PipelineStateManager (PipelineStateManager.java:addPipeline(56)) - Created pipeline Pipeline[ Id: bb38d344-b7f3-4435-922d-bb2190cb963e, Nodes: da833d8d-e72a-4068-9560-4daa2d83adc2{ip: 192.168.151.99, host: pr-hdds-1569-g6sp5-2013761785, networkLocation: /default-rack, certSerialId: null}, Type:RATIS, Factor:ONE, State:OPEN]
2019-09-26 21:19:13,969 [grpc-default-executor-2] INFO  impl.RaftServerProxy (RaftServerProxy.java:addNew(89)) - 9ce0b59e-153f-4f41-8aed-492a76d80b48: addNew group-7AF436DBD9FF:[9ce0b59e-153f-4f41-8aed-492a76d80b48:192.168.151.99:34156] returns group-7AF436DBD9FF:java.util.concurrent.CompletableFuture@15b5924[Not completed]
2019-09-26 21:19:13,970 [pool-27-thread-1] INFO  impl.RaftServerImpl (RaftServerImpl.java:<init>(95)) - 9ce0b59e-153f-4f41-8aed-492a76d80b48: new RaftServerImpl for group-7AF436DBD9FF:[9ce0b59e-153f-4f41-8aed-492a76d80b48:192.168.151.99:34156] with ContainerStateMachine:uninitialized
2019-09-26 21:19:13,970 [pool-27-thread-1] INFO  server.RaftServerConfigKeys (ConfUtils.java:logGet(43)) - raft.server.rpc.timeout.min = 5s (custom)
2019-09-26 21:19:13,970 [pool-27-thread-1] INFO  server.RaftServerConfigKeys (ConfUtils.java:logGet(43)) - raft.server.rpc.timeout.max = 5200ms (custom)
2019-09-26 21:19:13,970 [pool-27-thread-1] INFO  server.RaftServerConfigKeys (ConfUtils.java:logGet(43)) - raft.server.rpcslowness.timeout = 120s (custom)
2019-09-26 21:19:13,970 [pool-27-thread-1] INFO  server.RaftServerConfigKeys (ConfUtils.java:logGet(43)) - raft.server.sleep.deviation.threshold = 300 (default)
2019-09-26 21:19:13,970 [pool-27-thread-1] INFO  server.RaftServerConfigKeys (ConfUtils.java:logGet(43)) - raft.server.log.appender.install.snapshot.enabled = false (custom)
2019-09-26 21:19:13,970 [pool-27-thread-1] INFO  impl.RaftServerImpl (ServerState.java:<init>(103)) - 9ce0b59e-153f-4f41-8aed-492a76d80b48@group-7AF436DBD9FF: ConfigurationManager, init=-1: [9ce0b59e-153f-4f41-8aed-492a76d80b48:192.168.151.99:34156], old=null, confs=<EMPTY_MAP>
2019-09-26 21:19:13,971 [pool-27-thread-1] INFO  server.RaftServerConfigKeys (ConfUtils.java:logGet(43)) - raft.server.storage.dir = [/workdir/hadoop-ozone/ozonefs/target/test-dir/MiniOzoneClusterImpl-5b64906c-d720-4906-b30c-b6d56a2122fd/datanode-0/data/ratis] (custom)
2019-09-26 21:19:13,971 [pool-27-thread-1] INFO  storage.RaftStorageDirectory (RaftStorageDirectory.java:analyzeStorage(246)) - The storage directory /workdir/hadoop-ozone/ozonefs/target/test-dir/MiniOzoneClusterImpl-5b64906c-d720-4906-b30c-b6d56a2122fd/datanode-0/data/ratis/156ca50d-527d-4da9-a80f-7af436dbd9ff does not exist. Creating ...
2019-09-26 21:19:13,984 [pool-27-thread-1] INFO  storage.RaftStorageDirectory (RaftStorageDirectory.java:tryLock(328)) - Lock on /workdir/hadoop-ozone/ozonefs/target/test-dir/MiniOzoneClusterImpl-5b64906c-d720-4906-b30c-b6d56a2122fd/datanode-0/data/ratis/156ca50d-527d-4da9-a80f-7af436dbd9ff/in_use.lock acquired by nodename 10701@pr-hdds-1569-g6sp5-2013761785
2019-09-26 21:19:13,987 [pool-27-thread-1] INFO  storage.RaftStorage (RaftStorage.java:format(72)) - Storage directory /workdir/hadoop-ozone/ozonefs/target/test-dir/MiniOzoneClusterImpl-5b64906c-d720-4906-b30c-b6d56a2122fd/datanode-0/data/ratis/156ca50d-527d-4da9-a80f-7af436dbd9ff has been successfully formatted.
2019-09-26 21:19:13,987 [pool-27-thread-1] INFO  ratis.ContainerStateMachine (ContainerStateMachine.java:loadSnapshot(230)) - group-7AF436DBD9FF: The snapshot info is null. Setting the last applied indexto:(t:0, i:~)
2019-09-26 21:19:13,988 [pool-27-thread-1] INFO  server.RaftServerConfigKeys (ConfUtils.java:logGet(43)) - raft.server.notification.no-leader.timeout = 120s (custom)
2019-09-26 21:19:13,988 [pool-27-thread-1] INFO  server.RaftServerConfigKeys (ConfUtils.java:logGet(43)) - raft.server.log.use.memory = false (default)
2019-09-26 21:19:13,988 [pool-27-thread-1] INFO  server.RaftServerConfigKeys (ConfUtils.java:logGet(43)) - raft.server.log.purge.gap = 1000000 (custom)
2019-09-26 21:19:13,988 [pool-27-thread-1] INFO  server.RaftServerConfigKeys (ConfUtils.java:logGet(43)) - raft.server.log.appender.buffer.byte-limit = 33554432 (custom)
2019-09-26 21:19:13,988 [pool-27-thread-1] INFO  server.RaftServerConfigKeys (ConfUtils.java:logGet(43)) - raft.server.log.segment.size.max = 1048576 (custom)
2019-09-26 21:19:13,988 [pool-27-thread-1] INFO  server.RaftServerConfigKeys (ConfUtils.java:logGet(43)) - raft.server.log.segment.cache.num.max = 2 (custom)
2019-09-26 21:19:13,988 [pool-27-thread-1] INFO  segmented.SegmentedRaftLogWorker (SegmentedRaftLogWorker.java:<init>(172)) - new 9ce0b59e-153f-4f41-8aed-492a76d80b48@group-7AF436DBD9FF-SegmentedRaftLogWorker for RaftStorage:Storage Directory /workdir/hadoop-ozone/ozonefs/target/test-dir/MiniOzoneClusterImpl-5b64906c-d720-4906-b30c-b6d56a2122fd/datanode-0/data/ratis/156ca50d-527d-4da9-a80f-7af436dbd9ff
2019-09-26 21:19:13,988 [pool-27-thread-1] INFO  server.RaftServerConfigKeys (ConfUtils.java:logGet(43)) - raft.server.log.queue.byte-limit = 2147483647 (custom)
2019-09-26 21:19:13,989 [pool-27-thread-1] INFO  server.RaftServerConfigKeys (ConfUtils.java:logGet(43)) - raft.server.log.queue.element-limit = 1024 (custom)
2019-09-26 21:19:13,989 [pool-27-thread-1] INFO  server.RaftServerConfigKeys (ConfUtils.java:logGet(43)) - raft.server.log.segment.size.max = 1048576 (custom)
2019-09-26 21:19:13,989 [pool-27-thread-1] INFO  server.RaftServerConfigKeys (ConfUtils.java:logGet(43)) - raft.server.log.preallocated.size = 16384 (custom)
2019-09-26 21:19:13,989 [pool-27-thread-1] INFO  server.RaftServerConfigKeys (ConfUtils.java:logGet(43)) - raft.server.log.write.buffer.size = 33554432 (custom)
2019-09-26 21:19:13,989 [pool-27-thread-1] INFO  server.RaftServerConfigKeys (ConfUtils.java:logGet(43)) - raft.server.log.force.sync.num = 128 (default)
2019-09-26 21:19:13,989 [pool-27-thread-1] INFO  server.RaftServerConfigKeys (ConfUtils.java:logGet(43)) - raft.server.log.statemachine.data.sync = true (default)
2019-09-26 21:19:13,989 [pool-27-thread-1] INFO  server.RaftServerConfigKeys (ConfUtils.java:logGet(43)) - raft.server.log.statemachine.data.sync.timeout = 10s (default)
2019-09-26 21:19:13,989 [pool-27-thread-1] INFO  server.RaftServerConfigKeys (ConfUtils.java:logGet(43)) - raft.server.log.statemachine.data.sync.timeout.retry = -1 (default)
2019-09-26 21:19:13,990 [pool-27-thread-1] INFO  server.RaftServerConfigKeys (ConfUtils.java:logGet(43)) - raft.server.log.statemachine.data.caching.enabled = true (custom)
2019-09-26 21:19:13,990 [pool-27-thread-1] INFO  segmented.SegmentedRaftLogWorker (SegmentedRaftLogWorker.java:lambda$new$0(132)) - 9ce0b59e-153f-4f41-8aed-492a76d80b48@group-7AF436DBD9FF-SegmentedRaftLogWorker: flushIndex: setUnconditionally 0 -> -1
2019-09-26 21:19:13,990 [pool-27-thread-1] INFO  server.RaftServerConfigKeys (ConfUtils.java:logGet(43)) - raft.server.snapshot.auto.trigger.enabled = true (custom)
2019-09-26 21:19:13,990 [pool-27-thread-1] INFO  server.RaftServerConfigKeys (ConfUtils.java:logGet(43)) - raft.server.snapshot.auto.trigger.threshold = 10000 (custom)
2019-09-26 21:19:13,990 [pool-27-thread-1] INFO  server.RaftServerConfigKeys (ConfUtils.java:logGet(43)) - raft.server.snapshot.retention.num.files = 5 (custom)
2019-09-26 21:19:13,991 [pool-27-thread-1] INFO  server.RaftServerConfigKeys (ConfUtils.java:logGet(43)) - raft.server.retrycache.expirytime = 600000ms (custom)
2019-09-26 21:19:13,992 [pool-27-thread-1] INFO  impl.RaftServerImpl (RaftServerImpl.java:start(185)) - 9ce0b59e-153f-4f41-8aed-492a76d80b48@group-7AF436DBD9FF: start as a follower, conf=-1: [9ce0b59e-153f-4f41-8aed-492a76d80b48:192.168.151.99:34156], old=null
2019-09-26 21:19:13,992 [pool-27-thread-1] INFO  impl.RaftServerImpl (RaftServerImpl.java:setRole(174)) - 9ce0b59e-153f-4f41-8aed-492a76d80b48@group-7AF436DBD9FF: changes role from      null to FOLLOWER at term 0 for startAsFollower
2019-09-26 21:19:13,992 [pool-27-thread-1] INFO  impl.RoleInfo (RoleInfo.java:updateAndGet(143)) - 9ce0b59e-153f-4f41-8aed-492a76d80b48: start FollowerState
2019-09-26 21:19:13,993 [pool-27-thread-1] INFO  util.JmxRegister (JmxRegister.java:tryRegister(44)) - Successfully registered JMX Bean with object name Ratis:service=RaftServer,group=group-7AF436DBD9FF,id=9ce0b59e-153f-4f41-8aed-492a76d80b48
2019-09-26 21:19:13,995 [RatisPipelineUtilsThread] INFO  pipeline.PipelineStateManager (PipelineStateManager.java:addPipeline(56)) - Created pipeline Pipeline[ Id: 156ca50d-527d-4da9-a80f-7af436dbd9ff, Nodes: 9ce0b59e-153f-4f41-8aed-492a76d80b48{ip: 192.168.151.99, host: pr-hdds-1569-g6sp5-2013761785, networkLocation: /default-rack, certSerialId: null}, Type:RATIS, Factor:ONE, State:OPEN]
2019-09-26 21:19:13,998 [grpc-default-executor-2] INFO  impl.RaftServerProxy (RaftServerProxy.java:addNew(89)) - 1178c3ae-d0b4-4d44-b144-fe8504cc41ac: addNew group-775FCA086A09:[1178c3ae-d0b4-4d44-b144-fe8504cc41ac:192.168.151.99:33787] returns group-775FCA086A09:java.util.concurrent.CompletableFuture@2c83c12b[Not completed]
2019-09-26 21:19:13,999 [pool-37-thread-1] INFO  impl.RaftServerImpl (RaftServerImpl.java:<init>(95)) - 1178c3ae-d0b4-4d44-b144-fe8504cc41ac: new RaftServerImpl for group-775FCA086A09:[1178c3ae-d0b4-4d44-b144-fe8504cc41ac:192.168.151.99:33787] with ContainerStateMachine:uninitialized
2019-09-26 21:19:13,999 [pool-37-thread-1] INFO  server.RaftServerConfigKeys (ConfUtils.java:logGet(43)) - raft.server.rpc.timeout.min = 5s (custom)
2019-09-26 21:19:14,000 [pool-37-thread-1] INFO  server.RaftServerConfigKeys (ConfUtils.java:logGet(43)) - raft.server.rpc.timeout.max = 5200ms (custom)
2019-09-26 21:19:14,000 [pool-37-thread-1] INFO  server.RaftServerConfigKeys (ConfUtils.java:logGet(43)) - raft.server.rpcslowness.timeout = 120s (custom)
2019-09-26 21:19:14,000 [pool-37-thread-1] INFO  server.RaftServerConfigKeys (ConfUtils.java:logGet(43)) - raft.server.sleep.deviation.threshold = 300 (default)
2019-09-26 21:19:14,000 [pool-37-thread-1] INFO  server.RaftServerConfigKeys (ConfUtils.java:logGet(43)) - raft.server.log.appender.install.snapshot.enabled = false (custom)
2019-09-26 21:19:14,000 [pool-37-thread-1] INFO  impl.RaftServerImpl (ServerState.java:<init>(103)) - 1178c3ae-d0b4-4d44-b144-fe8504cc41ac@group-775FCA086A09: ConfigurationManager, init=-1: [1178c3ae-d0b4-4d44-b144-fe8504cc41ac:192.168.151.99:33787], old=null, confs=<EMPTY_MAP>
2019-09-26 21:19:14,000 [pool-37-thread-1] INFO  server.RaftServerConfigKeys (ConfUtils.java:logGet(43)) - raft.server.storage.dir = [/workdir/hadoop-ozone/ozonefs/target/test-dir/MiniOzoneClusterImpl-5b64906c-d720-4906-b30c-b6d56a2122fd/datanode-1/data/ratis] (custom)
2019-09-26 21:19:14,001 [pool-37-thread-1] INFO  storage.RaftStorageDirectory (RaftStorageDirectory.java:analyzeStorage(246)) - The storage directory /workdir/hadoop-ozone/ozonefs/target/test-dir/MiniOzoneClusterImpl-5b64906c-d720-4906-b30c-b6d56a2122fd/datanode-1/data/ratis/48cdca39-d4b8-482d-a03f-775fca086a09 does not exist. Creating ...
2019-09-26 21:19:14,004 [pool-37-thread-1] INFO  storage.RaftStorageDirectory (RaftStorageDirectory.java:tryLock(328)) - Lock on /workdir/hadoop-ozone/ozonefs/target/test-dir/MiniOzoneClusterImpl-5b64906c-d720-4906-b30c-b6d56a2122fd/datanode-1/data/ratis/48cdca39-d4b8-482d-a03f-775fca086a09/in_use.lock acquired by nodename 10701@pr-hdds-1569-g6sp5-2013761785
2019-09-26 21:19:14,008 [pool-37-thread-1] INFO  storage.RaftStorage (RaftStorage.java:format(72)) - Storage directory /workdir/hadoop-ozone/ozonefs/target/test-dir/MiniOzoneClusterImpl-5b64906c-d720-4906-b30c-b6d56a2122fd/datanode-1/data/ratis/48cdca39-d4b8-482d-a03f-775fca086a09 has been successfully formatted.
2019-09-26 21:19:14,008 [pool-37-thread-1] INFO  ratis.ContainerStateMachine (ContainerStateMachine.java:loadSnapshot(230)) - group-775FCA086A09: The snapshot info is null. Setting the last applied indexto:(t:0, i:~)
2019-09-26 21:19:14,008 [pool-37-thread-1] INFO  server.RaftServerConfigKeys (ConfUtils.java:logGet(43)) - raft.server.notification.no-leader.timeout = 120s (custom)
2019-09-26 21:19:14,008 [pool-37-thread-1] INFO  server.RaftServerConfigKeys (ConfUtils.java:logGet(43)) - raft.server.log.use.memory = false (default)
2019-09-26 21:19:14,008 [pool-37-thread-1] INFO  server.RaftServerConfigKeys (ConfUtils.java:logGet(43)) - raft.server.log.purge.gap = 1000000 (custom)
2019-09-26 21:19:14,009 [pool-37-thread-1] INFO  server.RaftServerConfigKeys (ConfUtils.java:logGet(43)) - raft.server.log.appender.buffer.byte-limit = 33554432 (custom)
2019-09-26 21:19:14,009 [pool-37-thread-1] INFO  server.RaftServerConfigKeys (ConfUtils.java:logGet(43)) - raft.server.log.segment.size.max = 1048576 (custom)
2019-09-26 21:19:14,009 [pool-37-thread-1] INFO  server.RaftServerConfigKeys (ConfUtils.java:logGet(43)) - raft.server.log.segment.cache.num.max = 2 (custom)
2019-09-26 21:19:14,009 [pool-37-thread-1] INFO  segmented.SegmentedRaftLogWorker (SegmentedRaftLogWorker.java:<init>(172)) - new 1178c3ae-d0b4-4d44-b144-fe8504cc41ac@group-775FCA086A09-SegmentedRaftLogWorker for RaftStorage:Storage Directory /workdir/hadoop-ozone/ozonefs/target/test-dir/MiniOzoneClusterImpl-5b64906c-d720-4906-b30c-b6d56a2122fd/datanode-1/data/ratis/48cdca39-d4b8-482d-a03f-775fca086a09
2019-09-26 21:19:14,009 [pool-37-thread-1] INFO  server.RaftServerConfigKeys (ConfUtils.java:logGet(43)) - raft.server.log.queue.byte-limit = 2147483647 (custom)
2019-09-26 21:19:14,009 [pool-37-thread-1] INFO  server.RaftServerConfigKeys (ConfUtils.java:logGet(43)) - raft.server.log.queue.element-limit = 1024 (custom)
2019-09-26 21:19:14,009 [pool-37-thread-1] INFO  server.RaftServerConfigKeys (ConfUtils.java:logGet(43)) - raft.server.log.segment.size.max = 1048576 (custom)
2019-09-26 21:19:14,009 [pool-37-thread-1] INFO  server.RaftServerConfigKeys (ConfUtils.java:logGet(43)) - raft.server.log.preallocated.size = 16384 (custom)
2019-09-26 21:19:14,009 [pool-37-thread-1] INFO  server.RaftServerConfigKeys (ConfUtils.java:logGet(43)) - raft.server.log.write.buffer.size = 33554432 (custom)
2019-09-26 21:19:14,010 [pool-37-thread-1] INFO  server.RaftServerConfigKeys (ConfUtils.java:logGet(43)) - raft.server.log.force.sync.num = 128 (default)
2019-09-26 21:19:14,010 [pool-37-thread-1] INFO  server.RaftServerConfigKeys (ConfUtils.java:logGet(43)) - raft.server.log.statemachine.data.sync = true (default)
2019-09-26 21:19:14,010 [pool-37-thread-1] INFO  server.RaftServerConfigKeys (ConfUtils.java:logGet(43)) - raft.server.log.statemachine.data.sync.timeout = 10s (default)
2019-09-26 21:19:14,010 [pool-37-thread-1] INFO  server.RaftServerConfigKeys (ConfUtils.java:logGet(43)) - raft.server.log.statemachine.data.sync.timeout.retry = -1 (default)
2019-09-26 21:19:14,010 [pool-37-thread-1] INFO  server.RaftServerConfigKeys (ConfUtils.java:logGet(43)) - raft.server.log.statemachine.data.caching.enabled = true (custom)
2019-09-26 21:19:14,010 [pool-37-thread-1] INFO  segmented.SegmentedRaftLogWorker (SegmentedRaftLogWorker.java:lambda$new$0(132)) - 1178c3ae-d0b4-4d44-b144-fe8504cc41ac@group-775FCA086A09-SegmentedRaftLogWorker: flushIndex: setUnconditionally 0 -> -1
2019-09-26 21:19:14,011 [pool-37-thread-1] INFO  server.RaftServerConfigKeys (ConfUtils.java:logGet(43)) - raft.server.snapshot.auto.trigger.enabled = true (custom)
2019-09-26 21:19:14,011 [pool-37-thread-1] INFO  server.RaftServerConfigKeys (ConfUtils.java:logGet(43)) - raft.server.snapshot.auto.trigger.threshold = 10000 (custom)
2019-09-26 21:19:14,011 [pool-37-thread-1] INFO  server.RaftServerConfigKeys (ConfUtils.java:logGet(43)) - raft.server.snapshot.retention.num.files = 5 (custom)
2019-09-26 21:19:14,011 [pool-37-thread-1] INFO  server.RaftServerConfigKeys (ConfUtils.java:logGet(43)) - raft.server.retrycache.expirytime = 600000ms (custom)
2019-09-26 21:19:14,012 [pool-37-thread-1] INFO  impl.RaftServerImpl (RaftServerImpl.java:start(185)) - 1178c3ae-d0b4-4d44-b144-fe8504cc41ac@group-775FCA086A09: start as a follower, conf=-1: [1178c3ae-d0b4-4d44-b144-fe8504cc41ac:192.168.151.99:33787], old=null
2019-09-26 21:19:14,013 [pool-37-thread-1] INFO  impl.RaftServerImpl (RaftServerImpl.java:setRole(174)) - 1178c3ae-d0b4-4d44-b144-fe8504cc41ac@group-775FCA086A09: changes role from      null to FOLLOWER at term 0 for startAsFollower
2019-09-26 21:19:14,013 [pool-37-thread-1] INFO  impl.RoleInfo (RoleInfo.java:updateAndGet(143)) - 1178c3ae-d0b4-4d44-b144-fe8504cc41ac: start FollowerState
2019-09-26 21:19:14,013 [pool-37-thread-1] INFO  util.JmxRegister (JmxRegister.java:tryRegister(44)) - Successfully registered JMX Bean with object name Ratis:service=RaftServer,group=group-775FCA086A09,id=1178c3ae-d0b4-4d44-b144-fe8504cc41ac
2019-09-26 21:19:14,015 [RatisPipelineUtilsThread] INFO  pipeline.PipelineStateManager (PipelineStateManager.java:addPipeline(56)) - Created pipeline Pipeline[ Id: 48cdca39-d4b8-482d-a03f-775fca086a09, Nodes: 1178c3ae-d0b4-4d44-b144-fe8504cc41ac{ip: 192.168.151.99, host: pr-hdds-1569-g6sp5-2013761785, networkLocation: /default-rack, certSerialId: null}, Type:RATIS, Factor:ONE, State:OPEN]
2019-09-26 21:19:14,018 [grpc-default-executor-2] INFO  impl.RaftServerProxy (RaftServerProxy.java:addNew(89)) - 09112efe-1fad-4539-a04f-c96aef6d2351: addNew group-78E06D6978FF:[09112efe-1fad-4539-a04f-c96aef6d2351:192.168.151.99:45286] returns group-78E06D6978FF:java.util.concurrent.CompletableFuture@24f2f376[Not completed]
2019-09-26 21:19:14,019 [pool-47-thread-1] INFO  impl.RaftServerImpl (RaftServerImpl.java:<init>(95)) - 09112efe-1fad-4539-a04f-c96aef6d2351: new RaftServerImpl for group-78E06D6978FF:[09112efe-1fad-4539-a04f-c96aef6d2351:192.168.151.99:45286] with ContainerStateMachine:uninitialized
2019-09-26 21:19:14,019 [pool-47-thread-1] INFO  server.RaftServerConfigKeys (ConfUtils.java:logGet(43)) - raft.server.rpc.timeout.min = 5s (custom)
2019-09-26 21:19:14,019 [pool-47-thread-1] INFO  server.RaftServerConfigKeys (ConfUtils.java:logGet(43)) - raft.server.rpc.timeout.max = 5200ms (custom)
2019-09-26 21:19:14,019 [pool-47-thread-1] INFO  server.RaftServerConfigKeys (ConfUtils.java:logGet(43)) - raft.server.rpcslowness.timeout = 120s (custom)
2019-09-26 21:19:14,019 [pool-47-thread-1] INFO  server.RaftServerConfigKeys (ConfUtils.java:logGet(43)) - raft.server.sleep.deviation.threshold = 300 (default)
2019-09-26 21:19:14,019 [pool-47-thread-1] INFO  server.RaftServerConfigKeys (ConfUtils.java:logGet(43)) - raft.server.log.appender.install.snapshot.enabled = false (custom)
2019-09-26 21:19:14,019 [pool-47-thread-1] INFO  impl.RaftServerImpl (ServerState.java:<init>(103)) - 09112efe-1fad-4539-a04f-c96aef6d2351@group-78E06D6978FF: ConfigurationManager, init=-1: [09112efe-1fad-4539-a04f-c96aef6d2351:192.168.151.99:45286], old=null, confs=<EMPTY_MAP>
2019-09-26 21:19:14,020 [pool-47-thread-1] INFO  server.RaftServerConfigKeys (ConfUtils.java:logGet(43)) - raft.server.storage.dir = [/workdir/hadoop-ozone/ozonefs/target/test-dir/MiniOzoneClusterImpl-5b64906c-d720-4906-b30c-b6d56a2122fd/datanode-2/data/ratis] (custom)
2019-09-26 21:19:14,020 [pool-47-thread-1] INFO  storage.RaftStorageDirectory (RaftStorageDirectory.java:analyzeStorage(246)) - The storage directory /workdir/hadoop-ozone/ozonefs/target/test-dir/MiniOzoneClusterImpl-5b64906c-d720-4906-b30c-b6d56a2122fd/datanode-2/data/ratis/bbda745d-634e-40dd-8d82-78e06d6978ff does not exist. Creating ...
2019-09-26 21:19:14,032 [pool-47-thread-1] INFO  storage.RaftStorageDirectory (RaftStorageDirectory.java:tryLock(328)) - Lock on /workdir/hadoop-ozone/ozonefs/target/test-dir/MiniOzoneClusterImpl-5b64906c-d720-4906-b30c-b6d56a2122fd/datanode-2/data/ratis/bbda745d-634e-40dd-8d82-78e06d6978ff/in_use.lock acquired by nodename 10701@pr-hdds-1569-g6sp5-2013761785
2019-09-26 21:19:14,045 [pool-47-thread-1] INFO  storage.RaftStorage (RaftStorage.java:format(72)) - Storage directory /workdir/hadoop-ozone/ozonefs/target/test-dir/MiniOzoneClusterImpl-5b64906c-d720-4906-b30c-b6d56a2122fd/datanode-2/data/ratis/bbda745d-634e-40dd-8d82-78e06d6978ff has been successfully formatted.
2019-09-26 21:19:14,045 [pool-47-thread-1] INFO  ratis.ContainerStateMachine (ContainerStateMachine.java:loadSnapshot(230)) - group-78E06D6978FF: The snapshot info is null. Setting the last applied indexto:(t:0, i:~)
2019-09-26 21:19:14,045 [pool-47-thread-1] INFO  server.RaftServerConfigKeys (ConfUtils.java:logGet(43)) - raft.server.notification.no-leader.timeout = 120s (custom)
2019-09-26 21:19:14,045 [pool-47-thread-1] INFO  server.RaftServerConfigKeys (ConfUtils.java:logGet(43)) - raft.server.log.use.memory = false (default)
2019-09-26 21:19:14,046 [pool-47-thread-1] INFO  server.RaftServerConfigKeys (ConfUtils.java:logGet(43)) - raft.server.log.purge.gap = 1000000 (custom)
2019-09-26 21:19:14,046 [pool-47-thread-1] INFO  server.RaftServerConfigKeys (ConfUtils.java:logGet(43)) - raft.server.log.appender.buffer.byte-limit = 33554432 (custom)
2019-09-26 21:19:14,046 [pool-47-thread-1] INFO  server.RaftServerConfigKeys (ConfUtils.java:logGet(43)) - raft.server.log.segment.size.max = 1048576 (custom)
2019-09-26 21:19:14,046 [pool-47-thread-1] INFO  server.RaftServerConfigKeys (ConfUtils.java:logGet(43)) - raft.server.log.segment.cache.num.max = 2 (custom)
2019-09-26 21:19:14,046 [pool-47-thread-1] INFO  segmented.SegmentedRaftLogWorker (SegmentedRaftLogWorker.java:<init>(172)) - new 09112efe-1fad-4539-a04f-c96aef6d2351@group-78E06D6978FF-SegmentedRaftLogWorker for RaftStorage:Storage Directory /workdir/hadoop-ozone/ozonefs/target/test-dir/MiniOzoneClusterImpl-5b64906c-d720-4906-b30c-b6d56a2122fd/datanode-2/data/ratis/bbda745d-634e-40dd-8d82-78e06d6978ff
2019-09-26 21:19:14,046 [pool-47-thread-1] INFO  server.RaftServerConfigKeys (ConfUtils.java:logGet(43)) - raft.server.log.queue.byte-limit = 2147483647 (custom)
2019-09-26 21:19:14,046 [pool-47-thread-1] INFO  server.RaftServerConfigKeys (ConfUtils.java:logGet(43)) - raft.server.log.queue.element-limit = 1024 (custom)
2019-09-26 21:19:14,046 [pool-47-thread-1] INFO  server.RaftServerConfigKeys (ConfUtils.java:logGet(43)) - raft.server.log.segment.size.max = 1048576 (custom)
2019-09-26 21:19:14,047 [pool-47-thread-1] INFO  server.RaftServerConfigKeys (ConfUtils.java:logGet(43)) - raft.server.log.preallocated.size = 16384 (custom)
2019-09-26 21:19:14,047 [pool-47-thread-1] INFO  server.RaftServerConfigKeys (ConfUtils.java:logGet(43)) - raft.server.log.write.buffer.size = 33554432 (custom)
2019-09-26 21:19:14,047 [pool-47-thread-1] INFO  server.RaftServerConfigKeys (ConfUtils.java:logGet(43)) - raft.server.log.force.sync.num = 128 (default)
2019-09-26 21:19:14,047 [pool-47-thread-1] INFO  server.RaftServerConfigKeys (ConfUtils.java:logGet(43)) - raft.server.log.statemachine.data.sync = true (default)
2019-09-26 21:19:14,047 [pool-47-thread-1] INFO  server.RaftServerConfigKeys (ConfUtils.java:logGet(43)) - raft.server.log.statemachine.data.sync.timeout = 10s (default)
2019-09-26 21:19:14,047 [pool-47-thread-1] INFO  server.RaftServerConfigKeys (ConfUtils.java:logGet(43)) - raft.server.log.statemachine.data.sync.timeout.retry = -1 (default)
2019-09-26 21:19:14,047 [pool-47-thread-1] INFO  server.RaftServerConfigKeys (ConfUtils.java:logGet(43)) - raft.server.log.statemachine.data.caching.enabled = true (custom)
2019-09-26 21:19:14,047 [pool-47-thread-1] INFO  segmented.SegmentedRaftLogWorker (SegmentedRaftLogWorker.java:lambda$new$0(132)) - 09112efe-1fad-4539-a04f-c96aef6d2351@group-78E06D6978FF-SegmentedRaftLogWorker: flushIndex: setUnconditionally 0 -> -1
2019-09-26 21:19:14,048 [pool-47-thread-1] INFO  server.RaftServerConfigKeys (ConfUtils.java:logGet(43)) - raft.server.snapshot.auto.trigger.enabled = true (custom)
2019-09-26 21:19:14,048 [pool-47-thread-1] INFO  server.RaftServerConfigKeys (ConfUtils.java:logGet(43)) - raft.server.snapshot.auto.trigger.threshold = 10000 (custom)
2019-09-26 21:19:14,048 [pool-47-thread-1] INFO  server.RaftServerConfigKeys (ConfUtils.java:logGet(43)) - raft.server.snapshot.retention.num.files = 5 (custom)
2019-09-26 21:19:14,048 [pool-47-thread-1] INFO  server.RaftServerConfigKeys (ConfUtils.java:logGet(43)) - raft.server.retrycache.expirytime = 600000ms (custom)
2019-09-26 21:19:14,049 [pool-47-thread-1] INFO  impl.RaftServerImpl (RaftServerImpl.java:start(185)) - 09112efe-1fad-4539-a04f-c96aef6d2351@group-78E06D6978FF: start as a follower, conf=-1: [09112efe-1fad-4539-a04f-c96aef6d2351:192.168.151.99:45286], old=null
2019-09-26 21:19:14,049 [pool-47-thread-1] INFO  impl.RaftServerImpl (RaftServerImpl.java:setRole(174)) - 09112efe-1fad-4539-a04f-c96aef6d2351@group-78E06D6978FF: changes role from      null to FOLLOWER at term 0 for startAsFollower
2019-09-26 21:19:14,049 [pool-47-thread-1] INFO  impl.RoleInfo (RoleInfo.java:updateAndGet(143)) - 09112efe-1fad-4539-a04f-c96aef6d2351: start FollowerState
2019-09-26 21:19:14,050 [pool-47-thread-1] INFO  util.JmxRegister (JmxRegister.java:tryRegister(44)) - Successfully registered JMX Bean with object name Ratis:service=RaftServer,group=group-78E06D6978FF,id=09112efe-1fad-4539-a04f-c96aef6d2351
2019-09-26 21:19:14,052 [RatisPipelineUtilsThread] INFO  pipeline.PipelineStateManager (PipelineStateManager.java:addPipeline(56)) - Created pipeline Pipeline[ Id: bbda745d-634e-40dd-8d82-78e06d6978ff, Nodes: 09112efe-1fad-4539-a04f-c96aef6d2351{ip: 192.168.151.99, host: pr-hdds-1569-g6sp5-2013761785, networkLocation: /default-rack, certSerialId: null}, Type:RATIS, Factor:ONE, State:OPEN]
2019-09-26 21:19:14,056 [grpc-default-executor-2] INFO  impl.RaftServerProxy (RaftServerProxy.java:addNew(89)) - da833d8d-e72a-4068-9560-4daa2d83adc2: addNew group-009B25A2B20A:[da833d8d-e72a-4068-9560-4daa2d83adc2:192.168.151.99:38903] returns group-009B25A2B20A:java.util.concurrent.CompletableFuture@1413678[Not completed]
2019-09-26 21:19:14,056 [pool-67-thread-1] INFO  impl.RaftServerImpl (RaftServerImpl.java:<init>(95)) - da833d8d-e72a-4068-9560-4daa2d83adc2: new RaftServerImpl for group-009B25A2B20A:[da833d8d-e72a-4068-9560-4daa2d83adc2:192.168.151.99:38903] with ContainerStateMachine:uninitialized
2019-09-26 21:19:14,056 [pool-67-thread-1] INFO  server.RaftServerConfigKeys (ConfUtils.java:logGet(43)) - raft.server.rpc.timeout.min = 5s (custom)
2019-09-26 21:19:14,056 [pool-67-thread-1] INFO  server.RaftServerConfigKeys (ConfUtils.java:logGet(43)) - raft.server.rpc.timeout.max = 5200ms (custom)
2019-09-26 21:19:14,056 [pool-67-thread-1] INFO  server.RaftServerConfigKeys (ConfUtils.java:logGet(43)) - raft.server.rpcslowness.timeout = 120s (custom)
2019-09-26 21:19:14,056 [pool-67-thread-1] INFO  server.RaftServerConfigKeys (ConfUtils.java:logGet(43)) - raft.server.sleep.deviation.threshold = 300 (default)
2019-09-26 21:19:14,057 [pool-67-thread-1] INFO  server.RaftServerConfigKeys (ConfUtils.java:logGet(43)) - raft.server.log.appender.install.snapshot.enabled = false (custom)
2019-09-26 21:19:14,057 [pool-67-thread-1] INFO  impl.RaftServerImpl (ServerState.java:<init>(103)) - da833d8d-e72a-4068-9560-4daa2d83adc2@group-009B25A2B20A: ConfigurationManager, init=-1: [da833d8d-e72a-4068-9560-4daa2d83adc2:192.168.151.99:38903], old=null, confs=<EMPTY_MAP>
2019-09-26 21:19:14,057 [pool-67-thread-1] INFO  server.RaftServerConfigKeys (ConfUtils.java:logGet(43)) - raft.server.storage.dir = [/workdir/hadoop-ozone/ozonefs/target/test-dir/MiniOzoneClusterImpl-5b64906c-d720-4906-b30c-b6d56a2122fd/datanode-4/data/ratis] (custom)
2019-09-26 21:19:14,057 [pool-67-thread-1] INFO  storage.RaftStorageDirectory (RaftStorageDirectory.java:analyzeStorage(246)) - The storage directory /workdir/hadoop-ozone/ozonefs/target/test-dir/MiniOzoneClusterImpl-5b64906c-d720-4906-b30c-b6d56a2122fd/datanode-4/data/ratis/9d990b93-273f-47c1-b895-009b25a2b20a does not exist. Creating ...
2019-09-26 21:19:14,080 [pool-67-thread-1] INFO  storage.RaftStorageDirectory (RaftStorageDirectory.java:tryLock(328)) - Lock on /workdir/hadoop-ozone/ozonefs/target/test-dir/MiniOzoneClusterImpl-5b64906c-d720-4906-b30c-b6d56a2122fd/datanode-4/data/ratis/9d990b93-273f-47c1-b895-009b25a2b20a/in_use.lock acquired by nodename 10701@pr-hdds-1569-g6sp5-2013761785
2019-09-26 21:19:14,093 [pool-67-thread-1] INFO  storage.RaftStorage (RaftStorage.java:format(72)) - Storage directory /workdir/hadoop-ozone/ozonefs/target/test-dir/MiniOzoneClusterImpl-5b64906c-d720-4906-b30c-b6d56a2122fd/datanode-4/data/ratis/9d990b93-273f-47c1-b895-009b25a2b20a has been successfully formatted.
2019-09-26 21:19:14,093 [pool-67-thread-1] INFO  ratis.ContainerStateMachine (ContainerStateMachine.java:loadSnapshot(230)) - group-009B25A2B20A: The snapshot info is null. Setting the last applied indexto:(t:0, i:~)
2019-09-26 21:19:14,093 [pool-67-thread-1] INFO  server.RaftServerConfigKeys (ConfUtils.java:logGet(43)) - raft.server.notification.no-leader.timeout = 120s (custom)
2019-09-26 21:19:14,093 [pool-67-thread-1] INFO  server.RaftServerConfigKeys (ConfUtils.java:logGet(43)) - raft.server.log.use.memory = false (default)
2019-09-26 21:19:14,093 [pool-67-thread-1] INFO  server.RaftServerConfigKeys (ConfUtils.java:logGet(43)) - raft.server.log.purge.gap = 1000000 (custom)
2019-09-26 21:19:14,093 [pool-67-thread-1] INFO  server.RaftServerConfigKeys (ConfUtils.java:logGet(43)) - raft.server.log.appender.buffer.byte-limit = 33554432 (custom)
2019-09-26 21:19:14,094 [pool-67-thread-1] INFO  server.RaftServerConfigKeys (ConfUtils.java:logGet(43)) - raft.server.log.segment.size.max = 1048576 (custom)
2019-09-26 21:19:14,094 [pool-67-thread-1] INFO  server.RaftServerConfigKeys (ConfUtils.java:logGet(43)) - raft.server.log.segment.cache.num.max = 2 (custom)
2019-09-26 21:19:14,094 [pool-67-thread-1] INFO  segmented.SegmentedRaftLogWorker (SegmentedRaftLogWorker.java:<init>(172)) - new da833d8d-e72a-4068-9560-4daa2d83adc2@group-009B25A2B20A-SegmentedRaftLogWorker for RaftStorage:Storage Directory /workdir/hadoop-ozone/ozonefs/target/test-dir/MiniOzoneClusterImpl-5b64906c-d720-4906-b30c-b6d56a2122fd/datanode-4/data/ratis/9d990b93-273f-47c1-b895-009b25a2b20a
2019-09-26 21:19:14,094 [pool-67-thread-1] INFO  server.RaftServerConfigKeys (ConfUtils.java:logGet(43)) - raft.server.log.queue.byte-limit = 2147483647 (custom)
2019-09-26 21:19:14,094 [pool-67-thread-1] INFO  server.RaftServerConfigKeys (ConfUtils.java:logGet(43)) - raft.server.log.queue.element-limit = 1024 (custom)
2019-09-26 21:19:14,094 [pool-67-thread-1] INFO  server.RaftServerConfigKeys (ConfUtils.java:logGet(43)) - raft.server.log.segment.size.max = 1048576 (custom)
2019-09-26 21:19:14,094 [pool-67-thread-1] INFO  server.RaftServerConfigKeys (ConfUtils.java:logGet(43)) - raft.server.log.preallocated.size = 16384 (custom)
2019-09-26 21:19:14,094 [pool-67-thread-1] INFO  server.RaftServerConfigKeys (ConfUtils.java:logGet(43)) - raft.server.log.write.buffer.size = 33554432 (custom)
2019-09-26 21:19:14,094 [pool-67-thread-1] INFO  server.RaftServerConfigKeys (ConfUtils.java:logGet(43)) - raft.server.log.force.sync.num = 128 (default)
2019-09-26 21:19:14,095 [pool-67-thread-1] INFO  server.RaftServerConfigKeys (ConfUtils.java:logGet(43)) - raft.server.log.statemachine.data.sync = true (default)
2019-09-26 21:19:14,095 [pool-67-thread-1] INFO  server.RaftServerConfigKeys (ConfUtils.java:logGet(43)) - raft.server.log.statemachine.data.sync.timeout = 10s (default)
2019-09-26 21:19:14,095 [pool-67-thread-1] INFO  server.RaftServerConfigKeys (ConfUtils.java:logGet(43)) - raft.server.log.statemachine.data.sync.timeout.retry = -1 (default)
2019-09-26 21:19:14,095 [pool-67-thread-1] INFO  server.RaftServerConfigKeys (ConfUtils.java:logGet(43)) - raft.server.log.statemachine.data.caching.enabled = true (custom)
2019-09-26 21:19:14,095 [pool-67-thread-1] INFO  segmented.SegmentedRaftLogWorker (SegmentedRaftLogWorker.java:lambda$new$0(132)) - da833d8d-e72a-4068-9560-4daa2d83adc2@group-009B25A2B20A-SegmentedRaftLogWorker: flushIndex: setUnconditionally 0 -> -1
2019-09-26 21:19:14,095 [pool-67-thread-1] INFO  server.RaftServerConfigKeys (ConfUtils.java:logGet(43)) - raft.server.snapshot.auto.trigger.enabled = true (custom)
2019-09-26 21:19:14,096 [pool-67-thread-1] INFO  server.RaftServerConfigKeys (ConfUtils.java:logGet(43)) - raft.server.snapshot.auto.trigger.threshold = 10000 (custom)
2019-09-26 21:19:14,096 [pool-67-thread-1] INFO  server.RaftServerConfigKeys (ConfUtils.java:logGet(43)) - raft.server.snapshot.retention.num.files = 5 (custom)
2019-09-26 21:19:14,096 [pool-67-thread-1] INFO  server.RaftServerConfigKeys (ConfUtils.java:logGet(43)) - raft.server.retrycache.expirytime = 600000ms (custom)
2019-09-26 21:19:14,097 [pool-67-thread-1] INFO  impl.RaftServerImpl (RaftServerImpl.java:start(185)) - da833d8d-e72a-4068-9560-4daa2d83adc2@group-009B25A2B20A: start as a follower, conf=-1: [da833d8d-e72a-4068-9560-4daa2d83adc2:192.168.151.99:38903], old=null
2019-09-26 21:19:14,097 [pool-67-thread-1] INFO  impl.RaftServerImpl (RaftServerImpl.java:setRole(174)) - da833d8d-e72a-4068-9560-4daa2d83adc2@group-009B25A2B20A: changes role from      null to FOLLOWER at term 0 for startAsFollower
2019-09-26 21:19:14,097 [pool-67-thread-1] INFO  impl.RoleInfo (RoleInfo.java:updateAndGet(143)) - da833d8d-e72a-4068-9560-4daa2d83adc2: start FollowerState
2019-09-26 21:19:14,098 [pool-67-thread-1] INFO  util.JmxRegister (JmxRegister.java:tryRegister(44)) - Successfully registered JMX Bean with object name Ratis:service=RaftServer,group=group-009B25A2B20A,id=da833d8d-e72a-4068-9560-4daa2d83adc2
2019-09-26 21:19:14,100 [RatisPipelineUtilsThread] INFO  pipeline.PipelineStateManager (PipelineStateManager.java:addPipeline(56)) - Created pipeline Pipeline[ Id: 9d990b93-273f-47c1-b895-009b25a2b20a, Nodes: da833d8d-e72a-4068-9560-4daa2d83adc2{ip: 192.168.151.99, host: pr-hdds-1569-g6sp5-2013761785, networkLocation: /default-rack, certSerialId: null}, Type:RATIS, Factor:ONE, State:OPEN]
2019-09-26 21:19:14,105 [grpc-default-executor-2] INFO  impl.RaftServerProxy (RaftServerProxy.java:addNew(89)) - 1178c3ae-d0b4-4d44-b144-fe8504cc41ac: addNew group-C4ECAA6EBF50:[1178c3ae-d0b4-4d44-b144-fe8504cc41ac:192.168.151.99:33787] returns group-C4ECAA6EBF50:java.util.concurrent.CompletableFuture@15397a82[Not completed]
2019-09-26 21:19:14,106 [pool-37-thread-1] INFO  impl.RaftServerImpl (RaftServerImpl.java:<init>(95)) - 1178c3ae-d0b4-4d44-b144-fe8504cc41ac: new RaftServerImpl for group-C4ECAA6EBF50:[1178c3ae-d0b4-4d44-b144-fe8504cc41ac:192.168.151.99:33787] with ContainerStateMachine:uninitialized
2019-09-26 21:19:14,106 [pool-37-thread-1] INFO  server.RaftServerConfigKeys (ConfUtils.java:logGet(43)) - raft.server.rpc.timeout.min = 5s (custom)
2019-09-26 21:19:14,106 [pool-37-thread-1] INFO  server.RaftServerConfigKeys (ConfUtils.java:logGet(43)) - raft.server.rpc.timeout.max = 5200ms (custom)
2019-09-26 21:19:14,106 [pool-37-thread-1] INFO  server.RaftServerConfigKeys (ConfUtils.java:logGet(43)) - raft.server.rpcslowness.timeout = 120s (custom)
2019-09-26 21:19:14,106 [pool-37-thread-1] INFO  server.RaftServerConfigKeys (ConfUtils.java:logGet(43)) - raft.server.sleep.deviation.threshold = 300 (default)
2019-09-26 21:19:14,106 [pool-37-thread-1] INFO  server.RaftServerConfigKeys (ConfUtils.java:logGet(43)) - raft.server.log.appender.install.snapshot.enabled = false (custom)
2019-09-26 21:19:14,106 [pool-37-thread-1] INFO  impl.RaftServerImpl (ServerState.java:<init>(103)) - 1178c3ae-d0b4-4d44-b144-fe8504cc41ac@group-C4ECAA6EBF50: ConfigurationManager, init=-1: [1178c3ae-d0b4-4d44-b144-fe8504cc41ac:192.168.151.99:33787], old=null, confs=<EMPTY_MAP>
2019-09-26 21:19:14,107 [pool-37-thread-1] INFO  server.RaftServerConfigKeys (ConfUtils.java:logGet(43)) - raft.server.storage.dir = [/workdir/hadoop-ozone/ozonefs/target/test-dir/MiniOzoneClusterImpl-5b64906c-d720-4906-b30c-b6d56a2122fd/datanode-1/data/ratis] (custom)
2019-09-26 21:19:14,107 [pool-37-thread-1] INFO  storage.RaftStorageDirectory (RaftStorageDirectory.java:analyzeStorage(246)) - The storage directory /workdir/hadoop-ozone/ozonefs/target/test-dir/MiniOzoneClusterImpl-5b64906c-d720-4906-b30c-b6d56a2122fd/datanode-1/data/ratis/7530bfa7-94e7-43e5-8790-c4ecaa6ebf50 does not exist. Creating ...
2019-09-26 21:19:14,120 [pool-37-thread-1] INFO  storage.RaftStorageDirectory (RaftStorageDirectory.java:tryLock(328)) - Lock on /workdir/hadoop-ozone/ozonefs/target/test-dir/MiniOzoneClusterImpl-5b64906c-d720-4906-b30c-b6d56a2122fd/datanode-1/data/ratis/7530bfa7-94e7-43e5-8790-c4ecaa6ebf50/in_use.lock acquired by nodename 10701@pr-hdds-1569-g6sp5-2013761785
2019-09-26 21:19:14,136 [pool-37-thread-1] INFO  storage.RaftStorage (RaftStorage.java:format(72)) - Storage directory /workdir/hadoop-ozone/ozonefs/target/test-dir/MiniOzoneClusterImpl-5b64906c-d720-4906-b30c-b6d56a2122fd/datanode-1/data/ratis/7530bfa7-94e7-43e5-8790-c4ecaa6ebf50 has been successfully formatted.
2019-09-26 21:19:14,147 [pool-37-thread-1] INFO  ratis.ContainerStateMachine (ContainerStateMachine.java:loadSnapshot(230)) - group-C4ECAA6EBF50: The snapshot info is null. Setting the last applied indexto:(t:0, i:~)
2019-09-26 21:19:14,148 [pool-37-thread-1] INFO  server.RaftServerConfigKeys (ConfUtils.java:logGet(43)) - raft.server.notification.no-leader.timeout = 120s (custom)
2019-09-26 21:19:14,148 [pool-37-thread-1] INFO  server.RaftServerConfigKeys (ConfUtils.java:logGet(43)) - raft.server.log.use.memory = false (default)
2019-09-26 21:19:14,148 [pool-37-thread-1] INFO  server.RaftServerConfigKeys (ConfUtils.java:logGet(43)) - raft.server.log.purge.gap = 1000000 (custom)
2019-09-26 21:19:14,148 [pool-37-thread-1] INFO  server.RaftServerConfigKeys (ConfUtils.java:logGet(43)) - raft.server.log.appender.buffer.byte-limit = 33554432 (custom)
2019-09-26 21:19:14,148 [pool-37-thread-1] INFO  server.RaftServerConfigKeys (ConfUtils.java:logGet(43)) - raft.server.log.segment.size.max = 1048576 (custom)
2019-09-26 21:19:14,149 [pool-37-thread-1] INFO  server.RaftServerConfigKeys (ConfUtils.java:logGet(43)) - raft.server.log.segment.cache.num.max = 2 (custom)
2019-09-26 21:19:14,149 [pool-37-thread-1] INFO  segmented.SegmentedRaftLogWorker (SegmentedRaftLogWorker.java:<init>(172)) - new 1178c3ae-d0b4-4d44-b144-fe8504cc41ac@group-C4ECAA6EBF50-SegmentedRaftLogWorker for RaftStorage:Storage Directory /workdir/hadoop-ozone/ozonefs/target/test-dir/MiniOzoneClusterImpl-5b64906c-d720-4906-b30c-b6d56a2122fd/datanode-1/data/ratis/7530bfa7-94e7-43e5-8790-c4ecaa6ebf50
2019-09-26 21:19:14,149 [pool-37-thread-1] INFO  server.RaftServerConfigKeys (ConfUtils.java:logGet(43)) - raft.server.log.queue.byte-limit = 2147483647 (custom)
2019-09-26 21:19:14,149 [pool-37-thread-1] INFO  server.RaftServerConfigKeys (ConfUtils.java:logGet(43)) - raft.server.log.queue.element-limit = 1024 (custom)
2019-09-26 21:19:14,149 [pool-37-thread-1] INFO  server.RaftServerConfigKeys (ConfUtils.java:logGet(43)) - raft.server.log.segment.size.max = 1048576 (custom)
2019-09-26 21:19:14,150 [pool-37-thread-1] INFO  server.RaftServerConfigKeys (ConfUtils.java:logGet(43)) - raft.server.log.preallocated.size = 16384 (custom)
2019-09-26 21:19:14,150 [pool-37-thread-1] INFO  server.RaftServerConfigKeys (ConfUtils.java:logGet(43)) - raft.server.log.write.buffer.size = 33554432 (custom)
2019-09-26 21:19:14,150 [pool-37-thread-1] INFO  server.RaftServerConfigKeys (ConfUtils.java:logGet(43)) - raft.server.log.force.sync.num = 128 (default)
2019-09-26 21:19:14,150 [pool-37-thread-1] INFO  server.RaftServerConfigKeys (ConfUtils.java:logGet(43)) - raft.server.log.statemachine.data.sync = true (default)
2019-09-26 21:19:14,150 [pool-37-thread-1] INFO  server.RaftServerConfigKeys (ConfUtils.java:logGet(43)) - raft.server.log.statemachine.data.sync.timeout = 10s (default)
2019-09-26 21:19:14,151 [pool-37-thread-1] INFO  server.RaftServerConfigKeys (ConfUtils.java:logGet(43)) - raft.server.log.statemachine.data.sync.timeout.retry = -1 (default)
2019-09-26 21:19:14,151 [pool-37-thread-1] INFO  server.RaftServerConfigKeys (ConfUtils.java:logGet(43)) - raft.server.log.statemachine.data.caching.enabled = true (custom)
2019-09-26 21:19:14,151 [pool-37-thread-1] INFO  segmented.SegmentedRaftLogWorker (SegmentedRaftLogWorker.java:lambda$new$0(132)) - 1178c3ae-d0b4-4d44-b144-fe8504cc41ac@group-C4ECAA6EBF50-SegmentedRaftLogWorker: flushIndex: setUnconditionally 0 -> -1
2019-09-26 21:19:14,152 [pool-37-thread-1] INFO  server.RaftServerConfigKeys (ConfUtils.java:logGet(43)) - raft.server.snapshot.auto.trigger.enabled = true (custom)
2019-09-26 21:19:14,152 [pool-37-thread-1] INFO  server.RaftServerConfigKeys (ConfUtils.java:logGet(43)) - raft.server.snapshot.auto.trigger.threshold = 10000 (custom)
2019-09-26 21:19:14,152 [pool-37-thread-1] INFO  server.RaftServerConfigKeys (ConfUtils.java:logGet(43)) - raft.server.snapshot.retention.num.files = 5 (custom)
2019-09-26 21:19:14,195 [pool-37-thread-1] INFO  server.RaftServerConfigKeys (ConfUtils.java:logGet(43)) - raft.server.retrycache.expirytime = 600000ms (custom)
2019-09-26 21:19:14,405 [Timer for 'StorageContainerManager' metrics system] INFO  lib.Interns (Interns.java:removeEldestEntry(50)) - Metrics intern cache overflow at 2011 for MetricsSystem={MetricsSystem=MetricsInfoImpl{name=MetricsSystem, description=MetricsSystem}, MetricsSystem record=MetricsInfoImpl{name=MetricsSystem, description=MetricsSystem record}}
2019-09-26 21:19:14,407 [pool-37-thread-1] INFO  impl.RaftServerImpl (RaftServerImpl.java:start(185)) - 1178c3ae-d0b4-4d44-b144-fe8504cc41ac@group-C4ECAA6EBF50: start as a follower, conf=-1: [1178c3ae-d0b4-4d44-b144-fe8504cc41ac:192.168.151.99:33787], old=null
2019-09-26 21:19:14,407 [pool-37-thread-1] INFO  impl.RaftServerImpl (RaftServerImpl.java:setRole(174)) - 1178c3ae-d0b4-4d44-b144-fe8504cc41ac@group-C4ECAA6EBF50: changes role from      null to FOLLOWER at term 0 for startAsFollower
2019-09-26 21:19:14,407 [pool-37-thread-1] INFO  impl.RoleInfo (RoleInfo.java:updateAndGet(143)) - 1178c3ae-d0b4-4d44-b144-fe8504cc41ac: start FollowerState
2019-09-26 21:19:14,407 [pool-37-thread-1] INFO  util.JmxRegister (JmxRegister.java:tryRegister(44)) - Successfully registered JMX Bean with object name Ratis:service=RaftServer,group=group-C4ECAA6EBF50,id=1178c3ae-d0b4-4d44-b144-fe8504cc41ac
2019-09-26 21:19:14,410 [RatisPipelineUtilsThread] INFO  pipeline.PipelineStateManager (PipelineStateManager.java:addPipeline(56)) - Created pipeline Pipeline[ Id: 7530bfa7-94e7-43e5-8790-c4ecaa6ebf50, Nodes: 1178c3ae-d0b4-4d44-b144-fe8504cc41ac{ip: 192.168.151.99, host: pr-hdds-1569-g6sp5-2013761785, networkLocation: /default-rack, certSerialId: null}, Type:RATIS, Factor:ONE, State:OPEN]
2019-09-26 21:19:14,415 [grpc-default-executor-2] INFO  impl.RaftServerProxy (RaftServerProxy.java:addNew(89)) - 1178c3ae-d0b4-4d44-b144-fe8504cc41ac: addNew group-E8E6DAF52BD9:[1178c3ae-d0b4-4d44-b144-fe8504cc41ac:192.168.151.99:33787] returns group-E8E6DAF52BD9:java.util.concurrent.CompletableFuture@67dd0ef1[Not completed]
2019-09-26 21:19:14,416 [pool-37-thread-1] INFO  impl.RaftServerImpl (RaftServerImpl.java:<init>(95)) - 1178c3ae-d0b4-4d44-b144-fe8504cc41ac: new RaftServerImpl for group-E8E6DAF52BD9:[1178c3ae-d0b4-4d44-b144-fe8504cc41ac:192.168.151.99:33787] with ContainerStateMachine:uninitialized
2019-09-26 21:19:14,416 [pool-37-thread-1] INFO  server.RaftServerConfigKeys (ConfUtils.java:logGet(43)) - raft.server.rpc.timeout.min = 5s (custom)
2019-09-26 21:19:14,416 [pool-37-thread-1] INFO  server.RaftServerConfigKeys (ConfUtils.java:logGet(43)) - raft.server.rpc.timeout.max = 5200ms (custom)
2019-09-26 21:19:14,416 [pool-37-thread-1] INFO  server.RaftServerConfigKeys (ConfUtils.java:logGet(43)) - raft.server.rpcslowness.timeout = 120s (custom)
2019-09-26 21:19:14,416 [pool-37-thread-1] INFO  server.RaftServerConfigKeys (ConfUtils.java:logGet(43)) - raft.server.sleep.deviation.threshold = 300 (default)
2019-09-26 21:19:14,417 [pool-37-thread-1] INFO  server.RaftServerConfigKeys (ConfUtils.java:logGet(43)) - raft.server.log.appender.install.snapshot.enabled = false (custom)
2019-09-26 21:19:14,417 [pool-37-thread-1] INFO  impl.RaftServerImpl (ServerState.java:<init>(103)) - 1178c3ae-d0b4-4d44-b144-fe8504cc41ac@group-E8E6DAF52BD9: ConfigurationManager, init=-1: [1178c3ae-d0b4-4d44-b144-fe8504cc41ac:192.168.151.99:33787], old=null, confs=<EMPTY_MAP>
2019-09-26 21:19:14,417 [pool-37-thread-1] INFO  server.RaftServerConfigKeys (ConfUtils.java:logGet(43)) - raft.server.storage.dir = [/workdir/hadoop-ozone/ozonefs/target/test-dir/MiniOzoneClusterImpl-5b64906c-d720-4906-b30c-b6d56a2122fd/datanode-1/data/ratis] (custom)
2019-09-26 21:19:14,418 [pool-37-thread-1] INFO  storage.RaftStorageDirectory (RaftStorageDirectory.java:analyzeStorage(246)) - The storage directory /workdir/hadoop-ozone/ozonefs/target/test-dir/MiniOzoneClusterImpl-5b64906c-d720-4906-b30c-b6d56a2122fd/datanode-1/data/ratis/43e66ca0-ce90-4a68-a105-e8e6daf52bd9 does not exist. Creating ...
2019-09-26 21:19:14,432 [pool-37-thread-1] INFO  storage.RaftStorageDirectory (RaftStorageDirectory.java:tryLock(328)) - Lock on /workdir/hadoop-ozone/ozonefs/target/test-dir/MiniOzoneClusterImpl-5b64906c-d720-4906-b30c-b6d56a2122fd/datanode-1/data/ratis/43e66ca0-ce90-4a68-a105-e8e6daf52bd9/in_use.lock acquired by nodename 10701@pr-hdds-1569-g6sp5-2013761785
2019-09-26 21:19:14,447 [pool-37-thread-1] INFO  storage.RaftStorage (RaftStorage.java:format(72)) - Storage directory /workdir/hadoop-ozone/ozonefs/target/test-dir/MiniOzoneClusterImpl-5b64906c-d720-4906-b30c-b6d56a2122fd/datanode-1/data/ratis/43e66ca0-ce90-4a68-a105-e8e6daf52bd9 has been successfully formatted.
2019-09-26 21:19:14,447 [pool-37-thread-1] INFO  ratis.ContainerStateMachine (ContainerStateMachine.java:loadSnapshot(230)) - group-E8E6DAF52BD9: The snapshot info is null. Setting the last applied indexto:(t:0, i:~)
2019-09-26 21:19:14,447 [pool-37-thread-1] INFO  server.RaftServerConfigKeys (ConfUtils.java:logGet(43)) - raft.server.notification.no-leader.timeout = 120s (custom)
2019-09-26 21:19:14,447 [pool-37-thread-1] INFO  server.RaftServerConfigKeys (ConfUtils.java:logGet(43)) - raft.server.log.use.memory = false (default)
2019-09-26 21:19:14,448 [pool-37-thread-1] INFO  server.RaftServerConfigKeys (ConfUtils.java:logGet(43)) - raft.server.log.purge.gap = 1000000 (custom)
2019-09-26 21:19:14,448 [pool-37-thread-1] INFO  server.RaftServerConfigKeys (ConfUtils.java:logGet(43)) - raft.server.log.appender.buffer.byte-limit = 33554432 (custom)
2019-09-26 21:19:14,448 [pool-37-thread-1] INFO  server.RaftServerConfigKeys (ConfUtils.java:logGet(43)) - raft.server.log.segment.size.max = 1048576 (custom)
2019-09-26 21:19:14,448 [pool-37-thread-1] INFO  server.RaftServerConfigKeys (ConfUtils.java:logGet(43)) - raft.server.log.segment.cache.num.max = 2 (custom)
2019-09-26 21:19:14,448 [pool-37-thread-1] INFO  segmented.SegmentedRaftLogWorker (SegmentedRaftLogWorker.java:<init>(172)) - new 1178c3ae-d0b4-4d44-b144-fe8504cc41ac@group-E8E6DAF52BD9-SegmentedRaftLogWorker for RaftStorage:Storage Directory /workdir/hadoop-ozone/ozonefs/target/test-dir/MiniOzoneClusterImpl-5b64906c-d720-4906-b30c-b6d56a2122fd/datanode-1/data/ratis/43e66ca0-ce90-4a68-a105-e8e6daf52bd9
2019-09-26 21:19:14,448 [pool-37-thread-1] INFO  server.RaftServerConfigKeys (ConfUtils.java:logGet(43)) - raft.server.log.queue.byte-limit = 2147483647 (custom)
2019-09-26 21:19:14,448 [pool-37-thread-1] INFO  server.RaftServerConfigKeys (ConfUtils.java:logGet(43)) - raft.server.log.queue.element-limit = 1024 (custom)
2019-09-26 21:19:14,448 [pool-37-thread-1] INFO  server.RaftServerConfigKeys (ConfUtils.java:logGet(43)) - raft.server.log.segment.size.max = 1048576 (custom)
2019-09-26 21:19:14,448 [pool-37-thread-1] INFO  server.RaftServerConfigKeys (ConfUtils.java:logGet(43)) - raft.server.log.preallocated.size = 16384 (custom)
2019-09-26 21:19:14,448 [pool-37-thread-1] INFO  server.RaftServerConfigKeys (ConfUtils.java:logGet(43)) - raft.server.log.write.buffer.size = 33554432 (custom)
2019-09-26 21:19:14,449 [pool-37-thread-1] INFO  server.RaftServerConfigKeys (ConfUtils.java:logGet(43)) - raft.server.log.force.sync.num = 128 (default)
2019-09-26 21:19:14,449 [pool-37-thread-1] INFO  server.RaftServerConfigKeys (ConfUtils.java:logGet(43)) - raft.server.log.statemachine.data.sync = true (default)
2019-09-26 21:19:14,449 [pool-37-thread-1] INFO  server.RaftServerConfigKeys (ConfUtils.java:logGet(43)) - raft.server.log.statemachine.data.sync.timeout = 10s (default)
2019-09-26 21:19:14,449 [pool-37-thread-1] INFO  server.RaftServerConfigKeys (ConfUtils.java:logGet(43)) - raft.server.log.statemachine.data.sync.timeout.retry = -1 (default)
2019-09-26 21:19:14,449 [pool-37-thread-1] INFO  server.RaftServerConfigKeys (ConfUtils.java:logGet(43)) - raft.server.log.statemachine.data.caching.enabled = true (custom)
2019-09-26 21:19:14,449 [pool-37-thread-1] INFO  segmented.SegmentedRaftLogWorker (SegmentedRaftLogWorker.java:lambda$new$0(132)) - 1178c3ae-d0b4-4d44-b144-fe8504cc41ac@group-E8E6DAF52BD9-SegmentedRaftLogWorker: flushIndex: setUnconditionally 0 -> -1
2019-09-26 21:19:14,449 [pool-37-thread-1] INFO  server.RaftServerConfigKeys (ConfUtils.java:logGet(43)) - raft.server.snapshot.auto.trigger.enabled = true (custom)
2019-09-26 21:19:14,450 [pool-37-thread-1] INFO  server.RaftServerConfigKeys (ConfUtils.java:logGet(43)) - raft.server.snapshot.auto.trigger.threshold = 10000 (custom)
2019-09-26 21:19:14,450 [pool-37-thread-1] INFO  server.RaftServerConfigKeys (ConfUtils.java:logGet(43)) - raft.server.snapshot.retention.num.files = 5 (custom)
2019-09-26 21:19:14,450 [pool-37-thread-1] INFO  server.RaftServerConfigKeys (ConfUtils.java:logGet(43)) - raft.server.retrycache.expirytime = 600000ms (custom)
2019-09-26 21:19:14,451 [pool-37-thread-1] INFO  impl.RaftServerImpl (RaftServerImpl.java:start(185)) - 1178c3ae-d0b4-4d44-b144-fe8504cc41ac@group-E8E6DAF52BD9: start as a follower, conf=-1: [1178c3ae-d0b4-4d44-b144-fe8504cc41ac:192.168.151.99:33787], old=null
2019-09-26 21:19:14,451 [pool-37-thread-1] INFO  impl.RaftServerImpl (RaftServerImpl.java:setRole(174)) - 1178c3ae-d0b4-4d44-b144-fe8504cc41ac@group-E8E6DAF52BD9: changes role from      null to FOLLOWER at term 0 for startAsFollower
2019-09-26 21:19:14,451 [pool-37-thread-1] INFO  impl.RoleInfo (RoleInfo.java:updateAndGet(143)) - 1178c3ae-d0b4-4d44-b144-fe8504cc41ac: start FollowerState
2019-09-26 21:19:14,452 [pool-37-thread-1] INFO  util.JmxRegister (JmxRegister.java:tryRegister(44)) - Successfully registered JMX Bean with object name Ratis:service=RaftServer,group=group-E8E6DAF52BD9,id=1178c3ae-d0b4-4d44-b144-fe8504cc41ac
2019-09-26 21:19:14,454 [RatisPipelineUtilsThread] INFO  pipeline.PipelineStateManager (PipelineStateManager.java:addPipeline(56)) - Created pipeline Pipeline[ Id: 43e66ca0-ce90-4a68-a105-e8e6daf52bd9, Nodes: 1178c3ae-d0b4-4d44-b144-fe8504cc41ac{ip: 192.168.151.99, host: pr-hdds-1569-g6sp5-2013761785, networkLocation: /default-rack, certSerialId: null}, Type:RATIS, Factor:ONE, State:OPEN]
2019-09-26 21:19:14,458 [grpc-default-executor-2] INFO  impl.RaftServerProxy (RaftServerProxy.java:addNew(89)) - 9ce0b59e-153f-4f41-8aed-492a76d80b48: addNew group-2F3A14F08318:[9ce0b59e-153f-4f41-8aed-492a76d80b48:192.168.151.99:34156] returns group-2F3A14F08318:java.util.concurrent.CompletableFuture@59242e1[Not completed]
2019-09-26 21:19:14,459 [pool-27-thread-1] INFO  impl.RaftServerImpl (RaftServerImpl.java:<init>(95)) - 9ce0b59e-153f-4f41-8aed-492a76d80b48: new RaftServerImpl for group-2F3A14F08318:[9ce0b59e-153f-4f41-8aed-492a76d80b48:192.168.151.99:34156] with ContainerStateMachine:uninitialized
2019-09-26 21:19:14,459 [pool-27-thread-1] INFO  server.RaftServerConfigKeys (ConfUtils.java:logGet(43)) - raft.server.rpc.timeout.min = 5s (custom)
2019-09-26 21:19:14,459 [pool-27-thread-1] INFO  server.RaftServerConfigKeys (ConfUtils.java:logGet(43)) - raft.server.rpc.timeout.max = 5200ms (custom)
2019-09-26 21:19:14,459 [pool-27-thread-1] INFO  server.RaftServerConfigKeys (ConfUtils.java:logGet(43)) - raft.server.rpcslowness.timeout = 120s (custom)
2019-09-26 21:19:14,459 [pool-27-thread-1] INFO  server.RaftServerConfigKeys (ConfUtils.java:logGet(43)) - raft.server.sleep.deviation.threshold = 300 (default)
2019-09-26 21:19:14,459 [pool-27-thread-1] INFO  server.RaftServerConfigKeys (ConfUtils.java:logGet(43)) - raft.server.log.appender.install.snapshot.enabled = false (custom)
2019-09-26 21:19:14,459 [pool-27-thread-1] INFO  impl.RaftServerImpl (ServerState.java:<init>(103)) - 9ce0b59e-153f-4f41-8aed-492a76d80b48@group-2F3A14F08318: ConfigurationManager, init=-1: [9ce0b59e-153f-4f41-8aed-492a76d80b48:192.168.151.99:34156], old=null, confs=<EMPTY_MAP>
2019-09-26 21:19:14,459 [pool-27-thread-1] INFO  server.RaftServerConfigKeys (ConfUtils.java:logGet(43)) - raft.server.storage.dir = [/workdir/hadoop-ozone/ozonefs/target/test-dir/MiniOzoneClusterImpl-5b64906c-d720-4906-b30c-b6d56a2122fd/datanode-0/data/ratis] (custom)
2019-09-26 21:19:14,460 [pool-27-thread-1] INFO  storage.RaftStorageDirectory (RaftStorageDirectory.java:analyzeStorage(246)) - The storage directory /workdir/hadoop-ozone/ozonefs/target/test-dir/MiniOzoneClusterImpl-5b64906c-d720-4906-b30c-b6d56a2122fd/datanode-0/data/ratis/2bd48672-fd4e-4a7f-b930-2f3a14f08318 does not exist. Creating ...
2019-09-26 21:19:14,473 [pool-27-thread-1] INFO  storage.RaftStorageDirectory (RaftStorageDirectory.java:tryLock(328)) - Lock on /workdir/hadoop-ozone/ozonefs/target/test-dir/MiniOzoneClusterImpl-5b64906c-d720-4906-b30c-b6d56a2122fd/datanode-0/data/ratis/2bd48672-fd4e-4a7f-b930-2f3a14f08318/in_use.lock acquired by nodename 10701@pr-hdds-1569-g6sp5-2013761785
2019-09-26 21:19:14,485 [pool-27-thread-1] INFO  storage.RaftStorage (RaftStorage.java:format(72)) - Storage directory /workdir/hadoop-ozone/ozonefs/target/test-dir/MiniOzoneClusterImpl-5b64906c-d720-4906-b30c-b6d56a2122fd/datanode-0/data/ratis/2bd48672-fd4e-4a7f-b930-2f3a14f08318 has been successfully formatted.
2019-09-26 21:19:14,486 [pool-27-thread-1] INFO  ratis.ContainerStateMachine (ContainerStateMachine.java:loadSnapshot(230)) - group-2F3A14F08318: The snapshot info is null. Setting the last applied indexto:(t:0, i:~)
2019-09-26 21:19:14,486 [pool-27-thread-1] INFO  server.RaftServerConfigKeys (ConfUtils.java:logGet(43)) - raft.server.notification.no-leader.timeout = 120s (custom)
2019-09-26 21:19:14,486 [pool-27-thread-1] INFO  server.RaftServerConfigKeys (ConfUtils.java:logGet(43)) - raft.server.log.use.memory = false (default)
2019-09-26 21:19:14,486 [pool-27-thread-1] INFO  server.RaftServerConfigKeys (ConfUtils.java:logGet(43)) - raft.server.log.purge.gap = 1000000 (custom)
2019-09-26 21:19:14,486 [pool-27-thread-1] INFO  server.RaftServerConfigKeys (ConfUtils.java:logGet(43)) - raft.server.log.appender.buffer.byte-limit = 33554432 (custom)
2019-09-26 21:19:14,486 [pool-27-thread-1] INFO  server.RaftServerConfigKeys (ConfUtils.java:logGet(43)) - raft.server.log.segment.size.max = 1048576 (custom)
2019-09-26 21:19:14,486 [pool-27-thread-1] INFO  server.RaftServerConfigKeys (ConfUtils.java:logGet(43)) - raft.server.log.segment.cache.num.max = 2 (custom)
2019-09-26 21:19:14,486 [pool-27-thread-1] INFO  segmented.SegmentedRaftLogWorker (SegmentedRaftLogWorker.java:<init>(172)) - new 9ce0b59e-153f-4f41-8aed-492a76d80b48@group-2F3A14F08318-SegmentedRaftLogWorker for RaftStorage:Storage Directory /workdir/hadoop-ozone/ozonefs/target/test-dir/MiniOzoneClusterImpl-5b64906c-d720-4906-b30c-b6d56a2122fd/datanode-0/data/ratis/2bd48672-fd4e-4a7f-b930-2f3a14f08318
2019-09-26 21:19:14,486 [pool-27-thread-1] INFO  server.RaftServerConfigKeys (ConfUtils.java:logGet(43)) - raft.server.log.queue.byte-limit = 2147483647 (custom)
2019-09-26 21:19:14,487 [pool-27-thread-1] INFO  server.RaftServerConfigKeys (ConfUtils.java:logGet(43)) - raft.server.log.queue.element-limit = 1024 (custom)
2019-09-26 21:19:14,487 [pool-27-thread-1] INFO  server.RaftServerConfigKeys (ConfUtils.java:logGet(43)) - raft.server.log.segment.size.max = 1048576 (custom)
2019-09-26 21:19:14,487 [pool-27-thread-1] INFO  server.RaftServerConfigKeys (ConfUtils.java:logGet(43)) - raft.server.log.preallocated.size = 16384 (custom)
2019-09-26 21:19:14,487 [pool-27-thread-1] INFO  server.RaftServerConfigKeys (ConfUtils.java:logGet(43)) - raft.server.log.write.buffer.size = 33554432 (custom)
2019-09-26 21:19:14,487 [pool-27-thread-1] INFO  server.RaftServerConfigKeys (ConfUtils.java:logGet(43)) - raft.server.log.force.sync.num = 128 (default)
2019-09-26 21:19:14,487 [pool-27-thread-1] INFO  server.RaftServerConfigKeys (ConfUtils.java:logGet(43)) - raft.server.log.statemachine.data.sync = true (default)
2019-09-26 21:19:14,487 [pool-27-thread-1] INFO  server.RaftServerConfigKeys (ConfUtils.java:logGet(43)) - raft.server.log.statemachine.data.sync.timeout = 10s (default)
2019-09-26 21:19:14,487 [pool-27-thread-1] INFO  server.RaftServerConfigKeys (ConfUtils.java:logGet(43)) - raft.server.log.statemachine.data.sync.timeout.retry = -1 (default)
2019-09-26 21:19:14,487 [pool-27-thread-1] INFO  server.RaftServerConfigKeys (ConfUtils.java:logGet(43)) - raft.server.log.statemachine.data.caching.enabled = true (custom)
2019-09-26 21:19:14,488 [pool-27-thread-1] INFO  segmented.SegmentedRaftLogWorker (SegmentedRaftLogWorker.java:lambda$new$0(132)) - 9ce0b59e-153f-4f41-8aed-492a76d80b48@group-2F3A14F08318-SegmentedRaftLogWorker: flushIndex: setUnconditionally 0 -> -1
2019-09-26 21:19:14,488 [pool-27-thread-1] INFO  server.RaftServerConfigKeys (ConfUtils.java:logGet(43)) - raft.server.snapshot.auto.trigger.enabled = true (custom)
2019-09-26 21:19:14,488 [pool-27-thread-1] INFO  server.RaftServerConfigKeys (ConfUtils.java:logGet(43)) - raft.server.snapshot.auto.trigger.threshold = 10000 (custom)
2019-09-26 21:19:14,488 [pool-27-thread-1] INFO  server.RaftServerConfigKeys (ConfUtils.java:logGet(43)) - raft.server.snapshot.retention.num.files = 5 (custom)
2019-09-26 21:19:14,488 [pool-27-thread-1] INFO  server.RaftServerConfigKeys (ConfUtils.java:logGet(43)) - raft.server.retrycache.expirytime = 600000ms (custom)
2019-09-26 21:19:14,490 [pool-27-thread-1] INFO  impl.RaftServerImpl (RaftServerImpl.java:start(185)) - 9ce0b59e-153f-4f41-8aed-492a76d80b48@group-2F3A14F08318: start as a follower, conf=-1: [9ce0b59e-153f-4f41-8aed-492a76d80b48:192.168.151.99:34156], old=null
2019-09-26 21:19:14,490 [pool-27-thread-1] INFO  impl.RaftServerImpl (RaftServerImpl.java:setRole(174)) - 9ce0b59e-153f-4f41-8aed-492a76d80b48@group-2F3A14F08318: changes role from      null to FOLLOWER at term 0 for startAsFollower
2019-09-26 21:19:14,490 [pool-27-thread-1] INFO  impl.RoleInfo (RoleInfo.java:updateAndGet(143)) - 9ce0b59e-153f-4f41-8aed-492a76d80b48: start FollowerState
2019-09-26 21:19:14,490 [pool-27-thread-1] INFO  util.JmxRegister (JmxRegister.java:tryRegister(44)) - Successfully registered JMX Bean with object name Ratis:service=RaftServer,group=group-2F3A14F08318,id=9ce0b59e-153f-4f41-8aed-492a76d80b48
2019-09-26 21:19:14,492 [RatisPipelineUtilsThread] INFO  pipeline.PipelineStateManager (PipelineStateManager.java:addPipeline(56)) - Created pipeline Pipeline[ Id: 2bd48672-fd4e-4a7f-b930-2f3a14f08318, Nodes: 9ce0b59e-153f-4f41-8aed-492a76d80b48{ip: 192.168.151.99, host: pr-hdds-1569-g6sp5-2013761785, networkLocation: /default-rack, certSerialId: null}, Type:RATIS, Factor:ONE, State:OPEN]
2019-09-26 21:19:14,497 [grpc-default-executor-2] INFO  impl.RaftServerProxy (RaftServerProxy.java:addNew(89)) - 9ce0b59e-153f-4f41-8aed-492a76d80b48: addNew group-6E6C68F22454:[9ce0b59e-153f-4f41-8aed-492a76d80b48:192.168.151.99:34156] returns group-6E6C68F22454:java.util.concurrent.CompletableFuture@5d7b20ab[Not completed]
2019-09-26 21:19:14,497 [pool-27-thread-1] INFO  impl.RaftServerImpl (RaftServerImpl.java:<init>(95)) - 9ce0b59e-153f-4f41-8aed-492a76d80b48: new RaftServerImpl for group-6E6C68F22454:[9ce0b59e-153f-4f41-8aed-492a76d80b48:192.168.151.99:34156] with ContainerStateMachine:uninitialized
2019-09-26 21:19:14,498 [pool-27-thread-1] INFO  server.RaftServerConfigKeys (ConfUtils.java:logGet(43)) - raft.server.rpc.timeout.min = 5s (custom)
2019-09-26 21:19:14,498 [pool-27-thread-1] INFO  server.RaftServerConfigKeys (ConfUtils.java:logGet(43)) - raft.server.rpc.timeout.max = 5200ms (custom)
2019-09-26 21:19:14,498 [pool-27-thread-1] INFO  server.RaftServerConfigKeys (ConfUtils.java:logGet(43)) - raft.server.rpcslowness.timeout = 120s (custom)
2019-09-26 21:19:14,498 [pool-27-thread-1] INFO  server.RaftServerConfigKeys (ConfUtils.java:logGet(43)) - raft.server.sleep.deviation.threshold = 300 (default)
2019-09-26 21:19:14,498 [pool-27-thread-1] INFO  server.RaftServerConfigKeys (ConfUtils.java:logGet(43)) - raft.server.log.appender.install.snapshot.enabled = false (custom)
2019-09-26 21:19:14,498 [pool-27-thread-1] INFO  impl.RaftServerImpl (ServerState.java:<init>(103)) - 9ce0b59e-153f-4f41-8aed-492a76d80b48@group-6E6C68F22454: ConfigurationManager, init=-1: [9ce0b59e-153f-4f41-8aed-492a76d80b48:192.168.151.99:34156], old=null, confs=<EMPTY_MAP>
2019-09-26 21:19:14,498 [pool-27-thread-1] INFO  server.RaftServerConfigKeys (ConfUtils.java:logGet(43)) - raft.server.storage.dir = [/workdir/hadoop-ozone/ozonefs/target/test-dir/MiniOzoneClusterImpl-5b64906c-d720-4906-b30c-b6d56a2122fd/datanode-0/data/ratis] (custom)
2019-09-26 21:19:14,499 [pool-27-thread-1] INFO  storage.RaftStorageDirectory (RaftStorageDirectory.java:analyzeStorage(246)) - The storage directory /workdir/hadoop-ozone/ozonefs/target/test-dir/MiniOzoneClusterImpl-5b64906c-d720-4906-b30c-b6d56a2122fd/datanode-0/data/ratis/2d7303be-1058-41df-9390-6e6c68f22454 does not exist. Creating ...
2019-09-26 21:19:14,511 [pool-27-thread-1] INFO  storage.RaftStorageDirectory (RaftStorageDirectory.java:tryLock(328)) - Lock on /workdir/hadoop-ozone/ozonefs/target/test-dir/MiniOzoneClusterImpl-5b64906c-d720-4906-b30c-b6d56a2122fd/datanode-0/data/ratis/2d7303be-1058-41df-9390-6e6c68f22454/in_use.lock acquired by nodename 10701@pr-hdds-1569-g6sp5-2013761785
2019-09-26 21:19:14,524 [pool-27-thread-1] INFO  storage.RaftStorage (RaftStorage.java:format(72)) - Storage directory /workdir/hadoop-ozone/ozonefs/target/test-dir/MiniOzoneClusterImpl-5b64906c-d720-4906-b30c-b6d56a2122fd/datanode-0/data/ratis/2d7303be-1058-41df-9390-6e6c68f22454 has been successfully formatted.
2019-09-26 21:19:14,524 [pool-27-thread-1] INFO  ratis.ContainerStateMachine (ContainerStateMachine.java:loadSnapshot(230)) - group-6E6C68F22454: The snapshot info is null. Setting the last applied indexto:(t:0, i:~)
2019-09-26 21:19:14,524 [pool-27-thread-1] INFO  server.RaftServerConfigKeys (ConfUtils.java:logGet(43)) - raft.server.notification.no-leader.timeout = 120s (custom)
2019-09-26 21:19:14,524 [pool-27-thread-1] INFO  server.RaftServerConfigKeys (ConfUtils.java:logGet(43)) - raft.server.log.use.memory = false (default)
2019-09-26 21:19:14,525 [pool-27-thread-1] INFO  server.RaftServerConfigKeys (ConfUtils.java:logGet(43)) - raft.server.log.purge.gap = 1000000 (custom)
2019-09-26 21:19:14,525 [pool-27-thread-1] INFO  server.RaftServerConfigKeys (ConfUtils.java:logGet(43)) - raft.server.log.appender.buffer.byte-limit = 33554432 (custom)
2019-09-26 21:19:14,525 [pool-27-thread-1] INFO  server.RaftServerConfigKeys (ConfUtils.java:logGet(43)) - raft.server.log.segment.size.max = 1048576 (custom)
2019-09-26 21:19:14,525 [pool-27-thread-1] INFO  server.RaftServerConfigKeys (ConfUtils.java:logGet(43)) - raft.server.log.segment.cache.num.max = 2 (custom)
2019-09-26 21:19:14,525 [pool-27-thread-1] INFO  segmented.SegmentedRaftLogWorker (SegmentedRaftLogWorker.java:<init>(172)) - new 9ce0b59e-153f-4f41-8aed-492a76d80b48@group-6E6C68F22454-SegmentedRaftLogWorker for RaftStorage:Storage Directory /workdir/hadoop-ozone/ozonefs/target/test-dir/MiniOzoneClusterImpl-5b64906c-d720-4906-b30c-b6d56a2122fd/datanode-0/data/ratis/2d7303be-1058-41df-9390-6e6c68f22454
2019-09-26 21:19:14,525 [pool-27-thread-1] INFO  server.RaftServerConfigKeys (ConfUtils.java:logGet(43)) - raft.server.log.queue.byte-limit = 2147483647 (custom)
2019-09-26 21:19:14,525 [pool-27-thread-1] INFO  server.RaftServerConfigKeys (ConfUtils.java:logGet(43)) - raft.server.log.queue.element-limit = 1024 (custom)
2019-09-26 21:19:14,525 [pool-27-thread-1] INFO  server.RaftServerConfigKeys (ConfUtils.java:logGet(43)) - raft.server.log.segment.size.max = 1048576 (custom)
2019-09-26 21:19:14,526 [pool-27-thread-1] INFO  server.RaftServerConfigKeys (ConfUtils.java:logGet(43)) - raft.server.log.preallocated.size = 16384 (custom)
2019-09-26 21:19:14,526 [pool-27-thread-1] INFO  server.RaftServerConfigKeys (ConfUtils.java:logGet(43)) - raft.server.log.write.buffer.size = 33554432 (custom)
2019-09-26 21:19:14,526 [pool-27-thread-1] INFO  server.RaftServerConfigKeys (ConfUtils.java:logGet(43)) - raft.server.log.force.sync.num = 128 (default)
2019-09-26 21:19:14,526 [pool-27-thread-1] INFO  server.RaftServerConfigKeys (ConfUtils.java:logGet(43)) - raft.server.log.statemachine.data.sync = true (default)
2019-09-26 21:19:14,526 [pool-27-thread-1] INFO  server.RaftServerConfigKeys (ConfUtils.java:logGet(43)) - raft.server.log.statemachine.data.sync.timeout = 10s (default)
2019-09-26 21:19:14,526 [pool-27-thread-1] INFO  server.RaftServerConfigKeys (ConfUtils.java:logGet(43)) - raft.server.log.statemachine.data.sync.timeout.retry = -1 (default)
2019-09-26 21:19:14,526 [pool-27-thread-1] INFO  server.RaftServerConfigKeys (ConfUtils.java:logGet(43)) - raft.server.log.statemachine.data.caching.enabled = true (custom)
2019-09-26 21:19:14,526 [pool-27-thread-1] INFO  segmented.SegmentedRaftLogWorker (SegmentedRaftLogWorker.java:lambda$new$0(132)) - 9ce0b59e-153f-4f41-8aed-492a76d80b48@group-6E6C68F22454-SegmentedRaftLogWorker: flushIndex: setUnconditionally 0 -> -1
2019-09-26 21:19:14,527 [pool-27-thread-1] INFO  server.RaftServerConfigKeys (ConfUtils.java:logGet(43)) - raft.server.snapshot.auto.trigger.enabled = true (custom)
2019-09-26 21:19:14,527 [pool-27-thread-1] INFO  server.RaftServerConfigKeys (ConfUtils.java:logGet(43)) - raft.server.snapshot.auto.trigger.threshold = 10000 (custom)
2019-09-26 21:19:14,527 [pool-27-thread-1] INFO  server.RaftServerConfigKeys (ConfUtils.java:logGet(43)) - raft.server.snapshot.retention.num.files = 5 (custom)
2019-09-26 21:19:14,527 [pool-27-thread-1] INFO  server.RaftServerConfigKeys (ConfUtils.java:logGet(43)) - raft.server.retrycache.expirytime = 600000ms (custom)
2019-09-26 21:19:14,529 [pool-27-thread-1] INFO  impl.RaftServerImpl (RaftServerImpl.java:start(185)) - 9ce0b59e-153f-4f41-8aed-492a76d80b48@group-6E6C68F22454: start as a follower, conf=-1: [9ce0b59e-153f-4f41-8aed-492a76d80b48:192.168.151.99:34156], old=null
2019-09-26 21:19:14,529 [pool-27-thread-1] INFO  impl.RaftServerImpl (RaftServerImpl.java:setRole(174)) - 9ce0b59e-153f-4f41-8aed-492a76d80b48@group-6E6C68F22454: changes role from      null to FOLLOWER at term 0 for startAsFollower
2019-09-26 21:19:14,529 [pool-27-thread-1] INFO  impl.RoleInfo (RoleInfo.java:updateAndGet(143)) - 9ce0b59e-153f-4f41-8aed-492a76d80b48: start FollowerState
2019-09-26 21:19:14,529 [pool-27-thread-1] INFO  util.JmxRegister (JmxRegister.java:tryRegister(44)) - Successfully registered JMX Bean with object name Ratis:service=RaftServer,group=group-6E6C68F22454,id=9ce0b59e-153f-4f41-8aed-492a76d80b48
2019-09-26 21:19:14,532 [RatisPipelineUtilsThread] INFO  pipeline.PipelineStateManager (PipelineStateManager.java:addPipeline(56)) - Created pipeline Pipeline[ Id: 2d7303be-1058-41df-9390-6e6c68f22454, Nodes: 9ce0b59e-153f-4f41-8aed-492a76d80b48{ip: 192.168.151.99, host: pr-hdds-1569-g6sp5-2013761785, networkLocation: /default-rack, certSerialId: null}, Type:RATIS, Factor:ONE, State:OPEN]
2019-09-26 21:19:14,536 [grpc-default-executor-2] INFO  impl.RaftServerProxy (RaftServerProxy.java:addNew(89)) - 9ce0b59e-153f-4f41-8aed-492a76d80b48: addNew group-1B503A35F909:[9ce0b59e-153f-4f41-8aed-492a76d80b48:192.168.151.99:34156] returns group-1B503A35F909:java.util.concurrent.CompletableFuture@1fee91fb[Not completed]
2019-09-26 21:19:14,538 [pool-27-thread-1] INFO  impl.RaftServerImpl (RaftServerImpl.java:<init>(95)) - 9ce0b59e-153f-4f41-8aed-492a76d80b48: new RaftServerImpl for group-1B503A35F909:[9ce0b59e-153f-4f41-8aed-492a76d80b48:192.168.151.99:34156] with ContainerStateMachine:uninitialized
2019-09-26 21:19:14,538 [pool-27-thread-1] INFO  server.RaftServerConfigKeys (ConfUtils.java:logGet(43)) - raft.server.rpc.timeout.min = 5s (custom)
2019-09-26 21:19:14,538 [pool-27-thread-1] INFO  server.RaftServerConfigKeys (ConfUtils.java:logGet(43)) - raft.server.rpc.timeout.max = 5200ms (custom)
2019-09-26 21:19:14,538 [pool-27-thread-1] INFO  server.RaftServerConfigKeys (ConfUtils.java:logGet(43)) - raft.server.rpcslowness.timeout = 120s (custom)
2019-09-26 21:19:14,538 [pool-27-thread-1] INFO  server.RaftServerConfigKeys (ConfUtils.java:logGet(43)) - raft.server.sleep.deviation.threshold = 300 (default)
2019-09-26 21:19:14,538 [pool-27-thread-1] INFO  server.RaftServerConfigKeys (ConfUtils.java:logGet(43)) - raft.server.log.appender.install.snapshot.enabled = false (custom)
2019-09-26 21:19:14,538 [pool-27-thread-1] INFO  impl.RaftServerImpl (ServerState.java:<init>(103)) - 9ce0b59e-153f-4f41-8aed-492a76d80b48@group-1B503A35F909: ConfigurationManager, init=-1: [9ce0b59e-153f-4f41-8aed-492a76d80b48:192.168.151.99:34156], old=null, confs=<EMPTY_MAP>
2019-09-26 21:19:14,538 [pool-27-thread-1] INFO  server.RaftServerConfigKeys (ConfUtils.java:logGet(43)) - raft.server.storage.dir = [/workdir/hadoop-ozone/ozonefs/target/test-dir/MiniOzoneClusterImpl-5b64906c-d720-4906-b30c-b6d56a2122fd/datanode-0/data/ratis] (custom)
2019-09-26 21:19:14,539 [pool-27-thread-1] INFO  storage.RaftStorageDirectory (RaftStorageDirectory.java:analyzeStorage(246)) - The storage directory /workdir/hadoop-ozone/ozonefs/target/test-dir/MiniOzoneClusterImpl-5b64906c-d720-4906-b30c-b6d56a2122fd/datanode-0/data/ratis/c736754c-d51d-48d5-8ab2-1b503a35f909 does not exist. Creating ...
2019-09-26 21:19:14,551 [pool-27-thread-1] INFO  storage.RaftStorageDirectory (RaftStorageDirectory.java:tryLock(328)) - Lock on /workdir/hadoop-ozone/ozonefs/target/test-dir/MiniOzoneClusterImpl-5b64906c-d720-4906-b30c-b6d56a2122fd/datanode-0/data/ratis/c736754c-d51d-48d5-8ab2-1b503a35f909/in_use.lock acquired by nodename 10701@pr-hdds-1569-g6sp5-2013761785
2019-09-26 21:19:14,593 [pool-27-thread-1] INFO  storage.RaftStorage (RaftStorage.java:format(72)) - Storage directory /workdir/hadoop-ozone/ozonefs/target/test-dir/MiniOzoneClusterImpl-5b64906c-d720-4906-b30c-b6d56a2122fd/datanode-0/data/ratis/c736754c-d51d-48d5-8ab2-1b503a35f909 has been successfully formatted.
2019-09-26 21:19:14,594 [pool-27-thread-1] INFO  ratis.ContainerStateMachine (ContainerStateMachine.java:loadSnapshot(230)) - group-1B503A35F909: The snapshot info is null. Setting the last applied indexto:(t:0, i:~)
2019-09-26 21:19:14,594 [pool-27-thread-1] INFO  server.RaftServerConfigKeys (ConfUtils.java:logGet(43)) - raft.server.notification.no-leader.timeout = 120s (custom)
2019-09-26 21:19:14,594 [pool-27-thread-1] INFO  server.RaftServerConfigKeys (ConfUtils.java:logGet(43)) - raft.server.log.use.memory = false (default)
2019-09-26 21:19:14,594 [pool-27-thread-1] INFO  server.RaftServerConfigKeys (ConfUtils.java:logGet(43)) - raft.server.log.purge.gap = 1000000 (custom)
2019-09-26 21:19:14,594 [pool-27-thread-1] INFO  server.RaftServerConfigKeys (ConfUtils.java:logGet(43)) - raft.server.log.appender.buffer.byte-limit = 33554432 (custom)
2019-09-26 21:19:14,595 [pool-27-thread-1] INFO  server.RaftServerConfigKeys (ConfUtils.java:logGet(43)) - raft.server.log.segment.size.max = 1048576 (custom)
2019-09-26 21:19:14,595 [pool-27-thread-1] INFO  server.RaftServerConfigKeys (ConfUtils.java:logGet(43)) - raft.server.log.segment.cache.num.max = 2 (custom)
2019-09-26 21:19:14,595 [pool-27-thread-1] INFO  segmented.SegmentedRaftLogWorker (SegmentedRaftLogWorker.java:<init>(172)) - new 9ce0b59e-153f-4f41-8aed-492a76d80b48@group-1B503A35F909-SegmentedRaftLogWorker for RaftStorage:Storage Directory /workdir/hadoop-ozone/ozonefs/target/test-dir/MiniOzoneClusterImpl-5b64906c-d720-4906-b30c-b6d56a2122fd/datanode-0/data/ratis/c736754c-d51d-48d5-8ab2-1b503a35f909
2019-09-26 21:19:14,595 [pool-27-thread-1] INFO  server.RaftServerConfigKeys (ConfUtils.java:logGet(43)) - raft.server.log.queue.byte-limit = 2147483647 (custom)
2019-09-26 21:19:14,595 [pool-27-thread-1] INFO  server.RaftServerConfigKeys (ConfUtils.java:logGet(43)) - raft.server.log.queue.element-limit = 1024 (custom)
2019-09-26 21:19:14,595 [pool-27-thread-1] INFO  server.RaftServerConfigKeys (ConfUtils.java:logGet(43)) - raft.server.log.segment.size.max = 1048576 (custom)
2019-09-26 21:19:14,595 [pool-27-thread-1] INFO  server.RaftServerConfigKeys (ConfUtils.java:logGet(43)) - raft.server.log.preallocated.size = 16384 (custom)
2019-09-26 21:19:14,596 [pool-27-thread-1] INFO  server.RaftServerConfigKeys (ConfUtils.java:logGet(43)) - raft.server.log.write.buffer.size = 33554432 (custom)
2019-09-26 21:19:14,596 [pool-27-thread-1] INFO  server.RaftServerConfigKeys (ConfUtils.java:logGet(43)) - raft.server.log.force.sync.num = 128 (default)
2019-09-26 21:19:14,596 [pool-27-thread-1] INFO  server.RaftServerConfigKeys (ConfUtils.java:logGet(43)) - raft.server.log.statemachine.data.sync = true (default)
2019-09-26 21:19:14,596 [pool-27-thread-1] INFO  server.RaftServerConfigKeys (ConfUtils.java:logGet(43)) - raft.server.log.statemachine.data.sync.timeout = 10s (default)
2019-09-26 21:19:14,596 [pool-27-thread-1] INFO  server.RaftServerConfigKeys (ConfUtils.java:logGet(43)) - raft.server.log.statemachine.data.sync.timeout.retry = -1 (default)
2019-09-26 21:19:14,596 [pool-27-thread-1] INFO  server.RaftServerConfigKeys (ConfUtils.java:logGet(43)) - raft.server.log.statemachine.data.caching.enabled = true (custom)
2019-09-26 21:19:14,597 [pool-27-thread-1] INFO  segmented.SegmentedRaftLogWorker (SegmentedRaftLogWorker.java:lambda$new$0(132)) - 9ce0b59e-153f-4f41-8aed-492a76d80b48@group-1B503A35F909-SegmentedRaftLogWorker: flushIndex: setUnconditionally 0 -> -1
2019-09-26 21:19:14,597 [pool-27-thread-1] INFO  server.RaftServerConfigKeys (ConfUtils.java:logGet(43)) - raft.server.snapshot.auto.trigger.enabled = true (custom)
2019-09-26 21:19:14,597 [pool-27-thread-1] INFO  server.RaftServerConfigKeys (ConfUtils.java:logGet(43)) - raft.server.snapshot.auto.trigger.threshold = 10000 (custom)
2019-09-26 21:19:14,598 [pool-27-thread-1] INFO  server.RaftServerConfigKeys (ConfUtils.java:logGet(43)) - raft.server.snapshot.retention.num.files = 5 (custom)
2019-09-26 21:19:14,598 [pool-27-thread-1] INFO  server.RaftServerConfigKeys (ConfUtils.java:logGet(43)) - raft.server.retrycache.expirytime = 600000ms (custom)
2019-09-26 21:19:14,600 [pool-27-thread-1] INFO  impl.RaftServerImpl (RaftServerImpl.java:start(185)) - 9ce0b59e-153f-4f41-8aed-492a76d80b48@group-1B503A35F909: start as a follower, conf=-1: [9ce0b59e-153f-4f41-8aed-492a76d80b48:192.168.151.99:34156], old=null
2019-09-26 21:19:14,600 [pool-27-thread-1] INFO  impl.RaftServerImpl (RaftServerImpl.java:setRole(174)) - 9ce0b59e-153f-4f41-8aed-492a76d80b48@group-1B503A35F909: changes role from      null to FOLLOWER at term 0 for startAsFollower
2019-09-26 21:19:14,600 [pool-27-thread-1] INFO  impl.RoleInfo (RoleInfo.java:updateAndGet(143)) - 9ce0b59e-153f-4f41-8aed-492a76d80b48: start FollowerState
2019-09-26 21:19:14,600 [pool-27-thread-1] INFO  util.JmxRegister (JmxRegister.java:tryRegister(44)) - Successfully registered JMX Bean with object name Ratis:service=RaftServer,group=group-1B503A35F909,id=9ce0b59e-153f-4f41-8aed-492a76d80b48
2019-09-26 21:19:14,603 [RatisPipelineUtilsThread] INFO  pipeline.PipelineStateManager (PipelineStateManager.java:addPipeline(56)) - Created pipeline Pipeline[ Id: c736754c-d51d-48d5-8ab2-1b503a35f909, Nodes: 9ce0b59e-153f-4f41-8aed-492a76d80b48{ip: 192.168.151.99, host: pr-hdds-1569-g6sp5-2013761785, networkLocation: /default-rack, certSerialId: null}, Type:RATIS, Factor:ONE, State:OPEN]
2019-09-26 21:19:14,608 [grpc-default-executor-2] INFO  impl.RaftServerProxy (RaftServerProxy.java:addNew(89)) - 9ce0b59e-153f-4f41-8aed-492a76d80b48: addNew group-0FD1EA0A8F9D:[9ce0b59e-153f-4f41-8aed-492a76d80b48:192.168.151.99:34156] returns group-0FD1EA0A8F9D:java.util.concurrent.CompletableFuture@39dcd748[Not completed]
2019-09-26 21:19:14,609 [pool-27-thread-1] INFO  impl.RaftServerImpl (RaftServerImpl.java:<init>(95)) - 9ce0b59e-153f-4f41-8aed-492a76d80b48: new RaftServerImpl for group-0FD1EA0A8F9D:[9ce0b59e-153f-4f41-8aed-492a76d80b48:192.168.151.99:34156] with ContainerStateMachine:uninitialized
2019-09-26 21:19:14,609 [pool-27-thread-1] INFO  server.RaftServerConfigKeys (ConfUtils.java:logGet(43)) - raft.server.rpc.timeout.min = 5s (custom)
2019-09-26 21:19:14,609 [pool-27-thread-1] INFO  server.RaftServerConfigKeys (ConfUtils.java:logGet(43)) - raft.server.rpc.timeout.max = 5200ms (custom)
2019-09-26 21:19:14,609 [pool-27-thread-1] INFO  server.RaftServerConfigKeys (ConfUtils.java:logGet(43)) - raft.server.rpcslowness.timeout = 120s (custom)
2019-09-26 21:19:14,609 [pool-27-thread-1] INFO  server.RaftServerConfigKeys (ConfUtils.java:logGet(43)) - raft.server.sleep.deviation.threshold = 300 (default)
2019-09-26 21:19:14,609 [pool-27-thread-1] INFO  server.RaftServerConfigKeys (ConfUtils.java:logGet(43)) - raft.server.log.appender.install.snapshot.enabled = false (custom)
2019-09-26 21:19:14,610 [pool-27-thread-1] INFO  impl.RaftServerImpl (ServerState.java:<init>(103)) - 9ce0b59e-153f-4f41-8aed-492a76d80b48@group-0FD1EA0A8F9D: ConfigurationManager, init=-1: [9ce0b59e-153f-4f41-8aed-492a76d80b48:192.168.151.99:34156], old=null, confs=<EMPTY_MAP>
2019-09-26 21:19:14,610 [pool-27-thread-1] INFO  server.RaftServerConfigKeys (ConfUtils.java:logGet(43)) - raft.server.storage.dir = [/workdir/hadoop-ozone/ozonefs/target/test-dir/MiniOzoneClusterImpl-5b64906c-d720-4906-b30c-b6d56a2122fd/datanode-0/data/ratis] (custom)
2019-09-26 21:19:14,610 [pool-27-thread-1] INFO  storage.RaftStorageDirectory (RaftStorageDirectory.java:analyzeStorage(246)) - The storage directory /workdir/hadoop-ozone/ozonefs/target/test-dir/MiniOzoneClusterImpl-5b64906c-d720-4906-b30c-b6d56a2122fd/datanode-0/data/ratis/18ed225a-4a91-4350-9d6c-0fd1ea0a8f9d does not exist. Creating ...
2019-09-26 21:19:14,623 [pool-27-thread-1] INFO  storage.RaftStorageDirectory (RaftStorageDirectory.java:tryLock(328)) - Lock on /workdir/hadoop-ozone/ozonefs/target/test-dir/MiniOzoneClusterImpl-5b64906c-d720-4906-b30c-b6d56a2122fd/datanode-0/data/ratis/18ed225a-4a91-4350-9d6c-0fd1ea0a8f9d/in_use.lock acquired by nodename 10701@pr-hdds-1569-g6sp5-2013761785
2019-09-26 21:19:14,638 [pool-27-thread-1] INFO  storage.RaftStorage (RaftStorage.java:format(72)) - Storage directory /workdir/hadoop-ozone/ozonefs/target/test-dir/MiniOzoneClusterImpl-5b64906c-d720-4906-b30c-b6d56a2122fd/datanode-0/data/ratis/18ed225a-4a91-4350-9d6c-0fd1ea0a8f9d has been successfully formatted.
2019-09-26 21:19:14,638 [pool-27-thread-1] INFO  ratis.ContainerStateMachine (ContainerStateMachine.java:loadSnapshot(230)) - group-0FD1EA0A8F9D: The snapshot info is null. Setting the last applied indexto:(t:0, i:~)
2019-09-26 21:19:14,638 [pool-27-thread-1] INFO  server.RaftServerConfigKeys (ConfUtils.java:logGet(43)) - raft.server.notification.no-leader.timeout = 120s (custom)
2019-09-26 21:19:14,639 [pool-27-thread-1] INFO  server.RaftServerConfigKeys (ConfUtils.java:logGet(43)) - raft.server.log.use.memory = false (default)
2019-09-26 21:19:14,639 [pool-27-thread-1] INFO  server.RaftServerConfigKeys (ConfUtils.java:logGet(43)) - raft.server.log.purge.gap = 1000000 (custom)
2019-09-26 21:19:14,639 [pool-27-thread-1] INFO  server.RaftServerConfigKeys (ConfUtils.java:logGet(43)) - raft.server.log.appender.buffer.byte-limit = 33554432 (custom)
2019-09-26 21:19:14,639 [pool-27-thread-1] INFO  server.RaftServerConfigKeys (ConfUtils.java:logGet(43)) - raft.server.log.segment.size.max = 1048576 (custom)
2019-09-26 21:19:14,639 [pool-27-thread-1] INFO  server.RaftServerConfigKeys (ConfUtils.java:logGet(43)) - raft.server.log.segment.cache.num.max = 2 (custom)
2019-09-26 21:19:14,639 [pool-27-thread-1] INFO  segmented.SegmentedRaftLogWorker (SegmentedRaftLogWorker.java:<init>(172)) - new 9ce0b59e-153f-4f41-8aed-492a76d80b48@group-0FD1EA0A8F9D-SegmentedRaftLogWorker for RaftStorage:Storage Directory /workdir/hadoop-ozone/ozonefs/target/test-dir/MiniOzoneClusterImpl-5b64906c-d720-4906-b30c-b6d56a2122fd/datanode-0/data/ratis/18ed225a-4a91-4350-9d6c-0fd1ea0a8f9d
2019-09-26 21:19:14,639 [pool-27-thread-1] INFO  server.RaftServerConfigKeys (ConfUtils.java:logGet(43)) - raft.server.log.queue.byte-limit = 2147483647 (custom)
2019-09-26 21:19:14,639 [pool-27-thread-1] INFO  server.RaftServerConfigKeys (ConfUtils.java:logGet(43)) - raft.server.log.queue.element-limit = 1024 (custom)
2019-09-26 21:19:14,640 [pool-27-thread-1] INFO  server.RaftServerConfigKeys (ConfUtils.java:logGet(43)) - raft.server.log.segment.size.max = 1048576 (custom)
2019-09-26 21:19:14,640 [pool-27-thread-1] INFO  server.RaftServerConfigKeys (ConfUtils.java:logGet(43)) - raft.server.log.preallocated.size = 16384 (custom)
2019-09-26 21:19:14,640 [pool-27-thread-1] INFO  server.RaftServerConfigKeys (ConfUtils.java:logGet(43)) - raft.server.log.write.buffer.size = 33554432 (custom)
2019-09-26 21:19:14,640 [pool-27-thread-1] INFO  server.RaftServerConfigKeys (ConfUtils.java:logGet(43)) - raft.server.log.force.sync.num = 128 (default)
2019-09-26 21:19:14,640 [pool-27-thread-1] INFO  server.RaftServerConfigKeys (ConfUtils.java:logGet(43)) - raft.server.log.statemachine.data.sync = true (default)
2019-09-26 21:19:14,640 [pool-27-thread-1] INFO  server.RaftServerConfigKeys (ConfUtils.java:logGet(43)) - raft.server.log.statemachine.data.sync.timeout = 10s (default)
2019-09-26 21:19:14,640 [pool-27-thread-1] INFO  server.RaftServerConfigKeys (ConfUtils.java:logGet(43)) - raft.server.log.statemachine.data.sync.timeout.retry = -1 (default)
2019-09-26 21:19:14,641 [pool-27-thread-1] INFO  server.RaftServerConfigKeys (ConfUtils.java:logGet(43)) - raft.server.log.statemachine.data.caching.enabled = true (custom)
2019-09-26 21:19:14,641 [pool-27-thread-1] INFO  segmented.SegmentedRaftLogWorker (SegmentedRaftLogWorker.java:lambda$new$0(132)) - 9ce0b59e-153f-4f41-8aed-492a76d80b48@group-0FD1EA0A8F9D-SegmentedRaftLogWorker: flushIndex: setUnconditionally 0 -> -1
2019-09-26 21:19:14,641 [pool-27-thread-1] INFO  server.RaftServerConfigKeys (ConfUtils.java:logGet(43)) - raft.server.snapshot.auto.trigger.enabled = true (custom)
2019-09-26 21:19:14,641 [pool-27-thread-1] INFO  server.RaftServerConfigKeys (ConfUtils.java:logGet(43)) - raft.server.snapshot.auto.trigger.threshold = 10000 (custom)
2019-09-26 21:19:14,641 [pool-27-thread-1] INFO  server.RaftServerConfigKeys (ConfUtils.java:logGet(43)) - raft.server.snapshot.retention.num.files = 5 (custom)
2019-09-26 21:19:14,642 [pool-27-thread-1] INFO  server.RaftServerConfigKeys (ConfUtils.java:logGet(43)) - raft.server.retrycache.expirytime = 600000ms (custom)
2019-09-26 21:19:14,643 [pool-27-thread-1] INFO  impl.RaftServerImpl (RaftServerImpl.java:start(185)) - 9ce0b59e-153f-4f41-8aed-492a76d80b48@group-0FD1EA0A8F9D: start as a follower, conf=-1: [9ce0b59e-153f-4f41-8aed-492a76d80b48:192.168.151.99:34156], old=null
2019-09-26 21:19:14,643 [pool-27-thread-1] INFO  impl.RaftServerImpl (RaftServerImpl.java:setRole(174)) - 9ce0b59e-153f-4f41-8aed-492a76d80b48@group-0FD1EA0A8F9D: changes role from      null to FOLLOWER at term 0 for startAsFollower
2019-09-26 21:19:14,643 [pool-27-thread-1] INFO  impl.RoleInfo (RoleInfo.java:updateAndGet(143)) - 9ce0b59e-153f-4f41-8aed-492a76d80b48: start FollowerState
2019-09-26 21:19:14,644 [pool-27-thread-1] INFO  util.JmxRegister (JmxRegister.java:tryRegister(44)) - Successfully registered JMX Bean with object name Ratis:service=RaftServer,group=group-0FD1EA0A8F9D,id=9ce0b59e-153f-4f41-8aed-492a76d80b48
2019-09-26 21:19:14,646 [RatisPipelineUtilsThread] INFO  pipeline.PipelineStateManager (PipelineStateManager.java:addPipeline(56)) - Created pipeline Pipeline[ Id: 18ed225a-4a91-4350-9d6c-0fd1ea0a8f9d, Nodes: 9ce0b59e-153f-4f41-8aed-492a76d80b48{ip: 192.168.151.99, host: pr-hdds-1569-g6sp5-2013761785, networkLocation: /default-rack, certSerialId: null}, Type:RATIS, Factor:ONE, State:OPEN]
2019-09-26 21:19:14,651 [grpc-default-executor-2] INFO  impl.RaftServerProxy (RaftServerProxy.java:addNew(89)) - 9ce0b59e-153f-4f41-8aed-492a76d80b48: addNew group-00776E898AAB:[9ce0b59e-153f-4f41-8aed-492a76d80b48:192.168.151.99:34156] returns group-00776E898AAB:java.util.concurrent.CompletableFuture@383a43df[Not completed]
2019-09-26 21:19:14,652 [pool-27-thread-1] INFO  impl.RaftServerImpl (RaftServerImpl.java:<init>(95)) - 9ce0b59e-153f-4f41-8aed-492a76d80b48: new RaftServerImpl for group-00776E898AAB:[9ce0b59e-153f-4f41-8aed-492a76d80b48:192.168.151.99:34156] with ContainerStateMachine:uninitialized
2019-09-26 21:19:14,652 [pool-27-thread-1] INFO  server.RaftServerConfigKeys (ConfUtils.java:logGet(43)) - raft.server.rpc.timeout.min = 5s (custom)
2019-09-26 21:19:14,652 [pool-27-thread-1] INFO  server.RaftServerConfigKeys (ConfUtils.java:logGet(43)) - raft.server.rpc.timeout.max = 5200ms (custom)
2019-09-26 21:19:14,652 [pool-27-thread-1] INFO  server.RaftServerConfigKeys (ConfUtils.java:logGet(43)) - raft.server.rpcslowness.timeout = 120s (custom)
2019-09-26 21:19:14,652 [pool-27-thread-1] INFO  server.RaftServerConfigKeys (ConfUtils.java:logGet(43)) - raft.server.sleep.deviation.threshold = 300 (default)
2019-09-26 21:19:14,652 [pool-27-thread-1] INFO  server.RaftServerConfigKeys (ConfUtils.java:logGet(43)) - raft.server.log.appender.install.snapshot.enabled = false (custom)
2019-09-26 21:19:14,652 [pool-27-thread-1] INFO  impl.RaftServerImpl (ServerState.java:<init>(103)) - 9ce0b59e-153f-4f41-8aed-492a76d80b48@group-00776E898AAB: ConfigurationManager, init=-1: [9ce0b59e-153f-4f41-8aed-492a76d80b48:192.168.151.99:34156], old=null, confs=<EMPTY_MAP>
2019-09-26 21:19:14,653 [pool-27-thread-1] INFO  server.RaftServerConfigKeys (ConfUtils.java:logGet(43)) - raft.server.storage.dir = [/workdir/hadoop-ozone/ozonefs/target/test-dir/MiniOzoneClusterImpl-5b64906c-d720-4906-b30c-b6d56a2122fd/datanode-0/data/ratis] (custom)
2019-09-26 21:19:14,653 [pool-27-thread-1] INFO  storage.RaftStorageDirectory (RaftStorageDirectory.java:analyzeStorage(246)) - The storage directory /workdir/hadoop-ozone/ozonefs/target/test-dir/MiniOzoneClusterImpl-5b64906c-d720-4906-b30c-b6d56a2122fd/datanode-0/data/ratis/1ffb942d-ed0d-468a-b59d-00776e898aab does not exist. Creating ...
2019-09-26 21:19:14,666 [pool-27-thread-1] INFO  storage.RaftStorageDirectory (RaftStorageDirectory.java:tryLock(328)) - Lock on /workdir/hadoop-ozone/ozonefs/target/test-dir/MiniOzoneClusterImpl-5b64906c-d720-4906-b30c-b6d56a2122fd/datanode-0/data/ratis/1ffb942d-ed0d-468a-b59d-00776e898aab/in_use.lock acquired by nodename 10701@pr-hdds-1569-g6sp5-2013761785
2019-09-26 21:19:14,678 [pool-27-thread-1] INFO  storage.RaftStorage (RaftStorage.java:format(72)) - Storage directory /workdir/hadoop-ozone/ozonefs/target/test-dir/MiniOzoneClusterImpl-5b64906c-d720-4906-b30c-b6d56a2122fd/datanode-0/data/ratis/1ffb942d-ed0d-468a-b59d-00776e898aab has been successfully formatted.
2019-09-26 21:19:14,678 [pool-27-thread-1] INFO  ratis.ContainerStateMachine (ContainerStateMachine.java:loadSnapshot(230)) - group-00776E898AAB: The snapshot info is null. Setting the last applied indexto:(t:0, i:~)
2019-09-26 21:19:14,679 [pool-27-thread-1] INFO  server.RaftServerConfigKeys (ConfUtils.java:logGet(43)) - raft.server.notification.no-leader.timeout = 120s (custom)
2019-09-26 21:19:14,679 [pool-27-thread-1] INFO  server.RaftServerConfigKeys (ConfUtils.java:logGet(43)) - raft.server.log.use.memory = false (default)
2019-09-26 21:19:14,679 [pool-27-thread-1] INFO  server.RaftServerConfigKeys (ConfUtils.java:logGet(43)) - raft.server.log.purge.gap = 1000000 (custom)
2019-09-26 21:19:14,679 [pool-27-thread-1] INFO  server.RaftServerConfigKeys (ConfUtils.java:logGet(43)) - raft.server.log.appender.buffer.byte-limit = 33554432 (custom)
2019-09-26 21:19:14,679 [pool-27-thread-1] INFO  server.RaftServerConfigKeys (ConfUtils.java:logGet(43)) - raft.server.log.segment.size.max = 1048576 (custom)
2019-09-26 21:19:14,679 [pool-27-thread-1] INFO  server.RaftServerConfigKeys (ConfUtils.java:logGet(43)) - raft.server.log.segment.cache.num.max = 2 (custom)
2019-09-26 21:19:14,679 [pool-27-thread-1] INFO  segmented.SegmentedRaftLogWorker (SegmentedRaftLogWorker.java:<init>(172)) - new 9ce0b59e-153f-4f41-8aed-492a76d80b48@group-00776E898AAB-SegmentedRaftLogWorker for RaftStorage:Storage Directory /workdir/hadoop-ozone/ozonefs/target/test-dir/MiniOzoneClusterImpl-5b64906c-d720-4906-b30c-b6d56a2122fd/datanode-0/data/ratis/1ffb942d-ed0d-468a-b59d-00776e898aab
2019-09-26 21:19:14,679 [pool-27-thread-1] INFO  server.RaftServerConfigKeys (ConfUtils.java:logGet(43)) - raft.server.log.queue.byte-limit = 2147483647 (custom)
2019-09-26 21:19:14,679 [pool-27-thread-1] INFO  server.RaftServerConfigKeys (ConfUtils.java:logGet(43)) - raft.server.log.queue.element-limit = 1024 (custom)
2019-09-26 21:19:14,679 [pool-27-thread-1] INFO  server.RaftServerConfigKeys (ConfUtils.java:logGet(43)) - raft.server.log.segment.size.max = 1048576 (custom)
2019-09-26 21:19:14,680 [pool-27-thread-1] INFO  server.RaftServerConfigKeys (ConfUtils.java:logGet(43)) - raft.server.log.preallocated.size = 16384 (custom)
2019-09-26 21:19:14,680 [pool-27-thread-1] INFO  server.RaftServerConfigKeys (ConfUtils.java:logGet(43)) - raft.server.log.write.buffer.size = 33554432 (custom)
2019-09-26 21:19:14,680 [pool-27-thread-1] INFO  server.RaftServerConfigKeys (ConfUtils.java:logGet(43)) - raft.server.log.force.sync.num = 128 (default)
2019-09-26 21:19:14,680 [pool-27-thread-1] INFO  server.RaftServerConfigKeys (ConfUtils.java:logGet(43)) - raft.server.log.statemachine.data.sync = true (default)
2019-09-26 21:19:14,680 [pool-27-thread-1] INFO  server.RaftServerConfigKeys (ConfUtils.java:logGet(43)) - raft.server.log.statemachine.data.sync.timeout = 10s (default)
2019-09-26 21:19:14,680 [pool-27-thread-1] INFO  server.RaftServerConfigKeys (ConfUtils.java:logGet(43)) - raft.server.log.statemachine.data.sync.timeout.retry = -1 (default)
2019-09-26 21:19:14,680 [pool-27-thread-1] INFO  server.RaftServerConfigKeys (ConfUtils.java:logGet(43)) - raft.server.log.statemachine.data.caching.enabled = true (custom)
2019-09-26 21:19:14,680 [pool-27-thread-1] INFO  segmented.SegmentedRaftLogWorker (SegmentedRaftLogWorker.java:lambda$new$0(132)) - 9ce0b59e-153f-4f41-8aed-492a76d80b48@group-00776E898AAB-SegmentedRaftLogWorker: flushIndex: setUnconditionally 0 -> -1
2019-09-26 21:19:14,681 [pool-27-thread-1] INFO  server.RaftServerConfigKeys (ConfUtils.java:logGet(43)) - raft.server.snapshot.auto.trigger.enabled = true (custom)
2019-09-26 21:19:14,681 [pool-27-thread-1] INFO  server.RaftServerConfigKeys (ConfUtils.java:logGet(43)) - raft.server.snapshot.auto.trigger.threshold = 10000 (custom)
2019-09-26 21:19:14,681 [pool-27-thread-1] INFO  server.RaftServerConfigKeys (ConfUtils.java:logGet(43)) - raft.server.snapshot.retention.num.files = 5 (custom)
2019-09-26 21:19:14,681 [pool-27-thread-1] INFO  server.RaftServerConfigKeys (ConfUtils.java:logGet(43)) - raft.server.retrycache.expirytime = 600000ms (custom)
2019-09-26 21:19:14,682 [pool-27-thread-1] INFO  impl.RaftServerImpl (RaftServerImpl.java:start(185)) - 9ce0b59e-153f-4f41-8aed-492a76d80b48@group-00776E898AAB: start as a follower, conf=-1: [9ce0b59e-153f-4f41-8aed-492a76d80b48:192.168.151.99:34156], old=null
2019-09-26 21:19:14,682 [pool-27-thread-1] INFO  impl.RaftServerImpl (RaftServerImpl.java:setRole(174)) - 9ce0b59e-153f-4f41-8aed-492a76d80b48@group-00776E898AAB: changes role from      null to FOLLOWER at term 0 for startAsFollower
2019-09-26 21:19:14,682 [pool-27-thread-1] INFO  impl.RoleInfo (RoleInfo.java:updateAndGet(143)) - 9ce0b59e-153f-4f41-8aed-492a76d80b48: start FollowerState
2019-09-26 21:19:14,682 [pool-27-thread-1] INFO  util.JmxRegister (JmxRegister.java:tryRegister(44)) - Successfully registered JMX Bean with object name Ratis:service=RaftServer,group=group-00776E898AAB,id=9ce0b59e-153f-4f41-8aed-492a76d80b48
2019-09-26 21:19:14,685 [RatisPipelineUtilsThread] INFO  pipeline.PipelineStateManager (PipelineStateManager.java:addPipeline(56)) - Created pipeline Pipeline[ Id: 1ffb942d-ed0d-468a-b59d-00776e898aab, Nodes: 9ce0b59e-153f-4f41-8aed-492a76d80b48{ip: 192.168.151.99, host: pr-hdds-1569-g6sp5-2013761785, networkLocation: /default-rack, certSerialId: null}, Type:RATIS, Factor:ONE, State:OPEN]
2019-09-26 21:19:14,689 [grpc-default-executor-2] INFO  impl.RaftServerProxy (RaftServerProxy.java:addNew(89)) - 09112efe-1fad-4539-a04f-c96aef6d2351: addNew group-11EBA2FC1B7A:[09112efe-1fad-4539-a04f-c96aef6d2351:192.168.151.99:45286] returns group-11EBA2FC1B7A:java.util.concurrent.CompletableFuture@6c9f0a62[Not completed]
2019-09-26 21:19:14,690 [pool-47-thread-1] INFO  impl.RaftServerImpl (RaftServerImpl.java:<init>(95)) - 09112efe-1fad-4539-a04f-c96aef6d2351: new RaftServerImpl for group-11EBA2FC1B7A:[09112efe-1fad-4539-a04f-c96aef6d2351:192.168.151.99:45286] with ContainerStateMachine:uninitialized
2019-09-26 21:19:14,690 [pool-47-thread-1] INFO  server.RaftServerConfigKeys (ConfUtils.java:logGet(43)) - raft.server.rpc.timeout.min = 5s (custom)
2019-09-26 21:19:14,690 [pool-47-thread-1] INFO  server.RaftServerConfigKeys (ConfUtils.java:logGet(43)) - raft.server.rpc.timeout.max = 5200ms (custom)
2019-09-26 21:19:14,690 [pool-47-thread-1] INFO  server.RaftServerConfigKeys (ConfUtils.java:logGet(43)) - raft.server.rpcslowness.timeout = 120s (custom)
2019-09-26 21:19:14,690 [pool-47-thread-1] INFO  server.RaftServerConfigKeys (ConfUtils.java:logGet(43)) - raft.server.sleep.deviation.threshold = 300 (default)
2019-09-26 21:19:14,690 [pool-47-thread-1] INFO  server.RaftServerConfigKeys (ConfUtils.java:logGet(43)) - raft.server.log.appender.install.snapshot.enabled = false (custom)
2019-09-26 21:19:14,690 [pool-47-thread-1] INFO  impl.RaftServerImpl (ServerState.java:<init>(103)) - 09112efe-1fad-4539-a04f-c96aef6d2351@group-11EBA2FC1B7A: ConfigurationManager, init=-1: [09112efe-1fad-4539-a04f-c96aef6d2351:192.168.151.99:45286], old=null, confs=<EMPTY_MAP>
2019-09-26 21:19:14,691 [pool-47-thread-1] INFO  server.RaftServerConfigKeys (ConfUtils.java:logGet(43)) - raft.server.storage.dir = [/workdir/hadoop-ozone/ozonefs/target/test-dir/MiniOzoneClusterImpl-5b64906c-d720-4906-b30c-b6d56a2122fd/datanode-2/data/ratis] (custom)
2019-09-26 21:19:14,691 [pool-47-thread-1] INFO  storage.RaftStorageDirectory (RaftStorageDirectory.java:analyzeStorage(246)) - The storage directory /workdir/hadoop-ozone/ozonefs/target/test-dir/MiniOzoneClusterImpl-5b64906c-d720-4906-b30c-b6d56a2122fd/datanode-2/data/ratis/af6beaca-4070-43d1-a791-11eba2fc1b7a does not exist. Creating ...
2019-09-26 21:19:14,705 [pool-47-thread-1] INFO  storage.RaftStorageDirectory (RaftStorageDirectory.java:tryLock(328)) - Lock on /workdir/hadoop-ozone/ozonefs/target/test-dir/MiniOzoneClusterImpl-5b64906c-d720-4906-b30c-b6d56a2122fd/datanode-2/data/ratis/af6beaca-4070-43d1-a791-11eba2fc1b7a/in_use.lock acquired by nodename 10701@pr-hdds-1569-g6sp5-2013761785
2019-09-26 21:19:14,718 [pool-47-thread-1] INFO  storage.RaftStorage (RaftStorage.java:format(72)) - Storage directory /workdir/hadoop-ozone/ozonefs/target/test-dir/MiniOzoneClusterImpl-5b64906c-d720-4906-b30c-b6d56a2122fd/datanode-2/data/ratis/af6beaca-4070-43d1-a791-11eba2fc1b7a has been successfully formatted.
2019-09-26 21:19:14,718 [pool-47-thread-1] INFO  ratis.ContainerStateMachine (ContainerStateMachine.java:loadSnapshot(230)) - group-11EBA2FC1B7A: The snapshot info is null. Setting the last applied indexto:(t:0, i:~)
2019-09-26 21:19:14,718 [pool-47-thread-1] INFO  server.RaftServerConfigKeys (ConfUtils.java:logGet(43)) - raft.server.notification.no-leader.timeout = 120s (custom)
2019-09-26 21:19:14,718 [pool-47-thread-1] INFO  server.RaftServerConfigKeys (ConfUtils.java:logGet(43)) - raft.server.log.use.memory = false (default)
2019-09-26 21:19:14,719 [pool-47-thread-1] INFO  server.RaftServerConfigKeys (ConfUtils.java:logGet(43)) - raft.server.log.purge.gap = 1000000 (custom)
2019-09-26 21:19:14,719 [pool-47-thread-1] INFO  server.RaftServerConfigKeys (ConfUtils.java:logGet(43)) - raft.server.log.appender.buffer.byte-limit = 33554432 (custom)
2019-09-26 21:19:14,719 [pool-47-thread-1] INFO  server.RaftServerConfigKeys (ConfUtils.java:logGet(43)) - raft.server.log.segment.size.max = 1048576 (custom)
2019-09-26 21:19:14,719 [pool-47-thread-1] INFO  server.RaftServerConfigKeys (ConfUtils.java:logGet(43)) - raft.server.log.segment.cache.num.max = 2 (custom)
2019-09-26 21:19:14,719 [pool-47-thread-1] INFO  segmented.SegmentedRaftLogWorker (SegmentedRaftLogWorker.java:<init>(172)) - new 09112efe-1fad-4539-a04f-c96aef6d2351@group-11EBA2FC1B7A-SegmentedRaftLogWorker for RaftStorage:Storage Directory /workdir/hadoop-ozone/ozonefs/target/test-dir/MiniOzoneClusterImpl-5b64906c-d720-4906-b30c-b6d56a2122fd/datanode-2/data/ratis/af6beaca-4070-43d1-a791-11eba2fc1b7a
2019-09-26 21:19:14,719 [pool-47-thread-1] INFO  server.RaftServerConfigKeys (ConfUtils.java:logGet(43)) - raft.server.log.queue.byte-limit = 2147483647 (custom)
2019-09-26 21:19:14,719 [pool-47-thread-1] INFO  server.RaftServerConfigKeys (ConfUtils.java:logGet(43)) - raft.server.log.queue.element-limit = 1024 (custom)
2019-09-26 21:19:14,719 [pool-47-thread-1] INFO  server.RaftServerConfigKeys (ConfUtils.java:logGet(43)) - raft.server.log.segment.size.max = 1048576 (custom)
2019-09-26 21:19:14,720 [pool-47-thread-1] INFO  server.RaftServerConfigKeys (ConfUtils.java:logGet(43)) - raft.server.log.preallocated.size = 16384 (custom)
2019-09-26 21:19:14,720 [pool-47-thread-1] INFO  server.RaftServerConfigKeys (ConfUtils.java:logGet(43)) - raft.server.log.write.buffer.size = 33554432 (custom)
2019-09-26 21:19:14,720 [pool-47-thread-1] INFO  server.RaftServerConfigKeys (ConfUtils.java:logGet(43)) - raft.server.log.force.sync.num = 128 (default)
2019-09-26 21:19:14,720 [pool-47-thread-1] INFO  server.RaftServerConfigKeys (ConfUtils.java:logGet(43)) - raft.server.log.statemachine.data.sync = true (default)
2019-09-26 21:19:14,720 [pool-47-thread-1] INFO  server.RaftServerConfigKeys (ConfUtils.java:logGet(43)) - raft.server.log.statemachine.data.sync.timeout = 10s (default)
2019-09-26 21:19:14,720 [pool-47-thread-1] INFO  server.RaftServerConfigKeys (ConfUtils.java:logGet(43)) - raft.server.log.statemachine.data.sync.timeout.retry = -1 (default)
2019-09-26 21:19:14,720 [pool-47-thread-1] INFO  server.RaftServerConfigKeys (ConfUtils.java:logGet(43)) - raft.server.log.statemachine.data.caching.enabled = true (custom)
2019-09-26 21:19:14,721 [pool-47-thread-1] INFO  segmented.SegmentedRaftLogWorker (SegmentedRaftLogWorker.java:lambda$new$0(132)) - 09112efe-1fad-4539-a04f-c96aef6d2351@group-11EBA2FC1B7A-SegmentedRaftLogWorker: flushIndex: setUnconditionally 0 -> -1
2019-09-26 21:19:14,721 [pool-47-thread-1] INFO  server.RaftServerConfigKeys (ConfUtils.java:logGet(43)) - raft.server.snapshot.auto.trigger.enabled = true (custom)
2019-09-26 21:19:14,721 [pool-47-thread-1] INFO  server.RaftServerConfigKeys (ConfUtils.java:logGet(43)) - raft.server.snapshot.auto.trigger.threshold = 10000 (custom)
2019-09-26 21:19:14,721 [pool-47-thread-1] INFO  server.RaftServerConfigKeys (ConfUtils.java:logGet(43)) - raft.server.snapshot.retention.num.files = 5 (custom)
2019-09-26 21:19:14,721 [pool-47-thread-1] INFO  server.RaftServerConfigKeys (ConfUtils.java:logGet(43)) - raft.server.retrycache.expirytime = 600000ms (custom)
2019-09-26 21:19:14,723 [pool-47-thread-1] INFO  impl.RaftServerImpl (RaftServerImpl.java:start(185)) - 09112efe-1fad-4539-a04f-c96aef6d2351@group-11EBA2FC1B7A: start as a follower, conf=-1: [09112efe-1fad-4539-a04f-c96aef6d2351:192.168.151.99:45286], old=null
2019-09-26 21:19:14,723 [pool-47-thread-1] INFO  impl.RaftServerImpl (RaftServerImpl.java:setRole(174)) - 09112efe-1fad-4539-a04f-c96aef6d2351@group-11EBA2FC1B7A: changes role from      null to FOLLOWER at term 0 for startAsFollower
2019-09-26 21:19:14,723 [pool-47-thread-1] INFO  impl.RoleInfo (RoleInfo.java:updateAndGet(143)) - 09112efe-1fad-4539-a04f-c96aef6d2351: start FollowerState
2019-09-26 21:19:14,724 [pool-47-thread-1] INFO  util.JmxRegister (JmxRegister.java:tryRegister(44)) - Successfully registered JMX Bean with object name Ratis:service=RaftServer,group=group-11EBA2FC1B7A,id=09112efe-1fad-4539-a04f-c96aef6d2351
2019-09-26 21:19:14,726 [RatisPipelineUtilsThread] INFO  pipeline.PipelineStateManager (PipelineStateManager.java:addPipeline(56)) - Created pipeline Pipeline[ Id: af6beaca-4070-43d1-a791-11eba2fc1b7a, Nodes: 09112efe-1fad-4539-a04f-c96aef6d2351{ip: 192.168.151.99, host: pr-hdds-1569-g6sp5-2013761785, networkLocation: /default-rack, certSerialId: null}, Type:RATIS, Factor:ONE, State:OPEN]
2019-09-26 21:19:14,730 [grpc-default-executor-2] INFO  impl.RaftServerProxy (RaftServerProxy.java:addNew(89)) - 9ce0b59e-153f-4f41-8aed-492a76d80b48: addNew group-556BB265CEA3:[9ce0b59e-153f-4f41-8aed-492a76d80b48:192.168.151.99:34156] returns group-556BB265CEA3:java.util.concurrent.CompletableFuture@56390e39[Not completed]
2019-09-26 21:19:14,731 [pool-27-thread-1] INFO  impl.RaftServerImpl (RaftServerImpl.java:<init>(95)) - 9ce0b59e-153f-4f41-8aed-492a76d80b48: new RaftServerImpl for group-556BB265CEA3:[9ce0b59e-153f-4f41-8aed-492a76d80b48:192.168.151.99:34156] with ContainerStateMachine:uninitialized
2019-09-26 21:19:14,731 [pool-27-thread-1] INFO  server.RaftServerConfigKeys (ConfUtils.java:logGet(43)) - raft.server.rpc.timeout.min = 5s (custom)
2019-09-26 21:19:14,732 [pool-27-thread-1] INFO  server.RaftServerConfigKeys (ConfUtils.java:logGet(43)) - raft.server.rpc.timeout.max = 5200ms (custom)
2019-09-26 21:19:14,732 [pool-27-thread-1] INFO  server.RaftServerConfigKeys (ConfUtils.java:logGet(43)) - raft.server.rpcslowness.timeout = 120s (custom)
2019-09-26 21:19:14,732 [pool-27-thread-1] INFO  server.RaftServerConfigKeys (ConfUtils.java:logGet(43)) - raft.server.sleep.deviation.threshold = 300 (default)
2019-09-26 21:19:14,732 [pool-27-thread-1] INFO  server.RaftServerConfigKeys (ConfUtils.java:logGet(43)) - raft.server.log.appender.install.snapshot.enabled = false (custom)
2019-09-26 21:19:14,732 [pool-27-thread-1] INFO  impl.RaftServerImpl (ServerState.java:<init>(103)) - 9ce0b59e-153f-4f41-8aed-492a76d80b48@group-556BB265CEA3: ConfigurationManager, init=-1: [9ce0b59e-153f-4f41-8aed-492a76d80b48:192.168.151.99:34156], old=null, confs=<EMPTY_MAP>
2019-09-26 21:19:14,732 [pool-27-thread-1] INFO  server.RaftServerConfigKeys (ConfUtils.java:logGet(43)) - raft.server.storage.dir = [/workdir/hadoop-ozone/ozonefs/target/test-dir/MiniOzoneClusterImpl-5b64906c-d720-4906-b30c-b6d56a2122fd/datanode-0/data/ratis] (custom)
2019-09-26 21:19:14,733 [pool-27-thread-1] INFO  storage.RaftStorageDirectory (RaftStorageDirectory.java:analyzeStorage(246)) - The storage directory /workdir/hadoop-ozone/ozonefs/target/test-dir/MiniOzoneClusterImpl-5b64906c-d720-4906-b30c-b6d56a2122fd/datanode-0/data/ratis/5f3ff45c-a680-41c3-812d-556bb265cea3 does not exist. Creating ...
2019-09-26 21:19:14,745 [pool-27-thread-1] INFO  storage.RaftStorageDirectory (RaftStorageDirectory.java:tryLock(328)) - Lock on /workdir/hadoop-ozone/ozonefs/target/test-dir/MiniOzoneClusterImpl-5b64906c-d720-4906-b30c-b6d56a2122fd/datanode-0/data/ratis/5f3ff45c-a680-41c3-812d-556bb265cea3/in_use.lock acquired by nodename 10701@pr-hdds-1569-g6sp5-2013761785
2019-09-26 21:19:14,758 [pool-27-thread-1] INFO  storage.RaftStorage (RaftStorage.java:format(72)) - Storage directory /workdir/hadoop-ozone/ozonefs/target/test-dir/MiniOzoneClusterImpl-5b64906c-d720-4906-b30c-b6d56a2122fd/datanode-0/data/ratis/5f3ff45c-a680-41c3-812d-556bb265cea3 has been successfully formatted.
2019-09-26 21:19:14,759 [pool-27-thread-1] INFO  ratis.ContainerStateMachine (ContainerStateMachine.java:loadSnapshot(230)) - group-556BB265CEA3: The snapshot info is null. Setting the last applied indexto:(t:0, i:~)
2019-09-26 21:19:14,759 [pool-27-thread-1] INFO  server.RaftServerConfigKeys (ConfUtils.java:logGet(43)) - raft.server.notification.no-leader.timeout = 120s (custom)
2019-09-26 21:19:14,759 [pool-27-thread-1] INFO  server.RaftServerConfigKeys (ConfUtils.java:logGet(43)) - raft.server.log.use.memory = false (default)
2019-09-26 21:19:14,759 [pool-27-thread-1] INFO  server.RaftServerConfigKeys (ConfUtils.java:logGet(43)) - raft.server.log.purge.gap = 1000000 (custom)
2019-09-26 21:19:14,759 [pool-27-thread-1] INFO  server.RaftServerConfigKeys (ConfUtils.java:logGet(43)) - raft.server.log.appender.buffer.byte-limit = 33554432 (custom)
2019-09-26 21:19:14,760 [pool-27-thread-1] INFO  server.RaftServerConfigKeys (ConfUtils.java:logGet(43)) - raft.server.log.segment.size.max = 1048576 (custom)
2019-09-26 21:19:14,760 [pool-27-thread-1] INFO  server.RaftServerConfigKeys (ConfUtils.java:logGet(43)) - raft.server.log.segment.cache.num.max = 2 (custom)
2019-09-26 21:19:14,760 [pool-27-thread-1] INFO  segmented.SegmentedRaftLogWorker (SegmentedRaftLogWorker.java:<init>(172)) - new 9ce0b59e-153f-4f41-8aed-492a76d80b48@group-556BB265CEA3-SegmentedRaftLogWorker for RaftStorage:Storage Directory /workdir/hadoop-ozone/ozonefs/target/test-dir/MiniOzoneClusterImpl-5b64906c-d720-4906-b30c-b6d56a2122fd/datanode-0/data/ratis/5f3ff45c-a680-41c3-812d-556bb265cea3
2019-09-26 21:19:14,760 [pool-27-thread-1] INFO  server.RaftServerConfigKeys (ConfUtils.java:logGet(43)) - raft.server.log.queue.byte-limit = 2147483647 (custom)
2019-09-26 21:19:14,760 [pool-27-thread-1] INFO  server.RaftServerConfigKeys (ConfUtils.java:logGet(43)) - raft.server.log.queue.element-limit = 1024 (custom)
2019-09-26 21:19:14,760 [pool-27-thread-1] INFO  server.RaftServerConfigKeys (ConfUtils.java:logGet(43)) - raft.server.log.segment.size.max = 1048576 (custom)
2019-09-26 21:19:14,760 [pool-27-thread-1] INFO  server.RaftServerConfigKeys (ConfUtils.java:logGet(43)) - raft.server.log.preallocated.size = 16384 (custom)
2019-09-26 21:19:14,761 [pool-27-thread-1] INFO  server.RaftServerConfigKeys (ConfUtils.java:logGet(43)) - raft.server.log.write.buffer.size = 33554432 (custom)
2019-09-26 21:19:14,761 [pool-27-thread-1] INFO  server.RaftServerConfigKeys (ConfUtils.java:logGet(43)) - raft.server.log.force.sync.num = 128 (default)
2019-09-26 21:19:14,761 [pool-27-thread-1] INFO  server.RaftServerConfigKeys (ConfUtils.java:logGet(43)) - raft.server.log.statemachine.data.sync = true (default)
2019-09-26 21:19:14,761 [pool-27-thread-1] INFO  server.RaftServerConfigKeys (ConfUtils.java:logGet(43)) - raft.server.log.statemachine.data.sync.timeout = 10s (default)
2019-09-26 21:19:14,761 [pool-27-thread-1] INFO  server.RaftServerConfigKeys (ConfUtils.java:logGet(43)) - raft.server.log.statemachine.data.sync.timeout.retry = -1 (default)
2019-09-26 21:19:14,761 [pool-27-thread-1] INFO  server.RaftServerConfigKeys (ConfUtils.java:logGet(43)) - raft.server.log.statemachine.data.caching.enabled = true (custom)
2019-09-26 21:19:14,762 [pool-27-thread-1] INFO  segmented.SegmentedRaftLogWorker (SegmentedRaftLogWorker.java:lambda$new$0(132)) - 9ce0b59e-153f-4f41-8aed-492a76d80b48@group-556BB265CEA3-SegmentedRaftLogWorker: flushIndex: setUnconditionally 0 -> -1
2019-09-26 21:19:14,762 [pool-27-thread-1] INFO  server.RaftServerConfigKeys (ConfUtils.java:logGet(43)) - raft.server.snapshot.auto.trigger.enabled = true (custom)
2019-09-26 21:19:14,762 [pool-27-thread-1] INFO  server.RaftServerConfigKeys (ConfUtils.java:logGet(43)) - raft.server.snapshot.auto.trigger.threshold = 10000 (custom)
2019-09-26 21:19:14,762 [pool-27-thread-1] INFO  server.RaftServerConfigKeys (ConfUtils.java:logGet(43)) - raft.server.snapshot.retention.num.files = 5 (custom)
2019-09-26 21:19:14,763 [pool-27-thread-1] INFO  server.RaftServerConfigKeys (ConfUtils.java:logGet(43)) - raft.server.retrycache.expirytime = 600000ms (custom)
2019-09-26 21:19:14,764 [pool-27-thread-1] INFO  impl.RaftServerImpl (RaftServerImpl.java:start(185)) - 9ce0b59e-153f-4f41-8aed-492a76d80b48@group-556BB265CEA3: start as a follower, conf=-1: [9ce0b59e-153f-4f41-8aed-492a76d80b48:192.168.151.99:34156], old=null
2019-09-26 21:19:14,765 [pool-27-thread-1] INFO  impl.RaftServerImpl (RaftServerImpl.java:setRole(174)) - 9ce0b59e-153f-4f41-8aed-492a76d80b48@group-556BB265CEA3: changes role from      null to FOLLOWER at term 0 for startAsFollower
2019-09-26 21:19:14,765 [pool-27-thread-1] INFO  impl.RoleInfo (RoleInfo.java:updateAndGet(143)) - 9ce0b59e-153f-4f41-8aed-492a76d80b48: start FollowerState
2019-09-26 21:19:14,765 [pool-27-thread-1] INFO  util.JmxRegister (JmxRegister.java:tryRegister(44)) - Successfully registered JMX Bean with object name Ratis:service=RaftServer,group=group-556BB265CEA3,id=9ce0b59e-153f-4f41-8aed-492a76d80b48
2019-09-26 21:19:14,767 [RatisPipelineUtilsThread] INFO  pipeline.PipelineStateManager (PipelineStateManager.java:addPipeline(56)) - Created pipeline Pipeline[ Id: 5f3ff45c-a680-41c3-812d-556bb265cea3, Nodes: 9ce0b59e-153f-4f41-8aed-492a76d80b48{ip: 192.168.151.99, host: pr-hdds-1569-g6sp5-2013761785, networkLocation: /default-rack, certSerialId: null}, Type:RATIS, Factor:ONE, State:OPEN]
2019-09-26 21:19:14,771 [grpc-default-executor-2] INFO  impl.RaftServerProxy (RaftServerProxy.java:addNew(89)) - 9ce0b59e-153f-4f41-8aed-492a76d80b48: addNew group-C9D9502D9D87:[9ce0b59e-153f-4f41-8aed-492a76d80b48:192.168.151.99:34156] returns group-C9D9502D9D87:java.util.concurrent.CompletableFuture@46ada5a4[Not completed]
2019-09-26 21:19:14,772 [pool-27-thread-1] INFO  impl.RaftServerImpl (RaftServerImpl.java:<init>(95)) - 9ce0b59e-153f-4f41-8aed-492a76d80b48: new RaftServerImpl for group-C9D9502D9D87:[9ce0b59e-153f-4f41-8aed-492a76d80b48:192.168.151.99:34156] with ContainerStateMachine:uninitialized
2019-09-26 21:19:14,772 [pool-27-thread-1] INFO  server.RaftServerConfigKeys (ConfUtils.java:logGet(43)) - raft.server.rpc.timeout.min = 5s (custom)
2019-09-26 21:19:14,772 [pool-27-thread-1] INFO  server.RaftServerConfigKeys (ConfUtils.java:logGet(43)) - raft.server.rpc.timeout.max = 5200ms (custom)
2019-09-26 21:19:14,772 [pool-27-thread-1] INFO  server.RaftServerConfigKeys (ConfUtils.java:logGet(43)) - raft.server.rpcslowness.timeout = 120s (custom)
2019-09-26 21:19:14,773 [pool-27-thread-1] INFO  server.RaftServerConfigKeys (ConfUtils.java:logGet(43)) - raft.server.sleep.deviation.threshold = 300 (default)
2019-09-26 21:19:14,773 [pool-27-thread-1] INFO  server.RaftServerConfigKeys (ConfUtils.java:logGet(43)) - raft.server.log.appender.install.snapshot.enabled = false (custom)
2019-09-26 21:19:14,773 [pool-27-thread-1] INFO  impl.RaftServerImpl (ServerState.java:<init>(103)) - 9ce0b59e-153f-4f41-8aed-492a76d80b48@group-C9D9502D9D87: ConfigurationManager, init=-1: [9ce0b59e-153f-4f41-8aed-492a76d80b48:192.168.151.99:34156], old=null, confs=<EMPTY_MAP>
2019-09-26 21:19:14,773 [pool-27-thread-1] INFO  server.RaftServerConfigKeys (ConfUtils.java:logGet(43)) - raft.server.storage.dir = [/workdir/hadoop-ozone/ozonefs/target/test-dir/MiniOzoneClusterImpl-5b64906c-d720-4906-b30c-b6d56a2122fd/datanode-0/data/ratis] (custom)
2019-09-26 21:19:14,774 [pool-27-thread-1] INFO  storage.RaftStorageDirectory (RaftStorageDirectory.java:analyzeStorage(246)) - The storage directory /workdir/hadoop-ozone/ozonefs/target/test-dir/MiniOzoneClusterImpl-5b64906c-d720-4906-b30c-b6d56a2122fd/datanode-0/data/ratis/8a54a435-0a3f-4848-84ff-c9d9502d9d87 does not exist. Creating ...
2019-09-26 21:19:14,786 [pool-27-thread-1] INFO  storage.RaftStorageDirectory (RaftStorageDirectory.java:tryLock(328)) - Lock on /workdir/hadoop-ozone/ozonefs/target/test-dir/MiniOzoneClusterImpl-5b64906c-d720-4906-b30c-b6d56a2122fd/datanode-0/data/ratis/8a54a435-0a3f-4848-84ff-c9d9502d9d87/in_use.lock acquired by nodename 10701@pr-hdds-1569-g6sp5-2013761785
2019-09-26 21:19:14,799 [pool-27-thread-1] INFO  storage.RaftStorage (RaftStorage.java:format(72)) - Storage directory /workdir/hadoop-ozone/ozonefs/target/test-dir/MiniOzoneClusterImpl-5b64906c-d720-4906-b30c-b6d56a2122fd/datanode-0/data/ratis/8a54a435-0a3f-4848-84ff-c9d9502d9d87 has been successfully formatted.
2019-09-26 21:19:14,799 [pool-27-thread-1] INFO  ratis.ContainerStateMachine (ContainerStateMachine.java:loadSnapshot(230)) - group-C9D9502D9D87: The snapshot info is null. Setting the last applied indexto:(t:0, i:~)
2019-09-26 21:19:14,800 [pool-27-thread-1] INFO  server.RaftServerConfigKeys (ConfUtils.java:logGet(43)) - raft.server.notification.no-leader.timeout = 120s (custom)
2019-09-26 21:19:14,800 [pool-27-thread-1] INFO  server.RaftServerConfigKeys (ConfUtils.java:logGet(43)) - raft.server.log.use.memory = false (default)
2019-09-26 21:19:14,800 [pool-27-thread-1] INFO  server.RaftServerConfigKeys (ConfUtils.java:logGet(43)) - raft.server.log.purge.gap = 1000000 (custom)
2019-09-26 21:19:14,800 [pool-27-thread-1] INFO  server.RaftServerConfigKeys (ConfUtils.java:logGet(43)) - raft.server.log.appender.buffer.byte-limit = 33554432 (custom)
2019-09-26 21:19:14,800 [pool-27-thread-1] INFO  server.RaftServerConfigKeys (ConfUtils.java:logGet(43)) - raft.server.log.segment.size.max = 1048576 (custom)
2019-09-26 21:19:14,800 [pool-27-thread-1] INFO  server.RaftServerConfigKeys (ConfUtils.java:logGet(43)) - raft.server.log.segment.cache.num.max = 2 (custom)
2019-09-26 21:19:14,800 [pool-27-thread-1] INFO  segmented.SegmentedRaftLogWorker (SegmentedRaftLogWorker.java:<init>(172)) - new 9ce0b59e-153f-4f41-8aed-492a76d80b48@group-C9D9502D9D87-SegmentedRaftLogWorker for RaftStorage:Storage Directory /workdir/hadoop-ozone/ozonefs/target/test-dir/MiniOzoneClusterImpl-5b64906c-d720-4906-b30c-b6d56a2122fd/datanode-0/data/ratis/8a54a435-0a3f-4848-84ff-c9d9502d9d87
2019-09-26 21:19:14,801 [pool-27-thread-1] INFO  server.RaftServerConfigKeys (ConfUtils.java:logGet(43)) - raft.server.log.queue.byte-limit = 2147483647 (custom)
2019-09-26 21:19:14,801 [pool-27-thread-1] INFO  server.RaftServerConfigKeys (ConfUtils.java:logGet(43)) - raft.server.log.queue.element-limit = 1024 (custom)
2019-09-26 21:19:14,801 [pool-27-thread-1] INFO  server.RaftServerConfigKeys (ConfUtils.java:logGet(43)) - raft.server.log.segment.size.max = 1048576 (custom)
2019-09-26 21:19:14,801 [pool-27-thread-1] INFO  server.RaftServerConfigKeys (ConfUtils.java:logGet(43)) - raft.server.log.preallocated.size = 16384 (custom)
2019-09-26 21:19:14,801 [pool-27-thread-1] INFO  server.RaftServerConfigKeys (ConfUtils.java:logGet(43)) - raft.server.log.write.buffer.size = 33554432 (custom)
2019-09-26 21:19:14,801 [pool-27-thread-1] INFO  server.RaftServerConfigKeys (ConfUtils.java:logGet(43)) - raft.server.log.force.sync.num = 128 (default)
2019-09-26 21:19:14,801 [pool-27-thread-1] INFO  server.RaftServerConfigKeys (ConfUtils.java:logGet(43)) - raft.server.log.statemachine.data.sync = true (default)
2019-09-26 21:19:14,802 [pool-27-thread-1] INFO  server.RaftServerConfigKeys (ConfUtils.java:logGet(43)) - raft.server.log.statemachine.data.sync.timeout = 10s (default)
2019-09-26 21:19:14,802 [pool-27-thread-1] INFO  server.RaftServerConfigKeys (ConfUtils.java:logGet(43)) - raft.server.log.statemachine.data.sync.timeout.retry = -1 (default)
2019-09-26 21:19:14,802 [pool-27-thread-1] INFO  server.RaftServerConfigKeys (ConfUtils.java:logGet(43)) - raft.server.log.statemachine.data.caching.enabled = true (custom)
2019-09-26 21:19:14,802 [pool-27-thread-1] INFO  segmented.SegmentedRaftLogWorker (SegmentedRaftLogWorker.java:lambda$new$0(132)) - 9ce0b59e-153f-4f41-8aed-492a76d80b48@group-C9D9502D9D87-SegmentedRaftLogWorker: flushIndex: setUnconditionally 0 -> -1
2019-09-26 21:19:14,803 [pool-27-thread-1] INFO  server.RaftServerConfigKeys (ConfUtils.java:logGet(43)) - raft.server.snapshot.auto.trigger.enabled = true (custom)
2019-09-26 21:19:14,803 [pool-27-thread-1] INFO  server.RaftServerConfigKeys (ConfUtils.java:logGet(43)) - raft.server.snapshot.auto.trigger.threshold = 10000 (custom)
2019-09-26 21:19:14,803 [pool-27-thread-1] INFO  server.RaftServerConfigKeys (ConfUtils.java:logGet(43)) - raft.server.snapshot.retention.num.files = 5 (custom)
2019-09-26 21:19:14,803 [pool-27-thread-1] INFO  server.RaftServerConfigKeys (ConfUtils.java:logGet(43)) - raft.server.retrycache.expirytime = 600000ms (custom)
2019-09-26 21:19:14,805 [pool-27-thread-1] INFO  impl.RaftServerImpl (RaftServerImpl.java:start(185)) - 9ce0b59e-153f-4f41-8aed-492a76d80b48@group-C9D9502D9D87: start as a follower, conf=-1: [9ce0b59e-153f-4f41-8aed-492a76d80b48:192.168.151.99:34156], old=null
2019-09-26 21:19:14,805 [pool-27-thread-1] INFO  impl.RaftServerImpl (RaftServerImpl.java:setRole(174)) - 9ce0b59e-153f-4f41-8aed-492a76d80b48@group-C9D9502D9D87: changes role from      null to FOLLOWER at term 0 for startAsFollower
2019-09-26 21:19:14,805 [pool-27-thread-1] INFO  impl.RoleInfo (RoleInfo.java:updateAndGet(143)) - 9ce0b59e-153f-4f41-8aed-492a76d80b48: start FollowerState
2019-09-26 21:19:14,805 [pool-27-thread-1] INFO  util.JmxRegister (JmxRegister.java:tryRegister(44)) - Successfully registered JMX Bean with object name Ratis:service=RaftServer,group=group-C9D9502D9D87,id=9ce0b59e-153f-4f41-8aed-492a76d80b48
2019-09-26 21:19:14,808 [RatisPipelineUtilsThread] INFO  pipeline.PipelineStateManager (PipelineStateManager.java:addPipeline(56)) - Created pipeline Pipeline[ Id: 8a54a435-0a3f-4848-84ff-c9d9502d9d87, Nodes: 9ce0b59e-153f-4f41-8aed-492a76d80b48{ip: 192.168.151.99, host: pr-hdds-1569-g6sp5-2013761785, networkLocation: /default-rack, certSerialId: null}, Type:RATIS, Factor:ONE, State:OPEN]
2019-09-26 21:19:14,812 [grpc-default-executor-2] INFO  impl.RaftServerProxy (RaftServerProxy.java:addNew(89)) - 9ce0b59e-153f-4f41-8aed-492a76d80b48: addNew group-53B6FB8525AE:[9ce0b59e-153f-4f41-8aed-492a76d80b48:192.168.151.99:34156] returns group-53B6FB8525AE:java.util.concurrent.CompletableFuture@58ba749e[Not completed]
2019-09-26 21:19:14,813 [pool-27-thread-1] INFO  impl.RaftServerImpl (RaftServerImpl.java:<init>(95)) - 9ce0b59e-153f-4f41-8aed-492a76d80b48: new RaftServerImpl for group-53B6FB8525AE:[9ce0b59e-153f-4f41-8aed-492a76d80b48:192.168.151.99:34156] with ContainerStateMachine:uninitialized
2019-09-26 21:19:14,813 [pool-27-thread-1] INFO  server.RaftServerConfigKeys (ConfUtils.java:logGet(43)) - raft.server.rpc.timeout.min = 5s (custom)
2019-09-26 21:19:14,813 [pool-27-thread-1] INFO  server.RaftServerConfigKeys (ConfUtils.java:logGet(43)) - raft.server.rpc.timeout.max = 5200ms (custom)
2019-09-26 21:19:14,813 [pool-27-thread-1] INFO  server.RaftServerConfigKeys (ConfUtils.java:logGet(43)) - raft.server.rpcslowness.timeout = 120s (custom)
2019-09-26 21:19:14,814 [pool-27-thread-1] INFO  server.RaftServerConfigKeys (ConfUtils.java:logGet(43)) - raft.server.sleep.deviation.threshold = 300 (default)
2019-09-26 21:19:14,814 [pool-27-thread-1] INFO  server.RaftServerConfigKeys (ConfUtils.java:logGet(43)) - raft.server.log.appender.install.snapshot.enabled = false (custom)
2019-09-26 21:19:14,814 [pool-27-thread-1] INFO  impl.RaftServerImpl (ServerState.java:<init>(103)) - 9ce0b59e-153f-4f41-8aed-492a76d80b48@group-53B6FB8525AE: ConfigurationManager, init=-1: [9ce0b59e-153f-4f41-8aed-492a76d80b48:192.168.151.99:34156], old=null, confs=<EMPTY_MAP>
2019-09-26 21:19:14,814 [pool-27-thread-1] INFO  server.RaftServerConfigKeys (ConfUtils.java:logGet(43)) - raft.server.storage.dir = [/workdir/hadoop-ozone/ozonefs/target/test-dir/MiniOzoneClusterImpl-5b64906c-d720-4906-b30c-b6d56a2122fd/datanode-0/data/ratis] (custom)
2019-09-26 21:19:14,815 [pool-27-thread-1] INFO  storage.RaftStorageDirectory (RaftStorageDirectory.java:analyzeStorage(246)) - The storage directory /workdir/hadoop-ozone/ozonefs/target/test-dir/MiniOzoneClusterImpl-5b64906c-d720-4906-b30c-b6d56a2122fd/datanode-0/data/ratis/4a2b91e1-67aa-46d7-96dc-53b6fb8525ae does not exist. Creating ...
2019-09-26 21:19:14,822 [pool-27-thread-1] INFO  storage.RaftStorageDirectory (RaftStorageDirectory.java:tryLock(328)) - Lock on /workdir/hadoop-ozone/ozonefs/target/test-dir/MiniOzoneClusterImpl-5b64906c-d720-4906-b30c-b6d56a2122fd/datanode-0/data/ratis/4a2b91e1-67aa-46d7-96dc-53b6fb8525ae/in_use.lock acquired by nodename 10701@pr-hdds-1569-g6sp5-2013761785
2019-09-26 21:19:14,844 [pool-27-thread-1] INFO  storage.RaftStorage (RaftStorage.java:format(72)) - Storage directory /workdir/hadoop-ozone/ozonefs/target/test-dir/MiniOzoneClusterImpl-5b64906c-d720-4906-b30c-b6d56a2122fd/datanode-0/data/ratis/4a2b91e1-67aa-46d7-96dc-53b6fb8525ae has been successfully formatted.
2019-09-26 21:19:14,844 [pool-27-thread-1] INFO  ratis.ContainerStateMachine (ContainerStateMachine.java:loadSnapshot(230)) - group-53B6FB8525AE: The snapshot info is null. Setting the last applied indexto:(t:0, i:~)
2019-09-26 21:19:14,845 [pool-27-thread-1] INFO  server.RaftServerConfigKeys (ConfUtils.java:logGet(43)) - raft.server.notification.no-leader.timeout = 120s (custom)
2019-09-26 21:19:14,845 [pool-27-thread-1] INFO  server.RaftServerConfigKeys (ConfUtils.java:logGet(43)) - raft.server.log.use.memory = false (default)
2019-09-26 21:19:14,845 [pool-27-thread-1] INFO  server.RaftServerConfigKeys (ConfUtils.java:logGet(43)) - raft.server.log.purge.gap = 1000000 (custom)
2019-09-26 21:19:14,845 [pool-27-thread-1] INFO  server.RaftServerConfigKeys (ConfUtils.java:logGet(43)) - raft.server.log.appender.buffer.byte-limit = 33554432 (custom)
2019-09-26 21:19:14,845 [pool-27-thread-1] INFO  server.RaftServerConfigKeys (ConfUtils.java:logGet(43)) - raft.server.log.segment.size.max = 1048576 (custom)
2019-09-26 21:19:14,845 [pool-27-thread-1] INFO  server.RaftServerConfigKeys (ConfUtils.java:logGet(43)) - raft.server.log.segment.cache.num.max = 2 (custom)
2019-09-26 21:19:14,846 [pool-27-thread-1] INFO  segmented.SegmentedRaftLogWorker (SegmentedRaftLogWorker.java:<init>(172)) - new 9ce0b59e-153f-4f41-8aed-492a76d80b48@group-53B6FB8525AE-SegmentedRaftLogWorker for RaftStorage:Storage Directory /workdir/hadoop-ozone/ozonefs/target/test-dir/MiniOzoneClusterImpl-5b64906c-d720-4906-b30c-b6d56a2122fd/datanode-0/data/ratis/4a2b91e1-67aa-46d7-96dc-53b6fb8525ae
2019-09-26 21:19:14,846 [pool-27-thread-1] INFO  server.RaftServerConfigKeys (ConfUtils.java:logGet(43)) - raft.server.log.queue.byte-limit = 2147483647 (custom)
2019-09-26 21:19:14,846 [pool-27-thread-1] INFO  server.RaftServerConfigKeys (ConfUtils.java:logGet(43)) - raft.server.log.queue.element-limit = 1024 (custom)
2019-09-26 21:19:14,846 [pool-27-thread-1] INFO  server.RaftServerConfigKeys (ConfUtils.java:logGet(43)) - raft.server.log.segment.size.max = 1048576 (custom)
2019-09-26 21:19:14,846 [pool-27-thread-1] INFO  server.RaftServerConfigKeys (ConfUtils.java:logGet(43)) - raft.server.log.preallocated.size = 16384 (custom)
2019-09-26 21:19:14,846 [pool-27-thread-1] INFO  server.RaftServerConfigKeys (ConfUtils.java:logGet(43)) - raft.server.log.write.buffer.size = 33554432 (custom)
2019-09-26 21:19:14,846 [pool-27-thread-1] INFO  server.RaftServerConfigKeys (ConfUtils.java:logGet(43)) - raft.server.log.force.sync.num = 128 (default)
2019-09-26 21:19:14,847 [pool-27-thread-1] INFO  server.RaftServerConfigKeys (ConfUtils.java:logGet(43)) - raft.server.log.statemachine.data.sync = true (default)
2019-09-26 21:19:14,847 [pool-27-thread-1] INFO  server.RaftServerConfigKeys (ConfUtils.java:logGet(43)) - raft.server.log.statemachine.data.sync.timeout = 10s (default)
2019-09-26 21:19:14,847 [pool-27-thread-1] INFO  server.RaftServerConfigKeys (ConfUtils.java:logGet(43)) - raft.server.log.statemachine.data.sync.timeout.retry = -1 (default)
2019-09-26 21:19:14,847 [pool-27-thread-1] INFO  server.RaftServerConfigKeys (ConfUtils.java:logGet(43)) - raft.server.log.statemachine.data.caching.enabled = true (custom)
2019-09-26 21:19:14,847 [pool-27-thread-1] INFO  segmented.SegmentedRaftLogWorker (SegmentedRaftLogWorker.java:lambda$new$0(132)) - 9ce0b59e-153f-4f41-8aed-492a76d80b48@group-53B6FB8525AE-SegmentedRaftLogWorker: flushIndex: setUnconditionally 0 -> -1
2019-09-26 21:19:14,848 [pool-27-thread-1] INFO  server.RaftServerConfigKeys (ConfUtils.java:logGet(43)) - raft.server.snapshot.auto.trigger.enabled = true (custom)
2019-09-26 21:19:14,848 [pool-27-thread-1] INFO  server.RaftServerConfigKeys (ConfUtils.java:logGet(43)) - raft.server.snapshot.auto.trigger.threshold = 10000 (custom)
2019-09-26 21:19:14,848 [pool-27-thread-1] INFO  server.RaftServerConfigKeys (ConfUtils.java:logGet(43)) - raft.server.snapshot.retention.num.files = 5 (custom)
2019-09-26 21:19:14,848 [pool-27-thread-1] INFO  server.RaftServerConfigKeys (ConfUtils.java:logGet(43)) - raft.server.retrycache.expirytime = 600000ms (custom)
2019-09-26 21:19:14,850 [pool-27-thread-1] INFO  impl.RaftServerImpl (RaftServerImpl.java:start(185)) - 9ce0b59e-153f-4f41-8aed-492a76d80b48@group-53B6FB8525AE: start as a follower, conf=-1: [9ce0b59e-153f-4f41-8aed-492a76d80b48:192.168.151.99:34156], old=null
2019-09-26 21:19:14,850 [pool-27-thread-1] INFO  impl.RaftServerImpl (RaftServerImpl.java:setRole(174)) - 9ce0b59e-153f-4f41-8aed-492a76d80b48@group-53B6FB8525AE: changes role from      null to FOLLOWER at term 0 for startAsFollower
2019-09-26 21:19:14,850 [pool-27-thread-1] INFO  impl.RoleInfo (RoleInfo.java:updateAndGet(143)) - 9ce0b59e-153f-4f41-8aed-492a76d80b48: start FollowerState
2019-09-26 21:19:14,851 [pool-27-thread-1] INFO  util.JmxRegister (JmxRegister.java:tryRegister(44)) - Successfully registered JMX Bean with object name Ratis:service=RaftServer,group=group-53B6FB8525AE,id=9ce0b59e-153f-4f41-8aed-492a76d80b48
2019-09-26 21:19:14,853 [RatisPipelineUtilsThread] INFO  pipeline.PipelineStateManager (PipelineStateManager.java:addPipeline(56)) - Created pipeline Pipeline[ Id: 4a2b91e1-67aa-46d7-96dc-53b6fb8525ae, Nodes: 9ce0b59e-153f-4f41-8aed-492a76d80b48{ip: 192.168.151.99, host: pr-hdds-1569-g6sp5-2013761785, networkLocation: /default-rack, certSerialId: null}, Type:RATIS, Factor:ONE, State:OPEN]
2019-09-26 21:19:14,858 [grpc-default-executor-2] INFO  impl.RaftServerProxy (RaftServerProxy.java:addNew(89)) - da833d8d-e72a-4068-9560-4daa2d83adc2: addNew group-80D4D31A8B20:[da833d8d-e72a-4068-9560-4daa2d83adc2:192.168.151.99:38903] returns group-80D4D31A8B20:java.util.concurrent.CompletableFuture@a513eec[Not completed]
2019-09-26 21:19:14,859 [pool-67-thread-1] INFO  impl.RaftServerImpl (RaftServerImpl.java:<init>(95)) - da833d8d-e72a-4068-9560-4daa2d83adc2: new RaftServerImpl for group-80D4D31A8B20:[da833d8d-e72a-4068-9560-4daa2d83adc2:192.168.151.99:38903] with ContainerStateMachine:uninitialized
2019-09-26 21:19:14,859 [pool-67-thread-1] INFO  server.RaftServerConfigKeys (ConfUtils.java:logGet(43)) - raft.server.rpc.timeout.min = 5s (custom)
2019-09-26 21:19:14,859 [pool-67-thread-1] INFO  server.RaftServerConfigKeys (ConfUtils.java:logGet(43)) - raft.server.rpc.timeout.max = 5200ms (custom)
2019-09-26 21:19:14,859 [pool-67-thread-1] INFO  server.RaftServerConfigKeys (ConfUtils.java:logGet(43)) - raft.server.rpcslowness.timeout = 120s (custom)
2019-09-26 21:19:14,860 [pool-67-thread-1] INFO  server.RaftServerConfigKeys (ConfUtils.java:logGet(43)) - raft.server.sleep.deviation.threshold = 300 (default)
2019-09-26 21:19:14,860 [pool-67-thread-1] INFO  server.RaftServerConfigKeys (ConfUtils.java:logGet(43)) - raft.server.log.appender.install.snapshot.enabled = false (custom)
2019-09-26 21:19:14,860 [pool-67-thread-1] INFO  impl.RaftServerImpl (ServerState.java:<init>(103)) - da833d8d-e72a-4068-9560-4daa2d83adc2@group-80D4D31A8B20: ConfigurationManager, init=-1: [da833d8d-e72a-4068-9560-4daa2d83adc2:192.168.151.99:38903], old=null, confs=<EMPTY_MAP>
2019-09-26 21:19:14,860 [pool-67-thread-1] INFO  server.RaftServerConfigKeys (ConfUtils.java:logGet(43)) - raft.server.storage.dir = [/workdir/hadoop-ozone/ozonefs/target/test-dir/MiniOzoneClusterImpl-5b64906c-d720-4906-b30c-b6d56a2122fd/datanode-4/data/ratis] (custom)
2019-09-26 21:19:14,861 [pool-67-thread-1] INFO  storage.RaftStorageDirectory (RaftStorageDirectory.java:analyzeStorage(246)) - The storage directory /workdir/hadoop-ozone/ozonefs/target/test-dir/MiniOzoneClusterImpl-5b64906c-d720-4906-b30c-b6d56a2122fd/datanode-4/data/ratis/42440106-3a7d-4c96-919c-80d4d31a8b20 does not exist. Creating ...
2019-09-26 21:19:14,874 [pool-67-thread-1] INFO  storage.RaftStorageDirectory (RaftStorageDirectory.java:tryLock(328)) - Lock on /workdir/hadoop-ozone/ozonefs/target/test-dir/MiniOzoneClusterImpl-5b64906c-d720-4906-b30c-b6d56a2122fd/datanode-4/data/ratis/42440106-3a7d-4c96-919c-80d4d31a8b20/in_use.lock acquired by nodename 10701@pr-hdds-1569-g6sp5-2013761785
2019-09-26 21:19:14,887 [pool-67-thread-1] INFO  storage.RaftStorage (RaftStorage.java:format(72)) - Storage directory /workdir/hadoop-ozone/ozonefs/target/test-dir/MiniOzoneClusterImpl-5b64906c-d720-4906-b30c-b6d56a2122fd/datanode-4/data/ratis/42440106-3a7d-4c96-919c-80d4d31a8b20 has been successfully formatted.
2019-09-26 21:19:14,887 [pool-67-thread-1] INFO  ratis.ContainerStateMachine (ContainerStateMachine.java:loadSnapshot(230)) - group-80D4D31A8B20: The snapshot info is null. Setting the last applied indexto:(t:0, i:~)
2019-09-26 21:19:14,887 [pool-67-thread-1] INFO  server.RaftServerConfigKeys (ConfUtils.java:logGet(43)) - raft.server.notification.no-leader.timeout = 120s (custom)
2019-09-26 21:19:14,887 [pool-67-thread-1] INFO  server.RaftServerConfigKeys (ConfUtils.java:logGet(43)) - raft.server.log.use.memory = false (default)
2019-09-26 21:19:14,888 [pool-67-thread-1] INFO  server.RaftServerConfigKeys (ConfUtils.java:logGet(43)) - raft.server.log.purge.gap = 1000000 (custom)
2019-09-26 21:19:14,888 [pool-67-thread-1] INFO  server.RaftServerConfigKeys (ConfUtils.java:logGet(43)) - raft.server.log.appender.buffer.byte-limit = 33554432 (custom)
2019-09-26 21:19:14,888 [pool-67-thread-1] INFO  server.RaftServerConfigKeys (ConfUtils.java:logGet(43)) - raft.server.log.segment.size.max = 1048576 (custom)
2019-09-26 21:19:14,888 [pool-67-thread-1] INFO  server.RaftServerConfigKeys (ConfUtils.java:logGet(43)) - raft.server.log.segment.cache.num.max = 2 (custom)
2019-09-26 21:19:14,888 [pool-67-thread-1] INFO  segmented.SegmentedRaftLogWorker (SegmentedRaftLogWorker.java:<init>(172)) - new da833d8d-e72a-4068-9560-4daa2d83adc2@group-80D4D31A8B20-SegmentedRaftLogWorker for RaftStorage:Storage Directory /workdir/hadoop-ozone/ozonefs/target/test-dir/MiniOzoneClusterImpl-5b64906c-d720-4906-b30c-b6d56a2122fd/datanode-4/data/ratis/42440106-3a7d-4c96-919c-80d4d31a8b20
2019-09-26 21:19:14,888 [pool-67-thread-1] INFO  server.RaftServerConfigKeys (ConfUtils.java:logGet(43)) - raft.server.log.queue.byte-limit = 2147483647 (custom)
2019-09-26 21:19:14,889 [pool-67-thread-1] INFO  server.RaftServerConfigKeys (ConfUtils.java:logGet(43)) - raft.server.log.queue.element-limit = 1024 (custom)
2019-09-26 21:19:14,889 [pool-67-thread-1] INFO  server.RaftServerConfigKeys (ConfUtils.java:logGet(43)) - raft.server.log.segment.size.max = 1048576 (custom)
2019-09-26 21:19:14,889 [pool-67-thread-1] INFO  server.RaftServerConfigKeys (ConfUtils.java:logGet(43)) - raft.server.log.preallocated.size = 16384 (custom)
2019-09-26 21:19:14,889 [pool-67-thread-1] INFO  server.RaftServerConfigKeys (ConfUtils.java:logGet(43)) - raft.server.log.write.buffer.size = 33554432 (custom)
2019-09-26 21:19:14,889 [pool-67-thread-1] INFO  server.RaftServerConfigKeys (ConfUtils.java:logGet(43)) - raft.server.log.force.sync.num = 128 (default)
2019-09-26 21:19:14,889 [pool-67-thread-1] INFO  server.RaftServerConfigKeys (ConfUtils.java:logGet(43)) - raft.server.log.statemachine.data.sync = true (default)
2019-09-26 21:19:14,889 [pool-67-thread-1] INFO  server.RaftServerConfigKeys (ConfUtils.java:logGet(43)) - raft.server.log.statemachine.data.sync.timeout = 10s (default)
2019-09-26 21:19:14,890 [pool-67-thread-1] INFO  server.RaftServerConfigKeys (ConfUtils.java:logGet(43)) - raft.server.log.statemachine.data.sync.timeout.retry = -1 (default)
2019-09-26 21:19:14,890 [pool-67-thread-1] INFO  server.RaftServerConfigKeys (ConfUtils.java:logGet(43)) - raft.server.log.statemachine.data.caching.enabled = true (custom)
2019-09-26 21:19:14,890 [pool-67-thread-1] INFO  segmented.SegmentedRaftLogWorker (SegmentedRaftLogWorker.java:lambda$new$0(132)) - da833d8d-e72a-4068-9560-4daa2d83adc2@group-80D4D31A8B20-SegmentedRaftLogWorker: flushIndex: setUnconditionally 0 -> -1
2019-09-26 21:19:14,891 [pool-67-thread-1] INFO  server.RaftServerConfigKeys (ConfUtils.java:logGet(43)) - raft.server.snapshot.auto.trigger.enabled = true (custom)
2019-09-26 21:19:14,891 [pool-67-thread-1] INFO  server.RaftServerConfigKeys (ConfUtils.java:logGet(43)) - raft.server.snapshot.auto.trigger.threshold = 10000 (custom)
2019-09-26 21:19:14,891 [pool-67-thread-1] INFO  server.RaftServerConfigKeys (ConfUtils.java:logGet(43)) - raft.server.snapshot.retention.num.files = 5 (custom)
2019-09-26 21:19:14,891 [pool-67-thread-1] INFO  server.RaftServerConfigKeys (ConfUtils.java:logGet(43)) - raft.server.retrycache.expirytime = 600000ms (custom)
2019-09-26 21:19:14,893 [pool-67-thread-1] INFO  impl.RaftServerImpl (RaftServerImpl.java:start(185)) - da833d8d-e72a-4068-9560-4daa2d83adc2@group-80D4D31A8B20: start as a follower, conf=-1: [da833d8d-e72a-4068-9560-4daa2d83adc2:192.168.151.99:38903], old=null
2019-09-26 21:19:14,893 [pool-67-thread-1] INFO  impl.RaftServerImpl (RaftServerImpl.java:setRole(174)) - da833d8d-e72a-4068-9560-4daa2d83adc2@group-80D4D31A8B20: changes role from      null to FOLLOWER at term 0 for startAsFollower
2019-09-26 21:19:14,893 [pool-67-thread-1] INFO  impl.RoleInfo (RoleInfo.java:updateAndGet(143)) - da833d8d-e72a-4068-9560-4daa2d83adc2: start FollowerState
2019-09-26 21:19:14,894 [pool-67-thread-1] INFO  util.JmxRegister (JmxRegister.java:tryRegister(44)) - Successfully registered JMX Bean with object name Ratis:service=RaftServer,group=group-80D4D31A8B20,id=da833d8d-e72a-4068-9560-4daa2d83adc2
2019-09-26 21:19:14,896 [RatisPipelineUtilsThread] INFO  pipeline.PipelineStateManager (PipelineStateManager.java:addPipeline(56)) - Created pipeline Pipeline[ Id: 42440106-3a7d-4c96-919c-80d4d31a8b20, Nodes: da833d8d-e72a-4068-9560-4daa2d83adc2{ip: 192.168.151.99, host: pr-hdds-1569-g6sp5-2013761785, networkLocation: /default-rack, certSerialId: null}, Type:RATIS, Factor:ONE, State:OPEN]
2019-09-26 21:19:14,902 [grpc-default-executor-2] INFO  impl.RaftServerProxy (RaftServerProxy.java:addNew(89)) - 1178c3ae-d0b4-4d44-b144-fe8504cc41ac: addNew group-87E66A5F5023:[1178c3ae-d0b4-4d44-b144-fe8504cc41ac:192.168.151.99:33787] returns group-87E66A5F5023:java.util.concurrent.CompletableFuture@209ccb73[Not completed]
2019-09-26 21:19:14,904 [pool-37-thread-1] INFO  impl.RaftServerImpl (RaftServerImpl.java:<init>(95)) - 1178c3ae-d0b4-4d44-b144-fe8504cc41ac: new RaftServerImpl for group-87E66A5F5023:[1178c3ae-d0b4-4d44-b144-fe8504cc41ac:192.168.151.99:33787] with ContainerStateMachine:uninitialized
2019-09-26 21:19:14,904 [pool-37-thread-1] INFO  server.RaftServerConfigKeys (ConfUtils.java:logGet(43)) - raft.server.rpc.timeout.min = 5s (custom)
2019-09-26 21:19:14,904 [pool-37-thread-1] INFO  server.RaftServerConfigKeys (ConfUtils.java:logGet(43)) - raft.server.rpc.timeout.max = 5200ms (custom)
2019-09-26 21:19:14,904 [pool-37-thread-1] INFO  server.RaftServerConfigKeys (ConfUtils.java:logGet(43)) - raft.server.rpcslowness.timeout = 120s (custom)
2019-09-26 21:19:14,905 [pool-37-thread-1] INFO  server.RaftServerConfigKeys (ConfUtils.java:logGet(43)) - raft.server.sleep.deviation.threshold = 300 (default)
2019-09-26 21:19:14,905 [pool-37-thread-1] INFO  server.RaftServerConfigKeys (ConfUtils.java:logGet(43)) - raft.server.log.appender.install.snapshot.enabled = false (custom)
2019-09-26 21:19:14,905 [pool-37-thread-1] INFO  impl.RaftServerImpl (ServerState.java:<init>(103)) - 1178c3ae-d0b4-4d44-b144-fe8504cc41ac@group-87E66A5F5023: ConfigurationManager, init=-1: [1178c3ae-d0b4-4d44-b144-fe8504cc41ac:192.168.151.99:33787], old=null, confs=<EMPTY_MAP>
2019-09-26 21:19:14,905 [pool-37-thread-1] INFO  server.RaftServerConfigKeys (ConfUtils.java:logGet(43)) - raft.server.storage.dir = [/workdir/hadoop-ozone/ozonefs/target/test-dir/MiniOzoneClusterImpl-5b64906c-d720-4906-b30c-b6d56a2122fd/datanode-1/data/ratis] (custom)
2019-09-26 21:19:14,906 [pool-37-thread-1] INFO  storage.RaftStorageDirectory (RaftStorageDirectory.java:analyzeStorage(246)) - The storage directory /workdir/hadoop-ozone/ozonefs/target/test-dir/MiniOzoneClusterImpl-5b64906c-d720-4906-b30c-b6d56a2122fd/datanode-1/data/ratis/3511223b-1efa-4ea9-ad2b-87e66a5f5023 does not exist. Creating ...
2019-09-26 21:19:14,919 [pool-37-thread-1] INFO  storage.RaftStorageDirectory (RaftStorageDirectory.java:tryLock(328)) - Lock on /workdir/hadoop-ozone/ozonefs/target/test-dir/MiniOzoneClusterImpl-5b64906c-d720-4906-b30c-b6d56a2122fd/datanode-1/data/ratis/3511223b-1efa-4ea9-ad2b-87e66a5f5023/in_use.lock acquired by nodename 10701@pr-hdds-1569-g6sp5-2013761785
2019-09-26 21:19:14,932 [pool-37-thread-1] INFO  storage.RaftStorage (RaftStorage.java:format(72)) - Storage directory /workdir/hadoop-ozone/ozonefs/target/test-dir/MiniOzoneClusterImpl-5b64906c-d720-4906-b30c-b6d56a2122fd/datanode-1/data/ratis/3511223b-1efa-4ea9-ad2b-87e66a5f5023 has been successfully formatted.
2019-09-26 21:19:14,932 [pool-37-thread-1] INFO  ratis.ContainerStateMachine (ContainerStateMachine.java:loadSnapshot(230)) - group-87E66A5F5023: The snapshot info is null. Setting the last applied indexto:(t:0, i:~)
2019-09-26 21:19:14,932 [pool-37-thread-1] INFO  server.RaftServerConfigKeys (ConfUtils.java:logGet(43)) - raft.server.notification.no-leader.timeout = 120s (custom)
2019-09-26 21:19:14,933 [pool-37-thread-1] INFO  server.RaftServerConfigKeys (ConfUtils.java:logGet(43)) - raft.server.log.use.memory = false (default)
2019-09-26 21:19:14,933 [pool-37-thread-1] INFO  server.RaftServerConfigKeys (ConfUtils.java:logGet(43)) - raft.server.log.purge.gap = 1000000 (custom)
2019-09-26 21:19:14,933 [pool-37-thread-1] INFO  server.RaftServerConfigKeys (ConfUtils.java:logGet(43)) - raft.server.log.appender.buffer.byte-limit = 33554432 (custom)
2019-09-26 21:19:14,933 [pool-37-thread-1] INFO  server.RaftServerConfigKeys (ConfUtils.java:logGet(43)) - raft.server.log.segment.size.max = 1048576 (custom)
2019-09-26 21:19:14,933 [pool-37-thread-1] INFO  server.RaftServerConfigKeys (ConfUtils.java:logGet(43)) - raft.server.log.segment.cache.num.max = 2 (custom)
2019-09-26 21:19:14,933 [pool-37-thread-1] INFO  segmented.SegmentedRaftLogWorker (SegmentedRaftLogWorker.java:<init>(172)) - new 1178c3ae-d0b4-4d44-b144-fe8504cc41ac@group-87E66A5F5023-SegmentedRaftLogWorker for RaftStorage:Storage Directory /workdir/hadoop-ozone/ozonefs/target/test-dir/MiniOzoneClusterImpl-5b64906c-d720-4906-b30c-b6d56a2122fd/datanode-1/data/ratis/3511223b-1efa-4ea9-ad2b-87e66a5f5023
2019-09-26 21:19:14,933 [pool-37-thread-1] INFO  server.RaftServerConfigKeys (ConfUtils.java:logGet(43)) - raft.server.log.queue.byte-limit = 2147483647 (custom)
2019-09-26 21:19:14,934 [pool-37-thread-1] INFO  server.RaftServerConfigKeys (ConfUtils.java:logGet(43)) - raft.server.log.queue.element-limit = 1024 (custom)
2019-09-26 21:19:14,934 [pool-37-thread-1] INFO  server.RaftServerConfigKeys (ConfUtils.java:logGet(43)) - raft.server.log.segment.size.max = 1048576 (custom)
2019-09-26 21:19:14,934 [pool-37-thread-1] INFO  server.RaftServerConfigKeys (ConfUtils.java:logGet(43)) - raft.server.log.preallocated.size = 16384 (custom)
2019-09-26 21:19:14,934 [pool-37-thread-1] INFO  server.RaftServerConfigKeys (ConfUtils.java:logGet(43)) - raft.server.log.write.buffer.size = 33554432 (custom)
2019-09-26 21:19:14,934 [pool-37-thread-1] INFO  server.RaftServerConfigKeys (ConfUtils.java:logGet(43)) - raft.server.log.force.sync.num = 128 (default)
2019-09-26 21:19:14,934 [pool-37-thread-1] INFO  server.RaftServerConfigKeys (ConfUtils.java:logGet(43)) - raft.server.log.statemachine.data.sync = true (default)
2019-09-26 21:19:14,934 [pool-37-thread-1] INFO  server.RaftServerConfigKeys (ConfUtils.java:logGet(43)) - raft.server.log.statemachine.data.sync.timeout = 10s (default)
2019-09-26 21:19:14,934 [pool-37-thread-1] INFO  server.RaftServerConfigKeys (ConfUtils.java:logGet(43)) - raft.server.log.statemachine.data.sync.timeout.retry = -1 (default)
2019-09-26 21:19:14,935 [pool-37-thread-1] INFO  server.RaftServerConfigKeys (ConfUtils.java:logGet(43)) - raft.server.log.statemachine.data.caching.enabled = true (custom)
2019-09-26 21:19:14,935 [pool-37-thread-1] INFO  segmented.SegmentedRaftLogWorker (SegmentedRaftLogWorker.java:lambda$new$0(132)) - 1178c3ae-d0b4-4d44-b144-fe8504cc41ac@group-87E66A5F5023-SegmentedRaftLogWorker: flushIndex: setUnconditionally 0 -> -1
2019-09-26 21:19:14,935 [pool-37-thread-1] INFO  server.RaftServerConfigKeys (ConfUtils.java:logGet(43)) - raft.server.snapshot.auto.trigger.enabled = true (custom)
2019-09-26 21:19:14,935 [pool-37-thread-1] INFO  server.RaftServerConfigKeys (ConfUtils.java:logGet(43)) - raft.server.snapshot.auto.trigger.threshold = 10000 (custom)
2019-09-26 21:19:14,935 [pool-37-thread-1] INFO  server.RaftServerConfigKeys (ConfUtils.java:logGet(43)) - raft.server.snapshot.retention.num.files = 5 (custom)
2019-09-26 21:19:14,936 [pool-37-thread-1] INFO  server.RaftServerConfigKeys (ConfUtils.java:logGet(43)) - raft.server.retrycache.expirytime = 600000ms (custom)
2019-09-26 21:19:14,937 [pool-37-thread-1] INFO  impl.RaftServerImpl (RaftServerImpl.java:start(185)) - 1178c3ae-d0b4-4d44-b144-fe8504cc41ac@group-87E66A5F5023: start as a follower, conf=-1: [1178c3ae-d0b4-4d44-b144-fe8504cc41ac:192.168.151.99:33787], old=null
2019-09-26 21:19:14,937 [pool-37-thread-1] INFO  impl.RaftServerImpl (RaftServerImpl.java:setRole(174)) - 1178c3ae-d0b4-4d44-b144-fe8504cc41ac@group-87E66A5F5023: changes role from      null to FOLLOWER at term 0 for startAsFollower
2019-09-26 21:19:14,937 [pool-37-thread-1] INFO  impl.RoleInfo (RoleInfo.java:updateAndGet(143)) - 1178c3ae-d0b4-4d44-b144-fe8504cc41ac: start FollowerState
2019-09-26 21:19:14,938 [pool-37-thread-1] INFO  util.JmxRegister (JmxRegister.java:tryRegister(44)) - Successfully registered JMX Bean with object name Ratis:service=RaftServer,group=group-87E66A5F5023,id=1178c3ae-d0b4-4d44-b144-fe8504cc41ac
2019-09-26 21:19:14,940 [RatisPipelineUtilsThread] INFO  pipeline.PipelineStateManager (PipelineStateManager.java:addPipeline(56)) - Created pipeline Pipeline[ Id: 3511223b-1efa-4ea9-ad2b-87e66a5f5023, Nodes: 1178c3ae-d0b4-4d44-b144-fe8504cc41ac{ip: 192.168.151.99, host: pr-hdds-1569-g6sp5-2013761785, networkLocation: /default-rack, certSerialId: null}, Type:RATIS, Factor:ONE, State:OPEN]
2019-09-26 21:19:14,945 [grpc-default-executor-2] INFO  impl.RaftServerProxy (RaftServerProxy.java:addNew(89)) - 9ce0b59e-153f-4f41-8aed-492a76d80b48: addNew group-710F4F4B8A6C:[9ce0b59e-153f-4f41-8aed-492a76d80b48:192.168.151.99:34156] returns group-710F4F4B8A6C:java.util.concurrent.CompletableFuture@53cc0792[Not completed]
2019-09-26 21:19:14,947 [pool-27-thread-1] INFO  impl.RaftServerImpl (RaftServerImpl.java:<init>(95)) - 9ce0b59e-153f-4f41-8aed-492a76d80b48: new RaftServerImpl for group-710F4F4B8A6C:[9ce0b59e-153f-4f41-8aed-492a76d80b48:192.168.151.99:34156] with ContainerStateMachine:uninitialized
2019-09-26 21:19:14,947 [pool-27-thread-1] INFO  server.RaftServerConfigKeys (ConfUtils.java:logGet(43)) - raft.server.rpc.timeout.min = 5s (custom)
2019-09-26 21:19:14,947 [pool-27-thread-1] INFO  server.RaftServerConfigKeys (ConfUtils.java:logGet(43)) - raft.server.rpc.timeout.max = 5200ms (custom)
2019-09-26 21:19:14,947 [pool-27-thread-1] INFO  server.RaftServerConfigKeys (ConfUtils.java:logGet(43)) - raft.server.rpcslowness.timeout = 120s (custom)
2019-09-26 21:19:14,947 [pool-27-thread-1] INFO  server.RaftServerConfigKeys (ConfUtils.java:logGet(43)) - raft.server.sleep.deviation.threshold = 300 (default)
2019-09-26 21:19:14,947 [pool-27-thread-1] INFO  server.RaftServerConfigKeys (ConfUtils.java:logGet(43)) - raft.server.log.appender.install.snapshot.enabled = false (custom)
2019-09-26 21:19:14,947 [pool-27-thread-1] INFO  impl.RaftServerImpl (ServerState.java:<init>(103)) - 9ce0b59e-153f-4f41-8aed-492a76d80b48@group-710F4F4B8A6C: ConfigurationManager, init=-1: [9ce0b59e-153f-4f41-8aed-492a76d80b48:192.168.151.99:34156], old=null, confs=<EMPTY_MAP>
2019-09-26 21:19:14,948 [pool-27-thread-1] INFO  server.RaftServerConfigKeys (ConfUtils.java:logGet(43)) - raft.server.storage.dir = [/workdir/hadoop-ozone/ozonefs/target/test-dir/MiniOzoneClusterImpl-5b64906c-d720-4906-b30c-b6d56a2122fd/datanode-0/data/ratis] (custom)
2019-09-26 21:19:14,948 [pool-27-thread-1] INFO  storage.RaftStorageDirectory (RaftStorageDirectory.java:analyzeStorage(246)) - The storage directory /workdir/hadoop-ozone/ozonefs/target/test-dir/MiniOzoneClusterImpl-5b64906c-d720-4906-b30c-b6d56a2122fd/datanode-0/data/ratis/395f0ae3-10ee-4dde-b747-710f4f4b8a6c does not exist. Creating ...
2019-09-26 21:19:14,962 [pool-27-thread-1] INFO  storage.RaftStorageDirectory (RaftStorageDirectory.java:tryLock(328)) - Lock on /workdir/hadoop-ozone/ozonefs/target/test-dir/MiniOzoneClusterImpl-5b64906c-d720-4906-b30c-b6d56a2122fd/datanode-0/data/ratis/395f0ae3-10ee-4dde-b747-710f4f4b8a6c/in_use.lock acquired by nodename 10701@pr-hdds-1569-g6sp5-2013761785
2019-09-26 21:19:14,975 [pool-27-thread-1] INFO  storage.RaftStorage (RaftStorage.java:format(72)) - Storage directory /workdir/hadoop-ozone/ozonefs/target/test-dir/MiniOzoneClusterImpl-5b64906c-d720-4906-b30c-b6d56a2122fd/datanode-0/data/ratis/395f0ae3-10ee-4dde-b747-710f4f4b8a6c has been successfully formatted.
2019-09-26 21:19:14,975 [pool-27-thread-1] INFO  ratis.ContainerStateMachine (ContainerStateMachine.java:loadSnapshot(230)) - group-710F4F4B8A6C: The snapshot info is null. Setting the last applied indexto:(t:0, i:~)
2019-09-26 21:19:14,975 [pool-27-thread-1] INFO  server.RaftServerConfigKeys (ConfUtils.java:logGet(43)) - raft.server.notification.no-leader.timeout = 120s (custom)
2019-09-26 21:19:14,976 [pool-27-thread-1] INFO  server.RaftServerConfigKeys (ConfUtils.java:logGet(43)) - raft.server.log.use.memory = false (default)
2019-09-26 21:19:14,976 [pool-27-thread-1] INFO  server.RaftServerConfigKeys (ConfUtils.java:logGet(43)) - raft.server.log.purge.gap = 1000000 (custom)
2019-09-26 21:19:14,976 [pool-27-thread-1] INFO  server.RaftServerConfigKeys (ConfUtils.java:logGet(43)) - raft.server.log.appender.buffer.byte-limit = 33554432 (custom)
2019-09-26 21:19:14,976 [pool-27-thread-1] INFO  server.RaftServerConfigKeys (ConfUtils.java:logGet(43)) - raft.server.log.segment.size.max = 1048576 (custom)
2019-09-26 21:19:14,976 [pool-27-thread-1] INFO  server.RaftServerConfigKeys (ConfUtils.java:logGet(43)) - raft.server.log.segment.cache.num.max = 2 (custom)
2019-09-26 21:19:14,976 [pool-27-thread-1] INFO  segmented.SegmentedRaftLogWorker (SegmentedRaftLogWorker.java:<init>(172)) - new 9ce0b59e-153f-4f41-8aed-492a76d80b48@group-710F4F4B8A6C-SegmentedRaftLogWorker for RaftStorage:Storage Directory /workdir/hadoop-ozone/ozonefs/target/test-dir/MiniOzoneClusterImpl-5b64906c-d720-4906-b30c-b6d56a2122fd/datanode-0/data/ratis/395f0ae3-10ee-4dde-b747-710f4f4b8a6c
2019-09-26 21:19:14,977 [pool-27-thread-1] INFO  server.RaftServerConfigKeys (ConfUtils.java:logGet(43)) - raft.server.log.queue.byte-limit = 2147483647 (custom)
2019-09-26 21:19:14,977 [pool-27-thread-1] INFO  server.RaftServerConfigKeys (ConfUtils.java:logGet(43)) - raft.server.log.queue.element-limit = 1024 (custom)
2019-09-26 21:19:14,977 [pool-27-thread-1] INFO  server.RaftServerConfigKeys (ConfUtils.java:logGet(43)) - raft.server.log.segment.size.max = 1048576 (custom)
2019-09-26 21:19:14,977 [pool-27-thread-1] INFO  server.RaftServerConfigKeys (ConfUtils.java:logGet(43)) - raft.server.log.preallocated.size = 16384 (custom)
2019-09-26 21:19:14,977 [pool-27-thread-1] INFO  server.RaftServerConfigKeys (ConfUtils.java:logGet(43)) - raft.server.log.write.buffer.size = 33554432 (custom)
2019-09-26 21:19:14,977 [pool-27-thread-1] INFO  server.RaftServerConfigKeys (ConfUtils.java:logGet(43)) - raft.server.log.force.sync.num = 128 (default)
2019-09-26 21:19:14,977 [pool-27-thread-1] INFO  server.RaftServerConfigKeys (ConfUtils.java:logGet(43)) - raft.server.log.statemachine.data.sync = true (default)
2019-09-26 21:19:14,978 [pool-27-thread-1] INFO  server.RaftServerConfigKeys (ConfUtils.java:logGet(43)) - raft.server.log.statemachine.data.sync.timeout = 10s (default)
2019-09-26 21:19:14,978 [pool-27-thread-1] INFO  server.RaftServerConfigKeys (ConfUtils.java:logGet(43)) - raft.server.log.statemachine.data.sync.timeout.retry = -1 (default)
2019-09-26 21:19:14,978 [pool-27-thread-1] INFO  server.RaftServerConfigKeys (ConfUtils.java:logGet(43)) - raft.server.log.statemachine.data.caching.enabled = true (custom)
2019-09-26 21:19:14,978 [pool-27-thread-1] INFO  segmented.SegmentedRaftLogWorker (SegmentedRaftLogWorker.java:lambda$new$0(132)) - 9ce0b59e-153f-4f41-8aed-492a76d80b48@group-710F4F4B8A6C-SegmentedRaftLogWorker: flushIndex: setUnconditionally 0 -> -1
2019-09-26 21:19:14,979 [pool-27-thread-1] INFO  server.RaftServerConfigKeys (ConfUtils.java:logGet(43)) - raft.server.snapshot.auto.trigger.enabled = true (custom)
2019-09-26 21:19:14,979 [pool-27-thread-1] INFO  server.RaftServerConfigKeys (ConfUtils.java:logGet(43)) - raft.server.snapshot.auto.trigger.threshold = 10000 (custom)
2019-09-26 21:19:14,979 [pool-27-thread-1] INFO  server.RaftServerConfigKeys (ConfUtils.java:logGet(43)) - raft.server.snapshot.retention.num.files = 5 (custom)
2019-09-26 21:19:14,979 [pool-27-thread-1] INFO  server.RaftServerConfigKeys (ConfUtils.java:logGet(43)) - raft.server.retrycache.expirytime = 600000ms (custom)
2019-09-26 21:19:14,981 [pool-27-thread-1] INFO  impl.RaftServerImpl (RaftServerImpl.java:start(185)) - 9ce0b59e-153f-4f41-8aed-492a76d80b48@group-710F4F4B8A6C: start as a follower, conf=-1: [9ce0b59e-153f-4f41-8aed-492a76d80b48:192.168.151.99:34156], old=null
2019-09-26 21:19:14,981 [pool-27-thread-1] INFO  impl.RaftServerImpl (RaftServerImpl.java:setRole(174)) - 9ce0b59e-153f-4f41-8aed-492a76d80b48@group-710F4F4B8A6C: changes role from      null to FOLLOWER at term 0 for startAsFollower
2019-09-26 21:19:14,981 [pool-27-thread-1] INFO  impl.RoleInfo (RoleInfo.java:updateAndGet(143)) - 9ce0b59e-153f-4f41-8aed-492a76d80b48: start FollowerState
2019-09-26 21:19:14,982 [pool-27-thread-1] INFO  util.JmxRegister (JmxRegister.java:tryRegister(44)) - Successfully registered JMX Bean with object name Ratis:service=RaftServer,group=group-710F4F4B8A6C,id=9ce0b59e-153f-4f41-8aed-492a76d80b48
2019-09-26 21:19:14,985 [RatisPipelineUtilsThread] INFO  pipeline.PipelineStateManager (PipelineStateManager.java:addPipeline(56)) - Created pipeline Pipeline[ Id: 395f0ae3-10ee-4dde-b747-710f4f4b8a6c, Nodes: 9ce0b59e-153f-4f41-8aed-492a76d80b48{ip: 192.168.151.99, host: pr-hdds-1569-g6sp5-2013761785, networkLocation: /default-rack, certSerialId: null}, Type:RATIS, Factor:ONE, State:OPEN]
2019-09-26 21:19:14,990 [grpc-default-executor-3] INFO  impl.RaftServerProxy (RaftServerProxy.java:addNew(89)) - 09112efe-1fad-4539-a04f-c96aef6d2351: addNew group-19C9B7CB6A04:[09112efe-1fad-4539-a04f-c96aef6d2351:192.168.151.99:45286] returns group-19C9B7CB6A04:java.util.concurrent.CompletableFuture@3f171c24[Not completed]
2019-09-26 21:19:14,992 [pool-47-thread-1] INFO  impl.RaftServerImpl (RaftServerImpl.java:<init>(95)) - 09112efe-1fad-4539-a04f-c96aef6d2351: new RaftServerImpl for group-19C9B7CB6A04:[09112efe-1fad-4539-a04f-c96aef6d2351:192.168.151.99:45286] with ContainerStateMachine:uninitialized
2019-09-26 21:19:14,992 [pool-47-thread-1] INFO  server.RaftServerConfigKeys (ConfUtils.java:logGet(43)) - raft.server.rpc.timeout.min = 5s (custom)
2019-09-26 21:19:14,992 [pool-47-thread-1] INFO  server.RaftServerConfigKeys (ConfUtils.java:logGet(43)) - raft.server.rpc.timeout.max = 5200ms (custom)
2019-09-26 21:19:14,993 [pool-47-thread-1] INFO  server.RaftServerConfigKeys (ConfUtils.java:logGet(43)) - raft.server.rpcslowness.timeout = 120s (custom)
2019-09-26 21:19:14,993 [pool-47-thread-1] INFO  server.RaftServerConfigKeys (ConfUtils.java:logGet(43)) - raft.server.sleep.deviation.threshold = 300 (default)
2019-09-26 21:19:14,993 [pool-47-thread-1] INFO  server.RaftServerConfigKeys (ConfUtils.java:logGet(43)) - raft.server.log.appender.install.snapshot.enabled = false (custom)
2019-09-26 21:19:14,993 [pool-47-thread-1] INFO  impl.RaftServerImpl (ServerState.java:<init>(103)) - 09112efe-1fad-4539-a04f-c96aef6d2351@group-19C9B7CB6A04: ConfigurationManager, init=-1: [09112efe-1fad-4539-a04f-c96aef6d2351:192.168.151.99:45286], old=null, confs=<EMPTY_MAP>
2019-09-26 21:19:14,993 [pool-47-thread-1] INFO  server.RaftServerConfigKeys (ConfUtils.java:logGet(43)) - raft.server.storage.dir = [/workdir/hadoop-ozone/ozonefs/target/test-dir/MiniOzoneClusterImpl-5b64906c-d720-4906-b30c-b6d56a2122fd/datanode-2/data/ratis] (custom)
2019-09-26 21:19:14,994 [pool-47-thread-1] INFO  storage.RaftStorageDirectory (RaftStorageDirectory.java:analyzeStorage(246)) - The storage directory /workdir/hadoop-ozone/ozonefs/target/test-dir/MiniOzoneClusterImpl-5b64906c-d720-4906-b30c-b6d56a2122fd/datanode-2/data/ratis/0f882111-b09e-423d-8110-19c9b7cb6a04 does not exist. Creating ...
2019-09-26 21:19:15,007 [pool-47-thread-1] INFO  storage.RaftStorageDirectory (RaftStorageDirectory.java:tryLock(328)) - Lock on /workdir/hadoop-ozone/ozonefs/target/test-dir/MiniOzoneClusterImpl-5b64906c-d720-4906-b30c-b6d56a2122fd/datanode-2/data/ratis/0f882111-b09e-423d-8110-19c9b7cb6a04/in_use.lock acquired by nodename 10701@pr-hdds-1569-g6sp5-2013761785
2019-09-26 21:19:15,020 [pool-47-thread-1] INFO  storage.RaftStorage (RaftStorage.java:format(72)) - Storage directory /workdir/hadoop-ozone/ozonefs/target/test-dir/MiniOzoneClusterImpl-5b64906c-d720-4906-b30c-b6d56a2122fd/datanode-2/data/ratis/0f882111-b09e-423d-8110-19c9b7cb6a04 has been successfully formatted.
2019-09-26 21:19:15,020 [pool-47-thread-1] INFO  ratis.ContainerStateMachine (ContainerStateMachine.java:loadSnapshot(230)) - group-19C9B7CB6A04: The snapshot info is null. Setting the last applied indexto:(t:0, i:~)
2019-09-26 21:19:15,020 [pool-47-thread-1] INFO  server.RaftServerConfigKeys (ConfUtils.java:logGet(43)) - raft.server.notification.no-leader.timeout = 120s (custom)
2019-09-26 21:19:15,021 [pool-47-thread-1] INFO  server.RaftServerConfigKeys (ConfUtils.java:logGet(43)) - raft.server.log.use.memory = false (default)
2019-09-26 21:19:15,021 [pool-47-thread-1] INFO  server.RaftServerConfigKeys (ConfUtils.java:logGet(43)) - raft.server.log.purge.gap = 1000000 (custom)
2019-09-26 21:19:15,021 [pool-47-thread-1] INFO  server.RaftServerConfigKeys (ConfUtils.java:logGet(43)) - raft.server.log.appender.buffer.byte-limit = 33554432 (custom)
2019-09-26 21:19:15,021 [pool-47-thread-1] INFO  server.RaftServerConfigKeys (ConfUtils.java:logGet(43)) - raft.server.log.segment.size.max = 1048576 (custom)
2019-09-26 21:19:15,021 [pool-47-thread-1] INFO  server.RaftServerConfigKeys (ConfUtils.java:logGet(43)) - raft.server.log.segment.cache.num.max = 2 (custom)
2019-09-26 21:19:15,021 [pool-47-thread-1] INFO  segmented.SegmentedRaftLogWorker (SegmentedRaftLogWorker.java:<init>(172)) - new 09112efe-1fad-4539-a04f-c96aef6d2351@group-19C9B7CB6A04-SegmentedRaftLogWorker for RaftStorage:Storage Directory /workdir/hadoop-ozone/ozonefs/target/test-dir/MiniOzoneClusterImpl-5b64906c-d720-4906-b30c-b6d56a2122fd/datanode-2/data/ratis/0f882111-b09e-423d-8110-19c9b7cb6a04
2019-09-26 21:19:15,022 [pool-47-thread-1] INFO  server.RaftServerConfigKeys (ConfUtils.java:logGet(43)) - raft.server.log.queue.byte-limit = 2147483647 (custom)
2019-09-26 21:19:15,022 [pool-47-thread-1] INFO  server.RaftServerConfigKeys (ConfUtils.java:logGet(43)) - raft.server.log.queue.element-limit = 1024 (custom)
2019-09-26 21:19:15,022 [pool-47-thread-1] INFO  server.RaftServerConfigKeys (ConfUtils.java:logGet(43)) - raft.server.log.segment.size.max = 1048576 (custom)
2019-09-26 21:19:15,022 [pool-47-thread-1] INFO  server.RaftServerConfigKeys (ConfUtils.java:logGet(43)) - raft.server.log.preallocated.size = 16384 (custom)
2019-09-26 21:19:15,022 [pool-47-thread-1] INFO  server.RaftServerConfigKeys (ConfUtils.java:logGet(43)) - raft.server.log.write.buffer.size = 33554432 (custom)
2019-09-26 21:19:15,023 [pool-47-thread-1] INFO  server.RaftServerConfigKeys (ConfUtils.java:logGet(43)) - raft.server.log.force.sync.num = 128 (default)
2019-09-26 21:19:15,023 [pool-47-thread-1] INFO  server.RaftServerConfigKeys (ConfUtils.java:logGet(43)) - raft.server.log.statemachine.data.sync = true (default)
2019-09-26 21:19:15,023 [pool-47-thread-1] INFO  server.RaftServerConfigKeys (ConfUtils.java:logGet(43)) - raft.server.log.statemachine.data.sync.timeout = 10s (default)
2019-09-26 21:19:15,023 [pool-47-thread-1] INFO  server.RaftServerConfigKeys (ConfUtils.java:logGet(43)) - raft.server.log.statemachine.data.sync.timeout.retry = -1 (default)
2019-09-26 21:19:15,023 [pool-47-thread-1] INFO  server.RaftServerConfigKeys (ConfUtils.java:logGet(43)) - raft.server.log.statemachine.data.caching.enabled = true (custom)
2019-09-26 21:19:15,024 [pool-47-thread-1] INFO  segmented.SegmentedRaftLogWorker (SegmentedRaftLogWorker.java:lambda$new$0(132)) - 09112efe-1fad-4539-a04f-c96aef6d2351@group-19C9B7CB6A04-SegmentedRaftLogWorker: flushIndex: setUnconditionally 0 -> -1
2019-09-26 21:19:15,024 [pool-47-thread-1] INFO  server.RaftServerConfigKeys (ConfUtils.java:logGet(43)) - raft.server.snapshot.auto.trigger.enabled = true (custom)
2019-09-26 21:19:15,024 [pool-47-thread-1] INFO  server.RaftServerConfigKeys (ConfUtils.java:logGet(43)) - raft.server.snapshot.auto.trigger.threshold = 10000 (custom)
2019-09-26 21:19:15,024 [pool-47-thread-1] INFO  server.RaftServerConfigKeys (ConfUtils.java:logGet(43)) - raft.server.snapshot.retention.num.files = 5 (custom)
2019-09-26 21:19:15,025 [pool-47-thread-1] INFO  server.RaftServerConfigKeys (ConfUtils.java:logGet(43)) - raft.server.retrycache.expirytime = 600000ms (custom)
2019-09-26 21:19:15,027 [pool-47-thread-1] INFO  impl.RaftServerImpl (RaftServerImpl.java:start(185)) - 09112efe-1fad-4539-a04f-c96aef6d2351@group-19C9B7CB6A04: start as a follower, conf=-1: [09112efe-1fad-4539-a04f-c96aef6d2351:192.168.151.99:45286], old=null
2019-09-26 21:19:15,027 [pool-47-thread-1] INFO  impl.RaftServerImpl (RaftServerImpl.java:setRole(174)) - 09112efe-1fad-4539-a04f-c96aef6d2351@group-19C9B7CB6A04: changes role from      null to FOLLOWER at term 0 for startAsFollower
2019-09-26 21:19:15,027 [pool-47-thread-1] INFO  impl.RoleInfo (RoleInfo.java:updateAndGet(143)) - 09112efe-1fad-4539-a04f-c96aef6d2351: start FollowerState
2019-09-26 21:19:15,028 [pool-47-thread-1] INFO  util.JmxRegister (JmxRegister.java:tryRegister(44)) - Successfully registered JMX Bean with object name Ratis:service=RaftServer,group=group-19C9B7CB6A04,id=09112efe-1fad-4539-a04f-c96aef6d2351
2019-09-26 21:19:15,031 [RatisPipelineUtilsThread] INFO  pipeline.PipelineStateManager (PipelineStateManager.java:addPipeline(56)) - Created pipeline Pipeline[ Id: 0f882111-b09e-423d-8110-19c9b7cb6a04, Nodes: 09112efe-1fad-4539-a04f-c96aef6d2351{ip: 192.168.151.99, host: pr-hdds-1569-g6sp5-2013761785, networkLocation: /default-rack, certSerialId: null}, Type:RATIS, Factor:ONE, State:OPEN]
2019-09-26 21:19:15,036 [grpc-default-executor-3] INFO  impl.RaftServerProxy (RaftServerProxy.java:addNew(89)) - da833d8d-e72a-4068-9560-4daa2d83adc2: addNew group-5DCD0764729A:[da833d8d-e72a-4068-9560-4daa2d83adc2:192.168.151.99:38903] returns group-5DCD0764729A:java.util.concurrent.CompletableFuture@35ef7754[Not completed]
2019-09-26 21:19:15,037 [pool-67-thread-1] INFO  impl.RaftServerImpl (RaftServerImpl.java:<init>(95)) - da833d8d-e72a-4068-9560-4daa2d83adc2: new RaftServerImpl for group-5DCD0764729A:[da833d8d-e72a-4068-9560-4daa2d83adc2:192.168.151.99:38903] with ContainerStateMachine:uninitialized
2019-09-26 21:19:15,037 [pool-67-thread-1] INFO  server.RaftServerConfigKeys (ConfUtils.java:logGet(43)) - raft.server.rpc.timeout.min = 5s (custom)
2019-09-26 21:19:15,037 [pool-67-thread-1] INFO  server.RaftServerConfigKeys (ConfUtils.java:logGet(43)) - raft.server.rpc.timeout.max = 5200ms (custom)
2019-09-26 21:19:15,038 [pool-67-thread-1] INFO  server.RaftServerConfigKeys (ConfUtils.java:logGet(43)) - raft.server.rpcslowness.timeout = 120s (custom)
2019-09-26 21:19:15,038 [pool-67-thread-1] INFO  server.RaftServerConfigKeys (ConfUtils.java:logGet(43)) - raft.server.sleep.deviation.threshold = 300 (default)
2019-09-26 21:19:15,038 [pool-67-thread-1] INFO  server.RaftServerConfigKeys (ConfUtils.java:logGet(43)) - raft.server.log.appender.install.snapshot.enabled = false (custom)
2019-09-26 21:19:15,038 [pool-67-thread-1] INFO  impl.RaftServerImpl (ServerState.java:<init>(103)) - da833d8d-e72a-4068-9560-4daa2d83adc2@group-5DCD0764729A: ConfigurationManager, init=-1: [da833d8d-e72a-4068-9560-4daa2d83adc2:192.168.151.99:38903], old=null, confs=<EMPTY_MAP>
2019-09-26 21:19:15,038 [pool-67-thread-1] INFO  server.RaftServerConfigKeys (ConfUtils.java:logGet(43)) - raft.server.storage.dir = [/workdir/hadoop-ozone/ozonefs/target/test-dir/MiniOzoneClusterImpl-5b64906c-d720-4906-b30c-b6d56a2122fd/datanode-4/data/ratis] (custom)
2019-09-26 21:19:15,039 [pool-67-thread-1] INFO  storage.RaftStorageDirectory (RaftStorageDirectory.java:analyzeStorage(246)) - The storage directory /workdir/hadoop-ozone/ozonefs/target/test-dir/MiniOzoneClusterImpl-5b64906c-d720-4906-b30c-b6d56a2122fd/datanode-4/data/ratis/6b8f47ce-7ce0-4f7a-b291-5dcd0764729a does not exist. Creating ...
2019-09-26 21:19:15,052 [pool-67-thread-1] INFO  storage.RaftStorageDirectory (RaftStorageDirectory.java:tryLock(328)) - Lock on /workdir/hadoop-ozone/ozonefs/target/test-dir/MiniOzoneClusterImpl-5b64906c-d720-4906-b30c-b6d56a2122fd/datanode-4/data/ratis/6b8f47ce-7ce0-4f7a-b291-5dcd0764729a/in_use.lock acquired by nodename 10701@pr-hdds-1569-g6sp5-2013761785
2019-09-26 21:19:15,079 [pool-67-thread-1] INFO  storage.RaftStorage (RaftStorage.java:format(72)) - Storage directory /workdir/hadoop-ozone/ozonefs/target/test-dir/MiniOzoneClusterImpl-5b64906c-d720-4906-b30c-b6d56a2122fd/datanode-4/data/ratis/6b8f47ce-7ce0-4f7a-b291-5dcd0764729a has been successfully formatted.
2019-09-26 21:19:15,079 [pool-67-thread-1] INFO  ratis.ContainerStateMachine (ContainerStateMachine.java:loadSnapshot(230)) - group-5DCD0764729A: The snapshot info is null. Setting the last applied indexto:(t:0, i:~)
2019-09-26 21:19:15,079 [pool-67-thread-1] INFO  server.RaftServerConfigKeys (ConfUtils.java:logGet(43)) - raft.server.notification.no-leader.timeout = 120s (custom)
2019-09-26 21:19:15,080 [pool-67-thread-1] INFO  server.RaftServerConfigKeys (ConfUtils.java:logGet(43)) - raft.server.log.use.memory = false (default)
2019-09-26 21:19:15,080 [pool-67-thread-1] INFO  server.RaftServerConfigKeys (ConfUtils.java:logGet(43)) - raft.server.log.purge.gap = 1000000 (custom)
2019-09-26 21:19:15,080 [pool-67-thread-1] INFO  server.RaftServerConfigKeys (ConfUtils.java:logGet(43)) - raft.server.log.appender.buffer.byte-limit = 33554432 (custom)
2019-09-26 21:19:15,080 [pool-67-thread-1] INFO  server.RaftServerConfigKeys (ConfUtils.java:logGet(43)) - raft.server.log.segment.size.max = 1048576 (custom)
2019-09-26 21:19:15,080 [pool-67-thread-1] INFO  server.RaftServerConfigKeys (ConfUtils.java:logGet(43)) - raft.server.log.segment.cache.num.max = 2 (custom)
2019-09-26 21:19:15,080 [pool-67-thread-1] INFO  segmented.SegmentedRaftLogWorker (SegmentedRaftLogWorker.java:<init>(172)) - new da833d8d-e72a-4068-9560-4daa2d83adc2@group-5DCD0764729A-SegmentedRaftLogWorker for RaftStorage:Storage Directory /workdir/hadoop-ozone/ozonefs/target/test-dir/MiniOzoneClusterImpl-5b64906c-d720-4906-b30c-b6d56a2122fd/datanode-4/data/ratis/6b8f47ce-7ce0-4f7a-b291-5dcd0764729a
2019-09-26 21:19:15,080 [pool-67-thread-1] INFO  server.RaftServerConfigKeys (ConfUtils.java:logGet(43)) - raft.server.log.queue.byte-limit = 2147483647 (custom)
2019-09-26 21:19:15,081 [pool-67-thread-1] INFO  server.RaftServerConfigKeys (ConfUtils.java:logGet(43)) - raft.server.log.queue.element-limit = 1024 (custom)
2019-09-26 21:19:15,081 [pool-67-thread-1] INFO  server.RaftServerConfigKeys (ConfUtils.java:logGet(43)) - raft.server.log.segment.size.max = 1048576 (custom)
2019-09-26 21:19:15,081 [pool-67-thread-1] INFO  server.RaftServerConfigKeys (ConfUtils.java:logGet(43)) - raft.server.log.preallocated.size = 16384 (custom)
2019-09-26 21:19:15,081 [pool-67-thread-1] INFO  server.RaftServerConfigKeys (ConfUtils.java:logGet(43)) - raft.server.log.write.buffer.size = 33554432 (custom)
2019-09-26 21:19:15,081 [pool-67-thread-1] INFO  server.RaftServerConfigKeys (ConfUtils.java:logGet(43)) - raft.server.log.force.sync.num = 128 (default)
2019-09-26 21:19:15,081 [pool-67-thread-1] INFO  server.RaftServerConfigKeys (ConfUtils.java:logGet(43)) - raft.server.log.statemachine.data.sync = true (default)
2019-09-26 21:19:15,081 [pool-67-thread-1] INFO  server.RaftServerConfigKeys (ConfUtils.java:logGet(43)) - raft.server.log.statemachine.data.sync.timeout = 10s (default)
2019-09-26 21:19:15,082 [pool-67-thread-1] INFO  server.RaftServerConfigKeys (ConfUtils.java:logGet(43)) - raft.server.log.statemachine.data.sync.timeout.retry = -1 (default)
2019-09-26 21:19:15,082 [pool-67-thread-1] INFO  server.RaftServerConfigKeys (ConfUtils.java:logGet(43)) - raft.server.log.statemachine.data.caching.enabled = true (custom)
2019-09-26 21:19:15,082 [pool-67-thread-1] INFO  segmented.SegmentedRaftLogWorker (SegmentedRaftLogWorker.java:lambda$new$0(132)) - da833d8d-e72a-4068-9560-4daa2d83adc2@group-5DCD0764729A-SegmentedRaftLogWorker: flushIndex: setUnconditionally 0 -> -1
2019-09-26 21:19:15,082 [pool-67-thread-1] INFO  server.RaftServerConfigKeys (ConfUtils.java:logGet(43)) - raft.server.snapshot.auto.trigger.enabled = true (custom)
2019-09-26 21:19:15,083 [pool-67-thread-1] INFO  server.RaftServerConfigKeys (ConfUtils.java:logGet(43)) - raft.server.snapshot.auto.trigger.threshold = 10000 (custom)
2019-09-26 21:19:15,083 [pool-67-thread-1] INFO  server.RaftServerConfigKeys (ConfUtils.java:logGet(43)) - raft.server.snapshot.retention.num.files = 5 (custom)
2019-09-26 21:19:15,083 [pool-67-thread-1] INFO  server.RaftServerConfigKeys (ConfUtils.java:logGet(43)) - raft.server.retrycache.expirytime = 600000ms (custom)
2019-09-26 21:19:15,085 [pool-67-thread-1] INFO  impl.RaftServerImpl (RaftServerImpl.java:start(185)) - da833d8d-e72a-4068-9560-4daa2d83adc2@group-5DCD0764729A: start as a follower, conf=-1: [da833d8d-e72a-4068-9560-4daa2d83adc2:192.168.151.99:38903], old=null
2019-09-26 21:19:15,085 [pool-67-thread-1] INFO  impl.RaftServerImpl (RaftServerImpl.java:setRole(174)) - da833d8d-e72a-4068-9560-4daa2d83adc2@group-5DCD0764729A: changes role from      null to FOLLOWER at term 0 for startAsFollower
2019-09-26 21:19:15,085 [pool-67-thread-1] INFO  impl.RoleInfo (RoleInfo.java:updateAndGet(143)) - da833d8d-e72a-4068-9560-4daa2d83adc2: start FollowerState
2019-09-26 21:19:15,086 [pool-67-thread-1] INFO  util.JmxRegister (JmxRegister.java:tryRegister(44)) - Successfully registered JMX Bean with object name Ratis:service=RaftServer,group=group-5DCD0764729A,id=da833d8d-e72a-4068-9560-4daa2d83adc2
2019-09-26 21:19:15,089 [RatisPipelineUtilsThread] INFO  pipeline.PipelineStateManager (PipelineStateManager.java:addPipeline(56)) - Created pipeline Pipeline[ Id: 6b8f47ce-7ce0-4f7a-b291-5dcd0764729a, Nodes: da833d8d-e72a-4068-9560-4daa2d83adc2{ip: 192.168.151.99, host: pr-hdds-1569-g6sp5-2013761785, networkLocation: /default-rack, certSerialId: null}, Type:RATIS, Factor:ONE, State:OPEN]
2019-09-26 21:19:15,094 [grpc-default-executor-3] INFO  impl.RaftServerProxy (RaftServerProxy.java:addNew(89)) - 9ce0b59e-153f-4f41-8aed-492a76d80b48: addNew group-A9F28D9A165E:[9ce0b59e-153f-4f41-8aed-492a76d80b48:192.168.151.99:34156] returns group-A9F28D9A165E:java.util.concurrent.CompletableFuture@771c3b88[Not completed]
2019-09-26 21:19:15,095 [pool-27-thread-1] INFO  impl.RaftServerImpl (RaftServerImpl.java:<init>(95)) - 9ce0b59e-153f-4f41-8aed-492a76d80b48: new RaftServerImpl for group-A9F28D9A165E:[9ce0b59e-153f-4f41-8aed-492a76d80b48:192.168.151.99:34156] with ContainerStateMachine:uninitialized
2019-09-26 21:19:15,095 [pool-27-thread-1] INFO  server.RaftServerConfigKeys (ConfUtils.java:logGet(43)) - raft.server.rpc.timeout.min = 5s (custom)
2019-09-26 21:19:15,095 [pool-27-thread-1] INFO  server.RaftServerConfigKeys (ConfUtils.java:logGet(43)) - raft.server.rpc.timeout.max = 5200ms (custom)
2019-09-26 21:19:15,095 [pool-27-thread-1] INFO  server.RaftServerConfigKeys (ConfUtils.java:logGet(43)) - raft.server.rpcslowness.timeout = 120s (custom)
2019-09-26 21:19:15,095 [pool-27-thread-1] INFO  server.RaftServerConfigKeys (ConfUtils.java:logGet(43)) - raft.server.sleep.deviation.threshold = 300 (default)
2019-09-26 21:19:15,096 [pool-27-thread-1] INFO  server.RaftServerConfigKeys (ConfUtils.java:logGet(43)) - raft.server.log.appender.install.snapshot.enabled = false (custom)
2019-09-26 21:19:15,096 [pool-27-thread-1] INFO  impl.RaftServerImpl (ServerState.java:<init>(103)) - 9ce0b59e-153f-4f41-8aed-492a76d80b48@group-A9F28D9A165E: ConfigurationManager, init=-1: [9ce0b59e-153f-4f41-8aed-492a76d80b48:192.168.151.99:34156], old=null, confs=<EMPTY_MAP>
2019-09-26 21:19:15,096 [pool-27-thread-1] INFO  server.RaftServerConfigKeys (ConfUtils.java:logGet(43)) - raft.server.storage.dir = [/workdir/hadoop-ozone/ozonefs/target/test-dir/MiniOzoneClusterImpl-5b64906c-d720-4906-b30c-b6d56a2122fd/datanode-0/data/ratis] (custom)
2019-09-26 21:19:15,097 [pool-27-thread-1] INFO  storage.RaftStorageDirectory (RaftStorageDirectory.java:analyzeStorage(246)) - The storage directory /workdir/hadoop-ozone/ozonefs/target/test-dir/MiniOzoneClusterImpl-5b64906c-d720-4906-b30c-b6d56a2122fd/datanode-0/data/ratis/6a6f063b-abf4-445c-af95-a9f28d9a165e does not exist. Creating ...
2019-09-26 21:19:15,111 [pool-27-thread-1] INFO  storage.RaftStorageDirectory (RaftStorageDirectory.java:tryLock(328)) - Lock on /workdir/hadoop-ozone/ozonefs/target/test-dir/MiniOzoneClusterImpl-5b64906c-d720-4906-b30c-b6d56a2122fd/datanode-0/data/ratis/6a6f063b-abf4-445c-af95-a9f28d9a165e/in_use.lock acquired by nodename 10701@pr-hdds-1569-g6sp5-2013761785
2019-09-26 21:19:15,126 [pool-27-thread-1] INFO  storage.RaftStorage (RaftStorage.java:format(72)) - Storage directory /workdir/hadoop-ozone/ozonefs/target/test-dir/MiniOzoneClusterImpl-5b64906c-d720-4906-b30c-b6d56a2122fd/datanode-0/data/ratis/6a6f063b-abf4-445c-af95-a9f28d9a165e has been successfully formatted.
2019-09-26 21:19:15,126 [pool-27-thread-1] INFO  ratis.ContainerStateMachine (ContainerStateMachine.java:loadSnapshot(230)) - group-A9F28D9A165E: The snapshot info is null. Setting the last applied indexto:(t:0, i:~)
2019-09-26 21:19:15,126 [pool-27-thread-1] INFO  server.RaftServerConfigKeys (ConfUtils.java:logGet(43)) - raft.server.notification.no-leader.timeout = 120s (custom)
2019-09-26 21:19:15,126 [pool-27-thread-1] INFO  server.RaftServerConfigKeys (ConfUtils.java:logGet(43)) - raft.server.log.use.memory = false (default)
2019-09-26 21:19:15,126 [pool-27-thread-1] INFO  server.RaftServerConfigKeys (ConfUtils.java:logGet(43)) - raft.server.log.purge.gap = 1000000 (custom)
2019-09-26 21:19:15,126 [pool-27-thread-1] INFO  server.RaftServerConfigKeys (ConfUtils.java:logGet(43)) - raft.server.log.appender.buffer.byte-limit = 33554432 (custom)
2019-09-26 21:19:15,127 [pool-27-thread-1] INFO  server.RaftServerConfigKeys (ConfUtils.java:logGet(43)) - raft.server.log.segment.size.max = 1048576 (custom)
2019-09-26 21:19:15,127 [pool-27-thread-1] INFO  server.RaftServerConfigKeys (ConfUtils.java:logGet(43)) - raft.server.log.segment.cache.num.max = 2 (custom)
2019-09-26 21:19:15,127 [pool-27-thread-1] INFO  segmented.SegmentedRaftLogWorker (SegmentedRaftLogWorker.java:<init>(172)) - new 9ce0b59e-153f-4f41-8aed-492a76d80b48@group-A9F28D9A165E-SegmentedRaftLogWorker for RaftStorage:Storage Directory /workdir/hadoop-ozone/ozonefs/target/test-dir/MiniOzoneClusterImpl-5b64906c-d720-4906-b30c-b6d56a2122fd/datanode-0/data/ratis/6a6f063b-abf4-445c-af95-a9f28d9a165e
2019-09-26 21:19:15,127 [pool-27-thread-1] INFO  server.RaftServerConfigKeys (ConfUtils.java:logGet(43)) - raft.server.log.queue.byte-limit = 2147483647 (custom)
2019-09-26 21:19:15,127 [pool-27-thread-1] INFO  server.RaftServerConfigKeys (ConfUtils.java:logGet(43)) - raft.server.log.queue.element-limit = 1024 (custom)
2019-09-26 21:19:15,127 [pool-27-thread-1] INFO  server.RaftServerConfigKeys (ConfUtils.java:logGet(43)) - raft.server.log.segment.size.max = 1048576 (custom)
2019-09-26 21:19:15,127 [pool-27-thread-1] INFO  server.RaftServerConfigKeys (ConfUtils.java:logGet(43)) - raft.server.log.preallocated.size = 16384 (custom)
2019-09-26 21:19:15,128 [pool-27-thread-1] INFO  server.RaftServerConfigKeys (ConfUtils.java:logGet(43)) - raft.server.log.write.buffer.size = 33554432 (custom)
2019-09-26 21:19:15,128 [pool-27-thread-1] INFO  server.RaftServerConfigKeys (ConfUtils.java:logGet(43)) - raft.server.log.force.sync.num = 128 (default)
2019-09-26 21:19:15,128 [pool-27-thread-1] INFO  server.RaftServerConfigKeys (ConfUtils.java:logGet(43)) - raft.server.log.statemachine.data.sync = true (default)
2019-09-26 21:19:15,128 [pool-27-thread-1] INFO  server.RaftServerConfigKeys (ConfUtils.java:logGet(43)) - raft.server.log.statemachine.data.sync.timeout = 10s (default)
2019-09-26 21:19:15,128 [pool-27-thread-1] INFO  server.RaftServerConfigKeys (ConfUtils.java:logGet(43)) - raft.server.log.statemachine.data.sync.timeout.retry = -1 (default)
2019-09-26 21:19:15,128 [pool-27-thread-1] INFO  server.RaftServerConfigKeys (ConfUtils.java:logGet(43)) - raft.server.log.statemachine.data.caching.enabled = true (custom)
2019-09-26 21:19:15,129 [pool-27-thread-1] INFO  segmented.SegmentedRaftLogWorker (SegmentedRaftLogWorker.java:lambda$new$0(132)) - 9ce0b59e-153f-4f41-8aed-492a76d80b48@group-A9F28D9A165E-SegmentedRaftLogWorker: flushIndex: setUnconditionally 0 -> -1
2019-09-26 21:19:15,129 [pool-27-thread-1] INFO  server.RaftServerConfigKeys (ConfUtils.java:logGet(43)) - raft.server.snapshot.auto.trigger.enabled = true (custom)
2019-09-26 21:19:15,129 [pool-27-thread-1] INFO  server.RaftServerConfigKeys (ConfUtils.java:logGet(43)) - raft.server.snapshot.auto.trigger.threshold = 10000 (custom)
2019-09-26 21:19:15,129 [pool-27-thread-1] INFO  server.RaftServerConfigKeys (ConfUtils.java:logGet(43)) - raft.server.snapshot.retention.num.files = 5 (custom)
2019-09-26 21:19:15,129 [pool-27-thread-1] INFO  server.RaftServerConfigKeys (ConfUtils.java:logGet(43)) - raft.server.retrycache.expirytime = 600000ms (custom)
2019-09-26 21:19:15,131 [pool-27-thread-1] INFO  impl.RaftServerImpl (RaftServerImpl.java:start(185)) - 9ce0b59e-153f-4f41-8aed-492a76d80b48@group-A9F28D9A165E: start as a follower, conf=-1: [9ce0b59e-153f-4f41-8aed-492a76d80b48:192.168.151.99:34156], old=null
2019-09-26 21:19:15,131 [pool-27-thread-1] INFO  impl.RaftServerImpl (RaftServerImpl.java:setRole(174)) - 9ce0b59e-153f-4f41-8aed-492a76d80b48@group-A9F28D9A165E: changes role from      null to FOLLOWER at term 0 for startAsFollower
2019-09-26 21:19:15,131 [pool-27-thread-1] INFO  impl.RoleInfo (RoleInfo.java:updateAndGet(143)) - 9ce0b59e-153f-4f41-8aed-492a76d80b48: start FollowerState
2019-09-26 21:19:15,132 [pool-27-thread-1] INFO  util.JmxRegister (JmxRegister.java:tryRegister(44)) - Successfully registered JMX Bean with object name Ratis:service=RaftServer,group=group-A9F28D9A165E,id=9ce0b59e-153f-4f41-8aed-492a76d80b48
2019-09-26 21:19:15,134 [RatisPipelineUtilsThread] INFO  pipeline.PipelineStateManager (PipelineStateManager.java:addPipeline(56)) - Created pipeline Pipeline[ Id: 6a6f063b-abf4-445c-af95-a9f28d9a165e, Nodes: 9ce0b59e-153f-4f41-8aed-492a76d80b48{ip: 192.168.151.99, host: pr-hdds-1569-g6sp5-2013761785, networkLocation: /default-rack, certSerialId: null}, Type:RATIS, Factor:ONE, State:OPEN]
2019-09-26 21:19:15,138 [grpc-default-executor-3] INFO  impl.RaftServerProxy (RaftServerProxy.java:addNew(89)) - 1178c3ae-d0b4-4d44-b144-fe8504cc41ac: addNew group-500F90204D11:[1178c3ae-d0b4-4d44-b144-fe8504cc41ac:192.168.151.99:33787] returns group-500F90204D11:java.util.concurrent.CompletableFuture@fcc9721[Not completed]
2019-09-26 21:19:15,140 [pool-37-thread-1] INFO  impl.RaftServerImpl (RaftServerImpl.java:<init>(95)) - 1178c3ae-d0b4-4d44-b144-fe8504cc41ac: new RaftServerImpl for group-500F90204D11:[1178c3ae-d0b4-4d44-b144-fe8504cc41ac:192.168.151.99:33787] with ContainerStateMachine:uninitialized
2019-09-26 21:19:15,140 [pool-37-thread-1] INFO  server.RaftServerConfigKeys (ConfUtils.java:logGet(43)) - raft.server.rpc.timeout.min = 5s (custom)
2019-09-26 21:19:15,140 [pool-37-thread-1] INFO  server.RaftServerConfigKeys (ConfUtils.java:logGet(43)) - raft.server.rpc.timeout.max = 5200ms (custom)
2019-09-26 21:19:15,140 [pool-37-thread-1] INFO  server.RaftServerConfigKeys (ConfUtils.java:logGet(43)) - raft.server.rpcslowness.timeout = 120s (custom)
2019-09-26 21:19:15,140 [pool-37-thread-1] INFO  server.RaftServerConfigKeys (ConfUtils.java:logGet(43)) - raft.server.sleep.deviation.threshold = 300 (default)
2019-09-26 21:19:15,140 [pool-37-thread-1] INFO  server.RaftServerConfigKeys (ConfUtils.java:logGet(43)) - raft.server.log.appender.install.snapshot.enabled = false (custom)
2019-09-26 21:19:15,140 [pool-37-thread-1] INFO  impl.RaftServerImpl (ServerState.java:<init>(103)) - 1178c3ae-d0b4-4d44-b144-fe8504cc41ac@group-500F90204D11: ConfigurationManager, init=-1: [1178c3ae-d0b4-4d44-b144-fe8504cc41ac:192.168.151.99:33787], old=null, confs=<EMPTY_MAP>
2019-09-26 21:19:15,141 [pool-37-thread-1] INFO  server.RaftServerConfigKeys (ConfUtils.java:logGet(43)) - raft.server.storage.dir = [/workdir/hadoop-ozone/ozonefs/target/test-dir/MiniOzoneClusterImpl-5b64906c-d720-4906-b30c-b6d56a2122fd/datanode-1/data/ratis] (custom)
2019-09-26 21:19:15,141 [pool-37-thread-1] INFO  storage.RaftStorageDirectory (RaftStorageDirectory.java:analyzeStorage(246)) - The storage directory /workdir/hadoop-ozone/ozonefs/target/test-dir/MiniOzoneClusterImpl-5b64906c-d720-4906-b30c-b6d56a2122fd/datanode-1/data/ratis/20a370a5-3048-4791-85e0-500f90204d11 does not exist. Creating ...
2019-09-26 21:19:15,154 [pool-37-thread-1] INFO  storage.RaftStorageDirectory (RaftStorageDirectory.java:tryLock(328)) - Lock on /workdir/hadoop-ozone/ozonefs/target/test-dir/MiniOzoneClusterImpl-5b64906c-d720-4906-b30c-b6d56a2122fd/datanode-1/data/ratis/20a370a5-3048-4791-85e0-500f90204d11/in_use.lock acquired by nodename 10701@pr-hdds-1569-g6sp5-2013761785
2019-09-26 21:19:15,179 [pool-37-thread-1] INFO  storage.RaftStorage (RaftStorage.java:format(72)) - Storage directory /workdir/hadoop-ozone/ozonefs/target/test-dir/MiniOzoneClusterImpl-5b64906c-d720-4906-b30c-b6d56a2122fd/datanode-1/data/ratis/20a370a5-3048-4791-85e0-500f90204d11 has been successfully formatted.
2019-09-26 21:19:15,179 [pool-37-thread-1] INFO  ratis.ContainerStateMachine (ContainerStateMachine.java:loadSnapshot(230)) - group-500F90204D11: The snapshot info is null. Setting the last applied indexto:(t:0, i:~)
2019-09-26 21:19:15,179 [pool-37-thread-1] INFO  server.RaftServerConfigKeys (ConfUtils.java:logGet(43)) - raft.server.notification.no-leader.timeout = 120s (custom)
2019-09-26 21:19:15,179 [pool-37-thread-1] INFO  server.RaftServerConfigKeys (ConfUtils.java:logGet(43)) - raft.server.log.use.memory = false (default)
2019-09-26 21:19:15,180 [pool-37-thread-1] INFO  server.RaftServerConfigKeys (ConfUtils.java:logGet(43)) - raft.server.log.purge.gap = 1000000 (custom)
2019-09-26 21:19:15,180 [pool-37-thread-1] INFO  server.RaftServerConfigKeys (ConfUtils.java:logGet(43)) - raft.server.log.appender.buffer.byte-limit = 33554432 (custom)
2019-09-26 21:19:15,180 [pool-37-thread-1] INFO  server.RaftServerConfigKeys (ConfUtils.java:logGet(43)) - raft.server.log.segment.size.max = 1048576 (custom)
2019-09-26 21:19:15,180 [pool-37-thread-1] INFO  server.RaftServerConfigKeys (ConfUtils.java:logGet(43)) - raft.server.log.segment.cache.num.max = 2 (custom)
2019-09-26 21:19:15,180 [pool-37-thread-1] INFO  segmented.SegmentedRaftLogWorker (SegmentedRaftLogWorker.java:<init>(172)) - new 1178c3ae-d0b4-4d44-b144-fe8504cc41ac@group-500F90204D11-SegmentedRaftLogWorker for RaftStorage:Storage Directory /workdir/hadoop-ozone/ozonefs/target/test-dir/MiniOzoneClusterImpl-5b64906c-d720-4906-b30c-b6d56a2122fd/datanode-1/data/ratis/20a370a5-3048-4791-85e0-500f90204d11
2019-09-26 21:19:15,180 [pool-37-thread-1] INFO  server.RaftServerConfigKeys (ConfUtils.java:logGet(43)) - raft.server.log.queue.byte-limit = 2147483647 (custom)
2019-09-26 21:19:15,181 [pool-37-thread-1] INFO  server.RaftServerConfigKeys (ConfUtils.java:logGet(43)) - raft.server.log.queue.element-limit = 1024 (custom)
2019-09-26 21:19:15,181 [pool-37-thread-1] INFO  server.RaftServerConfigKeys (ConfUtils.java:logGet(43)) - raft.server.log.segment.size.max = 1048576 (custom)
2019-09-26 21:19:15,181 [pool-37-thread-1] INFO  server.RaftServerConfigKeys (ConfUtils.java:logGet(43)) - raft.server.log.preallocated.size = 16384 (custom)
2019-09-26 21:19:15,181 [pool-37-thread-1] INFO  server.RaftServerConfigKeys (ConfUtils.java:logGet(43)) - raft.server.log.write.buffer.size = 33554432 (custom)
2019-09-26 21:19:15,181 [pool-37-thread-1] INFO  server.RaftServerConfigKeys (ConfUtils.java:logGet(43)) - raft.server.log.force.sync.num = 128 (default)
2019-09-26 21:19:15,181 [pool-37-thread-1] INFO  server.RaftServerConfigKeys (ConfUtils.java:logGet(43)) - raft.server.log.statemachine.data.sync = true (default)
2019-09-26 21:19:15,182 [pool-37-thread-1] INFO  server.RaftServerConfigKeys (ConfUtils.java:logGet(43)) - raft.server.log.statemachine.data.sync.timeout = 10s (default)
2019-09-26 21:19:15,182 [pool-37-thread-1] INFO  server.RaftServerConfigKeys (ConfUtils.java:logGet(43)) - raft.server.log.statemachine.data.sync.timeout.retry = -1 (default)
2019-09-26 21:19:15,182 [pool-37-thread-1] INFO  server.RaftServerConfigKeys (ConfUtils.java:logGet(43)) - raft.server.log.statemachine.data.caching.enabled = true (custom)
2019-09-26 21:19:15,182 [pool-37-thread-1] INFO  segmented.SegmentedRaftLogWorker (SegmentedRaftLogWorker.java:lambda$new$0(132)) - 1178c3ae-d0b4-4d44-b144-fe8504cc41ac@group-500F90204D11-SegmentedRaftLogWorker: flushIndex: setUnconditionally 0 -> -1
2019-09-26 21:19:15,183 [pool-37-thread-1] INFO  server.RaftServerConfigKeys (ConfUtils.java:logGet(43)) - raft.server.snapshot.auto.trigger.enabled = true (custom)
2019-09-26 21:19:15,183 [pool-37-thread-1] INFO  server.RaftServerConfigKeys (ConfUtils.java:logGet(43)) - raft.server.snapshot.auto.trigger.threshold = 10000 (custom)
2019-09-26 21:19:15,183 [pool-37-thread-1] INFO  server.RaftServerConfigKeys (ConfUtils.java:logGet(43)) - raft.server.snapshot.retention.num.files = 5 (custom)
2019-09-26 21:19:15,183 [pool-37-thread-1] INFO  server.RaftServerConfigKeys (ConfUtils.java:logGet(43)) - raft.server.retrycache.expirytime = 600000ms (custom)
2019-09-26 21:19:15,185 [pool-37-thread-1] INFO  impl.RaftServerImpl (RaftServerImpl.java:start(185)) - 1178c3ae-d0b4-4d44-b144-fe8504cc41ac@group-500F90204D11: start as a follower, conf=-1: [1178c3ae-d0b4-4d44-b144-fe8504cc41ac:192.168.151.99:33787], old=null
2019-09-26 21:19:15,185 [pool-37-thread-1] INFO  impl.RaftServerImpl (RaftServerImpl.java:setRole(174)) - 1178c3ae-d0b4-4d44-b144-fe8504cc41ac@group-500F90204D11: changes role from      null to FOLLOWER at term 0 for startAsFollower
2019-09-26 21:19:15,186 [pool-37-thread-1] INFO  impl.RoleInfo (RoleInfo.java:updateAndGet(143)) - 1178c3ae-d0b4-4d44-b144-fe8504cc41ac: start FollowerState
2019-09-26 21:19:15,186 [pool-37-thread-1] INFO  util.JmxRegister (JmxRegister.java:tryRegister(44)) - Successfully registered JMX Bean with object name Ratis:service=RaftServer,group=group-500F90204D11,id=1178c3ae-d0b4-4d44-b144-fe8504cc41ac
2019-09-26 21:19:15,189 [RatisPipelineUtilsThread] INFO  pipeline.PipelineStateManager (PipelineStateManager.java:addPipeline(56)) - Created pipeline Pipeline[ Id: 20a370a5-3048-4791-85e0-500f90204d11, Nodes: 1178c3ae-d0b4-4d44-b144-fe8504cc41ac{ip: 192.168.151.99, host: pr-hdds-1569-g6sp5-2013761785, networkLocation: /default-rack, certSerialId: null}, Type:RATIS, Factor:ONE, State:OPEN]
2019-09-26 21:19:15,194 [grpc-default-executor-3] INFO  impl.RaftServerProxy (RaftServerProxy.java:addNew(89)) - 1178c3ae-d0b4-4d44-b144-fe8504cc41ac: addNew group-5D863DA9B74C:[1178c3ae-d0b4-4d44-b144-fe8504cc41ac:192.168.151.99:33787] returns group-5D863DA9B74C:java.util.concurrent.CompletableFuture@694a929[Not completed]
2019-09-26 21:19:15,195 [pool-37-thread-1] INFO  impl.RaftServerImpl (RaftServerImpl.java:<init>(95)) - 1178c3ae-d0b4-4d44-b144-fe8504cc41ac: new RaftServerImpl for group-5D863DA9B74C:[1178c3ae-d0b4-4d44-b144-fe8504cc41ac:192.168.151.99:33787] with ContainerStateMachine:uninitialized
2019-09-26 21:19:15,195 [pool-37-thread-1] INFO  server.RaftServerConfigKeys (ConfUtils.java:logGet(43)) - raft.server.rpc.timeout.min = 5s (custom)
2019-09-26 21:19:15,195 [pool-37-thread-1] INFO  server.RaftServerConfigKeys (ConfUtils.java:logGet(43)) - raft.server.rpc.timeout.max = 5200ms (custom)
2019-09-26 21:19:15,195 [pool-37-thread-1] INFO  server.RaftServerConfigKeys (ConfUtils.java:logGet(43)) - raft.server.rpcslowness.timeout = 120s (custom)
2019-09-26 21:19:15,196 [pool-37-thread-1] INFO  server.RaftServerConfigKeys (ConfUtils.java:logGet(43)) - raft.server.sleep.deviation.threshold = 300 (default)
2019-09-26 21:19:15,196 [pool-37-thread-1] INFO  server.RaftServerConfigKeys (ConfUtils.java:logGet(43)) - raft.server.log.appender.install.snapshot.enabled = false (custom)
2019-09-26 21:19:15,196 [pool-37-thread-1] INFO  impl.RaftServerImpl (ServerState.java:<init>(103)) - 1178c3ae-d0b4-4d44-b144-fe8504cc41ac@group-5D863DA9B74C: ConfigurationManager, init=-1: [1178c3ae-d0b4-4d44-b144-fe8504cc41ac:192.168.151.99:33787], old=null, confs=<EMPTY_MAP>
2019-09-26 21:19:15,196 [pool-37-thread-1] INFO  server.RaftServerConfigKeys (ConfUtils.java:logGet(43)) - raft.server.storage.dir = [/workdir/hadoop-ozone/ozonefs/target/test-dir/MiniOzoneClusterImpl-5b64906c-d720-4906-b30c-b6d56a2122fd/datanode-1/data/ratis] (custom)
2019-09-26 21:19:15,197 [pool-37-thread-1] INFO  storage.RaftStorageDirectory (RaftStorageDirectory.java:analyzeStorage(246)) - The storage directory /workdir/hadoop-ozone/ozonefs/target/test-dir/MiniOzoneClusterImpl-5b64906c-d720-4906-b30c-b6d56a2122fd/datanode-1/data/ratis/8c8771eb-818d-4746-b2ca-5d863da9b74c does not exist. Creating ...
2019-09-26 21:19:15,209 [pool-37-thread-1] INFO  storage.RaftStorageDirectory (RaftStorageDirectory.java:tryLock(328)) - Lock on /workdir/hadoop-ozone/ozonefs/target/test-dir/MiniOzoneClusterImpl-5b64906c-d720-4906-b30c-b6d56a2122fd/datanode-1/data/ratis/8c8771eb-818d-4746-b2ca-5d863da9b74c/in_use.lock acquired by nodename 10701@pr-hdds-1569-g6sp5-2013761785
2019-09-26 21:19:15,222 [pool-37-thread-1] INFO  storage.RaftStorage (RaftStorage.java:format(72)) - Storage directory /workdir/hadoop-ozone/ozonefs/target/test-dir/MiniOzoneClusterImpl-5b64906c-d720-4906-b30c-b6d56a2122fd/datanode-1/data/ratis/8c8771eb-818d-4746-b2ca-5d863da9b74c has been successfully formatted.
2019-09-26 21:19:15,223 [pool-37-thread-1] INFO  ratis.ContainerStateMachine (ContainerStateMachine.java:loadSnapshot(230)) - group-5D863DA9B74C: The snapshot info is null. Setting the last applied indexto:(t:0, i:~)
2019-09-26 21:19:15,223 [pool-37-thread-1] INFO  server.RaftServerConfigKeys (ConfUtils.java:logGet(43)) - raft.server.notification.no-leader.timeout = 120s (custom)
2019-09-26 21:19:15,223 [pool-37-thread-1] INFO  server.RaftServerConfigKeys (ConfUtils.java:logGet(43)) - raft.server.log.use.memory = false (default)
2019-09-26 21:19:15,223 [pool-37-thread-1] INFO  server.RaftServerConfigKeys (ConfUtils.java:logGet(43)) - raft.server.log.purge.gap = 1000000 (custom)
2019-09-26 21:19:15,223 [pool-37-thread-1] INFO  server.RaftServerConfigKeys (ConfUtils.java:logGet(43)) - raft.server.log.appender.buffer.byte-limit = 33554432 (custom)
2019-09-26 21:19:15,224 [pool-37-thread-1] INFO  server.RaftServerConfigKeys (ConfUtils.java:logGet(43)) - raft.server.log.segment.size.max = 1048576 (custom)
2019-09-26 21:19:15,224 [pool-37-thread-1] INFO  server.RaftServerConfigKeys (ConfUtils.java:logGet(43)) - raft.server.log.segment.cache.num.max = 2 (custom)
2019-09-26 21:19:15,224 [pool-37-thread-1] INFO  segmented.SegmentedRaftLogWorker (SegmentedRaftLogWorker.java:<init>(172)) - new 1178c3ae-d0b4-4d44-b144-fe8504cc41ac@group-5D863DA9B74C-SegmentedRaftLogWorker for RaftStorage:Storage Directory /workdir/hadoop-ozone/ozonefs/target/test-dir/MiniOzoneClusterImpl-5b64906c-d720-4906-b30c-b6d56a2122fd/datanode-1/data/ratis/8c8771eb-818d-4746-b2ca-5d863da9b74c
2019-09-26 21:19:15,224 [pool-37-thread-1] INFO  server.RaftServerConfigKeys (ConfUtils.java:logGet(43)) - raft.server.log.queue.byte-limit = 2147483647 (custom)
2019-09-26 21:19:15,224 [pool-37-thread-1] INFO  server.RaftServerConfigKeys (ConfUtils.java:logGet(43)) - raft.server.log.queue.element-limit = 1024 (custom)
2019-09-26 21:19:15,224 [pool-37-thread-1] INFO  server.RaftServerConfigKeys (ConfUtils.java:logGet(43)) - raft.server.log.segment.size.max = 1048576 (custom)
2019-09-26 21:19:15,224 [pool-37-thread-1] INFO  server.RaftServerConfigKeys (ConfUtils.java:logGet(43)) - raft.server.log.preallocated.size = 16384 (custom)
2019-09-26 21:19:15,225 [pool-37-thread-1] INFO  server.RaftServerConfigKeys (ConfUtils.java:logGet(43)) - raft.server.log.write.buffer.size = 33554432 (custom)
2019-09-26 21:19:15,225 [pool-37-thread-1] INFO  server.RaftServerConfigKeys (ConfUtils.java:logGet(43)) - raft.server.log.force.sync.num = 128 (default)
2019-09-26 21:19:15,225 [pool-37-thread-1] INFO  server.RaftServerConfigKeys (ConfUtils.java:logGet(43)) - raft.server.log.statemachine.data.sync = true (default)
2019-09-26 21:19:15,225 [pool-37-thread-1] INFO  server.RaftServerConfigKeys (ConfUtils.java:logGet(43)) - raft.server.log.statemachine.data.sync.timeout = 10s (default)
2019-09-26 21:19:15,225 [pool-37-thread-1] INFO  server.RaftServerConfigKeys (ConfUtils.java:logGet(43)) - raft.server.log.statemachine.data.sync.timeout.retry = -1 (default)
2019-09-26 21:19:15,225 [pool-37-thread-1] INFO  server.RaftServerConfigKeys (ConfUtils.java:logGet(43)) - raft.server.log.statemachine.data.caching.enabled = true (custom)
2019-09-26 21:19:15,226 [pool-37-thread-1] INFO  segmented.SegmentedRaftLogWorker (SegmentedRaftLogWorker.java:lambda$new$0(132)) - 1178c3ae-d0b4-4d44-b144-fe8504cc41ac@group-5D863DA9B74C-SegmentedRaftLogWorker: flushIndex: setUnconditionally 0 -> -1
2019-09-26 21:19:15,226 [pool-37-thread-1] INFO  server.RaftServerConfigKeys (ConfUtils.java:logGet(43)) - raft.server.snapshot.auto.trigger.enabled = true (custom)
2019-09-26 21:19:15,226 [pool-37-thread-1] INFO  server.RaftServerConfigKeys (ConfUtils.java:logGet(43)) - raft.server.snapshot.auto.trigger.threshold = 10000 (custom)
2019-09-26 21:19:15,226 [pool-37-thread-1] INFO  server.RaftServerConfigKeys (ConfUtils.java:logGet(43)) - raft.server.snapshot.retention.num.files = 5 (custom)
2019-09-26 21:19:15,227 [pool-37-thread-1] INFO  server.RaftServerConfigKeys (ConfUtils.java:logGet(43)) - raft.server.retrycache.expirytime = 600000ms (custom)
2019-09-26 21:19:15,235 [pool-37-thread-1] INFO  impl.RaftServerImpl (RaftServerImpl.java:start(185)) - 1178c3ae-d0b4-4d44-b144-fe8504cc41ac@group-5D863DA9B74C: start as a follower, conf=-1: [1178c3ae-d0b4-4d44-b144-fe8504cc41ac:192.168.151.99:33787], old=null
2019-09-26 21:19:15,235 [pool-37-thread-1] INFO  impl.RaftServerImpl (RaftServerImpl.java:setRole(174)) - 1178c3ae-d0b4-4d44-b144-fe8504cc41ac@group-5D863DA9B74C: changes role from      null to FOLLOWER at term 0 for startAsFollower
2019-09-26 21:19:15,235 [pool-37-thread-1] INFO  impl.RoleInfo (RoleInfo.java:updateAndGet(143)) - 1178c3ae-d0b4-4d44-b144-fe8504cc41ac: start FollowerState
2019-09-26 21:19:15,236 [pool-37-thread-1] INFO  util.JmxRegister (JmxRegister.java:tryRegister(44)) - Successfully registered JMX Bean with object name Ratis:service=RaftServer,group=group-5D863DA9B74C,id=1178c3ae-d0b4-4d44-b144-fe8504cc41ac
2019-09-26 21:19:15,239 [RatisPipelineUtilsThread] INFO  pipeline.PipelineStateManager (PipelineStateManager.java:addPipeline(56)) - Created pipeline Pipeline[ Id: 8c8771eb-818d-4746-b2ca-5d863da9b74c, Nodes: 1178c3ae-d0b4-4d44-b144-fe8504cc41ac{ip: 192.168.151.99, host: pr-hdds-1569-g6sp5-2013761785, networkLocation: /default-rack, certSerialId: null}, Type:RATIS, Factor:ONE, State:OPEN]
2019-09-26 21:19:15,244 [grpc-default-executor-3] INFO  impl.RaftServerProxy (RaftServerProxy.java:addNew(89)) - 0c640f50-2bc9-49b6-b785-a27e3116e6ba: addNew group-2260AD7B7718:[0c640f50-2bc9-49b6-b785-a27e3116e6ba:192.168.151.99:42361] returns group-2260AD7B7718:java.util.concurrent.CompletableFuture@14c83afa[Not completed]
2019-09-26 21:19:15,245 [pool-57-thread-1] INFO  impl.RaftServerImpl (RaftServerImpl.java:<init>(95)) - 0c640f50-2bc9-49b6-b785-a27e3116e6ba: new RaftServerImpl for group-2260AD7B7718:[0c640f50-2bc9-49b6-b785-a27e3116e6ba:192.168.151.99:42361] with ContainerStateMachine:uninitialized
2019-09-26 21:19:15,245 [pool-57-thread-1] INFO  server.RaftServerConfigKeys (ConfUtils.java:logGet(43)) - raft.server.rpc.timeout.min = 5s (custom)
2019-09-26 21:19:15,245 [pool-57-thread-1] INFO  server.RaftServerConfigKeys (ConfUtils.java:logGet(43)) - raft.server.rpc.timeout.max = 5200ms (custom)
2019-09-26 21:19:15,246 [pool-57-thread-1] INFO  server.RaftServerConfigKeys (ConfUtils.java:logGet(43)) - raft.server.rpcslowness.timeout = 120s (custom)
2019-09-26 21:19:15,246 [pool-57-thread-1] INFO  server.RaftServerConfigKeys (ConfUtils.java:logGet(43)) - raft.server.sleep.deviation.threshold = 300 (default)
2019-09-26 21:19:15,246 [pool-57-thread-1] INFO  server.RaftServerConfigKeys (ConfUtils.java:logGet(43)) - raft.server.log.appender.install.snapshot.enabled = false (custom)
2019-09-26 21:19:15,246 [pool-57-thread-1] INFO  impl.RaftServerImpl (ServerState.java:<init>(103)) - 0c640f50-2bc9-49b6-b785-a27e3116e6ba@group-2260AD7B7718: ConfigurationManager, init=-1: [0c640f50-2bc9-49b6-b785-a27e3116e6ba:192.168.151.99:42361], old=null, confs=<EMPTY_MAP>
2019-09-26 21:19:15,246 [pool-57-thread-1] INFO  server.RaftServerConfigKeys (ConfUtils.java:logGet(43)) - raft.server.storage.dir = [/workdir/hadoop-ozone/ozonefs/target/test-dir/MiniOzoneClusterImpl-5b64906c-d720-4906-b30c-b6d56a2122fd/datanode-3/data/ratis] (custom)
2019-09-26 21:19:15,247 [pool-57-thread-1] INFO  storage.RaftStorageDirectory (RaftStorageDirectory.java:analyzeStorage(246)) - The storage directory /workdir/hadoop-ozone/ozonefs/target/test-dir/MiniOzoneClusterImpl-5b64906c-d720-4906-b30c-b6d56a2122fd/datanode-3/data/ratis/374dfacb-895e-451d-a650-2260ad7b7718 does not exist. Creating ...
2019-09-26 21:19:15,259 [pool-57-thread-1] INFO  storage.RaftStorageDirectory (RaftStorageDirectory.java:tryLock(328)) - Lock on /workdir/hadoop-ozone/ozonefs/target/test-dir/MiniOzoneClusterImpl-5b64906c-d720-4906-b30c-b6d56a2122fd/datanode-3/data/ratis/374dfacb-895e-451d-a650-2260ad7b7718/in_use.lock acquired by nodename 10701@pr-hdds-1569-g6sp5-2013761785
2019-09-26 21:19:15,272 [pool-57-thread-1] INFO  storage.RaftStorage (RaftStorage.java:format(72)) - Storage directory /workdir/hadoop-ozone/ozonefs/target/test-dir/MiniOzoneClusterImpl-5b64906c-d720-4906-b30c-b6d56a2122fd/datanode-3/data/ratis/374dfacb-895e-451d-a650-2260ad7b7718 has been successfully formatted.
2019-09-26 21:19:15,273 [pool-57-thread-1] INFO  ratis.ContainerStateMachine (ContainerStateMachine.java:loadSnapshot(230)) - group-2260AD7B7718: The snapshot info is null. Setting the last applied indexto:(t:0, i:~)
2019-09-26 21:19:15,273 [pool-57-thread-1] INFO  server.RaftServerConfigKeys (ConfUtils.java:logGet(43)) - raft.server.notification.no-leader.timeout = 120s (custom)
2019-09-26 21:19:15,273 [pool-57-thread-1] INFO  server.RaftServerConfigKeys (ConfUtils.java:logGet(43)) - raft.server.log.use.memory = false (default)
2019-09-26 21:19:15,273 [pool-57-thread-1] INFO  server.RaftServerConfigKeys (ConfUtils.java:logGet(43)) - raft.server.log.purge.gap = 1000000 (custom)
2019-09-26 21:19:15,273 [pool-57-thread-1] INFO  server.RaftServerConfigKeys (ConfUtils.java:logGet(43)) - raft.server.log.appender.buffer.byte-limit = 33554432 (custom)
2019-09-26 21:19:15,274 [pool-57-thread-1] INFO  server.RaftServerConfigKeys (ConfUtils.java:logGet(43)) - raft.server.log.segment.size.max = 1048576 (custom)
2019-09-26 21:19:15,274 [pool-57-thread-1] INFO  server.RaftServerConfigKeys (ConfUtils.java:logGet(43)) - raft.server.log.segment.cache.num.max = 2 (custom)
2019-09-26 21:19:15,274 [pool-57-thread-1] INFO  segmented.SegmentedRaftLogWorker (SegmentedRaftLogWorker.java:<init>(172)) - new 0c640f50-2bc9-49b6-b785-a27e3116e6ba@group-2260AD7B7718-SegmentedRaftLogWorker for RaftStorage:Storage Directory /workdir/hadoop-ozone/ozonefs/target/test-dir/MiniOzoneClusterImpl-5b64906c-d720-4906-b30c-b6d56a2122fd/datanode-3/data/ratis/374dfacb-895e-451d-a650-2260ad7b7718
2019-09-26 21:19:15,274 [pool-57-thread-1] INFO  server.RaftServerConfigKeys (ConfUtils.java:logGet(43)) - raft.server.log.queue.byte-limit = 2147483647 (custom)
2019-09-26 21:19:15,274 [pool-57-thread-1] INFO  server.RaftServerConfigKeys (ConfUtils.java:logGet(43)) - raft.server.log.queue.element-limit = 1024 (custom)
2019-09-26 21:19:15,274 [pool-57-thread-1] INFO  server.RaftServerConfigKeys (ConfUtils.java:logGet(43)) - raft.server.log.segment.size.max = 1048576 (custom)
2019-09-26 21:19:15,274 [pool-57-thread-1] INFO  server.RaftServerConfigKeys (ConfUtils.java:logGet(43)) - raft.server.log.preallocated.size = 16384 (custom)
2019-09-26 21:19:15,275 [pool-57-thread-1] INFO  server.RaftServerConfigKeys (ConfUtils.java:logGet(43)) - raft.server.log.write.buffer.size = 33554432 (custom)
2019-09-26 21:19:15,275 [pool-57-thread-1] INFO  server.RaftServerConfigKeys (ConfUtils.java:logGet(43)) - raft.server.log.force.sync.num = 128 (default)
2019-09-26 21:19:15,275 [pool-57-thread-1] INFO  server.RaftServerConfigKeys (ConfUtils.java:logGet(43)) - raft.server.log.statemachine.data.sync = true (default)
2019-09-26 21:19:15,275 [pool-57-thread-1] INFO  server.RaftServerConfigKeys (ConfUtils.java:logGet(43)) - raft.server.log.statemachine.data.sync.timeout = 10s (default)
2019-09-26 21:19:15,275 [pool-57-thread-1] INFO  server.RaftServerConfigKeys (ConfUtils.java:logGet(43)) - raft.server.log.statemachine.data.sync.timeout.retry = -1 (default)
2019-09-26 21:19:15,275 [pool-57-thread-1] INFO  server.RaftServerConfigKeys (ConfUtils.java:logGet(43)) - raft.server.log.statemachine.data.caching.enabled = true (custom)
2019-09-26 21:19:15,276 [pool-57-thread-1] INFO  segmented.SegmentedRaftLogWorker (SegmentedRaftLogWorker.java:lambda$new$0(132)) - 0c640f50-2bc9-49b6-b785-a27e3116e6ba@group-2260AD7B7718-SegmentedRaftLogWorker: flushIndex: setUnconditionally 0 -> -1
2019-09-26 21:19:15,276 [pool-57-thread-1] INFO  server.RaftServerConfigKeys (ConfUtils.java:logGet(43)) - raft.server.snapshot.auto.trigger.enabled = true (custom)
2019-09-26 21:19:15,276 [pool-57-thread-1] INFO  server.RaftServerConfigKeys (ConfUtils.java:logGet(43)) - raft.server.snapshot.auto.trigger.threshold = 10000 (custom)
2019-09-26 21:19:15,276 [pool-57-thread-1] INFO  server.RaftServerConfigKeys (ConfUtils.java:logGet(43)) - raft.server.snapshot.retention.num.files = 5 (custom)
2019-09-26 21:19:15,277 [pool-57-thread-1] INFO  server.RaftServerConfigKeys (ConfUtils.java:logGet(43)) - raft.server.retrycache.expirytime = 600000ms (custom)
2019-09-26 21:19:15,279 [pool-57-thread-1] INFO  impl.RaftServerImpl (RaftServerImpl.java:start(185)) - 0c640f50-2bc9-49b6-b785-a27e3116e6ba@group-2260AD7B7718: start as a follower, conf=-1: [0c640f50-2bc9-49b6-b785-a27e3116e6ba:192.168.151.99:42361], old=null
2019-09-26 21:19:15,279 [pool-57-thread-1] INFO  impl.RaftServerImpl (RaftServerImpl.java:setRole(174)) - 0c640f50-2bc9-49b6-b785-a27e3116e6ba@group-2260AD7B7718: changes role from      null to FOLLOWER at term 0 for startAsFollower
2019-09-26 21:19:15,279 [pool-57-thread-1] INFO  impl.RoleInfo (RoleInfo.java:updateAndGet(143)) - 0c640f50-2bc9-49b6-b785-a27e3116e6ba: start FollowerState
2019-09-26 21:19:15,279 [pool-57-thread-1] INFO  util.JmxRegister (JmxRegister.java:tryRegister(44)) - Successfully registered JMX Bean with object name Ratis:service=RaftServer,group=group-2260AD7B7718,id=0c640f50-2bc9-49b6-b785-a27e3116e6ba
2019-09-26 21:19:15,282 [RatisPipelineUtilsThread] INFO  pipeline.PipelineStateManager (PipelineStateManager.java:addPipeline(56)) - Created pipeline Pipeline[ Id: 374dfacb-895e-451d-a650-2260ad7b7718, Nodes: 0c640f50-2bc9-49b6-b785-a27e3116e6ba{ip: 192.168.151.99, host: pr-hdds-1569-g6sp5-2013761785, networkLocation: /default-rack, certSerialId: null}, Type:RATIS, Factor:ONE, State:OPEN]
2019-09-26 21:19:15,287 [grpc-default-executor-3] INFO  impl.RaftServerProxy (RaftServerProxy.java:addNew(89)) - 09112efe-1fad-4539-a04f-c96aef6d2351: addNew group-A4789B464D44:[09112efe-1fad-4539-a04f-c96aef6d2351:192.168.151.99:45286] returns group-A4789B464D44:java.util.concurrent.CompletableFuture@37f2c2e8[Not completed]
2019-09-26 21:19:15,288 [pool-47-thread-1] INFO  impl.RaftServerImpl (RaftServerImpl.java:<init>(95)) - 09112efe-1fad-4539-a04f-c96aef6d2351: new RaftServerImpl for group-A4789B464D44:[09112efe-1fad-4539-a04f-c96aef6d2351:192.168.151.99:45286] with ContainerStateMachine:uninitialized
2019-09-26 21:19:15,288 [pool-47-thread-1] INFO  server.RaftServerConfigKeys (ConfUtils.java:logGet(43)) - raft.server.rpc.timeout.min = 5s (custom)
2019-09-26 21:19:15,289 [pool-47-thread-1] INFO  server.RaftServerConfigKeys (ConfUtils.java:logGet(43)) - raft.server.rpc.timeout.max = 5200ms (custom)
2019-09-26 21:19:15,289 [pool-47-thread-1] INFO  server.RaftServerConfigKeys (ConfUtils.java:logGet(43)) - raft.server.rpcslowness.timeout = 120s (custom)
2019-09-26 21:19:15,289 [pool-47-thread-1] INFO  server.RaftServerConfigKeys (ConfUtils.java:logGet(43)) - raft.server.sleep.deviation.threshold = 300 (default)
2019-09-26 21:19:15,289 [pool-47-thread-1] INFO  server.RaftServerConfigKeys (ConfUtils.java:logGet(43)) - raft.server.log.appender.install.snapshot.enabled = false (custom)
2019-09-26 21:19:15,289 [pool-47-thread-1] INFO  impl.RaftServerImpl (ServerState.java:<init>(103)) - 09112efe-1fad-4539-a04f-c96aef6d2351@group-A4789B464D44: ConfigurationManager, init=-1: [09112efe-1fad-4539-a04f-c96aef6d2351:192.168.151.99:45286], old=null, confs=<EMPTY_MAP>
2019-09-26 21:19:15,289 [pool-47-thread-1] INFO  server.RaftServerConfigKeys (ConfUtils.java:logGet(43)) - raft.server.storage.dir = [/workdir/hadoop-ozone/ozonefs/target/test-dir/MiniOzoneClusterImpl-5b64906c-d720-4906-b30c-b6d56a2122fd/datanode-2/data/ratis] (custom)
2019-09-26 21:19:15,290 [pool-47-thread-1] INFO  storage.RaftStorageDirectory (RaftStorageDirectory.java:analyzeStorage(246)) - The storage directory /workdir/hadoop-ozone/ozonefs/target/test-dir/MiniOzoneClusterImpl-5b64906c-d720-4906-b30c-b6d56a2122fd/datanode-2/data/ratis/f90309a6-5de5-4db3-a9bc-a4789b464d44 does not exist. Creating ...
2019-09-26 21:19:15,303 [pool-47-thread-1] INFO  storage.RaftStorageDirectory (RaftStorageDirectory.java:tryLock(328)) - Lock on /workdir/hadoop-ozone/ozonefs/target/test-dir/MiniOzoneClusterImpl-5b64906c-d720-4906-b30c-b6d56a2122fd/datanode-2/data/ratis/f90309a6-5de5-4db3-a9bc-a4789b464d44/in_use.lock acquired by nodename 10701@pr-hdds-1569-g6sp5-2013761785
2019-09-26 21:19:15,328 [pool-47-thread-1] INFO  storage.RaftStorage (RaftStorage.java:format(72)) - Storage directory /workdir/hadoop-ozone/ozonefs/target/test-dir/MiniOzoneClusterImpl-5b64906c-d720-4906-b30c-b6d56a2122fd/datanode-2/data/ratis/f90309a6-5de5-4db3-a9bc-a4789b464d44 has been successfully formatted.
2019-09-26 21:19:15,328 [pool-47-thread-1] INFO  ratis.ContainerStateMachine (ContainerStateMachine.java:loadSnapshot(230)) - group-A4789B464D44: The snapshot info is null. Setting the last applied indexto:(t:0, i:~)
2019-09-26 21:19:15,328 [pool-47-thread-1] INFO  server.RaftServerConfigKeys (ConfUtils.java:logGet(43)) - raft.server.notification.no-leader.timeout = 120s (custom)
2019-09-26 21:19:15,328 [pool-47-thread-1] INFO  server.RaftServerConfigKeys (ConfUtils.java:logGet(43)) - raft.server.log.use.memory = false (default)
2019-09-26 21:19:15,329 [pool-47-thread-1] INFO  server.RaftServerConfigKeys (ConfUtils.java:logGet(43)) - raft.server.log.purge.gap = 1000000 (custom)
2019-09-26 21:19:15,329 [pool-47-thread-1] INFO  server.RaftServerConfigKeys (ConfUtils.java:logGet(43)) - raft.server.log.appender.buffer.byte-limit = 33554432 (custom)
2019-09-26 21:19:15,329 [pool-47-thread-1] INFO  server.RaftServerConfigKeys (ConfUtils.java:logGet(43)) - raft.server.log.segment.size.max = 1048576 (custom)
2019-09-26 21:19:15,329 [pool-47-thread-1] INFO  server.RaftServerConfigKeys (ConfUtils.java:logGet(43)) - raft.server.log.segment.cache.num.max = 2 (custom)
2019-09-26 21:19:15,329 [pool-47-thread-1] INFO  segmented.SegmentedRaftLogWorker (SegmentedRaftLogWorker.java:<init>(172)) - new 09112efe-1fad-4539-a04f-c96aef6d2351@group-A4789B464D44-SegmentedRaftLogWorker for RaftStorage:Storage Directory /workdir/hadoop-ozone/ozonefs/target/test-dir/MiniOzoneClusterImpl-5b64906c-d720-4906-b30c-b6d56a2122fd/datanode-2/data/ratis/f90309a6-5de5-4db3-a9bc-a4789b464d44
2019-09-26 21:19:15,329 [pool-47-thread-1] INFO  server.RaftServerConfigKeys (ConfUtils.java:logGet(43)) - raft.server.log.queue.byte-limit = 2147483647 (custom)
2019-09-26 21:19:15,330 [pool-47-thread-1] INFO  server.RaftServerConfigKeys (ConfUtils.java:logGet(43)) - raft.server.log.queue.element-limit = 1024 (custom)
2019-09-26 21:19:15,330 [pool-47-thread-1] INFO  server.RaftServerConfigKeys (ConfUtils.java:logGet(43)) - raft.server.log.segment.size.max = 1048576 (custom)
2019-09-26 21:19:15,330 [pool-47-thread-1] INFO  server.RaftServerConfigKeys (ConfUtils.java:logGet(43)) - raft.server.log.preallocated.size = 16384 (custom)
2019-09-26 21:19:15,330 [pool-47-thread-1] INFO  server.RaftServerConfigKeys (ConfUtils.java:logGet(43)) - raft.server.log.write.buffer.size = 33554432 (custom)
2019-09-26 21:19:15,330 [pool-47-thread-1] INFO  server.RaftServerConfigKeys (ConfUtils.java:logGet(43)) - raft.server.log.force.sync.num = 128 (default)
2019-09-26 21:19:15,330 [pool-47-thread-1] INFO  server.RaftServerConfigKeys (ConfUtils.java:logGet(43)) - raft.server.log.statemachine.data.sync = true (default)
2019-09-26 21:19:15,331 [pool-47-thread-1] INFO  server.RaftServerConfigKeys (ConfUtils.java:logGet(43)) - raft.server.log.statemachine.data.sync.timeout = 10s (default)
2019-09-26 21:19:15,331 [pool-47-thread-1] INFO  server.RaftServerConfigKeys (ConfUtils.java:logGet(43)) - raft.server.log.statemachine.data.sync.timeout.retry = -1 (default)
2019-09-26 21:19:15,331 [pool-47-thread-1] INFO  server.RaftServerConfigKeys (ConfUtils.java:logGet(43)) - raft.server.log.statemachine.data.caching.enabled = true (custom)
2019-09-26 21:19:15,331 [pool-47-thread-1] INFO  segmented.SegmentedRaftLogWorker (SegmentedRaftLogWorker.java:lambda$new$0(132)) - 09112efe-1fad-4539-a04f-c96aef6d2351@group-A4789B464D44-SegmentedRaftLogWorker: flushIndex: setUnconditionally 0 -> -1
2019-09-26 21:19:15,332 [pool-47-thread-1] INFO  server.RaftServerConfigKeys (ConfUtils.java:logGet(43)) - raft.server.snapshot.auto.trigger.enabled = true (custom)
2019-09-26 21:19:15,332 [pool-47-thread-1] INFO  server.RaftServerConfigKeys (ConfUtils.java:logGet(43)) - raft.server.snapshot.auto.trigger.threshold = 10000 (custom)
2019-09-26 21:19:15,332 [pool-47-thread-1] INFO  server.RaftServerConfigKeys (ConfUtils.java:logGet(43)) - raft.server.snapshot.retention.num.files = 5 (custom)
2019-09-26 21:19:15,332 [pool-47-thread-1] INFO  server.RaftServerConfigKeys (ConfUtils.java:logGet(43)) - raft.server.retrycache.expirytime = 600000ms (custom)
2019-09-26 21:19:15,334 [pool-47-thread-1] INFO  impl.RaftServerImpl (RaftServerImpl.java:start(185)) - 09112efe-1fad-4539-a04f-c96aef6d2351@group-A4789B464D44: start as a follower, conf=-1: [09112efe-1fad-4539-a04f-c96aef6d2351:192.168.151.99:45286], old=null
2019-09-26 21:19:15,334 [pool-47-thread-1] INFO  impl.RaftServerImpl (RaftServerImpl.java:setRole(174)) - 09112efe-1fad-4539-a04f-c96aef6d2351@group-A4789B464D44: changes role from      null to FOLLOWER at term 0 for startAsFollower
2019-09-26 21:19:15,334 [pool-47-thread-1] INFO  impl.RoleInfo (RoleInfo.java:updateAndGet(143)) - 09112efe-1fad-4539-a04f-c96aef6d2351: start FollowerState
2019-09-26 21:19:15,336 [pool-47-thread-1] INFO  util.JmxRegister (JmxRegister.java:tryRegister(44)) - Successfully registered JMX Bean with object name Ratis:service=RaftServer,group=group-A4789B464D44,id=09112efe-1fad-4539-a04f-c96aef6d2351
2019-09-26 21:19:15,339 [RatisPipelineUtilsThread] INFO  pipeline.PipelineStateManager (PipelineStateManager.java:addPipeline(56)) - Created pipeline Pipeline[ Id: f90309a6-5de5-4db3-a9bc-a4789b464d44, Nodes: 09112efe-1fad-4539-a04f-c96aef6d2351{ip: 192.168.151.99, host: pr-hdds-1569-g6sp5-2013761785, networkLocation: /default-rack, certSerialId: null}, Type:RATIS, Factor:ONE, State:OPEN]
2019-09-26 21:19:15,344 [grpc-default-executor-3] INFO  impl.RaftServerProxy (RaftServerProxy.java:addNew(89)) - 1178c3ae-d0b4-4d44-b144-fe8504cc41ac: addNew group-4A70B7218118:[1178c3ae-d0b4-4d44-b144-fe8504cc41ac:192.168.151.99:33787] returns group-4A70B7218118:java.util.concurrent.CompletableFuture@2b5a2ad5[Not completed]
2019-09-26 21:19:15,345 [pool-37-thread-1] INFO  impl.RaftServerImpl (RaftServerImpl.java:<init>(95)) - 1178c3ae-d0b4-4d44-b144-fe8504cc41ac: new RaftServerImpl for group-4A70B7218118:[1178c3ae-d0b4-4d44-b144-fe8504cc41ac:192.168.151.99:33787] with ContainerStateMachine:uninitialized
2019-09-26 21:19:15,345 [pool-37-thread-1] INFO  server.RaftServerConfigKeys (ConfUtils.java:logGet(43)) - raft.server.rpc.timeout.min = 5s (custom)
2019-09-26 21:19:15,346 [pool-37-thread-1] INFO  server.RaftServerConfigKeys (ConfUtils.java:logGet(43)) - raft.server.rpc.timeout.max = 5200ms (custom)
2019-09-26 21:19:15,346 [pool-37-thread-1] INFO  server.RaftServerConfigKeys (ConfUtils.java:logGet(43)) - raft.server.rpcslowness.timeout = 120s (custom)
2019-09-26 21:19:15,346 [pool-37-thread-1] INFO  server.RaftServerConfigKeys (ConfUtils.java:logGet(43)) - raft.server.sleep.deviation.threshold = 300 (default)
2019-09-26 21:19:15,346 [pool-37-thread-1] INFO  server.RaftServerConfigKeys (ConfUtils.java:logGet(43)) - raft.server.log.appender.install.snapshot.enabled = false (custom)
2019-09-26 21:19:15,346 [pool-37-thread-1] INFO  impl.RaftServerImpl (ServerState.java:<init>(103)) - 1178c3ae-d0b4-4d44-b144-fe8504cc41ac@group-4A70B7218118: ConfigurationManager, init=-1: [1178c3ae-d0b4-4d44-b144-fe8504cc41ac:192.168.151.99:33787], old=null, confs=<EMPTY_MAP>
2019-09-26 21:19:15,346 [pool-37-thread-1] INFO  server.RaftServerConfigKeys (ConfUtils.java:logGet(43)) - raft.server.storage.dir = [/workdir/hadoop-ozone/ozonefs/target/test-dir/MiniOzoneClusterImpl-5b64906c-d720-4906-b30c-b6d56a2122fd/datanode-1/data/ratis] (custom)
2019-09-26 21:19:15,347 [pool-37-thread-1] INFO  storage.RaftStorageDirectory (RaftStorageDirectory.java:analyzeStorage(246)) - The storage directory /workdir/hadoop-ozone/ozonefs/target/test-dir/MiniOzoneClusterImpl-5b64906c-d720-4906-b30c-b6d56a2122fd/datanode-1/data/ratis/180380c2-e9bb-486d-8dff-4a70b7218118 does not exist. Creating ...
2019-09-26 21:19:15,360 [pool-37-thread-1] INFO  storage.RaftStorageDirectory (RaftStorageDirectory.java:tryLock(328)) - Lock on /workdir/hadoop-ozone/ozonefs/target/test-dir/MiniOzoneClusterImpl-5b64906c-d720-4906-b30c-b6d56a2122fd/datanode-1/data/ratis/180380c2-e9bb-486d-8dff-4a70b7218118/in_use.lock acquired by nodename 10701@pr-hdds-1569-g6sp5-2013761785
2019-09-26 21:19:15,373 [pool-37-thread-1] INFO  storage.RaftStorage (RaftStorage.java:format(72)) - Storage directory /workdir/hadoop-ozone/ozonefs/target/test-dir/MiniOzoneClusterImpl-5b64906c-d720-4906-b30c-b6d56a2122fd/datanode-1/data/ratis/180380c2-e9bb-486d-8dff-4a70b7218118 has been successfully formatted.
2019-09-26 21:19:15,373 [pool-37-thread-1] INFO  ratis.ContainerStateMachine (ContainerStateMachine.java:loadSnapshot(230)) - group-4A70B7218118: The snapshot info is null. Setting the last applied indexto:(t:0, i:~)
2019-09-26 21:19:15,373 [pool-37-thread-1] INFO  server.RaftServerConfigKeys (ConfUtils.java:logGet(43)) - raft.server.notification.no-leader.timeout = 120s (custom)
2019-09-26 21:19:15,373 [pool-37-thread-1] INFO  server.RaftServerConfigKeys (ConfUtils.java:logGet(43)) - raft.server.log.use.memory = false (default)
2019-09-26 21:19:15,374 [pool-37-thread-1] INFO  server.RaftServerConfigKeys (ConfUtils.java:logGet(43)) - raft.server.log.purge.gap = 1000000 (custom)
2019-09-26 21:19:15,374 [pool-37-thread-1] INFO  server.RaftServerConfigKeys (ConfUtils.java:logGet(43)) - raft.server.log.appender.buffer.byte-limit = 33554432 (custom)
2019-09-26 21:19:15,374 [pool-37-thread-1] INFO  server.RaftServerConfigKeys (ConfUtils.java:logGet(43)) - raft.server.log.segment.size.max = 1048576 (custom)
2019-09-26 21:19:15,374 [pool-37-thread-1] INFO  server.RaftServerConfigKeys (ConfUtils.java:logGet(43)) - raft.server.log.segment.cache.num.max = 2 (custom)
2019-09-26 21:19:15,374 [pool-37-thread-1] INFO  segmented.SegmentedRaftLogWorker (SegmentedRaftLogWorker.java:<init>(172)) - new 1178c3ae-d0b4-4d44-b144-fe8504cc41ac@group-4A70B7218118-SegmentedRaftLogWorker for RaftStorage:Storage Directory /workdir/hadoop-ozone/ozonefs/target/test-dir/MiniOzoneClusterImpl-5b64906c-d720-4906-b30c-b6d56a2122fd/datanode-1/data/ratis/180380c2-e9bb-486d-8dff-4a70b7218118
2019-09-26 21:19:15,374 [pool-37-thread-1] INFO  server.RaftServerConfigKeys (ConfUtils.java:logGet(43)) - raft.server.log.queue.byte-limit = 2147483647 (custom)
2019-09-26 21:19:15,374 [pool-37-thread-1] INFO  server.RaftServerConfigKeys (ConfUtils.java:logGet(43)) - raft.server.log.queue.element-limit = 1024 (custom)
2019-09-26 21:19:15,375 [pool-37-thread-1] INFO  server.RaftServerConfigKeys (ConfUtils.java:logGet(43)) - raft.server.log.segment.size.max = 1048576 (custom)
2019-09-26 21:19:15,375 [pool-37-thread-1] INFO  server.RaftServerConfigKeys (ConfUtils.java:logGet(43)) - raft.server.log.preallocated.size = 16384 (custom)
2019-09-26 21:19:15,375 [pool-37-thread-1] INFO  server.RaftServerConfigKeys (ConfUtils.java:logGet(43)) - raft.server.log.write.buffer.size = 33554432 (custom)
2019-09-26 21:19:15,375 [pool-37-thread-1] INFO  server.RaftServerConfigKeys (ConfUtils.java:logGet(43)) - raft.server.log.force.sync.num = 128 (default)
2019-09-26 21:19:15,375 [pool-37-thread-1] INFO  server.RaftServerConfigKeys (ConfUtils.java:logGet(43)) - raft.server.log.statemachine.data.sync = true (default)
2019-09-26 21:19:15,375 [pool-37-thread-1] INFO  server.RaftServerConfigKeys (ConfUtils.java:logGet(43)) - raft.server.log.statemachine.data.sync.timeout = 10s (default)
2019-09-26 21:19:15,375 [pool-37-thread-1] INFO  server.RaftServerConfigKeys (ConfUtils.java:logGet(43)) - raft.server.log.statemachine.data.sync.timeout.retry = -1 (default)
2019-09-26 21:19:15,376 [pool-37-thread-1] INFO  server.RaftServerConfigKeys (ConfUtils.java:logGet(43)) - raft.server.log.statemachine.data.caching.enabled = true (custom)
2019-09-26 21:19:15,376 [pool-37-thread-1] INFO  segmented.SegmentedRaftLogWorker (SegmentedRaftLogWorker.java:lambda$new$0(132)) - 1178c3ae-d0b4-4d44-b144-fe8504cc41ac@group-4A70B7218118-SegmentedRaftLogWorker: flushIndex: setUnconditionally 0 -> -1
2019-09-26 21:19:15,376 [pool-37-thread-1] INFO  server.RaftServerConfigKeys (ConfUtils.java:logGet(43)) - raft.server.snapshot.auto.trigger.enabled = true (custom)
2019-09-26 21:19:15,376 [pool-37-thread-1] INFO  server.RaftServerConfigKeys (ConfUtils.java:logGet(43)) - raft.server.snapshot.auto.trigger.threshold = 10000 (custom)
2019-09-26 21:19:15,376 [pool-37-thread-1] INFO  server.RaftServerConfigKeys (ConfUtils.java:logGet(43)) - raft.server.snapshot.retention.num.files = 5 (custom)
2019-09-26 21:19:15,377 [pool-37-thread-1] INFO  server.RaftServerConfigKeys (ConfUtils.java:logGet(43)) - raft.server.retrycache.expirytime = 600000ms (custom)
2019-09-26 21:19:15,378 [pool-37-thread-1] INFO  impl.RaftServerImpl (RaftServerImpl.java:start(185)) - 1178c3ae-d0b4-4d44-b144-fe8504cc41ac@group-4A70B7218118: start as a follower, conf=-1: [1178c3ae-d0b4-4d44-b144-fe8504cc41ac:192.168.151.99:33787], old=null
2019-09-26 21:19:15,379 [pool-37-thread-1] INFO  impl.RaftServerImpl (RaftServerImpl.java:setRole(174)) - 1178c3ae-d0b4-4d44-b144-fe8504cc41ac@group-4A70B7218118: changes role from      null to FOLLOWER at term 0 for startAsFollower
2019-09-26 21:19:15,379 [pool-37-thread-1] INFO  impl.RoleInfo (RoleInfo.java:updateAndGet(143)) - 1178c3ae-d0b4-4d44-b144-fe8504cc41ac: start FollowerState
2019-09-26 21:19:15,379 [pool-37-thread-1] INFO  util.JmxRegister (JmxRegister.java:tryRegister(44)) - Successfully registered JMX Bean with object name Ratis:service=RaftServer,group=group-4A70B7218118,id=1178c3ae-d0b4-4d44-b144-fe8504cc41ac
2019-09-26 21:19:15,382 [RatisPipelineUtilsThread] INFO  pipeline.PipelineStateManager (PipelineStateManager.java:addPipeline(56)) - Created pipeline Pipeline[ Id: 180380c2-e9bb-486d-8dff-4a70b7218118, Nodes: 1178c3ae-d0b4-4d44-b144-fe8504cc41ac{ip: 192.168.151.99, host: pr-hdds-1569-g6sp5-2013761785, networkLocation: /default-rack, certSerialId: null}, Type:RATIS, Factor:ONE, State:OPEN]
2019-09-26 21:19:15,387 [grpc-default-executor-3] INFO  impl.RaftServerProxy (RaftServerProxy.java:addNew(89)) - 1178c3ae-d0b4-4d44-b144-fe8504cc41ac: addNew group-84CE257E3DC6:[1178c3ae-d0b4-4d44-b144-fe8504cc41ac:192.168.151.99:33787] returns group-84CE257E3DC6:java.util.concurrent.CompletableFuture@79845e19[Not completed]
2019-09-26 21:19:15,387 [pool-37-thread-1] INFO  impl.RaftServerImpl (RaftServerImpl.java:<init>(95)) - 1178c3ae-d0b4-4d44-b144-fe8504cc41ac: new RaftServerImpl for group-84CE257E3DC6:[1178c3ae-d0b4-4d44-b144-fe8504cc41ac:192.168.151.99:33787] with ContainerStateMachine:uninitialized
2019-09-26 21:19:15,388 [pool-37-thread-1] INFO  server.RaftServerConfigKeys (ConfUtils.java:logGet(43)) - raft.server.rpc.timeout.min = 5s (custom)
2019-09-26 21:19:15,388 [pool-37-thread-1] INFO  server.RaftServerConfigKeys (ConfUtils.java:logGet(43)) - raft.server.rpc.timeout.max = 5200ms (custom)
2019-09-26 21:19:15,388 [pool-37-thread-1] INFO  server.RaftServerConfigKeys (ConfUtils.java:logGet(43)) - raft.server.rpcslowness.timeout = 120s (custom)
2019-09-26 21:19:15,388 [pool-37-thread-1] INFO  server.RaftServerConfigKeys (ConfUtils.java:logGet(43)) - raft.server.sleep.deviation.threshold = 300 (default)
2019-09-26 21:19:15,388 [pool-37-thread-1] INFO  server.RaftServerConfigKeys (ConfUtils.java:logGet(43)) - raft.server.log.appender.install.snapshot.enabled = false (custom)
2019-09-26 21:19:15,388 [pool-37-thread-1] INFO  impl.RaftServerImpl (ServerState.java:<init>(103)) - 1178c3ae-d0b4-4d44-b144-fe8504cc41ac@group-84CE257E3DC6: ConfigurationManager, init=-1: [1178c3ae-d0b4-4d44-b144-fe8504cc41ac:192.168.151.99:33787], old=null, confs=<EMPTY_MAP>
2019-09-26 21:19:15,388 [pool-37-thread-1] INFO  server.RaftServerConfigKeys (ConfUtils.java:logGet(43)) - raft.server.storage.dir = [/workdir/hadoop-ozone/ozonefs/target/test-dir/MiniOzoneClusterImpl-5b64906c-d720-4906-b30c-b6d56a2122fd/datanode-1/data/ratis] (custom)
2019-09-26 21:19:15,388 [pool-37-thread-1] INFO  storage.RaftStorageDirectory (RaftStorageDirectory.java:analyzeStorage(246)) - The storage directory /workdir/hadoop-ozone/ozonefs/target/test-dir/MiniOzoneClusterImpl-5b64906c-d720-4906-b30c-b6d56a2122fd/datanode-1/data/ratis/81592bf5-4329-43a0-a5e0-84ce257e3dc6 does not exist. Creating ...
2019-09-26 21:19:15,403 [pool-37-thread-1] INFO  storage.RaftStorageDirectory (RaftStorageDirectory.java:tryLock(328)) - Lock on /workdir/hadoop-ozone/ozonefs/target/test-dir/MiniOzoneClusterImpl-5b64906c-d720-4906-b30c-b6d56a2122fd/datanode-1/data/ratis/81592bf5-4329-43a0-a5e0-84ce257e3dc6/in_use.lock acquired by nodename 10701@pr-hdds-1569-g6sp5-2013761785
2019-09-26 21:19:15,415 [pool-37-thread-1] INFO  storage.RaftStorage (RaftStorage.java:format(72)) - Storage directory /workdir/hadoop-ozone/ozonefs/target/test-dir/MiniOzoneClusterImpl-5b64906c-d720-4906-b30c-b6d56a2122fd/datanode-1/data/ratis/81592bf5-4329-43a0-a5e0-84ce257e3dc6 has been successfully formatted.
2019-09-26 21:19:15,416 [pool-37-thread-1] INFO  ratis.ContainerStateMachine (ContainerStateMachine.java:loadSnapshot(230)) - group-84CE257E3DC6: The snapshot info is null. Setting the last applied indexto:(t:0, i:~)
2019-09-26 21:19:15,416 [pool-37-thread-1] INFO  server.RaftServerConfigKeys (ConfUtils.java:logGet(43)) - raft.server.notification.no-leader.timeout = 120s (custom)
2019-09-26 21:19:15,416 [pool-37-thread-1] INFO  server.RaftServerConfigKeys (ConfUtils.java:logGet(43)) - raft.server.log.use.memory = false (default)
2019-09-26 21:19:15,416 [pool-37-thread-1] INFO  server.RaftServerConfigKeys (ConfUtils.java:logGet(43)) - raft.server.log.purge.gap = 1000000 (custom)
2019-09-26 21:19:15,416 [pool-37-thread-1] INFO  server.RaftServerConfigKeys (ConfUtils.java:logGet(43)) - raft.server.log.appender.buffer.byte-limit = 33554432 (custom)
2019-09-26 21:19:15,416 [pool-37-thread-1] INFO  server.RaftServerConfigKeys (ConfUtils.java:logGet(43)) - raft.server.log.segment.size.max = 1048576 (custom)
2019-09-26 21:19:15,416 [pool-37-thread-1] INFO  server.RaftServerConfigKeys (ConfUtils.java:logGet(43)) - raft.server.log.segment.cache.num.max = 2 (custom)
2019-09-26 21:19:15,416 [pool-37-thread-1] INFO  segmented.SegmentedRaftLogWorker (SegmentedRaftLogWorker.java:<init>(172)) - new 1178c3ae-d0b4-4d44-b144-fe8504cc41ac@group-84CE257E3DC6-SegmentedRaftLogWorker for RaftStorage:Storage Directory /workdir/hadoop-ozone/ozonefs/target/test-dir/MiniOzoneClusterImpl-5b64906c-d720-4906-b30c-b6d56a2122fd/datanode-1/data/ratis/81592bf5-4329-43a0-a5e0-84ce257e3dc6
2019-09-26 21:19:15,416 [pool-37-thread-1] INFO  server.RaftServerConfigKeys (ConfUtils.java:logGet(43)) - raft.server.log.queue.byte-limit = 2147483647 (custom)
2019-09-26 21:19:15,416 [pool-37-thread-1] INFO  server.RaftServerConfigKeys (ConfUtils.java:logGet(43)) - raft.server.log.queue.element-limit = 1024 (custom)
2019-09-26 21:19:15,416 [pool-37-thread-1] INFO  server.RaftServerConfigKeys (ConfUtils.java:logGet(43)) - raft.server.log.segment.size.max = 1048576 (custom)
2019-09-26 21:19:15,417 [pool-37-thread-1] INFO  server.RaftServerConfigKeys (ConfUtils.java:logGet(43)) - raft.server.log.preallocated.size = 16384 (custom)
2019-09-26 21:19:15,417 [pool-37-thread-1] INFO  server.RaftServerConfigKeys (ConfUtils.java:logGet(43)) - raft.server.log.write.buffer.size = 33554432 (custom)
2019-09-26 21:19:15,417 [pool-37-thread-1] INFO  server.RaftServerConfigKeys (ConfUtils.java:logGet(43)) - raft.server.log.force.sync.num = 128 (default)
2019-09-26 21:19:15,417 [pool-37-thread-1] INFO  server.RaftServerConfigKeys (ConfUtils.java:logGet(43)) - raft.server.log.statemachine.data.sync = true (default)
2019-09-26 21:19:15,417 [pool-37-thread-1] INFO  server.RaftServerConfigKeys (ConfUtils.java:logGet(43)) - raft.server.log.statemachine.data.sync.timeout = 10s (default)
2019-09-26 21:19:15,417 [pool-37-thread-1] INFO  server.RaftServerConfigKeys (ConfUtils.java:logGet(43)) - raft.server.log.statemachine.data.sync.timeout.retry = -1 (default)
2019-09-26 21:19:15,417 [pool-37-thread-1] INFO  server.RaftServerConfigKeys (ConfUtils.java:logGet(43)) - raft.server.log.statemachine.data.caching.enabled = true (custom)
2019-09-26 21:19:15,417 [pool-37-thread-1] INFO  segmented.SegmentedRaftLogWorker (SegmentedRaftLogWorker.java:lambda$new$0(132)) - 1178c3ae-d0b4-4d44-b144-fe8504cc41ac@group-84CE257E3DC6-SegmentedRaftLogWorker: flushIndex: setUnconditionally 0 -> -1
2019-09-26 21:19:15,418 [pool-37-thread-1] INFO  server.RaftServerConfigKeys (ConfUtils.java:logGet(43)) - raft.server.snapshot.auto.trigger.enabled = true (custom)
2019-09-26 21:19:15,418 [pool-37-thread-1] INFO  server.RaftServerConfigKeys (ConfUtils.java:logGet(43)) - raft.server.snapshot.auto.trigger.threshold = 10000 (custom)
2019-09-26 21:19:15,418 [pool-37-thread-1] INFO  server.RaftServerConfigKeys (ConfUtils.java:logGet(43)) - raft.server.snapshot.retention.num.files = 5 (custom)
2019-09-26 21:19:15,418 [pool-37-thread-1] INFO  server.RaftServerConfigKeys (ConfUtils.java:logGet(43)) - raft.server.retrycache.expirytime = 600000ms (custom)
2019-09-26 21:19:15,419 [pool-37-thread-1] INFO  impl.RaftServerImpl (RaftServerImpl.java:start(185)) - 1178c3ae-d0b4-4d44-b144-fe8504cc41ac@group-84CE257E3DC6: start as a follower, conf=-1: [1178c3ae-d0b4-4d44-b144-fe8504cc41ac:192.168.151.99:33787], old=null
2019-09-26 21:19:15,419 [pool-37-thread-1] INFO  impl.RaftServerImpl (RaftServerImpl.java:setRole(174)) - 1178c3ae-d0b4-4d44-b144-fe8504cc41ac@group-84CE257E3DC6: changes role from      null to FOLLOWER at term 0 for startAsFollower
2019-09-26 21:19:15,419 [pool-37-thread-1] INFO  impl.RoleInfo (RoleInfo.java:updateAndGet(143)) - 1178c3ae-d0b4-4d44-b144-fe8504cc41ac: start FollowerState
2019-09-26 21:19:15,420 [pool-37-thread-1] INFO  util.JmxRegister (JmxRegister.java:tryRegister(44)) - Successfully registered JMX Bean with object name Ratis:service=RaftServer,group=group-84CE257E3DC6,id=1178c3ae-d0b4-4d44-b144-fe8504cc41ac
2019-09-26 21:19:15,422 [RatisPipelineUtilsThread] INFO  pipeline.PipelineStateManager (PipelineStateManager.java:addPipeline(56)) - Created pipeline Pipeline[ Id: 81592bf5-4329-43a0-a5e0-84ce257e3dc6, Nodes: 1178c3ae-d0b4-4d44-b144-fe8504cc41ac{ip: 192.168.151.99, host: pr-hdds-1569-g6sp5-2013761785, networkLocation: /default-rack, certSerialId: null}, Type:RATIS, Factor:ONE, State:OPEN]
2019-09-26 21:19:15,427 [grpc-default-executor-3] INFO  impl.RaftServerProxy (RaftServerProxy.java:addNew(89)) - 09112efe-1fad-4539-a04f-c96aef6d2351: addNew group-6CD702D63989:[09112efe-1fad-4539-a04f-c96aef6d2351:192.168.151.99:45286] returns group-6CD702D63989:java.util.concurrent.CompletableFuture@7b1ab72c[Not completed]
2019-09-26 21:19:15,428 [pool-47-thread-1] INFO  impl.RaftServerImpl (RaftServerImpl.java:<init>(95)) - 09112efe-1fad-4539-a04f-c96aef6d2351: new RaftServerImpl for group-6CD702D63989:[09112efe-1fad-4539-a04f-c96aef6d2351:192.168.151.99:45286] with ContainerStateMachine:uninitialized
2019-09-26 21:19:15,428 [pool-47-thread-1] INFO  server.RaftServerConfigKeys (ConfUtils.java:logGet(43)) - raft.server.rpc.timeout.min = 5s (custom)
2019-09-26 21:19:15,428 [pool-47-thread-1] INFO  server.RaftServerConfigKeys (ConfUtils.java:logGet(43)) - raft.server.rpc.timeout.max = 5200ms (custom)
2019-09-26 21:19:15,428 [pool-47-thread-1] INFO  server.RaftServerConfigKeys (ConfUtils.java:logGet(43)) - raft.server.rpcslowness.timeout = 120s (custom)
2019-09-26 21:19:15,429 [pool-47-thread-1] INFO  server.RaftServerConfigKeys (ConfUtils.java:logGet(43)) - raft.server.sleep.deviation.threshold = 300 (default)
2019-09-26 21:19:15,429 [pool-47-thread-1] INFO  server.RaftServerConfigKeys (ConfUtils.java:logGet(43)) - raft.server.log.appender.install.snapshot.enabled = false (custom)
2019-09-26 21:19:15,429 [pool-47-thread-1] INFO  impl.RaftServerImpl (ServerState.java:<init>(103)) - 09112efe-1fad-4539-a04f-c96aef6d2351@group-6CD702D63989: ConfigurationManager, init=-1: [09112efe-1fad-4539-a04f-c96aef6d2351:192.168.151.99:45286], old=null, confs=<EMPTY_MAP>
2019-09-26 21:19:15,429 [pool-47-thread-1] INFO  server.RaftServerConfigKeys (ConfUtils.java:logGet(43)) - raft.server.storage.dir = [/workdir/hadoop-ozone/ozonefs/target/test-dir/MiniOzoneClusterImpl-5b64906c-d720-4906-b30c-b6d56a2122fd/datanode-2/data/ratis] (custom)
2019-09-26 21:19:15,429 [pool-47-thread-1] INFO  storage.RaftStorageDirectory (RaftStorageDirectory.java:analyzeStorage(246)) - The storage directory /workdir/hadoop-ozone/ozonefs/target/test-dir/MiniOzoneClusterImpl-5b64906c-d720-4906-b30c-b6d56a2122fd/datanode-2/data/ratis/eab6f453-adf7-4ff9-8d96-6cd702d63989 does not exist. Creating ...
2019-09-26 21:19:15,444 [pool-47-thread-1] INFO  storage.RaftStorageDirectory (RaftStorageDirectory.java:tryLock(328)) - Lock on /workdir/hadoop-ozone/ozonefs/target/test-dir/MiniOzoneClusterImpl-5b64906c-d720-4906-b30c-b6d56a2122fd/datanode-2/data/ratis/eab6f453-adf7-4ff9-8d96-6cd702d63989/in_use.lock acquired by nodename 10701@pr-hdds-1569-g6sp5-2013761785
2019-09-26 21:19:15,457 [pool-47-thread-1] INFO  storage.RaftStorage (RaftStorage.java:format(72)) - Storage directory /workdir/hadoop-ozone/ozonefs/target/test-dir/MiniOzoneClusterImpl-5b64906c-d720-4906-b30c-b6d56a2122fd/datanode-2/data/ratis/eab6f453-adf7-4ff9-8d96-6cd702d63989 has been successfully formatted.
2019-09-26 21:19:15,457 [pool-47-thread-1] INFO  ratis.ContainerStateMachine (ContainerStateMachine.java:loadSnapshot(230)) - group-6CD702D63989: The snapshot info is null. Setting the last applied indexto:(t:0, i:~)
2019-09-26 21:19:15,457 [pool-47-thread-1] INFO  server.RaftServerConfigKeys (ConfUtils.java:logGet(43)) - raft.server.notification.no-leader.timeout = 120s (custom)
2019-09-26 21:19:15,457 [pool-47-thread-1] INFO  server.RaftServerConfigKeys (ConfUtils.java:logGet(43)) - raft.server.log.use.memory = false (default)
2019-09-26 21:19:15,458 [pool-47-thread-1] INFO  server.RaftServerConfigKeys (ConfUtils.java:logGet(43)) - raft.server.log.purge.gap = 1000000 (custom)
2019-09-26 21:19:15,458 [pool-47-thread-1] INFO  server.RaftServerConfigKeys (ConfUtils.java:logGet(43)) - raft.server.log.appender.buffer.byte-limit = 33554432 (custom)
2019-09-26 21:19:15,458 [pool-47-thread-1] INFO  server.RaftServerConfigKeys (ConfUtils.java:logGet(43)) - raft.server.log.segment.size.max = 1048576 (custom)
2019-09-26 21:19:15,458 [pool-47-thread-1] INFO  server.RaftServerConfigKeys (ConfUtils.java:logGet(43)) - raft.server.log.segment.cache.num.max = 2 (custom)
2019-09-26 21:19:15,458 [pool-47-thread-1] INFO  segmented.SegmentedRaftLogWorker (SegmentedRaftLogWorker.java:<init>(172)) - new 09112efe-1fad-4539-a04f-c96aef6d2351@group-6CD702D63989-SegmentedRaftLogWorker for RaftStorage:Storage Directory /workdir/hadoop-ozone/ozonefs/target/test-dir/MiniOzoneClusterImpl-5b64906c-d720-4906-b30c-b6d56a2122fd/datanode-2/data/ratis/eab6f453-adf7-4ff9-8d96-6cd702d63989
2019-09-26 21:19:15,458 [pool-47-thread-1] INFO  server.RaftServerConfigKeys (ConfUtils.java:logGet(43)) - raft.server.log.queue.byte-limit = 2147483647 (custom)
2019-09-26 21:19:15,458 [pool-47-thread-1] INFO  server.RaftServerConfigKeys (ConfUtils.java:logGet(43)) - raft.server.log.queue.element-limit = 1024 (custom)
2019-09-26 21:19:15,458 [pool-47-thread-1] INFO  server.RaftServerConfigKeys (ConfUtils.java:logGet(43)) - raft.server.log.segment.size.max = 1048576 (custom)
2019-09-26 21:19:15,459 [pool-47-thread-1] INFO  server.RaftServerConfigKeys (ConfUtils.java:logGet(43)) - raft.server.log.preallocated.size = 16384 (custom)
2019-09-26 21:19:15,459 [pool-47-thread-1] INFO  server.RaftServerConfigKeys (ConfUtils.java:logGet(43)) - raft.server.log.write.buffer.size = 33554432 (custom)
2019-09-26 21:19:15,459 [pool-47-thread-1] INFO  server.RaftServerConfigKeys (ConfUtils.java:logGet(43)) - raft.server.log.force.sync.num = 128 (default)
2019-09-26 21:19:15,459 [pool-47-thread-1] INFO  server.RaftServerConfigKeys (ConfUtils.java:logGet(43)) - raft.server.log.statemachine.data.sync = true (default)
2019-09-26 21:19:15,459 [pool-47-thread-1] INFO  server.RaftServerConfigKeys (ConfUtils.java:logGet(43)) - raft.server.log.statemachine.data.sync.timeout = 10s (default)
2019-09-26 21:19:15,459 [pool-47-thread-1] INFO  server.RaftServerConfigKeys (ConfUtils.java:logGet(43)) - raft.server.log.statemachine.data.sync.timeout.retry = -1 (default)
2019-09-26 21:19:15,459 [pool-47-thread-1] INFO  server.RaftServerConfigKeys (ConfUtils.java:logGet(43)) - raft.server.log.statemachine.data.caching.enabled = true (custom)
2019-09-26 21:19:15,460 [pool-47-thread-1] INFO  segmented.SegmentedRaftLogWorker (SegmentedRaftLogWorker.java:lambda$new$0(132)) - 09112efe-1fad-4539-a04f-c96aef6d2351@group-6CD702D63989-SegmentedRaftLogWorker: flushIndex: setUnconditionally 0 -> -1
2019-09-26 21:19:15,460 [pool-47-thread-1] INFO  server.RaftServerConfigKeys (ConfUtils.java:logGet(43)) - raft.server.snapshot.auto.trigger.enabled = true (custom)
2019-09-26 21:19:15,460 [pool-47-thread-1] INFO  server.RaftServerConfigKeys (ConfUtils.java:logGet(43)) - raft.server.snapshot.auto.trigger.threshold = 10000 (custom)
2019-09-26 21:19:15,460 [pool-47-thread-1] INFO  server.RaftServerConfigKeys (ConfUtils.java:logGet(43)) - raft.server.snapshot.retention.num.files = 5 (custom)
2019-09-26 21:19:15,460 [pool-47-thread-1] INFO  server.RaftServerConfigKeys (ConfUtils.java:logGet(43)) - raft.server.retrycache.expirytime = 600000ms (custom)
2019-09-26 21:19:15,462 [pool-47-thread-1] INFO  impl.RaftServerImpl (RaftServerImpl.java:start(185)) - 09112efe-1fad-4539-a04f-c96aef6d2351@group-6CD702D63989: start as a follower, conf=-1: [09112efe-1fad-4539-a04f-c96aef6d2351:192.168.151.99:45286], old=null
2019-09-26 21:19:15,462 [pool-47-thread-1] INFO  impl.RaftServerImpl (RaftServerImpl.java:setRole(174)) - 09112efe-1fad-4539-a04f-c96aef6d2351@group-6CD702D63989: changes role from      null to FOLLOWER at term 0 for startAsFollower
2019-09-26 21:19:15,463 [pool-47-thread-1] INFO  impl.RoleInfo (RoleInfo.java:updateAndGet(143)) - 09112efe-1fad-4539-a04f-c96aef6d2351: start FollowerState
2019-09-26 21:19:15,463 [pool-47-thread-1] INFO  util.JmxRegister (JmxRegister.java:tryRegister(44)) - Successfully registered JMX Bean with object name Ratis:service=RaftServer,group=group-6CD702D63989,id=09112efe-1fad-4539-a04f-c96aef6d2351
2019-09-26 21:19:15,465 [RatisPipelineUtilsThread] INFO  pipeline.PipelineStateManager (PipelineStateManager.java:addPipeline(56)) - Created pipeline Pipeline[ Id: eab6f453-adf7-4ff9-8d96-6cd702d63989, Nodes: 09112efe-1fad-4539-a04f-c96aef6d2351{ip: 192.168.151.99, host: pr-hdds-1569-g6sp5-2013761785, networkLocation: /default-rack, certSerialId: null}, Type:RATIS, Factor:ONE, State:OPEN]
2019-09-26 21:19:15,470 [grpc-default-executor-3] INFO  impl.RaftServerProxy (RaftServerProxy.java:addNew(89)) - 1178c3ae-d0b4-4d44-b144-fe8504cc41ac: addNew group-9FFC2239D22F:[1178c3ae-d0b4-4d44-b144-fe8504cc41ac:192.168.151.99:33787] returns group-9FFC2239D22F:java.util.concurrent.CompletableFuture@793fe713[Not completed]
2019-09-26 21:19:15,474 [pool-37-thread-1] INFO  impl.RaftServerImpl (RaftServerImpl.java:<init>(95)) - 1178c3ae-d0b4-4d44-b144-fe8504cc41ac: new RaftServerImpl for group-9FFC2239D22F:[1178c3ae-d0b4-4d44-b144-fe8504cc41ac:192.168.151.99:33787] with ContainerStateMachine:uninitialized
2019-09-26 21:19:15,474 [pool-37-thread-1] INFO  server.RaftServerConfigKeys (ConfUtils.java:logGet(43)) - raft.server.rpc.timeout.min = 5s (custom)
2019-09-26 21:19:15,474 [pool-37-thread-1] INFO  server.RaftServerConfigKeys (ConfUtils.java:logGet(43)) - raft.server.rpc.timeout.max = 5200ms (custom)
2019-09-26 21:19:15,474 [pool-37-thread-1] INFO  server.RaftServerConfigKeys (ConfUtils.java:logGet(43)) - raft.server.rpcslowness.timeout = 120s (custom)
2019-09-26 21:19:15,475 [pool-37-thread-1] INFO  server.RaftServerConfigKeys (ConfUtils.java:logGet(43)) - raft.server.sleep.deviation.threshold = 300 (default)
2019-09-26 21:19:15,475 [pool-37-thread-1] INFO  server.RaftServerConfigKeys (ConfUtils.java:logGet(43)) - raft.server.log.appender.install.snapshot.enabled = false (custom)
2019-09-26 21:19:15,475 [pool-37-thread-1] INFO  impl.RaftServerImpl (ServerState.java:<init>(103)) - 1178c3ae-d0b4-4d44-b144-fe8504cc41ac@group-9FFC2239D22F: ConfigurationManager, init=-1: [1178c3ae-d0b4-4d44-b144-fe8504cc41ac:192.168.151.99:33787], old=null, confs=<EMPTY_MAP>
2019-09-26 21:19:15,475 [pool-37-thread-1] INFO  server.RaftServerConfigKeys (ConfUtils.java:logGet(43)) - raft.server.storage.dir = [/workdir/hadoop-ozone/ozonefs/target/test-dir/MiniOzoneClusterImpl-5b64906c-d720-4906-b30c-b6d56a2122fd/datanode-1/data/ratis] (custom)
2019-09-26 21:19:15,476 [pool-37-thread-1] INFO  storage.RaftStorageDirectory (RaftStorageDirectory.java:analyzeStorage(246)) - The storage directory /workdir/hadoop-ozone/ozonefs/target/test-dir/MiniOzoneClusterImpl-5b64906c-d720-4906-b30c-b6d56a2122fd/datanode-1/data/ratis/873b745f-b889-4356-b404-9ffc2239d22f does not exist. Creating ...
2019-09-26 21:19:15,489 [pool-37-thread-1] INFO  storage.RaftStorageDirectory (RaftStorageDirectory.java:tryLock(328)) - Lock on /workdir/hadoop-ozone/ozonefs/target/test-dir/MiniOzoneClusterImpl-5b64906c-d720-4906-b30c-b6d56a2122fd/datanode-1/data/ratis/873b745f-b889-4356-b404-9ffc2239d22f/in_use.lock acquired by nodename 10701@pr-hdds-1569-g6sp5-2013761785
2019-09-26 21:19:15,502 [pool-37-thread-1] INFO  storage.RaftStorage (RaftStorage.java:format(72)) - Storage directory /workdir/hadoop-ozone/ozonefs/target/test-dir/MiniOzoneClusterImpl-5b64906c-d720-4906-b30c-b6d56a2122fd/datanode-1/data/ratis/873b745f-b889-4356-b404-9ffc2239d22f has been successfully formatted.
2019-09-26 21:19:15,502 [pool-37-thread-1] INFO  ratis.ContainerStateMachine (ContainerStateMachine.java:loadSnapshot(230)) - group-9FFC2239D22F: The snapshot info is null. Setting the last applied indexto:(t:0, i:~)
2019-09-26 21:19:15,502 [pool-37-thread-1] INFO  server.RaftServerConfigKeys (ConfUtils.java:logGet(43)) - raft.server.notification.no-leader.timeout = 120s (custom)
2019-09-26 21:19:15,502 [pool-37-thread-1] INFO  server.RaftServerConfigKeys (ConfUtils.java:logGet(43)) - raft.server.log.use.memory = false (default)
2019-09-26 21:19:15,502 [pool-37-thread-1] INFO  server.RaftServerConfigKeys (ConfUtils.java:logGet(43)) - raft.server.log.purge.gap = 1000000 (custom)
2019-09-26 21:19:15,503 [pool-37-thread-1] INFO  server.RaftServerConfigKeys (ConfUtils.java:logGet(43)) - raft.server.log.appender.buffer.byte-limit = 33554432 (custom)
2019-09-26 21:19:15,503 [pool-37-thread-1] INFO  server.RaftServerConfigKeys (ConfUtils.java:logGet(43)) - raft.server.log.segment.size.max = 1048576 (custom)
2019-09-26 21:19:15,503 [pool-37-thread-1] INFO  server.RaftServerConfigKeys (ConfUtils.java:logGet(43)) - raft.server.log.segment.cache.num.max = 2 (custom)
2019-09-26 21:19:15,503 [pool-37-thread-1] INFO  segmented.SegmentedRaftLogWorker (SegmentedRaftLogWorker.java:<init>(172)) - new 1178c3ae-d0b4-4d44-b144-fe8504cc41ac@group-9FFC2239D22F-SegmentedRaftLogWorker for RaftStorage:Storage Directory /workdir/hadoop-ozone/ozonefs/target/test-dir/MiniOzoneClusterImpl-5b64906c-d720-4906-b30c-b6d56a2122fd/datanode-1/data/ratis/873b745f-b889-4356-b404-9ffc2239d22f
2019-09-26 21:19:15,503 [pool-37-thread-1] INFO  server.RaftServerConfigKeys (ConfUtils.java:logGet(43)) - raft.server.log.queue.byte-limit = 2147483647 (custom)
2019-09-26 21:19:15,503 [pool-37-thread-1] INFO  server.RaftServerConfigKeys (ConfUtils.java:logGet(43)) - raft.server.log.queue.element-limit = 1024 (custom)
2019-09-26 21:19:15,503 [pool-37-thread-1] INFO  server.RaftServerConfigKeys (ConfUtils.java:logGet(43)) - raft.server.log.segment.size.max = 1048576 (custom)
2019-09-26 21:19:15,503 [pool-37-thread-1] INFO  server.RaftServerConfigKeys (ConfUtils.java:logGet(43)) - raft.server.log.preallocated.size = 16384 (custom)
2019-09-26 21:19:15,504 [pool-37-thread-1] INFO  server.RaftServerConfigKeys (ConfUtils.java:logGet(43)) - raft.server.log.write.buffer.size = 33554432 (custom)
2019-09-26 21:19:15,504 [pool-37-thread-1] INFO  server.RaftServerConfigKeys (ConfUtils.java:logGet(43)) - raft.server.log.force.sync.num = 128 (default)
2019-09-26 21:19:15,504 [pool-37-thread-1] INFO  server.RaftServerConfigKeys (ConfUtils.java:logGet(43)) - raft.server.log.statemachine.data.sync = true (default)
2019-09-26 21:19:15,504 [pool-37-thread-1] INFO  server.RaftServerConfigKeys (ConfUtils.java:logGet(43)) - raft.server.log.statemachine.data.sync.timeout = 10s (default)
2019-09-26 21:19:15,504 [pool-37-thread-1] INFO  server.RaftServerConfigKeys (ConfUtils.java:logGet(43)) - raft.server.log.statemachine.data.sync.timeout.retry = -1 (default)
2019-09-26 21:19:15,504 [pool-37-thread-1] INFO  server.RaftServerConfigKeys (ConfUtils.java:logGet(43)) - raft.server.log.statemachine.data.caching.enabled = true (custom)
2019-09-26 21:19:15,504 [pool-37-thread-1] INFO  segmented.SegmentedRaftLogWorker (SegmentedRaftLogWorker.java:lambda$new$0(132)) - 1178c3ae-d0b4-4d44-b144-fe8504cc41ac@group-9FFC2239D22F-SegmentedRaftLogWorker: flushIndex: setUnconditionally 0 -> -1
2019-09-26 21:19:15,505 [pool-37-thread-1] INFO  server.RaftServerConfigKeys (ConfUtils.java:logGet(43)) - raft.server.snapshot.auto.trigger.enabled = true (custom)
2019-09-26 21:19:15,505 [pool-37-thread-1] INFO  server.RaftServerConfigKeys (ConfUtils.java:logGet(43)) - raft.server.snapshot.auto.trigger.threshold = 10000 (custom)
2019-09-26 21:19:15,505 [pool-37-thread-1] INFO  server.RaftServerConfigKeys (ConfUtils.java:logGet(43)) - raft.server.snapshot.retention.num.files = 5 (custom)
2019-09-26 21:19:15,505 [pool-37-thread-1] INFO  server.RaftServerConfigKeys (ConfUtils.java:logGet(43)) - raft.server.retrycache.expirytime = 600000ms (custom)
2019-09-26 21:19:15,507 [pool-37-thread-1] INFO  impl.RaftServerImpl (RaftServerImpl.java:start(185)) - 1178c3ae-d0b4-4d44-b144-fe8504cc41ac@group-9FFC2239D22F: start as a follower, conf=-1: [1178c3ae-d0b4-4d44-b144-fe8504cc41ac:192.168.151.99:33787], old=null
2019-09-26 21:19:15,507 [pool-37-thread-1] INFO  impl.RaftServerImpl (RaftServerImpl.java:setRole(174)) - 1178c3ae-d0b4-4d44-b144-fe8504cc41ac@group-9FFC2239D22F: changes role from      null to FOLLOWER at term 0 for startAsFollower
2019-09-26 21:19:15,507 [pool-37-thread-1] INFO  impl.RoleInfo (RoleInfo.java:updateAndGet(143)) - 1178c3ae-d0b4-4d44-b144-fe8504cc41ac: start FollowerState
2019-09-26 21:19:15,507 [pool-37-thread-1] INFO  util.JmxRegister (JmxRegister.java:tryRegister(44)) - Successfully registered JMX Bean with object name Ratis:service=RaftServer,group=group-9FFC2239D22F,id=1178c3ae-d0b4-4d44-b144-fe8504cc41ac
2019-09-26 21:19:15,511 [RatisPipelineUtilsThread] INFO  pipeline.PipelineStateManager (PipelineStateManager.java:addPipeline(56)) - Created pipeline Pipeline[ Id: 873b745f-b889-4356-b404-9ffc2239d22f, Nodes: 1178c3ae-d0b4-4d44-b144-fe8504cc41ac{ip: 192.168.151.99, host: pr-hdds-1569-g6sp5-2013761785, networkLocation: /default-rack, certSerialId: null}, Type:RATIS, Factor:ONE, State:OPEN]
2019-09-26 21:19:15,517 [grpc-default-executor-3] INFO  impl.RaftServerProxy (RaftServerProxy.java:addNew(89)) - 0c640f50-2bc9-49b6-b785-a27e3116e6ba: addNew group-EA44501B296B:[0c640f50-2bc9-49b6-b785-a27e3116e6ba:192.168.151.99:42361] returns group-EA44501B296B:java.util.concurrent.CompletableFuture@37f4b02f[Not completed]
2019-09-26 21:19:15,519 [pool-57-thread-1] INFO  impl.RaftServerImpl (RaftServerImpl.java:<init>(95)) - 0c640f50-2bc9-49b6-b785-a27e3116e6ba: new RaftServerImpl for group-EA44501B296B:[0c640f50-2bc9-49b6-b785-a27e3116e6ba:192.168.151.99:42361] with ContainerStateMachine:uninitialized
2019-09-26 21:19:15,519 [pool-57-thread-1] INFO  server.RaftServerConfigKeys (ConfUtils.java:logGet(43)) - raft.server.rpc.timeout.min = 5s (custom)
2019-09-26 21:19:15,519 [pool-57-thread-1] INFO  server.RaftServerConfigKeys (ConfUtils.java:logGet(43)) - raft.server.rpc.timeout.max = 5200ms (custom)
2019-09-26 21:19:15,519 [pool-57-thread-1] INFO  server.RaftServerConfigKeys (ConfUtils.java:logGet(43)) - raft.server.rpcslowness.timeout = 120s (custom)
2019-09-26 21:19:15,519 [pool-57-thread-1] INFO  server.RaftServerConfigKeys (ConfUtils.java:logGet(43)) - raft.server.sleep.deviation.threshold = 300 (default)
2019-09-26 21:19:15,520 [pool-57-thread-1] INFO  server.RaftServerConfigKeys (ConfUtils.java:logGet(43)) - raft.server.log.appender.install.snapshot.enabled = false (custom)
2019-09-26 21:19:15,520 [pool-57-thread-1] INFO  impl.RaftServerImpl (ServerState.java:<init>(103)) - 0c640f50-2bc9-49b6-b785-a27e3116e6ba@group-EA44501B296B: ConfigurationManager, init=-1: [0c640f50-2bc9-49b6-b785-a27e3116e6ba:192.168.151.99:42361], old=null, confs=<EMPTY_MAP>
2019-09-26 21:19:15,520 [pool-57-thread-1] INFO  server.RaftServerConfigKeys (ConfUtils.java:logGet(43)) - raft.server.storage.dir = [/workdir/hadoop-ozone/ozonefs/target/test-dir/MiniOzoneClusterImpl-5b64906c-d720-4906-b30c-b6d56a2122fd/datanode-3/data/ratis] (custom)
2019-09-26 21:19:15,521 [pool-57-thread-1] INFO  storage.RaftStorageDirectory (RaftStorageDirectory.java:analyzeStorage(246)) - The storage directory /workdir/hadoop-ozone/ozonefs/target/test-dir/MiniOzoneClusterImpl-5b64906c-d720-4906-b30c-b6d56a2122fd/datanode-3/data/ratis/34c055b4-8211-47c5-9788-ea44501b296b does not exist. Creating ...
2019-09-26 21:19:15,533 [pool-57-thread-1] INFO  storage.RaftStorageDirectory (RaftStorageDirectory.java:tryLock(328)) - Lock on /workdir/hadoop-ozone/ozonefs/target/test-dir/MiniOzoneClusterImpl-5b64906c-d720-4906-b30c-b6d56a2122fd/datanode-3/data/ratis/34c055b4-8211-47c5-9788-ea44501b296b/in_use.lock acquired by nodename 10701@pr-hdds-1569-g6sp5-2013761785
2019-09-26 21:19:15,547 [pool-57-thread-1] INFO  storage.RaftStorage (RaftStorage.java:format(72)) - Storage directory /workdir/hadoop-ozone/ozonefs/target/test-dir/MiniOzoneClusterImpl-5b64906c-d720-4906-b30c-b6d56a2122fd/datanode-3/data/ratis/34c055b4-8211-47c5-9788-ea44501b296b has been successfully formatted.
2019-09-26 21:19:15,547 [pool-57-thread-1] INFO  ratis.ContainerStateMachine (ContainerStateMachine.java:loadSnapshot(230)) - group-EA44501B296B: The snapshot info is null. Setting the last applied indexto:(t:0, i:~)
2019-09-26 21:19:15,547 [pool-57-thread-1] INFO  server.RaftServerConfigKeys (ConfUtils.java:logGet(43)) - raft.server.notification.no-leader.timeout = 120s (custom)
2019-09-26 21:19:15,547 [pool-57-thread-1] INFO  server.RaftServerConfigKeys (ConfUtils.java:logGet(43)) - raft.server.log.use.memory = false (default)
2019-09-26 21:19:15,547 [pool-57-thread-1] INFO  server.RaftServerConfigKeys (ConfUtils.java:logGet(43)) - raft.server.log.purge.gap = 1000000 (custom)
2019-09-26 21:19:15,548 [pool-57-thread-1] INFO  server.RaftServerConfigKeys (ConfUtils.java:logGet(43)) - raft.server.log.appender.buffer.byte-limit = 33554432 (custom)
2019-09-26 21:19:15,548 [pool-57-thread-1] INFO  server.RaftServerConfigKeys (ConfUtils.java:logGet(43)) - raft.server.log.segment.size.max = 1048576 (custom)
2019-09-26 21:19:15,548 [pool-57-thread-1] INFO  server.RaftServerConfigKeys (ConfUtils.java:logGet(43)) - raft.server.log.segment.cache.num.max = 2 (custom)
2019-09-26 21:19:15,548 [pool-57-thread-1] INFO  segmented.SegmentedRaftLogWorker (SegmentedRaftLogWorker.java:<init>(172)) - new 0c640f50-2bc9-49b6-b785-a27e3116e6ba@group-EA44501B296B-SegmentedRaftLogWorker for RaftStorage:Storage Directory /workdir/hadoop-ozone/ozonefs/target/test-dir/MiniOzoneClusterImpl-5b64906c-d720-4906-b30c-b6d56a2122fd/datanode-3/data/ratis/34c055b4-8211-47c5-9788-ea44501b296b
2019-09-26 21:19:15,548 [pool-57-thread-1] INFO  server.RaftServerConfigKeys (ConfUtils.java:logGet(43)) - raft.server.log.queue.byte-limit = 2147483647 (custom)
2019-09-26 21:19:15,548 [pool-57-thread-1] INFO  server.RaftServerConfigKeys (ConfUtils.java:logGet(43)) - raft.server.log.queue.element-limit = 1024 (custom)
2019-09-26 21:19:15,549 [pool-57-thread-1] INFO  server.RaftServerConfigKeys (ConfUtils.java:logGet(43)) - raft.server.log.segment.size.max = 1048576 (custom)
2019-09-26 21:19:15,549 [pool-57-thread-1] INFO  server.RaftServerConfigKeys (ConfUtils.java:logGet(43)) - raft.server.log.preallocated.size = 16384 (custom)
2019-09-26 21:19:15,549 [pool-57-thread-1] INFO  server.RaftServerConfigKeys (ConfUtils.java:logGet(43)) - raft.server.log.write.buffer.size = 33554432 (custom)
2019-09-26 21:19:15,549 [pool-57-thread-1] INFO  server.RaftServerConfigKeys (ConfUtils.java:logGet(43)) - raft.server.log.force.sync.num = 128 (default)
2019-09-26 21:19:15,549 [pool-57-thread-1] INFO  server.RaftServerConfigKeys (ConfUtils.java:logGet(43)) - raft.server.log.statemachine.data.sync = true (default)
2019-09-26 21:19:15,549 [pool-57-thread-1] INFO  server.RaftServerConfigKeys (ConfUtils.java:logGet(43)) - raft.server.log.statemachine.data.sync.timeout = 10s (default)
2019-09-26 21:19:15,550 [pool-57-thread-1] INFO  server.RaftServerConfigKeys (ConfUtils.java:logGet(43)) - raft.server.log.statemachine.data.sync.timeout.retry = -1 (default)
2019-09-26 21:19:15,550 [pool-57-thread-1] INFO  server.RaftServerConfigKeys (ConfUtils.java:logGet(43)) - raft.server.log.statemachine.data.caching.enabled = true (custom)
2019-09-26 21:19:15,550 [pool-57-thread-1] INFO  segmented.SegmentedRaftLogWorker (SegmentedRaftLogWorker.java:lambda$new$0(132)) - 0c640f50-2bc9-49b6-b785-a27e3116e6ba@group-EA44501B296B-SegmentedRaftLogWorker: flushIndex: setUnconditionally 0 -> -1
2019-09-26 21:19:15,550 [pool-57-thread-1] INFO  server.RaftServerConfigKeys (ConfUtils.java:logGet(43)) - raft.server.snapshot.auto.trigger.enabled = true (custom)
2019-09-26 21:19:15,551 [pool-57-thread-1] INFO  server.RaftServerConfigKeys (ConfUtils.java:logGet(43)) - raft.server.snapshot.auto.trigger.threshold = 10000 (custom)
2019-09-26 21:19:15,551 [pool-57-thread-1] INFO  server.RaftServerConfigKeys (ConfUtils.java:logGet(43)) - raft.server.snapshot.retention.num.files = 5 (custom)
2019-09-26 21:19:15,551 [pool-57-thread-1] INFO  server.RaftServerConfigKeys (ConfUtils.java:logGet(43)) - raft.server.retrycache.expirytime = 600000ms (custom)
2019-09-26 21:19:15,553 [pool-57-thread-1] INFO  impl.RaftServerImpl (RaftServerImpl.java:start(185)) - 0c640f50-2bc9-49b6-b785-a27e3116e6ba@group-EA44501B296B: start as a follower, conf=-1: [0c640f50-2bc9-49b6-b785-a27e3116e6ba:192.168.151.99:42361], old=null
2019-09-26 21:19:15,553 [pool-57-thread-1] INFO  impl.RaftServerImpl (RaftServerImpl.java:setRole(174)) - 0c640f50-2bc9-49b6-b785-a27e3116e6ba@group-EA44501B296B: changes role from      null to FOLLOWER at term 0 for startAsFollower
2019-09-26 21:19:15,553 [pool-57-thread-1] INFO  impl.RoleInfo (RoleInfo.java:updateAndGet(143)) - 0c640f50-2bc9-49b6-b785-a27e3116e6ba: start FollowerState
2019-09-26 21:19:15,554 [pool-57-thread-1] INFO  util.JmxRegister (JmxRegister.java:tryRegister(44)) - Successfully registered JMX Bean with object name Ratis:service=RaftServer,group=group-EA44501B296B,id=0c640f50-2bc9-49b6-b785-a27e3116e6ba
2019-09-26 21:19:15,557 [RatisPipelineUtilsThread] INFO  pipeline.PipelineStateManager (PipelineStateManager.java:addPipeline(56)) - Created pipeline Pipeline[ Id: 34c055b4-8211-47c5-9788-ea44501b296b, Nodes: 0c640f50-2bc9-49b6-b785-a27e3116e6ba{ip: 192.168.151.99, host: pr-hdds-1569-g6sp5-2013761785, networkLocation: /default-rack, certSerialId: null}, Type:RATIS, Factor:ONE, State:OPEN]
2019-09-26 21:19:15,563 [grpc-default-executor-3] INFO  impl.RaftServerProxy (RaftServerProxy.java:addNew(89)) - 1178c3ae-d0b4-4d44-b144-fe8504cc41ac: addNew group-CF9C7CE836F7:[1178c3ae-d0b4-4d44-b144-fe8504cc41ac:192.168.151.99:33787] returns group-CF9C7CE836F7:java.util.concurrent.CompletableFuture@1349b3ab[Not completed]
2019-09-26 21:19:15,564 [pool-37-thread-1] INFO  impl.RaftServerImpl (RaftServerImpl.java:<init>(95)) - 1178c3ae-d0b4-4d44-b144-fe8504cc41ac: new RaftServerImpl for group-CF9C7CE836F7:[1178c3ae-d0b4-4d44-b144-fe8504cc41ac:192.168.151.99:33787] with ContainerStateMachine:uninitialized
2019-09-26 21:19:15,564 [pool-37-thread-1] INFO  server.RaftServerConfigKeys (ConfUtils.java:logGet(43)) - raft.server.rpc.timeout.min = 5s (custom)
2019-09-26 21:19:15,564 [pool-37-thread-1] INFO  server.RaftServerConfigKeys (ConfUtils.java:logGet(43)) - raft.server.rpc.timeout.max = 5200ms (custom)
2019-09-26 21:19:15,564 [pool-37-thread-1] INFO  server.RaftServerConfigKeys (ConfUtils.java:logGet(43)) - raft.server.rpcslowness.timeout = 120s (custom)
2019-09-26 21:19:15,564 [pool-37-thread-1] INFO  server.RaftServerConfigKeys (ConfUtils.java:logGet(43)) - raft.server.sleep.deviation.threshold = 300 (default)
2019-09-26 21:19:15,564 [pool-37-thread-1] INFO  server.RaftServerConfigKeys (ConfUtils.java:logGet(43)) - raft.server.log.appender.install.snapshot.enabled = false (custom)
2019-09-26 21:19:15,564 [pool-37-thread-1] INFO  impl.RaftServerImpl (ServerState.java:<init>(103)) - 1178c3ae-d0b4-4d44-b144-fe8504cc41ac@group-CF9C7CE836F7: ConfigurationManager, init=-1: [1178c3ae-d0b4-4d44-b144-fe8504cc41ac:192.168.151.99:33787], old=null, confs=<EMPTY_MAP>
2019-09-26 21:19:15,564 [pool-37-thread-1] INFO  server.RaftServerConfigKeys (ConfUtils.java:logGet(43)) - raft.server.storage.dir = [/workdir/hadoop-ozone/ozonefs/target/test-dir/MiniOzoneClusterImpl-5b64906c-d720-4906-b30c-b6d56a2122fd/datanode-1/data/ratis] (custom)
2019-09-26 21:19:15,565 [pool-37-thread-1] INFO  storage.RaftStorageDirectory (RaftStorageDirectory.java:analyzeStorage(246)) - The storage directory /workdir/hadoop-ozone/ozonefs/target/test-dir/MiniOzoneClusterImpl-5b64906c-d720-4906-b30c-b6d56a2122fd/datanode-1/data/ratis/aaabc942-0250-4bd6-843f-cf9c7ce836f7 does not exist. Creating ...
2019-09-26 21:19:15,568 [pool-37-thread-1] INFO  storage.RaftStorageDirectory (RaftStorageDirectory.java:tryLock(328)) - Lock on /workdir/hadoop-ozone/ozonefs/target/test-dir/MiniOzoneClusterImpl-5b64906c-d720-4906-b30c-b6d56a2122fd/datanode-1/data/ratis/aaabc942-0250-4bd6-843f-cf9c7ce836f7/in_use.lock acquired by nodename 10701@pr-hdds-1569-g6sp5-2013761785
2019-09-26 21:19:15,571 [pool-37-thread-1] INFO  storage.RaftStorage (RaftStorage.java:format(72)) - Storage directory /workdir/hadoop-ozone/ozonefs/target/test-dir/MiniOzoneClusterImpl-5b64906c-d720-4906-b30c-b6d56a2122fd/datanode-1/data/ratis/aaabc942-0250-4bd6-843f-cf9c7ce836f7 has been successfully formatted.
2019-09-26 21:19:15,571 [pool-37-thread-1] INFO  ratis.ContainerStateMachine (ContainerStateMachine.java:loadSnapshot(230)) - group-CF9C7CE836F7: The snapshot info is null. Setting the last applied indexto:(t:0, i:~)
2019-09-26 21:19:15,572 [pool-37-thread-1] INFO  server.RaftServerConfigKeys (ConfUtils.java:logGet(43)) - raft.server.notification.no-leader.timeout = 120s (custom)
2019-09-26 21:19:15,572 [pool-37-thread-1] INFO  server.RaftServerConfigKeys (ConfUtils.java:logGet(43)) - raft.server.log.use.memory = false (default)
2019-09-26 21:19:15,572 [pool-37-thread-1] INFO  server.RaftServerConfigKeys (ConfUtils.java:logGet(43)) - raft.server.log.purge.gap = 1000000 (custom)
2019-09-26 21:19:15,572 [pool-37-thread-1] INFO  server.RaftServerConfigKeys (ConfUtils.java:logGet(43)) - raft.server.log.appender.buffer.byte-limit = 33554432 (custom)
2019-09-26 21:19:15,572 [pool-37-thread-1] INFO  server.RaftServerConfigKeys (ConfUtils.java:logGet(43)) - raft.server.log.segment.size.max = 1048576 (custom)
2019-09-26 21:19:15,572 [pool-37-thread-1] INFO  server.RaftServerConfigKeys (ConfUtils.java:logGet(43)) - raft.server.log.segment.cache.num.max = 2 (custom)
2019-09-26 21:19:15,572 [pool-37-thread-1] INFO  segmented.SegmentedRaftLogWorker (SegmentedRaftLogWorker.java:<init>(172)) - new 1178c3ae-d0b4-4d44-b144-fe8504cc41ac@group-CF9C7CE836F7-SegmentedRaftLogWorker for RaftStorage:Storage Directory /workdir/hadoop-ozone/ozonefs/target/test-dir/MiniOzoneClusterImpl-5b64906c-d720-4906-b30c-b6d56a2122fd/datanode-1/data/ratis/aaabc942-0250-4bd6-843f-cf9c7ce836f7
2019-09-26 21:19:15,573 [pool-37-thread-1] INFO  server.RaftServerConfigKeys (ConfUtils.java:logGet(43)) - raft.server.log.queue.byte-limit = 2147483647 (custom)
2019-09-26 21:19:15,573 [pool-37-thread-1] INFO  server.RaftServerConfigKeys (ConfUtils.java:logGet(43)) - raft.server.log.queue.element-limit = 1024 (custom)
2019-09-26 21:19:15,573 [pool-37-thread-1] INFO  server.RaftServerConfigKeys (ConfUtils.java:logGet(43)) - raft.server.log.segment.size.max = 1048576 (custom)
2019-09-26 21:19:15,573 [pool-37-thread-1] INFO  server.RaftServerConfigKeys (ConfUtils.java:logGet(43)) - raft.server.log.preallocated.size = 16384 (custom)
2019-09-26 21:19:15,573 [pool-37-thread-1] INFO  server.RaftServerConfigKeys (ConfUtils.java:logGet(43)) - raft.server.log.write.buffer.size = 33554432 (custom)
2019-09-26 21:19:15,573 [pool-37-thread-1] INFO  server.RaftServerConfigKeys (ConfUtils.java:logGet(43)) - raft.server.log.force.sync.num = 128 (default)
2019-09-26 21:19:15,573 [pool-37-thread-1] INFO  server.RaftServerConfigKeys (ConfUtils.java:logGet(43)) - raft.server.log.statemachine.data.sync = true (default)
2019-09-26 21:19:15,573 [pool-37-thread-1] INFO  server.RaftServerConfigKeys (ConfUtils.java:logGet(43)) - raft.server.log.statemachine.data.sync.timeout = 10s (default)
2019-09-26 21:19:15,574 [pool-37-thread-1] INFO  server.RaftServerConfigKeys (ConfUtils.java:logGet(43)) - raft.server.log.statemachine.data.sync.timeout.retry = -1 (default)
2019-09-26 21:19:15,574 [pool-37-thread-1] INFO  server.RaftServerConfigKeys (ConfUtils.java:logGet(43)) - raft.server.log.statemachine.data.caching.enabled = true (custom)
2019-09-26 21:19:15,574 [pool-37-thread-1] INFO  segmented.SegmentedRaftLogWorker (SegmentedRaftLogWorker.java:lambda$new$0(132)) - 1178c3ae-d0b4-4d44-b144-fe8504cc41ac@group-CF9C7CE836F7-SegmentedRaftLogWorker: flushIndex: setUnconditionally 0 -> -1
2019-09-26 21:19:15,574 [pool-37-thread-1] INFO  server.RaftServerConfigKeys (ConfUtils.java:logGet(43)) - raft.server.snapshot.auto.trigger.enabled = true (custom)
2019-09-26 21:19:15,574 [pool-37-thread-1] INFO  server.RaftServerConfigKeys (ConfUtils.java:logGet(43)) - raft.server.snapshot.auto.trigger.threshold = 10000 (custom)
2019-09-26 21:19:15,575 [pool-37-thread-1] INFO  server.RaftServerConfigKeys (ConfUtils.java:logGet(43)) - raft.server.snapshot.retention.num.files = 5 (custom)
2019-09-26 21:19:15,575 [pool-37-thread-1] INFO  server.RaftServerConfigKeys (ConfUtils.java:logGet(43)) - raft.server.retrycache.expirytime = 600000ms (custom)
2019-09-26 21:19:15,577 [pool-37-thread-1] INFO  impl.RaftServerImpl (RaftServerImpl.java:start(185)) - 1178c3ae-d0b4-4d44-b144-fe8504cc41ac@group-CF9C7CE836F7: start as a follower, conf=-1: [1178c3ae-d0b4-4d44-b144-fe8504cc41ac:192.168.151.99:33787], old=null
2019-09-26 21:19:15,577 [pool-37-thread-1] INFO  impl.RaftServerImpl (RaftServerImpl.java:setRole(174)) - 1178c3ae-d0b4-4d44-b144-fe8504cc41ac@group-CF9C7CE836F7: changes role from      null to FOLLOWER at term 0 for startAsFollower
2019-09-26 21:19:15,577 [pool-37-thread-1] INFO  impl.RoleInfo (RoleInfo.java:updateAndGet(143)) - 1178c3ae-d0b4-4d44-b144-fe8504cc41ac: start FollowerState
2019-09-26 21:19:15,577 [pool-37-thread-1] INFO  util.JmxRegister (JmxRegister.java:tryRegister(44)) - Successfully registered JMX Bean with object name Ratis:service=RaftServer,group=group-CF9C7CE836F7,id=1178c3ae-d0b4-4d44-b144-fe8504cc41ac
2019-09-26 21:19:15,580 [RatisPipelineUtilsThread] INFO  pipeline.PipelineStateManager (PipelineStateManager.java:addPipeline(56)) - Created pipeline Pipeline[ Id: aaabc942-0250-4bd6-843f-cf9c7ce836f7, Nodes: 1178c3ae-d0b4-4d44-b144-fe8504cc41ac{ip: 192.168.151.99, host: pr-hdds-1569-g6sp5-2013761785, networkLocation: /default-rack, certSerialId: null}, Type:RATIS, Factor:ONE, State:OPEN]
2019-09-26 21:19:15,584 [grpc-default-executor-3] INFO  impl.RaftServerProxy (RaftServerProxy.java:addNew(89)) - 09112efe-1fad-4539-a04f-c96aef6d2351: addNew group-A0E7B7EED9F9:[09112efe-1fad-4539-a04f-c96aef6d2351:192.168.151.99:45286] returns group-A0E7B7EED9F9:java.util.concurrent.CompletableFuture@563f4dda[Not completed]
2019-09-26 21:19:15,585 [pool-47-thread-1] INFO  impl.RaftServerImpl (RaftServerImpl.java:<init>(95)) - 09112efe-1fad-4539-a04f-c96aef6d2351: new RaftServerImpl for group-A0E7B7EED9F9:[09112efe-1fad-4539-a04f-c96aef6d2351:192.168.151.99:45286] with ContainerStateMachine:uninitialized
2019-09-26 21:19:15,585 [pool-47-thread-1] INFO  server.RaftServerConfigKeys (ConfUtils.java:logGet(43)) - raft.server.rpc.timeout.min = 5s (custom)
2019-09-26 21:19:15,586 [pool-47-thread-1] INFO  server.RaftServerConfigKeys (ConfUtils.java:logGet(43)) - raft.server.rpc.timeout.max = 5200ms (custom)
2019-09-26 21:19:15,586 [pool-47-thread-1] INFO  server.RaftServerConfigKeys (ConfUtils.java:logGet(43)) - raft.server.rpcslowness.timeout = 120s (custom)
2019-09-26 21:19:15,586 [pool-47-thread-1] INFO  server.RaftServerConfigKeys (ConfUtils.java:logGet(43)) - raft.server.sleep.deviation.threshold = 300 (default)
2019-09-26 21:19:15,586 [pool-47-thread-1] INFO  server.RaftServerConfigKeys (ConfUtils.java:logGet(43)) - raft.server.log.appender.install.snapshot.enabled = false (custom)
2019-09-26 21:19:15,586 [pool-47-thread-1] INFO  impl.RaftServerImpl (ServerState.java:<init>(103)) - 09112efe-1fad-4539-a04f-c96aef6d2351@group-A0E7B7EED9F9: ConfigurationManager, init=-1: [09112efe-1fad-4539-a04f-c96aef6d2351:192.168.151.99:45286], old=null, confs=<EMPTY_MAP>
2019-09-26 21:19:15,586 [pool-47-thread-1] INFO  server.RaftServerConfigKeys (ConfUtils.java:logGet(43)) - raft.server.storage.dir = [/workdir/hadoop-ozone/ozonefs/target/test-dir/MiniOzoneClusterImpl-5b64906c-d720-4906-b30c-b6d56a2122fd/datanode-2/data/ratis] (custom)
2019-09-26 21:19:15,587 [pool-47-thread-1] INFO  storage.RaftStorageDirectory (RaftStorageDirectory.java:analyzeStorage(246)) - The storage directory /workdir/hadoop-ozone/ozonefs/target/test-dir/MiniOzoneClusterImpl-5b64906c-d720-4906-b30c-b6d56a2122fd/datanode-2/data/ratis/1676cbc9-7adf-470f-9d7a-a0e7b7eed9f9 does not exist. Creating ...
2019-09-26 21:19:15,608 [pool-47-thread-1] INFO  storage.RaftStorageDirectory (RaftStorageDirectory.java:tryLock(328)) - Lock on /workdir/hadoop-ozone/ozonefs/target/test-dir/MiniOzoneClusterImpl-5b64906c-d720-4906-b30c-b6d56a2122fd/datanode-2/data/ratis/1676cbc9-7adf-470f-9d7a-a0e7b7eed9f9/in_use.lock acquired by nodename 10701@pr-hdds-1569-g6sp5-2013761785
2019-09-26 21:19:15,623 [pool-47-thread-1] INFO  storage.RaftStorage (RaftStorage.java:format(72)) - Storage directory /workdir/hadoop-ozone/ozonefs/target/test-dir/MiniOzoneClusterImpl-5b64906c-d720-4906-b30c-b6d56a2122fd/datanode-2/data/ratis/1676cbc9-7adf-470f-9d7a-a0e7b7eed9f9 has been successfully formatted.
2019-09-26 21:19:15,623 [pool-47-thread-1] INFO  ratis.ContainerStateMachine (ContainerStateMachine.java:loadSnapshot(230)) - group-A0E7B7EED9F9: The snapshot info is null. Setting the last applied indexto:(t:0, i:~)
2019-09-26 21:19:15,623 [pool-47-thread-1] INFO  server.RaftServerConfigKeys (ConfUtils.java:logGet(43)) - raft.server.notification.no-leader.timeout = 120s (custom)
2019-09-26 21:19:15,623 [pool-47-thread-1] INFO  server.RaftServerConfigKeys (ConfUtils.java:logGet(43)) - raft.server.log.use.memory = false (default)
2019-09-26 21:19:15,624 [pool-47-thread-1] INFO  server.RaftServerConfigKeys (ConfUtils.java:logGet(43)) - raft.server.log.purge.gap = 1000000 (custom)
2019-09-26 21:19:15,624 [pool-47-thread-1] INFO  server.RaftServerConfigKeys (ConfUtils.java:logGet(43)) - raft.server.log.appender.buffer.byte-limit = 33554432 (custom)
2019-09-26 21:19:15,624 [pool-47-thread-1] INFO  server.RaftServerConfigKeys (ConfUtils.java:logGet(43)) - raft.server.log.segment.size.max = 1048576 (custom)
2019-09-26 21:19:15,624 [pool-47-thread-1] INFO  server.RaftServerConfigKeys (ConfUtils.java:logGet(43)) - raft.server.log.segment.cache.num.max = 2 (custom)
2019-09-26 21:19:15,624 [pool-47-thread-1] INFO  segmented.SegmentedRaftLogWorker (SegmentedRaftLogWorker.java:<init>(172)) - new 09112efe-1fad-4539-a04f-c96aef6d2351@group-A0E7B7EED9F9-SegmentedRaftLogWorker for RaftStorage:Storage Directory /workdir/hadoop-ozone/ozonefs/target/test-dir/MiniOzoneClusterImpl-5b64906c-d720-4906-b30c-b6d56a2122fd/datanode-2/data/ratis/1676cbc9-7adf-470f-9d7a-a0e7b7eed9f9
2019-09-26 21:19:15,624 [pool-47-thread-1] INFO  server.RaftServerConfigKeys (ConfUtils.java:logGet(43)) - raft.server.log.queue.byte-limit = 2147483647 (custom)
2019-09-26 21:19:15,625 [pool-47-thread-1] INFO  server.RaftServerConfigKeys (ConfUtils.java:logGet(43)) - raft.server.log.queue.element-limit = 1024 (custom)
2019-09-26 21:19:15,625 [pool-47-thread-1] INFO  server.RaftServerConfigKeys (ConfUtils.java:logGet(43)) - raft.server.log.segment.size.max = 1048576 (custom)
2019-09-26 21:19:15,625 [pool-47-thread-1] INFO  server.RaftServerConfigKeys (ConfUtils.java:logGet(43)) - raft.server.log.preallocated.size = 16384 (custom)
2019-09-26 21:19:15,625 [pool-47-thread-1] INFO  server.RaftServerConfigKeys (ConfUtils.java:logGet(43)) - raft.server.log.write.buffer.size = 33554432 (custom)
2019-09-26 21:19:15,625 [pool-47-thread-1] INFO  server.RaftServerConfigKeys (ConfUtils.java:logGet(43)) - raft.server.log.force.sync.num = 128 (default)
2019-09-26 21:19:15,625 [pool-47-thread-1] INFO  server.RaftServerConfigKeys (ConfUtils.java:logGet(43)) - raft.server.log.statemachine.data.sync = true (default)
2019-09-26 21:19:15,625 [pool-47-thread-1] INFO  server.RaftServerConfigKeys (ConfUtils.java:logGet(43)) - raft.server.log.statemachine.data.sync.timeout = 10s (default)
2019-09-26 21:19:15,625 [pool-47-thread-1] INFO  server.RaftServerConfigKeys (ConfUtils.java:logGet(43)) - raft.server.log.statemachine.data.sync.timeout.retry = -1 (default)
2019-09-26 21:19:15,626 [pool-47-thread-1] INFO  server.RaftServerConfigKeys (ConfUtils.java:logGet(43)) - raft.server.log.statemachine.data.caching.enabled = true (custom)
2019-09-26 21:19:15,626 [pool-47-thread-1] INFO  segmented.SegmentedRaftLogWorker (SegmentedRaftLogWorker.java:lambda$new$0(132)) - 09112efe-1fad-4539-a04f-c96aef6d2351@group-A0E7B7EED9F9-SegmentedRaftLogWorker: flushIndex: setUnconditionally 0 -> -1
2019-09-26 21:19:15,626 [pool-47-thread-1] INFO  server.RaftServerConfigKeys (ConfUtils.java:logGet(43)) - raft.server.snapshot.auto.trigger.enabled = true (custom)
2019-09-26 21:19:15,626 [pool-47-thread-1] INFO  server.RaftServerConfigKeys (ConfUtils.java:logGet(43)) - raft.server.snapshot.auto.trigger.threshold = 10000 (custom)
2019-09-26 21:19:15,627 [pool-47-thread-1] INFO  server.RaftServerConfigKeys (ConfUtils.java:logGet(43)) - raft.server.snapshot.retention.num.files = 5 (custom)
2019-09-26 21:19:15,627 [pool-47-thread-1] INFO  server.RaftServerConfigKeys (ConfUtils.java:logGet(43)) - raft.server.retrycache.expirytime = 600000ms (custom)
2019-09-26 21:19:15,629 [pool-47-thread-1] INFO  impl.RaftServerImpl (RaftServerImpl.java:start(185)) - 09112efe-1fad-4539-a04f-c96aef6d2351@group-A0E7B7EED9F9: start as a follower, conf=-1: [09112efe-1fad-4539-a04f-c96aef6d2351:192.168.151.99:45286], old=null
2019-09-26 21:19:15,629 [pool-47-thread-1] INFO  impl.RaftServerImpl (RaftServerImpl.java:setRole(174)) - 09112efe-1fad-4539-a04f-c96aef6d2351@group-A0E7B7EED9F9: changes role from      null to FOLLOWER at term 0 for startAsFollower
2019-09-26 21:19:15,629 [pool-47-thread-1] INFO  impl.RoleInfo (RoleInfo.java:updateAndGet(143)) - 09112efe-1fad-4539-a04f-c96aef6d2351: start FollowerState
2019-09-26 21:19:15,629 [pool-47-thread-1] INFO  util.JmxRegister (JmxRegister.java:tryRegister(44)) - Successfully registered JMX Bean with object name Ratis:service=RaftServer,group=group-A0E7B7EED9F9,id=09112efe-1fad-4539-a04f-c96aef6d2351
2019-09-26 21:19:15,632 [RatisPipelineUtilsThread] INFO  pipeline.PipelineStateManager (PipelineStateManager.java:addPipeline(56)) - Created pipeline Pipeline[ Id: 1676cbc9-7adf-470f-9d7a-a0e7b7eed9f9, Nodes: 09112efe-1fad-4539-a04f-c96aef6d2351{ip: 192.168.151.99, host: pr-hdds-1569-g6sp5-2013761785, networkLocation: /default-rack, certSerialId: null}, Type:RATIS, Factor:ONE, State:OPEN]
2019-09-26 21:19:15,636 [grpc-default-executor-3] INFO  impl.RaftServerProxy (RaftServerProxy.java:addNew(89)) - 0c640f50-2bc9-49b6-b785-a27e3116e6ba: addNew group-190F77E321AE:[0c640f50-2bc9-49b6-b785-a27e3116e6ba:192.168.151.99:42361] returns group-190F77E321AE:java.util.concurrent.CompletableFuture@5b6542b7[Not completed]
2019-09-26 21:19:15,638 [pool-57-thread-1] INFO  impl.RaftServerImpl (RaftServerImpl.java:<init>(95)) - 0c640f50-2bc9-49b6-b785-a27e3116e6ba: new RaftServerImpl for group-190F77E321AE:[0c640f50-2bc9-49b6-b785-a27e3116e6ba:192.168.151.99:42361] with ContainerStateMachine:uninitialized
2019-09-26 21:19:15,639 [pool-57-thread-1] INFO  server.RaftServerConfigKeys (ConfUtils.java:logGet(43)) - raft.server.rpc.timeout.min = 5s (custom)
2019-09-26 21:19:15,639 [pool-57-thread-1] INFO  server.RaftServerConfigKeys (ConfUtils.java:logGet(43)) - raft.server.rpc.timeout.max = 5200ms (custom)
2019-09-26 21:19:15,639 [pool-57-thread-1] INFO  server.RaftServerConfigKeys (ConfUtils.java:logGet(43)) - raft.server.rpcslowness.timeout = 120s (custom)
2019-09-26 21:19:15,639 [pool-57-thread-1] INFO  server.RaftServerConfigKeys (ConfUtils.java:logGet(43)) - raft.server.sleep.deviation.threshold = 300 (default)
2019-09-26 21:19:15,639 [pool-57-thread-1] INFO  server.RaftServerConfigKeys (ConfUtils.java:logGet(43)) - raft.server.log.appender.install.snapshot.enabled = false (custom)
2019-09-26 21:19:15,639 [pool-57-thread-1] INFO  impl.RaftServerImpl (ServerState.java:<init>(103)) - 0c640f50-2bc9-49b6-b785-a27e3116e6ba@group-190F77E321AE: ConfigurationManager, init=-1: [0c640f50-2bc9-49b6-b785-a27e3116e6ba:192.168.151.99:42361], old=null, confs=<EMPTY_MAP>
2019-09-26 21:19:15,639 [pool-57-thread-1] INFO  server.RaftServerConfigKeys (ConfUtils.java:logGet(43)) - raft.server.storage.dir = [/workdir/hadoop-ozone/ozonefs/target/test-dir/MiniOzoneClusterImpl-5b64906c-d720-4906-b30c-b6d56a2122fd/datanode-3/data/ratis] (custom)
2019-09-26 21:19:15,640 [pool-57-thread-1] INFO  storage.RaftStorageDirectory (RaftStorageDirectory.java:analyzeStorage(246)) - The storage directory /workdir/hadoop-ozone/ozonefs/target/test-dir/MiniOzoneClusterImpl-5b64906c-d720-4906-b30c-b6d56a2122fd/datanode-3/data/ratis/64ddcbd5-a935-4009-8bcb-190f77e321ae does not exist. Creating ...
2019-09-26 21:19:15,654 [pool-57-thread-1] INFO  storage.RaftStorageDirectory (RaftStorageDirectory.java:tryLock(328)) - Lock on /workdir/hadoop-ozone/ozonefs/target/test-dir/MiniOzoneClusterImpl-5b64906c-d720-4906-b30c-b6d56a2122fd/datanode-3/data/ratis/64ddcbd5-a935-4009-8bcb-190f77e321ae/in_use.lock acquired by nodename 10701@pr-hdds-1569-g6sp5-2013761785
2019-09-26 21:19:15,667 [pool-57-thread-1] INFO  storage.RaftStorage (RaftStorage.java:format(72)) - Storage directory /workdir/hadoop-ozone/ozonefs/target/test-dir/MiniOzoneClusterImpl-5b64906c-d720-4906-b30c-b6d56a2122fd/datanode-3/data/ratis/64ddcbd5-a935-4009-8bcb-190f77e321ae has been successfully formatted.
2019-09-26 21:19:15,668 [pool-57-thread-1] INFO  ratis.ContainerStateMachine (ContainerStateMachine.java:loadSnapshot(230)) - group-190F77E321AE: The snapshot info is null. Setting the last applied indexto:(t:0, i:~)
2019-09-26 21:19:15,668 [pool-57-thread-1] INFO  server.RaftServerConfigKeys (ConfUtils.java:logGet(43)) - raft.server.notification.no-leader.timeout = 120s (custom)
2019-09-26 21:19:15,668 [pool-57-thread-1] INFO  server.RaftServerConfigKeys (ConfUtils.java:logGet(43)) - raft.server.log.use.memory = false (default)
2019-09-26 21:19:15,668 [pool-57-thread-1] INFO  server.RaftServerConfigKeys (ConfUtils.java:logGet(43)) - raft.server.log.purge.gap = 1000000 (custom)
2019-09-26 21:19:15,668 [pool-57-thread-1] INFO  server.RaftServerConfigKeys (ConfUtils.java:logGet(43)) - raft.server.log.appender.buffer.byte-limit = 33554432 (custom)
2019-09-26 21:19:15,668 [pool-57-thread-1] INFO  server.RaftServerConfigKeys (ConfUtils.java:logGet(43)) - raft.server.log.segment.size.max = 1048576 (custom)
2019-09-26 21:19:15,669 [pool-57-thread-1] INFO  server.RaftServerConfigKeys (ConfUtils.java:logGet(43)) - raft.server.log.segment.cache.num.max = 2 (custom)
2019-09-26 21:19:15,669 [pool-57-thread-1] INFO  segmented.SegmentedRaftLogWorker (SegmentedRaftLogWorker.java:<init>(172)) - new 0c640f50-2bc9-49b6-b785-a27e3116e6ba@group-190F77E321AE-SegmentedRaftLogWorker for RaftStorage:Storage Directory /workdir/hadoop-ozone/ozonefs/target/test-dir/MiniOzoneClusterImpl-5b64906c-d720-4906-b30c-b6d56a2122fd/datanode-3/data/ratis/64ddcbd5-a935-4009-8bcb-190f77e321ae
2019-09-26 21:19:15,669 [pool-57-thread-1] INFO  server.RaftServerConfigKeys (ConfUtils.java:logGet(43)) - raft.server.log.queue.byte-limit = 2147483647 (custom)
2019-09-26 21:19:15,669 [pool-57-thread-1] INFO  server.RaftServerConfigKeys (ConfUtils.java:logGet(43)) - raft.server.log.queue.element-limit = 1024 (custom)
2019-09-26 21:19:15,669 [pool-57-thread-1] INFO  server.RaftServerConfigKeys (ConfUtils.java:logGet(43)) - raft.server.log.segment.size.max = 1048576 (custom)
2019-09-26 21:19:15,669 [pool-57-thread-1] INFO  server.RaftServerConfigKeys (ConfUtils.java:logGet(43)) - raft.server.log.preallocated.size = 16384 (custom)
2019-09-26 21:19:15,669 [pool-57-thread-1] INFO  server.RaftServerConfigKeys (ConfUtils.java:logGet(43)) - raft.server.log.write.buffer.size = 33554432 (custom)
2019-09-26 21:19:15,670 [pool-57-thread-1] INFO  server.RaftServerConfigKeys (ConfUtils.java:logGet(43)) - raft.server.log.force.sync.num = 128 (default)
2019-09-26 21:19:15,670 [pool-57-thread-1] INFO  server.RaftServerConfigKeys (ConfUtils.java:logGet(43)) - raft.server.log.statemachine.data.sync = true (default)
2019-09-26 21:19:15,670 [pool-57-thread-1] INFO  server.RaftServerConfigKeys (ConfUtils.java:logGet(43)) - raft.server.log.statemachine.data.sync.timeout = 10s (default)
2019-09-26 21:19:15,670 [pool-57-thread-1] INFO  server.RaftServerConfigKeys (ConfUtils.java:logGet(43)) - raft.server.log.statemachine.data.sync.timeout.retry = -1 (default)
2019-09-26 21:19:15,670 [pool-57-thread-1] INFO  server.RaftServerConfigKeys (ConfUtils.java:logGet(43)) - raft.server.log.statemachine.data.caching.enabled = true (custom)
2019-09-26 21:19:15,671 [pool-57-thread-1] INFO  segmented.SegmentedRaftLogWorker (SegmentedRaftLogWorker.java:lambda$new$0(132)) - 0c640f50-2bc9-49b6-b785-a27e3116e6ba@group-190F77E321AE-SegmentedRaftLogWorker: flushIndex: setUnconditionally 0 -> -1
2019-09-26 21:19:15,671 [pool-57-thread-1] INFO  server.RaftServerConfigKeys (ConfUtils.java:logGet(43)) - raft.server.snapshot.auto.trigger.enabled = true (custom)
2019-09-26 21:19:15,671 [pool-57-thread-1] INFO  server.RaftServerConfigKeys (ConfUtils.java:logGet(43)) - raft.server.snapshot.auto.trigger.threshold = 10000 (custom)
2019-09-26 21:19:15,671 [pool-57-thread-1] INFO  server.RaftServerConfigKeys (ConfUtils.java:logGet(43)) - raft.server.snapshot.retention.num.files = 5 (custom)
2019-09-26 21:19:15,671 [pool-57-thread-1] INFO  server.RaftServerConfigKeys (ConfUtils.java:logGet(43)) - raft.server.retrycache.expirytime = 600000ms (custom)
2019-09-26 21:19:15,674 [pool-57-thread-1] INFO  impl.RaftServerImpl (RaftServerImpl.java:start(185)) - 0c640f50-2bc9-49b6-b785-a27e3116e6ba@group-190F77E321AE: start as a follower, conf=-1: [0c640f50-2bc9-49b6-b785-a27e3116e6ba:192.168.151.99:42361], old=null
2019-09-26 21:19:15,674 [pool-57-thread-1] INFO  impl.RaftServerImpl (RaftServerImpl.java:setRole(174)) - 0c640f50-2bc9-49b6-b785-a27e3116e6ba@group-190F77E321AE: changes role from      null to FOLLOWER at term 0 for startAsFollower
2019-09-26 21:19:15,674 [pool-57-thread-1] INFO  impl.RoleInfo (RoleInfo.java:updateAndGet(143)) - 0c640f50-2bc9-49b6-b785-a27e3116e6ba: start FollowerState
2019-09-26 21:19:15,675 [pool-57-thread-1] INFO  util.JmxRegister (JmxRegister.java:tryRegister(44)) - Successfully registered JMX Bean with object name Ratis:service=RaftServer,group=group-190F77E321AE,id=0c640f50-2bc9-49b6-b785-a27e3116e6ba
2019-09-26 21:19:15,677 [RatisPipelineUtilsThread] INFO  pipeline.PipelineStateManager (PipelineStateManager.java:addPipeline(56)) - Created pipeline Pipeline[ Id: 64ddcbd5-a935-4009-8bcb-190f77e321ae, Nodes: 0c640f50-2bc9-49b6-b785-a27e3116e6ba{ip: 192.168.151.99, host: pr-hdds-1569-g6sp5-2013761785, networkLocation: /default-rack, certSerialId: null}, Type:RATIS, Factor:ONE, State:OPEN]
2019-09-26 21:19:15,682 [grpc-default-executor-3] INFO  impl.RaftServerProxy (RaftServerProxy.java:addNew(89)) - da833d8d-e72a-4068-9560-4daa2d83adc2: addNew group-27028318879A:[da833d8d-e72a-4068-9560-4daa2d83adc2:192.168.151.99:38903] returns group-27028318879A:java.util.concurrent.CompletableFuture@7406cb7d[Not completed]
2019-09-26 21:19:15,683 [pool-67-thread-1] INFO  impl.RaftServerImpl (RaftServerImpl.java:<init>(95)) - da833d8d-e72a-4068-9560-4daa2d83adc2: new RaftServerImpl for group-27028318879A:[da833d8d-e72a-4068-9560-4daa2d83adc2:192.168.151.99:38903] with ContainerStateMachine:uninitialized
2019-09-26 21:19:15,683 [pool-67-thread-1] INFO  server.RaftServerConfigKeys (ConfUtils.java:logGet(43)) - raft.server.rpc.timeout.min = 5s (custom)
2019-09-26 21:19:15,684 [pool-67-thread-1] INFO  server.RaftServerConfigKeys (ConfUtils.java:logGet(43)) - raft.server.rpc.timeout.max = 5200ms (custom)
2019-09-26 21:19:15,684 [pool-67-thread-1] INFO  server.RaftServerConfigKeys (ConfUtils.java:logGet(43)) - raft.server.rpcslowness.timeout = 120s (custom)
2019-09-26 21:19:15,684 [pool-67-thread-1] INFO  server.RaftServerConfigKeys (ConfUtils.java:logGet(43)) - raft.server.sleep.deviation.threshold = 300 (default)
2019-09-26 21:19:15,684 [pool-67-thread-1] INFO  server.RaftServerConfigKeys (ConfUtils.java:logGet(43)) - raft.server.log.appender.install.snapshot.enabled = false (custom)
2019-09-26 21:19:15,684 [pool-67-thread-1] INFO  impl.RaftServerImpl (ServerState.java:<init>(103)) - da833d8d-e72a-4068-9560-4daa2d83adc2@group-27028318879A: ConfigurationManager, init=-1: [da833d8d-e72a-4068-9560-4daa2d83adc2:192.168.151.99:38903], old=null, confs=<EMPTY_MAP>
2019-09-26 21:19:15,684 [pool-67-thread-1] INFO  server.RaftServerConfigKeys (ConfUtils.java:logGet(43)) - raft.server.storage.dir = [/workdir/hadoop-ozone/ozonefs/target/test-dir/MiniOzoneClusterImpl-5b64906c-d720-4906-b30c-b6d56a2122fd/datanode-4/data/ratis] (custom)
2019-09-26 21:19:15,685 [pool-67-thread-1] INFO  storage.RaftStorageDirectory (RaftStorageDirectory.java:analyzeStorage(246)) - The storage directory /workdir/hadoop-ozone/ozonefs/target/test-dir/MiniOzoneClusterImpl-5b64906c-d720-4906-b30c-b6d56a2122fd/datanode-4/data/ratis/955558c6-8571-4f30-9dcc-27028318879a does not exist. Creating ...
2019-09-26 21:19:15,699 [pool-67-thread-1] INFO  storage.RaftStorageDirectory (RaftStorageDirectory.java:tryLock(328)) - Lock on /workdir/hadoop-ozone/ozonefs/target/test-dir/MiniOzoneClusterImpl-5b64906c-d720-4906-b30c-b6d56a2122fd/datanode-4/data/ratis/955558c6-8571-4f30-9dcc-27028318879a/in_use.lock acquired by nodename 10701@pr-hdds-1569-g6sp5-2013761785
2019-09-26 21:19:15,712 [pool-67-thread-1] INFO  storage.RaftStorage (RaftStorage.java:format(72)) - Storage directory /workdir/hadoop-ozone/ozonefs/target/test-dir/MiniOzoneClusterImpl-5b64906c-d720-4906-b30c-b6d56a2122fd/datanode-4/data/ratis/955558c6-8571-4f30-9dcc-27028318879a has been successfully formatted.
2019-09-26 21:19:15,712 [pool-67-thread-1] INFO  ratis.ContainerStateMachine (ContainerStateMachine.java:loadSnapshot(230)) - group-27028318879A: The snapshot info is null. Setting the last applied indexto:(t:0, i:~)
2019-09-26 21:19:15,713 [pool-67-thread-1] INFO  server.RaftServerConfigKeys (ConfUtils.java:logGet(43)) - raft.server.notification.no-leader.timeout = 120s (custom)
2019-09-26 21:19:15,713 [pool-67-thread-1] INFO  server.RaftServerConfigKeys (ConfUtils.java:logGet(43)) - raft.server.log.use.memory = false (default)
2019-09-26 21:19:15,713 [pool-67-thread-1] INFO  server.RaftServerConfigKeys (ConfUtils.java:logGet(43)) - raft.server.log.purge.gap = 1000000 (custom)
2019-09-26 21:19:15,713 [pool-67-thread-1] INFO  server.RaftServerConfigKeys (ConfUtils.java:logGet(43)) - raft.server.log.appender.buffer.byte-limit = 33554432 (custom)
2019-09-26 21:19:15,713 [pool-67-thread-1] INFO  server.RaftServerConfigKeys (ConfUtils.java:logGet(43)) - raft.server.log.segment.size.max = 1048576 (custom)
2019-09-26 21:19:15,713 [pool-67-thread-1] INFO  server.RaftServerConfigKeys (ConfUtils.java:logGet(43)) - raft.server.log.segment.cache.num.max = 2 (custom)
2019-09-26 21:19:15,713 [pool-67-thread-1] INFO  segmented.SegmentedRaftLogWorker (SegmentedRaftLogWorker.java:<init>(172)) - new da833d8d-e72a-4068-9560-4daa2d83adc2@group-27028318879A-SegmentedRaftLogWorker for RaftStorage:Storage Directory /workdir/hadoop-ozone/ozonefs/target/test-dir/MiniOzoneClusterImpl-5b64906c-d720-4906-b30c-b6d56a2122fd/datanode-4/data/ratis/955558c6-8571-4f30-9dcc-27028318879a
2019-09-26 21:19:15,714 [pool-67-thread-1] INFO  server.RaftServerConfigKeys (ConfUtils.java:logGet(43)) - raft.server.log.queue.byte-limit = 2147483647 (custom)
2019-09-26 21:19:15,714 [pool-67-thread-1] INFO  server.RaftServerConfigKeys (ConfUtils.java:logGet(43)) - raft.server.log.queue.element-limit = 1024 (custom)
2019-09-26 21:19:15,714 [pool-67-thread-1] INFO  server.RaftServerConfigKeys (ConfUtils.java:logGet(43)) - raft.server.log.segment.size.max = 1048576 (custom)
2019-09-26 21:19:15,714 [pool-67-thread-1] INFO  server.RaftServerConfigKeys (ConfUtils.java:logGet(43)) - raft.server.log.preallocated.size = 16384 (custom)
2019-09-26 21:19:15,714 [pool-67-thread-1] INFO  server.RaftServerConfigKeys (ConfUtils.java:logGet(43)) - raft.server.log.write.buffer.size = 33554432 (custom)
2019-09-26 21:19:15,714 [pool-67-thread-1] INFO  server.RaftServerConfigKeys (ConfUtils.java:logGet(43)) - raft.server.log.force.sync.num = 128 (default)
2019-09-26 21:19:15,714 [pool-67-thread-1] INFO  server.RaftServerConfigKeys (ConfUtils.java:logGet(43)) - raft.server.log.statemachine.data.sync = true (default)
2019-09-26 21:19:15,715 [pool-67-thread-1] INFO  server.RaftServerConfigKeys (ConfUtils.java:logGet(43)) - raft.server.log.statemachine.data.sync.timeout = 10s (default)
2019-09-26 21:19:15,715 [pool-67-thread-1] INFO  server.RaftServerConfigKeys (ConfUtils.java:logGet(43)) - raft.server.log.statemachine.data.sync.timeout.retry = -1 (default)
2019-09-26 21:19:15,715 [pool-67-thread-1] INFO  server.RaftServerConfigKeys (ConfUtils.java:logGet(43)) - raft.server.log.statemachine.data.caching.enabled = true (custom)
2019-09-26 21:19:15,715 [pool-67-thread-1] INFO  segmented.SegmentedRaftLogWorker (SegmentedRaftLogWorker.java:lambda$new$0(132)) - da833d8d-e72a-4068-9560-4daa2d83adc2@group-27028318879A-SegmentedRaftLogWorker: flushIndex: setUnconditionally 0 -> -1
2019-09-26 21:19:15,715 [pool-67-thread-1] INFO  server.RaftServerConfigKeys (ConfUtils.java:logGet(43)) - raft.server.snapshot.auto.trigger.enabled = true (custom)
2019-09-26 21:19:15,716 [pool-67-thread-1] INFO  server.RaftServerConfigKeys (ConfUtils.java:logGet(43)) - raft.server.snapshot.auto.trigger.threshold = 10000 (custom)
2019-09-26 21:19:15,716 [pool-67-thread-1] INFO  server.RaftServerConfigKeys (ConfUtils.java:logGet(43)) - raft.server.snapshot.retention.num.files = 5 (custom)
2019-09-26 21:19:15,716 [pool-67-thread-1] INFO  server.RaftServerConfigKeys (ConfUtils.java:logGet(43)) - raft.server.retrycache.expirytime = 600000ms (custom)
2019-09-26 21:19:15,718 [pool-67-thread-1] INFO  impl.RaftServerImpl (RaftServerImpl.java:start(185)) - da833d8d-e72a-4068-9560-4daa2d83adc2@group-27028318879A: start as a follower, conf=-1: [da833d8d-e72a-4068-9560-4daa2d83adc2:192.168.151.99:38903], old=null
2019-09-26 21:19:15,718 [pool-67-thread-1] INFO  impl.RaftServerImpl (RaftServerImpl.java:setRole(174)) - da833d8d-e72a-4068-9560-4daa2d83adc2@group-27028318879A: changes role from      null to FOLLOWER at term 0 for startAsFollower
2019-09-26 21:19:15,718 [pool-67-thread-1] INFO  impl.RoleInfo (RoleInfo.java:updateAndGet(143)) - da833d8d-e72a-4068-9560-4daa2d83adc2: start FollowerState
2019-09-26 21:19:15,718 [pool-67-thread-1] INFO  util.JmxRegister (JmxRegister.java:tryRegister(44)) - Successfully registered JMX Bean with object name Ratis:service=RaftServer,group=group-27028318879A,id=da833d8d-e72a-4068-9560-4daa2d83adc2
2019-09-26 21:19:15,721 [RatisPipelineUtilsThread] INFO  pipeline.PipelineStateManager (PipelineStateManager.java:addPipeline(56)) - Created pipeline Pipeline[ Id: 955558c6-8571-4f30-9dcc-27028318879a, Nodes: da833d8d-e72a-4068-9560-4daa2d83adc2{ip: 192.168.151.99, host: pr-hdds-1569-g6sp5-2013761785, networkLocation: /default-rack, certSerialId: null}, Type:RATIS, Factor:ONE, State:OPEN]
2019-09-26 21:19:15,726 [grpc-default-executor-3] INFO  impl.RaftServerProxy (RaftServerProxy.java:addNew(89)) - da833d8d-e72a-4068-9560-4daa2d83adc2: addNew group-4FC7302DF2CA:[da833d8d-e72a-4068-9560-4daa2d83adc2:192.168.151.99:38903] returns group-4FC7302DF2CA:java.util.concurrent.CompletableFuture@7b7c6698[Not completed]
2019-09-26 21:19:15,727 [pool-67-thread-1] INFO  impl.RaftServerImpl (RaftServerImpl.java:<init>(95)) - da833d8d-e72a-4068-9560-4daa2d83adc2: new RaftServerImpl for group-4FC7302DF2CA:[da833d8d-e72a-4068-9560-4daa2d83adc2:192.168.151.99:38903] with ContainerStateMachine:uninitialized
2019-09-26 21:19:15,727 [pool-67-thread-1] INFO  server.RaftServerConfigKeys (ConfUtils.java:logGet(43)) - raft.server.rpc.timeout.min = 5s (custom)
2019-09-26 21:19:15,727 [pool-67-thread-1] INFO  server.RaftServerConfigKeys (ConfUtils.java:logGet(43)) - raft.server.rpc.timeout.max = 5200ms (custom)
2019-09-26 21:19:15,727 [pool-67-thread-1] INFO  server.RaftServerConfigKeys (ConfUtils.java:logGet(43)) - raft.server.rpcslowness.timeout = 120s (custom)
2019-09-26 21:19:15,727 [pool-67-thread-1] INFO  server.RaftServerConfigKeys (ConfUtils.java:logGet(43)) - raft.server.sleep.deviation.threshold = 300 (default)
2019-09-26 21:19:15,727 [pool-67-thread-1] INFO  server.RaftServerConfigKeys (ConfUtils.java:logGet(43)) - raft.server.log.appender.install.snapshot.enabled = false (custom)
2019-09-26 21:19:15,727 [pool-67-thread-1] INFO  impl.RaftServerImpl (ServerState.java:<init>(103)) - da833d8d-e72a-4068-9560-4daa2d83adc2@group-4FC7302DF2CA: ConfigurationManager, init=-1: [da833d8d-e72a-4068-9560-4daa2d83adc2:192.168.151.99:38903], old=null, confs=<EMPTY_MAP>
2019-09-26 21:19:15,728 [pool-67-thread-1] INFO  server.RaftServerConfigKeys (ConfUtils.java:logGet(43)) - raft.server.storage.dir = [/workdir/hadoop-ozone/ozonefs/target/test-dir/MiniOzoneClusterImpl-5b64906c-d720-4906-b30c-b6d56a2122fd/datanode-4/data/ratis] (custom)
2019-09-26 21:19:15,728 [pool-67-thread-1] INFO  storage.RaftStorageDirectory (RaftStorageDirectory.java:analyzeStorage(246)) - The storage directory /workdir/hadoop-ozone/ozonefs/target/test-dir/MiniOzoneClusterImpl-5b64906c-d720-4906-b30c-b6d56a2122fd/datanode-4/data/ratis/16b46276-648b-4519-a9d7-4fc7302df2ca does not exist. Creating ...
2019-09-26 21:19:15,741 [pool-67-thread-1] INFO  storage.RaftStorageDirectory (RaftStorageDirectory.java:tryLock(328)) - Lock on /workdir/hadoop-ozone/ozonefs/target/test-dir/MiniOzoneClusterImpl-5b64906c-d720-4906-b30c-b6d56a2122fd/datanode-4/data/ratis/16b46276-648b-4519-a9d7-4fc7302df2ca/in_use.lock acquired by nodename 10701@pr-hdds-1569-g6sp5-2013761785
2019-09-26 21:19:15,754 [pool-67-thread-1] INFO  storage.RaftStorage (RaftStorage.java:format(72)) - Storage directory /workdir/hadoop-ozone/ozonefs/target/test-dir/MiniOzoneClusterImpl-5b64906c-d720-4906-b30c-b6d56a2122fd/datanode-4/data/ratis/16b46276-648b-4519-a9d7-4fc7302df2ca has been successfully formatted.
2019-09-26 21:19:15,754 [pool-67-thread-1] INFO  ratis.ContainerStateMachine (ContainerStateMachine.java:loadSnapshot(230)) - group-4FC7302DF2CA: The snapshot info is null. Setting the last applied indexto:(t:0, i:~)
2019-09-26 21:19:15,754 [pool-67-thread-1] INFO  server.RaftServerConfigKeys (ConfUtils.java:logGet(43)) - raft.server.notification.no-leader.timeout = 120s (custom)
2019-09-26 21:19:15,754 [pool-67-thread-1] INFO  server.RaftServerConfigKeys (ConfUtils.java:logGet(43)) - raft.server.log.use.memory = false (default)
2019-09-26 21:19:15,754 [pool-67-thread-1] INFO  server.RaftServerConfigKeys (ConfUtils.java:logGet(43)) - raft.server.log.purge.gap = 1000000 (custom)
2019-09-26 21:19:15,755 [pool-67-thread-1] INFO  server.RaftServerConfigKeys (ConfUtils.java:logGet(43)) - raft.server.log.appender.buffer.byte-limit = 33554432 (custom)
2019-09-26 21:19:15,755 [pool-67-thread-1] INFO  server.RaftServerConfigKeys (ConfUtils.java:logGet(43)) - raft.server.log.segment.size.max = 1048576 (custom)
2019-09-26 21:19:15,755 [pool-67-thread-1] INFO  server.RaftServerConfigKeys (ConfUtils.java:logGet(43)) - raft.server.log.segment.cache.num.max = 2 (custom)
2019-09-26 21:19:15,755 [pool-67-thread-1] INFO  segmented.SegmentedRaftLogWorker (SegmentedRaftLogWorker.java:<init>(172)) - new da833d8d-e72a-4068-9560-4daa2d83adc2@group-4FC7302DF2CA-SegmentedRaftLogWorker for RaftStorage:Storage Directory /workdir/hadoop-ozone/ozonefs/target/test-dir/MiniOzoneClusterImpl-5b64906c-d720-4906-b30c-b6d56a2122fd/datanode-4/data/ratis/16b46276-648b-4519-a9d7-4fc7302df2ca
2019-09-26 21:19:15,755 [pool-67-thread-1] INFO  server.RaftServerConfigKeys (ConfUtils.java:logGet(43)) - raft.server.log.queue.byte-limit = 2147483647 (custom)
2019-09-26 21:19:15,755 [pool-67-thread-1] INFO  server.RaftServerConfigKeys (ConfUtils.java:logGet(43)) - raft.server.log.queue.element-limit = 1024 (custom)
2019-09-26 21:19:15,755 [pool-67-thread-1] INFO  server.RaftServerConfigKeys (ConfUtils.java:logGet(43)) - raft.server.log.segment.size.max = 1048576 (custom)
2019-09-26 21:19:15,755 [pool-67-thread-1] INFO  server.RaftServerConfigKeys (ConfUtils.java:logGet(43)) - raft.server.log.preallocated.size = 16384 (custom)
2019-09-26 21:19:15,756 [pool-67-thread-1] INFO  server.RaftServerConfigKeys (ConfUtils.java:logGet(43)) - raft.server.log.write.buffer.size = 33554432 (custom)
2019-09-26 21:19:15,756 [pool-67-thread-1] INFO  server.RaftServerConfigKeys (ConfUtils.java:logGet(43)) - raft.server.log.force.sync.num = 128 (default)
2019-09-26 21:19:15,756 [pool-67-thread-1] INFO  server.RaftServerConfigKeys (ConfUtils.java:logGet(43)) - raft.server.log.statemachine.data.sync = true (default)
2019-09-26 21:19:15,756 [pool-67-thread-1] INFO  server.RaftServerConfigKeys (ConfUtils.java:logGet(43)) - raft.server.log.statemachine.data.sync.timeout = 10s (default)
2019-09-26 21:19:15,756 [pool-67-thread-1] INFO  server.RaftServerConfigKeys (ConfUtils.java:logGet(43)) - raft.server.log.statemachine.data.sync.timeout.retry = -1 (default)
2019-09-26 21:19:15,756 [pool-67-thread-1] INFO  server.RaftServerConfigKeys (ConfUtils.java:logGet(43)) - raft.server.log.statemachine.data.caching.enabled = true (custom)
2019-09-26 21:19:15,757 [pool-67-thread-1] INFO  segmented.SegmentedRaftLogWorker (SegmentedRaftLogWorker.java:lambda$new$0(132)) - da833d8d-e72a-4068-9560-4daa2d83adc2@group-4FC7302DF2CA-SegmentedRaftLogWorker: flushIndex: setUnconditionally 0 -> -1
2019-09-26 21:19:15,757 [pool-67-thread-1] INFO  server.RaftServerConfigKeys (ConfUtils.java:logGet(43)) - raft.server.snapshot.auto.trigger.enabled = true (custom)
2019-09-26 21:19:15,757 [pool-67-thread-1] INFO  server.RaftServerConfigKeys (ConfUtils.java:logGet(43)) - raft.server.snapshot.auto.trigger.threshold = 10000 (custom)
2019-09-26 21:19:15,757 [pool-67-thread-1] INFO  server.RaftServerConfigKeys (ConfUtils.java:logGet(43)) - raft.server.snapshot.retention.num.files = 5 (custom)
2019-09-26 21:19:15,757 [pool-67-thread-1] INFO  server.RaftServerConfigKeys (ConfUtils.java:logGet(43)) - raft.server.retrycache.expirytime = 600000ms (custom)
2019-09-26 21:19:15,759 [pool-67-thread-1] INFO  impl.RaftServerImpl (RaftServerImpl.java:start(185)) - da833d8d-e72a-4068-9560-4daa2d83adc2@group-4FC7302DF2CA: start as a follower, conf=-1: [da833d8d-e72a-4068-9560-4daa2d83adc2:192.168.151.99:38903], old=null
2019-09-26 21:19:15,759 [pool-67-thread-1] INFO  impl.RaftServerImpl (RaftServerImpl.java:setRole(174)) - da833d8d-e72a-4068-9560-4daa2d83adc2@group-4FC7302DF2CA: changes role from      null to FOLLOWER at term 0 for startAsFollower
2019-09-26 21:19:15,760 [pool-67-thread-1] INFO  impl.RoleInfo (RoleInfo.java:updateAndGet(143)) - da833d8d-e72a-4068-9560-4daa2d83adc2: start FollowerState
2019-09-26 21:19:15,760 [pool-67-thread-1] INFO  util.JmxRegister (JmxRegister.java:tryRegister(44)) - Successfully registered JMX Bean with object name Ratis:service=RaftServer,group=group-4FC7302DF2CA,id=da833d8d-e72a-4068-9560-4daa2d83adc2
2019-09-26 21:19:15,763 [RatisPipelineUtilsThread] INFO  pipeline.PipelineStateManager (PipelineStateManager.java:addPipeline(56)) - Created pipeline Pipeline[ Id: 16b46276-648b-4519-a9d7-4fc7302df2ca, Nodes: da833d8d-e72a-4068-9560-4daa2d83adc2{ip: 192.168.151.99, host: pr-hdds-1569-g6sp5-2013761785, networkLocation: /default-rack, certSerialId: null}, Type:RATIS, Factor:ONE, State:OPEN]
2019-09-26 21:19:15,768 [grpc-default-executor-3] INFO  impl.RaftServerProxy (RaftServerProxy.java:addNew(89)) - 9ce0b59e-153f-4f41-8aed-492a76d80b48: addNew group-0C8EC243BCC2:[9ce0b59e-153f-4f41-8aed-492a76d80b48:192.168.151.99:34156] returns group-0C8EC243BCC2:java.util.concurrent.CompletableFuture@39f9b644[Not completed]
2019-09-26 21:19:15,770 [pool-27-thread-1] INFO  impl.RaftServerImpl (RaftServerImpl.java:<init>(95)) - 9ce0b59e-153f-4f41-8aed-492a76d80b48: new RaftServerImpl for group-0C8EC243BCC2:[9ce0b59e-153f-4f41-8aed-492a76d80b48:192.168.151.99:34156] with ContainerStateMachine:uninitialized
2019-09-26 21:19:15,770 [pool-27-thread-1] INFO  server.RaftServerConfigKeys (ConfUtils.java:logGet(43)) - raft.server.rpc.timeout.min = 5s (custom)
2019-09-26 21:19:15,770 [pool-27-thread-1] INFO  server.RaftServerConfigKeys (ConfUtils.java:logGet(43)) - raft.server.rpc.timeout.max = 5200ms (custom)
2019-09-26 21:19:15,770 [pool-27-thread-1] INFO  server.RaftServerConfigKeys (ConfUtils.java:logGet(43)) - raft.server.rpcslowness.timeout = 120s (custom)
2019-09-26 21:19:15,770 [pool-27-thread-1] INFO  server.RaftServerConfigKeys (ConfUtils.java:logGet(43)) - raft.server.sleep.deviation.threshold = 300 (default)
2019-09-26 21:19:15,770 [pool-27-thread-1] INFO  server.RaftServerConfigKeys (ConfUtils.java:logGet(43)) - raft.server.log.appender.install.snapshot.enabled = false (custom)
2019-09-26 21:19:15,771 [pool-27-thread-1] INFO  impl.RaftServerImpl (ServerState.java:<init>(103)) - 9ce0b59e-153f-4f41-8aed-492a76d80b48@group-0C8EC243BCC2: ConfigurationManager, init=-1: [9ce0b59e-153f-4f41-8aed-492a76d80b48:192.168.151.99:34156], old=null, confs=<EMPTY_MAP>
2019-09-26 21:19:15,771 [pool-27-thread-1] INFO  server.RaftServerConfigKeys (ConfUtils.java:logGet(43)) - raft.server.storage.dir = [/workdir/hadoop-ozone/ozonefs/target/test-dir/MiniOzoneClusterImpl-5b64906c-d720-4906-b30c-b6d56a2122fd/datanode-0/data/ratis] (custom)
2019-09-26 21:19:15,772 [pool-27-thread-1] INFO  storage.RaftStorageDirectory (RaftStorageDirectory.java:analyzeStorage(246)) - The storage directory /workdir/hadoop-ozone/ozonefs/target/test-dir/MiniOzoneClusterImpl-5b64906c-d720-4906-b30c-b6d56a2122fd/datanode-0/data/ratis/97f59d06-fb0e-478f-b98f-0c8ec243bcc2 does not exist. Creating ...
2019-09-26 21:19:15,784 [pool-27-thread-1] INFO  storage.RaftStorageDirectory (RaftStorageDirectory.java:tryLock(328)) - Lock on /workdir/hadoop-ozone/ozonefs/target/test-dir/MiniOzoneClusterImpl-5b64906c-d720-4906-b30c-b6d56a2122fd/datanode-0/data/ratis/97f59d06-fb0e-478f-b98f-0c8ec243bcc2/in_use.lock acquired by nodename 10701@pr-hdds-1569-g6sp5-2013761785
2019-09-26 21:19:15,797 [pool-27-thread-1] INFO  storage.RaftStorage (RaftStorage.java:format(72)) - Storage directory /workdir/hadoop-ozone/ozonefs/target/test-dir/MiniOzoneClusterImpl-5b64906c-d720-4906-b30c-b6d56a2122fd/datanode-0/data/ratis/97f59d06-fb0e-478f-b98f-0c8ec243bcc2 has been successfully formatted.
2019-09-26 21:19:15,798 [pool-27-thread-1] INFO  ratis.ContainerStateMachine (ContainerStateMachine.java:loadSnapshot(230)) - group-0C8EC243BCC2: The snapshot info is null. Setting the last applied indexto:(t:0, i:~)
2019-09-26 21:19:15,798 [pool-27-thread-1] INFO  server.RaftServerConfigKeys (ConfUtils.java:logGet(43)) - raft.server.notification.no-leader.timeout = 120s (custom)
2019-09-26 21:19:15,798 [pool-27-thread-1] INFO  server.RaftServerConfigKeys (ConfUtils.java:logGet(43)) - raft.server.log.use.memory = false (default)
2019-09-26 21:19:15,798 [pool-27-thread-1] INFO  server.RaftServerConfigKeys (ConfUtils.java:logGet(43)) - raft.server.log.purge.gap = 1000000 (custom)
2019-09-26 21:19:15,798 [pool-27-thread-1] INFO  server.RaftServerConfigKeys (ConfUtils.java:logGet(43)) - raft.server.log.appender.buffer.byte-limit = 33554432 (custom)
2019-09-26 21:19:15,798 [pool-27-thread-1] INFO  server.RaftServerConfigKeys (ConfUtils.java:logGet(43)) - raft.server.log.segment.size.max = 1048576 (custom)
2019-09-26 21:19:15,798 [pool-27-thread-1] INFO  server.RaftServerConfigKeys (ConfUtils.java:logGet(43)) - raft.server.log.segment.cache.num.max = 2 (custom)
2019-09-26 21:19:15,799 [pool-27-thread-1] INFO  segmented.SegmentedRaftLogWorker (SegmentedRaftLogWorker.java:<init>(172)) - new 9ce0b59e-153f-4f41-8aed-492a76d80b48@group-0C8EC243BCC2-SegmentedRaftLogWorker for RaftStorage:Storage Directory /workdir/hadoop-ozone/ozonefs/target/test-dir/MiniOzoneClusterImpl-5b64906c-d720-4906-b30c-b6d56a2122fd/datanode-0/data/ratis/97f59d06-fb0e-478f-b98f-0c8ec243bcc2
2019-09-26 21:19:15,799 [pool-27-thread-1] INFO  server.RaftServerConfigKeys (ConfUtils.java:logGet(43)) - raft.server.log.queue.byte-limit = 2147483647 (custom)
2019-09-26 21:19:15,799 [pool-27-thread-1] INFO  server.RaftServerConfigKeys (ConfUtils.java:logGet(43)) - raft.server.log.queue.element-limit = 1024 (custom)
2019-09-26 21:19:15,799 [pool-27-thread-1] INFO  server.RaftServerConfigKeys (ConfUtils.java:logGet(43)) - raft.server.log.segment.size.max = 1048576 (custom)
2019-09-26 21:19:15,799 [pool-27-thread-1] INFO  server.RaftServerConfigKeys (ConfUtils.java:logGet(43)) - raft.server.log.preallocated.size = 16384 (custom)
2019-09-26 21:19:15,799 [pool-27-thread-1] INFO  server.RaftServerConfigKeys (ConfUtils.java:logGet(43)) - raft.server.log.write.buffer.size = 33554432 (custom)
2019-09-26 21:19:15,800 [pool-27-thread-1] INFO  server.RaftServerConfigKeys (ConfUtils.java:logGet(43)) - raft.server.log.force.sync.num = 128 (default)
2019-09-26 21:19:15,800 [pool-27-thread-1] INFO  server.RaftServerConfigKeys (ConfUtils.java:logGet(43)) - raft.server.log.statemachine.data.sync = true (default)
2019-09-26 21:19:15,800 [pool-27-thread-1] INFO  server.RaftServerConfigKeys (ConfUtils.java:logGet(43)) - raft.server.log.statemachine.data.sync.timeout = 10s (default)
2019-09-26 21:19:15,800 [pool-27-thread-1] INFO  server.RaftServerConfigKeys (ConfUtils.java:logGet(43)) - raft.server.log.statemachine.data.sync.timeout.retry = -1 (default)
2019-09-26 21:19:15,800 [pool-27-thread-1] INFO  server.RaftServerConfigKeys (ConfUtils.java:logGet(43)) - raft.server.log.statemachine.data.caching.enabled = true (custom)
2019-09-26 21:19:15,800 [pool-27-thread-1] INFO  segmented.SegmentedRaftLogWorker (SegmentedRaftLogWorker.java:lambda$new$0(132)) - 9ce0b59e-153f-4f41-8aed-492a76d80b48@group-0C8EC243BCC2-SegmentedRaftLogWorker: flushIndex: setUnconditionally 0 -> -1
2019-09-26 21:19:15,801 [pool-27-thread-1] INFO  server.RaftServerConfigKeys (ConfUtils.java:logGet(43)) - raft.server.snapshot.auto.trigger.enabled = true (custom)
2019-09-26 21:19:15,801 [pool-27-thread-1] INFO  server.RaftServerConfigKeys (ConfUtils.java:logGet(43)) - raft.server.snapshot.auto.trigger.threshold = 10000 (custom)
2019-09-26 21:19:15,801 [pool-27-thread-1] INFO  server.RaftServerConfigKeys (ConfUtils.java:logGet(43)) - raft.server.snapshot.retention.num.files = 5 (custom)
2019-09-26 21:19:15,801 [pool-27-thread-1] INFO  server.RaftServerConfigKeys (ConfUtils.java:logGet(43)) - raft.server.retrycache.expirytime = 600000ms (custom)
2019-09-26 21:19:15,804 [pool-27-thread-1] INFO  impl.RaftServerImpl (RaftServerImpl.java:start(185)) - 9ce0b59e-153f-4f41-8aed-492a76d80b48@group-0C8EC243BCC2: start as a follower, conf=-1: [9ce0b59e-153f-4f41-8aed-492a76d80b48:192.168.151.99:34156], old=null
2019-09-26 21:19:15,804 [pool-27-thread-1] INFO  impl.RaftServerImpl (RaftServerImpl.java:setRole(174)) - 9ce0b59e-153f-4f41-8aed-492a76d80b48@group-0C8EC243BCC2: changes role from      null to FOLLOWER at term 0 for startAsFollower
2019-09-26 21:19:15,804 [pool-27-thread-1] INFO  impl.RoleInfo (RoleInfo.java:updateAndGet(143)) - 9ce0b59e-153f-4f41-8aed-492a76d80b48: start FollowerState
2019-09-26 21:19:15,805 [pool-27-thread-1] INFO  util.JmxRegister (JmxRegister.java:tryRegister(44)) - Successfully registered JMX Bean with object name Ratis:service=RaftServer,group=group-0C8EC243BCC2,id=9ce0b59e-153f-4f41-8aed-492a76d80b48
2019-09-26 21:19:15,807 [RatisPipelineUtilsThread] INFO  pipeline.PipelineStateManager (PipelineStateManager.java:addPipeline(56)) - Created pipeline Pipeline[ Id: 97f59d06-fb0e-478f-b98f-0c8ec243bcc2, Nodes: 9ce0b59e-153f-4f41-8aed-492a76d80b48{ip: 192.168.151.99, host: pr-hdds-1569-g6sp5-2013761785, networkLocation: /default-rack, certSerialId: null}, Type:RATIS, Factor:ONE, State:OPEN]
2019-09-26 21:19:15,813 [grpc-default-executor-3] INFO  impl.RaftServerProxy (RaftServerProxy.java:addNew(89)) - 9ce0b59e-153f-4f41-8aed-492a76d80b48: addNew group-6C47FF3504AD:[9ce0b59e-153f-4f41-8aed-492a76d80b48:192.168.151.99:34156] returns group-6C47FF3504AD:java.util.concurrent.CompletableFuture@44dd6863[Not completed]
2019-09-26 21:19:15,815 [pool-27-thread-1] INFO  impl.RaftServerImpl (RaftServerImpl.java:<init>(95)) - 9ce0b59e-153f-4f41-8aed-492a76d80b48: new RaftServerImpl for group-6C47FF3504AD:[9ce0b59e-153f-4f41-8aed-492a76d80b48:192.168.151.99:34156] with ContainerStateMachine:uninitialized
2019-09-26 21:19:15,815 [pool-27-thread-1] INFO  server.RaftServerConfigKeys (ConfUtils.java:logGet(43)) - raft.server.rpc.timeout.min = 5s (custom)
2019-09-26 21:19:15,815 [pool-27-thread-1] INFO  server.RaftServerConfigKeys (ConfUtils.java:logGet(43)) - raft.server.rpc.timeout.max = 5200ms (custom)
2019-09-26 21:19:15,815 [pool-27-thread-1] INFO  server.RaftServerConfigKeys (ConfUtils.java:logGet(43)) - raft.server.rpcslowness.timeout = 120s (custom)
2019-09-26 21:19:15,815 [pool-27-thread-1] INFO  server.RaftServerConfigKeys (ConfUtils.java:logGet(43)) - raft.server.sleep.deviation.threshold = 300 (default)
2019-09-26 21:19:15,815 [pool-27-thread-1] INFO  server.RaftServerConfigKeys (ConfUtils.java:logGet(43)) - raft.server.log.appender.install.snapshot.enabled = false (custom)
2019-09-26 21:19:15,815 [pool-27-thread-1] INFO  impl.RaftServerImpl (ServerState.java:<init>(103)) - 9ce0b59e-153f-4f41-8aed-492a76d80b48@group-6C47FF3504AD: ConfigurationManager, init=-1: [9ce0b59e-153f-4f41-8aed-492a76d80b48:192.168.151.99:34156], old=null, confs=<EMPTY_MAP>
2019-09-26 21:19:15,816 [pool-27-thread-1] INFO  server.RaftServerConfigKeys (ConfUtils.java:logGet(43)) - raft.server.storage.dir = [/workdir/hadoop-ozone/ozonefs/target/test-dir/MiniOzoneClusterImpl-5b64906c-d720-4906-b30c-b6d56a2122fd/datanode-0/data/ratis] (custom)
2019-09-26 21:19:15,816 [pool-27-thread-1] INFO  storage.RaftStorageDirectory (RaftStorageDirectory.java:analyzeStorage(246)) - The storage directory /workdir/hadoop-ozone/ozonefs/target/test-dir/MiniOzoneClusterImpl-5b64906c-d720-4906-b30c-b6d56a2122fd/datanode-0/data/ratis/5273a1c3-17c2-4a5b-af6e-6c47ff3504ad does not exist. Creating ...
2019-09-26 21:19:15,821 [pool-27-thread-1] INFO  storage.RaftStorageDirectory (RaftStorageDirectory.java:tryLock(328)) - Lock on /workdir/hadoop-ozone/ozonefs/target/test-dir/MiniOzoneClusterImpl-5b64906c-d720-4906-b30c-b6d56a2122fd/datanode-0/data/ratis/5273a1c3-17c2-4a5b-af6e-6c47ff3504ad/in_use.lock acquired by nodename 10701@pr-hdds-1569-g6sp5-2013761785
2019-09-26 21:19:15,851 [pool-27-thread-1] INFO  storage.RaftStorage (RaftStorage.java:format(72)) - Storage directory /workdir/hadoop-ozone/ozonefs/target/test-dir/MiniOzoneClusterImpl-5b64906c-d720-4906-b30c-b6d56a2122fd/datanode-0/data/ratis/5273a1c3-17c2-4a5b-af6e-6c47ff3504ad has been successfully formatted.
2019-09-26 21:19:15,851 [pool-27-thread-1] INFO  ratis.ContainerStateMachine (ContainerStateMachine.java:loadSnapshot(230)) - group-6C47FF3504AD: The snapshot info is null. Setting the last applied indexto:(t:0, i:~)
2019-09-26 21:19:15,852 [pool-27-thread-1] INFO  server.RaftServerConfigKeys (ConfUtils.java:logGet(43)) - raft.server.notification.no-leader.timeout = 120s (custom)
2019-09-26 21:19:15,852 [pool-27-thread-1] INFO  server.RaftServerConfigKeys (ConfUtils.java:logGet(43)) - raft.server.log.use.memory = false (default)
2019-09-26 21:19:15,852 [pool-27-thread-1] INFO  server.RaftServerConfigKeys (ConfUtils.java:logGet(43)) - raft.server.log.purge.gap = 1000000 (custom)
2019-09-26 21:19:15,852 [pool-27-thread-1] INFO  server.RaftServerConfigKeys (ConfUtils.java:logGet(43)) - raft.server.log.appender.buffer.byte-limit = 33554432 (custom)
2019-09-26 21:19:15,852 [pool-27-thread-1] INFO  server.RaftServerConfigKeys (ConfUtils.java:logGet(43)) - raft.server.log.segment.size.max = 1048576 (custom)
2019-09-26 21:19:15,852 [pool-27-thread-1] INFO  server.RaftServerConfigKeys (ConfUtils.java:logGet(43)) - raft.server.log.segment.cache.num.max = 2 (custom)
2019-09-26 21:19:15,852 [pool-27-thread-1] INFO  segmented.SegmentedRaftLogWorker (SegmentedRaftLogWorker.java:<init>(172)) - new 9ce0b59e-153f-4f41-8aed-492a76d80b48@group-6C47FF3504AD-SegmentedRaftLogWorker for RaftStorage:Storage Directory /workdir/hadoop-ozone/ozonefs/target/test-dir/MiniOzoneClusterImpl-5b64906c-d720-4906-b30c-b6d56a2122fd/datanode-0/data/ratis/5273a1c3-17c2-4a5b-af6e-6c47ff3504ad
2019-09-26 21:19:15,853 [pool-27-thread-1] INFO  server.RaftServerConfigKeys (ConfUtils.java:logGet(43)) - raft.server.log.queue.byte-limit = 2147483647 (custom)
2019-09-26 21:19:15,853 [pool-27-thread-1] INFO  server.RaftServerConfigKeys (ConfUtils.java:logGet(43)) - raft.server.log.queue.element-limit = 1024 (custom)
2019-09-26 21:19:15,853 [pool-27-thread-1] INFO  server.RaftServerConfigKeys (ConfUtils.java:logGet(43)) - raft.server.log.segment.size.max = 1048576 (custom)
2019-09-26 21:19:15,853 [pool-27-thread-1] INFO  server.RaftServerConfigKeys (ConfUtils.java:logGet(43)) - raft.server.log.preallocated.size = 16384 (custom)
2019-09-26 21:19:15,853 [pool-27-thread-1] INFO  server.RaftServerConfigKeys (ConfUtils.java:logGet(43)) - raft.server.log.write.buffer.size = 33554432 (custom)
2019-09-26 21:19:15,853 [pool-27-thread-1] INFO  server.RaftServerConfigKeys (ConfUtils.java:logGet(43)) - raft.server.log.force.sync.num = 128 (default)
2019-09-26 21:19:15,854 [pool-27-thread-1] INFO  server.RaftServerConfigKeys (ConfUtils.java:logGet(43)) - raft.server.log.statemachine.data.sync = true (default)
2019-09-26 21:19:15,854 [pool-27-thread-1] INFO  server.RaftServerConfigKeys (ConfUtils.java:logGet(43)) - raft.server.log.statemachine.data.sync.timeout = 10s (default)
2019-09-26 21:19:15,854 [pool-27-thread-1] INFO  server.RaftServerConfigKeys (ConfUtils.java:logGet(43)) - raft.server.log.statemachine.data.sync.timeout.retry = -1 (default)
2019-09-26 21:19:15,854 [pool-27-thread-1] INFO  server.RaftServerConfigKeys (ConfUtils.java:logGet(43)) - raft.server.log.statemachine.data.caching.enabled = true (custom)
2019-09-26 21:19:15,854 [pool-27-thread-1] INFO  segmented.SegmentedRaftLogWorker (SegmentedRaftLogWorker.java:lambda$new$0(132)) - 9ce0b59e-153f-4f41-8aed-492a76d80b48@group-6C47FF3504AD-SegmentedRaftLogWorker: flushIndex: setUnconditionally 0 -> -1
2019-09-26 21:19:15,855 [pool-27-thread-1] INFO  server.RaftServerConfigKeys (ConfUtils.java:logGet(43)) - raft.server.snapshot.auto.trigger.enabled = true (custom)
2019-09-26 21:19:15,855 [pool-27-thread-1] INFO  server.RaftServerConfigKeys (ConfUtils.java:logGet(43)) - raft.server.snapshot.auto.trigger.threshold = 10000 (custom)
2019-09-26 21:19:15,855 [pool-27-thread-1] INFO  server.RaftServerConfigKeys (ConfUtils.java:logGet(43)) - raft.server.snapshot.retention.num.files = 5 (custom)
2019-09-26 21:19:15,855 [pool-27-thread-1] INFO  server.RaftServerConfigKeys (ConfUtils.java:logGet(43)) - raft.server.retrycache.expirytime = 600000ms (custom)
2019-09-26 21:19:15,857 [pool-27-thread-1] INFO  impl.RaftServerImpl (RaftServerImpl.java:start(185)) - 9ce0b59e-153f-4f41-8aed-492a76d80b48@group-6C47FF3504AD: start as a follower, conf=-1: [9ce0b59e-153f-4f41-8aed-492a76d80b48:192.168.151.99:34156], old=null
2019-09-26 21:19:15,857 [pool-27-thread-1] INFO  impl.RaftServerImpl (RaftServerImpl.java:setRole(174)) - 9ce0b59e-153f-4f41-8aed-492a76d80b48@group-6C47FF3504AD: changes role from      null to FOLLOWER at term 0 for startAsFollower
2019-09-26 21:19:15,857 [pool-27-thread-1] INFO  impl.RoleInfo (RoleInfo.java:updateAndGet(143)) - 9ce0b59e-153f-4f41-8aed-492a76d80b48: start FollowerState
2019-09-26 21:19:15,858 [pool-27-thread-1] INFO  util.JmxRegister (JmxRegister.java:tryRegister(44)) - Successfully registered JMX Bean with object name Ratis:service=RaftServer,group=group-6C47FF3504AD,id=9ce0b59e-153f-4f41-8aed-492a76d80b48
2019-09-26 21:19:15,860 [Thread-955] INFO  impl.FollowerState (FollowerState.java:run(106)) - 09112efe-1fad-4539-a04f-c96aef6d2351:group-90252941981A changes to CANDIDATE, lastRpcTime:5073, electionTimeout:5073ms
2019-09-26 21:19:15,860 [Thread-955] INFO  impl.RoleInfo (RoleInfo.java:shutdownFollowerState(121)) - 09112efe-1fad-4539-a04f-c96aef6d2351: shutdown FollowerState
2019-09-26 21:19:15,860 [Thread-955] INFO  impl.RaftServerImpl (RaftServerImpl.java:setRole(174)) - 09112efe-1fad-4539-a04f-c96aef6d2351@group-90252941981A: changes role from  FOLLOWER to CANDIDATE at term 0 for changeToCandidate
2019-09-26 21:19:15,861 [Thread-955] INFO  impl.RoleInfo (RoleInfo.java:updateAndGet(143)) - 09112efe-1fad-4539-a04f-c96aef6d2351: start LeaderElection
2019-09-26 21:19:15,861 [RatisPipelineUtilsThread] INFO  pipeline.PipelineStateManager (PipelineStateManager.java:addPipeline(56)) - Created pipeline Pipeline[ Id: 5273a1c3-17c2-4a5b-af6e-6c47ff3504ad, Nodes: 9ce0b59e-153f-4f41-8aed-492a76d80b48{ip: 192.168.151.99, host: pr-hdds-1569-g6sp5-2013761785, networkLocation: /default-rack, certSerialId: null}, Type:RATIS, Factor:ONE, State:OPEN]
2019-09-26 21:19:15,865 [grpc-default-executor-3] INFO  impl.RaftServerProxy (RaftServerProxy.java:addNew(89)) - 9ce0b59e-153f-4f41-8aed-492a76d80b48: addNew group-BBEF4765CFAF:[9ce0b59e-153f-4f41-8aed-492a76d80b48:192.168.151.99:34156] returns group-BBEF4765CFAF:java.util.concurrent.CompletableFuture@7d721682[Not completed]
2019-09-26 21:19:15,866 [pool-27-thread-1] INFO  impl.RaftServerImpl (RaftServerImpl.java:<init>(95)) - 9ce0b59e-153f-4f41-8aed-492a76d80b48: new RaftServerImpl for group-BBEF4765CFAF:[9ce0b59e-153f-4f41-8aed-492a76d80b48:192.168.151.99:34156] with ContainerStateMachine:uninitialized
2019-09-26 21:19:15,867 [pool-27-thread-1] INFO  server.RaftServerConfigKeys (ConfUtils.java:logGet(43)) - raft.server.rpc.timeout.min = 5s (custom)
2019-09-26 21:19:15,867 [pool-27-thread-1] INFO  server.RaftServerConfigKeys (ConfUtils.java:logGet(43)) - raft.server.rpc.timeout.max = 5200ms (custom)
2019-09-26 21:19:15,867 [pool-27-thread-1] INFO  server.RaftServerConfigKeys (ConfUtils.java:logGet(43)) - raft.server.rpcslowness.timeout = 120s (custom)
2019-09-26 21:19:15,867 [pool-27-thread-1] INFO  server.RaftServerConfigKeys (ConfUtils.java:logGet(43)) - raft.server.sleep.deviation.threshold = 300 (default)
2019-09-26 21:19:15,867 [pool-27-thread-1] INFO  server.RaftServerConfigKeys (ConfUtils.java:logGet(43)) - raft.server.log.appender.install.snapshot.enabled = false (custom)
2019-09-26 21:19:15,867 [pool-27-thread-1] INFO  impl.RaftServerImpl (ServerState.java:<init>(103)) - 9ce0b59e-153f-4f41-8aed-492a76d80b48@group-BBEF4765CFAF: ConfigurationManager, init=-1: [9ce0b59e-153f-4f41-8aed-492a76d80b48:192.168.151.99:34156], old=null, confs=<EMPTY_MAP>
2019-09-26 21:19:15,867 [pool-27-thread-1] INFO  server.RaftServerConfigKeys (ConfUtils.java:logGet(43)) - raft.server.storage.dir = [/workdir/hadoop-ozone/ozonefs/target/test-dir/MiniOzoneClusterImpl-5b64906c-d720-4906-b30c-b6d56a2122fd/datanode-0/data/ratis] (custom)
2019-09-26 21:19:15,868 [pool-27-thread-1] INFO  storage.RaftStorageDirectory (RaftStorageDirectory.java:analyzeStorage(246)) - The storage directory /workdir/hadoop-ozone/ozonefs/target/test-dir/MiniOzoneClusterImpl-5b64906c-d720-4906-b30c-b6d56a2122fd/datanode-0/data/ratis/f675bb1a-fe54-4435-80c1-bbef4765cfaf does not exist. Creating ...
2019-09-26 21:19:15,889 [pool-27-thread-1] INFO  storage.RaftStorageDirectory (RaftStorageDirectory.java:tryLock(328)) - Lock on /workdir/hadoop-ozone/ozonefs/target/test-dir/MiniOzoneClusterImpl-5b64906c-d720-4906-b30c-b6d56a2122fd/datanode-0/data/ratis/f675bb1a-fe54-4435-80c1-bbef4765cfaf/in_use.lock acquired by nodename 10701@pr-hdds-1569-g6sp5-2013761785
2019-09-26 21:19:15,890 [09112efe-1fad-4539-a04f-c96aef6d2351@group-90252941981A:LeaderElection148] INFO  impl.LeaderElection (LeaderElection.java:askForVotes(182)) - 09112efe-1fad-4539-a04f-c96aef6d2351@group-90252941981A:LeaderElection148: begin an election at term 1 for -1: [0c640f50-2bc9-49b6-b785-a27e3116e6ba:192.168.151.99:42361, 9ce0b59e-153f-4f41-8aed-492a76d80b48:192.168.151.99:34156, 09112efe-1fad-4539-a04f-c96aef6d2351:192.168.151.99:45286], old=null
2019-09-26 21:19:15,903 [pool-27-thread-1] INFO  storage.RaftStorage (RaftStorage.java:format(72)) - Storage directory /workdir/hadoop-ozone/ozonefs/target/test-dir/MiniOzoneClusterImpl-5b64906c-d720-4906-b30c-b6d56a2122fd/datanode-0/data/ratis/f675bb1a-fe54-4435-80c1-bbef4765cfaf has been successfully formatted.
2019-09-26 21:19:15,903 [pool-27-thread-1] INFO  ratis.ContainerStateMachine (ContainerStateMachine.java:loadSnapshot(230)) - group-BBEF4765CFAF: The snapshot info is null. Setting the last applied indexto:(t:0, i:~)
2019-09-26 21:19:15,903 [pool-27-thread-1] INFO  server.RaftServerConfigKeys (ConfUtils.java:logGet(43)) - raft.server.notification.no-leader.timeout = 120s (custom)
2019-09-26 21:19:15,903 [pool-27-thread-1] INFO  server.RaftServerConfigKeys (ConfUtils.java:logGet(43)) - raft.server.log.use.memory = false (default)
2019-09-26 21:19:15,903 [pool-27-thread-1] INFO  server.RaftServerConfigKeys (ConfUtils.java:logGet(43)) - raft.server.log.purge.gap = 1000000 (custom)
2019-09-26 21:19:15,903 [pool-27-thread-1] INFO  server.RaftServerConfigKeys (ConfUtils.java:logGet(43)) - raft.server.log.appender.buffer.byte-limit = 33554432 (custom)
2019-09-26 21:19:15,903 [pool-27-thread-1] INFO  server.RaftServerConfigKeys (ConfUtils.java:logGet(43)) - raft.server.log.segment.size.max = 1048576 (custom)
2019-09-26 21:19:15,904 [pool-27-thread-1] INFO  server.RaftServerConfigKeys (ConfUtils.java:logGet(43)) - raft.server.log.segment.cache.num.max = 2 (custom)
2019-09-26 21:19:15,904 [pool-27-thread-1] INFO  segmented.SegmentedRaftLogWorker (SegmentedRaftLogWorker.java:<init>(172)) - new 9ce0b59e-153f-4f41-8aed-492a76d80b48@group-BBEF4765CFAF-SegmentedRaftLogWorker for RaftStorage:Storage Directory /workdir/hadoop-ozone/ozonefs/target/test-dir/MiniOzoneClusterImpl-5b64906c-d720-4906-b30c-b6d56a2122fd/datanode-0/data/ratis/f675bb1a-fe54-4435-80c1-bbef4765cfaf
2019-09-26 21:19:15,904 [pool-27-thread-1] INFO  server.RaftServerConfigKeys (ConfUtils.java:logGet(43)) - raft.server.log.queue.byte-limit = 2147483647 (custom)
2019-09-26 21:19:15,904 [pool-27-thread-1] INFO  server.RaftServerConfigKeys (ConfUtils.java:logGet(43)) - raft.server.log.queue.element-limit = 1024 (custom)
2019-09-26 21:19:15,904 [pool-27-thread-1] INFO  server.RaftServerConfigKeys (ConfUtils.java:logGet(43)) - raft.server.log.segment.size.max = 1048576 (custom)
2019-09-26 21:19:15,904 [pool-27-thread-1] INFO  server.RaftServerConfigKeys (ConfUtils.java:logGet(43)) - raft.server.log.preallocated.size = 16384 (custom)
2019-09-26 21:19:15,904 [pool-27-thread-1] INFO  server.RaftServerConfigKeys (ConfUtils.java:logGet(43)) - raft.server.log.write.buffer.size = 33554432 (custom)
2019-09-26 21:19:15,904 [pool-27-thread-1] INFO  server.RaftServerConfigKeys (ConfUtils.java:logGet(43)) - raft.server.log.force.sync.num = 128 (default)
2019-09-26 21:19:15,904 [pool-27-thread-1] INFO  server.RaftServerConfigKeys (ConfUtils.java:logGet(43)) - raft.server.log.statemachine.data.sync = true (default)
2019-09-26 21:19:15,904 [pool-27-thread-1] INFO  server.RaftServerConfigKeys (ConfUtils.java:logGet(43)) - raft.server.log.statemachine.data.sync.timeout = 10s (default)
2019-09-26 21:19:15,905 [pool-27-thread-1] INFO  server.RaftServerConfigKeys (ConfUtils.java:logGet(43)) - raft.server.log.statemachine.data.sync.timeout.retry = -1 (default)
2019-09-26 21:19:15,905 [pool-27-thread-1] INFO  server.RaftServerConfigKeys (ConfUtils.java:logGet(43)) - raft.server.log.statemachine.data.caching.enabled = true (custom)
2019-09-26 21:19:15,905 [pool-27-thread-1] INFO  segmented.SegmentedRaftLogWorker (SegmentedRaftLogWorker.java:lambda$new$0(132)) - 9ce0b59e-153f-4f41-8aed-492a76d80b48@group-BBEF4765CFAF-SegmentedRaftLogWorker: flushIndex: setUnconditionally 0 -> -1
2019-09-26 21:19:15,905 [pool-27-thread-1] INFO  server.RaftServerConfigKeys (ConfUtils.java:logGet(43)) - raft.server.snapshot.auto.trigger.enabled = true (custom)
2019-09-26 21:19:15,905 [pool-27-thread-1] INFO  server.RaftServerConfigKeys (ConfUtils.java:logGet(43)) - raft.server.snapshot.auto.trigger.threshold = 10000 (custom)
2019-09-26 21:19:15,905 [pool-27-thread-1] INFO  server.RaftServerConfigKeys (ConfUtils.java:logGet(43)) - raft.server.snapshot.retention.num.files = 5 (custom)
2019-09-26 21:19:15,906 [pool-27-thread-1] INFO  server.RaftServerConfigKeys (ConfUtils.java:logGet(43)) - raft.server.retrycache.expirytime = 600000ms (custom)
2019-09-26 21:19:15,908 [pool-27-thread-1] INFO  impl.RaftServerImpl (RaftServerImpl.java:start(185)) - 9ce0b59e-153f-4f41-8aed-492a76d80b48@group-BBEF4765CFAF: start as a follower, conf=-1: [9ce0b59e-153f-4f41-8aed-492a76d80b48:192.168.151.99:34156], old=null
2019-09-26 21:19:15,908 [pool-27-thread-1] INFO  impl.RaftServerImpl (RaftServerImpl.java:setRole(174)) - 9ce0b59e-153f-4f41-8aed-492a76d80b48@group-BBEF4765CFAF: changes role from      null to FOLLOWER at term 0 for startAsFollower
2019-09-26 21:19:15,908 [pool-27-thread-1] INFO  impl.RoleInfo (RoleInfo.java:updateAndGet(143)) - 9ce0b59e-153f-4f41-8aed-492a76d80b48: start FollowerState
2019-09-26 21:19:15,908 [pool-27-thread-1] INFO  util.JmxRegister (JmxRegister.java:tryRegister(44)) - Successfully registered JMX Bean with object name Ratis:service=RaftServer,group=group-BBEF4765CFAF,id=9ce0b59e-153f-4f41-8aed-492a76d80b48
2019-09-26 21:19:15,911 [RatisPipelineUtilsThread] INFO  pipeline.PipelineStateManager (PipelineStateManager.java:addPipeline(56)) - Created pipeline Pipeline[ Id: f675bb1a-fe54-4435-80c1-bbef4765cfaf, Nodes: 9ce0b59e-153f-4f41-8aed-492a76d80b48{ip: 192.168.151.99, host: pr-hdds-1569-g6sp5-2013761785, networkLocation: /default-rack, certSerialId: null}, Type:RATIS, Factor:ONE, State:OPEN]
2019-09-26 21:19:15,912 [grpc-default-executor-3] INFO  impl.RaftServerImpl (RaftServerImpl.java:setRole(174)) - 0c640f50-2bc9-49b6-b785-a27e3116e6ba@group-90252941981A: changes role from  FOLLOWER to FOLLOWER at term 1 for recognizeCandidate:09112efe-1fad-4539-a04f-c96aef6d2351
2019-09-26 21:19:15,912 [grpc-default-executor-2] INFO  impl.RaftServerImpl (RaftServerImpl.java:setRole(174)) - 9ce0b59e-153f-4f41-8aed-492a76d80b48@group-90252941981A: changes role from  FOLLOWER to FOLLOWER at term 1 for recognizeCandidate:09112efe-1fad-4539-a04f-c96aef6d2351
2019-09-26 21:19:15,912 [grpc-default-executor-3] INFO  impl.RoleInfo (RoleInfo.java:shutdownFollowerState(121)) - 0c640f50-2bc9-49b6-b785-a27e3116e6ba: shutdown FollowerState
2019-09-26 21:19:15,913 [grpc-default-executor-2] INFO  impl.RoleInfo (RoleInfo.java:shutdownFollowerState(121)) - 9ce0b59e-153f-4f41-8aed-492a76d80b48: shutdown FollowerState
2019-09-26 21:19:15,913 [grpc-default-executor-3] INFO  impl.RoleInfo (RoleInfo.java:updateAndGet(143)) - 0c640f50-2bc9-49b6-b785-a27e3116e6ba: start FollowerState
2019-09-26 21:19:15,913 [Thread-962] INFO  impl.FollowerState (FollowerState.java:run(115)) - 9ce0b59e-153f-4f41-8aed-492a76d80b48: FollowerState was interrupted: java.lang.InterruptedException: sleep interrupted
2019-09-26 21:19:15,913 [Thread-971] INFO  impl.FollowerState (FollowerState.java:run(115)) - 0c640f50-2bc9-49b6-b785-a27e3116e6ba: FollowerState was interrupted: java.lang.InterruptedException: sleep interrupted
2019-09-26 21:19:15,913 [grpc-default-executor-2] INFO  impl.RoleInfo (RoleInfo.java:updateAndGet(143)) - 9ce0b59e-153f-4f41-8aed-492a76d80b48: start FollowerState
2019-09-26 21:19:15,943 [grpc-default-executor-0] INFO  impl.RaftServerProxy (RaftServerProxy.java:addNew(89)) - 09112efe-1fad-4539-a04f-c96aef6d2351: addNew group-8808E0E383FD:[09112efe-1fad-4539-a04f-c96aef6d2351:192.168.151.99:45286] returns group-8808E0E383FD:java.util.concurrent.CompletableFuture@4b50a306[Not completed]
2019-09-26 21:19:15,945 [pool-47-thread-1] INFO  impl.RaftServerImpl (RaftServerImpl.java:<init>(95)) - 09112efe-1fad-4539-a04f-c96aef6d2351: new RaftServerImpl for group-8808E0E383FD:[09112efe-1fad-4539-a04f-c96aef6d2351:192.168.151.99:45286] with ContainerStateMachine:uninitialized
2019-09-26 21:19:15,945 [pool-47-thread-1] INFO  server.RaftServerConfigKeys (ConfUtils.java:logGet(43)) - raft.server.rpc.timeout.min = 5s (custom)
2019-09-26 21:19:15,945 [pool-47-thread-1] INFO  server.RaftServerConfigKeys (ConfUtils.java:logGet(43)) - raft.server.rpc.timeout.max = 5200ms (custom)
2019-09-26 21:19:15,945 [pool-47-thread-1] INFO  server.RaftServerConfigKeys (ConfUtils.java:logGet(43)) - raft.server.rpcslowness.timeout = 120s (custom)
2019-09-26 21:19:15,945 [pool-47-thread-1] INFO  server.RaftServerConfigKeys (ConfUtils.java:logGet(43)) - raft.server.sleep.deviation.threshold = 300 (default)
2019-09-26 21:19:15,946 [pool-47-thread-1] INFO  server.RaftServerConfigKeys (ConfUtils.java:logGet(43)) - raft.server.log.appender.install.snapshot.enabled = false (custom)
2019-09-26 21:19:15,946 [pool-47-thread-1] INFO  impl.RaftServerImpl (ServerState.java:<init>(103)) - 09112efe-1fad-4539-a04f-c96aef6d2351@group-8808E0E383FD: ConfigurationManager, init=-1: [09112efe-1fad-4539-a04f-c96aef6d2351:192.168.151.99:45286], old=null, confs=<EMPTY_MAP>
2019-09-26 21:19:15,946 [pool-47-thread-1] INFO  server.RaftServerConfigKeys (ConfUtils.java:logGet(43)) - raft.server.storage.dir = [/workdir/hadoop-ozone/ozonefs/target/test-dir/MiniOzoneClusterImpl-5b64906c-d720-4906-b30c-b6d56a2122fd/datanode-2/data/ratis] (custom)
2019-09-26 21:19:15,947 [pool-47-thread-1] INFO  storage.RaftStorageDirectory (RaftStorageDirectory.java:analyzeStorage(246)) - The storage directory /workdir/hadoop-ozone/ozonefs/target/test-dir/MiniOzoneClusterImpl-5b64906c-d720-4906-b30c-b6d56a2122fd/datanode-2/data/ratis/26ef849f-38f9-43fc-a7f9-8808e0e383fd does not exist. Creating ...
2019-09-26 21:19:15,957 [pool-47-thread-1] INFO  storage.RaftStorageDirectory (RaftStorageDirectory.java:tryLock(328)) - Lock on /workdir/hadoop-ozone/ozonefs/target/test-dir/MiniOzoneClusterImpl-5b64906c-d720-4906-b30c-b6d56a2122fd/datanode-2/data/ratis/26ef849f-38f9-43fc-a7f9-8808e0e383fd/in_use.lock acquired by nodename 10701@pr-hdds-1569-g6sp5-2013761785
2019-09-26 21:19:15,969 [09112efe-1fad-4539-a04f-c96aef6d2351@group-90252941981A:LeaderElection148] INFO  impl.LeaderElection (LeaderElection.java:logAndReturn(56)) - 09112efe-1fad-4539-a04f-c96aef6d2351@group-90252941981A:LeaderElection148: Election PASSED; received 1 response(s) [09112efe-1fad-4539-a04f-c96aef6d2351<-0c640f50-2bc9-49b6-b785-a27e3116e6ba#0:OK-t1] and 0 exception(s); 09112efe-1fad-4539-a04f-c96aef6d2351@group-90252941981A:t1, leader=null, voted=09112efe-1fad-4539-a04f-c96aef6d2351, raftlog=09112efe-1fad-4539-a04f-c96aef6d2351@group-90252941981A-SegmentedRaftLog:OPENED:c-1,f-1,i0, conf=-1: [0c640f50-2bc9-49b6-b785-a27e3116e6ba:192.168.151.99:42361, 9ce0b59e-153f-4f41-8aed-492a76d80b48:192.168.151.99:34156, 09112efe-1fad-4539-a04f-c96aef6d2351:192.168.151.99:45286], old=null
2019-09-26 21:19:15,969 [09112efe-1fad-4539-a04f-c96aef6d2351@group-90252941981A:LeaderElection148] INFO  impl.RoleInfo (RoleInfo.java:shutdownLeaderElection(134)) - 09112efe-1fad-4539-a04f-c96aef6d2351: shutdown LeaderElection
2019-09-26 21:19:15,969 [09112efe-1fad-4539-a04f-c96aef6d2351@group-90252941981A:LeaderElection148] INFO  impl.RaftServerImpl (RaftServerImpl.java:setRole(174)) - 09112efe-1fad-4539-a04f-c96aef6d2351@group-90252941981A: changes role from CANDIDATE to LEADER at term 1 for changeToLeader
2019-09-26 21:19:15,970 [09112efe-1fad-4539-a04f-c96aef6d2351@group-90252941981A:LeaderElection148] INFO  impl.RaftServerImpl (ServerState.java:setLeader(253)) - 09112efe-1fad-4539-a04f-c96aef6d2351@group-90252941981A: change Leader from null to 09112efe-1fad-4539-a04f-c96aef6d2351 at term 1 for becomeLeader, leader elected after 8835ms
2019-09-26 21:19:15,970 [09112efe-1fad-4539-a04f-c96aef6d2351@group-90252941981A:LeaderElection148] INFO  server.RaftServerConfigKeys (ConfUtils.java:logGet(43)) - raft.server.staging.catchup.gap = 1000 (default)
2019-09-26 21:19:15,970 [09112efe-1fad-4539-a04f-c96aef6d2351@group-90252941981A:LeaderElection148] INFO  server.RaftServerConfigKeys (ConfUtils.java:logGet(43)) - raft.server.rpc.sleep.time = 25ms (default)
2019-09-26 21:19:15,970 [09112efe-1fad-4539-a04f-c96aef6d2351@group-90252941981A:LeaderElection148] INFO  server.RaftServerConfigKeys (ConfUtils.java:logGet(43)) - raft.server.write.element-limit = 4096 (default)
2019-09-26 21:19:15,970 [09112efe-1fad-4539-a04f-c96aef6d2351@group-90252941981A:LeaderElection148] INFO  server.RaftServerConfigKeys (ConfUtils.java:logGet(43)) - raft.server.watch.timeout = 10s (default)
2019-09-26 21:19:15,971 [09112efe-1fad-4539-a04f-c96aef6d2351@group-90252941981A:LeaderElection148] INFO  server.RaftServerConfigKeys (ConfUtils.java:logGet(43)) - raft.server.watch.timeout.denomination = 1s (default)
2019-09-26 21:19:15,971 [09112efe-1fad-4539-a04f-c96aef6d2351@group-90252941981A:LeaderElection148] INFO  server.RaftServerConfigKeys (ConfUtils.java:logGet(43)) - raft.server.watch.element-limit = 65536 (default)
2019-09-26 21:19:15,976 [09112efe-1fad-4539-a04f-c96aef6d2351@group-90252941981A:LeaderElection148] INFO  server.RaftServerConfigKeys (ConfUtils.java:logGet(43)) - raft.server.log.appender.snapshot.chunk.size.max = 16MB (=16777216) (default)
2019-09-26 21:19:15,976 [09112efe-1fad-4539-a04f-c96aef6d2351@group-90252941981A:LeaderElection148] INFO  server.RaftServerConfigKeys (ConfUtils.java:logGet(43)) - raft.server.log.appender.buffer.byte-limit = 33554432 (custom)
2019-09-26 21:19:15,977 [09112efe-1fad-4539-a04f-c96aef6d2351@group-90252941981A:LeaderElection148] INFO  server.RaftServerConfigKeys (ConfUtils.java:logGet(43)) - raft.server.log.appender.buffer.element-limit = 1 (custom)
2019-09-26 21:19:15,983 [pool-47-thread-1] INFO  storage.RaftStorage (RaftStorage.java:format(72)) - Storage directory /workdir/hadoop-ozone/ozonefs/target/test-dir/MiniOzoneClusterImpl-5b64906c-d720-4906-b30c-b6d56a2122fd/datanode-2/data/ratis/26ef849f-38f9-43fc-a7f9-8808e0e383fd has been successfully formatted.
2019-09-26 21:19:15,987 [09112efe-1fad-4539-a04f-c96aef6d2351@group-90252941981A:LeaderElection148] INFO  grpc.GrpcConfigKeys$Server (ConfUtils.java:logGet(43)) - raft.grpc.server.leader.outstanding.appends.max = 128 (default)
2019-09-26 21:19:15,987 [pool-47-thread-1] INFO  ratis.ContainerStateMachine (ContainerStateMachine.java:loadSnapshot(230)) - group-8808E0E383FD: The snapshot info is null. Setting the last applied indexto:(t:0, i:~)
2019-09-26 21:19:15,987 [09112efe-1fad-4539-a04f-c96aef6d2351@group-90252941981A:LeaderElection148] INFO  server.RaftServerConfigKeys (ConfUtils.java:logGet(43)) - raft.server.rpc.request.timeout = 3000ms (default)
2019-09-26 21:19:15,987 [pool-47-thread-1] INFO  server.RaftServerConfigKeys (ConfUtils.java:logGet(43)) - raft.server.notification.no-leader.timeout = 120s (custom)
2019-09-26 21:19:15,987 [09112efe-1fad-4539-a04f-c96aef6d2351@group-90252941981A:LeaderElection148] INFO  server.RaftServerConfigKeys (ConfUtils.java:logGet(43)) - raft.server.log.appender.install.snapshot.enabled = false (custom)
2019-09-26 21:19:15,987 [pool-47-thread-1] INFO  server.RaftServerConfigKeys (ConfUtils.java:logGet(43)) - raft.server.log.use.memory = false (default)
2019-09-26 21:19:15,988 [pool-47-thread-1] INFO  server.RaftServerConfigKeys (ConfUtils.java:logGet(43)) - raft.server.log.purge.gap = 1000000 (custom)
2019-09-26 21:19:15,988 [pool-47-thread-1] INFO  server.RaftServerConfigKeys (ConfUtils.java:logGet(43)) - raft.server.log.appender.buffer.byte-limit = 33554432 (custom)
2019-09-26 21:19:15,988 [pool-47-thread-1] INFO  server.RaftServerConfigKeys (ConfUtils.java:logGet(43)) - raft.server.log.segment.size.max = 1048576 (custom)
2019-09-26 21:19:15,988 [pool-47-thread-1] INFO  server.RaftServerConfigKeys (ConfUtils.java:logGet(43)) - raft.server.log.segment.cache.num.max = 2 (custom)
2019-09-26 21:19:15,989 [pool-47-thread-1] INFO  segmented.SegmentedRaftLogWorker (SegmentedRaftLogWorker.java:<init>(172)) - new 09112efe-1fad-4539-a04f-c96aef6d2351@group-8808E0E383FD-SegmentedRaftLogWorker for RaftStorage:Storage Directory /workdir/hadoop-ozone/ozonefs/target/test-dir/MiniOzoneClusterImpl-5b64906c-d720-4906-b30c-b6d56a2122fd/datanode-2/data/ratis/26ef849f-38f9-43fc-a7f9-8808e0e383fd
2019-09-26 21:19:15,989 [pool-47-thread-1] INFO  server.RaftServerConfigKeys (ConfUtils.java:logGet(43)) - raft.server.log.queue.byte-limit = 2147483647 (custom)
2019-09-26 21:19:15,989 [pool-47-thread-1] INFO  server.RaftServerConfigKeys (ConfUtils.java:logGet(43)) - raft.server.log.queue.element-limit = 1024 (custom)
2019-09-26 21:19:15,989 [09112efe-1fad-4539-a04f-c96aef6d2351@group-90252941981A:LeaderElection148] INFO  server.RaftServerConfigKeys (ConfUtils.java:logGet(43)) - raft.server.log.appender.snapshot.chunk.size.max = 16MB (=16777216) (default)
2019-09-26 21:19:15,989 [pool-47-thread-1] INFO  server.RaftServerConfigKeys (ConfUtils.java:logGet(43)) - raft.server.log.segment.size.max = 1048576 (custom)
2019-09-26 21:19:15,989 [09112efe-1fad-4539-a04f-c96aef6d2351@group-90252941981A:LeaderElection148] INFO  server.RaftServerConfigKeys (ConfUtils.java:logGet(43)) - raft.server.log.appender.buffer.byte-limit = 33554432 (custom)
2019-09-26 21:19:15,989 [pool-47-thread-1] INFO  server.RaftServerConfigKeys (ConfUtils.java:logGet(43)) - raft.server.log.preallocated.size = 16384 (custom)
2019-09-26 21:19:15,990 [09112efe-1fad-4539-a04f-c96aef6d2351@group-90252941981A:LeaderElection148] INFO  server.RaftServerConfigKeys (ConfUtils.java:logGet(43)) - raft.server.log.appender.buffer.element-limit = 1 (custom)
2019-09-26 21:19:15,990 [pool-47-thread-1] INFO  server.RaftServerConfigKeys (ConfUtils.java:logGet(43)) - raft.server.log.write.buffer.size = 33554432 (custom)
2019-09-26 21:19:15,990 [09112efe-1fad-4539-a04f-c96aef6d2351@group-90252941981A:LeaderElection148] INFO  grpc.GrpcConfigKeys$Server (ConfUtils.java:logGet(43)) - raft.grpc.server.leader.outstanding.appends.max = 128 (default)
2019-09-26 21:19:15,990 [pool-47-thread-1] INFO  server.RaftServerConfigKeys (ConfUtils.java:logGet(43)) - raft.server.log.force.sync.num = 128 (default)
2019-09-26 21:19:15,990 [09112efe-1fad-4539-a04f-c96aef6d2351@group-90252941981A:LeaderElection148] INFO  server.RaftServerConfigKeys (ConfUtils.java:logGet(43)) - raft.server.rpc.request.timeout = 3000ms (default)
2019-09-26 21:19:15,990 [pool-47-thread-1] INFO  server.RaftServerConfigKeys (ConfUtils.java:logGet(43)) - raft.server.log.statemachine.data.sync = true (default)
2019-09-26 21:19:15,991 [09112efe-1fad-4539-a04f-c96aef6d2351@group-90252941981A:LeaderElection148] INFO  server.RaftServerConfigKeys (ConfUtils.java:logGet(43)) - raft.server.log.appender.install.snapshot.enabled = false (custom)
2019-09-26 21:19:15,991 [pool-47-thread-1] INFO  server.RaftServerConfigKeys (ConfUtils.java:logGet(43)) - raft.server.log.statemachine.data.sync.timeout = 10s (default)
2019-09-26 21:19:15,991 [pool-47-thread-1] INFO  server.RaftServerConfigKeys (ConfUtils.java:logGet(43)) - raft.server.log.statemachine.data.sync.timeout.retry = -1 (default)
2019-09-26 21:19:15,991 [pool-47-thread-1] INFO  server.RaftServerConfigKeys (ConfUtils.java:logGet(43)) - raft.server.log.statemachine.data.caching.enabled = true (custom)
2019-09-26 21:19:15,992 [pool-47-thread-1] INFO  segmented.SegmentedRaftLogWorker (SegmentedRaftLogWorker.java:lambda$new$0(132)) - 09112efe-1fad-4539-a04f-c96aef6d2351@group-8808E0E383FD-SegmentedRaftLogWorker: flushIndex: setUnconditionally 0 -> -1
2019-09-26 21:19:15,992 [pool-47-thread-1] INFO  server.RaftServerConfigKeys (ConfUtils.java:logGet(43)) - raft.server.snapshot.auto.trigger.enabled = true (custom)
2019-09-26 21:19:15,992 [pool-47-thread-1] INFO  server.RaftServerConfigKeys (ConfUtils.java:logGet(43)) - raft.server.snapshot.auto.trigger.threshold = 10000 (custom)
2019-09-26 21:19:15,992 [pool-47-thread-1] INFO  server.RaftServerConfigKeys (ConfUtils.java:logGet(43)) - raft.server.snapshot.retention.num.files = 5 (custom)
2019-09-26 21:19:15,993 [pool-47-thread-1] INFO  server.RaftServerConfigKeys (ConfUtils.java:logGet(43)) - raft.server.retrycache.expirytime = 600000ms (custom)
2019-09-26 21:19:15,993 [09112efe-1fad-4539-a04f-c96aef6d2351@group-90252941981A:LeaderElection148] INFO  impl.RoleInfo (RoleInfo.java:updateAndGet(143)) - 09112efe-1fad-4539-a04f-c96aef6d2351: start LeaderState
2019-09-26 21:19:15,993 [09112efe-1fad-4539-a04f-c96aef6d2351@group-90252941981A:LeaderElection148] INFO  segmented.SegmentedRaftLogWorker (SegmentedRaftLogWorker.java:startLogSegment(380)) - 09112efe-1fad-4539-a04f-c96aef6d2351@group-90252941981A-SegmentedRaftLogWorker: Starting segment from index:0
2019-09-26 21:19:16,582 [09112efe-1fad-4539-a04f-c96aef6d2351@group-90252941981A:LeaderElection148] INFO  impl.RaftServerImpl (ServerState.java:setRaftConf(354)) - 09112efe-1fad-4539-a04f-c96aef6d2351@group-90252941981A: set configuration 0: [0c640f50-2bc9-49b6-b785-a27e3116e6ba:192.168.151.99:42361, 9ce0b59e-153f-4f41-8aed-492a76d80b48:192.168.151.99:34156, 09112efe-1fad-4539-a04f-c96aef6d2351:192.168.151.99:45286], old=null at 0
2019-09-26 21:19:16,582 [pool-47-thread-1] INFO  impl.RaftServerImpl (RaftServerImpl.java:start(185)) - 09112efe-1fad-4539-a04f-c96aef6d2351@group-8808E0E383FD: start as a follower, conf=-1: [09112efe-1fad-4539-a04f-c96aef6d2351:192.168.151.99:45286], old=null
2019-09-26 21:19:16,582 [pool-47-thread-1] INFO  impl.RaftServerImpl (RaftServerImpl.java:setRole(174)) - 09112efe-1fad-4539-a04f-c96aef6d2351@group-8808E0E383FD: changes role from      null to FOLLOWER at term 0 for startAsFollower
2019-09-26 21:19:16,582 [pool-47-thread-1] INFO  impl.RoleInfo (RoleInfo.java:updateAndGet(143)) - 09112efe-1fad-4539-a04f-c96aef6d2351: start FollowerState
2019-09-26 21:19:16,583 [pool-47-thread-1] INFO  util.JmxRegister (JmxRegister.java:tryRegister(44)) - Successfully registered JMX Bean with object name Ratis:service=RaftServer,group=group-8808E0E383FD,id=09112efe-1fad-4539-a04f-c96aef6d2351
2019-09-26 21:19:16,592 [RatisPipelineUtilsThread] INFO  pipeline.PipelineStateManager (PipelineStateManager.java:addPipeline(56)) - Created pipeline Pipeline[ Id: 26ef849f-38f9-43fc-a7f9-8808e0e383fd, Nodes: 09112efe-1fad-4539-a04f-c96aef6d2351{ip: 192.168.151.99, host: pr-hdds-1569-g6sp5-2013761785, networkLocation: /default-rack, certSerialId: null}, Type:RATIS, Factor:ONE, State:OPEN]
2019-09-26 21:19:16,597 [grpc-default-executor-2] INFO  impl.RaftServerProxy (RaftServerProxy.java:addNew(89)) - da833d8d-e72a-4068-9560-4daa2d83adc2: addNew group-2250387AFD51:[da833d8d-e72a-4068-9560-4daa2d83adc2:192.168.151.99:38903] returns group-2250387AFD51:java.util.concurrent.CompletableFuture@3d2ee079[Not completed]
2019-09-26 21:19:16,599 [pool-67-thread-1] INFO  impl.RaftServerImpl (RaftServerImpl.java:<init>(95)) - da833d8d-e72a-4068-9560-4daa2d83adc2: new RaftServerImpl for group-2250387AFD51:[da833d8d-e72a-4068-9560-4daa2d83adc2:192.168.151.99:38903] with ContainerStateMachine:uninitialized
2019-09-26 21:19:16,599 [pool-67-thread-1] INFO  server.RaftServerConfigKeys (ConfUtils.java:logGet(43)) - raft.server.rpc.timeout.min = 5s (custom)
2019-09-26 21:19:16,599 [pool-67-thread-1] INFO  server.RaftServerConfigKeys (ConfUtils.java:logGet(43)) - raft.server.rpc.timeout.max = 5200ms (custom)
2019-09-26 21:19:16,599 [pool-67-thread-1] INFO  server.RaftServerConfigKeys (ConfUtils.java:logGet(43)) - raft.server.rpcslowness.timeout = 120s (custom)
2019-09-26 21:19:16,599 [pool-67-thread-1] INFO  server.RaftServerConfigKeys (ConfUtils.java:logGet(43)) - raft.server.sleep.deviation.threshold = 300 (default)
2019-09-26 21:19:16,600 [pool-67-thread-1] INFO  server.RaftServerConfigKeys (ConfUtils.java:logGet(43)) - raft.server.log.appender.install.snapshot.enabled = false (custom)
2019-09-26 21:19:16,600 [pool-67-thread-1] INFO  impl.RaftServerImpl (ServerState.java:<init>(103)) - da833d8d-e72a-4068-9560-4daa2d83adc2@group-2250387AFD51: ConfigurationManager, init=-1: [da833d8d-e72a-4068-9560-4daa2d83adc2:192.168.151.99:38903], old=null, confs=<EMPTY_MAP>
2019-09-26 21:19:16,600 [pool-67-thread-1] INFO  server.RaftServerConfigKeys (ConfUtils.java:logGet(43)) - raft.server.storage.dir = [/workdir/hadoop-ozone/ozonefs/target/test-dir/MiniOzoneClusterImpl-5b64906c-d720-4906-b30c-b6d56a2122fd/datanode-4/data/ratis] (custom)
2019-09-26 21:19:16,601 [pool-67-thread-1] INFO  storage.RaftStorageDirectory (RaftStorageDirectory.java:analyzeStorage(246)) - The storage directory /workdir/hadoop-ozone/ozonefs/target/test-dir/MiniOzoneClusterImpl-5b64906c-d720-4906-b30c-b6d56a2122fd/datanode-4/data/ratis/240f5fbc-b1d3-4f23-965d-2250387afd51 does not exist. Creating ...
2019-09-26 21:19:16,615 [pool-67-thread-1] INFO  storage.RaftStorageDirectory (RaftStorageDirectory.java:tryLock(328)) - Lock on /workdir/hadoop-ozone/ozonefs/target/test-dir/MiniOzoneClusterImpl-5b64906c-d720-4906-b30c-b6d56a2122fd/datanode-4/data/ratis/240f5fbc-b1d3-4f23-965d-2250387afd51/in_use.lock acquired by nodename 10701@pr-hdds-1569-g6sp5-2013761785
2019-09-26 21:19:16,621 [grpc-default-executor-3] INFO  impl.RaftServerImpl (ServerState.java:setLeader(253)) - 9ce0b59e-153f-4f41-8aed-492a76d80b48@group-90252941981A: change Leader from null to 09112efe-1fad-4539-a04f-c96aef6d2351 at term 1 for appendEntries, leader elected after 12258ms
2019-09-26 21:19:16,621 [grpc-default-executor-2] INFO  impl.RaftServerImpl (ServerState.java:setLeader(253)) - 0c640f50-2bc9-49b6-b785-a27e3116e6ba@group-90252941981A: change Leader from null to 09112efe-1fad-4539-a04f-c96aef6d2351 at term 1 for appendEntries, leader elected after 9495ms
2019-09-26 21:19:16,636 [pool-67-thread-1] INFO  storage.RaftStorage (RaftStorage.java:format(72)) - Storage directory /workdir/hadoop-ozone/ozonefs/target/test-dir/MiniOzoneClusterImpl-5b64906c-d720-4906-b30c-b6d56a2122fd/datanode-4/data/ratis/240f5fbc-b1d3-4f23-965d-2250387afd51 has been successfully formatted.
2019-09-26 21:19:16,636 [pool-67-thread-1] INFO  ratis.ContainerStateMachine (ContainerStateMachine.java:loadSnapshot(230)) - group-2250387AFD51: The snapshot info is null. Setting the last applied indexto:(t:0, i:~)
2019-09-26 21:19:16,636 [pool-67-thread-1] INFO  server.RaftServerConfigKeys (ConfUtils.java:logGet(43)) - raft.server.notification.no-leader.timeout = 120s (custom)
2019-09-26 21:19:16,636 [pool-67-thread-1] INFO  server.RaftServerConfigKeys (ConfUtils.java:logGet(43)) - raft.server.log.use.memory = false (default)
2019-09-26 21:19:16,636 [pool-67-thread-1] INFO  server.RaftServerConfigKeys (ConfUtils.java:logGet(43)) - raft.server.log.purge.gap = 1000000 (custom)
2019-09-26 21:19:16,637 [pool-67-thread-1] INFO  server.RaftServerConfigKeys (ConfUtils.java:logGet(43)) - raft.server.log.appender.buffer.byte-limit = 33554432 (custom)
2019-09-26 21:19:16,637 [pool-67-thread-1] INFO  server.RaftServerConfigKeys (ConfUtils.java:logGet(43)) - raft.server.log.segment.size.max = 1048576 (custom)
2019-09-26 21:19:16,637 [pool-67-thread-1] INFO  server.RaftServerConfigKeys (ConfUtils.java:logGet(43)) - raft.server.log.segment.cache.num.max = 2 (custom)
2019-09-26 21:19:16,637 [pool-67-thread-1] INFO  segmented.SegmentedRaftLogWorker (SegmentedRaftLogWorker.java:<init>(172)) - new da833d8d-e72a-4068-9560-4daa2d83adc2@group-2250387AFD51-SegmentedRaftLogWorker for RaftStorage:Storage Directory /workdir/hadoop-ozone/ozonefs/target/test-dir/MiniOzoneClusterImpl-5b64906c-d720-4906-b30c-b6d56a2122fd/datanode-4/data/ratis/240f5fbc-b1d3-4f23-965d-2250387afd51
2019-09-26 21:19:16,637 [pool-67-thread-1] INFO  server.RaftServerConfigKeys (ConfUtils.java:logGet(43)) - raft.server.log.queue.byte-limit = 2147483647 (custom)
2019-09-26 21:19:16,637 [pool-67-thread-1] INFO  server.RaftServerConfigKeys (ConfUtils.java:logGet(43)) - raft.server.log.queue.element-limit = 1024 (custom)
2019-09-26 21:19:16,637 [pool-67-thread-1] INFO  server.RaftServerConfigKeys (ConfUtils.java:logGet(43)) - raft.server.log.segment.size.max = 1048576 (custom)
2019-09-26 21:19:16,637 [pool-67-thread-1] INFO  server.RaftServerConfigKeys (ConfUtils.java:logGet(43)) - raft.server.log.preallocated.size = 16384 (custom)
2019-09-26 21:19:16,638 [pool-67-thread-1] INFO  server.RaftServerConfigKeys (ConfUtils.java:logGet(43)) - raft.server.log.write.buffer.size = 33554432 (custom)
2019-09-26 21:19:16,638 [pool-67-thread-1] INFO  server.RaftServerConfigKeys (ConfUtils.java:logGet(43)) - raft.server.log.force.sync.num = 128 (default)
2019-09-26 21:19:16,638 [pool-67-thread-1] INFO  server.RaftServerConfigKeys (ConfUtils.java:logGet(43)) - raft.server.log.statemachine.data.sync = true (default)
2019-09-26 21:19:16,638 [pool-67-thread-1] INFO  server.RaftServerConfigKeys (ConfUtils.java:logGet(43)) - raft.server.log.statemachine.data.sync.timeout = 10s (default)
2019-09-26 21:19:16,638 [pool-67-thread-1] INFO  server.RaftServerConfigKeys (ConfUtils.java:logGet(43)) - raft.server.log.statemachine.data.sync.timeout.retry = -1 (default)
2019-09-26 21:19:16,638 [pool-67-thread-1] INFO  server.RaftServerConfigKeys (ConfUtils.java:logGet(43)) - raft.server.log.statemachine.data.caching.enabled = true (custom)
2019-09-26 21:19:16,639 [pool-67-thread-1] INFO  segmented.SegmentedRaftLogWorker (SegmentedRaftLogWorker.java:lambda$new$0(132)) - da833d8d-e72a-4068-9560-4daa2d83adc2@group-2250387AFD51-SegmentedRaftLogWorker: flushIndex: setUnconditionally 0 -> -1
2019-09-26 21:19:16,639 [pool-67-thread-1] INFO  server.RaftServerConfigKeys (ConfUtils.java:logGet(43)) - raft.server.snapshot.auto.trigger.enabled = true (custom)
2019-09-26 21:19:16,639 [pool-67-thread-1] INFO  server.RaftServerConfigKeys (ConfUtils.java:logGet(43)) - raft.server.snapshot.auto.trigger.threshold = 10000 (custom)
2019-09-26 21:19:16,639 [pool-67-thread-1] INFO  server.RaftServerConfigKeys (ConfUtils.java:logGet(43)) - raft.server.snapshot.retention.num.files = 5 (custom)
2019-09-26 21:19:16,639 [pool-67-thread-1] INFO  server.RaftServerConfigKeys (ConfUtils.java:logGet(43)) - raft.server.retrycache.expirytime = 600000ms (custom)
2019-09-26 21:19:16,641 [pool-67-thread-1] INFO  impl.RaftServerImpl (RaftServerImpl.java:start(185)) - da833d8d-e72a-4068-9560-4daa2d83adc2@group-2250387AFD51: start as a follower, conf=-1: [da833d8d-e72a-4068-9560-4daa2d83adc2:192.168.151.99:38903], old=null
2019-09-26 21:19:16,641 [pool-67-thread-1] INFO  impl.RaftServerImpl (RaftServerImpl.java:setRole(174)) - da833d8d-e72a-4068-9560-4daa2d83adc2@group-2250387AFD51: changes role from      null to FOLLOWER at term 0 for startAsFollower
2019-09-26 21:19:16,641 [pool-67-thread-1] INFO  impl.RoleInfo (RoleInfo.java:updateAndGet(143)) - da833d8d-e72a-4068-9560-4daa2d83adc2: start FollowerState
2019-09-26 21:19:16,645 [pool-67-thread-1] INFO  util.JmxRegister (JmxRegister.java:tryRegister(44)) - Successfully registered JMX Bean with object name Ratis:service=RaftServer,group=group-2250387AFD51,id=da833d8d-e72a-4068-9560-4daa2d83adc2
2019-09-26 21:19:16,647 [RatisPipelineUtilsThread] INFO  pipeline.PipelineStateManager (PipelineStateManager.java:addPipeline(56)) - Created pipeline Pipeline[ Id: 240f5fbc-b1d3-4f23-965d-2250387afd51, Nodes: da833d8d-e72a-4068-9560-4daa2d83adc2{ip: 192.168.151.99, host: pr-hdds-1569-g6sp5-2013761785, networkLocation: /default-rack, certSerialId: null}, Type:RATIS, Factor:ONE, State:OPEN]
2019-09-26 21:19:16,660 [grpc-default-executor-2] INFO  impl.RaftServerProxy (RaftServerProxy.java:addNew(89)) - 9ce0b59e-153f-4f41-8aed-492a76d80b48: addNew group-99F158122B1E:[9ce0b59e-153f-4f41-8aed-492a76d80b48:192.168.151.99:34156] returns group-99F158122B1E:java.util.concurrent.CompletableFuture@4f3e2b25[Not completed]
2019-09-26 21:19:16,661 [pool-27-thread-1] INFO  impl.RaftServerImpl (RaftServerImpl.java:<init>(95)) - 9ce0b59e-153f-4f41-8aed-492a76d80b48: new RaftServerImpl for group-99F158122B1E:[9ce0b59e-153f-4f41-8aed-492a76d80b48:192.168.151.99:34156] with ContainerStateMachine:uninitialized
2019-09-26 21:19:16,661 [pool-27-thread-1] INFO  server.RaftServerConfigKeys (ConfUtils.java:logGet(43)) - raft.server.rpc.timeout.min = 5s (custom)
2019-09-26 21:19:16,662 [pool-27-thread-1] INFO  server.RaftServerConfigKeys (ConfUtils.java:logGet(43)) - raft.server.rpc.timeout.max = 5200ms (custom)
2019-09-26 21:19:16,662 [pool-27-thread-1] INFO  server.RaftServerConfigKeys (ConfUtils.java:logGet(43)) - raft.server.rpcslowness.timeout = 120s (custom)
2019-09-26 21:19:16,662 [pool-27-thread-1] INFO  server.RaftServerConfigKeys (ConfUtils.java:logGet(43)) - raft.server.sleep.deviation.threshold = 300 (default)
2019-09-26 21:19:16,662 [pool-27-thread-1] INFO  server.RaftServerConfigKeys (ConfUtils.java:logGet(43)) - raft.server.log.appender.install.snapshot.enabled = false (custom)
2019-09-26 21:19:16,662 [pool-27-thread-1] INFO  impl.RaftServerImpl (ServerState.java:<init>(103)) - 9ce0b59e-153f-4f41-8aed-492a76d80b48@group-99F158122B1E: ConfigurationManager, init=-1: [9ce0b59e-153f-4f41-8aed-492a76d80b48:192.168.151.99:34156], old=null, confs=<EMPTY_MAP>
2019-09-26 21:19:16,662 [pool-27-thread-1] INFO  server.RaftServerConfigKeys (ConfUtils.java:logGet(43)) - raft.server.storage.dir = [/workdir/hadoop-ozone/ozonefs/target/test-dir/MiniOzoneClusterImpl-5b64906c-d720-4906-b30c-b6d56a2122fd/datanode-0/data/ratis] (custom)
2019-09-26 21:19:16,663 [pool-27-thread-1] INFO  storage.RaftStorageDirectory (RaftStorageDirectory.java:analyzeStorage(246)) - The storage directory /workdir/hadoop-ozone/ozonefs/target/test-dir/MiniOzoneClusterImpl-5b64906c-d720-4906-b30c-b6d56a2122fd/datanode-0/data/ratis/2d6d86b7-9f78-4302-a3e7-99f158122b1e does not exist. Creating ...
2019-09-26 21:19:16,668 [grpc-default-executor-3] INFO  impl.RaftServerImpl (ServerState.java:setRaftConf(354)) - 9ce0b59e-153f-4f41-8aed-492a76d80b48@group-90252941981A: set configuration 0: [0c640f50-2bc9-49b6-b785-a27e3116e6ba:192.168.151.99:42361, 9ce0b59e-153f-4f41-8aed-492a76d80b48:192.168.151.99:34156, 09112efe-1fad-4539-a04f-c96aef6d2351:192.168.151.99:45286], old=null at 0
2019-09-26 21:19:16,668 [grpc-default-executor-2] INFO  impl.RaftServerImpl (ServerState.java:setRaftConf(354)) - 0c640f50-2bc9-49b6-b785-a27e3116e6ba@group-90252941981A: set configuration 0: [0c640f50-2bc9-49b6-b785-a27e3116e6ba:192.168.151.99:42361, 9ce0b59e-153f-4f41-8aed-492a76d80b48:192.168.151.99:34156, 09112efe-1fad-4539-a04f-c96aef6d2351:192.168.151.99:45286], old=null at 0
2019-09-26 21:19:16,668 [grpc-default-executor-3] INFO  segmented.SegmentedRaftLogWorker (SegmentedRaftLogWorker.java:startLogSegment(380)) - 9ce0b59e-153f-4f41-8aed-492a76d80b48@group-90252941981A-SegmentedRaftLogWorker: Starting segment from index:0
2019-09-26 21:19:16,668 [grpc-default-executor-2] INFO  segmented.SegmentedRaftLogWorker (SegmentedRaftLogWorker.java:startLogSegment(380)) - 0c640f50-2bc9-49b6-b785-a27e3116e6ba@group-90252941981A-SegmentedRaftLogWorker: Starting segment from index:0
2019-09-26 21:19:17,055 [Thread-976] INFO  impl.FollowerState (FollowerState.java:run(106)) - 1178c3ae-d0b4-4d44-b144-fe8504cc41ac:group-52417DAB7C97 changes to CANDIDATE, lastRpcTime:5074, electionTimeout:5054ms
2019-09-26 21:19:17,055 [Thread-965] INFO  impl.FollowerState (FollowerState.java:run(106)) - da833d8d-e72a-4068-9560-4daa2d83adc2:group-255437930481 changes to CANDIDATE, lastRpcTime:5128, electionTimeout:5084ms
2019-09-26 21:19:17,055 [Thread-976] INFO  impl.RoleInfo (RoleInfo.java:shutdownFollowerState(121)) - 1178c3ae-d0b4-4d44-b144-fe8504cc41ac: shutdown FollowerState
2019-09-26 21:19:17,055 [Thread-965] INFO  impl.RoleInfo (RoleInfo.java:shutdownFollowerState(121)) - da833d8d-e72a-4068-9560-4daa2d83adc2: shutdown FollowerState
2019-09-26 21:19:17,055 [Thread-968] INFO  impl.FollowerState (FollowerState.java:run(106)) - 9ce0b59e-153f-4f41-8aed-492a76d80b48:group-255437930481 changes to CANDIDATE, lastRpcTime:5127, electionTimeout:5064ms
2019-09-26 21:19:17,055 [Thread-973] INFO  impl.FollowerState (FollowerState.java:run(106)) - 0c640f50-2bc9-49b6-b785-a27e3116e6ba:group-255437930481 changes to CANDIDATE, lastRpcTime:5103, electionTimeout:5047ms
2019-09-26 21:19:17,056 [Thread-968] INFO  impl.RoleInfo (RoleInfo.java:shutdownFollowerState(121)) - 9ce0b59e-153f-4f41-8aed-492a76d80b48: shutdown FollowerState
2019-09-26 21:19:17,056 [Thread-973] INFO  impl.RoleInfo (RoleInfo.java:shutdownFollowerState(121)) - 0c640f50-2bc9-49b6-b785-a27e3116e6ba: shutdown FollowerState
2019-09-26 21:19:17,056 [Thread-976] INFO  impl.RaftServerImpl (RaftServerImpl.java:setRole(174)) - 1178c3ae-d0b4-4d44-b144-fe8504cc41ac@group-52417DAB7C97: changes role from  FOLLOWER to CANDIDATE at term 0 for changeToCandidate
2019-09-26 21:19:17,056 [Thread-973] INFO  impl.RaftServerImpl (RaftServerImpl.java:setRole(174)) - 0c640f50-2bc9-49b6-b785-a27e3116e6ba@group-255437930481: changes role from  FOLLOWER to CANDIDATE at term 0 for changeToCandidate
2019-09-26 21:19:17,056 [Thread-968] INFO  impl.RaftServerImpl (RaftServerImpl.java:setRole(174)) - 9ce0b59e-153f-4f41-8aed-492a76d80b48@group-255437930481: changes role from  FOLLOWER to CANDIDATE at term 0 for changeToCandidate
2019-09-26 21:19:17,056 [Thread-965] INFO  impl.RaftServerImpl (RaftServerImpl.java:setRole(174)) - da833d8d-e72a-4068-9560-4daa2d83adc2@group-255437930481: changes role from  FOLLOWER to CANDIDATE at term 0 for changeToCandidate
2019-09-26 21:19:17,056 [Thread-973] INFO  impl.RoleInfo (RoleInfo.java:updateAndGet(143)) - 0c640f50-2bc9-49b6-b785-a27e3116e6ba: start LeaderElection
2019-09-26 21:19:17,056 [Thread-976] INFO  impl.RoleInfo (RoleInfo.java:updateAndGet(143)) - 1178c3ae-d0b4-4d44-b144-fe8504cc41ac: start LeaderElection
2019-09-26 21:19:17,056 [Thread-968] INFO  impl.RoleInfo (RoleInfo.java:updateAndGet(143)) - 9ce0b59e-153f-4f41-8aed-492a76d80b48: start LeaderElection
2019-09-26 21:19:17,056 [Thread-965] INFO  impl.RoleInfo (RoleInfo.java:updateAndGet(143)) - da833d8d-e72a-4068-9560-4daa2d83adc2: start LeaderElection
2019-09-26 21:19:17,056 [Thread-961] INFO  impl.FollowerState (FollowerState.java:run(106)) - 1178c3ae-d0b4-4d44-b144-fe8504cc41ac:group-4036A4827E18 changes to CANDIDATE, lastRpcTime:5130, electionTimeout:5030ms
2019-09-26 21:19:17,057 [Thread-961] INFO  impl.RoleInfo (RoleInfo.java:shutdownFollowerState(121)) - 1178c3ae-d0b4-4d44-b144-fe8504cc41ac: shutdown FollowerState
2019-09-26 21:19:17,057 [Thread-961] INFO  impl.RaftServerImpl (RaftServerImpl.java:setRole(174)) - 1178c3ae-d0b4-4d44-b144-fe8504cc41ac@group-4036A4827E18: changes role from  FOLLOWER to CANDIDATE at term 0 for changeToCandidate
2019-09-26 21:19:17,057 [Thread-961] INFO  impl.RoleInfo (RoleInfo.java:updateAndGet(143)) - 1178c3ae-d0b4-4d44-b144-fe8504cc41ac: start LeaderElection
2019-09-26 21:19:17,067 [Thread-960] INFO  impl.FollowerState (FollowerState.java:run(106)) - da833d8d-e72a-4068-9560-4daa2d83adc2:group-6AC811BBC42F changes to CANDIDATE, lastRpcTime:5141, electionTimeout:5141ms
2019-09-26 21:19:17,067 [Thread-960] INFO  impl.RoleInfo (RoleInfo.java:shutdownFollowerState(121)) - da833d8d-e72a-4068-9560-4daa2d83adc2: shutdown FollowerState
2019-09-26 21:19:17,067 [Thread-960] INFO  impl.RaftServerImpl (RaftServerImpl.java:setRole(174)) - da833d8d-e72a-4068-9560-4daa2d83adc2@group-6AC811BBC42F: changes role from  FOLLOWER to CANDIDATE at term 0 for changeToCandidate
2019-09-26 21:19:17,068 [Thread-960] INFO  impl.RoleInfo (RoleInfo.java:updateAndGet(143)) - da833d8d-e72a-4068-9560-4daa2d83adc2: start LeaderElection
2019-09-26 21:19:17,068 [pool-27-thread-1] INFO  storage.RaftStorageDirectory (RaftStorageDirectory.java:tryLock(328)) - Lock on /workdir/hadoop-ozone/ozonefs/target/test-dir/MiniOzoneClusterImpl-5b64906c-d720-4906-b30c-b6d56a2122fd/datanode-0/data/ratis/2d6d86b7-9f78-4302-a3e7-99f158122b1e/in_use.lock acquired by nodename 10701@pr-hdds-1569-g6sp5-2013761785
2019-09-26 21:19:17,396 [Thread-994] INFO  impl.FollowerState (FollowerState.java:run(106)) - 9ce0b59e-153f-4f41-8aed-492a76d80b48:group-584C4E42F0CA changes to CANDIDATE, lastRpcTime:5163, electionTimeout:5096ms
2019-09-26 21:19:17,396 [Thread-991] INFO  impl.FollowerState (FollowerState.java:run(106)) - da833d8d-e72a-4068-9560-4daa2d83adc2:group-537F952A2140 changes to CANDIDATE, lastRpcTime:5202, electionTimeout:5120ms
2019-09-26 21:19:17,396 [Thread-994] INFO  impl.RoleInfo (RoleInfo.java:shutdownFollowerState(121)) - 9ce0b59e-153f-4f41-8aed-492a76d80b48: shutdown FollowerState
2019-09-26 21:19:17,396 [Thread-997] INFO  impl.FollowerState (FollowerState.java:run(106)) - 0c640f50-2bc9-49b6-b785-a27e3116e6ba:group-ED8FB1794F16 changes to CANDIDATE, lastRpcTime:5120, electionTimeout:5030ms
2019-09-26 21:19:17,396 [Thread-991] INFO  impl.RoleInfo (RoleInfo.java:shutdownFollowerState(121)) - da833d8d-e72a-4068-9560-4daa2d83adc2: shutdown FollowerState
2019-09-26 21:19:17,396 [Thread-994] INFO  impl.RaftServerImpl (RaftServerImpl.java:setRole(174)) - 9ce0b59e-153f-4f41-8aed-492a76d80b48@group-584C4E42F0CA: changes role from  FOLLOWER to CANDIDATE at term 0 for changeToCandidate
2019-09-26 21:19:17,397 [Thread-991] INFO  impl.RaftServerImpl (RaftServerImpl.java:setRole(174)) - da833d8d-e72a-4068-9560-4daa2d83adc2@group-537F952A2140: changes role from  FOLLOWER to CANDIDATE at term 0 for changeToCandidate
2019-09-26 21:19:17,397 [Thread-997] INFO  impl.RoleInfo (RoleInfo.java:shutdownFollowerState(121)) - 0c640f50-2bc9-49b6-b785-a27e3116e6ba: shutdown FollowerState
2019-09-26 21:19:17,397 [Thread-991] INFO  impl.RoleInfo (RoleInfo.java:updateAndGet(143)) - da833d8d-e72a-4068-9560-4daa2d83adc2: start LeaderElection
2019-09-26 21:19:17,397 [Thread-994] INFO  impl.RoleInfo (RoleInfo.java:updateAndGet(143)) - 9ce0b59e-153f-4f41-8aed-492a76d80b48: start LeaderElection
2019-09-26 21:19:17,397 [Thread-997] INFO  impl.RaftServerImpl (RaftServerImpl.java:setRole(174)) - 0c640f50-2bc9-49b6-b785-a27e3116e6ba@group-ED8FB1794F16: changes role from  FOLLOWER to CANDIDATE at term 0 for changeToCandidate
2019-09-26 21:19:17,398 [Thread-988] INFO  impl.FollowerState (FollowerState.java:run(106)) - da833d8d-e72a-4068-9560-4daa2d83adc2:group-B3D9420AEDE2 changes to CANDIDATE, lastRpcTime:5246, electionTimeout:5085ms
2019-09-26 21:19:17,398 [Thread-988] INFO  impl.RoleInfo (RoleInfo.java:shutdownFollowerState(121)) - da833d8d-e72a-4068-9560-4daa2d83adc2: shutdown FollowerState
2019-09-26 21:19:17,399 [Thread-988] INFO  impl.RaftServerImpl (RaftServerImpl.java:setRole(174)) - da833d8d-e72a-4068-9560-4daa2d83adc2@group-B3D9420AEDE2: changes role from  FOLLOWER to CANDIDATE at term 0 for changeToCandidate
2019-09-26 21:19:17,399 [Thread-988] INFO  impl.RoleInfo (RoleInfo.java:updateAndGet(143)) - da833d8d-e72a-4068-9560-4daa2d83adc2: start LeaderElection
2019-09-26 21:19:17,399 [Thread-979] INFO  impl.FollowerState (FollowerState.java:run(106)) - 0c640f50-2bc9-49b6-b785-a27e3116e6ba:group-F6A96175DD6B changes to CANDIDATE, lastRpcTime:5377, electionTimeout:5191ms
2019-09-26 21:19:17,399 [Thread-979] INFO  impl.RoleInfo (RoleInfo.java:shutdownFollowerState(121)) - 0c640f50-2bc9-49b6-b785-a27e3116e6ba: shutdown FollowerState
2019-09-26 21:19:17,399 [Thread-979] INFO  impl.RaftServerImpl (RaftServerImpl.java:setRole(174)) - 0c640f50-2bc9-49b6-b785-a27e3116e6ba@group-F6A96175DD6B: changes role from  FOLLOWER to CANDIDATE at term 0 for changeToCandidate
2019-09-26 21:19:17,399 [Thread-979] INFO  impl.RoleInfo (RoleInfo.java:updateAndGet(143)) - 0c640f50-2bc9-49b6-b785-a27e3116e6ba: start LeaderElection
2019-09-26 21:19:17,399 [Thread-982] INFO  impl.FollowerState (FollowerState.java:run(106)) - 9ce0b59e-153f-4f41-8aed-492a76d80b48:group-BAEC348CDEE8 changes to CANDIDATE, lastRpcTime:5332, electionTimeout:5137ms
2019-09-26 21:19:17,399 [Thread-982] INFO  impl.RoleInfo (RoleInfo.java:shutdownFollowerState(121)) - 9ce0b59e-153f-4f41-8aed-492a76d80b48: shutdown FollowerState
2019-09-26 21:19:17,399 [Thread-982] INFO  impl.RaftServerImpl (RaftServerImpl.java:setRole(174)) - 9ce0b59e-153f-4f41-8aed-492a76d80b48@group-BAEC348CDEE8: changes role from  FOLLOWER to CANDIDATE at term 0 for changeToCandidate
2019-09-26 21:19:17,400 [Thread-982] INFO  impl.RoleInfo (RoleInfo.java:updateAndGet(143)) - 9ce0b59e-153f-4f41-8aed-492a76d80b48: start LeaderElection
2019-09-26 21:19:17,400 [Thread-985] INFO  impl.FollowerState (FollowerState.java:run(106)) - 09112efe-1fad-4539-a04f-c96aef6d2351:group-3A209C435E0A changes to CANDIDATE, lastRpcTime:5291, electionTimeout:5047ms
2019-09-26 21:19:17,401 [Thread-985] INFO  impl.RoleInfo (RoleInfo.java:shutdownFollowerState(121)) - 09112efe-1fad-4539-a04f-c96aef6d2351: shutdown FollowerState
2019-09-26 21:19:17,401 [Thread-985] INFO  impl.RaftServerImpl (RaftServerImpl.java:setRole(174)) - 09112efe-1fad-4539-a04f-c96aef6d2351@group-3A209C435E0A: changes role from  FOLLOWER to CANDIDATE at term 0 for changeToCandidate
2019-09-26 21:19:17,401 [Thread-985] INFO  impl.RoleInfo (RoleInfo.java:updateAndGet(143)) - 09112efe-1fad-4539-a04f-c96aef6d2351: start LeaderElection
2019-09-26 21:19:17,403 [0c640f50-2bc9-49b6-b785-a27e3116e6ba@group-255437930481:LeaderElection150] INFO  impl.LeaderElection (LeaderElection.java:askForVotes(182)) - 0c640f50-2bc9-49b6-b785-a27e3116e6ba@group-255437930481:LeaderElection150: begin an election at term 1 for -1: [0c640f50-2bc9-49b6-b785-a27e3116e6ba:192.168.151.99:42361, 9ce0b59e-153f-4f41-8aed-492a76d80b48:192.168.151.99:34156, da833d8d-e72a-4068-9560-4daa2d83adc2:192.168.151.99:38903], old=null
2019-09-26 21:19:17,403 [1178c3ae-d0b4-4d44-b144-fe8504cc41ac@group-4036A4827E18:LeaderElection153] INFO  impl.LeaderElection (LeaderElection.java:askForVotes(182)) - 1178c3ae-d0b4-4d44-b144-fe8504cc41ac@group-4036A4827E18:LeaderElection153: begin an election at term 1 for -1: [1178c3ae-d0b4-4d44-b144-fe8504cc41ac:192.168.151.99:33787], old=null
2019-09-26 21:19:17,403 [9ce0b59e-153f-4f41-8aed-492a76d80b48@group-255437930481:LeaderElection151] INFO  impl.LeaderElection (LeaderElection.java:askForVotes(182)) - 9ce0b59e-153f-4f41-8aed-492a76d80b48@group-255437930481:LeaderElection151: begin an election at term 1 for -1: [0c640f50-2bc9-49b6-b785-a27e3116e6ba:192.168.151.99:42361, 9ce0b59e-153f-4f41-8aed-492a76d80b48:192.168.151.99:34156, da833d8d-e72a-4068-9560-4daa2d83adc2:192.168.151.99:38903], old=null
2019-09-26 21:19:17,403 [1178c3ae-d0b4-4d44-b144-fe8504cc41ac@group-4036A4827E18:LeaderElection153] INFO  impl.RoleInfo (RoleInfo.java:shutdownLeaderElection(134)) - 1178c3ae-d0b4-4d44-b144-fe8504cc41ac: shutdown LeaderElection
2019-09-26 21:19:17,403 [1178c3ae-d0b4-4d44-b144-fe8504cc41ac@group-4036A4827E18:LeaderElection153] INFO  impl.RaftServerImpl (RaftServerImpl.java:setRole(174)) - 1178c3ae-d0b4-4d44-b144-fe8504cc41ac@group-4036A4827E18: changes role from CANDIDATE to LEADER at term 1 for changeToLeader
2019-09-26 21:19:17,403 [1178c3ae-d0b4-4d44-b144-fe8504cc41ac@group-4036A4827E18:LeaderElection153] INFO  impl.RaftServerImpl (ServerState.java:setLeader(253)) - 1178c3ae-d0b4-4d44-b144-fe8504cc41ac@group-4036A4827E18: change Leader from null to 1178c3ae-d0b4-4d44-b144-fe8504cc41ac at term 1 for becomeLeader, leader elected after 5513ms
2019-09-26 21:19:17,404 [1178c3ae-d0b4-4d44-b144-fe8504cc41ac@group-4036A4827E18:LeaderElection153] INFO  server.RaftServerConfigKeys (ConfUtils.java:logGet(43)) - raft.server.staging.catchup.gap = 1000 (default)
2019-09-26 21:19:17,404 [Thread-997] INFO  impl.RoleInfo (RoleInfo.java:updateAndGet(143)) - 0c640f50-2bc9-49b6-b785-a27e3116e6ba: start LeaderElection
2019-09-26 21:19:17,404 [1178c3ae-d0b4-4d44-b144-fe8504cc41ac@group-4036A4827E18:LeaderElection153] INFO  server.RaftServerConfigKeys (ConfUtils.java:logGet(43)) - raft.server.rpc.sleep.time = 25ms (default)
2019-09-26 21:19:17,404 [1178c3ae-d0b4-4d44-b144-fe8504cc41ac@group-4036A4827E18:LeaderElection153] INFO  server.RaftServerConfigKeys (ConfUtils.java:logGet(43)) - raft.server.write.element-limit = 4096 (default)
2019-09-26 21:19:17,404 [1178c3ae-d0b4-4d44-b144-fe8504cc41ac@group-4036A4827E18:LeaderElection153] INFO  server.RaftServerConfigKeys (ConfUtils.java:logGet(43)) - raft.server.watch.timeout = 10s (default)
2019-09-26 21:19:17,405 [1178c3ae-d0b4-4d44-b144-fe8504cc41ac@group-4036A4827E18:LeaderElection153] INFO  server.RaftServerConfigKeys (ConfUtils.java:logGet(43)) - raft.server.watch.timeout.denomination = 1s (default)
2019-09-26 21:19:17,405 [1178c3ae-d0b4-4d44-b144-fe8504cc41ac@group-4036A4827E18:LeaderElection153] INFO  server.RaftServerConfigKeys (ConfUtils.java:logGet(43)) - raft.server.watch.element-limit = 65536 (default)
2019-09-26 21:19:17,412 [1178c3ae-d0b4-4d44-b144-fe8504cc41ac@group-4036A4827E18:LeaderElection153] INFO  impl.RoleInfo (RoleInfo.java:updateAndGet(143)) - 1178c3ae-d0b4-4d44-b144-fe8504cc41ac: start LeaderState
2019-09-26 21:19:17,412 [1178c3ae-d0b4-4d44-b144-fe8504cc41ac@group-4036A4827E18:LeaderElection153] INFO  segmented.SegmentedRaftLogWorker (SegmentedRaftLogWorker.java:startLogSegment(380)) - 1178c3ae-d0b4-4d44-b144-fe8504cc41ac@group-4036A4827E18-SegmentedRaftLogWorker: Starting segment from index:0
2019-09-26 21:19:17,413 [1178c3ae-d0b4-4d44-b144-fe8504cc41ac@group-4036A4827E18:LeaderElection153] INFO  impl.RaftServerImpl (ServerState.java:setRaftConf(354)) - 1178c3ae-d0b4-4d44-b144-fe8504cc41ac@group-4036A4827E18: set configuration 0: [1178c3ae-d0b4-4d44-b144-fe8504cc41ac:192.168.151.99:33787], old=null at 0
2019-09-26 21:19:17,736 [09112efe-1fad-4539-a04f-c96aef6d2351@group-90252941981A-SegmentedRaftLogWorker] ERROR segmented.SegmentedRaftLogWorker (SegmentedRaftLogWorker.java:run(323)) - 09112efe-1fad-4539-a04f-c96aef6d2351@group-90252941981A-SegmentedRaftLogWorker hit exception
java.lang.OutOfMemoryError: Direct buffer memory
	at java.nio.Bits.reserveMemory(Bits.java:666)
	at java.nio.DirectByteBuffer.<init>(DirectByteBuffer.java:123)
	at java.nio.ByteBuffer.allocateDirect(ByteBuffer.java:311)
	at org.apache.ratis.server.raftlog.segmented.BufferedWriteChannel.<init>(BufferedWriteChannel.java:41)
	at org.apache.ratis.server.raftlog.segmented.SegmentedRaftLogOutputStream.<init>(SegmentedRaftLogOutputStream.java:72)
	at org.apache.ratis.server.raftlog.segmented.SegmentedRaftLogWorker$StartLogSegment.execute(SegmentedRaftLogWorker.java:566)
	at org.apache.ratis.server.raftlog.segmented.SegmentedRaftLogWorker.run(SegmentedRaftLogWorker.java:289)
	at java.lang.Thread.run(Thread.java:748)
2019-09-26 21:19:17,737 [Thread-1022] INFO  impl.FollowerState (FollowerState.java:run(106)) - 1178c3ae-d0b4-4d44-b144-fe8504cc41ac:group-04CBCD99AF3A changes to CANDIDATE, lastRpcTime:5093, electionTimeout:5000ms
2019-09-26 21:19:17,737 [Thread-1006] INFO  impl.FollowerState (FollowerState.java:run(106)) - 9ce0b59e-153f-4f41-8aed-492a76d80b48:group-514D036A21E3 changes to CANDIDATE, lastRpcTime:5296, electionTimeout:5198ms
2019-09-26 21:19:17,737 [Thread-1019] INFO  impl.FollowerState (FollowerState.java:run(106)) - 9ce0b59e-153f-4f41-8aed-492a76d80b48:group-2D75DAEBF09F changes to CANDIDATE, lastRpcTime:5141, electionTimeout:5035ms
2019-09-26 21:19:17,737 [Thread-1022] INFO  impl.RoleInfo (RoleInfo.java:shutdownFollowerState(121)) - 1178c3ae-d0b4-4d44-b144-fe8504cc41ac: shutdown FollowerState
2019-09-26 21:19:17,737 [09112efe-1fad-4539-a04f-c96aef6d2351@group-90252941981A-SegmentedRaftLogWorker] INFO  impl.RaftServerImpl (RaftServerImpl.java:lambda$shutdown$3(251)) - 09112efe-1fad-4539-a04f-c96aef6d2351@group-90252941981A: shutdown
2019-09-26 21:19:17,737 [Thread-1022] INFO  impl.RaftServerImpl (RaftServerImpl.java:setRole(174)) - 1178c3ae-d0b4-4d44-b144-fe8504cc41ac@group-04CBCD99AF3A: changes role from  FOLLOWER to CANDIDATE at term 0 for changeToCandidate
2019-09-26 21:19:17,737 [Thread-1014] INFO  impl.FollowerState (FollowerState.java:run(106)) - 9ce0b59e-153f-4f41-8aed-492a76d80b48:group-2D4E45E064A9 changes to CANDIDATE, lastRpcTime:5200, electionTimeout:5065ms
2019-09-26 21:19:17,737 [Thread-1010] INFO  impl.FollowerState (FollowerState.java:run(106)) - 9ce0b59e-153f-4f41-8aed-492a76d80b48:group-B087709E6FAB changes to CANDIDATE, lastRpcTime:5247, electionTimeout:5114ms
2019-09-26 21:19:17,737 [Thread-1019] INFO  impl.RoleInfo (RoleInfo.java:shutdownFollowerState(121)) - 9ce0b59e-153f-4f41-8aed-492a76d80b48: shutdown FollowerState
2019-09-26 21:19:17,737 [Thread-1006] INFO  impl.RoleInfo (RoleInfo.java:shutdownFollowerState(121)) - 9ce0b59e-153f-4f41-8aed-492a76d80b48: shutdown FollowerState
2019-09-26 21:19:17,738 [Thread-1019] INFO  impl.RaftServerImpl (RaftServerImpl.java:setRole(174)) - 9ce0b59e-153f-4f41-8aed-492a76d80b48@group-2D75DAEBF09F: changes role from  FOLLOWER to CANDIDATE at term 0 for changeToCandidate
2019-09-26 21:19:17,738 [Thread-1010] INFO  impl.RoleInfo (RoleInfo.java:shutdownFollowerState(121)) - 9ce0b59e-153f-4f41-8aed-492a76d80b48: shutdown FollowerState
2019-09-26 21:19:17,738 [Thread-1014] INFO  impl.RoleInfo (RoleInfo.java:shutdownFollowerState(121)) - 9ce0b59e-153f-4f41-8aed-492a76d80b48: shutdown FollowerState
2019-09-26 21:19:17,738 [Thread-1022] INFO  impl.RoleInfo (RoleInfo.java:updateAndGet(143)) - 1178c3ae-d0b4-4d44-b144-fe8504cc41ac: start LeaderElection
2019-09-26 21:19:17,738 [09112efe-1fad-4539-a04f-c96aef6d2351@group-90252941981A-SegmentedRaftLogWorker] INFO  util.JmxRegister (JmxRegister.java:unregister(73)) - Successfully un-registered JMX Bean with object name Ratis:service=RaftServer,group=group-90252941981A,id=09112efe-1fad-4539-a04f-c96aef6d2351
2019-09-26 21:19:17,739 [Thread-1014] INFO  impl.RaftServerImpl (RaftServerImpl.java:setRole(174)) - 9ce0b59e-153f-4f41-8aed-492a76d80b48@group-2D4E45E064A9: changes role from  FOLLOWER to CANDIDATE at term 0 for changeToCandidate
2019-09-26 21:19:17,739 [Thread-1010] INFO  impl.RaftServerImpl (RaftServerImpl.java:setRole(174)) - 9ce0b59e-153f-4f41-8aed-492a76d80b48@group-B087709E6FAB: changes role from  FOLLOWER to CANDIDATE at term 0 for changeToCandidate
2019-09-26 21:19:17,738 [Thread-1019] INFO  impl.RoleInfo (RoleInfo.java:updateAndGet(143)) - 9ce0b59e-153f-4f41-8aed-492a76d80b48: start LeaderElection
2019-09-26 21:19:17,738 [Thread-1006] INFO  impl.RaftServerImpl (RaftServerImpl.java:setRole(174)) - 9ce0b59e-153f-4f41-8aed-492a76d80b48@group-514D036A21E3: changes role from  FOLLOWER to CANDIDATE at term 0 for changeToCandidate
2019-09-26 21:19:17,739 [Thread-1010] INFO  impl.RoleInfo (RoleInfo.java:updateAndGet(143)) - 9ce0b59e-153f-4f41-8aed-492a76d80b48: start LeaderElection
2019-09-26 21:19:17,740 [Thread-1006] INFO  impl.RoleInfo (RoleInfo.java:updateAndGet(143)) - 9ce0b59e-153f-4f41-8aed-492a76d80b48: start LeaderElection
2019-09-26 21:19:17,739 [Thread-1014] INFO  impl.RoleInfo (RoleInfo.java:updateAndGet(143)) - 9ce0b59e-153f-4f41-8aed-492a76d80b48: start LeaderElection
2019-09-26 21:19:17,739 [09112efe-1fad-4539-a04f-c96aef6d2351@group-90252941981A-SegmentedRaftLogWorker] INFO  impl.RoleInfo (RoleInfo.java:shutdownLeaderState(104)) - 09112efe-1fad-4539-a04f-c96aef6d2351: shutdown LeaderState
2019-09-26 21:19:17,747 [09112efe-1fad-4539-a04f-c96aef6d2351@group-90252941981A-SegmentedRaftLogWorker] INFO  impl.PendingRequests (PendingRequests.java:sendNotLeaderResponses(202)) - 09112efe-1fad-4539-a04f-c96aef6d2351-PendingRequests: sendNotLeaderResponses
2019-09-26 21:19:17,747 [org.apache.ratis.server.impl.LogAppender$AppenderDaemon$$Lambda$476/1502351100@72375c8e] WARN  server.GrpcLogAppender (GrpcLogAppender.java:mayWait(143)) - 09112efe-1fad-4539-a04f-c96aef6d2351@group-90252941981A->9ce0b59e-153f-4f41-8aed-492a76d80b48-GrpcLogAppender: Wait interrupted by java.lang.InterruptedException
2019-09-26 21:19:17,747 [Thread-1000] INFO  impl.FollowerState (FollowerState.java:run(106)) - 9ce0b59e-153f-4f41-8aed-492a76d80b48:group-3144698B2ED7 changes to CANDIDATE, lastRpcTime:5393, electionTimeout:5178ms
2019-09-26 21:19:17,747 [09112efe-1fad-4539-a04f-c96aef6d2351@group-90252941981A-SegmentedRaftLogWorker] INFO  impl.StateMachineUpdater (StateMachineUpdater.java:stopAndJoin(125)) - 09112efe-1fad-4539-a04f-c96aef6d2351@group-90252941981A-StateMachineUpdater: set stopIndex = -1
2019-09-26 21:19:17,748 [09112efe-1fad-4539-a04f-c96aef6d2351@group-90252941981A-SegmentedRaftLogWorker] INFO  impl.RaftServerImpl (ServerState.java:close(385)) - 09112efe-1fad-4539-a04f-c96aef6d2351@group-90252941981A: closes. applyIndex: -1
2019-09-26 21:19:17,747 [Thread-1003] INFO  impl.FollowerState (FollowerState.java:run(106)) - 9ce0b59e-153f-4f41-8aed-492a76d80b48:group-7BF1E83F2834 changes to CANDIDATE, lastRpcTime:5348, electionTimeout:5139ms
2019-09-26 21:19:17,748 [09112efe-1fad-4539-a04f-c96aef6d2351@group-90252941981A-SegmentedRaftLogWorker] INFO  segmented.SegmentedRaftLogWorker (SegmentedRaftLogWorker.java:close(228)) - 09112efe-1fad-4539-a04f-c96aef6d2351@group-90252941981A-SegmentedRaftLogWorker close()
2019-09-26 21:19:17,748 [Thread-1000] INFO  impl.RoleInfo (RoleInfo.java:shutdownFollowerState(121)) - 9ce0b59e-153f-4f41-8aed-492a76d80b48: shutdown FollowerState
2019-09-26 21:19:17,756 [1178c3ae-d0b4-4d44-b144-fe8504cc41ac@group-04CBCD99AF3A:LeaderElection162] INFO  impl.LeaderElection (LeaderElection.java:askForVotes(182)) - 1178c3ae-d0b4-4d44-b144-fe8504cc41ac@group-04CBCD99AF3A:LeaderElection162: begin an election at term 1 for -1: [1178c3ae-d0b4-4d44-b144-fe8504cc41ac:192.168.151.99:33787], old=null
2019-09-26 21:19:17,756 [9ce0b59e-153f-4f41-8aed-492a76d80b48@group-584C4E42F0CA:LeaderElection155] INFO  impl.LeaderElection (LeaderElection.java:askForVotes(182)) - 9ce0b59e-153f-4f41-8aed-492a76d80b48@group-584C4E42F0CA:LeaderElection155: begin an election at term 1 for -1: [9ce0b59e-153f-4f41-8aed-492a76d80b48:192.168.151.99:34156], old=null
2019-09-26 21:19:17,756 [da833d8d-e72a-4068-9560-4daa2d83adc2@group-255437930481:LeaderElection152] INFO  impl.LeaderElection (LeaderElection.java:askForVotes(182)) - da833d8d-e72a-4068-9560-4daa2d83adc2@group-255437930481:LeaderElection152: begin an election at term 1 for -1: [0c640f50-2bc9-49b6-b785-a27e3116e6ba:192.168.151.99:42361, 9ce0b59e-153f-4f41-8aed-492a76d80b48:192.168.151.99:34156, da833d8d-e72a-4068-9560-4daa2d83adc2:192.168.151.99:38903], old=null
2019-09-26 21:19:17,756 [da833d8d-e72a-4068-9560-4daa2d83adc2@group-6AC811BBC42F:LeaderElection154] INFO  impl.LeaderElection (LeaderElection.java:askForVotes(182)) - da833d8d-e72a-4068-9560-4daa2d83adc2@group-6AC811BBC42F:LeaderElection154: begin an election at term 1 for -1: [da833d8d-e72a-4068-9560-4daa2d83adc2:192.168.151.99:38903], old=null
2019-09-26 21:19:17,756 [9ce0b59e-153f-4f41-8aed-492a76d80b48@group-BAEC348CDEE8:LeaderElection160] INFO  impl.LeaderElection (LeaderElection.java:askForVotes(182)) - 9ce0b59e-153f-4f41-8aed-492a76d80b48@group-BAEC348CDEE8:LeaderElection160: begin an election at term 1 for -1: [9ce0b59e-153f-4f41-8aed-492a76d80b48:192.168.151.99:34156], old=null
2019-09-26 21:19:17,756 [0c640f50-2bc9-49b6-b785-a27e3116e6ba@group-ED8FB1794F16:LeaderElection157] INFO  impl.LeaderElection (LeaderElection.java:askForVotes(182)) - 0c640f50-2bc9-49b6-b785-a27e3116e6ba@group-ED8FB1794F16:LeaderElection157: begin an election at term 1 for -1: [0c640f50-2bc9-49b6-b785-a27e3116e6ba:192.168.151.99:42361], old=null
2019-09-26 21:19:17,756 [1178c3ae-d0b4-4d44-b144-fe8504cc41ac@group-52417DAB7C97:LeaderElection149] INFO  impl.LeaderElection (LeaderElection.java:askForVotes(182)) - 1178c3ae-d0b4-4d44-b144-fe8504cc41ac@group-52417DAB7C97:LeaderElection149: begin an election at term 1 for -1: [1178c3ae-d0b4-4d44-b144-fe8504cc41ac:192.168.151.99:33787], old=null
2019-09-26 21:19:17,756 [09112efe-1fad-4539-a04f-c96aef6d2351@group-3A209C435E0A:LeaderElection161] INFO  impl.LeaderElection (LeaderElection.java:askForVotes(182)) - 09112efe-1fad-4539-a04f-c96aef6d2351@group-3A209C435E0A:LeaderElection161: begin an election at term 1 for -1: [09112efe-1fad-4539-a04f-c96aef6d2351:192.168.151.99:45286], old=null
2019-09-26 21:19:17,756 [da833d8d-e72a-4068-9560-4daa2d83adc2@group-B3D9420AEDE2:LeaderElection158] INFO  impl.LeaderElection (LeaderElection.java:askForVotes(182)) - da833d8d-e72a-4068-9560-4daa2d83adc2@group-B3D9420AEDE2:LeaderElection158: begin an election at term 1 for -1: [da833d8d-e72a-4068-9560-4daa2d83adc2:192.168.151.99:38903], old=null
2019-09-26 21:19:17,756 [0c640f50-2bc9-49b6-b785-a27e3116e6ba@group-F6A96175DD6B:LeaderElection159] INFO  impl.LeaderElection (LeaderElection.java:askForVotes(182)) - 0c640f50-2bc9-49b6-b785-a27e3116e6ba@group-F6A96175DD6B:LeaderElection159: begin an election at term 1 for -1: [0c640f50-2bc9-49b6-b785-a27e3116e6ba:192.168.151.99:42361], old=null
2019-09-26 21:19:17,756 [da833d8d-e72a-4068-9560-4daa2d83adc2@group-537F952A2140:LeaderElection156] INFO  impl.LeaderElection (LeaderElection.java:askForVotes(182)) - da833d8d-e72a-4068-9560-4daa2d83adc2@group-537F952A2140:LeaderElection156: begin an election at term 1 for -1: [da833d8d-e72a-4068-9560-4daa2d83adc2:192.168.151.99:38903], old=null
2019-09-26 21:19:17,761 [da833d8d-e72a-4068-9560-4daa2d83adc2@group-537F952A2140:LeaderElection156] INFO  impl.RoleInfo (RoleInfo.java:shutdownLeaderElection(134)) - da833d8d-e72a-4068-9560-4daa2d83adc2: shutdown LeaderElection
2019-09-26 21:19:17,756 [pool-27-thread-1] INFO  storage.RaftStorage (RaftStorage.java:format(72)) - Storage directory /workdir/hadoop-ozone/ozonefs/target/test-dir/MiniOzoneClusterImpl-5b64906c-d720-4906-b30c-b6d56a2122fd/datanode-0/data/ratis/2d6d86b7-9f78-4302-a3e7-99f158122b1e has been successfully formatted.
2019-09-26 21:19:17,748 [Thread-1003] INFO  impl.RoleInfo (RoleInfo.java:shutdownFollowerState(121)) - 9ce0b59e-153f-4f41-8aed-492a76d80b48: shutdown FollowerState
2019-09-26 21:19:17,762 [da833d8d-e72a-4068-9560-4daa2d83adc2@group-537F952A2140:LeaderElection156] INFO  impl.RaftServerImpl (RaftServerImpl.java:setRole(174)) - da833d8d-e72a-4068-9560-4daa2d83adc2@group-537F952A2140: changes role from CANDIDATE to LEADER at term 1 for changeToLeader
2019-09-26 21:19:17,761 [0c640f50-2bc9-49b6-b785-a27e3116e6ba@group-F6A96175DD6B:LeaderElection159] INFO  impl.RoleInfo (RoleInfo.java:shutdownLeaderElection(134)) - 0c640f50-2bc9-49b6-b785-a27e3116e6ba: shutdown LeaderElection
2019-09-26 21:19:17,762 [0c640f50-2bc9-49b6-b785-a27e3116e6ba@group-F6A96175DD6B:LeaderElection159] INFO  impl.RaftServerImpl (RaftServerImpl.java:setRole(174)) - 0c640f50-2bc9-49b6-b785-a27e3116e6ba@group-F6A96175DD6B: changes role from CANDIDATE to LEADER at term 1 for changeToLeader
2019-09-26 21:19:17,761 [da833d8d-e72a-4068-9560-4daa2d83adc2@group-B3D9420AEDE2:LeaderElection158] INFO  impl.RoleInfo (RoleInfo.java:shutdownLeaderElection(134)) - da833d8d-e72a-4068-9560-4daa2d83adc2: shutdown LeaderElection
2019-09-26 21:19:17,761 [0c640f50-2bc9-49b6-b785-a27e3116e6ba@group-255437930481:LeaderElection150] INFO  impl.LeaderElection (LeaderElection.java:logAndReturn(56)) - 0c640f50-2bc9-49b6-b785-a27e3116e6ba@group-255437930481:LeaderElection150: Election REJECTED; received 2 response(s) [0c640f50-2bc9-49b6-b785-a27e3116e6ba<-9ce0b59e-153f-4f41-8aed-492a76d80b48#0:FAIL-t1, 0c640f50-2bc9-49b6-b785-a27e3116e6ba<-da833d8d-e72a-4068-9560-4daa2d83adc2#0:FAIL-t1] and 0 exception(s); 0c640f50-2bc9-49b6-b785-a27e3116e6ba@group-255437930481:t1, leader=null, voted=0c640f50-2bc9-49b6-b785-a27e3116e6ba, raftlog=0c640f50-2bc9-49b6-b785-a27e3116e6ba@group-255437930481-SegmentedRaftLog:OPENED:c-1,f-1,i0, conf=-1: [0c640f50-2bc9-49b6-b785-a27e3116e6ba:192.168.151.99:42361, 9ce0b59e-153f-4f41-8aed-492a76d80b48:192.168.151.99:34156, da833d8d-e72a-4068-9560-4daa2d83adc2:192.168.151.99:38903], old=null
2019-09-26 21:19:17,761 [9ce0b59e-153f-4f41-8aed-492a76d80b48@group-255437930481:LeaderElection151] INFO  impl.LeaderElection (LeaderElection.java:logAndReturn(56)) - 9ce0b59e-153f-4f41-8aed-492a76d80b48@group-255437930481:LeaderElection151: Election REJECTED; received 2 response(s) [9ce0b59e-153f-4f41-8aed-492a76d80b48<-0c640f50-2bc9-49b6-b785-a27e3116e6ba#0:FAIL-t1, 9ce0b59e-153f-4f41-8aed-492a76d80b48<-da833d8d-e72a-4068-9560-4daa2d83adc2#0:FAIL-t1] and 0 exception(s); 9ce0b59e-153f-4f41-8aed-492a76d80b48@group-255437930481:t1, leader=null, voted=9ce0b59e-153f-4f41-8aed-492a76d80b48, raftlog=9ce0b59e-153f-4f41-8aed-492a76d80b48@group-255437930481-SegmentedRaftLog:OPENED:c-1,f-1,i0, conf=-1: [0c640f50-2bc9-49b6-b785-a27e3116e6ba:192.168.151.99:42361, 9ce0b59e-153f-4f41-8aed-492a76d80b48:192.168.151.99:34156, da833d8d-e72a-4068-9560-4daa2d83adc2:192.168.151.99:38903], old=null
2019-09-26 21:19:17,761 [09112efe-1fad-4539-a04f-c96aef6d2351@group-3A209C435E0A:LeaderElection161] INFO  impl.RoleInfo (RoleInfo.java:shutdownLeaderElection(134)) - 09112efe-1fad-4539-a04f-c96aef6d2351: shutdown LeaderElection
2019-09-26 21:19:17,766 [09112efe-1fad-4539-a04f-c96aef6d2351@group-3A209C435E0A:LeaderElection161] INFO  impl.RaftServerImpl (RaftServerImpl.java:setRole(174)) - 09112efe-1fad-4539-a04f-c96aef6d2351@group-3A209C435E0A: changes role from CANDIDATE to LEADER at term 1 for changeToLeader
2019-09-26 21:19:17,761 [1178c3ae-d0b4-4d44-b144-fe8504cc41ac@group-52417DAB7C97:LeaderElection149] INFO  impl.RoleInfo (RoleInfo.java:shutdownLeaderElection(134)) - 1178c3ae-d0b4-4d44-b144-fe8504cc41ac: shutdown LeaderElection
2019-09-26 21:19:17,761 [0c640f50-2bc9-49b6-b785-a27e3116e6ba@group-ED8FB1794F16:LeaderElection157] INFO  impl.RoleInfo (RoleInfo.java:shutdownLeaderElection(134)) - 0c640f50-2bc9-49b6-b785-a27e3116e6ba: shutdown LeaderElection
2019-09-26 21:19:17,761 [9ce0b59e-153f-4f41-8aed-492a76d80b48@group-BAEC348CDEE8:LeaderElection160] INFO  impl.RoleInfo (RoleInfo.java:shutdownLeaderElection(134)) - 9ce0b59e-153f-4f41-8aed-492a76d80b48: shutdown LeaderElection
2019-09-26 21:19:17,770 [9ce0b59e-153f-4f41-8aed-492a76d80b48@group-BAEC348CDEE8:LeaderElection160] INFO  impl.RaftServerImpl (RaftServerImpl.java:setRole(174)) - 9ce0b59e-153f-4f41-8aed-492a76d80b48@group-BAEC348CDEE8: changes role from CANDIDATE to LEADER at term 1 for changeToLeader
2019-09-26 21:19:17,761 [da833d8d-e72a-4068-9560-4daa2d83adc2@group-6AC811BBC42F:LeaderElection154] INFO  impl.RoleInfo (RoleInfo.java:shutdownLeaderElection(134)) - da833d8d-e72a-4068-9560-4daa2d83adc2: shutdown LeaderElection
2019-09-26 21:19:17,760 [9ce0b59e-153f-4f41-8aed-492a76d80b48@group-584C4E42F0CA:LeaderElection155] INFO  impl.RoleInfo (RoleInfo.java:shutdownLeaderElection(134)) - 9ce0b59e-153f-4f41-8aed-492a76d80b48: shutdown LeaderElection
2019-09-26 21:19:17,760 [1178c3ae-d0b4-4d44-b144-fe8504cc41ac@group-04CBCD99AF3A:LeaderElection162] INFO  impl.RoleInfo (RoleInfo.java:shutdownLeaderElection(134)) - 1178c3ae-d0b4-4d44-b144-fe8504cc41ac: shutdown LeaderElection
2019-09-26 21:19:17,756 [org.apache.ratis.server.impl.LogAppender$AppenderDaemon$$Lambda$476/1502351100@76a7a78b] WARN  server.GrpcLogAppender (GrpcLogAppender.java:mayWait(143)) - 09112efe-1fad-4539-a04f-c96aef6d2351@group-90252941981A->0c640f50-2bc9-49b6-b785-a27e3116e6ba-GrpcLogAppender: Wait interrupted by java.lang.InterruptedException
2019-09-26 21:19:17,756 [Thread-1000] INFO  impl.RaftServerImpl (RaftServerImpl.java:setRole(174)) - 9ce0b59e-153f-4f41-8aed-492a76d80b48@group-3144698B2ED7: changes role from  FOLLOWER to CANDIDATE at term 0 for changeToCandidate
2019-09-26 21:19:17,770 [1178c3ae-d0b4-4d44-b144-fe8504cc41ac@group-04CBCD99AF3A:LeaderElection162] INFO  impl.RaftServerImpl (RaftServerImpl.java:setRole(174)) - 1178c3ae-d0b4-4d44-b144-fe8504cc41ac@group-04CBCD99AF3A: changes role from CANDIDATE to LEADER at term 1 for changeToLeader
2019-09-26 21:19:17,771 [1178c3ae-d0b4-4d44-b144-fe8504cc41ac@group-04CBCD99AF3A:LeaderElection162] INFO  impl.RaftServerImpl (ServerState.java:setLeader(253)) - 1178c3ae-d0b4-4d44-b144-fe8504cc41ac@group-04CBCD99AF3A: change Leader from null to 1178c3ae-d0b4-4d44-b144-fe8504cc41ac at term 1 for becomeLeader, leader elected after 5133ms
2019-09-26 21:19:17,770 [9ce0b59e-153f-4f41-8aed-492a76d80b48@group-584C4E42F0CA:LeaderElection155] INFO  impl.RaftServerImpl (RaftServerImpl.java:setRole(174)) - 9ce0b59e-153f-4f41-8aed-492a76d80b48@group-584C4E42F0CA: changes role from CANDIDATE to LEADER at term 1 for changeToLeader
2019-09-26 21:19:17,771 [9ce0b59e-153f-4f41-8aed-492a76d80b48@group-584C4E42F0CA:LeaderElection155] INFO  impl.RaftServerImpl (ServerState.java:setLeader(253)) - 9ce0b59e-153f-4f41-8aed-492a76d80b48@group-584C4E42F0CA: change Leader from null to 9ce0b59e-153f-4f41-8aed-492a76d80b48 at term 1 for becomeLeader, leader elected after 5544ms
2019-09-26 21:19:17,770 [da833d8d-e72a-4068-9560-4daa2d83adc2@group-6AC811BBC42F:LeaderElection154] INFO  impl.RaftServerImpl (RaftServerImpl.java:setRole(174)) - da833d8d-e72a-4068-9560-4daa2d83adc2@group-6AC811BBC42F: changes role from CANDIDATE to LEADER at term 1 for changeToLeader
2019-09-26 21:19:17,770 [9ce0b59e-153f-4f41-8aed-492a76d80b48@group-BAEC348CDEE8:LeaderElection160] INFO  impl.RaftServerImpl (ServerState.java:setLeader(253)) - 9ce0b59e-153f-4f41-8aed-492a76d80b48@group-BAEC348CDEE8: change Leader from null to 9ce0b59e-153f-4f41-8aed-492a76d80b48 at term 1 for becomeLeader, leader elected after 5708ms
2019-09-26 21:19:17,770 [grpc-default-executor-1] INFO  server.GrpcServerProtocolService (GrpcServerProtocolService.java:onCompleted(113)) - 9ce0b59e-153f-4f41-8aed-492a76d80b48: Completed APPEND_ENTRIES, lastRequest: 09112efe-1fad-4539-a04f-c96aef6d2351->9ce0b59e-153f-4f41-8aed-492a76d80b48#1-t1, previous=(t:0, i:0), leaderCommit=-1, initializing? false, entries: size=1, first=(t:1, i:0), CONFIGURATIONENTRY
2019-09-26 21:19:17,770 [0c640f50-2bc9-49b6-b785-a27e3116e6ba@group-ED8FB1794F16:LeaderElection157] INFO  impl.RaftServerImpl (RaftServerImpl.java:setRole(174)) - 0c640f50-2bc9-49b6-b785-a27e3116e6ba@group-ED8FB1794F16: changes role from CANDIDATE to LEADER at term 1 for changeToLeader
2019-09-26 21:19:17,769 [1178c3ae-d0b4-4d44-b144-fe8504cc41ac@group-52417DAB7C97:LeaderElection149] INFO  impl.RaftServerImpl (RaftServerImpl.java:setRole(174)) - 1178c3ae-d0b4-4d44-b144-fe8504cc41ac@group-52417DAB7C97: changes role from CANDIDATE to LEADER at term 1 for changeToLeader
2019-09-26 21:19:17,775 [1178c3ae-d0b4-4d44-b144-fe8504cc41ac@group-52417DAB7C97:LeaderElection149] INFO  impl.RaftServerImpl (ServerState.java:setLeader(253)) - 1178c3ae-d0b4-4d44-b144-fe8504cc41ac@group-52417DAB7C97: change Leader from null to 1178c3ae-d0b4-4d44-b144-fe8504cc41ac at term 1 for becomeLeader, leader elected after 5799ms
2019-09-26 21:19:17,763 [9ce0b59e-153f-4f41-8aed-492a76d80b48@group-255437930481:LeaderElection151] INFO  impl.RaftServerImpl (RaftServerImpl.java:setRole(174)) - 9ce0b59e-153f-4f41-8aed-492a76d80b48@group-255437930481: changes role from CANDIDATE to FOLLOWER at term 1 for DISCOVERED_A_NEW_TERM
2019-09-26 21:19:17,776 [9ce0b59e-153f-4f41-8aed-492a76d80b48@group-255437930481:LeaderElection151] INFO  impl.RoleInfo (RoleInfo.java:shutdownLeaderElection(134)) - 9ce0b59e-153f-4f41-8aed-492a76d80b48: shutdown LeaderElection
2019-09-26 21:19:17,766 [09112efe-1fad-4539-a04f-c96aef6d2351@group-3A209C435E0A:LeaderElection161] INFO  impl.RaftServerImpl (ServerState.java:setLeader(253)) - 09112efe-1fad-4539-a04f-c96aef6d2351@group-3A209C435E0A: change Leader from null to 09112efe-1fad-4539-a04f-c96aef6d2351 at term 1 for becomeLeader, leader elected after 5661ms
2019-09-26 21:19:17,763 [0c640f50-2bc9-49b6-b785-a27e3116e6ba@group-255437930481:LeaderElection150] INFO  impl.RaftServerImpl (RaftServerImpl.java:setRole(174)) - 0c640f50-2bc9-49b6-b785-a27e3116e6ba@group-255437930481: changes role from CANDIDATE to FOLLOWER at term 1 for DISCOVERED_A_NEW_TERM
2019-09-26 21:19:17,762 [da833d8d-e72a-4068-9560-4daa2d83adc2@group-B3D9420AEDE2:LeaderElection158] INFO  impl.RaftServerImpl (RaftServerImpl.java:setRole(174)) - da833d8d-e72a-4068-9560-4daa2d83adc2@group-B3D9420AEDE2: changes role from CANDIDATE to LEADER at term 1 for changeToLeader
2019-09-26 21:19:17,776 [da833d8d-e72a-4068-9560-4daa2d83adc2@group-B3D9420AEDE2:LeaderElection158] INFO  impl.RaftServerImpl (ServerState.java:setLeader(253)) - da833d8d-e72a-4068-9560-4daa2d83adc2@group-B3D9420AEDE2: change Leader from null to da833d8d-e72a-4068-9560-4daa2d83adc2 at term 1 for becomeLeader, leader elected after 5630ms
2019-09-26 21:19:17,762 [0c640f50-2bc9-49b6-b785-a27e3116e6ba@group-F6A96175DD6B:LeaderElection159] INFO  impl.RaftServerImpl (ServerState.java:setLeader(253)) - 0c640f50-2bc9-49b6-b785-a27e3116e6ba@group-F6A96175DD6B: change Leader from null to 0c640f50-2bc9-49b6-b785-a27e3116e6ba at term 1 for becomeLeader, leader elected after 5746ms
2019-09-26 21:19:17,762 [da833d8d-e72a-4068-9560-4daa2d83adc2@group-537F952A2140:LeaderElection156] INFO  impl.RaftServerImpl (ServerState.java:setLeader(253)) - da833d8d-e72a-4068-9560-4daa2d83adc2@group-537F952A2140: change Leader from null to da833d8d-e72a-4068-9560-4daa2d83adc2 at term 1 for becomeLeader, leader elected after 5573ms
2019-09-26 21:19:17,762 [Thread-1003] INFO  impl.RaftServerImpl (RaftServerImpl.java:setRole(174)) - 9ce0b59e-153f-4f41-8aed-492a76d80b48@group-7BF1E83F2834: changes role from  FOLLOWER to CANDIDATE at term 0 for changeToCandidate
2019-09-26 21:19:17,762 [pool-27-thread-1] INFO  ratis.ContainerStateMachine (ContainerStateMachine.java:loadSnapshot(230)) - group-99F158122B1E: The snapshot info is null. Setting the last applied indexto:(t:0, i:~)
2019-09-26 21:19:17,777 [Thread-1003] INFO  impl.RoleInfo (RoleInfo.java:updateAndGet(143)) - 9ce0b59e-153f-4f41-8aed-492a76d80b48: start LeaderElection
2019-09-26 21:19:17,776 [da833d8d-e72a-4068-9560-4daa2d83adc2@group-537F952A2140:LeaderElection156] INFO  server.RaftServerConfigKeys (ConfUtils.java:logGet(43)) - raft.server.staging.catchup.gap = 1000 (default)
2019-09-26 21:19:17,777 [da833d8d-e72a-4068-9560-4daa2d83adc2@group-537F952A2140:LeaderElection156] INFO  server.RaftServerConfigKeys (ConfUtils.java:logGet(43)) - raft.server.rpc.sleep.time = 25ms (default)
2019-09-26 21:19:17,776 [0c640f50-2bc9-49b6-b785-a27e3116e6ba@group-F6A96175DD6B:LeaderElection159] INFO  server.RaftServerConfigKeys (ConfUtils.java:logGet(43)) - raft.server.staging.catchup.gap = 1000 (default)
2019-09-26 21:19:17,776 [da833d8d-e72a-4068-9560-4daa2d83adc2@group-B3D9420AEDE2:LeaderElection158] INFO  server.RaftServerConfigKeys (ConfUtils.java:logGet(43)) - raft.server.staging.catchup.gap = 1000 (default)
2019-09-26 21:19:17,776 [0c640f50-2bc9-49b6-b785-a27e3116e6ba@group-255437930481:LeaderElection150] INFO  impl.RoleInfo (RoleInfo.java:shutdownLeaderElection(134)) - 0c640f50-2bc9-49b6-b785-a27e3116e6ba: shutdown LeaderElection
2019-09-26 21:19:17,776 [09112efe-1fad-4539-a04f-c96aef6d2351@group-3A209C435E0A:LeaderElection161] INFO  server.RaftServerConfigKeys (ConfUtils.java:logGet(43)) - raft.server.staging.catchup.gap = 1000 (default)
2019-09-26 21:19:17,776 [9ce0b59e-153f-4f41-8aed-492a76d80b48@group-255437930481:LeaderElection151] INFO  impl.RoleInfo (RoleInfo.java:updateAndGet(143)) - 9ce0b59e-153f-4f41-8aed-492a76d80b48: start FollowerState
2019-09-26 21:19:17,776 [grpc-default-executor-1] INFO  server.GrpcLogAppender (GrpcLogAppender.java:onCompleted(293)) - 09112efe-1fad-4539-a04f-c96aef6d2351@group-90252941981A->9ce0b59e-153f-4f41-8aed-492a76d80b48-AppendLogResponseHandler: follower responses appendEntries COMPLETED
2019-09-26 21:19:17,776 [1178c3ae-d0b4-4d44-b144-fe8504cc41ac@group-52417DAB7C97:LeaderElection149] INFO  server.RaftServerConfigKeys (ConfUtils.java:logGet(43)) - raft.server.staging.catchup.gap = 1000 (default)
2019-09-26 21:19:17,775 [0c640f50-2bc9-49b6-b785-a27e3116e6ba@group-ED8FB1794F16:LeaderElection157] INFO  impl.RaftServerImpl (ServerState.java:setLeader(253)) - 0c640f50-2bc9-49b6-b785-a27e3116e6ba@group-ED8FB1794F16: change Leader from null to 0c640f50-2bc9-49b6-b785-a27e3116e6ba at term 1 for becomeLeader, leader elected after 5504ms
2019-09-26 21:19:17,775 [9ce0b59e-153f-4f41-8aed-492a76d80b48@group-2D75DAEBF09F:LeaderElection163] INFO  impl.LeaderElection (LeaderElection.java:askForVotes(182)) - 9ce0b59e-153f-4f41-8aed-492a76d80b48@group-2D75DAEBF09F:LeaderElection163: begin an election at term 1 for -1: [9ce0b59e-153f-4f41-8aed-492a76d80b48:192.168.151.99:34156], old=null
2019-09-26 21:19:17,775 [9ce0b59e-153f-4f41-8aed-492a76d80b48@group-BAEC348CDEE8:LeaderElection160] INFO  server.RaftServerConfigKeys (ConfUtils.java:logGet(43)) - raft.server.staging.catchup.gap = 1000 (default)
2019-09-26 21:19:17,775 [9ce0b59e-153f-4f41-8aed-492a76d80b48@group-2D4E45E064A9:LeaderElection164] INFO  impl.LeaderElection (LeaderElection.java:askForVotes(182)) - 9ce0b59e-153f-4f41-8aed-492a76d80b48@group-2D4E45E064A9:LeaderElection164: begin an election at term 1 for -1: [9ce0b59e-153f-4f41-8aed-492a76d80b48:192.168.151.99:34156], old=null
2019-09-26 21:19:17,775 [9ce0b59e-153f-4f41-8aed-492a76d80b48@group-514D036A21E3:LeaderElection166] INFO  impl.LeaderElection (LeaderElection.java:askForVotes(182)) - 9ce0b59e-153f-4f41-8aed-492a76d80b48@group-514D036A21E3:LeaderElection166: begin an election at term 1 for -1: [9ce0b59e-153f-4f41-8aed-492a76d80b48:192.168.151.99:34156], old=null
2019-09-26 21:19:17,775 [9ce0b59e-153f-4f41-8aed-492a76d80b48@group-B087709E6FAB:LeaderElection165] INFO  impl.LeaderElection (LeaderElection.java:askForVotes(182)) - 9ce0b59e-153f-4f41-8aed-492a76d80b48@group-B087709E6FAB:LeaderElection165: begin an election at term 1 for -1: [9ce0b59e-153f-4f41-8aed-492a76d80b48:192.168.151.99:34156], old=null
2019-09-26 21:19:17,782 [9ce0b59e-153f-4f41-8aed-492a76d80b48@group-B087709E6FAB:LeaderElection165] INFO  impl.RoleInfo (RoleInfo.java:shutdownLeaderElection(134)) - 9ce0b59e-153f-4f41-8aed-492a76d80b48: shutdown LeaderElection
2019-09-26 21:19:17,771 [grpc-default-executor-3] INFO  server.GrpcServerProtocolService (GrpcServerProtocolService.java:onCompleted(113)) - 0c640f50-2bc9-49b6-b785-a27e3116e6ba: Completed APPEND_ENTRIES, lastRequest: 09112efe-1fad-4539-a04f-c96aef6d2351->0c640f50-2bc9-49b6-b785-a27e3116e6ba#1-t1, previous=(t:0, i:0), leaderCommit=-1, initializing? false, entries: size=1, first=(t:1, i:0), CONFIGURATIONENTRY
2019-09-26 21:19:17,771 [da833d8d-e72a-4068-9560-4daa2d83adc2@group-6AC811BBC42F:LeaderElection154] INFO  impl.RaftServerImpl (ServerState.java:setLeader(253)) - da833d8d-e72a-4068-9560-4daa2d83adc2@group-6AC811BBC42F: change Leader from null to da833d8d-e72a-4068-9560-4daa2d83adc2 at term 1 for becomeLeader, leader elected after 22286ms
2019-09-26 21:19:17,771 [9ce0b59e-153f-4f41-8aed-492a76d80b48@group-584C4E42F0CA:LeaderElection155] INFO  server.RaftServerConfigKeys (ConfUtils.java:logGet(43)) - raft.server.staging.catchup.gap = 1000 (default)
2019-09-26 21:19:17,771 [1178c3ae-d0b4-4d44-b144-fe8504cc41ac@group-04CBCD99AF3A:LeaderElection162] INFO  server.RaftServerConfigKeys (ConfUtils.java:logGet(43)) - raft.server.staging.catchup.gap = 1000 (default)
2019-09-26 21:19:17,771 [Thread-1000] INFO  impl.RoleInfo (RoleInfo.java:updateAndGet(143)) - 9ce0b59e-153f-4f41-8aed-492a76d80b48: start LeaderElection
2019-09-26 21:19:17,783 [1178c3ae-d0b4-4d44-b144-fe8504cc41ac@group-04CBCD99AF3A:LeaderElection162] INFO  server.RaftServerConfigKeys (ConfUtils.java:logGet(43)) - raft.server.rpc.sleep.time = 25ms (default)
2019-09-26 21:19:17,783 [9ce0b59e-153f-4f41-8aed-492a76d80b48@group-584C4E42F0CA:LeaderElection155] INFO  server.RaftServerConfigKeys (ConfUtils.java:logGet(43)) - raft.server.rpc.sleep.time = 25ms (default)
2019-09-26 21:19:17,783 [grpc-default-executor-3] INFO  server.GrpcLogAppender (GrpcLogAppender.java:onCompleted(293)) - 09112efe-1fad-4539-a04f-c96aef6d2351@group-90252941981A->0c640f50-2bc9-49b6-b785-a27e3116e6ba-AppendLogResponseHandler: follower responses appendEntries COMPLETED
2019-09-26 21:19:17,783 [da833d8d-e72a-4068-9560-4daa2d83adc2@group-6AC811BBC42F:LeaderElection154] INFO  server.RaftServerConfigKeys (ConfUtils.java:logGet(43)) - raft.server.staging.catchup.gap = 1000 (default)
2019-09-26 21:19:17,782 [9ce0b59e-153f-4f41-8aed-492a76d80b48@group-B087709E6FAB:LeaderElection165] INFO  impl.RaftServerImpl (RaftServerImpl.java:setRole(174)) - 9ce0b59e-153f-4f41-8aed-492a76d80b48@group-B087709E6FAB: changes role from CANDIDATE to LEADER at term 1 for changeToLeader
2019-09-26 21:19:17,790 [9ce0b59e-153f-4f41-8aed-492a76d80b48@group-B087709E6FAB:LeaderElection165] INFO  impl.RaftServerImpl (ServerState.java:setLeader(253)) - 9ce0b59e-153f-4f41-8aed-492a76d80b48@group-B087709E6FAB: change Leader from null to 9ce0b59e-153f-4f41-8aed-492a76d80b48 at term 1 for becomeLeader, leader elected after 5304ms
2019-09-26 21:19:17,782 [9ce0b59e-153f-4f41-8aed-492a76d80b48@group-514D036A21E3:LeaderElection166] INFO  impl.RoleInfo (RoleInfo.java:shutdownLeaderElection(134)) - 9ce0b59e-153f-4f41-8aed-492a76d80b48: shutdown LeaderElection
2019-09-26 21:19:17,782 [9ce0b59e-153f-4f41-8aed-492a76d80b48@group-2D4E45E064A9:LeaderElection164] INFO  impl.RoleInfo (RoleInfo.java:shutdownLeaderElection(134)) - 9ce0b59e-153f-4f41-8aed-492a76d80b48: shutdown LeaderElection
2019-09-26 21:19:17,791 [9ce0b59e-153f-4f41-8aed-492a76d80b48@group-2D4E45E064A9:LeaderElection164] INFO  impl.RaftServerImpl (RaftServerImpl.java:setRole(174)) - 9ce0b59e-153f-4f41-8aed-492a76d80b48@group-2D4E45E064A9: changes role from CANDIDATE to LEADER at term 1 for changeToLeader
2019-09-26 21:19:17,782 [grpc-default-executor-1] INFO  impl.FollowerInfo (FollowerInfo.java:lambda$new$0(51)) - 09112efe-1fad-4539-a04f-c96aef6d2351@group-90252941981A->9ce0b59e-153f-4f41-8aed-492a76d80b48: nextIndex: updateUnconditionally 1 -> 0
2019-09-26 21:19:17,782 [9ce0b59e-153f-4f41-8aed-492a76d80b48@group-BAEC348CDEE8:LeaderElection160] INFO  server.RaftServerConfigKeys (ConfUtils.java:logGet(43)) - raft.server.rpc.sleep.time = 25ms (default)
2019-09-26 21:19:17,782 [9ce0b59e-153f-4f41-8aed-492a76d80b48@group-2D75DAEBF09F:LeaderElection163] INFO  impl.RoleInfo (RoleInfo.java:shutdownLeaderElection(134)) - 9ce0b59e-153f-4f41-8aed-492a76d80b48: shutdown LeaderElection
2019-09-26 21:19:17,791 [9ce0b59e-153f-4f41-8aed-492a76d80b48@group-2D75DAEBF09F:LeaderElection163] INFO  impl.RaftServerImpl (RaftServerImpl.java:setRole(174)) - 9ce0b59e-153f-4f41-8aed-492a76d80b48@group-2D75DAEBF09F: changes role from CANDIDATE to LEADER at term 1 for changeToLeader
2019-09-26 21:19:17,791 [9ce0b59e-153f-4f41-8aed-492a76d80b48@group-2D75DAEBF09F:LeaderElection163] INFO  impl.RaftServerImpl (ServerState.java:setLeader(253)) - 9ce0b59e-153f-4f41-8aed-492a76d80b48@group-2D75DAEBF09F: change Leader from null to 9ce0b59e-153f-4f41-8aed-492a76d80b48 at term 1 for becomeLeader, leader elected after 5202ms
2019-09-26 21:19:17,782 [0c640f50-2bc9-49b6-b785-a27e3116e6ba@group-ED8FB1794F16:LeaderElection157] INFO  server.RaftServerConfigKeys (ConfUtils.java:logGet(43)) - raft.server.staging.catchup.gap = 1000 (default)
2019-09-26 21:19:17,791 [0c640f50-2bc9-49b6-b785-a27e3116e6ba@group-ED8FB1794F16:LeaderElection157] INFO  server.RaftServerConfigKeys (ConfUtils.java:logGet(43)) - raft.server.rpc.sleep.time = 25ms (default)
2019-09-26 21:19:17,782 [1178c3ae-d0b4-4d44-b144-fe8504cc41ac@group-52417DAB7C97:LeaderElection149] INFO  server.RaftServerConfigKeys (ConfUtils.java:logGet(43)) - raft.server.rpc.sleep.time = 25ms (default)
2019-09-26 21:19:17,778 [09112efe-1fad-4539-a04f-c96aef6d2351@group-3A209C435E0A:LeaderElection161] INFO  server.RaftServerConfigKeys (ConfUtils.java:logGet(43)) - raft.server.rpc.sleep.time = 25ms (default)
2019-09-26 21:19:17,778 [0c640f50-2bc9-49b6-b785-a27e3116e6ba@group-255437930481:LeaderElection150] INFO  impl.RoleInfo (RoleInfo.java:updateAndGet(143)) - 0c640f50-2bc9-49b6-b785-a27e3116e6ba: start FollowerState
2019-09-26 21:19:17,777 [da833d8d-e72a-4068-9560-4daa2d83adc2@group-B3D9420AEDE2:LeaderElection158] INFO  server.RaftServerConfigKeys (ConfUtils.java:logGet(43)) - raft.server.rpc.sleep.time = 25ms (default)
2019-09-26 21:19:17,792 [da833d8d-e72a-4068-9560-4daa2d83adc2@group-B3D9420AEDE2:LeaderElection158] INFO  server.RaftServerConfigKeys (ConfUtils.java:logGet(43)) - raft.server.write.element-limit = 4096 (default)
2019-09-26 21:19:17,777 [0c640f50-2bc9-49b6-b785-a27e3116e6ba@group-F6A96175DD6B:LeaderElection159] INFO  server.RaftServerConfigKeys (ConfUtils.java:logGet(43)) - raft.server.rpc.sleep.time = 25ms (default)
2019-09-26 21:19:17,777 [da833d8d-e72a-4068-9560-4daa2d83adc2@group-537F952A2140:LeaderElection156] INFO  server.RaftServerConfigKeys (ConfUtils.java:logGet(43)) - raft.server.write.element-limit = 4096 (default)
2019-09-26 21:19:17,777 [pool-27-thread-1] INFO  server.RaftServerConfigKeys (ConfUtils.java:logGet(43)) - raft.server.notification.no-leader.timeout = 120s (custom)
2019-09-26 21:19:17,793 [Thread-1025] INFO  impl.FollowerState (FollowerState.java:run(106)) - 1178c3ae-d0b4-4d44-b144-fe8504cc41ac:group-07763D2A0C0C changes to CANDIDATE, lastRpcTime:5096, electionTimeout:5096ms
2019-09-26 21:19:17,793 [da833d8d-e72a-4068-9560-4daa2d83adc2@group-537F952A2140:LeaderElection156] INFO  server.RaftServerConfigKeys (ConfUtils.java:logGet(43)) - raft.server.watch.timeout = 10s (default)
2019-09-26 21:19:17,793 [0c640f50-2bc9-49b6-b785-a27e3116e6ba@group-F6A96175DD6B:LeaderElection159] INFO  server.RaftServerConfigKeys (ConfUtils.java:logGet(43)) - raft.server.write.element-limit = 4096 (default)
2019-09-26 21:19:17,792 [da833d8d-e72a-4068-9560-4daa2d83adc2@group-B3D9420AEDE2:LeaderElection158] INFO  server.RaftServerConfigKeys (ConfUtils.java:logGet(43)) - raft.server.watch.timeout = 10s (default)
2019-09-26 21:19:17,794 [da833d8d-e72a-4068-9560-4daa2d83adc2@group-B3D9420AEDE2:LeaderElection158] INFO  server.RaftServerConfigKeys (ConfUtils.java:logGet(43)) - raft.server.watch.timeout.denomination = 1s (default)
2019-09-26 21:19:17,792 [09112efe-1fad-4539-a04f-c96aef6d2351@group-3A209C435E0A:LeaderElection161] INFO  server.RaftServerConfigKeys (ConfUtils.java:logGet(43)) - raft.server.write.element-limit = 4096 (default)
2019-09-26 21:19:17,792 [1178c3ae-d0b4-4d44-b144-fe8504cc41ac@group-52417DAB7C97:LeaderElection149] INFO  server.RaftServerConfigKeys (ConfUtils.java:logGet(43)) - raft.server.write.element-limit = 4096 (default)
2019-09-26 21:19:17,792 [0c640f50-2bc9-49b6-b785-a27e3116e6ba@group-ED8FB1794F16:LeaderElection157] INFO  server.RaftServerConfigKeys (ConfUtils.java:logGet(43)) - raft.server.write.element-limit = 4096 (default)
2019-09-26 21:19:17,791 [9ce0b59e-153f-4f41-8aed-492a76d80b48@group-2D75DAEBF09F:LeaderElection163] INFO  server.RaftServerConfigKeys (ConfUtils.java:logGet(43)) - raft.server.staging.catchup.gap = 1000 (default)
2019-09-26 21:19:17,791 [9ce0b59e-153f-4f41-8aed-492a76d80b48@group-BAEC348CDEE8:LeaderElection160] INFO  server.RaftServerConfigKeys (ConfUtils.java:logGet(43)) - raft.server.write.element-limit = 4096 (default)
2019-09-26 21:19:17,791 [9ce0b59e-153f-4f41-8aed-492a76d80b48@group-7BF1E83F2834:LeaderElection168] INFO  impl.LeaderElection (LeaderElection.java:askForVotes(182)) - 9ce0b59e-153f-4f41-8aed-492a76d80b48@group-7BF1E83F2834:LeaderElection168: begin an election at term 1 for -1: [9ce0b59e-153f-4f41-8aed-492a76d80b48:192.168.151.99:34156], old=null
2019-09-26 21:19:17,795 [9ce0b59e-153f-4f41-8aed-492a76d80b48@group-7BF1E83F2834:LeaderElection168] INFO  impl.RoleInfo (RoleInfo.java:shutdownLeaderElection(134)) - 9ce0b59e-153f-4f41-8aed-492a76d80b48: shutdown LeaderElection
2019-09-26 21:19:17,791 [9ce0b59e-153f-4f41-8aed-492a76d80b48@group-2D4E45E064A9:LeaderElection164] INFO  impl.RaftServerImpl (ServerState.java:setLeader(253)) - 9ce0b59e-153f-4f41-8aed-492a76d80b48@group-2D4E45E064A9: change Leader from null to 9ce0b59e-153f-4f41-8aed-492a76d80b48 at term 1 for becomeLeader, leader elected after 5259ms
2019-09-26 21:19:17,790 [9ce0b59e-153f-4f41-8aed-492a76d80b48@group-514D036A21E3:LeaderElection166] INFO  impl.RaftServerImpl (RaftServerImpl.java:setRole(174)) - 9ce0b59e-153f-4f41-8aed-492a76d80b48@group-514D036A21E3: changes role from CANDIDATE to LEADER at term 1 for changeToLeader
2019-09-26 21:19:17,790 [9ce0b59e-153f-4f41-8aed-492a76d80b48@group-B087709E6FAB:LeaderElection165] INFO  server.RaftServerConfigKeys (ConfUtils.java:logGet(43)) - raft.server.staging.catchup.gap = 1000 (default)
2019-09-26 21:19:17,787 [da833d8d-e72a-4068-9560-4daa2d83adc2@group-6AC811BBC42F:LeaderElection154] INFO  server.RaftServerConfigKeys (ConfUtils.java:logGet(43)) - raft.server.rpc.sleep.time = 25ms (default)
2019-09-26 21:19:17,787 [grpc-default-executor-3] INFO  impl.FollowerInfo (FollowerInfo.java:lambda$new$0(51)) - 09112efe-1fad-4539-a04f-c96aef6d2351@group-90252941981A->0c640f50-2bc9-49b6-b785-a27e3116e6ba: nextIndex: updateUnconditionally 1 -> 0
2019-09-26 21:19:17,784 [9ce0b59e-153f-4f41-8aed-492a76d80b48@group-584C4E42F0CA:LeaderElection155] INFO  server.RaftServerConfigKeys (ConfUtils.java:logGet(43)) - raft.server.write.element-limit = 4096 (default)
2019-09-26 21:19:17,784 [1178c3ae-d0b4-4d44-b144-fe8504cc41ac@group-04CBCD99AF3A:LeaderElection162] INFO  server.RaftServerConfigKeys (ConfUtils.java:logGet(43)) - raft.server.write.element-limit = 4096 (default)
2019-09-26 21:19:17,796 [9ce0b59e-153f-4f41-8aed-492a76d80b48@group-584C4E42F0CA:LeaderElection155] INFO  server.RaftServerConfigKeys (ConfUtils.java:logGet(43)) - raft.server.watch.timeout = 10s (default)
2019-09-26 21:19:17,795 [da833d8d-e72a-4068-9560-4daa2d83adc2@group-6AC811BBC42F:LeaderElection154] INFO  server.RaftServerConfigKeys (ConfUtils.java:logGet(43)) - raft.server.write.element-limit = 4096 (default)
2019-09-26 21:19:17,795 [9ce0b59e-153f-4f41-8aed-492a76d80b48@group-B087709E6FAB:LeaderElection165] INFO  server.RaftServerConfigKeys (ConfUtils.java:logGet(43)) - raft.server.rpc.sleep.time = 25ms (default)
2019-09-26 21:19:17,795 [9ce0b59e-153f-4f41-8aed-492a76d80b48@group-514D036A21E3:LeaderElection166] INFO  impl.RaftServerImpl (ServerState.java:setLeader(253)) - 9ce0b59e-153f-4f41-8aed-492a76d80b48@group-514D036A21E3: change Leader from null to 9ce0b59e-153f-4f41-8aed-492a76d80b48 at term 1 for becomeLeader, leader elected after 5358ms
2019-09-26 21:19:17,795 [9ce0b59e-153f-4f41-8aed-492a76d80b48@group-2D4E45E064A9:LeaderElection164] INFO  server.RaftServerConfigKeys (ConfUtils.java:logGet(43)) - raft.server.staging.catchup.gap = 1000 (default)
2019-09-26 21:19:17,796 [9ce0b59e-153f-4f41-8aed-492a76d80b48@group-2D4E45E064A9:LeaderElection164] INFO  server.RaftServerConfigKeys (ConfUtils.java:logGet(43)) - raft.server.rpc.sleep.time = 25ms (default)
2019-09-26 21:19:17,795 [9ce0b59e-153f-4f41-8aed-492a76d80b48@group-7BF1E83F2834:LeaderElection168] INFO  impl.RaftServerImpl (RaftServerImpl.java:setRole(174)) - 9ce0b59e-153f-4f41-8aed-492a76d80b48@group-7BF1E83F2834: changes role from CANDIDATE to LEADER at term 1 for changeToLeader
2019-09-26 21:19:17,797 [9ce0b59e-153f-4f41-8aed-492a76d80b48@group-7BF1E83F2834:LeaderElection168] INFO  impl.RaftServerImpl (ServerState.java:setLeader(253)) - 9ce0b59e-153f-4f41-8aed-492a76d80b48@group-7BF1E83F2834: change Leader from null to 9ce0b59e-153f-4f41-8aed-492a76d80b48 at term 1 for becomeLeader, leader elected after 5402ms
2019-09-26 21:19:17,794 [9ce0b59e-153f-4f41-8aed-492a76d80b48@group-BAEC348CDEE8:LeaderElection160] INFO  server.RaftServerConfigKeys (ConfUtils.java:logGet(43)) - raft.server.watch.timeout = 10s (default)
2019-09-26 21:19:17,794 [9ce0b59e-153f-4f41-8aed-492a76d80b48@group-2D75DAEBF09F:LeaderElection163] INFO  server.RaftServerConfigKeys (ConfUtils.java:logGet(43)) - raft.server.rpc.sleep.time = 25ms (default)
2019-09-26 21:19:17,794 [0c640f50-2bc9-49b6-b785-a27e3116e6ba@group-ED8FB1794F16:LeaderElection157] INFO  server.RaftServerConfigKeys (ConfUtils.java:logGet(43)) - raft.server.watch.timeout = 10s (default)
2019-09-26 21:19:17,797 [0c640f50-2bc9-49b6-b785-a27e3116e6ba@group-ED8FB1794F16:LeaderElection157] INFO  server.RaftServerConfigKeys (ConfUtils.java:logGet(43)) - raft.server.watch.timeout.denomination = 1s (default)
2019-09-26 21:19:17,794 [1178c3ae-d0b4-4d44-b144-fe8504cc41ac@group-52417DAB7C97:LeaderElection149] INFO  server.RaftServerConfigKeys (ConfUtils.java:logGet(43)) - raft.server.watch.timeout = 10s (default)
2019-09-26 21:19:17,797 [1178c3ae-d0b4-4d44-b144-fe8504cc41ac@group-52417DAB7C97:LeaderElection149] INFO  server.RaftServerConfigKeys (ConfUtils.java:logGet(43)) - raft.server.watch.timeout.denomination = 1s (default)
2019-09-26 21:19:17,794 [09112efe-1fad-4539-a04f-c96aef6d2351@group-3A209C435E0A:LeaderElection161] INFO  server.RaftServerConfigKeys (ConfUtils.java:logGet(43)) - raft.server.watch.timeout = 10s (default)
2019-09-26 21:19:17,794 [da833d8d-e72a-4068-9560-4daa2d83adc2@group-B3D9420AEDE2:LeaderElection158] INFO  server.RaftServerConfigKeys (ConfUtils.java:logGet(43)) - raft.server.watch.element-limit = 65536 (default)
2019-09-26 21:19:17,793 [0c640f50-2bc9-49b6-b785-a27e3116e6ba@group-F6A96175DD6B:LeaderElection159] INFO  server.RaftServerConfigKeys (ConfUtils.java:logGet(43)) - raft.server.watch.timeout = 10s (default)
2019-09-26 21:19:17,798 [0c640f50-2bc9-49b6-b785-a27e3116e6ba@group-F6A96175DD6B:LeaderElection159] INFO  server.RaftServerConfigKeys (ConfUtils.java:logGet(43)) - raft.server.watch.timeout.denomination = 1s (default)
2019-09-26 21:19:17,793 [da833d8d-e72a-4068-9560-4daa2d83adc2@group-537F952A2140:LeaderElection156] INFO  server.RaftServerConfigKeys (ConfUtils.java:logGet(43)) - raft.server.watch.timeout.denomination = 1s (default)
2019-09-26 21:19:17,798 [da833d8d-e72a-4068-9560-4daa2d83adc2@group-537F952A2140:LeaderElection156] INFO  server.RaftServerConfigKeys (ConfUtils.java:logGet(43)) - raft.server.watch.element-limit = 65536 (default)
2019-09-26 21:19:17,793 [Thread-1025] INFO  impl.RoleInfo (RoleInfo.java:shutdownFollowerState(121)) - 1178c3ae-d0b4-4d44-b144-fe8504cc41ac: shutdown FollowerState
2019-09-26 21:19:17,793 [da833d8d-e72a-4068-9560-4daa2d83adc2@group-255437930481:LeaderElection152] INFO  impl.LeaderElection (LeaderElection.java:logAndReturn(56)) - da833d8d-e72a-4068-9560-4daa2d83adc2@group-255437930481:LeaderElection152: Election REJECTED; received 2 response(s) [da833d8d-e72a-4068-9560-4daa2d83adc2<-0c640f50-2bc9-49b6-b785-a27e3116e6ba#0:FAIL-t1, da833d8d-e72a-4068-9560-4daa2d83adc2<-9ce0b59e-153f-4f41-8aed-492a76d80b48#0:FAIL-t1] and 0 exception(s); da833d8d-e72a-4068-9560-4daa2d83adc2@group-255437930481:t1, leader=null, voted=da833d8d-e72a-4068-9560-4daa2d83adc2, raftlog=da833d8d-e72a-4068-9560-4daa2d83adc2@group-255437930481-SegmentedRaftLog:OPENED:c-1,f-1,i0, conf=-1: [0c640f50-2bc9-49b6-b785-a27e3116e6ba:192.168.151.99:42361, 9ce0b59e-153f-4f41-8aed-492a76d80b48:192.168.151.99:34156, da833d8d-e72a-4068-9560-4daa2d83adc2:192.168.151.99:38903], old=null
2019-09-26 21:19:17,793 [9ce0b59e-153f-4f41-8aed-492a76d80b48@group-3144698B2ED7:LeaderElection167] INFO  impl.LeaderElection (LeaderElection.java:askForVotes(182)) - 9ce0b59e-153f-4f41-8aed-492a76d80b48@group-3144698B2ED7:LeaderElection167: begin an election at term 1 for -1: [9ce0b59e-153f-4f41-8aed-492a76d80b48:192.168.151.99:34156], old=null
2019-09-26 21:19:17,799 [9ce0b59e-153f-4f41-8aed-492a76d80b48@group-3144698B2ED7:LeaderElection167] INFO  impl.RoleInfo (RoleInfo.java:shutdownLeaderElection(134)) - 9ce0b59e-153f-4f41-8aed-492a76d80b48: shutdown LeaderElection
2019-09-26 21:19:17,793 [pool-27-thread-1] INFO  server.RaftServerConfigKeys (ConfUtils.java:logGet(43)) - raft.server.log.use.memory = false (default)
2019-09-26 21:19:17,799 [9ce0b59e-153f-4f41-8aed-492a76d80b48@group-3144698B2ED7:LeaderElection167] INFO  impl.RaftServerImpl (RaftServerImpl.java:setRole(174)) - 9ce0b59e-153f-4f41-8aed-492a76d80b48@group-3144698B2ED7: changes role from CANDIDATE to LEADER at term 1 for changeToLeader
2019-09-26 21:19:17,802 [9ce0b59e-153f-4f41-8aed-492a76d80b48@group-3144698B2ED7:LeaderElection167] INFO  impl.RaftServerImpl (ServerState.java:setLeader(253)) - 9ce0b59e-153f-4f41-8aed-492a76d80b48@group-3144698B2ED7: change Leader from null to 9ce0b59e-153f-4f41-8aed-492a76d80b48 at term 1 for becomeLeader, leader elected after 5489ms
2019-09-26 21:19:17,799 [da833d8d-e72a-4068-9560-4daa2d83adc2@group-255437930481:LeaderElection152] INFO  impl.RaftServerImpl (RaftServerImpl.java:setRole(174)) - da833d8d-e72a-4068-9560-4daa2d83adc2@group-255437930481: changes role from CANDIDATE to FOLLOWER at term 1 for DISCOVERED_A_NEW_TERM
2019-09-26 21:19:17,799 [Thread-1025] INFO  impl.RaftServerImpl (RaftServerImpl.java:setRole(174)) - 1178c3ae-d0b4-4d44-b144-fe8504cc41ac@group-07763D2A0C0C: changes role from  FOLLOWER to CANDIDATE at term 0 for changeToCandidate
2019-09-26 21:19:17,798 [0c640f50-2bc9-49b6-b785-a27e3116e6ba@group-F6A96175DD6B:LeaderElection159] INFO  server.RaftServerConfigKeys (ConfUtils.java:logGet(43)) - raft.server.watch.element-limit = 65536 (default)
2019-09-26 21:19:17,798 [09112efe-1fad-4539-a04f-c96aef6d2351@group-3A209C435E0A:LeaderElection161] INFO  server.RaftServerConfigKeys (ConfUtils.java:logGet(43)) - raft.server.watch.timeout.denomination = 1s (default)
2019-09-26 21:19:17,803 [09112efe-1fad-4539-a04f-c96aef6d2351@group-3A209C435E0A:LeaderElection161] INFO  server.RaftServerConfigKeys (ConfUtils.java:logGet(43)) - raft.server.watch.element-limit = 65536 (default)
2019-09-26 21:19:17,798 [1178c3ae-d0b4-4d44-b144-fe8504cc41ac@group-52417DAB7C97:LeaderElection149] INFO  server.RaftServerConfigKeys (ConfUtils.java:logGet(43)) - raft.server.watch.element-limit = 65536 (default)
2019-09-26 21:19:17,797 [0c640f50-2bc9-49b6-b785-a27e3116e6ba@group-ED8FB1794F16:LeaderElection157] INFO  server.RaftServerConfigKeys (ConfUtils.java:logGet(43)) - raft.server.watch.element-limit = 65536 (default)
2019-09-26 21:19:17,797 [9ce0b59e-153f-4f41-8aed-492a76d80b48@group-2D75DAEBF09F:LeaderElection163] INFO  server.RaftServerConfigKeys (ConfUtils.java:logGet(43)) - raft.server.write.element-limit = 4096 (default)
2019-09-26 21:19:17,797 [9ce0b59e-153f-4f41-8aed-492a76d80b48@group-BAEC348CDEE8:LeaderElection160] INFO  server.RaftServerConfigKeys (ConfUtils.java:logGet(43)) - raft.server.watch.timeout.denomination = 1s (default)
2019-09-26 21:19:17,797 [9ce0b59e-153f-4f41-8aed-492a76d80b48@group-7BF1E83F2834:LeaderElection168] INFO  server.RaftServerConfigKeys (ConfUtils.java:logGet(43)) - raft.server.staging.catchup.gap = 1000 (default)
2019-09-26 21:19:17,804 [9ce0b59e-153f-4f41-8aed-492a76d80b48@group-7BF1E83F2834:LeaderElection168] INFO  server.RaftServerConfigKeys (ConfUtils.java:logGet(43)) - raft.server.rpc.sleep.time = 25ms (default)
2019-09-26 21:19:17,797 [9ce0b59e-153f-4f41-8aed-492a76d80b48@group-2D4E45E064A9:LeaderElection164] INFO  server.RaftServerConfigKeys (ConfUtils.java:logGet(43)) - raft.server.write.element-limit = 4096 (default)
2019-09-26 21:19:17,796 [9ce0b59e-153f-4f41-8aed-492a76d80b48@group-514D036A21E3:LeaderElection166] INFO  server.RaftServerConfigKeys (ConfUtils.java:logGet(43)) - raft.server.staging.catchup.gap = 1000 (default)
2019-09-26 21:19:17,796 [9ce0b59e-153f-4f41-8aed-492a76d80b48@group-B087709E6FAB:LeaderElection165] INFO  server.RaftServerConfigKeys (ConfUtils.java:logGet(43)) - raft.server.write.element-limit = 4096 (default)
2019-09-26 21:19:17,796 [da833d8d-e72a-4068-9560-4daa2d83adc2@group-6AC811BBC42F:LeaderElection154] INFO  server.RaftServerConfigKeys (ConfUtils.java:logGet(43)) - raft.server.watch.timeout = 10s (default)
2019-09-26 21:19:17,796 [9ce0b59e-153f-4f41-8aed-492a76d80b48@group-584C4E42F0CA:LeaderElection155] INFO  server.RaftServerConfigKeys (ConfUtils.java:logGet(43)) - raft.server.watch.timeout.denomination = 1s (default)
2019-09-26 21:19:17,805 [9ce0b59e-153f-4f41-8aed-492a76d80b48@group-584C4E42F0CA:LeaderElection155] INFO  server.RaftServerConfigKeys (ConfUtils.java:logGet(43)) - raft.server.watch.element-limit = 65536 (default)
2019-09-26 21:19:17,796 [1178c3ae-d0b4-4d44-b144-fe8504cc41ac@group-04CBCD99AF3A:LeaderElection162] INFO  server.RaftServerConfigKeys (ConfUtils.java:logGet(43)) - raft.server.watch.timeout = 10s (default)
2019-09-26 21:19:17,805 [da833d8d-e72a-4068-9560-4daa2d83adc2@group-6AC811BBC42F:LeaderElection154] INFO  server.RaftServerConfigKeys (ConfUtils.java:logGet(43)) - raft.server.watch.timeout.denomination = 1s (default)
2019-09-26 21:19:17,804 [9ce0b59e-153f-4f41-8aed-492a76d80b48@group-B087709E6FAB:LeaderElection165] INFO  server.RaftServerConfigKeys (ConfUtils.java:logGet(43)) - raft.server.watch.timeout = 10s (default)
2019-09-26 21:19:17,804 [9ce0b59e-153f-4f41-8aed-492a76d80b48@group-514D036A21E3:LeaderElection166] INFO  server.RaftServerConfigKeys (ConfUtils.java:logGet(43)) - raft.server.rpc.sleep.time = 25ms (default)
2019-09-26 21:19:17,804 [9ce0b59e-153f-4f41-8aed-492a76d80b48@group-2D4E45E064A9:LeaderElection164] INFO  server.RaftServerConfigKeys (ConfUtils.java:logGet(43)) - raft.server.watch.timeout = 10s (default)
2019-09-26 21:19:17,804 [9ce0b59e-153f-4f41-8aed-492a76d80b48@group-7BF1E83F2834:LeaderElection168] INFO  server.RaftServerConfigKeys (ConfUtils.java:logGet(43)) - raft.server.write.element-limit = 4096 (default)
2019-09-26 21:19:17,804 [da833d8d-e72a-4068-9560-4daa2d83adc2@group-537F952A2140:LeaderElection156] INFO  impl.RoleInfo (RoleInfo.java:updateAndGet(143)) - da833d8d-e72a-4068-9560-4daa2d83adc2: start LeaderState
2019-09-26 21:19:17,804 [9ce0b59e-153f-4f41-8aed-492a76d80b48@group-BAEC348CDEE8:LeaderElection160] INFO  server.RaftServerConfigKeys (ConfUtils.java:logGet(43)) - raft.server.watch.element-limit = 65536 (default)
2019-09-26 21:19:17,804 [9ce0b59e-153f-4f41-8aed-492a76d80b48@group-2D75DAEBF09F:LeaderElection163] INFO  server.RaftServerConfigKeys (ConfUtils.java:logGet(43)) - raft.server.watch.timeout = 10s (default)
2019-09-26 21:19:17,803 [da833d8d-e72a-4068-9560-4daa2d83adc2@group-B3D9420AEDE2:LeaderElection158] INFO  impl.RoleInfo (RoleInfo.java:updateAndGet(143)) - da833d8d-e72a-4068-9560-4daa2d83adc2: start LeaderState
2019-09-26 21:19:17,803 [Thread-1025] INFO  impl.RoleInfo (RoleInfo.java:updateAndGet(143)) - 1178c3ae-d0b4-4d44-b144-fe8504cc41ac: start LeaderElection
2019-09-26 21:19:17,803 [da833d8d-e72a-4068-9560-4daa2d83adc2@group-255437930481:LeaderElection152] INFO  impl.RoleInfo (RoleInfo.java:shutdownLeaderElection(134)) - da833d8d-e72a-4068-9560-4daa2d83adc2: shutdown LeaderElection
2019-09-26 21:19:17,802 [9ce0b59e-153f-4f41-8aed-492a76d80b48@group-3144698B2ED7:LeaderElection167] INFO  server.RaftServerConfigKeys (ConfUtils.java:logGet(43)) - raft.server.staging.catchup.gap = 1000 (default)
2019-09-26 21:19:17,802 [pool-27-thread-1] INFO  server.RaftServerConfigKeys (ConfUtils.java:logGet(43)) - raft.server.log.purge.gap = 1000000 (custom)
2019-09-26 21:19:17,807 [9ce0b59e-153f-4f41-8aed-492a76d80b48@group-3144698B2ED7:LeaderElection167] INFO  server.RaftServerConfigKeys (ConfUtils.java:logGet(43)) - raft.server.rpc.sleep.time = 25ms (default)
2019-09-26 21:19:17,806 [da833d8d-e72a-4068-9560-4daa2d83adc2@group-255437930481:LeaderElection152] INFO  impl.RoleInfo (RoleInfo.java:updateAndGet(143)) - da833d8d-e72a-4068-9560-4daa2d83adc2: start FollowerState
2019-09-26 21:19:17,806 [da833d8d-e72a-4068-9560-4daa2d83adc2@group-B3D9420AEDE2:LeaderElection158] INFO  segmented.SegmentedRaftLogWorker (SegmentedRaftLogWorker.java:startLogSegment(380)) - da833d8d-e72a-4068-9560-4daa2d83adc2@group-B3D9420AEDE2-SegmentedRaftLogWorker: Starting segment from index:0
2019-09-26 21:19:17,806 [9ce0b59e-153f-4f41-8aed-492a76d80b48@group-2D75DAEBF09F:LeaderElection163] INFO  server.RaftServerConfigKeys (ConfUtils.java:logGet(43)) - raft.server.watch.timeout.denomination = 1s (default)
2019-09-26 21:19:17,806 [da833d8d-e72a-4068-9560-4daa2d83adc2@group-537F952A2140:LeaderElection156] INFO  segmented.SegmentedRaftLogWorker (SegmentedRaftLogWorker.java:startLogSegment(380)) - da833d8d-e72a-4068-9560-4daa2d83adc2@group-537F952A2140-SegmentedRaftLogWorker: Starting segment from index:0
2019-09-26 21:19:17,806 [9ce0b59e-153f-4f41-8aed-492a76d80b48@group-7BF1E83F2834:LeaderElection168] INFO  server.RaftServerConfigKeys (ConfUtils.java:logGet(43)) - raft.server.watch.timeout = 10s (default)
2019-09-26 21:19:17,805 [9ce0b59e-153f-4f41-8aed-492a76d80b48@group-2D4E45E064A9:LeaderElection164] INFO  server.RaftServerConfigKeys (ConfUtils.java:logGet(43)) - raft.server.watch.timeout.denomination = 1s (default)
2019-09-26 21:19:17,805 [9ce0b59e-153f-4f41-8aed-492a76d80b48@group-514D036A21E3:LeaderElection166] INFO  server.RaftServerConfigKeys (ConfUtils.java:logGet(43)) - raft.server.write.element-limit = 4096 (default)
2019-09-26 21:19:17,805 [9ce0b59e-153f-4f41-8aed-492a76d80b48@group-B087709E6FAB:LeaderElection165] INFO  server.RaftServerConfigKeys (ConfUtils.java:logGet(43)) - raft.server.watch.timeout.denomination = 1s (default)
2019-09-26 21:19:17,805 [da833d8d-e72a-4068-9560-4daa2d83adc2@group-6AC811BBC42F:LeaderElection154] INFO  server.RaftServerConfigKeys (ConfUtils.java:logGet(43)) - raft.server.watch.element-limit = 65536 (default)
2019-09-26 21:19:17,805 [1178c3ae-d0b4-4d44-b144-fe8504cc41ac@group-04CBCD99AF3A:LeaderElection162] INFO  server.RaftServerConfigKeys (ConfUtils.java:logGet(43)) - raft.server.watch.timeout.denomination = 1s (default)
2019-09-26 21:19:18,479 [9ce0b59e-153f-4f41-8aed-492a76d80b48@group-B087709E6FAB:LeaderElection165] INFO  server.RaftServerConfigKeys (ConfUtils.java:logGet(43)) - raft.server.watch.element-limit = 65536 (default)
2019-09-26 21:19:18,479 [9ce0b59e-153f-4f41-8aed-492a76d80b48@group-514D036A21E3:LeaderElection166] INFO  server.RaftServerConfigKeys (ConfUtils.java:logGet(43)) - raft.server.watch.timeout = 10s (default)
2019-09-26 21:19:18,479 [9ce0b59e-153f-4f41-8aed-492a76d80b48@group-2D4E45E064A9:LeaderElection164] INFO  server.RaftServerConfigKeys (ConfUtils.java:logGet(43)) - raft.server.watch.element-limit = 65536 (default)
2019-09-26 21:19:18,476 [Thread-1052] INFO  impl.FollowerState (FollowerState.java:run(106)) - da833d8d-e72a-4068-9560-4daa2d83adc2:group-85E87D856CDF changes to CANDIDATE, lastRpcTime:5356, electionTimeout:5116ms
2019-09-26 21:19:18,476 [Thread-1058] INFO  impl.FollowerState (FollowerState.java:run(106)) - 09112efe-1fad-4539-a04f-c96aef6d2351:group-11443841DB3B changes to CANDIDATE, lastRpcTime:5268, electionTimeout:5036ms
2019-09-26 21:19:18,473 [Thread-1064] INFO  impl.FollowerState (FollowerState.java:run(106)) - 09112efe-1fad-4539-a04f-c96aef6d2351:group-7CB09764F714 changes to CANDIDATE, lastRpcTime:5161, electionTimeout:5021ms
2019-09-26 21:19:18,473 [Thread-1055] INFO  impl.FollowerState (FollowerState.java:run(106)) - 9ce0b59e-153f-4f41-8aed-492a76d80b48:group-33318FFD8D83 changes to CANDIDATE, lastRpcTime:5308, electionTimeout:5190ms
2019-09-26 21:19:18,472 [Thread-1061] INFO  impl.FollowerState (FollowerState.java:run(106)) - 1178c3ae-d0b4-4d44-b144-fe8504cc41ac:group-9541723CC6E1 changes to CANDIDATE, lastRpcTime:5226, electionTimeout:5120ms
2019-09-26 21:19:18,471 [Thread-1067] INFO  impl.FollowerState (FollowerState.java:run(106)) - 1178c3ae-d0b4-4d44-b144-fe8504cc41ac:group-AA27AC3B9E14 changes to CANDIDATE, lastRpcTime:5116, electionTimeout:5044ms
2019-09-26 21:19:18,154 [da833d8d-e72a-4068-9560-4daa2d83adc2@group-537F952A2140:LeaderElection156] INFO  impl.RaftServerImpl (ServerState.java:setRaftConf(354)) - da833d8d-e72a-4068-9560-4daa2d83adc2@group-537F952A2140: set configuration 0: [da833d8d-e72a-4068-9560-4daa2d83adc2:192.168.151.99:38903], old=null at 0
2019-09-26 21:19:18,154 [1178c3ae-d0b4-4d44-b144-fe8504cc41ac@group-07763D2A0C0C:LeaderElection169] INFO  impl.LeaderElection (LeaderElection.java:askForVotes(182)) - 1178c3ae-d0b4-4d44-b144-fe8504cc41ac@group-07763D2A0C0C:LeaderElection169: begin an election at term 1 for -1: [1178c3ae-d0b4-4d44-b144-fe8504cc41ac:192.168.151.99:33787], old=null
2019-09-26 21:19:18,153 [Thread-1046] INFO  impl.FollowerState (FollowerState.java:run(106)) - 9ce0b59e-153f-4f41-8aed-492a76d80b48:group-F571F2D46B43 changes to CANDIDATE, lastRpcTime:5127, electionTimeout:5127ms
2019-09-26 21:19:18,151 [Thread-1033] INFO  impl.FollowerState (FollowerState.java:run(106)) - da833d8d-e72a-4068-9560-4daa2d83adc2:group-0604B4D664E6 changes to CANDIDATE, lastRpcTime:5330, electionTimeout:5081ms
2019-09-26 21:19:18,150 [Thread-1028] INFO  impl.FollowerState (FollowerState.java:run(106)) - 9ce0b59e-153f-4f41-8aed-492a76d80b48:group-9B72ABBB0540 changes to CANDIDATE, lastRpcTime:5386, electionTimeout:5197ms
2019-09-26 21:19:18,148 [Thread-1043] INFO  impl.FollowerState (FollowerState.java:run(106)) - da833d8d-e72a-4068-9560-4daa2d83adc2:group-4E8FB90A84B2 changes to CANDIDATE, lastRpcTime:5171, electionTimeout:5049ms
2019-09-26 21:19:18,482 [Thread-1046] INFO  impl.RoleInfo (RoleInfo.java:shutdownFollowerState(121)) - 9ce0b59e-153f-4f41-8aed-492a76d80b48: shutdown FollowerState
2019-09-26 21:19:18,148 [Thread-1036] INFO  impl.FollowerState (FollowerState.java:run(106)) - 9ce0b59e-153f-4f41-8aed-492a76d80b48:group-4BB057ED2D22 changes to CANDIDATE, lastRpcTime:5286, electionTimeout:5183ms
2019-09-26 21:19:18,147 [Thread-1039] INFO  impl.FollowerState (FollowerState.java:run(106)) - 09112efe-1fad-4539-a04f-c96aef6d2351:group-B816AAC0A64C changes to CANDIDATE, lastRpcTime:5221, electionTimeout:5133ms
2019-09-26 21:19:18,141 [Thread-1049] INFO  impl.FollowerState (FollowerState.java:run(106)) - da833d8d-e72a-4068-9560-4daa2d83adc2:group-F51D1C6A72C0 changes to CANDIDATE, lastRpcTime:5069, electionTimeout:5047ms
2019-09-26 21:19:17,807 [9ce0b59e-153f-4f41-8aed-492a76d80b48@group-7BF1E83F2834:LeaderElection168] INFO  server.RaftServerConfigKeys (ConfUtils.java:logGet(43)) - raft.server.watch.timeout.denomination = 1s (default)
2019-09-26 21:19:17,807 [da833d8d-e72a-4068-9560-4daa2d83adc2@group-B3D9420AEDE2:LeaderElection158] INFO  impl.RaftServerImpl (ServerState.java:setRaftConf(354)) - da833d8d-e72a-4068-9560-4daa2d83adc2@group-B3D9420AEDE2: set configuration 0: [da833d8d-e72a-4068-9560-4daa2d83adc2:192.168.151.99:38903], old=null at 0
2019-09-26 21:19:17,807 [9ce0b59e-153f-4f41-8aed-492a76d80b48@group-2D75DAEBF09F:LeaderElection163] INFO  server.RaftServerConfigKeys (ConfUtils.java:logGet(43)) - raft.server.watch.element-limit = 65536 (default)
2019-09-26 21:19:17,807 [9ce0b59e-153f-4f41-8aed-492a76d80b48@group-3144698B2ED7:LeaderElection167] INFO  server.RaftServerConfigKeys (ConfUtils.java:logGet(43)) - raft.server.write.element-limit = 4096 (default)
2019-09-26 21:19:17,807 [pool-27-thread-1] INFO  server.RaftServerConfigKeys (ConfUtils.java:logGet(43)) - raft.server.log.appender.buffer.byte-limit = 33554432 (custom)
2019-09-26 21:19:18,483 [9ce0b59e-153f-4f41-8aed-492a76d80b48@group-3144698B2ED7:LeaderElection167] INFO  server.RaftServerConfigKeys (ConfUtils.java:logGet(43)) - raft.server.watch.timeout = 10s (default)
2019-09-26 21:19:18,483 [Thread-1049] INFO  impl.RoleInfo (RoleInfo.java:shutdownFollowerState(121)) - da833d8d-e72a-4068-9560-4daa2d83adc2: shutdown FollowerState
2019-09-26 21:19:18,483 [9ce0b59e-153f-4f41-8aed-492a76d80b48@group-7BF1E83F2834:LeaderElection168] INFO  server.RaftServerConfigKeys (ConfUtils.java:logGet(43)) - raft.server.watch.element-limit = 65536 (default)
2019-09-26 21:19:18,483 [Thread-1039] INFO  impl.RoleInfo (RoleInfo.java:shutdownFollowerState(121)) - 09112efe-1fad-4539-a04f-c96aef6d2351: shutdown FollowerState
2019-09-26 21:19:18,483 [Thread-1036] INFO  impl.RoleInfo (RoleInfo.java:shutdownFollowerState(121)) - 9ce0b59e-153f-4f41-8aed-492a76d80b48: shutdown FollowerState
2019-09-26 21:19:18,484 [Thread-1036] INFO  impl.RaftServerImpl (RaftServerImpl.java:setRole(174)) - 9ce0b59e-153f-4f41-8aed-492a76d80b48@group-4BB057ED2D22: changes role from  FOLLOWER to CANDIDATE at term 0 for changeToCandidate
2019-09-26 21:19:18,483 [Thread-1043] INFO  impl.RoleInfo (RoleInfo.java:shutdownFollowerState(121)) - da833d8d-e72a-4068-9560-4daa2d83adc2: shutdown FollowerState
2019-09-26 21:19:18,484 [Thread-1043] INFO  impl.RaftServerImpl (RaftServerImpl.java:setRole(174)) - da833d8d-e72a-4068-9560-4daa2d83adc2@group-4E8FB90A84B2: changes role from  FOLLOWER to CANDIDATE at term 0 for changeToCandidate
2019-09-26 21:19:18,482 [Thread-1028] INFO  impl.RoleInfo (RoleInfo.java:shutdownFollowerState(121)) - 9ce0b59e-153f-4f41-8aed-492a76d80b48: shutdown FollowerState
2019-09-26 21:19:18,485 [Thread-1028] INFO  impl.RaftServerImpl (RaftServerImpl.java:setRole(174)) - 9ce0b59e-153f-4f41-8aed-492a76d80b48@group-9B72ABBB0540: changes role from  FOLLOWER to CANDIDATE at term 0 for changeToCandidate
2019-09-26 21:19:18,482 [Thread-1033] INFO  impl.RoleInfo (RoleInfo.java:shutdownFollowerState(121)) - da833d8d-e72a-4068-9560-4daa2d83adc2: shutdown FollowerState
2019-09-26 21:19:18,482 [Thread-1046] INFO  impl.RaftServerImpl (RaftServerImpl.java:setRole(174)) - 9ce0b59e-153f-4f41-8aed-492a76d80b48@group-F571F2D46B43: changes role from  FOLLOWER to CANDIDATE at term 0 for changeToCandidate
2019-09-26 21:19:18,482 [Thread-1067] INFO  impl.RoleInfo (RoleInfo.java:shutdownFollowerState(121)) - 1178c3ae-d0b4-4d44-b144-fe8504cc41ac: shutdown FollowerState
2019-09-26 21:19:18,482 [Thread-1061] INFO  impl.RoleInfo (RoleInfo.java:shutdownFollowerState(121)) - 1178c3ae-d0b4-4d44-b144-fe8504cc41ac: shutdown FollowerState
2019-09-26 21:19:18,482 [Thread-1055] INFO  impl.RoleInfo (RoleInfo.java:shutdownFollowerState(121)) - 9ce0b59e-153f-4f41-8aed-492a76d80b48: shutdown FollowerState
2019-09-26 21:19:18,482 [1178c3ae-d0b4-4d44-b144-fe8504cc41ac@group-07763D2A0C0C:LeaderElection169] INFO  impl.RoleInfo (RoleInfo.java:shutdownLeaderElection(134)) - 1178c3ae-d0b4-4d44-b144-fe8504cc41ac: shutdown LeaderElection
2019-09-26 21:19:18,481 [Thread-1064] INFO  impl.RoleInfo (RoleInfo.java:shutdownFollowerState(121)) - 09112efe-1fad-4539-a04f-c96aef6d2351: shutdown FollowerState
2019-09-26 21:19:18,486 [Thread-1064] INFO  impl.RaftServerImpl (RaftServerImpl.java:setRole(174)) - 09112efe-1fad-4539-a04f-c96aef6d2351@group-7CB09764F714: changes role from  FOLLOWER to CANDIDATE at term 0 for changeToCandidate
2019-09-26 21:19:18,481 [Thread-1058] INFO  impl.RoleInfo (RoleInfo.java:shutdownFollowerState(121)) - 09112efe-1fad-4539-a04f-c96aef6d2351: shutdown FollowerState
2019-09-26 21:19:18,486 [Thread-1058] INFO  impl.RaftServerImpl (RaftServerImpl.java:setRole(174)) - 09112efe-1fad-4539-a04f-c96aef6d2351@group-11443841DB3B: changes role from  FOLLOWER to CANDIDATE at term 0 for changeToCandidate
2019-09-26 21:19:18,481 [Thread-1052] INFO  impl.RoleInfo (RoleInfo.java:shutdownFollowerState(121)) - da833d8d-e72a-4068-9560-4daa2d83adc2: shutdown FollowerState
2019-09-26 21:19:18,480 [9ce0b59e-153f-4f41-8aed-492a76d80b48@group-514D036A21E3:LeaderElection166] INFO  server.RaftServerConfigKeys (ConfUtils.java:logGet(43)) - raft.server.watch.timeout.denomination = 1s (default)
2019-09-26 21:19:18,480 [0c640f50-2bc9-49b6-b785-a27e3116e6ba@group-F6A96175DD6B:LeaderElection159] INFO  impl.RoleInfo (RoleInfo.java:updateAndGet(143)) - 0c640f50-2bc9-49b6-b785-a27e3116e6ba: start LeaderState
2019-09-26 21:19:18,480 [1178c3ae-d0b4-4d44-b144-fe8504cc41ac@group-04CBCD99AF3A:LeaderElection162] INFO  server.RaftServerConfigKeys (ConfUtils.java:logGet(43)) - raft.server.watch.element-limit = 65536 (default)
2019-09-26 21:19:18,486 [9ce0b59e-153f-4f41-8aed-492a76d80b48@group-514D036A21E3:LeaderElection166] INFO  server.RaftServerConfigKeys (ConfUtils.java:logGet(43)) - raft.server.watch.element-limit = 65536 (default)
2019-09-26 21:19:18,486 [0c640f50-2bc9-49b6-b785-a27e3116e6ba@group-ED8FB1794F16:LeaderElection157] INFO  impl.RoleInfo (RoleInfo.java:updateAndGet(143)) - 0c640f50-2bc9-49b6-b785-a27e3116e6ba: start LeaderState
2019-09-26 21:19:18,486 [Thread-1052] INFO  impl.RaftServerImpl (RaftServerImpl.java:setRole(174)) - da833d8d-e72a-4068-9560-4daa2d83adc2@group-85E87D856CDF: changes role from  FOLLOWER to CANDIDATE at term 0 for changeToCandidate
2019-09-26 21:19:18,486 [Thread-1058] INFO  impl.RoleInfo (RoleInfo.java:updateAndGet(143)) - 09112efe-1fad-4539-a04f-c96aef6d2351: start LeaderElection
2019-09-26 21:19:18,486 [Thread-1064] INFO  impl.RoleInfo (RoleInfo.java:updateAndGet(143)) - 09112efe-1fad-4539-a04f-c96aef6d2351: start LeaderElection
2019-09-26 21:19:18,486 [1178c3ae-d0b4-4d44-b144-fe8504cc41ac@group-07763D2A0C0C:LeaderElection169] INFO  impl.RaftServerImpl (RaftServerImpl.java:setRole(174)) - 1178c3ae-d0b4-4d44-b144-fe8504cc41ac@group-07763D2A0C0C: changes role from CANDIDATE to LEADER at term 1 for changeToLeader
2019-09-26 21:19:18,485 [Thread-1055] INFO  impl.RaftServerImpl (RaftServerImpl.java:setRole(174)) - 9ce0b59e-153f-4f41-8aed-492a76d80b48@group-33318FFD8D83: changes role from  FOLLOWER to CANDIDATE at term 0 for changeToCandidate
2019-09-26 21:19:18,485 [Thread-1061] INFO  impl.RaftServerImpl (RaftServerImpl.java:setRole(174)) - 1178c3ae-d0b4-4d44-b144-fe8504cc41ac@group-9541723CC6E1: changes role from  FOLLOWER to CANDIDATE at term 0 for changeToCandidate
2019-09-26 21:19:18,485 [Thread-1067] INFO  impl.RaftServerImpl (RaftServerImpl.java:setRole(174)) - 1178c3ae-d0b4-4d44-b144-fe8504cc41ac@group-AA27AC3B9E14: changes role from  FOLLOWER to CANDIDATE at term 0 for changeToCandidate
2019-09-26 21:19:18,485 [Thread-1046] INFO  impl.RoleInfo (RoleInfo.java:updateAndGet(143)) - 9ce0b59e-153f-4f41-8aed-492a76d80b48: start LeaderElection
2019-09-26 21:19:18,485 [Thread-1033] INFO  impl.RaftServerImpl (RaftServerImpl.java:setRole(174)) - da833d8d-e72a-4068-9560-4daa2d83adc2@group-0604B4D664E6: changes role from  FOLLOWER to CANDIDATE at term 0 for changeToCandidate
2019-09-26 21:19:18,485 [Thread-1028] INFO  impl.RoleInfo (RoleInfo.java:updateAndGet(143)) - 9ce0b59e-153f-4f41-8aed-492a76d80b48: start LeaderElection
2019-09-26 21:19:18,485 [Thread-1043] INFO  impl.RoleInfo (RoleInfo.java:updateAndGet(143)) - da833d8d-e72a-4068-9560-4daa2d83adc2: start LeaderElection
2019-09-26 21:19:18,484 [09112efe-1fad-4539-a04f-c96aef6d2351@group-3A209C435E0A:LeaderElection161] INFO  impl.RoleInfo (RoleInfo.java:updateAndGet(143)) - 09112efe-1fad-4539-a04f-c96aef6d2351: start LeaderState
2019-09-26 21:19:18,484 [Thread-1036] INFO  impl.RoleInfo (RoleInfo.java:updateAndGet(143)) - 9ce0b59e-153f-4f41-8aed-492a76d80b48: start LeaderElection
2019-09-26 21:19:18,488 [09112efe-1fad-4539-a04f-c96aef6d2351@group-3A209C435E0A:LeaderElection161] INFO  segmented.SegmentedRaftLogWorker (SegmentedRaftLogWorker.java:startLogSegment(380)) - 09112efe-1fad-4539-a04f-c96aef6d2351@group-3A209C435E0A-SegmentedRaftLogWorker: Starting segment from index:0
2019-09-26 21:19:18,484 [Thread-1039] INFO  impl.RaftServerImpl (RaftServerImpl.java:setRole(174)) - 09112efe-1fad-4539-a04f-c96aef6d2351@group-B816AAC0A64C: changes role from  FOLLOWER to CANDIDATE at term 0 for changeToCandidate
2019-09-26 21:19:18,484 [Thread-1049] INFO  impl.RaftServerImpl (RaftServerImpl.java:setRole(174)) - da833d8d-e72a-4068-9560-4daa2d83adc2@group-F51D1C6A72C0: changes role from  FOLLOWER to CANDIDATE at term 0 for changeToCandidate
2019-09-26 21:19:18,484 [9ce0b59e-153f-4f41-8aed-492a76d80b48@group-3144698B2ED7:LeaderElection167] INFO  server.RaftServerConfigKeys (ConfUtils.java:logGet(43)) - raft.server.watch.timeout.denomination = 1s (default)
2019-09-26 21:19:18,489 [9ce0b59e-153f-4f41-8aed-492a76d80b48@group-3144698B2ED7:LeaderElection167] INFO  server.RaftServerConfigKeys (ConfUtils.java:logGet(43)) - raft.server.watch.element-limit = 65536 (default)
2019-09-26 21:19:18,484 [pool-27-thread-1] INFO  server.RaftServerConfigKeys (ConfUtils.java:logGet(43)) - raft.server.log.segment.size.max = 1048576 (custom)
2019-09-26 21:19:18,803 [09112efe-1fad-4539-a04f-c96aef6d2351@group-3A209C435E0A:LeaderElection161] INFO  impl.RaftServerImpl (ServerState.java:setRaftConf(354)) - 09112efe-1fad-4539-a04f-c96aef6d2351@group-3A209C435E0A: set configuration 0: [09112efe-1fad-4539-a04f-c96aef6d2351:192.168.151.99:45286], old=null at 0
2019-09-26 21:19:18,803 [09112efe-1fad-4539-a04f-c96aef6d2351@group-11443841DB3B:LeaderElection175] INFO  impl.LeaderElection (LeaderElection.java:askForVotes(182)) - 09112efe-1fad-4539-a04f-c96aef6d2351@group-11443841DB3B:LeaderElection175: begin an election at term 1 for -1: [09112efe-1fad-4539-a04f-c96aef6d2351:192.168.151.99:45286], old=null
2019-09-26 21:19:18,803 [09112efe-1fad-4539-a04f-c96aef6d2351@group-7CB09764F714:LeaderElection174] INFO  impl.LeaderElection (LeaderElection.java:askForVotes(182)) - 09112efe-1fad-4539-a04f-c96aef6d2351@group-7CB09764F714:LeaderElection174: begin an election at term 1 for -1: [09112efe-1fad-4539-a04f-c96aef6d2351:192.168.151.99:45286], old=null
2019-09-26 21:19:18,802 [Thread-1079] INFO  impl.FollowerState (FollowerState.java:run(106)) - 9ce0b59e-153f-4f41-8aed-492a76d80b48:group-F676E590A49D changes to CANDIDATE, lastRpcTime:5282, electionTimeout:5010ms
2019-09-26 21:19:18,802 [Thread-1070] INFO  impl.FollowerState (FollowerState.java:run(106)) - 1178c3ae-d0b4-4d44-b144-fe8504cc41ac:group-9BABA4CE95C3 changes to CANDIDATE, lastRpcTime:5404, electionTimeout:5134ms
2019-09-26 21:19:18,802 [Thread-1073] INFO  impl.FollowerState (FollowerState.java:run(106)) - 1178c3ae-d0b4-4d44-b144-fe8504cc41ac:group-6F0B28853612 changes to CANDIDATE, lastRpcTime:5364, electionTimeout:5098ms
2019-09-26 21:19:18,800 [Thread-1076] INFO  impl.FollowerState (FollowerState.java:run(106)) - 09112efe-1fad-4539-a04f-c96aef6d2351:group-786B1197DED0 changes to CANDIDATE, lastRpcTime:5317, electionTimeout:5149ms
2019-09-26 21:19:18,798 [Thread-1082] INFO  impl.FollowerState (FollowerState.java:run(106)) - 9ce0b59e-153f-4f41-8aed-492a76d80b48:group-2336121AAD70 changes to CANDIDATE, lastRpcTime:5238, electionTimeout:5124ms
2019-09-26 21:19:18,797 [9ce0b59e-153f-4f41-8aed-492a76d80b48@group-90252941981A-SegmentedRaftLogWorker] ERROR segmented.SegmentedRaftLogWorker (SegmentedRaftLogWorker.java:run(323)) - 9ce0b59e-153f-4f41-8aed-492a76d80b48@group-90252941981A-SegmentedRaftLogWorker hit exception
java.lang.OutOfMemoryError: Direct buffer memory
	at java.nio.Bits.reserveMemory(Bits.java:666)
	at java.nio.DirectByteBuffer.<init>(DirectByteBuffer.java:123)
	at java.nio.ByteBuffer.allocateDirect(ByteBuffer.java:311)
	at org.apache.ratis.server.raftlog.segmented.BufferedWriteChannel.<init>(BufferedWriteChannel.java:41)
	at org.apache.ratis.server.raftlog.segmented.SegmentedRaftLogOutputStream.<init>(SegmentedRaftLogOutputStream.java:72)
	at org.apache.ratis.server.raftlog.segmented.SegmentedRaftLogWorker$StartLogSegment.execute(SegmentedRaftLogWorker.java:566)
	at org.apache.ratis.server.raftlog.segmented.SegmentedRaftLogWorker.run(SegmentedRaftLogWorker.java:289)
	at java.lang.Thread.run(Thread.java:748)
2019-09-26 21:19:18,805 [Thread-1073] INFO  impl.RoleInfo (RoleInfo.java:shutdownFollowerState(121)) - 1178c3ae-d0b4-4d44-b144-fe8504cc41ac: shutdown FollowerState
2019-09-26 21:19:18,797 [0c640f50-2bc9-49b6-b785-a27e3116e6ba@group-90252941981A-SegmentedRaftLogWorker] ERROR segmented.SegmentedRaftLogWorker (SegmentedRaftLogWorker.java:run(323)) - 0c640f50-2bc9-49b6-b785-a27e3116e6ba@group-90252941981A-SegmentedRaftLogWorker hit exception
java.lang.OutOfMemoryError: Direct buffer memory
	at java.nio.Bits.reserveMemory(Bits.java:666)
	at java.nio.DirectByteBuffer.<init>(DirectByteBuffer.java:123)
	at java.nio.ByteBuffer.allocateDirect(ByteBuffer.java:311)
	at org.apache.ratis.server.raftlog.segmented.BufferedWriteChannel.<init>(BufferedWriteChannel.java:41)
	at org.apache.ratis.server.raftlog.segmented.SegmentedRaftLogOutputStream.<init>(SegmentedRaftLogOutputStream.java:72)
	at org.apache.ratis.server.raftlog.segmented.SegmentedRaftLogWorker$StartLogSegment.execute(SegmentedRaftLogWorker.java:566)
	at org.apache.ratis.server.raftlog.segmented.SegmentedRaftLogWorker.run(SegmentedRaftLogWorker.java:289)
	at java.lang.Thread.run(Thread.java:748)
2019-09-26 21:19:18,797 [Thread-1091] INFO  impl.FollowerState (FollowerState.java:run(106)) - 09112efe-1fad-4539-a04f-c96aef6d2351:group-A77325013DF5 changes to CANDIDATE, lastRpcTime:5107, electionTimeout:5047ms
2019-09-26 21:19:18,796 [Thread-1085] INFO  impl.FollowerState (FollowerState.java:run(106)) - 9ce0b59e-153f-4f41-8aed-492a76d80b48:group-BBE9186E4BB1 changes to CANDIDATE, lastRpcTime:5193, electionTimeout:5136ms
2019-09-26 21:19:18,795 [Thread-1088] INFO  impl.FollowerState (FollowerState.java:run(106)) - 1178c3ae-d0b4-4d44-b144-fe8504cc41ac:group-449BE572DC99 changes to CANDIDATE, lastRpcTime:5150, electionTimeout:5102ms
2019-09-26 21:19:18,489 [Thread-1049] INFO  impl.RoleInfo (RoleInfo.java:updateAndGet(143)) - da833d8d-e72a-4068-9560-4daa2d83adc2: start LeaderElection
2019-09-26 21:19:18,489 [Thread-1039] INFO  impl.RoleInfo (RoleInfo.java:updateAndGet(143)) - 09112efe-1fad-4539-a04f-c96aef6d2351: start LeaderElection
2019-09-26 21:19:18,488 [Thread-1033] INFO  impl.RoleInfo (RoleInfo.java:updateAndGet(143)) - da833d8d-e72a-4068-9560-4daa2d83adc2: start LeaderElection
2019-09-26 21:19:18,488 [Thread-1055] INFO  impl.RoleInfo (RoleInfo.java:updateAndGet(143)) - 9ce0b59e-153f-4f41-8aed-492a76d80b48: start LeaderElection
2019-09-26 21:19:18,488 [Thread-1061] INFO  impl.RoleInfo (RoleInfo.java:updateAndGet(143)) - 1178c3ae-d0b4-4d44-b144-fe8504cc41ac: start LeaderElection
2019-09-26 21:19:18,488 [Thread-1067] INFO  impl.RoleInfo (RoleInfo.java:updateAndGet(143)) - 1178c3ae-d0b4-4d44-b144-fe8504cc41ac: start LeaderElection
2019-09-26 21:19:18,487 [1178c3ae-d0b4-4d44-b144-fe8504cc41ac@group-07763D2A0C0C:LeaderElection169] INFO  impl.RaftServerImpl (ServerState.java:setLeader(253)) - 1178c3ae-d0b4-4d44-b144-fe8504cc41ac@group-07763D2A0C0C: change Leader from null to 1178c3ae-d0b4-4d44-b144-fe8504cc41ac at term 1 for becomeLeader, leader elected after 5796ms
2019-09-26 21:19:18,487 [Thread-1052] INFO  impl.RoleInfo (RoleInfo.java:updateAndGet(143)) - da833d8d-e72a-4068-9560-4daa2d83adc2: start LeaderElection
2019-09-26 21:19:18,487 [0c640f50-2bc9-49b6-b785-a27e3116e6ba@group-ED8FB1794F16:LeaderElection157] INFO  segmented.SegmentedRaftLogWorker (SegmentedRaftLogWorker.java:startLogSegment(380)) - 0c640f50-2bc9-49b6-b785-a27e3116e6ba@group-ED8FB1794F16-SegmentedRaftLogWorker: Starting segment from index:0
2019-09-26 21:19:18,487 [0c640f50-2bc9-49b6-b785-a27e3116e6ba@group-F6A96175DD6B:LeaderElection159] INFO  segmented.SegmentedRaftLogWorker (SegmentedRaftLogWorker.java:startLogSegment(380)) - 0c640f50-2bc9-49b6-b785-a27e3116e6ba@group-F6A96175DD6B-SegmentedRaftLogWorker: Starting segment from index:0
2019-09-26 21:19:18,487 [1178c3ae-d0b4-4d44-b144-fe8504cc41ac@group-52417DAB7C97:LeaderElection149] INFO  impl.RoleInfo (RoleInfo.java:updateAndGet(143)) - 1178c3ae-d0b4-4d44-b144-fe8504cc41ac: start LeaderState
2019-09-26 21:19:18,808 [9ce0b59e-153f-4f41-8aed-492a76d80b48@group-BAEC348CDEE8:LeaderElection160] INFO  impl.RoleInfo (RoleInfo.java:updateAndGet(143)) - 9ce0b59e-153f-4f41-8aed-492a76d80b48: start LeaderState
2019-09-26 21:19:19,085 [1178c3ae-d0b4-4d44-b144-fe8504cc41ac@group-52417DAB7C97:LeaderElection149] INFO  segmented.SegmentedRaftLogWorker (SegmentedRaftLogWorker.java:startLogSegment(380)) - 1178c3ae-d0b4-4d44-b144-fe8504cc41ac@group-52417DAB7C97-SegmentedRaftLogWorker: Starting segment from index:0
2019-09-26 21:19:18,808 [1178c3ae-d0b4-4d44-b144-fe8504cc41ac@group-07763D2A0C0C:LeaderElection169] INFO  server.RaftServerConfigKeys (ConfUtils.java:logGet(43)) - raft.server.staging.catchup.gap = 1000 (default)
2019-09-26 21:19:18,806 [Thread-1088] INFO  impl.RoleInfo (RoleInfo.java:shutdownFollowerState(121)) - 1178c3ae-d0b4-4d44-b144-fe8504cc41ac: shutdown FollowerState
2019-09-26 21:19:18,806 [Thread-1085] INFO  impl.RoleInfo (RoleInfo.java:shutdownFollowerState(121)) - 9ce0b59e-153f-4f41-8aed-492a76d80b48: shutdown FollowerState
2019-09-26 21:19:18,806 [Thread-1091] INFO  impl.RoleInfo (RoleInfo.java:shutdownFollowerState(121)) - 09112efe-1fad-4539-a04f-c96aef6d2351: shutdown FollowerState
2019-09-26 21:19:19,520 [Thread-1091] INFO  impl.RaftServerImpl (RaftServerImpl.java:setRole(174)) - 09112efe-1fad-4539-a04f-c96aef6d2351@group-A77325013DF5: changes role from  FOLLOWER to CANDIDATE at term 0 for changeToCandidate
2019-09-26 21:19:18,805 [0c640f50-2bc9-49b6-b785-a27e3116e6ba@group-90252941981A-SegmentedRaftLogWorker] INFO  impl.RaftServerImpl (RaftServerImpl.java:lambda$shutdown$3(251)) - 0c640f50-2bc9-49b6-b785-a27e3116e6ba@group-90252941981A: shutdown
2019-09-26 21:19:18,805 [Thread-1082] INFO  impl.RoleInfo (RoleInfo.java:shutdownFollowerState(121)) - 9ce0b59e-153f-4f41-8aed-492a76d80b48: shutdown FollowerState
2019-09-26 21:19:18,805 [Thread-1073] INFO  impl.RaftServerImpl (RaftServerImpl.java:setRole(174)) - 1178c3ae-d0b4-4d44-b144-fe8504cc41ac@group-6F0B28853612: changes role from  FOLLOWER to CANDIDATE at term 0 for changeToCandidate
2019-09-26 21:19:18,805 [9ce0b59e-153f-4f41-8aed-492a76d80b48@group-90252941981A-SegmentedRaftLogWorker] INFO  impl.RaftServerImpl (RaftServerImpl.java:lambda$shutdown$3(251)) - 9ce0b59e-153f-4f41-8aed-492a76d80b48@group-90252941981A: shutdown
2019-09-26 21:19:18,805 [9ce0b59e-153f-4f41-8aed-492a76d80b48@group-584C4E42F0CA:LeaderElection155] INFO  impl.RoleInfo (RoleInfo.java:updateAndGet(143)) - 9ce0b59e-153f-4f41-8aed-492a76d80b48: start LeaderState
2019-09-26 21:19:18,805 [Thread-1076] INFO  impl.RoleInfo (RoleInfo.java:shutdownFollowerState(121)) - 09112efe-1fad-4539-a04f-c96aef6d2351: shutdown FollowerState
2019-09-26 21:19:19,521 [Thread-1076] INFO  impl.RaftServerImpl (RaftServerImpl.java:setRole(174)) - 09112efe-1fad-4539-a04f-c96aef6d2351@group-786B1197DED0: changes role from  FOLLOWER to CANDIDATE at term 0 for changeToCandidate
2019-09-26 21:19:18,805 [Thread-1070] INFO  impl.RoleInfo (RoleInfo.java:shutdownFollowerState(121)) - 1178c3ae-d0b4-4d44-b144-fe8504cc41ac: shutdown FollowerState
2019-09-26 21:19:18,804 [Thread-1079] INFO  impl.RoleInfo (RoleInfo.java:shutdownFollowerState(121)) - 9ce0b59e-153f-4f41-8aed-492a76d80b48: shutdown FollowerState
2019-09-26 21:19:18,804 [09112efe-1fad-4539-a04f-c96aef6d2351@group-7CB09764F714:LeaderElection174] INFO  impl.RoleInfo (RoleInfo.java:shutdownLeaderElection(134)) - 09112efe-1fad-4539-a04f-c96aef6d2351: shutdown LeaderElection
2019-09-26 21:19:18,804 [09112efe-1fad-4539-a04f-c96aef6d2351@group-11443841DB3B:LeaderElection175] INFO  impl.RoleInfo (RoleInfo.java:shutdownLeaderElection(134)) - 09112efe-1fad-4539-a04f-c96aef6d2351: shutdown LeaderElection
2019-09-26 21:19:19,523 [09112efe-1fad-4539-a04f-c96aef6d2351@group-11443841DB3B:LeaderElection175] INFO  impl.RaftServerImpl (RaftServerImpl.java:setRole(174)) - 09112efe-1fad-4539-a04f-c96aef6d2351@group-11443841DB3B: changes role from CANDIDATE to LEADER at term 1 for changeToLeader
2019-09-26 21:19:19,523 [09112efe-1fad-4539-a04f-c96aef6d2351@group-11443841DB3B:LeaderElection175] INFO  impl.RaftServerImpl (ServerState.java:setLeader(253)) - 09112efe-1fad-4539-a04f-c96aef6d2351@group-11443841DB3B: change Leader from null to 09112efe-1fad-4539-a04f-c96aef6d2351 at term 1 for becomeLeader, leader elected after 6321ms
2019-09-26 21:19:18,803 [pool-27-thread-1] INFO  server.RaftServerConfigKeys (ConfUtils.java:logGet(43)) - raft.server.log.segment.cache.num.max = 2 (custom)
2019-09-26 21:19:19,523 [09112efe-1fad-4539-a04f-c96aef6d2351@group-11443841DB3B:LeaderElection175] INFO  server.RaftServerConfigKeys (ConfUtils.java:logGet(43)) - raft.server.staging.catchup.gap = 1000 (default)
2019-09-26 21:19:19,523 [9ce0b59e-153f-4f41-8aed-492a76d80b48@group-2D4E45E064A9:LeaderElection164] INFO  impl.RoleInfo (RoleInfo.java:updateAndGet(143)) - 9ce0b59e-153f-4f41-8aed-492a76d80b48: start LeaderState
2019-09-26 21:19:19,523 [9ce0b59e-153f-4f41-8aed-492a76d80b48@group-B087709E6FAB:LeaderElection165] INFO  impl.RoleInfo (RoleInfo.java:updateAndGet(143)) - 9ce0b59e-153f-4f41-8aed-492a76d80b48: start LeaderState
2019-09-26 21:19:19,523 [da833d8d-e72a-4068-9560-4daa2d83adc2@group-6AC811BBC42F:LeaderElection154] INFO  impl.RoleInfo (RoleInfo.java:updateAndGet(143)) - da833d8d-e72a-4068-9560-4daa2d83adc2: start LeaderState
2019-09-26 21:19:19,522 [09112efe-1fad-4539-a04f-c96aef6d2351@group-7CB09764F714:LeaderElection174] INFO  impl.RaftServerImpl (RaftServerImpl.java:setRole(174)) - 09112efe-1fad-4539-a04f-c96aef6d2351@group-7CB09764F714: changes role from CANDIDATE to LEADER at term 1 for changeToLeader
2019-09-26 21:19:19,524 [da833d8d-e72a-4068-9560-4daa2d83adc2@group-6AC811BBC42F:LeaderElection154] INFO  segmented.SegmentedRaftLogWorker (SegmentedRaftLogWorker.java:startLogSegment(380)) - da833d8d-e72a-4068-9560-4daa2d83adc2@group-6AC811BBC42F-SegmentedRaftLogWorker: Starting segment from index:0
2019-09-26 21:19:19,522 [Thread-1079] INFO  impl.RaftServerImpl (RaftServerImpl.java:setRole(174)) - 9ce0b59e-153f-4f41-8aed-492a76d80b48@group-F676E590A49D: changes role from  FOLLOWER to CANDIDATE at term 0 for changeToCandidate
2019-09-26 21:19:19,522 [Thread-1070] INFO  impl.RaftServerImpl (RaftServerImpl.java:setRole(174)) - 1178c3ae-d0b4-4d44-b144-fe8504cc41ac@group-9BABA4CE95C3: changes role from  FOLLOWER to CANDIDATE at term 0 for changeToCandidate
2019-09-26 21:19:19,524 [Thread-1079] INFO  impl.RoleInfo (RoleInfo.java:updateAndGet(143)) - 9ce0b59e-153f-4f41-8aed-492a76d80b48: start LeaderElection
2019-09-26 21:19:19,522 [Thread-1076] INFO  impl.RoleInfo (RoleInfo.java:updateAndGet(143)) - 09112efe-1fad-4539-a04f-c96aef6d2351: start LeaderElection
2019-09-26 21:19:19,522 [9ce0b59e-153f-4f41-8aed-492a76d80b48@group-90252941981A-SegmentedRaftLogWorker] INFO  util.JmxRegister (JmxRegister.java:unregister(73)) - Successfully un-registered JMX Bean with object name Ratis:service=RaftServer,group=group-90252941981A,id=9ce0b59e-153f-4f41-8aed-492a76d80b48
2019-09-26 21:19:19,741 [9ce0b59e-153f-4f41-8aed-492a76d80b48@group-90252941981A-SegmentedRaftLogWorker] INFO  impl.RoleInfo (RoleInfo.java:shutdownFollowerState(121)) - 9ce0b59e-153f-4f41-8aed-492a76d80b48: shutdown FollowerState
2019-09-26 21:19:19,522 [9ce0b59e-153f-4f41-8aed-492a76d80b48@group-584C4E42F0CA:LeaderElection155] INFO  segmented.SegmentedRaftLogWorker (SegmentedRaftLogWorker.java:startLogSegment(380)) - 9ce0b59e-153f-4f41-8aed-492a76d80b48@group-584C4E42F0CA-SegmentedRaftLogWorker: Starting segment from index:0
2019-09-26 21:19:19,741 [Thread-1229] INFO  impl.FollowerState (FollowerState.java:run(115)) - 9ce0b59e-153f-4f41-8aed-492a76d80b48: FollowerState was interrupted: java.lang.InterruptedException: sleep interrupted
2019-09-26 21:19:19,521 [0c640f50-2bc9-49b6-b785-a27e3116e6ba@group-90252941981A-SegmentedRaftLogWorker] INFO  util.JmxRegister (JmxRegister.java:unregister(73)) - Successfully un-registered JMX Bean with object name Ratis:service=RaftServer,group=group-90252941981A,id=0c640f50-2bc9-49b6-b785-a27e3116e6ba
2019-09-26 21:19:19,521 [Thread-1073] INFO  impl.RoleInfo (RoleInfo.java:updateAndGet(143)) - 1178c3ae-d0b4-4d44-b144-fe8504cc41ac: start LeaderElection
2019-09-26 21:19:19,521 [Thread-1082] INFO  impl.RaftServerImpl (RaftServerImpl.java:setRole(174)) - 9ce0b59e-153f-4f41-8aed-492a76d80b48@group-2336121AAD70: changes role from  FOLLOWER to CANDIDATE at term 0 for changeToCandidate
2019-09-26 21:19:19,521 [Thread-1091] INFO  impl.RoleInfo (RoleInfo.java:updateAndGet(143)) - 09112efe-1fad-4539-a04f-c96aef6d2351: start LeaderElection
2019-09-26 21:19:19,520 [Thread-1085] INFO  impl.RaftServerImpl (RaftServerImpl.java:setRole(174)) - 9ce0b59e-153f-4f41-8aed-492a76d80b48@group-BBE9186E4BB1: changes role from  FOLLOWER to CANDIDATE at term 0 for changeToCandidate
2019-09-26 21:19:19,520 [1178c3ae-d0b4-4d44-b144-fe8504cc41ac@group-AA27AC3B9E14:LeaderElection179] INFO  impl.LeaderElection (LeaderElection.java:askForVotes(182)) - 1178c3ae-d0b4-4d44-b144-fe8504cc41ac@group-AA27AC3B9E14:LeaderElection179: begin an election at term 1 for -1: [1178c3ae-d0b4-4d44-b144-fe8504cc41ac:192.168.151.99:33787], old=null
2019-09-26 21:19:19,520 [da833d8d-e72a-4068-9560-4daa2d83adc2@group-85E87D856CDF:LeaderElection176] INFO  impl.LeaderElection (LeaderElection.java:askForVotes(182)) - da833d8d-e72a-4068-9560-4daa2d83adc2@group-85E87D856CDF:LeaderElection176: begin an election at term 1 for -1: [da833d8d-e72a-4068-9560-4daa2d83adc2:192.168.151.99:38903], old=null
2019-09-26 21:19:19,321 [1178c3ae-d0b4-4d44-b144-fe8504cc41ac@group-52417DAB7C97:LeaderElection149] INFO  impl.RaftServerImpl (ServerState.java:setRaftConf(354)) - 1178c3ae-d0b4-4d44-b144-fe8504cc41ac@group-52417DAB7C97: set configuration 0: [1178c3ae-d0b4-4d44-b144-fe8504cc41ac:192.168.151.99:33787], old=null at 0
2019-09-26 21:19:19,321 [Thread-1088] INFO  impl.RaftServerImpl (RaftServerImpl.java:setRole(174)) - 1178c3ae-d0b4-4d44-b144-fe8504cc41ac@group-449BE572DC99: changes role from  FOLLOWER to CANDIDATE at term 0 for changeToCandidate
2019-09-26 21:19:19,321 [1178c3ae-d0b4-4d44-b144-fe8504cc41ac@group-07763D2A0C0C:LeaderElection169] INFO  server.RaftServerConfigKeys (ConfUtils.java:logGet(43)) - raft.server.rpc.sleep.time = 25ms (default)
2019-09-26 21:19:19,320 [Thread-1112] INFO  impl.FollowerState (FollowerState.java:run(106)) - 9ce0b59e-153f-4f41-8aed-492a76d80b48:group-7AF436DBD9FF changes to CANDIDATE, lastRpcTime:5328, electionTimeout:5096ms
2019-09-26 21:19:19,320 [Thread-1115] INFO  impl.FollowerState (FollowerState.java:run(106)) - 1178c3ae-d0b4-4d44-b144-fe8504cc41ac:group-775FCA086A09 changes to CANDIDATE, lastRpcTime:5307, electionTimeout:5084ms
2019-09-26 21:19:20,030 [1178c3ae-d0b4-4d44-b144-fe8504cc41ac@group-07763D2A0C0C:LeaderElection169] INFO  server.RaftServerConfigKeys (ConfUtils.java:logGet(43)) - raft.server.write.element-limit = 4096 (default)
2019-09-26 21:19:19,319 [Thread-1109] INFO  impl.FollowerState (FollowerState.java:run(106)) - da833d8d-e72a-4068-9560-4daa2d83adc2:group-BB2190CB963E changes to CANDIDATE, lastRpcTime:5357, electionTimeout:5174ms
2019-09-26 21:19:19,314 [Thread-1118] INFO  impl.FollowerState (FollowerState.java:run(106)) - 09112efe-1fad-4539-a04f-c96aef6d2351:group-78E06D6978FF changes to CANDIDATE, lastRpcTime:5264, electionTimeout:5111ms
2019-09-26 21:19:19,312 [Thread-1121] INFO  impl.FollowerState (FollowerState.java:run(106)) - da833d8d-e72a-4068-9560-4daa2d83adc2:group-009B25A2B20A changes to CANDIDATE, lastRpcTime:5214, electionTimeout:5130ms
2019-09-26 21:19:19,085 [9ce0b59e-153f-4f41-8aed-492a76d80b48@group-BAEC348CDEE8:LeaderElection160] INFO  segmented.SegmentedRaftLogWorker (SegmentedRaftLogWorker.java:startLogSegment(380)) - 9ce0b59e-153f-4f41-8aed-492a76d80b48@group-BAEC348CDEE8-SegmentedRaftLogWorker: Starting segment from index:0
2019-09-26 21:19:19,085 [0c640f50-2bc9-49b6-b785-a27e3116e6ba@group-F6A96175DD6B:LeaderElection159] INFO  impl.RaftServerImpl (ServerState.java:setRaftConf(354)) - 0c640f50-2bc9-49b6-b785-a27e3116e6ba@group-F6A96175DD6B: set configuration 0: [0c640f50-2bc9-49b6-b785-a27e3116e6ba:192.168.151.99:42361], old=null at 0
2019-09-26 21:19:19,084 [0c640f50-2bc9-49b6-b785-a27e3116e6ba@group-ED8FB1794F16:LeaderElection157] INFO  impl.RaftServerImpl (ServerState.java:setRaftConf(354)) - 0c640f50-2bc9-49b6-b785-a27e3116e6ba@group-ED8FB1794F16: set configuration 0: [0c640f50-2bc9-49b6-b785-a27e3116e6ba:192.168.151.99:42361], old=null at 0
2019-09-26 21:19:19,084 [09112efe-1fad-4539-a04f-c96aef6d2351@group-B816AAC0A64C:LeaderElection181] INFO  impl.LeaderElection (LeaderElection.java:askForVotes(182)) - 09112efe-1fad-4539-a04f-c96aef6d2351@group-B816AAC0A64C:LeaderElection181: begin an election at term 1 for -1: [09112efe-1fad-4539-a04f-c96aef6d2351:192.168.151.99:45286], old=null
2019-09-26 21:19:19,084 [9ce0b59e-153f-4f41-8aed-492a76d80b48@group-9B72ABBB0540:LeaderElection172] INFO  impl.LeaderElection (LeaderElection.java:askForVotes(182)) - 9ce0b59e-153f-4f41-8aed-492a76d80b48@group-9B72ABBB0540:LeaderElection172: begin an election at term 1 for -1: [9ce0b59e-153f-4f41-8aed-492a76d80b48:192.168.151.99:34156], old=null
2019-09-26 21:19:19,084 [da833d8d-e72a-4068-9560-4daa2d83adc2@group-0604B4D664E6:LeaderElection180] INFO  impl.LeaderElection (LeaderElection.java:askForVotes(182)) - da833d8d-e72a-4068-9560-4daa2d83adc2@group-0604B4D664E6:LeaderElection180: begin an election at term 1 for -1: [da833d8d-e72a-4068-9560-4daa2d83adc2:192.168.151.99:38903], old=null
2019-09-26 21:19:19,084 [da833d8d-e72a-4068-9560-4daa2d83adc2@group-4E8FB90A84B2:LeaderElection171] INFO  impl.LeaderElection (LeaderElection.java:askForVotes(182)) - da833d8d-e72a-4068-9560-4daa2d83adc2@group-4E8FB90A84B2:LeaderElection171: begin an election at term 1 for -1: [da833d8d-e72a-4068-9560-4daa2d83adc2:192.168.151.99:38903], old=null
2019-09-26 21:19:19,084 [9ce0b59e-153f-4f41-8aed-492a76d80b48@group-33318FFD8D83:LeaderElection177] INFO  impl.LeaderElection (LeaderElection.java:askForVotes(182)) - 9ce0b59e-153f-4f41-8aed-492a76d80b48@group-33318FFD8D83:LeaderElection177: begin an election at term 1 for -1: [9ce0b59e-153f-4f41-8aed-492a76d80b48:192.168.151.99:34156], old=null
2019-09-26 21:19:19,084 [da833d8d-e72a-4068-9560-4daa2d83adc2@group-F51D1C6A72C0:LeaderElection182] INFO  impl.LeaderElection (LeaderElection.java:askForVotes(182)) - da833d8d-e72a-4068-9560-4daa2d83adc2@group-F51D1C6A72C0:LeaderElection182: begin an election at term 1 for -1: [da833d8d-e72a-4068-9560-4daa2d83adc2:192.168.151.99:38903], old=null
2019-09-26 21:19:20,032 [da833d8d-e72a-4068-9560-4daa2d83adc2@group-F51D1C6A72C0:LeaderElection182] INFO  impl.RoleInfo (RoleInfo.java:shutdownLeaderElection(134)) - da833d8d-e72a-4068-9560-4daa2d83adc2: shutdown LeaderElection
2019-09-26 21:19:19,084 [9ce0b59e-153f-4f41-8aed-492a76d80b48@group-4BB057ED2D22:LeaderElection170] INFO  impl.LeaderElection (LeaderElection.java:askForVotes(182)) - 9ce0b59e-153f-4f41-8aed-492a76d80b48@group-4BB057ED2D22:LeaderElection170: begin an election at term 1 for -1: [9ce0b59e-153f-4f41-8aed-492a76d80b48:192.168.151.99:34156], old=null
2019-09-26 21:19:19,084 [9ce0b59e-153f-4f41-8aed-492a76d80b48@group-F571F2D46B43:LeaderElection173] INFO  impl.LeaderElection (LeaderElection.java:askForVotes(182)) - 9ce0b59e-153f-4f41-8aed-492a76d80b48@group-F571F2D46B43:LeaderElection173: begin an election at term 1 for -1: [9ce0b59e-153f-4f41-8aed-492a76d80b48:192.168.151.99:34156], old=null
2019-09-26 21:19:19,081 [Thread-1094] INFO  impl.FollowerState (FollowerState.java:run(106)) - 09112efe-1fad-4539-a04f-c96aef6d2351:group-36B2132502C2 changes to CANDIDATE, lastRpcTime:5349, electionTimeout:5162ms
2019-09-26 21:19:19,081 [Thread-1097] INFO  impl.FollowerState (FollowerState.java:run(106)) - 9ce0b59e-153f-4f41-8aed-492a76d80b48:group-4AD36DEDF59B changes to CANDIDATE, lastRpcTime:5298, electionTimeout:5111ms
2019-09-26 21:19:19,079 [Thread-1100] INFO  impl.FollowerState (FollowerState.java:run(106)) - 09112efe-1fad-4539-a04f-c96aef6d2351:group-3345E11CC80E changes to CANDIDATE, lastRpcTime:5243, electionTimeout:5147ms
2019-09-26 21:19:19,079 [Thread-1106] INFO  impl.FollowerState (FollowerState.java:run(106)) - 1178c3ae-d0b4-4d44-b144-fe8504cc41ac:group-51A2D4D8C13B changes to CANDIDATE, lastRpcTime:5156, electionTimeout:5063ms
2019-09-26 21:19:20,033 [Thread-1100] INFO  impl.RoleInfo (RoleInfo.java:shutdownFollowerState(121)) - 09112efe-1fad-4539-a04f-c96aef6d2351: shutdown FollowerState
2019-09-26 21:19:19,078 [Thread-1103] INFO  impl.FollowerState (FollowerState.java:run(106)) - 9ce0b59e-153f-4f41-8aed-492a76d80b48:group-89E64784085E changes to CANDIDATE, lastRpcTime:5196, electionTimeout:5138ms
2019-09-26 21:19:19,077 [1178c3ae-d0b4-4d44-b144-fe8504cc41ac@group-4036A4827E18-SegmentedRaftLogWorker] ERROR segmented.SegmentedRaftLogWorker (SegmentedRaftLogWorker.java:run(323)) - 1178c3ae-d0b4-4d44-b144-fe8504cc41ac@group-4036A4827E18-SegmentedRaftLogWorker hit exception
java.lang.OutOfMemoryError: Direct buffer memory
	at java.nio.Bits.reserveMemory(Bits.java:666)
	at java.nio.DirectByteBuffer.<init>(DirectByteBuffer.java:123)
	at java.nio.ByteBuffer.allocateDirect(ByteBuffer.java:311)
	at org.apache.ratis.server.raftlog.segmented.BufferedWriteChannel.<init>(BufferedWriteChannel.java:41)
	at org.apache.ratis.server.raftlog.segmented.SegmentedRaftLogOutputStream.<init>(SegmentedRaftLogOutputStream.java:72)
	at org.apache.ratis.server.raftlog.segmented.SegmentedRaftLogWorker$StartLogSegment.execute(SegmentedRaftLogWorker.java:566)
	at org.apache.ratis.server.raftlog.segmented.SegmentedRaftLogWorker.run(SegmentedRaftLogWorker.java:289)
	at java.lang.Thread.run(Thread.java:748)
2019-09-26 21:19:20,034 [1178c3ae-d0b4-4d44-b144-fe8504cc41ac@group-4036A4827E18-SegmentedRaftLogWorker] INFO  impl.RaftServerImpl (RaftServerImpl.java:lambda$shutdown$3(251)) - 1178c3ae-d0b4-4d44-b144-fe8504cc41ac@group-4036A4827E18: shutdown
2019-09-26 21:19:20,034 [Thread-1103] INFO  impl.RoleInfo (RoleInfo.java:shutdownFollowerState(121)) - 9ce0b59e-153f-4f41-8aed-492a76d80b48: shutdown FollowerState
2019-09-26 21:19:20,034 [Thread-1103] INFO  impl.RaftServerImpl (RaftServerImpl.java:setRole(174)) - 9ce0b59e-153f-4f41-8aed-492a76d80b48@group-89E64784085E: changes role from  FOLLOWER to CANDIDATE at term 0 for changeToCandidate
2019-09-26 21:19:20,034 [Thread-1100] INFO  impl.RaftServerImpl (RaftServerImpl.java:setRole(174)) - 09112efe-1fad-4539-a04f-c96aef6d2351@group-3345E11CC80E: changes role from  FOLLOWER to CANDIDATE at term 0 for changeToCandidate
2019-09-26 21:19:20,033 [Thread-1106] INFO  impl.RoleInfo (RoleInfo.java:shutdownFollowerState(121)) - 1178c3ae-d0b4-4d44-b144-fe8504cc41ac: shutdown FollowerState
2019-09-26 21:19:20,033 [Thread-1097] INFO  impl.RoleInfo (RoleInfo.java:shutdownFollowerState(121)) - 9ce0b59e-153f-4f41-8aed-492a76d80b48: shutdown FollowerState
2019-09-26 21:19:20,033 [Thread-1094] INFO  impl.RoleInfo (RoleInfo.java:shutdownFollowerState(121)) - 09112efe-1fad-4539-a04f-c96aef6d2351: shutdown FollowerState
2019-09-26 21:19:20,035 [Thread-1094] INFO  impl.RaftServerImpl (RaftServerImpl.java:setRole(174)) - 09112efe-1fad-4539-a04f-c96aef6d2351@group-36B2132502C2: changes role from  FOLLOWER to CANDIDATE at term 0 for changeToCandidate
2019-09-26 21:19:20,033 [9ce0b59e-153f-4f41-8aed-492a76d80b48@group-F571F2D46B43:LeaderElection173] INFO  impl.RoleInfo (RoleInfo.java:shutdownLeaderElection(134)) - 9ce0b59e-153f-4f41-8aed-492a76d80b48: shutdown LeaderElection
2019-09-26 21:19:20,035 [9ce0b59e-153f-4f41-8aed-492a76d80b48@group-F571F2D46B43:LeaderElection173] INFO  impl.RaftServerImpl (RaftServerImpl.java:setRole(174)) - 9ce0b59e-153f-4f41-8aed-492a76d80b48@group-F571F2D46B43: changes role from CANDIDATE to LEADER at term 1 for changeToLeader
2019-09-26 21:19:20,033 [9ce0b59e-153f-4f41-8aed-492a76d80b48@group-4BB057ED2D22:LeaderElection170] INFO  impl.RoleInfo (RoleInfo.java:shutdownLeaderElection(134)) - 9ce0b59e-153f-4f41-8aed-492a76d80b48: shutdown LeaderElection
2019-09-26 21:19:20,032 [da833d8d-e72a-4068-9560-4daa2d83adc2@group-F51D1C6A72C0:LeaderElection182] INFO  impl.RaftServerImpl (RaftServerImpl.java:setRole(174)) - da833d8d-e72a-4068-9560-4daa2d83adc2@group-F51D1C6A72C0: changes role from CANDIDATE to LEADER at term 1 for changeToLeader
2019-09-26 21:19:20,036 [da833d8d-e72a-4068-9560-4daa2d83adc2@group-F51D1C6A72C0:LeaderElection182] INFO  impl.RaftServerImpl (ServerState.java:setLeader(253)) - da833d8d-e72a-4068-9560-4daa2d83adc2@group-F51D1C6A72C0: change Leader from null to da833d8d-e72a-4068-9560-4daa2d83adc2 at term 1 for becomeLeader, leader elected after 6970ms
2019-09-26 21:19:20,032 [9ce0b59e-153f-4f41-8aed-492a76d80b48@group-BAEC348CDEE8:LeaderElection160] INFO  impl.RaftServerImpl (ServerState.java:setRaftConf(354)) - 9ce0b59e-153f-4f41-8aed-492a76d80b48@group-BAEC348CDEE8: set configuration 0: [9ce0b59e-153f-4f41-8aed-492a76d80b48:192.168.151.99:34156], old=null at 0
2019-09-26 21:19:20,032 [9ce0b59e-153f-4f41-8aed-492a76d80b48@group-33318FFD8D83:LeaderElection177] INFO  impl.RoleInfo (RoleInfo.java:shutdownLeaderElection(134)) - 9ce0b59e-153f-4f41-8aed-492a76d80b48: shutdown LeaderElection
2019-09-26 21:19:20,036 [9ce0b59e-153f-4f41-8aed-492a76d80b48@group-33318FFD8D83:LeaderElection177] INFO  impl.RaftServerImpl (RaftServerImpl.java:setRole(174)) - 9ce0b59e-153f-4f41-8aed-492a76d80b48@group-33318FFD8D83: changes role from CANDIDATE to LEADER at term 1 for changeToLeader
2019-09-26 21:19:20,032 [da833d8d-e72a-4068-9560-4daa2d83adc2@group-4E8FB90A84B2:LeaderElection171] INFO  impl.RoleInfo (RoleInfo.java:shutdownLeaderElection(134)) - da833d8d-e72a-4068-9560-4daa2d83adc2: shutdown LeaderElection
2019-09-26 21:19:20,032 [09112efe-1fad-4539-a04f-c96aef6d2351@group-B816AAC0A64C:LeaderElection181] INFO  impl.RoleInfo (RoleInfo.java:shutdownLeaderElection(134)) - 09112efe-1fad-4539-a04f-c96aef6d2351: shutdown LeaderElection
2019-09-26 21:19:20,037 [09112efe-1fad-4539-a04f-c96aef6d2351@group-B816AAC0A64C:LeaderElection181] INFO  impl.RaftServerImpl (RaftServerImpl.java:setRole(174)) - 09112efe-1fad-4539-a04f-c96aef6d2351@group-B816AAC0A64C: changes role from CANDIDATE to LEADER at term 1 for changeToLeader
2019-09-26 21:19:20,037 [09112efe-1fad-4539-a04f-c96aef6d2351@group-B816AAC0A64C:LeaderElection181] INFO  impl.RaftServerImpl (ServerState.java:setLeader(253)) - 09112efe-1fad-4539-a04f-c96aef6d2351@group-B816AAC0A64C: change Leader from null to 09112efe-1fad-4539-a04f-c96aef6d2351 at term 1 for becomeLeader, leader elected after 7116ms
2019-09-26 21:19:20,032 [da833d8d-e72a-4068-9560-4daa2d83adc2@group-0604B4D664E6:LeaderElection180] INFO  impl.RoleInfo (RoleInfo.java:shutdownLeaderElection(134)) - da833d8d-e72a-4068-9560-4daa2d83adc2: shutdown LeaderElection
2019-09-26 21:19:20,032 [9ce0b59e-153f-4f41-8aed-492a76d80b48@group-9B72ABBB0540:LeaderElection172] INFO  impl.RoleInfo (RoleInfo.java:shutdownLeaderElection(134)) - 9ce0b59e-153f-4f41-8aed-492a76d80b48: shutdown LeaderElection
2019-09-26 21:19:20,031 [Thread-1121] INFO  impl.RoleInfo (RoleInfo.java:shutdownFollowerState(121)) - da833d8d-e72a-4068-9560-4daa2d83adc2: shutdown FollowerState
2019-09-26 21:19:20,031 [Thread-1118] INFO  impl.RoleInfo (RoleInfo.java:shutdownFollowerState(121)) - 09112efe-1fad-4539-a04f-c96aef6d2351: shutdown FollowerState
2019-09-26 21:19:20,030 [Thread-1109] INFO  impl.RoleInfo (RoleInfo.java:shutdownFollowerState(121)) - da833d8d-e72a-4068-9560-4daa2d83adc2: shutdown FollowerState
2019-09-26 21:19:20,037 [Thread-1109] INFO  impl.RaftServerImpl (RaftServerImpl.java:setRole(174)) - da833d8d-e72a-4068-9560-4daa2d83adc2@group-BB2190CB963E: changes role from  FOLLOWER to CANDIDATE at term 0 for changeToCandidate
2019-09-26 21:19:20,030 [1178c3ae-d0b4-4d44-b144-fe8504cc41ac@group-07763D2A0C0C:LeaderElection169] INFO  server.RaftServerConfigKeys (ConfUtils.java:logGet(43)) - raft.server.watch.timeout = 10s (default)
2019-09-26 21:19:20,030 [Thread-1115] INFO  impl.RoleInfo (RoleInfo.java:shutdownFollowerState(121)) - 1178c3ae-d0b4-4d44-b144-fe8504cc41ac: shutdown FollowerState
2019-09-26 21:19:20,038 [Thread-1115] INFO  impl.RaftServerImpl (RaftServerImpl.java:setRole(174)) - 1178c3ae-d0b4-4d44-b144-fe8504cc41ac@group-775FCA086A09: changes role from  FOLLOWER to CANDIDATE at term 0 for changeToCandidate
2019-09-26 21:19:20,030 [Thread-1112] INFO  impl.RoleInfo (RoleInfo.java:shutdownFollowerState(121)) - 9ce0b59e-153f-4f41-8aed-492a76d80b48: shutdown FollowerState
2019-09-26 21:19:20,030 [Thread-1088] INFO  impl.RoleInfo (RoleInfo.java:updateAndGet(143)) - 1178c3ae-d0b4-4d44-b144-fe8504cc41ac: start LeaderElection
2019-09-26 21:19:20,029 [da833d8d-e72a-4068-9560-4daa2d83adc2@group-85E87D856CDF:LeaderElection176] INFO  impl.RoleInfo (RoleInfo.java:shutdownLeaderElection(134)) - da833d8d-e72a-4068-9560-4daa2d83adc2: shutdown LeaderElection
2019-09-26 21:19:20,029 [1178c3ae-d0b4-4d44-b144-fe8504cc41ac@group-AA27AC3B9E14:LeaderElection179] INFO  impl.RoleInfo (RoleInfo.java:shutdownLeaderElection(134)) - 1178c3ae-d0b4-4d44-b144-fe8504cc41ac: shutdown LeaderElection
2019-09-26 21:19:20,029 [Thread-1082] INFO  impl.RoleInfo (RoleInfo.java:updateAndGet(143)) - 9ce0b59e-153f-4f41-8aed-492a76d80b48: start LeaderElection
2019-09-26 21:19:20,029 [Thread-1085] INFO  impl.RoleInfo (RoleInfo.java:updateAndGet(143)) - 9ce0b59e-153f-4f41-8aed-492a76d80b48: start LeaderElection
2019-09-26 21:19:20,029 [9ce0b59e-153f-4f41-8aed-492a76d80b48@group-514D036A21E3:LeaderElection166] INFO  impl.RoleInfo (RoleInfo.java:updateAndGet(143)) - 9ce0b59e-153f-4f41-8aed-492a76d80b48: start LeaderState
2019-09-26 21:19:20,029 [9ce0b59e-153f-4f41-8aed-492a76d80b48@group-3144698B2ED7:LeaderElection167] INFO  impl.RoleInfo (RoleInfo.java:updateAndGet(143)) - 9ce0b59e-153f-4f41-8aed-492a76d80b48: start LeaderState
2019-09-26 21:19:20,027 [da833d8d-e72a-4068-9560-4daa2d83adc2@group-537F952A2140-SegmentedRaftLogWorker] ERROR segmented.SegmentedRaftLogWorker (SegmentedRaftLogWorker.java:run(323)) - da833d8d-e72a-4068-9560-4daa2d83adc2@group-537F952A2140-SegmentedRaftLogWorker hit exception
java.lang.OutOfMemoryError: Direct buffer memory
	at java.nio.Bits.reserveMemory(Bits.java:666)
	at java.nio.DirectByteBuffer.<init>(DirectByteBuffer.java:123)
	at java.nio.ByteBuffer.allocateDirect(ByteBuffer.java:311)
	at org.apache.ratis.server.raftlog.segmented.BufferedWriteChannel.<init>(BufferedWriteChannel.java:41)
	at org.apache.ratis.server.raftlog.segmented.SegmentedRaftLogOutputStream.<init>(SegmentedRaftLogOutputStream.java:72)
	at org.apache.ratis.server.raftlog.segmented.SegmentedRaftLogWorker$StartLogSegment.execute(SegmentedRaftLogWorker.java:566)
	at org.apache.ratis.server.raftlog.segmented.SegmentedRaftLogWorker.run(SegmentedRaftLogWorker.java:289)
	at java.lang.Thread.run(Thread.java:748)
2019-09-26 21:19:20,027 [da833d8d-e72a-4068-9560-4daa2d83adc2@group-B3D9420AEDE2-SegmentedRaftLogWorker] ERROR segmented.SegmentedRaftLogWorker (SegmentedRaftLogWorker.java:run(323)) - da833d8d-e72a-4068-9560-4daa2d83adc2@group-B3D9420AEDE2-SegmentedRaftLogWorker hit exception
java.lang.OutOfMemoryError: Direct buffer memory
	at java.nio.Bits.reserveMemory(Bits.java:666)
	at java.nio.DirectByteBuffer.<init>(DirectByteBuffer.java:123)
	at java.nio.ByteBuffer.allocateDirect(ByteBuffer.java:311)
	at org.apache.ratis.server.raftlog.segmented.BufferedWriteChannel.<init>(BufferedWriteChannel.java:41)
	at org.apache.ratis.server.raftlog.segmented.SegmentedRaftLogOutputStream.<init>(SegmentedRaftLogOutputStream.java:72)
	at org.apache.ratis.server.raftlog.segmented.SegmentedRaftLogWorker$StartLogSegment.execute(SegmentedRaftLogWorker.java:566)
	at org.apache.ratis.server.raftlog.segmented.SegmentedRaftLogWorker.run(SegmentedRaftLogWorker.java:289)
	at java.lang.Thread.run(Thread.java:748)
2019-09-26 21:19:20,040 [da833d8d-e72a-4068-9560-4daa2d83adc2@group-B3D9420AEDE2-SegmentedRaftLogWorker] INFO  impl.RaftServerImpl (RaftServerImpl.java:lambda$shutdown$3(251)) - da833d8d-e72a-4068-9560-4daa2d83adc2@group-B3D9420AEDE2: shutdown
2019-09-26 21:19:20,027 [Thread-1142] INFO  impl.FollowerState (FollowerState.java:run(106)) - 9ce0b59e-153f-4f41-8aed-492a76d80b48:group-00776E898AAB changes to CANDIDATE, lastRpcTime:5345, electionTimeout:5089ms
2019-09-26 21:19:20,027 [Thread-1148] INFO  impl.FollowerState (FollowerState.java:run(106)) - 9ce0b59e-153f-4f41-8aed-492a76d80b48:group-556BB265CEA3 changes to CANDIDATE, lastRpcTime:5262, electionTimeout:5009ms
2019-09-26 21:19:20,024 [Thread-1145] INFO  impl.FollowerState (FollowerState.java:run(106)) - 09112efe-1fad-4539-a04f-c96aef6d2351:group-11EBA2FC1B7A changes to CANDIDATE, lastRpcTime:5300, electionTimeout:5100ms
2019-09-26 21:19:20,020 [Thread-1157] INFO  impl.FollowerState (FollowerState.java:run(106)) - da833d8d-e72a-4068-9560-4daa2d83adc2:group-80D4D31A8B20 changes to CANDIDATE, lastRpcTime:5127, electionTimeout:5032ms
2019-09-26 21:19:20,019 [Thread-1151] INFO  impl.FollowerState (FollowerState.java:run(106)) - 9ce0b59e-153f-4f41-8aed-492a76d80b48:group-C9D9502D9D87 changes to CANDIDATE, lastRpcTime:5214, electionTimeout:5174ms
2019-09-26 21:19:20,019 [Thread-1154] INFO  impl.FollowerState (FollowerState.java:run(106)) - 9ce0b59e-153f-4f41-8aed-492a76d80b48:group-53B6FB8525AE changes to CANDIDATE, lastRpcTime:5168, electionTimeout:5168ms
2019-09-26 21:19:20,019 [09112efe-1fad-4539-a04f-c96aef6d2351@group-3A209C435E0A-SegmentedRaftLogWorker] ERROR segmented.SegmentedRaftLogWorker (SegmentedRaftLogWorker.java:run(323)) - 09112efe-1fad-4539-a04f-c96aef6d2351@group-3A209C435E0A-SegmentedRaftLogWorker hit exception
java.lang.OutOfMemoryError: Direct buffer memory
	at java.nio.Bits.reserveMemory(Bits.java:666)
	at java.nio.DirectByteBuffer.<init>(DirectByteBuffer.java:123)
	at java.nio.ByteBuffer.allocateDirect(ByteBuffer.java:311)
	at org.apache.ratis.server.raftlog.segmented.BufferedWriteChannel.<init>(BufferedWriteChannel.java:41)
	at org.apache.ratis.server.raftlog.segmented.SegmentedRaftLogOutputStream.<init>(SegmentedRaftLogOutputStream.java:72)
	at org.apache.ratis.server.raftlog.segmented.SegmentedRaftLogWorker$StartLogSegment.execute(SegmentedRaftLogWorker.java:566)
	at org.apache.ratis.server.raftlog.segmented.SegmentedRaftLogWorker.run(SegmentedRaftLogWorker.java:289)
	at java.lang.Thread.run(Thread.java:748)
2019-09-26 21:19:20,041 [09112efe-1fad-4539-a04f-c96aef6d2351@group-3A209C435E0A-SegmentedRaftLogWorker] INFO  impl.RaftServerImpl (RaftServerImpl.java:lambda$shutdown$3(251)) - 09112efe-1fad-4539-a04f-c96aef6d2351@group-3A209C435E0A: shutdown
2019-09-26 21:19:19,742 [1178c3ae-d0b4-4d44-b144-fe8504cc41ac@group-04CBCD99AF3A:LeaderElection162] INFO  impl.RoleInfo (RoleInfo.java:updateAndGet(143)) - 1178c3ae-d0b4-4d44-b144-fe8504cc41ac: start LeaderState
2019-09-26 21:19:19,742 [9ce0b59e-153f-4f41-8aed-492a76d80b48@group-584C4E42F0CA:LeaderElection155] INFO  impl.RaftServerImpl (ServerState.java:setRaftConf(354)) - 9ce0b59e-153f-4f41-8aed-492a76d80b48@group-584C4E42F0CA: set configuration 0: [9ce0b59e-153f-4f41-8aed-492a76d80b48:192.168.151.99:34156], old=null at 0
2019-09-26 21:19:19,742 [0c640f50-2bc9-49b6-b785-a27e3116e6ba@group-90252941981A-SegmentedRaftLogWorker] INFO  impl.RoleInfo (RoleInfo.java:shutdownFollowerState(121)) - 0c640f50-2bc9-49b6-b785-a27e3116e6ba: shutdown FollowerState
2019-09-26 21:19:19,741 [9ce0b59e-153f-4f41-8aed-492a76d80b48@group-90252941981A-SegmentedRaftLogWorker] INFO  impl.StateMachineUpdater (StateMachineUpdater.java:stopAndJoin(125)) - 9ce0b59e-153f-4f41-8aed-492a76d80b48@group-90252941981A-StateMachineUpdater: set stopIndex = -1
2019-09-26 21:19:19,740 [Thread-1124] INFO  impl.FollowerState (FollowerState.java:run(106)) - 1178c3ae-d0b4-4d44-b144-fe8504cc41ac:group-C4ECAA6EBF50 changes to CANDIDATE, lastRpcTime:5333, electionTimeout:5123ms
2019-09-26 21:19:19,740 [1178c3ae-d0b4-4d44-b144-fe8504cc41ac@group-9541723CC6E1:LeaderElection178] INFO  impl.LeaderElection (LeaderElection.java:askForVotes(182)) - 1178c3ae-d0b4-4d44-b144-fe8504cc41ac@group-9541723CC6E1:LeaderElection178: begin an election at term 1 for -1: [1178c3ae-d0b4-4d44-b144-fe8504cc41ac:192.168.151.99:33787], old=null
2019-09-26 21:19:19,735 [Thread-1130] INFO  impl.FollowerState (FollowerState.java:run(106)) - 9ce0b59e-153f-4f41-8aed-492a76d80b48:group-2F3A14F08318 changes to CANDIDATE, lastRpcTime:5245, electionTimeout:5078ms
2019-09-26 21:19:19,735 [Thread-1133] INFO  impl.FollowerState (FollowerState.java:run(106)) - 9ce0b59e-153f-4f41-8aed-492a76d80b48:group-6E6C68F22454 changes to CANDIDATE, lastRpcTime:5206, electionTimeout:5040ms
2019-09-26 21:19:19,735 [Thread-1127] INFO  impl.FollowerState (FollowerState.java:run(106)) - 1178c3ae-d0b4-4d44-b144-fe8504cc41ac:group-E8E6DAF52BD9 changes to CANDIDATE, lastRpcTime:5283, electionTimeout:5131ms
2019-09-26 21:19:20,043 [Thread-1130] INFO  impl.RoleInfo (RoleInfo.java:shutdownFollowerState(121)) - 9ce0b59e-153f-4f41-8aed-492a76d80b48: shutdown FollowerState
2019-09-26 21:19:19,735 [RATISCREATEPIPELINE1] ERROR pipeline.RatisPipelineProvider (RatisPipelineProvider.java:lambda$null$2(175)) - Failed invoke Ratis rpc org.apache.hadoop.hdds.scm.pipeline.RatisPipelineProvider$$Lambda$179/154091354@67e7b29b for 9ce0b59e-153f-4f41-8aed-492a76d80b48
org.apache.ratis.protocol.TimeoutIOException: deadline exceeded after 2996666671ns
	at org.apache.ratis.grpc.GrpcUtil.tryUnwrapException(GrpcUtil.java:82)
	at org.apache.ratis.grpc.GrpcUtil.unwrapException(GrpcUtil.java:75)
	at org.apache.ratis.grpc.client.GrpcClientProtocolClient.blockingCall(GrpcClientProtocolClient.java:178)
	at org.apache.ratis.grpc.client.GrpcClientProtocolClient.groupAdd(GrpcClientProtocolClient.java:147)
	at org.apache.ratis.grpc.client.GrpcClientRpc.sendRequest(GrpcClientRpc.java:94)
	at org.apache.ratis.client.impl.RaftClientImpl.sendRequest(RaftClientImpl.java:278)
	at org.apache.ratis.client.impl.RaftClientImpl.groupAdd(RaftClientImpl.java:205)
	at org.apache.hadoop.hdds.scm.pipeline.RatisPipelineProvider.lambda$initializePipeline$1(RatisPipelineProvider.java:136)
	at org.apache.hadoop.hdds.scm.pipeline.RatisPipelineProvider.lambda$null$2(RatisPipelineProvider.java:171)
	at java.util.stream.ForEachOps$ForEachOp$OfRef.accept(ForEachOps.java:184)
	at java.util.ArrayList$ArrayListSpliterator.forEachRemaining(ArrayList.java:1382)
	at java.util.stream.AbstractPipeline.copyInto(AbstractPipeline.java:482)
	at java.util.stream.ForEachOps$ForEachTask.compute(ForEachOps.java:291)
	at java.util.concurrent.CountedCompleter.exec(CountedCompleter.java:731)
	at java.util.concurrent.ForkJoinTask.doExec(ForkJoinTask.java:289)
	at java.util.concurrent.ForkJoinTask.doInvoke(ForkJoinTask.java:401)
	at java.util.concurrent.ForkJoinTask.invoke(ForkJoinTask.java:734)
	at java.util.stream.ForEachOps$ForEachOp.evaluateParallel(ForEachOps.java:160)
	at java.util.stream.ForEachOps$ForEachOp$OfRef.evaluateParallel(ForEachOps.java:174)
	at java.util.stream.AbstractPipeline.evaluate(AbstractPipeline.java:233)
	at java.util.stream.ReferencePipeline.forEach(ReferencePipeline.java:418)
	at java.util.stream.ReferencePipeline$Head.forEach(ReferencePipeline.java:583)
	at org.apache.hadoop.hdds.scm.pipeline.RatisPipelineProvider.lambda$callRatisRpc$3(RatisPipelineProvider.java:165)
	at java.util.concurrent.ForkJoinTask$AdaptedRunnableAction.exec(ForkJoinTask.java:1386)
	at java.util.concurrent.ForkJoinTask.doExec(ForkJoinTask.java:289)
	at java.util.concurrent.ForkJoinPool$WorkQueue.runTask(ForkJoinPool.java:1056)
	at java.util.concurrent.ForkJoinPool.runWorker(ForkJoinPool.java:1692)
	at java.util.concurrent.ForkJoinWorkerThread.run(ForkJoinWorkerThread.java:157)
Caused by: org.apache.ratis.thirdparty.io.grpc.StatusRuntimeException: DEADLINE_EXCEEDED: deadline exceeded after 2996666671ns
	at org.apache.ratis.thirdparty.io.grpc.stub.ClientCalls.toStatusRuntimeException(ClientCalls.java:233)
	at org.apache.ratis.thirdparty.io.grpc.stub.ClientCalls.getUnchecked(ClientCalls.java:214)
	at org.apache.ratis.thirdparty.io.grpc.stub.ClientCalls.blockingUnaryCall(ClientCalls.java:139)
	at org.apache.ratis.proto.grpc.AdminProtocolServiceGrpc$AdminProtocolServiceBlockingStub.groupManagement(AdminProtocolServiceGrpc.java:274)
	at org.apache.ratis.grpc.client.GrpcClientProtocolClient.lambda$groupAdd$3(GrpcClientProtocolClient.java:149)
	at org.apache.ratis.grpc.client.GrpcClientProtocolClient.blockingCall(GrpcClientProtocolClient.java:176)
	... 25 more
2019-09-26 21:19:19,734 [Thread-1136] INFO  impl.FollowerState (FollowerState.java:run(106)) - 9ce0b59e-153f-4f41-8aed-492a76d80b48:group-1B503A35F909 changes to CANDIDATE, lastRpcTime:5134, electionTimeout:5025ms
2019-09-26 21:19:19,733 [Thread-1139] INFO  impl.FollowerState (FollowerState.java:run(106)) - 9ce0b59e-153f-4f41-8aed-492a76d80b48:group-0FD1EA0A8F9D changes to CANDIDATE, lastRpcTime:5089, electionTimeout:5026ms
2019-09-26 21:19:19,524 [da833d8d-e72a-4068-9560-4daa2d83adc2@group-6AC811BBC42F:LeaderElection154] INFO  impl.RaftServerImpl (ServerState.java:setRaftConf(354)) - da833d8d-e72a-4068-9560-4daa2d83adc2@group-6AC811BBC42F: set configuration 0: [da833d8d-e72a-4068-9560-4daa2d83adc2:192.168.151.99:38903], old=null at 0
2019-09-26 21:19:19,524 [Thread-1070] INFO  impl.RoleInfo (RoleInfo.java:updateAndGet(143)) - 1178c3ae-d0b4-4d44-b144-fe8504cc41ac: start LeaderElection
2019-09-26 21:19:19,524 [9ce0b59e-153f-4f41-8aed-492a76d80b48@group-7BF1E83F2834:LeaderElection168] INFO  impl.RoleInfo (RoleInfo.java:updateAndGet(143)) - 9ce0b59e-153f-4f41-8aed-492a76d80b48: start LeaderState
2019-09-26 21:19:19,524 [09112efe-1fad-4539-a04f-c96aef6d2351@group-7CB09764F714:LeaderElection174] INFO  impl.RaftServerImpl (ServerState.java:setLeader(253)) - 09112efe-1fad-4539-a04f-c96aef6d2351@group-7CB09764F714: change Leader from null to 09112efe-1fad-4539-a04f-c96aef6d2351 at term 1 for becomeLeader, leader elected after 6217ms
2019-09-26 21:19:19,524 [9ce0b59e-153f-4f41-8aed-492a76d80b48@group-2D75DAEBF09F:LeaderElection163] INFO  impl.RoleInfo (RoleInfo.java:updateAndGet(143)) - 9ce0b59e-153f-4f41-8aed-492a76d80b48: start LeaderState
2019-09-26 21:19:19,524 [9ce0b59e-153f-4f41-8aed-492a76d80b48@group-2D4E45E064A9:LeaderElection164] INFO  segmented.SegmentedRaftLogWorker (SegmentedRaftLogWorker.java:startLogSegment(380)) - 9ce0b59e-153f-4f41-8aed-492a76d80b48@group-2D4E45E064A9-SegmentedRaftLogWorker: Starting segment from index:0
2019-09-26 21:19:19,524 [9ce0b59e-153f-4f41-8aed-492a76d80b48@group-B087709E6FAB:LeaderElection165] INFO  segmented.SegmentedRaftLogWorker (SegmentedRaftLogWorker.java:startLogSegment(380)) - 9ce0b59e-153f-4f41-8aed-492a76d80b48@group-B087709E6FAB-SegmentedRaftLogWorker: Starting segment from index:0
2019-09-26 21:19:19,524 [09112efe-1fad-4539-a04f-c96aef6d2351@group-11443841DB3B:LeaderElection175] INFO  server.RaftServerConfigKeys (ConfUtils.java:logGet(43)) - raft.server.rpc.sleep.time = 25ms (default)
2019-09-26 21:19:19,524 [pool-27-thread-1] INFO  segmented.SegmentedRaftLogWorker (SegmentedRaftLogWorker.java:<init>(172)) - new 9ce0b59e-153f-4f41-8aed-492a76d80b48@group-99F158122B1E-SegmentedRaftLogWorker for RaftStorage:Storage Directory /workdir/hadoop-ozone/ozonefs/target/test-dir/MiniOzoneClusterImpl-5b64906c-d720-4906-b30c-b6d56a2122fd/datanode-0/data/ratis/2d6d86b7-9f78-4302-a3e7-99f158122b1e
2019-09-26 21:19:20,053 [9ce0b59e-153f-4f41-8aed-492a76d80b48@group-B087709E6FAB:LeaderElection165] INFO  impl.RaftServerImpl (ServerState.java:setRaftConf(354)) - 9ce0b59e-153f-4f41-8aed-492a76d80b48@group-B087709E6FAB: set configuration 0: [9ce0b59e-153f-4f41-8aed-492a76d80b48:192.168.151.99:34156], old=null at 0
2019-09-26 21:19:20,054 [pool-27-thread-1] INFO  server.RaftServerConfigKeys (ConfUtils.java:logGet(43)) - raft.server.log.queue.byte-limit = 2147483647 (custom)
2019-09-26 21:19:20,053 [09112efe-1fad-4539-a04f-c96aef6d2351@group-11443841DB3B:LeaderElection175] INFO  server.RaftServerConfigKeys (ConfUtils.java:logGet(43)) - raft.server.write.element-limit = 4096 (default)
2019-09-26 21:19:20,053 [9ce0b59e-153f-4f41-8aed-492a76d80b48@group-2D4E45E064A9:LeaderElection164] INFO  impl.RaftServerImpl (ServerState.java:setRaftConf(354)) - 9ce0b59e-153f-4f41-8aed-492a76d80b48@group-2D4E45E064A9: set configuration 0: [9ce0b59e-153f-4f41-8aed-492a76d80b48:192.168.151.99:34156], old=null at 0
2019-09-26 21:19:20,053 [9ce0b59e-153f-4f41-8aed-492a76d80b48@group-2D75DAEBF09F:LeaderElection163] INFO  segmented.SegmentedRaftLogWorker (SegmentedRaftLogWorker.java:startLogSegment(380)) - 9ce0b59e-153f-4f41-8aed-492a76d80b48@group-2D75DAEBF09F-SegmentedRaftLogWorker: Starting segment from index:0
2019-09-26 21:19:20,053 [09112efe-1fad-4539-a04f-c96aef6d2351@group-7CB09764F714:LeaderElection174] INFO  server.RaftServerConfigKeys (ConfUtils.java:logGet(43)) - raft.server.staging.catchup.gap = 1000 (default)
2019-09-26 21:19:20,053 [9ce0b59e-153f-4f41-8aed-492a76d80b48@group-7BF1E83F2834:LeaderElection168] INFO  segmented.SegmentedRaftLogWorker (SegmentedRaftLogWorker.java:startLogSegment(380)) - 9ce0b59e-153f-4f41-8aed-492a76d80b48@group-7BF1E83F2834-SegmentedRaftLogWorker: Starting segment from index:0
2019-09-26 21:19:20,052 [Thread-1139] INFO  impl.RoleInfo (RoleInfo.java:shutdownFollowerState(121)) - 9ce0b59e-153f-4f41-8aed-492a76d80b48: shutdown FollowerState
2019-09-26 21:19:20,055 [Thread-1139] INFO  impl.RaftServerImpl (RaftServerImpl.java:setRole(174)) - 9ce0b59e-153f-4f41-8aed-492a76d80b48@group-0FD1EA0A8F9D: changes role from  FOLLOWER to CANDIDATE at term 0 for changeToCandidate
2019-09-26 21:19:20,052 [Thread-1136] INFO  impl.RoleInfo (RoleInfo.java:shutdownFollowerState(121)) - 9ce0b59e-153f-4f41-8aed-492a76d80b48: shutdown FollowerState
2019-09-26 21:19:20,051 [RatisPipelineUtilsThread] ERROR pipeline.SCMPipelineManager (SCMPipelineManager.java:createPipeline(167)) - Pipeline creation failed.
java.io.IOException: Failed invoke Ratis rpc org.apache.hadoop.hdds.scm.pipeline.RatisPipelineProvider$$Lambda$179/154091354@67e7b29b for 9ce0b59e-153f-4f41-8aed-492a76d80b48
	at org.apache.hadoop.hdds.scm.pipeline.RatisPipelineProvider.lambda$null$2(RatisPipelineProvider.java:176)
	at java.util.stream.ForEachOps$ForEachOp$OfRef.accept(ForEachOps.java:184)
	at java.util.ArrayList$ArrayListSpliterator.forEachRemaining(ArrayList.java:1382)
	at java.util.stream.AbstractPipeline.copyInto(AbstractPipeline.java:482)
	at java.util.stream.ForEachOps$ForEachTask.compute(ForEachOps.java:291)
	at java.util.concurrent.CountedCompleter.exec(CountedCompleter.java:731)
	at java.util.concurrent.ForkJoinTask.doExec(ForkJoinTask.java:289)
	at java.util.concurrent.ForkJoinTask.doInvoke(ForkJoinTask.java:401)
	at java.util.concurrent.ForkJoinTask.invoke(ForkJoinTask.java:734)
	at java.util.stream.ForEachOps$ForEachOp.evaluateParallel(ForEachOps.java:160)
	at java.util.stream.ForEachOps$ForEachOp$OfRef.evaluateParallel(ForEachOps.java:174)
	at java.util.stream.AbstractPipeline.evaluate(AbstractPipeline.java:233)
	at java.util.stream.ReferencePipeline.forEach(ReferencePipeline.java:418)
	at java.util.stream.ReferencePipeline$Head.forEach(ReferencePipeline.java:583)
	at org.apache.hadoop.hdds.scm.pipeline.RatisPipelineProvider.lambda$callRatisRpc$3(RatisPipelineProvider.java:165)
	at java.util.concurrent.ForkJoinTask$AdaptedRunnableAction.exec(ForkJoinTask.java:1386)
	at java.util.concurrent.ForkJoinTask.doExec(ForkJoinTask.java:289)
	at java.util.concurrent.ForkJoinPool$WorkQueue.runTask(ForkJoinPool.java:1056)
	at java.util.concurrent.ForkJoinPool.runWorker(ForkJoinPool.java:1692)
	at java.util.concurrent.ForkJoinWorkerThread.run(ForkJoinWorkerThread.java:157)
Caused by: org.apache.ratis.protocol.TimeoutIOException: deadline exceeded after 2996666671ns
	at org.apache.ratis.grpc.GrpcUtil.tryUnwrapException(GrpcUtil.java:82)
	at org.apache.ratis.grpc.GrpcUtil.unwrapException(GrpcUtil.java:75)
	at org.apache.ratis.grpc.client.GrpcClientProtocolClient.blockingCall(GrpcClientProtocolClient.java:178)
	at org.apache.ratis.grpc.client.GrpcClientProtocolClient.groupAdd(GrpcClientProtocolClient.java:147)
	at org.apache.ratis.grpc.client.GrpcClientRpc.sendRequest(GrpcClientRpc.java:94)
	at org.apache.ratis.client.impl.RaftClientImpl.sendRequest(RaftClientImpl.java:278)
	at org.apache.ratis.client.impl.RaftClientImpl.groupAdd(RaftClientImpl.java:205)
	at org.apache.hadoop.hdds.scm.pipeline.RatisPipelineProvider.lambda$initializePipeline$1(RatisPipelineProvider.java:136)
	at org.apache.hadoop.hdds.scm.pipeline.RatisPipelineProvider.lambda$null$2(RatisPipelineProvider.java:171)
	... 19 more
Caused by: org.apache.ratis.thirdparty.io.grpc.StatusRuntimeException: DEADLINE_EXCEEDED: deadline exceeded after 2996666671ns
	at org.apache.ratis.thirdparty.io.grpc.stub.ClientCalls.toStatusRuntimeException(ClientCalls.java:233)
	at org.apache.ratis.thirdparty.io.grpc.stub.ClientCalls.getUnchecked(ClientCalls.java:214)
	at org.apache.ratis.thirdparty.io.grpc.stub.ClientCalls.blockingUnaryCall(ClientCalls.java:139)
	at org.apache.ratis.proto.grpc.AdminProtocolServiceGrpc$AdminProtocolServiceBlockingStub.groupManagement(AdminProtocolServiceGrpc.java:274)
	at org.apache.ratis.grpc.client.GrpcClientProtocolClient.lambda$groupAdd$3(GrpcClientProtocolClient.java:149)
	at org.apache.ratis.grpc.client.GrpcClientProtocolClient.blockingCall(GrpcClientProtocolClient.java:176)
	... 25 more
2019-09-26 21:19:20,043 [Thread-1130] INFO  impl.RaftServerImpl (RaftServerImpl.java:setRole(174)) - 9ce0b59e-153f-4f41-8aed-492a76d80b48@group-2F3A14F08318: changes role from  FOLLOWER to CANDIDATE at term 0 for changeToCandidate
2019-09-26 21:19:20,043 [Thread-1127] INFO  impl.RoleInfo (RoleInfo.java:shutdownFollowerState(121)) - 1178c3ae-d0b4-4d44-b144-fe8504cc41ac: shutdown FollowerState
2019-09-26 21:19:20,043 [Thread-1133] INFO  impl.RoleInfo (RoleInfo.java:shutdownFollowerState(121)) - 9ce0b59e-153f-4f41-8aed-492a76d80b48: shutdown FollowerState
2019-09-26 21:19:20,042 [9ce0b59e-153f-4f41-8aed-492a76d80b48@group-90252941981A-SegmentedRaftLogWorker] INFO  impl.RaftServerImpl (ServerState.java:close(385)) - 9ce0b59e-153f-4f41-8aed-492a76d80b48@group-90252941981A: closes. applyIndex: -1
2019-09-26 21:19:20,042 [Thread-1124] INFO  impl.RoleInfo (RoleInfo.java:shutdownFollowerState(121)) - 1178c3ae-d0b4-4d44-b144-fe8504cc41ac: shutdown FollowerState
2019-09-26 21:19:20,059 [Thread-1124] INFO  impl.RaftServerImpl (RaftServerImpl.java:setRole(174)) - 1178c3ae-d0b4-4d44-b144-fe8504cc41ac@group-C4ECAA6EBF50: changes role from  FOLLOWER to CANDIDATE at term 0 for changeToCandidate
2019-09-26 21:19:20,042 [1178c3ae-d0b4-4d44-b144-fe8504cc41ac@group-9541723CC6E1:LeaderElection178] INFO  impl.RoleInfo (RoleInfo.java:shutdownLeaderElection(134)) - 1178c3ae-d0b4-4d44-b144-fe8504cc41ac: shutdown LeaderElection
2019-09-26 21:19:20,042 [Thread-1228] INFO  impl.FollowerState (FollowerState.java:run(115)) - 0c640f50-2bc9-49b6-b785-a27e3116e6ba: FollowerState was interrupted: java.lang.InterruptedException: sleep interrupted
2019-09-26 21:19:20,042 [0c640f50-2bc9-49b6-b785-a27e3116e6ba@group-90252941981A-SegmentedRaftLogWorker] INFO  impl.StateMachineUpdater (StateMachineUpdater.java:stopAndJoin(125)) - 0c640f50-2bc9-49b6-b785-a27e3116e6ba@group-90252941981A-StateMachineUpdater: set stopIndex = -1
2019-09-26 21:19:20,041 [1178c3ae-d0b4-4d44-b144-fe8504cc41ac@group-04CBCD99AF3A:LeaderElection162] INFO  segmented.SegmentedRaftLogWorker (SegmentedRaftLogWorker.java:startLogSegment(380)) - 1178c3ae-d0b4-4d44-b144-fe8504cc41ac@group-04CBCD99AF3A-SegmentedRaftLogWorker: Starting segment from index:0
2019-09-26 21:19:20,041 [09112efe-1fad-4539-a04f-c96aef6d2351@group-3A209C435E0A-SegmentedRaftLogWorker] INFO  util.JmxRegister (JmxRegister.java:unregister(73)) - Successfully un-registered JMX Bean with object name Ratis:service=RaftServer,group=group-3A209C435E0A,id=09112efe-1fad-4539-a04f-c96aef6d2351
2019-09-26 21:19:20,041 [Thread-1154] INFO  impl.RoleInfo (RoleInfo.java:shutdownFollowerState(121)) - 9ce0b59e-153f-4f41-8aed-492a76d80b48: shutdown FollowerState
2019-09-26 21:19:20,041 [Thread-1151] INFO  impl.RoleInfo (RoleInfo.java:shutdownFollowerState(121)) - 9ce0b59e-153f-4f41-8aed-492a76d80b48: shutdown FollowerState
2019-09-26 21:19:20,041 [Thread-1157] INFO  impl.RoleInfo (RoleInfo.java:shutdownFollowerState(121)) - da833d8d-e72a-4068-9560-4daa2d83adc2: shutdown FollowerState
2019-09-26 21:19:20,040 [Thread-1145] INFO  impl.RoleInfo (RoleInfo.java:shutdownFollowerState(121)) - 09112efe-1fad-4539-a04f-c96aef6d2351: shutdown FollowerState
2019-09-26 21:19:20,040 [Thread-1148] INFO  impl.RoleInfo (RoleInfo.java:shutdownFollowerState(121)) - 9ce0b59e-153f-4f41-8aed-492a76d80b48: shutdown FollowerState
2019-09-26 21:19:20,040 [Thread-1142] INFO  impl.RoleInfo (RoleInfo.java:shutdownFollowerState(121)) - 9ce0b59e-153f-4f41-8aed-492a76d80b48: shutdown FollowerState
2019-09-26 21:19:20,040 [da833d8d-e72a-4068-9560-4daa2d83adc2@group-B3D9420AEDE2-SegmentedRaftLogWorker] INFO  util.JmxRegister (JmxRegister.java:unregister(73)) - Successfully un-registered JMX Bean with object name Ratis:service=RaftServer,group=group-B3D9420AEDE2,id=da833d8d-e72a-4068-9560-4daa2d83adc2
2019-09-26 21:19:20,039 [da833d8d-e72a-4068-9560-4daa2d83adc2@group-537F952A2140-SegmentedRaftLogWorker] INFO  impl.RaftServerImpl (RaftServerImpl.java:lambda$shutdown$3(251)) - da833d8d-e72a-4068-9560-4daa2d83adc2@group-537F952A2140: shutdown
2019-09-26 21:19:20,039 [9ce0b59e-153f-4f41-8aed-492a76d80b48@group-514D036A21E3:LeaderElection166] INFO  segmented.SegmentedRaftLogWorker (SegmentedRaftLogWorker.java:startLogSegment(380)) - 9ce0b59e-153f-4f41-8aed-492a76d80b48@group-514D036A21E3-SegmentedRaftLogWorker: Starting segment from index:0
2019-09-26 21:19:20,039 [9ce0b59e-153f-4f41-8aed-492a76d80b48@group-3144698B2ED7:LeaderElection167] INFO  segmented.SegmentedRaftLogWorker (SegmentedRaftLogWorker.java:startLogSegment(380)) - 9ce0b59e-153f-4f41-8aed-492a76d80b48@group-3144698B2ED7-SegmentedRaftLogWorker: Starting segment from index:0
2019-09-26 21:19:20,038 [1178c3ae-d0b4-4d44-b144-fe8504cc41ac@group-AA27AC3B9E14:LeaderElection179] INFO  impl.RaftServerImpl (RaftServerImpl.java:setRole(174)) - 1178c3ae-d0b4-4d44-b144-fe8504cc41ac@group-AA27AC3B9E14: changes role from CANDIDATE to LEADER at term 1 for changeToLeader
2019-09-26 21:19:20,065 [1178c3ae-d0b4-4d44-b144-fe8504cc41ac@group-AA27AC3B9E14:LeaderElection179] INFO  impl.RaftServerImpl (ServerState.java:setLeader(253)) - 1178c3ae-d0b4-4d44-b144-fe8504cc41ac@group-AA27AC3B9E14: change Leader from null to 1178c3ae-d0b4-4d44-b144-fe8504cc41ac at term 1 for becomeLeader, leader elected after 6717ms
2019-09-26 21:19:20,038 [da833d8d-e72a-4068-9560-4daa2d83adc2@group-85E87D856CDF:LeaderElection176] INFO  impl.RaftServerImpl (RaftServerImpl.java:setRole(174)) - da833d8d-e72a-4068-9560-4daa2d83adc2@group-85E87D856CDF: changes role from CANDIDATE to LEADER at term 1 for changeToLeader
2019-09-26 21:19:20,038 [Thread-1112] INFO  impl.RaftServerImpl (RaftServerImpl.java:setRole(174)) - 9ce0b59e-153f-4f41-8aed-492a76d80b48@group-7AF436DBD9FF: changes role from  FOLLOWER to CANDIDATE at term 0 for changeToCandidate
2019-09-26 21:19:20,038 [Thread-1115] INFO  impl.RoleInfo (RoleInfo.java:updateAndGet(143)) - 1178c3ae-d0b4-4d44-b144-fe8504cc41ac: start LeaderElection
2019-09-26 21:19:20,038 [1178c3ae-d0b4-4d44-b144-fe8504cc41ac@group-07763D2A0C0C:LeaderElection169] INFO  server.RaftServerConfigKeys (ConfUtils.java:logGet(43)) - raft.server.watch.timeout.denomination = 1s (default)
2019-09-26 21:19:20,038 [Thread-1109] INFO  impl.RoleInfo (RoleInfo.java:updateAndGet(143)) - da833d8d-e72a-4068-9560-4daa2d83adc2: start LeaderElection
2019-09-26 21:19:20,037 [Thread-1118] INFO  impl.RaftServerImpl (RaftServerImpl.java:setRole(174)) - 09112efe-1fad-4539-a04f-c96aef6d2351@group-78E06D6978FF: changes role from  FOLLOWER to CANDIDATE at term 0 for changeToCandidate
2019-09-26 21:19:20,037 [Thread-1121] INFO  impl.RaftServerImpl (RaftServerImpl.java:setRole(174)) - da833d8d-e72a-4068-9560-4daa2d83adc2@group-009B25A2B20A: changes role from  FOLLOWER to CANDIDATE at term 0 for changeToCandidate
2019-09-26 21:19:20,037 [9ce0b59e-153f-4f41-8aed-492a76d80b48@group-9B72ABBB0540:LeaderElection172] INFO  impl.RaftServerImpl (RaftServerImpl.java:setRole(174)) - 9ce0b59e-153f-4f41-8aed-492a76d80b48@group-9B72ABBB0540: changes role from CANDIDATE to LEADER at term 1 for changeToLeader
2019-09-26 21:19:20,067 [9ce0b59e-153f-4f41-8aed-492a76d80b48@group-9B72ABBB0540:LeaderElection172] INFO  impl.RaftServerImpl (ServerState.java:setLeader(253)) - 9ce0b59e-153f-4f41-8aed-492a76d80b48@group-9B72ABBB0540: change Leader from null to 9ce0b59e-153f-4f41-8aed-492a76d80b48 at term 1 for becomeLeader, leader elected after 7309ms
2019-09-26 21:19:20,037 [da833d8d-e72a-4068-9560-4daa2d83adc2@group-0604B4D664E6:LeaderElection180] INFO  impl.RaftServerImpl (RaftServerImpl.java:setRole(174)) - da833d8d-e72a-4068-9560-4daa2d83adc2@group-0604B4D664E6: changes role from CANDIDATE to LEADER at term 1 for changeToLeader
2019-09-26 21:19:20,071 [da833d8d-e72a-4068-9560-4daa2d83adc2@group-0604B4D664E6:LeaderElection180] INFO  impl.RaftServerImpl (ServerState.java:setLeader(253)) - da833d8d-e72a-4068-9560-4daa2d83adc2@group-0604B4D664E6: change Leader from null to da833d8d-e72a-4068-9560-4daa2d83adc2 at term 1 for becomeLeader, leader elected after 7255ms
2019-09-26 21:19:20,037 [09112efe-1fad-4539-a04f-c96aef6d2351@group-B816AAC0A64C:LeaderElection181] INFO  server.RaftServerConfigKeys (ConfUtils.java:logGet(43)) - raft.server.staging.catchup.gap = 1000 (default)
2019-09-26 21:19:20,036 [da833d8d-e72a-4068-9560-4daa2d83adc2@group-4E8FB90A84B2:LeaderElection171] INFO  impl.RaftServerImpl (RaftServerImpl.java:setRole(174)) - da833d8d-e72a-4068-9560-4daa2d83adc2@group-4E8FB90A84B2: changes role from CANDIDATE to LEADER at term 1 for changeToLeader
2019-09-26 21:19:20,071 [da833d8d-e72a-4068-9560-4daa2d83adc2@group-4E8FB90A84B2:LeaderElection171] INFO  impl.RaftServerImpl (ServerState.java:setLeader(253)) - da833d8d-e72a-4068-9560-4daa2d83adc2@group-4E8FB90A84B2: change Leader from null to da833d8d-e72a-4068-9560-4daa2d83adc2 at term 1 for becomeLeader, leader elected after 7100ms
2019-09-26 21:19:20,036 [9ce0b59e-153f-4f41-8aed-492a76d80b48@group-33318FFD8D83:LeaderElection177] INFO  impl.RaftServerImpl (ServerState.java:setLeader(253)) - 9ce0b59e-153f-4f41-8aed-492a76d80b48@group-33318FFD8D83: change Leader from null to 9ce0b59e-153f-4f41-8aed-492a76d80b48 at term 1 for becomeLeader, leader elected after 6877ms
2019-09-26 21:19:20,036 [da833d8d-e72a-4068-9560-4daa2d83adc2@group-F51D1C6A72C0:LeaderElection182] INFO  server.RaftServerConfigKeys (ConfUtils.java:logGet(43)) - raft.server.staging.catchup.gap = 1000 (default)
2019-09-26 21:19:20,071 [da833d8d-e72a-4068-9560-4daa2d83adc2@group-F51D1C6A72C0:LeaderElection182] INFO  server.RaftServerConfigKeys (ConfUtils.java:logGet(43)) - raft.server.rpc.sleep.time = 25ms (default)
2019-09-26 21:19:20,036 [9ce0b59e-153f-4f41-8aed-492a76d80b48@group-4BB057ED2D22:LeaderElection170] INFO  impl.RaftServerImpl (RaftServerImpl.java:setRole(174)) - 9ce0b59e-153f-4f41-8aed-492a76d80b48@group-4BB057ED2D22: changes role from CANDIDATE to LEADER at term 1 for changeToLeader
2019-09-26 21:19:20,035 [9ce0b59e-153f-4f41-8aed-492a76d80b48@group-F571F2D46B43:LeaderElection173] INFO  impl.RaftServerImpl (ServerState.java:setLeader(253)) - 9ce0b59e-153f-4f41-8aed-492a76d80b48@group-F571F2D46B43: change Leader from null to 9ce0b59e-153f-4f41-8aed-492a76d80b48 at term 1 for becomeLeader, leader elected after 7015ms
2019-09-26 21:19:20,035 [Thread-1094] INFO  impl.RoleInfo (RoleInfo.java:updateAndGet(143)) - 09112efe-1fad-4539-a04f-c96aef6d2351: start LeaderElection
2019-09-26 21:19:20,035 [Thread-1097] INFO  impl.RaftServerImpl (RaftServerImpl.java:setRole(174)) - 9ce0b59e-153f-4f41-8aed-492a76d80b48@group-4AD36DEDF59B: changes role from  FOLLOWER to CANDIDATE at term 0 for changeToCandidate
2019-09-26 21:19:20,035 [Thread-1106] INFO  impl.RaftServerImpl (RaftServerImpl.java:setRole(174)) - 1178c3ae-d0b4-4d44-b144-fe8504cc41ac@group-51A2D4D8C13B: changes role from  FOLLOWER to CANDIDATE at term 0 for changeToCandidate
2019-09-26 21:19:20,035 [Thread-1100] INFO  impl.RoleInfo (RoleInfo.java:updateAndGet(143)) - 09112efe-1fad-4539-a04f-c96aef6d2351: start LeaderElection
2019-09-26 21:19:20,035 [Thread-1103] INFO  impl.RoleInfo (RoleInfo.java:updateAndGet(143)) - 9ce0b59e-153f-4f41-8aed-492a76d80b48: start LeaderElection
2019-09-26 21:19:20,034 [1178c3ae-d0b4-4d44-b144-fe8504cc41ac@group-4036A4827E18-SegmentedRaftLogWorker] INFO  util.JmxRegister (JmxRegister.java:unregister(73)) - Successfully un-registered JMX Bean with object name Ratis:service=RaftServer,group=group-4036A4827E18,id=1178c3ae-d0b4-4d44-b144-fe8504cc41ac
2019-09-26 21:19:20,073 [1178c3ae-d0b4-4d44-b144-fe8504cc41ac@group-4036A4827E18-SegmentedRaftLogWorker] INFO  impl.RoleInfo (RoleInfo.java:shutdownLeaderState(104)) - 1178c3ae-d0b4-4d44-b144-fe8504cc41ac: shutdown LeaderState
2019-09-26 21:19:20,072 [Thread-1106] INFO  impl.RoleInfo (RoleInfo.java:updateAndGet(143)) - 1178c3ae-d0b4-4d44-b144-fe8504cc41ac: start LeaderElection
2019-09-26 21:19:20,072 [Thread-1097] INFO  impl.RoleInfo (RoleInfo.java:updateAndGet(143)) - 9ce0b59e-153f-4f41-8aed-492a76d80b48: start LeaderElection
2019-09-26 21:19:20,072 [9ce0b59e-153f-4f41-8aed-492a76d80b48@group-F571F2D46B43:LeaderElection173] INFO  server.RaftServerConfigKeys (ConfUtils.java:logGet(43)) - raft.server.staging.catchup.gap = 1000 (default)
2019-09-26 21:19:20,072 [9ce0b59e-153f-4f41-8aed-492a76d80b48@group-4BB057ED2D22:LeaderElection170] INFO  impl.RaftServerImpl (ServerState.java:setLeader(253)) - 9ce0b59e-153f-4f41-8aed-492a76d80b48@group-4BB057ED2D22: change Leader from null to 9ce0b59e-153f-4f41-8aed-492a76d80b48 at term 1 for becomeLeader, leader elected after 7214ms
2019-09-26 21:19:20,071 [da833d8d-e72a-4068-9560-4daa2d83adc2@group-F51D1C6A72C0:LeaderElection182] INFO  server.RaftServerConfigKeys (ConfUtils.java:logGet(43)) - raft.server.write.element-limit = 4096 (default)
2019-09-26 21:19:20,071 [9ce0b59e-153f-4f41-8aed-492a76d80b48@group-33318FFD8D83:LeaderElection177] INFO  server.RaftServerConfigKeys (ConfUtils.java:logGet(43)) - raft.server.staging.catchup.gap = 1000 (default)
2019-09-26 21:19:20,071 [da833d8d-e72a-4068-9560-4daa2d83adc2@group-4E8FB90A84B2:LeaderElection171] INFO  server.RaftServerConfigKeys (ConfUtils.java:logGet(43)) - raft.server.staging.catchup.gap = 1000 (default)
2019-09-26 21:19:20,071 [09112efe-1fad-4539-a04f-c96aef6d2351@group-B816AAC0A64C:LeaderElection181] INFO  server.RaftServerConfigKeys (ConfUtils.java:logGet(43)) - raft.server.rpc.sleep.time = 25ms (default)
2019-09-26 21:19:20,071 [da833d8d-e72a-4068-9560-4daa2d83adc2@group-0604B4D664E6:LeaderElection180] INFO  server.RaftServerConfigKeys (ConfUtils.java:logGet(43)) - raft.server.staging.catchup.gap = 1000 (default)
2019-09-26 21:19:20,071 [9ce0b59e-153f-4f41-8aed-492a76d80b48@group-9B72ABBB0540:LeaderElection172] INFO  server.RaftServerConfigKeys (ConfUtils.java:logGet(43)) - raft.server.staging.catchup.gap = 1000 (default)
2019-09-26 21:19:20,074 [9ce0b59e-153f-4f41-8aed-492a76d80b48@group-9B72ABBB0540:LeaderElection172] INFO  server.RaftServerConfigKeys (ConfUtils.java:logGet(43)) - raft.server.rpc.sleep.time = 25ms (default)
2019-09-26 21:19:20,067 [Thread-1121] INFO  impl.RoleInfo (RoleInfo.java:updateAndGet(143)) - da833d8d-e72a-4068-9560-4daa2d83adc2: start LeaderElection
2019-09-26 21:19:20,066 [Thread-1118] INFO  impl.RoleInfo (RoleInfo.java:updateAndGet(143)) - 09112efe-1fad-4539-a04f-c96aef6d2351: start LeaderElection
2019-09-26 21:19:20,066 [1178c3ae-d0b4-4d44-b144-fe8504cc41ac@group-07763D2A0C0C:LeaderElection169] INFO  server.RaftServerConfigKeys (ConfUtils.java:logGet(43)) - raft.server.watch.element-limit = 65536 (default)
2019-09-26 21:19:20,066 [Thread-1112] INFO  impl.RoleInfo (RoleInfo.java:updateAndGet(143)) - 9ce0b59e-153f-4f41-8aed-492a76d80b48: start LeaderElection
2019-09-26 21:19:20,066 [9ce0b59e-153f-4f41-8aed-492a76d80b48@group-3144698B2ED7:LeaderElection167] INFO  impl.RaftServerImpl (ServerState.java:setRaftConf(354)) - 9ce0b59e-153f-4f41-8aed-492a76d80b48@group-3144698B2ED7: set configuration 0: [9ce0b59e-153f-4f41-8aed-492a76d80b48:192.168.151.99:34156], old=null at 0
2019-09-26 21:19:20,066 [da833d8d-e72a-4068-9560-4daa2d83adc2@group-85E87D856CDF:LeaderElection176] INFO  impl.RaftServerImpl (ServerState.java:setLeader(253)) - da833d8d-e72a-4068-9560-4daa2d83adc2@group-85E87D856CDF: change Leader from null to da833d8d-e72a-4068-9560-4daa2d83adc2 at term 1 for becomeLeader, leader elected after 6952ms
2019-09-26 21:19:20,066 [1178c3ae-d0b4-4d44-b144-fe8504cc41ac@group-AA27AC3B9E14:LeaderElection179] INFO  server.RaftServerConfigKeys (ConfUtils.java:logGet(43)) - raft.server.staging.catchup.gap = 1000 (default)
2019-09-26 21:19:20,065 [9ce0b59e-153f-4f41-8aed-492a76d80b48@group-514D036A21E3:LeaderElection166] INFO  impl.RaftServerImpl (ServerState.java:setRaftConf(354)) - 9ce0b59e-153f-4f41-8aed-492a76d80b48@group-514D036A21E3: set configuration 0: [9ce0b59e-153f-4f41-8aed-492a76d80b48:192.168.151.99:34156], old=null at 0
2019-09-26 21:19:20,065 [da833d8d-e72a-4068-9560-4daa2d83adc2@group-537F952A2140-SegmentedRaftLogWorker] INFO  util.JmxRegister (JmxRegister.java:unregister(73)) - Successfully un-registered JMX Bean with object name Ratis:service=RaftServer,group=group-537F952A2140,id=da833d8d-e72a-4068-9560-4daa2d83adc2
2019-09-26 21:19:20,065 [da833d8d-e72a-4068-9560-4daa2d83adc2@group-B3D9420AEDE2-SegmentedRaftLogWorker] INFO  impl.RoleInfo (RoleInfo.java:shutdownLeaderState(104)) - da833d8d-e72a-4068-9560-4daa2d83adc2: shutdown LeaderState
2019-09-26 21:19:20,065 [Thread-1142] INFO  impl.RaftServerImpl (RaftServerImpl.java:setRole(174)) - 9ce0b59e-153f-4f41-8aed-492a76d80b48@group-00776E898AAB: changes role from  FOLLOWER to CANDIDATE at term 0 for changeToCandidate
2019-09-26 21:19:20,064 [Thread-1148] INFO  impl.RaftServerImpl (RaftServerImpl.java:setRole(174)) - 9ce0b59e-153f-4f41-8aed-492a76d80b48@group-556BB265CEA3: changes role from  FOLLOWER to CANDIDATE at term 0 for changeToCandidate
2019-09-26 21:19:20,061 [Thread-1145] INFO  impl.RaftServerImpl (RaftServerImpl.java:setRole(174)) - 09112efe-1fad-4539-a04f-c96aef6d2351@group-11EBA2FC1B7A: changes role from  FOLLOWER to CANDIDATE at term 0 for changeToCandidate
2019-09-26 21:19:20,061 [Thread-1157] INFO  impl.RaftServerImpl (RaftServerImpl.java:setRole(174)) - da833d8d-e72a-4068-9560-4daa2d83adc2@group-80D4D31A8B20: changes role from  FOLLOWER to CANDIDATE at term 0 for changeToCandidate
2019-09-26 21:19:20,061 [Thread-1151] INFO  impl.RaftServerImpl (RaftServerImpl.java:setRole(174)) - 9ce0b59e-153f-4f41-8aed-492a76d80b48@group-C9D9502D9D87: changes role from  FOLLOWER to CANDIDATE at term 0 for changeToCandidate
2019-09-26 21:19:20,061 [Thread-1154] INFO  impl.RaftServerImpl (RaftServerImpl.java:setRole(174)) - 9ce0b59e-153f-4f41-8aed-492a76d80b48@group-53B6FB8525AE: changes role from  FOLLOWER to CANDIDATE at term 0 for changeToCandidate
2019-09-26 21:19:20,060 [1178c3ae-d0b4-4d44-b144-fe8504cc41ac@group-04CBCD99AF3A:LeaderElection162] INFO  impl.RaftServerImpl (ServerState.java:setRaftConf(354)) - 1178c3ae-d0b4-4d44-b144-fe8504cc41ac@group-04CBCD99AF3A: set configuration 0: [1178c3ae-d0b4-4d44-b144-fe8504cc41ac:192.168.151.99:33787], old=null at 0
2019-09-26 21:19:20,076 [pool-67-thread-1] INFO  impl.RaftServerImpl (RaftServerImpl.java:<init>(95)) - da833d8d-e72a-4068-9560-4daa2d83adc2: new RaftServerImpl for group-450F00B29BD4:[9ce0b59e-153f-4f41-8aed-492a76d80b48:192.168.151.99:34156, da833d8d-e72a-4068-9560-4daa2d83adc2:192.168.151.99:38903, 1178c3ae-d0b4-4d44-b144-fe8504cc41ac:192.168.151.99:33787] with ContainerStateMachine:uninitialized
2019-09-26 21:19:20,060 [09112efe-1fad-4539-a04f-c96aef6d2351@group-3A209C435E0A-SegmentedRaftLogWorker] INFO  impl.RoleInfo (RoleInfo.java:shutdownLeaderState(104)) - 09112efe-1fad-4539-a04f-c96aef6d2351: shutdown LeaderState
2019-09-26 21:19:20,060 [0c640f50-2bc9-49b6-b785-a27e3116e6ba@group-90252941981A-SegmentedRaftLogWorker] INFO  impl.RaftServerImpl (ServerState.java:close(385)) - 0c640f50-2bc9-49b6-b785-a27e3116e6ba@group-90252941981A: closes. applyIndex: -1
2019-09-26 21:19:20,060 [1178c3ae-d0b4-4d44-b144-fe8504cc41ac@group-9541723CC6E1:LeaderElection178] INFO  impl.RaftServerImpl (RaftServerImpl.java:setRole(174)) - 1178c3ae-d0b4-4d44-b144-fe8504cc41ac@group-9541723CC6E1: changes role from CANDIDATE to LEADER at term 1 for changeToLeader
2019-09-26 21:19:20,077 [0c640f50-2bc9-49b6-b785-a27e3116e6ba@group-90252941981A-SegmentedRaftLogWorker] INFO  segmented.SegmentedRaftLogWorker (SegmentedRaftLogWorker.java:close(228)) - 0c640f50-2bc9-49b6-b785-a27e3116e6ba@group-90252941981A-SegmentedRaftLogWorker close()
2019-09-26 21:19:20,060 [Thread-1124] INFO  impl.RoleInfo (RoleInfo.java:updateAndGet(143)) - 1178c3ae-d0b4-4d44-b144-fe8504cc41ac: start LeaderElection
2019-09-26 21:19:20,059 [9ce0b59e-153f-4f41-8aed-492a76d80b48@group-90252941981A-SegmentedRaftLogWorker] INFO  segmented.SegmentedRaftLogWorker (SegmentedRaftLogWorker.java:close(228)) - 9ce0b59e-153f-4f41-8aed-492a76d80b48@group-90252941981A-SegmentedRaftLogWorker close()
2019-09-26 21:19:20,059 [Thread-1133] INFO  impl.RaftServerImpl (RaftServerImpl.java:setRole(174)) - 9ce0b59e-153f-4f41-8aed-492a76d80b48@group-6E6C68F22454: changes role from  FOLLOWER to CANDIDATE at term 0 for changeToCandidate
2019-09-26 21:19:20,059 [Thread-1127] INFO  impl.RaftServerImpl (RaftServerImpl.java:setRole(174)) - 1178c3ae-d0b4-4d44-b144-fe8504cc41ac@group-E8E6DAF52BD9: changes role from  FOLLOWER to CANDIDATE at term 0 for changeToCandidate
2019-09-26 21:19:20,059 [Thread-1130] INFO  impl.RoleInfo (RoleInfo.java:updateAndGet(143)) - 9ce0b59e-153f-4f41-8aed-492a76d80b48: start LeaderElection
2019-09-26 21:19:20,055 [Thread-1136] INFO  impl.RaftServerImpl (RaftServerImpl.java:setRole(174)) - 9ce0b59e-153f-4f41-8aed-492a76d80b48@group-1B503A35F909: changes role from  FOLLOWER to CANDIDATE at term 0 for changeToCandidate
2019-09-26 21:19:20,055 [Thread-1139] INFO  impl.RoleInfo (RoleInfo.java:updateAndGet(143)) - 9ce0b59e-153f-4f41-8aed-492a76d80b48: start LeaderElection
2019-09-26 21:19:20,055 [9ce0b59e-153f-4f41-8aed-492a76d80b48@group-7BF1E83F2834:LeaderElection168] INFO  impl.RaftServerImpl (ServerState.java:setRaftConf(354)) - 9ce0b59e-153f-4f41-8aed-492a76d80b48@group-7BF1E83F2834: set configuration 0: [9ce0b59e-153f-4f41-8aed-492a76d80b48:192.168.151.99:34156], old=null at 0
2019-09-26 21:19:20,055 [9ce0b59e-153f-4f41-8aed-492a76d80b48@group-2D75DAEBF09F:LeaderElection163] INFO  impl.RaftServerImpl (ServerState.java:setRaftConf(354)) - 9ce0b59e-153f-4f41-8aed-492a76d80b48@group-2D75DAEBF09F: set configuration 0: [9ce0b59e-153f-4f41-8aed-492a76d80b48:192.168.151.99:34156], old=null at 0
2019-09-26 21:19:20,055 [09112efe-1fad-4539-a04f-c96aef6d2351@group-7CB09764F714:LeaderElection174] INFO  server.RaftServerConfigKeys (ConfUtils.java:logGet(43)) - raft.server.rpc.sleep.time = 25ms (default)
2019-09-26 21:19:20,054 [09112efe-1fad-4539-a04f-c96aef6d2351@group-11443841DB3B:LeaderElection175] INFO  server.RaftServerConfigKeys (ConfUtils.java:logGet(43)) - raft.server.watch.timeout = 10s (default)
2019-09-26 21:19:20,054 [pool-27-thread-1] INFO  server.RaftServerConfigKeys (ConfUtils.java:logGet(43)) - raft.server.log.queue.element-limit = 1024 (custom)
2019-09-26 21:19:20,084 [09112efe-1fad-4539-a04f-c96aef6d2351@group-11443841DB3B:LeaderElection175] INFO  server.RaftServerConfigKeys (ConfUtils.java:logGet(43)) - raft.server.watch.timeout.denomination = 1s (default)
2019-09-26 21:19:20,084 [09112efe-1fad-4539-a04f-c96aef6d2351@group-7CB09764F714:LeaderElection174] INFO  server.RaftServerConfigKeys (ConfUtils.java:logGet(43)) - raft.server.write.element-limit = 4096 (default)
2019-09-26 21:19:20,083 [Thread-1136] INFO  impl.RoleInfo (RoleInfo.java:updateAndGet(143)) - 9ce0b59e-153f-4f41-8aed-492a76d80b48: start LeaderElection
2019-09-26 21:19:20,083 [Thread-1127] INFO  impl.RoleInfo (RoleInfo.java:updateAndGet(143)) - 1178c3ae-d0b4-4d44-b144-fe8504cc41ac: start LeaderElection
2019-09-26 21:19:20,083 [Thread-1133] INFO  impl.RoleInfo (RoleInfo.java:updateAndGet(143)) - 9ce0b59e-153f-4f41-8aed-492a76d80b48: start LeaderElection
2019-09-26 21:19:20,077 [pool-37-thread-1] INFO  impl.RaftServerImpl (RaftServerImpl.java:<init>(95)) - 1178c3ae-d0b4-4d44-b144-fe8504cc41ac: new RaftServerImpl for group-450F00B29BD4:[9ce0b59e-153f-4f41-8aed-492a76d80b48:192.168.151.99:34156, da833d8d-e72a-4068-9560-4daa2d83adc2:192.168.151.99:38903, 1178c3ae-d0b4-4d44-b144-fe8504cc41ac:192.168.151.99:33787] with ContainerStateMachine:uninitialized
2019-09-26 21:19:20,077 [1178c3ae-d0b4-4d44-b144-fe8504cc41ac@group-9541723CC6E1:LeaderElection178] INFO  impl.RaftServerImpl (ServerState.java:setLeader(253)) - 1178c3ae-d0b4-4d44-b144-fe8504cc41ac@group-9541723CC6E1: change Leader from null to 1178c3ae-d0b4-4d44-b144-fe8504cc41ac at term 1 for becomeLeader, leader elected after 6835ms
2019-09-26 21:19:20,077 [1178c3ae-d0b4-4d44-b144-fe8504cc41ac@group-07763D2A0C0C:LeaderElection169] INFO  impl.RoleInfo (RoleInfo.java:updateAndGet(143)) - 1178c3ae-d0b4-4d44-b144-fe8504cc41ac: start LeaderState
2019-09-26 21:19:20,077 [09112efe-1fad-4539-a04f-c96aef6d2351@group-3A209C435E0A-SegmentedRaftLogWorker] INFO  impl.PendingRequests (PendingRequests.java:sendNotLeaderResponses(202)) - 09112efe-1fad-4539-a04f-c96aef6d2351-PendingRequests: sendNotLeaderResponses
2019-09-26 21:19:20,077 [pool-67-thread-1] INFO  server.RaftServerConfigKeys (ConfUtils.java:logGet(43)) - raft.server.rpc.timeout.min = 5s (custom)
2019-09-26 21:19:20,076 [Thread-1154] INFO  impl.RoleInfo (RoleInfo.java:updateAndGet(143)) - 9ce0b59e-153f-4f41-8aed-492a76d80b48: start LeaderElection
2019-09-26 21:19:20,076 [Thread-1151] INFO  impl.RoleInfo (RoleInfo.java:updateAndGet(143)) - 9ce0b59e-153f-4f41-8aed-492a76d80b48: start LeaderElection
2019-09-26 21:19:20,076 [Thread-1157] INFO  impl.RoleInfo (RoleInfo.java:updateAndGet(143)) - da833d8d-e72a-4068-9560-4daa2d83adc2: start LeaderElection
2019-09-26 21:19:20,076 [Thread-1145] INFO  impl.RoleInfo (RoleInfo.java:updateAndGet(143)) - 09112efe-1fad-4539-a04f-c96aef6d2351: start LeaderElection
2019-09-26 21:19:20,076 [Thread-1148] INFO  impl.RoleInfo (RoleInfo.java:updateAndGet(143)) - 9ce0b59e-153f-4f41-8aed-492a76d80b48: start LeaderElection
2019-09-26 21:19:20,076 [Thread-1142] INFO  impl.RoleInfo (RoleInfo.java:updateAndGet(143)) - 9ce0b59e-153f-4f41-8aed-492a76d80b48: start LeaderElection
2019-09-26 21:19:20,076 [da833d8d-e72a-4068-9560-4daa2d83adc2@group-B3D9420AEDE2-SegmentedRaftLogWorker] INFO  impl.PendingRequests (PendingRequests.java:sendNotLeaderResponses(202)) - da833d8d-e72a-4068-9560-4daa2d83adc2-PendingRequests: sendNotLeaderResponses
2019-09-26 21:19:20,075 [da833d8d-e72a-4068-9560-4daa2d83adc2@group-537F952A2140-SegmentedRaftLogWorker] INFO  impl.RoleInfo (RoleInfo.java:shutdownLeaderState(104)) - da833d8d-e72a-4068-9560-4daa2d83adc2: shutdown LeaderState
2019-09-26 21:19:20,075 [1178c3ae-d0b4-4d44-b144-fe8504cc41ac@group-AA27AC3B9E14:LeaderElection179] INFO  server.RaftServerConfigKeys (ConfUtils.java:logGet(43)) - raft.server.rpc.sleep.time = 25ms (default)
2019-09-26 21:19:20,075 [da833d8d-e72a-4068-9560-4daa2d83adc2@group-85E87D856CDF:LeaderElection176] INFO  server.RaftServerConfigKeys (ConfUtils.java:logGet(43)) - raft.server.staging.catchup.gap = 1000 (default)
2019-09-26 21:19:20,075 [grpc-default-executor-3] INFO  impl.RaftServerProxy (RaftServerProxy.java:addNew(89)) - 1178c3ae-d0b4-4d44-b144-fe8504cc41ac: addNew group-450F00B29BD4:[9ce0b59e-153f-4f41-8aed-492a76d80b48:192.168.151.99:34156, da833d8d-e72a-4068-9560-4daa2d83adc2:192.168.151.99:38903, 1178c3ae-d0b4-4d44-b144-fe8504cc41ac:192.168.151.99:33787] returns group-450F00B29BD4:java.util.concurrent.CompletableFuture@31a39188[Not completed]
2019-09-26 21:19:20,075 [grpc-default-executor-1] INFO  impl.RaftServerProxy (RaftServerProxy.java:addNew(89)) - 9ce0b59e-153f-4f41-8aed-492a76d80b48: addNew group-450F00B29BD4:[9ce0b59e-153f-4f41-8aed-492a76d80b48:192.168.151.99:34156, da833d8d-e72a-4068-9560-4daa2d83adc2:192.168.151.99:38903, 1178c3ae-d0b4-4d44-b144-fe8504cc41ac:192.168.151.99:33787] returns group-450F00B29BD4:java.util.concurrent.CompletableFuture@2c028482[Not completed]
2019-09-26 21:19:20,075 [grpc-default-executor-2] INFO  impl.RaftServerProxy (RaftServerProxy.java:addNew(89)) - da833d8d-e72a-4068-9560-4daa2d83adc2: addNew group-450F00B29BD4:[9ce0b59e-153f-4f41-8aed-492a76d80b48:192.168.151.99:34156, da833d8d-e72a-4068-9560-4daa2d83adc2:192.168.151.99:38903, 1178c3ae-d0b4-4d44-b144-fe8504cc41ac:192.168.151.99:33787] returns group-450F00B29BD4:java.util.concurrent.CompletableFuture@74bfe2e3[Not completed]
2019-09-26 21:19:20,074 [9ce0b59e-153f-4f41-8aed-492a76d80b48@group-9B72ABBB0540:LeaderElection172] INFO  server.RaftServerConfigKeys (ConfUtils.java:logGet(43)) - raft.server.write.element-limit = 4096 (default)
2019-09-26 21:19:20,074 [da833d8d-e72a-4068-9560-4daa2d83adc2@group-0604B4D664E6:LeaderElection180] INFO  server.RaftServerConfigKeys (ConfUtils.java:logGet(43)) - raft.server.rpc.sleep.time = 25ms (default)
2019-09-26 21:19:20,074 [09112efe-1fad-4539-a04f-c96aef6d2351@group-B816AAC0A64C:LeaderElection181] INFO  server.RaftServerConfigKeys (ConfUtils.java:logGet(43)) - raft.server.write.element-limit = 4096 (default)
2019-09-26 21:19:20,074 [da833d8d-e72a-4068-9560-4daa2d83adc2@group-4E8FB90A84B2:LeaderElection171] INFO  server.RaftServerConfigKeys (ConfUtils.java:logGet(43)) - raft.server.rpc.sleep.time = 25ms (default)
2019-09-26 21:19:20,074 [9ce0b59e-153f-4f41-8aed-492a76d80b48@group-33318FFD8D83:LeaderElection177] INFO  server.RaftServerConfigKeys (ConfUtils.java:logGet(43)) - raft.server.rpc.sleep.time = 25ms (default)
2019-09-26 21:19:20,073 [9ce0b59e-153f-4f41-8aed-492a76d80b48@group-4BB057ED2D22:LeaderElection170] INFO  server.RaftServerConfigKeys (ConfUtils.java:logGet(43)) - raft.server.staging.catchup.gap = 1000 (default)
2019-09-26 21:19:20,073 [da833d8d-e72a-4068-9560-4daa2d83adc2@group-F51D1C6A72C0:LeaderElection182] INFO  server.RaftServerConfigKeys (ConfUtils.java:logGet(43)) - raft.server.watch.timeout = 10s (default)
2019-09-26 21:19:20,073 [9ce0b59e-153f-4f41-8aed-492a76d80b48@group-F571F2D46B43:LeaderElection173] INFO  server.RaftServerConfigKeys (ConfUtils.java:logGet(43)) - raft.server.rpc.sleep.time = 25ms (default)
2019-09-26 21:19:20,073 [1178c3ae-d0b4-4d44-b144-fe8504cc41ac@group-4036A4827E18-SegmentedRaftLogWorker] INFO  impl.PendingRequests (PendingRequests.java:sendNotLeaderResponses(202)) - 1178c3ae-d0b4-4d44-b144-fe8504cc41ac-PendingRequests: sendNotLeaderResponses
2019-09-26 21:19:20,089 [9ce0b59e-153f-4f41-8aed-492a76d80b48@group-F571F2D46B43:LeaderElection173] INFO  server.RaftServerConfigKeys (ConfUtils.java:logGet(43)) - raft.server.write.element-limit = 4096 (default)
2019-09-26 21:19:20,088 [da833d8d-e72a-4068-9560-4daa2d83adc2@group-F51D1C6A72C0:LeaderElection182] INFO  server.RaftServerConfigKeys (ConfUtils.java:logGet(43)) - raft.server.watch.timeout.denomination = 1s (default)
2019-09-26 21:19:20,088 [9ce0b59e-153f-4f41-8aed-492a76d80b48@group-4BB057ED2D22:LeaderElection170] INFO  server.RaftServerConfigKeys (ConfUtils.java:logGet(43)) - raft.server.rpc.sleep.time = 25ms (default)
2019-09-26 21:19:20,088 [9ce0b59e-153f-4f41-8aed-492a76d80b48@group-33318FFD8D83:LeaderElection177] INFO  server.RaftServerConfigKeys (ConfUtils.java:logGet(43)) - raft.server.write.element-limit = 4096 (default)
2019-09-26 21:19:20,088 [da833d8d-e72a-4068-9560-4daa2d83adc2@group-4E8FB90A84B2:LeaderElection171] INFO  server.RaftServerConfigKeys (ConfUtils.java:logGet(43)) - raft.server.write.element-limit = 4096 (default)
2019-09-26 21:19:20,088 [09112efe-1fad-4539-a04f-c96aef6d2351@group-B816AAC0A64C:LeaderElection181] INFO  server.RaftServerConfigKeys (ConfUtils.java:logGet(43)) - raft.server.watch.timeout = 10s (default)
2019-09-26 21:19:20,088 [da833d8d-e72a-4068-9560-4daa2d83adc2@group-0604B4D664E6:LeaderElection180] INFO  server.RaftServerConfigKeys (ConfUtils.java:logGet(43)) - raft.server.write.element-limit = 4096 (default)
2019-09-26 21:19:20,087 [9ce0b59e-153f-4f41-8aed-492a76d80b48@group-9B72ABBB0540:LeaderElection172] INFO  server.RaftServerConfigKeys (ConfUtils.java:logGet(43)) - raft.server.watch.timeout = 10s (default)
2019-09-26 21:19:20,087 [1178c3ae-d0b4-4d44-b144-fe8504cc41ac@group-AA27AC3B9E14:LeaderElection179] INFO  server.RaftServerConfigKeys (ConfUtils.java:logGet(43)) - raft.server.write.element-limit = 4096 (default)
2019-09-26 21:19:20,087 [da833d8d-e72a-4068-9560-4daa2d83adc2@group-85E87D856CDF:LeaderElection176] INFO  server.RaftServerConfigKeys (ConfUtils.java:logGet(43)) - raft.server.rpc.sleep.time = 25ms (default)
2019-09-26 21:19:20,086 [da833d8d-e72a-4068-9560-4daa2d83adc2@group-B3D9420AEDE2-SegmentedRaftLogWorker] INFO  impl.StateMachineUpdater (StateMachineUpdater.java:stopAndJoin(125)) - da833d8d-e72a-4068-9560-4daa2d83adc2@group-B3D9420AEDE2-StateMachineUpdater: set stopIndex = -1
2019-09-26 21:19:20,086 [da833d8d-e72a-4068-9560-4daa2d83adc2@group-537F952A2140-SegmentedRaftLogWorker] INFO  impl.PendingRequests (PendingRequests.java:sendNotLeaderResponses(202)) - da833d8d-e72a-4068-9560-4daa2d83adc2-PendingRequests: sendNotLeaderResponses
2019-09-26 21:19:20,085 [pool-67-thread-1] INFO  server.RaftServerConfigKeys (ConfUtils.java:logGet(43)) - raft.server.rpc.timeout.max = 5200ms (custom)
2019-09-26 21:19:20,085 [09112efe-1fad-4539-a04f-c96aef6d2351@group-3A209C435E0A-SegmentedRaftLogWorker] INFO  impl.StateMachineUpdater (StateMachineUpdater.java:stopAndJoin(125)) - 09112efe-1fad-4539-a04f-c96aef6d2351@group-3A209C435E0A-StateMachineUpdater: set stopIndex = -1
2019-09-26 21:19:20,090 [09112efe-1fad-4539-a04f-c96aef6d2351@group-3A209C435E0A-SegmentedRaftLogWorker] INFO  impl.RaftServerImpl (ServerState.java:close(385)) - 09112efe-1fad-4539-a04f-c96aef6d2351@group-3A209C435E0A: closes. applyIndex: -1
2019-09-26 21:19:20,085 [1178c3ae-d0b4-4d44-b144-fe8504cc41ac@group-07763D2A0C0C:LeaderElection169] INFO  segmented.SegmentedRaftLogWorker (SegmentedRaftLogWorker.java:startLogSegment(380)) - 1178c3ae-d0b4-4d44-b144-fe8504cc41ac@group-07763D2A0C0C-SegmentedRaftLogWorker: Starting segment from index:0
2019-09-26 21:19:20,085 [1178c3ae-d0b4-4d44-b144-fe8504cc41ac@group-9541723CC6E1:LeaderElection178] INFO  server.RaftServerConfigKeys (ConfUtils.java:logGet(43)) - raft.server.staging.catchup.gap = 1000 (default)
2019-09-26 21:19:20,085 [Thread-1163] INFO  impl.FollowerState (FollowerState.java:run(106)) - 9ce0b59e-153f-4f41-8aed-492a76d80b48:group-710F4F4B8A6C changes to CANDIDATE, lastRpcTime:5103, electionTimeout:5103ms
2019-09-26 21:19:20,085 [pool-37-thread-1] INFO  server.RaftServerConfigKeys (ConfUtils.java:logGet(43)) - raft.server.rpc.timeout.min = 5s (custom)
2019-09-26 21:19:20,091 [Thread-1163] INFO  impl.RoleInfo (RoleInfo.java:shutdownFollowerState(121)) - 9ce0b59e-153f-4f41-8aed-492a76d80b48: shutdown FollowerState
2019-09-26 21:19:20,084 [09112efe-1fad-4539-a04f-c96aef6d2351@group-7CB09764F714:LeaderElection174] INFO  server.RaftServerConfigKeys (ConfUtils.java:logGet(43)) - raft.server.watch.timeout = 10s (default)
2019-09-26 21:19:20,084 [09112efe-1fad-4539-a04f-c96aef6d2351@group-11443841DB3B:LeaderElection175] INFO  server.RaftServerConfigKeys (ConfUtils.java:logGet(43)) - raft.server.watch.element-limit = 65536 (default)
2019-09-26 21:19:20,084 [pool-27-thread-1] INFO  server.RaftServerConfigKeys (ConfUtils.java:logGet(43)) - raft.server.log.segment.size.max = 1048576 (custom)
2019-09-26 21:19:20,091 [09112efe-1fad-4539-a04f-c96aef6d2351@group-7CB09764F714:LeaderElection174] INFO  server.RaftServerConfigKeys (ConfUtils.java:logGet(43)) - raft.server.watch.timeout.denomination = 1s (default)
2019-09-26 21:19:20,091 [Thread-1163] INFO  impl.RaftServerImpl (RaftServerImpl.java:setRole(174)) - 9ce0b59e-153f-4f41-8aed-492a76d80b48@group-710F4F4B8A6C: changes role from  FOLLOWER to CANDIDATE at term 0 for changeToCandidate
2019-09-26 21:19:20,091 [pool-37-thread-1] INFO  server.RaftServerConfigKeys (ConfUtils.java:logGet(43)) - raft.server.rpc.timeout.max = 5200ms (custom)
2019-09-26 21:19:20,091 [1178c3ae-d0b4-4d44-b144-fe8504cc41ac@group-07763D2A0C0C:LeaderElection169] INFO  impl.RaftServerImpl (ServerState.java:setRaftConf(354)) - 1178c3ae-d0b4-4d44-b144-fe8504cc41ac@group-07763D2A0C0C: set configuration 0: [1178c3ae-d0b4-4d44-b144-fe8504cc41ac:192.168.151.99:33787], old=null at 0
2019-09-26 21:19:20,091 [1178c3ae-d0b4-4d44-b144-fe8504cc41ac@group-9541723CC6E1:LeaderElection178] INFO  server.RaftServerConfigKeys (ConfUtils.java:logGet(43)) - raft.server.rpc.sleep.time = 25ms (default)
2019-09-26 21:19:20,091 [09112efe-1fad-4539-a04f-c96aef6d2351@group-3A209C435E0A-SegmentedRaftLogWorker] INFO  segmented.SegmentedRaftLogWorker (SegmentedRaftLogWorker.java:close(228)) - 09112efe-1fad-4539-a04f-c96aef6d2351@group-3A209C435E0A-SegmentedRaftLogWorker close()
2019-09-26 21:19:20,090 [pool-67-thread-1] INFO  server.RaftServerConfigKeys (ConfUtils.java:logGet(43)) - raft.server.rpcslowness.timeout = 120s (custom)
2019-09-26 21:19:20,090 [da833d8d-e72a-4068-9560-4daa2d83adc2@group-537F952A2140-SegmentedRaftLogWorker] INFO  impl.StateMachineUpdater (StateMachineUpdater.java:stopAndJoin(125)) - da833d8d-e72a-4068-9560-4daa2d83adc2@group-537F952A2140-StateMachineUpdater: set stopIndex = -1
2019-09-26 21:19:20,090 [da833d8d-e72a-4068-9560-4daa2d83adc2@group-B3D9420AEDE2-SegmentedRaftLogWorker] INFO  impl.RaftServerImpl (ServerState.java:close(385)) - da833d8d-e72a-4068-9560-4daa2d83adc2@group-B3D9420AEDE2: closes. applyIndex: -1
2019-09-26 21:19:20,090 [da833d8d-e72a-4068-9560-4daa2d83adc2@group-85E87D856CDF:LeaderElection176] INFO  server.RaftServerConfigKeys (ConfUtils.java:logGet(43)) - raft.server.write.element-limit = 4096 (default)
2019-09-26 21:19:20,097 [da833d8d-e72a-4068-9560-4daa2d83adc2@group-B3D9420AEDE2-SegmentedRaftLogWorker] INFO  segmented.SegmentedRaftLogWorker (SegmentedRaftLogWorker.java:close(228)) - da833d8d-e72a-4068-9560-4daa2d83adc2@group-B3D9420AEDE2-SegmentedRaftLogWorker close()
2019-09-26 21:19:20,090 [1178c3ae-d0b4-4d44-b144-fe8504cc41ac@group-AA27AC3B9E14:LeaderElection179] INFO  server.RaftServerConfigKeys (ConfUtils.java:logGet(43)) - raft.server.watch.timeout = 10s (default)
2019-09-26 21:19:20,090 [9ce0b59e-153f-4f41-8aed-492a76d80b48@group-9B72ABBB0540:LeaderElection172] INFO  server.RaftServerConfigKeys (ConfUtils.java:logGet(43)) - raft.server.watch.timeout.denomination = 1s (default)
2019-09-26 21:19:20,090 [da833d8d-e72a-4068-9560-4daa2d83adc2@group-0604B4D664E6:LeaderElection180] INFO  server.RaftServerConfigKeys (ConfUtils.java:logGet(43)) - raft.server.watch.timeout = 10s (default)
2019-09-26 21:19:20,089 [09112efe-1fad-4539-a04f-c96aef6d2351@group-B816AAC0A64C:LeaderElection181] INFO  server.RaftServerConfigKeys (ConfUtils.java:logGet(43)) - raft.server.watch.timeout.denomination = 1s (default)
2019-09-26 21:19:20,089 [da833d8d-e72a-4068-9560-4daa2d83adc2@group-4E8FB90A84B2:LeaderElection171] INFO  server.RaftServerConfigKeys (ConfUtils.java:logGet(43)) - raft.server.watch.timeout = 10s (default)
2019-09-26 21:19:20,089 [9ce0b59e-153f-4f41-8aed-492a76d80b48@group-33318FFD8D83:LeaderElection177] INFO  server.RaftServerConfigKeys (ConfUtils.java:logGet(43)) - raft.server.watch.timeout = 10s (default)
2019-09-26 21:19:20,089 [9ce0b59e-153f-4f41-8aed-492a76d80b48@group-4BB057ED2D22:LeaderElection170] INFO  server.RaftServerConfigKeys (ConfUtils.java:logGet(43)) - raft.server.write.element-limit = 4096 (default)
2019-09-26 21:19:20,089 [da833d8d-e72a-4068-9560-4daa2d83adc2@group-F51D1C6A72C0:LeaderElection182] INFO  server.RaftServerConfigKeys (ConfUtils.java:logGet(43)) - raft.server.watch.element-limit = 65536 (default)
2019-09-26 21:19:20,089 [9ce0b59e-153f-4f41-8aed-492a76d80b48@group-F571F2D46B43:LeaderElection173] INFO  server.RaftServerConfigKeys (ConfUtils.java:logGet(43)) - raft.server.watch.timeout = 10s (default)
2019-09-26 21:19:20,089 [1178c3ae-d0b4-4d44-b144-fe8504cc41ac@group-4036A4827E18-SegmentedRaftLogWorker] INFO  impl.StateMachineUpdater (StateMachineUpdater.java:stopAndJoin(125)) - 1178c3ae-d0b4-4d44-b144-fe8504cc41ac@group-4036A4827E18-StateMachineUpdater: set stopIndex = -1
2019-09-26 21:19:20,102 [9ce0b59e-153f-4f41-8aed-492a76d80b48@group-F571F2D46B43:LeaderElection173] INFO  server.RaftServerConfigKeys (ConfUtils.java:logGet(43)) - raft.server.watch.timeout.denomination = 1s (default)
2019-09-26 21:19:20,102 [9ce0b59e-153f-4f41-8aed-492a76d80b48@group-4BB057ED2D22:LeaderElection170] INFO  server.RaftServerConfigKeys (ConfUtils.java:logGet(43)) - raft.server.watch.timeout = 10s (default)
2019-09-26 21:19:20,103 [9ce0b59e-153f-4f41-8aed-492a76d80b48@group-4BB057ED2D22:LeaderElection170] INFO  server.RaftServerConfigKeys (ConfUtils.java:logGet(43)) - raft.server.watch.timeout.denomination = 1s (default)
2019-09-26 21:19:20,102 [9ce0b59e-153f-4f41-8aed-492a76d80b48@group-33318FFD8D83:LeaderElection177] INFO  server.RaftServerConfigKeys (ConfUtils.java:logGet(43)) - raft.server.watch.timeout.denomination = 1s (default)
2019-09-26 21:19:20,102 [da833d8d-e72a-4068-9560-4daa2d83adc2@group-4E8FB90A84B2:LeaderElection171] INFO  server.RaftServerConfigKeys (ConfUtils.java:logGet(43)) - raft.server.watch.timeout.denomination = 1s (default)
2019-09-26 21:19:20,102 [09112efe-1fad-4539-a04f-c96aef6d2351@group-B816AAC0A64C:LeaderElection181] INFO  server.RaftServerConfigKeys (ConfUtils.java:logGet(43)) - raft.server.watch.element-limit = 65536 (default)
2019-09-26 21:19:20,102 [da833d8d-e72a-4068-9560-4daa2d83adc2@group-0604B4D664E6:LeaderElection180] INFO  server.RaftServerConfigKeys (ConfUtils.java:logGet(43)) - raft.server.watch.timeout.denomination = 1s (default)
2019-09-26 21:19:20,103 [da833d8d-e72a-4068-9560-4daa2d83adc2@group-0604B4D664E6:LeaderElection180] INFO  server.RaftServerConfigKeys (ConfUtils.java:logGet(43)) - raft.server.watch.element-limit = 65536 (default)
2019-09-26 21:19:20,102 [9ce0b59e-153f-4f41-8aed-492a76d80b48@group-9B72ABBB0540:LeaderElection172] INFO  server.RaftServerConfigKeys (ConfUtils.java:logGet(43)) - raft.server.watch.element-limit = 65536 (default)
2019-09-26 21:19:20,101 [1178c3ae-d0b4-4d44-b144-fe8504cc41ac@group-AA27AC3B9E14:LeaderElection179] INFO  server.RaftServerConfigKeys (ConfUtils.java:logGet(43)) - raft.server.watch.timeout.denomination = 1s (default)
2019-09-26 21:19:20,097 [da833d8d-e72a-4068-9560-4daa2d83adc2@group-85E87D856CDF:LeaderElection176] INFO  server.RaftServerConfigKeys (ConfUtils.java:logGet(43)) - raft.server.watch.timeout = 10s (default)
2019-09-26 21:19:20,097 [09112efe-1fad-4539-a04f-c96aef6d2351@group-11443841DB3B:LeaderElection175] INFO  impl.RoleInfo (RoleInfo.java:updateAndGet(143)) - 09112efe-1fad-4539-a04f-c96aef6d2351: start LeaderState
2019-09-26 21:19:20,097 [da833d8d-e72a-4068-9560-4daa2d83adc2@group-537F952A2140-SegmentedRaftLogWorker] INFO  impl.RaftServerImpl (ServerState.java:close(385)) - da833d8d-e72a-4068-9560-4daa2d83adc2@group-537F952A2140: closes. applyIndex: -1
2019-09-26 21:19:20,097 [Thread-1160] INFO  impl.FollowerState (FollowerState.java:run(106)) - 1178c3ae-d0b4-4d44-b144-fe8504cc41ac:group-87E66A5F5023 changes to CANDIDATE, lastRpcTime:5159, electionTimeout:5157ms
2019-09-26 21:19:22,050 [da833d8d-e72a-4068-9560-4daa2d83adc2@group-537F952A2140-SegmentedRaftLogWorker] INFO  segmented.SegmentedRaftLogWorker (SegmentedRaftLogWorker.java:close(228)) - da833d8d-e72a-4068-9560-4daa2d83adc2@group-537F952A2140-SegmentedRaftLogWorker close()
2019-09-26 21:19:20,097 [pool-67-thread-1] INFO  server.RaftServerConfigKeys (ConfUtils.java:logGet(43)) - raft.server.sleep.deviation.threshold = 300 (default)
2019-09-26 21:19:20,092 [1178c3ae-d0b4-4d44-b144-fe8504cc41ac@group-9541723CC6E1:LeaderElection178] INFO  server.RaftServerConfigKeys (ConfUtils.java:logGet(43)) - raft.server.write.element-limit = 4096 (default)
2019-09-26 21:19:20,092 [Thread-1163] INFO  impl.RoleInfo (RoleInfo.java:updateAndGet(143)) - 9ce0b59e-153f-4f41-8aed-492a76d80b48: start LeaderElection
2019-09-26 21:19:20,092 [pool-37-thread-1] INFO  server.RaftServerConfigKeys (ConfUtils.java:logGet(43)) - raft.server.rpcslowness.timeout = 120s (custom)
2019-09-26 21:19:20,092 [09112efe-1fad-4539-a04f-c96aef6d2351@group-7CB09764F714:LeaderElection174] INFO  server.RaftServerConfigKeys (ConfUtils.java:logGet(43)) - raft.server.watch.element-limit = 65536 (default)
2019-09-26 21:19:20,092 [pool-27-thread-1] INFO  server.RaftServerConfigKeys (ConfUtils.java:logGet(43)) - raft.server.log.preallocated.size = 16384 (custom)
2019-09-26 21:19:22,062 [pool-37-thread-1] INFO  server.RaftServerConfigKeys (ConfUtils.java:logGet(43)) - raft.server.sleep.deviation.threshold = 300 (default)
2019-09-26 21:19:22,061 [1178c3ae-d0b4-4d44-b144-fe8504cc41ac@group-9541723CC6E1:LeaderElection178] INFO  server.RaftServerConfigKeys (ConfUtils.java:logGet(43)) - raft.server.watch.timeout = 10s (default)
2019-09-26 21:19:22,062 [09112efe-1fad-4539-a04f-c96aef6d2351@group-B816AAC0A64C:LeaderElection181] INFO  impl.RoleInfo (RoleInfo.java:updateAndGet(143)) - 09112efe-1fad-4539-a04f-c96aef6d2351: start LeaderState
2019-09-26 21:19:22,061 [pool-67-thread-1] INFO  server.RaftServerConfigKeys (ConfUtils.java:logGet(43)) - raft.server.log.appender.install.snapshot.enabled = false (custom)
2019-09-26 21:19:22,061 [Thread-1160] INFO  impl.RoleInfo (RoleInfo.java:shutdownFollowerState(121)) - 1178c3ae-d0b4-4d44-b144-fe8504cc41ac: shutdown FollowerState
2019-09-26 21:19:22,060 [9ce0b59e-153f-4f41-8aed-492a76d80b48@group-7AF436DBD9FF:LeaderElection199] INFO  impl.LeaderElection (LeaderElection.java:askForVotes(182)) - 9ce0b59e-153f-4f41-8aed-492a76d80b48@group-7AF436DBD9FF:LeaderElection199: begin an election at term 1 for -1: [9ce0b59e-153f-4f41-8aed-492a76d80b48:192.168.151.99:34156], old=null
2019-09-26 21:19:22,060 [9ce0b59e-153f-4f41-8aed-492a76d80b48@group-89E64784085E:LeaderElection191] INFO  impl.LeaderElection (LeaderElection.java:askForVotes(182)) - 9ce0b59e-153f-4f41-8aed-492a76d80b48@group-89E64784085E:LeaderElection191: begin an election at term 1 for -1: [9ce0b59e-153f-4f41-8aed-492a76d80b48:192.168.151.99:34156], old=null
2019-09-26 21:19:22,060 [1178c3ae-d0b4-4d44-b144-fe8504cc41ac@group-C4ECAA6EBF50:LeaderElection198] INFO  impl.LeaderElection (LeaderElection.java:askForVotes(182)) - 1178c3ae-d0b4-4d44-b144-fe8504cc41ac@group-C4ECAA6EBF50:LeaderElection198: begin an election at term 1 for -1: [1178c3ae-d0b4-4d44-b144-fe8504cc41ac:192.168.151.99:33787], old=null
2019-09-26 21:19:22,060 [9ce0b59e-153f-4f41-8aed-492a76d80b48@group-0FD1EA0A8F9D:LeaderElection196] INFO  impl.LeaderElection (LeaderElection.java:askForVotes(182)) - 9ce0b59e-153f-4f41-8aed-492a76d80b48@group-0FD1EA0A8F9D:LeaderElection196: begin an election at term 1 for -1: [9ce0b59e-153f-4f41-8aed-492a76d80b48:192.168.151.99:34156], old=null
2019-09-26 21:19:22,060 [9ce0b59e-153f-4f41-8aed-492a76d80b48@group-2336121AAD70:LeaderElection188] INFO  impl.LeaderElection (LeaderElection.java:askForVotes(182)) - 9ce0b59e-153f-4f41-8aed-492a76d80b48@group-2336121AAD70:LeaderElection188: begin an election at term 1 for -1: [9ce0b59e-153f-4f41-8aed-492a76d80b48:192.168.151.99:34156], old=null
2019-09-26 21:19:22,060 [09112efe-1fad-4539-a04f-c96aef6d2351@group-3345E11CC80E:LeaderElection192] INFO  impl.LeaderElection (LeaderElection.java:askForVotes(182)) - 09112efe-1fad-4539-a04f-c96aef6d2351@group-3345E11CC80E:LeaderElection192: begin an election at term 1 for -1: [09112efe-1fad-4539-a04f-c96aef6d2351:192.168.151.99:45286], old=null
2019-09-26 21:19:22,060 [9ce0b59e-153f-4f41-8aed-492a76d80b48@group-C9D9502D9D87:LeaderElection208] INFO  impl.LeaderElection (LeaderElection.java:askForVotes(182)) - 9ce0b59e-153f-4f41-8aed-492a76d80b48@group-C9D9502D9D87:LeaderElection208: begin an election at term 1 for -1: [9ce0b59e-153f-4f41-8aed-492a76d80b48:192.168.151.99:34156], old=null
2019-09-26 21:19:22,050 [09112efe-1fad-4539-a04f-c96aef6d2351@group-11443841DB3B:LeaderElection175] INFO  segmented.SegmentedRaftLogWorker (SegmentedRaftLogWorker.java:startLogSegment(380)) - 09112efe-1fad-4539-a04f-c96aef6d2351@group-11443841DB3B-SegmentedRaftLogWorker: Starting segment from index:0
2019-09-26 21:19:22,049 [da833d8d-e72a-4068-9560-4daa2d83adc2@group-85E87D856CDF:LeaderElection176] INFO  server.RaftServerConfigKeys (ConfUtils.java:logGet(43)) - raft.server.watch.timeout.denomination = 1s (default)
2019-09-26 21:19:22,049 [1178c3ae-d0b4-4d44-b144-fe8504cc41ac@group-AA27AC3B9E14:LeaderElection179] INFO  server.RaftServerConfigKeys (ConfUtils.java:logGet(43)) - raft.server.watch.element-limit = 65536 (default)
2019-09-26 21:19:20,676 [Thread-1202] INFO  impl.FollowerState (FollowerState.java:run(106)) - 1178c3ae-d0b4-4d44-b144-fe8504cc41ac:group-CF9C7CE836F7 changes to CANDIDATE, lastRpcTime:5098, electionTimeout:5097ms
2019-09-26 21:19:22,048 [Thread-1196] WARN  util.JavaUtils (JavaUtils.java:sleep(250)) - Unexpected long sleep: sleep(5157ms) actually took 6541ms which is over the threshold 300ms
2019-09-26 21:19:22,048 [0c640f50-2bc9-49b6-b785-a27e3116e6ba@group-F6A96175DD6B-SegmentedRaftLogWorker] ERROR segmented.SegmentedRaftLogWorker (SegmentedRaftLogWorker.java:run(323)) - 0c640f50-2bc9-49b6-b785-a27e3116e6ba@group-F6A96175DD6B-SegmentedRaftLogWorker hit exception
java.lang.OutOfMemoryError: Direct buffer memory
	at java.nio.Bits.reserveMemory(Bits.java:666)
	at java.nio.DirectByteBuffer.<init>(DirectByteBuffer.java:123)
	at java.nio.ByteBuffer.allocateDirect(ByteBuffer.java:311)
	at org.apache.ratis.server.raftlog.segmented.BufferedWriteChannel.<init>(BufferedWriteChannel.java:41)
	at org.apache.ratis.server.raftlog.segmented.SegmentedRaftLogOutputStream.<init>(SegmentedRaftLogOutputStream.java:72)
	at org.apache.ratis.server.raftlog.segmented.SegmentedRaftLogWorker$StartLogSegment.execute(SegmentedRaftLogWorker.java:566)
	at org.apache.ratis.server.raftlog.segmented.SegmentedRaftLogWorker.run(SegmentedRaftLogWorker.java:289)
	at java.lang.Thread.run(Thread.java:748)
2019-09-26 21:19:22,048 [0c640f50-2bc9-49b6-b785-a27e3116e6ba@group-ED8FB1794F16-SegmentedRaftLogWorker] ERROR segmented.SegmentedRaftLogWorker (SegmentedRaftLogWorker.java:run(323)) - 0c640f50-2bc9-49b6-b785-a27e3116e6ba@group-ED8FB1794F16-SegmentedRaftLogWorker hit exception
java.lang.OutOfMemoryError: Direct buffer memory
	at java.nio.Bits.reserveMemory(Bits.java:666)
	at java.nio.DirectByteBuffer.<init>(DirectByteBuffer.java:123)
	at java.nio.ByteBuffer.allocateDirect(ByteBuffer.java:311)
	at org.apache.ratis.server.raftlog.segmented.BufferedWriteChannel.<init>(BufferedWriteChannel.java:41)
	at org.apache.ratis.server.raftlog.segmented.SegmentedRaftLogOutputStream.<init>(SegmentedRaftLogOutputStream.java:72)
	at org.apache.ratis.server.raftlog.segmented.SegmentedRaftLogWorker$StartLogSegment.execute(SegmentedRaftLogWorker.java:566)
	at org.apache.ratis.server.raftlog.segmented.SegmentedRaftLogWorker.run(SegmentedRaftLogWorker.java:289)
	at java.lang.Thread.run(Thread.java:748)
2019-09-26 21:19:22,356 [0c640f50-2bc9-49b6-b785-a27e3116e6ba@group-ED8FB1794F16-SegmentedRaftLogWorker] INFO  impl.RaftServerImpl (RaftServerImpl.java:lambda$shutdown$3(251)) - 0c640f50-2bc9-49b6-b785-a27e3116e6ba@group-ED8FB1794F16: shutdown
2019-09-26 21:19:22,045 [Thread-1205] WARN  util.JavaUtils (JavaUtils.java:sleep(250)) - Unexpected long sleep: sleep(5161ms) actually took 6415ms which is over the threshold 300ms
2019-09-26 21:19:22,045 [Thread-1208] WARN  util.JavaUtils (JavaUtils.java:sleep(250)) - Unexpected long sleep: sleep(5117ms) actually took 6370ms which is over the threshold 300ms
2019-09-26 21:19:22,357 [9ce0b59e-153f-4f41-8aed-492a76d80b48@group-9B72ABBB0540:LeaderElection172] INFO  impl.RoleInfo (RoleInfo.java:updateAndGet(143)) - 9ce0b59e-153f-4f41-8aed-492a76d80b48: start LeaderState
2019-09-26 21:19:22,044 [Thread-1217] WARN  util.JavaUtils (JavaUtils.java:sleep(250)) - Unexpected long sleep: sleep(5012ms) actually took 6239ms which is over the threshold 300ms
2019-09-26 21:19:22,044 [Thread-1211] WARN  util.JavaUtils (JavaUtils.java:sleep(250)) - Unexpected long sleep: sleep(5103ms) actually took 6325ms which is over the threshold 300ms
2019-09-26 21:19:22,040 [Thread-1214] WARN  util.JavaUtils (JavaUtils.java:sleep(250)) - Unexpected long sleep: sleep(5185ms) actually took 6280ms which is over the threshold 300ms
2019-09-26 21:19:22,040 [Thread-1220] WARN  util.JavaUtils (JavaUtils.java:sleep(250)) - Unexpected long sleep: sleep(5089ms) actually took 6182ms which is over the threshold 300ms
2019-09-26 21:19:22,038 [Thread-1226] WARN  util.JavaUtils (JavaUtils.java:sleep(250)) - Unexpected long sleep: sleep(5158ms) actually took 6129ms which is over the threshold 300ms
2019-09-26 21:19:21,787 [9ce0b59e-153f-4f41-8aed-492a76d80b48@group-53B6FB8525AE:LeaderElection209] INFO  impl.LeaderElection (LeaderElection.java:askForVotes(182)) - 9ce0b59e-153f-4f41-8aed-492a76d80b48@group-53B6FB8525AE:LeaderElection209: begin an election at term 1 for -1: [9ce0b59e-153f-4f41-8aed-492a76d80b48:192.168.151.99:34156], old=null
2019-09-26 21:19:21,786 [1178c3ae-d0b4-4d44-b144-fe8504cc41ac@group-51A2D4D8C13B:LeaderElection203] INFO  impl.LeaderElection (LeaderElection.java:askForVotes(182)) - 1178c3ae-d0b4-4d44-b144-fe8504cc41ac@group-51A2D4D8C13B:LeaderElection203: begin an election at term 1 for -1: [1178c3ae-d0b4-4d44-b144-fe8504cc41ac:192.168.151.99:33787], old=null
2019-09-26 21:19:22,358 [1178c3ae-d0b4-4d44-b144-fe8504cc41ac@group-51A2D4D8C13B:LeaderElection203] INFO  impl.RoleInfo (RoleInfo.java:shutdownLeaderElection(134)) - 1178c3ae-d0b4-4d44-b144-fe8504cc41ac: shutdown LeaderElection
2019-09-26 21:19:21,786 [1178c3ae-d0b4-4d44-b144-fe8504cc41ac@group-52417DAB7C97-SegmentedRaftLogWorker] ERROR segmented.SegmentedRaftLogWorker (SegmentedRaftLogWorker.java:run(323)) - 1178c3ae-d0b4-4d44-b144-fe8504cc41ac@group-52417DAB7C97-SegmentedRaftLogWorker hit exception
java.lang.OutOfMemoryError: Direct buffer memory
	at java.nio.Bits.reserveMemory(Bits.java:666)
	at java.nio.DirectByteBuffer.<init>(DirectByteBuffer.java:123)
	at java.nio.ByteBuffer.allocateDirect(ByteBuffer.java:311)
	at org.apache.ratis.server.raftlog.segmented.BufferedWriteChannel.<init>(BufferedWriteChannel.java:41)
	at org.apache.ratis.server.raftlog.segmented.SegmentedRaftLogOutputStream.<init>(SegmentedRaftLogOutputStream.java:72)
	at org.apache.ratis.server.raftlog.segmented.SegmentedRaftLogWorker$StartLogSegment.execute(SegmentedRaftLogWorker.java:566)
	at org.apache.ratis.server.raftlog.segmented.SegmentedRaftLogWorker.run(SegmentedRaftLogWorker.java:289)
	at java.lang.Thread.run(Thread.java:748)
2019-09-26 21:19:21,786 [da833d8d-e72a-4068-9560-4daa2d83adc2@group-6AC811BBC42F-SegmentedRaftLogWorker] ERROR segmented.SegmentedRaftLogWorker (SegmentedRaftLogWorker.java:run(323)) - da833d8d-e72a-4068-9560-4daa2d83adc2@group-6AC811BBC42F-SegmentedRaftLogWorker hit exception
java.lang.OutOfMemoryError: Direct buffer memory
	at java.nio.Bits.reserveMemory(Bits.java:666)
	at java.nio.DirectByteBuffer.<init>(DirectByteBuffer.java:123)
	at java.nio.ByteBuffer.allocateDirect(ByteBuffer.java:311)
	at org.apache.ratis.server.raftlog.segmented.BufferedWriteChannel.<init>(BufferedWriteChannel.java:41)
	at org.apache.ratis.server.raftlog.segmented.SegmentedRaftLogOutputStream.<init>(SegmentedRaftLogOutputStream.java:72)
	at org.apache.ratis.server.raftlog.segmented.SegmentedRaftLogWorker$StartLogSegment.execute(SegmentedRaftLogWorker.java:566)
	at org.apache.ratis.server.raftlog.segmented.SegmentedRaftLogWorker.run(SegmentedRaftLogWorker.java:289)
	at java.lang.Thread.run(Thread.java:748)
2019-09-26 21:19:21,786 [9ce0b59e-153f-4f41-8aed-492a76d80b48@group-584C4E42F0CA-SegmentedRaftLogWorker] ERROR segmented.SegmentedRaftLogWorker (SegmentedRaftLogWorker.java:run(323)) - 9ce0b59e-153f-4f41-8aed-492a76d80b48@group-584C4E42F0CA-SegmentedRaftLogWorker hit exception
java.lang.OutOfMemoryError: Direct buffer memory
	at java.nio.Bits.reserveMemory(Bits.java:666)
	at java.nio.DirectByteBuffer.<init>(DirectByteBuffer.java:123)
	at java.nio.ByteBuffer.allocateDirect(ByteBuffer.java:311)
	at org.apache.ratis.server.raftlog.segmented.BufferedWriteChannel.<init>(BufferedWriteChannel.java:41)
	at org.apache.ratis.server.raftlog.segmented.SegmentedRaftLogOutputStream.<init>(SegmentedRaftLogOutputStream.java:72)
	at org.apache.ratis.server.raftlog.segmented.SegmentedRaftLogWorker$StartLogSegment.execute(SegmentedRaftLogWorker.java:566)
	at org.apache.ratis.server.raftlog.segmented.SegmentedRaftLogWorker.run(SegmentedRaftLogWorker.java:289)
	at java.lang.Thread.run(Thread.java:748)
2019-09-26 21:19:22,359 [9ce0b59e-153f-4f41-8aed-492a76d80b48@group-584C4E42F0CA-SegmentedRaftLogWorker] INFO  impl.RaftServerImpl (RaftServerImpl.java:lambda$shutdown$3(251)) - 9ce0b59e-153f-4f41-8aed-492a76d80b48@group-584C4E42F0CA: shutdown
2019-09-26 21:19:21,775 [Thread-1241] INFO  impl.FollowerState (FollowerState.java:run(106)) - da833d8d-e72a-4068-9560-4daa2d83adc2:group-2250387AFD51 changes to CANDIDATE, lastRpcTime:5133, electionTimeout:5077ms
2019-09-26 21:19:21,775 [Thread-1234] INFO  impl.FollowerState (FollowerState.java:run(106)) - 09112efe-1fad-4539-a04f-c96aef6d2351:group-8808E0E383FD changes to CANDIDATE, lastRpcTime:5192, electionTimeout:5167ms
2019-09-26 21:19:21,341 [da833d8d-e72a-4068-9560-4daa2d83adc2@group-F51D1C6A72C0:LeaderElection182] INFO  impl.RoleInfo (RoleInfo.java:updateAndGet(143)) - da833d8d-e72a-4068-9560-4daa2d83adc2: start LeaderState
2019-09-26 21:19:21,114 [9ce0b59e-153f-4f41-8aed-492a76d80b48@group-1B503A35F909:LeaderElection212] INFO  impl.LeaderElection (LeaderElection.java:askForVotes(182)) - 9ce0b59e-153f-4f41-8aed-492a76d80b48@group-1B503A35F909:LeaderElection212: begin an election at term 1 for -1: [9ce0b59e-153f-4f41-8aed-492a76d80b48:192.168.151.99:34156], old=null
2019-09-26 21:19:22,359 [da833d8d-e72a-4068-9560-4daa2d83adc2@group-F51D1C6A72C0:LeaderElection182] INFO  segmented.SegmentedRaftLogWorker (SegmentedRaftLogWorker.java:startLogSegment(380)) - da833d8d-e72a-4068-9560-4daa2d83adc2@group-F51D1C6A72C0-SegmentedRaftLogWorker: Starting segment from index:0
2019-09-26 21:19:21,114 [9ce0b59e-153f-4f41-8aed-492a76d80b48@group-4AD36DEDF59B:LeaderElection202] INFO  impl.LeaderElection (LeaderElection.java:askForVotes(182)) - 9ce0b59e-153f-4f41-8aed-492a76d80b48@group-4AD36DEDF59B:LeaderElection202: begin an election at term 1 for -1: [9ce0b59e-153f-4f41-8aed-492a76d80b48:192.168.151.99:34156], old=null
2019-09-26 21:19:21,113 [Thread-1184] WARN  util.JavaUtils (JavaUtils.java:sleep(250)) - Unexpected long sleep: sleep(5133ms) actually took 5776ms which is over the threshold 300ms
2019-09-26 21:19:21,113 [Thread-1190] WARN  util.JavaUtils (JavaUtils.java:sleep(250)) - Unexpected long sleep: sleep(5058ms) actually took 5692ms which is over the threshold 300ms
2019-09-26 21:19:21,110 [Thread-1199] WARN  util.JavaUtils (JavaUtils.java:sleep(250)) - Unexpected long sleep: sleep(5002ms) actually took 5555ms which is over the threshold 300ms
2019-09-26 21:19:21,109 [Thread-1193] WARN  util.JavaUtils (JavaUtils.java:sleep(250)) - Unexpected long sleep: sleep(5128ms) actually took 5645ms which is over the threshold 300ms
2019-09-26 21:19:20,443 [9ce0b59e-153f-4f41-8aed-492a76d80b48@group-F676E590A49D:LeaderElection186] INFO  impl.LeaderElection (LeaderElection.java:askForVotes(182)) - 9ce0b59e-153f-4f41-8aed-492a76d80b48@group-F676E590A49D:LeaderElection186: begin an election at term 1 for -1: [9ce0b59e-153f-4f41-8aed-492a76d80b48:192.168.151.99:34156], old=null
2019-09-26 21:19:20,441 [Thread-1172] INFO  impl.FollowerState (FollowerState.java:run(106)) - 9ce0b59e-153f-4f41-8aed-492a76d80b48:group-A9F28D9A165E changes to CANDIDATE, lastRpcTime:5309, electionTimeout:5060ms
2019-09-26 21:19:20,440 [Thread-1166] INFO  impl.FollowerState (FollowerState.java:run(106)) - 09112efe-1fad-4539-a04f-c96aef6d2351:group-19C9B7CB6A04 changes to CANDIDATE, lastRpcTime:5413, electionTimeout:5165ms
2019-09-26 21:19:20,439 [Thread-1169] INFO  impl.FollowerState (FollowerState.java:run(106)) - da833d8d-e72a-4068-9560-4daa2d83adc2:group-5DCD0764729A changes to CANDIDATE, lastRpcTime:5353, electionTimeout:5197ms
2019-09-26 21:19:20,436 [Thread-1181] INFO  impl.FollowerState (FollowerState.java:run(106)) - 0c640f50-2bc9-49b6-b785-a27e3116e6ba:group-2260AD7B7718 changes to CANDIDATE, lastRpcTime:5157, electionTimeout:5157ms
2019-09-26 21:19:20,434 [Thread-1178] INFO  impl.FollowerState (FollowerState.java:run(106)) - 1178c3ae-d0b4-4d44-b144-fe8504cc41ac:group-5D863DA9B74C changes to CANDIDATE, lastRpcTime:5199, electionTimeout:5092ms
2019-09-26 21:19:20,434 [Thread-1175] INFO  impl.FollowerState (FollowerState.java:run(106)) - 1178c3ae-d0b4-4d44-b144-fe8504cc41ac:group-500F90204D11 changes to CANDIDATE, lastRpcTime:5248, electionTimeout:5170ms
2019-09-26 21:19:20,432 [Thread-1187] INFO  impl.FollowerState (FollowerState.java:run(106)) - 1178c3ae-d0b4-4d44-b144-fe8504cc41ac:group-4A70B7218118 changes to CANDIDATE, lastRpcTime:5053, electionTimeout:5028ms
2019-09-26 21:19:20,103 [da833d8d-e72a-4068-9560-4daa2d83adc2@group-4E8FB90A84B2:LeaderElection171] INFO  server.RaftServerConfigKeys (ConfUtils.java:logGet(43)) - raft.server.watch.element-limit = 65536 (default)
2019-09-26 21:19:20,103 [9ce0b59e-153f-4f41-8aed-492a76d80b48@group-33318FFD8D83:LeaderElection177] INFO  server.RaftServerConfigKeys (ConfUtils.java:logGet(43)) - raft.server.watch.element-limit = 65536 (default)
2019-09-26 21:19:20,103 [9ce0b59e-153f-4f41-8aed-492a76d80b48@group-4BB057ED2D22:LeaderElection170] INFO  server.RaftServerConfigKeys (ConfUtils.java:logGet(43)) - raft.server.watch.element-limit = 65536 (default)
2019-09-26 21:19:20,103 [9ce0b59e-153f-4f41-8aed-492a76d80b48@group-F571F2D46B43:LeaderElection173] INFO  server.RaftServerConfigKeys (ConfUtils.java:logGet(43)) - raft.server.watch.element-limit = 65536 (default)
2019-09-26 21:19:20,102 [1178c3ae-d0b4-4d44-b144-fe8504cc41ac@group-4036A4827E18-SegmentedRaftLogWorker] INFO  impl.RaftServerImpl (ServerState.java:close(385)) - 1178c3ae-d0b4-4d44-b144-fe8504cc41ac@group-4036A4827E18: closes. applyIndex: -1
2019-09-26 21:19:22,586 [Thread-1187] INFO  impl.RoleInfo (RoleInfo.java:shutdownFollowerState(121)) - 1178c3ae-d0b4-4d44-b144-fe8504cc41ac: shutdown FollowerState
2019-09-26 21:19:22,586 [Thread-1175] INFO  impl.RoleInfo (RoleInfo.java:shutdownFollowerState(121)) - 1178c3ae-d0b4-4d44-b144-fe8504cc41ac: shutdown FollowerState
2019-09-26 21:19:22,585 [Thread-1178] INFO  impl.RoleInfo (RoleInfo.java:shutdownFollowerState(121)) - 1178c3ae-d0b4-4d44-b144-fe8504cc41ac: shutdown FollowerState
2019-09-26 21:19:22,585 [Thread-1181] INFO  impl.RoleInfo (RoleInfo.java:shutdownFollowerState(121)) - 0c640f50-2bc9-49b6-b785-a27e3116e6ba: shutdown FollowerState
2019-09-26 21:19:22,587 [Thread-1181] INFO  impl.RaftServerImpl (RaftServerImpl.java:setRole(174)) - 0c640f50-2bc9-49b6-b785-a27e3116e6ba@group-2260AD7B7718: changes role from  FOLLOWER to CANDIDATE at term 0 for changeToCandidate
2019-09-26 21:19:22,585 [Thread-1169] INFO  impl.RoleInfo (RoleInfo.java:shutdownFollowerState(121)) - da833d8d-e72a-4068-9560-4daa2d83adc2: shutdown FollowerState
2019-09-26 21:19:22,588 [Thread-1169] INFO  impl.RaftServerImpl (RaftServerImpl.java:setRole(174)) - da833d8d-e72a-4068-9560-4daa2d83adc2@group-5DCD0764729A: changes role from  FOLLOWER to CANDIDATE at term 0 for changeToCandidate
2019-09-26 21:19:22,585 [Thread-1166] INFO  impl.RoleInfo (RoleInfo.java:shutdownFollowerState(121)) - 09112efe-1fad-4539-a04f-c96aef6d2351: shutdown FollowerState
2019-09-26 21:19:22,585 [Thread-1172] INFO  impl.RoleInfo (RoleInfo.java:shutdownFollowerState(121)) - 9ce0b59e-153f-4f41-8aed-492a76d80b48: shutdown FollowerState
2019-09-26 21:19:22,584 [9ce0b59e-153f-4f41-8aed-492a76d80b48@group-F676E590A49D:LeaderElection186] INFO  impl.RoleInfo (RoleInfo.java:shutdownLeaderElection(134)) - 9ce0b59e-153f-4f41-8aed-492a76d80b48: shutdown LeaderElection
2019-09-26 21:19:22,360 [da833d8d-e72a-4068-9560-4daa2d83adc2@group-F51D1C6A72C0:LeaderElection182] INFO  impl.RaftServerImpl (ServerState.java:setRaftConf(354)) - da833d8d-e72a-4068-9560-4daa2d83adc2@group-F51D1C6A72C0: set configuration 0: [da833d8d-e72a-4068-9560-4daa2d83adc2:192.168.151.99:38903], old=null at 0
2019-09-26 21:19:22,360 [9ce0b59e-153f-4f41-8aed-492a76d80b48@group-4AD36DEDF59B:LeaderElection202] INFO  impl.RoleInfo (RoleInfo.java:shutdownLeaderElection(134)) - 9ce0b59e-153f-4f41-8aed-492a76d80b48: shutdown LeaderElection
2019-09-26 21:19:22,589 [9ce0b59e-153f-4f41-8aed-492a76d80b48@group-4AD36DEDF59B:LeaderElection202] INFO  impl.RaftServerImpl (RaftServerImpl.java:setRole(174)) - 9ce0b59e-153f-4f41-8aed-492a76d80b48@group-4AD36DEDF59B: changes role from CANDIDATE to LEADER at term 1 for changeToLeader
2019-09-26 21:19:22,359 [9ce0b59e-153f-4f41-8aed-492a76d80b48@group-1B503A35F909:LeaderElection212] INFO  impl.RoleInfo (RoleInfo.java:shutdownLeaderElection(134)) - 9ce0b59e-153f-4f41-8aed-492a76d80b48: shutdown LeaderElection
2019-09-26 21:19:22,359 [Thread-1234] INFO  impl.RoleInfo (RoleInfo.java:shutdownFollowerState(121)) - 09112efe-1fad-4539-a04f-c96aef6d2351: shutdown FollowerState
2019-09-26 21:19:22,589 [Thread-1234] INFO  impl.RaftServerImpl (RaftServerImpl.java:setRole(174)) - 09112efe-1fad-4539-a04f-c96aef6d2351@group-8808E0E383FD: changes role from  FOLLOWER to CANDIDATE at term 0 for changeToCandidate
2019-09-26 21:19:22,359 [Thread-1241] INFO  impl.RoleInfo (RoleInfo.java:shutdownFollowerState(121)) - da833d8d-e72a-4068-9560-4daa2d83adc2: shutdown FollowerState
2019-09-26 21:19:22,589 [Thread-1241] INFO  impl.RaftServerImpl (RaftServerImpl.java:setRole(174)) - da833d8d-e72a-4068-9560-4daa2d83adc2@group-2250387AFD51: changes role from  FOLLOWER to CANDIDATE at term 0 for changeToCandidate
2019-09-26 21:19:22,359 [9ce0b59e-153f-4f41-8aed-492a76d80b48@group-584C4E42F0CA-SegmentedRaftLogWorker] INFO  util.JmxRegister (JmxRegister.java:unregister(73)) - Successfully un-registered JMX Bean with object name Ratis:service=RaftServer,group=group-584C4E42F0CA,id=9ce0b59e-153f-4f41-8aed-492a76d80b48
2019-09-26 21:19:22,358 [da833d8d-e72a-4068-9560-4daa2d83adc2@group-6AC811BBC42F-SegmentedRaftLogWorker] INFO  impl.RaftServerImpl (RaftServerImpl.java:lambda$shutdown$3(251)) - da833d8d-e72a-4068-9560-4daa2d83adc2@group-6AC811BBC42F: shutdown
2019-09-26 21:19:22,358 [1178c3ae-d0b4-4d44-b144-fe8504cc41ac@group-52417DAB7C97-SegmentedRaftLogWorker] INFO  impl.RaftServerImpl (RaftServerImpl.java:lambda$shutdown$3(251)) - 1178c3ae-d0b4-4d44-b144-fe8504cc41ac@group-52417DAB7C97: shutdown
2019-09-26 21:19:22,358 [1178c3ae-d0b4-4d44-b144-fe8504cc41ac@group-AA27AC3B9E14:LeaderElection179] INFO  impl.RoleInfo (RoleInfo.java:updateAndGet(143)) - 1178c3ae-d0b4-4d44-b144-fe8504cc41ac: start LeaderState
2019-09-26 21:19:22,358 [1178c3ae-d0b4-4d44-b144-fe8504cc41ac@group-51A2D4D8C13B:LeaderElection203] INFO  impl.RaftServerImpl (RaftServerImpl.java:setRole(174)) - 1178c3ae-d0b4-4d44-b144-fe8504cc41ac@group-51A2D4D8C13B: changes role from CANDIDATE to LEADER at term 1 for changeToLeader
2019-09-26 21:19:22,590 [1178c3ae-d0b4-4d44-b144-fe8504cc41ac@group-51A2D4D8C13B:LeaderElection203] INFO  impl.RaftServerImpl (ServerState.java:setLeader(253)) - 1178c3ae-d0b4-4d44-b144-fe8504cc41ac@group-51A2D4D8C13B: change Leader from null to 1178c3ae-d0b4-4d44-b144-fe8504cc41ac at term 1 for becomeLeader, leader elected after 8673ms
2019-09-26 21:19:22,358 [9ce0b59e-153f-4f41-8aed-492a76d80b48@group-53B6FB8525AE:LeaderElection209] INFO  impl.RoleInfo (RoleInfo.java:shutdownLeaderElection(134)) - 9ce0b59e-153f-4f41-8aed-492a76d80b48: shutdown LeaderElection
2019-09-26 21:19:22,357 [09112efe-1fad-4539-a04f-c96aef6d2351@group-7CB09764F714:LeaderElection174] INFO  impl.RoleInfo (RoleInfo.java:updateAndGet(143)) - 09112efe-1fad-4539-a04f-c96aef6d2351: start LeaderState
2019-09-26 21:19:22,357 [9ce0b59e-153f-4f41-8aed-492a76d80b48@group-9B72ABBB0540:LeaderElection172] INFO  segmented.SegmentedRaftLogWorker (SegmentedRaftLogWorker.java:startLogSegment(380)) - 9ce0b59e-153f-4f41-8aed-492a76d80b48@group-9B72ABBB0540-SegmentedRaftLogWorker: Starting segment from index:0
2019-09-26 21:19:22,357 [0c640f50-2bc9-49b6-b785-a27e3116e6ba@group-ED8FB1794F16-SegmentedRaftLogWorker] INFO  util.JmxRegister (JmxRegister.java:unregister(73)) - Successfully un-registered JMX Bean with object name Ratis:service=RaftServer,group=group-ED8FB1794F16,id=0c640f50-2bc9-49b6-b785-a27e3116e6ba
2019-09-26 21:19:22,591 [0c640f50-2bc9-49b6-b785-a27e3116e6ba@group-ED8FB1794F16-SegmentedRaftLogWorker] INFO  impl.RoleInfo (RoleInfo.java:shutdownLeaderState(104)) - 0c640f50-2bc9-49b6-b785-a27e3116e6ba: shutdown LeaderState
2019-09-26 21:19:22,356 [da833d8d-e72a-4068-9560-4daa2d83adc2@group-0604B4D664E6:LeaderElection180] INFO  impl.RoleInfo (RoleInfo.java:updateAndGet(143)) - da833d8d-e72a-4068-9560-4daa2d83adc2: start LeaderState
2019-09-26 21:19:22,356 [0c640f50-2bc9-49b6-b785-a27e3116e6ba@group-F6A96175DD6B-SegmentedRaftLogWorker] INFO  impl.RaftServerImpl (RaftServerImpl.java:lambda$shutdown$3(251)) - 0c640f50-2bc9-49b6-b785-a27e3116e6ba@group-F6A96175DD6B: shutdown
2019-09-26 21:19:22,355 [Thread-1202] INFO  impl.RoleInfo (RoleInfo.java:shutdownFollowerState(121)) - 1178c3ae-d0b4-4d44-b144-fe8504cc41ac: shutdown FollowerState
2019-09-26 21:19:22,355 [da833d8d-e72a-4068-9560-4daa2d83adc2@group-80D4D31A8B20:LeaderElection207] INFO  impl.LeaderElection (LeaderElection.java:askForVotes(182)) - da833d8d-e72a-4068-9560-4daa2d83adc2@group-80D4D31A8B20:LeaderElection207: begin an election at term 1 for -1: [da833d8d-e72a-4068-9560-4daa2d83adc2:192.168.151.99:38903], old=null
2019-09-26 21:19:22,355 [da833d8d-e72a-4068-9560-4daa2d83adc2@group-009B25A2B20A:LeaderElection201] INFO  impl.LeaderElection (LeaderElection.java:askForVotes(182)) - da833d8d-e72a-4068-9560-4daa2d83adc2@group-009B25A2B20A:LeaderElection201: begin an election at term 1 for -1: [da833d8d-e72a-4068-9560-4daa2d83adc2:192.168.151.99:38903], old=null
2019-09-26 21:19:22,355 [9ce0b59e-153f-4f41-8aed-492a76d80b48@group-556BB265CEA3:LeaderElection205] INFO  impl.LeaderElection (LeaderElection.java:askForVotes(182)) - 9ce0b59e-153f-4f41-8aed-492a76d80b48@group-556BB265CEA3:LeaderElection205: begin an election at term 1 for -1: [9ce0b59e-153f-4f41-8aed-492a76d80b48:192.168.151.99:34156], old=null
2019-09-26 21:19:22,907 [9ce0b59e-153f-4f41-8aed-492a76d80b48@group-556BB265CEA3:LeaderElection205] INFO  impl.RoleInfo (RoleInfo.java:shutdownLeaderElection(134)) - 9ce0b59e-153f-4f41-8aed-492a76d80b48: shutdown LeaderElection
2019-09-26 21:19:22,907 [9ce0b59e-153f-4f41-8aed-492a76d80b48@group-4BB057ED2D22:LeaderElection170] INFO  impl.RoleInfo (RoleInfo.java:updateAndGet(143)) - 9ce0b59e-153f-4f41-8aed-492a76d80b48: start LeaderState
2019-09-26 21:19:22,355 [1178c3ae-d0b4-4d44-b144-fe8504cc41ac@group-E8E6DAF52BD9:LeaderElection211] INFO  impl.LeaderElection (LeaderElection.java:askForVotes(182)) - 1178c3ae-d0b4-4d44-b144-fe8504cc41ac@group-E8E6DAF52BD9:LeaderElection211: begin an election at term 1 for -1: [1178c3ae-d0b4-4d44-b144-fe8504cc41ac:192.168.151.99:33787], old=null
2019-09-26 21:19:22,355 [9ce0b59e-153f-4f41-8aed-492a76d80b48@group-00776E898AAB:LeaderElection204] INFO  impl.LeaderElection (LeaderElection.java:askForVotes(182)) - 9ce0b59e-153f-4f41-8aed-492a76d80b48@group-00776E898AAB:LeaderElection204: begin an election at term 1 for -1: [9ce0b59e-153f-4f41-8aed-492a76d80b48:192.168.151.99:34156], old=null
2019-09-26 21:19:22,908 [9ce0b59e-153f-4f41-8aed-492a76d80b48@group-00776E898AAB:LeaderElection204] INFO  impl.RoleInfo (RoleInfo.java:shutdownLeaderElection(134)) - 9ce0b59e-153f-4f41-8aed-492a76d80b48: shutdown LeaderElection
2019-09-26 21:19:22,355 [da833d8d-e72a-4068-9560-4daa2d83adc2@group-BB2190CB963E:LeaderElection194] INFO  impl.LeaderElection (LeaderElection.java:askForVotes(182)) - da833d8d-e72a-4068-9560-4daa2d83adc2@group-BB2190CB963E:LeaderElection194: begin an election at term 1 for -1: [da833d8d-e72a-4068-9560-4daa2d83adc2:192.168.151.99:38903], old=null
2019-09-26 21:19:22,355 [9ce0b59e-153f-4f41-8aed-492a76d80b48@group-2F3A14F08318:LeaderElection197] INFO  impl.LeaderElection (LeaderElection.java:askForVotes(182)) - 9ce0b59e-153f-4f41-8aed-492a76d80b48@group-2F3A14F08318:LeaderElection197: begin an election at term 1 for -1: [9ce0b59e-153f-4f41-8aed-492a76d80b48:192.168.151.99:34156], old=null
2019-09-26 21:19:22,355 [9ce0b59e-153f-4f41-8aed-492a76d80b48@group-710F4F4B8A6C:LeaderElection213] INFO  impl.LeaderElection (LeaderElection.java:askForVotes(182)) - 9ce0b59e-153f-4f41-8aed-492a76d80b48@group-710F4F4B8A6C:LeaderElection213: begin an election at term 1 for -1: [9ce0b59e-153f-4f41-8aed-492a76d80b48:192.168.151.99:34156], old=null
2019-09-26 21:19:22,355 [09112efe-1fad-4539-a04f-c96aef6d2351@group-36B2132502C2:LeaderElection193] INFO  impl.LeaderElection (LeaderElection.java:askForVotes(182)) - 09112efe-1fad-4539-a04f-c96aef6d2351@group-36B2132502C2:LeaderElection193: begin an election at term 1 for -1: [09112efe-1fad-4539-a04f-c96aef6d2351:192.168.151.99:45286], old=null
2019-09-26 21:19:22,355 [09112efe-1fad-4539-a04f-c96aef6d2351@group-78E06D6978FF:LeaderElection200] INFO  impl.LeaderElection (LeaderElection.java:askForVotes(182)) - 09112efe-1fad-4539-a04f-c96aef6d2351@group-78E06D6978FF:LeaderElection200: begin an election at term 1 for -1: [09112efe-1fad-4539-a04f-c96aef6d2351:192.168.151.99:45286], old=null
2019-09-26 21:19:22,909 [09112efe-1fad-4539-a04f-c96aef6d2351@group-78E06D6978FF:LeaderElection200] INFO  impl.RoleInfo (RoleInfo.java:shutdownLeaderElection(134)) - 09112efe-1fad-4539-a04f-c96aef6d2351: shutdown LeaderElection
2019-09-26 21:19:22,355 [1178c3ae-d0b4-4d44-b144-fe8504cc41ac@group-6F0B28853612:LeaderElection184] INFO  impl.LeaderElection (LeaderElection.java:askForVotes(182)) - 1178c3ae-d0b4-4d44-b144-fe8504cc41ac@group-6F0B28853612:LeaderElection184: begin an election at term 1 for -1: [1178c3ae-d0b4-4d44-b144-fe8504cc41ac:192.168.151.99:33787], old=null
2019-09-26 21:19:22,354 [1178c3ae-d0b4-4d44-b144-fe8504cc41ac@group-775FCA086A09:LeaderElection195] INFO  impl.LeaderElection (LeaderElection.java:askForVotes(182)) - 1178c3ae-d0b4-4d44-b144-fe8504cc41ac@group-775FCA086A09:LeaderElection195: begin an election at term 1 for -1: [1178c3ae-d0b4-4d44-b144-fe8504cc41ac:192.168.151.99:33787], old=null
2019-09-26 21:19:22,354 [1178c3ae-d0b4-4d44-b144-fe8504cc41ac@group-9BABA4CE95C3:LeaderElection187] INFO  impl.LeaderElection (LeaderElection.java:askForVotes(182)) - 1178c3ae-d0b4-4d44-b144-fe8504cc41ac@group-9BABA4CE95C3:LeaderElection187: begin an election at term 1 for -1: [1178c3ae-d0b4-4d44-b144-fe8504cc41ac:192.168.151.99:33787], old=null
2019-09-26 21:19:22,354 [9ce0b59e-153f-4f41-8aed-492a76d80b48@group-BBE9186E4BB1:LeaderElection189] INFO  impl.LeaderElection (LeaderElection.java:askForVotes(182)) - 9ce0b59e-153f-4f41-8aed-492a76d80b48@group-BBE9186E4BB1:LeaderElection189: begin an election at term 1 for -1: [9ce0b59e-153f-4f41-8aed-492a76d80b48:192.168.151.99:34156], old=null
2019-09-26 21:19:22,909 [9ce0b59e-153f-4f41-8aed-492a76d80b48@group-BBE9186E4BB1:LeaderElection189] INFO  impl.RoleInfo (RoleInfo.java:shutdownLeaderElection(134)) - 9ce0b59e-153f-4f41-8aed-492a76d80b48: shutdown LeaderElection
2019-09-26 21:19:22,354 [09112efe-1fad-4539-a04f-c96aef6d2351@group-A77325013DF5:LeaderElection183] INFO  impl.LeaderElection (LeaderElection.java:askForVotes(182)) - 09112efe-1fad-4539-a04f-c96aef6d2351@group-A77325013DF5:LeaderElection183: begin an election at term 1 for -1: [09112efe-1fad-4539-a04f-c96aef6d2351:192.168.151.99:45286], old=null
2019-09-26 21:19:22,354 [9ce0b59e-153f-4f41-8aed-492a76d80b48@group-6E6C68F22454:LeaderElection210] INFO  impl.LeaderElection (LeaderElection.java:askForVotes(182)) - 9ce0b59e-153f-4f41-8aed-492a76d80b48@group-6E6C68F22454:LeaderElection210: begin an election at term 1 for -1: [9ce0b59e-153f-4f41-8aed-492a76d80b48:192.168.151.99:34156], old=null
2019-09-26 21:19:22,354 [09112efe-1fad-4539-a04f-c96aef6d2351@group-786B1197DED0:LeaderElection185] INFO  impl.LeaderElection (LeaderElection.java:askForVotes(182)) - 09112efe-1fad-4539-a04f-c96aef6d2351@group-786B1197DED0:LeaderElection185: begin an election at term 1 for -1: [09112efe-1fad-4539-a04f-c96aef6d2351:192.168.151.99:45286], old=null
2019-09-26 21:19:22,354 [09112efe-1fad-4539-a04f-c96aef6d2351@group-11EBA2FC1B7A:LeaderElection206] INFO  impl.LeaderElection (LeaderElection.java:askForVotes(182)) - 09112efe-1fad-4539-a04f-c96aef6d2351@group-11EBA2FC1B7A:LeaderElection206: begin an election at term 1 for -1: [09112efe-1fad-4539-a04f-c96aef6d2351:192.168.151.99:45286], old=null
2019-09-26 21:19:22,354 [1178c3ae-d0b4-4d44-b144-fe8504cc41ac@group-449BE572DC99:LeaderElection190] INFO  impl.LeaderElection (LeaderElection.java:askForVotes(182)) - 1178c3ae-d0b4-4d44-b144-fe8504cc41ac@group-449BE572DC99:LeaderElection190: begin an election at term 1 for -1: [1178c3ae-d0b4-4d44-b144-fe8504cc41ac:192.168.151.99:33787], old=null
2019-09-26 21:19:22,064 [09112efe-1fad-4539-a04f-c96aef6d2351@group-11443841DB3B:LeaderElection175] INFO  impl.RaftServerImpl (ServerState.java:setRaftConf(354)) - 09112efe-1fad-4539-a04f-c96aef6d2351@group-11443841DB3B: set configuration 0: [09112efe-1fad-4539-a04f-c96aef6d2351:192.168.151.99:45286], old=null at 0
2019-09-26 21:19:22,064 [da833d8d-e72a-4068-9560-4daa2d83adc2@group-85E87D856CDF:LeaderElection176] INFO  server.RaftServerConfigKeys (ConfUtils.java:logGet(43)) - raft.server.watch.element-limit = 65536 (default)
2019-09-26 21:19:22,064 [9ce0b59e-153f-4f41-8aed-492a76d80b48@group-C9D9502D9D87:LeaderElection208] INFO  impl.RoleInfo (RoleInfo.java:shutdownLeaderElection(134)) - 9ce0b59e-153f-4f41-8aed-492a76d80b48: shutdown LeaderElection
2019-09-26 21:19:22,064 [09112efe-1fad-4539-a04f-c96aef6d2351@group-3345E11CC80E:LeaderElection192] INFO  impl.RoleInfo (RoleInfo.java:shutdownLeaderElection(134)) - 09112efe-1fad-4539-a04f-c96aef6d2351: shutdown LeaderElection
2019-09-26 21:19:22,911 [09112efe-1fad-4539-a04f-c96aef6d2351@group-3345E11CC80E:LeaderElection192] INFO  impl.RaftServerImpl (RaftServerImpl.java:setRole(174)) - 09112efe-1fad-4539-a04f-c96aef6d2351@group-3345E11CC80E: changes role from CANDIDATE to LEADER at term 1 for changeToLeader
2019-09-26 21:19:22,063 [9ce0b59e-153f-4f41-8aed-492a76d80b48@group-2336121AAD70:LeaderElection188] INFO  impl.RoleInfo (RoleInfo.java:shutdownLeaderElection(134)) - 9ce0b59e-153f-4f41-8aed-492a76d80b48: shutdown LeaderElection
2019-09-26 21:19:22,063 [9ce0b59e-153f-4f41-8aed-492a76d80b48@group-0FD1EA0A8F9D:LeaderElection196] INFO  impl.RoleInfo (RoleInfo.java:shutdownLeaderElection(134)) - 9ce0b59e-153f-4f41-8aed-492a76d80b48: shutdown LeaderElection
2019-09-26 21:19:22,063 [1178c3ae-d0b4-4d44-b144-fe8504cc41ac@group-C4ECAA6EBF50:LeaderElection198] INFO  impl.RoleInfo (RoleInfo.java:shutdownLeaderElection(134)) - 1178c3ae-d0b4-4d44-b144-fe8504cc41ac: shutdown LeaderElection
2019-09-26 21:19:22,911 [1178c3ae-d0b4-4d44-b144-fe8504cc41ac@group-C4ECAA6EBF50:LeaderElection198] INFO  impl.RaftServerImpl (RaftServerImpl.java:setRole(174)) - 1178c3ae-d0b4-4d44-b144-fe8504cc41ac@group-C4ECAA6EBF50: changes role from CANDIDATE to LEADER at term 1 for changeToLeader
2019-09-26 21:19:22,063 [9ce0b59e-153f-4f41-8aed-492a76d80b48@group-89E64784085E:LeaderElection191] INFO  impl.RoleInfo (RoleInfo.java:shutdownLeaderElection(134)) - 9ce0b59e-153f-4f41-8aed-492a76d80b48: shutdown LeaderElection
2019-09-26 21:19:22,063 [9ce0b59e-153f-4f41-8aed-492a76d80b48@group-7AF436DBD9FF:LeaderElection199] INFO  impl.RoleInfo (RoleInfo.java:shutdownLeaderElection(134)) - 9ce0b59e-153f-4f41-8aed-492a76d80b48: shutdown LeaderElection
2019-09-26 21:19:22,063 [Thread-1160] INFO  impl.RaftServerImpl (RaftServerImpl.java:setRole(174)) - 1178c3ae-d0b4-4d44-b144-fe8504cc41ac@group-87E66A5F5023: changes role from  FOLLOWER to CANDIDATE at term 0 for changeToCandidate
2019-09-26 21:19:22,063 [pool-67-thread-1] INFO  impl.RaftServerImpl (ServerState.java:<init>(103)) - da833d8d-e72a-4068-9560-4daa2d83adc2@group-450F00B29BD4: ConfigurationManager, init=-1: [9ce0b59e-153f-4f41-8aed-492a76d80b48:192.168.151.99:34156, da833d8d-e72a-4068-9560-4daa2d83adc2:192.168.151.99:38903, 1178c3ae-d0b4-4d44-b144-fe8504cc41ac:192.168.151.99:33787], old=null, confs=<EMPTY_MAP>
2019-09-26 21:19:22,063 [09112efe-1fad-4539-a04f-c96aef6d2351@group-B816AAC0A64C:LeaderElection181] INFO  segmented.SegmentedRaftLogWorker (SegmentedRaftLogWorker.java:startLogSegment(380)) - 09112efe-1fad-4539-a04f-c96aef6d2351@group-B816AAC0A64C-SegmentedRaftLogWorker: Starting segment from index:0
2019-09-26 21:19:22,062 [1178c3ae-d0b4-4d44-b144-fe8504cc41ac@group-9541723CC6E1:LeaderElection178] INFO  server.RaftServerConfigKeys (ConfUtils.java:logGet(43)) - raft.server.watch.timeout.denomination = 1s (default)
2019-09-26 21:19:22,062 [pool-37-thread-1] INFO  server.RaftServerConfigKeys (ConfUtils.java:logGet(43)) - raft.server.log.appender.install.snapshot.enabled = false (custom)
2019-09-26 21:19:22,062 [pool-27-thread-1] INFO  server.RaftServerConfigKeys (ConfUtils.java:logGet(43)) - raft.server.log.write.buffer.size = 33554432 (custom)
2019-09-26 21:19:23,211 [pool-27-thread-1] INFO  server.RaftServerConfigKeys (ConfUtils.java:logGet(43)) - raft.server.log.force.sync.num = 128 (default)
2019-09-26 21:19:23,204 [grpc-default-worker-ELG-3-3] WARN  nio.NioEventLoop (NioEventLoop.java:select(786)) - Selector.select() returned prematurely {} times in a row; rebuilding Selector {}.
2019-09-26 21:19:23,204 [grpc-default-worker-ELG-3-4] WARN  nio.NioEventLoop (NioEventLoop.java:select(786)) - Selector.select() returned prematurely {} times in a row; rebuilding Selector {}.
2019-09-26 21:19:23,202 [RATISCREATEPIPELINE1] ERROR pipeline.RatisPipelineProvider (RatisPipelineProvider.java:lambda$null$2(175)) - Failed invoke Ratis rpc org.apache.hadoop.hdds.scm.pipeline.RatisPipelineProvider$$Lambda$179/154091354@56be8411 for 1178c3ae-d0b4-4d44-b144-fe8504cc41ac
org.apache.ratis.protocol.TimeoutIOException: deadline exceeded after 2999538787ns
	at org.apache.ratis.grpc.GrpcUtil.tryUnwrapException(GrpcUtil.java:82)
	at org.apache.ratis.grpc.GrpcUtil.unwrapException(GrpcUtil.java:75)
	at org.apache.ratis.grpc.client.GrpcClientProtocolClient.blockingCall(GrpcClientProtocolClient.java:178)
	at org.apache.ratis.grpc.client.GrpcClientProtocolClient.groupAdd(GrpcClientProtocolClient.java:147)
	at org.apache.ratis.grpc.client.GrpcClientRpc.sendRequest(GrpcClientRpc.java:94)
	at org.apache.ratis.client.impl.RaftClientImpl.sendRequest(RaftClientImpl.java:278)
	at org.apache.ratis.client.impl.RaftClientImpl.groupAdd(RaftClientImpl.java:205)
	at org.apache.hadoop.hdds.scm.pipeline.RatisPipelineProvider.lambda$initializePipeline$1(RatisPipelineProvider.java:136)
	at org.apache.hadoop.hdds.scm.pipeline.RatisPipelineProvider.lambda$null$2(RatisPipelineProvider.java:171)
	at java.util.stream.ForEachOps$ForEachOp$OfRef.accept(ForEachOps.java:184)
	at java.util.ArrayList$ArrayListSpliterator.forEachRemaining(ArrayList.java:1382)
	at java.util.stream.AbstractPipeline.copyInto(AbstractPipeline.java:482)
	at java.util.stream.ForEachOps$ForEachTask.compute(ForEachOps.java:291)
	at java.util.concurrent.CountedCompleter.exec(CountedCompleter.java:731)
	at java.util.concurrent.ForkJoinTask.doExec(ForkJoinTask.java:289)
	at java.util.concurrent.ForkJoinTask.doInvoke(ForkJoinTask.java:401)
	at java.util.concurrent.ForkJoinTask.invoke(ForkJoinTask.java:734)
	at java.util.stream.ForEachOps$ForEachOp.evaluateParallel(ForEachOps.java:160)
	at java.util.stream.ForEachOps$ForEachOp$OfRef.evaluateParallel(ForEachOps.java:174)
	at java.util.stream.AbstractPipeline.evaluate(AbstractPipeline.java:233)
	at java.util.stream.ReferencePipeline.forEach(ReferencePipeline.java:418)
	at java.util.stream.ReferencePipeline$Head.forEach(ReferencePipeline.java:583)
	at org.apache.hadoop.hdds.scm.pipeline.RatisPipelineProvider.lambda$callRatisRpc$3(RatisPipelineProvider.java:165)
	at java.util.concurrent.ForkJoinTask$AdaptedRunnableAction.exec(ForkJoinTask.java:1386)
	at java.util.concurrent.ForkJoinTask.doExec(ForkJoinTask.java:289)
	at java.util.concurrent.ForkJoinPool$WorkQueue.runTask(ForkJoinPool.java:1056)
	at java.util.concurrent.ForkJoinPool.runWorker(ForkJoinPool.java:1692)
	at java.util.concurrent.ForkJoinWorkerThread.run(ForkJoinWorkerThread.java:157)
Caused by: org.apache.ratis.thirdparty.io.grpc.StatusRuntimeException: DEADLINE_EXCEEDED: deadline exceeded after 2999538787ns
	at org.apache.ratis.thirdparty.io.grpc.stub.ClientCalls.toStatusRuntimeException(ClientCalls.java:233)
	at org.apache.ratis.thirdparty.io.grpc.stub.ClientCalls.getUnchecked(ClientCalls.java:214)
	at org.apache.ratis.thirdparty.io.grpc.stub.ClientCalls.blockingUnaryCall(ClientCalls.java:139)
	at org.apache.ratis.proto.grpc.AdminProtocolServiceGrpc$AdminProtocolServiceBlockingStub.groupManagement(AdminProtocolServiceGrpc.java:274)
	at org.apache.ratis.grpc.client.GrpcClientProtocolClient.lambda$groupAdd$3(GrpcClientProtocolClient.java:149)
	at org.apache.ratis.grpc.client.GrpcClientProtocolClient.blockingCall(GrpcClientProtocolClient.java:176)
	... 25 more
2019-09-26 21:19:23,202 [RATISCREATEPIPELINE3] ERROR pipeline.RatisPipelineProvider (RatisPipelineProvider.java:lambda$null$2(175)) - Failed invoke Ratis rpc org.apache.hadoop.hdds.scm.pipeline.RatisPipelineProvider$$Lambda$179/154091354@56be8411 for da833d8d-e72a-4068-9560-4daa2d83adc2
org.apache.ratis.protocol.TimeoutIOException: deadline exceeded after 2999708140ns
	at org.apache.ratis.grpc.GrpcUtil.tryUnwrapException(GrpcUtil.java:82)
	at org.apache.ratis.grpc.GrpcUtil.unwrapException(GrpcUtil.java:75)
	at org.apache.ratis.grpc.client.GrpcClientProtocolClient.blockingCall(GrpcClientProtocolClient.java:178)
	at org.apache.ratis.grpc.client.GrpcClientProtocolClient.groupAdd(GrpcClientProtocolClient.java:147)
	at org.apache.ratis.grpc.client.GrpcClientRpc.sendRequest(GrpcClientRpc.java:94)
	at org.apache.ratis.client.impl.RaftClientImpl.sendRequest(RaftClientImpl.java:278)
	at org.apache.ratis.client.impl.RaftClientImpl.groupAdd(RaftClientImpl.java:205)
	at org.apache.hadoop.hdds.scm.pipeline.RatisPipelineProvider.lambda$initializePipeline$1(RatisPipelineProvider.java:136)
	at org.apache.hadoop.hdds.scm.pipeline.RatisPipelineProvider.lambda$null$2(RatisPipelineProvider.java:171)
	at java.util.stream.ForEachOps$ForEachOp$OfRef.accept(ForEachOps.java:184)
	at java.util.ArrayList$ArrayListSpliterator.forEachRemaining(ArrayList.java:1382)
	at java.util.stream.AbstractPipeline.copyInto(AbstractPipeline.java:482)
	at java.util.stream.ForEachOps$ForEachTask.compute(ForEachOps.java:291)
	at java.util.concurrent.CountedCompleter.exec(CountedCompleter.java:731)
	at java.util.concurrent.ForkJoinTask.doExec(ForkJoinTask.java:289)
	at java.util.concurrent.ForkJoinPool$WorkQueue.runTask(ForkJoinPool.java:1056)
	at java.util.concurrent.ForkJoinPool.runWorker(ForkJoinPool.java:1692)
	at java.util.concurrent.ForkJoinWorkerThread.run(ForkJoinWorkerThread.java:157)
Caused by: org.apache.ratis.thirdparty.io.grpc.StatusRuntimeException: DEADLINE_EXCEEDED: deadline exceeded after 2999708140ns
	at org.apache.ratis.thirdparty.io.grpc.stub.ClientCalls.toStatusRuntimeException(ClientCalls.java:233)
	at org.apache.ratis.thirdparty.io.grpc.stub.ClientCalls.getUnchecked(ClientCalls.java:214)
	at org.apache.ratis.thirdparty.io.grpc.stub.ClientCalls.blockingUnaryCall(ClientCalls.java:139)
	at org.apache.ratis.proto.grpc.AdminProtocolServiceGrpc$AdminProtocolServiceBlockingStub.groupManagement(AdminProtocolServiceGrpc.java:274)
	at org.apache.ratis.grpc.client.GrpcClientProtocolClient.lambda$groupAdd$3(GrpcClientProtocolClient.java:149)
	at org.apache.ratis.grpc.client.GrpcClientProtocolClient.blockingCall(GrpcClientProtocolClient.java:176)
	... 15 more
2019-09-26 21:19:23,202 [RATISCREATEPIPELINE2] ERROR pipeline.RatisPipelineProvider (RatisPipelineProvider.java:lambda$null$2(175)) - Failed invoke Ratis rpc org.apache.hadoop.hdds.scm.pipeline.RatisPipelineProvider$$Lambda$179/154091354@56be8411 for 9ce0b59e-153f-4f41-8aed-492a76d80b48
org.apache.ratis.protocol.TimeoutIOException: deadline exceeded after 2999633714ns
	at org.apache.ratis.grpc.GrpcUtil.tryUnwrapException(GrpcUtil.java:82)
	at org.apache.ratis.grpc.GrpcUtil.unwrapException(GrpcUtil.java:75)
	at org.apache.ratis.grpc.client.GrpcClientProtocolClient.blockingCall(GrpcClientProtocolClient.java:178)
	at org.apache.ratis.grpc.client.GrpcClientProtocolClient.groupAdd(GrpcClientProtocolClient.java:147)
	at org.apache.ratis.grpc.client.GrpcClientRpc.sendRequest(GrpcClientRpc.java:94)
	at org.apache.ratis.client.impl.RaftClientImpl.sendRequest(RaftClientImpl.java:278)
	at org.apache.ratis.client.impl.RaftClientImpl.groupAdd(RaftClientImpl.java:205)
	at org.apache.hadoop.hdds.scm.pipeline.RatisPipelineProvider.lambda$initializePipeline$1(RatisPipelineProvider.java:136)
	at org.apache.hadoop.hdds.scm.pipeline.RatisPipelineProvider.lambda$null$2(RatisPipelineProvider.java:171)
	at java.util.stream.ForEachOps$ForEachOp$OfRef.accept(ForEachOps.java:184)
	at java.util.ArrayList$ArrayListSpliterator.forEachRemaining(ArrayList.java:1382)
	at java.util.stream.AbstractPipeline.copyInto(AbstractPipeline.java:482)
	at java.util.stream.ForEachOps$ForEachTask.compute(ForEachOps.java:291)
	at java.util.concurrent.CountedCompleter.exec(CountedCompleter.java:731)
	at java.util.concurrent.ForkJoinTask.doExec(ForkJoinTask.java:289)
	at java.util.concurrent.ForkJoinPool$WorkQueue.runTask(ForkJoinPool.java:1056)
	at java.util.concurrent.ForkJoinPool.runWorker(ForkJoinPool.java:1692)
	at java.util.concurrent.ForkJoinWorkerThread.run(ForkJoinWorkerThread.java:157)
Caused by: org.apache.ratis.thirdparty.io.grpc.StatusRuntimeException: DEADLINE_EXCEEDED: deadline exceeded after 2999633714ns
	at org.apache.ratis.thirdparty.io.grpc.stub.ClientCalls.toStatusRuntimeException(ClientCalls.java:233)
	at org.apache.ratis.thirdparty.io.grpc.stub.ClientCalls.getUnchecked(ClientCalls.java:214)
	at org.apache.ratis.thirdparty.io.grpc.stub.ClientCalls.blockingUnaryCall(ClientCalls.java:139)
	at org.apache.ratis.proto.grpc.AdminProtocolServiceGrpc$AdminProtocolServiceBlockingStub.groupManagement(AdminProtocolServiceGrpc.java:274)
	at org.apache.ratis.grpc.client.GrpcClientProtocolClient.lambda$groupAdd$3(GrpcClientProtocolClient.java:149)
	at org.apache.ratis.grpc.client.GrpcClientProtocolClient.blockingCall(GrpcClientProtocolClient.java:176)
	... 15 more
2019-09-26 21:19:23,199 [1178c3ae-d0b4-4d44-b144-fe8504cc41ac@group-07763D2A0C0C-SegmentedRaftLogWorker] ERROR segmented.SegmentedRaftLogWorker (SegmentedRaftLogWorker.java:run(323)) - 1178c3ae-d0b4-4d44-b144-fe8504cc41ac@group-07763D2A0C0C-SegmentedRaftLogWorker hit exception
java.lang.OutOfMemoryError: Direct buffer memory
	at java.nio.Bits.reserveMemory(Bits.java:666)
	at java.nio.DirectByteBuffer.<init>(DirectByteBuffer.java:123)
	at java.nio.ByteBuffer.allocateDirect(ByteBuffer.java:311)
	at org.apache.ratis.server.raftlog.segmented.BufferedWriteChannel.<init>(BufferedWriteChannel.java:41)
	at org.apache.ratis.server.raftlog.segmented.SegmentedRaftLogOutputStream.<init>(SegmentedRaftLogOutputStream.java:72)
	at org.apache.ratis.server.raftlog.segmented.SegmentedRaftLogWorker$StartLogSegment.execute(SegmentedRaftLogWorker.java:566)
	at org.apache.ratis.server.raftlog.segmented.SegmentedRaftLogWorker.run(SegmentedRaftLogWorker.java:289)
	at java.lang.Thread.run(Thread.java:748)
2019-09-26 21:19:23,217 [1178c3ae-d0b4-4d44-b144-fe8504cc41ac@group-07763D2A0C0C-SegmentedRaftLogWorker] INFO  impl.RaftServerImpl (RaftServerImpl.java:lambda$shutdown$3(251)) - 1178c3ae-d0b4-4d44-b144-fe8504cc41ac@group-07763D2A0C0C: shutdown
2019-09-26 21:19:23,199 [1178c3ae-d0b4-4d44-b144-fe8504cc41ac@group-04CBCD99AF3A-SegmentedRaftLogWorker] ERROR segmented.SegmentedRaftLogWorker (SegmentedRaftLogWorker.java:run(323)) - 1178c3ae-d0b4-4d44-b144-fe8504cc41ac@group-04CBCD99AF3A-SegmentedRaftLogWorker hit exception
java.lang.OutOfMemoryError: Direct buffer memory
	at java.nio.Bits.reserveMemory(Bits.java:666)
	at java.nio.DirectByteBuffer.<init>(DirectByteBuffer.java:123)
	at java.nio.ByteBuffer.allocateDirect(ByteBuffer.java:311)
	at org.apache.ratis.server.raftlog.segmented.BufferedWriteChannel.<init>(BufferedWriteChannel.java:41)
	at org.apache.ratis.server.raftlog.segmented.SegmentedRaftLogOutputStream.<init>(SegmentedRaftLogOutputStream.java:72)
	at org.apache.ratis.server.raftlog.segmented.SegmentedRaftLogWorker$StartLogSegment.execute(SegmentedRaftLogWorker.java:566)
	at org.apache.ratis.server.raftlog.segmented.SegmentedRaftLogWorker.run(SegmentedRaftLogWorker.java:289)
	at java.lang.Thread.run(Thread.java:748)
2019-09-26 21:19:22,912 [09112efe-1fad-4539-a04f-c96aef6d2351@group-B816AAC0A64C:LeaderElection181] INFO  impl.RaftServerImpl (ServerState.java:setRaftConf(354)) - 09112efe-1fad-4539-a04f-c96aef6d2351@group-B816AAC0A64C: set configuration 0: [09112efe-1fad-4539-a04f-c96aef6d2351:192.168.151.99:45286], old=null at 0
2019-09-26 21:19:22,912 [pool-37-thread-1] INFO  impl.RaftServerImpl (ServerState.java:<init>(103)) - 1178c3ae-d0b4-4d44-b144-fe8504cc41ac@group-450F00B29BD4: ConfigurationManager, init=-1: [9ce0b59e-153f-4f41-8aed-492a76d80b48:192.168.151.99:34156, da833d8d-e72a-4068-9560-4daa2d83adc2:192.168.151.99:38903, 1178c3ae-d0b4-4d44-b144-fe8504cc41ac:192.168.151.99:33787], old=null, confs=<EMPTY_MAP>
2019-09-26 21:19:22,912 [1178c3ae-d0b4-4d44-b144-fe8504cc41ac@group-9541723CC6E1:LeaderElection178] INFO  server.RaftServerConfigKeys (ConfUtils.java:logGet(43)) - raft.server.watch.element-limit = 65536 (default)
2019-09-26 21:19:22,912 [pool-67-thread-1] INFO  server.RaftServerConfigKeys (ConfUtils.java:logGet(43)) - raft.server.storage.dir = [/workdir/hadoop-ozone/ozonefs/target/test-dir/MiniOzoneClusterImpl-5b64906c-d720-4906-b30c-b6d56a2122fd/datanode-4/data/ratis] (custom)
2019-09-26 21:19:22,912 [Thread-1160] INFO  impl.RoleInfo (RoleInfo.java:updateAndGet(143)) - 1178c3ae-d0b4-4d44-b144-fe8504cc41ac: start LeaderElection
2019-09-26 21:19:22,912 [9ce0b59e-153f-4f41-8aed-492a76d80b48@group-7AF436DBD9FF:LeaderElection199] INFO  impl.RaftServerImpl (RaftServerImpl.java:setRole(174)) - 9ce0b59e-153f-4f41-8aed-492a76d80b48@group-7AF436DBD9FF: changes role from CANDIDATE to LEADER at term 1 for changeToLeader
2019-09-26 21:19:22,911 [9ce0b59e-153f-4f41-8aed-492a76d80b48@group-89E64784085E:LeaderElection191] INFO  impl.RaftServerImpl (RaftServerImpl.java:setRole(174)) - 9ce0b59e-153f-4f41-8aed-492a76d80b48@group-89E64784085E: changes role from CANDIDATE to LEADER at term 1 for changeToLeader
2019-09-26 21:19:23,219 [9ce0b59e-153f-4f41-8aed-492a76d80b48@group-89E64784085E:LeaderElection191] INFO  impl.RaftServerImpl (ServerState.java:setLeader(253)) - 9ce0b59e-153f-4f41-8aed-492a76d80b48@group-89E64784085E: change Leader from null to 9ce0b59e-153f-4f41-8aed-492a76d80b48 at term 1 for becomeLeader, leader elected after 9346ms
2019-09-26 21:19:22,911 [1178c3ae-d0b4-4d44-b144-fe8504cc41ac@group-C4ECAA6EBF50:LeaderElection198] INFO  impl.RaftServerImpl (ServerState.java:setLeader(253)) - 1178c3ae-d0b4-4d44-b144-fe8504cc41ac@group-C4ECAA6EBF50: change Leader from null to 1178c3ae-d0b4-4d44-b144-fe8504cc41ac at term 1 for becomeLeader, leader elected after 8763ms
2019-09-26 21:19:22,911 [9ce0b59e-153f-4f41-8aed-492a76d80b48@group-0FD1EA0A8F9D:LeaderElection196] INFO  impl.RaftServerImpl (RaftServerImpl.java:setRole(174)) - 9ce0b59e-153f-4f41-8aed-492a76d80b48@group-0FD1EA0A8F9D: changes role from CANDIDATE to LEADER at term 1 for changeToLeader
2019-09-26 21:19:23,219 [9ce0b59e-153f-4f41-8aed-492a76d80b48@group-0FD1EA0A8F9D:LeaderElection196] INFO  impl.RaftServerImpl (ServerState.java:setLeader(253)) - 9ce0b59e-153f-4f41-8aed-492a76d80b48@group-0FD1EA0A8F9D: change Leader from null to 9ce0b59e-153f-4f41-8aed-492a76d80b48 at term 1 for becomeLeader, leader elected after 8580ms
2019-09-26 21:19:22,911 [9ce0b59e-153f-4f41-8aed-492a76d80b48@group-2336121AAD70:LeaderElection188] INFO  impl.RaftServerImpl (RaftServerImpl.java:setRole(174)) - 9ce0b59e-153f-4f41-8aed-492a76d80b48@group-2336121AAD70: changes role from CANDIDATE to LEADER at term 1 for changeToLeader
2019-09-26 21:19:23,220 [9ce0b59e-153f-4f41-8aed-492a76d80b48@group-2336121AAD70:LeaderElection188] INFO  impl.RaftServerImpl (ServerState.java:setLeader(253)) - 9ce0b59e-153f-4f41-8aed-492a76d80b48@group-2336121AAD70: change Leader from null to 9ce0b59e-153f-4f41-8aed-492a76d80b48 at term 1 for becomeLeader, leader elected after 9663ms
2019-09-26 21:19:22,911 [09112efe-1fad-4539-a04f-c96aef6d2351@group-3345E11CC80E:LeaderElection192] INFO  impl.RaftServerImpl (ServerState.java:setLeader(253)) - 09112efe-1fad-4539-a04f-c96aef6d2351@group-3345E11CC80E: change Leader from null to 09112efe-1fad-4539-a04f-c96aef6d2351 at term 1 for becomeLeader, leader elected after 9080ms
2019-09-26 21:19:22,910 [9ce0b59e-153f-4f41-8aed-492a76d80b48@group-C9D9502D9D87:LeaderElection208] INFO  impl.RaftServerImpl (RaftServerImpl.java:setRole(174)) - 9ce0b59e-153f-4f41-8aed-492a76d80b48@group-C9D9502D9D87: changes role from CANDIDATE to LEADER at term 1 for changeToLeader
2019-09-26 21:19:22,910 [1178c3ae-d0b4-4d44-b144-fe8504cc41ac@group-449BE572DC99:LeaderElection190] INFO  impl.RoleInfo (RoleInfo.java:shutdownLeaderElection(134)) - 1178c3ae-d0b4-4d44-b144-fe8504cc41ac: shutdown LeaderElection
2019-09-26 21:19:22,910 [09112efe-1fad-4539-a04f-c96aef6d2351@group-11EBA2FC1B7A:LeaderElection206] INFO  impl.RoleInfo (RoleInfo.java:shutdownLeaderElection(134)) - 09112efe-1fad-4539-a04f-c96aef6d2351: shutdown LeaderElection
2019-09-26 21:19:23,221 [09112efe-1fad-4539-a04f-c96aef6d2351@group-11EBA2FC1B7A:LeaderElection206] INFO  impl.RaftServerImpl (RaftServerImpl.java:setRole(174)) - 09112efe-1fad-4539-a04f-c96aef6d2351@group-11EBA2FC1B7A: changes role from CANDIDATE to LEADER at term 1 for changeToLeader
2019-09-26 21:19:22,910 [09112efe-1fad-4539-a04f-c96aef6d2351@group-786B1197DED0:LeaderElection185] INFO  impl.RoleInfo (RoleInfo.java:shutdownLeaderElection(134)) - 09112efe-1fad-4539-a04f-c96aef6d2351: shutdown LeaderElection
2019-09-26 21:19:22,910 [9ce0b59e-153f-4f41-8aed-492a76d80b48@group-6E6C68F22454:LeaderElection210] INFO  impl.RoleInfo (RoleInfo.java:shutdownLeaderElection(134)) - 9ce0b59e-153f-4f41-8aed-492a76d80b48: shutdown LeaderElection
2019-09-26 21:19:23,221 [9ce0b59e-153f-4f41-8aed-492a76d80b48@group-6E6C68F22454:LeaderElection210] INFO  impl.RaftServerImpl (RaftServerImpl.java:setRole(174)) - 9ce0b59e-153f-4f41-8aed-492a76d80b48@group-6E6C68F22454: changes role from CANDIDATE to LEADER at term 1 for changeToLeader
2019-09-26 21:19:22,909 [09112efe-1fad-4539-a04f-c96aef6d2351@group-A77325013DF5:LeaderElection183] INFO  impl.RoleInfo (RoleInfo.java:shutdownLeaderElection(134)) - 09112efe-1fad-4539-a04f-c96aef6d2351: shutdown LeaderElection
2019-09-26 21:19:23,221 [09112efe-1fad-4539-a04f-c96aef6d2351@group-A77325013DF5:LeaderElection183] INFO  impl.RaftServerImpl (RaftServerImpl.java:setRole(174)) - 09112efe-1fad-4539-a04f-c96aef6d2351@group-A77325013DF5: changes role from CANDIDATE to LEADER at term 1 for changeToLeader
2019-09-26 21:19:22,909 [9ce0b59e-153f-4f41-8aed-492a76d80b48@group-BBE9186E4BB1:LeaderElection189] INFO  impl.RaftServerImpl (RaftServerImpl.java:setRole(174)) - 9ce0b59e-153f-4f41-8aed-492a76d80b48@group-BBE9186E4BB1: changes role from CANDIDATE to LEADER at term 1 for changeToLeader
2019-09-26 21:19:23,222 [9ce0b59e-153f-4f41-8aed-492a76d80b48@group-BBE9186E4BB1:LeaderElection189] INFO  impl.RaftServerImpl (ServerState.java:setLeader(253)) - 9ce0b59e-153f-4f41-8aed-492a76d80b48@group-BBE9186E4BB1: change Leader from null to 9ce0b59e-153f-4f41-8aed-492a76d80b48 at term 1 for becomeLeader, leader elected after 9624ms
2019-09-26 21:19:22,909 [1178c3ae-d0b4-4d44-b144-fe8504cc41ac@group-9BABA4CE95C3:LeaderElection187] INFO  impl.RoleInfo (RoleInfo.java:shutdownLeaderElection(134)) - 1178c3ae-d0b4-4d44-b144-fe8504cc41ac: shutdown LeaderElection
2019-09-26 21:19:23,222 [1178c3ae-d0b4-4d44-b144-fe8504cc41ac@group-9BABA4CE95C3:LeaderElection187] INFO  impl.RaftServerImpl (RaftServerImpl.java:setRole(174)) - 1178c3ae-d0b4-4d44-b144-fe8504cc41ac@group-9BABA4CE95C3: changes role from CANDIDATE to LEADER at term 1 for changeToLeader
2019-09-26 21:19:22,909 [1178c3ae-d0b4-4d44-b144-fe8504cc41ac@group-775FCA086A09:LeaderElection195] INFO  impl.RoleInfo (RoleInfo.java:shutdownLeaderElection(134)) - 1178c3ae-d0b4-4d44-b144-fe8504cc41ac: shutdown LeaderElection
2019-09-26 21:19:23,222 [1178c3ae-d0b4-4d44-b144-fe8504cc41ac@group-775FCA086A09:LeaderElection195] INFO  impl.RaftServerImpl (RaftServerImpl.java:setRole(174)) - 1178c3ae-d0b4-4d44-b144-fe8504cc41ac@group-775FCA086A09: changes role from CANDIDATE to LEADER at term 1 for changeToLeader
2019-09-26 21:19:22,909 [1178c3ae-d0b4-4d44-b144-fe8504cc41ac@group-6F0B28853612:LeaderElection184] INFO  impl.RoleInfo (RoleInfo.java:shutdownLeaderElection(134)) - 1178c3ae-d0b4-4d44-b144-fe8504cc41ac: shutdown LeaderElection
2019-09-26 21:19:23,223 [1178c3ae-d0b4-4d44-b144-fe8504cc41ac@group-6F0B28853612:LeaderElection184] INFO  impl.RaftServerImpl (RaftServerImpl.java:setRole(174)) - 1178c3ae-d0b4-4d44-b144-fe8504cc41ac@group-6F0B28853612: changes role from CANDIDATE to LEADER at term 1 for changeToLeader
2019-09-26 21:19:22,909 [09112efe-1fad-4539-a04f-c96aef6d2351@group-78E06D6978FF:LeaderElection200] INFO  impl.RaftServerImpl (RaftServerImpl.java:setRole(174)) - 09112efe-1fad-4539-a04f-c96aef6d2351@group-78E06D6978FF: changes role from CANDIDATE to LEADER at term 1 for changeToLeader
2019-09-26 21:19:23,223 [09112efe-1fad-4539-a04f-c96aef6d2351@group-78E06D6978FF:LeaderElection200] INFO  impl.RaftServerImpl (ServerState.java:setLeader(253)) - 09112efe-1fad-4539-a04f-c96aef6d2351@group-78E06D6978FF: change Leader from null to 09112efe-1fad-4539-a04f-c96aef6d2351 at term 1 for becomeLeader, leader elected after 9177ms
2019-09-26 21:19:22,908 [09112efe-1fad-4539-a04f-c96aef6d2351@group-36B2132502C2:LeaderElection193] INFO  impl.RoleInfo (RoleInfo.java:shutdownLeaderElection(134)) - 09112efe-1fad-4539-a04f-c96aef6d2351: shutdown LeaderElection
2019-09-26 21:19:22,908 [9ce0b59e-153f-4f41-8aed-492a76d80b48@group-710F4F4B8A6C:LeaderElection213] INFO  impl.RoleInfo (RoleInfo.java:shutdownLeaderElection(134)) - 9ce0b59e-153f-4f41-8aed-492a76d80b48: shutdown LeaderElection
2019-09-26 21:19:23,223 [9ce0b59e-153f-4f41-8aed-492a76d80b48@group-710F4F4B8A6C:LeaderElection213] INFO  impl.RaftServerImpl (RaftServerImpl.java:setRole(174)) - 9ce0b59e-153f-4f41-8aed-492a76d80b48@group-710F4F4B8A6C: changes role from CANDIDATE to LEADER at term 1 for changeToLeader
2019-09-26 21:19:23,223 [9ce0b59e-153f-4f41-8aed-492a76d80b48@group-710F4F4B8A6C:LeaderElection213] INFO  impl.RaftServerImpl (ServerState.java:setLeader(253)) - 9ce0b59e-153f-4f41-8aed-492a76d80b48@group-710F4F4B8A6C: change Leader from null to 9ce0b59e-153f-4f41-8aed-492a76d80b48 at term 1 for becomeLeader, leader elected after 8248ms
2019-09-26 21:19:22,908 [9ce0b59e-153f-4f41-8aed-492a76d80b48@group-2F3A14F08318:LeaderElection197] INFO  impl.RoleInfo (RoleInfo.java:shutdownLeaderElection(134)) - 9ce0b59e-153f-4f41-8aed-492a76d80b48: shutdown LeaderElection
2019-09-26 21:19:22,908 [da833d8d-e72a-4068-9560-4daa2d83adc2@group-BB2190CB963E:LeaderElection194] INFO  impl.RoleInfo (RoleInfo.java:shutdownLeaderElection(134)) - da833d8d-e72a-4068-9560-4daa2d83adc2: shutdown LeaderElection
2019-09-26 21:19:22,908 [9ce0b59e-153f-4f41-8aed-492a76d80b48@group-33318FFD8D83:LeaderElection177] INFO  impl.RoleInfo (RoleInfo.java:updateAndGet(143)) - 9ce0b59e-153f-4f41-8aed-492a76d80b48: start LeaderState
2019-09-26 21:19:22,908 [9ce0b59e-153f-4f41-8aed-492a76d80b48@group-00776E898AAB:LeaderElection204] INFO  impl.RaftServerImpl (RaftServerImpl.java:setRole(174)) - 9ce0b59e-153f-4f41-8aed-492a76d80b48@group-00776E898AAB: changes role from CANDIDATE to LEADER at term 1 for changeToLeader
2019-09-26 21:19:22,908 [9ce0b59e-153f-4f41-8aed-492a76d80b48@group-F571F2D46B43:LeaderElection173] INFO  impl.RoleInfo (RoleInfo.java:updateAndGet(143)) - 9ce0b59e-153f-4f41-8aed-492a76d80b48: start LeaderState
2019-09-26 21:19:22,908 [1178c3ae-d0b4-4d44-b144-fe8504cc41ac@group-E8E6DAF52BD9:LeaderElection211] INFO  impl.RoleInfo (RoleInfo.java:shutdownLeaderElection(134)) - 1178c3ae-d0b4-4d44-b144-fe8504cc41ac: shutdown LeaderElection
2019-09-26 21:19:22,908 [9ce0b59e-153f-4f41-8aed-492a76d80b48@group-4BB057ED2D22:LeaderElection170] INFO  segmented.SegmentedRaftLogWorker (SegmentedRaftLogWorker.java:startLogSegment(380)) - 9ce0b59e-153f-4f41-8aed-492a76d80b48@group-4BB057ED2D22-SegmentedRaftLogWorker: Starting segment from index:0
2019-09-26 21:19:22,907 [9ce0b59e-153f-4f41-8aed-492a76d80b48@group-556BB265CEA3:LeaderElection205] INFO  impl.RaftServerImpl (RaftServerImpl.java:setRole(174)) - 9ce0b59e-153f-4f41-8aed-492a76d80b48@group-556BB265CEA3: changes role from CANDIDATE to LEADER at term 1 for changeToLeader
2019-09-26 21:19:23,225 [9ce0b59e-153f-4f41-8aed-492a76d80b48@group-556BB265CEA3:LeaderElection205] INFO  impl.RaftServerImpl (ServerState.java:setLeader(253)) - 9ce0b59e-153f-4f41-8aed-492a76d80b48@group-556BB265CEA3: change Leader from null to 9ce0b59e-153f-4f41-8aed-492a76d80b48 at term 1 for becomeLeader, leader elected after 8465ms
2019-09-26 21:19:22,907 [da833d8d-e72a-4068-9560-4daa2d83adc2@group-009B25A2B20A:LeaderElection201] INFO  impl.RoleInfo (RoleInfo.java:shutdownLeaderElection(134)) - da833d8d-e72a-4068-9560-4daa2d83adc2: shutdown LeaderElection
2019-09-26 21:19:23,225 [da833d8d-e72a-4068-9560-4daa2d83adc2@group-009B25A2B20A:LeaderElection201] INFO  impl.RaftServerImpl (RaftServerImpl.java:setRole(174)) - da833d8d-e72a-4068-9560-4daa2d83adc2@group-009B25A2B20A: changes role from CANDIDATE to LEADER at term 1 for changeToLeader
2019-09-26 21:19:23,527 [da833d8d-e72a-4068-9560-4daa2d83adc2@group-009B25A2B20A:LeaderElection201] INFO  impl.RaftServerImpl (ServerState.java:setLeader(253)) - da833d8d-e72a-4068-9560-4daa2d83adc2@group-009B25A2B20A: change Leader from null to da833d8d-e72a-4068-9560-4daa2d83adc2 at term 1 for becomeLeader, leader elected after 9433ms
2019-09-26 21:19:22,907 [da833d8d-e72a-4068-9560-4daa2d83adc2@group-80D4D31A8B20:LeaderElection207] INFO  impl.RoleInfo (RoleInfo.java:shutdownLeaderElection(134)) - da833d8d-e72a-4068-9560-4daa2d83adc2: shutdown LeaderElection
2019-09-26 21:19:23,527 [da833d8d-e72a-4068-9560-4daa2d83adc2@group-80D4D31A8B20:LeaderElection207] INFO  impl.RaftServerImpl (RaftServerImpl.java:setRole(174)) - da833d8d-e72a-4068-9560-4daa2d83adc2@group-80D4D31A8B20: changes role from CANDIDATE to LEADER at term 1 for changeToLeader
2019-09-26 21:19:22,907 [0c640f50-2bc9-49b6-b785-a27e3116e6ba@group-F6A96175DD6B-SegmentedRaftLogWorker] INFO  util.JmxRegister (JmxRegister.java:unregister(73)) - Successfully un-registered JMX Bean with object name Ratis:service=RaftServer,group=group-F6A96175DD6B,id=0c640f50-2bc9-49b6-b785-a27e3116e6ba
2019-09-26 21:19:22,907 [Thread-1202] INFO  impl.RaftServerImpl (RaftServerImpl.java:setRole(174)) - 1178c3ae-d0b4-4d44-b144-fe8504cc41ac@group-CF9C7CE836F7: changes role from  FOLLOWER to CANDIDATE at term 0 for changeToCandidate
2019-09-26 21:19:22,907 [da833d8d-e72a-4068-9560-4daa2d83adc2@group-4E8FB90A84B2:LeaderElection171] INFO  impl.RoleInfo (RoleInfo.java:updateAndGet(143)) - da833d8d-e72a-4068-9560-4daa2d83adc2: start LeaderState
2019-09-26 21:19:22,906 [da833d8d-e72a-4068-9560-4daa2d83adc2@group-0604B4D664E6:LeaderElection180] INFO  segmented.SegmentedRaftLogWorker (SegmentedRaftLogWorker.java:startLogSegment(380)) - da833d8d-e72a-4068-9560-4daa2d83adc2@group-0604B4D664E6-SegmentedRaftLogWorker: Starting segment from index:0
2019-09-26 21:19:22,898 [Thread-1269] INFO  impl.FollowerState (FollowerState.java:run(106)) - 9ce0b59e-153f-4f41-8aed-492a76d80b48:group-255437930481 changes to CANDIDATE, lastRpcTime:5122, electionTimeout:5011ms
2019-09-26 21:19:22,898 [Thread-1272] INFO  impl.FollowerState (FollowerState.java:run(106)) - 0c640f50-2bc9-49b6-b785-a27e3116e6ba:group-255437930481 changes to CANDIDATE, lastRpcTime:5120, electionTimeout:5009ms
2019-09-26 21:19:22,898 [Thread-1288] INFO  impl.FollowerState (FollowerState.java:run(106)) - da833d8d-e72a-4068-9560-4daa2d83adc2:group-255437930481 changes to CANDIDATE, lastRpcTime:5091, electionTimeout:5002ms
2019-09-26 21:19:22,897 [9ce0b59e-153f-4f41-8aed-492a76d80b48@group-BAEC348CDEE8-SegmentedRaftLogWorker] ERROR segmented.SegmentedRaftLogWorker (SegmentedRaftLogWorker.java:run(323)) - 9ce0b59e-153f-4f41-8aed-492a76d80b48@group-BAEC348CDEE8-SegmentedRaftLogWorker hit exception
java.lang.OutOfMemoryError: Direct buffer memory
	at java.nio.Bits.reserveMemory(Bits.java:666)
	at java.nio.DirectByteBuffer.<init>(DirectByteBuffer.java:123)
	at java.nio.ByteBuffer.allocateDirect(ByteBuffer.java:311)
	at org.apache.ratis.server.raftlog.segmented.BufferedWriteChannel.<init>(BufferedWriteChannel.java:41)
	at org.apache.ratis.server.raftlog.segmented.SegmentedRaftLogOutputStream.<init>(SegmentedRaftLogOutputStream.java:72)
	at org.apache.ratis.server.raftlog.segmented.SegmentedRaftLogWorker$StartLogSegment.execute(SegmentedRaftLogWorker.java:566)
	at org.apache.ratis.server.raftlog.segmented.SegmentedRaftLogWorker.run(SegmentedRaftLogWorker.java:289)
	at java.lang.Thread.run(Thread.java:748)
2019-09-26 21:19:22,591 [9ce0b59e-153f-4f41-8aed-492a76d80b48@group-9B72ABBB0540:LeaderElection172] INFO  impl.RaftServerImpl (ServerState.java:setRaftConf(354)) - 9ce0b59e-153f-4f41-8aed-492a76d80b48@group-9B72ABBB0540: set configuration 0: [9ce0b59e-153f-4f41-8aed-492a76d80b48:192.168.151.99:34156], old=null at 0
2019-09-26 21:19:22,591 [0c640f50-2bc9-49b6-b785-a27e3116e6ba@group-ED8FB1794F16-SegmentedRaftLogWorker] INFO  impl.PendingRequests (PendingRequests.java:sendNotLeaderResponses(202)) - 0c640f50-2bc9-49b6-b785-a27e3116e6ba-PendingRequests: sendNotLeaderResponses
2019-09-26 21:19:22,591 [09112efe-1fad-4539-a04f-c96aef6d2351@group-7CB09764F714:LeaderElection174] INFO  segmented.SegmentedRaftLogWorker (SegmentedRaftLogWorker.java:startLogSegment(380)) - 09112efe-1fad-4539-a04f-c96aef6d2351@group-7CB09764F714-SegmentedRaftLogWorker: Starting segment from index:0
2019-09-26 21:19:22,591 [9ce0b59e-153f-4f41-8aed-492a76d80b48@group-53B6FB8525AE:LeaderElection209] INFO  impl.RaftServerImpl (RaftServerImpl.java:setRole(174)) - 9ce0b59e-153f-4f41-8aed-492a76d80b48@group-53B6FB8525AE: changes role from CANDIDATE to LEADER at term 1 for changeToLeader
2019-09-26 21:19:22,590 [1178c3ae-d0b4-4d44-b144-fe8504cc41ac@group-51A2D4D8C13B:LeaderElection203] INFO  server.RaftServerConfigKeys (ConfUtils.java:logGet(43)) - raft.server.staging.catchup.gap = 1000 (default)
2019-09-26 21:19:22,590 [1178c3ae-d0b4-4d44-b144-fe8504cc41ac@group-AA27AC3B9E14:LeaderElection179] INFO  segmented.SegmentedRaftLogWorker (SegmentedRaftLogWorker.java:startLogSegment(380)) - 1178c3ae-d0b4-4d44-b144-fe8504cc41ac@group-AA27AC3B9E14-SegmentedRaftLogWorker: Starting segment from index:0
2019-09-26 21:19:22,590 [1178c3ae-d0b4-4d44-b144-fe8504cc41ac@group-52417DAB7C97-SegmentedRaftLogWorker] INFO  util.JmxRegister (JmxRegister.java:unregister(73)) - Successfully un-registered JMX Bean with object name Ratis:service=RaftServer,group=group-52417DAB7C97,id=1178c3ae-d0b4-4d44-b144-fe8504cc41ac
2019-09-26 21:19:23,998 [1178c3ae-d0b4-4d44-b144-fe8504cc41ac@group-52417DAB7C97-SegmentedRaftLogWorker] INFO  impl.RoleInfo (RoleInfo.java:shutdownLeaderState(104)) - 1178c3ae-d0b4-4d44-b144-fe8504cc41ac: shutdown LeaderState
2019-09-26 21:19:22,590 [da833d8d-e72a-4068-9560-4daa2d83adc2@group-6AC811BBC42F-SegmentedRaftLogWorker] INFO  util.JmxRegister (JmxRegister.java:unregister(73)) - Successfully un-registered JMX Bean with object name Ratis:service=RaftServer,group=group-6AC811BBC42F,id=da833d8d-e72a-4068-9560-4daa2d83adc2
2019-09-26 21:19:23,999 [da833d8d-e72a-4068-9560-4daa2d83adc2@group-6AC811BBC42F-SegmentedRaftLogWorker] INFO  impl.RoleInfo (RoleInfo.java:shutdownLeaderState(104)) - da833d8d-e72a-4068-9560-4daa2d83adc2: shutdown LeaderState
2019-09-26 21:19:22,590 [9ce0b59e-153f-4f41-8aed-492a76d80b48@group-584C4E42F0CA-SegmentedRaftLogWorker] INFO  impl.RoleInfo (RoleInfo.java:shutdownLeaderState(104)) - 9ce0b59e-153f-4f41-8aed-492a76d80b48: shutdown LeaderState
2019-09-26 21:19:22,589 [Thread-1241] INFO  impl.RoleInfo (RoleInfo.java:updateAndGet(143)) - da833d8d-e72a-4068-9560-4daa2d83adc2: start LeaderElection
2019-09-26 21:19:22,589 [Thread-1234] INFO  impl.RoleInfo (RoleInfo.java:updateAndGet(143)) - 09112efe-1fad-4539-a04f-c96aef6d2351: start LeaderElection
2019-09-26 21:19:22,589 [9ce0b59e-153f-4f41-8aed-492a76d80b48@group-1B503A35F909:LeaderElection212] INFO  impl.RaftServerImpl (RaftServerImpl.java:setRole(174)) - 9ce0b59e-153f-4f41-8aed-492a76d80b48@group-1B503A35F909: changes role from CANDIDATE to LEADER at term 1 for changeToLeader
2019-09-26 21:19:22,589 [9ce0b59e-153f-4f41-8aed-492a76d80b48@group-4AD36DEDF59B:LeaderElection202] INFO  impl.RaftServerImpl (ServerState.java:setLeader(253)) - 9ce0b59e-153f-4f41-8aed-492a76d80b48@group-4AD36DEDF59B: change Leader from null to 9ce0b59e-153f-4f41-8aed-492a76d80b48 at term 1 for becomeLeader, leader elected after 8811ms
2019-09-26 21:19:22,588 [9ce0b59e-153f-4f41-8aed-492a76d80b48@group-F676E590A49D:LeaderElection186] INFO  impl.RaftServerImpl (RaftServerImpl.java:setRole(174)) - 9ce0b59e-153f-4f41-8aed-492a76d80b48@group-F676E590A49D: changes role from CANDIDATE to LEADER at term 1 for changeToLeader
2019-09-26 21:19:22,588 [Thread-1172] INFO  impl.RaftServerImpl (RaftServerImpl.java:setRole(174)) - 9ce0b59e-153f-4f41-8aed-492a76d80b48@group-A9F28D9A165E: changes role from  FOLLOWER to CANDIDATE at term 0 for changeToCandidate
2019-09-26 21:19:22,588 [Thread-1166] INFO  impl.RaftServerImpl (RaftServerImpl.java:setRole(174)) - 09112efe-1fad-4539-a04f-c96aef6d2351@group-19C9B7CB6A04: changes role from  FOLLOWER to CANDIDATE at term 0 for changeToCandidate
2019-09-26 21:19:22,588 [Thread-1169] INFO  impl.RoleInfo (RoleInfo.java:updateAndGet(143)) - da833d8d-e72a-4068-9560-4daa2d83adc2: start LeaderElection
2019-09-26 21:19:22,588 [Thread-1181] INFO  impl.RoleInfo (RoleInfo.java:updateAndGet(143)) - 0c640f50-2bc9-49b6-b785-a27e3116e6ba: start LeaderElection
2019-09-26 21:19:22,587 [Thread-1178] INFO  impl.RaftServerImpl (RaftServerImpl.java:setRole(174)) - 1178c3ae-d0b4-4d44-b144-fe8504cc41ac@group-5D863DA9B74C: changes role from  FOLLOWER to CANDIDATE at term 0 for changeToCandidate
2019-09-26 21:19:22,587 [Thread-1175] INFO  impl.RaftServerImpl (RaftServerImpl.java:setRole(174)) - 1178c3ae-d0b4-4d44-b144-fe8504cc41ac@group-500F90204D11: changes role from  FOLLOWER to CANDIDATE at term 0 for changeToCandidate
2019-09-26 21:19:24,229 [Thread-1178] INFO  impl.RoleInfo (RoleInfo.java:updateAndGet(143)) - 1178c3ae-d0b4-4d44-b144-fe8504cc41ac: start LeaderElection
2019-09-26 21:19:22,587 [Thread-1187] INFO  impl.RaftServerImpl (RaftServerImpl.java:setRole(174)) - 1178c3ae-d0b4-4d44-b144-fe8504cc41ac@group-4A70B7218118: changes role from  FOLLOWER to CANDIDATE at term 0 for changeToCandidate
2019-09-26 21:19:22,587 [1178c3ae-d0b4-4d44-b144-fe8504cc41ac@group-4036A4827E18-SegmentedRaftLogWorker] INFO  segmented.SegmentedRaftLogWorker (SegmentedRaftLogWorker.java:close(228)) - 1178c3ae-d0b4-4d44-b144-fe8504cc41ac@group-4036A4827E18-SegmentedRaftLogWorker close()
2019-09-26 21:19:24,229 [Thread-1187] INFO  impl.RoleInfo (RoleInfo.java:updateAndGet(143)) - 1178c3ae-d0b4-4d44-b144-fe8504cc41ac: start LeaderElection
2019-09-26 21:19:24,229 [Thread-1175] INFO  impl.RoleInfo (RoleInfo.java:updateAndGet(143)) - 1178c3ae-d0b4-4d44-b144-fe8504cc41ac: start LeaderElection
2019-09-26 21:19:24,228 [Thread-1166] INFO  impl.RoleInfo (RoleInfo.java:updateAndGet(143)) - 09112efe-1fad-4539-a04f-c96aef6d2351: start LeaderElection
2019-09-26 21:19:24,228 [Thread-1172] INFO  impl.RoleInfo (RoleInfo.java:updateAndGet(143)) - 9ce0b59e-153f-4f41-8aed-492a76d80b48: start LeaderElection
2019-09-26 21:19:24,228 [9ce0b59e-153f-4f41-8aed-492a76d80b48@group-F676E590A49D:LeaderElection186] INFO  impl.RaftServerImpl (ServerState.java:setLeader(253)) - 9ce0b59e-153f-4f41-8aed-492a76d80b48@group-F676E590A49D: change Leader from null to 9ce0b59e-153f-4f41-8aed-492a76d80b48 at term 1 for becomeLeader, leader elected after 10712ms
2019-09-26 21:19:24,228 [9ce0b59e-153f-4f41-8aed-492a76d80b48@group-4AD36DEDF59B:LeaderElection202] INFO  server.RaftServerConfigKeys (ConfUtils.java:logGet(43)) - raft.server.staging.catchup.gap = 1000 (default)
2019-09-26 21:19:24,227 [9ce0b59e-153f-4f41-8aed-492a76d80b48@group-1B503A35F909:LeaderElection212] INFO  impl.RaftServerImpl (ServerState.java:setLeader(253)) - 9ce0b59e-153f-4f41-8aed-492a76d80b48@group-1B503A35F909: change Leader from null to 9ce0b59e-153f-4f41-8aed-492a76d80b48 at term 1 for becomeLeader, leader elected after 9633ms
2019-09-26 21:19:24,227 [9ce0b59e-153f-4f41-8aed-492a76d80b48@group-584C4E42F0CA-SegmentedRaftLogWorker] INFO  impl.PendingRequests (PendingRequests.java:sendNotLeaderResponses(202)) - 9ce0b59e-153f-4f41-8aed-492a76d80b48-PendingRequests: sendNotLeaderResponses
2019-09-26 21:19:24,226 [9ce0b59e-153f-4f41-8aed-492a76d80b48@group-3144698B2ED7-SegmentedRaftLogWorker] ERROR segmented.SegmentedRaftLogWorker (SegmentedRaftLogWorker.java:run(323)) - 9ce0b59e-153f-4f41-8aed-492a76d80b48@group-3144698B2ED7-SegmentedRaftLogWorker hit exception
java.lang.OutOfMemoryError: Direct buffer memory
	at java.nio.Bits.reserveMemory(Bits.java:666)
	at java.nio.DirectByteBuffer.<init>(DirectByteBuffer.java:123)
	at java.nio.ByteBuffer.allocateDirect(ByteBuffer.java:311)
	at org.apache.ratis.server.raftlog.segmented.BufferedWriteChannel.<init>(BufferedWriteChannel.java:41)
	at org.apache.ratis.server.raftlog.segmented.SegmentedRaftLogOutputStream.<init>(SegmentedRaftLogOutputStream.java:72)
	at org.apache.ratis.server.raftlog.segmented.SegmentedRaftLogWorker$StartLogSegment.execute(SegmentedRaftLogWorker.java:566)
	at org.apache.ratis.server.raftlog.segmented.SegmentedRaftLogWorker.run(SegmentedRaftLogWorker.java:289)
	at java.lang.Thread.run(Thread.java:748)
2019-09-26 21:19:24,231 [9ce0b59e-153f-4f41-8aed-492a76d80b48@group-3144698B2ED7-SegmentedRaftLogWorker] INFO  impl.RaftServerImpl (RaftServerImpl.java:lambda$shutdown$3(251)) - 9ce0b59e-153f-4f41-8aed-492a76d80b48@group-3144698B2ED7: shutdown
2019-09-26 21:19:24,226 [09112efe-1fad-4539-a04f-c96aef6d2351@group-11443841DB3B-SegmentedRaftLogWorker] ERROR segmented.SegmentedRaftLogWorker (SegmentedRaftLogWorker.java:run(323)) - 09112efe-1fad-4539-a04f-c96aef6d2351@group-11443841DB3B-SegmentedRaftLogWorker hit exception
java.lang.OutOfMemoryError: Direct buffer memory
	at java.nio.Bits.reserveMemory(Bits.java:666)
	at java.nio.DirectByteBuffer.<init>(DirectByteBuffer.java:123)
	at java.nio.ByteBuffer.allocateDirect(ByteBuffer.java:311)
	at org.apache.ratis.server.raftlog.segmented.BufferedWriteChannel.<init>(BufferedWriteChannel.java:41)
	at org.apache.ratis.server.raftlog.segmented.SegmentedRaftLogOutputStream.<init>(SegmentedRaftLogOutputStream.java:72)
	at org.apache.ratis.server.raftlog.segmented.SegmentedRaftLogWorker$StartLogSegment.execute(SegmentedRaftLogWorker.java:566)
	at org.apache.ratis.server.raftlog.segmented.SegmentedRaftLogWorker.run(SegmentedRaftLogWorker.java:289)
	at java.lang.Thread.run(Thread.java:748)
2019-09-26 21:19:24,231 [09112efe-1fad-4539-a04f-c96aef6d2351@group-11443841DB3B-SegmentedRaftLogWorker] INFO  impl.RaftServerImpl (RaftServerImpl.java:lambda$shutdown$3(251)) - 09112efe-1fad-4539-a04f-c96aef6d2351@group-11443841DB3B: shutdown
2019-09-26 21:19:23,999 [da833d8d-e72a-4068-9560-4daa2d83adc2@group-6AC811BBC42F-SegmentedRaftLogWorker] INFO  impl.PendingRequests (PendingRequests.java:sendNotLeaderResponses(202)) - da833d8d-e72a-4068-9560-4daa2d83adc2-PendingRequests: sendNotLeaderResponses
2019-09-26 21:19:23,998 [1178c3ae-d0b4-4d44-b144-fe8504cc41ac@group-52417DAB7C97-SegmentedRaftLogWorker] INFO  impl.PendingRequests (PendingRequests.java:sendNotLeaderResponses(202)) - 1178c3ae-d0b4-4d44-b144-fe8504cc41ac-PendingRequests: sendNotLeaderResponses
2019-09-26 21:19:23,998 [1178c3ae-d0b4-4d44-b144-fe8504cc41ac@group-AA27AC3B9E14:LeaderElection179] INFO  impl.RaftServerImpl (ServerState.java:setRaftConf(354)) - 1178c3ae-d0b4-4d44-b144-fe8504cc41ac@group-AA27AC3B9E14: set configuration 0: [1178c3ae-d0b4-4d44-b144-fe8504cc41ac:192.168.151.99:33787], old=null at 0
2019-09-26 21:19:23,763 [1178c3ae-d0b4-4d44-b144-fe8504cc41ac@group-51A2D4D8C13B:LeaderElection203] INFO  server.RaftServerConfigKeys (ConfUtils.java:logGet(43)) - raft.server.rpc.sleep.time = 25ms (default)
2019-09-26 21:19:23,997 [9ce0b59e-153f-4f41-8aed-492a76d80b48@group-B087709E6FAB-SegmentedRaftLogWorker] ERROR segmented.SegmentedRaftLogWorker (SegmentedRaftLogWorker.java:run(323)) - 9ce0b59e-153f-4f41-8aed-492a76d80b48@group-B087709E6FAB-SegmentedRaftLogWorker hit exception
java.lang.OutOfMemoryError: Direct buffer memory
	at java.nio.Bits.reserveMemory(Bits.java:666)
	at java.nio.DirectByteBuffer.<init>(DirectByteBuffer.java:123)
	at java.nio.ByteBuffer.allocateDirect(ByteBuffer.java:311)
	at org.apache.ratis.server.raftlog.segmented.BufferedWriteChannel.<init>(BufferedWriteChannel.java:41)
	at org.apache.ratis.server.raftlog.segmented.SegmentedRaftLogOutputStream.<init>(SegmentedRaftLogOutputStream.java:72)
	at org.apache.ratis.server.raftlog.segmented.SegmentedRaftLogWorker$StartLogSegment.execute(SegmentedRaftLogWorker.java:566)
	at org.apache.ratis.server.raftlog.segmented.SegmentedRaftLogWorker.run(SegmentedRaftLogWorker.java:289)
	at java.lang.Thread.run(Thread.java:748)
2019-09-26 21:19:23,763 [09112efe-1fad-4539-a04f-c96aef6d2351@group-7CB09764F714:LeaderElection174] INFO  impl.RaftServerImpl (ServerState.java:setRaftConf(354)) - 09112efe-1fad-4539-a04f-c96aef6d2351@group-7CB09764F714: set configuration 0: [09112efe-1fad-4539-a04f-c96aef6d2351:192.168.151.99:45286], old=null at 0
2019-09-26 21:19:23,763 [9ce0b59e-153f-4f41-8aed-492a76d80b48@group-53B6FB8525AE:LeaderElection209] INFO  impl.RaftServerImpl (ServerState.java:setLeader(253)) - 9ce0b59e-153f-4f41-8aed-492a76d80b48@group-53B6FB8525AE: change Leader from null to 9ce0b59e-153f-4f41-8aed-492a76d80b48 at term 1 for becomeLeader, leader elected after 8918ms
2019-09-26 21:19:23,763 [0c640f50-2bc9-49b6-b785-a27e3116e6ba@group-ED8FB1794F16-SegmentedRaftLogWorker] INFO  impl.StateMachineUpdater (StateMachineUpdater.java:stopAndJoin(125)) - 0c640f50-2bc9-49b6-b785-a27e3116e6ba@group-ED8FB1794F16-StateMachineUpdater: set stopIndex = -1
2019-09-26 21:19:24,233 [0c640f50-2bc9-49b6-b785-a27e3116e6ba@group-ED8FB1794F16-SegmentedRaftLogWorker] INFO  impl.RaftServerImpl (ServerState.java:close(385)) - 0c640f50-2bc9-49b6-b785-a27e3116e6ba@group-ED8FB1794F16: closes. applyIndex: -1
2019-09-26 21:19:23,762 [9ce0b59e-153f-4f41-8aed-492a76d80b48@group-BAEC348CDEE8-SegmentedRaftLogWorker] INFO  impl.RaftServerImpl (RaftServerImpl.java:lambda$shutdown$3(251)) - 9ce0b59e-153f-4f41-8aed-492a76d80b48@group-BAEC348CDEE8: shutdown
2019-09-26 21:19:23,762 [Thread-1272] INFO  impl.RoleInfo (RoleInfo.java:shutdownFollowerState(121)) - 0c640f50-2bc9-49b6-b785-a27e3116e6ba: shutdown FollowerState
2019-09-26 21:19:24,233 [Thread-1272] INFO  impl.RaftServerImpl (RaftServerImpl.java:setRole(174)) - 0c640f50-2bc9-49b6-b785-a27e3116e6ba@group-255437930481: changes role from  FOLLOWER to CANDIDATE at term 1 for changeToCandidate
2019-09-26 21:19:23,529 [Thread-1288] INFO  impl.RoleInfo (RoleInfo.java:shutdownFollowerState(121)) - da833d8d-e72a-4068-9560-4daa2d83adc2: shutdown FollowerState
2019-09-26 21:19:23,528 [da833d8d-e72a-4068-9560-4daa2d83adc2@group-0604B4D664E6:LeaderElection180] INFO  impl.RaftServerImpl (ServerState.java:setRaftConf(354)) - da833d8d-e72a-4068-9560-4daa2d83adc2@group-0604B4D664E6: set configuration 0: [da833d8d-e72a-4068-9560-4daa2d83adc2:192.168.151.99:38903], old=null at 0
2019-09-26 21:19:23,528 [Thread-1269] INFO  impl.RoleInfo (RoleInfo.java:shutdownFollowerState(121)) - 9ce0b59e-153f-4f41-8aed-492a76d80b48: shutdown FollowerState
2019-09-26 21:19:23,528 [da833d8d-e72a-4068-9560-4daa2d83adc2@group-4E8FB90A84B2:LeaderElection171] INFO  segmented.SegmentedRaftLogWorker (SegmentedRaftLogWorker.java:startLogSegment(380)) - da833d8d-e72a-4068-9560-4daa2d83adc2@group-4E8FB90A84B2-SegmentedRaftLogWorker: Starting segment from index:0
2019-09-26 21:19:23,528 [Thread-1202] INFO  impl.RoleInfo (RoleInfo.java:updateAndGet(143)) - 1178c3ae-d0b4-4d44-b144-fe8504cc41ac: start LeaderElection
2019-09-26 21:19:23,527 [0c640f50-2bc9-49b6-b785-a27e3116e6ba@group-F6A96175DD6B-SegmentedRaftLogWorker] INFO  impl.RoleInfo (RoleInfo.java:shutdownLeaderState(104)) - 0c640f50-2bc9-49b6-b785-a27e3116e6ba: shutdown LeaderState
2019-09-26 21:19:23,527 [da833d8d-e72a-4068-9560-4daa2d83adc2@group-80D4D31A8B20:LeaderElection207] INFO  impl.RaftServerImpl (ServerState.java:setLeader(253)) - da833d8d-e72a-4068-9560-4daa2d83adc2@group-80D4D31A8B20: change Leader from null to da833d8d-e72a-4068-9560-4daa2d83adc2 at term 1 for becomeLeader, leader elected after 8639ms
2019-09-26 21:19:23,527 [da833d8d-e72a-4068-9560-4daa2d83adc2@group-009B25A2B20A:LeaderElection201] INFO  server.RaftServerConfigKeys (ConfUtils.java:logGet(43)) - raft.server.staging.catchup.gap = 1000 (default)
2019-09-26 21:19:23,527 [1178c3ae-d0b4-4d44-b144-fe8504cc41ac@group-87E66A5F5023:LeaderElection218] INFO  impl.LeaderElection (LeaderElection.java:askForVotes(182)) - 1178c3ae-d0b4-4d44-b144-fe8504cc41ac@group-87E66A5F5023:LeaderElection218: begin an election at term 1 for -1: [1178c3ae-d0b4-4d44-b144-fe8504cc41ac:192.168.151.99:33787], old=null
2019-09-26 21:19:23,520 [9ce0b59e-153f-4f41-8aed-492a76d80b48@group-7BF1E83F2834-SegmentedRaftLogWorker] ERROR segmented.SegmentedRaftLogWorker (SegmentedRaftLogWorker.java:run(323)) - 9ce0b59e-153f-4f41-8aed-492a76d80b48@group-7BF1E83F2834-SegmentedRaftLogWorker hit exception
java.lang.OutOfMemoryError: Direct buffer memory
	at java.nio.Bits.reserveMemory(Bits.java:666)
	at java.nio.DirectByteBuffer.<init>(DirectByteBuffer.java:123)
	at java.nio.ByteBuffer.allocateDirect(ByteBuffer.java:311)
	at org.apache.ratis.server.raftlog.segmented.BufferedWriteChannel.<init>(BufferedWriteChannel.java:41)
	at org.apache.ratis.server.raftlog.segmented.SegmentedRaftLogOutputStream.<init>(SegmentedRaftLogOutputStream.java:72)
	at org.apache.ratis.server.raftlog.segmented.SegmentedRaftLogWorker$StartLogSegment.execute(SegmentedRaftLogWorker.java:566)
	at org.apache.ratis.server.raftlog.segmented.SegmentedRaftLogWorker.run(SegmentedRaftLogWorker.java:289)
	at java.lang.Thread.run(Thread.java:748)
2019-09-26 21:19:24,235 [9ce0b59e-153f-4f41-8aed-492a76d80b48@group-7BF1E83F2834-SegmentedRaftLogWorker] INFO  impl.RaftServerImpl (RaftServerImpl.java:lambda$shutdown$3(251)) - 9ce0b59e-153f-4f41-8aed-492a76d80b48@group-7BF1E83F2834: shutdown
2019-09-26 21:19:23,520 [9ce0b59e-153f-4f41-8aed-492a76d80b48@group-2D4E45E064A9-SegmentedRaftLogWorker] ERROR segmented.SegmentedRaftLogWorker (SegmentedRaftLogWorker.java:run(323)) - 9ce0b59e-153f-4f41-8aed-492a76d80b48@group-2D4E45E064A9-SegmentedRaftLogWorker hit exception
java.lang.OutOfMemoryError: Direct buffer memory
	at java.nio.Bits.reserveMemory(Bits.java:666)
	at java.nio.DirectByteBuffer.<init>(DirectByteBuffer.java:123)
	at java.nio.ByteBuffer.allocateDirect(ByteBuffer.java:311)
	at org.apache.ratis.server.raftlog.segmented.BufferedWriteChannel.<init>(BufferedWriteChannel.java:41)
	at org.apache.ratis.server.raftlog.segmented.SegmentedRaftLogOutputStream.<init>(SegmentedRaftLogOutputStream.java:72)
	at org.apache.ratis.server.raftlog.segmented.SegmentedRaftLogWorker$StartLogSegment.execute(SegmentedRaftLogWorker.java:566)
	at org.apache.ratis.server.raftlog.segmented.SegmentedRaftLogWorker.run(SegmentedRaftLogWorker.java:289)
	at java.lang.Thread.run(Thread.java:748)
2019-09-26 21:19:24,235 [9ce0b59e-153f-4f41-8aed-492a76d80b48@group-2D4E45E064A9-SegmentedRaftLogWorker] INFO  impl.RaftServerImpl (RaftServerImpl.java:lambda$shutdown$3(251)) - 9ce0b59e-153f-4f41-8aed-492a76d80b48@group-2D4E45E064A9: shutdown
2019-09-26 21:19:23,520 [9ce0b59e-153f-4f41-8aed-492a76d80b48@group-514D036A21E3-SegmentedRaftLogWorker] ERROR segmented.SegmentedRaftLogWorker (SegmentedRaftLogWorker.java:run(323)) - 9ce0b59e-153f-4f41-8aed-492a76d80b48@group-514D036A21E3-SegmentedRaftLogWorker hit exception
java.lang.OutOfMemoryError: Direct buffer memory
	at java.nio.Bits.reserveMemory(Bits.java:666)
	at java.nio.DirectByteBuffer.<init>(DirectByteBuffer.java:123)
	at java.nio.ByteBuffer.allocateDirect(ByteBuffer.java:311)
	at org.apache.ratis.server.raftlog.segmented.BufferedWriteChannel.<init>(BufferedWriteChannel.java:41)
	at org.apache.ratis.server.raftlog.segmented.SegmentedRaftLogOutputStream.<init>(SegmentedRaftLogOutputStream.java:72)
	at org.apache.ratis.server.raftlog.segmented.SegmentedRaftLogWorker$StartLogSegment.execute(SegmentedRaftLogWorker.java:566)
	at org.apache.ratis.server.raftlog.segmented.SegmentedRaftLogWorker.run(SegmentedRaftLogWorker.java:289)
	at java.lang.Thread.run(Thread.java:748)
2019-09-26 21:19:24,236 [9ce0b59e-153f-4f41-8aed-492a76d80b48@group-514D036A21E3-SegmentedRaftLogWorker] INFO  impl.RaftServerImpl (RaftServerImpl.java:lambda$shutdown$3(251)) - 9ce0b59e-153f-4f41-8aed-492a76d80b48@group-514D036A21E3: shutdown
2019-09-26 21:19:23,520 [9ce0b59e-153f-4f41-8aed-492a76d80b48@group-2D75DAEBF09F-SegmentedRaftLogWorker] ERROR segmented.SegmentedRaftLogWorker (SegmentedRaftLogWorker.java:run(323)) - 9ce0b59e-153f-4f41-8aed-492a76d80b48@group-2D75DAEBF09F-SegmentedRaftLogWorker hit exception
java.lang.OutOfMemoryError: Direct buffer memory
	at java.nio.Bits.reserveMemory(Bits.java:666)
	at java.nio.DirectByteBuffer.<init>(DirectByteBuffer.java:123)
	at java.nio.ByteBuffer.allocateDirect(ByteBuffer.java:311)
	at org.apache.ratis.server.raftlog.segmented.BufferedWriteChannel.<init>(BufferedWriteChannel.java:41)
	at org.apache.ratis.server.raftlog.segmented.SegmentedRaftLogOutputStream.<init>(SegmentedRaftLogOutputStream.java:72)
	at org.apache.ratis.server.raftlog.segmented.SegmentedRaftLogWorker$StartLogSegment.execute(SegmentedRaftLogWorker.java:566)
	at org.apache.ratis.server.raftlog.segmented.SegmentedRaftLogWorker.run(SegmentedRaftLogWorker.java:289)
	at java.lang.Thread.run(Thread.java:748)
2019-09-26 21:19:24,236 [9ce0b59e-153f-4f41-8aed-492a76d80b48@group-2D75DAEBF09F-SegmentedRaftLogWorker] INFO  impl.RaftServerImpl (RaftServerImpl.java:lambda$shutdown$3(251)) - 9ce0b59e-153f-4f41-8aed-492a76d80b48@group-2D75DAEBF09F: shutdown
2019-09-26 21:19:23,225 [9ce0b59e-153f-4f41-8aed-492a76d80b48@group-4BB057ED2D22:LeaderElection170] INFO  impl.RaftServerImpl (ServerState.java:setRaftConf(354)) - 9ce0b59e-153f-4f41-8aed-492a76d80b48@group-4BB057ED2D22: set configuration 0: [9ce0b59e-153f-4f41-8aed-492a76d80b48:192.168.151.99:34156], old=null at 0
2019-09-26 21:19:23,225 [9ce0b59e-153f-4f41-8aed-492a76d80b48@group-556BB265CEA3:LeaderElection205] INFO  server.RaftServerConfigKeys (ConfUtils.java:logGet(43)) - raft.server.staging.catchup.gap = 1000 (default)
2019-09-26 21:19:23,224 [1178c3ae-d0b4-4d44-b144-fe8504cc41ac@group-E8E6DAF52BD9:LeaderElection211] INFO  impl.RaftServerImpl (RaftServerImpl.java:setRole(174)) - 1178c3ae-d0b4-4d44-b144-fe8504cc41ac@group-E8E6DAF52BD9: changes role from CANDIDATE to LEADER at term 1 for changeToLeader
2019-09-26 21:19:23,224 [9ce0b59e-153f-4f41-8aed-492a76d80b48@group-F571F2D46B43:LeaderElection173] INFO  segmented.SegmentedRaftLogWorker (SegmentedRaftLogWorker.java:startLogSegment(380)) - 9ce0b59e-153f-4f41-8aed-492a76d80b48@group-F571F2D46B43-SegmentedRaftLogWorker: Starting segment from index:0
2019-09-26 21:19:23,224 [9ce0b59e-153f-4f41-8aed-492a76d80b48@group-00776E898AAB:LeaderElection204] INFO  impl.RaftServerImpl (ServerState.java:setLeader(253)) - 9ce0b59e-153f-4f41-8aed-492a76d80b48@group-00776E898AAB: change Leader from null to 9ce0b59e-153f-4f41-8aed-492a76d80b48 at term 1 for becomeLeader, leader elected after 8545ms
2019-09-26 21:19:24,237 [9ce0b59e-153f-4f41-8aed-492a76d80b48@group-00776E898AAB:LeaderElection204] INFO  server.RaftServerConfigKeys (ConfUtils.java:logGet(43)) - raft.server.staging.catchup.gap = 1000 (default)
2019-09-26 21:19:23,224 [9ce0b59e-153f-4f41-8aed-492a76d80b48@group-33318FFD8D83:LeaderElection177] INFO  segmented.SegmentedRaftLogWorker (SegmentedRaftLogWorker.java:startLogSegment(380)) - 9ce0b59e-153f-4f41-8aed-492a76d80b48@group-33318FFD8D83-SegmentedRaftLogWorker: Starting segment from index:0
2019-09-26 21:19:23,224 [da833d8d-e72a-4068-9560-4daa2d83adc2@group-BB2190CB963E:LeaderElection194] INFO  impl.RaftServerImpl (RaftServerImpl.java:setRole(174)) - da833d8d-e72a-4068-9560-4daa2d83adc2@group-BB2190CB963E: changes role from CANDIDATE to LEADER at term 1 for changeToLeader
2019-09-26 21:19:23,224 [9ce0b59e-153f-4f41-8aed-492a76d80b48@group-2F3A14F08318:LeaderElection197] INFO  impl.RaftServerImpl (RaftServerImpl.java:setRole(174)) - 9ce0b59e-153f-4f41-8aed-492a76d80b48@group-2F3A14F08318: changes role from CANDIDATE to LEADER at term 1 for changeToLeader
2019-09-26 21:19:24,238 [9ce0b59e-153f-4f41-8aed-492a76d80b48@group-2F3A14F08318:LeaderElection197] INFO  impl.RaftServerImpl (ServerState.java:setLeader(253)) - 9ce0b59e-153f-4f41-8aed-492a76d80b48@group-2F3A14F08318: change Leader from null to 9ce0b59e-153f-4f41-8aed-492a76d80b48 at term 1 for becomeLeader, leader elected after 9752ms
2019-09-26 21:19:23,224 [9ce0b59e-153f-4f41-8aed-492a76d80b48@group-710F4F4B8A6C:LeaderElection213] INFO  server.RaftServerConfigKeys (ConfUtils.java:logGet(43)) - raft.server.staging.catchup.gap = 1000 (default)
2019-09-26 21:19:23,223 [09112efe-1fad-4539-a04f-c96aef6d2351@group-36B2132502C2:LeaderElection193] INFO  impl.RaftServerImpl (RaftServerImpl.java:setRole(174)) - 09112efe-1fad-4539-a04f-c96aef6d2351@group-36B2132502C2: changes role from CANDIDATE to LEADER at term 1 for changeToLeader
2019-09-26 21:19:23,223 [09112efe-1fad-4539-a04f-c96aef6d2351@group-78E06D6978FF:LeaderElection200] INFO  server.RaftServerConfigKeys (ConfUtils.java:logGet(43)) - raft.server.staging.catchup.gap = 1000 (default)
2019-09-26 21:19:24,238 [09112efe-1fad-4539-a04f-c96aef6d2351@group-78E06D6978FF:LeaderElection200] INFO  server.RaftServerConfigKeys (ConfUtils.java:logGet(43)) - raft.server.rpc.sleep.time = 25ms (default)
2019-09-26 21:19:23,223 [1178c3ae-d0b4-4d44-b144-fe8504cc41ac@group-6F0B28853612:LeaderElection184] INFO  impl.RaftServerImpl (ServerState.java:setLeader(253)) - 1178c3ae-d0b4-4d44-b144-fe8504cc41ac@group-6F0B28853612: change Leader from null to 1178c3ae-d0b4-4d44-b144-fe8504cc41ac at term 1 for becomeLeader, leader elected after 9789ms
2019-09-26 21:19:23,222 [1178c3ae-d0b4-4d44-b144-fe8504cc41ac@group-775FCA086A09:LeaderElection195] INFO  impl.RaftServerImpl (ServerState.java:setLeader(253)) - 1178c3ae-d0b4-4d44-b144-fe8504cc41ac@group-775FCA086A09: change Leader from null to 1178c3ae-d0b4-4d44-b144-fe8504cc41ac at term 1 for becomeLeader, leader elected after 9214ms
2019-09-26 21:19:23,222 [1178c3ae-d0b4-4d44-b144-fe8504cc41ac@group-9BABA4CE95C3:LeaderElection187] INFO  impl.RaftServerImpl (ServerState.java:setLeader(253)) - 1178c3ae-d0b4-4d44-b144-fe8504cc41ac@group-9BABA4CE95C3: change Leader from null to 1178c3ae-d0b4-4d44-b144-fe8504cc41ac at term 1 for becomeLeader, leader elected after 9829ms
2019-09-26 21:19:24,239 [1178c3ae-d0b4-4d44-b144-fe8504cc41ac@group-9BABA4CE95C3:LeaderElection187] INFO  server.RaftServerConfigKeys (ConfUtils.java:logGet(43)) - raft.server.staging.catchup.gap = 1000 (default)
2019-09-26 21:19:23,222 [9ce0b59e-153f-4f41-8aed-492a76d80b48@group-BBE9186E4BB1:LeaderElection189] INFO  server.RaftServerConfigKeys (ConfUtils.java:logGet(43)) - raft.server.staging.catchup.gap = 1000 (default)
2019-09-26 21:19:24,239 [9ce0b59e-153f-4f41-8aed-492a76d80b48@group-BBE9186E4BB1:LeaderElection189] INFO  server.RaftServerConfigKeys (ConfUtils.java:logGet(43)) - raft.server.rpc.sleep.time = 25ms (default)
2019-09-26 21:19:23,222 [09112efe-1fad-4539-a04f-c96aef6d2351@group-A77325013DF5:LeaderElection183] INFO  impl.RaftServerImpl (ServerState.java:setLeader(253)) - 09112efe-1fad-4539-a04f-c96aef6d2351@group-A77325013DF5: change Leader from null to 09112efe-1fad-4539-a04f-c96aef6d2351 at term 1 for becomeLeader, leader elected after 9539ms
2019-09-26 21:19:23,221 [9ce0b59e-153f-4f41-8aed-492a76d80b48@group-6E6C68F22454:LeaderElection210] INFO  impl.RaftServerImpl (ServerState.java:setLeader(253)) - 9ce0b59e-153f-4f41-8aed-492a76d80b48@group-6E6C68F22454: change Leader from null to 9ce0b59e-153f-4f41-8aed-492a76d80b48 at term 1 for becomeLeader, leader elected after 8696ms
2019-09-26 21:19:23,221 [09112efe-1fad-4539-a04f-c96aef6d2351@group-786B1197DED0:LeaderElection185] INFO  impl.RaftServerImpl (RaftServerImpl.java:setRole(174)) - 09112efe-1fad-4539-a04f-c96aef6d2351@group-786B1197DED0: changes role from CANDIDATE to LEADER at term 1 for changeToLeader
2019-09-26 21:19:24,240 [09112efe-1fad-4539-a04f-c96aef6d2351@group-786B1197DED0:LeaderElection185] INFO  impl.RaftServerImpl (ServerState.java:setLeader(253)) - 09112efe-1fad-4539-a04f-c96aef6d2351@group-786B1197DED0: change Leader from null to 09112efe-1fad-4539-a04f-c96aef6d2351 at term 1 for becomeLeader, leader elected after 10762ms
2019-09-26 21:19:23,221 [09112efe-1fad-4539-a04f-c96aef6d2351@group-11EBA2FC1B7A:LeaderElection206] INFO  impl.RaftServerImpl (ServerState.java:setLeader(253)) - 09112efe-1fad-4539-a04f-c96aef6d2351@group-11EBA2FC1B7A: change Leader from null to 09112efe-1fad-4539-a04f-c96aef6d2351 at term 1 for becomeLeader, leader elected after 8502ms
2019-09-26 21:19:23,220 [1178c3ae-d0b4-4d44-b144-fe8504cc41ac@group-449BE572DC99:LeaderElection190] INFO  impl.RaftServerImpl (RaftServerImpl.java:setRole(174)) - 1178c3ae-d0b4-4d44-b144-fe8504cc41ac@group-449BE572DC99: changes role from CANDIDATE to LEADER at term 1 for changeToLeader
2019-09-26 21:19:23,220 [9ce0b59e-153f-4f41-8aed-492a76d80b48@group-C9D9502D9D87:LeaderElection208] INFO  impl.RaftServerImpl (ServerState.java:setLeader(253)) - 9ce0b59e-153f-4f41-8aed-492a76d80b48@group-C9D9502D9D87: change Leader from null to 9ce0b59e-153f-4f41-8aed-492a76d80b48 at term 1 for becomeLeader, leader elected after 8420ms
2019-09-26 21:19:23,220 [09112efe-1fad-4539-a04f-c96aef6d2351@group-3345E11CC80E:LeaderElection192] INFO  server.RaftServerConfigKeys (ConfUtils.java:logGet(43)) - raft.server.staging.catchup.gap = 1000 (default)
2019-09-26 21:19:23,220 [1178c3ae-d0b4-4d44-b144-fe8504cc41ac@group-9541723CC6E1:LeaderElection178] INFO  impl.RoleInfo (RoleInfo.java:updateAndGet(143)) - 1178c3ae-d0b4-4d44-b144-fe8504cc41ac: start LeaderState
2019-09-26 21:19:23,220 [9ce0b59e-153f-4f41-8aed-492a76d80b48@group-2336121AAD70:LeaderElection188] INFO  server.RaftServerConfigKeys (ConfUtils.java:logGet(43)) - raft.server.staging.catchup.gap = 1000 (default)
2019-09-26 21:19:24,241 [9ce0b59e-153f-4f41-8aed-492a76d80b48@group-2336121AAD70:LeaderElection188] INFO  server.RaftServerConfigKeys (ConfUtils.java:logGet(43)) - raft.server.rpc.sleep.time = 25ms (default)
2019-09-26 21:19:23,220 [9ce0b59e-153f-4f41-8aed-492a76d80b48@group-0FD1EA0A8F9D:LeaderElection196] INFO  server.RaftServerConfigKeys (ConfUtils.java:logGet(43)) - raft.server.staging.catchup.gap = 1000 (default)
2019-09-26 21:19:24,241 [9ce0b59e-153f-4f41-8aed-492a76d80b48@group-0FD1EA0A8F9D:LeaderElection196] INFO  server.RaftServerConfigKeys (ConfUtils.java:logGet(43)) - raft.server.rpc.sleep.time = 25ms (default)
2019-09-26 21:19:23,219 [1178c3ae-d0b4-4d44-b144-fe8504cc41ac@group-C4ECAA6EBF50:LeaderElection198] INFO  server.RaftServerConfigKeys (ConfUtils.java:logGet(43)) - raft.server.staging.catchup.gap = 1000 (default)
2019-09-26 21:19:23,219 [pool-67-thread-1] INFO  storage.RaftStorageDirectory (RaftStorageDirectory.java:analyzeStorage(246)) - The storage directory /workdir/hadoop-ozone/ozonefs/target/test-dir/MiniOzoneClusterImpl-5b64906c-d720-4906-b30c-b6d56a2122fd/datanode-4/data/ratis/7b84129e-b32c-4668-a8d4-450f00b29bd4 does not exist. Creating ...
2019-09-26 21:19:23,219 [9ce0b59e-153f-4f41-8aed-492a76d80b48@group-89E64784085E:LeaderElection191] INFO  server.RaftServerConfigKeys (ConfUtils.java:logGet(43)) - raft.server.staging.catchup.gap = 1000 (default)
2019-09-26 21:19:24,242 [9ce0b59e-153f-4f41-8aed-492a76d80b48@group-89E64784085E:LeaderElection191] INFO  server.RaftServerConfigKeys (ConfUtils.java:logGet(43)) - raft.server.rpc.sleep.time = 25ms (default)
2019-09-26 21:19:23,219 [9ce0b59e-153f-4f41-8aed-492a76d80b48@group-7AF436DBD9FF:LeaderElection199] INFO  impl.RaftServerImpl (ServerState.java:setLeader(253)) - 9ce0b59e-153f-4f41-8aed-492a76d80b48@group-7AF436DBD9FF: change Leader from null to 9ce0b59e-153f-4f41-8aed-492a76d80b48 at term 1 for becomeLeader, leader elected after 9231ms
2019-09-26 21:19:23,218 [pool-37-thread-1] INFO  server.RaftServerConfigKeys (ConfUtils.java:logGet(43)) - raft.server.storage.dir = [/workdir/hadoop-ozone/ozonefs/target/test-dir/MiniOzoneClusterImpl-5b64906c-d720-4906-b30c-b6d56a2122fd/datanode-1/data/ratis] (custom)
2019-09-26 21:19:23,218 [1178c3ae-d0b4-4d44-b144-fe8504cc41ac@group-04CBCD99AF3A-SegmentedRaftLogWorker] INFO  impl.RaftServerImpl (RaftServerImpl.java:lambda$shutdown$3(251)) - 1178c3ae-d0b4-4d44-b144-fe8504cc41ac@group-04CBCD99AF3A: shutdown
2019-09-26 21:19:23,217 [1178c3ae-d0b4-4d44-b144-fe8504cc41ac@group-07763D2A0C0C-SegmentedRaftLogWorker] INFO  util.JmxRegister (JmxRegister.java:unregister(73)) - Successfully un-registered JMX Bean with object name Ratis:service=RaftServer,group=group-07763D2A0C0C,id=1178c3ae-d0b4-4d44-b144-fe8504cc41ac
2019-09-26 21:19:23,217 [RatisPipelineUtilsThread] ERROR pipeline.SCMPipelineManager (SCMPipelineManager.java:createPipeline(167)) - Pipeline creation failed.
org.apache.hadoop.io.MultipleIOException: 3 exceptions [java.io.IOException: Failed invoke Ratis rpc org.apache.hadoop.hdds.scm.pipeline.RatisPipelineProvider$$Lambda$179/154091354@56be8411 for 1178c3ae-d0b4-4d44-b144-fe8504cc41ac, java.io.IOException: Failed invoke Ratis rpc org.apache.hadoop.hdds.scm.pipeline.RatisPipelineProvider$$Lambda$179/154091354@56be8411 for da833d8d-e72a-4068-9560-4daa2d83adc2, java.io.IOException: Failed invoke Ratis rpc org.apache.hadoop.hdds.scm.pipeline.RatisPipelineProvider$$Lambda$179/154091354@56be8411 for 9ce0b59e-153f-4f41-8aed-492a76d80b48]
	at org.apache.hadoop.io.MultipleIOException.createIOException(MultipleIOException.java:53)
	at org.apache.hadoop.hdds.scm.pipeline.RatisPipelineProvider.callRatisRpc(RatisPipelineProvider.java:191)
	at org.apache.hadoop.hdds.scm.pipeline.RatisPipelineProvider.initializePipeline(RatisPipelineProvider.java:134)
	at org.apache.hadoop.hdds.scm.pipeline.RatisPipelineProvider.create(RatisPipelineProvider.java:103)
	at org.apache.hadoop.hdds.scm.pipeline.PipelineFactory.create(PipelineFactory.java:58)
	at org.apache.hadoop.hdds.scm.pipeline.SCMPipelineManager.createPipeline(SCMPipelineManager.java:155)
	at org.apache.hadoop.hdds.scm.pipeline.BackgroundPipelineCreator.createPipelines(BackgroundPipelineCreator.java:99)
	at org.apache.hadoop.hdds.scm.pipeline.BackgroundPipelineCreator.lambda$startFixedIntervalPipelineCreator$0(BackgroundPipelineCreator.java:70)
	at java.util.concurrent.Executors$RunnableAdapter.call(Executors.java:511)
	at java.util.concurrent.FutureTask.runAndReset(FutureTask.java:308)
	at java.util.concurrent.ScheduledThreadPoolExecutor$ScheduledFutureTask.access$301(ScheduledThreadPoolExecutor.java:180)
	at java.util.concurrent.ScheduledThreadPoolExecutor$ScheduledFutureTask.run(ScheduledThreadPoolExecutor.java:294)
	at java.util.concurrent.ThreadPoolExecutor.runWorker(ThreadPoolExecutor.java:1149)
	at java.util.concurrent.ThreadPoolExecutor$Worker.run(ThreadPoolExecutor.java:624)
	at java.lang.Thread.run(Thread.java:748)
2019-09-26 21:19:23,211 [grpc-default-worker-ELG-3-3] INFO  nio.NioEventLoop (NioEventLoop.java:rebuildSelector0(396)) - Migrated 4 channel(s) to the new Selector.
2019-09-26 21:19:23,211 [grpc-default-worker-ELG-3-4] INFO  nio.NioEventLoop (NioEventLoop.java:rebuildSelector0(396)) - Migrated 5 channel(s) to the new Selector.
2019-09-26 21:19:23,211 [da833d8d-e72a-4068-9560-4daa2d83adc2@group-85E87D856CDF:LeaderElection176] INFO  impl.RoleInfo (RoleInfo.java:updateAndGet(143)) - da833d8d-e72a-4068-9560-4daa2d83adc2: start LeaderState
2019-09-26 21:19:23,211 [pool-27-thread-1] INFO  server.RaftServerConfigKeys (ConfUtils.java:logGet(43)) - raft.server.log.statemachine.data.sync = true (default)
2019-09-26 21:19:24,243 [da833d8d-e72a-4068-9560-4daa2d83adc2@group-85E87D856CDF:LeaderElection176] INFO  segmented.SegmentedRaftLogWorker (SegmentedRaftLogWorker.java:startLogSegment(380)) - da833d8d-e72a-4068-9560-4daa2d83adc2@group-85E87D856CDF-SegmentedRaftLogWorker: Starting segment from index:0
2019-09-26 21:19:24,242 [pool-37-thread-1] INFO  storage.RaftStorageDirectory (RaftStorageDirectory.java:analyzeStorage(246)) - The storage directory /workdir/hadoop-ozone/ozonefs/target/test-dir/MiniOzoneClusterImpl-5b64906c-d720-4906-b30c-b6d56a2122fd/datanode-1/data/ratis/7b84129e-b32c-4668-a8d4-450f00b29bd4 does not exist. Creating ...
2019-09-26 21:19:24,242 [1178c3ae-d0b4-4d44-b144-fe8504cc41ac@group-07763D2A0C0C-SegmentedRaftLogWorker] INFO  impl.RoleInfo (RoleInfo.java:shutdownLeaderState(104)) - 1178c3ae-d0b4-4d44-b144-fe8504cc41ac: shutdown LeaderState
2019-09-26 21:19:24,242 [1178c3ae-d0b4-4d44-b144-fe8504cc41ac@group-04CBCD99AF3A-SegmentedRaftLogWorker] INFO  util.JmxRegister (JmxRegister.java:unregister(73)) - Successfully un-registered JMX Bean with object name Ratis:service=RaftServer,group=group-04CBCD99AF3A,id=1178c3ae-d0b4-4d44-b144-fe8504cc41ac
2019-09-26 21:19:24,242 [9ce0b59e-153f-4f41-8aed-492a76d80b48@group-7AF436DBD9FF:LeaderElection199] INFO  server.RaftServerConfigKeys (ConfUtils.java:logGet(43)) - raft.server.staging.catchup.gap = 1000 (default)
2019-09-26 21:19:24,244 [9ce0b59e-153f-4f41-8aed-492a76d80b48@group-7AF436DBD9FF:LeaderElection199] INFO  server.RaftServerConfigKeys (ConfUtils.java:logGet(43)) - raft.server.rpc.sleep.time = 25ms (default)
2019-09-26 21:19:24,241 [1178c3ae-d0b4-4d44-b144-fe8504cc41ac@group-C4ECAA6EBF50:LeaderElection198] INFO  server.RaftServerConfigKeys (ConfUtils.java:logGet(43)) - raft.server.rpc.sleep.time = 25ms (default)
2019-09-26 21:19:24,241 [1178c3ae-d0b4-4d44-b144-fe8504cc41ac@group-9541723CC6E1:LeaderElection178] INFO  segmented.SegmentedRaftLogWorker (SegmentedRaftLogWorker.java:startLogSegment(380)) - 1178c3ae-d0b4-4d44-b144-fe8504cc41ac@group-9541723CC6E1-SegmentedRaftLogWorker: Starting segment from index:0
2019-09-26 21:19:24,240 [09112efe-1fad-4539-a04f-c96aef6d2351@group-3345E11CC80E:LeaderElection192] INFO  server.RaftServerConfigKeys (ConfUtils.java:logGet(43)) - raft.server.rpc.sleep.time = 25ms (default)
2019-09-26 21:19:24,240 [9ce0b59e-153f-4f41-8aed-492a76d80b48@group-C9D9502D9D87:LeaderElection208] INFO  server.RaftServerConfigKeys (ConfUtils.java:logGet(43)) - raft.server.staging.catchup.gap = 1000 (default)
2019-09-26 21:19:24,244 [9ce0b59e-153f-4f41-8aed-492a76d80b48@group-C9D9502D9D87:LeaderElection208] INFO  server.RaftServerConfigKeys (ConfUtils.java:logGet(43)) - raft.server.rpc.sleep.time = 25ms (default)
2019-09-26 21:19:24,240 [1178c3ae-d0b4-4d44-b144-fe8504cc41ac@group-449BE572DC99:LeaderElection190] INFO  impl.RaftServerImpl (ServerState.java:setLeader(253)) - 1178c3ae-d0b4-4d44-b144-fe8504cc41ac@group-449BE572DC99: change Leader from null to 1178c3ae-d0b4-4d44-b144-fe8504cc41ac at term 1 for becomeLeader, leader elected after 10601ms
2019-09-26 21:19:24,240 [09112efe-1fad-4539-a04f-c96aef6d2351@group-11EBA2FC1B7A:LeaderElection206] INFO  server.RaftServerConfigKeys (ConfUtils.java:logGet(43)) - raft.server.staging.catchup.gap = 1000 (default)
2019-09-26 21:19:24,240 [09112efe-1fad-4539-a04f-c96aef6d2351@group-786B1197DED0:LeaderElection185] INFO  server.RaftServerConfigKeys (ConfUtils.java:logGet(43)) - raft.server.staging.catchup.gap = 1000 (default)
2019-09-26 21:19:24,245 [09112efe-1fad-4539-a04f-c96aef6d2351@group-786B1197DED0:LeaderElection185] INFO  server.RaftServerConfigKeys (ConfUtils.java:logGet(43)) - raft.server.rpc.sleep.time = 25ms (default)
2019-09-26 21:19:24,240 [9ce0b59e-153f-4f41-8aed-492a76d80b48@group-6E6C68F22454:LeaderElection210] INFO  server.RaftServerConfigKeys (ConfUtils.java:logGet(43)) - raft.server.staging.catchup.gap = 1000 (default)
2019-09-26 21:19:24,239 [09112efe-1fad-4539-a04f-c96aef6d2351@group-A77325013DF5:LeaderElection183] INFO  server.RaftServerConfigKeys (ConfUtils.java:logGet(43)) - raft.server.staging.catchup.gap = 1000 (default)
2019-09-26 21:19:24,239 [1178c3ae-d0b4-4d44-b144-fe8504cc41ac@group-9BABA4CE95C3:LeaderElection187] INFO  server.RaftServerConfigKeys (ConfUtils.java:logGet(43)) - raft.server.rpc.sleep.time = 25ms (default)
2019-09-26 21:19:24,239 [1178c3ae-d0b4-4d44-b144-fe8504cc41ac@group-775FCA086A09:LeaderElection195] INFO  server.RaftServerConfigKeys (ConfUtils.java:logGet(43)) - raft.server.staging.catchup.gap = 1000 (default)
2019-09-26 21:19:24,246 [1178c3ae-d0b4-4d44-b144-fe8504cc41ac@group-775FCA086A09:LeaderElection195] INFO  server.RaftServerConfigKeys (ConfUtils.java:logGet(43)) - raft.server.rpc.sleep.time = 25ms (default)
2019-09-26 21:19:24,238 [1178c3ae-d0b4-4d44-b144-fe8504cc41ac@group-6F0B28853612:LeaderElection184] INFO  server.RaftServerConfigKeys (ConfUtils.java:logGet(43)) - raft.server.staging.catchup.gap = 1000 (default)
2019-09-26 21:19:24,238 [09112efe-1fad-4539-a04f-c96aef6d2351@group-36B2132502C2:LeaderElection193] INFO  impl.RaftServerImpl (ServerState.java:setLeader(253)) - 09112efe-1fad-4539-a04f-c96aef6d2351@group-36B2132502C2: change Leader from null to 09112efe-1fad-4539-a04f-c96aef6d2351 at term 1 for becomeLeader, leader elected after 10511ms
2019-09-26 21:19:24,238 [9ce0b59e-153f-4f41-8aed-492a76d80b48@group-710F4F4B8A6C:LeaderElection213] INFO  server.RaftServerConfigKeys (ConfUtils.java:logGet(43)) - raft.server.rpc.sleep.time = 25ms (default)
2019-09-26 21:19:24,238 [9ce0b59e-153f-4f41-8aed-492a76d80b48@group-2F3A14F08318:LeaderElection197] INFO  server.RaftServerConfigKeys (ConfUtils.java:logGet(43)) - raft.server.staging.catchup.gap = 1000 (default)
2019-09-26 21:19:24,238 [da833d8d-e72a-4068-9560-4daa2d83adc2@group-BB2190CB963E:LeaderElection194] INFO  impl.RaftServerImpl (ServerState.java:setLeader(253)) - da833d8d-e72a-4068-9560-4daa2d83adc2@group-BB2190CB963E: change Leader from null to da833d8d-e72a-4068-9560-4daa2d83adc2 at term 1 for becomeLeader, leader elected after 10279ms
2019-09-26 21:19:24,246 [da833d8d-e72a-4068-9560-4daa2d83adc2@group-BB2190CB963E:LeaderElection194] INFO  server.RaftServerConfigKeys (ConfUtils.java:logGet(43)) - raft.server.staging.catchup.gap = 1000 (default)
2019-09-26 21:19:24,237 [9ce0b59e-153f-4f41-8aed-492a76d80b48@group-00776E898AAB:LeaderElection204] INFO  server.RaftServerConfigKeys (ConfUtils.java:logGet(43)) - raft.server.rpc.sleep.time = 25ms (default)
2019-09-26 21:19:24,237 [1178c3ae-d0b4-4d44-b144-fe8504cc41ac@group-E8E6DAF52BD9:LeaderElection211] INFO  impl.RaftServerImpl (ServerState.java:setLeader(253)) - 1178c3ae-d0b4-4d44-b144-fe8504cc41ac@group-E8E6DAF52BD9: change Leader from null to 1178c3ae-d0b4-4d44-b144-fe8504cc41ac at term 1 for becomeLeader, leader elected after 9789ms
2019-09-26 21:19:24,237 [9ce0b59e-153f-4f41-8aed-492a76d80b48@group-556BB265CEA3:LeaderElection205] INFO  server.RaftServerConfigKeys (ConfUtils.java:logGet(43)) - raft.server.rpc.sleep.time = 25ms (default)
2019-09-26 21:19:24,236 [9ce0b59e-153f-4f41-8aed-492a76d80b48@group-2D75DAEBF09F-SegmentedRaftLogWorker] INFO  util.JmxRegister (JmxRegister.java:unregister(73)) - Successfully un-registered JMX Bean with object name Ratis:service=RaftServer,group=group-2D75DAEBF09F,id=9ce0b59e-153f-4f41-8aed-492a76d80b48
2019-09-26 21:19:24,247 [9ce0b59e-153f-4f41-8aed-492a76d80b48@group-2D75DAEBF09F-SegmentedRaftLogWorker] INFO  impl.RoleInfo (RoleInfo.java:shutdownLeaderState(104)) - 9ce0b59e-153f-4f41-8aed-492a76d80b48: shutdown LeaderState
2019-09-26 21:19:24,236 [9ce0b59e-153f-4f41-8aed-492a76d80b48@group-514D036A21E3-SegmentedRaftLogWorker] INFO  util.JmxRegister (JmxRegister.java:unregister(73)) - Successfully un-registered JMX Bean with object name Ratis:service=RaftServer,group=group-514D036A21E3,id=9ce0b59e-153f-4f41-8aed-492a76d80b48
2019-09-26 21:19:24,235 [9ce0b59e-153f-4f41-8aed-492a76d80b48@group-2D4E45E064A9-SegmentedRaftLogWorker] INFO  util.JmxRegister (JmxRegister.java:unregister(73)) - Successfully un-registered JMX Bean with object name Ratis:service=RaftServer,group=group-2D4E45E064A9,id=9ce0b59e-153f-4f41-8aed-492a76d80b48
2019-09-26 21:19:24,235 [9ce0b59e-153f-4f41-8aed-492a76d80b48@group-7BF1E83F2834-SegmentedRaftLogWorker] INFO  util.JmxRegister (JmxRegister.java:unregister(73)) - Successfully un-registered JMX Bean with object name Ratis:service=RaftServer,group=group-7BF1E83F2834,id=9ce0b59e-153f-4f41-8aed-492a76d80b48
2019-09-26 21:19:24,248 [grpc-default-executor-3] INFO  impl.RaftServerProxy (RaftServerProxy.java:addNew(89)) - da833d8d-e72a-4068-9560-4daa2d83adc2: addNew group-6B7477E54974:[0c640f50-2bc9-49b6-b785-a27e3116e6ba:192.168.151.99:42361, da833d8d-e72a-4068-9560-4daa2d83adc2:192.168.151.99:38903, 1178c3ae-d0b4-4d44-b144-fe8504cc41ac:192.168.151.99:33787] returns group-6B7477E54974:java.util.concurrent.CompletableFuture@9f0a66f[Not completed]
2019-09-26 21:19:24,235 [1178c3ae-d0b4-4d44-b144-fe8504cc41ac@group-87E66A5F5023:LeaderElection218] INFO  impl.RoleInfo (RoleInfo.java:shutdownLeaderElection(134)) - 1178c3ae-d0b4-4d44-b144-fe8504cc41ac: shutdown LeaderElection
2019-09-26 21:19:24,235 [da833d8d-e72a-4068-9560-4daa2d83adc2@group-009B25A2B20A:LeaderElection201] INFO  server.RaftServerConfigKeys (ConfUtils.java:logGet(43)) - raft.server.rpc.sleep.time = 25ms (default)
2019-09-26 21:19:24,234 [da833d8d-e72a-4068-9560-4daa2d83adc2@group-80D4D31A8B20:LeaderElection207] INFO  server.RaftServerConfigKeys (ConfUtils.java:logGet(43)) - raft.server.staging.catchup.gap = 1000 (default)
2019-09-26 21:19:24,234 [0c640f50-2bc9-49b6-b785-a27e3116e6ba@group-F6A96175DD6B-SegmentedRaftLogWorker] INFO  impl.PendingRequests (PendingRequests.java:sendNotLeaderResponses(202)) - 0c640f50-2bc9-49b6-b785-a27e3116e6ba-PendingRequests: sendNotLeaderResponses
2019-09-26 21:19:24,234 [Thread-1269] INFO  impl.RaftServerImpl (RaftServerImpl.java:setRole(174)) - 9ce0b59e-153f-4f41-8aed-492a76d80b48@group-255437930481: changes role from  FOLLOWER to CANDIDATE at term 1 for changeToCandidate
2019-09-26 21:19:24,233 [Thread-1288] INFO  impl.RaftServerImpl (RaftServerImpl.java:setRole(174)) - da833d8d-e72a-4068-9560-4daa2d83adc2@group-255437930481: changes role from  FOLLOWER to CANDIDATE at term 1 for changeToCandidate
2019-09-26 21:19:24,233 [9ce0b59e-153f-4f41-8aed-492a76d80b48@group-BAEC348CDEE8-SegmentedRaftLogWorker] INFO  util.JmxRegister (JmxRegister.java:unregister(73)) - Successfully un-registered JMX Bean with object name Ratis:service=RaftServer,group=group-BAEC348CDEE8,id=9ce0b59e-153f-4f41-8aed-492a76d80b48
2019-09-26 21:19:24,233 [0c640f50-2bc9-49b6-b785-a27e3116e6ba@group-ED8FB1794F16-SegmentedRaftLogWorker] INFO  segmented.SegmentedRaftLogWorker (SegmentedRaftLogWorker.java:close(228)) - 0c640f50-2bc9-49b6-b785-a27e3116e6ba@group-ED8FB1794F16-SegmentedRaftLogWorker close()
2019-09-26 21:19:24,233 [9ce0b59e-153f-4f41-8aed-492a76d80b48@group-53B6FB8525AE:LeaderElection209] INFO  server.RaftServerConfigKeys (ConfUtils.java:logGet(43)) - raft.server.staging.catchup.gap = 1000 (default)
2019-09-26 21:19:24,232 [9ce0b59e-153f-4f41-8aed-492a76d80b48@group-B087709E6FAB-SegmentedRaftLogWorker] INFO  impl.RaftServerImpl (RaftServerImpl.java:lambda$shutdown$3(251)) - 9ce0b59e-153f-4f41-8aed-492a76d80b48@group-B087709E6FAB: shutdown
2019-09-26 21:19:24,232 [1178c3ae-d0b4-4d44-b144-fe8504cc41ac@group-52417DAB7C97-SegmentedRaftLogWorker] INFO  impl.StateMachineUpdater (StateMachineUpdater.java:stopAndJoin(125)) - 1178c3ae-d0b4-4d44-b144-fe8504cc41ac@group-52417DAB7C97-StateMachineUpdater: set stopIndex = -1
2019-09-26 21:19:24,249 [1178c3ae-d0b4-4d44-b144-fe8504cc41ac@group-52417DAB7C97-SegmentedRaftLogWorker] INFO  impl.RaftServerImpl (ServerState.java:close(385)) - 1178c3ae-d0b4-4d44-b144-fe8504cc41ac@group-52417DAB7C97: closes. applyIndex: -1
2019-09-26 21:19:24,231 [da833d8d-e72a-4068-9560-4daa2d83adc2@group-6AC811BBC42F-SegmentedRaftLogWorker] INFO  impl.StateMachineUpdater (StateMachineUpdater.java:stopAndJoin(125)) - da833d8d-e72a-4068-9560-4daa2d83adc2@group-6AC811BBC42F-StateMachineUpdater: set stopIndex = -1
2019-09-26 21:19:24,250 [1178c3ae-d0b4-4d44-b144-fe8504cc41ac@group-52417DAB7C97-SegmentedRaftLogWorker] INFO  segmented.SegmentedRaftLogWorker (SegmentedRaftLogWorker.java:close(228)) - 1178c3ae-d0b4-4d44-b144-fe8504cc41ac@group-52417DAB7C97-SegmentedRaftLogWorker close()
2019-09-26 21:19:24,231 [09112efe-1fad-4539-a04f-c96aef6d2351@group-11443841DB3B-SegmentedRaftLogWorker] INFO  util.JmxRegister (JmxRegister.java:unregister(73)) - Successfully un-registered JMX Bean with object name Ratis:service=RaftServer,group=group-11443841DB3B,id=09112efe-1fad-4539-a04f-c96aef6d2351
2019-09-26 21:19:24,250 [09112efe-1fad-4539-a04f-c96aef6d2351@group-11443841DB3B-SegmentedRaftLogWorker] INFO  impl.RoleInfo (RoleInfo.java:shutdownLeaderState(104)) - 09112efe-1fad-4539-a04f-c96aef6d2351: shutdown LeaderState
2019-09-26 21:19:24,231 [9ce0b59e-153f-4f41-8aed-492a76d80b48@group-3144698B2ED7-SegmentedRaftLogWorker] INFO  util.JmxRegister (JmxRegister.java:unregister(73)) - Successfully un-registered JMX Bean with object name Ratis:service=RaftServer,group=group-3144698B2ED7,id=9ce0b59e-153f-4f41-8aed-492a76d80b48
2019-09-26 21:19:24,250 [9ce0b59e-153f-4f41-8aed-492a76d80b48@group-3144698B2ED7-SegmentedRaftLogWorker] INFO  impl.RoleInfo (RoleInfo.java:shutdownLeaderState(104)) - 9ce0b59e-153f-4f41-8aed-492a76d80b48: shutdown LeaderState
2019-09-26 21:19:24,230 [9ce0b59e-153f-4f41-8aed-492a76d80b48@group-584C4E42F0CA-SegmentedRaftLogWorker] INFO  impl.StateMachineUpdater (StateMachineUpdater.java:stopAndJoin(125)) - 9ce0b59e-153f-4f41-8aed-492a76d80b48@group-584C4E42F0CA-StateMachineUpdater: set stopIndex = -1
2019-09-26 21:19:24,250 [9ce0b59e-153f-4f41-8aed-492a76d80b48@group-584C4E42F0CA-SegmentedRaftLogWorker] INFO  impl.RaftServerImpl (ServerState.java:close(385)) - 9ce0b59e-153f-4f41-8aed-492a76d80b48@group-584C4E42F0CA: closes. applyIndex: -1
2019-09-26 21:19:24,230 [9ce0b59e-153f-4f41-8aed-492a76d80b48@group-1B503A35F909:LeaderElection212] INFO  server.RaftServerConfigKeys (ConfUtils.java:logGet(43)) - raft.server.staging.catchup.gap = 1000 (default)
2019-09-26 21:19:24,230 [9ce0b59e-153f-4f41-8aed-492a76d80b48@group-4AD36DEDF59B:LeaderElection202] INFO  server.RaftServerConfigKeys (ConfUtils.java:logGet(43)) - raft.server.rpc.sleep.time = 25ms (default)
2019-09-26 21:19:24,230 [9ce0b59e-153f-4f41-8aed-492a76d80b48@group-F676E590A49D:LeaderElection186] INFO  server.RaftServerConfigKeys (ConfUtils.java:logGet(43)) - raft.server.staging.catchup.gap = 1000 (default)
2019-09-26 21:19:24,251 [9ce0b59e-153f-4f41-8aed-492a76d80b48@group-9B72ABBB0540-SegmentedRaftLogWorker] ERROR segmented.SegmentedRaftLogWorker (SegmentedRaftLogWorker.java:run(323)) - 9ce0b59e-153f-4f41-8aed-492a76d80b48@group-9B72ABBB0540-SegmentedRaftLogWorker hit exception
java.lang.OutOfMemoryError: Direct buffer memory
	at java.nio.Bits.reserveMemory(Bits.java:666)
	at java.nio.DirectByteBuffer.<init>(DirectByteBuffer.java:123)
	at java.nio.ByteBuffer.allocateDirect(ByteBuffer.java:311)
	at org.apache.ratis.server.raftlog.segmented.BufferedWriteChannel.<init>(BufferedWriteChannel.java:41)
	at org.apache.ratis.server.raftlog.segmented.SegmentedRaftLogOutputStream.<init>(SegmentedRaftLogOutputStream.java:72)
	at org.apache.ratis.server.raftlog.segmented.SegmentedRaftLogWorker$StartLogSegment.execute(SegmentedRaftLogWorker.java:566)
	at org.apache.ratis.server.raftlog.segmented.SegmentedRaftLogWorker.run(SegmentedRaftLogWorker.java:289)
	at java.lang.Thread.run(Thread.java:748)
2019-09-26 21:19:24,251 [da833d8d-e72a-4068-9560-4daa2d83adc2@group-F51D1C6A72C0-SegmentedRaftLogWorker] ERROR segmented.SegmentedRaftLogWorker (SegmentedRaftLogWorker.java:run(323)) - da833d8d-e72a-4068-9560-4daa2d83adc2@group-F51D1C6A72C0-SegmentedRaftLogWorker hit exception
java.lang.OutOfMemoryError: Direct buffer memory
	at java.nio.Bits.reserveMemory(Bits.java:666)
	at java.nio.DirectByteBuffer.<init>(DirectByteBuffer.java:123)
	at java.nio.ByteBuffer.allocateDirect(ByteBuffer.java:311)
	at org.apache.ratis.server.raftlog.segmented.BufferedWriteChannel.<init>(BufferedWriteChannel.java:41)
	at org.apache.ratis.server.raftlog.segmented.SegmentedRaftLogOutputStream.<init>(SegmentedRaftLogOutputStream.java:72)
	at org.apache.ratis.server.raftlog.segmented.SegmentedRaftLogWorker$StartLogSegment.execute(SegmentedRaftLogWorker.java:566)
	at org.apache.ratis.server.raftlog.segmented.SegmentedRaftLogWorker.run(SegmentedRaftLogWorker.java:289)
	at java.lang.Thread.run(Thread.java:748)
2019-09-26 21:19:24,252 [da833d8d-e72a-4068-9560-4daa2d83adc2@group-F51D1C6A72C0-SegmentedRaftLogWorker] INFO  impl.RaftServerImpl (RaftServerImpl.java:lambda$shutdown$3(251)) - da833d8d-e72a-4068-9560-4daa2d83adc2@group-F51D1C6A72C0: shutdown
2019-09-26 21:19:24,251 [9ce0b59e-153f-4f41-8aed-492a76d80b48@group-1B503A35F909:LeaderElection212] INFO  server.RaftServerConfigKeys (ConfUtils.java:logGet(43)) - raft.server.rpc.sleep.time = 25ms (default)
2019-09-26 21:19:24,251 [9ce0b59e-153f-4f41-8aed-492a76d80b48@group-584C4E42F0CA-SegmentedRaftLogWorker] INFO  segmented.SegmentedRaftLogWorker (SegmentedRaftLogWorker.java:close(228)) - 9ce0b59e-153f-4f41-8aed-492a76d80b48@group-584C4E42F0CA-SegmentedRaftLogWorker close()
2019-09-26 21:19:24,250 [9ce0b59e-153f-4f41-8aed-492a76d80b48@group-3144698B2ED7-SegmentedRaftLogWorker] INFO  impl.PendingRequests (PendingRequests.java:sendNotLeaderResponses(202)) - 9ce0b59e-153f-4f41-8aed-492a76d80b48-PendingRequests: sendNotLeaderResponses
2019-09-26 21:19:24,250 [09112efe-1fad-4539-a04f-c96aef6d2351@group-11443841DB3B-SegmentedRaftLogWorker] INFO  impl.PendingRequests (PendingRequests.java:sendNotLeaderResponses(202)) - 09112efe-1fad-4539-a04f-c96aef6d2351-PendingRequests: sendNotLeaderResponses
2019-09-26 21:19:24,250 [da833d8d-e72a-4068-9560-4daa2d83adc2@group-6AC811BBC42F-SegmentedRaftLogWorker] INFO  impl.RaftServerImpl (ServerState.java:close(385)) - da833d8d-e72a-4068-9560-4daa2d83adc2@group-6AC811BBC42F: closes. applyIndex: -1
2019-09-26 21:19:24,249 [9ce0b59e-153f-4f41-8aed-492a76d80b48@group-B087709E6FAB-SegmentedRaftLogWorker] INFO  util.JmxRegister (JmxRegister.java:unregister(73)) - Successfully un-registered JMX Bean with object name Ratis:service=RaftServer,group=group-B087709E6FAB,id=9ce0b59e-153f-4f41-8aed-492a76d80b48
2019-09-26 21:19:24,253 [9ce0b59e-153f-4f41-8aed-492a76d80b48@group-B087709E6FAB-SegmentedRaftLogWorker] INFO  impl.RoleInfo (RoleInfo.java:shutdownLeaderState(104)) - 9ce0b59e-153f-4f41-8aed-492a76d80b48: shutdown LeaderState
2019-09-26 21:19:24,249 [9ce0b59e-153f-4f41-8aed-492a76d80b48@group-53B6FB8525AE:LeaderElection209] INFO  server.RaftServerConfigKeys (ConfUtils.java:logGet(43)) - raft.server.rpc.sleep.time = 25ms (default)
2019-09-26 21:19:24,249 [9ce0b59e-153f-4f41-8aed-492a76d80b48@group-BAEC348CDEE8-SegmentedRaftLogWorker] INFO  impl.RoleInfo (RoleInfo.java:shutdownLeaderState(104)) - 9ce0b59e-153f-4f41-8aed-492a76d80b48: shutdown LeaderState
2019-09-26 21:19:24,248 [0c640f50-2bc9-49b6-b785-a27e3116e6ba@group-F6A96175DD6B-SegmentedRaftLogWorker] INFO  impl.StateMachineUpdater (StateMachineUpdater.java:stopAndJoin(125)) - 0c640f50-2bc9-49b6-b785-a27e3116e6ba@group-F6A96175DD6B-StateMachineUpdater: set stopIndex = -1
2019-09-26 21:19:24,253 [0c640f50-2bc9-49b6-b785-a27e3116e6ba@group-F6A96175DD6B-SegmentedRaftLogWorker] INFO  impl.RaftServerImpl (ServerState.java:close(385)) - 0c640f50-2bc9-49b6-b785-a27e3116e6ba@group-F6A96175DD6B: closes. applyIndex: -1
2019-09-26 21:19:24,248 [da833d8d-e72a-4068-9560-4daa2d83adc2@group-80D4D31A8B20:LeaderElection207] INFO  server.RaftServerConfigKeys (ConfUtils.java:logGet(43)) - raft.server.rpc.sleep.time = 25ms (default)
2019-09-26 21:19:24,253 [0c640f50-2bc9-49b6-b785-a27e3116e6ba@group-F6A96175DD6B-SegmentedRaftLogWorker] INFO  segmented.SegmentedRaftLogWorker (SegmentedRaftLogWorker.java:close(228)) - 0c640f50-2bc9-49b6-b785-a27e3116e6ba@group-F6A96175DD6B-SegmentedRaftLogWorker close()
2019-09-26 21:19:24,248 [1178c3ae-d0b4-4d44-b144-fe8504cc41ac@group-87E66A5F5023:LeaderElection218] INFO  impl.RaftServerImpl (RaftServerImpl.java:setRole(174)) - 1178c3ae-d0b4-4d44-b144-fe8504cc41ac@group-87E66A5F5023: changes role from CANDIDATE to LEADER at term 1 for changeToLeader
2019-09-26 21:19:24,248 [9ce0b59e-153f-4f41-8aed-492a76d80b48@group-7BF1E83F2834-SegmentedRaftLogWorker] INFO  impl.RoleInfo (RoleInfo.java:shutdownLeaderState(104)) - 9ce0b59e-153f-4f41-8aed-492a76d80b48: shutdown LeaderState
2019-09-26 21:19:24,247 [9ce0b59e-153f-4f41-8aed-492a76d80b48@group-2D4E45E064A9-SegmentedRaftLogWorker] INFO  impl.RoleInfo (RoleInfo.java:shutdownLeaderState(104)) - 9ce0b59e-153f-4f41-8aed-492a76d80b48: shutdown LeaderState
2019-09-26 21:19:24,247 [9ce0b59e-153f-4f41-8aed-492a76d80b48@group-514D036A21E3-SegmentedRaftLogWorker] INFO  impl.RoleInfo (RoleInfo.java:shutdownLeaderState(104)) - 9ce0b59e-153f-4f41-8aed-492a76d80b48: shutdown LeaderState
2019-09-26 21:19:24,247 [9ce0b59e-153f-4f41-8aed-492a76d80b48@group-2D75DAEBF09F-SegmentedRaftLogWorker] INFO  impl.PendingRequests (PendingRequests.java:sendNotLeaderResponses(202)) - 9ce0b59e-153f-4f41-8aed-492a76d80b48-PendingRequests: sendNotLeaderResponses
2019-09-26 21:19:24,247 [1178c3ae-d0b4-4d44-b144-fe8504cc41ac@group-E8E6DAF52BD9:LeaderElection211] INFO  server.RaftServerConfigKeys (ConfUtils.java:logGet(43)) - raft.server.staging.catchup.gap = 1000 (default)
2019-09-26 21:19:24,246 [da833d8d-e72a-4068-9560-4daa2d83adc2@group-BB2190CB963E:LeaderElection194] INFO  server.RaftServerConfigKeys (ConfUtils.java:logGet(43)) - raft.server.rpc.sleep.time = 25ms (default)
2019-09-26 21:19:24,246 [9ce0b59e-153f-4f41-8aed-492a76d80b48@group-2F3A14F08318:LeaderElection197] INFO  server.RaftServerConfigKeys (ConfUtils.java:logGet(43)) - raft.server.rpc.sleep.time = 25ms (default)
2019-09-26 21:19:24,246 [09112efe-1fad-4539-a04f-c96aef6d2351@group-36B2132502C2:LeaderElection193] INFO  server.RaftServerConfigKeys (ConfUtils.java:logGet(43)) - raft.server.staging.catchup.gap = 1000 (default)
2019-09-26 21:19:24,246 [1178c3ae-d0b4-4d44-b144-fe8504cc41ac@group-6F0B28853612:LeaderElection184] INFO  server.RaftServerConfigKeys (ConfUtils.java:logGet(43)) - raft.server.rpc.sleep.time = 25ms (default)
2019-09-26 21:19:24,245 [09112efe-1fad-4539-a04f-c96aef6d2351@group-A77325013DF5:LeaderElection183] INFO  server.RaftServerConfigKeys (ConfUtils.java:logGet(43)) - raft.server.rpc.sleep.time = 25ms (default)
2019-09-26 21:19:24,245 [9ce0b59e-153f-4f41-8aed-492a76d80b48@group-6E6C68F22454:LeaderElection210] INFO  server.RaftServerConfigKeys (ConfUtils.java:logGet(43)) - raft.server.rpc.sleep.time = 25ms (default)
2019-09-26 21:19:24,245 [09112efe-1fad-4539-a04f-c96aef6d2351@group-11EBA2FC1B7A:LeaderElection206] INFO  server.RaftServerConfigKeys (ConfUtils.java:logGet(43)) - raft.server.rpc.sleep.time = 25ms (default)
2019-09-26 21:19:24,245 [1178c3ae-d0b4-4d44-b144-fe8504cc41ac@group-449BE572DC99:LeaderElection190] INFO  server.RaftServerConfigKeys (ConfUtils.java:logGet(43)) - raft.server.staging.catchup.gap = 1000 (default)
2019-09-26 21:19:24,255 [1178c3ae-d0b4-4d44-b144-fe8504cc41ac@group-449BE572DC99:LeaderElection190] INFO  server.RaftServerConfigKeys (ConfUtils.java:logGet(43)) - raft.server.rpc.sleep.time = 25ms (default)
2019-09-26 21:19:24,244 [1178c3ae-d0b4-4d44-b144-fe8504cc41ac@group-04CBCD99AF3A-SegmentedRaftLogWorker] INFO  impl.RoleInfo (RoleInfo.java:shutdownLeaderState(104)) - 1178c3ae-d0b4-4d44-b144-fe8504cc41ac: shutdown LeaderState
2019-09-26 21:19:24,244 [1178c3ae-d0b4-4d44-b144-fe8504cc41ac@group-07763D2A0C0C-SegmentedRaftLogWorker] INFO  impl.PendingRequests (PendingRequests.java:sendNotLeaderResponses(202)) - 1178c3ae-d0b4-4d44-b144-fe8504cc41ac-PendingRequests: sendNotLeaderResponses
2019-09-26 21:19:24,243 [pool-27-thread-1] INFO  server.RaftServerConfigKeys (ConfUtils.java:logGet(43)) - raft.server.log.statemachine.data.sync.timeout = 10s (default)
2019-09-26 21:19:24,256 [1178c3ae-d0b4-4d44-b144-fe8504cc41ac@group-07763D2A0C0C-SegmentedRaftLogWorker] INFO  impl.StateMachineUpdater (StateMachineUpdater.java:stopAndJoin(125)) - 1178c3ae-d0b4-4d44-b144-fe8504cc41ac@group-07763D2A0C0C-StateMachineUpdater: set stopIndex = -1
2019-09-26 21:19:24,256 [1178c3ae-d0b4-4d44-b144-fe8504cc41ac@group-07763D2A0C0C-SegmentedRaftLogWorker] INFO  impl.RaftServerImpl (ServerState.java:close(385)) - 1178c3ae-d0b4-4d44-b144-fe8504cc41ac@group-07763D2A0C0C: closes. applyIndex: -1
2019-09-26 21:19:24,256 [1178c3ae-d0b4-4d44-b144-fe8504cc41ac@group-04CBCD99AF3A-SegmentedRaftLogWorker] INFO  impl.PendingRequests (PendingRequests.java:sendNotLeaderResponses(202)) - 1178c3ae-d0b4-4d44-b144-fe8504cc41ac-PendingRequests: sendNotLeaderResponses
2019-09-26 21:19:24,255 [09112efe-1fad-4539-a04f-c96aef6d2351@group-36B2132502C2:LeaderElection193] INFO  server.RaftServerConfigKeys (ConfUtils.java:logGet(43)) - raft.server.rpc.sleep.time = 25ms (default)
2019-09-26 21:19:24,254 [1178c3ae-d0b4-4d44-b144-fe8504cc41ac@group-E8E6DAF52BD9:LeaderElection211] INFO  server.RaftServerConfigKeys (ConfUtils.java:logGet(43)) - raft.server.rpc.sleep.time = 25ms (default)
2019-09-26 21:19:24,254 [9ce0b59e-153f-4f41-8aed-492a76d80b48@group-2D75DAEBF09F-SegmentedRaftLogWorker] INFO  impl.StateMachineUpdater (StateMachineUpdater.java:stopAndJoin(125)) - 9ce0b59e-153f-4f41-8aed-492a76d80b48@group-2D75DAEBF09F-StateMachineUpdater: set stopIndex = -1
2019-09-26 21:19:24,257 [9ce0b59e-153f-4f41-8aed-492a76d80b48@group-2D75DAEBF09F-SegmentedRaftLogWorker] INFO  impl.RaftServerImpl (ServerState.java:close(385)) - 9ce0b59e-153f-4f41-8aed-492a76d80b48@group-2D75DAEBF09F: closes. applyIndex: -1
2019-09-26 21:19:24,254 [9ce0b59e-153f-4f41-8aed-492a76d80b48@group-514D036A21E3-SegmentedRaftLogWorker] INFO  impl.PendingRequests (PendingRequests.java:sendNotLeaderResponses(202)) - 9ce0b59e-153f-4f41-8aed-492a76d80b48-PendingRequests: sendNotLeaderResponses
2019-09-26 21:19:24,254 [9ce0b59e-153f-4f41-8aed-492a76d80b48@group-2D4E45E064A9-SegmentedRaftLogWorker] INFO  impl.PendingRequests (PendingRequests.java:sendNotLeaderResponses(202)) - 9ce0b59e-153f-4f41-8aed-492a76d80b48-PendingRequests: sendNotLeaderResponses
2019-09-26 21:19:24,254 [9ce0b59e-153f-4f41-8aed-492a76d80b48@group-7BF1E83F2834-SegmentedRaftLogWorker] INFO  impl.PendingRequests (PendingRequests.java:sendNotLeaderResponses(202)) - 9ce0b59e-153f-4f41-8aed-492a76d80b48-PendingRequests: sendNotLeaderResponses
2019-09-26 21:19:24,254 [1178c3ae-d0b4-4d44-b144-fe8504cc41ac@group-87E66A5F5023:LeaderElection218] INFO  impl.RaftServerImpl (ServerState.java:setLeader(253)) - 1178c3ae-d0b4-4d44-b144-fe8504cc41ac@group-87E66A5F5023: change Leader from null to 1178c3ae-d0b4-4d44-b144-fe8504cc41ac at term 1 for becomeLeader, leader elected after 9321ms
2019-09-26 21:19:24,253 [9ce0b59e-153f-4f41-8aed-492a76d80b48@group-BAEC348CDEE8-SegmentedRaftLogWorker] INFO  impl.PendingRequests (PendingRequests.java:sendNotLeaderResponses(202)) - 9ce0b59e-153f-4f41-8aed-492a76d80b48-PendingRequests: sendNotLeaderResponses
2019-09-26 21:19:24,253 [9ce0b59e-153f-4f41-8aed-492a76d80b48@group-B087709E6FAB-SegmentedRaftLogWorker] INFO  impl.PendingRequests (PendingRequests.java:sendNotLeaderResponses(202)) - 9ce0b59e-153f-4f41-8aed-492a76d80b48-PendingRequests: sendNotLeaderResponses
2019-09-26 21:19:24,253 [da833d8d-e72a-4068-9560-4daa2d83adc2@group-6AC811BBC42F-SegmentedRaftLogWorker] INFO  segmented.SegmentedRaftLogWorker (SegmentedRaftLogWorker.java:close(228)) - da833d8d-e72a-4068-9560-4daa2d83adc2@group-6AC811BBC42F-SegmentedRaftLogWorker close()
2019-09-26 21:19:24,252 [09112efe-1fad-4539-a04f-c96aef6d2351@group-11443841DB3B-SegmentedRaftLogWorker] INFO  impl.StateMachineUpdater (StateMachineUpdater.java:stopAndJoin(125)) - 09112efe-1fad-4539-a04f-c96aef6d2351@group-11443841DB3B-StateMachineUpdater: set stopIndex = -1
2019-09-26 21:19:24,258 [09112efe-1fad-4539-a04f-c96aef6d2351@group-11443841DB3B-SegmentedRaftLogWorker] INFO  impl.RaftServerImpl (ServerState.java:close(385)) - 09112efe-1fad-4539-a04f-c96aef6d2351@group-11443841DB3B: closes. applyIndex: -1
2019-09-26 21:19:24,252 [9ce0b59e-153f-4f41-8aed-492a76d80b48@group-3144698B2ED7-SegmentedRaftLogWorker] INFO  impl.StateMachineUpdater (StateMachineUpdater.java:stopAndJoin(125)) - 9ce0b59e-153f-4f41-8aed-492a76d80b48@group-3144698B2ED7-StateMachineUpdater: set stopIndex = -1
2019-09-26 21:19:24,259 [9ce0b59e-153f-4f41-8aed-492a76d80b48@group-3144698B2ED7-SegmentedRaftLogWorker] INFO  impl.RaftServerImpl (ServerState.java:close(385)) - 9ce0b59e-153f-4f41-8aed-492a76d80b48@group-3144698B2ED7: closes. applyIndex: -1
2019-09-26 21:19:24,252 [da833d8d-e72a-4068-9560-4daa2d83adc2@group-F51D1C6A72C0-SegmentedRaftLogWorker] INFO  util.JmxRegister (JmxRegister.java:unregister(73)) - Successfully un-registered JMX Bean with object name Ratis:service=RaftServer,group=group-F51D1C6A72C0,id=da833d8d-e72a-4068-9560-4daa2d83adc2
2019-09-26 21:19:24,259 [da833d8d-e72a-4068-9560-4daa2d83adc2@group-F51D1C6A72C0-SegmentedRaftLogWorker] INFO  impl.RoleInfo (RoleInfo.java:shutdownLeaderState(104)) - da833d8d-e72a-4068-9560-4daa2d83adc2: shutdown LeaderState
2019-09-26 21:19:24,251 [9ce0b59e-153f-4f41-8aed-492a76d80b48@group-9B72ABBB0540-SegmentedRaftLogWorker] INFO  impl.RaftServerImpl (RaftServerImpl.java:lambda$shutdown$3(251)) - 9ce0b59e-153f-4f41-8aed-492a76d80b48@group-9B72ABBB0540: shutdown
2019-09-26 21:19:24,251 [9ce0b59e-153f-4f41-8aed-492a76d80b48@group-F676E590A49D:LeaderElection186] INFO  server.RaftServerConfigKeys (ConfUtils.java:logGet(43)) - raft.server.rpc.sleep.time = 25ms (default)
2019-09-26 21:19:24,259 [9ce0b59e-153f-4f41-8aed-492a76d80b48@group-9B72ABBB0540-SegmentedRaftLogWorker] INFO  util.JmxRegister (JmxRegister.java:unregister(73)) - Successfully un-registered JMX Bean with object name Ratis:service=RaftServer,group=group-9B72ABBB0540,id=9ce0b59e-153f-4f41-8aed-492a76d80b48
2019-09-26 21:19:24,259 [9ce0b59e-153f-4f41-8aed-492a76d80b48@group-9B72ABBB0540-SegmentedRaftLogWorker] INFO  impl.RoleInfo (RoleInfo.java:shutdownLeaderState(104)) - 9ce0b59e-153f-4f41-8aed-492a76d80b48: shutdown LeaderState
2019-09-26 21:19:24,259 [da833d8d-e72a-4068-9560-4daa2d83adc2@group-F51D1C6A72C0-SegmentedRaftLogWorker] INFO  impl.PendingRequests (PendingRequests.java:sendNotLeaderResponses(202)) - da833d8d-e72a-4068-9560-4daa2d83adc2-PendingRequests: sendNotLeaderResponses
2019-09-26 21:19:24,259 [9ce0b59e-153f-4f41-8aed-492a76d80b48@group-3144698B2ED7-SegmentedRaftLogWorker] INFO  segmented.SegmentedRaftLogWorker (SegmentedRaftLogWorker.java:close(228)) - 9ce0b59e-153f-4f41-8aed-492a76d80b48@group-3144698B2ED7-SegmentedRaftLogWorker close()
2019-09-26 21:19:24,258 [09112efe-1fad-4539-a04f-c96aef6d2351@group-11443841DB3B-SegmentedRaftLogWorker] INFO  segmented.SegmentedRaftLogWorker (SegmentedRaftLogWorker.java:close(228)) - 09112efe-1fad-4539-a04f-c96aef6d2351@group-11443841DB3B-SegmentedRaftLogWorker close()
2019-09-26 21:19:24,258 [9ce0b59e-153f-4f41-8aed-492a76d80b48@group-B087709E6FAB-SegmentedRaftLogWorker] INFO  impl.StateMachineUpdater (StateMachineUpdater.java:stopAndJoin(125)) - 9ce0b59e-153f-4f41-8aed-492a76d80b48@group-B087709E6FAB-StateMachineUpdater: set stopIndex = -1
2019-09-26 21:19:24,258 [9ce0b59e-153f-4f41-8aed-492a76d80b48@group-BAEC348CDEE8-SegmentedRaftLogWorker] INFO  impl.StateMachineUpdater (StateMachineUpdater.java:stopAndJoin(125)) - 9ce0b59e-153f-4f41-8aed-492a76d80b48@group-BAEC348CDEE8-StateMachineUpdater: set stopIndex = -1
2019-09-26 21:19:24,260 [9ce0b59e-153f-4f41-8aed-492a76d80b48@group-BAEC348CDEE8-SegmentedRaftLogWorker] INFO  impl.RaftServerImpl (ServerState.java:close(385)) - 9ce0b59e-153f-4f41-8aed-492a76d80b48@group-BAEC348CDEE8: closes. applyIndex: -1
2019-09-26 21:19:24,258 [1178c3ae-d0b4-4d44-b144-fe8504cc41ac@group-87E66A5F5023:LeaderElection218] INFO  server.RaftServerConfigKeys (ConfUtils.java:logGet(43)) - raft.server.staging.catchup.gap = 1000 (default)
2019-09-26 21:19:24,257 [9ce0b59e-153f-4f41-8aed-492a76d80b48@group-7BF1E83F2834-SegmentedRaftLogWorker] INFO  impl.StateMachineUpdater (StateMachineUpdater.java:stopAndJoin(125)) - 9ce0b59e-153f-4f41-8aed-492a76d80b48@group-7BF1E83F2834-StateMachineUpdater: set stopIndex = -1
2019-09-26 21:19:24,257 [9ce0b59e-153f-4f41-8aed-492a76d80b48@group-2D4E45E064A9-SegmentedRaftLogWorker] INFO  impl.StateMachineUpdater (StateMachineUpdater.java:stopAndJoin(125)) - 9ce0b59e-153f-4f41-8aed-492a76d80b48@group-2D4E45E064A9-StateMachineUpdater: set stopIndex = -1
2019-09-26 21:19:24,257 [9ce0b59e-153f-4f41-8aed-492a76d80b48@group-514D036A21E3-SegmentedRaftLogWorker] INFO  impl.StateMachineUpdater (StateMachineUpdater.java:stopAndJoin(125)) - 9ce0b59e-153f-4f41-8aed-492a76d80b48@group-514D036A21E3-StateMachineUpdater: set stopIndex = -1
2019-09-26 21:19:24,257 [9ce0b59e-153f-4f41-8aed-492a76d80b48@group-2D75DAEBF09F-SegmentedRaftLogWorker] INFO  segmented.SegmentedRaftLogWorker (SegmentedRaftLogWorker.java:close(228)) - 9ce0b59e-153f-4f41-8aed-492a76d80b48@group-2D75DAEBF09F-SegmentedRaftLogWorker close()
2019-09-26 21:19:24,256 [1178c3ae-d0b4-4d44-b144-fe8504cc41ac@group-04CBCD99AF3A-SegmentedRaftLogWorker] INFO  impl.StateMachineUpdater (StateMachineUpdater.java:stopAndJoin(125)) - 1178c3ae-d0b4-4d44-b144-fe8504cc41ac@group-04CBCD99AF3A-StateMachineUpdater: set stopIndex = -1
2019-09-26 21:19:24,261 [1178c3ae-d0b4-4d44-b144-fe8504cc41ac@group-04CBCD99AF3A-SegmentedRaftLogWorker] INFO  impl.RaftServerImpl (ServerState.java:close(385)) - 1178c3ae-d0b4-4d44-b144-fe8504cc41ac@group-04CBCD99AF3A: closes. applyIndex: -1
2019-09-26 21:19:24,256 [1178c3ae-d0b4-4d44-b144-fe8504cc41ac@group-07763D2A0C0C-SegmentedRaftLogWorker] INFO  segmented.SegmentedRaftLogWorker (SegmentedRaftLogWorker.java:close(228)) - 1178c3ae-d0b4-4d44-b144-fe8504cc41ac@group-07763D2A0C0C-SegmentedRaftLogWorker close()
2019-09-26 21:19:24,256 [pool-27-thread-1] INFO  server.RaftServerConfigKeys (ConfUtils.java:logGet(43)) - raft.server.log.statemachine.data.sync.timeout.retry = -1 (default)
2019-09-26 21:19:24,261 [1178c3ae-d0b4-4d44-b144-fe8504cc41ac@group-04CBCD99AF3A-SegmentedRaftLogWorker] INFO  segmented.SegmentedRaftLogWorker (SegmentedRaftLogWorker.java:close(228)) - 1178c3ae-d0b4-4d44-b144-fe8504cc41ac@group-04CBCD99AF3A-SegmentedRaftLogWorker close()
2019-09-26 21:19:24,261 [9ce0b59e-153f-4f41-8aed-492a76d80b48@group-514D036A21E3-SegmentedRaftLogWorker] INFO  impl.RaftServerImpl (ServerState.java:close(385)) - 9ce0b59e-153f-4f41-8aed-492a76d80b48@group-514D036A21E3: closes. applyIndex: -1
2019-09-26 21:19:24,261 [9ce0b59e-153f-4f41-8aed-492a76d80b48@group-2D4E45E064A9-SegmentedRaftLogWorker] INFO  impl.RaftServerImpl (ServerState.java:close(385)) - 9ce0b59e-153f-4f41-8aed-492a76d80b48@group-2D4E45E064A9: closes. applyIndex: -1
2019-09-26 21:19:24,261 [9ce0b59e-153f-4f41-8aed-492a76d80b48@group-7BF1E83F2834-SegmentedRaftLogWorker] INFO  impl.RaftServerImpl (ServerState.java:close(385)) - 9ce0b59e-153f-4f41-8aed-492a76d80b48@group-7BF1E83F2834: closes. applyIndex: -1
2019-09-26 21:19:24,260 [1178c3ae-d0b4-4d44-b144-fe8504cc41ac@group-87E66A5F5023:LeaderElection218] INFO  server.RaftServerConfigKeys (ConfUtils.java:logGet(43)) - raft.server.rpc.sleep.time = 25ms (default)
2019-09-26 21:19:24,260 [9ce0b59e-153f-4f41-8aed-492a76d80b48@group-BAEC348CDEE8-SegmentedRaftLogWorker] INFO  segmented.SegmentedRaftLogWorker (SegmentedRaftLogWorker.java:close(228)) - 9ce0b59e-153f-4f41-8aed-492a76d80b48@group-BAEC348CDEE8-SegmentedRaftLogWorker close()
2019-09-26 21:19:24,260 [9ce0b59e-153f-4f41-8aed-492a76d80b48@group-B087709E6FAB-SegmentedRaftLogWorker] INFO  impl.RaftServerImpl (ServerState.java:close(385)) - 9ce0b59e-153f-4f41-8aed-492a76d80b48@group-B087709E6FAB: closes. applyIndex: -1
2019-09-26 21:19:24,260 [da833d8d-e72a-4068-9560-4daa2d83adc2@group-F51D1C6A72C0-SegmentedRaftLogWorker] INFO  impl.StateMachineUpdater (StateMachineUpdater.java:stopAndJoin(125)) - da833d8d-e72a-4068-9560-4daa2d83adc2@group-F51D1C6A72C0-StateMachineUpdater: set stopIndex = -1
2019-09-26 21:19:24,263 [da833d8d-e72a-4068-9560-4daa2d83adc2@group-F51D1C6A72C0-SegmentedRaftLogWorker] INFO  impl.RaftServerImpl (ServerState.java:close(385)) - da833d8d-e72a-4068-9560-4daa2d83adc2@group-F51D1C6A72C0: closes. applyIndex: -1
2019-09-26 21:19:24,259 [9ce0b59e-153f-4f41-8aed-492a76d80b48@group-9B72ABBB0540-SegmentedRaftLogWorker] INFO  impl.PendingRequests (PendingRequests.java:sendNotLeaderResponses(202)) - 9ce0b59e-153f-4f41-8aed-492a76d80b48-PendingRequests: sendNotLeaderResponses
2019-09-26 21:19:24,263 [da833d8d-e72a-4068-9560-4daa2d83adc2@group-F51D1C6A72C0-SegmentedRaftLogWorker] INFO  segmented.SegmentedRaftLogWorker (SegmentedRaftLogWorker.java:close(228)) - da833d8d-e72a-4068-9560-4daa2d83adc2@group-F51D1C6A72C0-SegmentedRaftLogWorker close()
2019-09-26 21:19:24,263 [9ce0b59e-153f-4f41-8aed-492a76d80b48@group-B087709E6FAB-SegmentedRaftLogWorker] INFO  segmented.SegmentedRaftLogWorker (SegmentedRaftLogWorker.java:close(228)) - 9ce0b59e-153f-4f41-8aed-492a76d80b48@group-B087709E6FAB-SegmentedRaftLogWorker close()
2019-09-26 21:19:24,262 [0c640f50-2bc9-49b6-b785-a27e3116e6ba@group-2260AD7B7718:LeaderElection214] INFO  impl.LeaderElection (LeaderElection.java:askForVotes(182)) - 0c640f50-2bc9-49b6-b785-a27e3116e6ba@group-2260AD7B7718:LeaderElection214: begin an election at term 1 for -1: [0c640f50-2bc9-49b6-b785-a27e3116e6ba:192.168.151.99:42361], old=null
2019-09-26 21:19:24,262 [1178c3ae-d0b4-4d44-b144-fe8504cc41ac@group-5D863DA9B74C:LeaderElection222] INFO  impl.LeaderElection (LeaderElection.java:askForVotes(182)) - 1178c3ae-d0b4-4d44-b144-fe8504cc41ac@group-5D863DA9B74C:LeaderElection222: begin an election at term 1 for -1: [1178c3ae-d0b4-4d44-b144-fe8504cc41ac:192.168.151.99:33787], old=null
2019-09-26 21:19:24,262 [da833d8d-e72a-4068-9560-4daa2d83adc2@group-2250387AFD51:LeaderElection217] INFO  impl.LeaderElection (LeaderElection.java:askForVotes(182)) - da833d8d-e72a-4068-9560-4daa2d83adc2@group-2250387AFD51:LeaderElection217: begin an election at term 1 for -1: [da833d8d-e72a-4068-9560-4daa2d83adc2:192.168.151.99:38903], old=null
2019-09-26 21:19:24,262 [09112efe-1fad-4539-a04f-c96aef6d2351@group-8808E0E383FD:LeaderElection216] INFO  impl.LeaderElection (LeaderElection.java:askForVotes(182)) - 09112efe-1fad-4539-a04f-c96aef6d2351@group-8808E0E383FD:LeaderElection216: begin an election at term 1 for -1: [09112efe-1fad-4539-a04f-c96aef6d2351:192.168.151.99:45286], old=null
2019-09-26 21:19:24,262 [9ce0b59e-153f-4f41-8aed-492a76d80b48@group-7BF1E83F2834-SegmentedRaftLogWorker] INFO  segmented.SegmentedRaftLogWorker (SegmentedRaftLogWorker.java:close(228)) - 9ce0b59e-153f-4f41-8aed-492a76d80b48@group-7BF1E83F2834-SegmentedRaftLogWorker close()
2019-09-26 21:19:24,262 [da833d8d-e72a-4068-9560-4daa2d83adc2@group-5DCD0764729A:LeaderElection215] INFO  impl.LeaderElection (LeaderElection.java:askForVotes(182)) - da833d8d-e72a-4068-9560-4daa2d83adc2@group-5DCD0764729A:LeaderElection215: begin an election at term 1 for -1: [da833d8d-e72a-4068-9560-4daa2d83adc2:192.168.151.99:38903], old=null
2019-09-26 21:19:24,262 [1178c3ae-d0b4-4d44-b144-fe8504cc41ac@group-4A70B7218118:LeaderElection224] INFO  impl.LeaderElection (LeaderElection.java:askForVotes(182)) - 1178c3ae-d0b4-4d44-b144-fe8504cc41ac@group-4A70B7218118:LeaderElection224: begin an election at term 1 for -1: [1178c3ae-d0b4-4d44-b144-fe8504cc41ac:192.168.151.99:33787], old=null
2019-09-26 21:19:24,264 [1178c3ae-d0b4-4d44-b144-fe8504cc41ac@group-4A70B7218118:LeaderElection224] INFO  impl.RoleInfo (RoleInfo.java:shutdownLeaderElection(134)) - 1178c3ae-d0b4-4d44-b144-fe8504cc41ac: shutdown LeaderElection
2019-09-26 21:19:24,262 [9ce0b59e-153f-4f41-8aed-492a76d80b48@group-2D4E45E064A9-SegmentedRaftLogWorker] INFO  segmented.SegmentedRaftLogWorker (SegmentedRaftLogWorker.java:close(228)) - 9ce0b59e-153f-4f41-8aed-492a76d80b48@group-2D4E45E064A9-SegmentedRaftLogWorker close()
2019-09-26 21:19:24,262 [9ce0b59e-153f-4f41-8aed-492a76d80b48@group-514D036A21E3-SegmentedRaftLogWorker] INFO  segmented.SegmentedRaftLogWorker (SegmentedRaftLogWorker.java:close(228)) - 9ce0b59e-153f-4f41-8aed-492a76d80b48@group-514D036A21E3-SegmentedRaftLogWorker close()
2019-09-26 21:19:24,264 [1178c3ae-d0b4-4d44-b144-fe8504cc41ac@group-4A70B7218118:LeaderElection224] INFO  impl.RaftServerImpl (RaftServerImpl.java:setRole(174)) - 1178c3ae-d0b4-4d44-b144-fe8504cc41ac@group-4A70B7218118: changes role from CANDIDATE to LEADER at term 1 for changeToLeader
2019-09-26 21:19:24,264 [da833d8d-e72a-4068-9560-4daa2d83adc2@group-5DCD0764729A:LeaderElection215] INFO  impl.RoleInfo (RoleInfo.java:shutdownLeaderElection(134)) - da833d8d-e72a-4068-9560-4daa2d83adc2: shutdown LeaderElection
2019-09-26 21:19:24,264 [09112efe-1fad-4539-a04f-c96aef6d2351@group-8808E0E383FD:LeaderElection216] INFO  impl.RoleInfo (RoleInfo.java:shutdownLeaderElection(134)) - 09112efe-1fad-4539-a04f-c96aef6d2351: shutdown LeaderElection
2019-09-26 21:19:24,264 [da833d8d-e72a-4068-9560-4daa2d83adc2@group-2250387AFD51:LeaderElection217] INFO  impl.RoleInfo (RoleInfo.java:shutdownLeaderElection(134)) - da833d8d-e72a-4068-9560-4daa2d83adc2: shutdown LeaderElection
2019-09-26 21:19:24,264 [1178c3ae-d0b4-4d44-b144-fe8504cc41ac@group-5D863DA9B74C:LeaderElection222] INFO  impl.RoleInfo (RoleInfo.java:shutdownLeaderElection(134)) - 1178c3ae-d0b4-4d44-b144-fe8504cc41ac: shutdown LeaderElection
2019-09-26 21:19:24,263 [0c640f50-2bc9-49b6-b785-a27e3116e6ba@group-2260AD7B7718:LeaderElection214] INFO  impl.RoleInfo (RoleInfo.java:shutdownLeaderElection(134)) - 0c640f50-2bc9-49b6-b785-a27e3116e6ba: shutdown LeaderElection
2019-09-26 21:19:24,265 [0c640f50-2bc9-49b6-b785-a27e3116e6ba@group-2260AD7B7718:LeaderElection214] INFO  impl.RaftServerImpl (RaftServerImpl.java:setRole(174)) - 0c640f50-2bc9-49b6-b785-a27e3116e6ba@group-2260AD7B7718: changes role from CANDIDATE to LEADER at term 1 for changeToLeader
2019-09-26 21:19:24,263 [9ce0b59e-153f-4f41-8aed-492a76d80b48@group-9B72ABBB0540-SegmentedRaftLogWorker] INFO  impl.StateMachineUpdater (StateMachineUpdater.java:stopAndJoin(125)) - 9ce0b59e-153f-4f41-8aed-492a76d80b48@group-9B72ABBB0540-StateMachineUpdater: set stopIndex = -1
2019-09-26 21:19:24,265 [0c640f50-2bc9-49b6-b785-a27e3116e6ba@group-2260AD7B7718:LeaderElection214] INFO  impl.RaftServerImpl (ServerState.java:setLeader(253)) - 0c640f50-2bc9-49b6-b785-a27e3116e6ba@group-2260AD7B7718: change Leader from null to 0c640f50-2bc9-49b6-b785-a27e3116e6ba at term 1 for becomeLeader, leader elected after 8992ms
2019-09-26 21:19:24,265 [1178c3ae-d0b4-4d44-b144-fe8504cc41ac@group-5D863DA9B74C:LeaderElection222] INFO  impl.RaftServerImpl (RaftServerImpl.java:setRole(174)) - 1178c3ae-d0b4-4d44-b144-fe8504cc41ac@group-5D863DA9B74C: changes role from CANDIDATE to LEADER at term 1 for changeToLeader
2019-09-26 21:19:24,266 [1178c3ae-d0b4-4d44-b144-fe8504cc41ac@group-5D863DA9B74C:LeaderElection222] INFO  impl.RaftServerImpl (ServerState.java:setLeader(253)) - 1178c3ae-d0b4-4d44-b144-fe8504cc41ac@group-5D863DA9B74C: change Leader from null to 1178c3ae-d0b4-4d44-b144-fe8504cc41ac at term 1 for becomeLeader, leader elected after 9042ms
2019-09-26 21:19:24,265 [da833d8d-e72a-4068-9560-4daa2d83adc2@group-2250387AFD51:LeaderElection217] INFO  impl.RaftServerImpl (RaftServerImpl.java:setRole(174)) - da833d8d-e72a-4068-9560-4daa2d83adc2@group-2250387AFD51: changes role from CANDIDATE to LEADER at term 1 for changeToLeader
2019-09-26 21:19:24,265 [09112efe-1fad-4539-a04f-c96aef6d2351@group-8808E0E383FD:LeaderElection216] INFO  impl.RaftServerImpl (RaftServerImpl.java:setRole(174)) - 09112efe-1fad-4539-a04f-c96aef6d2351@group-8808E0E383FD: changes role from CANDIDATE to LEADER at term 1 for changeToLeader
2019-09-26 21:19:24,266 [09112efe-1fad-4539-a04f-c96aef6d2351@group-8808E0E383FD:LeaderElection216] INFO  impl.RaftServerImpl (ServerState.java:setLeader(253)) - 09112efe-1fad-4539-a04f-c96aef6d2351@group-8808E0E383FD: change Leader from null to 09112efe-1fad-4539-a04f-c96aef6d2351 at term 1 for becomeLeader, leader elected after 8278ms
2019-09-26 21:19:24,265 [da833d8d-e72a-4068-9560-4daa2d83adc2@group-5DCD0764729A:LeaderElection215] INFO  impl.RaftServerImpl (RaftServerImpl.java:setRole(174)) - da833d8d-e72a-4068-9560-4daa2d83adc2@group-5DCD0764729A: changes role from CANDIDATE to LEADER at term 1 for changeToLeader
2019-09-26 21:19:24,266 [da833d8d-e72a-4068-9560-4daa2d83adc2@group-5DCD0764729A:LeaderElection215] INFO  impl.RaftServerImpl (ServerState.java:setLeader(253)) - da833d8d-e72a-4068-9560-4daa2d83adc2@group-5DCD0764729A: change Leader from null to da833d8d-e72a-4068-9560-4daa2d83adc2 at term 1 for becomeLeader, leader elected after 9186ms
2019-09-26 21:19:24,265 [1178c3ae-d0b4-4d44-b144-fe8504cc41ac@group-4A70B7218118:LeaderElection224] INFO  impl.RaftServerImpl (ServerState.java:setLeader(253)) - 1178c3ae-d0b4-4d44-b144-fe8504cc41ac@group-4A70B7218118: change Leader from null to 1178c3ae-d0b4-4d44-b144-fe8504cc41ac at term 1 for becomeLeader, leader elected after 8891ms
2019-09-26 21:19:24,265 [pool-67-thread-1] INFO  storage.RaftStorageDirectory (RaftStorageDirectory.java:tryLock(328)) - Lock on /workdir/hadoop-ozone/ozonefs/target/test-dir/MiniOzoneClusterImpl-5b64906c-d720-4906-b30c-b6d56a2122fd/datanode-4/data/ratis/7b84129e-b32c-4668-a8d4-450f00b29bd4/in_use.lock acquired by nodename 10701@pr-hdds-1569-g6sp5-2013761785
2019-09-26 21:19:24,265 [pool-37-thread-1] INFO  storage.RaftStorageDirectory (RaftStorageDirectory.java:tryLock(328)) - Lock on /workdir/hadoop-ozone/ozonefs/target/test-dir/MiniOzoneClusterImpl-5b64906c-d720-4906-b30c-b6d56a2122fd/datanode-1/data/ratis/7b84129e-b32c-4668-a8d4-450f00b29bd4/in_use.lock acquired by nodename 10701@pr-hdds-1569-g6sp5-2013761785
2019-09-26 21:19:24,267 [1178c3ae-d0b4-4d44-b144-fe8504cc41ac@group-4A70B7218118:LeaderElection224] INFO  server.RaftServerConfigKeys (ConfUtils.java:logGet(43)) - raft.server.staging.catchup.gap = 1000 (default)
2019-09-26 21:19:24,266 [da833d8d-e72a-4068-9560-4daa2d83adc2@group-5DCD0764729A:LeaderElection215] INFO  server.RaftServerConfigKeys (ConfUtils.java:logGet(43)) - raft.server.staging.catchup.gap = 1000 (default)
2019-09-26 21:19:24,267 [da833d8d-e72a-4068-9560-4daa2d83adc2@group-5DCD0764729A:LeaderElection215] INFO  server.RaftServerConfigKeys (ConfUtils.java:logGet(43)) - raft.server.rpc.sleep.time = 25ms (default)
2019-09-26 21:19:24,266 [09112efe-1fad-4539-a04f-c96aef6d2351@group-8808E0E383FD:LeaderElection216] INFO  server.RaftServerConfigKeys (ConfUtils.java:logGet(43)) - raft.server.staging.catchup.gap = 1000 (default)
2019-09-26 21:19:24,267 [09112efe-1fad-4539-a04f-c96aef6d2351@group-8808E0E383FD:LeaderElection216] INFO  server.RaftServerConfigKeys (ConfUtils.java:logGet(43)) - raft.server.rpc.sleep.time = 25ms (default)
2019-09-26 21:19:24,266 [da833d8d-e72a-4068-9560-4daa2d83adc2@group-2250387AFD51:LeaderElection217] INFO  impl.RaftServerImpl (ServerState.java:setLeader(253)) - da833d8d-e72a-4068-9560-4daa2d83adc2@group-2250387AFD51: change Leader from null to da833d8d-e72a-4068-9560-4daa2d83adc2 at term 1 for becomeLeader, leader elected after 7629ms
2019-09-26 21:19:24,266 [1178c3ae-d0b4-4d44-b144-fe8504cc41ac@group-5D863DA9B74C:LeaderElection222] INFO  server.RaftServerConfigKeys (ConfUtils.java:logGet(43)) - raft.server.staging.catchup.gap = 1000 (default)
2019-09-26 21:19:24,266 [0c640f50-2bc9-49b6-b785-a27e3116e6ba@group-2260AD7B7718:LeaderElection214] INFO  server.RaftServerConfigKeys (ConfUtils.java:logGet(43)) - raft.server.staging.catchup.gap = 1000 (default)
2019-09-26 21:19:24,268 [0c640f50-2bc9-49b6-b785-a27e3116e6ba@group-2260AD7B7718:LeaderElection214] INFO  server.RaftServerConfigKeys (ConfUtils.java:logGet(43)) - raft.server.rpc.sleep.time = 25ms (default)
2019-09-26 21:19:24,266 [9ce0b59e-153f-4f41-8aed-492a76d80b48@group-9B72ABBB0540-SegmentedRaftLogWorker] INFO  impl.RaftServerImpl (ServerState.java:close(385)) - 9ce0b59e-153f-4f41-8aed-492a76d80b48@group-9B72ABBB0540: closes. applyIndex: -1
2019-09-26 21:19:24,268 [1178c3ae-d0b4-4d44-b144-fe8504cc41ac@group-5D863DA9B74C:LeaderElection222] INFO  server.RaftServerConfigKeys (ConfUtils.java:logGet(43)) - raft.server.rpc.sleep.time = 25ms (default)
2019-09-26 21:19:24,268 [9ce0b59e-153f-4f41-8aed-492a76d80b48@group-9B72ABBB0540-SegmentedRaftLogWorker] INFO  segmented.SegmentedRaftLogWorker (SegmentedRaftLogWorker.java:close(228)) - 9ce0b59e-153f-4f41-8aed-492a76d80b48@group-9B72ABBB0540-SegmentedRaftLogWorker close()
2019-09-26 21:19:24,268 [da833d8d-e72a-4068-9560-4daa2d83adc2@group-2250387AFD51:LeaderElection217] INFO  server.RaftServerConfigKeys (ConfUtils.java:logGet(43)) - raft.server.staging.catchup.gap = 1000 (default)
2019-09-26 21:19:24,268 [da833d8d-e72a-4068-9560-4daa2d83adc2@group-2250387AFD51:LeaderElection217] INFO  server.RaftServerConfigKeys (ConfUtils.java:logGet(43)) - raft.server.rpc.sleep.time = 25ms (default)
2019-09-26 21:19:24,267 [1178c3ae-d0b4-4d44-b144-fe8504cc41ac@group-4A70B7218118:LeaderElection224] INFO  server.RaftServerConfigKeys (ConfUtils.java:logGet(43)) - raft.server.rpc.sleep.time = 25ms (default)
2019-09-26 21:19:24,309 [pool-67-thread-1] INFO  storage.RaftStorage (RaftStorage.java:format(72)) - Storage directory /workdir/hadoop-ozone/ozonefs/target/test-dir/MiniOzoneClusterImpl-5b64906c-d720-4906-b30c-b6d56a2122fd/datanode-4/data/ratis/7b84129e-b32c-4668-a8d4-450f00b29bd4 has been successfully formatted.
2019-09-26 21:19:24,309 [pool-37-thread-1] INFO  storage.RaftStorage (RaftStorage.java:format(72)) - Storage directory /workdir/hadoop-ozone/ozonefs/target/test-dir/MiniOzoneClusterImpl-5b64906c-d720-4906-b30c-b6d56a2122fd/datanode-1/data/ratis/7b84129e-b32c-4668-a8d4-450f00b29bd4 has been successfully formatted.
2019-09-26 21:19:24,309 [da833d8d-e72a-4068-9560-4daa2d83adc2@group-2250387AFD51:LeaderElection217] INFO  server.RaftServerConfigKeys (ConfUtils.java:logGet(43)) - raft.server.write.element-limit = 4096 (default)
2019-09-26 21:19:24,309 [09112efe-1fad-4539-a04f-c96aef6d2351@group-8808E0E383FD:LeaderElection216] INFO  server.RaftServerConfigKeys (ConfUtils.java:logGet(43)) - raft.server.write.element-limit = 4096 (default)
2019-09-26 21:19:24,309 [1178c3ae-d0b4-4d44-b144-fe8504cc41ac@group-4A70B7218118:LeaderElection224] INFO  server.RaftServerConfigKeys (ConfUtils.java:logGet(43)) - raft.server.write.element-limit = 4096 (default)
2019-09-26 21:19:24,309 [9ce0b59e-153f-4f41-8aed-492a76d80b48@group-F676E590A49D:LeaderElection186] INFO  server.RaftServerConfigKeys (ConfUtils.java:logGet(43)) - raft.server.write.element-limit = 4096 (default)
2019-09-26 21:19:24,310 [9ce0b59e-153f-4f41-8aed-492a76d80b48@group-F676E590A49D:LeaderElection186] INFO  server.RaftServerConfigKeys (ConfUtils.java:logGet(43)) - raft.server.watch.timeout = 10s (default)
2019-09-26 21:19:24,309 [09112efe-1fad-4539-a04f-c96aef6d2351@group-8808E0E383FD:LeaderElection216] INFO  server.RaftServerConfigKeys (ConfUtils.java:logGet(43)) - raft.server.watch.timeout = 10s (default)
2019-09-26 21:19:24,310 [Thread-1269] INFO  impl.RoleInfo (RoleInfo.java:updateAndGet(143)) - 9ce0b59e-153f-4f41-8aed-492a76d80b48: start LeaderElection
2019-09-26 21:19:24,310 [1178c3ae-d0b4-4d44-b144-fe8504cc41ac@group-9BABA4CE95C3:LeaderElection187] INFO  server.RaftServerConfigKeys (ConfUtils.java:logGet(43)) - raft.server.write.element-limit = 4096 (default)
2019-09-26 21:19:24,309 [1178c3ae-d0b4-4d44-b144-fe8504cc41ac@group-87E66A5F5023:LeaderElection218] INFO  server.RaftServerConfigKeys (ConfUtils.java:logGet(43)) - raft.server.write.element-limit = 4096 (default)
2019-09-26 21:19:24,309 [pool-27-thread-1] INFO  server.RaftServerConfigKeys (ConfUtils.java:logGet(43)) - raft.server.log.statemachine.data.caching.enabled = true (custom)
2019-09-26 21:19:24,309 [da833d8d-e72a-4068-9560-4daa2d83adc2@group-2250387AFD51:LeaderElection217] INFO  server.RaftServerConfigKeys (ConfUtils.java:logGet(43)) - raft.server.watch.timeout = 10s (default)
2019-09-26 21:19:24,311 [1178c3ae-d0b4-4d44-b144-fe8504cc41ac@group-9541723CC6E1:LeaderElection178] INFO  impl.RaftServerImpl (ServerState.java:setRaftConf(354)) - 1178c3ae-d0b4-4d44-b144-fe8504cc41ac@group-9541723CC6E1: set configuration 0: [1178c3ae-d0b4-4d44-b144-fe8504cc41ac:192.168.151.99:33787], old=null at 0
2019-09-26 21:19:24,309 [da833d8d-e72a-4068-9560-4daa2d83adc2@group-5DCD0764729A:LeaderElection215] INFO  server.RaftServerConfigKeys (ConfUtils.java:logGet(43)) - raft.server.write.element-limit = 4096 (default)
2019-09-26 21:19:24,311 [1178c3ae-d0b4-4d44-b144-fe8504cc41ac@group-51A2D4D8C13B:LeaderElection203] INFO  server.RaftServerConfigKeys (ConfUtils.java:logGet(43)) - raft.server.write.element-limit = 4096 (default)
2019-09-26 21:19:24,309 [0c640f50-2bc9-49b6-b785-a27e3116e6ba@group-2260AD7B7718:LeaderElection214] INFO  server.RaftServerConfigKeys (ConfUtils.java:logGet(43)) - raft.server.write.element-limit = 4096 (default)
2019-09-26 21:19:24,309 [pool-37-thread-1] INFO  ratis.ContainerStateMachine (ContainerStateMachine.java:loadSnapshot(230)) - group-450F00B29BD4: The snapshot info is null. Setting the last applied indexto:(t:0, i:~)
2019-09-26 21:19:24,309 [pool-67-thread-1] INFO  ratis.ContainerStateMachine (ContainerStateMachine.java:loadSnapshot(230)) - group-450F00B29BD4: The snapshot info is null. Setting the last applied indexto:(t:0, i:~)
2019-09-26 21:19:24,312 [pool-67-thread-1] INFO  server.RaftServerConfigKeys (ConfUtils.java:logGet(43)) - raft.server.notification.no-leader.timeout = 120s (custom)
2019-09-26 21:19:24,309 [1178c3ae-d0b4-4d44-b144-fe8504cc41ac@group-5D863DA9B74C:LeaderElection222] INFO  server.RaftServerConfigKeys (ConfUtils.java:logGet(43)) - raft.server.write.element-limit = 4096 (default)
2019-09-26 21:19:24,312 [pool-67-thread-1] INFO  server.RaftServerConfigKeys (ConfUtils.java:logGet(43)) - raft.server.log.use.memory = false (default)
2019-09-26 21:19:24,312 [pool-37-thread-1] INFO  server.RaftServerConfigKeys (ConfUtils.java:logGet(43)) - raft.server.notification.no-leader.timeout = 120s (custom)
2019-09-26 21:19:24,312 [0c640f50-2bc9-49b6-b785-a27e3116e6ba@group-2260AD7B7718:LeaderElection214] INFO  server.RaftServerConfigKeys (ConfUtils.java:logGet(43)) - raft.server.watch.timeout = 10s (default)
2019-09-26 21:19:24,312 [1178c3ae-d0b4-4d44-b144-fe8504cc41ac@group-51A2D4D8C13B:LeaderElection203] INFO  server.RaftServerConfigKeys (ConfUtils.java:logGet(43)) - raft.server.watch.timeout = 10s (default)
2019-09-26 21:19:24,312 [da833d8d-e72a-4068-9560-4daa2d83adc2@group-4E8FB90A84B2:LeaderElection171] INFO  impl.RaftServerImpl (ServerState.java:setRaftConf(354)) - da833d8d-e72a-4068-9560-4daa2d83adc2@group-4E8FB90A84B2: set configuration 0: [da833d8d-e72a-4068-9560-4daa2d83adc2:192.168.151.99:38903], old=null at 0
2019-09-26 21:19:24,311 [da833d8d-e72a-4068-9560-4daa2d83adc2@group-5DCD0764729A:LeaderElection215] INFO  server.RaftServerConfigKeys (ConfUtils.java:logGet(43)) - raft.server.watch.timeout = 10s (default)
2019-09-26 21:19:24,311 [Thread-1272] INFO  impl.RoleInfo (RoleInfo.java:updateAndGet(143)) - 0c640f50-2bc9-49b6-b785-a27e3116e6ba: start LeaderElection
2019-09-26 21:19:24,311 [pool-27-thread-1] INFO  segmented.SegmentedRaftLogWorker (SegmentedRaftLogWorker.java:lambda$new$0(132)) - 9ce0b59e-153f-4f41-8aed-492a76d80b48@group-99F158122B1E-SegmentedRaftLogWorker: flushIndex: setUnconditionally 0 -> -1
2019-09-26 21:19:24,311 [da833d8d-e72a-4068-9560-4daa2d83adc2@group-2250387AFD51:LeaderElection217] INFO  server.RaftServerConfigKeys (ConfUtils.java:logGet(43)) - raft.server.watch.timeout.denomination = 1s (default)
2019-09-26 21:19:24,311 [09112efe-1fad-4539-a04f-c96aef6d2351@group-78E06D6978FF:LeaderElection200] INFO  server.RaftServerConfigKeys (ConfUtils.java:logGet(43)) - raft.server.write.element-limit = 4096 (default)
2019-09-26 21:19:24,311 [9ce0b59e-153f-4f41-8aed-492a76d80b48@group-BBE9186E4BB1:LeaderElection189] INFO  server.RaftServerConfigKeys (ConfUtils.java:logGet(43)) - raft.server.write.element-limit = 4096 (default)
2019-09-26 21:19:24,311 [1178c3ae-d0b4-4d44-b144-fe8504cc41ac@group-87E66A5F5023:LeaderElection218] INFO  server.RaftServerConfigKeys (ConfUtils.java:logGet(43)) - raft.server.watch.timeout = 10s (default)
2019-09-26 21:19:24,311 [9ce0b59e-153f-4f41-8aed-492a76d80b48@group-0FD1EA0A8F9D:LeaderElection196] INFO  server.RaftServerConfigKeys (ConfUtils.java:logGet(43)) - raft.server.write.element-limit = 4096 (default)
2019-09-26 21:19:24,311 [9ce0b59e-153f-4f41-8aed-492a76d80b48@group-89E64784085E:LeaderElection191] INFO  server.RaftServerConfigKeys (ConfUtils.java:logGet(43)) - raft.server.write.element-limit = 4096 (default)
2019-09-26 21:19:24,311 [9ce0b59e-153f-4f41-8aed-492a76d80b48@group-2336121AAD70:LeaderElection188] INFO  server.RaftServerConfigKeys (ConfUtils.java:logGet(43)) - raft.server.write.element-limit = 4096 (default)
2019-09-26 21:19:24,311 [9ce0b59e-153f-4f41-8aed-492a76d80b48@group-7AF436DBD9FF:LeaderElection199] INFO  server.RaftServerConfigKeys (ConfUtils.java:logGet(43)) - raft.server.write.element-limit = 4096 (default)
2019-09-26 21:19:24,311 [1178c3ae-d0b4-4d44-b144-fe8504cc41ac@group-C4ECAA6EBF50:LeaderElection198] INFO  server.RaftServerConfigKeys (ConfUtils.java:logGet(43)) - raft.server.write.element-limit = 4096 (default)
2019-09-26 21:19:25,576 [1178c3ae-d0b4-4d44-b144-fe8504cc41ac@group-C4ECAA6EBF50:LeaderElection198] INFO  server.RaftServerConfigKeys (ConfUtils.java:logGet(43)) - raft.server.watch.timeout = 10s (default)
2019-09-26 21:19:24,311 [09112efe-1fad-4539-a04f-c96aef6d2351@group-3345E11CC80E:LeaderElection192] INFO  server.RaftServerConfigKeys (ConfUtils.java:logGet(43)) - raft.server.write.element-limit = 4096 (default)
2019-09-26 21:19:24,311 [9ce0b59e-153f-4f41-8aed-492a76d80b48@group-C9D9502D9D87:LeaderElection208] INFO  server.RaftServerConfigKeys (ConfUtils.java:logGet(43)) - raft.server.write.element-limit = 4096 (default)
2019-09-26 21:19:24,311 [1178c3ae-d0b4-4d44-b144-fe8504cc41ac@group-9BABA4CE95C3:LeaderElection187] INFO  server.RaftServerConfigKeys (ConfUtils.java:logGet(43)) - raft.server.watch.timeout = 10s (default)
2019-09-26 21:19:24,311 [09112efe-1fad-4539-a04f-c96aef6d2351@group-786B1197DED0:LeaderElection185] INFO  server.RaftServerConfigKeys (ConfUtils.java:logGet(43)) - raft.server.write.element-limit = 4096 (default)
2019-09-26 21:19:24,310 [1178c3ae-d0b4-4d44-b144-fe8504cc41ac@group-775FCA086A09:LeaderElection195] INFO  server.RaftServerConfigKeys (ConfUtils.java:logGet(43)) - raft.server.write.element-limit = 4096 (default)
2019-09-26 21:19:24,310 [9ce0b59e-153f-4f41-8aed-492a76d80b48@group-710F4F4B8A6C:LeaderElection213] INFO  server.RaftServerConfigKeys (ConfUtils.java:logGet(43)) - raft.server.write.element-limit = 4096 (default)
2019-09-26 21:19:24,310 [9ce0b59e-153f-4f41-8aed-492a76d80b48@group-00776E898AAB:LeaderElection204] INFO  server.RaftServerConfigKeys (ConfUtils.java:logGet(43)) - raft.server.write.element-limit = 4096 (default)
2019-09-26 21:19:24,310 [9ce0b59e-153f-4f41-8aed-492a76d80b48@group-556BB265CEA3:LeaderElection205] INFO  server.RaftServerConfigKeys (ConfUtils.java:logGet(43)) - raft.server.write.element-limit = 4096 (default)
2019-09-26 21:19:24,310 [da833d8d-e72a-4068-9560-4daa2d83adc2@group-009B25A2B20A:LeaderElection201] INFO  server.RaftServerConfigKeys (ConfUtils.java:logGet(43)) - raft.server.write.element-limit = 4096 (default)
2019-09-26 21:19:24,310 [09112efe-1fad-4539-a04f-c96aef6d2351@group-8808E0E383FD:LeaderElection216] INFO  server.RaftServerConfigKeys (ConfUtils.java:logGet(43)) - raft.server.watch.timeout.denomination = 1s (default)
2019-09-26 21:19:24,310 [9ce0b59e-153f-4f41-8aed-492a76d80b48@group-1B503A35F909:LeaderElection212] INFO  server.RaftServerConfigKeys (ConfUtils.java:logGet(43)) - raft.server.write.element-limit = 4096 (default)
2019-09-26 21:19:24,310 [Thread-1288] INFO  impl.RoleInfo (RoleInfo.java:updateAndGet(143)) - da833d8d-e72a-4068-9560-4daa2d83adc2: start LeaderElection
2019-09-26 21:19:24,310 [9ce0b59e-153f-4f41-8aed-492a76d80b48@group-4AD36DEDF59B:LeaderElection202] INFO  server.RaftServerConfigKeys (ConfUtils.java:logGet(43)) - raft.server.write.element-limit = 4096 (default)
2019-09-26 21:19:24,310 [9ce0b59e-153f-4f41-8aed-492a76d80b48@group-F676E590A49D:LeaderElection186] INFO  server.RaftServerConfigKeys (ConfUtils.java:logGet(43)) - raft.server.watch.timeout.denomination = 1s (default)
2019-09-26 21:19:24,310 [9ce0b59e-153f-4f41-8aed-492a76d80b48@group-53B6FB8525AE:LeaderElection209] INFO  server.RaftServerConfigKeys (ConfUtils.java:logGet(43)) - raft.server.write.element-limit = 4096 (default)
2019-09-26 21:19:24,310 [da833d8d-e72a-4068-9560-4daa2d83adc2@group-80D4D31A8B20:LeaderElection207] INFO  server.RaftServerConfigKeys (ConfUtils.java:logGet(43)) - raft.server.write.element-limit = 4096 (default)
2019-09-26 21:19:24,310 [da833d8d-e72a-4068-9560-4daa2d83adc2@group-BB2190CB963E:LeaderElection194] INFO  server.RaftServerConfigKeys (ConfUtils.java:logGet(43)) - raft.server.write.element-limit = 4096 (default)
2019-09-26 21:19:24,310 [9ce0b59e-153f-4f41-8aed-492a76d80b48@group-2F3A14F08318:LeaderElection197] INFO  server.RaftServerConfigKeys (ConfUtils.java:logGet(43)) - raft.server.write.element-limit = 4096 (default)
2019-09-26 21:19:24,310 [09112efe-1fad-4539-a04f-c96aef6d2351@group-11EBA2FC1B7A:LeaderElection206] INFO  server.RaftServerConfigKeys (ConfUtils.java:logGet(43)) - raft.server.write.element-limit = 4096 (default)
2019-09-26 21:19:24,310 [1178c3ae-d0b4-4d44-b144-fe8504cc41ac@group-6F0B28853612:LeaderElection184] INFO  server.RaftServerConfigKeys (ConfUtils.java:logGet(43)) - raft.server.write.element-limit = 4096 (default)
2019-09-26 21:19:25,580 [1178c3ae-d0b4-4d44-b144-fe8504cc41ac@group-6F0B28853612:LeaderElection184] INFO  server.RaftServerConfigKeys (ConfUtils.java:logGet(43)) - raft.server.watch.timeout = 10s (default)
2019-09-26 21:19:24,310 [09112efe-1fad-4539-a04f-c96aef6d2351@group-A77325013DF5:LeaderElection183] INFO  server.RaftServerConfigKeys (ConfUtils.java:logGet(43)) - raft.server.write.element-limit = 4096 (default)
2019-09-26 21:19:24,310 [9ce0b59e-153f-4f41-8aed-492a76d80b48@group-6E6C68F22454:LeaderElection210] INFO  server.RaftServerConfigKeys (ConfUtils.java:logGet(43)) - raft.server.write.element-limit = 4096 (default)
2019-09-26 21:19:24,310 [1178c3ae-d0b4-4d44-b144-fe8504cc41ac@group-449BE572DC99:LeaderElection190] INFO  server.RaftServerConfigKeys (ConfUtils.java:logGet(43)) - raft.server.write.element-limit = 4096 (default)
2019-09-26 21:19:24,310 [09112efe-1fad-4539-a04f-c96aef6d2351@group-36B2132502C2:LeaderElection193] INFO  server.RaftServerConfigKeys (ConfUtils.java:logGet(43)) - raft.server.write.element-limit = 4096 (default)
2019-09-26 21:19:24,310 [1178c3ae-d0b4-4d44-b144-fe8504cc41ac@group-E8E6DAF52BD9:LeaderElection211] INFO  server.RaftServerConfigKeys (ConfUtils.java:logGet(43)) - raft.server.write.element-limit = 4096 (default)
2019-09-26 21:19:24,310 [1178c3ae-d0b4-4d44-b144-fe8504cc41ac@group-4A70B7218118:LeaderElection224] INFO  server.RaftServerConfigKeys (ConfUtils.java:logGet(43)) - raft.server.watch.timeout = 10s (default)
2019-09-26 21:19:25,581 [1178c3ae-d0b4-4d44-b144-fe8504cc41ac@group-E8E6DAF52BD9:LeaderElection211] INFO  server.RaftServerConfigKeys (ConfUtils.java:logGet(43)) - raft.server.watch.timeout = 10s (default)
2019-09-26 21:19:25,581 [1178c3ae-d0b4-4d44-b144-fe8504cc41ac@group-E8E6DAF52BD9:LeaderElection211] INFO  server.RaftServerConfigKeys (ConfUtils.java:logGet(43)) - raft.server.watch.timeout.denomination = 1s (default)
2019-09-26 21:19:25,581 [09112efe-1fad-4539-a04f-c96aef6d2351@group-36B2132502C2:LeaderElection193] INFO  server.RaftServerConfigKeys (ConfUtils.java:logGet(43)) - raft.server.watch.timeout = 10s (default)
2019-09-26 21:19:25,582 [09112efe-1fad-4539-a04f-c96aef6d2351@group-36B2132502C2:LeaderElection193] INFO  server.RaftServerConfigKeys (ConfUtils.java:logGet(43)) - raft.server.watch.timeout.denomination = 1s (default)
2019-09-26 21:19:25,581 [1178c3ae-d0b4-4d44-b144-fe8504cc41ac@group-449BE572DC99:LeaderElection190] INFO  server.RaftServerConfigKeys (ConfUtils.java:logGet(43)) - raft.server.watch.timeout = 10s (default)
2019-09-26 21:19:25,582 [1178c3ae-d0b4-4d44-b144-fe8504cc41ac@group-449BE572DC99:LeaderElection190] INFO  server.RaftServerConfigKeys (ConfUtils.java:logGet(43)) - raft.server.watch.timeout.denomination = 1s (default)
2019-09-26 21:19:25,582 [1178c3ae-d0b4-4d44-b144-fe8504cc41ac@group-449BE572DC99:LeaderElection190] INFO  server.RaftServerConfigKeys (ConfUtils.java:logGet(43)) - raft.server.watch.element-limit = 65536 (default)
2019-09-26 21:19:25,580 [9ce0b59e-153f-4f41-8aed-492a76d80b48@group-6E6C68F22454:LeaderElection210] INFO  server.RaftServerConfigKeys (ConfUtils.java:logGet(43)) - raft.server.watch.timeout = 10s (default)
2019-09-26 21:19:25,582 [9ce0b59e-153f-4f41-8aed-492a76d80b48@group-6E6C68F22454:LeaderElection210] INFO  server.RaftServerConfigKeys (ConfUtils.java:logGet(43)) - raft.server.watch.timeout.denomination = 1s (default)
2019-09-26 21:19:25,580 [09112efe-1fad-4539-a04f-c96aef6d2351@group-A77325013DF5:LeaderElection183] INFO  server.RaftServerConfigKeys (ConfUtils.java:logGet(43)) - raft.server.watch.timeout = 10s (default)
2019-09-26 21:19:25,580 [1178c3ae-d0b4-4d44-b144-fe8504cc41ac@group-6F0B28853612:LeaderElection184] INFO  server.RaftServerConfigKeys (ConfUtils.java:logGet(43)) - raft.server.watch.timeout.denomination = 1s (default)
2019-09-26 21:19:25,580 [09112efe-1fad-4539-a04f-c96aef6d2351@group-11EBA2FC1B7A:LeaderElection206] INFO  server.RaftServerConfigKeys (ConfUtils.java:logGet(43)) - raft.server.watch.timeout = 10s (default)
2019-09-26 21:19:25,579 [9ce0b59e-153f-4f41-8aed-492a76d80b48@group-2F3A14F08318:LeaderElection197] INFO  server.RaftServerConfigKeys (ConfUtils.java:logGet(43)) - raft.server.watch.timeout = 10s (default)
2019-09-26 21:19:25,583 [9ce0b59e-153f-4f41-8aed-492a76d80b48@group-2F3A14F08318:LeaderElection197] INFO  server.RaftServerConfigKeys (ConfUtils.java:logGet(43)) - raft.server.watch.timeout.denomination = 1s (default)
2019-09-26 21:19:25,579 [da833d8d-e72a-4068-9560-4daa2d83adc2@group-BB2190CB963E:LeaderElection194] INFO  server.RaftServerConfigKeys (ConfUtils.java:logGet(43)) - raft.server.watch.timeout = 10s (default)
2019-09-26 21:19:25,583 [da833d8d-e72a-4068-9560-4daa2d83adc2@group-BB2190CB963E:LeaderElection194] INFO  server.RaftServerConfigKeys (ConfUtils.java:logGet(43)) - raft.server.watch.timeout.denomination = 1s (default)
2019-09-26 21:19:25,579 [da833d8d-e72a-4068-9560-4daa2d83adc2@group-80D4D31A8B20:LeaderElection207] INFO  server.RaftServerConfigKeys (ConfUtils.java:logGet(43)) - raft.server.watch.timeout = 10s (default)
2019-09-26 21:19:25,584 [da833d8d-e72a-4068-9560-4daa2d83adc2@group-80D4D31A8B20:LeaderElection207] INFO  server.RaftServerConfigKeys (ConfUtils.java:logGet(43)) - raft.server.watch.timeout.denomination = 1s (default)
2019-09-26 21:19:25,579 [9ce0b59e-153f-4f41-8aed-492a76d80b48@group-53B6FB8525AE:LeaderElection209] INFO  server.RaftServerConfigKeys (ConfUtils.java:logGet(43)) - raft.server.watch.timeout = 10s (default)
2019-09-26 21:19:25,579 [9ce0b59e-153f-4f41-8aed-492a76d80b48@group-F676E590A49D:LeaderElection186] INFO  server.RaftServerConfigKeys (ConfUtils.java:logGet(43)) - raft.server.watch.element-limit = 65536 (default)
2019-09-26 21:19:25,579 [9ce0b59e-153f-4f41-8aed-492a76d80b48@group-4AD36DEDF59B:LeaderElection202] INFO  server.RaftServerConfigKeys (ConfUtils.java:logGet(43)) - raft.server.watch.timeout = 10s (default)
2019-09-26 21:19:25,584 [9ce0b59e-153f-4f41-8aed-492a76d80b48@group-4AD36DEDF59B:LeaderElection202] INFO  server.RaftServerConfigKeys (ConfUtils.java:logGet(43)) - raft.server.watch.timeout.denomination = 1s (default)
2019-09-26 21:19:25,578 [9ce0b59e-153f-4f41-8aed-492a76d80b48@group-1B503A35F909:LeaderElection212] INFO  server.RaftServerConfigKeys (ConfUtils.java:logGet(43)) - raft.server.watch.timeout = 10s (default)
2019-09-26 21:19:25,585 [9ce0b59e-153f-4f41-8aed-492a76d80b48@group-1B503A35F909:LeaderElection212] INFO  server.RaftServerConfigKeys (ConfUtils.java:logGet(43)) - raft.server.watch.timeout.denomination = 1s (default)
2019-09-26 21:19:25,578 [09112efe-1fad-4539-a04f-c96aef6d2351@group-8808E0E383FD:LeaderElection216] INFO  server.RaftServerConfigKeys (ConfUtils.java:logGet(43)) - raft.server.watch.element-limit = 65536 (default)
2019-09-26 21:19:25,578 [da833d8d-e72a-4068-9560-4daa2d83adc2@group-009B25A2B20A:LeaderElection201] INFO  server.RaftServerConfigKeys (ConfUtils.java:logGet(43)) - raft.server.watch.timeout = 10s (default)
2019-09-26 21:19:25,585 [da833d8d-e72a-4068-9560-4daa2d83adc2@group-009B25A2B20A:LeaderElection201] INFO  server.RaftServerConfigKeys (ConfUtils.java:logGet(43)) - raft.server.watch.timeout.denomination = 1s (default)
2019-09-26 21:19:25,578 [9ce0b59e-153f-4f41-8aed-492a76d80b48@group-556BB265CEA3:LeaderElection205] INFO  server.RaftServerConfigKeys (ConfUtils.java:logGet(43)) - raft.server.watch.timeout = 10s (default)
2019-09-26 21:19:25,585 [9ce0b59e-153f-4f41-8aed-492a76d80b48@group-556BB265CEA3:LeaderElection205] INFO  server.RaftServerConfigKeys (ConfUtils.java:logGet(43)) - raft.server.watch.timeout.denomination = 1s (default)
2019-09-26 21:19:25,577 [9ce0b59e-153f-4f41-8aed-492a76d80b48@group-00776E898AAB:LeaderElection204] INFO  server.RaftServerConfigKeys (ConfUtils.java:logGet(43)) - raft.server.watch.timeout = 10s (default)
2019-09-26 21:19:25,577 [9ce0b59e-153f-4f41-8aed-492a76d80b48@group-710F4F4B8A6C:LeaderElection213] INFO  server.RaftServerConfigKeys (ConfUtils.java:logGet(43)) - raft.server.watch.timeout = 10s (default)
2019-09-26 21:19:25,577 [1178c3ae-d0b4-4d44-b144-fe8504cc41ac@group-775FCA086A09:LeaderElection195] INFO  server.RaftServerConfigKeys (ConfUtils.java:logGet(43)) - raft.server.watch.timeout = 10s (default)
2019-09-26 21:19:25,577 [09112efe-1fad-4539-a04f-c96aef6d2351@group-786B1197DED0:LeaderElection185] INFO  server.RaftServerConfigKeys (ConfUtils.java:logGet(43)) - raft.server.watch.timeout = 10s (default)
2019-09-26 21:19:25,577 [1178c3ae-d0b4-4d44-b144-fe8504cc41ac@group-9BABA4CE95C3:LeaderElection187] INFO  server.RaftServerConfigKeys (ConfUtils.java:logGet(43)) - raft.server.watch.timeout.denomination = 1s (default)
2019-09-26 21:19:25,577 [9ce0b59e-153f-4f41-8aed-492a76d80b48@group-C9D9502D9D87:LeaderElection208] INFO  server.RaftServerConfigKeys (ConfUtils.java:logGet(43)) - raft.server.watch.timeout = 10s (default)
2019-09-26 21:19:25,576 [09112efe-1fad-4539-a04f-c96aef6d2351@group-3345E11CC80E:LeaderElection192] INFO  server.RaftServerConfigKeys (ConfUtils.java:logGet(43)) - raft.server.watch.timeout = 10s (default)
2019-09-26 21:19:25,576 [1178c3ae-d0b4-4d44-b144-fe8504cc41ac@group-C4ECAA6EBF50:LeaderElection198] INFO  server.RaftServerConfigKeys (ConfUtils.java:logGet(43)) - raft.server.watch.timeout.denomination = 1s (default)
2019-09-26 21:19:25,587 [1178c3ae-d0b4-4d44-b144-fe8504cc41ac@group-C4ECAA6EBF50:LeaderElection198] INFO  server.RaftServerConfigKeys (ConfUtils.java:logGet(43)) - raft.server.watch.element-limit = 65536 (default)
2019-09-26 21:19:25,576 [9ce0b59e-153f-4f41-8aed-492a76d80b48@group-7AF436DBD9FF:LeaderElection199] INFO  server.RaftServerConfigKeys (ConfUtils.java:logGet(43)) - raft.server.watch.timeout = 10s (default)
2019-09-26 21:19:25,576 [9ce0b59e-153f-4f41-8aed-492a76d80b48@group-2336121AAD70:LeaderElection188] INFO  server.RaftServerConfigKeys (ConfUtils.java:logGet(43)) - raft.server.watch.timeout = 10s (default)
2019-09-26 21:19:25,575 [9ce0b59e-153f-4f41-8aed-492a76d80b48@group-89E64784085E:LeaderElection191] INFO  server.RaftServerConfigKeys (ConfUtils.java:logGet(43)) - raft.server.watch.timeout = 10s (default)
2019-09-26 21:19:25,575 [9ce0b59e-153f-4f41-8aed-492a76d80b48@group-0FD1EA0A8F9D:LeaderElection196] INFO  server.RaftServerConfigKeys (ConfUtils.java:logGet(43)) - raft.server.watch.timeout = 10s (default)
2019-09-26 21:19:25,588 [9ce0b59e-153f-4f41-8aed-492a76d80b48@group-0FD1EA0A8F9D:LeaderElection196] INFO  server.RaftServerConfigKeys (ConfUtils.java:logGet(43)) - raft.server.watch.timeout.denomination = 1s (default)
2019-09-26 21:19:25,575 [1178c3ae-d0b4-4d44-b144-fe8504cc41ac@group-87E66A5F5023:LeaderElection218] INFO  server.RaftServerConfigKeys (ConfUtils.java:logGet(43)) - raft.server.watch.timeout.denomination = 1s (default)
2019-09-26 21:19:25,588 [1178c3ae-d0b4-4d44-b144-fe8504cc41ac@group-87E66A5F5023:LeaderElection218] INFO  server.RaftServerConfigKeys (ConfUtils.java:logGet(43)) - raft.server.watch.element-limit = 65536 (default)
2019-09-26 21:19:25,575 [9ce0b59e-153f-4f41-8aed-492a76d80b48@group-BBE9186E4BB1:LeaderElection189] INFO  server.RaftServerConfigKeys (ConfUtils.java:logGet(43)) - raft.server.watch.timeout = 10s (default)
2019-09-26 21:19:25,588 [9ce0b59e-153f-4f41-8aed-492a76d80b48@group-BBE9186E4BB1:LeaderElection189] INFO  server.RaftServerConfigKeys (ConfUtils.java:logGet(43)) - raft.server.watch.timeout.denomination = 1s (default)
2019-09-26 21:19:24,685 [09112efe-1fad-4539-a04f-c96aef6d2351@group-78E06D6978FF:LeaderElection200] INFO  server.RaftServerConfigKeys (ConfUtils.java:logGet(43)) - raft.server.watch.timeout = 10s (default)
2019-09-26 21:19:24,684 [pool-27-thread-1] INFO  server.RaftServerConfigKeys (ConfUtils.java:logGet(43)) - raft.server.snapshot.auto.trigger.enabled = true (custom)
2019-09-26 21:19:25,589 [pool-27-thread-1] INFO  server.RaftServerConfigKeys (ConfUtils.java:logGet(43)) - raft.server.snapshot.auto.trigger.threshold = 10000 (custom)
2019-09-26 21:19:24,684 [da833d8d-e72a-4068-9560-4daa2d83adc2@group-2250387AFD51:LeaderElection217] INFO  server.RaftServerConfigKeys (ConfUtils.java:logGet(43)) - raft.server.watch.element-limit = 65536 (default)
2019-09-26 21:19:24,684 [1178c3ae-d0b4-4d44-b144-fe8504cc41ac@group-500F90204D11:LeaderElection223] INFO  impl.LeaderElection (LeaderElection.java:askForVotes(182)) - 1178c3ae-d0b4-4d44-b144-fe8504cc41ac@group-500F90204D11:LeaderElection223: begin an election at term 1 for -1: [1178c3ae-d0b4-4d44-b144-fe8504cc41ac:192.168.151.99:33787], old=null
2019-09-26 21:19:24,684 [09112efe-1fad-4539-a04f-c96aef6d2351@group-19C9B7CB6A04:LeaderElection221] INFO  impl.LeaderElection (LeaderElection.java:askForVotes(182)) - 09112efe-1fad-4539-a04f-c96aef6d2351@group-19C9B7CB6A04:LeaderElection221: begin an election at term 1 for -1: [09112efe-1fad-4539-a04f-c96aef6d2351:192.168.151.99:45286], old=null
2019-09-26 21:19:25,590 [09112efe-1fad-4539-a04f-c96aef6d2351@group-19C9B7CB6A04:LeaderElection221] INFO  impl.RoleInfo (RoleInfo.java:shutdownLeaderElection(134)) - 09112efe-1fad-4539-a04f-c96aef6d2351: shutdown LeaderElection
2019-09-26 21:19:24,684 [9ce0b59e-153f-4f41-8aed-492a76d80b48@group-255437930481:LeaderElection226] INFO  impl.LeaderElection (LeaderElection.java:askForVotes(182)) - 9ce0b59e-153f-4f41-8aed-492a76d80b48@group-255437930481:LeaderElection226: begin an election at term 2 for -1: [0c640f50-2bc9-49b6-b785-a27e3116e6ba:192.168.151.99:42361, 9ce0b59e-153f-4f41-8aed-492a76d80b48:192.168.151.99:34156, da833d8d-e72a-4068-9560-4daa2d83adc2:192.168.151.99:38903], old=null
2019-09-26 21:19:24,684 [1178c3ae-d0b4-4d44-b144-fe8504cc41ac@group-CF9C7CE836F7:LeaderElection219] INFO  impl.LeaderElection (LeaderElection.java:askForVotes(182)) - 1178c3ae-d0b4-4d44-b144-fe8504cc41ac@group-CF9C7CE836F7:LeaderElection219: begin an election at term 1 for -1: [1178c3ae-d0b4-4d44-b144-fe8504cc41ac:192.168.151.99:33787], old=null
2019-09-26 21:19:25,590 [1178c3ae-d0b4-4d44-b144-fe8504cc41ac@group-CF9C7CE836F7:LeaderElection219] INFO  impl.RoleInfo (RoleInfo.java:shutdownLeaderElection(134)) - 1178c3ae-d0b4-4d44-b144-fe8504cc41ac: shutdown LeaderElection
2019-09-26 21:19:24,684 [9ce0b59e-153f-4f41-8aed-492a76d80b48@group-A9F28D9A165E:LeaderElection220] INFO  impl.LeaderElection (LeaderElection.java:askForVotes(182)) - 9ce0b59e-153f-4f41-8aed-492a76d80b48@group-A9F28D9A165E:LeaderElection220: begin an election at term 1 for -1: [9ce0b59e-153f-4f41-8aed-492a76d80b48:192.168.151.99:34156], old=null
2019-09-26 21:19:24,679 [09112efe-1fad-4539-a04f-c96aef6d2351@group-B816AAC0A64C-SegmentedRaftLogWorker] ERROR segmented.SegmentedRaftLogWorker (SegmentedRaftLogWorker.java:run(323)) - 09112efe-1fad-4539-a04f-c96aef6d2351@group-B816AAC0A64C-SegmentedRaftLogWorker hit exception
java.lang.OutOfMemoryError: Direct buffer memory
	at java.nio.Bits.reserveMemory(Bits.java:666)
	at java.nio.DirectByteBuffer.<init>(DirectByteBuffer.java:123)
	at java.nio.ByteBuffer.allocateDirect(ByteBuffer.java:311)
	at org.apache.ratis.server.raftlog.segmented.BufferedWriteChannel.<init>(BufferedWriteChannel.java:41)
	at org.apache.ratis.server.raftlog.segmented.SegmentedRaftLogOutputStream.<init>(SegmentedRaftLogOutputStream.java:72)
	at org.apache.ratis.server.raftlog.segmented.SegmentedRaftLogWorker$StartLogSegment.execute(SegmentedRaftLogWorker.java:566)
	at org.apache.ratis.server.raftlog.segmented.SegmentedRaftLogWorker.run(SegmentedRaftLogWorker.java:289)
	at java.lang.Thread.run(Thread.java:748)
2019-09-26 21:19:25,591 [09112efe-1fad-4539-a04f-c96aef6d2351@group-B816AAC0A64C-SegmentedRaftLogWorker] INFO  impl.RaftServerImpl (RaftServerImpl.java:lambda$shutdown$3(251)) - 09112efe-1fad-4539-a04f-c96aef6d2351@group-B816AAC0A64C: shutdown
2019-09-26 21:19:24,314 [da833d8d-e72a-4068-9560-4daa2d83adc2@group-5DCD0764729A:LeaderElection215] INFO  server.RaftServerConfigKeys (ConfUtils.java:logGet(43)) - raft.server.watch.timeout.denomination = 1s (default)
2019-09-26 21:19:24,313 [1178c3ae-d0b4-4d44-b144-fe8504cc41ac@group-51A2D4D8C13B:LeaderElection203] INFO  server.RaftServerConfigKeys (ConfUtils.java:logGet(43)) - raft.server.watch.timeout.denomination = 1s (default)
2019-09-26 21:19:25,591 [1178c3ae-d0b4-4d44-b144-fe8504cc41ac@group-51A2D4D8C13B:LeaderElection203] INFO  server.RaftServerConfigKeys (ConfUtils.java:logGet(43)) - raft.server.watch.element-limit = 65536 (default)
2019-09-26 21:19:24,313 [da833d8d-e72a-4068-9560-4daa2d83adc2@group-85E87D856CDF:LeaderElection176] INFO  impl.RaftServerImpl (ServerState.java:setRaftConf(354)) - da833d8d-e72a-4068-9560-4daa2d83adc2@group-85E87D856CDF: set configuration 0: [da833d8d-e72a-4068-9560-4daa2d83adc2:192.168.151.99:38903], old=null at 0
2019-09-26 21:19:24,313 [9ce0b59e-153f-4f41-8aed-492a76d80b48@group-33318FFD8D83:LeaderElection177] INFO  impl.RaftServerImpl (ServerState.java:setRaftConf(354)) - 9ce0b59e-153f-4f41-8aed-492a76d80b48@group-33318FFD8D83: set configuration 0: [9ce0b59e-153f-4f41-8aed-492a76d80b48:192.168.151.99:34156], old=null at 0
2019-09-26 21:19:24,313 [0c640f50-2bc9-49b6-b785-a27e3116e6ba@group-2260AD7B7718:LeaderElection214] INFO  server.RaftServerConfigKeys (ConfUtils.java:logGet(43)) - raft.server.watch.timeout.denomination = 1s (default)
2019-09-26 21:19:24,313 [9ce0b59e-153f-4f41-8aed-492a76d80b48@group-F571F2D46B43:LeaderElection173] INFO  impl.RaftServerImpl (ServerState.java:setRaftConf(354)) - 9ce0b59e-153f-4f41-8aed-492a76d80b48@group-F571F2D46B43: set configuration 0: [9ce0b59e-153f-4f41-8aed-492a76d80b48:192.168.151.99:34156], old=null at 0
2019-09-26 21:19:24,313 [pool-67-thread-1] INFO  server.RaftServerConfigKeys (ConfUtils.java:logGet(43)) - raft.server.log.purge.gap = 1000000 (custom)
2019-09-26 21:19:24,313 [pool-37-thread-1] INFO  server.RaftServerConfigKeys (ConfUtils.java:logGet(43)) - raft.server.log.use.memory = false (default)
2019-09-26 21:19:24,313 [1178c3ae-d0b4-4d44-b144-fe8504cc41ac@group-5D863DA9B74C:LeaderElection222] INFO  server.RaftServerConfigKeys (ConfUtils.java:logGet(43)) - raft.server.watch.timeout = 10s (default)
2019-09-26 21:19:25,592 [pool-37-thread-1] INFO  server.RaftServerConfigKeys (ConfUtils.java:logGet(43)) - raft.server.log.purge.gap = 1000000 (custom)
2019-09-26 21:19:25,593 [pool-37-thread-1] INFO  server.RaftServerConfigKeys (ConfUtils.java:logGet(43)) - raft.server.log.appender.buffer.byte-limit = 33554432 (custom)
2019-09-26 21:19:25,592 [pool-67-thread-1] INFO  server.RaftServerConfigKeys (ConfUtils.java:logGet(43)) - raft.server.log.appender.buffer.byte-limit = 33554432 (custom)
2019-09-26 21:19:25,592 [0c640f50-2bc9-49b6-b785-a27e3116e6ba@group-2260AD7B7718:LeaderElection214] INFO  server.RaftServerConfigKeys (ConfUtils.java:logGet(43)) - raft.server.watch.element-limit = 65536 (default)
2019-09-26 21:19:25,591 [da833d8d-e72a-4068-9560-4daa2d83adc2@group-5DCD0764729A:LeaderElection215] INFO  server.RaftServerConfigKeys (ConfUtils.java:logGet(43)) - raft.server.watch.element-limit = 65536 (default)
2019-09-26 21:19:25,591 [09112efe-1fad-4539-a04f-c96aef6d2351@group-B816AAC0A64C-SegmentedRaftLogWorker] INFO  util.JmxRegister (JmxRegister.java:unregister(73)) - Successfully un-registered JMX Bean with object name Ratis:service=RaftServer,group=group-B816AAC0A64C,id=09112efe-1fad-4539-a04f-c96aef6d2351
2019-09-26 21:19:25,594 [09112efe-1fad-4539-a04f-c96aef6d2351@group-B816AAC0A64C-SegmentedRaftLogWorker] INFO  impl.RoleInfo (RoleInfo.java:shutdownLeaderState(104)) - 09112efe-1fad-4539-a04f-c96aef6d2351: shutdown LeaderState
2019-09-26 21:19:25,590 [9ce0b59e-153f-4f41-8aed-492a76d80b48@group-A9F28D9A165E:LeaderElection220] INFO  impl.RoleInfo (RoleInfo.java:shutdownLeaderElection(134)) - 9ce0b59e-153f-4f41-8aed-492a76d80b48: shutdown LeaderElection
2019-09-26 21:19:25,590 [1178c3ae-d0b4-4d44-b144-fe8504cc41ac@group-CF9C7CE836F7:LeaderElection219] INFO  impl.RaftServerImpl (RaftServerImpl.java:setRole(174)) - 1178c3ae-d0b4-4d44-b144-fe8504cc41ac@group-CF9C7CE836F7: changes role from CANDIDATE to LEADER at term 1 for changeToLeader
2019-09-26 21:19:25,594 [1178c3ae-d0b4-4d44-b144-fe8504cc41ac@group-CF9C7CE836F7:LeaderElection219] INFO  impl.RaftServerImpl (ServerState.java:setLeader(253)) - 1178c3ae-d0b4-4d44-b144-fe8504cc41ac@group-CF9C7CE836F7: change Leader from null to 1178c3ae-d0b4-4d44-b144-fe8504cc41ac at term 1 for becomeLeader, leader elected after 10022ms
2019-09-26 21:19:25,590 [09112efe-1fad-4539-a04f-c96aef6d2351@group-19C9B7CB6A04:LeaderElection221] INFO  impl.RaftServerImpl (RaftServerImpl.java:setRole(174)) - 09112efe-1fad-4539-a04f-c96aef6d2351@group-19C9B7CB6A04: changes role from CANDIDATE to LEADER at term 1 for changeToLeader
2019-09-26 21:19:25,594 [09112efe-1fad-4539-a04f-c96aef6d2351@group-19C9B7CB6A04:LeaderElection221] INFO  impl.RaftServerImpl (ServerState.java:setLeader(253)) - 09112efe-1fad-4539-a04f-c96aef6d2351@group-19C9B7CB6A04: change Leader from null to 09112efe-1fad-4539-a04f-c96aef6d2351 at term 1 for becomeLeader, leader elected after 10573ms
2019-09-26 21:19:25,589 [1178c3ae-d0b4-4d44-b144-fe8504cc41ac@group-500F90204D11:LeaderElection223] INFO  impl.RoleInfo (RoleInfo.java:shutdownLeaderElection(134)) - 1178c3ae-d0b4-4d44-b144-fe8504cc41ac: shutdown LeaderElection
2019-09-26 21:19:25,594 [1178c3ae-d0b4-4d44-b144-fe8504cc41ac@group-500F90204D11:LeaderElection223] INFO  impl.RaftServerImpl (RaftServerImpl.java:setRole(174)) - 1178c3ae-d0b4-4d44-b144-fe8504cc41ac@group-500F90204D11: changes role from CANDIDATE to LEADER at term 1 for changeToLeader
2019-09-26 21:19:25,589 [pool-27-thread-1] INFO  server.RaftServerConfigKeys (ConfUtils.java:logGet(43)) - raft.server.snapshot.retention.num.files = 5 (custom)
2019-09-26 21:19:25,589 [09112efe-1fad-4539-a04f-c96aef6d2351@group-78E06D6978FF:LeaderElection200] INFO  server.RaftServerConfigKeys (ConfUtils.java:logGet(43)) - raft.server.watch.timeout.denomination = 1s (default)
2019-09-26 21:19:25,588 [9ce0b59e-153f-4f41-8aed-492a76d80b48@group-BBE9186E4BB1:LeaderElection189] INFO  server.RaftServerConfigKeys (ConfUtils.java:logGet(43)) - raft.server.watch.element-limit = 65536 (default)
2019-09-26 21:19:25,588 [9ce0b59e-153f-4f41-8aed-492a76d80b48@group-0FD1EA0A8F9D:LeaderElection196] INFO  server.RaftServerConfigKeys (ConfUtils.java:logGet(43)) - raft.server.watch.element-limit = 65536 (default)
2019-09-26 21:19:25,587 [9ce0b59e-153f-4f41-8aed-492a76d80b48@group-89E64784085E:LeaderElection191] INFO  server.RaftServerConfigKeys (ConfUtils.java:logGet(43)) - raft.server.watch.timeout.denomination = 1s (default)
2019-09-26 21:19:25,587 [9ce0b59e-153f-4f41-8aed-492a76d80b48@group-2336121AAD70:LeaderElection188] INFO  server.RaftServerConfigKeys (ConfUtils.java:logGet(43)) - raft.server.watch.timeout.denomination = 1s (default)
2019-09-26 21:19:25,596 [9ce0b59e-153f-4f41-8aed-492a76d80b48@group-2336121AAD70:LeaderElection188] INFO  server.RaftServerConfigKeys (ConfUtils.java:logGet(43)) - raft.server.watch.element-limit = 65536 (default)
2019-09-26 21:19:25,587 [9ce0b59e-153f-4f41-8aed-492a76d80b48@group-7AF436DBD9FF:LeaderElection199] INFO  server.RaftServerConfigKeys (ConfUtils.java:logGet(43)) - raft.server.watch.timeout.denomination = 1s (default)
2019-09-26 21:19:25,587 [0c640f50-2bc9-49b6-b785-a27e3116e6ba@group-255437930481:LeaderElection225] INFO  impl.LeaderElection (LeaderElection.java:askForVotes(182)) - 0c640f50-2bc9-49b6-b785-a27e3116e6ba@group-255437930481:LeaderElection225: begin an election at term 2 for -1: [0c640f50-2bc9-49b6-b785-a27e3116e6ba:192.168.151.99:42361, 9ce0b59e-153f-4f41-8aed-492a76d80b48:192.168.151.99:34156, da833d8d-e72a-4068-9560-4daa2d83adc2:192.168.151.99:38903], old=null
2019-09-26 21:19:25,587 [09112efe-1fad-4539-a04f-c96aef6d2351@group-3345E11CC80E:LeaderElection192] INFO  server.RaftServerConfigKeys (ConfUtils.java:logGet(43)) - raft.server.watch.timeout.denomination = 1s (default)
2019-09-26 21:19:25,596 [09112efe-1fad-4539-a04f-c96aef6d2351@group-3345E11CC80E:LeaderElection192] INFO  server.RaftServerConfigKeys (ConfUtils.java:logGet(43)) - raft.server.watch.element-limit = 65536 (default)
2019-09-26 21:19:25,587 [9ce0b59e-153f-4f41-8aed-492a76d80b48@group-C9D9502D9D87:LeaderElection208] INFO  server.RaftServerConfigKeys (ConfUtils.java:logGet(43)) - raft.server.watch.timeout.denomination = 1s (default)
2019-09-26 21:19:25,586 [1178c3ae-d0b4-4d44-b144-fe8504cc41ac@group-9BABA4CE95C3:LeaderElection187] INFO  server.RaftServerConfigKeys (ConfUtils.java:logGet(43)) - raft.server.watch.element-limit = 65536 (default)
2019-09-26 21:19:25,586 [09112efe-1fad-4539-a04f-c96aef6d2351@group-786B1197DED0:LeaderElection185] INFO  server.RaftServerConfigKeys (ConfUtils.java:logGet(43)) - raft.server.watch.timeout.denomination = 1s (default)
2019-09-26 21:19:25,597 [09112efe-1fad-4539-a04f-c96aef6d2351@group-786B1197DED0:LeaderElection185] INFO  server.RaftServerConfigKeys (ConfUtils.java:logGet(43)) - raft.server.watch.element-limit = 65536 (default)
2019-09-26 21:19:25,586 [1178c3ae-d0b4-4d44-b144-fe8504cc41ac@group-775FCA086A09:LeaderElection195] INFO  server.RaftServerConfigKeys (ConfUtils.java:logGet(43)) - raft.server.watch.timeout.denomination = 1s (default)
2019-09-26 21:19:25,597 [1178c3ae-d0b4-4d44-b144-fe8504cc41ac@group-775FCA086A09:LeaderElection195] INFO  server.RaftServerConfigKeys (ConfUtils.java:logGet(43)) - raft.server.watch.element-limit = 65536 (default)
2019-09-26 21:19:25,586 [9ce0b59e-153f-4f41-8aed-492a76d80b48@group-710F4F4B8A6C:LeaderElection213] INFO  server.RaftServerConfigKeys (ConfUtils.java:logGet(43)) - raft.server.watch.timeout.denomination = 1s (default)
2019-09-26 21:19:25,597 [9ce0b59e-153f-4f41-8aed-492a76d80b48@group-710F4F4B8A6C:LeaderElection213] INFO  server.RaftServerConfigKeys (ConfUtils.java:logGet(43)) - raft.server.watch.element-limit = 65536 (default)
2019-09-26 21:19:25,586 [9ce0b59e-153f-4f41-8aed-492a76d80b48@group-00776E898AAB:LeaderElection204] INFO  server.RaftServerConfigKeys (ConfUtils.java:logGet(43)) - raft.server.watch.timeout.denomination = 1s (default)
2019-09-26 21:19:25,586 [9ce0b59e-153f-4f41-8aed-492a76d80b48@group-556BB265CEA3:LeaderElection205] INFO  server.RaftServerConfigKeys (ConfUtils.java:logGet(43)) - raft.server.watch.element-limit = 65536 (default)
2019-09-26 21:19:25,585 [da833d8d-e72a-4068-9560-4daa2d83adc2@group-009B25A2B20A:LeaderElection201] INFO  server.RaftServerConfigKeys (ConfUtils.java:logGet(43)) - raft.server.watch.element-limit = 65536 (default)
2019-09-26 21:19:25,585 [9ce0b59e-153f-4f41-8aed-492a76d80b48@group-1B503A35F909:LeaderElection212] INFO  server.RaftServerConfigKeys (ConfUtils.java:logGet(43)) - raft.server.watch.element-limit = 65536 (default)
2019-09-26 21:19:25,585 [9ce0b59e-153f-4f41-8aed-492a76d80b48@group-4AD36DEDF59B:LeaderElection202] INFO  server.RaftServerConfigKeys (ConfUtils.java:logGet(43)) - raft.server.watch.element-limit = 65536 (default)
2019-09-26 21:19:25,584 [9ce0b59e-153f-4f41-8aed-492a76d80b48@group-53B6FB8525AE:LeaderElection209] INFO  server.RaftServerConfigKeys (ConfUtils.java:logGet(43)) - raft.server.watch.timeout.denomination = 1s (default)
2019-09-26 21:19:25,598 [9ce0b59e-153f-4f41-8aed-492a76d80b48@group-53B6FB8525AE:LeaderElection209] INFO  server.RaftServerConfigKeys (ConfUtils.java:logGet(43)) - raft.server.watch.element-limit = 65536 (default)
2019-09-26 21:19:25,584 [da833d8d-e72a-4068-9560-4daa2d83adc2@group-80D4D31A8B20:LeaderElection207] INFO  server.RaftServerConfigKeys (ConfUtils.java:logGet(43)) - raft.server.watch.element-limit = 65536 (default)
2019-09-26 21:19:25,584 [da833d8d-e72a-4068-9560-4daa2d83adc2@group-BB2190CB963E:LeaderElection194] INFO  server.RaftServerConfigKeys (ConfUtils.java:logGet(43)) - raft.server.watch.element-limit = 65536 (default)
2019-09-26 21:19:25,583 [9ce0b59e-153f-4f41-8aed-492a76d80b48@group-2F3A14F08318:LeaderElection197] INFO  server.RaftServerConfigKeys (ConfUtils.java:logGet(43)) - raft.server.watch.element-limit = 65536 (default)
2019-09-26 21:19:25,583 [09112efe-1fad-4539-a04f-c96aef6d2351@group-11EBA2FC1B7A:LeaderElection206] INFO  server.RaftServerConfigKeys (ConfUtils.java:logGet(43)) - raft.server.watch.timeout.denomination = 1s (default)
2019-09-26 21:19:25,583 [1178c3ae-d0b4-4d44-b144-fe8504cc41ac@group-6F0B28853612:LeaderElection184] INFO  server.RaftServerConfigKeys (ConfUtils.java:logGet(43)) - raft.server.watch.element-limit = 65536 (default)
2019-09-26 21:19:25,583 [09112efe-1fad-4539-a04f-c96aef6d2351@group-A77325013DF5:LeaderElection183] INFO  server.RaftServerConfigKeys (ConfUtils.java:logGet(43)) - raft.server.watch.timeout.denomination = 1s (default)
2019-09-26 21:19:25,600 [09112efe-1fad-4539-a04f-c96aef6d2351@group-A77325013DF5:LeaderElection183] INFO  server.RaftServerConfigKeys (ConfUtils.java:logGet(43)) - raft.server.watch.element-limit = 65536 (default)
2019-09-26 21:19:25,583 [9ce0b59e-153f-4f41-8aed-492a76d80b48@group-6E6C68F22454:LeaderElection210] INFO  server.RaftServerConfigKeys (ConfUtils.java:logGet(43)) - raft.server.watch.element-limit = 65536 (default)
2019-09-26 21:19:25,582 [09112efe-1fad-4539-a04f-c96aef6d2351@group-36B2132502C2:LeaderElection193] INFO  server.RaftServerConfigKeys (ConfUtils.java:logGet(43)) - raft.server.watch.element-limit = 65536 (default)
2019-09-26 21:19:25,581 [1178c3ae-d0b4-4d44-b144-fe8504cc41ac@group-E8E6DAF52BD9:LeaderElection211] INFO  server.RaftServerConfigKeys (ConfUtils.java:logGet(43)) - raft.server.watch.element-limit = 65536 (default)
2019-09-26 21:19:25,581 [1178c3ae-d0b4-4d44-b144-fe8504cc41ac@group-4A70B7218118:LeaderElection224] INFO  server.RaftServerConfigKeys (ConfUtils.java:logGet(43)) - raft.server.watch.timeout.denomination = 1s (default)
2019-09-26 21:19:25,599 [09112efe-1fad-4539-a04f-c96aef6d2351@group-11EBA2FC1B7A:LeaderElection206] INFO  server.RaftServerConfigKeys (ConfUtils.java:logGet(43)) - raft.server.watch.element-limit = 65536 (default)
2019-09-26 21:19:25,598 [9ce0b59e-153f-4f41-8aed-492a76d80b48@group-00776E898AAB:LeaderElection204] INFO  server.RaftServerConfigKeys (ConfUtils.java:logGet(43)) - raft.server.watch.element-limit = 65536 (default)
2019-09-26 21:19:25,597 [9ce0b59e-153f-4f41-8aed-492a76d80b48@group-C9D9502D9D87:LeaderElection208] INFO  server.RaftServerConfigKeys (ConfUtils.java:logGet(43)) - raft.server.watch.element-limit = 65536 (default)
2019-09-26 21:19:25,596 [9ce0b59e-153f-4f41-8aed-492a76d80b48@group-7AF436DBD9FF:LeaderElection199] INFO  server.RaftServerConfigKeys (ConfUtils.java:logGet(43)) - raft.server.watch.element-limit = 65536 (default)
2019-09-26 21:19:25,596 [9ce0b59e-153f-4f41-8aed-492a76d80b48@group-89E64784085E:LeaderElection191] INFO  server.RaftServerConfigKeys (ConfUtils.java:logGet(43)) - raft.server.watch.element-limit = 65536 (default)
2019-09-26 21:19:25,595 [09112efe-1fad-4539-a04f-c96aef6d2351@group-78E06D6978FF:LeaderElection200] INFO  server.RaftServerConfigKeys (ConfUtils.java:logGet(43)) - raft.server.watch.element-limit = 65536 (default)
2019-09-26 21:19:25,595 [1178c3ae-d0b4-4d44-b144-fe8504cc41ac@group-500F90204D11:LeaderElection223] INFO  impl.RaftServerImpl (ServerState.java:setLeader(253)) - 1178c3ae-d0b4-4d44-b144-fe8504cc41ac@group-500F90204D11: change Leader from null to 1178c3ae-d0b4-4d44-b144-fe8504cc41ac at term 1 for becomeLeader, leader elected after 10415ms
2019-09-26 21:19:25,594 [09112efe-1fad-4539-a04f-c96aef6d2351@group-19C9B7CB6A04:LeaderElection221] INFO  server.RaftServerConfigKeys (ConfUtils.java:logGet(43)) - raft.server.staging.catchup.gap = 1000 (default)
2019-09-26 21:19:25,601 [09112efe-1fad-4539-a04f-c96aef6d2351@group-19C9B7CB6A04:LeaderElection221] INFO  server.RaftServerConfigKeys (ConfUtils.java:logGet(43)) - raft.server.rpc.sleep.time = 25ms (default)
2019-09-26 21:19:25,594 [1178c3ae-d0b4-4d44-b144-fe8504cc41ac@group-CF9C7CE836F7:LeaderElection219] INFO  server.RaftServerConfigKeys (ConfUtils.java:logGet(43)) - raft.server.staging.catchup.gap = 1000 (default)
2019-09-26 21:19:25,602 [1178c3ae-d0b4-4d44-b144-fe8504cc41ac@group-CF9C7CE836F7:LeaderElection219] INFO  server.RaftServerConfigKeys (ConfUtils.java:logGet(43)) - raft.server.rpc.sleep.time = 25ms (default)
2019-09-26 21:19:25,594 [9ce0b59e-153f-4f41-8aed-492a76d80b48@group-A9F28D9A165E:LeaderElection220] INFO  impl.RaftServerImpl (RaftServerImpl.java:setRole(174)) - 9ce0b59e-153f-4f41-8aed-492a76d80b48@group-A9F28D9A165E: changes role from CANDIDATE to LEADER at term 1 for changeToLeader
2019-09-26 21:19:25,602 [9ce0b59e-153f-4f41-8aed-492a76d80b48@group-A9F28D9A165E:LeaderElection220] INFO  impl.RaftServerImpl (ServerState.java:setLeader(253)) - 9ce0b59e-153f-4f41-8aed-492a76d80b48@group-A9F28D9A165E: change Leader from null to 9ce0b59e-153f-4f41-8aed-492a76d80b48 at term 1 for becomeLeader, leader elected after 10475ms
2019-09-26 21:19:25,594 [09112efe-1fad-4539-a04f-c96aef6d2351@group-B816AAC0A64C-SegmentedRaftLogWorker] INFO  impl.PendingRequests (PendingRequests.java:sendNotLeaderResponses(202)) - 09112efe-1fad-4539-a04f-c96aef6d2351-PendingRequests: sendNotLeaderResponses
2019-09-26 21:19:25,593 [pool-67-thread-1] INFO  server.RaftServerConfigKeys (ConfUtils.java:logGet(43)) - raft.server.log.segment.size.max = 1048576 (custom)
2019-09-26 21:19:25,593 [pool-37-thread-1] INFO  server.RaftServerConfigKeys (ConfUtils.java:logGet(43)) - raft.server.log.segment.size.max = 1048576 (custom)
2019-09-26 21:19:25,603 [pool-37-thread-1] INFO  server.RaftServerConfigKeys (ConfUtils.java:logGet(43)) - raft.server.log.segment.cache.num.max = 2 (custom)
2019-09-26 21:19:25,593 [1178c3ae-d0b4-4d44-b144-fe8504cc41ac@group-5D863DA9B74C:LeaderElection222] INFO  server.RaftServerConfigKeys (ConfUtils.java:logGet(43)) - raft.server.watch.timeout.denomination = 1s (default)
2019-09-26 21:19:25,603 [pool-37-thread-1] INFO  segmented.SegmentedRaftLogWorker (SegmentedRaftLogWorker.java:<init>(172)) - new 1178c3ae-d0b4-4d44-b144-fe8504cc41ac@group-450F00B29BD4-SegmentedRaftLogWorker for RaftStorage:Storage Directory /workdir/hadoop-ozone/ozonefs/target/test-dir/MiniOzoneClusterImpl-5b64906c-d720-4906-b30c-b6d56a2122fd/datanode-1/data/ratis/7b84129e-b32c-4668-a8d4-450f00b29bd4
2019-09-26 21:19:25,603 [pool-37-thread-1] INFO  server.RaftServerConfigKeys (ConfUtils.java:logGet(43)) - raft.server.log.queue.byte-limit = 2147483647 (custom)
2019-09-26 21:19:25,602 [pool-67-thread-1] INFO  server.RaftServerConfigKeys (ConfUtils.java:logGet(43)) - raft.server.log.segment.cache.num.max = 2 (custom)
2019-09-26 21:19:25,602 [09112efe-1fad-4539-a04f-c96aef6d2351@group-B816AAC0A64C-SegmentedRaftLogWorker] INFO  impl.StateMachineUpdater (StateMachineUpdater.java:stopAndJoin(125)) - 09112efe-1fad-4539-a04f-c96aef6d2351@group-B816AAC0A64C-StateMachineUpdater: set stopIndex = -1
2019-09-26 21:19:25,603 [09112efe-1fad-4539-a04f-c96aef6d2351@group-B816AAC0A64C-SegmentedRaftLogWorker] INFO  impl.RaftServerImpl (ServerState.java:close(385)) - 09112efe-1fad-4539-a04f-c96aef6d2351@group-B816AAC0A64C: closes. applyIndex: -1
2019-09-26 21:19:25,602 [9ce0b59e-153f-4f41-8aed-492a76d80b48@group-A9F28D9A165E:LeaderElection220] INFO  server.RaftServerConfigKeys (ConfUtils.java:logGet(43)) - raft.server.staging.catchup.gap = 1000 (default)
2019-09-26 21:19:25,601 [1178c3ae-d0b4-4d44-b144-fe8504cc41ac@group-500F90204D11:LeaderElection223] INFO  server.RaftServerConfigKeys (ConfUtils.java:logGet(43)) - raft.server.staging.catchup.gap = 1000 (default)
2019-09-26 21:19:25,600 [1178c3ae-d0b4-4d44-b144-fe8504cc41ac@group-4A70B7218118:LeaderElection224] INFO  server.RaftServerConfigKeys (ConfUtils.java:logGet(43)) - raft.server.watch.element-limit = 65536 (default)
2019-09-26 21:19:25,604 [1178c3ae-d0b4-4d44-b144-fe8504cc41ac@group-500F90204D11:LeaderElection223] INFO  server.RaftServerConfigKeys (ConfUtils.java:logGet(43)) - raft.server.rpc.sleep.time = 25ms (default)
2019-09-26 21:19:25,604 [9ce0b59e-153f-4f41-8aed-492a76d80b48@group-A9F28D9A165E:LeaderElection220] INFO  server.RaftServerConfigKeys (ConfUtils.java:logGet(43)) - raft.server.rpc.sleep.time = 25ms (default)
2019-09-26 21:19:25,604 [09112efe-1fad-4539-a04f-c96aef6d2351@group-B816AAC0A64C-SegmentedRaftLogWorker] INFO  segmented.SegmentedRaftLogWorker (SegmentedRaftLogWorker.java:close(228)) - 09112efe-1fad-4539-a04f-c96aef6d2351@group-B816AAC0A64C-SegmentedRaftLogWorker close()
2019-09-26 21:19:25,603 [pool-67-thread-1] INFO  segmented.SegmentedRaftLogWorker (SegmentedRaftLogWorker.java:<init>(172)) - new da833d8d-e72a-4068-9560-4daa2d83adc2@group-450F00B29BD4-SegmentedRaftLogWorker for RaftStorage:Storage Directory /workdir/hadoop-ozone/ozonefs/target/test-dir/MiniOzoneClusterImpl-5b64906c-d720-4906-b30c-b6d56a2122fd/datanode-4/data/ratis/7b84129e-b32c-4668-a8d4-450f00b29bd4
2019-09-26 21:19:25,603 [pool-37-thread-1] INFO  server.RaftServerConfigKeys (ConfUtils.java:logGet(43)) - raft.server.log.queue.element-limit = 1024 (custom)
2019-09-26 21:19:25,603 [1178c3ae-d0b4-4d44-b144-fe8504cc41ac@group-5D863DA9B74C:LeaderElection222] INFO  server.RaftServerConfigKeys (ConfUtils.java:logGet(43)) - raft.server.watch.element-limit = 65536 (default)
2019-09-26 21:19:25,605 [pool-37-thread-1] INFO  server.RaftServerConfigKeys (ConfUtils.java:logGet(43)) - raft.server.log.segment.size.max = 1048576 (custom)
2019-09-26 21:19:25,605 [pool-67-thread-1] INFO  server.RaftServerConfigKeys (ConfUtils.java:logGet(43)) - raft.server.log.queue.byte-limit = 2147483647 (custom)
2019-09-26 21:19:25,605 [pool-37-thread-1] INFO  server.RaftServerConfigKeys (ConfUtils.java:logGet(43)) - raft.server.log.preallocated.size = 16384 (custom)
2019-09-26 21:19:25,605 [pool-67-thread-1] INFO  server.RaftServerConfigKeys (ConfUtils.java:logGet(43)) - raft.server.log.queue.element-limit = 1024 (custom)
2019-09-26 21:19:25,605 [pool-37-thread-1] INFO  server.RaftServerConfigKeys (ConfUtils.java:logGet(43)) - raft.server.log.write.buffer.size = 33554432 (custom)
2019-09-26 21:19:25,606 [pool-67-thread-1] INFO  server.RaftServerConfigKeys (ConfUtils.java:logGet(43)) - raft.server.log.segment.size.max = 1048576 (custom)
2019-09-26 21:19:25,606 [pool-37-thread-1] INFO  server.RaftServerConfigKeys (ConfUtils.java:logGet(43)) - raft.server.log.force.sync.num = 128 (default)
2019-09-26 21:19:25,606 [pool-67-thread-1] INFO  server.RaftServerConfigKeys (ConfUtils.java:logGet(43)) - raft.server.log.preallocated.size = 16384 (custom)
2019-09-26 21:19:25,606 [pool-37-thread-1] INFO  server.RaftServerConfigKeys (ConfUtils.java:logGet(43)) - raft.server.log.statemachine.data.sync = true (default)
2019-09-26 21:19:25,606 [pool-67-thread-1] INFO  server.RaftServerConfigKeys (ConfUtils.java:logGet(43)) - raft.server.log.write.buffer.size = 33554432 (custom)
2019-09-26 21:19:25,606 [pool-37-thread-1] INFO  server.RaftServerConfigKeys (ConfUtils.java:logGet(43)) - raft.server.log.statemachine.data.sync.timeout = 10s (default)
2019-09-26 21:19:25,606 [pool-67-thread-1] INFO  server.RaftServerConfigKeys (ConfUtils.java:logGet(43)) - raft.server.log.force.sync.num = 128 (default)
2019-09-26 21:19:25,607 [pool-37-thread-1] INFO  server.RaftServerConfigKeys (ConfUtils.java:logGet(43)) - raft.server.log.statemachine.data.sync.timeout.retry = -1 (default)
2019-09-26 21:19:25,607 [pool-67-thread-1] INFO  server.RaftServerConfigKeys (ConfUtils.java:logGet(43)) - raft.server.log.statemachine.data.sync = true (default)
2019-09-26 21:19:25,607 [pool-67-thread-1] INFO  server.RaftServerConfigKeys (ConfUtils.java:logGet(43)) - raft.server.log.statemachine.data.sync.timeout = 10s (default)
2019-09-26 21:19:25,607 [pool-67-thread-1] INFO  server.RaftServerConfigKeys (ConfUtils.java:logGet(43)) - raft.server.log.statemachine.data.sync.timeout.retry = -1 (default)
2019-09-26 21:19:25,624 [9ce0b59e-153f-4f41-8aed-492a76d80b48@group-4BB057ED2D22-SegmentedRaftLogWorker] ERROR segmented.SegmentedRaftLogWorker (SegmentedRaftLogWorker.java:run(323)) - 9ce0b59e-153f-4f41-8aed-492a76d80b48@group-4BB057ED2D22-SegmentedRaftLogWorker hit exception
java.lang.OutOfMemoryError: Direct buffer memory
	at java.nio.Bits.reserveMemory(Bits.java:666)
	at java.nio.DirectByteBuffer.<init>(DirectByteBuffer.java:123)
	at java.nio.ByteBuffer.allocateDirect(ByteBuffer.java:311)
	at org.apache.ratis.server.raftlog.segmented.BufferedWriteChannel.<init>(BufferedWriteChannel.java:41)
	at org.apache.ratis.server.raftlog.segmented.SegmentedRaftLogOutputStream.<init>(SegmentedRaftLogOutputStream.java:72)
	at org.apache.ratis.server.raftlog.segmented.SegmentedRaftLogWorker$StartLogSegment.execute(SegmentedRaftLogWorker.java:566)
	at org.apache.ratis.server.raftlog.segmented.SegmentedRaftLogWorker.run(SegmentedRaftLogWorker.java:289)
	at java.lang.Thread.run(Thread.java:748)
2019-09-26 21:19:25,624 [9ce0b59e-153f-4f41-8aed-492a76d80b48@group-4BB057ED2D22-SegmentedRaftLogWorker] INFO  impl.RaftServerImpl (RaftServerImpl.java:lambda$shutdown$3(251)) - 9ce0b59e-153f-4f41-8aed-492a76d80b48@group-4BB057ED2D22: shutdown
2019-09-26 21:19:25,624 [9ce0b59e-153f-4f41-8aed-492a76d80b48@group-4BB057ED2D22-SegmentedRaftLogWorker] INFO  util.JmxRegister (JmxRegister.java:unregister(73)) - Successfully un-registered JMX Bean with object name Ratis:service=RaftServer,group=group-4BB057ED2D22,id=9ce0b59e-153f-4f41-8aed-492a76d80b48
2019-09-26 21:19:25,624 [9ce0b59e-153f-4f41-8aed-492a76d80b48@group-4BB057ED2D22-SegmentedRaftLogWorker] INFO  impl.RoleInfo (RoleInfo.java:shutdownLeaderState(104)) - 9ce0b59e-153f-4f41-8aed-492a76d80b48: shutdown LeaderState
2019-09-26 21:19:25,624 [9ce0b59e-153f-4f41-8aed-492a76d80b48@group-4BB057ED2D22-SegmentedRaftLogWorker] INFO  impl.PendingRequests (PendingRequests.java:sendNotLeaderResponses(202)) - 9ce0b59e-153f-4f41-8aed-492a76d80b48-PendingRequests: sendNotLeaderResponses
2019-09-26 21:19:25,624 [9ce0b59e-153f-4f41-8aed-492a76d80b48@group-4BB057ED2D22-SegmentedRaftLogWorker] INFO  impl.StateMachineUpdater (StateMachineUpdater.java:stopAndJoin(125)) - 9ce0b59e-153f-4f41-8aed-492a76d80b48@group-4BB057ED2D22-StateMachineUpdater: set stopIndex = -1
2019-09-26 21:19:25,625 [9ce0b59e-153f-4f41-8aed-492a76d80b48@group-4BB057ED2D22-SegmentedRaftLogWorker] INFO  impl.RaftServerImpl (ServerState.java:close(385)) - 9ce0b59e-153f-4f41-8aed-492a76d80b48@group-4BB057ED2D22: closes. applyIndex: -1
2019-09-26 21:19:25,625 [9ce0b59e-153f-4f41-8aed-492a76d80b48@group-4BB057ED2D22-SegmentedRaftLogWorker] INFO  segmented.SegmentedRaftLogWorker (SegmentedRaftLogWorker.java:close(228)) - 9ce0b59e-153f-4f41-8aed-492a76d80b48@group-4BB057ED2D22-SegmentedRaftLogWorker close()
2019-09-26 21:19:25,626 [grpc-default-executor-1] INFO  impl.RaftServerProxy (RaftServerProxy.java:addNew(89)) - 1178c3ae-d0b4-4d44-b144-fe8504cc41ac: addNew group-6B7477E54974:[0c640f50-2bc9-49b6-b785-a27e3116e6ba:192.168.151.99:42361, da833d8d-e72a-4068-9560-4daa2d83adc2:192.168.151.99:38903, 1178c3ae-d0b4-4d44-b144-fe8504cc41ac:192.168.151.99:33787] returns group-6B7477E54974:java.util.concurrent.CompletableFuture@4dc540b5[Not completed]
2019-09-26 21:19:25,626 [grpc-default-executor-3] INFO  impl.RaftServerProxy (RaftServerProxy.java:addNew(89)) - 0c640f50-2bc9-49b6-b785-a27e3116e6ba: addNew group-6B7477E54974:[0c640f50-2bc9-49b6-b785-a27e3116e6ba:192.168.151.99:42361, da833d8d-e72a-4068-9560-4daa2d83adc2:192.168.151.99:38903, 1178c3ae-d0b4-4d44-b144-fe8504cc41ac:192.168.151.99:33787] returns group-6B7477E54974:java.util.concurrent.CompletableFuture@349735aa[Not completed]
2019-09-26 21:19:25,796 [pool-67-thread-1] INFO  server.RaftServerConfigKeys (ConfUtils.java:logGet(43)) - raft.server.log.statemachine.data.caching.enabled = true (custom)
2019-09-26 21:19:25,796 [09112efe-1fad-4539-a04f-c96aef6d2351@group-19C9B7CB6A04:LeaderElection221] INFO  server.RaftServerConfigKeys (ConfUtils.java:logGet(43)) - raft.server.write.element-limit = 4096 (default)
2019-09-26 21:19:25,796 [1178c3ae-d0b4-4d44-b144-fe8504cc41ac@group-CF9C7CE836F7:LeaderElection219] INFO  server.RaftServerConfigKeys (ConfUtils.java:logGet(43)) - raft.server.write.element-limit = 4096 (default)
2019-09-26 21:19:25,796 [1178c3ae-d0b4-4d44-b144-fe8504cc41ac@group-500F90204D11:LeaderElection223] INFO  server.RaftServerConfigKeys (ConfUtils.java:logGet(43)) - raft.server.write.element-limit = 4096 (default)
2019-09-26 21:19:25,797 [1178c3ae-d0b4-4d44-b144-fe8504cc41ac@group-500F90204D11:LeaderElection223] INFO  server.RaftServerConfigKeys (ConfUtils.java:logGet(43)) - raft.server.watch.timeout = 10s (default)
2019-09-26 21:19:25,796 [9ce0b59e-153f-4f41-8aed-492a76d80b48@group-A9F28D9A165E:LeaderElection220] INFO  server.RaftServerConfigKeys (ConfUtils.java:logGet(43)) - raft.server.write.element-limit = 4096 (default)
2019-09-26 21:19:25,796 [pool-37-thread-1] INFO  server.RaftServerConfigKeys (ConfUtils.java:logGet(43)) - raft.server.log.statemachine.data.caching.enabled = true (custom)
2019-09-26 21:19:25,797 [9ce0b59e-153f-4f41-8aed-492a76d80b48@group-A9F28D9A165E:LeaderElection220] INFO  server.RaftServerConfigKeys (ConfUtils.java:logGet(43)) - raft.server.watch.timeout = 10s (default)
2019-09-26 21:19:25,798 [9ce0b59e-153f-4f41-8aed-492a76d80b48@group-A9F28D9A165E:LeaderElection220] INFO  server.RaftServerConfigKeys (ConfUtils.java:logGet(43)) - raft.server.watch.timeout.denomination = 1s (default)
2019-09-26 21:19:25,797 [1178c3ae-d0b4-4d44-b144-fe8504cc41ac@group-500F90204D11:LeaderElection223] INFO  server.RaftServerConfigKeys (ConfUtils.java:logGet(43)) - raft.server.watch.timeout.denomination = 1s (default)
2019-09-26 21:19:25,798 [1178c3ae-d0b4-4d44-b144-fe8504cc41ac@group-500F90204D11:LeaderElection223] INFO  server.RaftServerConfigKeys (ConfUtils.java:logGet(43)) - raft.server.watch.element-limit = 65536 (default)
2019-09-26 21:19:25,797 [1178c3ae-d0b4-4d44-b144-fe8504cc41ac@group-CF9C7CE836F7:LeaderElection219] INFO  server.RaftServerConfigKeys (ConfUtils.java:logGet(43)) - raft.server.watch.timeout = 10s (default)
2019-09-26 21:19:25,796 [pool-67-thread-1] INFO  segmented.SegmentedRaftLogWorker (SegmentedRaftLogWorker.java:lambda$new$0(132)) - da833d8d-e72a-4068-9560-4daa2d83adc2@group-450F00B29BD4-SegmentedRaftLogWorker: flushIndex: setUnconditionally 0 -> -1
2019-09-26 21:19:25,796 [09112efe-1fad-4539-a04f-c96aef6d2351@group-19C9B7CB6A04:LeaderElection221] INFO  server.RaftServerConfigKeys (ConfUtils.java:logGet(43)) - raft.server.watch.timeout = 10s (default)
2019-09-26 21:19:25,796 [pool-27-thread-1] INFO  server.RaftServerConfigKeys (ConfUtils.java:logGet(43)) - raft.server.retrycache.expirytime = 600000ms (custom)
2019-09-26 21:19:25,799 [09112efe-1fad-4539-a04f-c96aef6d2351@group-19C9B7CB6A04:LeaderElection221] INFO  server.RaftServerConfigKeys (ConfUtils.java:logGet(43)) - raft.server.watch.timeout.denomination = 1s (default)
2019-09-26 21:19:25,798 [1178c3ae-d0b4-4d44-b144-fe8504cc41ac@group-CF9C7CE836F7:LeaderElection219] INFO  server.RaftServerConfigKeys (ConfUtils.java:logGet(43)) - raft.server.watch.timeout.denomination = 1s (default)
2019-09-26 21:19:25,799 [1178c3ae-d0b4-4d44-b144-fe8504cc41ac@group-CF9C7CE836F7:LeaderElection219] INFO  server.RaftServerConfigKeys (ConfUtils.java:logGet(43)) - raft.server.watch.element-limit = 65536 (default)
2019-09-26 21:19:25,798 [9ce0b59e-153f-4f41-8aed-492a76d80b48@group-A9F28D9A165E:LeaderElection220] INFO  server.RaftServerConfigKeys (ConfUtils.java:logGet(43)) - raft.server.watch.element-limit = 65536 (default)
2019-09-26 21:19:25,798 [pool-37-thread-1] INFO  segmented.SegmentedRaftLogWorker (SegmentedRaftLogWorker.java:lambda$new$0(132)) - 1178c3ae-d0b4-4d44-b144-fe8504cc41ac@group-450F00B29BD4-SegmentedRaftLogWorker: flushIndex: setUnconditionally 0 -> -1
2019-09-26 21:19:25,799 [09112efe-1fad-4539-a04f-c96aef6d2351@group-19C9B7CB6A04:LeaderElection221] INFO  server.RaftServerConfigKeys (ConfUtils.java:logGet(43)) - raft.server.watch.element-limit = 65536 (default)
2019-09-26 21:19:25,811 [da833d8d-e72a-4068-9560-4daa2d83adc2@group-255437930481:LeaderElection227] INFO  impl.LeaderElection (LeaderElection.java:askForVotes(182)) - da833d8d-e72a-4068-9560-4daa2d83adc2@group-255437930481:LeaderElection227: begin an election at term 2 for -1: [0c640f50-2bc9-49b6-b785-a27e3116e6ba:192.168.151.99:42361, 9ce0b59e-153f-4f41-8aed-492a76d80b48:192.168.151.99:34156, da833d8d-e72a-4068-9560-4daa2d83adc2:192.168.151.99:38903], old=null
2019-09-26 21:19:25,863 [pool-37-thread-1] INFO  server.RaftServerConfigKeys (ConfUtils.java:logGet(43)) - raft.server.snapshot.auto.trigger.enabled = true (custom)
2019-09-26 21:19:25,863 [pool-67-thread-1] INFO  server.RaftServerConfigKeys (ConfUtils.java:logGet(43)) - raft.server.snapshot.auto.trigger.enabled = true (custom)
2019-09-26 21:19:25,863 [pool-37-thread-1] INFO  server.RaftServerConfigKeys (ConfUtils.java:logGet(43)) - raft.server.snapshot.auto.trigger.threshold = 10000 (custom)
2019-09-26 21:19:25,863 [pool-67-thread-1] INFO  server.RaftServerConfigKeys (ConfUtils.java:logGet(43)) - raft.server.snapshot.auto.trigger.threshold = 10000 (custom)
2019-09-26 21:19:25,863 [pool-37-thread-1] INFO  server.RaftServerConfigKeys (ConfUtils.java:logGet(43)) - raft.server.snapshot.retention.num.files = 5 (custom)
2019-09-26 21:19:25,864 [pool-67-thread-1] INFO  server.RaftServerConfigKeys (ConfUtils.java:logGet(43)) - raft.server.snapshot.retention.num.files = 5 (custom)
2019-09-26 21:19:25,864 [pool-37-thread-1] INFO  server.RaftServerConfigKeys (ConfUtils.java:logGet(43)) - raft.server.retrycache.expirytime = 600000ms (custom)
2019-09-26 21:19:25,864 [pool-67-thread-1] INFO  server.RaftServerConfigKeys (ConfUtils.java:logGet(43)) - raft.server.retrycache.expirytime = 600000ms (custom)
2019-09-26 21:19:25,866 [9ce0b59e-153f-4f41-8aed-492a76d80b48@group-255437930481:LeaderElection226] INFO  impl.LeaderElection (LeaderElection.java:logAndReturn(56)) - 9ce0b59e-153f-4f41-8aed-492a76d80b48@group-255437930481:LeaderElection226: Election REJECTED; received 2 response(s) [9ce0b59e-153f-4f41-8aed-492a76d80b48<-0c640f50-2bc9-49b6-b785-a27e3116e6ba#0:FAIL-t2, 9ce0b59e-153f-4f41-8aed-492a76d80b48<-da833d8d-e72a-4068-9560-4daa2d83adc2#0:FAIL-t2] and 0 exception(s); 9ce0b59e-153f-4f41-8aed-492a76d80b48@group-255437930481:t2, leader=null, voted=9ce0b59e-153f-4f41-8aed-492a76d80b48, raftlog=9ce0b59e-153f-4f41-8aed-492a76d80b48@group-255437930481-SegmentedRaftLog:OPENED:c-1,f-1,i0, conf=-1: [0c640f50-2bc9-49b6-b785-a27e3116e6ba:192.168.151.99:42361, 9ce0b59e-153f-4f41-8aed-492a76d80b48:192.168.151.99:34156, da833d8d-e72a-4068-9560-4daa2d83adc2:192.168.151.99:38903], old=null
2019-09-26 21:19:25,866 [9ce0b59e-153f-4f41-8aed-492a76d80b48@group-255437930481:LeaderElection226] INFO  impl.RaftServerImpl (RaftServerImpl.java:setRole(174)) - 9ce0b59e-153f-4f41-8aed-492a76d80b48@group-255437930481: changes role from CANDIDATE to FOLLOWER at term 2 for DISCOVERED_A_NEW_TERM
2019-09-26 21:19:25,866 [9ce0b59e-153f-4f41-8aed-492a76d80b48@group-255437930481:LeaderElection226] INFO  impl.RoleInfo (RoleInfo.java:shutdownLeaderElection(134)) - 9ce0b59e-153f-4f41-8aed-492a76d80b48: shutdown LeaderElection
2019-09-26 21:19:25,867 [9ce0b59e-153f-4f41-8aed-492a76d80b48@group-255437930481:LeaderElection226] INFO  impl.RoleInfo (RoleInfo.java:updateAndGet(143)) - 9ce0b59e-153f-4f41-8aed-492a76d80b48: start FollowerState
2019-09-26 21:19:25,867 [0c640f50-2bc9-49b6-b785-a27e3116e6ba@group-255437930481:LeaderElection225] INFO  impl.LeaderElection (LeaderElection.java:logAndReturn(56)) - 0c640f50-2bc9-49b6-b785-a27e3116e6ba@group-255437930481:LeaderElection225: Election REJECTED; received 2 response(s) [0c640f50-2bc9-49b6-b785-a27e3116e6ba<-9ce0b59e-153f-4f41-8aed-492a76d80b48#0:FAIL-t2, 0c640f50-2bc9-49b6-b785-a27e3116e6ba<-da833d8d-e72a-4068-9560-4daa2d83adc2#0:FAIL-t2] and 0 exception(s); 0c640f50-2bc9-49b6-b785-a27e3116e6ba@group-255437930481:t2, leader=null, voted=0c640f50-2bc9-49b6-b785-a27e3116e6ba, raftlog=0c640f50-2bc9-49b6-b785-a27e3116e6ba@group-255437930481-SegmentedRaftLog:OPENED:c-1,f-1,i0, conf=-1: [0c640f50-2bc9-49b6-b785-a27e3116e6ba:192.168.151.99:42361, 9ce0b59e-153f-4f41-8aed-492a76d80b48:192.168.151.99:34156, da833d8d-e72a-4068-9560-4daa2d83adc2:192.168.151.99:38903], old=null
2019-09-26 21:19:25,872 [0c640f50-2bc9-49b6-b785-a27e3116e6ba@group-255437930481:LeaderElection225] INFO  impl.RaftServerImpl (RaftServerImpl.java:setRole(174)) - 0c640f50-2bc9-49b6-b785-a27e3116e6ba@group-255437930481: changes role from CANDIDATE to FOLLOWER at term 2 for DISCOVERED_A_NEW_TERM
2019-09-26 21:19:25,872 [0c640f50-2bc9-49b6-b785-a27e3116e6ba@group-255437930481:LeaderElection225] INFO  impl.RoleInfo (RoleInfo.java:shutdownLeaderElection(134)) - 0c640f50-2bc9-49b6-b785-a27e3116e6ba: shutdown LeaderElection
2019-09-26 21:19:25,872 [0c640f50-2bc9-49b6-b785-a27e3116e6ba@group-255437930481:LeaderElection225] INFO  impl.RoleInfo (RoleInfo.java:updateAndGet(143)) - 0c640f50-2bc9-49b6-b785-a27e3116e6ba: start FollowerState
2019-09-26 21:19:25,873 [da833d8d-e72a-4068-9560-4daa2d83adc2@group-255437930481:LeaderElection227] INFO  impl.LeaderElection (LeaderElection.java:logAndReturn(56)) - da833d8d-e72a-4068-9560-4daa2d83adc2@group-255437930481:LeaderElection227: Election REJECTED; received 2 response(s) [da833d8d-e72a-4068-9560-4daa2d83adc2<-0c640f50-2bc9-49b6-b785-a27e3116e6ba#0:FAIL-t2, da833d8d-e72a-4068-9560-4daa2d83adc2<-9ce0b59e-153f-4f41-8aed-492a76d80b48#0:FAIL-t2] and 0 exception(s); da833d8d-e72a-4068-9560-4daa2d83adc2@group-255437930481:t2, leader=null, voted=da833d8d-e72a-4068-9560-4daa2d83adc2, raftlog=da833d8d-e72a-4068-9560-4daa2d83adc2@group-255437930481-SegmentedRaftLog:OPENED:c-1,f-1,i0, conf=-1: [0c640f50-2bc9-49b6-b785-a27e3116e6ba:192.168.151.99:42361, 9ce0b59e-153f-4f41-8aed-492a76d80b48:192.168.151.99:34156, da833d8d-e72a-4068-9560-4daa2d83adc2:192.168.151.99:38903], old=null
2019-09-26 21:19:25,877 [da833d8d-e72a-4068-9560-4daa2d83adc2@group-255437930481:LeaderElection227] INFO  impl.RaftServerImpl (RaftServerImpl.java:setRole(174)) - da833d8d-e72a-4068-9560-4daa2d83adc2@group-255437930481: changes role from CANDIDATE to FOLLOWER at term 2 for DISCOVERED_A_NEW_TERM
2019-09-26 21:19:25,877 [da833d8d-e72a-4068-9560-4daa2d83adc2@group-255437930481:LeaderElection227] INFO  impl.RoleInfo (RoleInfo.java:shutdownLeaderElection(134)) - da833d8d-e72a-4068-9560-4daa2d83adc2: shutdown LeaderElection
2019-09-26 21:19:25,877 [da833d8d-e72a-4068-9560-4daa2d83adc2@group-255437930481:LeaderElection227] INFO  impl.RoleInfo (RoleInfo.java:updateAndGet(143)) - da833d8d-e72a-4068-9560-4daa2d83adc2: start FollowerState
2019-09-26 21:19:25,884 [pool-57-thread-1] INFO  impl.RaftServerImpl (RaftServerImpl.java:<init>(95)) - 0c640f50-2bc9-49b6-b785-a27e3116e6ba: new RaftServerImpl for group-6B7477E54974:[0c640f50-2bc9-49b6-b785-a27e3116e6ba:192.168.151.99:42361, da833d8d-e72a-4068-9560-4daa2d83adc2:192.168.151.99:38903, 1178c3ae-d0b4-4d44-b144-fe8504cc41ac:192.168.151.99:33787] with ContainerStateMachine:uninitialized
2019-09-26 21:19:25,887 [pool-57-thread-1] INFO  server.RaftServerConfigKeys (ConfUtils.java:logGet(43)) - raft.server.rpc.timeout.min = 5s (custom)
2019-09-26 21:19:25,887 [pool-57-thread-1] INFO  server.RaftServerConfigKeys (ConfUtils.java:logGet(43)) - raft.server.rpc.timeout.max = 5200ms (custom)
2019-09-26 21:19:25,887 [pool-57-thread-1] INFO  server.RaftServerConfigKeys (ConfUtils.java:logGet(43)) - raft.server.rpcslowness.timeout = 120s (custom)
2019-09-26 21:19:25,888 [pool-57-thread-1] INFO  server.RaftServerConfigKeys (ConfUtils.java:logGet(43)) - raft.server.sleep.deviation.threshold = 300 (default)
2019-09-26 21:19:25,888 [pool-57-thread-1] INFO  server.RaftServerConfigKeys (ConfUtils.java:logGet(43)) - raft.server.log.appender.install.snapshot.enabled = false (custom)
2019-09-26 21:19:25,888 [pool-57-thread-1] INFO  impl.RaftServerImpl (ServerState.java:<init>(103)) - 0c640f50-2bc9-49b6-b785-a27e3116e6ba@group-6B7477E54974: ConfigurationManager, init=-1: [0c640f50-2bc9-49b6-b785-a27e3116e6ba:192.168.151.99:42361, da833d8d-e72a-4068-9560-4daa2d83adc2:192.168.151.99:38903, 1178c3ae-d0b4-4d44-b144-fe8504cc41ac:192.168.151.99:33787], old=null, confs=<EMPTY_MAP>
2019-09-26 21:19:25,888 [pool-57-thread-1] INFO  server.RaftServerConfigKeys (ConfUtils.java:logGet(43)) - raft.server.storage.dir = [/workdir/hadoop-ozone/ozonefs/target/test-dir/MiniOzoneClusterImpl-5b64906c-d720-4906-b30c-b6d56a2122fd/datanode-3/data/ratis] (custom)
2019-09-26 21:19:25,889 [pool-57-thread-1] INFO  storage.RaftStorageDirectory (RaftStorageDirectory.java:analyzeStorage(246)) - The storage directory /workdir/hadoop-ozone/ozonefs/target/test-dir/MiniOzoneClusterImpl-5b64906c-d720-4906-b30c-b6d56a2122fd/datanode-3/data/ratis/98699474-e852-4ab8-8c87-6b7477e54974 does not exist. Creating ...
2019-09-26 21:19:25,913 [pool-57-thread-1] INFO  storage.RaftStorageDirectory (RaftStorageDirectory.java:tryLock(328)) - Lock on /workdir/hadoop-ozone/ozonefs/target/test-dir/MiniOzoneClusterImpl-5b64906c-d720-4906-b30c-b6d56a2122fd/datanode-3/data/ratis/98699474-e852-4ab8-8c87-6b7477e54974/in_use.lock acquired by nodename 10701@pr-hdds-1569-g6sp5-2013761785
2019-09-26 21:19:25,915 [09112efe-1fad-4539-a04f-c96aef6d2351@group-19C9B7CB6A04:LeaderElection221] INFO  impl.RoleInfo (RoleInfo.java:updateAndGet(143)) - 09112efe-1fad-4539-a04f-c96aef6d2351: start LeaderState
2019-09-26 21:19:25,915 [09112efe-1fad-4539-a04f-c96aef6d2351@group-19C9B7CB6A04:LeaderElection221] INFO  segmented.SegmentedRaftLogWorker (SegmentedRaftLogWorker.java:startLogSegment(380)) - 09112efe-1fad-4539-a04f-c96aef6d2351@group-19C9B7CB6A04-SegmentedRaftLogWorker: Starting segment from index:0
2019-09-26 21:19:25,916 [09112efe-1fad-4539-a04f-c96aef6d2351@group-19C9B7CB6A04:LeaderElection221] INFO  impl.RaftServerImpl (ServerState.java:setRaftConf(354)) - 09112efe-1fad-4539-a04f-c96aef6d2351@group-19C9B7CB6A04: set configuration 0: [09112efe-1fad-4539-a04f-c96aef6d2351:192.168.151.99:45286], old=null at 0
2019-09-26 21:19:26,271 [da833d8d-e72a-4068-9560-4daa2d83adc2@group-4E8FB90A84B2-SegmentedRaftLogWorker] ERROR segmented.SegmentedRaftLogWorker (SegmentedRaftLogWorker.java:run(323)) - da833d8d-e72a-4068-9560-4daa2d83adc2@group-4E8FB90A84B2-SegmentedRaftLogWorker hit exception
java.lang.OutOfMemoryError: Direct buffer memory
	at java.nio.Bits.reserveMemory(Bits.java:666)
	at java.nio.DirectByteBuffer.<init>(DirectByteBuffer.java:123)
	at java.nio.ByteBuffer.allocateDirect(ByteBuffer.java:311)
	at org.apache.ratis.server.raftlog.segmented.BufferedWriteChannel.<init>(BufferedWriteChannel.java:41)
	at org.apache.ratis.server.raftlog.segmented.SegmentedRaftLogOutputStream.<init>(SegmentedRaftLogOutputStream.java:72)
	at org.apache.ratis.server.raftlog.segmented.SegmentedRaftLogWorker$StartLogSegment.execute(SegmentedRaftLogWorker.java:566)
	at org.apache.ratis.server.raftlog.segmented.SegmentedRaftLogWorker.run(SegmentedRaftLogWorker.java:289)
	at java.lang.Thread.run(Thread.java:748)
2019-09-26 21:19:26,271 [9ce0b59e-153f-4f41-8aed-492a76d80b48@group-33318FFD8D83-SegmentedRaftLogWorker] ERROR segmented.SegmentedRaftLogWorker (SegmentedRaftLogWorker.java:run(323)) - 9ce0b59e-153f-4f41-8aed-492a76d80b48@group-33318FFD8D83-SegmentedRaftLogWorker hit exception
java.lang.OutOfMemoryError: Direct buffer memory
	at java.nio.Bits.reserveMemory(Bits.java:666)
	at java.nio.DirectByteBuffer.<init>(DirectByteBuffer.java:123)
	at java.nio.ByteBuffer.allocateDirect(ByteBuffer.java:311)
	at org.apache.ratis.server.raftlog.segmented.BufferedWriteChannel.<init>(BufferedWriteChannel.java:41)
	at org.apache.ratis.server.raftlog.segmented.SegmentedRaftLogOutputStream.<init>(SegmentedRaftLogOutputStream.java:72)
	at org.apache.ratis.server.raftlog.segmented.SegmentedRaftLogWorker$StartLogSegment.execute(SegmentedRaftLogWorker.java:566)
	at org.apache.ratis.server.raftlog.segmented.SegmentedRaftLogWorker.run(SegmentedRaftLogWorker.java:289)
	at java.lang.Thread.run(Thread.java:748)
2019-09-26 21:19:26,271 [da833d8d-e72a-4068-9560-4daa2d83adc2@group-4E8FB90A84B2-SegmentedRaftLogWorker] INFO  impl.RaftServerImpl (RaftServerImpl.java:lambda$shutdown$3(251)) - da833d8d-e72a-4068-9560-4daa2d83adc2@group-4E8FB90A84B2: shutdown
2019-09-26 21:19:26,271 [9ce0b59e-153f-4f41-8aed-492a76d80b48@group-33318FFD8D83-SegmentedRaftLogWorker] INFO  impl.RaftServerImpl (RaftServerImpl.java:lambda$shutdown$3(251)) - 9ce0b59e-153f-4f41-8aed-492a76d80b48@group-33318FFD8D83: shutdown
2019-09-26 21:19:26,272 [1178c3ae-d0b4-4d44-b144-fe8504cc41ac@group-9541723CC6E1-SegmentedRaftLogWorker] ERROR segmented.SegmentedRaftLogWorker (SegmentedRaftLogWorker.java:run(323)) - 1178c3ae-d0b4-4d44-b144-fe8504cc41ac@group-9541723CC6E1-SegmentedRaftLogWorker hit exception
java.lang.OutOfMemoryError: Direct buffer memory
	at java.nio.Bits.reserveMemory(Bits.java:666)
	at java.nio.DirectByteBuffer.<init>(DirectByteBuffer.java:123)
	at java.nio.ByteBuffer.allocateDirect(ByteBuffer.java:311)
	at org.apache.ratis.server.raftlog.segmented.BufferedWriteChannel.<init>(BufferedWriteChannel.java:41)
	at org.apache.ratis.server.raftlog.segmented.SegmentedRaftLogOutputStream.<init>(SegmentedRaftLogOutputStream.java:72)
	at org.apache.ratis.server.raftlog.segmented.SegmentedRaftLogWorker$StartLogSegment.execute(SegmentedRaftLogWorker.java:566)
	at org.apache.ratis.server.raftlog.segmented.SegmentedRaftLogWorker.run(SegmentedRaftLogWorker.java:289)
	at java.lang.Thread.run(Thread.java:748)
2019-09-26 21:19:26,272 [9ce0b59e-153f-4f41-8aed-492a76d80b48@group-F571F2D46B43-SegmentedRaftLogWorker] ERROR segmented.SegmentedRaftLogWorker (SegmentedRaftLogWorker.java:run(323)) - 9ce0b59e-153f-4f41-8aed-492a76d80b48@group-F571F2D46B43-SegmentedRaftLogWorker hit exception
java.lang.OutOfMemoryError: Direct buffer memory
	at java.nio.Bits.reserveMemory(Bits.java:666)
	at java.nio.DirectByteBuffer.<init>(DirectByteBuffer.java:123)
	at java.nio.ByteBuffer.allocateDirect(ByteBuffer.java:311)
	at org.apache.ratis.server.raftlog.segmented.BufferedWriteChannel.<init>(BufferedWriteChannel.java:41)
	at org.apache.ratis.server.raftlog.segmented.SegmentedRaftLogOutputStream.<init>(SegmentedRaftLogOutputStream.java:72)
	at org.apache.ratis.server.raftlog.segmented.SegmentedRaftLogWorker$StartLogSegment.execute(SegmentedRaftLogWorker.java:566)
	at org.apache.ratis.server.raftlog.segmented.SegmentedRaftLogWorker.run(SegmentedRaftLogWorker.java:289)
	at java.lang.Thread.run(Thread.java:748)
2019-09-26 21:19:26,272 [1178c3ae-d0b4-4d44-b144-fe8504cc41ac@group-9541723CC6E1-SegmentedRaftLogWorker] INFO  impl.RaftServerImpl (RaftServerImpl.java:lambda$shutdown$3(251)) - 1178c3ae-d0b4-4d44-b144-fe8504cc41ac@group-9541723CC6E1: shutdown
2019-09-26 21:19:26,272 [9ce0b59e-153f-4f41-8aed-492a76d80b48@group-F571F2D46B43-SegmentedRaftLogWorker] INFO  impl.RaftServerImpl (RaftServerImpl.java:lambda$shutdown$3(251)) - 9ce0b59e-153f-4f41-8aed-492a76d80b48@group-F571F2D46B43: shutdown
2019-09-26 21:19:26,276 [pool-57-thread-1] INFO  storage.RaftStorage (RaftStorage.java:format(72)) - Storage directory /workdir/hadoop-ozone/ozonefs/target/test-dir/MiniOzoneClusterImpl-5b64906c-d720-4906-b30c-b6d56a2122fd/datanode-3/data/ratis/98699474-e852-4ab8-8c87-6b7477e54974 has been successfully formatted.
2019-09-26 21:19:26,276 [1178c3ae-d0b4-4d44-b144-fe8504cc41ac@group-AA27AC3B9E14-SegmentedRaftLogWorker] ERROR segmented.SegmentedRaftLogWorker (SegmentedRaftLogWorker.java:run(323)) - 1178c3ae-d0b4-4d44-b144-fe8504cc41ac@group-AA27AC3B9E14-SegmentedRaftLogWorker hit exception
java.lang.OutOfMemoryError: Direct buffer memory
	at java.nio.Bits.reserveMemory(Bits.java:666)
	at java.nio.DirectByteBuffer.<init>(DirectByteBuffer.java:123)
	at java.nio.ByteBuffer.allocateDirect(ByteBuffer.java:311)
	at org.apache.ratis.server.raftlog.segmented.BufferedWriteChannel.<init>(BufferedWriteChannel.java:41)
	at org.apache.ratis.server.raftlog.segmented.SegmentedRaftLogOutputStream.<init>(SegmentedRaftLogOutputStream.java:72)
	at org.apache.ratis.server.raftlog.segmented.SegmentedRaftLogWorker$StartLogSegment.execute(SegmentedRaftLogWorker.java:566)
	at org.apache.ratis.server.raftlog.segmented.SegmentedRaftLogWorker.run(SegmentedRaftLogWorker.java:289)
	at java.lang.Thread.run(Thread.java:748)
2019-09-26 21:19:26,276 [1178c3ae-d0b4-4d44-b144-fe8504cc41ac@group-AA27AC3B9E14-SegmentedRaftLogWorker] INFO  impl.RaftServerImpl (RaftServerImpl.java:lambda$shutdown$3(251)) - 1178c3ae-d0b4-4d44-b144-fe8504cc41ac@group-AA27AC3B9E14: shutdown
2019-09-26 21:19:26,276 [09112efe-1fad-4539-a04f-c96aef6d2351@group-7CB09764F714-SegmentedRaftLogWorker] ERROR segmented.SegmentedRaftLogWorker (SegmentedRaftLogWorker.java:run(323)) - 09112efe-1fad-4539-a04f-c96aef6d2351@group-7CB09764F714-SegmentedRaftLogWorker hit exception
java.lang.OutOfMemoryError: Direct buffer memory
	at java.nio.Bits.reserveMemory(Bits.java:666)
	at java.nio.DirectByteBuffer.<init>(DirectByteBuffer.java:123)
	at java.nio.ByteBuffer.allocateDirect(ByteBuffer.java:311)
	at org.apache.ratis.server.raftlog.segmented.BufferedWriteChannel.<init>(BufferedWriteChannel.java:41)
	at org.apache.ratis.server.raftlog.segmented.SegmentedRaftLogOutputStream.<init>(SegmentedRaftLogOutputStream.java:72)
	at org.apache.ratis.server.raftlog.segmented.SegmentedRaftLogWorker$StartLogSegment.execute(SegmentedRaftLogWorker.java:566)
	at org.apache.ratis.server.raftlog.segmented.SegmentedRaftLogWorker.run(SegmentedRaftLogWorker.java:289)
	at java.lang.Thread.run(Thread.java:748)
2019-09-26 21:19:26,276 [da833d8d-e72a-4068-9560-4daa2d83adc2@group-0604B4D664E6-SegmentedRaftLogWorker] ERROR segmented.SegmentedRaftLogWorker (SegmentedRaftLogWorker.java:run(323)) - da833d8d-e72a-4068-9560-4daa2d83adc2@group-0604B4D664E6-SegmentedRaftLogWorker hit exception
java.lang.OutOfMemoryError: Direct buffer memory
	at java.nio.Bits.reserveMemory(Bits.java:666)
	at java.nio.DirectByteBuffer.<init>(DirectByteBuffer.java:123)
	at java.nio.ByteBuffer.allocateDirect(ByteBuffer.java:311)
	at org.apache.ratis.server.raftlog.segmented.BufferedWriteChannel.<init>(BufferedWriteChannel.java:41)
	at org.apache.ratis.server.raftlog.segmented.SegmentedRaftLogOutputStream.<init>(SegmentedRaftLogOutputStream.java:72)
	at org.apache.ratis.server.raftlog.segmented.SegmentedRaftLogWorker$StartLogSegment.execute(SegmentedRaftLogWorker.java:566)
	at org.apache.ratis.server.raftlog.segmented.SegmentedRaftLogWorker.run(SegmentedRaftLogWorker.java:289)
	at java.lang.Thread.run(Thread.java:748)
2019-09-26 21:19:26,280 [da833d8d-e72a-4068-9560-4daa2d83adc2@group-0604B4D664E6-SegmentedRaftLogWorker] INFO  impl.RaftServerImpl (RaftServerImpl.java:lambda$shutdown$3(251)) - da833d8d-e72a-4068-9560-4daa2d83adc2@group-0604B4D664E6: shutdown
2019-09-26 21:19:26,279 [09112efe-1fad-4539-a04f-c96aef6d2351@group-7CB09764F714-SegmentedRaftLogWorker] INFO  impl.RaftServerImpl (RaftServerImpl.java:lambda$shutdown$3(251)) - 09112efe-1fad-4539-a04f-c96aef6d2351@group-7CB09764F714: shutdown
2019-09-26 21:19:26,276 [pool-57-thread-1] INFO  ratis.ContainerStateMachine (ContainerStateMachine.java:loadSnapshot(230)) - group-6B7477E54974: The snapshot info is null. Setting the last applied indexto:(t:0, i:~)
2019-09-26 21:19:26,280 [pool-57-thread-1] INFO  server.RaftServerConfigKeys (ConfUtils.java:logGet(43)) - raft.server.notification.no-leader.timeout = 120s (custom)
2019-09-26 21:19:26,280 [pool-57-thread-1] INFO  server.RaftServerConfigKeys (ConfUtils.java:logGet(43)) - raft.server.log.use.memory = false (default)
2019-09-26 21:19:26,280 [pool-57-thread-1] INFO  server.RaftServerConfigKeys (ConfUtils.java:logGet(43)) - raft.server.log.purge.gap = 1000000 (custom)
2019-09-26 21:19:26,281 [pool-57-thread-1] INFO  server.RaftServerConfigKeys (ConfUtils.java:logGet(43)) - raft.server.log.appender.buffer.byte-limit = 33554432 (custom)
2019-09-26 21:19:26,281 [pool-57-thread-1] INFO  server.RaftServerConfigKeys (ConfUtils.java:logGet(43)) - raft.server.log.segment.size.max = 1048576 (custom)
2019-09-26 21:19:26,281 [pool-57-thread-1] INFO  server.RaftServerConfigKeys (ConfUtils.java:logGet(43)) - raft.server.log.segment.cache.num.max = 2 (custom)
2019-09-26 21:19:26,281 [pool-57-thread-1] INFO  segmented.SegmentedRaftLogWorker (SegmentedRaftLogWorker.java:<init>(172)) - new 0c640f50-2bc9-49b6-b785-a27e3116e6ba@group-6B7477E54974-SegmentedRaftLogWorker for RaftStorage:Storage Directory /workdir/hadoop-ozone/ozonefs/target/test-dir/MiniOzoneClusterImpl-5b64906c-d720-4906-b30c-b6d56a2122fd/datanode-3/data/ratis/98699474-e852-4ab8-8c87-6b7477e54974
2019-09-26 21:19:26,281 [pool-57-thread-1] INFO  server.RaftServerConfigKeys (ConfUtils.java:logGet(43)) - raft.server.log.queue.byte-limit = 2147483647 (custom)
2019-09-26 21:19:26,281 [pool-57-thread-1] INFO  server.RaftServerConfigKeys (ConfUtils.java:logGet(43)) - raft.server.log.queue.element-limit = 1024 (custom)
2019-09-26 21:19:26,281 [pool-57-thread-1] INFO  server.RaftServerConfigKeys (ConfUtils.java:logGet(43)) - raft.server.log.segment.size.max = 1048576 (custom)
2019-09-26 21:19:26,282 [pool-57-thread-1] INFO  server.RaftServerConfigKeys (ConfUtils.java:logGet(43)) - raft.server.log.preallocated.size = 16384 (custom)
2019-09-26 21:19:26,282 [pool-57-thread-1] INFO  server.RaftServerConfigKeys (ConfUtils.java:logGet(43)) - raft.server.log.write.buffer.size = 33554432 (custom)
2019-09-26 21:19:26,282 [pool-57-thread-1] INFO  server.RaftServerConfigKeys (ConfUtils.java:logGet(43)) - raft.server.log.force.sync.num = 128 (default)
2019-09-26 21:19:26,282 [pool-57-thread-1] INFO  server.RaftServerConfigKeys (ConfUtils.java:logGet(43)) - raft.server.log.statemachine.data.sync = true (default)
2019-09-26 21:19:26,282 [pool-57-thread-1] INFO  server.RaftServerConfigKeys (ConfUtils.java:logGet(43)) - raft.server.log.statemachine.data.sync.timeout = 10s (default)
2019-09-26 21:19:26,282 [pool-57-thread-1] INFO  server.RaftServerConfigKeys (ConfUtils.java:logGet(43)) - raft.server.log.statemachine.data.sync.timeout.retry = -1 (default)
2019-09-26 21:19:26,282 [pool-57-thread-1] INFO  server.RaftServerConfigKeys (ConfUtils.java:logGet(43)) - raft.server.log.statemachine.data.caching.enabled = true (custom)
2019-09-26 21:19:26,283 [1178c3ae-d0b4-4d44-b144-fe8504cc41ac@group-9541723CC6E1-SegmentedRaftLogWorker] INFO  util.JmxRegister (JmxRegister.java:unregister(73)) - Successfully un-registered JMX Bean with object name Ratis:service=RaftServer,group=group-9541723CC6E1,id=1178c3ae-d0b4-4d44-b144-fe8504cc41ac
2019-09-26 21:19:26,283 [1178c3ae-d0b4-4d44-b144-fe8504cc41ac@group-AA27AC3B9E14-SegmentedRaftLogWorker] INFO  util.JmxRegister (JmxRegister.java:unregister(73)) - Successfully un-registered JMX Bean with object name Ratis:service=RaftServer,group=group-AA27AC3B9E14,id=1178c3ae-d0b4-4d44-b144-fe8504cc41ac
2019-09-26 21:19:26,282 [9ce0b59e-153f-4f41-8aed-492a76d80b48@group-33318FFD8D83-SegmentedRaftLogWorker] INFO  util.JmxRegister (JmxRegister.java:unregister(73)) - Successfully un-registered JMX Bean with object name Ratis:service=RaftServer,group=group-33318FFD8D83,id=9ce0b59e-153f-4f41-8aed-492a76d80b48
2019-09-26 21:19:26,282 [da833d8d-e72a-4068-9560-4daa2d83adc2@group-4E8FB90A84B2-SegmentedRaftLogWorker] INFO  util.JmxRegister (JmxRegister.java:unregister(73)) - Successfully un-registered JMX Bean with object name Ratis:service=RaftServer,group=group-4E8FB90A84B2,id=da833d8d-e72a-4068-9560-4daa2d83adc2
2019-09-26 21:19:26,283 [9ce0b59e-153f-4f41-8aed-492a76d80b48@group-33318FFD8D83-SegmentedRaftLogWorker] INFO  impl.RoleInfo (RoleInfo.java:shutdownLeaderState(104)) - 9ce0b59e-153f-4f41-8aed-492a76d80b48: shutdown LeaderState
2019-09-26 21:19:26,283 [1178c3ae-d0b4-4d44-b144-fe8504cc41ac@group-AA27AC3B9E14-SegmentedRaftLogWorker] INFO  impl.RoleInfo (RoleInfo.java:shutdownLeaderState(104)) - 1178c3ae-d0b4-4d44-b144-fe8504cc41ac: shutdown LeaderState
2019-09-26 21:19:26,283 [pool-57-thread-1] INFO  segmented.SegmentedRaftLogWorker (SegmentedRaftLogWorker.java:lambda$new$0(132)) - 0c640f50-2bc9-49b6-b785-a27e3116e6ba@group-6B7477E54974-SegmentedRaftLogWorker: flushIndex: setUnconditionally 0 -> -1
2019-09-26 21:19:26,283 [1178c3ae-d0b4-4d44-b144-fe8504cc41ac@group-9541723CC6E1-SegmentedRaftLogWorker] INFO  impl.RoleInfo (RoleInfo.java:shutdownLeaderState(104)) - 1178c3ae-d0b4-4d44-b144-fe8504cc41ac: shutdown LeaderState
2019-09-26 21:19:26,283 [9ce0b59e-153f-4f41-8aed-492a76d80b48@group-F571F2D46B43-SegmentedRaftLogWorker] INFO  util.JmxRegister (JmxRegister.java:unregister(73)) - Successfully un-registered JMX Bean with object name Ratis:service=RaftServer,group=group-F571F2D46B43,id=9ce0b59e-153f-4f41-8aed-492a76d80b48
2019-09-26 21:19:26,284 [1178c3ae-d0b4-4d44-b144-fe8504cc41ac@group-9541723CC6E1-SegmentedRaftLogWorker] INFO  impl.PendingRequests (PendingRequests.java:sendNotLeaderResponses(202)) - 1178c3ae-d0b4-4d44-b144-fe8504cc41ac-PendingRequests: sendNotLeaderResponses
2019-09-26 21:19:26,284 [pool-57-thread-1] INFO  server.RaftServerConfigKeys (ConfUtils.java:logGet(43)) - raft.server.snapshot.auto.trigger.enabled = true (custom)
2019-09-26 21:19:26,284 [pool-57-thread-1] INFO  server.RaftServerConfigKeys (ConfUtils.java:logGet(43)) - raft.server.snapshot.auto.trigger.threshold = 10000 (custom)
2019-09-26 21:19:26,283 [1178c3ae-d0b4-4d44-b144-fe8504cc41ac@group-AA27AC3B9E14-SegmentedRaftLogWorker] INFO  impl.PendingRequests (PendingRequests.java:sendNotLeaderResponses(202)) - 1178c3ae-d0b4-4d44-b144-fe8504cc41ac-PendingRequests: sendNotLeaderResponses
2019-09-26 21:19:26,283 [09112efe-1fad-4539-a04f-c96aef6d2351@group-7CB09764F714-SegmentedRaftLogWorker] INFO  util.JmxRegister (JmxRegister.java:unregister(73)) - Successfully un-registered JMX Bean with object name Ratis:service=RaftServer,group=group-7CB09764F714,id=09112efe-1fad-4539-a04f-c96aef6d2351
2019-09-26 21:19:26,283 [9ce0b59e-153f-4f41-8aed-492a76d80b48@group-33318FFD8D83-SegmentedRaftLogWorker] INFO  impl.PendingRequests (PendingRequests.java:sendNotLeaderResponses(202)) - 9ce0b59e-153f-4f41-8aed-492a76d80b48-PendingRequests: sendNotLeaderResponses
2019-09-26 21:19:26,283 [da833d8d-e72a-4068-9560-4daa2d83adc2@group-0604B4D664E6-SegmentedRaftLogWorker] INFO  util.JmxRegister (JmxRegister.java:unregister(73)) - Successfully un-registered JMX Bean with object name Ratis:service=RaftServer,group=group-0604B4D664E6,id=da833d8d-e72a-4068-9560-4daa2d83adc2
2019-09-26 21:19:26,283 [da833d8d-e72a-4068-9560-4daa2d83adc2@group-4E8FB90A84B2-SegmentedRaftLogWorker] INFO  impl.RoleInfo (RoleInfo.java:shutdownLeaderState(104)) - da833d8d-e72a-4068-9560-4daa2d83adc2: shutdown LeaderState
2019-09-26 21:19:26,285 [da833d8d-e72a-4068-9560-4daa2d83adc2@group-0604B4D664E6-SegmentedRaftLogWorker] INFO  impl.RoleInfo (RoleInfo.java:shutdownLeaderState(104)) - da833d8d-e72a-4068-9560-4daa2d83adc2: shutdown LeaderState
2019-09-26 21:19:26,285 [9ce0b59e-153f-4f41-8aed-492a76d80b48@group-33318FFD8D83-SegmentedRaftLogWorker] INFO  impl.StateMachineUpdater (StateMachineUpdater.java:stopAndJoin(125)) - 9ce0b59e-153f-4f41-8aed-492a76d80b48@group-33318FFD8D83-StateMachineUpdater: set stopIndex = -1
2019-09-26 21:19:26,285 [09112efe-1fad-4539-a04f-c96aef6d2351@group-7CB09764F714-SegmentedRaftLogWorker] INFO  impl.RoleInfo (RoleInfo.java:shutdownLeaderState(104)) - 09112efe-1fad-4539-a04f-c96aef6d2351: shutdown LeaderState
2019-09-26 21:19:26,285 [1178c3ae-d0b4-4d44-b144-fe8504cc41ac@group-AA27AC3B9E14-SegmentedRaftLogWorker] INFO  impl.StateMachineUpdater (StateMachineUpdater.java:stopAndJoin(125)) - 1178c3ae-d0b4-4d44-b144-fe8504cc41ac@group-AA27AC3B9E14-StateMachineUpdater: set stopIndex = -1
2019-09-26 21:19:26,284 [pool-57-thread-1] INFO  server.RaftServerConfigKeys (ConfUtils.java:logGet(43)) - raft.server.snapshot.retention.num.files = 5 (custom)
2019-09-26 21:19:26,284 [1178c3ae-d0b4-4d44-b144-fe8504cc41ac@group-9541723CC6E1-SegmentedRaftLogWorker] INFO  impl.StateMachineUpdater (StateMachineUpdater.java:stopAndJoin(125)) - 1178c3ae-d0b4-4d44-b144-fe8504cc41ac@group-9541723CC6E1-StateMachineUpdater: set stopIndex = -1
2019-09-26 21:19:26,284 [9ce0b59e-153f-4f41-8aed-492a76d80b48@group-F571F2D46B43-SegmentedRaftLogWorker] INFO  impl.RoleInfo (RoleInfo.java:shutdownLeaderState(104)) - 9ce0b59e-153f-4f41-8aed-492a76d80b48: shutdown LeaderState
2019-09-26 21:19:26,286 [1178c3ae-d0b4-4d44-b144-fe8504cc41ac@group-9541723CC6E1-SegmentedRaftLogWorker] INFO  impl.RaftServerImpl (ServerState.java:close(385)) - 1178c3ae-d0b4-4d44-b144-fe8504cc41ac@group-9541723CC6E1: closes. applyIndex: -1
2019-09-26 21:19:26,286 [pool-57-thread-1] INFO  server.RaftServerConfigKeys (ConfUtils.java:logGet(43)) - raft.server.retrycache.expirytime = 600000ms (custom)
2019-09-26 21:19:26,286 [1178c3ae-d0b4-4d44-b144-fe8504cc41ac@group-AA27AC3B9E14-SegmentedRaftLogWorker] INFO  impl.RaftServerImpl (ServerState.java:close(385)) - 1178c3ae-d0b4-4d44-b144-fe8504cc41ac@group-AA27AC3B9E14: closes. applyIndex: -1
2019-09-26 21:19:26,286 [09112efe-1fad-4539-a04f-c96aef6d2351@group-7CB09764F714-SegmentedRaftLogWorker] INFO  impl.PendingRequests (PendingRequests.java:sendNotLeaderResponses(202)) - 09112efe-1fad-4539-a04f-c96aef6d2351-PendingRequests: sendNotLeaderResponses
2019-09-26 21:19:26,285 [9ce0b59e-153f-4f41-8aed-492a76d80b48@group-33318FFD8D83-SegmentedRaftLogWorker] INFO  impl.RaftServerImpl (ServerState.java:close(385)) - 9ce0b59e-153f-4f41-8aed-492a76d80b48@group-33318FFD8D83: closes. applyIndex: -1
2019-09-26 21:19:26,285 [da833d8d-e72a-4068-9560-4daa2d83adc2@group-0604B4D664E6-SegmentedRaftLogWorker] INFO  impl.PendingRequests (PendingRequests.java:sendNotLeaderResponses(202)) - da833d8d-e72a-4068-9560-4daa2d83adc2-PendingRequests: sendNotLeaderResponses
2019-09-26 21:19:26,285 [da833d8d-e72a-4068-9560-4daa2d83adc2@group-4E8FB90A84B2-SegmentedRaftLogWorker] INFO  impl.PendingRequests (PendingRequests.java:sendNotLeaderResponses(202)) - da833d8d-e72a-4068-9560-4daa2d83adc2-PendingRequests: sendNotLeaderResponses
2019-09-26 21:19:26,287 [da833d8d-e72a-4068-9560-4daa2d83adc2@group-0604B4D664E6-SegmentedRaftLogWorker] INFO  impl.StateMachineUpdater (StateMachineUpdater.java:stopAndJoin(125)) - da833d8d-e72a-4068-9560-4daa2d83adc2@group-0604B4D664E6-StateMachineUpdater: set stopIndex = -1
2019-09-26 21:19:26,287 [9ce0b59e-153f-4f41-8aed-492a76d80b48@group-33318FFD8D83-SegmentedRaftLogWorker] INFO  segmented.SegmentedRaftLogWorker (SegmentedRaftLogWorker.java:close(228)) - 9ce0b59e-153f-4f41-8aed-492a76d80b48@group-33318FFD8D83-SegmentedRaftLogWorker close()
2019-09-26 21:19:26,287 [09112efe-1fad-4539-a04f-c96aef6d2351@group-7CB09764F714-SegmentedRaftLogWorker] INFO  impl.StateMachineUpdater (StateMachineUpdater.java:stopAndJoin(125)) - 09112efe-1fad-4539-a04f-c96aef6d2351@group-7CB09764F714-StateMachineUpdater: set stopIndex = -1
2019-09-26 21:19:26,288 [09112efe-1fad-4539-a04f-c96aef6d2351@group-7CB09764F714-SegmentedRaftLogWorker] INFO  impl.RaftServerImpl (ServerState.java:close(385)) - 09112efe-1fad-4539-a04f-c96aef6d2351@group-7CB09764F714: closes. applyIndex: -1
2019-09-26 21:19:26,287 [1178c3ae-d0b4-4d44-b144-fe8504cc41ac@group-AA27AC3B9E14-SegmentedRaftLogWorker] INFO  segmented.SegmentedRaftLogWorker (SegmentedRaftLogWorker.java:close(228)) - 1178c3ae-d0b4-4d44-b144-fe8504cc41ac@group-AA27AC3B9E14-SegmentedRaftLogWorker close()
2019-09-26 21:19:26,286 [9ce0b59e-153f-4f41-8aed-492a76d80b48@group-A9F28D9A165E:LeaderElection220] INFO  impl.RoleInfo (RoleInfo.java:updateAndGet(143)) - 9ce0b59e-153f-4f41-8aed-492a76d80b48: start LeaderState
2019-09-26 21:19:26,286 [1178c3ae-d0b4-4d44-b144-fe8504cc41ac@group-9541723CC6E1-SegmentedRaftLogWorker] INFO  segmented.SegmentedRaftLogWorker (SegmentedRaftLogWorker.java:close(228)) - 1178c3ae-d0b4-4d44-b144-fe8504cc41ac@group-9541723CC6E1-SegmentedRaftLogWorker close()
2019-09-26 21:19:26,286 [9ce0b59e-153f-4f41-8aed-492a76d80b48@group-F571F2D46B43-SegmentedRaftLogWorker] INFO  impl.PendingRequests (PendingRequests.java:sendNotLeaderResponses(202)) - 9ce0b59e-153f-4f41-8aed-492a76d80b48-PendingRequests: sendNotLeaderResponses
2019-09-26 21:19:26,288 [9ce0b59e-153f-4f41-8aed-492a76d80b48@group-A9F28D9A165E:LeaderElection220] INFO  segmented.SegmentedRaftLogWorker (SegmentedRaftLogWorker.java:startLogSegment(380)) - 9ce0b59e-153f-4f41-8aed-492a76d80b48@group-A9F28D9A165E-SegmentedRaftLogWorker: Starting segment from index:0
2019-09-26 21:19:26,288 [09112efe-1fad-4539-a04f-c96aef6d2351@group-7CB09764F714-SegmentedRaftLogWorker] INFO  segmented.SegmentedRaftLogWorker (SegmentedRaftLogWorker.java:close(228)) - 09112efe-1fad-4539-a04f-c96aef6d2351@group-7CB09764F714-SegmentedRaftLogWorker close()
2019-09-26 21:19:26,287 [da833d8d-e72a-4068-9560-4daa2d83adc2@group-0604B4D664E6-SegmentedRaftLogWorker] INFO  impl.RaftServerImpl (ServerState.java:close(385)) - da833d8d-e72a-4068-9560-4daa2d83adc2@group-0604B4D664E6: closes. applyIndex: -1
2019-09-26 21:19:26,287 [da833d8d-e72a-4068-9560-4daa2d83adc2@group-4E8FB90A84B2-SegmentedRaftLogWorker] INFO  impl.StateMachineUpdater (StateMachineUpdater.java:stopAndJoin(125)) - da833d8d-e72a-4068-9560-4daa2d83adc2@group-4E8FB90A84B2-StateMachineUpdater: set stopIndex = -1
2019-09-26 21:19:26,289 [da833d8d-e72a-4068-9560-4daa2d83adc2@group-0604B4D664E6-SegmentedRaftLogWorker] INFO  segmented.SegmentedRaftLogWorker (SegmentedRaftLogWorker.java:close(228)) - da833d8d-e72a-4068-9560-4daa2d83adc2@group-0604B4D664E6-SegmentedRaftLogWorker close()
2019-09-26 21:19:26,289 [9ce0b59e-153f-4f41-8aed-492a76d80b48@group-A9F28D9A165E:LeaderElection220] INFO  impl.RaftServerImpl (ServerState.java:setRaftConf(354)) - 9ce0b59e-153f-4f41-8aed-492a76d80b48@group-A9F28D9A165E: set configuration 0: [9ce0b59e-153f-4f41-8aed-492a76d80b48:192.168.151.99:34156], old=null at 0
2019-09-26 21:19:26,289 [9ce0b59e-153f-4f41-8aed-492a76d80b48@group-F571F2D46B43-SegmentedRaftLogWorker] INFO  impl.StateMachineUpdater (StateMachineUpdater.java:stopAndJoin(125)) - 9ce0b59e-153f-4f41-8aed-492a76d80b48@group-F571F2D46B43-StateMachineUpdater: set stopIndex = -1
2019-09-26 21:19:26,581 [da833d8d-e72a-4068-9560-4daa2d83adc2@group-4E8FB90A84B2-SegmentedRaftLogWorker] INFO  impl.RaftServerImpl (ServerState.java:close(385)) - da833d8d-e72a-4068-9560-4daa2d83adc2@group-4E8FB90A84B2: closes. applyIndex: -1
2019-09-26 21:19:26,581 [9ce0b59e-153f-4f41-8aed-492a76d80b48@group-F571F2D46B43-SegmentedRaftLogWorker] INFO  impl.RaftServerImpl (ServerState.java:close(385)) - 9ce0b59e-153f-4f41-8aed-492a76d80b48@group-F571F2D46B43: closes. applyIndex: -1
2019-09-26 21:19:26,582 [da833d8d-e72a-4068-9560-4daa2d83adc2@group-4E8FB90A84B2-SegmentedRaftLogWorker] INFO  segmented.SegmentedRaftLogWorker (SegmentedRaftLogWorker.java:close(228)) - da833d8d-e72a-4068-9560-4daa2d83adc2@group-4E8FB90A84B2-SegmentedRaftLogWorker close()
2019-09-26 21:19:26,582 [9ce0b59e-153f-4f41-8aed-492a76d80b48@group-F571F2D46B43-SegmentedRaftLogWorker] INFO  segmented.SegmentedRaftLogWorker (SegmentedRaftLogWorker.java:close(228)) - 9ce0b59e-153f-4f41-8aed-492a76d80b48@group-F571F2D46B43-SegmentedRaftLogWorker close()
2019-09-26 21:19:26,585 [1178c3ae-d0b4-4d44-b144-fe8504cc41ac@group-CF9C7CE836F7:LeaderElection219] INFO  impl.RoleInfo (RoleInfo.java:updateAndGet(143)) - 1178c3ae-d0b4-4d44-b144-fe8504cc41ac: start LeaderState
2019-09-26 21:19:26,586 [1178c3ae-d0b4-4d44-b144-fe8504cc41ac@group-CF9C7CE836F7:LeaderElection219] INFO  segmented.SegmentedRaftLogWorker (SegmentedRaftLogWorker.java:startLogSegment(380)) - 1178c3ae-d0b4-4d44-b144-fe8504cc41ac@group-CF9C7CE836F7-SegmentedRaftLogWorker: Starting segment from index:0
2019-09-26 21:19:26,586 [1178c3ae-d0b4-4d44-b144-fe8504cc41ac@group-CF9C7CE836F7:LeaderElection219] INFO  impl.RaftServerImpl (ServerState.java:setRaftConf(354)) - 1178c3ae-d0b4-4d44-b144-fe8504cc41ac@group-CF9C7CE836F7: set configuration 0: [1178c3ae-d0b4-4d44-b144-fe8504cc41ac:192.168.151.99:33787], old=null at 0
2019-09-26 21:19:26,833 [da833d8d-e72a-4068-9560-4daa2d83adc2@group-85E87D856CDF-SegmentedRaftLogWorker] ERROR segmented.SegmentedRaftLogWorker (SegmentedRaftLogWorker.java:run(323)) - da833d8d-e72a-4068-9560-4daa2d83adc2@group-85E87D856CDF-SegmentedRaftLogWorker hit exception
java.lang.OutOfMemoryError: Direct buffer memory
	at java.nio.Bits.reserveMemory(Bits.java:666)
	at java.nio.DirectByteBuffer.<init>(DirectByteBuffer.java:123)
	at java.nio.ByteBuffer.allocateDirect(ByteBuffer.java:311)
	at org.apache.ratis.server.raftlog.segmented.BufferedWriteChannel.<init>(BufferedWriteChannel.java:41)
	at org.apache.ratis.server.raftlog.segmented.SegmentedRaftLogOutputStream.<init>(SegmentedRaftLogOutputStream.java:72)
	at org.apache.ratis.server.raftlog.segmented.SegmentedRaftLogWorker$StartLogSegment.execute(SegmentedRaftLogWorker.java:566)
	at org.apache.ratis.server.raftlog.segmented.SegmentedRaftLogWorker.run(SegmentedRaftLogWorker.java:289)
	at java.lang.Thread.run(Thread.java:748)
2019-09-26 21:19:26,833 [pool-37-thread-1] INFO  impl.RaftServerImpl (RaftServerImpl.java:<init>(95)) - 1178c3ae-d0b4-4d44-b144-fe8504cc41ac: new RaftServerImpl for group-6B7477E54974:[0c640f50-2bc9-49b6-b785-a27e3116e6ba:192.168.151.99:42361, da833d8d-e72a-4068-9560-4daa2d83adc2:192.168.151.99:38903, 1178c3ae-d0b4-4d44-b144-fe8504cc41ac:192.168.151.99:33787] with ContainerStateMachine:uninitialized
2019-09-26 21:19:26,833 [da833d8d-e72a-4068-9560-4daa2d83adc2@group-85E87D856CDF-SegmentedRaftLogWorker] INFO  impl.RaftServerImpl (RaftServerImpl.java:lambda$shutdown$3(251)) - da833d8d-e72a-4068-9560-4daa2d83adc2@group-85E87D856CDF: shutdown
2019-09-26 21:19:26,834 [pool-37-thread-1] INFO  server.RaftServerConfigKeys (ConfUtils.java:logGet(43)) - raft.server.rpc.timeout.min = 5s (custom)
2019-09-26 21:19:26,834 [pool-37-thread-1] INFO  server.RaftServerConfigKeys (ConfUtils.java:logGet(43)) - raft.server.rpc.timeout.max = 5200ms (custom)
2019-09-26 21:19:26,834 [pool-37-thread-1] INFO  server.RaftServerConfigKeys (ConfUtils.java:logGet(43)) - raft.server.rpcslowness.timeout = 120s (custom)
2019-09-26 21:19:26,834 [pool-37-thread-1] INFO  server.RaftServerConfigKeys (ConfUtils.java:logGet(43)) - raft.server.sleep.deviation.threshold = 300 (default)
2019-09-26 21:19:26,834 [pool-37-thread-1] INFO  server.RaftServerConfigKeys (ConfUtils.java:logGet(43)) - raft.server.log.appender.install.snapshot.enabled = false (custom)
2019-09-26 21:19:26,834 [pool-37-thread-1] INFO  impl.RaftServerImpl (ServerState.java:<init>(103)) - 1178c3ae-d0b4-4d44-b144-fe8504cc41ac@group-6B7477E54974: ConfigurationManager, init=-1: [0c640f50-2bc9-49b6-b785-a27e3116e6ba:192.168.151.99:42361, da833d8d-e72a-4068-9560-4daa2d83adc2:192.168.151.99:38903, 1178c3ae-d0b4-4d44-b144-fe8504cc41ac:192.168.151.99:33787], old=null, confs=<EMPTY_MAP>
2019-09-26 21:19:26,834 [pool-37-thread-1] INFO  server.RaftServerConfigKeys (ConfUtils.java:logGet(43)) - raft.server.storage.dir = [/workdir/hadoop-ozone/ozonefs/target/test-dir/MiniOzoneClusterImpl-5b64906c-d720-4906-b30c-b6d56a2122fd/datanode-1/data/ratis] (custom)
2019-09-26 21:19:26,835 [pool-37-thread-1] INFO  storage.RaftStorageDirectory (RaftStorageDirectory.java:analyzeStorage(246)) - The storage directory /workdir/hadoop-ozone/ozonefs/target/test-dir/MiniOzoneClusterImpl-5b64906c-d720-4906-b30c-b6d56a2122fd/datanode-1/data/ratis/98699474-e852-4ab8-8c87-6b7477e54974 does not exist. Creating ...
2019-09-26 21:19:26,835 [pool-67-thread-1] INFO  impl.RaftServerImpl (RaftServerImpl.java:<init>(95)) - da833d8d-e72a-4068-9560-4daa2d83adc2: new RaftServerImpl for group-6B7477E54974:[0c640f50-2bc9-49b6-b785-a27e3116e6ba:192.168.151.99:42361, da833d8d-e72a-4068-9560-4daa2d83adc2:192.168.151.99:38903, 1178c3ae-d0b4-4d44-b144-fe8504cc41ac:192.168.151.99:33787] with ContainerStateMachine:uninitialized
2019-09-26 21:19:26,836 [pool-67-thread-1] INFO  server.RaftServerConfigKeys (ConfUtils.java:logGet(43)) - raft.server.rpc.timeout.min = 5s (custom)
2019-09-26 21:19:26,836 [pool-67-thread-1] INFO  server.RaftServerConfigKeys (ConfUtils.java:logGet(43)) - raft.server.rpc.timeout.max = 5200ms (custom)
2019-09-26 21:19:26,836 [pool-67-thread-1] INFO  server.RaftServerConfigKeys (ConfUtils.java:logGet(43)) - raft.server.rpcslowness.timeout = 120s (custom)
2019-09-26 21:19:26,836 [pool-67-thread-1] INFO  server.RaftServerConfigKeys (ConfUtils.java:logGet(43)) - raft.server.sleep.deviation.threshold = 300 (default)
2019-09-26 21:19:26,836 [pool-67-thread-1] INFO  server.RaftServerConfigKeys (ConfUtils.java:logGet(43)) - raft.server.log.appender.install.snapshot.enabled = false (custom)
2019-09-26 21:19:26,837 [pool-67-thread-1] INFO  impl.RaftServerImpl (ServerState.java:<init>(103)) - da833d8d-e72a-4068-9560-4daa2d83adc2@group-6B7477E54974: ConfigurationManager, init=-1: [0c640f50-2bc9-49b6-b785-a27e3116e6ba:192.168.151.99:42361, da833d8d-e72a-4068-9560-4daa2d83adc2:192.168.151.99:38903, 1178c3ae-d0b4-4d44-b144-fe8504cc41ac:192.168.151.99:33787], old=null, confs=<EMPTY_MAP>
2019-09-26 21:19:26,837 [pool-67-thread-1] INFO  server.RaftServerConfigKeys (ConfUtils.java:logGet(43)) - raft.server.storage.dir = [/workdir/hadoop-ozone/ozonefs/target/test-dir/MiniOzoneClusterImpl-5b64906c-d720-4906-b30c-b6d56a2122fd/datanode-4/data/ratis] (custom)
2019-09-26 21:19:26,837 [da833d8d-e72a-4068-9560-4daa2d83adc2@group-85E87D856CDF-SegmentedRaftLogWorker] INFO  util.JmxRegister (JmxRegister.java:unregister(73)) - Successfully un-registered JMX Bean with object name Ratis:service=RaftServer,group=group-85E87D856CDF,id=da833d8d-e72a-4068-9560-4daa2d83adc2
2019-09-26 21:19:26,837 [pool-67-thread-1] INFO  storage.RaftStorageDirectory (RaftStorageDirectory.java:analyzeStorage(246)) - The storage directory /workdir/hadoop-ozone/ozonefs/target/test-dir/MiniOzoneClusterImpl-5b64906c-d720-4906-b30c-b6d56a2122fd/datanode-4/data/ratis/98699474-e852-4ab8-8c87-6b7477e54974 does not exist. Creating ...
2019-09-26 21:19:26,837 [da833d8d-e72a-4068-9560-4daa2d83adc2@group-85E87D856CDF-SegmentedRaftLogWorker] INFO  impl.RoleInfo (RoleInfo.java:shutdownLeaderState(104)) - da833d8d-e72a-4068-9560-4daa2d83adc2: shutdown LeaderState
2019-09-26 21:19:26,838 [da833d8d-e72a-4068-9560-4daa2d83adc2@group-85E87D856CDF-SegmentedRaftLogWorker] INFO  impl.PendingRequests (PendingRequests.java:sendNotLeaderResponses(202)) - da833d8d-e72a-4068-9560-4daa2d83adc2-PendingRequests: sendNotLeaderResponses
2019-09-26 21:19:26,838 [da833d8d-e72a-4068-9560-4daa2d83adc2@group-85E87D856CDF-SegmentedRaftLogWorker] INFO  impl.StateMachineUpdater (StateMachineUpdater.java:stopAndJoin(125)) - da833d8d-e72a-4068-9560-4daa2d83adc2@group-85E87D856CDF-StateMachineUpdater: set stopIndex = -1
2019-09-26 21:19:26,838 [da833d8d-e72a-4068-9560-4daa2d83adc2@group-85E87D856CDF-SegmentedRaftLogWorker] INFO  impl.RaftServerImpl (ServerState.java:close(385)) - da833d8d-e72a-4068-9560-4daa2d83adc2@group-85E87D856CDF: closes. applyIndex: -1
2019-09-26 21:19:26,839 [da833d8d-e72a-4068-9560-4daa2d83adc2@group-85E87D856CDF-SegmentedRaftLogWorker] INFO  segmented.SegmentedRaftLogWorker (SegmentedRaftLogWorker.java:close(228)) - da833d8d-e72a-4068-9560-4daa2d83adc2@group-85E87D856CDF-SegmentedRaftLogWorker close()
2019-09-26 21:19:26,840 [1178c3ae-d0b4-4d44-b144-fe8504cc41ac@group-500F90204D11:LeaderElection223] INFO  impl.RoleInfo (RoleInfo.java:updateAndGet(143)) - 1178c3ae-d0b4-4d44-b144-fe8504cc41ac: start LeaderState
2019-09-26 21:19:26,840 [1178c3ae-d0b4-4d44-b144-fe8504cc41ac@group-500F90204D11:LeaderElection223] INFO  segmented.SegmentedRaftLogWorker (SegmentedRaftLogWorker.java:startLogSegment(380)) - 1178c3ae-d0b4-4d44-b144-fe8504cc41ac@group-500F90204D11-SegmentedRaftLogWorker: Starting segment from index:0
2019-09-26 21:19:26,841 [pool-27-thread-1] INFO  impl.RaftServerImpl (RaftServerImpl.java:<init>(95)) - 9ce0b59e-153f-4f41-8aed-492a76d80b48: new RaftServerImpl for group-450F00B29BD4:[9ce0b59e-153f-4f41-8aed-492a76d80b48:192.168.151.99:34156, da833d8d-e72a-4068-9560-4daa2d83adc2:192.168.151.99:38903, 1178c3ae-d0b4-4d44-b144-fe8504cc41ac:192.168.151.99:33787] with ContainerStateMachine:uninitialized
2019-09-26 21:19:26,841 [pool-27-thread-1] INFO  server.RaftServerConfigKeys (ConfUtils.java:logGet(43)) - raft.server.rpc.timeout.min = 5s (custom)
2019-09-26 21:19:26,841 [1178c3ae-d0b4-4d44-b144-fe8504cc41ac@group-500F90204D11:LeaderElection223] INFO  impl.RaftServerImpl (ServerState.java:setRaftConf(354)) - 1178c3ae-d0b4-4d44-b144-fe8504cc41ac@group-500F90204D11: set configuration 0: [1178c3ae-d0b4-4d44-b144-fe8504cc41ac:192.168.151.99:33787], old=null at 0
2019-09-26 21:19:27,093 [pool-67-thread-1] INFO  storage.RaftStorageDirectory (RaftStorageDirectory.java:tryLock(328)) - Lock on /workdir/hadoop-ozone/ozonefs/target/test-dir/MiniOzoneClusterImpl-5b64906c-d720-4906-b30c-b6d56a2122fd/datanode-4/data/ratis/98699474-e852-4ab8-8c87-6b7477e54974/in_use.lock acquired by nodename 10701@pr-hdds-1569-g6sp5-2013761785
2019-09-26 21:19:27,093 [pool-37-thread-1] INFO  storage.RaftStorageDirectory (RaftStorageDirectory.java:tryLock(328)) - Lock on /workdir/hadoop-ozone/ozonefs/target/test-dir/MiniOzoneClusterImpl-5b64906c-d720-4906-b30c-b6d56a2122fd/datanode-1/data/ratis/98699474-e852-4ab8-8c87-6b7477e54974/in_use.lock acquired by nodename 10701@pr-hdds-1569-g6sp5-2013761785
2019-09-26 21:19:27,093 [pool-27-thread-1] INFO  server.RaftServerConfigKeys (ConfUtils.java:logGet(43)) - raft.server.rpc.timeout.max = 5200ms (custom)
2019-09-26 21:19:27,094 [pool-27-thread-1] INFO  server.RaftServerConfigKeys (ConfUtils.java:logGet(43)) - raft.server.rpcslowness.timeout = 120s (custom)
2019-09-26 21:19:27,094 [pool-27-thread-1] INFO  server.RaftServerConfigKeys (ConfUtils.java:logGet(43)) - raft.server.sleep.deviation.threshold = 300 (default)
2019-09-26 21:19:27,094 [pool-27-thread-1] INFO  server.RaftServerConfigKeys (ConfUtils.java:logGet(43)) - raft.server.log.appender.install.snapshot.enabled = false (custom)
2019-09-26 21:19:27,095 [pool-27-thread-1] INFO  impl.RaftServerImpl (ServerState.java:<init>(103)) - 9ce0b59e-153f-4f41-8aed-492a76d80b48@group-450F00B29BD4: ConfigurationManager, init=-1: [9ce0b59e-153f-4f41-8aed-492a76d80b48:192.168.151.99:34156, da833d8d-e72a-4068-9560-4daa2d83adc2:192.168.151.99:38903, 1178c3ae-d0b4-4d44-b144-fe8504cc41ac:192.168.151.99:33787], old=null, confs=<EMPTY_MAP>
2019-09-26 21:19:27,095 [pool-27-thread-1] INFO  server.RaftServerConfigKeys (ConfUtils.java:logGet(43)) - raft.server.storage.dir = [/workdir/hadoop-ozone/ozonefs/target/test-dir/MiniOzoneClusterImpl-5b64906c-d720-4906-b30c-b6d56a2122fd/datanode-0/data/ratis] (custom)
2019-09-26 21:19:27,096 [pool-27-thread-1] INFO  storage.RaftStorageDirectory (RaftStorageDirectory.java:analyzeStorage(246)) - The storage directory /workdir/hadoop-ozone/ozonefs/target/test-dir/MiniOzoneClusterImpl-5b64906c-d720-4906-b30c-b6d56a2122fd/datanode-0/data/ratis/7b84129e-b32c-4668-a8d4-450f00b29bd4 does not exist. Creating ...
2019-09-26 21:19:27,104 [1178c3ae-d0b4-4d44-b144-fe8504cc41ac@group-5D863DA9B74C:LeaderElection222] INFO  impl.RoleInfo (RoleInfo.java:updateAndGet(143)) - 1178c3ae-d0b4-4d44-b144-fe8504cc41ac: start LeaderState
2019-09-26 21:19:27,104 [1178c3ae-d0b4-4d44-b144-fe8504cc41ac@group-5D863DA9B74C:LeaderElection222] INFO  segmented.SegmentedRaftLogWorker (SegmentedRaftLogWorker.java:startLogSegment(380)) - 1178c3ae-d0b4-4d44-b144-fe8504cc41ac@group-5D863DA9B74C-SegmentedRaftLogWorker: Starting segment from index:0
2019-09-26 21:19:27,104 [1178c3ae-d0b4-4d44-b144-fe8504cc41ac@group-5D863DA9B74C:LeaderElection222] INFO  impl.RaftServerImpl (ServerState.java:setRaftConf(354)) - 1178c3ae-d0b4-4d44-b144-fe8504cc41ac@group-5D863DA9B74C: set configuration 0: [1178c3ae-d0b4-4d44-b144-fe8504cc41ac:192.168.151.99:33787], old=null at 0
2019-09-26 21:19:27,347 [pool-37-thread-1] INFO  storage.RaftStorage (RaftStorage.java:format(72)) - Storage directory /workdir/hadoop-ozone/ozonefs/target/test-dir/MiniOzoneClusterImpl-5b64906c-d720-4906-b30c-b6d56a2122fd/datanode-1/data/ratis/98699474-e852-4ab8-8c87-6b7477e54974 has been successfully formatted.
2019-09-26 21:19:27,347 [pool-67-thread-1] INFO  storage.RaftStorage (RaftStorage.java:format(72)) - Storage directory /workdir/hadoop-ozone/ozonefs/target/test-dir/MiniOzoneClusterImpl-5b64906c-d720-4906-b30c-b6d56a2122fd/datanode-4/data/ratis/98699474-e852-4ab8-8c87-6b7477e54974 has been successfully formatted.
2019-09-26 21:19:27,347 [pool-27-thread-1] INFO  storage.RaftStorageDirectory (RaftStorageDirectory.java:tryLock(328)) - Lock on /workdir/hadoop-ozone/ozonefs/target/test-dir/MiniOzoneClusterImpl-5b64906c-d720-4906-b30c-b6d56a2122fd/datanode-0/data/ratis/7b84129e-b32c-4668-a8d4-450f00b29bd4/in_use.lock acquired by nodename 10701@pr-hdds-1569-g6sp5-2013761785
2019-09-26 21:19:27,344 [RATISCREATEPIPELINE2] ERROR pipeline.RatisPipelineProvider (RatisPipelineProvider.java:lambda$null$2(175)) - Failed invoke Ratis rpc org.apache.hadoop.hdds.scm.pipeline.RatisPipelineProvider$$Lambda$179/154091354@30cf2a31 for da833d8d-e72a-4068-9560-4daa2d83adc2
org.apache.ratis.protocol.TimeoutIOException
	at org.apache.ratis.grpc.GrpcUtil.tryUnwrapException(GrpcUtil.java:82)
	at org.apache.ratis.grpc.GrpcUtil.unwrapException(GrpcUtil.java:75)
	at org.apache.ratis.grpc.client.GrpcClientProtocolClient.blockingCall(GrpcClientProtocolClient.java:178)
	at org.apache.ratis.grpc.client.GrpcClientProtocolClient.groupAdd(GrpcClientProtocolClient.java:147)
	at org.apache.ratis.grpc.client.GrpcClientRpc.sendRequest(GrpcClientRpc.java:94)
	at org.apache.ratis.client.impl.RaftClientImpl.sendRequest(RaftClientImpl.java:278)
	at org.apache.ratis.client.impl.RaftClientImpl.groupAdd(RaftClientImpl.java:205)
	at org.apache.hadoop.hdds.scm.pipeline.RatisPipelineProvider.lambda$initializePipeline$1(RatisPipelineProvider.java:136)
	at org.apache.hadoop.hdds.scm.pipeline.RatisPipelineProvider.lambda$null$2(RatisPipelineProvider.java:171)
	at java.util.stream.ForEachOps$ForEachOp$OfRef.accept(ForEachOps.java:184)
	at java.util.ArrayList$ArrayListSpliterator.forEachRemaining(ArrayList.java:1382)
	at java.util.stream.AbstractPipeline.copyInto(AbstractPipeline.java:482)
	at java.util.stream.ForEachOps$ForEachTask.compute(ForEachOps.java:291)
	at java.util.concurrent.CountedCompleter.exec(CountedCompleter.java:731)
	at java.util.concurrent.ForkJoinTask.doExec(ForkJoinTask.java:289)
	at java.util.concurrent.ForkJoinPool$WorkQueue.runTask(ForkJoinPool.java:1056)
	at java.util.concurrent.ForkJoinPool.runWorker(ForkJoinPool.java:1692)
	at java.util.concurrent.ForkJoinWorkerThread.run(ForkJoinWorkerThread.java:157)
Caused by: org.apache.ratis.thirdparty.io.grpc.StatusRuntimeException: DEADLINE_EXCEEDED
	at org.apache.ratis.thirdparty.io.grpc.stub.ClientCalls.toStatusRuntimeException(ClientCalls.java:233)
	at org.apache.ratis.thirdparty.io.grpc.stub.ClientCalls.getUnchecked(ClientCalls.java:214)
	at org.apache.ratis.thirdparty.io.grpc.stub.ClientCalls.blockingUnaryCall(ClientCalls.java:139)
	at org.apache.ratis.proto.grpc.AdminProtocolServiceGrpc$AdminProtocolServiceBlockingStub.groupManagement(AdminProtocolServiceGrpc.java:274)
	at org.apache.ratis.grpc.client.GrpcClientProtocolClient.lambda$groupAdd$3(GrpcClientProtocolClient.java:149)
	at org.apache.ratis.grpc.client.GrpcClientProtocolClient.blockingCall(GrpcClientProtocolClient.java:176)
	... 15 more
2019-09-26 21:19:27,343 [RATISCREATEPIPELINE1] ERROR pipeline.RatisPipelineProvider (RatisPipelineProvider.java:lambda$null$2(175)) - Failed invoke Ratis rpc org.apache.hadoop.hdds.scm.pipeline.RatisPipelineProvider$$Lambda$179/154091354@30cf2a31 for 1178c3ae-d0b4-4d44-b144-fe8504cc41ac
org.apache.ratis.protocol.TimeoutIOException: deadline exceeded after 2999785316ns
	at org.apache.ratis.grpc.GrpcUtil.tryUnwrapException(GrpcUtil.java:82)
	at org.apache.ratis.grpc.GrpcUtil.unwrapException(GrpcUtil.java:75)
	at org.apache.ratis.grpc.client.GrpcClientProtocolClient.blockingCall(GrpcClientProtocolClient.java:178)
	at org.apache.ratis.grpc.client.GrpcClientProtocolClient.groupAdd(GrpcClientProtocolClient.java:147)
	at org.apache.ratis.grpc.client.GrpcClientRpc.sendRequest(GrpcClientRpc.java:94)
	at org.apache.ratis.client.impl.RaftClientImpl.sendRequest(RaftClientImpl.java:278)
	at org.apache.ratis.client.impl.RaftClientImpl.groupAdd(RaftClientImpl.java:205)
	at org.apache.hadoop.hdds.scm.pipeline.RatisPipelineProvider.lambda$initializePipeline$1(RatisPipelineProvider.java:136)
	at org.apache.hadoop.hdds.scm.pipeline.RatisPipelineProvider.lambda$null$2(RatisPipelineProvider.java:171)
	at java.util.stream.ForEachOps$ForEachOp$OfRef.accept(ForEachOps.java:184)
	at java.util.ArrayList$ArrayListSpliterator.forEachRemaining(ArrayList.java:1382)
	at java.util.stream.AbstractPipeline.copyInto(AbstractPipeline.java:482)
	at java.util.stream.ForEachOps$ForEachTask.compute(ForEachOps.java:291)
	at java.util.concurrent.CountedCompleter.exec(CountedCompleter.java:731)
	at java.util.concurrent.ForkJoinTask.doExec(ForkJoinTask.java:289)
	at java.util.concurrent.ForkJoinTask.doInvoke(ForkJoinTask.java:401)
	at java.util.concurrent.ForkJoinTask.invoke(ForkJoinTask.java:734)
	at java.util.stream.ForEachOps$ForEachOp.evaluateParallel(ForEachOps.java:160)
	at java.util.stream.ForEachOps$ForEachOp$OfRef.evaluateParallel(ForEachOps.java:174)
	at java.util.stream.AbstractPipeline.evaluate(AbstractPipeline.java:233)
	at java.util.stream.ReferencePipeline.forEach(ReferencePipeline.java:418)
	at java.util.stream.ReferencePipeline$Head.forEach(ReferencePipeline.java:583)
	at org.apache.hadoop.hdds.scm.pipeline.RatisPipelineProvider.lambda$callRatisRpc$3(RatisPipelineProvider.java:165)
	at java.util.concurrent.ForkJoinTask$AdaptedRunnableAction.exec(ForkJoinTask.java:1386)
	at java.util.concurrent.ForkJoinTask.doExec(ForkJoinTask.java:289)
	at java.util.concurrent.ForkJoinPool$WorkQueue.runTask(ForkJoinPool.java:1056)
	at java.util.concurrent.ForkJoinPool.runWorker(ForkJoinPool.java:1692)
	at java.util.concurrent.ForkJoinWorkerThread.run(ForkJoinWorkerThread.java:157)
Caused by: org.apache.ratis.thirdparty.io.grpc.StatusRuntimeException: DEADLINE_EXCEEDED: deadline exceeded after 2999785316ns
	at org.apache.ratis.thirdparty.io.grpc.stub.ClientCalls.toStatusRuntimeException(ClientCalls.java:233)
	at org.apache.ratis.thirdparty.io.grpc.stub.ClientCalls.getUnchecked(ClientCalls.java:214)
	at org.apache.ratis.thirdparty.io.grpc.stub.ClientCalls.blockingUnaryCall(ClientCalls.java:139)
	at org.apache.ratis.proto.grpc.AdminProtocolServiceGrpc$AdminProtocolServiceBlockingStub.groupManagement(AdminProtocolServiceGrpc.java:274)
	at org.apache.ratis.grpc.client.GrpcClientProtocolClient.lambda$groupAdd$3(GrpcClientProtocolClient.java:149)
	at org.apache.ratis.grpc.client.GrpcClientProtocolClient.blockingCall(GrpcClientProtocolClient.java:176)
	... 25 more
2019-09-26 21:19:27,342 [RATISCREATEPIPELINE3] ERROR pipeline.RatisPipelineProvider (RatisPipelineProvider.java:lambda$null$2(175)) - Failed invoke Ratis rpc org.apache.hadoop.hdds.scm.pipeline.RatisPipelineProvider$$Lambda$179/154091354@30cf2a31 for 0c640f50-2bc9-49b6-b785-a27e3116e6ba
org.apache.ratis.protocol.TimeoutIOException
	at org.apache.ratis.grpc.GrpcUtil.tryUnwrapException(GrpcUtil.java:82)
	at org.apache.ratis.grpc.GrpcUtil.unwrapException(GrpcUtil.java:75)
	at org.apache.ratis.grpc.client.GrpcClientProtocolClient.blockingCall(GrpcClientProtocolClient.java:178)
	at org.apache.ratis.grpc.client.GrpcClientProtocolClient.groupAdd(GrpcClientProtocolClient.java:147)
	at org.apache.ratis.grpc.client.GrpcClientRpc.sendRequest(GrpcClientRpc.java:94)
	at org.apache.ratis.client.impl.RaftClientImpl.sendRequest(RaftClientImpl.java:278)
	at org.apache.ratis.client.impl.RaftClientImpl.groupAdd(RaftClientImpl.java:205)
	at org.apache.hadoop.hdds.scm.pipeline.RatisPipelineProvider.lambda$initializePipeline$1(RatisPipelineProvider.java:136)
	at org.apache.hadoop.hdds.scm.pipeline.RatisPipelineProvider.lambda$null$2(RatisPipelineProvider.java:171)
	at java.util.stream.ForEachOps$ForEachOp$OfRef.accept(ForEachOps.java:184)
	at java.util.ArrayList$ArrayListSpliterator.forEachRemaining(ArrayList.java:1382)
	at java.util.stream.AbstractPipeline.copyInto(AbstractPipeline.java:482)
	at java.util.stream.ForEachOps$ForEachTask.compute(ForEachOps.java:291)
	at java.util.concurrent.CountedCompleter.exec(CountedCompleter.java:731)
	at java.util.concurrent.ForkJoinTask.doExec(ForkJoinTask.java:289)
	at java.util.concurrent.ForkJoinPool$WorkQueue.runTask(ForkJoinPool.java:1056)
	at java.util.concurrent.ForkJoinPool.runWorker(ForkJoinPool.java:1692)
	at java.util.concurrent.ForkJoinWorkerThread.run(ForkJoinWorkerThread.java:157)
Caused by: org.apache.ratis.thirdparty.io.grpc.StatusRuntimeException: DEADLINE_EXCEEDED
	at org.apache.ratis.thirdparty.io.grpc.stub.ClientCalls.toStatusRuntimeException(ClientCalls.java:233)
	at org.apache.ratis.thirdparty.io.grpc.stub.ClientCalls.getUnchecked(ClientCalls.java:214)
	at org.apache.ratis.thirdparty.io.grpc.stub.ClientCalls.blockingUnaryCall(ClientCalls.java:139)
	at org.apache.ratis.proto.grpc.AdminProtocolServiceGrpc$AdminProtocolServiceBlockingStub.groupManagement(AdminProtocolServiceGrpc.java:274)
	at org.apache.ratis.grpc.client.GrpcClientProtocolClient.lambda$groupAdd$3(GrpcClientProtocolClient.java:149)
	at org.apache.ratis.grpc.client.GrpcClientProtocolClient.blockingCall(GrpcClientProtocolClient.java:176)
	... 15 more
2019-09-26 21:19:27,349 [1178c3ae-d0b4-4d44-b144-fe8504cc41ac@group-4A70B7218118:LeaderElection224] INFO  impl.RoleInfo (RoleInfo.java:updateAndGet(143)) - 1178c3ae-d0b4-4d44-b144-fe8504cc41ac: start LeaderState
2019-09-26 21:19:27,348 [pool-67-thread-1] INFO  ratis.ContainerStateMachine (ContainerStateMachine.java:loadSnapshot(230)) - group-6B7477E54974: The snapshot info is null. Setting the last applied indexto:(t:0, i:~)
2019-09-26 21:19:27,348 [pool-37-thread-1] INFO  ratis.ContainerStateMachine (ContainerStateMachine.java:loadSnapshot(230)) - group-6B7477E54974: The snapshot info is null. Setting the last applied indexto:(t:0, i:~)
2019-09-26 21:19:27,355 [pool-67-thread-1] INFO  server.RaftServerConfigKeys (ConfUtils.java:logGet(43)) - raft.server.notification.no-leader.timeout = 120s (custom)
2019-09-26 21:19:27,355 [pool-67-thread-1] INFO  server.RaftServerConfigKeys (ConfUtils.java:logGet(43)) - raft.server.log.use.memory = false (default)
2019-09-26 21:19:27,355 [1178c3ae-d0b4-4d44-b144-fe8504cc41ac@group-4A70B7218118:LeaderElection224] INFO  segmented.SegmentedRaftLogWorker (SegmentedRaftLogWorker.java:startLogSegment(380)) - 1178c3ae-d0b4-4d44-b144-fe8504cc41ac@group-4A70B7218118-SegmentedRaftLogWorker: Starting segment from index:0
2019-09-26 21:19:27,355 [IPC Server handler 17 on 33705] ERROR pipeline.SCMPipelineManager (SCMPipelineManager.java:createPipeline(167)) - Pipeline creation failed.
org.apache.hadoop.io.MultipleIOException: 3 exceptions [java.io.IOException: Failed invoke Ratis rpc org.apache.hadoop.hdds.scm.pipeline.RatisPipelineProvider$$Lambda$179/154091354@30cf2a31 for da833d8d-e72a-4068-9560-4daa2d83adc2, java.io.IOException: Failed invoke Ratis rpc org.apache.hadoop.hdds.scm.pipeline.RatisPipelineProvider$$Lambda$179/154091354@30cf2a31 for 1178c3ae-d0b4-4d44-b144-fe8504cc41ac, java.io.IOException: Failed invoke Ratis rpc org.apache.hadoop.hdds.scm.pipeline.RatisPipelineProvider$$Lambda$179/154091354@30cf2a31 for 0c640f50-2bc9-49b6-b785-a27e3116e6ba]
	at org.apache.hadoop.io.MultipleIOException.createIOException(MultipleIOException.java:53)
	at org.apache.hadoop.hdds.scm.pipeline.RatisPipelineProvider.callRatisRpc(RatisPipelineProvider.java:191)
	at org.apache.hadoop.hdds.scm.pipeline.RatisPipelineProvider.initializePipeline(RatisPipelineProvider.java:134)
	at org.apache.hadoop.hdds.scm.pipeline.RatisPipelineProvider.create(RatisPipelineProvider.java:103)
	at org.apache.hadoop.hdds.scm.pipeline.PipelineFactory.create(PipelineFactory.java:58)
	at org.apache.hadoop.hdds.scm.pipeline.SCMPipelineManager.createPipeline(SCMPipelineManager.java:155)
	at org.apache.hadoop.hdds.scm.block.BlockManagerImpl.allocateBlock(BlockManagerImpl.java:190)
	at org.apache.hadoop.hdds.scm.server.SCMBlockProtocolServer.allocateBlock(SCMBlockProtocolServer.java:182)
	at org.apache.hadoop.ozone.protocolPB.ScmBlockLocationProtocolServerSideTranslatorPB.allocateScmBlock(ScmBlockLocationProtocolServerSideTranslatorPB.java:183)
	at org.apache.hadoop.ozone.protocolPB.ScmBlockLocationProtocolServerSideTranslatorPB.processMessage(ScmBlockLocationProtocolServerSideTranslatorPB.java:141)
	at org.apache.hadoop.ozone.protocolPB.ScmBlockLocationProtocolServerSideTranslatorPB.send(ScmBlockLocationProtocolServerSideTranslatorPB.java:116)
	at org.apache.hadoop.hdds.protocol.proto.ScmBlockLocationProtocolProtos$ScmBlockLocationProtocolService$2.callBlockingMethod(ScmBlockLocationProtocolProtos.java:13157)
	at org.apache.hadoop.ipc.ProtobufRpcEngine$Server$ProtoBufRpcInvoker.call(ProtobufRpcEngine.java:524)
	at org.apache.hadoop.ipc.RPC$Server.call(RPC.java:1025)
	at org.apache.hadoop.ipc.Server$RpcCall.run(Server.java:876)
	at org.apache.hadoop.ipc.Server$RpcCall.run(Server.java:822)
	at java.security.AccessController.doPrivileged(Native Method)
	at javax.security.auth.Subject.doAs(Subject.java:422)
	at org.apache.hadoop.security.UserGroupInformation.doAs(UserGroupInformation.java:1730)
	at org.apache.hadoop.ipc.Server$Handler.run(Server.java:2682)
2019-09-26 21:19:27,652 [pool-27-thread-1] INFO  storage.RaftStorage (RaftStorage.java:format(72)) - Storage directory /workdir/hadoop-ozone/ozonefs/target/test-dir/MiniOzoneClusterImpl-5b64906c-d720-4906-b30c-b6d56a2122fd/datanode-0/data/ratis/7b84129e-b32c-4668-a8d4-450f00b29bd4 has been successfully formatted.
2019-09-26 21:19:27,651 [Thread-1211] INFO  impl.FollowerState (FollowerState.java:run(106)) - da833d8d-e72a-4068-9560-4daa2d83adc2:group-27028318879A changes to CANDIDATE, lastRpcTime:11932, electionTimeout:5030ms
2019-09-26 21:19:27,653 [pool-27-thread-1] INFO  ratis.ContainerStateMachine (ContainerStateMachine.java:loadSnapshot(230)) - group-450F00B29BD4: The snapshot info is null. Setting the last applied indexto:(t:0, i:~)
2019-09-26 21:19:27,650 [Thread-1214] INFO  impl.FollowerState (FollowerState.java:run(106)) - da833d8d-e72a-4068-9560-4daa2d83adc2:group-4FC7302DF2CA changes to CANDIDATE, lastRpcTime:11890, electionTimeout:5040ms
2019-09-26 21:19:27,650 [Thread-1208] INFO  impl.FollowerState (FollowerState.java:run(106)) - 0c640f50-2bc9-49b6-b785-a27e3116e6ba:group-190F77E321AE changes to CANDIDATE, lastRpcTime:11975, electionTimeout:5053ms
2019-09-26 21:19:27,649 [Thread-1217] INFO  impl.FollowerState (FollowerState.java:run(106)) - 9ce0b59e-153f-4f41-8aed-492a76d80b48:group-0C8EC243BCC2 changes to CANDIDATE, lastRpcTime:11845, electionTimeout:5066ms
2019-09-26 21:19:27,649 [Thread-1226] INFO  impl.FollowerState (FollowerState.java:run(106)) - 9ce0b59e-153f-4f41-8aed-492a76d80b48:group-BBEF4765CFAF changes to CANDIDATE, lastRpcTime:11741, electionTimeout:5072ms
2019-09-26 21:19:27,649 [Thread-1205] INFO  impl.FollowerState (FollowerState.java:run(106)) - 09112efe-1fad-4539-a04f-c96aef6d2351:group-A0E7B7EED9F9 changes to CANDIDATE, lastRpcTime:12019, electionTimeout:5088ms
2019-09-26 21:19:27,648 [Thread-1184] INFO  impl.FollowerState (FollowerState.java:run(106)) - 09112efe-1fad-4539-a04f-c96aef6d2351:group-A4789B464D44 changes to CANDIDATE, lastRpcTime:12313, electionTimeout:5105ms
2019-09-26 21:19:27,648 [Thread-1196] INFO  impl.FollowerState (FollowerState.java:run(106)) - 1178c3ae-d0b4-4d44-b144-fe8504cc41ac:group-9FFC2239D22F changes to CANDIDATE, lastRpcTime:12140, electionTimeout:5118ms
2019-09-26 21:19:27,648 [Thread-1190] INFO  impl.FollowerState (FollowerState.java:run(106)) - 1178c3ae-d0b4-4d44-b144-fe8504cc41ac:group-84CE257E3DC6 changes to CANDIDATE, lastRpcTime:12228, electionTimeout:5119ms
2019-09-26 21:19:27,645 [Thread-1220] INFO  impl.FollowerState (FollowerState.java:run(106)) - 9ce0b59e-153f-4f41-8aed-492a76d80b48:group-6C47FF3504AD changes to CANDIDATE, lastRpcTime:11788, electionTimeout:5193ms
2019-09-26 21:19:27,654 [09112efe-1fad-4539-a04f-c96aef6d2351@group-78E06D6978FF:LeaderElection200] INFO  impl.RoleInfo (RoleInfo.java:updateAndGet(143)) - 09112efe-1fad-4539-a04f-c96aef6d2351: start LeaderState
2019-09-26 21:19:27,644 [Thread-1199] INFO  impl.FollowerState (FollowerState.java:run(106)) - 0c640f50-2bc9-49b6-b785-a27e3116e6ba:group-EA44501B296B changes to CANDIDATE, lastRpcTime:12090, electionTimeout:5010ms
2019-09-26 21:19:27,655 [09112efe-1fad-4539-a04f-c96aef6d2351@group-78E06D6978FF:LeaderElection200] INFO  segmented.SegmentedRaftLogWorker (SegmentedRaftLogWorker.java:startLogSegment(380)) - 09112efe-1fad-4539-a04f-c96aef6d2351@group-78E06D6978FF-SegmentedRaftLogWorker: Starting segment from index:0
2019-09-26 21:19:27,644 [09112efe-1fad-4539-a04f-c96aef6d2351@group-19C9B7CB6A04-SegmentedRaftLogWorker] ERROR segmented.SegmentedRaftLogWorker (SegmentedRaftLogWorker.java:run(323)) - 09112efe-1fad-4539-a04f-c96aef6d2351@group-19C9B7CB6A04-SegmentedRaftLogWorker hit exception
java.lang.OutOfMemoryError: Direct buffer memory
	at java.nio.Bits.reserveMemory(Bits.java:666)
	at java.nio.DirectByteBuffer.<init>(DirectByteBuffer.java:123)
	at java.nio.ByteBuffer.allocateDirect(ByteBuffer.java:311)
	at org.apache.ratis.server.raftlog.segmented.BufferedWriteChannel.<init>(BufferedWriteChannel.java:41)
	at org.apache.ratis.server.raftlog.segmented.SegmentedRaftLogOutputStream.<init>(SegmentedRaftLogOutputStream.java:72)
	at org.apache.ratis.server.raftlog.segmented.SegmentedRaftLogWorker$StartLogSegment.execute(SegmentedRaftLogWorker.java:566)
	at org.apache.ratis.server.raftlog.segmented.SegmentedRaftLogWorker.run(SegmentedRaftLogWorker.java:289)
	at java.lang.Thread.run(Thread.java:748)
2019-09-26 21:19:27,356 [1178c3ae-d0b4-4d44-b144-fe8504cc41ac@group-4A70B7218118:LeaderElection224] INFO  impl.RaftServerImpl (ServerState.java:setRaftConf(354)) - 1178c3ae-d0b4-4d44-b144-fe8504cc41ac@group-4A70B7218118: set configuration 0: [1178c3ae-d0b4-4d44-b144-fe8504cc41ac:192.168.151.99:33787], old=null at 0
2019-09-26 21:19:27,355 [pool-67-thread-1] INFO  server.RaftServerConfigKeys (ConfUtils.java:logGet(43)) - raft.server.log.purge.gap = 1000000 (custom)
2019-09-26 21:19:27,895 [Thread-1226] INFO  impl.RoleInfo (RoleInfo.java:shutdownFollowerState(121)) - 9ce0b59e-153f-4f41-8aed-492a76d80b48: shutdown FollowerState
2019-09-26 21:19:27,355 [pool-37-thread-1] INFO  server.RaftServerConfigKeys (ConfUtils.java:logGet(43)) - raft.server.notification.no-leader.timeout = 120s (custom)
2019-09-26 21:19:27,895 [Thread-1184] INFO  impl.RoleInfo (RoleInfo.java:shutdownFollowerState(121)) - 09112efe-1fad-4539-a04f-c96aef6d2351: shutdown FollowerState
2019-09-26 21:19:27,895 [Thread-1196] INFO  impl.RoleInfo (RoleInfo.java:shutdownFollowerState(121)) - 1178c3ae-d0b4-4d44-b144-fe8504cc41ac: shutdown FollowerState
2019-09-26 21:19:27,895 [pool-37-thread-1] INFO  server.RaftServerConfigKeys (ConfUtils.java:logGet(43)) - raft.server.log.use.memory = false (default)
2019-09-26 21:19:27,895 [Thread-1205] INFO  impl.RoleInfo (RoleInfo.java:shutdownFollowerState(121)) - 09112efe-1fad-4539-a04f-c96aef6d2351: shutdown FollowerState
2019-09-26 21:19:27,895 [Thread-1226] INFO  impl.RaftServerImpl (RaftServerImpl.java:setRole(174)) - 9ce0b59e-153f-4f41-8aed-492a76d80b48@group-BBEF4765CFAF: changes role from  FOLLOWER to CANDIDATE at term 0 for changeToCandidate
2019-09-26 21:19:27,895 [pool-67-thread-1] INFO  server.RaftServerConfigKeys (ConfUtils.java:logGet(43)) - raft.server.log.appender.buffer.byte-limit = 33554432 (custom)
2019-09-26 21:19:27,895 [Thread-1217] INFO  impl.RoleInfo (RoleInfo.java:shutdownFollowerState(121)) - 9ce0b59e-153f-4f41-8aed-492a76d80b48: shutdown FollowerState
2019-09-26 21:19:27,896 [Thread-1217] INFO  impl.RaftServerImpl (RaftServerImpl.java:setRole(174)) - 9ce0b59e-153f-4f41-8aed-492a76d80b48@group-0C8EC243BCC2: changes role from  FOLLOWER to CANDIDATE at term 0 for changeToCandidate
2019-09-26 21:19:27,894 [09112efe-1fad-4539-a04f-c96aef6d2351@group-78E06D6978FF:LeaderElection200] INFO  impl.RaftServerImpl (ServerState.java:setRaftConf(354)) - 09112efe-1fad-4539-a04f-c96aef6d2351@group-78E06D6978FF: set configuration 0: [09112efe-1fad-4539-a04f-c96aef6d2351:192.168.151.99:45286], old=null at 0
2019-09-26 21:19:27,894 [Thread-1193] INFO  impl.FollowerState (FollowerState.java:run(106)) - 09112efe-1fad-4539-a04f-c96aef6d2351:group-6CD702D63989 changes to CANDIDATE, lastRpcTime:12430, electionTimeout:5101ms
2019-09-26 21:19:27,655 [Thread-1208] INFO  impl.RoleInfo (RoleInfo.java:shutdownFollowerState(121)) - 0c640f50-2bc9-49b6-b785-a27e3116e6ba: shutdown FollowerState
2019-09-26 21:19:27,655 [09112efe-1fad-4539-a04f-c96aef6d2351@group-19C9B7CB6A04-SegmentedRaftLogWorker] INFO  impl.RaftServerImpl (RaftServerImpl.java:lambda$shutdown$3(251)) - 09112efe-1fad-4539-a04f-c96aef6d2351@group-19C9B7CB6A04: shutdown
2019-09-26 21:19:27,655 [Thread-1214] INFO  impl.RoleInfo (RoleInfo.java:shutdownFollowerState(121)) - da833d8d-e72a-4068-9560-4daa2d83adc2: shutdown FollowerState
2019-09-26 21:19:27,655 [Thread-1211] INFO  impl.RoleInfo (RoleInfo.java:shutdownFollowerState(121)) - da833d8d-e72a-4068-9560-4daa2d83adc2: shutdown FollowerState
2019-09-26 21:19:27,653 [pool-27-thread-1] INFO  server.RaftServerConfigKeys (ConfUtils.java:logGet(43)) - raft.server.notification.no-leader.timeout = 120s (custom)
2019-09-26 21:19:27,653 [IPC Server handler 17 on 33705] WARN  block.BlockManagerImpl (BlockManagerImpl.java:allocateBlock(192)) - Pipeline creation failed for type:RATIS factor:THREE. Retrying get pipelines call once.
org.apache.hadoop.io.MultipleIOException: 3 exceptions [java.io.IOException: Failed invoke Ratis rpc org.apache.hadoop.hdds.scm.pipeline.RatisPipelineProvider$$Lambda$179/154091354@30cf2a31 for da833d8d-e72a-4068-9560-4daa2d83adc2, java.io.IOException: Failed invoke Ratis rpc org.apache.hadoop.hdds.scm.pipeline.RatisPipelineProvider$$Lambda$179/154091354@30cf2a31 for 1178c3ae-d0b4-4d44-b144-fe8504cc41ac, java.io.IOException: Failed invoke Ratis rpc org.apache.hadoop.hdds.scm.pipeline.RatisPipelineProvider$$Lambda$179/154091354@30cf2a31 for 0c640f50-2bc9-49b6-b785-a27e3116e6ba]
	at org.apache.hadoop.io.MultipleIOException.createIOException(MultipleIOException.java:53)
	at org.apache.hadoop.hdds.scm.pipeline.RatisPipelineProvider.callRatisRpc(RatisPipelineProvider.java:191)
	at org.apache.hadoop.hdds.scm.pipeline.RatisPipelineProvider.initializePipeline(RatisPipelineProvider.java:134)
	at org.apache.hadoop.hdds.scm.pipeline.RatisPipelineProvider.create(RatisPipelineProvider.java:103)
	at org.apache.hadoop.hdds.scm.pipeline.PipelineFactory.create(PipelineFactory.java:58)
	at org.apache.hadoop.hdds.scm.pipeline.SCMPipelineManager.createPipeline(SCMPipelineManager.java:155)
	at org.apache.hadoop.hdds.scm.block.BlockManagerImpl.allocateBlock(BlockManagerImpl.java:190)
	at org.apache.hadoop.hdds.scm.server.SCMBlockProtocolServer.allocateBlock(SCMBlockProtocolServer.java:182)
	at org.apache.hadoop.ozone.protocolPB.ScmBlockLocationProtocolServerSideTranslatorPB.allocateScmBlock(ScmBlockLocationProtocolServerSideTranslatorPB.java:183)
	at org.apache.hadoop.ozone.protocolPB.ScmBlockLocationProtocolServerSideTranslatorPB.processMessage(ScmBlockLocationProtocolServerSideTranslatorPB.java:141)
	at org.apache.hadoop.ozone.protocolPB.ScmBlockLocationProtocolServerSideTranslatorPB.send(ScmBlockLocationProtocolServerSideTranslatorPB.java:116)
	at org.apache.hadoop.hdds.protocol.proto.ScmBlockLocationProtocolProtos$ScmBlockLocationProtocolService$2.callBlockingMethod(ScmBlockLocationProtocolProtos.java:13157)
	at org.apache.hadoop.ipc.ProtobufRpcEngine$Server$ProtoBufRpcInvoker.call(ProtobufRpcEngine.java:524)
	at org.apache.hadoop.ipc.RPC$Server.call(RPC.java:1025)
	at org.apache.hadoop.ipc.Server$RpcCall.run(Server.java:876)
	at org.apache.hadoop.ipc.Server$RpcCall.run(Server.java:822)
	at java.security.AccessController.doPrivileged(Native Method)
	at javax.security.auth.Subject.doAs(Subject.java:422)
	at org.apache.hadoop.security.UserGroupInformation.doAs(UserGroupInformation.java:1730)
	at org.apache.hadoop.ipc.Server$Handler.run(Server.java:2682)
2019-09-26 21:19:27,897 [Thread-1193] INFO  impl.RoleInfo (RoleInfo.java:shutdownFollowerState(121)) - 09112efe-1fad-4539-a04f-c96aef6d2351: shutdown FollowerState
2019-09-26 21:19:27,897 [Thread-1193] INFO  impl.RaftServerImpl (RaftServerImpl.java:setRole(174)) - 09112efe-1fad-4539-a04f-c96aef6d2351@group-6CD702D63989: changes role from  FOLLOWER to CANDIDATE at term 0 for changeToCandidate
2019-09-26 21:19:27,897 [pool-27-thread-1] INFO  server.RaftServerConfigKeys (ConfUtils.java:logGet(43)) - raft.server.log.use.memory = false (default)
2019-09-26 21:19:27,897 [Thread-1211] INFO  impl.RaftServerImpl (RaftServerImpl.java:setRole(174)) - da833d8d-e72a-4068-9560-4daa2d83adc2@group-27028318879A: changes role from  FOLLOWER to CANDIDATE at term 0 for changeToCandidate
2019-09-26 21:19:27,897 [Thread-1214] INFO  impl.RaftServerImpl (RaftServerImpl.java:setRole(174)) - da833d8d-e72a-4068-9560-4daa2d83adc2@group-4FC7302DF2CA: changes role from  FOLLOWER to CANDIDATE at term 0 for changeToCandidate
2019-09-26 21:19:27,896 [9ce0b59e-153f-4f41-8aed-492a76d80b48@group-89E64784085E:LeaderElection191] INFO  impl.RoleInfo (RoleInfo.java:updateAndGet(143)) - 9ce0b59e-153f-4f41-8aed-492a76d80b48: start LeaderState
2019-09-26 21:19:27,896 [Thread-1208] INFO  impl.RaftServerImpl (RaftServerImpl.java:setRole(174)) - 0c640f50-2bc9-49b6-b785-a27e3116e6ba@group-190F77E321AE: changes role from  FOLLOWER to CANDIDATE at term 0 for changeToCandidate
2019-09-26 21:19:27,896 [Thread-1217] INFO  impl.RoleInfo (RoleInfo.java:updateAndGet(143)) - 9ce0b59e-153f-4f41-8aed-492a76d80b48: start LeaderElection
2019-09-26 21:19:27,896 [pool-67-thread-1] INFO  server.RaftServerConfigKeys (ConfUtils.java:logGet(43)) - raft.server.log.segment.size.max = 1048576 (custom)
2019-09-26 21:19:27,896 [Thread-1199] INFO  impl.RoleInfo (RoleInfo.java:shutdownFollowerState(121)) - 0c640f50-2bc9-49b6-b785-a27e3116e6ba: shutdown FollowerState
2019-09-26 21:19:27,896 [Thread-1226] INFO  impl.RoleInfo (RoleInfo.java:updateAndGet(143)) - 9ce0b59e-153f-4f41-8aed-492a76d80b48: start LeaderElection
2019-09-26 21:19:27,895 [Thread-1205] INFO  impl.RaftServerImpl (RaftServerImpl.java:setRole(174)) - 09112efe-1fad-4539-a04f-c96aef6d2351@group-A0E7B7EED9F9: changes role from  FOLLOWER to CANDIDATE at term 0 for changeToCandidate
2019-09-26 21:19:27,895 [pool-37-thread-1] INFO  server.RaftServerConfigKeys (ConfUtils.java:logGet(43)) - raft.server.log.purge.gap = 1000000 (custom)
2019-09-26 21:19:27,895 [Thread-1220] INFO  impl.RoleInfo (RoleInfo.java:shutdownFollowerState(121)) - 9ce0b59e-153f-4f41-8aed-492a76d80b48: shutdown FollowerState
2019-09-26 21:19:27,895 [Thread-1196] INFO  impl.RaftServerImpl (RaftServerImpl.java:setRole(174)) - 1178c3ae-d0b4-4d44-b144-fe8504cc41ac@group-9FFC2239D22F: changes role from  FOLLOWER to CANDIDATE at term 0 for changeToCandidate
2019-09-26 21:19:27,895 [Thread-1190] INFO  impl.RoleInfo (RoleInfo.java:shutdownFollowerState(121)) - 1178c3ae-d0b4-4d44-b144-fe8504cc41ac: shutdown FollowerState
2019-09-26 21:19:27,895 [Thread-1184] INFO  impl.RaftServerImpl (RaftServerImpl.java:setRole(174)) - 09112efe-1fad-4539-a04f-c96aef6d2351@group-A4789B464D44: changes role from  FOLLOWER to CANDIDATE at term 0 for changeToCandidate
2019-09-26 21:19:27,899 [Thread-1190] INFO  impl.RaftServerImpl (RaftServerImpl.java:setRole(174)) - 1178c3ae-d0b4-4d44-b144-fe8504cc41ac@group-84CE257E3DC6: changes role from  FOLLOWER to CANDIDATE at term 0 for changeToCandidate
2019-09-26 21:19:27,899 [Thread-1184] INFO  impl.RoleInfo (RoleInfo.java:updateAndGet(143)) - 09112efe-1fad-4539-a04f-c96aef6d2351: start LeaderElection
2019-09-26 21:19:27,899 [Thread-1196] INFO  impl.RoleInfo (RoleInfo.java:updateAndGet(143)) - 1178c3ae-d0b4-4d44-b144-fe8504cc41ac: start LeaderElection
2019-09-26 21:19:27,899 [Thread-1220] INFO  impl.RaftServerImpl (RaftServerImpl.java:setRole(174)) - 9ce0b59e-153f-4f41-8aed-492a76d80b48@group-6C47FF3504AD: changes role from  FOLLOWER to CANDIDATE at term 0 for changeToCandidate
2019-09-26 21:19:27,899 [pool-37-thread-1] INFO  server.RaftServerConfigKeys (ConfUtils.java:logGet(43)) - raft.server.log.appender.buffer.byte-limit = 33554432 (custom)
2019-09-26 21:19:27,899 [Thread-1205] INFO  impl.RoleInfo (RoleInfo.java:updateAndGet(143)) - 09112efe-1fad-4539-a04f-c96aef6d2351: start LeaderElection
2019-09-26 21:19:27,899 [09112efe-1fad-4539-a04f-c96aef6d2351@group-19C9B7CB6A04-SegmentedRaftLogWorker] INFO  util.JmxRegister (JmxRegister.java:unregister(73)) - Successfully un-registered JMX Bean with object name Ratis:service=RaftServer,group=group-19C9B7CB6A04,id=09112efe-1fad-4539-a04f-c96aef6d2351
2019-09-26 21:19:27,900 [9ce0b59e-153f-4f41-8aed-492a76d80b48@group-C9D9502D9D87:LeaderElection208] INFO  impl.RoleInfo (RoleInfo.java:updateAndGet(143)) - 9ce0b59e-153f-4f41-8aed-492a76d80b48: start LeaderState
2019-09-26 21:19:27,899 [9ce0b59e-153f-4f41-8aed-492a76d80b48@group-7AF436DBD9FF:LeaderElection199] INFO  impl.RoleInfo (RoleInfo.java:updateAndGet(143)) - 9ce0b59e-153f-4f41-8aed-492a76d80b48: start LeaderState
2019-09-26 21:19:27,900 [9ce0b59e-153f-4f41-8aed-492a76d80b48@group-C9D9502D9D87:LeaderElection208] INFO  segmented.SegmentedRaftLogWorker (SegmentedRaftLogWorker.java:startLogSegment(380)) - 9ce0b59e-153f-4f41-8aed-492a76d80b48@group-C9D9502D9D87-SegmentedRaftLogWorker: Starting segment from index:0
2019-09-26 21:19:27,899 [Thread-1199] INFO  impl.RaftServerImpl (RaftServerImpl.java:setRole(174)) - 0c640f50-2bc9-49b6-b785-a27e3116e6ba@group-EA44501B296B: changes role from  FOLLOWER to CANDIDATE at term 0 for changeToCandidate
2019-09-26 21:19:27,898 [pool-67-thread-1] INFO  server.RaftServerConfigKeys (ConfUtils.java:logGet(43)) - raft.server.log.segment.cache.num.max = 2 (custom)
2019-09-26 21:19:27,898 [9ce0b59e-153f-4f41-8aed-492a76d80b48@group-89E64784085E:LeaderElection191] INFO  segmented.SegmentedRaftLogWorker (SegmentedRaftLogWorker.java:startLogSegment(380)) - 9ce0b59e-153f-4f41-8aed-492a76d80b48@group-89E64784085E-SegmentedRaftLogWorker: Starting segment from index:0
2019-09-26 21:19:27,898 [Thread-1208] INFO  impl.RoleInfo (RoleInfo.java:updateAndGet(143)) - 0c640f50-2bc9-49b6-b785-a27e3116e6ba: start LeaderElection
2019-09-26 21:19:27,898 [Thread-1214] INFO  impl.RoleInfo (RoleInfo.java:updateAndGet(143)) - da833d8d-e72a-4068-9560-4daa2d83adc2: start LeaderElection
2019-09-26 21:19:27,898 [Thread-1211] INFO  impl.RoleInfo (RoleInfo.java:updateAndGet(143)) - da833d8d-e72a-4068-9560-4daa2d83adc2: start LeaderElection
2019-09-26 21:19:27,898 [pool-27-thread-1] INFO  server.RaftServerConfigKeys (ConfUtils.java:logGet(43)) - raft.server.log.purge.gap = 1000000 (custom)
2019-09-26 21:19:27,898 [Thread-1193] INFO  impl.RoleInfo (RoleInfo.java:updateAndGet(143)) - 09112efe-1fad-4539-a04f-c96aef6d2351: start LeaderElection
2019-09-26 21:19:27,897 [IPC Server handler 17 on 33705] INFO  block.BlockManagerImpl (BlockManagerImpl.java:allocateBlock(198)) - Could not find available pipeline of type:RATIS and factor:THREE even after retrying
2019-09-26 21:19:28,366 [pool-27-thread-1] INFO  server.RaftServerConfigKeys (ConfUtils.java:logGet(43)) - raft.server.log.appender.buffer.byte-limit = 33554432 (custom)
2019-09-26 21:19:28,366 [9ce0b59e-153f-4f41-8aed-492a76d80b48@group-A9F28D9A165E-SegmentedRaftLogWorker] ERROR segmented.SegmentedRaftLogWorker (SegmentedRaftLogWorker.java:run(323)) - 9ce0b59e-153f-4f41-8aed-492a76d80b48@group-A9F28D9A165E-SegmentedRaftLogWorker hit exception
java.lang.OutOfMemoryError: Direct buffer memory
	at java.nio.Bits.reserveMemory(Bits.java:666)
	at java.nio.DirectByteBuffer.<init>(DirectByteBuffer.java:123)
	at java.nio.ByteBuffer.allocateDirect(ByteBuffer.java:311)
	at org.apache.ratis.server.raftlog.segmented.BufferedWriteChannel.<init>(BufferedWriteChannel.java:41)
	at org.apache.ratis.server.raftlog.segmented.SegmentedRaftLogOutputStream.<init>(SegmentedRaftLogOutputStream.java:72)
	at org.apache.ratis.server.raftlog.segmented.SegmentedRaftLogWorker$StartLogSegment.execute(SegmentedRaftLogWorker.java:566)
	at org.apache.ratis.server.raftlog.segmented.SegmentedRaftLogWorker.run(SegmentedRaftLogWorker.java:289)
	at java.lang.Thread.run(Thread.java:748)
2019-09-26 21:19:28,367 [9ce0b59e-153f-4f41-8aed-492a76d80b48@group-A9F28D9A165E-SegmentedRaftLogWorker] INFO  impl.RaftServerImpl (RaftServerImpl.java:lambda$shutdown$3(251)) - 9ce0b59e-153f-4f41-8aed-492a76d80b48@group-A9F28D9A165E: shutdown
2019-09-26 21:19:28,366 [1178c3ae-d0b4-4d44-b144-fe8504cc41ac@group-9FFC2239D22F:LeaderElection235] INFO  impl.LeaderElection (LeaderElection.java:askForVotes(182)) - 1178c3ae-d0b4-4d44-b144-fe8504cc41ac@group-9FFC2239D22F:LeaderElection235: begin an election at term 1 for -1: [1178c3ae-d0b4-4d44-b144-fe8504cc41ac:192.168.151.99:33787], old=null
2019-09-26 21:19:28,368 [1178c3ae-d0b4-4d44-b144-fe8504cc41ac@group-9FFC2239D22F:LeaderElection235] INFO  impl.RoleInfo (RoleInfo.java:shutdownLeaderElection(134)) - 1178c3ae-d0b4-4d44-b144-fe8504cc41ac: shutdown LeaderElection
2019-09-26 21:19:28,368 [1178c3ae-d0b4-4d44-b144-fe8504cc41ac@group-9FFC2239D22F:LeaderElection235] INFO  impl.RaftServerImpl (RaftServerImpl.java:setRole(174)) - 1178c3ae-d0b4-4d44-b144-fe8504cc41ac@group-9FFC2239D22F: changes role from CANDIDATE to LEADER at term 1 for changeToLeader
2019-09-26 21:19:28,366 [09112efe-1fad-4539-a04f-c96aef6d2351@group-A4789B464D44:LeaderElection236] INFO  impl.LeaderElection (LeaderElection.java:askForVotes(182)) - 09112efe-1fad-4539-a04f-c96aef6d2351@group-A4789B464D44:LeaderElection236: begin an election at term 1 for -1: [09112efe-1fad-4539-a04f-c96aef6d2351:192.168.151.99:45286], old=null
2019-09-26 21:19:28,366 [1178c3ae-d0b4-4d44-b144-fe8504cc41ac@group-CF9C7CE836F7-SegmentedRaftLogWorker] ERROR segmented.SegmentedRaftLogWorker (SegmentedRaftLogWorker.java:run(323)) - 1178c3ae-d0b4-4d44-b144-fe8504cc41ac@group-CF9C7CE836F7-SegmentedRaftLogWorker hit exception
java.lang.OutOfMemoryError: Direct buffer memory
	at java.nio.Bits.reserveMemory(Bits.java:666)
	at java.nio.DirectByteBuffer.<init>(DirectByteBuffer.java:123)
	at java.nio.ByteBuffer.allocateDirect(ByteBuffer.java:311)
	at org.apache.ratis.server.raftlog.segmented.BufferedWriteChannel.<init>(BufferedWriteChannel.java:41)
	at org.apache.ratis.server.raftlog.segmented.SegmentedRaftLogOutputStream.<init>(SegmentedRaftLogOutputStream.java:72)
	at org.apache.ratis.server.raftlog.segmented.SegmentedRaftLogWorker$StartLogSegment.execute(SegmentedRaftLogWorker.java:566)
	at org.apache.ratis.server.raftlog.segmented.SegmentedRaftLogWorker.run(SegmentedRaftLogWorker.java:289)
	at java.lang.Thread.run(Thread.java:748)
2019-09-26 21:19:28,368 [1178c3ae-d0b4-4d44-b144-fe8504cc41ac@group-CF9C7CE836F7-SegmentedRaftLogWorker] INFO  impl.RaftServerImpl (RaftServerImpl.java:lambda$shutdown$3(251)) - 1178c3ae-d0b4-4d44-b144-fe8504cc41ac@group-CF9C7CE836F7: shutdown
2019-09-26 21:19:28,141 [9ce0b59e-153f-4f41-8aed-492a76d80b48@group-89E64784085E:LeaderElection191] INFO  impl.RaftServerImpl (ServerState.java:setRaftConf(354)) - 9ce0b59e-153f-4f41-8aed-492a76d80b48@group-89E64784085E: set configuration 0: [9ce0b59e-153f-4f41-8aed-492a76d80b48:192.168.151.99:34156], old=null at 0
2019-09-26 21:19:28,140 [9ce0b59e-153f-4f41-8aed-492a76d80b48@group-0C8EC243BCC2:LeaderElection229] INFO  impl.LeaderElection (LeaderElection.java:askForVotes(182)) - 9ce0b59e-153f-4f41-8aed-492a76d80b48@group-0C8EC243BCC2:LeaderElection229: begin an election at term 1 for -1: [9ce0b59e-153f-4f41-8aed-492a76d80b48:192.168.151.99:34156], old=null
2019-09-26 21:19:28,140 [9ce0b59e-153f-4f41-8aed-492a76d80b48@group-BBEF4765CFAF:LeaderElection228] INFO  impl.LeaderElection (LeaderElection.java:askForVotes(182)) - 9ce0b59e-153f-4f41-8aed-492a76d80b48@group-BBEF4765CFAF:LeaderElection228: begin an election at term 1 for -1: [9ce0b59e-153f-4f41-8aed-492a76d80b48:192.168.151.99:34156], old=null
2019-09-26 21:19:28,369 [9ce0b59e-153f-4f41-8aed-492a76d80b48@group-BBEF4765CFAF:LeaderElection228] INFO  impl.RoleInfo (RoleInfo.java:shutdownLeaderElection(134)) - 9ce0b59e-153f-4f41-8aed-492a76d80b48: shutdown LeaderElection
2019-09-26 21:19:27,901 [9ce0b59e-153f-4f41-8aed-492a76d80b48@group-C9D9502D9D87:LeaderElection208] INFO  impl.RaftServerImpl (ServerState.java:setRaftConf(354)) - 9ce0b59e-153f-4f41-8aed-492a76d80b48@group-C9D9502D9D87: set configuration 0: [9ce0b59e-153f-4f41-8aed-492a76d80b48:192.168.151.99:34156], old=null at 0
2019-09-26 21:19:27,901 [pool-67-thread-1] INFO  segmented.SegmentedRaftLogWorker (SegmentedRaftLogWorker.java:<init>(172)) - new da833d8d-e72a-4068-9560-4daa2d83adc2@group-6B7477E54974-SegmentedRaftLogWorker for RaftStorage:Storage Directory /workdir/hadoop-ozone/ozonefs/target/test-dir/MiniOzoneClusterImpl-5b64906c-d720-4906-b30c-b6d56a2122fd/datanode-4/data/ratis/98699474-e852-4ab8-8c87-6b7477e54974
2019-09-26 21:19:27,901 [Thread-1199] INFO  impl.RoleInfo (RoleInfo.java:updateAndGet(143)) - 0c640f50-2bc9-49b6-b785-a27e3116e6ba: start LeaderElection
2019-09-26 21:19:27,900 [9ce0b59e-153f-4f41-8aed-492a76d80b48@group-7AF436DBD9FF:LeaderElection199] INFO  segmented.SegmentedRaftLogWorker (SegmentedRaftLogWorker.java:startLogSegment(380)) - 9ce0b59e-153f-4f41-8aed-492a76d80b48@group-7AF436DBD9FF-SegmentedRaftLogWorker: Starting segment from index:0
2019-09-26 21:19:27,900 [09112efe-1fad-4539-a04f-c96aef6d2351@group-19C9B7CB6A04-SegmentedRaftLogWorker] INFO  impl.RoleInfo (RoleInfo.java:shutdownLeaderState(104)) - 09112efe-1fad-4539-a04f-c96aef6d2351: shutdown LeaderState
2019-09-26 21:19:27,900 [pool-37-thread-1] INFO  server.RaftServerConfigKeys (ConfUtils.java:logGet(43)) - raft.server.log.segment.size.max = 1048576 (custom)
2019-09-26 21:19:27,900 [Thread-1220] INFO  impl.RoleInfo (RoleInfo.java:updateAndGet(143)) - 9ce0b59e-153f-4f41-8aed-492a76d80b48: start LeaderElection
2019-09-26 21:19:27,899 [Thread-1190] INFO  impl.RoleInfo (RoleInfo.java:updateAndGet(143)) - 1178c3ae-d0b4-4d44-b144-fe8504cc41ac: start LeaderElection
2019-09-26 21:19:28,371 [9ce0b59e-153f-4f41-8aed-492a76d80b48@group-A9F28D9A165E-SegmentedRaftLogWorker] INFO  util.JmxRegister (JmxRegister.java:unregister(73)) - Successfully un-registered JMX Bean with object name Ratis:service=RaftServer,group=group-A9F28D9A165E,id=9ce0b59e-153f-4f41-8aed-492a76d80b48
2019-09-26 21:19:28,370 [9ce0b59e-153f-4f41-8aed-492a76d80b48@group-7AF436DBD9FF:LeaderElection199] INFO  impl.RaftServerImpl (ServerState.java:setRaftConf(354)) - 9ce0b59e-153f-4f41-8aed-492a76d80b48@group-7AF436DBD9FF: set configuration 0: [9ce0b59e-153f-4f41-8aed-492a76d80b48:192.168.151.99:34156], old=null at 0
2019-09-26 21:19:28,370 [pool-37-thread-1] INFO  server.RaftServerConfigKeys (ConfUtils.java:logGet(43)) - raft.server.log.segment.cache.num.max = 2 (custom)
2019-09-26 21:19:28,370 [09112efe-1fad-4539-a04f-c96aef6d2351@group-19C9B7CB6A04-SegmentedRaftLogWorker] INFO  impl.PendingRequests (PendingRequests.java:sendNotLeaderResponses(202)) - 09112efe-1fad-4539-a04f-c96aef6d2351-PendingRequests: sendNotLeaderResponses
2019-09-26 21:19:28,370 [pool-67-thread-1] INFO  server.RaftServerConfigKeys (ConfUtils.java:logGet(43)) - raft.server.log.queue.byte-limit = 2147483647 (custom)
2019-09-26 21:19:28,369 [9ce0b59e-153f-4f41-8aed-492a76d80b48@group-BBEF4765CFAF:LeaderElection228] INFO  impl.RaftServerImpl (RaftServerImpl.java:setRole(174)) - 9ce0b59e-153f-4f41-8aed-492a76d80b48@group-BBEF4765CFAF: changes role from CANDIDATE to LEADER at term 1 for changeToLeader
2019-09-26 21:19:28,632 [9ce0b59e-153f-4f41-8aed-492a76d80b48@group-BBEF4765CFAF:LeaderElection228] INFO  impl.RaftServerImpl (ServerState.java:setLeader(253)) - 9ce0b59e-153f-4f41-8aed-492a76d80b48@group-BBEF4765CFAF: change Leader from null to 9ce0b59e-153f-4f41-8aed-492a76d80b48 at term 1 for becomeLeader, leader elected after 12729ms
2019-09-26 21:19:28,369 [09112efe-1fad-4539-a04f-c96aef6d2351@group-11EBA2FC1B7A:LeaderElection206] INFO  impl.RoleInfo (RoleInfo.java:updateAndGet(143)) - 09112efe-1fad-4539-a04f-c96aef6d2351: start LeaderState
2019-09-26 21:19:28,369 [9ce0b59e-153f-4f41-8aed-492a76d80b48@group-0C8EC243BCC2:LeaderElection229] INFO  impl.RoleInfo (RoleInfo.java:shutdownLeaderElection(134)) - 9ce0b59e-153f-4f41-8aed-492a76d80b48: shutdown LeaderElection
2019-09-26 21:19:28,633 [09112efe-1fad-4539-a04f-c96aef6d2351@group-11EBA2FC1B7A:LeaderElection206] INFO  segmented.SegmentedRaftLogWorker (SegmentedRaftLogWorker.java:startLogSegment(380)) - 09112efe-1fad-4539-a04f-c96aef6d2351@group-11EBA2FC1B7A-SegmentedRaftLogWorker: Starting segment from index:0
2019-09-26 21:19:28,368 [09112efe-1fad-4539-a04f-c96aef6d2351@group-A4789B464D44:LeaderElection236] INFO  impl.RoleInfo (RoleInfo.java:shutdownLeaderElection(134)) - 09112efe-1fad-4539-a04f-c96aef6d2351: shutdown LeaderElection
2019-09-26 21:19:28,368 [1178c3ae-d0b4-4d44-b144-fe8504cc41ac@group-9FFC2239D22F:LeaderElection235] INFO  impl.RaftServerImpl (ServerState.java:setLeader(253)) - 1178c3ae-d0b4-4d44-b144-fe8504cc41ac@group-9FFC2239D22F: change Leader from null to 1178c3ae-d0b4-4d44-b144-fe8504cc41ac at term 1 for becomeLeader, leader elected after 12865ms
2019-09-26 21:19:28,367 [9ce0b59e-153f-4f41-8aed-492a76d80b48@group-00776E898AAB:LeaderElection204] INFO  impl.RoleInfo (RoleInfo.java:updateAndGet(143)) - 9ce0b59e-153f-4f41-8aed-492a76d80b48: start LeaderState
2019-09-26 21:19:28,367 [pool-27-thread-1] INFO  server.RaftServerConfigKeys (ConfUtils.java:logGet(43)) - raft.server.log.segment.size.max = 1048576 (custom)
2019-09-26 21:19:28,367 [IPC Server handler 17 on 33705] ERROR block.BlockManagerImpl (BlockManagerImpl.java:allocateBlock(222)) - Unable to allocate a block for the size: 4194304, type: RATIS, factor: THREE
2019-09-26 21:19:28,909 [pool-27-thread-1] INFO  server.RaftServerConfigKeys (ConfUtils.java:logGet(43)) - raft.server.log.segment.cache.num.max = 2 (custom)
2019-09-26 21:19:28,909 [9ce0b59e-153f-4f41-8aed-492a76d80b48@group-00776E898AAB:LeaderElection204] INFO  segmented.SegmentedRaftLogWorker (SegmentedRaftLogWorker.java:startLogSegment(380)) - 9ce0b59e-153f-4f41-8aed-492a76d80b48@group-00776E898AAB-SegmentedRaftLogWorker: Starting segment from index:0
2019-09-26 21:19:28,908 [09112efe-1fad-4539-a04f-c96aef6d2351@group-11EBA2FC1B7A:LeaderElection206] INFO  impl.RaftServerImpl (ServerState.java:setRaftConf(354)) - 09112efe-1fad-4539-a04f-c96aef6d2351@group-11EBA2FC1B7A: set configuration 0: [09112efe-1fad-4539-a04f-c96aef6d2351:192.168.151.99:45286], old=null at 0
2019-09-26 21:19:28,908 [0c640f50-2bc9-49b6-b785-a27e3116e6ba@group-EA44501B296B:LeaderElection239] INFO  impl.LeaderElection (LeaderElection.java:askForVotes(182)) - 0c640f50-2bc9-49b6-b785-a27e3116e6ba@group-EA44501B296B:LeaderElection239: begin an election at term 1 for -1: [0c640f50-2bc9-49b6-b785-a27e3116e6ba:192.168.151.99:42361], old=null
2019-09-26 21:19:28,633 [1178c3ae-d0b4-4d44-b144-fe8504cc41ac@group-9FFC2239D22F:LeaderElection235] INFO  server.RaftServerConfigKeys (ConfUtils.java:logGet(43)) - raft.server.staging.catchup.gap = 1000 (default)
2019-09-26 21:19:28,633 [09112efe-1fad-4539-a04f-c96aef6d2351@group-A4789B464D44:LeaderElection236] INFO  impl.RaftServerImpl (RaftServerImpl.java:setRole(174)) - 09112efe-1fad-4539-a04f-c96aef6d2351@group-A4789B464D44: changes role from CANDIDATE to LEADER at term 1 for changeToLeader
2019-09-26 21:19:28,633 [9ce0b59e-153f-4f41-8aed-492a76d80b48@group-0C8EC243BCC2:LeaderElection229] INFO  impl.RaftServerImpl (RaftServerImpl.java:setRole(174)) - 9ce0b59e-153f-4f41-8aed-492a76d80b48@group-0C8EC243BCC2: changes role from CANDIDATE to LEADER at term 1 for changeToLeader
2019-09-26 21:19:28,632 [9ce0b59e-153f-4f41-8aed-492a76d80b48@group-BBEF4765CFAF:LeaderElection228] INFO  server.RaftServerConfigKeys (ConfUtils.java:logGet(43)) - raft.server.staging.catchup.gap = 1000 (default)
2019-09-26 21:19:28,632 [pool-67-thread-1] INFO  server.RaftServerConfigKeys (ConfUtils.java:logGet(43)) - raft.server.log.queue.element-limit = 1024 (custom)
2019-09-26 21:19:28,632 [09112efe-1fad-4539-a04f-c96aef6d2351@group-19C9B7CB6A04-SegmentedRaftLogWorker] INFO  impl.StateMachineUpdater (StateMachineUpdater.java:stopAndJoin(125)) - 09112efe-1fad-4539-a04f-c96aef6d2351@group-19C9B7CB6A04-StateMachineUpdater: set stopIndex = -1
2019-09-26 21:19:28,632 [1178c3ae-d0b4-4d44-b144-fe8504cc41ac@group-CF9C7CE836F7-SegmentedRaftLogWorker] INFO  util.JmxRegister (JmxRegister.java:unregister(73)) - Successfully un-registered JMX Bean with object name Ratis:service=RaftServer,group=group-CF9C7CE836F7,id=1178c3ae-d0b4-4d44-b144-fe8504cc41ac
2019-09-26 21:19:28,632 [pool-37-thread-1] INFO  segmented.SegmentedRaftLogWorker (SegmentedRaftLogWorker.java:<init>(172)) - new 1178c3ae-d0b4-4d44-b144-fe8504cc41ac@group-6B7477E54974-SegmentedRaftLogWorker for RaftStorage:Storage Directory /workdir/hadoop-ozone/ozonefs/target/test-dir/MiniOzoneClusterImpl-5b64906c-d720-4906-b30c-b6d56a2122fd/datanode-1/data/ratis/98699474-e852-4ab8-8c87-6b7477e54974
2019-09-26 21:19:28,631 [9ce0b59e-153f-4f41-8aed-492a76d80b48@group-A9F28D9A165E-SegmentedRaftLogWorker] INFO  impl.RoleInfo (RoleInfo.java:shutdownLeaderState(104)) - 9ce0b59e-153f-4f41-8aed-492a76d80b48: shutdown LeaderState
2019-09-26 21:19:28,631 [da833d8d-e72a-4068-9560-4daa2d83adc2@group-27028318879A:LeaderElection231] INFO  impl.LeaderElection (LeaderElection.java:askForVotes(182)) - da833d8d-e72a-4068-9560-4daa2d83adc2@group-27028318879A:LeaderElection231: begin an election at term 1 for -1: [da833d8d-e72a-4068-9560-4daa2d83adc2:192.168.151.99:38903], old=null
2019-09-26 21:19:28,631 [0c640f50-2bc9-49b6-b785-a27e3116e6ba@group-190F77E321AE:LeaderElection233] INFO  impl.LeaderElection (LeaderElection.java:askForVotes(182)) - 0c640f50-2bc9-49b6-b785-a27e3116e6ba@group-190F77E321AE:LeaderElection233: begin an election at term 1 for -1: [0c640f50-2bc9-49b6-b785-a27e3116e6ba:192.168.151.99:42361], old=null
2019-09-26 21:19:29,143 [9ce0b59e-153f-4f41-8aed-492a76d80b48@group-6E6C68F22454:LeaderElection210] INFO  impl.RoleInfo (RoleInfo.java:updateAndGet(143)) - 9ce0b59e-153f-4f41-8aed-492a76d80b48: start LeaderState
2019-09-26 21:19:28,631 [09112efe-1fad-4539-a04f-c96aef6d2351@group-A0E7B7EED9F9:LeaderElection234] INFO  impl.LeaderElection (LeaderElection.java:askForVotes(182)) - 09112efe-1fad-4539-a04f-c96aef6d2351@group-A0E7B7EED9F9:LeaderElection234: begin an election at term 1 for -1: [09112efe-1fad-4539-a04f-c96aef6d2351:192.168.151.99:45286], old=null
2019-09-26 21:19:28,631 [09112efe-1fad-4539-a04f-c96aef6d2351@group-6CD702D63989:LeaderElection230] INFO  impl.LeaderElection (LeaderElection.java:askForVotes(182)) - 09112efe-1fad-4539-a04f-c96aef6d2351@group-6CD702D63989:LeaderElection230: begin an election at term 1 for -1: [09112efe-1fad-4539-a04f-c96aef6d2351:192.168.151.99:45286], old=null
2019-09-26 21:19:28,631 [da833d8d-e72a-4068-9560-4daa2d83adc2@group-4FC7302DF2CA:LeaderElection232] INFO  impl.LeaderElection (LeaderElection.java:askForVotes(182)) - da833d8d-e72a-4068-9560-4daa2d83adc2@group-4FC7302DF2CA:LeaderElection232: begin an election at term 1 for -1: [da833d8d-e72a-4068-9560-4daa2d83adc2:192.168.151.99:38903], old=null
2019-09-26 21:19:28,629 [1178c3ae-d0b4-4d44-b144-fe8504cc41ac@group-500F90204D11-SegmentedRaftLogWorker] ERROR segmented.SegmentedRaftLogWorker (SegmentedRaftLogWorker.java:run(323)) - 1178c3ae-d0b4-4d44-b144-fe8504cc41ac@group-500F90204D11-SegmentedRaftLogWorker hit exception
java.lang.OutOfMemoryError: Direct buffer memory
	at java.nio.Bits.reserveMemory(Bits.java:666)
	at java.nio.DirectByteBuffer.<init>(DirectByteBuffer.java:123)
	at java.nio.ByteBuffer.allocateDirect(ByteBuffer.java:311)
	at org.apache.ratis.server.raftlog.segmented.BufferedWriteChannel.<init>(BufferedWriteChannel.java:41)
	at org.apache.ratis.server.raftlog.segmented.SegmentedRaftLogOutputStream.<init>(SegmentedRaftLogOutputStream.java:72)
	at org.apache.ratis.server.raftlog.segmented.SegmentedRaftLogWorker$StartLogSegment.execute(SegmentedRaftLogWorker.java:566)
	at org.apache.ratis.server.raftlog.segmented.SegmentedRaftLogWorker.run(SegmentedRaftLogWorker.java:289)
	at java.lang.Thread.run(Thread.java:748)
2019-09-26 21:19:28,622 [1178c3ae-d0b4-4d44-b144-fe8504cc41ac@group-5D863DA9B74C-SegmentedRaftLogWorker] ERROR segmented.SegmentedRaftLogWorker (SegmentedRaftLogWorker.java:run(323)) - 1178c3ae-d0b4-4d44-b144-fe8504cc41ac@group-5D863DA9B74C-SegmentedRaftLogWorker hit exception
java.lang.OutOfMemoryError: Direct buffer memory
	at java.nio.Bits.reserveMemory(Bits.java:666)
	at java.nio.DirectByteBuffer.<init>(DirectByteBuffer.java:123)
	at java.nio.ByteBuffer.allocateDirect(ByteBuffer.java:311)
	at org.apache.ratis.server.raftlog.segmented.BufferedWriteChannel.<init>(BufferedWriteChannel.java:41)
	at org.apache.ratis.server.raftlog.segmented.SegmentedRaftLogOutputStream.<init>(SegmentedRaftLogOutputStream.java:72)
	at org.apache.ratis.server.raftlog.segmented.SegmentedRaftLogWorker$StartLogSegment.execute(SegmentedRaftLogWorker.java:566)
	at org.apache.ratis.server.raftlog.segmented.SegmentedRaftLogWorker.run(SegmentedRaftLogWorker.java:289)
	at java.lang.Thread.run(Thread.java:748)
2019-09-26 21:19:28,371 [1178c3ae-d0b4-4d44-b144-fe8504cc41ac@group-E8E6DAF52BD9:LeaderElection211] INFO  impl.RoleInfo (RoleInfo.java:updateAndGet(143)) - 1178c3ae-d0b4-4d44-b144-fe8504cc41ac: start LeaderState
2019-09-26 21:19:29,152 [1178c3ae-d0b4-4d44-b144-fe8504cc41ac@group-5D863DA9B74C-SegmentedRaftLogWorker] INFO  impl.RaftServerImpl (RaftServerImpl.java:lambda$shutdown$3(251)) - 1178c3ae-d0b4-4d44-b144-fe8504cc41ac@group-5D863DA9B74C: shutdown
2019-09-26 21:19:29,144 [1178c3ae-d0b4-4d44-b144-fe8504cc41ac@group-500F90204D11-SegmentedRaftLogWorker] INFO  impl.RaftServerImpl (RaftServerImpl.java:lambda$shutdown$3(251)) - 1178c3ae-d0b4-4d44-b144-fe8504cc41ac@group-500F90204D11: shutdown
2019-09-26 21:19:29,144 [09112efe-1fad-4539-a04f-c96aef6d2351@group-A77325013DF5:LeaderElection183] INFO  impl.RoleInfo (RoleInfo.java:updateAndGet(143)) - 09112efe-1fad-4539-a04f-c96aef6d2351: start LeaderState
2019-09-26 21:19:29,143 [da833d8d-e72a-4068-9560-4daa2d83adc2@group-4FC7302DF2CA:LeaderElection232] INFO  impl.RoleInfo (RoleInfo.java:shutdownLeaderElection(134)) - da833d8d-e72a-4068-9560-4daa2d83adc2: shutdown LeaderElection
2019-09-26 21:19:29,143 [09112efe-1fad-4539-a04f-c96aef6d2351@group-6CD702D63989:LeaderElection230] INFO  impl.RoleInfo (RoleInfo.java:shutdownLeaderElection(134)) - 09112efe-1fad-4539-a04f-c96aef6d2351: shutdown LeaderElection
2019-09-26 21:19:29,143 [09112efe-1fad-4539-a04f-c96aef6d2351@group-A0E7B7EED9F9:LeaderElection234] INFO  impl.RoleInfo (RoleInfo.java:shutdownLeaderElection(134)) - 09112efe-1fad-4539-a04f-c96aef6d2351: shutdown LeaderElection
2019-09-26 21:19:29,143 [9ce0b59e-153f-4f41-8aed-492a76d80b48@group-6E6C68F22454:LeaderElection210] INFO  segmented.SegmentedRaftLogWorker (SegmentedRaftLogWorker.java:startLogSegment(380)) - 9ce0b59e-153f-4f41-8aed-492a76d80b48@group-6E6C68F22454-SegmentedRaftLogWorker: Starting segment from index:0
2019-09-26 21:19:29,143 [0c640f50-2bc9-49b6-b785-a27e3116e6ba@group-190F77E321AE:LeaderElection233] INFO  impl.RoleInfo (RoleInfo.java:shutdownLeaderElection(134)) - 0c640f50-2bc9-49b6-b785-a27e3116e6ba: shutdown LeaderElection
2019-09-26 21:19:29,143 [da833d8d-e72a-4068-9560-4daa2d83adc2@group-27028318879A:LeaderElection231] INFO  impl.RoleInfo (RoleInfo.java:shutdownLeaderElection(134)) - da833d8d-e72a-4068-9560-4daa2d83adc2: shutdown LeaderElection
2019-09-26 21:19:29,142 [9ce0b59e-153f-4f41-8aed-492a76d80b48@group-A9F28D9A165E-SegmentedRaftLogWorker] INFO  impl.PendingRequests (PendingRequests.java:sendNotLeaderResponses(202)) - 9ce0b59e-153f-4f41-8aed-492a76d80b48-PendingRequests: sendNotLeaderResponses
2019-09-26 21:19:29,142 [pool-37-thread-1] INFO  server.RaftServerConfigKeys (ConfUtils.java:logGet(43)) - raft.server.log.queue.byte-limit = 2147483647 (custom)
2019-09-26 21:19:29,142 [1178c3ae-d0b4-4d44-b144-fe8504cc41ac@group-CF9C7CE836F7-SegmentedRaftLogWorker] INFO  impl.RoleInfo (RoleInfo.java:shutdownLeaderState(104)) - 1178c3ae-d0b4-4d44-b144-fe8504cc41ac: shutdown LeaderState
2019-09-26 21:19:29,142 [09112efe-1fad-4539-a04f-c96aef6d2351@group-19C9B7CB6A04-SegmentedRaftLogWorker] INFO  impl.RaftServerImpl (ServerState.java:close(385)) - 09112efe-1fad-4539-a04f-c96aef6d2351@group-19C9B7CB6A04: closes. applyIndex: -1
2019-09-26 21:19:29,142 [pool-67-thread-1] INFO  server.RaftServerConfigKeys (ConfUtils.java:logGet(43)) - raft.server.log.segment.size.max = 1048576 (custom)
2019-09-26 21:19:29,141 [9ce0b59e-153f-4f41-8aed-492a76d80b48@group-BBEF4765CFAF:LeaderElection228] INFO  server.RaftServerConfigKeys (ConfUtils.java:logGet(43)) - raft.server.rpc.sleep.time = 25ms (default)
2019-09-26 21:19:29,141 [9ce0b59e-153f-4f41-8aed-492a76d80b48@group-0C8EC243BCC2:LeaderElection229] INFO  impl.RaftServerImpl (ServerState.java:setLeader(253)) - 9ce0b59e-153f-4f41-8aed-492a76d80b48@group-0C8EC243BCC2: change Leader from null to 9ce0b59e-153f-4f41-8aed-492a76d80b48 at term 1 for becomeLeader, leader elected after 13343ms
2019-09-26 21:19:29,141 [09112efe-1fad-4539-a04f-c96aef6d2351@group-A4789B464D44:LeaderElection236] INFO  impl.RaftServerImpl (ServerState.java:setLeader(253)) - 09112efe-1fad-4539-a04f-c96aef6d2351@group-A4789B464D44: change Leader from null to 09112efe-1fad-4539-a04f-c96aef6d2351 at term 1 for becomeLeader, leader elected after 13812ms
2019-09-26 21:19:28,910 [9ce0b59e-153f-4f41-8aed-492a76d80b48@group-00776E898AAB:LeaderElection204] INFO  impl.RaftServerImpl (ServerState.java:setRaftConf(354)) - 9ce0b59e-153f-4f41-8aed-492a76d80b48@group-00776E898AAB: set configuration 0: [9ce0b59e-153f-4f41-8aed-492a76d80b48:192.168.151.99:34156], old=null at 0
2019-09-26 21:19:29,141 [9ce0b59e-153f-4f41-8aed-492a76d80b48@group-6C47FF3504AD:LeaderElection238] INFO  impl.LeaderElection (LeaderElection.java:askForVotes(182)) - 9ce0b59e-153f-4f41-8aed-492a76d80b48@group-6C47FF3504AD:LeaderElection238: begin an election at term 1 for -1: [9ce0b59e-153f-4f41-8aed-492a76d80b48:192.168.151.99:34156], old=null
2019-09-26 21:19:29,141 [1178c3ae-d0b4-4d44-b144-fe8504cc41ac@group-84CE257E3DC6:LeaderElection237] INFO  impl.LeaderElection (LeaderElection.java:askForVotes(182)) - 1178c3ae-d0b4-4d44-b144-fe8504cc41ac@group-84CE257E3DC6:LeaderElection237: begin an election at term 1 for -1: [1178c3ae-d0b4-4d44-b144-fe8504cc41ac:192.168.151.99:33787], old=null
2019-09-26 21:19:28,910 [1178c3ae-d0b4-4d44-b144-fe8504cc41ac@group-9FFC2239D22F:LeaderElection235] INFO  server.RaftServerConfigKeys (ConfUtils.java:logGet(43)) - raft.server.rpc.sleep.time = 25ms (default)
2019-09-26 21:19:28,910 [0c640f50-2bc9-49b6-b785-a27e3116e6ba@group-EA44501B296B:LeaderElection239] INFO  impl.RoleInfo (RoleInfo.java:shutdownLeaderElection(134)) - 0c640f50-2bc9-49b6-b785-a27e3116e6ba: shutdown LeaderElection
2019-09-26 21:19:28,909 [pool-27-thread-1] INFO  segmented.SegmentedRaftLogWorker (SegmentedRaftLogWorker.java:<init>(172)) - new 9ce0b59e-153f-4f41-8aed-492a76d80b48@group-450F00B29BD4-SegmentedRaftLogWorker for RaftStorage:Storage Directory /workdir/hadoop-ozone/ozonefs/target/test-dir/MiniOzoneClusterImpl-5b64906c-d720-4906-b30c-b6d56a2122fd/datanode-0/data/ratis/7b84129e-b32c-4668-a8d4-450f00b29bd4
2019-09-26 21:19:28,909 [09112efe-1fad-4539-a04f-c96aef6d2351@group-36B2132502C2:LeaderElection193] INFO  impl.RoleInfo (RoleInfo.java:updateAndGet(143)) - 09112efe-1fad-4539-a04f-c96aef6d2351: start LeaderState
2019-09-26 21:19:29,422 [pool-27-thread-1] INFO  server.RaftServerConfigKeys (ConfUtils.java:logGet(43)) - raft.server.log.queue.byte-limit = 2147483647 (custom)
2019-09-26 21:19:29,422 [da833d8d-e72a-4068-9560-4daa2d83adc2@group-BB2190CB963E:LeaderElection194] INFO  impl.RoleInfo (RoleInfo.java:updateAndGet(143)) - da833d8d-e72a-4068-9560-4daa2d83adc2: start LeaderState
2019-09-26 21:19:29,422 [0c640f50-2bc9-49b6-b785-a27e3116e6ba@group-EA44501B296B:LeaderElection239] INFO  impl.RaftServerImpl (RaftServerImpl.java:setRole(174)) - 0c640f50-2bc9-49b6-b785-a27e3116e6ba@group-EA44501B296B: changes role from CANDIDATE to LEADER at term 1 for changeToLeader
2019-09-26 21:19:29,422 [1178c3ae-d0b4-4d44-b144-fe8504cc41ac@group-9FFC2239D22F:LeaderElection235] INFO  server.RaftServerConfigKeys (ConfUtils.java:logGet(43)) - raft.server.write.element-limit = 4096 (default)
2019-09-26 21:19:29,422 [1178c3ae-d0b4-4d44-b144-fe8504cc41ac@group-84CE257E3DC6:LeaderElection237] INFO  impl.RoleInfo (RoleInfo.java:shutdownLeaderElection(134)) - 1178c3ae-d0b4-4d44-b144-fe8504cc41ac: shutdown LeaderElection
2019-09-26 21:19:29,422 [9ce0b59e-153f-4f41-8aed-492a76d80b48@group-6C47FF3504AD:LeaderElection238] INFO  impl.RoleInfo (RoleInfo.java:shutdownLeaderElection(134)) - 9ce0b59e-153f-4f41-8aed-492a76d80b48: shutdown LeaderElection
2019-09-26 21:19:29,421 [9ce0b59e-153f-4f41-8aed-492a76d80b48@group-BBEF4765CFAF:LeaderElection228] INFO  server.RaftServerConfigKeys (ConfUtils.java:logGet(43)) - raft.server.write.element-limit = 4096 (default)
2019-09-26 21:19:29,421 [09112efe-1fad-4539-a04f-c96aef6d2351@group-A4789B464D44:LeaderElection236] INFO  server.RaftServerConfigKeys (ConfUtils.java:logGet(43)) - raft.server.staging.catchup.gap = 1000 (default)
2019-09-26 21:19:29,421 [9ce0b59e-153f-4f41-8aed-492a76d80b48@group-2F3A14F08318:LeaderElection197] INFO  impl.RoleInfo (RoleInfo.java:updateAndGet(143)) - 9ce0b59e-153f-4f41-8aed-492a76d80b48: start LeaderState
2019-09-26 21:19:29,421 [9ce0b59e-153f-4f41-8aed-492a76d80b48@group-0C8EC243BCC2:LeaderElection229] INFO  server.RaftServerConfigKeys (ConfUtils.java:logGet(43)) - raft.server.staging.catchup.gap = 1000 (default)
2019-09-26 21:19:29,421 [1178c3ae-d0b4-4d44-b144-fe8504cc41ac@group-500F90204D11-SegmentedRaftLogWorker] INFO  util.JmxRegister (JmxRegister.java:unregister(73)) - Successfully un-registered JMX Bean with object name Ratis:service=RaftServer,group=group-500F90204D11,id=1178c3ae-d0b4-4d44-b144-fe8504cc41ac
2019-09-26 21:19:29,421 [pool-67-thread-1] INFO  server.RaftServerConfigKeys (ConfUtils.java:logGet(43)) - raft.server.log.preallocated.size = 16384 (custom)
2019-09-26 21:19:29,421 [1178c3ae-d0b4-4d44-b144-fe8504cc41ac@group-5D863DA9B74C-SegmentedRaftLogWorker] INFO  util.JmxRegister (JmxRegister.java:unregister(73)) - Successfully un-registered JMX Bean with object name Ratis:service=RaftServer,group=group-5D863DA9B74C,id=1178c3ae-d0b4-4d44-b144-fe8504cc41ac
2019-09-26 21:19:29,429 [1178c3ae-d0b4-4d44-b144-fe8504cc41ac@group-5D863DA9B74C-SegmentedRaftLogWorker] INFO  impl.RoleInfo (RoleInfo.java:shutdownLeaderState(104)) - 1178c3ae-d0b4-4d44-b144-fe8504cc41ac: shutdown LeaderState
2019-09-26 21:19:29,421 [09112efe-1fad-4539-a04f-c96aef6d2351@group-19C9B7CB6A04-SegmentedRaftLogWorker] INFO  segmented.SegmentedRaftLogWorker (SegmentedRaftLogWorker.java:close(228)) - 09112efe-1fad-4539-a04f-c96aef6d2351@group-19C9B7CB6A04-SegmentedRaftLogWorker close()
2019-09-26 21:19:29,420 [1178c3ae-d0b4-4d44-b144-fe8504cc41ac@group-CF9C7CE836F7-SegmentedRaftLogWorker] INFO  impl.PendingRequests (PendingRequests.java:sendNotLeaderResponses(202)) - 1178c3ae-d0b4-4d44-b144-fe8504cc41ac-PendingRequests: sendNotLeaderResponses
2019-09-26 21:19:29,154 [pool-37-thread-1] INFO  server.RaftServerConfigKeys (ConfUtils.java:logGet(43)) - raft.server.log.queue.element-limit = 1024 (custom)
2019-09-26 21:19:29,420 [1178c3ae-d0b4-4d44-b144-fe8504cc41ac@group-4A70B7218118-SegmentedRaftLogWorker] ERROR segmented.SegmentedRaftLogWorker (SegmentedRaftLogWorker.java:run(323)) - 1178c3ae-d0b4-4d44-b144-fe8504cc41ac@group-4A70B7218118-SegmentedRaftLogWorker hit exception
java.lang.OutOfMemoryError: Direct buffer memory
	at java.nio.Bits.reserveMemory(Bits.java:666)
	at java.nio.DirectByteBuffer.<init>(DirectByteBuffer.java:123)
	at java.nio.ByteBuffer.allocateDirect(ByteBuffer.java:311)
	at org.apache.ratis.server.raftlog.segmented.BufferedWriteChannel.<init>(BufferedWriteChannel.java:41)
	at org.apache.ratis.server.raftlog.segmented.SegmentedRaftLogOutputStream.<init>(SegmentedRaftLogOutputStream.java:72)
	at org.apache.ratis.server.raftlog.segmented.SegmentedRaftLogWorker$StartLogSegment.execute(SegmentedRaftLogWorker.java:566)
	at org.apache.ratis.server.raftlog.segmented.SegmentedRaftLogWorker.run(SegmentedRaftLogWorker.java:289)
	at java.lang.Thread.run(Thread.java:748)
2019-09-26 21:19:29,420 [09112efe-1fad-4539-a04f-c96aef6d2351@group-78E06D6978FF-SegmentedRaftLogWorker] ERROR segmented.SegmentedRaftLogWorker (SegmentedRaftLogWorker.java:run(323)) - 09112efe-1fad-4539-a04f-c96aef6d2351@group-78E06D6978FF-SegmentedRaftLogWorker hit exception
java.lang.OutOfMemoryError: Direct buffer memory
	at java.nio.Bits.reserveMemory(Bits.java:666)
	at java.nio.DirectByteBuffer.<init>(DirectByteBuffer.java:123)
	at java.nio.ByteBuffer.allocateDirect(ByteBuffer.java:311)
	at org.apache.ratis.server.raftlog.segmented.BufferedWriteChannel.<init>(BufferedWriteChannel.java:41)
	at org.apache.ratis.server.raftlog.segmented.SegmentedRaftLogOutputStream.<init>(SegmentedRaftLogOutputStream.java:72)
	at org.apache.ratis.server.raftlog.segmented.SegmentedRaftLogWorker$StartLogSegment.execute(SegmentedRaftLogWorker.java:566)
	at org.apache.ratis.server.raftlog.segmented.SegmentedRaftLogWorker.run(SegmentedRaftLogWorker.java:289)
	at java.lang.Thread.run(Thread.java:748)
2019-09-26 21:19:29,153 [9ce0b59e-153f-4f41-8aed-492a76d80b48@group-A9F28D9A165E-SegmentedRaftLogWorker] INFO  impl.StateMachineUpdater (StateMachineUpdater.java:stopAndJoin(125)) - 9ce0b59e-153f-4f41-8aed-492a76d80b48@group-A9F28D9A165E-StateMachineUpdater: set stopIndex = -1
2019-09-26 21:19:29,153 [9ce0b59e-153f-4f41-8aed-492a76d80b48@group-6E6C68F22454:LeaderElection210] INFO  impl.RaftServerImpl (ServerState.java:setRaftConf(354)) - 9ce0b59e-153f-4f41-8aed-492a76d80b48@group-6E6C68F22454: set configuration 0: [9ce0b59e-153f-4f41-8aed-492a76d80b48:192.168.151.99:34156], old=null at 0
2019-09-26 21:19:29,153 [da833d8d-e72a-4068-9560-4daa2d83adc2@group-27028318879A:LeaderElection231] INFO  impl.RaftServerImpl (RaftServerImpl.java:setRole(174)) - da833d8d-e72a-4068-9560-4daa2d83adc2@group-27028318879A: changes role from CANDIDATE to LEADER at term 1 for changeToLeader
2019-09-26 21:19:29,431 [da833d8d-e72a-4068-9560-4daa2d83adc2@group-27028318879A:LeaderElection231] INFO  impl.RaftServerImpl (ServerState.java:setLeader(253)) - da833d8d-e72a-4068-9560-4daa2d83adc2@group-27028318879A: change Leader from null to da833d8d-e72a-4068-9560-4daa2d83adc2 at term 1 for becomeLeader, leader elected after 13718ms
2019-09-26 21:19:29,153 [1178c3ae-d0b4-4d44-b144-fe8504cc41ac@group-6F0B28853612:LeaderElection184] INFO  impl.RoleInfo (RoleInfo.java:updateAndGet(143)) - 1178c3ae-d0b4-4d44-b144-fe8504cc41ac: start LeaderState
2019-09-26 21:19:29,153 [0c640f50-2bc9-49b6-b785-a27e3116e6ba@group-190F77E321AE:LeaderElection233] INFO  impl.RaftServerImpl (RaftServerImpl.java:setRole(174)) - 0c640f50-2bc9-49b6-b785-a27e3116e6ba@group-190F77E321AE: changes role from CANDIDATE to LEADER at term 1 for changeToLeader
2019-09-26 21:19:29,431 [0c640f50-2bc9-49b6-b785-a27e3116e6ba@group-190F77E321AE:LeaderElection233] INFO  impl.RaftServerImpl (ServerState.java:setLeader(253)) - 0c640f50-2bc9-49b6-b785-a27e3116e6ba@group-190F77E321AE: change Leader from null to 0c640f50-2bc9-49b6-b785-a27e3116e6ba at term 1 for becomeLeader, leader elected after 13763ms
2019-09-26 21:19:29,153 [09112efe-1fad-4539-a04f-c96aef6d2351@group-A0E7B7EED9F9:LeaderElection234] INFO  impl.RaftServerImpl (RaftServerImpl.java:setRole(174)) - 09112efe-1fad-4539-a04f-c96aef6d2351@group-A0E7B7EED9F9: changes role from CANDIDATE to LEADER at term 1 for changeToLeader
2019-09-26 21:19:29,153 [09112efe-1fad-4539-a04f-c96aef6d2351@group-6CD702D63989:LeaderElection230] INFO  impl.RaftServerImpl (RaftServerImpl.java:setRole(174)) - 09112efe-1fad-4539-a04f-c96aef6d2351@group-6CD702D63989: changes role from CANDIDATE to LEADER at term 1 for changeToLeader
2019-09-26 21:19:29,432 [9ce0b59e-153f-4f41-8aed-492a76d80b48@group-556BB265CEA3:LeaderElection205] INFO  impl.RoleInfo (RoleInfo.java:updateAndGet(143)) - 9ce0b59e-153f-4f41-8aed-492a76d80b48: start LeaderState
2019-09-26 21:19:29,153 [da833d8d-e72a-4068-9560-4daa2d83adc2@group-4FC7302DF2CA:LeaderElection232] INFO  impl.RaftServerImpl (RaftServerImpl.java:setRole(174)) - da833d8d-e72a-4068-9560-4daa2d83adc2@group-4FC7302DF2CA: changes role from CANDIDATE to LEADER at term 1 for changeToLeader
2019-09-26 21:19:29,432 [da833d8d-e72a-4068-9560-4daa2d83adc2@group-4FC7302DF2CA:LeaderElection232] INFO  impl.RaftServerImpl (ServerState.java:setLeader(253)) - da833d8d-e72a-4068-9560-4daa2d83adc2@group-4FC7302DF2CA: change Leader from null to da833d8d-e72a-4068-9560-4daa2d83adc2 at term 1 for becomeLeader, leader elected after 13677ms
2019-09-26 21:19:29,152 [09112efe-1fad-4539-a04f-c96aef6d2351@group-A77325013DF5:LeaderElection183] INFO  segmented.SegmentedRaftLogWorker (SegmentedRaftLogWorker.java:startLogSegment(380)) - 09112efe-1fad-4539-a04f-c96aef6d2351@group-A77325013DF5-SegmentedRaftLogWorker: Starting segment from index:0
2019-09-26 21:19:29,152 [1178c3ae-d0b4-4d44-b144-fe8504cc41ac@group-E8E6DAF52BD9:LeaderElection211] INFO  segmented.SegmentedRaftLogWorker (SegmentedRaftLogWorker.java:startLogSegment(380)) - 1178c3ae-d0b4-4d44-b144-fe8504cc41ac@group-E8E6DAF52BD9-SegmentedRaftLogWorker: Starting segment from index:0
2019-09-26 21:19:29,432 [9ce0b59e-153f-4f41-8aed-492a76d80b48@group-710F4F4B8A6C:LeaderElection213] INFO  impl.RoleInfo (RoleInfo.java:updateAndGet(143)) - 9ce0b59e-153f-4f41-8aed-492a76d80b48: start LeaderState
2019-09-26 21:19:29,432 [da833d8d-e72a-4068-9560-4daa2d83adc2@group-4FC7302DF2CA:LeaderElection232] INFO  server.RaftServerConfigKeys (ConfUtils.java:logGet(43)) - raft.server.staging.catchup.gap = 1000 (default)
2019-09-26 21:19:29,432 [9ce0b59e-153f-4f41-8aed-492a76d80b48@group-556BB265CEA3:LeaderElection205] INFO  segmented.SegmentedRaftLogWorker (SegmentedRaftLogWorker.java:startLogSegment(380)) - 9ce0b59e-153f-4f41-8aed-492a76d80b48@group-556BB265CEA3-SegmentedRaftLogWorker: Starting segment from index:0
2019-09-26 21:19:29,432 [09112efe-1fad-4539-a04f-c96aef6d2351@group-6CD702D63989:LeaderElection230] INFO  impl.RaftServerImpl (ServerState.java:setLeader(253)) - 09112efe-1fad-4539-a04f-c96aef6d2351@group-6CD702D63989: change Leader from null to 09112efe-1fad-4539-a04f-c96aef6d2351 at term 1 for becomeLeader, leader elected after 13974ms
2019-09-26 21:19:29,955 [1178c3ae-d0b4-4d44-b144-fe8504cc41ac@group-E8E6DAF52BD9:LeaderElection211] INFO  impl.RaftServerImpl (ServerState.java:setRaftConf(354)) - 1178c3ae-d0b4-4d44-b144-fe8504cc41ac@group-E8E6DAF52BD9: set configuration 0: [1178c3ae-d0b4-4d44-b144-fe8504cc41ac:192.168.151.99:33787], old=null at 0
2019-09-26 21:19:29,432 [09112efe-1fad-4539-a04f-c96aef6d2351@group-A0E7B7EED9F9:LeaderElection234] INFO  impl.RaftServerImpl (ServerState.java:setLeader(253)) - 09112efe-1fad-4539-a04f-c96aef6d2351@group-A0E7B7EED9F9: change Leader from null to 09112efe-1fad-4539-a04f-c96aef6d2351 at term 1 for becomeLeader, leader elected after 13808ms
2019-09-26 21:19:29,432 [0c640f50-2bc9-49b6-b785-a27e3116e6ba@group-190F77E321AE:LeaderElection233] INFO  server.RaftServerConfigKeys (ConfUtils.java:logGet(43)) - raft.server.staging.catchup.gap = 1000 (default)
2019-09-26 21:19:29,431 [1178c3ae-d0b4-4d44-b144-fe8504cc41ac@group-6F0B28853612:LeaderElection184] INFO  segmented.SegmentedRaftLogWorker (SegmentedRaftLogWorker.java:startLogSegment(380)) - 1178c3ae-d0b4-4d44-b144-fe8504cc41ac@group-6F0B28853612-SegmentedRaftLogWorker: Starting segment from index:0
2019-09-26 21:19:29,431 [da833d8d-e72a-4068-9560-4daa2d83adc2@group-009B25A2B20A:LeaderElection201] INFO  impl.RoleInfo (RoleInfo.java:updateAndGet(143)) - da833d8d-e72a-4068-9560-4daa2d83adc2: start LeaderState
2019-09-26 21:19:29,431 [da833d8d-e72a-4068-9560-4daa2d83adc2@group-27028318879A:LeaderElection231] INFO  server.RaftServerConfigKeys (ConfUtils.java:logGet(43)) - raft.server.staging.catchup.gap = 1000 (default)
2019-09-26 21:19:30,412 [1178c3ae-d0b4-4d44-b144-fe8504cc41ac@group-6F0B28853612:LeaderElection184] INFO  impl.RaftServerImpl (ServerState.java:setRaftConf(354)) - 1178c3ae-d0b4-4d44-b144-fe8504cc41ac@group-6F0B28853612: set configuration 0: [1178c3ae-d0b4-4d44-b144-fe8504cc41ac:192.168.151.99:33787], old=null at 0
2019-09-26 21:19:29,431 [9ce0b59e-153f-4f41-8aed-492a76d80b48@group-A9F28D9A165E-SegmentedRaftLogWorker] INFO  impl.RaftServerImpl (ServerState.java:close(385)) - 9ce0b59e-153f-4f41-8aed-492a76d80b48@group-A9F28D9A165E: closes. applyIndex: -1
2019-09-26 21:19:29,431 [9ce0b59e-153f-4f41-8aed-492a76d80b48@group-1B503A35F909:LeaderElection212] INFO  impl.RoleInfo (RoleInfo.java:updateAndGet(143)) - 9ce0b59e-153f-4f41-8aed-492a76d80b48: start LeaderState
2019-09-26 21:19:29,431 [09112efe-1fad-4539-a04f-c96aef6d2351@group-78E06D6978FF-SegmentedRaftLogWorker] INFO  impl.RaftServerImpl (RaftServerImpl.java:lambda$shutdown$3(251)) - 09112efe-1fad-4539-a04f-c96aef6d2351@group-78E06D6978FF: shutdown
2019-09-26 21:19:29,430 [1178c3ae-d0b4-4d44-b144-fe8504cc41ac@group-4A70B7218118-SegmentedRaftLogWorker] INFO  impl.RaftServerImpl (RaftServerImpl.java:lambda$shutdown$3(251)) - 1178c3ae-d0b4-4d44-b144-fe8504cc41ac@group-4A70B7218118: shutdown
2019-09-26 21:19:29,430 [pool-37-thread-1] INFO  server.RaftServerConfigKeys (ConfUtils.java:logGet(43)) - raft.server.log.segment.size.max = 1048576 (custom)
2019-09-26 21:19:29,430 [9ce0b59e-153f-4f41-8aed-492a76d80b48@group-4AD36DEDF59B:LeaderElection202] INFO  impl.RoleInfo (RoleInfo.java:updateAndGet(143)) - 9ce0b59e-153f-4f41-8aed-492a76d80b48: start LeaderState
2019-09-26 21:19:29,430 [1178c3ae-d0b4-4d44-b144-fe8504cc41ac@group-CF9C7CE836F7-SegmentedRaftLogWorker] INFO  impl.StateMachineUpdater (StateMachineUpdater.java:stopAndJoin(125)) - 1178c3ae-d0b4-4d44-b144-fe8504cc41ac@group-CF9C7CE836F7-StateMachineUpdater: set stopIndex = -1
2019-09-26 21:19:29,429 [9ce0b59e-153f-4f41-8aed-492a76d80b48@group-53B6FB8525AE:LeaderElection209] INFO  impl.RoleInfo (RoleInfo.java:updateAndGet(143)) - 9ce0b59e-153f-4f41-8aed-492a76d80b48: start LeaderState
2019-09-26 21:19:29,429 [1178c3ae-d0b4-4d44-b144-fe8504cc41ac@group-5D863DA9B74C-SegmentedRaftLogWorker] INFO  impl.PendingRequests (PendingRequests.java:sendNotLeaderResponses(202)) - 1178c3ae-d0b4-4d44-b144-fe8504cc41ac-PendingRequests: sendNotLeaderResponses
2019-09-26 21:19:29,429 [pool-67-thread-1] INFO  server.RaftServerConfigKeys (ConfUtils.java:logGet(43)) - raft.server.log.write.buffer.size = 33554432 (custom)
2019-09-26 21:19:29,429 [1178c3ae-d0b4-4d44-b144-fe8504cc41ac@group-500F90204D11-SegmentedRaftLogWorker] INFO  impl.RoleInfo (RoleInfo.java:shutdownLeaderState(104)) - 1178c3ae-d0b4-4d44-b144-fe8504cc41ac: shutdown LeaderState
2019-09-26 21:19:29,429 [9ce0b59e-153f-4f41-8aed-492a76d80b48@group-0C8EC243BCC2:LeaderElection229] INFO  server.RaftServerConfigKeys (ConfUtils.java:logGet(43)) - raft.server.rpc.sleep.time = 25ms (default)
2019-09-26 21:19:30,414 [09112efe-1fad-4539-a04f-c96aef6d2351@group-3345E11CC80E:LeaderElection192] INFO  impl.RoleInfo (RoleInfo.java:updateAndGet(143)) - 09112efe-1fad-4539-a04f-c96aef6d2351: start LeaderState
2019-09-26 21:19:29,429 [9ce0b59e-153f-4f41-8aed-492a76d80b48@group-2F3A14F08318:LeaderElection197] INFO  segmented.SegmentedRaftLogWorker (SegmentedRaftLogWorker.java:startLogSegment(380)) - 9ce0b59e-153f-4f41-8aed-492a76d80b48@group-2F3A14F08318-SegmentedRaftLogWorker: Starting segment from index:0
2019-09-26 21:19:30,414 [1178c3ae-d0b4-4d44-b144-fe8504cc41ac@group-4A70B7218118-SegmentedRaftLogWorker] INFO  util.JmxRegister (JmxRegister.java:unregister(73)) - Successfully un-registered JMX Bean with object name Ratis:service=RaftServer,group=group-4A70B7218118,id=1178c3ae-d0b4-4d44-b144-fe8504cc41ac
2019-09-26 21:19:30,414 [9ce0b59e-153f-4f41-8aed-492a76d80b48@group-2F3A14F08318:LeaderElection197] INFO  impl.RaftServerImpl (ServerState.java:setRaftConf(354)) - 9ce0b59e-153f-4f41-8aed-492a76d80b48@group-2F3A14F08318: set configuration 0: [9ce0b59e-153f-4f41-8aed-492a76d80b48:192.168.151.99:34156], old=null at 0
2019-09-26 21:19:29,429 [09112efe-1fad-4539-a04f-c96aef6d2351@group-A4789B464D44:LeaderElection236] INFO  server.RaftServerConfigKeys (ConfUtils.java:logGet(43)) - raft.server.rpc.sleep.time = 25ms (default)
2019-09-26 21:19:29,429 [9ce0b59e-153f-4f41-8aed-492a76d80b48@group-BBEF4765CFAF:LeaderElection228] INFO  server.RaftServerConfigKeys (ConfUtils.java:logGet(43)) - raft.server.watch.timeout = 10s (default)
2019-09-26 21:19:29,428 [da833d8d-e72a-4068-9560-4daa2d83adc2@group-80D4D31A8B20:LeaderElection207] INFO  impl.RoleInfo (RoleInfo.java:updateAndGet(143)) - da833d8d-e72a-4068-9560-4daa2d83adc2: start LeaderState
2019-09-26 21:19:29,423 [9ce0b59e-153f-4f41-8aed-492a76d80b48@group-6C47FF3504AD:LeaderElection238] INFO  impl.RaftServerImpl (RaftServerImpl.java:setRole(174)) - 9ce0b59e-153f-4f41-8aed-492a76d80b48@group-6C47FF3504AD: changes role from CANDIDATE to LEADER at term 1 for changeToLeader
2019-09-26 21:19:30,637 [da833d8d-e72a-4068-9560-4daa2d83adc2@group-80D4D31A8B20:LeaderElection207] INFO  segmented.SegmentedRaftLogWorker (SegmentedRaftLogWorker.java:startLogSegment(380)) - da833d8d-e72a-4068-9560-4daa2d83adc2@group-80D4D31A8B20-SegmentedRaftLogWorker: Starting segment from index:0
2019-09-26 21:19:29,423 [1178c3ae-d0b4-4d44-b144-fe8504cc41ac@group-84CE257E3DC6:LeaderElection237] INFO  impl.RaftServerImpl (RaftServerImpl.java:setRole(174)) - 1178c3ae-d0b4-4d44-b144-fe8504cc41ac@group-84CE257E3DC6: changes role from CANDIDATE to LEADER at term 1 for changeToLeader
2019-09-26 21:19:30,637 [1178c3ae-d0b4-4d44-b144-fe8504cc41ac@group-84CE257E3DC6:LeaderElection237] INFO  impl.RaftServerImpl (ServerState.java:setLeader(253)) - 1178c3ae-d0b4-4d44-b144-fe8504cc41ac@group-84CE257E3DC6: change Leader from null to 1178c3ae-d0b4-4d44-b144-fe8504cc41ac at term 1 for becomeLeader, leader elected after 15221ms
2019-09-26 21:19:29,423 [1178c3ae-d0b4-4d44-b144-fe8504cc41ac@group-9FFC2239D22F:LeaderElection235] INFO  server.RaftServerConfigKeys (ConfUtils.java:logGet(43)) - raft.server.watch.timeout = 10s (default)
2019-09-26 21:19:30,857 [1178c3ae-d0b4-4d44-b144-fe8504cc41ac@group-9FFC2239D22F:LeaderElection235] INFO  server.RaftServerConfigKeys (ConfUtils.java:logGet(43)) - raft.server.watch.timeout.denomination = 1s (default)
2019-09-26 21:19:29,423 [da833d8d-e72a-4068-9560-4daa2d83adc2@group-BB2190CB963E:LeaderElection194] INFO  segmented.SegmentedRaftLogWorker (SegmentedRaftLogWorker.java:startLogSegment(380)) - da833d8d-e72a-4068-9560-4daa2d83adc2@group-BB2190CB963E-SegmentedRaftLogWorker: Starting segment from index:0
2019-09-26 21:19:29,423 [0c640f50-2bc9-49b6-b785-a27e3116e6ba@group-EA44501B296B:LeaderElection239] INFO  impl.RaftServerImpl (ServerState.java:setLeader(253)) - 0c640f50-2bc9-49b6-b785-a27e3116e6ba@group-EA44501B296B: change Leader from null to 0c640f50-2bc9-49b6-b785-a27e3116e6ba at term 1 for becomeLeader, leader elected after 13875ms
2019-09-26 21:19:29,423 [pool-27-thread-1] INFO  server.RaftServerConfigKeys (ConfUtils.java:logGet(43)) - raft.server.log.queue.element-limit = 1024 (custom)
2019-09-26 21:19:29,423 [09112efe-1fad-4539-a04f-c96aef6d2351@group-36B2132502C2:LeaderElection193] INFO  segmented.SegmentedRaftLogWorker (SegmentedRaftLogWorker.java:startLogSegment(380)) - 09112efe-1fad-4539-a04f-c96aef6d2351@group-36B2132502C2-SegmentedRaftLogWorker: Starting segment from index:0
2019-09-26 21:19:31,101 [0c640f50-2bc9-49b6-b785-a27e3116e6ba@group-2260AD7B7718:LeaderElection214] INFO  impl.RoleInfo (RoleInfo.java:updateAndGet(143)) - 0c640f50-2bc9-49b6-b785-a27e3116e6ba: start LeaderState
2019-09-26 21:19:31,101 [pool-27-thread-1] INFO  server.RaftServerConfigKeys (ConfUtils.java:logGet(43)) - raft.server.log.segment.size.max = 1048576 (custom)
2019-09-26 21:19:31,102 [09112efe-1fad-4539-a04f-c96aef6d2351@group-36B2132502C2:LeaderElection193] INFO  impl.RaftServerImpl (ServerState.java:setRaftConf(354)) - 09112efe-1fad-4539-a04f-c96aef6d2351@group-36B2132502C2: set configuration 0: [09112efe-1fad-4539-a04f-c96aef6d2351:192.168.151.99:45286], old=null at 0
2019-09-26 21:19:31,101 [da833d8d-e72a-4068-9560-4daa2d83adc2@group-BB2190CB963E:LeaderElection194] INFO  impl.RaftServerImpl (ServerState.java:setRaftConf(354)) - da833d8d-e72a-4068-9560-4daa2d83adc2@group-BB2190CB963E: set configuration 0: [da833d8d-e72a-4068-9560-4daa2d83adc2:192.168.151.99:38903], old=null at 0
2019-09-26 21:19:30,858 [0c640f50-2bc9-49b6-b785-a27e3116e6ba@group-EA44501B296B:LeaderElection239] INFO  server.RaftServerConfigKeys (ConfUtils.java:logGet(43)) - raft.server.staging.catchup.gap = 1000 (default)
2019-09-26 21:19:31,347 [da833d8d-e72a-4068-9560-4daa2d83adc2@group-2250387AFD51:LeaderElection217] INFO  impl.RoleInfo (RoleInfo.java:updateAndGet(143)) - da833d8d-e72a-4068-9560-4daa2d83adc2: start LeaderState
2019-09-26 21:19:31,099 [09112efe-1fad-4539-a04f-c96aef6d2351@group-11EBA2FC1B7A-SegmentedRaftLogWorker] ERROR segmented.SegmentedRaftLogWorker (SegmentedRaftLogWorker.java:run(323)) - 09112efe-1fad-4539-a04f-c96aef6d2351@group-11EBA2FC1B7A-SegmentedRaftLogWorker hit exception
java.lang.OutOfMemoryError: Direct buffer memory
	at java.nio.Bits.reserveMemory(Bits.java:666)
	at java.nio.DirectByteBuffer.<init>(DirectByteBuffer.java:123)
	at java.nio.ByteBuffer.allocateDirect(ByteBuffer.java:311)
	at org.apache.ratis.server.raftlog.segmented.BufferedWriteChannel.<init>(BufferedWriteChannel.java:41)
	at org.apache.ratis.server.raftlog.segmented.SegmentedRaftLogOutputStream.<init>(SegmentedRaftLogOutputStream.java:72)
	at org.apache.ratis.server.raftlog.segmented.SegmentedRaftLogWorker$StartLogSegment.execute(SegmentedRaftLogWorker.java:566)
	at org.apache.ratis.server.raftlog.segmented.SegmentedRaftLogWorker.run(SegmentedRaftLogWorker.java:289)
	at java.lang.Thread.run(Thread.java:748)
2019-09-26 21:19:31,099 [9ce0b59e-153f-4f41-8aed-492a76d80b48@group-00776E898AAB-SegmentedRaftLogWorker] ERROR segmented.SegmentedRaftLogWorker (SegmentedRaftLogWorker.java:run(323)) - 9ce0b59e-153f-4f41-8aed-492a76d80b48@group-00776E898AAB-SegmentedRaftLogWorker hit exception
java.lang.OutOfMemoryError: Direct buffer memory
	at java.nio.Bits.reserveMemory(Bits.java:666)
	at java.nio.DirectByteBuffer.<init>(DirectByteBuffer.java:123)
	at java.nio.ByteBuffer.allocateDirect(ByteBuffer.java:311)
	at org.apache.ratis.server.raftlog.segmented.BufferedWriteChannel.<init>(BufferedWriteChannel.java:41)
	at org.apache.ratis.server.raftlog.segmented.SegmentedRaftLogOutputStream.<init>(SegmentedRaftLogOutputStream.java:72)
	at org.apache.ratis.server.raftlog.segmented.SegmentedRaftLogWorker$StartLogSegment.execute(SegmentedRaftLogWorker.java:566)
	at org.apache.ratis.server.raftlog.segmented.SegmentedRaftLogWorker.run(SegmentedRaftLogWorker.java:289)
	at java.lang.Thread.run(Thread.java:748)
2019-09-26 21:19:31,096 [Thread-1413] INFO  impl.FollowerState (FollowerState.java:run(106)) - 9ce0b59e-153f-4f41-8aed-492a76d80b48:group-255437930481 changes to CANDIDATE, lastRpcTime:5229, electionTimeout:5067ms
2019-09-26 21:19:31,348 [Thread-1413] INFO  impl.RoleInfo (RoleInfo.java:shutdownFollowerState(121)) - 9ce0b59e-153f-4f41-8aed-492a76d80b48: shutdown FollowerState
2019-09-26 21:19:31,094 [Thread-1414] INFO  impl.FollowerState (FollowerState.java:run(106)) - 0c640f50-2bc9-49b6-b785-a27e3116e6ba:group-255437930481 changes to CANDIDATE, lastRpcTime:5222, electionTimeout:5121ms
2019-09-26 21:19:31,092 [Thread-1415] INFO  impl.FollowerState (FollowerState.java:run(106)) - da833d8d-e72a-4068-9560-4daa2d83adc2:group-255437930481 changes to CANDIDATE, lastRpcTime:5215, electionTimeout:5198ms
2019-09-26 21:19:31,348 [Thread-1415] INFO  impl.RoleInfo (RoleInfo.java:shutdownFollowerState(121)) - da833d8d-e72a-4068-9560-4daa2d83adc2: shutdown FollowerState
2019-09-26 21:19:30,857 [da833d8d-e72a-4068-9560-4daa2d83adc2@group-5DCD0764729A:LeaderElection215] INFO  impl.RoleInfo (RoleInfo.java:updateAndGet(143)) - da833d8d-e72a-4068-9560-4daa2d83adc2: start LeaderState
2019-09-26 21:19:30,857 [1178c3ae-d0b4-4d44-b144-fe8504cc41ac@group-9FFC2239D22F:LeaderElection235] INFO  server.RaftServerConfigKeys (ConfUtils.java:logGet(43)) - raft.server.watch.element-limit = 65536 (default)
2019-09-26 21:19:31,349 [da833d8d-e72a-4068-9560-4daa2d83adc2@group-5DCD0764729A:LeaderElection215] INFO  segmented.SegmentedRaftLogWorker (SegmentedRaftLogWorker.java:startLogSegment(380)) - da833d8d-e72a-4068-9560-4daa2d83adc2@group-5DCD0764729A-SegmentedRaftLogWorker: Starting segment from index:0
2019-09-26 21:19:30,857 [1178c3ae-d0b4-4d44-b144-fe8504cc41ac@group-84CE257E3DC6:LeaderElection237] INFO  server.RaftServerConfigKeys (ConfUtils.java:logGet(43)) - raft.server.staging.catchup.gap = 1000 (default)
2019-09-26 21:19:30,637 [9ce0b59e-153f-4f41-8aed-492a76d80b48@group-BBE9186E4BB1:LeaderElection189] INFO  impl.RoleInfo (RoleInfo.java:updateAndGet(143)) - 9ce0b59e-153f-4f41-8aed-492a76d80b48: start LeaderState
2019-09-26 21:19:31,349 [da833d8d-e72a-4068-9560-4daa2d83adc2@group-5DCD0764729A:LeaderElection215] INFO  impl.RaftServerImpl (ServerState.java:setRaftConf(354)) - da833d8d-e72a-4068-9560-4daa2d83adc2@group-5DCD0764729A: set configuration 0: [da833d8d-e72a-4068-9560-4daa2d83adc2:192.168.151.99:38903], old=null at 0
2019-09-26 21:19:30,637 [da833d8d-e72a-4068-9560-4daa2d83adc2@group-80D4D31A8B20:LeaderElection207] INFO  impl.RaftServerImpl (ServerState.java:setRaftConf(354)) - da833d8d-e72a-4068-9560-4daa2d83adc2@group-80D4D31A8B20: set configuration 0: [da833d8d-e72a-4068-9560-4daa2d83adc2:192.168.151.99:38903], old=null at 0
2019-09-26 21:19:30,856 [9ce0b59e-153f-4f41-8aed-492a76d80b48@group-7AF436DBD9FF-SegmentedRaftLogWorker] ERROR segmented.SegmentedRaftLogWorker (SegmentedRaftLogWorker.java:run(323)) - 9ce0b59e-153f-4f41-8aed-492a76d80b48@group-7AF436DBD9FF-SegmentedRaftLogWorker hit exception
java.lang.OutOfMemoryError: Direct buffer memory
	at java.nio.Bits.reserveMemory(Bits.java:666)
	at java.nio.DirectByteBuffer.<init>(DirectByteBuffer.java:123)
	at java.nio.ByteBuffer.allocateDirect(ByteBuffer.java:311)
	at org.apache.ratis.server.raftlog.segmented.BufferedWriteChannel.<init>(BufferedWriteChannel.java:41)
	at org.apache.ratis.server.raftlog.segmented.SegmentedRaftLogOutputStream.<init>(SegmentedRaftLogOutputStream.java:72)
	at org.apache.ratis.server.raftlog.segmented.SegmentedRaftLogWorker$StartLogSegment.execute(SegmentedRaftLogWorker.java:566)
	at org.apache.ratis.server.raftlog.segmented.SegmentedRaftLogWorker.run(SegmentedRaftLogWorker.java:289)
	at java.lang.Thread.run(Thread.java:748)
2019-09-26 21:19:30,637 [9ce0b59e-153f-4f41-8aed-492a76d80b48@group-6C47FF3504AD:LeaderElection238] INFO  impl.RaftServerImpl (ServerState.java:setLeader(253)) - 9ce0b59e-153f-4f41-8aed-492a76d80b48@group-6C47FF3504AD: change Leader from null to 9ce0b59e-153f-4f41-8aed-492a76d80b48 at term 1 for becomeLeader, leader elected after 14785ms
2019-09-26 21:19:30,637 [9ce0b59e-153f-4f41-8aed-492a76d80b48@group-0FD1EA0A8F9D:LeaderElection196] INFO  impl.RoleInfo (RoleInfo.java:updateAndGet(143)) - 9ce0b59e-153f-4f41-8aed-492a76d80b48: start LeaderState
2019-09-26 21:19:30,636 [9ce0b59e-153f-4f41-8aed-492a76d80b48@group-BBEF4765CFAF:LeaderElection228] INFO  server.RaftServerConfigKeys (ConfUtils.java:logGet(43)) - raft.server.watch.timeout.denomination = 1s (default)
2019-09-26 21:19:31,622 [1178c3ae-d0b4-4d44-b144-fe8504cc41ac@group-9FFC2239D22F:LeaderElection235] INFO  impl.RoleInfo (RoleInfo.java:updateAndGet(143)) - 1178c3ae-d0b4-4d44-b144-fe8504cc41ac: start LeaderState
2019-09-26 21:19:30,636 [09112efe-1fad-4539-a04f-c96aef6d2351@group-A4789B464D44:LeaderElection236] INFO  server.RaftServerConfigKeys (ConfUtils.java:logGet(43)) - raft.server.write.element-limit = 4096 (default)
2019-09-26 21:19:30,414 [9ce0b59e-153f-4f41-8aed-492a76d80b48@group-2336121AAD70:LeaderElection188] INFO  impl.RoleInfo (RoleInfo.java:updateAndGet(143)) - 9ce0b59e-153f-4f41-8aed-492a76d80b48: start LeaderState
2019-09-26 21:19:30,414 [1178c3ae-d0b4-4d44-b144-fe8504cc41ac@group-4A70B7218118-SegmentedRaftLogWorker] INFO  impl.RoleInfo (RoleInfo.java:shutdownLeaderState(104)) - 1178c3ae-d0b4-4d44-b144-fe8504cc41ac: shutdown LeaderState
2019-09-26 21:19:30,414 [09112efe-1fad-4539-a04f-c96aef6d2351@group-3345E11CC80E:LeaderElection192] INFO  segmented.SegmentedRaftLogWorker (SegmentedRaftLogWorker.java:startLogSegment(380)) - 09112efe-1fad-4539-a04f-c96aef6d2351@group-3345E11CC80E-SegmentedRaftLogWorker: Starting segment from index:0
2019-09-26 21:19:30,414 [9ce0b59e-153f-4f41-8aed-492a76d80b48@group-0C8EC243BCC2:LeaderElection229] INFO  server.RaftServerConfigKeys (ConfUtils.java:logGet(43)) - raft.server.write.element-limit = 4096 (default)
2019-09-26 21:19:30,414 [09112efe-1fad-4539-a04f-c96aef6d2351@group-78E06D6978FF-SegmentedRaftLogWorker] INFO  util.JmxRegister (JmxRegister.java:unregister(73)) - Successfully un-registered JMX Bean with object name Ratis:service=RaftServer,group=group-78E06D6978FF,id=09112efe-1fad-4539-a04f-c96aef6d2351
2019-09-26 21:19:31,624 [09112efe-1fad-4539-a04f-c96aef6d2351@group-3345E11CC80E:LeaderElection192] INFO  impl.RaftServerImpl (ServerState.java:setRaftConf(354)) - 09112efe-1fad-4539-a04f-c96aef6d2351@group-3345E11CC80E: set configuration 0: [09112efe-1fad-4539-a04f-c96aef6d2351:192.168.151.99:45286], old=null at 0
2019-09-26 21:19:30,414 [1178c3ae-d0b4-4d44-b144-fe8504cc41ac@group-500F90204D11-SegmentedRaftLogWorker] INFO  impl.PendingRequests (PendingRequests.java:sendNotLeaderResponses(202)) - 1178c3ae-d0b4-4d44-b144-fe8504cc41ac-PendingRequests: sendNotLeaderResponses
2019-09-26 21:19:30,414 [pool-67-thread-1] INFO  server.RaftServerConfigKeys (ConfUtils.java:logGet(43)) - raft.server.log.force.sync.num = 128 (default)
2019-09-26 21:19:30,413 [1178c3ae-d0b4-4d44-b144-fe8504cc41ac@group-5D863DA9B74C-SegmentedRaftLogWorker] INFO  impl.StateMachineUpdater (StateMachineUpdater.java:stopAndJoin(125)) - 1178c3ae-d0b4-4d44-b144-fe8504cc41ac@group-5D863DA9B74C-StateMachineUpdater: set stopIndex = -1
2019-09-26 21:19:30,413 [9ce0b59e-153f-4f41-8aed-492a76d80b48@group-53B6FB8525AE:LeaderElection209] INFO  segmented.SegmentedRaftLogWorker (SegmentedRaftLogWorker.java:startLogSegment(380)) - 9ce0b59e-153f-4f41-8aed-492a76d80b48@group-53B6FB8525AE-SegmentedRaftLogWorker: Starting segment from index:0
2019-09-26 21:19:30,413 [1178c3ae-d0b4-4d44-b144-fe8504cc41ac@group-9BABA4CE95C3:LeaderElection187] INFO  impl.RoleInfo (RoleInfo.java:updateAndGet(143)) - 1178c3ae-d0b4-4d44-b144-fe8504cc41ac: start LeaderState
2019-09-26 21:19:30,413 [1178c3ae-d0b4-4d44-b144-fe8504cc41ac@group-CF9C7CE836F7-SegmentedRaftLogWorker] INFO  impl.RaftServerImpl (ServerState.java:close(385)) - 1178c3ae-d0b4-4d44-b144-fe8504cc41ac@group-CF9C7CE836F7: closes. applyIndex: -1
2019-09-26 21:19:30,413 [9ce0b59e-153f-4f41-8aed-492a76d80b48@group-4AD36DEDF59B:LeaderElection202] INFO  segmented.SegmentedRaftLogWorker (SegmentedRaftLogWorker.java:startLogSegment(380)) - 9ce0b59e-153f-4f41-8aed-492a76d80b48@group-4AD36DEDF59B-SegmentedRaftLogWorker: Starting segment from index:0
2019-09-26 21:19:30,413 [pool-37-thread-1] INFO  server.RaftServerConfigKeys (ConfUtils.java:logGet(43)) - raft.server.log.preallocated.size = 16384 (custom)
2019-09-26 21:19:32,095 [pool-37-thread-1] INFO  server.RaftServerConfigKeys (ConfUtils.java:logGet(43)) - raft.server.log.write.buffer.size = 33554432 (custom)
2019-09-26 21:19:30,412 [9ce0b59e-153f-4f41-8aed-492a76d80b48@group-1B503A35F909:LeaderElection212] INFO  segmented.SegmentedRaftLogWorker (SegmentedRaftLogWorker.java:startLogSegment(380)) - 9ce0b59e-153f-4f41-8aed-492a76d80b48@group-1B503A35F909-SegmentedRaftLogWorker: Starting segment from index:0
2019-09-26 21:19:30,412 [9ce0b59e-153f-4f41-8aed-492a76d80b48@group-A9F28D9A165E-SegmentedRaftLogWorker] INFO  segmented.SegmentedRaftLogWorker (SegmentedRaftLogWorker.java:close(228)) - 9ce0b59e-153f-4f41-8aed-492a76d80b48@group-A9F28D9A165E-SegmentedRaftLogWorker close()
2019-09-26 21:19:30,412 [09112efe-1fad-4539-a04f-c96aef6d2351@group-786B1197DED0:LeaderElection185] INFO  impl.RoleInfo (RoleInfo.java:updateAndGet(143)) - 09112efe-1fad-4539-a04f-c96aef6d2351: start LeaderState
2019-09-26 21:19:32,557 [9ce0b59e-153f-4f41-8aed-492a76d80b48@group-1B503A35F909:LeaderElection212] INFO  impl.RaftServerImpl (ServerState.java:setRaftConf(354)) - 9ce0b59e-153f-4f41-8aed-492a76d80b48@group-1B503A35F909: set configuration 0: [9ce0b59e-153f-4f41-8aed-492a76d80b48:192.168.151.99:34156], old=null at 0
2019-09-26 21:19:30,412 [da833d8d-e72a-4068-9560-4daa2d83adc2@group-27028318879A:LeaderElection231] INFO  server.RaftServerConfigKeys (ConfUtils.java:logGet(43)) - raft.server.rpc.sleep.time = 25ms (default)
2019-09-26 21:19:30,411 [da833d8d-e72a-4068-9560-4daa2d83adc2@group-009B25A2B20A:LeaderElection201] INFO  segmented.SegmentedRaftLogWorker (SegmentedRaftLogWorker.java:startLogSegment(380)) - da833d8d-e72a-4068-9560-4daa2d83adc2@group-009B25A2B20A-SegmentedRaftLogWorker: Starting segment from index:0
]]></system-out>
  </testcase>
  <testcase name="testDeleteNonEmptyDirRecursive" classname="org.apache.hadoop.fs.ozone.contract.ITestOzoneContractDelete" time="7.191">
    <error message="Allocated 0 blocks. Requested 1 blocks" type="INTERNAL_ERROR org.apache.hadoop.ozone.om.exceptions.OMException">INTERNAL_ERROR org.apache.hadoop.ozone.om.exceptions.OMException: Allocated 0 blocks. Requested 1 blocks
	at org.apache.hadoop.ozone.om.protocolPB.OzoneManagerProtocolClientSideTranslatorPB.handleError(OzoneManagerProtocolClientSideTranslatorPB.java:732)
	at org.apache.hadoop.ozone.om.protocolPB.OzoneManagerProtocolClientSideTranslatorPB.createFile(OzoneManagerProtocolClientSideTranslatorPB.java:1536)
	at sun.reflect.NativeMethodAccessorImpl.invoke0(Native Method)
	at sun.reflect.NativeMethodAccessorImpl.invoke(NativeMethodAccessorImpl.java:62)
	at sun.reflect.DelegatingMethodAccessorImpl.invoke(DelegatingMethodAccessorImpl.java:43)
	at java.lang.reflect.Method.invoke(Method.java:498)
	at org.apache.hadoop.hdds.tracing.TraceAllMethod.invoke(TraceAllMethod.java:66)
	at com.sun.proxy.$Proxy41.createFile(Unknown Source)
	at org.apache.hadoop.ozone.client.rpc.RpcClient.createFile(RpcClient.java:1006)
	at org.apache.hadoop.ozone.client.OzoneBucket.createFile(OzoneBucket.java:537)
	at org.apache.hadoop.fs.ozone.BasicOzoneClientAdapterImpl.createFile(BasicOzoneClientAdapterImpl.java:205)
	at org.apache.hadoop.fs.ozone.BasicOzoneFileSystem.createOutputStream(BasicOzoneFileSystem.java:250)
	at org.apache.hadoop.fs.ozone.BasicOzoneFileSystem.create(BasicOzoneFileSystem.java:231)
	at org.apache.hadoop.fs.FileSystem.create(FileSystem.java:1118)
	at org.apache.hadoop.fs.FileSystem.create(FileSystem.java:1098)
	at org.apache.hadoop.fs.FileSystem.create(FileSystem.java:987)
	at org.apache.hadoop.fs.contract.ContractTestUtils.createFile(ContractTestUtils.java:633)
	at org.apache.hadoop.fs.contract.ContractTestUtils.writeTextFile(ContractTestUtils.java:617)
	at org.apache.hadoop.fs.contract.AbstractContractDeleteTest.testDeleteNonEmptyDirRecursive(AbstractContractDeleteTest.java:92)
	at sun.reflect.NativeMethodAccessorImpl.invoke0(Native Method)
	at sun.reflect.NativeMethodAccessorImpl.invoke(NativeMethodAccessorImpl.java:62)
	at sun.reflect.DelegatingMethodAccessorImpl.invoke(DelegatingMethodAccessorImpl.java:43)
	at java.lang.reflect.Method.invoke(Method.java:498)
	at org.junit.runners.model.FrameworkMethod$1.runReflectiveCall(FrameworkMethod.java:47)
	at org.junit.internal.runners.model.ReflectiveCallable.run(ReflectiveCallable.java:12)
	at org.junit.runners.model.FrameworkMethod.invokeExplosively(FrameworkMethod.java:44)
	at org.junit.internal.runners.statements.InvokeMethod.evaluate(InvokeMethod.java:17)
	at org.junit.internal.runners.statements.RunBefores.evaluate(RunBefores.java:26)
	at org.junit.internal.runners.statements.RunAfters.evaluate(RunAfters.java:27)
	at org.junit.rules.TestWatcher$1.evaluate(TestWatcher.java:55)
	at org.junit.internal.runners.statements.FailOnTimeout$StatementThread.run(FailOnTimeout.java:74)
</error>
    <system-out><![CDATA[2019-09-26 21:19:30,407 [9ce0b59e-153f-4f41-8aed-492a76d80b48@group-89E64784085E-SegmentedRaftLogWorker] ERROR segmented.SegmentedRaftLogWorker (SegmentedRaftLogWorker.java:run(323)) - 9ce0b59e-153f-4f41-8aed-492a76d80b48@group-89E64784085E-SegmentedRaftLogWorker hit exception
java.lang.OutOfMemoryError: Direct buffer memory
	at java.nio.Bits.reserveMemory(Bits.java:666)
	at java.nio.DirectByteBuffer.<init>(DirectByteBuffer.java:123)
	at java.nio.ByteBuffer.allocateDirect(ByteBuffer.java:311)
	at org.apache.ratis.server.raftlog.segmented.BufferedWriteChannel.<init>(BufferedWriteChannel.java:41)
	at org.apache.ratis.server.raftlog.segmented.SegmentedRaftLogOutputStream.<init>(SegmentedRaftLogOutputStream.java:72)
	at org.apache.ratis.server.raftlog.segmented.SegmentedRaftLogWorker$StartLogSegment.execute(SegmentedRaftLogWorker.java:566)
	at org.apache.ratis.server.raftlog.segmented.SegmentedRaftLogWorker.run(SegmentedRaftLogWorker.java:289)
	at java.lang.Thread.run(Thread.java:748)
2019-09-26 21:19:32,561 [da833d8d-e72a-4068-9560-4daa2d83adc2@group-009B25A2B20A:LeaderElection201] INFO  impl.RaftServerImpl (ServerState.java:setRaftConf(354)) - da833d8d-e72a-4068-9560-4daa2d83adc2@group-009B25A2B20A: set configuration 0: [da833d8d-e72a-4068-9560-4daa2d83adc2:192.168.151.99:38903], old=null at 0
2019-09-26 21:19:29,956 [0c640f50-2bc9-49b6-b785-a27e3116e6ba@group-190F77E321AE:LeaderElection233] INFO  server.RaftServerConfigKeys (ConfUtils.java:logGet(43)) - raft.server.rpc.sleep.time = 25ms (default)
2019-09-26 21:19:29,956 [1178c3ae-d0b4-4d44-b144-fe8504cc41ac@group-775FCA086A09:LeaderElection195] INFO  impl.RoleInfo (RoleInfo.java:updateAndGet(143)) - 1178c3ae-d0b4-4d44-b144-fe8504cc41ac: start LeaderState
2019-09-26 21:19:29,956 [09112efe-1fad-4539-a04f-c96aef6d2351@group-A0E7B7EED9F9:LeaderElection234] INFO  server.RaftServerConfigKeys (ConfUtils.java:logGet(43)) - raft.server.staging.catchup.gap = 1000 (default)
2019-09-26 21:19:29,956 [9ce0b59e-153f-4f41-8aed-492a76d80b48@group-556BB265CEA3:LeaderElection205] INFO  impl.RaftServerImpl (ServerState.java:setRaftConf(354)) - 9ce0b59e-153f-4f41-8aed-492a76d80b48@group-556BB265CEA3: set configuration 0: [9ce0b59e-153f-4f41-8aed-492a76d80b48:192.168.151.99:34156], old=null at 0
2019-09-26 21:19:29,955 [09112efe-1fad-4539-a04f-c96aef6d2351@group-6CD702D63989:LeaderElection230] INFO  server.RaftServerConfigKeys (ConfUtils.java:logGet(43)) - raft.server.staging.catchup.gap = 1000 (default)
2019-09-26 21:19:29,948 [9ce0b59e-153f-4f41-8aed-492a76d80b48@group-C9D9502D9D87-SegmentedRaftLogWorker] ERROR segmented.SegmentedRaftLogWorker (SegmentedRaftLogWorker.java:run(323)) - 9ce0b59e-153f-4f41-8aed-492a76d80b48@group-C9D9502D9D87-SegmentedRaftLogWorker hit exception
java.lang.OutOfMemoryError: Direct buffer memory
	at java.nio.Bits.reserveMemory(Bits.java:666)
	at java.nio.DirectByteBuffer.<init>(DirectByteBuffer.java:123)
	at java.nio.ByteBuffer.allocateDirect(ByteBuffer.java:311)
	at org.apache.ratis.server.raftlog.segmented.BufferedWriteChannel.<init>(BufferedWriteChannel.java:41)
	at org.apache.ratis.server.raftlog.segmented.SegmentedRaftLogOutputStream.<init>(SegmentedRaftLogOutputStream.java:72)
	at org.apache.ratis.server.raftlog.segmented.SegmentedRaftLogWorker$StartLogSegment.execute(SegmentedRaftLogWorker.java:566)
	at org.apache.ratis.server.raftlog.segmented.SegmentedRaftLogWorker.run(SegmentedRaftLogWorker.java:289)
	at java.lang.Thread.run(Thread.java:748)
2019-09-26 21:19:29,433 [09112efe-1fad-4539-a04f-c96aef6d2351@group-A77325013DF5:LeaderElection183] INFO  impl.RaftServerImpl (ServerState.java:setRaftConf(354)) - 09112efe-1fad-4539-a04f-c96aef6d2351@group-A77325013DF5: set configuration 0: [09112efe-1fad-4539-a04f-c96aef6d2351:192.168.151.99:45286], old=null at 0
2019-09-26 21:19:29,433 [da833d8d-e72a-4068-9560-4daa2d83adc2@group-4FC7302DF2CA:LeaderElection232] INFO  server.RaftServerConfigKeys (ConfUtils.java:logGet(43)) - raft.server.rpc.sleep.time = 25ms (default)
2019-09-26 21:19:29,433 [9ce0b59e-153f-4f41-8aed-492a76d80b48@group-710F4F4B8A6C:LeaderElection213] INFO  segmented.SegmentedRaftLogWorker (SegmentedRaftLogWorker.java:startLogSegment(380)) - 9ce0b59e-153f-4f41-8aed-492a76d80b48@group-710F4F4B8A6C-SegmentedRaftLogWorker: Starting segment from index:0
2019-09-26 21:19:32,807 [da833d8d-e72a-4068-9560-4daa2d83adc2@group-4FC7302DF2CA:LeaderElection232] INFO  server.RaftServerConfigKeys (ConfUtils.java:logGet(43)) - raft.server.write.element-limit = 4096 (default)
2019-09-26 21:19:32,807 [9ce0b59e-153f-4f41-8aed-492a76d80b48@group-C9D9502D9D87-SegmentedRaftLogWorker] INFO  impl.RaftServerImpl (RaftServerImpl.java:lambda$shutdown$3(251)) - 9ce0b59e-153f-4f41-8aed-492a76d80b48@group-C9D9502D9D87: shutdown
2019-09-26 21:19:32,807 [09112efe-1fad-4539-a04f-c96aef6d2351@group-36B2132502C2-SegmentedRaftLogWorker] ERROR segmented.SegmentedRaftLogWorker (SegmentedRaftLogWorker.java:run(323)) - 09112efe-1fad-4539-a04f-c96aef6d2351@group-36B2132502C2-SegmentedRaftLogWorker hit exception
java.lang.OutOfMemoryError: Direct buffer memory
	at java.nio.Bits.reserveMemory(Bits.java:666)
	at java.nio.DirectByteBuffer.<init>(DirectByteBuffer.java:123)
	at java.nio.ByteBuffer.allocateDirect(ByteBuffer.java:311)
	at org.apache.ratis.server.raftlog.segmented.BufferedWriteChannel.<init>(BufferedWriteChannel.java:41)
	at org.apache.ratis.server.raftlog.segmented.SegmentedRaftLogOutputStream.<init>(SegmentedRaftLogOutputStream.java:72)
	at org.apache.ratis.server.raftlog.segmented.SegmentedRaftLogWorker$StartLogSegment.execute(SegmentedRaftLogWorker.java:566)
	at org.apache.ratis.server.raftlog.segmented.SegmentedRaftLogWorker.run(SegmentedRaftLogWorker.java:289)
	at java.lang.Thread.run(Thread.java:748)
2019-09-26 21:19:32,807 [09112efe-1fad-4539-a04f-c96aef6d2351@group-6CD702D63989:LeaderElection230] INFO  server.RaftServerConfigKeys (ConfUtils.java:logGet(43)) - raft.server.rpc.sleep.time = 25ms (default)
2019-09-26 21:19:32,806 [09112efe-1fad-4539-a04f-c96aef6d2351@group-A0E7B7EED9F9:LeaderElection234] INFO  server.RaftServerConfigKeys (ConfUtils.java:logGet(43)) - raft.server.rpc.sleep.time = 25ms (default)
2019-09-26 21:19:32,806 [1178c3ae-d0b4-4d44-b144-fe8504cc41ac@group-775FCA086A09:LeaderElection195] INFO  segmented.SegmentedRaftLogWorker (SegmentedRaftLogWorker.java:startLogSegment(380)) - 1178c3ae-d0b4-4d44-b144-fe8504cc41ac@group-775FCA086A09-SegmentedRaftLogWorker: Starting segment from index:0
2019-09-26 21:19:32,806 [0c640f50-2bc9-49b6-b785-a27e3116e6ba@group-190F77E321AE:LeaderElection233] INFO  server.RaftServerConfigKeys (ConfUtils.java:logGet(43)) - raft.server.write.element-limit = 4096 (default)
2019-09-26 21:19:32,805 [da833d8d-e72a-4068-9560-4daa2d83adc2@group-80D4D31A8B20-SegmentedRaftLogWorker] ERROR segmented.SegmentedRaftLogWorker (SegmentedRaftLogWorker.java:run(323)) - da833d8d-e72a-4068-9560-4daa2d83adc2@group-80D4D31A8B20-SegmentedRaftLogWorker hit exception
java.lang.OutOfMemoryError: Direct buffer memory
	at java.nio.Bits.reserveMemory(Bits.java:666)
	at java.nio.DirectByteBuffer.<init>(DirectByteBuffer.java:123)
	at java.nio.ByteBuffer.allocateDirect(ByteBuffer.java:311)
	at org.apache.ratis.server.raftlog.segmented.BufferedWriteChannel.<init>(BufferedWriteChannel.java:41)
	at org.apache.ratis.server.raftlog.segmented.SegmentedRaftLogOutputStream.<init>(SegmentedRaftLogOutputStream.java:72)
	at org.apache.ratis.server.raftlog.segmented.SegmentedRaftLogWorker$StartLogSegment.execute(SegmentedRaftLogWorker.java:566)
	at org.apache.ratis.server.raftlog.segmented.SegmentedRaftLogWorker.run(SegmentedRaftLogWorker.java:289)
	at java.lang.Thread.run(Thread.java:748)
2019-09-26 21:19:32,805 [da833d8d-e72a-4068-9560-4daa2d83adc2@group-BB2190CB963E-SegmentedRaftLogWorker] ERROR segmented.SegmentedRaftLogWorker (SegmentedRaftLogWorker.java:run(323)) - da833d8d-e72a-4068-9560-4daa2d83adc2@group-BB2190CB963E-SegmentedRaftLogWorker hit exception
java.lang.OutOfMemoryError: Direct buffer memory
	at java.nio.Bits.reserveMemory(Bits.java:666)
	at java.nio.DirectByteBuffer.<init>(DirectByteBuffer.java:123)
	at java.nio.ByteBuffer.allocateDirect(ByteBuffer.java:311)
	at org.apache.ratis.server.raftlog.segmented.BufferedWriteChannel.<init>(BufferedWriteChannel.java:41)
	at org.apache.ratis.server.raftlog.segmented.SegmentedRaftLogOutputStream.<init>(SegmentedRaftLogOutputStream.java:72)
	at org.apache.ratis.server.raftlog.segmented.SegmentedRaftLogWorker$StartLogSegment.execute(SegmentedRaftLogWorker.java:566)
	at org.apache.ratis.server.raftlog.segmented.SegmentedRaftLogWorker.run(SegmentedRaftLogWorker.java:289)
	at java.lang.Thread.run(Thread.java:748)
2019-09-26 21:19:33,280 [da833d8d-e72a-4068-9560-4daa2d83adc2@group-BB2190CB963E-SegmentedRaftLogWorker] INFO  impl.RaftServerImpl (RaftServerImpl.java:lambda$shutdown$3(251)) - da833d8d-e72a-4068-9560-4daa2d83adc2@group-BB2190CB963E: shutdown
2019-09-26 21:19:32,561 [9ce0b59e-153f-4f41-8aed-492a76d80b48@group-89E64784085E-SegmentedRaftLogWorker] INFO  impl.RaftServerImpl (RaftServerImpl.java:lambda$shutdown$3(251)) - 9ce0b59e-153f-4f41-8aed-492a76d80b48@group-89E64784085E: shutdown
2019-09-26 21:19:32,561 [da833d8d-e72a-4068-9560-4daa2d83adc2@group-27028318879A:LeaderElection231] INFO  server.RaftServerConfigKeys (ConfUtils.java:logGet(43)) - raft.server.write.element-limit = 4096 (default)
2019-09-26 21:19:32,557 [09112efe-1fad-4539-a04f-c96aef6d2351@group-786B1197DED0:LeaderElection185] INFO  segmented.SegmentedRaftLogWorker (SegmentedRaftLogWorker.java:startLogSegment(380)) - 09112efe-1fad-4539-a04f-c96aef6d2351@group-786B1197DED0-SegmentedRaftLogWorker: Starting segment from index:0
2019-09-26 21:19:32,318 [9ce0b59e-153f-4f41-8aed-492a76d80b48@group-2F3A14F08318-SegmentedRaftLogWorker] ERROR segmented.SegmentedRaftLogWorker (SegmentedRaftLogWorker.java:run(323)) - 9ce0b59e-153f-4f41-8aed-492a76d80b48@group-2F3A14F08318-SegmentedRaftLogWorker hit exception
java.lang.OutOfMemoryError: Direct buffer memory
	at java.nio.Bits.reserveMemory(Bits.java:666)
	at java.nio.DirectByteBuffer.<init>(DirectByteBuffer.java:123)
	at java.nio.ByteBuffer.allocateDirect(ByteBuffer.java:311)
	at org.apache.ratis.server.raftlog.segmented.BufferedWriteChannel.<init>(BufferedWriteChannel.java:41)
	at org.apache.ratis.server.raftlog.segmented.SegmentedRaftLogOutputStream.<init>(SegmentedRaftLogOutputStream.java:72)
	at org.apache.ratis.server.raftlog.segmented.SegmentedRaftLogWorker$StartLogSegment.execute(SegmentedRaftLogWorker.java:566)
	at org.apache.ratis.server.raftlog.segmented.SegmentedRaftLogWorker.run(SegmentedRaftLogWorker.java:289)
	at java.lang.Thread.run(Thread.java:748)
2019-09-26 21:19:32,095 [9ce0b59e-153f-4f41-8aed-492a76d80b48@group-4AD36DEDF59B:LeaderElection202] INFO  impl.RaftServerImpl (ServerState.java:setRaftConf(354)) - 9ce0b59e-153f-4f41-8aed-492a76d80b48@group-4AD36DEDF59B: set configuration 0: [9ce0b59e-153f-4f41-8aed-492a76d80b48:192.168.151.99:34156], old=null at 0
2019-09-26 21:19:32,095 [pool-37-thread-1] INFO  server.RaftServerConfigKeys (ConfUtils.java:logGet(43)) - raft.server.log.force.sync.num = 128 (default)
2019-09-26 21:19:32,095 [1178c3ae-d0b4-4d44-b144-fe8504cc41ac@group-CF9C7CE836F7-SegmentedRaftLogWorker] INFO  segmented.SegmentedRaftLogWorker (SegmentedRaftLogWorker.java:close(228)) - 1178c3ae-d0b4-4d44-b144-fe8504cc41ac@group-CF9C7CE836F7-SegmentedRaftLogWorker close()
2019-09-26 21:19:31,857 [1178c3ae-d0b4-4d44-b144-fe8504cc41ac@group-9BABA4CE95C3:LeaderElection187] INFO  segmented.SegmentedRaftLogWorker (SegmentedRaftLogWorker.java:startLogSegment(380)) - 1178c3ae-d0b4-4d44-b144-fe8504cc41ac@group-9BABA4CE95C3-SegmentedRaftLogWorker: Starting segment from index:0
2019-09-26 21:19:31,857 [9ce0b59e-153f-4f41-8aed-492a76d80b48@group-53B6FB8525AE:LeaderElection209] INFO  impl.RaftServerImpl (ServerState.java:setRaftConf(354)) - 9ce0b59e-153f-4f41-8aed-492a76d80b48@group-53B6FB8525AE: set configuration 0: [9ce0b59e-153f-4f41-8aed-492a76d80b48:192.168.151.99:34156], old=null at 0
2019-09-26 21:19:32,094 [09112efe-1fad-4539-a04f-c96aef6d2351@group-A77325013DF5-SegmentedRaftLogWorker] ERROR segmented.SegmentedRaftLogWorker (SegmentedRaftLogWorker.java:run(323)) - 09112efe-1fad-4539-a04f-c96aef6d2351@group-A77325013DF5-SegmentedRaftLogWorker hit exception
java.lang.OutOfMemoryError: Direct buffer memory
	at java.nio.Bits.reserveMemory(Bits.java:666)
	at java.nio.DirectByteBuffer.<init>(DirectByteBuffer.java:123)
	at java.nio.ByteBuffer.allocateDirect(ByteBuffer.java:311)
	at org.apache.ratis.server.raftlog.segmented.BufferedWriteChannel.<init>(BufferedWriteChannel.java:41)
	at org.apache.ratis.server.raftlog.segmented.SegmentedRaftLogOutputStream.<init>(SegmentedRaftLogOutputStream.java:72)
	at org.apache.ratis.server.raftlog.segmented.SegmentedRaftLogWorker$StartLogSegment.execute(SegmentedRaftLogWorker.java:566)
	at org.apache.ratis.server.raftlog.segmented.SegmentedRaftLogWorker.run(SegmentedRaftLogWorker.java:289)
	at java.lang.Thread.run(Thread.java:748)
2019-09-26 21:19:32,094 [9ce0b59e-153f-4f41-8aed-492a76d80b48@group-556BB265CEA3-SegmentedRaftLogWorker] ERROR segmented.SegmentedRaftLogWorker (SegmentedRaftLogWorker.java:run(323)) - 9ce0b59e-153f-4f41-8aed-492a76d80b48@group-556BB265CEA3-SegmentedRaftLogWorker hit exception
java.lang.OutOfMemoryError: Direct buffer memory
	at java.nio.Bits.reserveMemory(Bits.java:666)
	at java.nio.DirectByteBuffer.<init>(DirectByteBuffer.java:123)
	at java.nio.ByteBuffer.allocateDirect(ByteBuffer.java:311)
	at org.apache.ratis.server.raftlog.segmented.BufferedWriteChannel.<init>(BufferedWriteChannel.java:41)
	at org.apache.ratis.server.raftlog.segmented.SegmentedRaftLogOutputStream.<init>(SegmentedRaftLogOutputStream.java:72)
	at org.apache.ratis.server.raftlog.segmented.SegmentedRaftLogWorker$StartLogSegment.execute(SegmentedRaftLogWorker.java:566)
	at org.apache.ratis.server.raftlog.segmented.SegmentedRaftLogWorker.run(SegmentedRaftLogWorker.java:289)
	at java.lang.Thread.run(Thread.java:748)
2019-09-26 21:19:33,765 [9ce0b59e-153f-4f41-8aed-492a76d80b48@group-556BB265CEA3-SegmentedRaftLogWorker] INFO  impl.RaftServerImpl (RaftServerImpl.java:lambda$shutdown$3(251)) - 9ce0b59e-153f-4f41-8aed-492a76d80b48@group-556BB265CEA3: shutdown
2019-09-26 21:19:31,857 [1178c3ae-d0b4-4d44-b144-fe8504cc41ac@group-5D863DA9B74C-SegmentedRaftLogWorker] INFO  impl.RaftServerImpl (ServerState.java:close(385)) - 1178c3ae-d0b4-4d44-b144-fe8504cc41ac@group-5D863DA9B74C: closes. applyIndex: -1
2019-09-26 21:19:31,856 [pool-67-thread-1] INFO  server.RaftServerConfigKeys (ConfUtils.java:logGet(43)) - raft.server.log.statemachine.data.sync = true (default)
2019-09-26 21:19:31,856 [1178c3ae-d0b4-4d44-b144-fe8504cc41ac@group-500F90204D11-SegmentedRaftLogWorker] INFO  impl.StateMachineUpdater (StateMachineUpdater.java:stopAndJoin(125)) - 1178c3ae-d0b4-4d44-b144-fe8504cc41ac@group-500F90204D11-StateMachineUpdater: set stopIndex = -1
2019-09-26 21:19:33,768 [1178c3ae-d0b4-4d44-b144-fe8504cc41ac@group-500F90204D11-SegmentedRaftLogWorker] INFO  impl.RaftServerImpl (ServerState.java:close(385)) - 1178c3ae-d0b4-4d44-b144-fe8504cc41ac@group-500F90204D11: closes. applyIndex: -1
2019-09-26 21:19:31,624 [09112efe-1fad-4539-a04f-c96aef6d2351@group-78E06D6978FF-SegmentedRaftLogWorker] INFO  impl.RoleInfo (RoleInfo.java:shutdownLeaderState(104)) - 09112efe-1fad-4539-a04f-c96aef6d2351: shutdown LeaderState
2019-09-26 21:19:31,623 [9ce0b59e-153f-4f41-8aed-492a76d80b48@group-0C8EC243BCC2:LeaderElection229] INFO  server.RaftServerConfigKeys (ConfUtils.java:logGet(43)) - raft.server.watch.timeout = 10s (default)
2019-09-26 21:19:31,623 [1178c3ae-d0b4-4d44-b144-fe8504cc41ac@group-4A70B7218118-SegmentedRaftLogWorker] INFO  impl.PendingRequests (PendingRequests.java:sendNotLeaderResponses(202)) - 1178c3ae-d0b4-4d44-b144-fe8504cc41ac-PendingRequests: sendNotLeaderResponses
2019-09-26 21:19:31,623 [9ce0b59e-153f-4f41-8aed-492a76d80b48@group-2336121AAD70:LeaderElection188] INFO  segmented.SegmentedRaftLogWorker (SegmentedRaftLogWorker.java:startLogSegment(380)) - 9ce0b59e-153f-4f41-8aed-492a76d80b48@group-2336121AAD70-SegmentedRaftLogWorker: Starting segment from index:0
2019-09-26 21:19:31,623 [09112efe-1fad-4539-a04f-c96aef6d2351@group-A4789B464D44:LeaderElection236] INFO  server.RaftServerConfigKeys (ConfUtils.java:logGet(43)) - raft.server.watch.timeout = 10s (default)
2019-09-26 21:19:31,622 [1178c3ae-d0b4-4d44-b144-fe8504cc41ac@group-9FFC2239D22F:LeaderElection235] INFO  segmented.SegmentedRaftLogWorker (SegmentedRaftLogWorker.java:startLogSegment(380)) - 1178c3ae-d0b4-4d44-b144-fe8504cc41ac@group-9FFC2239D22F-SegmentedRaftLogWorker: Starting segment from index:0
2019-09-26 21:19:33,770 [9ce0b59e-153f-4f41-8aed-492a76d80b48@group-2336121AAD70:LeaderElection188] INFO  impl.RaftServerImpl (ServerState.java:setRaftConf(354)) - 9ce0b59e-153f-4f41-8aed-492a76d80b48@group-2336121AAD70: set configuration 0: [9ce0b59e-153f-4f41-8aed-492a76d80b48:192.168.151.99:34156], old=null at 0
2019-09-26 21:19:31,622 [9ce0b59e-153f-4f41-8aed-492a76d80b48@group-BBEF4765CFAF:LeaderElection228] INFO  server.RaftServerConfigKeys (ConfUtils.java:logGet(43)) - raft.server.watch.element-limit = 65536 (default)
2019-09-26 21:19:31,622 [9ce0b59e-153f-4f41-8aed-492a76d80b48@group-0FD1EA0A8F9D:LeaderElection196] INFO  segmented.SegmentedRaftLogWorker (SegmentedRaftLogWorker.java:startLogSegment(380)) - 9ce0b59e-153f-4f41-8aed-492a76d80b48@group-0FD1EA0A8F9D-SegmentedRaftLogWorker: Starting segment from index:0
2019-09-26 21:19:31,622 [9ce0b59e-153f-4f41-8aed-492a76d80b48@group-6C47FF3504AD:LeaderElection238] INFO  server.RaftServerConfigKeys (ConfUtils.java:logGet(43)) - raft.server.staging.catchup.gap = 1000 (default)
2019-09-26 21:19:31,622 [9ce0b59e-153f-4f41-8aed-492a76d80b48@group-7AF436DBD9FF-SegmentedRaftLogWorker] INFO  impl.RaftServerImpl (RaftServerImpl.java:lambda$shutdown$3(251)) - 9ce0b59e-153f-4f41-8aed-492a76d80b48@group-7AF436DBD9FF: shutdown
2019-09-26 21:19:31,620 [9ce0b59e-153f-4f41-8aed-492a76d80b48@group-6E6C68F22454-SegmentedRaftLogWorker] ERROR segmented.SegmentedRaftLogWorker (SegmentedRaftLogWorker.java:run(323)) - 9ce0b59e-153f-4f41-8aed-492a76d80b48@group-6E6C68F22454-SegmentedRaftLogWorker hit exception
java.lang.OutOfMemoryError: Direct buffer memory
	at java.nio.Bits.reserveMemory(Bits.java:666)
	at java.nio.DirectByteBuffer.<init>(DirectByteBuffer.java:123)
	at java.nio.ByteBuffer.allocateDirect(ByteBuffer.java:311)
	at org.apache.ratis.server.raftlog.segmented.BufferedWriteChannel.<init>(BufferedWriteChannel.java:41)
	at org.apache.ratis.server.raftlog.segmented.SegmentedRaftLogOutputStream.<init>(SegmentedRaftLogOutputStream.java:72)
	at org.apache.ratis.server.raftlog.segmented.SegmentedRaftLogWorker$StartLogSegment.execute(SegmentedRaftLogWorker.java:566)
	at org.apache.ratis.server.raftlog.segmented.SegmentedRaftLogWorker.run(SegmentedRaftLogWorker.java:289)
	at java.lang.Thread.run(Thread.java:748)
2019-09-26 21:19:31,609 [1178c3ae-d0b4-4d44-b144-fe8504cc41ac@group-E8E6DAF52BD9-SegmentedRaftLogWorker] ERROR segmented.SegmentedRaftLogWorker (SegmentedRaftLogWorker.java:run(323)) - 1178c3ae-d0b4-4d44-b144-fe8504cc41ac@group-E8E6DAF52BD9-SegmentedRaftLogWorker hit exception
java.lang.OutOfMemoryError: Direct buffer memory
	at java.nio.Bits.reserveMemory(Bits.java:666)
	at java.nio.DirectByteBuffer.<init>(DirectByteBuffer.java:123)
	at java.nio.ByteBuffer.allocateDirect(ByteBuffer.java:311)
	at org.apache.ratis.server.raftlog.segmented.BufferedWriteChannel.<init>(BufferedWriteChannel.java:41)
	at org.apache.ratis.server.raftlog.segmented.SegmentedRaftLogOutputStream.<init>(SegmentedRaftLogOutputStream.java:72)
	at org.apache.ratis.server.raftlog.segmented.SegmentedRaftLogWorker$StartLogSegment.execute(SegmentedRaftLogWorker.java:566)
	at org.apache.ratis.server.raftlog.segmented.SegmentedRaftLogWorker.run(SegmentedRaftLogWorker.java:289)
	at java.lang.Thread.run(Thread.java:748)
2019-09-26 21:19:34,484 [1178c3ae-d0b4-4d44-b144-fe8504cc41ac@group-E8E6DAF52BD9-SegmentedRaftLogWorker] INFO  impl.RaftServerImpl (RaftServerImpl.java:lambda$shutdown$3(251)) - 1178c3ae-d0b4-4d44-b144-fe8504cc41ac@group-E8E6DAF52BD9: shutdown
2019-09-26 21:19:31,609 [1178c3ae-d0b4-4d44-b144-fe8504cc41ac@group-6F0B28853612-SegmentedRaftLogWorker] ERROR segmented.SegmentedRaftLogWorker (SegmentedRaftLogWorker.java:run(323)) - 1178c3ae-d0b4-4d44-b144-fe8504cc41ac@group-6F0B28853612-SegmentedRaftLogWorker hit exception
java.lang.OutOfMemoryError: Direct buffer memory
	at java.nio.Bits.reserveMemory(Bits.java:666)
	at java.nio.DirectByteBuffer.<init>(DirectByteBuffer.java:123)
	at java.nio.ByteBuffer.allocateDirect(ByteBuffer.java:311)
	at org.apache.ratis.server.raftlog.segmented.BufferedWriteChannel.<init>(BufferedWriteChannel.java:41)
	at org.apache.ratis.server.raftlog.segmented.SegmentedRaftLogOutputStream.<init>(SegmentedRaftLogOutputStream.java:72)
	at org.apache.ratis.server.raftlog.segmented.SegmentedRaftLogWorker$StartLogSegment.execute(SegmentedRaftLogWorker.java:566)
	at org.apache.ratis.server.raftlog.segmented.SegmentedRaftLogWorker.run(SegmentedRaftLogWorker.java:289)
	at java.lang.Thread.run(Thread.java:748)
2019-09-26 21:19:34,484 [1178c3ae-d0b4-4d44-b144-fe8504cc41ac@group-6F0B28853612-SegmentedRaftLogWorker] INFO  impl.RaftServerImpl (RaftServerImpl.java:lambda$shutdown$3(251)) - 1178c3ae-d0b4-4d44-b144-fe8504cc41ac@group-6F0B28853612: shutdown
2019-09-26 21:19:31,349 [9ce0b59e-153f-4f41-8aed-492a76d80b48@group-BBE9186E4BB1:LeaderElection189] INFO  segmented.SegmentedRaftLogWorker (SegmentedRaftLogWorker.java:startLogSegment(380)) - 9ce0b59e-153f-4f41-8aed-492a76d80b48@group-BBE9186E4BB1-SegmentedRaftLogWorker: Starting segment from index:0
2019-09-26 21:19:31,349 [1178c3ae-d0b4-4d44-b144-fe8504cc41ac@group-84CE257E3DC6:LeaderElection237] INFO  server.RaftServerConfigKeys (ConfUtils.java:logGet(43)) - raft.server.rpc.sleep.time = 25ms (default)
2019-09-26 21:19:31,348 [Thread-1415] INFO  impl.RaftServerImpl (RaftServerImpl.java:setRole(174)) - da833d8d-e72a-4068-9560-4daa2d83adc2@group-255437930481: changes role from  FOLLOWER to CANDIDATE at term 2 for changeToCandidate
2019-09-26 21:19:31,348 [Thread-1414] INFO  impl.RoleInfo (RoleInfo.java:shutdownFollowerState(121)) - 0c640f50-2bc9-49b6-b785-a27e3116e6ba: shutdown FollowerState
2019-09-26 21:19:31,348 [Thread-1413] INFO  impl.RaftServerImpl (RaftServerImpl.java:setRole(174)) - 9ce0b59e-153f-4f41-8aed-492a76d80b48@group-255437930481: changes role from  FOLLOWER to CANDIDATE at term 2 for changeToCandidate
2019-09-26 21:19:31,348 [9ce0b59e-153f-4f41-8aed-492a76d80b48@group-00776E898AAB-SegmentedRaftLogWorker] INFO  impl.RaftServerImpl (RaftServerImpl.java:lambda$shutdown$3(251)) - 9ce0b59e-153f-4f41-8aed-492a76d80b48@group-00776E898AAB: shutdown
2019-09-26 21:19:31,348 [pool-57-thread-1] INFO  impl.RaftServerImpl (RaftServerImpl.java:start(185)) - 0c640f50-2bc9-49b6-b785-a27e3116e6ba@group-6B7477E54974: start as a follower, conf=-1: [0c640f50-2bc9-49b6-b785-a27e3116e6ba:192.168.151.99:42361, da833d8d-e72a-4068-9560-4daa2d83adc2:192.168.151.99:38903, 1178c3ae-d0b4-4d44-b144-fe8504cc41ac:192.168.151.99:33787], old=null
2019-09-26 21:19:31,348 [1178c3ae-d0b4-4d44-b144-fe8504cc41ac@group-449BE572DC99:LeaderElection190] INFO  impl.RoleInfo (RoleInfo.java:updateAndGet(143)) - 1178c3ae-d0b4-4d44-b144-fe8504cc41ac: start LeaderState
2019-09-26 21:19:31,348 [9ce0b59e-153f-4f41-8aed-492a76d80b48@group-F676E590A49D:LeaderElection186] INFO  impl.RoleInfo (RoleInfo.java:updateAndGet(143)) - 9ce0b59e-153f-4f41-8aed-492a76d80b48: start LeaderState
2019-09-26 21:19:34,486 [1178c3ae-d0b4-4d44-b144-fe8504cc41ac@group-449BE572DC99:LeaderElection190] INFO  segmented.SegmentedRaftLogWorker (SegmentedRaftLogWorker.java:startLogSegment(380)) - 1178c3ae-d0b4-4d44-b144-fe8504cc41ac@group-449BE572DC99-SegmentedRaftLogWorker: Starting segment from index:0
2019-09-26 21:19:31,347 [09112efe-1fad-4539-a04f-c96aef6d2351@group-11EBA2FC1B7A-SegmentedRaftLogWorker] INFO  impl.RaftServerImpl (RaftServerImpl.java:lambda$shutdown$3(251)) - 09112efe-1fad-4539-a04f-c96aef6d2351@group-11EBA2FC1B7A: shutdown
2019-09-26 21:19:31,347 [09112efe-1fad-4539-a04f-c96aef6d2351@group-8808E0E383FD:LeaderElection216] INFO  impl.RoleInfo (RoleInfo.java:updateAndGet(143)) - 09112efe-1fad-4539-a04f-c96aef6d2351: start LeaderState
2019-09-26 21:19:31,347 [1178c3ae-d0b4-4d44-b144-fe8504cc41ac@group-C4ECAA6EBF50:LeaderElection198] INFO  impl.RoleInfo (RoleInfo.java:updateAndGet(143)) - 1178c3ae-d0b4-4d44-b144-fe8504cc41ac: start LeaderState
2019-09-26 21:19:31,347 [da833d8d-e72a-4068-9560-4daa2d83adc2@group-2250387AFD51:LeaderElection217] INFO  segmented.SegmentedRaftLogWorker (SegmentedRaftLogWorker.java:startLogSegment(380)) - da833d8d-e72a-4068-9560-4daa2d83adc2@group-2250387AFD51-SegmentedRaftLogWorker: Starting segment from index:0
2019-09-26 21:19:31,347 [1178c3ae-d0b4-4d44-b144-fe8504cc41ac@group-87E66A5F5023:LeaderElection218] INFO  impl.RoleInfo (RoleInfo.java:updateAndGet(143)) - 1178c3ae-d0b4-4d44-b144-fe8504cc41ac: start LeaderState
2019-09-26 21:19:31,347 [0c640f50-2bc9-49b6-b785-a27e3116e6ba@group-EA44501B296B:LeaderElection239] INFO  server.RaftServerConfigKeys (ConfUtils.java:logGet(43)) - raft.server.rpc.sleep.time = 25ms (default)
2019-09-26 21:19:31,102 [1178c3ae-d0b4-4d44-b144-fe8504cc41ac@group-51A2D4D8C13B:LeaderElection203] INFO  impl.RoleInfo (RoleInfo.java:updateAndGet(143)) - 1178c3ae-d0b4-4d44-b144-fe8504cc41ac: start LeaderState
2019-09-26 21:19:31,102 [pool-27-thread-1] INFO  server.RaftServerConfigKeys (ConfUtils.java:logGet(43)) - raft.server.log.preallocated.size = 16384 (custom)
2019-09-26 21:19:31,101 [0c640f50-2bc9-49b6-b785-a27e3116e6ba@group-2260AD7B7718:LeaderElection214] INFO  segmented.SegmentedRaftLogWorker (SegmentedRaftLogWorker.java:startLogSegment(380)) - 0c640f50-2bc9-49b6-b785-a27e3116e6ba@group-2260AD7B7718-SegmentedRaftLogWorker: Starting segment from index:0
2019-09-26 21:19:34,488 [pool-27-thread-1] INFO  server.RaftServerConfigKeys (ConfUtils.java:logGet(43)) - raft.server.log.write.buffer.size = 33554432 (custom)
2019-09-26 21:19:34,488 [1178c3ae-d0b4-4d44-b144-fe8504cc41ac@group-51A2D4D8C13B:LeaderElection203] INFO  segmented.SegmentedRaftLogWorker (SegmentedRaftLogWorker.java:startLogSegment(380)) - 1178c3ae-d0b4-4d44-b144-fe8504cc41ac@group-51A2D4D8C13B-SegmentedRaftLogWorker: Starting segment from index:0
2019-09-26 21:19:34,488 [1178c3ae-d0b4-4d44-b144-fe8504cc41ac@group-87E66A5F5023:LeaderElection218] INFO  segmented.SegmentedRaftLogWorker (SegmentedRaftLogWorker.java:startLogSegment(380)) - 1178c3ae-d0b4-4d44-b144-fe8504cc41ac@group-87E66A5F5023-SegmentedRaftLogWorker: Starting segment from index:0
2019-09-26 21:19:34,487 [1178c3ae-d0b4-4d44-b144-fe8504cc41ac@group-C4ECAA6EBF50:LeaderElection198] INFO  segmented.SegmentedRaftLogWorker (SegmentedRaftLogWorker.java:startLogSegment(380)) - 1178c3ae-d0b4-4d44-b144-fe8504cc41ac@group-C4ECAA6EBF50-SegmentedRaftLogWorker: Starting segment from index:0
2019-09-26 21:19:34,487 [09112efe-1fad-4539-a04f-c96aef6d2351@group-8808E0E383FD:LeaderElection216] INFO  segmented.SegmentedRaftLogWorker (SegmentedRaftLogWorker.java:startLogSegment(380)) - 09112efe-1fad-4539-a04f-c96aef6d2351@group-8808E0E383FD-SegmentedRaftLogWorker: Starting segment from index:0
2019-09-26 21:19:34,487 [09112efe-1fad-4539-a04f-c96aef6d2351@group-11EBA2FC1B7A-SegmentedRaftLogWorker] INFO  util.JmxRegister (JmxRegister.java:unregister(73)) - Successfully un-registered JMX Bean with object name Ratis:service=RaftServer,group=group-11EBA2FC1B7A,id=09112efe-1fad-4539-a04f-c96aef6d2351
2019-09-26 21:19:34,490 [09112efe-1fad-4539-a04f-c96aef6d2351@group-11EBA2FC1B7A-SegmentedRaftLogWorker] INFO  impl.RoleInfo (RoleInfo.java:shutdownLeaderState(104)) - 09112efe-1fad-4539-a04f-c96aef6d2351: shutdown LeaderState
2019-09-26 21:19:34,486 [9ce0b59e-153f-4f41-8aed-492a76d80b48@group-F676E590A49D:LeaderElection186] INFO  segmented.SegmentedRaftLogWorker (SegmentedRaftLogWorker.java:startLogSegment(380)) - 9ce0b59e-153f-4f41-8aed-492a76d80b48@group-F676E590A49D-SegmentedRaftLogWorker: Starting segment from index:0
2019-09-26 21:19:34,486 [pool-57-thread-1] INFO  impl.RaftServerImpl (RaftServerImpl.java:setRole(174)) - 0c640f50-2bc9-49b6-b785-a27e3116e6ba@group-6B7477E54974: changes role from      null to FOLLOWER at term 0 for startAsFollower
2019-09-26 21:19:34,486 [9ce0b59e-153f-4f41-8aed-492a76d80b48@group-00776E898AAB-SegmentedRaftLogWorker] INFO  util.JmxRegister (JmxRegister.java:unregister(73)) - Successfully un-registered JMX Bean with object name Ratis:service=RaftServer,group=group-00776E898AAB,id=9ce0b59e-153f-4f41-8aed-492a76d80b48
2019-09-26 21:19:34,490 [9ce0b59e-153f-4f41-8aed-492a76d80b48@group-00776E898AAB-SegmentedRaftLogWorker] INFO  impl.RoleInfo (RoleInfo.java:shutdownLeaderState(104)) - 9ce0b59e-153f-4f41-8aed-492a76d80b48: shutdown LeaderState
2019-09-26 21:19:34,485 [Thread-1414] INFO  impl.RaftServerImpl (RaftServerImpl.java:setRole(174)) - 0c640f50-2bc9-49b6-b785-a27e3116e6ba@group-255437930481: changes role from  FOLLOWER to CANDIDATE at term 2 for changeToCandidate
2019-09-26 21:19:34,484 [1178c3ae-d0b4-4d44-b144-fe8504cc41ac@group-6F0B28853612-SegmentedRaftLogWorker] INFO  util.JmxRegister (JmxRegister.java:unregister(73)) - Successfully un-registered JMX Bean with object name Ratis:service=RaftServer,group=group-6F0B28853612,id=1178c3ae-d0b4-4d44-b144-fe8504cc41ac
2019-09-26 21:19:34,491 [1178c3ae-d0b4-4d44-b144-fe8504cc41ac@group-6F0B28853612-SegmentedRaftLogWorker] INFO  impl.RoleInfo (RoleInfo.java:shutdownLeaderState(104)) - 1178c3ae-d0b4-4d44-b144-fe8504cc41ac: shutdown LeaderState
2019-09-26 21:19:34,484 [1178c3ae-d0b4-4d44-b144-fe8504cc41ac@group-E8E6DAF52BD9-SegmentedRaftLogWorker] INFO  util.JmxRegister (JmxRegister.java:unregister(73)) - Successfully un-registered JMX Bean with object name Ratis:service=RaftServer,group=group-E8E6DAF52BD9,id=1178c3ae-d0b4-4d44-b144-fe8504cc41ac
2019-09-26 21:19:34,479 [9ce0b59e-153f-4f41-8aed-492a76d80b48@group-6E6C68F22454-SegmentedRaftLogWorker] INFO  impl.RaftServerImpl (RaftServerImpl.java:lambda$shutdown$3(251)) - 9ce0b59e-153f-4f41-8aed-492a76d80b48@group-6E6C68F22454: shutdown
2019-09-26 21:19:34,479 [da833d8d-e72a-4068-9560-4daa2d83adc2@group-009B25A2B20A-SegmentedRaftLogWorker] ERROR segmented.SegmentedRaftLogWorker (SegmentedRaftLogWorker.java:run(323)) - da833d8d-e72a-4068-9560-4daa2d83adc2@group-009B25A2B20A-SegmentedRaftLogWorker hit exception
java.lang.OutOfMemoryError: Direct buffer memory
	at java.nio.Bits.reserveMemory(Bits.java:666)
	at java.nio.DirectByteBuffer.<init>(DirectByteBuffer.java:123)
	at java.nio.ByteBuffer.allocateDirect(ByteBuffer.java:311)
	at org.apache.ratis.server.raftlog.segmented.BufferedWriteChannel.<init>(BufferedWriteChannel.java:41)
	at org.apache.ratis.server.raftlog.segmented.SegmentedRaftLogOutputStream.<init>(SegmentedRaftLogOutputStream.java:72)
	at org.apache.ratis.server.raftlog.segmented.SegmentedRaftLogWorker$StartLogSegment.execute(SegmentedRaftLogWorker.java:566)
	at org.apache.ratis.server.raftlog.segmented.SegmentedRaftLogWorker.run(SegmentedRaftLogWorker.java:289)
	at java.lang.Thread.run(Thread.java:748)
2019-09-26 21:19:34,492 [da833d8d-e72a-4068-9560-4daa2d83adc2@group-009B25A2B20A-SegmentedRaftLogWorker] INFO  impl.RaftServerImpl (RaftServerImpl.java:lambda$shutdown$3(251)) - da833d8d-e72a-4068-9560-4daa2d83adc2@group-009B25A2B20A: shutdown
2019-09-26 21:19:34,244 [9ce0b59e-153f-4f41-8aed-492a76d80b48@group-7AF436DBD9FF-SegmentedRaftLogWorker] INFO  util.JmxRegister (JmxRegister.java:unregister(73)) - Successfully un-registered JMX Bean with object name Ratis:service=RaftServer,group=group-7AF436DBD9FF,id=9ce0b59e-153f-4f41-8aed-492a76d80b48
2019-09-26 21:19:34,492 [9ce0b59e-153f-4f41-8aed-492a76d80b48@group-7AF436DBD9FF-SegmentedRaftLogWorker] INFO  impl.RoleInfo (RoleInfo.java:shutdownLeaderState(104)) - 9ce0b59e-153f-4f41-8aed-492a76d80b48: shutdown LeaderState
2019-09-26 21:19:34,244 [9ce0b59e-153f-4f41-8aed-492a76d80b48@group-0FD1EA0A8F9D:LeaderElection196] INFO  impl.RaftServerImpl (ServerState.java:setRaftConf(354)) - 9ce0b59e-153f-4f41-8aed-492a76d80b48@group-0FD1EA0A8F9D: set configuration 0: [9ce0b59e-153f-4f41-8aed-492a76d80b48:192.168.151.99:34156], old=null at 0
2019-09-26 21:19:34,244 [9ce0b59e-153f-4f41-8aed-492a76d80b48@group-6C47FF3504AD:LeaderElection238] INFO  server.RaftServerConfigKeys (ConfUtils.java:logGet(43)) - raft.server.rpc.sleep.time = 25ms (default)
2019-09-26 21:19:34,243 [1178c3ae-d0b4-4d44-b144-fe8504cc41ac@group-9FFC2239D22F:LeaderElection235] INFO  impl.RaftServerImpl (ServerState.java:setRaftConf(354)) - 1178c3ae-d0b4-4d44-b144-fe8504cc41ac@group-9FFC2239D22F: set configuration 0: [1178c3ae-d0b4-4d44-b144-fe8504cc41ac:192.168.151.99:33787], old=null at 0
2019-09-26 21:19:34,243 [9ce0b59e-153f-4f41-8aed-492a76d80b48@group-4AD36DEDF59B-SegmentedRaftLogWorker] ERROR segmented.SegmentedRaftLogWorker (SegmentedRaftLogWorker.java:run(323)) - 9ce0b59e-153f-4f41-8aed-492a76d80b48@group-4AD36DEDF59B-SegmentedRaftLogWorker hit exception
java.lang.OutOfMemoryError: Direct buffer memory
	at java.nio.Bits.reserveMemory(Bits.java:666)
	at java.nio.DirectByteBuffer.<init>(DirectByteBuffer.java:123)
	at java.nio.ByteBuffer.allocateDirect(ByteBuffer.java:311)
	at org.apache.ratis.server.raftlog.segmented.BufferedWriteChannel.<init>(BufferedWriteChannel.java:41)
	at org.apache.ratis.server.raftlog.segmented.SegmentedRaftLogOutputStream.<init>(SegmentedRaftLogOutputStream.java:72)
	at org.apache.ratis.server.raftlog.segmented.SegmentedRaftLogWorker$StartLogSegment.execute(SegmentedRaftLogWorker.java:566)
	at org.apache.ratis.server.raftlog.segmented.SegmentedRaftLogWorker.run(SegmentedRaftLogWorker.java:289)
	at java.lang.Thread.run(Thread.java:748)
2019-09-26 21:19:34,243 [9ce0b59e-153f-4f41-8aed-492a76d80b48@group-1B503A35F909-SegmentedRaftLogWorker] ERROR segmented.SegmentedRaftLogWorker (SegmentedRaftLogWorker.java:run(323)) - 9ce0b59e-153f-4f41-8aed-492a76d80b48@group-1B503A35F909-SegmentedRaftLogWorker hit exception
java.lang.OutOfMemoryError: Direct buffer memory
	at java.nio.Bits.reserveMemory(Bits.java:666)
	at java.nio.DirectByteBuffer.<init>(DirectByteBuffer.java:123)
	at java.nio.ByteBuffer.allocateDirect(ByteBuffer.java:311)
	at org.apache.ratis.server.raftlog.segmented.BufferedWriteChannel.<init>(BufferedWriteChannel.java:41)
	at org.apache.ratis.server.raftlog.segmented.SegmentedRaftLogOutputStream.<init>(SegmentedRaftLogOutputStream.java:72)
	at org.apache.ratis.server.raftlog.segmented.SegmentedRaftLogWorker$StartLogSegment.execute(SegmentedRaftLogWorker.java:566)
	at org.apache.ratis.server.raftlog.segmented.SegmentedRaftLogWorker.run(SegmentedRaftLogWorker.java:289)
	at java.lang.Thread.run(Thread.java:748)
2019-09-26 21:19:34,493 [9ce0b59e-153f-4f41-8aed-492a76d80b48@group-1B503A35F909-SegmentedRaftLogWorker] INFO  impl.RaftServerImpl (RaftServerImpl.java:lambda$shutdown$3(251)) - 9ce0b59e-153f-4f41-8aed-492a76d80b48@group-1B503A35F909: shutdown
2019-09-26 21:19:34,494 [9ce0b59e-153f-4f41-8aed-492a76d80b48@group-710F4F4B8A6C-SegmentedRaftLogWorker] ERROR segmented.SegmentedRaftLogWorker (SegmentedRaftLogWorker.java:run(323)) - 9ce0b59e-153f-4f41-8aed-492a76d80b48@group-710F4F4B8A6C-SegmentedRaftLogWorker hit exception
java.lang.OutOfMemoryError: Direct buffer memory
	at java.nio.Bits.reserveMemory(Bits.java:666)
	at java.nio.DirectByteBuffer.<init>(DirectByteBuffer.java:123)
	at java.nio.ByteBuffer.allocateDirect(ByteBuffer.java:311)
	at org.apache.ratis.server.raftlog.segmented.BufferedWriteChannel.<init>(BufferedWriteChannel.java:41)
	at org.apache.ratis.server.raftlog.segmented.SegmentedRaftLogOutputStream.<init>(SegmentedRaftLogOutputStream.java:72)
	at org.apache.ratis.server.raftlog.segmented.SegmentedRaftLogWorker$StartLogSegment.execute(SegmentedRaftLogWorker.java:566)
	at org.apache.ratis.server.raftlog.segmented.SegmentedRaftLogWorker.run(SegmentedRaftLogWorker.java:289)
	at java.lang.Thread.run(Thread.java:748)
2019-09-26 21:19:34,494 [9ce0b59e-153f-4f41-8aed-492a76d80b48@group-710F4F4B8A6C-SegmentedRaftLogWorker] INFO  impl.RaftServerImpl (RaftServerImpl.java:lambda$shutdown$3(251)) - 9ce0b59e-153f-4f41-8aed-492a76d80b48@group-710F4F4B8A6C: shutdown
2019-09-26 21:19:33,770 [09112efe-1fad-4539-a04f-c96aef6d2351@group-A4789B464D44:LeaderElection236] INFO  server.RaftServerConfigKeys (ConfUtils.java:logGet(43)) - raft.server.watch.timeout.denomination = 1s (default)
2019-09-26 21:19:33,769 [1178c3ae-d0b4-4d44-b144-fe8504cc41ac@group-4A70B7218118-SegmentedRaftLogWorker] INFO  impl.StateMachineUpdater (StateMachineUpdater.java:stopAndJoin(125)) - 1178c3ae-d0b4-4d44-b144-fe8504cc41ac@group-4A70B7218118-StateMachineUpdater: set stopIndex = -1
2019-09-26 21:19:33,769 [9ce0b59e-153f-4f41-8aed-492a76d80b48@group-0C8EC243BCC2:LeaderElection229] INFO  server.RaftServerConfigKeys (ConfUtils.java:logGet(43)) - raft.server.watch.timeout.denomination = 1s (default)
2019-09-26 21:19:34,495 [9ce0b59e-153f-4f41-8aed-492a76d80b48@group-0C8EC243BCC2:LeaderElection229] INFO  server.RaftServerConfigKeys (ConfUtils.java:logGet(43)) - raft.server.watch.element-limit = 65536 (default)
2019-09-26 21:19:33,769 [09112efe-1fad-4539-a04f-c96aef6d2351@group-78E06D6978FF-SegmentedRaftLogWorker] INFO  impl.PendingRequests (PendingRequests.java:sendNotLeaderResponses(202)) - 09112efe-1fad-4539-a04f-c96aef6d2351-PendingRequests: sendNotLeaderResponses
2019-09-26 21:19:33,768 [1178c3ae-d0b4-4d44-b144-fe8504cc41ac@group-500F90204D11-SegmentedRaftLogWorker] INFO  segmented.SegmentedRaftLogWorker (SegmentedRaftLogWorker.java:close(228)) - 1178c3ae-d0b4-4d44-b144-fe8504cc41ac@group-500F90204D11-SegmentedRaftLogWorker close()
2019-09-26 21:19:33,768 [pool-67-thread-1] INFO  server.RaftServerConfigKeys (ConfUtils.java:logGet(43)) - raft.server.log.statemachine.data.sync.timeout = 10s (default)
2019-09-26 21:19:33,768 [1178c3ae-d0b4-4d44-b144-fe8504cc41ac@group-5D863DA9B74C-SegmentedRaftLogWorker] INFO  segmented.SegmentedRaftLogWorker (SegmentedRaftLogWorker.java:close(228)) - 1178c3ae-d0b4-4d44-b144-fe8504cc41ac@group-5D863DA9B74C-SegmentedRaftLogWorker close()
2019-09-26 21:19:33,767 [9ce0b59e-153f-4f41-8aed-492a76d80b48@group-556BB265CEA3-SegmentedRaftLogWorker] INFO  util.JmxRegister (JmxRegister.java:unregister(73)) - Successfully un-registered JMX Bean with object name Ratis:service=RaftServer,group=group-556BB265CEA3,id=9ce0b59e-153f-4f41-8aed-492a76d80b48
2019-09-26 21:19:33,757 [09112efe-1fad-4539-a04f-c96aef6d2351@group-A77325013DF5-SegmentedRaftLogWorker] INFO  impl.RaftServerImpl (RaftServerImpl.java:lambda$shutdown$3(251)) - 09112efe-1fad-4539-a04f-c96aef6d2351@group-A77325013DF5: shutdown
2019-09-26 21:19:33,757 [9ce0b59e-153f-4f41-8aed-492a76d80b48@group-53B6FB8525AE-SegmentedRaftLogWorker] ERROR segmented.SegmentedRaftLogWorker (SegmentedRaftLogWorker.java:run(323)) - 9ce0b59e-153f-4f41-8aed-492a76d80b48@group-53B6FB8525AE-SegmentedRaftLogWorker hit exception
java.lang.OutOfMemoryError: Direct buffer memory
	at java.nio.Bits.reserveMemory(Bits.java:666)
	at java.nio.DirectByteBuffer.<init>(DirectByteBuffer.java:123)
	at java.nio.ByteBuffer.allocateDirect(ByteBuffer.java:311)
	at org.apache.ratis.server.raftlog.segmented.BufferedWriteChannel.<init>(BufferedWriteChannel.java:41)
	at org.apache.ratis.server.raftlog.segmented.SegmentedRaftLogOutputStream.<init>(SegmentedRaftLogOutputStream.java:72)
	at org.apache.ratis.server.raftlog.segmented.SegmentedRaftLogWorker$StartLogSegment.execute(SegmentedRaftLogWorker.java:566)
	at org.apache.ratis.server.raftlog.segmented.SegmentedRaftLogWorker.run(SegmentedRaftLogWorker.java:289)
	at java.lang.Thread.run(Thread.java:748)
2019-09-26 21:19:34,496 [9ce0b59e-153f-4f41-8aed-492a76d80b48@group-53B6FB8525AE-SegmentedRaftLogWorker] INFO  impl.RaftServerImpl (RaftServerImpl.java:lambda$shutdown$3(251)) - 9ce0b59e-153f-4f41-8aed-492a76d80b48@group-53B6FB8525AE: shutdown
2019-09-26 21:19:33,522 [1178c3ae-d0b4-4d44-b144-fe8504cc41ac@group-9BABA4CE95C3:LeaderElection187] INFO  impl.RaftServerImpl (ServerState.java:setRaftConf(354)) - 1178c3ae-d0b4-4d44-b144-fe8504cc41ac@group-9BABA4CE95C3: set configuration 0: [1178c3ae-d0b4-4d44-b144-fe8504cc41ac:192.168.151.99:33787], old=null at 0
2019-09-26 21:19:33,517 [pool-37-thread-1] INFO  server.RaftServerConfigKeys (ConfUtils.java:logGet(43)) - raft.server.log.statemachine.data.sync = true (default)
2019-09-26 21:19:33,515 [09112efe-1fad-4539-a04f-c96aef6d2351@group-3345E11CC80E-SegmentedRaftLogWorker] ERROR segmented.SegmentedRaftLogWorker (SegmentedRaftLogWorker.java:run(323)) - 09112efe-1fad-4539-a04f-c96aef6d2351@group-3345E11CC80E-SegmentedRaftLogWorker hit exception
java.lang.OutOfMemoryError: Direct buffer memory
	at java.nio.Bits.reserveMemory(Bits.java:666)
	at java.nio.DirectByteBuffer.<init>(DirectByteBuffer.java:123)
	at java.nio.ByteBuffer.allocateDirect(ByteBuffer.java:311)
	at org.apache.ratis.server.raftlog.segmented.BufferedWriteChannel.<init>(BufferedWriteChannel.java:41)
	at org.apache.ratis.server.raftlog.segmented.SegmentedRaftLogOutputStream.<init>(SegmentedRaftLogOutputStream.java:72)
	at org.apache.ratis.server.raftlog.segmented.SegmentedRaftLogWorker$StartLogSegment.execute(SegmentedRaftLogWorker.java:566)
	at org.apache.ratis.server.raftlog.segmented.SegmentedRaftLogWorker.run(SegmentedRaftLogWorker.java:289)
	at java.lang.Thread.run(Thread.java:748)
2019-09-26 21:19:34,497 [09112efe-1fad-4539-a04f-c96aef6d2351@group-3345E11CC80E-SegmentedRaftLogWorker] INFO  impl.RaftServerImpl (RaftServerImpl.java:lambda$shutdown$3(251)) - 09112efe-1fad-4539-a04f-c96aef6d2351@group-3345E11CC80E: shutdown
2019-09-26 21:19:33,282 [9ce0b59e-153f-4f41-8aed-492a76d80b48@group-2F3A14F08318-SegmentedRaftLogWorker] INFO  impl.RaftServerImpl (RaftServerImpl.java:lambda$shutdown$3(251)) - 9ce0b59e-153f-4f41-8aed-492a76d80b48@group-2F3A14F08318: shutdown
2019-09-26 21:19:33,282 [09112efe-1fad-4539-a04f-c96aef6d2351@group-786B1197DED0:LeaderElection185] INFO  impl.RaftServerImpl (ServerState.java:setRaftConf(354)) - 09112efe-1fad-4539-a04f-c96aef6d2351@group-786B1197DED0: set configuration 0: [09112efe-1fad-4539-a04f-c96aef6d2351:192.168.151.99:45286], old=null at 0
2019-09-26 21:19:33,281 [da833d8d-e72a-4068-9560-4daa2d83adc2@group-27028318879A:LeaderElection231] INFO  server.RaftServerConfigKeys (ConfUtils.java:logGet(43)) - raft.server.watch.timeout = 10s (default)
2019-09-26 21:19:33,281 [9ce0b59e-153f-4f41-8aed-492a76d80b48@group-89E64784085E-SegmentedRaftLogWorker] INFO  util.JmxRegister (JmxRegister.java:unregister(73)) - Successfully un-registered JMX Bean with object name Ratis:service=RaftServer,group=group-89E64784085E,id=9ce0b59e-153f-4f41-8aed-492a76d80b48
2019-09-26 21:19:33,281 [da833d8d-e72a-4068-9560-4daa2d83adc2@group-BB2190CB963E-SegmentedRaftLogWorker] INFO  util.JmxRegister (JmxRegister.java:unregister(73)) - Successfully un-registered JMX Bean with object name Ratis:service=RaftServer,group=group-BB2190CB963E,id=da833d8d-e72a-4068-9560-4daa2d83adc2
2019-09-26 21:19:34,498 [da833d8d-e72a-4068-9560-4daa2d83adc2@group-BB2190CB963E-SegmentedRaftLogWorker] INFO  impl.RoleInfo (RoleInfo.java:shutdownLeaderState(104)) - da833d8d-e72a-4068-9560-4daa2d83adc2: shutdown LeaderState
2019-09-26 21:19:33,280 [da833d8d-e72a-4068-9560-4daa2d83adc2@group-80D4D31A8B20-SegmentedRaftLogWorker] INFO  impl.RaftServerImpl (RaftServerImpl.java:lambda$shutdown$3(251)) - da833d8d-e72a-4068-9560-4daa2d83adc2@group-80D4D31A8B20: shutdown
2019-09-26 21:19:33,074 [1178c3ae-d0b4-4d44-b144-fe8504cc41ac@group-775FCA086A09:LeaderElection195] INFO  impl.RaftServerImpl (ServerState.java:setRaftConf(354)) - 1178c3ae-d0b4-4d44-b144-fe8504cc41ac@group-775FCA086A09: set configuration 0: [1178c3ae-d0b4-4d44-b144-fe8504cc41ac:192.168.151.99:33787], old=null at 0
2019-09-26 21:19:33,073 [0c640f50-2bc9-49b6-b785-a27e3116e6ba@group-190F77E321AE:LeaderElection233] INFO  server.RaftServerConfigKeys (ConfUtils.java:logGet(43)) - raft.server.watch.timeout = 10s (default)
2019-09-26 21:19:33,073 [09112efe-1fad-4539-a04f-c96aef6d2351@group-A0E7B7EED9F9:LeaderElection234] INFO  server.RaftServerConfigKeys (ConfUtils.java:logGet(43)) - raft.server.write.element-limit = 4096 (default)
2019-09-26 21:19:33,072 [09112efe-1fad-4539-a04f-c96aef6d2351@group-6CD702D63989:LeaderElection230] INFO  server.RaftServerConfigKeys (ConfUtils.java:logGet(43)) - raft.server.write.element-limit = 4096 (default)
2019-09-26 21:19:33,072 [09112efe-1fad-4539-a04f-c96aef6d2351@group-36B2132502C2-SegmentedRaftLogWorker] INFO  impl.RaftServerImpl (RaftServerImpl.java:lambda$shutdown$3(251)) - 09112efe-1fad-4539-a04f-c96aef6d2351@group-36B2132502C2: shutdown
2019-09-26 21:19:33,072 [9ce0b59e-153f-4f41-8aed-492a76d80b48@group-C9D9502D9D87-SegmentedRaftLogWorker] INFO  util.JmxRegister (JmxRegister.java:unregister(73)) - Successfully un-registered JMX Bean with object name Ratis:service=RaftServer,group=group-C9D9502D9D87,id=9ce0b59e-153f-4f41-8aed-492a76d80b48
2019-09-26 21:19:34,499 [9ce0b59e-153f-4f41-8aed-492a76d80b48@group-C9D9502D9D87-SegmentedRaftLogWorker] INFO  impl.RoleInfo (RoleInfo.java:shutdownLeaderState(104)) - 9ce0b59e-153f-4f41-8aed-492a76d80b48: shutdown LeaderState
2019-09-26 21:19:33,062 [da833d8d-e72a-4068-9560-4daa2d83adc2@group-5DCD0764729A-SegmentedRaftLogWorker] ERROR segmented.SegmentedRaftLogWorker (SegmentedRaftLogWorker.java:run(323)) - da833d8d-e72a-4068-9560-4daa2d83adc2@group-5DCD0764729A-SegmentedRaftLogWorker hit exception
java.lang.OutOfMemoryError: Direct buffer memory
	at java.nio.Bits.reserveMemory(Bits.java:666)
	at java.nio.DirectByteBuffer.<init>(DirectByteBuffer.java:123)
	at java.nio.ByteBuffer.allocateDirect(ByteBuffer.java:311)
	at org.apache.ratis.server.raftlog.segmented.BufferedWriteChannel.<init>(BufferedWriteChannel.java:41)
	at org.apache.ratis.server.raftlog.segmented.SegmentedRaftLogOutputStream.<init>(SegmentedRaftLogOutputStream.java:72)
	at org.apache.ratis.server.raftlog.segmented.SegmentedRaftLogWorker$StartLogSegment.execute(SegmentedRaftLogWorker.java:566)
	at org.apache.ratis.server.raftlog.segmented.SegmentedRaftLogWorker.run(SegmentedRaftLogWorker.java:289)
	at java.lang.Thread.run(Thread.java:748)
2019-09-26 21:19:32,808 [9ce0b59e-153f-4f41-8aed-492a76d80b48@group-710F4F4B8A6C:LeaderElection213] INFO  impl.RaftServerImpl (ServerState.java:setRaftConf(354)) - 9ce0b59e-153f-4f41-8aed-492a76d80b48@group-710F4F4B8A6C: set configuration 0: [9ce0b59e-153f-4f41-8aed-492a76d80b48:192.168.151.99:34156], old=null at 0
2019-09-26 21:19:32,808 [da833d8d-e72a-4068-9560-4daa2d83adc2@group-4FC7302DF2CA:LeaderElection232] INFO  server.RaftServerConfigKeys (ConfUtils.java:logGet(43)) - raft.server.watch.timeout = 10s (default)
2019-09-26 21:19:34,500 [da833d8d-e72a-4068-9560-4daa2d83adc2@group-5DCD0764729A-SegmentedRaftLogWorker] INFO  impl.RaftServerImpl (RaftServerImpl.java:lambda$shutdown$3(251)) - da833d8d-e72a-4068-9560-4daa2d83adc2@group-5DCD0764729A: shutdown
2019-09-26 21:19:34,500 [9ce0b59e-153f-4f41-8aed-492a76d80b48@group-C9D9502D9D87-SegmentedRaftLogWorker] INFO  impl.PendingRequests (PendingRequests.java:sendNotLeaderResponses(202)) - 9ce0b59e-153f-4f41-8aed-492a76d80b48-PendingRequests: sendNotLeaderResponses
2019-09-26 21:19:34,499 [09112efe-1fad-4539-a04f-c96aef6d2351@group-36B2132502C2-SegmentedRaftLogWorker] INFO  util.JmxRegister (JmxRegister.java:unregister(73)) - Successfully un-registered JMX Bean with object name Ratis:service=RaftServer,group=group-36B2132502C2,id=09112efe-1fad-4539-a04f-c96aef6d2351
2019-09-26 21:19:34,499 [09112efe-1fad-4539-a04f-c96aef6d2351@group-6CD702D63989:LeaderElection230] INFO  server.RaftServerConfigKeys (ConfUtils.java:logGet(43)) - raft.server.watch.timeout = 10s (default)
2019-09-26 21:19:34,501 [09112efe-1fad-4539-a04f-c96aef6d2351@group-6CD702D63989:LeaderElection230] INFO  server.RaftServerConfigKeys (ConfUtils.java:logGet(43)) - raft.server.watch.timeout.denomination = 1s (default)
2019-09-26 21:19:34,499 [09112efe-1fad-4539-a04f-c96aef6d2351@group-A0E7B7EED9F9:LeaderElection234] INFO  server.RaftServerConfigKeys (ConfUtils.java:logGet(43)) - raft.server.watch.timeout = 10s (default)
2019-09-26 21:19:34,499 [0c640f50-2bc9-49b6-b785-a27e3116e6ba@group-190F77E321AE:LeaderElection233] INFO  server.RaftServerConfigKeys (ConfUtils.java:logGet(43)) - raft.server.watch.timeout.denomination = 1s (default)
2019-09-26 21:19:34,498 [da833d8d-e72a-4068-9560-4daa2d83adc2@group-80D4D31A8B20-SegmentedRaftLogWorker] INFO  util.JmxRegister (JmxRegister.java:unregister(73)) - Successfully un-registered JMX Bean with object name Ratis:service=RaftServer,group=group-80D4D31A8B20,id=da833d8d-e72a-4068-9560-4daa2d83adc2
2019-09-26 21:19:34,498 [da833d8d-e72a-4068-9560-4daa2d83adc2@group-BB2190CB963E-SegmentedRaftLogWorker] INFO  impl.PendingRequests (PendingRequests.java:sendNotLeaderResponses(202)) - da833d8d-e72a-4068-9560-4daa2d83adc2-PendingRequests: sendNotLeaderResponses
2019-09-26 21:19:34,498 [9ce0b59e-153f-4f41-8aed-492a76d80b48@group-89E64784085E-SegmentedRaftLogWorker] INFO  impl.RoleInfo (RoleInfo.java:shutdownLeaderState(104)) - 9ce0b59e-153f-4f41-8aed-492a76d80b48: shutdown LeaderState
2019-09-26 21:19:34,502 [9ce0b59e-153f-4f41-8aed-492a76d80b48@group-89E64784085E-SegmentedRaftLogWorker] INFO  impl.PendingRequests (PendingRequests.java:sendNotLeaderResponses(202)) - 9ce0b59e-153f-4f41-8aed-492a76d80b48-PendingRequests: sendNotLeaderResponses
2019-09-26 21:19:34,498 [da833d8d-e72a-4068-9560-4daa2d83adc2@group-27028318879A:LeaderElection231] INFO  server.RaftServerConfigKeys (ConfUtils.java:logGet(43)) - raft.server.watch.timeout.denomination = 1s (default)
2019-09-26 21:19:34,497 [9ce0b59e-153f-4f41-8aed-492a76d80b48@group-2F3A14F08318-SegmentedRaftLogWorker] INFO  util.JmxRegister (JmxRegister.java:unregister(73)) - Successfully un-registered JMX Bean with object name Ratis:service=RaftServer,group=group-2F3A14F08318,id=9ce0b59e-153f-4f41-8aed-492a76d80b48
2019-09-26 21:19:34,497 [09112efe-1fad-4539-a04f-c96aef6d2351@group-3345E11CC80E-SegmentedRaftLogWorker] INFO  util.JmxRegister (JmxRegister.java:unregister(73)) - Successfully un-registered JMX Bean with object name Ratis:service=RaftServer,group=group-3345E11CC80E,id=09112efe-1fad-4539-a04f-c96aef6d2351
2019-09-26 21:19:34,497 [pool-37-thread-1] INFO  server.RaftServerConfigKeys (ConfUtils.java:logGet(43)) - raft.server.log.statemachine.data.sync.timeout = 10s (default)
2019-09-26 21:19:34,503 [pool-37-thread-1] INFO  server.RaftServerConfigKeys (ConfUtils.java:logGet(43)) - raft.server.log.statemachine.data.sync.timeout.retry = -1 (default)
2019-09-26 21:19:34,496 [9ce0b59e-153f-4f41-8aed-492a76d80b48@group-53B6FB8525AE-SegmentedRaftLogWorker] INFO  util.JmxRegister (JmxRegister.java:unregister(73)) - Successfully un-registered JMX Bean with object name Ratis:service=RaftServer,group=group-53B6FB8525AE,id=9ce0b59e-153f-4f41-8aed-492a76d80b48
2019-09-26 21:19:34,496 [09112efe-1fad-4539-a04f-c96aef6d2351@group-A77325013DF5-SegmentedRaftLogWorker] INFO  util.JmxRegister (JmxRegister.java:unregister(73)) - Successfully un-registered JMX Bean with object name Ratis:service=RaftServer,group=group-A77325013DF5,id=09112efe-1fad-4539-a04f-c96aef6d2351
2019-09-26 21:19:34,503 [09112efe-1fad-4539-a04f-c96aef6d2351@group-A77325013DF5-SegmentedRaftLogWorker] INFO  impl.RoleInfo (RoleInfo.java:shutdownLeaderState(104)) - 09112efe-1fad-4539-a04f-c96aef6d2351: shutdown LeaderState
2019-09-26 21:19:34,496 [9ce0b59e-153f-4f41-8aed-492a76d80b48@group-556BB265CEA3-SegmentedRaftLogWorker] INFO  impl.RoleInfo (RoleInfo.java:shutdownLeaderState(104)) - 9ce0b59e-153f-4f41-8aed-492a76d80b48: shutdown LeaderState
2019-09-26 21:19:34,495 [pool-67-thread-1] INFO  server.RaftServerConfigKeys (ConfUtils.java:logGet(43)) - raft.server.log.statemachine.data.sync.timeout.retry = -1 (default)
2019-09-26 21:19:34,495 [09112efe-1fad-4539-a04f-c96aef6d2351@group-78E06D6978FF-SegmentedRaftLogWorker] INFO  impl.StateMachineUpdater (StateMachineUpdater.java:stopAndJoin(125)) - 09112efe-1fad-4539-a04f-c96aef6d2351@group-78E06D6978FF-StateMachineUpdater: set stopIndex = -1
2019-09-26 21:19:34,494 [1178c3ae-d0b4-4d44-b144-fe8504cc41ac@group-4A70B7218118-SegmentedRaftLogWorker] INFO  impl.RaftServerImpl (ServerState.java:close(385)) - 1178c3ae-d0b4-4d44-b144-fe8504cc41ac@group-4A70B7218118: closes. applyIndex: -1
2019-09-26 21:19:34,494 [09112efe-1fad-4539-a04f-c96aef6d2351@group-A4789B464D44:LeaderElection236] INFO  server.RaftServerConfigKeys (ConfUtils.java:logGet(43)) - raft.server.watch.element-limit = 65536 (default)
2019-09-26 21:19:34,504 [1178c3ae-d0b4-4d44-b144-fe8504cc41ac@group-4A70B7218118-SegmentedRaftLogWorker] INFO  segmented.SegmentedRaftLogWorker (SegmentedRaftLogWorker.java:close(228)) - 1178c3ae-d0b4-4d44-b144-fe8504cc41ac@group-4A70B7218118-SegmentedRaftLogWorker close()
2019-09-26 21:19:34,494 [9ce0b59e-153f-4f41-8aed-492a76d80b48@group-710F4F4B8A6C-SegmentedRaftLogWorker] INFO  util.JmxRegister (JmxRegister.java:unregister(73)) - Successfully un-registered JMX Bean with object name Ratis:service=RaftServer,group=group-710F4F4B8A6C,id=9ce0b59e-153f-4f41-8aed-492a76d80b48
2019-09-26 21:19:34,494 [9ce0b59e-153f-4f41-8aed-492a76d80b48@group-1B503A35F909-SegmentedRaftLogWorker] INFO  util.JmxRegister (JmxRegister.java:unregister(73)) - Successfully un-registered JMX Bean with object name Ratis:service=RaftServer,group=group-1B503A35F909,id=9ce0b59e-153f-4f41-8aed-492a76d80b48
2019-09-26 21:19:34,504 [9ce0b59e-153f-4f41-8aed-492a76d80b48@group-1B503A35F909-SegmentedRaftLogWorker] INFO  impl.RoleInfo (RoleInfo.java:shutdownLeaderState(104)) - 9ce0b59e-153f-4f41-8aed-492a76d80b48: shutdown LeaderState
2019-09-26 21:19:34,493 [9ce0b59e-153f-4f41-8aed-492a76d80b48@group-4AD36DEDF59B-SegmentedRaftLogWorker] INFO  impl.RaftServerImpl (RaftServerImpl.java:lambda$shutdown$3(251)) - 9ce0b59e-153f-4f41-8aed-492a76d80b48@group-4AD36DEDF59B: shutdown
2019-09-26 21:19:34,492 [9ce0b59e-153f-4f41-8aed-492a76d80b48@group-7AF436DBD9FF-SegmentedRaftLogWorker] INFO  impl.PendingRequests (PendingRequests.java:sendNotLeaderResponses(202)) - 9ce0b59e-153f-4f41-8aed-492a76d80b48-PendingRequests: sendNotLeaderResponses
2019-09-26 21:19:34,492 [da833d8d-e72a-4068-9560-4daa2d83adc2@group-009B25A2B20A-SegmentedRaftLogWorker] INFO  util.JmxRegister (JmxRegister.java:unregister(73)) - Successfully un-registered JMX Bean with object name Ratis:service=RaftServer,group=group-009B25A2B20A,id=da833d8d-e72a-4068-9560-4daa2d83adc2
2019-09-26 21:19:34,491 [9ce0b59e-153f-4f41-8aed-492a76d80b48@group-6E6C68F22454-SegmentedRaftLogWorker] INFO  util.JmxRegister (JmxRegister.java:unregister(73)) - Successfully un-registered JMX Bean with object name Ratis:service=RaftServer,group=group-6E6C68F22454,id=9ce0b59e-153f-4f41-8aed-492a76d80b48
2019-09-26 21:19:34,505 [9ce0b59e-153f-4f41-8aed-492a76d80b48@group-6E6C68F22454-SegmentedRaftLogWorker] INFO  impl.RoleInfo (RoleInfo.java:shutdownLeaderState(104)) - 9ce0b59e-153f-4f41-8aed-492a76d80b48: shutdown LeaderState
2019-09-26 21:19:34,491 [1178c3ae-d0b4-4d44-b144-fe8504cc41ac@group-E8E6DAF52BD9-SegmentedRaftLogWorker] INFO  impl.RoleInfo (RoleInfo.java:shutdownLeaderState(104)) - 1178c3ae-d0b4-4d44-b144-fe8504cc41ac: shutdown LeaderState
2019-09-26 21:19:34,491 [1178c3ae-d0b4-4d44-b144-fe8504cc41ac@group-6F0B28853612-SegmentedRaftLogWorker] INFO  impl.PendingRequests (PendingRequests.java:sendNotLeaderResponses(202)) - 1178c3ae-d0b4-4d44-b144-fe8504cc41ac-PendingRequests: sendNotLeaderResponses
2019-09-26 21:19:34,490 [9ce0b59e-153f-4f41-8aed-492a76d80b48@group-00776E898AAB-SegmentedRaftLogWorker] INFO  impl.PendingRequests (PendingRequests.java:sendNotLeaderResponses(202)) - 9ce0b59e-153f-4f41-8aed-492a76d80b48-PendingRequests: sendNotLeaderResponses
2019-09-26 21:19:34,490 [09112efe-1fad-4539-a04f-c96aef6d2351@group-11EBA2FC1B7A-SegmentedRaftLogWorker] INFO  impl.PendingRequests (PendingRequests.java:sendNotLeaderResponses(202)) - 09112efe-1fad-4539-a04f-c96aef6d2351-PendingRequests: sendNotLeaderResponses
2019-09-26 21:19:34,489 [pool-27-thread-1] INFO  server.RaftServerConfigKeys (ConfUtils.java:logGet(43)) - raft.server.log.force.sync.num = 128 (default)
2019-09-26 21:19:34,506 [09112efe-1fad-4539-a04f-c96aef6d2351@group-11EBA2FC1B7A-SegmentedRaftLogWorker] INFO  impl.StateMachineUpdater (StateMachineUpdater.java:stopAndJoin(125)) - 09112efe-1fad-4539-a04f-c96aef6d2351@group-11EBA2FC1B7A-StateMachineUpdater: set stopIndex = -1
2019-09-26 21:19:34,506 [9ce0b59e-153f-4f41-8aed-492a76d80b48@group-00776E898AAB-SegmentedRaftLogWorker] INFO  impl.StateMachineUpdater (StateMachineUpdater.java:stopAndJoin(125)) - 9ce0b59e-153f-4f41-8aed-492a76d80b48@group-00776E898AAB-StateMachineUpdater: set stopIndex = -1
2019-09-26 21:19:34,506 [1178c3ae-d0b4-4d44-b144-fe8504cc41ac@group-6F0B28853612-SegmentedRaftLogWorker] INFO  impl.StateMachineUpdater (StateMachineUpdater.java:stopAndJoin(125)) - 1178c3ae-d0b4-4d44-b144-fe8504cc41ac@group-6F0B28853612-StateMachineUpdater: set stopIndex = -1
2019-09-26 21:19:34,507 [1178c3ae-d0b4-4d44-b144-fe8504cc41ac@group-6F0B28853612-SegmentedRaftLogWorker] INFO  impl.RaftServerImpl (ServerState.java:close(385)) - 1178c3ae-d0b4-4d44-b144-fe8504cc41ac@group-6F0B28853612: closes. applyIndex: -1
2019-09-26 21:19:34,505 [1178c3ae-d0b4-4d44-b144-fe8504cc41ac@group-E8E6DAF52BD9-SegmentedRaftLogWorker] INFO  impl.PendingRequests (PendingRequests.java:sendNotLeaderResponses(202)) - 1178c3ae-d0b4-4d44-b144-fe8504cc41ac-PendingRequests: sendNotLeaderResponses
2019-09-26 21:19:34,505 [9ce0b59e-153f-4f41-8aed-492a76d80b48@group-6E6C68F22454-SegmentedRaftLogWorker] INFO  impl.PendingRequests (PendingRequests.java:sendNotLeaderResponses(202)) - 9ce0b59e-153f-4f41-8aed-492a76d80b48-PendingRequests: sendNotLeaderResponses
2019-09-26 21:19:34,505 [da833d8d-e72a-4068-9560-4daa2d83adc2@group-009B25A2B20A-SegmentedRaftLogWorker] INFO  impl.RoleInfo (RoleInfo.java:shutdownLeaderState(104)) - da833d8d-e72a-4068-9560-4daa2d83adc2: shutdown LeaderState
2019-09-26 21:19:34,505 [9ce0b59e-153f-4f41-8aed-492a76d80b48@group-7AF436DBD9FF-SegmentedRaftLogWorker] INFO  impl.StateMachineUpdater (StateMachineUpdater.java:stopAndJoin(125)) - 9ce0b59e-153f-4f41-8aed-492a76d80b48@group-7AF436DBD9FF-StateMachineUpdater: set stopIndex = -1
2019-09-26 21:19:34,507 [9ce0b59e-153f-4f41-8aed-492a76d80b48@group-7AF436DBD9FF-SegmentedRaftLogWorker] INFO  impl.RaftServerImpl (ServerState.java:close(385)) - 9ce0b59e-153f-4f41-8aed-492a76d80b48@group-7AF436DBD9FF: closes. applyIndex: -1
2019-09-26 21:19:34,505 [9ce0b59e-153f-4f41-8aed-492a76d80b48@group-4AD36DEDF59B-SegmentedRaftLogWorker] INFO  util.JmxRegister (JmxRegister.java:unregister(73)) - Successfully un-registered JMX Bean with object name Ratis:service=RaftServer,group=group-4AD36DEDF59B,id=9ce0b59e-153f-4f41-8aed-492a76d80b48
2019-09-26 21:19:34,507 [9ce0b59e-153f-4f41-8aed-492a76d80b48@group-4AD36DEDF59B-SegmentedRaftLogWorker] INFO  impl.RoleInfo (RoleInfo.java:shutdownLeaderState(104)) - 9ce0b59e-153f-4f41-8aed-492a76d80b48: shutdown LeaderState
2019-09-26 21:19:34,505 [9ce0b59e-153f-4f41-8aed-492a76d80b48@group-1B503A35F909-SegmentedRaftLogWorker] INFO  impl.PendingRequests (PendingRequests.java:sendNotLeaderResponses(202)) - 9ce0b59e-153f-4f41-8aed-492a76d80b48-PendingRequests: sendNotLeaderResponses
2019-09-26 21:19:34,504 [9ce0b59e-153f-4f41-8aed-492a76d80b48@group-710F4F4B8A6C-SegmentedRaftLogWorker] INFO  impl.RoleInfo (RoleInfo.java:shutdownLeaderState(104)) - 9ce0b59e-153f-4f41-8aed-492a76d80b48: shutdown LeaderState
2019-09-26 21:19:34,504 [09112efe-1fad-4539-a04f-c96aef6d2351@group-78E06D6978FF-SegmentedRaftLogWorker] INFO  impl.RaftServerImpl (ServerState.java:close(385)) - 09112efe-1fad-4539-a04f-c96aef6d2351@group-78E06D6978FF: closes. applyIndex: -1
2019-09-26 21:19:34,503 [9ce0b59e-153f-4f41-8aed-492a76d80b48@group-556BB265CEA3-SegmentedRaftLogWorker] INFO  impl.PendingRequests (PendingRequests.java:sendNotLeaderResponses(202)) - 9ce0b59e-153f-4f41-8aed-492a76d80b48-PendingRequests: sendNotLeaderResponses
2019-09-26 21:19:34,503 [09112efe-1fad-4539-a04f-c96aef6d2351@group-A77325013DF5-SegmentedRaftLogWorker] INFO  impl.PendingRequests (PendingRequests.java:sendNotLeaderResponses(202)) - 09112efe-1fad-4539-a04f-c96aef6d2351-PendingRequests: sendNotLeaderResponses
2019-09-26 21:19:34,503 [9ce0b59e-153f-4f41-8aed-492a76d80b48@group-53B6FB8525AE-SegmentedRaftLogWorker] INFO  impl.RoleInfo (RoleInfo.java:shutdownLeaderState(104)) - 9ce0b59e-153f-4f41-8aed-492a76d80b48: shutdown LeaderState
2019-09-26 21:19:34,503 [09112efe-1fad-4539-a04f-c96aef6d2351@group-3345E11CC80E-SegmentedRaftLogWorker] INFO  impl.RoleInfo (RoleInfo.java:shutdownLeaderState(104)) - 09112efe-1fad-4539-a04f-c96aef6d2351: shutdown LeaderState
2019-09-26 21:19:34,502 [9ce0b59e-153f-4f41-8aed-492a76d80b48@group-2F3A14F08318-SegmentedRaftLogWorker] INFO  impl.RoleInfo (RoleInfo.java:shutdownLeaderState(104)) - 9ce0b59e-153f-4f41-8aed-492a76d80b48: shutdown LeaderState
2019-09-26 21:19:34,502 [da833d8d-e72a-4068-9560-4daa2d83adc2@group-27028318879A:LeaderElection231] INFO  server.RaftServerConfigKeys (ConfUtils.java:logGet(43)) - raft.server.watch.element-limit = 65536 (default)
2019-09-26 21:19:34,502 [9ce0b59e-153f-4f41-8aed-492a76d80b48@group-89E64784085E-SegmentedRaftLogWorker] INFO  impl.StateMachineUpdater (StateMachineUpdater.java:stopAndJoin(125)) - 9ce0b59e-153f-4f41-8aed-492a76d80b48@group-89E64784085E-StateMachineUpdater: set stopIndex = -1
2019-09-26 21:19:34,502 [da833d8d-e72a-4068-9560-4daa2d83adc2@group-BB2190CB963E-SegmentedRaftLogWorker] INFO  impl.StateMachineUpdater (StateMachineUpdater.java:stopAndJoin(125)) - da833d8d-e72a-4068-9560-4daa2d83adc2@group-BB2190CB963E-StateMachineUpdater: set stopIndex = -1
2019-09-26 21:19:34,509 [da833d8d-e72a-4068-9560-4daa2d83adc2@group-BB2190CB963E-SegmentedRaftLogWorker] INFO  impl.RaftServerImpl (ServerState.java:close(385)) - da833d8d-e72a-4068-9560-4daa2d83adc2@group-BB2190CB963E: closes. applyIndex: -1
2019-09-26 21:19:34,502 [da833d8d-e72a-4068-9560-4daa2d83adc2@group-80D4D31A8B20-SegmentedRaftLogWorker] INFO  impl.RoleInfo (RoleInfo.java:shutdownLeaderState(104)) - da833d8d-e72a-4068-9560-4daa2d83adc2: shutdown LeaderState
2019-09-26 21:19:34,510 [da833d8d-e72a-4068-9560-4daa2d83adc2@group-80D4D31A8B20-SegmentedRaftLogWorker] INFO  impl.PendingRequests (PendingRequests.java:sendNotLeaderResponses(202)) - da833d8d-e72a-4068-9560-4daa2d83adc2-PendingRequests: sendNotLeaderResponses
2019-09-26 21:19:34,502 [0c640f50-2bc9-49b6-b785-a27e3116e6ba@group-190F77E321AE:LeaderElection233] INFO  server.RaftServerConfigKeys (ConfUtils.java:logGet(43)) - raft.server.watch.element-limit = 65536 (default)
2019-09-26 21:19:34,501 [09112efe-1fad-4539-a04f-c96aef6d2351@group-A0E7B7EED9F9:LeaderElection234] INFO  server.RaftServerConfigKeys (ConfUtils.java:logGet(43)) - raft.server.watch.timeout.denomination = 1s (default)
2019-09-26 21:19:34,501 [09112efe-1fad-4539-a04f-c96aef6d2351@group-6CD702D63989:LeaderElection230] INFO  server.RaftServerConfigKeys (ConfUtils.java:logGet(43)) - raft.server.watch.element-limit = 65536 (default)
2019-09-26 21:19:34,501 [09112efe-1fad-4539-a04f-c96aef6d2351@group-36B2132502C2-SegmentedRaftLogWorker] INFO  impl.RoleInfo (RoleInfo.java:shutdownLeaderState(104)) - 09112efe-1fad-4539-a04f-c96aef6d2351: shutdown LeaderState
2019-09-26 21:19:34,501 [9ce0b59e-153f-4f41-8aed-492a76d80b48@group-C9D9502D9D87-SegmentedRaftLogWorker] INFO  impl.StateMachineUpdater (StateMachineUpdater.java:stopAndJoin(125)) - 9ce0b59e-153f-4f41-8aed-492a76d80b48@group-C9D9502D9D87-StateMachineUpdater: set stopIndex = -1
2019-09-26 21:19:34,510 [9ce0b59e-153f-4f41-8aed-492a76d80b48@group-C9D9502D9D87-SegmentedRaftLogWorker] INFO  impl.RaftServerImpl (ServerState.java:close(385)) - 9ce0b59e-153f-4f41-8aed-492a76d80b48@group-C9D9502D9D87: closes. applyIndex: -1
2019-09-26 21:19:34,501 [da833d8d-e72a-4068-9560-4daa2d83adc2@group-5DCD0764729A-SegmentedRaftLogWorker] INFO  util.JmxRegister (JmxRegister.java:unregister(73)) - Successfully un-registered JMX Bean with object name Ratis:service=RaftServer,group=group-5DCD0764729A,id=da833d8d-e72a-4068-9560-4daa2d83adc2
2019-09-26 21:19:34,511 [da833d8d-e72a-4068-9560-4daa2d83adc2@group-5DCD0764729A-SegmentedRaftLogWorker] INFO  impl.RoleInfo (RoleInfo.java:shutdownLeaderState(104)) - da833d8d-e72a-4068-9560-4daa2d83adc2: shutdown LeaderState
2019-09-26 21:19:34,501 [da833d8d-e72a-4068-9560-4daa2d83adc2@group-4FC7302DF2CA:LeaderElection232] INFO  server.RaftServerConfigKeys (ConfUtils.java:logGet(43)) - raft.server.watch.timeout.denomination = 1s (default)
2019-09-26 21:19:34,511 [da833d8d-e72a-4068-9560-4daa2d83adc2@group-5DCD0764729A-SegmentedRaftLogWorker] INFO  impl.PendingRequests (PendingRequests.java:sendNotLeaderResponses(202)) - da833d8d-e72a-4068-9560-4daa2d83adc2-PendingRequests: sendNotLeaderResponses
2019-09-26 21:19:34,511 [9ce0b59e-153f-4f41-8aed-492a76d80b48@group-C9D9502D9D87-SegmentedRaftLogWorker] INFO  segmented.SegmentedRaftLogWorker (SegmentedRaftLogWorker.java:close(228)) - 9ce0b59e-153f-4f41-8aed-492a76d80b48@group-C9D9502D9D87-SegmentedRaftLogWorker close()
2019-09-26 21:19:34,510 [09112efe-1fad-4539-a04f-c96aef6d2351@group-36B2132502C2-SegmentedRaftLogWorker] INFO  impl.PendingRequests (PendingRequests.java:sendNotLeaderResponses(202)) - 09112efe-1fad-4539-a04f-c96aef6d2351-PendingRequests: sendNotLeaderResponses
2019-09-26 21:19:34,510 [09112efe-1fad-4539-a04f-c96aef6d2351@group-A0E7B7EED9F9:LeaderElection234] INFO  server.RaftServerConfigKeys (ConfUtils.java:logGet(43)) - raft.server.watch.element-limit = 65536 (default)
2019-09-26 21:19:34,510 [da833d8d-e72a-4068-9560-4daa2d83adc2@group-80D4D31A8B20-SegmentedRaftLogWorker] INFO  impl.StateMachineUpdater (StateMachineUpdater.java:stopAndJoin(125)) - da833d8d-e72a-4068-9560-4daa2d83adc2@group-80D4D31A8B20-StateMachineUpdater: set stopIndex = -1
2019-09-26 21:19:34,510 [da833d8d-e72a-4068-9560-4daa2d83adc2@group-BB2190CB963E-SegmentedRaftLogWorker] INFO  segmented.SegmentedRaftLogWorker (SegmentedRaftLogWorker.java:close(228)) - da833d8d-e72a-4068-9560-4daa2d83adc2@group-BB2190CB963E-SegmentedRaftLogWorker close()
2019-09-26 21:19:34,509 [9ce0b59e-153f-4f41-8aed-492a76d80b48@group-89E64784085E-SegmentedRaftLogWorker] INFO  impl.RaftServerImpl (ServerState.java:close(385)) - 9ce0b59e-153f-4f41-8aed-492a76d80b48@group-89E64784085E: closes. applyIndex: -1
2019-09-26 21:19:34,509 [9ce0b59e-153f-4f41-8aed-492a76d80b48@group-2F3A14F08318-SegmentedRaftLogWorker] INFO  impl.PendingRequests (PendingRequests.java:sendNotLeaderResponses(202)) - 9ce0b59e-153f-4f41-8aed-492a76d80b48-PendingRequests: sendNotLeaderResponses
2019-09-26 21:19:34,509 [09112efe-1fad-4539-a04f-c96aef6d2351@group-3345E11CC80E-SegmentedRaftLogWorker] INFO  impl.PendingRequests (PendingRequests.java:sendNotLeaderResponses(202)) - 09112efe-1fad-4539-a04f-c96aef6d2351-PendingRequests: sendNotLeaderResponses
2019-09-26 21:19:34,509 [9ce0b59e-153f-4f41-8aed-492a76d80b48@group-53B6FB8525AE-SegmentedRaftLogWorker] INFO  impl.PendingRequests (PendingRequests.java:sendNotLeaderResponses(202)) - 9ce0b59e-153f-4f41-8aed-492a76d80b48-PendingRequests: sendNotLeaderResponses
2019-09-26 21:19:34,509 [09112efe-1fad-4539-a04f-c96aef6d2351@group-A77325013DF5-SegmentedRaftLogWorker] INFO  impl.StateMachineUpdater (StateMachineUpdater.java:stopAndJoin(125)) - 09112efe-1fad-4539-a04f-c96aef6d2351@group-A77325013DF5-StateMachineUpdater: set stopIndex = -1
2019-09-26 21:19:34,513 [09112efe-1fad-4539-a04f-c96aef6d2351@group-A77325013DF5-SegmentedRaftLogWorker] INFO  impl.RaftServerImpl (ServerState.java:close(385)) - 09112efe-1fad-4539-a04f-c96aef6d2351@group-A77325013DF5: closes. applyIndex: -1
2019-09-26 21:19:34,508 [9ce0b59e-153f-4f41-8aed-492a76d80b48@group-556BB265CEA3-SegmentedRaftLogWorker] INFO  impl.StateMachineUpdater (StateMachineUpdater.java:stopAndJoin(125)) - 9ce0b59e-153f-4f41-8aed-492a76d80b48@group-556BB265CEA3-StateMachineUpdater: set stopIndex = -1
2019-09-26 21:19:34,513 [9ce0b59e-153f-4f41-8aed-492a76d80b48@group-556BB265CEA3-SegmentedRaftLogWorker] INFO  impl.RaftServerImpl (ServerState.java:close(385)) - 9ce0b59e-153f-4f41-8aed-492a76d80b48@group-556BB265CEA3: closes. applyIndex: -1
2019-09-26 21:19:34,508 [09112efe-1fad-4539-a04f-c96aef6d2351@group-78E06D6978FF-SegmentedRaftLogWorker] INFO  segmented.SegmentedRaftLogWorker (SegmentedRaftLogWorker.java:close(228)) - 09112efe-1fad-4539-a04f-c96aef6d2351@group-78E06D6978FF-SegmentedRaftLogWorker close()
2019-09-26 21:19:34,508 [9ce0b59e-153f-4f41-8aed-492a76d80b48@group-710F4F4B8A6C-SegmentedRaftLogWorker] INFO  impl.PendingRequests (PendingRequests.java:sendNotLeaderResponses(202)) - 9ce0b59e-153f-4f41-8aed-492a76d80b48-PendingRequests: sendNotLeaderResponses
2019-09-26 21:19:34,508 [9ce0b59e-153f-4f41-8aed-492a76d80b48@group-1B503A35F909-SegmentedRaftLogWorker] INFO  impl.StateMachineUpdater (StateMachineUpdater.java:stopAndJoin(125)) - 9ce0b59e-153f-4f41-8aed-492a76d80b48@group-1B503A35F909-StateMachineUpdater: set stopIndex = -1
2019-09-26 21:19:34,508 [9ce0b59e-153f-4f41-8aed-492a76d80b48@group-4AD36DEDF59B-SegmentedRaftLogWorker] INFO  impl.PendingRequests (PendingRequests.java:sendNotLeaderResponses(202)) - 9ce0b59e-153f-4f41-8aed-492a76d80b48-PendingRequests: sendNotLeaderResponses
2019-09-26 21:19:34,507 [9ce0b59e-153f-4f41-8aed-492a76d80b48@group-7AF436DBD9FF-SegmentedRaftLogWorker] INFO  segmented.SegmentedRaftLogWorker (SegmentedRaftLogWorker.java:close(228)) - 9ce0b59e-153f-4f41-8aed-492a76d80b48@group-7AF436DBD9FF-SegmentedRaftLogWorker close()
2019-09-26 21:19:34,507 [da833d8d-e72a-4068-9560-4daa2d83adc2@group-009B25A2B20A-SegmentedRaftLogWorker] INFO  impl.PendingRequests (PendingRequests.java:sendNotLeaderResponses(202)) - da833d8d-e72a-4068-9560-4daa2d83adc2-PendingRequests: sendNotLeaderResponses
2019-09-26 21:19:34,507 [9ce0b59e-153f-4f41-8aed-492a76d80b48@group-6E6C68F22454-SegmentedRaftLogWorker] INFO  impl.StateMachineUpdater (StateMachineUpdater.java:stopAndJoin(125)) - 9ce0b59e-153f-4f41-8aed-492a76d80b48@group-6E6C68F22454-StateMachineUpdater: set stopIndex = -1
2019-09-26 21:19:34,514 [9ce0b59e-153f-4f41-8aed-492a76d80b48@group-6E6C68F22454-SegmentedRaftLogWorker] INFO  impl.RaftServerImpl (ServerState.java:close(385)) - 9ce0b59e-153f-4f41-8aed-492a76d80b48@group-6E6C68F22454: closes. applyIndex: -1
2019-09-26 21:19:34,507 [1178c3ae-d0b4-4d44-b144-fe8504cc41ac@group-E8E6DAF52BD9-SegmentedRaftLogWorker] INFO  impl.StateMachineUpdater (StateMachineUpdater.java:stopAndJoin(125)) - 1178c3ae-d0b4-4d44-b144-fe8504cc41ac@group-E8E6DAF52BD9-StateMachineUpdater: set stopIndex = -1
2019-09-26 21:19:34,507 [1178c3ae-d0b4-4d44-b144-fe8504cc41ac@group-6F0B28853612-SegmentedRaftLogWorker] INFO  segmented.SegmentedRaftLogWorker (SegmentedRaftLogWorker.java:close(228)) - 1178c3ae-d0b4-4d44-b144-fe8504cc41ac@group-6F0B28853612-SegmentedRaftLogWorker close()
2019-09-26 21:19:34,506 [9ce0b59e-153f-4f41-8aed-492a76d80b48@group-00776E898AAB-SegmentedRaftLogWorker] INFO  impl.RaftServerImpl (ServerState.java:close(385)) - 9ce0b59e-153f-4f41-8aed-492a76d80b48@group-00776E898AAB: closes. applyIndex: -1
2019-09-26 21:19:34,506 [09112efe-1fad-4539-a04f-c96aef6d2351@group-11EBA2FC1B7A-SegmentedRaftLogWorker] INFO  impl.RaftServerImpl (ServerState.java:close(385)) - 09112efe-1fad-4539-a04f-c96aef6d2351@group-11EBA2FC1B7A: closes. applyIndex: -1
2019-09-26 21:19:34,506 [pool-27-thread-1] INFO  server.RaftServerConfigKeys (ConfUtils.java:logGet(43)) - raft.server.log.statemachine.data.sync = true (default)
2019-09-26 21:19:34,515 [09112efe-1fad-4539-a04f-c96aef6d2351@group-11EBA2FC1B7A-SegmentedRaftLogWorker] INFO  segmented.SegmentedRaftLogWorker (SegmentedRaftLogWorker.java:close(228)) - 09112efe-1fad-4539-a04f-c96aef6d2351@group-11EBA2FC1B7A-SegmentedRaftLogWorker close()
2019-09-26 21:19:34,515 [9ce0b59e-153f-4f41-8aed-492a76d80b48@group-00776E898AAB-SegmentedRaftLogWorker] INFO  segmented.SegmentedRaftLogWorker (SegmentedRaftLogWorker.java:close(228)) - 9ce0b59e-153f-4f41-8aed-492a76d80b48@group-00776E898AAB-SegmentedRaftLogWorker close()
2019-09-26 21:19:34,515 [1178c3ae-d0b4-4d44-b144-fe8504cc41ac@group-E8E6DAF52BD9-SegmentedRaftLogWorker] INFO  impl.RaftServerImpl (ServerState.java:close(385)) - 1178c3ae-d0b4-4d44-b144-fe8504cc41ac@group-E8E6DAF52BD9: closes. applyIndex: -1
2019-09-26 21:19:34,515 [9ce0b59e-153f-4f41-8aed-492a76d80b48@group-6E6C68F22454-SegmentedRaftLogWorker] INFO  segmented.SegmentedRaftLogWorker (SegmentedRaftLogWorker.java:close(228)) - 9ce0b59e-153f-4f41-8aed-492a76d80b48@group-6E6C68F22454-SegmentedRaftLogWorker close()
2019-09-26 21:19:34,514 [da833d8d-e72a-4068-9560-4daa2d83adc2@group-009B25A2B20A-SegmentedRaftLogWorker] INFO  impl.StateMachineUpdater (StateMachineUpdater.java:stopAndJoin(125)) - da833d8d-e72a-4068-9560-4daa2d83adc2@group-009B25A2B20A-StateMachineUpdater: set stopIndex = -1
2019-09-26 21:19:34,514 [9ce0b59e-153f-4f41-8aed-492a76d80b48@group-4AD36DEDF59B-SegmentedRaftLogWorker] INFO  impl.StateMachineUpdater (StateMachineUpdater.java:stopAndJoin(125)) - 9ce0b59e-153f-4f41-8aed-492a76d80b48@group-4AD36DEDF59B-StateMachineUpdater: set stopIndex = -1
2019-09-26 21:19:34,516 [9ce0b59e-153f-4f41-8aed-492a76d80b48@group-4AD36DEDF59B-SegmentedRaftLogWorker] INFO  impl.RaftServerImpl (ServerState.java:close(385)) - 9ce0b59e-153f-4f41-8aed-492a76d80b48@group-4AD36DEDF59B: closes. applyIndex: -1
2019-09-26 21:19:34,514 [9ce0b59e-153f-4f41-8aed-492a76d80b48@group-1B503A35F909-SegmentedRaftLogWorker] INFO  impl.RaftServerImpl (ServerState.java:close(385)) - 9ce0b59e-153f-4f41-8aed-492a76d80b48@group-1B503A35F909: closes. applyIndex: -1
2019-09-26 21:19:34,516 [9ce0b59e-153f-4f41-8aed-492a76d80b48@group-4AD36DEDF59B-SegmentedRaftLogWorker] INFO  segmented.SegmentedRaftLogWorker (SegmentedRaftLogWorker.java:close(228)) - 9ce0b59e-153f-4f41-8aed-492a76d80b48@group-4AD36DEDF59B-SegmentedRaftLogWorker close()
2019-09-26 21:19:34,514 [9ce0b59e-153f-4f41-8aed-492a76d80b48@group-710F4F4B8A6C-SegmentedRaftLogWorker] INFO  impl.StateMachineUpdater (StateMachineUpdater.java:stopAndJoin(125)) - 9ce0b59e-153f-4f41-8aed-492a76d80b48@group-710F4F4B8A6C-StateMachineUpdater: set stopIndex = -1
2019-09-26 21:19:34,517 [9ce0b59e-153f-4f41-8aed-492a76d80b48@group-710F4F4B8A6C-SegmentedRaftLogWorker] INFO  impl.RaftServerImpl (ServerState.java:close(385)) - 9ce0b59e-153f-4f41-8aed-492a76d80b48@group-710F4F4B8A6C: closes. applyIndex: -1
2019-09-26 21:19:34,513 [9ce0b59e-153f-4f41-8aed-492a76d80b48@group-556BB265CEA3-SegmentedRaftLogWorker] INFO  segmented.SegmentedRaftLogWorker (SegmentedRaftLogWorker.java:close(228)) - 9ce0b59e-153f-4f41-8aed-492a76d80b48@group-556BB265CEA3-SegmentedRaftLogWorker close()
2019-09-26 21:19:34,513 [09112efe-1fad-4539-a04f-c96aef6d2351@group-A77325013DF5-SegmentedRaftLogWorker] INFO  segmented.SegmentedRaftLogWorker (SegmentedRaftLogWorker.java:close(228)) - 09112efe-1fad-4539-a04f-c96aef6d2351@group-A77325013DF5-SegmentedRaftLogWorker close()
2019-09-26 21:19:34,513 [9ce0b59e-153f-4f41-8aed-492a76d80b48@group-53B6FB8525AE-SegmentedRaftLogWorker] INFO  impl.StateMachineUpdater (StateMachineUpdater.java:stopAndJoin(125)) - 9ce0b59e-153f-4f41-8aed-492a76d80b48@group-53B6FB8525AE-StateMachineUpdater: set stopIndex = -1
2019-09-26 21:19:34,513 [09112efe-1fad-4539-a04f-c96aef6d2351@group-3345E11CC80E-SegmentedRaftLogWorker] INFO  impl.StateMachineUpdater (StateMachineUpdater.java:stopAndJoin(125)) - 09112efe-1fad-4539-a04f-c96aef6d2351@group-3345E11CC80E-StateMachineUpdater: set stopIndex = -1
2019-09-26 21:19:34,517 [09112efe-1fad-4539-a04f-c96aef6d2351@group-3345E11CC80E-SegmentedRaftLogWorker] INFO  impl.RaftServerImpl (ServerState.java:close(385)) - 09112efe-1fad-4539-a04f-c96aef6d2351@group-3345E11CC80E: closes. applyIndex: -1
2019-09-26 21:19:34,512 [9ce0b59e-153f-4f41-8aed-492a76d80b48@group-2F3A14F08318-SegmentedRaftLogWorker] INFO  impl.StateMachineUpdater (StateMachineUpdater.java:stopAndJoin(125)) - 9ce0b59e-153f-4f41-8aed-492a76d80b48@group-2F3A14F08318-StateMachineUpdater: set stopIndex = -1
2019-09-26 21:19:34,512 [9ce0b59e-153f-4f41-8aed-492a76d80b48@group-89E64784085E-SegmentedRaftLogWorker] INFO  segmented.SegmentedRaftLogWorker (SegmentedRaftLogWorker.java:close(228)) - 9ce0b59e-153f-4f41-8aed-492a76d80b48@group-89E64784085E-SegmentedRaftLogWorker close()
2019-09-26 21:19:34,512 [da833d8d-e72a-4068-9560-4daa2d83adc2@group-80D4D31A8B20-SegmentedRaftLogWorker] INFO  impl.RaftServerImpl (ServerState.java:close(385)) - da833d8d-e72a-4068-9560-4daa2d83adc2@group-80D4D31A8B20: closes. applyIndex: -1
2019-09-26 21:19:34,512 [09112efe-1fad-4539-a04f-c96aef6d2351@group-36B2132502C2-SegmentedRaftLogWorker] INFO  impl.StateMachineUpdater (StateMachineUpdater.java:stopAndJoin(125)) - 09112efe-1fad-4539-a04f-c96aef6d2351@group-36B2132502C2-StateMachineUpdater: set stopIndex = -1
2019-09-26 21:19:34,511 [da833d8d-e72a-4068-9560-4daa2d83adc2@group-5DCD0764729A-SegmentedRaftLogWorker] INFO  impl.StateMachineUpdater (StateMachineUpdater.java:stopAndJoin(125)) - da833d8d-e72a-4068-9560-4daa2d83adc2@group-5DCD0764729A-StateMachineUpdater: set stopIndex = -1
2019-09-26 21:19:34,518 [da833d8d-e72a-4068-9560-4daa2d83adc2@group-5DCD0764729A-SegmentedRaftLogWorker] INFO  impl.RaftServerImpl (ServerState.java:close(385)) - da833d8d-e72a-4068-9560-4daa2d83adc2@group-5DCD0764729A: closes. applyIndex: -1
2019-09-26 21:19:34,511 [da833d8d-e72a-4068-9560-4daa2d83adc2@group-4FC7302DF2CA:LeaderElection232] INFO  server.RaftServerConfigKeys (ConfUtils.java:logGet(43)) - raft.server.watch.element-limit = 65536 (default)
2019-09-26 21:19:34,518 [da833d8d-e72a-4068-9560-4daa2d83adc2@group-5DCD0764729A-SegmentedRaftLogWorker] INFO  segmented.SegmentedRaftLogWorker (SegmentedRaftLogWorker.java:close(228)) - da833d8d-e72a-4068-9560-4daa2d83adc2@group-5DCD0764729A-SegmentedRaftLogWorker close()
2019-09-26 21:19:34,518 [09112efe-1fad-4539-a04f-c96aef6d2351@group-36B2132502C2-SegmentedRaftLogWorker] INFO  impl.RaftServerImpl (ServerState.java:close(385)) - 09112efe-1fad-4539-a04f-c96aef6d2351@group-36B2132502C2: closes. applyIndex: -1
2019-09-26 21:19:34,518 [da833d8d-e72a-4068-9560-4daa2d83adc2@group-80D4D31A8B20-SegmentedRaftLogWorker] INFO  segmented.SegmentedRaftLogWorker (SegmentedRaftLogWorker.java:close(228)) - da833d8d-e72a-4068-9560-4daa2d83adc2@group-80D4D31A8B20-SegmentedRaftLogWorker close()
2019-09-26 21:19:34,518 [9ce0b59e-153f-4f41-8aed-492a76d80b48@group-2F3A14F08318-SegmentedRaftLogWorker] INFO  impl.RaftServerImpl (ServerState.java:close(385)) - 9ce0b59e-153f-4f41-8aed-492a76d80b48@group-2F3A14F08318: closes. applyIndex: -1
2019-09-26 21:19:34,518 [09112efe-1fad-4539-a04f-c96aef6d2351@group-3345E11CC80E-SegmentedRaftLogWorker] INFO  segmented.SegmentedRaftLogWorker (SegmentedRaftLogWorker.java:close(228)) - 09112efe-1fad-4539-a04f-c96aef6d2351@group-3345E11CC80E-SegmentedRaftLogWorker close()
2019-09-26 21:19:34,517 [9ce0b59e-153f-4f41-8aed-492a76d80b48@group-53B6FB8525AE-SegmentedRaftLogWorker] INFO  impl.RaftServerImpl (ServerState.java:close(385)) - 9ce0b59e-153f-4f41-8aed-492a76d80b48@group-53B6FB8525AE: closes. applyIndex: -1
2019-09-26 21:19:34,517 [9ce0b59e-153f-4f41-8aed-492a76d80b48@group-710F4F4B8A6C-SegmentedRaftLogWorker] INFO  segmented.SegmentedRaftLogWorker (SegmentedRaftLogWorker.java:close(228)) - 9ce0b59e-153f-4f41-8aed-492a76d80b48@group-710F4F4B8A6C-SegmentedRaftLogWorker close()
2019-09-26 21:19:34,516 [9ce0b59e-153f-4f41-8aed-492a76d80b48@group-1B503A35F909-SegmentedRaftLogWorker] INFO  segmented.SegmentedRaftLogWorker (SegmentedRaftLogWorker.java:close(228)) - 9ce0b59e-153f-4f41-8aed-492a76d80b48@group-1B503A35F909-SegmentedRaftLogWorker close()
2019-09-26 21:19:34,516 [da833d8d-e72a-4068-9560-4daa2d83adc2@group-009B25A2B20A-SegmentedRaftLogWorker] INFO  impl.RaftServerImpl (ServerState.java:close(385)) - da833d8d-e72a-4068-9560-4daa2d83adc2@group-009B25A2B20A: closes. applyIndex: -1
2019-09-26 21:19:34,516 [1178c3ae-d0b4-4d44-b144-fe8504cc41ac@group-E8E6DAF52BD9-SegmentedRaftLogWorker] INFO  segmented.SegmentedRaftLogWorker (SegmentedRaftLogWorker.java:close(228)) - 1178c3ae-d0b4-4d44-b144-fe8504cc41ac@group-E8E6DAF52BD9-SegmentedRaftLogWorker close()
2019-09-26 21:19:34,515 [pool-27-thread-1] INFO  server.RaftServerConfigKeys (ConfUtils.java:logGet(43)) - raft.server.log.statemachine.data.sync.timeout = 10s (default)
2019-09-26 21:19:34,520 [da833d8d-e72a-4068-9560-4daa2d83adc2@group-009B25A2B20A-SegmentedRaftLogWorker] INFO  segmented.SegmentedRaftLogWorker (SegmentedRaftLogWorker.java:close(228)) - da833d8d-e72a-4068-9560-4daa2d83adc2@group-009B25A2B20A-SegmentedRaftLogWorker close()
2019-09-26 21:19:34,519 [9ce0b59e-153f-4f41-8aed-492a76d80b48@group-53B6FB8525AE-SegmentedRaftLogWorker] INFO  segmented.SegmentedRaftLogWorker (SegmentedRaftLogWorker.java:close(228)) - 9ce0b59e-153f-4f41-8aed-492a76d80b48@group-53B6FB8525AE-SegmentedRaftLogWorker close()
2019-09-26 21:19:34,519 [9ce0b59e-153f-4f41-8aed-492a76d80b48@group-2F3A14F08318-SegmentedRaftLogWorker] INFO  segmented.SegmentedRaftLogWorker (SegmentedRaftLogWorker.java:close(228)) - 9ce0b59e-153f-4f41-8aed-492a76d80b48@group-2F3A14F08318-SegmentedRaftLogWorker close()
2019-09-26 21:19:34,519 [09112efe-1fad-4539-a04f-c96aef6d2351@group-36B2132502C2-SegmentedRaftLogWorker] INFO  segmented.SegmentedRaftLogWorker (SegmentedRaftLogWorker.java:close(228)) - 09112efe-1fad-4539-a04f-c96aef6d2351@group-36B2132502C2-SegmentedRaftLogWorker close()
2019-09-26 21:19:34,520 [pool-27-thread-1] INFO  server.RaftServerConfigKeys (ConfUtils.java:logGet(43)) - raft.server.log.statemachine.data.sync.timeout.retry = -1 (default)
2019-09-26 21:19:34,540 [pool-27-thread-1] INFO  server.RaftServerConfigKeys (ConfUtils.java:logGet(43)) - raft.server.log.statemachine.data.caching.enabled = true (custom)
2019-09-26 21:19:34,540 [pool-27-thread-1] INFO  segmented.SegmentedRaftLogWorker (SegmentedRaftLogWorker.java:lambda$new$0(132)) - 9ce0b59e-153f-4f41-8aed-492a76d80b48@group-450F00B29BD4-SegmentedRaftLogWorker: flushIndex: setUnconditionally 0 -> -1
2019-09-26 21:19:34,541 [pool-27-thread-1] INFO  server.RaftServerConfigKeys (ConfUtils.java:logGet(43)) - raft.server.snapshot.auto.trigger.enabled = true (custom)
2019-09-26 21:19:34,542 [pool-57-thread-1] INFO  impl.RoleInfo (RoleInfo.java:updateAndGet(143)) - 0c640f50-2bc9-49b6-b785-a27e3116e6ba: start FollowerState
2019-09-26 21:19:34,542 [Thread-1414] INFO  impl.RoleInfo (RoleInfo.java:updateAndGet(143)) - 0c640f50-2bc9-49b6-b785-a27e3116e6ba: start LeaderElection
2019-09-26 21:19:34,542 [9ce0b59e-153f-4f41-8aed-492a76d80b48@group-6C47FF3504AD:LeaderElection238] INFO  server.RaftServerConfigKeys (ConfUtils.java:logGet(43)) - raft.server.write.element-limit = 4096 (default)
2019-09-26 21:19:34,543 [pool-27-thread-1] INFO  server.RaftServerConfigKeys (ConfUtils.java:logGet(43)) - raft.server.snapshot.auto.trigger.threshold = 10000 (custom)
2019-09-26 21:19:34,543 [pool-37-thread-1] INFO  server.RaftServerConfigKeys (ConfUtils.java:logGet(43)) - raft.server.log.statemachine.data.caching.enabled = true (custom)
2019-09-26 21:19:34,543 [pool-67-thread-1] INFO  server.RaftServerConfigKeys (ConfUtils.java:logGet(43)) - raft.server.log.statemachine.data.caching.enabled = true (custom)
2019-09-26 21:19:35,332 [pool-37-thread-1] INFO  segmented.SegmentedRaftLogWorker (SegmentedRaftLogWorker.java:lambda$new$0(132)) - 1178c3ae-d0b4-4d44-b144-fe8504cc41ac@group-6B7477E54974-SegmentedRaftLogWorker: flushIndex: setUnconditionally 0 -> -1
2019-09-26 21:19:35,332 [da833d8d-e72a-4068-9560-4daa2d83adc2@group-2250387AFD51:LeaderElection217] INFO  impl.RaftServerImpl (ServerState.java:setRaftConf(354)) - da833d8d-e72a-4068-9560-4daa2d83adc2@group-2250387AFD51: set configuration 0: [da833d8d-e72a-4068-9560-4daa2d83adc2:192.168.151.99:38903], old=null at 0
2019-09-26 21:19:35,332 [1178c3ae-d0b4-4d44-b144-fe8504cc41ac@group-87E66A5F5023:LeaderElection218] INFO  impl.RaftServerImpl (ServerState.java:setRaftConf(354)) - 1178c3ae-d0b4-4d44-b144-fe8504cc41ac@group-87E66A5F5023: set configuration 0: [1178c3ae-d0b4-4d44-b144-fe8504cc41ac:192.168.151.99:33787], old=null at 0
2019-09-26 21:19:35,329 [1178c3ae-d0b4-4d44-b144-fe8504cc41ac@group-775FCA086A09-SegmentedRaftLogWorker] ERROR segmented.SegmentedRaftLogWorker (SegmentedRaftLogWorker.java:run(323)) - 1178c3ae-d0b4-4d44-b144-fe8504cc41ac@group-775FCA086A09-SegmentedRaftLogWorker hit exception
java.lang.OutOfMemoryError: Direct buffer memory
	at java.nio.Bits.reserveMemory(Bits.java:666)
	at java.nio.DirectByteBuffer.<init>(DirectByteBuffer.java:123)
	at java.nio.ByteBuffer.allocateDirect(ByteBuffer.java:311)
	at org.apache.ratis.server.raftlog.segmented.BufferedWriteChannel.<init>(BufferedWriteChannel.java:41)
	at org.apache.ratis.server.raftlog.segmented.SegmentedRaftLogOutputStream.<init>(SegmentedRaftLogOutputStream.java:72)
	at org.apache.ratis.server.raftlog.segmented.SegmentedRaftLogWorker$StartLogSegment.execute(SegmentedRaftLogWorker.java:566)
	at org.apache.ratis.server.raftlog.segmented.SegmentedRaftLogWorker.run(SegmentedRaftLogWorker.java:289)
	at java.lang.Thread.run(Thread.java:748)
2019-09-26 21:19:35,329 [09112efe-1fad-4539-a04f-c96aef6d2351@group-786B1197DED0-SegmentedRaftLogWorker] ERROR segmented.SegmentedRaftLogWorker (SegmentedRaftLogWorker.java:run(323)) - 09112efe-1fad-4539-a04f-c96aef6d2351@group-786B1197DED0-SegmentedRaftLogWorker hit exception
java.lang.OutOfMemoryError: Direct buffer memory
	at java.nio.Bits.reserveMemory(Bits.java:666)
	at java.nio.DirectByteBuffer.<init>(DirectByteBuffer.java:123)
	at java.nio.ByteBuffer.allocateDirect(ByteBuffer.java:311)
	at org.apache.ratis.server.raftlog.segmented.BufferedWriteChannel.<init>(BufferedWriteChannel.java:41)
	at org.apache.ratis.server.raftlog.segmented.SegmentedRaftLogOutputStream.<init>(SegmentedRaftLogOutputStream.java:72)
	at org.apache.ratis.server.raftlog.segmented.SegmentedRaftLogWorker$StartLogSegment.execute(SegmentedRaftLogWorker.java:566)
	at org.apache.ratis.server.raftlog.segmented.SegmentedRaftLogWorker.run(SegmentedRaftLogWorker.java:289)
	at java.lang.Thread.run(Thread.java:748)
2019-09-26 21:19:36,489 [09112efe-1fad-4539-a04f-c96aef6d2351@group-786B1197DED0-SegmentedRaftLogWorker] INFO  impl.RaftServerImpl (RaftServerImpl.java:lambda$shutdown$3(251)) - 09112efe-1fad-4539-a04f-c96aef6d2351@group-786B1197DED0: shutdown
2019-09-26 21:19:34,877 [Thread-1415] INFO  impl.RoleInfo (RoleInfo.java:updateAndGet(143)) - da833d8d-e72a-4068-9560-4daa2d83adc2: start LeaderElection
2019-09-26 21:19:34,877 [Thread-1413] INFO  impl.RoleInfo (RoleInfo.java:updateAndGet(143)) - 9ce0b59e-153f-4f41-8aed-492a76d80b48: start LeaderElection
2019-09-26 21:19:34,543 [0c640f50-2bc9-49b6-b785-a27e3116e6ba@group-EA44501B296B:LeaderElection239] INFO  server.RaftServerConfigKeys (ConfUtils.java:logGet(43)) - raft.server.write.element-limit = 4096 (default)
2019-09-26 21:19:34,543 [pool-27-thread-1] INFO  server.RaftServerConfigKeys (ConfUtils.java:logGet(43)) - raft.server.snapshot.retention.num.files = 5 (custom)
2019-09-26 21:19:34,543 [9ce0b59e-153f-4f41-8aed-492a76d80b48@group-6C47FF3504AD:LeaderElection238] INFO  server.RaftServerConfigKeys (ConfUtils.java:logGet(43)) - raft.server.watch.timeout = 10s (default)
2019-09-26 21:19:34,543 [pool-57-thread-1] INFO  util.JmxRegister (JmxRegister.java:tryRegister(44)) - Successfully registered JMX Bean with object name Ratis:service=RaftServer,group=group-6B7477E54974,id=0c640f50-2bc9-49b6-b785-a27e3116e6ba
2019-09-26 21:19:36,498 [9ce0b59e-153f-4f41-8aed-492a76d80b48@group-6C47FF3504AD:LeaderElection238] INFO  server.RaftServerConfigKeys (ConfUtils.java:logGet(43)) - raft.server.watch.timeout.denomination = 1s (default)
2019-09-26 21:19:36,498 [pool-27-thread-1] INFO  server.RaftServerConfigKeys (ConfUtils.java:logGet(43)) - raft.server.retrycache.expirytime = 600000ms (custom)
2019-09-26 21:19:36,498 [0c640f50-2bc9-49b6-b785-a27e3116e6ba@group-EA44501B296B:LeaderElection239] INFO  server.RaftServerConfigKeys (ConfUtils.java:logGet(43)) - raft.server.watch.timeout = 10s (default)
2019-09-26 21:19:36,497 [09112efe-1fad-4539-a04f-c96aef6d2351@group-786B1197DED0-SegmentedRaftLogWorker] INFO  util.JmxRegister (JmxRegister.java:unregister(73)) - Successfully un-registered JMX Bean with object name Ratis:service=RaftServer,group=group-786B1197DED0,id=09112efe-1fad-4539-a04f-c96aef6d2351
2019-09-26 21:19:36,489 [pool-37-thread-1] INFO  server.RaftServerConfigKeys (ConfUtils.java:logGet(43)) - raft.server.snapshot.auto.trigger.enabled = true (custom)
2019-09-26 21:19:36,489 [0c640f50-2bc9-49b6-b785-a27e3116e6ba@group-255437930481:LeaderElection242] INFO  impl.LeaderElection (LeaderElection.java:askForVotes(182)) - 0c640f50-2bc9-49b6-b785-a27e3116e6ba@group-255437930481:LeaderElection242: begin an election at term 3 for -1: [0c640f50-2bc9-49b6-b785-a27e3116e6ba:192.168.151.99:42361, 9ce0b59e-153f-4f41-8aed-492a76d80b48:192.168.151.99:34156, da833d8d-e72a-4068-9560-4daa2d83adc2:192.168.151.99:38903], old=null
2019-09-26 21:19:36,486 [1178c3ae-d0b4-4d44-b144-fe8504cc41ac@group-9BABA4CE95C3-SegmentedRaftLogWorker] ERROR segmented.SegmentedRaftLogWorker (SegmentedRaftLogWorker.java:run(323)) - 1178c3ae-d0b4-4d44-b144-fe8504cc41ac@group-9BABA4CE95C3-SegmentedRaftLogWorker hit exception
java.lang.OutOfMemoryError: Direct buffer memory
	at java.nio.Bits.reserveMemory(Bits.java:666)
	at java.nio.DirectByteBuffer.<init>(DirectByteBuffer.java:123)
	at java.nio.ByteBuffer.allocateDirect(ByteBuffer.java:311)
	at org.apache.ratis.server.raftlog.segmented.BufferedWriteChannel.<init>(BufferedWriteChannel.java:41)
	at org.apache.ratis.server.raftlog.segmented.SegmentedRaftLogOutputStream.<init>(SegmentedRaftLogOutputStream.java:72)
	at org.apache.ratis.server.raftlog.segmented.SegmentedRaftLogWorker$StartLogSegment.execute(SegmentedRaftLogWorker.java:566)
	at org.apache.ratis.server.raftlog.segmented.SegmentedRaftLogWorker.run(SegmentedRaftLogWorker.java:289)
	at java.lang.Thread.run(Thread.java:748)
2019-09-26 21:19:36,205 [9ce0b59e-153f-4f41-8aed-492a76d80b48@group-BBE9186E4BB1:LeaderElection189] INFO  impl.RaftServerImpl (ServerState.java:setRaftConf(354)) - 9ce0b59e-153f-4f41-8aed-492a76d80b48@group-BBE9186E4BB1: set configuration 0: [9ce0b59e-153f-4f41-8aed-492a76d80b48:192.168.151.99:34156], old=null at 0
2019-09-26 21:19:34,878 [1178c3ae-d0b4-4d44-b144-fe8504cc41ac@group-84CE257E3DC6:LeaderElection237] INFO  server.RaftServerConfigKeys (ConfUtils.java:logGet(43)) - raft.server.write.element-limit = 4096 (default)
2019-09-26 21:19:36,202 [org.apache.hadoop.util.JvmPauseMonitor$Monitor@10aabb78] INFO  util.JvmPauseMonitor (JvmPauseMonitor.java:run(205)) - Detected pause in JVM or host machine (eg GC): pause of approximately 1223ms
GC pool 'PS MarkSweep' had collection(s): count=7 time=1529ms
GC pool 'PS Scavenge' had collection(s): count=7 time=68ms
2019-09-26 21:19:36,202 [org.apache.hadoop.util.JvmPauseMonitor$Monitor@3d307240] INFO  util.JvmPauseMonitor (JvmPauseMonitor.java:run(205)) - Detected pause in JVM or host machine (eg GC): pause of approximately 1223ms
GC pool 'PS MarkSweep' had collection(s): count=7 time=1529ms
GC pool 'PS Scavenge' had collection(s): count=7 time=68ms
2019-09-26 21:19:36,202 [org.apache.hadoop.util.JvmPauseMonitor$Monitor@5af9926a] INFO  util.JvmPauseMonitor (JvmPauseMonitor.java:run(205)) - Detected pause in JVM or host machine (eg GC): pause of approximately 1223ms
GC pool 'PS MarkSweep' had collection(s): count=7 time=1529ms
GC pool 'PS Scavenge' had collection(s): count=7 time=68ms
2019-09-26 21:19:36,202 [org.apache.hadoop.util.JvmPauseMonitor$Monitor@29aa7e31] INFO  util.JvmPauseMonitor (JvmPauseMonitor.java:run(205)) - Detected pause in JVM or host machine (eg GC): pause of approximately 1223ms
GC pool 'PS MarkSweep' had collection(s): count=7 time=1529ms
GC pool 'PS Scavenge' had collection(s): count=7 time=68ms
2019-09-26 21:19:36,202 [org.apache.hadoop.util.JvmPauseMonitor$Monitor@5ffb8d62] INFO  util.JvmPauseMonitor (JvmPauseMonitor.java:run(205)) - Detected pause in JVM or host machine (eg GC): pause of approximately 1222ms
GC pool 'PS MarkSweep' had collection(s): count=7 time=1529ms
GC pool 'PS Scavenge' had collection(s): count=7 time=68ms
2019-09-26 21:19:36,202 [org.apache.hadoop.util.JvmPauseMonitor$Monitor@f73fcf1] INFO  util.JvmPauseMonitor (JvmPauseMonitor.java:run(205)) - Detected pause in JVM or host machine (eg GC): pause of approximately 1222ms
GC pool 'PS MarkSweep' had collection(s): count=7 time=1529ms
GC pool 'PS Scavenge' had collection(s): count=7 time=68ms
2019-09-26 21:19:35,334 [1178c3ae-d0b4-4d44-b144-fe8504cc41ac@group-775FCA086A09-SegmentedRaftLogWorker] INFO  impl.RaftServerImpl (RaftServerImpl.java:lambda$shutdown$3(251)) - 1178c3ae-d0b4-4d44-b144-fe8504cc41ac@group-775FCA086A09: shutdown
2019-09-26 21:19:35,334 [9ce0b59e-153f-4f41-8aed-492a76d80b48@group-F676E590A49D:LeaderElection186] INFO  impl.RaftServerImpl (ServerState.java:setRaftConf(354)) - 9ce0b59e-153f-4f41-8aed-492a76d80b48@group-F676E590A49D: set configuration 0: [9ce0b59e-153f-4f41-8aed-492a76d80b48:192.168.151.99:34156], old=null at 0
2019-09-26 21:19:35,334 [09112efe-1fad-4539-a04f-c96aef6d2351@group-8808E0E383FD:LeaderElection216] INFO  impl.RaftServerImpl (ServerState.java:setRaftConf(354)) - 09112efe-1fad-4539-a04f-c96aef6d2351@group-8808E0E383FD: set configuration 0: [09112efe-1fad-4539-a04f-c96aef6d2351:192.168.151.99:45286], old=null at 0
2019-09-26 21:19:35,333 [1178c3ae-d0b4-4d44-b144-fe8504cc41ac@group-C4ECAA6EBF50:LeaderElection198] INFO  impl.RaftServerImpl (ServerState.java:setRaftConf(354)) - 1178c3ae-d0b4-4d44-b144-fe8504cc41ac@group-C4ECAA6EBF50: set configuration 0: [1178c3ae-d0b4-4d44-b144-fe8504cc41ac:192.168.151.99:33787], old=null at 0
2019-09-26 21:19:35,333 [1178c3ae-d0b4-4d44-b144-fe8504cc41ac@group-51A2D4D8C13B:LeaderElection203] INFO  impl.RaftServerImpl (ServerState.java:setRaftConf(354)) - 1178c3ae-d0b4-4d44-b144-fe8504cc41ac@group-51A2D4D8C13B: set configuration 0: [1178c3ae-d0b4-4d44-b144-fe8504cc41ac:192.168.151.99:33787], old=null at 0
2019-09-26 21:19:35,333 [0c640f50-2bc9-49b6-b785-a27e3116e6ba@group-2260AD7B7718:LeaderElection214] INFO  impl.RaftServerImpl (ServerState.java:setRaftConf(354)) - 0c640f50-2bc9-49b6-b785-a27e3116e6ba@group-2260AD7B7718: set configuration 0: [0c640f50-2bc9-49b6-b785-a27e3116e6ba:192.168.151.99:42361], old=null at 0
2019-09-26 21:19:35,332 [pool-67-thread-1] INFO  segmented.SegmentedRaftLogWorker (SegmentedRaftLogWorker.java:lambda$new$0(132)) - da833d8d-e72a-4068-9560-4daa2d83adc2@group-6B7477E54974-SegmentedRaftLogWorker: flushIndex: setUnconditionally 0 -> -1
2019-09-26 21:19:35,332 [1178c3ae-d0b4-4d44-b144-fe8504cc41ac@group-449BE572DC99:LeaderElection190] INFO  impl.RaftServerImpl (ServerState.java:setRaftConf(354)) - 1178c3ae-d0b4-4d44-b144-fe8504cc41ac@group-449BE572DC99: set configuration 0: [1178c3ae-d0b4-4d44-b144-fe8504cc41ac:192.168.151.99:33787], old=null at 0
2019-09-26 21:19:36,501 [1178c3ae-d0b4-4d44-b144-fe8504cc41ac@group-775FCA086A09-SegmentedRaftLogWorker] INFO  util.JmxRegister (JmxRegister.java:unregister(73)) - Successfully un-registered JMX Bean with object name Ratis:service=RaftServer,group=group-775FCA086A09,id=1178c3ae-d0b4-4d44-b144-fe8504cc41ac
2019-09-26 21:19:36,500 [Thread-1435] INFO  rpc.RpcClient (RpcClient.java:createVolume(276)) - Creating Volume: volume82463, with user39122 as owner.
2019-09-26 21:19:36,500 [1178c3ae-d0b4-4d44-b144-fe8504cc41ac@group-84CE257E3DC6:LeaderElection237] INFO  server.RaftServerConfigKeys (ConfUtils.java:logGet(43)) - raft.server.watch.timeout = 10s (default)
2019-09-26 21:19:36,500 [1178c3ae-d0b4-4d44-b144-fe8504cc41ac@group-9BABA4CE95C3-SegmentedRaftLogWorker] INFO  impl.RaftServerImpl (RaftServerImpl.java:lambda$shutdown$3(251)) - 1178c3ae-d0b4-4d44-b144-fe8504cc41ac@group-9BABA4CE95C3: shutdown
2019-09-26 21:19:36,499 [pool-37-thread-1] INFO  server.RaftServerConfigKeys (ConfUtils.java:logGet(43)) - raft.server.snapshot.auto.trigger.threshold = 10000 (custom)
2019-09-26 21:19:36,499 [09112efe-1fad-4539-a04f-c96aef6d2351@group-786B1197DED0-SegmentedRaftLogWorker] INFO  impl.RoleInfo (RoleInfo.java:shutdownLeaderState(104)) - 09112efe-1fad-4539-a04f-c96aef6d2351: shutdown LeaderState
2019-09-26 21:19:36,499 [0c640f50-2bc9-49b6-b785-a27e3116e6ba@group-EA44501B296B:LeaderElection239] INFO  server.RaftServerConfigKeys (ConfUtils.java:logGet(43)) - raft.server.watch.timeout.denomination = 1s (default)
2019-09-26 21:19:36,499 [9ce0b59e-153f-4f41-8aed-492a76d80b48@group-6C47FF3504AD:LeaderElection238] INFO  server.RaftServerConfigKeys (ConfUtils.java:logGet(43)) - raft.server.watch.element-limit = 65536 (default)
2019-09-26 21:19:36,504 [0c640f50-2bc9-49b6-b785-a27e3116e6ba@group-EA44501B296B:LeaderElection239] INFO  server.RaftServerConfigKeys (ConfUtils.java:logGet(43)) - raft.server.watch.element-limit = 65536 (default)
2019-09-26 21:19:36,504 [09112efe-1fad-4539-a04f-c96aef6d2351@group-786B1197DED0-SegmentedRaftLogWorker] INFO  impl.PendingRequests (PendingRequests.java:sendNotLeaderResponses(202)) - 09112efe-1fad-4539-a04f-c96aef6d2351-PendingRequests: sendNotLeaderResponses
2019-09-26 21:19:36,503 [pool-37-thread-1] INFO  server.RaftServerConfigKeys (ConfUtils.java:logGet(43)) - raft.server.snapshot.retention.num.files = 5 (custom)
2019-09-26 21:19:36,503 [1178c3ae-d0b4-4d44-b144-fe8504cc41ac@group-9BABA4CE95C3-SegmentedRaftLogWorker] INFO  util.JmxRegister (JmxRegister.java:unregister(73)) - Successfully un-registered JMX Bean with object name Ratis:service=RaftServer,group=group-9BABA4CE95C3,id=1178c3ae-d0b4-4d44-b144-fe8504cc41ac
2019-09-26 21:19:36,505 [1178c3ae-d0b4-4d44-b144-fe8504cc41ac@group-9BABA4CE95C3-SegmentedRaftLogWorker] INFO  impl.RoleInfo (RoleInfo.java:shutdownLeaderState(104)) - 1178c3ae-d0b4-4d44-b144-fe8504cc41ac: shutdown LeaderState
2019-09-26 21:19:36,503 [1178c3ae-d0b4-4d44-b144-fe8504cc41ac@group-84CE257E3DC6:LeaderElection237] INFO  server.RaftServerConfigKeys (ConfUtils.java:logGet(43)) - raft.server.watch.timeout.denomination = 1s (default)
2019-09-26 21:19:36,503 [1178c3ae-d0b4-4d44-b144-fe8504cc41ac@group-775FCA086A09-SegmentedRaftLogWorker] INFO  impl.RoleInfo (RoleInfo.java:shutdownLeaderState(104)) - 1178c3ae-d0b4-4d44-b144-fe8504cc41ac: shutdown LeaderState
2019-09-26 21:19:36,505 [1178c3ae-d0b4-4d44-b144-fe8504cc41ac@group-84CE257E3DC6:LeaderElection237] INFO  server.RaftServerConfigKeys (ConfUtils.java:logGet(43)) - raft.server.watch.element-limit = 65536 (default)
2019-09-26 21:19:36,505 [1178c3ae-d0b4-4d44-b144-fe8504cc41ac@group-9BABA4CE95C3-SegmentedRaftLogWorker] INFO  impl.PendingRequests (PendingRequests.java:sendNotLeaderResponses(202)) - 1178c3ae-d0b4-4d44-b144-fe8504cc41ac-PendingRequests: sendNotLeaderResponses
2019-09-26 21:19:36,504 [09112efe-1fad-4539-a04f-c96aef6d2351@group-786B1197DED0-SegmentedRaftLogWorker] INFO  impl.StateMachineUpdater (StateMachineUpdater.java:stopAndJoin(125)) - 09112efe-1fad-4539-a04f-c96aef6d2351@group-786B1197DED0-StateMachineUpdater: set stopIndex = -1
2019-09-26 21:19:36,505 [1178c3ae-d0b4-4d44-b144-fe8504cc41ac@group-9BABA4CE95C3-SegmentedRaftLogWorker] INFO  impl.StateMachineUpdater (StateMachineUpdater.java:stopAndJoin(125)) - 1178c3ae-d0b4-4d44-b144-fe8504cc41ac@group-9BABA4CE95C3-StateMachineUpdater: set stopIndex = -1
2019-09-26 21:19:36,506 [1178c3ae-d0b4-4d44-b144-fe8504cc41ac@group-9BABA4CE95C3-SegmentedRaftLogWorker] INFO  impl.RaftServerImpl (ServerState.java:close(385)) - 1178c3ae-d0b4-4d44-b144-fe8504cc41ac@group-9BABA4CE95C3: closes. applyIndex: -1
2019-09-26 21:19:36,505 [IPC Server handler 19 on 34540] INFO  volume.OMVolumeCreateRequest (OMVolumeCreateRequest.java:validateAndUpdateCache(189)) - created volume:volume82463 for user:user39122
2019-09-26 21:19:36,505 [1178c3ae-d0b4-4d44-b144-fe8504cc41ac@group-775FCA086A09-SegmentedRaftLogWorker] INFO  impl.PendingRequests (PendingRequests.java:sendNotLeaderResponses(202)) - 1178c3ae-d0b4-4d44-b144-fe8504cc41ac-PendingRequests: sendNotLeaderResponses
2019-09-26 21:19:36,506 [1178c3ae-d0b4-4d44-b144-fe8504cc41ac@group-9BABA4CE95C3-SegmentedRaftLogWorker] INFO  segmented.SegmentedRaftLogWorker (SegmentedRaftLogWorker.java:close(228)) - 1178c3ae-d0b4-4d44-b144-fe8504cc41ac@group-9BABA4CE95C3-SegmentedRaftLogWorker close()
2019-09-26 21:19:36,505 [09112efe-1fad-4539-a04f-c96aef6d2351@group-786B1197DED0-SegmentedRaftLogWorker] INFO  impl.RaftServerImpl (ServerState.java:close(385)) - 09112efe-1fad-4539-a04f-c96aef6d2351@group-786B1197DED0: closes. applyIndex: -1
2019-09-26 21:19:36,506 [1178c3ae-d0b4-4d44-b144-fe8504cc41ac@group-775FCA086A09-SegmentedRaftLogWorker] INFO  impl.StateMachineUpdater (StateMachineUpdater.java:stopAndJoin(125)) - 1178c3ae-d0b4-4d44-b144-fe8504cc41ac@group-775FCA086A09-StateMachineUpdater: set stopIndex = -1
2019-09-26 21:19:36,506 [09112efe-1fad-4539-a04f-c96aef6d2351@group-786B1197DED0-SegmentedRaftLogWorker] INFO  segmented.SegmentedRaftLogWorker (SegmentedRaftLogWorker.java:close(228)) - 09112efe-1fad-4539-a04f-c96aef6d2351@group-786B1197DED0-SegmentedRaftLogWorker close()
2019-09-26 21:19:36,507 [1178c3ae-d0b4-4d44-b144-fe8504cc41ac@group-775FCA086A09-SegmentedRaftLogWorker] INFO  impl.RaftServerImpl (ServerState.java:close(385)) - 1178c3ae-d0b4-4d44-b144-fe8504cc41ac@group-775FCA086A09: closes. applyIndex: -1
2019-09-26 21:19:36,507 [1178c3ae-d0b4-4d44-b144-fe8504cc41ac@group-775FCA086A09-SegmentedRaftLogWorker] INFO  segmented.SegmentedRaftLogWorker (SegmentedRaftLogWorker.java:close(228)) - 1178c3ae-d0b4-4d44-b144-fe8504cc41ac@group-775FCA086A09-SegmentedRaftLogWorker close()
2019-09-26 21:19:36,508 [Thread-1435] INFO  rpc.RpcClient (RpcClient.java:createBucket(415)) - Creating Bucket: volume82463/bucket33975, with Versioning false and Storage Type set to DISK and Encryption set to false 
2019-09-26 21:19:36,510 [9ce0b59e-153f-4f41-8aed-492a76d80b48@group-255437930481:LeaderElection241] INFO  impl.LeaderElection (LeaderElection.java:askForVotes(182)) - 9ce0b59e-153f-4f41-8aed-492a76d80b48@group-255437930481:LeaderElection241: begin an election at term 3 for -1: [0c640f50-2bc9-49b6-b785-a27e3116e6ba:192.168.151.99:42361, 9ce0b59e-153f-4f41-8aed-492a76d80b48:192.168.151.99:34156, da833d8d-e72a-4068-9560-4daa2d83adc2:192.168.151.99:38903], old=null
2019-09-26 21:19:36,510 [da833d8d-e72a-4068-9560-4daa2d83adc2@group-255437930481:LeaderElection240] INFO  impl.LeaderElection (LeaderElection.java:askForVotes(182)) - da833d8d-e72a-4068-9560-4daa2d83adc2@group-255437930481:LeaderElection240: begin an election at term 3 for -1: [0c640f50-2bc9-49b6-b785-a27e3116e6ba:192.168.151.99:42361, 9ce0b59e-153f-4f41-8aed-492a76d80b48:192.168.151.99:34156, da833d8d-e72a-4068-9560-4daa2d83adc2:192.168.151.99:38903], old=null
2019-09-26 21:19:36,553 [pool-37-thread-1] INFO  server.RaftServerConfigKeys (ConfUtils.java:logGet(43)) - raft.server.retrycache.expirytime = 600000ms (custom)
2019-09-26 21:19:36,553 [pool-67-thread-1] INFO  server.RaftServerConfigKeys (ConfUtils.java:logGet(43)) - raft.server.snapshot.auto.trigger.enabled = true (custom)
2019-09-26 21:19:36,554 [pool-67-thread-1] INFO  server.RaftServerConfigKeys (ConfUtils.java:logGet(43)) - raft.server.snapshot.auto.trigger.threshold = 10000 (custom)
2019-09-26 21:19:36,554 [pool-67-thread-1] INFO  server.RaftServerConfigKeys (ConfUtils.java:logGet(43)) - raft.server.snapshot.retention.num.files = 5 (custom)
2019-09-26 21:19:36,554 [pool-67-thread-1] INFO  server.RaftServerConfigKeys (ConfUtils.java:logGet(43)) - raft.server.retrycache.expirytime = 600000ms (custom)
2019-09-26 21:19:36,556 [0c640f50-2bc9-49b6-b785-a27e3116e6ba@group-255437930481:LeaderElection242] INFO  impl.LeaderElection (LeaderElection.java:logAndReturn(56)) - 0c640f50-2bc9-49b6-b785-a27e3116e6ba@group-255437930481:LeaderElection242: Election REJECTED; received 2 response(s) [0c640f50-2bc9-49b6-b785-a27e3116e6ba<-9ce0b59e-153f-4f41-8aed-492a76d80b48#0:FAIL-t3, 0c640f50-2bc9-49b6-b785-a27e3116e6ba<-da833d8d-e72a-4068-9560-4daa2d83adc2#0:FAIL-t3] and 0 exception(s); 0c640f50-2bc9-49b6-b785-a27e3116e6ba@group-255437930481:t3, leader=null, voted=0c640f50-2bc9-49b6-b785-a27e3116e6ba, raftlog=0c640f50-2bc9-49b6-b785-a27e3116e6ba@group-255437930481-SegmentedRaftLog:OPENED:c-1,f-1,i0, conf=-1: [0c640f50-2bc9-49b6-b785-a27e3116e6ba:192.168.151.99:42361, 9ce0b59e-153f-4f41-8aed-492a76d80b48:192.168.151.99:34156, da833d8d-e72a-4068-9560-4daa2d83adc2:192.168.151.99:38903], old=null
2019-09-26 21:19:36,556 [0c640f50-2bc9-49b6-b785-a27e3116e6ba@group-255437930481:LeaderElection242] INFO  impl.RaftServerImpl (RaftServerImpl.java:setRole(174)) - 0c640f50-2bc9-49b6-b785-a27e3116e6ba@group-255437930481: changes role from CANDIDATE to FOLLOWER at term 3 for DISCOVERED_A_NEW_TERM
2019-09-26 21:19:36,556 [0c640f50-2bc9-49b6-b785-a27e3116e6ba@group-255437930481:LeaderElection242] INFO  impl.RoleInfo (RoleInfo.java:shutdownLeaderElection(134)) - 0c640f50-2bc9-49b6-b785-a27e3116e6ba: shutdown LeaderElection
2019-09-26 21:19:36,556 [0c640f50-2bc9-49b6-b785-a27e3116e6ba@group-255437930481:LeaderElection242] INFO  impl.RoleInfo (RoleInfo.java:updateAndGet(143)) - 0c640f50-2bc9-49b6-b785-a27e3116e6ba: start FollowerState
2019-09-26 21:19:36,557 [da833d8d-e72a-4068-9560-4daa2d83adc2@group-255437930481:LeaderElection240] INFO  impl.LeaderElection (LeaderElection.java:logAndReturn(56)) - da833d8d-e72a-4068-9560-4daa2d83adc2@group-255437930481:LeaderElection240: Election REJECTED; received 2 response(s) [da833d8d-e72a-4068-9560-4daa2d83adc2<-0c640f50-2bc9-49b6-b785-a27e3116e6ba#0:FAIL-t3, da833d8d-e72a-4068-9560-4daa2d83adc2<-9ce0b59e-153f-4f41-8aed-492a76d80b48#0:FAIL-t3] and 0 exception(s); da833d8d-e72a-4068-9560-4daa2d83adc2@group-255437930481:t3, leader=null, voted=da833d8d-e72a-4068-9560-4daa2d83adc2, raftlog=da833d8d-e72a-4068-9560-4daa2d83adc2@group-255437930481-SegmentedRaftLog:OPENED:c-1,f-1,i0, conf=-1: [0c640f50-2bc9-49b6-b785-a27e3116e6ba:192.168.151.99:42361, 9ce0b59e-153f-4f41-8aed-492a76d80b48:192.168.151.99:34156, da833d8d-e72a-4068-9560-4daa2d83adc2:192.168.151.99:38903], old=null
2019-09-26 21:19:36,566 [Thread-1435] INFO  contract.AbstractFSContractTestBase (AbstractFSContractTestBase.java:setup(184)) - Test filesystem = o3fs://bucket33975.volume82463 implemented by OzoneFileSystem{URI=o3fs://bucket33975.volume82463, workingDir=o3fs://bucket33975.volume82463/user/jenkins1000, userName=jenkins1000, statistics=0 bytes read, 0 bytes written, 18 read ops, 0 large read ops, 6 write ops}
2019-09-26 21:19:36,609 [9ce0b59e-153f-4f41-8aed-492a76d80b48@group-255437930481:LeaderElection241] INFO  impl.LeaderElection (LeaderElection.java:logAndReturn(56)) - 9ce0b59e-153f-4f41-8aed-492a76d80b48@group-255437930481:LeaderElection241: Election REJECTED; received 2 response(s) [9ce0b59e-153f-4f41-8aed-492a76d80b48<-0c640f50-2bc9-49b6-b785-a27e3116e6ba#0:FAIL-t3, 9ce0b59e-153f-4f41-8aed-492a76d80b48<-da833d8d-e72a-4068-9560-4daa2d83adc2#0:FAIL-t3] and 0 exception(s); 9ce0b59e-153f-4f41-8aed-492a76d80b48@group-255437930481:t3, leader=null, voted=9ce0b59e-153f-4f41-8aed-492a76d80b48, raftlog=9ce0b59e-153f-4f41-8aed-492a76d80b48@group-255437930481-SegmentedRaftLog:OPENED:c-1,f-1,i0, conf=-1: [0c640f50-2bc9-49b6-b785-a27e3116e6ba:192.168.151.99:42361, 9ce0b59e-153f-4f41-8aed-492a76d80b48:192.168.151.99:34156, da833d8d-e72a-4068-9560-4daa2d83adc2:192.168.151.99:38903], old=null
2019-09-26 21:19:36,609 [da833d8d-e72a-4068-9560-4daa2d83adc2@group-255437930481:LeaderElection240] INFO  impl.RaftServerImpl (RaftServerImpl.java:setRole(174)) - da833d8d-e72a-4068-9560-4daa2d83adc2@group-255437930481: changes role from CANDIDATE to FOLLOWER at term 3 for DISCOVERED_A_NEW_TERM
2019-09-26 21:19:36,613 [9ce0b59e-153f-4f41-8aed-492a76d80b48@group-255437930481:LeaderElection241] INFO  impl.RaftServerImpl (RaftServerImpl.java:setRole(174)) - 9ce0b59e-153f-4f41-8aed-492a76d80b48@group-255437930481: changes role from CANDIDATE to FOLLOWER at term 3 for DISCOVERED_A_NEW_TERM
2019-09-26 21:19:36,616 [9ce0b59e-153f-4f41-8aed-492a76d80b48@group-255437930481:LeaderElection241] INFO  impl.RoleInfo (RoleInfo.java:shutdownLeaderElection(134)) - 9ce0b59e-153f-4f41-8aed-492a76d80b48: shutdown LeaderElection
2019-09-26 21:19:36,613 [da833d8d-e72a-4068-9560-4daa2d83adc2@group-255437930481:LeaderElection240] INFO  impl.RoleInfo (RoleInfo.java:shutdownLeaderElection(134)) - da833d8d-e72a-4068-9560-4daa2d83adc2: shutdown LeaderElection
2019-09-26 21:19:36,617 [9ce0b59e-153f-4f41-8aed-492a76d80b48@group-255437930481:LeaderElection241] INFO  impl.RoleInfo (RoleInfo.java:updateAndGet(143)) - 9ce0b59e-153f-4f41-8aed-492a76d80b48: start FollowerState
2019-09-26 21:19:36,617 [da833d8d-e72a-4068-9560-4daa2d83adc2@group-255437930481:LeaderElection240] INFO  impl.RoleInfo (RoleInfo.java:updateAndGet(143)) - da833d8d-e72a-4068-9560-4daa2d83adc2: start FollowerState
2019-09-26 21:19:36,714 [grpc-default-executor-0] INFO  impl.RaftServerProxy (RaftServerProxy.java:addNew(89)) - 9ce0b59e-153f-4f41-8aed-492a76d80b48: addNew group-57787DEBA7AB:[9ce0b59e-153f-4f41-8aed-492a76d80b48:192.168.151.99:34156, da833d8d-e72a-4068-9560-4daa2d83adc2:192.168.151.99:38903, 1178c3ae-d0b4-4d44-b144-fe8504cc41ac:192.168.151.99:33787] returns group-57787DEBA7AB:java.util.concurrent.CompletableFuture@6f7dc99[Not completed]
2019-09-26 21:19:36,715 [grpc-default-executor-2] INFO  impl.RaftServerProxy (RaftServerProxy.java:addNew(89)) - 1178c3ae-d0b4-4d44-b144-fe8504cc41ac: addNew group-57787DEBA7AB:[9ce0b59e-153f-4f41-8aed-492a76d80b48:192.168.151.99:34156, da833d8d-e72a-4068-9560-4daa2d83adc2:192.168.151.99:38903, 1178c3ae-d0b4-4d44-b144-fe8504cc41ac:192.168.151.99:33787] returns group-57787DEBA7AB:java.util.concurrent.CompletableFuture@12c739f[Not completed]
2019-09-26 21:19:36,716 [grpc-default-executor-2] INFO  impl.RaftServerProxy (RaftServerProxy.java:addNew(89)) - da833d8d-e72a-4068-9560-4daa2d83adc2: addNew group-57787DEBA7AB:[9ce0b59e-153f-4f41-8aed-492a76d80b48:192.168.151.99:34156, da833d8d-e72a-4068-9560-4daa2d83adc2:192.168.151.99:38903, 1178c3ae-d0b4-4d44-b144-fe8504cc41ac:192.168.151.99:33787] returns group-57787DEBA7AB:java.util.concurrent.CompletableFuture@2153965e[Not completed]
2019-09-26 21:19:36,744 [9ce0b59e-153f-4f41-8aed-492a76d80b48@group-2336121AAD70-SegmentedRaftLogWorker] ERROR segmented.SegmentedRaftLogWorker (SegmentedRaftLogWorker.java:run(323)) - 9ce0b59e-153f-4f41-8aed-492a76d80b48@group-2336121AAD70-SegmentedRaftLogWorker hit exception
java.lang.OutOfMemoryError: Direct buffer memory
	at java.nio.Bits.reserveMemory(Bits.java:666)
	at java.nio.DirectByteBuffer.<init>(DirectByteBuffer.java:123)
	at java.nio.ByteBuffer.allocateDirect(ByteBuffer.java:311)
	at org.apache.ratis.server.raftlog.segmented.BufferedWriteChannel.<init>(BufferedWriteChannel.java:41)
	at org.apache.ratis.server.raftlog.segmented.SegmentedRaftLogOutputStream.<init>(SegmentedRaftLogOutputStream.java:72)
	at org.apache.ratis.server.raftlog.segmented.SegmentedRaftLogWorker$StartLogSegment.execute(SegmentedRaftLogWorker.java:566)
	at org.apache.ratis.server.raftlog.segmented.SegmentedRaftLogWorker.run(SegmentedRaftLogWorker.java:289)
	at java.lang.Thread.run(Thread.java:748)
2019-09-26 21:19:36,744 [9ce0b59e-153f-4f41-8aed-492a76d80b48@group-0FD1EA0A8F9D-SegmentedRaftLogWorker] ERROR segmented.SegmentedRaftLogWorker (SegmentedRaftLogWorker.java:run(323)) - 9ce0b59e-153f-4f41-8aed-492a76d80b48@group-0FD1EA0A8F9D-SegmentedRaftLogWorker hit exception
java.lang.OutOfMemoryError: Direct buffer memory
	at java.nio.Bits.reserveMemory(Bits.java:666)
	at java.nio.DirectByteBuffer.<init>(DirectByteBuffer.java:123)
	at java.nio.ByteBuffer.allocateDirect(ByteBuffer.java:311)
	at org.apache.ratis.server.raftlog.segmented.BufferedWriteChannel.<init>(BufferedWriteChannel.java:41)
	at org.apache.ratis.server.raftlog.segmented.SegmentedRaftLogOutputStream.<init>(SegmentedRaftLogOutputStream.java:72)
	at org.apache.ratis.server.raftlog.segmented.SegmentedRaftLogWorker$StartLogSegment.execute(SegmentedRaftLogWorker.java:566)
	at org.apache.ratis.server.raftlog.segmented.SegmentedRaftLogWorker.run(SegmentedRaftLogWorker.java:289)
	at java.lang.Thread.run(Thread.java:748)
2019-09-26 21:19:36,744 [1178c3ae-d0b4-4d44-b144-fe8504cc41ac@group-9FFC2239D22F-SegmentedRaftLogWorker] ERROR segmented.SegmentedRaftLogWorker (SegmentedRaftLogWorker.java:run(323)) - 1178c3ae-d0b4-4d44-b144-fe8504cc41ac@group-9FFC2239D22F-SegmentedRaftLogWorker hit exception
java.lang.OutOfMemoryError: Direct buffer memory
	at java.nio.Bits.reserveMemory(Bits.java:666)
	at java.nio.DirectByteBuffer.<init>(DirectByteBuffer.java:123)
	at java.nio.ByteBuffer.allocateDirect(ByteBuffer.java:311)
	at org.apache.ratis.server.raftlog.segmented.BufferedWriteChannel.<init>(BufferedWriteChannel.java:41)
	at org.apache.ratis.server.raftlog.segmented.SegmentedRaftLogOutputStream.<init>(SegmentedRaftLogOutputStream.java:72)
	at org.apache.ratis.server.raftlog.segmented.SegmentedRaftLogWorker$StartLogSegment.execute(SegmentedRaftLogWorker.java:566)
	at org.apache.ratis.server.raftlog.segmented.SegmentedRaftLogWorker.run(SegmentedRaftLogWorker.java:289)
	at java.lang.Thread.run(Thread.java:748)
2019-09-26 21:19:36,744 [9ce0b59e-153f-4f41-8aed-492a76d80b48@group-0FD1EA0A8F9D-SegmentedRaftLogWorker] INFO  impl.RaftServerImpl (RaftServerImpl.java:lambda$shutdown$3(251)) - 9ce0b59e-153f-4f41-8aed-492a76d80b48@group-0FD1EA0A8F9D: shutdown
2019-09-26 21:19:36,744 [9ce0b59e-153f-4f41-8aed-492a76d80b48@group-2336121AAD70-SegmentedRaftLogWorker] INFO  impl.RaftServerImpl (RaftServerImpl.java:lambda$shutdown$3(251)) - 9ce0b59e-153f-4f41-8aed-492a76d80b48@group-2336121AAD70: shutdown
2019-09-26 21:19:36,745 [9ce0b59e-153f-4f41-8aed-492a76d80b48@group-0FD1EA0A8F9D-SegmentedRaftLogWorker] INFO  util.JmxRegister (JmxRegister.java:unregister(73)) - Successfully un-registered JMX Bean with object name Ratis:service=RaftServer,group=group-0FD1EA0A8F9D,id=9ce0b59e-153f-4f41-8aed-492a76d80b48
2019-09-26 21:19:36,745 [9ce0b59e-153f-4f41-8aed-492a76d80b48@group-0FD1EA0A8F9D-SegmentedRaftLogWorker] INFO  impl.RoleInfo (RoleInfo.java:shutdownLeaderState(104)) - 9ce0b59e-153f-4f41-8aed-492a76d80b48: shutdown LeaderState
2019-09-26 21:19:36,745 [1178c3ae-d0b4-4d44-b144-fe8504cc41ac@group-9FFC2239D22F-SegmentedRaftLogWorker] INFO  impl.RaftServerImpl (RaftServerImpl.java:lambda$shutdown$3(251)) - 1178c3ae-d0b4-4d44-b144-fe8504cc41ac@group-9FFC2239D22F: shutdown
2019-09-26 21:19:36,745 [9ce0b59e-153f-4f41-8aed-492a76d80b48@group-0FD1EA0A8F9D-SegmentedRaftLogWorker] INFO  impl.PendingRequests (PendingRequests.java:sendNotLeaderResponses(202)) - 9ce0b59e-153f-4f41-8aed-492a76d80b48-PendingRequests: sendNotLeaderResponses
2019-09-26 21:19:36,745 [9ce0b59e-153f-4f41-8aed-492a76d80b48@group-2336121AAD70-SegmentedRaftLogWorker] INFO  util.JmxRegister (JmxRegister.java:unregister(73)) - Successfully un-registered JMX Bean with object name Ratis:service=RaftServer,group=group-2336121AAD70,id=9ce0b59e-153f-4f41-8aed-492a76d80b48
2019-09-26 21:19:36,745 [9ce0b59e-153f-4f41-8aed-492a76d80b48@group-0FD1EA0A8F9D-SegmentedRaftLogWorker] INFO  impl.StateMachineUpdater (StateMachineUpdater.java:stopAndJoin(125)) - 9ce0b59e-153f-4f41-8aed-492a76d80b48@group-0FD1EA0A8F9D-StateMachineUpdater: set stopIndex = -1
2019-09-26 21:19:36,745 [1178c3ae-d0b4-4d44-b144-fe8504cc41ac@group-9FFC2239D22F-SegmentedRaftLogWorker] INFO  util.JmxRegister (JmxRegister.java:unregister(73)) - Successfully un-registered JMX Bean with object name Ratis:service=RaftServer,group=group-9FFC2239D22F,id=1178c3ae-d0b4-4d44-b144-fe8504cc41ac
2019-09-26 21:19:36,745 [9ce0b59e-153f-4f41-8aed-492a76d80b48@group-0FD1EA0A8F9D-SegmentedRaftLogWorker] INFO  impl.RaftServerImpl (ServerState.java:close(385)) - 9ce0b59e-153f-4f41-8aed-492a76d80b48@group-0FD1EA0A8F9D: closes. applyIndex: -1
2019-09-26 21:19:36,745 [9ce0b59e-153f-4f41-8aed-492a76d80b48@group-2336121AAD70-SegmentedRaftLogWorker] INFO  impl.RoleInfo (RoleInfo.java:shutdownLeaderState(104)) - 9ce0b59e-153f-4f41-8aed-492a76d80b48: shutdown LeaderState
2019-09-26 21:19:36,746 [9ce0b59e-153f-4f41-8aed-492a76d80b48@group-0FD1EA0A8F9D-SegmentedRaftLogWorker] INFO  segmented.SegmentedRaftLogWorker (SegmentedRaftLogWorker.java:close(228)) - 9ce0b59e-153f-4f41-8aed-492a76d80b48@group-0FD1EA0A8F9D-SegmentedRaftLogWorker close()
2019-09-26 21:19:36,746 [1178c3ae-d0b4-4d44-b144-fe8504cc41ac@group-9FFC2239D22F-SegmentedRaftLogWorker] INFO  impl.RoleInfo (RoleInfo.java:shutdownLeaderState(104)) - 1178c3ae-d0b4-4d44-b144-fe8504cc41ac: shutdown LeaderState
2019-09-26 21:19:36,746 [9ce0b59e-153f-4f41-8aed-492a76d80b48@group-2336121AAD70-SegmentedRaftLogWorker] INFO  impl.PendingRequests (PendingRequests.java:sendNotLeaderResponses(202)) - 9ce0b59e-153f-4f41-8aed-492a76d80b48-PendingRequests: sendNotLeaderResponses
2019-09-26 21:19:36,746 [1178c3ae-d0b4-4d44-b144-fe8504cc41ac@group-9FFC2239D22F-SegmentedRaftLogWorker] INFO  impl.PendingRequests (PendingRequests.java:sendNotLeaderResponses(202)) - 1178c3ae-d0b4-4d44-b144-fe8504cc41ac-PendingRequests: sendNotLeaderResponses
2019-09-26 21:19:36,746 [9ce0b59e-153f-4f41-8aed-492a76d80b48@group-2336121AAD70-SegmentedRaftLogWorker] INFO  impl.StateMachineUpdater (StateMachineUpdater.java:stopAndJoin(125)) - 9ce0b59e-153f-4f41-8aed-492a76d80b48@group-2336121AAD70-StateMachineUpdater: set stopIndex = -1
2019-09-26 21:19:36,746 [1178c3ae-d0b4-4d44-b144-fe8504cc41ac@group-9FFC2239D22F-SegmentedRaftLogWorker] INFO  impl.StateMachineUpdater (StateMachineUpdater.java:stopAndJoin(125)) - 1178c3ae-d0b4-4d44-b144-fe8504cc41ac@group-9FFC2239D22F-StateMachineUpdater: set stopIndex = -1
2019-09-26 21:19:36,746 [9ce0b59e-153f-4f41-8aed-492a76d80b48@group-2336121AAD70-SegmentedRaftLogWorker] INFO  impl.RaftServerImpl (ServerState.java:close(385)) - 9ce0b59e-153f-4f41-8aed-492a76d80b48@group-2336121AAD70: closes. applyIndex: -1
2019-09-26 21:19:36,746 [1178c3ae-d0b4-4d44-b144-fe8504cc41ac@group-9FFC2239D22F-SegmentedRaftLogWorker] INFO  impl.RaftServerImpl (ServerState.java:close(385)) - 1178c3ae-d0b4-4d44-b144-fe8504cc41ac@group-9FFC2239D22F: closes. applyIndex: -1
2019-09-26 21:19:36,747 [9ce0b59e-153f-4f41-8aed-492a76d80b48@group-2336121AAD70-SegmentedRaftLogWorker] INFO  segmented.SegmentedRaftLogWorker (SegmentedRaftLogWorker.java:close(228)) - 9ce0b59e-153f-4f41-8aed-492a76d80b48@group-2336121AAD70-SegmentedRaftLogWorker close()
2019-09-26 21:19:36,747 [1178c3ae-d0b4-4d44-b144-fe8504cc41ac@group-9FFC2239D22F-SegmentedRaftLogWorker] INFO  segmented.SegmentedRaftLogWorker (SegmentedRaftLogWorker.java:close(228)) - 1178c3ae-d0b4-4d44-b144-fe8504cc41ac@group-9FFC2239D22F-SegmentedRaftLogWorker close()
2019-09-26 21:19:36,772 [pool-67-thread-1] INFO  impl.RaftServerImpl (RaftServerImpl.java:start(185)) - da833d8d-e72a-4068-9560-4daa2d83adc2@group-450F00B29BD4: start as a follower, conf=-1: [9ce0b59e-153f-4f41-8aed-492a76d80b48:192.168.151.99:34156, da833d8d-e72a-4068-9560-4daa2d83adc2:192.168.151.99:38903, 1178c3ae-d0b4-4d44-b144-fe8504cc41ac:192.168.151.99:33787], old=null
2019-09-26 21:19:36,772 [pool-67-thread-1] INFO  impl.RaftServerImpl (RaftServerImpl.java:setRole(174)) - da833d8d-e72a-4068-9560-4daa2d83adc2@group-450F00B29BD4: changes role from      null to FOLLOWER at term 0 for startAsFollower
2019-09-26 21:19:36,772 [pool-67-thread-1] INFO  impl.RoleInfo (RoleInfo.java:updateAndGet(143)) - da833d8d-e72a-4068-9560-4daa2d83adc2: start FollowerState
2019-09-26 21:19:36,773 [pool-67-thread-1] INFO  util.JmxRegister (JmxRegister.java:tryRegister(44)) - Successfully registered JMX Bean with object name Ratis:service=RaftServer,group=group-450F00B29BD4,id=da833d8d-e72a-4068-9560-4daa2d83adc2
2019-09-26 21:19:36,774 [pool-37-thread-1] INFO  impl.RaftServerImpl (RaftServerImpl.java:start(185)) - 1178c3ae-d0b4-4d44-b144-fe8504cc41ac@group-450F00B29BD4: start as a follower, conf=-1: [9ce0b59e-153f-4f41-8aed-492a76d80b48:192.168.151.99:34156, da833d8d-e72a-4068-9560-4daa2d83adc2:192.168.151.99:38903, 1178c3ae-d0b4-4d44-b144-fe8504cc41ac:192.168.151.99:33787], old=null
2019-09-26 21:19:36,774 [pool-37-thread-1] INFO  impl.RaftServerImpl (RaftServerImpl.java:setRole(174)) - 1178c3ae-d0b4-4d44-b144-fe8504cc41ac@group-450F00B29BD4: changes role from      null to FOLLOWER at term 0 for startAsFollower
2019-09-26 21:19:36,774 [pool-37-thread-1] INFO  impl.RoleInfo (RoleInfo.java:updateAndGet(143)) - 1178c3ae-d0b4-4d44-b144-fe8504cc41ac: start FollowerState
2019-09-26 21:19:36,775 [pool-37-thread-1] INFO  util.JmxRegister (JmxRegister.java:tryRegister(44)) - Successfully registered JMX Bean with object name Ratis:service=RaftServer,group=group-450F00B29BD4,id=1178c3ae-d0b4-4d44-b144-fe8504cc41ac
2019-09-26 21:19:36,775 [pool-67-thread-1] INFO  impl.RaftServerImpl (RaftServerImpl.java:<init>(95)) - da833d8d-e72a-4068-9560-4daa2d83adc2: new RaftServerImpl for group-57787DEBA7AB:[9ce0b59e-153f-4f41-8aed-492a76d80b48:192.168.151.99:34156, da833d8d-e72a-4068-9560-4daa2d83adc2:192.168.151.99:38903, 1178c3ae-d0b4-4d44-b144-fe8504cc41ac:192.168.151.99:33787] with ContainerStateMachine:uninitialized
2019-09-26 21:19:36,775 [pool-67-thread-1] INFO  server.RaftServerConfigKeys (ConfUtils.java:logGet(43)) - raft.server.rpc.timeout.min = 5s (custom)
2019-09-26 21:19:36,775 [pool-67-thread-1] INFO  server.RaftServerConfigKeys (ConfUtils.java:logGet(43)) - raft.server.rpc.timeout.max = 5200ms (custom)
2019-09-26 21:19:36,775 [pool-67-thread-1] INFO  server.RaftServerConfigKeys (ConfUtils.java:logGet(43)) - raft.server.rpcslowness.timeout = 120s (custom)
2019-09-26 21:19:36,775 [pool-67-thread-1] INFO  server.RaftServerConfigKeys (ConfUtils.java:logGet(43)) - raft.server.sleep.deviation.threshold = 300 (default)
2019-09-26 21:19:36,776 [pool-67-thread-1] INFO  server.RaftServerConfigKeys (ConfUtils.java:logGet(43)) - raft.server.log.appender.install.snapshot.enabled = false (custom)
2019-09-26 21:19:36,776 [pool-67-thread-1] INFO  impl.RaftServerImpl (ServerState.java:<init>(103)) - da833d8d-e72a-4068-9560-4daa2d83adc2@group-57787DEBA7AB: ConfigurationManager, init=-1: [9ce0b59e-153f-4f41-8aed-492a76d80b48:192.168.151.99:34156, da833d8d-e72a-4068-9560-4daa2d83adc2:192.168.151.99:38903, 1178c3ae-d0b4-4d44-b144-fe8504cc41ac:192.168.151.99:33787], old=null, confs=<EMPTY_MAP>
2019-09-26 21:19:36,776 [pool-67-thread-1] INFO  server.RaftServerConfigKeys (ConfUtils.java:logGet(43)) - raft.server.storage.dir = [/workdir/hadoop-ozone/ozonefs/target/test-dir/MiniOzoneClusterImpl-5b64906c-d720-4906-b30c-b6d56a2122fd/datanode-4/data/ratis] (custom)
2019-09-26 21:19:36,776 [pool-37-thread-1] INFO  impl.RaftServerImpl (RaftServerImpl.java:<init>(95)) - 1178c3ae-d0b4-4d44-b144-fe8504cc41ac: new RaftServerImpl for group-57787DEBA7AB:[9ce0b59e-153f-4f41-8aed-492a76d80b48:192.168.151.99:34156, da833d8d-e72a-4068-9560-4daa2d83adc2:192.168.151.99:38903, 1178c3ae-d0b4-4d44-b144-fe8504cc41ac:192.168.151.99:33787] with ContainerStateMachine:uninitialized
2019-09-26 21:19:36,776 [pool-37-thread-1] INFO  server.RaftServerConfigKeys (ConfUtils.java:logGet(43)) - raft.server.rpc.timeout.min = 5s (custom)
2019-09-26 21:19:36,776 [pool-37-thread-1] INFO  server.RaftServerConfigKeys (ConfUtils.java:logGet(43)) - raft.server.rpc.timeout.max = 5200ms (custom)
2019-09-26 21:19:36,776 [pool-37-thread-1] INFO  server.RaftServerConfigKeys (ConfUtils.java:logGet(43)) - raft.server.rpcslowness.timeout = 120s (custom)
2019-09-26 21:19:36,776 [pool-37-thread-1] INFO  server.RaftServerConfigKeys (ConfUtils.java:logGet(43)) - raft.server.sleep.deviation.threshold = 300 (default)
2019-09-26 21:19:36,776 [pool-67-thread-1] INFO  storage.RaftStorageDirectory (RaftStorageDirectory.java:analyzeStorage(246)) - The storage directory /workdir/hadoop-ozone/ozonefs/target/test-dir/MiniOzoneClusterImpl-5b64906c-d720-4906-b30c-b6d56a2122fd/datanode-4/data/ratis/59b91c18-7ae5-4e6a-88ab-57787deba7ab does not exist. Creating ...
2019-09-26 21:19:36,776 [pool-37-thread-1] INFO  server.RaftServerConfigKeys (ConfUtils.java:logGet(43)) - raft.server.log.appender.install.snapshot.enabled = false (custom)
2019-09-26 21:19:36,777 [pool-37-thread-1] INFO  impl.RaftServerImpl (ServerState.java:<init>(103)) - 1178c3ae-d0b4-4d44-b144-fe8504cc41ac@group-57787DEBA7AB: ConfigurationManager, init=-1: [9ce0b59e-153f-4f41-8aed-492a76d80b48:192.168.151.99:34156, da833d8d-e72a-4068-9560-4daa2d83adc2:192.168.151.99:38903, 1178c3ae-d0b4-4d44-b144-fe8504cc41ac:192.168.151.99:33787], old=null, confs=<EMPTY_MAP>
2019-09-26 21:19:36,777 [pool-37-thread-1] INFO  server.RaftServerConfigKeys (ConfUtils.java:logGet(43)) - raft.server.storage.dir = [/workdir/hadoop-ozone/ozonefs/target/test-dir/MiniOzoneClusterImpl-5b64906c-d720-4906-b30c-b6d56a2122fd/datanode-1/data/ratis] (custom)
2019-09-26 21:19:36,777 [pool-37-thread-1] INFO  storage.RaftStorageDirectory (RaftStorageDirectory.java:analyzeStorage(246)) - The storage directory /workdir/hadoop-ozone/ozonefs/target/test-dir/MiniOzoneClusterImpl-5b64906c-d720-4906-b30c-b6d56a2122fd/datanode-1/data/ratis/59b91c18-7ae5-4e6a-88ab-57787deba7ab does not exist. Creating ...
2019-09-26 21:19:36,780 [1178c3ae-d0b4-4d44-b144-fe8504cc41ac@group-84CE257E3DC6:LeaderElection237] INFO  impl.RoleInfo (RoleInfo.java:updateAndGet(143)) - 1178c3ae-d0b4-4d44-b144-fe8504cc41ac: start LeaderState
2019-09-26 21:19:36,781 [1178c3ae-d0b4-4d44-b144-fe8504cc41ac@group-84CE257E3DC6:LeaderElection237] INFO  segmented.SegmentedRaftLogWorker (SegmentedRaftLogWorker.java:startLogSegment(380)) - 1178c3ae-d0b4-4d44-b144-fe8504cc41ac@group-84CE257E3DC6-SegmentedRaftLogWorker: Starting segment from index:0
2019-09-26 21:19:36,781 [0c640f50-2bc9-49b6-b785-a27e3116e6ba@group-EA44501B296B:LeaderElection239] INFO  impl.RoleInfo (RoleInfo.java:updateAndGet(143)) - 0c640f50-2bc9-49b6-b785-a27e3116e6ba: start LeaderState
2019-09-26 21:19:36,781 [0c640f50-2bc9-49b6-b785-a27e3116e6ba@group-EA44501B296B:LeaderElection239] INFO  segmented.SegmentedRaftLogWorker (SegmentedRaftLogWorker.java:startLogSegment(380)) - 0c640f50-2bc9-49b6-b785-a27e3116e6ba@group-EA44501B296B-SegmentedRaftLogWorker: Starting segment from index:0
2019-09-26 21:19:37,125 [1178c3ae-d0b4-4d44-b144-fe8504cc41ac@group-84CE257E3DC6:LeaderElection237] INFO  impl.RaftServerImpl (ServerState.java:setRaftConf(354)) - 1178c3ae-d0b4-4d44-b144-fe8504cc41ac@group-84CE257E3DC6: set configuration 0: [1178c3ae-d0b4-4d44-b144-fe8504cc41ac:192.168.151.99:33787], old=null at 0
2019-09-26 21:19:37,125 [pool-37-thread-1] INFO  storage.RaftStorageDirectory (RaftStorageDirectory.java:tryLock(328)) - Lock on /workdir/hadoop-ozone/ozonefs/target/test-dir/MiniOzoneClusterImpl-5b64906c-d720-4906-b30c-b6d56a2122fd/datanode-1/data/ratis/59b91c18-7ae5-4e6a-88ab-57787deba7ab/in_use.lock acquired by nodename 10701@pr-hdds-1569-g6sp5-2013761785
2019-09-26 21:19:37,125 [pool-67-thread-1] INFO  storage.RaftStorageDirectory (RaftStorageDirectory.java:tryLock(328)) - Lock on /workdir/hadoop-ozone/ozonefs/target/test-dir/MiniOzoneClusterImpl-5b64906c-d720-4906-b30c-b6d56a2122fd/datanode-4/data/ratis/59b91c18-7ae5-4e6a-88ab-57787deba7ab/in_use.lock acquired by nodename 10701@pr-hdds-1569-g6sp5-2013761785
2019-09-26 21:19:37,118 [09112efe-1fad-4539-a04f-c96aef6d2351@group-8808E0E383FD-SegmentedRaftLogWorker] ERROR segmented.SegmentedRaftLogWorker (SegmentedRaftLogWorker.java:run(323)) - 09112efe-1fad-4539-a04f-c96aef6d2351@group-8808E0E383FD-SegmentedRaftLogWorker hit exception
java.lang.OutOfMemoryError: Direct buffer memory
	at java.nio.Bits.reserveMemory(Bits.java:666)
	at java.nio.DirectByteBuffer.<init>(DirectByteBuffer.java:123)
	at java.nio.ByteBuffer.allocateDirect(ByteBuffer.java:311)
	at org.apache.ratis.server.raftlog.segmented.BufferedWriteChannel.<init>(BufferedWriteChannel.java:41)
	at org.apache.ratis.server.raftlog.segmented.SegmentedRaftLogOutputStream.<init>(SegmentedRaftLogOutputStream.java:72)
	at org.apache.ratis.server.raftlog.segmented.SegmentedRaftLogWorker$StartLogSegment.execute(SegmentedRaftLogWorker.java:566)
	at org.apache.ratis.server.raftlog.segmented.SegmentedRaftLogWorker.run(SegmentedRaftLogWorker.java:289)
	at java.lang.Thread.run(Thread.java:748)
2019-09-26 21:19:37,117 [1178c3ae-d0b4-4d44-b144-fe8504cc41ac@group-C4ECAA6EBF50-SegmentedRaftLogWorker] ERROR segmented.SegmentedRaftLogWorker (SegmentedRaftLogWorker.java:run(323)) - 1178c3ae-d0b4-4d44-b144-fe8504cc41ac@group-C4ECAA6EBF50-SegmentedRaftLogWorker hit exception
java.lang.OutOfMemoryError: Direct buffer memory
	at java.nio.Bits.reserveMemory(Bits.java:666)
	at java.nio.DirectByteBuffer.<init>(DirectByteBuffer.java:123)
	at java.nio.ByteBuffer.allocateDirect(ByteBuffer.java:311)
	at org.apache.ratis.server.raftlog.segmented.BufferedWriteChannel.<init>(BufferedWriteChannel.java:41)
	at org.apache.ratis.server.raftlog.segmented.SegmentedRaftLogOutputStream.<init>(SegmentedRaftLogOutputStream.java:72)
	at org.apache.ratis.server.raftlog.segmented.SegmentedRaftLogWorker$StartLogSegment.execute(SegmentedRaftLogWorker.java:566)
	at org.apache.ratis.server.raftlog.segmented.SegmentedRaftLogWorker.run(SegmentedRaftLogWorker.java:289)
	at java.lang.Thread.run(Thread.java:748)
2019-09-26 21:19:37,400 [1178c3ae-d0b4-4d44-b144-fe8504cc41ac@group-C4ECAA6EBF50-SegmentedRaftLogWorker] INFO  impl.RaftServerImpl (RaftServerImpl.java:lambda$shutdown$3(251)) - 1178c3ae-d0b4-4d44-b144-fe8504cc41ac@group-C4ECAA6EBF50: shutdown
2019-09-26 21:19:37,398 [09112efe-1fad-4539-a04f-c96aef6d2351@group-8808E0E383FD-SegmentedRaftLogWorker] INFO  impl.RaftServerImpl (RaftServerImpl.java:lambda$shutdown$3(251)) - 09112efe-1fad-4539-a04f-c96aef6d2351@group-8808E0E383FD: shutdown
2019-09-26 21:19:37,397 [1178c3ae-d0b4-4d44-b144-fe8504cc41ac@group-87E66A5F5023-SegmentedRaftLogWorker] ERROR segmented.SegmentedRaftLogWorker (SegmentedRaftLogWorker.java:run(323)) - 1178c3ae-d0b4-4d44-b144-fe8504cc41ac@group-87E66A5F5023-SegmentedRaftLogWorker hit exception
java.lang.OutOfMemoryError: Direct buffer memory
	at java.nio.Bits.reserveMemory(Bits.java:666)
	at java.nio.DirectByteBuffer.<init>(DirectByteBuffer.java:123)
	at java.nio.ByteBuffer.allocateDirect(ByteBuffer.java:311)
	at org.apache.ratis.server.raftlog.segmented.BufferedWriteChannel.<init>(BufferedWriteChannel.java:41)
	at org.apache.ratis.server.raftlog.segmented.SegmentedRaftLogOutputStream.<init>(SegmentedRaftLogOutputStream.java:72)
	at org.apache.ratis.server.raftlog.segmented.SegmentedRaftLogWorker$StartLogSegment.execute(SegmentedRaftLogWorker.java:566)
	at org.apache.ratis.server.raftlog.segmented.SegmentedRaftLogWorker.run(SegmentedRaftLogWorker.java:289)
	at java.lang.Thread.run(Thread.java:748)
2019-09-26 21:19:37,397 [9ce0b59e-153f-4f41-8aed-492a76d80b48@group-BBE9186E4BB1-SegmentedRaftLogWorker] ERROR segmented.SegmentedRaftLogWorker (SegmentedRaftLogWorker.java:run(323)) - 9ce0b59e-153f-4f41-8aed-492a76d80b48@group-BBE9186E4BB1-SegmentedRaftLogWorker hit exception
java.lang.OutOfMemoryError: Direct buffer memory
	at java.nio.Bits.reserveMemory(Bits.java:666)
	at java.nio.DirectByteBuffer.<init>(DirectByteBuffer.java:123)
	at java.nio.ByteBuffer.allocateDirect(ByteBuffer.java:311)
	at org.apache.ratis.server.raftlog.segmented.BufferedWriteChannel.<init>(BufferedWriteChannel.java:41)
	at org.apache.ratis.server.raftlog.segmented.SegmentedRaftLogOutputStream.<init>(SegmentedRaftLogOutputStream.java:72)
	at org.apache.ratis.server.raftlog.segmented.SegmentedRaftLogWorker$StartLogSegment.execute(SegmentedRaftLogWorker.java:566)
	at org.apache.ratis.server.raftlog.segmented.SegmentedRaftLogWorker.run(SegmentedRaftLogWorker.java:289)
	at java.lang.Thread.run(Thread.java:748)
2019-09-26 21:19:37,397 [0c640f50-2bc9-49b6-b785-a27e3116e6ba@group-2260AD7B7718-SegmentedRaftLogWorker] ERROR segmented.SegmentedRaftLogWorker (SegmentedRaftLogWorker.java:run(323)) - 0c640f50-2bc9-49b6-b785-a27e3116e6ba@group-2260AD7B7718-SegmentedRaftLogWorker hit exception
java.lang.OutOfMemoryError: Direct buffer memory
	at java.nio.Bits.reserveMemory(Bits.java:666)
	at java.nio.DirectByteBuffer.<init>(DirectByteBuffer.java:123)
	at java.nio.ByteBuffer.allocateDirect(ByteBuffer.java:311)
	at org.apache.ratis.server.raftlog.segmented.BufferedWriteChannel.<init>(BufferedWriteChannel.java:41)
	at org.apache.ratis.server.raftlog.segmented.SegmentedRaftLogOutputStream.<init>(SegmentedRaftLogOutputStream.java:72)
	at org.apache.ratis.server.raftlog.segmented.SegmentedRaftLogWorker$StartLogSegment.execute(SegmentedRaftLogWorker.java:566)
	at org.apache.ratis.server.raftlog.segmented.SegmentedRaftLogWorker.run(SegmentedRaftLogWorker.java:289)
	at java.lang.Thread.run(Thread.java:748)
2019-09-26 21:19:37,401 [0c640f50-2bc9-49b6-b785-a27e3116e6ba@group-2260AD7B7718-SegmentedRaftLogWorker] INFO  impl.RaftServerImpl (RaftServerImpl.java:lambda$shutdown$3(251)) - 0c640f50-2bc9-49b6-b785-a27e3116e6ba@group-2260AD7B7718: shutdown
2019-09-26 21:19:37,397 [da833d8d-e72a-4068-9560-4daa2d83adc2@group-2250387AFD51-SegmentedRaftLogWorker] ERROR segmented.SegmentedRaftLogWorker (SegmentedRaftLogWorker.java:run(323)) - da833d8d-e72a-4068-9560-4daa2d83adc2@group-2250387AFD51-SegmentedRaftLogWorker hit exception
java.lang.OutOfMemoryError: Direct buffer memory
	at java.nio.Bits.reserveMemory(Bits.java:666)
	at java.nio.DirectByteBuffer.<init>(DirectByteBuffer.java:123)
	at java.nio.ByteBuffer.allocateDirect(ByteBuffer.java:311)
	at org.apache.ratis.server.raftlog.segmented.BufferedWriteChannel.<init>(BufferedWriteChannel.java:41)
	at org.apache.ratis.server.raftlog.segmented.SegmentedRaftLogOutputStream.<init>(SegmentedRaftLogOutputStream.java:72)
	at org.apache.ratis.server.raftlog.segmented.SegmentedRaftLogWorker$StartLogSegment.execute(SegmentedRaftLogWorker.java:566)
	at org.apache.ratis.server.raftlog.segmented.SegmentedRaftLogWorker.run(SegmentedRaftLogWorker.java:289)
	at java.lang.Thread.run(Thread.java:748)
2019-09-26 21:19:37,402 [da833d8d-e72a-4068-9560-4daa2d83adc2@group-2250387AFD51-SegmentedRaftLogWorker] INFO  impl.RaftServerImpl (RaftServerImpl.java:lambda$shutdown$3(251)) - da833d8d-e72a-4068-9560-4daa2d83adc2@group-2250387AFD51: shutdown
2019-09-26 21:19:37,380 [9ce0b59e-153f-4f41-8aed-492a76d80b48@group-F676E590A49D-SegmentedRaftLogWorker] ERROR segmented.SegmentedRaftLogWorker (SegmentedRaftLogWorker.java:run(323)) - 9ce0b59e-153f-4f41-8aed-492a76d80b48@group-F676E590A49D-SegmentedRaftLogWorker hit exception
java.lang.OutOfMemoryError: Direct buffer memory
	at java.nio.Bits.reserveMemory(Bits.java:666)
	at java.nio.DirectByteBuffer.<init>(DirectByteBuffer.java:123)
	at java.nio.ByteBuffer.allocateDirect(ByteBuffer.java:311)
	at org.apache.ratis.server.raftlog.segmented.BufferedWriteChannel.<init>(BufferedWriteChannel.java:41)
	at org.apache.ratis.server.raftlog.segmented.SegmentedRaftLogOutputStream.<init>(SegmentedRaftLogOutputStream.java:72)
	at org.apache.ratis.server.raftlog.segmented.SegmentedRaftLogWorker$StartLogSegment.execute(SegmentedRaftLogWorker.java:566)
	at org.apache.ratis.server.raftlog.segmented.SegmentedRaftLogWorker.run(SegmentedRaftLogWorker.java:289)
	at java.lang.Thread.run(Thread.java:748)
2019-09-26 21:19:37,380 [1178c3ae-d0b4-4d44-b144-fe8504cc41ac@group-51A2D4D8C13B-SegmentedRaftLogWorker] ERROR segmented.SegmentedRaftLogWorker (SegmentedRaftLogWorker.java:run(323)) - 1178c3ae-d0b4-4d44-b144-fe8504cc41ac@group-51A2D4D8C13B-SegmentedRaftLogWorker hit exception
java.lang.OutOfMemoryError: Direct buffer memory
	at java.nio.Bits.reserveMemory(Bits.java:666)
	at java.nio.DirectByteBuffer.<init>(DirectByteBuffer.java:123)
	at java.nio.ByteBuffer.allocateDirect(ByteBuffer.java:311)
	at org.apache.ratis.server.raftlog.segmented.BufferedWriteChannel.<init>(BufferedWriteChannel.java:41)
	at org.apache.ratis.server.raftlog.segmented.SegmentedRaftLogOutputStream.<init>(SegmentedRaftLogOutputStream.java:72)
	at org.apache.ratis.server.raftlog.segmented.SegmentedRaftLogWorker$StartLogSegment.execute(SegmentedRaftLogWorker.java:566)
	at org.apache.ratis.server.raftlog.segmented.SegmentedRaftLogWorker.run(SegmentedRaftLogWorker.java:289)
	at java.lang.Thread.run(Thread.java:748)
2019-09-26 21:19:37,402 [1178c3ae-d0b4-4d44-b144-fe8504cc41ac@group-51A2D4D8C13B-SegmentedRaftLogWorker] INFO  impl.RaftServerImpl (RaftServerImpl.java:lambda$shutdown$3(251)) - 1178c3ae-d0b4-4d44-b144-fe8504cc41ac@group-51A2D4D8C13B: shutdown
2019-09-26 21:19:37,380 [1178c3ae-d0b4-4d44-b144-fe8504cc41ac@group-449BE572DC99-SegmentedRaftLogWorker] ERROR segmented.SegmentedRaftLogWorker (SegmentedRaftLogWorker.java:run(323)) - 1178c3ae-d0b4-4d44-b144-fe8504cc41ac@group-449BE572DC99-SegmentedRaftLogWorker hit exception
java.lang.OutOfMemoryError: Direct buffer memory
	at java.nio.Bits.reserveMemory(Bits.java:666)
	at java.nio.DirectByteBuffer.<init>(DirectByteBuffer.java:123)
	at java.nio.ByteBuffer.allocateDirect(ByteBuffer.java:311)
	at org.apache.ratis.server.raftlog.segmented.BufferedWriteChannel.<init>(BufferedWriteChannel.java:41)
	at org.apache.ratis.server.raftlog.segmented.SegmentedRaftLogOutputStream.<init>(SegmentedRaftLogOutputStream.java:72)
	at org.apache.ratis.server.raftlog.segmented.SegmentedRaftLogWorker$StartLogSegment.execute(SegmentedRaftLogWorker.java:566)
	at org.apache.ratis.server.raftlog.segmented.SegmentedRaftLogWorker.run(SegmentedRaftLogWorker.java:289)
	at java.lang.Thread.run(Thread.java:748)
2019-09-26 21:19:37,126 [0c640f50-2bc9-49b6-b785-a27e3116e6ba@group-EA44501B296B:LeaderElection239] INFO  impl.RaftServerImpl (ServerState.java:setRaftConf(354)) - 0c640f50-2bc9-49b6-b785-a27e3116e6ba@group-EA44501B296B: set configuration 0: [0c640f50-2bc9-49b6-b785-a27e3116e6ba:192.168.151.99:42361], old=null at 0
2019-09-26 21:19:37,403 [1178c3ae-d0b4-4d44-b144-fe8504cc41ac@group-449BE572DC99-SegmentedRaftLogWorker] INFO  impl.RaftServerImpl (RaftServerImpl.java:lambda$shutdown$3(251)) - 1178c3ae-d0b4-4d44-b144-fe8504cc41ac@group-449BE572DC99: shutdown
2019-09-26 21:19:37,403 [pool-27-thread-1] INFO  impl.RaftServerImpl (RaftServerImpl.java:start(185)) - 9ce0b59e-153f-4f41-8aed-492a76d80b48@group-99F158122B1E: start as a follower, conf=-1: [9ce0b59e-153f-4f41-8aed-492a76d80b48:192.168.151.99:34156], old=null
2019-09-26 21:19:37,402 [da833d8d-e72a-4068-9560-4daa2d83adc2@group-2250387AFD51-SegmentedRaftLogWorker] INFO  util.JmxRegister (JmxRegister.java:unregister(73)) - Successfully un-registered JMX Bean with object name Ratis:service=RaftServer,group=group-2250387AFD51,id=da833d8d-e72a-4068-9560-4daa2d83adc2
2019-09-26 21:19:37,402 [9ce0b59e-153f-4f41-8aed-492a76d80b48@group-F676E590A49D-SegmentedRaftLogWorker] INFO  impl.RaftServerImpl (RaftServerImpl.java:lambda$shutdown$3(251)) - 9ce0b59e-153f-4f41-8aed-492a76d80b48@group-F676E590A49D: shutdown
2019-09-26 21:19:37,402 [0c640f50-2bc9-49b6-b785-a27e3116e6ba@group-2260AD7B7718-SegmentedRaftLogWorker] INFO  util.JmxRegister (JmxRegister.java:unregister(73)) - Successfully un-registered JMX Bean with object name Ratis:service=RaftServer,group=group-2260AD7B7718,id=0c640f50-2bc9-49b6-b785-a27e3116e6ba
2019-09-26 21:19:37,404 [1178c3ae-d0b4-4d44-b144-fe8504cc41ac@group-449BE572DC99-SegmentedRaftLogWorker] INFO  util.JmxRegister (JmxRegister.java:unregister(73)) - Successfully un-registered JMX Bean with object name Ratis:service=RaftServer,group=group-449BE572DC99,id=1178c3ae-d0b4-4d44-b144-fe8504cc41ac
2019-09-26 21:19:37,401 [09112efe-1fad-4539-a04f-c96aef6d2351@group-8808E0E383FD-SegmentedRaftLogWorker] INFO  util.JmxRegister (JmxRegister.java:unregister(73)) - Successfully un-registered JMX Bean with object name Ratis:service=RaftServer,group=group-8808E0E383FD,id=09112efe-1fad-4539-a04f-c96aef6d2351
2019-09-26 21:19:37,401 [1178c3ae-d0b4-4d44-b144-fe8504cc41ac@group-C4ECAA6EBF50-SegmentedRaftLogWorker] INFO  util.JmxRegister (JmxRegister.java:unregister(73)) - Successfully un-registered JMX Bean with object name Ratis:service=RaftServer,group=group-C4ECAA6EBF50,id=1178c3ae-d0b4-4d44-b144-fe8504cc41ac
2019-09-26 21:19:37,401 [9ce0b59e-153f-4f41-8aed-492a76d80b48@group-BBE9186E4BB1-SegmentedRaftLogWorker] INFO  impl.RaftServerImpl (RaftServerImpl.java:lambda$shutdown$3(251)) - 9ce0b59e-153f-4f41-8aed-492a76d80b48@group-BBE9186E4BB1: shutdown
2019-09-26 21:19:37,404 [0c640f50-2bc9-49b6-b785-a27e3116e6ba@group-190F77E321AE:LeaderElection233] INFO  impl.RoleInfo (RoleInfo.java:updateAndGet(143)) - 0c640f50-2bc9-49b6-b785-a27e3116e6ba: start LeaderState
2019-09-26 21:19:37,404 [da833d8d-e72a-4068-9560-4daa2d83adc2@group-27028318879A:LeaderElection231] INFO  impl.RoleInfo (RoleInfo.java:updateAndGet(143)) - da833d8d-e72a-4068-9560-4daa2d83adc2: start LeaderState
2019-09-26 21:19:37,401 [1178c3ae-d0b4-4d44-b144-fe8504cc41ac@group-87E66A5F5023-SegmentedRaftLogWorker] INFO  impl.RaftServerImpl (RaftServerImpl.java:lambda$shutdown$3(251)) - 1178c3ae-d0b4-4d44-b144-fe8504cc41ac@group-87E66A5F5023: shutdown
2019-09-26 21:19:37,404 [9ce0b59e-153f-4f41-8aed-492a76d80b48@group-0C8EC243BCC2:LeaderElection229] INFO  impl.RoleInfo (RoleInfo.java:updateAndGet(143)) - 9ce0b59e-153f-4f41-8aed-492a76d80b48: start LeaderState
2019-09-26 21:19:37,401 [9ce0b59e-153f-4f41-8aed-492a76d80b48@group-6C47FF3504AD:LeaderElection238] INFO  impl.RoleInfo (RoleInfo.java:updateAndGet(143)) - 9ce0b59e-153f-4f41-8aed-492a76d80b48: start LeaderState
2019-09-26 21:19:37,405 [9ce0b59e-153f-4f41-8aed-492a76d80b48@group-0C8EC243BCC2:LeaderElection229] INFO  segmented.SegmentedRaftLogWorker (SegmentedRaftLogWorker.java:startLogSegment(380)) - 9ce0b59e-153f-4f41-8aed-492a76d80b48@group-0C8EC243BCC2-SegmentedRaftLogWorker: Starting segment from index:0
2019-09-26 21:19:37,405 [1178c3ae-d0b4-4d44-b144-fe8504cc41ac@group-87E66A5F5023-SegmentedRaftLogWorker] INFO  util.JmxRegister (JmxRegister.java:unregister(73)) - Successfully un-registered JMX Bean with object name Ratis:service=RaftServer,group=group-87E66A5F5023,id=1178c3ae-d0b4-4d44-b144-fe8504cc41ac
2019-09-26 21:19:37,404 [9ce0b59e-153f-4f41-8aed-492a76d80b48@group-BBEF4765CFAF:LeaderElection228] INFO  impl.RoleInfo (RoleInfo.java:updateAndGet(143)) - 9ce0b59e-153f-4f41-8aed-492a76d80b48: start LeaderState
2019-09-26 21:19:37,404 [da833d8d-e72a-4068-9560-4daa2d83adc2@group-27028318879A:LeaderElection231] INFO  segmented.SegmentedRaftLogWorker (SegmentedRaftLogWorker.java:startLogSegment(380)) - da833d8d-e72a-4068-9560-4daa2d83adc2@group-27028318879A-SegmentedRaftLogWorker: Starting segment from index:0
2019-09-26 21:19:37,404 [09112efe-1fad-4539-a04f-c96aef6d2351@group-A4789B464D44:LeaderElection236] INFO  impl.RoleInfo (RoleInfo.java:updateAndGet(143)) - 09112efe-1fad-4539-a04f-c96aef6d2351: start LeaderState
2019-09-26 21:19:37,404 [0c640f50-2bc9-49b6-b785-a27e3116e6ba@group-190F77E321AE:LeaderElection233] INFO  segmented.SegmentedRaftLogWorker (SegmentedRaftLogWorker.java:startLogSegment(380)) - 0c640f50-2bc9-49b6-b785-a27e3116e6ba@group-190F77E321AE-SegmentedRaftLogWorker: Starting segment from index:0
2019-09-26 21:19:37,404 [9ce0b59e-153f-4f41-8aed-492a76d80b48@group-BBE9186E4BB1-SegmentedRaftLogWorker] INFO  util.JmxRegister (JmxRegister.java:unregister(73)) - Successfully un-registered JMX Bean with object name Ratis:service=RaftServer,group=group-BBE9186E4BB1,id=9ce0b59e-153f-4f41-8aed-492a76d80b48
2019-09-26 21:19:37,404 [1178c3ae-d0b4-4d44-b144-fe8504cc41ac@group-C4ECAA6EBF50-SegmentedRaftLogWorker] INFO  impl.RoleInfo (RoleInfo.java:shutdownLeaderState(104)) - 1178c3ae-d0b4-4d44-b144-fe8504cc41ac: shutdown LeaderState
2019-09-26 21:19:37,404 [09112efe-1fad-4539-a04f-c96aef6d2351@group-6CD702D63989:LeaderElection230] INFO  impl.RoleInfo (RoleInfo.java:updateAndGet(143)) - 09112efe-1fad-4539-a04f-c96aef6d2351: start LeaderState
2019-09-26 21:19:37,404 [09112efe-1fad-4539-a04f-c96aef6d2351@group-8808E0E383FD-SegmentedRaftLogWorker] INFO  impl.RoleInfo (RoleInfo.java:shutdownLeaderState(104)) - 09112efe-1fad-4539-a04f-c96aef6d2351: shutdown LeaderState
2019-09-26 21:19:37,404 [9ce0b59e-153f-4f41-8aed-492a76d80b48@group-F676E590A49D-SegmentedRaftLogWorker] INFO  util.JmxRegister (JmxRegister.java:unregister(73)) - Successfully un-registered JMX Bean with object name Ratis:service=RaftServer,group=group-F676E590A49D,id=9ce0b59e-153f-4f41-8aed-492a76d80b48
2019-09-26 21:19:38,290 [9ce0b59e-153f-4f41-8aed-492a76d80b48@group-F676E590A49D-SegmentedRaftLogWorker] INFO  impl.RoleInfo (RoleInfo.java:shutdownLeaderState(104)) - 9ce0b59e-153f-4f41-8aed-492a76d80b48: shutdown LeaderState
2019-09-26 21:19:37,404 [1178c3ae-d0b4-4d44-b144-fe8504cc41ac@group-449BE572DC99-SegmentedRaftLogWorker] INFO  impl.RoleInfo (RoleInfo.java:shutdownLeaderState(104)) - 1178c3ae-d0b4-4d44-b144-fe8504cc41ac: shutdown LeaderState
2019-09-26 21:19:38,290 [1178c3ae-d0b4-4d44-b144-fe8504cc41ac@group-449BE572DC99-SegmentedRaftLogWorker] INFO  impl.PendingRequests (PendingRequests.java:sendNotLeaderResponses(202)) - 1178c3ae-d0b4-4d44-b144-fe8504cc41ac-PendingRequests: sendNotLeaderResponses
2019-09-26 21:19:37,404 [09112efe-1fad-4539-a04f-c96aef6d2351@group-A0E7B7EED9F9:LeaderElection234] INFO  impl.RoleInfo (RoleInfo.java:updateAndGet(143)) - 09112efe-1fad-4539-a04f-c96aef6d2351: start LeaderState
2019-09-26 21:19:37,404 [0c640f50-2bc9-49b6-b785-a27e3116e6ba@group-2260AD7B7718-SegmentedRaftLogWorker] INFO  impl.RoleInfo (RoleInfo.java:shutdownLeaderState(104)) - 0c640f50-2bc9-49b6-b785-a27e3116e6ba: shutdown LeaderState
2019-09-26 21:19:38,291 [09112efe-1fad-4539-a04f-c96aef6d2351@group-A0E7B7EED9F9:LeaderElection234] INFO  segmented.SegmentedRaftLogWorker (SegmentedRaftLogWorker.java:startLogSegment(380)) - 09112efe-1fad-4539-a04f-c96aef6d2351@group-A0E7B7EED9F9-SegmentedRaftLogWorker: Starting segment from index:0
2019-09-26 21:19:37,403 [da833d8d-e72a-4068-9560-4daa2d83adc2@group-2250387AFD51-SegmentedRaftLogWorker] INFO  impl.RoleInfo (RoleInfo.java:shutdownLeaderState(104)) - da833d8d-e72a-4068-9560-4daa2d83adc2: shutdown LeaderState
2019-09-26 21:19:37,403 [da833d8d-e72a-4068-9560-4daa2d83adc2@group-4FC7302DF2CA:LeaderElection232] INFO  impl.RoleInfo (RoleInfo.java:updateAndGet(143)) - da833d8d-e72a-4068-9560-4daa2d83adc2: start LeaderState
2019-09-26 21:19:38,292 [09112efe-1fad-4539-a04f-c96aef6d2351@group-A0E7B7EED9F9:LeaderElection234] INFO  impl.RaftServerImpl (ServerState.java:setRaftConf(354)) - 09112efe-1fad-4539-a04f-c96aef6d2351@group-A0E7B7EED9F9: set configuration 0: [09112efe-1fad-4539-a04f-c96aef6d2351:192.168.151.99:45286], old=null at 0
2019-09-26 21:19:37,403 [pool-27-thread-1] INFO  impl.RaftServerImpl (RaftServerImpl.java:setRole(174)) - 9ce0b59e-153f-4f41-8aed-492a76d80b48@group-99F158122B1E: changes role from      null to FOLLOWER at term 0 for startAsFollower
2019-09-26 21:19:37,403 [1178c3ae-d0b4-4d44-b144-fe8504cc41ac@group-51A2D4D8C13B-SegmentedRaftLogWorker] INFO  util.JmxRegister (JmxRegister.java:unregister(73)) - Successfully un-registered JMX Bean with object name Ratis:service=RaftServer,group=group-51A2D4D8C13B,id=1178c3ae-d0b4-4d44-b144-fe8504cc41ac
2019-09-26 21:19:38,315 [pool-27-thread-1] INFO  impl.RoleInfo (RoleInfo.java:updateAndGet(143)) - 9ce0b59e-153f-4f41-8aed-492a76d80b48: start FollowerState
2019-09-26 21:19:38,315 [da833d8d-e72a-4068-9560-4daa2d83adc2@group-4FC7302DF2CA:LeaderElection232] INFO  segmented.SegmentedRaftLogWorker (SegmentedRaftLogWorker.java:startLogSegment(380)) - da833d8d-e72a-4068-9560-4daa2d83adc2@group-4FC7302DF2CA-SegmentedRaftLogWorker: Starting segment from index:0
2019-09-26 21:19:38,291 [da833d8d-e72a-4068-9560-4daa2d83adc2@group-2250387AFD51-SegmentedRaftLogWorker] INFO  impl.PendingRequests (PendingRequests.java:sendNotLeaderResponses(202)) - da833d8d-e72a-4068-9560-4daa2d83adc2-PendingRequests: sendNotLeaderResponses
2019-09-26 21:19:38,291 [0c640f50-2bc9-49b6-b785-a27e3116e6ba@group-2260AD7B7718-SegmentedRaftLogWorker] INFO  impl.PendingRequests (PendingRequests.java:sendNotLeaderResponses(202)) - 0c640f50-2bc9-49b6-b785-a27e3116e6ba-PendingRequests: sendNotLeaderResponses
2019-09-26 21:19:38,291 [1178c3ae-d0b4-4d44-b144-fe8504cc41ac@group-449BE572DC99-SegmentedRaftLogWorker] INFO  impl.StateMachineUpdater (StateMachineUpdater.java:stopAndJoin(125)) - 1178c3ae-d0b4-4d44-b144-fe8504cc41ac@group-449BE572DC99-StateMachineUpdater: set stopIndex = -1
2019-09-26 21:19:38,290 [9ce0b59e-153f-4f41-8aed-492a76d80b48@group-F676E590A49D-SegmentedRaftLogWorker] INFO  impl.PendingRequests (PendingRequests.java:sendNotLeaderResponses(202)) - 9ce0b59e-153f-4f41-8aed-492a76d80b48-PendingRequests: sendNotLeaderResponses
2019-09-26 21:19:38,290 [09112efe-1fad-4539-a04f-c96aef6d2351@group-8808E0E383FD-SegmentedRaftLogWorker] INFO  impl.PendingRequests (PendingRequests.java:sendNotLeaderResponses(202)) - 09112efe-1fad-4539-a04f-c96aef6d2351-PendingRequests: sendNotLeaderResponses
2019-09-26 21:19:38,290 [09112efe-1fad-4539-a04f-c96aef6d2351@group-6CD702D63989:LeaderElection230] INFO  segmented.SegmentedRaftLogWorker (SegmentedRaftLogWorker.java:startLogSegment(380)) - 09112efe-1fad-4539-a04f-c96aef6d2351@group-6CD702D63989-SegmentedRaftLogWorker: Starting segment from index:0
2019-09-26 21:19:38,054 [1178c3ae-d0b4-4d44-b144-fe8504cc41ac@group-C4ECAA6EBF50-SegmentedRaftLogWorker] INFO  impl.PendingRequests (PendingRequests.java:sendNotLeaderResponses(202)) - 1178c3ae-d0b4-4d44-b144-fe8504cc41ac-PendingRequests: sendNotLeaderResponses
2019-09-26 21:19:38,053 [0c640f50-2bc9-49b6-b785-a27e3116e6ba@group-190F77E321AE:LeaderElection233] INFO  impl.RaftServerImpl (ServerState.java:setRaftConf(354)) - 0c640f50-2bc9-49b6-b785-a27e3116e6ba@group-190F77E321AE: set configuration 0: [0c640f50-2bc9-49b6-b785-a27e3116e6ba:192.168.151.99:42361], old=null at 0
2019-09-26 21:19:38,053 [9ce0b59e-153f-4f41-8aed-492a76d80b48@group-BBE9186E4BB1-SegmentedRaftLogWorker] INFO  impl.RoleInfo (RoleInfo.java:shutdownLeaderState(104)) - 9ce0b59e-153f-4f41-8aed-492a76d80b48: shutdown LeaderState
2019-09-26 21:19:37,756 [da833d8d-e72a-4068-9560-4daa2d83adc2@group-27028318879A:LeaderElection231] INFO  impl.RaftServerImpl (ServerState.java:setRaftConf(354)) - da833d8d-e72a-4068-9560-4daa2d83adc2@group-27028318879A: set configuration 0: [da833d8d-e72a-4068-9560-4daa2d83adc2:192.168.151.99:38903], old=null at 0
2019-09-26 21:19:37,756 [09112efe-1fad-4539-a04f-c96aef6d2351@group-A4789B464D44:LeaderElection236] INFO  segmented.SegmentedRaftLogWorker (SegmentedRaftLogWorker.java:startLogSegment(380)) - 09112efe-1fad-4539-a04f-c96aef6d2351@group-A4789B464D44-SegmentedRaftLogWorker: Starting segment from index:0
2019-09-26 21:19:37,405 [9ce0b59e-153f-4f41-8aed-492a76d80b48@group-BBEF4765CFAF:LeaderElection228] INFO  segmented.SegmentedRaftLogWorker (SegmentedRaftLogWorker.java:startLogSegment(380)) - 9ce0b59e-153f-4f41-8aed-492a76d80b48@group-BBEF4765CFAF-SegmentedRaftLogWorker: Starting segment from index:0
2019-09-26 21:19:37,405 [9ce0b59e-153f-4f41-8aed-492a76d80b48@group-0C8EC243BCC2:LeaderElection229] INFO  impl.RaftServerImpl (ServerState.java:setRaftConf(354)) - 9ce0b59e-153f-4f41-8aed-492a76d80b48@group-0C8EC243BCC2: set configuration 0: [9ce0b59e-153f-4f41-8aed-492a76d80b48:192.168.151.99:34156], old=null at 0
2019-09-26 21:19:37,755 [pool-67-thread-1] INFO  storage.RaftStorage (RaftStorage.java:format(72)) - Storage directory /workdir/hadoop-ozone/ozonefs/target/test-dir/MiniOzoneClusterImpl-5b64906c-d720-4906-b30c-b6d56a2122fd/datanode-4/data/ratis/59b91c18-7ae5-4e6a-88ab-57787deba7ab has been successfully formatted.
2019-09-26 21:19:37,755 [pool-37-thread-1] INFO  storage.RaftStorage (RaftStorage.java:format(72)) - Storage directory /workdir/hadoop-ozone/ozonefs/target/test-dir/MiniOzoneClusterImpl-5b64906c-d720-4906-b30c-b6d56a2122fd/datanode-1/data/ratis/59b91c18-7ae5-4e6a-88ab-57787deba7ab has been successfully formatted.
2019-09-26 21:19:37,405 [1178c3ae-d0b4-4d44-b144-fe8504cc41ac@group-87E66A5F5023-SegmentedRaftLogWorker] INFO  impl.RoleInfo (RoleInfo.java:shutdownLeaderState(104)) - 1178c3ae-d0b4-4d44-b144-fe8504cc41ac: shutdown LeaderState
2019-09-26 21:19:37,405 [9ce0b59e-153f-4f41-8aed-492a76d80b48@group-6C47FF3504AD:LeaderElection238] INFO  segmented.SegmentedRaftLogWorker (SegmentedRaftLogWorker.java:startLogSegment(380)) - 9ce0b59e-153f-4f41-8aed-492a76d80b48@group-6C47FF3504AD-SegmentedRaftLogWorker: Starting segment from index:0
2019-09-26 21:19:39,366 [1178c3ae-d0b4-4d44-b144-fe8504cc41ac@group-87E66A5F5023-SegmentedRaftLogWorker] INFO  impl.PendingRequests (PendingRequests.java:sendNotLeaderResponses(202)) - 1178c3ae-d0b4-4d44-b144-fe8504cc41ac-PendingRequests: sendNotLeaderResponses
2019-09-26 21:19:39,137 [pool-37-thread-1] INFO  ratis.ContainerStateMachine (ContainerStateMachine.java:loadSnapshot(230)) - group-57787DEBA7AB: The snapshot info is null. Setting the last applied indexto:(t:0, i:~)
2019-09-26 21:19:39,136 [pool-67-thread-1] INFO  ratis.ContainerStateMachine (ContainerStateMachine.java:loadSnapshot(230)) - group-57787DEBA7AB: The snapshot info is null. Setting the last applied indexto:(t:0, i:~)
2019-09-26 21:19:39,136 [9ce0b59e-153f-4f41-8aed-492a76d80b48@group-BBEF4765CFAF:LeaderElection228] INFO  impl.RaftServerImpl (ServerState.java:setRaftConf(354)) - 9ce0b59e-153f-4f41-8aed-492a76d80b48@group-BBEF4765CFAF: set configuration 0: [9ce0b59e-153f-4f41-8aed-492a76d80b48:192.168.151.99:34156], old=null at 0
2019-09-26 21:19:39,129 [9ce0b59e-153f-4f41-8aed-492a76d80b48@group-0C8EC243BCC2-SegmentedRaftLogWorker] ERROR segmented.SegmentedRaftLogWorker (SegmentedRaftLogWorker.java:run(323)) - 9ce0b59e-153f-4f41-8aed-492a76d80b48@group-0C8EC243BCC2-SegmentedRaftLogWorker hit exception
java.lang.OutOfMemoryError: Direct buffer memory
	at java.nio.Bits.reserveMemory(Bits.java:666)
	at java.nio.DirectByteBuffer.<init>(DirectByteBuffer.java:123)
	at java.nio.ByteBuffer.allocateDirect(ByteBuffer.java:311)
	at org.apache.ratis.server.raftlog.segmented.BufferedWriteChannel.<init>(BufferedWriteChannel.java:41)
	at org.apache.ratis.server.raftlog.segmented.SegmentedRaftLogOutputStream.<init>(SegmentedRaftLogOutputStream.java:72)
	at org.apache.ratis.server.raftlog.segmented.SegmentedRaftLogWorker$StartLogSegment.execute(SegmentedRaftLogWorker.java:566)
	at org.apache.ratis.server.raftlog.segmented.SegmentedRaftLogWorker.run(SegmentedRaftLogWorker.java:289)
	at java.lang.Thread.run(Thread.java:748)
2019-09-26 21:19:39,129 [0c640f50-2bc9-49b6-b785-a27e3116e6ba@group-EA44501B296B-SegmentedRaftLogWorker] ERROR segmented.SegmentedRaftLogWorker (SegmentedRaftLogWorker.java:run(323)) - 0c640f50-2bc9-49b6-b785-a27e3116e6ba@group-EA44501B296B-SegmentedRaftLogWorker hit exception
java.lang.OutOfMemoryError: Direct buffer memory
	at java.nio.Bits.reserveMemory(Bits.java:666)
	at java.nio.DirectByteBuffer.<init>(DirectByteBuffer.java:123)
	at java.nio.ByteBuffer.allocateDirect(ByteBuffer.java:311)
	at org.apache.ratis.server.raftlog.segmented.BufferedWriteChannel.<init>(BufferedWriteChannel.java:41)
	at org.apache.ratis.server.raftlog.segmented.SegmentedRaftLogOutputStream.<init>(SegmentedRaftLogOutputStream.java:72)
	at org.apache.ratis.server.raftlog.segmented.SegmentedRaftLogWorker$StartLogSegment.execute(SegmentedRaftLogWorker.java:566)
	at org.apache.ratis.server.raftlog.segmented.SegmentedRaftLogWorker.run(SegmentedRaftLogWorker.java:289)
	at java.lang.Thread.run(Thread.java:748)
2019-09-26 21:19:39,698 [0c640f50-2bc9-49b6-b785-a27e3116e6ba@group-EA44501B296B-SegmentedRaftLogWorker] INFO  impl.RaftServerImpl (RaftServerImpl.java:lambda$shutdown$3(251)) - 0c640f50-2bc9-49b6-b785-a27e3116e6ba@group-EA44501B296B: shutdown
2019-09-26 21:19:38,837 [09112efe-1fad-4539-a04f-c96aef6d2351@group-A4789B464D44:LeaderElection236] INFO  impl.RaftServerImpl (ServerState.java:setRaftConf(354)) - 09112efe-1fad-4539-a04f-c96aef6d2351@group-A4789B464D44: set configuration 0: [09112efe-1fad-4539-a04f-c96aef6d2351:192.168.151.99:45286], old=null at 0
2019-09-26 21:19:38,836 [9ce0b59e-153f-4f41-8aed-492a76d80b48@group-BBE9186E4BB1-SegmentedRaftLogWorker] INFO  impl.PendingRequests (PendingRequests.java:sendNotLeaderResponses(202)) - 9ce0b59e-153f-4f41-8aed-492a76d80b48-PendingRequests: sendNotLeaderResponses
2019-09-26 21:19:38,836 [09112efe-1fad-4539-a04f-c96aef6d2351@group-6CD702D63989:LeaderElection230] INFO  impl.RaftServerImpl (ServerState.java:setRaftConf(354)) - 09112efe-1fad-4539-a04f-c96aef6d2351@group-6CD702D63989: set configuration 0: [09112efe-1fad-4539-a04f-c96aef6d2351:192.168.151.99:45286], old=null at 0
2019-09-26 21:19:38,828 [1178c3ae-d0b4-4d44-b144-fe8504cc41ac@group-84CE257E3DC6-SegmentedRaftLogWorker] ERROR segmented.SegmentedRaftLogWorker (SegmentedRaftLogWorker.java:run(323)) - 1178c3ae-d0b4-4d44-b144-fe8504cc41ac@group-84CE257E3DC6-SegmentedRaftLogWorker hit exception
java.lang.OutOfMemoryError: Direct buffer memory
	at java.nio.Bits.reserveMemory(Bits.java:666)
	at java.nio.DirectByteBuffer.<init>(DirectByteBuffer.java:123)
	at java.nio.ByteBuffer.allocateDirect(ByteBuffer.java:311)
	at org.apache.ratis.server.raftlog.segmented.BufferedWriteChannel.<init>(BufferedWriteChannel.java:41)
	at org.apache.ratis.server.raftlog.segmented.SegmentedRaftLogOutputStream.<init>(SegmentedRaftLogOutputStream.java:72)
	at org.apache.ratis.server.raftlog.segmented.SegmentedRaftLogWorker$StartLogSegment.execute(SegmentedRaftLogWorker.java:566)
	at org.apache.ratis.server.raftlog.segmented.SegmentedRaftLogWorker.run(SegmentedRaftLogWorker.java:289)
	at java.lang.Thread.run(Thread.java:748)
2019-09-26 21:19:39,714 [1178c3ae-d0b4-4d44-b144-fe8504cc41ac@group-84CE257E3DC6-SegmentedRaftLogWorker] INFO  impl.RaftServerImpl (RaftServerImpl.java:lambda$shutdown$3(251)) - 1178c3ae-d0b4-4d44-b144-fe8504cc41ac@group-84CE257E3DC6: shutdown
2019-09-26 21:19:38,576 [1178c3ae-d0b4-4d44-b144-fe8504cc41ac@group-C4ECAA6EBF50-SegmentedRaftLogWorker] INFO  impl.StateMachineUpdater (StateMachineUpdater.java:stopAndJoin(125)) - 1178c3ae-d0b4-4d44-b144-fe8504cc41ac@group-C4ECAA6EBF50-StateMachineUpdater: set stopIndex = -1
2019-09-26 21:19:39,715 [RATISCREATEPIPELINE2] ERROR pipeline.RatisPipelineProvider (RatisPipelineProvider.java:lambda$null$2(175)) - Failed invoke Ratis rpc org.apache.hadoop.hdds.scm.pipeline.RatisPipelineProvider$$Lambda$179/154091354@629b712e for da833d8d-e72a-4068-9560-4daa2d83adc2
org.apache.ratis.protocol.TimeoutIOException: deadline exceeded after 2999738215ns
	at org.apache.ratis.grpc.GrpcUtil.tryUnwrapException(GrpcUtil.java:82)
	at org.apache.ratis.grpc.GrpcUtil.unwrapException(GrpcUtil.java:75)
	at org.apache.ratis.grpc.client.GrpcClientProtocolClient.blockingCall(GrpcClientProtocolClient.java:178)
	at org.apache.ratis.grpc.client.GrpcClientProtocolClient.groupAdd(GrpcClientProtocolClient.java:147)
	at org.apache.ratis.grpc.client.GrpcClientRpc.sendRequest(GrpcClientRpc.java:94)
	at org.apache.ratis.client.impl.RaftClientImpl.sendRequest(RaftClientImpl.java:278)
	at org.apache.ratis.client.impl.RaftClientImpl.groupAdd(RaftClientImpl.java:205)
	at org.apache.hadoop.hdds.scm.pipeline.RatisPipelineProvider.lambda$initializePipeline$1(RatisPipelineProvider.java:136)
	at org.apache.hadoop.hdds.scm.pipeline.RatisPipelineProvider.lambda$null$2(RatisPipelineProvider.java:171)
	at java.util.stream.ForEachOps$ForEachOp$OfRef.accept(ForEachOps.java:184)
	at java.util.ArrayList$ArrayListSpliterator.forEachRemaining(ArrayList.java:1382)
	at java.util.stream.AbstractPipeline.copyInto(AbstractPipeline.java:482)
	at java.util.stream.ForEachOps$ForEachTask.compute(ForEachOps.java:291)
	at java.util.concurrent.CountedCompleter.exec(CountedCompleter.java:731)
	at java.util.concurrent.ForkJoinTask.doExec(ForkJoinTask.java:289)
	at java.util.concurrent.ForkJoinTask.doInvoke(ForkJoinTask.java:401)
	at java.util.concurrent.ForkJoinTask.invoke(ForkJoinTask.java:734)
	at java.util.stream.ForEachOps$ForEachOp.evaluateParallel(ForEachOps.java:160)
	at java.util.stream.ForEachOps$ForEachOp$OfRef.evaluateParallel(ForEachOps.java:174)
	at java.util.stream.AbstractPipeline.evaluate(AbstractPipeline.java:233)
	at java.util.stream.ReferencePipeline.forEach(ReferencePipeline.java:418)
	at java.util.stream.ReferencePipeline$Head.forEach(ReferencePipeline.java:583)
	at org.apache.hadoop.hdds.scm.pipeline.RatisPipelineProvider.lambda$callRatisRpc$3(RatisPipelineProvider.java:165)
	at java.util.concurrent.ForkJoinTask$AdaptedRunnableAction.exec(ForkJoinTask.java:1386)
	at java.util.concurrent.ForkJoinTask.doExec(ForkJoinTask.java:289)
	at java.util.concurrent.ForkJoinPool$WorkQueue.runTask(ForkJoinPool.java:1056)
	at java.util.concurrent.ForkJoinPool.runWorker(ForkJoinPool.java:1692)
	at java.util.concurrent.ForkJoinWorkerThread.run(ForkJoinWorkerThread.java:157)
Caused by: org.apache.ratis.thirdparty.io.grpc.StatusRuntimeException: DEADLINE_EXCEEDED: deadline exceeded after 2999738215ns
	at org.apache.ratis.thirdparty.io.grpc.stub.ClientCalls.toStatusRuntimeException(ClientCalls.java:233)
	at org.apache.ratis.thirdparty.io.grpc.stub.ClientCalls.getUnchecked(ClientCalls.java:214)
	at org.apache.ratis.thirdparty.io.grpc.stub.ClientCalls.blockingUnaryCall(ClientCalls.java:139)
	at org.apache.ratis.proto.grpc.AdminProtocolServiceGrpc$AdminProtocolServiceBlockingStub.groupManagement(AdminProtocolServiceGrpc.java:274)
	at org.apache.ratis.grpc.client.GrpcClientProtocolClient.lambda$groupAdd$3(GrpcClientProtocolClient.java:149)
	at org.apache.ratis.grpc.client.GrpcClientProtocolClient.blockingCall(GrpcClientProtocolClient.java:176)
	... 25 more
2019-09-26 21:19:38,576 [09112efe-1fad-4539-a04f-c96aef6d2351@group-8808E0E383FD-SegmentedRaftLogWorker] INFO  impl.StateMachineUpdater (StateMachineUpdater.java:stopAndJoin(125)) - 09112efe-1fad-4539-a04f-c96aef6d2351@group-8808E0E383FD-StateMachineUpdater: set stopIndex = -1
2019-09-26 21:19:39,715 [09112efe-1fad-4539-a04f-c96aef6d2351@group-8808E0E383FD-SegmentedRaftLogWorker] INFO  impl.RaftServerImpl (ServerState.java:close(385)) - 09112efe-1fad-4539-a04f-c96aef6d2351@group-8808E0E383FD: closes. applyIndex: -1
2019-09-26 21:19:38,575 [9ce0b59e-153f-4f41-8aed-492a76d80b48@group-F676E590A49D-SegmentedRaftLogWorker] INFO  impl.StateMachineUpdater (StateMachineUpdater.java:stopAndJoin(125)) - 9ce0b59e-153f-4f41-8aed-492a76d80b48@group-F676E590A49D-StateMachineUpdater: set stopIndex = -1
2019-09-26 21:19:39,716 [9ce0b59e-153f-4f41-8aed-492a76d80b48@group-F676E590A49D-SegmentedRaftLogWorker] INFO  impl.RaftServerImpl (ServerState.java:close(385)) - 9ce0b59e-153f-4f41-8aed-492a76d80b48@group-F676E590A49D: closes. applyIndex: -1
2019-09-26 21:19:38,575 [1178c3ae-d0b4-4d44-b144-fe8504cc41ac@group-449BE572DC99-SegmentedRaftLogWorker] INFO  impl.RaftServerImpl (ServerState.java:close(385)) - 1178c3ae-d0b4-4d44-b144-fe8504cc41ac@group-449BE572DC99: closes. applyIndex: -1
2019-09-26 21:19:38,575 [0c640f50-2bc9-49b6-b785-a27e3116e6ba@group-2260AD7B7718-SegmentedRaftLogWorker] INFO  impl.StateMachineUpdater (StateMachineUpdater.java:stopAndJoin(125)) - 0c640f50-2bc9-49b6-b785-a27e3116e6ba@group-2260AD7B7718-StateMachineUpdater: set stopIndex = -1
2019-09-26 21:19:38,316 [da833d8d-e72a-4068-9560-4daa2d83adc2@group-4FC7302DF2CA:LeaderElection232] INFO  impl.RaftServerImpl (ServerState.java:setRaftConf(354)) - da833d8d-e72a-4068-9560-4daa2d83adc2@group-4FC7302DF2CA: set configuration 0: [da833d8d-e72a-4068-9560-4daa2d83adc2:192.168.151.99:38903], old=null at 0
2019-09-26 21:19:38,316 [da833d8d-e72a-4068-9560-4daa2d83adc2@group-2250387AFD51-SegmentedRaftLogWorker] INFO  impl.StateMachineUpdater (StateMachineUpdater.java:stopAndJoin(125)) - da833d8d-e72a-4068-9560-4daa2d83adc2@group-2250387AFD51-StateMachineUpdater: set stopIndex = -1
2019-09-26 21:19:38,316 [pool-27-thread-1] INFO  util.JmxRegister (JmxRegister.java:tryRegister(44)) - Successfully registered JMX Bean with object name Ratis:service=RaftServer,group=group-99F158122B1E,id=9ce0b59e-153f-4f41-8aed-492a76d80b48
2019-09-26 21:19:38,315 [1178c3ae-d0b4-4d44-b144-fe8504cc41ac@group-51A2D4D8C13B-SegmentedRaftLogWorker] INFO  impl.RoleInfo (RoleInfo.java:shutdownLeaderState(104)) - 1178c3ae-d0b4-4d44-b144-fe8504cc41ac: shutdown LeaderState
2019-09-26 21:19:39,717 [da833d8d-e72a-4068-9560-4daa2d83adc2@group-2250387AFD51-SegmentedRaftLogWorker] INFO  impl.RaftServerImpl (ServerState.java:close(385)) - da833d8d-e72a-4068-9560-4daa2d83adc2@group-2250387AFD51: closes. applyIndex: -1
2019-09-26 21:19:39,716 [0c640f50-2bc9-49b6-b785-a27e3116e6ba@group-2260AD7B7718-SegmentedRaftLogWorker] INFO  impl.RaftServerImpl (ServerState.java:close(385)) - 0c640f50-2bc9-49b6-b785-a27e3116e6ba@group-2260AD7B7718: closes. applyIndex: -1
2019-09-26 21:19:39,716 [1178c3ae-d0b4-4d44-b144-fe8504cc41ac@group-449BE572DC99-SegmentedRaftLogWorker] INFO  segmented.SegmentedRaftLogWorker (SegmentedRaftLogWorker.java:close(228)) - 1178c3ae-d0b4-4d44-b144-fe8504cc41ac@group-449BE572DC99-SegmentedRaftLogWorker close()
2019-09-26 21:19:39,716 [9ce0b59e-153f-4f41-8aed-492a76d80b48@group-F676E590A49D-SegmentedRaftLogWorker] INFO  segmented.SegmentedRaftLogWorker (SegmentedRaftLogWorker.java:close(228)) - 9ce0b59e-153f-4f41-8aed-492a76d80b48@group-F676E590A49D-SegmentedRaftLogWorker close()
2019-09-26 21:19:39,716 [09112efe-1fad-4539-a04f-c96aef6d2351@group-8808E0E383FD-SegmentedRaftLogWorker] INFO  segmented.SegmentedRaftLogWorker (SegmentedRaftLogWorker.java:close(228)) - 09112efe-1fad-4539-a04f-c96aef6d2351@group-8808E0E383FD-SegmentedRaftLogWorker close()
2019-09-26 21:19:39,715 [1178c3ae-d0b4-4d44-b144-fe8504cc41ac@group-C4ECAA6EBF50-SegmentedRaftLogWorker] INFO  impl.RaftServerImpl (ServerState.java:close(385)) - 1178c3ae-d0b4-4d44-b144-fe8504cc41ac@group-C4ECAA6EBF50: closes. applyIndex: -1
2019-09-26 21:19:39,714 [1178c3ae-d0b4-4d44-b144-fe8504cc41ac@group-84CE257E3DC6-SegmentedRaftLogWorker] INFO  util.JmxRegister (JmxRegister.java:unregister(73)) - Successfully un-registered JMX Bean with object name Ratis:service=RaftServer,group=group-84CE257E3DC6,id=1178c3ae-d0b4-4d44-b144-fe8504cc41ac
2019-09-26 21:19:39,718 [1178c3ae-d0b4-4d44-b144-fe8504cc41ac@group-84CE257E3DC6-SegmentedRaftLogWorker] INFO  impl.RoleInfo (RoleInfo.java:shutdownLeaderState(104)) - 1178c3ae-d0b4-4d44-b144-fe8504cc41ac: shutdown LeaderState
2019-09-26 21:19:39,704 [9ce0b59e-153f-4f41-8aed-492a76d80b48@group-BBE9186E4BB1-SegmentedRaftLogWorker] INFO  impl.StateMachineUpdater (StateMachineUpdater.java:stopAndJoin(125)) - 9ce0b59e-153f-4f41-8aed-492a76d80b48@group-BBE9186E4BB1-StateMachineUpdater: set stopIndex = -1
2019-09-26 21:19:39,718 [9ce0b59e-153f-4f41-8aed-492a76d80b48@group-BBE9186E4BB1-SegmentedRaftLogWorker] INFO  impl.RaftServerImpl (ServerState.java:close(385)) - 9ce0b59e-153f-4f41-8aed-492a76d80b48@group-BBE9186E4BB1: closes. applyIndex: -1
2019-09-26 21:19:39,698 [0c640f50-2bc9-49b6-b785-a27e3116e6ba@group-EA44501B296B-SegmentedRaftLogWorker] INFO  util.JmxRegister (JmxRegister.java:unregister(73)) - Successfully un-registered JMX Bean with object name Ratis:service=RaftServer,group=group-EA44501B296B,id=0c640f50-2bc9-49b6-b785-a27e3116e6ba
2019-09-26 21:19:39,698 [RATISCREATEPIPELINE0] ERROR pipeline.RatisPipelineProvider (RatisPipelineProvider.java:lambda$null$2(175)) - Failed invoke Ratis rpc org.apache.hadoop.hdds.scm.pipeline.RatisPipelineProvider$$Lambda$179/154091354@629b712e for 9ce0b59e-153f-4f41-8aed-492a76d80b48
org.apache.ratis.protocol.TimeoutIOException: deadline exceeded after 2999667286ns
	at org.apache.ratis.grpc.GrpcUtil.tryUnwrapException(GrpcUtil.java:82)
	at org.apache.ratis.grpc.GrpcUtil.unwrapException(GrpcUtil.java:75)
	at org.apache.ratis.grpc.client.GrpcClientProtocolClient.blockingCall(GrpcClientProtocolClient.java:178)
	at org.apache.ratis.grpc.client.GrpcClientProtocolClient.groupAdd(GrpcClientProtocolClient.java:147)
	at org.apache.ratis.grpc.client.GrpcClientRpc.sendRequest(GrpcClientRpc.java:94)
	at org.apache.ratis.client.impl.RaftClientImpl.sendRequest(RaftClientImpl.java:278)
	at org.apache.ratis.client.impl.RaftClientImpl.groupAdd(RaftClientImpl.java:205)
	at org.apache.hadoop.hdds.scm.pipeline.RatisPipelineProvider.lambda$initializePipeline$1(RatisPipelineProvider.java:136)
	at org.apache.hadoop.hdds.scm.pipeline.RatisPipelineProvider.lambda$null$2(RatisPipelineProvider.java:171)
	at java.util.stream.ForEachOps$ForEachOp$OfRef.accept(ForEachOps.java:184)
	at java.util.ArrayList$ArrayListSpliterator.forEachRemaining(ArrayList.java:1382)
	at java.util.stream.AbstractPipeline.copyInto(AbstractPipeline.java:482)
	at java.util.stream.ForEachOps$ForEachTask.compute(ForEachOps.java:291)
	at java.util.concurrent.CountedCompleter.exec(CountedCompleter.java:731)
	at java.util.concurrent.ForkJoinTask.doExec(ForkJoinTask.java:289)
	at java.util.concurrent.ForkJoinPool$WorkQueue.runTask(ForkJoinPool.java:1056)
	at java.util.concurrent.ForkJoinPool.runWorker(ForkJoinPool.java:1692)
	at java.util.concurrent.ForkJoinWorkerThread.run(ForkJoinWorkerThread.java:157)
Caused by: org.apache.ratis.thirdparty.io.grpc.StatusRuntimeException: DEADLINE_EXCEEDED: deadline exceeded after 2999667286ns
	at org.apache.ratis.thirdparty.io.grpc.stub.ClientCalls.toStatusRuntimeException(ClientCalls.java:233)
	at org.apache.ratis.thirdparty.io.grpc.stub.ClientCalls.getUnchecked(ClientCalls.java:214)
	at org.apache.ratis.thirdparty.io.grpc.stub.ClientCalls.blockingUnaryCall(ClientCalls.java:139)
	at org.apache.ratis.proto.grpc.AdminProtocolServiceGrpc$AdminProtocolServiceBlockingStub.groupManagement(AdminProtocolServiceGrpc.java:274)
	at org.apache.ratis.grpc.client.GrpcClientProtocolClient.lambda$groupAdd$3(GrpcClientProtocolClient.java:149)
	at org.apache.ratis.grpc.client.GrpcClientProtocolClient.blockingCall(GrpcClientProtocolClient.java:176)
	... 15 more
2019-09-26 21:19:39,698 [RATISCREATEPIPELINE1] ERROR pipeline.RatisPipelineProvider (RatisPipelineProvider.java:lambda$null$2(175)) - Failed invoke Ratis rpc org.apache.hadoop.hdds.scm.pipeline.RatisPipelineProvider$$Lambda$179/154091354@629b712e for 1178c3ae-d0b4-4d44-b144-fe8504cc41ac
org.apache.ratis.protocol.TimeoutIOException: deadline exceeded after 2999634267ns
	at org.apache.ratis.grpc.GrpcUtil.tryUnwrapException(GrpcUtil.java:82)
	at org.apache.ratis.grpc.GrpcUtil.unwrapException(GrpcUtil.java:75)
	at org.apache.ratis.grpc.client.GrpcClientProtocolClient.blockingCall(GrpcClientProtocolClient.java:178)
	at org.apache.ratis.grpc.client.GrpcClientProtocolClient.groupAdd(GrpcClientProtocolClient.java:147)
	at org.apache.ratis.grpc.client.GrpcClientRpc.sendRequest(GrpcClientRpc.java:94)
	at org.apache.ratis.client.impl.RaftClientImpl.sendRequest(RaftClientImpl.java:278)
	at org.apache.ratis.client.impl.RaftClientImpl.groupAdd(RaftClientImpl.java:205)
	at org.apache.hadoop.hdds.scm.pipeline.RatisPipelineProvider.lambda$initializePipeline$1(RatisPipelineProvider.java:136)
	at org.apache.hadoop.hdds.scm.pipeline.RatisPipelineProvider.lambda$null$2(RatisPipelineProvider.java:171)
	at java.util.stream.ForEachOps$ForEachOp$OfRef.accept(ForEachOps.java:184)
	at java.util.ArrayList$ArrayListSpliterator.forEachRemaining(ArrayList.java:1382)
	at java.util.stream.AbstractPipeline.copyInto(AbstractPipeline.java:482)
	at java.util.stream.ForEachOps$ForEachTask.compute(ForEachOps.java:291)
	at java.util.concurrent.CountedCompleter.exec(CountedCompleter.java:731)
	at java.util.concurrent.ForkJoinTask.doExec(ForkJoinTask.java:289)
	at java.util.concurrent.ForkJoinPool$WorkQueue.runTask(ForkJoinPool.java:1056)
	at java.util.concurrent.ForkJoinPool.runWorker(ForkJoinPool.java:1692)
	at java.util.concurrent.ForkJoinWorkerThread.run(ForkJoinWorkerThread.java:157)
Caused by: org.apache.ratis.thirdparty.io.grpc.StatusRuntimeException: DEADLINE_EXCEEDED: deadline exceeded after 2999634267ns
	at org.apache.ratis.thirdparty.io.grpc.stub.ClientCalls.toStatusRuntimeException(ClientCalls.java:233)
	at org.apache.ratis.thirdparty.io.grpc.stub.ClientCalls.getUnchecked(ClientCalls.java:214)
	at org.apache.ratis.thirdparty.io.grpc.stub.ClientCalls.blockingUnaryCall(ClientCalls.java:139)
	at org.apache.ratis.proto.grpc.AdminProtocolServiceGrpc$AdminProtocolServiceBlockingStub.groupManagement(AdminProtocolServiceGrpc.java:274)
	at org.apache.ratis.grpc.client.GrpcClientProtocolClient.lambda$groupAdd$3(GrpcClientProtocolClient.java:149)
	at org.apache.ratis.grpc.client.GrpcClientProtocolClient.blockingCall(GrpcClientProtocolClient.java:176)
	... 15 more
2019-09-26 21:19:39,698 [9ce0b59e-153f-4f41-8aed-492a76d80b48@group-0C8EC243BCC2-SegmentedRaftLogWorker] INFO  impl.RaftServerImpl (RaftServerImpl.java:lambda$shutdown$3(251)) - 9ce0b59e-153f-4f41-8aed-492a76d80b48@group-0C8EC243BCC2: shutdown
2019-09-26 21:19:39,697 [Thread-1445] INFO  impl.FollowerState (FollowerState.java:run(106)) - 0c640f50-2bc9-49b6-b785-a27e3116e6ba:group-6B7477E54974 changes to CANDIDATE, lastRpcTime:5154, electionTimeout:5138ms
2019-09-26 21:19:39,673 [pool-67-thread-1] INFO  server.RaftServerConfigKeys (ConfUtils.java:logGet(43)) - raft.server.notification.no-leader.timeout = 120s (custom)
2019-09-26 21:19:39,724 [pool-67-thread-1] INFO  server.RaftServerConfigKeys (ConfUtils.java:logGet(43)) - raft.server.log.use.memory = false (default)
2019-09-26 21:19:39,672 [da833d8d-e72a-4068-9560-4daa2d83adc2@group-27028318879A-SegmentedRaftLogWorker] ERROR segmented.SegmentedRaftLogWorker (SegmentedRaftLogWorker.java:run(323)) - da833d8d-e72a-4068-9560-4daa2d83adc2@group-27028318879A-SegmentedRaftLogWorker hit exception
java.lang.OutOfMemoryError: Direct buffer memory
	at java.nio.Bits.reserveMemory(Bits.java:666)
	at java.nio.DirectByteBuffer.<init>(DirectByteBuffer.java:123)
	at java.nio.ByteBuffer.allocateDirect(ByteBuffer.java:311)
	at org.apache.ratis.server.raftlog.segmented.BufferedWriteChannel.<init>(BufferedWriteChannel.java:41)
	at org.apache.ratis.server.raftlog.segmented.SegmentedRaftLogOutputStream.<init>(SegmentedRaftLogOutputStream.java:72)
	at org.apache.ratis.server.raftlog.segmented.SegmentedRaftLogWorker$StartLogSegment.execute(SegmentedRaftLogWorker.java:566)
	at org.apache.ratis.server.raftlog.segmented.SegmentedRaftLogWorker.run(SegmentedRaftLogWorker.java:289)
	at java.lang.Thread.run(Thread.java:748)
2019-09-26 21:19:39,664 [0c640f50-2bc9-49b6-b785-a27e3116e6ba@group-190F77E321AE-SegmentedRaftLogWorker] ERROR segmented.SegmentedRaftLogWorker (SegmentedRaftLogWorker.java:run(323)) - 0c640f50-2bc9-49b6-b785-a27e3116e6ba@group-190F77E321AE-SegmentedRaftLogWorker hit exception
java.lang.OutOfMemoryError: Direct buffer memory
	at java.nio.Bits.reserveMemory(Bits.java:666)
	at java.nio.DirectByteBuffer.<init>(DirectByteBuffer.java:123)
	at java.nio.ByteBuffer.allocateDirect(ByteBuffer.java:311)
	at org.apache.ratis.server.raftlog.segmented.BufferedWriteChannel.<init>(BufferedWriteChannel.java:41)
	at org.apache.ratis.server.raftlog.segmented.SegmentedRaftLogOutputStream.<init>(SegmentedRaftLogOutputStream.java:72)
	at org.apache.ratis.server.raftlog.segmented.SegmentedRaftLogWorker$StartLogSegment.execute(SegmentedRaftLogWorker.java:566)
	at org.apache.ratis.server.raftlog.segmented.SegmentedRaftLogWorker.run(SegmentedRaftLogWorker.java:289)
	at java.lang.Thread.run(Thread.java:748)
2019-09-26 21:19:39,367 [pool-37-thread-1] INFO  server.RaftServerConfigKeys (ConfUtils.java:logGet(43)) - raft.server.notification.no-leader.timeout = 120s (custom)
2019-09-26 21:19:39,725 [pool-37-thread-1] INFO  server.RaftServerConfigKeys (ConfUtils.java:logGet(43)) - raft.server.log.use.memory = false (default)
2019-09-26 21:19:39,367 [9ce0b59e-153f-4f41-8aed-492a76d80b48@group-6C47FF3504AD:LeaderElection238] INFO  impl.RaftServerImpl (ServerState.java:setRaftConf(354)) - 9ce0b59e-153f-4f41-8aed-492a76d80b48@group-6C47FF3504AD: set configuration 0: [9ce0b59e-153f-4f41-8aed-492a76d80b48:192.168.151.99:34156], old=null at 0
2019-09-26 21:19:39,367 [1178c3ae-d0b4-4d44-b144-fe8504cc41ac@group-87E66A5F5023-SegmentedRaftLogWorker] INFO  impl.StateMachineUpdater (StateMachineUpdater.java:stopAndJoin(125)) - 1178c3ae-d0b4-4d44-b144-fe8504cc41ac@group-87E66A5F5023-StateMachineUpdater: set stopIndex = -1
2019-09-26 21:19:39,725 [pool-37-thread-1] INFO  server.RaftServerConfigKeys (ConfUtils.java:logGet(43)) - raft.server.log.purge.gap = 1000000 (custom)
2019-09-26 21:19:39,726 [pool-37-thread-1] INFO  server.RaftServerConfigKeys (ConfUtils.java:logGet(43)) - raft.server.log.appender.buffer.byte-limit = 33554432 (custom)
2019-09-26 21:19:39,725 [0c640f50-2bc9-49b6-b785-a27e3116e6ba@group-190F77E321AE-SegmentedRaftLogWorker] INFO  impl.RaftServerImpl (RaftServerImpl.java:lambda$shutdown$3(251)) - 0c640f50-2bc9-49b6-b785-a27e3116e6ba@group-190F77E321AE: shutdown
2019-09-26 21:19:39,725 [da833d8d-e72a-4068-9560-4daa2d83adc2@group-27028318879A-SegmentedRaftLogWorker] INFO  impl.RaftServerImpl (RaftServerImpl.java:lambda$shutdown$3(251)) - da833d8d-e72a-4068-9560-4daa2d83adc2@group-27028318879A: shutdown
2019-09-26 21:19:39,724 [pool-67-thread-1] INFO  server.RaftServerConfigKeys (ConfUtils.java:logGet(43)) - raft.server.log.purge.gap = 1000000 (custom)
2019-09-26 21:19:39,726 [pool-67-thread-1] INFO  server.RaftServerConfigKeys (ConfUtils.java:logGet(43)) - raft.server.log.appender.buffer.byte-limit = 33554432 (custom)
2019-09-26 21:19:39,724 [Thread-1445] INFO  impl.RoleInfo (RoleInfo.java:shutdownFollowerState(121)) - 0c640f50-2bc9-49b6-b785-a27e3116e6ba: shutdown FollowerState
2019-09-26 21:19:39,726 [Thread-1445] INFO  impl.RaftServerImpl (RaftServerImpl.java:setRole(174)) - 0c640f50-2bc9-49b6-b785-a27e3116e6ba@group-6B7477E54974: changes role from  FOLLOWER to CANDIDATE at term 0 for changeToCandidate
2019-09-26 21:19:39,724 [9ce0b59e-153f-4f41-8aed-492a76d80b48@group-0C8EC243BCC2-SegmentedRaftLogWorker] INFO  util.JmxRegister (JmxRegister.java:unregister(73)) - Successfully un-registered JMX Bean with object name Ratis:service=RaftServer,group=group-0C8EC243BCC2,id=9ce0b59e-153f-4f41-8aed-492a76d80b48
2019-09-26 21:19:39,727 [9ce0b59e-153f-4f41-8aed-492a76d80b48@group-0C8EC243BCC2-SegmentedRaftLogWorker] INFO  impl.RoleInfo (RoleInfo.java:shutdownLeaderState(104)) - 9ce0b59e-153f-4f41-8aed-492a76d80b48: shutdown LeaderState
2019-09-26 21:19:39,724 [IPC Server handler 6 on 33705] ERROR pipeline.SCMPipelineManager (SCMPipelineManager.java:createPipeline(167)) - Pipeline creation failed.
org.apache.hadoop.io.MultipleIOException: 3 exceptions [java.io.IOException: Failed invoke Ratis rpc org.apache.hadoop.hdds.scm.pipeline.RatisPipelineProvider$$Lambda$179/154091354@629b712e for da833d8d-e72a-4068-9560-4daa2d83adc2, java.io.IOException: Failed invoke Ratis rpc org.apache.hadoop.hdds.scm.pipeline.RatisPipelineProvider$$Lambda$179/154091354@629b712e for 9ce0b59e-153f-4f41-8aed-492a76d80b48, java.io.IOException: Failed invoke Ratis rpc org.apache.hadoop.hdds.scm.pipeline.RatisPipelineProvider$$Lambda$179/154091354@629b712e for 1178c3ae-d0b4-4d44-b144-fe8504cc41ac]
	at org.apache.hadoop.io.MultipleIOException.createIOException(MultipleIOException.java:53)
	at org.apache.hadoop.hdds.scm.pipeline.RatisPipelineProvider.callRatisRpc(RatisPipelineProvider.java:191)
	at org.apache.hadoop.hdds.scm.pipeline.RatisPipelineProvider.initializePipeline(RatisPipelineProvider.java:134)
	at org.apache.hadoop.hdds.scm.pipeline.RatisPipelineProvider.create(RatisPipelineProvider.java:103)
	at org.apache.hadoop.hdds.scm.pipeline.PipelineFactory.create(PipelineFactory.java:58)
	at org.apache.hadoop.hdds.scm.pipeline.SCMPipelineManager.createPipeline(SCMPipelineManager.java:155)
	at org.apache.hadoop.hdds.scm.block.BlockManagerImpl.allocateBlock(BlockManagerImpl.java:190)
	at org.apache.hadoop.hdds.scm.server.SCMBlockProtocolServer.allocateBlock(SCMBlockProtocolServer.java:182)
	at org.apache.hadoop.ozone.protocolPB.ScmBlockLocationProtocolServerSideTranslatorPB.allocateScmBlock(ScmBlockLocationProtocolServerSideTranslatorPB.java:183)
	at org.apache.hadoop.ozone.protocolPB.ScmBlockLocationProtocolServerSideTranslatorPB.processMessage(ScmBlockLocationProtocolServerSideTranslatorPB.java:141)
	at org.apache.hadoop.ozone.protocolPB.ScmBlockLocationProtocolServerSideTranslatorPB.send(ScmBlockLocationProtocolServerSideTranslatorPB.java:116)
	at org.apache.hadoop.hdds.protocol.proto.ScmBlockLocationProtocolProtos$ScmBlockLocationProtocolService$2.callBlockingMethod(ScmBlockLocationProtocolProtos.java:13157)
	at org.apache.hadoop.ipc.ProtobufRpcEngine$Server$ProtoBufRpcInvoker.call(ProtobufRpcEngine.java:524)
	at org.apache.hadoop.ipc.RPC$Server.call(RPC.java:1025)
	at org.apache.hadoop.ipc.Server$RpcCall.run(Server.java:876)
	at org.apache.hadoop.ipc.Server$RpcCall.run(Server.java:822)
	at java.security.AccessController.doPrivileged(Native Method)
	at javax.security.auth.Subject.doAs(Subject.java:422)
	at org.apache.hadoop.security.UserGroupInformation.doAs(UserGroupInformation.java:1730)
	at org.apache.hadoop.ipc.Server$Handler.run(Server.java:2682)
2019-09-26 21:19:39,719 [0c640f50-2bc9-49b6-b785-a27e3116e6ba@group-EA44501B296B-SegmentedRaftLogWorker] INFO  impl.RoleInfo (RoleInfo.java:shutdownLeaderState(104)) - 0c640f50-2bc9-49b6-b785-a27e3116e6ba: shutdown LeaderState
2019-09-26 21:19:39,728 [0c640f50-2bc9-49b6-b785-a27e3116e6ba@group-EA44501B296B-SegmentedRaftLogWorker] INFO  impl.PendingRequests (PendingRequests.java:sendNotLeaderResponses(202)) - 0c640f50-2bc9-49b6-b785-a27e3116e6ba-PendingRequests: sendNotLeaderResponses
2019-09-26 21:19:39,719 [9ce0b59e-153f-4f41-8aed-492a76d80b48@group-BBE9186E4BB1-SegmentedRaftLogWorker] INFO  segmented.SegmentedRaftLogWorker (SegmentedRaftLogWorker.java:close(228)) - 9ce0b59e-153f-4f41-8aed-492a76d80b48@group-BBE9186E4BB1-SegmentedRaftLogWorker close()
2019-09-26 21:19:39,718 [1178c3ae-d0b4-4d44-b144-fe8504cc41ac@group-84CE257E3DC6-SegmentedRaftLogWorker] INFO  impl.PendingRequests (PendingRequests.java:sendNotLeaderResponses(202)) - 1178c3ae-d0b4-4d44-b144-fe8504cc41ac-PendingRequests: sendNotLeaderResponses
2019-09-26 21:19:39,718 [pool-27-thread-1] INFO  impl.RaftServerImpl (RaftServerImpl.java:<init>(95)) - 9ce0b59e-153f-4f41-8aed-492a76d80b48: new RaftServerImpl for group-57787DEBA7AB:[9ce0b59e-153f-4f41-8aed-492a76d80b48:192.168.151.99:34156, da833d8d-e72a-4068-9560-4daa2d83adc2:192.168.151.99:38903, 1178c3ae-d0b4-4d44-b144-fe8504cc41ac:192.168.151.99:33787] with ContainerStateMachine:uninitialized
2019-09-26 21:19:39,718 [1178c3ae-d0b4-4d44-b144-fe8504cc41ac@group-C4ECAA6EBF50-SegmentedRaftLogWorker] INFO  segmented.SegmentedRaftLogWorker (SegmentedRaftLogWorker.java:close(228)) - 1178c3ae-d0b4-4d44-b144-fe8504cc41ac@group-C4ECAA6EBF50-SegmentedRaftLogWorker close()
2019-09-26 21:19:39,717 [0c640f50-2bc9-49b6-b785-a27e3116e6ba@group-2260AD7B7718-SegmentedRaftLogWorker] INFO  segmented.SegmentedRaftLogWorker (SegmentedRaftLogWorker.java:close(228)) - 0c640f50-2bc9-49b6-b785-a27e3116e6ba@group-2260AD7B7718-SegmentedRaftLogWorker close()
2019-09-26 21:19:39,717 [da833d8d-e72a-4068-9560-4daa2d83adc2@group-2250387AFD51-SegmentedRaftLogWorker] INFO  segmented.SegmentedRaftLogWorker (SegmentedRaftLogWorker.java:close(228)) - da833d8d-e72a-4068-9560-4daa2d83adc2@group-2250387AFD51-SegmentedRaftLogWorker close()
2019-09-26 21:19:39,717 [1178c3ae-d0b4-4d44-b144-fe8504cc41ac@group-51A2D4D8C13B-SegmentedRaftLogWorker] INFO  impl.PendingRequests (PendingRequests.java:sendNotLeaderResponses(202)) - 1178c3ae-d0b4-4d44-b144-fe8504cc41ac-PendingRequests: sendNotLeaderResponses
2019-09-26 21:19:39,728 [pool-27-thread-1] INFO  server.RaftServerConfigKeys (ConfUtils.java:logGet(43)) - raft.server.rpc.timeout.min = 5s (custom)
2019-09-26 21:19:39,729 [pool-27-thread-1] INFO  server.RaftServerConfigKeys (ConfUtils.java:logGet(43)) - raft.server.rpc.timeout.max = 5200ms (custom)
2019-09-26 21:19:39,728 [1178c3ae-d0b4-4d44-b144-fe8504cc41ac@group-84CE257E3DC6-SegmentedRaftLogWorker] INFO  impl.StateMachineUpdater (StateMachineUpdater.java:stopAndJoin(125)) - 1178c3ae-d0b4-4d44-b144-fe8504cc41ac@group-84CE257E3DC6-StateMachineUpdater: set stopIndex = -1
2019-09-26 21:19:39,730 [1178c3ae-d0b4-4d44-b144-fe8504cc41ac@group-84CE257E3DC6-SegmentedRaftLogWorker] INFO  impl.RaftServerImpl (ServerState.java:close(385)) - 1178c3ae-d0b4-4d44-b144-fe8504cc41ac@group-84CE257E3DC6: closes. applyIndex: -1
2019-09-26 21:19:39,728 [0c640f50-2bc9-49b6-b785-a27e3116e6ba@group-EA44501B296B-SegmentedRaftLogWorker] INFO  impl.StateMachineUpdater (StateMachineUpdater.java:stopAndJoin(125)) - 0c640f50-2bc9-49b6-b785-a27e3116e6ba@group-EA44501B296B-StateMachineUpdater: set stopIndex = -1
2019-09-26 21:19:39,730 [1178c3ae-d0b4-4d44-b144-fe8504cc41ac@group-84CE257E3DC6-SegmentedRaftLogWorker] INFO  segmented.SegmentedRaftLogWorker (SegmentedRaftLogWorker.java:close(228)) - 1178c3ae-d0b4-4d44-b144-fe8504cc41ac@group-84CE257E3DC6-SegmentedRaftLogWorker close()
2019-09-26 21:19:39,727 [IPC Server handler 6 on 33705] WARN  block.BlockManagerImpl (BlockManagerImpl.java:allocateBlock(192)) - Pipeline creation failed for type:RATIS factor:THREE. Retrying get pipelines call once.
org.apache.hadoop.io.MultipleIOException: 3 exceptions [java.io.IOException: Failed invoke Ratis rpc org.apache.hadoop.hdds.scm.pipeline.RatisPipelineProvider$$Lambda$179/154091354@629b712e for da833d8d-e72a-4068-9560-4daa2d83adc2, java.io.IOException: Failed invoke Ratis rpc org.apache.hadoop.hdds.scm.pipeline.RatisPipelineProvider$$Lambda$179/154091354@629b712e for 9ce0b59e-153f-4f41-8aed-492a76d80b48, java.io.IOException: Failed invoke Ratis rpc org.apache.hadoop.hdds.scm.pipeline.RatisPipelineProvider$$Lambda$179/154091354@629b712e for 1178c3ae-d0b4-4d44-b144-fe8504cc41ac]
	at org.apache.hadoop.io.MultipleIOException.createIOException(MultipleIOException.java:53)
	at org.apache.hadoop.hdds.scm.pipeline.RatisPipelineProvider.callRatisRpc(RatisPipelineProvider.java:191)
	at org.apache.hadoop.hdds.scm.pipeline.RatisPipelineProvider.initializePipeline(RatisPipelineProvider.java:134)
	at org.apache.hadoop.hdds.scm.pipeline.RatisPipelineProvider.create(RatisPipelineProvider.java:103)
	at org.apache.hadoop.hdds.scm.pipeline.PipelineFactory.create(PipelineFactory.java:58)
	at org.apache.hadoop.hdds.scm.pipeline.SCMPipelineManager.createPipeline(SCMPipelineManager.java:155)
	at org.apache.hadoop.hdds.scm.block.BlockManagerImpl.allocateBlock(BlockManagerImpl.java:190)
	at org.apache.hadoop.hdds.scm.server.SCMBlockProtocolServer.allocateBlock(SCMBlockProtocolServer.java:182)
	at org.apache.hadoop.ozone.protocolPB.ScmBlockLocationProtocolServerSideTranslatorPB.allocateScmBlock(ScmBlockLocationProtocolServerSideTranslatorPB.java:183)
	at org.apache.hadoop.ozone.protocolPB.ScmBlockLocationProtocolServerSideTranslatorPB.processMessage(ScmBlockLocationProtocolServerSideTranslatorPB.java:141)
	at org.apache.hadoop.ozone.protocolPB.ScmBlockLocationProtocolServerSideTranslatorPB.send(ScmBlockLocationProtocolServerSideTranslatorPB.java:116)
	at org.apache.hadoop.hdds.protocol.proto.ScmBlockLocationProtocolProtos$ScmBlockLocationProtocolService$2.callBlockingMethod(ScmBlockLocationProtocolProtos.java:13157)
	at org.apache.hadoop.ipc.ProtobufRpcEngine$Server$ProtoBufRpcInvoker.call(ProtobufRpcEngine.java:524)
	at org.apache.hadoop.ipc.RPC$Server.call(RPC.java:1025)
	at org.apache.hadoop.ipc.Server$RpcCall.run(Server.java:876)
	at org.apache.hadoop.ipc.Server$RpcCall.run(Server.java:822)
	at java.security.AccessController.doPrivileged(Native Method)
	at javax.security.auth.Subject.doAs(Subject.java:422)
	at org.apache.hadoop.security.UserGroupInformation.doAs(UserGroupInformation.java:1730)
	at org.apache.hadoop.ipc.Server$Handler.run(Server.java:2682)
2019-09-26 21:19:39,727 [9ce0b59e-153f-4f41-8aed-492a76d80b48@group-0C8EC243BCC2-SegmentedRaftLogWorker] INFO  impl.PendingRequests (PendingRequests.java:sendNotLeaderResponses(202)) - 9ce0b59e-153f-4f41-8aed-492a76d80b48-PendingRequests: sendNotLeaderResponses
2019-09-26 21:19:39,727 [Thread-1445] INFO  impl.RoleInfo (RoleInfo.java:updateAndGet(143)) - 0c640f50-2bc9-49b6-b785-a27e3116e6ba: start LeaderElection
2019-09-26 21:19:39,726 [pool-67-thread-1] INFO  server.RaftServerConfigKeys (ConfUtils.java:logGet(43)) - raft.server.log.segment.size.max = 1048576 (custom)
2019-09-26 21:19:39,726 [da833d8d-e72a-4068-9560-4daa2d83adc2@group-27028318879A-SegmentedRaftLogWorker] INFO  util.JmxRegister (JmxRegister.java:unregister(73)) - Successfully un-registered JMX Bean with object name Ratis:service=RaftServer,group=group-27028318879A,id=da833d8d-e72a-4068-9560-4daa2d83adc2
2019-09-26 21:19:39,731 [da833d8d-e72a-4068-9560-4daa2d83adc2@group-27028318879A-SegmentedRaftLogWorker] INFO  impl.RoleInfo (RoleInfo.java:shutdownLeaderState(104)) - da833d8d-e72a-4068-9560-4daa2d83adc2: shutdown LeaderState
2019-09-26 21:19:39,726 [0c640f50-2bc9-49b6-b785-a27e3116e6ba@group-190F77E321AE-SegmentedRaftLogWorker] INFO  util.JmxRegister (JmxRegister.java:unregister(73)) - Successfully un-registered JMX Bean with object name Ratis:service=RaftServer,group=group-190F77E321AE,id=0c640f50-2bc9-49b6-b785-a27e3116e6ba
2019-09-26 21:19:39,726 [pool-37-thread-1] INFO  server.RaftServerConfigKeys (ConfUtils.java:logGet(43)) - raft.server.log.segment.size.max = 1048576 (custom)
2019-09-26 21:19:39,725 [1178c3ae-d0b4-4d44-b144-fe8504cc41ac@group-87E66A5F5023-SegmentedRaftLogWorker] INFO  impl.RaftServerImpl (ServerState.java:close(385)) - 1178c3ae-d0b4-4d44-b144-fe8504cc41ac@group-87E66A5F5023: closes. applyIndex: -1
2019-09-26 21:19:39,731 [pool-37-thread-1] INFO  server.RaftServerConfigKeys (ConfUtils.java:logGet(43)) - raft.server.log.segment.cache.num.max = 2 (custom)
2019-09-26 21:19:39,731 [0c640f50-2bc9-49b6-b785-a27e3116e6ba@group-190F77E321AE-SegmentedRaftLogWorker] INFO  impl.RoleInfo (RoleInfo.java:shutdownLeaderState(104)) - 0c640f50-2bc9-49b6-b785-a27e3116e6ba: shutdown LeaderState
2019-09-26 21:19:39,731 [da833d8d-e72a-4068-9560-4daa2d83adc2@group-27028318879A-SegmentedRaftLogWorker] INFO  impl.PendingRequests (PendingRequests.java:sendNotLeaderResponses(202)) - da833d8d-e72a-4068-9560-4daa2d83adc2-PendingRequests: sendNotLeaderResponses
2019-09-26 21:19:39,731 [pool-67-thread-1] INFO  server.RaftServerConfigKeys (ConfUtils.java:logGet(43)) - raft.server.log.segment.cache.num.max = 2 (custom)
2019-09-26 21:19:39,731 [9ce0b59e-153f-4f41-8aed-492a76d80b48@group-0C8EC243BCC2-SegmentedRaftLogWorker] INFO  impl.StateMachineUpdater (StateMachineUpdater.java:stopAndJoin(125)) - 9ce0b59e-153f-4f41-8aed-492a76d80b48@group-0C8EC243BCC2-StateMachineUpdater: set stopIndex = -1
2019-09-26 21:19:39,732 [9ce0b59e-153f-4f41-8aed-492a76d80b48@group-0C8EC243BCC2-SegmentedRaftLogWorker] INFO  impl.RaftServerImpl (ServerState.java:close(385)) - 9ce0b59e-153f-4f41-8aed-492a76d80b48@group-0C8EC243BCC2: closes. applyIndex: -1
2019-09-26 21:19:39,730 [IPC Server handler 6 on 33705] INFO  block.BlockManagerImpl (BlockManagerImpl.java:allocateBlock(198)) - Could not find available pipeline of type:RATIS and factor:THREE even after retrying
2019-09-26 21:19:39,733 [IPC Server handler 6 on 33705] ERROR block.BlockManagerImpl (BlockManagerImpl.java:allocateBlock(222)) - Unable to allocate a block for the size: 4194304, type: RATIS, factor: THREE
2019-09-26 21:19:39,730 [0c640f50-2bc9-49b6-b785-a27e3116e6ba@group-EA44501B296B-SegmentedRaftLogWorker] INFO  impl.RaftServerImpl (ServerState.java:close(385)) - 0c640f50-2bc9-49b6-b785-a27e3116e6ba@group-EA44501B296B: closes. applyIndex: -1
2019-09-26 21:19:39,729 [pool-27-thread-1] INFO  server.RaftServerConfigKeys (ConfUtils.java:logGet(43)) - raft.server.rpcslowness.timeout = 120s (custom)
2019-09-26 21:19:39,733 [pool-27-thread-1] INFO  server.RaftServerConfigKeys (ConfUtils.java:logGet(43)) - raft.server.sleep.deviation.threshold = 300 (default)
2019-09-26 21:19:39,729 [1178c3ae-d0b4-4d44-b144-fe8504cc41ac@group-51A2D4D8C13B-SegmentedRaftLogWorker] INFO  impl.StateMachineUpdater (StateMachineUpdater.java:stopAndJoin(125)) - 1178c3ae-d0b4-4d44-b144-fe8504cc41ac@group-51A2D4D8C13B-StateMachineUpdater: set stopIndex = -1
2019-09-26 21:19:39,733 [pool-27-thread-1] INFO  server.RaftServerConfigKeys (ConfUtils.java:logGet(43)) - raft.server.log.appender.install.snapshot.enabled = false (custom)
2019-09-26 21:19:39,733 [0c640f50-2bc9-49b6-b785-a27e3116e6ba@group-EA44501B296B-SegmentedRaftLogWorker] INFO  segmented.SegmentedRaftLogWorker (SegmentedRaftLogWorker.java:close(228)) - 0c640f50-2bc9-49b6-b785-a27e3116e6ba@group-EA44501B296B-SegmentedRaftLogWorker close()
2019-09-26 21:19:39,733 [9ce0b59e-153f-4f41-8aed-492a76d80b48@group-0C8EC243BCC2-SegmentedRaftLogWorker] INFO  segmented.SegmentedRaftLogWorker (SegmentedRaftLogWorker.java:close(228)) - 9ce0b59e-153f-4f41-8aed-492a76d80b48@group-0C8EC243BCC2-SegmentedRaftLogWorker close()
2019-09-26 21:19:39,732 [pool-67-thread-1] INFO  segmented.SegmentedRaftLogWorker (SegmentedRaftLogWorker.java:<init>(172)) - new da833d8d-e72a-4068-9560-4daa2d83adc2@group-57787DEBA7AB-SegmentedRaftLogWorker for RaftStorage:Storage Directory /workdir/hadoop-ozone/ozonefs/target/test-dir/MiniOzoneClusterImpl-5b64906c-d720-4906-b30c-b6d56a2122fd/datanode-4/data/ratis/59b91c18-7ae5-4e6a-88ab-57787deba7ab
2019-09-26 21:19:39,732 [da833d8d-e72a-4068-9560-4daa2d83adc2@group-27028318879A-SegmentedRaftLogWorker] INFO  impl.StateMachineUpdater (StateMachineUpdater.java:stopAndJoin(125)) - da833d8d-e72a-4068-9560-4daa2d83adc2@group-27028318879A-StateMachineUpdater: set stopIndex = -1
2019-09-26 21:19:39,732 [0c640f50-2bc9-49b6-b785-a27e3116e6ba@group-190F77E321AE-SegmentedRaftLogWorker] INFO  impl.PendingRequests (PendingRequests.java:sendNotLeaderResponses(202)) - 0c640f50-2bc9-49b6-b785-a27e3116e6ba-PendingRequests: sendNotLeaderResponses
2019-09-26 21:19:39,732 [pool-37-thread-1] INFO  segmented.SegmentedRaftLogWorker (SegmentedRaftLogWorker.java:<init>(172)) - new 1178c3ae-d0b4-4d44-b144-fe8504cc41ac@group-57787DEBA7AB-SegmentedRaftLogWorker for RaftStorage:Storage Directory /workdir/hadoop-ozone/ozonefs/target/test-dir/MiniOzoneClusterImpl-5b64906c-d720-4906-b30c-b6d56a2122fd/datanode-1/data/ratis/59b91c18-7ae5-4e6a-88ab-57787deba7ab
2019-09-26 21:19:39,732 [1178c3ae-d0b4-4d44-b144-fe8504cc41ac@group-87E66A5F5023-SegmentedRaftLogWorker] INFO  segmented.SegmentedRaftLogWorker (SegmentedRaftLogWorker.java:close(228)) - 1178c3ae-d0b4-4d44-b144-fe8504cc41ac@group-87E66A5F5023-SegmentedRaftLogWorker close()
2019-09-26 21:19:39,735 [pool-37-thread-1] INFO  server.RaftServerConfigKeys (ConfUtils.java:logGet(43)) - raft.server.log.queue.byte-limit = 2147483647 (custom)
2019-09-26 21:19:39,734 [0c640f50-2bc9-49b6-b785-a27e3116e6ba@group-190F77E321AE-SegmentedRaftLogWorker] INFO  impl.StateMachineUpdater (StateMachineUpdater.java:stopAndJoin(125)) - 0c640f50-2bc9-49b6-b785-a27e3116e6ba@group-190F77E321AE-StateMachineUpdater: set stopIndex = -1
2019-09-26 21:19:39,734 [da833d8d-e72a-4068-9560-4daa2d83adc2@group-27028318879A-SegmentedRaftLogWorker] INFO  impl.RaftServerImpl (ServerState.java:close(385)) - da833d8d-e72a-4068-9560-4daa2d83adc2@group-27028318879A: closes. applyIndex: -1
2019-09-26 21:19:39,734 [pool-67-thread-1] INFO  server.RaftServerConfigKeys (ConfUtils.java:logGet(43)) - raft.server.log.queue.byte-limit = 2147483647 (custom)
2019-09-26 21:19:39,735 [pool-67-thread-1] INFO  server.RaftServerConfigKeys (ConfUtils.java:logGet(43)) - raft.server.log.queue.element-limit = 1024 (custom)
2019-09-26 21:19:39,734 [pool-27-thread-1] INFO  impl.RaftServerImpl (ServerState.java:<init>(103)) - 9ce0b59e-153f-4f41-8aed-492a76d80b48@group-57787DEBA7AB: ConfigurationManager, init=-1: [9ce0b59e-153f-4f41-8aed-492a76d80b48:192.168.151.99:34156, da833d8d-e72a-4068-9560-4daa2d83adc2:192.168.151.99:38903, 1178c3ae-d0b4-4d44-b144-fe8504cc41ac:192.168.151.99:33787], old=null, confs=<EMPTY_MAP>
2019-09-26 21:19:39,733 [1178c3ae-d0b4-4d44-b144-fe8504cc41ac@group-51A2D4D8C13B-SegmentedRaftLogWorker] INFO  impl.RaftServerImpl (ServerState.java:close(385)) - 1178c3ae-d0b4-4d44-b144-fe8504cc41ac@group-51A2D4D8C13B: closes. applyIndex: -1
2019-09-26 21:19:39,736 [pool-27-thread-1] INFO  server.RaftServerConfigKeys (ConfUtils.java:logGet(43)) - raft.server.storage.dir = [/workdir/hadoop-ozone/ozonefs/target/test-dir/MiniOzoneClusterImpl-5b64906c-d720-4906-b30c-b6d56a2122fd/datanode-0/data/ratis] (custom)
2019-09-26 21:19:39,735 [pool-67-thread-1] INFO  server.RaftServerConfigKeys (ConfUtils.java:logGet(43)) - raft.server.log.segment.size.max = 1048576 (custom)
2019-09-26 21:19:39,736 [pool-67-thread-1] INFO  server.RaftServerConfigKeys (ConfUtils.java:logGet(43)) - raft.server.log.preallocated.size = 16384 (custom)
2019-09-26 21:19:39,735 [da833d8d-e72a-4068-9560-4daa2d83adc2@group-27028318879A-SegmentedRaftLogWorker] INFO  segmented.SegmentedRaftLogWorker (SegmentedRaftLogWorker.java:close(228)) - da833d8d-e72a-4068-9560-4daa2d83adc2@group-27028318879A-SegmentedRaftLogWorker close()
2019-09-26 21:19:39,735 [0c640f50-2bc9-49b6-b785-a27e3116e6ba@group-190F77E321AE-SegmentedRaftLogWorker] INFO  impl.RaftServerImpl (ServerState.java:close(385)) - 0c640f50-2bc9-49b6-b785-a27e3116e6ba@group-190F77E321AE: closes. applyIndex: -1
2019-09-26 21:19:39,735 [pool-37-thread-1] INFO  server.RaftServerConfigKeys (ConfUtils.java:logGet(43)) - raft.server.log.queue.element-limit = 1024 (custom)
2019-09-26 21:19:39,737 [0c640f50-2bc9-49b6-b785-a27e3116e6ba@group-190F77E321AE-SegmentedRaftLogWorker] INFO  segmented.SegmentedRaftLogWorker (SegmentedRaftLogWorker.java:close(228)) - 0c640f50-2bc9-49b6-b785-a27e3116e6ba@group-190F77E321AE-SegmentedRaftLogWorker close()
2019-09-26 21:19:39,736 [pool-27-thread-1] INFO  storage.RaftStorageDirectory (RaftStorageDirectory.java:analyzeStorage(246)) - The storage directory /workdir/hadoop-ozone/ozonefs/target/test-dir/MiniOzoneClusterImpl-5b64906c-d720-4906-b30c-b6d56a2122fd/datanode-0/data/ratis/59b91c18-7ae5-4e6a-88ab-57787deba7ab does not exist. Creating ...
2019-09-26 21:19:39,736 [pool-67-thread-1] INFO  server.RaftServerConfigKeys (ConfUtils.java:logGet(43)) - raft.server.log.write.buffer.size = 33554432 (custom)
2019-09-26 21:19:39,736 [1178c3ae-d0b4-4d44-b144-fe8504cc41ac@group-51A2D4D8C13B-SegmentedRaftLogWorker] INFO  segmented.SegmentedRaftLogWorker (SegmentedRaftLogWorker.java:close(228)) - 1178c3ae-d0b4-4d44-b144-fe8504cc41ac@group-51A2D4D8C13B-SegmentedRaftLogWorker close()
2019-09-26 21:19:39,737 [pool-67-thread-1] INFO  server.RaftServerConfigKeys (ConfUtils.java:logGet(43)) - raft.server.log.force.sync.num = 128 (default)
2019-09-26 21:19:39,737 [pool-37-thread-1] INFO  server.RaftServerConfigKeys (ConfUtils.java:logGet(43)) - raft.server.log.segment.size.max = 1048576 (custom)
2019-09-26 21:19:39,737 [pool-67-thread-1] INFO  server.RaftServerConfigKeys (ConfUtils.java:logGet(43)) - raft.server.log.statemachine.data.sync = true (default)
2019-09-26 21:19:39,737 [pool-37-thread-1] INFO  server.RaftServerConfigKeys (ConfUtils.java:logGet(43)) - raft.server.log.preallocated.size = 16384 (custom)
2019-09-26 21:19:39,738 [pool-67-thread-1] INFO  server.RaftServerConfigKeys (ConfUtils.java:logGet(43)) - raft.server.log.statemachine.data.sync.timeout = 10s (default)
2019-09-26 21:19:39,738 [pool-37-thread-1] INFO  server.RaftServerConfigKeys (ConfUtils.java:logGet(43)) - raft.server.log.write.buffer.size = 33554432 (custom)
2019-09-26 21:19:39,738 [pool-67-thread-1] INFO  server.RaftServerConfigKeys (ConfUtils.java:logGet(43)) - raft.server.log.statemachine.data.sync.timeout.retry = -1 (default)
2019-09-26 21:19:39,738 [pool-37-thread-1] INFO  server.RaftServerConfigKeys (ConfUtils.java:logGet(43)) - raft.server.log.force.sync.num = 128 (default)
2019-09-26 21:19:39,738 [pool-67-thread-1] INFO  server.RaftServerConfigKeys (ConfUtils.java:logGet(43)) - raft.server.log.statemachine.data.caching.enabled = true (custom)
2019-09-26 21:19:39,738 [pool-37-thread-1] INFO  server.RaftServerConfigKeys (ConfUtils.java:logGet(43)) - raft.server.log.statemachine.data.sync = true (default)
2019-09-26 21:19:39,738 [pool-37-thread-1] INFO  server.RaftServerConfigKeys (ConfUtils.java:logGet(43)) - raft.server.log.statemachine.data.sync.timeout = 10s (default)
2019-09-26 21:19:39,739 [pool-67-thread-1] INFO  segmented.SegmentedRaftLogWorker (SegmentedRaftLogWorker.java:lambda$new$0(132)) - da833d8d-e72a-4068-9560-4daa2d83adc2@group-57787DEBA7AB-SegmentedRaftLogWorker: flushIndex: setUnconditionally 0 -> -1
2019-09-26 21:19:39,739 [pool-37-thread-1] INFO  server.RaftServerConfigKeys (ConfUtils.java:logGet(43)) - raft.server.log.statemachine.data.sync.timeout.retry = -1 (default)
2019-09-26 21:19:39,739 [pool-67-thread-1] INFO  server.RaftServerConfigKeys (ConfUtils.java:logGet(43)) - raft.server.snapshot.auto.trigger.enabled = true (custom)
2019-09-26 21:19:39,739 [pool-37-thread-1] INFO  server.RaftServerConfigKeys (ConfUtils.java:logGet(43)) - raft.server.log.statemachine.data.caching.enabled = true (custom)
2019-09-26 21:19:39,739 [pool-67-thread-1] INFO  server.RaftServerConfigKeys (ConfUtils.java:logGet(43)) - raft.server.snapshot.auto.trigger.threshold = 10000 (custom)
2019-09-26 21:19:39,739 [pool-67-thread-1] INFO  server.RaftServerConfigKeys (ConfUtils.java:logGet(43)) - raft.server.snapshot.retention.num.files = 5 (custom)
2019-09-26 21:19:39,739 [pool-37-thread-1] INFO  segmented.SegmentedRaftLogWorker (SegmentedRaftLogWorker.java:lambda$new$0(132)) - 1178c3ae-d0b4-4d44-b144-fe8504cc41ac@group-57787DEBA7AB-SegmentedRaftLogWorker: flushIndex: setUnconditionally 0 -> -1
2019-09-26 21:19:39,739 [pool-67-thread-1] INFO  server.RaftServerConfigKeys (ConfUtils.java:logGet(43)) - raft.server.retrycache.expirytime = 600000ms (custom)
2019-09-26 21:19:39,740 [pool-37-thread-1] INFO  server.RaftServerConfigKeys (ConfUtils.java:logGet(43)) - raft.server.snapshot.auto.trigger.enabled = true (custom)
2019-09-26 21:19:39,740 [pool-37-thread-1] INFO  server.RaftServerConfigKeys (ConfUtils.java:logGet(43)) - raft.server.snapshot.auto.trigger.threshold = 10000 (custom)
2019-09-26 21:19:39,740 [pool-37-thread-1] INFO  server.RaftServerConfigKeys (ConfUtils.java:logGet(43)) - raft.server.snapshot.retention.num.files = 5 (custom)
2019-09-26 21:19:39,740 [pool-37-thread-1] INFO  server.RaftServerConfigKeys (ConfUtils.java:logGet(43)) - raft.server.retrycache.expirytime = 600000ms (custom)
2019-09-26 21:19:39,741 [pool-67-thread-1] INFO  impl.RaftServerImpl (RaftServerImpl.java:start(185)) - da833d8d-e72a-4068-9560-4daa2d83adc2@group-6B7477E54974: start as a follower, conf=-1: [0c640f50-2bc9-49b6-b785-a27e3116e6ba:192.168.151.99:42361, da833d8d-e72a-4068-9560-4daa2d83adc2:192.168.151.99:38903, 1178c3ae-d0b4-4d44-b144-fe8504cc41ac:192.168.151.99:33787], old=null
2019-09-26 21:19:39,742 [pool-67-thread-1] INFO  impl.RaftServerImpl (RaftServerImpl.java:setRole(174)) - da833d8d-e72a-4068-9560-4daa2d83adc2@group-6B7477E54974: changes role from      null to FOLLOWER at term 0 for startAsFollower
2019-09-26 21:19:39,742 [pool-67-thread-1] INFO  impl.RoleInfo (RoleInfo.java:updateAndGet(143)) - da833d8d-e72a-4068-9560-4daa2d83adc2: start FollowerState
2019-09-26 21:19:39,742 [pool-67-thread-1] INFO  util.JmxRegister (JmxRegister.java:tryRegister(44)) - Successfully registered JMX Bean with object name Ratis:service=RaftServer,group=group-6B7477E54974,id=da833d8d-e72a-4068-9560-4daa2d83adc2
2019-09-26 21:19:39,742 [pool-37-thread-1] INFO  impl.RaftServerImpl (RaftServerImpl.java:start(185)) - 1178c3ae-d0b4-4d44-b144-fe8504cc41ac@group-6B7477E54974: start as a follower, conf=-1: [0c640f50-2bc9-49b6-b785-a27e3116e6ba:192.168.151.99:42361, da833d8d-e72a-4068-9560-4daa2d83adc2:192.168.151.99:38903, 1178c3ae-d0b4-4d44-b144-fe8504cc41ac:192.168.151.99:33787], old=null
2019-09-26 21:19:39,742 [pool-37-thread-1] INFO  impl.RaftServerImpl (RaftServerImpl.java:setRole(174)) - 1178c3ae-d0b4-4d44-b144-fe8504cc41ac@group-6B7477E54974: changes role from      null to FOLLOWER at term 0 for startAsFollower
2019-09-26 21:19:39,742 [pool-37-thread-1] INFO  impl.RoleInfo (RoleInfo.java:updateAndGet(143)) - 1178c3ae-d0b4-4d44-b144-fe8504cc41ac: start FollowerState
2019-09-26 21:19:39,743 [pool-67-thread-1] INFO  impl.RaftServerImpl (RaftServerImpl.java:start(185)) - da833d8d-e72a-4068-9560-4daa2d83adc2@group-57787DEBA7AB: start as a follower, conf=-1: [9ce0b59e-153f-4f41-8aed-492a76d80b48:192.168.151.99:34156, da833d8d-e72a-4068-9560-4daa2d83adc2:192.168.151.99:38903, 1178c3ae-d0b4-4d44-b144-fe8504cc41ac:192.168.151.99:33787], old=null
2019-09-26 21:19:39,743 [pool-67-thread-1] INFO  impl.RaftServerImpl (RaftServerImpl.java:setRole(174)) - da833d8d-e72a-4068-9560-4daa2d83adc2@group-57787DEBA7AB: changes role from      null to FOLLOWER at term 0 for startAsFollower
2019-09-26 21:19:39,743 [pool-37-thread-1] INFO  util.JmxRegister (JmxRegister.java:tryRegister(44)) - Successfully registered JMX Bean with object name Ratis:service=RaftServer,group=group-6B7477E54974,id=1178c3ae-d0b4-4d44-b144-fe8504cc41ac
2019-09-26 21:19:39,743 [pool-67-thread-1] INFO  impl.RoleInfo (RoleInfo.java:updateAndGet(143)) - da833d8d-e72a-4068-9560-4daa2d83adc2: start FollowerState
2019-09-26 21:19:39,743 [pool-67-thread-1] INFO  util.JmxRegister (JmxRegister.java:tryRegister(44)) - Successfully registered JMX Bean with object name Ratis:service=RaftServer,group=group-57787DEBA7AB,id=da833d8d-e72a-4068-9560-4daa2d83adc2
2019-09-26 21:19:39,743 [pool-37-thread-1] INFO  impl.RaftServerImpl (RaftServerImpl.java:start(185)) - 1178c3ae-d0b4-4d44-b144-fe8504cc41ac@group-57787DEBA7AB: start as a follower, conf=-1: [9ce0b59e-153f-4f41-8aed-492a76d80b48:192.168.151.99:34156, da833d8d-e72a-4068-9560-4daa2d83adc2:192.168.151.99:38903, 1178c3ae-d0b4-4d44-b144-fe8504cc41ac:192.168.151.99:33787], old=null
2019-09-26 21:19:39,743 [pool-37-thread-1] INFO  impl.RaftServerImpl (RaftServerImpl.java:setRole(174)) - 1178c3ae-d0b4-4d44-b144-fe8504cc41ac@group-57787DEBA7AB: changes role from      null to FOLLOWER at term 0 for startAsFollower
2019-09-26 21:19:39,744 [pool-37-thread-1] INFO  impl.RoleInfo (RoleInfo.java:updateAndGet(143)) - 1178c3ae-d0b4-4d44-b144-fe8504cc41ac: start FollowerState
2019-09-26 21:19:39,744 [pool-37-thread-1] INFO  util.JmxRegister (JmxRegister.java:tryRegister(44)) - Successfully registered JMX Bean with object name Ratis:service=RaftServer,group=group-57787DEBA7AB,id=1178c3ae-d0b4-4d44-b144-fe8504cc41ac
2019-09-26 21:19:39,745 [pool-27-thread-1] INFO  storage.RaftStorageDirectory (RaftStorageDirectory.java:tryLock(328)) - Lock on /workdir/hadoop-ozone/ozonefs/target/test-dir/MiniOzoneClusterImpl-5b64906c-d720-4906-b30c-b6d56a2122fd/datanode-0/data/ratis/59b91c18-7ae5-4e6a-88ab-57787deba7ab/in_use.lock acquired by nodename 10701@pr-hdds-1569-g6sp5-2013761785
2019-09-26 21:19:39,745 [0c640f50-2bc9-49b6-b785-a27e3116e6ba@group-6B7477E54974:LeaderElection243] INFO  impl.LeaderElection (LeaderElection.java:askForVotes(182)) - 0c640f50-2bc9-49b6-b785-a27e3116e6ba@group-6B7477E54974:LeaderElection243: begin an election at term 1 for -1: [0c640f50-2bc9-49b6-b785-a27e3116e6ba:192.168.151.99:42361, da833d8d-e72a-4068-9560-4daa2d83adc2:192.168.151.99:38903, 1178c3ae-d0b4-4d44-b144-fe8504cc41ac:192.168.151.99:33787], old=null
2019-09-26 21:19:39,751 [grpc-default-executor-3] INFO  impl.RaftServerImpl (RaftServerImpl.java:setRole(174)) - da833d8d-e72a-4068-9560-4daa2d83adc2@group-6B7477E54974: changes role from  FOLLOWER to FOLLOWER at term 1 for recognizeCandidate:0c640f50-2bc9-49b6-b785-a27e3116e6ba
2019-09-26 21:19:39,751 [grpc-default-executor-3] INFO  impl.RoleInfo (RoleInfo.java:shutdownFollowerState(121)) - da833d8d-e72a-4068-9560-4daa2d83adc2: shutdown FollowerState
]]></system-out>
  </testcase>
  <testcase name="testDeleteNonexistentPathRecursive" classname="org.apache.hadoop.fs.ozone.contract.ITestOzoneContractDelete" time="0.969"/>
  <testcase name="testDeleteNonexistentPathNonRecursive" classname="org.apache.hadoop.fs.ozone.contract.ITestOzoneContractDelete" time="0.125"/>
  <testcase name="testDeleteEmptyDirRecursive" classname="org.apache.hadoop.fs.ozone.contract.ITestOzoneContractDelete" time="0.138"/>
  <testcase name="testDeleteEmptyDirNonRecursive" classname="org.apache.hadoop.fs.ozone.contract.ITestOzoneContractDelete" time="0.15"/>
</testsuite>