<?xml version="1.0" encoding="UTF-8"?>
<testsuite xmlns:xsi="http://www.w3.org/2001/XMLSchema-instance" xsi:noNamespaceSchemaLocation="https://maven.apache.org/surefire/maven-surefire-plugin/xsd/surefire-test-report.xsd" name="org.apache.hadoop.ozone.client.rpc.TestWatchForCommit" time="256.68" tests="5" errors="1" skipped="0" failures="1">
  <properties>
    <property name="awt.toolkit" value="sun.awt.X11.XToolkit"/>
    <property name="file.encoding.pkg" value="sun.io"/>
    <property name="java.specification.version" value="1.8"/>
    <property name="sun.cpu.isalist" value=""/>
    <property name="sun.jnu.encoding" value="UTF-8"/>
    <property name="java.class.path" value="/workdir/hadoop-ozone/integration-test/target/test-classes:/workdir/hadoop-ozone/integration-test/target/classes:/home/user/.m2/repository/org/apache/hadoop/hadoop-ozone-common/0.5.0-SNAPSHOT/hadoop-ozone-common-0.5.0-SNAPSHOT.jar:/home/user/.m2/repository/org/apache/commons/commons-compress/1.4.1/commons-compress-1.4.1.jar:/home/user/.m2/repository/org/tukaani/xz/1.0/xz-1.0.jar:/home/user/.m2/repository/org/apache/hadoop/hadoop-common/3.2.0/hadoop-common-3.2.0.jar:/home/user/.m2/repository/org/apache/hadoop/hadoop-hdfs/3.2.0/hadoop-hdfs-3.2.0.jar:/home/user/.m2/repository/org/apache/hadoop/hadoop-hdfs-client/3.2.0/hadoop-hdfs-client-3.2.0.jar:/home/user/.m2/repository/com/fasterxml/jackson/core/jackson-annotations/2.9.9/jackson-annotations-2.9.9.jar:/home/user/.m2/repository/org/apache/hadoop/hadoop-hdds-common/0.5.0-SNAPSHOT/hadoop-hdds-common-0.5.0-SNAPSHOT.jar:/home/user/.m2/repository/javax/annotation/javax.annotation-api/1.2/javax.annotation-api-1.2.jar:/home/user/.m2/repository/org/apache/ratis/ratis-server/0.5.0-201fc85-SNAPSHOT/ratis-server-0.5.0-201fc85-SNAPSHOT.jar:/home/user/.m2/repository/org/apache/ratis/ratis-thirdparty-misc/0.2.0/ratis-thirdparty-misc-0.2.0.jar:/home/user/.m2/repository/org/apache/ratis/ratis-proto/0.5.0-201fc85-SNAPSHOT/ratis-proto-0.5.0-201fc85-SNAPSHOT.jar:/home/user/.m2/repository/org/apache/ratis/ratis-common/0.5.0-201fc85-SNAPSHOT/ratis-common-0.5.0-201fc85-SNAPSHOT.jar:/home/user/.m2/repository/org/apache/ratis/ratis-client/0.5.0-201fc85-SNAPSHOT/ratis-client-0.5.0-201fc85-SNAPSHOT.jar:/home/user/.m2/repository/org/apache/ratis/ratis-metrics/0.5.0-201fc85-SNAPSHOT/ratis-metrics-0.5.0-201fc85-SNAPSHOT.jar:/home/user/.m2/repository/com/github/joshelser/dropwizard-metrics-hadoop-metrics2-reporter/0.1.2/dropwizard-metrics-hadoop-metrics2-reporter-0.1.2.jar:/home/user/.m2/repository/io/dropwizard/metrics/metrics-jvm/3.2.5/metrics-jvm-3.2.5.jar:/home/user/.m2/repository/io/dropwizard/metrics/metrics-ganglia/3.2.5/metrics-ganglia-3.2.5.jar:/home/user/.m2/repository/info/ganglia/gmetric4j/gmetric4j/1.0.7/gmetric4j-1.0.7.jar:/home/user/.m2/repository/org/apache/ratis/ratis-netty/0.5.0-201fc85-SNAPSHOT/ratis-netty-0.5.0-201fc85-SNAPSHOT.jar:/home/user/.m2/repository/org/apache/ratis/ratis-grpc/0.5.0-201fc85-SNAPSHOT/ratis-grpc-0.5.0-201fc85-SNAPSHOT.jar:/home/user/.m2/repository/org/rocksdb/rocksdbjni/6.0.1/rocksdbjni-6.0.1.jar:/home/user/.m2/repository/org/apache/logging/log4j/log4j-api/2.11.0/log4j-api-2.11.0.jar:/home/user/.m2/repository/org/apache/logging/log4j/log4j-core/2.11.0/log4j-core-2.11.0.jar:/home/user/.m2/repository/com/lmax/disruptor/3.4.2/disruptor-3.4.2.jar:/home/user/.m2/repository/org/apache/commons/commons-pool2/2.6.0/commons-pool2-2.6.0.jar:/home/user/.m2/repository/org/bouncycastle/bcpkix-jdk15on/1.60/bcpkix-jdk15on-1.60.jar:/home/user/.m2/repository/commons-validator/commons-validator/1.6/commons-validator-1.6.jar:/home/user/.m2/repository/commons-digester/commons-digester/1.8.1/commons-digester-1.8.1.jar:/home/user/.m2/repository/io/jaegertracing/jaeger-client/0.34.0/jaeger-client-0.34.0.jar:/home/user/.m2/repository/io/jaegertracing/jaeger-thrift/0.34.0/jaeger-thrift-0.34.0.jar:/home/user/.m2/repository/org/apache/thrift/libthrift/0.12.0/libthrift-0.12.0.jar:/home/user/.m2/repository/com/squareup/okhttp3/okhttp/3.9.0/okhttp-3.9.0.jar:/home/user/.m2/repository/com/squareup/okio/okio/1.13.0/okio-1.13.0.jar:/home/user/.m2/repository/io/jaegertracing/jaeger-core/0.34.0/jaeger-core-0.34.0.jar:/home/user/.m2/repository/io/jaegertracing/jaeger-tracerresolver/0.34.0/jaeger-tracerresolver-0.34.0.jar:/home/user/.m2/repository/io/opentracing/contrib/opentracing-tracerresolver/0.1.5/opentracing-tracerresolver-0.1.5.jar:/home/user/.m2/repository/io/opentracing/opentracing-util/0.31.0/opentracing-util-0.31.0.jar:/home/user/.m2/repository/io/opentracing/opentracing-api/0.31.0/opentracing-api-0.31.0.jar:/home/user/.m2/repository/io/opentracing/opentracing-noop/0.31.0/opentracing-noop-0.31.0.jar:/home/user/.m2/repository/org/apache/hadoop/hadoop-hdds-server-framework/0.5.0-SNAPSHOT/hadoop-hdds-server-framework-0.5.0-SNAPSHOT.jar:/home/user/.m2/repository/org/apache/hadoop/hadoop-hdds-container-service/0.5.0-SNAPSHOT/hadoop-hdds-container-service-0.5.0-SNAPSHOT.jar:/home/user/.m2/repository/org/apache/hadoop/hadoop-hdds-client/0.5.0-SNAPSHOT/hadoop-hdds-client-0.5.0-SNAPSHOT.jar:/home/user/.m2/repository/org/apache/hadoop/hadoop-hdds-tools/0.5.0-SNAPSHOT/hadoop-hdds-tools-0.5.0-SNAPSHOT.jar:/home/user/.m2/repository/org/apache/hadoop/hadoop-hdds-server-scm/0.5.0-SNAPSHOT/hadoop-hdds-server-scm-0.5.0-SNAPSHOT.jar:/home/user/.m2/repository/org/apache/hadoop/hadoop-hdds-docs/0.5.0-SNAPSHOT/hadoop-hdds-docs-0.5.0-SNAPSHOT.jar:/home/user/.m2/repository/io/dropwizard/metrics/metrics-core/3.2.4/metrics-core-3.2.4.jar:/home/user/.m2/repository/org/hamcrest/hamcrest-all/1.3/hamcrest-all-1.3.jar:/home/user/.m2/repository/org/bouncycastle/bcprov-jdk15on/1.60/bcprov-jdk15on-1.60.jar:/home/user/.m2/repository/info/picocli/picocli/3.9.6/picocli-3.9.6.jar:/home/user/.m2/repository/com/google/protobuf/protobuf-java/2.5.0/protobuf-java-2.5.0.jar:/home/user/.m2/repository/com/google/guava/guava/11.0.2/guava-11.0.2.jar:/home/user/.m2/repository/org/apache/hadoop/hadoop-ozone-ozone-manager/0.5.0-SNAPSHOT/hadoop-ozone-ozone-manager-0.5.0-SNAPSHOT.jar:/home/user/.m2/repository/org/apache/hadoop/hadoop-minikdc/3.2.0/hadoop-minikdc-3.2.0.jar:/home/user/.m2/repository/commons-io/commons-io/2.5/commons-io-2.5.jar:/home/user/.m2/repository/org/apache/kerby/kerb-simplekdc/1.0.1/kerb-simplekdc-1.0.1.jar:/home/user/.m2/repository/org/apache/kerby/kerb-client/1.0.1/kerb-client-1.0.1.jar:/home/user/.m2/repository/org/apache/kerby/kerby-config/1.0.1/kerby-config-1.0.1.jar:/home/user/.m2/repository/org/apache/kerby/kerb-core/1.0.1/kerb-core-1.0.1.jar:/home/user/.m2/repository/org/apache/kerby/kerby-pkix/1.0.1/kerby-pkix-1.0.1.jar:/home/user/.m2/repository/org/apache/kerby/kerby-asn1/1.0.1/kerby-asn1-1.0.1.jar:/home/user/.m2/repository/org/apache/kerby/kerby-util/1.0.1/kerby-util-1.0.1.jar:/home/user/.m2/repository/org/apache/kerby/kerb-common/1.0.1/kerb-common-1.0.1.jar:/home/user/.m2/repository/org/apache/kerby/kerb-crypto/1.0.1/kerb-crypto-1.0.1.jar:/home/user/.m2/repository/org/apache/kerby/kerb-util/1.0.1/kerb-util-1.0.1.jar:/home/user/.m2/repository/org/apache/kerby/token-provider/1.0.1/token-provider-1.0.1.jar:/home/user/.m2/repository/org/apache/kerby/kerb-admin/1.0.1/kerb-admin-1.0.1.jar:/home/user/.m2/repository/org/apache/kerby/kerb-server/1.0.1/kerb-server-1.0.1.jar:/home/user/.m2/repository/org/apache/kerby/kerb-identity/1.0.1/kerb-identity-1.0.1.jar:/home/user/.m2/repository/org/apache/kerby/kerby-xdr/1.0.1/kerby-xdr-1.0.1.jar:/home/user/.m2/repository/org/slf4j/slf4j-log4j12/1.7.25/slf4j-log4j12-1.7.25.jar:/home/user/.m2/repository/org/apache/hadoop/hadoop-ozone-s3gateway/0.5.0-SNAPSHOT/hadoop-ozone-s3gateway-0.5.0-SNAPSHOT.jar:/home/user/.m2/repository/org/jboss/weld/servlet/weld-servlet/2.4.7.Final/weld-servlet-2.4.7.Final.jar:/home/user/.m2/repository/org/glassfish/jersey/containers/jersey-container-servlet-core/2.27/jersey-container-servlet-core-2.27.jar:/home/user/.m2/repository/org/glassfish/hk2/external/javax.inject/2.5.0-b42/javax.inject-2.5.0-b42.jar:/home/user/.m2/repository/org/glassfish/jersey/core/jersey-common/2.27/jersey-common-2.27.jar:/home/user/.m2/repository/org/glassfish/hk2/osgi-resource-locator/1.0.1/osgi-resource-locator-1.0.1.jar:/home/user/.m2/repository/javax/ws/rs/javax.ws.rs-api/2.1/javax.ws.rs-api-2.1.jar:/home/user/.m2/repository/org/glassfish/jersey/ext/cdi/jersey-cdi1x/2.27/jersey-cdi1x-2.27.jar:/home/user/.m2/repository/org/glassfish/jersey/inject/jersey-hk2/2.27/jersey-hk2-2.27.jar:/home/user/.m2/repository/org/glassfish/hk2/hk2-locator/2.5.0-b42/hk2-locator-2.5.0-b42.jar:/home/user/.m2/repository/org/javassist/javassist/3.22.0-CR2/javassist-3.22.0-CR2.jar:/home/user/.m2/repository/org/glassfish/hk2/hk2-api/2.5.0/hk2-api-2.5.0.jar:/home/user/.m2/repository/org/glassfish/hk2/external/jakarta.inject/2.5.0/jakarta.inject-2.5.0.jar:/home/user/.m2/repository/org/glassfish/hk2/hk2-utils/2.5.0/hk2-utils-2.5.0.jar:/home/user/.m2/repository/jakarta/annotation/jakarta.annotation-api/1.3.4/jakarta.annotation-api-1.3.4.jar:/home/user/.m2/repository/org/glassfish/hk2/external/aopalliance-repackaged/2.5.0/aopalliance-repackaged-2.5.0.jar:/home/user/.m2/repository/com/fasterxml/jackson/dataformat/jackson-dataformat-xml/2.9.0/jackson-dataformat-xml-2.9.0.jar:/home/user/.m2/repository/com/fasterxml/jackson/core/jackson-core/2.9.9/jackson-core-2.9.9.jar:/home/user/.m2/repository/com/fasterxml/jackson/module/jackson-module-jaxb-annotations/2.9.9/jackson-module-jaxb-annotations-2.9.9.jar:/home/user/.m2/repository/javax/enterprise/cdi-api/1.2/cdi-api-1.2.jar:/home/user/.m2/repository/javax/el/javax.el-api/3.0.0/javax.el-api-3.0.0.jar:/home/user/.m2/repository/javax/interceptor/javax.interceptor-api/1.2/javax.interceptor-api-1.2.jar:/home/user/.m2/repository/javax/inject/javax.inject/1/javax.inject-1.jar:/home/user/.m2/repository/com/sun/xml/bind/jaxb-impl/2.3.0.1/jaxb-impl-2.3.0.1.jar:/home/user/.m2/repository/com/sun/xml/bind/jaxb-core/2.3.0.1/jaxb-core-2.3.0.1.jar:/home/user/.m2/repository/javax/xml/bind/jaxb-api/2.3.0/jaxb-api-2.3.0.jar:/home/user/.m2/repository/javax/activation/activation/1.1.1/activation-1.1.1.jar:/home/user/.m2/repository/org/apache/hadoop/hadoop-ozone-csi/0.5.0-SNAPSHOT/hadoop-ozone-csi-0.5.0-SNAPSHOT.jar:/home/user/.m2/repository/com/google/protobuf/protobuf-java-util/3.5.1/protobuf-java-util-3.5.1.jar:/home/user/.m2/repository/org/apache/hadoop/hadoop-hdds-config/0.5.0-SNAPSHOT/hadoop-hdds-config-0.5.0-SNAPSHOT.jar:/home/user/.m2/repository/io/grpc/grpc-netty/1.17.1/grpc-netty-1.17.1.jar:/home/user/.m2/repository/io/grpc/grpc-core/1.17.1/grpc-core-1.17.1.jar:/home/user/.m2/repository/io/grpc/grpc-context/1.17.1/grpc-context-1.17.1.jar:/home/user/.m2/repository/com/google/errorprone/error_prone_annotations/2.2.0/error_prone_annotations-2.2.0.jar:/home/user/.m2/repository/org/codehaus/mojo/animal-sniffer-annotations/1.17/animal-sniffer-annotations-1.17.jar:/home/user/.m2/repository/io/opencensus/opencensus-api/0.17.0/opencensus-api-0.17.0.jar:/home/user/.m2/repository/io/opencensus/opencensus-contrib-grpc-metrics/0.17.0/opencensus-contrib-grpc-metrics-0.17.0.jar:/home/user/.m2/repository/io/netty/netty-codec-http2/4.1.30.Final/netty-codec-http2-4.1.30.Final.jar:/home/user/.m2/repository/io/netty/netty-codec-http/4.1.30.Final/netty-codec-http-4.1.30.Final.jar:/home/user/.m2/repository/io/netty/netty-codec/4.1.30.Final/netty-codec-4.1.30.Final.jar:/home/user/.m2/repository/io/netty/netty-handler/4.1.30.Final/netty-handler-4.1.30.Final.jar:/home/user/.m2/repository/io/netty/netty-handler-proxy/4.1.30.Final/netty-handler-proxy-4.1.30.Final.jar:/home/user/.m2/repository/io/netty/netty-codec-socks/4.1.30.Final/netty-codec-socks-4.1.30.Final.jar:/home/user/.m2/repository/io/netty/netty-transport-native-epoll/4.1.30.Final/netty-transport-native-epoll-4.1.30.Final.jar:/home/user/.m2/repository/io/netty/netty-common/4.1.30.Final/netty-common-4.1.30.Final.jar:/home/user/.m2/repository/io/netty/netty-buffer/4.1.30.Final/netty-buffer-4.1.30.Final.jar:/home/user/.m2/repository/io/netty/netty-transport/4.1.30.Final/netty-transport-4.1.30.Final.jar:/home/user/.m2/repository/io/netty/netty-resolver/4.1.30.Final/netty-resolver-4.1.30.Final.jar:/home/user/.m2/repository/io/netty/netty-transport-native-unix-common/4.1.30.Final/netty-transport-native-unix-common-4.1.30.Final.jar:/home/user/.m2/repository/io/grpc/grpc-protobuf/1.17.1/grpc-protobuf-1.17.1.jar:/home/user/.m2/repository/com/google/api/grpc/proto-google-common-protos/1.0.0/proto-google-common-protos-1.0.0.jar:/home/user/.m2/repository/io/grpc/grpc-protobuf-lite/1.17.1/grpc-protobuf-lite-1.17.1.jar:/home/user/.m2/repository/io/grpc/grpc-stub/1.17.1/grpc-stub-1.17.1.jar:/home/user/.m2/repository/org/apache/hadoop/hadoop-ozone-recon/0.5.0-SNAPSHOT/hadoop-ozone-recon-0.5.0-SNAPSHOT.jar:/home/user/.m2/repository/org/apache/hadoop/hadoop-ozone-reconcodegen/0.5.0-SNAPSHOT/hadoop-ozone-reconcodegen-0.5.0-SNAPSHOT.jar:/home/user/.m2/repository/com/google/inject/extensions/guice-multibindings/4.0/guice-multibindings-4.0.jar:/home/user/.m2/repository/com/google/inject/guice/4.0/guice-4.0.jar:/home/user/.m2/repository/aopalliance/aopalliance/1.0/aopalliance-1.0.jar:/home/user/.m2/repository/com/google/inject/extensions/guice-servlet/4.0/guice-servlet-4.0.jar:/home/user/.m2/repository/org/glassfish/jersey/containers/jersey-container-servlet/2.27/jersey-container-servlet-2.27.jar:/home/user/.m2/repository/org/glassfish/hk2/guice-bridge/2.5.0/guice-bridge-2.5.0.jar:/home/user/.m2/repository/org/glassfish/jersey/core/jersey-server/2.27/jersey-server-2.27.jar:/home/user/.m2/repository/org/glassfish/jersey/core/jersey-client/2.27/jersey-client-2.27.jar:/home/user/.m2/repository/org/glassfish/jersey/media/jersey-media-jaxb/2.27/jersey-media-jaxb-2.27.jar:/home/user/.m2/repository/javax/validation/validation-api/1.1.0.Final/validation-api-1.1.0.Final.jar:/home/user/.m2/repository/org/glassfish/jersey/media/jersey-media-json-jackson/2.27/jersey-media-json-jackson-2.27.jar:/home/user/.m2/repository/org/glassfish/jersey/ext/jersey-entity-filtering/2.27/jersey-entity-filtering-2.27.jar:/home/user/.m2/repository/com/google/inject/extensions/guice-assistedinject/4.0/guice-assistedinject-4.0.jar:/home/user/.m2/repository/org/jooq/jooq/3.11.10/jooq-3.11.10.jar:/home/user/.m2/repository/org/jooq/jooq-meta/3.11.10/jooq-meta-3.11.10.jar:/home/user/.m2/repository/org/jooq/jooq-codegen/3.11.10/jooq-codegen-3.11.10.jar:/home/user/.m2/repository/com/jolbox/bonecp/0.8.0.RELEASE/bonecp-0.8.0.RELEASE.jar:/home/user/.m2/repository/org/xerial/sqlite-jdbc/3.25.2/sqlite-jdbc-3.25.2.jar:/home/user/.m2/repository/org/springframework/spring-jdbc/5.1.3.RELEASE/spring-jdbc-5.1.3.RELEASE.jar:/home/user/.m2/repository/org/springframework/spring-beans/5.1.3.RELEASE/spring-beans-5.1.3.RELEASE.jar:/home/user/.m2/repository/org/springframework/spring-core/5.1.3.RELEASE/spring-core-5.1.3.RELEASE.jar:/home/user/.m2/repository/org/springframework/spring-jcl/5.1.3.RELEASE/spring-jcl-5.1.3.RELEASE.jar:/home/user/.m2/repository/org/springframework/spring-tx/5.1.3.RELEASE/spring-tx-5.1.3.RELEASE.jar:/home/user/.m2/repository/org/apache/hadoop/hadoop-ozone-client/0.5.0-SNAPSHOT/hadoop-ozone-client-0.5.0-SNAPSHOT.jar:/home/user/.m2/repository/commons-lang/commons-lang/2.6/commons-lang-2.6.jar:/home/user/.m2/repository/org/apache/hadoop/hadoop-ozone-ozone-manager/0.5.0-SNAPSHOT/hadoop-ozone-ozone-manager-0.5.0-SNAPSHOT-tests.jar:/home/user/.m2/repository/junit/junit/4.11/junit-4.11.jar:/home/user/.m2/repository/org/hamcrest/hamcrest-core/1.3/hamcrest-core-1.3.jar:/home/user/.m2/repository/org/openjdk/jmh/jmh-core/1.19/jmh-core-1.19.jar:/home/user/.m2/repository/net/sf/jopt-simple/jopt-simple/4.6/jopt-simple-4.6.jar:/home/user/.m2/repository/org/apache/commons/commons-math3/3.1.1/commons-math3-3.1.1.jar:/home/user/.m2/repository/org/openjdk/jmh/jmh-generator-annprocess/1.19/jmh-generator-annprocess-1.19.jar:/home/user/.m2/repository/org/mockito/mockito-all/1.8.5/mockito-all-1.8.5.jar:/home/user/.m2/repository/org/apache/hadoop/hadoop-kms/3.2.0/hadoop-kms-3.2.0.jar:/home/user/.m2/repository/org/apache/hadoop/hadoop-auth/3.2.0/hadoop-auth-3.2.0.jar:/home/user/.m2/repository/com/nimbusds/nimbus-jose-jwt/4.41.1/nimbus-jose-jwt-4.41.1.jar:/home/user/.m2/repository/com/github/stephenc/jcip/jcip-annotations/1.0-1/jcip-annotations-1.0-1.jar:/home/user/.m2/repository/net/minidev/json-smart/2.3/json-smart-2.3.jar:/home/user/.m2/repository/net/minidev/accessors-smart/1.2/accessors-smart-1.2.jar:/home/user/.m2/repository/org/ow2/asm/asm/5.0.4/asm-5.0.4.jar:/home/user/.m2/repository/org/apache/curator/curator-framework/2.12.0/curator-framework-2.12.0.jar:/home/user/.m2/repository/com/sun/jersey/jersey-core/1.19/jersey-core-1.19.jar:/home/user/.m2/repository/javax/ws/rs/jsr311-api/1.1.1/jsr311-api-1.1.1.jar:/home/user/.m2/repository/com/sun/jersey/jersey-server/1.19/jersey-server-1.19.jar:/home/user/.m2/repository/javax/servlet/javax.servlet-api/3.1.0/javax.servlet-api-3.1.0.jar:/home/user/.m2/repository/org/eclipse/jetty/jetty-server/9.3.25.v20180904/jetty-server-9.3.25.v20180904.jar:/home/user/.m2/repository/org/eclipse/jetty/jetty-http/9.3.25.v20180904/jetty-http-9.3.25.v20180904.jar:/home/user/.m2/repository/org/eclipse/jetty/jetty-io/9.3.25.v20180904/jetty-io-9.3.25.v20180904.jar:/home/user/.m2/repository/org/eclipse/jetty/jetty-webapp/9.3.25.v20180904/jetty-webapp-9.3.25.v20180904.jar:/home/user/.m2/repository/org/eclipse/jetty/jetty-xml/9.3.25.v20180904/jetty-xml-9.3.25.v20180904.jar:/home/user/.m2/repository/log4j/log4j/1.2.17/log4j-1.2.17.jar:/home/user/.m2/repository/org/slf4j/slf4j-api/1.7.25/slf4j-api-1.7.25.jar:/home/user/.m2/repository/org/slf4j/jul-to-slf4j/1.7.25/jul-to-slf4j-1.7.25.jar:/home/user/.m2/repository/org/eclipse/jetty/jetty-util/9.3.25.v20180904/jetty-util-9.3.25.v20180904.jar:/home/user/.m2/repository/com/fasterxml/jackson/core/jackson-databind/2.9.9/jackson-databind-2.9.9.jar:/home/user/.m2/repository/org/apache/hadoop/hadoop-kms/3.2.0/hadoop-kms-3.2.0-tests.jar:/home/user/.m2/repository/org/apache/hadoop/hadoop-hdds-server-scm/0.5.0-SNAPSHOT/hadoop-hdds-server-scm-0.5.0-SNAPSHOT-tests.jar:/home/user/.m2/repository/org/apache/hadoop/hadoop-hdds-container-service/0.5.0-SNAPSHOT/hadoop-hdds-container-service-0.5.0-SNAPSHOT-tests.jar:/home/user/.m2/repository/org/yaml/snakeyaml/1.16/snakeyaml-1.16.jar:/home/user/.m2/repository/org/apache/hadoop/hadoop-common/3.2.0/hadoop-common-3.2.0-tests.jar:/home/user/.m2/repository/org/apache/hadoop/hadoop-annotations/3.2.0/hadoop-annotations-3.2.0.jar:/usr/lib/jvm/java-1.8-openjdk/jre/../lib/tools.jar:/home/user/.m2/repository/commons-cli/commons-cli/1.2/commons-cli-1.2.jar:/home/user/.m2/repository/org/apache/httpcomponents/httpclient/4.5.2/httpclient-4.5.2.jar:/home/user/.m2/repository/org/apache/httpcomponents/httpcore/4.4.4/httpcore-4.4.4.jar:/home/user/.m2/repository/commons-codec/commons-codec/1.11/commons-codec-1.11.jar:/home/user/.m2/repository/commons-net/commons-net/3.6/commons-net-3.6.jar:/home/user/.m2/repository/commons-collections/commons-collections/3.2.2/commons-collections-3.2.2.jar:/home/user/.m2/repository/org/eclipse/jetty/jetty-servlet/9.3.25.v20180904/jetty-servlet-9.3.25.v20180904.jar:/home/user/.m2/repository/org/eclipse/jetty/jetty-security/9.3.25.v20180904/jetty-security-9.3.25.v20180904.jar:/home/user/.m2/repository/javax/servlet/jsp/jsp-api/2.1/jsp-api-2.1.jar:/home/user/.m2/repository/com/sun/jersey/jersey-servlet/1.19/jersey-servlet-1.19.jar:/home/user/.m2/repository/com/sun/jersey/jersey-json/1.19/jersey-json-1.19.jar:/home/user/.m2/repository/org/codehaus/jettison/jettison/1.1/jettison-1.1.jar:/home/user/.m2/repository/org/codehaus/jackson/jackson-core-asl/1.9.13/jackson-core-asl-1.9.13.jar:/home/user/.m2/repository/org/codehaus/jackson/jackson-mapper-asl/1.9.13/jackson-mapper-asl-1.9.13.jar:/home/user/.m2/repository/org/codehaus/jackson/jackson-jaxrs/1.9.13/jackson-jaxrs-1.9.13.jar:/home/user/.m2/repository/org/codehaus/jackson/jackson-xc/1.9.13/jackson-xc-1.9.13.jar:/home/user/.m2/repository/commons-logging/commons-logging/1.1.3/commons-logging-1.1.3.jar:/home/user/.m2/repository/commons-beanutils/commons-beanutils/1.9.4/commons-beanutils-1.9.4.jar:/home/user/.m2/repository/org/apache/commons/commons-configuration2/2.1.1/commons-configuration2-2.1.1.jar:/home/user/.m2/repository/org/apache/commons/commons-lang3/3.7/commons-lang3-3.7.jar:/home/user/.m2/repository/org/apache/commons/commons-text/1.4/commons-text-1.4.jar:/home/user/.m2/repository/org/apache/avro/avro/1.7.7/avro-1.7.7.jar:/home/user/.m2/repository/com/thoughtworks/paranamer/paranamer/2.3/paranamer-2.3.jar:/home/user/.m2/repository/org/xerial/snappy/snappy-java/1.0.5/snappy-java-1.0.5.jar:/home/user/.m2/repository/com/google/re2j/re2j/1.1/re2j-1.1.jar:/home/user/.m2/repository/com/google/code/gson/gson/2.2.4/gson-2.2.4.jar:/home/user/.m2/repository/com/jcraft/jsch/0.1.54/jsch-0.1.54.jar:/home/user/.m2/repository/org/apache/curator/curator-client/2.12.0/curator-client-2.12.0.jar:/home/user/.m2/repository/org/apache/curator/curator-recipes/2.12.0/curator-recipes-2.12.0.jar:/home/user/.m2/repository/com/google/code/findbugs/jsr305/3.0.0/jsr305-3.0.0.jar:/home/user/.m2/repository/org/apache/htrace/htrace-core4/4.1.0-incubating/htrace-core4-4.1.0-incubating.jar:/home/user/.m2/repository/org/apache/zookeeper/zookeeper/3.4.13/zookeeper-3.4.13.jar:/home/user/.m2/repository/jline/jline/0.9.94/jline-0.9.94.jar:/home/user/.m2/repository/org/apache/yetus/audience-annotations/0.5.0/audience-annotations-0.5.0.jar:/home/user/.m2/repository/org/codehaus/woodstox/stax2-api/3.1.4/stax2-api-3.1.4.jar:/home/user/.m2/repository/com/fasterxml/woodstox/woodstox-core/5.0.3/woodstox-core-5.0.3.jar:/home/user/.m2/repository/dnsjava/dnsjava/2.1.7/dnsjava-2.1.7.jar:/home/user/.m2/repository/org/apache/hadoop/hadoop-hdfs/3.2.0/hadoop-hdfs-3.2.0-tests.jar:/home/user/.m2/repository/org/eclipse/jetty/jetty-util-ajax/9.3.25.v20180904/jetty-util-ajax-9.3.25.v20180904.jar:/home/user/.m2/repository/commons-daemon/commons-daemon/1.0.13/commons-daemon-1.0.13.jar:/home/user/.m2/repository/io/netty/netty/3.10.5.Final/netty-3.10.5.Final.jar:/home/user/.m2/repository/io/netty/netty-all/4.0.52.Final/netty-all-4.0.52.Final.jar:/home/user/.m2/repository/org/fusesource/leveldbjni/leveldbjni-all/1.8/leveldbjni-all-1.8.jar:"/>
    <property name="java.vm.vendor" value="IcedTea"/>
    <property name="sun.arch.data.model" value="64"/>
    <property name="test.build.dir" value="/workdir/hadoop-ozone/integration-test/target/test-dir"/>
    <property name="test.cache.data" value=""/>
    <property name="java.vendor.url" value="https://icedtea.classpath.org"/>
    <property name="user.timezone" value=""/>
    <property name="java.vm.specification.version" value="1.8"/>
    <property name="os.name" value="Linux"/>
    <property name="test.build.data" value="/workdir/hadoop-ozone/integration-test/target/test-dir"/>
    <property name="user.country" value="US"/>
    <property name="sun.java.launcher" value="SUN_STANDARD"/>
    <property name="sun.boot.library.path" value="/usr/lib/jvm/java-1.8-openjdk/jre/lib/amd64"/>
    <property name="sun.java.command" value="/workdir/hadoop-ozone/integration-test/target/surefire/surefirebooter8372652062442743568.jar /workdir/hadoop-ozone/integration-test/target/surefire 2019-10-10T17-54-19_828-jvmRun1 surefire1893140313995896747tmp surefire_55370227270786491062tmp"/>
    <property name="test" value="!TestMiniChaosOzoneCluster"/>
    <property name="surefire.test.class.path" value="/workdir/hadoop-ozone/integration-test/target/test-classes:/workdir/hadoop-ozone/integration-test/target/classes:/home/user/.m2/repository/org/apache/hadoop/hadoop-ozone-common/0.5.0-SNAPSHOT/hadoop-ozone-common-0.5.0-SNAPSHOT.jar:/home/user/.m2/repository/org/apache/commons/commons-compress/1.4.1/commons-compress-1.4.1.jar:/home/user/.m2/repository/org/tukaani/xz/1.0/xz-1.0.jar:/home/user/.m2/repository/org/apache/hadoop/hadoop-common/3.2.0/hadoop-common-3.2.0.jar:/home/user/.m2/repository/org/apache/hadoop/hadoop-hdfs/3.2.0/hadoop-hdfs-3.2.0.jar:/home/user/.m2/repository/org/apache/hadoop/hadoop-hdfs-client/3.2.0/hadoop-hdfs-client-3.2.0.jar:/home/user/.m2/repository/com/fasterxml/jackson/core/jackson-annotations/2.9.9/jackson-annotations-2.9.9.jar:/home/user/.m2/repository/org/apache/hadoop/hadoop-hdds-common/0.5.0-SNAPSHOT/hadoop-hdds-common-0.5.0-SNAPSHOT.jar:/home/user/.m2/repository/javax/annotation/javax.annotation-api/1.2/javax.annotation-api-1.2.jar:/home/user/.m2/repository/org/apache/ratis/ratis-server/0.5.0-201fc85-SNAPSHOT/ratis-server-0.5.0-201fc85-SNAPSHOT.jar:/home/user/.m2/repository/org/apache/ratis/ratis-thirdparty-misc/0.2.0/ratis-thirdparty-misc-0.2.0.jar:/home/user/.m2/repository/org/apache/ratis/ratis-proto/0.5.0-201fc85-SNAPSHOT/ratis-proto-0.5.0-201fc85-SNAPSHOT.jar:/home/user/.m2/repository/org/apache/ratis/ratis-common/0.5.0-201fc85-SNAPSHOT/ratis-common-0.5.0-201fc85-SNAPSHOT.jar:/home/user/.m2/repository/org/apache/ratis/ratis-client/0.5.0-201fc85-SNAPSHOT/ratis-client-0.5.0-201fc85-SNAPSHOT.jar:/home/user/.m2/repository/org/apache/ratis/ratis-metrics/0.5.0-201fc85-SNAPSHOT/ratis-metrics-0.5.0-201fc85-SNAPSHOT.jar:/home/user/.m2/repository/com/github/joshelser/dropwizard-metrics-hadoop-metrics2-reporter/0.1.2/dropwizard-metrics-hadoop-metrics2-reporter-0.1.2.jar:/home/user/.m2/repository/io/dropwizard/metrics/metrics-jvm/3.2.5/metrics-jvm-3.2.5.jar:/home/user/.m2/repository/io/dropwizard/metrics/metrics-ganglia/3.2.5/metrics-ganglia-3.2.5.jar:/home/user/.m2/repository/info/ganglia/gmetric4j/gmetric4j/1.0.7/gmetric4j-1.0.7.jar:/home/user/.m2/repository/org/apache/ratis/ratis-netty/0.5.0-201fc85-SNAPSHOT/ratis-netty-0.5.0-201fc85-SNAPSHOT.jar:/home/user/.m2/repository/org/apache/ratis/ratis-grpc/0.5.0-201fc85-SNAPSHOT/ratis-grpc-0.5.0-201fc85-SNAPSHOT.jar:/home/user/.m2/repository/org/rocksdb/rocksdbjni/6.0.1/rocksdbjni-6.0.1.jar:/home/user/.m2/repository/org/apache/logging/log4j/log4j-api/2.11.0/log4j-api-2.11.0.jar:/home/user/.m2/repository/org/apache/logging/log4j/log4j-core/2.11.0/log4j-core-2.11.0.jar:/home/user/.m2/repository/com/lmax/disruptor/3.4.2/disruptor-3.4.2.jar:/home/user/.m2/repository/org/apache/commons/commons-pool2/2.6.0/commons-pool2-2.6.0.jar:/home/user/.m2/repository/org/bouncycastle/bcpkix-jdk15on/1.60/bcpkix-jdk15on-1.60.jar:/home/user/.m2/repository/commons-validator/commons-validator/1.6/commons-validator-1.6.jar:/home/user/.m2/repository/commons-digester/commons-digester/1.8.1/commons-digester-1.8.1.jar:/home/user/.m2/repository/io/jaegertracing/jaeger-client/0.34.0/jaeger-client-0.34.0.jar:/home/user/.m2/repository/io/jaegertracing/jaeger-thrift/0.34.0/jaeger-thrift-0.34.0.jar:/home/user/.m2/repository/org/apache/thrift/libthrift/0.12.0/libthrift-0.12.0.jar:/home/user/.m2/repository/com/squareup/okhttp3/okhttp/3.9.0/okhttp-3.9.0.jar:/home/user/.m2/repository/com/squareup/okio/okio/1.13.0/okio-1.13.0.jar:/home/user/.m2/repository/io/jaegertracing/jaeger-core/0.34.0/jaeger-core-0.34.0.jar:/home/user/.m2/repository/io/jaegertracing/jaeger-tracerresolver/0.34.0/jaeger-tracerresolver-0.34.0.jar:/home/user/.m2/repository/io/opentracing/contrib/opentracing-tracerresolver/0.1.5/opentracing-tracerresolver-0.1.5.jar:/home/user/.m2/repository/io/opentracing/opentracing-util/0.31.0/opentracing-util-0.31.0.jar:/home/user/.m2/repository/io/opentracing/opentracing-api/0.31.0/opentracing-api-0.31.0.jar:/home/user/.m2/repository/io/opentracing/opentracing-noop/0.31.0/opentracing-noop-0.31.0.jar:/home/user/.m2/repository/org/apache/hadoop/hadoop-hdds-server-framework/0.5.0-SNAPSHOT/hadoop-hdds-server-framework-0.5.0-SNAPSHOT.jar:/home/user/.m2/repository/org/apache/hadoop/hadoop-hdds-container-service/0.5.0-SNAPSHOT/hadoop-hdds-container-service-0.5.0-SNAPSHOT.jar:/home/user/.m2/repository/org/apache/hadoop/hadoop-hdds-client/0.5.0-SNAPSHOT/hadoop-hdds-client-0.5.0-SNAPSHOT.jar:/home/user/.m2/repository/org/apache/hadoop/hadoop-hdds-tools/0.5.0-SNAPSHOT/hadoop-hdds-tools-0.5.0-SNAPSHOT.jar:/home/user/.m2/repository/org/apache/hadoop/hadoop-hdds-server-scm/0.5.0-SNAPSHOT/hadoop-hdds-server-scm-0.5.0-SNAPSHOT.jar:/home/user/.m2/repository/org/apache/hadoop/hadoop-hdds-docs/0.5.0-SNAPSHOT/hadoop-hdds-docs-0.5.0-SNAPSHOT.jar:/home/user/.m2/repository/io/dropwizard/metrics/metrics-core/3.2.4/metrics-core-3.2.4.jar:/home/user/.m2/repository/org/hamcrest/hamcrest-all/1.3/hamcrest-all-1.3.jar:/home/user/.m2/repository/org/bouncycastle/bcprov-jdk15on/1.60/bcprov-jdk15on-1.60.jar:/home/user/.m2/repository/info/picocli/picocli/3.9.6/picocli-3.9.6.jar:/home/user/.m2/repository/com/google/protobuf/protobuf-java/2.5.0/protobuf-java-2.5.0.jar:/home/user/.m2/repository/com/google/guava/guava/11.0.2/guava-11.0.2.jar:/home/user/.m2/repository/org/apache/hadoop/hadoop-ozone-ozone-manager/0.5.0-SNAPSHOT/hadoop-ozone-ozone-manager-0.5.0-SNAPSHOT.jar:/home/user/.m2/repository/org/apache/hadoop/hadoop-minikdc/3.2.0/hadoop-minikdc-3.2.0.jar:/home/user/.m2/repository/commons-io/commons-io/2.5/commons-io-2.5.jar:/home/user/.m2/repository/org/apache/kerby/kerb-simplekdc/1.0.1/kerb-simplekdc-1.0.1.jar:/home/user/.m2/repository/org/apache/kerby/kerb-client/1.0.1/kerb-client-1.0.1.jar:/home/user/.m2/repository/org/apache/kerby/kerby-config/1.0.1/kerby-config-1.0.1.jar:/home/user/.m2/repository/org/apache/kerby/kerb-core/1.0.1/kerb-core-1.0.1.jar:/home/user/.m2/repository/org/apache/kerby/kerby-pkix/1.0.1/kerby-pkix-1.0.1.jar:/home/user/.m2/repository/org/apache/kerby/kerby-asn1/1.0.1/kerby-asn1-1.0.1.jar:/home/user/.m2/repository/org/apache/kerby/kerby-util/1.0.1/kerby-util-1.0.1.jar:/home/user/.m2/repository/org/apache/kerby/kerb-common/1.0.1/kerb-common-1.0.1.jar:/home/user/.m2/repository/org/apache/kerby/kerb-crypto/1.0.1/kerb-crypto-1.0.1.jar:/home/user/.m2/repository/org/apache/kerby/kerb-util/1.0.1/kerb-util-1.0.1.jar:/home/user/.m2/repository/org/apache/kerby/token-provider/1.0.1/token-provider-1.0.1.jar:/home/user/.m2/repository/org/apache/kerby/kerb-admin/1.0.1/kerb-admin-1.0.1.jar:/home/user/.m2/repository/org/apache/kerby/kerb-server/1.0.1/kerb-server-1.0.1.jar:/home/user/.m2/repository/org/apache/kerby/kerb-identity/1.0.1/kerb-identity-1.0.1.jar:/home/user/.m2/repository/org/apache/kerby/kerby-xdr/1.0.1/kerby-xdr-1.0.1.jar:/home/user/.m2/repository/org/slf4j/slf4j-log4j12/1.7.25/slf4j-log4j12-1.7.25.jar:/home/user/.m2/repository/org/apache/hadoop/hadoop-ozone-s3gateway/0.5.0-SNAPSHOT/hadoop-ozone-s3gateway-0.5.0-SNAPSHOT.jar:/home/user/.m2/repository/org/jboss/weld/servlet/weld-servlet/2.4.7.Final/weld-servlet-2.4.7.Final.jar:/home/user/.m2/repository/org/glassfish/jersey/containers/jersey-container-servlet-core/2.27/jersey-container-servlet-core-2.27.jar:/home/user/.m2/repository/org/glassfish/hk2/external/javax.inject/2.5.0-b42/javax.inject-2.5.0-b42.jar:/home/user/.m2/repository/org/glassfish/jersey/core/jersey-common/2.27/jersey-common-2.27.jar:/home/user/.m2/repository/org/glassfish/hk2/osgi-resource-locator/1.0.1/osgi-resource-locator-1.0.1.jar:/home/user/.m2/repository/javax/ws/rs/javax.ws.rs-api/2.1/javax.ws.rs-api-2.1.jar:/home/user/.m2/repository/org/glassfish/jersey/ext/cdi/jersey-cdi1x/2.27/jersey-cdi1x-2.27.jar:/home/user/.m2/repository/org/glassfish/jersey/inject/jersey-hk2/2.27/jersey-hk2-2.27.jar:/home/user/.m2/repository/org/glassfish/hk2/hk2-locator/2.5.0-b42/hk2-locator-2.5.0-b42.jar:/home/user/.m2/repository/org/javassist/javassist/3.22.0-CR2/javassist-3.22.0-CR2.jar:/home/user/.m2/repository/org/glassfish/hk2/hk2-api/2.5.0/hk2-api-2.5.0.jar:/home/user/.m2/repository/org/glassfish/hk2/external/jakarta.inject/2.5.0/jakarta.inject-2.5.0.jar:/home/user/.m2/repository/org/glassfish/hk2/hk2-utils/2.5.0/hk2-utils-2.5.0.jar:/home/user/.m2/repository/jakarta/annotation/jakarta.annotation-api/1.3.4/jakarta.annotation-api-1.3.4.jar:/home/user/.m2/repository/org/glassfish/hk2/external/aopalliance-repackaged/2.5.0/aopalliance-repackaged-2.5.0.jar:/home/user/.m2/repository/com/fasterxml/jackson/dataformat/jackson-dataformat-xml/2.9.0/jackson-dataformat-xml-2.9.0.jar:/home/user/.m2/repository/com/fasterxml/jackson/core/jackson-core/2.9.9/jackson-core-2.9.9.jar:/home/user/.m2/repository/com/fasterxml/jackson/module/jackson-module-jaxb-annotations/2.9.9/jackson-module-jaxb-annotations-2.9.9.jar:/home/user/.m2/repository/javax/enterprise/cdi-api/1.2/cdi-api-1.2.jar:/home/user/.m2/repository/javax/el/javax.el-api/3.0.0/javax.el-api-3.0.0.jar:/home/user/.m2/repository/javax/interceptor/javax.interceptor-api/1.2/javax.interceptor-api-1.2.jar:/home/user/.m2/repository/javax/inject/javax.inject/1/javax.inject-1.jar:/home/user/.m2/repository/com/sun/xml/bind/jaxb-impl/2.3.0.1/jaxb-impl-2.3.0.1.jar:/home/user/.m2/repository/com/sun/xml/bind/jaxb-core/2.3.0.1/jaxb-core-2.3.0.1.jar:/home/user/.m2/repository/javax/xml/bind/jaxb-api/2.3.0/jaxb-api-2.3.0.jar:/home/user/.m2/repository/javax/activation/activation/1.1.1/activation-1.1.1.jar:/home/user/.m2/repository/org/apache/hadoop/hadoop-ozone-csi/0.5.0-SNAPSHOT/hadoop-ozone-csi-0.5.0-SNAPSHOT.jar:/home/user/.m2/repository/com/google/protobuf/protobuf-java-util/3.5.1/protobuf-java-util-3.5.1.jar:/home/user/.m2/repository/org/apache/hadoop/hadoop-hdds-config/0.5.0-SNAPSHOT/hadoop-hdds-config-0.5.0-SNAPSHOT.jar:/home/user/.m2/repository/io/grpc/grpc-netty/1.17.1/grpc-netty-1.17.1.jar:/home/user/.m2/repository/io/grpc/grpc-core/1.17.1/grpc-core-1.17.1.jar:/home/user/.m2/repository/io/grpc/grpc-context/1.17.1/grpc-context-1.17.1.jar:/home/user/.m2/repository/com/google/errorprone/error_prone_annotations/2.2.0/error_prone_annotations-2.2.0.jar:/home/user/.m2/repository/org/codehaus/mojo/animal-sniffer-annotations/1.17/animal-sniffer-annotations-1.17.jar:/home/user/.m2/repository/io/opencensus/opencensus-api/0.17.0/opencensus-api-0.17.0.jar:/home/user/.m2/repository/io/opencensus/opencensus-contrib-grpc-metrics/0.17.0/opencensus-contrib-grpc-metrics-0.17.0.jar:/home/user/.m2/repository/io/netty/netty-codec-http2/4.1.30.Final/netty-codec-http2-4.1.30.Final.jar:/home/user/.m2/repository/io/netty/netty-codec-http/4.1.30.Final/netty-codec-http-4.1.30.Final.jar:/home/user/.m2/repository/io/netty/netty-codec/4.1.30.Final/netty-codec-4.1.30.Final.jar:/home/user/.m2/repository/io/netty/netty-handler/4.1.30.Final/netty-handler-4.1.30.Final.jar:/home/user/.m2/repository/io/netty/netty-handler-proxy/4.1.30.Final/netty-handler-proxy-4.1.30.Final.jar:/home/user/.m2/repository/io/netty/netty-codec-socks/4.1.30.Final/netty-codec-socks-4.1.30.Final.jar:/home/user/.m2/repository/io/netty/netty-transport-native-epoll/4.1.30.Final/netty-transport-native-epoll-4.1.30.Final.jar:/home/user/.m2/repository/io/netty/netty-common/4.1.30.Final/netty-common-4.1.30.Final.jar:/home/user/.m2/repository/io/netty/netty-buffer/4.1.30.Final/netty-buffer-4.1.30.Final.jar:/home/user/.m2/repository/io/netty/netty-transport/4.1.30.Final/netty-transport-4.1.30.Final.jar:/home/user/.m2/repository/io/netty/netty-resolver/4.1.30.Final/netty-resolver-4.1.30.Final.jar:/home/user/.m2/repository/io/netty/netty-transport-native-unix-common/4.1.30.Final/netty-transport-native-unix-common-4.1.30.Final.jar:/home/user/.m2/repository/io/grpc/grpc-protobuf/1.17.1/grpc-protobuf-1.17.1.jar:/home/user/.m2/repository/com/google/api/grpc/proto-google-common-protos/1.0.0/proto-google-common-protos-1.0.0.jar:/home/user/.m2/repository/io/grpc/grpc-protobuf-lite/1.17.1/grpc-protobuf-lite-1.17.1.jar:/home/user/.m2/repository/io/grpc/grpc-stub/1.17.1/grpc-stub-1.17.1.jar:/home/user/.m2/repository/org/apache/hadoop/hadoop-ozone-recon/0.5.0-SNAPSHOT/hadoop-ozone-recon-0.5.0-SNAPSHOT.jar:/home/user/.m2/repository/org/apache/hadoop/hadoop-ozone-reconcodegen/0.5.0-SNAPSHOT/hadoop-ozone-reconcodegen-0.5.0-SNAPSHOT.jar:/home/user/.m2/repository/com/google/inject/extensions/guice-multibindings/4.0/guice-multibindings-4.0.jar:/home/user/.m2/repository/com/google/inject/guice/4.0/guice-4.0.jar:/home/user/.m2/repository/aopalliance/aopalliance/1.0/aopalliance-1.0.jar:/home/user/.m2/repository/com/google/inject/extensions/guice-servlet/4.0/guice-servlet-4.0.jar:/home/user/.m2/repository/org/glassfish/jersey/containers/jersey-container-servlet/2.27/jersey-container-servlet-2.27.jar:/home/user/.m2/repository/org/glassfish/hk2/guice-bridge/2.5.0/guice-bridge-2.5.0.jar:/home/user/.m2/repository/org/glassfish/jersey/core/jersey-server/2.27/jersey-server-2.27.jar:/home/user/.m2/repository/org/glassfish/jersey/core/jersey-client/2.27/jersey-client-2.27.jar:/home/user/.m2/repository/org/glassfish/jersey/media/jersey-media-jaxb/2.27/jersey-media-jaxb-2.27.jar:/home/user/.m2/repository/javax/validation/validation-api/1.1.0.Final/validation-api-1.1.0.Final.jar:/home/user/.m2/repository/org/glassfish/jersey/media/jersey-media-json-jackson/2.27/jersey-media-json-jackson-2.27.jar:/home/user/.m2/repository/org/glassfish/jersey/ext/jersey-entity-filtering/2.27/jersey-entity-filtering-2.27.jar:/home/user/.m2/repository/com/google/inject/extensions/guice-assistedinject/4.0/guice-assistedinject-4.0.jar:/home/user/.m2/repository/org/jooq/jooq/3.11.10/jooq-3.11.10.jar:/home/user/.m2/repository/org/jooq/jooq-meta/3.11.10/jooq-meta-3.11.10.jar:/home/user/.m2/repository/org/jooq/jooq-codegen/3.11.10/jooq-codegen-3.11.10.jar:/home/user/.m2/repository/com/jolbox/bonecp/0.8.0.RELEASE/bonecp-0.8.0.RELEASE.jar:/home/user/.m2/repository/org/xerial/sqlite-jdbc/3.25.2/sqlite-jdbc-3.25.2.jar:/home/user/.m2/repository/org/springframework/spring-jdbc/5.1.3.RELEASE/spring-jdbc-5.1.3.RELEASE.jar:/home/user/.m2/repository/org/springframework/spring-beans/5.1.3.RELEASE/spring-beans-5.1.3.RELEASE.jar:/home/user/.m2/repository/org/springframework/spring-core/5.1.3.RELEASE/spring-core-5.1.3.RELEASE.jar:/home/user/.m2/repository/org/springframework/spring-jcl/5.1.3.RELEASE/spring-jcl-5.1.3.RELEASE.jar:/home/user/.m2/repository/org/springframework/spring-tx/5.1.3.RELEASE/spring-tx-5.1.3.RELEASE.jar:/home/user/.m2/repository/org/apache/hadoop/hadoop-ozone-client/0.5.0-SNAPSHOT/hadoop-ozone-client-0.5.0-SNAPSHOT.jar:/home/user/.m2/repository/commons-lang/commons-lang/2.6/commons-lang-2.6.jar:/home/user/.m2/repository/org/apache/hadoop/hadoop-ozone-ozone-manager/0.5.0-SNAPSHOT/hadoop-ozone-ozone-manager-0.5.0-SNAPSHOT-tests.jar:/home/user/.m2/repository/junit/junit/4.11/junit-4.11.jar:/home/user/.m2/repository/org/hamcrest/hamcrest-core/1.3/hamcrest-core-1.3.jar:/home/user/.m2/repository/org/openjdk/jmh/jmh-core/1.19/jmh-core-1.19.jar:/home/user/.m2/repository/net/sf/jopt-simple/jopt-simple/4.6/jopt-simple-4.6.jar:/home/user/.m2/repository/org/apache/commons/commons-math3/3.1.1/commons-math3-3.1.1.jar:/home/user/.m2/repository/org/openjdk/jmh/jmh-generator-annprocess/1.19/jmh-generator-annprocess-1.19.jar:/home/user/.m2/repository/org/mockito/mockito-all/1.8.5/mockito-all-1.8.5.jar:/home/user/.m2/repository/org/apache/hadoop/hadoop-kms/3.2.0/hadoop-kms-3.2.0.jar:/home/user/.m2/repository/org/apache/hadoop/hadoop-auth/3.2.0/hadoop-auth-3.2.0.jar:/home/user/.m2/repository/com/nimbusds/nimbus-jose-jwt/4.41.1/nimbus-jose-jwt-4.41.1.jar:/home/user/.m2/repository/com/github/stephenc/jcip/jcip-annotations/1.0-1/jcip-annotations-1.0-1.jar:/home/user/.m2/repository/net/minidev/json-smart/2.3/json-smart-2.3.jar:/home/user/.m2/repository/net/minidev/accessors-smart/1.2/accessors-smart-1.2.jar:/home/user/.m2/repository/org/ow2/asm/asm/5.0.4/asm-5.0.4.jar:/home/user/.m2/repository/org/apache/curator/curator-framework/2.12.0/curator-framework-2.12.0.jar:/home/user/.m2/repository/com/sun/jersey/jersey-core/1.19/jersey-core-1.19.jar:/home/user/.m2/repository/javax/ws/rs/jsr311-api/1.1.1/jsr311-api-1.1.1.jar:/home/user/.m2/repository/com/sun/jersey/jersey-server/1.19/jersey-server-1.19.jar:/home/user/.m2/repository/javax/servlet/javax.servlet-api/3.1.0/javax.servlet-api-3.1.0.jar:/home/user/.m2/repository/org/eclipse/jetty/jetty-server/9.3.25.v20180904/jetty-server-9.3.25.v20180904.jar:/home/user/.m2/repository/org/eclipse/jetty/jetty-http/9.3.25.v20180904/jetty-http-9.3.25.v20180904.jar:/home/user/.m2/repository/org/eclipse/jetty/jetty-io/9.3.25.v20180904/jetty-io-9.3.25.v20180904.jar:/home/user/.m2/repository/org/eclipse/jetty/jetty-webapp/9.3.25.v20180904/jetty-webapp-9.3.25.v20180904.jar:/home/user/.m2/repository/org/eclipse/jetty/jetty-xml/9.3.25.v20180904/jetty-xml-9.3.25.v20180904.jar:/home/user/.m2/repository/log4j/log4j/1.2.17/log4j-1.2.17.jar:/home/user/.m2/repository/org/slf4j/slf4j-api/1.7.25/slf4j-api-1.7.25.jar:/home/user/.m2/repository/org/slf4j/jul-to-slf4j/1.7.25/jul-to-slf4j-1.7.25.jar:/home/user/.m2/repository/org/eclipse/jetty/jetty-util/9.3.25.v20180904/jetty-util-9.3.25.v20180904.jar:/home/user/.m2/repository/com/fasterxml/jackson/core/jackson-databind/2.9.9/jackson-databind-2.9.9.jar:/home/user/.m2/repository/org/apache/hadoop/hadoop-kms/3.2.0/hadoop-kms-3.2.0-tests.jar:/home/user/.m2/repository/org/apache/hadoop/hadoop-hdds-server-scm/0.5.0-SNAPSHOT/hadoop-hdds-server-scm-0.5.0-SNAPSHOT-tests.jar:/home/user/.m2/repository/org/apache/hadoop/hadoop-hdds-container-service/0.5.0-SNAPSHOT/hadoop-hdds-container-service-0.5.0-SNAPSHOT-tests.jar:/home/user/.m2/repository/org/yaml/snakeyaml/1.16/snakeyaml-1.16.jar:/home/user/.m2/repository/org/apache/hadoop/hadoop-common/3.2.0/hadoop-common-3.2.0-tests.jar:/home/user/.m2/repository/org/apache/hadoop/hadoop-annotations/3.2.0/hadoop-annotations-3.2.0.jar:/usr/lib/jvm/java-1.8-openjdk/jre/../lib/tools.jar:/home/user/.m2/repository/commons-cli/commons-cli/1.2/commons-cli-1.2.jar:/home/user/.m2/repository/org/apache/httpcomponents/httpclient/4.5.2/httpclient-4.5.2.jar:/home/user/.m2/repository/org/apache/httpcomponents/httpcore/4.4.4/httpcore-4.4.4.jar:/home/user/.m2/repository/commons-codec/commons-codec/1.11/commons-codec-1.11.jar:/home/user/.m2/repository/commons-net/commons-net/3.6/commons-net-3.6.jar:/home/user/.m2/repository/commons-collections/commons-collections/3.2.2/commons-collections-3.2.2.jar:/home/user/.m2/repository/org/eclipse/jetty/jetty-servlet/9.3.25.v20180904/jetty-servlet-9.3.25.v20180904.jar:/home/user/.m2/repository/org/eclipse/jetty/jetty-security/9.3.25.v20180904/jetty-security-9.3.25.v20180904.jar:/home/user/.m2/repository/javax/servlet/jsp/jsp-api/2.1/jsp-api-2.1.jar:/home/user/.m2/repository/com/sun/jersey/jersey-servlet/1.19/jersey-servlet-1.19.jar:/home/user/.m2/repository/com/sun/jersey/jersey-json/1.19/jersey-json-1.19.jar:/home/user/.m2/repository/org/codehaus/jettison/jettison/1.1/jettison-1.1.jar:/home/user/.m2/repository/org/codehaus/jackson/jackson-core-asl/1.9.13/jackson-core-asl-1.9.13.jar:/home/user/.m2/repository/org/codehaus/jackson/jackson-mapper-asl/1.9.13/jackson-mapper-asl-1.9.13.jar:/home/user/.m2/repository/org/codehaus/jackson/jackson-jaxrs/1.9.13/jackson-jaxrs-1.9.13.jar:/home/user/.m2/repository/org/codehaus/jackson/jackson-xc/1.9.13/jackson-xc-1.9.13.jar:/home/user/.m2/repository/commons-logging/commons-logging/1.1.3/commons-logging-1.1.3.jar:/home/user/.m2/repository/commons-beanutils/commons-beanutils/1.9.4/commons-beanutils-1.9.4.jar:/home/user/.m2/repository/org/apache/commons/commons-configuration2/2.1.1/commons-configuration2-2.1.1.jar:/home/user/.m2/repository/org/apache/commons/commons-lang3/3.7/commons-lang3-3.7.jar:/home/user/.m2/repository/org/apache/commons/commons-text/1.4/commons-text-1.4.jar:/home/user/.m2/repository/org/apache/avro/avro/1.7.7/avro-1.7.7.jar:/home/user/.m2/repository/com/thoughtworks/paranamer/paranamer/2.3/paranamer-2.3.jar:/home/user/.m2/repository/org/xerial/snappy/snappy-java/1.0.5/snappy-java-1.0.5.jar:/home/user/.m2/repository/com/google/re2j/re2j/1.1/re2j-1.1.jar:/home/user/.m2/repository/com/google/code/gson/gson/2.2.4/gson-2.2.4.jar:/home/user/.m2/repository/com/jcraft/jsch/0.1.54/jsch-0.1.54.jar:/home/user/.m2/repository/org/apache/curator/curator-client/2.12.0/curator-client-2.12.0.jar:/home/user/.m2/repository/org/apache/curator/curator-recipes/2.12.0/curator-recipes-2.12.0.jar:/home/user/.m2/repository/com/google/code/findbugs/jsr305/3.0.0/jsr305-3.0.0.jar:/home/user/.m2/repository/org/apache/htrace/htrace-core4/4.1.0-incubating/htrace-core4-4.1.0-incubating.jar:/home/user/.m2/repository/org/apache/zookeeper/zookeeper/3.4.13/zookeeper-3.4.13.jar:/home/user/.m2/repository/jline/jline/0.9.94/jline-0.9.94.jar:/home/user/.m2/repository/org/apache/yetus/audience-annotations/0.5.0/audience-annotations-0.5.0.jar:/home/user/.m2/repository/org/codehaus/woodstox/stax2-api/3.1.4/stax2-api-3.1.4.jar:/home/user/.m2/repository/com/fasterxml/woodstox/woodstox-core/5.0.3/woodstox-core-5.0.3.jar:/home/user/.m2/repository/dnsjava/dnsjava/2.1.7/dnsjava-2.1.7.jar:/home/user/.m2/repository/org/apache/hadoop/hadoop-hdfs/3.2.0/hadoop-hdfs-3.2.0-tests.jar:/home/user/.m2/repository/org/eclipse/jetty/jetty-util-ajax/9.3.25.v20180904/jetty-util-ajax-9.3.25.v20180904.jar:/home/user/.m2/repository/commons-daemon/commons-daemon/1.0.13/commons-daemon-1.0.13.jar:/home/user/.m2/repository/io/netty/netty/3.10.5.Final/netty-3.10.5.Final.jar:/home/user/.m2/repository/io/netty/netty-all/4.0.52.Final/netty-all-4.0.52.Final.jar:/home/user/.m2/repository/org/fusesource/leveldbjni/leveldbjni-all/1.8/leveldbjni-all-1.8.jar:"/>
    <property name="sun.cpu.endian" value="little"/>
    <property name="user.home" value="/home/user"/>
    <property name="user.language" value="en"/>
    <property name="java.specification.vendor" value="Oracle Corporation"/>
    <property name="java.home" value="/usr/lib/jvm/java-1.8-openjdk/jre"/>
    <property name="java.security.krb5.conf" value="/workdir/hadoop-ozone/integration-test/target/test-classes/krb5.conf"/>
    <property name="basedir" value="/workdir/hadoop-ozone/integration-test"/>
    <property name="file.separator" value="/"/>
    <property name="line.separator" value="&#10;"/>
    <property name="java.vm.specification.vendor" value="Oracle Corporation"/>
    <property name="java.specification.name" value="Java Platform API Specification"/>
    <property name="java.awt.graphicsenv" value="sun.awt.X11GraphicsEnvironment"/>
    <property name="surefire.real.class.path" value="/workdir/hadoop-ozone/integration-test/target/surefire/surefirebooter8372652062442743568.jar"/>
    <property name="hadoop.log.dir" value="/workdir/hadoop-ozone/integration-test/target/log"/>
    <property name="sun.boot.class.path" value="/usr/lib/jvm/java-1.8-openjdk/jre/lib/resources.jar:/usr/lib/jvm/java-1.8-openjdk/jre/lib/rt.jar:/usr/lib/jvm/java-1.8-openjdk/jre/lib/sunrsasign.jar:/usr/lib/jvm/java-1.8-openjdk/jre/lib/jsse.jar:/usr/lib/jvm/java-1.8-openjdk/jre/lib/jce.jar:/usr/lib/jvm/java-1.8-openjdk/jre/lib/charsets.jar:/usr/lib/jvm/java-1.8-openjdk/jre/lib/jfr.jar:/usr/lib/jvm/java-1.8-openjdk/jre/classes"/>
    <property name="sun.management.compiler" value="HotSpot 64-Bit Tiered Compilers"/>
    <property name="java.runtime.version" value="1.8.0_212-b04"/>
    <property name="java.net.preferIPv4Stack" value="true"/>
    <property name="user.name" value="jenkins1000"/>
    <property name="path.separator" value=":"/>
    <property name="java.security.egd" value="file:///dev/urandom"/>
    <property name="os.version" value="3.10.0-957.12.2.el7.x86_64"/>
    <property name="java.endorsed.dirs" value="/usr/lib/jvm/java-1.8-openjdk/jre/lib/endorsed"/>
    <property name="java.runtime.name" value="OpenJDK Runtime Environment"/>
    <property name="file.encoding" value="UTF-8"/>
    <property name="java.vm.name" value="OpenJDK 64-Bit Server VM"/>
    <property name="test.build.webapps" value=""/>
    <property name="localRepository" value="/home/user/.m2/repository"/>
    <property name="java.vendor.url.bug" value="https://icedtea.classpath.org/bugzilla"/>
    <property name="java.io.tmpdir" value="/tmp"/>
    <property name="require.test.libhadoop" value=""/>
    <property name="java.version" value="1.8.0_212"/>
    <property name="user.dir" value="/workdir/hadoop-ozone/integration-test"/>
    <property name="os.arch" value="amd64"/>
    <property name="java.vm.specification.name" value="Java Virtual Machine Specification"/>
    <property name="test.build.classes" value="/workdir/hadoop-ozone/integration-test/target/test-classes"/>
    <property name="java.awt.printerjob" value="sun.print.PSPrinterJob"/>
    <property name="sun.os.patch.level" value="unknown"/>
    <property name="hadoop.tmp.dir" value="/workdir/hadoop-ozone/integration-test/target/tmp"/>
    <property name="java.library.path" value="/usr/lib/jvm/java-1.8-openjdk/jre/lib/amd64/server:/usr/lib/jvm/java-1.8-openjdk/jre/lib/amd64:/usr/lib/jvm/java-1.8-openjdk/jre/../lib/amd64:/workdir/hadoop-ozone/integration-test/target/native/target/usr/local/lib:/workdir/hadoop-ozone/integration-test/../../hadoop-common-project/hadoop-common/target/native/target/usr/local/lib:/usr/java/packages/lib/amd64:/usr/lib64:/lib64:/lib:/usr/lib"/>
    <property name="java.vm.info" value="mixed mode"/>
    <property name="java.vendor" value="IcedTea"/>
    <property name="java.vm.version" value="25.212-b04"/>
    <property name="java.ext.dirs" value="/usr/lib/jvm/java-1.8-openjdk/jre/lib/ext:/usr/java/packages/lib/ext"/>
    <property name="sun.io.unicode.encoding" value="UnicodeLittle"/>
    <property name="java.class.version" value="52.0"/>
  </properties>
  <testcase name="testWatchForCommitWithKeyWrite" classname="org.apache.hadoop.ozone.client.rpc.TestWatchForCommit" time="94.317"/>
  <testcase name="testWatchForCommitWithSmallerTimeoutValue" classname="org.apache.hadoop.ozone.client.rpc.TestWatchForCommit" time="43.364"/>
  <testcase name="testWatchForCommitForRetryfailure" classname="org.apache.hadoop.ozone.client.rpc.TestWatchForCommit" time="62.092">
    <failure type="java.lang.AssertionError">java.lang.AssertionError
	at org.junit.Assert.fail(Assert.java:86)
	at org.junit.Assert.assertTrue(Assert.java:41)
	at org.junit.Assert.assertTrue(Assert.java:52)
	at org.apache.hadoop.ozone.client.rpc.TestWatchForCommit.testWatchForCommitForRetryfailure(TestWatchForCommit.java:348)
	at sun.reflect.NativeMethodAccessorImpl.invoke0(Native Method)
	at sun.reflect.NativeMethodAccessorImpl.invoke(NativeMethodAccessorImpl.java:62)
	at sun.reflect.DelegatingMethodAccessorImpl.invoke(DelegatingMethodAccessorImpl.java:43)
	at java.lang.reflect.Method.invoke(Method.java:498)
	at org.junit.runners.model.FrameworkMethod$1.runReflectiveCall(FrameworkMethod.java:47)
	at org.junit.internal.runners.model.ReflectiveCallable.run(ReflectiveCallable.java:12)
	at org.junit.runners.model.FrameworkMethod.invokeExplosively(FrameworkMethod.java:44)
	at org.junit.internal.runners.statements.InvokeMethod.evaluate(InvokeMethod.java:17)
	at org.junit.runners.ParentRunner.runLeaf(ParentRunner.java:271)
	at org.junit.runners.BlockJUnit4ClassRunner.runChild(BlockJUnit4ClassRunner.java:70)
	at org.junit.runners.BlockJUnit4ClassRunner.runChild(BlockJUnit4ClassRunner.java:50)
	at org.junit.runners.ParentRunner$3.run(ParentRunner.java:238)
	at org.junit.runners.ParentRunner$1.schedule(ParentRunner.java:63)
	at org.junit.runners.ParentRunner.runChildren(ParentRunner.java:236)
	at org.junit.runners.ParentRunner.access$000(ParentRunner.java:53)
	at org.junit.runners.ParentRunner$2.evaluate(ParentRunner.java:229)
	at org.junit.runners.ParentRunner.run(ParentRunner.java:309)
	at org.apache.maven.surefire.junit4.JUnit4Provider.execute(JUnit4Provider.java:365)
	at org.apache.maven.surefire.junit4.JUnit4Provider.executeWithRerun(JUnit4Provider.java:273)
	at org.apache.maven.surefire.junit4.JUnit4Provider.executeTestSet(JUnit4Provider.java:238)
	at org.apache.maven.surefire.junit4.JUnit4Provider.invoke(JUnit4Provider.java:159)
	at org.apache.maven.surefire.booter.ForkedBooter.invokeProviderInSameClassLoader(ForkedBooter.java:384)
	at org.apache.maven.surefire.booter.ForkedBooter.runSuitesInProcess(ForkedBooter.java:345)
	at org.apache.maven.surefire.booter.ForkedBooter.execute(ForkedBooter.java:126)
	at org.apache.maven.surefire.booter.ForkedBooter.main(ForkedBooter.java:418)
</failure>
    <system-out><![CDATA[2019-10-10 18:44:35,953 [main] WARN  server.ServerUtils (ServerUtils.java:getScmDbDir(145)) - ozone.scm.db.dirs is not configured. We recommend adding this setting. Falling back to ozone.metadata.dirs instead.
2019-10-10 18:44:35,977 [main] WARN  server.ServerUtils (ServerUtils.java:getScmDbDir(145)) - ozone.scm.db.dirs is not configured. We recommend adding this setting. Falling back to ozone.metadata.dirs instead.
2019-10-10 18:44:35,978 [main] WARN  server.ServerUtils (ServerUtils.java:getScmDbDir(145)) - ozone.scm.db.dirs is not configured. We recommend adding this setting. Falling back to ozone.metadata.dirs instead.
2019-10-10 18:44:35,978 [main] INFO  db.DBStoreBuilder (DBStoreBuilder.java:addTable(117)) - using custom profile for table: deletedBlocks
2019-10-10 18:44:35,978 [main] INFO  db.DBStoreBuilder (DBStoreBuilder.java:processTables(168)) - Using default column profile:DBProfile.DISK for Table:deletedBlocks
2019-10-10 18:44:35,979 [main] INFO  db.DBStoreBuilder (DBStoreBuilder.java:addTable(117)) - using custom profile for table: validCerts
2019-10-10 18:44:35,979 [main] INFO  db.DBStoreBuilder (DBStoreBuilder.java:processTables(168)) - Using default column profile:DBProfile.DISK for Table:validCerts
2019-10-10 18:44:35,979 [main] INFO  db.DBStoreBuilder (DBStoreBuilder.java:addTable(117)) - using custom profile for table: revokedCerts
2019-10-10 18:44:35,979 [main] INFO  db.DBStoreBuilder (DBStoreBuilder.java:processTables(168)) - Using default column profile:DBProfile.DISK for Table:revokedCerts
2019-10-10 18:44:35,979 [main] INFO  db.DBStoreBuilder (DBStoreBuilder.java:addTable(117)) - using custom profile for table: default
2019-10-10 18:44:35,979 [main] INFO  db.DBStoreBuilder (DBStoreBuilder.java:processTables(174)) - Using default column profile:DBProfile.DISK for Table:default
2019-10-10 18:44:35,980 [main] INFO  db.DBStoreBuilder (DBStoreBuilder.java:getDbProfile(205)) - Using default options. DBProfile.DISK
2019-10-10 18:44:36,257 [main] INFO  net.NodeSchemaLoader (NodeSchemaLoader.java:loadSchemaFromFile(125)) - Loading file from sun.misc.CompoundEnumeration@1cf336fd
2019-10-10 18:44:36,257 [main] INFO  net.NodeSchemaLoader (NodeSchemaLoader.java:loadSchema(171)) - Loading network topology layer schema file
2019-10-10 18:44:36,262 [main] WARN  server.ServerUtils (ServerUtils.java:sanitizeUserArgs(70)) - ozone.scm.stale.node.interval value = 300000 is larger than max = 100000 based on the key value of ozone.scm.heartbeat.thread.interval, reset to the max value 100000.
2019-10-10 18:44:36,263 [main] WARN  server.ServerUtils (ServerUtils.java:sanitizeUserArgs(70)) - ozone.scm.stale.node.interval value = 300000 is larger than max = 100000 based on the key value of ozone.scm.heartbeat.thread.interval, reset to the max value 100000.
2019-10-10 18:44:36,263 [main] INFO  node.SCMNodeManager (SCMNodeManager.java:<init>(116)) - Entering startup safe mode.
2019-10-10 18:44:36,264 [main] INFO  algorithms.ContainerPlacementPolicyFactory (ContainerPlacementPolicyFactory.java:getPolicy(57)) - Create container placement policy of type org.apache.hadoop.hdds.scm.container.placement.algorithms.SCMContainerPlacementRandom
2019-10-10 18:44:36,264 [main] WARN  server.ServerUtils (ServerUtils.java:getScmDbDir(145)) - ozone.scm.db.dirs is not configured. We recommend adding this setting. Falling back to ozone.metadata.dirs instead.
2019-10-10 18:44:36,375 [main] INFO  pipeline.SCMPipelineManager (SCMPipelineManager.java:initializePipelineState(132)) - No pipeline exists in current db
2019-10-10 18:44:36,376 [main] WARN  server.ServerUtils (ServerUtils.java:getScmDbDir(145)) - ozone.scm.db.dirs is not configured. We recommend adding this setting. Falling back to ozone.metadata.dirs instead.
2019-10-10 18:44:36,502 [main] WARN  events.EventQueue (EventQueue.java:fireEvent(183)) - No event handler registered for event TypedEvent{payloadType=SafeModeStatus, name='SafeModeStatus'}
2019-10-10 18:44:36,503 [main] INFO  ipc.CallQueueManager (CallQueueManager.java:<init>(84)) - Using callQueue: class java.util.concurrent.LinkedBlockingQueue, queueCapacity: 2000, scheduler: class org.apache.hadoop.ipc.DefaultRpcScheduler, ipcBackoff: false.
2019-10-10 18:44:36,504 [Socket Reader #1 for port 41811] INFO  ipc.Server (Server.java:run(1074)) - Starting Socket Reader #1 for port 41811
2019-10-10 18:44:36,506 [main] INFO  ipc.CallQueueManager (CallQueueManager.java:<init>(84)) - Using callQueue: class java.util.concurrent.LinkedBlockingQueue, queueCapacity: 2000, scheduler: class org.apache.hadoop.ipc.DefaultRpcScheduler, ipcBackoff: false.
2019-10-10 18:44:36,506 [Socket Reader #1 for port 43413] INFO  ipc.Server (Server.java:run(1074)) - Starting Socket Reader #1 for port 43413
2019-10-10 18:44:36,508 [main] INFO  ipc.CallQueueManager (CallQueueManager.java:<init>(84)) - Using callQueue: class java.util.concurrent.LinkedBlockingQueue, queueCapacity: 2000, scheduler: class org.apache.hadoop.ipc.DefaultRpcScheduler, ipcBackoff: false.
2019-10-10 18:44:36,508 [Socket Reader #1 for port 41558] INFO  ipc.Server (Server.java:run(1074)) - Starting Socket Reader #1 for port 41558
2019-10-10 18:44:36,511 [main] INFO  hdfs.DFSUtil (DFSUtil.java:httpServerTemplateForNNAndJN(1641)) - Starting Web-server for scm at: http://0.0.0.0:0
2019-10-10 18:44:36,513 [main] INFO  server.AuthenticationFilter (AuthenticationFilter.java:constructSecretProvider(240)) - Unable to initialize FileSignerSecretProvider, falling back to use random secrets.
2019-10-10 18:44:36,513 [main] WARN  http.HttpRequestLog (HttpRequestLog.java:getRequestLog(97)) - Jetty request log can only be enabled using Log4j
2019-10-10 18:44:36,515 [main] INFO  http.HttpServer2 (HttpServer2.java:addGlobalFilter(975)) - Added global filter 'safety' (class=org.apache.hadoop.http.HttpServer2$QuotingInputFilter)
2019-10-10 18:44:36,516 [main] INFO  http.HttpServer2 (HttpServer2.java:addFilter(948)) - Added filter static_user_filter (class=org.apache.hadoop.http.lib.StaticUserWebFilter$StaticUserFilter) to context scm
2019-10-10 18:44:36,516 [main] INFO  http.HttpServer2 (HttpServer2.java:addFilter(958)) - Added filter static_user_filter (class=org.apache.hadoop.http.lib.StaticUserWebFilter$StaticUserFilter) to context logs
2019-10-10 18:44:36,516 [main] INFO  http.HttpServer2 (HttpServer2.java:addFilter(958)) - Added filter static_user_filter (class=org.apache.hadoop.http.lib.StaticUserWebFilter$StaticUserFilter) to context static
2019-10-10 18:44:36,518 [main] INFO  server.StorageContainerManager (StorageContainerManager.java:start(772)) - StorageContainerLocationProtocol RPC server is listening at /0.0.0.0:41558
2019-10-10 18:44:36,520 [main] WARN  impl.MetricsConfig (MetricsConfig.java:loadFirst(134)) - Cannot locate configuration: tried hadoop-metrics2-storagecontainermanager.properties,hadoop-metrics2.properties
2019-10-10 18:44:36,521 [main] INFO  impl.MetricsSystemImpl (MetricsSystemImpl.java:startTimer(374)) - Scheduled Metric snapshot period at 10 second(s).
2019-10-10 18:44:36,521 [main] INFO  impl.MetricsSystemImpl (MetricsSystemImpl.java:start(191)) - StorageContainerManager metrics system started
2019-10-10 18:44:36,535 [main] INFO  lib.Interns (Interns.java:removeEldestEntry(50)) - Metrics intern cache overflow at 2011 for MetricsSystem={MetricsSystem=MetricsInfoImpl{name=MetricsSystem, description=MetricsSystem}, MetricsSystem record=MetricsInfoImpl{name=MetricsSystem, description=MetricsSystem record}}
2019-10-10 18:44:36,544 [main] WARN  impl.MetricsSystemImpl (MetricsSystemImpl.java:register(276)) - Sink prometheus already exists!
2019-10-10 18:44:36,577 [main] INFO  server.SCMClientProtocolServer (SCMClientProtocolServer.java:start(159)) - RPC server for Client  is listening at /0.0.0.0:41558
2019-10-10 18:44:36,577 [IPC Server Responder] INFO  ipc.Server (Server.java:run(1314)) - IPC Server Responder: starting
2019-10-10 18:44:36,577 [IPC Server listener on 41558] INFO  ipc.Server (Server.java:run(1153)) - IPC Server listener on 41558: starting
2019-10-10 18:44:36,581 [main] INFO  server.StorageContainerManager (StorageContainerManager.java:start(782)) - ScmBlockLocationProtocol RPC server is listening at /0.0.0.0:43413
2019-10-10 18:44:36,581 [main] INFO  server.SCMBlockProtocolServer (SCMBlockProtocolServer.java:start(146)) - RPC server for Block Protocol is listening at /0.0.0.0:43413
2019-10-10 18:44:36,581 [IPC Server Responder] INFO  ipc.Server (Server.java:run(1314)) - IPC Server Responder: starting
2019-10-10 18:44:36,581 [IPC Server listener on 43413] INFO  ipc.Server (Server.java:run(1153)) - IPC Server listener on 43413: starting
2019-10-10 18:44:36,584 [main] INFO  server.StorageContainerManager (StorageContainerManager.java:start(786)) - ScmDatanodeProtocl RPC server is listening at /0.0.0.0:41811
2019-10-10 18:44:36,584 [main] INFO  server.SCMDatanodeProtocolServer (SCMDatanodeProtocolServer.java:start(169)) - RPC server for DataNodes is listening at /0.0.0.0:41811
2019-10-10 18:44:36,585 [IPC Server Responder] INFO  ipc.Server (Server.java:run(1314)) - IPC Server Responder: starting
2019-10-10 18:44:36,585 [IPC Server listener on 41811] INFO  ipc.Server (Server.java:run(1153)) - IPC Server listener on 41811: starting
2019-10-10 18:44:36,588 [main] INFO  http.HttpServer2 (HttpServer2.java:bindListener(1191)) - Jetty bound to port 45257
2019-10-10 18:44:36,588 [main] INFO  server.Server (Server.java:doStart(351)) - jetty-9.3.25.v20180904, build timestamp: 2018-09-04T21:11:46Z, git hash: 3ce520221d0240229c862b122d2b06c12a625732
2019-10-10 18:44:36,590 [main] INFO  handler.ContextHandler (ContextHandler.java:doStart(781)) - Started o.e.j.s.ServletContextHandler@50b0afd7{/logs,file:///workdir/hadoop-ozone/integration-test/target/log,AVAILABLE}
2019-10-10 18:44:36,590 [main] INFO  handler.ContextHandler (ContextHandler.java:doStart(781)) - Started o.e.j.s.ServletContextHandler@62765aec{/static,file:///workdir/hadoop-ozone/integration-test/target/test-classes/webapps/static,AVAILABLE}
2019-10-10 18:44:36,594 [main] INFO  handler.ContextHandler (ContextHandler.java:doStart(781)) - Started o.e.j.w.WebAppContext@31f295b6{/,file:///workdir/hadoop-ozone/integration-test/target/test-classes/webapps/scm/,AVAILABLE}{/scm}
2019-10-10 18:44:36,594 [main] INFO  server.AbstractConnector (AbstractConnector.java:doStart(278)) - Started ServerConnector@7a687d8d{HTTP/1.1,[http/1.1]}{0.0.0.0:45257}
2019-10-10 18:44:36,595 [main] INFO  server.Server (Server.java:doStart(419)) - Started @138743ms
2019-10-10 18:44:36,595 [main] WARN  impl.MetricsSystemImpl (MetricsSystemImpl.java:register(276)) - Sink prometheus already exists!
2019-10-10 18:44:36,596 [main] INFO  server.BaseHttpServer (BaseHttpServer.java:updateConnectorAddress(215)) - HTTP server of SCM is listening at http://0.0.0.0:45257
2019-10-10 18:44:36,597 [main] WARN  server.ServerUtils (ServerUtils.java:getDBPath(222)) - ozone.om.db.dirs is not configured. We recommend adding this setting. Falling back to ozone.metadata.dirs instead.
2019-10-10 18:44:36,598 [org.apache.hadoop.util.JvmPauseMonitor$Monitor@67eec8e1] INFO  util.JvmPauseMonitor (JvmPauseMonitor.java:run(188)) - Starting JVM pause monitor
2019-10-10 18:44:36,626 [main] INFO  ha.OMHANodeDetails (OMHANodeDetails.java:loadOMHAConfig(190)) - Configuration either no ozone.om.address set. Falling back to the default OM address /127.0.0.1:0
2019-10-10 18:44:36,626 [main] INFO  ha.OMHANodeDetails (OMHANodeDetails.java:getOMNodeDetails(220)) - OM Service ID is not set. Setting it to the default ID: omServiceIdDefault
2019-10-10 18:44:36,626 [main] WARN  server.ServerUtils (ServerUtils.java:getDBPath(222)) - ozone.om.db.dirs is not configured. We recommend adding this setting. Falling back to ozone.metadata.dirs instead.
2019-10-10 18:44:36,627 [main] WARN  server.ServerUtils (ServerUtils.java:getDBPath(222)) - ozone.om.db.dirs is not configured. We recommend adding this setting. Falling back to ozone.metadata.dirs instead.
2019-10-10 18:44:36,634 [main] WARN  server.ServerUtils (ServerUtils.java:getDBPath(222)) - ozone.om.db.dirs is not configured. We recommend adding this setting. Falling back to ozone.metadata.dirs instead.
2019-10-10 18:44:36,634 [main] INFO  db.DBStoreBuilder (DBStoreBuilder.java:addTable(117)) - using custom profile for table: userTable
2019-10-10 18:44:36,635 [main] INFO  db.DBStoreBuilder (DBStoreBuilder.java:processTables(168)) - Using default column profile:DBProfile.DISK for Table:userTable
2019-10-10 18:44:36,635 [main] INFO  db.DBStoreBuilder (DBStoreBuilder.java:addTable(117)) - using custom profile for table: volumeTable
2019-10-10 18:44:36,635 [main] INFO  db.DBStoreBuilder (DBStoreBuilder.java:processTables(168)) - Using default column profile:DBProfile.DISK for Table:volumeTable
2019-10-10 18:44:36,635 [main] INFO  db.DBStoreBuilder (DBStoreBuilder.java:addTable(117)) - using custom profile for table: bucketTable
2019-10-10 18:44:36,636 [main] INFO  db.DBStoreBuilder (DBStoreBuilder.java:processTables(168)) - Using default column profile:DBProfile.DISK for Table:bucketTable
2019-10-10 18:44:36,636 [main] INFO  db.DBStoreBuilder (DBStoreBuilder.java:addTable(117)) - using custom profile for table: keyTable
2019-10-10 18:44:36,636 [main] INFO  db.DBStoreBuilder (DBStoreBuilder.java:processTables(168)) - Using default column profile:DBProfile.DISK for Table:keyTable
2019-10-10 18:44:36,636 [main] INFO  db.DBStoreBuilder (DBStoreBuilder.java:addTable(117)) - using custom profile for table: deletedTable
2019-10-10 18:44:36,637 [main] INFO  db.DBStoreBuilder (DBStoreBuilder.java:processTables(168)) - Using default column profile:DBProfile.DISK for Table:deletedTable
2019-10-10 18:44:36,637 [main] INFO  db.DBStoreBuilder (DBStoreBuilder.java:addTable(117)) - using custom profile for table: openKeyTable
2019-10-10 18:44:36,637 [main] INFO  db.DBStoreBuilder (DBStoreBuilder.java:processTables(168)) - Using default column profile:DBProfile.DISK for Table:openKeyTable
2019-10-10 18:44:36,637 [main] INFO  db.DBStoreBuilder (DBStoreBuilder.java:addTable(117)) - using custom profile for table: s3Table
2019-10-10 18:44:36,637 [main] INFO  db.DBStoreBuilder (DBStoreBuilder.java:processTables(168)) - Using default column profile:DBProfile.DISK for Table:s3Table
2019-10-10 18:44:36,638 [main] INFO  db.DBStoreBuilder (DBStoreBuilder.java:addTable(117)) - using custom profile for table: multipartInfoTable
2019-10-10 18:44:36,638 [main] INFO  db.DBStoreBuilder (DBStoreBuilder.java:processTables(168)) - Using default column profile:DBProfile.DISK for Table:multipartInfoTable
2019-10-10 18:44:36,638 [main] INFO  db.DBStoreBuilder (DBStoreBuilder.java:addTable(117)) - using custom profile for table: dTokenTable
2019-10-10 18:44:36,638 [main] INFO  db.DBStoreBuilder (DBStoreBuilder.java:processTables(168)) - Using default column profile:DBProfile.DISK for Table:dTokenTable
2019-10-10 18:44:36,639 [main] INFO  db.DBStoreBuilder (DBStoreBuilder.java:addTable(117)) - using custom profile for table: s3SecretTable
2019-10-10 18:44:36,639 [main] INFO  db.DBStoreBuilder (DBStoreBuilder.java:processTables(168)) - Using default column profile:DBProfile.DISK for Table:s3SecretTable
2019-10-10 18:44:36,639 [main] INFO  db.DBStoreBuilder (DBStoreBuilder.java:addTable(117)) - using custom profile for table: prefixTable
2019-10-10 18:44:36,639 [main] INFO  db.DBStoreBuilder (DBStoreBuilder.java:processTables(168)) - Using default column profile:DBProfile.DISK for Table:prefixTable
2019-10-10 18:44:36,640 [main] INFO  db.DBStoreBuilder (DBStoreBuilder.java:addTable(117)) - using custom profile for table: default
2019-10-10 18:44:36,640 [main] INFO  db.DBStoreBuilder (DBStoreBuilder.java:processTables(174)) - Using default column profile:DBProfile.DISK for Table:default
2019-10-10 18:44:36,640 [main] INFO  db.DBStoreBuilder (DBStoreBuilder.java:getDbProfile(205)) - Using default options. DBProfile.DISK
2019-10-10 18:44:37,422 [main] INFO  ipc.CallQueueManager (CallQueueManager.java:<init>(84)) - Using callQueue: class java.util.concurrent.LinkedBlockingQueue, queueCapacity: 2000, scheduler: class org.apache.hadoop.ipc.DefaultRpcScheduler, ipcBackoff: false.
2019-10-10 18:44:37,422 [Socket Reader #1 for port 45219] INFO  ipc.Server (Server.java:run(1074)) - Starting Socket Reader #1 for port 45219
2019-10-10 18:44:37,439 [main] INFO  om.OzoneManager (OzoneManager.java:start(1071)) - OzoneManager RPC server is listening at localhost/127.0.0.1:45219
2019-10-10 18:44:37,439 [main] INFO  impl.MetricsSystemImpl (MetricsSystemImpl.java:init(158)) - OzoneManager metrics system started (again)
2019-10-10 18:44:37,443 [IPC Server Responder] INFO  ipc.Server (Server.java:run(1314)) - IPC Server Responder: starting
2019-10-10 18:44:37,443 [IPC Server listener on 45219] INFO  ipc.Server (Server.java:run(1153)) - IPC Server listener on 45219: starting
2019-10-10 18:44:37,450 [main] INFO  hdfs.DFSUtil (DFSUtil.java:httpServerTemplateForNNAndJN(1641)) - Starting Web-server for ozoneManager at: http://0.0.0.0:0
2019-10-10 18:44:37,454 [main] INFO  server.AuthenticationFilter (AuthenticationFilter.java:constructSecretProvider(240)) - Unable to initialize FileSignerSecretProvider, falling back to use random secrets.
2019-10-10 18:44:37,454 [main] WARN  http.HttpRequestLog (HttpRequestLog.java:getRequestLog(97)) - Jetty request log can only be enabled using Log4j
2019-10-10 18:44:37,456 [main] INFO  http.HttpServer2 (HttpServer2.java:addGlobalFilter(975)) - Added global filter 'safety' (class=org.apache.hadoop.http.HttpServer2$QuotingInputFilter)
2019-10-10 18:44:37,457 [main] INFO  http.HttpServer2 (HttpServer2.java:addFilter(948)) - Added filter static_user_filter (class=org.apache.hadoop.http.lib.StaticUserWebFilter$StaticUserFilter) to context ozoneManager
2019-10-10 18:44:37,457 [main] INFO  http.HttpServer2 (HttpServer2.java:addFilter(958)) - Added filter static_user_filter (class=org.apache.hadoop.http.lib.StaticUserWebFilter$StaticUserFilter) to context logs
2019-10-10 18:44:37,457 [main] INFO  http.HttpServer2 (HttpServer2.java:addFilter(958)) - Added filter static_user_filter (class=org.apache.hadoop.http.lib.StaticUserWebFilter$StaticUserFilter) to context static
2019-10-10 18:44:37,458 [main] INFO  http.HttpServer2 (HttpServer2.java:bindListener(1191)) - Jetty bound to port 38709
2019-10-10 18:44:37,458 [main] INFO  server.Server (Server.java:doStart(351)) - jetty-9.3.25.v20180904, build timestamp: 2018-09-04T21:11:46Z, git hash: 3ce520221d0240229c862b122d2b06c12a625732
2019-10-10 18:44:37,459 [main] INFO  handler.ContextHandler (ContextHandler.java:doStart(781)) - Started o.e.j.s.ServletContextHandler@77d381e6{/logs,file:///workdir/hadoop-ozone/integration-test/target/log,AVAILABLE}
2019-10-10 18:44:37,460 [main] INFO  handler.ContextHandler (ContextHandler.java:doStart(781)) - Started o.e.j.s.ServletContextHandler@3f6f3cc{/static,file:///workdir/hadoop-ozone/integration-test/target/test-classes/webapps/static,AVAILABLE}
2019-10-10 18:44:37,463 [main] INFO  handler.ContextHandler (ContextHandler.java:doStart(781)) - Started o.e.j.w.WebAppContext@7e15f4d4{/,file:///workdir/hadoop-ozone/integration-test/target/test-classes/webapps/ozoneManager/,AVAILABLE}{/ozoneManager}
2019-10-10 18:44:37,464 [main] INFO  server.AbstractConnector (AbstractConnector.java:doStart(278)) - Started ServerConnector@5a058be5{HTTP/1.1,[http/1.1]}{0.0.0.0:38709}
2019-10-10 18:44:37,466 [main] INFO  server.Server (Server.java:doStart(419)) - Started @139614ms
2019-10-10 18:44:37,466 [main] WARN  impl.MetricsSystemImpl (MetricsSystemImpl.java:register(276)) - Sink prometheus already exists!
2019-10-10 18:44:37,466 [main] INFO  server.BaseHttpServer (BaseHttpServer.java:updateConnectorAddress(215)) - HTTP server of OZONEMANAGER is listening at http://0.0.0.0:38709
2019-10-10 18:44:37,484 [main] INFO  impl.MetricsSystemImpl (MetricsSystemImpl.java:init(158)) - HddsDatanode metrics system started (again)
2019-10-10 18:44:37,486 [main] INFO  ozone.HddsDatanodeService (HddsDatanodeService.java:start(184)) - HddsDatanodeService host:pr-hdds-1986-hdr44-321838893 ip:192.168.164.239
2019-10-10 18:44:37,492 [main] INFO  volume.HddsVolume (HddsVolume.java:<init>(176)) - Creating Volume: /workdir/hadoop-ozone/integration-test/target/test-dir/MiniOzoneClusterImpl-1fa03064-cf3b-46b2-b55a-2e6b8b8c34ec/datanode-0/data/containers/hdds of  storage type : DISK and capacity : 1482555576320
2019-10-10 18:44:37,492 [main] INFO  volume.VolumeSet (VolumeSet.java:initializeVolumeSet(170)) - Added Volume : /workdir/hadoop-ozone/integration-test/target/test-dir/MiniOzoneClusterImpl-1fa03064-cf3b-46b2-b55a-2e6b8b8c34ec/datanode-0/data/containers/hdds to VolumeSet
2019-10-10 18:44:37,492 [main] INFO  volume.ThrottledAsyncChecker (ThrottledAsyncChecker.java:schedule(141)) - Scheduling a check for org.apache.hadoop.ozone.container.common.volume.HddsVolume@4b515eab
2019-10-10 18:44:37,493 [main] INFO  volume.HddsVolumeChecker (HddsVolumeChecker.java:checkAllVolumes(204)) - Scheduled health check for volume org.apache.hadoop.ozone.container.common.volume.HddsVolume@4b515eab
2019-10-10 18:44:37,509 [main] INFO  impl.RaftServerProxy (ConfUtils.java:logGet(43)) - raft.rpc.type = GRPC (default)
2019-10-10 18:44:37,509 [main] INFO  grpc.GrpcFactory (GrpcFactory.java:checkPooledByteBufAllocatorUseCacheForAllThreads(45)) - PERFORMANCE WARNING: useCacheForAllThreads is true that may cause Netty to create a lot garbage objects and, as a result, trigger GC.
	It is recommended to disable useCacheForAllThreads by setting -Dorg.apache.ratis.thirdparty.io.netty.allocator.useCacheForAllThreads=false in command line.
2019-10-10 18:44:37,509 [main] INFO  grpc.GrpcConfigKeys$Server (ConfUtils.java:logGet(43)) - raft.grpc.server.port = 0 (default)
2019-10-10 18:44:37,510 [main] INFO  server.GrpcService (ConfUtils.java:logGet(43)) - raft.grpc.message.size.max = 33570816 (custom)
2019-10-10 18:44:37,510 [main] INFO  server.RaftServerConfigKeys (ConfUtils.java:logGet(43)) - raft.server.log.appender.buffer.byte-limit = 33554432 (custom)
2019-10-10 18:44:37,510 [main] INFO  server.GrpcService (ConfUtils.java:logGet(43)) - raft.grpc.flow.control.window = 1MB (=1048576) (default)
2019-10-10 18:44:37,510 [main] INFO  server.RaftServerConfigKeys (ConfUtils.java:logGet(43)) - raft.server.rpc.request.timeout = 3000ms (default)
2019-10-10 18:44:37,511 [main] INFO  server.RaftServerConfigKeys (ConfUtils.java:logGet(43)) - raft.server.storage.dir = [/workdir/hadoop-ozone/integration-test/target/test-dir/MiniOzoneClusterImpl-1fa03064-cf3b-46b2-b55a-2e6b8b8c34ec/datanode-0/data/ratis] (custom)
2019-10-10 18:44:37,512 [main] INFO  hdfs.DFSUtil (DFSUtil.java:httpServerTemplateForNNAndJN(1641)) - Starting Web-server for hddsDatanode at: http://0.0.0.0:0
2019-10-10 18:44:37,514 [main] INFO  server.AuthenticationFilter (AuthenticationFilter.java:constructSecretProvider(240)) - Unable to initialize FileSignerSecretProvider, falling back to use random secrets.
2019-10-10 18:44:37,514 [main] WARN  http.HttpRequestLog (HttpRequestLog.java:getRequestLog(97)) - Jetty request log can only be enabled using Log4j
2019-10-10 18:44:37,516 [main] INFO  http.HttpServer2 (HttpServer2.java:addGlobalFilter(975)) - Added global filter 'safety' (class=org.apache.hadoop.http.HttpServer2$QuotingInputFilter)
2019-10-10 18:44:37,517 [main] INFO  http.HttpServer2 (HttpServer2.java:addFilter(948)) - Added filter static_user_filter (class=org.apache.hadoop.http.lib.StaticUserWebFilter$StaticUserFilter) to context hddsDatanode
2019-10-10 18:44:37,517 [main] INFO  http.HttpServer2 (HttpServer2.java:addFilter(958)) - Added filter static_user_filter (class=org.apache.hadoop.http.lib.StaticUserWebFilter$StaticUserFilter) to context logs
2019-10-10 18:44:37,517 [main] INFO  http.HttpServer2 (HttpServer2.java:addFilter(958)) - Added filter static_user_filter (class=org.apache.hadoop.http.lib.StaticUserWebFilter$StaticUserFilter) to context static
2019-10-10 18:44:37,518 [main] INFO  http.HttpServer2 (HttpServer2.java:bindListener(1191)) - Jetty bound to port 35299
2019-10-10 18:44:37,518 [main] INFO  server.Server (Server.java:doStart(351)) - jetty-9.3.25.v20180904, build timestamp: 2018-09-04T21:11:46Z, git hash: 3ce520221d0240229c862b122d2b06c12a625732
2019-10-10 18:44:37,519 [main] INFO  handler.ContextHandler (ContextHandler.java:doStart(781)) - Started o.e.j.s.ServletContextHandler@73c31181{/logs,file:///workdir/hadoop-ozone/integration-test/target/log,AVAILABLE}
2019-10-10 18:44:37,519 [main] INFO  handler.ContextHandler (ContextHandler.java:doStart(781)) - Started o.e.j.s.ServletContextHandler@4f486211{/static,jar:file:/home/user/.m2/repository/org/apache/hadoop/hadoop-hdds-container-service/0.5.0-SNAPSHOT/hadoop-hdds-container-service-0.5.0-SNAPSHOT.jar!/webapps/static,AVAILABLE}
2019-10-10 18:44:37,546 [main] INFO  handler.ContextHandler (ContextHandler.java:doStart(781)) - Started o.e.j.w.WebAppContext@6e829e50{/,file:///tmp/jetty-0.0.0.0-35299-hddsDatanode-_-any-5356288458250768207.dir/webapp/,AVAILABLE}{/hddsDatanode}
2019-10-10 18:44:37,547 [main] INFO  server.AbstractConnector (AbstractConnector.java:doStart(278)) - Started ServerConnector@4aa2877c{HTTP/1.1,[http/1.1]}{0.0.0.0:35299}
2019-10-10 18:44:37,548 [main] INFO  server.Server (Server.java:doStart(419)) - Started @139696ms
2019-10-10 18:44:37,548 [main] WARN  impl.MetricsSystemImpl (MetricsSystemImpl.java:register(276)) - Sink prometheus already exists!
2019-10-10 18:44:37,548 [main] INFO  server.BaseHttpServer (BaseHttpServer.java:updateConnectorAddress(215)) - HTTP server of HDDSDATANODE is listening at http://0.0.0.0:35299
2019-10-10 18:44:37,549 [main] INFO  impl.MetricsSystemImpl (MetricsSystemImpl.java:init(158)) - HddsDatanode metrics system started (again)
2019-10-10 18:44:37,551 [org.apache.hadoop.util.JvmPauseMonitor$Monitor@e9ca968] INFO  util.JvmPauseMonitor (JvmPauseMonitor.java:run(188)) - Starting JVM pause monitor
2019-10-10 18:44:37,552 [main] INFO  ozone.HddsDatanodeService (HddsDatanodeService.java:start(184)) - HddsDatanodeService host:pr-hdds-1986-hdr44-321838893 ip:192.168.164.239
2019-10-10 18:44:37,553 [Datanode State Machine Thread - 0] INFO  datanode.InitDatanodeState (InitDatanodeState.java:persistContainerDatanodeDetails(140)) - DatanodeDetails is persisted to /workdir/hadoop-ozone/integration-test/target/test-dir/MiniOzoneClusterImpl-1fa03064-cf3b-46b2-b55a-2e6b8b8c34ec/datanode-0/meta/datanode.id
2019-10-10 18:44:37,558 [main] INFO  volume.HddsVolume (HddsVolume.java:<init>(176)) - Creating Volume: /workdir/hadoop-ozone/integration-test/target/test-dir/MiniOzoneClusterImpl-1fa03064-cf3b-46b2-b55a-2e6b8b8c34ec/datanode-1/data/containers/hdds of  storage type : DISK and capacity : 1482555576320
2019-10-10 18:44:37,558 [main] INFO  volume.VolumeSet (VolumeSet.java:initializeVolumeSet(170)) - Added Volume : /workdir/hadoop-ozone/integration-test/target/test-dir/MiniOzoneClusterImpl-1fa03064-cf3b-46b2-b55a-2e6b8b8c34ec/datanode-1/data/containers/hdds to VolumeSet
2019-10-10 18:44:37,558 [main] INFO  volume.ThrottledAsyncChecker (ThrottledAsyncChecker.java:schedule(141)) - Scheduling a check for org.apache.hadoop.ozone.container.common.volume.HddsVolume@7412a438
2019-10-10 18:44:37,559 [main] INFO  volume.HddsVolumeChecker (HddsVolumeChecker.java:checkAllVolumes(204)) - Scheduled health check for volume org.apache.hadoop.ozone.container.common.volume.HddsVolume@7412a438
2019-10-10 18:44:37,572 [main] INFO  impl.RaftServerProxy (ConfUtils.java:logGet(43)) - raft.rpc.type = GRPC (default)
2019-10-10 18:44:37,572 [main] INFO  grpc.GrpcFactory (GrpcFactory.java:checkPooledByteBufAllocatorUseCacheForAllThreads(45)) - PERFORMANCE WARNING: useCacheForAllThreads is true that may cause Netty to create a lot garbage objects and, as a result, trigger GC.
	It is recommended to disable useCacheForAllThreads by setting -Dorg.apache.ratis.thirdparty.io.netty.allocator.useCacheForAllThreads=false in command line.
2019-10-10 18:44:37,572 [main] INFO  grpc.GrpcConfigKeys$Server (ConfUtils.java:logGet(43)) - raft.grpc.server.port = 0 (default)
2019-10-10 18:44:37,572 [main] INFO  server.GrpcService (ConfUtils.java:logGet(43)) - raft.grpc.message.size.max = 33570816 (custom)
2019-10-10 18:44:37,572 [main] INFO  server.RaftServerConfigKeys (ConfUtils.java:logGet(43)) - raft.server.log.appender.buffer.byte-limit = 33554432 (custom)
2019-10-10 18:44:37,572 [main] INFO  server.GrpcService (ConfUtils.java:logGet(43)) - raft.grpc.flow.control.window = 1MB (=1048576) (default)
2019-10-10 18:44:37,573 [main] INFO  server.RaftServerConfigKeys (ConfUtils.java:logGet(43)) - raft.server.rpc.request.timeout = 3000ms (default)
2019-10-10 18:44:37,573 [main] INFO  server.RaftServerConfigKeys (ConfUtils.java:logGet(43)) - raft.server.storage.dir = [/workdir/hadoop-ozone/integration-test/target/test-dir/MiniOzoneClusterImpl-1fa03064-cf3b-46b2-b55a-2e6b8b8c34ec/datanode-1/data/ratis] (custom)
2019-10-10 18:44:37,575 [main] INFO  hdfs.DFSUtil (DFSUtil.java:httpServerTemplateForNNAndJN(1641)) - Starting Web-server for hddsDatanode at: http://0.0.0.0:0
2019-10-10 18:44:37,576 [main] INFO  server.AuthenticationFilter (AuthenticationFilter.java:constructSecretProvider(240)) - Unable to initialize FileSignerSecretProvider, falling back to use random secrets.
2019-10-10 18:44:37,576 [main] WARN  http.HttpRequestLog (HttpRequestLog.java:getRequestLog(97)) - Jetty request log can only be enabled using Log4j
2019-10-10 18:44:37,578 [main] INFO  http.HttpServer2 (HttpServer2.java:addGlobalFilter(975)) - Added global filter 'safety' (class=org.apache.hadoop.http.HttpServer2$QuotingInputFilter)
2019-10-10 18:44:37,578 [main] INFO  http.HttpServer2 (HttpServer2.java:addFilter(948)) - Added filter static_user_filter (class=org.apache.hadoop.http.lib.StaticUserWebFilter$StaticUserFilter) to context hddsDatanode
2019-10-10 18:44:37,578 [main] INFO  http.HttpServer2 (HttpServer2.java:addFilter(958)) - Added filter static_user_filter (class=org.apache.hadoop.http.lib.StaticUserWebFilter$StaticUserFilter) to context static
2019-10-10 18:44:37,578 [main] INFO  http.HttpServer2 (HttpServer2.java:addFilter(958)) - Added filter static_user_filter (class=org.apache.hadoop.http.lib.StaticUserWebFilter$StaticUserFilter) to context logs
2019-10-10 18:44:37,579 [main] INFO  http.HttpServer2 (HttpServer2.java:bindListener(1191)) - Jetty bound to port 34485
2019-10-10 18:44:37,579 [main] INFO  server.Server (Server.java:doStart(351)) - jetty-9.3.25.v20180904, build timestamp: 2018-09-04T21:11:46Z, git hash: 3ce520221d0240229c862b122d2b06c12a625732
2019-10-10 18:44:37,581 [main] INFO  handler.ContextHandler (ContextHandler.java:doStart(781)) - Started o.e.j.s.ServletContextHandler@1e957e2f{/logs,file:///workdir/hadoop-ozone/integration-test/target/log,AVAILABLE}
2019-10-10 18:44:37,581 [main] INFO  handler.ContextHandler (ContextHandler.java:doStart(781)) - Started o.e.j.s.ServletContextHandler@3db432c2{/static,jar:file:/home/user/.m2/repository/org/apache/hadoop/hadoop-hdds-container-service/0.5.0-SNAPSHOT/hadoop-hdds-container-service-0.5.0-SNAPSHOT.jar!/webapps/static,AVAILABLE}
2019-10-10 18:44:37,609 [main] INFO  handler.ContextHandler (ContextHandler.java:doStart(781)) - Started o.e.j.w.WebAppContext@208205ed{/,file:///tmp/jetty-0.0.0.0-34485-hddsDatanode-_-any-4237222333628366254.dir/webapp/,AVAILABLE}{/hddsDatanode}
2019-10-10 18:44:37,610 [main] INFO  server.AbstractConnector (AbstractConnector.java:doStart(278)) - Started ServerConnector@73afe2b7{HTTP/1.1,[http/1.1]}{0.0.0.0:34485}
2019-10-10 18:44:37,611 [main] INFO  server.Server (Server.java:doStart(419)) - Started @139759ms
2019-10-10 18:44:37,611 [main] WARN  impl.MetricsSystemImpl (MetricsSystemImpl.java:register(276)) - Sink prometheus already exists!
2019-10-10 18:44:37,612 [main] INFO  server.BaseHttpServer (BaseHttpServer.java:updateConnectorAddress(215)) - HTTP server of HDDSDATANODE is listening at http://0.0.0.0:34485
2019-10-10 18:44:37,612 [main] INFO  impl.MetricsSystemImpl (MetricsSystemImpl.java:init(158)) - HddsDatanode metrics system started (again)
2019-10-10 18:44:37,615 [org.apache.hadoop.util.JvmPauseMonitor$Monitor@733a0228] INFO  util.JvmPauseMonitor (JvmPauseMonitor.java:run(188)) - Starting JVM pause monitor
2019-10-10 18:44:37,615 [main] INFO  ozone.HddsDatanodeService (HddsDatanodeService.java:start(184)) - HddsDatanodeService host:pr-hdds-1986-hdr44-321838893 ip:192.168.164.239
2019-10-10 18:44:37,617 [Datanode State Machine Thread - 0] INFO  datanode.InitDatanodeState (InitDatanodeState.java:persistContainerDatanodeDetails(140)) - DatanodeDetails is persisted to /workdir/hadoop-ozone/integration-test/target/test-dir/MiniOzoneClusterImpl-1fa03064-cf3b-46b2-b55a-2e6b8b8c34ec/datanode-1/meta/datanode.id
2019-10-10 18:44:37,621 [main] INFO  volume.HddsVolume (HddsVolume.java:<init>(176)) - Creating Volume: /workdir/hadoop-ozone/integration-test/target/test-dir/MiniOzoneClusterImpl-1fa03064-cf3b-46b2-b55a-2e6b8b8c34ec/datanode-2/data/containers/hdds of  storage type : DISK and capacity : 1482555576320
2019-10-10 18:44:37,621 [main] INFO  volume.VolumeSet (VolumeSet.java:initializeVolumeSet(170)) - Added Volume : /workdir/hadoop-ozone/integration-test/target/test-dir/MiniOzoneClusterImpl-1fa03064-cf3b-46b2-b55a-2e6b8b8c34ec/datanode-2/data/containers/hdds to VolumeSet
2019-10-10 18:44:37,621 [main] INFO  volume.ThrottledAsyncChecker (ThrottledAsyncChecker.java:schedule(141)) - Scheduling a check for org.apache.hadoop.ozone.container.common.volume.HddsVolume@e29f4f6
2019-10-10 18:44:37,622 [main] INFO  volume.HddsVolumeChecker (HddsVolumeChecker.java:checkAllVolumes(204)) - Scheduled health check for volume org.apache.hadoop.ozone.container.common.volume.HddsVolume@e29f4f6
2019-10-10 18:44:37,636 [main] INFO  impl.RaftServerProxy (ConfUtils.java:logGet(43)) - raft.rpc.type = GRPC (default)
2019-10-10 18:44:37,637 [main] INFO  grpc.GrpcFactory (GrpcFactory.java:checkPooledByteBufAllocatorUseCacheForAllThreads(45)) - PERFORMANCE WARNING: useCacheForAllThreads is true that may cause Netty to create a lot garbage objects and, as a result, trigger GC.
	It is recommended to disable useCacheForAllThreads by setting -Dorg.apache.ratis.thirdparty.io.netty.allocator.useCacheForAllThreads=false in command line.
2019-10-10 18:44:37,637 [main] INFO  grpc.GrpcConfigKeys$Server (ConfUtils.java:logGet(43)) - raft.grpc.server.port = 0 (default)
2019-10-10 18:44:37,637 [main] INFO  server.GrpcService (ConfUtils.java:logGet(43)) - raft.grpc.message.size.max = 33570816 (custom)
2019-10-10 18:44:37,637 [main] INFO  server.RaftServerConfigKeys (ConfUtils.java:logGet(43)) - raft.server.log.appender.buffer.byte-limit = 33554432 (custom)
2019-10-10 18:44:37,638 [main] INFO  server.GrpcService (ConfUtils.java:logGet(43)) - raft.grpc.flow.control.window = 1MB (=1048576) (default)
2019-10-10 18:44:37,638 [main] INFO  server.RaftServerConfigKeys (ConfUtils.java:logGet(43)) - raft.server.rpc.request.timeout = 3000ms (default)
2019-10-10 18:44:37,638 [main] INFO  server.RaftServerConfigKeys (ConfUtils.java:logGet(43)) - raft.server.storage.dir = [/workdir/hadoop-ozone/integration-test/target/test-dir/MiniOzoneClusterImpl-1fa03064-cf3b-46b2-b55a-2e6b8b8c34ec/datanode-2/data/ratis] (custom)
2019-10-10 18:44:37,640 [main] INFO  hdfs.DFSUtil (DFSUtil.java:httpServerTemplateForNNAndJN(1641)) - Starting Web-server for hddsDatanode at: http://0.0.0.0:0
2019-10-10 18:44:37,641 [main] INFO  server.AuthenticationFilter (AuthenticationFilter.java:constructSecretProvider(240)) - Unable to initialize FileSignerSecretProvider, falling back to use random secrets.
2019-10-10 18:44:37,641 [main] WARN  http.HttpRequestLog (HttpRequestLog.java:getRequestLog(97)) - Jetty request log can only be enabled using Log4j
2019-10-10 18:44:37,642 [main] INFO  http.HttpServer2 (HttpServer2.java:addGlobalFilter(975)) - Added global filter 'safety' (class=org.apache.hadoop.http.HttpServer2$QuotingInputFilter)
2019-10-10 18:44:37,643 [main] INFO  http.HttpServer2 (HttpServer2.java:addFilter(948)) - Added filter static_user_filter (class=org.apache.hadoop.http.lib.StaticUserWebFilter$StaticUserFilter) to context hddsDatanode
2019-10-10 18:44:37,643 [main] INFO  http.HttpServer2 (HttpServer2.java:addFilter(958)) - Added filter static_user_filter (class=org.apache.hadoop.http.lib.StaticUserWebFilter$StaticUserFilter) to context static
2019-10-10 18:44:37,643 [main] INFO  http.HttpServer2 (HttpServer2.java:addFilter(958)) - Added filter static_user_filter (class=org.apache.hadoop.http.lib.StaticUserWebFilter$StaticUserFilter) to context logs
2019-10-10 18:44:37,644 [main] INFO  http.HttpServer2 (HttpServer2.java:bindListener(1191)) - Jetty bound to port 39120
2019-10-10 18:44:37,644 [main] INFO  server.Server (Server.java:doStart(351)) - jetty-9.3.25.v20180904, build timestamp: 2018-09-04T21:11:46Z, git hash: 3ce520221d0240229c862b122d2b06c12a625732
2019-10-10 18:44:37,645 [main] INFO  handler.ContextHandler (ContextHandler.java:doStart(781)) - Started o.e.j.s.ServletContextHandler@c1050f2{/logs,file:///workdir/hadoop-ozone/integration-test/target/log,AVAILABLE}
2019-10-10 18:44:37,646 [main] INFO  handler.ContextHandler (ContextHandler.java:doStart(781)) - Started o.e.j.s.ServletContextHandler@738d37fc{/static,jar:file:/home/user/.m2/repository/org/apache/hadoop/hadoop-hdds-container-service/0.5.0-SNAPSHOT/hadoop-hdds-container-service-0.5.0-SNAPSHOT.jar!/webapps/static,AVAILABLE}
2019-10-10 18:44:37,700 [main] INFO  handler.ContextHandler (ContextHandler.java:doStart(781)) - Started o.e.j.w.WebAppContext@604d23fa{/,file:///tmp/jetty-0.0.0.0-39120-hddsDatanode-_-any-5580870395143029569.dir/webapp/,AVAILABLE}{/hddsDatanode}
2019-10-10 18:44:37,701 [main] INFO  server.AbstractConnector (AbstractConnector.java:doStart(278)) - Started ServerConnector@1cc8416a{HTTP/1.1,[http/1.1]}{0.0.0.0:39120}
2019-10-10 18:44:37,702 [main] INFO  server.Server (Server.java:doStart(419)) - Started @139850ms
2019-10-10 18:44:37,702 [main] WARN  impl.MetricsSystemImpl (MetricsSystemImpl.java:register(276)) - Sink prometheus already exists!
2019-10-10 18:44:37,703 [main] INFO  server.BaseHttpServer (BaseHttpServer.java:updateConnectorAddress(215)) - HTTP server of HDDSDATANODE is listening at http://0.0.0.0:39120
2019-10-10 18:44:37,703 [main] INFO  impl.MetricsSystemImpl (MetricsSystemImpl.java:init(158)) - HddsDatanode metrics system started (again)
2019-10-10 18:44:37,706 [main] INFO  ozone.HddsDatanodeService (HddsDatanodeService.java:start(184)) - HddsDatanodeService host:pr-hdds-1986-hdr44-321838893 ip:192.168.164.239
2019-10-10 18:44:37,706 [org.apache.hadoop.util.JvmPauseMonitor$Monitor@f21a172] INFO  util.JvmPauseMonitor (JvmPauseMonitor.java:run(188)) - Starting JVM pause monitor
2019-10-10 18:44:37,708 [Datanode State Machine Thread - 0] INFO  datanode.InitDatanodeState (InitDatanodeState.java:persistContainerDatanodeDetails(140)) - DatanodeDetails is persisted to /workdir/hadoop-ozone/integration-test/target/test-dir/MiniOzoneClusterImpl-1fa03064-cf3b-46b2-b55a-2e6b8b8c34ec/datanode-2/meta/datanode.id
2019-10-10 18:44:37,712 [main] INFO  volume.HddsVolume (HddsVolume.java:<init>(176)) - Creating Volume: /workdir/hadoop-ozone/integration-test/target/test-dir/MiniOzoneClusterImpl-1fa03064-cf3b-46b2-b55a-2e6b8b8c34ec/datanode-3/data/containers/hdds of  storage type : DISK and capacity : 1482555576320
2019-10-10 18:44:37,713 [main] INFO  volume.VolumeSet (VolumeSet.java:initializeVolumeSet(170)) - Added Volume : /workdir/hadoop-ozone/integration-test/target/test-dir/MiniOzoneClusterImpl-1fa03064-cf3b-46b2-b55a-2e6b8b8c34ec/datanode-3/data/containers/hdds to VolumeSet
2019-10-10 18:44:37,713 [main] INFO  volume.ThrottledAsyncChecker (ThrottledAsyncChecker.java:schedule(141)) - Scheduling a check for org.apache.hadoop.ozone.container.common.volume.HddsVolume@4dfe8b37
2019-10-10 18:44:37,713 [main] INFO  volume.HddsVolumeChecker (HddsVolumeChecker.java:checkAllVolumes(204)) - Scheduled health check for volume org.apache.hadoop.ozone.container.common.volume.HddsVolume@4dfe8b37
2019-10-10 18:44:37,745 [main] INFO  impl.RaftServerProxy (ConfUtils.java:logGet(43)) - raft.rpc.type = GRPC (default)
2019-10-10 18:44:37,745 [main] INFO  grpc.GrpcFactory (GrpcFactory.java:checkPooledByteBufAllocatorUseCacheForAllThreads(45)) - PERFORMANCE WARNING: useCacheForAllThreads is true that may cause Netty to create a lot garbage objects and, as a result, trigger GC.
	It is recommended to disable useCacheForAllThreads by setting -Dorg.apache.ratis.thirdparty.io.netty.allocator.useCacheForAllThreads=false in command line.
2019-10-10 18:44:37,745 [main] INFO  grpc.GrpcConfigKeys$Server (ConfUtils.java:logGet(43)) - raft.grpc.server.port = 0 (default)
2019-10-10 18:44:37,745 [main] INFO  server.GrpcService (ConfUtils.java:logGet(43)) - raft.grpc.message.size.max = 33570816 (custom)
2019-10-10 18:44:37,745 [main] INFO  server.RaftServerConfigKeys (ConfUtils.java:logGet(43)) - raft.server.log.appender.buffer.byte-limit = 33554432 (custom)
2019-10-10 18:44:37,746 [main] INFO  server.GrpcService (ConfUtils.java:logGet(43)) - raft.grpc.flow.control.window = 1MB (=1048576) (default)
2019-10-10 18:44:37,746 [main] INFO  server.RaftServerConfigKeys (ConfUtils.java:logGet(43)) - raft.server.rpc.request.timeout = 3000ms (default)
2019-10-10 18:44:37,746 [main] INFO  server.RaftServerConfigKeys (ConfUtils.java:logGet(43)) - raft.server.storage.dir = [/workdir/hadoop-ozone/integration-test/target/test-dir/MiniOzoneClusterImpl-1fa03064-cf3b-46b2-b55a-2e6b8b8c34ec/datanode-3/data/ratis] (custom)
2019-10-10 18:44:37,747 [main] INFO  hdfs.DFSUtil (DFSUtil.java:httpServerTemplateForNNAndJN(1641)) - Starting Web-server for hddsDatanode at: http://0.0.0.0:0
2019-10-10 18:44:37,748 [main] INFO  server.AuthenticationFilter (AuthenticationFilter.java:constructSecretProvider(240)) - Unable to initialize FileSignerSecretProvider, falling back to use random secrets.
2019-10-10 18:44:37,749 [main] WARN  http.HttpRequestLog (HttpRequestLog.java:getRequestLog(97)) - Jetty request log can only be enabled using Log4j
2019-10-10 18:44:37,750 [main] INFO  http.HttpServer2 (HttpServer2.java:addGlobalFilter(975)) - Added global filter 'safety' (class=org.apache.hadoop.http.HttpServer2$QuotingInputFilter)
2019-10-10 18:44:37,751 [main] INFO  http.HttpServer2 (HttpServer2.java:addFilter(948)) - Added filter static_user_filter (class=org.apache.hadoop.http.lib.StaticUserWebFilter$StaticUserFilter) to context hddsDatanode
2019-10-10 18:44:37,751 [main] INFO  http.HttpServer2 (HttpServer2.java:addFilter(958)) - Added filter static_user_filter (class=org.apache.hadoop.http.lib.StaticUserWebFilter$StaticUserFilter) to context logs
2019-10-10 18:44:37,751 [main] INFO  http.HttpServer2 (HttpServer2.java:addFilter(958)) - Added filter static_user_filter (class=org.apache.hadoop.http.lib.StaticUserWebFilter$StaticUserFilter) to context static
2019-10-10 18:44:37,752 [main] INFO  http.HttpServer2 (HttpServer2.java:bindListener(1191)) - Jetty bound to port 34375
2019-10-10 18:44:37,752 [main] INFO  server.Server (Server.java:doStart(351)) - jetty-9.3.25.v20180904, build timestamp: 2018-09-04T21:11:46Z, git hash: 3ce520221d0240229c862b122d2b06c12a625732
2019-10-10 18:44:37,753 [main] INFO  handler.ContextHandler (ContextHandler.java:doStart(781)) - Started o.e.j.s.ServletContextHandler@11c713b7{/logs,file:///workdir/hadoop-ozone/integration-test/target/log,AVAILABLE}
2019-10-10 18:44:37,784 [main] INFO  handler.ContextHandler (ContextHandler.java:doStart(781)) - Started o.e.j.s.ServletContextHandler@3fbe503c{/static,jar:file:/home/user/.m2/repository/org/apache/hadoop/hadoop-hdds-container-service/0.5.0-SNAPSHOT/hadoop-hdds-container-service-0.5.0-SNAPSHOT.jar!/webapps/static,AVAILABLE}
2019-10-10 18:44:37,814 [main] INFO  handler.ContextHandler (ContextHandler.java:doStart(781)) - Started o.e.j.w.WebAppContext@1980a3f{/,file:///tmp/jetty-0.0.0.0-34375-hddsDatanode-_-any-7519600922521949295.dir/webapp/,AVAILABLE}{/hddsDatanode}
2019-10-10 18:44:37,814 [main] INFO  server.AbstractConnector (AbstractConnector.java:doStart(278)) - Started ServerConnector@67f63d26{HTTP/1.1,[http/1.1]}{0.0.0.0:34375}
2019-10-10 18:44:37,816 [main] INFO  server.Server (Server.java:doStart(419)) - Started @139964ms
2019-10-10 18:44:37,816 [main] WARN  impl.MetricsSystemImpl (MetricsSystemImpl.java:register(276)) - Sink prometheus already exists!
2019-10-10 18:44:37,816 [main] INFO  server.BaseHttpServer (BaseHttpServer.java:updateConnectorAddress(215)) - HTTP server of HDDSDATANODE is listening at http://0.0.0.0:34375
2019-10-10 18:44:37,817 [main] INFO  impl.MetricsSystemImpl (MetricsSystemImpl.java:init(158)) - HddsDatanode metrics system started (again)
2019-10-10 18:44:37,820 [org.apache.hadoop.util.JvmPauseMonitor$Monitor@6581d6c8] INFO  util.JvmPauseMonitor (JvmPauseMonitor.java:run(188)) - Starting JVM pause monitor
2019-10-10 18:44:37,821 [main] INFO  ozone.HddsDatanodeService (HddsDatanodeService.java:start(184)) - HddsDatanodeService host:pr-hdds-1986-hdr44-321838893 ip:192.168.164.239
2019-10-10 18:44:37,821 [Datanode State Machine Thread - 0] INFO  datanode.InitDatanodeState (InitDatanodeState.java:persistContainerDatanodeDetails(140)) - DatanodeDetails is persisted to /workdir/hadoop-ozone/integration-test/target/test-dir/MiniOzoneClusterImpl-1fa03064-cf3b-46b2-b55a-2e6b8b8c34ec/datanode-3/meta/datanode.id
2019-10-10 18:44:37,830 [main] INFO  volume.HddsVolume (HddsVolume.java:<init>(176)) - Creating Volume: /workdir/hadoop-ozone/integration-test/target/test-dir/MiniOzoneClusterImpl-1fa03064-cf3b-46b2-b55a-2e6b8b8c34ec/datanode-4/data/containers/hdds of  storage type : DISK and capacity : 1482555576320
2019-10-10 18:44:37,830 [main] INFO  volume.VolumeSet (VolumeSet.java:initializeVolumeSet(170)) - Added Volume : /workdir/hadoop-ozone/integration-test/target/test-dir/MiniOzoneClusterImpl-1fa03064-cf3b-46b2-b55a-2e6b8b8c34ec/datanode-4/data/containers/hdds to VolumeSet
2019-10-10 18:44:37,830 [main] INFO  volume.ThrottledAsyncChecker (ThrottledAsyncChecker.java:schedule(141)) - Scheduling a check for org.apache.hadoop.ozone.container.common.volume.HddsVolume@ac91282
2019-10-10 18:44:37,831 [main] INFO  volume.HddsVolumeChecker (HddsVolumeChecker.java:checkAllVolumes(204)) - Scheduled health check for volume org.apache.hadoop.ozone.container.common.volume.HddsVolume@ac91282
2019-10-10 18:44:37,846 [main] INFO  impl.RaftServerProxy (ConfUtils.java:logGet(43)) - raft.rpc.type = GRPC (default)
2019-10-10 18:44:37,846 [main] INFO  grpc.GrpcFactory (GrpcFactory.java:checkPooledByteBufAllocatorUseCacheForAllThreads(45)) - PERFORMANCE WARNING: useCacheForAllThreads is true that may cause Netty to create a lot garbage objects and, as a result, trigger GC.
	It is recommended to disable useCacheForAllThreads by setting -Dorg.apache.ratis.thirdparty.io.netty.allocator.useCacheForAllThreads=false in command line.
2019-10-10 18:44:37,846 [main] INFO  grpc.GrpcConfigKeys$Server (ConfUtils.java:logGet(43)) - raft.grpc.server.port = 0 (default)
2019-10-10 18:44:37,847 [main] INFO  server.GrpcService (ConfUtils.java:logGet(43)) - raft.grpc.message.size.max = 33570816 (custom)
2019-10-10 18:44:37,847 [main] INFO  server.RaftServerConfigKeys (ConfUtils.java:logGet(43)) - raft.server.log.appender.buffer.byte-limit = 33554432 (custom)
2019-10-10 18:44:37,847 [main] INFO  server.GrpcService (ConfUtils.java:logGet(43)) - raft.grpc.flow.control.window = 1MB (=1048576) (default)
2019-10-10 18:44:37,847 [main] INFO  server.RaftServerConfigKeys (ConfUtils.java:logGet(43)) - raft.server.rpc.request.timeout = 3000ms (default)
2019-10-10 18:44:37,848 [main] INFO  server.RaftServerConfigKeys (ConfUtils.java:logGet(43)) - raft.server.storage.dir = [/workdir/hadoop-ozone/integration-test/target/test-dir/MiniOzoneClusterImpl-1fa03064-cf3b-46b2-b55a-2e6b8b8c34ec/datanode-4/data/ratis] (custom)
2019-10-10 18:44:37,850 [main] INFO  hdfs.DFSUtil (DFSUtil.java:httpServerTemplateForNNAndJN(1641)) - Starting Web-server for hddsDatanode at: http://0.0.0.0:0
2019-10-10 18:44:37,851 [main] INFO  server.AuthenticationFilter (AuthenticationFilter.java:constructSecretProvider(240)) - Unable to initialize FileSignerSecretProvider, falling back to use random secrets.
2019-10-10 18:44:37,851 [main] WARN  http.HttpRequestLog (HttpRequestLog.java:getRequestLog(97)) - Jetty request log can only be enabled using Log4j
2019-10-10 18:44:37,853 [main] INFO  http.HttpServer2 (HttpServer2.java:addGlobalFilter(975)) - Added global filter 'safety' (class=org.apache.hadoop.http.HttpServer2$QuotingInputFilter)
2019-10-10 18:44:37,854 [main] INFO  http.HttpServer2 (HttpServer2.java:addFilter(948)) - Added filter static_user_filter (class=org.apache.hadoop.http.lib.StaticUserWebFilter$StaticUserFilter) to context hddsDatanode
2019-10-10 18:44:37,854 [main] INFO  http.HttpServer2 (HttpServer2.java:addFilter(958)) - Added filter static_user_filter (class=org.apache.hadoop.http.lib.StaticUserWebFilter$StaticUserFilter) to context static
2019-10-10 18:44:37,854 [main] INFO  http.HttpServer2 (HttpServer2.java:addFilter(958)) - Added filter static_user_filter (class=org.apache.hadoop.http.lib.StaticUserWebFilter$StaticUserFilter) to context logs
2019-10-10 18:44:37,855 [main] INFO  http.HttpServer2 (HttpServer2.java:bindListener(1191)) - Jetty bound to port 46487
2019-10-10 18:44:37,855 [main] INFO  server.Server (Server.java:doStart(351)) - jetty-9.3.25.v20180904, build timestamp: 2018-09-04T21:11:46Z, git hash: 3ce520221d0240229c862b122d2b06c12a625732
2019-10-10 18:44:37,856 [main] INFO  handler.ContextHandler (ContextHandler.java:doStart(781)) - Started o.e.j.s.ServletContextHandler@b791a81{/logs,file:///workdir/hadoop-ozone/integration-test/target/log,AVAILABLE}
2019-10-10 18:44:37,857 [main] INFO  handler.ContextHandler (ContextHandler.java:doStart(781)) - Started o.e.j.s.ServletContextHandler@47b269c4{/static,jar:file:/home/user/.m2/repository/org/apache/hadoop/hadoop-hdds-container-service/0.5.0-SNAPSHOT/hadoop-hdds-container-service-0.5.0-SNAPSHOT.jar!/webapps/static,AVAILABLE}
2019-10-10 18:44:37,886 [main] INFO  handler.ContextHandler (ContextHandler.java:doStart(781)) - Started o.e.j.w.WebAppContext@7b2bf745{/,file:///tmp/jetty-0.0.0.0-46487-hddsDatanode-_-any-8432342320967832177.dir/webapp/,AVAILABLE}{/hddsDatanode}
2019-10-10 18:44:37,886 [main] INFO  server.AbstractConnector (AbstractConnector.java:doStart(278)) - Started ServerConnector@6fe595dc{HTTP/1.1,[http/1.1]}{0.0.0.0:46487}
2019-10-10 18:44:37,888 [main] INFO  server.Server (Server.java:doStart(419)) - Started @140036ms
2019-10-10 18:44:37,888 [main] WARN  impl.MetricsSystemImpl (MetricsSystemImpl.java:register(276)) - Sink prometheus already exists!
2019-10-10 18:44:37,889 [main] INFO  server.BaseHttpServer (BaseHttpServer.java:updateConnectorAddress(215)) - HTTP server of HDDSDATANODE is listening at http://0.0.0.0:46487
2019-10-10 18:44:37,889 [main] INFO  impl.MetricsSystemImpl (MetricsSystemImpl.java:init(158)) - HddsDatanode metrics system started (again)
2019-10-10 18:44:37,892 [org.apache.hadoop.util.JvmPauseMonitor$Monitor@1b1593dc] INFO  util.JvmPauseMonitor (JvmPauseMonitor.java:run(188)) - Starting JVM pause monitor
2019-10-10 18:44:37,893 [main] INFO  ozone.HddsDatanodeService (HddsDatanodeService.java:start(184)) - HddsDatanodeService host:pr-hdds-1986-hdr44-321838893 ip:192.168.164.239
2019-10-10 18:44:37,894 [Datanode State Machine Thread - 0] INFO  datanode.InitDatanodeState (InitDatanodeState.java:persistContainerDatanodeDetails(140)) - DatanodeDetails is persisted to /workdir/hadoop-ozone/integration-test/target/test-dir/MiniOzoneClusterImpl-1fa03064-cf3b-46b2-b55a-2e6b8b8c34ec/datanode-4/meta/datanode.id
2019-10-10 18:44:37,899 [main] INFO  volume.HddsVolume (HddsVolume.java:<init>(176)) - Creating Volume: /workdir/hadoop-ozone/integration-test/target/test-dir/MiniOzoneClusterImpl-1fa03064-cf3b-46b2-b55a-2e6b8b8c34ec/datanode-5/data/containers/hdds of  storage type : DISK and capacity : 1482555576320
2019-10-10 18:44:37,899 [main] INFO  volume.VolumeSet (VolumeSet.java:initializeVolumeSet(170)) - Added Volume : /workdir/hadoop-ozone/integration-test/target/test-dir/MiniOzoneClusterImpl-1fa03064-cf3b-46b2-b55a-2e6b8b8c34ec/datanode-5/data/containers/hdds to VolumeSet
2019-10-10 18:44:37,900 [main] INFO  volume.ThrottledAsyncChecker (ThrottledAsyncChecker.java:schedule(141)) - Scheduling a check for org.apache.hadoop.ozone.container.common.volume.HddsVolume@337a6d30
2019-10-10 18:44:37,900 [main] INFO  volume.HddsVolumeChecker (HddsVolumeChecker.java:checkAllVolumes(204)) - Scheduled health check for volume org.apache.hadoop.ozone.container.common.volume.HddsVolume@337a6d30
2019-10-10 18:44:37,915 [main] INFO  impl.RaftServerProxy (ConfUtils.java:logGet(43)) - raft.rpc.type = GRPC (default)
2019-10-10 18:44:37,915 [main] INFO  grpc.GrpcFactory (GrpcFactory.java:checkPooledByteBufAllocatorUseCacheForAllThreads(45)) - PERFORMANCE WARNING: useCacheForAllThreads is true that may cause Netty to create a lot garbage objects and, as a result, trigger GC.
	It is recommended to disable useCacheForAllThreads by setting -Dorg.apache.ratis.thirdparty.io.netty.allocator.useCacheForAllThreads=false in command line.
2019-10-10 18:44:37,915 [main] INFO  grpc.GrpcConfigKeys$Server (ConfUtils.java:logGet(43)) - raft.grpc.server.port = 0 (default)
2019-10-10 18:44:37,916 [main] INFO  server.GrpcService (ConfUtils.java:logGet(43)) - raft.grpc.message.size.max = 33570816 (custom)
2019-10-10 18:44:37,916 [main] INFO  server.RaftServerConfigKeys (ConfUtils.java:logGet(43)) - raft.server.log.appender.buffer.byte-limit = 33554432 (custom)
2019-10-10 18:44:37,916 [main] INFO  server.GrpcService (ConfUtils.java:logGet(43)) - raft.grpc.flow.control.window = 1MB (=1048576) (default)
2019-10-10 18:44:37,916 [main] INFO  server.RaftServerConfigKeys (ConfUtils.java:logGet(43)) - raft.server.rpc.request.timeout = 3000ms (default)
2019-10-10 18:44:37,916 [main] INFO  server.RaftServerConfigKeys (ConfUtils.java:logGet(43)) - raft.server.storage.dir = [/workdir/hadoop-ozone/integration-test/target/test-dir/MiniOzoneClusterImpl-1fa03064-cf3b-46b2-b55a-2e6b8b8c34ec/datanode-5/data/ratis] (custom)
2019-10-10 18:44:37,918 [main] INFO  hdfs.DFSUtil (DFSUtil.java:httpServerTemplateForNNAndJN(1641)) - Starting Web-server for hddsDatanode at: http://0.0.0.0:0
2019-10-10 18:44:37,919 [main] INFO  server.AuthenticationFilter (AuthenticationFilter.java:constructSecretProvider(240)) - Unable to initialize FileSignerSecretProvider, falling back to use random secrets.
2019-10-10 18:44:37,919 [main] WARN  http.HttpRequestLog (HttpRequestLog.java:getRequestLog(97)) - Jetty request log can only be enabled using Log4j
2019-10-10 18:44:37,920 [main] INFO  http.HttpServer2 (HttpServer2.java:addGlobalFilter(975)) - Added global filter 'safety' (class=org.apache.hadoop.http.HttpServer2$QuotingInputFilter)
2019-10-10 18:44:37,921 [main] INFO  http.HttpServer2 (HttpServer2.java:addFilter(948)) - Added filter static_user_filter (class=org.apache.hadoop.http.lib.StaticUserWebFilter$StaticUserFilter) to context hddsDatanode
2019-10-10 18:44:37,921 [main] INFO  http.HttpServer2 (HttpServer2.java:addFilter(958)) - Added filter static_user_filter (class=org.apache.hadoop.http.lib.StaticUserWebFilter$StaticUserFilter) to context static
2019-10-10 18:44:37,921 [main] INFO  http.HttpServer2 (HttpServer2.java:addFilter(958)) - Added filter static_user_filter (class=org.apache.hadoop.http.lib.StaticUserWebFilter$StaticUserFilter) to context logs
2019-10-10 18:44:37,921 [main] INFO  http.HttpServer2 (HttpServer2.java:bindListener(1191)) - Jetty bound to port 40544
2019-10-10 18:44:37,922 [main] INFO  server.Server (Server.java:doStart(351)) - jetty-9.3.25.v20180904, build timestamp: 2018-09-04T21:11:46Z, git hash: 3ce520221d0240229c862b122d2b06c12a625732
2019-10-10 18:44:37,923 [main] INFO  handler.ContextHandler (ContextHandler.java:doStart(781)) - Started o.e.j.s.ServletContextHandler@261bd7b{/logs,file:///workdir/hadoop-ozone/integration-test/target/log,AVAILABLE}
2019-10-10 18:44:37,924 [main] INFO  handler.ContextHandler (ContextHandler.java:doStart(781)) - Started o.e.j.s.ServletContextHandler@390037e7{/static,jar:file:/home/user/.m2/repository/org/apache/hadoop/hadoop-hdds-container-service/0.5.0-SNAPSHOT/hadoop-hdds-container-service-0.5.0-SNAPSHOT.jar!/webapps/static,AVAILABLE}
2019-10-10 18:44:37,955 [main] INFO  handler.ContextHandler (ContextHandler.java:doStart(781)) - Started o.e.j.w.WebAppContext@422ab737{/,file:///tmp/jetty-0.0.0.0-40544-hddsDatanode-_-any-6254556706304259578.dir/webapp/,AVAILABLE}{/hddsDatanode}
2019-10-10 18:44:37,956 [main] INFO  server.AbstractConnector (AbstractConnector.java:doStart(278)) - Started ServerConnector@3fe512d2{HTTP/1.1,[http/1.1]}{0.0.0.0:40544}
2019-10-10 18:44:37,959 [main] INFO  server.Server (Server.java:doStart(419)) - Started @140107ms
2019-10-10 18:44:37,959 [main] WARN  impl.MetricsSystemImpl (MetricsSystemImpl.java:register(276)) - Sink prometheus already exists!
2019-10-10 18:44:37,960 [main] INFO  server.BaseHttpServer (BaseHttpServer.java:updateConnectorAddress(215)) - HTTP server of HDDSDATANODE is listening at http://0.0.0.0:40544
2019-10-10 18:44:37,960 [main] INFO  impl.MetricsSystemImpl (MetricsSystemImpl.java:init(158)) - HddsDatanode metrics system started (again)
2019-10-10 18:44:37,964 [org.apache.hadoop.util.JvmPauseMonitor$Monitor@35a835ef] INFO  util.JvmPauseMonitor (JvmPauseMonitor.java:run(188)) - Starting JVM pause monitor
2019-10-10 18:44:37,965 [main] INFO  ozone.HddsDatanodeService (HddsDatanodeService.java:start(184)) - HddsDatanodeService host:pr-hdds-1986-hdr44-321838893 ip:192.168.164.239
2019-10-10 18:44:37,966 [Datanode State Machine Thread - 0] INFO  datanode.InitDatanodeState (InitDatanodeState.java:persistContainerDatanodeDetails(140)) - DatanodeDetails is persisted to /workdir/hadoop-ozone/integration-test/target/test-dir/MiniOzoneClusterImpl-1fa03064-cf3b-46b2-b55a-2e6b8b8c34ec/datanode-5/meta/datanode.id
2019-10-10 18:44:37,971 [main] INFO  volume.HddsVolume (HddsVolume.java:<init>(176)) - Creating Volume: /workdir/hadoop-ozone/integration-test/target/test-dir/MiniOzoneClusterImpl-1fa03064-cf3b-46b2-b55a-2e6b8b8c34ec/datanode-6/data/containers/hdds of  storage type : DISK and capacity : 1482555576320
2019-10-10 18:44:37,971 [main] INFO  volume.VolumeSet (VolumeSet.java:initializeVolumeSet(170)) - Added Volume : /workdir/hadoop-ozone/integration-test/target/test-dir/MiniOzoneClusterImpl-1fa03064-cf3b-46b2-b55a-2e6b8b8c34ec/datanode-6/data/containers/hdds to VolumeSet
2019-10-10 18:44:37,972 [main] INFO  volume.ThrottledAsyncChecker (ThrottledAsyncChecker.java:schedule(141)) - Scheduling a check for org.apache.hadoop.ozone.container.common.volume.HddsVolume@3946075
2019-10-10 18:44:37,972 [main] INFO  volume.HddsVolumeChecker (HddsVolumeChecker.java:checkAllVolumes(204)) - Scheduled health check for volume org.apache.hadoop.ozone.container.common.volume.HddsVolume@3946075
2019-10-10 18:44:37,986 [main] INFO  impl.RaftServerProxy (ConfUtils.java:logGet(43)) - raft.rpc.type = GRPC (default)
2019-10-10 18:44:37,986 [main] INFO  grpc.GrpcFactory (GrpcFactory.java:checkPooledByteBufAllocatorUseCacheForAllThreads(45)) - PERFORMANCE WARNING: useCacheForAllThreads is true that may cause Netty to create a lot garbage objects and, as a result, trigger GC.
	It is recommended to disable useCacheForAllThreads by setting -Dorg.apache.ratis.thirdparty.io.netty.allocator.useCacheForAllThreads=false in command line.
2019-10-10 18:44:37,986 [main] INFO  grpc.GrpcConfigKeys$Server (ConfUtils.java:logGet(43)) - raft.grpc.server.port = 0 (default)
2019-10-10 18:44:37,986 [main] INFO  server.GrpcService (ConfUtils.java:logGet(43)) - raft.grpc.message.size.max = 33570816 (custom)
2019-10-10 18:44:37,986 [main] INFO  server.RaftServerConfigKeys (ConfUtils.java:logGet(43)) - raft.server.log.appender.buffer.byte-limit = 33554432 (custom)
2019-10-10 18:44:37,987 [main] INFO  server.GrpcService (ConfUtils.java:logGet(43)) - raft.grpc.flow.control.window = 1MB (=1048576) (default)
2019-10-10 18:44:37,987 [main] INFO  server.RaftServerConfigKeys (ConfUtils.java:logGet(43)) - raft.server.rpc.request.timeout = 3000ms (default)
2019-10-10 18:44:37,987 [main] INFO  server.RaftServerConfigKeys (ConfUtils.java:logGet(43)) - raft.server.storage.dir = [/workdir/hadoop-ozone/integration-test/target/test-dir/MiniOzoneClusterImpl-1fa03064-cf3b-46b2-b55a-2e6b8b8c34ec/datanode-6/data/ratis] (custom)
2019-10-10 18:44:37,988 [main] INFO  hdfs.DFSUtil (DFSUtil.java:httpServerTemplateForNNAndJN(1641)) - Starting Web-server for hddsDatanode at: http://0.0.0.0:0
2019-10-10 18:44:37,989 [main] INFO  server.AuthenticationFilter (AuthenticationFilter.java:constructSecretProvider(240)) - Unable to initialize FileSignerSecretProvider, falling back to use random secrets.
2019-10-10 18:44:37,990 [main] WARN  http.HttpRequestLog (HttpRequestLog.java:getRequestLog(97)) - Jetty request log can only be enabled using Log4j
2019-10-10 18:44:37,991 [main] INFO  http.HttpServer2 (HttpServer2.java:addGlobalFilter(975)) - Added global filter 'safety' (class=org.apache.hadoop.http.HttpServer2$QuotingInputFilter)
2019-10-10 18:44:37,991 [main] INFO  http.HttpServer2 (HttpServer2.java:addFilter(948)) - Added filter static_user_filter (class=org.apache.hadoop.http.lib.StaticUserWebFilter$StaticUserFilter) to context hddsDatanode
2019-10-10 18:44:37,991 [main] INFO  http.HttpServer2 (HttpServer2.java:addFilter(958)) - Added filter static_user_filter (class=org.apache.hadoop.http.lib.StaticUserWebFilter$StaticUserFilter) to context logs
2019-10-10 18:44:37,992 [main] INFO  http.HttpServer2 (HttpServer2.java:addFilter(958)) - Added filter static_user_filter (class=org.apache.hadoop.http.lib.StaticUserWebFilter$StaticUserFilter) to context static
2019-10-10 18:44:37,992 [main] INFO  http.HttpServer2 (HttpServer2.java:bindListener(1191)) - Jetty bound to port 36633
2019-10-10 18:44:37,992 [main] INFO  server.Server (Server.java:doStart(351)) - jetty-9.3.25.v20180904, build timestamp: 2018-09-04T21:11:46Z, git hash: 3ce520221d0240229c862b122d2b06c12a625732
2019-10-10 18:44:37,994 [main] INFO  handler.ContextHandler (ContextHandler.java:doStart(781)) - Started o.e.j.s.ServletContextHandler@68ef01a5{/logs,file:///workdir/hadoop-ozone/integration-test/target/log,AVAILABLE}
2019-10-10 18:44:37,994 [main] INFO  handler.ContextHandler (ContextHandler.java:doStart(781)) - Started o.e.j.s.ServletContextHandler@186d8a71{/static,jar:file:/home/user/.m2/repository/org/apache/hadoop/hadoop-hdds-container-service/0.5.0-SNAPSHOT/hadoop-hdds-container-service-0.5.0-SNAPSHOT.jar!/webapps/static,AVAILABLE}
2019-10-10 18:44:38,020 [main] INFO  handler.ContextHandler (ContextHandler.java:doStart(781)) - Started o.e.j.w.WebAppContext@64763e49{/,file:///tmp/jetty-0.0.0.0-36633-hddsDatanode-_-any-4874408864047290504.dir/webapp/,AVAILABLE}{/hddsDatanode}
2019-10-10 18:44:38,021 [main] INFO  server.AbstractConnector (AbstractConnector.java:doStart(278)) - Started ServerConnector@23468512{HTTP/1.1,[http/1.1]}{0.0.0.0:36633}
2019-10-10 18:44:38,022 [main] INFO  server.Server (Server.java:doStart(419)) - Started @140170ms
2019-10-10 18:44:38,022 [main] WARN  impl.MetricsSystemImpl (MetricsSystemImpl.java:register(276)) - Sink prometheus already exists!
2019-10-10 18:44:38,023 [main] INFO  server.BaseHttpServer (BaseHttpServer.java:updateConnectorAddress(215)) - HTTP server of HDDSDATANODE is listening at http://0.0.0.0:36633
2019-10-10 18:44:38,023 [main] INFO  ozone.MiniOzoneClusterImpl (MiniOzoneClusterImpl.java:lambda$waitForClusterToBeReady$0(147)) - Waiting for cluster to be ready. Got 0 of 7 DN Heartbeats.
2019-10-10 18:44:38,024 [org.apache.hadoop.util.JvmPauseMonitor$Monitor@448c63a6] INFO  util.JvmPauseMonitor (JvmPauseMonitor.java:run(188)) - Starting JVM pause monitor
2019-10-10 18:44:38,026 [Datanode State Machine Thread - 0] INFO  datanode.InitDatanodeState (InitDatanodeState.java:persistContainerDatanodeDetails(140)) - DatanodeDetails is persisted to /workdir/hadoop-ozone/integration-test/target/test-dir/MiniOzoneClusterImpl-1fa03064-cf3b-46b2-b55a-2e6b8b8c34ec/datanode-6/meta/datanode.id
2019-10-10 18:44:39,024 [main] INFO  ozone.MiniOzoneClusterImpl (MiniOzoneClusterImpl.java:lambda$waitForClusterToBeReady$0(147)) - Waiting for cluster to be ready. Got 0 of 7 DN Heartbeats.
2019-10-10 18:44:39,584 [Datanode State Machine Thread - 0] INFO  ozoneimpl.OzoneContainer (OzoneContainer.java:start(213)) - Attempting to start container services.
2019-10-10 18:44:39,584 [Datanode State Machine Thread - 0] INFO  ozoneimpl.OzoneContainer (OzoneContainer.java:startContainerScrub(177)) - Background container scanner has been disabled.
2019-10-10 18:44:39,584 [Datanode State Machine Thread - 0] INFO  ratis.XceiverServerRatis (XceiverServerRatis.java:start(418)) - Starting XceiverServerRatis 56c7f49a-0896-472f-aa97-bf6ea0e1870f at port 0
2019-10-10 18:44:39,592 [Datanode State Machine Thread - 0] INFO  impl.RaftServerProxy (RaftServerProxy.java:lambda$start$3(299)) - 56c7f49a-0896-472f-aa97-bf6ea0e1870f: start RPC server
2019-10-10 18:44:39,596 [Datanode State Machine Thread - 0] INFO  server.GrpcService (GrpcService.java:startImpl(158)) - 56c7f49a-0896-472f-aa97-bf6ea0e1870f: GrpcService started, listening on 0.0.0.0/0.0.0.0:35548
2019-10-10 18:44:39,596 [Datanode State Machine Thread - 0] INFO  ratis.XceiverServerRatis (XceiverServerRatis.java:start(428)) - XceiverServerRatis 56c7f49a-0896-472f-aa97-bf6ea0e1870f is started using port 35548
2019-10-10 18:44:39,597 [Datanode State Machine Thread - 0] INFO  server.XceiverServerGrpc (XceiverServerGrpc.java:start(149)) - XceiverServerGrpc 56c7f49a-0896-472f-aa97-bf6ea0e1870f is started using port 39380
2019-10-10 18:44:39,640 [Datanode State Machine Thread - 0] INFO  ozoneimpl.OzoneContainer (OzoneContainer.java:start(213)) - Attempting to start container services.
2019-10-10 18:44:39,640 [Datanode State Machine Thread - 0] INFO  ozoneimpl.OzoneContainer (OzoneContainer.java:startContainerScrub(177)) - Background container scanner has been disabled.
2019-10-10 18:44:39,640 [Datanode State Machine Thread - 0] INFO  ratis.XceiverServerRatis (XceiverServerRatis.java:start(418)) - Starting XceiverServerRatis 1efb21a3-f684-468a-b169-b6be23b2e470 at port 0
2019-10-10 18:44:39,645 [Datanode State Machine Thread - 0] INFO  impl.RaftServerProxy (RaftServerProxy.java:lambda$start$3(299)) - 1efb21a3-f684-468a-b169-b6be23b2e470: start RPC server
2019-10-10 18:44:39,645 [Datanode State Machine Thread - 0] INFO  server.GrpcService (GrpcService.java:startImpl(158)) - 1efb21a3-f684-468a-b169-b6be23b2e470: GrpcService started, listening on 0.0.0.0/0.0.0.0:36030
2019-10-10 18:44:39,645 [Datanode State Machine Thread - 0] INFO  ratis.XceiverServerRatis (XceiverServerRatis.java:start(428)) - XceiverServerRatis 1efb21a3-f684-468a-b169-b6be23b2e470 is started using port 36030
2019-10-10 18:44:39,646 [Datanode State Machine Thread - 0] INFO  server.XceiverServerGrpc (XceiverServerGrpc.java:start(149)) - XceiverServerGrpc 1efb21a3-f684-468a-b169-b6be23b2e470 is started using port 38274
2019-10-10 18:44:39,733 [Datanode State Machine Thread - 0] INFO  ozoneimpl.OzoneContainer (OzoneContainer.java:start(213)) - Attempting to start container services.
2019-10-10 18:44:39,736 [Datanode State Machine Thread - 0] INFO  ozoneimpl.OzoneContainer (OzoneContainer.java:startContainerScrub(177)) - Background container scanner has been disabled.
2019-10-10 18:44:39,737 [Datanode State Machine Thread - 0] INFO  ratis.XceiverServerRatis (XceiverServerRatis.java:start(418)) - Starting XceiverServerRatis beaf6bb1-9637-4bc7-baee-c1d101cc238c at port 0
2019-10-10 18:44:39,743 [Datanode State Machine Thread - 0] INFO  impl.RaftServerProxy (RaftServerProxy.java:lambda$start$3(299)) - beaf6bb1-9637-4bc7-baee-c1d101cc238c: start RPC server
2019-10-10 18:44:39,746 [Datanode State Machine Thread - 0] INFO  server.GrpcService (GrpcService.java:startImpl(158)) - beaf6bb1-9637-4bc7-baee-c1d101cc238c: GrpcService started, listening on 0.0.0.0/0.0.0.0:36992
2019-10-10 18:44:39,746 [Datanode State Machine Thread - 0] INFO  ratis.XceiverServerRatis (XceiverServerRatis.java:start(428)) - XceiverServerRatis beaf6bb1-9637-4bc7-baee-c1d101cc238c is started using port 36992
2019-10-10 18:44:39,747 [Datanode State Machine Thread - 0] INFO  server.XceiverServerGrpc (XceiverServerGrpc.java:start(149)) - XceiverServerGrpc beaf6bb1-9637-4bc7-baee-c1d101cc238c is started using port 37831
2019-10-10 18:44:39,844 [Datanode State Machine Thread - 0] INFO  ozoneimpl.OzoneContainer (OzoneContainer.java:start(213)) - Attempting to start container services.
2019-10-10 18:44:39,845 [Datanode State Machine Thread - 0] INFO  ozoneimpl.OzoneContainer (OzoneContainer.java:startContainerScrub(177)) - Background container scanner has been disabled.
2019-10-10 18:44:39,845 [Datanode State Machine Thread - 0] INFO  ratis.XceiverServerRatis (XceiverServerRatis.java:start(418)) - Starting XceiverServerRatis 2c32d965-c177-4b43-8c46-b96c8e80bb09 at port 0
2019-10-10 18:44:39,851 [Datanode State Machine Thread - 0] INFO  impl.RaftServerProxy (RaftServerProxy.java:lambda$start$3(299)) - 2c32d965-c177-4b43-8c46-b96c8e80bb09: start RPC server
2019-10-10 18:44:39,855 [Datanode State Machine Thread - 0] INFO  server.GrpcService (GrpcService.java:startImpl(158)) - 2c32d965-c177-4b43-8c46-b96c8e80bb09: GrpcService started, listening on 0.0.0.0/0.0.0.0:38708
2019-10-10 18:44:39,855 [Datanode State Machine Thread - 0] INFO  ratis.XceiverServerRatis (XceiverServerRatis.java:start(428)) - XceiverServerRatis 2c32d965-c177-4b43-8c46-b96c8e80bb09 is started using port 38708
2019-10-10 18:44:39,857 [Datanode State Machine Thread - 0] INFO  server.XceiverServerGrpc (XceiverServerGrpc.java:start(149)) - XceiverServerGrpc 2c32d965-c177-4b43-8c46-b96c8e80bb09 is started using port 37335
2019-10-10 18:44:39,916 [Datanode State Machine Thread - 0] INFO  ozoneimpl.OzoneContainer (OzoneContainer.java:start(213)) - Attempting to start container services.
2019-10-10 18:44:39,916 [Datanode State Machine Thread - 0] INFO  ozoneimpl.OzoneContainer (OzoneContainer.java:startContainerScrub(177)) - Background container scanner has been disabled.
2019-10-10 18:44:39,916 [Datanode State Machine Thread - 0] INFO  ratis.XceiverServerRatis (XceiverServerRatis.java:start(418)) - Starting XceiverServerRatis 823d23b5-00e0-4fee-b1e9-a582b6d046c8 at port 0
2019-10-10 18:44:39,921 [Datanode State Machine Thread - 0] INFO  impl.RaftServerProxy (RaftServerProxy.java:lambda$start$3(299)) - 823d23b5-00e0-4fee-b1e9-a582b6d046c8: start RPC server
2019-10-10 18:44:39,922 [Datanode State Machine Thread - 0] INFO  server.GrpcService (GrpcService.java:startImpl(158)) - 823d23b5-00e0-4fee-b1e9-a582b6d046c8: GrpcService started, listening on 0.0.0.0/0.0.0.0:38322
2019-10-10 18:44:39,922 [Datanode State Machine Thread - 0] INFO  ratis.XceiverServerRatis (XceiverServerRatis.java:start(428)) - XceiverServerRatis 823d23b5-00e0-4fee-b1e9-a582b6d046c8 is started using port 38322
2019-10-10 18:44:39,922 [Datanode State Machine Thread - 0] INFO  server.XceiverServerGrpc (XceiverServerGrpc.java:start(149)) - XceiverServerGrpc 823d23b5-00e0-4fee-b1e9-a582b6d046c8 is started using port 38348
2019-10-10 18:44:39,989 [Datanode State Machine Thread - 0] INFO  ozoneimpl.OzoneContainer (OzoneContainer.java:start(213)) - Attempting to start container services.
2019-10-10 18:44:39,989 [Datanode State Machine Thread - 0] INFO  ozoneimpl.OzoneContainer (OzoneContainer.java:startContainerScrub(177)) - Background container scanner has been disabled.
2019-10-10 18:44:39,989 [Datanode State Machine Thread - 0] INFO  ratis.XceiverServerRatis (XceiverServerRatis.java:start(418)) - Starting XceiverServerRatis e9c0f5a8-5599-48bb-94de-cd77deadfadd at port 0
2019-10-10 18:44:39,994 [Datanode State Machine Thread - 0] INFO  impl.RaftServerProxy (RaftServerProxy.java:lambda$start$3(299)) - e9c0f5a8-5599-48bb-94de-cd77deadfadd: start RPC server
2019-10-10 18:44:39,995 [Datanode State Machine Thread - 0] INFO  server.GrpcService (GrpcService.java:startImpl(158)) - e9c0f5a8-5599-48bb-94de-cd77deadfadd: GrpcService started, listening on 0.0.0.0/0.0.0.0:33300
2019-10-10 18:44:39,995 [Datanode State Machine Thread - 0] INFO  ratis.XceiverServerRatis (XceiverServerRatis.java:start(428)) - XceiverServerRatis e9c0f5a8-5599-48bb-94de-cd77deadfadd is started using port 33300
2019-10-10 18:44:39,998 [Datanode State Machine Thread - 0] INFO  server.XceiverServerGrpc (XceiverServerGrpc.java:start(149)) - XceiverServerGrpc e9c0f5a8-5599-48bb-94de-cd77deadfadd is started using port 38860
2019-10-10 18:44:40,024 [main] INFO  ozone.MiniOzoneClusterImpl (MiniOzoneClusterImpl.java:lambda$waitForClusterToBeReady$0(147)) - Waiting for cluster to be ready. Got 0 of 7 DN Heartbeats.
2019-10-10 18:44:40,053 [Datanode State Machine Thread - 0] INFO  ozoneimpl.OzoneContainer (OzoneContainer.java:start(213)) - Attempting to start container services.
2019-10-10 18:44:40,053 [Datanode State Machine Thread - 0] INFO  ozoneimpl.OzoneContainer (OzoneContainer.java:startContainerScrub(177)) - Background container scanner has been disabled.
2019-10-10 18:44:40,053 [Datanode State Machine Thread - 0] INFO  ratis.XceiverServerRatis (XceiverServerRatis.java:start(418)) - Starting XceiverServerRatis a1caf04e-1cc8-4a5d-9c44-a3f497b61d5b at port 0
2019-10-10 18:44:40,060 [Datanode State Machine Thread - 0] INFO  impl.RaftServerProxy (RaftServerProxy.java:lambda$start$3(299)) - a1caf04e-1cc8-4a5d-9c44-a3f497b61d5b: start RPC server
2019-10-10 18:44:40,061 [Datanode State Machine Thread - 0] INFO  server.GrpcService (GrpcService.java:startImpl(158)) - a1caf04e-1cc8-4a5d-9c44-a3f497b61d5b: GrpcService started, listening on 0.0.0.0/0.0.0.0:37096
2019-10-10 18:44:40,061 [Datanode State Machine Thread - 0] INFO  ratis.XceiverServerRatis (XceiverServerRatis.java:start(428)) - XceiverServerRatis a1caf04e-1cc8-4a5d-9c44-a3f497b61d5b is started using port 37096
2019-10-10 18:44:40,073 [Datanode State Machine Thread - 0] INFO  server.XceiverServerGrpc (XceiverServerGrpc.java:start(149)) - XceiverServerGrpc a1caf04e-1cc8-4a5d-9c44-a3f497b61d5b is started using port 41203
2019-10-10 18:44:41,025 [main] INFO  ozone.MiniOzoneClusterImpl (MiniOzoneClusterImpl.java:lambda$waitForClusterToBeReady$0(147)) - Waiting for cluster to be ready. Got 0 of 7 DN Heartbeats.
2019-10-10 18:44:41,558 [IPC Server handler 5 on 41811] INFO  net.NetworkTopology (NetworkTopologyImpl.java:add(111)) - Added a new node: /default-rack/56c7f49a-0896-472f-aa97-bf6ea0e1870f
2019-10-10 18:44:41,561 [IPC Server handler 5 on 41811] INFO  node.SCMNodeManager (SCMNodeManager.java:register(268)) - Registered Data node : 56c7f49a-0896-472f-aa97-bf6ea0e1870f{ip: 192.168.164.239, host: pr-hdds-1986-hdr44-321838893, networkLocation: /default-rack, certSerialId: null}
2019-10-10 18:44:41,562 [EventQueue-NodeRegistrationContainerReportForDataNodeSafeModeRule] INFO  safemode.SCMSafeModeManager (DataNodeSafeModeRule.java:process(71)) - SCM in safe mode. 1 DataNodes registered, 1 required.
2019-10-10 18:44:41,568 [EventQueue-NodeRegistrationContainerReportForDataNodeSafeModeRule] INFO  safemode.SCMSafeModeManager (SCMSafeModeManager.java:validateSafeModeExitRules(177)) - ScmSafeModeManager, all rules are successfully validated
2019-10-10 18:44:41,569 [EventQueue-NodeRegistrationContainerReportForDataNodeSafeModeRule] INFO  safemode.SCMSafeModeManager (SCMSafeModeManager.java:exitSafeMode(193)) - SCM exiting safe mode.
2019-10-10 18:44:41,581 [grpc-default-executor-0] INFO  impl.RaftServerProxy (RaftServerProxy.java:addNew(89)) - 56c7f49a-0896-472f-aa97-bf6ea0e1870f: addNew group-323C8F1068D6:[56c7f49a-0896-472f-aa97-bf6ea0e1870f:192.168.164.239:35548] returns group-323C8F1068D6:java.util.concurrent.CompletableFuture@4f5e45fc[Not completed]
2019-10-10 18:44:41,584 [pool-207-thread-1] INFO  impl.RaftServerImpl (RaftServerImpl.java:<init>(95)) - 56c7f49a-0896-472f-aa97-bf6ea0e1870f: new RaftServerImpl for group-323C8F1068D6:[56c7f49a-0896-472f-aa97-bf6ea0e1870f:192.168.164.239:35548] with ContainerStateMachine:uninitialized
2019-10-10 18:44:41,586 [pool-207-thread-1] INFO  server.RaftServerConfigKeys (ConfUtils.java:logGet(43)) - raft.server.rpc.timeout.min = 5s (custom)
2019-10-10 18:44:41,586 [pool-207-thread-1] INFO  server.RaftServerConfigKeys (ConfUtils.java:logGet(43)) - raft.server.rpc.timeout.max = 5200ms (custom)
2019-10-10 18:44:41,586 [pool-207-thread-1] INFO  server.RaftServerConfigKeys (ConfUtils.java:logGet(43)) - raft.server.rpcslowness.timeout = 120s (custom)
2019-10-10 18:44:41,586 [pool-207-thread-1] INFO  server.RaftServerConfigKeys (ConfUtils.java:logGet(43)) - raft.server.sleep.deviation.threshold = 300 (default)
2019-10-10 18:44:41,586 [pool-207-thread-1] INFO  server.RaftServerConfigKeys (ConfUtils.java:logGet(43)) - raft.server.log.appender.install.snapshot.enabled = false (custom)
2019-10-10 18:44:41,587 [pool-207-thread-1] INFO  impl.RaftServerImpl (ServerState.java:<init>(103)) - 56c7f49a-0896-472f-aa97-bf6ea0e1870f@group-323C8F1068D6: ConfigurationManager, init=-1: [56c7f49a-0896-472f-aa97-bf6ea0e1870f:192.168.164.239:35548], old=null, confs=<EMPTY_MAP>
2019-10-10 18:44:41,587 [pool-207-thread-1] INFO  server.RaftServerConfigKeys (ConfUtils.java:logGet(43)) - raft.server.storage.dir = [/workdir/hadoop-ozone/integration-test/target/test-dir/MiniOzoneClusterImpl-1fa03064-cf3b-46b2-b55a-2e6b8b8c34ec/datanode-0/data/ratis] (custom)
2019-10-10 18:44:41,587 [pool-207-thread-1] INFO  server.RaftServerConfigKeys (ConfUtils.java:logGet(43)) - raft.server.log.corruption.policy = EXCEPTION (default)
2019-10-10 18:44:41,588 [pool-207-thread-1] INFO  storage.RaftStorageDirectory (RaftStorageDirectory.java:analyzeStorage(246)) - The storage directory /workdir/hadoop-ozone/integration-test/target/test-dir/MiniOzoneClusterImpl-1fa03064-cf3b-46b2-b55a-2e6b8b8c34ec/datanode-0/data/ratis/69797a12-07cc-4d1a-b707-323c8f1068d6 does not exist. Creating ...
2019-10-10 18:44:41,611 [pool-207-thread-1] INFO  storage.RaftStorageDirectory (RaftStorageDirectory.java:tryLock(328)) - Lock on /workdir/hadoop-ozone/integration-test/target/test-dir/MiniOzoneClusterImpl-1fa03064-cf3b-46b2-b55a-2e6b8b8c34ec/datanode-0/data/ratis/69797a12-07cc-4d1a-b707-323c8f1068d6/in_use.lock acquired by nodename 17270@pr-hdds-1986-hdr44-321838893
2019-10-10 18:44:41,617 [IPC Server handler 2 on 41811] INFO  net.NetworkTopology (NetworkTopologyImpl.java:add(111)) - Added a new node: /default-rack/1efb21a3-f684-468a-b169-b6be23b2e470
2019-10-10 18:44:41,617 [IPC Server handler 2 on 41811] INFO  node.SCMNodeManager (SCMNodeManager.java:register(268)) - Registered Data node : 1efb21a3-f684-468a-b169-b6be23b2e470{ip: 192.168.164.239, host: pr-hdds-1986-hdr44-321838893, networkLocation: /default-rack, certSerialId: null}
2019-10-10 18:44:41,635 [pool-207-thread-1] INFO  storage.RaftStorage (RaftStorage.java:format(84)) - Storage directory /workdir/hadoop-ozone/integration-test/target/test-dir/MiniOzoneClusterImpl-1fa03064-cf3b-46b2-b55a-2e6b8b8c34ec/datanode-0/data/ratis/69797a12-07cc-4d1a-b707-323c8f1068d6 has been successfully formatted.
2019-10-10 18:44:41,635 [pool-207-thread-1] INFO  ratis.ContainerStateMachine (ContainerStateMachine.java:loadSnapshot(231)) - group-323C8F1068D6: The snapshot info is null. Setting the last applied indexto:(t:0, i:~)
2019-10-10 18:44:41,635 [pool-207-thread-1] INFO  server.RaftServerConfigKeys (ConfUtils.java:logGet(43)) - raft.server.notification.no-leader.timeout = 120s (custom)
2019-10-10 18:44:41,636 [pool-207-thread-1] INFO  server.RaftServerConfigKeys (ConfUtils.java:logGet(43)) - raft.server.log.use.memory = false (default)
2019-10-10 18:44:41,636 [pool-207-thread-1] INFO  server.RaftServerConfigKeys (ConfUtils.java:logGet(43)) - raft.server.log.purge.gap = 1000000 (custom)
2019-10-10 18:44:41,636 [pool-207-thread-1] INFO  server.RaftServerConfigKeys (ConfUtils.java:logGet(43)) - raft.server.log.appender.buffer.byte-limit = 33554432 (custom)
2019-10-10 18:44:41,636 [pool-207-thread-1] INFO  server.RaftServerConfigKeys (ConfUtils.java:logGet(43)) - raft.server.log.segment.size.max = 1048576 (custom)
2019-10-10 18:44:41,639 [pool-207-thread-1] INFO  server.RaftServerConfigKeys (ConfUtils.java:logGet(43)) - raft.server.log.segment.cache.num.max = 2 (custom)
2019-10-10 18:44:41,639 [pool-207-thread-1] INFO  segmented.SegmentedRaftLogWorker (SegmentedRaftLogWorker.java:<init>(173)) - new 56c7f49a-0896-472f-aa97-bf6ea0e1870f@group-323C8F1068D6-SegmentedRaftLogWorker for RaftStorage:Storage Directory /workdir/hadoop-ozone/integration-test/target/test-dir/MiniOzoneClusterImpl-1fa03064-cf3b-46b2-b55a-2e6b8b8c34ec/datanode-0/data/ratis/69797a12-07cc-4d1a-b707-323c8f1068d6
2019-10-10 18:44:41,639 [pool-207-thread-1] INFO  server.RaftServerConfigKeys (ConfUtils.java:logGet(43)) - raft.server.log.queue.byte-limit = 2147483647 (custom)
2019-10-10 18:44:41,639 [pool-207-thread-1] INFO  server.RaftServerConfigKeys (ConfUtils.java:logGet(43)) - raft.server.log.queue.element-limit = 1024 (custom)
2019-10-10 18:44:41,639 [pool-207-thread-1] INFO  server.RaftServerConfigKeys (ConfUtils.java:logGet(43)) - raft.server.log.segment.size.max = 1048576 (custom)
2019-10-10 18:44:41,640 [pool-207-thread-1] INFO  server.RaftServerConfigKeys (ConfUtils.java:logGet(43)) - raft.server.log.preallocated.size = 16384 (custom)
2019-10-10 18:44:41,640 [pool-207-thread-1] INFO  server.RaftServerConfigKeys (ConfUtils.java:logGet(43)) - raft.server.log.write.buffer.size = 33554432 (custom)
2019-10-10 18:44:41,640 [pool-207-thread-1] INFO  server.RaftServerConfigKeys (ConfUtils.java:logGet(43)) - raft.server.log.force.sync.num = 128 (default)
2019-10-10 18:44:41,640 [pool-207-thread-1] INFO  server.RaftServerConfigKeys (ConfUtils.java:logGet(43)) - raft.server.log.statemachine.data.sync = true (default)
2019-10-10 18:44:41,640 [pool-207-thread-1] INFO  server.RaftServerConfigKeys (ConfUtils.java:logGet(43)) - raft.server.log.statemachine.data.sync.timeout = 10s (default)
2019-10-10 18:44:41,640 [pool-207-thread-1] INFO  server.RaftServerConfigKeys (ConfUtils.java:logGet(43)) - raft.server.log.statemachine.data.sync.timeout.retry = -1 (default)
2019-10-10 18:44:41,641 [pool-207-thread-1] INFO  server.RaftServerConfigKeys (ConfUtils.java:logGet(43)) - raft.server.log.statemachine.data.caching.enabled = true (custom)
2019-10-10 18:44:41,641 [pool-207-thread-1] INFO  segmented.SegmentedRaftLogWorker (SegmentedRaftLogWorker.java:lambda$new$0(128)) - 56c7f49a-0896-472f-aa97-bf6ea0e1870f@group-323C8F1068D6-SegmentedRaftLogWorker: flushIndex: setUnconditionally 0 -> -1
2019-10-10 18:44:41,641 [pool-207-thread-1] INFO  server.RaftServerConfigKeys (ConfUtils.java:logGet(43)) - raft.server.snapshot.auto.trigger.enabled = true (custom)
2019-10-10 18:44:41,642 [pool-207-thread-1] INFO  server.RaftServerConfigKeys (ConfUtils.java:logGet(43)) - raft.server.snapshot.auto.trigger.threshold = 10000 (custom)
2019-10-10 18:44:41,642 [pool-207-thread-1] INFO  server.RaftServerConfigKeys (ConfUtils.java:logGet(43)) - raft.server.snapshot.retention.file.num = 5 (custom)
2019-10-10 18:44:41,642 [pool-207-thread-1] INFO  server.RaftServerConfigKeys (ConfUtils.java:logGet(43)) - raft.server.retrycache.expirytime = 600000ms (custom)
2019-10-10 18:44:41,644 [pool-207-thread-1] INFO  impl.RaftServerImpl (RaftServerImpl.java:start(181)) - 56c7f49a-0896-472f-aa97-bf6ea0e1870f@group-323C8F1068D6: start as a follower, conf=-1: [56c7f49a-0896-472f-aa97-bf6ea0e1870f:192.168.164.239:35548], old=null
2019-10-10 18:44:41,644 [pool-207-thread-1] INFO  impl.RaftServerImpl (RaftServerImpl.java:setRole(170)) - 56c7f49a-0896-472f-aa97-bf6ea0e1870f@group-323C8F1068D6: changes role from      null to FOLLOWER at term 0 for startAsFollower
2019-10-10 18:44:41,644 [pool-207-thread-1] INFO  impl.RoleInfo (RoleInfo.java:updateAndGet(143)) - 56c7f49a-0896-472f-aa97-bf6ea0e1870f: start FollowerState
2019-10-10 18:44:41,645 [pool-207-thread-1] INFO  util.JmxRegister (JmxRegister.java:tryRegister(44)) - Successfully registered JMX Bean with object name Ratis:service=RaftServer,group=group-323C8F1068D6,id=56c7f49a-0896-472f-aa97-bf6ea0e1870f
2019-10-10 18:44:41,666 [RatisPipelineUtilsThread] INFO  pipeline.PipelineStateManager (PipelineStateManager.java:addPipeline(56)) - Created pipeline Pipeline[ Id: 69797a12-07cc-4d1a-b707-323c8f1068d6, Nodes: 56c7f49a-0896-472f-aa97-bf6ea0e1870f{ip: 192.168.164.239, host: pr-hdds-1986-hdr44-321838893, networkLocation: /default-rack, certSerialId: null}, Type:RATIS, Factor:ONE, State:OPEN]
2019-10-10 18:44:41,683 [grpc-default-executor-0] INFO  impl.RaftServerProxy (RaftServerProxy.java:addNew(89)) - 1efb21a3-f684-468a-b169-b6be23b2e470: addNew group-B911F45CEAFE:[1efb21a3-f684-468a-b169-b6be23b2e470:192.168.164.239:36030] returns group-B911F45CEAFE:java.util.concurrent.CompletableFuture@113672fb[Not completed]
2019-10-10 18:44:41,684 [pool-217-thread-1] INFO  impl.RaftServerImpl (RaftServerImpl.java:<init>(95)) - 1efb21a3-f684-468a-b169-b6be23b2e470: new RaftServerImpl for group-B911F45CEAFE:[1efb21a3-f684-468a-b169-b6be23b2e470:192.168.164.239:36030] with ContainerStateMachine:uninitialized
2019-10-10 18:44:41,684 [pool-217-thread-1] INFO  server.RaftServerConfigKeys (ConfUtils.java:logGet(43)) - raft.server.rpc.timeout.min = 5s (custom)
2019-10-10 18:44:41,684 [pool-217-thread-1] INFO  server.RaftServerConfigKeys (ConfUtils.java:logGet(43)) - raft.server.rpc.timeout.max = 5200ms (custom)
2019-10-10 18:44:41,684 [pool-217-thread-1] INFO  server.RaftServerConfigKeys (ConfUtils.java:logGet(43)) - raft.server.rpcslowness.timeout = 120s (custom)
2019-10-10 18:44:41,685 [pool-217-thread-1] INFO  server.RaftServerConfigKeys (ConfUtils.java:logGet(43)) - raft.server.sleep.deviation.threshold = 300 (default)
2019-10-10 18:44:41,685 [pool-217-thread-1] INFO  server.RaftServerConfigKeys (ConfUtils.java:logGet(43)) - raft.server.log.appender.install.snapshot.enabled = false (custom)
2019-10-10 18:44:41,685 [pool-217-thread-1] INFO  impl.RaftServerImpl (ServerState.java:<init>(103)) - 1efb21a3-f684-468a-b169-b6be23b2e470@group-B911F45CEAFE: ConfigurationManager, init=-1: [1efb21a3-f684-468a-b169-b6be23b2e470:192.168.164.239:36030], old=null, confs=<EMPTY_MAP>
2019-10-10 18:44:41,685 [pool-217-thread-1] INFO  server.RaftServerConfigKeys (ConfUtils.java:logGet(43)) - raft.server.storage.dir = [/workdir/hadoop-ozone/integration-test/target/test-dir/MiniOzoneClusterImpl-1fa03064-cf3b-46b2-b55a-2e6b8b8c34ec/datanode-1/data/ratis] (custom)
2019-10-10 18:44:41,685 [pool-217-thread-1] INFO  server.RaftServerConfigKeys (ConfUtils.java:logGet(43)) - raft.server.log.corruption.policy = EXCEPTION (default)
2019-10-10 18:44:41,686 [pool-217-thread-1] INFO  storage.RaftStorageDirectory (RaftStorageDirectory.java:analyzeStorage(246)) - The storage directory /workdir/hadoop-ozone/integration-test/target/test-dir/MiniOzoneClusterImpl-1fa03064-cf3b-46b2-b55a-2e6b8b8c34ec/datanode-1/data/ratis/02dc72a8-479d-47d9-a7c3-b911f45ceafe does not exist. Creating ...
2019-10-10 18:44:41,709 [IPC Server handler 1 on 41811] INFO  net.NetworkTopology (NetworkTopologyImpl.java:add(111)) - Added a new node: /default-rack/beaf6bb1-9637-4bc7-baee-c1d101cc238c
2019-10-10 18:44:41,709 [IPC Server handler 1 on 41811] INFO  node.SCMNodeManager (SCMNodeManager.java:register(268)) - Registered Data node : beaf6bb1-9637-4bc7-baee-c1d101cc238c{ip: 192.168.164.239, host: pr-hdds-1986-hdr44-321838893, networkLocation: /default-rack, certSerialId: null}
2019-10-10 18:44:41,709 [pool-217-thread-1] INFO  storage.RaftStorageDirectory (RaftStorageDirectory.java:tryLock(328)) - Lock on /workdir/hadoop-ozone/integration-test/target/test-dir/MiniOzoneClusterImpl-1fa03064-cf3b-46b2-b55a-2e6b8b8c34ec/datanode-1/data/ratis/02dc72a8-479d-47d9-a7c3-b911f45ceafe/in_use.lock acquired by nodename 17270@pr-hdds-1986-hdr44-321838893
2019-10-10 18:44:41,732 [pool-217-thread-1] INFO  storage.RaftStorage (RaftStorage.java:format(84)) - Storage directory /workdir/hadoop-ozone/integration-test/target/test-dir/MiniOzoneClusterImpl-1fa03064-cf3b-46b2-b55a-2e6b8b8c34ec/datanode-1/data/ratis/02dc72a8-479d-47d9-a7c3-b911f45ceafe has been successfully formatted.
2019-10-10 18:44:41,732 [pool-217-thread-1] INFO  ratis.ContainerStateMachine (ContainerStateMachine.java:loadSnapshot(231)) - group-B911F45CEAFE: The snapshot info is null. Setting the last applied indexto:(t:0, i:~)
2019-10-10 18:44:41,732 [pool-217-thread-1] INFO  server.RaftServerConfigKeys (ConfUtils.java:logGet(43)) - raft.server.notification.no-leader.timeout = 120s (custom)
2019-10-10 18:44:41,733 [pool-217-thread-1] INFO  server.RaftServerConfigKeys (ConfUtils.java:logGet(43)) - raft.server.log.use.memory = false (default)
2019-10-10 18:44:41,733 [pool-217-thread-1] INFO  server.RaftServerConfigKeys (ConfUtils.java:logGet(43)) - raft.server.log.purge.gap = 1000000 (custom)
2019-10-10 18:44:41,733 [pool-217-thread-1] INFO  server.RaftServerConfigKeys (ConfUtils.java:logGet(43)) - raft.server.log.appender.buffer.byte-limit = 33554432 (custom)
2019-10-10 18:44:41,733 [pool-217-thread-1] INFO  server.RaftServerConfigKeys (ConfUtils.java:logGet(43)) - raft.server.log.segment.size.max = 1048576 (custom)
2019-10-10 18:44:41,734 [pool-217-thread-1] INFO  server.RaftServerConfigKeys (ConfUtils.java:logGet(43)) - raft.server.log.segment.cache.num.max = 2 (custom)
2019-10-10 18:44:41,735 [pool-217-thread-1] INFO  segmented.SegmentedRaftLogWorker (SegmentedRaftLogWorker.java:<init>(173)) - new 1efb21a3-f684-468a-b169-b6be23b2e470@group-B911F45CEAFE-SegmentedRaftLogWorker for RaftStorage:Storage Directory /workdir/hadoop-ozone/integration-test/target/test-dir/MiniOzoneClusterImpl-1fa03064-cf3b-46b2-b55a-2e6b8b8c34ec/datanode-1/data/ratis/02dc72a8-479d-47d9-a7c3-b911f45ceafe
2019-10-10 18:44:41,735 [pool-217-thread-1] INFO  server.RaftServerConfigKeys (ConfUtils.java:logGet(43)) - raft.server.log.queue.byte-limit = 2147483647 (custom)
2019-10-10 18:44:41,735 [pool-217-thread-1] INFO  server.RaftServerConfigKeys (ConfUtils.java:logGet(43)) - raft.server.log.queue.element-limit = 1024 (custom)
2019-10-10 18:44:41,735 [pool-217-thread-1] INFO  server.RaftServerConfigKeys (ConfUtils.java:logGet(43)) - raft.server.log.segment.size.max = 1048576 (custom)
2019-10-10 18:44:41,735 [pool-217-thread-1] INFO  server.RaftServerConfigKeys (ConfUtils.java:logGet(43)) - raft.server.log.preallocated.size = 16384 (custom)
2019-10-10 18:44:41,735 [pool-217-thread-1] INFO  server.RaftServerConfigKeys (ConfUtils.java:logGet(43)) - raft.server.log.write.buffer.size = 33554432 (custom)
2019-10-10 18:44:41,735 [pool-217-thread-1] INFO  server.RaftServerConfigKeys (ConfUtils.java:logGet(43)) - raft.server.log.force.sync.num = 128 (default)
2019-10-10 18:44:41,735 [pool-217-thread-1] INFO  server.RaftServerConfigKeys (ConfUtils.java:logGet(43)) - raft.server.log.statemachine.data.sync = true (default)
2019-10-10 18:44:41,736 [pool-217-thread-1] INFO  server.RaftServerConfigKeys (ConfUtils.java:logGet(43)) - raft.server.log.statemachine.data.sync.timeout = 10s (default)
2019-10-10 18:44:41,736 [pool-217-thread-1] INFO  server.RaftServerConfigKeys (ConfUtils.java:logGet(43)) - raft.server.log.statemachine.data.sync.timeout.retry = -1 (default)
2019-10-10 18:44:41,736 [pool-217-thread-1] INFO  server.RaftServerConfigKeys (ConfUtils.java:logGet(43)) - raft.server.log.statemachine.data.caching.enabled = true (custom)
2019-10-10 18:44:41,736 [pool-217-thread-1] INFO  segmented.SegmentedRaftLogWorker (SegmentedRaftLogWorker.java:lambda$new$0(128)) - 1efb21a3-f684-468a-b169-b6be23b2e470@group-B911F45CEAFE-SegmentedRaftLogWorker: flushIndex: setUnconditionally 0 -> -1
2019-10-10 18:44:41,737 [pool-217-thread-1] INFO  server.RaftServerConfigKeys (ConfUtils.java:logGet(43)) - raft.server.snapshot.auto.trigger.enabled = true (custom)
2019-10-10 18:44:41,737 [pool-217-thread-1] INFO  server.RaftServerConfigKeys (ConfUtils.java:logGet(43)) - raft.server.snapshot.auto.trigger.threshold = 10000 (custom)
2019-10-10 18:44:41,737 [pool-217-thread-1] INFO  server.RaftServerConfigKeys (ConfUtils.java:logGet(43)) - raft.server.snapshot.retention.file.num = 5 (custom)
2019-10-10 18:44:41,737 [pool-217-thread-1] INFO  server.RaftServerConfigKeys (ConfUtils.java:logGet(43)) - raft.server.retrycache.expirytime = 600000ms (custom)
2019-10-10 18:44:41,738 [pool-217-thread-1] INFO  impl.RaftServerImpl (RaftServerImpl.java:start(181)) - 1efb21a3-f684-468a-b169-b6be23b2e470@group-B911F45CEAFE: start as a follower, conf=-1: [1efb21a3-f684-468a-b169-b6be23b2e470:192.168.164.239:36030], old=null
2019-10-10 18:44:41,739 [pool-217-thread-1] INFO  impl.RaftServerImpl (RaftServerImpl.java:setRole(170)) - 1efb21a3-f684-468a-b169-b6be23b2e470@group-B911F45CEAFE: changes role from      null to FOLLOWER at term 0 for startAsFollower
2019-10-10 18:44:41,739 [pool-217-thread-1] INFO  impl.RoleInfo (RoleInfo.java:updateAndGet(143)) - 1efb21a3-f684-468a-b169-b6be23b2e470: start FollowerState
2019-10-10 18:44:41,739 [pool-217-thread-1] INFO  util.JmxRegister (JmxRegister.java:tryRegister(44)) - Successfully registered JMX Bean with object name Ratis:service=RaftServer,group=group-B911F45CEAFE,id=1efb21a3-f684-468a-b169-b6be23b2e470
2019-10-10 18:44:41,743 [RatisPipelineUtilsThread] INFO  pipeline.PipelineStateManager (PipelineStateManager.java:addPipeline(56)) - Created pipeline Pipeline[ Id: 02dc72a8-479d-47d9-a7c3-b911f45ceafe, Nodes: 1efb21a3-f684-468a-b169-b6be23b2e470{ip: 192.168.164.239, host: pr-hdds-1986-hdr44-321838893, networkLocation: /default-rack, certSerialId: null}, Type:RATIS, Factor:ONE, State:OPEN]
2019-10-10 18:44:41,751 [grpc-default-executor-0] INFO  impl.RaftServerProxy (RaftServerProxy.java:addNew(89)) - beaf6bb1-9637-4bc7-baee-c1d101cc238c: addNew group-FDEE3B5C6986:[beaf6bb1-9637-4bc7-baee-c1d101cc238c:192.168.164.239:36992] returns group-FDEE3B5C6986:java.util.concurrent.CompletableFuture@4964a1cd[Not completed]
2019-10-10 18:44:41,752 [pool-227-thread-1] INFO  impl.RaftServerImpl (RaftServerImpl.java:<init>(95)) - beaf6bb1-9637-4bc7-baee-c1d101cc238c: new RaftServerImpl for group-FDEE3B5C6986:[beaf6bb1-9637-4bc7-baee-c1d101cc238c:192.168.164.239:36992] with ContainerStateMachine:uninitialized
2019-10-10 18:44:41,752 [pool-227-thread-1] INFO  server.RaftServerConfigKeys (ConfUtils.java:logGet(43)) - raft.server.rpc.timeout.min = 5s (custom)
2019-10-10 18:44:41,752 [pool-227-thread-1] INFO  server.RaftServerConfigKeys (ConfUtils.java:logGet(43)) - raft.server.rpc.timeout.max = 5200ms (custom)
2019-10-10 18:44:41,752 [pool-227-thread-1] INFO  server.RaftServerConfigKeys (ConfUtils.java:logGet(43)) - raft.server.rpcslowness.timeout = 120s (custom)
2019-10-10 18:44:41,752 [pool-227-thread-1] INFO  server.RaftServerConfigKeys (ConfUtils.java:logGet(43)) - raft.server.sleep.deviation.threshold = 300 (default)
2019-10-10 18:44:41,752 [pool-227-thread-1] INFO  server.RaftServerConfigKeys (ConfUtils.java:logGet(43)) - raft.server.log.appender.install.snapshot.enabled = false (custom)
2019-10-10 18:44:41,752 [pool-227-thread-1] INFO  impl.RaftServerImpl (ServerState.java:<init>(103)) - beaf6bb1-9637-4bc7-baee-c1d101cc238c@group-FDEE3B5C6986: ConfigurationManager, init=-1: [beaf6bb1-9637-4bc7-baee-c1d101cc238c:192.168.164.239:36992], old=null, confs=<EMPTY_MAP>
2019-10-10 18:44:41,752 [pool-227-thread-1] INFO  server.RaftServerConfigKeys (ConfUtils.java:logGet(43)) - raft.server.storage.dir = [/workdir/hadoop-ozone/integration-test/target/test-dir/MiniOzoneClusterImpl-1fa03064-cf3b-46b2-b55a-2e6b8b8c34ec/datanode-2/data/ratis] (custom)
2019-10-10 18:44:41,753 [pool-227-thread-1] INFO  server.RaftServerConfigKeys (ConfUtils.java:logGet(43)) - raft.server.log.corruption.policy = EXCEPTION (default)
2019-10-10 18:44:41,753 [pool-227-thread-1] INFO  storage.RaftStorageDirectory (RaftStorageDirectory.java:analyzeStorage(246)) - The storage directory /workdir/hadoop-ozone/integration-test/target/test-dir/MiniOzoneClusterImpl-1fa03064-cf3b-46b2-b55a-2e6b8b8c34ec/datanode-2/data/ratis/171eb808-99e6-4675-be01-fdee3b5c6986 does not exist. Creating ...
2019-10-10 18:44:41,775 [pool-227-thread-1] INFO  storage.RaftStorageDirectory (RaftStorageDirectory.java:tryLock(328)) - Lock on /workdir/hadoop-ozone/integration-test/target/test-dir/MiniOzoneClusterImpl-1fa03064-cf3b-46b2-b55a-2e6b8b8c34ec/datanode-2/data/ratis/171eb808-99e6-4675-be01-fdee3b5c6986/in_use.lock acquired by nodename 17270@pr-hdds-1986-hdr44-321838893
2019-10-10 18:44:41,798 [pool-227-thread-1] INFO  storage.RaftStorage (RaftStorage.java:format(84)) - Storage directory /workdir/hadoop-ozone/integration-test/target/test-dir/MiniOzoneClusterImpl-1fa03064-cf3b-46b2-b55a-2e6b8b8c34ec/datanode-2/data/ratis/171eb808-99e6-4675-be01-fdee3b5c6986 has been successfully formatted.
2019-10-10 18:44:41,799 [pool-227-thread-1] INFO  ratis.ContainerStateMachine (ContainerStateMachine.java:loadSnapshot(231)) - group-FDEE3B5C6986: The snapshot info is null. Setting the last applied indexto:(t:0, i:~)
2019-10-10 18:44:41,799 [pool-227-thread-1] INFO  server.RaftServerConfigKeys (ConfUtils.java:logGet(43)) - raft.server.notification.no-leader.timeout = 120s (custom)
2019-10-10 18:44:41,799 [pool-227-thread-1] INFO  server.RaftServerConfigKeys (ConfUtils.java:logGet(43)) - raft.server.log.use.memory = false (default)
2019-10-10 18:44:41,799 [pool-227-thread-1] INFO  server.RaftServerConfigKeys (ConfUtils.java:logGet(43)) - raft.server.log.purge.gap = 1000000 (custom)
2019-10-10 18:44:41,800 [pool-227-thread-1] INFO  server.RaftServerConfigKeys (ConfUtils.java:logGet(43)) - raft.server.log.appender.buffer.byte-limit = 33554432 (custom)
2019-10-10 18:44:41,800 [pool-227-thread-1] INFO  server.RaftServerConfigKeys (ConfUtils.java:logGet(43)) - raft.server.log.segment.size.max = 1048576 (custom)
2019-10-10 18:44:41,801 [pool-227-thread-1] INFO  server.RaftServerConfigKeys (ConfUtils.java:logGet(43)) - raft.server.log.segment.cache.num.max = 2 (custom)
2019-10-10 18:44:41,802 [pool-227-thread-1] INFO  segmented.SegmentedRaftLogWorker (SegmentedRaftLogWorker.java:<init>(173)) - new beaf6bb1-9637-4bc7-baee-c1d101cc238c@group-FDEE3B5C6986-SegmentedRaftLogWorker for RaftStorage:Storage Directory /workdir/hadoop-ozone/integration-test/target/test-dir/MiniOzoneClusterImpl-1fa03064-cf3b-46b2-b55a-2e6b8b8c34ec/datanode-2/data/ratis/171eb808-99e6-4675-be01-fdee3b5c6986
2019-10-10 18:44:41,802 [pool-227-thread-1] INFO  server.RaftServerConfigKeys (ConfUtils.java:logGet(43)) - raft.server.log.queue.byte-limit = 2147483647 (custom)
2019-10-10 18:44:41,802 [pool-227-thread-1] INFO  server.RaftServerConfigKeys (ConfUtils.java:logGet(43)) - raft.server.log.queue.element-limit = 1024 (custom)
2019-10-10 18:44:41,802 [pool-227-thread-1] INFO  server.RaftServerConfigKeys (ConfUtils.java:logGet(43)) - raft.server.log.segment.size.max = 1048576 (custom)
2019-10-10 18:44:41,802 [pool-227-thread-1] INFO  server.RaftServerConfigKeys (ConfUtils.java:logGet(43)) - raft.server.log.preallocated.size = 16384 (custom)
2019-10-10 18:44:41,802 [pool-227-thread-1] INFO  server.RaftServerConfigKeys (ConfUtils.java:logGet(43)) - raft.server.log.write.buffer.size = 33554432 (custom)
2019-10-10 18:44:41,802 [pool-227-thread-1] INFO  server.RaftServerConfigKeys (ConfUtils.java:logGet(43)) - raft.server.log.force.sync.num = 128 (default)
2019-10-10 18:44:41,802 [pool-227-thread-1] INFO  server.RaftServerConfigKeys (ConfUtils.java:logGet(43)) - raft.server.log.statemachine.data.sync = true (default)
2019-10-10 18:44:41,802 [pool-227-thread-1] INFO  server.RaftServerConfigKeys (ConfUtils.java:logGet(43)) - raft.server.log.statemachine.data.sync.timeout = 10s (default)
2019-10-10 18:44:41,802 [pool-227-thread-1] INFO  server.RaftServerConfigKeys (ConfUtils.java:logGet(43)) - raft.server.log.statemachine.data.sync.timeout.retry = -1 (default)
2019-10-10 18:44:41,803 [pool-227-thread-1] INFO  server.RaftServerConfigKeys (ConfUtils.java:logGet(43)) - raft.server.log.statemachine.data.caching.enabled = true (custom)
2019-10-10 18:44:41,803 [pool-227-thread-1] INFO  segmented.SegmentedRaftLogWorker (SegmentedRaftLogWorker.java:lambda$new$0(128)) - beaf6bb1-9637-4bc7-baee-c1d101cc238c@group-FDEE3B5C6986-SegmentedRaftLogWorker: flushIndex: setUnconditionally 0 -> -1
2019-10-10 18:44:41,803 [pool-227-thread-1] INFO  server.RaftServerConfigKeys (ConfUtils.java:logGet(43)) - raft.server.snapshot.auto.trigger.enabled = true (custom)
2019-10-10 18:44:41,803 [pool-227-thread-1] INFO  server.RaftServerConfigKeys (ConfUtils.java:logGet(43)) - raft.server.snapshot.auto.trigger.threshold = 10000 (custom)
2019-10-10 18:44:41,803 [pool-227-thread-1] INFO  server.RaftServerConfigKeys (ConfUtils.java:logGet(43)) - raft.server.snapshot.retention.file.num = 5 (custom)
2019-10-10 18:44:41,804 [pool-227-thread-1] INFO  server.RaftServerConfigKeys (ConfUtils.java:logGet(43)) - raft.server.retrycache.expirytime = 600000ms (custom)
2019-10-10 18:44:41,805 [pool-227-thread-1] INFO  impl.RaftServerImpl (RaftServerImpl.java:start(181)) - beaf6bb1-9637-4bc7-baee-c1d101cc238c@group-FDEE3B5C6986: start as a follower, conf=-1: [beaf6bb1-9637-4bc7-baee-c1d101cc238c:192.168.164.239:36992], old=null
2019-10-10 18:44:41,806 [pool-227-thread-1] INFO  impl.RaftServerImpl (RaftServerImpl.java:setRole(170)) - beaf6bb1-9637-4bc7-baee-c1d101cc238c@group-FDEE3B5C6986: changes role from      null to FOLLOWER at term 0 for startAsFollower
2019-10-10 18:44:41,806 [pool-227-thread-1] INFO  impl.RoleInfo (RoleInfo.java:updateAndGet(143)) - beaf6bb1-9637-4bc7-baee-c1d101cc238c: start FollowerState
2019-10-10 18:44:41,806 [pool-227-thread-1] INFO  util.JmxRegister (JmxRegister.java:tryRegister(44)) - Successfully registered JMX Bean with object name Ratis:service=RaftServer,group=group-FDEE3B5C6986,id=beaf6bb1-9637-4bc7-baee-c1d101cc238c
2019-10-10 18:44:41,810 [RatisPipelineUtilsThread] INFO  pipeline.PipelineStateManager (PipelineStateManager.java:addPipeline(56)) - Created pipeline Pipeline[ Id: 171eb808-99e6-4675-be01-fdee3b5c6986, Nodes: beaf6bb1-9637-4bc7-baee-c1d101cc238c{ip: 192.168.164.239, host: pr-hdds-1986-hdr44-321838893, networkLocation: /default-rack, certSerialId: null}, Type:RATIS, Factor:ONE, State:OPEN]
2019-10-10 18:44:41,815 [grpc-default-executor-5] INFO  impl.RaftServerProxy (RaftServerProxy.java:addNew(89)) - beaf6bb1-9637-4bc7-baee-c1d101cc238c: addNew group-E02D28FB7DD5:[beaf6bb1-9637-4bc7-baee-c1d101cc238c:192.168.164.239:36992, 1efb21a3-f684-468a-b169-b6be23b2e470:192.168.164.239:36030, 56c7f49a-0896-472f-aa97-bf6ea0e1870f:192.168.164.239:35548] returns group-E02D28FB7DD5:java.util.concurrent.CompletableFuture@27ed9597[Not completed]
2019-10-10 18:44:41,822 [pool-227-thread-1] INFO  impl.RaftServerImpl (RaftServerImpl.java:<init>(95)) - beaf6bb1-9637-4bc7-baee-c1d101cc238c: new RaftServerImpl for group-E02D28FB7DD5:[beaf6bb1-9637-4bc7-baee-c1d101cc238c:192.168.164.239:36992, 1efb21a3-f684-468a-b169-b6be23b2e470:192.168.164.239:36030, 56c7f49a-0896-472f-aa97-bf6ea0e1870f:192.168.164.239:35548] with ContainerStateMachine:uninitialized
2019-10-10 18:44:41,822 [pool-227-thread-1] INFO  server.RaftServerConfigKeys (ConfUtils.java:logGet(43)) - raft.server.rpc.timeout.min = 5s (custom)
2019-10-10 18:44:41,822 [IPC Server handler 4 on 41811] INFO  net.NetworkTopology (NetworkTopologyImpl.java:add(111)) - Added a new node: /default-rack/2c32d965-c177-4b43-8c46-b96c8e80bb09
2019-10-10 18:44:41,822 [IPC Server handler 4 on 41811] INFO  node.SCMNodeManager (SCMNodeManager.java:register(268)) - Registered Data node : 2c32d965-c177-4b43-8c46-b96c8e80bb09{ip: 192.168.164.239, host: pr-hdds-1986-hdr44-321838893, networkLocation: /default-rack, certSerialId: null}
2019-10-10 18:44:41,822 [pool-227-thread-1] INFO  server.RaftServerConfigKeys (ConfUtils.java:logGet(43)) - raft.server.rpc.timeout.max = 5200ms (custom)
2019-10-10 18:44:41,823 [pool-227-thread-1] INFO  server.RaftServerConfigKeys (ConfUtils.java:logGet(43)) - raft.server.rpcslowness.timeout = 120s (custom)
2019-10-10 18:44:41,823 [pool-227-thread-1] INFO  server.RaftServerConfigKeys (ConfUtils.java:logGet(43)) - raft.server.sleep.deviation.threshold = 300 (default)
2019-10-10 18:44:41,823 [pool-227-thread-1] INFO  server.RaftServerConfigKeys (ConfUtils.java:logGet(43)) - raft.server.log.appender.install.snapshot.enabled = false (custom)
2019-10-10 18:44:41,823 [grpc-default-executor-5] INFO  impl.RaftServerProxy (RaftServerProxy.java:addNew(89)) - 56c7f49a-0896-472f-aa97-bf6ea0e1870f: addNew group-E02D28FB7DD5:[beaf6bb1-9637-4bc7-baee-c1d101cc238c:192.168.164.239:36992, 1efb21a3-f684-468a-b169-b6be23b2e470:192.168.164.239:36030, 56c7f49a-0896-472f-aa97-bf6ea0e1870f:192.168.164.239:35548] returns group-E02D28FB7DD5:java.util.concurrent.CompletableFuture@5aa0fa92[Not completed]
2019-10-10 18:44:41,823 [pool-227-thread-1] INFO  impl.RaftServerImpl (ServerState.java:<init>(103)) - beaf6bb1-9637-4bc7-baee-c1d101cc238c@group-E02D28FB7DD5: ConfigurationManager, init=-1: [beaf6bb1-9637-4bc7-baee-c1d101cc238c:192.168.164.239:36992, 1efb21a3-f684-468a-b169-b6be23b2e470:192.168.164.239:36030, 56c7f49a-0896-472f-aa97-bf6ea0e1870f:192.168.164.239:35548], old=null, confs=<EMPTY_MAP>
2019-10-10 18:44:41,823 [pool-227-thread-1] INFO  server.RaftServerConfigKeys (ConfUtils.java:logGet(43)) - raft.server.storage.dir = [/workdir/hadoop-ozone/integration-test/target/test-dir/MiniOzoneClusterImpl-1fa03064-cf3b-46b2-b55a-2e6b8b8c34ec/datanode-2/data/ratis] (custom)
2019-10-10 18:44:41,823 [grpc-default-executor-5] INFO  impl.RaftServerProxy (RaftServerProxy.java:addNew(89)) - 1efb21a3-f684-468a-b169-b6be23b2e470: addNew group-E02D28FB7DD5:[beaf6bb1-9637-4bc7-baee-c1d101cc238c:192.168.164.239:36992, 1efb21a3-f684-468a-b169-b6be23b2e470:192.168.164.239:36030, 56c7f49a-0896-472f-aa97-bf6ea0e1870f:192.168.164.239:35548] returns group-E02D28FB7DD5:java.util.concurrent.CompletableFuture@210d4f2f[Not completed]
2019-10-10 18:44:41,824 [pool-227-thread-1] INFO  server.RaftServerConfigKeys (ConfUtils.java:logGet(43)) - raft.server.log.corruption.policy = EXCEPTION (default)
2019-10-10 18:44:41,824 [pool-227-thread-1] INFO  storage.RaftStorageDirectory (RaftStorageDirectory.java:analyzeStorage(246)) - The storage directory /workdir/hadoop-ozone/integration-test/target/test-dir/MiniOzoneClusterImpl-1fa03064-cf3b-46b2-b55a-2e6b8b8c34ec/datanode-2/data/ratis/a577533b-f1ea-4a9a-85ff-e02d28fb7dd5 does not exist. Creating ...
2019-10-10 18:44:41,824 [pool-207-thread-1] INFO  impl.RaftServerImpl (RaftServerImpl.java:<init>(95)) - 56c7f49a-0896-472f-aa97-bf6ea0e1870f: new RaftServerImpl for group-E02D28FB7DD5:[beaf6bb1-9637-4bc7-baee-c1d101cc238c:192.168.164.239:36992, 1efb21a3-f684-468a-b169-b6be23b2e470:192.168.164.239:36030, 56c7f49a-0896-472f-aa97-bf6ea0e1870f:192.168.164.239:35548] with ContainerStateMachine:uninitialized
2019-10-10 18:44:41,824 [pool-207-thread-1] INFO  server.RaftServerConfigKeys (ConfUtils.java:logGet(43)) - raft.server.rpc.timeout.min = 5s (custom)
2019-10-10 18:44:41,824 [pool-207-thread-1] INFO  server.RaftServerConfigKeys (ConfUtils.java:logGet(43)) - raft.server.rpc.timeout.max = 5200ms (custom)
2019-10-10 18:44:41,825 [pool-207-thread-1] INFO  server.RaftServerConfigKeys (ConfUtils.java:logGet(43)) - raft.server.rpcslowness.timeout = 120s (custom)
2019-10-10 18:44:41,825 [pool-217-thread-1] INFO  impl.RaftServerImpl (RaftServerImpl.java:<init>(95)) - 1efb21a3-f684-468a-b169-b6be23b2e470: new RaftServerImpl for group-E02D28FB7DD5:[beaf6bb1-9637-4bc7-baee-c1d101cc238c:192.168.164.239:36992, 1efb21a3-f684-468a-b169-b6be23b2e470:192.168.164.239:36030, 56c7f49a-0896-472f-aa97-bf6ea0e1870f:192.168.164.239:35548] with ContainerStateMachine:uninitialized
2019-10-10 18:44:41,825 [pool-207-thread-1] INFO  server.RaftServerConfigKeys (ConfUtils.java:logGet(43)) - raft.server.sleep.deviation.threshold = 300 (default)
2019-10-10 18:44:41,825 [pool-217-thread-1] INFO  server.RaftServerConfigKeys (ConfUtils.java:logGet(43)) - raft.server.rpc.timeout.min = 5s (custom)
2019-10-10 18:44:41,825 [pool-207-thread-1] INFO  server.RaftServerConfigKeys (ConfUtils.java:logGet(43)) - raft.server.log.appender.install.snapshot.enabled = false (custom)
2019-10-10 18:44:41,825 [pool-217-thread-1] INFO  server.RaftServerConfigKeys (ConfUtils.java:logGet(43)) - raft.server.rpc.timeout.max = 5200ms (custom)
2019-10-10 18:44:41,825 [pool-207-thread-1] INFO  impl.RaftServerImpl (ServerState.java:<init>(103)) - 56c7f49a-0896-472f-aa97-bf6ea0e1870f@group-E02D28FB7DD5: ConfigurationManager, init=-1: [beaf6bb1-9637-4bc7-baee-c1d101cc238c:192.168.164.239:36992, 1efb21a3-f684-468a-b169-b6be23b2e470:192.168.164.239:36030, 56c7f49a-0896-472f-aa97-bf6ea0e1870f:192.168.164.239:35548], old=null, confs=<EMPTY_MAP>
2019-10-10 18:44:41,825 [pool-217-thread-1] INFO  server.RaftServerConfigKeys (ConfUtils.java:logGet(43)) - raft.server.rpcslowness.timeout = 120s (custom)
2019-10-10 18:44:41,825 [pool-207-thread-1] INFO  server.RaftServerConfigKeys (ConfUtils.java:logGet(43)) - raft.server.storage.dir = [/workdir/hadoop-ozone/integration-test/target/test-dir/MiniOzoneClusterImpl-1fa03064-cf3b-46b2-b55a-2e6b8b8c34ec/datanode-0/data/ratis] (custom)
2019-10-10 18:44:41,825 [pool-217-thread-1] INFO  server.RaftServerConfigKeys (ConfUtils.java:logGet(43)) - raft.server.sleep.deviation.threshold = 300 (default)
2019-10-10 18:44:41,826 [pool-217-thread-1] INFO  server.RaftServerConfigKeys (ConfUtils.java:logGet(43)) - raft.server.log.appender.install.snapshot.enabled = false (custom)
2019-10-10 18:44:41,826 [pool-207-thread-1] INFO  server.RaftServerConfigKeys (ConfUtils.java:logGet(43)) - raft.server.log.corruption.policy = EXCEPTION (default)
2019-10-10 18:44:41,826 [pool-217-thread-1] INFO  impl.RaftServerImpl (ServerState.java:<init>(103)) - 1efb21a3-f684-468a-b169-b6be23b2e470@group-E02D28FB7DD5: ConfigurationManager, init=-1: [beaf6bb1-9637-4bc7-baee-c1d101cc238c:192.168.164.239:36992, 1efb21a3-f684-468a-b169-b6be23b2e470:192.168.164.239:36030, 56c7f49a-0896-472f-aa97-bf6ea0e1870f:192.168.164.239:35548], old=null, confs=<EMPTY_MAP>
2019-10-10 18:44:41,826 [pool-207-thread-1] INFO  storage.RaftStorageDirectory (RaftStorageDirectory.java:analyzeStorage(246)) - The storage directory /workdir/hadoop-ozone/integration-test/target/test-dir/MiniOzoneClusterImpl-1fa03064-cf3b-46b2-b55a-2e6b8b8c34ec/datanode-0/data/ratis/a577533b-f1ea-4a9a-85ff-e02d28fb7dd5 does not exist. Creating ...
2019-10-10 18:44:41,826 [pool-217-thread-1] INFO  server.RaftServerConfigKeys (ConfUtils.java:logGet(43)) - raft.server.storage.dir = [/workdir/hadoop-ozone/integration-test/target/test-dir/MiniOzoneClusterImpl-1fa03064-cf3b-46b2-b55a-2e6b8b8c34ec/datanode-1/data/ratis] (custom)
2019-10-10 18:44:41,826 [pool-217-thread-1] INFO  server.RaftServerConfigKeys (ConfUtils.java:logGet(43)) - raft.server.log.corruption.policy = EXCEPTION (default)
2019-10-10 18:44:41,827 [pool-217-thread-1] INFO  storage.RaftStorageDirectory (RaftStorageDirectory.java:analyzeStorage(246)) - The storage directory /workdir/hadoop-ozone/integration-test/target/test-dir/MiniOzoneClusterImpl-1fa03064-cf3b-46b2-b55a-2e6b8b8c34ec/datanode-1/data/ratis/a577533b-f1ea-4a9a-85ff-e02d28fb7dd5 does not exist. Creating ...
2019-10-10 18:44:41,846 [pool-217-thread-1] INFO  storage.RaftStorageDirectory (RaftStorageDirectory.java:tryLock(328)) - Lock on /workdir/hadoop-ozone/integration-test/target/test-dir/MiniOzoneClusterImpl-1fa03064-cf3b-46b2-b55a-2e6b8b8c34ec/datanode-1/data/ratis/a577533b-f1ea-4a9a-85ff-e02d28fb7dd5/in_use.lock acquired by nodename 17270@pr-hdds-1986-hdr44-321838893
2019-10-10 18:44:41,846 [pool-227-thread-1] INFO  storage.RaftStorageDirectory (RaftStorageDirectory.java:tryLock(328)) - Lock on /workdir/hadoop-ozone/integration-test/target/test-dir/MiniOzoneClusterImpl-1fa03064-cf3b-46b2-b55a-2e6b8b8c34ec/datanode-2/data/ratis/a577533b-f1ea-4a9a-85ff-e02d28fb7dd5/in_use.lock acquired by nodename 17270@pr-hdds-1986-hdr44-321838893
2019-10-10 18:44:41,846 [pool-207-thread-1] INFO  storage.RaftStorageDirectory (RaftStorageDirectory.java:tryLock(328)) - Lock on /workdir/hadoop-ozone/integration-test/target/test-dir/MiniOzoneClusterImpl-1fa03064-cf3b-46b2-b55a-2e6b8b8c34ec/datanode-0/data/ratis/a577533b-f1ea-4a9a-85ff-e02d28fb7dd5/in_use.lock acquired by nodename 17270@pr-hdds-1986-hdr44-321838893
2019-10-10 18:44:41,884 [pool-217-thread-1] INFO  storage.RaftStorage (RaftStorage.java:format(84)) - Storage directory /workdir/hadoop-ozone/integration-test/target/test-dir/MiniOzoneClusterImpl-1fa03064-cf3b-46b2-b55a-2e6b8b8c34ec/datanode-1/data/ratis/a577533b-f1ea-4a9a-85ff-e02d28fb7dd5 has been successfully formatted.
2019-10-10 18:44:41,884 [pool-227-thread-1] INFO  storage.RaftStorage (RaftStorage.java:format(84)) - Storage directory /workdir/hadoop-ozone/integration-test/target/test-dir/MiniOzoneClusterImpl-1fa03064-cf3b-46b2-b55a-2e6b8b8c34ec/datanode-2/data/ratis/a577533b-f1ea-4a9a-85ff-e02d28fb7dd5 has been successfully formatted.
2019-10-10 18:44:41,884 [pool-207-thread-1] INFO  storage.RaftStorage (RaftStorage.java:format(84)) - Storage directory /workdir/hadoop-ozone/integration-test/target/test-dir/MiniOzoneClusterImpl-1fa03064-cf3b-46b2-b55a-2e6b8b8c34ec/datanode-0/data/ratis/a577533b-f1ea-4a9a-85ff-e02d28fb7dd5 has been successfully formatted.
2019-10-10 18:44:41,885 [pool-217-thread-1] INFO  ratis.ContainerStateMachine (ContainerStateMachine.java:loadSnapshot(231)) - group-E02D28FB7DD5: The snapshot info is null. Setting the last applied indexto:(t:0, i:~)
2019-10-10 18:44:41,885 [pool-207-thread-1] INFO  ratis.ContainerStateMachine (ContainerStateMachine.java:loadSnapshot(231)) - group-E02D28FB7DD5: The snapshot info is null. Setting the last applied indexto:(t:0, i:~)
2019-10-10 18:44:41,885 [pool-217-thread-1] INFO  server.RaftServerConfigKeys (ConfUtils.java:logGet(43)) - raft.server.notification.no-leader.timeout = 120s (custom)
2019-10-10 18:44:41,885 [pool-207-thread-1] INFO  server.RaftServerConfigKeys (ConfUtils.java:logGet(43)) - raft.server.notification.no-leader.timeout = 120s (custom)
2019-10-10 18:44:41,885 [pool-217-thread-1] INFO  server.RaftServerConfigKeys (ConfUtils.java:logGet(43)) - raft.server.log.use.memory = false (default)
2019-10-10 18:44:41,885 [pool-227-thread-1] INFO  ratis.ContainerStateMachine (ContainerStateMachine.java:loadSnapshot(231)) - group-E02D28FB7DD5: The snapshot info is null. Setting the last applied indexto:(t:0, i:~)
2019-10-10 18:44:41,885 [pool-207-thread-1] INFO  server.RaftServerConfigKeys (ConfUtils.java:logGet(43)) - raft.server.log.use.memory = false (default)
2019-10-10 18:44:41,885 [pool-217-thread-1] INFO  server.RaftServerConfigKeys (ConfUtils.java:logGet(43)) - raft.server.log.purge.gap = 1000000 (custom)
2019-10-10 18:44:41,886 [pool-227-thread-1] INFO  server.RaftServerConfigKeys (ConfUtils.java:logGet(43)) - raft.server.notification.no-leader.timeout = 120s (custom)
2019-10-10 18:44:41,886 [pool-207-thread-1] INFO  server.RaftServerConfigKeys (ConfUtils.java:logGet(43)) - raft.server.log.purge.gap = 1000000 (custom)
2019-10-10 18:44:41,886 [pool-217-thread-1] INFO  server.RaftServerConfigKeys (ConfUtils.java:logGet(43)) - raft.server.log.appender.buffer.byte-limit = 33554432 (custom)
2019-10-10 18:44:41,886 [pool-227-thread-1] INFO  server.RaftServerConfigKeys (ConfUtils.java:logGet(43)) - raft.server.log.use.memory = false (default)
2019-10-10 18:44:41,886 [pool-207-thread-1] INFO  server.RaftServerConfigKeys (ConfUtils.java:logGet(43)) - raft.server.log.appender.buffer.byte-limit = 33554432 (custom)
2019-10-10 18:44:41,886 [pool-217-thread-1] INFO  server.RaftServerConfigKeys (ConfUtils.java:logGet(43)) - raft.server.log.segment.size.max = 1048576 (custom)
2019-10-10 18:44:41,886 [pool-227-thread-1] INFO  server.RaftServerConfigKeys (ConfUtils.java:logGet(43)) - raft.server.log.purge.gap = 1000000 (custom)
2019-10-10 18:44:41,886 [pool-207-thread-1] INFO  server.RaftServerConfigKeys (ConfUtils.java:logGet(43)) - raft.server.log.segment.size.max = 1048576 (custom)
2019-10-10 18:44:41,887 [pool-217-thread-1] INFO  server.RaftServerConfigKeys (ConfUtils.java:logGet(43)) - raft.server.log.segment.cache.num.max = 2 (custom)
2019-10-10 18:44:41,887 [pool-227-thread-1] INFO  server.RaftServerConfigKeys (ConfUtils.java:logGet(43)) - raft.server.log.appender.buffer.byte-limit = 33554432 (custom)
2019-10-10 18:44:41,887 [pool-207-thread-1] INFO  server.RaftServerConfigKeys (ConfUtils.java:logGet(43)) - raft.server.log.segment.cache.num.max = 2 (custom)
2019-10-10 18:44:41,887 [pool-217-thread-1] INFO  segmented.SegmentedRaftLogWorker (SegmentedRaftLogWorker.java:<init>(173)) - new 1efb21a3-f684-468a-b169-b6be23b2e470@group-E02D28FB7DD5-SegmentedRaftLogWorker for RaftStorage:Storage Directory /workdir/hadoop-ozone/integration-test/target/test-dir/MiniOzoneClusterImpl-1fa03064-cf3b-46b2-b55a-2e6b8b8c34ec/datanode-1/data/ratis/a577533b-f1ea-4a9a-85ff-e02d28fb7dd5
2019-10-10 18:44:41,887 [pool-227-thread-1] INFO  server.RaftServerConfigKeys (ConfUtils.java:logGet(43)) - raft.server.log.segment.size.max = 1048576 (custom)
2019-10-10 18:44:41,887 [pool-207-thread-1] INFO  segmented.SegmentedRaftLogWorker (SegmentedRaftLogWorker.java:<init>(173)) - new 56c7f49a-0896-472f-aa97-bf6ea0e1870f@group-E02D28FB7DD5-SegmentedRaftLogWorker for RaftStorage:Storage Directory /workdir/hadoop-ozone/integration-test/target/test-dir/MiniOzoneClusterImpl-1fa03064-cf3b-46b2-b55a-2e6b8b8c34ec/datanode-0/data/ratis/a577533b-f1ea-4a9a-85ff-e02d28fb7dd5
2019-10-10 18:44:41,887 [pool-217-thread-1] INFO  server.RaftServerConfigKeys (ConfUtils.java:logGet(43)) - raft.server.log.queue.byte-limit = 2147483647 (custom)
2019-10-10 18:44:41,888 [pool-227-thread-1] INFO  server.RaftServerConfigKeys (ConfUtils.java:logGet(43)) - raft.server.log.segment.cache.num.max = 2 (custom)
2019-10-10 18:44:41,888 [pool-207-thread-1] INFO  server.RaftServerConfigKeys (ConfUtils.java:logGet(43)) - raft.server.log.queue.byte-limit = 2147483647 (custom)
2019-10-10 18:44:41,888 [pool-217-thread-1] INFO  server.RaftServerConfigKeys (ConfUtils.java:logGet(43)) - raft.server.log.queue.element-limit = 1024 (custom)
2019-10-10 18:44:41,888 [pool-227-thread-1] INFO  segmented.SegmentedRaftLogWorker (SegmentedRaftLogWorker.java:<init>(173)) - new beaf6bb1-9637-4bc7-baee-c1d101cc238c@group-E02D28FB7DD5-SegmentedRaftLogWorker for RaftStorage:Storage Directory /workdir/hadoop-ozone/integration-test/target/test-dir/MiniOzoneClusterImpl-1fa03064-cf3b-46b2-b55a-2e6b8b8c34ec/datanode-2/data/ratis/a577533b-f1ea-4a9a-85ff-e02d28fb7dd5
2019-10-10 18:44:41,888 [pool-207-thread-1] INFO  server.RaftServerConfigKeys (ConfUtils.java:logGet(43)) - raft.server.log.queue.element-limit = 1024 (custom)
2019-10-10 18:44:41,888 [pool-217-thread-1] INFO  server.RaftServerConfigKeys (ConfUtils.java:logGet(43)) - raft.server.log.segment.size.max = 1048576 (custom)
2019-10-10 18:44:41,888 [pool-227-thread-1] INFO  server.RaftServerConfigKeys (ConfUtils.java:logGet(43)) - raft.server.log.queue.byte-limit = 2147483647 (custom)
2019-10-10 18:44:41,888 [pool-207-thread-1] INFO  server.RaftServerConfigKeys (ConfUtils.java:logGet(43)) - raft.server.log.segment.size.max = 1048576 (custom)
2019-10-10 18:44:41,889 [pool-217-thread-1] INFO  server.RaftServerConfigKeys (ConfUtils.java:logGet(43)) - raft.server.log.preallocated.size = 16384 (custom)
2019-10-10 18:44:41,889 [pool-227-thread-1] INFO  server.RaftServerConfigKeys (ConfUtils.java:logGet(43)) - raft.server.log.queue.element-limit = 1024 (custom)
2019-10-10 18:44:41,889 [pool-207-thread-1] INFO  server.RaftServerConfigKeys (ConfUtils.java:logGet(43)) - raft.server.log.preallocated.size = 16384 (custom)
2019-10-10 18:44:41,889 [pool-217-thread-1] INFO  server.RaftServerConfigKeys (ConfUtils.java:logGet(43)) - raft.server.log.write.buffer.size = 33554432 (custom)
2019-10-10 18:44:41,889 [pool-227-thread-1] INFO  server.RaftServerConfigKeys (ConfUtils.java:logGet(43)) - raft.server.log.segment.size.max = 1048576 (custom)
2019-10-10 18:44:41,889 [pool-207-thread-1] INFO  server.RaftServerConfigKeys (ConfUtils.java:logGet(43)) - raft.server.log.write.buffer.size = 33554432 (custom)
2019-10-10 18:44:41,889 [pool-217-thread-1] INFO  server.RaftServerConfigKeys (ConfUtils.java:logGet(43)) - raft.server.log.force.sync.num = 128 (default)
2019-10-10 18:44:41,890 [pool-227-thread-1] INFO  server.RaftServerConfigKeys (ConfUtils.java:logGet(43)) - raft.server.log.preallocated.size = 16384 (custom)
2019-10-10 18:44:41,890 [pool-207-thread-1] INFO  server.RaftServerConfigKeys (ConfUtils.java:logGet(43)) - raft.server.log.force.sync.num = 128 (default)
2019-10-10 18:44:41,890 [pool-217-thread-1] INFO  server.RaftServerConfigKeys (ConfUtils.java:logGet(43)) - raft.server.log.statemachine.data.sync = true (default)
2019-10-10 18:44:41,890 [pool-227-thread-1] INFO  server.RaftServerConfigKeys (ConfUtils.java:logGet(43)) - raft.server.log.write.buffer.size = 33554432 (custom)
2019-10-10 18:44:41,890 [pool-207-thread-1] INFO  server.RaftServerConfigKeys (ConfUtils.java:logGet(43)) - raft.server.log.statemachine.data.sync = true (default)
2019-10-10 18:44:41,890 [pool-217-thread-1] INFO  server.RaftServerConfigKeys (ConfUtils.java:logGet(43)) - raft.server.log.statemachine.data.sync.timeout = 10s (default)
2019-10-10 18:44:41,891 [pool-227-thread-1] INFO  server.RaftServerConfigKeys (ConfUtils.java:logGet(43)) - raft.server.log.force.sync.num = 128 (default)
2019-10-10 18:44:41,891 [pool-207-thread-1] INFO  server.RaftServerConfigKeys (ConfUtils.java:logGet(43)) - raft.server.log.statemachine.data.sync.timeout = 10s (default)
2019-10-10 18:44:41,891 [pool-217-thread-1] INFO  server.RaftServerConfigKeys (ConfUtils.java:logGet(43)) - raft.server.log.statemachine.data.sync.timeout.retry = -1 (default)
2019-10-10 18:44:41,891 [pool-227-thread-1] INFO  server.RaftServerConfigKeys (ConfUtils.java:logGet(43)) - raft.server.log.statemachine.data.sync = true (default)
2019-10-10 18:44:41,891 [pool-207-thread-1] INFO  server.RaftServerConfigKeys (ConfUtils.java:logGet(43)) - raft.server.log.statemachine.data.sync.timeout.retry = -1 (default)
2019-10-10 18:44:41,891 [pool-217-thread-1] INFO  server.RaftServerConfigKeys (ConfUtils.java:logGet(43)) - raft.server.log.statemachine.data.caching.enabled = true (custom)
2019-10-10 18:44:41,892 [pool-227-thread-1] INFO  server.RaftServerConfigKeys (ConfUtils.java:logGet(43)) - raft.server.log.statemachine.data.sync.timeout = 10s (default)
2019-10-10 18:44:41,892 [pool-207-thread-1] INFO  server.RaftServerConfigKeys (ConfUtils.java:logGet(43)) - raft.server.log.statemachine.data.caching.enabled = true (custom)
2019-10-10 18:44:41,892 [pool-217-thread-1] INFO  segmented.SegmentedRaftLogWorker (SegmentedRaftLogWorker.java:lambda$new$0(128)) - 1efb21a3-f684-468a-b169-b6be23b2e470@group-E02D28FB7DD5-SegmentedRaftLogWorker: flushIndex: setUnconditionally 0 -> -1
2019-10-10 18:44:41,892 [pool-207-thread-1] INFO  segmented.SegmentedRaftLogWorker (SegmentedRaftLogWorker.java:lambda$new$0(128)) - 56c7f49a-0896-472f-aa97-bf6ea0e1870f@group-E02D28FB7DD5-SegmentedRaftLogWorker: flushIndex: setUnconditionally 0 -> -1
2019-10-10 18:44:41,893 [pool-217-thread-1] INFO  server.RaftServerConfigKeys (ConfUtils.java:logGet(43)) - raft.server.snapshot.auto.trigger.enabled = true (custom)
2019-10-10 18:44:41,893 [pool-227-thread-1] INFO  server.RaftServerConfigKeys (ConfUtils.java:logGet(43)) - raft.server.log.statemachine.data.sync.timeout.retry = -1 (default)
2019-10-10 18:44:41,893 [pool-207-thread-1] INFO  server.RaftServerConfigKeys (ConfUtils.java:logGet(43)) - raft.server.snapshot.auto.trigger.enabled = true (custom)
2019-10-10 18:44:41,893 [pool-217-thread-1] INFO  server.RaftServerConfigKeys (ConfUtils.java:logGet(43)) - raft.server.snapshot.auto.trigger.threshold = 10000 (custom)
2019-10-10 18:44:41,894 [pool-227-thread-1] INFO  server.RaftServerConfigKeys (ConfUtils.java:logGet(43)) - raft.server.log.statemachine.data.caching.enabled = true (custom)
2019-10-10 18:44:41,893 [pool-207-thread-1] INFO  server.RaftServerConfigKeys (ConfUtils.java:logGet(43)) - raft.server.snapshot.auto.trigger.threshold = 10000 (custom)
2019-10-10 18:44:41,894 [IPC Server handler 3 on 41811] INFO  net.NetworkTopology (NetworkTopologyImpl.java:add(111)) - Added a new node: /default-rack/823d23b5-00e0-4fee-b1e9-a582b6d046c8
2019-10-10 18:44:41,894 [pool-217-thread-1] INFO  server.RaftServerConfigKeys (ConfUtils.java:logGet(43)) - raft.server.snapshot.retention.file.num = 5 (custom)
2019-10-10 18:44:41,895 [pool-207-thread-1] INFO  server.RaftServerConfigKeys (ConfUtils.java:logGet(43)) - raft.server.snapshot.retention.file.num = 5 (custom)
2019-10-10 18:44:41,895 [IPC Server handler 3 on 41811] INFO  node.SCMNodeManager (SCMNodeManager.java:register(268)) - Registered Data node : 823d23b5-00e0-4fee-b1e9-a582b6d046c8{ip: 192.168.164.239, host: pr-hdds-1986-hdr44-321838893, networkLocation: /default-rack, certSerialId: null}
2019-10-10 18:44:41,895 [pool-217-thread-1] INFO  server.RaftServerConfigKeys (ConfUtils.java:logGet(43)) - raft.server.retrycache.expirytime = 600000ms (custom)
2019-10-10 18:44:41,896 [pool-207-thread-1] INFO  server.RaftServerConfigKeys (ConfUtils.java:logGet(43)) - raft.server.retrycache.expirytime = 600000ms (custom)
2019-10-10 18:44:41,897 [pool-227-thread-1] INFO  segmented.SegmentedRaftLogWorker (SegmentedRaftLogWorker.java:lambda$new$0(128)) - beaf6bb1-9637-4bc7-baee-c1d101cc238c@group-E02D28FB7DD5-SegmentedRaftLogWorker: flushIndex: setUnconditionally 0 -> -1
2019-10-10 18:44:41,898 [pool-207-thread-1] INFO  impl.RaftServerImpl (RaftServerImpl.java:start(181)) - 56c7f49a-0896-472f-aa97-bf6ea0e1870f@group-E02D28FB7DD5: start as a follower, conf=-1: [beaf6bb1-9637-4bc7-baee-c1d101cc238c:192.168.164.239:36992, 1efb21a3-f684-468a-b169-b6be23b2e470:192.168.164.239:36030, 56c7f49a-0896-472f-aa97-bf6ea0e1870f:192.168.164.239:35548], old=null
2019-10-10 18:44:41,898 [pool-217-thread-1] INFO  impl.RaftServerImpl (RaftServerImpl.java:start(181)) - 1efb21a3-f684-468a-b169-b6be23b2e470@group-E02D28FB7DD5: start as a follower, conf=-1: [beaf6bb1-9637-4bc7-baee-c1d101cc238c:192.168.164.239:36992, 1efb21a3-f684-468a-b169-b6be23b2e470:192.168.164.239:36030, 56c7f49a-0896-472f-aa97-bf6ea0e1870f:192.168.164.239:35548], old=null
2019-10-10 18:44:41,898 [pool-207-thread-1] INFO  impl.RaftServerImpl (RaftServerImpl.java:setRole(170)) - 56c7f49a-0896-472f-aa97-bf6ea0e1870f@group-E02D28FB7DD5: changes role from      null to FOLLOWER at term 0 for startAsFollower
2019-10-10 18:44:41,899 [pool-227-thread-1] INFO  server.RaftServerConfigKeys (ConfUtils.java:logGet(43)) - raft.server.snapshot.auto.trigger.enabled = true (custom)
2019-10-10 18:44:41,899 [pool-217-thread-1] INFO  impl.RaftServerImpl (RaftServerImpl.java:setRole(170)) - 1efb21a3-f684-468a-b169-b6be23b2e470@group-E02D28FB7DD5: changes role from      null to FOLLOWER at term 0 for startAsFollower
2019-10-10 18:44:41,899 [pool-207-thread-1] INFO  impl.RoleInfo (RoleInfo.java:updateAndGet(143)) - 56c7f49a-0896-472f-aa97-bf6ea0e1870f: start FollowerState
2019-10-10 18:44:41,899 [pool-207-thread-1] INFO  util.JmxRegister (JmxRegister.java:tryRegister(44)) - Successfully registered JMX Bean with object name Ratis:service=RaftServer,group=group-E02D28FB7DD5,id=56c7f49a-0896-472f-aa97-bf6ea0e1870f
2019-10-10 18:44:41,899 [pool-227-thread-1] INFO  server.RaftServerConfigKeys (ConfUtils.java:logGet(43)) - raft.server.snapshot.auto.trigger.threshold = 10000 (custom)
2019-10-10 18:44:41,901 [pool-227-thread-1] INFO  server.RaftServerConfigKeys (ConfUtils.java:logGet(43)) - raft.server.snapshot.retention.file.num = 5 (custom)
2019-10-10 18:44:41,900 [pool-217-thread-1] INFO  impl.RoleInfo (RoleInfo.java:updateAndGet(143)) - 1efb21a3-f684-468a-b169-b6be23b2e470: start FollowerState
2019-10-10 18:44:41,902 [pool-217-thread-1] INFO  util.JmxRegister (JmxRegister.java:tryRegister(44)) - Successfully registered JMX Bean with object name Ratis:service=RaftServer,group=group-E02D28FB7DD5,id=1efb21a3-f684-468a-b169-b6be23b2e470
2019-10-10 18:44:41,905 [pool-227-thread-1] INFO  server.RaftServerConfigKeys (ConfUtils.java:logGet(43)) - raft.server.retrycache.expirytime = 600000ms (custom)
2019-10-10 18:44:41,912 [pool-227-thread-1] INFO  impl.RaftServerImpl (RaftServerImpl.java:start(181)) - beaf6bb1-9637-4bc7-baee-c1d101cc238c@group-E02D28FB7DD5: start as a follower, conf=-1: [beaf6bb1-9637-4bc7-baee-c1d101cc238c:192.168.164.239:36992, 1efb21a3-f684-468a-b169-b6be23b2e470:192.168.164.239:36030, 56c7f49a-0896-472f-aa97-bf6ea0e1870f:192.168.164.239:35548], old=null
2019-10-10 18:44:41,913 [pool-227-thread-1] INFO  impl.RaftServerImpl (RaftServerImpl.java:setRole(170)) - beaf6bb1-9637-4bc7-baee-c1d101cc238c@group-E02D28FB7DD5: changes role from      null to FOLLOWER at term 0 for startAsFollower
2019-10-10 18:44:41,913 [pool-227-thread-1] INFO  impl.RoleInfo (RoleInfo.java:updateAndGet(143)) - beaf6bb1-9637-4bc7-baee-c1d101cc238c: start FollowerState
2019-10-10 18:44:41,915 [pool-227-thread-1] INFO  util.JmxRegister (JmxRegister.java:tryRegister(44)) - Successfully registered JMX Bean with object name Ratis:service=RaftServer,group=group-E02D28FB7DD5,id=beaf6bb1-9637-4bc7-baee-c1d101cc238c
2019-10-10 18:44:41,923 [RatisPipelineUtilsThread] INFO  pipeline.PipelineStateManager (PipelineStateManager.java:addPipeline(56)) - Created pipeline Pipeline[ Id: a577533b-f1ea-4a9a-85ff-e02d28fb7dd5, Nodes: beaf6bb1-9637-4bc7-baee-c1d101cc238c{ip: 192.168.164.239, host: pr-hdds-1986-hdr44-321838893, networkLocation: /default-rack, certSerialId: null}56c7f49a-0896-472f-aa97-bf6ea0e1870f{ip: 192.168.164.239, host: pr-hdds-1986-hdr44-321838893, networkLocation: /default-rack, certSerialId: null}1efb21a3-f684-468a-b169-b6be23b2e470{ip: 192.168.164.239, host: pr-hdds-1986-hdr44-321838893, networkLocation: /default-rack, certSerialId: null}, Type:RATIS, Factor:THREE, State:OPEN]
2019-10-10 18:44:41,937 [grpc-default-executor-5] INFO  impl.RaftServerProxy (RaftServerProxy.java:addNew(89)) - 2c32d965-c177-4b43-8c46-b96c8e80bb09: addNew group-FD83894B0EAD:[2c32d965-c177-4b43-8c46-b96c8e80bb09:192.168.164.239:38708] returns group-FD83894B0EAD:java.util.concurrent.CompletableFuture@cc3c0f8[Not completed]
2019-10-10 18:44:41,938 [pool-237-thread-1] INFO  impl.RaftServerImpl (RaftServerImpl.java:<init>(95)) - 2c32d965-c177-4b43-8c46-b96c8e80bb09: new RaftServerImpl for group-FD83894B0EAD:[2c32d965-c177-4b43-8c46-b96c8e80bb09:192.168.164.239:38708] with ContainerStateMachine:uninitialized
2019-10-10 18:44:41,941 [pool-237-thread-1] INFO  server.RaftServerConfigKeys (ConfUtils.java:logGet(43)) - raft.server.rpc.timeout.min = 5s (custom)
2019-10-10 18:44:41,941 [pool-237-thread-1] INFO  server.RaftServerConfigKeys (ConfUtils.java:logGet(43)) - raft.server.rpc.timeout.max = 5200ms (custom)
2019-10-10 18:44:41,941 [pool-237-thread-1] INFO  server.RaftServerConfigKeys (ConfUtils.java:logGet(43)) - raft.server.rpcslowness.timeout = 120s (custom)
2019-10-10 18:44:41,941 [pool-237-thread-1] INFO  server.RaftServerConfigKeys (ConfUtils.java:logGet(43)) - raft.server.sleep.deviation.threshold = 300 (default)
2019-10-10 18:44:41,941 [pool-237-thread-1] INFO  server.RaftServerConfigKeys (ConfUtils.java:logGet(43)) - raft.server.log.appender.install.snapshot.enabled = false (custom)
2019-10-10 18:44:41,941 [pool-237-thread-1] INFO  impl.RaftServerImpl (ServerState.java:<init>(103)) - 2c32d965-c177-4b43-8c46-b96c8e80bb09@group-FD83894B0EAD: ConfigurationManager, init=-1: [2c32d965-c177-4b43-8c46-b96c8e80bb09:192.168.164.239:38708], old=null, confs=<EMPTY_MAP>
2019-10-10 18:44:41,941 [pool-237-thread-1] INFO  server.RaftServerConfigKeys (ConfUtils.java:logGet(43)) - raft.server.storage.dir = [/workdir/hadoop-ozone/integration-test/target/test-dir/MiniOzoneClusterImpl-1fa03064-cf3b-46b2-b55a-2e6b8b8c34ec/datanode-3/data/ratis] (custom)
2019-10-10 18:44:41,942 [pool-237-thread-1] INFO  server.RaftServerConfigKeys (ConfUtils.java:logGet(43)) - raft.server.log.corruption.policy = EXCEPTION (default)
2019-10-10 18:44:41,942 [pool-237-thread-1] INFO  storage.RaftStorageDirectory (RaftStorageDirectory.java:analyzeStorage(246)) - The storage directory /workdir/hadoop-ozone/integration-test/target/test-dir/MiniOzoneClusterImpl-1fa03064-cf3b-46b2-b55a-2e6b8b8c34ec/datanode-3/data/ratis/8c8cebc1-3405-4de7-9f84-fd83894b0ead does not exist. Creating ...
2019-10-10 18:44:41,966 [IPC Server handler 6 on 41811] INFO  net.NetworkTopology (NetworkTopologyImpl.java:add(111)) - Added a new node: /default-rack/e9c0f5a8-5599-48bb-94de-cd77deadfadd
2019-10-10 18:44:41,966 [IPC Server handler 6 on 41811] INFO  node.SCMNodeManager (SCMNodeManager.java:register(268)) - Registered Data node : e9c0f5a8-5599-48bb-94de-cd77deadfadd{ip: 192.168.164.239, host: pr-hdds-1986-hdr44-321838893, networkLocation: /default-rack, certSerialId: null}
2019-10-10 18:44:41,968 [pool-237-thread-1] INFO  storage.RaftStorageDirectory (RaftStorageDirectory.java:tryLock(328)) - Lock on /workdir/hadoop-ozone/integration-test/target/test-dir/MiniOzoneClusterImpl-1fa03064-cf3b-46b2-b55a-2e6b8b8c34ec/datanode-3/data/ratis/8c8cebc1-3405-4de7-9f84-fd83894b0ead/in_use.lock acquired by nodename 17270@pr-hdds-1986-hdr44-321838893
2019-10-10 18:44:41,993 [pool-237-thread-1] INFO  storage.RaftStorage (RaftStorage.java:format(84)) - Storage directory /workdir/hadoop-ozone/integration-test/target/test-dir/MiniOzoneClusterImpl-1fa03064-cf3b-46b2-b55a-2e6b8b8c34ec/datanode-3/data/ratis/8c8cebc1-3405-4de7-9f84-fd83894b0ead has been successfully formatted.
2019-10-10 18:44:41,994 [pool-237-thread-1] INFO  ratis.ContainerStateMachine (ContainerStateMachine.java:loadSnapshot(231)) - group-FD83894B0EAD: The snapshot info is null. Setting the last applied indexto:(t:0, i:~)
2019-10-10 18:44:41,994 [pool-237-thread-1] INFO  server.RaftServerConfigKeys (ConfUtils.java:logGet(43)) - raft.server.notification.no-leader.timeout = 120s (custom)
2019-10-10 18:44:41,994 [pool-237-thread-1] INFO  server.RaftServerConfigKeys (ConfUtils.java:logGet(43)) - raft.server.log.use.memory = false (default)
2019-10-10 18:44:41,995 [pool-237-thread-1] INFO  server.RaftServerConfigKeys (ConfUtils.java:logGet(43)) - raft.server.log.purge.gap = 1000000 (custom)
2019-10-10 18:44:41,995 [pool-237-thread-1] INFO  server.RaftServerConfigKeys (ConfUtils.java:logGet(43)) - raft.server.log.appender.buffer.byte-limit = 33554432 (custom)
2019-10-10 18:44:41,995 [pool-237-thread-1] INFO  server.RaftServerConfigKeys (ConfUtils.java:logGet(43)) - raft.server.log.segment.size.max = 1048576 (custom)
2019-10-10 18:44:41,998 [pool-237-thread-1] INFO  server.RaftServerConfigKeys (ConfUtils.java:logGet(43)) - raft.server.log.segment.cache.num.max = 2 (custom)
2019-10-10 18:44:41,998 [pool-237-thread-1] INFO  segmented.SegmentedRaftLogWorker (SegmentedRaftLogWorker.java:<init>(173)) - new 2c32d965-c177-4b43-8c46-b96c8e80bb09@group-FD83894B0EAD-SegmentedRaftLogWorker for RaftStorage:Storage Directory /workdir/hadoop-ozone/integration-test/target/test-dir/MiniOzoneClusterImpl-1fa03064-cf3b-46b2-b55a-2e6b8b8c34ec/datanode-3/data/ratis/8c8cebc1-3405-4de7-9f84-fd83894b0ead
2019-10-10 18:44:41,999 [pool-237-thread-1] INFO  server.RaftServerConfigKeys (ConfUtils.java:logGet(43)) - raft.server.log.queue.byte-limit = 2147483647 (custom)
2019-10-10 18:44:41,999 [pool-237-thread-1] INFO  server.RaftServerConfigKeys (ConfUtils.java:logGet(43)) - raft.server.log.queue.element-limit = 1024 (custom)
2019-10-10 18:44:41,999 [pool-237-thread-1] INFO  server.RaftServerConfigKeys (ConfUtils.java:logGet(43)) - raft.server.log.segment.size.max = 1048576 (custom)
2019-10-10 18:44:41,999 [pool-237-thread-1] INFO  server.RaftServerConfigKeys (ConfUtils.java:logGet(43)) - raft.server.log.preallocated.size = 16384 (custom)
2019-10-10 18:44:42,000 [pool-237-thread-1] INFO  server.RaftServerConfigKeys (ConfUtils.java:logGet(43)) - raft.server.log.write.buffer.size = 33554432 (custom)
2019-10-10 18:44:42,000 [pool-237-thread-1] INFO  server.RaftServerConfigKeys (ConfUtils.java:logGet(43)) - raft.server.log.force.sync.num = 128 (default)
2019-10-10 18:44:42,000 [pool-237-thread-1] INFO  server.RaftServerConfigKeys (ConfUtils.java:logGet(43)) - raft.server.log.statemachine.data.sync = true (default)
2019-10-10 18:44:42,000 [pool-237-thread-1] INFO  server.RaftServerConfigKeys (ConfUtils.java:logGet(43)) - raft.server.log.statemachine.data.sync.timeout = 10s (default)
2019-10-10 18:44:42,000 [pool-237-thread-1] INFO  server.RaftServerConfigKeys (ConfUtils.java:logGet(43)) - raft.server.log.statemachine.data.sync.timeout.retry = -1 (default)
2019-10-10 18:44:42,001 [pool-237-thread-1] INFO  server.RaftServerConfigKeys (ConfUtils.java:logGet(43)) - raft.server.log.statemachine.data.caching.enabled = true (custom)
2019-10-10 18:44:42,001 [pool-237-thread-1] INFO  segmented.SegmentedRaftLogWorker (SegmentedRaftLogWorker.java:lambda$new$0(128)) - 2c32d965-c177-4b43-8c46-b96c8e80bb09@group-FD83894B0EAD-SegmentedRaftLogWorker: flushIndex: setUnconditionally 0 -> -1
2019-10-10 18:44:42,002 [pool-237-thread-1] INFO  server.RaftServerConfigKeys (ConfUtils.java:logGet(43)) - raft.server.snapshot.auto.trigger.enabled = true (custom)
2019-10-10 18:44:42,002 [pool-237-thread-1] INFO  server.RaftServerConfigKeys (ConfUtils.java:logGet(43)) - raft.server.snapshot.auto.trigger.threshold = 10000 (custom)
2019-10-10 18:44:42,002 [pool-237-thread-1] INFO  server.RaftServerConfigKeys (ConfUtils.java:logGet(43)) - raft.server.snapshot.retention.file.num = 5 (custom)
2019-10-10 18:44:42,002 [pool-237-thread-1] INFO  server.RaftServerConfigKeys (ConfUtils.java:logGet(43)) - raft.server.retrycache.expirytime = 600000ms (custom)
2019-10-10 18:44:42,004 [pool-237-thread-1] INFO  impl.RaftServerImpl (RaftServerImpl.java:start(181)) - 2c32d965-c177-4b43-8c46-b96c8e80bb09@group-FD83894B0EAD: start as a follower, conf=-1: [2c32d965-c177-4b43-8c46-b96c8e80bb09:192.168.164.239:38708], old=null
2019-10-10 18:44:42,004 [pool-237-thread-1] INFO  impl.RaftServerImpl (RaftServerImpl.java:setRole(170)) - 2c32d965-c177-4b43-8c46-b96c8e80bb09@group-FD83894B0EAD: changes role from      null to FOLLOWER at term 0 for startAsFollower
2019-10-10 18:44:42,005 [pool-237-thread-1] INFO  impl.RoleInfo (RoleInfo.java:updateAndGet(143)) - 2c32d965-c177-4b43-8c46-b96c8e80bb09: start FollowerState
2019-10-10 18:44:42,005 [pool-237-thread-1] INFO  util.JmxRegister (JmxRegister.java:tryRegister(44)) - Successfully registered JMX Bean with object name Ratis:service=RaftServer,group=group-FD83894B0EAD,id=2c32d965-c177-4b43-8c46-b96c8e80bb09
2019-10-10 18:44:42,010 [RatisPipelineUtilsThread] INFO  pipeline.PipelineStateManager (PipelineStateManager.java:addPipeline(56)) - Created pipeline Pipeline[ Id: 8c8cebc1-3405-4de7-9f84-fd83894b0ead, Nodes: 2c32d965-c177-4b43-8c46-b96c8e80bb09{ip: 192.168.164.239, host: pr-hdds-1986-hdr44-321838893, networkLocation: /default-rack, certSerialId: null}, Type:RATIS, Factor:ONE, State:OPEN]
2019-10-10 18:44:42,019 [grpc-default-executor-5] INFO  impl.RaftServerProxy (RaftServerProxy.java:addNew(89)) - e9c0f5a8-5599-48bb-94de-cd77deadfadd: addNew group-F705D4507B23:[e9c0f5a8-5599-48bb-94de-cd77deadfadd:192.168.164.239:33300] returns group-F705D4507B23:java.util.concurrent.CompletableFuture@5f913b25[Not completed]
2019-10-10 18:44:42,021 [pool-257-thread-1] INFO  impl.RaftServerImpl (RaftServerImpl.java:<init>(95)) - e9c0f5a8-5599-48bb-94de-cd77deadfadd: new RaftServerImpl for group-F705D4507B23:[e9c0f5a8-5599-48bb-94de-cd77deadfadd:192.168.164.239:33300] with ContainerStateMachine:uninitialized
2019-10-10 18:44:42,021 [pool-257-thread-1] INFO  server.RaftServerConfigKeys (ConfUtils.java:logGet(43)) - raft.server.rpc.timeout.min = 5s (custom)
2019-10-10 18:44:42,022 [pool-257-thread-1] INFO  server.RaftServerConfigKeys (ConfUtils.java:logGet(43)) - raft.server.rpc.timeout.max = 5200ms (custom)
2019-10-10 18:44:42,022 [pool-257-thread-1] INFO  server.RaftServerConfigKeys (ConfUtils.java:logGet(43)) - raft.server.rpcslowness.timeout = 120s (custom)
2019-10-10 18:44:42,022 [pool-257-thread-1] INFO  server.RaftServerConfigKeys (ConfUtils.java:logGet(43)) - raft.server.sleep.deviation.threshold = 300 (default)
2019-10-10 18:44:42,022 [pool-257-thread-1] INFO  server.RaftServerConfigKeys (ConfUtils.java:logGet(43)) - raft.server.log.appender.install.snapshot.enabled = false (custom)
2019-10-10 18:44:42,022 [pool-257-thread-1] INFO  impl.RaftServerImpl (ServerState.java:<init>(103)) - e9c0f5a8-5599-48bb-94de-cd77deadfadd@group-F705D4507B23: ConfigurationManager, init=-1: [e9c0f5a8-5599-48bb-94de-cd77deadfadd:192.168.164.239:33300], old=null, confs=<EMPTY_MAP>
2019-10-10 18:44:42,022 [pool-257-thread-1] INFO  server.RaftServerConfigKeys (ConfUtils.java:logGet(43)) - raft.server.storage.dir = [/workdir/hadoop-ozone/integration-test/target/test-dir/MiniOzoneClusterImpl-1fa03064-cf3b-46b2-b55a-2e6b8b8c34ec/datanode-5/data/ratis] (custom)
2019-10-10 18:44:42,023 [pool-257-thread-1] INFO  server.RaftServerConfigKeys (ConfUtils.java:logGet(43)) - raft.server.log.corruption.policy = EXCEPTION (default)
2019-10-10 18:44:42,023 [pool-257-thread-1] INFO  storage.RaftStorageDirectory (RaftStorageDirectory.java:analyzeStorage(246)) - The storage directory /workdir/hadoop-ozone/integration-test/target/test-dir/MiniOzoneClusterImpl-1fa03064-cf3b-46b2-b55a-2e6b8b8c34ec/datanode-5/data/ratis/f28d2953-44c3-4240-9d7c-f705d4507b23 does not exist. Creating ...
2019-10-10 18:44:42,025 [main] INFO  ozone.MiniOzoneClusterImpl (MiniOzoneClusterImpl.java:lambda$waitForClusterToBeReady$0(147)) - Waiting for cluster to be ready. Got 6 of 7 DN Heartbeats.
2019-10-10 18:44:42,026 [IPC Server handler 5 on 41811] INFO  net.NetworkTopology (NetworkTopologyImpl.java:add(111)) - Added a new node: /default-rack/a1caf04e-1cc8-4a5d-9c44-a3f497b61d5b
2019-10-10 18:44:42,027 [IPC Server handler 5 on 41811] INFO  node.SCMNodeManager (SCMNodeManager.java:register(268)) - Registered Data node : a1caf04e-1cc8-4a5d-9c44-a3f497b61d5b{ip: 192.168.164.239, host: pr-hdds-1986-hdr44-321838893, networkLocation: /default-rack, certSerialId: null}
2019-10-10 18:44:42,036 [pool-257-thread-1] INFO  storage.RaftStorageDirectory (RaftStorageDirectory.java:tryLock(328)) - Lock on /workdir/hadoop-ozone/integration-test/target/test-dir/MiniOzoneClusterImpl-1fa03064-cf3b-46b2-b55a-2e6b8b8c34ec/datanode-5/data/ratis/f28d2953-44c3-4240-9d7c-f705d4507b23/in_use.lock acquired by nodename 17270@pr-hdds-1986-hdr44-321838893
2019-10-10 18:44:42,050 [pool-257-thread-1] INFO  storage.RaftStorage (RaftStorage.java:format(84)) - Storage directory /workdir/hadoop-ozone/integration-test/target/test-dir/MiniOzoneClusterImpl-1fa03064-cf3b-46b2-b55a-2e6b8b8c34ec/datanode-5/data/ratis/f28d2953-44c3-4240-9d7c-f705d4507b23 has been successfully formatted.
2019-10-10 18:44:42,050 [pool-257-thread-1] INFO  ratis.ContainerStateMachine (ContainerStateMachine.java:loadSnapshot(231)) - group-F705D4507B23: The snapshot info is null. Setting the last applied indexto:(t:0, i:~)
2019-10-10 18:44:42,050 [pool-257-thread-1] INFO  server.RaftServerConfigKeys (ConfUtils.java:logGet(43)) - raft.server.notification.no-leader.timeout = 120s (custom)
2019-10-10 18:44:42,051 [pool-257-thread-1] INFO  server.RaftServerConfigKeys (ConfUtils.java:logGet(43)) - raft.server.log.use.memory = false (default)
2019-10-10 18:44:42,051 [pool-257-thread-1] INFO  server.RaftServerConfigKeys (ConfUtils.java:logGet(43)) - raft.server.log.purge.gap = 1000000 (custom)
2019-10-10 18:44:42,051 [pool-257-thread-1] INFO  server.RaftServerConfigKeys (ConfUtils.java:logGet(43)) - raft.server.log.appender.buffer.byte-limit = 33554432 (custom)
2019-10-10 18:44:42,051 [pool-257-thread-1] INFO  server.RaftServerConfigKeys (ConfUtils.java:logGet(43)) - raft.server.log.segment.size.max = 1048576 (custom)
2019-10-10 18:44:42,053 [pool-257-thread-1] INFO  server.RaftServerConfigKeys (ConfUtils.java:logGet(43)) - raft.server.log.segment.cache.num.max = 2 (custom)
2019-10-10 18:44:42,054 [pool-257-thread-1] INFO  segmented.SegmentedRaftLogWorker (SegmentedRaftLogWorker.java:<init>(173)) - new e9c0f5a8-5599-48bb-94de-cd77deadfadd@group-F705D4507B23-SegmentedRaftLogWorker for RaftStorage:Storage Directory /workdir/hadoop-ozone/integration-test/target/test-dir/MiniOzoneClusterImpl-1fa03064-cf3b-46b2-b55a-2e6b8b8c34ec/datanode-5/data/ratis/f28d2953-44c3-4240-9d7c-f705d4507b23
2019-10-10 18:44:42,054 [pool-257-thread-1] INFO  server.RaftServerConfigKeys (ConfUtils.java:logGet(43)) - raft.server.log.queue.byte-limit = 2147483647 (custom)
2019-10-10 18:44:42,054 [pool-257-thread-1] INFO  server.RaftServerConfigKeys (ConfUtils.java:logGet(43)) - raft.server.log.queue.element-limit = 1024 (custom)
2019-10-10 18:44:42,054 [pool-257-thread-1] INFO  server.RaftServerConfigKeys (ConfUtils.java:logGet(43)) - raft.server.log.segment.size.max = 1048576 (custom)
2019-10-10 18:44:42,054 [pool-257-thread-1] INFO  server.RaftServerConfigKeys (ConfUtils.java:logGet(43)) - raft.server.log.preallocated.size = 16384 (custom)
2019-10-10 18:44:42,054 [pool-257-thread-1] INFO  server.RaftServerConfigKeys (ConfUtils.java:logGet(43)) - raft.server.log.write.buffer.size = 33554432 (custom)
2019-10-10 18:44:42,054 [pool-257-thread-1] INFO  server.RaftServerConfigKeys (ConfUtils.java:logGet(43)) - raft.server.log.force.sync.num = 128 (default)
2019-10-10 18:44:42,054 [pool-257-thread-1] INFO  server.RaftServerConfigKeys (ConfUtils.java:logGet(43)) - raft.server.log.statemachine.data.sync = true (default)
2019-10-10 18:44:42,054 [pool-257-thread-1] INFO  server.RaftServerConfigKeys (ConfUtils.java:logGet(43)) - raft.server.log.statemachine.data.sync.timeout = 10s (default)
2019-10-10 18:44:42,055 [pool-257-thread-1] INFO  server.RaftServerConfigKeys (ConfUtils.java:logGet(43)) - raft.server.log.statemachine.data.sync.timeout.retry = -1 (default)
2019-10-10 18:44:42,055 [pool-257-thread-1] INFO  server.RaftServerConfigKeys (ConfUtils.java:logGet(43)) - raft.server.log.statemachine.data.caching.enabled = true (custom)
2019-10-10 18:44:42,055 [pool-257-thread-1] INFO  segmented.SegmentedRaftLogWorker (SegmentedRaftLogWorker.java:lambda$new$0(128)) - e9c0f5a8-5599-48bb-94de-cd77deadfadd@group-F705D4507B23-SegmentedRaftLogWorker: flushIndex: setUnconditionally 0 -> -1
2019-10-10 18:44:42,055 [pool-257-thread-1] INFO  server.RaftServerConfigKeys (ConfUtils.java:logGet(43)) - raft.server.snapshot.auto.trigger.enabled = true (custom)
2019-10-10 18:44:42,056 [pool-257-thread-1] INFO  server.RaftServerConfigKeys (ConfUtils.java:logGet(43)) - raft.server.snapshot.auto.trigger.threshold = 10000 (custom)
2019-10-10 18:44:42,056 [pool-257-thread-1] INFO  server.RaftServerConfigKeys (ConfUtils.java:logGet(43)) - raft.server.snapshot.retention.file.num = 5 (custom)
2019-10-10 18:44:42,056 [pool-257-thread-1] INFO  server.RaftServerConfigKeys (ConfUtils.java:logGet(43)) - raft.server.retrycache.expirytime = 600000ms (custom)
2019-10-10 18:44:42,057 [pool-257-thread-1] INFO  impl.RaftServerImpl (RaftServerImpl.java:start(181)) - e9c0f5a8-5599-48bb-94de-cd77deadfadd@group-F705D4507B23: start as a follower, conf=-1: [e9c0f5a8-5599-48bb-94de-cd77deadfadd:192.168.164.239:33300], old=null
2019-10-10 18:44:42,057 [pool-257-thread-1] INFO  impl.RaftServerImpl (RaftServerImpl.java:setRole(170)) - e9c0f5a8-5599-48bb-94de-cd77deadfadd@group-F705D4507B23: changes role from      null to FOLLOWER at term 0 for startAsFollower
2019-10-10 18:44:42,057 [pool-257-thread-1] INFO  impl.RoleInfo (RoleInfo.java:updateAndGet(143)) - e9c0f5a8-5599-48bb-94de-cd77deadfadd: start FollowerState
2019-10-10 18:44:42,058 [pool-257-thread-1] INFO  util.JmxRegister (JmxRegister.java:tryRegister(44)) - Successfully registered JMX Bean with object name Ratis:service=RaftServer,group=group-F705D4507B23,id=e9c0f5a8-5599-48bb-94de-cd77deadfadd
2019-10-10 18:44:42,061 [RatisPipelineUtilsThread] INFO  pipeline.PipelineStateManager (PipelineStateManager.java:addPipeline(56)) - Created pipeline Pipeline[ Id: f28d2953-44c3-4240-9d7c-f705d4507b23, Nodes: e9c0f5a8-5599-48bb-94de-cd77deadfadd{ip: 192.168.164.239, host: pr-hdds-1986-hdr44-321838893, networkLocation: /default-rack, certSerialId: null}, Type:RATIS, Factor:ONE, State:OPEN]
2019-10-10 18:44:42,078 [grpc-default-executor-5] INFO  impl.RaftServerProxy (RaftServerProxy.java:addNew(89)) - 823d23b5-00e0-4fee-b1e9-a582b6d046c8: addNew group-C2F7127C1338:[823d23b5-00e0-4fee-b1e9-a582b6d046c8:192.168.164.239:38322] returns group-C2F7127C1338:java.util.concurrent.CompletableFuture@585906fc[Not completed]
2019-10-10 18:44:42,080 [pool-247-thread-1] INFO  impl.RaftServerImpl (RaftServerImpl.java:<init>(95)) - 823d23b5-00e0-4fee-b1e9-a582b6d046c8: new RaftServerImpl for group-C2F7127C1338:[823d23b5-00e0-4fee-b1e9-a582b6d046c8:192.168.164.239:38322] with ContainerStateMachine:uninitialized
2019-10-10 18:44:42,080 [pool-247-thread-1] INFO  server.RaftServerConfigKeys (ConfUtils.java:logGet(43)) - raft.server.rpc.timeout.min = 5s (custom)
2019-10-10 18:44:42,080 [pool-247-thread-1] INFO  server.RaftServerConfigKeys (ConfUtils.java:logGet(43)) - raft.server.rpc.timeout.max = 5200ms (custom)
2019-10-10 18:44:42,080 [pool-247-thread-1] INFO  server.RaftServerConfigKeys (ConfUtils.java:logGet(43)) - raft.server.rpcslowness.timeout = 120s (custom)
2019-10-10 18:44:42,080 [pool-247-thread-1] INFO  server.RaftServerConfigKeys (ConfUtils.java:logGet(43)) - raft.server.sleep.deviation.threshold = 300 (default)
2019-10-10 18:44:42,081 [pool-247-thread-1] INFO  server.RaftServerConfigKeys (ConfUtils.java:logGet(43)) - raft.server.log.appender.install.snapshot.enabled = false (custom)
2019-10-10 18:44:42,081 [pool-247-thread-1] INFO  impl.RaftServerImpl (ServerState.java:<init>(103)) - 823d23b5-00e0-4fee-b1e9-a582b6d046c8@group-C2F7127C1338: ConfigurationManager, init=-1: [823d23b5-00e0-4fee-b1e9-a582b6d046c8:192.168.164.239:38322], old=null, confs=<EMPTY_MAP>
2019-10-10 18:44:42,081 [pool-247-thread-1] INFO  server.RaftServerConfigKeys (ConfUtils.java:logGet(43)) - raft.server.storage.dir = [/workdir/hadoop-ozone/integration-test/target/test-dir/MiniOzoneClusterImpl-1fa03064-cf3b-46b2-b55a-2e6b8b8c34ec/datanode-4/data/ratis] (custom)
2019-10-10 18:44:42,081 [pool-247-thread-1] INFO  server.RaftServerConfigKeys (ConfUtils.java:logGet(43)) - raft.server.log.corruption.policy = EXCEPTION (default)
2019-10-10 18:44:42,082 [pool-247-thread-1] INFO  storage.RaftStorageDirectory (RaftStorageDirectory.java:analyzeStorage(246)) - The storage directory /workdir/hadoop-ozone/integration-test/target/test-dir/MiniOzoneClusterImpl-1fa03064-cf3b-46b2-b55a-2e6b8b8c34ec/datanode-4/data/ratis/9ebc483b-f942-4057-8b50-c2f7127c1338 does not exist. Creating ...
2019-10-10 18:44:42,105 [pool-247-thread-1] INFO  storage.RaftStorageDirectory (RaftStorageDirectory.java:tryLock(328)) - Lock on /workdir/hadoop-ozone/integration-test/target/test-dir/MiniOzoneClusterImpl-1fa03064-cf3b-46b2-b55a-2e6b8b8c34ec/datanode-4/data/ratis/9ebc483b-f942-4057-8b50-c2f7127c1338/in_use.lock acquired by nodename 17270@pr-hdds-1986-hdr44-321838893
2019-10-10 18:44:42,129 [pool-247-thread-1] INFO  storage.RaftStorage (RaftStorage.java:format(84)) - Storage directory /workdir/hadoop-ozone/integration-test/target/test-dir/MiniOzoneClusterImpl-1fa03064-cf3b-46b2-b55a-2e6b8b8c34ec/datanode-4/data/ratis/9ebc483b-f942-4057-8b50-c2f7127c1338 has been successfully formatted.
2019-10-10 18:44:42,129 [pool-247-thread-1] INFO  ratis.ContainerStateMachine (ContainerStateMachine.java:loadSnapshot(231)) - group-C2F7127C1338: The snapshot info is null. Setting the last applied indexto:(t:0, i:~)
2019-10-10 18:44:42,129 [pool-247-thread-1] INFO  server.RaftServerConfigKeys (ConfUtils.java:logGet(43)) - raft.server.notification.no-leader.timeout = 120s (custom)
2019-10-10 18:44:42,129 [pool-247-thread-1] INFO  server.RaftServerConfigKeys (ConfUtils.java:logGet(43)) - raft.server.log.use.memory = false (default)
2019-10-10 18:44:42,130 [pool-247-thread-1] INFO  server.RaftServerConfigKeys (ConfUtils.java:logGet(43)) - raft.server.log.purge.gap = 1000000 (custom)
2019-10-10 18:44:42,130 [pool-247-thread-1] INFO  server.RaftServerConfigKeys (ConfUtils.java:logGet(43)) - raft.server.log.appender.buffer.byte-limit = 33554432 (custom)
2019-10-10 18:44:42,130 [pool-247-thread-1] INFO  server.RaftServerConfigKeys (ConfUtils.java:logGet(43)) - raft.server.log.segment.size.max = 1048576 (custom)
2019-10-10 18:44:42,132 [pool-247-thread-1] INFO  server.RaftServerConfigKeys (ConfUtils.java:logGet(43)) - raft.server.log.segment.cache.num.max = 2 (custom)
2019-10-10 18:44:42,132 [pool-247-thread-1] INFO  segmented.SegmentedRaftLogWorker (SegmentedRaftLogWorker.java:<init>(173)) - new 823d23b5-00e0-4fee-b1e9-a582b6d046c8@group-C2F7127C1338-SegmentedRaftLogWorker for RaftStorage:Storage Directory /workdir/hadoop-ozone/integration-test/target/test-dir/MiniOzoneClusterImpl-1fa03064-cf3b-46b2-b55a-2e6b8b8c34ec/datanode-4/data/ratis/9ebc483b-f942-4057-8b50-c2f7127c1338
2019-10-10 18:44:42,132 [pool-247-thread-1] INFO  server.RaftServerConfigKeys (ConfUtils.java:logGet(43)) - raft.server.log.queue.byte-limit = 2147483647 (custom)
2019-10-10 18:44:42,132 [pool-247-thread-1] INFO  server.RaftServerConfigKeys (ConfUtils.java:logGet(43)) - raft.server.log.queue.element-limit = 1024 (custom)
2019-10-10 18:44:42,132 [pool-247-thread-1] INFO  server.RaftServerConfigKeys (ConfUtils.java:logGet(43)) - raft.server.log.segment.size.max = 1048576 (custom)
2019-10-10 18:44:42,132 [pool-247-thread-1] INFO  server.RaftServerConfigKeys (ConfUtils.java:logGet(43)) - raft.server.log.preallocated.size = 16384 (custom)
2019-10-10 18:44:42,132 [pool-247-thread-1] INFO  server.RaftServerConfigKeys (ConfUtils.java:logGet(43)) - raft.server.log.write.buffer.size = 33554432 (custom)
2019-10-10 18:44:42,132 [pool-247-thread-1] INFO  server.RaftServerConfigKeys (ConfUtils.java:logGet(43)) - raft.server.log.force.sync.num = 128 (default)
2019-10-10 18:44:42,133 [pool-247-thread-1] INFO  server.RaftServerConfigKeys (ConfUtils.java:logGet(43)) - raft.server.log.statemachine.data.sync = true (default)
2019-10-10 18:44:42,133 [pool-247-thread-1] INFO  server.RaftServerConfigKeys (ConfUtils.java:logGet(43)) - raft.server.log.statemachine.data.sync.timeout = 10s (default)
2019-10-10 18:44:42,133 [pool-247-thread-1] INFO  server.RaftServerConfigKeys (ConfUtils.java:logGet(43)) - raft.server.log.statemachine.data.sync.timeout.retry = -1 (default)
2019-10-10 18:44:42,134 [pool-247-thread-1] INFO  server.RaftServerConfigKeys (ConfUtils.java:logGet(43)) - raft.server.log.statemachine.data.caching.enabled = true (custom)
2019-10-10 18:44:42,134 [pool-247-thread-1] INFO  segmented.SegmentedRaftLogWorker (SegmentedRaftLogWorker.java:lambda$new$0(128)) - 823d23b5-00e0-4fee-b1e9-a582b6d046c8@group-C2F7127C1338-SegmentedRaftLogWorker: flushIndex: setUnconditionally 0 -> -1
2019-10-10 18:44:42,134 [pool-247-thread-1] INFO  server.RaftServerConfigKeys (ConfUtils.java:logGet(43)) - raft.server.snapshot.auto.trigger.enabled = true (custom)
2019-10-10 18:44:42,134 [pool-247-thread-1] INFO  server.RaftServerConfigKeys (ConfUtils.java:logGet(43)) - raft.server.snapshot.auto.trigger.threshold = 10000 (custom)
2019-10-10 18:44:42,134 [pool-247-thread-1] INFO  server.RaftServerConfigKeys (ConfUtils.java:logGet(43)) - raft.server.snapshot.retention.file.num = 5 (custom)
2019-10-10 18:44:42,135 [pool-247-thread-1] INFO  server.RaftServerConfigKeys (ConfUtils.java:logGet(43)) - raft.server.retrycache.expirytime = 600000ms (custom)
2019-10-10 18:44:42,136 [pool-247-thread-1] INFO  impl.RaftServerImpl (RaftServerImpl.java:start(181)) - 823d23b5-00e0-4fee-b1e9-a582b6d046c8@group-C2F7127C1338: start as a follower, conf=-1: [823d23b5-00e0-4fee-b1e9-a582b6d046c8:192.168.164.239:38322], old=null
2019-10-10 18:44:42,136 [pool-247-thread-1] INFO  impl.RaftServerImpl (RaftServerImpl.java:setRole(170)) - 823d23b5-00e0-4fee-b1e9-a582b6d046c8@group-C2F7127C1338: changes role from      null to FOLLOWER at term 0 for startAsFollower
2019-10-10 18:44:42,136 [pool-247-thread-1] INFO  impl.RoleInfo (RoleInfo.java:updateAndGet(143)) - 823d23b5-00e0-4fee-b1e9-a582b6d046c8: start FollowerState
2019-10-10 18:44:42,137 [pool-247-thread-1] INFO  util.JmxRegister (JmxRegister.java:tryRegister(44)) - Successfully registered JMX Bean with object name Ratis:service=RaftServer,group=group-C2F7127C1338,id=823d23b5-00e0-4fee-b1e9-a582b6d046c8
2019-10-10 18:44:42,140 [RatisPipelineUtilsThread] INFO  pipeline.PipelineStateManager (PipelineStateManager.java:addPipeline(56)) - Created pipeline Pipeline[ Id: 9ebc483b-f942-4057-8b50-c2f7127c1338, Nodes: 823d23b5-00e0-4fee-b1e9-a582b6d046c8{ip: 192.168.164.239, host: pr-hdds-1986-hdr44-321838893, networkLocation: /default-rack, certSerialId: null}, Type:RATIS, Factor:ONE, State:OPEN]
2019-10-10 18:44:42,148 [grpc-default-executor-5] INFO  impl.RaftServerProxy (RaftServerProxy.java:addNew(89)) - a1caf04e-1cc8-4a5d-9c44-a3f497b61d5b: addNew group-254A27A69DD4:[a1caf04e-1cc8-4a5d-9c44-a3f497b61d5b:192.168.164.239:37096] returns group-254A27A69DD4:java.util.concurrent.CompletableFuture@48691435[Not completed]
2019-10-10 18:44:42,150 [pool-267-thread-1] INFO  impl.RaftServerImpl (RaftServerImpl.java:<init>(95)) - a1caf04e-1cc8-4a5d-9c44-a3f497b61d5b: new RaftServerImpl for group-254A27A69DD4:[a1caf04e-1cc8-4a5d-9c44-a3f497b61d5b:192.168.164.239:37096] with ContainerStateMachine:uninitialized
2019-10-10 18:44:42,150 [pool-267-thread-1] INFO  server.RaftServerConfigKeys (ConfUtils.java:logGet(43)) - raft.server.rpc.timeout.min = 5s (custom)
2019-10-10 18:44:42,150 [pool-267-thread-1] INFO  server.RaftServerConfigKeys (ConfUtils.java:logGet(43)) - raft.server.rpc.timeout.max = 5200ms (custom)
2019-10-10 18:44:42,150 [pool-267-thread-1] INFO  server.RaftServerConfigKeys (ConfUtils.java:logGet(43)) - raft.server.rpcslowness.timeout = 120s (custom)
2019-10-10 18:44:42,150 [pool-267-thread-1] INFO  server.RaftServerConfigKeys (ConfUtils.java:logGet(43)) - raft.server.sleep.deviation.threshold = 300 (default)
2019-10-10 18:44:42,151 [pool-267-thread-1] INFO  server.RaftServerConfigKeys (ConfUtils.java:logGet(43)) - raft.server.log.appender.install.snapshot.enabled = false (custom)
2019-10-10 18:44:42,151 [pool-267-thread-1] INFO  impl.RaftServerImpl (ServerState.java:<init>(103)) - a1caf04e-1cc8-4a5d-9c44-a3f497b61d5b@group-254A27A69DD4: ConfigurationManager, init=-1: [a1caf04e-1cc8-4a5d-9c44-a3f497b61d5b:192.168.164.239:37096], old=null, confs=<EMPTY_MAP>
2019-10-10 18:44:42,151 [pool-267-thread-1] INFO  server.RaftServerConfigKeys (ConfUtils.java:logGet(43)) - raft.server.storage.dir = [/workdir/hadoop-ozone/integration-test/target/test-dir/MiniOzoneClusterImpl-1fa03064-cf3b-46b2-b55a-2e6b8b8c34ec/datanode-6/data/ratis] (custom)
2019-10-10 18:44:42,151 [pool-267-thread-1] INFO  server.RaftServerConfigKeys (ConfUtils.java:logGet(43)) - raft.server.log.corruption.policy = EXCEPTION (default)
2019-10-10 18:44:42,152 [pool-267-thread-1] INFO  storage.RaftStorageDirectory (RaftStorageDirectory.java:analyzeStorage(246)) - The storage directory /workdir/hadoop-ozone/integration-test/target/test-dir/MiniOzoneClusterImpl-1fa03064-cf3b-46b2-b55a-2e6b8b8c34ec/datanode-6/data/ratis/cef95e12-1a7b-4a06-a801-254a27a69dd4 does not exist. Creating ...
2019-10-10 18:44:42,174 [pool-267-thread-1] INFO  storage.RaftStorageDirectory (RaftStorageDirectory.java:tryLock(328)) - Lock on /workdir/hadoop-ozone/integration-test/target/test-dir/MiniOzoneClusterImpl-1fa03064-cf3b-46b2-b55a-2e6b8b8c34ec/datanode-6/data/ratis/cef95e12-1a7b-4a06-a801-254a27a69dd4/in_use.lock acquired by nodename 17270@pr-hdds-1986-hdr44-321838893
2019-10-10 18:44:42,198 [pool-267-thread-1] INFO  storage.RaftStorage (RaftStorage.java:format(84)) - Storage directory /workdir/hadoop-ozone/integration-test/target/test-dir/MiniOzoneClusterImpl-1fa03064-cf3b-46b2-b55a-2e6b8b8c34ec/datanode-6/data/ratis/cef95e12-1a7b-4a06-a801-254a27a69dd4 has been successfully formatted.
2019-10-10 18:44:42,198 [pool-267-thread-1] INFO  ratis.ContainerStateMachine (ContainerStateMachine.java:loadSnapshot(231)) - group-254A27A69DD4: The snapshot info is null. Setting the last applied indexto:(t:0, i:~)
2019-10-10 18:44:42,198 [pool-267-thread-1] INFO  server.RaftServerConfigKeys (ConfUtils.java:logGet(43)) - raft.server.notification.no-leader.timeout = 120s (custom)
2019-10-10 18:44:42,199 [pool-267-thread-1] INFO  server.RaftServerConfigKeys (ConfUtils.java:logGet(43)) - raft.server.log.use.memory = false (default)
2019-10-10 18:44:42,199 [pool-267-thread-1] INFO  server.RaftServerConfigKeys (ConfUtils.java:logGet(43)) - raft.server.log.purge.gap = 1000000 (custom)
2019-10-10 18:44:42,199 [pool-267-thread-1] INFO  server.RaftServerConfigKeys (ConfUtils.java:logGet(43)) - raft.server.log.appender.buffer.byte-limit = 33554432 (custom)
2019-10-10 18:44:42,199 [pool-267-thread-1] INFO  server.RaftServerConfigKeys (ConfUtils.java:logGet(43)) - raft.server.log.segment.size.max = 1048576 (custom)
2019-10-10 18:44:42,201 [pool-267-thread-1] INFO  server.RaftServerConfigKeys (ConfUtils.java:logGet(43)) - raft.server.log.segment.cache.num.max = 2 (custom)
2019-10-10 18:44:42,201 [pool-267-thread-1] INFO  segmented.SegmentedRaftLogWorker (SegmentedRaftLogWorker.java:<init>(173)) - new a1caf04e-1cc8-4a5d-9c44-a3f497b61d5b@group-254A27A69DD4-SegmentedRaftLogWorker for RaftStorage:Storage Directory /workdir/hadoop-ozone/integration-test/target/test-dir/MiniOzoneClusterImpl-1fa03064-cf3b-46b2-b55a-2e6b8b8c34ec/datanode-6/data/ratis/cef95e12-1a7b-4a06-a801-254a27a69dd4
2019-10-10 18:44:42,201 [pool-267-thread-1] INFO  server.RaftServerConfigKeys (ConfUtils.java:logGet(43)) - raft.server.log.queue.byte-limit = 2147483647 (custom)
2019-10-10 18:44:42,202 [pool-267-thread-1] INFO  server.RaftServerConfigKeys (ConfUtils.java:logGet(43)) - raft.server.log.queue.element-limit = 1024 (custom)
2019-10-10 18:44:42,202 [pool-267-thread-1] INFO  server.RaftServerConfigKeys (ConfUtils.java:logGet(43)) - raft.server.log.segment.size.max = 1048576 (custom)
2019-10-10 18:44:42,202 [pool-267-thread-1] INFO  server.RaftServerConfigKeys (ConfUtils.java:logGet(43)) - raft.server.log.preallocated.size = 16384 (custom)
2019-10-10 18:44:42,202 [pool-267-thread-1] INFO  server.RaftServerConfigKeys (ConfUtils.java:logGet(43)) - raft.server.log.write.buffer.size = 33554432 (custom)
2019-10-10 18:44:42,202 [pool-267-thread-1] INFO  server.RaftServerConfigKeys (ConfUtils.java:logGet(43)) - raft.server.log.force.sync.num = 128 (default)
2019-10-10 18:44:42,203 [pool-267-thread-1] INFO  server.RaftServerConfigKeys (ConfUtils.java:logGet(43)) - raft.server.log.statemachine.data.sync = true (default)
2019-10-10 18:44:42,203 [pool-267-thread-1] INFO  server.RaftServerConfigKeys (ConfUtils.java:logGet(43)) - raft.server.log.statemachine.data.sync.timeout = 10s (default)
2019-10-10 18:44:42,203 [pool-267-thread-1] INFO  server.RaftServerConfigKeys (ConfUtils.java:logGet(43)) - raft.server.log.statemachine.data.sync.timeout.retry = -1 (default)
2019-10-10 18:44:42,203 [pool-267-thread-1] INFO  server.RaftServerConfigKeys (ConfUtils.java:logGet(43)) - raft.server.log.statemachine.data.caching.enabled = true (custom)
2019-10-10 18:44:42,204 [pool-267-thread-1] INFO  segmented.SegmentedRaftLogWorker (SegmentedRaftLogWorker.java:lambda$new$0(128)) - a1caf04e-1cc8-4a5d-9c44-a3f497b61d5b@group-254A27A69DD4-SegmentedRaftLogWorker: flushIndex: setUnconditionally 0 -> -1
2019-10-10 18:44:42,204 [pool-267-thread-1] INFO  server.RaftServerConfigKeys (ConfUtils.java:logGet(43)) - raft.server.snapshot.auto.trigger.enabled = true (custom)
2019-10-10 18:44:42,204 [pool-267-thread-1] INFO  server.RaftServerConfigKeys (ConfUtils.java:logGet(43)) - raft.server.snapshot.auto.trigger.threshold = 10000 (custom)
2019-10-10 18:44:42,204 [pool-267-thread-1] INFO  server.RaftServerConfigKeys (ConfUtils.java:logGet(43)) - raft.server.snapshot.retention.file.num = 5 (custom)
2019-10-10 18:44:42,205 [pool-267-thread-1] INFO  server.RaftServerConfigKeys (ConfUtils.java:logGet(43)) - raft.server.retrycache.expirytime = 600000ms (custom)
2019-10-10 18:44:42,206 [pool-267-thread-1] INFO  impl.RaftServerImpl (RaftServerImpl.java:start(181)) - a1caf04e-1cc8-4a5d-9c44-a3f497b61d5b@group-254A27A69DD4: start as a follower, conf=-1: [a1caf04e-1cc8-4a5d-9c44-a3f497b61d5b:192.168.164.239:37096], old=null
2019-10-10 18:44:42,206 [pool-267-thread-1] INFO  impl.RaftServerImpl (RaftServerImpl.java:setRole(170)) - a1caf04e-1cc8-4a5d-9c44-a3f497b61d5b@group-254A27A69DD4: changes role from      null to FOLLOWER at term 0 for startAsFollower
2019-10-10 18:44:42,207 [pool-267-thread-1] INFO  impl.RoleInfo (RoleInfo.java:updateAndGet(143)) - a1caf04e-1cc8-4a5d-9c44-a3f497b61d5b: start FollowerState
2019-10-10 18:44:42,207 [pool-267-thread-1] INFO  util.JmxRegister (JmxRegister.java:tryRegister(44)) - Successfully registered JMX Bean with object name Ratis:service=RaftServer,group=group-254A27A69DD4,id=a1caf04e-1cc8-4a5d-9c44-a3f497b61d5b
2019-10-10 18:44:42,211 [RatisPipelineUtilsThread] INFO  pipeline.PipelineStateManager (PipelineStateManager.java:addPipeline(56)) - Created pipeline Pipeline[ Id: cef95e12-1a7b-4a06-a801-254a27a69dd4, Nodes: a1caf04e-1cc8-4a5d-9c44-a3f497b61d5b{ip: 192.168.164.239, host: pr-hdds-1986-hdr44-321838893, networkLocation: /default-rack, certSerialId: null}, Type:RATIS, Factor:ONE, State:OPEN]
2019-10-10 18:44:42,223 [grpc-default-executor-5] INFO  impl.RaftServerProxy (RaftServerProxy.java:addNew(89)) - 2c32d965-c177-4b43-8c46-b96c8e80bb09: addNew group-D50BEDBF8F46:[2c32d965-c177-4b43-8c46-b96c8e80bb09:192.168.164.239:38708, 823d23b5-00e0-4fee-b1e9-a582b6d046c8:192.168.164.239:38322, e9c0f5a8-5599-48bb-94de-cd77deadfadd:192.168.164.239:33300] returns group-D50BEDBF8F46:java.util.concurrent.CompletableFuture@6c52a1af[Not completed]
2019-10-10 18:44:42,226 [pool-237-thread-1] INFO  impl.RaftServerImpl (RaftServerImpl.java:<init>(95)) - 2c32d965-c177-4b43-8c46-b96c8e80bb09: new RaftServerImpl for group-D50BEDBF8F46:[2c32d965-c177-4b43-8c46-b96c8e80bb09:192.168.164.239:38708, 823d23b5-00e0-4fee-b1e9-a582b6d046c8:192.168.164.239:38322, e9c0f5a8-5599-48bb-94de-cd77deadfadd:192.168.164.239:33300] with ContainerStateMachine:uninitialized
2019-10-10 18:44:42,226 [pool-237-thread-1] INFO  server.RaftServerConfigKeys (ConfUtils.java:logGet(43)) - raft.server.rpc.timeout.min = 5s (custom)
2019-10-10 18:44:42,226 [pool-237-thread-1] INFO  server.RaftServerConfigKeys (ConfUtils.java:logGet(43)) - raft.server.rpc.timeout.max = 5200ms (custom)
2019-10-10 18:44:42,227 [pool-237-thread-1] INFO  server.RaftServerConfigKeys (ConfUtils.java:logGet(43)) - raft.server.rpcslowness.timeout = 120s (custom)
2019-10-10 18:44:42,227 [pool-237-thread-1] INFO  server.RaftServerConfigKeys (ConfUtils.java:logGet(43)) - raft.server.sleep.deviation.threshold = 300 (default)
2019-10-10 18:44:42,227 [grpc-default-executor-5] INFO  impl.RaftServerProxy (RaftServerProxy.java:addNew(89)) - 823d23b5-00e0-4fee-b1e9-a582b6d046c8: addNew group-D50BEDBF8F46:[2c32d965-c177-4b43-8c46-b96c8e80bb09:192.168.164.239:38708, 823d23b5-00e0-4fee-b1e9-a582b6d046c8:192.168.164.239:38322, e9c0f5a8-5599-48bb-94de-cd77deadfadd:192.168.164.239:33300] returns group-D50BEDBF8F46:java.util.concurrent.CompletableFuture@d8defe2[Not completed]
2019-10-10 18:44:42,227 [pool-237-thread-1] INFO  server.RaftServerConfigKeys (ConfUtils.java:logGet(43)) - raft.server.log.appender.install.snapshot.enabled = false (custom)
2019-10-10 18:44:42,227 [grpc-default-executor-3] INFO  impl.RaftServerProxy (RaftServerProxy.java:addNew(89)) - e9c0f5a8-5599-48bb-94de-cd77deadfadd: addNew group-D50BEDBF8F46:[2c32d965-c177-4b43-8c46-b96c8e80bb09:192.168.164.239:38708, 823d23b5-00e0-4fee-b1e9-a582b6d046c8:192.168.164.239:38322, e9c0f5a8-5599-48bb-94de-cd77deadfadd:192.168.164.239:33300] returns group-D50BEDBF8F46:java.util.concurrent.CompletableFuture@2a19731a[Not completed]
2019-10-10 18:44:42,227 [pool-237-thread-1] INFO  impl.RaftServerImpl (ServerState.java:<init>(103)) - 2c32d965-c177-4b43-8c46-b96c8e80bb09@group-D50BEDBF8F46: ConfigurationManager, init=-1: [2c32d965-c177-4b43-8c46-b96c8e80bb09:192.168.164.239:38708, 823d23b5-00e0-4fee-b1e9-a582b6d046c8:192.168.164.239:38322, e9c0f5a8-5599-48bb-94de-cd77deadfadd:192.168.164.239:33300], old=null, confs=<EMPTY_MAP>
2019-10-10 18:44:42,228 [pool-237-thread-1] INFO  server.RaftServerConfigKeys (ConfUtils.java:logGet(43)) - raft.server.storage.dir = [/workdir/hadoop-ozone/integration-test/target/test-dir/MiniOzoneClusterImpl-1fa03064-cf3b-46b2-b55a-2e6b8b8c34ec/datanode-3/data/ratis] (custom)
2019-10-10 18:44:42,228 [pool-237-thread-1] INFO  server.RaftServerConfigKeys (ConfUtils.java:logGet(43)) - raft.server.log.corruption.policy = EXCEPTION (default)
2019-10-10 18:44:42,228 [pool-237-thread-1] INFO  storage.RaftStorageDirectory (RaftStorageDirectory.java:analyzeStorage(246)) - The storage directory /workdir/hadoop-ozone/integration-test/target/test-dir/MiniOzoneClusterImpl-1fa03064-cf3b-46b2-b55a-2e6b8b8c34ec/datanode-3/data/ratis/a2ba1021-e7e6-4311-84c0-d50bedbf8f46 does not exist. Creating ...
2019-10-10 18:44:42,229 [pool-247-thread-1] INFO  impl.RaftServerImpl (RaftServerImpl.java:<init>(95)) - 823d23b5-00e0-4fee-b1e9-a582b6d046c8: new RaftServerImpl for group-D50BEDBF8F46:[2c32d965-c177-4b43-8c46-b96c8e80bb09:192.168.164.239:38708, 823d23b5-00e0-4fee-b1e9-a582b6d046c8:192.168.164.239:38322, e9c0f5a8-5599-48bb-94de-cd77deadfadd:192.168.164.239:33300] with ContainerStateMachine:uninitialized
2019-10-10 18:44:42,229 [pool-247-thread-1] INFO  server.RaftServerConfigKeys (ConfUtils.java:logGet(43)) - raft.server.rpc.timeout.min = 5s (custom)
2019-10-10 18:44:42,229 [pool-247-thread-1] INFO  server.RaftServerConfigKeys (ConfUtils.java:logGet(43)) - raft.server.rpc.timeout.max = 5200ms (custom)
2019-10-10 18:44:42,229 [pool-247-thread-1] INFO  server.RaftServerConfigKeys (ConfUtils.java:logGet(43)) - raft.server.rpcslowness.timeout = 120s (custom)
2019-10-10 18:44:42,229 [pool-247-thread-1] INFO  server.RaftServerConfigKeys (ConfUtils.java:logGet(43)) - raft.server.sleep.deviation.threshold = 300 (default)
2019-10-10 18:44:42,229 [pool-247-thread-1] INFO  server.RaftServerConfigKeys (ConfUtils.java:logGet(43)) - raft.server.log.appender.install.snapshot.enabled = false (custom)
2019-10-10 18:44:42,230 [pool-247-thread-1] INFO  impl.RaftServerImpl (ServerState.java:<init>(103)) - 823d23b5-00e0-4fee-b1e9-a582b6d046c8@group-D50BEDBF8F46: ConfigurationManager, init=-1: [2c32d965-c177-4b43-8c46-b96c8e80bb09:192.168.164.239:38708, 823d23b5-00e0-4fee-b1e9-a582b6d046c8:192.168.164.239:38322, e9c0f5a8-5599-48bb-94de-cd77deadfadd:192.168.164.239:33300], old=null, confs=<EMPTY_MAP>
2019-10-10 18:44:42,230 [pool-247-thread-1] INFO  server.RaftServerConfigKeys (ConfUtils.java:logGet(43)) - raft.server.storage.dir = [/workdir/hadoop-ozone/integration-test/target/test-dir/MiniOzoneClusterImpl-1fa03064-cf3b-46b2-b55a-2e6b8b8c34ec/datanode-4/data/ratis] (custom)
2019-10-10 18:44:42,230 [pool-257-thread-1] INFO  impl.RaftServerImpl (RaftServerImpl.java:<init>(95)) - e9c0f5a8-5599-48bb-94de-cd77deadfadd: new RaftServerImpl for group-D50BEDBF8F46:[2c32d965-c177-4b43-8c46-b96c8e80bb09:192.168.164.239:38708, 823d23b5-00e0-4fee-b1e9-a582b6d046c8:192.168.164.239:38322, e9c0f5a8-5599-48bb-94de-cd77deadfadd:192.168.164.239:33300] with ContainerStateMachine:uninitialized
2019-10-10 18:44:42,230 [pool-257-thread-1] INFO  server.RaftServerConfigKeys (ConfUtils.java:logGet(43)) - raft.server.rpc.timeout.min = 5s (custom)
2019-10-10 18:44:42,230 [pool-257-thread-1] INFO  server.RaftServerConfigKeys (ConfUtils.java:logGet(43)) - raft.server.rpc.timeout.max = 5200ms (custom)
2019-10-10 18:44:42,230 [pool-247-thread-1] INFO  server.RaftServerConfigKeys (ConfUtils.java:logGet(43)) - raft.server.log.corruption.policy = EXCEPTION (default)
2019-10-10 18:44:42,231 [pool-257-thread-1] INFO  server.RaftServerConfigKeys (ConfUtils.java:logGet(43)) - raft.server.rpcslowness.timeout = 120s (custom)
2019-10-10 18:44:42,231 [pool-247-thread-1] INFO  storage.RaftStorageDirectory (RaftStorageDirectory.java:analyzeStorage(246)) - The storage directory /workdir/hadoop-ozone/integration-test/target/test-dir/MiniOzoneClusterImpl-1fa03064-cf3b-46b2-b55a-2e6b8b8c34ec/datanode-4/data/ratis/a2ba1021-e7e6-4311-84c0-d50bedbf8f46 does not exist. Creating ...
2019-10-10 18:44:42,231 [pool-257-thread-1] INFO  server.RaftServerConfigKeys (ConfUtils.java:logGet(43)) - raft.server.sleep.deviation.threshold = 300 (default)
2019-10-10 18:44:42,231 [pool-257-thread-1] INFO  server.RaftServerConfigKeys (ConfUtils.java:logGet(43)) - raft.server.log.appender.install.snapshot.enabled = false (custom)
2019-10-10 18:44:42,231 [pool-257-thread-1] INFO  impl.RaftServerImpl (ServerState.java:<init>(103)) - e9c0f5a8-5599-48bb-94de-cd77deadfadd@group-D50BEDBF8F46: ConfigurationManager, init=-1: [2c32d965-c177-4b43-8c46-b96c8e80bb09:192.168.164.239:38708, 823d23b5-00e0-4fee-b1e9-a582b6d046c8:192.168.164.239:38322, e9c0f5a8-5599-48bb-94de-cd77deadfadd:192.168.164.239:33300], old=null, confs=<EMPTY_MAP>
2019-10-10 18:44:42,231 [pool-257-thread-1] INFO  server.RaftServerConfigKeys (ConfUtils.java:logGet(43)) - raft.server.storage.dir = [/workdir/hadoop-ozone/integration-test/target/test-dir/MiniOzoneClusterImpl-1fa03064-cf3b-46b2-b55a-2e6b8b8c34ec/datanode-5/data/ratis] (custom)
2019-10-10 18:44:42,232 [pool-257-thread-1] INFO  server.RaftServerConfigKeys (ConfUtils.java:logGet(43)) - raft.server.log.corruption.policy = EXCEPTION (default)
2019-10-10 18:44:42,232 [pool-257-thread-1] INFO  storage.RaftStorageDirectory (RaftStorageDirectory.java:analyzeStorage(246)) - The storage directory /workdir/hadoop-ozone/integration-test/target/test-dir/MiniOzoneClusterImpl-1fa03064-cf3b-46b2-b55a-2e6b8b8c34ec/datanode-5/data/ratis/a2ba1021-e7e6-4311-84c0-d50bedbf8f46 does not exist. Creating ...
2019-10-10 18:44:42,252 [pool-257-thread-1] INFO  storage.RaftStorageDirectory (RaftStorageDirectory.java:tryLock(328)) - Lock on /workdir/hadoop-ozone/integration-test/target/test-dir/MiniOzoneClusterImpl-1fa03064-cf3b-46b2-b55a-2e6b8b8c34ec/datanode-5/data/ratis/a2ba1021-e7e6-4311-84c0-d50bedbf8f46/in_use.lock acquired by nodename 17270@pr-hdds-1986-hdr44-321838893
2019-10-10 18:44:42,252 [pool-247-thread-1] INFO  storage.RaftStorageDirectory (RaftStorageDirectory.java:tryLock(328)) - Lock on /workdir/hadoop-ozone/integration-test/target/test-dir/MiniOzoneClusterImpl-1fa03064-cf3b-46b2-b55a-2e6b8b8c34ec/datanode-4/data/ratis/a2ba1021-e7e6-4311-84c0-d50bedbf8f46/in_use.lock acquired by nodename 17270@pr-hdds-1986-hdr44-321838893
2019-10-10 18:44:42,252 [pool-237-thread-1] INFO  storage.RaftStorageDirectory (RaftStorageDirectory.java:tryLock(328)) - Lock on /workdir/hadoop-ozone/integration-test/target/test-dir/MiniOzoneClusterImpl-1fa03064-cf3b-46b2-b55a-2e6b8b8c34ec/datanode-3/data/ratis/a2ba1021-e7e6-4311-84c0-d50bedbf8f46/in_use.lock acquired by nodename 17270@pr-hdds-1986-hdr44-321838893
2019-10-10 18:44:42,275 [pool-247-thread-1] INFO  storage.RaftStorage (RaftStorage.java:format(84)) - Storage directory /workdir/hadoop-ozone/integration-test/target/test-dir/MiniOzoneClusterImpl-1fa03064-cf3b-46b2-b55a-2e6b8b8c34ec/datanode-4/data/ratis/a2ba1021-e7e6-4311-84c0-d50bedbf8f46 has been successfully formatted.
2019-10-10 18:44:42,275 [pool-237-thread-1] INFO  storage.RaftStorage (RaftStorage.java:format(84)) - Storage directory /workdir/hadoop-ozone/integration-test/target/test-dir/MiniOzoneClusterImpl-1fa03064-cf3b-46b2-b55a-2e6b8b8c34ec/datanode-3/data/ratis/a2ba1021-e7e6-4311-84c0-d50bedbf8f46 has been successfully formatted.
2019-10-10 18:44:42,275 [pool-257-thread-1] INFO  storage.RaftStorage (RaftStorage.java:format(84)) - Storage directory /workdir/hadoop-ozone/integration-test/target/test-dir/MiniOzoneClusterImpl-1fa03064-cf3b-46b2-b55a-2e6b8b8c34ec/datanode-5/data/ratis/a2ba1021-e7e6-4311-84c0-d50bedbf8f46 has been successfully formatted.
2019-10-10 18:44:42,275 [pool-237-thread-1] INFO  ratis.ContainerStateMachine (ContainerStateMachine.java:loadSnapshot(231)) - group-D50BEDBF8F46: The snapshot info is null. Setting the last applied indexto:(t:0, i:~)
2019-10-10 18:44:42,275 [pool-247-thread-1] INFO  ratis.ContainerStateMachine (ContainerStateMachine.java:loadSnapshot(231)) - group-D50BEDBF8F46: The snapshot info is null. Setting the last applied indexto:(t:0, i:~)
2019-10-10 18:44:42,276 [pool-237-thread-1] INFO  server.RaftServerConfigKeys (ConfUtils.java:logGet(43)) - raft.server.notification.no-leader.timeout = 120s (custom)
2019-10-10 18:44:42,276 [pool-257-thread-1] INFO  ratis.ContainerStateMachine (ContainerStateMachine.java:loadSnapshot(231)) - group-D50BEDBF8F46: The snapshot info is null. Setting the last applied indexto:(t:0, i:~)
2019-10-10 18:44:42,276 [pool-237-thread-1] INFO  server.RaftServerConfigKeys (ConfUtils.java:logGet(43)) - raft.server.log.use.memory = false (default)
2019-10-10 18:44:42,276 [pool-247-thread-1] INFO  server.RaftServerConfigKeys (ConfUtils.java:logGet(43)) - raft.server.notification.no-leader.timeout = 120s (custom)
2019-10-10 18:44:42,276 [pool-237-thread-1] INFO  server.RaftServerConfigKeys (ConfUtils.java:logGet(43)) - raft.server.log.purge.gap = 1000000 (custom)
2019-10-10 18:44:42,276 [pool-257-thread-1] INFO  server.RaftServerConfigKeys (ConfUtils.java:logGet(43)) - raft.server.notification.no-leader.timeout = 120s (custom)
2019-10-10 18:44:42,276 [pool-237-thread-1] INFO  server.RaftServerConfigKeys (ConfUtils.java:logGet(43)) - raft.server.log.appender.buffer.byte-limit = 33554432 (custom)
2019-10-10 18:44:42,276 [pool-247-thread-1] INFO  server.RaftServerConfigKeys (ConfUtils.java:logGet(43)) - raft.server.log.use.memory = false (default)
2019-10-10 18:44:42,276 [pool-237-thread-1] INFO  server.RaftServerConfigKeys (ConfUtils.java:logGet(43)) - raft.server.log.segment.size.max = 1048576 (custom)
2019-10-10 18:44:42,276 [pool-257-thread-1] INFO  server.RaftServerConfigKeys (ConfUtils.java:logGet(43)) - raft.server.log.use.memory = false (default)
2019-10-10 18:44:42,277 [pool-237-thread-1] INFO  server.RaftServerConfigKeys (ConfUtils.java:logGet(43)) - raft.server.log.segment.cache.num.max = 2 (custom)
2019-10-10 18:44:42,277 [pool-247-thread-1] INFO  server.RaftServerConfigKeys (ConfUtils.java:logGet(43)) - raft.server.log.purge.gap = 1000000 (custom)
2019-10-10 18:44:42,277 [pool-237-thread-1] INFO  segmented.SegmentedRaftLogWorker (SegmentedRaftLogWorker.java:<init>(173)) - new 2c32d965-c177-4b43-8c46-b96c8e80bb09@group-D50BEDBF8F46-SegmentedRaftLogWorker for RaftStorage:Storage Directory /workdir/hadoop-ozone/integration-test/target/test-dir/MiniOzoneClusterImpl-1fa03064-cf3b-46b2-b55a-2e6b8b8c34ec/datanode-3/data/ratis/a2ba1021-e7e6-4311-84c0-d50bedbf8f46
2019-10-10 18:44:42,277 [pool-257-thread-1] INFO  server.RaftServerConfigKeys (ConfUtils.java:logGet(43)) - raft.server.log.purge.gap = 1000000 (custom)
2019-10-10 18:44:42,277 [pool-237-thread-1] INFO  server.RaftServerConfigKeys (ConfUtils.java:logGet(43)) - raft.server.log.queue.byte-limit = 2147483647 (custom)
2019-10-10 18:44:42,277 [pool-247-thread-1] INFO  server.RaftServerConfigKeys (ConfUtils.java:logGet(43)) - raft.server.log.appender.buffer.byte-limit = 33554432 (custom)
2019-10-10 18:44:42,277 [pool-237-thread-1] INFO  server.RaftServerConfigKeys (ConfUtils.java:logGet(43)) - raft.server.log.queue.element-limit = 1024 (custom)
2019-10-10 18:44:42,277 [pool-257-thread-1] INFO  server.RaftServerConfigKeys (ConfUtils.java:logGet(43)) - raft.server.log.appender.buffer.byte-limit = 33554432 (custom)
2019-10-10 18:44:42,277 [pool-237-thread-1] INFO  server.RaftServerConfigKeys (ConfUtils.java:logGet(43)) - raft.server.log.segment.size.max = 1048576 (custom)
2019-10-10 18:44:42,277 [pool-247-thread-1] INFO  server.RaftServerConfigKeys (ConfUtils.java:logGet(43)) - raft.server.log.segment.size.max = 1048576 (custom)
2019-10-10 18:44:42,277 [pool-237-thread-1] INFO  server.RaftServerConfigKeys (ConfUtils.java:logGet(43)) - raft.server.log.preallocated.size = 16384 (custom)
2019-10-10 18:44:42,277 [pool-257-thread-1] INFO  server.RaftServerConfigKeys (ConfUtils.java:logGet(43)) - raft.server.log.segment.size.max = 1048576 (custom)
2019-10-10 18:44:42,278 [pool-237-thread-1] INFO  server.RaftServerConfigKeys (ConfUtils.java:logGet(43)) - raft.server.log.write.buffer.size = 33554432 (custom)
2019-10-10 18:44:42,278 [pool-247-thread-1] INFO  server.RaftServerConfigKeys (ConfUtils.java:logGet(43)) - raft.server.log.segment.cache.num.max = 2 (custom)
2019-10-10 18:44:42,278 [pool-237-thread-1] INFO  server.RaftServerConfigKeys (ConfUtils.java:logGet(43)) - raft.server.log.force.sync.num = 128 (default)
2019-10-10 18:44:42,278 [pool-247-thread-1] INFO  segmented.SegmentedRaftLogWorker (SegmentedRaftLogWorker.java:<init>(173)) - new 823d23b5-00e0-4fee-b1e9-a582b6d046c8@group-D50BEDBF8F46-SegmentedRaftLogWorker for RaftStorage:Storage Directory /workdir/hadoop-ozone/integration-test/target/test-dir/MiniOzoneClusterImpl-1fa03064-cf3b-46b2-b55a-2e6b8b8c34ec/datanode-4/data/ratis/a2ba1021-e7e6-4311-84c0-d50bedbf8f46
2019-10-10 18:44:42,278 [pool-257-thread-1] INFO  server.RaftServerConfigKeys (ConfUtils.java:logGet(43)) - raft.server.log.segment.cache.num.max = 2 (custom)
2019-10-10 18:44:42,278 [pool-247-thread-1] INFO  server.RaftServerConfigKeys (ConfUtils.java:logGet(43)) - raft.server.log.queue.byte-limit = 2147483647 (custom)
2019-10-10 18:44:42,278 [pool-237-thread-1] INFO  server.RaftServerConfigKeys (ConfUtils.java:logGet(43)) - raft.server.log.statemachine.data.sync = true (default)
2019-10-10 18:44:42,278 [pool-247-thread-1] INFO  server.RaftServerConfigKeys (ConfUtils.java:logGet(43)) - raft.server.log.queue.element-limit = 1024 (custom)
2019-10-10 18:44:42,278 [pool-257-thread-1] INFO  segmented.SegmentedRaftLogWorker (SegmentedRaftLogWorker.java:<init>(173)) - new e9c0f5a8-5599-48bb-94de-cd77deadfadd@group-D50BEDBF8F46-SegmentedRaftLogWorker for RaftStorage:Storage Directory /workdir/hadoop-ozone/integration-test/target/test-dir/MiniOzoneClusterImpl-1fa03064-cf3b-46b2-b55a-2e6b8b8c34ec/datanode-5/data/ratis/a2ba1021-e7e6-4311-84c0-d50bedbf8f46
2019-10-10 18:44:42,279 [pool-247-thread-1] INFO  server.RaftServerConfigKeys (ConfUtils.java:logGet(43)) - raft.server.log.segment.size.max = 1048576 (custom)
2019-10-10 18:44:42,278 [pool-237-thread-1] INFO  server.RaftServerConfigKeys (ConfUtils.java:logGet(43)) - raft.server.log.statemachine.data.sync.timeout = 10s (default)
2019-10-10 18:44:42,279 [pool-247-thread-1] INFO  server.RaftServerConfigKeys (ConfUtils.java:logGet(43)) - raft.server.log.preallocated.size = 16384 (custom)
2019-10-10 18:44:42,279 [pool-257-thread-1] INFO  server.RaftServerConfigKeys (ConfUtils.java:logGet(43)) - raft.server.log.queue.byte-limit = 2147483647 (custom)
2019-10-10 18:44:42,279 [pool-247-thread-1] INFO  server.RaftServerConfigKeys (ConfUtils.java:logGet(43)) - raft.server.log.write.buffer.size = 33554432 (custom)
2019-10-10 18:44:42,279 [pool-237-thread-1] INFO  server.RaftServerConfigKeys (ConfUtils.java:logGet(43)) - raft.server.log.statemachine.data.sync.timeout.retry = -1 (default)
2019-10-10 18:44:42,279 [pool-247-thread-1] INFO  server.RaftServerConfigKeys (ConfUtils.java:logGet(43)) - raft.server.log.force.sync.num = 128 (default)
2019-10-10 18:44:42,279 [pool-237-thread-1] INFO  server.RaftServerConfigKeys (ConfUtils.java:logGet(43)) - raft.server.log.statemachine.data.caching.enabled = true (custom)
2019-10-10 18:44:42,279 [pool-257-thread-1] INFO  server.RaftServerConfigKeys (ConfUtils.java:logGet(43)) - raft.server.log.queue.element-limit = 1024 (custom)
2019-10-10 18:44:42,279 [pool-247-thread-1] INFO  server.RaftServerConfigKeys (ConfUtils.java:logGet(43)) - raft.server.log.statemachine.data.sync = true (default)
2019-10-10 18:44:42,279 [pool-237-thread-1] INFO  segmented.SegmentedRaftLogWorker (SegmentedRaftLogWorker.java:lambda$new$0(128)) - 2c32d965-c177-4b43-8c46-b96c8e80bb09@group-D50BEDBF8F46-SegmentedRaftLogWorker: flushIndex: setUnconditionally 0 -> -1
2019-10-10 18:44:42,279 [pool-257-thread-1] INFO  server.RaftServerConfigKeys (ConfUtils.java:logGet(43)) - raft.server.log.segment.size.max = 1048576 (custom)
2019-10-10 18:44:42,280 [pool-247-thread-1] INFO  server.RaftServerConfigKeys (ConfUtils.java:logGet(43)) - raft.server.log.statemachine.data.sync.timeout = 10s (default)
2019-10-10 18:44:42,280 [pool-237-thread-1] INFO  server.RaftServerConfigKeys (ConfUtils.java:logGet(43)) - raft.server.snapshot.auto.trigger.enabled = true (custom)
2019-10-10 18:44:42,280 [pool-257-thread-1] INFO  server.RaftServerConfigKeys (ConfUtils.java:logGet(43)) - raft.server.log.preallocated.size = 16384 (custom)
2019-10-10 18:44:42,280 [pool-237-thread-1] INFO  server.RaftServerConfigKeys (ConfUtils.java:logGet(43)) - raft.server.snapshot.auto.trigger.threshold = 10000 (custom)
2019-10-10 18:44:42,280 [pool-247-thread-1] INFO  server.RaftServerConfigKeys (ConfUtils.java:logGet(43)) - raft.server.log.statemachine.data.sync.timeout.retry = -1 (default)
2019-10-10 18:44:42,280 [pool-237-thread-1] INFO  server.RaftServerConfigKeys (ConfUtils.java:logGet(43)) - raft.server.snapshot.retention.file.num = 5 (custom)
2019-10-10 18:44:42,280 [pool-247-thread-1] INFO  server.RaftServerConfigKeys (ConfUtils.java:logGet(43)) - raft.server.log.statemachine.data.caching.enabled = true (custom)
2019-10-10 18:44:42,280 [pool-257-thread-1] INFO  server.RaftServerConfigKeys (ConfUtils.java:logGet(43)) - raft.server.log.write.buffer.size = 33554432 (custom)
2019-10-10 18:44:42,280 [pool-237-thread-1] INFO  server.RaftServerConfigKeys (ConfUtils.java:logGet(43)) - raft.server.retrycache.expirytime = 600000ms (custom)
2019-10-10 18:44:42,281 [pool-247-thread-1] INFO  segmented.SegmentedRaftLogWorker (SegmentedRaftLogWorker.java:lambda$new$0(128)) - 823d23b5-00e0-4fee-b1e9-a582b6d046c8@group-D50BEDBF8F46-SegmentedRaftLogWorker: flushIndex: setUnconditionally 0 -> -1
2019-10-10 18:44:42,280 [pool-257-thread-1] INFO  server.RaftServerConfigKeys (ConfUtils.java:logGet(43)) - raft.server.log.force.sync.num = 128 (default)
2019-10-10 18:44:42,281 [pool-257-thread-1] INFO  server.RaftServerConfigKeys (ConfUtils.java:logGet(43)) - raft.server.log.statemachine.data.sync = true (default)
2019-10-10 18:44:42,281 [pool-247-thread-1] INFO  server.RaftServerConfigKeys (ConfUtils.java:logGet(43)) - raft.server.snapshot.auto.trigger.enabled = true (custom)
2019-10-10 18:44:42,281 [pool-257-thread-1] INFO  server.RaftServerConfigKeys (ConfUtils.java:logGet(43)) - raft.server.log.statemachine.data.sync.timeout = 10s (default)
2019-10-10 18:44:42,281 [pool-247-thread-1] INFO  server.RaftServerConfigKeys (ConfUtils.java:logGet(43)) - raft.server.snapshot.auto.trigger.threshold = 10000 (custom)
2019-10-10 18:44:42,281 [pool-257-thread-1] INFO  server.RaftServerConfigKeys (ConfUtils.java:logGet(43)) - raft.server.log.statemachine.data.sync.timeout.retry = -1 (default)
2019-10-10 18:44:42,281 [pool-247-thread-1] INFO  server.RaftServerConfigKeys (ConfUtils.java:logGet(43)) - raft.server.snapshot.retention.file.num = 5 (custom)
2019-10-10 18:44:42,281 [pool-257-thread-1] INFO  server.RaftServerConfigKeys (ConfUtils.java:logGet(43)) - raft.server.log.statemachine.data.caching.enabled = true (custom)
2019-10-10 18:44:42,281 [pool-247-thread-1] INFO  server.RaftServerConfigKeys (ConfUtils.java:logGet(43)) - raft.server.retrycache.expirytime = 600000ms (custom)
2019-10-10 18:44:42,281 [pool-257-thread-1] INFO  segmented.SegmentedRaftLogWorker (SegmentedRaftLogWorker.java:lambda$new$0(128)) - e9c0f5a8-5599-48bb-94de-cd77deadfadd@group-D50BEDBF8F46-SegmentedRaftLogWorker: flushIndex: setUnconditionally 0 -> -1
2019-10-10 18:44:42,282 [pool-257-thread-1] INFO  server.RaftServerConfigKeys (ConfUtils.java:logGet(43)) - raft.server.snapshot.auto.trigger.enabled = true (custom)
2019-10-10 18:44:42,282 [pool-257-thread-1] INFO  server.RaftServerConfigKeys (ConfUtils.java:logGet(43)) - raft.server.snapshot.auto.trigger.threshold = 10000 (custom)
2019-10-10 18:44:42,282 [pool-257-thread-1] INFO  server.RaftServerConfigKeys (ConfUtils.java:logGet(43)) - raft.server.snapshot.retention.file.num = 5 (custom)
2019-10-10 18:44:42,282 [pool-237-thread-1] INFO  impl.RaftServerImpl (RaftServerImpl.java:start(181)) - 2c32d965-c177-4b43-8c46-b96c8e80bb09@group-D50BEDBF8F46: start as a follower, conf=-1: [2c32d965-c177-4b43-8c46-b96c8e80bb09:192.168.164.239:38708, 823d23b5-00e0-4fee-b1e9-a582b6d046c8:192.168.164.239:38322, e9c0f5a8-5599-48bb-94de-cd77deadfadd:192.168.164.239:33300], old=null
2019-10-10 18:44:42,282 [pool-257-thread-1] INFO  server.RaftServerConfigKeys (ConfUtils.java:logGet(43)) - raft.server.retrycache.expirytime = 600000ms (custom)
2019-10-10 18:44:42,282 [pool-237-thread-1] INFO  impl.RaftServerImpl (RaftServerImpl.java:setRole(170)) - 2c32d965-c177-4b43-8c46-b96c8e80bb09@group-D50BEDBF8F46: changes role from      null to FOLLOWER at term 0 for startAsFollower
2019-10-10 18:44:42,282 [pool-237-thread-1] INFO  impl.RoleInfo (RoleInfo.java:updateAndGet(143)) - 2c32d965-c177-4b43-8c46-b96c8e80bb09: start FollowerState
2019-10-10 18:44:42,282 [pool-237-thread-1] INFO  util.JmxRegister (JmxRegister.java:tryRegister(44)) - Successfully registered JMX Bean with object name Ratis:service=RaftServer,group=group-D50BEDBF8F46,id=2c32d965-c177-4b43-8c46-b96c8e80bb09
2019-10-10 18:44:42,283 [pool-247-thread-1] INFO  impl.RaftServerImpl (RaftServerImpl.java:start(181)) - 823d23b5-00e0-4fee-b1e9-a582b6d046c8@group-D50BEDBF8F46: start as a follower, conf=-1: [2c32d965-c177-4b43-8c46-b96c8e80bb09:192.168.164.239:38708, 823d23b5-00e0-4fee-b1e9-a582b6d046c8:192.168.164.239:38322, e9c0f5a8-5599-48bb-94de-cd77deadfadd:192.168.164.239:33300], old=null
2019-10-10 18:44:42,284 [pool-247-thread-1] INFO  impl.RaftServerImpl (RaftServerImpl.java:setRole(170)) - 823d23b5-00e0-4fee-b1e9-a582b6d046c8@group-D50BEDBF8F46: changes role from      null to FOLLOWER at term 0 for startAsFollower
2019-10-10 18:44:42,284 [pool-247-thread-1] INFO  impl.RoleInfo (RoleInfo.java:updateAndGet(143)) - 823d23b5-00e0-4fee-b1e9-a582b6d046c8: start FollowerState
2019-10-10 18:44:42,284 [pool-247-thread-1] INFO  util.JmxRegister (JmxRegister.java:tryRegister(44)) - Successfully registered JMX Bean with object name Ratis:service=RaftServer,group=group-D50BEDBF8F46,id=823d23b5-00e0-4fee-b1e9-a582b6d046c8
2019-10-10 18:44:42,285 [pool-257-thread-1] INFO  impl.RaftServerImpl (RaftServerImpl.java:start(181)) - e9c0f5a8-5599-48bb-94de-cd77deadfadd@group-D50BEDBF8F46: start as a follower, conf=-1: [2c32d965-c177-4b43-8c46-b96c8e80bb09:192.168.164.239:38708, 823d23b5-00e0-4fee-b1e9-a582b6d046c8:192.168.164.239:38322, e9c0f5a8-5599-48bb-94de-cd77deadfadd:192.168.164.239:33300], old=null
2019-10-10 18:44:42,285 [pool-257-thread-1] INFO  impl.RaftServerImpl (RaftServerImpl.java:setRole(170)) - e9c0f5a8-5599-48bb-94de-cd77deadfadd@group-D50BEDBF8F46: changes role from      null to FOLLOWER at term 0 for startAsFollower
2019-10-10 18:44:42,285 [pool-257-thread-1] INFO  impl.RoleInfo (RoleInfo.java:updateAndGet(143)) - e9c0f5a8-5599-48bb-94de-cd77deadfadd: start FollowerState
2019-10-10 18:44:42,286 [pool-257-thread-1] INFO  util.JmxRegister (JmxRegister.java:tryRegister(44)) - Successfully registered JMX Bean with object name Ratis:service=RaftServer,group=group-D50BEDBF8F46,id=e9c0f5a8-5599-48bb-94de-cd77deadfadd
2019-10-10 18:44:42,288 [RatisPipelineUtilsThread] INFO  pipeline.PipelineStateManager (PipelineStateManager.java:addPipeline(56)) - Created pipeline Pipeline[ Id: a2ba1021-e7e6-4311-84c0-d50bedbf8f46, Nodes: 2c32d965-c177-4b43-8c46-b96c8e80bb09{ip: 192.168.164.239, host: pr-hdds-1986-hdr44-321838893, networkLocation: /default-rack, certSerialId: null}e9c0f5a8-5599-48bb-94de-cd77deadfadd{ip: 192.168.164.239, host: pr-hdds-1986-hdr44-321838893, networkLocation: /default-rack, certSerialId: null}823d23b5-00e0-4fee-b1e9-a582b6d046c8{ip: 192.168.164.239, host: pr-hdds-1986-hdr44-321838893, networkLocation: /default-rack, certSerialId: null}, Type:RATIS, Factor:THREE, State:OPEN]
2019-10-10 18:44:43,026 [main] INFO  ozone.MiniOzoneClusterImpl (MiniOzoneClusterImpl.java:lambda$waitForClusterToBeReady$0(147)) - Cluster is ready. Got 7 of 7 DN Heartbeats.
2019-10-10 18:44:43,062 [main] INFO  rpc.RpcClient (RpcClient.java:createVolume(272)) - Creating Volume: watchforcommithandlingtest, with jenkins1000 as owner.
2019-10-10 18:44:43,065 [IPC Server handler 2 on 45219] INFO  volume.OMVolumeCreateRequest (OMVolumeCreateRequest.java:validateAndUpdateCache(193)) - created volume:watchforcommithandlingtest for user:jenkins1000
2019-10-10 18:44:43,092 [main] INFO  rpc.RpcClient (RpcClient.java:createBucket(411)) - Creating Bucket: watchforcommithandlingtest/watchforcommithandlingtest, with Versioning false and Storage Type set to DISK and Encryption set to false 
2019-10-10 18:44:43,097 [main] INFO  ozone.MiniOzoneClusterImpl (MiniOzoneClusterImpl.java:getStorageContainerLocationClient(234)) - Creating StorageContainerLocationProtocol RPC client with address /0.0.0.0:41558
2019-10-10 18:44:44,570 [Thread-1436] INFO  container.ReplicationManager (ReplicationManager.java:start(162)) - Starting Replication Monitor Thread.
2019-10-10 18:44:44,575 [ReplicationMonitor] INFO  container.ReplicationManager (ReplicationManager.java:run(225)) - Replication Monitor Thread took 0 milliseconds for processing 1 containers.
2019-10-10 18:44:46,802 [Thread-1438] INFO  impl.FollowerState (FollowerState.java:run(108)) - 56c7f49a-0896-472f-aa97-bf6ea0e1870f@group-323C8F1068D6-FollowerState: change to CANDIDATE, lastRpcTime:5157ms, electionTimeout:5157ms
2019-10-10 18:44:46,802 [Thread-1438] INFO  impl.RoleInfo (RoleInfo.java:shutdownFollowerState(121)) - 56c7f49a-0896-472f-aa97-bf6ea0e1870f: shutdown FollowerState
2019-10-10 18:44:46,803 [Thread-1438] INFO  impl.RaftServerImpl (RaftServerImpl.java:setRole(170)) - 56c7f49a-0896-472f-aa97-bf6ea0e1870f@group-323C8F1068D6: changes role from  FOLLOWER to CANDIDATE at term 0 for changeToCandidate
2019-10-10 18:44:46,803 [Thread-1438] INFO  impl.RoleInfo (RoleInfo.java:updateAndGet(143)) - 56c7f49a-0896-472f-aa97-bf6ea0e1870f: start LeaderElection
2019-10-10 18:44:46,836 [56c7f49a-0896-472f-aa97-bf6ea0e1870f@group-323C8F1068D6-LeaderElection26] INFO  impl.LeaderElection (LeaderElection.java:askForVotes(178)) - 56c7f49a-0896-472f-aa97-bf6ea0e1870f@group-323C8F1068D6-LeaderElection26: begin an election at term 1 for -1: [56c7f49a-0896-472f-aa97-bf6ea0e1870f:192.168.164.239:35548], old=null
2019-10-10 18:44:46,836 [56c7f49a-0896-472f-aa97-bf6ea0e1870f@group-323C8F1068D6-LeaderElection26] INFO  impl.RoleInfo (RoleInfo.java:shutdownLeaderElection(134)) - 56c7f49a-0896-472f-aa97-bf6ea0e1870f: shutdown LeaderElection
2019-10-10 18:44:46,836 [56c7f49a-0896-472f-aa97-bf6ea0e1870f@group-323C8F1068D6-LeaderElection26] INFO  impl.RaftServerImpl (RaftServerImpl.java:setRole(170)) - 56c7f49a-0896-472f-aa97-bf6ea0e1870f@group-323C8F1068D6: changes role from CANDIDATE to LEADER at term 1 for changeToLeader
2019-10-10 18:44:46,836 [56c7f49a-0896-472f-aa97-bf6ea0e1870f@group-323C8F1068D6-LeaderElection26] INFO  impl.RaftServerImpl (ServerState.java:setLeader(255)) - 56c7f49a-0896-472f-aa97-bf6ea0e1870f@group-323C8F1068D6: change Leader from null to 56c7f49a-0896-472f-aa97-bf6ea0e1870f at term 1 for becomeLeader, leader elected after 5200ms
2019-10-10 18:44:46,836 [56c7f49a-0896-472f-aa97-bf6ea0e1870f@group-323C8F1068D6-LeaderElection26] INFO  server.RaftServerConfigKeys (ConfUtils.java:logGet(43)) - raft.server.staging.catchup.gap = 1000 (default)
2019-10-10 18:44:46,836 [56c7f49a-0896-472f-aa97-bf6ea0e1870f@group-323C8F1068D6-LeaderElection26] INFO  server.RaftServerConfigKeys (ConfUtils.java:logGet(43)) - raft.server.rpc.sleep.time = 25ms (default)
2019-10-10 18:44:46,837 [56c7f49a-0896-472f-aa97-bf6ea0e1870f@group-323C8F1068D6-LeaderElection26] INFO  server.RaftServerConfigKeys (ConfUtils.java:logGet(43)) - raft.server.write.element-limit = 4096 (default)
2019-10-10 18:44:46,837 [56c7f49a-0896-472f-aa97-bf6ea0e1870f@group-323C8F1068D6-LeaderElection26] INFO  server.RaftServerConfigKeys (ConfUtils.java:logGet(43)) - raft.server.watch.timeout = 10s (default)
2019-10-10 18:44:46,837 [56c7f49a-0896-472f-aa97-bf6ea0e1870f@group-323C8F1068D6-LeaderElection26] INFO  server.RaftServerConfigKeys (ConfUtils.java:logGet(43)) - raft.server.watch.timeout.denomination = 1s (default)
2019-10-10 18:44:46,837 [56c7f49a-0896-472f-aa97-bf6ea0e1870f@group-323C8F1068D6-LeaderElection26] INFO  server.RaftServerConfigKeys (ConfUtils.java:logGet(43)) - raft.server.watch.element-limit = 65536 (default)
2019-10-10 18:44:46,839 [56c7f49a-0896-472f-aa97-bf6ea0e1870f@group-323C8F1068D6-LeaderElection26] INFO  impl.RoleInfo (RoleInfo.java:updateAndGet(143)) - 56c7f49a-0896-472f-aa97-bf6ea0e1870f: start LeaderState
2019-10-10 18:44:46,839 [56c7f49a-0896-472f-aa97-bf6ea0e1870f@group-323C8F1068D6-LeaderElection26] INFO  segmented.SegmentedRaftLogWorker (SegmentedRaftLogWorker.java:startLogSegment(385)) - 56c7f49a-0896-472f-aa97-bf6ea0e1870f@group-323C8F1068D6-SegmentedRaftLogWorker: Starting segment from index:0
2019-10-10 18:44:46,840 [56c7f49a-0896-472f-aa97-bf6ea0e1870f@group-323C8F1068D6-LeaderElection26] INFO  impl.RaftServerImpl (ServerState.java:setRaftConf(356)) - 56c7f49a-0896-472f-aa97-bf6ea0e1870f@group-323C8F1068D6: set configuration 0: [56c7f49a-0896-472f-aa97-bf6ea0e1870f:192.168.164.239:35548], old=null at 0
2019-10-10 18:44:46,882 [Thread-1444] INFO  impl.FollowerState (FollowerState.java:run(108)) - beaf6bb1-9637-4bc7-baee-c1d101cc238c@group-FDEE3B5C6986-FollowerState: change to CANDIDATE, lastRpcTime:5076ms, electionTimeout:5076ms
2019-10-10 18:44:46,883 [Thread-1444] INFO  impl.RoleInfo (RoleInfo.java:shutdownFollowerState(121)) - beaf6bb1-9637-4bc7-baee-c1d101cc238c: shutdown FollowerState
2019-10-10 18:44:46,883 [Thread-1444] INFO  impl.RaftServerImpl (RaftServerImpl.java:setRole(170)) - beaf6bb1-9637-4bc7-baee-c1d101cc238c@group-FDEE3B5C6986: changes role from  FOLLOWER to CANDIDATE at term 0 for changeToCandidate
2019-10-10 18:44:46,883 [Thread-1444] INFO  impl.RoleInfo (RoleInfo.java:updateAndGet(143)) - beaf6bb1-9637-4bc7-baee-c1d101cc238c: start LeaderElection
2019-10-10 18:44:46,890 [56c7f49a-0896-472f-aa97-bf6ea0e1870f@group-323C8F1068D6-SegmentedRaftLogWorker] INFO  segmented.SegmentedRaftLogWorker (SegmentedRaftLogWorker.java:execute(574)) - 56c7f49a-0896-472f-aa97-bf6ea0e1870f@group-323C8F1068D6-SegmentedRaftLogWorker: created new log segment /workdir/hadoop-ozone/integration-test/target/test-dir/MiniOzoneClusterImpl-1fa03064-cf3b-46b2-b55a-2e6b8b8c34ec/datanode-0/data/ratis/69797a12-07cc-4d1a-b707-323c8f1068d6/current/log_inprogress_0
2019-10-10 18:44:46,914 [beaf6bb1-9637-4bc7-baee-c1d101cc238c@group-FDEE3B5C6986-LeaderElection27] INFO  impl.LeaderElection (LeaderElection.java:askForVotes(178)) - beaf6bb1-9637-4bc7-baee-c1d101cc238c@group-FDEE3B5C6986-LeaderElection27: begin an election at term 1 for -1: [beaf6bb1-9637-4bc7-baee-c1d101cc238c:192.168.164.239:36992], old=null
2019-10-10 18:44:46,914 [beaf6bb1-9637-4bc7-baee-c1d101cc238c@group-FDEE3B5C6986-LeaderElection27] INFO  impl.RoleInfo (RoleInfo.java:shutdownLeaderElection(134)) - beaf6bb1-9637-4bc7-baee-c1d101cc238c: shutdown LeaderElection
2019-10-10 18:44:46,914 [beaf6bb1-9637-4bc7-baee-c1d101cc238c@group-FDEE3B5C6986-LeaderElection27] INFO  impl.RaftServerImpl (RaftServerImpl.java:setRole(170)) - beaf6bb1-9637-4bc7-baee-c1d101cc238c@group-FDEE3B5C6986: changes role from CANDIDATE to LEADER at term 1 for changeToLeader
2019-10-10 18:44:46,915 [beaf6bb1-9637-4bc7-baee-c1d101cc238c@group-FDEE3B5C6986-LeaderElection27] INFO  impl.RaftServerImpl (ServerState.java:setLeader(255)) - beaf6bb1-9637-4bc7-baee-c1d101cc238c@group-FDEE3B5C6986: change Leader from null to beaf6bb1-9637-4bc7-baee-c1d101cc238c at term 1 for becomeLeader, leader elected after 5115ms
2019-10-10 18:44:46,915 [beaf6bb1-9637-4bc7-baee-c1d101cc238c@group-FDEE3B5C6986-LeaderElection27] INFO  server.RaftServerConfigKeys (ConfUtils.java:logGet(43)) - raft.server.staging.catchup.gap = 1000 (default)
2019-10-10 18:44:46,915 [beaf6bb1-9637-4bc7-baee-c1d101cc238c@group-FDEE3B5C6986-LeaderElection27] INFO  server.RaftServerConfigKeys (ConfUtils.java:logGet(43)) - raft.server.rpc.sleep.time = 25ms (default)
2019-10-10 18:44:46,915 [beaf6bb1-9637-4bc7-baee-c1d101cc238c@group-FDEE3B5C6986-LeaderElection27] INFO  server.RaftServerConfigKeys (ConfUtils.java:logGet(43)) - raft.server.write.element-limit = 4096 (default)
2019-10-10 18:44:46,915 [beaf6bb1-9637-4bc7-baee-c1d101cc238c@group-FDEE3B5C6986-LeaderElection27] INFO  server.RaftServerConfigKeys (ConfUtils.java:logGet(43)) - raft.server.watch.timeout = 10s (default)
2019-10-10 18:44:46,916 [beaf6bb1-9637-4bc7-baee-c1d101cc238c@group-FDEE3B5C6986-LeaderElection27] INFO  server.RaftServerConfigKeys (ConfUtils.java:logGet(43)) - raft.server.watch.timeout.denomination = 1s (default)
2019-10-10 18:44:46,916 [beaf6bb1-9637-4bc7-baee-c1d101cc238c@group-FDEE3B5C6986-LeaderElection27] INFO  server.RaftServerConfigKeys (ConfUtils.java:logGet(43)) - raft.server.watch.element-limit = 65536 (default)
2019-10-10 18:44:46,918 [beaf6bb1-9637-4bc7-baee-c1d101cc238c@group-FDEE3B5C6986-LeaderElection27] INFO  impl.RoleInfo (RoleInfo.java:updateAndGet(143)) - beaf6bb1-9637-4bc7-baee-c1d101cc238c: start LeaderState
2019-10-10 18:44:46,918 [beaf6bb1-9637-4bc7-baee-c1d101cc238c@group-FDEE3B5C6986-LeaderElection27] INFO  segmented.SegmentedRaftLogWorker (SegmentedRaftLogWorker.java:startLogSegment(385)) - beaf6bb1-9637-4bc7-baee-c1d101cc238c@group-FDEE3B5C6986-SegmentedRaftLogWorker: Starting segment from index:0
2019-10-10 18:44:46,919 [beaf6bb1-9637-4bc7-baee-c1d101cc238c@group-FDEE3B5C6986-LeaderElection27] INFO  impl.RaftServerImpl (ServerState.java:setRaftConf(356)) - beaf6bb1-9637-4bc7-baee-c1d101cc238c@group-FDEE3B5C6986: set configuration 0: [beaf6bb1-9637-4bc7-baee-c1d101cc238c:192.168.164.239:36992], old=null at 0
2019-10-10 18:44:46,930 [Thread-1441] INFO  impl.FollowerState (FollowerState.java:run(108)) - 1efb21a3-f684-468a-b169-b6be23b2e470@group-B911F45CEAFE-FollowerState: change to CANDIDATE, lastRpcTime:5191ms, electionTimeout:5191ms
2019-10-10 18:44:46,930 [Thread-1441] INFO  impl.RoleInfo (RoleInfo.java:shutdownFollowerState(121)) - 1efb21a3-f684-468a-b169-b6be23b2e470: shutdown FollowerState
2019-10-10 18:44:46,931 [Thread-1441] INFO  impl.RaftServerImpl (RaftServerImpl.java:setRole(170)) - 1efb21a3-f684-468a-b169-b6be23b2e470@group-B911F45CEAFE: changes role from  FOLLOWER to CANDIDATE at term 0 for changeToCandidate
2019-10-10 18:44:46,931 [Thread-1441] INFO  impl.RoleInfo (RoleInfo.java:updateAndGet(143)) - 1efb21a3-f684-468a-b169-b6be23b2e470: start LeaderElection
2019-10-10 18:44:46,973 [beaf6bb1-9637-4bc7-baee-c1d101cc238c@group-FDEE3B5C6986-SegmentedRaftLogWorker] INFO  segmented.SegmentedRaftLogWorker (SegmentedRaftLogWorker.java:execute(574)) - beaf6bb1-9637-4bc7-baee-c1d101cc238c@group-FDEE3B5C6986-SegmentedRaftLogWorker: created new log segment /workdir/hadoop-ozone/integration-test/target/test-dir/MiniOzoneClusterImpl-1fa03064-cf3b-46b2-b55a-2e6b8b8c34ec/datanode-2/data/ratis/171eb808-99e6-4675-be01-fdee3b5c6986/current/log_inprogress_0
2019-10-10 18:44:46,973 [1efb21a3-f684-468a-b169-b6be23b2e470@group-B911F45CEAFE-LeaderElection28] INFO  impl.LeaderElection (LeaderElection.java:askForVotes(178)) - 1efb21a3-f684-468a-b169-b6be23b2e470@group-B911F45CEAFE-LeaderElection28: begin an election at term 1 for -1: [1efb21a3-f684-468a-b169-b6be23b2e470:192.168.164.239:36030], old=null
2019-10-10 18:44:46,973 [1efb21a3-f684-468a-b169-b6be23b2e470@group-B911F45CEAFE-LeaderElection28] INFO  impl.RoleInfo (RoleInfo.java:shutdownLeaderElection(134)) - 1efb21a3-f684-468a-b169-b6be23b2e470: shutdown LeaderElection
2019-10-10 18:44:46,973 [1efb21a3-f684-468a-b169-b6be23b2e470@group-B911F45CEAFE-LeaderElection28] INFO  impl.RaftServerImpl (RaftServerImpl.java:setRole(170)) - 1efb21a3-f684-468a-b169-b6be23b2e470@group-B911F45CEAFE: changes role from CANDIDATE to LEADER at term 1 for changeToLeader
2019-10-10 18:44:46,973 [1efb21a3-f684-468a-b169-b6be23b2e470@group-B911F45CEAFE-LeaderElection28] INFO  impl.RaftServerImpl (ServerState.java:setLeader(255)) - 1efb21a3-f684-468a-b169-b6be23b2e470@group-B911F45CEAFE: change Leader from null to 1efb21a3-f684-468a-b169-b6be23b2e470 at term 1 for becomeLeader, leader elected after 5240ms
2019-10-10 18:44:46,973 [1efb21a3-f684-468a-b169-b6be23b2e470@group-B911F45CEAFE-LeaderElection28] INFO  server.RaftServerConfigKeys (ConfUtils.java:logGet(43)) - raft.server.staging.catchup.gap = 1000 (default)
2019-10-10 18:44:46,974 [1efb21a3-f684-468a-b169-b6be23b2e470@group-B911F45CEAFE-LeaderElection28] INFO  server.RaftServerConfigKeys (ConfUtils.java:logGet(43)) - raft.server.rpc.sleep.time = 25ms (default)
2019-10-10 18:44:46,974 [1efb21a3-f684-468a-b169-b6be23b2e470@group-B911F45CEAFE-LeaderElection28] INFO  server.RaftServerConfigKeys (ConfUtils.java:logGet(43)) - raft.server.write.element-limit = 4096 (default)
2019-10-10 18:44:46,974 [1efb21a3-f684-468a-b169-b6be23b2e470@group-B911F45CEAFE-LeaderElection28] INFO  server.RaftServerConfigKeys (ConfUtils.java:logGet(43)) - raft.server.watch.timeout = 10s (default)
2019-10-10 18:44:46,974 [1efb21a3-f684-468a-b169-b6be23b2e470@group-B911F45CEAFE-LeaderElection28] INFO  server.RaftServerConfigKeys (ConfUtils.java:logGet(43)) - raft.server.watch.timeout.denomination = 1s (default)
2019-10-10 18:44:46,974 [1efb21a3-f684-468a-b169-b6be23b2e470@group-B911F45CEAFE-LeaderElection28] INFO  server.RaftServerConfigKeys (ConfUtils.java:logGet(43)) - raft.server.watch.element-limit = 65536 (default)
2019-10-10 18:44:46,976 [1efb21a3-f684-468a-b169-b6be23b2e470@group-B911F45CEAFE-LeaderElection28] INFO  impl.RoleInfo (RoleInfo.java:updateAndGet(143)) - 1efb21a3-f684-468a-b169-b6be23b2e470: start LeaderState
2019-10-10 18:44:46,976 [1efb21a3-f684-468a-b169-b6be23b2e470@group-B911F45CEAFE-LeaderElection28] INFO  segmented.SegmentedRaftLogWorker (SegmentedRaftLogWorker.java:startLogSegment(385)) - 1efb21a3-f684-468a-b169-b6be23b2e470@group-B911F45CEAFE-SegmentedRaftLogWorker: Starting segment from index:0
2019-10-10 18:44:46,977 [1efb21a3-f684-468a-b169-b6be23b2e470@group-B911F45CEAFE-LeaderElection28] INFO  impl.RaftServerImpl (ServerState.java:setRaftConf(356)) - 1efb21a3-f684-468a-b169-b6be23b2e470@group-B911F45CEAFE: set configuration 0: [1efb21a3-f684-468a-b169-b6be23b2e470:192.168.164.239:36030], old=null at 0
2019-10-10 18:44:47,011 [1efb21a3-f684-468a-b169-b6be23b2e470@group-B911F45CEAFE-SegmentedRaftLogWorker] INFO  segmented.SegmentedRaftLogWorker (SegmentedRaftLogWorker.java:execute(574)) - 1efb21a3-f684-468a-b169-b6be23b2e470@group-B911F45CEAFE-SegmentedRaftLogWorker: created new log segment /workdir/hadoop-ozone/integration-test/target/test-dir/MiniOzoneClusterImpl-1fa03064-cf3b-46b2-b55a-2e6b8b8c34ec/datanode-1/data/ratis/02dc72a8-479d-47d9-a7c3-b911f45ceafe/current/log_inprogress_0
2019-10-10 18:44:47,023 [Thread-1449] INFO  impl.FollowerState (FollowerState.java:run(108)) - 1efb21a3-f684-468a-b169-b6be23b2e470@group-E02D28FB7DD5-FollowerState: change to CANDIDATE, lastRpcTime:5123ms, electionTimeout:5121ms
2019-10-10 18:44:47,023 [Thread-1449] INFO  impl.RoleInfo (RoleInfo.java:shutdownFollowerState(121)) - 1efb21a3-f684-468a-b169-b6be23b2e470: shutdown FollowerState
2019-10-10 18:44:47,023 [Thread-1449] INFO  impl.RaftServerImpl (RaftServerImpl.java:setRole(170)) - 1efb21a3-f684-468a-b169-b6be23b2e470@group-E02D28FB7DD5: changes role from  FOLLOWER to CANDIDATE at term 0 for changeToCandidate
2019-10-10 18:44:47,023 [Thread-1449] INFO  impl.RoleInfo (RoleInfo.java:updateAndGet(143)) - 1efb21a3-f684-468a-b169-b6be23b2e470: start LeaderElection
2019-10-10 18:44:47,030 [1efb21a3-f684-468a-b169-b6be23b2e470@group-E02D28FB7DD5-LeaderElection29] INFO  impl.LeaderElection (LeaderElection.java:askForVotes(178)) - 1efb21a3-f684-468a-b169-b6be23b2e470@group-E02D28FB7DD5-LeaderElection29: begin an election at term 1 for -1: [beaf6bb1-9637-4bc7-baee-c1d101cc238c:192.168.164.239:36992, 1efb21a3-f684-468a-b169-b6be23b2e470:192.168.164.239:36030, 56c7f49a-0896-472f-aa97-bf6ea0e1870f:192.168.164.239:35548], old=null
2019-10-10 18:44:47,037 [grpc-default-executor-5] INFO  impl.RaftServerImpl (RaftServerImpl.java:setRole(170)) - 56c7f49a-0896-472f-aa97-bf6ea0e1870f@group-E02D28FB7DD5: changes role from  FOLLOWER to FOLLOWER at term 1 for recognizeCandidate:1efb21a3-f684-468a-b169-b6be23b2e470
2019-10-10 18:44:47,037 [grpc-default-executor-3] INFO  impl.RaftServerImpl (RaftServerImpl.java:setRole(170)) - beaf6bb1-9637-4bc7-baee-c1d101cc238c@group-E02D28FB7DD5: changes role from  FOLLOWER to FOLLOWER at term 1 for recognizeCandidate:1efb21a3-f684-468a-b169-b6be23b2e470
2019-10-10 18:44:47,037 [grpc-default-executor-3] INFO  impl.RoleInfo (RoleInfo.java:shutdownFollowerState(121)) - beaf6bb1-9637-4bc7-baee-c1d101cc238c: shutdown FollowerState
2019-10-10 18:44:47,037 [grpc-default-executor-5] INFO  impl.RoleInfo (RoleInfo.java:shutdownFollowerState(121)) - 56c7f49a-0896-472f-aa97-bf6ea0e1870f: shutdown FollowerState
2019-10-10 18:44:47,038 [Thread-1453] INFO  impl.FollowerState (FollowerState.java:run(117)) - beaf6bb1-9637-4bc7-baee-c1d101cc238c@group-E02D28FB7DD5-FollowerState was interrupted: java.lang.InterruptedException: sleep interrupted
2019-10-10 18:44:47,038 [grpc-default-executor-3] INFO  impl.RoleInfo (RoleInfo.java:updateAndGet(143)) - beaf6bb1-9637-4bc7-baee-c1d101cc238c: start FollowerState
2019-10-10 18:44:47,038 [grpc-default-executor-5] INFO  impl.RoleInfo (RoleInfo.java:updateAndGet(143)) - 56c7f49a-0896-472f-aa97-bf6ea0e1870f: start FollowerState
2019-10-10 18:44:47,038 [Thread-1448] INFO  impl.FollowerState (FollowerState.java:run(117)) - 56c7f49a-0896-472f-aa97-bf6ea0e1870f@group-E02D28FB7DD5-FollowerState was interrupted: java.lang.InterruptedException: sleep interrupted
2019-10-10 18:44:47,047 [1efb21a3-f684-468a-b169-b6be23b2e470@group-E02D28FB7DD5-LeaderElection29] INFO  impl.LeaderElection (LeaderElection.java:logAndReturn(56)) - 1efb21a3-f684-468a-b169-b6be23b2e470@group-E02D28FB7DD5-LeaderElection29: Election PASSED; received 1 response(s) [1efb21a3-f684-468a-b169-b6be23b2e470<-56c7f49a-0896-472f-aa97-bf6ea0e1870f#0:OK-t1] and 0 exception(s); 1efb21a3-f684-468a-b169-b6be23b2e470@group-E02D28FB7DD5:t1, leader=null, voted=1efb21a3-f684-468a-b169-b6be23b2e470, raftlog=1efb21a3-f684-468a-b169-b6be23b2e470@group-E02D28FB7DD5-SegmentedRaftLog:OPENED:c-1,f-1,i0, conf=-1: [beaf6bb1-9637-4bc7-baee-c1d101cc238c:192.168.164.239:36992, 1efb21a3-f684-468a-b169-b6be23b2e470:192.168.164.239:36030, 56c7f49a-0896-472f-aa97-bf6ea0e1870f:192.168.164.239:35548], old=null
2019-10-10 18:44:47,047 [1efb21a3-f684-468a-b169-b6be23b2e470@group-E02D28FB7DD5-LeaderElection29] INFO  impl.RoleInfo (RoleInfo.java:shutdownLeaderElection(134)) - 1efb21a3-f684-468a-b169-b6be23b2e470: shutdown LeaderElection
2019-10-10 18:44:47,047 [1efb21a3-f684-468a-b169-b6be23b2e470@group-E02D28FB7DD5-LeaderElection29] INFO  impl.RaftServerImpl (RaftServerImpl.java:setRole(170)) - 1efb21a3-f684-468a-b169-b6be23b2e470@group-E02D28FB7DD5: changes role from CANDIDATE to LEADER at term 1 for changeToLeader
2019-10-10 18:44:47,047 [1efb21a3-f684-468a-b169-b6be23b2e470@group-E02D28FB7DD5-LeaderElection29] INFO  impl.RaftServerImpl (ServerState.java:setLeader(255)) - 1efb21a3-f684-468a-b169-b6be23b2e470@group-E02D28FB7DD5: change Leader from null to 1efb21a3-f684-468a-b169-b6be23b2e470 at term 1 for becomeLeader, leader elected after 5162ms
2019-10-10 18:44:47,047 [1efb21a3-f684-468a-b169-b6be23b2e470@group-E02D28FB7DD5-LeaderElection29] INFO  server.RaftServerConfigKeys (ConfUtils.java:logGet(43)) - raft.server.staging.catchup.gap = 1000 (default)
2019-10-10 18:44:47,047 [1efb21a3-f684-468a-b169-b6be23b2e470@group-E02D28FB7DD5-LeaderElection29] INFO  server.RaftServerConfigKeys (ConfUtils.java:logGet(43)) - raft.server.rpc.sleep.time = 25ms (default)
2019-10-10 18:44:47,048 [1efb21a3-f684-468a-b169-b6be23b2e470@group-E02D28FB7DD5-LeaderElection29] INFO  server.RaftServerConfigKeys (ConfUtils.java:logGet(43)) - raft.server.write.element-limit = 4096 (default)
2019-10-10 18:44:47,048 [1efb21a3-f684-468a-b169-b6be23b2e470@group-E02D28FB7DD5-LeaderElection29] INFO  server.RaftServerConfigKeys (ConfUtils.java:logGet(43)) - raft.server.watch.timeout = 10s (default)
2019-10-10 18:44:47,048 [1efb21a3-f684-468a-b169-b6be23b2e470@group-E02D28FB7DD5-LeaderElection29] INFO  server.RaftServerConfigKeys (ConfUtils.java:logGet(43)) - raft.server.watch.timeout.denomination = 1s (default)
2019-10-10 18:44:47,048 [1efb21a3-f684-468a-b169-b6be23b2e470@group-E02D28FB7DD5-LeaderElection29] INFO  server.RaftServerConfigKeys (ConfUtils.java:logGet(43)) - raft.server.watch.element-limit = 65536 (default)
2019-10-10 18:44:47,050 [1efb21a3-f684-468a-b169-b6be23b2e470@group-E02D28FB7DD5-LeaderElection29] INFO  server.RaftServerConfigKeys (ConfUtils.java:logGet(43)) - raft.server.log.appender.snapshot.chunk.size.max = 16MB (=16777216) (default)
2019-10-10 18:44:47,050 [1efb21a3-f684-468a-b169-b6be23b2e470@group-E02D28FB7DD5-LeaderElection29] INFO  server.RaftServerConfigKeys (ConfUtils.java:logGet(43)) - raft.server.log.appender.buffer.byte-limit = 33554432 (custom)
2019-10-10 18:44:47,050 [1efb21a3-f684-468a-b169-b6be23b2e470@group-E02D28FB7DD5-LeaderElection29] INFO  server.RaftServerConfigKeys (ConfUtils.java:logGet(43)) - raft.server.log.appender.buffer.element-limit = 1 (custom)
2019-10-10 18:44:47,050 [1efb21a3-f684-468a-b169-b6be23b2e470@group-E02D28FB7DD5-LeaderElection29] INFO  grpc.GrpcConfigKeys$Server (ConfUtils.java:logGet(43)) - raft.grpc.server.leader.outstanding.appends.max = 128 (default)
2019-10-10 18:44:47,050 [1efb21a3-f684-468a-b169-b6be23b2e470@group-E02D28FB7DD5-LeaderElection29] INFO  server.RaftServerConfigKeys (ConfUtils.java:logGet(43)) - raft.server.rpc.request.timeout = 3000ms (default)
2019-10-10 18:44:47,050 [1efb21a3-f684-468a-b169-b6be23b2e470@group-E02D28FB7DD5-LeaderElection29] INFO  server.RaftServerConfigKeys (ConfUtils.java:logGet(43)) - raft.server.log.appender.install.snapshot.enabled = false (custom)
2019-10-10 18:44:47,051 [1efb21a3-f684-468a-b169-b6be23b2e470@group-E02D28FB7DD5-LeaderElection29] INFO  server.RaftServerConfigKeys (ConfUtils.java:logGet(43)) - raft.server.log.appender.snapshot.chunk.size.max = 16MB (=16777216) (default)
2019-10-10 18:44:47,051 [1efb21a3-f684-468a-b169-b6be23b2e470@group-E02D28FB7DD5-LeaderElection29] INFO  server.RaftServerConfigKeys (ConfUtils.java:logGet(43)) - raft.server.log.appender.buffer.byte-limit = 33554432 (custom)
2019-10-10 18:44:47,051 [1efb21a3-f684-468a-b169-b6be23b2e470@group-E02D28FB7DD5-LeaderElection29] INFO  server.RaftServerConfigKeys (ConfUtils.java:logGet(43)) - raft.server.log.appender.buffer.element-limit = 1 (custom)
2019-10-10 18:44:47,051 [1efb21a3-f684-468a-b169-b6be23b2e470@group-E02D28FB7DD5-LeaderElection29] INFO  grpc.GrpcConfigKeys$Server (ConfUtils.java:logGet(43)) - raft.grpc.server.leader.outstanding.appends.max = 128 (default)
2019-10-10 18:44:47,051 [1efb21a3-f684-468a-b169-b6be23b2e470@group-E02D28FB7DD5-LeaderElection29] INFO  server.RaftServerConfigKeys (ConfUtils.java:logGet(43)) - raft.server.rpc.request.timeout = 3000ms (default)
2019-10-10 18:44:47,051 [1efb21a3-f684-468a-b169-b6be23b2e470@group-E02D28FB7DD5-LeaderElection29] INFO  server.RaftServerConfigKeys (ConfUtils.java:logGet(43)) - raft.server.log.appender.install.snapshot.enabled = false (custom)
2019-10-10 18:44:47,051 [1efb21a3-f684-468a-b169-b6be23b2e470@group-E02D28FB7DD5-LeaderElection29] INFO  impl.RoleInfo (RoleInfo.java:updateAndGet(143)) - 1efb21a3-f684-468a-b169-b6be23b2e470: start LeaderState
2019-10-10 18:44:47,052 [1efb21a3-f684-468a-b169-b6be23b2e470@group-E02D28FB7DD5-LeaderElection29] INFO  segmented.SegmentedRaftLogWorker (SegmentedRaftLogWorker.java:startLogSegment(385)) - 1efb21a3-f684-468a-b169-b6be23b2e470@group-E02D28FB7DD5-SegmentedRaftLogWorker: Starting segment from index:0
2019-10-10 18:44:47,052 [1efb21a3-f684-468a-b169-b6be23b2e470@group-E02D28FB7DD5-LeaderElection29] INFO  impl.RaftServerImpl (ServerState.java:setRaftConf(356)) - 1efb21a3-f684-468a-b169-b6be23b2e470@group-E02D28FB7DD5: set configuration 0: [beaf6bb1-9637-4bc7-baee-c1d101cc238c:192.168.164.239:36992, 1efb21a3-f684-468a-b169-b6be23b2e470:192.168.164.239:36030, 56c7f49a-0896-472f-aa97-bf6ea0e1870f:192.168.164.239:35548], old=null at 0
2019-10-10 18:44:47,054 [grpc-default-executor-3] INFO  impl.RaftServerImpl (ServerState.java:setLeader(255)) - beaf6bb1-9637-4bc7-baee-c1d101cc238c@group-E02D28FB7DD5: change Leader from null to 1efb21a3-f684-468a-b169-b6be23b2e470 at term 1 for appendEntries, leader elected after 5168ms
2019-10-10 18:44:47,082 [grpc-default-executor-5] INFO  impl.RaftServerImpl (ServerState.java:setLeader(255)) - 56c7f49a-0896-472f-aa97-bf6ea0e1870f@group-E02D28FB7DD5: change Leader from null to 1efb21a3-f684-468a-b169-b6be23b2e470 at term 1 for appendEntries, leader elected after 5195ms
2019-10-10 18:44:47,086 [grpc-default-executor-5] INFO  impl.RaftServerImpl (ServerState.java:setRaftConf(356)) - 56c7f49a-0896-472f-aa97-bf6ea0e1870f@group-E02D28FB7DD5: set configuration 0: [beaf6bb1-9637-4bc7-baee-c1d101cc238c:192.168.164.239:36992, 1efb21a3-f684-468a-b169-b6be23b2e470:192.168.164.239:36030, 56c7f49a-0896-472f-aa97-bf6ea0e1870f:192.168.164.239:35548], old=null at 0
2019-10-10 18:44:47,086 [grpc-default-executor-3] INFO  impl.RaftServerImpl (ServerState.java:setRaftConf(356)) - beaf6bb1-9637-4bc7-baee-c1d101cc238c@group-E02D28FB7DD5: set configuration 0: [beaf6bb1-9637-4bc7-baee-c1d101cc238c:192.168.164.239:36992, 1efb21a3-f684-468a-b169-b6be23b2e470:192.168.164.239:36030, 56c7f49a-0896-472f-aa97-bf6ea0e1870f:192.168.164.239:35548], old=null at 0
2019-10-10 18:44:47,086 [grpc-default-executor-5] INFO  segmented.SegmentedRaftLogWorker (SegmentedRaftLogWorker.java:startLogSegment(385)) - 56c7f49a-0896-472f-aa97-bf6ea0e1870f@group-E02D28FB7DD5-SegmentedRaftLogWorker: Starting segment from index:0
2019-10-10 18:44:47,087 [grpc-default-executor-3] INFO  segmented.SegmentedRaftLogWorker (SegmentedRaftLogWorker.java:startLogSegment(385)) - beaf6bb1-9637-4bc7-baee-c1d101cc238c@group-E02D28FB7DD5-SegmentedRaftLogWorker: Starting segment from index:0
2019-10-10 18:44:47,093 [Thread-1459] INFO  impl.FollowerState (FollowerState.java:run(108)) - e9c0f5a8-5599-48bb-94de-cd77deadfadd@group-F705D4507B23-FollowerState: change to CANDIDATE, lastRpcTime:5035ms, electionTimeout:5035ms
2019-10-10 18:44:47,093 [Thread-1459] INFO  impl.RoleInfo (RoleInfo.java:shutdownFollowerState(121)) - e9c0f5a8-5599-48bb-94de-cd77deadfadd: shutdown FollowerState
2019-10-10 18:44:47,093 [Thread-1459] INFO  impl.RaftServerImpl (RaftServerImpl.java:setRole(170)) - e9c0f5a8-5599-48bb-94de-cd77deadfadd@group-F705D4507B23: changes role from  FOLLOWER to CANDIDATE at term 0 for changeToCandidate
2019-10-10 18:44:47,093 [Thread-1459] INFO  impl.RoleInfo (RoleInfo.java:updateAndGet(143)) - e9c0f5a8-5599-48bb-94de-cd77deadfadd: start LeaderElection
2019-10-10 18:44:47,117 [1efb21a3-f684-468a-b169-b6be23b2e470@group-E02D28FB7DD5-SegmentedRaftLogWorker] INFO  segmented.SegmentedRaftLogWorker (SegmentedRaftLogWorker.java:execute(574)) - 1efb21a3-f684-468a-b169-b6be23b2e470@group-E02D28FB7DD5-SegmentedRaftLogWorker: created new log segment /workdir/hadoop-ozone/integration-test/target/test-dir/MiniOzoneClusterImpl-1fa03064-cf3b-46b2-b55a-2e6b8b8c34ec/datanode-1/data/ratis/a577533b-f1ea-4a9a-85ff-e02d28fb7dd5/current/log_inprogress_0
2019-10-10 18:44:47,120 [Thread-1456] INFO  impl.FollowerState (FollowerState.java:run(108)) - 2c32d965-c177-4b43-8c46-b96c8e80bb09@group-FD83894B0EAD-FollowerState: change to CANDIDATE, lastRpcTime:5115ms, electionTimeout:5114ms
2019-10-10 18:44:47,120 [Thread-1456] INFO  impl.RoleInfo (RoleInfo.java:shutdownFollowerState(121)) - 2c32d965-c177-4b43-8c46-b96c8e80bb09: shutdown FollowerState
2019-10-10 18:44:47,120 [Thread-1456] INFO  impl.RaftServerImpl (RaftServerImpl.java:setRole(170)) - 2c32d965-c177-4b43-8c46-b96c8e80bb09@group-FD83894B0EAD: changes role from  FOLLOWER to CANDIDATE at term 0 for changeToCandidate
2019-10-10 18:44:47,120 [Thread-1456] INFO  impl.RoleInfo (RoleInfo.java:updateAndGet(143)) - 2c32d965-c177-4b43-8c46-b96c8e80bb09: start LeaderElection
2019-10-10 18:44:47,139 [56c7f49a-0896-472f-aa97-bf6ea0e1870f@group-E02D28FB7DD5-SegmentedRaftLogWorker] INFO  segmented.SegmentedRaftLogWorker (SegmentedRaftLogWorker.java:execute(574)) - 56c7f49a-0896-472f-aa97-bf6ea0e1870f@group-E02D28FB7DD5-SegmentedRaftLogWorker: created new log segment /workdir/hadoop-ozone/integration-test/target/test-dir/MiniOzoneClusterImpl-1fa03064-cf3b-46b2-b55a-2e6b8b8c34ec/datanode-0/data/ratis/a577533b-f1ea-4a9a-85ff-e02d28fb7dd5/current/log_inprogress_0
2019-10-10 18:44:47,139 [e9c0f5a8-5599-48bb-94de-cd77deadfadd@group-F705D4507B23-LeaderElection30] INFO  impl.LeaderElection (LeaderElection.java:askForVotes(178)) - e9c0f5a8-5599-48bb-94de-cd77deadfadd@group-F705D4507B23-LeaderElection30: begin an election at term 1 for -1: [e9c0f5a8-5599-48bb-94de-cd77deadfadd:192.168.164.239:33300], old=null
2019-10-10 18:44:47,139 [beaf6bb1-9637-4bc7-baee-c1d101cc238c@group-E02D28FB7DD5-SegmentedRaftLogWorker] INFO  segmented.SegmentedRaftLogWorker (SegmentedRaftLogWorker.java:execute(574)) - beaf6bb1-9637-4bc7-baee-c1d101cc238c@group-E02D28FB7DD5-SegmentedRaftLogWorker: created new log segment /workdir/hadoop-ozone/integration-test/target/test-dir/MiniOzoneClusterImpl-1fa03064-cf3b-46b2-b55a-2e6b8b8c34ec/datanode-2/data/ratis/a577533b-f1ea-4a9a-85ff-e02d28fb7dd5/current/log_inprogress_0
2019-10-10 18:44:47,139 [e9c0f5a8-5599-48bb-94de-cd77deadfadd@group-F705D4507B23-LeaderElection30] INFO  impl.RoleInfo (RoleInfo.java:shutdownLeaderElection(134)) - e9c0f5a8-5599-48bb-94de-cd77deadfadd: shutdown LeaderElection
2019-10-10 18:44:47,139 [e9c0f5a8-5599-48bb-94de-cd77deadfadd@group-F705D4507B23-LeaderElection30] INFO  impl.RaftServerImpl (RaftServerImpl.java:setRole(170)) - e9c0f5a8-5599-48bb-94de-cd77deadfadd@group-F705D4507B23: changes role from CANDIDATE to LEADER at term 1 for changeToLeader
2019-10-10 18:44:47,139 [e9c0f5a8-5599-48bb-94de-cd77deadfadd@group-F705D4507B23-LeaderElection30] INFO  impl.RaftServerImpl (ServerState.java:setLeader(255)) - e9c0f5a8-5599-48bb-94de-cd77deadfadd@group-F705D4507B23: change Leader from null to e9c0f5a8-5599-48bb-94de-cd77deadfadd at term 1 for becomeLeader, leader elected after 5088ms
2019-10-10 18:44:47,139 [e9c0f5a8-5599-48bb-94de-cd77deadfadd@group-F705D4507B23-LeaderElection30] INFO  server.RaftServerConfigKeys (ConfUtils.java:logGet(43)) - raft.server.staging.catchup.gap = 1000 (default)
2019-10-10 18:44:47,139 [e9c0f5a8-5599-48bb-94de-cd77deadfadd@group-F705D4507B23-LeaderElection30] INFO  server.RaftServerConfigKeys (ConfUtils.java:logGet(43)) - raft.server.rpc.sleep.time = 25ms (default)
2019-10-10 18:44:47,140 [e9c0f5a8-5599-48bb-94de-cd77deadfadd@group-F705D4507B23-LeaderElection30] INFO  server.RaftServerConfigKeys (ConfUtils.java:logGet(43)) - raft.server.write.element-limit = 4096 (default)
2019-10-10 18:44:47,140 [e9c0f5a8-5599-48bb-94de-cd77deadfadd@group-F705D4507B23-LeaderElection30] INFO  server.RaftServerConfigKeys (ConfUtils.java:logGet(43)) - raft.server.watch.timeout = 10s (default)
2019-10-10 18:44:47,140 [e9c0f5a8-5599-48bb-94de-cd77deadfadd@group-F705D4507B23-LeaderElection30] INFO  server.RaftServerConfigKeys (ConfUtils.java:logGet(43)) - raft.server.watch.timeout.denomination = 1s (default)
2019-10-10 18:44:47,140 [e9c0f5a8-5599-48bb-94de-cd77deadfadd@group-F705D4507B23-LeaderElection30] INFO  server.RaftServerConfigKeys (ConfUtils.java:logGet(43)) - raft.server.watch.element-limit = 65536 (default)
2019-10-10 18:44:47,141 [e9c0f5a8-5599-48bb-94de-cd77deadfadd@group-F705D4507B23-LeaderElection30] INFO  impl.RoleInfo (RoleInfo.java:updateAndGet(143)) - e9c0f5a8-5599-48bb-94de-cd77deadfadd: start LeaderState
2019-10-10 18:44:47,141 [2c32d965-c177-4b43-8c46-b96c8e80bb09@group-FD83894B0EAD-LeaderElection31] INFO  impl.LeaderElection (LeaderElection.java:askForVotes(178)) - 2c32d965-c177-4b43-8c46-b96c8e80bb09@group-FD83894B0EAD-LeaderElection31: begin an election at term 1 for -1: [2c32d965-c177-4b43-8c46-b96c8e80bb09:192.168.164.239:38708], old=null
2019-10-10 18:44:47,141 [2c32d965-c177-4b43-8c46-b96c8e80bb09@group-FD83894B0EAD-LeaderElection31] INFO  impl.RoleInfo (RoleInfo.java:shutdownLeaderElection(134)) - 2c32d965-c177-4b43-8c46-b96c8e80bb09: shutdown LeaderElection
2019-10-10 18:44:47,141 [e9c0f5a8-5599-48bb-94de-cd77deadfadd@group-F705D4507B23-LeaderElection30] INFO  segmented.SegmentedRaftLogWorker (SegmentedRaftLogWorker.java:startLogSegment(385)) - e9c0f5a8-5599-48bb-94de-cd77deadfadd@group-F705D4507B23-SegmentedRaftLogWorker: Starting segment from index:0
2019-10-10 18:44:47,141 [2c32d965-c177-4b43-8c46-b96c8e80bb09@group-FD83894B0EAD-LeaderElection31] INFO  impl.RaftServerImpl (RaftServerImpl.java:setRole(170)) - 2c32d965-c177-4b43-8c46-b96c8e80bb09@group-FD83894B0EAD: changes role from CANDIDATE to LEADER at term 1 for changeToLeader
2019-10-10 18:44:47,141 [2c32d965-c177-4b43-8c46-b96c8e80bb09@group-FD83894B0EAD-LeaderElection31] INFO  impl.RaftServerImpl (ServerState.java:setLeader(255)) - 2c32d965-c177-4b43-8c46-b96c8e80bb09@group-FD83894B0EAD: change Leader from null to 2c32d965-c177-4b43-8c46-b96c8e80bb09 at term 1 for becomeLeader, leader elected after 5147ms
2019-10-10 18:44:47,141 [2c32d965-c177-4b43-8c46-b96c8e80bb09@group-FD83894B0EAD-LeaderElection31] INFO  server.RaftServerConfigKeys (ConfUtils.java:logGet(43)) - raft.server.staging.catchup.gap = 1000 (default)
2019-10-10 18:44:47,141 [e9c0f5a8-5599-48bb-94de-cd77deadfadd@group-F705D4507B23-LeaderElection30] INFO  impl.RaftServerImpl (ServerState.java:setRaftConf(356)) - e9c0f5a8-5599-48bb-94de-cd77deadfadd@group-F705D4507B23: set configuration 0: [e9c0f5a8-5599-48bb-94de-cd77deadfadd:192.168.164.239:33300], old=null at 0
2019-10-10 18:44:47,142 [2c32d965-c177-4b43-8c46-b96c8e80bb09@group-FD83894B0EAD-LeaderElection31] INFO  server.RaftServerConfigKeys (ConfUtils.java:logGet(43)) - raft.server.rpc.sleep.time = 25ms (default)
2019-10-10 18:44:47,142 [2c32d965-c177-4b43-8c46-b96c8e80bb09@group-FD83894B0EAD-LeaderElection31] INFO  server.RaftServerConfigKeys (ConfUtils.java:logGet(43)) - raft.server.write.element-limit = 4096 (default)
2019-10-10 18:44:47,142 [2c32d965-c177-4b43-8c46-b96c8e80bb09@group-FD83894B0EAD-LeaderElection31] INFO  server.RaftServerConfigKeys (ConfUtils.java:logGet(43)) - raft.server.watch.timeout = 10s (default)
2019-10-10 18:44:47,142 [2c32d965-c177-4b43-8c46-b96c8e80bb09@group-FD83894B0EAD-LeaderElection31] INFO  server.RaftServerConfigKeys (ConfUtils.java:logGet(43)) - raft.server.watch.timeout.denomination = 1s (default)
2019-10-10 18:44:47,142 [2c32d965-c177-4b43-8c46-b96c8e80bb09@group-FD83894B0EAD-LeaderElection31] INFO  server.RaftServerConfigKeys (ConfUtils.java:logGet(43)) - raft.server.watch.element-limit = 65536 (default)
2019-10-10 18:44:47,159 [2c32d965-c177-4b43-8c46-b96c8e80bb09@group-FD83894B0EAD-LeaderElection31] INFO  impl.RoleInfo (RoleInfo.java:updateAndGet(143)) - 2c32d965-c177-4b43-8c46-b96c8e80bb09: start LeaderState
2019-10-10 18:44:47,159 [2c32d965-c177-4b43-8c46-b96c8e80bb09@group-FD83894B0EAD-LeaderElection31] INFO  segmented.SegmentedRaftLogWorker (SegmentedRaftLogWorker.java:startLogSegment(385)) - 2c32d965-c177-4b43-8c46-b96c8e80bb09@group-FD83894B0EAD-SegmentedRaftLogWorker: Starting segment from index:0
2019-10-10 18:44:47,179 [e9c0f5a8-5599-48bb-94de-cd77deadfadd@group-F705D4507B23-SegmentedRaftLogWorker] INFO  segmented.SegmentedRaftLogWorker (SegmentedRaftLogWorker.java:execute(574)) - e9c0f5a8-5599-48bb-94de-cd77deadfadd@group-F705D4507B23-SegmentedRaftLogWorker: created new log segment /workdir/hadoop-ozone/integration-test/target/test-dir/MiniOzoneClusterImpl-1fa03064-cf3b-46b2-b55a-2e6b8b8c34ec/datanode-5/data/ratis/f28d2953-44c3-4240-9d7c-f705d4507b23/current/log_inprogress_0
2019-10-10 18:44:47,240 [Thread-1462] INFO  impl.FollowerState (FollowerState.java:run(108)) - 823d23b5-00e0-4fee-b1e9-a582b6d046c8@group-C2F7127C1338-FollowerState: change to CANDIDATE, lastRpcTime:5103ms, electionTimeout:5103ms
2019-10-10 18:44:47,240 [Thread-1462] INFO  impl.RoleInfo (RoleInfo.java:shutdownFollowerState(121)) - 823d23b5-00e0-4fee-b1e9-a582b6d046c8: shutdown FollowerState
2019-10-10 18:44:47,240 [Thread-1462] INFO  impl.RaftServerImpl (RaftServerImpl.java:setRole(170)) - 823d23b5-00e0-4fee-b1e9-a582b6d046c8@group-C2F7127C1338: changes role from  FOLLOWER to CANDIDATE at term 0 for changeToCandidate
2019-10-10 18:44:47,271 [Thread-1465] INFO  impl.FollowerState (FollowerState.java:run(108)) - a1caf04e-1cc8-4a5d-9c44-a3f497b61d5b@group-254A27A69DD4-FollowerState: change to CANDIDATE, lastRpcTime:5064ms, electionTimeout:5064ms
2019-10-10 18:44:47,272 [Thread-1465] INFO  impl.RoleInfo (RoleInfo.java:shutdownFollowerState(121)) - a1caf04e-1cc8-4a5d-9c44-a3f497b61d5b: shutdown FollowerState
2019-10-10 18:44:47,272 [Thread-1465] INFO  impl.RaftServerImpl (RaftServerImpl.java:setRole(170)) - a1caf04e-1cc8-4a5d-9c44-a3f497b61d5b@group-254A27A69DD4: changes role from  FOLLOWER to CANDIDATE at term 0 for changeToCandidate
2019-10-10 18:44:47,306 [Thread-1465] INFO  impl.RoleInfo (RoleInfo.java:updateAndGet(143)) - a1caf04e-1cc8-4a5d-9c44-a3f497b61d5b: start LeaderElection
2019-10-10 18:44:47,306 [Thread-1462] INFO  impl.RoleInfo (RoleInfo.java:updateAndGet(143)) - 823d23b5-00e0-4fee-b1e9-a582b6d046c8: start LeaderElection
2019-10-10 18:44:47,315 [2c32d965-c177-4b43-8c46-b96c8e80bb09@group-FD83894B0EAD-LeaderElection31] INFO  impl.RaftServerImpl (ServerState.java:setRaftConf(356)) - 2c32d965-c177-4b43-8c46-b96c8e80bb09@group-FD83894B0EAD: set configuration 0: [2c32d965-c177-4b43-8c46-b96c8e80bb09:192.168.164.239:38708], old=null at 0
2019-10-10 18:44:47,340 [Thread-1471] INFO  impl.FollowerState (FollowerState.java:run(108)) - 823d23b5-00e0-4fee-b1e9-a582b6d046c8@group-D50BEDBF8F46-FollowerState: change to CANDIDATE, lastRpcTime:5056ms, electionTimeout:5040ms
2019-10-10 18:44:47,343 [Thread-1471] INFO  impl.RoleInfo (RoleInfo.java:shutdownFollowerState(121)) - 823d23b5-00e0-4fee-b1e9-a582b6d046c8: shutdown FollowerState
2019-10-10 18:44:47,343 [Thread-1471] INFO  impl.RaftServerImpl (RaftServerImpl.java:setRole(170)) - 823d23b5-00e0-4fee-b1e9-a582b6d046c8@group-D50BEDBF8F46: changes role from  FOLLOWER to CANDIDATE at term 0 for changeToCandidate
2019-10-10 18:44:47,343 [Thread-1471] INFO  impl.RoleInfo (RoleInfo.java:updateAndGet(143)) - 823d23b5-00e0-4fee-b1e9-a582b6d046c8: start LeaderElection
2019-10-10 18:44:47,368 [2c32d965-c177-4b43-8c46-b96c8e80bb09@group-FD83894B0EAD-SegmentedRaftLogWorker] INFO  segmented.SegmentedRaftLogWorker (SegmentedRaftLogWorker.java:execute(574)) - 2c32d965-c177-4b43-8c46-b96c8e80bb09@group-FD83894B0EAD-SegmentedRaftLogWorker: created new log segment /workdir/hadoop-ozone/integration-test/target/test-dir/MiniOzoneClusterImpl-1fa03064-cf3b-46b2-b55a-2e6b8b8c34ec/datanode-3/data/ratis/8c8cebc1-3405-4de7-9f84-fd83894b0ead/current/log_inprogress_0
2019-10-10 18:44:47,368 [823d23b5-00e0-4fee-b1e9-a582b6d046c8@group-C2F7127C1338-LeaderElection32] INFO  impl.LeaderElection (LeaderElection.java:askForVotes(178)) - 823d23b5-00e0-4fee-b1e9-a582b6d046c8@group-C2F7127C1338-LeaderElection32: begin an election at term 1 for -1: [823d23b5-00e0-4fee-b1e9-a582b6d046c8:192.168.164.239:38322], old=null
2019-10-10 18:44:47,368 [a1caf04e-1cc8-4a5d-9c44-a3f497b61d5b@group-254A27A69DD4-LeaderElection33] INFO  impl.LeaderElection (LeaderElection.java:askForVotes(178)) - a1caf04e-1cc8-4a5d-9c44-a3f497b61d5b@group-254A27A69DD4-LeaderElection33: begin an election at term 1 for -1: [a1caf04e-1cc8-4a5d-9c44-a3f497b61d5b:192.168.164.239:37096], old=null
2019-10-10 18:44:47,368 [823d23b5-00e0-4fee-b1e9-a582b6d046c8@group-C2F7127C1338-LeaderElection32] INFO  impl.RoleInfo (RoleInfo.java:shutdownLeaderElection(134)) - 823d23b5-00e0-4fee-b1e9-a582b6d046c8: shutdown LeaderElection
2019-10-10 18:44:47,368 [a1caf04e-1cc8-4a5d-9c44-a3f497b61d5b@group-254A27A69DD4-LeaderElection33] INFO  impl.RoleInfo (RoleInfo.java:shutdownLeaderElection(134)) - a1caf04e-1cc8-4a5d-9c44-a3f497b61d5b: shutdown LeaderElection
2019-10-10 18:44:47,368 [823d23b5-00e0-4fee-b1e9-a582b6d046c8@group-C2F7127C1338-LeaderElection32] INFO  impl.RaftServerImpl (RaftServerImpl.java:setRole(170)) - 823d23b5-00e0-4fee-b1e9-a582b6d046c8@group-C2F7127C1338: changes role from CANDIDATE to LEADER at term 1 for changeToLeader
2019-10-10 18:44:47,368 [a1caf04e-1cc8-4a5d-9c44-a3f497b61d5b@group-254A27A69DD4-LeaderElection33] INFO  impl.RaftServerImpl (RaftServerImpl.java:setRole(170)) - a1caf04e-1cc8-4a5d-9c44-a3f497b61d5b@group-254A27A69DD4: changes role from CANDIDATE to LEADER at term 1 for changeToLeader
2019-10-10 18:44:47,368 [823d23b5-00e0-4fee-b1e9-a582b6d046c8@group-C2F7127C1338-LeaderElection32] INFO  impl.RaftServerImpl (ServerState.java:setLeader(255)) - 823d23b5-00e0-4fee-b1e9-a582b6d046c8@group-C2F7127C1338: change Leader from null to 823d23b5-00e0-4fee-b1e9-a582b6d046c8 at term 1 for becomeLeader, leader elected after 5239ms
2019-10-10 18:44:47,368 [a1caf04e-1cc8-4a5d-9c44-a3f497b61d5b@group-254A27A69DD4-LeaderElection33] INFO  impl.RaftServerImpl (ServerState.java:setLeader(255)) - a1caf04e-1cc8-4a5d-9c44-a3f497b61d5b@group-254A27A69DD4: change Leader from null to a1caf04e-1cc8-4a5d-9c44-a3f497b61d5b at term 1 for becomeLeader, leader elected after 5169ms
2019-10-10 18:44:47,368 [823d23b5-00e0-4fee-b1e9-a582b6d046c8@group-C2F7127C1338-LeaderElection32] INFO  server.RaftServerConfigKeys (ConfUtils.java:logGet(43)) - raft.server.staging.catchup.gap = 1000 (default)
2019-10-10 18:44:47,368 [a1caf04e-1cc8-4a5d-9c44-a3f497b61d5b@group-254A27A69DD4-LeaderElection33] INFO  server.RaftServerConfigKeys (ConfUtils.java:logGet(43)) - raft.server.staging.catchup.gap = 1000 (default)
2019-10-10 18:44:47,369 [823d23b5-00e0-4fee-b1e9-a582b6d046c8@group-C2F7127C1338-LeaderElection32] INFO  server.RaftServerConfigKeys (ConfUtils.java:logGet(43)) - raft.server.rpc.sleep.time = 25ms (default)
2019-10-10 18:44:47,369 [a1caf04e-1cc8-4a5d-9c44-a3f497b61d5b@group-254A27A69DD4-LeaderElection33] INFO  server.RaftServerConfigKeys (ConfUtils.java:logGet(43)) - raft.server.rpc.sleep.time = 25ms (default)
2019-10-10 18:44:47,371 [Thread-1473] INFO  impl.FollowerState (FollowerState.java:run(108)) - e9c0f5a8-5599-48bb-94de-cd77deadfadd@group-D50BEDBF8F46-FollowerState: change to CANDIDATE, lastRpcTime:5085ms, electionTimeout:5085ms
2019-10-10 18:44:47,371 [Thread-1473] INFO  impl.RoleInfo (RoleInfo.java:shutdownFollowerState(121)) - e9c0f5a8-5599-48bb-94de-cd77deadfadd: shutdown FollowerState
2019-10-10 18:44:47,371 [Thread-1473] INFO  impl.RaftServerImpl (RaftServerImpl.java:setRole(170)) - e9c0f5a8-5599-48bb-94de-cd77deadfadd@group-D50BEDBF8F46: changes role from  FOLLOWER to CANDIDATE at term 0 for changeToCandidate
2019-10-10 18:44:47,413 [Thread-1473] INFO  impl.RoleInfo (RoleInfo.java:updateAndGet(143)) - e9c0f5a8-5599-48bb-94de-cd77deadfadd: start LeaderElection
2019-10-10 18:44:47,417 [823d23b5-00e0-4fee-b1e9-a582b6d046c8@group-C2F7127C1338-LeaderElection32] INFO  server.RaftServerConfigKeys (ConfUtils.java:logGet(43)) - raft.server.write.element-limit = 4096 (default)
2019-10-10 18:44:47,418 [823d23b5-00e0-4fee-b1e9-a582b6d046c8@group-C2F7127C1338-LeaderElection32] INFO  server.RaftServerConfigKeys (ConfUtils.java:logGet(43)) - raft.server.watch.timeout = 10s (default)
2019-10-10 18:44:47,418 [823d23b5-00e0-4fee-b1e9-a582b6d046c8@group-C2F7127C1338-LeaderElection32] INFO  server.RaftServerConfigKeys (ConfUtils.java:logGet(43)) - raft.server.watch.timeout.denomination = 1s (default)
2019-10-10 18:44:47,418 [823d23b5-00e0-4fee-b1e9-a582b6d046c8@group-C2F7127C1338-LeaderElection32] INFO  server.RaftServerConfigKeys (ConfUtils.java:logGet(43)) - raft.server.watch.element-limit = 65536 (default)
2019-10-10 18:44:47,419 [823d23b5-00e0-4fee-b1e9-a582b6d046c8@group-C2F7127C1338-LeaderElection32] INFO  impl.RoleInfo (RoleInfo.java:updateAndGet(143)) - 823d23b5-00e0-4fee-b1e9-a582b6d046c8: start LeaderState
2019-10-10 18:44:47,419 [823d23b5-00e0-4fee-b1e9-a582b6d046c8@group-C2F7127C1338-LeaderElection32] INFO  segmented.SegmentedRaftLogWorker (SegmentedRaftLogWorker.java:startLogSegment(385)) - 823d23b5-00e0-4fee-b1e9-a582b6d046c8@group-C2F7127C1338-SegmentedRaftLogWorker: Starting segment from index:0
2019-10-10 18:44:47,420 [a1caf04e-1cc8-4a5d-9c44-a3f497b61d5b@group-254A27A69DD4-LeaderElection33] INFO  server.RaftServerConfigKeys (ConfUtils.java:logGet(43)) - raft.server.write.element-limit = 4096 (default)
2019-10-10 18:44:47,420 [Thread-1470] INFO  impl.FollowerState (FollowerState.java:run(108)) - 2c32d965-c177-4b43-8c46-b96c8e80bb09@group-D50BEDBF8F46-FollowerState: change to CANDIDATE, lastRpcTime:5137ms, electionTimeout:5137ms
2019-10-10 18:44:47,420 [Thread-1470] INFO  impl.RoleInfo (RoleInfo.java:shutdownFollowerState(121)) - 2c32d965-c177-4b43-8c46-b96c8e80bb09: shutdown FollowerState
2019-10-10 18:44:47,420 [Thread-1470] INFO  impl.RaftServerImpl (RaftServerImpl.java:setRole(170)) - 2c32d965-c177-4b43-8c46-b96c8e80bb09@group-D50BEDBF8F46: changes role from  FOLLOWER to CANDIDATE at term 0 for changeToCandidate
2019-10-10 18:44:47,420 [a1caf04e-1cc8-4a5d-9c44-a3f497b61d5b@group-254A27A69DD4-LeaderElection33] INFO  server.RaftServerConfigKeys (ConfUtils.java:logGet(43)) - raft.server.watch.timeout = 10s (default)
2019-10-10 18:44:47,449 [a1caf04e-1cc8-4a5d-9c44-a3f497b61d5b@group-254A27A69DD4-LeaderElection33] INFO  server.RaftServerConfigKeys (ConfUtils.java:logGet(43)) - raft.server.watch.timeout.denomination = 1s (default)
2019-10-10 18:44:47,420 [823d23b5-00e0-4fee-b1e9-a582b6d046c8@group-C2F7127C1338-LeaderElection32] INFO  impl.RaftServerImpl (ServerState.java:setRaftConf(356)) - 823d23b5-00e0-4fee-b1e9-a582b6d046c8@group-C2F7127C1338: set configuration 0: [823d23b5-00e0-4fee-b1e9-a582b6d046c8:192.168.164.239:38322], old=null at 0
2019-10-10 18:44:47,449 [a1caf04e-1cc8-4a5d-9c44-a3f497b61d5b@group-254A27A69DD4-LeaderElection33] INFO  server.RaftServerConfigKeys (ConfUtils.java:logGet(43)) - raft.server.watch.element-limit = 65536 (default)
2019-10-10 18:44:47,447 [Thread-1470] INFO  impl.RoleInfo (RoleInfo.java:updateAndGet(143)) - 2c32d965-c177-4b43-8c46-b96c8e80bb09: start LeaderElection
2019-10-10 18:44:47,462 [a1caf04e-1cc8-4a5d-9c44-a3f497b61d5b@group-254A27A69DD4-LeaderElection33] INFO  impl.RoleInfo (RoleInfo.java:updateAndGet(143)) - a1caf04e-1cc8-4a5d-9c44-a3f497b61d5b: start LeaderState
2019-10-10 18:44:47,462 [a1caf04e-1cc8-4a5d-9c44-a3f497b61d5b@group-254A27A69DD4-LeaderElection33] INFO  segmented.SegmentedRaftLogWorker (SegmentedRaftLogWorker.java:startLogSegment(385)) - a1caf04e-1cc8-4a5d-9c44-a3f497b61d5b@group-254A27A69DD4-SegmentedRaftLogWorker: Starting segment from index:0
2019-10-10 18:44:47,462 [e9c0f5a8-5599-48bb-94de-cd77deadfadd@group-D50BEDBF8F46-LeaderElection35] INFO  impl.LeaderElection (LeaderElection.java:askForVotes(178)) - e9c0f5a8-5599-48bb-94de-cd77deadfadd@group-D50BEDBF8F46-LeaderElection35: begin an election at term 1 for -1: [2c32d965-c177-4b43-8c46-b96c8e80bb09:192.168.164.239:38708, 823d23b5-00e0-4fee-b1e9-a582b6d046c8:192.168.164.239:38322, e9c0f5a8-5599-48bb-94de-cd77deadfadd:192.168.164.239:33300], old=null
2019-10-10 18:44:47,462 [2c32d965-c177-4b43-8c46-b96c8e80bb09@group-D50BEDBF8F46-LeaderElection36] INFO  impl.LeaderElection (LeaderElection.java:askForVotes(178)) - 2c32d965-c177-4b43-8c46-b96c8e80bb09@group-D50BEDBF8F46-LeaderElection36: begin an election at term 1 for -1: [2c32d965-c177-4b43-8c46-b96c8e80bb09:192.168.164.239:38708, 823d23b5-00e0-4fee-b1e9-a582b6d046c8:192.168.164.239:38322, e9c0f5a8-5599-48bb-94de-cd77deadfadd:192.168.164.239:33300], old=null
2019-10-10 18:44:47,462 [823d23b5-00e0-4fee-b1e9-a582b6d046c8@group-D50BEDBF8F46-LeaderElection34] INFO  impl.LeaderElection (LeaderElection.java:askForVotes(178)) - 823d23b5-00e0-4fee-b1e9-a582b6d046c8@group-D50BEDBF8F46-LeaderElection34: begin an election at term 1 for -1: [2c32d965-c177-4b43-8c46-b96c8e80bb09:192.168.164.239:38708, 823d23b5-00e0-4fee-b1e9-a582b6d046c8:192.168.164.239:38322, e9c0f5a8-5599-48bb-94de-cd77deadfadd:192.168.164.239:33300], old=null
2019-10-10 18:44:47,462 [823d23b5-00e0-4fee-b1e9-a582b6d046c8@group-C2F7127C1338-SegmentedRaftLogWorker] INFO  segmented.SegmentedRaftLogWorker (SegmentedRaftLogWorker.java:execute(574)) - 823d23b5-00e0-4fee-b1e9-a582b6d046c8@group-C2F7127C1338-SegmentedRaftLogWorker: created new log segment /workdir/hadoop-ozone/integration-test/target/test-dir/MiniOzoneClusterImpl-1fa03064-cf3b-46b2-b55a-2e6b8b8c34ec/datanode-4/data/ratis/9ebc483b-f942-4057-8b50-c2f7127c1338/current/log_inprogress_0
2019-10-10 18:44:47,463 [a1caf04e-1cc8-4a5d-9c44-a3f497b61d5b@group-254A27A69DD4-LeaderElection33] INFO  impl.RaftServerImpl (ServerState.java:setRaftConf(356)) - a1caf04e-1cc8-4a5d-9c44-a3f497b61d5b@group-254A27A69DD4: set configuration 0: [a1caf04e-1cc8-4a5d-9c44-a3f497b61d5b:192.168.164.239:37096], old=null at 0
2019-10-10 18:44:47,511 [a1caf04e-1cc8-4a5d-9c44-a3f497b61d5b@group-254A27A69DD4-SegmentedRaftLogWorker] INFO  segmented.SegmentedRaftLogWorker (SegmentedRaftLogWorker.java:execute(574)) - a1caf04e-1cc8-4a5d-9c44-a3f497b61d5b@group-254A27A69DD4-SegmentedRaftLogWorker: created new log segment /workdir/hadoop-ozone/integration-test/target/test-dir/MiniOzoneClusterImpl-1fa03064-cf3b-46b2-b55a-2e6b8b8c34ec/datanode-6/data/ratis/cef95e12-1a7b-4a06-a801-254a27a69dd4/current/log_inprogress_0
2019-10-10 18:44:47,626 [e9c0f5a8-5599-48bb-94de-cd77deadfadd@group-D50BEDBF8F46-LeaderElection35] INFO  impl.LeaderElection (LeaderElection.java:logAndReturn(56)) - e9c0f5a8-5599-48bb-94de-cd77deadfadd@group-D50BEDBF8F46-LeaderElection35: Election REJECTED; received 2 response(s) [e9c0f5a8-5599-48bb-94de-cd77deadfadd<-2c32d965-c177-4b43-8c46-b96c8e80bb09#0:FAIL-t1, e9c0f5a8-5599-48bb-94de-cd77deadfadd<-823d23b5-00e0-4fee-b1e9-a582b6d046c8#0:FAIL-t1] and 0 exception(s); e9c0f5a8-5599-48bb-94de-cd77deadfadd@group-D50BEDBF8F46:t1, leader=null, voted=e9c0f5a8-5599-48bb-94de-cd77deadfadd, raftlog=e9c0f5a8-5599-48bb-94de-cd77deadfadd@group-D50BEDBF8F46-SegmentedRaftLog:OPENED:c-1,f-1,i0, conf=-1: [2c32d965-c177-4b43-8c46-b96c8e80bb09:192.168.164.239:38708, 823d23b5-00e0-4fee-b1e9-a582b6d046c8:192.168.164.239:38322, e9c0f5a8-5599-48bb-94de-cd77deadfadd:192.168.164.239:33300], old=null
2019-10-10 18:44:47,626 [2c32d965-c177-4b43-8c46-b96c8e80bb09@group-D50BEDBF8F46-LeaderElection36] INFO  impl.LeaderElection (LeaderElection.java:logAndReturn(56)) - 2c32d965-c177-4b43-8c46-b96c8e80bb09@group-D50BEDBF8F46-LeaderElection36: Election REJECTED; received 2 response(s) [2c32d965-c177-4b43-8c46-b96c8e80bb09<-823d23b5-00e0-4fee-b1e9-a582b6d046c8#0:FAIL-t1, 2c32d965-c177-4b43-8c46-b96c8e80bb09<-e9c0f5a8-5599-48bb-94de-cd77deadfadd#0:FAIL-t1] and 0 exception(s); 2c32d965-c177-4b43-8c46-b96c8e80bb09@group-D50BEDBF8F46:t1, leader=null, voted=2c32d965-c177-4b43-8c46-b96c8e80bb09, raftlog=2c32d965-c177-4b43-8c46-b96c8e80bb09@group-D50BEDBF8F46-SegmentedRaftLog:OPENED:c-1,f-1,i0, conf=-1: [2c32d965-c177-4b43-8c46-b96c8e80bb09:192.168.164.239:38708, 823d23b5-00e0-4fee-b1e9-a582b6d046c8:192.168.164.239:38322, e9c0f5a8-5599-48bb-94de-cd77deadfadd:192.168.164.239:33300], old=null
2019-10-10 18:44:47,626 [823d23b5-00e0-4fee-b1e9-a582b6d046c8@group-D50BEDBF8F46-LeaderElection34] INFO  impl.LeaderElection (LeaderElection.java:logAndReturn(56)) - 823d23b5-00e0-4fee-b1e9-a582b6d046c8@group-D50BEDBF8F46-LeaderElection34: Election REJECTED; received 2 response(s) [823d23b5-00e0-4fee-b1e9-a582b6d046c8<-2c32d965-c177-4b43-8c46-b96c8e80bb09#0:FAIL-t1, 823d23b5-00e0-4fee-b1e9-a582b6d046c8<-e9c0f5a8-5599-48bb-94de-cd77deadfadd#0:FAIL-t1] and 0 exception(s); 823d23b5-00e0-4fee-b1e9-a582b6d046c8@group-D50BEDBF8F46:t1, leader=null, voted=823d23b5-00e0-4fee-b1e9-a582b6d046c8, raftlog=823d23b5-00e0-4fee-b1e9-a582b6d046c8@group-D50BEDBF8F46-SegmentedRaftLog:OPENED:c-1,f-1,i0, conf=-1: [2c32d965-c177-4b43-8c46-b96c8e80bb09:192.168.164.239:38708, 823d23b5-00e0-4fee-b1e9-a582b6d046c8:192.168.164.239:38322, e9c0f5a8-5599-48bb-94de-cd77deadfadd:192.168.164.239:33300], old=null
2019-10-10 18:44:47,627 [e9c0f5a8-5599-48bb-94de-cd77deadfadd@group-D50BEDBF8F46-LeaderElection35] INFO  impl.RaftServerImpl (RaftServerImpl.java:setRole(170)) - e9c0f5a8-5599-48bb-94de-cd77deadfadd@group-D50BEDBF8F46: changes role from CANDIDATE to FOLLOWER at term 1 for DISCOVERED_A_NEW_TERM
2019-10-10 18:44:47,633 [2c32d965-c177-4b43-8c46-b96c8e80bb09@group-D50BEDBF8F46-LeaderElection36] INFO  impl.RaftServerImpl (RaftServerImpl.java:setRole(170)) - 2c32d965-c177-4b43-8c46-b96c8e80bb09@group-D50BEDBF8F46: changes role from CANDIDATE to FOLLOWER at term 1 for DISCOVERED_A_NEW_TERM
2019-10-10 18:44:47,634 [2c32d965-c177-4b43-8c46-b96c8e80bb09@group-D50BEDBF8F46-LeaderElection36] INFO  impl.RoleInfo (RoleInfo.java:shutdownLeaderElection(134)) - 2c32d965-c177-4b43-8c46-b96c8e80bb09: shutdown LeaderElection
2019-10-10 18:44:47,634 [e9c0f5a8-5599-48bb-94de-cd77deadfadd@group-D50BEDBF8F46-LeaderElection35] INFO  impl.RoleInfo (RoleInfo.java:shutdownLeaderElection(134)) - e9c0f5a8-5599-48bb-94de-cd77deadfadd: shutdown LeaderElection
2019-10-10 18:44:47,635 [2c32d965-c177-4b43-8c46-b96c8e80bb09@group-D50BEDBF8F46-LeaderElection36] INFO  impl.RoleInfo (RoleInfo.java:updateAndGet(143)) - 2c32d965-c177-4b43-8c46-b96c8e80bb09: start FollowerState
2019-10-10 18:44:47,635 [823d23b5-00e0-4fee-b1e9-a582b6d046c8@group-D50BEDBF8F46-LeaderElection34] INFO  impl.RaftServerImpl (RaftServerImpl.java:setRole(170)) - 823d23b5-00e0-4fee-b1e9-a582b6d046c8@group-D50BEDBF8F46: changes role from CANDIDATE to FOLLOWER at term 1 for DISCOVERED_A_NEW_TERM
2019-10-10 18:44:47,635 [823d23b5-00e0-4fee-b1e9-a582b6d046c8@group-D50BEDBF8F46-LeaderElection34] INFO  impl.RoleInfo (RoleInfo.java:shutdownLeaderElection(134)) - 823d23b5-00e0-4fee-b1e9-a582b6d046c8: shutdown LeaderElection
2019-10-10 18:44:47,635 [823d23b5-00e0-4fee-b1e9-a582b6d046c8@group-D50BEDBF8F46-LeaderElection34] INFO  impl.RoleInfo (RoleInfo.java:updateAndGet(143)) - 823d23b5-00e0-4fee-b1e9-a582b6d046c8: start FollowerState
2019-10-10 18:44:47,635 [e9c0f5a8-5599-48bb-94de-cd77deadfadd@group-D50BEDBF8F46-LeaderElection35] INFO  impl.RoleInfo (RoleInfo.java:updateAndGet(143)) - e9c0f5a8-5599-48bb-94de-cd77deadfadd: start FollowerState
2019-10-10 18:44:48,770 [Datanode State Machine Thread - 0] INFO  statemachine.DatanodeStateMachine (DatanodeStateMachine.java:lambda$startDaemon$0(350)) - Ozone container server started.
2019-10-10 18:44:52,653 [Thread-1533] INFO  impl.FollowerState (FollowerState.java:run(108)) - 2c32d965-c177-4b43-8c46-b96c8e80bb09@group-D50BEDBF8F46-FollowerState: change to CANDIDATE, lastRpcTime:5017ms, electionTimeout:5017ms
2019-10-10 18:44:52,653 [Thread-1533] INFO  impl.RoleInfo (RoleInfo.java:shutdownFollowerState(121)) - 2c32d965-c177-4b43-8c46-b96c8e80bb09: shutdown FollowerState
2019-10-10 18:44:52,654 [Thread-1533] INFO  impl.RaftServerImpl (RaftServerImpl.java:setRole(170)) - 2c32d965-c177-4b43-8c46-b96c8e80bb09@group-D50BEDBF8F46: changes role from  FOLLOWER to CANDIDATE at term 1 for changeToCandidate
2019-10-10 18:44:52,654 [Thread-1533] INFO  impl.RoleInfo (RoleInfo.java:updateAndGet(143)) - 2c32d965-c177-4b43-8c46-b96c8e80bb09: start LeaderElection
2019-10-10 18:44:52,694 [2c32d965-c177-4b43-8c46-b96c8e80bb09@group-D50BEDBF8F46-LeaderElection37] INFO  impl.LeaderElection (LeaderElection.java:askForVotes(178)) - 2c32d965-c177-4b43-8c46-b96c8e80bb09@group-D50BEDBF8F46-LeaderElection37: begin an election at term 2 for -1: [2c32d965-c177-4b43-8c46-b96c8e80bb09:192.168.164.239:38708, 823d23b5-00e0-4fee-b1e9-a582b6d046c8:192.168.164.239:38322, e9c0f5a8-5599-48bb-94de-cd77deadfadd:192.168.164.239:33300], old=null
2019-10-10 18:44:52,699 [grpc-default-executor-3] INFO  impl.RaftServerImpl (RaftServerImpl.java:setRole(170)) - 823d23b5-00e0-4fee-b1e9-a582b6d046c8@group-D50BEDBF8F46: changes role from  FOLLOWER to FOLLOWER at term 2 for recognizeCandidate:2c32d965-c177-4b43-8c46-b96c8e80bb09
2019-10-10 18:44:52,699 [grpc-default-executor-6] INFO  impl.RaftServerImpl (RaftServerImpl.java:setRole(170)) - e9c0f5a8-5599-48bb-94de-cd77deadfadd@group-D50BEDBF8F46: changes role from  FOLLOWER to FOLLOWER at term 2 for recognizeCandidate:2c32d965-c177-4b43-8c46-b96c8e80bb09
2019-10-10 18:44:52,699 [grpc-default-executor-3] INFO  impl.RoleInfo (RoleInfo.java:shutdownFollowerState(121)) - 823d23b5-00e0-4fee-b1e9-a582b6d046c8: shutdown FollowerState
2019-10-10 18:44:52,699 [grpc-default-executor-6] INFO  impl.RoleInfo (RoleInfo.java:shutdownFollowerState(121)) - e9c0f5a8-5599-48bb-94de-cd77deadfadd: shutdown FollowerState
2019-10-10 18:44:52,700 [Thread-1535] INFO  impl.FollowerState (FollowerState.java:run(117)) - 823d23b5-00e0-4fee-b1e9-a582b6d046c8@group-D50BEDBF8F46-FollowerState was interrupted: java.lang.InterruptedException: sleep interrupted
2019-10-10 18:44:52,700 [grpc-default-executor-6] INFO  impl.RoleInfo (RoleInfo.java:updateAndGet(143)) - e9c0f5a8-5599-48bb-94de-cd77deadfadd: start FollowerState
2019-10-10 18:44:52,700 [grpc-default-executor-3] INFO  impl.RoleInfo (RoleInfo.java:updateAndGet(143)) - 823d23b5-00e0-4fee-b1e9-a582b6d046c8: start FollowerState
2019-10-10 18:44:52,700 [Thread-1534] INFO  impl.FollowerState (FollowerState.java:run(117)) - e9c0f5a8-5599-48bb-94de-cd77deadfadd@group-D50BEDBF8F46-FollowerState was interrupted: java.lang.InterruptedException: sleep interrupted
2019-10-10 18:44:52,719 [2c32d965-c177-4b43-8c46-b96c8e80bb09@group-D50BEDBF8F46-LeaderElection37] INFO  impl.LeaderElection (LeaderElection.java:logAndReturn(56)) - 2c32d965-c177-4b43-8c46-b96c8e80bb09@group-D50BEDBF8F46-LeaderElection37: Election PASSED; received 1 response(s) [2c32d965-c177-4b43-8c46-b96c8e80bb09<-e9c0f5a8-5599-48bb-94de-cd77deadfadd#0:OK-t2] and 0 exception(s); 2c32d965-c177-4b43-8c46-b96c8e80bb09@group-D50BEDBF8F46:t2, leader=null, voted=2c32d965-c177-4b43-8c46-b96c8e80bb09, raftlog=2c32d965-c177-4b43-8c46-b96c8e80bb09@group-D50BEDBF8F46-SegmentedRaftLog:OPENED:c-1,f-1,i0, conf=-1: [2c32d965-c177-4b43-8c46-b96c8e80bb09:192.168.164.239:38708, 823d23b5-00e0-4fee-b1e9-a582b6d046c8:192.168.164.239:38322, e9c0f5a8-5599-48bb-94de-cd77deadfadd:192.168.164.239:33300], old=null
2019-10-10 18:44:52,719 [2c32d965-c177-4b43-8c46-b96c8e80bb09@group-D50BEDBF8F46-LeaderElection37] INFO  impl.RoleInfo (RoleInfo.java:shutdownLeaderElection(134)) - 2c32d965-c177-4b43-8c46-b96c8e80bb09: shutdown LeaderElection
2019-10-10 18:44:52,719 [2c32d965-c177-4b43-8c46-b96c8e80bb09@group-D50BEDBF8F46-LeaderElection37] INFO  impl.RaftServerImpl (RaftServerImpl.java:setRole(170)) - 2c32d965-c177-4b43-8c46-b96c8e80bb09@group-D50BEDBF8F46: changes role from CANDIDATE to LEADER at term 2 for changeToLeader
2019-10-10 18:44:52,720 [2c32d965-c177-4b43-8c46-b96c8e80bb09@group-D50BEDBF8F46-LeaderElection37] INFO  impl.RaftServerImpl (ServerState.java:setLeader(255)) - 2c32d965-c177-4b43-8c46-b96c8e80bb09@group-D50BEDBF8F46: change Leader from null to 2c32d965-c177-4b43-8c46-b96c8e80bb09 at term 2 for becomeLeader, leader elected after 10443ms
2019-10-10 18:44:52,720 [2c32d965-c177-4b43-8c46-b96c8e80bb09@group-D50BEDBF8F46-LeaderElection37] INFO  server.RaftServerConfigKeys (ConfUtils.java:logGet(43)) - raft.server.staging.catchup.gap = 1000 (default)
2019-10-10 18:44:52,720 [2c32d965-c177-4b43-8c46-b96c8e80bb09@group-D50BEDBF8F46-LeaderElection37] INFO  server.RaftServerConfigKeys (ConfUtils.java:logGet(43)) - raft.server.rpc.sleep.time = 25ms (default)
2019-10-10 18:44:52,720 [2c32d965-c177-4b43-8c46-b96c8e80bb09@group-D50BEDBF8F46-LeaderElection37] INFO  server.RaftServerConfigKeys (ConfUtils.java:logGet(43)) - raft.server.write.element-limit = 4096 (default)
2019-10-10 18:44:52,720 [2c32d965-c177-4b43-8c46-b96c8e80bb09@group-D50BEDBF8F46-LeaderElection37] INFO  server.RaftServerConfigKeys (ConfUtils.java:logGet(43)) - raft.server.watch.timeout = 10s (default)
2019-10-10 18:44:52,720 [2c32d965-c177-4b43-8c46-b96c8e80bb09@group-D50BEDBF8F46-LeaderElection37] INFO  server.RaftServerConfigKeys (ConfUtils.java:logGet(43)) - raft.server.watch.timeout.denomination = 1s (default)
2019-10-10 18:44:52,721 [2c32d965-c177-4b43-8c46-b96c8e80bb09@group-D50BEDBF8F46-LeaderElection37] INFO  server.RaftServerConfigKeys (ConfUtils.java:logGet(43)) - raft.server.watch.element-limit = 65536 (default)
2019-10-10 18:44:52,723 [2c32d965-c177-4b43-8c46-b96c8e80bb09@group-D50BEDBF8F46-LeaderElection37] INFO  server.RaftServerConfigKeys (ConfUtils.java:logGet(43)) - raft.server.log.appender.snapshot.chunk.size.max = 16MB (=16777216) (default)
2019-10-10 18:44:52,724 [2c32d965-c177-4b43-8c46-b96c8e80bb09@group-D50BEDBF8F46-LeaderElection37] INFO  server.RaftServerConfigKeys (ConfUtils.java:logGet(43)) - raft.server.log.appender.buffer.byte-limit = 33554432 (custom)
2019-10-10 18:44:52,724 [2c32d965-c177-4b43-8c46-b96c8e80bb09@group-D50BEDBF8F46-LeaderElection37] INFO  server.RaftServerConfigKeys (ConfUtils.java:logGet(43)) - raft.server.log.appender.buffer.element-limit = 1 (custom)
2019-10-10 18:44:52,724 [2c32d965-c177-4b43-8c46-b96c8e80bb09@group-D50BEDBF8F46-LeaderElection37] INFO  grpc.GrpcConfigKeys$Server (ConfUtils.java:logGet(43)) - raft.grpc.server.leader.outstanding.appends.max = 128 (default)
2019-10-10 18:44:52,724 [2c32d965-c177-4b43-8c46-b96c8e80bb09@group-D50BEDBF8F46-LeaderElection37] INFO  server.RaftServerConfigKeys (ConfUtils.java:logGet(43)) - raft.server.rpc.request.timeout = 3000ms (default)
2019-10-10 18:44:52,724 [2c32d965-c177-4b43-8c46-b96c8e80bb09@group-D50BEDBF8F46-LeaderElection37] INFO  server.RaftServerConfigKeys (ConfUtils.java:logGet(43)) - raft.server.log.appender.install.snapshot.enabled = false (custom)
2019-10-10 18:44:52,725 [2c32d965-c177-4b43-8c46-b96c8e80bb09@group-D50BEDBF8F46-LeaderElection37] INFO  server.RaftServerConfigKeys (ConfUtils.java:logGet(43)) - raft.server.log.appender.snapshot.chunk.size.max = 16MB (=16777216) (default)
2019-10-10 18:44:52,725 [2c32d965-c177-4b43-8c46-b96c8e80bb09@group-D50BEDBF8F46-LeaderElection37] INFO  server.RaftServerConfigKeys (ConfUtils.java:logGet(43)) - raft.server.log.appender.buffer.byte-limit = 33554432 (custom)
2019-10-10 18:44:52,725 [2c32d965-c177-4b43-8c46-b96c8e80bb09@group-D50BEDBF8F46-LeaderElection37] INFO  server.RaftServerConfigKeys (ConfUtils.java:logGet(43)) - raft.server.log.appender.buffer.element-limit = 1 (custom)
2019-10-10 18:44:52,725 [2c32d965-c177-4b43-8c46-b96c8e80bb09@group-D50BEDBF8F46-LeaderElection37] INFO  grpc.GrpcConfigKeys$Server (ConfUtils.java:logGet(43)) - raft.grpc.server.leader.outstanding.appends.max = 128 (default)
2019-10-10 18:44:52,725 [2c32d965-c177-4b43-8c46-b96c8e80bb09@group-D50BEDBF8F46-LeaderElection37] INFO  server.RaftServerConfigKeys (ConfUtils.java:logGet(43)) - raft.server.rpc.request.timeout = 3000ms (default)
2019-10-10 18:44:52,725 [2c32d965-c177-4b43-8c46-b96c8e80bb09@group-D50BEDBF8F46-LeaderElection37] INFO  server.RaftServerConfigKeys (ConfUtils.java:logGet(43)) - raft.server.log.appender.install.snapshot.enabled = false (custom)
2019-10-10 18:44:52,726 [2c32d965-c177-4b43-8c46-b96c8e80bb09@group-D50BEDBF8F46-LeaderElection37] INFO  impl.RoleInfo (RoleInfo.java:updateAndGet(143)) - 2c32d965-c177-4b43-8c46-b96c8e80bb09: start LeaderState
2019-10-10 18:44:52,726 [2c32d965-c177-4b43-8c46-b96c8e80bb09@group-D50BEDBF8F46-LeaderElection37] INFO  segmented.SegmentedRaftLogWorker (SegmentedRaftLogWorker.java:startLogSegment(385)) - 2c32d965-c177-4b43-8c46-b96c8e80bb09@group-D50BEDBF8F46-SegmentedRaftLogWorker: Starting segment from index:0
2019-10-10 18:44:52,727 [2c32d965-c177-4b43-8c46-b96c8e80bb09@group-D50BEDBF8F46-LeaderElection37] INFO  impl.RaftServerImpl (ServerState.java:setRaftConf(356)) - 2c32d965-c177-4b43-8c46-b96c8e80bb09@group-D50BEDBF8F46: set configuration 0: [2c32d965-c177-4b43-8c46-b96c8e80bb09:192.168.164.239:38708, 823d23b5-00e0-4fee-b1e9-a582b6d046c8:192.168.164.239:38322, e9c0f5a8-5599-48bb-94de-cd77deadfadd:192.168.164.239:33300], old=null at 0
2019-10-10 18:44:52,728 [grpc-default-executor-6] INFO  impl.RaftServerImpl (ServerState.java:setLeader(255)) - 823d23b5-00e0-4fee-b1e9-a582b6d046c8@group-D50BEDBF8F46: change Leader from null to 2c32d965-c177-4b43-8c46-b96c8e80bb09 at term 2 for appendEntries, leader elected after 10452ms
2019-10-10 18:44:52,755 [grpc-default-executor-6] INFO  impl.RaftServerImpl (ServerState.java:setLeader(255)) - e9c0f5a8-5599-48bb-94de-cd77deadfadd@group-D50BEDBF8F46: change Leader from null to 2c32d965-c177-4b43-8c46-b96c8e80bb09 at term 2 for appendEntries, leader elected after 10478ms
2019-10-10 18:44:52,757 [grpc-default-executor-6] INFO  impl.RaftServerImpl (ServerState.java:setRaftConf(356)) - e9c0f5a8-5599-48bb-94de-cd77deadfadd@group-D50BEDBF8F46: set configuration 0: [2c32d965-c177-4b43-8c46-b96c8e80bb09:192.168.164.239:38708, 823d23b5-00e0-4fee-b1e9-a582b6d046c8:192.168.164.239:38322, e9c0f5a8-5599-48bb-94de-cd77deadfadd:192.168.164.239:33300], old=null at 0
2019-10-10 18:44:52,757 [grpc-default-executor-3] INFO  impl.RaftServerImpl (ServerState.java:setRaftConf(356)) - 823d23b5-00e0-4fee-b1e9-a582b6d046c8@group-D50BEDBF8F46: set configuration 0: [2c32d965-c177-4b43-8c46-b96c8e80bb09:192.168.164.239:38708, 823d23b5-00e0-4fee-b1e9-a582b6d046c8:192.168.164.239:38322, e9c0f5a8-5599-48bb-94de-cd77deadfadd:192.168.164.239:33300], old=null at 0
2019-10-10 18:44:52,757 [grpc-default-executor-6] INFO  segmented.SegmentedRaftLogWorker (SegmentedRaftLogWorker.java:startLogSegment(385)) - e9c0f5a8-5599-48bb-94de-cd77deadfadd@group-D50BEDBF8F46-SegmentedRaftLogWorker: Starting segment from index:0
2019-10-10 18:44:52,757 [grpc-default-executor-3] INFO  segmented.SegmentedRaftLogWorker (SegmentedRaftLogWorker.java:startLogSegment(385)) - 823d23b5-00e0-4fee-b1e9-a582b6d046c8@group-D50BEDBF8F46-SegmentedRaftLogWorker: Starting segment from index:0
2019-10-10 18:44:52,775 [2c32d965-c177-4b43-8c46-b96c8e80bb09@group-D50BEDBF8F46-SegmentedRaftLogWorker] INFO  segmented.SegmentedRaftLogWorker (SegmentedRaftLogWorker.java:execute(574)) - 2c32d965-c177-4b43-8c46-b96c8e80bb09@group-D50BEDBF8F46-SegmentedRaftLogWorker: created new log segment /workdir/hadoop-ozone/integration-test/target/test-dir/MiniOzoneClusterImpl-1fa03064-cf3b-46b2-b55a-2e6b8b8c34ec/datanode-3/data/ratis/a2ba1021-e7e6-4311-84c0-d50bedbf8f46/current/log_inprogress_0
2019-10-10 18:44:52,776 [main] INFO  ozoneimpl.OzoneContainer (OzoneContainer.java:stop(227)) - Attempting to stop container services.
2019-10-10 18:44:52,776 [main] INFO  impl.RaftServerProxy (RaftServerProxy.java:lambda$close$4(314)) - beaf6bb1-9637-4bc7-baee-c1d101cc238c: close
2019-10-10 18:44:52,777 [main] INFO  impl.RaftServerImpl (RaftServerImpl.java:lambda$shutdown$3(247)) - beaf6bb1-9637-4bc7-baee-c1d101cc238c@group-FDEE3B5C6986: shutdown
2019-10-10 18:44:52,777 [main] INFO  util.JmxRegister (JmxRegister.java:unregister(73)) - Successfully un-registered JMX Bean with object name Ratis:service=RaftServer,group=group-FDEE3B5C6986,id=beaf6bb1-9637-4bc7-baee-c1d101cc238c
2019-10-10 18:44:52,777 [main] INFO  impl.RoleInfo (RoleInfo.java:shutdownLeaderState(104)) - beaf6bb1-9637-4bc7-baee-c1d101cc238c: shutdown LeaderState
2019-10-10 18:44:52,778 [main] INFO  impl.PendingRequests (PendingRequests.java:sendNotLeaderResponses(202)) - beaf6bb1-9637-4bc7-baee-c1d101cc238c@group-FDEE3B5C6986-PendingRequests: sendNotLeaderResponses
2019-10-10 18:44:52,778 [main] INFO  impl.StateMachineUpdater (StateMachineUpdater.java:stopAndJoin(136)) - beaf6bb1-9637-4bc7-baee-c1d101cc238c@group-FDEE3B5C6986-StateMachineUpdater: set stopIndex = 0
2019-10-10 18:44:52,779 [main] INFO  impl.RaftServerImpl (ServerState.java:close(387)) - beaf6bb1-9637-4bc7-baee-c1d101cc238c@group-FDEE3B5C6986: closes. applyIndex: 0
2019-10-10 18:44:52,779 [beaf6bb1-9637-4bc7-baee-c1d101cc238c@group-FDEE3B5C6986-SegmentedRaftLogWorker] INFO  segmented.SegmentedRaftLogWorker (SegmentedRaftLogWorker.java:run(316)) - beaf6bb1-9637-4bc7-baee-c1d101cc238c@group-FDEE3B5C6986-SegmentedRaftLogWorker was interrupted, exiting. There are 0 tasks remaining in the queue.
2019-10-10 18:44:52,788 [main] INFO  segmented.SegmentedRaftLogWorker (SegmentedRaftLogWorker.java:close(224)) - beaf6bb1-9637-4bc7-baee-c1d101cc238c@group-FDEE3B5C6986-SegmentedRaftLogWorker close()
2019-10-10 18:44:52,791 [main] INFO  impl.RaftServerImpl (RaftServerImpl.java:lambda$shutdown$3(247)) - beaf6bb1-9637-4bc7-baee-c1d101cc238c@group-E02D28FB7DD5: shutdown
2019-10-10 18:44:52,791 [main] INFO  util.JmxRegister (JmxRegister.java:unregister(73)) - Successfully un-registered JMX Bean with object name Ratis:service=RaftServer,group=group-E02D28FB7DD5,id=beaf6bb1-9637-4bc7-baee-c1d101cc238c
2019-10-10 18:44:52,791 [main] INFO  impl.RoleInfo (RoleInfo.java:shutdownFollowerState(121)) - beaf6bb1-9637-4bc7-baee-c1d101cc238c: shutdown FollowerState
2019-10-10 18:44:52,792 [main] INFO  impl.StateMachineUpdater (StateMachineUpdater.java:stopAndJoin(136)) - beaf6bb1-9637-4bc7-baee-c1d101cc238c@group-E02D28FB7DD5-StateMachineUpdater: set stopIndex = 2
2019-10-10 18:44:52,792 [beaf6bb1-9637-4bc7-baee-c1d101cc238c@group-E02D28FB7DD5-StateMachineUpdater] INFO  ratis.ContainerStateMachine (ContainerStateMachine.java:takeSnapshot(294)) - group-E02D28FB7DD5: Taking a snapshot at:(t:1, i:1) file /workdir/hadoop-ozone/integration-test/target/test-dir/MiniOzoneClusterImpl-1fa03064-cf3b-46b2-b55a-2e6b8b8c34ec/datanode-2/data/ratis/a577533b-f1ea-4a9a-85ff-e02d28fb7dd5/sm/snapshot.1_1
2019-10-10 18:44:52,792 [Thread-1497] INFO  impl.FollowerState (FollowerState.java:run(117)) - beaf6bb1-9637-4bc7-baee-c1d101cc238c@group-E02D28FB7DD5-FollowerState was interrupted: java.lang.InterruptedException: sleep interrupted
2019-10-10 18:44:52,810 [beaf6bb1-9637-4bc7-baee-c1d101cc238c@group-E02D28FB7DD5-StateMachineUpdater] INFO  ratis.ContainerStateMachine (ContainerStateMachine.java:takeSnapshot(305)) - group-E02D28FB7DD5: Finished taking a snapshot at:(t:1, i:1) file:/workdir/hadoop-ozone/integration-test/target/test-dir/MiniOzoneClusterImpl-1fa03064-cf3b-46b2-b55a-2e6b8b8c34ec/datanode-2/data/ratis/a577533b-f1ea-4a9a-85ff-e02d28fb7dd5/sm/snapshot.1_1 time:18
2019-10-10 18:44:52,810 [823d23b5-00e0-4fee-b1e9-a582b6d046c8@group-D50BEDBF8F46-SegmentedRaftLogWorker] INFO  segmented.SegmentedRaftLogWorker (SegmentedRaftLogWorker.java:execute(574)) - 823d23b5-00e0-4fee-b1e9-a582b6d046c8@group-D50BEDBF8F46-SegmentedRaftLogWorker: created new log segment /workdir/hadoop-ozone/integration-test/target/test-dir/MiniOzoneClusterImpl-1fa03064-cf3b-46b2-b55a-2e6b8b8c34ec/datanode-4/data/ratis/a2ba1021-e7e6-4311-84c0-d50bedbf8f46/current/log_inprogress_0
2019-10-10 18:44:52,810 [e9c0f5a8-5599-48bb-94de-cd77deadfadd@group-D50BEDBF8F46-SegmentedRaftLogWorker] INFO  segmented.SegmentedRaftLogWorker (SegmentedRaftLogWorker.java:execute(574)) - e9c0f5a8-5599-48bb-94de-cd77deadfadd@group-D50BEDBF8F46-SegmentedRaftLogWorker: created new log segment /workdir/hadoop-ozone/integration-test/target/test-dir/MiniOzoneClusterImpl-1fa03064-cf3b-46b2-b55a-2e6b8b8c34ec/datanode-5/data/ratis/a2ba1021-e7e6-4311-84c0-d50bedbf8f46/current/log_inprogress_0
2019-10-10 18:44:52,811 [beaf6bb1-9637-4bc7-baee-c1d101cc238c@group-E02D28FB7DD5-StateMachineUpdater] INFO  impl.StateMachineUpdater (StateMachineUpdater.java:takeSnapshot(269)) - beaf6bb1-9637-4bc7-baee-c1d101cc238c@group-E02D28FB7DD5-StateMachineUpdater: Took a snapshot at index 1
2019-10-10 18:44:52,811 [beaf6bb1-9637-4bc7-baee-c1d101cc238c@group-E02D28FB7DD5-StateMachineUpdater] INFO  impl.StateMachineUpdater (StateMachineUpdater.java:lambda$new$0(84)) - beaf6bb1-9637-4bc7-baee-c1d101cc238c@group-E02D28FB7DD5-StateMachineUpdater: snapshotIndex: updateIncreasingly -1 -> 1
2019-10-10 18:44:52,811 [beaf6bb1-9637-4bc7-baee-c1d101cc238c@group-E02D28FB7DD5-StateMachineUpdater] INFO  ratis.ContainerStateMachine (ContainerStateMachine.java:takeSnapshot(294)) - group-E02D28FB7DD5: Taking a snapshot at:(t:1, i:1) file /workdir/hadoop-ozone/integration-test/target/test-dir/MiniOzoneClusterImpl-1fa03064-cf3b-46b2-b55a-2e6b8b8c34ec/datanode-2/data/ratis/a577533b-f1ea-4a9a-85ff-e02d28fb7dd5/sm/snapshot.1_1
2019-10-10 18:44:52,834 [beaf6bb1-9637-4bc7-baee-c1d101cc238c@group-E02D28FB7DD5-StateMachineUpdater] INFO  ratis.ContainerStateMachine (ContainerStateMachine.java:takeSnapshot(305)) - group-E02D28FB7DD5: Finished taking a snapshot at:(t:1, i:1) file:/workdir/hadoop-ozone/integration-test/target/test-dir/MiniOzoneClusterImpl-1fa03064-cf3b-46b2-b55a-2e6b8b8c34ec/datanode-2/data/ratis/a577533b-f1ea-4a9a-85ff-e02d28fb7dd5/sm/snapshot.1_1 time:23
2019-10-10 18:44:52,834 [beaf6bb1-9637-4bc7-baee-c1d101cc238c@group-E02D28FB7DD5-StateMachineUpdater] INFO  impl.StateMachineUpdater (StateMachineUpdater.java:takeSnapshot(269)) - beaf6bb1-9637-4bc7-baee-c1d101cc238c@group-E02D28FB7DD5-StateMachineUpdater: Took a snapshot at index 1
2019-10-10 18:44:52,834 [beaf6bb1-9637-4bc7-baee-c1d101cc238c@group-E02D28FB7DD5-StateMachineUpdater] INFO  impl.StateMachineUpdater (StateMachineUpdater.java:lambda$new$0(84)) - beaf6bb1-9637-4bc7-baee-c1d101cc238c@group-E02D28FB7DD5-StateMachineUpdater: snapshotIndex: updateIncreasingly 1 -> 1
2019-10-10 18:44:52,834 [main] INFO  impl.RaftServerImpl (ServerState.java:close(387)) - beaf6bb1-9637-4bc7-baee-c1d101cc238c@group-E02D28FB7DD5: closes. applyIndex: 2
2019-10-10 18:44:52,835 [beaf6bb1-9637-4bc7-baee-c1d101cc238c@group-E02D28FB7DD5-SegmentedRaftLogWorker] INFO  segmented.SegmentedRaftLogWorker (SegmentedRaftLogWorker.java:run(316)) - beaf6bb1-9637-4bc7-baee-c1d101cc238c@group-E02D28FB7DD5-SegmentedRaftLogWorker was interrupted, exiting. There are 0 tasks remaining in the queue.
2019-10-10 18:44:52,837 [main] INFO  segmented.SegmentedRaftLogWorker (SegmentedRaftLogWorker.java:close(224)) - beaf6bb1-9637-4bc7-baee-c1d101cc238c@group-E02D28FB7DD5-SegmentedRaftLogWorker close()
2019-10-10 18:44:52,841 [main] INFO  server.GrpcService (GrpcService.java:closeImpl(164)) - beaf6bb1-9637-4bc7-baee-c1d101cc238c: shutdown server with port 36992 now
2019-10-10 18:44:52,842 [grpc-default-executor-6] WARN  server.GrpcServerProtocolService (LogUtils.java:warn(134)) - beaf6bb1-9637-4bc7-baee-c1d101cc238c: installSnapshot onError, lastRequest: 1efb21a3-f684-468a-b169-b6be23b2e470->beaf6bb1-9637-4bc7-baee-c1d101cc238c#5-t1, previous=(t:1, i:2), leaderCommit=2, initializing? false, entries: <empty>: org.apache.ratis.thirdparty.io.grpc.StatusRuntimeException: CANCELLED: cancelled before receiving half close
2019-10-10 18:44:52,842 [grpc-default-executor-3] WARN  server.GrpcLogAppender (LogUtils.java:warn(134)) - 1efb21a3-f684-468a-b169-b6be23b2e470@group-E02D28FB7DD5->beaf6bb1-9637-4bc7-baee-c1d101cc238c-AppendLogResponseHandler: Failed appendEntries: org.apache.ratis.thirdparty.io.grpc.StatusRuntimeException: CANCELLED: HTTP/2 error code: CANCEL
Received Rst Stream
2019-10-10 18:44:52,842 [main] INFO  server.GrpcService (GrpcService.java:closeImpl(172)) - beaf6bb1-9637-4bc7-baee-c1d101cc238c: shutdown server with port 36992 successfully
2019-10-10 18:44:52,843 [grpc-default-executor-3] INFO  impl.FollowerInfo (FollowerInfo.java:lambda$new$0(51)) - 1efb21a3-f684-468a-b169-b6be23b2e470@group-E02D28FB7DD5->beaf6bb1-9637-4bc7-baee-c1d101cc238c: nextIndex: updateUnconditionally 3 -> 2
2019-10-10 18:44:52,846 [refreshUsed-/workdir/hadoop-ozone/integration-test/target/test-dir/MiniOzoneClusterImpl-1fa03064-cf3b-46b2-b55a-2e6b8b8c34ec/datanode-2/data/containers] WARN  fs.CachingGetSpaceUsed (CachingGetSpaceUsed.java:run(183)) - Thread Interrupted waiting to refresh disk information: sleep interrupted
2019-10-10 18:44:52,863 [main] INFO  utils.BackgroundService (BackgroundService.java:shutdown(151)) - Shutting down service BlockDeletingService
2019-10-10 18:44:52,868 [main] INFO  statemachine.DatanodeStateMachine (DatanodeStateMachine.java:stopDaemon(395)) - Ozone container server stopped.
2019-10-10 18:44:52,870 [main] INFO  handler.ContextHandler (ContextHandler.java:doStop(910)) - Stopped o.e.j.w.WebAppContext@604d23fa{/,null,UNAVAILABLE}{/hddsDatanode}
2019-10-10 18:44:52,871 [main] INFO  server.AbstractConnector (AbstractConnector.java:doStop(318)) - Stopped ServerConnector@1cc8416a{HTTP/1.1,[http/1.1]}{0.0.0.0:0}
2019-10-10 18:44:52,871 [main] INFO  handler.ContextHandler (ContextHandler.java:doStop(910)) - Stopped o.e.j.s.ServletContextHandler@738d37fc{/static,jar:file:/home/user/.m2/repository/org/apache/hadoop/hadoop-hdds-container-service/0.5.0-SNAPSHOT/hadoop-hdds-container-service-0.5.0-SNAPSHOT.jar!/webapps/static,UNAVAILABLE}
2019-10-10 18:44:52,872 [main] INFO  handler.ContextHandler (ContextHandler.java:doStop(910)) - Stopped o.e.j.s.ServletContextHandler@c1050f2{/logs,file:///workdir/hadoop-ozone/integration-test/target/log,UNAVAILABLE}
2019-10-10 18:44:53,799 [Datanode State Machine Thread - 0] INFO  statemachine.DatanodeStateMachine (DatanodeStateMachine.java:lambda$startDaemon$0(350)) - Ozone container server started.
2019-10-10 18:44:55,145 [grpc-default-executor-5] WARN  server.GrpcLogAppender (LogUtils.java:warn(134)) - 1efb21a3-f684-468a-b169-b6be23b2e470@group-E02D28FB7DD5->beaf6bb1-9637-4bc7-baee-c1d101cc238c-AppendLogResponseHandler: Failed appendEntries: org.apache.ratis.thirdparty.io.grpc.StatusRuntimeException: UNAVAILABLE: io exception
2019-10-10 18:44:55,146 [grpc-default-executor-5] INFO  impl.FollowerInfo (FollowerInfo.java:lambda$new$0(51)) - 1efb21a3-f684-468a-b169-b6be23b2e470@group-E02D28FB7DD5->beaf6bb1-9637-4bc7-baee-c1d101cc238c: nextIndex: updateUnconditionally 2 -> 1
2019-10-10 18:44:57,650 [grpc-default-executor-0] WARN  server.GrpcLogAppender (LogUtils.java:warn(134)) - 1efb21a3-f684-468a-b169-b6be23b2e470@group-E02D28FB7DD5->beaf6bb1-9637-4bc7-baee-c1d101cc238c-AppendLogResponseHandler: Failed appendEntries: org.apache.ratis.thirdparty.io.grpc.StatusRuntimeException: UNAVAILABLE: io exception
2019-10-10 18:44:57,651 [grpc-default-executor-0] INFO  impl.FollowerInfo (FollowerInfo.java:lambda$new$0(51)) - 1efb21a3-f684-468a-b169-b6be23b2e470@group-E02D28FB7DD5->beaf6bb1-9637-4bc7-baee-c1d101cc238c: nextIndex: updateUnconditionally 1 -> 0
2019-10-10 18:44:57,874 [main] INFO  ozoneimpl.OzoneContainer (OzoneContainer.java:stop(227)) - Attempting to stop container services.
2019-10-10 18:44:57,875 [main] INFO  impl.RaftServerProxy (RaftServerProxy.java:lambda$close$4(314)) - 56c7f49a-0896-472f-aa97-bf6ea0e1870f: close
2019-10-10 18:44:57,876 [main] INFO  impl.RaftServerImpl (RaftServerImpl.java:lambda$shutdown$3(247)) - 56c7f49a-0896-472f-aa97-bf6ea0e1870f@group-323C8F1068D6: shutdown
2019-10-10 18:44:57,876 [main] INFO  util.JmxRegister (JmxRegister.java:unregister(73)) - Successfully un-registered JMX Bean with object name Ratis:service=RaftServer,group=group-323C8F1068D6,id=56c7f49a-0896-472f-aa97-bf6ea0e1870f
2019-10-10 18:44:57,877 [main] INFO  impl.RoleInfo (RoleInfo.java:shutdownLeaderState(104)) - 56c7f49a-0896-472f-aa97-bf6ea0e1870f: shutdown LeaderState
2019-10-10 18:44:57,877 [main] INFO  impl.PendingRequests (PendingRequests.java:sendNotLeaderResponses(202)) - 56c7f49a-0896-472f-aa97-bf6ea0e1870f@group-323C8F1068D6-PendingRequests: sendNotLeaderResponses
2019-10-10 18:44:57,877 [main] INFO  impl.StateMachineUpdater (StateMachineUpdater.java:stopAndJoin(136)) - 56c7f49a-0896-472f-aa97-bf6ea0e1870f@group-323C8F1068D6-StateMachineUpdater: set stopIndex = 0
2019-10-10 18:44:57,878 [main] INFO  impl.RaftServerImpl (ServerState.java:close(387)) - 56c7f49a-0896-472f-aa97-bf6ea0e1870f@group-323C8F1068D6: closes. applyIndex: 0
2019-10-10 18:44:57,878 [56c7f49a-0896-472f-aa97-bf6ea0e1870f@group-323C8F1068D6-SegmentedRaftLogWorker] INFO  segmented.SegmentedRaftLogWorker (SegmentedRaftLogWorker.java:run(316)) - 56c7f49a-0896-472f-aa97-bf6ea0e1870f@group-323C8F1068D6-SegmentedRaftLogWorker was interrupted, exiting. There are 0 tasks remaining in the queue.
2019-10-10 18:44:57,888 [main] INFO  segmented.SegmentedRaftLogWorker (SegmentedRaftLogWorker.java:close(224)) - 56c7f49a-0896-472f-aa97-bf6ea0e1870f@group-323C8F1068D6-SegmentedRaftLogWorker close()
2019-10-10 18:44:57,893 [main] INFO  impl.RaftServerImpl (RaftServerImpl.java:lambda$shutdown$3(247)) - 56c7f49a-0896-472f-aa97-bf6ea0e1870f@group-E02D28FB7DD5: shutdown
2019-10-10 18:44:57,893 [main] INFO  util.JmxRegister (JmxRegister.java:unregister(73)) - Successfully un-registered JMX Bean with object name Ratis:service=RaftServer,group=group-E02D28FB7DD5,id=56c7f49a-0896-472f-aa97-bf6ea0e1870f
2019-10-10 18:44:57,893 [main] INFO  impl.RoleInfo (RoleInfo.java:shutdownFollowerState(121)) - 56c7f49a-0896-472f-aa97-bf6ea0e1870f: shutdown FollowerState
2019-10-10 18:44:57,894 [main] INFO  impl.StateMachineUpdater (StateMachineUpdater.java:stopAndJoin(136)) - 56c7f49a-0896-472f-aa97-bf6ea0e1870f@group-E02D28FB7DD5-StateMachineUpdater: set stopIndex = 2
2019-10-10 18:44:57,894 [Thread-1498] INFO  impl.FollowerState (FollowerState.java:run(117)) - 56c7f49a-0896-472f-aa97-bf6ea0e1870f@group-E02D28FB7DD5-FollowerState was interrupted: java.lang.InterruptedException: sleep interrupted
2019-10-10 18:44:57,894 [56c7f49a-0896-472f-aa97-bf6ea0e1870f@group-E02D28FB7DD5-StateMachineUpdater] INFO  ratis.ContainerStateMachine (ContainerStateMachine.java:takeSnapshot(294)) - group-E02D28FB7DD5: Taking a snapshot at:(t:1, i:1) file /workdir/hadoop-ozone/integration-test/target/test-dir/MiniOzoneClusterImpl-1fa03064-cf3b-46b2-b55a-2e6b8b8c34ec/datanode-0/data/ratis/a577533b-f1ea-4a9a-85ff-e02d28fb7dd5/sm/snapshot.1_1
2019-10-10 18:44:57,930 [56c7f49a-0896-472f-aa97-bf6ea0e1870f@group-E02D28FB7DD5-StateMachineUpdater] INFO  ratis.ContainerStateMachine (ContainerStateMachine.java:takeSnapshot(305)) - group-E02D28FB7DD5: Finished taking a snapshot at:(t:1, i:1) file:/workdir/hadoop-ozone/integration-test/target/test-dir/MiniOzoneClusterImpl-1fa03064-cf3b-46b2-b55a-2e6b8b8c34ec/datanode-0/data/ratis/a577533b-f1ea-4a9a-85ff-e02d28fb7dd5/sm/snapshot.1_1 time:37
2019-10-10 18:44:57,931 [56c7f49a-0896-472f-aa97-bf6ea0e1870f@group-E02D28FB7DD5-StateMachineUpdater] INFO  impl.StateMachineUpdater (StateMachineUpdater.java:takeSnapshot(269)) - 56c7f49a-0896-472f-aa97-bf6ea0e1870f@group-E02D28FB7DD5-StateMachineUpdater: Took a snapshot at index 1
2019-10-10 18:44:57,931 [56c7f49a-0896-472f-aa97-bf6ea0e1870f@group-E02D28FB7DD5-StateMachineUpdater] INFO  impl.StateMachineUpdater (StateMachineUpdater.java:lambda$new$0(84)) - 56c7f49a-0896-472f-aa97-bf6ea0e1870f@group-E02D28FB7DD5-StateMachineUpdater: snapshotIndex: updateIncreasingly -1 -> 1
2019-10-10 18:44:57,931 [56c7f49a-0896-472f-aa97-bf6ea0e1870f@group-E02D28FB7DD5-StateMachineUpdater] INFO  ratis.ContainerStateMachine (ContainerStateMachine.java:takeSnapshot(294)) - group-E02D28FB7DD5: Taking a snapshot at:(t:1, i:1) file /workdir/hadoop-ozone/integration-test/target/test-dir/MiniOzoneClusterImpl-1fa03064-cf3b-46b2-b55a-2e6b8b8c34ec/datanode-0/data/ratis/a577533b-f1ea-4a9a-85ff-e02d28fb7dd5/sm/snapshot.1_1
2019-10-10 18:44:57,944 [56c7f49a-0896-472f-aa97-bf6ea0e1870f@group-E02D28FB7DD5-StateMachineUpdater] INFO  ratis.ContainerStateMachine (ContainerStateMachine.java:takeSnapshot(305)) - group-E02D28FB7DD5: Finished taking a snapshot at:(t:1, i:1) file:/workdir/hadoop-ozone/integration-test/target/test-dir/MiniOzoneClusterImpl-1fa03064-cf3b-46b2-b55a-2e6b8b8c34ec/datanode-0/data/ratis/a577533b-f1ea-4a9a-85ff-e02d28fb7dd5/sm/snapshot.1_1 time:13
2019-10-10 18:44:57,944 [56c7f49a-0896-472f-aa97-bf6ea0e1870f@group-E02D28FB7DD5-StateMachineUpdater] INFO  impl.StateMachineUpdater (StateMachineUpdater.java:takeSnapshot(269)) - 56c7f49a-0896-472f-aa97-bf6ea0e1870f@group-E02D28FB7DD5-StateMachineUpdater: Took a snapshot at index 1
2019-10-10 18:44:57,944 [56c7f49a-0896-472f-aa97-bf6ea0e1870f@group-E02D28FB7DD5-StateMachineUpdater] INFO  impl.StateMachineUpdater (StateMachineUpdater.java:lambda$new$0(84)) - 56c7f49a-0896-472f-aa97-bf6ea0e1870f@group-E02D28FB7DD5-StateMachineUpdater: snapshotIndex: updateIncreasingly 1 -> 1
2019-10-10 18:44:57,945 [main] INFO  impl.RaftServerImpl (ServerState.java:close(387)) - 56c7f49a-0896-472f-aa97-bf6ea0e1870f@group-E02D28FB7DD5: closes. applyIndex: 2
2019-10-10 18:44:57,945 [56c7f49a-0896-472f-aa97-bf6ea0e1870f@group-E02D28FB7DD5-SegmentedRaftLogWorker] INFO  segmented.SegmentedRaftLogWorker (SegmentedRaftLogWorker.java:run(316)) - 56c7f49a-0896-472f-aa97-bf6ea0e1870f@group-E02D28FB7DD5-SegmentedRaftLogWorker was interrupted, exiting. There are 0 tasks remaining in the queue.
2019-10-10 18:44:57,948 [main] INFO  segmented.SegmentedRaftLogWorker (SegmentedRaftLogWorker.java:close(224)) - 56c7f49a-0896-472f-aa97-bf6ea0e1870f@group-E02D28FB7DD5-SegmentedRaftLogWorker close()
2019-10-10 18:44:57,952 [main] INFO  server.GrpcService (GrpcService.java:closeImpl(164)) - 56c7f49a-0896-472f-aa97-bf6ea0e1870f: shutdown server with port 35548 now
2019-10-10 18:44:57,953 [grpc-default-executor-0] WARN  server.GrpcServerProtocolService (LogUtils.java:warn(134)) - 56c7f49a-0896-472f-aa97-bf6ea0e1870f: installSnapshot onError, lastRequest: 1efb21a3-f684-468a-b169-b6be23b2e470->56c7f49a-0896-472f-aa97-bf6ea0e1870f#7-t1, previous=(t:1, i:2), leaderCommit=2, initializing? false, entries: <empty>: org.apache.ratis.thirdparty.io.grpc.StatusRuntimeException: CANCELLED: cancelled before receiving half close
2019-10-10 18:44:57,953 [main] INFO  server.GrpcService (GrpcService.java:closeImpl(172)) - 56c7f49a-0896-472f-aa97-bf6ea0e1870f: shutdown server with port 35548 successfully
2019-10-10 18:44:57,953 [grpc-default-executor-5] WARN  server.GrpcLogAppender (LogUtils.java:warn(134)) - 1efb21a3-f684-468a-b169-b6be23b2e470@group-E02D28FB7DD5->56c7f49a-0896-472f-aa97-bf6ea0e1870f-AppendLogResponseHandler: Failed appendEntries: org.apache.ratis.thirdparty.io.grpc.StatusRuntimeException: CANCELLED: HTTP/2 error code: CANCEL
Received Rst Stream
2019-10-10 18:44:57,954 [grpc-default-executor-5] INFO  impl.FollowerInfo (FollowerInfo.java:lambda$new$0(51)) - 1efb21a3-f684-468a-b169-b6be23b2e470@group-E02D28FB7DD5->56c7f49a-0896-472f-aa97-bf6ea0e1870f: nextIndex: updateUnconditionally 3 -> 2
2019-10-10 18:44:57,959 [refreshUsed-/workdir/hadoop-ozone/integration-test/target/test-dir/MiniOzoneClusterImpl-1fa03064-cf3b-46b2-b55a-2e6b8b8c34ec/datanode-0/data/containers] WARN  fs.CachingGetSpaceUsed (CachingGetSpaceUsed.java:run(183)) - Thread Interrupted waiting to refresh disk information: sleep interrupted
2019-10-10 18:44:57,979 [main] INFO  utils.BackgroundService (BackgroundService.java:shutdown(151)) - Shutting down service BlockDeletingService
2019-10-10 18:44:57,998 [main] INFO  statemachine.DatanodeStateMachine (DatanodeStateMachine.java:stopDaemon(395)) - Ozone container server stopped.
2019-10-10 18:44:58,000 [main] INFO  handler.ContextHandler (ContextHandler.java:doStop(910)) - Stopped o.e.j.w.WebAppContext@6e829e50{/,null,UNAVAILABLE}{/hddsDatanode}
2019-10-10 18:44:58,000 [main] INFO  server.AbstractConnector (AbstractConnector.java:doStop(318)) - Stopped ServerConnector@4aa2877c{HTTP/1.1,[http/1.1]}{0.0.0.0:0}
2019-10-10 18:44:58,001 [main] INFO  handler.ContextHandler (ContextHandler.java:doStop(910)) - Stopped o.e.j.s.ServletContextHandler@4f486211{/static,jar:file:/home/user/.m2/repository/org/apache/hadoop/hadoop-hdds-container-service/0.5.0-SNAPSHOT/hadoop-hdds-container-service-0.5.0-SNAPSHOT.jar!/webapps/static,UNAVAILABLE}
2019-10-10 18:44:58,001 [main] INFO  handler.ContextHandler (ContextHandler.java:doStop(910)) - Stopped o.e.j.s.ServletContextHandler@73c31181{/logs,file:///workdir/hadoop-ozone/integration-test/target/log,UNAVAILABLE}
2019-10-10 18:45:00,149 [grpc-default-executor-6] WARN  server.GrpcLogAppender (LogUtils.java:warn(134)) - 1efb21a3-f684-468a-b169-b6be23b2e470@group-E02D28FB7DD5->beaf6bb1-9637-4bc7-baee-c1d101cc238c-AppendLogResponseHandler: Failed appendEntries: org.apache.ratis.thirdparty.io.grpc.StatusRuntimeException: UNAVAILABLE: io exception
2019-10-10 18:45:00,149 [grpc-default-executor-6] INFO  impl.FollowerInfo (FollowerInfo.java:lambda$new$0(51)) - 1efb21a3-f684-468a-b169-b6be23b2e470@group-E02D28FB7DD5->beaf6bb1-9637-4bc7-baee-c1d101cc238c: nextIndex: updateUnconditionally 0 -> 0
2019-10-10 18:45:00,154 [grpc-default-executor-0] WARN  server.GrpcLogAppender (LogUtils.java:warn(134)) - 1efb21a3-f684-468a-b169-b6be23b2e470@group-E02D28FB7DD5->56c7f49a-0896-472f-aa97-bf6ea0e1870f-AppendLogResponseHandler: Failed appendEntries: org.apache.ratis.thirdparty.io.grpc.StatusRuntimeException: UNAVAILABLE: io exception
2019-10-10 18:45:00,154 [grpc-default-executor-0] INFO  impl.FollowerInfo (FollowerInfo.java:lambda$new$0(51)) - 1efb21a3-f684-468a-b169-b6be23b2e470@group-E02D28FB7DD5->56c7f49a-0896-472f-aa97-bf6ea0e1870f: nextIndex: updateUnconditionally 2 -> 1
2019-10-10 18:45:02,653 [grpc-default-executor-5] WARN  server.GrpcLogAppender (LogUtils.java:warn(134)) - 1efb21a3-f684-468a-b169-b6be23b2e470@group-E02D28FB7DD5->beaf6bb1-9637-4bc7-baee-c1d101cc238c-AppendLogResponseHandler: Failed appendEntries: org.apache.ratis.thirdparty.io.grpc.StatusRuntimeException: UNAVAILABLE: io exception
2019-10-10 18:45:02,654 [grpc-default-executor-5] INFO  impl.FollowerInfo (FollowerInfo.java:lambda$new$0(51)) - 1efb21a3-f684-468a-b169-b6be23b2e470@group-E02D28FB7DD5->beaf6bb1-9637-4bc7-baee-c1d101cc238c: nextIndex: updateUnconditionally 0 -> 0
2019-10-10 18:45:02,656 [grpc-default-executor-6] WARN  server.GrpcLogAppender (LogUtils.java:warn(134)) - 1efb21a3-f684-468a-b169-b6be23b2e470@group-E02D28FB7DD5->56c7f49a-0896-472f-aa97-bf6ea0e1870f-AppendLogResponseHandler: Failed appendEntries: org.apache.ratis.thirdparty.io.grpc.StatusRuntimeException: UNAVAILABLE: io exception
2019-10-10 18:45:02,656 [grpc-default-executor-6] INFO  impl.FollowerInfo (FollowerInfo.java:lambda$new$0(51)) - 1efb21a3-f684-468a-b169-b6be23b2e470@group-E02D28FB7DD5->56c7f49a-0896-472f-aa97-bf6ea0e1870f: nextIndex: updateUnconditionally 1 -> 0
2019-10-10 18:45:05,154 [grpc-default-executor-6] WARN  server.GrpcLogAppender (LogUtils.java:warn(134)) - 1efb21a3-f684-468a-b169-b6be23b2e470@group-E02D28FB7DD5->beaf6bb1-9637-4bc7-baee-c1d101cc238c-AppendLogResponseHandler: Failed appendEntries: org.apache.ratis.thirdparty.io.grpc.StatusRuntimeException: UNAVAILABLE: io exception
2019-10-10 18:45:05,154 [grpc-default-executor-6] INFO  impl.FollowerInfo (FollowerInfo.java:lambda$new$0(51)) - 1efb21a3-f684-468a-b169-b6be23b2e470@group-E02D28FB7DD5->beaf6bb1-9637-4bc7-baee-c1d101cc238c: nextIndex: updateUnconditionally 0 -> 0
2019-10-10 18:45:05,156 [grpc-default-executor-5] WARN  server.GrpcLogAppender (LogUtils.java:warn(134)) - 1efb21a3-f684-468a-b169-b6be23b2e470@group-E02D28FB7DD5->56c7f49a-0896-472f-aa97-bf6ea0e1870f-AppendLogResponseHandler: Failed appendEntries: org.apache.ratis.thirdparty.io.grpc.StatusRuntimeException: UNAVAILABLE: io exception
2019-10-10 18:45:05,156 [grpc-default-executor-5] INFO  impl.FollowerInfo (FollowerInfo.java:lambda$new$0(51)) - 1efb21a3-f684-468a-b169-b6be23b2e470@group-E02D28FB7DD5->56c7f49a-0896-472f-aa97-bf6ea0e1870f: nextIndex: updateUnconditionally 0 -> 0
2019-10-10 18:45:07,652 [grpc-default-executor-6] WARN  server.GrpcLogAppender (LogUtils.java:warn(134)) - 1efb21a3-f684-468a-b169-b6be23b2e470@group-E02D28FB7DD5->beaf6bb1-9637-4bc7-baee-c1d101cc238c-AppendLogResponseHandler: Failed appendEntries: org.apache.ratis.thirdparty.io.grpc.StatusRuntimeException: UNAVAILABLE: io exception
2019-10-10 18:45:07,652 [grpc-default-executor-6] INFO  impl.FollowerInfo (FollowerInfo.java:lambda$new$0(51)) - 1efb21a3-f684-468a-b169-b6be23b2e470@group-E02D28FB7DD5->beaf6bb1-9637-4bc7-baee-c1d101cc238c: nextIndex: updateUnconditionally 0 -> 0
2019-10-10 18:45:07,655 [grpc-default-executor-0] WARN  server.GrpcLogAppender (LogUtils.java:warn(134)) - 1efb21a3-f684-468a-b169-b6be23b2e470@group-E02D28FB7DD5->56c7f49a-0896-472f-aa97-bf6ea0e1870f-AppendLogResponseHandler: Failed appendEntries: org.apache.ratis.thirdparty.io.grpc.StatusRuntimeException: UNAVAILABLE: io exception
2019-10-10 18:45:07,655 [grpc-default-executor-0] INFO  impl.FollowerInfo (FollowerInfo.java:lambda$new$0(51)) - 1efb21a3-f684-468a-b169-b6be23b2e470@group-E02D28FB7DD5->56c7f49a-0896-472f-aa97-bf6ea0e1870f: nextIndex: updateUnconditionally 0 -> 0
2019-10-10 18:45:08,685 [Thread-1578] INFO  client.GrpcClientProtocolService (GrpcClientProtocolService.java:lambda$processClientRequest$0(278)) - Failed RaftClientRequest:client-E6BFD2B3D48D->1efb21a3-f684-468a-b169-b6be23b2e470@group-E02D28FB7DD5, cid=67, seq=0, Watch-ALL_COMMITTED(23), Message:<EMPTY>, reply=RaftClientReply:client-E6BFD2B3D48D->1efb21a3-f684-468a-b169-b6be23b2e470@group-E02D28FB7DD5, cid=67, FAILED org.apache.ratis.protocol.NotReplicatedException: Request with call Id 67 and log index 23 is not yet replicated to ALL_COMMITTED, logIndex=23, commits[1efb21a3-f684-468a-b169-b6be23b2e470:c2, beaf6bb1-9637-4bc7-baee-c1d101cc238c:c2, 56c7f49a-0896-472f-aa97-bf6ea0e1870f:c2]
2019-10-10 18:45:10,153 [grpc-default-executor-5] WARN  server.GrpcLogAppender (LogUtils.java:warn(134)) - 1efb21a3-f684-468a-b169-b6be23b2e470@group-E02D28FB7DD5->beaf6bb1-9637-4bc7-baee-c1d101cc238c-AppendLogResponseHandler: Failed appendEntries: org.apache.ratis.thirdparty.io.grpc.StatusRuntimeException: UNAVAILABLE: io exception
2019-10-10 18:45:10,153 [grpc-default-executor-5] INFO  impl.FollowerInfo (FollowerInfo.java:lambda$new$0(51)) - 1efb21a3-f684-468a-b169-b6be23b2e470@group-E02D28FB7DD5->beaf6bb1-9637-4bc7-baee-c1d101cc238c: nextIndex: updateUnconditionally 0 -> 0
2019-10-10 18:45:10,155 [grpc-default-executor-6] WARN  server.GrpcLogAppender (LogUtils.java:warn(134)) - 1efb21a3-f684-468a-b169-b6be23b2e470@group-E02D28FB7DD5->56c7f49a-0896-472f-aa97-bf6ea0e1870f-AppendLogResponseHandler: Failed appendEntries: org.apache.ratis.thirdparty.io.grpc.StatusRuntimeException: UNAVAILABLE: io exception
2019-10-10 18:45:10,158 [grpc-default-executor-6] INFO  impl.FollowerInfo (FollowerInfo.java:lambda$new$0(51)) - 1efb21a3-f684-468a-b169-b6be23b2e470@group-E02D28FB7DD5->56c7f49a-0896-472f-aa97-bf6ea0e1870f: nextIndex: updateUnconditionally 0 -> 0
2019-10-10 18:45:12,654 [grpc-default-executor-5] WARN  server.GrpcLogAppender (LogUtils.java:warn(134)) - 1efb21a3-f684-468a-b169-b6be23b2e470@group-E02D28FB7DD5->beaf6bb1-9637-4bc7-baee-c1d101cc238c-AppendLogResponseHandler: Failed appendEntries: org.apache.ratis.thirdparty.io.grpc.StatusRuntimeException: UNAVAILABLE: io exception
2019-10-10 18:45:12,655 [grpc-default-executor-5] INFO  impl.FollowerInfo (FollowerInfo.java:lambda$new$0(51)) - 1efb21a3-f684-468a-b169-b6be23b2e470@group-E02D28FB7DD5->beaf6bb1-9637-4bc7-baee-c1d101cc238c: nextIndex: updateUnconditionally 0 -> 0
2019-10-10 18:45:12,656 [grpc-default-executor-0] WARN  server.GrpcLogAppender (LogUtils.java:warn(134)) - 1efb21a3-f684-468a-b169-b6be23b2e470@group-E02D28FB7DD5->56c7f49a-0896-472f-aa97-bf6ea0e1870f-AppendLogResponseHandler: Failed appendEntries: org.apache.ratis.thirdparty.io.grpc.StatusRuntimeException: UNAVAILABLE: io exception
2019-10-10 18:45:12,656 [grpc-default-executor-0] INFO  impl.FollowerInfo (FollowerInfo.java:lambda$new$0(51)) - 1efb21a3-f684-468a-b169-b6be23b2e470@group-E02D28FB7DD5->56c7f49a-0896-472f-aa97-bf6ea0e1870f: nextIndex: updateUnconditionally 0 -> 0
2019-10-10 18:45:15,158 [grpc-default-executor-6] WARN  server.GrpcLogAppender (LogUtils.java:warn(134)) - 1efb21a3-f684-468a-b169-b6be23b2e470@group-E02D28FB7DD5->beaf6bb1-9637-4bc7-baee-c1d101cc238c-AppendLogResponseHandler: Failed appendEntries: org.apache.ratis.thirdparty.io.grpc.StatusRuntimeException: UNAVAILABLE: io exception
2019-10-10 18:45:15,158 [grpc-default-executor-0] WARN  server.GrpcLogAppender (LogUtils.java:warn(134)) - 1efb21a3-f684-468a-b169-b6be23b2e470@group-E02D28FB7DD5->56c7f49a-0896-472f-aa97-bf6ea0e1870f-AppendLogResponseHandler: Failed appendEntries: org.apache.ratis.thirdparty.io.grpc.StatusRuntimeException: UNAVAILABLE: io exception
2019-10-10 18:45:15,159 [grpc-default-executor-6] INFO  impl.FollowerInfo (FollowerInfo.java:lambda$new$0(51)) - 1efb21a3-f684-468a-b169-b6be23b2e470@group-E02D28FB7DD5->beaf6bb1-9637-4bc7-baee-c1d101cc238c: nextIndex: updateUnconditionally 0 -> 0
2019-10-10 18:45:15,159 [grpc-default-executor-0] INFO  impl.FollowerInfo (FollowerInfo.java:lambda$new$0(51)) - 1efb21a3-f684-468a-b169-b6be23b2e470@group-E02D28FB7DD5->56c7f49a-0896-472f-aa97-bf6ea0e1870f: nextIndex: updateUnconditionally 0 -> 0
2019-10-10 18:45:17,657 [grpc-default-executor-0] WARN  server.GrpcLogAppender (LogUtils.java:warn(134)) - 1efb21a3-f684-468a-b169-b6be23b2e470@group-E02D28FB7DD5->beaf6bb1-9637-4bc7-baee-c1d101cc238c-AppendLogResponseHandler: Failed appendEntries: org.apache.ratis.thirdparty.io.grpc.StatusRuntimeException: UNAVAILABLE: io exception
2019-10-10 18:45:17,657 [grpc-default-executor-0] INFO  impl.FollowerInfo (FollowerInfo.java:lambda$new$0(51)) - 1efb21a3-f684-468a-b169-b6be23b2e470@group-E02D28FB7DD5->beaf6bb1-9637-4bc7-baee-c1d101cc238c: nextIndex: updateUnconditionally 0 -> 0
2019-10-10 18:45:17,658 [grpc-default-executor-0] WARN  server.GrpcLogAppender (LogUtils.java:warn(134)) - 1efb21a3-f684-468a-b169-b6be23b2e470@group-E02D28FB7DD5->56c7f49a-0896-472f-aa97-bf6ea0e1870f-AppendLogResponseHandler: Failed appendEntries: org.apache.ratis.thirdparty.io.grpc.StatusRuntimeException: UNAVAILABLE: io exception
2019-10-10 18:45:17,658 [grpc-default-executor-0] INFO  impl.FollowerInfo (FollowerInfo.java:lambda$new$0(51)) - 1efb21a3-f684-468a-b169-b6be23b2e470@group-E02D28FB7DD5->56c7f49a-0896-472f-aa97-bf6ea0e1870f: nextIndex: updateUnconditionally 0 -> 0
2019-10-10 18:45:18,004 [main] WARN  scm.XceiverClientRatis (XceiverClientRatis.java:watchForCommit(277)) - 3 way commit failed on pipeline Pipeline[ Id: a577533b-f1ea-4a9a-85ff-e02d28fb7dd5, Nodes: beaf6bb1-9637-4bc7-baee-c1d101cc238c{ip: 192.168.164.239, host: pr-hdds-1986-hdr44-321838893, networkLocation: /default-rack, certSerialId: null}56c7f49a-0896-472f-aa97-bf6ea0e1870f{ip: 192.168.164.239, host: pr-hdds-1986-hdr44-321838893, networkLocation: /default-rack, certSerialId: null}1efb21a3-f684-468a-b169-b6be23b2e470{ip: 192.168.164.239, host: pr-hdds-1986-hdr44-321838893, networkLocation: /default-rack, certSerialId: null}, Type:RATIS, Factor:THREE, State:OPEN]
java.util.concurrent.TimeoutException
	at java.util.concurrent.CompletableFuture.timedGet(CompletableFuture.java:1771)
	at java.util.concurrent.CompletableFuture.get(CompletableFuture.java:1915)
	at org.apache.hadoop.hdds.scm.XceiverClientRatis.watchForCommit(XceiverClientRatis.java:274)
	at org.apache.hadoop.ozone.client.rpc.TestWatchForCommit.testWatchForCommitForRetryfailure(TestWatchForCommit.java:345)
	at sun.reflect.NativeMethodAccessorImpl.invoke0(Native Method)
	at sun.reflect.NativeMethodAccessorImpl.invoke(NativeMethodAccessorImpl.java:62)
	at sun.reflect.DelegatingMethodAccessorImpl.invoke(DelegatingMethodAccessorImpl.java:43)
	at java.lang.reflect.Method.invoke(Method.java:498)
	at org.junit.runners.model.FrameworkMethod$1.runReflectiveCall(FrameworkMethod.java:47)
	at org.junit.internal.runners.model.ReflectiveCallable.run(ReflectiveCallable.java:12)
	at org.junit.runners.model.FrameworkMethod.invokeExplosively(FrameworkMethod.java:44)
	at org.junit.internal.runners.statements.InvokeMethod.evaluate(InvokeMethod.java:17)
	at org.junit.runners.ParentRunner.runLeaf(ParentRunner.java:271)
	at org.junit.runners.BlockJUnit4ClassRunner.runChild(BlockJUnit4ClassRunner.java:70)
	at org.junit.runners.BlockJUnit4ClassRunner.runChild(BlockJUnit4ClassRunner.java:50)
	at org.junit.runners.ParentRunner$3.run(ParentRunner.java:238)
	at org.junit.runners.ParentRunner$1.schedule(ParentRunner.java:63)
	at org.junit.runners.ParentRunner.runChildren(ParentRunner.java:236)
	at org.junit.runners.ParentRunner.access$000(ParentRunner.java:53)
	at org.junit.runners.ParentRunner$2.evaluate(ParentRunner.java:229)
	at org.junit.runners.ParentRunner.run(ParentRunner.java:309)
	at org.apache.maven.surefire.junit4.JUnit4Provider.execute(JUnit4Provider.java:365)
	at org.apache.maven.surefire.junit4.JUnit4Provider.executeWithRerun(JUnit4Provider.java:273)
	at org.apache.maven.surefire.junit4.JUnit4Provider.executeTestSet(JUnit4Provider.java:238)
	at org.apache.maven.surefire.junit4.JUnit4Provider.invoke(JUnit4Provider.java:159)
	at org.apache.maven.surefire.booter.ForkedBooter.invokeProviderInSameClassLoader(ForkedBooter.java:384)
	at org.apache.maven.surefire.booter.ForkedBooter.runSuitesInProcess(ForkedBooter.java:345)
	at org.apache.maven.surefire.booter.ForkedBooter.execute(ForkedBooter.java:126)
	at org.apache.maven.surefire.booter.ForkedBooter.main(ForkedBooter.java:418)
2019-10-10 18:45:20,158 [grpc-default-executor-6] WARN  server.GrpcLogAppender (LogUtils.java:warn(134)) - 1efb21a3-f684-468a-b169-b6be23b2e470@group-E02D28FB7DD5->beaf6bb1-9637-4bc7-baee-c1d101cc238c-AppendLogResponseHandler: Failed appendEntries: org.apache.ratis.thirdparty.io.grpc.StatusRuntimeException: UNAVAILABLE: io exception
2019-10-10 18:45:20,158 [grpc-default-executor-5] WARN  server.GrpcLogAppender (LogUtils.java:warn(134)) - 1efb21a3-f684-468a-b169-b6be23b2e470@group-E02D28FB7DD5->56c7f49a-0896-472f-aa97-bf6ea0e1870f-AppendLogResponseHandler: Failed appendEntries: org.apache.ratis.thirdparty.io.grpc.StatusRuntimeException: UNAVAILABLE: io exception
2019-10-10 18:45:20,162 [grpc-default-executor-6] INFO  impl.FollowerInfo (FollowerInfo.java:lambda$new$0(51)) - 1efb21a3-f684-468a-b169-b6be23b2e470@group-E02D28FB7DD5->beaf6bb1-9637-4bc7-baee-c1d101cc238c: nextIndex: updateUnconditionally 0 -> 0
2019-10-10 18:45:20,162 [grpc-default-executor-5] INFO  impl.FollowerInfo (FollowerInfo.java:lambda$new$0(51)) - 1efb21a3-f684-468a-b169-b6be23b2e470@group-E02D28FB7DD5->56c7f49a-0896-472f-aa97-bf6ea0e1870f: nextIndex: updateUnconditionally 0 -> 0
2019-10-10 18:45:20,683 [Thread-1596] INFO  client.GrpcClientProtocolService (GrpcClientProtocolService.java:lambda$processClientRequest$0(278)) - Failed RaftClientRequest:client-E6BFD2B3D48D->1efb21a3-f684-468a-b169-b6be23b2e470@group-E02D28FB7DD5, cid=67, seq=0, Watch-ALL_COMMITTED(23), Message:<EMPTY>, reply=RaftClientReply:client-E6BFD2B3D48D->1efb21a3-f684-468a-b169-b6be23b2e470@group-E02D28FB7DD5, cid=67, FAILED org.apache.ratis.protocol.NotReplicatedException: Request with call Id 67 and log index 23 is not yet replicated to ALL_COMMITTED, logIndex=23, commits[1efb21a3-f684-468a-b169-b6be23b2e470:c2, beaf6bb1-9637-4bc7-baee-c1d101cc238c:c2, 56c7f49a-0896-472f-aa97-bf6ea0e1870f:c2]
2019-10-10 18:45:22,658 [grpc-default-executor-5] WARN  server.GrpcLogAppender (LogUtils.java:warn(134)) - 1efb21a3-f684-468a-b169-b6be23b2e470@group-E02D28FB7DD5->beaf6bb1-9637-4bc7-baee-c1d101cc238c-AppendLogResponseHandler: Failed appendEntries: org.apache.ratis.thirdparty.io.grpc.StatusRuntimeException: UNAVAILABLE: io exception
2019-10-10 18:45:22,659 [grpc-default-executor-3] WARN  server.GrpcLogAppender (LogUtils.java:warn(134)) - 1efb21a3-f684-468a-b169-b6be23b2e470@group-E02D28FB7DD5->56c7f49a-0896-472f-aa97-bf6ea0e1870f-AppendLogResponseHandler: Failed appendEntries: org.apache.ratis.thirdparty.io.grpc.StatusRuntimeException: UNAVAILABLE: io exception
2019-10-10 18:45:22,659 [grpc-default-executor-5] INFO  impl.FollowerInfo (FollowerInfo.java:lambda$new$0(51)) - 1efb21a3-f684-468a-b169-b6be23b2e470@group-E02D28FB7DD5->beaf6bb1-9637-4bc7-baee-c1d101cc238c: nextIndex: updateUnconditionally 0 -> 0
2019-10-10 18:45:22,662 [grpc-default-executor-3] INFO  impl.FollowerInfo (FollowerInfo.java:lambda$new$0(51)) - 1efb21a3-f684-468a-b169-b6be23b2e470@group-E02D28FB7DD5->56c7f49a-0896-472f-aa97-bf6ea0e1870f: nextIndex: updateUnconditionally 0 -> 0
2019-10-10 18:45:25,159 [grpc-default-executor-5] WARN  server.GrpcLogAppender (LogUtils.java:warn(134)) - 1efb21a3-f684-468a-b169-b6be23b2e470@group-E02D28FB7DD5->beaf6bb1-9637-4bc7-baee-c1d101cc238c-AppendLogResponseHandler: Failed appendEntries: org.apache.ratis.thirdparty.io.grpc.StatusRuntimeException: UNAVAILABLE: io exception
2019-10-10 18:45:25,159 [grpc-default-executor-0] WARN  server.GrpcLogAppender (LogUtils.java:warn(134)) - 1efb21a3-f684-468a-b169-b6be23b2e470@group-E02D28FB7DD5->56c7f49a-0896-472f-aa97-bf6ea0e1870f-AppendLogResponseHandler: Failed appendEntries: org.apache.ratis.thirdparty.io.grpc.StatusRuntimeException: UNAVAILABLE: io exception
2019-10-10 18:45:25,159 [grpc-default-executor-5] INFO  impl.FollowerInfo (FollowerInfo.java:lambda$new$0(51)) - 1efb21a3-f684-468a-b169-b6be23b2e470@group-E02D28FB7DD5->beaf6bb1-9637-4bc7-baee-c1d101cc238c: nextIndex: updateUnconditionally 0 -> 0
2019-10-10 18:45:25,159 [grpc-default-executor-0] INFO  impl.FollowerInfo (FollowerInfo.java:lambda$new$0(51)) - 1efb21a3-f684-468a-b169-b6be23b2e470@group-E02D28FB7DD5->56c7f49a-0896-472f-aa97-bf6ea0e1870f: nextIndex: updateUnconditionally 0 -> 0
2019-10-10 18:45:27,661 [grpc-default-executor-0] WARN  server.GrpcLogAppender (LogUtils.java:warn(134)) - 1efb21a3-f684-468a-b169-b6be23b2e470@group-E02D28FB7DD5->beaf6bb1-9637-4bc7-baee-c1d101cc238c-AppendLogResponseHandler: Failed appendEntries: org.apache.ratis.thirdparty.io.grpc.StatusRuntimeException: UNAVAILABLE: io exception
2019-10-10 18:45:27,661 [grpc-default-executor-1] WARN  server.GrpcLogAppender (LogUtils.java:warn(134)) - 1efb21a3-f684-468a-b169-b6be23b2e470@group-E02D28FB7DD5->56c7f49a-0896-472f-aa97-bf6ea0e1870f-AppendLogResponseHandler: Failed appendEntries: org.apache.ratis.thirdparty.io.grpc.StatusRuntimeException: UNAVAILABLE: io exception
2019-10-10 18:45:27,661 [grpc-default-executor-0] INFO  impl.FollowerInfo (FollowerInfo.java:lambda$new$0(51)) - 1efb21a3-f684-468a-b169-b6be23b2e470@group-E02D28FB7DD5->beaf6bb1-9637-4bc7-baee-c1d101cc238c: nextIndex: updateUnconditionally 0 -> 0
2019-10-10 18:45:27,662 [grpc-default-executor-1] INFO  impl.FollowerInfo (FollowerInfo.java:lambda$new$0(51)) - 1efb21a3-f684-468a-b169-b6be23b2e470@group-E02D28FB7DD5->56c7f49a-0896-472f-aa97-bf6ea0e1870f: nextIndex: updateUnconditionally 0 -> 0
2019-10-10 18:45:29,683 [Thread-1609] INFO  client.GrpcClientProtocolService (GrpcClientProtocolService.java:lambda$processClientRequest$0(278)) - Failed RaftClientRequest:client-E6BFD2B3D48D->1efb21a3-f684-468a-b169-b6be23b2e470@group-E02D28FB7DD5, cid=68, seq=0, Watch-MAJORITY_COMMITTED(23), Message:<EMPTY>, reply=RaftClientReply:client-E6BFD2B3D48D->1efb21a3-f684-468a-b169-b6be23b2e470@group-E02D28FB7DD5, cid=68, FAILED org.apache.ratis.protocol.NotReplicatedException: Request with call Id 68 and log index 23 is not yet replicated to MAJORITY_COMMITTED, logIndex=23, commits[1efb21a3-f684-468a-b169-b6be23b2e470:c2, beaf6bb1-9637-4bc7-baee-c1d101cc238c:c2, 56c7f49a-0896-472f-aa97-bf6ea0e1870f:c2]
2019-10-10 18:45:29,683 [Thread-1610] INFO  client.GrpcClientProtocolService (GrpcClientProtocolService.java:lambda$processClientRequest$0(278)) - Failed RaftClientRequest:client-E6BFD2B3D48D->1efb21a3-f684-468a-b169-b6be23b2e470@group-E02D28FB7DD5, cid=67, seq=0, Watch-ALL_COMMITTED(23), Message:<EMPTY>, reply=RaftClientReply:client-E6BFD2B3D48D->1efb21a3-f684-468a-b169-b6be23b2e470@group-E02D28FB7DD5, cid=67, FAILED org.apache.ratis.protocol.NotReplicatedException: Request with call Id 67 and log index 23 is not yet replicated to ALL_COMMITTED, logIndex=23, commits[1efb21a3-f684-468a-b169-b6be23b2e470:c2, beaf6bb1-9637-4bc7-baee-c1d101cc238c:c2, 56c7f49a-0896-472f-aa97-bf6ea0e1870f:c2]
2019-10-10 18:45:30,161 [grpc-default-executor-1] WARN  server.GrpcLogAppender (LogUtils.java:warn(134)) - 1efb21a3-f684-468a-b169-b6be23b2e470@group-E02D28FB7DD5->56c7f49a-0896-472f-aa97-bf6ea0e1870f-AppendLogResponseHandler: Failed appendEntries: org.apache.ratis.thirdparty.io.grpc.StatusRuntimeException: UNAVAILABLE: io exception
2019-10-10 18:45:30,161 [grpc-default-executor-6] WARN  server.GrpcLogAppender (LogUtils.java:warn(134)) - 1efb21a3-f684-468a-b169-b6be23b2e470@group-E02D28FB7DD5->beaf6bb1-9637-4bc7-baee-c1d101cc238c-AppendLogResponseHandler: Failed appendEntries: org.apache.ratis.thirdparty.io.grpc.StatusRuntimeException: UNAVAILABLE: io exception
2019-10-10 18:45:30,165 [grpc-default-executor-1] INFO  impl.FollowerInfo (FollowerInfo.java:lambda$new$0(51)) - 1efb21a3-f684-468a-b169-b6be23b2e470@group-E02D28FB7DD5->56c7f49a-0896-472f-aa97-bf6ea0e1870f: nextIndex: updateUnconditionally 0 -> 0
2019-10-10 18:45:30,165 [grpc-default-executor-6] INFO  impl.FollowerInfo (FollowerInfo.java:lambda$new$0(51)) - 1efb21a3-f684-468a-b169-b6be23b2e470@group-E02D28FB7DD5->beaf6bb1-9637-4bc7-baee-c1d101cc238c: nextIndex: updateUnconditionally 0 -> 0
2019-10-10 18:45:32,665 [grpc-default-executor-3] WARN  server.GrpcLogAppender (LogUtils.java:warn(134)) - 1efb21a3-f684-468a-b169-b6be23b2e470@group-E02D28FB7DD5->56c7f49a-0896-472f-aa97-bf6ea0e1870f-AppendLogResponseHandler: Failed appendEntries: org.apache.ratis.thirdparty.io.grpc.StatusRuntimeException: UNAVAILABLE: io exception
2019-10-10 18:45:32,665 [grpc-default-executor-0] WARN  server.GrpcLogAppender (LogUtils.java:warn(134)) - 1efb21a3-f684-468a-b169-b6be23b2e470@group-E02D28FB7DD5->beaf6bb1-9637-4bc7-baee-c1d101cc238c-AppendLogResponseHandler: Failed appendEntries: org.apache.ratis.thirdparty.io.grpc.StatusRuntimeException: UNAVAILABLE: io exception
2019-10-10 18:45:32,666 [grpc-default-executor-0] INFO  impl.FollowerInfo (FollowerInfo.java:lambda$new$0(51)) - 1efb21a3-f684-468a-b169-b6be23b2e470@group-E02D28FB7DD5->beaf6bb1-9637-4bc7-baee-c1d101cc238c: nextIndex: updateUnconditionally 0 -> 0
2019-10-10 18:45:32,666 [grpc-default-executor-3] INFO  impl.FollowerInfo (FollowerInfo.java:lambda$new$0(51)) - 1efb21a3-f684-468a-b169-b6be23b2e470@group-E02D28FB7DD5->56c7f49a-0896-472f-aa97-bf6ea0e1870f: nextIndex: updateUnconditionally 0 -> 0
2019-10-10 18:45:35,166 [grpc-default-executor-3] WARN  server.GrpcLogAppender (LogUtils.java:warn(134)) - 1efb21a3-f684-468a-b169-b6be23b2e470@group-E02D28FB7DD5->56c7f49a-0896-472f-aa97-bf6ea0e1870f-AppendLogResponseHandler: Failed appendEntries: org.apache.ratis.thirdparty.io.grpc.StatusRuntimeException: UNAVAILABLE: io exception
2019-10-10 18:45:35,166 [grpc-default-executor-0] WARN  server.GrpcLogAppender (LogUtils.java:warn(134)) - 1efb21a3-f684-468a-b169-b6be23b2e470@group-E02D28FB7DD5->beaf6bb1-9637-4bc7-baee-c1d101cc238c-AppendLogResponseHandler: Failed appendEntries: org.apache.ratis.thirdparty.io.grpc.StatusRuntimeException: UNAVAILABLE: io exception
2019-10-10 18:45:35,167 [grpc-default-executor-3] INFO  impl.FollowerInfo (FollowerInfo.java:lambda$new$0(51)) - 1efb21a3-f684-468a-b169-b6be23b2e470@group-E02D28FB7DD5->56c7f49a-0896-472f-aa97-bf6ea0e1870f: nextIndex: updateUnconditionally 0 -> 0
2019-10-10 18:45:35,167 [grpc-default-executor-0] INFO  impl.FollowerInfo (FollowerInfo.java:lambda$new$0(51)) - 1efb21a3-f684-468a-b169-b6be23b2e470@group-E02D28FB7DD5->beaf6bb1-9637-4bc7-baee-c1d101cc238c: nextIndex: updateUnconditionally 0 -> 0
2019-10-10 18:45:37,666 [grpc-default-executor-6] WARN  server.GrpcLogAppender (LogUtils.java:warn(134)) - 1efb21a3-f684-468a-b169-b6be23b2e470@group-E02D28FB7DD5->beaf6bb1-9637-4bc7-baee-c1d101cc238c-AppendLogResponseHandler: Failed appendEntries: org.apache.ratis.thirdparty.io.grpc.StatusRuntimeException: UNAVAILABLE: io exception
2019-10-10 18:45:37,666 [grpc-default-executor-1] WARN  server.GrpcLogAppender (LogUtils.java:warn(134)) - 1efb21a3-f684-468a-b169-b6be23b2e470@group-E02D28FB7DD5->56c7f49a-0896-472f-aa97-bf6ea0e1870f-AppendLogResponseHandler: Failed appendEntries: org.apache.ratis.thirdparty.io.grpc.StatusRuntimeException: UNAVAILABLE: io exception
2019-10-10 18:45:37,667 [grpc-default-executor-6] INFO  impl.FollowerInfo (FollowerInfo.java:lambda$new$0(51)) - 1efb21a3-f684-468a-b169-b6be23b2e470@group-E02D28FB7DD5->beaf6bb1-9637-4bc7-baee-c1d101cc238c: nextIndex: updateUnconditionally 0 -> 0
2019-10-10 18:45:37,667 [grpc-default-executor-1] INFO  impl.FollowerInfo (FollowerInfo.java:lambda$new$0(51)) - 1efb21a3-f684-468a-b169-b6be23b2e470@group-E02D28FB7DD5->56c7f49a-0896-472f-aa97-bf6ea0e1870f: nextIndex: updateUnconditionally 0 -> 0
]]></system-out>
    <system-err><![CDATA[Oct 10, 2019 6:44:52 PM org.apache.ratis.thirdparty.io.grpc.internal.SerializingExecutor run
SEVERE: Exception while executing runnable org.apache.ratis.thirdparty.io.grpc.internal.ServerImpl$JumpToApplicationThreadServerStreamListener$1Closed@5e3d44d7
org.apache.ratis.thirdparty.io.grpc.StatusRuntimeException: CANCELLED: call already cancelled
	at org.apache.ratis.thirdparty.io.grpc.Status.asRuntimeException(Status.java:517)
	at org.apache.ratis.thirdparty.io.grpc.stub.ServerCalls$ServerCallStreamObserverImpl.onCompleted(ServerCalls.java:356)
	at org.apache.ratis.grpc.server.GrpcServerProtocolService$ServerRequestStreamObserver.onError(GrpcServerProtocolService.java:121)
	at org.apache.ratis.thirdparty.io.grpc.stub.ServerCalls$StreamingServerCallHandler$StreamingServerCallListener.onCancel(ServerCalls.java:269)
	at org.apache.ratis.thirdparty.io.grpc.internal.ServerCallImpl$ServerStreamListenerImpl.closed(ServerCallImpl.java:293)
	at org.apache.ratis.thirdparty.io.grpc.internal.ServerImpl$JumpToApplicationThreadServerStreamListener$1Closed.runInContext(ServerImpl.java:741)
	at org.apache.ratis.thirdparty.io.grpc.internal.ContextRunnable.run(ContextRunnable.java:37)
	at org.apache.ratis.thirdparty.io.grpc.internal.SerializingExecutor.run(SerializingExecutor.java:123)
	at java.util.concurrent.ThreadPoolExecutor.runWorker(ThreadPoolExecutor.java:1149)
	at java.util.concurrent.ThreadPoolExecutor$Worker.run(ThreadPoolExecutor.java:624)
	at java.lang.Thread.run(Thread.java:748)

Oct 10, 2019 6:44:57 PM org.apache.ratis.thirdparty.io.grpc.internal.SerializingExecutor run
SEVERE: Exception while executing runnable org.apache.ratis.thirdparty.io.grpc.internal.ServerImpl$JumpToApplicationThreadServerStreamListener$1Closed@c3899a
org.apache.ratis.thirdparty.io.grpc.StatusRuntimeException: CANCELLED: call already cancelled
	at org.apache.ratis.thirdparty.io.grpc.Status.asRuntimeException(Status.java:517)
	at org.apache.ratis.thirdparty.io.grpc.stub.ServerCalls$ServerCallStreamObserverImpl.onCompleted(ServerCalls.java:356)
	at org.apache.ratis.grpc.server.GrpcServerProtocolService$ServerRequestStreamObserver.onError(GrpcServerProtocolService.java:121)
	at org.apache.ratis.thirdparty.io.grpc.stub.ServerCalls$StreamingServerCallHandler$StreamingServerCallListener.onCancel(ServerCalls.java:269)
	at org.apache.ratis.thirdparty.io.grpc.internal.ServerCallImpl$ServerStreamListenerImpl.closed(ServerCallImpl.java:293)
	at org.apache.ratis.thirdparty.io.grpc.internal.ServerImpl$JumpToApplicationThreadServerStreamListener$1Closed.runInContext(ServerImpl.java:741)
	at org.apache.ratis.thirdparty.io.grpc.internal.ContextRunnable.run(ContextRunnable.java:37)
	at org.apache.ratis.thirdparty.io.grpc.internal.SerializingExecutor.run(SerializingExecutor.java:123)
	at java.util.concurrent.ThreadPoolExecutor.runWorker(ThreadPoolExecutor.java:1149)
	at java.util.concurrent.ThreadPoolExecutor$Worker.run(ThreadPoolExecutor.java:624)
	at java.lang.Thread.run(Thread.java:748)

]]></system-err>
  </testcase>
  <testcase name="testWatchForCommitForGroupMismatchException" classname="org.apache.hadoop.ozone.client.rpc.TestWatchForCommit" time="33.214"/>
  <testcase name="test2WayCommitForTimeoutException" classname="org.apache.hadoop.ozone.client.rpc.TestWatchForCommit" time="23.628">
    <error type="java.util.concurrent.TimeoutException">java.util.concurrent.TimeoutException
	at java.util.concurrent.CompletableFuture.timedGet(CompletableFuture.java:1771)
	at java.util.concurrent.CompletableFuture.get(CompletableFuture.java:1915)
	at org.apache.hadoop.hdds.scm.XceiverClientRatis.watchForCommit(XceiverClientRatis.java:283)
	at org.apache.hadoop.ozone.client.rpc.TestWatchForCommit.test2WayCommitForTimeoutException(TestWatchForCommit.java:391)
	at sun.reflect.NativeMethodAccessorImpl.invoke0(Native Method)
	at sun.reflect.NativeMethodAccessorImpl.invoke(NativeMethodAccessorImpl.java:62)
	at sun.reflect.DelegatingMethodAccessorImpl.invoke(DelegatingMethodAccessorImpl.java:43)
	at java.lang.reflect.Method.invoke(Method.java:498)
	at org.junit.runners.model.FrameworkMethod$1.runReflectiveCall(FrameworkMethod.java:47)
	at org.junit.internal.runners.model.ReflectiveCallable.run(ReflectiveCallable.java:12)
	at org.junit.runners.model.FrameworkMethod.invokeExplosively(FrameworkMethod.java:44)
	at org.junit.internal.runners.statements.InvokeMethod.evaluate(InvokeMethod.java:17)
	at org.junit.runners.ParentRunner.runLeaf(ParentRunner.java:271)
	at org.junit.runners.BlockJUnit4ClassRunner.runChild(BlockJUnit4ClassRunner.java:70)
	at org.junit.runners.BlockJUnit4ClassRunner.runChild(BlockJUnit4ClassRunner.java:50)
	at org.junit.runners.ParentRunner$3.run(ParentRunner.java:238)
	at org.junit.runners.ParentRunner$1.schedule(ParentRunner.java:63)
	at org.junit.runners.ParentRunner.runChildren(ParentRunner.java:236)
	at org.junit.runners.ParentRunner.access$000(ParentRunner.java:53)
	at org.junit.runners.ParentRunner$2.evaluate(ParentRunner.java:229)
	at org.junit.runners.ParentRunner.run(ParentRunner.java:309)
	at org.apache.maven.surefire.junit4.JUnit4Provider.execute(JUnit4Provider.java:365)
	at org.apache.maven.surefire.junit4.JUnit4Provider.executeWithRerun(JUnit4Provider.java:273)
	at org.apache.maven.surefire.junit4.JUnit4Provider.executeTestSet(JUnit4Provider.java:238)
	at org.apache.maven.surefire.junit4.JUnit4Provider.invoke(JUnit4Provider.java:159)
	at org.apache.maven.surefire.booter.ForkedBooter.invokeProviderInSameClassLoader(ForkedBooter.java:384)
	at org.apache.maven.surefire.booter.ForkedBooter.runSuitesInProcess(ForkedBooter.java:345)
	at org.apache.maven.surefire.booter.ForkedBooter.execute(ForkedBooter.java:126)
	at org.apache.maven.surefire.booter.ForkedBooter.main(ForkedBooter.java:418)
</error>
    <system-out><![CDATA[2019-10-10 18:46:11,255 [main] WARN  server.ServerUtils (ServerUtils.java:getScmDbDir(145)) - ozone.scm.db.dirs is not configured. We recommend adding this setting. Falling back to ozone.metadata.dirs instead.
2019-10-10 18:46:11,280 [main] WARN  server.ServerUtils (ServerUtils.java:getScmDbDir(145)) - ozone.scm.db.dirs is not configured. We recommend adding this setting. Falling back to ozone.metadata.dirs instead.
2019-10-10 18:46:11,281 [main] WARN  server.ServerUtils (ServerUtils.java:getScmDbDir(145)) - ozone.scm.db.dirs is not configured. We recommend adding this setting. Falling back to ozone.metadata.dirs instead.
2019-10-10 18:46:11,281 [main] INFO  db.DBStoreBuilder (DBStoreBuilder.java:addTable(117)) - using custom profile for table: deletedBlocks
2019-10-10 18:46:11,281 [main] INFO  db.DBStoreBuilder (DBStoreBuilder.java:processTables(168)) - Using default column profile:DBProfile.DISK for Table:deletedBlocks
2019-10-10 18:46:11,282 [main] INFO  db.DBStoreBuilder (DBStoreBuilder.java:addTable(117)) - using custom profile for table: validCerts
2019-10-10 18:46:11,282 [main] INFO  db.DBStoreBuilder (DBStoreBuilder.java:processTables(168)) - Using default column profile:DBProfile.DISK for Table:validCerts
2019-10-10 18:46:11,282 [main] INFO  db.DBStoreBuilder (DBStoreBuilder.java:addTable(117)) - using custom profile for table: revokedCerts
2019-10-10 18:46:11,282 [main] INFO  db.DBStoreBuilder (DBStoreBuilder.java:processTables(168)) - Using default column profile:DBProfile.DISK for Table:revokedCerts
2019-10-10 18:46:11,282 [main] INFO  db.DBStoreBuilder (DBStoreBuilder.java:addTable(117)) - using custom profile for table: default
2019-10-10 18:46:11,283 [main] INFO  db.DBStoreBuilder (DBStoreBuilder.java:processTables(174)) - Using default column profile:DBProfile.DISK for Table:default
2019-10-10 18:46:11,283 [main] INFO  db.DBStoreBuilder (DBStoreBuilder.java:getDbProfile(205)) - Using default options. DBProfile.DISK
2019-10-10 18:46:11,609 [main] INFO  net.NodeSchemaLoader (NodeSchemaLoader.java:loadSchemaFromFile(125)) - Loading file from sun.misc.CompoundEnumeration@2bebd114
2019-10-10 18:46:11,609 [main] INFO  net.NodeSchemaLoader (NodeSchemaLoader.java:loadSchema(171)) - Loading network topology layer schema file
2019-10-10 18:46:11,615 [main] WARN  server.ServerUtils (ServerUtils.java:sanitizeUserArgs(70)) - ozone.scm.stale.node.interval value = 300000 is larger than max = 100000 based on the key value of ozone.scm.heartbeat.thread.interval, reset to the max value 100000.
2019-10-10 18:46:11,615 [main] WARN  server.ServerUtils (ServerUtils.java:sanitizeUserArgs(70)) - ozone.scm.stale.node.interval value = 300000 is larger than max = 100000 based on the key value of ozone.scm.heartbeat.thread.interval, reset to the max value 100000.
2019-10-10 18:46:11,616 [main] INFO  node.SCMNodeManager (SCMNodeManager.java:<init>(116)) - Entering startup safe mode.
2019-10-10 18:46:11,617 [main] INFO  algorithms.ContainerPlacementPolicyFactory (ContainerPlacementPolicyFactory.java:getPolicy(57)) - Create container placement policy of type org.apache.hadoop.hdds.scm.container.placement.algorithms.SCMContainerPlacementRandom
2019-10-10 18:46:11,617 [main] WARN  server.ServerUtils (ServerUtils.java:getScmDbDir(145)) - ozone.scm.db.dirs is not configured. We recommend adding this setting. Falling back to ozone.metadata.dirs instead.
2019-10-10 18:46:11,729 [main] INFO  pipeline.SCMPipelineManager (SCMPipelineManager.java:initializePipelineState(132)) - No pipeline exists in current db
2019-10-10 18:46:11,729 [main] WARN  server.ServerUtils (ServerUtils.java:getScmDbDir(145)) - ozone.scm.db.dirs is not configured. We recommend adding this setting. Falling back to ozone.metadata.dirs instead.
2019-10-10 18:46:11,861 [main] WARN  events.EventQueue (EventQueue.java:fireEvent(183)) - No event handler registered for event TypedEvent{payloadType=SafeModeStatus, name='SafeModeStatus'}
2019-10-10 18:46:11,862 [main] INFO  ipc.CallQueueManager (CallQueueManager.java:<init>(84)) - Using callQueue: class java.util.concurrent.LinkedBlockingQueue, queueCapacity: 2000, scheduler: class org.apache.hadoop.ipc.DefaultRpcScheduler, ipcBackoff: false.
2019-10-10 18:46:11,863 [Socket Reader #1 for port 33659] INFO  ipc.Server (Server.java:run(1074)) - Starting Socket Reader #1 for port 33659
2019-10-10 18:46:11,868 [main] INFO  ipc.CallQueueManager (CallQueueManager.java:<init>(84)) - Using callQueue: class java.util.concurrent.LinkedBlockingQueue, queueCapacity: 2000, scheduler: class org.apache.hadoop.ipc.DefaultRpcScheduler, ipcBackoff: false.
2019-10-10 18:46:11,869 [Socket Reader #1 for port 41592] INFO  ipc.Server (Server.java:run(1074)) - Starting Socket Reader #1 for port 41592
2019-10-10 18:46:11,872 [main] INFO  ipc.CallQueueManager (CallQueueManager.java:<init>(84)) - Using callQueue: class java.util.concurrent.LinkedBlockingQueue, queueCapacity: 2000, scheduler: class org.apache.hadoop.ipc.DefaultRpcScheduler, ipcBackoff: false.
2019-10-10 18:46:11,873 [Socket Reader #1 for port 41404] INFO  ipc.Server (Server.java:run(1074)) - Starting Socket Reader #1 for port 41404
2019-10-10 18:46:11,881 [main] INFO  hdfs.DFSUtil (DFSUtil.java:httpServerTemplateForNNAndJN(1641)) - Starting Web-server for scm at: http://0.0.0.0:0
2019-10-10 18:46:11,883 [main] INFO  server.AuthenticationFilter (AuthenticationFilter.java:constructSecretProvider(240)) - Unable to initialize FileSignerSecretProvider, falling back to use random secrets.
2019-10-10 18:46:11,884 [main] WARN  http.HttpRequestLog (HttpRequestLog.java:getRequestLog(97)) - Jetty request log can only be enabled using Log4j
2019-10-10 18:46:11,887 [main] INFO  http.HttpServer2 (HttpServer2.java:addGlobalFilter(975)) - Added global filter 'safety' (class=org.apache.hadoop.http.HttpServer2$QuotingInputFilter)
2019-10-10 18:46:11,888 [main] INFO  http.HttpServer2 (HttpServer2.java:addFilter(948)) - Added filter static_user_filter (class=org.apache.hadoop.http.lib.StaticUserWebFilter$StaticUserFilter) to context scm
2019-10-10 18:46:11,888 [main] INFO  http.HttpServer2 (HttpServer2.java:addFilter(958)) - Added filter static_user_filter (class=org.apache.hadoop.http.lib.StaticUserWebFilter$StaticUserFilter) to context logs
2019-10-10 18:46:11,888 [main] INFO  http.HttpServer2 (HttpServer2.java:addFilter(958)) - Added filter static_user_filter (class=org.apache.hadoop.http.lib.StaticUserWebFilter$StaticUserFilter) to context static
2019-10-10 18:46:11,891 [main] INFO  server.StorageContainerManager (StorageContainerManager.java:start(772)) - StorageContainerLocationProtocol RPC server is listening at /0.0.0.0:41404
2019-10-10 18:46:11,893 [main] WARN  impl.MetricsConfig (MetricsConfig.java:loadFirst(134)) - Cannot locate configuration: tried hadoop-metrics2-storagecontainermanager.properties,hadoop-metrics2.properties
2019-10-10 18:46:11,894 [main] INFO  impl.MetricsSystemImpl (MetricsSystemImpl.java:startTimer(374)) - Scheduled Metric snapshot period at 10 second(s).
2019-10-10 18:46:11,894 [main] INFO  impl.MetricsSystemImpl (MetricsSystemImpl.java:start(191)) - StorageContainerManager metrics system started
2019-10-10 18:46:12,166 [main] WARN  impl.MetricsSystemImpl (MetricsSystemImpl.java:register(276)) - Sink prometheus already exists!
2019-10-10 18:46:12,453 [main] INFO  server.SCMClientProtocolServer (SCMClientProtocolServer.java:start(159)) - RPC server for Client  is listening at /0.0.0.0:41404
2019-10-10 18:46:12,454 [IPC Server Responder] INFO  ipc.Server (Server.java:run(1314)) - IPC Server Responder: starting
2019-10-10 18:46:12,454 [IPC Server listener on 41404] INFO  ipc.Server (Server.java:run(1153)) - IPC Server listener on 41404: starting
2019-10-10 18:46:12,460 [main] INFO  server.StorageContainerManager (StorageContainerManager.java:start(782)) - ScmBlockLocationProtocol RPC server is listening at /0.0.0.0:41592
2019-10-10 18:46:12,460 [main] INFO  server.SCMBlockProtocolServer (SCMBlockProtocolServer.java:start(146)) - RPC server for Block Protocol is listening at /0.0.0.0:41592
2019-10-10 18:46:12,461 [IPC Server Responder] INFO  ipc.Server (Server.java:run(1314)) - IPC Server Responder: starting
2019-10-10 18:46:12,462 [IPC Server listener on 41592] INFO  ipc.Server (Server.java:run(1153)) - IPC Server listener on 41592: starting
2019-10-10 18:46:12,466 [main] INFO  server.StorageContainerManager (StorageContainerManager.java:start(786)) - ScmDatanodeProtocl RPC server is listening at /0.0.0.0:33659
2019-10-10 18:46:12,466 [main] INFO  server.SCMDatanodeProtocolServer (SCMDatanodeProtocolServer.java:start(169)) - RPC server for DataNodes is listening at /0.0.0.0:33659
2019-10-10 18:46:12,467 [IPC Server Responder] INFO  ipc.Server (Server.java:run(1314)) - IPC Server Responder: starting
2019-10-10 18:46:12,468 [IPC Server listener on 33659] INFO  ipc.Server (Server.java:run(1153)) - IPC Server listener on 33659: starting
2019-10-10 18:46:12,473 [main] INFO  http.HttpServer2 (HttpServer2.java:bindListener(1191)) - Jetty bound to port 45923
2019-10-10 18:46:12,473 [main] INFO  server.Server (Server.java:doStart(351)) - jetty-9.3.25.v20180904, build timestamp: 2018-09-04T21:11:46Z, git hash: 3ce520221d0240229c862b122d2b06c12a625732
2019-10-10 18:46:12,474 [main] INFO  handler.ContextHandler (ContextHandler.java:doStart(781)) - Started o.e.j.s.ServletContextHandler@26e8ff8c{/logs,file:///workdir/hadoop-ozone/integration-test/target/log,AVAILABLE}
2019-10-10 18:46:12,475 [main] INFO  handler.ContextHandler (ContextHandler.java:doStart(781)) - Started o.e.j.s.ServletContextHandler@590d6c76{/static,file:///workdir/hadoop-ozone/integration-test/target/test-classes/webapps/static,AVAILABLE}
2019-10-10 18:46:12,478 [main] INFO  handler.ContextHandler (ContextHandler.java:doStart(781)) - Started o.e.j.w.WebAppContext@4168f3d9{/,file:///workdir/hadoop-ozone/integration-test/target/test-classes/webapps/scm/,AVAILABLE}{/scm}
2019-10-10 18:46:12,479 [main] INFO  server.AbstractConnector (AbstractConnector.java:doStart(278)) - Started ServerConnector@353e6389{HTTP/1.1,[http/1.1]}{0.0.0.0:45923}
2019-10-10 18:46:12,481 [main] INFO  server.Server (Server.java:doStart(419)) - Started @234629ms
2019-10-10 18:46:12,481 [main] WARN  impl.MetricsSystemImpl (MetricsSystemImpl.java:register(276)) - Sink prometheus already exists!
2019-10-10 18:46:12,483 [main] INFO  server.BaseHttpServer (BaseHttpServer.java:updateConnectorAddress(215)) - HTTP server of SCM is listening at http://0.0.0.0:45923
2019-10-10 18:46:12,486 [main] WARN  server.ServerUtils (ServerUtils.java:getDBPath(222)) - ozone.om.db.dirs is not configured. We recommend adding this setting. Falling back to ozone.metadata.dirs instead.
2019-10-10 18:46:12,486 [org.apache.hadoop.util.JvmPauseMonitor$Monitor@7a65c995] INFO  util.JvmPauseMonitor (JvmPauseMonitor.java:run(188)) - Starting JVM pause monitor
2019-10-10 18:46:12,509 [main] INFO  ha.OMHANodeDetails (OMHANodeDetails.java:loadOMHAConfig(190)) - Configuration either no ozone.om.address set. Falling back to the default OM address /127.0.0.1:0
2019-10-10 18:46:12,509 [main] INFO  ha.OMHANodeDetails (OMHANodeDetails.java:getOMNodeDetails(220)) - OM Service ID is not set. Setting it to the default ID: omServiceIdDefault
2019-10-10 18:46:12,510 [main] WARN  server.ServerUtils (ServerUtils.java:getDBPath(222)) - ozone.om.db.dirs is not configured. We recommend adding this setting. Falling back to ozone.metadata.dirs instead.
2019-10-10 18:46:12,510 [main] WARN  server.ServerUtils (ServerUtils.java:getDBPath(222)) - ozone.om.db.dirs is not configured. We recommend adding this setting. Falling back to ozone.metadata.dirs instead.
2019-10-10 18:46:12,545 [main] WARN  server.ServerUtils (ServerUtils.java:getDBPath(222)) - ozone.om.db.dirs is not configured. We recommend adding this setting. Falling back to ozone.metadata.dirs instead.
2019-10-10 18:46:12,545 [main] INFO  db.DBStoreBuilder (DBStoreBuilder.java:addTable(117)) - using custom profile for table: userTable
2019-10-10 18:46:12,546 [main] INFO  db.DBStoreBuilder (DBStoreBuilder.java:processTables(168)) - Using default column profile:DBProfile.DISK for Table:userTable
2019-10-10 18:46:12,546 [main] INFO  db.DBStoreBuilder (DBStoreBuilder.java:addTable(117)) - using custom profile for table: volumeTable
2019-10-10 18:46:12,546 [main] INFO  db.DBStoreBuilder (DBStoreBuilder.java:processTables(168)) - Using default column profile:DBProfile.DISK for Table:volumeTable
2019-10-10 18:46:12,546 [main] INFO  db.DBStoreBuilder (DBStoreBuilder.java:addTable(117)) - using custom profile for table: bucketTable
2019-10-10 18:46:12,547 [main] INFO  db.DBStoreBuilder (DBStoreBuilder.java:processTables(168)) - Using default column profile:DBProfile.DISK for Table:bucketTable
2019-10-10 18:46:12,547 [main] INFO  db.DBStoreBuilder (DBStoreBuilder.java:addTable(117)) - using custom profile for table: keyTable
2019-10-10 18:46:12,547 [main] INFO  db.DBStoreBuilder (DBStoreBuilder.java:processTables(168)) - Using default column profile:DBProfile.DISK for Table:keyTable
2019-10-10 18:46:12,548 [main] INFO  db.DBStoreBuilder (DBStoreBuilder.java:addTable(117)) - using custom profile for table: deletedTable
2019-10-10 18:46:12,548 [main] INFO  db.DBStoreBuilder (DBStoreBuilder.java:processTables(168)) - Using default column profile:DBProfile.DISK for Table:deletedTable
2019-10-10 18:46:12,548 [main] INFO  db.DBStoreBuilder (DBStoreBuilder.java:addTable(117)) - using custom profile for table: openKeyTable
2019-10-10 18:46:12,548 [main] INFO  db.DBStoreBuilder (DBStoreBuilder.java:processTables(168)) - Using default column profile:DBProfile.DISK for Table:openKeyTable
2019-10-10 18:46:12,548 [main] INFO  db.DBStoreBuilder (DBStoreBuilder.java:addTable(117)) - using custom profile for table: s3Table
2019-10-10 18:46:12,549 [main] INFO  db.DBStoreBuilder (DBStoreBuilder.java:processTables(168)) - Using default column profile:DBProfile.DISK for Table:s3Table
2019-10-10 18:46:12,549 [main] INFO  db.DBStoreBuilder (DBStoreBuilder.java:addTable(117)) - using custom profile for table: multipartInfoTable
2019-10-10 18:46:12,549 [main] INFO  db.DBStoreBuilder (DBStoreBuilder.java:processTables(168)) - Using default column profile:DBProfile.DISK for Table:multipartInfoTable
2019-10-10 18:46:12,549 [main] INFO  db.DBStoreBuilder (DBStoreBuilder.java:addTable(117)) - using custom profile for table: dTokenTable
2019-10-10 18:46:12,549 [main] INFO  db.DBStoreBuilder (DBStoreBuilder.java:processTables(168)) - Using default column profile:DBProfile.DISK for Table:dTokenTable
2019-10-10 18:46:12,550 [main] INFO  db.DBStoreBuilder (DBStoreBuilder.java:addTable(117)) - using custom profile for table: s3SecretTable
2019-10-10 18:46:12,550 [main] INFO  db.DBStoreBuilder (DBStoreBuilder.java:processTables(168)) - Using default column profile:DBProfile.DISK for Table:s3SecretTable
2019-10-10 18:46:12,550 [main] INFO  db.DBStoreBuilder (DBStoreBuilder.java:addTable(117)) - using custom profile for table: prefixTable
2019-10-10 18:46:12,550 [main] INFO  db.DBStoreBuilder (DBStoreBuilder.java:processTables(168)) - Using default column profile:DBProfile.DISK for Table:prefixTable
2019-10-10 18:46:12,550 [main] INFO  db.DBStoreBuilder (DBStoreBuilder.java:addTable(117)) - using custom profile for table: default
2019-10-10 18:46:12,550 [main] INFO  db.DBStoreBuilder (DBStoreBuilder.java:processTables(174)) - Using default column profile:DBProfile.DISK for Table:default
2019-10-10 18:46:12,550 [main] INFO  db.DBStoreBuilder (DBStoreBuilder.java:getDbProfile(205)) - Using default options. DBProfile.DISK
2019-10-10 18:46:12,676 [grpc-default-executor-7] WARN  server.GrpcLogAppender (LogUtils.java:warn(134)) - 1efb21a3-f684-468a-b169-b6be23b2e470@group-E02D28FB7DD5->56c7f49a-0896-472f-aa97-bf6ea0e1870f-AppendLogResponseHandler: Failed appendEntries: org.apache.ratis.thirdparty.io.grpc.StatusRuntimeException: UNAVAILABLE: io exception
2019-10-10 18:46:12,676 [grpc-default-executor-3] WARN  server.GrpcLogAppender (LogUtils.java:warn(134)) - 1efb21a3-f684-468a-b169-b6be23b2e470@group-E02D28FB7DD5->beaf6bb1-9637-4bc7-baee-c1d101cc238c-AppendLogResponseHandler: Failed appendEntries: org.apache.ratis.thirdparty.io.grpc.StatusRuntimeException: UNAVAILABLE: io exception
2019-10-10 18:46:12,676 [grpc-default-executor-7] INFO  impl.FollowerInfo (FollowerInfo.java:lambda$new$0(51)) - 1efb21a3-f684-468a-b169-b6be23b2e470@group-E02D28FB7DD5->56c7f49a-0896-472f-aa97-bf6ea0e1870f: nextIndex: updateUnconditionally 0 -> 0
2019-10-10 18:46:12,676 [grpc-default-executor-3] INFO  impl.FollowerInfo (FollowerInfo.java:lambda$new$0(51)) - 1efb21a3-f684-468a-b169-b6be23b2e470@group-E02D28FB7DD5->beaf6bb1-9637-4bc7-baee-c1d101cc238c: nextIndex: updateUnconditionally 0 -> 0
2019-10-10 18:46:13,341 [main] INFO  ipc.CallQueueManager (CallQueueManager.java:<init>(84)) - Using callQueue: class java.util.concurrent.LinkedBlockingQueue, queueCapacity: 2000, scheduler: class org.apache.hadoop.ipc.DefaultRpcScheduler, ipcBackoff: false.
2019-10-10 18:46:13,342 [Socket Reader #1 for port 41748] INFO  ipc.Server (Server.java:run(1074)) - Starting Socket Reader #1 for port 41748
2019-10-10 18:46:13,365 [main] INFO  om.OzoneManager (OzoneManager.java:start(1071)) - OzoneManager RPC server is listening at localhost/127.0.0.1:41748
2019-10-10 18:46:13,366 [main] INFO  impl.MetricsSystemImpl (MetricsSystemImpl.java:init(158)) - OzoneManager metrics system started (again)
2019-10-10 18:46:13,369 [IPC Server Responder] INFO  ipc.Server (Server.java:run(1314)) - IPC Server Responder: starting
2019-10-10 18:46:13,378 [IPC Server listener on 41748] INFO  ipc.Server (Server.java:run(1153)) - IPC Server listener on 41748: starting
2019-10-10 18:46:13,390 [main] INFO  hdfs.DFSUtil (DFSUtil.java:httpServerTemplateForNNAndJN(1641)) - Starting Web-server for ozoneManager at: http://0.0.0.0:0
2019-10-10 18:46:13,392 [main] INFO  server.AuthenticationFilter (AuthenticationFilter.java:constructSecretProvider(240)) - Unable to initialize FileSignerSecretProvider, falling back to use random secrets.
2019-10-10 18:46:13,392 [main] WARN  http.HttpRequestLog (HttpRequestLog.java:getRequestLog(97)) - Jetty request log can only be enabled using Log4j
2019-10-10 18:46:13,394 [main] INFO  http.HttpServer2 (HttpServer2.java:addGlobalFilter(975)) - Added global filter 'safety' (class=org.apache.hadoop.http.HttpServer2$QuotingInputFilter)
2019-10-10 18:46:13,395 [main] INFO  http.HttpServer2 (HttpServer2.java:addFilter(948)) - Added filter static_user_filter (class=org.apache.hadoop.http.lib.StaticUserWebFilter$StaticUserFilter) to context ozoneManager
2019-10-10 18:46:13,395 [main] INFO  http.HttpServer2 (HttpServer2.java:addFilter(958)) - Added filter static_user_filter (class=org.apache.hadoop.http.lib.StaticUserWebFilter$StaticUserFilter) to context static
2019-10-10 18:46:13,396 [main] INFO  http.HttpServer2 (HttpServer2.java:addFilter(958)) - Added filter static_user_filter (class=org.apache.hadoop.http.lib.StaticUserWebFilter$StaticUserFilter) to context logs
2019-10-10 18:46:13,396 [main] INFO  http.HttpServer2 (HttpServer2.java:bindListener(1191)) - Jetty bound to port 38138
2019-10-10 18:46:13,397 [main] INFO  server.Server (Server.java:doStart(351)) - jetty-9.3.25.v20180904, build timestamp: 2018-09-04T21:11:46Z, git hash: 3ce520221d0240229c862b122d2b06c12a625732
2019-10-10 18:46:13,398 [main] INFO  handler.ContextHandler (ContextHandler.java:doStart(781)) - Started o.e.j.s.ServletContextHandler@57186526{/logs,file:///workdir/hadoop-ozone/integration-test/target/log,AVAILABLE}
2019-10-10 18:46:13,399 [main] INFO  handler.ContextHandler (ContextHandler.java:doStart(781)) - Started o.e.j.s.ServletContextHandler@66f16742{/static,file:///workdir/hadoop-ozone/integration-test/target/test-classes/webapps/static,AVAILABLE}
2019-10-10 18:46:13,403 [main] INFO  handler.ContextHandler (ContextHandler.java:doStart(781)) - Started o.e.j.w.WebAppContext@492521c4{/,file:///workdir/hadoop-ozone/integration-test/target/test-classes/webapps/ozoneManager/,AVAILABLE}{/ozoneManager}
2019-10-10 18:46:13,404 [main] INFO  server.AbstractConnector (AbstractConnector.java:doStart(278)) - Started ServerConnector@443a06ad{HTTP/1.1,[http/1.1]}{0.0.0.0:38138}
2019-10-10 18:46:13,407 [main] INFO  server.Server (Server.java:doStart(419)) - Started @235555ms
2019-10-10 18:46:13,407 [main] WARN  impl.MetricsSystemImpl (MetricsSystemImpl.java:register(276)) - Sink prometheus already exists!
2019-10-10 18:46:13,408 [main] INFO  server.BaseHttpServer (BaseHttpServer.java:updateConnectorAddress(215)) - HTTP server of OZONEMANAGER is listening at http://0.0.0.0:38138
2019-10-10 18:46:13,425 [main] INFO  impl.MetricsSystemImpl (MetricsSystemImpl.java:init(158)) - HddsDatanode metrics system started (again)
2019-10-10 18:46:13,444 [main] INFO  ozone.HddsDatanodeService (HddsDatanodeService.java:start(184)) - HddsDatanodeService host:pr-hdds-1986-hdr44-321838893 ip:192.168.164.239
2019-10-10 18:46:13,454 [main] INFO  volume.HddsVolume (HddsVolume.java:<init>(176)) - Creating Volume: /workdir/hadoop-ozone/integration-test/target/test-dir/MiniOzoneClusterImpl-9d54b50b-7c31-4a51-85ff-8b8e72266c23/datanode-0/data/containers/hdds of  storage type : DISK and capacity : 1482555576320
2019-10-10 18:46:13,454 [main] INFO  volume.VolumeSet (VolumeSet.java:initializeVolumeSet(170)) - Added Volume : /workdir/hadoop-ozone/integration-test/target/test-dir/MiniOzoneClusterImpl-9d54b50b-7c31-4a51-85ff-8b8e72266c23/datanode-0/data/containers/hdds to VolumeSet
2019-10-10 18:46:13,455 [main] INFO  volume.ThrottledAsyncChecker (ThrottledAsyncChecker.java:schedule(141)) - Scheduling a check for org.apache.hadoop.ozone.container.common.volume.HddsVolume@512abf25
2019-10-10 18:46:13,456 [main] INFO  volume.HddsVolumeChecker (HddsVolumeChecker.java:checkAllVolumes(204)) - Scheduled health check for volume org.apache.hadoop.ozone.container.common.volume.HddsVolume@512abf25
2019-10-10 18:46:13,477 [main] INFO  impl.RaftServerProxy (ConfUtils.java:logGet(43)) - raft.rpc.type = GRPC (default)
2019-10-10 18:46:13,477 [main] INFO  grpc.GrpcFactory (GrpcFactory.java:checkPooledByteBufAllocatorUseCacheForAllThreads(45)) - PERFORMANCE WARNING: useCacheForAllThreads is true that may cause Netty to create a lot garbage objects and, as a result, trigger GC.
	It is recommended to disable useCacheForAllThreads by setting -Dorg.apache.ratis.thirdparty.io.netty.allocator.useCacheForAllThreads=false in command line.
2019-10-10 18:46:13,477 [main] INFO  grpc.GrpcConfigKeys$Server (ConfUtils.java:logGet(43)) - raft.grpc.server.port = 0 (default)
2019-10-10 18:46:13,478 [main] INFO  server.GrpcService (ConfUtils.java:logGet(43)) - raft.grpc.message.size.max = 33570816 (custom)
2019-10-10 18:46:13,478 [main] INFO  server.RaftServerConfigKeys (ConfUtils.java:logGet(43)) - raft.server.log.appender.buffer.byte-limit = 33554432 (custom)
2019-10-10 18:46:13,478 [main] INFO  server.GrpcService (ConfUtils.java:logGet(43)) - raft.grpc.flow.control.window = 1MB (=1048576) (default)
2019-10-10 18:46:13,478 [main] INFO  server.RaftServerConfigKeys (ConfUtils.java:logGet(43)) - raft.server.rpc.request.timeout = 3000ms (default)
2019-10-10 18:46:13,479 [main] INFO  server.RaftServerConfigKeys (ConfUtils.java:logGet(43)) - raft.server.storage.dir = [/workdir/hadoop-ozone/integration-test/target/test-dir/MiniOzoneClusterImpl-9d54b50b-7c31-4a51-85ff-8b8e72266c23/datanode-0/data/ratis] (custom)
2019-10-10 18:46:13,480 [main] INFO  hdfs.DFSUtil (DFSUtil.java:httpServerTemplateForNNAndJN(1641)) - Starting Web-server for hddsDatanode at: http://0.0.0.0:0
2019-10-10 18:46:13,482 [main] INFO  server.AuthenticationFilter (AuthenticationFilter.java:constructSecretProvider(240)) - Unable to initialize FileSignerSecretProvider, falling back to use random secrets.
2019-10-10 18:46:13,482 [main] WARN  http.HttpRequestLog (HttpRequestLog.java:getRequestLog(97)) - Jetty request log can only be enabled using Log4j
2019-10-10 18:46:13,484 [main] INFO  http.HttpServer2 (HttpServer2.java:addGlobalFilter(975)) - Added global filter 'safety' (class=org.apache.hadoop.http.HttpServer2$QuotingInputFilter)
2019-10-10 18:46:13,485 [main] INFO  http.HttpServer2 (HttpServer2.java:addFilter(948)) - Added filter static_user_filter (class=org.apache.hadoop.http.lib.StaticUserWebFilter$StaticUserFilter) to context hddsDatanode
2019-10-10 18:46:13,485 [main] INFO  http.HttpServer2 (HttpServer2.java:addFilter(958)) - Added filter static_user_filter (class=org.apache.hadoop.http.lib.StaticUserWebFilter$StaticUserFilter) to context static
2019-10-10 18:46:13,485 [main] INFO  http.HttpServer2 (HttpServer2.java:addFilter(958)) - Added filter static_user_filter (class=org.apache.hadoop.http.lib.StaticUserWebFilter$StaticUserFilter) to context logs
2019-10-10 18:46:13,486 [main] INFO  http.HttpServer2 (HttpServer2.java:bindListener(1191)) - Jetty bound to port 40432
2019-10-10 18:46:13,486 [main] INFO  server.Server (Server.java:doStart(351)) - jetty-9.3.25.v20180904, build timestamp: 2018-09-04T21:11:46Z, git hash: 3ce520221d0240229c862b122d2b06c12a625732
2019-10-10 18:46:13,488 [main] INFO  handler.ContextHandler (ContextHandler.java:doStart(781)) - Started o.e.j.s.ServletContextHandler@17ff8810{/logs,file:///workdir/hadoop-ozone/integration-test/target/log,AVAILABLE}
2019-10-10 18:46:13,489 [main] INFO  handler.ContextHandler (ContextHandler.java:doStart(781)) - Started o.e.j.s.ServletContextHandler@67b61834{/static,jar:file:/home/user/.m2/repository/org/apache/hadoop/hadoop-hdds-container-service/0.5.0-SNAPSHOT/hadoop-hdds-container-service-0.5.0-SNAPSHOT.jar!/webapps/static,AVAILABLE}
2019-10-10 18:46:13,520 [main] INFO  handler.ContextHandler (ContextHandler.java:doStart(781)) - Started o.e.j.w.WebAppContext@61394494{/,file:///tmp/jetty-0.0.0.0-40432-hddsDatanode-_-any-1365795735654299219.dir/webapp/,AVAILABLE}{/hddsDatanode}
2019-10-10 18:46:13,520 [main] INFO  server.AbstractConnector (AbstractConnector.java:doStart(278)) - Started ServerConnector@578a5ce8{HTTP/1.1,[http/1.1]}{0.0.0.0:40432}
2019-10-10 18:46:13,524 [main] INFO  server.Server (Server.java:doStart(419)) - Started @235672ms
2019-10-10 18:46:13,524 [main] WARN  impl.MetricsSystemImpl (MetricsSystemImpl.java:register(276)) - Sink prometheus already exists!
2019-10-10 18:46:13,525 [main] INFO  server.BaseHttpServer (BaseHttpServer.java:updateConnectorAddress(215)) - HTTP server of HDDSDATANODE is listening at http://0.0.0.0:40432
2019-10-10 18:46:13,525 [main] INFO  impl.MetricsSystemImpl (MetricsSystemImpl.java:init(158)) - HddsDatanode metrics system started (again)
2019-10-10 18:46:13,546 [org.apache.hadoop.util.JvmPauseMonitor$Monitor@7e9d331b] INFO  util.JvmPauseMonitor (JvmPauseMonitor.java:run(188)) - Starting JVM pause monitor
2019-10-10 18:46:13,549 [Datanode State Machine Thread - 0] INFO  datanode.InitDatanodeState (InitDatanodeState.java:persistContainerDatanodeDetails(140)) - DatanodeDetails is persisted to /workdir/hadoop-ozone/integration-test/target/test-dir/MiniOzoneClusterImpl-9d54b50b-7c31-4a51-85ff-8b8e72266c23/datanode-0/meta/datanode.id
2019-10-10 18:46:13,549 [main] INFO  ozone.HddsDatanodeService (HddsDatanodeService.java:start(184)) - HddsDatanodeService host:pr-hdds-1986-hdr44-321838893 ip:192.168.164.239
2019-10-10 18:46:13,558 [main] INFO  volume.HddsVolume (HddsVolume.java:<init>(176)) - Creating Volume: /workdir/hadoop-ozone/integration-test/target/test-dir/MiniOzoneClusterImpl-9d54b50b-7c31-4a51-85ff-8b8e72266c23/datanode-1/data/containers/hdds of  storage type : DISK and capacity : 1482555576320
2019-10-10 18:46:13,559 [main] INFO  volume.VolumeSet (VolumeSet.java:initializeVolumeSet(170)) - Added Volume : /workdir/hadoop-ozone/integration-test/target/test-dir/MiniOzoneClusterImpl-9d54b50b-7c31-4a51-85ff-8b8e72266c23/datanode-1/data/containers/hdds to VolumeSet
2019-10-10 18:46:13,559 [main] INFO  volume.ThrottledAsyncChecker (ThrottledAsyncChecker.java:schedule(141)) - Scheduling a check for org.apache.hadoop.ozone.container.common.volume.HddsVolume@508ad266
2019-10-10 18:46:13,559 [main] INFO  volume.HddsVolumeChecker (HddsVolumeChecker.java:checkAllVolumes(204)) - Scheduled health check for volume org.apache.hadoop.ozone.container.common.volume.HddsVolume@508ad266
2019-10-10 18:46:13,575 [main] INFO  impl.RaftServerProxy (ConfUtils.java:logGet(43)) - raft.rpc.type = GRPC (default)
2019-10-10 18:46:13,576 [main] INFO  grpc.GrpcFactory (GrpcFactory.java:checkPooledByteBufAllocatorUseCacheForAllThreads(45)) - PERFORMANCE WARNING: useCacheForAllThreads is true that may cause Netty to create a lot garbage objects and, as a result, trigger GC.
	It is recommended to disable useCacheForAllThreads by setting -Dorg.apache.ratis.thirdparty.io.netty.allocator.useCacheForAllThreads=false in command line.
2019-10-10 18:46:13,576 [main] INFO  grpc.GrpcConfigKeys$Server (ConfUtils.java:logGet(43)) - raft.grpc.server.port = 0 (default)
2019-10-10 18:46:13,576 [main] INFO  server.GrpcService (ConfUtils.java:logGet(43)) - raft.grpc.message.size.max = 33570816 (custom)
2019-10-10 18:46:13,576 [main] INFO  server.RaftServerConfigKeys (ConfUtils.java:logGet(43)) - raft.server.log.appender.buffer.byte-limit = 33554432 (custom)
2019-10-10 18:46:13,577 [main] INFO  server.GrpcService (ConfUtils.java:logGet(43)) - raft.grpc.flow.control.window = 1MB (=1048576) (default)
2019-10-10 18:46:13,577 [main] INFO  server.RaftServerConfigKeys (ConfUtils.java:logGet(43)) - raft.server.rpc.request.timeout = 3000ms (default)
2019-10-10 18:46:13,577 [main] INFO  server.RaftServerConfigKeys (ConfUtils.java:logGet(43)) - raft.server.storage.dir = [/workdir/hadoop-ozone/integration-test/target/test-dir/MiniOzoneClusterImpl-9d54b50b-7c31-4a51-85ff-8b8e72266c23/datanode-1/data/ratis] (custom)
2019-10-10 18:46:13,578 [main] INFO  hdfs.DFSUtil (DFSUtil.java:httpServerTemplateForNNAndJN(1641)) - Starting Web-server for hddsDatanode at: http://0.0.0.0:0
2019-10-10 18:46:13,580 [main] INFO  server.AuthenticationFilter (AuthenticationFilter.java:constructSecretProvider(240)) - Unable to initialize FileSignerSecretProvider, falling back to use random secrets.
2019-10-10 18:46:13,580 [main] WARN  http.HttpRequestLog (HttpRequestLog.java:getRequestLog(97)) - Jetty request log can only be enabled using Log4j
2019-10-10 18:46:13,582 [main] INFO  http.HttpServer2 (HttpServer2.java:addGlobalFilter(975)) - Added global filter 'safety' (class=org.apache.hadoop.http.HttpServer2$QuotingInputFilter)
2019-10-10 18:46:13,582 [main] INFO  http.HttpServer2 (HttpServer2.java:addFilter(948)) - Added filter static_user_filter (class=org.apache.hadoop.http.lib.StaticUserWebFilter$StaticUserFilter) to context hddsDatanode
2019-10-10 18:46:13,582 [main] INFO  http.HttpServer2 (HttpServer2.java:addFilter(958)) - Added filter static_user_filter (class=org.apache.hadoop.http.lib.StaticUserWebFilter$StaticUserFilter) to context logs
2019-10-10 18:46:13,583 [main] INFO  http.HttpServer2 (HttpServer2.java:addFilter(958)) - Added filter static_user_filter (class=org.apache.hadoop.http.lib.StaticUserWebFilter$StaticUserFilter) to context static
2019-10-10 18:46:13,583 [main] INFO  http.HttpServer2 (HttpServer2.java:bindListener(1191)) - Jetty bound to port 41834
2019-10-10 18:46:13,584 [main] INFO  server.Server (Server.java:doStart(351)) - jetty-9.3.25.v20180904, build timestamp: 2018-09-04T21:11:46Z, git hash: 3ce520221d0240229c862b122d2b06c12a625732
2019-10-10 18:46:13,585 [main] INFO  handler.ContextHandler (ContextHandler.java:doStart(781)) - Started o.e.j.s.ServletContextHandler@5a592c70{/logs,file:///workdir/hadoop-ozone/integration-test/target/log,AVAILABLE}
2019-10-10 18:46:13,586 [main] INFO  handler.ContextHandler (ContextHandler.java:doStart(781)) - Started o.e.j.s.ServletContextHandler@11e9ac24{/static,jar:file:/home/user/.m2/repository/org/apache/hadoop/hadoop-hdds-container-service/0.5.0-SNAPSHOT/hadoop-hdds-container-service-0.5.0-SNAPSHOT.jar!/webapps/static,AVAILABLE}
2019-10-10 18:46:13,622 [main] INFO  handler.ContextHandler (ContextHandler.java:doStart(781)) - Started o.e.j.w.WebAppContext@63e5b8aa{/,file:///tmp/jetty-0.0.0.0-41834-hddsDatanode-_-any-2304448337677448286.dir/webapp/,AVAILABLE}{/hddsDatanode}
2019-10-10 18:46:13,622 [main] INFO  server.AbstractConnector (AbstractConnector.java:doStart(278)) - Started ServerConnector@2c9306d3{HTTP/1.1,[http/1.1]}{0.0.0.0:41834}
2019-10-10 18:46:13,626 [main] INFO  server.Server (Server.java:doStart(419)) - Started @235774ms
2019-10-10 18:46:13,626 [main] WARN  impl.MetricsSystemImpl (MetricsSystemImpl.java:register(276)) - Sink prometheus already exists!
2019-10-10 18:46:13,627 [main] INFO  server.BaseHttpServer (BaseHttpServer.java:updateConnectorAddress(215)) - HTTP server of HDDSDATANODE is listening at http://0.0.0.0:41834
2019-10-10 18:46:13,627 [main] INFO  impl.MetricsSystemImpl (MetricsSystemImpl.java:init(158)) - HddsDatanode metrics system started (again)
2019-10-10 18:46:13,651 [org.apache.hadoop.util.JvmPauseMonitor$Monitor@279c1bad] INFO  util.JvmPauseMonitor (JvmPauseMonitor.java:run(188)) - Starting JVM pause monitor
2019-10-10 18:46:13,653 [Datanode State Machine Thread - 0] INFO  datanode.InitDatanodeState (InitDatanodeState.java:persistContainerDatanodeDetails(140)) - DatanodeDetails is persisted to /workdir/hadoop-ozone/integration-test/target/test-dir/MiniOzoneClusterImpl-9d54b50b-7c31-4a51-85ff-8b8e72266c23/datanode-1/meta/datanode.id
2019-10-10 18:46:13,654 [main] INFO  ozone.HddsDatanodeService (HddsDatanodeService.java:start(184)) - HddsDatanodeService host:pr-hdds-1986-hdr44-321838893 ip:192.168.164.239
2019-10-10 18:46:13,663 [main] INFO  volume.HddsVolume (HddsVolume.java:<init>(176)) - Creating Volume: /workdir/hadoop-ozone/integration-test/target/test-dir/MiniOzoneClusterImpl-9d54b50b-7c31-4a51-85ff-8b8e72266c23/datanode-2/data/containers/hdds of  storage type : DISK and capacity : 1482555576320
2019-10-10 18:46:13,664 [main] INFO  volume.VolumeSet (VolumeSet.java:initializeVolumeSet(170)) - Added Volume : /workdir/hadoop-ozone/integration-test/target/test-dir/MiniOzoneClusterImpl-9d54b50b-7c31-4a51-85ff-8b8e72266c23/datanode-2/data/containers/hdds to VolumeSet
2019-10-10 18:46:13,664 [main] INFO  volume.ThrottledAsyncChecker (ThrottledAsyncChecker.java:schedule(141)) - Scheduling a check for org.apache.hadoop.ozone.container.common.volume.HddsVolume@4837f97e
2019-10-10 18:46:13,665 [main] INFO  volume.HddsVolumeChecker (HddsVolumeChecker.java:checkAllVolumes(204)) - Scheduled health check for volume org.apache.hadoop.ozone.container.common.volume.HddsVolume@4837f97e
2019-10-10 18:46:13,684 [main] INFO  impl.RaftServerProxy (ConfUtils.java:logGet(43)) - raft.rpc.type = GRPC (default)
2019-10-10 18:46:13,684 [main] INFO  grpc.GrpcFactory (GrpcFactory.java:checkPooledByteBufAllocatorUseCacheForAllThreads(45)) - PERFORMANCE WARNING: useCacheForAllThreads is true that may cause Netty to create a lot garbage objects and, as a result, trigger GC.
	It is recommended to disable useCacheForAllThreads by setting -Dorg.apache.ratis.thirdparty.io.netty.allocator.useCacheForAllThreads=false in command line.
2019-10-10 18:46:13,685 [main] INFO  grpc.GrpcConfigKeys$Server (ConfUtils.java:logGet(43)) - raft.grpc.server.port = 0 (default)
2019-10-10 18:46:13,685 [main] INFO  server.GrpcService (ConfUtils.java:logGet(43)) - raft.grpc.message.size.max = 33570816 (custom)
2019-10-10 18:46:13,685 [main] INFO  server.RaftServerConfigKeys (ConfUtils.java:logGet(43)) - raft.server.log.appender.buffer.byte-limit = 33554432 (custom)
2019-10-10 18:46:13,685 [main] INFO  server.GrpcService (ConfUtils.java:logGet(43)) - raft.grpc.flow.control.window = 1MB (=1048576) (default)
2019-10-10 18:46:13,686 [main] INFO  server.RaftServerConfigKeys (ConfUtils.java:logGet(43)) - raft.server.rpc.request.timeout = 3000ms (default)
2019-10-10 18:46:13,686 [main] INFO  server.RaftServerConfigKeys (ConfUtils.java:logGet(43)) - raft.server.storage.dir = [/workdir/hadoop-ozone/integration-test/target/test-dir/MiniOzoneClusterImpl-9d54b50b-7c31-4a51-85ff-8b8e72266c23/datanode-2/data/ratis] (custom)
2019-10-10 18:46:13,687 [main] INFO  hdfs.DFSUtil (DFSUtil.java:httpServerTemplateForNNAndJN(1641)) - Starting Web-server for hddsDatanode at: http://0.0.0.0:0
2019-10-10 18:46:13,689 [main] INFO  server.AuthenticationFilter (AuthenticationFilter.java:constructSecretProvider(240)) - Unable to initialize FileSignerSecretProvider, falling back to use random secrets.
2019-10-10 18:46:13,689 [main] WARN  http.HttpRequestLog (HttpRequestLog.java:getRequestLog(97)) - Jetty request log can only be enabled using Log4j
2019-10-10 18:46:13,691 [main] INFO  http.HttpServer2 (HttpServer2.java:addGlobalFilter(975)) - Added global filter 'safety' (class=org.apache.hadoop.http.HttpServer2$QuotingInputFilter)
2019-10-10 18:46:13,691 [main] INFO  http.HttpServer2 (HttpServer2.java:addFilter(948)) - Added filter static_user_filter (class=org.apache.hadoop.http.lib.StaticUserWebFilter$StaticUserFilter) to context hddsDatanode
2019-10-10 18:46:13,692 [main] INFO  http.HttpServer2 (HttpServer2.java:addFilter(958)) - Added filter static_user_filter (class=org.apache.hadoop.http.lib.StaticUserWebFilter$StaticUserFilter) to context static
2019-10-10 18:46:13,692 [main] INFO  http.HttpServer2 (HttpServer2.java:addFilter(958)) - Added filter static_user_filter (class=org.apache.hadoop.http.lib.StaticUserWebFilter$StaticUserFilter) to context logs
2019-10-10 18:46:13,692 [main] INFO  http.HttpServer2 (HttpServer2.java:bindListener(1191)) - Jetty bound to port 42941
2019-10-10 18:46:13,693 [main] INFO  server.Server (Server.java:doStart(351)) - jetty-9.3.25.v20180904, build timestamp: 2018-09-04T21:11:46Z, git hash: 3ce520221d0240229c862b122d2b06c12a625732
2019-10-10 18:46:13,694 [main] INFO  handler.ContextHandler (ContextHandler.java:doStart(781)) - Started o.e.j.s.ServletContextHandler@5111de7c{/logs,file:///workdir/hadoop-ozone/integration-test/target/log,AVAILABLE}
2019-10-10 18:46:13,695 [main] INFO  handler.ContextHandler (ContextHandler.java:doStart(781)) - Started o.e.j.s.ServletContextHandler@52354202{/static,jar:file:/home/user/.m2/repository/org/apache/hadoop/hadoop-hdds-container-service/0.5.0-SNAPSHOT/hadoop-hdds-container-service-0.5.0-SNAPSHOT.jar!/webapps/static,AVAILABLE}
2019-10-10 18:46:13,727 [main] INFO  handler.ContextHandler (ContextHandler.java:doStart(781)) - Started o.e.j.w.WebAppContext@132e3594{/,file:///tmp/jetty-0.0.0.0-42941-hddsDatanode-_-any-7571665785325169561.dir/webapp/,AVAILABLE}{/hddsDatanode}
2019-10-10 18:46:13,727 [main] INFO  server.AbstractConnector (AbstractConnector.java:doStart(278)) - Started ServerConnector@4f235107{HTTP/1.1,[http/1.1]}{0.0.0.0:42941}
2019-10-10 18:46:13,730 [main] INFO  server.Server (Server.java:doStart(419)) - Started @235878ms
2019-10-10 18:46:13,730 [main] WARN  impl.MetricsSystemImpl (MetricsSystemImpl.java:register(276)) - Sink prometheus already exists!
2019-10-10 18:46:13,731 [main] INFO  server.BaseHttpServer (BaseHttpServer.java:updateConnectorAddress(215)) - HTTP server of HDDSDATANODE is listening at http://0.0.0.0:42941
2019-10-10 18:46:13,732 [main] INFO  impl.MetricsSystemImpl (MetricsSystemImpl.java:init(158)) - HddsDatanode metrics system started (again)
2019-10-10 18:46:13,762 [org.apache.hadoop.util.JvmPauseMonitor$Monitor@56dbdccc] INFO  util.JvmPauseMonitor (JvmPauseMonitor.java:run(188)) - Starting JVM pause monitor
2019-10-10 18:46:13,764 [Datanode State Machine Thread - 0] INFO  datanode.InitDatanodeState (InitDatanodeState.java:persistContainerDatanodeDetails(140)) - DatanodeDetails is persisted to /workdir/hadoop-ozone/integration-test/target/test-dir/MiniOzoneClusterImpl-9d54b50b-7c31-4a51-85ff-8b8e72266c23/datanode-2/meta/datanode.id
2019-10-10 18:46:13,765 [main] INFO  ozone.HddsDatanodeService (HddsDatanodeService.java:start(184)) - HddsDatanodeService host:pr-hdds-1986-hdr44-321838893 ip:192.168.164.239
2019-10-10 18:46:13,776 [main] INFO  volume.HddsVolume (HddsVolume.java:<init>(176)) - Creating Volume: /workdir/hadoop-ozone/integration-test/target/test-dir/MiniOzoneClusterImpl-9d54b50b-7c31-4a51-85ff-8b8e72266c23/datanode-3/data/containers/hdds of  storage type : DISK and capacity : 1482555576320
2019-10-10 18:46:13,777 [main] INFO  volume.VolumeSet (VolumeSet.java:initializeVolumeSet(170)) - Added Volume : /workdir/hadoop-ozone/integration-test/target/test-dir/MiniOzoneClusterImpl-9d54b50b-7c31-4a51-85ff-8b8e72266c23/datanode-3/data/containers/hdds to VolumeSet
2019-10-10 18:46:13,777 [main] INFO  volume.ThrottledAsyncChecker (ThrottledAsyncChecker.java:schedule(141)) - Scheduling a check for org.apache.hadoop.ozone.container.common.volume.HddsVolume@1332dec4
2019-10-10 18:46:13,778 [main] INFO  volume.HddsVolumeChecker (HddsVolumeChecker.java:checkAllVolumes(204)) - Scheduled health check for volume org.apache.hadoop.ozone.container.common.volume.HddsVolume@1332dec4
2019-10-10 18:46:13,796 [main] INFO  impl.RaftServerProxy (ConfUtils.java:logGet(43)) - raft.rpc.type = GRPC (default)
2019-10-10 18:46:13,796 [main] INFO  grpc.GrpcFactory (GrpcFactory.java:checkPooledByteBufAllocatorUseCacheForAllThreads(45)) - PERFORMANCE WARNING: useCacheForAllThreads is true that may cause Netty to create a lot garbage objects and, as a result, trigger GC.
	It is recommended to disable useCacheForAllThreads by setting -Dorg.apache.ratis.thirdparty.io.netty.allocator.useCacheForAllThreads=false in command line.
2019-10-10 18:46:13,797 [main] INFO  grpc.GrpcConfigKeys$Server (ConfUtils.java:logGet(43)) - raft.grpc.server.port = 0 (default)
2019-10-10 18:46:13,797 [main] INFO  server.GrpcService (ConfUtils.java:logGet(43)) - raft.grpc.message.size.max = 33570816 (custom)
2019-10-10 18:46:13,797 [main] INFO  server.RaftServerConfigKeys (ConfUtils.java:logGet(43)) - raft.server.log.appender.buffer.byte-limit = 33554432 (custom)
2019-10-10 18:46:13,797 [main] INFO  server.GrpcService (ConfUtils.java:logGet(43)) - raft.grpc.flow.control.window = 1MB (=1048576) (default)
2019-10-10 18:46:13,798 [main] INFO  server.RaftServerConfigKeys (ConfUtils.java:logGet(43)) - raft.server.rpc.request.timeout = 3000ms (default)
2019-10-10 18:46:13,798 [main] INFO  server.RaftServerConfigKeys (ConfUtils.java:logGet(43)) - raft.server.storage.dir = [/workdir/hadoop-ozone/integration-test/target/test-dir/MiniOzoneClusterImpl-9d54b50b-7c31-4a51-85ff-8b8e72266c23/datanode-3/data/ratis] (custom)
2019-10-10 18:46:13,799 [main] INFO  hdfs.DFSUtil (DFSUtil.java:httpServerTemplateForNNAndJN(1641)) - Starting Web-server for hddsDatanode at: http://0.0.0.0:0
2019-10-10 18:46:13,803 [main] INFO  server.AuthenticationFilter (AuthenticationFilter.java:constructSecretProvider(240)) - Unable to initialize FileSignerSecretProvider, falling back to use random secrets.
2019-10-10 18:46:13,804 [main] WARN  http.HttpRequestLog (HttpRequestLog.java:getRequestLog(97)) - Jetty request log can only be enabled using Log4j
2019-10-10 18:46:13,806 [main] INFO  http.HttpServer2 (HttpServer2.java:addGlobalFilter(975)) - Added global filter 'safety' (class=org.apache.hadoop.http.HttpServer2$QuotingInputFilter)
2019-10-10 18:46:13,806 [main] INFO  http.HttpServer2 (HttpServer2.java:addFilter(948)) - Added filter static_user_filter (class=org.apache.hadoop.http.lib.StaticUserWebFilter$StaticUserFilter) to context hddsDatanode
2019-10-10 18:46:13,807 [main] INFO  http.HttpServer2 (HttpServer2.java:addFilter(958)) - Added filter static_user_filter (class=org.apache.hadoop.http.lib.StaticUserWebFilter$StaticUserFilter) to context static
2019-10-10 18:46:13,807 [main] INFO  http.HttpServer2 (HttpServer2.java:addFilter(958)) - Added filter static_user_filter (class=org.apache.hadoop.http.lib.StaticUserWebFilter$StaticUserFilter) to context logs
2019-10-10 18:46:13,808 [main] INFO  http.HttpServer2 (HttpServer2.java:bindListener(1191)) - Jetty bound to port 33645
2019-10-10 18:46:13,808 [main] INFO  server.Server (Server.java:doStart(351)) - jetty-9.3.25.v20180904, build timestamp: 2018-09-04T21:11:46Z, git hash: 3ce520221d0240229c862b122d2b06c12a625732
2019-10-10 18:46:13,810 [main] INFO  handler.ContextHandler (ContextHandler.java:doStart(781)) - Started o.e.j.s.ServletContextHandler@36c07c75{/logs,file:///workdir/hadoop-ozone/integration-test/target/log,AVAILABLE}
2019-10-10 18:46:13,810 [main] INFO  handler.ContextHandler (ContextHandler.java:doStart(781)) - Started o.e.j.s.ServletContextHandler@5d850a25{/static,jar:file:/home/user/.m2/repository/org/apache/hadoop/hadoop-hdds-container-service/0.5.0-SNAPSHOT/hadoop-hdds-container-service-0.5.0-SNAPSHOT.jar!/webapps/static,AVAILABLE}
2019-10-10 18:46:13,840 [main] INFO  handler.ContextHandler (ContextHandler.java:doStart(781)) - Started o.e.j.w.WebAppContext@73e4387{/,file:///tmp/jetty-0.0.0.0-33645-hddsDatanode-_-any-3685970130551931113.dir/webapp/,AVAILABLE}{/hddsDatanode}
2019-10-10 18:46:13,840 [main] INFO  server.AbstractConnector (AbstractConnector.java:doStart(278)) - Started ServerConnector@d87d449{HTTP/1.1,[http/1.1]}{0.0.0.0:33645}
2019-10-10 18:46:13,844 [main] INFO  server.Server (Server.java:doStart(419)) - Started @235992ms
2019-10-10 18:46:13,844 [main] WARN  impl.MetricsSystemImpl (MetricsSystemImpl.java:register(276)) - Sink prometheus already exists!
2019-10-10 18:46:13,849 [main] INFO  server.BaseHttpServer (BaseHttpServer.java:updateConnectorAddress(215)) - HTTP server of HDDSDATANODE is listening at http://0.0.0.0:33645
2019-10-10 18:46:13,849 [main] INFO  impl.MetricsSystemImpl (MetricsSystemImpl.java:init(158)) - HddsDatanode metrics system started (again)
2019-10-10 18:46:13,873 [org.apache.hadoop.util.JvmPauseMonitor$Monitor@560327c2] INFO  util.JvmPauseMonitor (JvmPauseMonitor.java:run(188)) - Starting JVM pause monitor
2019-10-10 18:46:13,874 [Datanode State Machine Thread - 0] INFO  datanode.InitDatanodeState (InitDatanodeState.java:persistContainerDatanodeDetails(140)) - DatanodeDetails is persisted to /workdir/hadoop-ozone/integration-test/target/test-dir/MiniOzoneClusterImpl-9d54b50b-7c31-4a51-85ff-8b8e72266c23/datanode-3/meta/datanode.id
2019-10-10 18:46:13,875 [main] INFO  ozone.HddsDatanodeService (HddsDatanodeService.java:start(184)) - HddsDatanodeService host:pr-hdds-1986-hdr44-321838893 ip:192.168.164.239
2019-10-10 18:46:13,885 [main] INFO  volume.HddsVolume (HddsVolume.java:<init>(176)) - Creating Volume: /workdir/hadoop-ozone/integration-test/target/test-dir/MiniOzoneClusterImpl-9d54b50b-7c31-4a51-85ff-8b8e72266c23/datanode-4/data/containers/hdds of  storage type : DISK and capacity : 1482555576320
2019-10-10 18:46:13,885 [main] INFO  volume.VolumeSet (VolumeSet.java:initializeVolumeSet(170)) - Added Volume : /workdir/hadoop-ozone/integration-test/target/test-dir/MiniOzoneClusterImpl-9d54b50b-7c31-4a51-85ff-8b8e72266c23/datanode-4/data/containers/hdds to VolumeSet
2019-10-10 18:46:13,886 [main] INFO  volume.ThrottledAsyncChecker (ThrottledAsyncChecker.java:schedule(141)) - Scheduling a check for org.apache.hadoop.ozone.container.common.volume.HddsVolume@216c22ce
2019-10-10 18:46:13,886 [main] INFO  volume.HddsVolumeChecker (HddsVolumeChecker.java:checkAllVolumes(204)) - Scheduled health check for volume org.apache.hadoop.ozone.container.common.volume.HddsVolume@216c22ce
2019-10-10 18:46:13,901 [main] INFO  impl.RaftServerProxy (ConfUtils.java:logGet(43)) - raft.rpc.type = GRPC (default)
2019-10-10 18:46:13,901 [main] INFO  grpc.GrpcFactory (GrpcFactory.java:checkPooledByteBufAllocatorUseCacheForAllThreads(45)) - PERFORMANCE WARNING: useCacheForAllThreads is true that may cause Netty to create a lot garbage objects and, as a result, trigger GC.
	It is recommended to disable useCacheForAllThreads by setting -Dorg.apache.ratis.thirdparty.io.netty.allocator.useCacheForAllThreads=false in command line.
2019-10-10 18:46:13,901 [main] INFO  grpc.GrpcConfigKeys$Server (ConfUtils.java:logGet(43)) - raft.grpc.server.port = 0 (default)
2019-10-10 18:46:13,901 [main] INFO  server.GrpcService (ConfUtils.java:logGet(43)) - raft.grpc.message.size.max = 33570816 (custom)
2019-10-10 18:46:13,902 [main] INFO  server.RaftServerConfigKeys (ConfUtils.java:logGet(43)) - raft.server.log.appender.buffer.byte-limit = 33554432 (custom)
2019-10-10 18:46:13,902 [main] INFO  server.GrpcService (ConfUtils.java:logGet(43)) - raft.grpc.flow.control.window = 1MB (=1048576) (default)
2019-10-10 18:46:13,902 [main] INFO  server.RaftServerConfigKeys (ConfUtils.java:logGet(43)) - raft.server.rpc.request.timeout = 3000ms (default)
2019-10-10 18:46:13,902 [main] INFO  server.RaftServerConfigKeys (ConfUtils.java:logGet(43)) - raft.server.storage.dir = [/workdir/hadoop-ozone/integration-test/target/test-dir/MiniOzoneClusterImpl-9d54b50b-7c31-4a51-85ff-8b8e72266c23/datanode-4/data/ratis] (custom)
2019-10-10 18:46:13,904 [main] INFO  hdfs.DFSUtil (DFSUtil.java:httpServerTemplateForNNAndJN(1641)) - Starting Web-server for hddsDatanode at: http://0.0.0.0:0
2019-10-10 18:46:13,905 [main] INFO  server.AuthenticationFilter (AuthenticationFilter.java:constructSecretProvider(240)) - Unable to initialize FileSignerSecretProvider, falling back to use random secrets.
2019-10-10 18:46:13,905 [main] WARN  http.HttpRequestLog (HttpRequestLog.java:getRequestLog(97)) - Jetty request log can only be enabled using Log4j
2019-10-10 18:46:13,906 [main] INFO  http.HttpServer2 (HttpServer2.java:addGlobalFilter(975)) - Added global filter 'safety' (class=org.apache.hadoop.http.HttpServer2$QuotingInputFilter)
2019-10-10 18:46:13,907 [main] INFO  http.HttpServer2 (HttpServer2.java:addFilter(948)) - Added filter static_user_filter (class=org.apache.hadoop.http.lib.StaticUserWebFilter$StaticUserFilter) to context hddsDatanode
2019-10-10 18:46:13,907 [main] INFO  http.HttpServer2 (HttpServer2.java:addFilter(958)) - Added filter static_user_filter (class=org.apache.hadoop.http.lib.StaticUserWebFilter$StaticUserFilter) to context logs
2019-10-10 18:46:13,907 [main] INFO  http.HttpServer2 (HttpServer2.java:addFilter(958)) - Added filter static_user_filter (class=org.apache.hadoop.http.lib.StaticUserWebFilter$StaticUserFilter) to context static
2019-10-10 18:46:13,908 [main] INFO  http.HttpServer2 (HttpServer2.java:bindListener(1191)) - Jetty bound to port 36623
2019-10-10 18:46:13,908 [main] INFO  server.Server (Server.java:doStart(351)) - jetty-9.3.25.v20180904, build timestamp: 2018-09-04T21:11:46Z, git hash: 3ce520221d0240229c862b122d2b06c12a625732
2019-10-10 18:46:13,909 [main] INFO  handler.ContextHandler (ContextHandler.java:doStart(781)) - Started o.e.j.s.ServletContextHandler@52ecc989{/logs,file:///workdir/hadoop-ozone/integration-test/target/log,AVAILABLE}
2019-10-10 18:46:13,910 [main] INFO  handler.ContextHandler (ContextHandler.java:doStart(781)) - Started o.e.j.s.ServletContextHandler@52f8a6f4{/static,jar:file:/home/user/.m2/repository/org/apache/hadoop/hadoop-hdds-container-service/0.5.0-SNAPSHOT/hadoop-hdds-container-service-0.5.0-SNAPSHOT.jar!/webapps/static,AVAILABLE}
2019-10-10 18:46:13,937 [main] INFO  handler.ContextHandler (ContextHandler.java:doStart(781)) - Started o.e.j.w.WebAppContext@696fad31{/,file:///tmp/jetty-0.0.0.0-36623-hddsDatanode-_-any-1099425962655565225.dir/webapp/,AVAILABLE}{/hddsDatanode}
2019-10-10 18:46:13,938 [main] INFO  server.AbstractConnector (AbstractConnector.java:doStart(278)) - Started ServerConnector@2c06b113{HTTP/1.1,[http/1.1]}{0.0.0.0:36623}
2019-10-10 18:46:13,941 [main] INFO  server.Server (Server.java:doStart(419)) - Started @236089ms
2019-10-10 18:46:13,941 [main] WARN  impl.MetricsSystemImpl (MetricsSystemImpl.java:register(276)) - Sink prometheus already exists!
2019-10-10 18:46:13,941 [main] INFO  server.BaseHttpServer (BaseHttpServer.java:updateConnectorAddress(215)) - HTTP server of HDDSDATANODE is listening at http://0.0.0.0:36623
2019-10-10 18:46:13,942 [main] INFO  impl.MetricsSystemImpl (MetricsSystemImpl.java:init(158)) - HddsDatanode metrics system started (again)
2019-10-10 18:46:13,964 [main] INFO  ozone.HddsDatanodeService (HddsDatanodeService.java:start(184)) - HddsDatanodeService host:pr-hdds-1986-hdr44-321838893 ip:192.168.164.239
2019-10-10 18:46:13,964 [org.apache.hadoop.util.JvmPauseMonitor$Monitor@498ab89] INFO  util.JvmPauseMonitor (JvmPauseMonitor.java:run(188)) - Starting JVM pause monitor
2019-10-10 18:46:13,965 [Datanode State Machine Thread - 0] INFO  datanode.InitDatanodeState (InitDatanodeState.java:persistContainerDatanodeDetails(140)) - DatanodeDetails is persisted to /workdir/hadoop-ozone/integration-test/target/test-dir/MiniOzoneClusterImpl-9d54b50b-7c31-4a51-85ff-8b8e72266c23/datanode-4/meta/datanode.id
2019-10-10 18:46:13,976 [main] INFO  volume.HddsVolume (HddsVolume.java:<init>(176)) - Creating Volume: /workdir/hadoop-ozone/integration-test/target/test-dir/MiniOzoneClusterImpl-9d54b50b-7c31-4a51-85ff-8b8e72266c23/datanode-5/data/containers/hdds of  storage type : DISK and capacity : 1482555576320
2019-10-10 18:46:13,977 [main] INFO  volume.VolumeSet (VolumeSet.java:initializeVolumeSet(170)) - Added Volume : /workdir/hadoop-ozone/integration-test/target/test-dir/MiniOzoneClusterImpl-9d54b50b-7c31-4a51-85ff-8b8e72266c23/datanode-5/data/containers/hdds to VolumeSet
2019-10-10 18:46:13,978 [main] INFO  volume.ThrottledAsyncChecker (ThrottledAsyncChecker.java:schedule(141)) - Scheduling a check for org.apache.hadoop.ozone.container.common.volume.HddsVolume@68e2d03e
2019-10-10 18:46:13,982 [main] INFO  volume.HddsVolumeChecker (HddsVolumeChecker.java:checkAllVolumes(204)) - Scheduled health check for volume org.apache.hadoop.ozone.container.common.volume.HddsVolume@68e2d03e
2019-10-10 18:46:13,994 [main] INFO  impl.RaftServerProxy (ConfUtils.java:logGet(43)) - raft.rpc.type = GRPC (default)
2019-10-10 18:46:13,994 [main] INFO  grpc.GrpcFactory (GrpcFactory.java:checkPooledByteBufAllocatorUseCacheForAllThreads(45)) - PERFORMANCE WARNING: useCacheForAllThreads is true that may cause Netty to create a lot garbage objects and, as a result, trigger GC.
	It is recommended to disable useCacheForAllThreads by setting -Dorg.apache.ratis.thirdparty.io.netty.allocator.useCacheForAllThreads=false in command line.
2019-10-10 18:46:13,994 [main] INFO  grpc.GrpcConfigKeys$Server (ConfUtils.java:logGet(43)) - raft.grpc.server.port = 0 (default)
2019-10-10 18:46:13,994 [main] INFO  server.GrpcService (ConfUtils.java:logGet(43)) - raft.grpc.message.size.max = 33570816 (custom)
2019-10-10 18:46:13,994 [main] INFO  server.RaftServerConfigKeys (ConfUtils.java:logGet(43)) - raft.server.log.appender.buffer.byte-limit = 33554432 (custom)
2019-10-10 18:46:13,995 [main] INFO  server.GrpcService (ConfUtils.java:logGet(43)) - raft.grpc.flow.control.window = 1MB (=1048576) (default)
2019-10-10 18:46:13,995 [main] INFO  server.RaftServerConfigKeys (ConfUtils.java:logGet(43)) - raft.server.rpc.request.timeout = 3000ms (default)
2019-10-10 18:46:13,995 [main] INFO  server.RaftServerConfigKeys (ConfUtils.java:logGet(43)) - raft.server.storage.dir = [/workdir/hadoop-ozone/integration-test/target/test-dir/MiniOzoneClusterImpl-9d54b50b-7c31-4a51-85ff-8b8e72266c23/datanode-5/data/ratis] (custom)
2019-10-10 18:46:13,996 [main] INFO  hdfs.DFSUtil (DFSUtil.java:httpServerTemplateForNNAndJN(1641)) - Starting Web-server for hddsDatanode at: http://0.0.0.0:0
2019-10-10 18:46:13,997 [main] INFO  server.AuthenticationFilter (AuthenticationFilter.java:constructSecretProvider(240)) - Unable to initialize FileSignerSecretProvider, falling back to use random secrets.
2019-10-10 18:46:13,998 [main] WARN  http.HttpRequestLog (HttpRequestLog.java:getRequestLog(97)) - Jetty request log can only be enabled using Log4j
2019-10-10 18:46:13,999 [main] INFO  http.HttpServer2 (HttpServer2.java:addGlobalFilter(975)) - Added global filter 'safety' (class=org.apache.hadoop.http.HttpServer2$QuotingInputFilter)
2019-10-10 18:46:13,999 [main] INFO  http.HttpServer2 (HttpServer2.java:addFilter(948)) - Added filter static_user_filter (class=org.apache.hadoop.http.lib.StaticUserWebFilter$StaticUserFilter) to context hddsDatanode
2019-10-10 18:46:14,000 [main] INFO  http.HttpServer2 (HttpServer2.java:addFilter(958)) - Added filter static_user_filter (class=org.apache.hadoop.http.lib.StaticUserWebFilter$StaticUserFilter) to context static
2019-10-10 18:46:14,000 [main] INFO  http.HttpServer2 (HttpServer2.java:addFilter(958)) - Added filter static_user_filter (class=org.apache.hadoop.http.lib.StaticUserWebFilter$StaticUserFilter) to context logs
2019-10-10 18:46:14,000 [main] INFO  http.HttpServer2 (HttpServer2.java:bindListener(1191)) - Jetty bound to port 41451
2019-10-10 18:46:14,000 [main] INFO  server.Server (Server.java:doStart(351)) - jetty-9.3.25.v20180904, build timestamp: 2018-09-04T21:11:46Z, git hash: 3ce520221d0240229c862b122d2b06c12a625732
2019-10-10 18:46:14,002 [main] INFO  handler.ContextHandler (ContextHandler.java:doStart(781)) - Started o.e.j.s.ServletContextHandler@77083e41{/logs,file:///workdir/hadoop-ozone/integration-test/target/log,AVAILABLE}
2019-10-10 18:46:14,003 [main] INFO  handler.ContextHandler (ContextHandler.java:doStart(781)) - Started o.e.j.s.ServletContextHandler@2d130ac4{/static,jar:file:/home/user/.m2/repository/org/apache/hadoop/hadoop-hdds-container-service/0.5.0-SNAPSHOT/hadoop-hdds-container-service-0.5.0-SNAPSHOT.jar!/webapps/static,AVAILABLE}
2019-10-10 18:46:14,038 [main] INFO  handler.ContextHandler (ContextHandler.java:doStart(781)) - Started o.e.j.w.WebAppContext@2e952845{/,file:///tmp/jetty-0.0.0.0-41451-hddsDatanode-_-any-1195255808824545049.dir/webapp/,AVAILABLE}{/hddsDatanode}
2019-10-10 18:46:14,038 [main] INFO  server.AbstractConnector (AbstractConnector.java:doStart(278)) - Started ServerConnector@79252c83{HTTP/1.1,[http/1.1]}{0.0.0.0:41451}
2019-10-10 18:46:14,045 [main] INFO  server.Server (Server.java:doStart(419)) - Started @236193ms
2019-10-10 18:46:14,045 [main] WARN  impl.MetricsSystemImpl (MetricsSystemImpl.java:register(276)) - Sink prometheus already exists!
2019-10-10 18:46:14,045 [main] INFO  server.BaseHttpServer (BaseHttpServer.java:updateConnectorAddress(215)) - HTTP server of HDDSDATANODE is listening at http://0.0.0.0:41451
2019-10-10 18:46:14,046 [main] INFO  impl.MetricsSystemImpl (MetricsSystemImpl.java:init(158)) - HddsDatanode metrics system started (again)
2019-10-10 18:46:14,068 [org.apache.hadoop.util.JvmPauseMonitor$Monitor@3c0b5658] INFO  util.JvmPauseMonitor (JvmPauseMonitor.java:run(188)) - Starting JVM pause monitor
2019-10-10 18:46:14,069 [main] INFO  ozone.HddsDatanodeService (HddsDatanodeService.java:start(184)) - HddsDatanodeService host:pr-hdds-1986-hdr44-321838893 ip:192.168.164.239
2019-10-10 18:46:14,070 [Datanode State Machine Thread - 0] INFO  datanode.InitDatanodeState (InitDatanodeState.java:persistContainerDatanodeDetails(140)) - DatanodeDetails is persisted to /workdir/hadoop-ozone/integration-test/target/test-dir/MiniOzoneClusterImpl-9d54b50b-7c31-4a51-85ff-8b8e72266c23/datanode-5/meta/datanode.id
2019-10-10 18:46:14,077 [main] INFO  volume.HddsVolume (HddsVolume.java:<init>(176)) - Creating Volume: /workdir/hadoop-ozone/integration-test/target/test-dir/MiniOzoneClusterImpl-9d54b50b-7c31-4a51-85ff-8b8e72266c23/datanode-6/data/containers/hdds of  storage type : DISK and capacity : 1482555576320
2019-10-10 18:46:14,077 [main] INFO  volume.VolumeSet (VolumeSet.java:initializeVolumeSet(170)) - Added Volume : /workdir/hadoop-ozone/integration-test/target/test-dir/MiniOzoneClusterImpl-9d54b50b-7c31-4a51-85ff-8b8e72266c23/datanode-6/data/containers/hdds to VolumeSet
2019-10-10 18:46:14,078 [main] INFO  volume.ThrottledAsyncChecker (ThrottledAsyncChecker.java:schedule(141)) - Scheduling a check for org.apache.hadoop.ozone.container.common.volume.HddsVolume@7781263c
2019-10-10 18:46:14,078 [main] INFO  volume.HddsVolumeChecker (HddsVolumeChecker.java:checkAllVolumes(204)) - Scheduled health check for volume org.apache.hadoop.ozone.container.common.volume.HddsVolume@7781263c
2019-10-10 18:46:14,095 [main] INFO  impl.RaftServerProxy (ConfUtils.java:logGet(43)) - raft.rpc.type = GRPC (default)
2019-10-10 18:46:14,095 [main] INFO  grpc.GrpcFactory (GrpcFactory.java:checkPooledByteBufAllocatorUseCacheForAllThreads(45)) - PERFORMANCE WARNING: useCacheForAllThreads is true that may cause Netty to create a lot garbage objects and, as a result, trigger GC.
	It is recommended to disable useCacheForAllThreads by setting -Dorg.apache.ratis.thirdparty.io.netty.allocator.useCacheForAllThreads=false in command line.
2019-10-10 18:46:14,095 [main] INFO  grpc.GrpcConfigKeys$Server (ConfUtils.java:logGet(43)) - raft.grpc.server.port = 0 (default)
2019-10-10 18:46:14,096 [main] INFO  server.GrpcService (ConfUtils.java:logGet(43)) - raft.grpc.message.size.max = 33570816 (custom)
2019-10-10 18:46:14,096 [main] INFO  server.RaftServerConfigKeys (ConfUtils.java:logGet(43)) - raft.server.log.appender.buffer.byte-limit = 33554432 (custom)
2019-10-10 18:46:14,096 [main] INFO  server.GrpcService (ConfUtils.java:logGet(43)) - raft.grpc.flow.control.window = 1MB (=1048576) (default)
2019-10-10 18:46:14,096 [main] INFO  server.RaftServerConfigKeys (ConfUtils.java:logGet(43)) - raft.server.rpc.request.timeout = 3000ms (default)
2019-10-10 18:46:14,097 [main] INFO  server.RaftServerConfigKeys (ConfUtils.java:logGet(43)) - raft.server.storage.dir = [/workdir/hadoop-ozone/integration-test/target/test-dir/MiniOzoneClusterImpl-9d54b50b-7c31-4a51-85ff-8b8e72266c23/datanode-6/data/ratis] (custom)
2019-10-10 18:46:14,098 [main] INFO  hdfs.DFSUtil (DFSUtil.java:httpServerTemplateForNNAndJN(1641)) - Starting Web-server for hddsDatanode at: http://0.0.0.0:0
2019-10-10 18:46:14,100 [main] INFO  server.AuthenticationFilter (AuthenticationFilter.java:constructSecretProvider(240)) - Unable to initialize FileSignerSecretProvider, falling back to use random secrets.
2019-10-10 18:46:14,100 [main] WARN  http.HttpRequestLog (HttpRequestLog.java:getRequestLog(97)) - Jetty request log can only be enabled using Log4j
2019-10-10 18:46:14,101 [main] INFO  http.HttpServer2 (HttpServer2.java:addGlobalFilter(975)) - Added global filter 'safety' (class=org.apache.hadoop.http.HttpServer2$QuotingInputFilter)
2019-10-10 18:46:14,102 [main] INFO  http.HttpServer2 (HttpServer2.java:addFilter(948)) - Added filter static_user_filter (class=org.apache.hadoop.http.lib.StaticUserWebFilter$StaticUserFilter) to context hddsDatanode
2019-10-10 18:46:14,102 [main] INFO  http.HttpServer2 (HttpServer2.java:addFilter(958)) - Added filter static_user_filter (class=org.apache.hadoop.http.lib.StaticUserWebFilter$StaticUserFilter) to context logs
2019-10-10 18:46:14,102 [main] INFO  http.HttpServer2 (HttpServer2.java:addFilter(958)) - Added filter static_user_filter (class=org.apache.hadoop.http.lib.StaticUserWebFilter$StaticUserFilter) to context static
2019-10-10 18:46:14,102 [main] INFO  http.HttpServer2 (HttpServer2.java:bindListener(1191)) - Jetty bound to port 33260
2019-10-10 18:46:14,103 [main] INFO  server.Server (Server.java:doStart(351)) - jetty-9.3.25.v20180904, build timestamp: 2018-09-04T21:11:46Z, git hash: 3ce520221d0240229c862b122d2b06c12a625732
2019-10-10 18:46:14,104 [main] INFO  handler.ContextHandler (ContextHandler.java:doStart(781)) - Started o.e.j.s.ServletContextHandler@5fb54740{/logs,file:///workdir/hadoop-ozone/integration-test/target/log,AVAILABLE}
2019-10-10 18:46:14,105 [main] INFO  handler.ContextHandler (ContextHandler.java:doStart(781)) - Started o.e.j.s.ServletContextHandler@1ee40b5c{/static,jar:file:/home/user/.m2/repository/org/apache/hadoop/hadoop-hdds-container-service/0.5.0-SNAPSHOT/hadoop-hdds-container-service-0.5.0-SNAPSHOT.jar!/webapps/static,AVAILABLE}
2019-10-10 18:46:14,134 [main] INFO  handler.ContextHandler (ContextHandler.java:doStart(781)) - Started o.e.j.w.WebAppContext@377dfb8d{/,file:///tmp/jetty-0.0.0.0-33260-hddsDatanode-_-any-9069088133496707620.dir/webapp/,AVAILABLE}{/hddsDatanode}
2019-10-10 18:46:14,134 [main] INFO  server.AbstractConnector (AbstractConnector.java:doStart(278)) - Started ServerConnector@42a0786f{HTTP/1.1,[http/1.1]}{0.0.0.0:33260}
2019-10-10 18:46:14,137 [main] INFO  server.Server (Server.java:doStart(419)) - Started @236285ms
2019-10-10 18:46:14,137 [main] WARN  impl.MetricsSystemImpl (MetricsSystemImpl.java:register(276)) - Sink prometheus already exists!
2019-10-10 18:46:14,137 [main] INFO  server.BaseHttpServer (BaseHttpServer.java:updateConnectorAddress(215)) - HTTP server of HDDSDATANODE is listening at http://0.0.0.0:33260
2019-10-10 18:46:14,138 [main] INFO  ozone.MiniOzoneClusterImpl (MiniOzoneClusterImpl.java:lambda$waitForClusterToBeReady$0(147)) - Waiting for cluster to be ready. Got 0 of 7 DN Heartbeats.
2019-10-10 18:46:14,139 [org.apache.hadoop.util.JvmPauseMonitor$Monitor@1e1f74ea] INFO  util.JvmPauseMonitor (JvmPauseMonitor.java:run(188)) - Starting JVM pause monitor
2019-10-10 18:46:14,140 [Datanode State Machine Thread - 0] INFO  datanode.InitDatanodeState (InitDatanodeState.java:persistContainerDatanodeDetails(140)) - DatanodeDetails is persisted to /workdir/hadoop-ozone/integration-test/target/test-dir/MiniOzoneClusterImpl-9d54b50b-7c31-4a51-85ff-8b8e72266c23/datanode-6/meta/datanode.id
2019-10-10 18:46:15,138 [main] INFO  ozone.MiniOzoneClusterImpl (MiniOzoneClusterImpl.java:lambda$waitForClusterToBeReady$0(147)) - Waiting for cluster to be ready. Got 0 of 7 DN Heartbeats.
2019-10-10 18:46:15,177 [grpc-default-executor-5] WARN  server.GrpcLogAppender (LogUtils.java:warn(134)) - 1efb21a3-f684-468a-b169-b6be23b2e470@group-E02D28FB7DD5->beaf6bb1-9637-4bc7-baee-c1d101cc238c-AppendLogResponseHandler: Failed appendEntries: org.apache.ratis.thirdparty.io.grpc.StatusRuntimeException: UNAVAILABLE: io exception
2019-10-10 18:46:15,177 [grpc-default-executor-3] WARN  server.GrpcLogAppender (LogUtils.java:warn(134)) - 1efb21a3-f684-468a-b169-b6be23b2e470@group-E02D28FB7DD5->56c7f49a-0896-472f-aa97-bf6ea0e1870f-AppendLogResponseHandler: Failed appendEntries: org.apache.ratis.thirdparty.io.grpc.StatusRuntimeException: UNAVAILABLE: io exception
2019-10-10 18:46:15,178 [grpc-default-executor-5] INFO  impl.FollowerInfo (FollowerInfo.java:lambda$new$0(51)) - 1efb21a3-f684-468a-b169-b6be23b2e470@group-E02D28FB7DD5->beaf6bb1-9637-4bc7-baee-c1d101cc238c: nextIndex: updateUnconditionally 0 -> 0
2019-10-10 18:46:15,178 [grpc-default-executor-3] INFO  impl.FollowerInfo (FollowerInfo.java:lambda$new$0(51)) - 1efb21a3-f684-468a-b169-b6be23b2e470@group-E02D28FB7DD5->56c7f49a-0896-472f-aa97-bf6ea0e1870f: nextIndex: updateUnconditionally 0 -> 0
2019-10-10 18:46:15,564 [Datanode State Machine Thread - 0] INFO  ozoneimpl.OzoneContainer (OzoneContainer.java:start(213)) - Attempting to start container services.
2019-10-10 18:46:15,565 [Datanode State Machine Thread - 0] INFO  ozoneimpl.OzoneContainer (OzoneContainer.java:startContainerScrub(177)) - Background container scanner has been disabled.
2019-10-10 18:46:15,565 [Datanode State Machine Thread - 0] INFO  ratis.XceiverServerRatis (XceiverServerRatis.java:start(418)) - Starting XceiverServerRatis f539186a-062d-4db6-9264-a61b4b21c70f at port 0
2019-10-10 18:46:15,572 [Datanode State Machine Thread - 0] INFO  impl.RaftServerProxy (RaftServerProxy.java:lambda$start$3(299)) - f539186a-062d-4db6-9264-a61b4b21c70f: start RPC server
2019-10-10 18:46:15,573 [Datanode State Machine Thread - 0] INFO  server.GrpcService (GrpcService.java:startImpl(158)) - f539186a-062d-4db6-9264-a61b4b21c70f: GrpcService started, listening on 0.0.0.0/0.0.0.0:32904
2019-10-10 18:46:15,573 [Datanode State Machine Thread - 0] INFO  ratis.XceiverServerRatis (XceiverServerRatis.java:start(428)) - XceiverServerRatis f539186a-062d-4db6-9264-a61b4b21c70f is started using port 32904
2019-10-10 18:46:15,574 [Datanode State Machine Thread - 0] INFO  server.XceiverServerGrpc (XceiverServerGrpc.java:start(149)) - XceiverServerGrpc f539186a-062d-4db6-9264-a61b4b21c70f is started using port 45100
2019-10-10 18:46:15,680 [Datanode State Machine Thread - 0] INFO  ozoneimpl.OzoneContainer (OzoneContainer.java:start(213)) - Attempting to start container services.
2019-10-10 18:46:15,680 [Datanode State Machine Thread - 0] INFO  ozoneimpl.OzoneContainer (OzoneContainer.java:startContainerScrub(177)) - Background container scanner has been disabled.
2019-10-10 18:46:15,680 [Datanode State Machine Thread - 0] INFO  ratis.XceiverServerRatis (XceiverServerRatis.java:start(418)) - Starting XceiverServerRatis 453ab731-e9d7-4b51-a799-1b524241158f at port 0
2019-10-10 18:46:15,684 [Datanode State Machine Thread - 0] INFO  impl.RaftServerProxy (RaftServerProxy.java:lambda$start$3(299)) - 453ab731-e9d7-4b51-a799-1b524241158f: start RPC server
2019-10-10 18:46:15,701 [Datanode State Machine Thread - 0] INFO  server.GrpcService (GrpcService.java:startImpl(158)) - 453ab731-e9d7-4b51-a799-1b524241158f: GrpcService started, listening on 0.0.0.0/0.0.0.0:43671
2019-10-10 18:46:15,702 [Datanode State Machine Thread - 0] INFO  ratis.XceiverServerRatis (XceiverServerRatis.java:start(428)) - XceiverServerRatis 453ab731-e9d7-4b51-a799-1b524241158f is started using port 43671
2019-10-10 18:46:15,702 [Datanode State Machine Thread - 0] INFO  server.XceiverServerGrpc (XceiverServerGrpc.java:start(149)) - XceiverServerGrpc 453ab731-e9d7-4b51-a799-1b524241158f is started using port 34689
2019-10-10 18:46:15,773 [Datanode State Machine Thread - 0] INFO  ozoneimpl.OzoneContainer (OzoneContainer.java:start(213)) - Attempting to start container services.
2019-10-10 18:46:15,774 [Datanode State Machine Thread - 0] INFO  ozoneimpl.OzoneContainer (OzoneContainer.java:startContainerScrub(177)) - Background container scanner has been disabled.
2019-10-10 18:46:15,774 [Datanode State Machine Thread - 0] INFO  ratis.XceiverServerRatis (XceiverServerRatis.java:start(418)) - Starting XceiverServerRatis 92990ffb-9a6c-4ccd-afcc-37afd3c6fa21 at port 0
2019-10-10 18:46:15,778 [Datanode State Machine Thread - 0] INFO  impl.RaftServerProxy (RaftServerProxy.java:lambda$start$3(299)) - 92990ffb-9a6c-4ccd-afcc-37afd3c6fa21: start RPC server
2019-10-10 18:46:15,779 [Datanode State Machine Thread - 0] INFO  server.GrpcService (GrpcService.java:startImpl(158)) - 92990ffb-9a6c-4ccd-afcc-37afd3c6fa21: GrpcService started, listening on 0.0.0.0/0.0.0.0:41703
2019-10-10 18:46:15,779 [Datanode State Machine Thread - 0] INFO  ratis.XceiverServerRatis (XceiverServerRatis.java:start(428)) - XceiverServerRatis 92990ffb-9a6c-4ccd-afcc-37afd3c6fa21 is started using port 41703
2019-10-10 18:46:15,779 [Datanode State Machine Thread - 0] INFO  server.XceiverServerGrpc (XceiverServerGrpc.java:start(149)) - XceiverServerGrpc 92990ffb-9a6c-4ccd-afcc-37afd3c6fa21 is started using port 44107
2019-10-10 18:46:15,880 [Datanode State Machine Thread - 0] INFO  ozoneimpl.OzoneContainer (OzoneContainer.java:start(213)) - Attempting to start container services.
2019-10-10 18:46:15,880 [Datanode State Machine Thread - 0] INFO  ozoneimpl.OzoneContainer (OzoneContainer.java:startContainerScrub(177)) - Background container scanner has been disabled.
2019-10-10 18:46:15,880 [Datanode State Machine Thread - 0] INFO  ratis.XceiverServerRatis (XceiverServerRatis.java:start(418)) - Starting XceiverServerRatis 96160b23-b1a6-4556-ac3d-28187ce5cd38 at port 0
2019-10-10 18:46:15,885 [Datanode State Machine Thread - 0] INFO  impl.RaftServerProxy (RaftServerProxy.java:lambda$start$3(299)) - 96160b23-b1a6-4556-ac3d-28187ce5cd38: start RPC server
2019-10-10 18:46:15,889 [Datanode State Machine Thread - 0] INFO  server.GrpcService (GrpcService.java:startImpl(158)) - 96160b23-b1a6-4556-ac3d-28187ce5cd38: GrpcService started, listening on 0.0.0.0/0.0.0.0:33910
2019-10-10 18:46:15,889 [Datanode State Machine Thread - 0] INFO  ratis.XceiverServerRatis (XceiverServerRatis.java:start(428)) - XceiverServerRatis 96160b23-b1a6-4556-ac3d-28187ce5cd38 is started using port 33910
2019-10-10 18:46:15,889 [Datanode State Machine Thread - 0] INFO  server.XceiverServerGrpc (XceiverServerGrpc.java:start(149)) - XceiverServerGrpc 96160b23-b1a6-4556-ac3d-28187ce5cd38 is started using port 41835
2019-10-10 18:46:15,990 [Datanode State Machine Thread - 0] INFO  ozoneimpl.OzoneContainer (OzoneContainer.java:start(213)) - Attempting to start container services.
2019-10-10 18:46:15,991 [Datanode State Machine Thread - 0] INFO  ozoneimpl.OzoneContainer (OzoneContainer.java:startContainerScrub(177)) - Background container scanner has been disabled.
2019-10-10 18:46:15,991 [Datanode State Machine Thread - 0] INFO  ratis.XceiverServerRatis (XceiverServerRatis.java:start(418)) - Starting XceiverServerRatis 0b82082f-2c23-4fb8-80b3-54e89e328117 at port 0
2019-10-10 18:46:16,004 [Datanode State Machine Thread - 0] INFO  impl.RaftServerProxy (RaftServerProxy.java:lambda$start$3(299)) - 0b82082f-2c23-4fb8-80b3-54e89e328117: start RPC server
2019-10-10 18:46:16,005 [Datanode State Machine Thread - 0] INFO  server.GrpcService (GrpcService.java:startImpl(158)) - 0b82082f-2c23-4fb8-80b3-54e89e328117: GrpcService started, listening on 0.0.0.0/0.0.0.0:39078
2019-10-10 18:46:16,005 [Datanode State Machine Thread - 0] INFO  ratis.XceiverServerRatis (XceiverServerRatis.java:start(428)) - XceiverServerRatis 0b82082f-2c23-4fb8-80b3-54e89e328117 is started using port 39078
2019-10-10 18:46:16,005 [Datanode State Machine Thread - 0] INFO  server.XceiverServerGrpc (XceiverServerGrpc.java:start(149)) - XceiverServerGrpc 0b82082f-2c23-4fb8-80b3-54e89e328117 is started using port 44406
2019-10-10 18:46:16,083 [Datanode State Machine Thread - 0] INFO  ozoneimpl.OzoneContainer (OzoneContainer.java:start(213)) - Attempting to start container services.
2019-10-10 18:46:16,083 [Datanode State Machine Thread - 0] INFO  ozoneimpl.OzoneContainer (OzoneContainer.java:startContainerScrub(177)) - Background container scanner has been disabled.
2019-10-10 18:46:16,083 [Datanode State Machine Thread - 0] INFO  ratis.XceiverServerRatis (XceiverServerRatis.java:start(418)) - Starting XceiverServerRatis c7b03e79-217d-4f3b-88bd-f74f5bda030b at port 0
2019-10-10 18:46:16,087 [Datanode State Machine Thread - 0] INFO  impl.RaftServerProxy (RaftServerProxy.java:lambda$start$3(299)) - c7b03e79-217d-4f3b-88bd-f74f5bda030b: start RPC server
2019-10-10 18:46:16,092 [Datanode State Machine Thread - 0] INFO  server.GrpcService (GrpcService.java:startImpl(158)) - c7b03e79-217d-4f3b-88bd-f74f5bda030b: GrpcService started, listening on 0.0.0.0/0.0.0.0:34403
2019-10-10 18:46:16,092 [Datanode State Machine Thread - 0] INFO  ratis.XceiverServerRatis (XceiverServerRatis.java:start(428)) - XceiverServerRatis c7b03e79-217d-4f3b-88bd-f74f5bda030b is started using port 34403
2019-10-10 18:46:16,092 [Datanode State Machine Thread - 0] INFO  server.XceiverServerGrpc (XceiverServerGrpc.java:start(149)) - XceiverServerGrpc c7b03e79-217d-4f3b-88bd-f74f5bda030b is started using port 36121
2019-10-10 18:46:16,139 [main] INFO  ozone.MiniOzoneClusterImpl (MiniOzoneClusterImpl.java:lambda$waitForClusterToBeReady$0(147)) - Waiting for cluster to be ready. Got 0 of 7 DN Heartbeats.
2019-10-10 18:46:16,153 [Datanode State Machine Thread - 0] INFO  ozoneimpl.OzoneContainer (OzoneContainer.java:start(213)) - Attempting to start container services.
2019-10-10 18:46:16,153 [Datanode State Machine Thread - 0] INFO  ozoneimpl.OzoneContainer (OzoneContainer.java:startContainerScrub(177)) - Background container scanner has been disabled.
2019-10-10 18:46:16,153 [Datanode State Machine Thread - 0] INFO  ratis.XceiverServerRatis (XceiverServerRatis.java:start(418)) - Starting XceiverServerRatis 8a124691-369b-4524-a82b-23c8c65c16f9 at port 0
2019-10-10 18:46:16,161 [Datanode State Machine Thread - 0] INFO  impl.RaftServerProxy (RaftServerProxy.java:lambda$start$3(299)) - 8a124691-369b-4524-a82b-23c8c65c16f9: start RPC server
2019-10-10 18:46:16,166 [Datanode State Machine Thread - 0] INFO  server.GrpcService (GrpcService.java:startImpl(158)) - 8a124691-369b-4524-a82b-23c8c65c16f9: GrpcService started, listening on 0.0.0.0/0.0.0.0:43114
2019-10-10 18:46:16,166 [Datanode State Machine Thread - 0] INFO  ratis.XceiverServerRatis (XceiverServerRatis.java:start(428)) - XceiverServerRatis 8a124691-369b-4524-a82b-23c8c65c16f9 is started using port 43114
2019-10-10 18:46:16,166 [Datanode State Machine Thread - 0] INFO  server.XceiverServerGrpc (XceiverServerGrpc.java:start(149)) - XceiverServerGrpc 8a124691-369b-4524-a82b-23c8c65c16f9 is started using port 33347
2019-10-10 18:46:17,139 [main] INFO  ozone.MiniOzoneClusterImpl (MiniOzoneClusterImpl.java:lambda$waitForClusterToBeReady$0(147)) - Waiting for cluster to be ready. Got 0 of 7 DN Heartbeats.
2019-10-10 18:46:17,552 [IPC Server handler 2 on 33659] INFO  net.NetworkTopology (NetworkTopologyImpl.java:add(111)) - Added a new node: /default-rack/f539186a-062d-4db6-9264-a61b4b21c70f
2019-10-10 18:46:17,555 [IPC Server handler 2 on 33659] INFO  node.SCMNodeManager (SCMNodeManager.java:register(268)) - Registered Data node : f539186a-062d-4db6-9264-a61b4b21c70f{ip: 192.168.164.239, host: pr-hdds-1986-hdr44-321838893, networkLocation: /default-rack, certSerialId: null}
2019-10-10 18:46:17,556 [EventQueue-NodeRegistrationContainerReportForDataNodeSafeModeRule] INFO  safemode.SCMSafeModeManager (DataNodeSafeModeRule.java:process(71)) - SCM in safe mode. 1 DataNodes registered, 1 required.
2019-10-10 18:46:17,560 [EventQueue-NodeRegistrationContainerReportForDataNodeSafeModeRule] INFO  safemode.SCMSafeModeManager (SCMSafeModeManager.java:validateSafeModeExitRules(177)) - ScmSafeModeManager, all rules are successfully validated
2019-10-10 18:46:17,560 [EventQueue-NodeRegistrationContainerReportForDataNodeSafeModeRule] INFO  safemode.SCMSafeModeManager (SCMSafeModeManager.java:exitSafeMode(193)) - SCM exiting safe mode.
2019-10-10 18:46:17,573 [grpc-default-executor-3] INFO  impl.RaftServerProxy (RaftServerProxy.java:addNew(89)) - f539186a-062d-4db6-9264-a61b4b21c70f: addNew group-BF85A3B800FB:[f539186a-062d-4db6-9264-a61b4b21c70f:192.168.164.239:32904] returns group-BF85A3B800FB:java.util.concurrent.CompletableFuture@4b0342f3[Not completed]
2019-10-10 18:46:17,575 [pool-383-thread-1] INFO  impl.RaftServerImpl (RaftServerImpl.java:<init>(95)) - f539186a-062d-4db6-9264-a61b4b21c70f: new RaftServerImpl for group-BF85A3B800FB:[f539186a-062d-4db6-9264-a61b4b21c70f:192.168.164.239:32904] with ContainerStateMachine:uninitialized
2019-10-10 18:46:17,575 [pool-383-thread-1] INFO  server.RaftServerConfigKeys (ConfUtils.java:logGet(43)) - raft.server.rpc.timeout.min = 5s (custom)
2019-10-10 18:46:17,575 [pool-383-thread-1] INFO  server.RaftServerConfigKeys (ConfUtils.java:logGet(43)) - raft.server.rpc.timeout.max = 5200ms (custom)
2019-10-10 18:46:17,575 [pool-383-thread-1] INFO  server.RaftServerConfigKeys (ConfUtils.java:logGet(43)) - raft.server.rpcslowness.timeout = 120s (custom)
2019-10-10 18:46:17,575 [pool-383-thread-1] INFO  server.RaftServerConfigKeys (ConfUtils.java:logGet(43)) - raft.server.sleep.deviation.threshold = 300 (default)
2019-10-10 18:46:17,576 [pool-383-thread-1] INFO  server.RaftServerConfigKeys (ConfUtils.java:logGet(43)) - raft.server.log.appender.install.snapshot.enabled = false (custom)
2019-10-10 18:46:17,576 [pool-383-thread-1] INFO  impl.RaftServerImpl (ServerState.java:<init>(103)) - f539186a-062d-4db6-9264-a61b4b21c70f@group-BF85A3B800FB: ConfigurationManager, init=-1: [f539186a-062d-4db6-9264-a61b4b21c70f:192.168.164.239:32904], old=null, confs=<EMPTY_MAP>
2019-10-10 18:46:17,576 [pool-383-thread-1] INFO  server.RaftServerConfigKeys (ConfUtils.java:logGet(43)) - raft.server.storage.dir = [/workdir/hadoop-ozone/integration-test/target/test-dir/MiniOzoneClusterImpl-9d54b50b-7c31-4a51-85ff-8b8e72266c23/datanode-0/data/ratis] (custom)
2019-10-10 18:46:17,576 [pool-383-thread-1] INFO  server.RaftServerConfigKeys (ConfUtils.java:logGet(43)) - raft.server.log.corruption.policy = EXCEPTION (default)
2019-10-10 18:46:17,577 [pool-383-thread-1] INFO  storage.RaftStorageDirectory (RaftStorageDirectory.java:analyzeStorage(246)) - The storage directory /workdir/hadoop-ozone/integration-test/target/test-dir/MiniOzoneClusterImpl-9d54b50b-7c31-4a51-85ff-8b8e72266c23/datanode-0/data/ratis/0eef961d-9fce-480d-ba1c-bf85a3b800fb does not exist. Creating ...
2019-10-10 18:46:17,600 [pool-383-thread-1] INFO  storage.RaftStorageDirectory (RaftStorageDirectory.java:tryLock(328)) - Lock on /workdir/hadoop-ozone/integration-test/target/test-dir/MiniOzoneClusterImpl-9d54b50b-7c31-4a51-85ff-8b8e72266c23/datanode-0/data/ratis/0eef961d-9fce-480d-ba1c-bf85a3b800fb/in_use.lock acquired by nodename 17270@pr-hdds-1986-hdr44-321838893
2019-10-10 18:46:17,623 [pool-383-thread-1] INFO  storage.RaftStorage (RaftStorage.java:format(84)) - Storage directory /workdir/hadoop-ozone/integration-test/target/test-dir/MiniOzoneClusterImpl-9d54b50b-7c31-4a51-85ff-8b8e72266c23/datanode-0/data/ratis/0eef961d-9fce-480d-ba1c-bf85a3b800fb has been successfully formatted.
2019-10-10 18:46:17,623 [pool-383-thread-1] INFO  ratis.ContainerStateMachine (ContainerStateMachine.java:loadSnapshot(231)) - group-BF85A3B800FB: The snapshot info is null. Setting the last applied indexto:(t:0, i:~)
2019-10-10 18:46:17,623 [pool-383-thread-1] INFO  server.RaftServerConfigKeys (ConfUtils.java:logGet(43)) - raft.server.notification.no-leader.timeout = 120s (custom)
2019-10-10 18:46:17,624 [pool-383-thread-1] INFO  server.RaftServerConfigKeys (ConfUtils.java:logGet(43)) - raft.server.log.use.memory = false (default)
2019-10-10 18:46:17,624 [pool-383-thread-1] INFO  server.RaftServerConfigKeys (ConfUtils.java:logGet(43)) - raft.server.log.purge.gap = 1000000 (custom)
2019-10-10 18:46:17,624 [pool-383-thread-1] INFO  server.RaftServerConfigKeys (ConfUtils.java:logGet(43)) - raft.server.log.appender.buffer.byte-limit = 33554432 (custom)
2019-10-10 18:46:17,624 [pool-383-thread-1] INFO  server.RaftServerConfigKeys (ConfUtils.java:logGet(43)) - raft.server.log.segment.size.max = 1048576 (custom)
2019-10-10 18:46:17,626 [pool-383-thread-1] INFO  server.RaftServerConfigKeys (ConfUtils.java:logGet(43)) - raft.server.log.segment.cache.num.max = 2 (custom)
2019-10-10 18:46:17,627 [pool-383-thread-1] INFO  segmented.SegmentedRaftLogWorker (SegmentedRaftLogWorker.java:<init>(173)) - new f539186a-062d-4db6-9264-a61b4b21c70f@group-BF85A3B800FB-SegmentedRaftLogWorker for RaftStorage:Storage Directory /workdir/hadoop-ozone/integration-test/target/test-dir/MiniOzoneClusterImpl-9d54b50b-7c31-4a51-85ff-8b8e72266c23/datanode-0/data/ratis/0eef961d-9fce-480d-ba1c-bf85a3b800fb
2019-10-10 18:46:17,627 [pool-383-thread-1] INFO  server.RaftServerConfigKeys (ConfUtils.java:logGet(43)) - raft.server.log.queue.byte-limit = 2147483647 (custom)
2019-10-10 18:46:17,627 [pool-383-thread-1] INFO  server.RaftServerConfigKeys (ConfUtils.java:logGet(43)) - raft.server.log.queue.element-limit = 1024 (custom)
2019-10-10 18:46:17,627 [pool-383-thread-1] INFO  server.RaftServerConfigKeys (ConfUtils.java:logGet(43)) - raft.server.log.segment.size.max = 1048576 (custom)
2019-10-10 18:46:17,627 [pool-383-thread-1] INFO  server.RaftServerConfigKeys (ConfUtils.java:logGet(43)) - raft.server.log.preallocated.size = 16384 (custom)
2019-10-10 18:46:17,627 [pool-383-thread-1] INFO  server.RaftServerConfigKeys (ConfUtils.java:logGet(43)) - raft.server.log.write.buffer.size = 33554432 (custom)
2019-10-10 18:46:17,627 [pool-383-thread-1] INFO  server.RaftServerConfigKeys (ConfUtils.java:logGet(43)) - raft.server.log.force.sync.num = 128 (default)
2019-10-10 18:46:17,628 [pool-383-thread-1] INFO  server.RaftServerConfigKeys (ConfUtils.java:logGet(43)) - raft.server.log.statemachine.data.sync = true (default)
2019-10-10 18:46:17,628 [pool-383-thread-1] INFO  server.RaftServerConfigKeys (ConfUtils.java:logGet(43)) - raft.server.log.statemachine.data.sync.timeout = 10s (default)
2019-10-10 18:46:17,628 [pool-383-thread-1] INFO  server.RaftServerConfigKeys (ConfUtils.java:logGet(43)) - raft.server.log.statemachine.data.sync.timeout.retry = -1 (default)
2019-10-10 18:46:17,628 [pool-383-thread-1] INFO  server.RaftServerConfigKeys (ConfUtils.java:logGet(43)) - raft.server.log.statemachine.data.caching.enabled = true (custom)
2019-10-10 18:46:17,629 [pool-383-thread-1] INFO  segmented.SegmentedRaftLogWorker (SegmentedRaftLogWorker.java:lambda$new$0(128)) - f539186a-062d-4db6-9264-a61b4b21c70f@group-BF85A3B800FB-SegmentedRaftLogWorker: flushIndex: setUnconditionally 0 -> -1
2019-10-10 18:46:17,629 [pool-383-thread-1] INFO  server.RaftServerConfigKeys (ConfUtils.java:logGet(43)) - raft.server.snapshot.auto.trigger.enabled = true (custom)
2019-10-10 18:46:17,629 [pool-383-thread-1] INFO  server.RaftServerConfigKeys (ConfUtils.java:logGet(43)) - raft.server.snapshot.auto.trigger.threshold = 10000 (custom)
2019-10-10 18:46:17,629 [pool-383-thread-1] INFO  server.RaftServerConfigKeys (ConfUtils.java:logGet(43)) - raft.server.snapshot.retention.file.num = 5 (custom)
2019-10-10 18:46:17,630 [pool-383-thread-1] INFO  server.RaftServerConfigKeys (ConfUtils.java:logGet(43)) - raft.server.retrycache.expirytime = 600000ms (custom)
2019-10-10 18:46:17,631 [pool-383-thread-1] INFO  impl.RaftServerImpl (RaftServerImpl.java:start(181)) - f539186a-062d-4db6-9264-a61b4b21c70f@group-BF85A3B800FB: start as a follower, conf=-1: [f539186a-062d-4db6-9264-a61b4b21c70f:192.168.164.239:32904], old=null
2019-10-10 18:46:17,631 [pool-383-thread-1] INFO  impl.RaftServerImpl (RaftServerImpl.java:setRole(170)) - f539186a-062d-4db6-9264-a61b4b21c70f@group-BF85A3B800FB: changes role from      null to FOLLOWER at term 0 for startAsFollower
2019-10-10 18:46:17,631 [pool-383-thread-1] INFO  impl.RoleInfo (RoleInfo.java:updateAndGet(143)) - f539186a-062d-4db6-9264-a61b4b21c70f: start FollowerState
2019-10-10 18:46:17,631 [pool-383-thread-1] INFO  util.JmxRegister (JmxRegister.java:tryRegister(44)) - Successfully registered JMX Bean with object name Ratis:service=RaftServer,group=group-BF85A3B800FB,id=f539186a-062d-4db6-9264-a61b4b21c70f
2019-10-10 18:46:17,636 [RatisPipelineUtilsThread] INFO  pipeline.PipelineStateManager (PipelineStateManager.java:addPipeline(56)) - Created pipeline Pipeline[ Id: 0eef961d-9fce-480d-ba1c-bf85a3b800fb, Nodes: f539186a-062d-4db6-9264-a61b4b21c70f{ip: 192.168.164.239, host: pr-hdds-1986-hdr44-321838893, networkLocation: /default-rack, certSerialId: null}, Type:RATIS, Factor:ONE, State:OPEN]
2019-10-10 18:46:17,653 [IPC Server handler 4 on 33659] INFO  net.NetworkTopology (NetworkTopologyImpl.java:add(111)) - Added a new node: /default-rack/453ab731-e9d7-4b51-a799-1b524241158f
2019-10-10 18:46:17,653 [IPC Server handler 4 on 33659] INFO  node.SCMNodeManager (SCMNodeManager.java:register(268)) - Registered Data node : 453ab731-e9d7-4b51-a799-1b524241158f{ip: 192.168.164.239, host: pr-hdds-1986-hdr44-321838893, networkLocation: /default-rack, certSerialId: null}
2019-10-10 18:46:17,661 [grpc-default-executor-3] INFO  impl.RaftServerProxy (RaftServerProxy.java:addNew(89)) - 453ab731-e9d7-4b51-a799-1b524241158f: addNew group-B94D44D23EC2:[453ab731-e9d7-4b51-a799-1b524241158f:192.168.164.239:43671] returns group-B94D44D23EC2:java.util.concurrent.CompletableFuture@6e4373f3[Not completed]
2019-10-10 18:46:17,662 [pool-393-thread-1] INFO  impl.RaftServerImpl (RaftServerImpl.java:<init>(95)) - 453ab731-e9d7-4b51-a799-1b524241158f: new RaftServerImpl for group-B94D44D23EC2:[453ab731-e9d7-4b51-a799-1b524241158f:192.168.164.239:43671] with ContainerStateMachine:uninitialized
2019-10-10 18:46:17,662 [pool-393-thread-1] INFO  server.RaftServerConfigKeys (ConfUtils.java:logGet(43)) - raft.server.rpc.timeout.min = 5s (custom)
2019-10-10 18:46:17,662 [pool-393-thread-1] INFO  server.RaftServerConfigKeys (ConfUtils.java:logGet(43)) - raft.server.rpc.timeout.max = 5200ms (custom)
2019-10-10 18:46:17,663 [pool-393-thread-1] INFO  server.RaftServerConfigKeys (ConfUtils.java:logGet(43)) - raft.server.rpcslowness.timeout = 120s (custom)
2019-10-10 18:46:17,663 [pool-393-thread-1] INFO  server.RaftServerConfigKeys (ConfUtils.java:logGet(43)) - raft.server.sleep.deviation.threshold = 300 (default)
2019-10-10 18:46:17,663 [pool-393-thread-1] INFO  server.RaftServerConfigKeys (ConfUtils.java:logGet(43)) - raft.server.log.appender.install.snapshot.enabled = false (custom)
2019-10-10 18:46:17,663 [pool-393-thread-1] INFO  impl.RaftServerImpl (ServerState.java:<init>(103)) - 453ab731-e9d7-4b51-a799-1b524241158f@group-B94D44D23EC2: ConfigurationManager, init=-1: [453ab731-e9d7-4b51-a799-1b524241158f:192.168.164.239:43671], old=null, confs=<EMPTY_MAP>
2019-10-10 18:46:17,663 [pool-393-thread-1] INFO  server.RaftServerConfigKeys (ConfUtils.java:logGet(43)) - raft.server.storage.dir = [/workdir/hadoop-ozone/integration-test/target/test-dir/MiniOzoneClusterImpl-9d54b50b-7c31-4a51-85ff-8b8e72266c23/datanode-1/data/ratis] (custom)
2019-10-10 18:46:17,663 [pool-393-thread-1] INFO  server.RaftServerConfigKeys (ConfUtils.java:logGet(43)) - raft.server.log.corruption.policy = EXCEPTION (default)
2019-10-10 18:46:17,663 [pool-393-thread-1] INFO  storage.RaftStorageDirectory (RaftStorageDirectory.java:analyzeStorage(246)) - The storage directory /workdir/hadoop-ozone/integration-test/target/test-dir/MiniOzoneClusterImpl-9d54b50b-7c31-4a51-85ff-8b8e72266c23/datanode-1/data/ratis/3e7289f0-3025-4d00-bd9b-b94d44d23ec2 does not exist. Creating ...
2019-10-10 18:46:17,677 [grpc-default-executor-0] WARN  server.GrpcLogAppender (LogUtils.java:warn(134)) - 1efb21a3-f684-468a-b169-b6be23b2e470@group-E02D28FB7DD5->56c7f49a-0896-472f-aa97-bf6ea0e1870f-AppendLogResponseHandler: Failed appendEntries: org.apache.ratis.thirdparty.io.grpc.StatusRuntimeException: UNAVAILABLE: io exception
2019-10-10 18:46:17,678 [grpc-default-executor-0] INFO  impl.FollowerInfo (FollowerInfo.java:lambda$new$0(51)) - 1efb21a3-f684-468a-b169-b6be23b2e470@group-E02D28FB7DD5->56c7f49a-0896-472f-aa97-bf6ea0e1870f: nextIndex: updateUnconditionally 0 -> 0
2019-10-10 18:46:17,678 [grpc-default-executor-0] WARN  server.GrpcLogAppender (LogUtils.java:warn(134)) - 1efb21a3-f684-468a-b169-b6be23b2e470@group-E02D28FB7DD5->beaf6bb1-9637-4bc7-baee-c1d101cc238c-AppendLogResponseHandler: Failed appendEntries: org.apache.ratis.thirdparty.io.grpc.StatusRuntimeException: UNAVAILABLE: io exception
2019-10-10 18:46:17,678 [grpc-default-executor-0] INFO  impl.FollowerInfo (FollowerInfo.java:lambda$new$0(51)) - 1efb21a3-f684-468a-b169-b6be23b2e470@group-E02D28FB7DD5->beaf6bb1-9637-4bc7-baee-c1d101cc238c: nextIndex: updateUnconditionally 0 -> 0
2019-10-10 18:46:17,686 [pool-393-thread-1] INFO  storage.RaftStorageDirectory (RaftStorageDirectory.java:tryLock(328)) - Lock on /workdir/hadoop-ozone/integration-test/target/test-dir/MiniOzoneClusterImpl-9d54b50b-7c31-4a51-85ff-8b8e72266c23/datanode-1/data/ratis/3e7289f0-3025-4d00-bd9b-b94d44d23ec2/in_use.lock acquired by nodename 17270@pr-hdds-1986-hdr44-321838893
2019-10-10 18:46:17,704 [pool-393-thread-1] INFO  storage.RaftStorage (RaftStorage.java:format(84)) - Storage directory /workdir/hadoop-ozone/integration-test/target/test-dir/MiniOzoneClusterImpl-9d54b50b-7c31-4a51-85ff-8b8e72266c23/datanode-1/data/ratis/3e7289f0-3025-4d00-bd9b-b94d44d23ec2 has been successfully formatted.
2019-10-10 18:46:17,705 [pool-393-thread-1] INFO  ratis.ContainerStateMachine (ContainerStateMachine.java:loadSnapshot(231)) - group-B94D44D23EC2: The snapshot info is null. Setting the last applied indexto:(t:0, i:~)
2019-10-10 18:46:17,705 [pool-393-thread-1] INFO  server.RaftServerConfigKeys (ConfUtils.java:logGet(43)) - raft.server.notification.no-leader.timeout = 120s (custom)
2019-10-10 18:46:17,705 [pool-393-thread-1] INFO  server.RaftServerConfigKeys (ConfUtils.java:logGet(43)) - raft.server.log.use.memory = false (default)
2019-10-10 18:46:17,705 [pool-393-thread-1] INFO  server.RaftServerConfigKeys (ConfUtils.java:logGet(43)) - raft.server.log.purge.gap = 1000000 (custom)
2019-10-10 18:46:17,705 [pool-393-thread-1] INFO  server.RaftServerConfigKeys (ConfUtils.java:logGet(43)) - raft.server.log.appender.buffer.byte-limit = 33554432 (custom)
2019-10-10 18:46:17,705 [pool-393-thread-1] INFO  server.RaftServerConfigKeys (ConfUtils.java:logGet(43)) - raft.server.log.segment.size.max = 1048576 (custom)
2019-10-10 18:46:17,706 [pool-393-thread-1] INFO  server.RaftServerConfigKeys (ConfUtils.java:logGet(43)) - raft.server.log.segment.cache.num.max = 2 (custom)
2019-10-10 18:46:17,706 [pool-393-thread-1] INFO  segmented.SegmentedRaftLogWorker (SegmentedRaftLogWorker.java:<init>(173)) - new 453ab731-e9d7-4b51-a799-1b524241158f@group-B94D44D23EC2-SegmentedRaftLogWorker for RaftStorage:Storage Directory /workdir/hadoop-ozone/integration-test/target/test-dir/MiniOzoneClusterImpl-9d54b50b-7c31-4a51-85ff-8b8e72266c23/datanode-1/data/ratis/3e7289f0-3025-4d00-bd9b-b94d44d23ec2
2019-10-10 18:46:17,707 [pool-393-thread-1] INFO  server.RaftServerConfigKeys (ConfUtils.java:logGet(43)) - raft.server.log.queue.byte-limit = 2147483647 (custom)
2019-10-10 18:46:17,707 [pool-393-thread-1] INFO  server.RaftServerConfigKeys (ConfUtils.java:logGet(43)) - raft.server.log.queue.element-limit = 1024 (custom)
2019-10-10 18:46:17,707 [pool-393-thread-1] INFO  server.RaftServerConfigKeys (ConfUtils.java:logGet(43)) - raft.server.log.segment.size.max = 1048576 (custom)
2019-10-10 18:46:17,707 [pool-393-thread-1] INFO  server.RaftServerConfigKeys (ConfUtils.java:logGet(43)) - raft.server.log.preallocated.size = 16384 (custom)
2019-10-10 18:46:17,707 [pool-393-thread-1] INFO  server.RaftServerConfigKeys (ConfUtils.java:logGet(43)) - raft.server.log.write.buffer.size = 33554432 (custom)
2019-10-10 18:46:17,707 [pool-393-thread-1] INFO  server.RaftServerConfigKeys (ConfUtils.java:logGet(43)) - raft.server.log.force.sync.num = 128 (default)
2019-10-10 18:46:17,707 [pool-393-thread-1] INFO  server.RaftServerConfigKeys (ConfUtils.java:logGet(43)) - raft.server.log.statemachine.data.sync = true (default)
2019-10-10 18:46:17,707 [pool-393-thread-1] INFO  server.RaftServerConfigKeys (ConfUtils.java:logGet(43)) - raft.server.log.statemachine.data.sync.timeout = 10s (default)
2019-10-10 18:46:17,707 [pool-393-thread-1] INFO  server.RaftServerConfigKeys (ConfUtils.java:logGet(43)) - raft.server.log.statemachine.data.sync.timeout.retry = -1 (default)
2019-10-10 18:46:17,708 [pool-393-thread-1] INFO  server.RaftServerConfigKeys (ConfUtils.java:logGet(43)) - raft.server.log.statemachine.data.caching.enabled = true (custom)
2019-10-10 18:46:17,708 [pool-393-thread-1] INFO  segmented.SegmentedRaftLogWorker (SegmentedRaftLogWorker.java:lambda$new$0(128)) - 453ab731-e9d7-4b51-a799-1b524241158f@group-B94D44D23EC2-SegmentedRaftLogWorker: flushIndex: setUnconditionally 0 -> -1
2019-10-10 18:46:17,708 [pool-393-thread-1] INFO  server.RaftServerConfigKeys (ConfUtils.java:logGet(43)) - raft.server.snapshot.auto.trigger.enabled = true (custom)
2019-10-10 18:46:17,708 [pool-393-thread-1] INFO  server.RaftServerConfigKeys (ConfUtils.java:logGet(43)) - raft.server.snapshot.auto.trigger.threshold = 10000 (custom)
2019-10-10 18:46:17,708 [pool-393-thread-1] INFO  server.RaftServerConfigKeys (ConfUtils.java:logGet(43)) - raft.server.snapshot.retention.file.num = 5 (custom)
2019-10-10 18:46:17,708 [pool-393-thread-1] INFO  server.RaftServerConfigKeys (ConfUtils.java:logGet(43)) - raft.server.retrycache.expirytime = 600000ms (custom)
2019-10-10 18:46:17,709 [pool-393-thread-1] INFO  impl.RaftServerImpl (RaftServerImpl.java:start(181)) - 453ab731-e9d7-4b51-a799-1b524241158f@group-B94D44D23EC2: start as a follower, conf=-1: [453ab731-e9d7-4b51-a799-1b524241158f:192.168.164.239:43671], old=null
2019-10-10 18:46:17,709 [pool-393-thread-1] INFO  impl.RaftServerImpl (RaftServerImpl.java:setRole(170)) - 453ab731-e9d7-4b51-a799-1b524241158f@group-B94D44D23EC2: changes role from      null to FOLLOWER at term 0 for startAsFollower
2019-10-10 18:46:17,709 [pool-393-thread-1] INFO  impl.RoleInfo (RoleInfo.java:updateAndGet(143)) - 453ab731-e9d7-4b51-a799-1b524241158f: start FollowerState
2019-10-10 18:46:17,710 [pool-393-thread-1] INFO  util.JmxRegister (JmxRegister.java:tryRegister(44)) - Successfully registered JMX Bean with object name Ratis:service=RaftServer,group=group-B94D44D23EC2,id=453ab731-e9d7-4b51-a799-1b524241158f
2019-10-10 18:46:17,712 [RatisPipelineUtilsThread] INFO  pipeline.PipelineStateManager (PipelineStateManager.java:addPipeline(56)) - Created pipeline Pipeline[ Id: 3e7289f0-3025-4d00-bd9b-b94d44d23ec2, Nodes: 453ab731-e9d7-4b51-a799-1b524241158f{ip: 192.168.164.239, host: pr-hdds-1986-hdr44-321838893, networkLocation: /default-rack, certSerialId: null}, Type:RATIS, Factor:ONE, State:OPEN]
2019-10-10 18:46:17,762 [IPC Server handler 3 on 33659] INFO  net.NetworkTopology (NetworkTopologyImpl.java:add(111)) - Added a new node: /default-rack/92990ffb-9a6c-4ccd-afcc-37afd3c6fa21
2019-10-10 18:46:17,763 [IPC Server handler 3 on 33659] INFO  node.SCMNodeManager (SCMNodeManager.java:register(268)) - Registered Data node : 92990ffb-9a6c-4ccd-afcc-37afd3c6fa21{ip: 192.168.164.239, host: pr-hdds-1986-hdr44-321838893, networkLocation: /default-rack, certSerialId: null}
2019-10-10 18:46:17,777 [grpc-default-executor-0] INFO  impl.RaftServerProxy (RaftServerProxy.java:addNew(89)) - 92990ffb-9a6c-4ccd-afcc-37afd3c6fa21: addNew group-6203C27A0F42:[92990ffb-9a6c-4ccd-afcc-37afd3c6fa21:192.168.164.239:41703] returns group-6203C27A0F42:java.util.concurrent.CompletableFuture@1b235e44[Not completed]
2019-10-10 18:46:17,778 [pool-403-thread-1] INFO  impl.RaftServerImpl (RaftServerImpl.java:<init>(95)) - 92990ffb-9a6c-4ccd-afcc-37afd3c6fa21: new RaftServerImpl for group-6203C27A0F42:[92990ffb-9a6c-4ccd-afcc-37afd3c6fa21:192.168.164.239:41703] with ContainerStateMachine:uninitialized
2019-10-10 18:46:17,779 [pool-403-thread-1] INFO  server.RaftServerConfigKeys (ConfUtils.java:logGet(43)) - raft.server.rpc.timeout.min = 5s (custom)
2019-10-10 18:46:17,779 [pool-403-thread-1] INFO  server.RaftServerConfigKeys (ConfUtils.java:logGet(43)) - raft.server.rpc.timeout.max = 5200ms (custom)
2019-10-10 18:46:17,779 [pool-403-thread-1] INFO  server.RaftServerConfigKeys (ConfUtils.java:logGet(43)) - raft.server.rpcslowness.timeout = 120s (custom)
2019-10-10 18:46:17,779 [pool-403-thread-1] INFO  server.RaftServerConfigKeys (ConfUtils.java:logGet(43)) - raft.server.sleep.deviation.threshold = 300 (default)
2019-10-10 18:46:17,779 [pool-403-thread-1] INFO  server.RaftServerConfigKeys (ConfUtils.java:logGet(43)) - raft.server.log.appender.install.snapshot.enabled = false (custom)
2019-10-10 18:46:17,779 [pool-403-thread-1] INFO  impl.RaftServerImpl (ServerState.java:<init>(103)) - 92990ffb-9a6c-4ccd-afcc-37afd3c6fa21@group-6203C27A0F42: ConfigurationManager, init=-1: [92990ffb-9a6c-4ccd-afcc-37afd3c6fa21:192.168.164.239:41703], old=null, confs=<EMPTY_MAP>
2019-10-10 18:46:17,779 [pool-403-thread-1] INFO  server.RaftServerConfigKeys (ConfUtils.java:logGet(43)) - raft.server.storage.dir = [/workdir/hadoop-ozone/integration-test/target/test-dir/MiniOzoneClusterImpl-9d54b50b-7c31-4a51-85ff-8b8e72266c23/datanode-2/data/ratis] (custom)
2019-10-10 18:46:17,779 [pool-403-thread-1] INFO  server.RaftServerConfigKeys (ConfUtils.java:logGet(43)) - raft.server.log.corruption.policy = EXCEPTION (default)
2019-10-10 18:46:17,779 [pool-403-thread-1] INFO  storage.RaftStorageDirectory (RaftStorageDirectory.java:analyzeStorage(246)) - The storage directory /workdir/hadoop-ozone/integration-test/target/test-dir/MiniOzoneClusterImpl-9d54b50b-7c31-4a51-85ff-8b8e72266c23/datanode-2/data/ratis/4ba890ea-4deb-4d0b-a711-6203c27a0f42 does not exist. Creating ...
2019-10-10 18:46:17,792 [pool-403-thread-1] INFO  storage.RaftStorageDirectory (RaftStorageDirectory.java:tryLock(328)) - Lock on /workdir/hadoop-ozone/integration-test/target/test-dir/MiniOzoneClusterImpl-9d54b50b-7c31-4a51-85ff-8b8e72266c23/datanode-2/data/ratis/4ba890ea-4deb-4d0b-a711-6203c27a0f42/in_use.lock acquired by nodename 17270@pr-hdds-1986-hdr44-321838893
2019-10-10 18:46:17,806 [pool-403-thread-1] INFO  storage.RaftStorage (RaftStorage.java:format(84)) - Storage directory /workdir/hadoop-ozone/integration-test/target/test-dir/MiniOzoneClusterImpl-9d54b50b-7c31-4a51-85ff-8b8e72266c23/datanode-2/data/ratis/4ba890ea-4deb-4d0b-a711-6203c27a0f42 has been successfully formatted.
2019-10-10 18:46:17,806 [pool-403-thread-1] INFO  ratis.ContainerStateMachine (ContainerStateMachine.java:loadSnapshot(231)) - group-6203C27A0F42: The snapshot info is null. Setting the last applied indexto:(t:0, i:~)
2019-10-10 18:46:17,806 [pool-403-thread-1] INFO  server.RaftServerConfigKeys (ConfUtils.java:logGet(43)) - raft.server.notification.no-leader.timeout = 120s (custom)
2019-10-10 18:46:17,807 [pool-403-thread-1] INFO  server.RaftServerConfigKeys (ConfUtils.java:logGet(43)) - raft.server.log.use.memory = false (default)
2019-10-10 18:46:17,807 [pool-403-thread-1] INFO  server.RaftServerConfigKeys (ConfUtils.java:logGet(43)) - raft.server.log.purge.gap = 1000000 (custom)
2019-10-10 18:46:17,807 [pool-403-thread-1] INFO  server.RaftServerConfigKeys (ConfUtils.java:logGet(43)) - raft.server.log.appender.buffer.byte-limit = 33554432 (custom)
2019-10-10 18:46:17,807 [pool-403-thread-1] INFO  server.RaftServerConfigKeys (ConfUtils.java:logGet(43)) - raft.server.log.segment.size.max = 1048576 (custom)
2019-10-10 18:46:17,809 [pool-403-thread-1] INFO  server.RaftServerConfigKeys (ConfUtils.java:logGet(43)) - raft.server.log.segment.cache.num.max = 2 (custom)
2019-10-10 18:46:17,810 [pool-403-thread-1] INFO  segmented.SegmentedRaftLogWorker (SegmentedRaftLogWorker.java:<init>(173)) - new 92990ffb-9a6c-4ccd-afcc-37afd3c6fa21@group-6203C27A0F42-SegmentedRaftLogWorker for RaftStorage:Storage Directory /workdir/hadoop-ozone/integration-test/target/test-dir/MiniOzoneClusterImpl-9d54b50b-7c31-4a51-85ff-8b8e72266c23/datanode-2/data/ratis/4ba890ea-4deb-4d0b-a711-6203c27a0f42
2019-10-10 18:46:17,810 [pool-403-thread-1] INFO  server.RaftServerConfigKeys (ConfUtils.java:logGet(43)) - raft.server.log.queue.byte-limit = 2147483647 (custom)
2019-10-10 18:46:17,810 [pool-403-thread-1] INFO  server.RaftServerConfigKeys (ConfUtils.java:logGet(43)) - raft.server.log.queue.element-limit = 1024 (custom)
2019-10-10 18:46:17,810 [pool-403-thread-1] INFO  server.RaftServerConfigKeys (ConfUtils.java:logGet(43)) - raft.server.log.segment.size.max = 1048576 (custom)
2019-10-10 18:46:17,810 [pool-403-thread-1] INFO  server.RaftServerConfigKeys (ConfUtils.java:logGet(43)) - raft.server.log.preallocated.size = 16384 (custom)
2019-10-10 18:46:17,810 [pool-403-thread-1] INFO  server.RaftServerConfigKeys (ConfUtils.java:logGet(43)) - raft.server.log.write.buffer.size = 33554432 (custom)
2019-10-10 18:46:17,811 [pool-403-thread-1] INFO  server.RaftServerConfigKeys (ConfUtils.java:logGet(43)) - raft.server.log.force.sync.num = 128 (default)
2019-10-10 18:46:17,811 [pool-403-thread-1] INFO  server.RaftServerConfigKeys (ConfUtils.java:logGet(43)) - raft.server.log.statemachine.data.sync = true (default)
2019-10-10 18:46:17,811 [pool-403-thread-1] INFO  server.RaftServerConfigKeys (ConfUtils.java:logGet(43)) - raft.server.log.statemachine.data.sync.timeout = 10s (default)
2019-10-10 18:46:17,811 [pool-403-thread-1] INFO  server.RaftServerConfigKeys (ConfUtils.java:logGet(43)) - raft.server.log.statemachine.data.sync.timeout.retry = -1 (default)
2019-10-10 18:46:17,811 [pool-403-thread-1] INFO  server.RaftServerConfigKeys (ConfUtils.java:logGet(43)) - raft.server.log.statemachine.data.caching.enabled = true (custom)
2019-10-10 18:46:17,812 [pool-403-thread-1] INFO  segmented.SegmentedRaftLogWorker (SegmentedRaftLogWorker.java:lambda$new$0(128)) - 92990ffb-9a6c-4ccd-afcc-37afd3c6fa21@group-6203C27A0F42-SegmentedRaftLogWorker: flushIndex: setUnconditionally 0 -> -1
2019-10-10 18:46:17,812 [pool-403-thread-1] INFO  server.RaftServerConfigKeys (ConfUtils.java:logGet(43)) - raft.server.snapshot.auto.trigger.enabled = true (custom)
2019-10-10 18:46:17,813 [pool-403-thread-1] INFO  server.RaftServerConfigKeys (ConfUtils.java:logGet(43)) - raft.server.snapshot.auto.trigger.threshold = 10000 (custom)
2019-10-10 18:46:17,813 [pool-403-thread-1] INFO  server.RaftServerConfigKeys (ConfUtils.java:logGet(43)) - raft.server.snapshot.retention.file.num = 5 (custom)
2019-10-10 18:46:17,813 [pool-403-thread-1] INFO  server.RaftServerConfigKeys (ConfUtils.java:logGet(43)) - raft.server.retrycache.expirytime = 600000ms (custom)
2019-10-10 18:46:17,817 [pool-403-thread-1] INFO  impl.RaftServerImpl (RaftServerImpl.java:start(181)) - 92990ffb-9a6c-4ccd-afcc-37afd3c6fa21@group-6203C27A0F42: start as a follower, conf=-1: [92990ffb-9a6c-4ccd-afcc-37afd3c6fa21:192.168.164.239:41703], old=null
2019-10-10 18:46:17,817 [pool-403-thread-1] INFO  impl.RaftServerImpl (RaftServerImpl.java:setRole(170)) - 92990ffb-9a6c-4ccd-afcc-37afd3c6fa21@group-6203C27A0F42: changes role from      null to FOLLOWER at term 0 for startAsFollower
2019-10-10 18:46:17,817 [pool-403-thread-1] INFO  impl.RoleInfo (RoleInfo.java:updateAndGet(143)) - 92990ffb-9a6c-4ccd-afcc-37afd3c6fa21: start FollowerState
2019-10-10 18:46:17,817 [pool-403-thread-1] INFO  util.JmxRegister (JmxRegister.java:tryRegister(44)) - Successfully registered JMX Bean with object name Ratis:service=RaftServer,group=group-6203C27A0F42,id=92990ffb-9a6c-4ccd-afcc-37afd3c6fa21
2019-10-10 18:46:17,827 [RatisPipelineUtilsThread] INFO  pipeline.PipelineStateManager (PipelineStateManager.java:addPipeline(56)) - Created pipeline Pipeline[ Id: 4ba890ea-4deb-4d0b-a711-6203c27a0f42, Nodes: 92990ffb-9a6c-4ccd-afcc-37afd3c6fa21{ip: 192.168.164.239, host: pr-hdds-1986-hdr44-321838893, networkLocation: /default-rack, certSerialId: null}, Type:RATIS, Factor:ONE, State:OPEN]
2019-10-10 18:46:17,858 [grpc-default-executor-3] INFO  impl.RaftServerProxy (RaftServerProxy.java:addNew(89)) - f539186a-062d-4db6-9264-a61b4b21c70f: addNew group-E6A29F0D38F4:[453ab731-e9d7-4b51-a799-1b524241158f:192.168.164.239:43671, 92990ffb-9a6c-4ccd-afcc-37afd3c6fa21:192.168.164.239:41703, f539186a-062d-4db6-9264-a61b4b21c70f:192.168.164.239:32904] returns group-E6A29F0D38F4:java.util.concurrent.CompletableFuture@256abd2e[Not completed]
2019-10-10 18:46:17,858 [grpc-default-executor-7] INFO  impl.RaftServerProxy (RaftServerProxy.java:addNew(89)) - 92990ffb-9a6c-4ccd-afcc-37afd3c6fa21: addNew group-E6A29F0D38F4:[453ab731-e9d7-4b51-a799-1b524241158f:192.168.164.239:43671, 92990ffb-9a6c-4ccd-afcc-37afd3c6fa21:192.168.164.239:41703, f539186a-062d-4db6-9264-a61b4b21c70f:192.168.164.239:32904] returns group-E6A29F0D38F4:java.util.concurrent.CompletableFuture@2e694f82[Not completed]
2019-10-10 18:46:17,858 [grpc-default-executor-0] INFO  impl.RaftServerProxy (RaftServerProxy.java:addNew(89)) - 453ab731-e9d7-4b51-a799-1b524241158f: addNew group-E6A29F0D38F4:[453ab731-e9d7-4b51-a799-1b524241158f:192.168.164.239:43671, 92990ffb-9a6c-4ccd-afcc-37afd3c6fa21:192.168.164.239:41703, f539186a-062d-4db6-9264-a61b4b21c70f:192.168.164.239:32904] returns group-E6A29F0D38F4:java.util.concurrent.CompletableFuture@8f37fb[Not completed]
2019-10-10 18:46:17,860 [pool-383-thread-1] INFO  impl.RaftServerImpl (RaftServerImpl.java:<init>(95)) - f539186a-062d-4db6-9264-a61b4b21c70f: new RaftServerImpl for group-E6A29F0D38F4:[453ab731-e9d7-4b51-a799-1b524241158f:192.168.164.239:43671, 92990ffb-9a6c-4ccd-afcc-37afd3c6fa21:192.168.164.239:41703, f539186a-062d-4db6-9264-a61b4b21c70f:192.168.164.239:32904] with ContainerStateMachine:uninitialized
2019-10-10 18:46:17,860 [pool-383-thread-1] INFO  server.RaftServerConfigKeys (ConfUtils.java:logGet(43)) - raft.server.rpc.timeout.min = 5s (custom)
2019-10-10 18:46:17,860 [pool-383-thread-1] INFO  server.RaftServerConfigKeys (ConfUtils.java:logGet(43)) - raft.server.rpc.timeout.max = 5200ms (custom)
2019-10-10 18:46:17,860 [pool-383-thread-1] INFO  server.RaftServerConfigKeys (ConfUtils.java:logGet(43)) - raft.server.rpcslowness.timeout = 120s (custom)
2019-10-10 18:46:17,860 [pool-383-thread-1] INFO  server.RaftServerConfigKeys (ConfUtils.java:logGet(43)) - raft.server.sleep.deviation.threshold = 300 (default)
2019-10-10 18:46:17,860 [pool-383-thread-1] INFO  server.RaftServerConfigKeys (ConfUtils.java:logGet(43)) - raft.server.log.appender.install.snapshot.enabled = false (custom)
2019-10-10 18:46:17,861 [pool-383-thread-1] INFO  impl.RaftServerImpl (ServerState.java:<init>(103)) - f539186a-062d-4db6-9264-a61b4b21c70f@group-E6A29F0D38F4: ConfigurationManager, init=-1: [453ab731-e9d7-4b51-a799-1b524241158f:192.168.164.239:43671, 92990ffb-9a6c-4ccd-afcc-37afd3c6fa21:192.168.164.239:41703, f539186a-062d-4db6-9264-a61b4b21c70f:192.168.164.239:32904], old=null, confs=<EMPTY_MAP>
2019-10-10 18:46:17,861 [pool-383-thread-1] INFO  server.RaftServerConfigKeys (ConfUtils.java:logGet(43)) - raft.server.storage.dir = [/workdir/hadoop-ozone/integration-test/target/test-dir/MiniOzoneClusterImpl-9d54b50b-7c31-4a51-85ff-8b8e72266c23/datanode-0/data/ratis] (custom)
2019-10-10 18:46:17,861 [pool-383-thread-1] INFO  server.RaftServerConfigKeys (ConfUtils.java:logGet(43)) - raft.server.log.corruption.policy = EXCEPTION (default)
2019-10-10 18:46:17,860 [pool-403-thread-1] INFO  impl.RaftServerImpl (RaftServerImpl.java:<init>(95)) - 92990ffb-9a6c-4ccd-afcc-37afd3c6fa21: new RaftServerImpl for group-E6A29F0D38F4:[453ab731-e9d7-4b51-a799-1b524241158f:192.168.164.239:43671, 92990ffb-9a6c-4ccd-afcc-37afd3c6fa21:192.168.164.239:41703, f539186a-062d-4db6-9264-a61b4b21c70f:192.168.164.239:32904] with ContainerStateMachine:uninitialized
2019-10-10 18:46:17,861 [pool-393-thread-1] INFO  impl.RaftServerImpl (RaftServerImpl.java:<init>(95)) - 453ab731-e9d7-4b51-a799-1b524241158f: new RaftServerImpl for group-E6A29F0D38F4:[453ab731-e9d7-4b51-a799-1b524241158f:192.168.164.239:43671, 92990ffb-9a6c-4ccd-afcc-37afd3c6fa21:192.168.164.239:41703, f539186a-062d-4db6-9264-a61b4b21c70f:192.168.164.239:32904] with ContainerStateMachine:uninitialized
2019-10-10 18:46:17,861 [pool-383-thread-1] INFO  storage.RaftStorageDirectory (RaftStorageDirectory.java:analyzeStorage(246)) - The storage directory /workdir/hadoop-ozone/integration-test/target/test-dir/MiniOzoneClusterImpl-9d54b50b-7c31-4a51-85ff-8b8e72266c23/datanode-0/data/ratis/8e8d0dc3-2eb1-4dad-968d-e6a29f0d38f4 does not exist. Creating ...
2019-10-10 18:46:17,861 [pool-403-thread-1] INFO  server.RaftServerConfigKeys (ConfUtils.java:logGet(43)) - raft.server.rpc.timeout.min = 5s (custom)
2019-10-10 18:46:17,861 [pool-393-thread-1] INFO  server.RaftServerConfigKeys (ConfUtils.java:logGet(43)) - raft.server.rpc.timeout.min = 5s (custom)
2019-10-10 18:46:17,862 [pool-393-thread-1] INFO  server.RaftServerConfigKeys (ConfUtils.java:logGet(43)) - raft.server.rpc.timeout.max = 5200ms (custom)
2019-10-10 18:46:17,863 [pool-393-thread-1] INFO  server.RaftServerConfigKeys (ConfUtils.java:logGet(43)) - raft.server.rpcslowness.timeout = 120s (custom)
2019-10-10 18:46:17,863 [pool-393-thread-1] INFO  server.RaftServerConfigKeys (ConfUtils.java:logGet(43)) - raft.server.sleep.deviation.threshold = 300 (default)
2019-10-10 18:46:17,863 [pool-393-thread-1] INFO  server.RaftServerConfigKeys (ConfUtils.java:logGet(43)) - raft.server.log.appender.install.snapshot.enabled = false (custom)
2019-10-10 18:46:17,863 [pool-393-thread-1] INFO  impl.RaftServerImpl (ServerState.java:<init>(103)) - 453ab731-e9d7-4b51-a799-1b524241158f@group-E6A29F0D38F4: ConfigurationManager, init=-1: [453ab731-e9d7-4b51-a799-1b524241158f:192.168.164.239:43671, 92990ffb-9a6c-4ccd-afcc-37afd3c6fa21:192.168.164.239:41703, f539186a-062d-4db6-9264-a61b4b21c70f:192.168.164.239:32904], old=null, confs=<EMPTY_MAP>
2019-10-10 18:46:17,863 [pool-393-thread-1] INFO  server.RaftServerConfigKeys (ConfUtils.java:logGet(43)) - raft.server.storage.dir = [/workdir/hadoop-ozone/integration-test/target/test-dir/MiniOzoneClusterImpl-9d54b50b-7c31-4a51-85ff-8b8e72266c23/datanode-1/data/ratis] (custom)
2019-10-10 18:46:17,862 [pool-403-thread-1] INFO  server.RaftServerConfigKeys (ConfUtils.java:logGet(43)) - raft.server.rpc.timeout.max = 5200ms (custom)
2019-10-10 18:46:17,863 [pool-393-thread-1] INFO  server.RaftServerConfigKeys (ConfUtils.java:logGet(43)) - raft.server.log.corruption.policy = EXCEPTION (default)
2019-10-10 18:46:17,864 [pool-393-thread-1] INFO  storage.RaftStorageDirectory (RaftStorageDirectory.java:analyzeStorage(246)) - The storage directory /workdir/hadoop-ozone/integration-test/target/test-dir/MiniOzoneClusterImpl-9d54b50b-7c31-4a51-85ff-8b8e72266c23/datanode-1/data/ratis/8e8d0dc3-2eb1-4dad-968d-e6a29f0d38f4 does not exist. Creating ...
2019-10-10 18:46:17,863 [pool-403-thread-1] INFO  server.RaftServerConfigKeys (ConfUtils.java:logGet(43)) - raft.server.rpcslowness.timeout = 120s (custom)
2019-10-10 18:46:17,864 [pool-403-thread-1] INFO  server.RaftServerConfigKeys (ConfUtils.java:logGet(43)) - raft.server.sleep.deviation.threshold = 300 (default)
2019-10-10 18:46:17,864 [pool-403-thread-1] INFO  server.RaftServerConfigKeys (ConfUtils.java:logGet(43)) - raft.server.log.appender.install.snapshot.enabled = false (custom)
2019-10-10 18:46:17,865 [pool-403-thread-1] INFO  impl.RaftServerImpl (ServerState.java:<init>(103)) - 92990ffb-9a6c-4ccd-afcc-37afd3c6fa21@group-E6A29F0D38F4: ConfigurationManager, init=-1: [453ab731-e9d7-4b51-a799-1b524241158f:192.168.164.239:43671, 92990ffb-9a6c-4ccd-afcc-37afd3c6fa21:192.168.164.239:41703, f539186a-062d-4db6-9264-a61b4b21c70f:192.168.164.239:32904], old=null, confs=<EMPTY_MAP>
2019-10-10 18:46:17,865 [pool-403-thread-1] INFO  server.RaftServerConfigKeys (ConfUtils.java:logGet(43)) - raft.server.storage.dir = [/workdir/hadoop-ozone/integration-test/target/test-dir/MiniOzoneClusterImpl-9d54b50b-7c31-4a51-85ff-8b8e72266c23/datanode-2/data/ratis] (custom)
2019-10-10 18:46:17,865 [pool-403-thread-1] INFO  server.RaftServerConfigKeys (ConfUtils.java:logGet(43)) - raft.server.log.corruption.policy = EXCEPTION (default)
2019-10-10 18:46:17,865 [pool-403-thread-1] INFO  storage.RaftStorageDirectory (RaftStorageDirectory.java:analyzeStorage(246)) - The storage directory /workdir/hadoop-ozone/integration-test/target/test-dir/MiniOzoneClusterImpl-9d54b50b-7c31-4a51-85ff-8b8e72266c23/datanode-2/data/ratis/8e8d0dc3-2eb1-4dad-968d-e6a29f0d38f4 does not exist. Creating ...
2019-10-10 18:46:17,873 [IPC Server handler 1 on 33659] INFO  net.NetworkTopology (NetworkTopologyImpl.java:add(111)) - Added a new node: /default-rack/96160b23-b1a6-4556-ac3d-28187ce5cd38
2019-10-10 18:46:17,874 [IPC Server handler 1 on 33659] INFO  node.SCMNodeManager (SCMNodeManager.java:register(268)) - Registered Data node : 96160b23-b1a6-4556-ac3d-28187ce5cd38{ip: 192.168.164.239, host: pr-hdds-1986-hdr44-321838893, networkLocation: /default-rack, certSerialId: null}
2019-10-10 18:46:17,875 [pool-393-thread-1] INFO  storage.RaftStorageDirectory (RaftStorageDirectory.java:tryLock(328)) - Lock on /workdir/hadoop-ozone/integration-test/target/test-dir/MiniOzoneClusterImpl-9d54b50b-7c31-4a51-85ff-8b8e72266c23/datanode-1/data/ratis/8e8d0dc3-2eb1-4dad-968d-e6a29f0d38f4/in_use.lock acquired by nodename 17270@pr-hdds-1986-hdr44-321838893
2019-10-10 18:46:17,875 [pool-403-thread-1] INFO  storage.RaftStorageDirectory (RaftStorageDirectory.java:tryLock(328)) - Lock on /workdir/hadoop-ozone/integration-test/target/test-dir/MiniOzoneClusterImpl-9d54b50b-7c31-4a51-85ff-8b8e72266c23/datanode-2/data/ratis/8e8d0dc3-2eb1-4dad-968d-e6a29f0d38f4/in_use.lock acquired by nodename 17270@pr-hdds-1986-hdr44-321838893
2019-10-10 18:46:17,875 [pool-383-thread-1] INFO  storage.RaftStorageDirectory (RaftStorageDirectory.java:tryLock(328)) - Lock on /workdir/hadoop-ozone/integration-test/target/test-dir/MiniOzoneClusterImpl-9d54b50b-7c31-4a51-85ff-8b8e72266c23/datanode-0/data/ratis/8e8d0dc3-2eb1-4dad-968d-e6a29f0d38f4/in_use.lock acquired by nodename 17270@pr-hdds-1986-hdr44-321838893
2019-10-10 18:46:17,902 [pool-393-thread-1] INFO  storage.RaftStorage (RaftStorage.java:format(84)) - Storage directory /workdir/hadoop-ozone/integration-test/target/test-dir/MiniOzoneClusterImpl-9d54b50b-7c31-4a51-85ff-8b8e72266c23/datanode-1/data/ratis/8e8d0dc3-2eb1-4dad-968d-e6a29f0d38f4 has been successfully formatted.
2019-10-10 18:46:17,902 [pool-383-thread-1] INFO  storage.RaftStorage (RaftStorage.java:format(84)) - Storage directory /workdir/hadoop-ozone/integration-test/target/test-dir/MiniOzoneClusterImpl-9d54b50b-7c31-4a51-85ff-8b8e72266c23/datanode-0/data/ratis/8e8d0dc3-2eb1-4dad-968d-e6a29f0d38f4 has been successfully formatted.
2019-10-10 18:46:17,902 [pool-403-thread-1] INFO  storage.RaftStorage (RaftStorage.java:format(84)) - Storage directory /workdir/hadoop-ozone/integration-test/target/test-dir/MiniOzoneClusterImpl-9d54b50b-7c31-4a51-85ff-8b8e72266c23/datanode-2/data/ratis/8e8d0dc3-2eb1-4dad-968d-e6a29f0d38f4 has been successfully formatted.
2019-10-10 18:46:17,902 [pool-383-thread-1] INFO  ratis.ContainerStateMachine (ContainerStateMachine.java:loadSnapshot(231)) - group-E6A29F0D38F4: The snapshot info is null. Setting the last applied indexto:(t:0, i:~)
2019-10-10 18:46:17,902 [pool-393-thread-1] INFO  ratis.ContainerStateMachine (ContainerStateMachine.java:loadSnapshot(231)) - group-E6A29F0D38F4: The snapshot info is null. Setting the last applied indexto:(t:0, i:~)
2019-10-10 18:46:17,902 [pool-383-thread-1] INFO  server.RaftServerConfigKeys (ConfUtils.java:logGet(43)) - raft.server.notification.no-leader.timeout = 120s (custom)
2019-10-10 18:46:17,903 [pool-383-thread-1] INFO  server.RaftServerConfigKeys (ConfUtils.java:logGet(43)) - raft.server.log.use.memory = false (default)
2019-10-10 18:46:17,902 [pool-403-thread-1] INFO  ratis.ContainerStateMachine (ContainerStateMachine.java:loadSnapshot(231)) - group-E6A29F0D38F4: The snapshot info is null. Setting the last applied indexto:(t:0, i:~)
2019-10-10 18:46:17,903 [pool-383-thread-1] INFO  server.RaftServerConfigKeys (ConfUtils.java:logGet(43)) - raft.server.log.purge.gap = 1000000 (custom)
2019-10-10 18:46:17,903 [pool-393-thread-1] INFO  server.RaftServerConfigKeys (ConfUtils.java:logGet(43)) - raft.server.notification.no-leader.timeout = 120s (custom)
2019-10-10 18:46:17,903 [pool-383-thread-1] INFO  server.RaftServerConfigKeys (ConfUtils.java:logGet(43)) - raft.server.log.appender.buffer.byte-limit = 33554432 (custom)
2019-10-10 18:46:17,903 [pool-403-thread-1] INFO  server.RaftServerConfigKeys (ConfUtils.java:logGet(43)) - raft.server.notification.no-leader.timeout = 120s (custom)
2019-10-10 18:46:17,903 [pool-383-thread-1] INFO  server.RaftServerConfigKeys (ConfUtils.java:logGet(43)) - raft.server.log.segment.size.max = 1048576 (custom)
2019-10-10 18:46:17,903 [pool-393-thread-1] INFO  server.RaftServerConfigKeys (ConfUtils.java:logGet(43)) - raft.server.log.use.memory = false (default)
2019-10-10 18:46:17,904 [pool-383-thread-1] INFO  server.RaftServerConfigKeys (ConfUtils.java:logGet(43)) - raft.server.log.segment.cache.num.max = 2 (custom)
2019-10-10 18:46:17,904 [pool-403-thread-1] INFO  server.RaftServerConfigKeys (ConfUtils.java:logGet(43)) - raft.server.log.use.memory = false (default)
2019-10-10 18:46:17,904 [pool-383-thread-1] INFO  segmented.SegmentedRaftLogWorker (SegmentedRaftLogWorker.java:<init>(173)) - new f539186a-062d-4db6-9264-a61b4b21c70f@group-E6A29F0D38F4-SegmentedRaftLogWorker for RaftStorage:Storage Directory /workdir/hadoop-ozone/integration-test/target/test-dir/MiniOzoneClusterImpl-9d54b50b-7c31-4a51-85ff-8b8e72266c23/datanode-0/data/ratis/8e8d0dc3-2eb1-4dad-968d-e6a29f0d38f4
2019-10-10 18:46:17,904 [pool-393-thread-1] INFO  server.RaftServerConfigKeys (ConfUtils.java:logGet(43)) - raft.server.log.purge.gap = 1000000 (custom)
2019-10-10 18:46:17,904 [pool-383-thread-1] INFO  server.RaftServerConfigKeys (ConfUtils.java:logGet(43)) - raft.server.log.queue.byte-limit = 2147483647 (custom)
2019-10-10 18:46:17,904 [pool-383-thread-1] INFO  server.RaftServerConfigKeys (ConfUtils.java:logGet(43)) - raft.server.log.queue.element-limit = 1024 (custom)
2019-10-10 18:46:17,904 [pool-403-thread-1] INFO  server.RaftServerConfigKeys (ConfUtils.java:logGet(43)) - raft.server.log.purge.gap = 1000000 (custom)
2019-10-10 18:46:17,905 [pool-383-thread-1] INFO  server.RaftServerConfigKeys (ConfUtils.java:logGet(43)) - raft.server.log.segment.size.max = 1048576 (custom)
2019-10-10 18:46:17,904 [pool-393-thread-1] INFO  server.RaftServerConfigKeys (ConfUtils.java:logGet(43)) - raft.server.log.appender.buffer.byte-limit = 33554432 (custom)
2019-10-10 18:46:17,905 [pool-383-thread-1] INFO  server.RaftServerConfigKeys (ConfUtils.java:logGet(43)) - raft.server.log.preallocated.size = 16384 (custom)
2019-10-10 18:46:17,905 [pool-383-thread-1] INFO  server.RaftServerConfigKeys (ConfUtils.java:logGet(43)) - raft.server.log.write.buffer.size = 33554432 (custom)
2019-10-10 18:46:17,905 [pool-383-thread-1] INFO  server.RaftServerConfigKeys (ConfUtils.java:logGet(43)) - raft.server.log.force.sync.num = 128 (default)
2019-10-10 18:46:17,905 [pool-383-thread-1] INFO  server.RaftServerConfigKeys (ConfUtils.java:logGet(43)) - raft.server.log.statemachine.data.sync = true (default)
2019-10-10 18:46:17,905 [pool-383-thread-1] INFO  server.RaftServerConfigKeys (ConfUtils.java:logGet(43)) - raft.server.log.statemachine.data.sync.timeout = 10s (default)
2019-10-10 18:46:17,906 [pool-383-thread-1] INFO  server.RaftServerConfigKeys (ConfUtils.java:logGet(43)) - raft.server.log.statemachine.data.sync.timeout.retry = -1 (default)
2019-10-10 18:46:17,905 [pool-403-thread-1] INFO  server.RaftServerConfigKeys (ConfUtils.java:logGet(43)) - raft.server.log.appender.buffer.byte-limit = 33554432 (custom)
2019-10-10 18:46:17,906 [pool-383-thread-1] INFO  server.RaftServerConfigKeys (ConfUtils.java:logGet(43)) - raft.server.log.statemachine.data.caching.enabled = true (custom)
2019-10-10 18:46:17,905 [pool-393-thread-1] INFO  server.RaftServerConfigKeys (ConfUtils.java:logGet(43)) - raft.server.log.segment.size.max = 1048576 (custom)
2019-10-10 18:46:17,906 [pool-403-thread-1] INFO  server.RaftServerConfigKeys (ConfUtils.java:logGet(43)) - raft.server.log.segment.size.max = 1048576 (custom)
2019-10-10 18:46:17,906 [pool-383-thread-1] INFO  segmented.SegmentedRaftLogWorker (SegmentedRaftLogWorker.java:lambda$new$0(128)) - f539186a-062d-4db6-9264-a61b4b21c70f@group-E6A29F0D38F4-SegmentedRaftLogWorker: flushIndex: setUnconditionally 0 -> -1
2019-10-10 18:46:17,906 [pool-393-thread-1] INFO  server.RaftServerConfigKeys (ConfUtils.java:logGet(43)) - raft.server.log.segment.cache.num.max = 2 (custom)
2019-10-10 18:46:17,907 [pool-393-thread-1] INFO  segmented.SegmentedRaftLogWorker (SegmentedRaftLogWorker.java:<init>(173)) - new 453ab731-e9d7-4b51-a799-1b524241158f@group-E6A29F0D38F4-SegmentedRaftLogWorker for RaftStorage:Storage Directory /workdir/hadoop-ozone/integration-test/target/test-dir/MiniOzoneClusterImpl-9d54b50b-7c31-4a51-85ff-8b8e72266c23/datanode-1/data/ratis/8e8d0dc3-2eb1-4dad-968d-e6a29f0d38f4
2019-10-10 18:46:17,907 [pool-393-thread-1] INFO  server.RaftServerConfigKeys (ConfUtils.java:logGet(43)) - raft.server.log.queue.byte-limit = 2147483647 (custom)
2019-10-10 18:46:17,907 [pool-393-thread-1] INFO  server.RaftServerConfigKeys (ConfUtils.java:logGet(43)) - raft.server.log.queue.element-limit = 1024 (custom)
2019-10-10 18:46:17,906 [pool-403-thread-1] INFO  server.RaftServerConfigKeys (ConfUtils.java:logGet(43)) - raft.server.log.segment.cache.num.max = 2 (custom)
2019-10-10 18:46:17,907 [pool-393-thread-1] INFO  server.RaftServerConfigKeys (ConfUtils.java:logGet(43)) - raft.server.log.segment.size.max = 1048576 (custom)
2019-10-10 18:46:17,907 [pool-393-thread-1] INFO  server.RaftServerConfigKeys (ConfUtils.java:logGet(43)) - raft.server.log.preallocated.size = 16384 (custom)
2019-10-10 18:46:17,907 [pool-393-thread-1] INFO  server.RaftServerConfigKeys (ConfUtils.java:logGet(43)) - raft.server.log.write.buffer.size = 33554432 (custom)
2019-10-10 18:46:17,908 [pool-393-thread-1] INFO  server.RaftServerConfigKeys (ConfUtils.java:logGet(43)) - raft.server.log.force.sync.num = 128 (default)
2019-10-10 18:46:17,908 [pool-393-thread-1] INFO  server.RaftServerConfigKeys (ConfUtils.java:logGet(43)) - raft.server.log.statemachine.data.sync = true (default)
2019-10-10 18:46:17,908 [pool-393-thread-1] INFO  server.RaftServerConfigKeys (ConfUtils.java:logGet(43)) - raft.server.log.statemachine.data.sync.timeout = 10s (default)
2019-10-10 18:46:17,908 [pool-393-thread-1] INFO  server.RaftServerConfigKeys (ConfUtils.java:logGet(43)) - raft.server.log.statemachine.data.sync.timeout.retry = -1 (default)
2019-10-10 18:46:17,907 [pool-403-thread-1] INFO  segmented.SegmentedRaftLogWorker (SegmentedRaftLogWorker.java:<init>(173)) - new 92990ffb-9a6c-4ccd-afcc-37afd3c6fa21@group-E6A29F0D38F4-SegmentedRaftLogWorker for RaftStorage:Storage Directory /workdir/hadoop-ozone/integration-test/target/test-dir/MiniOzoneClusterImpl-9d54b50b-7c31-4a51-85ff-8b8e72266c23/datanode-2/data/ratis/8e8d0dc3-2eb1-4dad-968d-e6a29f0d38f4
2019-10-10 18:46:17,908 [pool-393-thread-1] INFO  server.RaftServerConfigKeys (ConfUtils.java:logGet(43)) - raft.server.log.statemachine.data.caching.enabled = true (custom)
2019-10-10 18:46:17,909 [pool-393-thread-1] INFO  segmented.SegmentedRaftLogWorker (SegmentedRaftLogWorker.java:lambda$new$0(128)) - 453ab731-e9d7-4b51-a799-1b524241158f@group-E6A29F0D38F4-SegmentedRaftLogWorker: flushIndex: setUnconditionally 0 -> -1
2019-10-10 18:46:17,907 [pool-383-thread-1] INFO  server.RaftServerConfigKeys (ConfUtils.java:logGet(43)) - raft.server.snapshot.auto.trigger.enabled = true (custom)
2019-10-10 18:46:17,908 [pool-403-thread-1] INFO  server.RaftServerConfigKeys (ConfUtils.java:logGet(43)) - raft.server.log.queue.byte-limit = 2147483647 (custom)
2019-10-10 18:46:17,910 [pool-403-thread-1] INFO  server.RaftServerConfigKeys (ConfUtils.java:logGet(43)) - raft.server.log.queue.element-limit = 1024 (custom)
2019-10-10 18:46:17,910 [pool-403-thread-1] INFO  server.RaftServerConfigKeys (ConfUtils.java:logGet(43)) - raft.server.log.segment.size.max = 1048576 (custom)
2019-10-10 18:46:17,910 [pool-403-thread-1] INFO  server.RaftServerConfigKeys (ConfUtils.java:logGet(43)) - raft.server.log.preallocated.size = 16384 (custom)
2019-10-10 18:46:17,910 [pool-403-thread-1] INFO  server.RaftServerConfigKeys (ConfUtils.java:logGet(43)) - raft.server.log.write.buffer.size = 33554432 (custom)
2019-10-10 18:46:17,910 [pool-403-thread-1] INFO  server.RaftServerConfigKeys (ConfUtils.java:logGet(43)) - raft.server.log.force.sync.num = 128 (default)
2019-10-10 18:46:17,910 [pool-403-thread-1] INFO  server.RaftServerConfigKeys (ConfUtils.java:logGet(43)) - raft.server.log.statemachine.data.sync = true (default)
2019-10-10 18:46:17,911 [pool-403-thread-1] INFO  server.RaftServerConfigKeys (ConfUtils.java:logGet(43)) - raft.server.log.statemachine.data.sync.timeout = 10s (default)
2019-10-10 18:46:17,911 [pool-403-thread-1] INFO  server.RaftServerConfigKeys (ConfUtils.java:logGet(43)) - raft.server.log.statemachine.data.sync.timeout.retry = -1 (default)
2019-10-10 18:46:17,911 [pool-403-thread-1] INFO  server.RaftServerConfigKeys (ConfUtils.java:logGet(43)) - raft.server.log.statemachine.data.caching.enabled = true (custom)
2019-10-10 18:46:17,911 [pool-403-thread-1] INFO  segmented.SegmentedRaftLogWorker (SegmentedRaftLogWorker.java:lambda$new$0(128)) - 92990ffb-9a6c-4ccd-afcc-37afd3c6fa21@group-E6A29F0D38F4-SegmentedRaftLogWorker: flushIndex: setUnconditionally 0 -> -1
2019-10-10 18:46:17,909 [pool-383-thread-1] INFO  server.RaftServerConfigKeys (ConfUtils.java:logGet(43)) - raft.server.snapshot.auto.trigger.threshold = 10000 (custom)
2019-10-10 18:46:17,910 [pool-393-thread-1] INFO  server.RaftServerConfigKeys (ConfUtils.java:logGet(43)) - raft.server.snapshot.auto.trigger.enabled = true (custom)
2019-10-10 18:46:17,913 [pool-393-thread-1] INFO  server.RaftServerConfigKeys (ConfUtils.java:logGet(43)) - raft.server.snapshot.auto.trigger.threshold = 10000 (custom)
2019-10-10 18:46:17,913 [pool-393-thread-1] INFO  server.RaftServerConfigKeys (ConfUtils.java:logGet(43)) - raft.server.snapshot.retention.file.num = 5 (custom)
2019-10-10 18:46:17,913 [pool-383-thread-1] INFO  server.RaftServerConfigKeys (ConfUtils.java:logGet(43)) - raft.server.snapshot.retention.file.num = 5 (custom)
2019-10-10 18:46:17,913 [pool-383-thread-1] INFO  server.RaftServerConfigKeys (ConfUtils.java:logGet(43)) - raft.server.retrycache.expirytime = 600000ms (custom)
2019-10-10 18:46:17,913 [pool-403-thread-1] INFO  server.RaftServerConfigKeys (ConfUtils.java:logGet(43)) - raft.server.snapshot.auto.trigger.enabled = true (custom)
2019-10-10 18:46:17,913 [pool-393-thread-1] INFO  server.RaftServerConfigKeys (ConfUtils.java:logGet(43)) - raft.server.retrycache.expirytime = 600000ms (custom)
2019-10-10 18:46:17,914 [pool-403-thread-1] INFO  server.RaftServerConfigKeys (ConfUtils.java:logGet(43)) - raft.server.snapshot.auto.trigger.threshold = 10000 (custom)
2019-10-10 18:46:17,915 [pool-403-thread-1] INFO  server.RaftServerConfigKeys (ConfUtils.java:logGet(43)) - raft.server.snapshot.retention.file.num = 5 (custom)
2019-10-10 18:46:17,918 [pool-393-thread-1] INFO  impl.RaftServerImpl (RaftServerImpl.java:start(181)) - 453ab731-e9d7-4b51-a799-1b524241158f@group-E6A29F0D38F4: start as a follower, conf=-1: [453ab731-e9d7-4b51-a799-1b524241158f:192.168.164.239:43671, 92990ffb-9a6c-4ccd-afcc-37afd3c6fa21:192.168.164.239:41703, f539186a-062d-4db6-9264-a61b4b21c70f:192.168.164.239:32904], old=null
2019-10-10 18:46:17,923 [pool-393-thread-1] INFO  impl.RaftServerImpl (RaftServerImpl.java:setRole(170)) - 453ab731-e9d7-4b51-a799-1b524241158f@group-E6A29F0D38F4: changes role from      null to FOLLOWER at term 0 for startAsFollower
2019-10-10 18:46:17,923 [pool-383-thread-1] INFO  impl.RaftServerImpl (RaftServerImpl.java:start(181)) - f539186a-062d-4db6-9264-a61b4b21c70f@group-E6A29F0D38F4: start as a follower, conf=-1: [453ab731-e9d7-4b51-a799-1b524241158f:192.168.164.239:43671, 92990ffb-9a6c-4ccd-afcc-37afd3c6fa21:192.168.164.239:41703, f539186a-062d-4db6-9264-a61b4b21c70f:192.168.164.239:32904], old=null
2019-10-10 18:46:17,923 [pool-383-thread-1] INFO  impl.RaftServerImpl (RaftServerImpl.java:setRole(170)) - f539186a-062d-4db6-9264-a61b4b21c70f@group-E6A29F0D38F4: changes role from      null to FOLLOWER at term 0 for startAsFollower
2019-10-10 18:46:17,923 [pool-393-thread-1] INFO  impl.RoleInfo (RoleInfo.java:updateAndGet(143)) - 453ab731-e9d7-4b51-a799-1b524241158f: start FollowerState
2019-10-10 18:46:17,923 [pool-383-thread-1] INFO  impl.RoleInfo (RoleInfo.java:updateAndGet(143)) - f539186a-062d-4db6-9264-a61b4b21c70f: start FollowerState
2019-10-10 18:46:17,924 [pool-393-thread-1] INFO  util.JmxRegister (JmxRegister.java:tryRegister(44)) - Successfully registered JMX Bean with object name Ratis:service=RaftServer,group=group-E6A29F0D38F4,id=453ab731-e9d7-4b51-a799-1b524241158f
2019-10-10 18:46:17,925 [pool-403-thread-1] INFO  server.RaftServerConfigKeys (ConfUtils.java:logGet(43)) - raft.server.retrycache.expirytime = 600000ms (custom)
2019-10-10 18:46:17,931 [pool-403-thread-1] INFO  impl.RaftServerImpl (RaftServerImpl.java:start(181)) - 92990ffb-9a6c-4ccd-afcc-37afd3c6fa21@group-E6A29F0D38F4: start as a follower, conf=-1: [453ab731-e9d7-4b51-a799-1b524241158f:192.168.164.239:43671, 92990ffb-9a6c-4ccd-afcc-37afd3c6fa21:192.168.164.239:41703, f539186a-062d-4db6-9264-a61b4b21c70f:192.168.164.239:32904], old=null
2019-10-10 18:46:17,931 [pool-403-thread-1] INFO  impl.RaftServerImpl (RaftServerImpl.java:setRole(170)) - 92990ffb-9a6c-4ccd-afcc-37afd3c6fa21@group-E6A29F0D38F4: changes role from      null to FOLLOWER at term 0 for startAsFollower
2019-10-10 18:46:17,931 [pool-383-thread-1] INFO  util.JmxRegister (JmxRegister.java:tryRegister(44)) - Successfully registered JMX Bean with object name Ratis:service=RaftServer,group=group-E6A29F0D38F4,id=f539186a-062d-4db6-9264-a61b4b21c70f
2019-10-10 18:46:17,931 [pool-403-thread-1] INFO  impl.RoleInfo (RoleInfo.java:updateAndGet(143)) - 92990ffb-9a6c-4ccd-afcc-37afd3c6fa21: start FollowerState
2019-10-10 18:46:17,936 [pool-403-thread-1] INFO  util.JmxRegister (JmxRegister.java:tryRegister(44)) - Successfully registered JMX Bean with object name Ratis:service=RaftServer,group=group-E6A29F0D38F4,id=92990ffb-9a6c-4ccd-afcc-37afd3c6fa21
2019-10-10 18:46:17,957 [RatisPipelineUtilsThread] INFO  pipeline.PipelineStateManager (PipelineStateManager.java:addPipeline(56)) - Created pipeline Pipeline[ Id: 8e8d0dc3-2eb1-4dad-968d-e6a29f0d38f4, Nodes: 92990ffb-9a6c-4ccd-afcc-37afd3c6fa21{ip: 192.168.164.239, host: pr-hdds-1986-hdr44-321838893, networkLocation: /default-rack, certSerialId: null}453ab731-e9d7-4b51-a799-1b524241158f{ip: 192.168.164.239, host: pr-hdds-1986-hdr44-321838893, networkLocation: /default-rack, certSerialId: null}f539186a-062d-4db6-9264-a61b4b21c70f{ip: 192.168.164.239, host: pr-hdds-1986-hdr44-321838893, networkLocation: /default-rack, certSerialId: null}, Type:RATIS, Factor:THREE, State:OPEN]
2019-10-10 18:46:17,966 [IPC Server handler 6 on 33659] INFO  net.NetworkTopology (NetworkTopologyImpl.java:add(111)) - Added a new node: /default-rack/0b82082f-2c23-4fb8-80b3-54e89e328117
2019-10-10 18:46:17,966 [IPC Server handler 6 on 33659] INFO  node.SCMNodeManager (SCMNodeManager.java:register(268)) - Registered Data node : 0b82082f-2c23-4fb8-80b3-54e89e328117{ip: 192.168.164.239, host: pr-hdds-1986-hdr44-321838893, networkLocation: /default-rack, certSerialId: null}
2019-10-10 18:46:17,982 [grpc-default-executor-7] INFO  impl.RaftServerProxy (RaftServerProxy.java:addNew(89)) - 0b82082f-2c23-4fb8-80b3-54e89e328117: addNew group-08D23B2A075E:[0b82082f-2c23-4fb8-80b3-54e89e328117:192.168.164.239:39078] returns group-08D23B2A075E:java.util.concurrent.CompletableFuture@3e46d393[Not completed]
2019-10-10 18:46:17,985 [pool-423-thread-1] INFO  impl.RaftServerImpl (RaftServerImpl.java:<init>(95)) - 0b82082f-2c23-4fb8-80b3-54e89e328117: new RaftServerImpl for group-08D23B2A075E:[0b82082f-2c23-4fb8-80b3-54e89e328117:192.168.164.239:39078] with ContainerStateMachine:uninitialized
2019-10-10 18:46:17,985 [pool-423-thread-1] INFO  server.RaftServerConfigKeys (ConfUtils.java:logGet(43)) - raft.server.rpc.timeout.min = 5s (custom)
2019-10-10 18:46:17,985 [pool-423-thread-1] INFO  server.RaftServerConfigKeys (ConfUtils.java:logGet(43)) - raft.server.rpc.timeout.max = 5200ms (custom)
2019-10-10 18:46:17,985 [pool-423-thread-1] INFO  server.RaftServerConfigKeys (ConfUtils.java:logGet(43)) - raft.server.rpcslowness.timeout = 120s (custom)
2019-10-10 18:46:17,985 [pool-423-thread-1] INFO  server.RaftServerConfigKeys (ConfUtils.java:logGet(43)) - raft.server.sleep.deviation.threshold = 300 (default)
2019-10-10 18:46:17,985 [pool-423-thread-1] INFO  server.RaftServerConfigKeys (ConfUtils.java:logGet(43)) - raft.server.log.appender.install.snapshot.enabled = false (custom)
2019-10-10 18:46:17,986 [pool-423-thread-1] INFO  impl.RaftServerImpl (ServerState.java:<init>(103)) - 0b82082f-2c23-4fb8-80b3-54e89e328117@group-08D23B2A075E: ConfigurationManager, init=-1: [0b82082f-2c23-4fb8-80b3-54e89e328117:192.168.164.239:39078], old=null, confs=<EMPTY_MAP>
2019-10-10 18:46:17,986 [pool-423-thread-1] INFO  server.RaftServerConfigKeys (ConfUtils.java:logGet(43)) - raft.server.storage.dir = [/workdir/hadoop-ozone/integration-test/target/test-dir/MiniOzoneClusterImpl-9d54b50b-7c31-4a51-85ff-8b8e72266c23/datanode-4/data/ratis] (custom)
2019-10-10 18:46:17,986 [pool-423-thread-1] INFO  server.RaftServerConfigKeys (ConfUtils.java:logGet(43)) - raft.server.log.corruption.policy = EXCEPTION (default)
2019-10-10 18:46:17,986 [pool-423-thread-1] INFO  storage.RaftStorageDirectory (RaftStorageDirectory.java:analyzeStorage(246)) - The storage directory /workdir/hadoop-ozone/integration-test/target/test-dir/MiniOzoneClusterImpl-9d54b50b-7c31-4a51-85ff-8b8e72266c23/datanode-4/data/ratis/b99e8308-615f-42a9-9b76-08d23b2a075e does not exist. Creating ...
2019-10-10 18:46:18,010 [pool-423-thread-1] INFO  storage.RaftStorageDirectory (RaftStorageDirectory.java:tryLock(328)) - Lock on /workdir/hadoop-ozone/integration-test/target/test-dir/MiniOzoneClusterImpl-9d54b50b-7c31-4a51-85ff-8b8e72266c23/datanode-4/data/ratis/b99e8308-615f-42a9-9b76-08d23b2a075e/in_use.lock acquired by nodename 17270@pr-hdds-1986-hdr44-321838893
2019-10-10 18:46:18,034 [pool-423-thread-1] INFO  storage.RaftStorage (RaftStorage.java:format(84)) - Storage directory /workdir/hadoop-ozone/integration-test/target/test-dir/MiniOzoneClusterImpl-9d54b50b-7c31-4a51-85ff-8b8e72266c23/datanode-4/data/ratis/b99e8308-615f-42a9-9b76-08d23b2a075e has been successfully formatted.
2019-10-10 18:46:18,034 [pool-423-thread-1] INFO  ratis.ContainerStateMachine (ContainerStateMachine.java:loadSnapshot(231)) - group-08D23B2A075E: The snapshot info is null. Setting the last applied indexto:(t:0, i:~)
2019-10-10 18:46:18,034 [pool-423-thread-1] INFO  server.RaftServerConfigKeys (ConfUtils.java:logGet(43)) - raft.server.notification.no-leader.timeout = 120s (custom)
2019-10-10 18:46:18,034 [pool-423-thread-1] INFO  server.RaftServerConfigKeys (ConfUtils.java:logGet(43)) - raft.server.log.use.memory = false (default)
2019-10-10 18:46:18,035 [pool-423-thread-1] INFO  server.RaftServerConfigKeys (ConfUtils.java:logGet(43)) - raft.server.log.purge.gap = 1000000 (custom)
2019-10-10 18:46:18,035 [pool-423-thread-1] INFO  server.RaftServerConfigKeys (ConfUtils.java:logGet(43)) - raft.server.log.appender.buffer.byte-limit = 33554432 (custom)
2019-10-10 18:46:18,035 [pool-423-thread-1] INFO  server.RaftServerConfigKeys (ConfUtils.java:logGet(43)) - raft.server.log.segment.size.max = 1048576 (custom)
2019-10-10 18:46:18,037 [pool-423-thread-1] INFO  server.RaftServerConfigKeys (ConfUtils.java:logGet(43)) - raft.server.log.segment.cache.num.max = 2 (custom)
2019-10-10 18:46:18,037 [pool-423-thread-1] INFO  segmented.SegmentedRaftLogWorker (SegmentedRaftLogWorker.java:<init>(173)) - new 0b82082f-2c23-4fb8-80b3-54e89e328117@group-08D23B2A075E-SegmentedRaftLogWorker for RaftStorage:Storage Directory /workdir/hadoop-ozone/integration-test/target/test-dir/MiniOzoneClusterImpl-9d54b50b-7c31-4a51-85ff-8b8e72266c23/datanode-4/data/ratis/b99e8308-615f-42a9-9b76-08d23b2a075e
2019-10-10 18:46:18,037 [pool-423-thread-1] INFO  server.RaftServerConfigKeys (ConfUtils.java:logGet(43)) - raft.server.log.queue.byte-limit = 2147483647 (custom)
2019-10-10 18:46:18,037 [pool-423-thread-1] INFO  server.RaftServerConfigKeys (ConfUtils.java:logGet(43)) - raft.server.log.queue.element-limit = 1024 (custom)
2019-10-10 18:46:18,037 [pool-423-thread-1] INFO  server.RaftServerConfigKeys (ConfUtils.java:logGet(43)) - raft.server.log.segment.size.max = 1048576 (custom)
2019-10-10 18:46:18,037 [pool-423-thread-1] INFO  server.RaftServerConfigKeys (ConfUtils.java:logGet(43)) - raft.server.log.preallocated.size = 16384 (custom)
2019-10-10 18:46:18,037 [pool-423-thread-1] INFO  server.RaftServerConfigKeys (ConfUtils.java:logGet(43)) - raft.server.log.write.buffer.size = 33554432 (custom)
2019-10-10 18:46:18,037 [pool-423-thread-1] INFO  server.RaftServerConfigKeys (ConfUtils.java:logGet(43)) - raft.server.log.force.sync.num = 128 (default)
2019-10-10 18:46:18,038 [pool-423-thread-1] INFO  server.RaftServerConfigKeys (ConfUtils.java:logGet(43)) - raft.server.log.statemachine.data.sync = true (default)
2019-10-10 18:46:18,038 [pool-423-thread-1] INFO  server.RaftServerConfigKeys (ConfUtils.java:logGet(43)) - raft.server.log.statemachine.data.sync.timeout = 10s (default)
2019-10-10 18:46:18,038 [pool-423-thread-1] INFO  server.RaftServerConfigKeys (ConfUtils.java:logGet(43)) - raft.server.log.statemachine.data.sync.timeout.retry = -1 (default)
2019-10-10 18:46:18,038 [pool-423-thread-1] INFO  server.RaftServerConfigKeys (ConfUtils.java:logGet(43)) - raft.server.log.statemachine.data.caching.enabled = true (custom)
2019-10-10 18:46:18,039 [pool-423-thread-1] INFO  segmented.SegmentedRaftLogWorker (SegmentedRaftLogWorker.java:lambda$new$0(128)) - 0b82082f-2c23-4fb8-80b3-54e89e328117@group-08D23B2A075E-SegmentedRaftLogWorker: flushIndex: setUnconditionally 0 -> -1
2019-10-10 18:46:18,039 [pool-423-thread-1] INFO  server.RaftServerConfigKeys (ConfUtils.java:logGet(43)) - raft.server.snapshot.auto.trigger.enabled = true (custom)
2019-10-10 18:46:18,039 [pool-423-thread-1] INFO  server.RaftServerConfigKeys (ConfUtils.java:logGet(43)) - raft.server.snapshot.auto.trigger.threshold = 10000 (custom)
2019-10-10 18:46:18,040 [pool-423-thread-1] INFO  server.RaftServerConfigKeys (ConfUtils.java:logGet(43)) - raft.server.snapshot.retention.file.num = 5 (custom)
2019-10-10 18:46:18,040 [pool-423-thread-1] INFO  server.RaftServerConfigKeys (ConfUtils.java:logGet(43)) - raft.server.retrycache.expirytime = 600000ms (custom)
2019-10-10 18:46:18,046 [pool-423-thread-1] INFO  impl.RaftServerImpl (RaftServerImpl.java:start(181)) - 0b82082f-2c23-4fb8-80b3-54e89e328117@group-08D23B2A075E: start as a follower, conf=-1: [0b82082f-2c23-4fb8-80b3-54e89e328117:192.168.164.239:39078], old=null
2019-10-10 18:46:18,046 [pool-423-thread-1] INFO  impl.RaftServerImpl (RaftServerImpl.java:setRole(170)) - 0b82082f-2c23-4fb8-80b3-54e89e328117@group-08D23B2A075E: changes role from      null to FOLLOWER at term 0 for startAsFollower
2019-10-10 18:46:18,047 [pool-423-thread-1] INFO  impl.RoleInfo (RoleInfo.java:updateAndGet(143)) - 0b82082f-2c23-4fb8-80b3-54e89e328117: start FollowerState
2019-10-10 18:46:18,047 [pool-423-thread-1] INFO  util.JmxRegister (JmxRegister.java:tryRegister(44)) - Successfully registered JMX Bean with object name Ratis:service=RaftServer,group=group-08D23B2A075E,id=0b82082f-2c23-4fb8-80b3-54e89e328117
2019-10-10 18:46:18,055 [RatisPipelineUtilsThread] INFO  pipeline.PipelineStateManager (PipelineStateManager.java:addPipeline(56)) - Created pipeline Pipeline[ Id: b99e8308-615f-42a9-9b76-08d23b2a075e, Nodes: 0b82082f-2c23-4fb8-80b3-54e89e328117{ip: 192.168.164.239, host: pr-hdds-1986-hdr44-321838893, networkLocation: /default-rack, certSerialId: null}, Type:RATIS, Factor:ONE, State:OPEN]
2019-10-10 18:46:18,064 [grpc-default-executor-7] INFO  impl.RaftServerProxy (RaftServerProxy.java:addNew(89)) - 96160b23-b1a6-4556-ac3d-28187ce5cd38: addNew group-C5C329D90266:[96160b23-b1a6-4556-ac3d-28187ce5cd38:192.168.164.239:33910] returns group-C5C329D90266:java.util.concurrent.CompletableFuture@1ccb1b77[Not completed]
2019-10-10 18:46:18,066 [pool-413-thread-1] INFO  impl.RaftServerImpl (RaftServerImpl.java:<init>(95)) - 96160b23-b1a6-4556-ac3d-28187ce5cd38: new RaftServerImpl for group-C5C329D90266:[96160b23-b1a6-4556-ac3d-28187ce5cd38:192.168.164.239:33910] with ContainerStateMachine:uninitialized
2019-10-10 18:46:18,066 [pool-413-thread-1] INFO  server.RaftServerConfigKeys (ConfUtils.java:logGet(43)) - raft.server.rpc.timeout.min = 5s (custom)
2019-10-10 18:46:18,066 [pool-413-thread-1] INFO  server.RaftServerConfigKeys (ConfUtils.java:logGet(43)) - raft.server.rpc.timeout.max = 5200ms (custom)
2019-10-10 18:46:18,066 [pool-413-thread-1] INFO  server.RaftServerConfigKeys (ConfUtils.java:logGet(43)) - raft.server.rpcslowness.timeout = 120s (custom)
2019-10-10 18:46:18,067 [pool-413-thread-1] INFO  server.RaftServerConfigKeys (ConfUtils.java:logGet(43)) - raft.server.sleep.deviation.threshold = 300 (default)
2019-10-10 18:46:18,067 [pool-413-thread-1] INFO  server.RaftServerConfigKeys (ConfUtils.java:logGet(43)) - raft.server.log.appender.install.snapshot.enabled = false (custom)
2019-10-10 18:46:18,067 [pool-413-thread-1] INFO  impl.RaftServerImpl (ServerState.java:<init>(103)) - 96160b23-b1a6-4556-ac3d-28187ce5cd38@group-C5C329D90266: ConfigurationManager, init=-1: [96160b23-b1a6-4556-ac3d-28187ce5cd38:192.168.164.239:33910], old=null, confs=<EMPTY_MAP>
2019-10-10 18:46:18,067 [pool-413-thread-1] INFO  server.RaftServerConfigKeys (ConfUtils.java:logGet(43)) - raft.server.storage.dir = [/workdir/hadoop-ozone/integration-test/target/test-dir/MiniOzoneClusterImpl-9d54b50b-7c31-4a51-85ff-8b8e72266c23/datanode-3/data/ratis] (custom)
2019-10-10 18:46:18,067 [pool-413-thread-1] INFO  server.RaftServerConfigKeys (ConfUtils.java:logGet(43)) - raft.server.log.corruption.policy = EXCEPTION (default)
2019-10-10 18:46:18,068 [pool-413-thread-1] INFO  storage.RaftStorageDirectory (RaftStorageDirectory.java:analyzeStorage(246)) - The storage directory /workdir/hadoop-ozone/integration-test/target/test-dir/MiniOzoneClusterImpl-9d54b50b-7c31-4a51-85ff-8b8e72266c23/datanode-3/data/ratis/aa87900a-d3f3-43a2-8858-c5c329d90266 does not exist. Creating ...
2019-10-10 18:46:18,071 [IPC Server handler 5 on 33659] INFO  net.NetworkTopology (NetworkTopologyImpl.java:add(111)) - Added a new node: /default-rack/c7b03e79-217d-4f3b-88bd-f74f5bda030b
2019-10-10 18:46:18,071 [IPC Server handler 5 on 33659] INFO  node.SCMNodeManager (SCMNodeManager.java:register(268)) - Registered Data node : c7b03e79-217d-4f3b-88bd-f74f5bda030b{ip: 192.168.164.239, host: pr-hdds-1986-hdr44-321838893, networkLocation: /default-rack, certSerialId: null}
2019-10-10 18:46:18,090 [pool-413-thread-1] INFO  storage.RaftStorageDirectory (RaftStorageDirectory.java:tryLock(328)) - Lock on /workdir/hadoop-ozone/integration-test/target/test-dir/MiniOzoneClusterImpl-9d54b50b-7c31-4a51-85ff-8b8e72266c23/datanode-3/data/ratis/aa87900a-d3f3-43a2-8858-c5c329d90266/in_use.lock acquired by nodename 17270@pr-hdds-1986-hdr44-321838893
2019-10-10 18:46:18,114 [pool-413-thread-1] INFO  storage.RaftStorage (RaftStorage.java:format(84)) - Storage directory /workdir/hadoop-ozone/integration-test/target/test-dir/MiniOzoneClusterImpl-9d54b50b-7c31-4a51-85ff-8b8e72266c23/datanode-3/data/ratis/aa87900a-d3f3-43a2-8858-c5c329d90266 has been successfully formatted.
2019-10-10 18:46:18,115 [pool-413-thread-1] INFO  ratis.ContainerStateMachine (ContainerStateMachine.java:loadSnapshot(231)) - group-C5C329D90266: The snapshot info is null. Setting the last applied indexto:(t:0, i:~)
2019-10-10 18:46:18,115 [pool-413-thread-1] INFO  server.RaftServerConfigKeys (ConfUtils.java:logGet(43)) - raft.server.notification.no-leader.timeout = 120s (custom)
2019-10-10 18:46:18,115 [pool-413-thread-1] INFO  server.RaftServerConfigKeys (ConfUtils.java:logGet(43)) - raft.server.log.use.memory = false (default)
2019-10-10 18:46:18,115 [pool-413-thread-1] INFO  server.RaftServerConfigKeys (ConfUtils.java:logGet(43)) - raft.server.log.purge.gap = 1000000 (custom)
2019-10-10 18:46:18,115 [pool-413-thread-1] INFO  server.RaftServerConfigKeys (ConfUtils.java:logGet(43)) - raft.server.log.appender.buffer.byte-limit = 33554432 (custom)
2019-10-10 18:46:18,116 [pool-413-thread-1] INFO  server.RaftServerConfigKeys (ConfUtils.java:logGet(43)) - raft.server.log.segment.size.max = 1048576 (custom)
2019-10-10 18:46:18,118 [pool-413-thread-1] INFO  server.RaftServerConfigKeys (ConfUtils.java:logGet(43)) - raft.server.log.segment.cache.num.max = 2 (custom)
2019-10-10 18:46:18,118 [pool-413-thread-1] INFO  segmented.SegmentedRaftLogWorker (SegmentedRaftLogWorker.java:<init>(173)) - new 96160b23-b1a6-4556-ac3d-28187ce5cd38@group-C5C329D90266-SegmentedRaftLogWorker for RaftStorage:Storage Directory /workdir/hadoop-ozone/integration-test/target/test-dir/MiniOzoneClusterImpl-9d54b50b-7c31-4a51-85ff-8b8e72266c23/datanode-3/data/ratis/aa87900a-d3f3-43a2-8858-c5c329d90266
2019-10-10 18:46:18,119 [pool-413-thread-1] INFO  server.RaftServerConfigKeys (ConfUtils.java:logGet(43)) - raft.server.log.queue.byte-limit = 2147483647 (custom)
2019-10-10 18:46:18,119 [pool-413-thread-1] INFO  server.RaftServerConfigKeys (ConfUtils.java:logGet(43)) - raft.server.log.queue.element-limit = 1024 (custom)
2019-10-10 18:46:18,119 [pool-413-thread-1] INFO  server.RaftServerConfigKeys (ConfUtils.java:logGet(43)) - raft.server.log.segment.size.max = 1048576 (custom)
2019-10-10 18:46:18,119 [pool-413-thread-1] INFO  server.RaftServerConfigKeys (ConfUtils.java:logGet(43)) - raft.server.log.preallocated.size = 16384 (custom)
2019-10-10 18:46:18,119 [pool-413-thread-1] INFO  server.RaftServerConfigKeys (ConfUtils.java:logGet(43)) - raft.server.log.write.buffer.size = 33554432 (custom)
2019-10-10 18:46:18,119 [pool-413-thread-1] INFO  server.RaftServerConfigKeys (ConfUtils.java:logGet(43)) - raft.server.log.force.sync.num = 128 (default)
2019-10-10 18:46:18,120 [pool-413-thread-1] INFO  server.RaftServerConfigKeys (ConfUtils.java:logGet(43)) - raft.server.log.statemachine.data.sync = true (default)
2019-10-10 18:46:18,120 [pool-413-thread-1] INFO  server.RaftServerConfigKeys (ConfUtils.java:logGet(43)) - raft.server.log.statemachine.data.sync.timeout = 10s (default)
2019-10-10 18:46:18,120 [pool-413-thread-1] INFO  server.RaftServerConfigKeys (ConfUtils.java:logGet(43)) - raft.server.log.statemachine.data.sync.timeout.retry = -1 (default)
2019-10-10 18:46:18,120 [pool-413-thread-1] INFO  server.RaftServerConfigKeys (ConfUtils.java:logGet(43)) - raft.server.log.statemachine.data.caching.enabled = true (custom)
2019-10-10 18:46:18,121 [pool-413-thread-1] INFO  segmented.SegmentedRaftLogWorker (SegmentedRaftLogWorker.java:lambda$new$0(128)) - 96160b23-b1a6-4556-ac3d-28187ce5cd38@group-C5C329D90266-SegmentedRaftLogWorker: flushIndex: setUnconditionally 0 -> -1
2019-10-10 18:46:18,121 [pool-413-thread-1] INFO  server.RaftServerConfigKeys (ConfUtils.java:logGet(43)) - raft.server.snapshot.auto.trigger.enabled = true (custom)
2019-10-10 18:46:18,121 [pool-413-thread-1] INFO  server.RaftServerConfigKeys (ConfUtils.java:logGet(43)) - raft.server.snapshot.auto.trigger.threshold = 10000 (custom)
2019-10-10 18:46:18,121 [pool-413-thread-1] INFO  server.RaftServerConfigKeys (ConfUtils.java:logGet(43)) - raft.server.snapshot.retention.file.num = 5 (custom)
2019-10-10 18:46:18,125 [pool-413-thread-1] INFO  server.RaftServerConfigKeys (ConfUtils.java:logGet(43)) - raft.server.retrycache.expirytime = 600000ms (custom)
2019-10-10 18:46:18,127 [pool-413-thread-1] INFO  impl.RaftServerImpl (RaftServerImpl.java:start(181)) - 96160b23-b1a6-4556-ac3d-28187ce5cd38@group-C5C329D90266: start as a follower, conf=-1: [96160b23-b1a6-4556-ac3d-28187ce5cd38:192.168.164.239:33910], old=null
2019-10-10 18:46:18,127 [pool-413-thread-1] INFO  impl.RaftServerImpl (RaftServerImpl.java:setRole(170)) - 96160b23-b1a6-4556-ac3d-28187ce5cd38@group-C5C329D90266: changes role from      null to FOLLOWER at term 0 for startAsFollower
2019-10-10 18:46:18,127 [pool-413-thread-1] INFO  impl.RoleInfo (RoleInfo.java:updateAndGet(143)) - 96160b23-b1a6-4556-ac3d-28187ce5cd38: start FollowerState
2019-10-10 18:46:18,128 [pool-413-thread-1] INFO  util.JmxRegister (JmxRegister.java:tryRegister(44)) - Successfully registered JMX Bean with object name Ratis:service=RaftServer,group=group-C5C329D90266,id=96160b23-b1a6-4556-ac3d-28187ce5cd38
2019-10-10 18:46:18,136 [RatisPipelineUtilsThread] INFO  pipeline.PipelineStateManager (PipelineStateManager.java:addPipeline(56)) - Created pipeline Pipeline[ Id: aa87900a-d3f3-43a2-8858-c5c329d90266, Nodes: 96160b23-b1a6-4556-ac3d-28187ce5cd38{ip: 192.168.164.239, host: pr-hdds-1986-hdr44-321838893, networkLocation: /default-rack, certSerialId: null}, Type:RATIS, Factor:ONE, State:OPEN]
2019-10-10 18:46:18,140 [main] INFO  ozone.MiniOzoneClusterImpl (MiniOzoneClusterImpl.java:lambda$waitForClusterToBeReady$0(147)) - Waiting for cluster to be ready. Got 6 of 7 DN Heartbeats.
2019-10-10 18:46:18,141 [IPC Server handler 7 on 33659] INFO  net.NetworkTopology (NetworkTopologyImpl.java:add(111)) - Added a new node: /default-rack/8a124691-369b-4524-a82b-23c8c65c16f9
2019-10-10 18:46:18,141 [IPC Server handler 7 on 33659] INFO  node.SCMNodeManager (SCMNodeManager.java:register(268)) - Registered Data node : 8a124691-369b-4524-a82b-23c8c65c16f9{ip: 192.168.164.239, host: pr-hdds-1986-hdr44-321838893, networkLocation: /default-rack, certSerialId: null}
2019-10-10 18:46:18,146 [grpc-default-executor-7] INFO  impl.RaftServerProxy (RaftServerProxy.java:addNew(89)) - c7b03e79-217d-4f3b-88bd-f74f5bda030b: addNew group-89424C060B06:[c7b03e79-217d-4f3b-88bd-f74f5bda030b:192.168.164.239:34403] returns group-89424C060B06:java.util.concurrent.CompletableFuture@5bbf9e69[Not completed]
2019-10-10 18:46:18,147 [pool-433-thread-1] INFO  impl.RaftServerImpl (RaftServerImpl.java:<init>(95)) - c7b03e79-217d-4f3b-88bd-f74f5bda030b: new RaftServerImpl for group-89424C060B06:[c7b03e79-217d-4f3b-88bd-f74f5bda030b:192.168.164.239:34403] with ContainerStateMachine:uninitialized
2019-10-10 18:46:18,148 [pool-433-thread-1] INFO  server.RaftServerConfigKeys (ConfUtils.java:logGet(43)) - raft.server.rpc.timeout.min = 5s (custom)
2019-10-10 18:46:18,148 [pool-433-thread-1] INFO  server.RaftServerConfigKeys (ConfUtils.java:logGet(43)) - raft.server.rpc.timeout.max = 5200ms (custom)
2019-10-10 18:46:18,148 [pool-433-thread-1] INFO  server.RaftServerConfigKeys (ConfUtils.java:logGet(43)) - raft.server.rpcslowness.timeout = 120s (custom)
2019-10-10 18:46:18,148 [pool-433-thread-1] INFO  server.RaftServerConfigKeys (ConfUtils.java:logGet(43)) - raft.server.sleep.deviation.threshold = 300 (default)
2019-10-10 18:46:18,148 [pool-433-thread-1] INFO  server.RaftServerConfigKeys (ConfUtils.java:logGet(43)) - raft.server.log.appender.install.snapshot.enabled = false (custom)
2019-10-10 18:46:18,148 [pool-433-thread-1] INFO  impl.RaftServerImpl (ServerState.java:<init>(103)) - c7b03e79-217d-4f3b-88bd-f74f5bda030b@group-89424C060B06: ConfigurationManager, init=-1: [c7b03e79-217d-4f3b-88bd-f74f5bda030b:192.168.164.239:34403], old=null, confs=<EMPTY_MAP>
2019-10-10 18:46:18,149 [pool-433-thread-1] INFO  server.RaftServerConfigKeys (ConfUtils.java:logGet(43)) - raft.server.storage.dir = [/workdir/hadoop-ozone/integration-test/target/test-dir/MiniOzoneClusterImpl-9d54b50b-7c31-4a51-85ff-8b8e72266c23/datanode-5/data/ratis] (custom)
2019-10-10 18:46:18,149 [pool-433-thread-1] INFO  server.RaftServerConfigKeys (ConfUtils.java:logGet(43)) - raft.server.log.corruption.policy = EXCEPTION (default)
2019-10-10 18:46:18,149 [pool-433-thread-1] INFO  storage.RaftStorageDirectory (RaftStorageDirectory.java:analyzeStorage(246)) - The storage directory /workdir/hadoop-ozone/integration-test/target/test-dir/MiniOzoneClusterImpl-9d54b50b-7c31-4a51-85ff-8b8e72266c23/datanode-5/data/ratis/e86a108a-3a6f-4aac-9630-89424c060b06 does not exist. Creating ...
2019-10-10 18:46:18,172 [pool-433-thread-1] INFO  storage.RaftStorageDirectory (RaftStorageDirectory.java:tryLock(328)) - Lock on /workdir/hadoop-ozone/integration-test/target/test-dir/MiniOzoneClusterImpl-9d54b50b-7c31-4a51-85ff-8b8e72266c23/datanode-5/data/ratis/e86a108a-3a6f-4aac-9630-89424c060b06/in_use.lock acquired by nodename 17270@pr-hdds-1986-hdr44-321838893
2019-10-10 18:46:18,195 [pool-433-thread-1] INFO  storage.RaftStorage (RaftStorage.java:format(84)) - Storage directory /workdir/hadoop-ozone/integration-test/target/test-dir/MiniOzoneClusterImpl-9d54b50b-7c31-4a51-85ff-8b8e72266c23/datanode-5/data/ratis/e86a108a-3a6f-4aac-9630-89424c060b06 has been successfully formatted.
2019-10-10 18:46:18,196 [pool-433-thread-1] INFO  ratis.ContainerStateMachine (ContainerStateMachine.java:loadSnapshot(231)) - group-89424C060B06: The snapshot info is null. Setting the last applied indexto:(t:0, i:~)
2019-10-10 18:46:18,196 [pool-433-thread-1] INFO  server.RaftServerConfigKeys (ConfUtils.java:logGet(43)) - raft.server.notification.no-leader.timeout = 120s (custom)
2019-10-10 18:46:18,196 [pool-433-thread-1] INFO  server.RaftServerConfigKeys (ConfUtils.java:logGet(43)) - raft.server.log.use.memory = false (default)
2019-10-10 18:46:18,196 [pool-433-thread-1] INFO  server.RaftServerConfigKeys (ConfUtils.java:logGet(43)) - raft.server.log.purge.gap = 1000000 (custom)
2019-10-10 18:46:18,196 [pool-433-thread-1] INFO  server.RaftServerConfigKeys (ConfUtils.java:logGet(43)) - raft.server.log.appender.buffer.byte-limit = 33554432 (custom)
2019-10-10 18:46:18,196 [pool-433-thread-1] INFO  server.RaftServerConfigKeys (ConfUtils.java:logGet(43)) - raft.server.log.segment.size.max = 1048576 (custom)
2019-10-10 18:46:18,198 [pool-433-thread-1] INFO  server.RaftServerConfigKeys (ConfUtils.java:logGet(43)) - raft.server.log.segment.cache.num.max = 2 (custom)
2019-10-10 18:46:18,198 [pool-433-thread-1] INFO  segmented.SegmentedRaftLogWorker (SegmentedRaftLogWorker.java:<init>(173)) - new c7b03e79-217d-4f3b-88bd-f74f5bda030b@group-89424C060B06-SegmentedRaftLogWorker for RaftStorage:Storage Directory /workdir/hadoop-ozone/integration-test/target/test-dir/MiniOzoneClusterImpl-9d54b50b-7c31-4a51-85ff-8b8e72266c23/datanode-5/data/ratis/e86a108a-3a6f-4aac-9630-89424c060b06
2019-10-10 18:46:18,198 [pool-433-thread-1] INFO  server.RaftServerConfigKeys (ConfUtils.java:logGet(43)) - raft.server.log.queue.byte-limit = 2147483647 (custom)
2019-10-10 18:46:18,198 [pool-433-thread-1] INFO  server.RaftServerConfigKeys (ConfUtils.java:logGet(43)) - raft.server.log.queue.element-limit = 1024 (custom)
2019-10-10 18:46:18,199 [pool-433-thread-1] INFO  server.RaftServerConfigKeys (ConfUtils.java:logGet(43)) - raft.server.log.segment.size.max = 1048576 (custom)
2019-10-10 18:46:18,199 [pool-433-thread-1] INFO  server.RaftServerConfigKeys (ConfUtils.java:logGet(43)) - raft.server.log.preallocated.size = 16384 (custom)
2019-10-10 18:46:18,199 [pool-433-thread-1] INFO  server.RaftServerConfigKeys (ConfUtils.java:logGet(43)) - raft.server.log.write.buffer.size = 33554432 (custom)
2019-10-10 18:46:18,199 [pool-433-thread-1] INFO  server.RaftServerConfigKeys (ConfUtils.java:logGet(43)) - raft.server.log.force.sync.num = 128 (default)
2019-10-10 18:46:18,199 [pool-433-thread-1] INFO  server.RaftServerConfigKeys (ConfUtils.java:logGet(43)) - raft.server.log.statemachine.data.sync = true (default)
2019-10-10 18:46:18,199 [pool-433-thread-1] INFO  server.RaftServerConfigKeys (ConfUtils.java:logGet(43)) - raft.server.log.statemachine.data.sync.timeout = 10s (default)
2019-10-10 18:46:18,200 [pool-433-thread-1] INFO  server.RaftServerConfigKeys (ConfUtils.java:logGet(43)) - raft.server.log.statemachine.data.sync.timeout.retry = -1 (default)
2019-10-10 18:46:18,200 [pool-433-thread-1] INFO  server.RaftServerConfigKeys (ConfUtils.java:logGet(43)) - raft.server.log.statemachine.data.caching.enabled = true (custom)
2019-10-10 18:46:18,200 [pool-433-thread-1] INFO  segmented.SegmentedRaftLogWorker (SegmentedRaftLogWorker.java:lambda$new$0(128)) - c7b03e79-217d-4f3b-88bd-f74f5bda030b@group-89424C060B06-SegmentedRaftLogWorker: flushIndex: setUnconditionally 0 -> -1
2019-10-10 18:46:18,201 [pool-433-thread-1] INFO  server.RaftServerConfigKeys (ConfUtils.java:logGet(43)) - raft.server.snapshot.auto.trigger.enabled = true (custom)
2019-10-10 18:46:18,201 [pool-433-thread-1] INFO  server.RaftServerConfigKeys (ConfUtils.java:logGet(43)) - raft.server.snapshot.auto.trigger.threshold = 10000 (custom)
2019-10-10 18:46:18,201 [pool-433-thread-1] INFO  server.RaftServerConfigKeys (ConfUtils.java:logGet(43)) - raft.server.snapshot.retention.file.num = 5 (custom)
2019-10-10 18:46:18,201 [pool-433-thread-1] INFO  server.RaftServerConfigKeys (ConfUtils.java:logGet(43)) - raft.server.retrycache.expirytime = 600000ms (custom)
2019-10-10 18:46:18,203 [pool-433-thread-1] INFO  impl.RaftServerImpl (RaftServerImpl.java:start(181)) - c7b03e79-217d-4f3b-88bd-f74f5bda030b@group-89424C060B06: start as a follower, conf=-1: [c7b03e79-217d-4f3b-88bd-f74f5bda030b:192.168.164.239:34403], old=null
2019-10-10 18:46:18,203 [pool-433-thread-1] INFO  impl.RaftServerImpl (RaftServerImpl.java:setRole(170)) - c7b03e79-217d-4f3b-88bd-f74f5bda030b@group-89424C060B06: changes role from      null to FOLLOWER at term 0 for startAsFollower
2019-10-10 18:46:18,203 [pool-433-thread-1] INFO  impl.RoleInfo (RoleInfo.java:updateAndGet(143)) - c7b03e79-217d-4f3b-88bd-f74f5bda030b: start FollowerState
2019-10-10 18:46:18,206 [pool-433-thread-1] INFO  util.JmxRegister (JmxRegister.java:tryRegister(44)) - Successfully registered JMX Bean with object name Ratis:service=RaftServer,group=group-89424C060B06,id=c7b03e79-217d-4f3b-88bd-f74f5bda030b
2019-10-10 18:46:18,211 [RatisPipelineUtilsThread] INFO  pipeline.PipelineStateManager (PipelineStateManager.java:addPipeline(56)) - Created pipeline Pipeline[ Id: e86a108a-3a6f-4aac-9630-89424c060b06, Nodes: c7b03e79-217d-4f3b-88bd-f74f5bda030b{ip: 192.168.164.239, host: pr-hdds-1986-hdr44-321838893, networkLocation: /default-rack, certSerialId: null}, Type:RATIS, Factor:ONE, State:OPEN]
2019-10-10 18:46:18,259 [grpc-default-executor-7] INFO  impl.RaftServerProxy (RaftServerProxy.java:addNew(89)) - 8a124691-369b-4524-a82b-23c8c65c16f9: addNew group-4AF3B8A21E3C:[8a124691-369b-4524-a82b-23c8c65c16f9:192.168.164.239:43114] returns group-4AF3B8A21E3C:java.util.concurrent.CompletableFuture@56fa52d7[Not completed]
2019-10-10 18:46:18,261 [pool-443-thread-1] INFO  impl.RaftServerImpl (RaftServerImpl.java:<init>(95)) - 8a124691-369b-4524-a82b-23c8c65c16f9: new RaftServerImpl for group-4AF3B8A21E3C:[8a124691-369b-4524-a82b-23c8c65c16f9:192.168.164.239:43114] with ContainerStateMachine:uninitialized
2019-10-10 18:46:18,261 [pool-443-thread-1] INFO  server.RaftServerConfigKeys (ConfUtils.java:logGet(43)) - raft.server.rpc.timeout.min = 5s (custom)
2019-10-10 18:46:18,261 [pool-443-thread-1] INFO  server.RaftServerConfigKeys (ConfUtils.java:logGet(43)) - raft.server.rpc.timeout.max = 5200ms (custom)
2019-10-10 18:46:18,261 [pool-443-thread-1] INFO  server.RaftServerConfigKeys (ConfUtils.java:logGet(43)) - raft.server.rpcslowness.timeout = 120s (custom)
2019-10-10 18:46:18,262 [pool-443-thread-1] INFO  server.RaftServerConfigKeys (ConfUtils.java:logGet(43)) - raft.server.sleep.deviation.threshold = 300 (default)
2019-10-10 18:46:18,262 [pool-443-thread-1] INFO  server.RaftServerConfigKeys (ConfUtils.java:logGet(43)) - raft.server.log.appender.install.snapshot.enabled = false (custom)
2019-10-10 18:46:18,262 [pool-443-thread-1] INFO  impl.RaftServerImpl (ServerState.java:<init>(103)) - 8a124691-369b-4524-a82b-23c8c65c16f9@group-4AF3B8A21E3C: ConfigurationManager, init=-1: [8a124691-369b-4524-a82b-23c8c65c16f9:192.168.164.239:43114], old=null, confs=<EMPTY_MAP>
2019-10-10 18:46:18,262 [pool-443-thread-1] INFO  server.RaftServerConfigKeys (ConfUtils.java:logGet(43)) - raft.server.storage.dir = [/workdir/hadoop-ozone/integration-test/target/test-dir/MiniOzoneClusterImpl-9d54b50b-7c31-4a51-85ff-8b8e72266c23/datanode-6/data/ratis] (custom)
2019-10-10 18:46:18,263 [pool-443-thread-1] INFO  server.RaftServerConfigKeys (ConfUtils.java:logGet(43)) - raft.server.log.corruption.policy = EXCEPTION (default)
2019-10-10 18:46:18,263 [pool-443-thread-1] INFO  storage.RaftStorageDirectory (RaftStorageDirectory.java:analyzeStorage(246)) - The storage directory /workdir/hadoop-ozone/integration-test/target/test-dir/MiniOzoneClusterImpl-9d54b50b-7c31-4a51-85ff-8b8e72266c23/datanode-6/data/ratis/a3b50f86-6dd2-474a-acd2-4af3b8a21e3c does not exist. Creating ...
2019-10-10 18:46:18,301 [pool-443-thread-1] INFO  storage.RaftStorageDirectory (RaftStorageDirectory.java:tryLock(328)) - Lock on /workdir/hadoop-ozone/integration-test/target/test-dir/MiniOzoneClusterImpl-9d54b50b-7c31-4a51-85ff-8b8e72266c23/datanode-6/data/ratis/a3b50f86-6dd2-474a-acd2-4af3b8a21e3c/in_use.lock acquired by nodename 17270@pr-hdds-1986-hdr44-321838893
2019-10-10 18:46:18,327 [pool-443-thread-1] INFO  storage.RaftStorage (RaftStorage.java:format(84)) - Storage directory /workdir/hadoop-ozone/integration-test/target/test-dir/MiniOzoneClusterImpl-9d54b50b-7c31-4a51-85ff-8b8e72266c23/datanode-6/data/ratis/a3b50f86-6dd2-474a-acd2-4af3b8a21e3c has been successfully formatted.
2019-10-10 18:46:18,327 [pool-443-thread-1] INFO  ratis.ContainerStateMachine (ContainerStateMachine.java:loadSnapshot(231)) - group-4AF3B8A21E3C: The snapshot info is null. Setting the last applied indexto:(t:0, i:~)
2019-10-10 18:46:18,327 [pool-443-thread-1] INFO  server.RaftServerConfigKeys (ConfUtils.java:logGet(43)) - raft.server.notification.no-leader.timeout = 120s (custom)
2019-10-10 18:46:18,328 [pool-443-thread-1] INFO  server.RaftServerConfigKeys (ConfUtils.java:logGet(43)) - raft.server.log.use.memory = false (default)
2019-10-10 18:46:18,328 [pool-443-thread-1] INFO  server.RaftServerConfigKeys (ConfUtils.java:logGet(43)) - raft.server.log.purge.gap = 1000000 (custom)
2019-10-10 18:46:18,328 [pool-443-thread-1] INFO  server.RaftServerConfigKeys (ConfUtils.java:logGet(43)) - raft.server.log.appender.buffer.byte-limit = 33554432 (custom)
2019-10-10 18:46:18,328 [pool-443-thread-1] INFO  server.RaftServerConfigKeys (ConfUtils.java:logGet(43)) - raft.server.log.segment.size.max = 1048576 (custom)
2019-10-10 18:46:18,330 [pool-443-thread-1] INFO  server.RaftServerConfigKeys (ConfUtils.java:logGet(43)) - raft.server.log.segment.cache.num.max = 2 (custom)
2019-10-10 18:46:18,330 [pool-443-thread-1] INFO  segmented.SegmentedRaftLogWorker (SegmentedRaftLogWorker.java:<init>(173)) - new 8a124691-369b-4524-a82b-23c8c65c16f9@group-4AF3B8A21E3C-SegmentedRaftLogWorker for RaftStorage:Storage Directory /workdir/hadoop-ozone/integration-test/target/test-dir/MiniOzoneClusterImpl-9d54b50b-7c31-4a51-85ff-8b8e72266c23/datanode-6/data/ratis/a3b50f86-6dd2-474a-acd2-4af3b8a21e3c
2019-10-10 18:46:18,330 [pool-443-thread-1] INFO  server.RaftServerConfigKeys (ConfUtils.java:logGet(43)) - raft.server.log.queue.byte-limit = 2147483647 (custom)
2019-10-10 18:46:18,331 [pool-443-thread-1] INFO  server.RaftServerConfigKeys (ConfUtils.java:logGet(43)) - raft.server.log.queue.element-limit = 1024 (custom)
2019-10-10 18:46:18,331 [pool-443-thread-1] INFO  server.RaftServerConfigKeys (ConfUtils.java:logGet(43)) - raft.server.log.segment.size.max = 1048576 (custom)
2019-10-10 18:46:18,331 [pool-443-thread-1] INFO  server.RaftServerConfigKeys (ConfUtils.java:logGet(43)) - raft.server.log.preallocated.size = 16384 (custom)
2019-10-10 18:46:18,331 [pool-443-thread-1] INFO  server.RaftServerConfigKeys (ConfUtils.java:logGet(43)) - raft.server.log.write.buffer.size = 33554432 (custom)
2019-10-10 18:46:18,331 [pool-443-thread-1] INFO  server.RaftServerConfigKeys (ConfUtils.java:logGet(43)) - raft.server.log.force.sync.num = 128 (default)
2019-10-10 18:46:18,331 [pool-443-thread-1] INFO  server.RaftServerConfigKeys (ConfUtils.java:logGet(43)) - raft.server.log.statemachine.data.sync = true (default)
2019-10-10 18:46:18,332 [pool-443-thread-1] INFO  server.RaftServerConfigKeys (ConfUtils.java:logGet(43)) - raft.server.log.statemachine.data.sync.timeout = 10s (default)
2019-10-10 18:46:18,332 [pool-443-thread-1] INFO  server.RaftServerConfigKeys (ConfUtils.java:logGet(43)) - raft.server.log.statemachine.data.sync.timeout.retry = -1 (default)
2019-10-10 18:46:18,332 [pool-443-thread-1] INFO  server.RaftServerConfigKeys (ConfUtils.java:logGet(43)) - raft.server.log.statemachine.data.caching.enabled = true (custom)
2019-10-10 18:46:18,333 [pool-443-thread-1] INFO  segmented.SegmentedRaftLogWorker (SegmentedRaftLogWorker.java:lambda$new$0(128)) - 8a124691-369b-4524-a82b-23c8c65c16f9@group-4AF3B8A21E3C-SegmentedRaftLogWorker: flushIndex: setUnconditionally 0 -> -1
2019-10-10 18:46:18,333 [pool-443-thread-1] INFO  server.RaftServerConfigKeys (ConfUtils.java:logGet(43)) - raft.server.snapshot.auto.trigger.enabled = true (custom)
2019-10-10 18:46:18,333 [pool-443-thread-1] INFO  server.RaftServerConfigKeys (ConfUtils.java:logGet(43)) - raft.server.snapshot.auto.trigger.threshold = 10000 (custom)
2019-10-10 18:46:18,333 [pool-443-thread-1] INFO  server.RaftServerConfigKeys (ConfUtils.java:logGet(43)) - raft.server.snapshot.retention.file.num = 5 (custom)
2019-10-10 18:46:18,333 [pool-443-thread-1] INFO  server.RaftServerConfigKeys (ConfUtils.java:logGet(43)) - raft.server.retrycache.expirytime = 600000ms (custom)
2019-10-10 18:46:18,335 [pool-443-thread-1] INFO  impl.RaftServerImpl (RaftServerImpl.java:start(181)) - 8a124691-369b-4524-a82b-23c8c65c16f9@group-4AF3B8A21E3C: start as a follower, conf=-1: [8a124691-369b-4524-a82b-23c8c65c16f9:192.168.164.239:43114], old=null
2019-10-10 18:46:18,335 [pool-443-thread-1] INFO  impl.RaftServerImpl (RaftServerImpl.java:setRole(170)) - 8a124691-369b-4524-a82b-23c8c65c16f9@group-4AF3B8A21E3C: changes role from      null to FOLLOWER at term 0 for startAsFollower
2019-10-10 18:46:18,335 [pool-443-thread-1] INFO  impl.RoleInfo (RoleInfo.java:updateAndGet(143)) - 8a124691-369b-4524-a82b-23c8c65c16f9: start FollowerState
2019-10-10 18:46:18,336 [pool-443-thread-1] INFO  util.JmxRegister (JmxRegister.java:tryRegister(44)) - Successfully registered JMX Bean with object name Ratis:service=RaftServer,group=group-4AF3B8A21E3C,id=8a124691-369b-4524-a82b-23c8c65c16f9
2019-10-10 18:46:18,340 [RatisPipelineUtilsThread] INFO  pipeline.PipelineStateManager (PipelineStateManager.java:addPipeline(56)) - Created pipeline Pipeline[ Id: a3b50f86-6dd2-474a-acd2-4af3b8a21e3c, Nodes: 8a124691-369b-4524-a82b-23c8c65c16f9{ip: 192.168.164.239, host: pr-hdds-1986-hdr44-321838893, networkLocation: /default-rack, certSerialId: null}, Type:RATIS, Factor:ONE, State:OPEN]
2019-10-10 18:46:18,400 [grpc-default-executor-7] INFO  impl.RaftServerProxy (RaftServerProxy.java:addNew(89)) - 8a124691-369b-4524-a82b-23c8c65c16f9: addNew group-DCE6C0E404A5:[8a124691-369b-4524-a82b-23c8c65c16f9:192.168.164.239:43114, c7b03e79-217d-4f3b-88bd-f74f5bda030b:192.168.164.239:34403, 0b82082f-2c23-4fb8-80b3-54e89e328117:192.168.164.239:39078] returns group-DCE6C0E404A5:java.util.concurrent.CompletableFuture@378af729[Not completed]
2019-10-10 18:46:18,402 [grpc-default-executor-7] INFO  impl.RaftServerProxy (RaftServerProxy.java:addNew(89)) - c7b03e79-217d-4f3b-88bd-f74f5bda030b: addNew group-DCE6C0E404A5:[8a124691-369b-4524-a82b-23c8c65c16f9:192.168.164.239:43114, c7b03e79-217d-4f3b-88bd-f74f5bda030b:192.168.164.239:34403, 0b82082f-2c23-4fb8-80b3-54e89e328117:192.168.164.239:39078] returns group-DCE6C0E404A5:java.util.concurrent.CompletableFuture@6ed16fec[Not completed]
2019-10-10 18:46:18,403 [pool-433-thread-1] INFO  impl.RaftServerImpl (RaftServerImpl.java:<init>(95)) - c7b03e79-217d-4f3b-88bd-f74f5bda030b: new RaftServerImpl for group-DCE6C0E404A5:[8a124691-369b-4524-a82b-23c8c65c16f9:192.168.164.239:43114, c7b03e79-217d-4f3b-88bd-f74f5bda030b:192.168.164.239:34403, 0b82082f-2c23-4fb8-80b3-54e89e328117:192.168.164.239:39078] with ContainerStateMachine:uninitialized
2019-10-10 18:46:18,403 [pool-433-thread-1] INFO  server.RaftServerConfigKeys (ConfUtils.java:logGet(43)) - raft.server.rpc.timeout.min = 5s (custom)
2019-10-10 18:46:18,403 [pool-433-thread-1] INFO  server.RaftServerConfigKeys (ConfUtils.java:logGet(43)) - raft.server.rpc.timeout.max = 5200ms (custom)
2019-10-10 18:46:18,403 [pool-433-thread-1] INFO  server.RaftServerConfigKeys (ConfUtils.java:logGet(43)) - raft.server.rpcslowness.timeout = 120s (custom)
2019-10-10 18:46:18,403 [pool-433-thread-1] INFO  server.RaftServerConfigKeys (ConfUtils.java:logGet(43)) - raft.server.sleep.deviation.threshold = 300 (default)
2019-10-10 18:46:18,403 [pool-433-thread-1] INFO  server.RaftServerConfigKeys (ConfUtils.java:logGet(43)) - raft.server.log.appender.install.snapshot.enabled = false (custom)
2019-10-10 18:46:18,403 [pool-433-thread-1] INFO  impl.RaftServerImpl (ServerState.java:<init>(103)) - c7b03e79-217d-4f3b-88bd-f74f5bda030b@group-DCE6C0E404A5: ConfigurationManager, init=-1: [8a124691-369b-4524-a82b-23c8c65c16f9:192.168.164.239:43114, c7b03e79-217d-4f3b-88bd-f74f5bda030b:192.168.164.239:34403, 0b82082f-2c23-4fb8-80b3-54e89e328117:192.168.164.239:39078], old=null, confs=<EMPTY_MAP>
2019-10-10 18:46:18,404 [pool-433-thread-1] INFO  server.RaftServerConfigKeys (ConfUtils.java:logGet(43)) - raft.server.storage.dir = [/workdir/hadoop-ozone/integration-test/target/test-dir/MiniOzoneClusterImpl-9d54b50b-7c31-4a51-85ff-8b8e72266c23/datanode-5/data/ratis] (custom)
2019-10-10 18:46:18,404 [pool-433-thread-1] INFO  server.RaftServerConfigKeys (ConfUtils.java:logGet(43)) - raft.server.log.corruption.policy = EXCEPTION (default)
2019-10-10 18:46:18,404 [pool-433-thread-1] INFO  storage.RaftStorageDirectory (RaftStorageDirectory.java:analyzeStorage(246)) - The storage directory /workdir/hadoop-ozone/integration-test/target/test-dir/MiniOzoneClusterImpl-9d54b50b-7c31-4a51-85ff-8b8e72266c23/datanode-5/data/ratis/97e7a7e2-1eb3-4fbd-923d-dce6c0e404a5 does not exist. Creating ...
2019-10-10 18:46:18,416 [grpc-default-executor-7] INFO  impl.RaftServerProxy (RaftServerProxy.java:addNew(89)) - 0b82082f-2c23-4fb8-80b3-54e89e328117: addNew group-DCE6C0E404A5:[8a124691-369b-4524-a82b-23c8c65c16f9:192.168.164.239:43114, c7b03e79-217d-4f3b-88bd-f74f5bda030b:192.168.164.239:34403, 0b82082f-2c23-4fb8-80b3-54e89e328117:192.168.164.239:39078] returns group-DCE6C0E404A5:java.util.concurrent.CompletableFuture@6ab9e40b[Not completed]
2019-10-10 18:46:18,418 [pool-423-thread-1] INFO  impl.RaftServerImpl (RaftServerImpl.java:<init>(95)) - 0b82082f-2c23-4fb8-80b3-54e89e328117: new RaftServerImpl for group-DCE6C0E404A5:[8a124691-369b-4524-a82b-23c8c65c16f9:192.168.164.239:43114, c7b03e79-217d-4f3b-88bd-f74f5bda030b:192.168.164.239:34403, 0b82082f-2c23-4fb8-80b3-54e89e328117:192.168.164.239:39078] with ContainerStateMachine:uninitialized
2019-10-10 18:46:18,418 [pool-423-thread-1] INFO  server.RaftServerConfigKeys (ConfUtils.java:logGet(43)) - raft.server.rpc.timeout.min = 5s (custom)
2019-10-10 18:46:18,418 [pool-423-thread-1] INFO  server.RaftServerConfigKeys (ConfUtils.java:logGet(43)) - raft.server.rpc.timeout.max = 5200ms (custom)
2019-10-10 18:46:18,418 [pool-423-thread-1] INFO  server.RaftServerConfigKeys (ConfUtils.java:logGet(43)) - raft.server.rpcslowness.timeout = 120s (custom)
2019-10-10 18:46:18,418 [pool-423-thread-1] INFO  server.RaftServerConfigKeys (ConfUtils.java:logGet(43)) - raft.server.sleep.deviation.threshold = 300 (default)
2019-10-10 18:46:18,419 [pool-423-thread-1] INFO  server.RaftServerConfigKeys (ConfUtils.java:logGet(43)) - raft.server.log.appender.install.snapshot.enabled = false (custom)
2019-10-10 18:46:18,419 [pool-423-thread-1] INFO  impl.RaftServerImpl (ServerState.java:<init>(103)) - 0b82082f-2c23-4fb8-80b3-54e89e328117@group-DCE6C0E404A5: ConfigurationManager, init=-1: [8a124691-369b-4524-a82b-23c8c65c16f9:192.168.164.239:43114, c7b03e79-217d-4f3b-88bd-f74f5bda030b:192.168.164.239:34403, 0b82082f-2c23-4fb8-80b3-54e89e328117:192.168.164.239:39078], old=null, confs=<EMPTY_MAP>
2019-10-10 18:46:18,419 [pool-423-thread-1] INFO  server.RaftServerConfigKeys (ConfUtils.java:logGet(43)) - raft.server.storage.dir = [/workdir/hadoop-ozone/integration-test/target/test-dir/MiniOzoneClusterImpl-9d54b50b-7c31-4a51-85ff-8b8e72266c23/datanode-4/data/ratis] (custom)
2019-10-10 18:46:18,419 [pool-423-thread-1] INFO  server.RaftServerConfigKeys (ConfUtils.java:logGet(43)) - raft.server.log.corruption.policy = EXCEPTION (default)
2019-10-10 18:46:18,419 [pool-423-thread-1] INFO  storage.RaftStorageDirectory (RaftStorageDirectory.java:analyzeStorage(246)) - The storage directory /workdir/hadoop-ozone/integration-test/target/test-dir/MiniOzoneClusterImpl-9d54b50b-7c31-4a51-85ff-8b8e72266c23/datanode-4/data/ratis/97e7a7e2-1eb3-4fbd-923d-dce6c0e404a5 does not exist. Creating ...
2019-10-10 18:46:18,427 [pool-433-thread-1] INFO  storage.RaftStorageDirectory (RaftStorageDirectory.java:tryLock(328)) - Lock on /workdir/hadoop-ozone/integration-test/target/test-dir/MiniOzoneClusterImpl-9d54b50b-7c31-4a51-85ff-8b8e72266c23/datanode-5/data/ratis/97e7a7e2-1eb3-4fbd-923d-dce6c0e404a5/in_use.lock acquired by nodename 17270@pr-hdds-1986-hdr44-321838893
2019-10-10 18:46:18,428 [pool-443-thread-1] INFO  impl.RaftServerImpl (RaftServerImpl.java:<init>(95)) - 8a124691-369b-4524-a82b-23c8c65c16f9: new RaftServerImpl for group-DCE6C0E404A5:[8a124691-369b-4524-a82b-23c8c65c16f9:192.168.164.239:43114, c7b03e79-217d-4f3b-88bd-f74f5bda030b:192.168.164.239:34403, 0b82082f-2c23-4fb8-80b3-54e89e328117:192.168.164.239:39078] with ContainerStateMachine:uninitialized
2019-10-10 18:46:18,428 [pool-443-thread-1] INFO  server.RaftServerConfigKeys (ConfUtils.java:logGet(43)) - raft.server.rpc.timeout.min = 5s (custom)
2019-10-10 18:46:18,428 [pool-443-thread-1] INFO  server.RaftServerConfigKeys (ConfUtils.java:logGet(43)) - raft.server.rpc.timeout.max = 5200ms (custom)
2019-10-10 18:46:18,430 [pool-443-thread-1] INFO  server.RaftServerConfigKeys (ConfUtils.java:logGet(43)) - raft.server.rpcslowness.timeout = 120s (custom)
2019-10-10 18:46:18,430 [pool-443-thread-1] INFO  server.RaftServerConfigKeys (ConfUtils.java:logGet(43)) - raft.server.sleep.deviation.threshold = 300 (default)
2019-10-10 18:46:18,430 [pool-443-thread-1] INFO  server.RaftServerConfigKeys (ConfUtils.java:logGet(43)) - raft.server.log.appender.install.snapshot.enabled = false (custom)
2019-10-10 18:46:18,430 [pool-443-thread-1] INFO  impl.RaftServerImpl (ServerState.java:<init>(103)) - 8a124691-369b-4524-a82b-23c8c65c16f9@group-DCE6C0E404A5: ConfigurationManager, init=-1: [8a124691-369b-4524-a82b-23c8c65c16f9:192.168.164.239:43114, c7b03e79-217d-4f3b-88bd-f74f5bda030b:192.168.164.239:34403, 0b82082f-2c23-4fb8-80b3-54e89e328117:192.168.164.239:39078], old=null, confs=<EMPTY_MAP>
2019-10-10 18:46:18,431 [pool-443-thread-1] INFO  server.RaftServerConfigKeys (ConfUtils.java:logGet(43)) - raft.server.storage.dir = [/workdir/hadoop-ozone/integration-test/target/test-dir/MiniOzoneClusterImpl-9d54b50b-7c31-4a51-85ff-8b8e72266c23/datanode-6/data/ratis] (custom)
2019-10-10 18:46:18,431 [pool-443-thread-1] INFO  server.RaftServerConfigKeys (ConfUtils.java:logGet(43)) - raft.server.log.corruption.policy = EXCEPTION (default)
2019-10-10 18:46:18,431 [pool-443-thread-1] INFO  storage.RaftStorageDirectory (RaftStorageDirectory.java:analyzeStorage(246)) - The storage directory /workdir/hadoop-ozone/integration-test/target/test-dir/MiniOzoneClusterImpl-9d54b50b-7c31-4a51-85ff-8b8e72266c23/datanode-6/data/ratis/97e7a7e2-1eb3-4fbd-923d-dce6c0e404a5 does not exist. Creating ...
2019-10-10 18:46:18,444 [pool-423-thread-1] INFO  storage.RaftStorageDirectory (RaftStorageDirectory.java:tryLock(328)) - Lock on /workdir/hadoop-ozone/integration-test/target/test-dir/MiniOzoneClusterImpl-9d54b50b-7c31-4a51-85ff-8b8e72266c23/datanode-4/data/ratis/97e7a7e2-1eb3-4fbd-923d-dce6c0e404a5/in_use.lock acquired by nodename 17270@pr-hdds-1986-hdr44-321838893
2019-10-10 18:46:18,453 [pool-433-thread-1] INFO  storage.RaftStorage (RaftStorage.java:format(84)) - Storage directory /workdir/hadoop-ozone/integration-test/target/test-dir/MiniOzoneClusterImpl-9d54b50b-7c31-4a51-85ff-8b8e72266c23/datanode-5/data/ratis/97e7a7e2-1eb3-4fbd-923d-dce6c0e404a5 has been successfully formatted.
2019-10-10 18:46:18,453 [pool-433-thread-1] INFO  ratis.ContainerStateMachine (ContainerStateMachine.java:loadSnapshot(231)) - group-DCE6C0E404A5: The snapshot info is null. Setting the last applied indexto:(t:0, i:~)
2019-10-10 18:46:18,453 [pool-433-thread-1] INFO  server.RaftServerConfigKeys (ConfUtils.java:logGet(43)) - raft.server.notification.no-leader.timeout = 120s (custom)
2019-10-10 18:46:18,454 [pool-433-thread-1] INFO  server.RaftServerConfigKeys (ConfUtils.java:logGet(43)) - raft.server.log.use.memory = false (default)
2019-10-10 18:46:18,454 [pool-433-thread-1] INFO  server.RaftServerConfigKeys (ConfUtils.java:logGet(43)) - raft.server.log.purge.gap = 1000000 (custom)
2019-10-10 18:46:18,454 [pool-433-thread-1] INFO  server.RaftServerConfigKeys (ConfUtils.java:logGet(43)) - raft.server.log.appender.buffer.byte-limit = 33554432 (custom)
2019-10-10 18:46:18,454 [pool-433-thread-1] INFO  server.RaftServerConfigKeys (ConfUtils.java:logGet(43)) - raft.server.log.segment.size.max = 1048576 (custom)
2019-10-10 18:46:18,454 [pool-433-thread-1] INFO  server.RaftServerConfigKeys (ConfUtils.java:logGet(43)) - raft.server.log.segment.cache.num.max = 2 (custom)
2019-10-10 18:46:18,454 [pool-433-thread-1] INFO  segmented.SegmentedRaftLogWorker (SegmentedRaftLogWorker.java:<init>(173)) - new c7b03e79-217d-4f3b-88bd-f74f5bda030b@group-DCE6C0E404A5-SegmentedRaftLogWorker for RaftStorage:Storage Directory /workdir/hadoop-ozone/integration-test/target/test-dir/MiniOzoneClusterImpl-9d54b50b-7c31-4a51-85ff-8b8e72266c23/datanode-5/data/ratis/97e7a7e2-1eb3-4fbd-923d-dce6c0e404a5
2019-10-10 18:46:18,454 [pool-433-thread-1] INFO  server.RaftServerConfigKeys (ConfUtils.java:logGet(43)) - raft.server.log.queue.byte-limit = 2147483647 (custom)
2019-10-10 18:46:18,454 [pool-433-thread-1] INFO  server.RaftServerConfigKeys (ConfUtils.java:logGet(43)) - raft.server.log.queue.element-limit = 1024 (custom)
2019-10-10 18:46:18,455 [pool-433-thread-1] INFO  server.RaftServerConfigKeys (ConfUtils.java:logGet(43)) - raft.server.log.segment.size.max = 1048576 (custom)
2019-10-10 18:46:18,455 [pool-433-thread-1] INFO  server.RaftServerConfigKeys (ConfUtils.java:logGet(43)) - raft.server.log.preallocated.size = 16384 (custom)
2019-10-10 18:46:18,455 [pool-433-thread-1] INFO  server.RaftServerConfigKeys (ConfUtils.java:logGet(43)) - raft.server.log.write.buffer.size = 33554432 (custom)
2019-10-10 18:46:18,455 [pool-433-thread-1] INFO  server.RaftServerConfigKeys (ConfUtils.java:logGet(43)) - raft.server.log.force.sync.num = 128 (default)
2019-10-10 18:46:18,455 [pool-433-thread-1] INFO  server.RaftServerConfigKeys (ConfUtils.java:logGet(43)) - raft.server.log.statemachine.data.sync = true (default)
2019-10-10 18:46:18,455 [pool-433-thread-1] INFO  server.RaftServerConfigKeys (ConfUtils.java:logGet(43)) - raft.server.log.statemachine.data.sync.timeout = 10s (default)
2019-10-10 18:46:18,455 [pool-433-thread-1] INFO  server.RaftServerConfigKeys (ConfUtils.java:logGet(43)) - raft.server.log.statemachine.data.sync.timeout.retry = -1 (default)
2019-10-10 18:46:18,456 [pool-433-thread-1] INFO  server.RaftServerConfigKeys (ConfUtils.java:logGet(43)) - raft.server.log.statemachine.data.caching.enabled = true (custom)
2019-10-10 18:46:18,456 [pool-433-thread-1] INFO  segmented.SegmentedRaftLogWorker (SegmentedRaftLogWorker.java:lambda$new$0(128)) - c7b03e79-217d-4f3b-88bd-f74f5bda030b@group-DCE6C0E404A5-SegmentedRaftLogWorker: flushIndex: setUnconditionally 0 -> -1
2019-10-10 18:46:18,456 [pool-433-thread-1] INFO  server.RaftServerConfigKeys (ConfUtils.java:logGet(43)) - raft.server.snapshot.auto.trigger.enabled = true (custom)
2019-10-10 18:46:18,456 [pool-433-thread-1] INFO  server.RaftServerConfigKeys (ConfUtils.java:logGet(43)) - raft.server.snapshot.auto.trigger.threshold = 10000 (custom)
2019-10-10 18:46:18,457 [pool-433-thread-1] INFO  server.RaftServerConfigKeys (ConfUtils.java:logGet(43)) - raft.server.snapshot.retention.file.num = 5 (custom)
2019-10-10 18:46:18,457 [pool-433-thread-1] INFO  server.RaftServerConfigKeys (ConfUtils.java:logGet(43)) - raft.server.retrycache.expirytime = 600000ms (custom)
2019-10-10 18:46:18,461 [pool-443-thread-1] INFO  storage.RaftStorageDirectory (RaftStorageDirectory.java:tryLock(328)) - Lock on /workdir/hadoop-ozone/integration-test/target/test-dir/MiniOzoneClusterImpl-9d54b50b-7c31-4a51-85ff-8b8e72266c23/datanode-6/data/ratis/97e7a7e2-1eb3-4fbd-923d-dce6c0e404a5/in_use.lock acquired by nodename 17270@pr-hdds-1986-hdr44-321838893
2019-10-10 18:46:18,462 [pool-433-thread-1] INFO  impl.RaftServerImpl (RaftServerImpl.java:start(181)) - c7b03e79-217d-4f3b-88bd-f74f5bda030b@group-DCE6C0E404A5: start as a follower, conf=-1: [8a124691-369b-4524-a82b-23c8c65c16f9:192.168.164.239:43114, c7b03e79-217d-4f3b-88bd-f74f5bda030b:192.168.164.239:34403, 0b82082f-2c23-4fb8-80b3-54e89e328117:192.168.164.239:39078], old=null
2019-10-10 18:46:18,462 [pool-433-thread-1] INFO  impl.RaftServerImpl (RaftServerImpl.java:setRole(170)) - c7b03e79-217d-4f3b-88bd-f74f5bda030b@group-DCE6C0E404A5: changes role from      null to FOLLOWER at term 0 for startAsFollower
2019-10-10 18:46:18,463 [pool-433-thread-1] INFO  impl.RoleInfo (RoleInfo.java:updateAndGet(143)) - c7b03e79-217d-4f3b-88bd-f74f5bda030b: start FollowerState
2019-10-10 18:46:18,463 [pool-433-thread-1] INFO  util.JmxRegister (JmxRegister.java:tryRegister(44)) - Successfully registered JMX Bean with object name Ratis:service=RaftServer,group=group-DCE6C0E404A5,id=c7b03e79-217d-4f3b-88bd-f74f5bda030b
2019-10-10 18:46:18,478 [pool-443-thread-1] INFO  storage.RaftStorage (RaftStorage.java:format(84)) - Storage directory /workdir/hadoop-ozone/integration-test/target/test-dir/MiniOzoneClusterImpl-9d54b50b-7c31-4a51-85ff-8b8e72266c23/datanode-6/data/ratis/97e7a7e2-1eb3-4fbd-923d-dce6c0e404a5 has been successfully formatted.
2019-10-10 18:46:18,479 [pool-443-thread-1] INFO  ratis.ContainerStateMachine (ContainerStateMachine.java:loadSnapshot(231)) - group-DCE6C0E404A5: The snapshot info is null. Setting the last applied indexto:(t:0, i:~)
2019-10-10 18:46:18,479 [pool-443-thread-1] INFO  server.RaftServerConfigKeys (ConfUtils.java:logGet(43)) - raft.server.notification.no-leader.timeout = 120s (custom)
2019-10-10 18:46:18,479 [pool-443-thread-1] INFO  server.RaftServerConfigKeys (ConfUtils.java:logGet(43)) - raft.server.log.use.memory = false (default)
2019-10-10 18:46:18,479 [pool-443-thread-1] INFO  server.RaftServerConfigKeys (ConfUtils.java:logGet(43)) - raft.server.log.purge.gap = 1000000 (custom)
2019-10-10 18:46:18,480 [pool-443-thread-1] INFO  server.RaftServerConfigKeys (ConfUtils.java:logGet(43)) - raft.server.log.appender.buffer.byte-limit = 33554432 (custom)
2019-10-10 18:46:18,480 [pool-443-thread-1] INFO  server.RaftServerConfigKeys (ConfUtils.java:logGet(43)) - raft.server.log.segment.size.max = 1048576 (custom)
2019-10-10 18:46:18,480 [pool-443-thread-1] INFO  server.RaftServerConfigKeys (ConfUtils.java:logGet(43)) - raft.server.log.segment.cache.num.max = 2 (custom)
2019-10-10 18:46:18,480 [pool-443-thread-1] INFO  segmented.SegmentedRaftLogWorker (SegmentedRaftLogWorker.java:<init>(173)) - new 8a124691-369b-4524-a82b-23c8c65c16f9@group-DCE6C0E404A5-SegmentedRaftLogWorker for RaftStorage:Storage Directory /workdir/hadoop-ozone/integration-test/target/test-dir/MiniOzoneClusterImpl-9d54b50b-7c31-4a51-85ff-8b8e72266c23/datanode-6/data/ratis/97e7a7e2-1eb3-4fbd-923d-dce6c0e404a5
2019-10-10 18:46:18,480 [pool-443-thread-1] INFO  server.RaftServerConfigKeys (ConfUtils.java:logGet(43)) - raft.server.log.queue.byte-limit = 2147483647 (custom)
2019-10-10 18:46:18,480 [pool-443-thread-1] INFO  server.RaftServerConfigKeys (ConfUtils.java:logGet(43)) - raft.server.log.queue.element-limit = 1024 (custom)
2019-10-10 18:46:18,480 [pool-443-thread-1] INFO  server.RaftServerConfigKeys (ConfUtils.java:logGet(43)) - raft.server.log.segment.size.max = 1048576 (custom)
2019-10-10 18:46:18,481 [pool-443-thread-1] INFO  server.RaftServerConfigKeys (ConfUtils.java:logGet(43)) - raft.server.log.preallocated.size = 16384 (custom)
2019-10-10 18:46:18,481 [pool-443-thread-1] INFO  server.RaftServerConfigKeys (ConfUtils.java:logGet(43)) - raft.server.log.write.buffer.size = 33554432 (custom)
2019-10-10 18:46:18,481 [pool-443-thread-1] INFO  server.RaftServerConfigKeys (ConfUtils.java:logGet(43)) - raft.server.log.force.sync.num = 128 (default)
2019-10-10 18:46:18,481 [pool-443-thread-1] INFO  server.RaftServerConfigKeys (ConfUtils.java:logGet(43)) - raft.server.log.statemachine.data.sync = true (default)
2019-10-10 18:46:18,481 [pool-443-thread-1] INFO  server.RaftServerConfigKeys (ConfUtils.java:logGet(43)) - raft.server.log.statemachine.data.sync.timeout = 10s (default)
2019-10-10 18:46:18,481 [pool-443-thread-1] INFO  server.RaftServerConfigKeys (ConfUtils.java:logGet(43)) - raft.server.log.statemachine.data.sync.timeout.retry = -1 (default)
2019-10-10 18:46:18,481 [pool-443-thread-1] INFO  server.RaftServerConfigKeys (ConfUtils.java:logGet(43)) - raft.server.log.statemachine.data.caching.enabled = true (custom)
2019-10-10 18:46:18,482 [pool-443-thread-1] INFO  segmented.SegmentedRaftLogWorker (SegmentedRaftLogWorker.java:lambda$new$0(128)) - 8a124691-369b-4524-a82b-23c8c65c16f9@group-DCE6C0E404A5-SegmentedRaftLogWorker: flushIndex: setUnconditionally 0 -> -1
2019-10-10 18:46:18,482 [pool-443-thread-1] INFO  server.RaftServerConfigKeys (ConfUtils.java:logGet(43)) - raft.server.snapshot.auto.trigger.enabled = true (custom)
2019-10-10 18:46:18,482 [pool-443-thread-1] INFO  server.RaftServerConfigKeys (ConfUtils.java:logGet(43)) - raft.server.snapshot.auto.trigger.threshold = 10000 (custom)
2019-10-10 18:46:18,482 [pool-443-thread-1] INFO  server.RaftServerConfigKeys (ConfUtils.java:logGet(43)) - raft.server.snapshot.retention.file.num = 5 (custom)
2019-10-10 18:46:18,483 [pool-443-thread-1] INFO  server.RaftServerConfigKeys (ConfUtils.java:logGet(43)) - raft.server.retrycache.expirytime = 600000ms (custom)
2019-10-10 18:46:18,485 [pool-443-thread-1] INFO  impl.RaftServerImpl (RaftServerImpl.java:start(181)) - 8a124691-369b-4524-a82b-23c8c65c16f9@group-DCE6C0E404A5: start as a follower, conf=-1: [8a124691-369b-4524-a82b-23c8c65c16f9:192.168.164.239:43114, c7b03e79-217d-4f3b-88bd-f74f5bda030b:192.168.164.239:34403, 0b82082f-2c23-4fb8-80b3-54e89e328117:192.168.164.239:39078], old=null
2019-10-10 18:46:18,485 [pool-443-thread-1] INFO  impl.RaftServerImpl (RaftServerImpl.java:setRole(170)) - 8a124691-369b-4524-a82b-23c8c65c16f9@group-DCE6C0E404A5: changes role from      null to FOLLOWER at term 0 for startAsFollower
2019-10-10 18:46:18,485 [pool-443-thread-1] INFO  impl.RoleInfo (RoleInfo.java:updateAndGet(143)) - 8a124691-369b-4524-a82b-23c8c65c16f9: start FollowerState
2019-10-10 18:46:18,485 [pool-423-thread-1] INFO  storage.RaftStorage (RaftStorage.java:format(84)) - Storage directory /workdir/hadoop-ozone/integration-test/target/test-dir/MiniOzoneClusterImpl-9d54b50b-7c31-4a51-85ff-8b8e72266c23/datanode-4/data/ratis/97e7a7e2-1eb3-4fbd-923d-dce6c0e404a5 has been successfully formatted.
2019-10-10 18:46:18,486 [pool-423-thread-1] INFO  ratis.ContainerStateMachine (ContainerStateMachine.java:loadSnapshot(231)) - group-DCE6C0E404A5: The snapshot info is null. Setting the last applied indexto:(t:0, i:~)
2019-10-10 18:46:18,486 [pool-423-thread-1] INFO  server.RaftServerConfigKeys (ConfUtils.java:logGet(43)) - raft.server.notification.no-leader.timeout = 120s (custom)
2019-10-10 18:46:18,486 [pool-423-thread-1] INFO  server.RaftServerConfigKeys (ConfUtils.java:logGet(43)) - raft.server.log.use.memory = false (default)
2019-10-10 18:46:18,486 [pool-423-thread-1] INFO  server.RaftServerConfigKeys (ConfUtils.java:logGet(43)) - raft.server.log.purge.gap = 1000000 (custom)
2019-10-10 18:46:18,486 [pool-423-thread-1] INFO  server.RaftServerConfigKeys (ConfUtils.java:logGet(43)) - raft.server.log.appender.buffer.byte-limit = 33554432 (custom)
2019-10-10 18:46:18,487 [pool-423-thread-1] INFO  server.RaftServerConfigKeys (ConfUtils.java:logGet(43)) - raft.server.log.segment.size.max = 1048576 (custom)
2019-10-10 18:46:18,487 [pool-423-thread-1] INFO  server.RaftServerConfigKeys (ConfUtils.java:logGet(43)) - raft.server.log.segment.cache.num.max = 2 (custom)
2019-10-10 18:46:18,487 [pool-423-thread-1] INFO  segmented.SegmentedRaftLogWorker (SegmentedRaftLogWorker.java:<init>(173)) - new 0b82082f-2c23-4fb8-80b3-54e89e328117@group-DCE6C0E404A5-SegmentedRaftLogWorker for RaftStorage:Storage Directory /workdir/hadoop-ozone/integration-test/target/test-dir/MiniOzoneClusterImpl-9d54b50b-7c31-4a51-85ff-8b8e72266c23/datanode-4/data/ratis/97e7a7e2-1eb3-4fbd-923d-dce6c0e404a5
2019-10-10 18:46:18,487 [pool-423-thread-1] INFO  server.RaftServerConfigKeys (ConfUtils.java:logGet(43)) - raft.server.log.queue.byte-limit = 2147483647 (custom)
2019-10-10 18:46:18,487 [pool-423-thread-1] INFO  server.RaftServerConfigKeys (ConfUtils.java:logGet(43)) - raft.server.log.queue.element-limit = 1024 (custom)
2019-10-10 18:46:18,487 [pool-423-thread-1] INFO  server.RaftServerConfigKeys (ConfUtils.java:logGet(43)) - raft.server.log.segment.size.max = 1048576 (custom)
2019-10-10 18:46:18,487 [pool-423-thread-1] INFO  server.RaftServerConfigKeys (ConfUtils.java:logGet(43)) - raft.server.log.preallocated.size = 16384 (custom)
2019-10-10 18:46:18,488 [pool-423-thread-1] INFO  server.RaftServerConfigKeys (ConfUtils.java:logGet(43)) - raft.server.log.write.buffer.size = 33554432 (custom)
2019-10-10 18:46:18,488 [pool-423-thread-1] INFO  server.RaftServerConfigKeys (ConfUtils.java:logGet(43)) - raft.server.log.force.sync.num = 128 (default)
2019-10-10 18:46:18,488 [pool-423-thread-1] INFO  server.RaftServerConfigKeys (ConfUtils.java:logGet(43)) - raft.server.log.statemachine.data.sync = true (default)
2019-10-10 18:46:18,488 [pool-423-thread-1] INFO  server.RaftServerConfigKeys (ConfUtils.java:logGet(43)) - raft.server.log.statemachine.data.sync.timeout = 10s (default)
2019-10-10 18:46:18,488 [pool-423-thread-1] INFO  server.RaftServerConfigKeys (ConfUtils.java:logGet(43)) - raft.server.log.statemachine.data.sync.timeout.retry = -1 (default)
2019-10-10 18:46:18,488 [pool-443-thread-1] INFO  util.JmxRegister (JmxRegister.java:tryRegister(44)) - Successfully registered JMX Bean with object name Ratis:service=RaftServer,group=group-DCE6C0E404A5,id=8a124691-369b-4524-a82b-23c8c65c16f9
2019-10-10 18:46:18,490 [pool-423-thread-1] INFO  server.RaftServerConfigKeys (ConfUtils.java:logGet(43)) - raft.server.log.statemachine.data.caching.enabled = true (custom)
2019-10-10 18:46:18,491 [pool-423-thread-1] INFO  segmented.SegmentedRaftLogWorker (SegmentedRaftLogWorker.java:lambda$new$0(128)) - 0b82082f-2c23-4fb8-80b3-54e89e328117@group-DCE6C0E404A5-SegmentedRaftLogWorker: flushIndex: setUnconditionally 0 -> -1
2019-10-10 18:46:18,492 [pool-423-thread-1] INFO  server.RaftServerConfigKeys (ConfUtils.java:logGet(43)) - raft.server.snapshot.auto.trigger.enabled = true (custom)
2019-10-10 18:46:18,492 [pool-423-thread-1] INFO  server.RaftServerConfigKeys (ConfUtils.java:logGet(43)) - raft.server.snapshot.auto.trigger.threshold = 10000 (custom)
2019-10-10 18:46:18,492 [pool-423-thread-1] INFO  server.RaftServerConfigKeys (ConfUtils.java:logGet(43)) - raft.server.snapshot.retention.file.num = 5 (custom)
2019-10-10 18:46:18,493 [pool-423-thread-1] INFO  server.RaftServerConfigKeys (ConfUtils.java:logGet(43)) - raft.server.retrycache.expirytime = 600000ms (custom)
2019-10-10 18:46:18,494 [pool-423-thread-1] INFO  impl.RaftServerImpl (RaftServerImpl.java:start(181)) - 0b82082f-2c23-4fb8-80b3-54e89e328117@group-DCE6C0E404A5: start as a follower, conf=-1: [8a124691-369b-4524-a82b-23c8c65c16f9:192.168.164.239:43114, c7b03e79-217d-4f3b-88bd-f74f5bda030b:192.168.164.239:34403, 0b82082f-2c23-4fb8-80b3-54e89e328117:192.168.164.239:39078], old=null
2019-10-10 18:46:18,494 [pool-423-thread-1] INFO  impl.RaftServerImpl (RaftServerImpl.java:setRole(170)) - 0b82082f-2c23-4fb8-80b3-54e89e328117@group-DCE6C0E404A5: changes role from      null to FOLLOWER at term 0 for startAsFollower
2019-10-10 18:46:18,494 [pool-423-thread-1] INFO  impl.RoleInfo (RoleInfo.java:updateAndGet(143)) - 0b82082f-2c23-4fb8-80b3-54e89e328117: start FollowerState
2019-10-10 18:46:18,494 [pool-423-thread-1] INFO  util.JmxRegister (JmxRegister.java:tryRegister(44)) - Successfully registered JMX Bean with object name Ratis:service=RaftServer,group=group-DCE6C0E404A5,id=0b82082f-2c23-4fb8-80b3-54e89e328117
2019-10-10 18:46:18,498 [RatisPipelineUtilsThread] INFO  pipeline.PipelineStateManager (PipelineStateManager.java:addPipeline(56)) - Created pipeline Pipeline[ Id: 97e7a7e2-1eb3-4fbd-923d-dce6c0e404a5, Nodes: 0b82082f-2c23-4fb8-80b3-54e89e328117{ip: 192.168.164.239, host: pr-hdds-1986-hdr44-321838893, networkLocation: /default-rack, certSerialId: null}8a124691-369b-4524-a82b-23c8c65c16f9{ip: 192.168.164.239, host: pr-hdds-1986-hdr44-321838893, networkLocation: /default-rack, certSerialId: null}c7b03e79-217d-4f3b-88bd-f74f5bda030b{ip: 192.168.164.239, host: pr-hdds-1986-hdr44-321838893, networkLocation: /default-rack, certSerialId: null}, Type:RATIS, Factor:THREE, State:OPEN]
2019-10-10 18:46:19,140 [main] INFO  ozone.MiniOzoneClusterImpl (MiniOzoneClusterImpl.java:lambda$waitForClusterToBeReady$0(147)) - Cluster is ready. Got 7 of 7 DN Heartbeats.
2019-10-10 18:46:19,215 [main] INFO  rpc.RpcClient (RpcClient.java:createVolume(272)) - Creating Volume: watchforcommithandlingtest, with jenkins1000 as owner.
2019-10-10 18:46:19,218 [IPC Server handler 2 on 41748] INFO  volume.OMVolumeCreateRequest (OMVolumeCreateRequest.java:validateAndUpdateCache(193)) - created volume:watchforcommithandlingtest for user:jenkins1000
2019-10-10 18:46:19,239 [main] INFO  rpc.RpcClient (RpcClient.java:createBucket(411)) - Creating Bucket: watchforcommithandlingtest/watchforcommithandlingtest, with Versioning false and Storage Type set to DISK and Encryption set to false 
2019-10-10 18:46:19,245 [main] INFO  ozone.MiniOzoneClusterImpl (MiniOzoneClusterImpl.java:getStorageContainerLocationClient(234)) - Creating StorageContainerLocationProtocol RPC client with address /0.0.0.0:41404
2019-10-10 18:46:20,178 [grpc-default-executor-0] WARN  server.GrpcLogAppender (LogUtils.java:warn(134)) - 1efb21a3-f684-468a-b169-b6be23b2e470@group-E02D28FB7DD5->56c7f49a-0896-472f-aa97-bf6ea0e1870f-AppendLogResponseHandler: Failed appendEntries: org.apache.ratis.thirdparty.io.grpc.StatusRuntimeException: UNAVAILABLE: io exception
2019-10-10 18:46:20,178 [grpc-default-executor-0] INFO  impl.FollowerInfo (FollowerInfo.java:lambda$new$0(51)) - 1efb21a3-f684-468a-b169-b6be23b2e470@group-E02D28FB7DD5->56c7f49a-0896-472f-aa97-bf6ea0e1870f: nextIndex: updateUnconditionally 0 -> 0
2019-10-10 18:46:20,180 [grpc-default-executor-3] WARN  server.GrpcLogAppender (LogUtils.java:warn(134)) - 1efb21a3-f684-468a-b169-b6be23b2e470@group-E02D28FB7DD5->beaf6bb1-9637-4bc7-baee-c1d101cc238c-AppendLogResponseHandler: Failed appendEntries: org.apache.ratis.thirdparty.io.grpc.StatusRuntimeException: UNAVAILABLE: io exception
2019-10-10 18:46:20,180 [grpc-default-executor-3] INFO  impl.FollowerInfo (FollowerInfo.java:lambda$new$0(51)) - 1efb21a3-f684-468a-b169-b6be23b2e470@group-E02D28FB7DD5->beaf6bb1-9637-4bc7-baee-c1d101cc238c: nextIndex: updateUnconditionally 0 -> 0
2019-10-10 18:46:20,562 [Thread-2320] INFO  container.ReplicationManager (ReplicationManager.java:start(162)) - Starting Replication Monitor Thread.
2019-10-10 18:46:20,572 [ReplicationMonitor] INFO  container.ReplicationManager (ReplicationManager.java:run(225)) - Replication Monitor Thread took 0 milliseconds for processing 1 containers.
2019-10-10 18:46:21,682 [Thread-2377] INFO  client.GrpcClientProtocolService (GrpcClientProtocolService.java:lambda$processClientRequest$0(278)) - Failed RaftClientRequest:client-E6BFD2B3D48D->1efb21a3-f684-468a-b169-b6be23b2e470@group-E02D28FB7DD5, cid=68, seq=0, Watch-MAJORITY_COMMITTED(23), Message:<EMPTY>, reply=RaftClientReply:client-E6BFD2B3D48D->1efb21a3-f684-468a-b169-b6be23b2e470@group-E02D28FB7DD5, cid=68, FAILED org.apache.ratis.protocol.NotReplicatedException: Request with call Id 68 and log index 23 is not yet replicated to MAJORITY_COMMITTED, logIndex=23, commits[1efb21a3-f684-468a-b169-b6be23b2e470:c2, beaf6bb1-9637-4bc7-baee-c1d101cc238c:c2, 56c7f49a-0896-472f-aa97-bf6ea0e1870f:c2]
2019-10-10 18:46:21,682 [Thread-2378] INFO  client.GrpcClientProtocolService (GrpcClientProtocolService.java:lambda$processClientRequest$0(278)) - Failed RaftClientRequest:client-E6BFD2B3D48D->1efb21a3-f684-468a-b169-b6be23b2e470@group-E02D28FB7DD5, cid=67, seq=0, Watch-ALL_COMMITTED(23), Message:<EMPTY>, reply=RaftClientReply:client-E6BFD2B3D48D->1efb21a3-f684-468a-b169-b6be23b2e470@group-E02D28FB7DD5, cid=67, FAILED org.apache.ratis.protocol.NotReplicatedException: Request with call Id 67 and log index 23 is not yet replicated to ALL_COMMITTED, logIndex=23, commits[1efb21a3-f684-468a-b169-b6be23b2e470:c2, beaf6bb1-9637-4bc7-baee-c1d101cc238c:c2, 56c7f49a-0896-472f-aa97-bf6ea0e1870f:c2]
2019-10-10 18:46:22,678 [grpc-default-executor-7] WARN  server.GrpcLogAppender (LogUtils.java:warn(134)) - 1efb21a3-f684-468a-b169-b6be23b2e470@group-E02D28FB7DD5->56c7f49a-0896-472f-aa97-bf6ea0e1870f-AppendLogResponseHandler: Failed appendEntries: org.apache.ratis.thirdparty.io.grpc.StatusRuntimeException: UNAVAILABLE: io exception
2019-10-10 18:46:22,679 [grpc-default-executor-7] INFO  impl.FollowerInfo (FollowerInfo.java:lambda$new$0(51)) - 1efb21a3-f684-468a-b169-b6be23b2e470@group-E02D28FB7DD5->56c7f49a-0896-472f-aa97-bf6ea0e1870f: nextIndex: updateUnconditionally 0 -> 0
2019-10-10 18:46:22,681 [grpc-default-executor-7] WARN  server.GrpcLogAppender (LogUtils.java:warn(134)) - 1efb21a3-f684-468a-b169-b6be23b2e470@group-E02D28FB7DD5->beaf6bb1-9637-4bc7-baee-c1d101cc238c-AppendLogResponseHandler: Failed appendEntries: org.apache.ratis.thirdparty.io.grpc.StatusRuntimeException: UNAVAILABLE: io exception
2019-10-10 18:46:22,681 [grpc-default-executor-7] INFO  impl.FollowerInfo (FollowerInfo.java:lambda$new$0(51)) - 1efb21a3-f684-468a-b169-b6be23b2e470@group-E02D28FB7DD5->beaf6bb1-9637-4bc7-baee-c1d101cc238c: nextIndex: updateUnconditionally 0 -> 0
2019-10-10 18:46:22,695 [Thread-2322] INFO  impl.FollowerState (FollowerState.java:run(108)) - f539186a-062d-4db6-9264-a61b4b21c70f@group-BF85A3B800FB-FollowerState: change to CANDIDATE, lastRpcTime:5063ms, electionTimeout:5063ms
2019-10-10 18:46:22,695 [Thread-2322] INFO  impl.RoleInfo (RoleInfo.java:shutdownFollowerState(121)) - f539186a-062d-4db6-9264-a61b4b21c70f: shutdown FollowerState
2019-10-10 18:46:22,695 [Thread-2322] INFO  impl.RaftServerImpl (RaftServerImpl.java:setRole(170)) - f539186a-062d-4db6-9264-a61b4b21c70f@group-BF85A3B800FB: changes role from  FOLLOWER to CANDIDATE at term 0 for changeToCandidate
2019-10-10 18:46:22,695 [Thread-2322] INFO  impl.RoleInfo (RoleInfo.java:updateAndGet(143)) - f539186a-062d-4db6-9264-a61b4b21c70f: start LeaderElection
2019-10-10 18:46:22,783 [Thread-2325] INFO  impl.FollowerState (FollowerState.java:run(108)) - 453ab731-e9d7-4b51-a799-1b524241158f@group-B94D44D23EC2-FollowerState: change to CANDIDATE, lastRpcTime:5073ms, electionTimeout:5073ms
2019-10-10 18:46:22,783 [Thread-2325] INFO  impl.RoleInfo (RoleInfo.java:shutdownFollowerState(121)) - 453ab731-e9d7-4b51-a799-1b524241158f: shutdown FollowerState
2019-10-10 18:46:22,783 [Thread-2325] INFO  impl.RaftServerImpl (RaftServerImpl.java:setRole(170)) - 453ab731-e9d7-4b51-a799-1b524241158f@group-B94D44D23EC2: changes role from  FOLLOWER to CANDIDATE at term 0 for changeToCandidate
2019-10-10 18:46:22,783 [Thread-2325] INFO  impl.RoleInfo (RoleInfo.java:updateAndGet(143)) - 453ab731-e9d7-4b51-a799-1b524241158f: start LeaderElection
2019-10-10 18:46:22,898 [Thread-2328] INFO  impl.FollowerState (FollowerState.java:run(108)) - 92990ffb-9a6c-4ccd-afcc-37afd3c6fa21@group-6203C27A0F42-FollowerState: change to CANDIDATE, lastRpcTime:5081ms, electionTimeout:5081ms
2019-10-10 18:46:22,899 [Thread-2328] INFO  impl.RoleInfo (RoleInfo.java:shutdownFollowerState(121)) - 92990ffb-9a6c-4ccd-afcc-37afd3c6fa21: shutdown FollowerState
2019-10-10 18:46:22,899 [Thread-2328] INFO  impl.RaftServerImpl (RaftServerImpl.java:setRole(170)) - 92990ffb-9a6c-4ccd-afcc-37afd3c6fa21@group-6203C27A0F42: changes role from  FOLLOWER to CANDIDATE at term 0 for changeToCandidate
2019-10-10 18:46:22,899 [Thread-2328] INFO  impl.RoleInfo (RoleInfo.java:updateAndGet(143)) - 92990ffb-9a6c-4ccd-afcc-37afd3c6fa21: start LeaderElection
2019-10-10 18:46:22,963 [Thread-2334] INFO  impl.FollowerState (FollowerState.java:run(108)) - 453ab731-e9d7-4b51-a799-1b524241158f@group-E6A29F0D38F4-FollowerState: change to CANDIDATE, lastRpcTime:5040ms, electionTimeout:5038ms
2019-10-10 18:46:22,964 [Thread-2334] INFO  impl.RoleInfo (RoleInfo.java:shutdownFollowerState(121)) - 453ab731-e9d7-4b51-a799-1b524241158f: shutdown FollowerState
2019-10-10 18:46:22,964 [Thread-2334] INFO  impl.RaftServerImpl (RaftServerImpl.java:setRole(170)) - 453ab731-e9d7-4b51-a799-1b524241158f@group-E6A29F0D38F4: changes role from  FOLLOWER to CANDIDATE at term 0 for changeToCandidate
2019-10-10 18:46:22,964 [Thread-2334] INFO  impl.RoleInfo (RoleInfo.java:updateAndGet(143)) - 453ab731-e9d7-4b51-a799-1b524241158f: start LeaderElection
2019-10-10 18:46:22,986 [f539186a-062d-4db6-9264-a61b4b21c70f@group-BF85A3B800FB-LeaderElection53] INFO  impl.LeaderElection (LeaderElection.java:askForVotes(178)) - f539186a-062d-4db6-9264-a61b4b21c70f@group-BF85A3B800FB-LeaderElection53: begin an election at term 1 for -1: [f539186a-062d-4db6-9264-a61b4b21c70f:192.168.164.239:32904], old=null
2019-10-10 18:46:22,986 [f539186a-062d-4db6-9264-a61b4b21c70f@group-BF85A3B800FB-LeaderElection53] INFO  impl.RoleInfo (RoleInfo.java:shutdownLeaderElection(134)) - f539186a-062d-4db6-9264-a61b4b21c70f: shutdown LeaderElection
2019-10-10 18:46:22,986 [f539186a-062d-4db6-9264-a61b4b21c70f@group-BF85A3B800FB-LeaderElection53] INFO  impl.RaftServerImpl (RaftServerImpl.java:setRole(170)) - f539186a-062d-4db6-9264-a61b4b21c70f@group-BF85A3B800FB: changes role from CANDIDATE to LEADER at term 1 for changeToLeader
2019-10-10 18:46:22,986 [f539186a-062d-4db6-9264-a61b4b21c70f@group-BF85A3B800FB-LeaderElection53] INFO  impl.RaftServerImpl (ServerState.java:setLeader(255)) - f539186a-062d-4db6-9264-a61b4b21c70f@group-BF85A3B800FB: change Leader from null to f539186a-062d-4db6-9264-a61b4b21c70f at term 1 for becomeLeader, leader elected after 5362ms
2019-10-10 18:46:22,986 [f539186a-062d-4db6-9264-a61b4b21c70f@group-BF85A3B800FB-LeaderElection53] INFO  server.RaftServerConfigKeys (ConfUtils.java:logGet(43)) - raft.server.staging.catchup.gap = 1000 (default)
2019-10-10 18:46:22,986 [f539186a-062d-4db6-9264-a61b4b21c70f@group-BF85A3B800FB-LeaderElection53] INFO  server.RaftServerConfigKeys (ConfUtils.java:logGet(43)) - raft.server.rpc.sleep.time = 25ms (default)
2019-10-10 18:46:22,986 [f539186a-062d-4db6-9264-a61b4b21c70f@group-BF85A3B800FB-LeaderElection53] INFO  server.RaftServerConfigKeys (ConfUtils.java:logGet(43)) - raft.server.write.element-limit = 4096 (default)
2019-10-10 18:46:22,986 [f539186a-062d-4db6-9264-a61b4b21c70f@group-BF85A3B800FB-LeaderElection53] INFO  server.RaftServerConfigKeys (ConfUtils.java:logGet(43)) - raft.server.watch.timeout = 10s (default)
2019-10-10 18:46:22,986 [f539186a-062d-4db6-9264-a61b4b21c70f@group-BF85A3B800FB-LeaderElection53] INFO  server.RaftServerConfigKeys (ConfUtils.java:logGet(43)) - raft.server.watch.timeout.denomination = 1s (default)
2019-10-10 18:46:22,987 [f539186a-062d-4db6-9264-a61b4b21c70f@group-BF85A3B800FB-LeaderElection53] INFO  server.RaftServerConfigKeys (ConfUtils.java:logGet(43)) - raft.server.watch.element-limit = 65536 (default)
2019-10-10 18:46:22,988 [f539186a-062d-4db6-9264-a61b4b21c70f@group-BF85A3B800FB-LeaderElection53] INFO  impl.RoleInfo (RoleInfo.java:updateAndGet(143)) - f539186a-062d-4db6-9264-a61b4b21c70f: start LeaderState
2019-10-10 18:46:22,988 [f539186a-062d-4db6-9264-a61b4b21c70f@group-BF85A3B800FB-LeaderElection53] INFO  segmented.SegmentedRaftLogWorker (SegmentedRaftLogWorker.java:startLogSegment(385)) - f539186a-062d-4db6-9264-a61b4b21c70f@group-BF85A3B800FB-SegmentedRaftLogWorker: Starting segment from index:0
2019-10-10 18:46:22,988 [f539186a-062d-4db6-9264-a61b4b21c70f@group-BF85A3B800FB-LeaderElection53] INFO  impl.RaftServerImpl (ServerState.java:setRaftConf(356)) - f539186a-062d-4db6-9264-a61b4b21c70f@group-BF85A3B800FB: set configuration 0: [f539186a-062d-4db6-9264-a61b4b21c70f:192.168.164.239:32904], old=null at 0
2019-10-10 18:46:23,003 [453ab731-e9d7-4b51-a799-1b524241158f@group-B94D44D23EC2-LeaderElection54] INFO  impl.LeaderElection (LeaderElection.java:askForVotes(178)) - 453ab731-e9d7-4b51-a799-1b524241158f@group-B94D44D23EC2-LeaderElection54: begin an election at term 1 for -1: [453ab731-e9d7-4b51-a799-1b524241158f:192.168.164.239:43671], old=null
2019-10-10 18:46:23,003 [453ab731-e9d7-4b51-a799-1b524241158f@group-E6A29F0D38F4-LeaderElection56] INFO  impl.LeaderElection (LeaderElection.java:askForVotes(178)) - 453ab731-e9d7-4b51-a799-1b524241158f@group-E6A29F0D38F4-LeaderElection56: begin an election at term 1 for -1: [453ab731-e9d7-4b51-a799-1b524241158f:192.168.164.239:43671, 92990ffb-9a6c-4ccd-afcc-37afd3c6fa21:192.168.164.239:41703, f539186a-062d-4db6-9264-a61b4b21c70f:192.168.164.239:32904], old=null
2019-10-10 18:46:23,003 [453ab731-e9d7-4b51-a799-1b524241158f@group-B94D44D23EC2-LeaderElection54] INFO  impl.RoleInfo (RoleInfo.java:shutdownLeaderElection(134)) - 453ab731-e9d7-4b51-a799-1b524241158f: shutdown LeaderElection
2019-10-10 18:46:23,003 [92990ffb-9a6c-4ccd-afcc-37afd3c6fa21@group-6203C27A0F42-LeaderElection55] INFO  impl.LeaderElection (LeaderElection.java:askForVotes(178)) - 92990ffb-9a6c-4ccd-afcc-37afd3c6fa21@group-6203C27A0F42-LeaderElection55: begin an election at term 1 for -1: [92990ffb-9a6c-4ccd-afcc-37afd3c6fa21:192.168.164.239:41703], old=null
2019-10-10 18:46:23,003 [453ab731-e9d7-4b51-a799-1b524241158f@group-B94D44D23EC2-LeaderElection54] INFO  impl.RaftServerImpl (RaftServerImpl.java:setRole(170)) - 453ab731-e9d7-4b51-a799-1b524241158f@group-B94D44D23EC2: changes role from CANDIDATE to LEADER at term 1 for changeToLeader
2019-10-10 18:46:23,003 [92990ffb-9a6c-4ccd-afcc-37afd3c6fa21@group-6203C27A0F42-LeaderElection55] INFO  impl.RoleInfo (RoleInfo.java:shutdownLeaderElection(134)) - 92990ffb-9a6c-4ccd-afcc-37afd3c6fa21: shutdown LeaderElection
2019-10-10 18:46:23,003 [453ab731-e9d7-4b51-a799-1b524241158f@group-B94D44D23EC2-LeaderElection54] INFO  impl.RaftServerImpl (ServerState.java:setLeader(255)) - 453ab731-e9d7-4b51-a799-1b524241158f@group-B94D44D23EC2: change Leader from null to 453ab731-e9d7-4b51-a799-1b524241158f at term 1 for becomeLeader, leader elected after 5298ms
2019-10-10 18:46:23,003 [92990ffb-9a6c-4ccd-afcc-37afd3c6fa21@group-6203C27A0F42-LeaderElection55] INFO  impl.RaftServerImpl (RaftServerImpl.java:setRole(170)) - 92990ffb-9a6c-4ccd-afcc-37afd3c6fa21@group-6203C27A0F42: changes role from CANDIDATE to LEADER at term 1 for changeToLeader
2019-10-10 18:46:23,004 [453ab731-e9d7-4b51-a799-1b524241158f@group-B94D44D23EC2-LeaderElection54] INFO  server.RaftServerConfigKeys (ConfUtils.java:logGet(43)) - raft.server.staging.catchup.gap = 1000 (default)
2019-10-10 18:46:23,004 [92990ffb-9a6c-4ccd-afcc-37afd3c6fa21@group-6203C27A0F42-LeaderElection55] INFO  impl.RaftServerImpl (ServerState.java:setLeader(255)) - 92990ffb-9a6c-4ccd-afcc-37afd3c6fa21@group-6203C27A0F42: change Leader from null to 92990ffb-9a6c-4ccd-afcc-37afd3c6fa21 at term 1 for becomeLeader, leader elected after 5197ms
2019-10-10 18:46:23,004 [453ab731-e9d7-4b51-a799-1b524241158f@group-B94D44D23EC2-LeaderElection54] INFO  server.RaftServerConfigKeys (ConfUtils.java:logGet(43)) - raft.server.rpc.sleep.time = 25ms (default)
2019-10-10 18:46:23,004 [92990ffb-9a6c-4ccd-afcc-37afd3c6fa21@group-6203C27A0F42-LeaderElection55] INFO  server.RaftServerConfigKeys (ConfUtils.java:logGet(43)) - raft.server.staging.catchup.gap = 1000 (default)
2019-10-10 18:46:23,004 [92990ffb-9a6c-4ccd-afcc-37afd3c6fa21@group-6203C27A0F42-LeaderElection55] INFO  server.RaftServerConfigKeys (ConfUtils.java:logGet(43)) - raft.server.rpc.sleep.time = 25ms (default)
2019-10-10 18:46:23,004 [453ab731-e9d7-4b51-a799-1b524241158f@group-B94D44D23EC2-LeaderElection54] INFO  server.RaftServerConfigKeys (ConfUtils.java:logGet(43)) - raft.server.write.element-limit = 4096 (default)
2019-10-10 18:46:23,004 [92990ffb-9a6c-4ccd-afcc-37afd3c6fa21@group-6203C27A0F42-LeaderElection55] INFO  server.RaftServerConfigKeys (ConfUtils.java:logGet(43)) - raft.server.write.element-limit = 4096 (default)
2019-10-10 18:46:23,004 [453ab731-e9d7-4b51-a799-1b524241158f@group-B94D44D23EC2-LeaderElection54] INFO  server.RaftServerConfigKeys (ConfUtils.java:logGet(43)) - raft.server.watch.timeout = 10s (default)
2019-10-10 18:46:23,004 [92990ffb-9a6c-4ccd-afcc-37afd3c6fa21@group-6203C27A0F42-LeaderElection55] INFO  server.RaftServerConfigKeys (ConfUtils.java:logGet(43)) - raft.server.watch.timeout = 10s (default)
2019-10-10 18:46:23,004 [453ab731-e9d7-4b51-a799-1b524241158f@group-B94D44D23EC2-LeaderElection54] INFO  server.RaftServerConfigKeys (ConfUtils.java:logGet(43)) - raft.server.watch.timeout.denomination = 1s (default)
2019-10-10 18:46:23,005 [92990ffb-9a6c-4ccd-afcc-37afd3c6fa21@group-6203C27A0F42-LeaderElection55] INFO  server.RaftServerConfigKeys (ConfUtils.java:logGet(43)) - raft.server.watch.timeout.denomination = 1s (default)
2019-10-10 18:46:23,005 [453ab731-e9d7-4b51-a799-1b524241158f@group-B94D44D23EC2-LeaderElection54] INFO  server.RaftServerConfigKeys (ConfUtils.java:logGet(43)) - raft.server.watch.element-limit = 65536 (default)
2019-10-10 18:46:23,005 [92990ffb-9a6c-4ccd-afcc-37afd3c6fa21@group-6203C27A0F42-LeaderElection55] INFO  server.RaftServerConfigKeys (ConfUtils.java:logGet(43)) - raft.server.watch.element-limit = 65536 (default)
2019-10-10 18:46:23,007 [grpc-default-executor-7] INFO  impl.RaftServerImpl (RaftServerImpl.java:setRole(170)) - 92990ffb-9a6c-4ccd-afcc-37afd3c6fa21@group-E6A29F0D38F4: changes role from  FOLLOWER to FOLLOWER at term 1 for recognizeCandidate:453ab731-e9d7-4b51-a799-1b524241158f
2019-10-10 18:46:23,007 [453ab731-e9d7-4b51-a799-1b524241158f@group-B94D44D23EC2-LeaderElection54] INFO  impl.RoleInfo (RoleInfo.java:updateAndGet(143)) - 453ab731-e9d7-4b51-a799-1b524241158f: start LeaderState
2019-10-10 18:46:23,007 [grpc-default-executor-0] INFO  impl.RaftServerImpl (RaftServerImpl.java:setRole(170)) - f539186a-062d-4db6-9264-a61b4b21c70f@group-E6A29F0D38F4: changes role from  FOLLOWER to FOLLOWER at term 1 for recognizeCandidate:453ab731-e9d7-4b51-a799-1b524241158f
2019-10-10 18:46:23,007 [92990ffb-9a6c-4ccd-afcc-37afd3c6fa21@group-6203C27A0F42-LeaderElection55] INFO  impl.RoleInfo (RoleInfo.java:updateAndGet(143)) - 92990ffb-9a6c-4ccd-afcc-37afd3c6fa21: start LeaderState
2019-10-10 18:46:23,007 [grpc-default-executor-7] INFO  impl.RoleInfo (RoleInfo.java:shutdownFollowerState(121)) - 92990ffb-9a6c-4ccd-afcc-37afd3c6fa21: shutdown FollowerState
2019-10-10 18:46:23,007 [453ab731-e9d7-4b51-a799-1b524241158f@group-B94D44D23EC2-LeaderElection54] INFO  segmented.SegmentedRaftLogWorker (SegmentedRaftLogWorker.java:startLogSegment(385)) - 453ab731-e9d7-4b51-a799-1b524241158f@group-B94D44D23EC2-SegmentedRaftLogWorker: Starting segment from index:0
2019-10-10 18:46:23,007 [grpc-default-executor-0] INFO  impl.RoleInfo (RoleInfo.java:shutdownFollowerState(121)) - f539186a-062d-4db6-9264-a61b4b21c70f: shutdown FollowerState
2019-10-10 18:46:23,007 [Thread-2337] INFO  impl.FollowerState (FollowerState.java:run(117)) - 92990ffb-9a6c-4ccd-afcc-37afd3c6fa21@group-E6A29F0D38F4-FollowerState was interrupted: java.lang.InterruptedException: sleep interrupted
2019-10-10 18:46:23,007 [92990ffb-9a6c-4ccd-afcc-37afd3c6fa21@group-6203C27A0F42-LeaderElection55] INFO  segmented.SegmentedRaftLogWorker (SegmentedRaftLogWorker.java:startLogSegment(385)) - 92990ffb-9a6c-4ccd-afcc-37afd3c6fa21@group-6203C27A0F42-SegmentedRaftLogWorker: Starting segment from index:0
2019-10-10 18:46:23,007 [grpc-default-executor-7] INFO  impl.RoleInfo (RoleInfo.java:updateAndGet(143)) - 92990ffb-9a6c-4ccd-afcc-37afd3c6fa21: start FollowerState
2019-10-10 18:46:23,027 [453ab731-e9d7-4b51-a799-1b524241158f@group-B94D44D23EC2-LeaderElection54] INFO  impl.RaftServerImpl (ServerState.java:setRaftConf(356)) - 453ab731-e9d7-4b51-a799-1b524241158f@group-B94D44D23EC2: set configuration 0: [453ab731-e9d7-4b51-a799-1b524241158f:192.168.164.239:43671], old=null at 0
2019-10-10 18:46:23,008 [Thread-2335] INFO  impl.FollowerState (FollowerState.java:run(117)) - f539186a-062d-4db6-9264-a61b4b21c70f@group-E6A29F0D38F4-FollowerState was interrupted: java.lang.InterruptedException: sleep interrupted
2019-10-10 18:46:23,027 [grpc-default-executor-0] INFO  impl.RoleInfo (RoleInfo.java:updateAndGet(143)) - f539186a-062d-4db6-9264-a61b4b21c70f: start FollowerState
2019-10-10 18:46:23,055 [f539186a-062d-4db6-9264-a61b4b21c70f@group-BF85A3B800FB-SegmentedRaftLogWorker] INFO  segmented.SegmentedRaftLogWorker (SegmentedRaftLogWorker.java:execute(574)) - f539186a-062d-4db6-9264-a61b4b21c70f@group-BF85A3B800FB-SegmentedRaftLogWorker: created new log segment /workdir/hadoop-ozone/integration-test/target/test-dir/MiniOzoneClusterImpl-9d54b50b-7c31-4a51-85ff-8b8e72266c23/datanode-0/data/ratis/0eef961d-9fce-480d-ba1c-bf85a3b800fb/current/log_inprogress_0
2019-10-10 18:46:23,028 [92990ffb-9a6c-4ccd-afcc-37afd3c6fa21@group-6203C27A0F42-LeaderElection55] INFO  impl.RaftServerImpl (ServerState.java:setRaftConf(356)) - 92990ffb-9a6c-4ccd-afcc-37afd3c6fa21@group-6203C27A0F42: set configuration 0: [92990ffb-9a6c-4ccd-afcc-37afd3c6fa21:192.168.164.239:41703], old=null at 0
2019-10-10 18:46:23,067 [453ab731-e9d7-4b51-a799-1b524241158f@group-B94D44D23EC2-SegmentedRaftLogWorker] INFO  segmented.SegmentedRaftLogWorker (SegmentedRaftLogWorker.java:execute(574)) - 453ab731-e9d7-4b51-a799-1b524241158f@group-B94D44D23EC2-SegmentedRaftLogWorker: created new log segment /workdir/hadoop-ozone/integration-test/target/test-dir/MiniOzoneClusterImpl-9d54b50b-7c31-4a51-85ff-8b8e72266c23/datanode-1/data/ratis/3e7289f0-3025-4d00-bd9b-b94d44d23ec2/current/log_inprogress_0
2019-10-10 18:46:23,067 [92990ffb-9a6c-4ccd-afcc-37afd3c6fa21@group-6203C27A0F42-SegmentedRaftLogWorker] INFO  segmented.SegmentedRaftLogWorker (SegmentedRaftLogWorker.java:execute(574)) - 92990ffb-9a6c-4ccd-afcc-37afd3c6fa21@group-6203C27A0F42-SegmentedRaftLogWorker: created new log segment /workdir/hadoop-ozone/integration-test/target/test-dir/MiniOzoneClusterImpl-9d54b50b-7c31-4a51-85ff-8b8e72266c23/datanode-2/data/ratis/4ba890ea-4deb-4d0b-a711-6203c27a0f42/current/log_inprogress_0
2019-10-10 18:46:23,068 [453ab731-e9d7-4b51-a799-1b524241158f@group-E6A29F0D38F4-LeaderElection56] INFO  impl.LeaderElection (LeaderElection.java:logAndReturn(56)) - 453ab731-e9d7-4b51-a799-1b524241158f@group-E6A29F0D38F4-LeaderElection56: Election PASSED; received 1 response(s) [453ab731-e9d7-4b51-a799-1b524241158f<-92990ffb-9a6c-4ccd-afcc-37afd3c6fa21#0:OK-t1] and 0 exception(s); 453ab731-e9d7-4b51-a799-1b524241158f@group-E6A29F0D38F4:t1, leader=null, voted=453ab731-e9d7-4b51-a799-1b524241158f, raftlog=453ab731-e9d7-4b51-a799-1b524241158f@group-E6A29F0D38F4-SegmentedRaftLog:OPENED:c-1,f-1,i0, conf=-1: [453ab731-e9d7-4b51-a799-1b524241158f:192.168.164.239:43671, 92990ffb-9a6c-4ccd-afcc-37afd3c6fa21:192.168.164.239:41703, f539186a-062d-4db6-9264-a61b4b21c70f:192.168.164.239:32904], old=null
2019-10-10 18:46:23,068 [453ab731-e9d7-4b51-a799-1b524241158f@group-E6A29F0D38F4-LeaderElection56] INFO  impl.RoleInfo (RoleInfo.java:shutdownLeaderElection(134)) - 453ab731-e9d7-4b51-a799-1b524241158f: shutdown LeaderElection
2019-10-10 18:46:23,068 [453ab731-e9d7-4b51-a799-1b524241158f@group-E6A29F0D38F4-LeaderElection56] INFO  impl.RaftServerImpl (RaftServerImpl.java:setRole(170)) - 453ab731-e9d7-4b51-a799-1b524241158f@group-E6A29F0D38F4: changes role from CANDIDATE to LEADER at term 1 for changeToLeader
2019-10-10 18:46:23,068 [453ab731-e9d7-4b51-a799-1b524241158f@group-E6A29F0D38F4-LeaderElection56] INFO  impl.RaftServerImpl (ServerState.java:setLeader(255)) - 453ab731-e9d7-4b51-a799-1b524241158f@group-E6A29F0D38F4: change Leader from null to 453ab731-e9d7-4b51-a799-1b524241158f at term 1 for becomeLeader, leader elected after 5165ms
2019-10-10 18:46:23,069 [453ab731-e9d7-4b51-a799-1b524241158f@group-E6A29F0D38F4-LeaderElection56] INFO  server.RaftServerConfigKeys (ConfUtils.java:logGet(43)) - raft.server.staging.catchup.gap = 1000 (default)
2019-10-10 18:46:23,069 [453ab731-e9d7-4b51-a799-1b524241158f@group-E6A29F0D38F4-LeaderElection56] INFO  server.RaftServerConfigKeys (ConfUtils.java:logGet(43)) - raft.server.rpc.sleep.time = 25ms (default)
2019-10-10 18:46:23,069 [453ab731-e9d7-4b51-a799-1b524241158f@group-E6A29F0D38F4-LeaderElection56] INFO  server.RaftServerConfigKeys (ConfUtils.java:logGet(43)) - raft.server.write.element-limit = 4096 (default)
2019-10-10 18:46:23,069 [453ab731-e9d7-4b51-a799-1b524241158f@group-E6A29F0D38F4-LeaderElection56] INFO  server.RaftServerConfigKeys (ConfUtils.java:logGet(43)) - raft.server.watch.timeout = 10s (default)
2019-10-10 18:46:23,069 [453ab731-e9d7-4b51-a799-1b524241158f@group-E6A29F0D38F4-LeaderElection56] INFO  server.RaftServerConfigKeys (ConfUtils.java:logGet(43)) - raft.server.watch.timeout.denomination = 1s (default)
2019-10-10 18:46:23,069 [453ab731-e9d7-4b51-a799-1b524241158f@group-E6A29F0D38F4-LeaderElection56] INFO  server.RaftServerConfigKeys (ConfUtils.java:logGet(43)) - raft.server.watch.element-limit = 65536 (default)
2019-10-10 18:46:23,071 [453ab731-e9d7-4b51-a799-1b524241158f@group-E6A29F0D38F4-LeaderElection56] INFO  server.RaftServerConfigKeys (ConfUtils.java:logGet(43)) - raft.server.log.appender.snapshot.chunk.size.max = 16MB (=16777216) (default)
2019-10-10 18:46:23,071 [453ab731-e9d7-4b51-a799-1b524241158f@group-E6A29F0D38F4-LeaderElection56] INFO  server.RaftServerConfigKeys (ConfUtils.java:logGet(43)) - raft.server.log.appender.buffer.byte-limit = 33554432 (custom)
2019-10-10 18:46:23,071 [453ab731-e9d7-4b51-a799-1b524241158f@group-E6A29F0D38F4-LeaderElection56] INFO  server.RaftServerConfigKeys (ConfUtils.java:logGet(43)) - raft.server.log.appender.buffer.element-limit = 1 (custom)
2019-10-10 18:46:23,071 [453ab731-e9d7-4b51-a799-1b524241158f@group-E6A29F0D38F4-LeaderElection56] INFO  grpc.GrpcConfigKeys$Server (ConfUtils.java:logGet(43)) - raft.grpc.server.leader.outstanding.appends.max = 128 (default)
2019-10-10 18:46:23,071 [453ab731-e9d7-4b51-a799-1b524241158f@group-E6A29F0D38F4-LeaderElection56] INFO  server.RaftServerConfigKeys (ConfUtils.java:logGet(43)) - raft.server.rpc.request.timeout = 3000ms (default)
2019-10-10 18:46:23,071 [453ab731-e9d7-4b51-a799-1b524241158f@group-E6A29F0D38F4-LeaderElection56] INFO  server.RaftServerConfigKeys (ConfUtils.java:logGet(43)) - raft.server.log.appender.install.snapshot.enabled = false (custom)
2019-10-10 18:46:23,072 [453ab731-e9d7-4b51-a799-1b524241158f@group-E6A29F0D38F4-LeaderElection56] INFO  server.RaftServerConfigKeys (ConfUtils.java:logGet(43)) - raft.server.log.appender.snapshot.chunk.size.max = 16MB (=16777216) (default)
2019-10-10 18:46:23,072 [453ab731-e9d7-4b51-a799-1b524241158f@group-E6A29F0D38F4-LeaderElection56] INFO  server.RaftServerConfigKeys (ConfUtils.java:logGet(43)) - raft.server.log.appender.buffer.byte-limit = 33554432 (custom)
2019-10-10 18:46:23,072 [453ab731-e9d7-4b51-a799-1b524241158f@group-E6A29F0D38F4-LeaderElection56] INFO  server.RaftServerConfigKeys (ConfUtils.java:logGet(43)) - raft.server.log.appender.buffer.element-limit = 1 (custom)
2019-10-10 18:46:23,072 [453ab731-e9d7-4b51-a799-1b524241158f@group-E6A29F0D38F4-LeaderElection56] INFO  grpc.GrpcConfigKeys$Server (ConfUtils.java:logGet(43)) - raft.grpc.server.leader.outstanding.appends.max = 128 (default)
2019-10-10 18:46:23,072 [453ab731-e9d7-4b51-a799-1b524241158f@group-E6A29F0D38F4-LeaderElection56] INFO  server.RaftServerConfigKeys (ConfUtils.java:logGet(43)) - raft.server.rpc.request.timeout = 3000ms (default)
2019-10-10 18:46:23,072 [453ab731-e9d7-4b51-a799-1b524241158f@group-E6A29F0D38F4-LeaderElection56] INFO  server.RaftServerConfigKeys (ConfUtils.java:logGet(43)) - raft.server.log.appender.install.snapshot.enabled = false (custom)
2019-10-10 18:46:23,072 [453ab731-e9d7-4b51-a799-1b524241158f@group-E6A29F0D38F4-LeaderElection56] INFO  impl.RoleInfo (RoleInfo.java:updateAndGet(143)) - 453ab731-e9d7-4b51-a799-1b524241158f: start LeaderState
2019-10-10 18:46:23,073 [453ab731-e9d7-4b51-a799-1b524241158f@group-E6A29F0D38F4-LeaderElection56] INFO  segmented.SegmentedRaftLogWorker (SegmentedRaftLogWorker.java:startLogSegment(385)) - 453ab731-e9d7-4b51-a799-1b524241158f@group-E6A29F0D38F4-SegmentedRaftLogWorker: Starting segment from index:0
2019-10-10 18:46:23,073 [453ab731-e9d7-4b51-a799-1b524241158f@group-E6A29F0D38F4-LeaderElection56] INFO  impl.RaftServerImpl (ServerState.java:setRaftConf(356)) - 453ab731-e9d7-4b51-a799-1b524241158f@group-E6A29F0D38F4: set configuration 0: [453ab731-e9d7-4b51-a799-1b524241158f:192.168.164.239:43671, 92990ffb-9a6c-4ccd-afcc-37afd3c6fa21:192.168.164.239:41703, f539186a-062d-4db6-9264-a61b4b21c70f:192.168.164.239:32904], old=null at 0
2019-10-10 18:46:23,108 [grpc-default-executor-7] INFO  impl.RaftServerImpl (ServerState.java:setLeader(255)) - f539186a-062d-4db6-9264-a61b4b21c70f@group-E6A29F0D38F4: change Leader from null to 453ab731-e9d7-4b51-a799-1b524241158f at term 1 for appendEntries, leader elected after 5205ms
2019-10-10 18:46:23,121 [grpc-default-executor-7] INFO  impl.RaftServerImpl (ServerState.java:setLeader(255)) - 92990ffb-9a6c-4ccd-afcc-37afd3c6fa21@group-E6A29F0D38F4: change Leader from null to 453ab731-e9d7-4b51-a799-1b524241158f at term 1 for appendEntries, leader elected after 5217ms
2019-10-10 18:46:23,125 [grpc-default-executor-7] INFO  impl.RaftServerImpl (ServerState.java:setRaftConf(356)) - f539186a-062d-4db6-9264-a61b4b21c70f@group-E6A29F0D38F4: set configuration 0: [453ab731-e9d7-4b51-a799-1b524241158f:192.168.164.239:43671, 92990ffb-9a6c-4ccd-afcc-37afd3c6fa21:192.168.164.239:41703, f539186a-062d-4db6-9264-a61b4b21c70f:192.168.164.239:32904], old=null at 0
2019-10-10 18:46:23,125 [grpc-default-executor-7] INFO  segmented.SegmentedRaftLogWorker (SegmentedRaftLogWorker.java:startLogSegment(385)) - f539186a-062d-4db6-9264-a61b4b21c70f@group-E6A29F0D38F4-SegmentedRaftLogWorker: Starting segment from index:0
2019-10-10 18:46:23,125 [grpc-default-executor-0] INFO  impl.RaftServerImpl (ServerState.java:setRaftConf(356)) - 92990ffb-9a6c-4ccd-afcc-37afd3c6fa21@group-E6A29F0D38F4: set configuration 0: [453ab731-e9d7-4b51-a799-1b524241158f:192.168.164.239:43671, 92990ffb-9a6c-4ccd-afcc-37afd3c6fa21:192.168.164.239:41703, f539186a-062d-4db6-9264-a61b4b21c70f:192.168.164.239:32904], old=null at 0
2019-10-10 18:46:23,126 [grpc-default-executor-0] INFO  segmented.SegmentedRaftLogWorker (SegmentedRaftLogWorker.java:startLogSegment(385)) - 92990ffb-9a6c-4ccd-afcc-37afd3c6fa21@group-E6A29F0D38F4-SegmentedRaftLogWorker: Starting segment from index:0
2019-10-10 18:46:23,130 [453ab731-e9d7-4b51-a799-1b524241158f@group-E6A29F0D38F4-SegmentedRaftLogWorker] INFO  segmented.SegmentedRaftLogWorker (SegmentedRaftLogWorker.java:execute(574)) - 453ab731-e9d7-4b51-a799-1b524241158f@group-E6A29F0D38F4-SegmentedRaftLogWorker: created new log segment /workdir/hadoop-ozone/integration-test/target/test-dir/MiniOzoneClusterImpl-9d54b50b-7c31-4a51-85ff-8b8e72266c23/datanode-1/data/ratis/8e8d0dc3-2eb1-4dad-968d-e6a29f0d38f4/current/log_inprogress_0
2019-10-10 18:46:23,164 [92990ffb-9a6c-4ccd-afcc-37afd3c6fa21@group-E6A29F0D38F4-SegmentedRaftLogWorker] INFO  segmented.SegmentedRaftLogWorker (SegmentedRaftLogWorker.java:execute(574)) - 92990ffb-9a6c-4ccd-afcc-37afd3c6fa21@group-E6A29F0D38F4-SegmentedRaftLogWorker: created new log segment /workdir/hadoop-ozone/integration-test/target/test-dir/MiniOzoneClusterImpl-9d54b50b-7c31-4a51-85ff-8b8e72266c23/datanode-2/data/ratis/8e8d0dc3-2eb1-4dad-968d-e6a29f0d38f4/current/log_inprogress_0
2019-10-10 18:46:23,164 [f539186a-062d-4db6-9264-a61b4b21c70f@group-E6A29F0D38F4-SegmentedRaftLogWorker] INFO  segmented.SegmentedRaftLogWorker (SegmentedRaftLogWorker.java:execute(574)) - f539186a-062d-4db6-9264-a61b4b21c70f@group-E6A29F0D38F4-SegmentedRaftLogWorker: created new log segment /workdir/hadoop-ozone/integration-test/target/test-dir/MiniOzoneClusterImpl-9d54b50b-7c31-4a51-85ff-8b8e72266c23/datanode-0/data/ratis/8e8d0dc3-2eb1-4dad-968d-e6a29f0d38f4/current/log_inprogress_0
2019-10-10 18:46:23,170 [Thread-2342] INFO  impl.FollowerState (FollowerState.java:run(108)) - 0b82082f-2c23-4fb8-80b3-54e89e328117@group-08D23B2A075E-FollowerState: change to CANDIDATE, lastRpcTime:5123ms, electionTimeout:5123ms
2019-10-10 18:46:23,170 [Thread-2342] INFO  impl.RoleInfo (RoleInfo.java:shutdownFollowerState(121)) - 0b82082f-2c23-4fb8-80b3-54e89e328117: shutdown FollowerState
2019-10-10 18:46:23,170 [Thread-2342] INFO  impl.RaftServerImpl (RaftServerImpl.java:setRole(170)) - 0b82082f-2c23-4fb8-80b3-54e89e328117@group-08D23B2A075E: changes role from  FOLLOWER to CANDIDATE at term 0 for changeToCandidate
2019-10-10 18:46:23,170 [Thread-2342] INFO  impl.RoleInfo (RoleInfo.java:updateAndGet(143)) - 0b82082f-2c23-4fb8-80b3-54e89e328117: start LeaderElection
2019-10-10 18:46:23,194 [0b82082f-2c23-4fb8-80b3-54e89e328117@group-08D23B2A075E-LeaderElection57] INFO  impl.LeaderElection (LeaderElection.java:askForVotes(178)) - 0b82082f-2c23-4fb8-80b3-54e89e328117@group-08D23B2A075E-LeaderElection57: begin an election at term 1 for -1: [0b82082f-2c23-4fb8-80b3-54e89e328117:192.168.164.239:39078], old=null
2019-10-10 18:46:23,194 [0b82082f-2c23-4fb8-80b3-54e89e328117@group-08D23B2A075E-LeaderElection57] INFO  impl.RoleInfo (RoleInfo.java:shutdownLeaderElection(134)) - 0b82082f-2c23-4fb8-80b3-54e89e328117: shutdown LeaderElection
2019-10-10 18:46:23,195 [0b82082f-2c23-4fb8-80b3-54e89e328117@group-08D23B2A075E-LeaderElection57] INFO  impl.RaftServerImpl (RaftServerImpl.java:setRole(170)) - 0b82082f-2c23-4fb8-80b3-54e89e328117@group-08D23B2A075E: changes role from CANDIDATE to LEADER at term 1 for changeToLeader
2019-10-10 18:46:23,195 [0b82082f-2c23-4fb8-80b3-54e89e328117@group-08D23B2A075E-LeaderElection57] INFO  impl.RaftServerImpl (ServerState.java:setLeader(255)) - 0b82082f-2c23-4fb8-80b3-54e89e328117@group-08D23B2A075E: change Leader from null to 0b82082f-2c23-4fb8-80b3-54e89e328117 at term 1 for becomeLeader, leader elected after 5160ms
2019-10-10 18:46:23,195 [0b82082f-2c23-4fb8-80b3-54e89e328117@group-08D23B2A075E-LeaderElection57] INFO  server.RaftServerConfigKeys (ConfUtils.java:logGet(43)) - raft.server.staging.catchup.gap = 1000 (default)
2019-10-10 18:46:23,195 [0b82082f-2c23-4fb8-80b3-54e89e328117@group-08D23B2A075E-LeaderElection57] INFO  server.RaftServerConfigKeys (ConfUtils.java:logGet(43)) - raft.server.rpc.sleep.time = 25ms (default)
2019-10-10 18:46:23,195 [0b82082f-2c23-4fb8-80b3-54e89e328117@group-08D23B2A075E-LeaderElection57] INFO  server.RaftServerConfigKeys (ConfUtils.java:logGet(43)) - raft.server.write.element-limit = 4096 (default)
2019-10-10 18:46:23,195 [0b82082f-2c23-4fb8-80b3-54e89e328117@group-08D23B2A075E-LeaderElection57] INFO  server.RaftServerConfigKeys (ConfUtils.java:logGet(43)) - raft.server.watch.timeout = 10s (default)
2019-10-10 18:46:23,195 [0b82082f-2c23-4fb8-80b3-54e89e328117@group-08D23B2A075E-LeaderElection57] INFO  server.RaftServerConfigKeys (ConfUtils.java:logGet(43)) - raft.server.watch.timeout.denomination = 1s (default)
2019-10-10 18:46:23,195 [0b82082f-2c23-4fb8-80b3-54e89e328117@group-08D23B2A075E-LeaderElection57] INFO  server.RaftServerConfigKeys (ConfUtils.java:logGet(43)) - raft.server.watch.element-limit = 65536 (default)
2019-10-10 18:46:23,197 [0b82082f-2c23-4fb8-80b3-54e89e328117@group-08D23B2A075E-LeaderElection57] INFO  impl.RoleInfo (RoleInfo.java:updateAndGet(143)) - 0b82082f-2c23-4fb8-80b3-54e89e328117: start LeaderState
2019-10-10 18:46:23,197 [0b82082f-2c23-4fb8-80b3-54e89e328117@group-08D23B2A075E-LeaderElection57] INFO  segmented.SegmentedRaftLogWorker (SegmentedRaftLogWorker.java:startLogSegment(385)) - 0b82082f-2c23-4fb8-80b3-54e89e328117@group-08D23B2A075E-SegmentedRaftLogWorker: Starting segment from index:0
2019-10-10 18:46:23,197 [0b82082f-2c23-4fb8-80b3-54e89e328117@group-08D23B2A075E-LeaderElection57] INFO  impl.RaftServerImpl (ServerState.java:setRaftConf(356)) - 0b82082f-2c23-4fb8-80b3-54e89e328117@group-08D23B2A075E: set configuration 0: [0b82082f-2c23-4fb8-80b3-54e89e328117:192.168.164.239:39078], old=null at 0
2019-10-10 18:46:23,212 [Thread-2348] INFO  impl.FollowerState (FollowerState.java:run(108)) - c7b03e79-217d-4f3b-88bd-f74f5bda030b@group-89424C060B06-FollowerState: change to CANDIDATE, lastRpcTime:5009ms, electionTimeout:5006ms
2019-10-10 18:46:23,212 [Thread-2348] INFO  impl.RoleInfo (RoleInfo.java:shutdownFollowerState(121)) - c7b03e79-217d-4f3b-88bd-f74f5bda030b: shutdown FollowerState
2019-10-10 18:46:23,213 [Thread-2348] INFO  impl.RaftServerImpl (RaftServerImpl.java:setRole(170)) - c7b03e79-217d-4f3b-88bd-f74f5bda030b@group-89424C060B06: changes role from  FOLLOWER to CANDIDATE at term 0 for changeToCandidate
2019-10-10 18:46:23,213 [Thread-2348] INFO  impl.RoleInfo (RoleInfo.java:updateAndGet(143)) - c7b03e79-217d-4f3b-88bd-f74f5bda030b: start LeaderElection
2019-10-10 18:46:23,224 [Thread-2345] INFO  impl.FollowerState (FollowerState.java:run(108)) - 96160b23-b1a6-4556-ac3d-28187ce5cd38@group-C5C329D90266-FollowerState: change to CANDIDATE, lastRpcTime:5096ms, electionTimeout:5086ms
2019-10-10 18:46:23,224 [Thread-2345] INFO  impl.RoleInfo (RoleInfo.java:shutdownFollowerState(121)) - 96160b23-b1a6-4556-ac3d-28187ce5cd38: shutdown FollowerState
2019-10-10 18:46:23,228 [Thread-2345] INFO  impl.RaftServerImpl (RaftServerImpl.java:setRole(170)) - 96160b23-b1a6-4556-ac3d-28187ce5cd38@group-C5C329D90266: changes role from  FOLLOWER to CANDIDATE at term 0 for changeToCandidate
2019-10-10 18:46:23,228 [Thread-2345] INFO  impl.RoleInfo (RoleInfo.java:updateAndGet(143)) - 96160b23-b1a6-4556-ac3d-28187ce5cd38: start LeaderElection
2019-10-10 18:46:23,245 [0b82082f-2c23-4fb8-80b3-54e89e328117@group-08D23B2A075E-SegmentedRaftLogWorker] INFO  segmented.SegmentedRaftLogWorker (SegmentedRaftLogWorker.java:execute(574)) - 0b82082f-2c23-4fb8-80b3-54e89e328117@group-08D23B2A075E-SegmentedRaftLogWorker: created new log segment /workdir/hadoop-ozone/integration-test/target/test-dir/MiniOzoneClusterImpl-9d54b50b-7c31-4a51-85ff-8b8e72266c23/datanode-4/data/ratis/b99e8308-615f-42a9-9b76-08d23b2a075e/current/log_inprogress_0
2019-10-10 18:46:23,268 [96160b23-b1a6-4556-ac3d-28187ce5cd38@group-C5C329D90266-LeaderElection59] INFO  impl.LeaderElection (LeaderElection.java:askForVotes(178)) - 96160b23-b1a6-4556-ac3d-28187ce5cd38@group-C5C329D90266-LeaderElection59: begin an election at term 1 for -1: [96160b23-b1a6-4556-ac3d-28187ce5cd38:192.168.164.239:33910], old=null
2019-10-10 18:46:23,268 [c7b03e79-217d-4f3b-88bd-f74f5bda030b@group-89424C060B06-LeaderElection58] INFO  impl.LeaderElection (LeaderElection.java:askForVotes(178)) - c7b03e79-217d-4f3b-88bd-f74f5bda030b@group-89424C060B06-LeaderElection58: begin an election at term 1 for -1: [c7b03e79-217d-4f3b-88bd-f74f5bda030b:192.168.164.239:34403], old=null
2019-10-10 18:46:23,268 [96160b23-b1a6-4556-ac3d-28187ce5cd38@group-C5C329D90266-LeaderElection59] INFO  impl.RoleInfo (RoleInfo.java:shutdownLeaderElection(134)) - 96160b23-b1a6-4556-ac3d-28187ce5cd38: shutdown LeaderElection
2019-10-10 18:46:23,268 [c7b03e79-217d-4f3b-88bd-f74f5bda030b@group-89424C060B06-LeaderElection58] INFO  impl.RoleInfo (RoleInfo.java:shutdownLeaderElection(134)) - c7b03e79-217d-4f3b-88bd-f74f5bda030b: shutdown LeaderElection
2019-10-10 18:46:23,268 [96160b23-b1a6-4556-ac3d-28187ce5cd38@group-C5C329D90266-LeaderElection59] INFO  impl.RaftServerImpl (RaftServerImpl.java:setRole(170)) - 96160b23-b1a6-4556-ac3d-28187ce5cd38@group-C5C329D90266: changes role from CANDIDATE to LEADER at term 1 for changeToLeader
2019-10-10 18:46:23,268 [c7b03e79-217d-4f3b-88bd-f74f5bda030b@group-89424C060B06-LeaderElection58] INFO  impl.RaftServerImpl (RaftServerImpl.java:setRole(170)) - c7b03e79-217d-4f3b-88bd-f74f5bda030b@group-89424C060B06: changes role from CANDIDATE to LEADER at term 1 for changeToLeader
2019-10-10 18:46:23,268 [96160b23-b1a6-4556-ac3d-28187ce5cd38@group-C5C329D90266-LeaderElection59] INFO  impl.RaftServerImpl (ServerState.java:setLeader(255)) - 96160b23-b1a6-4556-ac3d-28187ce5cd38@group-C5C329D90266: change Leader from null to 96160b23-b1a6-4556-ac3d-28187ce5cd38 at term 1 for becomeLeader, leader elected after 5153ms
2019-10-10 18:46:23,268 [c7b03e79-217d-4f3b-88bd-f74f5bda030b@group-89424C060B06-LeaderElection58] INFO  impl.RaftServerImpl (ServerState.java:setLeader(255)) - c7b03e79-217d-4f3b-88bd-f74f5bda030b@group-89424C060B06: change Leader from null to c7b03e79-217d-4f3b-88bd-f74f5bda030b at term 1 for becomeLeader, leader elected after 5072ms
2019-10-10 18:46:23,268 [96160b23-b1a6-4556-ac3d-28187ce5cd38@group-C5C329D90266-LeaderElection59] INFO  server.RaftServerConfigKeys (ConfUtils.java:logGet(43)) - raft.server.staging.catchup.gap = 1000 (default)
2019-10-10 18:46:23,268 [c7b03e79-217d-4f3b-88bd-f74f5bda030b@group-89424C060B06-LeaderElection58] INFO  server.RaftServerConfigKeys (ConfUtils.java:logGet(43)) - raft.server.staging.catchup.gap = 1000 (default)
2019-10-10 18:46:23,268 [96160b23-b1a6-4556-ac3d-28187ce5cd38@group-C5C329D90266-LeaderElection59] INFO  server.RaftServerConfigKeys (ConfUtils.java:logGet(43)) - raft.server.rpc.sleep.time = 25ms (default)
2019-10-10 18:46:23,268 [c7b03e79-217d-4f3b-88bd-f74f5bda030b@group-89424C060B06-LeaderElection58] INFO  server.RaftServerConfigKeys (ConfUtils.java:logGet(43)) - raft.server.rpc.sleep.time = 25ms (default)
2019-10-10 18:46:23,269 [96160b23-b1a6-4556-ac3d-28187ce5cd38@group-C5C329D90266-LeaderElection59] INFO  server.RaftServerConfigKeys (ConfUtils.java:logGet(43)) - raft.server.write.element-limit = 4096 (default)
2019-10-10 18:46:23,269 [c7b03e79-217d-4f3b-88bd-f74f5bda030b@group-89424C060B06-LeaderElection58] INFO  server.RaftServerConfigKeys (ConfUtils.java:logGet(43)) - raft.server.write.element-limit = 4096 (default)
2019-10-10 18:46:23,269 [96160b23-b1a6-4556-ac3d-28187ce5cd38@group-C5C329D90266-LeaderElection59] INFO  server.RaftServerConfigKeys (ConfUtils.java:logGet(43)) - raft.server.watch.timeout = 10s (default)
2019-10-10 18:46:23,269 [c7b03e79-217d-4f3b-88bd-f74f5bda030b@group-89424C060B06-LeaderElection58] INFO  server.RaftServerConfigKeys (ConfUtils.java:logGet(43)) - raft.server.watch.timeout = 10s (default)
2019-10-10 18:46:23,269 [96160b23-b1a6-4556-ac3d-28187ce5cd38@group-C5C329D90266-LeaderElection59] INFO  server.RaftServerConfigKeys (ConfUtils.java:logGet(43)) - raft.server.watch.timeout.denomination = 1s (default)
2019-10-10 18:46:23,269 [c7b03e79-217d-4f3b-88bd-f74f5bda030b@group-89424C060B06-LeaderElection58] INFO  server.RaftServerConfigKeys (ConfUtils.java:logGet(43)) - raft.server.watch.timeout.denomination = 1s (default)
2019-10-10 18:46:23,269 [96160b23-b1a6-4556-ac3d-28187ce5cd38@group-C5C329D90266-LeaderElection59] INFO  server.RaftServerConfigKeys (ConfUtils.java:logGet(43)) - raft.server.watch.element-limit = 65536 (default)
2019-10-10 18:46:23,269 [c7b03e79-217d-4f3b-88bd-f74f5bda030b@group-89424C060B06-LeaderElection58] INFO  server.RaftServerConfigKeys (ConfUtils.java:logGet(43)) - raft.server.watch.element-limit = 65536 (default)
2019-10-10 18:46:23,272 [96160b23-b1a6-4556-ac3d-28187ce5cd38@group-C5C329D90266-LeaderElection59] INFO  impl.RoleInfo (RoleInfo.java:updateAndGet(143)) - 96160b23-b1a6-4556-ac3d-28187ce5cd38: start LeaderState
2019-10-10 18:46:23,272 [96160b23-b1a6-4556-ac3d-28187ce5cd38@group-C5C329D90266-LeaderElection59] INFO  segmented.SegmentedRaftLogWorker (SegmentedRaftLogWorker.java:startLogSegment(385)) - 96160b23-b1a6-4556-ac3d-28187ce5cd38@group-C5C329D90266-SegmentedRaftLogWorker: Starting segment from index:0
2019-10-10 18:46:23,272 [c7b03e79-217d-4f3b-88bd-f74f5bda030b@group-89424C060B06-LeaderElection58] INFO  impl.RoleInfo (RoleInfo.java:updateAndGet(143)) - c7b03e79-217d-4f3b-88bd-f74f5bda030b: start LeaderState
2019-10-10 18:46:23,272 [c7b03e79-217d-4f3b-88bd-f74f5bda030b@group-89424C060B06-LeaderElection58] INFO  segmented.SegmentedRaftLogWorker (SegmentedRaftLogWorker.java:startLogSegment(385)) - c7b03e79-217d-4f3b-88bd-f74f5bda030b@group-89424C060B06-SegmentedRaftLogWorker: Starting segment from index:0
2019-10-10 18:46:23,272 [96160b23-b1a6-4556-ac3d-28187ce5cd38@group-C5C329D90266-LeaderElection59] INFO  impl.RaftServerImpl (ServerState.java:setRaftConf(356)) - 96160b23-b1a6-4556-ac3d-28187ce5cd38@group-C5C329D90266: set configuration 0: [96160b23-b1a6-4556-ac3d-28187ce5cd38:192.168.164.239:33910], old=null at 0
2019-10-10 18:46:23,273 [c7b03e79-217d-4f3b-88bd-f74f5bda030b@group-89424C060B06-LeaderElection58] INFO  impl.RaftServerImpl (ServerState.java:setRaftConf(356)) - c7b03e79-217d-4f3b-88bd-f74f5bda030b@group-89424C060B06: set configuration 0: [c7b03e79-217d-4f3b-88bd-f74f5bda030b:192.168.164.239:34403], old=null at 0
2019-10-10 18:46:23,319 [c7b03e79-217d-4f3b-88bd-f74f5bda030b@group-89424C060B06-SegmentedRaftLogWorker] INFO  segmented.SegmentedRaftLogWorker (SegmentedRaftLogWorker.java:execute(574)) - c7b03e79-217d-4f3b-88bd-f74f5bda030b@group-89424C060B06-SegmentedRaftLogWorker: created new log segment /workdir/hadoop-ozone/integration-test/target/test-dir/MiniOzoneClusterImpl-9d54b50b-7c31-4a51-85ff-8b8e72266c23/datanode-5/data/ratis/e86a108a-3a6f-4aac-9630-89424c060b06/current/log_inprogress_0
2019-10-10 18:46:23,319 [96160b23-b1a6-4556-ac3d-28187ce5cd38@group-C5C329D90266-SegmentedRaftLogWorker] INFO  segmented.SegmentedRaftLogWorker (SegmentedRaftLogWorker.java:execute(574)) - 96160b23-b1a6-4556-ac3d-28187ce5cd38@group-C5C329D90266-SegmentedRaftLogWorker: created new log segment /workdir/hadoop-ozone/integration-test/target/test-dir/MiniOzoneClusterImpl-9d54b50b-7c31-4a51-85ff-8b8e72266c23/datanode-3/data/ratis/aa87900a-d3f3-43a2-8858-c5c329d90266/current/log_inprogress_0
2019-10-10 18:46:23,512 [Thread-2351] INFO  impl.FollowerState (FollowerState.java:run(108)) - 8a124691-369b-4524-a82b-23c8c65c16f9@group-4AF3B8A21E3C-FollowerState: change to CANDIDATE, lastRpcTime:5176ms, electionTimeout:5176ms
2019-10-10 18:46:23,512 [Thread-2351] INFO  impl.RoleInfo (RoleInfo.java:shutdownFollowerState(121)) - 8a124691-369b-4524-a82b-23c8c65c16f9: shutdown FollowerState
2019-10-10 18:46:23,512 [Thread-2351] INFO  impl.RaftServerImpl (RaftServerImpl.java:setRole(170)) - 8a124691-369b-4524-a82b-23c8c65c16f9@group-4AF3B8A21E3C: changes role from  FOLLOWER to CANDIDATE at term 0 for changeToCandidate
2019-10-10 18:46:23,512 [Thread-2351] INFO  impl.RoleInfo (RoleInfo.java:updateAndGet(143)) - 8a124691-369b-4524-a82b-23c8c65c16f9: start LeaderElection
2019-10-10 18:46:23,531 [8a124691-369b-4524-a82b-23c8c65c16f9@group-4AF3B8A21E3C-LeaderElection60] INFO  impl.LeaderElection (LeaderElection.java:askForVotes(178)) - 8a124691-369b-4524-a82b-23c8c65c16f9@group-4AF3B8A21E3C-LeaderElection60: begin an election at term 1 for -1: [8a124691-369b-4524-a82b-23c8c65c16f9:192.168.164.239:43114], old=null
2019-10-10 18:46:23,531 [8a124691-369b-4524-a82b-23c8c65c16f9@group-4AF3B8A21E3C-LeaderElection60] INFO  impl.RoleInfo (RoleInfo.java:shutdownLeaderElection(134)) - 8a124691-369b-4524-a82b-23c8c65c16f9: shutdown LeaderElection
2019-10-10 18:46:23,531 [8a124691-369b-4524-a82b-23c8c65c16f9@group-4AF3B8A21E3C-LeaderElection60] INFO  impl.RaftServerImpl (RaftServerImpl.java:setRole(170)) - 8a124691-369b-4524-a82b-23c8c65c16f9@group-4AF3B8A21E3C: changes role from CANDIDATE to LEADER at term 1 for changeToLeader
2019-10-10 18:46:23,531 [8a124691-369b-4524-a82b-23c8c65c16f9@group-4AF3B8A21E3C-LeaderElection60] INFO  impl.RaftServerImpl (ServerState.java:setLeader(255)) - 8a124691-369b-4524-a82b-23c8c65c16f9@group-4AF3B8A21E3C: change Leader from null to 8a124691-369b-4524-a82b-23c8c65c16f9 at term 1 for becomeLeader, leader elected after 5203ms
2019-10-10 18:46:23,531 [8a124691-369b-4524-a82b-23c8c65c16f9@group-4AF3B8A21E3C-LeaderElection60] INFO  server.RaftServerConfigKeys (ConfUtils.java:logGet(43)) - raft.server.staging.catchup.gap = 1000 (default)
2019-10-10 18:46:23,534 [8a124691-369b-4524-a82b-23c8c65c16f9@group-4AF3B8A21E3C-LeaderElection60] INFO  server.RaftServerConfigKeys (ConfUtils.java:logGet(43)) - raft.server.rpc.sleep.time = 25ms (default)
2019-10-10 18:46:23,534 [8a124691-369b-4524-a82b-23c8c65c16f9@group-4AF3B8A21E3C-LeaderElection60] INFO  server.RaftServerConfigKeys (ConfUtils.java:logGet(43)) - raft.server.write.element-limit = 4096 (default)
2019-10-10 18:46:23,535 [8a124691-369b-4524-a82b-23c8c65c16f9@group-4AF3B8A21E3C-LeaderElection60] INFO  server.RaftServerConfigKeys (ConfUtils.java:logGet(43)) - raft.server.watch.timeout = 10s (default)
2019-10-10 18:46:23,535 [8a124691-369b-4524-a82b-23c8c65c16f9@group-4AF3B8A21E3C-LeaderElection60] INFO  server.RaftServerConfigKeys (ConfUtils.java:logGet(43)) - raft.server.watch.timeout.denomination = 1s (default)
2019-10-10 18:46:23,535 [8a124691-369b-4524-a82b-23c8c65c16f9@group-4AF3B8A21E3C-LeaderElection60] INFO  server.RaftServerConfigKeys (ConfUtils.java:logGet(43)) - raft.server.watch.element-limit = 65536 (default)
2019-10-10 18:46:23,536 [8a124691-369b-4524-a82b-23c8c65c16f9@group-4AF3B8A21E3C-LeaderElection60] INFO  impl.RoleInfo (RoleInfo.java:updateAndGet(143)) - 8a124691-369b-4524-a82b-23c8c65c16f9: start LeaderState
2019-10-10 18:46:23,536 [8a124691-369b-4524-a82b-23c8c65c16f9@group-4AF3B8A21E3C-LeaderElection60] INFO  segmented.SegmentedRaftLogWorker (SegmentedRaftLogWorker.java:startLogSegment(385)) - 8a124691-369b-4524-a82b-23c8c65c16f9@group-4AF3B8A21E3C-SegmentedRaftLogWorker: Starting segment from index:0
2019-10-10 18:46:23,537 [8a124691-369b-4524-a82b-23c8c65c16f9@group-4AF3B8A21E3C-LeaderElection60] INFO  impl.RaftServerImpl (ServerState.java:setRaftConf(356)) - 8a124691-369b-4524-a82b-23c8c65c16f9@group-4AF3B8A21E3C: set configuration 0: [8a124691-369b-4524-a82b-23c8c65c16f9:192.168.164.239:43114], old=null at 0
2019-10-10 18:46:23,564 [Datanode State Machine Thread - 0] INFO  statemachine.DatanodeStateMachine (DatanodeStateMachine.java:lambda$startDaemon$0(350)) - Ozone container server started.
2019-10-10 18:46:23,586 [8a124691-369b-4524-a82b-23c8c65c16f9@group-4AF3B8A21E3C-SegmentedRaftLogWorker] INFO  segmented.SegmentedRaftLogWorker (SegmentedRaftLogWorker.java:execute(574)) - 8a124691-369b-4524-a82b-23c8c65c16f9@group-4AF3B8A21E3C-SegmentedRaftLogWorker: created new log segment /workdir/hadoop-ozone/integration-test/target/test-dir/MiniOzoneClusterImpl-9d54b50b-7c31-4a51-85ff-8b8e72266c23/datanode-6/data/ratis/a3b50f86-6dd2-474a-acd2-4af3b8a21e3c/current/log_inprogress_0
2019-10-10 18:46:23,639 [Thread-2354] INFO  impl.FollowerState (FollowerState.java:run(108)) - c7b03e79-217d-4f3b-88bd-f74f5bda030b@group-DCE6C0E404A5-FollowerState: change to CANDIDATE, lastRpcTime:5176ms, electionTimeout:5176ms
2019-10-10 18:46:23,639 [Thread-2357] INFO  impl.FollowerState (FollowerState.java:run(108)) - 8a124691-369b-4524-a82b-23c8c65c16f9@group-DCE6C0E404A5-FollowerState: change to CANDIDATE, lastRpcTime:5153ms, electionTimeout:5149ms
2019-10-10 18:46:23,640 [Thread-2354] INFO  impl.RoleInfo (RoleInfo.java:shutdownFollowerState(121)) - c7b03e79-217d-4f3b-88bd-f74f5bda030b: shutdown FollowerState
2019-10-10 18:46:23,640 [Thread-2357] INFO  impl.RoleInfo (RoleInfo.java:shutdownFollowerState(121)) - 8a124691-369b-4524-a82b-23c8c65c16f9: shutdown FollowerState
2019-10-10 18:46:23,640 [Thread-2354] INFO  impl.RaftServerImpl (RaftServerImpl.java:setRole(170)) - c7b03e79-217d-4f3b-88bd-f74f5bda030b@group-DCE6C0E404A5: changes role from  FOLLOWER to CANDIDATE at term 0 for changeToCandidate
2019-10-10 18:46:23,640 [Thread-2357] INFO  impl.RaftServerImpl (RaftServerImpl.java:setRole(170)) - 8a124691-369b-4524-a82b-23c8c65c16f9@group-DCE6C0E404A5: changes role from  FOLLOWER to CANDIDATE at term 0 for changeToCandidate
2019-10-10 18:46:23,640 [Thread-2354] INFO  impl.RoleInfo (RoleInfo.java:updateAndGet(143)) - c7b03e79-217d-4f3b-88bd-f74f5bda030b: start LeaderElection
2019-10-10 18:46:23,640 [Thread-2357] INFO  impl.RoleInfo (RoleInfo.java:updateAndGet(143)) - 8a124691-369b-4524-a82b-23c8c65c16f9: start LeaderElection
2019-10-10 18:46:23,676 [8a124691-369b-4524-a82b-23c8c65c16f9@group-DCE6C0E404A5-LeaderElection62] INFO  impl.LeaderElection (LeaderElection.java:askForVotes(178)) - 8a124691-369b-4524-a82b-23c8c65c16f9@group-DCE6C0E404A5-LeaderElection62: begin an election at term 1 for -1: [8a124691-369b-4524-a82b-23c8c65c16f9:192.168.164.239:43114, c7b03e79-217d-4f3b-88bd-f74f5bda030b:192.168.164.239:34403, 0b82082f-2c23-4fb8-80b3-54e89e328117:192.168.164.239:39078], old=null
2019-10-10 18:46:23,676 [c7b03e79-217d-4f3b-88bd-f74f5bda030b@group-DCE6C0E404A5-LeaderElection61] INFO  impl.LeaderElection (LeaderElection.java:askForVotes(178)) - c7b03e79-217d-4f3b-88bd-f74f5bda030b@group-DCE6C0E404A5-LeaderElection61: begin an election at term 1 for -1: [8a124691-369b-4524-a82b-23c8c65c16f9:192.168.164.239:43114, c7b03e79-217d-4f3b-88bd-f74f5bda030b:192.168.164.239:34403, 0b82082f-2c23-4fb8-80b3-54e89e328117:192.168.164.239:39078], old=null
2019-10-10 18:46:23,683 [Thread-2360] INFO  impl.FollowerState (FollowerState.java:run(108)) - 0b82082f-2c23-4fb8-80b3-54e89e328117@group-DCE6C0E404A5-FollowerState: change to CANDIDATE, lastRpcTime:5188ms, electionTimeout:5186ms
2019-10-10 18:46:23,683 [Thread-2360] INFO  impl.RoleInfo (RoleInfo.java:shutdownFollowerState(121)) - 0b82082f-2c23-4fb8-80b3-54e89e328117: shutdown FollowerState
2019-10-10 18:46:23,683 [Thread-2360] INFO  impl.RaftServerImpl (RaftServerImpl.java:setRole(170)) - 0b82082f-2c23-4fb8-80b3-54e89e328117@group-DCE6C0E404A5: changes role from  FOLLOWER to CANDIDATE at term 0 for changeToCandidate
2019-10-10 18:46:23,683 [Thread-2360] INFO  impl.RoleInfo (RoleInfo.java:updateAndGet(143)) - 0b82082f-2c23-4fb8-80b3-54e89e328117: start LeaderElection
2019-10-10 18:46:23,703 [0b82082f-2c23-4fb8-80b3-54e89e328117@group-DCE6C0E404A5-LeaderElection63] INFO  impl.LeaderElection (LeaderElection.java:askForVotes(178)) - 0b82082f-2c23-4fb8-80b3-54e89e328117@group-DCE6C0E404A5-LeaderElection63: begin an election at term 1 for -1: [8a124691-369b-4524-a82b-23c8c65c16f9:192.168.164.239:43114, c7b03e79-217d-4f3b-88bd-f74f5bda030b:192.168.164.239:34403, 0b82082f-2c23-4fb8-80b3-54e89e328117:192.168.164.239:39078], old=null
2019-10-10 18:46:23,704 [8a124691-369b-4524-a82b-23c8c65c16f9@group-DCE6C0E404A5-LeaderElection62] INFO  impl.LeaderElection (LeaderElection.java:logAndReturn(56)) - 8a124691-369b-4524-a82b-23c8c65c16f9@group-DCE6C0E404A5-LeaderElection62: Election REJECTED; received 2 response(s) [8a124691-369b-4524-a82b-23c8c65c16f9<-c7b03e79-217d-4f3b-88bd-f74f5bda030b#0:FAIL-t1, 8a124691-369b-4524-a82b-23c8c65c16f9<-0b82082f-2c23-4fb8-80b3-54e89e328117#0:FAIL-t1] and 0 exception(s); 8a124691-369b-4524-a82b-23c8c65c16f9@group-DCE6C0E404A5:t1, leader=null, voted=8a124691-369b-4524-a82b-23c8c65c16f9, raftlog=8a124691-369b-4524-a82b-23c8c65c16f9@group-DCE6C0E404A5-SegmentedRaftLog:OPENED:c-1,f-1,i0, conf=-1: [8a124691-369b-4524-a82b-23c8c65c16f9:192.168.164.239:43114, c7b03e79-217d-4f3b-88bd-f74f5bda030b:192.168.164.239:34403, 0b82082f-2c23-4fb8-80b3-54e89e328117:192.168.164.239:39078], old=null
2019-10-10 18:46:23,704 [8a124691-369b-4524-a82b-23c8c65c16f9@group-DCE6C0E404A5-LeaderElection62] INFO  impl.RaftServerImpl (RaftServerImpl.java:setRole(170)) - 8a124691-369b-4524-a82b-23c8c65c16f9@group-DCE6C0E404A5: changes role from CANDIDATE to FOLLOWER at term 1 for DISCOVERED_A_NEW_TERM
2019-10-10 18:46:23,705 [8a124691-369b-4524-a82b-23c8c65c16f9@group-DCE6C0E404A5-LeaderElection62] INFO  impl.RoleInfo (RoleInfo.java:shutdownLeaderElection(134)) - 8a124691-369b-4524-a82b-23c8c65c16f9: shutdown LeaderElection
2019-10-10 18:46:23,705 [c7b03e79-217d-4f3b-88bd-f74f5bda030b@group-DCE6C0E404A5-LeaderElection61] INFO  impl.LeaderElection (LeaderElection.java:logAndReturn(56)) - c7b03e79-217d-4f3b-88bd-f74f5bda030b@group-DCE6C0E404A5-LeaderElection61: Election REJECTED; received 2 response(s) [c7b03e79-217d-4f3b-88bd-f74f5bda030b<-8a124691-369b-4524-a82b-23c8c65c16f9#0:FAIL-t1, c7b03e79-217d-4f3b-88bd-f74f5bda030b<-0b82082f-2c23-4fb8-80b3-54e89e328117#0:FAIL-t1] and 0 exception(s); c7b03e79-217d-4f3b-88bd-f74f5bda030b@group-DCE6C0E404A5:t1, leader=null, voted=c7b03e79-217d-4f3b-88bd-f74f5bda030b, raftlog=c7b03e79-217d-4f3b-88bd-f74f5bda030b@group-DCE6C0E404A5-SegmentedRaftLog:OPENED:c-1,f-1,i0, conf=-1: [8a124691-369b-4524-a82b-23c8c65c16f9:192.168.164.239:43114, c7b03e79-217d-4f3b-88bd-f74f5bda030b:192.168.164.239:34403, 0b82082f-2c23-4fb8-80b3-54e89e328117:192.168.164.239:39078], old=null
2019-10-10 18:46:23,705 [8a124691-369b-4524-a82b-23c8c65c16f9@group-DCE6C0E404A5-LeaderElection62] INFO  impl.RoleInfo (RoleInfo.java:updateAndGet(143)) - 8a124691-369b-4524-a82b-23c8c65c16f9: start FollowerState
2019-10-10 18:46:23,705 [c7b03e79-217d-4f3b-88bd-f74f5bda030b@group-DCE6C0E404A5-LeaderElection61] INFO  impl.RaftServerImpl (RaftServerImpl.java:setRole(170)) - c7b03e79-217d-4f3b-88bd-f74f5bda030b@group-DCE6C0E404A5: changes role from CANDIDATE to FOLLOWER at term 1 for DISCOVERED_A_NEW_TERM
2019-10-10 18:46:23,705 [c7b03e79-217d-4f3b-88bd-f74f5bda030b@group-DCE6C0E404A5-LeaderElection61] INFO  impl.RoleInfo (RoleInfo.java:shutdownLeaderElection(134)) - c7b03e79-217d-4f3b-88bd-f74f5bda030b: shutdown LeaderElection
2019-10-10 18:46:23,705 [c7b03e79-217d-4f3b-88bd-f74f5bda030b@group-DCE6C0E404A5-LeaderElection61] INFO  impl.RoleInfo (RoleInfo.java:updateAndGet(143)) - c7b03e79-217d-4f3b-88bd-f74f5bda030b: start FollowerState
2019-10-10 18:46:23,707 [0b82082f-2c23-4fb8-80b3-54e89e328117@group-DCE6C0E404A5-LeaderElection63] INFO  impl.LeaderElection (LeaderElection.java:logAndReturn(56)) - 0b82082f-2c23-4fb8-80b3-54e89e328117@group-DCE6C0E404A5-LeaderElection63: Election REJECTED; received 2 response(s) [0b82082f-2c23-4fb8-80b3-54e89e328117<-8a124691-369b-4524-a82b-23c8c65c16f9#0:FAIL-t1, 0b82082f-2c23-4fb8-80b3-54e89e328117<-c7b03e79-217d-4f3b-88bd-f74f5bda030b#0:FAIL-t1] and 0 exception(s); 0b82082f-2c23-4fb8-80b3-54e89e328117@group-DCE6C0E404A5:t1, leader=null, voted=0b82082f-2c23-4fb8-80b3-54e89e328117, raftlog=0b82082f-2c23-4fb8-80b3-54e89e328117@group-DCE6C0E404A5-SegmentedRaftLog:OPENED:c-1,f-1,i0, conf=-1: [8a124691-369b-4524-a82b-23c8c65c16f9:192.168.164.239:43114, c7b03e79-217d-4f3b-88bd-f74f5bda030b:192.168.164.239:34403, 0b82082f-2c23-4fb8-80b3-54e89e328117:192.168.164.239:39078], old=null
2019-10-10 18:46:23,707 [0b82082f-2c23-4fb8-80b3-54e89e328117@group-DCE6C0E404A5-LeaderElection63] INFO  impl.RaftServerImpl (RaftServerImpl.java:setRole(170)) - 0b82082f-2c23-4fb8-80b3-54e89e328117@group-DCE6C0E404A5: changes role from CANDIDATE to FOLLOWER at term 1 for DISCOVERED_A_NEW_TERM
2019-10-10 18:46:23,707 [0b82082f-2c23-4fb8-80b3-54e89e328117@group-DCE6C0E404A5-LeaderElection63] INFO  impl.RoleInfo (RoleInfo.java:shutdownLeaderElection(134)) - 0b82082f-2c23-4fb8-80b3-54e89e328117: shutdown LeaderElection
2019-10-10 18:46:23,707 [0b82082f-2c23-4fb8-80b3-54e89e328117@group-DCE6C0E404A5-LeaderElection63] INFO  impl.RoleInfo (RoleInfo.java:updateAndGet(143)) - 0b82082f-2c23-4fb8-80b3-54e89e328117: start FollowerState
2019-10-10 18:46:25,178 [grpc-default-executor-7] WARN  server.GrpcLogAppender (LogUtils.java:warn(134)) - 1efb21a3-f684-468a-b169-b6be23b2e470@group-E02D28FB7DD5->56c7f49a-0896-472f-aa97-bf6ea0e1870f-AppendLogResponseHandler: Failed appendEntries: org.apache.ratis.thirdparty.io.grpc.StatusRuntimeException: UNAVAILABLE: io exception
2019-10-10 18:46:25,179 [grpc-default-executor-7] INFO  impl.FollowerInfo (FollowerInfo.java:lambda$new$0(51)) - 1efb21a3-f684-468a-b169-b6be23b2e470@group-E02D28FB7DD5->56c7f49a-0896-472f-aa97-bf6ea0e1870f: nextIndex: updateUnconditionally 0 -> 0
2019-10-10 18:46:25,180 [grpc-default-executor-0] WARN  server.GrpcLogAppender (LogUtils.java:warn(134)) - 1efb21a3-f684-468a-b169-b6be23b2e470@group-E02D28FB7DD5->beaf6bb1-9637-4bc7-baee-c1d101cc238c-AppendLogResponseHandler: Failed appendEntries: org.apache.ratis.thirdparty.io.grpc.StatusRuntimeException: UNAVAILABLE: io exception
2019-10-10 18:46:25,180 [grpc-default-executor-0] INFO  impl.FollowerInfo (FollowerInfo.java:lambda$new$0(51)) - 1efb21a3-f684-468a-b169-b6be23b2e470@group-E02D28FB7DD5->beaf6bb1-9637-4bc7-baee-c1d101cc238c: nextIndex: updateUnconditionally 0 -> 0
2019-10-10 18:46:27,682 [grpc-default-executor-6] WARN  server.GrpcLogAppender (LogUtils.java:warn(134)) - 1efb21a3-f684-468a-b169-b6be23b2e470@group-E02D28FB7DD5->beaf6bb1-9637-4bc7-baee-c1d101cc238c-AppendLogResponseHandler: Failed appendEntries: org.apache.ratis.thirdparty.io.grpc.StatusRuntimeException: UNAVAILABLE: io exception
2019-10-10 18:46:27,683 [grpc-default-executor-6] INFO  impl.FollowerInfo (FollowerInfo.java:lambda$new$0(51)) - 1efb21a3-f684-468a-b169-b6be23b2e470@group-E02D28FB7DD5->beaf6bb1-9637-4bc7-baee-c1d101cc238c: nextIndex: updateUnconditionally 0 -> 0
2019-10-10 18:46:27,682 [grpc-default-executor-3] WARN  server.GrpcLogAppender (LogUtils.java:warn(134)) - 1efb21a3-f684-468a-b169-b6be23b2e470@group-E02D28FB7DD5->56c7f49a-0896-472f-aa97-bf6ea0e1870f-AppendLogResponseHandler: Failed appendEntries: org.apache.ratis.thirdparty.io.grpc.StatusRuntimeException: UNAVAILABLE: io exception
2019-10-10 18:46:27,683 [grpc-default-executor-3] INFO  impl.FollowerInfo (FollowerInfo.java:lambda$new$0(51)) - 1efb21a3-f684-468a-b169-b6be23b2e470@group-E02D28FB7DD5->56c7f49a-0896-472f-aa97-bf6ea0e1870f: nextIndex: updateUnconditionally 0 -> 0
2019-10-10 18:46:27,833 [EventQueue-StaleNodeForStaleNodeHandler] INFO  node.StaleNodeHandler (StaleNodeHandler.java:onMessage(58)) - Datanode beaf6bb1-9637-4bc7-baee-c1d101cc238c{ip: 192.168.164.239, host: pr-hdds-1986-hdr44-321838893, networkLocation: /default-rack, certSerialId: null} moved to stale state. Finalizing its pipelines [PipelineID=171eb808-99e6-4675-be01-fdee3b5c6986, PipelineID=a577533b-f1ea-4a9a-85ff-e02d28fb7dd5]
2019-10-10 18:46:27,840 [EventQueue-StaleNodeForStaleNodeHandler] INFO  pipeline.SCMPipelineManager (SCMPipelineManager.java:finalizeAndDestroyPipeline(315)) - destroying pipeline:Pipeline[ Id: 171eb808-99e6-4675-be01-fdee3b5c6986, Nodes: beaf6bb1-9637-4bc7-baee-c1d101cc238c{ip: 192.168.164.239, host: pr-hdds-1986-hdr44-321838893, networkLocation: /default-rack, certSerialId: null}, Type:RATIS, Factor:ONE, State:OPEN]
2019-10-10 18:46:27,841 [EventQueue-StaleNodeForStaleNodeHandler] INFO  pipeline.PipelineStateManager (PipelineStateManager.java:finalizePipeline(123)) - Pipeline Pipeline[ Id: 171eb808-99e6-4675-be01-fdee3b5c6986, Nodes: beaf6bb1-9637-4bc7-baee-c1d101cc238c{ip: 192.168.164.239, host: pr-hdds-1986-hdr44-321838893, networkLocation: /default-rack, certSerialId: null}, Type:RATIS, Factor:ONE, State:CLOSED] moved to CLOSED state
2019-10-10 18:46:27,841 [EventQueue-StaleNodeForStaleNodeHandler] INFO  pipeline.SCMPipelineManager (SCMPipelineManager.java:finalizeAndDestroyPipeline(315)) - destroying pipeline:Pipeline[ Id: a577533b-f1ea-4a9a-85ff-e02d28fb7dd5, Nodes: beaf6bb1-9637-4bc7-baee-c1d101cc238c{ip: 192.168.164.239, host: pr-hdds-1986-hdr44-321838893, networkLocation: /default-rack, certSerialId: null}56c7f49a-0896-472f-aa97-bf6ea0e1870f{ip: 192.168.164.239, host: pr-hdds-1986-hdr44-321838893, networkLocation: /default-rack, certSerialId: null}1efb21a3-f684-468a-b169-b6be23b2e470{ip: 192.168.164.239, host: pr-hdds-1986-hdr44-321838893, networkLocation: /default-rack, certSerialId: null}, Type:RATIS, Factor:THREE, State:OPEN]
2019-10-10 18:46:27,841 [EventQueue-StaleNodeForStaleNodeHandler] INFO  pipeline.PipelineStateManager (PipelineStateManager.java:finalizePipeline(123)) - Pipeline Pipeline[ Id: a577533b-f1ea-4a9a-85ff-e02d28fb7dd5, Nodes: beaf6bb1-9637-4bc7-baee-c1d101cc238c{ip: 192.168.164.239, host: pr-hdds-1986-hdr44-321838893, networkLocation: /default-rack, certSerialId: null}56c7f49a-0896-472f-aa97-bf6ea0e1870f{ip: 192.168.164.239, host: pr-hdds-1986-hdr44-321838893, networkLocation: /default-rack, certSerialId: null}1efb21a3-f684-468a-b169-b6be23b2e470{ip: 192.168.164.239, host: pr-hdds-1986-hdr44-321838893, networkLocation: /default-rack, certSerialId: null}, Type:RATIS, Factor:THREE, State:CLOSED] moved to CLOSED state
2019-10-10 18:46:27,841 [EventQueue-CloseContainerForCloseContainerEventHandler] INFO  container.CloseContainerEventHandler (CloseContainerEventHandler.java:onMessage(61)) - Close container Event triggered for container : #1
2019-10-10 18:46:28,537 [main] INFO  ozoneimpl.OzoneContainer (OzoneContainer.java:stop(227)) - Attempting to stop container services.
2019-10-10 18:46:28,537 [main] INFO  impl.RaftServerProxy (RaftServerProxy.java:lambda$close$4(314)) - 92990ffb-9a6c-4ccd-afcc-37afd3c6fa21: close
2019-10-10 18:46:28,538 [main] INFO  impl.RaftServerImpl (RaftServerImpl.java:lambda$shutdown$3(247)) - 92990ffb-9a6c-4ccd-afcc-37afd3c6fa21@group-E6A29F0D38F4: shutdown
2019-10-10 18:46:28,538 [ForkJoinPool.commonPool-worker-0] INFO  impl.RaftServerImpl (RaftServerImpl.java:lambda$shutdown$3(247)) - 92990ffb-9a6c-4ccd-afcc-37afd3c6fa21@group-6203C27A0F42: shutdown
2019-10-10 18:46:28,538 [main] INFO  util.JmxRegister (JmxRegister.java:unregister(73)) - Successfully un-registered JMX Bean with object name Ratis:service=RaftServer,group=group-E6A29F0D38F4,id=92990ffb-9a6c-4ccd-afcc-37afd3c6fa21
2019-10-10 18:46:28,538 [ForkJoinPool.commonPool-worker-0] INFO  util.JmxRegister (JmxRegister.java:unregister(73)) - Successfully un-registered JMX Bean with object name Ratis:service=RaftServer,group=group-6203C27A0F42,id=92990ffb-9a6c-4ccd-afcc-37afd3c6fa21
2019-10-10 18:46:28,538 [main] INFO  impl.RoleInfo (RoleInfo.java:shutdownFollowerState(121)) - 92990ffb-9a6c-4ccd-afcc-37afd3c6fa21: shutdown FollowerState
2019-10-10 18:46:28,538 [ForkJoinPool.commonPool-worker-0] INFO  impl.RoleInfo (RoleInfo.java:shutdownLeaderState(104)) - 92990ffb-9a6c-4ccd-afcc-37afd3c6fa21: shutdown LeaderState
2019-10-10 18:46:28,539 [main] INFO  impl.StateMachineUpdater (StateMachineUpdater.java:stopAndJoin(136)) - 92990ffb-9a6c-4ccd-afcc-37afd3c6fa21@group-E6A29F0D38F4-StateMachineUpdater: set stopIndex = 2
2019-10-10 18:46:28,539 [ForkJoinPool.commonPool-worker-0] INFO  impl.PendingRequests (PendingRequests.java:sendNotLeaderResponses(202)) - 92990ffb-9a6c-4ccd-afcc-37afd3c6fa21@group-6203C27A0F42-PendingRequests: sendNotLeaderResponses
2019-10-10 18:46:28,539 [92990ffb-9a6c-4ccd-afcc-37afd3c6fa21@group-E6A29F0D38F4-StateMachineUpdater] INFO  ratis.ContainerStateMachine (ContainerStateMachine.java:takeSnapshot(294)) - group-E6A29F0D38F4: Taking a snapshot at:(t:1, i:1) file /workdir/hadoop-ozone/integration-test/target/test-dir/MiniOzoneClusterImpl-9d54b50b-7c31-4a51-85ff-8b8e72266c23/datanode-2/data/ratis/8e8d0dc3-2eb1-4dad-968d-e6a29f0d38f4/sm/snapshot.1_1
2019-10-10 18:46:28,539 [Thread-2392] INFO  impl.FollowerState (FollowerState.java:run(117)) - 92990ffb-9a6c-4ccd-afcc-37afd3c6fa21@group-E6A29F0D38F4-FollowerState was interrupted: java.lang.InterruptedException: sleep interrupted
2019-10-10 18:46:28,544 [ForkJoinPool.commonPool-worker-0] INFO  impl.StateMachineUpdater (StateMachineUpdater.java:stopAndJoin(136)) - 92990ffb-9a6c-4ccd-afcc-37afd3c6fa21@group-6203C27A0F42-StateMachineUpdater: set stopIndex = 0
2019-10-10 18:46:28,544 [ForkJoinPool.commonPool-worker-0] INFO  impl.RaftServerImpl (ServerState.java:close(387)) - 92990ffb-9a6c-4ccd-afcc-37afd3c6fa21@group-6203C27A0F42: closes. applyIndex: 0
2019-10-10 18:46:28,544 [92990ffb-9a6c-4ccd-afcc-37afd3c6fa21@group-6203C27A0F42-SegmentedRaftLogWorker] INFO  segmented.SegmentedRaftLogWorker (SegmentedRaftLogWorker.java:run(316)) - 92990ffb-9a6c-4ccd-afcc-37afd3c6fa21@group-6203C27A0F42-SegmentedRaftLogWorker was interrupted, exiting. There are 0 tasks remaining in the queue.
2019-10-10 18:46:28,547 [ForkJoinPool.commonPool-worker-0] INFO  segmented.SegmentedRaftLogWorker (SegmentedRaftLogWorker.java:close(224)) - 92990ffb-9a6c-4ccd-afcc-37afd3c6fa21@group-6203C27A0F42-SegmentedRaftLogWorker close()
2019-10-10 18:46:28,566 [92990ffb-9a6c-4ccd-afcc-37afd3c6fa21@group-E6A29F0D38F4-StateMachineUpdater] INFO  ratis.ContainerStateMachine (ContainerStateMachine.java:takeSnapshot(305)) - group-E6A29F0D38F4: Finished taking a snapshot at:(t:1, i:1) file:/workdir/hadoop-ozone/integration-test/target/test-dir/MiniOzoneClusterImpl-9d54b50b-7c31-4a51-85ff-8b8e72266c23/datanode-2/data/ratis/8e8d0dc3-2eb1-4dad-968d-e6a29f0d38f4/sm/snapshot.1_1 time:28
2019-10-10 18:46:28,567 [92990ffb-9a6c-4ccd-afcc-37afd3c6fa21@group-E6A29F0D38F4-StateMachineUpdater] INFO  impl.StateMachineUpdater (StateMachineUpdater.java:takeSnapshot(269)) - 92990ffb-9a6c-4ccd-afcc-37afd3c6fa21@group-E6A29F0D38F4-StateMachineUpdater: Took a snapshot at index 1
2019-10-10 18:46:28,567 [92990ffb-9a6c-4ccd-afcc-37afd3c6fa21@group-E6A29F0D38F4-StateMachineUpdater] INFO  impl.StateMachineUpdater (StateMachineUpdater.java:lambda$new$0(84)) - 92990ffb-9a6c-4ccd-afcc-37afd3c6fa21@group-E6A29F0D38F4-StateMachineUpdater: snapshotIndex: updateIncreasingly -1 -> 1
2019-10-10 18:46:28,567 [92990ffb-9a6c-4ccd-afcc-37afd3c6fa21@group-E6A29F0D38F4-StateMachineUpdater] INFO  ratis.ContainerStateMachine (ContainerStateMachine.java:takeSnapshot(294)) - group-E6A29F0D38F4: Taking a snapshot at:(t:1, i:1) file /workdir/hadoop-ozone/integration-test/target/test-dir/MiniOzoneClusterImpl-9d54b50b-7c31-4a51-85ff-8b8e72266c23/datanode-2/data/ratis/8e8d0dc3-2eb1-4dad-968d-e6a29f0d38f4/sm/snapshot.1_1
2019-10-10 18:46:28,590 [92990ffb-9a6c-4ccd-afcc-37afd3c6fa21@group-E6A29F0D38F4-StateMachineUpdater] INFO  ratis.ContainerStateMachine (ContainerStateMachine.java:takeSnapshot(305)) - group-E6A29F0D38F4: Finished taking a snapshot at:(t:1, i:1) file:/workdir/hadoop-ozone/integration-test/target/test-dir/MiniOzoneClusterImpl-9d54b50b-7c31-4a51-85ff-8b8e72266c23/datanode-2/data/ratis/8e8d0dc3-2eb1-4dad-968d-e6a29f0d38f4/sm/snapshot.1_1 time:23
2019-10-10 18:46:28,590 [92990ffb-9a6c-4ccd-afcc-37afd3c6fa21@group-E6A29F0D38F4-StateMachineUpdater] INFO  impl.StateMachineUpdater (StateMachineUpdater.java:takeSnapshot(269)) - 92990ffb-9a6c-4ccd-afcc-37afd3c6fa21@group-E6A29F0D38F4-StateMachineUpdater: Took a snapshot at index 1
2019-10-10 18:46:28,590 [92990ffb-9a6c-4ccd-afcc-37afd3c6fa21@group-E6A29F0D38F4-StateMachineUpdater] INFO  impl.StateMachineUpdater (StateMachineUpdater.java:lambda$new$0(84)) - 92990ffb-9a6c-4ccd-afcc-37afd3c6fa21@group-E6A29F0D38F4-StateMachineUpdater: snapshotIndex: updateIncreasingly 1 -> 1
2019-10-10 18:46:28,591 [main] INFO  impl.RaftServerImpl (ServerState.java:close(387)) - 92990ffb-9a6c-4ccd-afcc-37afd3c6fa21@group-E6A29F0D38F4: closes. applyIndex: 2
2019-10-10 18:46:28,591 [92990ffb-9a6c-4ccd-afcc-37afd3c6fa21@group-E6A29F0D38F4-SegmentedRaftLogWorker] INFO  segmented.SegmentedRaftLogWorker (SegmentedRaftLogWorker.java:run(316)) - 92990ffb-9a6c-4ccd-afcc-37afd3c6fa21@group-E6A29F0D38F4-SegmentedRaftLogWorker was interrupted, exiting. There are 0 tasks remaining in the queue.
2019-10-10 18:46:28,594 [main] INFO  segmented.SegmentedRaftLogWorker (SegmentedRaftLogWorker.java:close(224)) - 92990ffb-9a6c-4ccd-afcc-37afd3c6fa21@group-E6A29F0D38F4-SegmentedRaftLogWorker close()
2019-10-10 18:46:28,599 [main] INFO  server.GrpcService (GrpcService.java:closeImpl(164)) - 92990ffb-9a6c-4ccd-afcc-37afd3c6fa21: shutdown server with port 41703 now
2019-10-10 18:46:28,600 [grpc-default-executor-6] WARN  server.GrpcServerProtocolService (LogUtils.java:warn(134)) - 92990ffb-9a6c-4ccd-afcc-37afd3c6fa21: installSnapshot onError, lastRequest: 453ab731-e9d7-4b51-a799-1b524241158f->92990ffb-9a6c-4ccd-afcc-37afd3c6fa21#5-t1, previous=(t:1, i:2), leaderCommit=2, initializing? false, entries: <empty>: org.apache.ratis.thirdparty.io.grpc.StatusRuntimeException: CANCELLED: cancelled before receiving half close
2019-10-10 18:46:28,600 [main] INFO  server.GrpcService (GrpcService.java:closeImpl(172)) - 92990ffb-9a6c-4ccd-afcc-37afd3c6fa21: shutdown server with port 41703 successfully
2019-10-10 18:46:28,600 [grpc-default-executor-3] WARN  server.GrpcLogAppender (LogUtils.java:warn(134)) - 453ab731-e9d7-4b51-a799-1b524241158f@group-E6A29F0D38F4->92990ffb-9a6c-4ccd-afcc-37afd3c6fa21-AppendLogResponseHandler: Failed appendEntries: org.apache.ratis.thirdparty.io.grpc.StatusRuntimeException: CANCELLED: HTTP/2 error code: CANCEL
Received Rst Stream
2019-10-10 18:46:28,601 [grpc-default-executor-3] INFO  impl.FollowerInfo (FollowerInfo.java:lambda$new$0(51)) - 453ab731-e9d7-4b51-a799-1b524241158f@group-E6A29F0D38F4->92990ffb-9a6c-4ccd-afcc-37afd3c6fa21: nextIndex: updateUnconditionally 3 -> 2
2019-10-10 18:46:28,603 [refreshUsed-/workdir/hadoop-ozone/integration-test/target/test-dir/MiniOzoneClusterImpl-9d54b50b-7c31-4a51-85ff-8b8e72266c23/datanode-2/data/containers] WARN  fs.CachingGetSpaceUsed (CachingGetSpaceUsed.java:run(183)) - Thread Interrupted waiting to refresh disk information: sleep interrupted
2019-10-10 18:46:28,620 [main] INFO  utils.BackgroundService (BackgroundService.java:shutdown(151)) - Shutting down service BlockDeletingService
2019-10-10 18:46:28,630 [main] INFO  statemachine.DatanodeStateMachine (DatanodeStateMachine.java:stopDaemon(395)) - Ozone container server stopped.
2019-10-10 18:46:28,631 [main] INFO  handler.ContextHandler (ContextHandler.java:doStop(910)) - Stopped o.e.j.w.WebAppContext@132e3594{/,null,UNAVAILABLE}{/hddsDatanode}
2019-10-10 18:46:28,632 [main] INFO  server.AbstractConnector (AbstractConnector.java:doStop(318)) - Stopped ServerConnector@4f235107{HTTP/1.1,[http/1.1]}{0.0.0.0:0}
2019-10-10 18:46:28,633 [main] INFO  handler.ContextHandler (ContextHandler.java:doStop(910)) - Stopped o.e.j.s.ServletContextHandler@52354202{/static,jar:file:/home/user/.m2/repository/org/apache/hadoop/hadoop-hdds-container-service/0.5.0-SNAPSHOT/hadoop-hdds-container-service-0.5.0-SNAPSHOT.jar!/webapps/static,UNAVAILABLE}
2019-10-10 18:46:28,633 [main] INFO  handler.ContextHandler (ContextHandler.java:doStop(910)) - Stopped o.e.j.s.ServletContextHandler@5111de7c{/logs,file:///workdir/hadoop-ozone/integration-test/target/log,UNAVAILABLE}
2019-10-10 18:46:28,644 [grpc-default-executor-0] WARN  server.GrpcLogAppender (LogUtils.java:warn(134)) - 453ab731-e9d7-4b51-a799-1b524241158f@group-E6A29F0D38F4->92990ffb-9a6c-4ccd-afcc-37afd3c6fa21-AppendLogResponseHandler: Failed appendEntries: org.apache.ratis.thirdparty.io.grpc.StatusRuntimeException: UNAVAILABLE: io exception
2019-10-10 18:46:28,644 [grpc-default-executor-0] INFO  impl.FollowerInfo (FollowerInfo.java:lambda$new$0(51)) - 453ab731-e9d7-4b51-a799-1b524241158f@group-E6A29F0D38F4->92990ffb-9a6c-4ccd-afcc-37afd3c6fa21: nextIndex: updateUnconditionally 3 -> 2
2019-10-10 18:46:28,657 [grpc-default-executor-6] WARN  server.GrpcLogAppender (LogUtils.java:warn(134)) - 453ab731-e9d7-4b51-a799-1b524241158f@group-E6A29F0D38F4->92990ffb-9a6c-4ccd-afcc-37afd3c6fa21-AppendLogResponseHandler: Failed appendEntries: org.apache.ratis.thirdparty.io.grpc.StatusRuntimeException: UNAVAILABLE: io exception
2019-10-10 18:46:28,658 [grpc-default-executor-6] INFO  impl.FollowerInfo (FollowerInfo.java:lambda$new$0(51)) - 453ab731-e9d7-4b51-a799-1b524241158f@group-E6A29F0D38F4->92990ffb-9a6c-4ccd-afcc-37afd3c6fa21: nextIndex: updateUnconditionally 3 -> 2
2019-10-10 18:46:28,671 [grpc-default-executor-6] WARN  server.GrpcLogAppender (LogUtils.java:warn(134)) - 453ab731-e9d7-4b51-a799-1b524241158f@group-E6A29F0D38F4->92990ffb-9a6c-4ccd-afcc-37afd3c6fa21-AppendLogResponseHandler: Failed appendEntries: org.apache.ratis.thirdparty.io.grpc.StatusRuntimeException: UNAVAILABLE: io exception
2019-10-10 18:46:28,671 [grpc-default-executor-6] INFO  impl.FollowerInfo (FollowerInfo.java:lambda$new$0(51)) - 453ab731-e9d7-4b51-a799-1b524241158f@group-E6A29F0D38F4->92990ffb-9a6c-4ccd-afcc-37afd3c6fa21: nextIndex: updateUnconditionally 3 -> 2
2019-10-10 18:46:28,672 [EventQueue-IncrementalContainerReportForIncrementalContainerReportHandler] WARN  container.IncrementalContainerReportHandler (AbstractContainerReportHandler.java:updateContainerState(145)) - Container #1 is in OPEN state, but the datanode 453ab731-e9d7-4b51-a799-1b524241158f{ip: 192.168.164.239, host: pr-hdds-1986-hdr44-321838893, networkLocation: /default-rack, certSerialId: null} reports an CLOSING replica.
2019-10-10 18:46:28,696 [EventQueue-IncrementalContainerReportForIncrementalContainerReportHandler] WARN  container.IncrementalContainerReportHandler (AbstractContainerReportHandler.java:updateContainerState(145)) - Container #1 is in OPEN state, but the datanode f539186a-062d-4db6-9264-a61b4b21c70f{ip: 192.168.164.239, host: pr-hdds-1986-hdr44-321838893, networkLocation: /default-rack, certSerialId: null} reports an CLOSING replica.
2019-10-10 18:46:28,732 [Thread-2431] INFO  impl.FollowerState (FollowerState.java:run(108)) - c7b03e79-217d-4f3b-88bd-f74f5bda030b@group-DCE6C0E404A5-FollowerState: change to CANDIDATE, lastRpcTime:5026ms, electionTimeout:5026ms
2019-10-10 18:46:28,732 [Thread-2431] INFO  impl.RoleInfo (RoleInfo.java:shutdownFollowerState(121)) - c7b03e79-217d-4f3b-88bd-f74f5bda030b: shutdown FollowerState
2019-10-10 18:46:28,732 [Thread-2431] INFO  impl.RaftServerImpl (RaftServerImpl.java:setRole(170)) - c7b03e79-217d-4f3b-88bd-f74f5bda030b@group-DCE6C0E404A5: changes role from  FOLLOWER to CANDIDATE at term 1 for changeToCandidate
2019-10-10 18:46:28,733 [Thread-2431] INFO  impl.RoleInfo (RoleInfo.java:updateAndGet(143)) - c7b03e79-217d-4f3b-88bd-f74f5bda030b: start LeaderElection
2019-10-10 18:46:28,758 [c7b03e79-217d-4f3b-88bd-f74f5bda030b@group-DCE6C0E404A5-LeaderElection64] INFO  impl.LeaderElection (LeaderElection.java:askForVotes(178)) - c7b03e79-217d-4f3b-88bd-f74f5bda030b@group-DCE6C0E404A5-LeaderElection64: begin an election at term 2 for -1: [8a124691-369b-4524-a82b-23c8c65c16f9:192.168.164.239:43114, c7b03e79-217d-4f3b-88bd-f74f5bda030b:192.168.164.239:34403, 0b82082f-2c23-4fb8-80b3-54e89e328117:192.168.164.239:39078], old=null
2019-10-10 18:46:28,761 [grpc-default-executor-6] INFO  impl.RaftServerImpl (RaftServerImpl.java:setRole(170)) - 0b82082f-2c23-4fb8-80b3-54e89e328117@group-DCE6C0E404A5: changes role from  FOLLOWER to FOLLOWER at term 2 for recognizeCandidate:c7b03e79-217d-4f3b-88bd-f74f5bda030b
2019-10-10 18:46:28,761 [grpc-default-executor-3] INFO  impl.RaftServerImpl (RaftServerImpl.java:setRole(170)) - 8a124691-369b-4524-a82b-23c8c65c16f9@group-DCE6C0E404A5: changes role from  FOLLOWER to FOLLOWER at term 2 for recognizeCandidate:c7b03e79-217d-4f3b-88bd-f74f5bda030b
2019-10-10 18:46:28,761 [grpc-default-executor-6] INFO  impl.RoleInfo (RoleInfo.java:shutdownFollowerState(121)) - 0b82082f-2c23-4fb8-80b3-54e89e328117: shutdown FollowerState
2019-10-10 18:46:28,761 [grpc-default-executor-3] INFO  impl.RoleInfo (RoleInfo.java:shutdownFollowerState(121)) - 8a124691-369b-4524-a82b-23c8c65c16f9: shutdown FollowerState
2019-10-10 18:46:28,761 [grpc-default-executor-6] INFO  impl.RoleInfo (RoleInfo.java:updateAndGet(143)) - 0b82082f-2c23-4fb8-80b3-54e89e328117: start FollowerState
2019-10-10 18:46:28,762 [Thread-2430] INFO  impl.FollowerState (FollowerState.java:run(117)) - 8a124691-369b-4524-a82b-23c8c65c16f9@group-DCE6C0E404A5-FollowerState was interrupted: java.lang.InterruptedException: sleep interrupted
2019-10-10 18:46:28,762 [Thread-2432] INFO  impl.FollowerState (FollowerState.java:run(117)) - 0b82082f-2c23-4fb8-80b3-54e89e328117@group-DCE6C0E404A5-FollowerState was interrupted: java.lang.InterruptedException: sleep interrupted
2019-10-10 18:46:28,762 [grpc-default-executor-3] INFO  impl.RoleInfo (RoleInfo.java:updateAndGet(143)) - 8a124691-369b-4524-a82b-23c8c65c16f9: start FollowerState
2019-10-10 18:46:28,770 [RatisApplyTransactionExecutor 1] INFO  interfaces.Container (KeyValueContainer.java:flushAndSyncDB(386)) - Container 1 is synced with bcsId 0.
2019-10-10 18:46:28,785 [c7b03e79-217d-4f3b-88bd-f74f5bda030b@group-DCE6C0E404A5-LeaderElection64] INFO  impl.LeaderElection (LeaderElection.java:logAndReturn(56)) - c7b03e79-217d-4f3b-88bd-f74f5bda030b@group-DCE6C0E404A5-LeaderElection64: Election PASSED; received 1 response(s) [c7b03e79-217d-4f3b-88bd-f74f5bda030b<-8a124691-369b-4524-a82b-23c8c65c16f9#0:OK-t2] and 0 exception(s); c7b03e79-217d-4f3b-88bd-f74f5bda030b@group-DCE6C0E404A5:t2, leader=null, voted=c7b03e79-217d-4f3b-88bd-f74f5bda030b, raftlog=c7b03e79-217d-4f3b-88bd-f74f5bda030b@group-DCE6C0E404A5-SegmentedRaftLog:OPENED:c-1,f-1,i0, conf=-1: [8a124691-369b-4524-a82b-23c8c65c16f9:192.168.164.239:43114, c7b03e79-217d-4f3b-88bd-f74f5bda030b:192.168.164.239:34403, 0b82082f-2c23-4fb8-80b3-54e89e328117:192.168.164.239:39078], old=null
2019-10-10 18:46:28,785 [c7b03e79-217d-4f3b-88bd-f74f5bda030b@group-DCE6C0E404A5-LeaderElection64] INFO  impl.RoleInfo (RoleInfo.java:shutdownLeaderElection(134)) - c7b03e79-217d-4f3b-88bd-f74f5bda030b: shutdown LeaderElection
2019-10-10 18:46:28,785 [c7b03e79-217d-4f3b-88bd-f74f5bda030b@group-DCE6C0E404A5-LeaderElection64] INFO  impl.RaftServerImpl (RaftServerImpl.java:setRole(170)) - c7b03e79-217d-4f3b-88bd-f74f5bda030b@group-DCE6C0E404A5: changes role from CANDIDATE to LEADER at term 2 for changeToLeader
2019-10-10 18:46:28,786 [c7b03e79-217d-4f3b-88bd-f74f5bda030b@group-DCE6C0E404A5-LeaderElection64] INFO  impl.RaftServerImpl (ServerState.java:setLeader(255)) - c7b03e79-217d-4f3b-88bd-f74f5bda030b@group-DCE6C0E404A5: change Leader from null to c7b03e79-217d-4f3b-88bd-f74f5bda030b at term 2 for becomeLeader, leader elected after 10332ms
2019-10-10 18:46:28,786 [c7b03e79-217d-4f3b-88bd-f74f5bda030b@group-DCE6C0E404A5-LeaderElection64] INFO  server.RaftServerConfigKeys (ConfUtils.java:logGet(43)) - raft.server.staging.catchup.gap = 1000 (default)
2019-10-10 18:46:28,786 [c7b03e79-217d-4f3b-88bd-f74f5bda030b@group-DCE6C0E404A5-LeaderElection64] INFO  server.RaftServerConfigKeys (ConfUtils.java:logGet(43)) - raft.server.rpc.sleep.time = 25ms (default)
2019-10-10 18:46:28,786 [c7b03e79-217d-4f3b-88bd-f74f5bda030b@group-DCE6C0E404A5-LeaderElection64] INFO  server.RaftServerConfigKeys (ConfUtils.java:logGet(43)) - raft.server.write.element-limit = 4096 (default)
2019-10-10 18:46:28,786 [c7b03e79-217d-4f3b-88bd-f74f5bda030b@group-DCE6C0E404A5-LeaderElection64] INFO  server.RaftServerConfigKeys (ConfUtils.java:logGet(43)) - raft.server.watch.timeout = 10s (default)
2019-10-10 18:46:28,786 [c7b03e79-217d-4f3b-88bd-f74f5bda030b@group-DCE6C0E404A5-LeaderElection64] INFO  server.RaftServerConfigKeys (ConfUtils.java:logGet(43)) - raft.server.watch.timeout.denomination = 1s (default)
2019-10-10 18:46:28,786 [c7b03e79-217d-4f3b-88bd-f74f5bda030b@group-DCE6C0E404A5-LeaderElection64] INFO  server.RaftServerConfigKeys (ConfUtils.java:logGet(43)) - raft.server.watch.element-limit = 65536 (default)
2019-10-10 18:46:28,789 [c7b03e79-217d-4f3b-88bd-f74f5bda030b@group-DCE6C0E404A5-LeaderElection64] INFO  server.RaftServerConfigKeys (ConfUtils.java:logGet(43)) - raft.server.log.appender.snapshot.chunk.size.max = 16MB (=16777216) (default)
2019-10-10 18:46:28,789 [c7b03e79-217d-4f3b-88bd-f74f5bda030b@group-DCE6C0E404A5-LeaderElection64] INFO  server.RaftServerConfigKeys (ConfUtils.java:logGet(43)) - raft.server.log.appender.buffer.byte-limit = 33554432 (custom)
2019-10-10 18:46:28,790 [c7b03e79-217d-4f3b-88bd-f74f5bda030b@group-DCE6C0E404A5-LeaderElection64] INFO  server.RaftServerConfigKeys (ConfUtils.java:logGet(43)) - raft.server.log.appender.buffer.element-limit = 1 (custom)
2019-10-10 18:46:28,790 [c7b03e79-217d-4f3b-88bd-f74f5bda030b@group-DCE6C0E404A5-LeaderElection64] INFO  grpc.GrpcConfigKeys$Server (ConfUtils.java:logGet(43)) - raft.grpc.server.leader.outstanding.appends.max = 128 (default)
2019-10-10 18:46:28,790 [c7b03e79-217d-4f3b-88bd-f74f5bda030b@group-DCE6C0E404A5-LeaderElection64] INFO  server.RaftServerConfigKeys (ConfUtils.java:logGet(43)) - raft.server.rpc.request.timeout = 3000ms (default)
2019-10-10 18:46:28,790 [c7b03e79-217d-4f3b-88bd-f74f5bda030b@group-DCE6C0E404A5-LeaderElection64] INFO  server.RaftServerConfigKeys (ConfUtils.java:logGet(43)) - raft.server.log.appender.install.snapshot.enabled = false (custom)
2019-10-10 18:46:28,790 [c7b03e79-217d-4f3b-88bd-f74f5bda030b@group-DCE6C0E404A5-LeaderElection64] INFO  server.RaftServerConfigKeys (ConfUtils.java:logGet(43)) - raft.server.log.appender.snapshot.chunk.size.max = 16MB (=16777216) (default)
2019-10-10 18:46:28,791 [c7b03e79-217d-4f3b-88bd-f74f5bda030b@group-DCE6C0E404A5-LeaderElection64] INFO  server.RaftServerConfigKeys (ConfUtils.java:logGet(43)) - raft.server.log.appender.buffer.byte-limit = 33554432 (custom)
2019-10-10 18:46:28,791 [c7b03e79-217d-4f3b-88bd-f74f5bda030b@group-DCE6C0E404A5-LeaderElection64] INFO  server.RaftServerConfigKeys (ConfUtils.java:logGet(43)) - raft.server.log.appender.buffer.element-limit = 1 (custom)
2019-10-10 18:46:28,791 [c7b03e79-217d-4f3b-88bd-f74f5bda030b@group-DCE6C0E404A5-LeaderElection64] INFO  grpc.GrpcConfigKeys$Server (ConfUtils.java:logGet(43)) - raft.grpc.server.leader.outstanding.appends.max = 128 (default)
2019-10-10 18:46:28,791 [c7b03e79-217d-4f3b-88bd-f74f5bda030b@group-DCE6C0E404A5-LeaderElection64] INFO  server.RaftServerConfigKeys (ConfUtils.java:logGet(43)) - raft.server.rpc.request.timeout = 3000ms (default)
2019-10-10 18:46:28,791 [c7b03e79-217d-4f3b-88bd-f74f5bda030b@group-DCE6C0E404A5-LeaderElection64] INFO  server.RaftServerConfigKeys (ConfUtils.java:logGet(43)) - raft.server.log.appender.install.snapshot.enabled = false (custom)
2019-10-10 18:46:28,791 [c7b03e79-217d-4f3b-88bd-f74f5bda030b@group-DCE6C0E404A5-LeaderElection64] INFO  impl.RoleInfo (RoleInfo.java:updateAndGet(143)) - c7b03e79-217d-4f3b-88bd-f74f5bda030b: start LeaderState
2019-10-10 18:46:28,792 [c7b03e79-217d-4f3b-88bd-f74f5bda030b@group-DCE6C0E404A5-LeaderElection64] INFO  segmented.SegmentedRaftLogWorker (SegmentedRaftLogWorker.java:startLogSegment(385)) - c7b03e79-217d-4f3b-88bd-f74f5bda030b@group-DCE6C0E404A5-SegmentedRaftLogWorker: Starting segment from index:0
2019-10-10 18:46:28,792 [c7b03e79-217d-4f3b-88bd-f74f5bda030b@group-DCE6C0E404A5-LeaderElection64] INFO  impl.RaftServerImpl (ServerState.java:setRaftConf(356)) - c7b03e79-217d-4f3b-88bd-f74f5bda030b@group-DCE6C0E404A5: set configuration 0: [8a124691-369b-4524-a82b-23c8c65c16f9:192.168.164.239:43114, c7b03e79-217d-4f3b-88bd-f74f5bda030b:192.168.164.239:34403, 0b82082f-2c23-4fb8-80b3-54e89e328117:192.168.164.239:39078], old=null at 0
2019-10-10 18:46:28,818 [RatisApplyTransactionExecutor 1] INFO  interfaces.Container (KeyValueContainer.java:flushAndSyncDB(386)) - Container 1 is synced with bcsId 0.
2019-10-10 18:46:28,819 [grpc-default-executor-3] INFO  impl.RaftServerImpl (ServerState.java:setLeader(255)) - 8a124691-369b-4524-a82b-23c8c65c16f9@group-DCE6C0E404A5: change Leader from null to c7b03e79-217d-4f3b-88bd-f74f5bda030b at term 2 for appendEntries, leader elected after 10339ms
2019-10-10 18:46:28,819 [grpc-default-executor-6] INFO  impl.RaftServerImpl (ServerState.java:setLeader(255)) - 0b82082f-2c23-4fb8-80b3-54e89e328117@group-DCE6C0E404A5: change Leader from null to c7b03e79-217d-4f3b-88bd-f74f5bda030b at term 2 for appendEntries, leader elected after 10333ms
2019-10-10 18:46:28,821 [grpc-default-executor-6] INFO  impl.RaftServerImpl (ServerState.java:setRaftConf(356)) - 8a124691-369b-4524-a82b-23c8c65c16f9@group-DCE6C0E404A5: set configuration 0: [8a124691-369b-4524-a82b-23c8c65c16f9:192.168.164.239:43114, c7b03e79-217d-4f3b-88bd-f74f5bda030b:192.168.164.239:34403, 0b82082f-2c23-4fb8-80b3-54e89e328117:192.168.164.239:39078], old=null at 0
2019-10-10 18:46:28,821 [c7b03e79-217d-4f3b-88bd-f74f5bda030b@group-DCE6C0E404A5-SegmentedRaftLogWorker] INFO  segmented.SegmentedRaftLogWorker (SegmentedRaftLogWorker.java:execute(574)) - c7b03e79-217d-4f3b-88bd-f74f5bda030b@group-DCE6C0E404A5-SegmentedRaftLogWorker: created new log segment /workdir/hadoop-ozone/integration-test/target/test-dir/MiniOzoneClusterImpl-9d54b50b-7c31-4a51-85ff-8b8e72266c23/datanode-5/data/ratis/97e7a7e2-1eb3-4fbd-923d-dce6c0e404a5/current/log_inprogress_0
2019-10-10 18:46:28,821 [RatisApplyTransactionExecutor 1] INFO  interfaces.Container (KeyValueContainer.java:flushAndSyncDB(386)) - Container 1 is synced with bcsId 0.
2019-10-10 18:46:28,821 [grpc-default-executor-6] INFO  segmented.SegmentedRaftLogWorker (SegmentedRaftLogWorker.java:startLogSegment(385)) - 8a124691-369b-4524-a82b-23c8c65c16f9@group-DCE6C0E404A5-SegmentedRaftLogWorker: Starting segment from index:0
2019-10-10 18:46:28,821 [grpc-default-executor-3] INFO  impl.RaftServerImpl (ServerState.java:setRaftConf(356)) - 0b82082f-2c23-4fb8-80b3-54e89e328117@group-DCE6C0E404A5: set configuration 0: [8a124691-369b-4524-a82b-23c8c65c16f9:192.168.164.239:43114, c7b03e79-217d-4f3b-88bd-f74f5bda030b:192.168.164.239:34403, 0b82082f-2c23-4fb8-80b3-54e89e328117:192.168.164.239:39078], old=null at 0
2019-10-10 18:46:28,822 [RatisApplyTransactionExecutor 1] INFO  interfaces.Container (KeyValueContainer.java:flushAndSyncDB(386)) - Container 1 is synced with bcsId 0.
2019-10-10 18:46:28,822 [grpc-default-executor-3] INFO  segmented.SegmentedRaftLogWorker (SegmentedRaftLogWorker.java:startLogSegment(385)) - 0b82082f-2c23-4fb8-80b3-54e89e328117@group-DCE6C0E404A5-SegmentedRaftLogWorker: Starting segment from index:0
2019-10-10 18:46:28,843 [RatisApplyTransactionExecutor 1] INFO  interfaces.Container (KeyValueContainer.java:close(335)) - Container 1 is closed with bcsId 0.
2019-10-10 18:46:28,843 [RatisApplyTransactionExecutor 1] INFO  interfaces.Container (KeyValueContainer.java:close(335)) - Container 1 is closed with bcsId 0.
2019-10-10 18:46:28,844 [EventQueue-IncrementalContainerReportForIncrementalContainerReportHandler] WARN  container.IncrementalContainerReportHandler (AbstractContainerReportHandler.java:updateContainerState(145)) - Container #1 is in OPEN state, but the datanode 453ab731-e9d7-4b51-a799-1b524241158f{ip: 192.168.164.239, host: pr-hdds-1986-hdr44-321838893, networkLocation: /default-rack, certSerialId: null} reports an CLOSED replica.
2019-10-10 18:46:28,858 [EventQueue-IncrementalContainerReportForIncrementalContainerReportHandler] WARN  container.IncrementalContainerReportHandler (AbstractContainerReportHandler.java:updateContainerState(145)) - Container #1 is in OPEN state, but the datanode f539186a-062d-4db6-9264-a61b4b21c70f{ip: 192.168.164.239, host: pr-hdds-1986-hdr44-321838893, networkLocation: /default-rack, certSerialId: null} reports an CLOSED replica.
2019-10-10 18:46:28,880 [8a124691-369b-4524-a82b-23c8c65c16f9@group-DCE6C0E404A5-SegmentedRaftLogWorker] INFO  segmented.SegmentedRaftLogWorker (SegmentedRaftLogWorker.java:execute(574)) - 8a124691-369b-4524-a82b-23c8c65c16f9@group-DCE6C0E404A5-SegmentedRaftLogWorker: created new log segment /workdir/hadoop-ozone/integration-test/target/test-dir/MiniOzoneClusterImpl-9d54b50b-7c31-4a51-85ff-8b8e72266c23/datanode-6/data/ratis/97e7a7e2-1eb3-4fbd-923d-dce6c0e404a5/current/log_inprogress_0
2019-10-10 18:46:28,880 [0b82082f-2c23-4fb8-80b3-54e89e328117@group-DCE6C0E404A5-SegmentedRaftLogWorker] INFO  segmented.SegmentedRaftLogWorker (SegmentedRaftLogWorker.java:execute(574)) - 0b82082f-2c23-4fb8-80b3-54e89e328117@group-DCE6C0E404A5-SegmentedRaftLogWorker: created new log segment /workdir/hadoop-ozone/integration-test/target/test-dir/MiniOzoneClusterImpl-9d54b50b-7c31-4a51-85ff-8b8e72266c23/datanode-4/data/ratis/97e7a7e2-1eb3-4fbd-923d-dce6c0e404a5/current/log_inprogress_0
2019-10-10 18:46:29,835 [grpc-default-executor-0] WARN  server.GrpcLogAppender (LogUtils.java:warn(134)) - 1efb21a3-f684-468a-b169-b6be23b2e470@group-E02D28FB7DD5->56c7f49a-0896-472f-aa97-bf6ea0e1870f-AppendLogResponseHandler: Failed appendEntries: org.apache.ratis.thirdparty.io.grpc.StatusRuntimeException: UNAVAILABLE: io exception
2019-10-10 18:46:29,835 [grpc-default-executor-5] WARN  server.GrpcLogAppender (LogUtils.java:warn(134)) - 1efb21a3-f684-468a-b169-b6be23b2e470@group-E02D28FB7DD5->beaf6bb1-9637-4bc7-baee-c1d101cc238c-AppendLogResponseHandler: Failed appendEntries: org.apache.ratis.thirdparty.io.grpc.StatusRuntimeException: UNAVAILABLE: io exception
2019-10-10 18:46:29,835 [grpc-default-executor-0] INFO  impl.FollowerInfo (FollowerInfo.java:lambda$new$0(51)) - 1efb21a3-f684-468a-b169-b6be23b2e470@group-E02D28FB7DD5->56c7f49a-0896-472f-aa97-bf6ea0e1870f: nextIndex: updateUnconditionally 1 -> 0
2019-10-10 18:46:29,835 [grpc-default-executor-5] INFO  impl.FollowerInfo (FollowerInfo.java:lambda$new$0(51)) - 1efb21a3-f684-468a-b169-b6be23b2e470@group-E02D28FB7DD5->beaf6bb1-9637-4bc7-baee-c1d101cc238c: nextIndex: updateUnconditionally 1 -> 0
2019-10-10 18:46:31,171 [grpc-default-executor-0] WARN  server.GrpcLogAppender (LogUtils.java:warn(134)) - 453ab731-e9d7-4b51-a799-1b524241158f@group-E6A29F0D38F4->92990ffb-9a6c-4ccd-afcc-37afd3c6fa21-AppendLogResponseHandler: Failed appendEntries: org.apache.ratis.thirdparty.io.grpc.StatusRuntimeException: UNAVAILABLE: io exception
2019-10-10 18:46:31,172 [grpc-default-executor-0] INFO  impl.FollowerInfo (FollowerInfo.java:lambda$new$0(51)) - 453ab731-e9d7-4b51-a799-1b524241158f@group-E6A29F0D38F4->92990ffb-9a6c-4ccd-afcc-37afd3c6fa21: nextIndex: updateUnconditionally 2 -> 1
2019-10-10 18:46:31,682 [Thread-2471] INFO  client.GrpcClientProtocolService (GrpcClientProtocolService.java:lambda$processClientRequest$0(278)) - Failed RaftClientRequest:client-E6BFD2B3D48D->1efb21a3-f684-468a-b169-b6be23b2e470@group-E02D28FB7DD5, cid=68, seq=0, Watch-MAJORITY_COMMITTED(23), Message:<EMPTY>, reply=RaftClientReply:client-E6BFD2B3D48D->1efb21a3-f684-468a-b169-b6be23b2e470@group-E02D28FB7DD5, cid=68, FAILED org.apache.ratis.protocol.NotReplicatedException: Request with call Id 68 and log index 23 is not yet replicated to MAJORITY_COMMITTED, logIndex=23, commits[1efb21a3-f684-468a-b169-b6be23b2e470:c2, beaf6bb1-9637-4bc7-baee-c1d101cc238c:c2, 56c7f49a-0896-472f-aa97-bf6ea0e1870f:c2]
2019-10-10 18:46:31,862 [main] WARN  scm.XceiverClientRatis (XceiverClientRatis.java:watchForCommit(277)) - 3 way commit failed on pipeline Pipeline[ Id: 8e8d0dc3-2eb1-4dad-968d-e6a29f0d38f4, Nodes: 92990ffb-9a6c-4ccd-afcc-37afd3c6fa21{ip: 192.168.164.239, host: pr-hdds-1986-hdr44-321838893, networkLocation: /default-rack, certSerialId: null}453ab731-e9d7-4b51-a799-1b524241158f{ip: 192.168.164.239, host: pr-hdds-1986-hdr44-321838893, networkLocation: /default-rack, certSerialId: null}f539186a-062d-4db6-9264-a61b4b21c70f{ip: 192.168.164.239, host: pr-hdds-1986-hdr44-321838893, networkLocation: /default-rack, certSerialId: null}, Type:RATIS, Factor:THREE, State:OPEN]
java.util.concurrent.TimeoutException
	at java.util.concurrent.CompletableFuture.timedGet(CompletableFuture.java:1771)
	at java.util.concurrent.CompletableFuture.get(CompletableFuture.java:1915)
	at org.apache.hadoop.hdds.scm.XceiverClientRatis.watchForCommit(XceiverClientRatis.java:274)
	at org.apache.hadoop.ozone.client.rpc.TestWatchForCommit.test2WayCommitForTimeoutException(TestWatchForCommit.java:391)
	at sun.reflect.NativeMethodAccessorImpl.invoke0(Native Method)
	at sun.reflect.NativeMethodAccessorImpl.invoke(NativeMethodAccessorImpl.java:62)
	at sun.reflect.DelegatingMethodAccessorImpl.invoke(DelegatingMethodAccessorImpl.java:43)
	at java.lang.reflect.Method.invoke(Method.java:498)
	at org.junit.runners.model.FrameworkMethod$1.runReflectiveCall(FrameworkMethod.java:47)
	at org.junit.internal.runners.model.ReflectiveCallable.run(ReflectiveCallable.java:12)
	at org.junit.runners.model.FrameworkMethod.invokeExplosively(FrameworkMethod.java:44)
	at org.junit.internal.runners.statements.InvokeMethod.evaluate(InvokeMethod.java:17)
	at org.junit.runners.ParentRunner.runLeaf(ParentRunner.java:271)
	at org.junit.runners.BlockJUnit4ClassRunner.runChild(BlockJUnit4ClassRunner.java:70)
	at org.junit.runners.BlockJUnit4ClassRunner.runChild(BlockJUnit4ClassRunner.java:50)
	at org.junit.runners.ParentRunner$3.run(ParentRunner.java:238)
	at org.junit.runners.ParentRunner$1.schedule(ParentRunner.java:63)
	at org.junit.runners.ParentRunner.runChildren(ParentRunner.java:236)
	at org.junit.runners.ParentRunner.access$000(ParentRunner.java:53)
	at org.junit.runners.ParentRunner$2.evaluate(ParentRunner.java:229)
	at org.junit.runners.ParentRunner.run(ParentRunner.java:309)
	at org.apache.maven.surefire.junit4.JUnit4Provider.execute(JUnit4Provider.java:365)
	at org.apache.maven.surefire.junit4.JUnit4Provider.executeWithRerun(JUnit4Provider.java:273)
	at org.apache.maven.surefire.junit4.JUnit4Provider.executeTestSet(JUnit4Provider.java:238)
	at org.apache.maven.surefire.junit4.JUnit4Provider.invoke(JUnit4Provider.java:159)
	at org.apache.maven.surefire.booter.ForkedBooter.invokeProviderInSameClassLoader(ForkedBooter.java:384)
	at org.apache.maven.surefire.booter.ForkedBooter.runSuitesInProcess(ForkedBooter.java:345)
	at org.apache.maven.surefire.booter.ForkedBooter.execute(ForkedBooter.java:126)
	at org.apache.maven.surefire.booter.ForkedBooter.main(ForkedBooter.java:418)
2019-10-10 18:46:31,870 [Thread-2474] INFO  client.GrpcClientProtocolService (GrpcClientProtocolService.java:lambda$processClientRequest$0(278)) - Failed RaftClientRequest:client-AFE76B10D524->f539186a-062d-4db6-9264-a61b4b21c70f@group-E6A29F0D38F4, cid=106, seq=0, Watch-MAJORITY_COMMITTED(3), Message:<EMPTY>, reply=RaftClientReply:client-AFE76B10D524->f539186a-062d-4db6-9264-a61b4b21c70f@group-E6A29F0D38F4, cid=106, FAILED org.apache.ratis.protocol.NotLeaderException: Server f539186a-062d-4db6-9264-a61b4b21c70f@group-E6A29F0D38F4 is not the leader 453ab731-e9d7-4b51-a799-1b524241158f:192.168.164.239:43671, logIndex=0, commits[f539186a-062d-4db6-9264-a61b4b21c70f:c4, 453ab731-e9d7-4b51-a799-1b524241158f:c4, 92990ffb-9a6c-4ccd-afcc-37afd3c6fa21:c2]
2019-10-10 18:46:32,336 [grpc-default-executor-0] WARN  server.GrpcLogAppender (LogUtils.java:warn(134)) - 1efb21a3-f684-468a-b169-b6be23b2e470@group-E02D28FB7DD5->56c7f49a-0896-472f-aa97-bf6ea0e1870f-AppendLogResponseHandler: Failed appendEntries: org.apache.ratis.thirdparty.io.grpc.StatusRuntimeException: UNAVAILABLE: io exception
2019-10-10 18:46:32,336 [grpc-default-executor-6] WARN  server.GrpcLogAppender (LogUtils.java:warn(134)) - 1efb21a3-f684-468a-b169-b6be23b2e470@group-E02D28FB7DD5->beaf6bb1-9637-4bc7-baee-c1d101cc238c-AppendLogResponseHandler: Failed appendEntries: org.apache.ratis.thirdparty.io.grpc.StatusRuntimeException: UNAVAILABLE: io exception
2019-10-10 18:46:32,336 [grpc-default-executor-0] INFO  impl.FollowerInfo (FollowerInfo.java:lambda$new$0(51)) - 1efb21a3-f684-468a-b169-b6be23b2e470@group-E02D28FB7DD5->56c7f49a-0896-472f-aa97-bf6ea0e1870f: nextIndex: updateUnconditionally 0 -> 0
2019-10-10 18:46:32,336 [grpc-default-executor-6] INFO  impl.FollowerInfo (FollowerInfo.java:lambda$new$0(51)) - 1efb21a3-f684-468a-b169-b6be23b2e470@group-E02D28FB7DD5->beaf6bb1-9637-4bc7-baee-c1d101cc238c: nextIndex: updateUnconditionally 0 -> 0
2019-10-10 18:46:32,842 [EventQueue-StaleNodeForStaleNodeHandler] INFO  node.StaleNodeHandler (StaleNodeHandler.java:onMessage(58)) - Datanode 56c7f49a-0896-472f-aa97-bf6ea0e1870f{ip: 192.168.164.239, host: pr-hdds-1986-hdr44-321838893, networkLocation: /default-rack, certSerialId: null} moved to stale state. Finalizing its pipelines [PipelineID=69797a12-07cc-4d1a-b707-323c8f1068d6, PipelineID=a577533b-f1ea-4a9a-85ff-e02d28fb7dd5]
2019-10-10 18:46:32,842 [EventQueue-StaleNodeForStaleNodeHandler] INFO  pipeline.SCMPipelineManager (SCMPipelineManager.java:finalizeAndDestroyPipeline(315)) - destroying pipeline:Pipeline[ Id: 69797a12-07cc-4d1a-b707-323c8f1068d6, Nodes: 56c7f49a-0896-472f-aa97-bf6ea0e1870f{ip: 192.168.164.239, host: pr-hdds-1986-hdr44-321838893, networkLocation: /default-rack, certSerialId: null}, Type:RATIS, Factor:ONE, State:OPEN]
2019-10-10 18:46:32,842 [EventQueue-StaleNodeForStaleNodeHandler] INFO  pipeline.PipelineStateManager (PipelineStateManager.java:finalizePipeline(123)) - Pipeline Pipeline[ Id: 69797a12-07cc-4d1a-b707-323c8f1068d6, Nodes: 56c7f49a-0896-472f-aa97-bf6ea0e1870f{ip: 192.168.164.239, host: pr-hdds-1986-hdr44-321838893, networkLocation: /default-rack, certSerialId: null}, Type:RATIS, Factor:ONE, State:CLOSED] moved to CLOSED state
2019-10-10 18:46:32,843 [EventQueue-StaleNodeForStaleNodeHandler] INFO  pipeline.SCMPipelineManager (SCMPipelineManager.java:finalizeAndDestroyPipeline(315)) - destroying pipeline:Pipeline[ Id: a577533b-f1ea-4a9a-85ff-e02d28fb7dd5, Nodes: beaf6bb1-9637-4bc7-baee-c1d101cc238c{ip: 192.168.164.239, host: pr-hdds-1986-hdr44-321838893, networkLocation: /default-rack, certSerialId: null}56c7f49a-0896-472f-aa97-bf6ea0e1870f{ip: 192.168.164.239, host: pr-hdds-1986-hdr44-321838893, networkLocation: /default-rack, certSerialId: null}1efb21a3-f684-468a-b169-b6be23b2e470{ip: 192.168.164.239, host: pr-hdds-1986-hdr44-321838893, networkLocation: /default-rack, certSerialId: null}, Type:RATIS, Factor:THREE, State:CLOSED]
2019-10-10 18:46:33,673 [grpc-default-executor-7] WARN  server.GrpcLogAppender (LogUtils.java:warn(134)) - 453ab731-e9d7-4b51-a799-1b524241158f@group-E6A29F0D38F4->92990ffb-9a6c-4ccd-afcc-37afd3c6fa21-AppendLogResponseHandler: Failed appendEntries: org.apache.ratis.thirdparty.io.grpc.StatusRuntimeException: UNAVAILABLE: io exception
2019-10-10 18:46:33,674 [grpc-default-executor-7] INFO  impl.FollowerInfo (FollowerInfo.java:lambda$new$0(51)) - 453ab731-e9d7-4b51-a799-1b524241158f@group-E6A29F0D38F4->92990ffb-9a6c-4ccd-afcc-37afd3c6fa21: nextIndex: updateUnconditionally 1 -> 0
2019-10-10 18:46:34,836 [grpc-default-executor-5] WARN  server.GrpcLogAppender (LogUtils.java:warn(134)) - 1efb21a3-f684-468a-b169-b6be23b2e470@group-E02D28FB7DD5->beaf6bb1-9637-4bc7-baee-c1d101cc238c-AppendLogResponseHandler: Failed appendEntries: org.apache.ratis.thirdparty.io.grpc.StatusRuntimeException: UNAVAILABLE: io exception
2019-10-10 18:46:34,836 [grpc-default-executor-3] WARN  server.GrpcLogAppender (LogUtils.java:warn(134)) - 1efb21a3-f684-468a-b169-b6be23b2e470@group-E02D28FB7DD5->56c7f49a-0896-472f-aa97-bf6ea0e1870f-AppendLogResponseHandler: Failed appendEntries: org.apache.ratis.thirdparty.io.grpc.StatusRuntimeException: UNAVAILABLE: io exception
2019-10-10 18:46:34,837 [grpc-default-executor-5] INFO  impl.FollowerInfo (FollowerInfo.java:lambda$new$0(51)) - 1efb21a3-f684-468a-b169-b6be23b2e470@group-E02D28FB7DD5->beaf6bb1-9637-4bc7-baee-c1d101cc238c: nextIndex: updateUnconditionally 0 -> 0
2019-10-10 18:46:34,837 [grpc-default-executor-3] INFO  impl.FollowerInfo (FollowerInfo.java:lambda$new$0(51)) - 1efb21a3-f684-468a-b169-b6be23b2e470@group-E02D28FB7DD5->56c7f49a-0896-472f-aa97-bf6ea0e1870f: nextIndex: updateUnconditionally 0 -> 0
]]></system-out>
    <system-err><![CDATA[Oct 10, 2019 6:46:28 PM org.apache.ratis.thirdparty.io.grpc.internal.SerializingExecutor run
SEVERE: Exception while executing runnable org.apache.ratis.thirdparty.io.grpc.internal.ServerImpl$JumpToApplicationThreadServerStreamListener$1Closed@37b884da
org.apache.ratis.thirdparty.io.grpc.StatusRuntimeException: CANCELLED: call already cancelled
	at org.apache.ratis.thirdparty.io.grpc.Status.asRuntimeException(Status.java:517)
	at org.apache.ratis.thirdparty.io.grpc.stub.ServerCalls$ServerCallStreamObserverImpl.onCompleted(ServerCalls.java:356)
	at org.apache.ratis.grpc.server.GrpcServerProtocolService$ServerRequestStreamObserver.onError(GrpcServerProtocolService.java:121)
	at org.apache.ratis.thirdparty.io.grpc.stub.ServerCalls$StreamingServerCallHandler$StreamingServerCallListener.onCancel(ServerCalls.java:269)
	at org.apache.ratis.thirdparty.io.grpc.internal.ServerCallImpl$ServerStreamListenerImpl.closed(ServerCallImpl.java:293)
	at org.apache.ratis.thirdparty.io.grpc.internal.ServerImpl$JumpToApplicationThreadServerStreamListener$1Closed.runInContext(ServerImpl.java:741)
	at org.apache.ratis.thirdparty.io.grpc.internal.ContextRunnable.run(ContextRunnable.java:37)
	at org.apache.ratis.thirdparty.io.grpc.internal.SerializingExecutor.run(SerializingExecutor.java:123)
	at java.util.concurrent.ThreadPoolExecutor.runWorker(ThreadPoolExecutor.java:1149)
	at java.util.concurrent.ThreadPoolExecutor$Worker.run(ThreadPoolExecutor.java:624)
	at java.lang.Thread.run(Thread.java:748)

]]></system-err>
  </testcase>
</testsuite>