<?xml version="1.0" encoding="UTF-8"?>
<testsuite xmlns:xsi="http://www.w3.org/2001/XMLSchema-instance" xsi:noNamespaceSchemaLocation="https://maven.apache.org/surefire/maven-surefire-plugin/xsd/surefire-test-report.xsd" name="org.apache.hadoop.ozone.client.rpc.TestFailureHandlingByClient" time="336.383" tests="5" errors="0" skipped="0" failures="1">
  <properties>
    <property name="awt.toolkit" value="sun.awt.X11.XToolkit"/>
    <property name="file.encoding.pkg" value="sun.io"/>
    <property name="java.specification.version" value="1.8"/>
    <property name="sun.cpu.isalist" value=""/>
    <property name="sun.jnu.encoding" value="ANSI_X3.4-1968"/>
    <property name="java.class.path" value="/workdir/hadoop-ozone/integration-test/target/test-classes:/workdir/hadoop-ozone/integration-test/target/classes:/home/user/.m2/repository/org/apache/hadoop/hadoop-ozone-common/0.5.0-SNAPSHOT/hadoop-ozone-common-0.5.0-SNAPSHOT.jar:/home/user/.m2/repository/org/apache/commons/commons-compress/1.4.1/commons-compress-1.4.1.jar:/home/user/.m2/repository/org/tukaani/xz/1.0/xz-1.0.jar:/home/user/.m2/repository/org/apache/hadoop/hadoop-common/3.2.0/hadoop-common-3.2.0.jar:/home/user/.m2/repository/org/apache/hadoop/hadoop-hdfs/3.2.0/hadoop-hdfs-3.2.0.jar:/home/user/.m2/repository/org/apache/hadoop/hadoop-hdfs-client/3.2.0/hadoop-hdfs-client-3.2.0.jar:/home/user/.m2/repository/com/fasterxml/jackson/core/jackson-annotations/2.9.9/jackson-annotations-2.9.9.jar:/home/user/.m2/repository/org/apache/hadoop/hadoop-hdds-common/0.5.0-SNAPSHOT/hadoop-hdds-common-0.5.0-SNAPSHOT.jar:/home/user/.m2/repository/javax/annotation/javax.annotation-api/1.2/javax.annotation-api-1.2.jar:/home/user/.m2/repository/org/apache/ratis/ratis-server/0.5.0-3f446aa-SNAPSHOT/ratis-server-0.5.0-3f446aa-SNAPSHOT.jar:/home/user/.m2/repository/org/apache/ratis/ratis-thirdparty-misc/0.2.0/ratis-thirdparty-misc-0.2.0.jar:/home/user/.m2/repository/org/apache/ratis/ratis-proto/0.5.0-3f446aa-SNAPSHOT/ratis-proto-0.5.0-3f446aa-SNAPSHOT.jar:/home/user/.m2/repository/org/apache/ratis/ratis-common/0.5.0-3f446aa-SNAPSHOT/ratis-common-0.5.0-3f446aa-SNAPSHOT.jar:/home/user/.m2/repository/org/apache/ratis/ratis-client/0.5.0-3f446aa-SNAPSHOT/ratis-client-0.5.0-3f446aa-SNAPSHOT.jar:/home/user/.m2/repository/org/apache/ratis/ratis-metrics/0.5.0-3f446aa-SNAPSHOT/ratis-metrics-0.5.0-3f446aa-SNAPSHOT.jar:/home/user/.m2/repository/com/github/joshelser/dropwizard-metrics-hadoop-metrics2-reporter/0.1.2/dropwizard-metrics-hadoop-metrics2-reporter-0.1.2.jar:/home/user/.m2/repository/io/dropwizard/metrics/metrics-jvm/3.2.5/metrics-jvm-3.2.5.jar:/home/user/.m2/repository/io/dropwizard/metrics/metrics-ganglia/3.2.5/metrics-ganglia-3.2.5.jar:/home/user/.m2/repository/info/ganglia/gmetric4j/gmetric4j/1.0.7/gmetric4j-1.0.7.jar:/home/user/.m2/repository/org/apache/ratis/ratis-netty/0.5.0-3f446aa-SNAPSHOT/ratis-netty-0.5.0-3f446aa-SNAPSHOT.jar:/home/user/.m2/repository/org/apache/ratis/ratis-grpc/0.5.0-3f446aa-SNAPSHOT/ratis-grpc-0.5.0-3f446aa-SNAPSHOT.jar:/home/user/.m2/repository/org/rocksdb/rocksdbjni/6.0.1/rocksdbjni-6.0.1.jar:/home/user/.m2/repository/org/apache/logging/log4j/log4j-api/2.11.0/log4j-api-2.11.0.jar:/home/user/.m2/repository/org/apache/logging/log4j/log4j-core/2.11.0/log4j-core-2.11.0.jar:/home/user/.m2/repository/com/lmax/disruptor/3.4.2/disruptor-3.4.2.jar:/home/user/.m2/repository/org/apache/commons/commons-pool2/2.6.0/commons-pool2-2.6.0.jar:/home/user/.m2/repository/org/bouncycastle/bcpkix-jdk15on/1.60/bcpkix-jdk15on-1.60.jar:/home/user/.m2/repository/commons-validator/commons-validator/1.6/commons-validator-1.6.jar:/home/user/.m2/repository/commons-digester/commons-digester/1.8.1/commons-digester-1.8.1.jar:/home/user/.m2/repository/io/jaegertracing/jaeger-client/0.34.0/jaeger-client-0.34.0.jar:/home/user/.m2/repository/io/jaegertracing/jaeger-thrift/0.34.0/jaeger-thrift-0.34.0.jar:/home/user/.m2/repository/org/apache/thrift/libthrift/0.12.0/libthrift-0.12.0.jar:/home/user/.m2/repository/com/squareup/okhttp3/okhttp/3.9.0/okhttp-3.9.0.jar:/home/user/.m2/repository/com/squareup/okio/okio/1.13.0/okio-1.13.0.jar:/home/user/.m2/repository/io/jaegertracing/jaeger-core/0.34.0/jaeger-core-0.34.0.jar:/home/user/.m2/repository/io/jaegertracing/jaeger-tracerresolver/0.34.0/jaeger-tracerresolver-0.34.0.jar:/home/user/.m2/repository/io/opentracing/contrib/opentracing-tracerresolver/0.1.5/opentracing-tracerresolver-0.1.5.jar:/home/user/.m2/repository/io/opentracing/opentracing-util/0.31.0/opentracing-util-0.31.0.jar:/home/user/.m2/repository/io/opentracing/opentracing-api/0.31.0/opentracing-api-0.31.0.jar:/home/user/.m2/repository/io/opentracing/opentracing-noop/0.31.0/opentracing-noop-0.31.0.jar:/home/user/.m2/repository/org/apache/hadoop/hadoop-hdds-server-framework/0.5.0-SNAPSHOT/hadoop-hdds-server-framework-0.5.0-SNAPSHOT.jar:/home/user/.m2/repository/org/apache/hadoop/hadoop-hdds-container-service/0.5.0-SNAPSHOT/hadoop-hdds-container-service-0.5.0-SNAPSHOT.jar:/home/user/.m2/repository/org/apache/hadoop/hadoop-hdds-client/0.5.0-SNAPSHOT/hadoop-hdds-client-0.5.0-SNAPSHOT.jar:/home/user/.m2/repository/org/apache/hadoop/hadoop-hdds-tools/0.5.0-SNAPSHOT/hadoop-hdds-tools-0.5.0-SNAPSHOT.jar:/home/user/.m2/repository/org/apache/hadoop/hadoop-hdds-server-scm/0.5.0-SNAPSHOT/hadoop-hdds-server-scm-0.5.0-SNAPSHOT.jar:/home/user/.m2/repository/org/apache/hadoop/hadoop-hdds-docs/0.5.0-SNAPSHOT/hadoop-hdds-docs-0.5.0-SNAPSHOT.jar:/home/user/.m2/repository/io/dropwizard/metrics/metrics-core/3.2.4/metrics-core-3.2.4.jar:/home/user/.m2/repository/org/hamcrest/hamcrest-all/1.3/hamcrest-all-1.3.jar:/home/user/.m2/repository/org/bouncycastle/bcprov-jdk15on/1.60/bcprov-jdk15on-1.60.jar:/home/user/.m2/repository/info/picocli/picocli/3.9.6/picocli-3.9.6.jar:/home/user/.m2/repository/com/google/protobuf/protobuf-java/2.5.0/protobuf-java-2.5.0.jar:/home/user/.m2/repository/com/google/guava/guava/11.0.2/guava-11.0.2.jar:/home/user/.m2/repository/org/apache/hadoop/hadoop-ozone-ozone-manager/0.5.0-SNAPSHOT/hadoop-ozone-ozone-manager-0.5.0-SNAPSHOT.jar:/home/user/.m2/repository/org/apache/hadoop/hadoop-minikdc/3.2.0/hadoop-minikdc-3.2.0.jar:/home/user/.m2/repository/commons-io/commons-io/2.5/commons-io-2.5.jar:/home/user/.m2/repository/org/apache/kerby/kerb-simplekdc/1.0.1/kerb-simplekdc-1.0.1.jar:/home/user/.m2/repository/org/apache/kerby/kerb-client/1.0.1/kerb-client-1.0.1.jar:/home/user/.m2/repository/org/apache/kerby/kerby-config/1.0.1/kerby-config-1.0.1.jar:/home/user/.m2/repository/org/apache/kerby/kerb-core/1.0.1/kerb-core-1.0.1.jar:/home/user/.m2/repository/org/apache/kerby/kerby-pkix/1.0.1/kerby-pkix-1.0.1.jar:/home/user/.m2/repository/org/apache/kerby/kerby-asn1/1.0.1/kerby-asn1-1.0.1.jar:/home/user/.m2/repository/org/apache/kerby/kerby-util/1.0.1/kerby-util-1.0.1.jar:/home/user/.m2/repository/org/apache/kerby/kerb-common/1.0.1/kerb-common-1.0.1.jar:/home/user/.m2/repository/org/apache/kerby/kerb-crypto/1.0.1/kerb-crypto-1.0.1.jar:/home/user/.m2/repository/org/apache/kerby/kerb-util/1.0.1/kerb-util-1.0.1.jar:/home/user/.m2/repository/org/apache/kerby/token-provider/1.0.1/token-provider-1.0.1.jar:/home/user/.m2/repository/org/apache/kerby/kerb-admin/1.0.1/kerb-admin-1.0.1.jar:/home/user/.m2/repository/org/apache/kerby/kerb-server/1.0.1/kerb-server-1.0.1.jar:/home/user/.m2/repository/org/apache/kerby/kerb-identity/1.0.1/kerb-identity-1.0.1.jar:/home/user/.m2/repository/org/apache/kerby/kerby-xdr/1.0.1/kerby-xdr-1.0.1.jar:/home/user/.m2/repository/org/slf4j/slf4j-log4j12/1.7.25/slf4j-log4j12-1.7.25.jar:/home/user/.m2/repository/org/apache/hadoop/hadoop-ozone-s3gateway/0.5.0-SNAPSHOT/hadoop-ozone-s3gateway-0.5.0-SNAPSHOT.jar:/home/user/.m2/repository/org/jboss/weld/servlet/weld-servlet/2.4.7.Final/weld-servlet-2.4.7.Final.jar:/home/user/.m2/repository/org/glassfish/jersey/containers/jersey-container-servlet-core/2.27/jersey-container-servlet-core-2.27.jar:/home/user/.m2/repository/org/glassfish/hk2/external/javax.inject/2.5.0-b42/javax.inject-2.5.0-b42.jar:/home/user/.m2/repository/org/glassfish/jersey/core/jersey-common/2.27/jersey-common-2.27.jar:/home/user/.m2/repository/org/glassfish/hk2/osgi-resource-locator/1.0.1/osgi-resource-locator-1.0.1.jar:/home/user/.m2/repository/javax/ws/rs/javax.ws.rs-api/2.1/javax.ws.rs-api-2.1.jar:/home/user/.m2/repository/org/glassfish/jersey/ext/cdi/jersey-cdi1x/2.27/jersey-cdi1x-2.27.jar:/home/user/.m2/repository/org/glassfish/jersey/inject/jersey-hk2/2.27/jersey-hk2-2.27.jar:/home/user/.m2/repository/org/glassfish/hk2/hk2-locator/2.5.0-b42/hk2-locator-2.5.0-b42.jar:/home/user/.m2/repository/org/javassist/javassist/3.22.0-CR2/javassist-3.22.0-CR2.jar:/home/user/.m2/repository/org/glassfish/hk2/hk2-api/2.5.0/hk2-api-2.5.0.jar:/home/user/.m2/repository/org/glassfish/hk2/external/jakarta.inject/2.5.0/jakarta.inject-2.5.0.jar:/home/user/.m2/repository/org/glassfish/hk2/hk2-utils/2.5.0/hk2-utils-2.5.0.jar:/home/user/.m2/repository/jakarta/annotation/jakarta.annotation-api/1.3.4/jakarta.annotation-api-1.3.4.jar:/home/user/.m2/repository/org/glassfish/hk2/external/aopalliance-repackaged/2.5.0/aopalliance-repackaged-2.5.0.jar:/home/user/.m2/repository/com/fasterxml/jackson/dataformat/jackson-dataformat-xml/2.9.0/jackson-dataformat-xml-2.9.0.jar:/home/user/.m2/repository/com/fasterxml/jackson/core/jackson-core/2.9.9/jackson-core-2.9.9.jar:/home/user/.m2/repository/com/fasterxml/jackson/module/jackson-module-jaxb-annotations/2.9.9/jackson-module-jaxb-annotations-2.9.9.jar:/home/user/.m2/repository/javax/enterprise/cdi-api/1.2/cdi-api-1.2.jar:/home/user/.m2/repository/javax/el/javax.el-api/3.0.0/javax.el-api-3.0.0.jar:/home/user/.m2/repository/javax/interceptor/javax.interceptor-api/1.2/javax.interceptor-api-1.2.jar:/home/user/.m2/repository/javax/inject/javax.inject/1/javax.inject-1.jar:/home/user/.m2/repository/com/sun/xml/bind/jaxb-impl/2.3.0.1/jaxb-impl-2.3.0.1.jar:/home/user/.m2/repository/com/sun/xml/bind/jaxb-core/2.3.0.1/jaxb-core-2.3.0.1.jar:/home/user/.m2/repository/javax/xml/bind/jaxb-api/2.3.0/jaxb-api-2.3.0.jar:/home/user/.m2/repository/javax/activation/activation/1.1.1/activation-1.1.1.jar:/home/user/.m2/repository/org/apache/hadoop/hadoop-ozone-csi/0.5.0-SNAPSHOT/hadoop-ozone-csi-0.5.0-SNAPSHOT.jar:/home/user/.m2/repository/com/google/protobuf/protobuf-java-util/3.5.1/protobuf-java-util-3.5.1.jar:/home/user/.m2/repository/org/apache/hadoop/hadoop-hdds-config/0.5.0-SNAPSHOT/hadoop-hdds-config-0.5.0-SNAPSHOT.jar:/home/user/.m2/repository/io/grpc/grpc-netty/1.17.1/grpc-netty-1.17.1.jar:/home/user/.m2/repository/io/grpc/grpc-core/1.17.1/grpc-core-1.17.1.jar:/home/user/.m2/repository/io/grpc/grpc-context/1.17.1/grpc-context-1.17.1.jar:/home/user/.m2/repository/com/google/errorprone/error_prone_annotations/2.2.0/error_prone_annotations-2.2.0.jar:/home/user/.m2/repository/org/codehaus/mojo/animal-sniffer-annotations/1.17/animal-sniffer-annotations-1.17.jar:/home/user/.m2/repository/io/opencensus/opencensus-api/0.17.0/opencensus-api-0.17.0.jar:/home/user/.m2/repository/io/opencensus/opencensus-contrib-grpc-metrics/0.17.0/opencensus-contrib-grpc-metrics-0.17.0.jar:/home/user/.m2/repository/io/netty/netty-codec-http2/4.1.30.Final/netty-codec-http2-4.1.30.Final.jar:/home/user/.m2/repository/io/netty/netty-codec-http/4.1.30.Final/netty-codec-http-4.1.30.Final.jar:/home/user/.m2/repository/io/netty/netty-codec/4.1.30.Final/netty-codec-4.1.30.Final.jar:/home/user/.m2/repository/io/netty/netty-handler/4.1.30.Final/netty-handler-4.1.30.Final.jar:/home/user/.m2/repository/io/netty/netty-handler-proxy/4.1.30.Final/netty-handler-proxy-4.1.30.Final.jar:/home/user/.m2/repository/io/netty/netty-codec-socks/4.1.30.Final/netty-codec-socks-4.1.30.Final.jar:/home/user/.m2/repository/io/netty/netty-transport-native-epoll/4.1.30.Final/netty-transport-native-epoll-4.1.30.Final.jar:/home/user/.m2/repository/io/netty/netty-common/4.1.30.Final/netty-common-4.1.30.Final.jar:/home/user/.m2/repository/io/netty/netty-buffer/4.1.30.Final/netty-buffer-4.1.30.Final.jar:/home/user/.m2/repository/io/netty/netty-transport/4.1.30.Final/netty-transport-4.1.30.Final.jar:/home/user/.m2/repository/io/netty/netty-resolver/4.1.30.Final/netty-resolver-4.1.30.Final.jar:/home/user/.m2/repository/io/netty/netty-transport-native-unix-common/4.1.30.Final/netty-transport-native-unix-common-4.1.30.Final.jar:/home/user/.m2/repository/io/grpc/grpc-protobuf/1.17.1/grpc-protobuf-1.17.1.jar:/home/user/.m2/repository/com/google/api/grpc/proto-google-common-protos/1.0.0/proto-google-common-protos-1.0.0.jar:/home/user/.m2/repository/io/grpc/grpc-protobuf-lite/1.17.1/grpc-protobuf-lite-1.17.1.jar:/home/user/.m2/repository/io/grpc/grpc-stub/1.17.1/grpc-stub-1.17.1.jar:/home/user/.m2/repository/org/apache/hadoop/hadoop-ozone-recon/0.5.0-SNAPSHOT/hadoop-ozone-recon-0.5.0-SNAPSHOT.jar:/home/user/.m2/repository/org/apache/hadoop/hadoop-ozone-reconcodegen/0.5.0-SNAPSHOT/hadoop-ozone-reconcodegen-0.5.0-SNAPSHOT.jar:/home/user/.m2/repository/com/google/inject/extensions/guice-multibindings/4.0/guice-multibindings-4.0.jar:/home/user/.m2/repository/com/google/inject/guice/4.0/guice-4.0.jar:/home/user/.m2/repository/aopalliance/aopalliance/1.0/aopalliance-1.0.jar:/home/user/.m2/repository/com/google/inject/extensions/guice-servlet/4.0/guice-servlet-4.0.jar:/home/user/.m2/repository/org/glassfish/jersey/containers/jersey-container-servlet/2.27/jersey-container-servlet-2.27.jar:/home/user/.m2/repository/org/glassfish/hk2/guice-bridge/2.5.0/guice-bridge-2.5.0.jar:/home/user/.m2/repository/org/glassfish/jersey/core/jersey-server/2.27/jersey-server-2.27.jar:/home/user/.m2/repository/org/glassfish/jersey/core/jersey-client/2.27/jersey-client-2.27.jar:/home/user/.m2/repository/org/glassfish/jersey/media/jersey-media-jaxb/2.27/jersey-media-jaxb-2.27.jar:/home/user/.m2/repository/javax/validation/validation-api/1.1.0.Final/validation-api-1.1.0.Final.jar:/home/user/.m2/repository/org/glassfish/jersey/media/jersey-media-json-jackson/2.27/jersey-media-json-jackson-2.27.jar:/home/user/.m2/repository/org/glassfish/jersey/ext/jersey-entity-filtering/2.27/jersey-entity-filtering-2.27.jar:/home/user/.m2/repository/com/google/inject/extensions/guice-assistedinject/4.0/guice-assistedinject-4.0.jar:/home/user/.m2/repository/org/jooq/jooq/3.11.10/jooq-3.11.10.jar:/home/user/.m2/repository/org/jooq/jooq-meta/3.11.10/jooq-meta-3.11.10.jar:/home/user/.m2/repository/org/jooq/jooq-codegen/3.11.10/jooq-codegen-3.11.10.jar:/home/user/.m2/repository/com/jolbox/bonecp/0.8.0.RELEASE/bonecp-0.8.0.RELEASE.jar:/home/user/.m2/repository/org/xerial/sqlite-jdbc/3.25.2/sqlite-jdbc-3.25.2.jar:/home/user/.m2/repository/org/springframework/spring-jdbc/5.1.3.RELEASE/spring-jdbc-5.1.3.RELEASE.jar:/home/user/.m2/repository/org/springframework/spring-beans/5.1.3.RELEASE/spring-beans-5.1.3.RELEASE.jar:/home/user/.m2/repository/org/springframework/spring-core/5.1.3.RELEASE/spring-core-5.1.3.RELEASE.jar:/home/user/.m2/repository/org/springframework/spring-jcl/5.1.3.RELEASE/spring-jcl-5.1.3.RELEASE.jar:/home/user/.m2/repository/org/springframework/spring-tx/5.1.3.RELEASE/spring-tx-5.1.3.RELEASE.jar:/home/user/.m2/repository/org/apache/hadoop/hadoop-ozone-client/0.5.0-SNAPSHOT/hadoop-ozone-client-0.5.0-SNAPSHOT.jar:/home/user/.m2/repository/commons-lang/commons-lang/2.6/commons-lang-2.6.jar:/home/user/.m2/repository/org/apache/hadoop/hadoop-ozone-ozone-manager/0.5.0-SNAPSHOT/hadoop-ozone-ozone-manager-0.5.0-SNAPSHOT-tests.jar:/home/user/.m2/repository/junit/junit/4.11/junit-4.11.jar:/home/user/.m2/repository/org/hamcrest/hamcrest-core/1.3/hamcrest-core-1.3.jar:/home/user/.m2/repository/org/openjdk/jmh/jmh-core/1.19/jmh-core-1.19.jar:/home/user/.m2/repository/net/sf/jopt-simple/jopt-simple/4.6/jopt-simple-4.6.jar:/home/user/.m2/repository/org/apache/commons/commons-math3/3.1.1/commons-math3-3.1.1.jar:/home/user/.m2/repository/org/openjdk/jmh/jmh-generator-annprocess/1.19/jmh-generator-annprocess-1.19.jar:/home/user/.m2/repository/org/mockito/mockito-all/1.8.5/mockito-all-1.8.5.jar:/home/user/.m2/repository/org/apache/hadoop/hadoop-kms/3.2.0/hadoop-kms-3.2.0.jar:/home/user/.m2/repository/org/apache/hadoop/hadoop-auth/3.2.0/hadoop-auth-3.2.0.jar:/home/user/.m2/repository/com/nimbusds/nimbus-jose-jwt/4.41.1/nimbus-jose-jwt-4.41.1.jar:/home/user/.m2/repository/com/github/stephenc/jcip/jcip-annotations/1.0-1/jcip-annotations-1.0-1.jar:/home/user/.m2/repository/net/minidev/json-smart/2.3/json-smart-2.3.jar:/home/user/.m2/repository/net/minidev/accessors-smart/1.2/accessors-smart-1.2.jar:/home/user/.m2/repository/org/ow2/asm/asm/5.0.4/asm-5.0.4.jar:/home/user/.m2/repository/org/apache/curator/curator-framework/2.12.0/curator-framework-2.12.0.jar:/home/user/.m2/repository/com/sun/jersey/jersey-core/1.19/jersey-core-1.19.jar:/home/user/.m2/repository/javax/ws/rs/jsr311-api/1.1.1/jsr311-api-1.1.1.jar:/home/user/.m2/repository/com/sun/jersey/jersey-server/1.19/jersey-server-1.19.jar:/home/user/.m2/repository/javax/servlet/javax.servlet-api/3.1.0/javax.servlet-api-3.1.0.jar:/home/user/.m2/repository/org/eclipse/jetty/jetty-server/9.3.25.v20180904/jetty-server-9.3.25.v20180904.jar:/home/user/.m2/repository/org/eclipse/jetty/jetty-http/9.3.25.v20180904/jetty-http-9.3.25.v20180904.jar:/home/user/.m2/repository/org/eclipse/jetty/jetty-io/9.3.25.v20180904/jetty-io-9.3.25.v20180904.jar:/home/user/.m2/repository/org/eclipse/jetty/jetty-webapp/9.3.25.v20180904/jetty-webapp-9.3.25.v20180904.jar:/home/user/.m2/repository/org/eclipse/jetty/jetty-xml/9.3.25.v20180904/jetty-xml-9.3.25.v20180904.jar:/home/user/.m2/repository/log4j/log4j/1.2.17/log4j-1.2.17.jar:/home/user/.m2/repository/org/slf4j/slf4j-api/1.7.25/slf4j-api-1.7.25.jar:/home/user/.m2/repository/org/slf4j/jul-to-slf4j/1.7.25/jul-to-slf4j-1.7.25.jar:/home/user/.m2/repository/org/eclipse/jetty/jetty-util/9.3.25.v20180904/jetty-util-9.3.25.v20180904.jar:/home/user/.m2/repository/com/fasterxml/jackson/core/jackson-databind/2.9.9/jackson-databind-2.9.9.jar:/home/user/.m2/repository/org/apache/hadoop/hadoop-kms/3.2.0/hadoop-kms-3.2.0-tests.jar:/home/user/.m2/repository/org/apache/hadoop/hadoop-hdds-server-scm/0.5.0-SNAPSHOT/hadoop-hdds-server-scm-0.5.0-SNAPSHOT-tests.jar:/home/user/.m2/repository/org/apache/hadoop/hadoop-hdds-container-service/0.5.0-SNAPSHOT/hadoop-hdds-container-service-0.5.0-SNAPSHOT-tests.jar:/home/user/.m2/repository/org/yaml/snakeyaml/1.16/snakeyaml-1.16.jar:/home/user/.m2/repository/org/apache/hadoop/hadoop-common/3.2.0/hadoop-common-3.2.0-tests.jar:/home/user/.m2/repository/org/apache/hadoop/hadoop-annotations/3.2.0/hadoop-annotations-3.2.0.jar:/usr/lib/jvm/java-1.8.0-openjdk-1.8.0.222.b10-1.el7_7.x86_64/jre/../lib/tools.jar:/home/user/.m2/repository/commons-cli/commons-cli/1.2/commons-cli-1.2.jar:/home/user/.m2/repository/org/apache/httpcomponents/httpclient/4.5.2/httpclient-4.5.2.jar:/home/user/.m2/repository/org/apache/httpcomponents/httpcore/4.4.4/httpcore-4.4.4.jar:/home/user/.m2/repository/commons-codec/commons-codec/1.11/commons-codec-1.11.jar:/home/user/.m2/repository/commons-net/commons-net/3.6/commons-net-3.6.jar:/home/user/.m2/repository/commons-collections/commons-collections/3.2.2/commons-collections-3.2.2.jar:/home/user/.m2/repository/org/eclipse/jetty/jetty-servlet/9.3.25.v20180904/jetty-servlet-9.3.25.v20180904.jar:/home/user/.m2/repository/org/eclipse/jetty/jetty-security/9.3.25.v20180904/jetty-security-9.3.25.v20180904.jar:/home/user/.m2/repository/javax/servlet/jsp/jsp-api/2.1/jsp-api-2.1.jar:/home/user/.m2/repository/com/sun/jersey/jersey-servlet/1.19/jersey-servlet-1.19.jar:/home/user/.m2/repository/com/sun/jersey/jersey-json/1.19/jersey-json-1.19.jar:/home/user/.m2/repository/org/codehaus/jettison/jettison/1.1/jettison-1.1.jar:/home/user/.m2/repository/org/codehaus/jackson/jackson-core-asl/1.9.13/jackson-core-asl-1.9.13.jar:/home/user/.m2/repository/org/codehaus/jackson/jackson-mapper-asl/1.9.13/jackson-mapper-asl-1.9.13.jar:/home/user/.m2/repository/org/codehaus/jackson/jackson-jaxrs/1.9.13/jackson-jaxrs-1.9.13.jar:/home/user/.m2/repository/org/codehaus/jackson/jackson-xc/1.9.13/jackson-xc-1.9.13.jar:/home/user/.m2/repository/commons-logging/commons-logging/1.1.3/commons-logging-1.1.3.jar:/home/user/.m2/repository/commons-beanutils/commons-beanutils/1.9.4/commons-beanutils-1.9.4.jar:/home/user/.m2/repository/org/apache/commons/commons-configuration2/2.1.1/commons-configuration2-2.1.1.jar:/home/user/.m2/repository/org/apache/commons/commons-lang3/3.7/commons-lang3-3.7.jar:/home/user/.m2/repository/org/apache/commons/commons-text/1.4/commons-text-1.4.jar:/home/user/.m2/repository/org/apache/avro/avro/1.7.7/avro-1.7.7.jar:/home/user/.m2/repository/com/thoughtworks/paranamer/paranamer/2.3/paranamer-2.3.jar:/home/user/.m2/repository/org/xerial/snappy/snappy-java/1.0.5/snappy-java-1.0.5.jar:/home/user/.m2/repository/com/google/re2j/re2j/1.1/re2j-1.1.jar:/home/user/.m2/repository/com/google/code/gson/gson/2.2.4/gson-2.2.4.jar:/home/user/.m2/repository/com/jcraft/jsch/0.1.54/jsch-0.1.54.jar:/home/user/.m2/repository/org/apache/curator/curator-client/2.12.0/curator-client-2.12.0.jar:/home/user/.m2/repository/org/apache/curator/curator-recipes/2.12.0/curator-recipes-2.12.0.jar:/home/user/.m2/repository/com/google/code/findbugs/jsr305/3.0.0/jsr305-3.0.0.jar:/home/user/.m2/repository/org/apache/htrace/htrace-core4/4.1.0-incubating/htrace-core4-4.1.0-incubating.jar:/home/user/.m2/repository/org/apache/zookeeper/zookeeper/3.4.13/zookeeper-3.4.13.jar:/home/user/.m2/repository/jline/jline/0.9.94/jline-0.9.94.jar:/home/user/.m2/repository/org/apache/yetus/audience-annotations/0.5.0/audience-annotations-0.5.0.jar:/home/user/.m2/repository/org/codehaus/woodstox/stax2-api/3.1.4/stax2-api-3.1.4.jar:/home/user/.m2/repository/com/fasterxml/woodstox/woodstox-core/5.0.3/woodstox-core-5.0.3.jar:/home/user/.m2/repository/dnsjava/dnsjava/2.1.7/dnsjava-2.1.7.jar:/home/user/.m2/repository/org/apache/hadoop/hadoop-hdfs/3.2.0/hadoop-hdfs-3.2.0-tests.jar:/home/user/.m2/repository/org/eclipse/jetty/jetty-util-ajax/9.3.25.v20180904/jetty-util-ajax-9.3.25.v20180904.jar:/home/user/.m2/repository/commons-daemon/commons-daemon/1.0.13/commons-daemon-1.0.13.jar:/home/user/.m2/repository/io/netty/netty/3.10.5.Final/netty-3.10.5.Final.jar:/home/user/.m2/repository/io/netty/netty-all/4.0.52.Final/netty-all-4.0.52.Final.jar:/home/user/.m2/repository/org/fusesource/leveldbjni/leveldbjni-all/1.8/leveldbjni-all-1.8.jar:"/>
    <property name="java.vm.vendor" value="Oracle Corporation"/>
    <property name="sun.arch.data.model" value="64"/>
    <property name="test.build.dir" value="/workdir/hadoop-ozone/integration-test/target/test-dir"/>
    <property name="test.cache.data" value=""/>
    <property name="java.vendor.url" value="http://java.oracle.com/"/>
    <property name="user.timezone" value=""/>
    <property name="java.vm.specification.version" value="1.8"/>
    <property name="os.name" value="Linux"/>
    <property name="test.build.data" value="/workdir/hadoop-ozone/integration-test/target/test-dir"/>
    <property name="user.country" value="US"/>
    <property name="sun.java.launcher" value="SUN_STANDARD"/>
    <property name="sun.boot.library.path" value="/usr/lib/jvm/java-1.8.0-openjdk-1.8.0.222.b10-1.el7_7.x86_64/jre/lib/amd64"/>
    <property name="sun.java.command" value="/workdir/hadoop-ozone/integration-test/target/surefire/surefirebooter7590894843197421913.jar /workdir/hadoop-ozone/integration-test/target/surefire 2019-10-21T21-19-31_596-jvmRun1 surefire196864069760626193tmp surefire_257803629235606381587tmp"/>
    <property name="surefire.test.class.path" value="/workdir/hadoop-ozone/integration-test/target/test-classes:/workdir/hadoop-ozone/integration-test/target/classes:/home/user/.m2/repository/org/apache/hadoop/hadoop-ozone-common/0.5.0-SNAPSHOT/hadoop-ozone-common-0.5.0-SNAPSHOT.jar:/home/user/.m2/repository/org/apache/commons/commons-compress/1.4.1/commons-compress-1.4.1.jar:/home/user/.m2/repository/org/tukaani/xz/1.0/xz-1.0.jar:/home/user/.m2/repository/org/apache/hadoop/hadoop-common/3.2.0/hadoop-common-3.2.0.jar:/home/user/.m2/repository/org/apache/hadoop/hadoop-hdfs/3.2.0/hadoop-hdfs-3.2.0.jar:/home/user/.m2/repository/org/apache/hadoop/hadoop-hdfs-client/3.2.0/hadoop-hdfs-client-3.2.0.jar:/home/user/.m2/repository/com/fasterxml/jackson/core/jackson-annotations/2.9.9/jackson-annotations-2.9.9.jar:/home/user/.m2/repository/org/apache/hadoop/hadoop-hdds-common/0.5.0-SNAPSHOT/hadoop-hdds-common-0.5.0-SNAPSHOT.jar:/home/user/.m2/repository/javax/annotation/javax.annotation-api/1.2/javax.annotation-api-1.2.jar:/home/user/.m2/repository/org/apache/ratis/ratis-server/0.5.0-3f446aa-SNAPSHOT/ratis-server-0.5.0-3f446aa-SNAPSHOT.jar:/home/user/.m2/repository/org/apache/ratis/ratis-thirdparty-misc/0.2.0/ratis-thirdparty-misc-0.2.0.jar:/home/user/.m2/repository/org/apache/ratis/ratis-proto/0.5.0-3f446aa-SNAPSHOT/ratis-proto-0.5.0-3f446aa-SNAPSHOT.jar:/home/user/.m2/repository/org/apache/ratis/ratis-common/0.5.0-3f446aa-SNAPSHOT/ratis-common-0.5.0-3f446aa-SNAPSHOT.jar:/home/user/.m2/repository/org/apache/ratis/ratis-client/0.5.0-3f446aa-SNAPSHOT/ratis-client-0.5.0-3f446aa-SNAPSHOT.jar:/home/user/.m2/repository/org/apache/ratis/ratis-metrics/0.5.0-3f446aa-SNAPSHOT/ratis-metrics-0.5.0-3f446aa-SNAPSHOT.jar:/home/user/.m2/repository/com/github/joshelser/dropwizard-metrics-hadoop-metrics2-reporter/0.1.2/dropwizard-metrics-hadoop-metrics2-reporter-0.1.2.jar:/home/user/.m2/repository/io/dropwizard/metrics/metrics-jvm/3.2.5/metrics-jvm-3.2.5.jar:/home/user/.m2/repository/io/dropwizard/metrics/metrics-ganglia/3.2.5/metrics-ganglia-3.2.5.jar:/home/user/.m2/repository/info/ganglia/gmetric4j/gmetric4j/1.0.7/gmetric4j-1.0.7.jar:/home/user/.m2/repository/org/apache/ratis/ratis-netty/0.5.0-3f446aa-SNAPSHOT/ratis-netty-0.5.0-3f446aa-SNAPSHOT.jar:/home/user/.m2/repository/org/apache/ratis/ratis-grpc/0.5.0-3f446aa-SNAPSHOT/ratis-grpc-0.5.0-3f446aa-SNAPSHOT.jar:/home/user/.m2/repository/org/rocksdb/rocksdbjni/6.0.1/rocksdbjni-6.0.1.jar:/home/user/.m2/repository/org/apache/logging/log4j/log4j-api/2.11.0/log4j-api-2.11.0.jar:/home/user/.m2/repository/org/apache/logging/log4j/log4j-core/2.11.0/log4j-core-2.11.0.jar:/home/user/.m2/repository/com/lmax/disruptor/3.4.2/disruptor-3.4.2.jar:/home/user/.m2/repository/org/apache/commons/commons-pool2/2.6.0/commons-pool2-2.6.0.jar:/home/user/.m2/repository/org/bouncycastle/bcpkix-jdk15on/1.60/bcpkix-jdk15on-1.60.jar:/home/user/.m2/repository/commons-validator/commons-validator/1.6/commons-validator-1.6.jar:/home/user/.m2/repository/commons-digester/commons-digester/1.8.1/commons-digester-1.8.1.jar:/home/user/.m2/repository/io/jaegertracing/jaeger-client/0.34.0/jaeger-client-0.34.0.jar:/home/user/.m2/repository/io/jaegertracing/jaeger-thrift/0.34.0/jaeger-thrift-0.34.0.jar:/home/user/.m2/repository/org/apache/thrift/libthrift/0.12.0/libthrift-0.12.0.jar:/home/user/.m2/repository/com/squareup/okhttp3/okhttp/3.9.0/okhttp-3.9.0.jar:/home/user/.m2/repository/com/squareup/okio/okio/1.13.0/okio-1.13.0.jar:/home/user/.m2/repository/io/jaegertracing/jaeger-core/0.34.0/jaeger-core-0.34.0.jar:/home/user/.m2/repository/io/jaegertracing/jaeger-tracerresolver/0.34.0/jaeger-tracerresolver-0.34.0.jar:/home/user/.m2/repository/io/opentracing/contrib/opentracing-tracerresolver/0.1.5/opentracing-tracerresolver-0.1.5.jar:/home/user/.m2/repository/io/opentracing/opentracing-util/0.31.0/opentracing-util-0.31.0.jar:/home/user/.m2/repository/io/opentracing/opentracing-api/0.31.0/opentracing-api-0.31.0.jar:/home/user/.m2/repository/io/opentracing/opentracing-noop/0.31.0/opentracing-noop-0.31.0.jar:/home/user/.m2/repository/org/apache/hadoop/hadoop-hdds-server-framework/0.5.0-SNAPSHOT/hadoop-hdds-server-framework-0.5.0-SNAPSHOT.jar:/home/user/.m2/repository/org/apache/hadoop/hadoop-hdds-container-service/0.5.0-SNAPSHOT/hadoop-hdds-container-service-0.5.0-SNAPSHOT.jar:/home/user/.m2/repository/org/apache/hadoop/hadoop-hdds-client/0.5.0-SNAPSHOT/hadoop-hdds-client-0.5.0-SNAPSHOT.jar:/home/user/.m2/repository/org/apache/hadoop/hadoop-hdds-tools/0.5.0-SNAPSHOT/hadoop-hdds-tools-0.5.0-SNAPSHOT.jar:/home/user/.m2/repository/org/apache/hadoop/hadoop-hdds-server-scm/0.5.0-SNAPSHOT/hadoop-hdds-server-scm-0.5.0-SNAPSHOT.jar:/home/user/.m2/repository/org/apache/hadoop/hadoop-hdds-docs/0.5.0-SNAPSHOT/hadoop-hdds-docs-0.5.0-SNAPSHOT.jar:/home/user/.m2/repository/io/dropwizard/metrics/metrics-core/3.2.4/metrics-core-3.2.4.jar:/home/user/.m2/repository/org/hamcrest/hamcrest-all/1.3/hamcrest-all-1.3.jar:/home/user/.m2/repository/org/bouncycastle/bcprov-jdk15on/1.60/bcprov-jdk15on-1.60.jar:/home/user/.m2/repository/info/picocli/picocli/3.9.6/picocli-3.9.6.jar:/home/user/.m2/repository/com/google/protobuf/protobuf-java/2.5.0/protobuf-java-2.5.0.jar:/home/user/.m2/repository/com/google/guava/guava/11.0.2/guava-11.0.2.jar:/home/user/.m2/repository/org/apache/hadoop/hadoop-ozone-ozone-manager/0.5.0-SNAPSHOT/hadoop-ozone-ozone-manager-0.5.0-SNAPSHOT.jar:/home/user/.m2/repository/org/apache/hadoop/hadoop-minikdc/3.2.0/hadoop-minikdc-3.2.0.jar:/home/user/.m2/repository/commons-io/commons-io/2.5/commons-io-2.5.jar:/home/user/.m2/repository/org/apache/kerby/kerb-simplekdc/1.0.1/kerb-simplekdc-1.0.1.jar:/home/user/.m2/repository/org/apache/kerby/kerb-client/1.0.1/kerb-client-1.0.1.jar:/home/user/.m2/repository/org/apache/kerby/kerby-config/1.0.1/kerby-config-1.0.1.jar:/home/user/.m2/repository/org/apache/kerby/kerb-core/1.0.1/kerb-core-1.0.1.jar:/home/user/.m2/repository/org/apache/kerby/kerby-pkix/1.0.1/kerby-pkix-1.0.1.jar:/home/user/.m2/repository/org/apache/kerby/kerby-asn1/1.0.1/kerby-asn1-1.0.1.jar:/home/user/.m2/repository/org/apache/kerby/kerby-util/1.0.1/kerby-util-1.0.1.jar:/home/user/.m2/repository/org/apache/kerby/kerb-common/1.0.1/kerb-common-1.0.1.jar:/home/user/.m2/repository/org/apache/kerby/kerb-crypto/1.0.1/kerb-crypto-1.0.1.jar:/home/user/.m2/repository/org/apache/kerby/kerb-util/1.0.1/kerb-util-1.0.1.jar:/home/user/.m2/repository/org/apache/kerby/token-provider/1.0.1/token-provider-1.0.1.jar:/home/user/.m2/repository/org/apache/kerby/kerb-admin/1.0.1/kerb-admin-1.0.1.jar:/home/user/.m2/repository/org/apache/kerby/kerb-server/1.0.1/kerb-server-1.0.1.jar:/home/user/.m2/repository/org/apache/kerby/kerb-identity/1.0.1/kerb-identity-1.0.1.jar:/home/user/.m2/repository/org/apache/kerby/kerby-xdr/1.0.1/kerby-xdr-1.0.1.jar:/home/user/.m2/repository/org/slf4j/slf4j-log4j12/1.7.25/slf4j-log4j12-1.7.25.jar:/home/user/.m2/repository/org/apache/hadoop/hadoop-ozone-s3gateway/0.5.0-SNAPSHOT/hadoop-ozone-s3gateway-0.5.0-SNAPSHOT.jar:/home/user/.m2/repository/org/jboss/weld/servlet/weld-servlet/2.4.7.Final/weld-servlet-2.4.7.Final.jar:/home/user/.m2/repository/org/glassfish/jersey/containers/jersey-container-servlet-core/2.27/jersey-container-servlet-core-2.27.jar:/home/user/.m2/repository/org/glassfish/hk2/external/javax.inject/2.5.0-b42/javax.inject-2.5.0-b42.jar:/home/user/.m2/repository/org/glassfish/jersey/core/jersey-common/2.27/jersey-common-2.27.jar:/home/user/.m2/repository/org/glassfish/hk2/osgi-resource-locator/1.0.1/osgi-resource-locator-1.0.1.jar:/home/user/.m2/repository/javax/ws/rs/javax.ws.rs-api/2.1/javax.ws.rs-api-2.1.jar:/home/user/.m2/repository/org/glassfish/jersey/ext/cdi/jersey-cdi1x/2.27/jersey-cdi1x-2.27.jar:/home/user/.m2/repository/org/glassfish/jersey/inject/jersey-hk2/2.27/jersey-hk2-2.27.jar:/home/user/.m2/repository/org/glassfish/hk2/hk2-locator/2.5.0-b42/hk2-locator-2.5.0-b42.jar:/home/user/.m2/repository/org/javassist/javassist/3.22.0-CR2/javassist-3.22.0-CR2.jar:/home/user/.m2/repository/org/glassfish/hk2/hk2-api/2.5.0/hk2-api-2.5.0.jar:/home/user/.m2/repository/org/glassfish/hk2/external/jakarta.inject/2.5.0/jakarta.inject-2.5.0.jar:/home/user/.m2/repository/org/glassfish/hk2/hk2-utils/2.5.0/hk2-utils-2.5.0.jar:/home/user/.m2/repository/jakarta/annotation/jakarta.annotation-api/1.3.4/jakarta.annotation-api-1.3.4.jar:/home/user/.m2/repository/org/glassfish/hk2/external/aopalliance-repackaged/2.5.0/aopalliance-repackaged-2.5.0.jar:/home/user/.m2/repository/com/fasterxml/jackson/dataformat/jackson-dataformat-xml/2.9.0/jackson-dataformat-xml-2.9.0.jar:/home/user/.m2/repository/com/fasterxml/jackson/core/jackson-core/2.9.9/jackson-core-2.9.9.jar:/home/user/.m2/repository/com/fasterxml/jackson/module/jackson-module-jaxb-annotations/2.9.9/jackson-module-jaxb-annotations-2.9.9.jar:/home/user/.m2/repository/javax/enterprise/cdi-api/1.2/cdi-api-1.2.jar:/home/user/.m2/repository/javax/el/javax.el-api/3.0.0/javax.el-api-3.0.0.jar:/home/user/.m2/repository/javax/interceptor/javax.interceptor-api/1.2/javax.interceptor-api-1.2.jar:/home/user/.m2/repository/javax/inject/javax.inject/1/javax.inject-1.jar:/home/user/.m2/repository/com/sun/xml/bind/jaxb-impl/2.3.0.1/jaxb-impl-2.3.0.1.jar:/home/user/.m2/repository/com/sun/xml/bind/jaxb-core/2.3.0.1/jaxb-core-2.3.0.1.jar:/home/user/.m2/repository/javax/xml/bind/jaxb-api/2.3.0/jaxb-api-2.3.0.jar:/home/user/.m2/repository/javax/activation/activation/1.1.1/activation-1.1.1.jar:/home/user/.m2/repository/org/apache/hadoop/hadoop-ozone-csi/0.5.0-SNAPSHOT/hadoop-ozone-csi-0.5.0-SNAPSHOT.jar:/home/user/.m2/repository/com/google/protobuf/protobuf-java-util/3.5.1/protobuf-java-util-3.5.1.jar:/home/user/.m2/repository/org/apache/hadoop/hadoop-hdds-config/0.5.0-SNAPSHOT/hadoop-hdds-config-0.5.0-SNAPSHOT.jar:/home/user/.m2/repository/io/grpc/grpc-netty/1.17.1/grpc-netty-1.17.1.jar:/home/user/.m2/repository/io/grpc/grpc-core/1.17.1/grpc-core-1.17.1.jar:/home/user/.m2/repository/io/grpc/grpc-context/1.17.1/grpc-context-1.17.1.jar:/home/user/.m2/repository/com/google/errorprone/error_prone_annotations/2.2.0/error_prone_annotations-2.2.0.jar:/home/user/.m2/repository/org/codehaus/mojo/animal-sniffer-annotations/1.17/animal-sniffer-annotations-1.17.jar:/home/user/.m2/repository/io/opencensus/opencensus-api/0.17.0/opencensus-api-0.17.0.jar:/home/user/.m2/repository/io/opencensus/opencensus-contrib-grpc-metrics/0.17.0/opencensus-contrib-grpc-metrics-0.17.0.jar:/home/user/.m2/repository/io/netty/netty-codec-http2/4.1.30.Final/netty-codec-http2-4.1.30.Final.jar:/home/user/.m2/repository/io/netty/netty-codec-http/4.1.30.Final/netty-codec-http-4.1.30.Final.jar:/home/user/.m2/repository/io/netty/netty-codec/4.1.30.Final/netty-codec-4.1.30.Final.jar:/home/user/.m2/repository/io/netty/netty-handler/4.1.30.Final/netty-handler-4.1.30.Final.jar:/home/user/.m2/repository/io/netty/netty-handler-proxy/4.1.30.Final/netty-handler-proxy-4.1.30.Final.jar:/home/user/.m2/repository/io/netty/netty-codec-socks/4.1.30.Final/netty-codec-socks-4.1.30.Final.jar:/home/user/.m2/repository/io/netty/netty-transport-native-epoll/4.1.30.Final/netty-transport-native-epoll-4.1.30.Final.jar:/home/user/.m2/repository/io/netty/netty-common/4.1.30.Final/netty-common-4.1.30.Final.jar:/home/user/.m2/repository/io/netty/netty-buffer/4.1.30.Final/netty-buffer-4.1.30.Final.jar:/home/user/.m2/repository/io/netty/netty-transport/4.1.30.Final/netty-transport-4.1.30.Final.jar:/home/user/.m2/repository/io/netty/netty-resolver/4.1.30.Final/netty-resolver-4.1.30.Final.jar:/home/user/.m2/repository/io/netty/netty-transport-native-unix-common/4.1.30.Final/netty-transport-native-unix-common-4.1.30.Final.jar:/home/user/.m2/repository/io/grpc/grpc-protobuf/1.17.1/grpc-protobuf-1.17.1.jar:/home/user/.m2/repository/com/google/api/grpc/proto-google-common-protos/1.0.0/proto-google-common-protos-1.0.0.jar:/home/user/.m2/repository/io/grpc/grpc-protobuf-lite/1.17.1/grpc-protobuf-lite-1.17.1.jar:/home/user/.m2/repository/io/grpc/grpc-stub/1.17.1/grpc-stub-1.17.1.jar:/home/user/.m2/repository/org/apache/hadoop/hadoop-ozone-recon/0.5.0-SNAPSHOT/hadoop-ozone-recon-0.5.0-SNAPSHOT.jar:/home/user/.m2/repository/org/apache/hadoop/hadoop-ozone-reconcodegen/0.5.0-SNAPSHOT/hadoop-ozone-reconcodegen-0.5.0-SNAPSHOT.jar:/home/user/.m2/repository/com/google/inject/extensions/guice-multibindings/4.0/guice-multibindings-4.0.jar:/home/user/.m2/repository/com/google/inject/guice/4.0/guice-4.0.jar:/home/user/.m2/repository/aopalliance/aopalliance/1.0/aopalliance-1.0.jar:/home/user/.m2/repository/com/google/inject/extensions/guice-servlet/4.0/guice-servlet-4.0.jar:/home/user/.m2/repository/org/glassfish/jersey/containers/jersey-container-servlet/2.27/jersey-container-servlet-2.27.jar:/home/user/.m2/repository/org/glassfish/hk2/guice-bridge/2.5.0/guice-bridge-2.5.0.jar:/home/user/.m2/repository/org/glassfish/jersey/core/jersey-server/2.27/jersey-server-2.27.jar:/home/user/.m2/repository/org/glassfish/jersey/core/jersey-client/2.27/jersey-client-2.27.jar:/home/user/.m2/repository/org/glassfish/jersey/media/jersey-media-jaxb/2.27/jersey-media-jaxb-2.27.jar:/home/user/.m2/repository/javax/validation/validation-api/1.1.0.Final/validation-api-1.1.0.Final.jar:/home/user/.m2/repository/org/glassfish/jersey/media/jersey-media-json-jackson/2.27/jersey-media-json-jackson-2.27.jar:/home/user/.m2/repository/org/glassfish/jersey/ext/jersey-entity-filtering/2.27/jersey-entity-filtering-2.27.jar:/home/user/.m2/repository/com/google/inject/extensions/guice-assistedinject/4.0/guice-assistedinject-4.0.jar:/home/user/.m2/repository/org/jooq/jooq/3.11.10/jooq-3.11.10.jar:/home/user/.m2/repository/org/jooq/jooq-meta/3.11.10/jooq-meta-3.11.10.jar:/home/user/.m2/repository/org/jooq/jooq-codegen/3.11.10/jooq-codegen-3.11.10.jar:/home/user/.m2/repository/com/jolbox/bonecp/0.8.0.RELEASE/bonecp-0.8.0.RELEASE.jar:/home/user/.m2/repository/org/xerial/sqlite-jdbc/3.25.2/sqlite-jdbc-3.25.2.jar:/home/user/.m2/repository/org/springframework/spring-jdbc/5.1.3.RELEASE/spring-jdbc-5.1.3.RELEASE.jar:/home/user/.m2/repository/org/springframework/spring-beans/5.1.3.RELEASE/spring-beans-5.1.3.RELEASE.jar:/home/user/.m2/repository/org/springframework/spring-core/5.1.3.RELEASE/spring-core-5.1.3.RELEASE.jar:/home/user/.m2/repository/org/springframework/spring-jcl/5.1.3.RELEASE/spring-jcl-5.1.3.RELEASE.jar:/home/user/.m2/repository/org/springframework/spring-tx/5.1.3.RELEASE/spring-tx-5.1.3.RELEASE.jar:/home/user/.m2/repository/org/apache/hadoop/hadoop-ozone-client/0.5.0-SNAPSHOT/hadoop-ozone-client-0.5.0-SNAPSHOT.jar:/home/user/.m2/repository/commons-lang/commons-lang/2.6/commons-lang-2.6.jar:/home/user/.m2/repository/org/apache/hadoop/hadoop-ozone-ozone-manager/0.5.0-SNAPSHOT/hadoop-ozone-ozone-manager-0.5.0-SNAPSHOT-tests.jar:/home/user/.m2/repository/junit/junit/4.11/junit-4.11.jar:/home/user/.m2/repository/org/hamcrest/hamcrest-core/1.3/hamcrest-core-1.3.jar:/home/user/.m2/repository/org/openjdk/jmh/jmh-core/1.19/jmh-core-1.19.jar:/home/user/.m2/repository/net/sf/jopt-simple/jopt-simple/4.6/jopt-simple-4.6.jar:/home/user/.m2/repository/org/apache/commons/commons-math3/3.1.1/commons-math3-3.1.1.jar:/home/user/.m2/repository/org/openjdk/jmh/jmh-generator-annprocess/1.19/jmh-generator-annprocess-1.19.jar:/home/user/.m2/repository/org/mockito/mockito-all/1.8.5/mockito-all-1.8.5.jar:/home/user/.m2/repository/org/apache/hadoop/hadoop-kms/3.2.0/hadoop-kms-3.2.0.jar:/home/user/.m2/repository/org/apache/hadoop/hadoop-auth/3.2.0/hadoop-auth-3.2.0.jar:/home/user/.m2/repository/com/nimbusds/nimbus-jose-jwt/4.41.1/nimbus-jose-jwt-4.41.1.jar:/home/user/.m2/repository/com/github/stephenc/jcip/jcip-annotations/1.0-1/jcip-annotations-1.0-1.jar:/home/user/.m2/repository/net/minidev/json-smart/2.3/json-smart-2.3.jar:/home/user/.m2/repository/net/minidev/accessors-smart/1.2/accessors-smart-1.2.jar:/home/user/.m2/repository/org/ow2/asm/asm/5.0.4/asm-5.0.4.jar:/home/user/.m2/repository/org/apache/curator/curator-framework/2.12.0/curator-framework-2.12.0.jar:/home/user/.m2/repository/com/sun/jersey/jersey-core/1.19/jersey-core-1.19.jar:/home/user/.m2/repository/javax/ws/rs/jsr311-api/1.1.1/jsr311-api-1.1.1.jar:/home/user/.m2/repository/com/sun/jersey/jersey-server/1.19/jersey-server-1.19.jar:/home/user/.m2/repository/javax/servlet/javax.servlet-api/3.1.0/javax.servlet-api-3.1.0.jar:/home/user/.m2/repository/org/eclipse/jetty/jetty-server/9.3.25.v20180904/jetty-server-9.3.25.v20180904.jar:/home/user/.m2/repository/org/eclipse/jetty/jetty-http/9.3.25.v20180904/jetty-http-9.3.25.v20180904.jar:/home/user/.m2/repository/org/eclipse/jetty/jetty-io/9.3.25.v20180904/jetty-io-9.3.25.v20180904.jar:/home/user/.m2/repository/org/eclipse/jetty/jetty-webapp/9.3.25.v20180904/jetty-webapp-9.3.25.v20180904.jar:/home/user/.m2/repository/org/eclipse/jetty/jetty-xml/9.3.25.v20180904/jetty-xml-9.3.25.v20180904.jar:/home/user/.m2/repository/log4j/log4j/1.2.17/log4j-1.2.17.jar:/home/user/.m2/repository/org/slf4j/slf4j-api/1.7.25/slf4j-api-1.7.25.jar:/home/user/.m2/repository/org/slf4j/jul-to-slf4j/1.7.25/jul-to-slf4j-1.7.25.jar:/home/user/.m2/repository/org/eclipse/jetty/jetty-util/9.3.25.v20180904/jetty-util-9.3.25.v20180904.jar:/home/user/.m2/repository/com/fasterxml/jackson/core/jackson-databind/2.9.9/jackson-databind-2.9.9.jar:/home/user/.m2/repository/org/apache/hadoop/hadoop-kms/3.2.0/hadoop-kms-3.2.0-tests.jar:/home/user/.m2/repository/org/apache/hadoop/hadoop-hdds-server-scm/0.5.0-SNAPSHOT/hadoop-hdds-server-scm-0.5.0-SNAPSHOT-tests.jar:/home/user/.m2/repository/org/apache/hadoop/hadoop-hdds-container-service/0.5.0-SNAPSHOT/hadoop-hdds-container-service-0.5.0-SNAPSHOT-tests.jar:/home/user/.m2/repository/org/yaml/snakeyaml/1.16/snakeyaml-1.16.jar:/home/user/.m2/repository/org/apache/hadoop/hadoop-common/3.2.0/hadoop-common-3.2.0-tests.jar:/home/user/.m2/repository/org/apache/hadoop/hadoop-annotations/3.2.0/hadoop-annotations-3.2.0.jar:/usr/lib/jvm/java-1.8.0-openjdk-1.8.0.222.b10-1.el7_7.x86_64/jre/../lib/tools.jar:/home/user/.m2/repository/commons-cli/commons-cli/1.2/commons-cli-1.2.jar:/home/user/.m2/repository/org/apache/httpcomponents/httpclient/4.5.2/httpclient-4.5.2.jar:/home/user/.m2/repository/org/apache/httpcomponents/httpcore/4.4.4/httpcore-4.4.4.jar:/home/user/.m2/repository/commons-codec/commons-codec/1.11/commons-codec-1.11.jar:/home/user/.m2/repository/commons-net/commons-net/3.6/commons-net-3.6.jar:/home/user/.m2/repository/commons-collections/commons-collections/3.2.2/commons-collections-3.2.2.jar:/home/user/.m2/repository/org/eclipse/jetty/jetty-servlet/9.3.25.v20180904/jetty-servlet-9.3.25.v20180904.jar:/home/user/.m2/repository/org/eclipse/jetty/jetty-security/9.3.25.v20180904/jetty-security-9.3.25.v20180904.jar:/home/user/.m2/repository/javax/servlet/jsp/jsp-api/2.1/jsp-api-2.1.jar:/home/user/.m2/repository/com/sun/jersey/jersey-servlet/1.19/jersey-servlet-1.19.jar:/home/user/.m2/repository/com/sun/jersey/jersey-json/1.19/jersey-json-1.19.jar:/home/user/.m2/repository/org/codehaus/jettison/jettison/1.1/jettison-1.1.jar:/home/user/.m2/repository/org/codehaus/jackson/jackson-core-asl/1.9.13/jackson-core-asl-1.9.13.jar:/home/user/.m2/repository/org/codehaus/jackson/jackson-mapper-asl/1.9.13/jackson-mapper-asl-1.9.13.jar:/home/user/.m2/repository/org/codehaus/jackson/jackson-jaxrs/1.9.13/jackson-jaxrs-1.9.13.jar:/home/user/.m2/repository/org/codehaus/jackson/jackson-xc/1.9.13/jackson-xc-1.9.13.jar:/home/user/.m2/repository/commons-logging/commons-logging/1.1.3/commons-logging-1.1.3.jar:/home/user/.m2/repository/commons-beanutils/commons-beanutils/1.9.4/commons-beanutils-1.9.4.jar:/home/user/.m2/repository/org/apache/commons/commons-configuration2/2.1.1/commons-configuration2-2.1.1.jar:/home/user/.m2/repository/org/apache/commons/commons-lang3/3.7/commons-lang3-3.7.jar:/home/user/.m2/repository/org/apache/commons/commons-text/1.4/commons-text-1.4.jar:/home/user/.m2/repository/org/apache/avro/avro/1.7.7/avro-1.7.7.jar:/home/user/.m2/repository/com/thoughtworks/paranamer/paranamer/2.3/paranamer-2.3.jar:/home/user/.m2/repository/org/xerial/snappy/snappy-java/1.0.5/snappy-java-1.0.5.jar:/home/user/.m2/repository/com/google/re2j/re2j/1.1/re2j-1.1.jar:/home/user/.m2/repository/com/google/code/gson/gson/2.2.4/gson-2.2.4.jar:/home/user/.m2/repository/com/jcraft/jsch/0.1.54/jsch-0.1.54.jar:/home/user/.m2/repository/org/apache/curator/curator-client/2.12.0/curator-client-2.12.0.jar:/home/user/.m2/repository/org/apache/curator/curator-recipes/2.12.0/curator-recipes-2.12.0.jar:/home/user/.m2/repository/com/google/code/findbugs/jsr305/3.0.0/jsr305-3.0.0.jar:/home/user/.m2/repository/org/apache/htrace/htrace-core4/4.1.0-incubating/htrace-core4-4.1.0-incubating.jar:/home/user/.m2/repository/org/apache/zookeeper/zookeeper/3.4.13/zookeeper-3.4.13.jar:/home/user/.m2/repository/jline/jline/0.9.94/jline-0.9.94.jar:/home/user/.m2/repository/org/apache/yetus/audience-annotations/0.5.0/audience-annotations-0.5.0.jar:/home/user/.m2/repository/org/codehaus/woodstox/stax2-api/3.1.4/stax2-api-3.1.4.jar:/home/user/.m2/repository/com/fasterxml/woodstox/woodstox-core/5.0.3/woodstox-core-5.0.3.jar:/home/user/.m2/repository/dnsjava/dnsjava/2.1.7/dnsjava-2.1.7.jar:/home/user/.m2/repository/org/apache/hadoop/hadoop-hdfs/3.2.0/hadoop-hdfs-3.2.0-tests.jar:/home/user/.m2/repository/org/eclipse/jetty/jetty-util-ajax/9.3.25.v20180904/jetty-util-ajax-9.3.25.v20180904.jar:/home/user/.m2/repository/commons-daemon/commons-daemon/1.0.13/commons-daemon-1.0.13.jar:/home/user/.m2/repository/io/netty/netty/3.10.5.Final/netty-3.10.5.Final.jar:/home/user/.m2/repository/io/netty/netty-all/4.0.52.Final/netty-all-4.0.52.Final.jar:/home/user/.m2/repository/org/fusesource/leveldbjni/leveldbjni-all/1.8/leveldbjni-all-1.8.jar:"/>
    <property name="sun.cpu.endian" value="little"/>
    <property name="user.home" value="/home/user"/>
    <property name="user.language" value="en"/>
    <property name="java.specification.vendor" value="Oracle Corporation"/>
    <property name="java.home" value="/usr/lib/jvm/java-1.8.0-openjdk-1.8.0.222.b10-1.el7_7.x86_64/jre"/>
    <property name="surefire.excludesFile" value="/tools/ozone-bad-unit-tests"/>
    <property name="java.security.krb5.conf" value="/workdir/hadoop-ozone/integration-test/target/test-classes/krb5.conf"/>
    <property name="basedir" value="/workdir/hadoop-ozone/integration-test"/>
    <property name="file.separator" value="/"/>
    <property name="line.separator" value="&#10;"/>
    <property name="java.vm.specification.vendor" value="Oracle Corporation"/>
    <property name="java.specification.name" value="Java Platform API Specification"/>
    <property name="java.awt.graphicsenv" value="sun.awt.X11GraphicsEnvironment"/>
    <property name="surefire.real.class.path" value="/workdir/hadoop-ozone/integration-test/target/surefire/surefirebooter7590894843197421913.jar"/>
    <property name="hadoop.log.dir" value="/workdir/hadoop-ozone/integration-test/target/log"/>
    <property name="sun.boot.class.path" value="/usr/lib/jvm/java-1.8.0-openjdk-1.8.0.222.b10-1.el7_7.x86_64/jre/lib/resources.jar:/usr/lib/jvm/java-1.8.0-openjdk-1.8.0.222.b10-1.el7_7.x86_64/jre/lib/rt.jar:/usr/lib/jvm/java-1.8.0-openjdk-1.8.0.222.b10-1.el7_7.x86_64/jre/lib/sunrsasign.jar:/usr/lib/jvm/java-1.8.0-openjdk-1.8.0.222.b10-1.el7_7.x86_64/jre/lib/jsse.jar:/usr/lib/jvm/java-1.8.0-openjdk-1.8.0.222.b10-1.el7_7.x86_64/jre/lib/jce.jar:/usr/lib/jvm/java-1.8.0-openjdk-1.8.0.222.b10-1.el7_7.x86_64/jre/lib/charsets.jar:/usr/lib/jvm/java-1.8.0-openjdk-1.8.0.222.b10-1.el7_7.x86_64/jre/lib/jfr.jar:/usr/lib/jvm/java-1.8.0-openjdk-1.8.0.222.b10-1.el7_7.x86_64/jre/classes"/>
    <property name="sun.management.compiler" value="HotSpot 64-Bit Tiered Compilers"/>
    <property name="java.runtime.version" value="1.8.0_222-b10"/>
    <property name="java.net.preferIPv4Stack" value="true"/>
    <property name="user.name" value="jenkins1000"/>
    <property name="path.separator" value=":"/>
    <property name="java.security.egd" value="file:///dev/urandom"/>
    <property name="os.version" value="3.10.0-957.12.2.el7.x86_64"/>
    <property name="java.endorsed.dirs" value="/usr/lib/jvm/java-1.8.0-openjdk-1.8.0.222.b10-1.el7_7.x86_64/jre/lib/endorsed"/>
    <property name="java.runtime.name" value="OpenJDK Runtime Environment"/>
    <property name="file.encoding" value="ANSI_X3.4-1968"/>
    <property name="java.vm.name" value="OpenJDK 64-Bit Server VM"/>
    <property name="test.build.webapps" value=""/>
    <property name="localRepository" value="/home/user/.m2/repository"/>
    <property name="java.vendor.url.bug" value="http://bugreport.sun.com/bugreport/"/>
    <property name="java.io.tmpdir" value="/tmp"/>
    <property name="require.test.libhadoop" value=""/>
    <property name="java.version" value="1.8.0_222"/>
    <property name="user.dir" value="/workdir/hadoop-ozone/integration-test"/>
    <property name="os.arch" value="amd64"/>
    <property name="java.vm.specification.name" value="Java Virtual Machine Specification"/>
    <property name="test.build.classes" value="/workdir/hadoop-ozone/integration-test/target/test-classes"/>
    <property name="java.awt.printerjob" value="sun.print.PSPrinterJob"/>
    <property name="sun.os.patch.level" value="unknown"/>
    <property name="hadoop.tmp.dir" value="/workdir/hadoop-ozone/integration-test/target/tmp"/>
    <property name="java.library.path" value="/usr/lib:/workdir/hadoop-ozone/integration-test/target/native/target/usr/local/lib:/workdir/hadoop-ozone/integration-test/../../hadoop-common-project/hadoop-common/target/native/target/usr/local/lib:/usr/java/packages/lib/amd64:/usr/lib64:/lib64:/lib:/usr/lib"/>
    <property name="java.vm.info" value="mixed mode"/>
    <property name="java.vendor" value="Oracle Corporation"/>
    <property name="java.vm.version" value="25.222-b10"/>
    <property name="java.ext.dirs" value="/usr/lib/jvm/java-1.8.0-openjdk-1.8.0.222.b10-1.el7_7.x86_64/jre/lib/ext:/usr/java/packages/lib/ext"/>
    <property name="sun.io.unicode.encoding" value="UnicodeLittle"/>
    <property name="java.class.version" value="52.0"/>
  </properties>
  <testcase name="testPipelineExclusionWithPipelineFailure" classname="org.apache.hadoop.ozone.client.rpc.TestFailureHandlingByClient" time="53.331"/>
  <testcase name="testContainerExclusionWithClosedContainerException" classname="org.apache.hadoop.ozone.client.rpc.TestFailureHandlingByClient" time="76.692">
    <failure type="java.lang.AssertionError">java.lang.AssertionError
	at org.junit.Assert.fail(Assert.java:86)
	at org.junit.Assert.assertTrue(Assert.java:41)
	at org.junit.Assert.assertTrue(Assert.java:52)
	at org.apache.hadoop.ozone.client.rpc.TestFailureHandlingByClient.testContainerExclusionWithClosedContainerException(TestFailureHandlingByClient.java:260)
	at sun.reflect.NativeMethodAccessorImpl.invoke0(Native Method)
	at sun.reflect.NativeMethodAccessorImpl.invoke(NativeMethodAccessorImpl.java:62)
	at sun.reflect.DelegatingMethodAccessorImpl.invoke(DelegatingMethodAccessorImpl.java:43)
	at java.lang.reflect.Method.invoke(Method.java:498)
	at org.junit.runners.model.FrameworkMethod$1.runReflectiveCall(FrameworkMethod.java:47)
	at org.junit.internal.runners.model.ReflectiveCallable.run(ReflectiveCallable.java:12)
	at org.junit.runners.model.FrameworkMethod.invokeExplosively(FrameworkMethod.java:44)
	at org.junit.internal.runners.statements.InvokeMethod.evaluate(InvokeMethod.java:17)
	at org.junit.internal.runners.statements.RunAfters.evaluate(RunAfters.java:27)
	at org.junit.runners.ParentRunner.runLeaf(ParentRunner.java:271)
	at org.junit.runners.BlockJUnit4ClassRunner.runChild(BlockJUnit4ClassRunner.java:70)
	at org.junit.runners.BlockJUnit4ClassRunner.runChild(BlockJUnit4ClassRunner.java:50)
	at org.junit.runners.ParentRunner$3.run(ParentRunner.java:238)
	at org.junit.runners.ParentRunner$1.schedule(ParentRunner.java:63)
	at org.junit.runners.ParentRunner.runChildren(ParentRunner.java:236)
	at org.junit.runners.ParentRunner.access$000(ParentRunner.java:53)
	at org.junit.runners.ParentRunner$2.evaluate(ParentRunner.java:229)
	at org.junit.runners.ParentRunner.run(ParentRunner.java:309)
	at org.apache.maven.surefire.junit4.JUnit4Provider.execute(JUnit4Provider.java:365)
	at org.apache.maven.surefire.junit4.JUnit4Provider.executeWithRerun(JUnit4Provider.java:273)
	at org.apache.maven.surefire.junit4.JUnit4Provider.executeTestSet(JUnit4Provider.java:238)
	at org.apache.maven.surefire.junit4.JUnit4Provider.invoke(JUnit4Provider.java:159)
	at org.apache.maven.surefire.booter.ForkedBooter.invokeProviderInSameClassLoader(ForkedBooter.java:384)
	at org.apache.maven.surefire.booter.ForkedBooter.runSuitesInProcess(ForkedBooter.java:345)
	at org.apache.maven.surefire.booter.ForkedBooter.execute(ForkedBooter.java:126)
	at org.apache.maven.surefire.booter.ForkedBooter.main(ForkedBooter.java:418)
</failure>
    <system-out><![CDATA[2019-10-21 21:55:50,482 [main] WARN  server.ServerUtils (ServerUtils.java:getScmDbDir(145)) - ozone.scm.db.dirs is not configured. We recommend adding this setting. Falling back to ozone.metadata.dirs instead.
2019-10-21 21:55:50,545 [main] WARN  server.ServerUtils (ServerUtils.java:getScmDbDir(145)) - ozone.scm.db.dirs is not configured. We recommend adding this setting. Falling back to ozone.metadata.dirs instead.
2019-10-21 21:55:50,545 [main] WARN  server.ServerUtils (ServerUtils.java:getScmDbDir(145)) - ozone.scm.db.dirs is not configured. We recommend adding this setting. Falling back to ozone.metadata.dirs instead.
2019-10-21 21:55:50,546 [main] INFO  db.DBStoreBuilder (DBStoreBuilder.java:addTable(117)) - using custom profile for table: deletedBlocks
2019-10-21 21:55:50,546 [main] INFO  db.DBStoreBuilder (DBStoreBuilder.java:processTables(168)) - Using default column profile:DBProfile.DISK for Table:deletedBlocks
2019-10-21 21:55:50,546 [main] INFO  db.DBStoreBuilder (DBStoreBuilder.java:addTable(117)) - using custom profile for table: validCerts
2019-10-21 21:55:50,546 [main] INFO  db.DBStoreBuilder (DBStoreBuilder.java:processTables(168)) - Using default column profile:DBProfile.DISK for Table:validCerts
2019-10-21 21:55:50,547 [main] INFO  db.DBStoreBuilder (DBStoreBuilder.java:addTable(117)) - using custom profile for table: revokedCerts
2019-10-21 21:55:50,547 [main] INFO  db.DBStoreBuilder (DBStoreBuilder.java:processTables(168)) - Using default column profile:DBProfile.DISK for Table:revokedCerts
2019-10-21 21:55:50,547 [main] INFO  db.DBStoreBuilder (DBStoreBuilder.java:addTable(117)) - using custom profile for table: default
2019-10-21 21:55:50,547 [main] INFO  db.DBStoreBuilder (DBStoreBuilder.java:processTables(174)) - Using default column profile:DBProfile.DISK for Table:default
2019-10-21 21:55:50,547 [main] INFO  db.DBStoreBuilder (DBStoreBuilder.java:getDbProfile(205)) - Using default options. DBProfile.DISK
2019-10-21 21:55:50,683 [main] INFO  net.NodeSchemaLoader (NodeSchemaLoader.java:loadSchemaFromFile(125)) - Loading file from sun.misc.CompoundEnumeration@75156240
2019-10-21 21:55:50,683 [main] INFO  net.NodeSchemaLoader (NodeSchemaLoader.java:loadSchema(171)) - Loading network topology layer schema file
2019-10-21 21:55:50,687 [main] INFO  node.SCMNodeManager (SCMNodeManager.java:<init>(116)) - Entering startup safe mode.
2019-10-21 21:55:50,688 [main] INFO  algorithms.ContainerPlacementPolicyFactory (ContainerPlacementPolicyFactory.java:getPolicy(57)) - Create container placement policy of type org.apache.hadoop.hdds.scm.container.placement.algorithms.SCMContainerPlacementRandom
2019-10-21 21:55:50,688 [main] WARN  server.ServerUtils (ServerUtils.java:getScmDbDir(145)) - ozone.scm.db.dirs is not configured. We recommend adding this setting. Falling back to ozone.metadata.dirs instead.
2019-10-21 21:55:50,740 [main] INFO  pipeline.SCMPipelineManager (SCMPipelineManager.java:initializePipelineState(132)) - No pipeline exists in current db
2019-10-21 21:55:50,740 [main] WARN  server.ServerUtils (ServerUtils.java:getScmDbDir(145)) - ozone.scm.db.dirs is not configured. We recommend adding this setting. Falling back to ozone.metadata.dirs instead.
2019-10-21 21:55:50,797 [main] WARN  events.EventQueue (EventQueue.java:fireEvent(183)) - No event handler registered for event TypedEvent{payloadType=SafeModeStatus, name='SafeModeStatus'}
2019-10-21 21:55:50,798 [main] INFO  ipc.CallQueueManager (CallQueueManager.java:<init>(84)) - Using callQueue: class java.util.concurrent.LinkedBlockingQueue, queueCapacity: 2000, scheduler: class org.apache.hadoop.ipc.DefaultRpcScheduler, ipcBackoff: false.
2019-10-21 21:55:50,799 [Socket Reader #1 for port 42327] INFO  ipc.Server (Server.java:run(1074)) - Starting Socket Reader #1 for port 42327
2019-10-21 21:55:50,801 [main] INFO  ipc.CallQueueManager (CallQueueManager.java:<init>(84)) - Using callQueue: class java.util.concurrent.LinkedBlockingQueue, queueCapacity: 2000, scheduler: class org.apache.hadoop.ipc.DefaultRpcScheduler, ipcBackoff: false.
2019-10-21 21:55:50,801 [Socket Reader #1 for port 37864] INFO  ipc.Server (Server.java:run(1074)) - Starting Socket Reader #1 for port 37864
2019-10-21 21:55:50,802 [main] INFO  ipc.CallQueueManager (CallQueueManager.java:<init>(84)) - Using callQueue: class java.util.concurrent.LinkedBlockingQueue, queueCapacity: 2000, scheduler: class org.apache.hadoop.ipc.DefaultRpcScheduler, ipcBackoff: false.
2019-10-21 21:55:50,803 [Socket Reader #1 for port 44200] INFO  ipc.Server (Server.java:run(1074)) - Starting Socket Reader #1 for port 44200
2019-10-21 21:55:50,805 [main] INFO  hdfs.DFSUtil (DFSUtil.java:httpServerTemplateForNNAndJN(1641)) - Starting Web-server for scm at: http://0.0.0.0:0
2019-10-21 21:55:50,808 [main] INFO  server.AuthenticationFilter (AuthenticationFilter.java:constructSecretProvider(240)) - Unable to initialize FileSignerSecretProvider, falling back to use random secrets.
2019-10-21 21:55:50,809 [main] WARN  http.HttpRequestLog (HttpRequestLog.java:getRequestLog(97)) - Jetty request log can only be enabled using Log4j
2019-10-21 21:55:50,812 [main] INFO  http.HttpServer2 (HttpServer2.java:addGlobalFilter(975)) - Added global filter 'safety' (class=org.apache.hadoop.http.HttpServer2$QuotingInputFilter)
2019-10-21 21:55:50,812 [main] INFO  http.HttpServer2 (HttpServer2.java:addFilter(948)) - Added filter static_user_filter (class=org.apache.hadoop.http.lib.StaticUserWebFilter$StaticUserFilter) to context scm
2019-10-21 21:55:50,813 [main] INFO  http.HttpServer2 (HttpServer2.java:addFilter(958)) - Added filter static_user_filter (class=org.apache.hadoop.http.lib.StaticUserWebFilter$StaticUserFilter) to context static
2019-10-21 21:55:50,813 [main] INFO  http.HttpServer2 (HttpServer2.java:addFilter(958)) - Added filter static_user_filter (class=org.apache.hadoop.http.lib.StaticUserWebFilter$StaticUserFilter) to context logs
2019-10-21 21:55:50,816 [main] INFO  server.StorageContainerManager (StorageContainerManager.java:start(772)) - StorageContainerLocationProtocol RPC server is listening at /0.0.0.0:44200
2019-10-21 21:55:50,819 [main] WARN  impl.MetricsConfig (MetricsConfig.java:loadFirst(134)) - Cannot locate configuration: tried hadoop-metrics2-storagecontainermanager.properties,hadoop-metrics2.properties
2019-10-21 21:55:50,820 [main] INFO  impl.MetricsSystemImpl (MetricsSystemImpl.java:startTimer(374)) - Scheduled Metric snapshot period at 10 second(s).
2019-10-21 21:55:50,820 [main] INFO  impl.MetricsSystemImpl (MetricsSystemImpl.java:start(191)) - StorageContainerManager metrics system started
2019-10-21 21:55:50,854 [java.util.concurrent.ThreadPoolExecutor$Worker@62dd2cd9[State = -1, empty queue]] WARN  server.GrpcLogAppender (GrpcLogAppender.java:timeoutAppendRequest(209)) - b94cc213-6f16-4093-a33a-4f7b0494b83e@group-B6C579BE6BC0->3ebd980c-a615-416f-9ceb-a78f6d63d26d-GrpcLogAppender: appendEntries Timeout, request=b94cc213-6f16-4093-a33a-4f7b0494b83e->3ebd980c-a615-416f-9ceb-a78f6d63d26d#78-t5, previous=(t:5, i:0), leaderCommit=0, initializing? false, entries: <empty>
2019-10-21 21:55:50,891 [main] WARN  impl.MetricsSystemImpl (MetricsSystemImpl.java:register(276)) - Sink prometheus already exists!
2019-10-21 21:55:50,898 [main] INFO  server.SCMClientProtocolServer (SCMClientProtocolServer.java:start(159)) - RPC server for Client  is listening at /0.0.0.0:44200
2019-10-21 21:55:50,898 [IPC Server Responder] INFO  ipc.Server (Server.java:run(1314)) - IPC Server Responder: starting
2019-10-21 21:55:50,898 [IPC Server listener on 44200] INFO  ipc.Server (Server.java:run(1153)) - IPC Server listener on 44200: starting
2019-10-21 21:55:50,903 [main] INFO  server.StorageContainerManager (StorageContainerManager.java:start(782)) - ScmBlockLocationProtocol RPC server is listening at /0.0.0.0:37864
2019-10-21 21:55:50,903 [main] INFO  server.SCMBlockProtocolServer (SCMBlockProtocolServer.java:start(146)) - RPC server for Block Protocol is listening at /0.0.0.0:37864
2019-10-21 21:55:50,904 [IPC Server Responder] INFO  ipc.Server (Server.java:run(1314)) - IPC Server Responder: starting
2019-10-21 21:55:50,904 [IPC Server listener on 37864] INFO  ipc.Server (Server.java:run(1153)) - IPC Server listener on 37864: starting
2019-10-21 21:55:50,908 [main] INFO  server.StorageContainerManager (StorageContainerManager.java:start(786)) - ScmDatanodeProtocl RPC server is listening at /0.0.0.0:42327
2019-10-21 21:55:50,908 [main] INFO  server.SCMDatanodeProtocolServer (SCMDatanodeProtocolServer.java:start(169)) - RPC server for DataNodes is listening at /0.0.0.0:42327
2019-10-21 21:55:50,909 [IPC Server Responder] INFO  ipc.Server (Server.java:run(1314)) - IPC Server Responder: starting
2019-10-21 21:55:50,909 [IPC Server listener on 42327] INFO  ipc.Server (Server.java:run(1153)) - IPC Server listener on 42327: starting
2019-10-21 21:55:50,913 [main] INFO  http.HttpServer2 (HttpServer2.java:bindListener(1191)) - Jetty bound to port 39938
2019-10-21 21:55:50,913 [main] INFO  server.Server (Server.java:doStart(351)) - jetty-9.3.25.v20180904, build timestamp: 2018-09-04T21:11:46Z, git hash: 3ce520221d0240229c862b122d2b06c12a625732
2019-10-21 21:55:50,915 [main] INFO  handler.ContextHandler (ContextHandler.java:doStart(781)) - Started o.e.j.s.ServletContextHandler@d535a3d{/logs,file:///workdir/hadoop-ozone/integration-test/target/log,AVAILABLE}
2019-10-21 21:55:50,916 [main] INFO  handler.ContextHandler (ContextHandler.java:doStart(781)) - Started o.e.j.s.ServletContextHandler@9e54c59{/static,file:///workdir/hadoop-ozone/integration-test/target/test-classes/webapps/static,AVAILABLE}
2019-10-21 21:55:50,921 [main] INFO  handler.ContextHandler (ContextHandler.java:doStart(781)) - Started o.e.j.w.WebAppContext@2f382a5e{/,file:///workdir/hadoop-ozone/integration-test/target/test-classes/webapps/scm/,AVAILABLE}{/scm}
2019-10-21 21:55:50,921 [main] INFO  server.AbstractConnector (AbstractConnector.java:doStart(278)) - Started ServerConnector@12b5736c{HTTP/1.1,[http/1.1]}{0.0.0.0:39938}
2019-10-21 21:55:50,922 [main] INFO  server.Server (Server.java:doStart(419)) - Started @54201ms
2019-10-21 21:55:50,922 [main] WARN  impl.MetricsSystemImpl (MetricsSystemImpl.java:register(276)) - Sink prometheus already exists!
2019-10-21 21:55:50,923 [main] INFO  server.BaseHttpServer (BaseHttpServer.java:updateConnectorAddress(215)) - HTTP server of SCM is listening at http://0.0.0.0:39938
2019-10-21 21:55:50,924 [main] WARN  server.ServerUtils (ServerUtils.java:getDBPath(222)) - ozone.om.db.dirs is not configured. We recommend adding this setting. Falling back to ozone.metadata.dirs instead.
2019-10-21 21:55:50,924 [org.apache.hadoop.util.JvmPauseMonitor$Monitor@2cd4e16a] INFO  util.JvmPauseMonitor (JvmPauseMonitor.java:run(188)) - Starting JVM pause monitor
2019-10-21 21:55:50,954 [main] INFO  ha.OMHANodeDetails (OMHANodeDetails.java:loadOMHAConfig(190)) - Configuration either no ozone.om.address set. Falling back to the default OM address /127.0.0.1:0
2019-10-21 21:55:50,954 [main] INFO  ha.OMHANodeDetails (OMHANodeDetails.java:getOMNodeDetails(220)) - OM Service ID is not set. Setting it to the default ID: omServiceIdDefault
2019-10-21 21:55:50,955 [main] WARN  server.ServerUtils (ServerUtils.java:getDBPath(222)) - ozone.om.db.dirs is not configured. We recommend adding this setting. Falling back to ozone.metadata.dirs instead.
2019-10-21 21:55:50,955 [main] WARN  server.ServerUtils (ServerUtils.java:getDBPath(222)) - ozone.om.db.dirs is not configured. We recommend adding this setting. Falling back to ozone.metadata.dirs instead.
2019-10-21 21:55:50,964 [main] WARN  server.ServerUtils (ServerUtils.java:getDBPath(222)) - ozone.om.db.dirs is not configured. We recommend adding this setting. Falling back to ozone.metadata.dirs instead.
2019-10-21 21:55:50,965 [main] INFO  db.DBStoreBuilder (DBStoreBuilder.java:addTable(117)) - using custom profile for table: userTable
2019-10-21 21:55:50,965 [main] INFO  db.DBStoreBuilder (DBStoreBuilder.java:processTables(168)) - Using default column profile:DBProfile.DISK for Table:userTable
2019-10-21 21:55:50,966 [main] INFO  db.DBStoreBuilder (DBStoreBuilder.java:addTable(117)) - using custom profile for table: volumeTable
2019-10-21 21:55:50,966 [main] INFO  db.DBStoreBuilder (DBStoreBuilder.java:processTables(168)) - Using default column profile:DBProfile.DISK for Table:volumeTable
2019-10-21 21:55:50,966 [main] INFO  db.DBStoreBuilder (DBStoreBuilder.java:addTable(117)) - using custom profile for table: bucketTable
2019-10-21 21:55:50,966 [main] INFO  db.DBStoreBuilder (DBStoreBuilder.java:processTables(168)) - Using default column profile:DBProfile.DISK for Table:bucketTable
2019-10-21 21:55:50,967 [main] INFO  db.DBStoreBuilder (DBStoreBuilder.java:addTable(117)) - using custom profile for table: keyTable
2019-10-21 21:55:50,967 [main] INFO  db.DBStoreBuilder (DBStoreBuilder.java:processTables(168)) - Using default column profile:DBProfile.DISK for Table:keyTable
2019-10-21 21:55:50,967 [main] INFO  db.DBStoreBuilder (DBStoreBuilder.java:addTable(117)) - using custom profile for table: deletedTable
2019-10-21 21:55:50,967 [main] INFO  db.DBStoreBuilder (DBStoreBuilder.java:processTables(168)) - Using default column profile:DBProfile.DISK for Table:deletedTable
2019-10-21 21:55:50,968 [main] INFO  db.DBStoreBuilder (DBStoreBuilder.java:addTable(117)) - using custom profile for table: openKeyTable
2019-10-21 21:55:50,968 [main] INFO  db.DBStoreBuilder (DBStoreBuilder.java:processTables(168)) - Using default column profile:DBProfile.DISK for Table:openKeyTable
2019-10-21 21:55:50,968 [main] INFO  db.DBStoreBuilder (DBStoreBuilder.java:addTable(117)) - using custom profile for table: s3Table
2019-10-21 21:55:50,968 [main] INFO  db.DBStoreBuilder (DBStoreBuilder.java:processTables(168)) - Using default column profile:DBProfile.DISK for Table:s3Table
2019-10-21 21:55:50,968 [main] INFO  db.DBStoreBuilder (DBStoreBuilder.java:addTable(117)) - using custom profile for table: multipartInfoTable
2019-10-21 21:55:50,969 [main] INFO  db.DBStoreBuilder (DBStoreBuilder.java:processTables(168)) - Using default column profile:DBProfile.DISK for Table:multipartInfoTable
2019-10-21 21:55:50,969 [main] INFO  db.DBStoreBuilder (DBStoreBuilder.java:addTable(117)) - using custom profile for table: dTokenTable
2019-10-21 21:55:50,969 [main] INFO  db.DBStoreBuilder (DBStoreBuilder.java:processTables(168)) - Using default column profile:DBProfile.DISK for Table:dTokenTable
2019-10-21 21:55:50,969 [main] INFO  db.DBStoreBuilder (DBStoreBuilder.java:addTable(117)) - using custom profile for table: s3SecretTable
2019-10-21 21:55:50,970 [main] INFO  db.DBStoreBuilder (DBStoreBuilder.java:processTables(168)) - Using default column profile:DBProfile.DISK for Table:s3SecretTable
2019-10-21 21:55:50,970 [main] INFO  db.DBStoreBuilder (DBStoreBuilder.java:addTable(117)) - using custom profile for table: prefixTable
2019-10-21 21:55:50,970 [main] INFO  db.DBStoreBuilder (DBStoreBuilder.java:processTables(168)) - Using default column profile:DBProfile.DISK for Table:prefixTable
2019-10-21 21:55:50,971 [main] INFO  db.DBStoreBuilder (DBStoreBuilder.java:addTable(117)) - using custom profile for table: default
2019-10-21 21:55:50,971 [main] INFO  db.DBStoreBuilder (DBStoreBuilder.java:processTables(174)) - Using default column profile:DBProfile.DISK for Table:default
2019-10-21 21:55:50,971 [main] INFO  db.DBStoreBuilder (DBStoreBuilder.java:getDbProfile(205)) - Using default options. DBProfile.DISK
2019-10-21 21:55:51,354 [java.util.concurrent.ThreadPoolExecutor$Worker@62dd2cd9[State = -1, empty queue]] WARN  server.GrpcLogAppender (GrpcLogAppender.java:timeoutAppendRequest(209)) - b94cc213-6f16-4093-a33a-4f7b0494b83e@group-B6C579BE6BC0->3ebd980c-a615-416f-9ceb-a78f6d63d26d-GrpcLogAppender: appendEntries Timeout, request=b94cc213-6f16-4093-a33a-4f7b0494b83e->3ebd980c-a615-416f-9ceb-a78f6d63d26d#79-t5, previous=(t:5, i:0), leaderCommit=0, initializing? false, entries: <empty>
2019-10-21 21:55:51,431 [main] INFO  ipc.CallQueueManager (CallQueueManager.java:<init>(84)) - Using callQueue: class java.util.concurrent.LinkedBlockingQueue, queueCapacity: 2000, scheduler: class org.apache.hadoop.ipc.DefaultRpcScheduler, ipcBackoff: false.
2019-10-21 21:55:51,432 [Socket Reader #1 for port 42360] INFO  ipc.Server (Server.java:run(1074)) - Starting Socket Reader #1 for port 42360
2019-10-21 21:55:51,444 [main] INFO  om.OzoneManager (OzoneManager.java:start(1076)) - OzoneManager RPC server is listening at localhost/127.0.0.1:42360
2019-10-21 21:55:51,444 [main] INFO  impl.MetricsSystemImpl (MetricsSystemImpl.java:init(158)) - OzoneManager metrics system started (again)
2019-10-21 21:55:51,445 [IPC Server Responder] INFO  ipc.Server (Server.java:run(1314)) - IPC Server Responder: starting
2019-10-21 21:55:51,445 [IPC Server listener on 42360] INFO  ipc.Server (Server.java:run(1153)) - IPC Server listener on 42360: starting
2019-10-21 21:55:51,450 [main] INFO  hdfs.DFSUtil (DFSUtil.java:httpServerTemplateForNNAndJN(1641)) - Starting Web-server for ozoneManager at: http://0.0.0.0:0
2019-10-21 21:55:51,452 [main] INFO  server.AuthenticationFilter (AuthenticationFilter.java:constructSecretProvider(240)) - Unable to initialize FileSignerSecretProvider, falling back to use random secrets.
2019-10-21 21:55:51,452 [main] WARN  http.HttpRequestLog (HttpRequestLog.java:getRequestLog(97)) - Jetty request log can only be enabled using Log4j
2019-10-21 21:55:51,453 [main] INFO  http.HttpServer2 (HttpServer2.java:addGlobalFilter(975)) - Added global filter 'safety' (class=org.apache.hadoop.http.HttpServer2$QuotingInputFilter)
2019-10-21 21:55:51,454 [main] INFO  http.HttpServer2 (HttpServer2.java:addFilter(948)) - Added filter static_user_filter (class=org.apache.hadoop.http.lib.StaticUserWebFilter$StaticUserFilter) to context ozoneManager
2019-10-21 21:55:51,454 [main] INFO  http.HttpServer2 (HttpServer2.java:addFilter(958)) - Added filter static_user_filter (class=org.apache.hadoop.http.lib.StaticUserWebFilter$StaticUserFilter) to context logs
2019-10-21 21:55:51,454 [main] INFO  http.HttpServer2 (HttpServer2.java:addFilter(958)) - Added filter static_user_filter (class=org.apache.hadoop.http.lib.StaticUserWebFilter$StaticUserFilter) to context static
2019-10-21 21:55:51,455 [main] INFO  http.HttpServer2 (HttpServer2.java:bindListener(1191)) - Jetty bound to port 35855
2019-10-21 21:55:51,455 [main] INFO  server.Server (Server.java:doStart(351)) - jetty-9.3.25.v20180904, build timestamp: 2018-09-04T21:11:46Z, git hash: 3ce520221d0240229c862b122d2b06c12a625732
2019-10-21 21:55:51,456 [main] INFO  handler.ContextHandler (ContextHandler.java:doStart(781)) - Started o.e.j.s.ServletContextHandler@7f4701b1{/logs,file:///workdir/hadoop-ozone/integration-test/target/log,AVAILABLE}
2019-10-21 21:55:51,457 [main] INFO  handler.ContextHandler (ContextHandler.java:doStart(781)) - Started o.e.j.s.ServletContextHandler@fb49fdf{/static,file:///workdir/hadoop-ozone/integration-test/target/test-classes/webapps/static,AVAILABLE}
2019-10-21 21:55:51,461 [main] INFO  handler.ContextHandler (ContextHandler.java:doStart(781)) - Started o.e.j.w.WebAppContext@1d4fb213{/,file:///workdir/hadoop-ozone/integration-test/target/test-classes/webapps/ozoneManager/,AVAILABLE}{/ozoneManager}
2019-10-21 21:55:51,461 [main] INFO  server.AbstractConnector (AbstractConnector.java:doStart(278)) - Started ServerConnector@6ef60295{HTTP/1.1,[http/1.1]}{0.0.0.0:35855}
2019-10-21 21:55:51,462 [main] INFO  server.Server (Server.java:doStart(419)) - Started @54741ms
2019-10-21 21:55:51,462 [main] WARN  impl.MetricsSystemImpl (MetricsSystemImpl.java:register(276)) - Sink prometheus already exists!
2019-10-21 21:55:51,463 [main] INFO  server.BaseHttpServer (BaseHttpServer.java:updateConnectorAddress(215)) - HTTP server of OZONEMANAGER is listening at http://0.0.0.0:35855
2019-10-21 21:55:51,492 [main] INFO  impl.MetricsSystemImpl (MetricsSystemImpl.java:init(158)) - HddsDatanode metrics system started (again)
2019-10-21 21:55:51,496 [main] INFO  ozone.HddsDatanodeService (HddsDatanodeService.java:start(184)) - HddsDatanodeService host:pr-hdds-2240-577ml-2645996955 ip:192.168.69.92
2019-10-21 21:55:51,504 [main] INFO  volume.HddsVolume (HddsVolume.java:<init>(176)) - Creating Volume: /workdir/hadoop-ozone/integration-test/target/test-dir/MiniOzoneClusterImpl-f9df1159-a46e-43dd-90f7-e431812950fc/datanode-0/data/containers/hdds of  storage type : DISK and capacity : 1482555576320
2019-10-21 21:55:51,504 [main] INFO  volume.VolumeSet (VolumeSet.java:initializeVolumeSet(170)) - Added Volume : /workdir/hadoop-ozone/integration-test/target/test-dir/MiniOzoneClusterImpl-f9df1159-a46e-43dd-90f7-e431812950fc/datanode-0/data/containers/hdds to VolumeSet
2019-10-21 21:55:51,504 [main] INFO  volume.ThrottledAsyncChecker (ThrottledAsyncChecker.java:schedule(141)) - Scheduling a check for /workdir/hadoop-ozone/integration-test/target/test-dir/MiniOzoneClusterImpl-f9df1159-a46e-43dd-90f7-e431812950fc/datanode-0/data/containers/hdds
2019-10-21 21:55:51,505 [main] INFO  volume.HddsVolumeChecker (HddsVolumeChecker.java:checkAllVolumes(204)) - Scheduled health check for volume /workdir/hadoop-ozone/integration-test/target/test-dir/MiniOzoneClusterImpl-f9df1159-a46e-43dd-90f7-e431812950fc/datanode-0/data/containers/hdds
2019-10-21 21:55:51,522 [main] INFO  impl.RaftServerProxy (ConfUtils.java:logGet(43)) - raft.rpc.type = GRPC (default)
2019-10-21 21:55:51,523 [main] INFO  grpc.GrpcFactory (GrpcFactory.java:checkPooledByteBufAllocatorUseCacheForAllThreads(45)) - PERFORMANCE WARNING: useCacheForAllThreads is true that may cause Netty to create a lot garbage objects and, as a result, trigger GC.
	It is recommended to disable useCacheForAllThreads by setting -Dorg.apache.ratis.thirdparty.io.netty.allocator.useCacheForAllThreads=false in command line.
2019-10-21 21:55:51,523 [main] INFO  grpc.GrpcConfigKeys$Server (ConfUtils.java:logGet(43)) - raft.grpc.server.port = 0 (default)
2019-10-21 21:55:51,523 [main] INFO  server.GrpcService (ConfUtils.java:logGet(43)) - raft.grpc.message.size.max = 33570816 (custom)
2019-10-21 21:55:51,523 [main] INFO  server.RaftServerConfigKeys (ConfUtils.java:logGet(43)) - raft.server.log.appender.buffer.byte-limit = 33554432 (custom)
2019-10-21 21:55:51,524 [main] INFO  server.GrpcService (ConfUtils.java:logGet(43)) - raft.grpc.flow.control.window = 1MB (=1048576) (default)
2019-10-21 21:55:51,524 [main] INFO  server.RaftServerConfigKeys (ConfUtils.java:logGet(43)) - raft.server.rpc.request.timeout = 3000ms (default)
2019-10-21 21:55:51,524 [main] INFO  server.RaftServerConfigKeys (ConfUtils.java:logGet(43)) - raft.server.storage.dir = [/workdir/hadoop-ozone/integration-test/target/test-dir/MiniOzoneClusterImpl-f9df1159-a46e-43dd-90f7-e431812950fc/datanode-0/data/ratis] (custom)
2019-10-21 21:55:51,526 [main] INFO  hdfs.DFSUtil (DFSUtil.java:httpServerTemplateForNNAndJN(1641)) - Starting Web-server for hddsDatanode at: http://0.0.0.0:0
2019-10-21 21:55:51,528 [main] INFO  server.AuthenticationFilter (AuthenticationFilter.java:constructSecretProvider(240)) - Unable to initialize FileSignerSecretProvider, falling back to use random secrets.
2019-10-21 21:55:51,528 [main] WARN  http.HttpRequestLog (HttpRequestLog.java:getRequestLog(97)) - Jetty request log can only be enabled using Log4j
2019-10-21 21:55:51,530 [main] INFO  http.HttpServer2 (HttpServer2.java:addGlobalFilter(975)) - Added global filter 'safety' (class=org.apache.hadoop.http.HttpServer2$QuotingInputFilter)
2019-10-21 21:55:51,530 [main] INFO  http.HttpServer2 (HttpServer2.java:addFilter(948)) - Added filter static_user_filter (class=org.apache.hadoop.http.lib.StaticUserWebFilter$StaticUserFilter) to context hddsDatanode
2019-10-21 21:55:51,531 [main] INFO  http.HttpServer2 (HttpServer2.java:addFilter(958)) - Added filter static_user_filter (class=org.apache.hadoop.http.lib.StaticUserWebFilter$StaticUserFilter) to context static
2019-10-21 21:55:51,531 [main] INFO  http.HttpServer2 (HttpServer2.java:addFilter(958)) - Added filter static_user_filter (class=org.apache.hadoop.http.lib.StaticUserWebFilter$StaticUserFilter) to context logs
2019-10-21 21:55:51,532 [main] INFO  http.HttpServer2 (HttpServer2.java:bindListener(1191)) - Jetty bound to port 33801
2019-10-21 21:55:51,532 [main] INFO  server.Server (Server.java:doStart(351)) - jetty-9.3.25.v20180904, build timestamp: 2018-09-04T21:11:46Z, git hash: 3ce520221d0240229c862b122d2b06c12a625732
2019-10-21 21:55:51,534 [main] INFO  handler.ContextHandler (ContextHandler.java:doStart(781)) - Started o.e.j.s.ServletContextHandler@163042ea{/logs,file:///workdir/hadoop-ozone/integration-test/target/log,AVAILABLE}
2019-10-21 21:55:51,534 [main] INFO  handler.ContextHandler (ContextHandler.java:doStart(781)) - Started o.e.j.s.ServletContextHandler@1fbf088b{/static,jar:file:/home/user/.m2/repository/org/apache/hadoop/hadoop-hdds-container-service/0.5.0-SNAPSHOT/hadoop-hdds-container-service-0.5.0-SNAPSHOT.jar!/webapps/static,AVAILABLE}
2019-10-21 21:55:51,566 [main] INFO  handler.ContextHandler (ContextHandler.java:doStart(781)) - Started o.e.j.w.WebAppContext@39ee94de{/,file:///tmp/jetty-0.0.0.0-33801-hddsDatanode-_-any-3572604651506052369.dir/webapp/,AVAILABLE}{/hddsDatanode}
2019-10-21 21:55:51,568 [main] INFO  server.AbstractConnector (AbstractConnector.java:doStart(278)) - Started ServerConnector@642857e0{HTTP/1.1,[http/1.1]}{0.0.0.0:33801}
2019-10-21 21:55:51,569 [main] INFO  server.Server (Server.java:doStart(419)) - Started @54848ms
2019-10-21 21:55:51,569 [main] WARN  impl.MetricsSystemImpl (MetricsSystemImpl.java:register(276)) - Sink prometheus already exists!
2019-10-21 21:55:51,570 [main] INFO  server.BaseHttpServer (BaseHttpServer.java:updateConnectorAddress(215)) - HTTP server of HDDSDATANODE is listening at http://0.0.0.0:33801
2019-10-21 21:55:51,570 [main] INFO  impl.MetricsSystemImpl (MetricsSystemImpl.java:init(158)) - HddsDatanode metrics system started (again)
2019-10-21 21:55:51,572 [org.apache.hadoop.util.JvmPauseMonitor$Monitor@6ba352fc] INFO  util.JvmPauseMonitor (JvmPauseMonitor.java:run(188)) - Starting JVM pause monitor
2019-10-21 21:55:51,573 [main] INFO  ozone.HddsDatanodeService (HddsDatanodeService.java:start(184)) - HddsDatanodeService host:pr-hdds-2240-577ml-2645996955 ip:192.168.69.92
2019-10-21 21:55:51,575 [Datanode State Machine Thread - 0] INFO  datanode.InitDatanodeState (InitDatanodeState.java:persistContainerDatanodeDetails(140)) - DatanodeDetails is persisted to /workdir/hadoop-ozone/integration-test/target/test-dir/MiniOzoneClusterImpl-f9df1159-a46e-43dd-90f7-e431812950fc/datanode-0/meta/datanode.id
2019-10-21 21:55:51,579 [main] INFO  volume.HddsVolume (HddsVolume.java:<init>(176)) - Creating Volume: /workdir/hadoop-ozone/integration-test/target/test-dir/MiniOzoneClusterImpl-f9df1159-a46e-43dd-90f7-e431812950fc/datanode-1/data/containers/hdds of  storage type : DISK and capacity : 1482555576320
2019-10-21 21:55:51,579 [main] INFO  volume.VolumeSet (VolumeSet.java:initializeVolumeSet(170)) - Added Volume : /workdir/hadoop-ozone/integration-test/target/test-dir/MiniOzoneClusterImpl-f9df1159-a46e-43dd-90f7-e431812950fc/datanode-1/data/containers/hdds to VolumeSet
2019-10-21 21:55:51,579 [main] INFO  volume.ThrottledAsyncChecker (ThrottledAsyncChecker.java:schedule(141)) - Scheduling a check for /workdir/hadoop-ozone/integration-test/target/test-dir/MiniOzoneClusterImpl-f9df1159-a46e-43dd-90f7-e431812950fc/datanode-1/data/containers/hdds
2019-10-21 21:55:51,580 [main] INFO  volume.HddsVolumeChecker (HddsVolumeChecker.java:checkAllVolumes(204)) - Scheduled health check for volume /workdir/hadoop-ozone/integration-test/target/test-dir/MiniOzoneClusterImpl-f9df1159-a46e-43dd-90f7-e431812950fc/datanode-1/data/containers/hdds
2019-10-21 21:55:51,594 [main] INFO  impl.RaftServerProxy (ConfUtils.java:logGet(43)) - raft.rpc.type = GRPC (default)
2019-10-21 21:55:51,594 [main] INFO  grpc.GrpcFactory (GrpcFactory.java:checkPooledByteBufAllocatorUseCacheForAllThreads(45)) - PERFORMANCE WARNING: useCacheForAllThreads is true that may cause Netty to create a lot garbage objects and, as a result, trigger GC.
	It is recommended to disable useCacheForAllThreads by setting -Dorg.apache.ratis.thirdparty.io.netty.allocator.useCacheForAllThreads=false in command line.
2019-10-21 21:55:51,594 [main] INFO  grpc.GrpcConfigKeys$Server (ConfUtils.java:logGet(43)) - raft.grpc.server.port = 0 (default)
2019-10-21 21:55:51,595 [main] INFO  server.GrpcService (ConfUtils.java:logGet(43)) - raft.grpc.message.size.max = 33570816 (custom)
2019-10-21 21:55:51,595 [main] INFO  server.RaftServerConfigKeys (ConfUtils.java:logGet(43)) - raft.server.log.appender.buffer.byte-limit = 33554432 (custom)
2019-10-21 21:55:51,595 [main] INFO  server.GrpcService (ConfUtils.java:logGet(43)) - raft.grpc.flow.control.window = 1MB (=1048576) (default)
2019-10-21 21:55:51,595 [main] INFO  server.RaftServerConfigKeys (ConfUtils.java:logGet(43)) - raft.server.rpc.request.timeout = 3000ms (default)
2019-10-21 21:55:51,595 [main] INFO  server.RaftServerConfigKeys (ConfUtils.java:logGet(43)) - raft.server.storage.dir = [/workdir/hadoop-ozone/integration-test/target/test-dir/MiniOzoneClusterImpl-f9df1159-a46e-43dd-90f7-e431812950fc/datanode-1/data/ratis] (custom)
2019-10-21 21:55:51,597 [main] INFO  hdfs.DFSUtil (DFSUtil.java:httpServerTemplateForNNAndJN(1641)) - Starting Web-server for hddsDatanode at: http://0.0.0.0:0
2019-10-21 21:55:51,599 [main] INFO  server.AuthenticationFilter (AuthenticationFilter.java:constructSecretProvider(240)) - Unable to initialize FileSignerSecretProvider, falling back to use random secrets.
2019-10-21 21:55:51,599 [main] WARN  http.HttpRequestLog (HttpRequestLog.java:getRequestLog(97)) - Jetty request log can only be enabled using Log4j
2019-10-21 21:55:51,600 [main] INFO  http.HttpServer2 (HttpServer2.java:addGlobalFilter(975)) - Added global filter 'safety' (class=org.apache.hadoop.http.HttpServer2$QuotingInputFilter)
2019-10-21 21:55:51,601 [main] INFO  http.HttpServer2 (HttpServer2.java:addFilter(948)) - Added filter static_user_filter (class=org.apache.hadoop.http.lib.StaticUserWebFilter$StaticUserFilter) to context hddsDatanode
2019-10-21 21:55:51,601 [main] INFO  http.HttpServer2 (HttpServer2.java:addFilter(958)) - Added filter static_user_filter (class=org.apache.hadoop.http.lib.StaticUserWebFilter$StaticUserFilter) to context logs
2019-10-21 21:55:51,601 [main] INFO  http.HttpServer2 (HttpServer2.java:addFilter(958)) - Added filter static_user_filter (class=org.apache.hadoop.http.lib.StaticUserWebFilter$StaticUserFilter) to context static
2019-10-21 21:55:51,602 [main] INFO  http.HttpServer2 (HttpServer2.java:bindListener(1191)) - Jetty bound to port 42141
2019-10-21 21:55:51,602 [main] INFO  server.Server (Server.java:doStart(351)) - jetty-9.3.25.v20180904, build timestamp: 2018-09-04T21:11:46Z, git hash: 3ce520221d0240229c862b122d2b06c12a625732
2019-10-21 21:55:51,604 [main] INFO  handler.ContextHandler (ContextHandler.java:doStart(781)) - Started o.e.j.s.ServletContextHandler@1665fa54{/logs,file:///workdir/hadoop-ozone/integration-test/target/log,AVAILABLE}
2019-10-21 21:55:51,605 [main] INFO  handler.ContextHandler (ContextHandler.java:doStart(781)) - Started o.e.j.s.ServletContextHandler@4f654cee{/static,jar:file:/home/user/.m2/repository/org/apache/hadoop/hadoop-hdds-container-service/0.5.0-SNAPSHOT/hadoop-hdds-container-service-0.5.0-SNAPSHOT.jar!/webapps/static,AVAILABLE}
2019-10-21 21:55:51,635 [main] INFO  handler.ContextHandler (ContextHandler.java:doStart(781)) - Started o.e.j.w.WebAppContext@696db620{/,file:///tmp/jetty-0.0.0.0-42141-hddsDatanode-_-any-3952582795816744779.dir/webapp/,AVAILABLE}{/hddsDatanode}
2019-10-21 21:55:51,636 [main] INFO  server.AbstractConnector (AbstractConnector.java:doStart(278)) - Started ServerConnector@6968c1d6{HTTP/1.1,[http/1.1]}{0.0.0.0:42141}
2019-10-21 21:55:51,637 [main] INFO  server.Server (Server.java:doStart(419)) - Started @54916ms
2019-10-21 21:55:51,637 [main] WARN  impl.MetricsSystemImpl (MetricsSystemImpl.java:register(276)) - Sink prometheus already exists!
2019-10-21 21:55:51,638 [main] INFO  server.BaseHttpServer (BaseHttpServer.java:updateConnectorAddress(215)) - HTTP server of HDDSDATANODE is listening at http://0.0.0.0:42141
2019-10-21 21:55:51,639 [main] INFO  impl.MetricsSystemImpl (MetricsSystemImpl.java:init(158)) - HddsDatanode metrics system started (again)
2019-10-21 21:55:51,641 [org.apache.hadoop.util.JvmPauseMonitor$Monitor@26a426a7] INFO  util.JvmPauseMonitor (JvmPauseMonitor.java:run(188)) - Starting JVM pause monitor
2019-10-21 21:55:51,642 [main] INFO  ozone.HddsDatanodeService (HddsDatanodeService.java:start(184)) - HddsDatanodeService host:pr-hdds-2240-577ml-2645996955 ip:192.168.69.92
2019-10-21 21:55:51,643 [Datanode State Machine Thread - 0] INFO  datanode.InitDatanodeState (InitDatanodeState.java:persistContainerDatanodeDetails(140)) - DatanodeDetails is persisted to /workdir/hadoop-ozone/integration-test/target/test-dir/MiniOzoneClusterImpl-f9df1159-a46e-43dd-90f7-e431812950fc/datanode-1/meta/datanode.id
2019-10-21 21:55:51,647 [main] INFO  volume.HddsVolume (HddsVolume.java:<init>(176)) - Creating Volume: /workdir/hadoop-ozone/integration-test/target/test-dir/MiniOzoneClusterImpl-f9df1159-a46e-43dd-90f7-e431812950fc/datanode-2/data/containers/hdds of  storage type : DISK and capacity : 1482555576320
2019-10-21 21:55:51,647 [main] INFO  volume.VolumeSet (VolumeSet.java:initializeVolumeSet(170)) - Added Volume : /workdir/hadoop-ozone/integration-test/target/test-dir/MiniOzoneClusterImpl-f9df1159-a46e-43dd-90f7-e431812950fc/datanode-2/data/containers/hdds to VolumeSet
2019-10-21 21:55:51,648 [main] INFO  volume.ThrottledAsyncChecker (ThrottledAsyncChecker.java:schedule(141)) - Scheduling a check for /workdir/hadoop-ozone/integration-test/target/test-dir/MiniOzoneClusterImpl-f9df1159-a46e-43dd-90f7-e431812950fc/datanode-2/data/containers/hdds
2019-10-21 21:55:51,648 [main] INFO  volume.HddsVolumeChecker (HddsVolumeChecker.java:checkAllVolumes(204)) - Scheduled health check for volume /workdir/hadoop-ozone/integration-test/target/test-dir/MiniOzoneClusterImpl-f9df1159-a46e-43dd-90f7-e431812950fc/datanode-2/data/containers/hdds
2019-10-21 21:55:51,660 [main] INFO  impl.RaftServerProxy (ConfUtils.java:logGet(43)) - raft.rpc.type = GRPC (default)
2019-10-21 21:55:51,661 [main] INFO  grpc.GrpcFactory (GrpcFactory.java:checkPooledByteBufAllocatorUseCacheForAllThreads(45)) - PERFORMANCE WARNING: useCacheForAllThreads is true that may cause Netty to create a lot garbage objects and, as a result, trigger GC.
	It is recommended to disable useCacheForAllThreads by setting -Dorg.apache.ratis.thirdparty.io.netty.allocator.useCacheForAllThreads=false in command line.
2019-10-21 21:55:51,661 [main] INFO  grpc.GrpcConfigKeys$Server (ConfUtils.java:logGet(43)) - raft.grpc.server.port = 0 (default)
2019-10-21 21:55:51,661 [main] INFO  server.GrpcService (ConfUtils.java:logGet(43)) - raft.grpc.message.size.max = 33570816 (custom)
2019-10-21 21:55:51,661 [main] INFO  server.RaftServerConfigKeys (ConfUtils.java:logGet(43)) - raft.server.log.appender.buffer.byte-limit = 33554432 (custom)
2019-10-21 21:55:51,661 [main] INFO  server.GrpcService (ConfUtils.java:logGet(43)) - raft.grpc.flow.control.window = 1MB (=1048576) (default)
2019-10-21 21:55:51,661 [main] INFO  server.RaftServerConfigKeys (ConfUtils.java:logGet(43)) - raft.server.rpc.request.timeout = 3000ms (default)
2019-10-21 21:55:51,662 [main] INFO  server.RaftServerConfigKeys (ConfUtils.java:logGet(43)) - raft.server.storage.dir = [/workdir/hadoop-ozone/integration-test/target/test-dir/MiniOzoneClusterImpl-f9df1159-a46e-43dd-90f7-e431812950fc/datanode-2/data/ratis] (custom)
2019-10-21 21:55:51,663 [main] INFO  hdfs.DFSUtil (DFSUtil.java:httpServerTemplateForNNAndJN(1641)) - Starting Web-server for hddsDatanode at: http://0.0.0.0:0
2019-10-21 21:55:51,665 [main] INFO  server.AuthenticationFilter (AuthenticationFilter.java:constructSecretProvider(240)) - Unable to initialize FileSignerSecretProvider, falling back to use random secrets.
2019-10-21 21:55:51,665 [main] WARN  http.HttpRequestLog (HttpRequestLog.java:getRequestLog(97)) - Jetty request log can only be enabled using Log4j
2019-10-21 21:55:51,666 [main] INFO  http.HttpServer2 (HttpServer2.java:addGlobalFilter(975)) - Added global filter 'safety' (class=org.apache.hadoop.http.HttpServer2$QuotingInputFilter)
2019-10-21 21:55:51,667 [main] INFO  http.HttpServer2 (HttpServer2.java:addFilter(948)) - Added filter static_user_filter (class=org.apache.hadoop.http.lib.StaticUserWebFilter$StaticUserFilter) to context hddsDatanode
2019-10-21 21:55:51,667 [main] INFO  http.HttpServer2 (HttpServer2.java:addFilter(958)) - Added filter static_user_filter (class=org.apache.hadoop.http.lib.StaticUserWebFilter$StaticUserFilter) to context static
2019-10-21 21:55:51,667 [main] INFO  http.HttpServer2 (HttpServer2.java:addFilter(958)) - Added filter static_user_filter (class=org.apache.hadoop.http.lib.StaticUserWebFilter$StaticUserFilter) to context logs
2019-10-21 21:55:51,668 [main] INFO  http.HttpServer2 (HttpServer2.java:bindListener(1191)) - Jetty bound to port 33333
2019-10-21 21:55:51,668 [main] INFO  server.Server (Server.java:doStart(351)) - jetty-9.3.25.v20180904, build timestamp: 2018-09-04T21:11:46Z, git hash: 3ce520221d0240229c862b122d2b06c12a625732
2019-10-21 21:55:51,669 [main] INFO  handler.ContextHandler (ContextHandler.java:doStart(781)) - Started o.e.j.s.ServletContextHandler@2ead6ba4{/logs,file:///workdir/hadoop-ozone/integration-test/target/log,AVAILABLE}
2019-10-21 21:55:51,670 [main] INFO  handler.ContextHandler (ContextHandler.java:doStart(781)) - Started o.e.j.s.ServletContextHandler@31b82e0f{/static,jar:file:/home/user/.m2/repository/org/apache/hadoop/hadoop-hdds-container-service/0.5.0-SNAPSHOT/hadoop-hdds-container-service-0.5.0-SNAPSHOT.jar!/webapps/static,AVAILABLE}
2019-10-21 21:55:51,699 [main] INFO  handler.ContextHandler (ContextHandler.java:doStart(781)) - Started o.e.j.w.WebAppContext@6a1d526c{/,file:///tmp/jetty-0.0.0.0-33333-hddsDatanode-_-any-4479743840493938760.dir/webapp/,AVAILABLE}{/hddsDatanode}
2019-10-21 21:55:51,699 [main] INFO  server.AbstractConnector (AbstractConnector.java:doStart(278)) - Started ServerConnector@1f2f0109{HTTP/1.1,[http/1.1]}{0.0.0.0:33333}
2019-10-21 21:55:51,700 [main] INFO  server.Server (Server.java:doStart(419)) - Started @54979ms
2019-10-21 21:55:51,700 [main] WARN  impl.MetricsSystemImpl (MetricsSystemImpl.java:register(276)) - Sink prometheus already exists!
2019-10-21 21:55:51,701 [main] INFO  server.BaseHttpServer (BaseHttpServer.java:updateConnectorAddress(215)) - HTTP server of HDDSDATANODE is listening at http://0.0.0.0:33333
2019-10-21 21:55:51,702 [main] INFO  impl.MetricsSystemImpl (MetricsSystemImpl.java:init(158)) - HddsDatanode metrics system started (again)
2019-10-21 21:55:51,705 [org.apache.hadoop.util.JvmPauseMonitor$Monitor@3442a66b] INFO  util.JvmPauseMonitor (JvmPauseMonitor.java:run(188)) - Starting JVM pause monitor
2019-10-21 21:55:51,705 [main] INFO  ozone.HddsDatanodeService (HddsDatanodeService.java:start(184)) - HddsDatanodeService host:pr-hdds-2240-577ml-2645996955 ip:192.168.69.92
2019-10-21 21:55:51,706 [Datanode State Machine Thread - 0] INFO  datanode.InitDatanodeState (InitDatanodeState.java:persistContainerDatanodeDetails(140)) - DatanodeDetails is persisted to /workdir/hadoop-ozone/integration-test/target/test-dir/MiniOzoneClusterImpl-f9df1159-a46e-43dd-90f7-e431812950fc/datanode-2/meta/datanode.id
2019-10-21 21:55:51,713 [main] INFO  volume.HddsVolume (HddsVolume.java:<init>(176)) - Creating Volume: /workdir/hadoop-ozone/integration-test/target/test-dir/MiniOzoneClusterImpl-f9df1159-a46e-43dd-90f7-e431812950fc/datanode-3/data/containers/hdds of  storage type : DISK and capacity : 1482555576320
2019-10-21 21:55:51,713 [main] INFO  volume.VolumeSet (VolumeSet.java:initializeVolumeSet(170)) - Added Volume : /workdir/hadoop-ozone/integration-test/target/test-dir/MiniOzoneClusterImpl-f9df1159-a46e-43dd-90f7-e431812950fc/datanode-3/data/containers/hdds to VolumeSet
2019-10-21 21:55:51,713 [main] INFO  volume.ThrottledAsyncChecker (ThrottledAsyncChecker.java:schedule(141)) - Scheduling a check for /workdir/hadoop-ozone/integration-test/target/test-dir/MiniOzoneClusterImpl-f9df1159-a46e-43dd-90f7-e431812950fc/datanode-3/data/containers/hdds
2019-10-21 21:55:51,714 [main] INFO  volume.HddsVolumeChecker (HddsVolumeChecker.java:checkAllVolumes(204)) - Scheduled health check for volume /workdir/hadoop-ozone/integration-test/target/test-dir/MiniOzoneClusterImpl-f9df1159-a46e-43dd-90f7-e431812950fc/datanode-3/data/containers/hdds
2019-10-21 21:55:51,726 [main] INFO  impl.RaftServerProxy (ConfUtils.java:logGet(43)) - raft.rpc.type = GRPC (default)
2019-10-21 21:55:51,726 [main] INFO  grpc.GrpcFactory (GrpcFactory.java:checkPooledByteBufAllocatorUseCacheForAllThreads(45)) - PERFORMANCE WARNING: useCacheForAllThreads is true that may cause Netty to create a lot garbage objects and, as a result, trigger GC.
	It is recommended to disable useCacheForAllThreads by setting -Dorg.apache.ratis.thirdparty.io.netty.allocator.useCacheForAllThreads=false in command line.
2019-10-21 21:55:51,726 [main] INFO  grpc.GrpcConfigKeys$Server (ConfUtils.java:logGet(43)) - raft.grpc.server.port = 0 (default)
2019-10-21 21:55:51,727 [main] INFO  server.GrpcService (ConfUtils.java:logGet(43)) - raft.grpc.message.size.max = 33570816 (custom)
2019-10-21 21:55:51,727 [main] INFO  server.RaftServerConfigKeys (ConfUtils.java:logGet(43)) - raft.server.log.appender.buffer.byte-limit = 33554432 (custom)
2019-10-21 21:55:51,727 [main] INFO  server.GrpcService (ConfUtils.java:logGet(43)) - raft.grpc.flow.control.window = 1MB (=1048576) (default)
2019-10-21 21:55:51,727 [main] INFO  server.RaftServerConfigKeys (ConfUtils.java:logGet(43)) - raft.server.rpc.request.timeout = 3000ms (default)
2019-10-21 21:55:51,727 [main] INFO  server.RaftServerConfigKeys (ConfUtils.java:logGet(43)) - raft.server.storage.dir = [/workdir/hadoop-ozone/integration-test/target/test-dir/MiniOzoneClusterImpl-f9df1159-a46e-43dd-90f7-e431812950fc/datanode-3/data/ratis] (custom)
2019-10-21 21:55:51,729 [main] INFO  hdfs.DFSUtil (DFSUtil.java:httpServerTemplateForNNAndJN(1641)) - Starting Web-server for hddsDatanode at: http://0.0.0.0:0
2019-10-21 21:55:51,730 [main] INFO  server.AuthenticationFilter (AuthenticationFilter.java:constructSecretProvider(240)) - Unable to initialize FileSignerSecretProvider, falling back to use random secrets.
2019-10-21 21:55:51,731 [main] WARN  http.HttpRequestLog (HttpRequestLog.java:getRequestLog(97)) - Jetty request log can only be enabled using Log4j
2019-10-21 21:55:51,732 [main] INFO  http.HttpServer2 (HttpServer2.java:addGlobalFilter(975)) - Added global filter 'safety' (class=org.apache.hadoop.http.HttpServer2$QuotingInputFilter)
2019-10-21 21:55:51,732 [main] INFO  http.HttpServer2 (HttpServer2.java:addFilter(948)) - Added filter static_user_filter (class=org.apache.hadoop.http.lib.StaticUserWebFilter$StaticUserFilter) to context hddsDatanode
2019-10-21 21:55:51,733 [main] INFO  http.HttpServer2 (HttpServer2.java:addFilter(958)) - Added filter static_user_filter (class=org.apache.hadoop.http.lib.StaticUserWebFilter$StaticUserFilter) to context static
2019-10-21 21:55:51,733 [main] INFO  http.HttpServer2 (HttpServer2.java:addFilter(958)) - Added filter static_user_filter (class=org.apache.hadoop.http.lib.StaticUserWebFilter$StaticUserFilter) to context logs
2019-10-21 21:55:51,733 [main] INFO  http.HttpServer2 (HttpServer2.java:bindListener(1191)) - Jetty bound to port 41536
2019-10-21 21:55:51,734 [main] INFO  server.Server (Server.java:doStart(351)) - jetty-9.3.25.v20180904, build timestamp: 2018-09-04T21:11:46Z, git hash: 3ce520221d0240229c862b122d2b06c12a625732
2019-10-21 21:55:51,735 [main] INFO  handler.ContextHandler (ContextHandler.java:doStart(781)) - Started o.e.j.s.ServletContextHandler@1860f3be{/logs,file:///workdir/hadoop-ozone/integration-test/target/log,AVAILABLE}
2019-10-21 21:55:51,736 [main] INFO  handler.ContextHandler (ContextHandler.java:doStart(781)) - Started o.e.j.s.ServletContextHandler@78cfa264{/static,jar:file:/home/user/.m2/repository/org/apache/hadoop/hadoop-hdds-container-service/0.5.0-SNAPSHOT/hadoop-hdds-container-service-0.5.0-SNAPSHOT.jar!/webapps/static,AVAILABLE}
2019-10-21 21:55:51,765 [main] INFO  handler.ContextHandler (ContextHandler.java:doStart(781)) - Started o.e.j.w.WebAppContext@6b6eae52{/,file:///tmp/jetty-0.0.0.0-41536-hddsDatanode-_-any-240602384594037793.dir/webapp/,AVAILABLE}{/hddsDatanode}
2019-10-21 21:55:51,766 [main] INFO  server.AbstractConnector (AbstractConnector.java:doStart(278)) - Started ServerConnector@d4df0e{HTTP/1.1,[http/1.1]}{0.0.0.0:41536}
2019-10-21 21:55:51,767 [main] INFO  server.Server (Server.java:doStart(419)) - Started @55046ms
2019-10-21 21:55:51,767 [main] WARN  impl.MetricsSystemImpl (MetricsSystemImpl.java:register(276)) - Sink prometheus already exists!
2019-10-21 21:55:51,768 [main] INFO  server.BaseHttpServer (BaseHttpServer.java:updateConnectorAddress(215)) - HTTP server of HDDSDATANODE is listening at http://0.0.0.0:41536
2019-10-21 21:55:51,768 [main] INFO  impl.MetricsSystemImpl (MetricsSystemImpl.java:init(158)) - HddsDatanode metrics system started (again)
2019-10-21 21:55:51,771 [org.apache.hadoop.util.JvmPauseMonitor$Monitor@243220d9] INFO  util.JvmPauseMonitor (JvmPauseMonitor.java:run(188)) - Starting JVM pause monitor
2019-10-21 21:55:51,772 [main] INFO  ozone.HddsDatanodeService (HddsDatanodeService.java:start(184)) - HddsDatanodeService host:pr-hdds-2240-577ml-2645996955 ip:192.168.69.92
2019-10-21 21:55:51,773 [Datanode State Machine Thread - 0] INFO  datanode.InitDatanodeState (InitDatanodeState.java:persistContainerDatanodeDetails(140)) - DatanodeDetails is persisted to /workdir/hadoop-ozone/integration-test/target/test-dir/MiniOzoneClusterImpl-f9df1159-a46e-43dd-90f7-e431812950fc/datanode-3/meta/datanode.id
2019-10-21 21:55:51,778 [main] INFO  volume.HddsVolume (HddsVolume.java:<init>(176)) - Creating Volume: /workdir/hadoop-ozone/integration-test/target/test-dir/MiniOzoneClusterImpl-f9df1159-a46e-43dd-90f7-e431812950fc/datanode-4/data/containers/hdds of  storage type : DISK and capacity : 1482555576320
2019-10-21 21:55:51,778 [main] INFO  volume.VolumeSet (VolumeSet.java:initializeVolumeSet(170)) - Added Volume : /workdir/hadoop-ozone/integration-test/target/test-dir/MiniOzoneClusterImpl-f9df1159-a46e-43dd-90f7-e431812950fc/datanode-4/data/containers/hdds to VolumeSet
2019-10-21 21:55:51,778 [main] INFO  volume.ThrottledAsyncChecker (ThrottledAsyncChecker.java:schedule(141)) - Scheduling a check for /workdir/hadoop-ozone/integration-test/target/test-dir/MiniOzoneClusterImpl-f9df1159-a46e-43dd-90f7-e431812950fc/datanode-4/data/containers/hdds
2019-10-21 21:55:51,778 [main] INFO  volume.HddsVolumeChecker (HddsVolumeChecker.java:checkAllVolumes(204)) - Scheduled health check for volume /workdir/hadoop-ozone/integration-test/target/test-dir/MiniOzoneClusterImpl-f9df1159-a46e-43dd-90f7-e431812950fc/datanode-4/data/containers/hdds
2019-10-21 21:55:51,791 [main] INFO  impl.RaftServerProxy (ConfUtils.java:logGet(43)) - raft.rpc.type = GRPC (default)
2019-10-21 21:55:51,791 [main] INFO  grpc.GrpcFactory (GrpcFactory.java:checkPooledByteBufAllocatorUseCacheForAllThreads(45)) - PERFORMANCE WARNING: useCacheForAllThreads is true that may cause Netty to create a lot garbage objects and, as a result, trigger GC.
	It is recommended to disable useCacheForAllThreads by setting -Dorg.apache.ratis.thirdparty.io.netty.allocator.useCacheForAllThreads=false in command line.
2019-10-21 21:55:51,791 [main] INFO  grpc.GrpcConfigKeys$Server (ConfUtils.java:logGet(43)) - raft.grpc.server.port = 0 (default)
2019-10-21 21:55:51,791 [main] INFO  server.GrpcService (ConfUtils.java:logGet(43)) - raft.grpc.message.size.max = 33570816 (custom)
2019-10-21 21:55:51,792 [main] INFO  server.RaftServerConfigKeys (ConfUtils.java:logGet(43)) - raft.server.log.appender.buffer.byte-limit = 33554432 (custom)
2019-10-21 21:55:51,792 [main] INFO  server.GrpcService (ConfUtils.java:logGet(43)) - raft.grpc.flow.control.window = 1MB (=1048576) (default)
2019-10-21 21:55:51,792 [main] INFO  server.RaftServerConfigKeys (ConfUtils.java:logGet(43)) - raft.server.rpc.request.timeout = 3000ms (default)
2019-10-21 21:55:51,792 [main] INFO  server.RaftServerConfigKeys (ConfUtils.java:logGet(43)) - raft.server.storage.dir = [/workdir/hadoop-ozone/integration-test/target/test-dir/MiniOzoneClusterImpl-f9df1159-a46e-43dd-90f7-e431812950fc/datanode-4/data/ratis] (custom)
2019-10-21 21:55:51,794 [main] INFO  hdfs.DFSUtil (DFSUtil.java:httpServerTemplateForNNAndJN(1641)) - Starting Web-server for hddsDatanode at: http://0.0.0.0:0
2019-10-21 21:55:51,795 [main] INFO  server.AuthenticationFilter (AuthenticationFilter.java:constructSecretProvider(240)) - Unable to initialize FileSignerSecretProvider, falling back to use random secrets.
2019-10-21 21:55:51,796 [main] WARN  http.HttpRequestLog (HttpRequestLog.java:getRequestLog(97)) - Jetty request log can only be enabled using Log4j
2019-10-21 21:55:51,797 [main] INFO  http.HttpServer2 (HttpServer2.java:addGlobalFilter(975)) - Added global filter 'safety' (class=org.apache.hadoop.http.HttpServer2$QuotingInputFilter)
2019-10-21 21:55:51,797 [main] INFO  http.HttpServer2 (HttpServer2.java:addFilter(948)) - Added filter static_user_filter (class=org.apache.hadoop.http.lib.StaticUserWebFilter$StaticUserFilter) to context hddsDatanode
2019-10-21 21:55:51,797 [main] INFO  http.HttpServer2 (HttpServer2.java:addFilter(958)) - Added filter static_user_filter (class=org.apache.hadoop.http.lib.StaticUserWebFilter$StaticUserFilter) to context logs
2019-10-21 21:55:51,798 [main] INFO  http.HttpServer2 (HttpServer2.java:addFilter(958)) - Added filter static_user_filter (class=org.apache.hadoop.http.lib.StaticUserWebFilter$StaticUserFilter) to context static
2019-10-21 21:55:51,798 [main] INFO  http.HttpServer2 (HttpServer2.java:bindListener(1191)) - Jetty bound to port 35663
2019-10-21 21:55:51,798 [main] INFO  server.Server (Server.java:doStart(351)) - jetty-9.3.25.v20180904, build timestamp: 2018-09-04T21:11:46Z, git hash: 3ce520221d0240229c862b122d2b06c12a625732
2019-10-21 21:55:51,800 [main] INFO  handler.ContextHandler (ContextHandler.java:doStart(781)) - Started o.e.j.s.ServletContextHandler@889a8a8{/logs,file:///workdir/hadoop-ozone/integration-test/target/log,AVAILABLE}
2019-10-21 21:55:51,800 [main] INFO  handler.ContextHandler (ContextHandler.java:doStart(781)) - Started o.e.j.s.ServletContextHandler@36f7d7b{/static,jar:file:/home/user/.m2/repository/org/apache/hadoop/hadoop-hdds-container-service/0.5.0-SNAPSHOT/hadoop-hdds-container-service-0.5.0-SNAPSHOT.jar!/webapps/static,AVAILABLE}
2019-10-21 21:55:51,830 [main] INFO  handler.ContextHandler (ContextHandler.java:doStart(781)) - Started o.e.j.w.WebAppContext@383c3eb3{/,file:///tmp/jetty-0.0.0.0-35663-hddsDatanode-_-any-7565095949520243804.dir/webapp/,AVAILABLE}{/hddsDatanode}
2019-10-21 21:55:51,831 [main] INFO  server.AbstractConnector (AbstractConnector.java:doStart(278)) - Started ServerConnector@20ab76ee{HTTP/1.1,[http/1.1]}{0.0.0.0:35663}
2019-10-21 21:55:51,831 [main] INFO  server.Server (Server.java:doStart(419)) - Started @55110ms
2019-10-21 21:55:51,832 [main] WARN  impl.MetricsSystemImpl (MetricsSystemImpl.java:register(276)) - Sink prometheus already exists!
2019-10-21 21:55:51,833 [main] INFO  server.BaseHttpServer (BaseHttpServer.java:updateConnectorAddress(215)) - HTTP server of HDDSDATANODE is listening at http://0.0.0.0:35663
2019-10-21 21:55:51,833 [main] INFO  impl.MetricsSystemImpl (MetricsSystemImpl.java:init(158)) - HddsDatanode metrics system started (again)
2019-10-21 21:55:51,836 [org.apache.hadoop.util.JvmPauseMonitor$Monitor@1d40dd25] INFO  util.JvmPauseMonitor (JvmPauseMonitor.java:run(188)) - Starting JVM pause monitor
2019-10-21 21:55:51,837 [main] INFO  ozone.HddsDatanodeService (HddsDatanodeService.java:start(184)) - HddsDatanodeService host:pr-hdds-2240-577ml-2645996955 ip:192.168.69.92
2019-10-21 21:55:51,838 [Datanode State Machine Thread - 0] INFO  datanode.InitDatanodeState (InitDatanodeState.java:persistContainerDatanodeDetails(140)) - DatanodeDetails is persisted to /workdir/hadoop-ozone/integration-test/target/test-dir/MiniOzoneClusterImpl-f9df1159-a46e-43dd-90f7-e431812950fc/datanode-4/meta/datanode.id
2019-10-21 21:55:51,843 [main] INFO  volume.HddsVolume (HddsVolume.java:<init>(176)) - Creating Volume: /workdir/hadoop-ozone/integration-test/target/test-dir/MiniOzoneClusterImpl-f9df1159-a46e-43dd-90f7-e431812950fc/datanode-5/data/containers/hdds of  storage type : DISK and capacity : 1482555576320
2019-10-21 21:55:51,844 [main] INFO  volume.VolumeSet (VolumeSet.java:initializeVolumeSet(170)) - Added Volume : /workdir/hadoop-ozone/integration-test/target/test-dir/MiniOzoneClusterImpl-f9df1159-a46e-43dd-90f7-e431812950fc/datanode-5/data/containers/hdds to VolumeSet
2019-10-21 21:55:51,844 [main] INFO  volume.ThrottledAsyncChecker (ThrottledAsyncChecker.java:schedule(141)) - Scheduling a check for /workdir/hadoop-ozone/integration-test/target/test-dir/MiniOzoneClusterImpl-f9df1159-a46e-43dd-90f7-e431812950fc/datanode-5/data/containers/hdds
2019-10-21 21:55:51,844 [main] INFO  volume.HddsVolumeChecker (HddsVolumeChecker.java:checkAllVolumes(204)) - Scheduled health check for volume /workdir/hadoop-ozone/integration-test/target/test-dir/MiniOzoneClusterImpl-f9df1159-a46e-43dd-90f7-e431812950fc/datanode-5/data/containers/hdds
2019-10-21 21:55:51,855 [java.util.concurrent.ThreadPoolExecutor$Worker@62dd2cd9[State = -1, empty queue]] WARN  server.GrpcLogAppender (GrpcLogAppender.java:timeoutAppendRequest(209)) - b94cc213-6f16-4093-a33a-4f7b0494b83e@group-B6C579BE6BC0->3ebd980c-a615-416f-9ceb-a78f6d63d26d-GrpcLogAppender: appendEntries Timeout, request=b94cc213-6f16-4093-a33a-4f7b0494b83e->3ebd980c-a615-416f-9ceb-a78f6d63d26d#80-t5, previous=(t:5, i:0), leaderCommit=0, initializing? false, entries: <empty>
2019-10-21 21:55:51,857 [main] INFO  impl.RaftServerProxy (ConfUtils.java:logGet(43)) - raft.rpc.type = GRPC (default)
2019-10-21 21:55:51,858 [main] INFO  grpc.GrpcFactory (GrpcFactory.java:checkPooledByteBufAllocatorUseCacheForAllThreads(45)) - PERFORMANCE WARNING: useCacheForAllThreads is true that may cause Netty to create a lot garbage objects and, as a result, trigger GC.
	It is recommended to disable useCacheForAllThreads by setting -Dorg.apache.ratis.thirdparty.io.netty.allocator.useCacheForAllThreads=false in command line.
2019-10-21 21:55:51,858 [main] INFO  grpc.GrpcConfigKeys$Server (ConfUtils.java:logGet(43)) - raft.grpc.server.port = 0 (default)
2019-10-21 21:55:51,858 [main] INFO  server.GrpcService (ConfUtils.java:logGet(43)) - raft.grpc.message.size.max = 33570816 (custom)
2019-10-21 21:55:51,858 [main] INFO  server.RaftServerConfigKeys (ConfUtils.java:logGet(43)) - raft.server.log.appender.buffer.byte-limit = 33554432 (custom)
2019-10-21 21:55:51,858 [main] INFO  server.GrpcService (ConfUtils.java:logGet(43)) - raft.grpc.flow.control.window = 1MB (=1048576) (default)
2019-10-21 21:55:51,858 [main] INFO  server.RaftServerConfigKeys (ConfUtils.java:logGet(43)) - raft.server.rpc.request.timeout = 3000ms (default)
2019-10-21 21:55:51,859 [main] INFO  server.RaftServerConfigKeys (ConfUtils.java:logGet(43)) - raft.server.storage.dir = [/workdir/hadoop-ozone/integration-test/target/test-dir/MiniOzoneClusterImpl-f9df1159-a46e-43dd-90f7-e431812950fc/datanode-5/data/ratis] (custom)
2019-10-21 21:55:51,861 [main] INFO  hdfs.DFSUtil (DFSUtil.java:httpServerTemplateForNNAndJN(1641)) - Starting Web-server for hddsDatanode at: http://0.0.0.0:0
2019-10-21 21:55:51,863 [main] INFO  server.AuthenticationFilter (AuthenticationFilter.java:constructSecretProvider(240)) - Unable to initialize FileSignerSecretProvider, falling back to use random secrets.
2019-10-21 21:55:51,863 [main] WARN  http.HttpRequestLog (HttpRequestLog.java:getRequestLog(97)) - Jetty request log can only be enabled using Log4j
2019-10-21 21:55:51,864 [main] INFO  http.HttpServer2 (HttpServer2.java:addGlobalFilter(975)) - Added global filter 'safety' (class=org.apache.hadoop.http.HttpServer2$QuotingInputFilter)
2019-10-21 21:55:51,865 [main] INFO  http.HttpServer2 (HttpServer2.java:addFilter(948)) - Added filter static_user_filter (class=org.apache.hadoop.http.lib.StaticUserWebFilter$StaticUserFilter) to context hddsDatanode
2019-10-21 21:55:51,865 [main] INFO  http.HttpServer2 (HttpServer2.java:addFilter(958)) - Added filter static_user_filter (class=org.apache.hadoop.http.lib.StaticUserWebFilter$StaticUserFilter) to context logs
2019-10-21 21:55:51,865 [main] INFO  http.HttpServer2 (HttpServer2.java:addFilter(958)) - Added filter static_user_filter (class=org.apache.hadoop.http.lib.StaticUserWebFilter$StaticUserFilter) to context static
2019-10-21 21:55:51,866 [main] INFO  http.HttpServer2 (HttpServer2.java:bindListener(1191)) - Jetty bound to port 42855
2019-10-21 21:55:51,866 [main] INFO  server.Server (Server.java:doStart(351)) - jetty-9.3.25.v20180904, build timestamp: 2018-09-04T21:11:46Z, git hash: 3ce520221d0240229c862b122d2b06c12a625732
2019-10-21 21:55:51,868 [main] INFO  handler.ContextHandler (ContextHandler.java:doStart(781)) - Started o.e.j.s.ServletContextHandler@4dac121d{/logs,file:///workdir/hadoop-ozone/integration-test/target/log,AVAILABLE}
2019-10-21 21:55:51,868 [main] INFO  handler.ContextHandler (ContextHandler.java:doStart(781)) - Started o.e.j.s.ServletContextHandler@3e28fee1{/static,jar:file:/home/user/.m2/repository/org/apache/hadoop/hadoop-hdds-container-service/0.5.0-SNAPSHOT/hadoop-hdds-container-service-0.5.0-SNAPSHOT.jar!/webapps/static,AVAILABLE}
2019-10-21 21:55:51,897 [main] INFO  handler.ContextHandler (ContextHandler.java:doStart(781)) - Started o.e.j.w.WebAppContext@4ed5a1b0{/,file:///tmp/jetty-0.0.0.0-42855-hddsDatanode-_-any-3932621394930987198.dir/webapp/,AVAILABLE}{/hddsDatanode}
2019-10-21 21:55:51,898 [main] INFO  server.AbstractConnector (AbstractConnector.java:doStart(278)) - Started ServerConnector@18d003cd{HTTP/1.1,[http/1.1]}{0.0.0.0:42855}
2019-10-21 21:55:51,899 [main] INFO  server.Server (Server.java:doStart(419)) - Started @55178ms
2019-10-21 21:55:51,899 [main] WARN  impl.MetricsSystemImpl (MetricsSystemImpl.java:register(276)) - Sink prometheus already exists!
2019-10-21 21:55:51,900 [main] INFO  server.BaseHttpServer (BaseHttpServer.java:updateConnectorAddress(215)) - HTTP server of HDDSDATANODE is listening at http://0.0.0.0:42855
2019-10-21 21:55:51,900 [main] INFO  impl.MetricsSystemImpl (MetricsSystemImpl.java:init(158)) - HddsDatanode metrics system started (again)
2019-10-21 21:55:51,904 [org.apache.hadoop.util.JvmPauseMonitor$Monitor@6b6cb198] INFO  util.JvmPauseMonitor (JvmPauseMonitor.java:run(188)) - Starting JVM pause monitor
2019-10-21 21:55:51,904 [main] INFO  ozone.HddsDatanodeService (HddsDatanodeService.java:start(184)) - HddsDatanodeService host:pr-hdds-2240-577ml-2645996955 ip:192.168.69.92
2019-10-21 21:55:51,907 [Datanode State Machine Thread - 0] INFO  datanode.InitDatanodeState (InitDatanodeState.java:persistContainerDatanodeDetails(140)) - DatanodeDetails is persisted to /workdir/hadoop-ozone/integration-test/target/test-dir/MiniOzoneClusterImpl-f9df1159-a46e-43dd-90f7-e431812950fc/datanode-5/meta/datanode.id
2019-10-21 21:55:51,911 [main] INFO  volume.HddsVolume (HddsVolume.java:<init>(176)) - Creating Volume: /workdir/hadoop-ozone/integration-test/target/test-dir/MiniOzoneClusterImpl-f9df1159-a46e-43dd-90f7-e431812950fc/datanode-6/data/containers/hdds of  storage type : DISK and capacity : 1482555576320
2019-10-21 21:55:51,911 [main] INFO  volume.VolumeSet (VolumeSet.java:initializeVolumeSet(170)) - Added Volume : /workdir/hadoop-ozone/integration-test/target/test-dir/MiniOzoneClusterImpl-f9df1159-a46e-43dd-90f7-e431812950fc/datanode-6/data/containers/hdds to VolumeSet
2019-10-21 21:55:51,912 [main] INFO  volume.ThrottledAsyncChecker (ThrottledAsyncChecker.java:schedule(141)) - Scheduling a check for /workdir/hadoop-ozone/integration-test/target/test-dir/MiniOzoneClusterImpl-f9df1159-a46e-43dd-90f7-e431812950fc/datanode-6/data/containers/hdds
2019-10-21 21:55:51,912 [main] INFO  volume.HddsVolumeChecker (HddsVolumeChecker.java:checkAllVolumes(204)) - Scheduled health check for volume /workdir/hadoop-ozone/integration-test/target/test-dir/MiniOzoneClusterImpl-f9df1159-a46e-43dd-90f7-e431812950fc/datanode-6/data/containers/hdds
2019-10-21 21:55:51,925 [main] INFO  impl.RaftServerProxy (ConfUtils.java:logGet(43)) - raft.rpc.type = GRPC (default)
2019-10-21 21:55:51,925 [main] INFO  grpc.GrpcFactory (GrpcFactory.java:checkPooledByteBufAllocatorUseCacheForAllThreads(45)) - PERFORMANCE WARNING: useCacheForAllThreads is true that may cause Netty to create a lot garbage objects and, as a result, trigger GC.
	It is recommended to disable useCacheForAllThreads by setting -Dorg.apache.ratis.thirdparty.io.netty.allocator.useCacheForAllThreads=false in command line.
2019-10-21 21:55:51,925 [main] INFO  grpc.GrpcConfigKeys$Server (ConfUtils.java:logGet(43)) - raft.grpc.server.port = 0 (default)
2019-10-21 21:55:51,926 [main] INFO  server.GrpcService (ConfUtils.java:logGet(43)) - raft.grpc.message.size.max = 33570816 (custom)
2019-10-21 21:55:51,926 [main] INFO  server.RaftServerConfigKeys (ConfUtils.java:logGet(43)) - raft.server.log.appender.buffer.byte-limit = 33554432 (custom)
2019-10-21 21:55:51,926 [main] INFO  server.GrpcService (ConfUtils.java:logGet(43)) - raft.grpc.flow.control.window = 1MB (=1048576) (default)
2019-10-21 21:55:51,926 [main] INFO  server.RaftServerConfigKeys (ConfUtils.java:logGet(43)) - raft.server.rpc.request.timeout = 3000ms (default)
2019-10-21 21:55:51,927 [main] INFO  server.RaftServerConfigKeys (ConfUtils.java:logGet(43)) - raft.server.storage.dir = [/workdir/hadoop-ozone/integration-test/target/test-dir/MiniOzoneClusterImpl-f9df1159-a46e-43dd-90f7-e431812950fc/datanode-6/data/ratis] (custom)
2019-10-21 21:55:51,928 [main] INFO  hdfs.DFSUtil (DFSUtil.java:httpServerTemplateForNNAndJN(1641)) - Starting Web-server for hddsDatanode at: http://0.0.0.0:0
2019-10-21 21:55:51,929 [main] INFO  server.AuthenticationFilter (AuthenticationFilter.java:constructSecretProvider(240)) - Unable to initialize FileSignerSecretProvider, falling back to use random secrets.
2019-10-21 21:55:51,930 [main] WARN  http.HttpRequestLog (HttpRequestLog.java:getRequestLog(97)) - Jetty request log can only be enabled using Log4j
2019-10-21 21:55:51,931 [main] INFO  http.HttpServer2 (HttpServer2.java:addGlobalFilter(975)) - Added global filter 'safety' (class=org.apache.hadoop.http.HttpServer2$QuotingInputFilter)
2019-10-21 21:55:51,932 [main] INFO  http.HttpServer2 (HttpServer2.java:addFilter(948)) - Added filter static_user_filter (class=org.apache.hadoop.http.lib.StaticUserWebFilter$StaticUserFilter) to context hddsDatanode
2019-10-21 21:55:51,932 [main] INFO  http.HttpServer2 (HttpServer2.java:addFilter(958)) - Added filter static_user_filter (class=org.apache.hadoop.http.lib.StaticUserWebFilter$StaticUserFilter) to context logs
2019-10-21 21:55:51,932 [main] INFO  http.HttpServer2 (HttpServer2.java:addFilter(958)) - Added filter static_user_filter (class=org.apache.hadoop.http.lib.StaticUserWebFilter$StaticUserFilter) to context static
2019-10-21 21:55:51,933 [main] INFO  http.HttpServer2 (HttpServer2.java:bindListener(1191)) - Jetty bound to port 39396
2019-10-21 21:55:51,933 [main] INFO  server.Server (Server.java:doStart(351)) - jetty-9.3.25.v20180904, build timestamp: 2018-09-04T21:11:46Z, git hash: 3ce520221d0240229c862b122d2b06c12a625732
2019-10-21 21:55:51,934 [main] INFO  handler.ContextHandler (ContextHandler.java:doStart(781)) - Started o.e.j.s.ServletContextHandler@4b432e53{/logs,file:///workdir/hadoop-ozone/integration-test/target/log,AVAILABLE}
2019-10-21 21:55:51,935 [main] INFO  handler.ContextHandler (ContextHandler.java:doStart(781)) - Started o.e.j.s.ServletContextHandler@62f11ebb{/static,jar:file:/home/user/.m2/repository/org/apache/hadoop/hadoop-hdds-container-service/0.5.0-SNAPSHOT/hadoop-hdds-container-service-0.5.0-SNAPSHOT.jar!/webapps/static,AVAILABLE}
2019-10-21 21:55:51,964 [main] INFO  handler.ContextHandler (ContextHandler.java:doStart(781)) - Started o.e.j.w.WebAppContext@4087c7fc{/,file:///tmp/jetty-0.0.0.0-39396-hddsDatanode-_-any-757591499469167118.dir/webapp/,AVAILABLE}{/hddsDatanode}
2019-10-21 21:55:51,965 [main] INFO  server.AbstractConnector (AbstractConnector.java:doStart(278)) - Started ServerConnector@318c68d5{HTTP/1.1,[http/1.1]}{0.0.0.0:39396}
2019-10-21 21:55:51,965 [main] INFO  server.Server (Server.java:doStart(419)) - Started @55244ms
2019-10-21 21:55:51,966 [main] WARN  impl.MetricsSystemImpl (MetricsSystemImpl.java:register(276)) - Sink prometheus already exists!
2019-10-21 21:55:51,966 [main] INFO  server.BaseHttpServer (BaseHttpServer.java:updateConnectorAddress(215)) - HTTP server of HDDSDATANODE is listening at http://0.0.0.0:39396
2019-10-21 21:55:51,967 [main] INFO  impl.MetricsSystemImpl (MetricsSystemImpl.java:init(158)) - HddsDatanode metrics system started (again)
2019-10-21 21:55:51,971 [org.apache.hadoop.util.JvmPauseMonitor$Monitor@205eb58f] INFO  util.JvmPauseMonitor (JvmPauseMonitor.java:run(188)) - Starting JVM pause monitor
2019-10-21 21:55:51,971 [main] INFO  ozone.HddsDatanodeService (HddsDatanodeService.java:start(184)) - HddsDatanodeService host:pr-hdds-2240-577ml-2645996955 ip:192.168.69.92
2019-10-21 21:55:51,972 [Datanode State Machine Thread - 0] INFO  datanode.InitDatanodeState (InitDatanodeState.java:persistContainerDatanodeDetails(140)) - DatanodeDetails is persisted to /workdir/hadoop-ozone/integration-test/target/test-dir/MiniOzoneClusterImpl-f9df1159-a46e-43dd-90f7-e431812950fc/datanode-6/meta/datanode.id
2019-10-21 21:55:51,978 [main] INFO  volume.HddsVolume (HddsVolume.java:<init>(176)) - Creating Volume: /workdir/hadoop-ozone/integration-test/target/test-dir/MiniOzoneClusterImpl-f9df1159-a46e-43dd-90f7-e431812950fc/datanode-7/data/containers/hdds of  storage type : DISK and capacity : 1482555576320
2019-10-21 21:55:51,979 [main] INFO  volume.VolumeSet (VolumeSet.java:initializeVolumeSet(170)) - Added Volume : /workdir/hadoop-ozone/integration-test/target/test-dir/MiniOzoneClusterImpl-f9df1159-a46e-43dd-90f7-e431812950fc/datanode-7/data/containers/hdds to VolumeSet
2019-10-21 21:55:51,979 [main] INFO  volume.ThrottledAsyncChecker (ThrottledAsyncChecker.java:schedule(141)) - Scheduling a check for /workdir/hadoop-ozone/integration-test/target/test-dir/MiniOzoneClusterImpl-f9df1159-a46e-43dd-90f7-e431812950fc/datanode-7/data/containers/hdds
2019-10-21 21:55:51,979 [main] INFO  volume.HddsVolumeChecker (HddsVolumeChecker.java:checkAllVolumes(204)) - Scheduled health check for volume /workdir/hadoop-ozone/integration-test/target/test-dir/MiniOzoneClusterImpl-f9df1159-a46e-43dd-90f7-e431812950fc/datanode-7/data/containers/hdds
2019-10-21 21:55:51,992 [main] INFO  impl.RaftServerProxy (ConfUtils.java:logGet(43)) - raft.rpc.type = GRPC (default)
2019-10-21 21:55:51,992 [main] INFO  grpc.GrpcFactory (GrpcFactory.java:checkPooledByteBufAllocatorUseCacheForAllThreads(45)) - PERFORMANCE WARNING: useCacheForAllThreads is true that may cause Netty to create a lot garbage objects and, as a result, trigger GC.
	It is recommended to disable useCacheForAllThreads by setting -Dorg.apache.ratis.thirdparty.io.netty.allocator.useCacheForAllThreads=false in command line.
2019-10-21 21:55:51,992 [main] INFO  grpc.GrpcConfigKeys$Server (ConfUtils.java:logGet(43)) - raft.grpc.server.port = 0 (default)
2019-10-21 21:55:51,992 [main] INFO  server.GrpcService (ConfUtils.java:logGet(43)) - raft.grpc.message.size.max = 33570816 (custom)
2019-10-21 21:55:51,993 [main] INFO  server.RaftServerConfigKeys (ConfUtils.java:logGet(43)) - raft.server.log.appender.buffer.byte-limit = 33554432 (custom)
2019-10-21 21:55:51,993 [main] INFO  server.GrpcService (ConfUtils.java:logGet(43)) - raft.grpc.flow.control.window = 1MB (=1048576) (default)
2019-10-21 21:55:51,993 [main] INFO  server.RaftServerConfigKeys (ConfUtils.java:logGet(43)) - raft.server.rpc.request.timeout = 3000ms (default)
2019-10-21 21:55:51,993 [main] INFO  server.RaftServerConfigKeys (ConfUtils.java:logGet(43)) - raft.server.storage.dir = [/workdir/hadoop-ozone/integration-test/target/test-dir/MiniOzoneClusterImpl-f9df1159-a46e-43dd-90f7-e431812950fc/datanode-7/data/ratis] (custom)
2019-10-21 21:55:51,995 [main] INFO  hdfs.DFSUtil (DFSUtil.java:httpServerTemplateForNNAndJN(1641)) - Starting Web-server for hddsDatanode at: http://0.0.0.0:0
2019-10-21 21:55:52,000 [main] INFO  server.AuthenticationFilter (AuthenticationFilter.java:constructSecretProvider(240)) - Unable to initialize FileSignerSecretProvider, falling back to use random secrets.
2019-10-21 21:55:52,000 [main] WARN  http.HttpRequestLog (HttpRequestLog.java:getRequestLog(97)) - Jetty request log can only be enabled using Log4j
2019-10-21 21:55:52,002 [main] INFO  http.HttpServer2 (HttpServer2.java:addGlobalFilter(975)) - Added global filter 'safety' (class=org.apache.hadoop.http.HttpServer2$QuotingInputFilter)
2019-10-21 21:55:52,002 [main] INFO  http.HttpServer2 (HttpServer2.java:addFilter(948)) - Added filter static_user_filter (class=org.apache.hadoop.http.lib.StaticUserWebFilter$StaticUserFilter) to context hddsDatanode
2019-10-21 21:55:52,002 [main] INFO  http.HttpServer2 (HttpServer2.java:addFilter(958)) - Added filter static_user_filter (class=org.apache.hadoop.http.lib.StaticUserWebFilter$StaticUserFilter) to context static
2019-10-21 21:55:52,002 [main] INFO  http.HttpServer2 (HttpServer2.java:addFilter(958)) - Added filter static_user_filter (class=org.apache.hadoop.http.lib.StaticUserWebFilter$StaticUserFilter) to context logs
2019-10-21 21:55:52,003 [main] INFO  http.HttpServer2 (HttpServer2.java:bindListener(1191)) - Jetty bound to port 36587
2019-10-21 21:55:52,003 [main] INFO  server.Server (Server.java:doStart(351)) - jetty-9.3.25.v20180904, build timestamp: 2018-09-04T21:11:46Z, git hash: 3ce520221d0240229c862b122d2b06c12a625732
2019-10-21 21:55:52,005 [main] INFO  handler.ContextHandler (ContextHandler.java:doStart(781)) - Started o.e.j.s.ServletContextHandler@5d5a51b1{/logs,file:///workdir/hadoop-ozone/integration-test/target/log,AVAILABLE}
2019-10-21 21:55:52,005 [main] INFO  handler.ContextHandler (ContextHandler.java:doStart(781)) - Started o.e.j.s.ServletContextHandler@50ab56e2{/static,jar:file:/home/user/.m2/repository/org/apache/hadoop/hadoop-hdds-container-service/0.5.0-SNAPSHOT/hadoop-hdds-container-service-0.5.0-SNAPSHOT.jar!/webapps/static,AVAILABLE}
2019-10-21 21:55:52,034 [main] INFO  handler.ContextHandler (ContextHandler.java:doStart(781)) - Started o.e.j.w.WebAppContext@6d229b1c{/,file:///tmp/jetty-0.0.0.0-36587-hddsDatanode-_-any-3890105595145218370.dir/webapp/,AVAILABLE}{/hddsDatanode}
2019-10-21 21:55:52,035 [main] INFO  server.AbstractConnector (AbstractConnector.java:doStart(278)) - Started ServerConnector@6f825516{HTTP/1.1,[http/1.1]}{0.0.0.0:36587}
2019-10-21 21:55:52,039 [main] INFO  server.Server (Server.java:doStart(419)) - Started @55317ms
2019-10-21 21:55:52,039 [main] WARN  impl.MetricsSystemImpl (MetricsSystemImpl.java:register(276)) - Sink prometheus already exists!
2019-10-21 21:55:52,040 [main] INFO  server.BaseHttpServer (BaseHttpServer.java:updateConnectorAddress(215)) - HTTP server of HDDSDATANODE is listening at http://0.0.0.0:36587
2019-10-21 21:55:52,040 [main] INFO  impl.MetricsSystemImpl (MetricsSystemImpl.java:init(158)) - HddsDatanode metrics system started (again)
2019-10-21 21:55:52,045 [org.apache.hadoop.util.JvmPauseMonitor$Monitor@34fdc4ca] INFO  util.JvmPauseMonitor (JvmPauseMonitor.java:run(188)) - Starting JVM pause monitor
2019-10-21 21:55:52,045 [main] INFO  ozone.HddsDatanodeService (HddsDatanodeService.java:start(184)) - HddsDatanodeService host:pr-hdds-2240-577ml-2645996955 ip:192.168.69.92
2019-10-21 21:55:52,046 [Datanode State Machine Thread - 0] INFO  datanode.InitDatanodeState (InitDatanodeState.java:persistContainerDatanodeDetails(140)) - DatanodeDetails is persisted to /workdir/hadoop-ozone/integration-test/target/test-dir/MiniOzoneClusterImpl-f9df1159-a46e-43dd-90f7-e431812950fc/datanode-7/meta/datanode.id
2019-10-21 21:55:52,057 [main] INFO  volume.HddsVolume (HddsVolume.java:<init>(176)) - Creating Volume: /workdir/hadoop-ozone/integration-test/target/test-dir/MiniOzoneClusterImpl-f9df1159-a46e-43dd-90f7-e431812950fc/datanode-8/data/containers/hdds of  storage type : DISK and capacity : 1482555576320
2019-10-21 21:55:52,057 [main] INFO  volume.VolumeSet (VolumeSet.java:initializeVolumeSet(170)) - Added Volume : /workdir/hadoop-ozone/integration-test/target/test-dir/MiniOzoneClusterImpl-f9df1159-a46e-43dd-90f7-e431812950fc/datanode-8/data/containers/hdds to VolumeSet
2019-10-21 21:55:52,058 [main] INFO  volume.ThrottledAsyncChecker (ThrottledAsyncChecker.java:schedule(141)) - Scheduling a check for /workdir/hadoop-ozone/integration-test/target/test-dir/MiniOzoneClusterImpl-f9df1159-a46e-43dd-90f7-e431812950fc/datanode-8/data/containers/hdds
2019-10-21 21:55:52,058 [main] INFO  volume.HddsVolumeChecker (HddsVolumeChecker.java:checkAllVolumes(204)) - Scheduled health check for volume /workdir/hadoop-ozone/integration-test/target/test-dir/MiniOzoneClusterImpl-f9df1159-a46e-43dd-90f7-e431812950fc/datanode-8/data/containers/hdds
2019-10-21 21:55:52,070 [main] INFO  impl.RaftServerProxy (ConfUtils.java:logGet(43)) - raft.rpc.type = GRPC (default)
2019-10-21 21:55:52,071 [main] INFO  grpc.GrpcFactory (GrpcFactory.java:checkPooledByteBufAllocatorUseCacheForAllThreads(45)) - PERFORMANCE WARNING: useCacheForAllThreads is true that may cause Netty to create a lot garbage objects and, as a result, trigger GC.
	It is recommended to disable useCacheForAllThreads by setting -Dorg.apache.ratis.thirdparty.io.netty.allocator.useCacheForAllThreads=false in command line.
2019-10-21 21:55:52,071 [main] INFO  grpc.GrpcConfigKeys$Server (ConfUtils.java:logGet(43)) - raft.grpc.server.port = 0 (default)
2019-10-21 21:55:52,071 [main] INFO  server.GrpcService (ConfUtils.java:logGet(43)) - raft.grpc.message.size.max = 33570816 (custom)
2019-10-21 21:55:52,071 [main] INFO  server.RaftServerConfigKeys (ConfUtils.java:logGet(43)) - raft.server.log.appender.buffer.byte-limit = 33554432 (custom)
2019-10-21 21:55:52,071 [main] INFO  server.GrpcService (ConfUtils.java:logGet(43)) - raft.grpc.flow.control.window = 1MB (=1048576) (default)
2019-10-21 21:55:52,072 [main] INFO  server.RaftServerConfigKeys (ConfUtils.java:logGet(43)) - raft.server.rpc.request.timeout = 3000ms (default)
2019-10-21 21:55:52,072 [main] INFO  server.RaftServerConfigKeys (ConfUtils.java:logGet(43)) - raft.server.storage.dir = [/workdir/hadoop-ozone/integration-test/target/test-dir/MiniOzoneClusterImpl-f9df1159-a46e-43dd-90f7-e431812950fc/datanode-8/data/ratis] (custom)
2019-10-21 21:55:52,073 [main] INFO  hdfs.DFSUtil (DFSUtil.java:httpServerTemplateForNNAndJN(1641)) - Starting Web-server for hddsDatanode at: http://0.0.0.0:0
2019-10-21 21:55:52,075 [main] INFO  server.AuthenticationFilter (AuthenticationFilter.java:constructSecretProvider(240)) - Unable to initialize FileSignerSecretProvider, falling back to use random secrets.
2019-10-21 21:55:52,075 [main] WARN  http.HttpRequestLog (HttpRequestLog.java:getRequestLog(97)) - Jetty request log can only be enabled using Log4j
2019-10-21 21:55:52,076 [main] INFO  http.HttpServer2 (HttpServer2.java:addGlobalFilter(975)) - Added global filter 'safety' (class=org.apache.hadoop.http.HttpServer2$QuotingInputFilter)
2019-10-21 21:55:52,077 [main] INFO  http.HttpServer2 (HttpServer2.java:addFilter(948)) - Added filter static_user_filter (class=org.apache.hadoop.http.lib.StaticUserWebFilter$StaticUserFilter) to context hddsDatanode
2019-10-21 21:55:52,077 [main] INFO  http.HttpServer2 (HttpServer2.java:addFilter(958)) - Added filter static_user_filter (class=org.apache.hadoop.http.lib.StaticUserWebFilter$StaticUserFilter) to context static
2019-10-21 21:55:52,077 [main] INFO  http.HttpServer2 (HttpServer2.java:addFilter(958)) - Added filter static_user_filter (class=org.apache.hadoop.http.lib.StaticUserWebFilter$StaticUserFilter) to context logs
2019-10-21 21:55:52,078 [main] INFO  http.HttpServer2 (HttpServer2.java:bindListener(1191)) - Jetty bound to port 45179
2019-10-21 21:55:52,078 [main] INFO  server.Server (Server.java:doStart(351)) - jetty-9.3.25.v20180904, build timestamp: 2018-09-04T21:11:46Z, git hash: 3ce520221d0240229c862b122d2b06c12a625732
2019-10-21 21:55:52,080 [main] INFO  handler.ContextHandler (ContextHandler.java:doStart(781)) - Started o.e.j.s.ServletContextHandler@2b4d4327{/logs,file:///workdir/hadoop-ozone/integration-test/target/log,AVAILABLE}
2019-10-21 21:55:52,080 [main] INFO  handler.ContextHandler (ContextHandler.java:doStart(781)) - Started o.e.j.s.ServletContextHandler@671ea6ff{/static,jar:file:/home/user/.m2/repository/org/apache/hadoop/hadoop-hdds-container-service/0.5.0-SNAPSHOT/hadoop-hdds-container-service-0.5.0-SNAPSHOT.jar!/webapps/static,AVAILABLE}
2019-10-21 21:55:52,109 [main] INFO  handler.ContextHandler (ContextHandler.java:doStart(781)) - Started o.e.j.w.WebAppContext@68c9e023{/,file:///tmp/jetty-0.0.0.0-45179-hddsDatanode-_-any-5855845667214166874.dir/webapp/,AVAILABLE}{/hddsDatanode}
2019-10-21 21:55:52,110 [main] INFO  server.AbstractConnector (AbstractConnector.java:doStart(278)) - Started ServerConnector@1624775{HTTP/1.1,[http/1.1]}{0.0.0.0:45179}
2019-10-21 21:55:52,111 [main] INFO  server.Server (Server.java:doStart(419)) - Started @55390ms
2019-10-21 21:55:52,111 [main] WARN  impl.MetricsSystemImpl (MetricsSystemImpl.java:register(276)) - Sink prometheus already exists!
2019-10-21 21:55:52,112 [main] INFO  server.BaseHttpServer (BaseHttpServer.java:updateConnectorAddress(215)) - HTTP server of HDDSDATANODE is listening at http://0.0.0.0:45179
2019-10-21 21:55:52,112 [main] INFO  impl.MetricsSystemImpl (MetricsSystemImpl.java:init(158)) - HddsDatanode metrics system started (again)
2019-10-21 21:55:52,117 [org.apache.hadoop.util.JvmPauseMonitor$Monitor@7553c2bc] INFO  util.JvmPauseMonitor (JvmPauseMonitor.java:run(188)) - Starting JVM pause monitor
2019-10-21 21:55:52,117 [main] INFO  ozone.HddsDatanodeService (HddsDatanodeService.java:start(184)) - HddsDatanodeService host:pr-hdds-2240-577ml-2645996955 ip:192.168.69.92
2019-10-21 21:55:52,118 [Datanode State Machine Thread - 0] INFO  datanode.InitDatanodeState (InitDatanodeState.java:persistContainerDatanodeDetails(140)) - DatanodeDetails is persisted to /workdir/hadoop-ozone/integration-test/target/test-dir/MiniOzoneClusterImpl-f9df1159-a46e-43dd-90f7-e431812950fc/datanode-8/meta/datanode.id
2019-10-21 21:55:52,123 [main] INFO  volume.HddsVolume (HddsVolume.java:<init>(176)) - Creating Volume: /workdir/hadoop-ozone/integration-test/target/test-dir/MiniOzoneClusterImpl-f9df1159-a46e-43dd-90f7-e431812950fc/datanode-9/data/containers/hdds of  storage type : DISK and capacity : 1482555576320
2019-10-21 21:55:52,124 [main] INFO  volume.VolumeSet (VolumeSet.java:initializeVolumeSet(170)) - Added Volume : /workdir/hadoop-ozone/integration-test/target/test-dir/MiniOzoneClusterImpl-f9df1159-a46e-43dd-90f7-e431812950fc/datanode-9/data/containers/hdds to VolumeSet
2019-10-21 21:55:52,124 [main] INFO  volume.ThrottledAsyncChecker (ThrottledAsyncChecker.java:schedule(141)) - Scheduling a check for /workdir/hadoop-ozone/integration-test/target/test-dir/MiniOzoneClusterImpl-f9df1159-a46e-43dd-90f7-e431812950fc/datanode-9/data/containers/hdds
2019-10-21 21:55:52,124 [main] INFO  volume.HddsVolumeChecker (HddsVolumeChecker.java:checkAllVolumes(204)) - Scheduled health check for volume /workdir/hadoop-ozone/integration-test/target/test-dir/MiniOzoneClusterImpl-f9df1159-a46e-43dd-90f7-e431812950fc/datanode-9/data/containers/hdds
2019-10-21 21:55:52,136 [main] INFO  impl.RaftServerProxy (ConfUtils.java:logGet(43)) - raft.rpc.type = GRPC (default)
2019-10-21 21:55:52,137 [main] INFO  grpc.GrpcFactory (GrpcFactory.java:checkPooledByteBufAllocatorUseCacheForAllThreads(45)) - PERFORMANCE WARNING: useCacheForAllThreads is true that may cause Netty to create a lot garbage objects and, as a result, trigger GC.
	It is recommended to disable useCacheForAllThreads by setting -Dorg.apache.ratis.thirdparty.io.netty.allocator.useCacheForAllThreads=false in command line.
2019-10-21 21:55:52,137 [main] INFO  grpc.GrpcConfigKeys$Server (ConfUtils.java:logGet(43)) - raft.grpc.server.port = 0 (default)
2019-10-21 21:55:52,137 [main] INFO  server.GrpcService (ConfUtils.java:logGet(43)) - raft.grpc.message.size.max = 33570816 (custom)
2019-10-21 21:55:52,137 [main] INFO  server.RaftServerConfigKeys (ConfUtils.java:logGet(43)) - raft.server.log.appender.buffer.byte-limit = 33554432 (custom)
2019-10-21 21:55:52,137 [main] INFO  server.GrpcService (ConfUtils.java:logGet(43)) - raft.grpc.flow.control.window = 1MB (=1048576) (default)
2019-10-21 21:55:52,138 [main] INFO  server.RaftServerConfigKeys (ConfUtils.java:logGet(43)) - raft.server.rpc.request.timeout = 3000ms (default)
2019-10-21 21:55:52,138 [main] INFO  server.RaftServerConfigKeys (ConfUtils.java:logGet(43)) - raft.server.storage.dir = [/workdir/hadoop-ozone/integration-test/target/test-dir/MiniOzoneClusterImpl-f9df1159-a46e-43dd-90f7-e431812950fc/datanode-9/data/ratis] (custom)
2019-10-21 21:55:52,139 [main] INFO  hdfs.DFSUtil (DFSUtil.java:httpServerTemplateForNNAndJN(1641)) - Starting Web-server for hddsDatanode at: http://0.0.0.0:0
2019-10-21 21:55:52,141 [main] INFO  server.AuthenticationFilter (AuthenticationFilter.java:constructSecretProvider(240)) - Unable to initialize FileSignerSecretProvider, falling back to use random secrets.
2019-10-21 21:55:52,141 [main] WARN  http.HttpRequestLog (HttpRequestLog.java:getRequestLog(97)) - Jetty request log can only be enabled using Log4j
2019-10-21 21:55:52,142 [main] INFO  http.HttpServer2 (HttpServer2.java:addGlobalFilter(975)) - Added global filter 'safety' (class=org.apache.hadoop.http.HttpServer2$QuotingInputFilter)
2019-10-21 21:55:52,143 [main] INFO  http.HttpServer2 (HttpServer2.java:addFilter(948)) - Added filter static_user_filter (class=org.apache.hadoop.http.lib.StaticUserWebFilter$StaticUserFilter) to context hddsDatanode
2019-10-21 21:55:52,143 [main] INFO  http.HttpServer2 (HttpServer2.java:addFilter(958)) - Added filter static_user_filter (class=org.apache.hadoop.http.lib.StaticUserWebFilter$StaticUserFilter) to context logs
2019-10-21 21:55:52,143 [main] INFO  http.HttpServer2 (HttpServer2.java:addFilter(958)) - Added filter static_user_filter (class=org.apache.hadoop.http.lib.StaticUserWebFilter$StaticUserFilter) to context static
2019-10-21 21:55:52,144 [main] INFO  http.HttpServer2 (HttpServer2.java:bindListener(1191)) - Jetty bound to port 33164
2019-10-21 21:55:52,144 [main] INFO  server.Server (Server.java:doStart(351)) - jetty-9.3.25.v20180904, build timestamp: 2018-09-04T21:11:46Z, git hash: 3ce520221d0240229c862b122d2b06c12a625732
2019-10-21 21:55:52,145 [main] INFO  handler.ContextHandler (ContextHandler.java:doStart(781)) - Started o.e.j.s.ServletContextHandler@4816ee24{/logs,file:///workdir/hadoop-ozone/integration-test/target/log,AVAILABLE}
2019-10-21 21:55:52,146 [main] INFO  handler.ContextHandler (ContextHandler.java:doStart(781)) - Started o.e.j.s.ServletContextHandler@73613ae5{/static,jar:file:/home/user/.m2/repository/org/apache/hadoop/hadoop-hdds-container-service/0.5.0-SNAPSHOT/hadoop-hdds-container-service-0.5.0-SNAPSHOT.jar!/webapps/static,AVAILABLE}
2019-10-21 21:55:52,175 [main] INFO  handler.ContextHandler (ContextHandler.java:doStart(781)) - Started o.e.j.w.WebAppContext@314a31b0{/,file:///tmp/jetty-0.0.0.0-33164-hddsDatanode-_-any-2601453443511998476.dir/webapp/,AVAILABLE}{/hddsDatanode}
2019-10-21 21:55:52,175 [main] INFO  server.AbstractConnector (AbstractConnector.java:doStart(278)) - Started ServerConnector@2753316c{HTTP/1.1,[http/1.1]}{0.0.0.0:33164}
2019-10-21 21:55:52,177 [main] INFO  server.Server (Server.java:doStart(419)) - Started @55456ms
2019-10-21 21:55:52,177 [main] WARN  impl.MetricsSystemImpl (MetricsSystemImpl.java:register(276)) - Sink prometheus already exists!
2019-10-21 21:55:52,178 [main] INFO  server.BaseHttpServer (BaseHttpServer.java:updateConnectorAddress(215)) - HTTP server of HDDSDATANODE is listening at http://0.0.0.0:33164
2019-10-21 21:55:52,178 [main] INFO  ozone.MiniOzoneClusterImpl (MiniOzoneClusterImpl.java:lambda$waitForClusterToBeReady$0(147)) - Waiting for cluster to be ready. Got 0 of 10 DN Heartbeats.
2019-10-21 21:55:52,179 [org.apache.hadoop.util.JvmPauseMonitor$Monitor@63b36e67] INFO  util.JvmPauseMonitor (JvmPauseMonitor.java:run(188)) - Starting JVM pause monitor
2019-10-21 21:55:52,181 [Datanode State Machine Thread - 0] INFO  datanode.InitDatanodeState (InitDatanodeState.java:persistContainerDatanodeDetails(140)) - DatanodeDetails is persisted to /workdir/hadoop-ozone/integration-test/target/test-dir/MiniOzoneClusterImpl-f9df1159-a46e-43dd-90f7-e431812950fc/datanode-9/meta/datanode.id
2019-10-21 21:55:52,356 [java.util.concurrent.ThreadPoolExecutor$Worker@62dd2cd9[State = -1, empty queue]] WARN  server.GrpcLogAppender (GrpcLogAppender.java:timeoutAppendRequest(209)) - b94cc213-6f16-4093-a33a-4f7b0494b83e@group-B6C579BE6BC0->3ebd980c-a615-416f-9ceb-a78f6d63d26d-GrpcLogAppender: appendEntries Timeout, request=b94cc213-6f16-4093-a33a-4f7b0494b83e->3ebd980c-a615-416f-9ceb-a78f6d63d26d#81-t5, previous=(t:5, i:0), leaderCommit=0, initializing? false, entries: <empty>
2019-10-21 21:55:52,857 [java.util.concurrent.ThreadPoolExecutor$Worker@62dd2cd9[State = -1, empty queue]] WARN  server.GrpcLogAppender (GrpcLogAppender.java:timeoutAppendRequest(209)) - b94cc213-6f16-4093-a33a-4f7b0494b83e@group-B6C579BE6BC0->3ebd980c-a615-416f-9ceb-a78f6d63d26d-GrpcLogAppender: appendEntries Timeout, request=b94cc213-6f16-4093-a33a-4f7b0494b83e->3ebd980c-a615-416f-9ceb-a78f6d63d26d#82-t5, previous=(t:5, i:0), leaderCommit=0, initializing? false, entries: <empty>
2019-10-21 21:55:53,179 [main] INFO  ozone.MiniOzoneClusterImpl (MiniOzoneClusterImpl.java:lambda$waitForClusterToBeReady$0(147)) - Waiting for cluster to be ready. Got 0 of 10 DN Heartbeats.
2019-10-21 21:55:53,729 [Datanode State Machine Thread - 0] INFO  ozoneimpl.OzoneContainer (OzoneContainer.java:start(213)) - Attempting to start container services.
2019-10-21 21:55:53,729 [Datanode State Machine Thread - 0] INFO  ozoneimpl.OzoneContainer (OzoneContainer.java:startContainerScrub(177)) - Background container scanner has been disabled.
2019-10-21 21:55:53,729 [Datanode State Machine Thread - 0] INFO  ozoneimpl.OzoneContainer (OzoneContainer.java:start(213)) - Attempting to start container services.
2019-10-21 21:55:53,729 [Datanode State Machine Thread - 0] INFO  ratis.XceiverServerRatis (XceiverServerRatis.java:start(418)) - Starting XceiverServerRatis 7b88ca7b-bd9b-4a64-8114-d91a9b2f31f1 at port 0
2019-10-21 21:55:53,730 [Datanode State Machine Thread - 0] INFO  ozoneimpl.OzoneContainer (OzoneContainer.java:startContainerScrub(177)) - Background container scanner has been disabled.
2019-10-21 21:55:53,730 [Datanode State Machine Thread - 0] INFO  ratis.XceiverServerRatis (XceiverServerRatis.java:start(418)) - Starting XceiverServerRatis 149f4235-2e38-4d95-abe8-6ba232811729 at port 0
2019-10-21 21:55:53,732 [Datanode State Machine Thread - 0] INFO  ozoneimpl.OzoneContainer (OzoneContainer.java:start(213)) - Attempting to start container services.
2019-10-21 21:55:53,732 [Datanode State Machine Thread - 0] INFO  ozoneimpl.OzoneContainer (OzoneContainer.java:startContainerScrub(177)) - Background container scanner has been disabled.
2019-10-21 21:55:53,732 [Datanode State Machine Thread - 0] INFO  ratis.XceiverServerRatis (XceiverServerRatis.java:start(418)) - Starting XceiverServerRatis 8d79625f-2c74-448d-b811-8fe783a575f1 at port 0
2019-10-21 21:55:53,748 [Datanode State Machine Thread - 0] INFO  impl.RaftServerProxy (RaftServerProxy.java:lambda$start$3(299)) - 149f4235-2e38-4d95-abe8-6ba232811729: start RPC server
2019-10-21 21:55:53,751 [Datanode State Machine Thread - 0] INFO  server.GrpcService (GrpcService.java:startImpl(158)) - 149f4235-2e38-4d95-abe8-6ba232811729: GrpcService started, listening on 0.0.0.0/0.0.0.0:32958
2019-10-21 21:55:53,751 [Datanode State Machine Thread - 0] INFO  ratis.XceiverServerRatis (XceiverServerRatis.java:start(428)) - XceiverServerRatis 149f4235-2e38-4d95-abe8-6ba232811729 is started using port 32958
2019-10-21 21:55:53,752 [Datanode State Machine Thread - 0] INFO  server.XceiverServerGrpc (XceiverServerGrpc.java:start(149)) - XceiverServerGrpc 149f4235-2e38-4d95-abe8-6ba232811729 is started using port 45485
2019-10-21 21:55:53,758 [Datanode State Machine Thread - 0] INFO  impl.RaftServerProxy (RaftServerProxy.java:lambda$start$3(299)) - 7b88ca7b-bd9b-4a64-8114-d91a9b2f31f1: start RPC server
2019-10-21 21:55:53,759 [Datanode State Machine Thread - 0] INFO  server.GrpcService (GrpcService.java:startImpl(158)) - 7b88ca7b-bd9b-4a64-8114-d91a9b2f31f1: GrpcService started, listening on 0.0.0.0/0.0.0.0:38504
2019-10-21 21:55:53,759 [Datanode State Machine Thread - 0] INFO  ratis.XceiverServerRatis (XceiverServerRatis.java:start(428)) - XceiverServerRatis 7b88ca7b-bd9b-4a64-8114-d91a9b2f31f1 is started using port 38504
2019-10-21 21:55:53,760 [Datanode State Machine Thread - 0] INFO  impl.RaftServerProxy (RaftServerProxy.java:lambda$start$3(299)) - 8d79625f-2c74-448d-b811-8fe783a575f1: start RPC server
2019-10-21 21:55:53,760 [Datanode State Machine Thread - 0] INFO  server.XceiverServerGrpc (XceiverServerGrpc.java:start(149)) - XceiverServerGrpc 7b88ca7b-bd9b-4a64-8114-d91a9b2f31f1 is started using port 40009
2019-10-21 21:55:53,762 [Datanode State Machine Thread - 0] INFO  server.GrpcService (GrpcService.java:startImpl(158)) - 8d79625f-2c74-448d-b811-8fe783a575f1: GrpcService started, listening on 0.0.0.0/0.0.0.0:35698
2019-10-21 21:55:53,762 [Datanode State Machine Thread - 0] INFO  ratis.XceiverServerRatis (XceiverServerRatis.java:start(428)) - XceiverServerRatis 8d79625f-2c74-448d-b811-8fe783a575f1 is started using port 35698
2019-10-21 21:55:53,764 [Datanode State Machine Thread - 0] INFO  server.XceiverServerGrpc (XceiverServerGrpc.java:start(149)) - XceiverServerGrpc 8d79625f-2c74-448d-b811-8fe783a575f1 is started using port 36555
2019-10-21 21:55:54,150 [Datanode State Machine Thread - 0] INFO  ozoneimpl.OzoneContainer (OzoneContainer.java:start(213)) - Attempting to start container services.
2019-10-21 21:55:54,150 [Datanode State Machine Thread - 0] INFO  ozoneimpl.OzoneContainer (OzoneContainer.java:start(213)) - Attempting to start container services.
2019-10-21 21:55:54,150 [Datanode State Machine Thread - 0] INFO  ozoneimpl.OzoneContainer (OzoneContainer.java:start(213)) - Attempting to start container services.
2019-10-21 21:55:54,151 [Datanode State Machine Thread - 0] INFO  ozoneimpl.OzoneContainer (OzoneContainer.java:startContainerScrub(177)) - Background container scanner has been disabled.
2019-10-21 21:55:54,150 [Datanode State Machine Thread - 0] INFO  ozoneimpl.OzoneContainer (OzoneContainer.java:start(213)) - Attempting to start container services.
2019-10-21 21:55:54,150 [Datanode State Machine Thread - 0] INFO  ozoneimpl.OzoneContainer (OzoneContainer.java:start(213)) - Attempting to start container services.
2019-10-21 21:55:54,151 [Datanode State Machine Thread - 0] INFO  ratis.XceiverServerRatis (XceiverServerRatis.java:start(418)) - Starting XceiverServerRatis f97d0911-7779-4207-bfcb-e80c65d878a3 at port 0
2019-10-21 21:55:54,151 [Datanode State Machine Thread - 0] INFO  ozoneimpl.OzoneContainer (OzoneContainer.java:start(213)) - Attempting to start container services.
2019-10-21 21:55:54,151 [Datanode State Machine Thread - 0] INFO  ozoneimpl.OzoneContainer (OzoneContainer.java:startContainerScrub(177)) - Background container scanner has been disabled.
2019-10-21 21:55:54,152 [Datanode State Machine Thread - 0] INFO  ratis.XceiverServerRatis (XceiverServerRatis.java:start(418)) - Starting XceiverServerRatis 25026a40-ec59-48c3-bdd0-cf5c1bf30c8c at port 0
2019-10-21 21:55:54,155 [Datanode State Machine Thread - 0] INFO  ozoneimpl.OzoneContainer (OzoneContainer.java:startContainerScrub(177)) - Background container scanner has been disabled.
2019-10-21 21:55:54,155 [Datanode State Machine Thread - 0] INFO  ratis.XceiverServerRatis (XceiverServerRatis.java:start(418)) - Starting XceiverServerRatis c24b6cc2-153d-4b64-a24d-9eaa76f76215 at port 0
2019-10-21 21:55:54,156 [Datanode State Machine Thread - 0] INFO  ozoneimpl.OzoneContainer (OzoneContainer.java:startContainerScrub(177)) - Background container scanner has been disabled.
2019-10-21 21:55:54,156 [Datanode State Machine Thread - 0] INFO  ozoneimpl.OzoneContainer (OzoneContainer.java:startContainerScrub(177)) - Background container scanner has been disabled.
2019-10-21 21:55:54,156 [Datanode State Machine Thread - 0] INFO  ratis.XceiverServerRatis (XceiverServerRatis.java:start(418)) - Starting XceiverServerRatis 590972a8-254a-4d11-9ee4-9846de224337 at port 0
2019-10-21 21:55:54,156 [Datanode State Machine Thread - 0] INFO  ozoneimpl.OzoneContainer (OzoneContainer.java:startContainerScrub(177)) - Background container scanner has been disabled.
2019-10-21 21:55:54,156 [Datanode State Machine Thread - 0] INFO  ratis.XceiverServerRatis (XceiverServerRatis.java:start(418)) - Starting XceiverServerRatis 683a42e8-804c-4291-9261-2bc66677cfab at port 0
2019-10-21 21:55:54,156 [Datanode State Machine Thread - 0] INFO  ratis.XceiverServerRatis (XceiverServerRatis.java:start(418)) - Starting XceiverServerRatis 7c4ddf80-db3d-4d0c-b4eb-75f8718eed44 at port 0
2019-10-21 21:55:54,179 [main] INFO  ozone.MiniOzoneClusterImpl (MiniOzoneClusterImpl.java:lambda$waitForClusterToBeReady$0(147)) - Waiting for cluster to be ready. Got 0 of 10 DN Heartbeats.
2019-10-21 21:55:54,188 [Datanode State Machine Thread - 0] INFO  impl.RaftServerProxy (RaftServerProxy.java:lambda$start$3(299)) - 25026a40-ec59-48c3-bdd0-cf5c1bf30c8c: start RPC server
2019-10-21 21:55:54,190 [Datanode State Machine Thread - 0] INFO  ozoneimpl.OzoneContainer (OzoneContainer.java:start(213)) - Attempting to start container services.
2019-10-21 21:55:54,190 [Datanode State Machine Thread - 0] INFO  server.GrpcService (GrpcService.java:startImpl(158)) - 25026a40-ec59-48c3-bdd0-cf5c1bf30c8c: GrpcService started, listening on 0.0.0.0/0.0.0.0:38000
2019-10-21 21:55:54,190 [Datanode State Machine Thread - 0] INFO  ratis.XceiverServerRatis (XceiverServerRatis.java:start(428)) - XceiverServerRatis 25026a40-ec59-48c3-bdd0-cf5c1bf30c8c is started using port 38000
2019-10-21 21:55:54,190 [Datanode State Machine Thread - 0] INFO  ozoneimpl.OzoneContainer (OzoneContainer.java:startContainerScrub(177)) - Background container scanner has been disabled.
2019-10-21 21:55:54,190 [Datanode State Machine Thread - 0] INFO  ratis.XceiverServerRatis (XceiverServerRatis.java:start(418)) - Starting XceiverServerRatis 369f1351-eca5-492b-a682-1c26748f74ad at port 0
2019-10-21 21:55:54,191 [Datanode State Machine Thread - 0] INFO  server.XceiverServerGrpc (XceiverServerGrpc.java:start(149)) - XceiverServerGrpc 25026a40-ec59-48c3-bdd0-cf5c1bf30c8c is started using port 33093
2019-10-21 21:55:54,197 [Datanode State Machine Thread - 0] INFO  impl.RaftServerProxy (RaftServerProxy.java:lambda$start$3(299)) - f97d0911-7779-4207-bfcb-e80c65d878a3: start RPC server
2019-10-21 21:55:54,198 [Datanode State Machine Thread - 0] INFO  server.GrpcService (GrpcService.java:startImpl(158)) - f97d0911-7779-4207-bfcb-e80c65d878a3: GrpcService started, listening on 0.0.0.0/0.0.0.0:43435
2019-10-21 21:55:54,198 [Datanode State Machine Thread - 0] INFO  ratis.XceiverServerRatis (XceiverServerRatis.java:start(428)) - XceiverServerRatis f97d0911-7779-4207-bfcb-e80c65d878a3 is started using port 43435
2019-10-21 21:55:54,202 [Datanode State Machine Thread - 0] INFO  server.XceiverServerGrpc (XceiverServerGrpc.java:start(149)) - XceiverServerGrpc f97d0911-7779-4207-bfcb-e80c65d878a3 is started using port 34130
2019-10-21 21:55:54,203 [Datanode State Machine Thread - 0] INFO  impl.RaftServerProxy (RaftServerProxy.java:lambda$start$3(299)) - c24b6cc2-153d-4b64-a24d-9eaa76f76215: start RPC server
2019-10-21 21:55:54,206 [Datanode State Machine Thread - 0] INFO  impl.RaftServerProxy (RaftServerProxy.java:lambda$start$3(299)) - 590972a8-254a-4d11-9ee4-9846de224337: start RPC server
2019-10-21 21:55:54,207 [Datanode State Machine Thread - 0] INFO  server.GrpcService (GrpcService.java:startImpl(158)) - c24b6cc2-153d-4b64-a24d-9eaa76f76215: GrpcService started, listening on 0.0.0.0/0.0.0.0:44123
2019-10-21 21:55:54,207 [Datanode State Machine Thread - 0] INFO  ratis.XceiverServerRatis (XceiverServerRatis.java:start(428)) - XceiverServerRatis c24b6cc2-153d-4b64-a24d-9eaa76f76215 is started using port 44123
2019-10-21 21:55:54,207 [Datanode State Machine Thread - 0] INFO  server.GrpcService (GrpcService.java:startImpl(158)) - 590972a8-254a-4d11-9ee4-9846de224337: GrpcService started, listening on 0.0.0.0/0.0.0.0:35899
2019-10-21 21:55:54,207 [Datanode State Machine Thread - 0] INFO  ratis.XceiverServerRatis (XceiverServerRatis.java:start(428)) - XceiverServerRatis 590972a8-254a-4d11-9ee4-9846de224337 is started using port 35899
2019-10-21 21:55:54,207 [Datanode State Machine Thread - 0] INFO  server.XceiverServerGrpc (XceiverServerGrpc.java:start(149)) - XceiverServerGrpc c24b6cc2-153d-4b64-a24d-9eaa76f76215 is started using port 33782
2019-10-21 21:55:54,208 [Datanode State Machine Thread - 0] INFO  server.XceiverServerGrpc (XceiverServerGrpc.java:start(149)) - XceiverServerGrpc 590972a8-254a-4d11-9ee4-9846de224337 is started using port 44866
2019-10-21 21:55:54,211 [Datanode State Machine Thread - 0] INFO  impl.RaftServerProxy (RaftServerProxy.java:lambda$start$3(299)) - 7c4ddf80-db3d-4d0c-b4eb-75f8718eed44: start RPC server
2019-10-21 21:55:54,217 [Datanode State Machine Thread - 0] INFO  server.GrpcService (GrpcService.java:startImpl(158)) - 7c4ddf80-db3d-4d0c-b4eb-75f8718eed44: GrpcService started, listening on 0.0.0.0/0.0.0.0:34489
2019-10-21 21:55:54,217 [Datanode State Machine Thread - 0] INFO  impl.RaftServerProxy (RaftServerProxy.java:lambda$start$3(299)) - 683a42e8-804c-4291-9261-2bc66677cfab: start RPC server
2019-10-21 21:55:54,217 [Datanode State Machine Thread - 0] INFO  ratis.XceiverServerRatis (XceiverServerRatis.java:start(428)) - XceiverServerRatis 7c4ddf80-db3d-4d0c-b4eb-75f8718eed44 is started using port 34489
2019-10-21 21:55:54,229 [Datanode State Machine Thread - 0] INFO  server.XceiverServerGrpc (XceiverServerGrpc.java:start(149)) - XceiverServerGrpc 7c4ddf80-db3d-4d0c-b4eb-75f8718eed44 is started using port 44499
2019-10-21 21:55:54,229 [Datanode State Machine Thread - 0] INFO  server.GrpcService (GrpcService.java:startImpl(158)) - 683a42e8-804c-4291-9261-2bc66677cfab: GrpcService started, listening on 0.0.0.0/0.0.0.0:38974
2019-10-21 21:55:54,229 [Datanode State Machine Thread - 0] INFO  ratis.XceiverServerRatis (XceiverServerRatis.java:start(428)) - XceiverServerRatis 683a42e8-804c-4291-9261-2bc66677cfab is started using port 38974
2019-10-21 21:55:54,241 [Datanode State Machine Thread - 0] INFO  server.XceiverServerGrpc (XceiverServerGrpc.java:start(149)) - XceiverServerGrpc 683a42e8-804c-4291-9261-2bc66677cfab is started using port 34275
2019-10-21 21:55:54,245 [Datanode State Machine Thread - 0] INFO  impl.RaftServerProxy (RaftServerProxy.java:lambda$start$3(299)) - 369f1351-eca5-492b-a682-1c26748f74ad: start RPC server
2019-10-21 21:55:54,246 [Datanode State Machine Thread - 0] INFO  server.GrpcService (GrpcService.java:startImpl(158)) - 369f1351-eca5-492b-a682-1c26748f74ad: GrpcService started, listening on 0.0.0.0/0.0.0.0:44343
2019-10-21 21:55:54,246 [Datanode State Machine Thread - 0] INFO  ratis.XceiverServerRatis (XceiverServerRatis.java:start(428)) - XceiverServerRatis 369f1351-eca5-492b-a682-1c26748f74ad is started using port 44343
2019-10-21 21:55:54,254 [Datanode State Machine Thread - 0] INFO  server.XceiverServerGrpc (XceiverServerGrpc.java:start(149)) - XceiverServerGrpc 369f1351-eca5-492b-a682-1c26748f74ad is started using port 33650
2019-10-21 21:55:55,180 [main] INFO  ozone.MiniOzoneClusterImpl (MiniOzoneClusterImpl.java:lambda$waitForClusterToBeReady$0(147)) - Waiting for cluster to be ready. Got 0 of 10 DN Heartbeats.
2019-10-21 21:55:55,580 [IPC Server handler 0 on 42327] INFO  net.NetworkTopology (NetworkTopologyImpl.java:add(111)) - Added a new node: /rack1/7b88ca7b-bd9b-4a64-8114-d91a9b2f31f1
2019-10-21 21:55:55,582 [IPC Server handler 0 on 42327] INFO  node.SCMNodeManager (SCMNodeManager.java:register(268)) - Registered Data node : 7b88ca7b-bd9b-4a64-8114-d91a9b2f31f1{ip: 192.168.69.92, host: pr-hdds-2240-577ml-2645996955, networkLocation: /rack1, certSerialId: null}
2019-10-21 21:55:55,583 [EventQueue-NodeRegistrationContainerReportForDataNodeSafeModeRule] INFO  safemode.SCMSafeModeManager (DataNodeSafeModeRule.java:process(71)) - SCM in safe mode. 1 DataNodes registered, 1 required.
2019-10-21 21:55:55,584 [EventQueue-NodeRegistrationContainerReportForDataNodeSafeModeRule] INFO  safemode.SCMSafeModeManager (SCMSafeModeManager.java:validateSafeModeExitRules(177)) - ScmSafeModeManager, all rules are successfully validated
2019-10-21 21:55:55,584 [EventQueue-NodeRegistrationContainerReportForDataNodeSafeModeRule] INFO  safemode.SCMSafeModeManager (SCMSafeModeManager.java:exitSafeMode(193)) - SCM exiting safe mode.
2019-10-21 21:55:55,596 [grpc-default-executor-6] INFO  impl.RaftServerProxy (RaftServerProxy.java:addNew(89)) - 7b88ca7b-bd9b-4a64-8114-d91a9b2f31f1: addNew group-505AA2A17417:[7b88ca7b-bd9b-4a64-8114-d91a9b2f31f1:192.168.69.92:38504] returns group-505AA2A17417:java.util.concurrent.CompletableFuture@1c8b8877[Not completed]
2019-10-21 21:55:55,599 [pool-149-thread-1] INFO  impl.RaftServerImpl (RaftServerImpl.java:<init>(104)) - 7b88ca7b-bd9b-4a64-8114-d91a9b2f31f1: new RaftServerImpl for group-505AA2A17417:[7b88ca7b-bd9b-4a64-8114-d91a9b2f31f1:192.168.69.92:38504] with ContainerStateMachine:uninitialized
2019-10-21 21:55:55,599 [pool-149-thread-1] INFO  server.RaftServerConfigKeys (ConfUtils.java:logGet(43)) - raft.server.rpc.timeout.min = 1s (custom)
2019-10-21 21:55:55,599 [pool-149-thread-1] INFO  server.RaftServerConfigKeys (ConfUtils.java:logGet(43)) - raft.server.rpc.timeout.max = 1200ms (custom)
2019-10-21 21:55:55,600 [pool-149-thread-1] INFO  server.RaftServerConfigKeys (ConfUtils.java:logGet(43)) - raft.server.rpcslowness.timeout = 120s (custom)
2019-10-21 21:55:55,600 [pool-149-thread-1] INFO  server.RaftServerConfigKeys (ConfUtils.java:logGet(43)) - raft.server.sleep.deviation.threshold = 300 (default)
2019-10-21 21:55:55,600 [pool-149-thread-1] INFO  server.RaftServerConfigKeys (ConfUtils.java:logGet(43)) - raft.server.log.appender.install.snapshot.enabled = false (custom)
2019-10-21 21:55:55,600 [pool-149-thread-1] INFO  impl.RaftServerImpl (ServerState.java:<init>(103)) - 7b88ca7b-bd9b-4a64-8114-d91a9b2f31f1@group-505AA2A17417: ConfigurationManager, init=-1: [7b88ca7b-bd9b-4a64-8114-d91a9b2f31f1:192.168.69.92:38504], old=null, confs=<EMPTY_MAP>
2019-10-21 21:55:55,600 [pool-149-thread-1] INFO  server.RaftServerConfigKeys (ConfUtils.java:logGet(43)) - raft.server.storage.dir = [/workdir/hadoop-ozone/integration-test/target/test-dir/MiniOzoneClusterImpl-f9df1159-a46e-43dd-90f7-e431812950fc/datanode-0/data/ratis] (custom)
2019-10-21 21:55:55,601 [pool-149-thread-1] INFO  server.RaftServerConfigKeys (ConfUtils.java:logGet(43)) - raft.server.log.corruption.policy = EXCEPTION (default)
2019-10-21 21:55:55,601 [pool-149-thread-1] INFO  storage.RaftStorageDirectory (RaftStorageDirectory.java:analyzeStorage(246)) - The storage directory /workdir/hadoop-ozone/integration-test/target/test-dir/MiniOzoneClusterImpl-f9df1159-a46e-43dd-90f7-e431812950fc/datanode-0/data/ratis/a6bb1a7d-8f94-4e6d-8023-505aa2a17417 does not exist. Creating ...
2019-10-21 21:55:55,643 [IPC Server handler 4 on 42327] INFO  net.NetworkTopology (NetworkTopologyImpl.java:add(111)) - Added a new node: /rack1/149f4235-2e38-4d95-abe8-6ba232811729
2019-10-21 21:55:55,643 [IPC Server handler 4 on 42327] INFO  node.SCMNodeManager (SCMNodeManager.java:register(268)) - Registered Data node : 149f4235-2e38-4d95-abe8-6ba232811729{ip: 192.168.69.92, host: pr-hdds-2240-577ml-2645996955, networkLocation: /rack1, certSerialId: null}
2019-10-21 21:55:55,668 [pool-149-thread-1] INFO  storage.RaftStorageDirectory (RaftStorageDirectory.java:tryLock(328)) - Lock on /workdir/hadoop-ozone/integration-test/target/test-dir/MiniOzoneClusterImpl-f9df1159-a46e-43dd-90f7-e431812950fc/datanode-0/data/ratis/a6bb1a7d-8f94-4e6d-8023-505aa2a17417/in_use.lock acquired by nodename 30080@pr-hdds-2240-577ml-2645996955
2019-10-21 21:55:55,678 [pool-149-thread-1] INFO  storage.RaftStorage (RaftStorage.java:format(84)) - Storage directory /workdir/hadoop-ozone/integration-test/target/test-dir/MiniOzoneClusterImpl-f9df1159-a46e-43dd-90f7-e431812950fc/datanode-0/data/ratis/a6bb1a7d-8f94-4e6d-8023-505aa2a17417 has been successfully formatted.
2019-10-21 21:55:55,678 [pool-149-thread-1] INFO  ratis.ContainerStateMachine (ContainerStateMachine.java:loadSnapshot(231)) - group-505AA2A17417: The snapshot info is null. Setting the last applied indexto:(t:0, i:~)
2019-10-21 21:55:55,678 [pool-149-thread-1] INFO  server.RaftServerConfigKeys (ConfUtils.java:logGet(43)) - raft.server.notification.no-leader.timeout = 120s (custom)
2019-10-21 21:55:55,679 [pool-149-thread-1] INFO  server.RaftServerConfigKeys (ConfUtils.java:logGet(43)) - raft.server.log.use.memory = false (default)
2019-10-21 21:55:55,679 [pool-149-thread-1] INFO  server.RaftServerConfigKeys (ConfUtils.java:logGet(43)) - raft.server.log.purge.gap = 1000000 (custom)
2019-10-21 21:55:55,679 [pool-149-thread-1] INFO  server.RaftServerConfigKeys (ConfUtils.java:logGet(43)) - raft.server.log.appender.buffer.byte-limit = 33554432 (custom)
2019-10-21 21:55:55,679 [pool-149-thread-1] INFO  server.RaftServerConfigKeys (ConfUtils.java:logGet(43)) - raft.server.log.segment.size.max = 1048576 (custom)
2019-10-21 21:55:55,682 [pool-149-thread-1] INFO  server.RaftServerConfigKeys (ConfUtils.java:logGet(43)) - raft.server.log.segment.cache.num.max = 2 (custom)
2019-10-21 21:55:55,682 [pool-149-thread-1] INFO  segmented.SegmentedRaftLogWorker (SegmentedRaftLogWorker.java:<init>(173)) - new 7b88ca7b-bd9b-4a64-8114-d91a9b2f31f1@group-505AA2A17417-SegmentedRaftLogWorker for RaftStorage:Storage Directory /workdir/hadoop-ozone/integration-test/target/test-dir/MiniOzoneClusterImpl-f9df1159-a46e-43dd-90f7-e431812950fc/datanode-0/data/ratis/a6bb1a7d-8f94-4e6d-8023-505aa2a17417
2019-10-21 21:55:55,682 [pool-149-thread-1] INFO  server.RaftServerConfigKeys (ConfUtils.java:logGet(43)) - raft.server.log.queue.byte-limit = 2147483647 (custom)
2019-10-21 21:55:55,682 [pool-149-thread-1] INFO  server.RaftServerConfigKeys (ConfUtils.java:logGet(43)) - raft.server.log.queue.element-limit = 1024 (custom)
2019-10-21 21:55:55,682 [pool-149-thread-1] INFO  server.RaftServerConfigKeys (ConfUtils.java:logGet(43)) - raft.server.log.segment.size.max = 1048576 (custom)
2019-10-21 21:55:55,682 [pool-149-thread-1] INFO  server.RaftServerConfigKeys (ConfUtils.java:logGet(43)) - raft.server.log.preallocated.size = 16384 (custom)
2019-10-21 21:55:55,683 [pool-149-thread-1] INFO  server.RaftServerConfigKeys (ConfUtils.java:logGet(43)) - raft.server.log.write.buffer.size = 33554432 (custom)
2019-10-21 21:55:55,683 [pool-149-thread-1] INFO  server.RaftServerConfigKeys (ConfUtils.java:logGet(43)) - raft.server.log.force.sync.num = 128 (default)
2019-10-21 21:55:55,683 [pool-149-thread-1] INFO  server.RaftServerConfigKeys (ConfUtils.java:logGet(43)) - raft.server.log.statemachine.data.sync = true (default)
2019-10-21 21:55:55,683 [pool-149-thread-1] INFO  server.RaftServerConfigKeys (ConfUtils.java:logGet(43)) - raft.server.log.statemachine.data.sync.timeout = 10s (default)
2019-10-21 21:55:55,683 [pool-149-thread-1] INFO  server.RaftServerConfigKeys (ConfUtils.java:logGet(43)) - raft.server.log.statemachine.data.sync.timeout.retry = -1 (default)
2019-10-21 21:55:55,684 [pool-149-thread-1] INFO  server.RaftServerConfigKeys (ConfUtils.java:logGet(43)) - raft.server.log.statemachine.data.caching.enabled = true (custom)
2019-10-21 21:55:55,684 [pool-149-thread-1] INFO  segmented.SegmentedRaftLogWorker (SegmentedRaftLogWorker.java:lambda$new$0(128)) - 7b88ca7b-bd9b-4a64-8114-d91a9b2f31f1@group-505AA2A17417-SegmentedRaftLogWorker: flushIndex: setUnconditionally 0 -> -1
2019-10-21 21:55:55,684 [pool-149-thread-1] INFO  server.RaftServerConfigKeys (ConfUtils.java:logGet(43)) - raft.server.snapshot.auto.trigger.enabled = true (custom)
2019-10-21 21:55:55,685 [pool-149-thread-1] INFO  server.RaftServerConfigKeys (ConfUtils.java:logGet(43)) - raft.server.snapshot.auto.trigger.threshold = 10000 (custom)
2019-10-21 21:55:55,685 [pool-149-thread-1] INFO  server.RaftServerConfigKeys (ConfUtils.java:logGet(43)) - raft.server.snapshot.retention.file.num = 5 (custom)
2019-10-21 21:55:55,685 [pool-149-thread-1] INFO  server.RaftServerConfigKeys (ConfUtils.java:logGet(43)) - raft.server.retrycache.expirytime = 600000ms (custom)
2019-10-21 21:55:55,689 [pool-149-thread-1] INFO  impl.RaftServerImpl (RaftServerImpl.java:start(195)) - 7b88ca7b-bd9b-4a64-8114-d91a9b2f31f1@group-505AA2A17417: start as a follower, conf=-1: [7b88ca7b-bd9b-4a64-8114-d91a9b2f31f1:192.168.69.92:38504], old=null
2019-10-21 21:55:55,689 [pool-149-thread-1] INFO  impl.RaftServerImpl (RaftServerImpl.java:setRole(184)) - 7b88ca7b-bd9b-4a64-8114-d91a9b2f31f1@group-505AA2A17417: changes role from      null to FOLLOWER at term 0 for startAsFollower
2019-10-21 21:55:55,689 [pool-149-thread-1] INFO  impl.RoleInfo (RoleInfo.java:updateAndGet(143)) - 7b88ca7b-bd9b-4a64-8114-d91a9b2f31f1: start FollowerState
2019-10-21 21:55:55,701 [pool-149-thread-1] INFO  util.JmxRegister (JmxRegister.java:tryRegister(44)) - Successfully registered JMX Bean with object name Ratis:service=RaftServer,group=group-505AA2A17417,id=7b88ca7b-bd9b-4a64-8114-d91a9b2f31f1
2019-10-21 21:55:55,714 [IPC Server handler 5 on 42327] INFO  net.NetworkTopology (NetworkTopologyImpl.java:add(111)) - Added a new node: /rack1/8d79625f-2c74-448d-b811-8fe783a575f1
2019-10-21 21:55:55,714 [IPC Server handler 5 on 42327] INFO  node.SCMNodeManager (SCMNodeManager.java:register(268)) - Registered Data node : 8d79625f-2c74-448d-b811-8fe783a575f1{ip: 192.168.69.92, host: pr-hdds-2240-577ml-2645996955, networkLocation: /rack1, certSerialId: null}
2019-10-21 21:55:55,715 [RatisPipelineUtilsThread] INFO  pipeline.PipelineStateManager (PipelineStateManager.java:addPipeline(56)) - Created pipeline Pipeline[ Id: a6bb1a7d-8f94-4e6d-8023-505aa2a17417, Nodes: 7b88ca7b-bd9b-4a64-8114-d91a9b2f31f1{ip: 192.168.69.92, host: pr-hdds-2240-577ml-2645996955, networkLocation: /rack1, certSerialId: null}, Type:RATIS, Factor:ONE, State:OPEN]
2019-10-21 21:55:55,722 [grpc-default-executor-6] INFO  impl.RaftServerProxy (RaftServerProxy.java:addNew(89)) - 149f4235-2e38-4d95-abe8-6ba232811729: addNew group-D5C321C67480:[149f4235-2e38-4d95-abe8-6ba232811729:192.168.69.92:32958] returns group-D5C321C67480:java.util.concurrent.CompletableFuture@c47e998[Not completed]
2019-10-21 21:55:55,724 [pool-159-thread-1] INFO  impl.RaftServerImpl (RaftServerImpl.java:<init>(104)) - 149f4235-2e38-4d95-abe8-6ba232811729: new RaftServerImpl for group-D5C321C67480:[149f4235-2e38-4d95-abe8-6ba232811729:192.168.69.92:32958] with ContainerStateMachine:uninitialized
2019-10-21 21:55:55,724 [pool-159-thread-1] INFO  server.RaftServerConfigKeys (ConfUtils.java:logGet(43)) - raft.server.rpc.timeout.min = 1s (custom)
2019-10-21 21:55:55,724 [pool-159-thread-1] INFO  server.RaftServerConfigKeys (ConfUtils.java:logGet(43)) - raft.server.rpc.timeout.max = 1200ms (custom)
2019-10-21 21:55:55,724 [pool-159-thread-1] INFO  server.RaftServerConfigKeys (ConfUtils.java:logGet(43)) - raft.server.rpcslowness.timeout = 120s (custom)
2019-10-21 21:55:55,724 [pool-159-thread-1] INFO  server.RaftServerConfigKeys (ConfUtils.java:logGet(43)) - raft.server.sleep.deviation.threshold = 300 (default)
2019-10-21 21:55:55,724 [pool-159-thread-1] INFO  server.RaftServerConfigKeys (ConfUtils.java:logGet(43)) - raft.server.log.appender.install.snapshot.enabled = false (custom)
2019-10-21 21:55:55,724 [pool-159-thread-1] INFO  impl.RaftServerImpl (ServerState.java:<init>(103)) - 149f4235-2e38-4d95-abe8-6ba232811729@group-D5C321C67480: ConfigurationManager, init=-1: [149f4235-2e38-4d95-abe8-6ba232811729:192.168.69.92:32958], old=null, confs=<EMPTY_MAP>
2019-10-21 21:55:55,724 [pool-159-thread-1] INFO  server.RaftServerConfigKeys (ConfUtils.java:logGet(43)) - raft.server.storage.dir = [/workdir/hadoop-ozone/integration-test/target/test-dir/MiniOzoneClusterImpl-f9df1159-a46e-43dd-90f7-e431812950fc/datanode-1/data/ratis] (custom)
2019-10-21 21:55:55,725 [pool-159-thread-1] INFO  server.RaftServerConfigKeys (ConfUtils.java:logGet(43)) - raft.server.log.corruption.policy = EXCEPTION (default)
2019-10-21 21:55:55,725 [pool-159-thread-1] INFO  storage.RaftStorageDirectory (RaftStorageDirectory.java:analyzeStorage(246)) - The storage directory /workdir/hadoop-ozone/integration-test/target/test-dir/MiniOzoneClusterImpl-f9df1159-a46e-43dd-90f7-e431812950fc/datanode-1/data/ratis/bd19917d-e6a8-4de6-8f74-d5c321c67480 does not exist. Creating ...
2019-10-21 21:55:55,739 [pool-159-thread-1] INFO  storage.RaftStorageDirectory (RaftStorageDirectory.java:tryLock(328)) - Lock on /workdir/hadoop-ozone/integration-test/target/test-dir/MiniOzoneClusterImpl-f9df1159-a46e-43dd-90f7-e431812950fc/datanode-1/data/ratis/bd19917d-e6a8-4de6-8f74-d5c321c67480/in_use.lock acquired by nodename 30080@pr-hdds-2240-577ml-2645996955
2019-10-21 21:55:55,752 [pool-159-thread-1] INFO  storage.RaftStorage (RaftStorage.java:format(84)) - Storage directory /workdir/hadoop-ozone/integration-test/target/test-dir/MiniOzoneClusterImpl-f9df1159-a46e-43dd-90f7-e431812950fc/datanode-1/data/ratis/bd19917d-e6a8-4de6-8f74-d5c321c67480 has been successfully formatted.
2019-10-21 21:55:55,753 [pool-159-thread-1] INFO  ratis.ContainerStateMachine (ContainerStateMachine.java:loadSnapshot(231)) - group-D5C321C67480: The snapshot info is null. Setting the last applied indexto:(t:0, i:~)
2019-10-21 21:55:55,753 [pool-159-thread-1] INFO  server.RaftServerConfigKeys (ConfUtils.java:logGet(43)) - raft.server.notification.no-leader.timeout = 120s (custom)
2019-10-21 21:55:55,753 [pool-159-thread-1] INFO  server.RaftServerConfigKeys (ConfUtils.java:logGet(43)) - raft.server.log.use.memory = false (default)
2019-10-21 21:55:55,753 [pool-159-thread-1] INFO  server.RaftServerConfigKeys (ConfUtils.java:logGet(43)) - raft.server.log.purge.gap = 1000000 (custom)
2019-10-21 21:55:55,753 [pool-159-thread-1] INFO  server.RaftServerConfigKeys (ConfUtils.java:logGet(43)) - raft.server.log.appender.buffer.byte-limit = 33554432 (custom)
2019-10-21 21:55:55,754 [pool-159-thread-1] INFO  server.RaftServerConfigKeys (ConfUtils.java:logGet(43)) - raft.server.log.segment.size.max = 1048576 (custom)
2019-10-21 21:55:55,756 [pool-159-thread-1] INFO  server.RaftServerConfigKeys (ConfUtils.java:logGet(43)) - raft.server.log.segment.cache.num.max = 2 (custom)
2019-10-21 21:55:55,756 [pool-159-thread-1] INFO  segmented.SegmentedRaftLogWorker (SegmentedRaftLogWorker.java:<init>(173)) - new 149f4235-2e38-4d95-abe8-6ba232811729@group-D5C321C67480-SegmentedRaftLogWorker for RaftStorage:Storage Directory /workdir/hadoop-ozone/integration-test/target/test-dir/MiniOzoneClusterImpl-f9df1159-a46e-43dd-90f7-e431812950fc/datanode-1/data/ratis/bd19917d-e6a8-4de6-8f74-d5c321c67480
2019-10-21 21:55:55,757 [pool-159-thread-1] INFO  server.RaftServerConfigKeys (ConfUtils.java:logGet(43)) - raft.server.log.queue.byte-limit = 2147483647 (custom)
2019-10-21 21:55:55,757 [pool-159-thread-1] INFO  server.RaftServerConfigKeys (ConfUtils.java:logGet(43)) - raft.server.log.queue.element-limit = 1024 (custom)
2019-10-21 21:55:55,757 [pool-159-thread-1] INFO  server.RaftServerConfigKeys (ConfUtils.java:logGet(43)) - raft.server.log.segment.size.max = 1048576 (custom)
2019-10-21 21:55:55,757 [pool-159-thread-1] INFO  server.RaftServerConfigKeys (ConfUtils.java:logGet(43)) - raft.server.log.preallocated.size = 16384 (custom)
2019-10-21 21:55:55,757 [pool-159-thread-1] INFO  server.RaftServerConfigKeys (ConfUtils.java:logGet(43)) - raft.server.log.write.buffer.size = 33554432 (custom)
2019-10-21 21:55:55,757 [pool-159-thread-1] INFO  server.RaftServerConfigKeys (ConfUtils.java:logGet(43)) - raft.server.log.force.sync.num = 128 (default)
2019-10-21 21:55:55,757 [pool-159-thread-1] INFO  server.RaftServerConfigKeys (ConfUtils.java:logGet(43)) - raft.server.log.statemachine.data.sync = true (default)
2019-10-21 21:55:55,758 [pool-159-thread-1] INFO  server.RaftServerConfigKeys (ConfUtils.java:logGet(43)) - raft.server.log.statemachine.data.sync.timeout = 10s (default)
2019-10-21 21:55:55,758 [pool-159-thread-1] INFO  server.RaftServerConfigKeys (ConfUtils.java:logGet(43)) - raft.server.log.statemachine.data.sync.timeout.retry = -1 (default)
2019-10-21 21:55:55,758 [pool-159-thread-1] INFO  server.RaftServerConfigKeys (ConfUtils.java:logGet(43)) - raft.server.log.statemachine.data.caching.enabled = true (custom)
2019-10-21 21:55:55,759 [pool-159-thread-1] INFO  segmented.SegmentedRaftLogWorker (SegmentedRaftLogWorker.java:lambda$new$0(128)) - 149f4235-2e38-4d95-abe8-6ba232811729@group-D5C321C67480-SegmentedRaftLogWorker: flushIndex: setUnconditionally 0 -> -1
2019-10-21 21:55:55,759 [pool-159-thread-1] INFO  server.RaftServerConfigKeys (ConfUtils.java:logGet(43)) - raft.server.snapshot.auto.trigger.enabled = true (custom)
2019-10-21 21:55:55,759 [pool-159-thread-1] INFO  server.RaftServerConfigKeys (ConfUtils.java:logGet(43)) - raft.server.snapshot.auto.trigger.threshold = 10000 (custom)
2019-10-21 21:55:55,759 [pool-159-thread-1] INFO  server.RaftServerConfigKeys (ConfUtils.java:logGet(43)) - raft.server.snapshot.retention.file.num = 5 (custom)
2019-10-21 21:55:55,760 [pool-159-thread-1] INFO  server.RaftServerConfigKeys (ConfUtils.java:logGet(43)) - raft.server.retrycache.expirytime = 600000ms (custom)
2019-10-21 21:55:55,764 [pool-159-thread-1] INFO  impl.RaftServerImpl (RaftServerImpl.java:start(195)) - 149f4235-2e38-4d95-abe8-6ba232811729@group-D5C321C67480: start as a follower, conf=-1: [149f4235-2e38-4d95-abe8-6ba232811729:192.168.69.92:32958], old=null
2019-10-21 21:55:55,764 [pool-159-thread-1] INFO  impl.RaftServerImpl (RaftServerImpl.java:setRole(184)) - 149f4235-2e38-4d95-abe8-6ba232811729@group-D5C321C67480: changes role from      null to FOLLOWER at term 0 for startAsFollower
2019-10-21 21:55:55,764 [pool-159-thread-1] INFO  impl.RoleInfo (RoleInfo.java:updateAndGet(143)) - 149f4235-2e38-4d95-abe8-6ba232811729: start FollowerState
2019-10-21 21:55:55,765 [pool-159-thread-1] INFO  util.JmxRegister (JmxRegister.java:tryRegister(44)) - Successfully registered JMX Bean with object name Ratis:service=RaftServer,group=group-D5C321C67480,id=149f4235-2e38-4d95-abe8-6ba232811729
2019-10-21 21:55:55,772 [RatisPipelineUtilsThread] INFO  pipeline.PipelineStateManager (PipelineStateManager.java:addPipeline(56)) - Created pipeline Pipeline[ Id: bd19917d-e6a8-4de6-8f74-d5c321c67480, Nodes: 149f4235-2e38-4d95-abe8-6ba232811729{ip: 192.168.69.92, host: pr-hdds-2240-577ml-2645996955, networkLocation: /rack1, certSerialId: null}, Type:RATIS, Factor:ONE, State:OPEN]
2019-10-21 21:55:55,774 [IPC Server handler 7 on 42327] INFO  net.NetworkTopology (NetworkTopologyImpl.java:add(111)) - Added a new node: /rack1/25026a40-ec59-48c3-bdd0-cf5c1bf30c8c
2019-10-21 21:55:55,774 [IPC Server handler 7 on 42327] INFO  node.SCMNodeManager (SCMNodeManager.java:register(268)) - Registered Data node : 25026a40-ec59-48c3-bdd0-cf5c1bf30c8c{ip: 192.168.69.92, host: pr-hdds-2240-577ml-2645996955, networkLocation: /rack1, certSerialId: null}
2019-10-21 21:55:55,776 [Thread-1885] INFO  impl.FollowerState (FollowerState.java:run(108)) - 149f4235-2e38-4d95-abe8-6ba232811729@group-D5C321C67480-FollowerState: change to CANDIDATE, lastRpcTime:11ms, electionTimeout:11ms
2019-10-21 21:55:55,776 [Thread-1885] INFO  impl.RoleInfo (RoleInfo.java:shutdownFollowerState(121)) - 149f4235-2e38-4d95-abe8-6ba232811729: shutdown FollowerState
2019-10-21 21:55:55,776 [Thread-1885] INFO  impl.RaftServerImpl (RaftServerImpl.java:setRole(184)) - 149f4235-2e38-4d95-abe8-6ba232811729@group-D5C321C67480: changes role from  FOLLOWER to CANDIDATE at term 0 for changeToCandidate
2019-10-21 21:55:55,777 [Thread-1885] INFO  impl.RoleInfo (RoleInfo.java:updateAndGet(143)) - 149f4235-2e38-4d95-abe8-6ba232811729: start LeaderElection
2019-10-21 21:55:55,796 [grpc-default-executor-6] INFO  impl.RaftServerProxy (RaftServerProxy.java:addNew(89)) - 8d79625f-2c74-448d-b811-8fe783a575f1: addNew group-59F6F70AD325:[8d79625f-2c74-448d-b811-8fe783a575f1:192.168.69.92:35698] returns group-59F6F70AD325:java.util.concurrent.CompletableFuture@7caae019[Not completed]
2019-10-21 21:55:55,798 [pool-169-thread-1] INFO  impl.RaftServerImpl (RaftServerImpl.java:<init>(104)) - 8d79625f-2c74-448d-b811-8fe783a575f1: new RaftServerImpl for group-59F6F70AD325:[8d79625f-2c74-448d-b811-8fe783a575f1:192.168.69.92:35698] with ContainerStateMachine:uninitialized
2019-10-21 21:55:55,798 [pool-169-thread-1] INFO  server.RaftServerConfigKeys (ConfUtils.java:logGet(43)) - raft.server.rpc.timeout.min = 1s (custom)
2019-10-21 21:55:55,798 [pool-169-thread-1] INFO  server.RaftServerConfigKeys (ConfUtils.java:logGet(43)) - raft.server.rpc.timeout.max = 1200ms (custom)
2019-10-21 21:55:55,798 [pool-169-thread-1] INFO  server.RaftServerConfigKeys (ConfUtils.java:logGet(43)) - raft.server.rpcslowness.timeout = 120s (custom)
2019-10-21 21:55:55,799 [pool-169-thread-1] INFO  server.RaftServerConfigKeys (ConfUtils.java:logGet(43)) - raft.server.sleep.deviation.threshold = 300 (default)
2019-10-21 21:55:55,799 [pool-169-thread-1] INFO  server.RaftServerConfigKeys (ConfUtils.java:logGet(43)) - raft.server.log.appender.install.snapshot.enabled = false (custom)
2019-10-21 21:55:55,799 [pool-169-thread-1] INFO  impl.RaftServerImpl (ServerState.java:<init>(103)) - 8d79625f-2c74-448d-b811-8fe783a575f1@group-59F6F70AD325: ConfigurationManager, init=-1: [8d79625f-2c74-448d-b811-8fe783a575f1:192.168.69.92:35698], old=null, confs=<EMPTY_MAP>
2019-10-21 21:55:55,799 [pool-169-thread-1] INFO  server.RaftServerConfigKeys (ConfUtils.java:logGet(43)) - raft.server.storage.dir = [/workdir/hadoop-ozone/integration-test/target/test-dir/MiniOzoneClusterImpl-f9df1159-a46e-43dd-90f7-e431812950fc/datanode-2/data/ratis] (custom)
2019-10-21 21:55:55,800 [pool-169-thread-1] INFO  server.RaftServerConfigKeys (ConfUtils.java:logGet(43)) - raft.server.log.corruption.policy = EXCEPTION (default)
2019-10-21 21:55:55,800 [pool-169-thread-1] INFO  storage.RaftStorageDirectory (RaftStorageDirectory.java:analyzeStorage(246)) - The storage directory /workdir/hadoop-ozone/integration-test/target/test-dir/MiniOzoneClusterImpl-f9df1159-a46e-43dd-90f7-e431812950fc/datanode-2/data/ratis/8f7ceedd-90c8-4c76-9579-59f6f70ad325 does not exist. Creating ...
2019-10-21 21:55:55,802 [Thread-1882] INFO  impl.FollowerState (FollowerState.java:run(108)) - 7b88ca7b-bd9b-4a64-8114-d91a9b2f31f1@group-505AA2A17417-FollowerState: change to CANDIDATE, lastRpcTime:113ms, electionTimeout:113ms
2019-10-21 21:55:55,803 [Thread-1882] INFO  impl.RoleInfo (RoleInfo.java:shutdownFollowerState(121)) - 7b88ca7b-bd9b-4a64-8114-d91a9b2f31f1: shutdown FollowerState
2019-10-21 21:55:55,803 [Thread-1882] INFO  impl.RaftServerImpl (RaftServerImpl.java:setRole(184)) - 7b88ca7b-bd9b-4a64-8114-d91a9b2f31f1@group-505AA2A17417: changes role from  FOLLOWER to CANDIDATE at term 0 for changeToCandidate
2019-10-21 21:55:55,803 [Thread-1882] INFO  impl.RoleInfo (RoleInfo.java:updateAndGet(143)) - 7b88ca7b-bd9b-4a64-8114-d91a9b2f31f1: start LeaderElection
2019-10-21 21:55:55,810 [pool-169-thread-1] INFO  storage.RaftStorageDirectory (RaftStorageDirectory.java:tryLock(328)) - Lock on /workdir/hadoop-ozone/integration-test/target/test-dir/MiniOzoneClusterImpl-f9df1159-a46e-43dd-90f7-e431812950fc/datanode-2/data/ratis/8f7ceedd-90c8-4c76-9579-59f6f70ad325/in_use.lock acquired by nodename 30080@pr-hdds-2240-577ml-2645996955
2019-10-21 21:55:55,810 [149f4235-2e38-4d95-abe8-6ba232811729@group-D5C321C67480-LeaderElection156] INFO  impl.LeaderElection (LeaderElection.java:askForVotes(178)) - 149f4235-2e38-4d95-abe8-6ba232811729@group-D5C321C67480-LeaderElection156: begin an election at term 1 for -1: [149f4235-2e38-4d95-abe8-6ba232811729:192.168.69.92:32958], old=null
2019-10-21 21:55:55,810 [7b88ca7b-bd9b-4a64-8114-d91a9b2f31f1@group-505AA2A17417-LeaderElection157] INFO  impl.LeaderElection (LeaderElection.java:askForVotes(178)) - 7b88ca7b-bd9b-4a64-8114-d91a9b2f31f1@group-505AA2A17417-LeaderElection157: begin an election at term 1 for -1: [7b88ca7b-bd9b-4a64-8114-d91a9b2f31f1:192.168.69.92:38504], old=null
2019-10-21 21:55:55,810 [149f4235-2e38-4d95-abe8-6ba232811729@group-D5C321C67480-LeaderElection156] INFO  impl.RoleInfo (RoleInfo.java:shutdownLeaderElection(134)) - 149f4235-2e38-4d95-abe8-6ba232811729: shutdown LeaderElection
2019-10-21 21:55:55,810 [7b88ca7b-bd9b-4a64-8114-d91a9b2f31f1@group-505AA2A17417-LeaderElection157] INFO  impl.RoleInfo (RoleInfo.java:shutdownLeaderElection(134)) - 7b88ca7b-bd9b-4a64-8114-d91a9b2f31f1: shutdown LeaderElection
2019-10-21 21:55:55,810 [149f4235-2e38-4d95-abe8-6ba232811729@group-D5C321C67480-LeaderElection156] INFO  impl.RaftServerImpl (RaftServerImpl.java:setRole(184)) - 149f4235-2e38-4d95-abe8-6ba232811729@group-D5C321C67480: changes role from CANDIDATE to LEADER at term 1 for changeToLeader
2019-10-21 21:55:55,810 [7b88ca7b-bd9b-4a64-8114-d91a9b2f31f1@group-505AA2A17417-LeaderElection157] INFO  impl.RaftServerImpl (RaftServerImpl.java:setRole(184)) - 7b88ca7b-bd9b-4a64-8114-d91a9b2f31f1@group-505AA2A17417: changes role from CANDIDATE to LEADER at term 1 for changeToLeader
2019-10-21 21:55:55,810 [149f4235-2e38-4d95-abe8-6ba232811729@group-D5C321C67480-LeaderElection156] INFO  impl.RaftServerImpl (ServerState.java:setLeader(256)) - 149f4235-2e38-4d95-abe8-6ba232811729@group-D5C321C67480: change Leader from null to 149f4235-2e38-4d95-abe8-6ba232811729 at term 1 for becomeLeader, leader elected after 57ms
2019-10-21 21:55:55,810 [7b88ca7b-bd9b-4a64-8114-d91a9b2f31f1@group-505AA2A17417-LeaderElection157] INFO  impl.RaftServerImpl (ServerState.java:setLeader(256)) - 7b88ca7b-bd9b-4a64-8114-d91a9b2f31f1@group-505AA2A17417: change Leader from null to 7b88ca7b-bd9b-4a64-8114-d91a9b2f31f1 at term 1 for becomeLeader, leader elected after 131ms
2019-10-21 21:55:55,810 [149f4235-2e38-4d95-abe8-6ba232811729@group-D5C321C67480-LeaderElection156] INFO  server.RaftServerConfigKeys (ConfUtils.java:logGet(43)) - raft.server.staging.catchup.gap = 1000 (default)
2019-10-21 21:55:55,811 [7b88ca7b-bd9b-4a64-8114-d91a9b2f31f1@group-505AA2A17417-LeaderElection157] INFO  server.RaftServerConfigKeys (ConfUtils.java:logGet(43)) - raft.server.staging.catchup.gap = 1000 (default)
2019-10-21 21:55:55,811 [149f4235-2e38-4d95-abe8-6ba232811729@group-D5C321C67480-LeaderElection156] INFO  server.RaftServerConfigKeys (ConfUtils.java:logGet(43)) - raft.server.rpc.sleep.time = 25ms (default)
2019-10-21 21:55:55,811 [7b88ca7b-bd9b-4a64-8114-d91a9b2f31f1@group-505AA2A17417-LeaderElection157] INFO  server.RaftServerConfigKeys (ConfUtils.java:logGet(43)) - raft.server.rpc.sleep.time = 25ms (default)
2019-10-21 21:55:55,811 [149f4235-2e38-4d95-abe8-6ba232811729@group-D5C321C67480-LeaderElection156] INFO  server.RaftServerConfigKeys (ConfUtils.java:logGet(43)) - raft.server.write.element-limit = 4096 (default)
2019-10-21 21:55:55,811 [7b88ca7b-bd9b-4a64-8114-d91a9b2f31f1@group-505AA2A17417-LeaderElection157] INFO  server.RaftServerConfigKeys (ConfUtils.java:logGet(43)) - raft.server.write.element-limit = 4096 (default)
2019-10-21 21:55:55,811 [149f4235-2e38-4d95-abe8-6ba232811729@group-D5C321C67480-LeaderElection156] INFO  server.RaftServerConfigKeys (ConfUtils.java:logGet(43)) - raft.server.watch.timeout = 10s (default)
2019-10-21 21:55:55,811 [7b88ca7b-bd9b-4a64-8114-d91a9b2f31f1@group-505AA2A17417-LeaderElection157] INFO  server.RaftServerConfigKeys (ConfUtils.java:logGet(43)) - raft.server.watch.timeout = 10s (default)
2019-10-21 21:55:55,811 [149f4235-2e38-4d95-abe8-6ba232811729@group-D5C321C67480-LeaderElection156] INFO  server.RaftServerConfigKeys (ConfUtils.java:logGet(43)) - raft.server.watch.timeout.denomination = 1s (default)
2019-10-21 21:55:55,811 [7b88ca7b-bd9b-4a64-8114-d91a9b2f31f1@group-505AA2A17417-LeaderElection157] INFO  server.RaftServerConfigKeys (ConfUtils.java:logGet(43)) - raft.server.watch.timeout.denomination = 1s (default)
2019-10-21 21:55:55,811 [149f4235-2e38-4d95-abe8-6ba232811729@group-D5C321C67480-LeaderElection156] INFO  server.RaftServerConfigKeys (ConfUtils.java:logGet(43)) - raft.server.watch.element-limit = 65536 (default)
2019-10-21 21:55:55,811 [7b88ca7b-bd9b-4a64-8114-d91a9b2f31f1@group-505AA2A17417-LeaderElection157] INFO  server.RaftServerConfigKeys (ConfUtils.java:logGet(43)) - raft.server.watch.element-limit = 65536 (default)
2019-10-21 21:55:55,814 [149f4235-2e38-4d95-abe8-6ba232811729@group-D5C321C67480-LeaderElection156] INFO  impl.RoleInfo (RoleInfo.java:updateAndGet(143)) - 149f4235-2e38-4d95-abe8-6ba232811729: start LeaderState
2019-10-21 21:55:55,814 [149f4235-2e38-4d95-abe8-6ba232811729@group-D5C321C67480-LeaderElection156] INFO  segmented.SegmentedRaftLogWorker (SegmentedRaftLogWorker.java:startLogSegment(385)) - 149f4235-2e38-4d95-abe8-6ba232811729@group-D5C321C67480-SegmentedRaftLogWorker: Starting segment from index:0
2019-10-21 21:55:55,814 [7b88ca7b-bd9b-4a64-8114-d91a9b2f31f1@group-505AA2A17417-LeaderElection157] INFO  impl.RoleInfo (RoleInfo.java:updateAndGet(143)) - 7b88ca7b-bd9b-4a64-8114-d91a9b2f31f1: start LeaderState
2019-10-21 21:55:55,814 [149f4235-2e38-4d95-abe8-6ba232811729@group-D5C321C67480-LeaderElection156] INFO  impl.RaftServerImpl (ServerState.java:setRaftConf(357)) - 149f4235-2e38-4d95-abe8-6ba232811729@group-D5C321C67480: set configuration 0: [149f4235-2e38-4d95-abe8-6ba232811729:192.168.69.92:32958], old=null at 0
2019-10-21 21:55:55,814 [7b88ca7b-bd9b-4a64-8114-d91a9b2f31f1@group-505AA2A17417-LeaderElection157] INFO  segmented.SegmentedRaftLogWorker (SegmentedRaftLogWorker.java:startLogSegment(385)) - 7b88ca7b-bd9b-4a64-8114-d91a9b2f31f1@group-505AA2A17417-SegmentedRaftLogWorker: Starting segment from index:0
2019-10-21 21:55:55,818 [7b88ca7b-bd9b-4a64-8114-d91a9b2f31f1@group-505AA2A17417-LeaderElection157] INFO  impl.RaftServerImpl (ServerState.java:setRaftConf(357)) - 7b88ca7b-bd9b-4a64-8114-d91a9b2f31f1@group-505AA2A17417: set configuration 0: [7b88ca7b-bd9b-4a64-8114-d91a9b2f31f1:192.168.69.92:38504], old=null at 0
2019-10-21 21:55:55,852 [pool-169-thread-1] INFO  storage.RaftStorage (RaftStorage.java:format(84)) - Storage directory /workdir/hadoop-ozone/integration-test/target/test-dir/MiniOzoneClusterImpl-f9df1159-a46e-43dd-90f7-e431812950fc/datanode-2/data/ratis/8f7ceedd-90c8-4c76-9579-59f6f70ad325 has been successfully formatted.
2019-10-21 21:55:55,853 [pool-169-thread-1] INFO  ratis.ContainerStateMachine (ContainerStateMachine.java:loadSnapshot(231)) - group-59F6F70AD325: The snapshot info is null. Setting the last applied indexto:(t:0, i:~)
2019-10-21 21:55:55,853 [pool-169-thread-1] INFO  server.RaftServerConfigKeys (ConfUtils.java:logGet(43)) - raft.server.notification.no-leader.timeout = 120s (custom)
2019-10-21 21:55:55,853 [pool-169-thread-1] INFO  server.RaftServerConfigKeys (ConfUtils.java:logGet(43)) - raft.server.log.use.memory = false (default)
2019-10-21 21:55:55,853 [pool-169-thread-1] INFO  server.RaftServerConfigKeys (ConfUtils.java:logGet(43)) - raft.server.log.purge.gap = 1000000 (custom)
2019-10-21 21:55:55,853 [pool-169-thread-1] INFO  server.RaftServerConfigKeys (ConfUtils.java:logGet(43)) - raft.server.log.appender.buffer.byte-limit = 33554432 (custom)
2019-10-21 21:55:55,854 [pool-169-thread-1] INFO  server.RaftServerConfigKeys (ConfUtils.java:logGet(43)) - raft.server.log.segment.size.max = 1048576 (custom)
2019-10-21 21:55:55,854 [IPC Server handler 10 on 42327] INFO  net.NetworkTopology (NetworkTopologyImpl.java:add(111)) - Added a new node: /rack1/7c4ddf80-db3d-4d0c-b4eb-75f8718eed44
2019-10-21 21:55:55,854 [IPC Server handler 10 on 42327] INFO  node.SCMNodeManager (SCMNodeManager.java:register(268)) - Registered Data node : 7c4ddf80-db3d-4d0c-b4eb-75f8718eed44{ip: 192.168.69.92, host: pr-hdds-2240-577ml-2645996955, networkLocation: /rack1, certSerialId: null}
2019-10-21 21:55:55,856 [pool-169-thread-1] INFO  server.RaftServerConfigKeys (ConfUtils.java:logGet(43)) - raft.server.log.segment.cache.num.max = 2 (custom)
2019-10-21 21:55:55,856 [pool-169-thread-1] INFO  segmented.SegmentedRaftLogWorker (SegmentedRaftLogWorker.java:<init>(173)) - new 8d79625f-2c74-448d-b811-8fe783a575f1@group-59F6F70AD325-SegmentedRaftLogWorker for RaftStorage:Storage Directory /workdir/hadoop-ozone/integration-test/target/test-dir/MiniOzoneClusterImpl-f9df1159-a46e-43dd-90f7-e431812950fc/datanode-2/data/ratis/8f7ceedd-90c8-4c76-9579-59f6f70ad325
2019-10-21 21:55:55,856 [pool-169-thread-1] INFO  server.RaftServerConfigKeys (ConfUtils.java:logGet(43)) - raft.server.log.queue.byte-limit = 2147483647 (custom)
2019-10-21 21:55:55,857 [pool-169-thread-1] INFO  server.RaftServerConfigKeys (ConfUtils.java:logGet(43)) - raft.server.log.queue.element-limit = 1024 (custom)
2019-10-21 21:55:55,857 [pool-169-thread-1] INFO  server.RaftServerConfigKeys (ConfUtils.java:logGet(43)) - raft.server.log.segment.size.max = 1048576 (custom)
2019-10-21 21:55:55,857 [pool-169-thread-1] INFO  server.RaftServerConfigKeys (ConfUtils.java:logGet(43)) - raft.server.log.preallocated.size = 16384 (custom)
2019-10-21 21:55:55,857 [pool-169-thread-1] INFO  server.RaftServerConfigKeys (ConfUtils.java:logGet(43)) - raft.server.log.write.buffer.size = 33554432 (custom)
2019-10-21 21:55:55,857 [pool-169-thread-1] INFO  server.RaftServerConfigKeys (ConfUtils.java:logGet(43)) - raft.server.log.force.sync.num = 128 (default)
2019-10-21 21:55:55,857 [pool-169-thread-1] INFO  server.RaftServerConfigKeys (ConfUtils.java:logGet(43)) - raft.server.log.statemachine.data.sync = true (default)
2019-10-21 21:55:55,857 [pool-169-thread-1] INFO  server.RaftServerConfigKeys (ConfUtils.java:logGet(43)) - raft.server.log.statemachine.data.sync.timeout = 10s (default)
2019-10-21 21:55:55,858 [pool-169-thread-1] INFO  server.RaftServerConfigKeys (ConfUtils.java:logGet(43)) - raft.server.log.statemachine.data.sync.timeout.retry = -1 (default)
2019-10-21 21:55:55,858 [pool-169-thread-1] INFO  server.RaftServerConfigKeys (ConfUtils.java:logGet(43)) - raft.server.log.statemachine.data.caching.enabled = true (custom)
2019-10-21 21:55:55,858 [pool-169-thread-1] INFO  segmented.SegmentedRaftLogWorker (SegmentedRaftLogWorker.java:lambda$new$0(128)) - 8d79625f-2c74-448d-b811-8fe783a575f1@group-59F6F70AD325-SegmentedRaftLogWorker: flushIndex: setUnconditionally 0 -> -1
2019-10-21 21:55:55,859 [pool-169-thread-1] INFO  server.RaftServerConfigKeys (ConfUtils.java:logGet(43)) - raft.server.snapshot.auto.trigger.enabled = true (custom)
2019-10-21 21:55:55,859 [pool-169-thread-1] INFO  server.RaftServerConfigKeys (ConfUtils.java:logGet(43)) - raft.server.snapshot.auto.trigger.threshold = 10000 (custom)
2019-10-21 21:55:55,859 [pool-169-thread-1] INFO  server.RaftServerConfigKeys (ConfUtils.java:logGet(43)) - raft.server.snapshot.retention.file.num = 5 (custom)
2019-10-21 21:55:55,859 [pool-169-thread-1] INFO  server.RaftServerConfigKeys (ConfUtils.java:logGet(43)) - raft.server.retrycache.expirytime = 600000ms (custom)
2019-10-21 21:55:55,863 [pool-169-thread-1] INFO  impl.RaftServerImpl (RaftServerImpl.java:start(195)) - 8d79625f-2c74-448d-b811-8fe783a575f1@group-59F6F70AD325: start as a follower, conf=-1: [8d79625f-2c74-448d-b811-8fe783a575f1:192.168.69.92:35698], old=null
2019-10-21 21:55:55,863 [pool-169-thread-1] INFO  impl.RaftServerImpl (RaftServerImpl.java:setRole(184)) - 8d79625f-2c74-448d-b811-8fe783a575f1@group-59F6F70AD325: changes role from      null to FOLLOWER at term 0 for startAsFollower
2019-10-21 21:55:55,863 [pool-169-thread-1] INFO  impl.RoleInfo (RoleInfo.java:updateAndGet(143)) - 8d79625f-2c74-448d-b811-8fe783a575f1: start FollowerState
2019-10-21 21:55:55,864 [pool-169-thread-1] INFO  util.JmxRegister (JmxRegister.java:tryRegister(44)) - Successfully registered JMX Bean with object name Ratis:service=RaftServer,group=group-59F6F70AD325,id=8d79625f-2c74-448d-b811-8fe783a575f1
2019-10-21 21:55:55,866 [149f4235-2e38-4d95-abe8-6ba232811729@group-D5C321C67480-SegmentedRaftLogWorker] INFO  segmented.SegmentedRaftLogWorker (SegmentedRaftLogWorker.java:execute(576)) - 149f4235-2e38-4d95-abe8-6ba232811729@group-D5C321C67480-SegmentedRaftLogWorker: created new log segment /workdir/hadoop-ozone/integration-test/target/test-dir/MiniOzoneClusterImpl-f9df1159-a46e-43dd-90f7-e431812950fc/datanode-1/data/ratis/bd19917d-e6a8-4de6-8f74-d5c321c67480/current/log_inprogress_0
2019-10-21 21:55:55,868 [RatisPipelineUtilsThread] INFO  pipeline.PipelineStateManager (PipelineStateManager.java:addPipeline(56)) - Created pipeline Pipeline[ Id: 8f7ceedd-90c8-4c76-9579-59f6f70ad325, Nodes: 8d79625f-2c74-448d-b811-8fe783a575f1{ip: 192.168.69.92, host: pr-hdds-2240-577ml-2645996955, networkLocation: /rack1, certSerialId: null}, Type:RATIS, Factor:ONE, State:OPEN]
2019-10-21 21:55:55,902 [grpc-default-executor-6] INFO  impl.RaftServerProxy (RaftServerProxy.java:addNew(89)) - 7c4ddf80-db3d-4d0c-b4eb-75f8718eed44: addNew group-DBBE1707D913:[7c4ddf80-db3d-4d0c-b4eb-75f8718eed44:192.168.69.92:34489] returns group-DBBE1707D913:java.util.concurrent.CompletableFuture@3b495f5c[Not completed]
2019-10-21 21:55:55,903 [pool-189-thread-1] INFO  impl.RaftServerImpl (RaftServerImpl.java:<init>(104)) - 7c4ddf80-db3d-4d0c-b4eb-75f8718eed44: new RaftServerImpl for group-DBBE1707D913:[7c4ddf80-db3d-4d0c-b4eb-75f8718eed44:192.168.69.92:34489] with ContainerStateMachine:uninitialized
2019-10-21 21:55:55,903 [pool-189-thread-1] INFO  server.RaftServerConfigKeys (ConfUtils.java:logGet(43)) - raft.server.rpc.timeout.min = 1s (custom)
2019-10-21 21:55:55,903 [pool-189-thread-1] INFO  server.RaftServerConfigKeys (ConfUtils.java:logGet(43)) - raft.server.rpc.timeout.max = 1200ms (custom)
2019-10-21 21:55:55,903 [pool-189-thread-1] INFO  server.RaftServerConfigKeys (ConfUtils.java:logGet(43)) - raft.server.rpcslowness.timeout = 120s (custom)
2019-10-21 21:55:55,904 [pool-189-thread-1] INFO  server.RaftServerConfigKeys (ConfUtils.java:logGet(43)) - raft.server.sleep.deviation.threshold = 300 (default)
2019-10-21 21:55:55,904 [pool-189-thread-1] INFO  server.RaftServerConfigKeys (ConfUtils.java:logGet(43)) - raft.server.log.appender.install.snapshot.enabled = false (custom)
2019-10-21 21:55:55,904 [pool-189-thread-1] INFO  impl.RaftServerImpl (ServerState.java:<init>(103)) - 7c4ddf80-db3d-4d0c-b4eb-75f8718eed44@group-DBBE1707D913: ConfigurationManager, init=-1: [7c4ddf80-db3d-4d0c-b4eb-75f8718eed44:192.168.69.92:34489], old=null, confs=<EMPTY_MAP>
2019-10-21 21:55:55,904 [pool-189-thread-1] INFO  server.RaftServerConfigKeys (ConfUtils.java:logGet(43)) - raft.server.storage.dir = [/workdir/hadoop-ozone/integration-test/target/test-dir/MiniOzoneClusterImpl-f9df1159-a46e-43dd-90f7-e431812950fc/datanode-4/data/ratis] (custom)
2019-10-21 21:55:55,904 [pool-189-thread-1] INFO  server.RaftServerConfigKeys (ConfUtils.java:logGet(43)) - raft.server.log.corruption.policy = EXCEPTION (default)
2019-10-21 21:55:55,904 [pool-189-thread-1] INFO  storage.RaftStorageDirectory (RaftStorageDirectory.java:analyzeStorage(246)) - The storage directory /workdir/hadoop-ozone/integration-test/target/test-dir/MiniOzoneClusterImpl-f9df1159-a46e-43dd-90f7-e431812950fc/datanode-4/data/ratis/db36a926-98b2-4388-bdda-dbbe1707d913 does not exist. Creating ...
2019-10-21 21:55:55,906 [IPC Server handler 13 on 42327] INFO  net.NetworkTopology (NetworkTopologyImpl.java:add(111)) - Added a new node: /rack1/683a42e8-804c-4291-9261-2bc66677cfab
2019-10-21 21:55:55,907 [IPC Server handler 13 on 42327] INFO  node.SCMNodeManager (SCMNodeManager.java:register(268)) - Registered Data node : 683a42e8-804c-4291-9261-2bc66677cfab{ip: 192.168.69.92, host: pr-hdds-2240-577ml-2645996955, networkLocation: /rack1, certSerialId: null}
2019-10-21 21:55:55,908 [pool-189-thread-1] INFO  storage.RaftStorageDirectory (RaftStorageDirectory.java:tryLock(328)) - Lock on /workdir/hadoop-ozone/integration-test/target/test-dir/MiniOzoneClusterImpl-f9df1159-a46e-43dd-90f7-e431812950fc/datanode-4/data/ratis/db36a926-98b2-4388-bdda-dbbe1707d913/in_use.lock acquired by nodename 30080@pr-hdds-2240-577ml-2645996955
2019-10-21 21:55:55,908 [7b88ca7b-bd9b-4a64-8114-d91a9b2f31f1@group-505AA2A17417-SegmentedRaftLogWorker] INFO  segmented.SegmentedRaftLogWorker (SegmentedRaftLogWorker.java:execute(576)) - 7b88ca7b-bd9b-4a64-8114-d91a9b2f31f1@group-505AA2A17417-SegmentedRaftLogWorker: created new log segment /workdir/hadoop-ozone/integration-test/target/test-dir/MiniOzoneClusterImpl-f9df1159-a46e-43dd-90f7-e431812950fc/datanode-0/data/ratis/a6bb1a7d-8f94-4e6d-8023-505aa2a17417/current/log_inprogress_0
2019-10-21 21:55:55,922 [pool-189-thread-1] INFO  storage.RaftStorage (RaftStorage.java:format(84)) - Storage directory /workdir/hadoop-ozone/integration-test/target/test-dir/MiniOzoneClusterImpl-f9df1159-a46e-43dd-90f7-e431812950fc/datanode-4/data/ratis/db36a926-98b2-4388-bdda-dbbe1707d913 has been successfully formatted.
2019-10-21 21:55:55,923 [pool-189-thread-1] INFO  ratis.ContainerStateMachine (ContainerStateMachine.java:loadSnapshot(231)) - group-DBBE1707D913: The snapshot info is null. Setting the last applied indexto:(t:0, i:~)
2019-10-21 21:55:55,923 [pool-189-thread-1] INFO  server.RaftServerConfigKeys (ConfUtils.java:logGet(43)) - raft.server.notification.no-leader.timeout = 120s (custom)
2019-10-21 21:55:55,923 [pool-189-thread-1] INFO  server.RaftServerConfigKeys (ConfUtils.java:logGet(43)) - raft.server.log.use.memory = false (default)
2019-10-21 21:55:55,923 [pool-189-thread-1] INFO  server.RaftServerConfigKeys (ConfUtils.java:logGet(43)) - raft.server.log.purge.gap = 1000000 (custom)
2019-10-21 21:55:55,923 [pool-189-thread-1] INFO  server.RaftServerConfigKeys (ConfUtils.java:logGet(43)) - raft.server.log.appender.buffer.byte-limit = 33554432 (custom)
2019-10-21 21:55:55,924 [pool-189-thread-1] INFO  server.RaftServerConfigKeys (ConfUtils.java:logGet(43)) - raft.server.log.segment.size.max = 1048576 (custom)
2019-10-21 21:55:55,926 [pool-189-thread-1] INFO  server.RaftServerConfigKeys (ConfUtils.java:logGet(43)) - raft.server.log.segment.cache.num.max = 2 (custom)
2019-10-21 21:55:55,926 [pool-189-thread-1] INFO  segmented.SegmentedRaftLogWorker (SegmentedRaftLogWorker.java:<init>(173)) - new 7c4ddf80-db3d-4d0c-b4eb-75f8718eed44@group-DBBE1707D913-SegmentedRaftLogWorker for RaftStorage:Storage Directory /workdir/hadoop-ozone/integration-test/target/test-dir/MiniOzoneClusterImpl-f9df1159-a46e-43dd-90f7-e431812950fc/datanode-4/data/ratis/db36a926-98b2-4388-bdda-dbbe1707d913
2019-10-21 21:55:55,926 [pool-189-thread-1] INFO  server.RaftServerConfigKeys (ConfUtils.java:logGet(43)) - raft.server.log.queue.byte-limit = 2147483647 (custom)
2019-10-21 21:55:55,926 [pool-189-thread-1] INFO  server.RaftServerConfigKeys (ConfUtils.java:logGet(43)) - raft.server.log.queue.element-limit = 1024 (custom)
2019-10-21 21:55:55,926 [pool-189-thread-1] INFO  server.RaftServerConfigKeys (ConfUtils.java:logGet(43)) - raft.server.log.segment.size.max = 1048576 (custom)
2019-10-21 21:55:55,926 [pool-189-thread-1] INFO  server.RaftServerConfigKeys (ConfUtils.java:logGet(43)) - raft.server.log.preallocated.size = 16384 (custom)
2019-10-21 21:55:55,927 [pool-189-thread-1] INFO  server.RaftServerConfigKeys (ConfUtils.java:logGet(43)) - raft.server.log.write.buffer.size = 33554432 (custom)
2019-10-21 21:55:55,927 [pool-189-thread-1] INFO  server.RaftServerConfigKeys (ConfUtils.java:logGet(43)) - raft.server.log.force.sync.num = 128 (default)
2019-10-21 21:55:55,927 [pool-189-thread-1] INFO  server.RaftServerConfigKeys (ConfUtils.java:logGet(43)) - raft.server.log.statemachine.data.sync = true (default)
2019-10-21 21:55:55,927 [pool-189-thread-1] INFO  server.RaftServerConfigKeys (ConfUtils.java:logGet(43)) - raft.server.log.statemachine.data.sync.timeout = 10s (default)
2019-10-21 21:55:55,927 [pool-189-thread-1] INFO  server.RaftServerConfigKeys (ConfUtils.java:logGet(43)) - raft.server.log.statemachine.data.sync.timeout.retry = -1 (default)
2019-10-21 21:55:55,928 [pool-189-thread-1] INFO  server.RaftServerConfigKeys (ConfUtils.java:logGet(43)) - raft.server.log.statemachine.data.caching.enabled = true (custom)
2019-10-21 21:55:55,928 [pool-189-thread-1] INFO  segmented.SegmentedRaftLogWorker (SegmentedRaftLogWorker.java:lambda$new$0(128)) - 7c4ddf80-db3d-4d0c-b4eb-75f8718eed44@group-DBBE1707D913-SegmentedRaftLogWorker: flushIndex: setUnconditionally 0 -> -1
2019-10-21 21:55:55,928 [pool-189-thread-1] INFO  server.RaftServerConfigKeys (ConfUtils.java:logGet(43)) - raft.server.snapshot.auto.trigger.enabled = true (custom)
2019-10-21 21:55:55,928 [pool-189-thread-1] INFO  server.RaftServerConfigKeys (ConfUtils.java:logGet(43)) - raft.server.snapshot.auto.trigger.threshold = 10000 (custom)
2019-10-21 21:55:55,929 [pool-189-thread-1] INFO  server.RaftServerConfigKeys (ConfUtils.java:logGet(43)) - raft.server.snapshot.retention.file.num = 5 (custom)
2019-10-21 21:55:55,929 [pool-189-thread-1] INFO  server.RaftServerConfigKeys (ConfUtils.java:logGet(43)) - raft.server.retrycache.expirytime = 600000ms (custom)
2019-10-21 21:55:55,933 [pool-189-thread-1] INFO  impl.RaftServerImpl (RaftServerImpl.java:start(195)) - 7c4ddf80-db3d-4d0c-b4eb-75f8718eed44@group-DBBE1707D913: start as a follower, conf=-1: [7c4ddf80-db3d-4d0c-b4eb-75f8718eed44:192.168.69.92:34489], old=null
2019-10-21 21:55:55,933 [pool-189-thread-1] INFO  impl.RaftServerImpl (RaftServerImpl.java:setRole(184)) - 7c4ddf80-db3d-4d0c-b4eb-75f8718eed44@group-DBBE1707D913: changes role from      null to FOLLOWER at term 0 for startAsFollower
2019-10-21 21:55:55,933 [pool-189-thread-1] INFO  impl.RoleInfo (RoleInfo.java:updateAndGet(143)) - 7c4ddf80-db3d-4d0c-b4eb-75f8718eed44: start FollowerState
2019-10-21 21:55:55,933 [pool-189-thread-1] INFO  util.JmxRegister (JmxRegister.java:tryRegister(44)) - Successfully registered JMX Bean with object name Ratis:service=RaftServer,group=group-DBBE1707D913,id=7c4ddf80-db3d-4d0c-b4eb-75f8718eed44
2019-10-21 21:55:55,938 [RatisPipelineUtilsThread] INFO  pipeline.PipelineStateManager (PipelineStateManager.java:addPipeline(56)) - Created pipeline Pipeline[ Id: db36a926-98b2-4388-bdda-dbbe1707d913, Nodes: 7c4ddf80-db3d-4d0c-b4eb-75f8718eed44{ip: 192.168.69.92, host: pr-hdds-2240-577ml-2645996955, networkLocation: /rack1, certSerialId: null}, Type:RATIS, Factor:ONE, State:OPEN]
2019-10-21 21:55:55,945 [grpc-default-executor-6] INFO  impl.RaftServerProxy (RaftServerProxy.java:addNew(89)) - 683a42e8-804c-4291-9261-2bc66677cfab: addNew group-85818134391C:[683a42e8-804c-4291-9261-2bc66677cfab:192.168.69.92:38974] returns group-85818134391C:java.util.concurrent.CompletableFuture@6faedc29[Not completed]
2019-10-21 21:55:55,946 [pool-199-thread-1] INFO  impl.RaftServerImpl (RaftServerImpl.java:<init>(104)) - 683a42e8-804c-4291-9261-2bc66677cfab: new RaftServerImpl for group-85818134391C:[683a42e8-804c-4291-9261-2bc66677cfab:192.168.69.92:38974] with ContainerStateMachine:uninitialized
2019-10-21 21:55:55,946 [pool-199-thread-1] INFO  server.RaftServerConfigKeys (ConfUtils.java:logGet(43)) - raft.server.rpc.timeout.min = 1s (custom)
2019-10-21 21:55:55,946 [pool-199-thread-1] INFO  server.RaftServerConfigKeys (ConfUtils.java:logGet(43)) - raft.server.rpc.timeout.max = 1200ms (custom)
2019-10-21 21:55:55,946 [pool-199-thread-1] INFO  server.RaftServerConfigKeys (ConfUtils.java:logGet(43)) - raft.server.rpcslowness.timeout = 120s (custom)
2019-10-21 21:55:55,947 [pool-199-thread-1] INFO  server.RaftServerConfigKeys (ConfUtils.java:logGet(43)) - raft.server.sleep.deviation.threshold = 300 (default)
2019-10-21 21:55:55,947 [pool-199-thread-1] INFO  server.RaftServerConfigKeys (ConfUtils.java:logGet(43)) - raft.server.log.appender.install.snapshot.enabled = false (custom)
2019-10-21 21:55:55,947 [pool-199-thread-1] INFO  impl.RaftServerImpl (ServerState.java:<init>(103)) - 683a42e8-804c-4291-9261-2bc66677cfab@group-85818134391C: ConfigurationManager, init=-1: [683a42e8-804c-4291-9261-2bc66677cfab:192.168.69.92:38974], old=null, confs=<EMPTY_MAP>
2019-10-21 21:55:55,947 [pool-199-thread-1] INFO  server.RaftServerConfigKeys (ConfUtils.java:logGet(43)) - raft.server.storage.dir = [/workdir/hadoop-ozone/integration-test/target/test-dir/MiniOzoneClusterImpl-f9df1159-a46e-43dd-90f7-e431812950fc/datanode-5/data/ratis] (custom)
2019-10-21 21:55:55,947 [pool-199-thread-1] INFO  server.RaftServerConfigKeys (ConfUtils.java:logGet(43)) - raft.server.log.corruption.policy = EXCEPTION (default)
2019-10-21 21:55:55,947 [pool-199-thread-1] INFO  storage.RaftStorageDirectory (RaftStorageDirectory.java:analyzeStorage(246)) - The storage directory /workdir/hadoop-ozone/integration-test/target/test-dir/MiniOzoneClusterImpl-f9df1159-a46e-43dd-90f7-e431812950fc/datanode-5/data/ratis/79c949bc-7186-4dcc-85eb-85818134391c does not exist. Creating ...
2019-10-21 21:55:55,961 [pool-199-thread-1] INFO  storage.RaftStorageDirectory (RaftStorageDirectory.java:tryLock(328)) - Lock on /workdir/hadoop-ozone/integration-test/target/test-dir/MiniOzoneClusterImpl-f9df1159-a46e-43dd-90f7-e431812950fc/datanode-5/data/ratis/79c949bc-7186-4dcc-85eb-85818134391c/in_use.lock acquired by nodename 30080@pr-hdds-2240-577ml-2645996955
2019-10-21 21:55:55,972 [IPC Server handler 2 on 42327] INFO  net.NetworkTopology (NetworkTopologyImpl.java:add(111)) - Added a new node: /rack1/c24b6cc2-153d-4b64-a24d-9eaa76f76215
2019-10-21 21:55:55,972 [IPC Server handler 2 on 42327] INFO  node.SCMNodeManager (SCMNodeManager.java:register(268)) - Registered Data node : c24b6cc2-153d-4b64-a24d-9eaa76f76215{ip: 192.168.69.92, host: pr-hdds-2240-577ml-2645996955, networkLocation: /rack1, certSerialId: null}
2019-10-21 21:55:55,975 [pool-199-thread-1] INFO  storage.RaftStorage (RaftStorage.java:format(84)) - Storage directory /workdir/hadoop-ozone/integration-test/target/test-dir/MiniOzoneClusterImpl-f9df1159-a46e-43dd-90f7-e431812950fc/datanode-5/data/ratis/79c949bc-7186-4dcc-85eb-85818134391c has been successfully formatted.
2019-10-21 21:55:55,975 [pool-199-thread-1] INFO  ratis.ContainerStateMachine (ContainerStateMachine.java:loadSnapshot(231)) - group-85818134391C: The snapshot info is null. Setting the last applied indexto:(t:0, i:~)
2019-10-21 21:55:55,976 [pool-199-thread-1] INFO  server.RaftServerConfigKeys (ConfUtils.java:logGet(43)) - raft.server.notification.no-leader.timeout = 120s (custom)
2019-10-21 21:55:55,976 [pool-199-thread-1] INFO  server.RaftServerConfigKeys (ConfUtils.java:logGet(43)) - raft.server.log.use.memory = false (default)
2019-10-21 21:55:55,976 [pool-199-thread-1] INFO  server.RaftServerConfigKeys (ConfUtils.java:logGet(43)) - raft.server.log.purge.gap = 1000000 (custom)
2019-10-21 21:55:55,976 [pool-199-thread-1] INFO  server.RaftServerConfigKeys (ConfUtils.java:logGet(43)) - raft.server.log.appender.buffer.byte-limit = 33554432 (custom)
2019-10-21 21:55:55,976 [pool-199-thread-1] INFO  server.RaftServerConfigKeys (ConfUtils.java:logGet(43)) - raft.server.log.segment.size.max = 1048576 (custom)
2019-10-21 21:55:55,978 [pool-199-thread-1] INFO  server.RaftServerConfigKeys (ConfUtils.java:logGet(43)) - raft.server.log.segment.cache.num.max = 2 (custom)
2019-10-21 21:55:55,979 [pool-199-thread-1] INFO  segmented.SegmentedRaftLogWorker (SegmentedRaftLogWorker.java:<init>(173)) - new 683a42e8-804c-4291-9261-2bc66677cfab@group-85818134391C-SegmentedRaftLogWorker for RaftStorage:Storage Directory /workdir/hadoop-ozone/integration-test/target/test-dir/MiniOzoneClusterImpl-f9df1159-a46e-43dd-90f7-e431812950fc/datanode-5/data/ratis/79c949bc-7186-4dcc-85eb-85818134391c
2019-10-21 21:55:55,979 [pool-199-thread-1] INFO  server.RaftServerConfigKeys (ConfUtils.java:logGet(43)) - raft.server.log.queue.byte-limit = 2147483647 (custom)
2019-10-21 21:55:55,979 [pool-199-thread-1] INFO  server.RaftServerConfigKeys (ConfUtils.java:logGet(43)) - raft.server.log.queue.element-limit = 1024 (custom)
2019-10-21 21:55:55,979 [pool-199-thread-1] INFO  server.RaftServerConfigKeys (ConfUtils.java:logGet(43)) - raft.server.log.segment.size.max = 1048576 (custom)
2019-10-21 21:55:55,979 [pool-199-thread-1] INFO  server.RaftServerConfigKeys (ConfUtils.java:logGet(43)) - raft.server.log.preallocated.size = 16384 (custom)
2019-10-21 21:55:55,979 [pool-199-thread-1] INFO  server.RaftServerConfigKeys (ConfUtils.java:logGet(43)) - raft.server.log.write.buffer.size = 33554432 (custom)
2019-10-21 21:55:55,979 [pool-199-thread-1] INFO  server.RaftServerConfigKeys (ConfUtils.java:logGet(43)) - raft.server.log.force.sync.num = 128 (default)
2019-10-21 21:55:55,979 [pool-199-thread-1] INFO  server.RaftServerConfigKeys (ConfUtils.java:logGet(43)) - raft.server.log.statemachine.data.sync = true (default)
2019-10-21 21:55:55,979 [pool-199-thread-1] INFO  server.RaftServerConfigKeys (ConfUtils.java:logGet(43)) - raft.server.log.statemachine.data.sync.timeout = 10s (default)
2019-10-21 21:55:55,979 [pool-199-thread-1] INFO  server.RaftServerConfigKeys (ConfUtils.java:logGet(43)) - raft.server.log.statemachine.data.sync.timeout.retry = -1 (default)
2019-10-21 21:55:55,980 [pool-199-thread-1] INFO  server.RaftServerConfigKeys (ConfUtils.java:logGet(43)) - raft.server.log.statemachine.data.caching.enabled = true (custom)
2019-10-21 21:55:55,980 [pool-199-thread-1] INFO  segmented.SegmentedRaftLogWorker (SegmentedRaftLogWorker.java:lambda$new$0(128)) - 683a42e8-804c-4291-9261-2bc66677cfab@group-85818134391C-SegmentedRaftLogWorker: flushIndex: setUnconditionally 0 -> -1
2019-10-21 21:55:55,980 [pool-199-thread-1] INFO  server.RaftServerConfigKeys (ConfUtils.java:logGet(43)) - raft.server.snapshot.auto.trigger.enabled = true (custom)
2019-10-21 21:55:55,980 [pool-199-thread-1] INFO  server.RaftServerConfigKeys (ConfUtils.java:logGet(43)) - raft.server.snapshot.auto.trigger.threshold = 10000 (custom)
2019-10-21 21:55:55,981 [pool-199-thread-1] INFO  server.RaftServerConfigKeys (ConfUtils.java:logGet(43)) - raft.server.snapshot.retention.file.num = 5 (custom)
2019-10-21 21:55:55,981 [pool-199-thread-1] INFO  server.RaftServerConfigKeys (ConfUtils.java:logGet(43)) - raft.server.retrycache.expirytime = 600000ms (custom)
2019-10-21 21:55:55,984 [pool-199-thread-1] INFO  impl.RaftServerImpl (RaftServerImpl.java:start(195)) - 683a42e8-804c-4291-9261-2bc66677cfab@group-85818134391C: start as a follower, conf=-1: [683a42e8-804c-4291-9261-2bc66677cfab:192.168.69.92:38974], old=null
2019-10-21 21:55:55,984 [pool-199-thread-1] INFO  impl.RaftServerImpl (RaftServerImpl.java:setRole(184)) - 683a42e8-804c-4291-9261-2bc66677cfab@group-85818134391C: changes role from      null to FOLLOWER at term 0 for startAsFollower
2019-10-21 21:55:55,984 [pool-199-thread-1] INFO  impl.RoleInfo (RoleInfo.java:updateAndGet(143)) - 683a42e8-804c-4291-9261-2bc66677cfab: start FollowerState
2019-10-21 21:55:55,984 [pool-199-thread-1] INFO  util.JmxRegister (JmxRegister.java:tryRegister(44)) - Successfully registered JMX Bean with object name Ratis:service=RaftServer,group=group-85818134391C,id=683a42e8-804c-4291-9261-2bc66677cfab
2019-10-21 21:55:55,988 [RatisPipelineUtilsThread] INFO  pipeline.PipelineStateManager (PipelineStateManager.java:addPipeline(56)) - Created pipeline Pipeline[ Id: 79c949bc-7186-4dcc-85eb-85818134391c, Nodes: 683a42e8-804c-4291-9261-2bc66677cfab{ip: 192.168.69.92, host: pr-hdds-2240-577ml-2645996955, networkLocation: /rack1, certSerialId: null}, Type:RATIS, Factor:ONE, State:OPEN]
2019-10-21 21:55:55,991 [Thread-1892] INFO  impl.FollowerState (FollowerState.java:run(108)) - 8d79625f-2c74-448d-b811-8fe783a575f1@group-59F6F70AD325-FollowerState: change to CANDIDATE, lastRpcTime:127ms, electionTimeout:125ms
2019-10-21 21:55:55,991 [Thread-1892] INFO  impl.RoleInfo (RoleInfo.java:shutdownFollowerState(121)) - 8d79625f-2c74-448d-b811-8fe783a575f1: shutdown FollowerState
2019-10-21 21:55:55,991 [Thread-1892] INFO  impl.RaftServerImpl (RaftServerImpl.java:setRole(184)) - 8d79625f-2c74-448d-b811-8fe783a575f1@group-59F6F70AD325: changes role from  FOLLOWER to CANDIDATE at term 0 for changeToCandidate
2019-10-21 21:55:55,991 [Thread-1892] INFO  impl.RoleInfo (RoleInfo.java:updateAndGet(143)) - 8d79625f-2c74-448d-b811-8fe783a575f1: start LeaderElection
2019-10-21 21:55:55,999 [grpc-default-executor-6] INFO  impl.RaftServerProxy (RaftServerProxy.java:addNew(89)) - c24b6cc2-153d-4b64-a24d-9eaa76f76215: addNew group-790B4307CDBD:[c24b6cc2-153d-4b64-a24d-9eaa76f76215:192.168.69.92:44123] returns group-790B4307CDBD:java.util.concurrent.CompletableFuture@55e5d1b3[Not completed]
2019-10-21 21:55:56,000 [pool-209-thread-1] INFO  impl.RaftServerImpl (RaftServerImpl.java:<init>(104)) - c24b6cc2-153d-4b64-a24d-9eaa76f76215: new RaftServerImpl for group-790B4307CDBD:[c24b6cc2-153d-4b64-a24d-9eaa76f76215:192.168.69.92:44123] with ContainerStateMachine:uninitialized
2019-10-21 21:55:56,000 [pool-209-thread-1] INFO  server.RaftServerConfigKeys (ConfUtils.java:logGet(43)) - raft.server.rpc.timeout.min = 1s (custom)
2019-10-21 21:55:56,001 [pool-209-thread-1] INFO  server.RaftServerConfigKeys (ConfUtils.java:logGet(43)) - raft.server.rpc.timeout.max = 1200ms (custom)
2019-10-21 21:55:56,001 [pool-209-thread-1] INFO  server.RaftServerConfigKeys (ConfUtils.java:logGet(43)) - raft.server.rpcslowness.timeout = 120s (custom)
2019-10-21 21:55:56,001 [pool-209-thread-1] INFO  server.RaftServerConfigKeys (ConfUtils.java:logGet(43)) - raft.server.sleep.deviation.threshold = 300 (default)
2019-10-21 21:55:56,001 [pool-209-thread-1] INFO  server.RaftServerConfigKeys (ConfUtils.java:logGet(43)) - raft.server.log.appender.install.snapshot.enabled = false (custom)
2019-10-21 21:55:56,001 [pool-209-thread-1] INFO  impl.RaftServerImpl (ServerState.java:<init>(103)) - c24b6cc2-153d-4b64-a24d-9eaa76f76215@group-790B4307CDBD: ConfigurationManager, init=-1: [c24b6cc2-153d-4b64-a24d-9eaa76f76215:192.168.69.92:44123], old=null, confs=<EMPTY_MAP>
2019-10-21 21:55:56,001 [pool-209-thread-1] INFO  server.RaftServerConfigKeys (ConfUtils.java:logGet(43)) - raft.server.storage.dir = [/workdir/hadoop-ozone/integration-test/target/test-dir/MiniOzoneClusterImpl-f9df1159-a46e-43dd-90f7-e431812950fc/datanode-6/data/ratis] (custom)
2019-10-21 21:55:56,001 [pool-209-thread-1] INFO  server.RaftServerConfigKeys (ConfUtils.java:logGet(43)) - raft.server.log.corruption.policy = EXCEPTION (default)
2019-10-21 21:55:56,001 [pool-209-thread-1] INFO  storage.RaftStorageDirectory (RaftStorageDirectory.java:analyzeStorage(246)) - The storage directory /workdir/hadoop-ozone/integration-test/target/test-dir/MiniOzoneClusterImpl-f9df1159-a46e-43dd-90f7-e431812950fc/datanode-6/data/ratis/bc2ccfdd-a284-4a68-87e3-790b4307cdbd does not exist. Creating ...
2019-10-21 21:55:56,008 [pool-209-thread-1] INFO  storage.RaftStorageDirectory (RaftStorageDirectory.java:tryLock(328)) - Lock on /workdir/hadoop-ozone/integration-test/target/test-dir/MiniOzoneClusterImpl-f9df1159-a46e-43dd-90f7-e431812950fc/datanode-6/data/ratis/bc2ccfdd-a284-4a68-87e3-790b4307cdbd/in_use.lock acquired by nodename 30080@pr-hdds-2240-577ml-2645996955
2019-10-21 21:55:56,008 [8d79625f-2c74-448d-b811-8fe783a575f1@group-59F6F70AD325-LeaderElection158] INFO  impl.LeaderElection (LeaderElection.java:askForVotes(178)) - 8d79625f-2c74-448d-b811-8fe783a575f1@group-59F6F70AD325-LeaderElection158: begin an election at term 1 for -1: [8d79625f-2c74-448d-b811-8fe783a575f1:192.168.69.92:35698], old=null
2019-10-21 21:55:56,008 [8d79625f-2c74-448d-b811-8fe783a575f1@group-59F6F70AD325-LeaderElection158] INFO  impl.RoleInfo (RoleInfo.java:shutdownLeaderElection(134)) - 8d79625f-2c74-448d-b811-8fe783a575f1: shutdown LeaderElection
2019-10-21 21:55:56,008 [8d79625f-2c74-448d-b811-8fe783a575f1@group-59F6F70AD325-LeaderElection158] INFO  impl.RaftServerImpl (RaftServerImpl.java:setRole(184)) - 8d79625f-2c74-448d-b811-8fe783a575f1@group-59F6F70AD325: changes role from CANDIDATE to LEADER at term 1 for changeToLeader
2019-10-21 21:55:56,009 [8d79625f-2c74-448d-b811-8fe783a575f1@group-59F6F70AD325-LeaderElection158] INFO  impl.RaftServerImpl (ServerState.java:setLeader(256)) - 8d79625f-2c74-448d-b811-8fe783a575f1@group-59F6F70AD325: change Leader from null to 8d79625f-2c74-448d-b811-8fe783a575f1 at term 1 for becomeLeader, leader elected after 155ms
2019-10-21 21:55:56,009 [8d79625f-2c74-448d-b811-8fe783a575f1@group-59F6F70AD325-LeaderElection158] INFO  server.RaftServerConfigKeys (ConfUtils.java:logGet(43)) - raft.server.staging.catchup.gap = 1000 (default)
2019-10-21 21:55:56,009 [8d79625f-2c74-448d-b811-8fe783a575f1@group-59F6F70AD325-LeaderElection158] INFO  server.RaftServerConfigKeys (ConfUtils.java:logGet(43)) - raft.server.rpc.sleep.time = 25ms (default)
2019-10-21 21:55:56,009 [8d79625f-2c74-448d-b811-8fe783a575f1@group-59F6F70AD325-LeaderElection158] INFO  server.RaftServerConfigKeys (ConfUtils.java:logGet(43)) - raft.server.write.element-limit = 4096 (default)
2019-10-21 21:55:56,009 [8d79625f-2c74-448d-b811-8fe783a575f1@group-59F6F70AD325-LeaderElection158] INFO  server.RaftServerConfigKeys (ConfUtils.java:logGet(43)) - raft.server.watch.timeout = 10s (default)
2019-10-21 21:55:56,009 [8d79625f-2c74-448d-b811-8fe783a575f1@group-59F6F70AD325-LeaderElection158] INFO  server.RaftServerConfigKeys (ConfUtils.java:logGet(43)) - raft.server.watch.timeout.denomination = 1s (default)
2019-10-21 21:55:56,009 [8d79625f-2c74-448d-b811-8fe783a575f1@group-59F6F70AD325-LeaderElection158] INFO  server.RaftServerConfigKeys (ConfUtils.java:logGet(43)) - raft.server.watch.element-limit = 65536 (default)
2019-10-21 21:55:56,011 [8d79625f-2c74-448d-b811-8fe783a575f1@group-59F6F70AD325-LeaderElection158] INFO  impl.RoleInfo (RoleInfo.java:updateAndGet(143)) - 8d79625f-2c74-448d-b811-8fe783a575f1: start LeaderState
2019-10-21 21:55:56,012 [8d79625f-2c74-448d-b811-8fe783a575f1@group-59F6F70AD325-LeaderElection158] INFO  segmented.SegmentedRaftLogWorker (SegmentedRaftLogWorker.java:startLogSegment(385)) - 8d79625f-2c74-448d-b811-8fe783a575f1@group-59F6F70AD325-SegmentedRaftLogWorker: Starting segment from index:0
2019-10-21 21:55:56,012 [8d79625f-2c74-448d-b811-8fe783a575f1@group-59F6F70AD325-LeaderElection158] INFO  impl.RaftServerImpl (ServerState.java:setRaftConf(357)) - 8d79625f-2c74-448d-b811-8fe783a575f1@group-59F6F70AD325: set configuration 0: [8d79625f-2c74-448d-b811-8fe783a575f1:192.168.69.92:35698], old=null at 0
2019-10-21 21:55:56,022 [pool-209-thread-1] INFO  storage.RaftStorage (RaftStorage.java:format(84)) - Storage directory /workdir/hadoop-ozone/integration-test/target/test-dir/MiniOzoneClusterImpl-f9df1159-a46e-43dd-90f7-e431812950fc/datanode-6/data/ratis/bc2ccfdd-a284-4a68-87e3-790b4307cdbd has been successfully formatted.
2019-10-21 21:55:56,022 [pool-209-thread-1] INFO  ratis.ContainerStateMachine (ContainerStateMachine.java:loadSnapshot(231)) - group-790B4307CDBD: The snapshot info is null. Setting the last applied indexto:(t:0, i:~)
2019-10-21 21:55:56,022 [pool-209-thread-1] INFO  server.RaftServerConfigKeys (ConfUtils.java:logGet(43)) - raft.server.notification.no-leader.timeout = 120s (custom)
2019-10-21 21:55:56,022 [pool-209-thread-1] INFO  server.RaftServerConfigKeys (ConfUtils.java:logGet(43)) - raft.server.log.use.memory = false (default)
2019-10-21 21:55:56,023 [pool-209-thread-1] INFO  server.RaftServerConfigKeys (ConfUtils.java:logGet(43)) - raft.server.log.purge.gap = 1000000 (custom)
2019-10-21 21:55:56,023 [pool-209-thread-1] INFO  server.RaftServerConfigKeys (ConfUtils.java:logGet(43)) - raft.server.log.appender.buffer.byte-limit = 33554432 (custom)
2019-10-21 21:55:56,023 [pool-209-thread-1] INFO  server.RaftServerConfigKeys (ConfUtils.java:logGet(43)) - raft.server.log.segment.size.max = 1048576 (custom)
2019-10-21 21:55:56,025 [pool-209-thread-1] INFO  server.RaftServerConfigKeys (ConfUtils.java:logGet(43)) - raft.server.log.segment.cache.num.max = 2 (custom)
2019-10-21 21:55:56,025 [pool-209-thread-1] INFO  segmented.SegmentedRaftLogWorker (SegmentedRaftLogWorker.java:<init>(173)) - new c24b6cc2-153d-4b64-a24d-9eaa76f76215@group-790B4307CDBD-SegmentedRaftLogWorker for RaftStorage:Storage Directory /workdir/hadoop-ozone/integration-test/target/test-dir/MiniOzoneClusterImpl-f9df1159-a46e-43dd-90f7-e431812950fc/datanode-6/data/ratis/bc2ccfdd-a284-4a68-87e3-790b4307cdbd
2019-10-21 21:55:56,025 [pool-209-thread-1] INFO  server.RaftServerConfigKeys (ConfUtils.java:logGet(43)) - raft.server.log.queue.byte-limit = 2147483647 (custom)
2019-10-21 21:55:56,025 [pool-209-thread-1] INFO  server.RaftServerConfigKeys (ConfUtils.java:logGet(43)) - raft.server.log.queue.element-limit = 1024 (custom)
2019-10-21 21:55:56,025 [pool-209-thread-1] INFO  server.RaftServerConfigKeys (ConfUtils.java:logGet(43)) - raft.server.log.segment.size.max = 1048576 (custom)
2019-10-21 21:55:56,025 [pool-209-thread-1] INFO  server.RaftServerConfigKeys (ConfUtils.java:logGet(43)) - raft.server.log.preallocated.size = 16384 (custom)
2019-10-21 21:55:56,025 [pool-209-thread-1] INFO  server.RaftServerConfigKeys (ConfUtils.java:logGet(43)) - raft.server.log.write.buffer.size = 33554432 (custom)
2019-10-21 21:55:56,026 [pool-209-thread-1] INFO  server.RaftServerConfigKeys (ConfUtils.java:logGet(43)) - raft.server.log.force.sync.num = 128 (default)
2019-10-21 21:55:56,026 [pool-209-thread-1] INFO  server.RaftServerConfigKeys (ConfUtils.java:logGet(43)) - raft.server.log.statemachine.data.sync = true (default)
2019-10-21 21:55:56,026 [pool-209-thread-1] INFO  server.RaftServerConfigKeys (ConfUtils.java:logGet(43)) - raft.server.log.statemachine.data.sync.timeout = 10s (default)
2019-10-21 21:55:56,026 [pool-209-thread-1] INFO  server.RaftServerConfigKeys (ConfUtils.java:logGet(43)) - raft.server.log.statemachine.data.sync.timeout.retry = -1 (default)
2019-10-21 21:55:56,026 [pool-209-thread-1] INFO  server.RaftServerConfigKeys (ConfUtils.java:logGet(43)) - raft.server.log.statemachine.data.caching.enabled = true (custom)
2019-10-21 21:55:56,027 [pool-209-thread-1] INFO  segmented.SegmentedRaftLogWorker (SegmentedRaftLogWorker.java:lambda$new$0(128)) - c24b6cc2-153d-4b64-a24d-9eaa76f76215@group-790B4307CDBD-SegmentedRaftLogWorker: flushIndex: setUnconditionally 0 -> -1
2019-10-21 21:55:56,027 [pool-209-thread-1] INFO  server.RaftServerConfigKeys (ConfUtils.java:logGet(43)) - raft.server.snapshot.auto.trigger.enabled = true (custom)
2019-10-21 21:55:56,027 [pool-209-thread-1] INFO  server.RaftServerConfigKeys (ConfUtils.java:logGet(43)) - raft.server.snapshot.auto.trigger.threshold = 10000 (custom)
2019-10-21 21:55:56,027 [pool-209-thread-1] INFO  server.RaftServerConfigKeys (ConfUtils.java:logGet(43)) - raft.server.snapshot.retention.file.num = 5 (custom)
2019-10-21 21:55:56,027 [pool-209-thread-1] INFO  server.RaftServerConfigKeys (ConfUtils.java:logGet(43)) - raft.server.retrycache.expirytime = 600000ms (custom)
2019-10-21 21:55:56,029 [Thread-1895] INFO  impl.FollowerState (FollowerState.java:run(108)) - 7c4ddf80-db3d-4d0c-b4eb-75f8718eed44@group-DBBE1707D913-FollowerState: change to CANDIDATE, lastRpcTime:96ms, electionTimeout:96ms
2019-10-21 21:55:56,030 [Thread-1895] INFO  impl.RoleInfo (RoleInfo.java:shutdownFollowerState(121)) - 7c4ddf80-db3d-4d0c-b4eb-75f8718eed44: shutdown FollowerState
2019-10-21 21:55:56,030 [Thread-1895] INFO  impl.RaftServerImpl (RaftServerImpl.java:setRole(184)) - 7c4ddf80-db3d-4d0c-b4eb-75f8718eed44@group-DBBE1707D913: changes role from  FOLLOWER to CANDIDATE at term 0 for changeToCandidate
2019-10-21 21:55:56,030 [Thread-1895] INFO  impl.RoleInfo (RoleInfo.java:updateAndGet(143)) - 7c4ddf80-db3d-4d0c-b4eb-75f8718eed44: start LeaderElection
2019-10-21 21:55:56,043 [pool-209-thread-1] INFO  impl.RaftServerImpl (RaftServerImpl.java:start(195)) - c24b6cc2-153d-4b64-a24d-9eaa76f76215@group-790B4307CDBD: start as a follower, conf=-1: [c24b6cc2-153d-4b64-a24d-9eaa76f76215:192.168.69.92:44123], old=null
2019-10-21 21:55:56,043 [pool-209-thread-1] INFO  impl.RaftServerImpl (RaftServerImpl.java:setRole(184)) - c24b6cc2-153d-4b64-a24d-9eaa76f76215@group-790B4307CDBD: changes role from      null to FOLLOWER at term 0 for startAsFollower
2019-10-21 21:55:56,043 [pool-209-thread-1] INFO  impl.RoleInfo (RoleInfo.java:updateAndGet(143)) - c24b6cc2-153d-4b64-a24d-9eaa76f76215: start FollowerState
2019-10-21 21:55:56,043 [pool-209-thread-1] INFO  util.JmxRegister (JmxRegister.java:tryRegister(44)) - Successfully registered JMX Bean with object name Ratis:service=RaftServer,group=group-790B4307CDBD,id=c24b6cc2-153d-4b64-a24d-9eaa76f76215
2019-10-21 21:55:56,047 [IPC Server handler 1 on 42327] INFO  net.NetworkTopology (NetworkTopologyImpl.java:add(111)) - Added a new node: /rack1/590972a8-254a-4d11-9ee4-9846de224337
2019-10-21 21:55:56,047 [RatisPipelineUtilsThread] INFO  pipeline.PipelineStateManager (PipelineStateManager.java:addPipeline(56)) - Created pipeline Pipeline[ Id: bc2ccfdd-a284-4a68-87e3-790b4307cdbd, Nodes: c24b6cc2-153d-4b64-a24d-9eaa76f76215{ip: 192.168.69.92, host: pr-hdds-2240-577ml-2645996955, networkLocation: /rack1, certSerialId: null}, Type:RATIS, Factor:ONE, State:OPEN]
2019-10-21 21:55:56,047 [IPC Server handler 1 on 42327] INFO  node.SCMNodeManager (SCMNodeManager.java:register(268)) - Registered Data node : 590972a8-254a-4d11-9ee4-9846de224337{ip: 192.168.69.92, host: pr-hdds-2240-577ml-2645996955, networkLocation: /rack1, certSerialId: null}
2019-10-21 21:55:56,061 [8d79625f-2c74-448d-b811-8fe783a575f1@group-59F6F70AD325-SegmentedRaftLogWorker] INFO  segmented.SegmentedRaftLogWorker (SegmentedRaftLogWorker.java:execute(576)) - 8d79625f-2c74-448d-b811-8fe783a575f1@group-59F6F70AD325-SegmentedRaftLogWorker: created new log segment /workdir/hadoop-ozone/integration-test/target/test-dir/MiniOzoneClusterImpl-f9df1159-a46e-43dd-90f7-e431812950fc/datanode-2/data/ratis/8f7ceedd-90c8-4c76-9579-59f6f70ad325/current/log_inprogress_0
2019-10-21 21:55:56,061 [7c4ddf80-db3d-4d0c-b4eb-75f8718eed44@group-DBBE1707D913-LeaderElection159] INFO  impl.LeaderElection (LeaderElection.java:askForVotes(178)) - 7c4ddf80-db3d-4d0c-b4eb-75f8718eed44@group-DBBE1707D913-LeaderElection159: begin an election at term 1 for -1: [7c4ddf80-db3d-4d0c-b4eb-75f8718eed44:192.168.69.92:34489], old=null
2019-10-21 21:55:56,061 [7c4ddf80-db3d-4d0c-b4eb-75f8718eed44@group-DBBE1707D913-LeaderElection159] INFO  impl.RoleInfo (RoleInfo.java:shutdownLeaderElection(134)) - 7c4ddf80-db3d-4d0c-b4eb-75f8718eed44: shutdown LeaderElection
2019-10-21 21:55:56,061 [7c4ddf80-db3d-4d0c-b4eb-75f8718eed44@group-DBBE1707D913-LeaderElection159] INFO  impl.RaftServerImpl (RaftServerImpl.java:setRole(184)) - 7c4ddf80-db3d-4d0c-b4eb-75f8718eed44@group-DBBE1707D913: changes role from CANDIDATE to LEADER at term 1 for changeToLeader
2019-10-21 21:55:56,062 [7c4ddf80-db3d-4d0c-b4eb-75f8718eed44@group-DBBE1707D913-LeaderElection159] INFO  impl.RaftServerImpl (ServerState.java:setLeader(256)) - 7c4ddf80-db3d-4d0c-b4eb-75f8718eed44@group-DBBE1707D913: change Leader from null to 7c4ddf80-db3d-4d0c-b4eb-75f8718eed44 at term 1 for becomeLeader, leader elected after 138ms
2019-10-21 21:55:56,062 [7c4ddf80-db3d-4d0c-b4eb-75f8718eed44@group-DBBE1707D913-LeaderElection159] INFO  server.RaftServerConfigKeys (ConfUtils.java:logGet(43)) - raft.server.staging.catchup.gap = 1000 (default)
2019-10-21 21:55:56,062 [7c4ddf80-db3d-4d0c-b4eb-75f8718eed44@group-DBBE1707D913-LeaderElection159] INFO  server.RaftServerConfigKeys (ConfUtils.java:logGet(43)) - raft.server.rpc.sleep.time = 25ms (default)
2019-10-21 21:55:56,062 [7c4ddf80-db3d-4d0c-b4eb-75f8718eed44@group-DBBE1707D913-LeaderElection159] INFO  server.RaftServerConfigKeys (ConfUtils.java:logGet(43)) - raft.server.write.element-limit = 4096 (default)
2019-10-21 21:55:56,062 [7c4ddf80-db3d-4d0c-b4eb-75f8718eed44@group-DBBE1707D913-LeaderElection159] INFO  server.RaftServerConfigKeys (ConfUtils.java:logGet(43)) - raft.server.watch.timeout = 10s (default)
2019-10-21 21:55:56,062 [7c4ddf80-db3d-4d0c-b4eb-75f8718eed44@group-DBBE1707D913-LeaderElection159] INFO  server.RaftServerConfigKeys (ConfUtils.java:logGet(43)) - raft.server.watch.timeout.denomination = 1s (default)
2019-10-21 21:55:56,062 [7c4ddf80-db3d-4d0c-b4eb-75f8718eed44@group-DBBE1707D913-LeaderElection159] INFO  server.RaftServerConfigKeys (ConfUtils.java:logGet(43)) - raft.server.watch.element-limit = 65536 (default)
2019-10-21 21:55:56,064 [7c4ddf80-db3d-4d0c-b4eb-75f8718eed44@group-DBBE1707D913-LeaderElection159] INFO  impl.RoleInfo (RoleInfo.java:updateAndGet(143)) - 7c4ddf80-db3d-4d0c-b4eb-75f8718eed44: start LeaderState
2019-10-21 21:55:56,064 [7c4ddf80-db3d-4d0c-b4eb-75f8718eed44@group-DBBE1707D913-LeaderElection159] INFO  segmented.SegmentedRaftLogWorker (SegmentedRaftLogWorker.java:startLogSegment(385)) - 7c4ddf80-db3d-4d0c-b4eb-75f8718eed44@group-DBBE1707D913-SegmentedRaftLogWorker: Starting segment from index:0
2019-10-21 21:55:56,064 [7c4ddf80-db3d-4d0c-b4eb-75f8718eed44@group-DBBE1707D913-LeaderElection159] INFO  impl.RaftServerImpl (ServerState.java:setRaftConf(357)) - 7c4ddf80-db3d-4d0c-b4eb-75f8718eed44@group-DBBE1707D913: set configuration 0: [7c4ddf80-db3d-4d0c-b4eb-75f8718eed44:192.168.69.92:34489], old=null at 0
2019-10-21 21:55:56,094 [grpc-default-executor-6] INFO  impl.RaftServerProxy (RaftServerProxy.java:addNew(89)) - 25026a40-ec59-48c3-bdd0-cf5c1bf30c8c: addNew group-848012D703DB:[25026a40-ec59-48c3-bdd0-cf5c1bf30c8c:192.168.69.92:38000] returns group-848012D703DB:java.util.concurrent.CompletableFuture@69512177[Not completed]
2019-10-21 21:55:56,096 [pool-179-thread-1] INFO  impl.RaftServerImpl (RaftServerImpl.java:<init>(104)) - 25026a40-ec59-48c3-bdd0-cf5c1bf30c8c: new RaftServerImpl for group-848012D703DB:[25026a40-ec59-48c3-bdd0-cf5c1bf30c8c:192.168.69.92:38000] with ContainerStateMachine:uninitialized
2019-10-21 21:55:56,096 [pool-179-thread-1] INFO  server.RaftServerConfigKeys (ConfUtils.java:logGet(43)) - raft.server.rpc.timeout.min = 1s (custom)
2019-10-21 21:55:56,096 [pool-179-thread-1] INFO  server.RaftServerConfigKeys (ConfUtils.java:logGet(43)) - raft.server.rpc.timeout.max = 1200ms (custom)
2019-10-21 21:55:56,096 [pool-179-thread-1] INFO  server.RaftServerConfigKeys (ConfUtils.java:logGet(43)) - raft.server.rpcslowness.timeout = 120s (custom)
2019-10-21 21:55:56,096 [pool-179-thread-1] INFO  server.RaftServerConfigKeys (ConfUtils.java:logGet(43)) - raft.server.sleep.deviation.threshold = 300 (default)
2019-10-21 21:55:56,096 [pool-179-thread-1] INFO  server.RaftServerConfigKeys (ConfUtils.java:logGet(43)) - raft.server.log.appender.install.snapshot.enabled = false (custom)
2019-10-21 21:55:56,096 [pool-179-thread-1] INFO  impl.RaftServerImpl (ServerState.java:<init>(103)) - 25026a40-ec59-48c3-bdd0-cf5c1bf30c8c@group-848012D703DB: ConfigurationManager, init=-1: [25026a40-ec59-48c3-bdd0-cf5c1bf30c8c:192.168.69.92:38000], old=null, confs=<EMPTY_MAP>
2019-10-21 21:55:56,096 [pool-179-thread-1] INFO  server.RaftServerConfigKeys (ConfUtils.java:logGet(43)) - raft.server.storage.dir = [/workdir/hadoop-ozone/integration-test/target/test-dir/MiniOzoneClusterImpl-f9df1159-a46e-43dd-90f7-e431812950fc/datanode-3/data/ratis] (custom)
2019-10-21 21:55:56,096 [pool-179-thread-1] INFO  server.RaftServerConfigKeys (ConfUtils.java:logGet(43)) - raft.server.log.corruption.policy = EXCEPTION (default)
2019-10-21 21:55:56,097 [pool-179-thread-1] INFO  storage.RaftStorageDirectory (RaftStorageDirectory.java:analyzeStorage(246)) - The storage directory /workdir/hadoop-ozone/integration-test/target/test-dir/MiniOzoneClusterImpl-f9df1159-a46e-43dd-90f7-e431812950fc/datanode-3/data/ratis/33dbd6ef-2a98-47af-a057-848012d703db does not exist. Creating ...
2019-10-21 21:55:56,110 [pool-179-thread-1] INFO  storage.RaftStorageDirectory (RaftStorageDirectory.java:tryLock(328)) - Lock on /workdir/hadoop-ozone/integration-test/target/test-dir/MiniOzoneClusterImpl-f9df1159-a46e-43dd-90f7-e431812950fc/datanode-3/data/ratis/33dbd6ef-2a98-47af-a057-848012d703db/in_use.lock acquired by nodename 30080@pr-hdds-2240-577ml-2645996955
2019-10-21 21:55:56,110 [7c4ddf80-db3d-4d0c-b4eb-75f8718eed44@group-DBBE1707D913-SegmentedRaftLogWorker] INFO  segmented.SegmentedRaftLogWorker (SegmentedRaftLogWorker.java:execute(576)) - 7c4ddf80-db3d-4d0c-b4eb-75f8718eed44@group-DBBE1707D913-SegmentedRaftLogWorker: created new log segment /workdir/hadoop-ozone/integration-test/target/test-dir/MiniOzoneClusterImpl-f9df1159-a46e-43dd-90f7-e431812950fc/datanode-4/data/ratis/db36a926-98b2-4388-bdda-dbbe1707d913/current/log_inprogress_0
2019-10-21 21:55:56,118 [IPC Server handler 3 on 42327] INFO  net.NetworkTopology (NetworkTopologyImpl.java:add(111)) - Added a new node: /rack1/f97d0911-7779-4207-bfcb-e80c65d878a3
2019-10-21 21:55:56,119 [IPC Server handler 3 on 42327] INFO  node.SCMNodeManager (SCMNodeManager.java:register(268)) - Registered Data node : f97d0911-7779-4207-bfcb-e80c65d878a3{ip: 192.168.69.92, host: pr-hdds-2240-577ml-2645996955, networkLocation: /rack1, certSerialId: null}
2019-10-21 21:55:56,123 [pool-179-thread-1] INFO  storage.RaftStorage (RaftStorage.java:format(84)) - Storage directory /workdir/hadoop-ozone/integration-test/target/test-dir/MiniOzoneClusterImpl-f9df1159-a46e-43dd-90f7-e431812950fc/datanode-3/data/ratis/33dbd6ef-2a98-47af-a057-848012d703db has been successfully formatted.
2019-10-21 21:55:56,124 [pool-179-thread-1] INFO  ratis.ContainerStateMachine (ContainerStateMachine.java:loadSnapshot(231)) - group-848012D703DB: The snapshot info is null. Setting the last applied indexto:(t:0, i:~)
2019-10-21 21:55:56,124 [pool-179-thread-1] INFO  server.RaftServerConfigKeys (ConfUtils.java:logGet(43)) - raft.server.notification.no-leader.timeout = 120s (custom)
2019-10-21 21:55:56,124 [pool-179-thread-1] INFO  server.RaftServerConfigKeys (ConfUtils.java:logGet(43)) - raft.server.log.use.memory = false (default)
2019-10-21 21:55:56,124 [pool-179-thread-1] INFO  server.RaftServerConfigKeys (ConfUtils.java:logGet(43)) - raft.server.log.purge.gap = 1000000 (custom)
2019-10-21 21:55:56,125 [pool-179-thread-1] INFO  server.RaftServerConfigKeys (ConfUtils.java:logGet(43)) - raft.server.log.appender.buffer.byte-limit = 33554432 (custom)
2019-10-21 21:55:56,125 [pool-179-thread-1] INFO  server.RaftServerConfigKeys (ConfUtils.java:logGet(43)) - raft.server.log.segment.size.max = 1048576 (custom)
2019-10-21 21:55:56,128 [pool-179-thread-1] INFO  server.RaftServerConfigKeys (ConfUtils.java:logGet(43)) - raft.server.log.segment.cache.num.max = 2 (custom)
2019-10-21 21:55:56,128 [pool-179-thread-1] INFO  segmented.SegmentedRaftLogWorker (SegmentedRaftLogWorker.java:<init>(173)) - new 25026a40-ec59-48c3-bdd0-cf5c1bf30c8c@group-848012D703DB-SegmentedRaftLogWorker for RaftStorage:Storage Directory /workdir/hadoop-ozone/integration-test/target/test-dir/MiniOzoneClusterImpl-f9df1159-a46e-43dd-90f7-e431812950fc/datanode-3/data/ratis/33dbd6ef-2a98-47af-a057-848012d703db
2019-10-21 21:55:56,128 [pool-179-thread-1] INFO  server.RaftServerConfigKeys (ConfUtils.java:logGet(43)) - raft.server.log.queue.byte-limit = 2147483647 (custom)
2019-10-21 21:55:56,128 [pool-179-thread-1] INFO  server.RaftServerConfigKeys (ConfUtils.java:logGet(43)) - raft.server.log.queue.element-limit = 1024 (custom)
2019-10-21 21:55:56,129 [pool-179-thread-1] INFO  server.RaftServerConfigKeys (ConfUtils.java:logGet(43)) - raft.server.log.segment.size.max = 1048576 (custom)
2019-10-21 21:55:56,129 [pool-179-thread-1] INFO  server.RaftServerConfigKeys (ConfUtils.java:logGet(43)) - raft.server.log.preallocated.size = 16384 (custom)
2019-10-21 21:55:56,129 [pool-179-thread-1] INFO  server.RaftServerConfigKeys (ConfUtils.java:logGet(43)) - raft.server.log.write.buffer.size = 33554432 (custom)
2019-10-21 21:55:56,129 [pool-179-thread-1] INFO  server.RaftServerConfigKeys (ConfUtils.java:logGet(43)) - raft.server.log.force.sync.num = 128 (default)
2019-10-21 21:55:56,129 [pool-179-thread-1] INFO  server.RaftServerConfigKeys (ConfUtils.java:logGet(43)) - raft.server.log.statemachine.data.sync = true (default)
2019-10-21 21:55:56,129 [pool-179-thread-1] INFO  server.RaftServerConfigKeys (ConfUtils.java:logGet(43)) - raft.server.log.statemachine.data.sync.timeout = 10s (default)
2019-10-21 21:55:56,129 [pool-179-thread-1] INFO  server.RaftServerConfigKeys (ConfUtils.java:logGet(43)) - raft.server.log.statemachine.data.sync.timeout.retry = -1 (default)
2019-10-21 21:55:56,130 [pool-179-thread-1] INFO  server.RaftServerConfigKeys (ConfUtils.java:logGet(43)) - raft.server.log.statemachine.data.caching.enabled = true (custom)
2019-10-21 21:55:56,130 [pool-179-thread-1] INFO  segmented.SegmentedRaftLogWorker (SegmentedRaftLogWorker.java:lambda$new$0(128)) - 25026a40-ec59-48c3-bdd0-cf5c1bf30c8c@group-848012D703DB-SegmentedRaftLogWorker: flushIndex: setUnconditionally 0 -> -1
2019-10-21 21:55:56,130 [pool-179-thread-1] INFO  server.RaftServerConfigKeys (ConfUtils.java:logGet(43)) - raft.server.snapshot.auto.trigger.enabled = true (custom)
2019-10-21 21:55:56,131 [pool-179-thread-1] INFO  server.RaftServerConfigKeys (ConfUtils.java:logGet(43)) - raft.server.snapshot.auto.trigger.threshold = 10000 (custom)
2019-10-21 21:55:56,131 [pool-179-thread-1] INFO  server.RaftServerConfigKeys (ConfUtils.java:logGet(43)) - raft.server.snapshot.retention.file.num = 5 (custom)
2019-10-21 21:55:56,131 [pool-179-thread-1] INFO  server.RaftServerConfigKeys (ConfUtils.java:logGet(43)) - raft.server.retrycache.expirytime = 600000ms (custom)
2019-10-21 21:55:56,135 [pool-179-thread-1] INFO  impl.RaftServerImpl (RaftServerImpl.java:start(195)) - 25026a40-ec59-48c3-bdd0-cf5c1bf30c8c@group-848012D703DB: start as a follower, conf=-1: [25026a40-ec59-48c3-bdd0-cf5c1bf30c8c:192.168.69.92:38000], old=null
2019-10-21 21:55:56,135 [pool-179-thread-1] INFO  impl.RaftServerImpl (RaftServerImpl.java:setRole(184)) - 25026a40-ec59-48c3-bdd0-cf5c1bf30c8c@group-848012D703DB: changes role from      null to FOLLOWER at term 0 for startAsFollower
2019-10-21 21:55:56,135 [pool-179-thread-1] INFO  impl.RoleInfo (RoleInfo.java:updateAndGet(143)) - 25026a40-ec59-48c3-bdd0-cf5c1bf30c8c: start FollowerState
2019-10-21 21:55:56,136 [pool-179-thread-1] INFO  util.JmxRegister (JmxRegister.java:tryRegister(44)) - Successfully registered JMX Bean with object name Ratis:service=RaftServer,group=group-848012D703DB,id=25026a40-ec59-48c3-bdd0-cf5c1bf30c8c
2019-10-21 21:55:56,140 [RatisPipelineUtilsThread] INFO  pipeline.PipelineStateManager (PipelineStateManager.java:addPipeline(56)) - Created pipeline Pipeline[ Id: 33dbd6ef-2a98-47af-a057-848012d703db, Nodes: 25026a40-ec59-48c3-bdd0-cf5c1bf30c8c{ip: 192.168.69.92, host: pr-hdds-2240-577ml-2645996955, networkLocation: /rack1, certSerialId: null}, Type:RATIS, Factor:ONE, State:OPEN]
2019-10-21 21:55:56,148 [grpc-default-executor-6] INFO  impl.RaftServerProxy (RaftServerProxy.java:addNew(89)) - 590972a8-254a-4d11-9ee4-9846de224337: addNew group-DC1757C7DD22:[590972a8-254a-4d11-9ee4-9846de224337:192.168.69.92:35899] returns group-DC1757C7DD22:java.util.concurrent.CompletableFuture@7667f6e[Not completed]
2019-10-21 21:55:56,151 [pool-219-thread-1] INFO  impl.RaftServerImpl (RaftServerImpl.java:<init>(104)) - 590972a8-254a-4d11-9ee4-9846de224337: new RaftServerImpl for group-DC1757C7DD22:[590972a8-254a-4d11-9ee4-9846de224337:192.168.69.92:35899] with ContainerStateMachine:uninitialized
2019-10-21 21:55:56,151 [pool-219-thread-1] INFO  server.RaftServerConfigKeys (ConfUtils.java:logGet(43)) - raft.server.rpc.timeout.min = 1s (custom)
2019-10-21 21:55:56,151 [pool-219-thread-1] INFO  server.RaftServerConfigKeys (ConfUtils.java:logGet(43)) - raft.server.rpc.timeout.max = 1200ms (custom)
2019-10-21 21:55:56,151 [pool-219-thread-1] INFO  server.RaftServerConfigKeys (ConfUtils.java:logGet(43)) - raft.server.rpcslowness.timeout = 120s (custom)
2019-10-21 21:55:56,151 [pool-219-thread-1] INFO  server.RaftServerConfigKeys (ConfUtils.java:logGet(43)) - raft.server.sleep.deviation.threshold = 300 (default)
2019-10-21 21:55:56,151 [pool-219-thread-1] INFO  server.RaftServerConfigKeys (ConfUtils.java:logGet(43)) - raft.server.log.appender.install.snapshot.enabled = false (custom)
2019-10-21 21:55:56,152 [pool-219-thread-1] INFO  impl.RaftServerImpl (ServerState.java:<init>(103)) - 590972a8-254a-4d11-9ee4-9846de224337@group-DC1757C7DD22: ConfigurationManager, init=-1: [590972a8-254a-4d11-9ee4-9846de224337:192.168.69.92:35899], old=null, confs=<EMPTY_MAP>
2019-10-21 21:55:56,152 [pool-219-thread-1] INFO  server.RaftServerConfigKeys (ConfUtils.java:logGet(43)) - raft.server.storage.dir = [/workdir/hadoop-ozone/integration-test/target/test-dir/MiniOzoneClusterImpl-f9df1159-a46e-43dd-90f7-e431812950fc/datanode-7/data/ratis] (custom)
2019-10-21 21:55:56,152 [Thread-1898] INFO  impl.FollowerState (FollowerState.java:run(108)) - 683a42e8-804c-4291-9261-2bc66677cfab@group-85818134391C-FollowerState: change to CANDIDATE, lastRpcTime:168ms, electionTimeout:168ms
2019-10-21 21:55:56,152 [pool-219-thread-1] INFO  server.RaftServerConfigKeys (ConfUtils.java:logGet(43)) - raft.server.log.corruption.policy = EXCEPTION (default)
2019-10-21 21:55:56,152 [Thread-1898] INFO  impl.RoleInfo (RoleInfo.java:shutdownFollowerState(121)) - 683a42e8-804c-4291-9261-2bc66677cfab: shutdown FollowerState
2019-10-21 21:55:56,152 [Thread-1898] INFO  impl.RaftServerImpl (RaftServerImpl.java:setRole(184)) - 683a42e8-804c-4291-9261-2bc66677cfab@group-85818134391C: changes role from  FOLLOWER to CANDIDATE at term 0 for changeToCandidate
2019-10-21 21:55:56,153 [pool-219-thread-1] INFO  storage.RaftStorageDirectory (RaftStorageDirectory.java:analyzeStorage(246)) - The storage directory /workdir/hadoop-ozone/integration-test/target/test-dir/MiniOzoneClusterImpl-f9df1159-a46e-43dd-90f7-e431812950fc/datanode-7/data/ratis/2a7a640a-afe2-41c2-bb61-dc1757c7dd22 does not exist. Creating ...
2019-10-21 21:55:56,153 [Thread-1898] INFO  impl.RoleInfo (RoleInfo.java:updateAndGet(143)) - 683a42e8-804c-4291-9261-2bc66677cfab: start LeaderElection
2019-10-21 21:55:56,178 [pool-219-thread-1] INFO  storage.RaftStorageDirectory (RaftStorageDirectory.java:tryLock(328)) - Lock on /workdir/hadoop-ozone/integration-test/target/test-dir/MiniOzoneClusterImpl-f9df1159-a46e-43dd-90f7-e431812950fc/datanode-7/data/ratis/2a7a640a-afe2-41c2-bb61-dc1757c7dd22/in_use.lock acquired by nodename 30080@pr-hdds-2240-577ml-2645996955
2019-10-21 21:55:56,178 [683a42e8-804c-4291-9261-2bc66677cfab@group-85818134391C-LeaderElection160] INFO  impl.LeaderElection (LeaderElection.java:askForVotes(178)) - 683a42e8-804c-4291-9261-2bc66677cfab@group-85818134391C-LeaderElection160: begin an election at term 1 for -1: [683a42e8-804c-4291-9261-2bc66677cfab:192.168.69.92:38974], old=null
2019-10-21 21:55:56,178 [683a42e8-804c-4291-9261-2bc66677cfab@group-85818134391C-LeaderElection160] INFO  impl.RoleInfo (RoleInfo.java:shutdownLeaderElection(134)) - 683a42e8-804c-4291-9261-2bc66677cfab: shutdown LeaderElection
2019-10-21 21:55:56,178 [683a42e8-804c-4291-9261-2bc66677cfab@group-85818134391C-LeaderElection160] INFO  impl.RaftServerImpl (RaftServerImpl.java:setRole(184)) - 683a42e8-804c-4291-9261-2bc66677cfab@group-85818134391C: changes role from CANDIDATE to LEADER at term 1 for changeToLeader
2019-10-21 21:55:56,178 [683a42e8-804c-4291-9261-2bc66677cfab@group-85818134391C-LeaderElection160] INFO  impl.RaftServerImpl (ServerState.java:setLeader(256)) - 683a42e8-804c-4291-9261-2bc66677cfab@group-85818134391C: change Leader from null to 683a42e8-804c-4291-9261-2bc66677cfab at term 1 for becomeLeader, leader elected after 202ms
2019-10-21 21:55:56,178 [683a42e8-804c-4291-9261-2bc66677cfab@group-85818134391C-LeaderElection160] INFO  server.RaftServerConfigKeys (ConfUtils.java:logGet(43)) - raft.server.staging.catchup.gap = 1000 (default)
2019-10-21 21:55:56,178 [683a42e8-804c-4291-9261-2bc66677cfab@group-85818134391C-LeaderElection160] INFO  server.RaftServerConfigKeys (ConfUtils.java:logGet(43)) - raft.server.rpc.sleep.time = 25ms (default)
2019-10-21 21:55:56,179 [683a42e8-804c-4291-9261-2bc66677cfab@group-85818134391C-LeaderElection160] INFO  server.RaftServerConfigKeys (ConfUtils.java:logGet(43)) - raft.server.write.element-limit = 4096 (default)
2019-10-21 21:55:56,179 [683a42e8-804c-4291-9261-2bc66677cfab@group-85818134391C-LeaderElection160] INFO  server.RaftServerConfigKeys (ConfUtils.java:logGet(43)) - raft.server.watch.timeout = 10s (default)
2019-10-21 21:55:56,179 [683a42e8-804c-4291-9261-2bc66677cfab@group-85818134391C-LeaderElection160] INFO  server.RaftServerConfigKeys (ConfUtils.java:logGet(43)) - raft.server.watch.timeout.denomination = 1s (default)
2019-10-21 21:55:56,179 [683a42e8-804c-4291-9261-2bc66677cfab@group-85818134391C-LeaderElection160] INFO  server.RaftServerConfigKeys (ConfUtils.java:logGet(43)) - raft.server.watch.element-limit = 65536 (default)
2019-10-21 21:55:56,180 [Thread-1908] INFO  impl.FollowerState (FollowerState.java:run(108)) - 25026a40-ec59-48c3-bdd0-cf5c1bf30c8c@group-848012D703DB-FollowerState: change to CANDIDATE, lastRpcTime:44ms, electionTimeout:44ms
2019-10-21 21:55:56,180 [Thread-1908] INFO  impl.RoleInfo (RoleInfo.java:shutdownFollowerState(121)) - 25026a40-ec59-48c3-bdd0-cf5c1bf30c8c: shutdown FollowerState
2019-10-21 21:55:56,180 [main] INFO  ozone.MiniOzoneClusterImpl (MiniOzoneClusterImpl.java:lambda$waitForClusterToBeReady$0(147)) - Waiting for cluster to be ready. Got 9 of 10 DN Heartbeats.
2019-10-21 21:55:56,180 [683a42e8-804c-4291-9261-2bc66677cfab@group-85818134391C-LeaderElection160] INFO  impl.RoleInfo (RoleInfo.java:updateAndGet(143)) - 683a42e8-804c-4291-9261-2bc66677cfab: start LeaderState
2019-10-21 21:55:56,180 [Thread-1908] INFO  impl.RaftServerImpl (RaftServerImpl.java:setRole(184)) - 25026a40-ec59-48c3-bdd0-cf5c1bf30c8c@group-848012D703DB: changes role from  FOLLOWER to CANDIDATE at term 0 for changeToCandidate
2019-10-21 21:55:56,181 [683a42e8-804c-4291-9261-2bc66677cfab@group-85818134391C-LeaderElection160] INFO  segmented.SegmentedRaftLogWorker (SegmentedRaftLogWorker.java:startLogSegment(385)) - 683a42e8-804c-4291-9261-2bc66677cfab@group-85818134391C-SegmentedRaftLogWorker: Starting segment from index:0
2019-10-21 21:55:56,181 [Thread-1908] INFO  impl.RoleInfo (RoleInfo.java:updateAndGet(143)) - 25026a40-ec59-48c3-bdd0-cf5c1bf30c8c: start LeaderElection
2019-10-21 21:55:56,181 [683a42e8-804c-4291-9261-2bc66677cfab@group-85818134391C-LeaderElection160] INFO  impl.RaftServerImpl (ServerState.java:setRaftConf(357)) - 683a42e8-804c-4291-9261-2bc66677cfab@group-85818134391C: set configuration 0: [683a42e8-804c-4291-9261-2bc66677cfab:192.168.69.92:38974], old=null at 0
2019-10-21 21:55:56,217 [pool-219-thread-1] INFO  storage.RaftStorage (RaftStorage.java:format(84)) - Storage directory /workdir/hadoop-ozone/integration-test/target/test-dir/MiniOzoneClusterImpl-f9df1159-a46e-43dd-90f7-e431812950fc/datanode-7/data/ratis/2a7a640a-afe2-41c2-bb61-dc1757c7dd22 has been successfully formatted.
2019-10-21 21:55:56,218 [pool-219-thread-1] INFO  ratis.ContainerStateMachine (ContainerStateMachine.java:loadSnapshot(231)) - group-DC1757C7DD22: The snapshot info is null. Setting the last applied indexto:(t:0, i:~)
2019-10-21 21:55:56,218 [pool-219-thread-1] INFO  server.RaftServerConfigKeys (ConfUtils.java:logGet(43)) - raft.server.notification.no-leader.timeout = 120s (custom)
2019-10-21 21:55:56,218 [pool-219-thread-1] INFO  server.RaftServerConfigKeys (ConfUtils.java:logGet(43)) - raft.server.log.use.memory = false (default)
2019-10-21 21:55:56,218 [pool-219-thread-1] INFO  server.RaftServerConfigKeys (ConfUtils.java:logGet(43)) - raft.server.log.purge.gap = 1000000 (custom)
2019-10-21 21:55:56,218 [pool-219-thread-1] INFO  server.RaftServerConfigKeys (ConfUtils.java:logGet(43)) - raft.server.log.appender.buffer.byte-limit = 33554432 (custom)
2019-10-21 21:55:56,219 [pool-219-thread-1] INFO  server.RaftServerConfigKeys (ConfUtils.java:logGet(43)) - raft.server.log.segment.size.max = 1048576 (custom)
2019-10-21 21:55:56,219 [IPC Server handler 0 on 42327] INFO  net.NetworkTopology (NetworkTopologyImpl.java:add(111)) - Added a new node: /rack1/369f1351-eca5-492b-a682-1c26748f74ad
2019-10-21 21:55:56,219 [IPC Server handler 0 on 42327] INFO  node.SCMNodeManager (SCMNodeManager.java:register(268)) - Registered Data node : 369f1351-eca5-492b-a682-1c26748f74ad{ip: 192.168.69.92, host: pr-hdds-2240-577ml-2645996955, networkLocation: /rack1, certSerialId: null}
2019-10-21 21:55:56,221 [pool-219-thread-1] INFO  server.RaftServerConfigKeys (ConfUtils.java:logGet(43)) - raft.server.log.segment.cache.num.max = 2 (custom)
2019-10-21 21:55:56,222 [pool-219-thread-1] INFO  segmented.SegmentedRaftLogWorker (SegmentedRaftLogWorker.java:<init>(173)) - new 590972a8-254a-4d11-9ee4-9846de224337@group-DC1757C7DD22-SegmentedRaftLogWorker for RaftStorage:Storage Directory /workdir/hadoop-ozone/integration-test/target/test-dir/MiniOzoneClusterImpl-f9df1159-a46e-43dd-90f7-e431812950fc/datanode-7/data/ratis/2a7a640a-afe2-41c2-bb61-dc1757c7dd22
2019-10-21 21:55:56,222 [pool-219-thread-1] INFO  server.RaftServerConfigKeys (ConfUtils.java:logGet(43)) - raft.server.log.queue.byte-limit = 2147483647 (custom)
2019-10-21 21:55:56,222 [pool-219-thread-1] INFO  server.RaftServerConfigKeys (ConfUtils.java:logGet(43)) - raft.server.log.queue.element-limit = 1024 (custom)
2019-10-21 21:55:56,222 [pool-219-thread-1] INFO  server.RaftServerConfigKeys (ConfUtils.java:logGet(43)) - raft.server.log.segment.size.max = 1048576 (custom)
2019-10-21 21:55:56,222 [pool-219-thread-1] INFO  server.RaftServerConfigKeys (ConfUtils.java:logGet(43)) - raft.server.log.preallocated.size = 16384 (custom)
2019-10-21 21:55:56,223 [pool-219-thread-1] INFO  server.RaftServerConfigKeys (ConfUtils.java:logGet(43)) - raft.server.log.write.buffer.size = 33554432 (custom)
2019-10-21 21:55:56,223 [pool-219-thread-1] INFO  server.RaftServerConfigKeys (ConfUtils.java:logGet(43)) - raft.server.log.force.sync.num = 128 (default)
2019-10-21 21:55:56,223 [pool-219-thread-1] INFO  server.RaftServerConfigKeys (ConfUtils.java:logGet(43)) - raft.server.log.statemachine.data.sync = true (default)
2019-10-21 21:55:56,223 [pool-219-thread-1] INFO  server.RaftServerConfigKeys (ConfUtils.java:logGet(43)) - raft.server.log.statemachine.data.sync.timeout = 10s (default)
2019-10-21 21:55:56,223 [pool-219-thread-1] INFO  server.RaftServerConfigKeys (ConfUtils.java:logGet(43)) - raft.server.log.statemachine.data.sync.timeout.retry = -1 (default)
2019-10-21 21:55:56,224 [pool-219-thread-1] INFO  server.RaftServerConfigKeys (ConfUtils.java:logGet(43)) - raft.server.log.statemachine.data.caching.enabled = true (custom)
2019-10-21 21:55:56,224 [pool-219-thread-1] INFO  segmented.SegmentedRaftLogWorker (SegmentedRaftLogWorker.java:lambda$new$0(128)) - 590972a8-254a-4d11-9ee4-9846de224337@group-DC1757C7DD22-SegmentedRaftLogWorker: flushIndex: setUnconditionally 0 -> -1
2019-10-21 21:55:56,225 [pool-219-thread-1] INFO  server.RaftServerConfigKeys (ConfUtils.java:logGet(43)) - raft.server.snapshot.auto.trigger.enabled = true (custom)
2019-10-21 21:55:56,225 [pool-219-thread-1] INFO  server.RaftServerConfigKeys (ConfUtils.java:logGet(43)) - raft.server.snapshot.auto.trigger.threshold = 10000 (custom)
2019-10-21 21:55:56,225 [pool-219-thread-1] INFO  server.RaftServerConfigKeys (ConfUtils.java:logGet(43)) - raft.server.snapshot.retention.file.num = 5 (custom)
2019-10-21 21:55:56,225 [pool-219-thread-1] INFO  server.RaftServerConfigKeys (ConfUtils.java:logGet(43)) - raft.server.retrycache.expirytime = 600000ms (custom)
2019-10-21 21:55:56,230 [pool-219-thread-1] INFO  impl.RaftServerImpl (RaftServerImpl.java:start(195)) - 590972a8-254a-4d11-9ee4-9846de224337@group-DC1757C7DD22: start as a follower, conf=-1: [590972a8-254a-4d11-9ee4-9846de224337:192.168.69.92:35899], old=null
2019-10-21 21:55:56,230 [pool-219-thread-1] INFO  impl.RaftServerImpl (RaftServerImpl.java:setRole(184)) - 590972a8-254a-4d11-9ee4-9846de224337@group-DC1757C7DD22: changes role from      null to FOLLOWER at term 0 for startAsFollower
2019-10-21 21:55:56,231 [pool-219-thread-1] INFO  impl.RoleInfo (RoleInfo.java:updateAndGet(143)) - 590972a8-254a-4d11-9ee4-9846de224337: start FollowerState
2019-10-21 21:55:56,231 [25026a40-ec59-48c3-bdd0-cf5c1bf30c8c@group-848012D703DB-LeaderElection161] INFO  impl.LeaderElection (LeaderElection.java:askForVotes(178)) - 25026a40-ec59-48c3-bdd0-cf5c1bf30c8c@group-848012D703DB-LeaderElection161: begin an election at term 1 for -1: [25026a40-ec59-48c3-bdd0-cf5c1bf30c8c:192.168.69.92:38000], old=null
2019-10-21 21:55:56,231 [683a42e8-804c-4291-9261-2bc66677cfab@group-85818134391C-SegmentedRaftLogWorker] INFO  segmented.SegmentedRaftLogWorker (SegmentedRaftLogWorker.java:execute(576)) - 683a42e8-804c-4291-9261-2bc66677cfab@group-85818134391C-SegmentedRaftLogWorker: created new log segment /workdir/hadoop-ozone/integration-test/target/test-dir/MiniOzoneClusterImpl-f9df1159-a46e-43dd-90f7-e431812950fc/datanode-5/data/ratis/79c949bc-7186-4dcc-85eb-85818134391c/current/log_inprogress_0
2019-10-21 21:55:56,231 [25026a40-ec59-48c3-bdd0-cf5c1bf30c8c@group-848012D703DB-LeaderElection161] INFO  impl.RoleInfo (RoleInfo.java:shutdownLeaderElection(134)) - 25026a40-ec59-48c3-bdd0-cf5c1bf30c8c: shutdown LeaderElection
2019-10-21 21:55:56,231 [pool-219-thread-1] INFO  util.JmxRegister (JmxRegister.java:tryRegister(44)) - Successfully registered JMX Bean with object name Ratis:service=RaftServer,group=group-DC1757C7DD22,id=590972a8-254a-4d11-9ee4-9846de224337
2019-10-21 21:55:56,231 [25026a40-ec59-48c3-bdd0-cf5c1bf30c8c@group-848012D703DB-LeaderElection161] INFO  impl.RaftServerImpl (RaftServerImpl.java:setRole(184)) - 25026a40-ec59-48c3-bdd0-cf5c1bf30c8c@group-848012D703DB: changes role from CANDIDATE to LEADER at term 1 for changeToLeader
2019-10-21 21:55:56,231 [25026a40-ec59-48c3-bdd0-cf5c1bf30c8c@group-848012D703DB-LeaderElection161] INFO  impl.RaftServerImpl (ServerState.java:setLeader(256)) - 25026a40-ec59-48c3-bdd0-cf5c1bf30c8c@group-848012D703DB: change Leader from null to 25026a40-ec59-48c3-bdd0-cf5c1bf30c8c at term 1 for becomeLeader, leader elected after 107ms
2019-10-21 21:55:56,232 [25026a40-ec59-48c3-bdd0-cf5c1bf30c8c@group-848012D703DB-LeaderElection161] INFO  server.RaftServerConfigKeys (ConfUtils.java:logGet(43)) - raft.server.staging.catchup.gap = 1000 (default)
2019-10-21 21:55:56,232 [25026a40-ec59-48c3-bdd0-cf5c1bf30c8c@group-848012D703DB-LeaderElection161] INFO  server.RaftServerConfigKeys (ConfUtils.java:logGet(43)) - raft.server.rpc.sleep.time = 25ms (default)
2019-10-21 21:55:56,232 [25026a40-ec59-48c3-bdd0-cf5c1bf30c8c@group-848012D703DB-LeaderElection161] INFO  server.RaftServerConfigKeys (ConfUtils.java:logGet(43)) - raft.server.write.element-limit = 4096 (default)
2019-10-21 21:55:56,232 [25026a40-ec59-48c3-bdd0-cf5c1bf30c8c@group-848012D703DB-LeaderElection161] INFO  server.RaftServerConfigKeys (ConfUtils.java:logGet(43)) - raft.server.watch.timeout = 10s (default)
2019-10-21 21:55:56,232 [25026a40-ec59-48c3-bdd0-cf5c1bf30c8c@group-848012D703DB-LeaderElection161] INFO  server.RaftServerConfigKeys (ConfUtils.java:logGet(43)) - raft.server.watch.timeout.denomination = 1s (default)
2019-10-21 21:55:56,232 [25026a40-ec59-48c3-bdd0-cf5c1bf30c8c@group-848012D703DB-LeaderElection161] INFO  server.RaftServerConfigKeys (ConfUtils.java:logGet(43)) - raft.server.watch.element-limit = 65536 (default)
2019-10-21 21:55:56,235 [25026a40-ec59-48c3-bdd0-cf5c1bf30c8c@group-848012D703DB-LeaderElection161] INFO  impl.RoleInfo (RoleInfo.java:updateAndGet(143)) - 25026a40-ec59-48c3-bdd0-cf5c1bf30c8c: start LeaderState
2019-10-21 21:55:56,235 [25026a40-ec59-48c3-bdd0-cf5c1bf30c8c@group-848012D703DB-LeaderElection161] INFO  segmented.SegmentedRaftLogWorker (SegmentedRaftLogWorker.java:startLogSegment(385)) - 25026a40-ec59-48c3-bdd0-cf5c1bf30c8c@group-848012D703DB-SegmentedRaftLogWorker: Starting segment from index:0
2019-10-21 21:55:56,236 [25026a40-ec59-48c3-bdd0-cf5c1bf30c8c@group-848012D703DB-LeaderElection161] INFO  impl.RaftServerImpl (ServerState.java:setRaftConf(357)) - 25026a40-ec59-48c3-bdd0-cf5c1bf30c8c@group-848012D703DB: set configuration 0: [25026a40-ec59-48c3-bdd0-cf5c1bf30c8c:192.168.69.92:38000], old=null at 0
2019-10-21 21:55:56,238 [RatisPipelineUtilsThread] INFO  pipeline.PipelineStateManager (PipelineStateManager.java:addPipeline(56)) - Created pipeline Pipeline[ Id: 2a7a640a-afe2-41c2-bb61-dc1757c7dd22, Nodes: 590972a8-254a-4d11-9ee4-9846de224337{ip: 192.168.69.92, host: pr-hdds-2240-577ml-2645996955, networkLocation: /rack1, certSerialId: null}, Type:RATIS, Factor:ONE, State:OPEN]
2019-10-21 21:55:56,272 [Thread-1904] INFO  impl.FollowerState (FollowerState.java:run(108)) - c24b6cc2-153d-4b64-a24d-9eaa76f76215@group-790B4307CDBD-FollowerState: change to CANDIDATE, lastRpcTime:229ms, electionTimeout:199ms
2019-10-21 21:55:56,273 [Thread-1904] INFO  impl.RoleInfo (RoleInfo.java:shutdownFollowerState(121)) - c24b6cc2-153d-4b64-a24d-9eaa76f76215: shutdown FollowerState
2019-10-21 21:55:56,273 [Thread-1904] INFO  impl.RaftServerImpl (RaftServerImpl.java:setRole(184)) - c24b6cc2-153d-4b64-a24d-9eaa76f76215@group-790B4307CDBD: changes role from  FOLLOWER to CANDIDATE at term 0 for changeToCandidate
2019-10-21 21:55:56,273 [Thread-1904] INFO  impl.RoleInfo (RoleInfo.java:updateAndGet(143)) - c24b6cc2-153d-4b64-a24d-9eaa76f76215: start LeaderElection
2019-10-21 21:55:56,286 [25026a40-ec59-48c3-bdd0-cf5c1bf30c8c@group-848012D703DB-SegmentedRaftLogWorker] INFO  segmented.SegmentedRaftLogWorker (SegmentedRaftLogWorker.java:execute(576)) - 25026a40-ec59-48c3-bdd0-cf5c1bf30c8c@group-848012D703DB-SegmentedRaftLogWorker: created new log segment /workdir/hadoop-ozone/integration-test/target/test-dir/MiniOzoneClusterImpl-f9df1159-a46e-43dd-90f7-e431812950fc/datanode-3/data/ratis/33dbd6ef-2a98-47af-a057-848012d703db/current/log_inprogress_0
2019-10-21 21:55:56,286 [c24b6cc2-153d-4b64-a24d-9eaa76f76215@group-790B4307CDBD-LeaderElection162] INFO  impl.LeaderElection (LeaderElection.java:askForVotes(178)) - c24b6cc2-153d-4b64-a24d-9eaa76f76215@group-790B4307CDBD-LeaderElection162: begin an election at term 1 for -1: [c24b6cc2-153d-4b64-a24d-9eaa76f76215:192.168.69.92:44123], old=null
2019-10-21 21:55:56,286 [grpc-default-executor-6] INFO  impl.RaftServerProxy (RaftServerProxy.java:addNew(89)) - 369f1351-eca5-492b-a682-1c26748f74ad: addNew group-4FD13A569D52:[369f1351-eca5-492b-a682-1c26748f74ad:192.168.69.92:44343] returns group-4FD13A569D52:java.util.concurrent.CompletableFuture@26dc19b7[Not completed]
2019-10-21 21:55:56,286 [c24b6cc2-153d-4b64-a24d-9eaa76f76215@group-790B4307CDBD-LeaderElection162] INFO  impl.RoleInfo (RoleInfo.java:shutdownLeaderElection(134)) - c24b6cc2-153d-4b64-a24d-9eaa76f76215: shutdown LeaderElection
2019-10-21 21:55:56,287 [c24b6cc2-153d-4b64-a24d-9eaa76f76215@group-790B4307CDBD-LeaderElection162] INFO  impl.RaftServerImpl (RaftServerImpl.java:setRole(184)) - c24b6cc2-153d-4b64-a24d-9eaa76f76215@group-790B4307CDBD: changes role from CANDIDATE to LEADER at term 1 for changeToLeader
2019-10-21 21:55:56,287 [c24b6cc2-153d-4b64-a24d-9eaa76f76215@group-790B4307CDBD-LeaderElection162] INFO  impl.RaftServerImpl (ServerState.java:setLeader(256)) - c24b6cc2-153d-4b64-a24d-9eaa76f76215@group-790B4307CDBD: change Leader from null to c24b6cc2-153d-4b64-a24d-9eaa76f76215 at term 1 for becomeLeader, leader elected after 264ms
2019-10-21 21:55:56,287 [c24b6cc2-153d-4b64-a24d-9eaa76f76215@group-790B4307CDBD-LeaderElection162] INFO  server.RaftServerConfigKeys (ConfUtils.java:logGet(43)) - raft.server.staging.catchup.gap = 1000 (default)
2019-10-21 21:55:56,287 [c24b6cc2-153d-4b64-a24d-9eaa76f76215@group-790B4307CDBD-LeaderElection162] INFO  server.RaftServerConfigKeys (ConfUtils.java:logGet(43)) - raft.server.rpc.sleep.time = 25ms (default)
2019-10-21 21:55:56,287 [c24b6cc2-153d-4b64-a24d-9eaa76f76215@group-790B4307CDBD-LeaderElection162] INFO  server.RaftServerConfigKeys (ConfUtils.java:logGet(43)) - raft.server.write.element-limit = 4096 (default)
2019-10-21 21:55:56,287 [c24b6cc2-153d-4b64-a24d-9eaa76f76215@group-790B4307CDBD-LeaderElection162] INFO  server.RaftServerConfigKeys (ConfUtils.java:logGet(43)) - raft.server.watch.timeout = 10s (default)
2019-10-21 21:55:56,288 [c24b6cc2-153d-4b64-a24d-9eaa76f76215@group-790B4307CDBD-LeaderElection162] INFO  server.RaftServerConfigKeys (ConfUtils.java:logGet(43)) - raft.server.watch.timeout.denomination = 1s (default)
2019-10-21 21:55:56,288 [c24b6cc2-153d-4b64-a24d-9eaa76f76215@group-790B4307CDBD-LeaderElection162] INFO  server.RaftServerConfigKeys (ConfUtils.java:logGet(43)) - raft.server.watch.element-limit = 65536 (default)
2019-10-21 21:55:56,288 [pool-239-thread-1] INFO  impl.RaftServerImpl (RaftServerImpl.java:<init>(104)) - 369f1351-eca5-492b-a682-1c26748f74ad: new RaftServerImpl for group-4FD13A569D52:[369f1351-eca5-492b-a682-1c26748f74ad:192.168.69.92:44343] with ContainerStateMachine:uninitialized
2019-10-21 21:55:56,289 [pool-239-thread-1] INFO  server.RaftServerConfigKeys (ConfUtils.java:logGet(43)) - raft.server.rpc.timeout.min = 1s (custom)
2019-10-21 21:55:56,289 [pool-239-thread-1] INFO  server.RaftServerConfigKeys (ConfUtils.java:logGet(43)) - raft.server.rpc.timeout.max = 1200ms (custom)
2019-10-21 21:55:56,289 [pool-239-thread-1] INFO  server.RaftServerConfigKeys (ConfUtils.java:logGet(43)) - raft.server.rpcslowness.timeout = 120s (custom)
2019-10-21 21:55:56,289 [pool-239-thread-1] INFO  server.RaftServerConfigKeys (ConfUtils.java:logGet(43)) - raft.server.sleep.deviation.threshold = 300 (default)
2019-10-21 21:55:56,289 [pool-239-thread-1] INFO  server.RaftServerConfigKeys (ConfUtils.java:logGet(43)) - raft.server.log.appender.install.snapshot.enabled = false (custom)
2019-10-21 21:55:56,289 [pool-239-thread-1] INFO  impl.RaftServerImpl (ServerState.java:<init>(103)) - 369f1351-eca5-492b-a682-1c26748f74ad@group-4FD13A569D52: ConfigurationManager, init=-1: [369f1351-eca5-492b-a682-1c26748f74ad:192.168.69.92:44343], old=null, confs=<EMPTY_MAP>
2019-10-21 21:55:56,290 [pool-239-thread-1] INFO  server.RaftServerConfigKeys (ConfUtils.java:logGet(43)) - raft.server.storage.dir = [/workdir/hadoop-ozone/integration-test/target/test-dir/MiniOzoneClusterImpl-f9df1159-a46e-43dd-90f7-e431812950fc/datanode-9/data/ratis] (custom)
2019-10-21 21:55:56,290 [c24b6cc2-153d-4b64-a24d-9eaa76f76215@group-790B4307CDBD-LeaderElection162] INFO  impl.RoleInfo (RoleInfo.java:updateAndGet(143)) - c24b6cc2-153d-4b64-a24d-9eaa76f76215: start LeaderState
2019-10-21 21:55:56,290 [pool-239-thread-1] INFO  server.RaftServerConfigKeys (ConfUtils.java:logGet(43)) - raft.server.log.corruption.policy = EXCEPTION (default)
2019-10-21 21:55:56,290 [c24b6cc2-153d-4b64-a24d-9eaa76f76215@group-790B4307CDBD-LeaderElection162] INFO  segmented.SegmentedRaftLogWorker (SegmentedRaftLogWorker.java:startLogSegment(385)) - c24b6cc2-153d-4b64-a24d-9eaa76f76215@group-790B4307CDBD-SegmentedRaftLogWorker: Starting segment from index:0
2019-10-21 21:55:56,290 [pool-239-thread-1] INFO  storage.RaftStorageDirectory (RaftStorageDirectory.java:analyzeStorage(246)) - The storage directory /workdir/hadoop-ozone/integration-test/target/test-dir/MiniOzoneClusterImpl-f9df1159-a46e-43dd-90f7-e431812950fc/datanode-9/data/ratis/15c74acf-f5dc-440a-a54e-4fd13a569d52 does not exist. Creating ...
2019-10-21 21:55:56,291 [c24b6cc2-153d-4b64-a24d-9eaa76f76215@group-790B4307CDBD-LeaderElection162] INFO  impl.RaftServerImpl (ServerState.java:setRaftConf(357)) - c24b6cc2-153d-4b64-a24d-9eaa76f76215@group-790B4307CDBD: set configuration 0: [c24b6cc2-153d-4b64-a24d-9eaa76f76215:192.168.69.92:44123], old=null at 0
2019-10-21 21:55:56,300 [pool-239-thread-1] INFO  storage.RaftStorageDirectory (RaftStorageDirectory.java:tryLock(328)) - Lock on /workdir/hadoop-ozone/integration-test/target/test-dir/MiniOzoneClusterImpl-f9df1159-a46e-43dd-90f7-e431812950fc/datanode-9/data/ratis/15c74acf-f5dc-440a-a54e-4fd13a569d52/in_use.lock acquired by nodename 30080@pr-hdds-2240-577ml-2645996955
2019-10-21 21:55:56,313 [pool-239-thread-1] INFO  storage.RaftStorage (RaftStorage.java:format(84)) - Storage directory /workdir/hadoop-ozone/integration-test/target/test-dir/MiniOzoneClusterImpl-f9df1159-a46e-43dd-90f7-e431812950fc/datanode-9/data/ratis/15c74acf-f5dc-440a-a54e-4fd13a569d52 has been successfully formatted.
2019-10-21 21:55:56,313 [pool-239-thread-1] INFO  ratis.ContainerStateMachine (ContainerStateMachine.java:loadSnapshot(231)) - group-4FD13A569D52: The snapshot info is null. Setting the last applied indexto:(t:0, i:~)
2019-10-21 21:55:56,314 [pool-239-thread-1] INFO  server.RaftServerConfigKeys (ConfUtils.java:logGet(43)) - raft.server.notification.no-leader.timeout = 120s (custom)
2019-10-21 21:55:56,314 [pool-239-thread-1] INFO  server.RaftServerConfigKeys (ConfUtils.java:logGet(43)) - raft.server.log.use.memory = false (default)
2019-10-21 21:55:56,314 [pool-239-thread-1] INFO  server.RaftServerConfigKeys (ConfUtils.java:logGet(43)) - raft.server.log.purge.gap = 1000000 (custom)
2019-10-21 21:55:56,314 [pool-239-thread-1] INFO  server.RaftServerConfigKeys (ConfUtils.java:logGet(43)) - raft.server.log.appender.buffer.byte-limit = 33554432 (custom)
2019-10-21 21:55:56,314 [pool-239-thread-1] INFO  server.RaftServerConfigKeys (ConfUtils.java:logGet(43)) - raft.server.log.segment.size.max = 1048576 (custom)
2019-10-21 21:55:56,316 [pool-239-thread-1] INFO  server.RaftServerConfigKeys (ConfUtils.java:logGet(43)) - raft.server.log.segment.cache.num.max = 2 (custom)
2019-10-21 21:55:56,317 [pool-239-thread-1] INFO  segmented.SegmentedRaftLogWorker (SegmentedRaftLogWorker.java:<init>(173)) - new 369f1351-eca5-492b-a682-1c26748f74ad@group-4FD13A569D52-SegmentedRaftLogWorker for RaftStorage:Storage Directory /workdir/hadoop-ozone/integration-test/target/test-dir/MiniOzoneClusterImpl-f9df1159-a46e-43dd-90f7-e431812950fc/datanode-9/data/ratis/15c74acf-f5dc-440a-a54e-4fd13a569d52
2019-10-21 21:55:56,317 [pool-239-thread-1] INFO  server.RaftServerConfigKeys (ConfUtils.java:logGet(43)) - raft.server.log.queue.byte-limit = 2147483647 (custom)
2019-10-21 21:55:56,317 [pool-239-thread-1] INFO  server.RaftServerConfigKeys (ConfUtils.java:logGet(43)) - raft.server.log.queue.element-limit = 1024 (custom)
2019-10-21 21:55:56,317 [pool-239-thread-1] INFO  server.RaftServerConfigKeys (ConfUtils.java:logGet(43)) - raft.server.log.segment.size.max = 1048576 (custom)
2019-10-21 21:55:56,317 [pool-239-thread-1] INFO  server.RaftServerConfigKeys (ConfUtils.java:logGet(43)) - raft.server.log.preallocated.size = 16384 (custom)
2019-10-21 21:55:56,317 [pool-239-thread-1] INFO  server.RaftServerConfigKeys (ConfUtils.java:logGet(43)) - raft.server.log.write.buffer.size = 33554432 (custom)
2019-10-21 21:55:56,317 [pool-239-thread-1] INFO  server.RaftServerConfigKeys (ConfUtils.java:logGet(43)) - raft.server.log.force.sync.num = 128 (default)
2019-10-21 21:55:56,317 [pool-239-thread-1] INFO  server.RaftServerConfigKeys (ConfUtils.java:logGet(43)) - raft.server.log.statemachine.data.sync = true (default)
2019-10-21 21:55:56,318 [pool-239-thread-1] INFO  server.RaftServerConfigKeys (ConfUtils.java:logGet(43)) - raft.server.log.statemachine.data.sync.timeout = 10s (default)
2019-10-21 21:55:56,318 [pool-239-thread-1] INFO  server.RaftServerConfigKeys (ConfUtils.java:logGet(43)) - raft.server.log.statemachine.data.sync.timeout.retry = -1 (default)
2019-10-21 21:55:56,318 [pool-239-thread-1] INFO  server.RaftServerConfigKeys (ConfUtils.java:logGet(43)) - raft.server.log.statemachine.data.caching.enabled = true (custom)
2019-10-21 21:55:56,319 [pool-239-thread-1] INFO  segmented.SegmentedRaftLogWorker (SegmentedRaftLogWorker.java:lambda$new$0(128)) - 369f1351-eca5-492b-a682-1c26748f74ad@group-4FD13A569D52-SegmentedRaftLogWorker: flushIndex: setUnconditionally 0 -> -1
2019-10-21 21:55:56,319 [pool-239-thread-1] INFO  server.RaftServerConfigKeys (ConfUtils.java:logGet(43)) - raft.server.snapshot.auto.trigger.enabled = true (custom)
2019-10-21 21:55:56,319 [pool-239-thread-1] INFO  server.RaftServerConfigKeys (ConfUtils.java:logGet(43)) - raft.server.snapshot.auto.trigger.threshold = 10000 (custom)
2019-10-21 21:55:56,319 [pool-239-thread-1] INFO  server.RaftServerConfigKeys (ConfUtils.java:logGet(43)) - raft.server.snapshot.retention.file.num = 5 (custom)
2019-10-21 21:55:56,319 [pool-239-thread-1] INFO  server.RaftServerConfigKeys (ConfUtils.java:logGet(43)) - raft.server.retrycache.expirytime = 600000ms (custom)
2019-10-21 21:55:56,322 [pool-239-thread-1] INFO  impl.RaftServerImpl (RaftServerImpl.java:start(195)) - 369f1351-eca5-492b-a682-1c26748f74ad@group-4FD13A569D52: start as a follower, conf=-1: [369f1351-eca5-492b-a682-1c26748f74ad:192.168.69.92:44343], old=null
2019-10-21 21:55:56,322 [pool-239-thread-1] INFO  impl.RaftServerImpl (RaftServerImpl.java:setRole(184)) - 369f1351-eca5-492b-a682-1c26748f74ad@group-4FD13A569D52: changes role from      null to FOLLOWER at term 0 for startAsFollower
2019-10-21 21:55:56,322 [pool-239-thread-1] INFO  impl.RoleInfo (RoleInfo.java:updateAndGet(143)) - 369f1351-eca5-492b-a682-1c26748f74ad: start FollowerState
2019-10-21 21:55:56,323 [pool-239-thread-1] INFO  util.JmxRegister (JmxRegister.java:tryRegister(44)) - Successfully registered JMX Bean with object name Ratis:service=RaftServer,group=group-4FD13A569D52,id=369f1351-eca5-492b-a682-1c26748f74ad
2019-10-21 21:55:56,327 [RatisPipelineUtilsThread] INFO  pipeline.PipelineStateManager (PipelineStateManager.java:addPipeline(56)) - Created pipeline Pipeline[ Id: 15c74acf-f5dc-440a-a54e-4fd13a569d52, Nodes: 369f1351-eca5-492b-a682-1c26748f74ad{ip: 192.168.69.92, host: pr-hdds-2240-577ml-2645996955, networkLocation: /rack1, certSerialId: null}, Type:RATIS, Factor:ONE, State:OPEN]
2019-10-21 21:55:56,344 [c24b6cc2-153d-4b64-a24d-9eaa76f76215@group-790B4307CDBD-SegmentedRaftLogWorker] INFO  segmented.SegmentedRaftLogWorker (SegmentedRaftLogWorker.java:execute(576)) - c24b6cc2-153d-4b64-a24d-9eaa76f76215@group-790B4307CDBD-SegmentedRaftLogWorker: created new log segment /workdir/hadoop-ozone/integration-test/target/test-dir/MiniOzoneClusterImpl-f9df1159-a46e-43dd-90f7-e431812950fc/datanode-6/data/ratis/bc2ccfdd-a284-4a68-87e3-790b4307cdbd/current/log_inprogress_0
2019-10-21 21:55:56,344 [grpc-default-executor-6] INFO  impl.RaftServerProxy (RaftServerProxy.java:addNew(89)) - f97d0911-7779-4207-bfcb-e80c65d878a3: addNew group-0EF552826630:[f97d0911-7779-4207-bfcb-e80c65d878a3:192.168.69.92:43435] returns group-0EF552826630:java.util.concurrent.CompletableFuture@78015f7d[Not completed]
2019-10-21 21:55:56,345 [pool-229-thread-1] INFO  impl.RaftServerImpl (RaftServerImpl.java:<init>(104)) - f97d0911-7779-4207-bfcb-e80c65d878a3: new RaftServerImpl for group-0EF552826630:[f97d0911-7779-4207-bfcb-e80c65d878a3:192.168.69.92:43435] with ContainerStateMachine:uninitialized
2019-10-21 21:55:56,345 [pool-229-thread-1] INFO  server.RaftServerConfigKeys (ConfUtils.java:logGet(43)) - raft.server.rpc.timeout.min = 1s (custom)
2019-10-21 21:55:56,345 [pool-229-thread-1] INFO  server.RaftServerConfigKeys (ConfUtils.java:logGet(43)) - raft.server.rpc.timeout.max = 1200ms (custom)
2019-10-21 21:55:56,345 [pool-229-thread-1] INFO  server.RaftServerConfigKeys (ConfUtils.java:logGet(43)) - raft.server.rpcslowness.timeout = 120s (custom)
2019-10-21 21:55:56,345 [pool-229-thread-1] INFO  server.RaftServerConfigKeys (ConfUtils.java:logGet(43)) - raft.server.sleep.deviation.threshold = 300 (default)
2019-10-21 21:55:56,345 [pool-229-thread-1] INFO  server.RaftServerConfigKeys (ConfUtils.java:logGet(43)) - raft.server.log.appender.install.snapshot.enabled = false (custom)
2019-10-21 21:55:56,345 [pool-229-thread-1] INFO  impl.RaftServerImpl (ServerState.java:<init>(103)) - f97d0911-7779-4207-bfcb-e80c65d878a3@group-0EF552826630: ConfigurationManager, init=-1: [f97d0911-7779-4207-bfcb-e80c65d878a3:192.168.69.92:43435], old=null, confs=<EMPTY_MAP>
2019-10-21 21:55:56,346 [pool-229-thread-1] INFO  server.RaftServerConfigKeys (ConfUtils.java:logGet(43)) - raft.server.storage.dir = [/workdir/hadoop-ozone/integration-test/target/test-dir/MiniOzoneClusterImpl-f9df1159-a46e-43dd-90f7-e431812950fc/datanode-8/data/ratis] (custom)
2019-10-21 21:55:56,346 [pool-229-thread-1] INFO  server.RaftServerConfigKeys (ConfUtils.java:logGet(43)) - raft.server.log.corruption.policy = EXCEPTION (default)
2019-10-21 21:55:56,346 [pool-229-thread-1] INFO  storage.RaftStorageDirectory (RaftStorageDirectory.java:analyzeStorage(246)) - The storage directory /workdir/hadoop-ozone/integration-test/target/test-dir/MiniOzoneClusterImpl-f9df1159-a46e-43dd-90f7-e431812950fc/datanode-8/data/ratis/5c4e782b-9d7e-42b0-965d-0ef552826630 does not exist. Creating ...
2019-10-21 21:55:56,356 [Thread-1914] INFO  impl.FollowerState (FollowerState.java:run(108)) - 590972a8-254a-4d11-9ee4-9846de224337@group-DC1757C7DD22-FollowerState: change to CANDIDATE, lastRpcTime:125ms, electionTimeout:125ms
2019-10-21 21:55:56,356 [Thread-1914] INFO  impl.RoleInfo (RoleInfo.java:shutdownFollowerState(121)) - 590972a8-254a-4d11-9ee4-9846de224337: shutdown FollowerState
2019-10-21 21:55:56,356 [Thread-1914] INFO  impl.RaftServerImpl (RaftServerImpl.java:setRole(184)) - 590972a8-254a-4d11-9ee4-9846de224337@group-DC1757C7DD22: changes role from  FOLLOWER to CANDIDATE at term 0 for changeToCandidate
2019-10-21 21:55:56,356 [Thread-1914] INFO  impl.RoleInfo (RoleInfo.java:updateAndGet(143)) - 590972a8-254a-4d11-9ee4-9846de224337: start LeaderElection
2019-10-21 21:55:56,360 [pool-229-thread-1] INFO  storage.RaftStorageDirectory (RaftStorageDirectory.java:tryLock(328)) - Lock on /workdir/hadoop-ozone/integration-test/target/test-dir/MiniOzoneClusterImpl-f9df1159-a46e-43dd-90f7-e431812950fc/datanode-8/data/ratis/5c4e782b-9d7e-42b0-965d-0ef552826630/in_use.lock acquired by nodename 30080@pr-hdds-2240-577ml-2645996955
2019-10-21 21:55:56,376 [pool-229-thread-1] INFO  storage.RaftStorage (RaftStorage.java:format(84)) - Storage directory /workdir/hadoop-ozone/integration-test/target/test-dir/MiniOzoneClusterImpl-f9df1159-a46e-43dd-90f7-e431812950fc/datanode-8/data/ratis/5c4e782b-9d7e-42b0-965d-0ef552826630 has been successfully formatted.
2019-10-21 21:55:56,376 [590972a8-254a-4d11-9ee4-9846de224337@group-DC1757C7DD22-LeaderElection163] INFO  impl.LeaderElection (LeaderElection.java:askForVotes(178)) - 590972a8-254a-4d11-9ee4-9846de224337@group-DC1757C7DD22-LeaderElection163: begin an election at term 1 for -1: [590972a8-254a-4d11-9ee4-9846de224337:192.168.69.92:35899], old=null
2019-10-21 21:55:56,376 [pool-229-thread-1] INFO  ratis.ContainerStateMachine (ContainerStateMachine.java:loadSnapshot(231)) - group-0EF552826630: The snapshot info is null. Setting the last applied indexto:(t:0, i:~)
2019-10-21 21:55:56,376 [590972a8-254a-4d11-9ee4-9846de224337@group-DC1757C7DD22-LeaderElection163] INFO  impl.RoleInfo (RoleInfo.java:shutdownLeaderElection(134)) - 590972a8-254a-4d11-9ee4-9846de224337: shutdown LeaderElection
2019-10-21 21:55:56,376 [pool-229-thread-1] INFO  server.RaftServerConfigKeys (ConfUtils.java:logGet(43)) - raft.server.notification.no-leader.timeout = 120s (custom)
2019-10-21 21:55:56,376 [590972a8-254a-4d11-9ee4-9846de224337@group-DC1757C7DD22-LeaderElection163] INFO  impl.RaftServerImpl (RaftServerImpl.java:setRole(184)) - 590972a8-254a-4d11-9ee4-9846de224337@group-DC1757C7DD22: changes role from CANDIDATE to LEADER at term 1 for changeToLeader
2019-10-21 21:55:56,376 [pool-229-thread-1] INFO  server.RaftServerConfigKeys (ConfUtils.java:logGet(43)) - raft.server.log.use.memory = false (default)
2019-10-21 21:55:56,376 [590972a8-254a-4d11-9ee4-9846de224337@group-DC1757C7DD22-LeaderElection163] INFO  impl.RaftServerImpl (ServerState.java:setLeader(256)) - 590972a8-254a-4d11-9ee4-9846de224337@group-DC1757C7DD22: change Leader from null to 590972a8-254a-4d11-9ee4-9846de224337 at term 1 for becomeLeader, leader elected after 158ms
2019-10-21 21:55:56,376 [pool-229-thread-1] INFO  server.RaftServerConfigKeys (ConfUtils.java:logGet(43)) - raft.server.log.purge.gap = 1000000 (custom)
2019-10-21 21:55:56,376 [590972a8-254a-4d11-9ee4-9846de224337@group-DC1757C7DD22-LeaderElection163] INFO  server.RaftServerConfigKeys (ConfUtils.java:logGet(43)) - raft.server.staging.catchup.gap = 1000 (default)
2019-10-21 21:55:56,376 [pool-229-thread-1] INFO  server.RaftServerConfigKeys (ConfUtils.java:logGet(43)) - raft.server.log.appender.buffer.byte-limit = 33554432 (custom)
2019-10-21 21:55:56,377 [590972a8-254a-4d11-9ee4-9846de224337@group-DC1757C7DD22-LeaderElection163] INFO  server.RaftServerConfigKeys (ConfUtils.java:logGet(43)) - raft.server.rpc.sleep.time = 25ms (default)
2019-10-21 21:55:56,377 [pool-229-thread-1] INFO  server.RaftServerConfigKeys (ConfUtils.java:logGet(43)) - raft.server.log.segment.size.max = 1048576 (custom)
2019-10-21 21:55:56,377 [590972a8-254a-4d11-9ee4-9846de224337@group-DC1757C7DD22-LeaderElection163] INFO  server.RaftServerConfigKeys (ConfUtils.java:logGet(43)) - raft.server.write.element-limit = 4096 (default)
2019-10-21 21:55:56,377 [590972a8-254a-4d11-9ee4-9846de224337@group-DC1757C7DD22-LeaderElection163] INFO  server.RaftServerConfigKeys (ConfUtils.java:logGet(43)) - raft.server.watch.timeout = 10s (default)
2019-10-21 21:55:56,377 [590972a8-254a-4d11-9ee4-9846de224337@group-DC1757C7DD22-LeaderElection163] INFO  server.RaftServerConfigKeys (ConfUtils.java:logGet(43)) - raft.server.watch.timeout.denomination = 1s (default)
2019-10-21 21:55:56,377 [590972a8-254a-4d11-9ee4-9846de224337@group-DC1757C7DD22-LeaderElection163] INFO  server.RaftServerConfigKeys (ConfUtils.java:logGet(43)) - raft.server.watch.element-limit = 65536 (default)
2019-10-21 21:55:56,378 [pool-229-thread-1] INFO  server.RaftServerConfigKeys (ConfUtils.java:logGet(43)) - raft.server.log.segment.cache.num.max = 2 (custom)
2019-10-21 21:55:56,378 [pool-229-thread-1] INFO  segmented.SegmentedRaftLogWorker (SegmentedRaftLogWorker.java:<init>(173)) - new f97d0911-7779-4207-bfcb-e80c65d878a3@group-0EF552826630-SegmentedRaftLogWorker for RaftStorage:Storage Directory /workdir/hadoop-ozone/integration-test/target/test-dir/MiniOzoneClusterImpl-f9df1159-a46e-43dd-90f7-e431812950fc/datanode-8/data/ratis/5c4e782b-9d7e-42b0-965d-0ef552826630
2019-10-21 21:55:56,378 [pool-229-thread-1] INFO  server.RaftServerConfigKeys (ConfUtils.java:logGet(43)) - raft.server.log.queue.byte-limit = 2147483647 (custom)
2019-10-21 21:55:56,379 [pool-229-thread-1] INFO  server.RaftServerConfigKeys (ConfUtils.java:logGet(43)) - raft.server.log.queue.element-limit = 1024 (custom)
2019-10-21 21:55:56,379 [pool-229-thread-1] INFO  server.RaftServerConfigKeys (ConfUtils.java:logGet(43)) - raft.server.log.segment.size.max = 1048576 (custom)
2019-10-21 21:55:56,379 [pool-229-thread-1] INFO  server.RaftServerConfigKeys (ConfUtils.java:logGet(43)) - raft.server.log.preallocated.size = 16384 (custom)
2019-10-21 21:55:56,379 [pool-229-thread-1] INFO  server.RaftServerConfigKeys (ConfUtils.java:logGet(43)) - raft.server.log.write.buffer.size = 33554432 (custom)
2019-10-21 21:55:56,379 [pool-229-thread-1] INFO  server.RaftServerConfigKeys (ConfUtils.java:logGet(43)) - raft.server.log.force.sync.num = 128 (default)
2019-10-21 21:55:56,379 [pool-229-thread-1] INFO  server.RaftServerConfigKeys (ConfUtils.java:logGet(43)) - raft.server.log.statemachine.data.sync = true (default)
2019-10-21 21:55:56,379 [pool-229-thread-1] INFO  server.RaftServerConfigKeys (ConfUtils.java:logGet(43)) - raft.server.log.statemachine.data.sync.timeout = 10s (default)
2019-10-21 21:55:56,379 [pool-229-thread-1] INFO  server.RaftServerConfigKeys (ConfUtils.java:logGet(43)) - raft.server.log.statemachine.data.sync.timeout.retry = -1 (default)
2019-10-21 21:55:56,379 [590972a8-254a-4d11-9ee4-9846de224337@group-DC1757C7DD22-LeaderElection163] INFO  impl.RoleInfo (RoleInfo.java:updateAndGet(143)) - 590972a8-254a-4d11-9ee4-9846de224337: start LeaderState
2019-10-21 21:55:56,380 [pool-229-thread-1] INFO  server.RaftServerConfigKeys (ConfUtils.java:logGet(43)) - raft.server.log.statemachine.data.caching.enabled = true (custom)
2019-10-21 21:55:56,380 [590972a8-254a-4d11-9ee4-9846de224337@group-DC1757C7DD22-LeaderElection163] INFO  segmented.SegmentedRaftLogWorker (SegmentedRaftLogWorker.java:startLogSegment(385)) - 590972a8-254a-4d11-9ee4-9846de224337@group-DC1757C7DD22-SegmentedRaftLogWorker: Starting segment from index:0
2019-10-21 21:55:56,380 [pool-229-thread-1] INFO  segmented.SegmentedRaftLogWorker (SegmentedRaftLogWorker.java:lambda$new$0(128)) - f97d0911-7779-4207-bfcb-e80c65d878a3@group-0EF552826630-SegmentedRaftLogWorker: flushIndex: setUnconditionally 0 -> -1
2019-10-21 21:55:56,380 [pool-229-thread-1] INFO  server.RaftServerConfigKeys (ConfUtils.java:logGet(43)) - raft.server.snapshot.auto.trigger.enabled = true (custom)
2019-10-21 21:55:56,380 [pool-229-thread-1] INFO  server.RaftServerConfigKeys (ConfUtils.java:logGet(43)) - raft.server.snapshot.auto.trigger.threshold = 10000 (custom)
2019-10-21 21:55:56,380 [pool-229-thread-1] INFO  server.RaftServerConfigKeys (ConfUtils.java:logGet(43)) - raft.server.snapshot.retention.file.num = 5 (custom)
2019-10-21 21:55:56,380 [590972a8-254a-4d11-9ee4-9846de224337@group-DC1757C7DD22-LeaderElection163] INFO  impl.RaftServerImpl (ServerState.java:setRaftConf(357)) - 590972a8-254a-4d11-9ee4-9846de224337@group-DC1757C7DD22: set configuration 0: [590972a8-254a-4d11-9ee4-9846de224337:192.168.69.92:35899], old=null at 0
2019-10-21 21:55:56,381 [pool-229-thread-1] INFO  server.RaftServerConfigKeys (ConfUtils.java:logGet(43)) - raft.server.retrycache.expirytime = 600000ms (custom)
2019-10-21 21:55:56,383 [pool-229-thread-1] INFO  impl.RaftServerImpl (RaftServerImpl.java:start(195)) - f97d0911-7779-4207-bfcb-e80c65d878a3@group-0EF552826630: start as a follower, conf=-1: [f97d0911-7779-4207-bfcb-e80c65d878a3:192.168.69.92:43435], old=null
2019-10-21 21:55:56,383 [pool-229-thread-1] INFO  impl.RaftServerImpl (RaftServerImpl.java:setRole(184)) - f97d0911-7779-4207-bfcb-e80c65d878a3@group-0EF552826630: changes role from      null to FOLLOWER at term 0 for startAsFollower
2019-10-21 21:55:56,384 [pool-229-thread-1] INFO  impl.RoleInfo (RoleInfo.java:updateAndGet(143)) - f97d0911-7779-4207-bfcb-e80c65d878a3: start FollowerState
2019-10-21 21:55:56,384 [pool-229-thread-1] INFO  util.JmxRegister (JmxRegister.java:tryRegister(44)) - Successfully registered JMX Bean with object name Ratis:service=RaftServer,group=group-0EF552826630,id=f97d0911-7779-4207-bfcb-e80c65d878a3
2019-10-21 21:55:56,388 [RatisPipelineUtilsThread] INFO  pipeline.PipelineStateManager (PipelineStateManager.java:addPipeline(56)) - Created pipeline Pipeline[ Id: 5c4e782b-9d7e-42b0-965d-0ef552826630, Nodes: f97d0911-7779-4207-bfcb-e80c65d878a3{ip: 192.168.69.92, host: pr-hdds-2240-577ml-2645996955, networkLocation: /rack1, certSerialId: null}, Type:RATIS, Factor:ONE, State:OPEN]
2019-10-21 21:55:56,427 [Thread-1920] INFO  impl.FollowerState (FollowerState.java:run(108)) - 369f1351-eca5-492b-a682-1c26748f74ad@group-4FD13A569D52-FollowerState: change to CANDIDATE, lastRpcTime:105ms, electionTimeout:88ms
2019-10-21 21:55:56,428 [Thread-1920] INFO  impl.RoleInfo (RoleInfo.java:shutdownFollowerState(121)) - 369f1351-eca5-492b-a682-1c26748f74ad: shutdown FollowerState
2019-10-21 21:55:56,430 [Thread-1920] INFO  impl.RaftServerImpl (RaftServerImpl.java:setRole(184)) - 369f1351-eca5-492b-a682-1c26748f74ad@group-4FD13A569D52: changes role from  FOLLOWER to CANDIDATE at term 0 for changeToCandidate
2019-10-21 21:55:56,430 [Thread-1920] INFO  impl.RoleInfo (RoleInfo.java:updateAndGet(143)) - 369f1351-eca5-492b-a682-1c26748f74ad: start LeaderElection
2019-10-21 21:55:56,442 [590972a8-254a-4d11-9ee4-9846de224337@group-DC1757C7DD22-SegmentedRaftLogWorker] INFO  segmented.SegmentedRaftLogWorker (SegmentedRaftLogWorker.java:execute(576)) - 590972a8-254a-4d11-9ee4-9846de224337@group-DC1757C7DD22-SegmentedRaftLogWorker: created new log segment /workdir/hadoop-ozone/integration-test/target/test-dir/MiniOzoneClusterImpl-f9df1159-a46e-43dd-90f7-e431812950fc/datanode-7/data/ratis/2a7a640a-afe2-41c2-bb61-dc1757c7dd22/current/log_inprogress_0
2019-10-21 21:55:56,442 [369f1351-eca5-492b-a682-1c26748f74ad@group-4FD13A569D52-LeaderElection164] INFO  impl.LeaderElection (LeaderElection.java:askForVotes(178)) - 369f1351-eca5-492b-a682-1c26748f74ad@group-4FD13A569D52-LeaderElection164: begin an election at term 1 for -1: [369f1351-eca5-492b-a682-1c26748f74ad:192.168.69.92:44343], old=null
2019-10-21 21:55:56,442 [369f1351-eca5-492b-a682-1c26748f74ad@group-4FD13A569D52-LeaderElection164] INFO  impl.RoleInfo (RoleInfo.java:shutdownLeaderElection(134)) - 369f1351-eca5-492b-a682-1c26748f74ad: shutdown LeaderElection
2019-10-21 21:55:56,442 [369f1351-eca5-492b-a682-1c26748f74ad@group-4FD13A569D52-LeaderElection164] INFO  impl.RaftServerImpl (RaftServerImpl.java:setRole(184)) - 369f1351-eca5-492b-a682-1c26748f74ad@group-4FD13A569D52: changes role from CANDIDATE to LEADER at term 1 for changeToLeader
2019-10-21 21:55:56,442 [369f1351-eca5-492b-a682-1c26748f74ad@group-4FD13A569D52-LeaderElection164] INFO  impl.RaftServerImpl (ServerState.java:setLeader(256)) - 369f1351-eca5-492b-a682-1c26748f74ad@group-4FD13A569D52: change Leader from null to 369f1351-eca5-492b-a682-1c26748f74ad at term 1 for becomeLeader, leader elected after 128ms
2019-10-21 21:55:56,443 [369f1351-eca5-492b-a682-1c26748f74ad@group-4FD13A569D52-LeaderElection164] INFO  server.RaftServerConfigKeys (ConfUtils.java:logGet(43)) - raft.server.staging.catchup.gap = 1000 (default)
2019-10-21 21:55:56,443 [369f1351-eca5-492b-a682-1c26748f74ad@group-4FD13A569D52-LeaderElection164] INFO  server.RaftServerConfigKeys (ConfUtils.java:logGet(43)) - raft.server.rpc.sleep.time = 25ms (default)
2019-10-21 21:55:56,443 [369f1351-eca5-492b-a682-1c26748f74ad@group-4FD13A569D52-LeaderElection164] INFO  server.RaftServerConfigKeys (ConfUtils.java:logGet(43)) - raft.server.write.element-limit = 4096 (default)
2019-10-21 21:55:56,443 [369f1351-eca5-492b-a682-1c26748f74ad@group-4FD13A569D52-LeaderElection164] INFO  server.RaftServerConfigKeys (ConfUtils.java:logGet(43)) - raft.server.watch.timeout = 10s (default)
2019-10-21 21:55:56,443 [369f1351-eca5-492b-a682-1c26748f74ad@group-4FD13A569D52-LeaderElection164] INFO  server.RaftServerConfigKeys (ConfUtils.java:logGet(43)) - raft.server.watch.timeout.denomination = 1s (default)
2019-10-21 21:55:56,443 [369f1351-eca5-492b-a682-1c26748f74ad@group-4FD13A569D52-LeaderElection164] INFO  server.RaftServerConfigKeys (ConfUtils.java:logGet(43)) - raft.server.watch.element-limit = 65536 (default)
2019-10-21 21:55:56,444 [grpc-default-executor-3] INFO  impl.RaftServerProxy (RaftServerProxy.java:addNew(89)) - 683a42e8-804c-4291-9261-2bc66677cfab: addNew group-9BA08151BADB:[7c4ddf80-db3d-4d0c-b4eb-75f8718eed44:192.168.69.92:34489, 683a42e8-804c-4291-9261-2bc66677cfab:192.168.69.92:38974, 149f4235-2e38-4d95-abe8-6ba232811729:192.168.69.92:32958] returns group-9BA08151BADB:java.util.concurrent.CompletableFuture@68f692ce[Not completed]
2019-10-21 21:55:56,444 [grpc-default-executor-6] INFO  impl.RaftServerProxy (RaftServerProxy.java:addNew(89)) - 149f4235-2e38-4d95-abe8-6ba232811729: addNew group-9BA08151BADB:[7c4ddf80-db3d-4d0c-b4eb-75f8718eed44:192.168.69.92:34489, 683a42e8-804c-4291-9261-2bc66677cfab:192.168.69.92:38974, 149f4235-2e38-4d95-abe8-6ba232811729:192.168.69.92:32958] returns group-9BA08151BADB:java.util.concurrent.CompletableFuture@659d5b[Not completed]
2019-10-21 21:55:56,444 [grpc-default-executor-0] INFO  impl.RaftServerProxy (RaftServerProxy.java:addNew(89)) - 7c4ddf80-db3d-4d0c-b4eb-75f8718eed44: addNew group-9BA08151BADB:[7c4ddf80-db3d-4d0c-b4eb-75f8718eed44:192.168.69.92:34489, 683a42e8-804c-4291-9261-2bc66677cfab:192.168.69.92:38974, 149f4235-2e38-4d95-abe8-6ba232811729:192.168.69.92:32958] returns group-9BA08151BADB:java.util.concurrent.CompletableFuture@6fc1f433[Not completed]
2019-10-21 21:55:56,445 [pool-199-thread-1] INFO  impl.RaftServerImpl (RaftServerImpl.java:<init>(104)) - 683a42e8-804c-4291-9261-2bc66677cfab: new RaftServerImpl for group-9BA08151BADB:[7c4ddf80-db3d-4d0c-b4eb-75f8718eed44:192.168.69.92:34489, 683a42e8-804c-4291-9261-2bc66677cfab:192.168.69.92:38974, 149f4235-2e38-4d95-abe8-6ba232811729:192.168.69.92:32958] with ContainerStateMachine:uninitialized
2019-10-21 21:55:56,445 [pool-199-thread-1] INFO  server.RaftServerConfigKeys (ConfUtils.java:logGet(43)) - raft.server.rpc.timeout.min = 1s (custom)
2019-10-21 21:55:56,445 [pool-199-thread-1] INFO  server.RaftServerConfigKeys (ConfUtils.java:logGet(43)) - raft.server.rpc.timeout.max = 1200ms (custom)
2019-10-21 21:55:56,445 [pool-199-thread-1] INFO  server.RaftServerConfigKeys (ConfUtils.java:logGet(43)) - raft.server.rpcslowness.timeout = 120s (custom)
2019-10-21 21:55:56,445 [pool-199-thread-1] INFO  server.RaftServerConfigKeys (ConfUtils.java:logGet(43)) - raft.server.sleep.deviation.threshold = 300 (default)
2019-10-21 21:55:56,445 [pool-199-thread-1] INFO  server.RaftServerConfigKeys (ConfUtils.java:logGet(43)) - raft.server.log.appender.install.snapshot.enabled = false (custom)
2019-10-21 21:55:56,446 [pool-199-thread-1] INFO  impl.RaftServerImpl (ServerState.java:<init>(103)) - 683a42e8-804c-4291-9261-2bc66677cfab@group-9BA08151BADB: ConfigurationManager, init=-1: [7c4ddf80-db3d-4d0c-b4eb-75f8718eed44:192.168.69.92:34489, 683a42e8-804c-4291-9261-2bc66677cfab:192.168.69.92:38974, 149f4235-2e38-4d95-abe8-6ba232811729:192.168.69.92:32958], old=null, confs=<EMPTY_MAP>
2019-10-21 21:55:56,446 [369f1351-eca5-492b-a682-1c26748f74ad@group-4FD13A569D52-LeaderElection164] INFO  impl.RoleInfo (RoleInfo.java:updateAndGet(143)) - 369f1351-eca5-492b-a682-1c26748f74ad: start LeaderState
2019-10-21 21:55:56,446 [pool-189-thread-1] INFO  impl.RaftServerImpl (RaftServerImpl.java:<init>(104)) - 7c4ddf80-db3d-4d0c-b4eb-75f8718eed44: new RaftServerImpl for group-9BA08151BADB:[7c4ddf80-db3d-4d0c-b4eb-75f8718eed44:192.168.69.92:34489, 683a42e8-804c-4291-9261-2bc66677cfab:192.168.69.92:38974, 149f4235-2e38-4d95-abe8-6ba232811729:192.168.69.92:32958] with ContainerStateMachine:uninitialized
2019-10-21 21:55:56,446 [pool-199-thread-1] INFO  server.RaftServerConfigKeys (ConfUtils.java:logGet(43)) - raft.server.storage.dir = [/workdir/hadoop-ozone/integration-test/target/test-dir/MiniOzoneClusterImpl-f9df1159-a46e-43dd-90f7-e431812950fc/datanode-5/data/ratis] (custom)
2019-10-21 21:55:56,446 [pool-189-thread-1] INFO  server.RaftServerConfigKeys (ConfUtils.java:logGet(43)) - raft.server.rpc.timeout.min = 1s (custom)
2019-10-21 21:55:56,446 [pool-159-thread-1] INFO  impl.RaftServerImpl (RaftServerImpl.java:<init>(104)) - 149f4235-2e38-4d95-abe8-6ba232811729: new RaftServerImpl for group-9BA08151BADB:[7c4ddf80-db3d-4d0c-b4eb-75f8718eed44:192.168.69.92:34489, 683a42e8-804c-4291-9261-2bc66677cfab:192.168.69.92:38974, 149f4235-2e38-4d95-abe8-6ba232811729:192.168.69.92:32958] with ContainerStateMachine:uninitialized
2019-10-21 21:55:56,446 [369f1351-eca5-492b-a682-1c26748f74ad@group-4FD13A569D52-LeaderElection164] INFO  segmented.SegmentedRaftLogWorker (SegmentedRaftLogWorker.java:startLogSegment(385)) - 369f1351-eca5-492b-a682-1c26748f74ad@group-4FD13A569D52-SegmentedRaftLogWorker: Starting segment from index:0
2019-10-21 21:55:56,446 [pool-159-thread-1] INFO  server.RaftServerConfigKeys (ConfUtils.java:logGet(43)) - raft.server.rpc.timeout.min = 1s (custom)
2019-10-21 21:55:56,446 [pool-189-thread-1] INFO  server.RaftServerConfigKeys (ConfUtils.java:logGet(43)) - raft.server.rpc.timeout.max = 1200ms (custom)
2019-10-21 21:55:56,446 [pool-199-thread-1] INFO  server.RaftServerConfigKeys (ConfUtils.java:logGet(43)) - raft.server.log.corruption.policy = EXCEPTION (default)
2019-10-21 21:55:56,447 [pool-189-thread-1] INFO  server.RaftServerConfigKeys (ConfUtils.java:logGet(43)) - raft.server.rpcslowness.timeout = 120s (custom)
2019-10-21 21:55:56,447 [pool-199-thread-1] INFO  storage.RaftStorageDirectory (RaftStorageDirectory.java:analyzeStorage(246)) - The storage directory /workdir/hadoop-ozone/integration-test/target/test-dir/MiniOzoneClusterImpl-f9df1159-a46e-43dd-90f7-e431812950fc/datanode-5/data/ratis/2f8d90cc-a176-4912-a174-9ba08151badb does not exist. Creating ...
2019-10-21 21:55:56,446 [pool-159-thread-1] INFO  server.RaftServerConfigKeys (ConfUtils.java:logGet(43)) - raft.server.rpc.timeout.max = 1200ms (custom)
2019-10-21 21:55:56,447 [pool-189-thread-1] INFO  server.RaftServerConfigKeys (ConfUtils.java:logGet(43)) - raft.server.sleep.deviation.threshold = 300 (default)
2019-10-21 21:55:56,447 [369f1351-eca5-492b-a682-1c26748f74ad@group-4FD13A569D52-LeaderElection164] INFO  impl.RaftServerImpl (ServerState.java:setRaftConf(357)) - 369f1351-eca5-492b-a682-1c26748f74ad@group-4FD13A569D52: set configuration 0: [369f1351-eca5-492b-a682-1c26748f74ad:192.168.69.92:44343], old=null at 0
2019-10-21 21:55:56,447 [pool-189-thread-1] INFO  server.RaftServerConfigKeys (ConfUtils.java:logGet(43)) - raft.server.log.appender.install.snapshot.enabled = false (custom)
2019-10-21 21:55:56,447 [pool-159-thread-1] INFO  server.RaftServerConfigKeys (ConfUtils.java:logGet(43)) - raft.server.rpcslowness.timeout = 120s (custom)
2019-10-21 21:55:56,447 [pool-189-thread-1] INFO  impl.RaftServerImpl (ServerState.java:<init>(103)) - 7c4ddf80-db3d-4d0c-b4eb-75f8718eed44@group-9BA08151BADB: ConfigurationManager, init=-1: [7c4ddf80-db3d-4d0c-b4eb-75f8718eed44:192.168.69.92:34489, 683a42e8-804c-4291-9261-2bc66677cfab:192.168.69.92:38974, 149f4235-2e38-4d95-abe8-6ba232811729:192.168.69.92:32958], old=null, confs=<EMPTY_MAP>
2019-10-21 21:55:56,447 [pool-159-thread-1] INFO  server.RaftServerConfigKeys (ConfUtils.java:logGet(43)) - raft.server.sleep.deviation.threshold = 300 (default)
2019-10-21 21:55:56,448 [pool-159-thread-1] INFO  server.RaftServerConfigKeys (ConfUtils.java:logGet(43)) - raft.server.log.appender.install.snapshot.enabled = false (custom)
2019-10-21 21:55:56,448 [pool-189-thread-1] INFO  server.RaftServerConfigKeys (ConfUtils.java:logGet(43)) - raft.server.storage.dir = [/workdir/hadoop-ozone/integration-test/target/test-dir/MiniOzoneClusterImpl-f9df1159-a46e-43dd-90f7-e431812950fc/datanode-4/data/ratis] (custom)
2019-10-21 21:55:56,448 [pool-159-thread-1] INFO  impl.RaftServerImpl (ServerState.java:<init>(103)) - 149f4235-2e38-4d95-abe8-6ba232811729@group-9BA08151BADB: ConfigurationManager, init=-1: [7c4ddf80-db3d-4d0c-b4eb-75f8718eed44:192.168.69.92:34489, 683a42e8-804c-4291-9261-2bc66677cfab:192.168.69.92:38974, 149f4235-2e38-4d95-abe8-6ba232811729:192.168.69.92:32958], old=null, confs=<EMPTY_MAP>
2019-10-21 21:55:56,448 [pool-159-thread-1] INFO  server.RaftServerConfigKeys (ConfUtils.java:logGet(43)) - raft.server.storage.dir = [/workdir/hadoop-ozone/integration-test/target/test-dir/MiniOzoneClusterImpl-f9df1159-a46e-43dd-90f7-e431812950fc/datanode-1/data/ratis] (custom)
2019-10-21 21:55:56,448 [pool-189-thread-1] INFO  server.RaftServerConfigKeys (ConfUtils.java:logGet(43)) - raft.server.log.corruption.policy = EXCEPTION (default)
2019-10-21 21:55:56,448 [pool-159-thread-1] INFO  server.RaftServerConfigKeys (ConfUtils.java:logGet(43)) - raft.server.log.corruption.policy = EXCEPTION (default)
2019-10-21 21:55:56,448 [pool-189-thread-1] INFO  storage.RaftStorageDirectory (RaftStorageDirectory.java:analyzeStorage(246)) - The storage directory /workdir/hadoop-ozone/integration-test/target/test-dir/MiniOzoneClusterImpl-f9df1159-a46e-43dd-90f7-e431812950fc/datanode-4/data/ratis/2f8d90cc-a176-4912-a174-9ba08151badb does not exist. Creating ...
2019-10-21 21:55:56,448 [pool-159-thread-1] INFO  storage.RaftStorageDirectory (RaftStorageDirectory.java:analyzeStorage(246)) - The storage directory /workdir/hadoop-ozone/integration-test/target/test-dir/MiniOzoneClusterImpl-f9df1159-a46e-43dd-90f7-e431812950fc/datanode-1/data/ratis/2f8d90cc-a176-4912-a174-9ba08151badb does not exist. Creating ...
2019-10-21 21:55:56,449 [Thread-1925] INFO  impl.FollowerState (FollowerState.java:run(108)) - f97d0911-7779-4207-bfcb-e80c65d878a3@group-0EF552826630-FollowerState: change to CANDIDATE, lastRpcTime:65ms, electionTimeout:65ms
2019-10-21 21:55:56,449 [Thread-1925] INFO  impl.RoleInfo (RoleInfo.java:shutdownFollowerState(121)) - f97d0911-7779-4207-bfcb-e80c65d878a3: shutdown FollowerState
2019-10-21 21:55:56,449 [Thread-1925] INFO  impl.RaftServerImpl (RaftServerImpl.java:setRole(184)) - f97d0911-7779-4207-bfcb-e80c65d878a3@group-0EF552826630: changes role from  FOLLOWER to CANDIDATE at term 0 for changeToCandidate
2019-10-21 21:55:56,449 [Thread-1925] INFO  impl.RoleInfo (RoleInfo.java:updateAndGet(143)) - f97d0911-7779-4207-bfcb-e80c65d878a3: start LeaderElection
2019-10-21 21:55:56,485 [pool-189-thread-1] INFO  storage.RaftStorageDirectory (RaftStorageDirectory.java:tryLock(328)) - Lock on /workdir/hadoop-ozone/integration-test/target/test-dir/MiniOzoneClusterImpl-f9df1159-a46e-43dd-90f7-e431812950fc/datanode-4/data/ratis/2f8d90cc-a176-4912-a174-9ba08151badb/in_use.lock acquired by nodename 30080@pr-hdds-2240-577ml-2645996955
2019-10-21 21:55:56,485 [pool-159-thread-1] INFO  storage.RaftStorageDirectory (RaftStorageDirectory.java:tryLock(328)) - Lock on /workdir/hadoop-ozone/integration-test/target/test-dir/MiniOzoneClusterImpl-f9df1159-a46e-43dd-90f7-e431812950fc/datanode-1/data/ratis/2f8d90cc-a176-4912-a174-9ba08151badb/in_use.lock acquired by nodename 30080@pr-hdds-2240-577ml-2645996955
2019-10-21 21:55:56,485 [pool-199-thread-1] INFO  storage.RaftStorageDirectory (RaftStorageDirectory.java:tryLock(328)) - Lock on /workdir/hadoop-ozone/integration-test/target/test-dir/MiniOzoneClusterImpl-f9df1159-a46e-43dd-90f7-e431812950fc/datanode-5/data/ratis/2f8d90cc-a176-4912-a174-9ba08151badb/in_use.lock acquired by nodename 30080@pr-hdds-2240-577ml-2645996955
2019-10-21 21:55:56,500 [369f1351-eca5-492b-a682-1c26748f74ad@group-4FD13A569D52-SegmentedRaftLogWorker] INFO  segmented.SegmentedRaftLogWorker (SegmentedRaftLogWorker.java:execute(576)) - 369f1351-eca5-492b-a682-1c26748f74ad@group-4FD13A569D52-SegmentedRaftLogWorker: created new log segment /workdir/hadoop-ozone/integration-test/target/test-dir/MiniOzoneClusterImpl-f9df1159-a46e-43dd-90f7-e431812950fc/datanode-9/data/ratis/15c74acf-f5dc-440a-a54e-4fd13a569d52/current/log_inprogress_0
2019-10-21 21:55:56,500 [pool-159-thread-1] INFO  storage.RaftStorage (RaftStorage.java:format(84)) - Storage directory /workdir/hadoop-ozone/integration-test/target/test-dir/MiniOzoneClusterImpl-f9df1159-a46e-43dd-90f7-e431812950fc/datanode-1/data/ratis/2f8d90cc-a176-4912-a174-9ba08151badb has been successfully formatted.
2019-10-21 21:55:56,500 [pool-199-thread-1] INFO  storage.RaftStorage (RaftStorage.java:format(84)) - Storage directory /workdir/hadoop-ozone/integration-test/target/test-dir/MiniOzoneClusterImpl-f9df1159-a46e-43dd-90f7-e431812950fc/datanode-5/data/ratis/2f8d90cc-a176-4912-a174-9ba08151badb has been successfully formatted.
2019-10-21 21:55:56,500 [f97d0911-7779-4207-bfcb-e80c65d878a3@group-0EF552826630-LeaderElection165] INFO  impl.LeaderElection (LeaderElection.java:askForVotes(178)) - f97d0911-7779-4207-bfcb-e80c65d878a3@group-0EF552826630-LeaderElection165: begin an election at term 1 for -1: [f97d0911-7779-4207-bfcb-e80c65d878a3:192.168.69.92:43435], old=null
2019-10-21 21:55:56,500 [pool-199-thread-1] INFO  ratis.ContainerStateMachine (ContainerStateMachine.java:loadSnapshot(231)) - group-9BA08151BADB: The snapshot info is null. Setting the last applied indexto:(t:0, i:~)
2019-10-21 21:55:56,500 [pool-189-thread-1] INFO  storage.RaftStorage (RaftStorage.java:format(84)) - Storage directory /workdir/hadoop-ozone/integration-test/target/test-dir/MiniOzoneClusterImpl-f9df1159-a46e-43dd-90f7-e431812950fc/datanode-4/data/ratis/2f8d90cc-a176-4912-a174-9ba08151badb has been successfully formatted.
2019-10-21 21:55:56,501 [pool-199-thread-1] INFO  server.RaftServerConfigKeys (ConfUtils.java:logGet(43)) - raft.server.notification.no-leader.timeout = 120s (custom)
2019-10-21 21:55:56,500 [f97d0911-7779-4207-bfcb-e80c65d878a3@group-0EF552826630-LeaderElection165] INFO  impl.RoleInfo (RoleInfo.java:shutdownLeaderElection(134)) - f97d0911-7779-4207-bfcb-e80c65d878a3: shutdown LeaderElection
2019-10-21 21:55:56,500 [pool-159-thread-1] INFO  ratis.ContainerStateMachine (ContainerStateMachine.java:loadSnapshot(231)) - group-9BA08151BADB: The snapshot info is null. Setting the last applied indexto:(t:0, i:~)
2019-10-21 21:55:56,501 [f97d0911-7779-4207-bfcb-e80c65d878a3@group-0EF552826630-LeaderElection165] INFO  impl.RaftServerImpl (RaftServerImpl.java:setRole(184)) - f97d0911-7779-4207-bfcb-e80c65d878a3@group-0EF552826630: changes role from CANDIDATE to LEADER at term 1 for changeToLeader
2019-10-21 21:55:56,501 [pool-199-thread-1] INFO  server.RaftServerConfigKeys (ConfUtils.java:logGet(43)) - raft.server.log.use.memory = false (default)
2019-10-21 21:55:56,501 [pool-189-thread-1] INFO  ratis.ContainerStateMachine (ContainerStateMachine.java:loadSnapshot(231)) - group-9BA08151BADB: The snapshot info is null. Setting the last applied indexto:(t:0, i:~)
2019-10-21 21:55:56,501 [pool-199-thread-1] INFO  server.RaftServerConfigKeys (ConfUtils.java:logGet(43)) - raft.server.log.purge.gap = 1000000 (custom)
2019-10-21 21:55:56,501 [f97d0911-7779-4207-bfcb-e80c65d878a3@group-0EF552826630-LeaderElection165] INFO  impl.RaftServerImpl (ServerState.java:setLeader(256)) - f97d0911-7779-4207-bfcb-e80c65d878a3@group-0EF552826630: change Leader from null to f97d0911-7779-4207-bfcb-e80c65d878a3 at term 1 for becomeLeader, leader elected after 125ms
2019-10-21 21:55:56,502 [pool-199-thread-1] INFO  server.RaftServerConfigKeys (ConfUtils.java:logGet(43)) - raft.server.log.appender.buffer.byte-limit = 33554432 (custom)
2019-10-21 21:55:56,501 [pool-159-thread-1] INFO  server.RaftServerConfigKeys (ConfUtils.java:logGet(43)) - raft.server.notification.no-leader.timeout = 120s (custom)
2019-10-21 21:55:56,502 [pool-199-thread-1] INFO  server.RaftServerConfigKeys (ConfUtils.java:logGet(43)) - raft.server.log.segment.size.max = 1048576 (custom)
2019-10-21 21:55:56,502 [f97d0911-7779-4207-bfcb-e80c65d878a3@group-0EF552826630-LeaderElection165] INFO  server.RaftServerConfigKeys (ConfUtils.java:logGet(43)) - raft.server.staging.catchup.gap = 1000 (default)
2019-10-21 21:55:56,501 [pool-189-thread-1] INFO  server.RaftServerConfigKeys (ConfUtils.java:logGet(43)) - raft.server.notification.no-leader.timeout = 120s (custom)
2019-10-21 21:55:56,502 [f97d0911-7779-4207-bfcb-e80c65d878a3@group-0EF552826630-LeaderElection165] INFO  server.RaftServerConfigKeys (ConfUtils.java:logGet(43)) - raft.server.rpc.sleep.time = 25ms (default)
2019-10-21 21:55:56,502 [pool-199-thread-1] INFO  server.RaftServerConfigKeys (ConfUtils.java:logGet(43)) - raft.server.log.segment.cache.num.max = 2 (custom)
2019-10-21 21:55:56,502 [pool-159-thread-1] INFO  server.RaftServerConfigKeys (ConfUtils.java:logGet(43)) - raft.server.log.use.memory = false (default)
2019-10-21 21:55:56,502 [pool-199-thread-1] INFO  segmented.SegmentedRaftLogWorker (SegmentedRaftLogWorker.java:<init>(173)) - new 683a42e8-804c-4291-9261-2bc66677cfab@group-9BA08151BADB-SegmentedRaftLogWorker for RaftStorage:Storage Directory /workdir/hadoop-ozone/integration-test/target/test-dir/MiniOzoneClusterImpl-f9df1159-a46e-43dd-90f7-e431812950fc/datanode-5/data/ratis/2f8d90cc-a176-4912-a174-9ba08151badb
2019-10-21 21:55:56,502 [f97d0911-7779-4207-bfcb-e80c65d878a3@group-0EF552826630-LeaderElection165] INFO  server.RaftServerConfigKeys (ConfUtils.java:logGet(43)) - raft.server.write.element-limit = 4096 (default)
2019-10-21 21:55:56,502 [pool-189-thread-1] INFO  server.RaftServerConfigKeys (ConfUtils.java:logGet(43)) - raft.server.log.use.memory = false (default)
2019-10-21 21:55:56,503 [f97d0911-7779-4207-bfcb-e80c65d878a3@group-0EF552826630-LeaderElection165] INFO  server.RaftServerConfigKeys (ConfUtils.java:logGet(43)) - raft.server.watch.timeout = 10s (default)
2019-10-21 21:55:56,503 [pool-199-thread-1] INFO  server.RaftServerConfigKeys (ConfUtils.java:logGet(43)) - raft.server.log.queue.byte-limit = 2147483647 (custom)
2019-10-21 21:55:56,503 [pool-159-thread-1] INFO  server.RaftServerConfigKeys (ConfUtils.java:logGet(43)) - raft.server.log.purge.gap = 1000000 (custom)
2019-10-21 21:55:56,503 [pool-199-thread-1] INFO  server.RaftServerConfigKeys (ConfUtils.java:logGet(43)) - raft.server.log.queue.element-limit = 1024 (custom)
2019-10-21 21:55:56,503 [f97d0911-7779-4207-bfcb-e80c65d878a3@group-0EF552826630-LeaderElection165] INFO  server.RaftServerConfigKeys (ConfUtils.java:logGet(43)) - raft.server.watch.timeout.denomination = 1s (default)
2019-10-21 21:55:56,503 [pool-189-thread-1] INFO  server.RaftServerConfigKeys (ConfUtils.java:logGet(43)) - raft.server.log.purge.gap = 1000000 (custom)
2019-10-21 21:55:56,503 [f97d0911-7779-4207-bfcb-e80c65d878a3@group-0EF552826630-LeaderElection165] INFO  server.RaftServerConfigKeys (ConfUtils.java:logGet(43)) - raft.server.watch.element-limit = 65536 (default)
2019-10-21 21:55:56,503 [pool-199-thread-1] INFO  server.RaftServerConfigKeys (ConfUtils.java:logGet(43)) - raft.server.log.segment.size.max = 1048576 (custom)
2019-10-21 21:55:56,503 [pool-159-thread-1] INFO  server.RaftServerConfigKeys (ConfUtils.java:logGet(43)) - raft.server.log.appender.buffer.byte-limit = 33554432 (custom)
2019-10-21 21:55:56,504 [pool-199-thread-1] INFO  server.RaftServerConfigKeys (ConfUtils.java:logGet(43)) - raft.server.log.preallocated.size = 16384 (custom)
2019-10-21 21:55:56,504 [pool-189-thread-1] INFO  server.RaftServerConfigKeys (ConfUtils.java:logGet(43)) - raft.server.log.appender.buffer.byte-limit = 33554432 (custom)
2019-10-21 21:55:56,504 [pool-199-thread-1] INFO  server.RaftServerConfigKeys (ConfUtils.java:logGet(43)) - raft.server.log.write.buffer.size = 33554432 (custom)
2019-10-21 21:55:56,504 [pool-159-thread-1] INFO  server.RaftServerConfigKeys (ConfUtils.java:logGet(43)) - raft.server.log.segment.size.max = 1048576 (custom)
2019-10-21 21:55:56,504 [pool-199-thread-1] INFO  server.RaftServerConfigKeys (ConfUtils.java:logGet(43)) - raft.server.log.force.sync.num = 128 (default)
2019-10-21 21:55:56,504 [pool-189-thread-1] INFO  server.RaftServerConfigKeys (ConfUtils.java:logGet(43)) - raft.server.log.segment.size.max = 1048576 (custom)
2019-10-21 21:55:56,508 [pool-199-thread-1] INFO  server.RaftServerConfigKeys (ConfUtils.java:logGet(43)) - raft.server.log.statemachine.data.sync = true (default)
2019-10-21 21:55:56,507 [pool-159-thread-1] INFO  server.RaftServerConfigKeys (ConfUtils.java:logGet(43)) - raft.server.log.segment.cache.num.max = 2 (custom)
2019-10-21 21:55:56,508 [pool-189-thread-1] INFO  server.RaftServerConfigKeys (ConfUtils.java:logGet(43)) - raft.server.log.segment.cache.num.max = 2 (custom)
2019-10-21 21:55:56,508 [pool-159-thread-1] INFO  segmented.SegmentedRaftLogWorker (SegmentedRaftLogWorker.java:<init>(173)) - new 149f4235-2e38-4d95-abe8-6ba232811729@group-9BA08151BADB-SegmentedRaftLogWorker for RaftStorage:Storage Directory /workdir/hadoop-ozone/integration-test/target/test-dir/MiniOzoneClusterImpl-f9df1159-a46e-43dd-90f7-e431812950fc/datanode-1/data/ratis/2f8d90cc-a176-4912-a174-9ba08151badb
2019-10-21 21:55:56,508 [pool-199-thread-1] INFO  server.RaftServerConfigKeys (ConfUtils.java:logGet(43)) - raft.server.log.statemachine.data.sync.timeout = 10s (default)
2019-10-21 21:55:56,508 [pool-159-thread-1] INFO  server.RaftServerConfigKeys (ConfUtils.java:logGet(43)) - raft.server.log.queue.byte-limit = 2147483647 (custom)
2019-10-21 21:55:56,508 [pool-189-thread-1] INFO  segmented.SegmentedRaftLogWorker (SegmentedRaftLogWorker.java:<init>(173)) - new 7c4ddf80-db3d-4d0c-b4eb-75f8718eed44@group-9BA08151BADB-SegmentedRaftLogWorker for RaftStorage:Storage Directory /workdir/hadoop-ozone/integration-test/target/test-dir/MiniOzoneClusterImpl-f9df1159-a46e-43dd-90f7-e431812950fc/datanode-4/data/ratis/2f8d90cc-a176-4912-a174-9ba08151badb
2019-10-21 21:55:56,508 [f97d0911-7779-4207-bfcb-e80c65d878a3@group-0EF552826630-LeaderElection165] INFO  impl.RoleInfo (RoleInfo.java:updateAndGet(143)) - f97d0911-7779-4207-bfcb-e80c65d878a3: start LeaderState
2019-10-21 21:55:56,509 [pool-189-thread-1] INFO  server.RaftServerConfigKeys (ConfUtils.java:logGet(43)) - raft.server.log.queue.byte-limit = 2147483647 (custom)
2019-10-21 21:55:56,509 [pool-159-thread-1] INFO  server.RaftServerConfigKeys (ConfUtils.java:logGet(43)) - raft.server.log.queue.element-limit = 1024 (custom)
2019-10-21 21:55:56,508 [pool-199-thread-1] INFO  server.RaftServerConfigKeys (ConfUtils.java:logGet(43)) - raft.server.log.statemachine.data.sync.timeout.retry = -1 (default)
2019-10-21 21:55:56,509 [f97d0911-7779-4207-bfcb-e80c65d878a3@group-0EF552826630-LeaderElection165] INFO  segmented.SegmentedRaftLogWorker (SegmentedRaftLogWorker.java:startLogSegment(385)) - f97d0911-7779-4207-bfcb-e80c65d878a3@group-0EF552826630-SegmentedRaftLogWorker: Starting segment from index:0
2019-10-21 21:55:56,509 [pool-159-thread-1] INFO  server.RaftServerConfigKeys (ConfUtils.java:logGet(43)) - raft.server.log.segment.size.max = 1048576 (custom)
2019-10-21 21:55:56,509 [pool-189-thread-1] INFO  server.RaftServerConfigKeys (ConfUtils.java:logGet(43)) - raft.server.log.queue.element-limit = 1024 (custom)
2019-10-21 21:55:56,510 [pool-159-thread-1] INFO  server.RaftServerConfigKeys (ConfUtils.java:logGet(43)) - raft.server.log.preallocated.size = 16384 (custom)
2019-10-21 21:55:56,509 [pool-199-thread-1] INFO  server.RaftServerConfigKeys (ConfUtils.java:logGet(43)) - raft.server.log.statemachine.data.caching.enabled = true (custom)
2019-10-21 21:55:56,510 [pool-159-thread-1] INFO  server.RaftServerConfigKeys (ConfUtils.java:logGet(43)) - raft.server.log.write.buffer.size = 33554432 (custom)
2019-10-21 21:55:56,510 [pool-189-thread-1] INFO  server.RaftServerConfigKeys (ConfUtils.java:logGet(43)) - raft.server.log.segment.size.max = 1048576 (custom)
2019-10-21 21:55:56,510 [f97d0911-7779-4207-bfcb-e80c65d878a3@group-0EF552826630-LeaderElection165] INFO  impl.RaftServerImpl (ServerState.java:setRaftConf(357)) - f97d0911-7779-4207-bfcb-e80c65d878a3@group-0EF552826630: set configuration 0: [f97d0911-7779-4207-bfcb-e80c65d878a3:192.168.69.92:43435], old=null at 0
2019-10-21 21:55:56,510 [pool-159-thread-1] INFO  server.RaftServerConfigKeys (ConfUtils.java:logGet(43)) - raft.server.log.force.sync.num = 128 (default)
2019-10-21 21:55:56,510 [pool-189-thread-1] INFO  server.RaftServerConfigKeys (ConfUtils.java:logGet(43)) - raft.server.log.preallocated.size = 16384 (custom)
2019-10-21 21:55:56,511 [pool-159-thread-1] INFO  server.RaftServerConfigKeys (ConfUtils.java:logGet(43)) - raft.server.log.statemachine.data.sync = true (default)
2019-10-21 21:55:56,511 [pool-189-thread-1] INFO  server.RaftServerConfigKeys (ConfUtils.java:logGet(43)) - raft.server.log.write.buffer.size = 33554432 (custom)
2019-10-21 21:55:56,511 [pool-199-thread-1] INFO  segmented.SegmentedRaftLogWorker (SegmentedRaftLogWorker.java:lambda$new$0(128)) - 683a42e8-804c-4291-9261-2bc66677cfab@group-9BA08151BADB-SegmentedRaftLogWorker: flushIndex: setUnconditionally 0 -> -1
2019-10-21 21:55:56,511 [pool-159-thread-1] INFO  server.RaftServerConfigKeys (ConfUtils.java:logGet(43)) - raft.server.log.statemachine.data.sync.timeout = 10s (default)
2019-10-21 21:55:56,511 [pool-189-thread-1] INFO  server.RaftServerConfigKeys (ConfUtils.java:logGet(43)) - raft.server.log.force.sync.num = 128 (default)
2019-10-21 21:55:56,511 [pool-199-thread-1] INFO  server.RaftServerConfigKeys (ConfUtils.java:logGet(43)) - raft.server.snapshot.auto.trigger.enabled = true (custom)
2019-10-21 21:55:56,511 [pool-159-thread-1] INFO  server.RaftServerConfigKeys (ConfUtils.java:logGet(43)) - raft.server.log.statemachine.data.sync.timeout.retry = -1 (default)
2019-10-21 21:55:56,511 [pool-199-thread-1] INFO  server.RaftServerConfigKeys (ConfUtils.java:logGet(43)) - raft.server.snapshot.auto.trigger.threshold = 10000 (custom)
2019-10-21 21:55:56,511 [pool-189-thread-1] INFO  server.RaftServerConfigKeys (ConfUtils.java:logGet(43)) - raft.server.log.statemachine.data.sync = true (default)
2019-10-21 21:55:56,512 [pool-199-thread-1] INFO  server.RaftServerConfigKeys (ConfUtils.java:logGet(43)) - raft.server.snapshot.retention.file.num = 5 (custom)
2019-10-21 21:55:56,512 [pool-159-thread-1] INFO  server.RaftServerConfigKeys (ConfUtils.java:logGet(43)) - raft.server.log.statemachine.data.caching.enabled = true (custom)
2019-10-21 21:55:56,512 [pool-199-thread-1] INFO  server.RaftServerConfigKeys (ConfUtils.java:logGet(43)) - raft.server.retrycache.expirytime = 600000ms (custom)
2019-10-21 21:55:56,512 [pool-189-thread-1] INFO  server.RaftServerConfigKeys (ConfUtils.java:logGet(43)) - raft.server.log.statemachine.data.sync.timeout = 10s (default)
2019-10-21 21:55:56,512 [pool-159-thread-1] INFO  segmented.SegmentedRaftLogWorker (SegmentedRaftLogWorker.java:lambda$new$0(128)) - 149f4235-2e38-4d95-abe8-6ba232811729@group-9BA08151BADB-SegmentedRaftLogWorker: flushIndex: setUnconditionally 0 -> -1
2019-10-21 21:55:56,512 [pool-189-thread-1] INFO  server.RaftServerConfigKeys (ConfUtils.java:logGet(43)) - raft.server.log.statemachine.data.sync.timeout.retry = -1 (default)
2019-10-21 21:55:56,513 [pool-159-thread-1] INFO  server.RaftServerConfigKeys (ConfUtils.java:logGet(43)) - raft.server.snapshot.auto.trigger.enabled = true (custom)
2019-10-21 21:55:56,513 [pool-189-thread-1] INFO  server.RaftServerConfigKeys (ConfUtils.java:logGet(43)) - raft.server.log.statemachine.data.caching.enabled = true (custom)
2019-10-21 21:55:56,513 [pool-159-thread-1] INFO  server.RaftServerConfigKeys (ConfUtils.java:logGet(43)) - raft.server.snapshot.auto.trigger.threshold = 10000 (custom)
2019-10-21 21:55:56,513 [pool-159-thread-1] INFO  server.RaftServerConfigKeys (ConfUtils.java:logGet(43)) - raft.server.snapshot.retention.file.num = 5 (custom)
2019-10-21 21:55:56,513 [pool-189-thread-1] INFO  segmented.SegmentedRaftLogWorker (SegmentedRaftLogWorker.java:lambda$new$0(128)) - 7c4ddf80-db3d-4d0c-b4eb-75f8718eed44@group-9BA08151BADB-SegmentedRaftLogWorker: flushIndex: setUnconditionally 0 -> -1
2019-10-21 21:55:56,513 [pool-159-thread-1] INFO  server.RaftServerConfigKeys (ConfUtils.java:logGet(43)) - raft.server.retrycache.expirytime = 600000ms (custom)
2019-10-21 21:55:56,514 [pool-189-thread-1] INFO  server.RaftServerConfigKeys (ConfUtils.java:logGet(43)) - raft.server.snapshot.auto.trigger.enabled = true (custom)
2019-10-21 21:55:56,514 [pool-189-thread-1] INFO  server.RaftServerConfigKeys (ConfUtils.java:logGet(43)) - raft.server.snapshot.auto.trigger.threshold = 10000 (custom)
2019-10-21 21:55:56,514 [pool-189-thread-1] INFO  server.RaftServerConfigKeys (ConfUtils.java:logGet(43)) - raft.server.snapshot.retention.file.num = 5 (custom)
2019-10-21 21:55:56,514 [pool-189-thread-1] INFO  server.RaftServerConfigKeys (ConfUtils.java:logGet(43)) - raft.server.retrycache.expirytime = 600000ms (custom)
2019-10-21 21:55:56,518 [pool-199-thread-1] INFO  impl.RaftServerImpl (RaftServerImpl.java:start(195)) - 683a42e8-804c-4291-9261-2bc66677cfab@group-9BA08151BADB: start as a follower, conf=-1: [7c4ddf80-db3d-4d0c-b4eb-75f8718eed44:192.168.69.92:34489, 683a42e8-804c-4291-9261-2bc66677cfab:192.168.69.92:38974, 149f4235-2e38-4d95-abe8-6ba232811729:192.168.69.92:32958], old=null
2019-10-21 21:55:56,518 [pool-199-thread-1] INFO  impl.RaftServerImpl (RaftServerImpl.java:setRole(184)) - 683a42e8-804c-4291-9261-2bc66677cfab@group-9BA08151BADB: changes role from      null to FOLLOWER at term 0 for startAsFollower
2019-10-21 21:55:56,518 [pool-189-thread-1] INFO  impl.RaftServerImpl (RaftServerImpl.java:start(195)) - 7c4ddf80-db3d-4d0c-b4eb-75f8718eed44@group-9BA08151BADB: start as a follower, conf=-1: [7c4ddf80-db3d-4d0c-b4eb-75f8718eed44:192.168.69.92:34489, 683a42e8-804c-4291-9261-2bc66677cfab:192.168.69.92:38974, 149f4235-2e38-4d95-abe8-6ba232811729:192.168.69.92:32958], old=null
2019-10-21 21:55:56,519 [pool-199-thread-1] INFO  impl.RoleInfo (RoleInfo.java:updateAndGet(143)) - 683a42e8-804c-4291-9261-2bc66677cfab: start FollowerState
2019-10-21 21:55:56,519 [pool-189-thread-1] INFO  impl.RaftServerImpl (RaftServerImpl.java:setRole(184)) - 7c4ddf80-db3d-4d0c-b4eb-75f8718eed44@group-9BA08151BADB: changes role from      null to FOLLOWER at term 0 for startAsFollower
2019-10-21 21:55:56,519 [pool-159-thread-1] INFO  impl.RaftServerImpl (RaftServerImpl.java:start(195)) - 149f4235-2e38-4d95-abe8-6ba232811729@group-9BA08151BADB: start as a follower, conf=-1: [7c4ddf80-db3d-4d0c-b4eb-75f8718eed44:192.168.69.92:34489, 683a42e8-804c-4291-9261-2bc66677cfab:192.168.69.92:38974, 149f4235-2e38-4d95-abe8-6ba232811729:192.168.69.92:32958], old=null
2019-10-21 21:55:56,519 [pool-189-thread-1] INFO  impl.RoleInfo (RoleInfo.java:updateAndGet(143)) - 7c4ddf80-db3d-4d0c-b4eb-75f8718eed44: start FollowerState
2019-10-21 21:55:56,519 [pool-159-thread-1] INFO  impl.RaftServerImpl (RaftServerImpl.java:setRole(184)) - 149f4235-2e38-4d95-abe8-6ba232811729@group-9BA08151BADB: changes role from      null to FOLLOWER at term 0 for startAsFollower
2019-10-21 21:55:56,519 [pool-159-thread-1] INFO  impl.RoleInfo (RoleInfo.java:updateAndGet(143)) - 149f4235-2e38-4d95-abe8-6ba232811729: start FollowerState
2019-10-21 21:55:56,519 [pool-199-thread-1] INFO  util.JmxRegister (JmxRegister.java:tryRegister(44)) - Successfully registered JMX Bean with object name Ratis:service=RaftServer,group=group-9BA08151BADB,id=683a42e8-804c-4291-9261-2bc66677cfab
2019-10-21 21:55:56,519 [pool-189-thread-1] INFO  util.JmxRegister (JmxRegister.java:tryRegister(44)) - Successfully registered JMX Bean with object name Ratis:service=RaftServer,group=group-9BA08151BADB,id=7c4ddf80-db3d-4d0c-b4eb-75f8718eed44
2019-10-21 21:55:56,520 [pool-159-thread-1] INFO  util.JmxRegister (JmxRegister.java:tryRegister(44)) - Successfully registered JMX Bean with object name Ratis:service=RaftServer,group=group-9BA08151BADB,id=149f4235-2e38-4d95-abe8-6ba232811729
2019-10-21 21:55:56,528 [RatisPipelineUtilsThread] INFO  pipeline.PipelineStateManager (PipelineStateManager.java:addPipeline(56)) - Created pipeline Pipeline[ Id: 2f8d90cc-a176-4912-a174-9ba08151badb, Nodes: 683a42e8-804c-4291-9261-2bc66677cfab{ip: 192.168.69.92, host: pr-hdds-2240-577ml-2645996955, networkLocation: /rack1, certSerialId: null}149f4235-2e38-4d95-abe8-6ba232811729{ip: 192.168.69.92, host: pr-hdds-2240-577ml-2645996955, networkLocation: /rack1, certSerialId: null}7c4ddf80-db3d-4d0c-b4eb-75f8718eed44{ip: 192.168.69.92, host: pr-hdds-2240-577ml-2645996955, networkLocation: /rack1, certSerialId: null}, Type:RATIS, Factor:THREE, State:OPEN]
2019-10-21 21:55:56,560 [grpc-default-executor-0] INFO  impl.RaftServerProxy (RaftServerProxy.java:addNew(89)) - 25026a40-ec59-48c3-bdd0-cf5c1bf30c8c: addNew group-D1A5675E21EC:[c24b6cc2-153d-4b64-a24d-9eaa76f76215:192.168.69.92:44123, 369f1351-eca5-492b-a682-1c26748f74ad:192.168.69.92:44343, 25026a40-ec59-48c3-bdd0-cf5c1bf30c8c:192.168.69.92:38000] returns group-D1A5675E21EC:java.util.concurrent.CompletableFuture@6ef6595[Not completed]
2019-10-21 21:55:56,560 [grpc-default-executor-6] INFO  impl.RaftServerProxy (RaftServerProxy.java:addNew(89)) - 369f1351-eca5-492b-a682-1c26748f74ad: addNew group-D1A5675E21EC:[c24b6cc2-153d-4b64-a24d-9eaa76f76215:192.168.69.92:44123, 369f1351-eca5-492b-a682-1c26748f74ad:192.168.69.92:44343, 25026a40-ec59-48c3-bdd0-cf5c1bf30c8c:192.168.69.92:38000] returns group-D1A5675E21EC:java.util.concurrent.CompletableFuture@258513e9[Not completed]
2019-10-21 21:55:56,560 [grpc-default-executor-3] INFO  impl.RaftServerProxy (RaftServerProxy.java:addNew(89)) - c24b6cc2-153d-4b64-a24d-9eaa76f76215: addNew group-D1A5675E21EC:[c24b6cc2-153d-4b64-a24d-9eaa76f76215:192.168.69.92:44123, 369f1351-eca5-492b-a682-1c26748f74ad:192.168.69.92:44343, 25026a40-ec59-48c3-bdd0-cf5c1bf30c8c:192.168.69.92:38000] returns group-D1A5675E21EC:java.util.concurrent.CompletableFuture@25457c54[Not completed]
2019-10-21 21:55:56,561 [f97d0911-7779-4207-bfcb-e80c65d878a3@group-0EF552826630-SegmentedRaftLogWorker] INFO  segmented.SegmentedRaftLogWorker (SegmentedRaftLogWorker.java:execute(576)) - f97d0911-7779-4207-bfcb-e80c65d878a3@group-0EF552826630-SegmentedRaftLogWorker: created new log segment /workdir/hadoop-ozone/integration-test/target/test-dir/MiniOzoneClusterImpl-f9df1159-a46e-43dd-90f7-e431812950fc/datanode-8/data/ratis/5c4e782b-9d7e-42b0-965d-0ef552826630/current/log_inprogress_0
2019-10-21 21:55:56,562 [pool-209-thread-1] INFO  impl.RaftServerImpl (RaftServerImpl.java:<init>(104)) - c24b6cc2-153d-4b64-a24d-9eaa76f76215: new RaftServerImpl for group-D1A5675E21EC:[c24b6cc2-153d-4b64-a24d-9eaa76f76215:192.168.69.92:44123, 369f1351-eca5-492b-a682-1c26748f74ad:192.168.69.92:44343, 25026a40-ec59-48c3-bdd0-cf5c1bf30c8c:192.168.69.92:38000] with ContainerStateMachine:uninitialized
2019-10-21 21:55:56,562 [pool-209-thread-1] INFO  server.RaftServerConfigKeys (ConfUtils.java:logGet(43)) - raft.server.rpc.timeout.min = 1s (custom)
2019-10-21 21:55:56,562 [pool-209-thread-1] INFO  server.RaftServerConfigKeys (ConfUtils.java:logGet(43)) - raft.server.rpc.timeout.max = 1200ms (custom)
2019-10-21 21:55:56,563 [pool-239-thread-1] INFO  impl.RaftServerImpl (RaftServerImpl.java:<init>(104)) - 369f1351-eca5-492b-a682-1c26748f74ad: new RaftServerImpl for group-D1A5675E21EC:[c24b6cc2-153d-4b64-a24d-9eaa76f76215:192.168.69.92:44123, 369f1351-eca5-492b-a682-1c26748f74ad:192.168.69.92:44343, 25026a40-ec59-48c3-bdd0-cf5c1bf30c8c:192.168.69.92:38000] with ContainerStateMachine:uninitialized
2019-10-21 21:55:56,563 [pool-209-thread-1] INFO  server.RaftServerConfigKeys (ConfUtils.java:logGet(43)) - raft.server.rpcslowness.timeout = 120s (custom)
2019-10-21 21:55:56,563 [pool-239-thread-1] INFO  server.RaftServerConfigKeys (ConfUtils.java:logGet(43)) - raft.server.rpc.timeout.min = 1s (custom)
2019-10-21 21:55:56,563 [pool-209-thread-1] INFO  server.RaftServerConfigKeys (ConfUtils.java:logGet(43)) - raft.server.sleep.deviation.threshold = 300 (default)
2019-10-21 21:55:56,563 [pool-239-thread-1] INFO  server.RaftServerConfigKeys (ConfUtils.java:logGet(43)) - raft.server.rpc.timeout.max = 1200ms (custom)
2019-10-21 21:55:56,563 [pool-209-thread-1] INFO  server.RaftServerConfigKeys (ConfUtils.java:logGet(43)) - raft.server.log.appender.install.snapshot.enabled = false (custom)
2019-10-21 21:55:56,563 [pool-239-thread-1] INFO  server.RaftServerConfigKeys (ConfUtils.java:logGet(43)) - raft.server.rpcslowness.timeout = 120s (custom)
2019-10-21 21:55:56,563 [pool-209-thread-1] INFO  impl.RaftServerImpl (ServerState.java:<init>(103)) - c24b6cc2-153d-4b64-a24d-9eaa76f76215@group-D1A5675E21EC: ConfigurationManager, init=-1: [c24b6cc2-153d-4b64-a24d-9eaa76f76215:192.168.69.92:44123, 369f1351-eca5-492b-a682-1c26748f74ad:192.168.69.92:44343, 25026a40-ec59-48c3-bdd0-cf5c1bf30c8c:192.168.69.92:38000], old=null, confs=<EMPTY_MAP>
2019-10-21 21:55:56,563 [pool-179-thread-1] INFO  impl.RaftServerImpl (RaftServerImpl.java:<init>(104)) - 25026a40-ec59-48c3-bdd0-cf5c1bf30c8c: new RaftServerImpl for group-D1A5675E21EC:[c24b6cc2-153d-4b64-a24d-9eaa76f76215:192.168.69.92:44123, 369f1351-eca5-492b-a682-1c26748f74ad:192.168.69.92:44343, 25026a40-ec59-48c3-bdd0-cf5c1bf30c8c:192.168.69.92:38000] with ContainerStateMachine:uninitialized
2019-10-21 21:55:56,563 [pool-239-thread-1] INFO  server.RaftServerConfigKeys (ConfUtils.java:logGet(43)) - raft.server.sleep.deviation.threshold = 300 (default)
2019-10-21 21:55:56,563 [pool-179-thread-1] INFO  server.RaftServerConfigKeys (ConfUtils.java:logGet(43)) - raft.server.rpc.timeout.min = 1s (custom)
2019-10-21 21:55:56,563 [pool-209-thread-1] INFO  server.RaftServerConfigKeys (ConfUtils.java:logGet(43)) - raft.server.storage.dir = [/workdir/hadoop-ozone/integration-test/target/test-dir/MiniOzoneClusterImpl-f9df1159-a46e-43dd-90f7-e431812950fc/datanode-6/data/ratis] (custom)
2019-10-21 21:55:56,564 [pool-179-thread-1] INFO  server.RaftServerConfigKeys (ConfUtils.java:logGet(43)) - raft.server.rpc.timeout.max = 1200ms (custom)
2019-10-21 21:55:56,564 [pool-239-thread-1] INFO  server.RaftServerConfigKeys (ConfUtils.java:logGet(43)) - raft.server.log.appender.install.snapshot.enabled = false (custom)
2019-10-21 21:55:56,564 [pool-209-thread-1] INFO  server.RaftServerConfigKeys (ConfUtils.java:logGet(43)) - raft.server.log.corruption.policy = EXCEPTION (default)
2019-10-21 21:55:56,564 [pool-179-thread-1] INFO  server.RaftServerConfigKeys (ConfUtils.java:logGet(43)) - raft.server.rpcslowness.timeout = 120s (custom)
2019-10-21 21:55:56,564 [pool-209-thread-1] INFO  storage.RaftStorageDirectory (RaftStorageDirectory.java:analyzeStorage(246)) - The storage directory /workdir/hadoop-ozone/integration-test/target/test-dir/MiniOzoneClusterImpl-f9df1159-a46e-43dd-90f7-e431812950fc/datanode-6/data/ratis/7f5309d2-d201-4158-8f66-d1a5675e21ec does not exist. Creating ...
2019-10-21 21:55:56,564 [pool-239-thread-1] INFO  impl.RaftServerImpl (ServerState.java:<init>(103)) - 369f1351-eca5-492b-a682-1c26748f74ad@group-D1A5675E21EC: ConfigurationManager, init=-1: [c24b6cc2-153d-4b64-a24d-9eaa76f76215:192.168.69.92:44123, 369f1351-eca5-492b-a682-1c26748f74ad:192.168.69.92:44343, 25026a40-ec59-48c3-bdd0-cf5c1bf30c8c:192.168.69.92:38000], old=null, confs=<EMPTY_MAP>
2019-10-21 21:55:56,564 [pool-179-thread-1] INFO  server.RaftServerConfigKeys (ConfUtils.java:logGet(43)) - raft.server.sleep.deviation.threshold = 300 (default)
2019-10-21 21:55:56,565 [pool-239-thread-1] INFO  server.RaftServerConfigKeys (ConfUtils.java:logGet(43)) - raft.server.storage.dir = [/workdir/hadoop-ozone/integration-test/target/test-dir/MiniOzoneClusterImpl-f9df1159-a46e-43dd-90f7-e431812950fc/datanode-9/data/ratis] (custom)
2019-10-21 21:55:56,565 [pool-179-thread-1] INFO  server.RaftServerConfigKeys (ConfUtils.java:logGet(43)) - raft.server.log.appender.install.snapshot.enabled = false (custom)
2019-10-21 21:55:56,565 [pool-239-thread-1] INFO  server.RaftServerConfigKeys (ConfUtils.java:logGet(43)) - raft.server.log.corruption.policy = EXCEPTION (default)
2019-10-21 21:55:56,565 [pool-179-thread-1] INFO  impl.RaftServerImpl (ServerState.java:<init>(103)) - 25026a40-ec59-48c3-bdd0-cf5c1bf30c8c@group-D1A5675E21EC: ConfigurationManager, init=-1: [c24b6cc2-153d-4b64-a24d-9eaa76f76215:192.168.69.92:44123, 369f1351-eca5-492b-a682-1c26748f74ad:192.168.69.92:44343, 25026a40-ec59-48c3-bdd0-cf5c1bf30c8c:192.168.69.92:38000], old=null, confs=<EMPTY_MAP>
2019-10-21 21:55:56,565 [pool-239-thread-1] INFO  storage.RaftStorageDirectory (RaftStorageDirectory.java:analyzeStorage(246)) - The storage directory /workdir/hadoop-ozone/integration-test/target/test-dir/MiniOzoneClusterImpl-f9df1159-a46e-43dd-90f7-e431812950fc/datanode-9/data/ratis/7f5309d2-d201-4158-8f66-d1a5675e21ec does not exist. Creating ...
2019-10-21 21:55:56,565 [pool-179-thread-1] INFO  server.RaftServerConfigKeys (ConfUtils.java:logGet(43)) - raft.server.storage.dir = [/workdir/hadoop-ozone/integration-test/target/test-dir/MiniOzoneClusterImpl-f9df1159-a46e-43dd-90f7-e431812950fc/datanode-3/data/ratis] (custom)
2019-10-21 21:55:56,566 [pool-179-thread-1] INFO  server.RaftServerConfigKeys (ConfUtils.java:logGet(43)) - raft.server.log.corruption.policy = EXCEPTION (default)
2019-10-21 21:55:56,566 [pool-179-thread-1] INFO  storage.RaftStorageDirectory (RaftStorageDirectory.java:analyzeStorage(246)) - The storage directory /workdir/hadoop-ozone/integration-test/target/test-dir/MiniOzoneClusterImpl-f9df1159-a46e-43dd-90f7-e431812950fc/datanode-3/data/ratis/7f5309d2-d201-4158-8f66-d1a5675e21ec does not exist. Creating ...
2019-10-21 21:55:56,575 [pool-209-thread-1] INFO  storage.RaftStorageDirectory (RaftStorageDirectory.java:tryLock(328)) - Lock on /workdir/hadoop-ozone/integration-test/target/test-dir/MiniOzoneClusterImpl-f9df1159-a46e-43dd-90f7-e431812950fc/datanode-6/data/ratis/7f5309d2-d201-4158-8f66-d1a5675e21ec/in_use.lock acquired by nodename 30080@pr-hdds-2240-577ml-2645996955
2019-10-21 21:55:56,575 [pool-179-thread-1] INFO  storage.RaftStorageDirectory (RaftStorageDirectory.java:tryLock(328)) - Lock on /workdir/hadoop-ozone/integration-test/target/test-dir/MiniOzoneClusterImpl-f9df1159-a46e-43dd-90f7-e431812950fc/datanode-3/data/ratis/7f5309d2-d201-4158-8f66-d1a5675e21ec/in_use.lock acquired by nodename 30080@pr-hdds-2240-577ml-2645996955
2019-10-21 21:55:56,575 [pool-239-thread-1] INFO  storage.RaftStorageDirectory (RaftStorageDirectory.java:tryLock(328)) - Lock on /workdir/hadoop-ozone/integration-test/target/test-dir/MiniOzoneClusterImpl-f9df1159-a46e-43dd-90f7-e431812950fc/datanode-9/data/ratis/7f5309d2-d201-4158-8f66-d1a5675e21ec/in_use.lock acquired by nodename 30080@pr-hdds-2240-577ml-2645996955
2019-10-21 21:55:56,575 [Thread-1934] INFO  impl.FollowerState (FollowerState.java:run(108)) - 683a42e8-804c-4291-9261-2bc66677cfab@group-9BA08151BADB-FollowerState: change to CANDIDATE, lastRpcTime:56ms, electionTimeout:56ms
2019-10-21 21:55:56,575 [Thread-1934] INFO  impl.RoleInfo (RoleInfo.java:shutdownFollowerState(121)) - 683a42e8-804c-4291-9261-2bc66677cfab: shutdown FollowerState
2019-10-21 21:55:56,576 [Thread-1934] INFO  impl.RaftServerImpl (RaftServerImpl.java:setRole(184)) - 683a42e8-804c-4291-9261-2bc66677cfab@group-9BA08151BADB: changes role from  FOLLOWER to CANDIDATE at term 0 for changeToCandidate
2019-10-21 21:55:56,576 [Thread-1934] INFO  impl.RoleInfo (RoleInfo.java:updateAndGet(143)) - 683a42e8-804c-4291-9261-2bc66677cfab: start LeaderElection
2019-10-21 21:55:56,590 [pool-239-thread-1] INFO  storage.RaftStorage (RaftStorage.java:format(84)) - Storage directory /workdir/hadoop-ozone/integration-test/target/test-dir/MiniOzoneClusterImpl-f9df1159-a46e-43dd-90f7-e431812950fc/datanode-9/data/ratis/7f5309d2-d201-4158-8f66-d1a5675e21ec has been successfully formatted.
2019-10-21 21:55:56,590 [683a42e8-804c-4291-9261-2bc66677cfab@group-9BA08151BADB-LeaderElection166] INFO  impl.LeaderElection (LeaderElection.java:askForVotes(178)) - 683a42e8-804c-4291-9261-2bc66677cfab@group-9BA08151BADB-LeaderElection166: begin an election at term 1 for -1: [7c4ddf80-db3d-4d0c-b4eb-75f8718eed44:192.168.69.92:34489, 683a42e8-804c-4291-9261-2bc66677cfab:192.168.69.92:38974, 149f4235-2e38-4d95-abe8-6ba232811729:192.168.69.92:32958], old=null
2019-10-21 21:55:56,590 [pool-209-thread-1] INFO  storage.RaftStorage (RaftStorage.java:format(84)) - Storage directory /workdir/hadoop-ozone/integration-test/target/test-dir/MiniOzoneClusterImpl-f9df1159-a46e-43dd-90f7-e431812950fc/datanode-6/data/ratis/7f5309d2-d201-4158-8f66-d1a5675e21ec has been successfully formatted.
2019-10-21 21:55:56,590 [pool-179-thread-1] INFO  storage.RaftStorage (RaftStorage.java:format(84)) - Storage directory /workdir/hadoop-ozone/integration-test/target/test-dir/MiniOzoneClusterImpl-f9df1159-a46e-43dd-90f7-e431812950fc/datanode-3/data/ratis/7f5309d2-d201-4158-8f66-d1a5675e21ec has been successfully formatted.
2019-10-21 21:55:56,590 [pool-239-thread-1] INFO  ratis.ContainerStateMachine (ContainerStateMachine.java:loadSnapshot(231)) - group-D1A5675E21EC: The snapshot info is null. Setting the last applied indexto:(t:0, i:~)
2019-10-21 21:55:56,590 [pool-209-thread-1] INFO  ratis.ContainerStateMachine (ContainerStateMachine.java:loadSnapshot(231)) - group-D1A5675E21EC: The snapshot info is null. Setting the last applied indexto:(t:0, i:~)
2019-10-21 21:55:56,590 [pool-239-thread-1] INFO  server.RaftServerConfigKeys (ConfUtils.java:logGet(43)) - raft.server.notification.no-leader.timeout = 120s (custom)
2019-10-21 21:55:56,590 [pool-179-thread-1] INFO  ratis.ContainerStateMachine (ContainerStateMachine.java:loadSnapshot(231)) - group-D1A5675E21EC: The snapshot info is null. Setting the last applied indexto:(t:0, i:~)
2019-10-21 21:55:56,591 [pool-239-thread-1] INFO  server.RaftServerConfigKeys (ConfUtils.java:logGet(43)) - raft.server.log.use.memory = false (default)
2019-10-21 21:55:56,591 [pool-209-thread-1] INFO  server.RaftServerConfigKeys (ConfUtils.java:logGet(43)) - raft.server.notification.no-leader.timeout = 120s (custom)
2019-10-21 21:55:56,591 [pool-239-thread-1] INFO  server.RaftServerConfigKeys (ConfUtils.java:logGet(43)) - raft.server.log.purge.gap = 1000000 (custom)
2019-10-21 21:55:56,591 [pool-179-thread-1] INFO  server.RaftServerConfigKeys (ConfUtils.java:logGet(43)) - raft.server.notification.no-leader.timeout = 120s (custom)
2019-10-21 21:55:56,591 [pool-239-thread-1] INFO  server.RaftServerConfigKeys (ConfUtils.java:logGet(43)) - raft.server.log.appender.buffer.byte-limit = 33554432 (custom)
2019-10-21 21:55:56,591 [pool-209-thread-1] INFO  server.RaftServerConfigKeys (ConfUtils.java:logGet(43)) - raft.server.log.use.memory = false (default)
2019-10-21 21:55:56,591 [pool-239-thread-1] INFO  server.RaftServerConfigKeys (ConfUtils.java:logGet(43)) - raft.server.log.segment.size.max = 1048576 (custom)
2019-10-21 21:55:56,591 [pool-179-thread-1] INFO  server.RaftServerConfigKeys (ConfUtils.java:logGet(43)) - raft.server.log.use.memory = false (default)
2019-10-21 21:55:56,591 [pool-239-thread-1] INFO  server.RaftServerConfigKeys (ConfUtils.java:logGet(43)) - raft.server.log.segment.cache.num.max = 2 (custom)
2019-10-21 21:55:56,591 [pool-209-thread-1] INFO  server.RaftServerConfigKeys (ConfUtils.java:logGet(43)) - raft.server.log.purge.gap = 1000000 (custom)
2019-10-21 21:55:56,591 [pool-239-thread-1] INFO  segmented.SegmentedRaftLogWorker (SegmentedRaftLogWorker.java:<init>(173)) - new 369f1351-eca5-492b-a682-1c26748f74ad@group-D1A5675E21EC-SegmentedRaftLogWorker for RaftStorage:Storage Directory /workdir/hadoop-ozone/integration-test/target/test-dir/MiniOzoneClusterImpl-f9df1159-a46e-43dd-90f7-e431812950fc/datanode-9/data/ratis/7f5309d2-d201-4158-8f66-d1a5675e21ec
2019-10-21 21:55:56,591 [pool-179-thread-1] INFO  server.RaftServerConfigKeys (ConfUtils.java:logGet(43)) - raft.server.log.purge.gap = 1000000 (custom)
2019-10-21 21:55:56,592 [pool-239-thread-1] INFO  server.RaftServerConfigKeys (ConfUtils.java:logGet(43)) - raft.server.log.queue.byte-limit = 2147483647 (custom)
2019-10-21 21:55:56,592 [pool-209-thread-1] INFO  server.RaftServerConfigKeys (ConfUtils.java:logGet(43)) - raft.server.log.appender.buffer.byte-limit = 33554432 (custom)
2019-10-21 21:55:56,592 [pool-239-thread-1] INFO  server.RaftServerConfigKeys (ConfUtils.java:logGet(43)) - raft.server.log.queue.element-limit = 1024 (custom)
2019-10-21 21:55:56,592 [pool-179-thread-1] INFO  server.RaftServerConfigKeys (ConfUtils.java:logGet(43)) - raft.server.log.appender.buffer.byte-limit = 33554432 (custom)
2019-10-21 21:55:56,592 [pool-239-thread-1] INFO  server.RaftServerConfigKeys (ConfUtils.java:logGet(43)) - raft.server.log.segment.size.max = 1048576 (custom)
2019-10-21 21:55:56,592 [pool-209-thread-1] INFO  server.RaftServerConfigKeys (ConfUtils.java:logGet(43)) - raft.server.log.segment.size.max = 1048576 (custom)
2019-10-21 21:55:56,592 [pool-239-thread-1] INFO  server.RaftServerConfigKeys (ConfUtils.java:logGet(43)) - raft.server.log.preallocated.size = 16384 (custom)
2019-10-21 21:55:56,592 [pool-179-thread-1] INFO  server.RaftServerConfigKeys (ConfUtils.java:logGet(43)) - raft.server.log.segment.size.max = 1048576 (custom)
2019-10-21 21:55:56,593 [pool-239-thread-1] INFO  server.RaftServerConfigKeys (ConfUtils.java:logGet(43)) - raft.server.log.write.buffer.size = 33554432 (custom)
2019-10-21 21:55:56,592 [pool-209-thread-1] INFO  server.RaftServerConfigKeys (ConfUtils.java:logGet(43)) - raft.server.log.segment.cache.num.max = 2 (custom)
2019-10-21 21:55:56,593 [pool-239-thread-1] INFO  server.RaftServerConfigKeys (ConfUtils.java:logGet(43)) - raft.server.log.force.sync.num = 128 (default)
2019-10-21 21:55:56,593 [pool-179-thread-1] INFO  server.RaftServerConfigKeys (ConfUtils.java:logGet(43)) - raft.server.log.segment.cache.num.max = 2 (custom)
2019-10-21 21:55:56,593 [pool-239-thread-1] INFO  server.RaftServerConfigKeys (ConfUtils.java:logGet(43)) - raft.server.log.statemachine.data.sync = true (default)
2019-10-21 21:55:56,593 [pool-209-thread-1] INFO  segmented.SegmentedRaftLogWorker (SegmentedRaftLogWorker.java:<init>(173)) - new c24b6cc2-153d-4b64-a24d-9eaa76f76215@group-D1A5675E21EC-SegmentedRaftLogWorker for RaftStorage:Storage Directory /workdir/hadoop-ozone/integration-test/target/test-dir/MiniOzoneClusterImpl-f9df1159-a46e-43dd-90f7-e431812950fc/datanode-6/data/ratis/7f5309d2-d201-4158-8f66-d1a5675e21ec
2019-10-21 21:55:56,593 [pool-239-thread-1] INFO  server.RaftServerConfigKeys (ConfUtils.java:logGet(43)) - raft.server.log.statemachine.data.sync.timeout = 10s (default)
2019-10-21 21:55:56,593 [pool-179-thread-1] INFO  segmented.SegmentedRaftLogWorker (SegmentedRaftLogWorker.java:<init>(173)) - new 25026a40-ec59-48c3-bdd0-cf5c1bf30c8c@group-D1A5675E21EC-SegmentedRaftLogWorker for RaftStorage:Storage Directory /workdir/hadoop-ozone/integration-test/target/test-dir/MiniOzoneClusterImpl-f9df1159-a46e-43dd-90f7-e431812950fc/datanode-3/data/ratis/7f5309d2-d201-4158-8f66-d1a5675e21ec
2019-10-21 21:55:56,594 [pool-239-thread-1] INFO  server.RaftServerConfigKeys (ConfUtils.java:logGet(43)) - raft.server.log.statemachine.data.sync.timeout.retry = -1 (default)
2019-10-21 21:55:56,593 [pool-209-thread-1] INFO  server.RaftServerConfigKeys (ConfUtils.java:logGet(43)) - raft.server.log.queue.byte-limit = 2147483647 (custom)
2019-10-21 21:55:56,594 [pool-239-thread-1] INFO  server.RaftServerConfigKeys (ConfUtils.java:logGet(43)) - raft.server.log.statemachine.data.caching.enabled = true (custom)
2019-10-21 21:55:56,594 [pool-179-thread-1] INFO  server.RaftServerConfigKeys (ConfUtils.java:logGet(43)) - raft.server.log.queue.byte-limit = 2147483647 (custom)
2019-10-21 21:55:56,597 [grpc-default-executor-3] INFO  impl.RaftServerImpl (RaftServerImpl.java:setRole(184)) - 7c4ddf80-db3d-4d0c-b4eb-75f8718eed44@group-9BA08151BADB: changes role from  FOLLOWER to FOLLOWER at term 1 for recognizeCandidate:683a42e8-804c-4291-9261-2bc66677cfab
2019-10-21 21:55:56,597 [grpc-default-executor-6] INFO  impl.RaftServerImpl (RaftServerImpl.java:setRole(184)) - 149f4235-2e38-4d95-abe8-6ba232811729@group-9BA08151BADB: changes role from  FOLLOWER to FOLLOWER at term 1 for recognizeCandidate:683a42e8-804c-4291-9261-2bc66677cfab
2019-10-21 21:55:56,594 [pool-209-thread-1] INFO  server.RaftServerConfigKeys (ConfUtils.java:logGet(43)) - raft.server.log.queue.element-limit = 1024 (custom)
2019-10-21 21:55:56,598 [grpc-default-executor-6] INFO  impl.RoleInfo (RoleInfo.java:shutdownFollowerState(121)) - 149f4235-2e38-4d95-abe8-6ba232811729: shutdown FollowerState
2019-10-21 21:55:56,598 [grpc-default-executor-3] INFO  impl.RoleInfo (RoleInfo.java:shutdownFollowerState(121)) - 7c4ddf80-db3d-4d0c-b4eb-75f8718eed44: shutdown FollowerState
2019-10-21 21:55:56,598 [pool-239-thread-1] INFO  segmented.SegmentedRaftLogWorker (SegmentedRaftLogWorker.java:lambda$new$0(128)) - 369f1351-eca5-492b-a682-1c26748f74ad@group-D1A5675E21EC-SegmentedRaftLogWorker: flushIndex: setUnconditionally 0 -> -1
2019-10-21 21:55:56,597 [pool-179-thread-1] INFO  server.RaftServerConfigKeys (ConfUtils.java:logGet(43)) - raft.server.log.queue.element-limit = 1024 (custom)
2019-10-21 21:55:56,598 [Thread-1935] INFO  impl.FollowerState (FollowerState.java:run(117)) - 7c4ddf80-db3d-4d0c-b4eb-75f8718eed44@group-9BA08151BADB-FollowerState was interrupted: java.lang.InterruptedException: sleep interrupted
2019-10-21 21:55:56,598 [grpc-default-executor-3] INFO  impl.RoleInfo (RoleInfo.java:updateAndGet(143)) - 7c4ddf80-db3d-4d0c-b4eb-75f8718eed44: start FollowerState
2019-10-21 21:55:56,598 [Thread-1936] INFO  impl.FollowerState (FollowerState.java:run(117)) - 149f4235-2e38-4d95-abe8-6ba232811729@group-9BA08151BADB-FollowerState was interrupted: java.lang.InterruptedException: sleep interrupted
2019-10-21 21:55:56,598 [grpc-default-executor-6] INFO  impl.RoleInfo (RoleInfo.java:updateAndGet(143)) - 149f4235-2e38-4d95-abe8-6ba232811729: start FollowerState
2019-10-21 21:55:56,598 [pool-209-thread-1] INFO  server.RaftServerConfigKeys (ConfUtils.java:logGet(43)) - raft.server.log.segment.size.max = 1048576 (custom)
2019-10-21 21:55:56,599 [pool-179-thread-1] INFO  server.RaftServerConfigKeys (ConfUtils.java:logGet(43)) - raft.server.log.segment.size.max = 1048576 (custom)
2019-10-21 21:55:56,599 [pool-239-thread-1] INFO  server.RaftServerConfigKeys (ConfUtils.java:logGet(43)) - raft.server.snapshot.auto.trigger.enabled = true (custom)
2019-10-21 21:55:56,599 [pool-179-thread-1] INFO  server.RaftServerConfigKeys (ConfUtils.java:logGet(43)) - raft.server.log.preallocated.size = 16384 (custom)
2019-10-21 21:55:56,599 [pool-209-thread-1] INFO  server.RaftServerConfigKeys (ConfUtils.java:logGet(43)) - raft.server.log.preallocated.size = 16384 (custom)
2019-10-21 21:55:56,600 [pool-179-thread-1] INFO  server.RaftServerConfigKeys (ConfUtils.java:logGet(43)) - raft.server.log.write.buffer.size = 33554432 (custom)
2019-10-21 21:55:56,599 [pool-239-thread-1] INFO  server.RaftServerConfigKeys (ConfUtils.java:logGet(43)) - raft.server.snapshot.auto.trigger.threshold = 10000 (custom)
2019-10-21 21:55:56,600 [pool-179-thread-1] INFO  server.RaftServerConfigKeys (ConfUtils.java:logGet(43)) - raft.server.log.force.sync.num = 128 (default)
2019-10-21 21:55:56,600 [pool-209-thread-1] INFO  server.RaftServerConfigKeys (ConfUtils.java:logGet(43)) - raft.server.log.write.buffer.size = 33554432 (custom)
2019-10-21 21:55:56,600 [pool-179-thread-1] INFO  server.RaftServerConfigKeys (ConfUtils.java:logGet(43)) - raft.server.log.statemachine.data.sync = true (default)
2019-10-21 21:55:56,600 [pool-239-thread-1] INFO  server.RaftServerConfigKeys (ConfUtils.java:logGet(43)) - raft.server.snapshot.retention.file.num = 5 (custom)
2019-10-21 21:55:56,600 [pool-179-thread-1] INFO  server.RaftServerConfigKeys (ConfUtils.java:logGet(43)) - raft.server.log.statemachine.data.sync.timeout = 10s (default)
2019-10-21 21:55:56,600 [pool-209-thread-1] INFO  server.RaftServerConfigKeys (ConfUtils.java:logGet(43)) - raft.server.log.force.sync.num = 128 (default)
2019-10-21 21:55:56,600 [pool-179-thread-1] INFO  server.RaftServerConfigKeys (ConfUtils.java:logGet(43)) - raft.server.log.statemachine.data.sync.timeout.retry = -1 (default)
2019-10-21 21:55:56,600 [pool-239-thread-1] INFO  server.RaftServerConfigKeys (ConfUtils.java:logGet(43)) - raft.server.retrycache.expirytime = 600000ms (custom)
2019-10-21 21:55:56,600 [pool-179-thread-1] INFO  server.RaftServerConfigKeys (ConfUtils.java:logGet(43)) - raft.server.log.statemachine.data.caching.enabled = true (custom)
2019-10-21 21:55:56,600 [pool-209-thread-1] INFO  server.RaftServerConfigKeys (ConfUtils.java:logGet(43)) - raft.server.log.statemachine.data.sync = true (default)
2019-10-21 21:55:56,601 [pool-209-thread-1] INFO  server.RaftServerConfigKeys (ConfUtils.java:logGet(43)) - raft.server.log.statemachine.data.sync.timeout = 10s (default)
2019-10-21 21:55:56,601 [pool-179-thread-1] INFO  segmented.SegmentedRaftLogWorker (SegmentedRaftLogWorker.java:lambda$new$0(128)) - 25026a40-ec59-48c3-bdd0-cf5c1bf30c8c@group-D1A5675E21EC-SegmentedRaftLogWorker: flushIndex: setUnconditionally 0 -> -1
2019-10-21 21:55:56,601 [pool-209-thread-1] INFO  server.RaftServerConfigKeys (ConfUtils.java:logGet(43)) - raft.server.log.statemachine.data.sync.timeout.retry = -1 (default)
2019-10-21 21:55:56,601 [pool-209-thread-1] INFO  server.RaftServerConfigKeys (ConfUtils.java:logGet(43)) - raft.server.log.statemachine.data.caching.enabled = true (custom)
2019-10-21 21:55:56,601 [pool-179-thread-1] INFO  server.RaftServerConfigKeys (ConfUtils.java:logGet(43)) - raft.server.snapshot.auto.trigger.enabled = true (custom)
2019-10-21 21:55:56,601 [pool-179-thread-1] INFO  server.RaftServerConfigKeys (ConfUtils.java:logGet(43)) - raft.server.snapshot.auto.trigger.threshold = 10000 (custom)
2019-10-21 21:55:56,601 [pool-179-thread-1] INFO  server.RaftServerConfigKeys (ConfUtils.java:logGet(43)) - raft.server.snapshot.retention.file.num = 5 (custom)
2019-10-21 21:55:56,601 [pool-179-thread-1] INFO  server.RaftServerConfigKeys (ConfUtils.java:logGet(43)) - raft.server.retrycache.expirytime = 600000ms (custom)
2019-10-21 21:55:56,602 [pool-209-thread-1] INFO  segmented.SegmentedRaftLogWorker (SegmentedRaftLogWorker.java:lambda$new$0(128)) - c24b6cc2-153d-4b64-a24d-9eaa76f76215@group-D1A5675E21EC-SegmentedRaftLogWorker: flushIndex: setUnconditionally 0 -> -1
2019-10-21 21:55:56,602 [pool-209-thread-1] INFO  server.RaftServerConfigKeys (ConfUtils.java:logGet(43)) - raft.server.snapshot.auto.trigger.enabled = true (custom)
2019-10-21 21:55:56,602 [pool-209-thread-1] INFO  server.RaftServerConfigKeys (ConfUtils.java:logGet(43)) - raft.server.snapshot.auto.trigger.threshold = 10000 (custom)
2019-10-21 21:55:56,602 [pool-209-thread-1] INFO  server.RaftServerConfigKeys (ConfUtils.java:logGet(43)) - raft.server.snapshot.retention.file.num = 5 (custom)
2019-10-21 21:55:56,602 [pool-239-thread-1] INFO  impl.RaftServerImpl (RaftServerImpl.java:start(195)) - 369f1351-eca5-492b-a682-1c26748f74ad@group-D1A5675E21EC: start as a follower, conf=-1: [c24b6cc2-153d-4b64-a24d-9eaa76f76215:192.168.69.92:44123, 369f1351-eca5-492b-a682-1c26748f74ad:192.168.69.92:44343, 25026a40-ec59-48c3-bdd0-cf5c1bf30c8c:192.168.69.92:38000], old=null
2019-10-21 21:55:56,602 [pool-209-thread-1] INFO  server.RaftServerConfigKeys (ConfUtils.java:logGet(43)) - raft.server.retrycache.expirytime = 600000ms (custom)
2019-10-21 21:55:56,603 [pool-239-thread-1] INFO  impl.RaftServerImpl (RaftServerImpl.java:setRole(184)) - 369f1351-eca5-492b-a682-1c26748f74ad@group-D1A5675E21EC: changes role from      null to FOLLOWER at term 0 for startAsFollower
2019-10-21 21:55:56,603 [pool-239-thread-1] INFO  impl.RoleInfo (RoleInfo.java:updateAndGet(143)) - 369f1351-eca5-492b-a682-1c26748f74ad: start FollowerState
2019-10-21 21:55:56,603 [pool-179-thread-1] INFO  impl.RaftServerImpl (RaftServerImpl.java:start(195)) - 25026a40-ec59-48c3-bdd0-cf5c1bf30c8c@group-D1A5675E21EC: start as a follower, conf=-1: [c24b6cc2-153d-4b64-a24d-9eaa76f76215:192.168.69.92:44123, 369f1351-eca5-492b-a682-1c26748f74ad:192.168.69.92:44343, 25026a40-ec59-48c3-bdd0-cf5c1bf30c8c:192.168.69.92:38000], old=null
2019-10-21 21:55:56,603 [pool-179-thread-1] INFO  impl.RaftServerImpl (RaftServerImpl.java:setRole(184)) - 25026a40-ec59-48c3-bdd0-cf5c1bf30c8c@group-D1A5675E21EC: changes role from      null to FOLLOWER at term 0 for startAsFollower
2019-10-21 21:55:56,603 [pool-179-thread-1] INFO  impl.RoleInfo (RoleInfo.java:updateAndGet(143)) - 25026a40-ec59-48c3-bdd0-cf5c1bf30c8c: start FollowerState
2019-10-21 21:55:56,603 [pool-239-thread-1] INFO  util.JmxRegister (JmxRegister.java:tryRegister(44)) - Successfully registered JMX Bean with object name Ratis:service=RaftServer,group=group-D1A5675E21EC,id=369f1351-eca5-492b-a682-1c26748f74ad
2019-10-21 21:55:56,603 [pool-179-thread-1] INFO  util.JmxRegister (JmxRegister.java:tryRegister(44)) - Successfully registered JMX Bean with object name Ratis:service=RaftServer,group=group-D1A5675E21EC,id=25026a40-ec59-48c3-bdd0-cf5c1bf30c8c
2019-10-21 21:55:56,605 [pool-209-thread-1] INFO  impl.RaftServerImpl (RaftServerImpl.java:start(195)) - c24b6cc2-153d-4b64-a24d-9eaa76f76215@group-D1A5675E21EC: start as a follower, conf=-1: [c24b6cc2-153d-4b64-a24d-9eaa76f76215:192.168.69.92:44123, 369f1351-eca5-492b-a682-1c26748f74ad:192.168.69.92:44343, 25026a40-ec59-48c3-bdd0-cf5c1bf30c8c:192.168.69.92:38000], old=null
2019-10-21 21:55:56,605 [pool-209-thread-1] INFO  impl.RaftServerImpl (RaftServerImpl.java:setRole(184)) - c24b6cc2-153d-4b64-a24d-9eaa76f76215@group-D1A5675E21EC: changes role from      null to FOLLOWER at term 0 for startAsFollower
2019-10-21 21:55:56,605 [pool-209-thread-1] INFO  impl.RoleInfo (RoleInfo.java:updateAndGet(143)) - c24b6cc2-153d-4b64-a24d-9eaa76f76215: start FollowerState
2019-10-21 21:55:56,606 [pool-209-thread-1] INFO  util.JmxRegister (JmxRegister.java:tryRegister(44)) - Successfully registered JMX Bean with object name Ratis:service=RaftServer,group=group-D1A5675E21EC,id=c24b6cc2-153d-4b64-a24d-9eaa76f76215
2019-10-21 21:55:56,609 [RatisPipelineUtilsThread] INFO  pipeline.PipelineStateManager (PipelineStateManager.java:addPipeline(56)) - Created pipeline Pipeline[ Id: 7f5309d2-d201-4158-8f66-d1a5675e21ec, Nodes: c24b6cc2-153d-4b64-a24d-9eaa76f76215{ip: 192.168.69.92, host: pr-hdds-2240-577ml-2645996955, networkLocation: /rack1, certSerialId: null}369f1351-eca5-492b-a682-1c26748f74ad{ip: 192.168.69.92, host: pr-hdds-2240-577ml-2645996955, networkLocation: /rack1, certSerialId: null}25026a40-ec59-48c3-bdd0-cf5c1bf30c8c{ip: 192.168.69.92, host: pr-hdds-2240-577ml-2645996955, networkLocation: /rack1, certSerialId: null}, Type:RATIS, Factor:THREE, State:OPEN]
2019-10-21 21:55:56,622 [grpc-default-executor-7] INFO  impl.RaftServerProxy (RaftServerProxy.java:addNew(89)) - 590972a8-254a-4d11-9ee4-9846de224337: addNew group-43E39F6D4740:[7b88ca7b-bd9b-4a64-8114-d91a9b2f31f1:192.168.69.92:38504, 590972a8-254a-4d11-9ee4-9846de224337:192.168.69.92:35899, 8d79625f-2c74-448d-b811-8fe783a575f1:192.168.69.92:35698] returns group-43E39F6D4740:java.util.concurrent.CompletableFuture@3f05bfcd[Not completed]
2019-10-21 21:55:56,622 [grpc-default-executor-8] INFO  impl.RaftServerProxy (RaftServerProxy.java:addNew(89)) - 8d79625f-2c74-448d-b811-8fe783a575f1: addNew group-43E39F6D4740:[7b88ca7b-bd9b-4a64-8114-d91a9b2f31f1:192.168.69.92:38504, 590972a8-254a-4d11-9ee4-9846de224337:192.168.69.92:35899, 8d79625f-2c74-448d-b811-8fe783a575f1:192.168.69.92:35698] returns group-43E39F6D4740:java.util.concurrent.CompletableFuture@7945972a[Not completed]
2019-10-21 21:55:56,622 [grpc-default-executor-0] INFO  impl.RaftServerProxy (RaftServerProxy.java:addNew(89)) - 7b88ca7b-bd9b-4a64-8114-d91a9b2f31f1: addNew group-43E39F6D4740:[7b88ca7b-bd9b-4a64-8114-d91a9b2f31f1:192.168.69.92:38504, 590972a8-254a-4d11-9ee4-9846de224337:192.168.69.92:35899, 8d79625f-2c74-448d-b811-8fe783a575f1:192.168.69.92:35698] returns group-43E39F6D4740:java.util.concurrent.CompletableFuture@73d3fe7f[Not completed]
2019-10-21 21:55:56,623 [pool-219-thread-1] INFO  impl.RaftServerImpl (RaftServerImpl.java:<init>(104)) - 590972a8-254a-4d11-9ee4-9846de224337: new RaftServerImpl for group-43E39F6D4740:[7b88ca7b-bd9b-4a64-8114-d91a9b2f31f1:192.168.69.92:38504, 590972a8-254a-4d11-9ee4-9846de224337:192.168.69.92:35899, 8d79625f-2c74-448d-b811-8fe783a575f1:192.168.69.92:35698] with ContainerStateMachine:uninitialized
2019-10-21 21:55:56,623 [pool-219-thread-1] INFO  server.RaftServerConfigKeys (ConfUtils.java:logGet(43)) - raft.server.rpc.timeout.min = 1s (custom)
2019-10-21 21:55:56,623 [pool-219-thread-1] INFO  server.RaftServerConfigKeys (ConfUtils.java:logGet(43)) - raft.server.rpc.timeout.max = 1200ms (custom)
2019-10-21 21:55:56,623 [pool-219-thread-1] INFO  server.RaftServerConfigKeys (ConfUtils.java:logGet(43)) - raft.server.rpcslowness.timeout = 120s (custom)
2019-10-21 21:55:56,624 [pool-219-thread-1] INFO  server.RaftServerConfigKeys (ConfUtils.java:logGet(43)) - raft.server.sleep.deviation.threshold = 300 (default)
2019-10-21 21:55:56,624 [pool-219-thread-1] INFO  server.RaftServerConfigKeys (ConfUtils.java:logGet(43)) - raft.server.log.appender.install.snapshot.enabled = false (custom)
2019-10-21 21:55:56,624 [pool-149-thread-1] INFO  impl.RaftServerImpl (RaftServerImpl.java:<init>(104)) - 7b88ca7b-bd9b-4a64-8114-d91a9b2f31f1: new RaftServerImpl for group-43E39F6D4740:[7b88ca7b-bd9b-4a64-8114-d91a9b2f31f1:192.168.69.92:38504, 590972a8-254a-4d11-9ee4-9846de224337:192.168.69.92:35899, 8d79625f-2c74-448d-b811-8fe783a575f1:192.168.69.92:35698] with ContainerStateMachine:uninitialized
2019-10-21 21:55:56,624 [pool-219-thread-1] INFO  impl.RaftServerImpl (ServerState.java:<init>(103)) - 590972a8-254a-4d11-9ee4-9846de224337@group-43E39F6D4740: ConfigurationManager, init=-1: [7b88ca7b-bd9b-4a64-8114-d91a9b2f31f1:192.168.69.92:38504, 590972a8-254a-4d11-9ee4-9846de224337:192.168.69.92:35899, 8d79625f-2c74-448d-b811-8fe783a575f1:192.168.69.92:35698], old=null, confs=<EMPTY_MAP>
2019-10-21 21:55:56,624 [pool-149-thread-1] INFO  server.RaftServerConfigKeys (ConfUtils.java:logGet(43)) - raft.server.rpc.timeout.min = 1s (custom)
2019-10-21 21:55:56,624 [pool-219-thread-1] INFO  server.RaftServerConfigKeys (ConfUtils.java:logGet(43)) - raft.server.storage.dir = [/workdir/hadoop-ozone/integration-test/target/test-dir/MiniOzoneClusterImpl-f9df1159-a46e-43dd-90f7-e431812950fc/datanode-7/data/ratis] (custom)
2019-10-21 21:55:56,624 [pool-149-thread-1] INFO  server.RaftServerConfigKeys (ConfUtils.java:logGet(43)) - raft.server.rpc.timeout.max = 1200ms (custom)
2019-10-21 21:55:56,624 [pool-149-thread-1] INFO  server.RaftServerConfigKeys (ConfUtils.java:logGet(43)) - raft.server.rpcslowness.timeout = 120s (custom)
2019-10-21 21:55:56,624 [pool-219-thread-1] INFO  server.RaftServerConfigKeys (ConfUtils.java:logGet(43)) - raft.server.log.corruption.policy = EXCEPTION (default)
2019-10-21 21:55:56,624 [pool-149-thread-1] INFO  server.RaftServerConfigKeys (ConfUtils.java:logGet(43)) - raft.server.sleep.deviation.threshold = 300 (default)
2019-10-21 21:55:56,624 [pool-169-thread-1] INFO  impl.RaftServerImpl (RaftServerImpl.java:<init>(104)) - 8d79625f-2c74-448d-b811-8fe783a575f1: new RaftServerImpl for group-43E39F6D4740:[7b88ca7b-bd9b-4a64-8114-d91a9b2f31f1:192.168.69.92:38504, 590972a8-254a-4d11-9ee4-9846de224337:192.168.69.92:35899, 8d79625f-2c74-448d-b811-8fe783a575f1:192.168.69.92:35698] with ContainerStateMachine:uninitialized
2019-10-21 21:55:56,624 [pool-219-thread-1] INFO  storage.RaftStorageDirectory (RaftStorageDirectory.java:analyzeStorage(246)) - The storage directory /workdir/hadoop-ozone/integration-test/target/test-dir/MiniOzoneClusterImpl-f9df1159-a46e-43dd-90f7-e431812950fc/datanode-7/data/ratis/db4d59e7-2968-4e82-823f-43e39f6d4740 does not exist. Creating ...
2019-10-21 21:55:56,624 [pool-149-thread-1] INFO  server.RaftServerConfigKeys (ConfUtils.java:logGet(43)) - raft.server.log.appender.install.snapshot.enabled = false (custom)
2019-10-21 21:55:56,624 [pool-169-thread-1] INFO  server.RaftServerConfigKeys (ConfUtils.java:logGet(43)) - raft.server.rpc.timeout.min = 1s (custom)
2019-10-21 21:55:56,625 [pool-149-thread-1] INFO  impl.RaftServerImpl (ServerState.java:<init>(103)) - 7b88ca7b-bd9b-4a64-8114-d91a9b2f31f1@group-43E39F6D4740: ConfigurationManager, init=-1: [7b88ca7b-bd9b-4a64-8114-d91a9b2f31f1:192.168.69.92:38504, 590972a8-254a-4d11-9ee4-9846de224337:192.168.69.92:35899, 8d79625f-2c74-448d-b811-8fe783a575f1:192.168.69.92:35698], old=null, confs=<EMPTY_MAP>
2019-10-21 21:55:56,625 [pool-169-thread-1] INFO  server.RaftServerConfigKeys (ConfUtils.java:logGet(43)) - raft.server.rpc.timeout.max = 1200ms (custom)
2019-10-21 21:55:56,625 [pool-149-thread-1] INFO  server.RaftServerConfigKeys (ConfUtils.java:logGet(43)) - raft.server.storage.dir = [/workdir/hadoop-ozone/integration-test/target/test-dir/MiniOzoneClusterImpl-f9df1159-a46e-43dd-90f7-e431812950fc/datanode-0/data/ratis] (custom)
2019-10-21 21:55:56,625 [pool-169-thread-1] INFO  server.RaftServerConfigKeys (ConfUtils.java:logGet(43)) - raft.server.rpcslowness.timeout = 120s (custom)
2019-10-21 21:55:56,625 [pool-169-thread-1] INFO  server.RaftServerConfigKeys (ConfUtils.java:logGet(43)) - raft.server.sleep.deviation.threshold = 300 (default)
2019-10-21 21:55:56,625 [pool-149-thread-1] INFO  server.RaftServerConfigKeys (ConfUtils.java:logGet(43)) - raft.server.log.corruption.policy = EXCEPTION (default)
2019-10-21 21:55:56,625 [pool-169-thread-1] INFO  server.RaftServerConfigKeys (ConfUtils.java:logGet(43)) - raft.server.log.appender.install.snapshot.enabled = false (custom)
2019-10-21 21:55:56,625 [pool-149-thread-1] INFO  storage.RaftStorageDirectory (RaftStorageDirectory.java:analyzeStorage(246)) - The storage directory /workdir/hadoop-ozone/integration-test/target/test-dir/MiniOzoneClusterImpl-f9df1159-a46e-43dd-90f7-e431812950fc/datanode-0/data/ratis/db4d59e7-2968-4e82-823f-43e39f6d4740 does not exist. Creating ...
2019-10-21 21:55:56,625 [pool-169-thread-1] INFO  impl.RaftServerImpl (ServerState.java:<init>(103)) - 8d79625f-2c74-448d-b811-8fe783a575f1@group-43E39F6D4740: ConfigurationManager, init=-1: [7b88ca7b-bd9b-4a64-8114-d91a9b2f31f1:192.168.69.92:38504, 590972a8-254a-4d11-9ee4-9846de224337:192.168.69.92:35899, 8d79625f-2c74-448d-b811-8fe783a575f1:192.168.69.92:35698], old=null, confs=<EMPTY_MAP>
2019-10-21 21:55:56,625 [pool-169-thread-1] INFO  server.RaftServerConfigKeys (ConfUtils.java:logGet(43)) - raft.server.storage.dir = [/workdir/hadoop-ozone/integration-test/target/test-dir/MiniOzoneClusterImpl-f9df1159-a46e-43dd-90f7-e431812950fc/datanode-2/data/ratis] (custom)
2019-10-21 21:55:56,626 [pool-169-thread-1] INFO  server.RaftServerConfigKeys (ConfUtils.java:logGet(43)) - raft.server.log.corruption.policy = EXCEPTION (default)
2019-10-21 21:55:56,626 [pool-169-thread-1] INFO  storage.RaftStorageDirectory (RaftStorageDirectory.java:analyzeStorage(246)) - The storage directory /workdir/hadoop-ozone/integration-test/target/test-dir/MiniOzoneClusterImpl-f9df1159-a46e-43dd-90f7-e431812950fc/datanode-2/data/ratis/db4d59e7-2968-4e82-823f-43e39f6d4740 does not exist. Creating ...
2019-10-21 21:55:56,632 [pool-219-thread-1] INFO  storage.RaftStorageDirectory (RaftStorageDirectory.java:tryLock(328)) - Lock on /workdir/hadoop-ozone/integration-test/target/test-dir/MiniOzoneClusterImpl-f9df1159-a46e-43dd-90f7-e431812950fc/datanode-7/data/ratis/db4d59e7-2968-4e82-823f-43e39f6d4740/in_use.lock acquired by nodename 30080@pr-hdds-2240-577ml-2645996955
2019-10-21 21:55:56,632 [pool-149-thread-1] INFO  storage.RaftStorageDirectory (RaftStorageDirectory.java:tryLock(328)) - Lock on /workdir/hadoop-ozone/integration-test/target/test-dir/MiniOzoneClusterImpl-f9df1159-a46e-43dd-90f7-e431812950fc/datanode-0/data/ratis/db4d59e7-2968-4e82-823f-43e39f6d4740/in_use.lock acquired by nodename 30080@pr-hdds-2240-577ml-2645996955
2019-10-21 21:55:56,632 [pool-169-thread-1] INFO  storage.RaftStorageDirectory (RaftStorageDirectory.java:tryLock(328)) - Lock on /workdir/hadoop-ozone/integration-test/target/test-dir/MiniOzoneClusterImpl-f9df1159-a46e-43dd-90f7-e431812950fc/datanode-2/data/ratis/db4d59e7-2968-4e82-823f-43e39f6d4740/in_use.lock acquired by nodename 30080@pr-hdds-2240-577ml-2645996955
2019-10-21 21:55:56,633 [683a42e8-804c-4291-9261-2bc66677cfab@group-9BA08151BADB-LeaderElection166] INFO  impl.LeaderElection (LeaderElection.java:logAndReturn(56)) - 683a42e8-804c-4291-9261-2bc66677cfab@group-9BA08151BADB-LeaderElection166: Election PASSED; received 1 response(s) [683a42e8-804c-4291-9261-2bc66677cfab<-149f4235-2e38-4d95-abe8-6ba232811729#0:OK-t1] and 0 exception(s); 683a42e8-804c-4291-9261-2bc66677cfab@group-9BA08151BADB:t1, leader=null, voted=683a42e8-804c-4291-9261-2bc66677cfab, raftlog=683a42e8-804c-4291-9261-2bc66677cfab@group-9BA08151BADB-SegmentedRaftLog:OPENED:c-1,f-1,i0, conf=-1: [7c4ddf80-db3d-4d0c-b4eb-75f8718eed44:192.168.69.92:34489, 683a42e8-804c-4291-9261-2bc66677cfab:192.168.69.92:38974, 149f4235-2e38-4d95-abe8-6ba232811729:192.168.69.92:32958], old=null
2019-10-21 21:55:56,633 [683a42e8-804c-4291-9261-2bc66677cfab@group-9BA08151BADB-LeaderElection166] INFO  impl.RoleInfo (RoleInfo.java:shutdownLeaderElection(134)) - 683a42e8-804c-4291-9261-2bc66677cfab: shutdown LeaderElection
2019-10-21 21:55:56,633 [683a42e8-804c-4291-9261-2bc66677cfab@group-9BA08151BADB-LeaderElection166] INFO  impl.RaftServerImpl (RaftServerImpl.java:setRole(184)) - 683a42e8-804c-4291-9261-2bc66677cfab@group-9BA08151BADB: changes role from CANDIDATE to LEADER at term 1 for changeToLeader
2019-10-21 21:55:56,633 [683a42e8-804c-4291-9261-2bc66677cfab@group-9BA08151BADB-LeaderElection166] INFO  impl.RaftServerImpl (ServerState.java:setLeader(256)) - 683a42e8-804c-4291-9261-2bc66677cfab@group-9BA08151BADB: change Leader from null to 683a42e8-804c-4291-9261-2bc66677cfab at term 1 for becomeLeader, leader elected after 132ms
2019-10-21 21:55:56,633 [683a42e8-804c-4291-9261-2bc66677cfab@group-9BA08151BADB-LeaderElection166] INFO  server.RaftServerConfigKeys (ConfUtils.java:logGet(43)) - raft.server.staging.catchup.gap = 1000 (default)
2019-10-21 21:55:56,633 [683a42e8-804c-4291-9261-2bc66677cfab@group-9BA08151BADB-LeaderElection166] INFO  server.RaftServerConfigKeys (ConfUtils.java:logGet(43)) - raft.server.rpc.sleep.time = 25ms (default)
2019-10-21 21:55:56,633 [683a42e8-804c-4291-9261-2bc66677cfab@group-9BA08151BADB-LeaderElection166] INFO  server.RaftServerConfigKeys (ConfUtils.java:logGet(43)) - raft.server.write.element-limit = 4096 (default)
2019-10-21 21:55:56,633 [683a42e8-804c-4291-9261-2bc66677cfab@group-9BA08151BADB-LeaderElection166] INFO  server.RaftServerConfigKeys (ConfUtils.java:logGet(43)) - raft.server.watch.timeout = 10s (default)
2019-10-21 21:55:56,633 [683a42e8-804c-4291-9261-2bc66677cfab@group-9BA08151BADB-LeaderElection166] INFO  server.RaftServerConfigKeys (ConfUtils.java:logGet(43)) - raft.server.watch.timeout.denomination = 1s (default)
2019-10-21 21:55:56,633 [683a42e8-804c-4291-9261-2bc66677cfab@group-9BA08151BADB-LeaderElection166] INFO  server.RaftServerConfigKeys (ConfUtils.java:logGet(43)) - raft.server.watch.element-limit = 65536 (default)
2019-10-21 21:55:56,635 [683a42e8-804c-4291-9261-2bc66677cfab@group-9BA08151BADB-LeaderElection166] INFO  server.RaftServerConfigKeys (ConfUtils.java:logGet(43)) - raft.server.log.appender.snapshot.chunk.size.max = 16MB (=16777216) (default)
2019-10-21 21:55:56,635 [683a42e8-804c-4291-9261-2bc66677cfab@group-9BA08151BADB-LeaderElection166] INFO  server.RaftServerConfigKeys (ConfUtils.java:logGet(43)) - raft.server.log.appender.buffer.byte-limit = 33554432 (custom)
2019-10-21 21:55:56,635 [683a42e8-804c-4291-9261-2bc66677cfab@group-9BA08151BADB-LeaderElection166] INFO  server.RaftServerConfigKeys (ConfUtils.java:logGet(43)) - raft.server.log.appender.buffer.element-limit = 1 (custom)
2019-10-21 21:55:56,636 [683a42e8-804c-4291-9261-2bc66677cfab@group-9BA08151BADB-LeaderElection166] INFO  grpc.GrpcConfigKeys$Server (ConfUtils.java:logGet(43)) - raft.grpc.server.leader.outstanding.appends.max = 128 (default)
2019-10-21 21:55:56,636 [683a42e8-804c-4291-9261-2bc66677cfab@group-9BA08151BADB-LeaderElection166] INFO  server.RaftServerConfigKeys (ConfUtils.java:logGet(43)) - raft.server.rpc.request.timeout = 3000ms (default)
2019-10-21 21:55:56,636 [683a42e8-804c-4291-9261-2bc66677cfab@group-9BA08151BADB-LeaderElection166] INFO  server.RaftServerConfigKeys (ConfUtils.java:logGet(43)) - raft.server.log.appender.install.snapshot.enabled = false (custom)
2019-10-21 21:55:56,638 [683a42e8-804c-4291-9261-2bc66677cfab@group-9BA08151BADB-LeaderElection166] INFO  server.RaftServerConfigKeys (ConfUtils.java:logGet(43)) - raft.server.log.appender.snapshot.chunk.size.max = 16MB (=16777216) (default)
2019-10-21 21:55:56,638 [683a42e8-804c-4291-9261-2bc66677cfab@group-9BA08151BADB-LeaderElection166] INFO  server.RaftServerConfigKeys (ConfUtils.java:logGet(43)) - raft.server.log.appender.buffer.byte-limit = 33554432 (custom)
2019-10-21 21:55:56,638 [683a42e8-804c-4291-9261-2bc66677cfab@group-9BA08151BADB-LeaderElection166] INFO  server.RaftServerConfigKeys (ConfUtils.java:logGet(43)) - raft.server.log.appender.buffer.element-limit = 1 (custom)
2019-10-21 21:55:56,638 [683a42e8-804c-4291-9261-2bc66677cfab@group-9BA08151BADB-LeaderElection166] INFO  grpc.GrpcConfigKeys$Server (ConfUtils.java:logGet(43)) - raft.grpc.server.leader.outstanding.appends.max = 128 (default)
2019-10-21 21:55:56,638 [683a42e8-804c-4291-9261-2bc66677cfab@group-9BA08151BADB-LeaderElection166] INFO  server.RaftServerConfigKeys (ConfUtils.java:logGet(43)) - raft.server.rpc.request.timeout = 3000ms (default)
2019-10-21 21:55:56,638 [683a42e8-804c-4291-9261-2bc66677cfab@group-9BA08151BADB-LeaderElection166] INFO  server.RaftServerConfigKeys (ConfUtils.java:logGet(43)) - raft.server.log.appender.install.snapshot.enabled = false (custom)
2019-10-21 21:55:56,639 [Thread-1950] INFO  impl.FollowerState (FollowerState.java:run(108)) - c24b6cc2-153d-4b64-a24d-9eaa76f76215@group-D1A5675E21EC-FollowerState: change to CANDIDATE, lastRpcTime:33ms, electionTimeout:33ms
2019-10-21 21:55:56,639 [Thread-1950] INFO  impl.RoleInfo (RoleInfo.java:shutdownFollowerState(121)) - c24b6cc2-153d-4b64-a24d-9eaa76f76215: shutdown FollowerState
2019-10-21 21:55:56,639 [Thread-1950] INFO  impl.RaftServerImpl (RaftServerImpl.java:setRole(184)) - c24b6cc2-153d-4b64-a24d-9eaa76f76215@group-D1A5675E21EC: changes role from  FOLLOWER to CANDIDATE at term 0 for changeToCandidate
2019-10-21 21:55:56,639 [Thread-1950] INFO  impl.RoleInfo (RoleInfo.java:updateAndGet(143)) - c24b6cc2-153d-4b64-a24d-9eaa76f76215: start LeaderElection
2019-10-21 21:55:56,643 [Thread-1948] INFO  impl.FollowerState (FollowerState.java:run(108)) - 369f1351-eca5-492b-a682-1c26748f74ad@group-D1A5675E21EC-FollowerState: change to CANDIDATE, lastRpcTime:40ms, electionTimeout:40ms
2019-10-21 21:55:56,643 [Thread-1948] INFO  impl.RoleInfo (RoleInfo.java:shutdownFollowerState(121)) - 369f1351-eca5-492b-a682-1c26748f74ad: shutdown FollowerState
2019-10-21 21:55:56,643 [Thread-1948] INFO  impl.RaftServerImpl (RaftServerImpl.java:setRole(184)) - 369f1351-eca5-492b-a682-1c26748f74ad@group-D1A5675E21EC: changes role from  FOLLOWER to CANDIDATE at term 0 for changeToCandidate
2019-10-21 21:55:56,643 [Thread-1948] INFO  impl.RoleInfo (RoleInfo.java:updateAndGet(143)) - 369f1351-eca5-492b-a682-1c26748f74ad: start LeaderElection
2019-10-21 21:55:56,644 [683a42e8-804c-4291-9261-2bc66677cfab@group-9BA08151BADB-LeaderElection166] INFO  impl.RoleInfo (RoleInfo.java:updateAndGet(143)) - 683a42e8-804c-4291-9261-2bc66677cfab: start LeaderState
2019-10-21 21:55:56,647 [pool-149-thread-1] INFO  storage.RaftStorage (RaftStorage.java:format(84)) - Storage directory /workdir/hadoop-ozone/integration-test/target/test-dir/MiniOzoneClusterImpl-f9df1159-a46e-43dd-90f7-e431812950fc/datanode-0/data/ratis/db4d59e7-2968-4e82-823f-43e39f6d4740 has been successfully formatted.
2019-10-21 21:55:56,647 [683a42e8-804c-4291-9261-2bc66677cfab@group-9BA08151BADB-LeaderElection166] INFO  segmented.SegmentedRaftLogWorker (SegmentedRaftLogWorker.java:startLogSegment(385)) - 683a42e8-804c-4291-9261-2bc66677cfab@group-9BA08151BADB-SegmentedRaftLogWorker: Starting segment from index:0
2019-10-21 21:55:56,647 [pool-219-thread-1] INFO  storage.RaftStorage (RaftStorage.java:format(84)) - Storage directory /workdir/hadoop-ozone/integration-test/target/test-dir/MiniOzoneClusterImpl-f9df1159-a46e-43dd-90f7-e431812950fc/datanode-7/data/ratis/db4d59e7-2968-4e82-823f-43e39f6d4740 has been successfully formatted.
2019-10-21 21:55:56,647 [pool-169-thread-1] INFO  storage.RaftStorage (RaftStorage.java:format(84)) - Storage directory /workdir/hadoop-ozone/integration-test/target/test-dir/MiniOzoneClusterImpl-f9df1159-a46e-43dd-90f7-e431812950fc/datanode-2/data/ratis/db4d59e7-2968-4e82-823f-43e39f6d4740 has been successfully formatted.
2019-10-21 21:55:56,647 [pool-149-thread-1] INFO  ratis.ContainerStateMachine (ContainerStateMachine.java:loadSnapshot(231)) - group-43E39F6D4740: The snapshot info is null. Setting the last applied indexto:(t:0, i:~)
2019-10-21 21:55:56,647 [pool-169-thread-1] INFO  ratis.ContainerStateMachine (ContainerStateMachine.java:loadSnapshot(231)) - group-43E39F6D4740: The snapshot info is null. Setting the last applied indexto:(t:0, i:~)
2019-10-21 21:55:56,647 [pool-219-thread-1] INFO  ratis.ContainerStateMachine (ContainerStateMachine.java:loadSnapshot(231)) - group-43E39F6D4740: The snapshot info is null. Setting the last applied indexto:(t:0, i:~)
2019-10-21 21:55:56,648 [683a42e8-804c-4291-9261-2bc66677cfab@group-9BA08151BADB-LeaderElection166] INFO  impl.RaftServerImpl (ServerState.java:setRaftConf(357)) - 683a42e8-804c-4291-9261-2bc66677cfab@group-9BA08151BADB: set configuration 0: [7c4ddf80-db3d-4d0c-b4eb-75f8718eed44:192.168.69.92:34489, 683a42e8-804c-4291-9261-2bc66677cfab:192.168.69.92:38974, 149f4235-2e38-4d95-abe8-6ba232811729:192.168.69.92:32958], old=null at 0
2019-10-21 21:55:56,648 [pool-169-thread-1] INFO  server.RaftServerConfigKeys (ConfUtils.java:logGet(43)) - raft.server.notification.no-leader.timeout = 120s (custom)
2019-10-21 21:55:56,648 [pool-149-thread-1] INFO  server.RaftServerConfigKeys (ConfUtils.java:logGet(43)) - raft.server.notification.no-leader.timeout = 120s (custom)
2019-10-21 21:55:56,648 [pool-169-thread-1] INFO  server.RaftServerConfigKeys (ConfUtils.java:logGet(43)) - raft.server.log.use.memory = false (default)
2019-10-21 21:55:56,648 [pool-219-thread-1] INFO  server.RaftServerConfigKeys (ConfUtils.java:logGet(43)) - raft.server.notification.no-leader.timeout = 120s (custom)
2019-10-21 21:55:56,648 [pool-169-thread-1] INFO  server.RaftServerConfigKeys (ConfUtils.java:logGet(43)) - raft.server.log.purge.gap = 1000000 (custom)
2019-10-21 21:55:56,648 [pool-149-thread-1] INFO  server.RaftServerConfigKeys (ConfUtils.java:logGet(43)) - raft.server.log.use.memory = false (default)
2019-10-21 21:55:56,648 [pool-169-thread-1] INFO  server.RaftServerConfigKeys (ConfUtils.java:logGet(43)) - raft.server.log.appender.buffer.byte-limit = 33554432 (custom)
2019-10-21 21:55:56,649 [pool-169-thread-1] INFO  server.RaftServerConfigKeys (ConfUtils.java:logGet(43)) - raft.server.log.segment.size.max = 1048576 (custom)
2019-10-21 21:55:56,648 [pool-219-thread-1] INFO  server.RaftServerConfigKeys (ConfUtils.java:logGet(43)) - raft.server.log.use.memory = false (default)
2019-10-21 21:55:56,649 [pool-169-thread-1] INFO  server.RaftServerConfigKeys (ConfUtils.java:logGet(43)) - raft.server.log.segment.cache.num.max = 2 (custom)
2019-10-21 21:55:56,648 [pool-149-thread-1] INFO  server.RaftServerConfigKeys (ConfUtils.java:logGet(43)) - raft.server.log.purge.gap = 1000000 (custom)
2019-10-21 21:55:56,649 [pool-169-thread-1] INFO  segmented.SegmentedRaftLogWorker (SegmentedRaftLogWorker.java:<init>(173)) - new 8d79625f-2c74-448d-b811-8fe783a575f1@group-43E39F6D4740-SegmentedRaftLogWorker for RaftStorage:Storage Directory /workdir/hadoop-ozone/integration-test/target/test-dir/MiniOzoneClusterImpl-f9df1159-a46e-43dd-90f7-e431812950fc/datanode-2/data/ratis/db4d59e7-2968-4e82-823f-43e39f6d4740
2019-10-21 21:55:56,649 [pool-219-thread-1] INFO  server.RaftServerConfigKeys (ConfUtils.java:logGet(43)) - raft.server.log.purge.gap = 1000000 (custom)
2019-10-21 21:55:56,649 [pool-169-thread-1] INFO  server.RaftServerConfigKeys (ConfUtils.java:logGet(43)) - raft.server.log.queue.byte-limit = 2147483647 (custom)
2019-10-21 21:55:56,649 [pool-149-thread-1] INFO  server.RaftServerConfigKeys (ConfUtils.java:logGet(43)) - raft.server.log.appender.buffer.byte-limit = 33554432 (custom)
2019-10-21 21:55:56,649 [pool-169-thread-1] INFO  server.RaftServerConfigKeys (ConfUtils.java:logGet(43)) - raft.server.log.queue.element-limit = 1024 (custom)
2019-10-21 21:55:56,649 [grpc-default-executor-6] INFO  impl.RaftServerImpl (ServerState.java:setLeader(256)) - 149f4235-2e38-4d95-abe8-6ba232811729@group-9BA08151BADB: change Leader from null to 683a42e8-804c-4291-9261-2bc66677cfab at term 1 for appendEntries, leader elected after 148ms
2019-10-21 21:55:56,649 [pool-219-thread-1] INFO  server.RaftServerConfigKeys (ConfUtils.java:logGet(43)) - raft.server.log.appender.buffer.byte-limit = 33554432 (custom)
2019-10-21 21:55:56,649 [grpc-default-executor-3] INFO  impl.RaftServerImpl (ServerState.java:setLeader(256)) - 7c4ddf80-db3d-4d0c-b4eb-75f8718eed44@group-9BA08151BADB: change Leader from null to 683a42e8-804c-4291-9261-2bc66677cfab at term 1 for appendEntries, leader elected after 147ms
2019-10-21 21:55:56,650 [pool-219-thread-1] INFO  server.RaftServerConfigKeys (ConfUtils.java:logGet(43)) - raft.server.log.segment.size.max = 1048576 (custom)
2019-10-21 21:55:56,649 [pool-169-thread-1] INFO  server.RaftServerConfigKeys (ConfUtils.java:logGet(43)) - raft.server.log.segment.size.max = 1048576 (custom)
2019-10-21 21:55:56,649 [pool-149-thread-1] INFO  server.RaftServerConfigKeys (ConfUtils.java:logGet(43)) - raft.server.log.segment.size.max = 1048576 (custom)
2019-10-21 21:55:56,677 [pool-169-thread-1] INFO  server.RaftServerConfigKeys (ConfUtils.java:logGet(43)) - raft.server.log.preallocated.size = 16384 (custom)
2019-10-21 21:55:56,677 [pool-219-thread-1] INFO  server.RaftServerConfigKeys (ConfUtils.java:logGet(43)) - raft.server.log.segment.cache.num.max = 2 (custom)
2019-10-21 21:55:56,677 [c24b6cc2-153d-4b64-a24d-9eaa76f76215@group-D1A5675E21EC-LeaderElection167] INFO  impl.LeaderElection (LeaderElection.java:askForVotes(178)) - c24b6cc2-153d-4b64-a24d-9eaa76f76215@group-D1A5675E21EC-LeaderElection167: begin an election at term 1 for -1: [c24b6cc2-153d-4b64-a24d-9eaa76f76215:192.168.69.92:44123, 369f1351-eca5-492b-a682-1c26748f74ad:192.168.69.92:44343, 25026a40-ec59-48c3-bdd0-cf5c1bf30c8c:192.168.69.92:38000], old=null
2019-10-21 21:55:56,677 [369f1351-eca5-492b-a682-1c26748f74ad@group-D1A5675E21EC-LeaderElection168] INFO  impl.LeaderElection (LeaderElection.java:askForVotes(178)) - 369f1351-eca5-492b-a682-1c26748f74ad@group-D1A5675E21EC-LeaderElection168: begin an election at term 1 for -1: [c24b6cc2-153d-4b64-a24d-9eaa76f76215:192.168.69.92:44123, 369f1351-eca5-492b-a682-1c26748f74ad:192.168.69.92:44343, 25026a40-ec59-48c3-bdd0-cf5c1bf30c8c:192.168.69.92:38000], old=null
2019-10-21 21:55:56,678 [pool-219-thread-1] INFO  segmented.SegmentedRaftLogWorker (SegmentedRaftLogWorker.java:<init>(173)) - new 590972a8-254a-4d11-9ee4-9846de224337@group-43E39F6D4740-SegmentedRaftLogWorker for RaftStorage:Storage Directory /workdir/hadoop-ozone/integration-test/target/test-dir/MiniOzoneClusterImpl-f9df1159-a46e-43dd-90f7-e431812950fc/datanode-7/data/ratis/db4d59e7-2968-4e82-823f-43e39f6d4740
2019-10-21 21:55:56,678 [pool-169-thread-1] INFO  server.RaftServerConfigKeys (ConfUtils.java:logGet(43)) - raft.server.log.write.buffer.size = 33554432 (custom)
2019-10-21 21:55:56,678 [pool-149-thread-1] INFO  server.RaftServerConfigKeys (ConfUtils.java:logGet(43)) - raft.server.log.segment.cache.num.max = 2 (custom)
2019-10-21 21:55:56,679 [pool-169-thread-1] INFO  server.RaftServerConfigKeys (ConfUtils.java:logGet(43)) - raft.server.log.force.sync.num = 128 (default)
2019-10-21 21:55:56,678 [pool-219-thread-1] INFO  server.RaftServerConfigKeys (ConfUtils.java:logGet(43)) - raft.server.log.queue.byte-limit = 2147483647 (custom)
2019-10-21 21:55:56,679 [pool-169-thread-1] INFO  server.RaftServerConfigKeys (ConfUtils.java:logGet(43)) - raft.server.log.statemachine.data.sync = true (default)
2019-10-21 21:55:56,679 [pool-149-thread-1] INFO  segmented.SegmentedRaftLogWorker (SegmentedRaftLogWorker.java:<init>(173)) - new 7b88ca7b-bd9b-4a64-8114-d91a9b2f31f1@group-43E39F6D4740-SegmentedRaftLogWorker for RaftStorage:Storage Directory /workdir/hadoop-ozone/integration-test/target/test-dir/MiniOzoneClusterImpl-f9df1159-a46e-43dd-90f7-e431812950fc/datanode-0/data/ratis/db4d59e7-2968-4e82-823f-43e39f6d4740
2019-10-21 21:55:56,680 [pool-169-thread-1] INFO  server.RaftServerConfigKeys (ConfUtils.java:logGet(43)) - raft.server.log.statemachine.data.sync.timeout = 10s (default)
2019-10-21 21:55:56,679 [grpc-default-executor-3] INFO  impl.RaftServerImpl (ServerState.java:setRaftConf(357)) - 149f4235-2e38-4d95-abe8-6ba232811729@group-9BA08151BADB: set configuration 0: [7c4ddf80-db3d-4d0c-b4eb-75f8718eed44:192.168.69.92:34489, 683a42e8-804c-4291-9261-2bc66677cfab:192.168.69.92:38974, 149f4235-2e38-4d95-abe8-6ba232811729:192.168.69.92:32958], old=null at 0
2019-10-21 21:55:56,679 [grpc-default-executor-6] INFO  impl.RaftServerImpl (ServerState.java:setRaftConf(357)) - 7c4ddf80-db3d-4d0c-b4eb-75f8718eed44@group-9BA08151BADB: set configuration 0: [7c4ddf80-db3d-4d0c-b4eb-75f8718eed44:192.168.69.92:34489, 683a42e8-804c-4291-9261-2bc66677cfab:192.168.69.92:38974, 149f4235-2e38-4d95-abe8-6ba232811729:192.168.69.92:32958], old=null at 0
2019-10-21 21:55:56,679 [pool-219-thread-1] INFO  server.RaftServerConfigKeys (ConfUtils.java:logGet(43)) - raft.server.log.queue.element-limit = 1024 (custom)
2019-10-21 21:55:56,680 [grpc-default-executor-6] INFO  segmented.SegmentedRaftLogWorker (SegmentedRaftLogWorker.java:startLogSegment(385)) - 7c4ddf80-db3d-4d0c-b4eb-75f8718eed44@group-9BA08151BADB-SegmentedRaftLogWorker: Starting segment from index:0
2019-10-21 21:55:56,680 [grpc-default-executor-3] INFO  segmented.SegmentedRaftLogWorker (SegmentedRaftLogWorker.java:startLogSegment(385)) - 149f4235-2e38-4d95-abe8-6ba232811729@group-9BA08151BADB-SegmentedRaftLogWorker: Starting segment from index:0
2019-10-21 21:55:56,680 [pool-169-thread-1] INFO  server.RaftServerConfigKeys (ConfUtils.java:logGet(43)) - raft.server.log.statemachine.data.sync.timeout.retry = -1 (default)
2019-10-21 21:55:56,680 [pool-149-thread-1] INFO  server.RaftServerConfigKeys (ConfUtils.java:logGet(43)) - raft.server.log.queue.byte-limit = 2147483647 (custom)
2019-10-21 21:55:56,683 [pool-219-thread-1] INFO  server.RaftServerConfigKeys (ConfUtils.java:logGet(43)) - raft.server.log.segment.size.max = 1048576 (custom)
2019-10-21 21:55:56,683 [pool-149-thread-1] INFO  server.RaftServerConfigKeys (ConfUtils.java:logGet(43)) - raft.server.log.queue.element-limit = 1024 (custom)
2019-10-21 21:55:56,683 [pool-169-thread-1] INFO  server.RaftServerConfigKeys (ConfUtils.java:logGet(43)) - raft.server.log.statemachine.data.caching.enabled = true (custom)
2019-10-21 21:55:56,684 [pool-149-thread-1] INFO  server.RaftServerConfigKeys (ConfUtils.java:logGet(43)) - raft.server.log.segment.size.max = 1048576 (custom)
2019-10-21 21:55:56,684 [pool-219-thread-1] INFO  server.RaftServerConfigKeys (ConfUtils.java:logGet(43)) - raft.server.log.preallocated.size = 16384 (custom)
2019-10-21 21:55:56,684 [pool-149-thread-1] INFO  server.RaftServerConfigKeys (ConfUtils.java:logGet(43)) - raft.server.log.preallocated.size = 16384 (custom)
2019-10-21 21:55:56,684 [pool-169-thread-1] INFO  segmented.SegmentedRaftLogWorker (SegmentedRaftLogWorker.java:lambda$new$0(128)) - 8d79625f-2c74-448d-b811-8fe783a575f1@group-43E39F6D4740-SegmentedRaftLogWorker: flushIndex: setUnconditionally 0 -> -1
2019-10-21 21:55:56,684 [pool-219-thread-1] INFO  server.RaftServerConfigKeys (ConfUtils.java:logGet(43)) - raft.server.log.write.buffer.size = 33554432 (custom)
2019-10-21 21:55:56,684 [pool-149-thread-1] INFO  server.RaftServerConfigKeys (ConfUtils.java:logGet(43)) - raft.server.log.write.buffer.size = 33554432 (custom)
2019-10-21 21:55:56,685 [pool-169-thread-1] INFO  server.RaftServerConfigKeys (ConfUtils.java:logGet(43)) - raft.server.snapshot.auto.trigger.enabled = true (custom)
2019-10-21 21:55:56,685 [pool-219-thread-1] INFO  server.RaftServerConfigKeys (ConfUtils.java:logGet(43)) - raft.server.log.force.sync.num = 128 (default)
2019-10-21 21:55:56,685 [pool-169-thread-1] INFO  server.RaftServerConfigKeys (ConfUtils.java:logGet(43)) - raft.server.snapshot.auto.trigger.threshold = 10000 (custom)
2019-10-21 21:55:56,685 [pool-149-thread-1] INFO  server.RaftServerConfigKeys (ConfUtils.java:logGet(43)) - raft.server.log.force.sync.num = 128 (default)
2019-10-21 21:55:56,721 [pool-169-thread-1] INFO  server.RaftServerConfigKeys (ConfUtils.java:logGet(43)) - raft.server.snapshot.retention.file.num = 5 (custom)
2019-10-21 21:55:56,685 [pool-219-thread-1] INFO  server.RaftServerConfigKeys (ConfUtils.java:logGet(43)) - raft.server.log.statemachine.data.sync = true (default)
2019-10-21 21:55:56,721 [683a42e8-804c-4291-9261-2bc66677cfab@group-9BA08151BADB-SegmentedRaftLogWorker] INFO  segmented.SegmentedRaftLogWorker (SegmentedRaftLogWorker.java:execute(576)) - 683a42e8-804c-4291-9261-2bc66677cfab@group-9BA08151BADB-SegmentedRaftLogWorker: created new log segment /workdir/hadoop-ozone/integration-test/target/test-dir/MiniOzoneClusterImpl-f9df1159-a46e-43dd-90f7-e431812950fc/datanode-5/data/ratis/2f8d90cc-a176-4912-a174-9ba08151badb/current/log_inprogress_0
2019-10-21 21:55:56,720 [grpc-default-executor-3] INFO  impl.RaftServerImpl (RaftServerImpl.java:setRole(184)) - 25026a40-ec59-48c3-bdd0-cf5c1bf30c8c@group-D1A5675E21EC: changes role from  FOLLOWER to FOLLOWER at term 1 for recognizeCandidate:369f1351-eca5-492b-a682-1c26748f74ad
2019-10-21 21:55:56,721 [pool-219-thread-1] INFO  server.RaftServerConfigKeys (ConfUtils.java:logGet(43)) - raft.server.log.statemachine.data.sync.timeout = 10s (default)
2019-10-21 21:55:56,721 [pool-169-thread-1] INFO  server.RaftServerConfigKeys (ConfUtils.java:logGet(43)) - raft.server.retrycache.expirytime = 600000ms (custom)
2019-10-21 21:55:56,721 [pool-149-thread-1] INFO  server.RaftServerConfigKeys (ConfUtils.java:logGet(43)) - raft.server.log.statemachine.data.sync = true (default)
2019-10-21 21:55:56,725 [pool-219-thread-1] INFO  server.RaftServerConfigKeys (ConfUtils.java:logGet(43)) - raft.server.log.statemachine.data.sync.timeout.retry = -1 (default)
2019-10-21 21:55:56,725 [grpc-default-executor-3] INFO  impl.RoleInfo (RoleInfo.java:shutdownFollowerState(121)) - 25026a40-ec59-48c3-bdd0-cf5c1bf30c8c: shutdown FollowerState
2019-10-21 21:55:56,725 [pool-219-thread-1] INFO  server.RaftServerConfigKeys (ConfUtils.java:logGet(43)) - raft.server.log.statemachine.data.caching.enabled = true (custom)
2019-10-21 21:55:56,725 [pool-149-thread-1] INFO  server.RaftServerConfigKeys (ConfUtils.java:logGet(43)) - raft.server.log.statemachine.data.sync.timeout = 10s (default)
2019-10-21 21:55:56,726 [pool-149-thread-1] INFO  server.RaftServerConfigKeys (ConfUtils.java:logGet(43)) - raft.server.log.statemachine.data.sync.timeout.retry = -1 (default)
2019-10-21 21:55:56,726 [pool-219-thread-1] INFO  segmented.SegmentedRaftLogWorker (SegmentedRaftLogWorker.java:lambda$new$0(128)) - 590972a8-254a-4d11-9ee4-9846de224337@group-43E39F6D4740-SegmentedRaftLogWorker: flushIndex: setUnconditionally 0 -> -1
2019-10-21 21:55:56,733 [grpc-default-executor-3] INFO  impl.RoleInfo (RoleInfo.java:updateAndGet(143)) - 25026a40-ec59-48c3-bdd0-cf5c1bf30c8c: start FollowerState
2019-10-21 21:55:56,733 [pool-149-thread-1] INFO  server.RaftServerConfigKeys (ConfUtils.java:logGet(43)) - raft.server.log.statemachine.data.caching.enabled = true (custom)
2019-10-21 21:55:56,733 [pool-219-thread-1] INFO  server.RaftServerConfigKeys (ConfUtils.java:logGet(43)) - raft.server.snapshot.auto.trigger.enabled = true (custom)
2019-10-21 21:55:56,733 [Thread-1949] INFO  impl.FollowerState (FollowerState.java:run(117)) - 25026a40-ec59-48c3-bdd0-cf5c1bf30c8c@group-D1A5675E21EC-FollowerState was interrupted: java.lang.InterruptedException: sleep interrupted
2019-10-21 21:55:56,734 [pool-219-thread-1] INFO  server.RaftServerConfigKeys (ConfUtils.java:logGet(43)) - raft.server.snapshot.auto.trigger.threshold = 10000 (custom)
2019-10-21 21:55:56,734 [pool-149-thread-1] INFO  segmented.SegmentedRaftLogWorker (SegmentedRaftLogWorker.java:lambda$new$0(128)) - 7b88ca7b-bd9b-4a64-8114-d91a9b2f31f1@group-43E39F6D4740-SegmentedRaftLogWorker: flushIndex: setUnconditionally 0 -> -1
2019-10-21 21:55:56,734 [pool-219-thread-1] INFO  server.RaftServerConfigKeys (ConfUtils.java:logGet(43)) - raft.server.snapshot.retention.file.num = 5 (custom)
2019-10-21 21:55:56,734 [pool-219-thread-1] INFO  server.RaftServerConfigKeys (ConfUtils.java:logGet(43)) - raft.server.retrycache.expirytime = 600000ms (custom)
2019-10-21 21:55:56,734 [pool-149-thread-1] INFO  server.RaftServerConfigKeys (ConfUtils.java:logGet(43)) - raft.server.snapshot.auto.trigger.enabled = true (custom)
2019-10-21 21:55:56,734 [149f4235-2e38-4d95-abe8-6ba232811729@group-9BA08151BADB-SegmentedRaftLogWorker] INFO  segmented.SegmentedRaftLogWorker (SegmentedRaftLogWorker.java:execute(576)) - 149f4235-2e38-4d95-abe8-6ba232811729@group-9BA08151BADB-SegmentedRaftLogWorker: created new log segment /workdir/hadoop-ozone/integration-test/target/test-dir/MiniOzoneClusterImpl-f9df1159-a46e-43dd-90f7-e431812950fc/datanode-1/data/ratis/2f8d90cc-a176-4912-a174-9ba08151badb/current/log_inprogress_0
2019-10-21 21:55:56,734 [7c4ddf80-db3d-4d0c-b4eb-75f8718eed44@group-9BA08151BADB-SegmentedRaftLogWorker] INFO  segmented.SegmentedRaftLogWorker (SegmentedRaftLogWorker.java:execute(576)) - 7c4ddf80-db3d-4d0c-b4eb-75f8718eed44@group-9BA08151BADB-SegmentedRaftLogWorker: created new log segment /workdir/hadoop-ozone/integration-test/target/test-dir/MiniOzoneClusterImpl-f9df1159-a46e-43dd-90f7-e431812950fc/datanode-4/data/ratis/2f8d90cc-a176-4912-a174-9ba08151badb/current/log_inprogress_0
2019-10-21 21:55:56,734 [pool-149-thread-1] INFO  server.RaftServerConfigKeys (ConfUtils.java:logGet(43)) - raft.server.snapshot.auto.trigger.threshold = 10000 (custom)
2019-10-21 21:55:56,734 [pool-169-thread-1] INFO  impl.RaftServerImpl (RaftServerImpl.java:start(195)) - 8d79625f-2c74-448d-b811-8fe783a575f1@group-43E39F6D4740: start as a follower, conf=-1: [7b88ca7b-bd9b-4a64-8114-d91a9b2f31f1:192.168.69.92:38504, 590972a8-254a-4d11-9ee4-9846de224337:192.168.69.92:35899, 8d79625f-2c74-448d-b811-8fe783a575f1:192.168.69.92:35698], old=null
2019-10-21 21:55:56,735 [pool-149-thread-1] INFO  server.RaftServerConfigKeys (ConfUtils.java:logGet(43)) - raft.server.snapshot.retention.file.num = 5 (custom)
2019-10-21 21:55:56,735 [pool-169-thread-1] INFO  impl.RaftServerImpl (RaftServerImpl.java:setRole(184)) - 8d79625f-2c74-448d-b811-8fe783a575f1@group-43E39F6D4740: changes role from      null to FOLLOWER at term 0 for startAsFollower
2019-10-21 21:55:56,735 [pool-149-thread-1] INFO  server.RaftServerConfigKeys (ConfUtils.java:logGet(43)) - raft.server.retrycache.expirytime = 600000ms (custom)
2019-10-21 21:55:56,735 [pool-169-thread-1] INFO  impl.RoleInfo (RoleInfo.java:updateAndGet(143)) - 8d79625f-2c74-448d-b811-8fe783a575f1: start FollowerState
2019-10-21 21:55:56,736 [pool-169-thread-1] INFO  util.JmxRegister (JmxRegister.java:tryRegister(44)) - Successfully registered JMX Bean with object name Ratis:service=RaftServer,group=group-43E39F6D4740,id=8d79625f-2c74-448d-b811-8fe783a575f1
2019-10-21 21:55:56,737 [pool-219-thread-1] INFO  impl.RaftServerImpl (RaftServerImpl.java:start(195)) - 590972a8-254a-4d11-9ee4-9846de224337@group-43E39F6D4740: start as a follower, conf=-1: [7b88ca7b-bd9b-4a64-8114-d91a9b2f31f1:192.168.69.92:38504, 590972a8-254a-4d11-9ee4-9846de224337:192.168.69.92:35899, 8d79625f-2c74-448d-b811-8fe783a575f1:192.168.69.92:35698], old=null
2019-10-21 21:55:56,737 [pool-219-thread-1] INFO  impl.RaftServerImpl (RaftServerImpl.java:setRole(184)) - 590972a8-254a-4d11-9ee4-9846de224337@group-43E39F6D4740: changes role from      null to FOLLOWER at term 0 for startAsFollower
2019-10-21 21:55:56,737 [pool-219-thread-1] INFO  impl.RoleInfo (RoleInfo.java:updateAndGet(143)) - 590972a8-254a-4d11-9ee4-9846de224337: start FollowerState
2019-10-21 21:55:56,737 [pool-219-thread-1] INFO  util.JmxRegister (JmxRegister.java:tryRegister(44)) - Successfully registered JMX Bean with object name Ratis:service=RaftServer,group=group-43E39F6D4740,id=590972a8-254a-4d11-9ee4-9846de224337
2019-10-21 21:55:56,738 [pool-149-thread-1] INFO  impl.RaftServerImpl (RaftServerImpl.java:start(195)) - 7b88ca7b-bd9b-4a64-8114-d91a9b2f31f1@group-43E39F6D4740: start as a follower, conf=-1: [7b88ca7b-bd9b-4a64-8114-d91a9b2f31f1:192.168.69.92:38504, 590972a8-254a-4d11-9ee4-9846de224337:192.168.69.92:35899, 8d79625f-2c74-448d-b811-8fe783a575f1:192.168.69.92:35698], old=null
2019-10-21 21:55:56,739 [pool-149-thread-1] INFO  impl.RaftServerImpl (RaftServerImpl.java:setRole(184)) - 7b88ca7b-bd9b-4a64-8114-d91a9b2f31f1@group-43E39F6D4740: changes role from      null to FOLLOWER at term 0 for startAsFollower
2019-10-21 21:55:56,739 [pool-149-thread-1] INFO  impl.RoleInfo (RoleInfo.java:updateAndGet(143)) - 7b88ca7b-bd9b-4a64-8114-d91a9b2f31f1: start FollowerState
2019-10-21 21:55:56,739 [pool-149-thread-1] INFO  util.JmxRegister (JmxRegister.java:tryRegister(44)) - Successfully registered JMX Bean with object name Ratis:service=RaftServer,group=group-43E39F6D4740,id=7b88ca7b-bd9b-4a64-8114-d91a9b2f31f1
2019-10-21 21:55:56,740 [c24b6cc2-153d-4b64-a24d-9eaa76f76215@group-D1A5675E21EC-LeaderElection167] INFO  impl.LeaderElection (LeaderElection.java:logAndReturn(56)) - c24b6cc2-153d-4b64-a24d-9eaa76f76215@group-D1A5675E21EC-LeaderElection167: Election REJECTED; received 2 response(s) [c24b6cc2-153d-4b64-a24d-9eaa76f76215<-369f1351-eca5-492b-a682-1c26748f74ad#0:FAIL-t1, c24b6cc2-153d-4b64-a24d-9eaa76f76215<-25026a40-ec59-48c3-bdd0-cf5c1bf30c8c#0:FAIL-t1] and 0 exception(s); c24b6cc2-153d-4b64-a24d-9eaa76f76215@group-D1A5675E21EC:t1, leader=null, voted=c24b6cc2-153d-4b64-a24d-9eaa76f76215, raftlog=c24b6cc2-153d-4b64-a24d-9eaa76f76215@group-D1A5675E21EC-SegmentedRaftLog:OPENED:c-1,f-1,i0, conf=-1: [c24b6cc2-153d-4b64-a24d-9eaa76f76215:192.168.69.92:44123, 369f1351-eca5-492b-a682-1c26748f74ad:192.168.69.92:44343, 25026a40-ec59-48c3-bdd0-cf5c1bf30c8c:192.168.69.92:38000], old=null
2019-10-21 21:55:56,740 [369f1351-eca5-492b-a682-1c26748f74ad@group-D1A5675E21EC-LeaderElection168] INFO  impl.LeaderElection (LeaderElection.java:logAndReturn(56)) - 369f1351-eca5-492b-a682-1c26748f74ad@group-D1A5675E21EC-LeaderElection168: Election PASSED; received 2 response(s) [369f1351-eca5-492b-a682-1c26748f74ad<-c24b6cc2-153d-4b64-a24d-9eaa76f76215#0:FAIL-t1, 369f1351-eca5-492b-a682-1c26748f74ad<-25026a40-ec59-48c3-bdd0-cf5c1bf30c8c#0:OK-t1] and 0 exception(s); 369f1351-eca5-492b-a682-1c26748f74ad@group-D1A5675E21EC:t1, leader=null, voted=369f1351-eca5-492b-a682-1c26748f74ad, raftlog=369f1351-eca5-492b-a682-1c26748f74ad@group-D1A5675E21EC-SegmentedRaftLog:OPENED:c-1,f-1,i0, conf=-1: [c24b6cc2-153d-4b64-a24d-9eaa76f76215:192.168.69.92:44123, 369f1351-eca5-492b-a682-1c26748f74ad:192.168.69.92:44343, 25026a40-ec59-48c3-bdd0-cf5c1bf30c8c:192.168.69.92:38000], old=null
2019-10-21 21:55:56,740 [369f1351-eca5-492b-a682-1c26748f74ad@group-D1A5675E21EC-LeaderElection168] INFO  impl.RoleInfo (RoleInfo.java:shutdownLeaderElection(134)) - 369f1351-eca5-492b-a682-1c26748f74ad: shutdown LeaderElection
2019-10-21 21:55:56,740 [c24b6cc2-153d-4b64-a24d-9eaa76f76215@group-D1A5675E21EC-LeaderElection167] INFO  impl.RaftServerImpl (RaftServerImpl.java:setRole(184)) - c24b6cc2-153d-4b64-a24d-9eaa76f76215@group-D1A5675E21EC: changes role from CANDIDATE to FOLLOWER at term 1 for DISCOVERED_A_NEW_TERM
2019-10-21 21:55:56,740 [369f1351-eca5-492b-a682-1c26748f74ad@group-D1A5675E21EC-LeaderElection168] INFO  impl.RaftServerImpl (RaftServerImpl.java:setRole(184)) - 369f1351-eca5-492b-a682-1c26748f74ad@group-D1A5675E21EC: changes role from CANDIDATE to LEADER at term 1 for changeToLeader
2019-10-21 21:55:56,740 [c24b6cc2-153d-4b64-a24d-9eaa76f76215@group-D1A5675E21EC-LeaderElection167] INFO  impl.RoleInfo (RoleInfo.java:shutdownLeaderElection(134)) - c24b6cc2-153d-4b64-a24d-9eaa76f76215: shutdown LeaderElection
2019-10-21 21:55:56,740 [369f1351-eca5-492b-a682-1c26748f74ad@group-D1A5675E21EC-LeaderElection168] INFO  impl.RaftServerImpl (ServerState.java:setLeader(256)) - 369f1351-eca5-492b-a682-1c26748f74ad@group-D1A5675E21EC: change Leader from null to 369f1351-eca5-492b-a682-1c26748f74ad at term 1 for becomeLeader, leader elected after 149ms
2019-10-21 21:55:56,740 [c24b6cc2-153d-4b64-a24d-9eaa76f76215@group-D1A5675E21EC-LeaderElection167] INFO  impl.RoleInfo (RoleInfo.java:updateAndGet(143)) - c24b6cc2-153d-4b64-a24d-9eaa76f76215: start FollowerState
2019-10-21 21:55:56,740 [369f1351-eca5-492b-a682-1c26748f74ad@group-D1A5675E21EC-LeaderElection168] INFO  server.RaftServerConfigKeys (ConfUtils.java:logGet(43)) - raft.server.staging.catchup.gap = 1000 (default)
2019-10-21 21:55:56,741 [369f1351-eca5-492b-a682-1c26748f74ad@group-D1A5675E21EC-LeaderElection168] INFO  server.RaftServerConfigKeys (ConfUtils.java:logGet(43)) - raft.server.rpc.sleep.time = 25ms (default)
2019-10-21 21:55:56,741 [369f1351-eca5-492b-a682-1c26748f74ad@group-D1A5675E21EC-LeaderElection168] INFO  server.RaftServerConfigKeys (ConfUtils.java:logGet(43)) - raft.server.write.element-limit = 4096 (default)
2019-10-21 21:55:56,741 [369f1351-eca5-492b-a682-1c26748f74ad@group-D1A5675E21EC-LeaderElection168] INFO  server.RaftServerConfigKeys (ConfUtils.java:logGet(43)) - raft.server.watch.timeout = 10s (default)
2019-10-21 21:55:56,741 [369f1351-eca5-492b-a682-1c26748f74ad@group-D1A5675E21EC-LeaderElection168] INFO  server.RaftServerConfigKeys (ConfUtils.java:logGet(43)) - raft.server.watch.timeout.denomination = 1s (default)
2019-10-21 21:55:56,741 [369f1351-eca5-492b-a682-1c26748f74ad@group-D1A5675E21EC-LeaderElection168] INFO  server.RaftServerConfigKeys (ConfUtils.java:logGet(43)) - raft.server.watch.element-limit = 65536 (default)
2019-10-21 21:55:56,742 [369f1351-eca5-492b-a682-1c26748f74ad@group-D1A5675E21EC-LeaderElection168] INFO  server.RaftServerConfigKeys (ConfUtils.java:logGet(43)) - raft.server.log.appender.snapshot.chunk.size.max = 16MB (=16777216) (default)
2019-10-21 21:55:56,742 [369f1351-eca5-492b-a682-1c26748f74ad@group-D1A5675E21EC-LeaderElection168] INFO  server.RaftServerConfigKeys (ConfUtils.java:logGet(43)) - raft.server.log.appender.buffer.byte-limit = 33554432 (custom)
2019-10-21 21:55:56,742 [369f1351-eca5-492b-a682-1c26748f74ad@group-D1A5675E21EC-LeaderElection168] INFO  server.RaftServerConfigKeys (ConfUtils.java:logGet(43)) - raft.server.log.appender.buffer.element-limit = 1 (custom)
2019-10-21 21:55:56,742 [369f1351-eca5-492b-a682-1c26748f74ad@group-D1A5675E21EC-LeaderElection168] INFO  grpc.GrpcConfigKeys$Server (ConfUtils.java:logGet(43)) - raft.grpc.server.leader.outstanding.appends.max = 128 (default)
2019-10-21 21:55:56,743 [369f1351-eca5-492b-a682-1c26748f74ad@group-D1A5675E21EC-LeaderElection168] INFO  server.RaftServerConfigKeys (ConfUtils.java:logGet(43)) - raft.server.rpc.request.timeout = 3000ms (default)
2019-10-21 21:55:56,743 [369f1351-eca5-492b-a682-1c26748f74ad@group-D1A5675E21EC-LeaderElection168] INFO  server.RaftServerConfigKeys (ConfUtils.java:logGet(43)) - raft.server.log.appender.install.snapshot.enabled = false (custom)
2019-10-21 21:55:56,743 [RatisPipelineUtilsThread] INFO  pipeline.PipelineStateManager (PipelineStateManager.java:addPipeline(56)) - Created pipeline Pipeline[ Id: db4d59e7-2968-4e82-823f-43e39f6d4740, Nodes: 7b88ca7b-bd9b-4a64-8114-d91a9b2f31f1{ip: 192.168.69.92, host: pr-hdds-2240-577ml-2645996955, networkLocation: /rack1, certSerialId: null}8d79625f-2c74-448d-b811-8fe783a575f1{ip: 192.168.69.92, host: pr-hdds-2240-577ml-2645996955, networkLocation: /rack1, certSerialId: null}590972a8-254a-4d11-9ee4-9846de224337{ip: 192.168.69.92, host: pr-hdds-2240-577ml-2645996955, networkLocation: /rack1, certSerialId: null}, Type:RATIS, Factor:THREE, State:OPEN]
2019-10-21 21:55:56,856 [Thread-1977] INFO  impl.FollowerState (FollowerState.java:run(108)) - c24b6cc2-153d-4b64-a24d-9eaa76f76215@group-D1A5675E21EC-FollowerState: change to CANDIDATE, lastRpcTime:115ms, electionTimeout:16ms
2019-10-21 21:55:56,856 [Thread-1971] INFO  impl.FollowerState (FollowerState.java:run(108)) - 8d79625f-2c74-448d-b811-8fe783a575f1@group-43E39F6D4740-FollowerState: change to CANDIDATE, lastRpcTime:121ms, electionTimeout:15ms
2019-10-21 21:55:56,862 [369f1351-eca5-492b-a682-1c26748f74ad@group-D1A5675E21EC-LeaderElection168] INFO  server.RaftServerConfigKeys (ConfUtils.java:logGet(43)) - raft.server.log.appender.snapshot.chunk.size.max = 16MB (=16777216) (default)
2019-10-21 21:55:56,861 [Thread-1975] INFO  impl.FollowerState (FollowerState.java:run(108)) - 7b88ca7b-bd9b-4a64-8114-d91a9b2f31f1@group-43E39F6D4740-FollowerState: change to CANDIDATE, lastRpcTime:116ms, electionTimeout:105ms
2019-10-21 21:55:56,876 [369f1351-eca5-492b-a682-1c26748f74ad@group-D1A5675E21EC-LeaderElection168] INFO  server.RaftServerConfigKeys (ConfUtils.java:logGet(43)) - raft.server.log.appender.buffer.byte-limit = 33554432 (custom)
2019-10-21 21:55:56,876 [Thread-1971] INFO  impl.RoleInfo (RoleInfo.java:shutdownFollowerState(121)) - 8d79625f-2c74-448d-b811-8fe783a575f1: shutdown FollowerState
2019-10-21 21:55:56,876 [Thread-1977] INFO  impl.RoleInfo (RoleInfo.java:shutdownFollowerState(121)) - c24b6cc2-153d-4b64-a24d-9eaa76f76215: shutdown FollowerState
2019-10-21 21:55:56,889 [369f1351-eca5-492b-a682-1c26748f74ad@group-D1A5675E21EC-LeaderElection168] INFO  server.RaftServerConfigKeys (ConfUtils.java:logGet(43)) - raft.server.log.appender.buffer.element-limit = 1 (custom)
2019-10-21 21:55:56,890 [369f1351-eca5-492b-a682-1c26748f74ad@group-D1A5675E21EC-LeaderElection168] INFO  grpc.GrpcConfigKeys$Server (ConfUtils.java:logGet(43)) - raft.grpc.server.leader.outstanding.appends.max = 128 (default)
2019-10-21 21:55:56,890 [369f1351-eca5-492b-a682-1c26748f74ad@group-D1A5675E21EC-LeaderElection168] INFO  server.RaftServerConfigKeys (ConfUtils.java:logGet(43)) - raft.server.rpc.request.timeout = 3000ms (default)
2019-10-21 21:55:56,890 [369f1351-eca5-492b-a682-1c26748f74ad@group-D1A5675E21EC-LeaderElection168] INFO  server.RaftServerConfigKeys (ConfUtils.java:logGet(43)) - raft.server.log.appender.install.snapshot.enabled = false (custom)
2019-10-21 21:55:56,894 [Thread-1977] INFO  impl.RaftServerImpl (RaftServerImpl.java:setRole(184)) - c24b6cc2-153d-4b64-a24d-9eaa76f76215@group-D1A5675E21EC: changes role from  FOLLOWER to CANDIDATE at term 1 for changeToCandidate
2019-10-21 21:55:56,894 [Thread-1971] INFO  impl.RaftServerImpl (RaftServerImpl.java:setRole(184)) - 8d79625f-2c74-448d-b811-8fe783a575f1@group-43E39F6D4740: changes role from  FOLLOWER to CANDIDATE at term 0 for changeToCandidate
2019-10-21 21:55:56,899 [Thread-1977] INFO  impl.RoleInfo (RoleInfo.java:updateAndGet(143)) - c24b6cc2-153d-4b64-a24d-9eaa76f76215: start LeaderElection
2019-10-21 21:55:56,899 [Thread-1971] INFO  impl.RoleInfo (RoleInfo.java:updateAndGet(143)) - 8d79625f-2c74-448d-b811-8fe783a575f1: start LeaderElection
2019-10-21 21:55:56,903 [Thread-1975] INFO  impl.RoleInfo (RoleInfo.java:shutdownFollowerState(121)) - 7b88ca7b-bd9b-4a64-8114-d91a9b2f31f1: shutdown FollowerState
2019-10-21 21:55:56,916 [Thread-1974] INFO  impl.FollowerState (FollowerState.java:run(108)) - 590972a8-254a-4d11-9ee4-9846de224337@group-43E39F6D4740-FollowerState: change to CANDIDATE, lastRpcTime:179ms, electionTimeout:166ms
2019-10-21 21:55:56,940 [Thread-1975] INFO  impl.RaftServerImpl (RaftServerImpl.java:setRole(184)) - 7b88ca7b-bd9b-4a64-8114-d91a9b2f31f1@group-43E39F6D4740: changes role from  FOLLOWER to CANDIDATE at term 0 for changeToCandidate
2019-10-21 21:55:56,960 [Thread-1974] INFO  impl.RoleInfo (RoleInfo.java:shutdownFollowerState(121)) - 590972a8-254a-4d11-9ee4-9846de224337: shutdown FollowerState
2019-10-21 21:55:56,961 [Thread-1974] INFO  impl.RaftServerImpl (RaftServerImpl.java:setRole(184)) - 590972a8-254a-4d11-9ee4-9846de224337@group-43E39F6D4740: changes role from  FOLLOWER to CANDIDATE at term 0 for changeToCandidate
2019-10-21 21:55:56,960 [Thread-1968] INFO  impl.FollowerState (FollowerState.java:run(108)) - 25026a40-ec59-48c3-bdd0-cf5c1bf30c8c@group-D1A5675E21EC-FollowerState: change to CANDIDATE, lastRpcTime:226ms, electionTimeout:193ms
2019-10-21 21:55:56,961 [369f1351-eca5-492b-a682-1c26748f74ad@group-D1A5675E21EC-LeaderElection168] INFO  impl.RoleInfo (RoleInfo.java:updateAndGet(143)) - 369f1351-eca5-492b-a682-1c26748f74ad: start LeaderState
2019-10-21 21:55:56,961 [Thread-1974] INFO  impl.RoleInfo (RoleInfo.java:updateAndGet(143)) - 590972a8-254a-4d11-9ee4-9846de224337: start LeaderElection
2019-10-21 21:55:56,961 [Thread-1975] INFO  impl.RoleInfo (RoleInfo.java:updateAndGet(143)) - 7b88ca7b-bd9b-4a64-8114-d91a9b2f31f1: start LeaderElection
2019-10-21 21:55:56,961 [Thread-1968] INFO  impl.RoleInfo (RoleInfo.java:shutdownFollowerState(121)) - 25026a40-ec59-48c3-bdd0-cf5c1bf30c8c: shutdown FollowerState
2019-10-21 21:55:56,961 [369f1351-eca5-492b-a682-1c26748f74ad@group-D1A5675E21EC-LeaderElection168] INFO  segmented.SegmentedRaftLogWorker (SegmentedRaftLogWorker.java:startLogSegment(385)) - 369f1351-eca5-492b-a682-1c26748f74ad@group-D1A5675E21EC-SegmentedRaftLogWorker: Starting segment from index:0
2019-10-21 21:55:56,962 [Thread-1968] INFO  impl.RaftServerImpl (RaftServerImpl.java:setRole(184)) - 25026a40-ec59-48c3-bdd0-cf5c1bf30c8c@group-D1A5675E21EC: changes role from  FOLLOWER to CANDIDATE at term 1 for changeToCandidate
2019-10-21 21:55:56,968 [Thread-1968] INFO  impl.RoleInfo (RoleInfo.java:updateAndGet(143)) - 25026a40-ec59-48c3-bdd0-cf5c1bf30c8c: start LeaderElection
2019-10-21 21:55:56,968 [369f1351-eca5-492b-a682-1c26748f74ad@group-D1A5675E21EC-LeaderElection168] INFO  impl.RaftServerImpl (ServerState.java:setRaftConf(357)) - 369f1351-eca5-492b-a682-1c26748f74ad@group-D1A5675E21EC: set configuration 0: [c24b6cc2-153d-4b64-a24d-9eaa76f76215:192.168.69.92:44123, 369f1351-eca5-492b-a682-1c26748f74ad:192.168.69.92:44343, 25026a40-ec59-48c3-bdd0-cf5c1bf30c8c:192.168.69.92:38000], old=null at 0
2019-10-21 21:55:57,021 [7b88ca7b-bd9b-4a64-8114-d91a9b2f31f1@group-43E39F6D4740-LeaderElection171] INFO  impl.LeaderElection (LeaderElection.java:askForVotes(178)) - 7b88ca7b-bd9b-4a64-8114-d91a9b2f31f1@group-43E39F6D4740-LeaderElection171: begin an election at term 1 for -1: [7b88ca7b-bd9b-4a64-8114-d91a9b2f31f1:192.168.69.92:38504, 590972a8-254a-4d11-9ee4-9846de224337:192.168.69.92:35899, 8d79625f-2c74-448d-b811-8fe783a575f1:192.168.69.92:35698], old=null
2019-10-21 21:55:57,021 [25026a40-ec59-48c3-bdd0-cf5c1bf30c8c@group-D1A5675E21EC-LeaderElection173] INFO  impl.LeaderElection (LeaderElection.java:askForVotes(178)) - 25026a40-ec59-48c3-bdd0-cf5c1bf30c8c@group-D1A5675E21EC-LeaderElection173: begin an election at term 2 for -1: [c24b6cc2-153d-4b64-a24d-9eaa76f76215:192.168.69.92:44123, 369f1351-eca5-492b-a682-1c26748f74ad:192.168.69.92:44343, 25026a40-ec59-48c3-bdd0-cf5c1bf30c8c:192.168.69.92:38000], old=null
2019-10-21 21:55:57,022 [8d79625f-2c74-448d-b811-8fe783a575f1@group-43E39F6D4740-LeaderElection170] INFO  impl.LeaderElection (LeaderElection.java:askForVotes(178)) - 8d79625f-2c74-448d-b811-8fe783a575f1@group-43E39F6D4740-LeaderElection170: begin an election at term 1 for -1: [7b88ca7b-bd9b-4a64-8114-d91a9b2f31f1:192.168.69.92:38504, 590972a8-254a-4d11-9ee4-9846de224337:192.168.69.92:35899, 8d79625f-2c74-448d-b811-8fe783a575f1:192.168.69.92:35698], old=null
2019-10-21 21:55:57,021 [590972a8-254a-4d11-9ee4-9846de224337@group-43E39F6D4740-LeaderElection172] INFO  impl.LeaderElection (LeaderElection.java:askForVotes(178)) - 590972a8-254a-4d11-9ee4-9846de224337@group-43E39F6D4740-LeaderElection172: begin an election at term 1 for -1: [7b88ca7b-bd9b-4a64-8114-d91a9b2f31f1:192.168.69.92:38504, 590972a8-254a-4d11-9ee4-9846de224337:192.168.69.92:35899, 8d79625f-2c74-448d-b811-8fe783a575f1:192.168.69.92:35698], old=null
2019-10-21 21:55:57,021 [c24b6cc2-153d-4b64-a24d-9eaa76f76215@group-D1A5675E21EC-LeaderElection169] INFO  impl.LeaderElection (LeaderElection.java:askForVotes(178)) - c24b6cc2-153d-4b64-a24d-9eaa76f76215@group-D1A5675E21EC-LeaderElection169: begin an election at term 2 for -1: [c24b6cc2-153d-4b64-a24d-9eaa76f76215:192.168.69.92:44123, 369f1351-eca5-492b-a682-1c26748f74ad:192.168.69.92:44343, 25026a40-ec59-48c3-bdd0-cf5c1bf30c8c:192.168.69.92:38000], old=null
2019-10-21 21:55:57,033 [Thread-1979] INFO  impl.RaftServerImpl (ServerState.java:setLeader(256)) - 369f1351-eca5-492b-a682-1c26748f74ad@group-D1A5675E21EC: change Leader from 369f1351-eca5-492b-a682-1c26748f74ad to null at term 2 for updateCurrentTerm
2019-10-21 21:55:57,034 [Thread-1979] INFO  impl.RaftServerImpl (RaftServerImpl.java:setRole(184)) - 369f1351-eca5-492b-a682-1c26748f74ad@group-D1A5675E21EC: changes role from    LEADER to FOLLOWER at term 2 for stepDown
2019-10-21 21:55:57,034 [Thread-1979] INFO  impl.RoleInfo (RoleInfo.java:shutdownLeaderState(104)) - 369f1351-eca5-492b-a682-1c26748f74ad: shutdown LeaderState
2019-10-21 21:55:57,049 [369f1351-eca5-492b-a682-1c26748f74ad@group-D1A5675E21EC-SegmentedRaftLogWorker] INFO  segmented.SegmentedRaftLogWorker (SegmentedRaftLogWorker.java:execute(576)) - 369f1351-eca5-492b-a682-1c26748f74ad@group-D1A5675E21EC-SegmentedRaftLogWorker: created new log segment /workdir/hadoop-ozone/integration-test/target/test-dir/MiniOzoneClusterImpl-f9df1159-a46e-43dd-90f7-e431812950fc/datanode-9/data/ratis/7f5309d2-d201-4158-8f66-d1a5675e21ec/current/log_inprogress_0
2019-10-21 21:55:57,053 [7b88ca7b-bd9b-4a64-8114-d91a9b2f31f1@group-43E39F6D4740-LeaderElection171] INFO  impl.LeaderElection (LeaderElection.java:logAndReturn(56)) - 7b88ca7b-bd9b-4a64-8114-d91a9b2f31f1@group-43E39F6D4740-LeaderElection171: Election TIMEOUT; received 0 response(s) [] and 0 exception(s); 7b88ca7b-bd9b-4a64-8114-d91a9b2f31f1@group-43E39F6D4740:t1, leader=null, voted=7b88ca7b-bd9b-4a64-8114-d91a9b2f31f1, raftlog=7b88ca7b-bd9b-4a64-8114-d91a9b2f31f1@group-43E39F6D4740-SegmentedRaftLog:OPENED:c-1,f-1,i0, conf=-1: [7b88ca7b-bd9b-4a64-8114-d91a9b2f31f1:192.168.69.92:38504, 590972a8-254a-4d11-9ee4-9846de224337:192.168.69.92:35899, 8d79625f-2c74-448d-b811-8fe783a575f1:192.168.69.92:35698], old=null
2019-10-21 21:55:57,053 [Thread-1979] INFO  impl.PendingRequests (PendingRequests.java:sendNotLeaderResponses(202)) - 369f1351-eca5-492b-a682-1c26748f74ad@group-D1A5675E21EC-PendingRequests: sendNotLeaderResponses
2019-10-21 21:55:57,053 [org.apache.ratis.server.impl.LogAppender$AppenderDaemon$$Lambda$450/1920685015@1a6ee20d] WARN  server.GrpcLogAppender (GrpcLogAppender.java:mayWait(149)) - 369f1351-eca5-492b-a682-1c26748f74ad@group-D1A5675E21EC->c24b6cc2-153d-4b64-a24d-9eaa76f76215-GrpcLogAppender: Wait interrupted by java.lang.InterruptedException
2019-10-21 21:55:57,053 [org.apache.ratis.server.impl.LogAppender$AppenderDaemon$$Lambda$450/1920685015@2b3ef98b] WARN  server.GrpcLogAppender (GrpcLogAppender.java:mayWait(149)) - 369f1351-eca5-492b-a682-1c26748f74ad@group-D1A5675E21EC->25026a40-ec59-48c3-bdd0-cf5c1bf30c8c-GrpcLogAppender: Wait interrupted by java.lang.InterruptedException
2019-10-21 21:55:57,054 [Thread-1979] INFO  impl.RoleInfo (RoleInfo.java:updateAndGet(143)) - 369f1351-eca5-492b-a682-1c26748f74ad: start FollowerState
2019-10-21 21:55:57,056 [grpc-default-executor-5] INFO  server.GrpcServerProtocolService (GrpcServerProtocolService.java:onCompleted(113)) - 25026a40-ec59-48c3-bdd0-cf5c1bf30c8c: Completed APPEND_ENTRIES, lastRequest: 369f1351-eca5-492b-a682-1c26748f74ad->25026a40-ec59-48c3-bdd0-cf5c1bf30c8c#0-t1, previous=(t:0, i:0), leaderCommit=-1, initializing? false, entries: <empty>
2019-10-21 21:55:57,056 [grpc-default-executor-6] INFO  server.GrpcServerProtocolService (GrpcServerProtocolService.java:onCompleted(113)) - c24b6cc2-153d-4b64-a24d-9eaa76f76215: Completed APPEND_ENTRIES, lastRequest: 369f1351-eca5-492b-a682-1c26748f74ad->c24b6cc2-153d-4b64-a24d-9eaa76f76215#0-t1, previous=(t:0, i:0), leaderCommit=-1, initializing? false, entries: <empty>
2019-10-21 21:55:57,057 [grpc-default-executor-2] INFO  server.GrpcLogAppender (GrpcLogAppender.java:onCompleted(308)) - 369f1351-eca5-492b-a682-1c26748f74ad@group-D1A5675E21EC->c24b6cc2-153d-4b64-a24d-9eaa76f76215-AppendLogResponseHandler: follower responses appendEntries COMPLETED
2019-10-21 21:55:57,060 [grpc-default-executor-2] INFO  impl.FollowerInfo (FollowerInfo.java:lambda$new$0(51)) - 369f1351-eca5-492b-a682-1c26748f74ad@group-D1A5675E21EC->c24b6cc2-153d-4b64-a24d-9eaa76f76215: nextIndex: updateUnconditionally 0 -> 0
2019-10-21 21:55:57,066 [7b88ca7b-bd9b-4a64-8114-d91a9b2f31f1@group-43E39F6D4740-LeaderElection171] INFO  impl.LeaderElection (LeaderElection.java:askForVotes(178)) - 7b88ca7b-bd9b-4a64-8114-d91a9b2f31f1@group-43E39F6D4740-LeaderElection171: begin an election at term 2 for -1: [7b88ca7b-bd9b-4a64-8114-d91a9b2f31f1:192.168.69.92:38504, 590972a8-254a-4d11-9ee4-9846de224337:192.168.69.92:35899, 8d79625f-2c74-448d-b811-8fe783a575f1:192.168.69.92:35698], old=null
2019-10-21 21:55:57,069 [grpc-default-executor-4] INFO  server.GrpcLogAppender (GrpcLogAppender.java:onCompleted(308)) - 369f1351-eca5-492b-a682-1c26748f74ad@group-D1A5675E21EC->25026a40-ec59-48c3-bdd0-cf5c1bf30c8c-AppendLogResponseHandler: follower responses appendEntries COMPLETED
2019-10-21 21:55:57,069 [c24b6cc2-153d-4b64-a24d-9eaa76f76215@group-D1A5675E21EC-LeaderElection169] INFO  impl.LeaderElection (LeaderElection.java:logAndReturn(56)) - c24b6cc2-153d-4b64-a24d-9eaa76f76215@group-D1A5675E21EC-LeaderElection169: Election TIMEOUT; received 1 response(s) [c24b6cc2-153d-4b64-a24d-9eaa76f76215<-25026a40-ec59-48c3-bdd0-cf5c1bf30c8c#0:FAIL-t2] and 0 exception(s); c24b6cc2-153d-4b64-a24d-9eaa76f76215@group-D1A5675E21EC:t2, leader=null, voted=c24b6cc2-153d-4b64-a24d-9eaa76f76215, raftlog=c24b6cc2-153d-4b64-a24d-9eaa76f76215@group-D1A5675E21EC-SegmentedRaftLog:OPENED:c-1,f-1,i0, conf=-1: [c24b6cc2-153d-4b64-a24d-9eaa76f76215:192.168.69.92:44123, 369f1351-eca5-492b-a682-1c26748f74ad:192.168.69.92:44343, 25026a40-ec59-48c3-bdd0-cf5c1bf30c8c:192.168.69.92:38000], old=null
2019-10-21 21:55:57,069 [8d79625f-2c74-448d-b811-8fe783a575f1@group-43E39F6D4740-LeaderElection170] INFO  impl.LeaderElection (LeaderElection.java:logAndReturn(56)) - 8d79625f-2c74-448d-b811-8fe783a575f1@group-43E39F6D4740-LeaderElection170: Election TIMEOUT; received 1 response(s) [8d79625f-2c74-448d-b811-8fe783a575f1<-590972a8-254a-4d11-9ee4-9846de224337#0:FAIL-t1] and 0 exception(s); 8d79625f-2c74-448d-b811-8fe783a575f1@group-43E39F6D4740:t1, leader=null, voted=8d79625f-2c74-448d-b811-8fe783a575f1, raftlog=8d79625f-2c74-448d-b811-8fe783a575f1@group-43E39F6D4740-SegmentedRaftLog:OPENED:c-1,f-1,i0, conf=-1: [7b88ca7b-bd9b-4a64-8114-d91a9b2f31f1:192.168.69.92:38504, 590972a8-254a-4d11-9ee4-9846de224337:192.168.69.92:35899, 8d79625f-2c74-448d-b811-8fe783a575f1:192.168.69.92:35698], old=null
2019-10-21 21:55:57,069 [grpc-default-executor-0] INFO  impl.RaftServerImpl (RaftServerImpl.java:setRole(184)) - 369f1351-eca5-492b-a682-1c26748f74ad@group-D1A5675E21EC: changes role from  FOLLOWER to FOLLOWER at term 2 for recognizeCandidate:25026a40-ec59-48c3-bdd0-cf5c1bf30c8c
2019-10-21 21:55:57,071 [grpc-default-executor-4] INFO  impl.FollowerInfo (FollowerInfo.java:lambda$new$0(51)) - 369f1351-eca5-492b-a682-1c26748f74ad@group-D1A5675E21EC->25026a40-ec59-48c3-bdd0-cf5c1bf30c8c: nextIndex: updateUnconditionally 0 -> 0
2019-10-21 21:55:57,071 [grpc-default-executor-0] INFO  impl.RoleInfo (RoleInfo.java:shutdownFollowerState(121)) - 369f1351-eca5-492b-a682-1c26748f74ad: shutdown FollowerState
2019-10-21 21:55:57,071 [590972a8-254a-4d11-9ee4-9846de224337@group-43E39F6D4740-LeaderElection172] INFO  impl.LeaderElection (LeaderElection.java:logAndReturn(56)) - 590972a8-254a-4d11-9ee4-9846de224337@group-43E39F6D4740-LeaderElection172: Election DISCOVERED_A_NEW_TERM; received 2 response(s) [590972a8-254a-4d11-9ee4-9846de224337<-7b88ca7b-bd9b-4a64-8114-d91a9b2f31f1#0:FAIL-t2, 590972a8-254a-4d11-9ee4-9846de224337<-8d79625f-2c74-448d-b811-8fe783a575f1#0:FAIL-t1] and 0 exception(s); 590972a8-254a-4d11-9ee4-9846de224337@group-43E39F6D4740:t1, leader=null, voted=590972a8-254a-4d11-9ee4-9846de224337, raftlog=590972a8-254a-4d11-9ee4-9846de224337@group-43E39F6D4740-SegmentedRaftLog:OPENED:c-1,f-1,i0, conf=-1: [7b88ca7b-bd9b-4a64-8114-d91a9b2f31f1:192.168.69.92:38504, 590972a8-254a-4d11-9ee4-9846de224337:192.168.69.92:35899, 8d79625f-2c74-448d-b811-8fe783a575f1:192.168.69.92:35698], old=null
2019-10-21 21:55:57,071 [grpc-default-executor-0] INFO  impl.RoleInfo (RoleInfo.java:updateAndGet(143)) - 369f1351-eca5-492b-a682-1c26748f74ad: start FollowerState
2019-10-21 21:55:57,071 [Thread-2000] INFO  impl.FollowerState (FollowerState.java:run(117)) - 369f1351-eca5-492b-a682-1c26748f74ad@group-D1A5675E21EC-FollowerState was interrupted: java.lang.InterruptedException: sleep interrupted
2019-10-21 21:55:57,072 [590972a8-254a-4d11-9ee4-9846de224337@group-43E39F6D4740-LeaderElection172] INFO  impl.RaftServerImpl (RaftServerImpl.java:setRole(184)) - 590972a8-254a-4d11-9ee4-9846de224337@group-43E39F6D4740: changes role from CANDIDATE to FOLLOWER at term 2 for DISCOVERED_A_NEW_TERM
2019-10-21 21:55:57,072 [590972a8-254a-4d11-9ee4-9846de224337@group-43E39F6D4740-LeaderElection172] INFO  impl.RoleInfo (RoleInfo.java:shutdownLeaderElection(134)) - 590972a8-254a-4d11-9ee4-9846de224337: shutdown LeaderElection
2019-10-21 21:55:57,072 [grpc-default-executor-7] INFO  impl.RaftServerImpl (RaftServerImpl.java:setRole(184)) - 369f1351-eca5-492b-a682-1c26748f74ad@group-D1A5675E21EC: changes role from  FOLLOWER to FOLLOWER at term 2 for recognizeCandidate:c24b6cc2-153d-4b64-a24d-9eaa76f76215
2019-10-21 21:55:57,072 [590972a8-254a-4d11-9ee4-9846de224337@group-43E39F6D4740-LeaderElection172] INFO  impl.RoleInfo (RoleInfo.java:updateAndGet(143)) - 590972a8-254a-4d11-9ee4-9846de224337: start FollowerState
2019-10-21 21:55:57,072 [grpc-default-executor-7] INFO  impl.RoleInfo (RoleInfo.java:shutdownFollowerState(121)) - 369f1351-eca5-492b-a682-1c26748f74ad: shutdown FollowerState
2019-10-21 21:55:57,073 [Thread-2003] INFO  impl.FollowerState (FollowerState.java:run(117)) - 369f1351-eca5-492b-a682-1c26748f74ad@group-D1A5675E21EC-FollowerState was interrupted: java.lang.InterruptedException: sleep interrupted
2019-10-21 21:55:57,073 [grpc-default-executor-7] INFO  impl.RoleInfo (RoleInfo.java:updateAndGet(143)) - 369f1351-eca5-492b-a682-1c26748f74ad: start FollowerState
2019-10-21 21:55:57,073 [25026a40-ec59-48c3-bdd0-cf5c1bf30c8c@group-D1A5675E21EC-LeaderElection173] INFO  impl.LeaderElection (LeaderElection.java:logAndReturn(56)) - 25026a40-ec59-48c3-bdd0-cf5c1bf30c8c@group-D1A5675E21EC-LeaderElection173: Election REJECTED; received 2 response(s) [25026a40-ec59-48c3-bdd0-cf5c1bf30c8c<-c24b6cc2-153d-4b64-a24d-9eaa76f76215#0:FAIL-t2, 25026a40-ec59-48c3-bdd0-cf5c1bf30c8c<-369f1351-eca5-492b-a682-1c26748f74ad#0:FAIL-t2] and 0 exception(s); 25026a40-ec59-48c3-bdd0-cf5c1bf30c8c@group-D1A5675E21EC:t2, leader=null, voted=25026a40-ec59-48c3-bdd0-cf5c1bf30c8c, raftlog=25026a40-ec59-48c3-bdd0-cf5c1bf30c8c@group-D1A5675E21EC-SegmentedRaftLog:OPENED:c-1,f-1,i0, conf=-1: [c24b6cc2-153d-4b64-a24d-9eaa76f76215:192.168.69.92:44123, 369f1351-eca5-492b-a682-1c26748f74ad:192.168.69.92:44343, 25026a40-ec59-48c3-bdd0-cf5c1bf30c8c:192.168.69.92:38000], old=null
2019-10-21 21:55:57,073 [25026a40-ec59-48c3-bdd0-cf5c1bf30c8c@group-D1A5675E21EC-LeaderElection173] INFO  impl.RaftServerImpl (RaftServerImpl.java:setRole(184)) - 25026a40-ec59-48c3-bdd0-cf5c1bf30c8c@group-D1A5675E21EC: changes role from CANDIDATE to FOLLOWER at term 2 for DISCOVERED_A_NEW_TERM
2019-10-21 21:55:57,073 [25026a40-ec59-48c3-bdd0-cf5c1bf30c8c@group-D1A5675E21EC-LeaderElection173] INFO  impl.RoleInfo (RoleInfo.java:shutdownLeaderElection(134)) - 25026a40-ec59-48c3-bdd0-cf5c1bf30c8c: shutdown LeaderElection
2019-10-21 21:55:57,073 [25026a40-ec59-48c3-bdd0-cf5c1bf30c8c@group-D1A5675E21EC-LeaderElection173] INFO  impl.RoleInfo (RoleInfo.java:updateAndGet(143)) - 25026a40-ec59-48c3-bdd0-cf5c1bf30c8c: start FollowerState
2019-10-21 21:55:57,085 [c24b6cc2-153d-4b64-a24d-9eaa76f76215@group-D1A5675E21EC-LeaderElection169] INFO  impl.LeaderElection (LeaderElection.java:askForVotes(178)) - c24b6cc2-153d-4b64-a24d-9eaa76f76215@group-D1A5675E21EC-LeaderElection169: begin an election at term 3 for -1: [c24b6cc2-153d-4b64-a24d-9eaa76f76215:192.168.69.92:44123, 369f1351-eca5-492b-a682-1c26748f74ad:192.168.69.92:44343, 25026a40-ec59-48c3-bdd0-cf5c1bf30c8c:192.168.69.92:38000], old=null
2019-10-21 21:55:57,085 [8d79625f-2c74-448d-b811-8fe783a575f1@group-43E39F6D4740-LeaderElection170] INFO  impl.LeaderElection (LeaderElection.java:askForVotes(178)) - 8d79625f-2c74-448d-b811-8fe783a575f1@group-43E39F6D4740-LeaderElection170: begin an election at term 2 for -1: [7b88ca7b-bd9b-4a64-8114-d91a9b2f31f1:192.168.69.92:38504, 590972a8-254a-4d11-9ee4-9846de224337:192.168.69.92:35899, 8d79625f-2c74-448d-b811-8fe783a575f1:192.168.69.92:35698], old=null
2019-10-21 21:55:57,085 [grpc-default-executor-4] INFO  impl.RaftServerImpl (RaftServerImpl.java:setRole(184)) - 590972a8-254a-4d11-9ee4-9846de224337@group-43E39F6D4740: changes role from  FOLLOWER to FOLLOWER at term 2 for recognizeCandidate:7b88ca7b-bd9b-4a64-8114-d91a9b2f31f1
2019-10-21 21:55:57,085 [grpc-default-executor-4] INFO  impl.RoleInfo (RoleInfo.java:shutdownFollowerState(121)) - 590972a8-254a-4d11-9ee4-9846de224337: shutdown FollowerState
2019-10-21 21:55:57,086 [Thread-2004] INFO  impl.FollowerState (FollowerState.java:run(117)) - 590972a8-254a-4d11-9ee4-9846de224337@group-43E39F6D4740-FollowerState was interrupted: java.lang.InterruptedException: sleep interrupted
2019-10-21 21:55:57,086 [grpc-default-executor-4] INFO  impl.RoleInfo (RoleInfo.java:updateAndGet(143)) - 590972a8-254a-4d11-9ee4-9846de224337: start FollowerState
2019-10-21 21:55:57,087 [grpc-default-executor-6] INFO  impl.RaftServerImpl (RaftServerImpl.java:setRole(184)) - 369f1351-eca5-492b-a682-1c26748f74ad@group-D1A5675E21EC: changes role from  FOLLOWER to FOLLOWER at term 3 for recognizeCandidate:c24b6cc2-153d-4b64-a24d-9eaa76f76215
2019-10-21 21:55:57,087 [grpc-default-executor-6] INFO  impl.RoleInfo (RoleInfo.java:shutdownFollowerState(121)) - 369f1351-eca5-492b-a682-1c26748f74ad: shutdown FollowerState
2019-10-21 21:55:57,087 [grpc-default-executor-6] INFO  impl.RoleInfo (RoleInfo.java:updateAndGet(143)) - 369f1351-eca5-492b-a682-1c26748f74ad: start FollowerState
2019-10-21 21:55:57,087 [Thread-2005] INFO  impl.FollowerState (FollowerState.java:run(117)) - 369f1351-eca5-492b-a682-1c26748f74ad@group-D1A5675E21EC-FollowerState was interrupted: java.lang.InterruptedException: sleep interrupted
2019-10-21 21:55:57,087 [grpc-default-executor-7] INFO  impl.RaftServerImpl (RaftServerImpl.java:setRole(184)) - 25026a40-ec59-48c3-bdd0-cf5c1bf30c8c@group-D1A5675E21EC: changes role from  FOLLOWER to FOLLOWER at term 3 for recognizeCandidate:c24b6cc2-153d-4b64-a24d-9eaa76f76215
2019-10-21 21:55:57,088 [grpc-default-executor-7] INFO  impl.RoleInfo (RoleInfo.java:shutdownFollowerState(121)) - 25026a40-ec59-48c3-bdd0-cf5c1bf30c8c: shutdown FollowerState
2019-10-21 21:55:57,088 [Thread-2006] INFO  impl.FollowerState (FollowerState.java:run(117)) - 25026a40-ec59-48c3-bdd0-cf5c1bf30c8c@group-D1A5675E21EC-FollowerState was interrupted: java.lang.InterruptedException: sleep interrupted
2019-10-21 21:55:57,088 [grpc-default-executor-7] INFO  impl.RoleInfo (RoleInfo.java:updateAndGet(143)) - 25026a40-ec59-48c3-bdd0-cf5c1bf30c8c: start FollowerState
2019-10-21 21:55:57,094 [8d79625f-2c74-448d-b811-8fe783a575f1@group-43E39F6D4740-LeaderElection170] INFO  impl.LeaderElection (LeaderElection.java:logAndReturn(56)) - 8d79625f-2c74-448d-b811-8fe783a575f1@group-43E39F6D4740-LeaderElection170: Election TIMEOUT; received 1 response(s) [8d79625f-2c74-448d-b811-8fe783a575f1<-7b88ca7b-bd9b-4a64-8114-d91a9b2f31f1#0:FAIL-t2] and 0 exception(s); 8d79625f-2c74-448d-b811-8fe783a575f1@group-43E39F6D4740:t2, leader=null, voted=8d79625f-2c74-448d-b811-8fe783a575f1, raftlog=8d79625f-2c74-448d-b811-8fe783a575f1@group-43E39F6D4740-SegmentedRaftLog:OPENED:c-1,f-1,i0, conf=-1: [7b88ca7b-bd9b-4a64-8114-d91a9b2f31f1:192.168.69.92:38504, 590972a8-254a-4d11-9ee4-9846de224337:192.168.69.92:35899, 8d79625f-2c74-448d-b811-8fe783a575f1:192.168.69.92:35698], old=null
2019-10-21 21:55:57,100 [8d79625f-2c74-448d-b811-8fe783a575f1@group-43E39F6D4740-LeaderElection170] INFO  impl.LeaderElection (LeaderElection.java:askForVotes(178)) - 8d79625f-2c74-448d-b811-8fe783a575f1@group-43E39F6D4740-LeaderElection170: begin an election at term 3 for -1: [7b88ca7b-bd9b-4a64-8114-d91a9b2f31f1:192.168.69.92:38504, 590972a8-254a-4d11-9ee4-9846de224337:192.168.69.92:35899, 8d79625f-2c74-448d-b811-8fe783a575f1:192.168.69.92:35698], old=null
2019-10-21 21:55:57,100 [c24b6cc2-153d-4b64-a24d-9eaa76f76215@group-D1A5675E21EC-LeaderElection169] INFO  impl.LeaderElection (LeaderElection.java:logAndReturn(56)) - c24b6cc2-153d-4b64-a24d-9eaa76f76215@group-D1A5675E21EC-LeaderElection169: Election PASSED; received 2 response(s) [c24b6cc2-153d-4b64-a24d-9eaa76f76215<-369f1351-eca5-492b-a682-1c26748f74ad#0:FAIL-t3, c24b6cc2-153d-4b64-a24d-9eaa76f76215<-25026a40-ec59-48c3-bdd0-cf5c1bf30c8c#0:OK-t3] and 0 exception(s); c24b6cc2-153d-4b64-a24d-9eaa76f76215@group-D1A5675E21EC:t3, leader=null, voted=c24b6cc2-153d-4b64-a24d-9eaa76f76215, raftlog=c24b6cc2-153d-4b64-a24d-9eaa76f76215@group-D1A5675E21EC-SegmentedRaftLog:OPENED:c-1,f-1,i0, conf=-1: [c24b6cc2-153d-4b64-a24d-9eaa76f76215:192.168.69.92:44123, 369f1351-eca5-492b-a682-1c26748f74ad:192.168.69.92:44343, 25026a40-ec59-48c3-bdd0-cf5c1bf30c8c:192.168.69.92:38000], old=null
2019-10-21 21:55:57,100 [7b88ca7b-bd9b-4a64-8114-d91a9b2f31f1@group-43E39F6D4740-LeaderElection171] INFO  impl.LeaderElection (LeaderElection.java:logAndReturn(56)) - 7b88ca7b-bd9b-4a64-8114-d91a9b2f31f1@group-43E39F6D4740-LeaderElection171: Election PASSED; received 2 response(s) [7b88ca7b-bd9b-4a64-8114-d91a9b2f31f1<-590972a8-254a-4d11-9ee4-9846de224337#0:OK-t2, 7b88ca7b-bd9b-4a64-8114-d91a9b2f31f1<-8d79625f-2c74-448d-b811-8fe783a575f1#0:FAIL-t2] and 0 exception(s); 7b88ca7b-bd9b-4a64-8114-d91a9b2f31f1@group-43E39F6D4740:t2, leader=null, voted=7b88ca7b-bd9b-4a64-8114-d91a9b2f31f1, raftlog=7b88ca7b-bd9b-4a64-8114-d91a9b2f31f1@group-43E39F6D4740-SegmentedRaftLog:OPENED:c-1,f-1,i0, conf=-1: [7b88ca7b-bd9b-4a64-8114-d91a9b2f31f1:192.168.69.92:38504, 590972a8-254a-4d11-9ee4-9846de224337:192.168.69.92:35899, 8d79625f-2c74-448d-b811-8fe783a575f1:192.168.69.92:35698], old=null
2019-10-21 21:55:57,100 [c24b6cc2-153d-4b64-a24d-9eaa76f76215@group-D1A5675E21EC-LeaderElection169] INFO  impl.RoleInfo (RoleInfo.java:shutdownLeaderElection(134)) - c24b6cc2-153d-4b64-a24d-9eaa76f76215: shutdown LeaderElection
2019-10-21 21:55:57,101 [7b88ca7b-bd9b-4a64-8114-d91a9b2f31f1@group-43E39F6D4740-LeaderElection171] INFO  impl.RoleInfo (RoleInfo.java:shutdownLeaderElection(134)) - 7b88ca7b-bd9b-4a64-8114-d91a9b2f31f1: shutdown LeaderElection
2019-10-21 21:55:57,101 [c24b6cc2-153d-4b64-a24d-9eaa76f76215@group-D1A5675E21EC-LeaderElection169] INFO  impl.RaftServerImpl (RaftServerImpl.java:setRole(184)) - c24b6cc2-153d-4b64-a24d-9eaa76f76215@group-D1A5675E21EC: changes role from CANDIDATE to LEADER at term 3 for changeToLeader
2019-10-21 21:55:57,101 [7b88ca7b-bd9b-4a64-8114-d91a9b2f31f1@group-43E39F6D4740-LeaderElection171] INFO  impl.RaftServerImpl (RaftServerImpl.java:setRole(184)) - 7b88ca7b-bd9b-4a64-8114-d91a9b2f31f1@group-43E39F6D4740: changes role from CANDIDATE to LEADER at term 2 for changeToLeader
2019-10-21 21:55:57,101 [c24b6cc2-153d-4b64-a24d-9eaa76f76215@group-D1A5675E21EC-LeaderElection169] INFO  impl.RaftServerImpl (ServerState.java:setLeader(256)) - c24b6cc2-153d-4b64-a24d-9eaa76f76215@group-D1A5675E21EC: change Leader from null to c24b6cc2-153d-4b64-a24d-9eaa76f76215 at term 3 for becomeLeader, leader elected after 510ms
2019-10-21 21:55:57,101 [7b88ca7b-bd9b-4a64-8114-d91a9b2f31f1@group-43E39F6D4740-LeaderElection171] INFO  impl.RaftServerImpl (ServerState.java:setLeader(256)) - 7b88ca7b-bd9b-4a64-8114-d91a9b2f31f1@group-43E39F6D4740: change Leader from null to 7b88ca7b-bd9b-4a64-8114-d91a9b2f31f1 at term 2 for becomeLeader, leader elected after 453ms
2019-10-21 21:55:57,101 [c24b6cc2-153d-4b64-a24d-9eaa76f76215@group-D1A5675E21EC-LeaderElection169] INFO  server.RaftServerConfigKeys (ConfUtils.java:logGet(43)) - raft.server.staging.catchup.gap = 1000 (default)
2019-10-21 21:55:57,101 [7b88ca7b-bd9b-4a64-8114-d91a9b2f31f1@group-43E39F6D4740-LeaderElection171] INFO  server.RaftServerConfigKeys (ConfUtils.java:logGet(43)) - raft.server.staging.catchup.gap = 1000 (default)
2019-10-21 21:55:57,101 [c24b6cc2-153d-4b64-a24d-9eaa76f76215@group-D1A5675E21EC-LeaderElection169] INFO  server.RaftServerConfigKeys (ConfUtils.java:logGet(43)) - raft.server.rpc.sleep.time = 25ms (default)
2019-10-21 21:55:57,101 [grpc-default-executor-0] INFO  impl.RaftServerImpl (RaftServerImpl.java:setRole(184)) - 590972a8-254a-4d11-9ee4-9846de224337@group-43E39F6D4740: changes role from  FOLLOWER to FOLLOWER at term 3 for recognizeCandidate:8d79625f-2c74-448d-b811-8fe783a575f1
2019-10-21 21:55:57,101 [7b88ca7b-bd9b-4a64-8114-d91a9b2f31f1@group-43E39F6D4740-LeaderElection171] INFO  server.RaftServerConfigKeys (ConfUtils.java:logGet(43)) - raft.server.rpc.sleep.time = 25ms (default)
2019-10-21 21:55:57,101 [grpc-default-executor-0] INFO  impl.RoleInfo (RoleInfo.java:shutdownFollowerState(121)) - 590972a8-254a-4d11-9ee4-9846de224337: shutdown FollowerState
2019-10-21 21:55:57,101 [c24b6cc2-153d-4b64-a24d-9eaa76f76215@group-D1A5675E21EC-LeaderElection169] INFO  server.RaftServerConfigKeys (ConfUtils.java:logGet(43)) - raft.server.write.element-limit = 4096 (default)
2019-10-21 21:55:57,102 [grpc-default-executor-0] INFO  impl.RoleInfo (RoleInfo.java:updateAndGet(143)) - 590972a8-254a-4d11-9ee4-9846de224337: start FollowerState
2019-10-21 21:55:57,101 [7b88ca7b-bd9b-4a64-8114-d91a9b2f31f1@group-43E39F6D4740-LeaderElection171] INFO  server.RaftServerConfigKeys (ConfUtils.java:logGet(43)) - raft.server.write.element-limit = 4096 (default)
2019-10-21 21:55:57,102 [c24b6cc2-153d-4b64-a24d-9eaa76f76215@group-D1A5675E21EC-LeaderElection169] INFO  server.RaftServerConfigKeys (ConfUtils.java:logGet(43)) - raft.server.watch.timeout = 10s (default)
2019-10-21 21:55:57,102 [c24b6cc2-153d-4b64-a24d-9eaa76f76215@group-D1A5675E21EC-LeaderElection169] INFO  server.RaftServerConfigKeys (ConfUtils.java:logGet(43)) - raft.server.watch.timeout.denomination = 1s (default)
2019-10-21 21:55:57,102 [Thread-2011] INFO  impl.FollowerState (FollowerState.java:run(117)) - 590972a8-254a-4d11-9ee4-9846de224337@group-43E39F6D4740-FollowerState was interrupted: java.lang.InterruptedException: sleep interrupted
2019-10-21 21:55:57,102 [c24b6cc2-153d-4b64-a24d-9eaa76f76215@group-D1A5675E21EC-LeaderElection169] INFO  server.RaftServerConfigKeys (ConfUtils.java:logGet(43)) - raft.server.watch.element-limit = 65536 (default)
2019-10-21 21:55:57,102 [7b88ca7b-bd9b-4a64-8114-d91a9b2f31f1@group-43E39F6D4740-LeaderElection171] INFO  server.RaftServerConfigKeys (ConfUtils.java:logGet(43)) - raft.server.watch.timeout = 10s (default)
2019-10-21 21:55:57,102 [7b88ca7b-bd9b-4a64-8114-d91a9b2f31f1@group-43E39F6D4740-LeaderElection171] INFO  server.RaftServerConfigKeys (ConfUtils.java:logGet(43)) - raft.server.watch.timeout.denomination = 1s (default)
2019-10-21 21:55:57,102 [7b88ca7b-bd9b-4a64-8114-d91a9b2f31f1@group-43E39F6D4740-LeaderElection171] INFO  server.RaftServerConfigKeys (ConfUtils.java:logGet(43)) - raft.server.watch.element-limit = 65536 (default)
2019-10-21 21:55:57,105 [c24b6cc2-153d-4b64-a24d-9eaa76f76215@group-D1A5675E21EC-LeaderElection169] INFO  server.RaftServerConfigKeys (ConfUtils.java:logGet(43)) - raft.server.log.appender.snapshot.chunk.size.max = 16MB (=16777216) (default)
2019-10-21 21:55:57,105 [7b88ca7b-bd9b-4a64-8114-d91a9b2f31f1@group-43E39F6D4740-LeaderElection171] INFO  server.RaftServerConfigKeys (ConfUtils.java:logGet(43)) - raft.server.log.appender.snapshot.chunk.size.max = 16MB (=16777216) (default)
2019-10-21 21:55:57,105 [c24b6cc2-153d-4b64-a24d-9eaa76f76215@group-D1A5675E21EC-LeaderElection169] INFO  server.RaftServerConfigKeys (ConfUtils.java:logGet(43)) - raft.server.log.appender.buffer.byte-limit = 33554432 (custom)
2019-10-21 21:55:57,105 [7b88ca7b-bd9b-4a64-8114-d91a9b2f31f1@group-43E39F6D4740-LeaderElection171] INFO  server.RaftServerConfigKeys (ConfUtils.java:logGet(43)) - raft.server.log.appender.buffer.byte-limit = 33554432 (custom)
2019-10-21 21:55:57,105 [c24b6cc2-153d-4b64-a24d-9eaa76f76215@group-D1A5675E21EC-LeaderElection169] INFO  server.RaftServerConfigKeys (ConfUtils.java:logGet(43)) - raft.server.log.appender.buffer.element-limit = 1 (custom)
2019-10-21 21:55:57,105 [7b88ca7b-bd9b-4a64-8114-d91a9b2f31f1@group-43E39F6D4740-LeaderElection171] INFO  server.RaftServerConfigKeys (ConfUtils.java:logGet(43)) - raft.server.log.appender.buffer.element-limit = 1 (custom)
2019-10-21 21:55:57,105 [c24b6cc2-153d-4b64-a24d-9eaa76f76215@group-D1A5675E21EC-LeaderElection169] INFO  grpc.GrpcConfigKeys$Server (ConfUtils.java:logGet(43)) - raft.grpc.server.leader.outstanding.appends.max = 128 (default)
2019-10-21 21:55:57,105 [7b88ca7b-bd9b-4a64-8114-d91a9b2f31f1@group-43E39F6D4740-LeaderElection171] INFO  grpc.GrpcConfigKeys$Server (ConfUtils.java:logGet(43)) - raft.grpc.server.leader.outstanding.appends.max = 128 (default)
2019-10-21 21:55:57,106 [c24b6cc2-153d-4b64-a24d-9eaa76f76215@group-D1A5675E21EC-LeaderElection169] INFO  server.RaftServerConfigKeys (ConfUtils.java:logGet(43)) - raft.server.rpc.request.timeout = 3000ms (default)
2019-10-21 21:55:57,106 [7b88ca7b-bd9b-4a64-8114-d91a9b2f31f1@group-43E39F6D4740-LeaderElection171] INFO  server.RaftServerConfigKeys (ConfUtils.java:logGet(43)) - raft.server.rpc.request.timeout = 3000ms (default)
2019-10-21 21:55:57,106 [c24b6cc2-153d-4b64-a24d-9eaa76f76215@group-D1A5675E21EC-LeaderElection169] INFO  server.RaftServerConfigKeys (ConfUtils.java:logGet(43)) - raft.server.log.appender.install.snapshot.enabled = false (custom)
2019-10-21 21:55:57,106 [7b88ca7b-bd9b-4a64-8114-d91a9b2f31f1@group-43E39F6D4740-LeaderElection171] INFO  server.RaftServerConfigKeys (ConfUtils.java:logGet(43)) - raft.server.log.appender.install.snapshot.enabled = false (custom)
2019-10-21 21:55:57,108 [c24b6cc2-153d-4b64-a24d-9eaa76f76215@group-D1A5675E21EC-LeaderElection169] INFO  server.RaftServerConfigKeys (ConfUtils.java:logGet(43)) - raft.server.log.appender.snapshot.chunk.size.max = 16MB (=16777216) (default)
2019-10-21 21:55:57,108 [c24b6cc2-153d-4b64-a24d-9eaa76f76215@group-D1A5675E21EC-LeaderElection169] INFO  server.RaftServerConfigKeys (ConfUtils.java:logGet(43)) - raft.server.log.appender.buffer.byte-limit = 33554432 (custom)
2019-10-21 21:55:57,109 [7b88ca7b-bd9b-4a64-8114-d91a9b2f31f1@group-43E39F6D4740-LeaderElection171] INFO  server.RaftServerConfigKeys (ConfUtils.java:logGet(43)) - raft.server.log.appender.snapshot.chunk.size.max = 16MB (=16777216) (default)
2019-10-21 21:55:57,109 [c24b6cc2-153d-4b64-a24d-9eaa76f76215@group-D1A5675E21EC-LeaderElection169] INFO  server.RaftServerConfigKeys (ConfUtils.java:logGet(43)) - raft.server.log.appender.buffer.element-limit = 1 (custom)
2019-10-21 21:55:57,109 [7b88ca7b-bd9b-4a64-8114-d91a9b2f31f1@group-43E39F6D4740-LeaderElection171] INFO  server.RaftServerConfigKeys (ConfUtils.java:logGet(43)) - raft.server.log.appender.buffer.byte-limit = 33554432 (custom)
2019-10-21 21:55:57,109 [c24b6cc2-153d-4b64-a24d-9eaa76f76215@group-D1A5675E21EC-LeaderElection169] INFO  grpc.GrpcConfigKeys$Server (ConfUtils.java:logGet(43)) - raft.grpc.server.leader.outstanding.appends.max = 128 (default)
2019-10-21 21:55:57,109 [7b88ca7b-bd9b-4a64-8114-d91a9b2f31f1@group-43E39F6D4740-LeaderElection171] INFO  server.RaftServerConfigKeys (ConfUtils.java:logGet(43)) - raft.server.log.appender.buffer.element-limit = 1 (custom)
2019-10-21 21:55:57,109 [c24b6cc2-153d-4b64-a24d-9eaa76f76215@group-D1A5675E21EC-LeaderElection169] INFO  server.RaftServerConfigKeys (ConfUtils.java:logGet(43)) - raft.server.rpc.request.timeout = 3000ms (default)
2019-10-21 21:55:57,109 [7b88ca7b-bd9b-4a64-8114-d91a9b2f31f1@group-43E39F6D4740-LeaderElection171] INFO  grpc.GrpcConfigKeys$Server (ConfUtils.java:logGet(43)) - raft.grpc.server.leader.outstanding.appends.max = 128 (default)
2019-10-21 21:55:57,109 [c24b6cc2-153d-4b64-a24d-9eaa76f76215@group-D1A5675E21EC-LeaderElection169] INFO  server.RaftServerConfigKeys (ConfUtils.java:logGet(43)) - raft.server.log.appender.install.snapshot.enabled = false (custom)
2019-10-21 21:55:57,109 [7b88ca7b-bd9b-4a64-8114-d91a9b2f31f1@group-43E39F6D4740-LeaderElection171] INFO  server.RaftServerConfigKeys (ConfUtils.java:logGet(43)) - raft.server.rpc.request.timeout = 3000ms (default)
2019-10-21 21:55:57,110 [7b88ca7b-bd9b-4a64-8114-d91a9b2f31f1@group-43E39F6D4740-LeaderElection171] INFO  server.RaftServerConfigKeys (ConfUtils.java:logGet(43)) - raft.server.log.appender.install.snapshot.enabled = false (custom)
2019-10-21 21:55:57,112 [c24b6cc2-153d-4b64-a24d-9eaa76f76215@group-D1A5675E21EC-LeaderElection169] INFO  impl.RoleInfo (RoleInfo.java:updateAndGet(143)) - c24b6cc2-153d-4b64-a24d-9eaa76f76215: start LeaderState
2019-10-21 21:55:57,112 [7b88ca7b-bd9b-4a64-8114-d91a9b2f31f1@group-43E39F6D4740-LeaderElection171] INFO  impl.RoleInfo (RoleInfo.java:updateAndGet(143)) - 7b88ca7b-bd9b-4a64-8114-d91a9b2f31f1: start LeaderState
2019-10-21 21:55:57,112 [c24b6cc2-153d-4b64-a24d-9eaa76f76215@group-D1A5675E21EC-LeaderElection169] INFO  segmented.SegmentedRaftLogWorker (SegmentedRaftLogWorker.java:startLogSegment(385)) - c24b6cc2-153d-4b64-a24d-9eaa76f76215@group-D1A5675E21EC-SegmentedRaftLogWorker: Starting segment from index:0
2019-10-21 21:55:57,112 [7b88ca7b-bd9b-4a64-8114-d91a9b2f31f1@group-43E39F6D4740-LeaderElection171] INFO  segmented.SegmentedRaftLogWorker (SegmentedRaftLogWorker.java:startLogSegment(385)) - 7b88ca7b-bd9b-4a64-8114-d91a9b2f31f1@group-43E39F6D4740-SegmentedRaftLogWorker: Starting segment from index:0
2019-10-21 21:55:57,113 [c24b6cc2-153d-4b64-a24d-9eaa76f76215@group-D1A5675E21EC-LeaderElection169] INFO  impl.RaftServerImpl (ServerState.java:setRaftConf(357)) - c24b6cc2-153d-4b64-a24d-9eaa76f76215@group-D1A5675E21EC: set configuration 0: [c24b6cc2-153d-4b64-a24d-9eaa76f76215:192.168.69.92:44123, 369f1351-eca5-492b-a682-1c26748f74ad:192.168.69.92:44343, 25026a40-ec59-48c3-bdd0-cf5c1bf30c8c:192.168.69.92:38000], old=null at 0
2019-10-21 21:55:57,113 [7b88ca7b-bd9b-4a64-8114-d91a9b2f31f1@group-43E39F6D4740-LeaderElection171] INFO  impl.RaftServerImpl (ServerState.java:setRaftConf(357)) - 7b88ca7b-bd9b-4a64-8114-d91a9b2f31f1@group-43E39F6D4740: set configuration 0: [7b88ca7b-bd9b-4a64-8114-d91a9b2f31f1:192.168.69.92:38504, 590972a8-254a-4d11-9ee4-9846de224337:192.168.69.92:35899, 8d79625f-2c74-448d-b811-8fe783a575f1:192.168.69.92:35698], old=null at 0
2019-10-21 21:55:57,114 [grpc-default-executor-7] INFO  impl.RaftServerImpl (ServerState.java:setLeader(256)) - 7b88ca7b-bd9b-4a64-8114-d91a9b2f31f1@group-43E39F6D4740: change Leader from 7b88ca7b-bd9b-4a64-8114-d91a9b2f31f1 to null at term 3 for updateCurrentTerm
2019-10-21 21:55:57,114 [grpc-default-executor-7] INFO  impl.RaftServerImpl (RaftServerImpl.java:setRole(184)) - 7b88ca7b-bd9b-4a64-8114-d91a9b2f31f1@group-43E39F6D4740: changes role from    LEADER to FOLLOWER at term 3 for recognizeCandidate:8d79625f-2c74-448d-b811-8fe783a575f1
2019-10-21 21:55:57,114 [grpc-default-executor-7] INFO  impl.RoleInfo (RoleInfo.java:shutdownLeaderState(104)) - 7b88ca7b-bd9b-4a64-8114-d91a9b2f31f1: shutdown LeaderState
2019-10-21 21:55:57,153 [grpc-default-executor-7] INFO  impl.PendingRequests (PendingRequests.java:sendNotLeaderResponses(202)) - 7b88ca7b-bd9b-4a64-8114-d91a9b2f31f1@group-43E39F6D4740-PendingRequests: sendNotLeaderResponses
2019-10-21 21:55:57,154 [grpc-default-executor-7] INFO  impl.RoleInfo (RoleInfo.java:updateAndGet(143)) - 7b88ca7b-bd9b-4a64-8114-d91a9b2f31f1: start FollowerState
2019-10-21 21:55:57,154 [grpc-default-executor-4] INFO  impl.RaftServerImpl (ServerState.java:setLeader(256)) - 25026a40-ec59-48c3-bdd0-cf5c1bf30c8c@group-D1A5675E21EC: change Leader from null to c24b6cc2-153d-4b64-a24d-9eaa76f76215 at term 3 for appendEntries, leader elected after 563ms
2019-10-21 21:55:57,154 [org.apache.ratis.server.impl.LogAppender$AppenderDaemon$$Lambda$450/1920685015@6eb096ea] WARN  server.GrpcLogAppender (GrpcLogAppender.java:mayWait(149)) - 7b88ca7b-bd9b-4a64-8114-d91a9b2f31f1@group-43E39F6D4740->8d79625f-2c74-448d-b811-8fe783a575f1-GrpcLogAppender: Wait interrupted by java.lang.InterruptedException
2019-10-21 21:55:57,154 [org.apache.ratis.server.impl.LogAppender$AppenderDaemon$$Lambda$450/1920685015@3fdb874b] WARN  server.GrpcLogAppender (GrpcLogAppender.java:mayWait(149)) - 7b88ca7b-bd9b-4a64-8114-d91a9b2f31f1@group-43E39F6D4740->590972a8-254a-4d11-9ee4-9846de224337-GrpcLogAppender: Wait interrupted by java.lang.InterruptedException
2019-10-21 21:55:57,155 [8d79625f-2c74-448d-b811-8fe783a575f1@group-43E39F6D4740-LeaderElection170] INFO  impl.LeaderElection (LeaderElection.java:logAndReturn(56)) - 8d79625f-2c74-448d-b811-8fe783a575f1@group-43E39F6D4740-LeaderElection170: Election PASSED; received 1 response(s) [8d79625f-2c74-448d-b811-8fe783a575f1<-590972a8-254a-4d11-9ee4-9846de224337#0:OK-t3] and 0 exception(s); 8d79625f-2c74-448d-b811-8fe783a575f1@group-43E39F6D4740:t3, leader=null, voted=8d79625f-2c74-448d-b811-8fe783a575f1, raftlog=8d79625f-2c74-448d-b811-8fe783a575f1@group-43E39F6D4740-SegmentedRaftLog:OPENED:c-1,f-1,i0, conf=-1: [7b88ca7b-bd9b-4a64-8114-d91a9b2f31f1:192.168.69.92:38504, 590972a8-254a-4d11-9ee4-9846de224337:192.168.69.92:35899, 8d79625f-2c74-448d-b811-8fe783a575f1:192.168.69.92:35698], old=null
2019-10-21 21:55:57,155 [grpc-default-executor-6] INFO  server.GrpcServerProtocolService (GrpcServerProtocolService.java:onCompleted(113)) - 8d79625f-2c74-448d-b811-8fe783a575f1: Completed APPEND_ENTRIES, lastRequest: 7b88ca7b-bd9b-4a64-8114-d91a9b2f31f1->8d79625f-2c74-448d-b811-8fe783a575f1#0-t2, previous=(t:0, i:0), leaderCommit=-1, initializing? false, entries: <empty>
2019-10-21 21:55:57,155 [grpc-default-executor-0] INFO  impl.RaftServerImpl (ServerState.java:setLeader(256)) - 369f1351-eca5-492b-a682-1c26748f74ad@group-D1A5675E21EC: change Leader from null to c24b6cc2-153d-4b64-a24d-9eaa76f76215 at term 3 for appendEntries, leader elected after 121ms
2019-10-21 21:55:57,155 [grpc-default-executor-5] INFO  server.GrpcServerProtocolService (GrpcServerProtocolService.java:onCompleted(113)) - 590972a8-254a-4d11-9ee4-9846de224337: Completed APPEND_ENTRIES, lastRequest: 7b88ca7b-bd9b-4a64-8114-d91a9b2f31f1->590972a8-254a-4d11-9ee4-9846de224337#0-t2, previous=(t:0, i:0), leaderCommit=-1, initializing? false, entries: <empty>
2019-10-21 21:55:57,155 [8d79625f-2c74-448d-b811-8fe783a575f1@group-43E39F6D4740-LeaderElection170] INFO  impl.RoleInfo (RoleInfo.java:shutdownLeaderElection(134)) - 8d79625f-2c74-448d-b811-8fe783a575f1: shutdown LeaderElection
2019-10-21 21:55:57,156 [8d79625f-2c74-448d-b811-8fe783a575f1@group-43E39F6D4740-LeaderElection170] INFO  impl.RaftServerImpl (RaftServerImpl.java:setRole(184)) - 8d79625f-2c74-448d-b811-8fe783a575f1@group-43E39F6D4740: changes role from CANDIDATE to LEADER at term 3 for changeToLeader
2019-10-21 21:55:57,156 [8d79625f-2c74-448d-b811-8fe783a575f1@group-43E39F6D4740-LeaderElection170] INFO  impl.RaftServerImpl (ServerState.java:setLeader(256)) - 8d79625f-2c74-448d-b811-8fe783a575f1@group-43E39F6D4740: change Leader from null to 8d79625f-2c74-448d-b811-8fe783a575f1 at term 3 for becomeLeader, leader elected after 508ms
2019-10-21 21:55:57,156 [8d79625f-2c74-448d-b811-8fe783a575f1@group-43E39F6D4740-LeaderElection170] INFO  server.RaftServerConfigKeys (ConfUtils.java:logGet(43)) - raft.server.staging.catchup.gap = 1000 (default)
2019-10-21 21:55:57,156 [8d79625f-2c74-448d-b811-8fe783a575f1@group-43E39F6D4740-LeaderElection170] INFO  server.RaftServerConfigKeys (ConfUtils.java:logGet(43)) - raft.server.rpc.sleep.time = 25ms (default)
2019-10-21 21:55:57,156 [8d79625f-2c74-448d-b811-8fe783a575f1@group-43E39F6D4740-LeaderElection170] INFO  server.RaftServerConfigKeys (ConfUtils.java:logGet(43)) - raft.server.write.element-limit = 4096 (default)
2019-10-21 21:55:57,156 [8d79625f-2c74-448d-b811-8fe783a575f1@group-43E39F6D4740-LeaderElection170] INFO  server.RaftServerConfigKeys (ConfUtils.java:logGet(43)) - raft.server.watch.timeout = 10s (default)
2019-10-21 21:55:57,157 [8d79625f-2c74-448d-b811-8fe783a575f1@group-43E39F6D4740-LeaderElection170] INFO  server.RaftServerConfigKeys (ConfUtils.java:logGet(43)) - raft.server.watch.timeout.denomination = 1s (default)
2019-10-21 21:55:57,157 [8d79625f-2c74-448d-b811-8fe783a575f1@group-43E39F6D4740-LeaderElection170] INFO  server.RaftServerConfigKeys (ConfUtils.java:logGet(43)) - raft.server.watch.element-limit = 65536 (default)
2019-10-21 21:55:57,157 [grpc-default-executor-5] INFO  impl.RaftServerImpl (ServerState.java:setRaftConf(357)) - 25026a40-ec59-48c3-bdd0-cf5c1bf30c8c@group-D1A5675E21EC: set configuration 0: [c24b6cc2-153d-4b64-a24d-9eaa76f76215:192.168.69.92:44123, 369f1351-eca5-492b-a682-1c26748f74ad:192.168.69.92:44343, 25026a40-ec59-48c3-bdd0-cf5c1bf30c8c:192.168.69.92:38000], old=null at 0
2019-10-21 21:55:57,157 [grpc-default-executor-5] INFO  segmented.SegmentedRaftLogWorker (SegmentedRaftLogWorker.java:startLogSegment(385)) - 25026a40-ec59-48c3-bdd0-cf5c1bf30c8c@group-D1A5675E21EC-SegmentedRaftLogWorker: Starting segment from index:0
2019-10-21 21:55:57,157 [grpc-default-executor-0] INFO  impl.RaftServerImpl (ServerState.java:setRaftConf(357)) - 369f1351-eca5-492b-a682-1c26748f74ad@group-D1A5675E21EC: set configuration 0: [c24b6cc2-153d-4b64-a24d-9eaa76f76215:192.168.69.92:44123, 369f1351-eca5-492b-a682-1c26748f74ad:192.168.69.92:44343, 25026a40-ec59-48c3-bdd0-cf5c1bf30c8c:192.168.69.92:38000], old=null at 0
2019-10-21 21:55:57,158 [grpc-default-executor-0] INFO  segmented.SegmentedRaftLogWorker (SegmentedRaftLogWorker.java:truncate(401)) - 369f1351-eca5-492b-a682-1c26748f74ad@group-D1A5675E21EC-SegmentedRaftLogWorker: Truncating segments toTruncate: null
  toDelete: [(0, 0) isOpen? true, length=0, newEndIndex=-1], start index 0
2019-10-21 21:55:57,158 [8d79625f-2c74-448d-b811-8fe783a575f1@group-43E39F6D4740-LeaderElection170] INFO  server.RaftServerConfigKeys (ConfUtils.java:logGet(43)) - raft.server.log.appender.snapshot.chunk.size.max = 16MB (=16777216) (default)
2019-10-21 21:55:57,158 [grpc-default-executor-0] INFO  segmented.SegmentedRaftLogWorker (SegmentedRaftLogWorker.java:startLogSegment(385)) - 369f1351-eca5-492b-a682-1c26748f74ad@group-D1A5675E21EC-SegmentedRaftLogWorker: Starting segment from index:0
2019-10-21 21:55:57,158 [8d79625f-2c74-448d-b811-8fe783a575f1@group-43E39F6D4740-LeaderElection170] INFO  server.RaftServerConfigKeys (ConfUtils.java:logGet(43)) - raft.server.log.appender.buffer.byte-limit = 33554432 (custom)
2019-10-21 21:55:57,158 [369f1351-eca5-492b-a682-1c26748f74ad@group-D1A5675E21EC-SegmentedRaftLogWorker] INFO  segmented.SegmentedRaftLogWorker (SegmentedRaftLogWorker.java:execute(640)) - 369f1351-eca5-492b-a682-1c26748f74ad@group-D1A5675E21EC-SegmentedRaftLogWorker: Deleted log file /workdir/hadoop-ozone/integration-test/target/test-dir/MiniOzoneClusterImpl-f9df1159-a46e-43dd-90f7-e431812950fc/datanode-9/data/ratis/7f5309d2-d201-4158-8f66-d1a5675e21ec/current/log_inprogress_0
2019-10-21 21:55:57,158 [8d79625f-2c74-448d-b811-8fe783a575f1@group-43E39F6D4740-LeaderElection170] INFO  server.RaftServerConfigKeys (ConfUtils.java:logGet(43)) - raft.server.log.appender.buffer.element-limit = 1 (custom)
2019-10-21 21:55:57,158 [369f1351-eca5-492b-a682-1c26748f74ad@group-D1A5675E21EC-SegmentedRaftLogWorker] INFO  segmented.SegmentedRaftLogWorker (SegmentedRaftLogWorker.java:lambda$new$0(128)) - 369f1351-eca5-492b-a682-1c26748f74ad@group-D1A5675E21EC-SegmentedRaftLogWorker: flushIndex: setUnconditionally 0 -> -1
2019-10-21 21:55:57,159 [8d79625f-2c74-448d-b811-8fe783a575f1@group-43E39F6D4740-LeaderElection170] INFO  grpc.GrpcConfigKeys$Server (ConfUtils.java:logGet(43)) - raft.grpc.server.leader.outstanding.appends.max = 128 (default)
2019-10-21 21:55:57,159 [8d79625f-2c74-448d-b811-8fe783a575f1@group-43E39F6D4740-LeaderElection170] INFO  server.RaftServerConfigKeys (ConfUtils.java:logGet(43)) - raft.server.rpc.request.timeout = 3000ms (default)
2019-10-21 21:55:57,159 [8d79625f-2c74-448d-b811-8fe783a575f1@group-43E39F6D4740-LeaderElection170] INFO  server.RaftServerConfigKeys (ConfUtils.java:logGet(43)) - raft.server.log.appender.install.snapshot.enabled = false (custom)
2019-10-21 21:55:57,161 [8d79625f-2c74-448d-b811-8fe783a575f1@group-43E39F6D4740-LeaderElection170] INFO  server.RaftServerConfigKeys (ConfUtils.java:logGet(43)) - raft.server.log.appender.snapshot.chunk.size.max = 16MB (=16777216) (default)
2019-10-21 21:55:57,161 [8d79625f-2c74-448d-b811-8fe783a575f1@group-43E39F6D4740-LeaderElection170] INFO  server.RaftServerConfigKeys (ConfUtils.java:logGet(43)) - raft.server.log.appender.buffer.byte-limit = 33554432 (custom)
2019-10-21 21:55:57,161 [8d79625f-2c74-448d-b811-8fe783a575f1@group-43E39F6D4740-LeaderElection170] INFO  server.RaftServerConfigKeys (ConfUtils.java:logGet(43)) - raft.server.log.appender.buffer.element-limit = 1 (custom)
2019-10-21 21:55:57,161 [8d79625f-2c74-448d-b811-8fe783a575f1@group-43E39F6D4740-LeaderElection170] INFO  grpc.GrpcConfigKeys$Server (ConfUtils.java:logGet(43)) - raft.grpc.server.leader.outstanding.appends.max = 128 (default)
2019-10-21 21:55:57,162 [8d79625f-2c74-448d-b811-8fe783a575f1@group-43E39F6D4740-LeaderElection170] INFO  server.RaftServerConfigKeys (ConfUtils.java:logGet(43)) - raft.server.rpc.request.timeout = 3000ms (default)
2019-10-21 21:55:57,162 [8d79625f-2c74-448d-b811-8fe783a575f1@group-43E39F6D4740-LeaderElection170] INFO  server.RaftServerConfigKeys (ConfUtils.java:logGet(43)) - raft.server.log.appender.install.snapshot.enabled = false (custom)
2019-10-21 21:55:57,164 [8d79625f-2c74-448d-b811-8fe783a575f1@group-43E39F6D4740-LeaderElection170] INFO  impl.RoleInfo (RoleInfo.java:updateAndGet(143)) - 8d79625f-2c74-448d-b811-8fe783a575f1: start LeaderState
2019-10-21 21:55:57,164 [8d79625f-2c74-448d-b811-8fe783a575f1@group-43E39F6D4740-LeaderElection170] INFO  segmented.SegmentedRaftLogWorker (SegmentedRaftLogWorker.java:startLogSegment(385)) - 8d79625f-2c74-448d-b811-8fe783a575f1@group-43E39F6D4740-SegmentedRaftLogWorker: Starting segment from index:0
2019-10-21 21:55:57,165 [8d79625f-2c74-448d-b811-8fe783a575f1@group-43E39F6D4740-LeaderElection170] INFO  impl.RaftServerImpl (ServerState.java:setRaftConf(357)) - 8d79625f-2c74-448d-b811-8fe783a575f1@group-43E39F6D4740: set configuration 0: [7b88ca7b-bd9b-4a64-8114-d91a9b2f31f1:192.168.69.92:38504, 590972a8-254a-4d11-9ee4-9846de224337:192.168.69.92:35899, 8d79625f-2c74-448d-b811-8fe783a575f1:192.168.69.92:35698], old=null at 0
2019-10-21 21:55:57,196 [7b88ca7b-bd9b-4a64-8114-d91a9b2f31f1@group-43E39F6D4740-SegmentedRaftLogWorker] INFO  segmented.SegmentedRaftLogWorker (SegmentedRaftLogWorker.java:execute(576)) - 7b88ca7b-bd9b-4a64-8114-d91a9b2f31f1@group-43E39F6D4740-SegmentedRaftLogWorker: created new log segment /workdir/hadoop-ozone/integration-test/target/test-dir/MiniOzoneClusterImpl-f9df1159-a46e-43dd-90f7-e431812950fc/datanode-0/data/ratis/db4d59e7-2968-4e82-823f-43e39f6d4740/current/log_inprogress_0
2019-10-21 21:55:57,196 [c24b6cc2-153d-4b64-a24d-9eaa76f76215@group-D1A5675E21EC-SegmentedRaftLogWorker] INFO  segmented.SegmentedRaftLogWorker (SegmentedRaftLogWorker.java:execute(576)) - c24b6cc2-153d-4b64-a24d-9eaa76f76215@group-D1A5675E21EC-SegmentedRaftLogWorker: created new log segment /workdir/hadoop-ozone/integration-test/target/test-dir/MiniOzoneClusterImpl-f9df1159-a46e-43dd-90f7-e431812950fc/datanode-6/data/ratis/7f5309d2-d201-4158-8f66-d1a5675e21ec/current/log_inprogress_0
2019-10-21 21:55:57,195 [main] INFO  ozone.MiniOzoneClusterImpl (MiniOzoneClusterImpl.java:lambda$waitForClusterToBeReady$0(147)) - Cluster is ready. Got 10 of 10 DN Heartbeats.
2019-10-21 21:55:57,196 [grpc-default-executor-2] INFO  server.GrpcLogAppender (GrpcLogAppender.java:onCompleted(308)) - 7b88ca7b-bd9b-4a64-8114-d91a9b2f31f1@group-43E39F6D4740->8d79625f-2c74-448d-b811-8fe783a575f1-AppendLogResponseHandler: follower responses appendEntries COMPLETED
2019-10-21 21:55:57,196 [grpc-default-executor-4] INFO  server.GrpcLogAppender (GrpcLogAppender.java:onCompleted(308)) - 7b88ca7b-bd9b-4a64-8114-d91a9b2f31f1@group-43E39F6D4740->590972a8-254a-4d11-9ee4-9846de224337-AppendLogResponseHandler: follower responses appendEntries COMPLETED
2019-10-21 21:55:57,200 [grpc-default-executor-2] INFO  impl.FollowerInfo (FollowerInfo.java:lambda$new$0(51)) - 7b88ca7b-bd9b-4a64-8114-d91a9b2f31f1@group-43E39F6D4740->8d79625f-2c74-448d-b811-8fe783a575f1: nextIndex: updateUnconditionally 0 -> 0
2019-10-21 21:55:57,202 [grpc-default-executor-7] INFO  impl.RaftServerImpl (ServerState.java:setLeader(256)) - 7b88ca7b-bd9b-4a64-8114-d91a9b2f31f1@group-43E39F6D4740: change Leader from null to 8d79625f-2c74-448d-b811-8fe783a575f1 at term 3 for appendEntries, leader elected after 88ms
2019-10-21 21:55:57,202 [grpc-default-executor-2] INFO  impl.RaftServerImpl (ServerState.java:setLeader(256)) - 590972a8-254a-4d11-9ee4-9846de224337@group-43E39F6D4740: change Leader from null to 8d79625f-2c74-448d-b811-8fe783a575f1 at term 3 for appendEntries, leader elected after 553ms
2019-10-21 21:55:57,202 [grpc-default-executor-4] INFO  impl.FollowerInfo (FollowerInfo.java:lambda$new$0(51)) - 7b88ca7b-bd9b-4a64-8114-d91a9b2f31f1@group-43E39F6D4740->590972a8-254a-4d11-9ee4-9846de224337: nextIndex: updateUnconditionally 0 -> 0
2019-10-21 21:55:57,204 [grpc-default-executor-2] INFO  impl.RaftServerImpl (ServerState.java:setRaftConf(357)) - 7b88ca7b-bd9b-4a64-8114-d91a9b2f31f1@group-43E39F6D4740: set configuration 0: [7b88ca7b-bd9b-4a64-8114-d91a9b2f31f1:192.168.69.92:38504, 590972a8-254a-4d11-9ee4-9846de224337:192.168.69.92:35899, 8d79625f-2c74-448d-b811-8fe783a575f1:192.168.69.92:35698], old=null at 0
2019-10-21 21:55:57,204 [grpc-default-executor-4] INFO  impl.RaftServerImpl (ServerState.java:setRaftConf(357)) - 590972a8-254a-4d11-9ee4-9846de224337@group-43E39F6D4740: set configuration 0: [7b88ca7b-bd9b-4a64-8114-d91a9b2f31f1:192.168.69.92:38504, 590972a8-254a-4d11-9ee4-9846de224337:192.168.69.92:35899, 8d79625f-2c74-448d-b811-8fe783a575f1:192.168.69.92:35698], old=null at 0
2019-10-21 21:55:57,204 [grpc-default-executor-2] INFO  segmented.SegmentedRaftLogWorker (SegmentedRaftLogWorker.java:truncate(401)) - 7b88ca7b-bd9b-4a64-8114-d91a9b2f31f1@group-43E39F6D4740-SegmentedRaftLogWorker: Truncating segments toTruncate: null
  toDelete: [(0, 0) isOpen? true, length=0, newEndIndex=-1], start index 0
2019-10-21 21:55:57,204 [grpc-default-executor-4] INFO  segmented.SegmentedRaftLogWorker (SegmentedRaftLogWorker.java:startLogSegment(385)) - 590972a8-254a-4d11-9ee4-9846de224337@group-43E39F6D4740-SegmentedRaftLogWorker: Starting segment from index:0
2019-10-21 21:55:57,204 [grpc-default-executor-2] INFO  segmented.SegmentedRaftLogWorker (SegmentedRaftLogWorker.java:startLogSegment(385)) - 7b88ca7b-bd9b-4a64-8114-d91a9b2f31f1@group-43E39F6D4740-SegmentedRaftLogWorker: Starting segment from index:0
2019-10-21 21:55:57,237 [369f1351-eca5-492b-a682-1c26748f74ad@group-D1A5675E21EC-SegmentedRaftLogWorker] INFO  segmented.SegmentedRaftLogWorker (SegmentedRaftLogWorker.java:execute(576)) - 369f1351-eca5-492b-a682-1c26748f74ad@group-D1A5675E21EC-SegmentedRaftLogWorker: created new log segment /workdir/hadoop-ozone/integration-test/target/test-dir/MiniOzoneClusterImpl-f9df1159-a46e-43dd-90f7-e431812950fc/datanode-9/data/ratis/7f5309d2-d201-4158-8f66-d1a5675e21ec/current/log_inprogress_0
2019-10-21 21:55:57,237 [25026a40-ec59-48c3-bdd0-cf5c1bf30c8c@group-D1A5675E21EC-SegmentedRaftLogWorker] INFO  segmented.SegmentedRaftLogWorker (SegmentedRaftLogWorker.java:execute(576)) - 25026a40-ec59-48c3-bdd0-cf5c1bf30c8c@group-D1A5675E21EC-SegmentedRaftLogWorker: created new log segment /workdir/hadoop-ozone/integration-test/target/test-dir/MiniOzoneClusterImpl-f9df1159-a46e-43dd-90f7-e431812950fc/datanode-3/data/ratis/7f5309d2-d201-4158-8f66-d1a5675e21ec/current/log_inprogress_0
2019-10-21 21:55:57,237 [7b88ca7b-bd9b-4a64-8114-d91a9b2f31f1@group-43E39F6D4740-SegmentedRaftLogWorker] INFO  segmented.SegmentedRaftLogWorker (SegmentedRaftLogWorker.java:execute(640)) - 7b88ca7b-bd9b-4a64-8114-d91a9b2f31f1@group-43E39F6D4740-SegmentedRaftLogWorker: Deleted log file /workdir/hadoop-ozone/integration-test/target/test-dir/MiniOzoneClusterImpl-f9df1159-a46e-43dd-90f7-e431812950fc/datanode-0/data/ratis/db4d59e7-2968-4e82-823f-43e39f6d4740/current/log_inprogress_0
2019-10-21 21:55:57,237 [8d79625f-2c74-448d-b811-8fe783a575f1@group-43E39F6D4740-SegmentedRaftLogWorker] INFO  segmented.SegmentedRaftLogWorker (SegmentedRaftLogWorker.java:execute(576)) - 8d79625f-2c74-448d-b811-8fe783a575f1@group-43E39F6D4740-SegmentedRaftLogWorker: created new log segment /workdir/hadoop-ozone/integration-test/target/test-dir/MiniOzoneClusterImpl-f9df1159-a46e-43dd-90f7-e431812950fc/datanode-2/data/ratis/db4d59e7-2968-4e82-823f-43e39f6d4740/current/log_inprogress_0
2019-10-21 21:55:57,237 [7b88ca7b-bd9b-4a64-8114-d91a9b2f31f1@group-43E39F6D4740-SegmentedRaftLogWorker] INFO  segmented.SegmentedRaftLogWorker (SegmentedRaftLogWorker.java:lambda$new$0(128)) - 7b88ca7b-bd9b-4a64-8114-d91a9b2f31f1@group-43E39F6D4740-SegmentedRaftLogWorker: flushIndex: setUnconditionally 0 -> -1
2019-10-21 21:55:57,265 [590972a8-254a-4d11-9ee4-9846de224337@group-43E39F6D4740-SegmentedRaftLogWorker] INFO  segmented.SegmentedRaftLogWorker (SegmentedRaftLogWorker.java:execute(576)) - 590972a8-254a-4d11-9ee4-9846de224337@group-43E39F6D4740-SegmentedRaftLogWorker: created new log segment /workdir/hadoop-ozone/integration-test/target/test-dir/MiniOzoneClusterImpl-f9df1159-a46e-43dd-90f7-e431812950fc/datanode-7/data/ratis/db4d59e7-2968-4e82-823f-43e39f6d4740/current/log_inprogress_0
2019-10-21 21:55:57,280 [7b88ca7b-bd9b-4a64-8114-d91a9b2f31f1@group-43E39F6D4740-SegmentedRaftLogWorker] INFO  segmented.SegmentedRaftLogWorker (SegmentedRaftLogWorker.java:execute(576)) - 7b88ca7b-bd9b-4a64-8114-d91a9b2f31f1@group-43E39F6D4740-SegmentedRaftLogWorker: created new log segment /workdir/hadoop-ozone/integration-test/target/test-dir/MiniOzoneClusterImpl-f9df1159-a46e-43dd-90f7-e431812950fc/datanode-0/data/ratis/db4d59e7-2968-4e82-823f-43e39f6d4740/current/log_inprogress_0
2019-10-21 21:55:57,282 [main] INFO  rpc.RpcClient (RpcClient.java:createVolume(289)) - Creating Volume: datanodefailurehandlingtest, with jenkins1000 as owner.
2019-10-21 21:55:57,286 [IPC Server handler 2 on 42360] INFO  volume.OMVolumeCreateRequest (OMVolumeCreateRequest.java:validateAndUpdateCache(193)) - created volume:datanodefailurehandlingtest for user:jenkins1000
2019-10-21 21:55:57,297 [main] INFO  rpc.RpcClient (RpcClient.java:createBucket(428)) - Creating Bucket: datanodefailurehandlingtest/datanodefailurehandlingtest, with Versioning false and Storage Type set to DISK and Encryption set to false 
2019-10-21 21:55:57,564 [EventQueue-CloseContainerForCloseContainerEventHandler] INFO  container.CloseContainerEventHandler (CloseContainerEventHandler.java:onMessage(61)) - Close container Event triggered for container : #1
2019-10-21 21:55:57,568 [EventQueue-CloseContainerForCloseContainerEventHandler] INFO  container.CloseContainerEventHandler (CloseContainerEventHandler.java:onMessage(61)) - Close container Event triggered for container : #1
2019-10-21 21:55:57,568 [EventQueue-CloseContainerForCloseContainerEventHandler] INFO  container.CloseContainerEventHandler (CloseContainerEventHandler.java:onMessage(61)) - Close container Event triggered for container : #1
2019-10-21 21:55:58,586 [Thread-1880] INFO  container.ReplicationManager (ReplicationManager.java:start(162)) - Starting Replication Monitor Thread.
2019-10-21 21:55:58,592 [ReplicationMonitor] INFO  container.ReplicationManager (ReplicationManager.java:sendCloseCommand(659)) - Sending close container command for container #1 to datanode 149f4235-2e38-4d95-abe8-6ba232811729{ip: 192.168.69.92, host: pr-hdds-2240-577ml-2645996955, networkLocation: /rack1, certSerialId: null}.
2019-10-21 21:55:58,592 [ReplicationMonitor] INFO  container.ReplicationManager (ReplicationManager.java:sendCloseCommand(659)) - Sending close container command for container #1 to datanode 7c4ddf80-db3d-4d0c-b4eb-75f8718eed44{ip: 192.168.69.92, host: pr-hdds-2240-577ml-2645996955, networkLocation: /rack1, certSerialId: null}.
2019-10-21 21:55:58,592 [ReplicationMonitor] INFO  container.ReplicationManager (ReplicationManager.java:sendCloseCommand(659)) - Sending close container command for container #1 to datanode 683a42e8-804c-4291-9261-2bc66677cfab{ip: 192.168.69.92, host: pr-hdds-2240-577ml-2645996955, networkLocation: /rack1, certSerialId: null}.
2019-10-21 21:55:58,592 [ReplicationMonitor] INFO  container.ReplicationManager (ReplicationManager.java:run(225)) - Replication Monitor Thread took 2 milliseconds for processing 1 containers.
2019-10-21 21:55:58,953 [RatisApplyTransactionExecutor 1] INFO  interfaces.Container (KeyValueContainer.java:flushAndSyncDB(386)) - Container 1 is synced with bcsId 3.
2019-10-21 21:55:58,953 [RatisApplyTransactionExecutor 1] INFO  interfaces.Container (KeyValueContainer.java:flushAndSyncDB(386)) - Container 1 is synced with bcsId 3.
2019-10-21 21:55:58,954 [RatisApplyTransactionExecutor 1] INFO  interfaces.Container (KeyValueContainer.java:flushAndSyncDB(386)) - Container 1 is synced with bcsId 3.
2019-10-21 21:55:58,954 [RatisApplyTransactionExecutor 1] INFO  interfaces.Container (KeyValueContainer.java:flushAndSyncDB(386)) - Container 1 is synced with bcsId 3.
2019-10-21 21:55:58,957 [RatisApplyTransactionExecutor 1] INFO  interfaces.Container (KeyValueContainer.java:flushAndSyncDB(386)) - Container 1 is synced with bcsId 3.
2019-10-21 21:55:58,957 [RatisApplyTransactionExecutor 1] INFO  interfaces.Container (KeyValueContainer.java:flushAndSyncDB(386)) - Container 1 is synced with bcsId 3.
2019-10-21 21:55:58,973 [RatisApplyTransactionExecutor 1] INFO  interfaces.Container (KeyValueContainer.java:close(335)) - Container 1 is closed with bcsId 3.
2019-10-21 21:55:58,973 [RatisApplyTransactionExecutor 1] INFO  interfaces.Container (KeyValueContainer.java:close(335)) - Container 1 is closed with bcsId 3.
2019-10-21 21:55:58,973 [RatisApplyTransactionExecutor 1] INFO  interfaces.Container (KeyValueContainer.java:close(335)) - Container 1 is closed with bcsId 3.
2019-10-21 21:55:58,974 [EventQueue-IncrementalContainerReportForIncrementalContainerReportHandler] INFO  container.IncrementalContainerReportHandler (AbstractContainerReportHandler.java:updateContainerState(178)) - Moving container #1 to CLOSED state, datanode 683a42e8-804c-4291-9261-2bc66677cfab{ip: 192.168.69.92, host: pr-hdds-2240-577ml-2645996955, networkLocation: /rack1, certSerialId: null} reported CLOSED replica.
21:55:59.078 [grpc-default-executor-4] ERROR DNAudit - user=null | ip=null | op=WRITE_CHUNK {blockData=conID: 1 locID: 103002600722137091 bcsId: 3} | ret=FAILURE
org.apache.hadoop.hdds.scm.container.common.helpers.ContainerNotOpenException: Container 1 in CLOSED state
	at org.apache.hadoop.ozone.container.common.impl.HddsDispatcher.validateContainerCommand(HddsDispatcher.java:436) ~[hadoop-hdds-container-service-0.5.0-SNAPSHOT.jar:?]
	at org.apache.hadoop.ozone.container.common.transport.server.ratis.ContainerStateMachine.startTransaction(ContainerStateMachine.java:320) ~[hadoop-hdds-container-service-0.5.0-SNAPSHOT.jar:?]
	at org.apache.ratis.server.impl.RaftServerImpl.submitClientRequestAsync(RaftServerImpl.java:591) ~[ratis-server-0.5.0-3f446aa-SNAPSHOT.jar:0.5.0-3f446aa-SNAPSHOT]
	at org.apache.ratis.server.impl.RaftServerProxy.lambda$submitClientRequestAsync$7(RaftServerProxy.java:333) ~[ratis-server-0.5.0-3f446aa-SNAPSHOT.jar:0.5.0-3f446aa-SNAPSHOT]
	at org.apache.ratis.server.impl.RaftServerProxy.lambda$null$5(RaftServerProxy.java:328) ~[ratis-server-0.5.0-3f446aa-SNAPSHOT.jar:0.5.0-3f446aa-SNAPSHOT]
	at org.apache.ratis.util.JavaUtils.callAsUnchecked(JavaUtils.java:109) ~[ratis-common-0.5.0-3f446aa-SNAPSHOT.jar:0.5.0-3f446aa-SNAPSHOT]
	at org.apache.ratis.server.impl.RaftServerProxy.lambda$submitRequest$6(RaftServerProxy.java:328) ~[ratis-server-0.5.0-3f446aa-SNAPSHOT.jar:0.5.0-3f446aa-SNAPSHOT]
	at java.util.concurrent.CompletableFuture.uniComposeStage(CompletableFuture.java:981) ~[?:1.8.0_222]
	at java.util.concurrent.CompletableFuture.thenCompose(CompletableFuture.java:2124) ~[?:1.8.0_222]
	at org.apache.ratis.server.impl.RaftServerProxy.submitRequest(RaftServerProxy.java:327) ~[ratis-server-0.5.0-3f446aa-SNAPSHOT.jar:0.5.0-3f446aa-SNAPSHOT]
	at org.apache.ratis.server.impl.RaftServerProxy.submitClientRequestAsync(RaftServerProxy.java:333) ~[ratis-server-0.5.0-3f446aa-SNAPSHOT.jar:0.5.0-3f446aa-SNAPSHOT]
	at org.apache.ratis.grpc.client.GrpcClientProtocolService$RequestStreamObserver.processClientRequest(GrpcClientProtocolService.java:220) ~[ratis-grpc-0.5.0-3f446aa-SNAPSHOT.jar:0.5.0-3f446aa-SNAPSHOT]
	at org.apache.ratis.grpc.client.GrpcClientProtocolService$OrderedRequestStreamObserver.processClientRequest(GrpcClientProtocolService.java:326) ~[ratis-grpc-0.5.0-3f446aa-SNAPSHOT.jar:0.5.0-3f446aa-SNAPSHOT]
	at org.apache.ratis.util.SlidingWindow$Server.processRequestsFromHead(SlidingWindow.java:429) [ratis-common-0.5.0-3f446aa-SNAPSHOT.jar:0.5.0-3f446aa-SNAPSHOT]
	at org.apache.ratis.util.SlidingWindow$Server.receivedRequest(SlidingWindow.java:421) [ratis-common-0.5.0-3f446aa-SNAPSHOT.jar:0.5.0-3f446aa-SNAPSHOT]
	at org.apache.ratis.grpc.client.GrpcClientProtocolService$OrderedRequestStreamObserver.processClientRequest(GrpcClientProtocolService.java:345) [ratis-grpc-0.5.0-3f446aa-SNAPSHOT.jar:0.5.0-3f446aa-SNAPSHOT]
	at org.apache.ratis.grpc.client.GrpcClientProtocolService$RequestStreamObserver.onNext(GrpcClientProtocolService.java:240) [ratis-grpc-0.5.0-3f446aa-SNAPSHOT.jar:0.5.0-3f446aa-SNAPSHOT]
	at org.apache.ratis.grpc.client.GrpcClientProtocolService$RequestStreamObserver.onNext(GrpcClientProtocolService.java:168) [ratis-grpc-0.5.0-3f446aa-SNAPSHOT.jar:0.5.0-3f446aa-SNAPSHOT]
	at org.apache.ratis.thirdparty.io.grpc.stub.ServerCalls$StreamingServerCallHandler$StreamingServerCallListener.onMessage(ServerCalls.java:248) [ratis-thirdparty-misc-0.2.0.jar:0.2.0]
	at org.apache.ratis.thirdparty.io.grpc.internal.ServerCallImpl$ServerStreamListenerImpl.messagesAvailable(ServerCallImpl.java:263) [ratis-thirdparty-misc-0.2.0.jar:0.2.0]
	at org.apache.ratis.thirdparty.io.grpc.internal.ServerImpl$JumpToApplicationThreadServerStreamListener$1MessagesAvailable.runInContext(ServerImpl.java:686) [ratis-thirdparty-misc-0.2.0.jar:0.2.0]
	at org.apache.ratis.thirdparty.io.grpc.internal.ContextRunnable.run(ContextRunnable.java:37) [ratis-thirdparty-misc-0.2.0.jar:0.2.0]
	at org.apache.ratis.thirdparty.io.grpc.internal.SerializingExecutor.run(SerializingExecutor.java:123) [ratis-thirdparty-misc-0.2.0.jar:0.2.0]
	at java.util.concurrent.ThreadPoolExecutor.runWorker(ThreadPoolExecutor.java:1149) [?:1.8.0_222]
	at java.util.concurrent.ThreadPoolExecutor$Worker.run(ThreadPoolExecutor.java:624) [?:1.8.0_222]
	at java.lang.Thread.run(Thread.java:748) [?:1.8.0_222]
21:55:59.119 [grpc-default-executor-4] ERROR DNAudit - user=null | ip=null | op=PUT_BLOCK {blockData=[blockId=conID: 1 locID: 103002600722137091 bcsId: 0,size=2097152]} | ret=FAILURE
org.apache.hadoop.hdds.scm.container.common.helpers.ContainerNotOpenException: Container 1 in CLOSED state
	at org.apache.hadoop.ozone.container.common.impl.HddsDispatcher.validateContainerCommand(HddsDispatcher.java:436) ~[hadoop-hdds-container-service-0.5.0-SNAPSHOT.jar:?]
	at org.apache.hadoop.ozone.container.common.transport.server.ratis.ContainerStateMachine.startTransaction(ContainerStateMachine.java:320) ~[hadoop-hdds-container-service-0.5.0-SNAPSHOT.jar:?]
	at org.apache.ratis.server.impl.RaftServerImpl.submitClientRequestAsync(RaftServerImpl.java:591) ~[ratis-server-0.5.0-3f446aa-SNAPSHOT.jar:0.5.0-3f446aa-SNAPSHOT]
	at org.apache.ratis.server.impl.RaftServerProxy.lambda$submitClientRequestAsync$7(RaftServerProxy.java:333) ~[ratis-server-0.5.0-3f446aa-SNAPSHOT.jar:0.5.0-3f446aa-SNAPSHOT]
	at org.apache.ratis.server.impl.RaftServerProxy.lambda$null$5(RaftServerProxy.java:328) ~[ratis-server-0.5.0-3f446aa-SNAPSHOT.jar:0.5.0-3f446aa-SNAPSHOT]
	at org.apache.ratis.util.JavaUtils.callAsUnchecked(JavaUtils.java:109) ~[ratis-common-0.5.0-3f446aa-SNAPSHOT.jar:0.5.0-3f446aa-SNAPSHOT]
	at org.apache.ratis.server.impl.RaftServerProxy.lambda$submitRequest$6(RaftServerProxy.java:328) ~[ratis-server-0.5.0-3f446aa-SNAPSHOT.jar:0.5.0-3f446aa-SNAPSHOT]
	at java.util.concurrent.CompletableFuture.uniComposeStage(CompletableFuture.java:981) ~[?:1.8.0_222]
	at java.util.concurrent.CompletableFuture.thenCompose(CompletableFuture.java:2124) ~[?:1.8.0_222]
	at org.apache.ratis.server.impl.RaftServerProxy.submitRequest(RaftServerProxy.java:327) ~[ratis-server-0.5.0-3f446aa-SNAPSHOT.jar:0.5.0-3f446aa-SNAPSHOT]
	at org.apache.ratis.server.impl.RaftServerProxy.submitClientRequestAsync(RaftServerProxy.java:333) ~[ratis-server-0.5.0-3f446aa-SNAPSHOT.jar:0.5.0-3f446aa-SNAPSHOT]
	at org.apache.ratis.grpc.client.GrpcClientProtocolService$RequestStreamObserver.processClientRequest(GrpcClientProtocolService.java:220) ~[ratis-grpc-0.5.0-3f446aa-SNAPSHOT.jar:0.5.0-3f446aa-SNAPSHOT]
	at org.apache.ratis.grpc.client.GrpcClientProtocolService$OrderedRequestStreamObserver.processClientRequest(GrpcClientProtocolService.java:326) ~[ratis-grpc-0.5.0-3f446aa-SNAPSHOT.jar:0.5.0-3f446aa-SNAPSHOT]
	at org.apache.ratis.util.SlidingWindow$Server.processRequestsFromHead(SlidingWindow.java:429) [ratis-common-0.5.0-3f446aa-SNAPSHOT.jar:0.5.0-3f446aa-SNAPSHOT]
	at org.apache.ratis.util.SlidingWindow$Server.receivedRequest(SlidingWindow.java:421) [ratis-common-0.5.0-3f446aa-SNAPSHOT.jar:0.5.0-3f446aa-SNAPSHOT]
	at org.apache.ratis.grpc.client.GrpcClientProtocolService$OrderedRequestStreamObserver.processClientRequest(GrpcClientProtocolService.java:345) [ratis-grpc-0.5.0-3f446aa-SNAPSHOT.jar:0.5.0-3f446aa-SNAPSHOT]
	at org.apache.ratis.grpc.client.GrpcClientProtocolService$RequestStreamObserver.onNext(GrpcClientProtocolService.java:240) [ratis-grpc-0.5.0-3f446aa-SNAPSHOT.jar:0.5.0-3f446aa-SNAPSHOT]
	at org.apache.ratis.grpc.client.GrpcClientProtocolService$RequestStreamObserver.onNext(GrpcClientProtocolService.java:168) [ratis-grpc-0.5.0-3f446aa-SNAPSHOT.jar:0.5.0-3f446aa-SNAPSHOT]
	at org.apache.ratis.thirdparty.io.grpc.stub.ServerCalls$StreamingServerCallHandler$StreamingServerCallListener.onMessage(ServerCalls.java:248) [ratis-thirdparty-misc-0.2.0.jar:0.2.0]
	at org.apache.ratis.thirdparty.io.grpc.internal.ServerCallImpl$ServerStreamListenerImpl.messagesAvailable(ServerCallImpl.java:263) [ratis-thirdparty-misc-0.2.0.jar:0.2.0]
	at org.apache.ratis.thirdparty.io.grpc.internal.ServerImpl$JumpToApplicationThreadServerStreamListener$1MessagesAvailable.runInContext(ServerImpl.java:686) [ratis-thirdparty-misc-0.2.0.jar:0.2.0]
	at org.apache.ratis.thirdparty.io.grpc.internal.ContextRunnable.run(ContextRunnable.java:37) [ratis-thirdparty-misc-0.2.0.jar:0.2.0]
	at org.apache.ratis.thirdparty.io.grpc.internal.SerializingExecutor.run(SerializingExecutor.java:123) [ratis-thirdparty-misc-0.2.0.jar:0.2.0]
	at java.util.concurrent.ThreadPoolExecutor.runWorker(ThreadPoolExecutor.java:1149) [?:1.8.0_222]
	at java.util.concurrent.ThreadPoolExecutor$Worker.run(ThreadPoolExecutor.java:624) [?:1.8.0_222]
	at java.lang.Thread.run(Thread.java:748) [?:1.8.0_222]
2019-10-21 21:56:02,175 [java.util.concurrent.ThreadPoolExecutor$Worker@471dad3b[State = -1, empty queue]] WARN  server.GrpcLogAppender (GrpcLogAppender.java:timeoutAppendRequest(209)) - c24b6cc2-153d-4b64-a24d-9eaa76f76215@group-D1A5675E21EC->25026a40-ec59-48c3-bdd0-cf5c1bf30c8c-GrpcLogAppender: appendEntries Timeout, request=c24b6cc2-153d-4b64-a24d-9eaa76f76215->25026a40-ec59-48c3-bdd0-cf5c1bf30c8c#5-t3, previous=(t:3, i:0), leaderCommit=0, initializing? false, entries: size=1, first=(t:3, i:1), STATEMACHINELOGENTRY, client-87020CE4B03C, cid=51
2019-10-21 21:56:02,175 [java.util.concurrent.ThreadPoolExecutor$Worker@1ce14dca[State = -1, empty queue]] WARN  server.GrpcLogAppender (GrpcLogAppender.java:timeoutAppendRequest(209)) - c24b6cc2-153d-4b64-a24d-9eaa76f76215@group-D1A5675E21EC->369f1351-eca5-492b-a682-1c26748f74ad-GrpcLogAppender: appendEntries Timeout, request=c24b6cc2-153d-4b64-a24d-9eaa76f76215->369f1351-eca5-492b-a682-1c26748f74ad#5-t3, previous=(t:3, i:0), leaderCommit=0, initializing? false, entries: size=1, first=(t:3, i:1), STATEMACHINELOGENTRY, client-87020CE4B03C, cid=51
2019-10-21 21:56:02,250 [grpc-default-executor-2] WARN  server.GrpcLogAppender (LogUtils.java:warn(134)) - c24b6cc2-153d-4b64-a24d-9eaa76f76215@group-D1A5675E21EC->25026a40-ec59-48c3-bdd0-cf5c1bf30c8c-AppendLogResponseHandler: Failed appendEntries: org.apache.ratis.thirdparty.io.grpc.StatusRuntimeException: CANCELLED: Failed to read message.
2019-10-21 21:56:02,251 [grpc-default-executor-4] WARN  server.GrpcLogAppender (LogUtils.java:warn(134)) - c24b6cc2-153d-4b64-a24d-9eaa76f76215@group-D1A5675E21EC->369f1351-eca5-492b-a682-1c26748f74ad-AppendLogResponseHandler: Failed appendEntries: org.apache.ratis.thirdparty.io.grpc.StatusRuntimeException: CANCELLED: Failed to read message.
2019-10-21 21:56:02,251 [grpc-default-executor-0] WARN  server.GrpcServerProtocolService (LogUtils.java:warn(134)) - 25026a40-ec59-48c3-bdd0-cf5c1bf30c8c: installSnapshot onError, lastRequest: c24b6cc2-153d-4b64-a24d-9eaa76f76215->25026a40-ec59-48c3-bdd0-cf5c1bf30c8c#11-t3, previous=(t:3, i:1), leaderCommit=0, initializing? false, entries: <empty>: org.apache.ratis.thirdparty.io.grpc.StatusRuntimeException: CANCELLED: cancelled before receiving half close
2019-10-21 21:56:02,251 [grpc-default-executor-5] WARN  server.GrpcServerProtocolService (LogUtils.java:warn(134)) - 369f1351-eca5-492b-a682-1c26748f74ad: installSnapshot onError, lastRequest: c24b6cc2-153d-4b64-a24d-9eaa76f76215->369f1351-eca5-492b-a682-1c26748f74ad#11-t3, previous=(t:3, i:1), leaderCommit=0, initializing? false, entries: <empty>: org.apache.ratis.thirdparty.io.grpc.StatusRuntimeException: CANCELLED: cancelled before receiving half close
2019-10-21 21:56:02,669 [java.util.concurrent.ThreadPoolExecutor$Worker@471dad3b[State = -1, empty queue]] WARN  server.GrpcLogAppender (GrpcLogAppender.java:timeoutAppendRequest(209)) - c24b6cc2-153d-4b64-a24d-9eaa76f76215@group-D1A5675E21EC->25026a40-ec59-48c3-bdd0-cf5c1bf30c8c-GrpcLogAppender: appendEntries Timeout, request=c24b6cc2-153d-4b64-a24d-9eaa76f76215->25026a40-ec59-48c3-bdd0-cf5c1bf30c8c#6-t3, previous=(t:3, i:1), leaderCommit=0, initializing? false, entries: <empty>
2019-10-21 21:56:02,669 [java.util.concurrent.ThreadPoolExecutor$Worker@1ce14dca[State = -1, empty queue]] WARN  server.GrpcLogAppender (GrpcLogAppender.java:timeoutAppendRequest(209)) - c24b6cc2-153d-4b64-a24d-9eaa76f76215@group-D1A5675E21EC->369f1351-eca5-492b-a682-1c26748f74ad-GrpcLogAppender: appendEntries Timeout, request=c24b6cc2-153d-4b64-a24d-9eaa76f76215->369f1351-eca5-492b-a682-1c26748f74ad#6-t3, previous=(t:3, i:1), leaderCommit=0, initializing? false, entries: <empty>
2019-10-21 21:56:03,169 [java.util.concurrent.ThreadPoolExecutor$Worker@471dad3b[State = -1, empty queue]] WARN  server.GrpcLogAppender (GrpcLogAppender.java:timeoutAppendRequest(209)) - c24b6cc2-153d-4b64-a24d-9eaa76f76215@group-D1A5675E21EC->25026a40-ec59-48c3-bdd0-cf5c1bf30c8c-GrpcLogAppender: appendEntries Timeout, request=c24b6cc2-153d-4b64-a24d-9eaa76f76215->25026a40-ec59-48c3-bdd0-cf5c1bf30c8c#7-t3, previous=(t:3, i:1), leaderCommit=0, initializing? false, entries: <empty>
2019-10-21 21:56:03,170 [java.util.concurrent.ThreadPoolExecutor$Worker@1ce14dca[State = -1, empty queue]] WARN  server.GrpcLogAppender (GrpcLogAppender.java:timeoutAppendRequest(209)) - c24b6cc2-153d-4b64-a24d-9eaa76f76215@group-D1A5675E21EC->369f1351-eca5-492b-a682-1c26748f74ad-GrpcLogAppender: appendEntries Timeout, request=c24b6cc2-153d-4b64-a24d-9eaa76f76215->369f1351-eca5-492b-a682-1c26748f74ad#7-t3, previous=(t:3, i:1), leaderCommit=0, initializing? false, entries: <empty>
2019-10-21 21:56:03,670 [java.util.concurrent.ThreadPoolExecutor$Worker@471dad3b[State = -1, empty queue]] WARN  server.GrpcLogAppender (GrpcLogAppender.java:timeoutAppendRequest(209)) - c24b6cc2-153d-4b64-a24d-9eaa76f76215@group-D1A5675E21EC->25026a40-ec59-48c3-bdd0-cf5c1bf30c8c-GrpcLogAppender: appendEntries Timeout, request=c24b6cc2-153d-4b64-a24d-9eaa76f76215->25026a40-ec59-48c3-bdd0-cf5c1bf30c8c#8-t3, previous=(t:3, i:1), leaderCommit=0, initializing? false, entries: <empty>
2019-10-21 21:56:03,670 [java.util.concurrent.ThreadPoolExecutor$Worker@1ce14dca[State = -1, empty queue]] WARN  server.GrpcLogAppender (GrpcLogAppender.java:timeoutAppendRequest(209)) - c24b6cc2-153d-4b64-a24d-9eaa76f76215@group-D1A5675E21EC->369f1351-eca5-492b-a682-1c26748f74ad-GrpcLogAppender: appendEntries Timeout, request=c24b6cc2-153d-4b64-a24d-9eaa76f76215->369f1351-eca5-492b-a682-1c26748f74ad#8-t3, previous=(t:3, i:1), leaderCommit=0, initializing? false, entries: <empty>
2019-10-21 21:56:03,791 [Thread-2013] INFO  impl.FollowerState (FollowerState.java:run(108)) - 25026a40-ec59-48c3-bdd0-cf5c1bf30c8c@group-D1A5675E21EC-FollowerState: change to CANDIDATE, lastRpcTime:1541ms, electionTimeout:1135ms
2019-10-21 21:56:03,791 [Thread-2013] INFO  impl.RoleInfo (RoleInfo.java:shutdownFollowerState(121)) - 25026a40-ec59-48c3-bdd0-cf5c1bf30c8c: shutdown FollowerState
2019-10-21 21:56:03,791 [Thread-2013] INFO  impl.RaftServerImpl (RaftServerImpl.java:setRole(184)) - 25026a40-ec59-48c3-bdd0-cf5c1bf30c8c@group-D1A5675E21EC: changes role from  FOLLOWER to CANDIDATE at term 3 for changeToCandidate
2019-10-21 21:56:03,791 [Thread-2013] INFO  impl.RoleInfo (RoleInfo.java:updateAndGet(143)) - 25026a40-ec59-48c3-bdd0-cf5c1bf30c8c: start LeaderElection
2019-10-21 21:56:03,792 [25026a40-ec59-48c3-bdd0-cf5c1bf30c8c@group-D1A5675E21EC-LeaderElection174] INFO  impl.RaftServerImpl (ServerState.java:setLeader(256)) - 25026a40-ec59-48c3-bdd0-cf5c1bf30c8c@group-D1A5675E21EC: change Leader from c24b6cc2-153d-4b64-a24d-9eaa76f76215 to null at term 3 for initElection
2019-10-21 21:56:03,853 [Thread-2012] INFO  impl.FollowerState (FollowerState.java:run(108)) - 369f1351-eca5-492b-a682-1c26748f74ad@group-D1A5675E21EC-FollowerState: change to CANDIDATE, lastRpcTime:1603ms, electionTimeout:1077ms
2019-10-21 21:56:03,853 [Thread-2012] INFO  impl.RoleInfo (RoleInfo.java:shutdownFollowerState(121)) - 369f1351-eca5-492b-a682-1c26748f74ad: shutdown FollowerState
2019-10-21 21:56:03,853 [Thread-2012] INFO  impl.RaftServerImpl (RaftServerImpl.java:setRole(184)) - 369f1351-eca5-492b-a682-1c26748f74ad@group-D1A5675E21EC: changes role from  FOLLOWER to CANDIDATE at term 3 for changeToCandidate
2019-10-21 21:56:03,854 [Thread-2012] INFO  impl.RoleInfo (RoleInfo.java:updateAndGet(143)) - 369f1351-eca5-492b-a682-1c26748f74ad: start LeaderElection
2019-10-21 21:56:03,854 [369f1351-eca5-492b-a682-1c26748f74ad@group-D1A5675E21EC-LeaderElection175] INFO  impl.RaftServerImpl (ServerState.java:setLeader(256)) - 369f1351-eca5-492b-a682-1c26748f74ad@group-D1A5675E21EC: change Leader from c24b6cc2-153d-4b64-a24d-9eaa76f76215 to null at term 3 for initElection
2019-10-21 21:56:03,871 [25026a40-ec59-48c3-bdd0-cf5c1bf30c8c@group-D1A5675E21EC-LeaderElection174] INFO  impl.LeaderElection (LeaderElection.java:askForVotes(178)) - 25026a40-ec59-48c3-bdd0-cf5c1bf30c8c@group-D1A5675E21EC-LeaderElection174: begin an election at term 4 for 0: [c24b6cc2-153d-4b64-a24d-9eaa76f76215:192.168.69.92:44123, 369f1351-eca5-492b-a682-1c26748f74ad:192.168.69.92:44343, 25026a40-ec59-48c3-bdd0-cf5c1bf30c8c:192.168.69.92:38000], old=null
2019-10-21 21:56:03,873 [grpc-default-executor-0] INFO  impl.RaftServerImpl (ServerState.java:setLeader(256)) - c24b6cc2-153d-4b64-a24d-9eaa76f76215@group-D1A5675E21EC: change Leader from c24b6cc2-153d-4b64-a24d-9eaa76f76215 to null at term 4 for updateCurrentTerm
2019-10-21 21:56:03,873 [grpc-default-executor-0] INFO  impl.RaftServerImpl (RaftServerImpl.java:setRole(184)) - c24b6cc2-153d-4b64-a24d-9eaa76f76215@group-D1A5675E21EC: changes role from    LEADER to FOLLOWER at term 4 for recognizeCandidate:25026a40-ec59-48c3-bdd0-cf5c1bf30c8c
2019-10-21 21:56:03,874 [grpc-default-executor-0] INFO  impl.RoleInfo (RoleInfo.java:shutdownLeaderState(104)) - c24b6cc2-153d-4b64-a24d-9eaa76f76215: shutdown LeaderState
2019-10-21 21:56:03,874 [org.apache.ratis.server.impl.LogAppender$AppenderDaemon$$Lambda$450/1920685015@3f78f9b1] WARN  server.GrpcLogAppender (GrpcLogAppender.java:mayWait(149)) - c24b6cc2-153d-4b64-a24d-9eaa76f76215@group-D1A5675E21EC->25026a40-ec59-48c3-bdd0-cf5c1bf30c8c-GrpcLogAppender: Wait interrupted by java.lang.InterruptedException
2019-10-21 21:56:03,874 [grpc-default-executor-0] INFO  impl.PendingRequests (PendingRequests.java:sendNotLeaderResponses(202)) - c24b6cc2-153d-4b64-a24d-9eaa76f76215@group-D1A5675E21EC-PendingRequests: sendNotLeaderResponses
2019-10-21 21:56:03,874 [org.apache.ratis.server.impl.LogAppender$AppenderDaemon$$Lambda$450/1920685015@6ec2f9a5] WARN  server.GrpcLogAppender (GrpcLogAppender.java:mayWait(149)) - c24b6cc2-153d-4b64-a24d-9eaa76f76215@group-D1A5675E21EC->369f1351-eca5-492b-a682-1c26748f74ad-GrpcLogAppender: Wait interrupted by java.lang.InterruptedException
2019-10-21 21:56:03,878 [369f1351-eca5-492b-a682-1c26748f74ad@group-D1A5675E21EC-LeaderElection175] INFO  impl.LeaderElection (LeaderElection.java:askForVotes(178)) - 369f1351-eca5-492b-a682-1c26748f74ad@group-D1A5675E21EC-LeaderElection175: begin an election at term 4 for 0: [c24b6cc2-153d-4b64-a24d-9eaa76f76215:192.168.69.92:44123, 369f1351-eca5-492b-a682-1c26748f74ad:192.168.69.92:44343, 25026a40-ec59-48c3-bdd0-cf5c1bf30c8c:192.168.69.92:38000], old=null
2019-10-21 21:56:03,878 [grpc-default-executor-0] INFO  impl.RoleInfo (RoleInfo.java:updateAndGet(143)) - c24b6cc2-153d-4b64-a24d-9eaa76f76215: start FollowerState
2019-10-21 21:56:03,892 [grpc-default-executor-2] INFO  impl.RaftServerImpl (RaftServerImpl.java:setRole(184)) - c24b6cc2-153d-4b64-a24d-9eaa76f76215@group-D1A5675E21EC: changes role from  FOLLOWER to FOLLOWER at term 4 for recognizeCandidate:369f1351-eca5-492b-a682-1c26748f74ad
2019-10-21 21:56:03,892 [grpc-default-executor-2] INFO  impl.RoleInfo (RoleInfo.java:shutdownFollowerState(121)) - c24b6cc2-153d-4b64-a24d-9eaa76f76215: shutdown FollowerState
2019-10-21 21:56:03,892 [grpc-default-executor-2] INFO  impl.RoleInfo (RoleInfo.java:updateAndGet(143)) - c24b6cc2-153d-4b64-a24d-9eaa76f76215: start FollowerState
2019-10-21 21:56:03,892 [Thread-2144] INFO  impl.FollowerState (FollowerState.java:run(117)) - c24b6cc2-153d-4b64-a24d-9eaa76f76215@group-D1A5675E21EC-FollowerState was interrupted: java.lang.InterruptedException: sleep interrupted
2019-10-21 21:56:03,893 [25026a40-ec59-48c3-bdd0-cf5c1bf30c8c@group-D1A5675E21EC-LeaderElection174] INFO  impl.LeaderElection (LeaderElection.java:logAndReturn(56)) - 25026a40-ec59-48c3-bdd0-cf5c1bf30c8c@group-D1A5675E21EC-LeaderElection174: Election REJECTED; received 2 response(s) [25026a40-ec59-48c3-bdd0-cf5c1bf30c8c<-c24b6cc2-153d-4b64-a24d-9eaa76f76215#0:FAIL-t4, 25026a40-ec59-48c3-bdd0-cf5c1bf30c8c<-369f1351-eca5-492b-a682-1c26748f74ad#0:FAIL-t4] and 0 exception(s); 25026a40-ec59-48c3-bdd0-cf5c1bf30c8c@group-D1A5675E21EC:t4, leader=null, voted=25026a40-ec59-48c3-bdd0-cf5c1bf30c8c, raftlog=25026a40-ec59-48c3-bdd0-cf5c1bf30c8c@group-D1A5675E21EC-SegmentedRaftLog:OPENED:c0,f1,i1, conf=0: [c24b6cc2-153d-4b64-a24d-9eaa76f76215:192.168.69.92:44123, 369f1351-eca5-492b-a682-1c26748f74ad:192.168.69.92:44343, 25026a40-ec59-48c3-bdd0-cf5c1bf30c8c:192.168.69.92:38000], old=null
2019-10-21 21:56:03,893 [25026a40-ec59-48c3-bdd0-cf5c1bf30c8c@group-D1A5675E21EC-LeaderElection174] INFO  impl.RaftServerImpl (RaftServerImpl.java:setRole(184)) - 25026a40-ec59-48c3-bdd0-cf5c1bf30c8c@group-D1A5675E21EC: changes role from CANDIDATE to FOLLOWER at term 4 for DISCOVERED_A_NEW_TERM
2019-10-21 21:56:03,893 [25026a40-ec59-48c3-bdd0-cf5c1bf30c8c@group-D1A5675E21EC-LeaderElection174] INFO  impl.RoleInfo (RoleInfo.java:shutdownLeaderElection(134)) - 25026a40-ec59-48c3-bdd0-cf5c1bf30c8c: shutdown LeaderElection
2019-10-21 21:56:03,893 [25026a40-ec59-48c3-bdd0-cf5c1bf30c8c@group-D1A5675E21EC-LeaderElection174] INFO  impl.RoleInfo (RoleInfo.java:updateAndGet(143)) - 25026a40-ec59-48c3-bdd0-cf5c1bf30c8c: start FollowerState
2019-10-21 21:56:03,907 [369f1351-eca5-492b-a682-1c26748f74ad@group-D1A5675E21EC-LeaderElection175] INFO  impl.LeaderElection (LeaderElection.java:logAndReturn(56)) - 369f1351-eca5-492b-a682-1c26748f74ad@group-D1A5675E21EC-LeaderElection175: Election PASSED; received 2 response(s) [369f1351-eca5-492b-a682-1c26748f74ad<-c24b6cc2-153d-4b64-a24d-9eaa76f76215#0:OK-t4, 369f1351-eca5-492b-a682-1c26748f74ad<-25026a40-ec59-48c3-bdd0-cf5c1bf30c8c#0:FAIL-t4] and 0 exception(s); 369f1351-eca5-492b-a682-1c26748f74ad@group-D1A5675E21EC:t4, leader=null, voted=369f1351-eca5-492b-a682-1c26748f74ad, raftlog=369f1351-eca5-492b-a682-1c26748f74ad@group-D1A5675E21EC-SegmentedRaftLog:OPENED:c0,f1,i1, conf=0: [c24b6cc2-153d-4b64-a24d-9eaa76f76215:192.168.69.92:44123, 369f1351-eca5-492b-a682-1c26748f74ad:192.168.69.92:44343, 25026a40-ec59-48c3-bdd0-cf5c1bf30c8c:192.168.69.92:38000], old=null
2019-10-21 21:56:03,907 [369f1351-eca5-492b-a682-1c26748f74ad@group-D1A5675E21EC-LeaderElection175] INFO  impl.RoleInfo (RoleInfo.java:shutdownLeaderElection(134)) - 369f1351-eca5-492b-a682-1c26748f74ad: shutdown LeaderElection
2019-10-21 21:56:03,907 [369f1351-eca5-492b-a682-1c26748f74ad@group-D1A5675E21EC-LeaderElection175] INFO  impl.RaftServerImpl (RaftServerImpl.java:setRole(184)) - 369f1351-eca5-492b-a682-1c26748f74ad@group-D1A5675E21EC: changes role from CANDIDATE to LEADER at term 4 for changeToLeader
2019-10-21 21:56:03,907 [369f1351-eca5-492b-a682-1c26748f74ad@group-D1A5675E21EC-LeaderElection175] INFO  impl.RaftServerImpl (ServerState.java:setLeader(256)) - 369f1351-eca5-492b-a682-1c26748f74ad@group-D1A5675E21EC: change Leader from null to 369f1351-eca5-492b-a682-1c26748f74ad at term 4 for becomeLeader, leader elected after 53ms
2019-10-21 21:56:03,907 [369f1351-eca5-492b-a682-1c26748f74ad@group-D1A5675E21EC-LeaderElection175] INFO  server.RaftServerConfigKeys (ConfUtils.java:logGet(43)) - raft.server.staging.catchup.gap = 1000 (default)
2019-10-21 21:56:03,908 [369f1351-eca5-492b-a682-1c26748f74ad@group-D1A5675E21EC-LeaderElection175] INFO  server.RaftServerConfigKeys (ConfUtils.java:logGet(43)) - raft.server.rpc.sleep.time = 25ms (default)
2019-10-21 21:56:03,908 [369f1351-eca5-492b-a682-1c26748f74ad@group-D1A5675E21EC-LeaderElection175] INFO  server.RaftServerConfigKeys (ConfUtils.java:logGet(43)) - raft.server.write.element-limit = 4096 (default)
2019-10-21 21:56:03,908 [369f1351-eca5-492b-a682-1c26748f74ad@group-D1A5675E21EC-LeaderElection175] INFO  server.RaftServerConfigKeys (ConfUtils.java:logGet(43)) - raft.server.watch.timeout = 10s (default)
2019-10-21 21:56:03,908 [369f1351-eca5-492b-a682-1c26748f74ad@group-D1A5675E21EC-LeaderElection175] INFO  server.RaftServerConfigKeys (ConfUtils.java:logGet(43)) - raft.server.watch.timeout.denomination = 1s (default)
2019-10-21 21:56:03,908 [369f1351-eca5-492b-a682-1c26748f74ad@group-D1A5675E21EC-LeaderElection175] INFO  server.RaftServerConfigKeys (ConfUtils.java:logGet(43)) - raft.server.watch.element-limit = 65536 (default)
2019-10-21 21:56:03,909 [369f1351-eca5-492b-a682-1c26748f74ad@group-D1A5675E21EC-LeaderElection175] INFO  server.RaftServerConfigKeys (ConfUtils.java:logGet(43)) - raft.server.log.appender.snapshot.chunk.size.max = 16MB (=16777216) (default)
2019-10-21 21:56:03,909 [369f1351-eca5-492b-a682-1c26748f74ad@group-D1A5675E21EC-LeaderElection175] INFO  server.RaftServerConfigKeys (ConfUtils.java:logGet(43)) - raft.server.log.appender.buffer.byte-limit = 33554432 (custom)
2019-10-21 21:56:03,909 [369f1351-eca5-492b-a682-1c26748f74ad@group-D1A5675E21EC-LeaderElection175] INFO  server.RaftServerConfigKeys (ConfUtils.java:logGet(43)) - raft.server.log.appender.buffer.element-limit = 1 (custom)
2019-10-21 21:56:03,909 [369f1351-eca5-492b-a682-1c26748f74ad@group-D1A5675E21EC-LeaderElection175] INFO  grpc.GrpcConfigKeys$Server (ConfUtils.java:logGet(43)) - raft.grpc.server.leader.outstanding.appends.max = 128 (default)
2019-10-21 21:56:03,909 [369f1351-eca5-492b-a682-1c26748f74ad@group-D1A5675E21EC-LeaderElection175] INFO  server.RaftServerConfigKeys (ConfUtils.java:logGet(43)) - raft.server.rpc.request.timeout = 3000ms (default)
2019-10-21 21:56:03,910 [369f1351-eca5-492b-a682-1c26748f74ad@group-D1A5675E21EC-LeaderElection175] INFO  server.RaftServerConfigKeys (ConfUtils.java:logGet(43)) - raft.server.log.appender.install.snapshot.enabled = false (custom)
2019-10-21 21:56:03,912 [369f1351-eca5-492b-a682-1c26748f74ad@group-D1A5675E21EC-LeaderElection175] INFO  server.RaftServerConfigKeys (ConfUtils.java:logGet(43)) - raft.server.log.appender.snapshot.chunk.size.max = 16MB (=16777216) (default)
2019-10-21 21:56:03,912 [369f1351-eca5-492b-a682-1c26748f74ad@group-D1A5675E21EC-LeaderElection175] INFO  server.RaftServerConfigKeys (ConfUtils.java:logGet(43)) - raft.server.log.appender.buffer.byte-limit = 33554432 (custom)
2019-10-21 21:56:03,913 [369f1351-eca5-492b-a682-1c26748f74ad@group-D1A5675E21EC-LeaderElection175] INFO  server.RaftServerConfigKeys (ConfUtils.java:logGet(43)) - raft.server.log.appender.buffer.element-limit = 1 (custom)
2019-10-21 21:56:03,913 [369f1351-eca5-492b-a682-1c26748f74ad@group-D1A5675E21EC-LeaderElection175] INFO  grpc.GrpcConfigKeys$Server (ConfUtils.java:logGet(43)) - raft.grpc.server.leader.outstanding.appends.max = 128 (default)
2019-10-21 21:56:03,913 [369f1351-eca5-492b-a682-1c26748f74ad@group-D1A5675E21EC-LeaderElection175] INFO  server.RaftServerConfigKeys (ConfUtils.java:logGet(43)) - raft.server.rpc.request.timeout = 3000ms (default)
2019-10-21 21:56:03,913 [369f1351-eca5-492b-a682-1c26748f74ad@group-D1A5675E21EC-LeaderElection175] INFO  server.RaftServerConfigKeys (ConfUtils.java:logGet(43)) - raft.server.log.appender.install.snapshot.enabled = false (custom)
2019-10-21 21:56:03,915 [369f1351-eca5-492b-a682-1c26748f74ad@group-D1A5675E21EC-LeaderElection175] INFO  impl.RoleInfo (RoleInfo.java:updateAndGet(143)) - 369f1351-eca5-492b-a682-1c26748f74ad: start LeaderState
2019-10-21 21:56:03,916 [369f1351-eca5-492b-a682-1c26748f74ad@group-D1A5675E21EC-LeaderElection175] INFO  segmented.SegmentedRaftLogWorker (SegmentedRaftLogWorker.java:rollLogSegment(390)) - 369f1351-eca5-492b-a682-1c26748f74ad@group-D1A5675E21EC-SegmentedRaftLogWorker: Rolling segment log-0_1 to index:1
2019-10-21 21:56:03,916 [369f1351-eca5-492b-a682-1c26748f74ad@group-D1A5675E21EC-SegmentedRaftLogWorker] INFO  segmented.SegmentedRaftLogWorker (SegmentedRaftLogWorker.java:execute(533)) - 369f1351-eca5-492b-a682-1c26748f74ad@group-D1A5675E21EC-SegmentedRaftLogWorker: Rolled log segment from /workdir/hadoop-ozone/integration-test/target/test-dir/MiniOzoneClusterImpl-f9df1159-a46e-43dd-90f7-e431812950fc/datanode-9/data/ratis/7f5309d2-d201-4158-8f66-d1a5675e21ec/current/log_inprogress_0 to /workdir/hadoop-ozone/integration-test/target/test-dir/MiniOzoneClusterImpl-f9df1159-a46e-43dd-90f7-e431812950fc/datanode-9/data/ratis/7f5309d2-d201-4158-8f66-d1a5675e21ec/current/log_0-1
2019-10-21 21:56:03,917 [369f1351-eca5-492b-a682-1c26748f74ad@group-D1A5675E21EC-LeaderElection175] INFO  impl.RaftServerImpl (ServerState.java:setRaftConf(357)) - 369f1351-eca5-492b-a682-1c26748f74ad@group-D1A5675E21EC: set configuration 2: [c24b6cc2-153d-4b64-a24d-9eaa76f76215:192.168.69.92:44123, 369f1351-eca5-492b-a682-1c26748f74ad:192.168.69.92:44343, 25026a40-ec59-48c3-bdd0-cf5c1bf30c8c:192.168.69.92:38000], old=null at 2
2019-10-21 21:56:03,918 [grpc-default-executor-2] INFO  impl.RaftServerImpl (ServerState.java:setLeader(256)) - c24b6cc2-153d-4b64-a24d-9eaa76f76215@group-D1A5675E21EC: change Leader from null to 369f1351-eca5-492b-a682-1c26748f74ad at term 4 for appendEntries, leader elected after 44ms
2019-10-21 21:56:03,918 [grpc-default-executor-0] INFO  impl.RaftServerImpl (ServerState.java:setLeader(256)) - 25026a40-ec59-48c3-bdd0-cf5c1bf30c8c@group-D1A5675E21EC: change Leader from null to 369f1351-eca5-492b-a682-1c26748f74ad at term 4 for appendEntries, leader elected after 126ms
2019-10-21 21:56:03,920 [grpc-default-executor-2] INFO  impl.RaftServerImpl (ServerState.java:setRaftConf(357)) - c24b6cc2-153d-4b64-a24d-9eaa76f76215@group-D1A5675E21EC: set configuration 2: [c24b6cc2-153d-4b64-a24d-9eaa76f76215:192.168.69.92:44123, 369f1351-eca5-492b-a682-1c26748f74ad:192.168.69.92:44343, 25026a40-ec59-48c3-bdd0-cf5c1bf30c8c:192.168.69.92:38000], old=null at 2
2019-10-21 21:56:03,921 [grpc-default-executor-2] INFO  segmented.SegmentedRaftLogWorker (SegmentedRaftLogWorker.java:rollLogSegment(390)) - c24b6cc2-153d-4b64-a24d-9eaa76f76215@group-D1A5675E21EC-SegmentedRaftLogWorker: Rolling segment log-0_1 to index:1
2019-10-21 21:56:03,921 [grpc-default-executor-0] INFO  impl.RaftServerImpl (ServerState.java:setRaftConf(357)) - 25026a40-ec59-48c3-bdd0-cf5c1bf30c8c@group-D1A5675E21EC: set configuration 2: [c24b6cc2-153d-4b64-a24d-9eaa76f76215:192.168.69.92:44123, 369f1351-eca5-492b-a682-1c26748f74ad:192.168.69.92:44343, 25026a40-ec59-48c3-bdd0-cf5c1bf30c8c:192.168.69.92:38000], old=null at 2
2019-10-21 21:56:03,921 [grpc-default-executor-0] INFO  segmented.SegmentedRaftLogWorker (SegmentedRaftLogWorker.java:rollLogSegment(390)) - 25026a40-ec59-48c3-bdd0-cf5c1bf30c8c@group-D1A5675E21EC-SegmentedRaftLogWorker: Rolling segment log-0_1 to index:1
2019-10-21 21:56:03,921 [c24b6cc2-153d-4b64-a24d-9eaa76f76215@group-D1A5675E21EC-SegmentedRaftLogWorker] INFO  segmented.SegmentedRaftLogWorker (SegmentedRaftLogWorker.java:execute(533)) - c24b6cc2-153d-4b64-a24d-9eaa76f76215@group-D1A5675E21EC-SegmentedRaftLogWorker: Rolled log segment from /workdir/hadoop-ozone/integration-test/target/test-dir/MiniOzoneClusterImpl-f9df1159-a46e-43dd-90f7-e431812950fc/datanode-6/data/ratis/7f5309d2-d201-4158-8f66-d1a5675e21ec/current/log_inprogress_0 to /workdir/hadoop-ozone/integration-test/target/test-dir/MiniOzoneClusterImpl-f9df1159-a46e-43dd-90f7-e431812950fc/datanode-6/data/ratis/7f5309d2-d201-4158-8f66-d1a5675e21ec/current/log_0-1
2019-10-21 21:56:03,922 [25026a40-ec59-48c3-bdd0-cf5c1bf30c8c@group-D1A5675E21EC-SegmentedRaftLogWorker] INFO  segmented.SegmentedRaftLogWorker (SegmentedRaftLogWorker.java:execute(533)) - 25026a40-ec59-48c3-bdd0-cf5c1bf30c8c@group-D1A5675E21EC-SegmentedRaftLogWorker: Rolled log segment from /workdir/hadoop-ozone/integration-test/target/test-dir/MiniOzoneClusterImpl-f9df1159-a46e-43dd-90f7-e431812950fc/datanode-3/data/ratis/7f5309d2-d201-4158-8f66-d1a5675e21ec/current/log_inprogress_0 to /workdir/hadoop-ozone/integration-test/target/test-dir/MiniOzoneClusterImpl-f9df1159-a46e-43dd-90f7-e431812950fc/datanode-3/data/ratis/7f5309d2-d201-4158-8f66-d1a5675e21ec/current/log_0-1
2019-10-21 21:56:03,969 [369f1351-eca5-492b-a682-1c26748f74ad@group-D1A5675E21EC-SegmentedRaftLogWorker] INFO  segmented.SegmentedRaftLogWorker (SegmentedRaftLogWorker.java:execute(576)) - 369f1351-eca5-492b-a682-1c26748f74ad@group-D1A5675E21EC-SegmentedRaftLogWorker: created new log segment /workdir/hadoop-ozone/integration-test/target/test-dir/MiniOzoneClusterImpl-f9df1159-a46e-43dd-90f7-e431812950fc/datanode-9/data/ratis/7f5309d2-d201-4158-8f66-d1a5675e21ec/current/log_inprogress_2
2019-10-21 21:56:03,969 [25026a40-ec59-48c3-bdd0-cf5c1bf30c8c@group-D1A5675E21EC-SegmentedRaftLogWorker] INFO  segmented.SegmentedRaftLogWorker (SegmentedRaftLogWorker.java:execute(576)) - 25026a40-ec59-48c3-bdd0-cf5c1bf30c8c@group-D1A5675E21EC-SegmentedRaftLogWorker: created new log segment /workdir/hadoop-ozone/integration-test/target/test-dir/MiniOzoneClusterImpl-f9df1159-a46e-43dd-90f7-e431812950fc/datanode-3/data/ratis/7f5309d2-d201-4158-8f66-d1a5675e21ec/current/log_inprogress_2
2019-10-21 21:56:03,969 [c24b6cc2-153d-4b64-a24d-9eaa76f76215@group-D1A5675E21EC-SegmentedRaftLogWorker] INFO  segmented.SegmentedRaftLogWorker (SegmentedRaftLogWorker.java:execute(576)) - c24b6cc2-153d-4b64-a24d-9eaa76f76215@group-D1A5675E21EC-SegmentedRaftLogWorker: created new log segment /workdir/hadoop-ozone/integration-test/target/test-dir/MiniOzoneClusterImpl-f9df1159-a46e-43dd-90f7-e431812950fc/datanode-6/data/ratis/7f5309d2-d201-4158-8f66-d1a5675e21ec/current/log_inprogress_2
2019-10-21 21:56:04,170 [java.util.concurrent.ThreadPoolExecutor$Worker@471dad3b[State = -1, empty queue]] WARN  server.GrpcLogAppender (GrpcLogAppender.java:timeoutAppendRequest(209)) - c24b6cc2-153d-4b64-a24d-9eaa76f76215@group-D1A5675E21EC->25026a40-ec59-48c3-bdd0-cf5c1bf30c8c-GrpcLogAppender: appendEntries Timeout, request=c24b6cc2-153d-4b64-a24d-9eaa76f76215->25026a40-ec59-48c3-bdd0-cf5c1bf30c8c#9-t3, previous=(t:3, i:1), leaderCommit=0, initializing? false, entries: <empty>
2019-10-21 21:56:04,170 [java.util.concurrent.ThreadPoolExecutor$Worker@1ce14dca[State = -1, empty queue]] WARN  server.GrpcLogAppender (GrpcLogAppender.java:timeoutAppendRequest(209)) - c24b6cc2-153d-4b64-a24d-9eaa76f76215@group-D1A5675E21EC->369f1351-eca5-492b-a682-1c26748f74ad-GrpcLogAppender: appendEntries Timeout, request=c24b6cc2-153d-4b64-a24d-9eaa76f76215->369f1351-eca5-492b-a682-1c26748f74ad#9-t3, previous=(t:3, i:1), leaderCommit=0, initializing? false, entries: <empty>
2019-10-21 21:56:04,671 [java.util.concurrent.ThreadPoolExecutor$Worker@471dad3b[State = -1, empty queue]] WARN  server.GrpcLogAppender (GrpcLogAppender.java:timeoutAppendRequest(209)) - c24b6cc2-153d-4b64-a24d-9eaa76f76215@group-D1A5675E21EC->25026a40-ec59-48c3-bdd0-cf5c1bf30c8c-GrpcLogAppender: appendEntries Timeout, request=c24b6cc2-153d-4b64-a24d-9eaa76f76215->25026a40-ec59-48c3-bdd0-cf5c1bf30c8c#10-t3, previous=(t:3, i:1), leaderCommit=0, initializing? false, entries: <empty>
2019-10-21 21:56:04,671 [java.util.concurrent.ThreadPoolExecutor$Worker@1ce14dca[State = -1, empty queue]] WARN  server.GrpcLogAppender (GrpcLogAppender.java:timeoutAppendRequest(209)) - c24b6cc2-153d-4b64-a24d-9eaa76f76215@group-D1A5675E21EC->369f1351-eca5-492b-a682-1c26748f74ad-GrpcLogAppender: appendEntries Timeout, request=c24b6cc2-153d-4b64-a24d-9eaa76f76215->369f1351-eca5-492b-a682-1c26748f74ad#10-t3, previous=(t:3, i:1), leaderCommit=0, initializing? false, entries: <empty>
2019-10-21 21:56:05,175 [java.util.concurrent.ThreadPoolExecutor$Worker@471dad3b[State = -1, empty queue]] WARN  server.GrpcLogAppender (GrpcLogAppender.java:timeoutAppendRequest(209)) - c24b6cc2-153d-4b64-a24d-9eaa76f76215@group-D1A5675E21EC->25026a40-ec59-48c3-bdd0-cf5c1bf30c8c-GrpcLogAppender: appendEntries Timeout, request=c24b6cc2-153d-4b64-a24d-9eaa76f76215->25026a40-ec59-48c3-bdd0-cf5c1bf30c8c#11-t3, previous=(t:3, i:1), leaderCommit=0, initializing? false, entries: <empty>
2019-10-21 21:56:05,175 [java.util.concurrent.ThreadPoolExecutor$Worker@1ce14dca[State = -1, empty queue]] WARN  server.GrpcLogAppender (GrpcLogAppender.java:timeoutAppendRequest(209)) - c24b6cc2-153d-4b64-a24d-9eaa76f76215@group-D1A5675E21EC->369f1351-eca5-492b-a682-1c26748f74ad-GrpcLogAppender: appendEntries Timeout, request=c24b6cc2-153d-4b64-a24d-9eaa76f76215->369f1351-eca5-492b-a682-1c26748f74ad#11-t3, previous=(t:3, i:1), leaderCommit=0, initializing? false, entries: <empty>
2019-10-21 21:56:05,675 [java.util.concurrent.ThreadPoolExecutor$Worker@471dad3b[State = -1, empty queue]] WARN  server.GrpcLogAppender (GrpcLogAppender.java:timeoutAppendRequest(209)) - c24b6cc2-153d-4b64-a24d-9eaa76f76215@group-D1A5675E21EC->25026a40-ec59-48c3-bdd0-cf5c1bf30c8c-GrpcLogAppender: appendEntries Timeout, request=c24b6cc2-153d-4b64-a24d-9eaa76f76215->25026a40-ec59-48c3-bdd0-cf5c1bf30c8c#12-t3, previous=(t:3, i:1), leaderCommit=0, initializing? false, entries: <empty>
2019-10-21 21:56:05,675 [java.util.concurrent.ThreadPoolExecutor$Worker@1ce14dca[State = -1, empty queue]] WARN  server.GrpcLogAppender (GrpcLogAppender.java:timeoutAppendRequest(209)) - c24b6cc2-153d-4b64-a24d-9eaa76f76215@group-D1A5675E21EC->369f1351-eca5-492b-a682-1c26748f74ad-GrpcLogAppender: appendEntries Timeout, request=c24b6cc2-153d-4b64-a24d-9eaa76f76215->369f1351-eca5-492b-a682-1c26748f74ad#12-t3, previous=(t:3, i:1), leaderCommit=0, initializing? false, entries: <empty>
2019-10-21 21:56:06,176 [java.util.concurrent.ThreadPoolExecutor$Worker@1ce14dca[State = -1, empty queue]] WARN  server.GrpcLogAppender (GrpcLogAppender.java:timeoutAppendRequest(209)) - c24b6cc2-153d-4b64-a24d-9eaa76f76215@group-D1A5675E21EC->369f1351-eca5-492b-a682-1c26748f74ad-GrpcLogAppender: appendEntries Timeout, request=c24b6cc2-153d-4b64-a24d-9eaa76f76215->369f1351-eca5-492b-a682-1c26748f74ad#13-t3, previous=(t:3, i:1), leaderCommit=0, initializing? false, entries: <empty>
2019-10-21 21:56:06,176 [java.util.concurrent.ThreadPoolExecutor$Worker@471dad3b[State = -1, empty queue]] WARN  server.GrpcLogAppender (GrpcLogAppender.java:timeoutAppendRequest(209)) - c24b6cc2-153d-4b64-a24d-9eaa76f76215@group-D1A5675E21EC->25026a40-ec59-48c3-bdd0-cf5c1bf30c8c-GrpcLogAppender: appendEntries Timeout, request=c24b6cc2-153d-4b64-a24d-9eaa76f76215->25026a40-ec59-48c3-bdd0-cf5c1bf30c8c#13-t3, previous=(t:3, i:1), leaderCommit=0, initializing? false, entries: <empty>
2019-10-21 21:56:06,676 [java.util.concurrent.ThreadPoolExecutor$Worker@471dad3b[State = -1, empty queue]] WARN  server.GrpcLogAppender (GrpcLogAppender.java:timeoutAppendRequest(209)) - c24b6cc2-153d-4b64-a24d-9eaa76f76215@group-D1A5675E21EC->25026a40-ec59-48c3-bdd0-cf5c1bf30c8c-GrpcLogAppender: appendEntries Timeout, request=c24b6cc2-153d-4b64-a24d-9eaa76f76215->25026a40-ec59-48c3-bdd0-cf5c1bf30c8c#14-t3, previous=(t:3, i:1), leaderCommit=0, initializing? false, entries: <empty>
2019-10-21 21:56:06,676 [java.util.concurrent.ThreadPoolExecutor$Worker@1ce14dca[State = -1, empty queue]] WARN  server.GrpcLogAppender (GrpcLogAppender.java:timeoutAppendRequest(209)) - c24b6cc2-153d-4b64-a24d-9eaa76f76215@group-D1A5675E21EC->369f1351-eca5-492b-a682-1c26748f74ad-GrpcLogAppender: appendEntries Timeout, request=c24b6cc2-153d-4b64-a24d-9eaa76f76215->369f1351-eca5-492b-a682-1c26748f74ad#14-t3, previous=(t:3, i:1), leaderCommit=0, initializing? false, entries: <empty>
2019-10-21 21:56:41,147 [main] WARN  io.KeyOutputStream (KeyOutputStream.java:handleException(274)) - Encountered exception java.io.IOException: Unexpected Storage Container Exception: java.util.concurrent.CompletionException: java.util.concurrent.CompletionException: org.apache.ratis.protocol.RaftRetryFailureException: Failed RaftClientRequest:client-87020CE4B03C->c24b6cc2-153d-4b64-a24d-9eaa76f76215@group-D1A5675E21EC, cid=51, seq=1*, RW, cmdType: WriteChunk
traceID: "1247de980d35d477:1247de980d35d477:0:0"
containerID: 2
datanodeUuid: "c24b6cc2-153d-4b64-a24d-9eaa76f76215"
writeChunk {
  blockID {
    containerID: 2
    localID: 103002600842854405
    blockCommitSequenceId: 0
  }
  chunkData {
    chunkName: "103002600842854405_chunk_1"
    offset: 0
    len: 1048576
    checksumData {
      type: CRC32
      bytesPerChecksum: 1048576
      checksums: "\357<\342\303"
    }
  }
}
, data.size=1048576 for 10 attempts with RetryLimited(maxAttempts=10, sleepTime=1000ms) on the pipeline Pipeline[ Id: 7f5309d2-d201-4158-8f66-d1a5675e21ec, Nodes: c24b6cc2-153d-4b64-a24d-9eaa76f76215{ip: 192.168.69.92, host: pr-hdds-2240-577ml-2645996955, networkLocation: /rack1, certSerialId: null}369f1351-eca5-492b-a682-1c26748f74ad{ip: 192.168.69.92, host: pr-hdds-2240-577ml-2645996955, networkLocation: /rack1, certSerialId: null}25026a40-ec59-48c3-bdd0-cf5c1bf30c8c{ip: 192.168.69.92, host: pr-hdds-2240-577ml-2645996955, networkLocation: /rack1, certSerialId: null}, Type:RATIS, Factor:THREE, State:OPEN]. The last committed block length is 0, uncommitted data length is 1048576 retry count 0
2019-10-21 21:56:41,432 [main] INFO  ozone.MiniOzoneClusterImpl (MiniOzoneClusterImpl.java:shutdown(314)) - Shutting down the Mini Ozone Cluster
2019-10-21 21:56:41,433 [main] INFO  ozone.MiniOzoneClusterImpl (MiniOzoneClusterImpl.java:stop(330)) - Stopping the Mini Ozone Cluster
2019-10-21 21:56:41,433 [main] INFO  ozone.MiniOzoneClusterImpl (MiniOzoneClusterImpl.java:stopOM(400)) - Stopping the OzoneManager
2019-10-21 21:56:41,433 [main] INFO  ipc.Server (Server.java:stop(3082)) - Stopping server on 42360
2019-10-21 21:56:41,450 [main] INFO  ratis.OzoneManagerDoubleBuffer (OzoneManagerDoubleBuffer.java:stop(250)) - Stopping OMDoubleBuffer flush thread
2019-10-21 21:56:41,450 [IPC Server Responder] INFO  ipc.Server (Server.java:run(1319)) - Stopping IPC Server Responder
2019-10-21 21:56:41,450 [IPC Server listener on 42360] INFO  ipc.Server (Server.java:run(1185)) - Stopping IPC Server listener on 42360
2019-10-21 21:56:41,479 [OMDoubleBufferFlushThread] INFO  ratis.OzoneManagerDoubleBuffer (OzoneManagerDoubleBuffer.java:flushTransactions(193)) - OMDoubleBuffer flush thread OMDoubleBufferFlushThread is interrupted and will exit. OMDoubleBufferFlushThread
2019-10-21 21:56:41,480 [main] INFO  utils.BackgroundService (BackgroundService.java:shutdown(151)) - Shutting down service KeyDeletingService
2019-10-21 21:56:41,484 [main] INFO  handler.ContextHandler (ContextHandler.java:doStop(910)) - Stopped o.e.j.w.WebAppContext@1d4fb213{/,null,UNAVAILABLE}{/ozoneManager}
2019-10-21 21:56:41,485 [main] INFO  server.AbstractConnector (AbstractConnector.java:doStop(318)) - Stopped ServerConnector@6ef60295{HTTP/1.1,[http/1.1]}{0.0.0.0:0}
2019-10-21 21:56:41,486 [main] INFO  handler.ContextHandler (ContextHandler.java:doStop(910)) - Stopped o.e.j.s.ServletContextHandler@fb49fdf{/static,file:///workdir/hadoop-ozone/integration-test/target/test-classes/webapps/static,UNAVAILABLE}
2019-10-21 21:56:41,486 [main] INFO  handler.ContextHandler (ContextHandler.java:doStop(910)) - Stopped o.e.j.s.ServletContextHandler@7f4701b1{/logs,file:///workdir/hadoop-ozone/integration-test/target/log,UNAVAILABLE}
2019-10-21 21:56:41,489 [main] INFO  ozone.MiniOzoneClusterImpl (MiniOzoneClusterImpl.java:stopDatanodes(377)) - Stopping the HddsDatanodes
2019-10-21 21:56:41,717 [Datanode State Machine Thread - 0] INFO  statemachine.DatanodeStateMachine (DatanodeStateMachine.java:lambda$startDaemon$0(350)) - Ozone container server started.
2019-10-21 21:56:42,322 [Datanode State Machine Thread - 0] INFO  statemachine.DatanodeStateMachine (DatanodeStateMachine.java:lambda$startDaemon$0(350)) - Ozone container server started.
2019-10-21 21:56:46,491 [ForkJoinPool.commonPool-worker-0] INFO  ozoneimpl.OzoneContainer (OzoneContainer.java:stop(227)) - Attempting to stop container services.
2019-10-21 21:56:46,491 [main] INFO  ozoneimpl.OzoneContainer (OzoneContainer.java:stop(227)) - Attempting to stop container services.
2019-10-21 21:56:46,493 [ForkJoinPool.commonPool-worker-0] INFO  impl.RaftServerProxy (RaftServerProxy.java:lambda$close$4(314)) - 8d79625f-2c74-448d-b811-8fe783a575f1: close
2019-10-21 21:56:46,494 [main] INFO  impl.RaftServerProxy (RaftServerProxy.java:lambda$close$4(314)) - 683a42e8-804c-4291-9261-2bc66677cfab: close
2019-10-21 21:56:46,494 [ForkJoinPool.commonPool-worker-0] INFO  impl.RaftServerImpl (RaftServerImpl.java:lambda$shutdown$3(261)) - 8d79625f-2c74-448d-b811-8fe783a575f1@group-43E39F6D4740: shutdown
2019-10-21 21:56:46,494 [main] INFO  impl.RaftServerImpl (RaftServerImpl.java:lambda$shutdown$3(261)) - 683a42e8-804c-4291-9261-2bc66677cfab@group-9BA08151BADB: shutdown
2019-10-21 21:56:46,494 [ForkJoinPool.commonPool-worker-0] INFO  util.JmxRegister (JmxRegister.java:unregister(73)) - Successfully un-registered JMX Bean with object name Ratis:service=RaftServer,group=group-43E39F6D4740,id=8d79625f-2c74-448d-b811-8fe783a575f1
2019-10-21 21:56:46,495 [main] INFO  util.JmxRegister (JmxRegister.java:unregister(73)) - Successfully un-registered JMX Bean with object name Ratis:service=RaftServer,group=group-9BA08151BADB,id=683a42e8-804c-4291-9261-2bc66677cfab
2019-10-21 21:56:46,495 [ForkJoinPool.commonPool-worker-0] INFO  impl.RoleInfo (RoleInfo.java:shutdownLeaderState(104)) - 8d79625f-2c74-448d-b811-8fe783a575f1: shutdown LeaderState
2019-10-21 21:56:46,495 [main] INFO  impl.RoleInfo (RoleInfo.java:shutdownLeaderState(104)) - 683a42e8-804c-4291-9261-2bc66677cfab: shutdown LeaderState
2019-10-21 21:56:46,500 [org.apache.ratis.server.impl.LogAppender$AppenderDaemon$$Lambda$450/1920685015@10c33d93] WARN  server.GrpcLogAppender (GrpcLogAppender.java:mayWait(149)) - 8d79625f-2c74-448d-b811-8fe783a575f1@group-43E39F6D4740->7b88ca7b-bd9b-4a64-8114-d91a9b2f31f1-GrpcLogAppender: Wait interrupted by java.lang.InterruptedException
2019-10-21 21:56:46,500 [ForkJoinPool.commonPool-worker-0] INFO  impl.PendingRequests (PendingRequests.java:sendNotLeaderResponses(202)) - 8d79625f-2c74-448d-b811-8fe783a575f1@group-43E39F6D4740-PendingRequests: sendNotLeaderResponses
2019-10-21 21:56:46,500 [org.apache.ratis.server.impl.LogAppender$AppenderDaemon$$Lambda$450/1920685015@645063e5] WARN  server.GrpcLogAppender (GrpcLogAppender.java:mayWait(149)) - 8d79625f-2c74-448d-b811-8fe783a575f1@group-43E39F6D4740->590972a8-254a-4d11-9ee4-9846de224337-GrpcLogAppender: Wait interrupted by java.lang.InterruptedException
2019-10-21 21:56:46,500 [org.apache.ratis.server.impl.LogAppender$AppenderDaemon$$Lambda$450/1920685015@755462d6] WARN  server.GrpcLogAppender (GrpcLogAppender.java:mayWait(149)) - 683a42e8-804c-4291-9261-2bc66677cfab@group-9BA08151BADB->7c4ddf80-db3d-4d0c-b4eb-75f8718eed44-GrpcLogAppender: Wait interrupted by java.lang.InterruptedException
2019-10-21 21:56:46,500 [main] INFO  impl.PendingRequests (PendingRequests.java:sendNotLeaderResponses(202)) - 683a42e8-804c-4291-9261-2bc66677cfab@group-9BA08151BADB-PendingRequests: sendNotLeaderResponses
2019-10-21 21:56:46,500 [org.apache.ratis.server.impl.LogAppender$AppenderDaemon$$Lambda$450/1920685015@44ebb4ef] WARN  server.GrpcLogAppender (GrpcLogAppender.java:mayWait(149)) - 683a42e8-804c-4291-9261-2bc66677cfab@group-9BA08151BADB->149f4235-2e38-4d95-abe8-6ba232811729-GrpcLogAppender: Wait interrupted by java.lang.InterruptedException
2019-10-21 21:56:46,501 [grpc-default-executor-5] INFO  server.GrpcServerProtocolService (GrpcServerProtocolService.java:onCompleted(113)) - 7b88ca7b-bd9b-4a64-8114-d91a9b2f31f1: Completed APPEND_ENTRIES, lastRequest: 8d79625f-2c74-448d-b811-8fe783a575f1->7b88ca7b-bd9b-4a64-8114-d91a9b2f31f1#98-t3, previous=(t:3, i:0), leaderCommit=0, initializing? false, entries: <empty>
2019-10-21 21:56:46,501 [grpc-default-executor-0] INFO  server.GrpcServerProtocolService (GrpcServerProtocolService.java:onCompleted(113)) - 590972a8-254a-4d11-9ee4-9846de224337: Completed APPEND_ENTRIES, lastRequest: 8d79625f-2c74-448d-b811-8fe783a575f1->590972a8-254a-4d11-9ee4-9846de224337#98-t3, previous=(t:3, i:0), leaderCommit=0, initializing? false, entries: <empty>
2019-10-21 21:56:46,501 [grpc-default-executor-2] INFO  server.GrpcServerProtocolService (GrpcServerProtocolService.java:onCompleted(113)) - 7c4ddf80-db3d-4d0c-b4eb-75f8718eed44: Completed APPEND_ENTRIES, lastRequest: 683a42e8-804c-4291-9261-2bc66677cfab->7c4ddf80-db3d-4d0c-b4eb-75f8718eed44#108-t1, previous=(t:1, i:10), leaderCommit=10, initializing? false, entries: <empty>
2019-10-21 21:56:46,505 [683a42e8-804c-4291-9261-2bc66677cfab@group-9BA08151BADB-StateMachineUpdater] INFO  ratis.ContainerStateMachine (ContainerStateMachine.java:takeSnapshot(294)) - group-9BA08151BADB: Taking a snapshot at:(t:1, i:10) file /workdir/hadoop-ozone/integration-test/target/test-dir/MiniOzoneClusterImpl-f9df1159-a46e-43dd-90f7-e431812950fc/datanode-5/data/ratis/2f8d90cc-a176-4912-a174-9ba08151badb/sm/snapshot.1_10
2019-10-21 21:56:46,501 [ForkJoinPool.commonPool-worker-0] INFO  impl.StateMachineUpdater (StateMachineUpdater.java:stopAndJoin(136)) - 8d79625f-2c74-448d-b811-8fe783a575f1@group-43E39F6D4740-StateMachineUpdater: set stopIndex = 0
2019-10-21 21:56:46,505 [main] INFO  impl.StateMachineUpdater (StateMachineUpdater.java:stopAndJoin(136)) - 683a42e8-804c-4291-9261-2bc66677cfab@group-9BA08151BADB-StateMachineUpdater: set stopIndex = 10
2019-10-21 21:56:46,505 [grpc-default-executor-4] INFO  server.GrpcServerProtocolService (GrpcServerProtocolService.java:onCompleted(113)) - 149f4235-2e38-4d95-abe8-6ba232811729: Completed APPEND_ENTRIES, lastRequest: 683a42e8-804c-4291-9261-2bc66677cfab->149f4235-2e38-4d95-abe8-6ba232811729#108-t1, previous=(t:1, i:10), leaderCommit=10, initializing? false, entries: <empty>
2019-10-21 21:56:46,505 [ForkJoinPool.commonPool-worker-0] INFO  impl.RaftServerImpl (ServerState.java:close(388)) - 8d79625f-2c74-448d-b811-8fe783a575f1@group-43E39F6D4740: closes. applyIndex: 0
2019-10-21 21:56:46,506 [grpc-default-executor-4] INFO  server.GrpcLogAppender (GrpcLogAppender.java:onCompleted(308)) - 683a42e8-804c-4291-9261-2bc66677cfab@group-9BA08151BADB->7c4ddf80-db3d-4d0c-b4eb-75f8718eed44-AppendLogResponseHandler: follower responses appendEntries COMPLETED
2019-10-21 21:56:46,506 [grpc-default-executor-2] INFO  server.GrpcLogAppender (GrpcLogAppender.java:onCompleted(308)) - 8d79625f-2c74-448d-b811-8fe783a575f1@group-43E39F6D4740->7b88ca7b-bd9b-4a64-8114-d91a9b2f31f1-AppendLogResponseHandler: follower responses appendEntries COMPLETED
2019-10-21 21:56:46,506 [grpc-default-executor-0] INFO  server.GrpcLogAppender (GrpcLogAppender.java:onCompleted(308)) - 8d79625f-2c74-448d-b811-8fe783a575f1@group-43E39F6D4740->590972a8-254a-4d11-9ee4-9846de224337-AppendLogResponseHandler: follower responses appendEntries COMPLETED
2019-10-21 21:56:46,506 [8d79625f-2c74-448d-b811-8fe783a575f1@group-43E39F6D4740-SegmentedRaftLogWorker] INFO  segmented.SegmentedRaftLogWorker (SegmentedRaftLogWorker.java:run(316)) - 8d79625f-2c74-448d-b811-8fe783a575f1@group-43E39F6D4740-SegmentedRaftLogWorker was interrupted, exiting. There are 0 tasks remaining in the queue.
2019-10-21 21:56:46,506 [grpc-default-executor-5] INFO  server.GrpcLogAppender (GrpcLogAppender.java:onCompleted(308)) - 683a42e8-804c-4291-9261-2bc66677cfab@group-9BA08151BADB->149f4235-2e38-4d95-abe8-6ba232811729-AppendLogResponseHandler: follower responses appendEntries COMPLETED
2019-10-21 21:56:46,511 [ForkJoinPool.commonPool-worker-0] INFO  segmented.SegmentedRaftLogWorker (SegmentedRaftLogWorker.java:close(224)) - 8d79625f-2c74-448d-b811-8fe783a575f1@group-43E39F6D4740-SegmentedRaftLogWorker close()
2019-10-21 21:56:46,524 [ForkJoinPool.commonPool-worker-0] INFO  impl.RaftServerImpl (RaftServerImpl.java:lambda$shutdown$3(261)) - 8d79625f-2c74-448d-b811-8fe783a575f1@group-59F6F70AD325: shutdown
2019-10-21 21:56:46,527 [grpc-default-executor-2] INFO  impl.FollowerInfo (FollowerInfo.java:lambda$new$0(51)) - 8d79625f-2c74-448d-b811-8fe783a575f1@group-43E39F6D4740->7b88ca7b-bd9b-4a64-8114-d91a9b2f31f1: nextIndex: updateUnconditionally 1 -> 0
2019-10-21 21:56:46,527 [ForkJoinPool.commonPool-worker-0] INFO  util.JmxRegister (JmxRegister.java:unregister(73)) - Successfully un-registered JMX Bean with object name Ratis:service=RaftServer,group=group-59F6F70AD325,id=8d79625f-2c74-448d-b811-8fe783a575f1
2019-10-21 21:56:46,527 [grpc-default-executor-4] INFO  impl.FollowerInfo (FollowerInfo.java:lambda$new$0(51)) - 683a42e8-804c-4291-9261-2bc66677cfab@group-9BA08151BADB->7c4ddf80-db3d-4d0c-b4eb-75f8718eed44: nextIndex: updateUnconditionally 11 -> 10
2019-10-21 21:56:46,527 [683a42e8-804c-4291-9261-2bc66677cfab@group-9BA08151BADB-StateMachineUpdater] INFO  ratis.ContainerStateMachine (ContainerStateMachine.java:takeSnapshot(305)) - group-9BA08151BADB: Finished taking a snapshot at:(t:1, i:10) file:/workdir/hadoop-ozone/integration-test/target/test-dir/MiniOzoneClusterImpl-f9df1159-a46e-43dd-90f7-e431812950fc/datanode-5/data/ratis/2f8d90cc-a176-4912-a174-9ba08151badb/sm/snapshot.1_10 time:22
2019-10-21 21:56:46,528 [grpc-default-executor-0] INFO  impl.FollowerInfo (FollowerInfo.java:lambda$new$0(51)) - 8d79625f-2c74-448d-b811-8fe783a575f1@group-43E39F6D4740->590972a8-254a-4d11-9ee4-9846de224337: nextIndex: updateUnconditionally 1 -> 0
2019-10-21 21:56:46,527 [ForkJoinPool.commonPool-worker-0] INFO  impl.RoleInfo (RoleInfo.java:shutdownLeaderState(104)) - 8d79625f-2c74-448d-b811-8fe783a575f1: shutdown LeaderState
2019-10-21 21:56:46,528 [grpc-default-executor-5] INFO  impl.FollowerInfo (FollowerInfo.java:lambda$new$0(51)) - 683a42e8-804c-4291-9261-2bc66677cfab@group-9BA08151BADB->149f4235-2e38-4d95-abe8-6ba232811729: nextIndex: updateUnconditionally 11 -> 10
2019-10-21 21:56:46,528 [683a42e8-804c-4291-9261-2bc66677cfab@group-9BA08151BADB-StateMachineUpdater] INFO  impl.StateMachineUpdater (StateMachineUpdater.java:takeSnapshot(269)) - 683a42e8-804c-4291-9261-2bc66677cfab@group-9BA08151BADB-StateMachineUpdater: Took a snapshot at index 10
2019-10-21 21:56:46,528 [ForkJoinPool.commonPool-worker-0] INFO  impl.PendingRequests (PendingRequests.java:sendNotLeaderResponses(202)) - 8d79625f-2c74-448d-b811-8fe783a575f1@group-59F6F70AD325-PendingRequests: sendNotLeaderResponses
2019-10-21 21:56:46,528 [683a42e8-804c-4291-9261-2bc66677cfab@group-9BA08151BADB-StateMachineUpdater] INFO  impl.StateMachineUpdater (StateMachineUpdater.java:lambda$new$0(84)) - 683a42e8-804c-4291-9261-2bc66677cfab@group-9BA08151BADB-StateMachineUpdater: snapshotIndex: updateIncreasingly -1 -> 10
2019-10-21 21:56:46,529 [ForkJoinPool.commonPool-worker-0] INFO  impl.StateMachineUpdater (StateMachineUpdater.java:stopAndJoin(136)) - 8d79625f-2c74-448d-b811-8fe783a575f1@group-59F6F70AD325-StateMachineUpdater: set stopIndex = 0
2019-10-21 21:56:46,529 [ForkJoinPool.commonPool-worker-0] INFO  impl.RaftServerImpl (ServerState.java:close(388)) - 8d79625f-2c74-448d-b811-8fe783a575f1@group-59F6F70AD325: closes. applyIndex: 0
2019-10-21 21:56:46,529 [main] INFO  impl.RaftServerImpl (ServerState.java:close(388)) - 683a42e8-804c-4291-9261-2bc66677cfab@group-9BA08151BADB: closes. applyIndex: 10
2019-10-21 21:56:46,530 [8d79625f-2c74-448d-b811-8fe783a575f1@group-59F6F70AD325-SegmentedRaftLogWorker] INFO  segmented.SegmentedRaftLogWorker (SegmentedRaftLogWorker.java:run(316)) - 8d79625f-2c74-448d-b811-8fe783a575f1@group-59F6F70AD325-SegmentedRaftLogWorker was interrupted, exiting. There are 0 tasks remaining in the queue.
2019-10-21 21:56:46,530 [683a42e8-804c-4291-9261-2bc66677cfab@group-9BA08151BADB-SegmentedRaftLogWorker] INFO  segmented.SegmentedRaftLogWorker (SegmentedRaftLogWorker.java:run(316)) - 683a42e8-804c-4291-9261-2bc66677cfab@group-9BA08151BADB-SegmentedRaftLogWorker was interrupted, exiting. There are 0 tasks remaining in the queue.
2019-10-21 21:56:46,532 [ForkJoinPool.commonPool-worker-0] INFO  segmented.SegmentedRaftLogWorker (SegmentedRaftLogWorker.java:close(224)) - 8d79625f-2c74-448d-b811-8fe783a575f1@group-59F6F70AD325-SegmentedRaftLogWorker close()
2019-10-21 21:56:46,534 [main] INFO  segmented.SegmentedRaftLogWorker (SegmentedRaftLogWorker.java:close(224)) - 683a42e8-804c-4291-9261-2bc66677cfab@group-9BA08151BADB-SegmentedRaftLogWorker close()
2019-10-21 21:56:46,535 [ForkJoinPool.commonPool-worker-0] INFO  server.GrpcService (GrpcService.java:closeImpl(164)) - 8d79625f-2c74-448d-b811-8fe783a575f1: shutdown server with port 35698 now
2019-10-21 21:56:46,537 [main] INFO  impl.RaftServerImpl (RaftServerImpl.java:lambda$shutdown$3(261)) - 683a42e8-804c-4291-9261-2bc66677cfab@group-85818134391C: shutdown
2019-10-21 21:56:46,538 [main] INFO  util.JmxRegister (JmxRegister.java:unregister(73)) - Successfully un-registered JMX Bean with object name Ratis:service=RaftServer,group=group-85818134391C,id=683a42e8-804c-4291-9261-2bc66677cfab
2019-10-21 21:56:46,538 [main] INFO  impl.RoleInfo (RoleInfo.java:shutdownLeaderState(104)) - 683a42e8-804c-4291-9261-2bc66677cfab: shutdown LeaderState
2019-10-21 21:56:46,538 [ForkJoinPool.commonPool-worker-0] INFO  server.GrpcService (GrpcService.java:closeImpl(172)) - 8d79625f-2c74-448d-b811-8fe783a575f1: shutdown server with port 35698 successfully
2019-10-21 21:56:46,538 [main] INFO  impl.PendingRequests (PendingRequests.java:sendNotLeaderResponses(202)) - 683a42e8-804c-4291-9261-2bc66677cfab@group-85818134391C-PendingRequests: sendNotLeaderResponses
2019-10-21 21:56:46,539 [main] INFO  impl.StateMachineUpdater (StateMachineUpdater.java:stopAndJoin(136)) - 683a42e8-804c-4291-9261-2bc66677cfab@group-85818134391C-StateMachineUpdater: set stopIndex = 0
2019-10-21 21:56:46,540 [main] INFO  impl.RaftServerImpl (ServerState.java:close(388)) - 683a42e8-804c-4291-9261-2bc66677cfab@group-85818134391C: closes. applyIndex: 0
2019-10-21 21:56:46,540 [refreshUsed-/workdir/hadoop-ozone/integration-test/target/test-dir/MiniOzoneClusterImpl-f9df1159-a46e-43dd-90f7-e431812950fc/datanode-2/data/containers] WARN  fs.CachingGetSpaceUsed (CachingGetSpaceUsed.java:run(183)) - Thread Interrupted waiting to refresh disk information: sleep interrupted
2019-10-21 21:56:46,541 [683a42e8-804c-4291-9261-2bc66677cfab@group-85818134391C-SegmentedRaftLogWorker] INFO  segmented.SegmentedRaftLogWorker (SegmentedRaftLogWorker.java:run(316)) - 683a42e8-804c-4291-9261-2bc66677cfab@group-85818134391C-SegmentedRaftLogWorker was interrupted, exiting. There are 0 tasks remaining in the queue.
2019-10-21 21:56:46,543 [main] INFO  segmented.SegmentedRaftLogWorker (SegmentedRaftLogWorker.java:close(224)) - 683a42e8-804c-4291-9261-2bc66677cfab@group-85818134391C-SegmentedRaftLogWorker close()
2019-10-21 21:56:46,546 [main] INFO  server.GrpcService (GrpcService.java:closeImpl(164)) - 683a42e8-804c-4291-9261-2bc66677cfab: shutdown server with port 38974 now
2019-10-21 21:56:46,546 [main] INFO  server.GrpcService (GrpcService.java:closeImpl(172)) - 683a42e8-804c-4291-9261-2bc66677cfab: shutdown server with port 38974 successfully
2019-10-21 21:56:46,555 [refreshUsed-/workdir/hadoop-ozone/integration-test/target/test-dir/MiniOzoneClusterImpl-f9df1159-a46e-43dd-90f7-e431812950fc/datanode-5/data/containers] WARN  fs.CachingGetSpaceUsed (CachingGetSpaceUsed.java:run(183)) - Thread Interrupted waiting to refresh disk information: sleep interrupted
2019-10-21 21:56:46,565 [ForkJoinPool.commonPool-worker-0] INFO  utils.BackgroundService (BackgroundService.java:shutdown(151)) - Shutting down service BlockDeletingService
2019-10-21 21:56:46,572 [ForkJoinPool.commonPool-worker-0] INFO  statemachine.DatanodeStateMachine (DatanodeStateMachine.java:stopDaemon(395)) - Ozone container server stopped.
2019-10-21 21:56:46,577 [ForkJoinPool.commonPool-worker-0] INFO  handler.ContextHandler (ContextHandler.java:doStop(910)) - Stopped o.e.j.w.WebAppContext@6a1d526c{/,null,UNAVAILABLE}{/hddsDatanode}
2019-10-21 21:56:46,578 [ForkJoinPool.commonPool-worker-0] INFO  server.AbstractConnector (AbstractConnector.java:doStop(318)) - Stopped ServerConnector@1f2f0109{HTTP/1.1,[http/1.1]}{0.0.0.0:0}
2019-10-21 21:56:46,580 [ForkJoinPool.commonPool-worker-0] INFO  handler.ContextHandler (ContextHandler.java:doStop(910)) - Stopped o.e.j.s.ServletContextHandler@31b82e0f{/static,jar:file:/home/user/.m2/repository/org/apache/hadoop/hadoop-hdds-container-service/0.5.0-SNAPSHOT/hadoop-hdds-container-service-0.5.0-SNAPSHOT.jar!/webapps/static,UNAVAILABLE}
2019-10-21 21:56:46,580 [main] INFO  utils.BackgroundService (BackgroundService.java:shutdown(151)) - Shutting down service BlockDeletingService
2019-10-21 21:56:46,581 [ForkJoinPool.commonPool-worker-0] INFO  handler.ContextHandler (ContextHandler.java:doStop(910)) - Stopped o.e.j.s.ServletContextHandler@2ead6ba4{/logs,file:///workdir/hadoop-ozone/integration-test/target/log,UNAVAILABLE}
2019-10-21 21:56:46,587 [main] INFO  statemachine.DatanodeStateMachine (DatanodeStateMachine.java:stopDaemon(395)) - Ozone container server stopped.
2019-10-21 21:56:46,589 [main] INFO  handler.ContextHandler (ContextHandler.java:doStop(910)) - Stopped o.e.j.w.WebAppContext@4ed5a1b0{/,null,UNAVAILABLE}{/hddsDatanode}
2019-10-21 21:56:46,590 [main] INFO  server.AbstractConnector (AbstractConnector.java:doStop(318)) - Stopped ServerConnector@18d003cd{HTTP/1.1,[http/1.1]}{0.0.0.0:0}
2019-10-21 21:56:46,590 [main] INFO  handler.ContextHandler (ContextHandler.java:doStop(910)) - Stopped o.e.j.s.ServletContextHandler@3e28fee1{/static,jar:file:/home/user/.m2/repository/org/apache/hadoop/hadoop-hdds-container-service/0.5.0-SNAPSHOT/hadoop-hdds-container-service-0.5.0-SNAPSHOT.jar!/webapps/static,UNAVAILABLE}
2019-10-21 21:56:46,591 [main] INFO  handler.ContextHandler (ContextHandler.java:doStop(910)) - Stopped o.e.j.s.ServletContextHandler@4dac121d{/logs,file:///workdir/hadoop-ozone/integration-test/target/log,UNAVAILABLE}
2019-10-21 21:56:47,193 [Datanode State Machine Thread - 0] INFO  statemachine.DatanodeStateMachine (DatanodeStateMachine.java:lambda$startDaemon$0(350)) - Ozone container server started.
2019-10-21 21:56:47,196 [Datanode State Machine Thread - 0] INFO  statemachine.DatanodeStateMachine (DatanodeStateMachine.java:lambda$startDaemon$0(350)) - Ozone container server started.
2019-10-21 21:56:47,725 [Thread-2024] INFO  impl.FollowerState (FollowerState.java:run(108)) - 7b88ca7b-bd9b-4a64-8114-d91a9b2f31f1@group-43E39F6D4740-FollowerState: change to CANDIDATE, lastRpcTime:1723ms, electionTimeout:1093ms
2019-10-21 21:56:47,725 [Thread-2024] INFO  impl.RoleInfo (RoleInfo.java:shutdownFollowerState(121)) - 7b88ca7b-bd9b-4a64-8114-d91a9b2f31f1: shutdown FollowerState
2019-10-21 21:56:47,725 [Thread-2024] INFO  impl.RaftServerImpl (RaftServerImpl.java:setRole(184)) - 7b88ca7b-bd9b-4a64-8114-d91a9b2f31f1@group-43E39F6D4740: changes role from  FOLLOWER to CANDIDATE at term 3 for changeToCandidate
2019-10-21 21:56:47,725 [Thread-2024] INFO  impl.RoleInfo (RoleInfo.java:updateAndGet(143)) - 7b88ca7b-bd9b-4a64-8114-d91a9b2f31f1: start LeaderElection
2019-10-21 21:56:47,726 [7b88ca7b-bd9b-4a64-8114-d91a9b2f31f1@group-43E39F6D4740-LeaderElection176] INFO  impl.RaftServerImpl (ServerState.java:setLeader(256)) - 7b88ca7b-bd9b-4a64-8114-d91a9b2f31f1@group-43E39F6D4740: change Leader from 8d79625f-2c74-448d-b811-8fe783a575f1 to null at term 3 for initElection
2019-10-21 21:56:47,741 [7b88ca7b-bd9b-4a64-8114-d91a9b2f31f1@group-43E39F6D4740-LeaderElection176] INFO  impl.LeaderElection (LeaderElection.java:askForVotes(178)) - 7b88ca7b-bd9b-4a64-8114-d91a9b2f31f1@group-43E39F6D4740-LeaderElection176: begin an election at term 4 for 0: [7b88ca7b-bd9b-4a64-8114-d91a9b2f31f1:192.168.69.92:38504, 590972a8-254a-4d11-9ee4-9846de224337:192.168.69.92:35899, 8d79625f-2c74-448d-b811-8fe783a575f1:192.168.69.92:35698], old=null
2019-10-21 21:56:47,746 [7b88ca7b-bd9b-4a64-8114-d91a9b2f31f1@group-43E39F6D4740-LeaderElection176] INFO  impl.LeaderElection (LogUtils.java:infoOrTrace(149)) - 7b88ca7b-bd9b-4a64-8114-d91a9b2f31f1@group-43E39F6D4740-LeaderElection176 got exception when requesting votes: {}
java.util.concurrent.ExecutionException: org.apache.ratis.thirdparty.io.grpc.StatusRuntimeException: UNAVAILABLE: io exception
	at java.util.concurrent.FutureTask.report(FutureTask.java:122)
	at java.util.concurrent.FutureTask.get(FutureTask.java:192)
	at org.apache.ratis.server.impl.LeaderElection.waitForResults(LeaderElection.java:259)
	at org.apache.ratis.server.impl.LeaderElection.askForVotes(LeaderElection.java:197)
	at org.apache.ratis.server.impl.LeaderElection.run(LeaderElection.java:133)
	at java.lang.Thread.run(Thread.java:748)
Caused by: org.apache.ratis.thirdparty.io.grpc.StatusRuntimeException: UNAVAILABLE: io exception
	at org.apache.ratis.thirdparty.io.grpc.stub.ClientCalls.toStatusRuntimeException(ClientCalls.java:233)
	at org.apache.ratis.thirdparty.io.grpc.stub.ClientCalls.getUnchecked(ClientCalls.java:214)
	at org.apache.ratis.thirdparty.io.grpc.stub.ClientCalls.blockingUnaryCall(ClientCalls.java:139)
	at org.apache.ratis.proto.grpc.RaftServerProtocolServiceGrpc$RaftServerProtocolServiceBlockingStub.requestVote(RaftServerProtocolServiceGrpc.java:265)
	at org.apache.ratis.grpc.server.GrpcServerProtocolClient.requestVote(GrpcServerProtocolClient.java:99)
	at org.apache.ratis.grpc.server.GrpcService.requestVote(GrpcService.java:204)
	at org.apache.ratis.server.impl.LeaderElection.lambda$submitRequests$1(LeaderElection.java:234)
	at java.util.concurrent.FutureTask.run(FutureTask.java:266)
	at java.util.concurrent.Executors$RunnableAdapter.call(Executors.java:511)
	at java.util.concurrent.FutureTask.run(FutureTask.java:266)
	at java.util.concurrent.ThreadPoolExecutor.runWorker(ThreadPoolExecutor.java:1149)
	at java.util.concurrent.ThreadPoolExecutor$Worker.run(ThreadPoolExecutor.java:624)
	... 1 more
Caused by: org.apache.ratis.thirdparty.io.netty.channel.AbstractChannel$AnnotatedConnectException: Connection refused: /192.168.69.92:35698
	at sun.nio.ch.SocketChannelImpl.checkConnect(Native Method)
	at sun.nio.ch.SocketChannelImpl.finishConnect(SocketChannelImpl.java:717)
	at org.apache.ratis.thirdparty.io.netty.channel.socket.nio.NioSocketChannel.doFinishConnect(NioSocketChannel.java:327)
	at org.apache.ratis.thirdparty.io.netty.channel.nio.AbstractNioChannel$AbstractNioUnsafe.finishConnect(AbstractNioChannel.java:340)
	at org.apache.ratis.thirdparty.io.netty.channel.nio.NioEventLoop.processSelectedKey(NioEventLoop.java:632)
	at org.apache.ratis.thirdparty.io.netty.channel.nio.NioEventLoop.processSelectedKeysOptimized(NioEventLoop.java:579)
	at org.apache.ratis.thirdparty.io.netty.channel.nio.NioEventLoop.processSelectedKeys(NioEventLoop.java:496)
	at org.apache.ratis.thirdparty.io.netty.channel.nio.NioEventLoop.run(NioEventLoop.java:458)
	at org.apache.ratis.thirdparty.io.netty.util.concurrent.SingleThreadEventExecutor$5.run(SingleThreadEventExecutor.java:897)
	at org.apache.ratis.thirdparty.io.netty.util.concurrent.FastThreadLocalRunnable.run(FastThreadLocalRunnable.java:30)
	... 1 more
Caused by: java.net.ConnectException: Connection refused
	... 11 more
2019-10-21 21:56:47,750 [grpc-default-executor-0] INFO  impl.RaftServerImpl (ServerState.java:setLeader(256)) - 590972a8-254a-4d11-9ee4-9846de224337@group-43E39F6D4740: change Leader from 8d79625f-2c74-448d-b811-8fe783a575f1 to null at term 4 for updateCurrentTerm
2019-10-21 21:56:47,750 [grpc-default-executor-0] INFO  impl.RaftServerImpl (RaftServerImpl.java:setRole(184)) - 590972a8-254a-4d11-9ee4-9846de224337@group-43E39F6D4740: changes role from  FOLLOWER to FOLLOWER at term 4 for recognizeCandidate:7b88ca7b-bd9b-4a64-8114-d91a9b2f31f1
2019-10-21 21:56:47,750 [grpc-default-executor-0] INFO  impl.RoleInfo (RoleInfo.java:shutdownFollowerState(121)) - 590972a8-254a-4d11-9ee4-9846de224337: shutdown FollowerState
2019-10-21 21:56:47,750 [grpc-default-executor-0] INFO  impl.RoleInfo (RoleInfo.java:updateAndGet(143)) - 590972a8-254a-4d11-9ee4-9846de224337: start FollowerState
2019-10-21 21:56:47,750 [Thread-2018] INFO  impl.FollowerState (FollowerState.java:run(117)) - 590972a8-254a-4d11-9ee4-9846de224337@group-43E39F6D4740-FollowerState was interrupted: java.lang.InterruptedException: sleep interrupted
2019-10-21 21:56:47,765 [7b88ca7b-bd9b-4a64-8114-d91a9b2f31f1@group-43E39F6D4740-LeaderElection176] INFO  impl.LeaderElection (LeaderElection.java:logAndReturn(56)) - 7b88ca7b-bd9b-4a64-8114-d91a9b2f31f1@group-43E39F6D4740-LeaderElection176: Election PASSED; received 1 response(s) [7b88ca7b-bd9b-4a64-8114-d91a9b2f31f1<-590972a8-254a-4d11-9ee4-9846de224337#0:OK-t4] and 1 exception(s); 7b88ca7b-bd9b-4a64-8114-d91a9b2f31f1@group-43E39F6D4740:t4, leader=null, voted=7b88ca7b-bd9b-4a64-8114-d91a9b2f31f1, raftlog=7b88ca7b-bd9b-4a64-8114-d91a9b2f31f1@group-43E39F6D4740-SegmentedRaftLog:OPENED:c0,f0,i0, conf=0: [7b88ca7b-bd9b-4a64-8114-d91a9b2f31f1:192.168.69.92:38504, 590972a8-254a-4d11-9ee4-9846de224337:192.168.69.92:35899, 8d79625f-2c74-448d-b811-8fe783a575f1:192.168.69.92:35698], old=null
2019-10-21 21:56:47,765 [7b88ca7b-bd9b-4a64-8114-d91a9b2f31f1@group-43E39F6D4740-LeaderElection176] INFO  impl.LeaderElection (LogUtils.java:infoOrTrace(149)) -   Exception 0: {}
java.util.concurrent.ExecutionException: org.apache.ratis.thirdparty.io.grpc.StatusRuntimeException: UNAVAILABLE: io exception
	at java.util.concurrent.FutureTask.report(FutureTask.java:122)
	at java.util.concurrent.FutureTask.get(FutureTask.java:192)
	at org.apache.ratis.server.impl.LeaderElection.waitForResults(LeaderElection.java:259)
	at org.apache.ratis.server.impl.LeaderElection.askForVotes(LeaderElection.java:197)
	at org.apache.ratis.server.impl.LeaderElection.run(LeaderElection.java:133)
	at java.lang.Thread.run(Thread.java:748)
Caused by: org.apache.ratis.thirdparty.io.grpc.StatusRuntimeException: UNAVAILABLE: io exception
	at org.apache.ratis.thirdparty.io.grpc.stub.ClientCalls.toStatusRuntimeException(ClientCalls.java:233)
	at org.apache.ratis.thirdparty.io.grpc.stub.ClientCalls.getUnchecked(ClientCalls.java:214)
	at org.apache.ratis.thirdparty.io.grpc.stub.ClientCalls.blockingUnaryCall(ClientCalls.java:139)
	at org.apache.ratis.proto.grpc.RaftServerProtocolServiceGrpc$RaftServerProtocolServiceBlockingStub.requestVote(RaftServerProtocolServiceGrpc.java:265)
	at org.apache.ratis.grpc.server.GrpcServerProtocolClient.requestVote(GrpcServerProtocolClient.java:99)
	at org.apache.ratis.grpc.server.GrpcService.requestVote(GrpcService.java:204)
	at org.apache.ratis.server.impl.LeaderElection.lambda$submitRequests$1(LeaderElection.java:234)
	at java.util.concurrent.FutureTask.run(FutureTask.java:266)
	at java.util.concurrent.Executors$RunnableAdapter.call(Executors.java:511)
	at java.util.concurrent.FutureTask.run(FutureTask.java:266)
	at java.util.concurrent.ThreadPoolExecutor.runWorker(ThreadPoolExecutor.java:1149)
	at java.util.concurrent.ThreadPoolExecutor$Worker.run(ThreadPoolExecutor.java:624)
	... 1 more
Caused by: org.apache.ratis.thirdparty.io.netty.channel.AbstractChannel$AnnotatedConnectException: Connection refused: /192.168.69.92:35698
	at sun.nio.ch.SocketChannelImpl.checkConnect(Native Method)
	at sun.nio.ch.SocketChannelImpl.finishConnect(SocketChannelImpl.java:717)
	at org.apache.ratis.thirdparty.io.netty.channel.socket.nio.NioSocketChannel.doFinishConnect(NioSocketChannel.java:327)
	at org.apache.ratis.thirdparty.io.netty.channel.nio.AbstractNioChannel$AbstractNioUnsafe.finishConnect(AbstractNioChannel.java:340)
	at org.apache.ratis.thirdparty.io.netty.channel.nio.NioEventLoop.processSelectedKey(NioEventLoop.java:632)
	at org.apache.ratis.thirdparty.io.netty.channel.nio.NioEventLoop.processSelectedKeysOptimized(NioEventLoop.java:579)
	at org.apache.ratis.thirdparty.io.netty.channel.nio.NioEventLoop.processSelectedKeys(NioEventLoop.java:496)
	at org.apache.ratis.thirdparty.io.netty.channel.nio.NioEventLoop.run(NioEventLoop.java:458)
	at org.apache.ratis.thirdparty.io.netty.util.concurrent.SingleThreadEventExecutor$5.run(SingleThreadEventExecutor.java:897)
	at org.apache.ratis.thirdparty.io.netty.util.concurrent.FastThreadLocalRunnable.run(FastThreadLocalRunnable.java:30)
	... 1 more
Caused by: java.net.ConnectException: Connection refused
	... 11 more
2019-10-21 21:56:47,766 [7b88ca7b-bd9b-4a64-8114-d91a9b2f31f1@group-43E39F6D4740-LeaderElection176] INFO  impl.RoleInfo (RoleInfo.java:shutdownLeaderElection(134)) - 7b88ca7b-bd9b-4a64-8114-d91a9b2f31f1: shutdown LeaderElection
2019-10-21 21:56:47,766 [7b88ca7b-bd9b-4a64-8114-d91a9b2f31f1@group-43E39F6D4740-LeaderElection176] INFO  impl.RaftServerImpl (RaftServerImpl.java:setRole(184)) - 7b88ca7b-bd9b-4a64-8114-d91a9b2f31f1@group-43E39F6D4740: changes role from CANDIDATE to LEADER at term 4 for changeToLeader
2019-10-21 21:56:47,766 [7b88ca7b-bd9b-4a64-8114-d91a9b2f31f1@group-43E39F6D4740-LeaderElection176] INFO  impl.RaftServerImpl (ServerState.java:setLeader(256)) - 7b88ca7b-bd9b-4a64-8114-d91a9b2f31f1@group-43E39F6D4740: change Leader from null to 7b88ca7b-bd9b-4a64-8114-d91a9b2f31f1 at term 4 for becomeLeader, leader elected after 40ms
2019-10-21 21:56:47,766 [7b88ca7b-bd9b-4a64-8114-d91a9b2f31f1@group-43E39F6D4740-LeaderElection176] INFO  server.RaftServerConfigKeys (ConfUtils.java:logGet(43)) - raft.server.staging.catchup.gap = 1000 (default)
2019-10-21 21:56:47,766 [7b88ca7b-bd9b-4a64-8114-d91a9b2f31f1@group-43E39F6D4740-LeaderElection176] INFO  server.RaftServerConfigKeys (ConfUtils.java:logGet(43)) - raft.server.rpc.sleep.time = 25ms (default)
2019-10-21 21:56:47,767 [7b88ca7b-bd9b-4a64-8114-d91a9b2f31f1@group-43E39F6D4740-LeaderElection176] INFO  server.RaftServerConfigKeys (ConfUtils.java:logGet(43)) - raft.server.write.element-limit = 4096 (default)
2019-10-21 21:56:47,767 [7b88ca7b-bd9b-4a64-8114-d91a9b2f31f1@group-43E39F6D4740-LeaderElection176] INFO  server.RaftServerConfigKeys (ConfUtils.java:logGet(43)) - raft.server.watch.timeout = 10s (default)
2019-10-21 21:56:47,767 [7b88ca7b-bd9b-4a64-8114-d91a9b2f31f1@group-43E39F6D4740-LeaderElection176] INFO  server.RaftServerConfigKeys (ConfUtils.java:logGet(43)) - raft.server.watch.timeout.denomination = 1s (default)
2019-10-21 21:56:47,767 [7b88ca7b-bd9b-4a64-8114-d91a9b2f31f1@group-43E39F6D4740-LeaderElection176] INFO  server.RaftServerConfigKeys (ConfUtils.java:logGet(43)) - raft.server.watch.element-limit = 65536 (default)
2019-10-21 21:56:47,767 [7b88ca7b-bd9b-4a64-8114-d91a9b2f31f1@group-43E39F6D4740-LeaderElection176] INFO  server.RaftServerConfigKeys (ConfUtils.java:logGet(43)) - raft.server.log.appender.snapshot.chunk.size.max = 16MB (=16777216) (default)
2019-10-21 21:56:47,768 [7b88ca7b-bd9b-4a64-8114-d91a9b2f31f1@group-43E39F6D4740-LeaderElection176] INFO  server.RaftServerConfigKeys (ConfUtils.java:logGet(43)) - raft.server.log.appender.buffer.byte-limit = 33554432 (custom)
2019-10-21 21:56:47,768 [7b88ca7b-bd9b-4a64-8114-d91a9b2f31f1@group-43E39F6D4740-LeaderElection176] INFO  server.RaftServerConfigKeys (ConfUtils.java:logGet(43)) - raft.server.log.appender.buffer.element-limit = 1 (custom)
2019-10-21 21:56:47,768 [7b88ca7b-bd9b-4a64-8114-d91a9b2f31f1@group-43E39F6D4740-LeaderElection176] INFO  grpc.GrpcConfigKeys$Server (ConfUtils.java:logGet(43)) - raft.grpc.server.leader.outstanding.appends.max = 128 (default)
2019-10-21 21:56:47,768 [7b88ca7b-bd9b-4a64-8114-d91a9b2f31f1@group-43E39F6D4740-LeaderElection176] INFO  server.RaftServerConfigKeys (ConfUtils.java:logGet(43)) - raft.server.rpc.request.timeout = 3000ms (default)
2019-10-21 21:56:47,768 [7b88ca7b-bd9b-4a64-8114-d91a9b2f31f1@group-43E39F6D4740-LeaderElection176] INFO  server.RaftServerConfigKeys (ConfUtils.java:logGet(43)) - raft.server.log.appender.install.snapshot.enabled = false (custom)
2019-10-21 21:56:47,771 [7b88ca7b-bd9b-4a64-8114-d91a9b2f31f1@group-43E39F6D4740-LeaderElection176] INFO  server.RaftServerConfigKeys (ConfUtils.java:logGet(43)) - raft.server.log.appender.snapshot.chunk.size.max = 16MB (=16777216) (default)
2019-10-21 21:56:47,771 [7b88ca7b-bd9b-4a64-8114-d91a9b2f31f1@group-43E39F6D4740-LeaderElection176] INFO  server.RaftServerConfigKeys (ConfUtils.java:logGet(43)) - raft.server.log.appender.buffer.byte-limit = 33554432 (custom)
2019-10-21 21:56:47,771 [7b88ca7b-bd9b-4a64-8114-d91a9b2f31f1@group-43E39F6D4740-LeaderElection176] INFO  server.RaftServerConfigKeys (ConfUtils.java:logGet(43)) - raft.server.log.appender.buffer.element-limit = 1 (custom)
2019-10-21 21:56:47,771 [7b88ca7b-bd9b-4a64-8114-d91a9b2f31f1@group-43E39F6D4740-LeaderElection176] INFO  grpc.GrpcConfigKeys$Server (ConfUtils.java:logGet(43)) - raft.grpc.server.leader.outstanding.appends.max = 128 (default)
2019-10-21 21:56:47,771 [7b88ca7b-bd9b-4a64-8114-d91a9b2f31f1@group-43E39F6D4740-LeaderElection176] INFO  server.RaftServerConfigKeys (ConfUtils.java:logGet(43)) - raft.server.rpc.request.timeout = 3000ms (default)
2019-10-21 21:56:47,772 [7b88ca7b-bd9b-4a64-8114-d91a9b2f31f1@group-43E39F6D4740-LeaderElection176] INFO  server.RaftServerConfigKeys (ConfUtils.java:logGet(43)) - raft.server.log.appender.install.snapshot.enabled = false (custom)
2019-10-21 21:56:47,774 [7b88ca7b-bd9b-4a64-8114-d91a9b2f31f1@group-43E39F6D4740-LeaderElection176] INFO  impl.RoleInfo (RoleInfo.java:updateAndGet(143)) - 7b88ca7b-bd9b-4a64-8114-d91a9b2f31f1: start LeaderState
2019-10-21 21:56:47,774 [7b88ca7b-bd9b-4a64-8114-d91a9b2f31f1@group-43E39F6D4740-LeaderElection176] INFO  segmented.SegmentedRaftLogWorker (SegmentedRaftLogWorker.java:rollLogSegment(390)) - 7b88ca7b-bd9b-4a64-8114-d91a9b2f31f1@group-43E39F6D4740-SegmentedRaftLogWorker: Rolling segment log-0_0 to index:0
2019-10-21 21:56:47,775 [7b88ca7b-bd9b-4a64-8114-d91a9b2f31f1@group-43E39F6D4740-LeaderElection176] INFO  impl.RaftServerImpl (ServerState.java:setRaftConf(357)) - 7b88ca7b-bd9b-4a64-8114-d91a9b2f31f1@group-43E39F6D4740: set configuration 1: [7b88ca7b-bd9b-4a64-8114-d91a9b2f31f1:192.168.69.92:38504, 590972a8-254a-4d11-9ee4-9846de224337:192.168.69.92:35899, 8d79625f-2c74-448d-b811-8fe783a575f1:192.168.69.92:35698], old=null at 1
2019-10-21 21:56:47,775 [7b88ca7b-bd9b-4a64-8114-d91a9b2f31f1@group-43E39F6D4740-SegmentedRaftLogWorker] INFO  segmented.SegmentedRaftLogWorker (SegmentedRaftLogWorker.java:execute(533)) - 7b88ca7b-bd9b-4a64-8114-d91a9b2f31f1@group-43E39F6D4740-SegmentedRaftLogWorker: Rolled log segment from /workdir/hadoop-ozone/integration-test/target/test-dir/MiniOzoneClusterImpl-f9df1159-a46e-43dd-90f7-e431812950fc/datanode-0/data/ratis/db4d59e7-2968-4e82-823f-43e39f6d4740/current/log_inprogress_0 to /workdir/hadoop-ozone/integration-test/target/test-dir/MiniOzoneClusterImpl-f9df1159-a46e-43dd-90f7-e431812950fc/datanode-0/data/ratis/db4d59e7-2968-4e82-823f-43e39f6d4740/current/log_0-0
2019-10-21 21:56:47,776 [grpc-default-executor-0] WARN  server.GrpcLogAppender (LogUtils.java:warn(134)) - 7b88ca7b-bd9b-4a64-8114-d91a9b2f31f1@group-43E39F6D4740->8d79625f-2c74-448d-b811-8fe783a575f1-AppendLogResponseHandler: Failed appendEntries: org.apache.ratis.thirdparty.io.grpc.StatusRuntimeException: UNAVAILABLE: io exception
2019-10-21 21:56:47,776 [grpc-default-executor-5] INFO  impl.RaftServerImpl (ServerState.java:setLeader(256)) - 590972a8-254a-4d11-9ee4-9846de224337@group-43E39F6D4740: change Leader from null to 7b88ca7b-bd9b-4a64-8114-d91a9b2f31f1 at term 4 for appendEntries, leader elected after 26ms
2019-10-21 21:56:47,779 [grpc-default-executor-0] INFO  impl.RaftServerImpl (ServerState.java:setRaftConf(357)) - 590972a8-254a-4d11-9ee4-9846de224337@group-43E39F6D4740: set configuration 1: [7b88ca7b-bd9b-4a64-8114-d91a9b2f31f1:192.168.69.92:38504, 590972a8-254a-4d11-9ee4-9846de224337:192.168.69.92:35899, 8d79625f-2c74-448d-b811-8fe783a575f1:192.168.69.92:35698], old=null at 1
2019-10-21 21:56:47,779 [grpc-default-executor-0] INFO  segmented.SegmentedRaftLogWorker (SegmentedRaftLogWorker.java:rollLogSegment(390)) - 590972a8-254a-4d11-9ee4-9846de224337@group-43E39F6D4740-SegmentedRaftLogWorker: Rolling segment log-0_0 to index:0
2019-10-21 21:56:47,780 [590972a8-254a-4d11-9ee4-9846de224337@group-43E39F6D4740-SegmentedRaftLogWorker] INFO  segmented.SegmentedRaftLogWorker (SegmentedRaftLogWorker.java:execute(533)) - 590972a8-254a-4d11-9ee4-9846de224337@group-43E39F6D4740-SegmentedRaftLogWorker: Rolled log segment from /workdir/hadoop-ozone/integration-test/target/test-dir/MiniOzoneClusterImpl-f9df1159-a46e-43dd-90f7-e431812950fc/datanode-7/data/ratis/db4d59e7-2968-4e82-823f-43e39f6d4740/current/log_inprogress_0 to /workdir/hadoop-ozone/integration-test/target/test-dir/MiniOzoneClusterImpl-f9df1159-a46e-43dd-90f7-e431812950fc/datanode-7/data/ratis/db4d59e7-2968-4e82-823f-43e39f6d4740/current/log_0-0
2019-10-21 21:56:47,818 [590972a8-254a-4d11-9ee4-9846de224337@group-43E39F6D4740-SegmentedRaftLogWorker] INFO  segmented.SegmentedRaftLogWorker (SegmentedRaftLogWorker.java:execute(576)) - 590972a8-254a-4d11-9ee4-9846de224337@group-43E39F6D4740-SegmentedRaftLogWorker: created new log segment /workdir/hadoop-ozone/integration-test/target/test-dir/MiniOzoneClusterImpl-f9df1159-a46e-43dd-90f7-e431812950fc/datanode-7/data/ratis/db4d59e7-2968-4e82-823f-43e39f6d4740/current/log_inprogress_1
2019-10-21 21:56:47,818 [7b88ca7b-bd9b-4a64-8114-d91a9b2f31f1@group-43E39F6D4740-SegmentedRaftLogWorker] INFO  segmented.SegmentedRaftLogWorker (SegmentedRaftLogWorker.java:execute(576)) - 7b88ca7b-bd9b-4a64-8114-d91a9b2f31f1@group-43E39F6D4740-SegmentedRaftLogWorker: created new log segment /workdir/hadoop-ozone/integration-test/target/test-dir/MiniOzoneClusterImpl-f9df1159-a46e-43dd-90f7-e431812950fc/datanode-0/data/ratis/db4d59e7-2968-4e82-823f-43e39f6d4740/current/log_inprogress_1
2019-10-21 21:56:48,089 [Thread-1943] INFO  impl.FollowerState (FollowerState.java:run(108)) - 149f4235-2e38-4d95-abe8-6ba232811729@group-9BA08151BADB-FollowerState: change to CANDIDATE, lastRpcTime:1658ms, electionTimeout:1025ms
2019-10-21 21:56:48,090 [Thread-1943] INFO  impl.RoleInfo (RoleInfo.java:shutdownFollowerState(121)) - 149f4235-2e38-4d95-abe8-6ba232811729: shutdown FollowerState
2019-10-21 21:56:48,090 [Thread-1943] INFO  impl.RaftServerImpl (RaftServerImpl.java:setRole(184)) - 149f4235-2e38-4d95-abe8-6ba232811729@group-9BA08151BADB: changes role from  FOLLOWER to CANDIDATE at term 1 for changeToCandidate
2019-10-21 21:56:48,090 [Thread-1943] INFO  impl.RoleInfo (RoleInfo.java:updateAndGet(143)) - 149f4235-2e38-4d95-abe8-6ba232811729: start LeaderElection
2019-10-21 21:56:48,091 [149f4235-2e38-4d95-abe8-6ba232811729@group-9BA08151BADB-LeaderElection177] INFO  impl.RaftServerImpl (ServerState.java:setLeader(256)) - 149f4235-2e38-4d95-abe8-6ba232811729@group-9BA08151BADB: change Leader from 683a42e8-804c-4291-9261-2bc66677cfab to null at term 1 for initElection
2019-10-21 21:56:48,105 [149f4235-2e38-4d95-abe8-6ba232811729@group-9BA08151BADB-LeaderElection177] INFO  impl.LeaderElection (LeaderElection.java:askForVotes(178)) - 149f4235-2e38-4d95-abe8-6ba232811729@group-9BA08151BADB-LeaderElection177: begin an election at term 2 for 0: [7c4ddf80-db3d-4d0c-b4eb-75f8718eed44:192.168.69.92:34489, 683a42e8-804c-4291-9261-2bc66677cfab:192.168.69.92:38974, 149f4235-2e38-4d95-abe8-6ba232811729:192.168.69.92:32958], old=null
2019-10-21 21:56:48,108 [149f4235-2e38-4d95-abe8-6ba232811729@group-9BA08151BADB-LeaderElection177] INFO  impl.LeaderElection (LogUtils.java:infoOrTrace(149)) - 149f4235-2e38-4d95-abe8-6ba232811729@group-9BA08151BADB-LeaderElection177 got exception when requesting votes: {}
java.util.concurrent.ExecutionException: org.apache.ratis.thirdparty.io.grpc.StatusRuntimeException: UNAVAILABLE: io exception
	at java.util.concurrent.FutureTask.report(FutureTask.java:122)
	at java.util.concurrent.FutureTask.get(FutureTask.java:192)
	at org.apache.ratis.server.impl.LeaderElection.waitForResults(LeaderElection.java:259)
	at org.apache.ratis.server.impl.LeaderElection.askForVotes(LeaderElection.java:197)
	at org.apache.ratis.server.impl.LeaderElection.run(LeaderElection.java:133)
	at java.lang.Thread.run(Thread.java:748)
Caused by: org.apache.ratis.thirdparty.io.grpc.StatusRuntimeException: UNAVAILABLE: io exception
	at org.apache.ratis.thirdparty.io.grpc.stub.ClientCalls.toStatusRuntimeException(ClientCalls.java:233)
	at org.apache.ratis.thirdparty.io.grpc.stub.ClientCalls.getUnchecked(ClientCalls.java:214)
	at org.apache.ratis.thirdparty.io.grpc.stub.ClientCalls.blockingUnaryCall(ClientCalls.java:139)
	at org.apache.ratis.proto.grpc.RaftServerProtocolServiceGrpc$RaftServerProtocolServiceBlockingStub.requestVote(RaftServerProtocolServiceGrpc.java:265)
	at org.apache.ratis.grpc.server.GrpcServerProtocolClient.requestVote(GrpcServerProtocolClient.java:99)
	at org.apache.ratis.grpc.server.GrpcService.requestVote(GrpcService.java:204)
	at org.apache.ratis.server.impl.LeaderElection.lambda$submitRequests$1(LeaderElection.java:234)
	at java.util.concurrent.FutureTask.run(FutureTask.java:266)
	at java.util.concurrent.Executors$RunnableAdapter.call(Executors.java:511)
	at java.util.concurrent.FutureTask.run(FutureTask.java:266)
	at java.util.concurrent.ThreadPoolExecutor.runWorker(ThreadPoolExecutor.java:1149)
	at java.util.concurrent.ThreadPoolExecutor$Worker.run(ThreadPoolExecutor.java:624)
	... 1 more
Caused by: org.apache.ratis.thirdparty.io.netty.channel.AbstractChannel$AnnotatedConnectException: Connection refused: /192.168.69.92:38974
	at sun.nio.ch.SocketChannelImpl.checkConnect(Native Method)
	at sun.nio.ch.SocketChannelImpl.finishConnect(SocketChannelImpl.java:717)
	at org.apache.ratis.thirdparty.io.netty.channel.socket.nio.NioSocketChannel.doFinishConnect(NioSocketChannel.java:327)
	at org.apache.ratis.thirdparty.io.netty.channel.nio.AbstractNioChannel$AbstractNioUnsafe.finishConnect(AbstractNioChannel.java:340)
	at org.apache.ratis.thirdparty.io.netty.channel.nio.NioEventLoop.processSelectedKey(NioEventLoop.java:632)
	at org.apache.ratis.thirdparty.io.netty.channel.nio.NioEventLoop.processSelectedKeysOptimized(NioEventLoop.java:579)
	at org.apache.ratis.thirdparty.io.netty.channel.nio.NioEventLoop.processSelectedKeys(NioEventLoop.java:496)
	at org.apache.ratis.thirdparty.io.netty.channel.nio.NioEventLoop.run(NioEventLoop.java:458)
	at org.apache.ratis.thirdparty.io.netty.util.concurrent.SingleThreadEventExecutor$5.run(SingleThreadEventExecutor.java:897)
	at org.apache.ratis.thirdparty.io.netty.util.concurrent.FastThreadLocalRunnable.run(FastThreadLocalRunnable.java:30)
	... 1 more
Caused by: java.net.ConnectException: Connection refused
	... 11 more
2019-10-21 21:56:48,113 [grpc-default-executor-0] INFO  impl.RaftServerImpl (ServerState.java:setLeader(256)) - 7c4ddf80-db3d-4d0c-b4eb-75f8718eed44@group-9BA08151BADB: change Leader from 683a42e8-804c-4291-9261-2bc66677cfab to null at term 2 for updateCurrentTerm
2019-10-21 21:56:48,113 [grpc-default-executor-0] INFO  impl.RaftServerImpl (RaftServerImpl.java:setRole(184)) - 7c4ddf80-db3d-4d0c-b4eb-75f8718eed44@group-9BA08151BADB: changes role from  FOLLOWER to FOLLOWER at term 2 for recognizeCandidate:149f4235-2e38-4d95-abe8-6ba232811729
2019-10-21 21:56:48,113 [grpc-default-executor-0] INFO  impl.RoleInfo (RoleInfo.java:shutdownFollowerState(121)) - 7c4ddf80-db3d-4d0c-b4eb-75f8718eed44: shutdown FollowerState
2019-10-21 21:56:48,113 [grpc-default-executor-0] INFO  impl.RoleInfo (RoleInfo.java:updateAndGet(143)) - 7c4ddf80-db3d-4d0c-b4eb-75f8718eed44: start FollowerState
2019-10-21 21:56:48,113 [Thread-1944] INFO  impl.FollowerState (FollowerState.java:run(117)) - 7c4ddf80-db3d-4d0c-b4eb-75f8718eed44@group-9BA08151BADB-FollowerState was interrupted: java.lang.InterruptedException: sleep interrupted
2019-10-21 21:56:48,122 [149f4235-2e38-4d95-abe8-6ba232811729@group-9BA08151BADB-LeaderElection177] INFO  impl.LeaderElection (LeaderElection.java:logAndReturn(56)) - 149f4235-2e38-4d95-abe8-6ba232811729@group-9BA08151BADB-LeaderElection177: Election PASSED; received 1 response(s) [149f4235-2e38-4d95-abe8-6ba232811729<-7c4ddf80-db3d-4d0c-b4eb-75f8718eed44#0:OK-t2] and 1 exception(s); 149f4235-2e38-4d95-abe8-6ba232811729@group-9BA08151BADB:t2, leader=null, voted=149f4235-2e38-4d95-abe8-6ba232811729, raftlog=149f4235-2e38-4d95-abe8-6ba232811729@group-9BA08151BADB-SegmentedRaftLog:OPENED:c10,f10,i10, conf=0: [7c4ddf80-db3d-4d0c-b4eb-75f8718eed44:192.168.69.92:34489, 683a42e8-804c-4291-9261-2bc66677cfab:192.168.69.92:38974, 149f4235-2e38-4d95-abe8-6ba232811729:192.168.69.92:32958], old=null
2019-10-21 21:56:48,122 [149f4235-2e38-4d95-abe8-6ba232811729@group-9BA08151BADB-LeaderElection177] INFO  impl.LeaderElection (LogUtils.java:infoOrTrace(149)) -   Exception 0: {}
java.util.concurrent.ExecutionException: org.apache.ratis.thirdparty.io.grpc.StatusRuntimeException: UNAVAILABLE: io exception
	at java.util.concurrent.FutureTask.report(FutureTask.java:122)
	at java.util.concurrent.FutureTask.get(FutureTask.java:192)
	at org.apache.ratis.server.impl.LeaderElection.waitForResults(LeaderElection.java:259)
	at org.apache.ratis.server.impl.LeaderElection.askForVotes(LeaderElection.java:197)
	at org.apache.ratis.server.impl.LeaderElection.run(LeaderElection.java:133)
	at java.lang.Thread.run(Thread.java:748)
Caused by: org.apache.ratis.thirdparty.io.grpc.StatusRuntimeException: UNAVAILABLE: io exception
	at org.apache.ratis.thirdparty.io.grpc.stub.ClientCalls.toStatusRuntimeException(ClientCalls.java:233)
	at org.apache.ratis.thirdparty.io.grpc.stub.ClientCalls.getUnchecked(ClientCalls.java:214)
	at org.apache.ratis.thirdparty.io.grpc.stub.ClientCalls.blockingUnaryCall(ClientCalls.java:139)
	at org.apache.ratis.proto.grpc.RaftServerProtocolServiceGrpc$RaftServerProtocolServiceBlockingStub.requestVote(RaftServerProtocolServiceGrpc.java:265)
	at org.apache.ratis.grpc.server.GrpcServerProtocolClient.requestVote(GrpcServerProtocolClient.java:99)
	at org.apache.ratis.grpc.server.GrpcService.requestVote(GrpcService.java:204)
	at org.apache.ratis.server.impl.LeaderElection.lambda$submitRequests$1(LeaderElection.java:234)
	at java.util.concurrent.FutureTask.run(FutureTask.java:266)
	at java.util.concurrent.Executors$RunnableAdapter.call(Executors.java:511)
	at java.util.concurrent.FutureTask.run(FutureTask.java:266)
	at java.util.concurrent.ThreadPoolExecutor.runWorker(ThreadPoolExecutor.java:1149)
	at java.util.concurrent.ThreadPoolExecutor$Worker.run(ThreadPoolExecutor.java:624)
	... 1 more
Caused by: org.apache.ratis.thirdparty.io.netty.channel.AbstractChannel$AnnotatedConnectException: Connection refused: /192.168.69.92:38974
	at sun.nio.ch.SocketChannelImpl.checkConnect(Native Method)
	at sun.nio.ch.SocketChannelImpl.finishConnect(SocketChannelImpl.java:717)
	at org.apache.ratis.thirdparty.io.netty.channel.socket.nio.NioSocketChannel.doFinishConnect(NioSocketChannel.java:327)
	at org.apache.ratis.thirdparty.io.netty.channel.nio.AbstractNioChannel$AbstractNioUnsafe.finishConnect(AbstractNioChannel.java:340)
	at org.apache.ratis.thirdparty.io.netty.channel.nio.NioEventLoop.processSelectedKey(NioEventLoop.java:632)
	at org.apache.ratis.thirdparty.io.netty.channel.nio.NioEventLoop.processSelectedKeysOptimized(NioEventLoop.java:579)
	at org.apache.ratis.thirdparty.io.netty.channel.nio.NioEventLoop.processSelectedKeys(NioEventLoop.java:496)
	at org.apache.ratis.thirdparty.io.netty.channel.nio.NioEventLoop.run(NioEventLoop.java:458)
	at org.apache.ratis.thirdparty.io.netty.util.concurrent.SingleThreadEventExecutor$5.run(SingleThreadEventExecutor.java:897)
	at org.apache.ratis.thirdparty.io.netty.util.concurrent.FastThreadLocalRunnable.run(FastThreadLocalRunnable.java:30)
	... 1 more
Caused by: java.net.ConnectException: Connection refused
	... 11 more
2019-10-21 21:56:48,123 [149f4235-2e38-4d95-abe8-6ba232811729@group-9BA08151BADB-LeaderElection177] INFO  impl.RoleInfo (RoleInfo.java:shutdownLeaderElection(134)) - 149f4235-2e38-4d95-abe8-6ba232811729: shutdown LeaderElection
2019-10-21 21:56:48,123 [149f4235-2e38-4d95-abe8-6ba232811729@group-9BA08151BADB-LeaderElection177] INFO  impl.RaftServerImpl (RaftServerImpl.java:setRole(184)) - 149f4235-2e38-4d95-abe8-6ba232811729@group-9BA08151BADB: changes role from CANDIDATE to LEADER at term 2 for changeToLeader
2019-10-21 21:56:48,123 [149f4235-2e38-4d95-abe8-6ba232811729@group-9BA08151BADB-LeaderElection177] INFO  impl.RaftServerImpl (ServerState.java:setLeader(256)) - 149f4235-2e38-4d95-abe8-6ba232811729@group-9BA08151BADB: change Leader from null to 149f4235-2e38-4d95-abe8-6ba232811729 at term 2 for becomeLeader, leader elected after 32ms
2019-10-21 21:56:48,123 [149f4235-2e38-4d95-abe8-6ba232811729@group-9BA08151BADB-LeaderElection177] INFO  server.RaftServerConfigKeys (ConfUtils.java:logGet(43)) - raft.server.staging.catchup.gap = 1000 (default)
2019-10-21 21:56:48,123 [149f4235-2e38-4d95-abe8-6ba232811729@group-9BA08151BADB-LeaderElection177] INFO  server.RaftServerConfigKeys (ConfUtils.java:logGet(43)) - raft.server.rpc.sleep.time = 25ms (default)
2019-10-21 21:56:48,124 [149f4235-2e38-4d95-abe8-6ba232811729@group-9BA08151BADB-LeaderElection177] INFO  server.RaftServerConfigKeys (ConfUtils.java:logGet(43)) - raft.server.write.element-limit = 4096 (default)
2019-10-21 21:56:48,124 [149f4235-2e38-4d95-abe8-6ba232811729@group-9BA08151BADB-LeaderElection177] INFO  server.RaftServerConfigKeys (ConfUtils.java:logGet(43)) - raft.server.watch.timeout = 10s (default)
2019-10-21 21:56:48,124 [149f4235-2e38-4d95-abe8-6ba232811729@group-9BA08151BADB-LeaderElection177] INFO  server.RaftServerConfigKeys (ConfUtils.java:logGet(43)) - raft.server.watch.timeout.denomination = 1s (default)
2019-10-21 21:56:48,124 [149f4235-2e38-4d95-abe8-6ba232811729@group-9BA08151BADB-LeaderElection177] INFO  server.RaftServerConfigKeys (ConfUtils.java:logGet(43)) - raft.server.watch.element-limit = 65536 (default)
2019-10-21 21:56:48,127 [149f4235-2e38-4d95-abe8-6ba232811729@group-9BA08151BADB-LeaderElection177] INFO  server.RaftServerConfigKeys (ConfUtils.java:logGet(43)) - raft.server.log.appender.snapshot.chunk.size.max = 16MB (=16777216) (default)
2019-10-21 21:56:48,128 [149f4235-2e38-4d95-abe8-6ba232811729@group-9BA08151BADB-LeaderElection177] INFO  server.RaftServerConfigKeys (ConfUtils.java:logGet(43)) - raft.server.log.appender.buffer.byte-limit = 33554432 (custom)
2019-10-21 21:56:48,128 [149f4235-2e38-4d95-abe8-6ba232811729@group-9BA08151BADB-LeaderElection177] INFO  server.RaftServerConfigKeys (ConfUtils.java:logGet(43)) - raft.server.log.appender.buffer.element-limit = 1 (custom)
2019-10-21 21:56:48,128 [149f4235-2e38-4d95-abe8-6ba232811729@group-9BA08151BADB-LeaderElection177] INFO  grpc.GrpcConfigKeys$Server (ConfUtils.java:logGet(43)) - raft.grpc.server.leader.outstanding.appends.max = 128 (default)
2019-10-21 21:56:48,128 [149f4235-2e38-4d95-abe8-6ba232811729@group-9BA08151BADB-LeaderElection177] INFO  server.RaftServerConfigKeys (ConfUtils.java:logGet(43)) - raft.server.rpc.request.timeout = 3000ms (default)
2019-10-21 21:56:48,129 [149f4235-2e38-4d95-abe8-6ba232811729@group-9BA08151BADB-LeaderElection177] INFO  server.RaftServerConfigKeys (ConfUtils.java:logGet(43)) - raft.server.log.appender.install.snapshot.enabled = false (custom)
2019-10-21 21:56:48,131 [149f4235-2e38-4d95-abe8-6ba232811729@group-9BA08151BADB-LeaderElection177] INFO  server.RaftServerConfigKeys (ConfUtils.java:logGet(43)) - raft.server.log.appender.snapshot.chunk.size.max = 16MB (=16777216) (default)
2019-10-21 21:56:48,132 [149f4235-2e38-4d95-abe8-6ba232811729@group-9BA08151BADB-LeaderElection177] INFO  server.RaftServerConfigKeys (ConfUtils.java:logGet(43)) - raft.server.log.appender.buffer.byte-limit = 33554432 (custom)
2019-10-21 21:56:48,132 [149f4235-2e38-4d95-abe8-6ba232811729@group-9BA08151BADB-LeaderElection177] INFO  server.RaftServerConfigKeys (ConfUtils.java:logGet(43)) - raft.server.log.appender.buffer.element-limit = 1 (custom)
2019-10-21 21:56:48,132 [149f4235-2e38-4d95-abe8-6ba232811729@group-9BA08151BADB-LeaderElection177] INFO  grpc.GrpcConfigKeys$Server (ConfUtils.java:logGet(43)) - raft.grpc.server.leader.outstanding.appends.max = 128 (default)
2019-10-21 21:56:48,132 [149f4235-2e38-4d95-abe8-6ba232811729@group-9BA08151BADB-LeaderElection177] INFO  server.RaftServerConfigKeys (ConfUtils.java:logGet(43)) - raft.server.rpc.request.timeout = 3000ms (default)
2019-10-21 21:56:48,133 [149f4235-2e38-4d95-abe8-6ba232811729@group-9BA08151BADB-LeaderElection177] INFO  server.RaftServerConfigKeys (ConfUtils.java:logGet(43)) - raft.server.log.appender.install.snapshot.enabled = false (custom)
2019-10-21 21:56:48,135 [149f4235-2e38-4d95-abe8-6ba232811729@group-9BA08151BADB-LeaderElection177] INFO  impl.RoleInfo (RoleInfo.java:updateAndGet(143)) - 149f4235-2e38-4d95-abe8-6ba232811729: start LeaderState
2019-10-21 21:56:48,135 [149f4235-2e38-4d95-abe8-6ba232811729@group-9BA08151BADB-LeaderElection177] INFO  segmented.SegmentedRaftLogWorker (SegmentedRaftLogWorker.java:rollLogSegment(390)) - 149f4235-2e38-4d95-abe8-6ba232811729@group-9BA08151BADB-SegmentedRaftLogWorker: Rolling segment log-0_10 to index:10
2019-10-21 21:56:48,136 [149f4235-2e38-4d95-abe8-6ba232811729@group-9BA08151BADB-LeaderElection177] INFO  impl.RaftServerImpl (ServerState.java:setRaftConf(357)) - 149f4235-2e38-4d95-abe8-6ba232811729@group-9BA08151BADB: set configuration 11: [7c4ddf80-db3d-4d0c-b4eb-75f8718eed44:192.168.69.92:34489, 683a42e8-804c-4291-9261-2bc66677cfab:192.168.69.92:38974, 149f4235-2e38-4d95-abe8-6ba232811729:192.168.69.92:32958], old=null at 11
2019-10-21 21:56:48,136 [149f4235-2e38-4d95-abe8-6ba232811729@group-9BA08151BADB-SegmentedRaftLogWorker] INFO  segmented.SegmentedRaftLogWorker (SegmentedRaftLogWorker.java:execute(533)) - 149f4235-2e38-4d95-abe8-6ba232811729@group-9BA08151BADB-SegmentedRaftLogWorker: Rolled log segment from /workdir/hadoop-ozone/integration-test/target/test-dir/MiniOzoneClusterImpl-f9df1159-a46e-43dd-90f7-e431812950fc/datanode-1/data/ratis/2f8d90cc-a176-4912-a174-9ba08151badb/current/log_inprogress_0 to /workdir/hadoop-ozone/integration-test/target/test-dir/MiniOzoneClusterImpl-f9df1159-a46e-43dd-90f7-e431812950fc/datanode-1/data/ratis/2f8d90cc-a176-4912-a174-9ba08151badb/current/log_0-10
2019-10-21 21:56:48,136 [grpc-default-executor-0] WARN  server.GrpcLogAppender (LogUtils.java:warn(134)) - 149f4235-2e38-4d95-abe8-6ba232811729@group-9BA08151BADB->683a42e8-804c-4291-9261-2bc66677cfab-AppendLogResponseHandler: Failed appendEntries: org.apache.ratis.thirdparty.io.grpc.StatusRuntimeException: UNAVAILABLE: io exception
2019-10-21 21:56:48,137 [grpc-default-executor-5] INFO  impl.RaftServerImpl (ServerState.java:setLeader(256)) - 7c4ddf80-db3d-4d0c-b4eb-75f8718eed44@group-9BA08151BADB: change Leader from null to 149f4235-2e38-4d95-abe8-6ba232811729 at term 2 for appendEntries, leader elected after 24ms
2019-10-21 21:56:48,139 [grpc-default-executor-0] INFO  impl.RaftServerImpl (ServerState.java:setRaftConf(357)) - 7c4ddf80-db3d-4d0c-b4eb-75f8718eed44@group-9BA08151BADB: set configuration 11: [7c4ddf80-db3d-4d0c-b4eb-75f8718eed44:192.168.69.92:34489, 683a42e8-804c-4291-9261-2bc66677cfab:192.168.69.92:38974, 149f4235-2e38-4d95-abe8-6ba232811729:192.168.69.92:32958], old=null at 11
2019-10-21 21:56:48,139 [grpc-default-executor-0] INFO  segmented.SegmentedRaftLogWorker (SegmentedRaftLogWorker.java:rollLogSegment(390)) - 7c4ddf80-db3d-4d0c-b4eb-75f8718eed44@group-9BA08151BADB-SegmentedRaftLogWorker: Rolling segment log-0_10 to index:10
2019-10-21 21:56:48,140 [7c4ddf80-db3d-4d0c-b4eb-75f8718eed44@group-9BA08151BADB-SegmentedRaftLogWorker] INFO  segmented.SegmentedRaftLogWorker (SegmentedRaftLogWorker.java:execute(533)) - 7c4ddf80-db3d-4d0c-b4eb-75f8718eed44@group-9BA08151BADB-SegmentedRaftLogWorker: Rolled log segment from /workdir/hadoop-ozone/integration-test/target/test-dir/MiniOzoneClusterImpl-f9df1159-a46e-43dd-90f7-e431812950fc/datanode-4/data/ratis/2f8d90cc-a176-4912-a174-9ba08151badb/current/log_inprogress_0 to /workdir/hadoop-ozone/integration-test/target/test-dir/MiniOzoneClusterImpl-f9df1159-a46e-43dd-90f7-e431812950fc/datanode-4/data/ratis/2f8d90cc-a176-4912-a174-9ba08151badb/current/log_0-10
2019-10-21 21:56:48,179 [7c4ddf80-db3d-4d0c-b4eb-75f8718eed44@group-9BA08151BADB-SegmentedRaftLogWorker] INFO  segmented.SegmentedRaftLogWorker (SegmentedRaftLogWorker.java:execute(576)) - 7c4ddf80-db3d-4d0c-b4eb-75f8718eed44@group-9BA08151BADB-SegmentedRaftLogWorker: created new log segment /workdir/hadoop-ozone/integration-test/target/test-dir/MiniOzoneClusterImpl-f9df1159-a46e-43dd-90f7-e431812950fc/datanode-4/data/ratis/2f8d90cc-a176-4912-a174-9ba08151badb/current/log_inprogress_11
2019-10-21 21:56:48,179 [149f4235-2e38-4d95-abe8-6ba232811729@group-9BA08151BADB-SegmentedRaftLogWorker] INFO  segmented.SegmentedRaftLogWorker (SegmentedRaftLogWorker.java:execute(576)) - 149f4235-2e38-4d95-abe8-6ba232811729@group-9BA08151BADB-SegmentedRaftLogWorker: created new log segment /workdir/hadoop-ozone/integration-test/target/test-dir/MiniOzoneClusterImpl-f9df1159-a46e-43dd-90f7-e431812950fc/datanode-1/data/ratis/2f8d90cc-a176-4912-a174-9ba08151badb/current/log_inprogress_11
2019-10-21 21:56:50,776 [java.util.concurrent.ThreadPoolExecutor$Worker@7114e215[State = -1, empty queue]] WARN  server.GrpcLogAppender (GrpcLogAppender.java:timeoutAppendRequest(209)) - 7b88ca7b-bd9b-4a64-8114-d91a9b2f31f1@group-43E39F6D4740->8d79625f-2c74-448d-b811-8fe783a575f1-GrpcLogAppender: appendEntries Timeout, request=7b88ca7b-bd9b-4a64-8114-d91a9b2f31f1->8d79625f-2c74-448d-b811-8fe783a575f1#0-t4, previous=(t:3, i:0), leaderCommit=0, initializing? false, entries: <empty>
2019-10-21 21:56:51,137 [java.util.concurrent.ThreadPoolExecutor$Worker@159f9708[State = -1, empty queue]] WARN  server.GrpcLogAppender (GrpcLogAppender.java:timeoutAppendRequest(209)) - 149f4235-2e38-4d95-abe8-6ba232811729@group-9BA08151BADB->683a42e8-804c-4291-9261-2bc66677cfab-GrpcLogAppender: appendEntries Timeout, request=149f4235-2e38-4d95-abe8-6ba232811729->683a42e8-804c-4291-9261-2bc66677cfab#0-t2, previous=(t:1, i:10), leaderCommit=10, initializing? false, entries: <empty>
2019-10-21 21:56:51,588 [ForkJoinPool.commonPool-worker-0] INFO  ozoneimpl.OzoneContainer (OzoneContainer.java:stop(227)) - Attempting to stop container services.
2019-10-21 21:56:51,589 [ForkJoinPool.commonPool-worker-0] INFO  impl.RaftServerProxy (RaftServerProxy.java:lambda$close$4(314)) - 25026a40-ec59-48c3-bdd0-cf5c1bf30c8c: close
2019-10-21 21:56:51,589 [ForkJoinPool.commonPool-worker-0] INFO  impl.RaftServerImpl (RaftServerImpl.java:lambda$shutdown$3(261)) - 25026a40-ec59-48c3-bdd0-cf5c1bf30c8c@group-848012D703DB: shutdown
2019-10-21 21:56:51,589 [ForkJoinPool.commonPool-worker-0] INFO  util.JmxRegister (JmxRegister.java:unregister(73)) - Successfully un-registered JMX Bean with object name Ratis:service=RaftServer,group=group-848012D703DB,id=25026a40-ec59-48c3-bdd0-cf5c1bf30c8c
2019-10-21 21:56:51,590 [ForkJoinPool.commonPool-worker-0] INFO  impl.RoleInfo (RoleInfo.java:shutdownLeaderState(104)) - 25026a40-ec59-48c3-bdd0-cf5c1bf30c8c: shutdown LeaderState
2019-10-21 21:56:51,590 [ForkJoinPool.commonPool-worker-0] INFO  impl.PendingRequests (PendingRequests.java:sendNotLeaderResponses(202)) - 25026a40-ec59-48c3-bdd0-cf5c1bf30c8c@group-848012D703DB-PendingRequests: sendNotLeaderResponses
2019-10-21 21:56:51,590 [ForkJoinPool.commonPool-worker-0] INFO  impl.StateMachineUpdater (StateMachineUpdater.java:stopAndJoin(136)) - 25026a40-ec59-48c3-bdd0-cf5c1bf30c8c@group-848012D703DB-StateMachineUpdater: set stopIndex = 0
2019-10-21 21:56:51,591 [ForkJoinPool.commonPool-worker-0] INFO  impl.RaftServerImpl (ServerState.java:close(388)) - 25026a40-ec59-48c3-bdd0-cf5c1bf30c8c@group-848012D703DB: closes. applyIndex: 0
2019-10-21 21:56:51,591 [25026a40-ec59-48c3-bdd0-cf5c1bf30c8c@group-848012D703DB-SegmentedRaftLogWorker] INFO  segmented.SegmentedRaftLogWorker (SegmentedRaftLogWorker.java:run(316)) - 25026a40-ec59-48c3-bdd0-cf5c1bf30c8c@group-848012D703DB-SegmentedRaftLogWorker was interrupted, exiting. There are 0 tasks remaining in the queue.
2019-10-21 21:56:51,594 [ForkJoinPool.commonPool-worker-0] INFO  segmented.SegmentedRaftLogWorker (SegmentedRaftLogWorker.java:close(224)) - 25026a40-ec59-48c3-bdd0-cf5c1bf30c8c@group-848012D703DB-SegmentedRaftLogWorker close()
2019-10-21 21:56:51,594 [main] INFO  ozoneimpl.OzoneContainer (OzoneContainer.java:stop(227)) - Attempting to stop container services.
2019-10-21 21:56:51,595 [ForkJoinPool.commonPool-worker-0] INFO  impl.RaftServerImpl (RaftServerImpl.java:lambda$shutdown$3(261)) - 25026a40-ec59-48c3-bdd0-cf5c1bf30c8c@group-D1A5675E21EC: shutdown
2019-10-21 21:56:51,596 [main] INFO  impl.RaftServerProxy (RaftServerProxy.java:lambda$close$4(314)) - c24b6cc2-153d-4b64-a24d-9eaa76f76215: close
2019-10-21 21:56:51,596 [ForkJoinPool.commonPool-worker-0] INFO  util.JmxRegister (JmxRegister.java:unregister(73)) - Successfully un-registered JMX Bean with object name Ratis:service=RaftServer,group=group-D1A5675E21EC,id=25026a40-ec59-48c3-bdd0-cf5c1bf30c8c
2019-10-21 21:56:51,596 [main] INFO  impl.RaftServerImpl (RaftServerImpl.java:lambda$shutdown$3(261)) - c24b6cc2-153d-4b64-a24d-9eaa76f76215@group-D1A5675E21EC: shutdown
2019-10-21 21:56:51,596 [ForkJoinPool.commonPool-worker-0] INFO  impl.RoleInfo (RoleInfo.java:shutdownFollowerState(121)) - 25026a40-ec59-48c3-bdd0-cf5c1bf30c8c: shutdown FollowerState
2019-10-21 21:56:51,596 [main] INFO  util.JmxRegister (JmxRegister.java:unregister(73)) - Successfully un-registered JMX Bean with object name Ratis:service=RaftServer,group=group-D1A5675E21EC,id=c24b6cc2-153d-4b64-a24d-9eaa76f76215
2019-10-21 21:56:51,597 [25026a40-ec59-48c3-bdd0-cf5c1bf30c8c@group-D1A5675E21EC-StateMachineUpdater] INFO  ratis.ContainerStateMachine (ContainerStateMachine.java:takeSnapshot(294)) - group-D1A5675E21EC: Taking a snapshot at:(t:4, i:2) file /workdir/hadoop-ozone/integration-test/target/test-dir/MiniOzoneClusterImpl-f9df1159-a46e-43dd-90f7-e431812950fc/datanode-3/data/ratis/7f5309d2-d201-4158-8f66-d1a5675e21ec/sm/snapshot.4_2
2019-10-21 21:56:51,597 [Thread-2148] INFO  impl.FollowerState (FollowerState.java:run(117)) - 25026a40-ec59-48c3-bdd0-cf5c1bf30c8c@group-D1A5675E21EC-FollowerState was interrupted: java.lang.InterruptedException: sleep interrupted
2019-10-21 21:56:51,597 [ForkJoinPool.commonPool-worker-0] INFO  impl.StateMachineUpdater (StateMachineUpdater.java:stopAndJoin(136)) - 25026a40-ec59-48c3-bdd0-cf5c1bf30c8c@group-D1A5675E21EC-StateMachineUpdater: set stopIndex = 3
2019-10-21 21:56:51,597 [main] INFO  impl.RoleInfo (RoleInfo.java:shutdownFollowerState(121)) - c24b6cc2-153d-4b64-a24d-9eaa76f76215: shutdown FollowerState
2019-10-21 21:56:51,598 [main] INFO  impl.StateMachineUpdater (StateMachineUpdater.java:stopAndJoin(136)) - c24b6cc2-153d-4b64-a24d-9eaa76f76215@group-D1A5675E21EC-StateMachineUpdater: set stopIndex = 3
2019-10-21 21:56:51,598 [c24b6cc2-153d-4b64-a24d-9eaa76f76215@group-D1A5675E21EC-StateMachineUpdater] INFO  ratis.ContainerStateMachine (ContainerStateMachine.java:takeSnapshot(294)) - group-D1A5675E21EC: Taking a snapshot at:(t:4, i:2) file /workdir/hadoop-ozone/integration-test/target/test-dir/MiniOzoneClusterImpl-f9df1159-a46e-43dd-90f7-e431812950fc/datanode-6/data/ratis/7f5309d2-d201-4158-8f66-d1a5675e21ec/sm/snapshot.4_2
2019-10-21 21:56:51,598 [Thread-2147] INFO  impl.FollowerState (FollowerState.java:run(117)) - c24b6cc2-153d-4b64-a24d-9eaa76f76215@group-D1A5675E21EC-FollowerState was interrupted: java.lang.InterruptedException: sleep interrupted
2019-10-21 21:56:51,610 [25026a40-ec59-48c3-bdd0-cf5c1bf30c8c@group-D1A5675E21EC-StateMachineUpdater] INFO  ratis.ContainerStateMachine (ContainerStateMachine.java:takeSnapshot(305)) - group-D1A5675E21EC: Finished taking a snapshot at:(t:4, i:2) file:/workdir/hadoop-ozone/integration-test/target/test-dir/MiniOzoneClusterImpl-f9df1159-a46e-43dd-90f7-e431812950fc/datanode-3/data/ratis/7f5309d2-d201-4158-8f66-d1a5675e21ec/sm/snapshot.4_2 time:14
2019-10-21 21:56:51,610 [c24b6cc2-153d-4b64-a24d-9eaa76f76215@group-D1A5675E21EC-StateMachineUpdater] INFO  ratis.ContainerStateMachine (ContainerStateMachine.java:takeSnapshot(305)) - group-D1A5675E21EC: Finished taking a snapshot at:(t:4, i:2) file:/workdir/hadoop-ozone/integration-test/target/test-dir/MiniOzoneClusterImpl-f9df1159-a46e-43dd-90f7-e431812950fc/datanode-6/data/ratis/7f5309d2-d201-4158-8f66-d1a5675e21ec/sm/snapshot.4_2 time:13
2019-10-21 21:56:51,611 [25026a40-ec59-48c3-bdd0-cf5c1bf30c8c@group-D1A5675E21EC-StateMachineUpdater] INFO  impl.StateMachineUpdater (StateMachineUpdater.java:takeSnapshot(269)) - 25026a40-ec59-48c3-bdd0-cf5c1bf30c8c@group-D1A5675E21EC-StateMachineUpdater: Took a snapshot at index 2
2019-10-21 21:56:51,611 [c24b6cc2-153d-4b64-a24d-9eaa76f76215@group-D1A5675E21EC-StateMachineUpdater] INFO  impl.StateMachineUpdater (StateMachineUpdater.java:takeSnapshot(269)) - c24b6cc2-153d-4b64-a24d-9eaa76f76215@group-D1A5675E21EC-StateMachineUpdater: Took a snapshot at index 2
2019-10-21 21:56:51,611 [25026a40-ec59-48c3-bdd0-cf5c1bf30c8c@group-D1A5675E21EC-StateMachineUpdater] INFO  impl.StateMachineUpdater (StateMachineUpdater.java:lambda$new$0(84)) - 25026a40-ec59-48c3-bdd0-cf5c1bf30c8c@group-D1A5675E21EC-StateMachineUpdater: snapshotIndex: updateIncreasingly -1 -> 2
2019-10-21 21:56:51,611 [c24b6cc2-153d-4b64-a24d-9eaa76f76215@group-D1A5675E21EC-StateMachineUpdater] INFO  impl.StateMachineUpdater (StateMachineUpdater.java:lambda$new$0(84)) - c24b6cc2-153d-4b64-a24d-9eaa76f76215@group-D1A5675E21EC-StateMachineUpdater: snapshotIndex: updateIncreasingly -1 -> 2
2019-10-21 21:56:51,611 [25026a40-ec59-48c3-bdd0-cf5c1bf30c8c@group-D1A5675E21EC-StateMachineUpdater] INFO  ratis.ContainerStateMachine (ContainerStateMachine.java:takeSnapshot(294)) - group-D1A5675E21EC: Taking a snapshot at:(t:4, i:2) file /workdir/hadoop-ozone/integration-test/target/test-dir/MiniOzoneClusterImpl-f9df1159-a46e-43dd-90f7-e431812950fc/datanode-3/data/ratis/7f5309d2-d201-4158-8f66-d1a5675e21ec/sm/snapshot.4_2
2019-10-21 21:56:51,611 [c24b6cc2-153d-4b64-a24d-9eaa76f76215@group-D1A5675E21EC-StateMachineUpdater] INFO  ratis.ContainerStateMachine (ContainerStateMachine.java:takeSnapshot(294)) - group-D1A5675E21EC: Taking a snapshot at:(t:4, i:2) file /workdir/hadoop-ozone/integration-test/target/test-dir/MiniOzoneClusterImpl-f9df1159-a46e-43dd-90f7-e431812950fc/datanode-6/data/ratis/7f5309d2-d201-4158-8f66-d1a5675e21ec/sm/snapshot.4_2
2019-10-21 21:56:51,623 [c24b6cc2-153d-4b64-a24d-9eaa76f76215@group-D1A5675E21EC-StateMachineUpdater] INFO  ratis.ContainerStateMachine (ContainerStateMachine.java:takeSnapshot(305)) - group-D1A5675E21EC: Finished taking a snapshot at:(t:4, i:2) file:/workdir/hadoop-ozone/integration-test/target/test-dir/MiniOzoneClusterImpl-f9df1159-a46e-43dd-90f7-e431812950fc/datanode-6/data/ratis/7f5309d2-d201-4158-8f66-d1a5675e21ec/sm/snapshot.4_2 time:13
2019-10-21 21:56:51,623 [25026a40-ec59-48c3-bdd0-cf5c1bf30c8c@group-D1A5675E21EC-StateMachineUpdater] INFO  ratis.ContainerStateMachine (ContainerStateMachine.java:takeSnapshot(305)) - group-D1A5675E21EC: Finished taking a snapshot at:(t:4, i:2) file:/workdir/hadoop-ozone/integration-test/target/test-dir/MiniOzoneClusterImpl-f9df1159-a46e-43dd-90f7-e431812950fc/datanode-3/data/ratis/7f5309d2-d201-4158-8f66-d1a5675e21ec/sm/snapshot.4_2 time:13
2019-10-21 21:56:51,624 [c24b6cc2-153d-4b64-a24d-9eaa76f76215@group-D1A5675E21EC-StateMachineUpdater] INFO  impl.StateMachineUpdater (StateMachineUpdater.java:takeSnapshot(269)) - c24b6cc2-153d-4b64-a24d-9eaa76f76215@group-D1A5675E21EC-StateMachineUpdater: Took a snapshot at index 2
2019-10-21 21:56:51,624 [25026a40-ec59-48c3-bdd0-cf5c1bf30c8c@group-D1A5675E21EC-StateMachineUpdater] INFO  impl.StateMachineUpdater (StateMachineUpdater.java:takeSnapshot(269)) - 25026a40-ec59-48c3-bdd0-cf5c1bf30c8c@group-D1A5675E21EC-StateMachineUpdater: Took a snapshot at index 2
2019-10-21 21:56:51,624 [c24b6cc2-153d-4b64-a24d-9eaa76f76215@group-D1A5675E21EC-StateMachineUpdater] INFO  impl.StateMachineUpdater (StateMachineUpdater.java:lambda$new$0(84)) - c24b6cc2-153d-4b64-a24d-9eaa76f76215@group-D1A5675E21EC-StateMachineUpdater: snapshotIndex: updateIncreasingly 2 -> 2
2019-10-21 21:56:51,624 [25026a40-ec59-48c3-bdd0-cf5c1bf30c8c@group-D1A5675E21EC-StateMachineUpdater] INFO  impl.StateMachineUpdater (StateMachineUpdater.java:lambda$new$0(84)) - 25026a40-ec59-48c3-bdd0-cf5c1bf30c8c@group-D1A5675E21EC-StateMachineUpdater: snapshotIndex: updateIncreasingly 2 -> 2
2019-10-21 21:56:51,624 [ForkJoinPool.commonPool-worker-0] INFO  impl.RaftServerImpl (ServerState.java:close(388)) - 25026a40-ec59-48c3-bdd0-cf5c1bf30c8c@group-D1A5675E21EC: closes. applyIndex: 3
2019-10-21 21:56:51,624 [main] INFO  impl.RaftServerImpl (ServerState.java:close(388)) - c24b6cc2-153d-4b64-a24d-9eaa76f76215@group-D1A5675E21EC: closes. applyIndex: 3
2019-10-21 21:56:51,624 [25026a40-ec59-48c3-bdd0-cf5c1bf30c8c@group-D1A5675E21EC-SegmentedRaftLogWorker] INFO  segmented.SegmentedRaftLogWorker (SegmentedRaftLogWorker.java:run(316)) - 25026a40-ec59-48c3-bdd0-cf5c1bf30c8c@group-D1A5675E21EC-SegmentedRaftLogWorker was interrupted, exiting. There are 0 tasks remaining in the queue.
2019-10-21 21:56:51,627 [c24b6cc2-153d-4b64-a24d-9eaa76f76215@group-D1A5675E21EC-SegmentedRaftLogWorker] INFO  segmented.SegmentedRaftLogWorker (SegmentedRaftLogWorker.java:run(316)) - c24b6cc2-153d-4b64-a24d-9eaa76f76215@group-D1A5675E21EC-SegmentedRaftLogWorker was interrupted, exiting. There are 0 tasks remaining in the queue.
2019-10-21 21:56:51,627 [ForkJoinPool.commonPool-worker-0] INFO  segmented.SegmentedRaftLogWorker (SegmentedRaftLogWorker.java:close(224)) - 25026a40-ec59-48c3-bdd0-cf5c1bf30c8c@group-D1A5675E21EC-SegmentedRaftLogWorker close()
2019-10-21 21:56:51,629 [main] INFO  segmented.SegmentedRaftLogWorker (SegmentedRaftLogWorker.java:close(224)) - c24b6cc2-153d-4b64-a24d-9eaa76f76215@group-D1A5675E21EC-SegmentedRaftLogWorker close()
2019-10-21 21:56:51,630 [ForkJoinPool.commonPool-worker-0] INFO  server.GrpcService (GrpcService.java:closeImpl(164)) - 25026a40-ec59-48c3-bdd0-cf5c1bf30c8c: shutdown server with port 38000 now
2019-10-21 21:56:51,631 [main] INFO  impl.RaftServerImpl (RaftServerImpl.java:lambda$shutdown$3(261)) - c24b6cc2-153d-4b64-a24d-9eaa76f76215@group-790B4307CDBD: shutdown
2019-10-21 21:56:51,632 [main] INFO  util.JmxRegister (JmxRegister.java:unregister(73)) - Successfully un-registered JMX Bean with object name Ratis:service=RaftServer,group=group-790B4307CDBD,id=c24b6cc2-153d-4b64-a24d-9eaa76f76215
2019-10-21 21:56:51,632 [main] INFO  impl.RoleInfo (RoleInfo.java:shutdownLeaderState(104)) - c24b6cc2-153d-4b64-a24d-9eaa76f76215: shutdown LeaderState
2019-10-21 21:56:51,632 [main] INFO  impl.PendingRequests (PendingRequests.java:sendNotLeaderResponses(202)) - c24b6cc2-153d-4b64-a24d-9eaa76f76215@group-790B4307CDBD-PendingRequests: sendNotLeaderResponses
2019-10-21 21:56:51,632 [grpc-default-executor-4] WARN  server.GrpcServerProtocolService (LogUtils.java:warn(134)) - 25026a40-ec59-48c3-bdd0-cf5c1bf30c8c: installSnapshot onError, lastRequest: 369f1351-eca5-492b-a682-1c26748f74ad->25026a40-ec59-48c3-bdd0-cf5c1bf30c8c#96-t4, previous=(t:4, i:3), leaderCommit=3, initializing? false, entries: <empty>: org.apache.ratis.thirdparty.io.grpc.StatusRuntimeException: CANCELLED: cancelled before receiving half close
2019-10-21 21:56:51,634 [main] INFO  impl.StateMachineUpdater (StateMachineUpdater.java:stopAndJoin(136)) - c24b6cc2-153d-4b64-a24d-9eaa76f76215@group-790B4307CDBD-StateMachineUpdater: set stopIndex = 0
2019-10-21 21:56:51,633 [grpc-default-executor-5] WARN  server.GrpcLogAppender (LogUtils.java:warn(134)) - 369f1351-eca5-492b-a682-1c26748f74ad@group-D1A5675E21EC->25026a40-ec59-48c3-bdd0-cf5c1bf30c8c-AppendLogResponseHandler: Failed appendEntries: org.apache.ratis.thirdparty.io.grpc.StatusRuntimeException: CANCELLED: HTTP/2 error code: CANCEL
Received Rst Stream
2019-10-21 21:56:51,634 [ForkJoinPool.commonPool-worker-0] INFO  server.GrpcService (GrpcService.java:closeImpl(172)) - 25026a40-ec59-48c3-bdd0-cf5c1bf30c8c: shutdown server with port 38000 successfully
2019-10-21 21:56:51,635 [main] INFO  impl.RaftServerImpl (ServerState.java:close(388)) - c24b6cc2-153d-4b64-a24d-9eaa76f76215@group-790B4307CDBD: closes. applyIndex: 0
2019-10-21 21:56:51,635 [c24b6cc2-153d-4b64-a24d-9eaa76f76215@group-790B4307CDBD-SegmentedRaftLogWorker] INFO  segmented.SegmentedRaftLogWorker (SegmentedRaftLogWorker.java:run(316)) - c24b6cc2-153d-4b64-a24d-9eaa76f76215@group-790B4307CDBD-SegmentedRaftLogWorker was interrupted, exiting. There are 0 tasks remaining in the queue.
2019-10-21 21:56:51,637 [main] INFO  segmented.SegmentedRaftLogWorker (SegmentedRaftLogWorker.java:close(224)) - c24b6cc2-153d-4b64-a24d-9eaa76f76215@group-790B4307CDBD-SegmentedRaftLogWorker close()
2019-10-21 21:56:51,639 [main] INFO  server.GrpcService (GrpcService.java:closeImpl(164)) - c24b6cc2-153d-4b64-a24d-9eaa76f76215: shutdown server with port 44123 now
2019-10-21 21:56:51,650 [grpc-default-executor-4] WARN  server.GrpcServerProtocolService (LogUtils.java:warn(134)) - c24b6cc2-153d-4b64-a24d-9eaa76f76215: installSnapshot onError, lastRequest: 369f1351-eca5-492b-a682-1c26748f74ad->c24b6cc2-153d-4b64-a24d-9eaa76f76215#96-t4, previous=(t:4, i:3), leaderCommit=3, initializing? false, entries: <empty>: org.apache.ratis.thirdparty.io.grpc.StatusRuntimeException: CANCELLED: cancelled before receiving half close
2019-10-21 21:56:51,650 [main] INFO  server.GrpcService (GrpcService.java:closeImpl(172)) - c24b6cc2-153d-4b64-a24d-9eaa76f76215: shutdown server with port 44123 successfully
2019-10-21 21:56:51,651 [grpc-default-executor-0] WARN  server.GrpcLogAppender (LogUtils.java:warn(134)) - 369f1351-eca5-492b-a682-1c26748f74ad@group-D1A5675E21EC->c24b6cc2-153d-4b64-a24d-9eaa76f76215-AppendLogResponseHandler: Failed appendEntries: org.apache.ratis.thirdparty.io.grpc.StatusRuntimeException: CANCELLED: HTTP/2 error code: CANCEL
Received Rst Stream
2019-10-21 21:56:51,651 [refreshUsed-/workdir/hadoop-ozone/integration-test/target/test-dir/MiniOzoneClusterImpl-f9df1159-a46e-43dd-90f7-e431812950fc/datanode-3/data/containers] WARN  fs.CachingGetSpaceUsed (CachingGetSpaceUsed.java:run(183)) - Thread Interrupted waiting to refresh disk information: sleep interrupted
2019-10-21 21:56:51,659 [refreshUsed-/workdir/hadoop-ozone/integration-test/target/test-dir/MiniOzoneClusterImpl-f9df1159-a46e-43dd-90f7-e431812950fc/datanode-6/data/containers] WARN  fs.CachingGetSpaceUsed (CachingGetSpaceUsed.java:run(183)) - Thread Interrupted waiting to refresh disk information: sleep interrupted
2019-10-21 21:56:51,670 [ForkJoinPool.commonPool-worker-0] INFO  utils.BackgroundService (BackgroundService.java:shutdown(151)) - Shutting down service BlockDeletingService
2019-10-21 21:56:51,675 [ForkJoinPool.commonPool-worker-0] INFO  statemachine.DatanodeStateMachine (DatanodeStateMachine.java:stopDaemon(395)) - Ozone container server stopped.
2019-10-21 21:56:51,681 [ForkJoinPool.commonPool-worker-0] INFO  handler.ContextHandler (ContextHandler.java:doStop(910)) - Stopped o.e.j.w.WebAppContext@6b6eae52{/,null,UNAVAILABLE}{/hddsDatanode}
2019-10-21 21:56:51,682 [main] INFO  utils.BackgroundService (BackgroundService.java:shutdown(151)) - Shutting down service BlockDeletingService
2019-10-21 21:56:51,683 [ForkJoinPool.commonPool-worker-0] INFO  server.AbstractConnector (AbstractConnector.java:doStop(318)) - Stopped ServerConnector@d4df0e{HTTP/1.1,[http/1.1]}{0.0.0.0:0}
2019-10-21 21:56:51,686 [main] INFO  statemachine.DatanodeStateMachine (DatanodeStateMachine.java:stopDaemon(395)) - Ozone container server stopped.
2019-10-21 21:56:51,687 [ForkJoinPool.commonPool-worker-0] INFO  handler.ContextHandler (ContextHandler.java:doStop(910)) - Stopped o.e.j.s.ServletContextHandler@78cfa264{/static,jar:file:/home/user/.m2/repository/org/apache/hadoop/hadoop-hdds-container-service/0.5.0-SNAPSHOT/hadoop-hdds-container-service-0.5.0-SNAPSHOT.jar!/webapps/static,UNAVAILABLE}
2019-10-21 21:56:51,688 [ForkJoinPool.commonPool-worker-0] INFO  handler.ContextHandler (ContextHandler.java:doStop(910)) - Stopped o.e.j.s.ServletContextHandler@1860f3be{/logs,file:///workdir/hadoop-ozone/integration-test/target/log,UNAVAILABLE}
2019-10-21 21:56:51,689 [main] INFO  handler.ContextHandler (ContextHandler.java:doStop(910)) - Stopped o.e.j.w.WebAppContext@4087c7fc{/,null,UNAVAILABLE}{/hddsDatanode}
2019-10-21 21:56:51,690 [main] INFO  server.AbstractConnector (AbstractConnector.java:doStop(318)) - Stopped ServerConnector@318c68d5{HTTP/1.1,[http/1.1]}{0.0.0.0:0}
2019-10-21 21:56:51,690 [main] INFO  handler.ContextHandler (ContextHandler.java:doStop(910)) - Stopped o.e.j.s.ServletContextHandler@62f11ebb{/static,jar:file:/home/user/.m2/repository/org/apache/hadoop/hadoop-hdds-container-service/0.5.0-SNAPSHOT/hadoop-hdds-container-service-0.5.0-SNAPSHOT.jar!/webapps/static,UNAVAILABLE}
2019-10-21 21:56:51,690 [main] INFO  handler.ContextHandler (ContextHandler.java:doStop(910)) - Stopped o.e.j.s.ServletContextHandler@4b432e53{/logs,file:///workdir/hadoop-ozone/integration-test/target/log,UNAVAILABLE}
2019-10-21 21:56:52,132 [Datanode State Machine Thread - 0] INFO  statemachine.DatanodeStateMachine (DatanodeStateMachine.java:lambda$startDaemon$0(350)) - Ozone container server started.
2019-10-21 21:56:52,322 [Datanode State Machine Thread - 0] INFO  statemachine.DatanodeStateMachine (DatanodeStateMachine.java:lambda$startDaemon$0(350)) - Ozone container server started.
2019-10-21 21:56:53,846 [java.util.concurrent.ThreadPoolExecutor$Worker@7114e215[State = -1, empty queue]] WARN  server.GrpcLogAppender (GrpcLogAppender.java:timeoutAppendRequest(209)) - 7b88ca7b-bd9b-4a64-8114-d91a9b2f31f1@group-43E39F6D4740->8d79625f-2c74-448d-b811-8fe783a575f1-GrpcLogAppender: appendEntries Timeout, request=7b88ca7b-bd9b-4a64-8114-d91a9b2f31f1->8d79625f-2c74-448d-b811-8fe783a575f1#1-t4, previous=(t:3, i:0), leaderCommit=2, initializing? false, entries: <empty>
2019-10-21 21:56:54,210 [java.util.concurrent.ThreadPoolExecutor$Worker@159f9708[State = -1, empty queue]] WARN  server.GrpcLogAppender (GrpcLogAppender.java:timeoutAppendRequest(209)) - 149f4235-2e38-4d95-abe8-6ba232811729@group-9BA08151BADB->683a42e8-804c-4291-9261-2bc66677cfab-GrpcLogAppender: appendEntries Timeout, request=149f4235-2e38-4d95-abe8-6ba232811729->683a42e8-804c-4291-9261-2bc66677cfab#1-t2, previous=(t:1, i:10), leaderCommit=12, initializing? false, entries: <empty>
2019-10-21 21:56:54,681 [java.util.concurrent.ThreadPoolExecutor$Worker@24037ed4[State = -1, empty queue]] WARN  server.GrpcLogAppender (GrpcLogAppender.java:timeoutAppendRequest(209)) - 369f1351-eca5-492b-a682-1c26748f74ad@group-D1A5675E21EC->25026a40-ec59-48c3-bdd0-cf5c1bf30c8c-GrpcLogAppender: appendEntries Timeout, request=369f1351-eca5-492b-a682-1c26748f74ad->25026a40-ec59-48c3-bdd0-cf5c1bf30c8c#97-t4, previous=(t:4, i:3), leaderCommit=3, initializing? false, entries: <empty>
2019-10-21 21:56:54,681 [java.util.concurrent.ThreadPoolExecutor$Worker@2f21f2f9[State = -1, empty queue]] WARN  server.GrpcLogAppender (GrpcLogAppender.java:timeoutAppendRequest(209)) - 369f1351-eca5-492b-a682-1c26748f74ad@group-D1A5675E21EC->c24b6cc2-153d-4b64-a24d-9eaa76f76215-GrpcLogAppender: appendEntries Timeout, request=369f1351-eca5-492b-a682-1c26748f74ad->c24b6cc2-153d-4b64-a24d-9eaa76f76215#97-t4, previous=(t:4, i:3), leaderCommit=3, initializing? false, entries: <empty>
2019-10-21 21:56:55,182 [java.util.concurrent.ThreadPoolExecutor$Worker@24037ed4[State = -1, empty queue]] WARN  server.GrpcLogAppender (GrpcLogAppender.java:timeoutAppendRequest(209)) - 369f1351-eca5-492b-a682-1c26748f74ad@group-D1A5675E21EC->25026a40-ec59-48c3-bdd0-cf5c1bf30c8c-GrpcLogAppender: appendEntries Timeout, request=369f1351-eca5-492b-a682-1c26748f74ad->25026a40-ec59-48c3-bdd0-cf5c1bf30c8c#98-t4, previous=(t:4, i:3), leaderCommit=3, initializing? false, entries: <empty>
2019-10-21 21:56:55,182 [java.util.concurrent.ThreadPoolExecutor$Worker@2f21f2f9[State = -1, empty queue]] WARN  server.GrpcLogAppender (GrpcLogAppender.java:timeoutAppendRequest(209)) - 369f1351-eca5-492b-a682-1c26748f74ad@group-D1A5675E21EC->c24b6cc2-153d-4b64-a24d-9eaa76f76215-GrpcLogAppender: appendEntries Timeout, request=369f1351-eca5-492b-a682-1c26748f74ad->c24b6cc2-153d-4b64-a24d-9eaa76f76215#98-t4, previous=(t:4, i:3), leaderCommit=3, initializing? false, entries: <empty>
2019-10-21 21:56:55,682 [java.util.concurrent.ThreadPoolExecutor$Worker@24037ed4[State = -1, empty queue]] WARN  server.GrpcLogAppender (GrpcLogAppender.java:timeoutAppendRequest(209)) - 369f1351-eca5-492b-a682-1c26748f74ad@group-D1A5675E21EC->25026a40-ec59-48c3-bdd0-cf5c1bf30c8c-GrpcLogAppender: appendEntries Timeout, request=369f1351-eca5-492b-a682-1c26748f74ad->25026a40-ec59-48c3-bdd0-cf5c1bf30c8c#99-t4, previous=(t:4, i:3), leaderCommit=3, initializing? false, entries: <empty>
2019-10-21 21:56:55,682 [java.util.concurrent.ThreadPoolExecutor$Worker@2f21f2f9[State = -1, empty queue]] WARN  server.GrpcLogAppender (GrpcLogAppender.java:timeoutAppendRequest(209)) - 369f1351-eca5-492b-a682-1c26748f74ad@group-D1A5675E21EC->c24b6cc2-153d-4b64-a24d-9eaa76f76215-GrpcLogAppender: appendEntries Timeout, request=369f1351-eca5-492b-a682-1c26748f74ad->c24b6cc2-153d-4b64-a24d-9eaa76f76215#99-t4, previous=(t:4, i:3), leaderCommit=3, initializing? false, entries: <empty>
2019-10-21 21:56:56,182 [java.util.concurrent.ThreadPoolExecutor$Worker@24037ed4[State = -1, empty queue]] WARN  server.GrpcLogAppender (GrpcLogAppender.java:timeoutAppendRequest(209)) - 369f1351-eca5-492b-a682-1c26748f74ad@group-D1A5675E21EC->25026a40-ec59-48c3-bdd0-cf5c1bf30c8c-GrpcLogAppender: appendEntries Timeout, request=369f1351-eca5-492b-a682-1c26748f74ad->25026a40-ec59-48c3-bdd0-cf5c1bf30c8c#100-t4, previous=(t:4, i:3), leaderCommit=3, initializing? false, entries: <empty>
2019-10-21 21:56:56,182 [java.util.concurrent.ThreadPoolExecutor$Worker@2f21f2f9[State = -1, empty queue]] WARN  server.GrpcLogAppender (GrpcLogAppender.java:timeoutAppendRequest(209)) - 369f1351-eca5-492b-a682-1c26748f74ad@group-D1A5675E21EC->c24b6cc2-153d-4b64-a24d-9eaa76f76215-GrpcLogAppender: appendEntries Timeout, request=369f1351-eca5-492b-a682-1c26748f74ad->c24b6cc2-153d-4b64-a24d-9eaa76f76215#100-t4, previous=(t:4, i:3), leaderCommit=3, initializing? false, entries: <empty>
2019-10-21 21:56:56,683 [java.util.concurrent.ThreadPoolExecutor$Worker@24037ed4[State = -1, empty queue]] WARN  server.GrpcLogAppender (GrpcLogAppender.java:timeoutAppendRequest(209)) - 369f1351-eca5-492b-a682-1c26748f74ad@group-D1A5675E21EC->25026a40-ec59-48c3-bdd0-cf5c1bf30c8c-GrpcLogAppender: appendEntries Timeout, request=369f1351-eca5-492b-a682-1c26748f74ad->25026a40-ec59-48c3-bdd0-cf5c1bf30c8c#101-t4, previous=(t:4, i:3), leaderCommit=3, initializing? false, entries: <empty>
2019-10-21 21:56:56,683 [java.util.concurrent.ThreadPoolExecutor$Worker@2f21f2f9[State = -1, empty queue]] WARN  server.GrpcLogAppender (GrpcLogAppender.java:timeoutAppendRequest(209)) - 369f1351-eca5-492b-a682-1c26748f74ad@group-D1A5675E21EC->c24b6cc2-153d-4b64-a24d-9eaa76f76215-GrpcLogAppender: appendEntries Timeout, request=369f1351-eca5-492b-a682-1c26748f74ad->c24b6cc2-153d-4b64-a24d-9eaa76f76215#101-t4, previous=(t:4, i:3), leaderCommit=3, initializing? false, entries: <empty>
2019-10-21 21:56:56,690 [ForkJoinPool.commonPool-worker-0] INFO  ozoneimpl.OzoneContainer (OzoneContainer.java:stop(227)) - Attempting to stop container services.
2019-10-21 21:56:56,690 [ForkJoinPool.commonPool-worker-0] INFO  impl.RaftServerProxy (RaftServerProxy.java:lambda$close$4(314)) - 7c4ddf80-db3d-4d0c-b4eb-75f8718eed44: close
2019-10-21 21:56:56,690 [ForkJoinPool.commonPool-worker-0] INFO  impl.RaftServerImpl (RaftServerImpl.java:lambda$shutdown$3(261)) - 7c4ddf80-db3d-4d0c-b4eb-75f8718eed44@group-DBBE1707D913: shutdown
2019-10-21 21:56:56,691 [ForkJoinPool.commonPool-worker-0] INFO  util.JmxRegister (JmxRegister.java:unregister(73)) - Successfully un-registered JMX Bean with object name Ratis:service=RaftServer,group=group-DBBE1707D913,id=7c4ddf80-db3d-4d0c-b4eb-75f8718eed44
2019-10-21 21:56:56,691 [ForkJoinPool.commonPool-worker-0] INFO  impl.RoleInfo (RoleInfo.java:shutdownLeaderState(104)) - 7c4ddf80-db3d-4d0c-b4eb-75f8718eed44: shutdown LeaderState
2019-10-21 21:56:56,691 [ForkJoinPool.commonPool-worker-0] INFO  impl.PendingRequests (PendingRequests.java:sendNotLeaderResponses(202)) - 7c4ddf80-db3d-4d0c-b4eb-75f8718eed44@group-DBBE1707D913-PendingRequests: sendNotLeaderResponses
2019-10-21 21:56:56,691 [ForkJoinPool.commonPool-worker-0] INFO  impl.StateMachineUpdater (StateMachineUpdater.java:stopAndJoin(136)) - 7c4ddf80-db3d-4d0c-b4eb-75f8718eed44@group-DBBE1707D913-StateMachineUpdater: set stopIndex = 0
2019-10-21 21:56:56,691 [ForkJoinPool.commonPool-worker-0] INFO  impl.RaftServerImpl (ServerState.java:close(388)) - 7c4ddf80-db3d-4d0c-b4eb-75f8718eed44@group-DBBE1707D913: closes. applyIndex: 0
2019-10-21 21:56:56,692 [7c4ddf80-db3d-4d0c-b4eb-75f8718eed44@group-DBBE1707D913-SegmentedRaftLogWorker] INFO  segmented.SegmentedRaftLogWorker (SegmentedRaftLogWorker.java:run(316)) - 7c4ddf80-db3d-4d0c-b4eb-75f8718eed44@group-DBBE1707D913-SegmentedRaftLogWorker was interrupted, exiting. There are 0 tasks remaining in the queue.
2019-10-21 21:56:56,694 [ForkJoinPool.commonPool-worker-0] INFO  segmented.SegmentedRaftLogWorker (SegmentedRaftLogWorker.java:close(224)) - 7c4ddf80-db3d-4d0c-b4eb-75f8718eed44@group-DBBE1707D913-SegmentedRaftLogWorker close()
2019-10-21 21:56:56,695 [ForkJoinPool.commonPool-worker-0] INFO  impl.RaftServerImpl (RaftServerImpl.java:lambda$shutdown$3(261)) - 7c4ddf80-db3d-4d0c-b4eb-75f8718eed44@group-9BA08151BADB: shutdown
2019-10-21 21:56:56,695 [ForkJoinPool.commonPool-worker-0] INFO  util.JmxRegister (JmxRegister.java:unregister(73)) - Successfully un-registered JMX Bean with object name Ratis:service=RaftServer,group=group-9BA08151BADB,id=7c4ddf80-db3d-4d0c-b4eb-75f8718eed44
2019-10-21 21:56:56,695 [main] INFO  ozoneimpl.OzoneContainer (OzoneContainer.java:stop(227)) - Attempting to stop container services.
2019-10-21 21:56:56,695 [ForkJoinPool.commonPool-worker-0] INFO  impl.RoleInfo (RoleInfo.java:shutdownFollowerState(121)) - 7c4ddf80-db3d-4d0c-b4eb-75f8718eed44: shutdown FollowerState
2019-10-21 21:56:56,696 [ForkJoinPool.commonPool-worker-0] INFO  impl.StateMachineUpdater (StateMachineUpdater.java:stopAndJoin(136)) - 7c4ddf80-db3d-4d0c-b4eb-75f8718eed44@group-9BA08151BADB-StateMachineUpdater: set stopIndex = 12
2019-10-21 21:56:56,696 [Thread-2720] INFO  impl.FollowerState (FollowerState.java:run(117)) - 7c4ddf80-db3d-4d0c-b4eb-75f8718eed44@group-9BA08151BADB-FollowerState was interrupted: java.lang.InterruptedException: sleep interrupted
2019-10-21 21:56:56,696 [main] INFO  impl.RaftServerProxy (RaftServerProxy.java:lambda$close$4(314)) - f97d0911-7779-4207-bfcb-e80c65d878a3: close
2019-10-21 21:56:56,696 [7c4ddf80-db3d-4d0c-b4eb-75f8718eed44@group-9BA08151BADB-StateMachineUpdater] INFO  ratis.ContainerStateMachine (ContainerStateMachine.java:takeSnapshot(294)) - group-9BA08151BADB: Taking a snapshot at:(t:1, i:9) file /workdir/hadoop-ozone/integration-test/target/test-dir/MiniOzoneClusterImpl-f9df1159-a46e-43dd-90f7-e431812950fc/datanode-4/data/ratis/2f8d90cc-a176-4912-a174-9ba08151badb/sm/snapshot.1_9
2019-10-21 21:56:56,697 [main] INFO  impl.RaftServerImpl (RaftServerImpl.java:lambda$shutdown$3(261)) - f97d0911-7779-4207-bfcb-e80c65d878a3@group-0EF552826630: shutdown
2019-10-21 21:56:56,698 [main] INFO  util.JmxRegister (JmxRegister.java:unregister(73)) - Successfully un-registered JMX Bean with object name Ratis:service=RaftServer,group=group-0EF552826630,id=f97d0911-7779-4207-bfcb-e80c65d878a3
2019-10-21 21:56:56,698 [main] INFO  impl.RoleInfo (RoleInfo.java:shutdownLeaderState(104)) - f97d0911-7779-4207-bfcb-e80c65d878a3: shutdown LeaderState
2019-10-21 21:56:56,698 [main] INFO  impl.PendingRequests (PendingRequests.java:sendNotLeaderResponses(202)) - f97d0911-7779-4207-bfcb-e80c65d878a3@group-0EF552826630-PendingRequests: sendNotLeaderResponses
2019-10-21 21:56:56,699 [main] INFO  impl.StateMachineUpdater (StateMachineUpdater.java:stopAndJoin(136)) - f97d0911-7779-4207-bfcb-e80c65d878a3@group-0EF552826630-StateMachineUpdater: set stopIndex = 0
2019-10-21 21:56:56,699 [main] INFO  impl.RaftServerImpl (ServerState.java:close(388)) - f97d0911-7779-4207-bfcb-e80c65d878a3@group-0EF552826630: closes. applyIndex: 0
2019-10-21 21:56:56,699 [f97d0911-7779-4207-bfcb-e80c65d878a3@group-0EF552826630-SegmentedRaftLogWorker] INFO  segmented.SegmentedRaftLogWorker (SegmentedRaftLogWorker.java:run(316)) - f97d0911-7779-4207-bfcb-e80c65d878a3@group-0EF552826630-SegmentedRaftLogWorker was interrupted, exiting. There are 0 tasks remaining in the queue.
2019-10-21 21:56:56,700 [main] INFO  segmented.SegmentedRaftLogWorker (SegmentedRaftLogWorker.java:close(224)) - f97d0911-7779-4207-bfcb-e80c65d878a3@group-0EF552826630-SegmentedRaftLogWorker close()
2019-10-21 21:56:56,706 [7c4ddf80-db3d-4d0c-b4eb-75f8718eed44@group-9BA08151BADB-StateMachineUpdater] INFO  ratis.ContainerStateMachine (ContainerStateMachine.java:takeSnapshot(305)) - group-9BA08151BADB: Finished taking a snapshot at:(t:1, i:9) file:/workdir/hadoop-ozone/integration-test/target/test-dir/MiniOzoneClusterImpl-f9df1159-a46e-43dd-90f7-e431812950fc/datanode-4/data/ratis/2f8d90cc-a176-4912-a174-9ba08151badb/sm/snapshot.1_9 time:10
2019-10-21 21:56:56,706 [main] INFO  server.GrpcService (GrpcService.java:closeImpl(164)) - f97d0911-7779-4207-bfcb-e80c65d878a3: shutdown server with port 43435 now
2019-10-21 21:56:56,706 [7c4ddf80-db3d-4d0c-b4eb-75f8718eed44@group-9BA08151BADB-StateMachineUpdater] INFO  impl.StateMachineUpdater (StateMachineUpdater.java:takeSnapshot(269)) - 7c4ddf80-db3d-4d0c-b4eb-75f8718eed44@group-9BA08151BADB-StateMachineUpdater: Took a snapshot at index 9
2019-10-21 21:56:56,706 [7c4ddf80-db3d-4d0c-b4eb-75f8718eed44@group-9BA08151BADB-StateMachineUpdater] INFO  impl.StateMachineUpdater (StateMachineUpdater.java:lambda$new$0(84)) - 7c4ddf80-db3d-4d0c-b4eb-75f8718eed44@group-9BA08151BADB-StateMachineUpdater: snapshotIndex: updateIncreasingly -1 -> 9
2019-10-21 21:56:56,707 [main] INFO  server.GrpcService (GrpcService.java:closeImpl(172)) - f97d0911-7779-4207-bfcb-e80c65d878a3: shutdown server with port 43435 successfully
2019-10-21 21:56:56,707 [7c4ddf80-db3d-4d0c-b4eb-75f8718eed44@group-9BA08151BADB-StateMachineUpdater] INFO  ratis.ContainerStateMachine (ContainerStateMachine.java:takeSnapshot(294)) - group-9BA08151BADB: Taking a snapshot at:(t:1, i:9) file /workdir/hadoop-ozone/integration-test/target/test-dir/MiniOzoneClusterImpl-f9df1159-a46e-43dd-90f7-e431812950fc/datanode-4/data/ratis/2f8d90cc-a176-4912-a174-9ba08151badb/sm/snapshot.1_9
2019-10-21 21:56:56,710 [refreshUsed-/workdir/hadoop-ozone/integration-test/target/test-dir/MiniOzoneClusterImpl-f9df1159-a46e-43dd-90f7-e431812950fc/datanode-8/data/containers] WARN  fs.CachingGetSpaceUsed (CachingGetSpaceUsed.java:run(183)) - Thread Interrupted waiting to refresh disk information: sleep interrupted
2019-10-21 21:56:56,720 [main] INFO  utils.BackgroundService (BackgroundService.java:shutdown(151)) - Shutting down service BlockDeletingService
2019-10-21 21:56:56,721 [7c4ddf80-db3d-4d0c-b4eb-75f8718eed44@group-9BA08151BADB-StateMachineUpdater] INFO  ratis.ContainerStateMachine (ContainerStateMachine.java:takeSnapshot(305)) - group-9BA08151BADB: Finished taking a snapshot at:(t:1, i:9) file:/workdir/hadoop-ozone/integration-test/target/test-dir/MiniOzoneClusterImpl-f9df1159-a46e-43dd-90f7-e431812950fc/datanode-4/data/ratis/2f8d90cc-a176-4912-a174-9ba08151badb/sm/snapshot.1_9 time:14
2019-10-21 21:56:56,721 [7c4ddf80-db3d-4d0c-b4eb-75f8718eed44@group-9BA08151BADB-StateMachineUpdater] INFO  impl.StateMachineUpdater (StateMachineUpdater.java:takeSnapshot(269)) - 7c4ddf80-db3d-4d0c-b4eb-75f8718eed44@group-9BA08151BADB-StateMachineUpdater: Took a snapshot at index 9
2019-10-21 21:56:56,721 [7c4ddf80-db3d-4d0c-b4eb-75f8718eed44@group-9BA08151BADB-StateMachineUpdater] INFO  impl.StateMachineUpdater (StateMachineUpdater.java:lambda$new$0(84)) - 7c4ddf80-db3d-4d0c-b4eb-75f8718eed44@group-9BA08151BADB-StateMachineUpdater: snapshotIndex: updateIncreasingly 9 -> 9
2019-10-21 21:56:56,727 [main] INFO  statemachine.DatanodeStateMachine (DatanodeStateMachine.java:stopDaemon(395)) - Ozone container server stopped.
2019-10-21 21:56:56,727 [ForkJoinPool.commonPool-worker-0] INFO  impl.RaftServerImpl (ServerState.java:close(388)) - 7c4ddf80-db3d-4d0c-b4eb-75f8718eed44@group-9BA08151BADB: closes. applyIndex: 12
2019-10-21 21:56:56,727 [7c4ddf80-db3d-4d0c-b4eb-75f8718eed44@group-9BA08151BADB-SegmentedRaftLogWorker] INFO  segmented.SegmentedRaftLogWorker (SegmentedRaftLogWorker.java:run(316)) - 7c4ddf80-db3d-4d0c-b4eb-75f8718eed44@group-9BA08151BADB-SegmentedRaftLogWorker was interrupted, exiting. There are 0 tasks remaining in the queue.
2019-10-21 21:56:56,728 [ForkJoinPool.commonPool-worker-0] INFO  segmented.SegmentedRaftLogWorker (SegmentedRaftLogWorker.java:close(224)) - 7c4ddf80-db3d-4d0c-b4eb-75f8718eed44@group-9BA08151BADB-SegmentedRaftLogWorker close()
2019-10-21 21:56:56,728 [ForkJoinPool.commonPool-worker-0] INFO  server.GrpcService (GrpcService.java:closeImpl(164)) - 7c4ddf80-db3d-4d0c-b4eb-75f8718eed44: shutdown server with port 34489 now
2019-10-21 21:56:56,728 [main] INFO  handler.ContextHandler (ContextHandler.java:doStop(910)) - Stopped o.e.j.w.WebAppContext@68c9e023{/,null,UNAVAILABLE}{/hddsDatanode}
2019-10-21 21:56:56,729 [main] INFO  server.AbstractConnector (AbstractConnector.java:doStop(318)) - Stopped ServerConnector@1624775{HTTP/1.1,[http/1.1]}{0.0.0.0:0}
2019-10-21 21:56:56,729 [grpc-default-executor-5] WARN  server.GrpcLogAppender (LogUtils.java:warn(134)) - 149f4235-2e38-4d95-abe8-6ba232811729@group-9BA08151BADB->7c4ddf80-db3d-4d0c-b4eb-75f8718eed44-AppendLogResponseHandler: Failed appendEntries: org.apache.ratis.thirdparty.io.grpc.StatusRuntimeException: CANCELLED: HTTP/2 error code: CANCEL
Received Rst Stream
2019-10-21 21:56:56,729 [ForkJoinPool.commonPool-worker-0] INFO  server.GrpcService (GrpcService.java:closeImpl(172)) - 7c4ddf80-db3d-4d0c-b4eb-75f8718eed44: shutdown server with port 34489 successfully
2019-10-21 21:56:56,729 [grpc-default-executor-0] WARN  server.GrpcServerProtocolService (LogUtils.java:warn(134)) - 7c4ddf80-db3d-4d0c-b4eb-75f8718eed44: installSnapshot onError, lastRequest: 149f4235-2e38-4d95-abe8-6ba232811729->7c4ddf80-db3d-4d0c-b4eb-75f8718eed44#18-t2, previous=(t:2, i:12), leaderCommit=12, initializing? false, entries: <empty>: org.apache.ratis.thirdparty.io.grpc.StatusRuntimeException: CANCELLED: cancelled before receiving half close
2019-10-21 21:56:56,729 [main] INFO  handler.ContextHandler (ContextHandler.java:doStop(910)) - Stopped o.e.j.s.ServletContextHandler@671ea6ff{/static,jar:file:/home/user/.m2/repository/org/apache/hadoop/hadoop-hdds-container-service/0.5.0-SNAPSHOT/hadoop-hdds-container-service-0.5.0-SNAPSHOT.jar!/webapps/static,UNAVAILABLE}
2019-10-21 21:56:56,730 [main] INFO  handler.ContextHandler (ContextHandler.java:doStop(910)) - Stopped o.e.j.s.ServletContextHandler@2b4d4327{/logs,file:///workdir/hadoop-ozone/integration-test/target/log,UNAVAILABLE}
2019-10-21 21:56:56,731 [refreshUsed-/workdir/hadoop-ozone/integration-test/target/test-dir/MiniOzoneClusterImpl-f9df1159-a46e-43dd-90f7-e431812950fc/datanode-4/data/containers] WARN  fs.CachingGetSpaceUsed (CachingGetSpaceUsed.java:run(183)) - Thread Interrupted waiting to refresh disk information: sleep interrupted
2019-10-21 21:56:56,743 [ForkJoinPool.commonPool-worker-0] INFO  utils.BackgroundService (BackgroundService.java:shutdown(151)) - Shutting down service BlockDeletingService
2019-10-21 21:56:56,749 [ForkJoinPool.commonPool-worker-0] INFO  statemachine.DatanodeStateMachine (DatanodeStateMachine.java:stopDaemon(395)) - Ozone container server stopped.
2019-10-21 21:56:56,754 [ForkJoinPool.commonPool-worker-0] INFO  handler.ContextHandler (ContextHandler.java:doStop(910)) - Stopped o.e.j.w.WebAppContext@383c3eb3{/,null,UNAVAILABLE}{/hddsDatanode}
2019-10-21 21:56:56,754 [ForkJoinPool.commonPool-worker-0] INFO  server.AbstractConnector (AbstractConnector.java:doStop(318)) - Stopped ServerConnector@20ab76ee{HTTP/1.1,[http/1.1]}{0.0.0.0:0}
2019-10-21 21:56:56,760 [ForkJoinPool.commonPool-worker-0] INFO  handler.ContextHandler (ContextHandler.java:doStop(910)) - Stopped o.e.j.s.ServletContextHandler@36f7d7b{/static,jar:file:/home/user/.m2/repository/org/apache/hadoop/hadoop-hdds-container-service/0.5.0-SNAPSHOT/hadoop-hdds-container-service-0.5.0-SNAPSHOT.jar!/webapps/static,UNAVAILABLE}
2019-10-21 21:56:56,760 [ForkJoinPool.commonPool-worker-0] INFO  handler.ContextHandler (ContextHandler.java:doStop(910)) - Stopped o.e.j.s.ServletContextHandler@889a8a8{/logs,file:///workdir/hadoop-ozone/integration-test/target/log,UNAVAILABLE}
2019-10-21 21:56:56,847 [java.util.concurrent.ThreadPoolExecutor$Worker@7114e215[State = -1, empty queue]] WARN  server.GrpcLogAppender (GrpcLogAppender.java:timeoutAppendRequest(209)) - 7b88ca7b-bd9b-4a64-8114-d91a9b2f31f1@group-43E39F6D4740->8d79625f-2c74-448d-b811-8fe783a575f1-GrpcLogAppender: appendEntries Timeout, request=7b88ca7b-bd9b-4a64-8114-d91a9b2f31f1->8d79625f-2c74-448d-b811-8fe783a575f1#2-t4, previous=(t:3, i:0), leaderCommit=2, initializing? false, entries: <empty>
2019-10-21 21:56:57,183 [java.util.concurrent.ThreadPoolExecutor$Worker@24037ed4[State = -1, empty queue]] WARN  server.GrpcLogAppender (GrpcLogAppender.java:timeoutAppendRequest(209)) - 369f1351-eca5-492b-a682-1c26748f74ad@group-D1A5675E21EC->25026a40-ec59-48c3-bdd0-cf5c1bf30c8c-GrpcLogAppender: appendEntries Timeout, request=369f1351-eca5-492b-a682-1c26748f74ad->25026a40-ec59-48c3-bdd0-cf5c1bf30c8c#102-t4, previous=(t:4, i:3), leaderCommit=3, initializing? false, entries: <empty>
2019-10-21 21:56:57,183 [java.util.concurrent.ThreadPoolExecutor$Worker@2f21f2f9[State = -1, empty queue]] WARN  server.GrpcLogAppender (GrpcLogAppender.java:timeoutAppendRequest(209)) - 369f1351-eca5-492b-a682-1c26748f74ad@group-D1A5675E21EC->c24b6cc2-153d-4b64-a24d-9eaa76f76215-GrpcLogAppender: appendEntries Timeout, request=369f1351-eca5-492b-a682-1c26748f74ad->c24b6cc2-153d-4b64-a24d-9eaa76f76215#102-t4, previous=(t:4, i:3), leaderCommit=3, initializing? false, entries: <empty>
2019-10-21 21:56:57,200 [Datanode State Machine Thread - 0] INFO  statemachine.DatanodeStateMachine (DatanodeStateMachine.java:lambda$startDaemon$0(350)) - Ozone container server started.
2019-10-21 21:56:57,211 [java.util.concurrent.ThreadPoolExecutor$Worker@159f9708[State = -1, empty queue]] WARN  server.GrpcLogAppender (GrpcLogAppender.java:timeoutAppendRequest(209)) - 149f4235-2e38-4d95-abe8-6ba232811729@group-9BA08151BADB->683a42e8-804c-4291-9261-2bc66677cfab-GrpcLogAppender: appendEntries Timeout, request=149f4235-2e38-4d95-abe8-6ba232811729->683a42e8-804c-4291-9261-2bc66677cfab#2-t2, previous=(t:1, i:10), leaderCommit=12, initializing? false, entries: <empty>
2019-10-21 21:56:57,587 [Datanode State Machine Thread - 0] INFO  statemachine.DatanodeStateMachine (DatanodeStateMachine.java:lambda$startDaemon$0(350)) - Ozone container server started.
2019-10-21 21:56:57,683 [java.util.concurrent.ThreadPoolExecutor$Worker@24037ed4[State = -1, empty queue]] WARN  server.GrpcLogAppender (GrpcLogAppender.java:timeoutAppendRequest(209)) - 369f1351-eca5-492b-a682-1c26748f74ad@group-D1A5675E21EC->25026a40-ec59-48c3-bdd0-cf5c1bf30c8c-GrpcLogAppender: appendEntries Timeout, request=369f1351-eca5-492b-a682-1c26748f74ad->25026a40-ec59-48c3-bdd0-cf5c1bf30c8c#103-t4, previous=(t:4, i:3), leaderCommit=3, initializing? false, entries: <empty>
2019-10-21 21:56:57,683 [java.util.concurrent.ThreadPoolExecutor$Worker@2f21f2f9[State = -1, empty queue]] WARN  server.GrpcLogAppender (GrpcLogAppender.java:timeoutAppendRequest(209)) - 369f1351-eca5-492b-a682-1c26748f74ad@group-D1A5675E21EC->c24b6cc2-153d-4b64-a24d-9eaa76f76215-GrpcLogAppender: appendEntries Timeout, request=369f1351-eca5-492b-a682-1c26748f74ad->c24b6cc2-153d-4b64-a24d-9eaa76f76215#103-t4, previous=(t:4, i:3), leaderCommit=3, initializing? false, entries: <empty>
2019-10-21 21:56:58,184 [java.util.concurrent.ThreadPoolExecutor$Worker@24037ed4[State = -1, empty queue]] WARN  server.GrpcLogAppender (GrpcLogAppender.java:timeoutAppendRequest(209)) - 369f1351-eca5-492b-a682-1c26748f74ad@group-D1A5675E21EC->25026a40-ec59-48c3-bdd0-cf5c1bf30c8c-GrpcLogAppender: appendEntries Timeout, request=369f1351-eca5-492b-a682-1c26748f74ad->25026a40-ec59-48c3-bdd0-cf5c1bf30c8c#104-t4, previous=(t:4, i:3), leaderCommit=3, initializing? false, entries: <empty>
2019-10-21 21:56:58,184 [java.util.concurrent.ThreadPoolExecutor$Worker@2f21f2f9[State = -1, empty queue]] WARN  server.GrpcLogAppender (GrpcLogAppender.java:timeoutAppendRequest(209)) - 369f1351-eca5-492b-a682-1c26748f74ad@group-D1A5675E21EC->c24b6cc2-153d-4b64-a24d-9eaa76f76215-GrpcLogAppender: appendEntries Timeout, request=369f1351-eca5-492b-a682-1c26748f74ad->c24b6cc2-153d-4b64-a24d-9eaa76f76215#104-t4, previous=(t:4, i:3), leaderCommit=3, initializing? false, entries: <empty>
2019-10-21 21:56:58,684 [java.util.concurrent.ThreadPoolExecutor$Worker@24037ed4[State = -1, empty queue]] WARN  server.GrpcLogAppender (GrpcLogAppender.java:timeoutAppendRequest(209)) - 369f1351-eca5-492b-a682-1c26748f74ad@group-D1A5675E21EC->25026a40-ec59-48c3-bdd0-cf5c1bf30c8c-GrpcLogAppender: appendEntries Timeout, request=369f1351-eca5-492b-a682-1c26748f74ad->25026a40-ec59-48c3-bdd0-cf5c1bf30c8c#105-t4, previous=(t:4, i:3), leaderCommit=3, initializing? false, entries: <empty>
2019-10-21 21:56:58,684 [java.util.concurrent.ThreadPoolExecutor$Worker@2f21f2f9[State = -1, empty queue]] WARN  server.GrpcLogAppender (GrpcLogAppender.java:timeoutAppendRequest(209)) - 369f1351-eca5-492b-a682-1c26748f74ad@group-D1A5675E21EC->c24b6cc2-153d-4b64-a24d-9eaa76f76215-GrpcLogAppender: appendEntries Timeout, request=369f1351-eca5-492b-a682-1c26748f74ad->c24b6cc2-153d-4b64-a24d-9eaa76f76215#105-t4, previous=(t:4, i:3), leaderCommit=3, initializing? false, entries: <empty>
2019-10-21 21:56:59,184 [java.util.concurrent.ThreadPoolExecutor$Worker@24037ed4[State = -1, empty queue]] WARN  server.GrpcLogAppender (GrpcLogAppender.java:timeoutAppendRequest(209)) - 369f1351-eca5-492b-a682-1c26748f74ad@group-D1A5675E21EC->25026a40-ec59-48c3-bdd0-cf5c1bf30c8c-GrpcLogAppender: appendEntries Timeout, request=369f1351-eca5-492b-a682-1c26748f74ad->25026a40-ec59-48c3-bdd0-cf5c1bf30c8c#106-t4, previous=(t:4, i:3), leaderCommit=3, initializing? false, entries: <empty>
2019-10-21 21:56:59,184 [java.util.concurrent.ThreadPoolExecutor$Worker@2f21f2f9[State = -1, empty queue]] WARN  server.GrpcLogAppender (GrpcLogAppender.java:timeoutAppendRequest(209)) - 369f1351-eca5-492b-a682-1c26748f74ad@group-D1A5675E21EC->c24b6cc2-153d-4b64-a24d-9eaa76f76215-GrpcLogAppender: appendEntries Timeout, request=369f1351-eca5-492b-a682-1c26748f74ad->c24b6cc2-153d-4b64-a24d-9eaa76f76215#106-t4, previous=(t:4, i:3), leaderCommit=3, initializing? false, entries: <empty>
2019-10-21 21:56:59,685 [java.util.concurrent.ThreadPoolExecutor$Worker@24037ed4[State = -1, empty queue]] WARN  server.GrpcLogAppender (GrpcLogAppender.java:timeoutAppendRequest(209)) - 369f1351-eca5-492b-a682-1c26748f74ad@group-D1A5675E21EC->25026a40-ec59-48c3-bdd0-cf5c1bf30c8c-GrpcLogAppender: appendEntries Timeout, request=369f1351-eca5-492b-a682-1c26748f74ad->25026a40-ec59-48c3-bdd0-cf5c1bf30c8c#107-t4, previous=(t:4, i:3), leaderCommit=3, initializing? false, entries: <empty>
2019-10-21 21:56:59,685 [java.util.concurrent.ThreadPoolExecutor$Worker@2f21f2f9[State = -1, empty queue]] WARN  server.GrpcLogAppender (GrpcLogAppender.java:timeoutAppendRequest(209)) - 369f1351-eca5-492b-a682-1c26748f74ad@group-D1A5675E21EC->c24b6cc2-153d-4b64-a24d-9eaa76f76215-GrpcLogAppender: appendEntries Timeout, request=369f1351-eca5-492b-a682-1c26748f74ad->c24b6cc2-153d-4b64-a24d-9eaa76f76215#107-t4, previous=(t:4, i:3), leaderCommit=3, initializing? false, entries: <empty>
2019-10-21 21:56:59,740 [java.util.concurrent.ThreadPoolExecutor$Worker@2f820c5b[State = -1, empty queue]] WARN  server.GrpcLogAppender (GrpcLogAppender.java:timeoutAppendRequest(209)) - 149f4235-2e38-4d95-abe8-6ba232811729@group-9BA08151BADB->7c4ddf80-db3d-4d0c-b4eb-75f8718eed44-GrpcLogAppender: appendEntries Timeout, request=149f4235-2e38-4d95-abe8-6ba232811729->7c4ddf80-db3d-4d0c-b4eb-75f8718eed44#19-t2, previous=(t:2, i:12), leaderCommit=12, initializing? false, entries: <empty>
2019-10-21 21:56:59,848 [java.util.concurrent.ThreadPoolExecutor$Worker@7114e215[State = -1, empty queue]] WARN  server.GrpcLogAppender (GrpcLogAppender.java:timeoutAppendRequest(209)) - 7b88ca7b-bd9b-4a64-8114-d91a9b2f31f1@group-43E39F6D4740->8d79625f-2c74-448d-b811-8fe783a575f1-GrpcLogAppender: appendEntries Timeout, request=7b88ca7b-bd9b-4a64-8114-d91a9b2f31f1->8d79625f-2c74-448d-b811-8fe783a575f1#3-t4, previous=(t:3, i:0), leaderCommit=2, initializing? false, entries: <empty>
2019-10-21 21:57:00,185 [java.util.concurrent.ThreadPoolExecutor$Worker@2f21f2f9[State = -1, empty queue]] WARN  server.GrpcLogAppender (GrpcLogAppender.java:timeoutAppendRequest(209)) - 369f1351-eca5-492b-a682-1c26748f74ad@group-D1A5675E21EC->c24b6cc2-153d-4b64-a24d-9eaa76f76215-GrpcLogAppender: appendEntries Timeout, request=369f1351-eca5-492b-a682-1c26748f74ad->c24b6cc2-153d-4b64-a24d-9eaa76f76215#108-t4, previous=(t:4, i:3), leaderCommit=3, initializing? false, entries: <empty>
2019-10-21 21:57:00,185 [java.util.concurrent.ThreadPoolExecutor$Worker@24037ed4[State = -1, empty queue]] WARN  server.GrpcLogAppender (GrpcLogAppender.java:timeoutAppendRequest(209)) - 369f1351-eca5-492b-a682-1c26748f74ad@group-D1A5675E21EC->25026a40-ec59-48c3-bdd0-cf5c1bf30c8c-GrpcLogAppender: appendEntries Timeout, request=369f1351-eca5-492b-a682-1c26748f74ad->25026a40-ec59-48c3-bdd0-cf5c1bf30c8c#108-t4, previous=(t:4, i:3), leaderCommit=3, initializing? false, entries: <empty>
2019-10-21 21:57:00,212 [java.util.concurrent.ThreadPoolExecutor$Worker@159f9708[State = -1, empty queue]] WARN  server.GrpcLogAppender (GrpcLogAppender.java:timeoutAppendRequest(209)) - 149f4235-2e38-4d95-abe8-6ba232811729@group-9BA08151BADB->683a42e8-804c-4291-9261-2bc66677cfab-GrpcLogAppender: appendEntries Timeout, request=149f4235-2e38-4d95-abe8-6ba232811729->683a42e8-804c-4291-9261-2bc66677cfab#3-t2, previous=(t:1, i:10), leaderCommit=12, initializing? false, entries: <empty>
2019-10-21 21:57:00,241 [java.util.concurrent.ThreadPoolExecutor$Worker@2f820c5b[State = -1, empty queue]] WARN  server.GrpcLogAppender (GrpcLogAppender.java:timeoutAppendRequest(209)) - 149f4235-2e38-4d95-abe8-6ba232811729@group-9BA08151BADB->7c4ddf80-db3d-4d0c-b4eb-75f8718eed44-GrpcLogAppender: appendEntries Timeout, request=149f4235-2e38-4d95-abe8-6ba232811729->7c4ddf80-db3d-4d0c-b4eb-75f8718eed44#20-t2, previous=(t:2, i:12), leaderCommit=12, initializing? false, entries: <empty>
2019-10-21 21:57:00,685 [java.util.concurrent.ThreadPoolExecutor$Worker@24037ed4[State = -1, empty queue]] WARN  server.GrpcLogAppender (GrpcLogAppender.java:timeoutAppendRequest(209)) - 369f1351-eca5-492b-a682-1c26748f74ad@group-D1A5675E21EC->25026a40-ec59-48c3-bdd0-cf5c1bf30c8c-GrpcLogAppender: appendEntries Timeout, request=369f1351-eca5-492b-a682-1c26748f74ad->25026a40-ec59-48c3-bdd0-cf5c1bf30c8c#109-t4, previous=(t:4, i:3), leaderCommit=3, initializing? false, entries: <empty>
2019-10-21 21:57:00,685 [java.util.concurrent.ThreadPoolExecutor$Worker@2f21f2f9[State = -1, empty queue]] WARN  server.GrpcLogAppender (GrpcLogAppender.java:timeoutAppendRequest(209)) - 369f1351-eca5-492b-a682-1c26748f74ad@group-D1A5675E21EC->c24b6cc2-153d-4b64-a24d-9eaa76f76215-GrpcLogAppender: appendEntries Timeout, request=369f1351-eca5-492b-a682-1c26748f74ad->c24b6cc2-153d-4b64-a24d-9eaa76f76215#109-t4, previous=(t:4, i:3), leaderCommit=3, initializing? false, entries: <empty>
2019-10-21 21:57:00,741 [java.util.concurrent.ThreadPoolExecutor$Worker@2f820c5b[State = -1, empty queue]] WARN  server.GrpcLogAppender (GrpcLogAppender.java:timeoutAppendRequest(209)) - 149f4235-2e38-4d95-abe8-6ba232811729@group-9BA08151BADB->7c4ddf80-db3d-4d0c-b4eb-75f8718eed44-GrpcLogAppender: appendEntries Timeout, request=149f4235-2e38-4d95-abe8-6ba232811729->7c4ddf80-db3d-4d0c-b4eb-75f8718eed44#21-t2, previous=(t:2, i:12), leaderCommit=12, initializing? false, entries: <empty>
2019-10-21 21:57:01,186 [java.util.concurrent.ThreadPoolExecutor$Worker@2f21f2f9[State = -1, empty queue]] WARN  server.GrpcLogAppender (GrpcLogAppender.java:timeoutAppendRequest(209)) - 369f1351-eca5-492b-a682-1c26748f74ad@group-D1A5675E21EC->c24b6cc2-153d-4b64-a24d-9eaa76f76215-GrpcLogAppender: appendEntries Timeout, request=369f1351-eca5-492b-a682-1c26748f74ad->c24b6cc2-153d-4b64-a24d-9eaa76f76215#110-t4, previous=(t:4, i:3), leaderCommit=3, initializing? false, entries: <empty>
2019-10-21 21:57:01,186 [java.util.concurrent.ThreadPoolExecutor$Worker@24037ed4[State = -1, empty queue]] WARN  server.GrpcLogAppender (GrpcLogAppender.java:timeoutAppendRequest(209)) - 369f1351-eca5-492b-a682-1c26748f74ad@group-D1A5675E21EC->25026a40-ec59-48c3-bdd0-cf5c1bf30c8c-GrpcLogAppender: appendEntries Timeout, request=369f1351-eca5-492b-a682-1c26748f74ad->25026a40-ec59-48c3-bdd0-cf5c1bf30c8c#110-t4, previous=(t:4, i:3), leaderCommit=3, initializing? false, entries: <empty>
2019-10-21 21:57:01,241 [java.util.concurrent.ThreadPoolExecutor$Worker@2f820c5b[State = -1, empty queue]] WARN  server.GrpcLogAppender (GrpcLogAppender.java:timeoutAppendRequest(209)) - 149f4235-2e38-4d95-abe8-6ba232811729@group-9BA08151BADB->7c4ddf80-db3d-4d0c-b4eb-75f8718eed44-GrpcLogAppender: appendEntries Timeout, request=149f4235-2e38-4d95-abe8-6ba232811729->7c4ddf80-db3d-4d0c-b4eb-75f8718eed44#22-t2, previous=(t:2, i:12), leaderCommit=12, initializing? false, entries: <empty>
2019-10-21 21:57:01,686 [java.util.concurrent.ThreadPoolExecutor$Worker@24037ed4[State = -1, empty queue]] WARN  server.GrpcLogAppender (GrpcLogAppender.java:timeoutAppendRequest(209)) - 369f1351-eca5-492b-a682-1c26748f74ad@group-D1A5675E21EC->25026a40-ec59-48c3-bdd0-cf5c1bf30c8c-GrpcLogAppender: appendEntries Timeout, request=369f1351-eca5-492b-a682-1c26748f74ad->25026a40-ec59-48c3-bdd0-cf5c1bf30c8c#111-t4, previous=(t:4, i:3), leaderCommit=3, initializing? false, entries: <empty>
2019-10-21 21:57:01,686 [java.util.concurrent.ThreadPoolExecutor$Worker@2f21f2f9[State = -1, empty queue]] WARN  server.GrpcLogAppender (GrpcLogAppender.java:timeoutAppendRequest(209)) - 369f1351-eca5-492b-a682-1c26748f74ad@group-D1A5675E21EC->c24b6cc2-153d-4b64-a24d-9eaa76f76215-GrpcLogAppender: appendEntries Timeout, request=369f1351-eca5-492b-a682-1c26748f74ad->c24b6cc2-153d-4b64-a24d-9eaa76f76215#111-t4, previous=(t:4, i:3), leaderCommit=3, initializing? false, entries: <empty>
2019-10-21 21:57:01,731 [main] INFO  ozoneimpl.OzoneContainer (OzoneContainer.java:stop(227)) - Attempting to stop container services.
2019-10-21 21:57:01,732 [main] INFO  impl.RaftServerProxy (RaftServerProxy.java:lambda$close$4(314)) - 369f1351-eca5-492b-a682-1c26748f74ad: close
2019-10-21 21:57:01,732 [main] INFO  impl.RaftServerImpl (RaftServerImpl.java:lambda$shutdown$3(261)) - 369f1351-eca5-492b-a682-1c26748f74ad@group-4FD13A569D52: shutdown
2019-10-21 21:57:01,732 [main] INFO  util.JmxRegister (JmxRegister.java:unregister(73)) - Successfully un-registered JMX Bean with object name Ratis:service=RaftServer,group=group-4FD13A569D52,id=369f1351-eca5-492b-a682-1c26748f74ad
2019-10-21 21:57:01,733 [main] INFO  impl.RoleInfo (RoleInfo.java:shutdownLeaderState(104)) - 369f1351-eca5-492b-a682-1c26748f74ad: shutdown LeaderState
2019-10-21 21:57:01,733 [main] INFO  impl.PendingRequests (PendingRequests.java:sendNotLeaderResponses(202)) - 369f1351-eca5-492b-a682-1c26748f74ad@group-4FD13A569D52-PendingRequests: sendNotLeaderResponses
2019-10-21 21:57:01,733 [main] INFO  impl.StateMachineUpdater (StateMachineUpdater.java:stopAndJoin(136)) - 369f1351-eca5-492b-a682-1c26748f74ad@group-4FD13A569D52-StateMachineUpdater: set stopIndex = 0
2019-10-21 21:57:01,734 [main] INFO  impl.RaftServerImpl (ServerState.java:close(388)) - 369f1351-eca5-492b-a682-1c26748f74ad@group-4FD13A569D52: closes. applyIndex: 0
2019-10-21 21:57:01,734 [369f1351-eca5-492b-a682-1c26748f74ad@group-4FD13A569D52-SegmentedRaftLogWorker] INFO  segmented.SegmentedRaftLogWorker (SegmentedRaftLogWorker.java:run(316)) - 369f1351-eca5-492b-a682-1c26748f74ad@group-4FD13A569D52-SegmentedRaftLogWorker was interrupted, exiting. There are 0 tasks remaining in the queue.
2019-10-21 21:57:01,734 [main] INFO  segmented.SegmentedRaftLogWorker (SegmentedRaftLogWorker.java:close(224)) - 369f1351-eca5-492b-a682-1c26748f74ad@group-4FD13A569D52-SegmentedRaftLogWorker close()
2019-10-21 21:57:01,735 [main] INFO  impl.RaftServerImpl (RaftServerImpl.java:lambda$shutdown$3(261)) - 369f1351-eca5-492b-a682-1c26748f74ad@group-D1A5675E21EC: shutdown
2019-10-21 21:57:01,735 [main] INFO  util.JmxRegister (JmxRegister.java:unregister(73)) - Successfully un-registered JMX Bean with object name Ratis:service=RaftServer,group=group-D1A5675E21EC,id=369f1351-eca5-492b-a682-1c26748f74ad
2019-10-21 21:57:01,735 [main] INFO  impl.RoleInfo (RoleInfo.java:shutdownLeaderState(104)) - 369f1351-eca5-492b-a682-1c26748f74ad: shutdown LeaderState
2019-10-21 21:57:01,738 [main] INFO  impl.PendingRequests (PendingRequests.java:sendNotLeaderResponses(202)) - 369f1351-eca5-492b-a682-1c26748f74ad@group-D1A5675E21EC-PendingRequests: sendNotLeaderResponses
2019-10-21 21:57:01,738 [org.apache.ratis.server.impl.LogAppender$AppenderDaemon$$Lambda$450/1920685015@43904c42] WARN  server.GrpcLogAppender (GrpcLogAppender.java:mayWait(149)) - 369f1351-eca5-492b-a682-1c26748f74ad@group-D1A5675E21EC->c24b6cc2-153d-4b64-a24d-9eaa76f76215-GrpcLogAppender: Wait interrupted by java.lang.InterruptedException
2019-10-21 21:57:01,743 [main] INFO  impl.StateMachineUpdater (StateMachineUpdater.java:stopAndJoin(136)) - 369f1351-eca5-492b-a682-1c26748f74ad@group-D1A5675E21EC-StateMachineUpdater: set stopIndex = 3
2019-10-21 21:57:01,738 [org.apache.ratis.server.impl.LogAppender$AppenderDaemon$$Lambda$450/1920685015@ecb2c03] WARN  server.GrpcLogAppender (GrpcLogAppender.java:mayWait(149)) - 369f1351-eca5-492b-a682-1c26748f74ad@group-D1A5675E21EC->25026a40-ec59-48c3-bdd0-cf5c1bf30c8c-GrpcLogAppender: Wait interrupted by java.lang.InterruptedException
2019-10-21 21:57:01,743 [java.util.concurrent.ThreadPoolExecutor$Worker@2f820c5b[State = -1, empty queue]] WARN  server.GrpcLogAppender (GrpcLogAppender.java:timeoutAppendRequest(209)) - 149f4235-2e38-4d95-abe8-6ba232811729@group-9BA08151BADB->7c4ddf80-db3d-4d0c-b4eb-75f8718eed44-GrpcLogAppender: appendEntries Timeout, request=149f4235-2e38-4d95-abe8-6ba232811729->7c4ddf80-db3d-4d0c-b4eb-75f8718eed44#23-t2, previous=(t:2, i:12), leaderCommit=12, initializing? false, entries: <empty>
2019-10-21 21:57:01,743 [main] INFO  impl.RaftServerImpl (ServerState.java:close(388)) - 369f1351-eca5-492b-a682-1c26748f74ad@group-D1A5675E21EC: closes. applyIndex: 3
2019-10-21 21:57:01,744 [369f1351-eca5-492b-a682-1c26748f74ad@group-D1A5675E21EC-SegmentedRaftLogWorker] INFO  segmented.SegmentedRaftLogWorker (SegmentedRaftLogWorker.java:run(316)) - 369f1351-eca5-492b-a682-1c26748f74ad@group-D1A5675E21EC-SegmentedRaftLogWorker was interrupted, exiting. There are 0 tasks remaining in the queue.
2019-10-21 21:57:01,745 [main] INFO  segmented.SegmentedRaftLogWorker (SegmentedRaftLogWorker.java:close(224)) - 369f1351-eca5-492b-a682-1c26748f74ad@group-D1A5675E21EC-SegmentedRaftLogWorker close()
2019-10-21 21:57:01,746 [main] INFO  server.GrpcService (GrpcService.java:closeImpl(164)) - 369f1351-eca5-492b-a682-1c26748f74ad: shutdown server with port 44343 now
2019-10-21 21:57:01,746 [main] INFO  server.GrpcService (GrpcService.java:closeImpl(172)) - 369f1351-eca5-492b-a682-1c26748f74ad: shutdown server with port 44343 successfully
2019-10-21 21:57:01,748 [refreshUsed-/workdir/hadoop-ozone/integration-test/target/test-dir/MiniOzoneClusterImpl-f9df1159-a46e-43dd-90f7-e431812950fc/datanode-9/data/containers] WARN  fs.CachingGetSpaceUsed (CachingGetSpaceUsed.java:run(183)) - Thread Interrupted waiting to refresh disk information: sleep interrupted
2019-10-21 21:57:01,760 [main] INFO  utils.BackgroundService (BackgroundService.java:shutdown(151)) - Shutting down service BlockDeletingService
2019-10-21 21:57:01,763 [main] INFO  statemachine.DatanodeStateMachine (DatanodeStateMachine.java:stopDaemon(395)) - Ozone container server stopped.
2019-10-21 21:57:01,763 [ForkJoinPool.commonPool-worker-0] INFO  ozoneimpl.OzoneContainer (OzoneContainer.java:stop(227)) - Attempting to stop container services.
2019-10-21 21:57:01,763 [ForkJoinPool.commonPool-worker-0] INFO  impl.RaftServerProxy (RaftServerProxy.java:lambda$close$4(314)) - 7b88ca7b-bd9b-4a64-8114-d91a9b2f31f1: close
2019-10-21 21:57:01,764 [ForkJoinPool.commonPool-worker-0] INFO  impl.RaftServerImpl (RaftServerImpl.java:lambda$shutdown$3(261)) - 7b88ca7b-bd9b-4a64-8114-d91a9b2f31f1@group-505AA2A17417: shutdown
2019-10-21 21:57:01,764 [ForkJoinPool.commonPool-worker-0] INFO  util.JmxRegister (JmxRegister.java:unregister(73)) - Successfully un-registered JMX Bean with object name Ratis:service=RaftServer,group=group-505AA2A17417,id=7b88ca7b-bd9b-4a64-8114-d91a9b2f31f1
2019-10-21 21:57:01,764 [ForkJoinPool.commonPool-worker-0] INFO  impl.RoleInfo (RoleInfo.java:shutdownLeaderState(104)) - 7b88ca7b-bd9b-4a64-8114-d91a9b2f31f1: shutdown LeaderState
2019-10-21 21:57:01,764 [ForkJoinPool.commonPool-worker-0] INFO  impl.PendingRequests (PendingRequests.java:sendNotLeaderResponses(202)) - 7b88ca7b-bd9b-4a64-8114-d91a9b2f31f1@group-505AA2A17417-PendingRequests: sendNotLeaderResponses
2019-10-21 21:57:01,764 [ForkJoinPool.commonPool-worker-0] INFO  impl.StateMachineUpdater (StateMachineUpdater.java:stopAndJoin(136)) - 7b88ca7b-bd9b-4a64-8114-d91a9b2f31f1@group-505AA2A17417-StateMachineUpdater: set stopIndex = 0
2019-10-21 21:57:01,765 [ForkJoinPool.commonPool-worker-0] INFO  impl.RaftServerImpl (ServerState.java:close(388)) - 7b88ca7b-bd9b-4a64-8114-d91a9b2f31f1@group-505AA2A17417: closes. applyIndex: 0
2019-10-21 21:57:01,765 [7b88ca7b-bd9b-4a64-8114-d91a9b2f31f1@group-505AA2A17417-SegmentedRaftLogWorker] INFO  segmented.SegmentedRaftLogWorker (SegmentedRaftLogWorker.java:run(316)) - 7b88ca7b-bd9b-4a64-8114-d91a9b2f31f1@group-505AA2A17417-SegmentedRaftLogWorker was interrupted, exiting. There are 0 tasks remaining in the queue.
2019-10-21 21:57:01,765 [ForkJoinPool.commonPool-worker-0] INFO  segmented.SegmentedRaftLogWorker (SegmentedRaftLogWorker.java:close(224)) - 7b88ca7b-bd9b-4a64-8114-d91a9b2f31f1@group-505AA2A17417-SegmentedRaftLogWorker close()
2019-10-21 21:57:01,766 [ForkJoinPool.commonPool-worker-0] INFO  impl.RaftServerImpl (RaftServerImpl.java:lambda$shutdown$3(261)) - 7b88ca7b-bd9b-4a64-8114-d91a9b2f31f1@group-43E39F6D4740: shutdown
2019-10-21 21:57:01,766 [ForkJoinPool.commonPool-worker-0] INFO  util.JmxRegister (JmxRegister.java:unregister(73)) - Successfully un-registered JMX Bean with object name Ratis:service=RaftServer,group=group-43E39F6D4740,id=7b88ca7b-bd9b-4a64-8114-d91a9b2f31f1
2019-10-21 21:57:01,766 [ForkJoinPool.commonPool-worker-0] INFO  impl.RoleInfo (RoleInfo.java:shutdownLeaderState(104)) - 7b88ca7b-bd9b-4a64-8114-d91a9b2f31f1: shutdown LeaderState
2019-10-21 21:57:01,769 [org.apache.ratis.server.impl.LogAppender$AppenderDaemon$$Lambda$450/1920685015@5459f1d] WARN  server.GrpcLogAppender (GrpcLogAppender.java:mayWait(149)) - 7b88ca7b-bd9b-4a64-8114-d91a9b2f31f1@group-43E39F6D4740->590972a8-254a-4d11-9ee4-9846de224337-GrpcLogAppender: Wait interrupted by java.lang.InterruptedException
2019-10-21 21:57:01,769 [org.apache.ratis.server.impl.LogAppender$AppenderDaemon$$Lambda$450/1920685015@7d147437] WARN  server.GrpcLogAppender (GrpcLogAppender.java:mayWait(149)) - 7b88ca7b-bd9b-4a64-8114-d91a9b2f31f1@group-43E39F6D4740->8d79625f-2c74-448d-b811-8fe783a575f1-GrpcLogAppender: Wait interrupted by java.lang.InterruptedException
2019-10-21 21:57:01,769 [ForkJoinPool.commonPool-worker-0] INFO  impl.PendingRequests (PendingRequests.java:sendNotLeaderResponses(202)) - 7b88ca7b-bd9b-4a64-8114-d91a9b2f31f1@group-43E39F6D4740-PendingRequests: sendNotLeaderResponses
2019-10-21 21:57:01,775 [ForkJoinPool.commonPool-worker-0] INFO  impl.StateMachineUpdater (StateMachineUpdater.java:stopAndJoin(136)) - 7b88ca7b-bd9b-4a64-8114-d91a9b2f31f1@group-43E39F6D4740-StateMachineUpdater: set stopIndex = 2
2019-10-21 21:57:01,775 [grpc-default-executor-5] INFO  server.GrpcServerProtocolService (GrpcServerProtocolService.java:onCompleted(113)) - 590972a8-254a-4d11-9ee4-9846de224337: Completed APPEND_ENTRIES, lastRequest: 7b88ca7b-bd9b-4a64-8114-d91a9b2f31f1->590972a8-254a-4d11-9ee4-9846de224337#29-t4, previous=(t:4, i:2), leaderCommit=2, initializing? false, entries: <empty>
2019-10-21 21:57:01,775 [ForkJoinPool.commonPool-worker-0] INFO  impl.RaftServerImpl (ServerState.java:close(388)) - 7b88ca7b-bd9b-4a64-8114-d91a9b2f31f1@group-43E39F6D4740: closes. applyIndex: 2
2019-10-21 21:57:01,775 [grpc-default-executor-5] INFO  server.GrpcLogAppender (GrpcLogAppender.java:onCompleted(308)) - 7b88ca7b-bd9b-4a64-8114-d91a9b2f31f1@group-43E39F6D4740->590972a8-254a-4d11-9ee4-9846de224337-AppendLogResponseHandler: follower responses appendEntries COMPLETED
2019-10-21 21:57:01,775 [7b88ca7b-bd9b-4a64-8114-d91a9b2f31f1@group-43E39F6D4740-SegmentedRaftLogWorker] INFO  segmented.SegmentedRaftLogWorker (SegmentedRaftLogWorker.java:run(316)) - 7b88ca7b-bd9b-4a64-8114-d91a9b2f31f1@group-43E39F6D4740-SegmentedRaftLogWorker was interrupted, exiting. There are 0 tasks remaining in the queue.
2019-10-21 21:57:01,776 [ForkJoinPool.commonPool-worker-0] INFO  segmented.SegmentedRaftLogWorker (SegmentedRaftLogWorker.java:close(224)) - 7b88ca7b-bd9b-4a64-8114-d91a9b2f31f1@group-43E39F6D4740-SegmentedRaftLogWorker close()
2019-10-21 21:57:01,776 [ForkJoinPool.commonPool-worker-0] INFO  server.GrpcService (GrpcService.java:closeImpl(164)) - 7b88ca7b-bd9b-4a64-8114-d91a9b2f31f1: shutdown server with port 38504 now
2019-10-21 21:57:01,776 [grpc-default-executor-5] INFO  impl.FollowerInfo (FollowerInfo.java:lambda$new$0(51)) - 7b88ca7b-bd9b-4a64-8114-d91a9b2f31f1@group-43E39F6D4740->590972a8-254a-4d11-9ee4-9846de224337: nextIndex: updateUnconditionally 3 -> 2
2019-10-21 21:57:01,776 [ForkJoinPool.commonPool-worker-0] INFO  server.GrpcService (GrpcService.java:closeImpl(172)) - 7b88ca7b-bd9b-4a64-8114-d91a9b2f31f1: shutdown server with port 38504 successfully
2019-10-21 21:57:01,778 [refreshUsed-/workdir/hadoop-ozone/integration-test/target/test-dir/MiniOzoneClusterImpl-f9df1159-a46e-43dd-90f7-e431812950fc/datanode-0/data/containers] WARN  fs.CachingGetSpaceUsed (CachingGetSpaceUsed.java:run(183)) - Thread Interrupted waiting to refresh disk information: sleep interrupted
2019-10-21 21:57:01,790 [ForkJoinPool.commonPool-worker-0] INFO  utils.BackgroundService (BackgroundService.java:shutdown(151)) - Shutting down service BlockDeletingService
2019-10-21 21:57:01,793 [ForkJoinPool.commonPool-worker-0] INFO  statemachine.DatanodeStateMachine (DatanodeStateMachine.java:stopDaemon(395)) - Ozone container server stopped.
2019-10-21 21:57:01,940 [main] INFO  handler.ContextHandler (ContextHandler.java:doStop(910)) - Stopped o.e.j.w.WebAppContext@314a31b0{/,null,UNAVAILABLE}{/hddsDatanode}
2019-10-21 21:57:01,941 [ForkJoinPool.commonPool-worker-0] INFO  handler.ContextHandler (ContextHandler.java:doStop(910)) - Stopped o.e.j.w.WebAppContext@39ee94de{/,null,UNAVAILABLE}{/hddsDatanode}
2019-10-21 21:57:01,942 [main] INFO  server.AbstractConnector (AbstractConnector.java:doStop(318)) - Stopped ServerConnector@2753316c{HTTP/1.1,[http/1.1]}{0.0.0.0:0}
2019-10-21 21:57:01,942 [ForkJoinPool.commonPool-worker-0] INFO  server.AbstractConnector (AbstractConnector.java:doStop(318)) - Stopped ServerConnector@642857e0{HTTP/1.1,[http/1.1]}{0.0.0.0:0}
2019-10-21 21:57:01,942 [main] INFO  handler.ContextHandler (ContextHandler.java:doStop(910)) - Stopped o.e.j.s.ServletContextHandler@73613ae5{/static,jar:file:/home/user/.m2/repository/org/apache/hadoop/hadoop-hdds-container-service/0.5.0-SNAPSHOT/hadoop-hdds-container-service-0.5.0-SNAPSHOT.jar!/webapps/static,UNAVAILABLE}
2019-10-21 21:57:01,943 [ForkJoinPool.commonPool-worker-0] INFO  handler.ContextHandler (ContextHandler.java:doStop(910)) - Stopped o.e.j.s.ServletContextHandler@1fbf088b{/static,jar:file:/home/user/.m2/repository/org/apache/hadoop/hadoop-hdds-container-service/0.5.0-SNAPSHOT/hadoop-hdds-container-service-0.5.0-SNAPSHOT.jar!/webapps/static,UNAVAILABLE}
2019-10-21 21:57:01,943 [main] INFO  handler.ContextHandler (ContextHandler.java:doStop(910)) - Stopped o.e.j.s.ServletContextHandler@4816ee24{/logs,file:///workdir/hadoop-ozone/integration-test/target/log,UNAVAILABLE}
2019-10-21 21:57:01,943 [ForkJoinPool.commonPool-worker-0] INFO  handler.ContextHandler (ContextHandler.java:doStop(910)) - Stopped o.e.j.s.ServletContextHandler@163042ea{/logs,file:///workdir/hadoop-ozone/integration-test/target/log,UNAVAILABLE}
2019-10-21 21:57:02,083 [Datanode State Machine Thread - 0] INFO  statemachine.DatanodeStateMachine (DatanodeStateMachine.java:lambda$startDaemon$0(350)) - Ozone container server started.
2019-10-21 21:57:02,186 [java.util.concurrent.ThreadPoolExecutor$Worker@24037ed4[State = -1, empty queue]] WARN  server.GrpcLogAppender (GrpcLogAppender.java:timeoutAppendRequest(209)) - 369f1351-eca5-492b-a682-1c26748f74ad@group-D1A5675E21EC->25026a40-ec59-48c3-bdd0-cf5c1bf30c8c-GrpcLogAppender: appendEntries Timeout, request=369f1351-eca5-492b-a682-1c26748f74ad->25026a40-ec59-48c3-bdd0-cf5c1bf30c8c#112-t4, previous=(t:4, i:3), leaderCommit=3, initializing? false, entries: <empty>
2019-10-21 21:57:02,186 [java.util.concurrent.ThreadPoolExecutor$Worker@2f21f2f9[State = -1, empty queue]] WARN  server.GrpcLogAppender (GrpcLogAppender.java:timeoutAppendRequest(209)) - 369f1351-eca5-492b-a682-1c26748f74ad@group-D1A5675E21EC->c24b6cc2-153d-4b64-a24d-9eaa76f76215-GrpcLogAppender: appendEntries Timeout, request=369f1351-eca5-492b-a682-1c26748f74ad->c24b6cc2-153d-4b64-a24d-9eaa76f76215#112-t4, previous=(t:4, i:3), leaderCommit=3, initializing? false, entries: <empty>
2019-10-21 21:57:02,242 [java.util.concurrent.ThreadPoolExecutor$Worker@2f820c5b[State = -1, empty queue]] WARN  server.GrpcLogAppender (GrpcLogAppender.java:timeoutAppendRequest(209)) - 149f4235-2e38-4d95-abe8-6ba232811729@group-9BA08151BADB->7c4ddf80-db3d-4d0c-b4eb-75f8718eed44-GrpcLogAppender: appendEntries Timeout, request=149f4235-2e38-4d95-abe8-6ba232811729->7c4ddf80-db3d-4d0c-b4eb-75f8718eed44#24-t2, previous=(t:2, i:12), leaderCommit=12, initializing? false, entries: <empty>
2019-10-21 21:57:02,323 [Datanode State Machine Thread - 0] INFO  statemachine.DatanodeStateMachine (DatanodeStateMachine.java:lambda$startDaemon$0(350)) - Ozone container server started.
2019-10-21 21:57:02,687 [java.util.concurrent.ThreadPoolExecutor$Worker@24037ed4[State = -1, empty queue]] WARN  server.GrpcLogAppender (GrpcLogAppender.java:timeoutAppendRequest(209)) - 369f1351-eca5-492b-a682-1c26748f74ad@group-D1A5675E21EC->25026a40-ec59-48c3-bdd0-cf5c1bf30c8c-GrpcLogAppender: appendEntries Timeout, request=369f1351-eca5-492b-a682-1c26748f74ad->25026a40-ec59-48c3-bdd0-cf5c1bf30c8c#113-t4, previous=(t:4, i:3), leaderCommit=3, initializing? false, entries: <empty>
2019-10-21 21:57:02,687 [java.util.concurrent.ThreadPoolExecutor$Worker@2f21f2f9[State = -1, empty queue]] WARN  server.GrpcLogAppender (GrpcLogAppender.java:timeoutAppendRequest(209)) - 369f1351-eca5-492b-a682-1c26748f74ad@group-D1A5675E21EC->c24b6cc2-153d-4b64-a24d-9eaa76f76215-GrpcLogAppender: appendEntries Timeout, request=369f1351-eca5-492b-a682-1c26748f74ad->c24b6cc2-153d-4b64-a24d-9eaa76f76215#113-t4, previous=(t:4, i:3), leaderCommit=3, initializing? false, entries: <empty>
2019-10-21 21:57:02,742 [java.util.concurrent.ThreadPoolExecutor$Worker@2f820c5b[State = -1, empty queue]] WARN  server.GrpcLogAppender (GrpcLogAppender.java:timeoutAppendRequest(209)) - 149f4235-2e38-4d95-abe8-6ba232811729@group-9BA08151BADB->7c4ddf80-db3d-4d0c-b4eb-75f8718eed44-GrpcLogAppender: appendEntries Timeout, request=149f4235-2e38-4d95-abe8-6ba232811729->7c4ddf80-db3d-4d0c-b4eb-75f8718eed44#25-t2, previous=(t:2, i:12), leaderCommit=12, initializing? false, entries: <empty>
2019-10-21 21:57:02,849 [java.util.concurrent.ThreadPoolExecutor$Worker@7114e215[State = -1, empty queue]] WARN  server.GrpcLogAppender (GrpcLogAppender.java:timeoutAppendRequest(209)) - 7b88ca7b-bd9b-4a64-8114-d91a9b2f31f1@group-43E39F6D4740->8d79625f-2c74-448d-b811-8fe783a575f1-GrpcLogAppender: appendEntries Timeout, request=7b88ca7b-bd9b-4a64-8114-d91a9b2f31f1->8d79625f-2c74-448d-b811-8fe783a575f1#4-t4, previous=(t:3, i:0), leaderCommit=2, initializing? false, entries: <empty>
2019-10-21 21:57:03,187 [java.util.concurrent.ThreadPoolExecutor$Worker@24037ed4[State = -1, empty queue]] WARN  server.GrpcLogAppender (GrpcLogAppender.java:timeoutAppendRequest(209)) - 369f1351-eca5-492b-a682-1c26748f74ad@group-D1A5675E21EC->25026a40-ec59-48c3-bdd0-cf5c1bf30c8c-GrpcLogAppender: appendEntries Timeout, request=369f1351-eca5-492b-a682-1c26748f74ad->25026a40-ec59-48c3-bdd0-cf5c1bf30c8c#114-t4, previous=(t:4, i:3), leaderCommit=3, initializing? false, entries: <empty>
2019-10-21 21:57:03,187 [java.util.concurrent.ThreadPoolExecutor$Worker@2f21f2f9[State = -1, empty queue]] WARN  server.GrpcLogAppender (GrpcLogAppender.java:timeoutAppendRequest(209)) - 369f1351-eca5-492b-a682-1c26748f74ad@group-D1A5675E21EC->c24b6cc2-153d-4b64-a24d-9eaa76f76215-GrpcLogAppender: appendEntries Timeout, request=369f1351-eca5-492b-a682-1c26748f74ad->c24b6cc2-153d-4b64-a24d-9eaa76f76215#114-t4, previous=(t:4, i:3), leaderCommit=3, initializing? false, entries: <empty>
2019-10-21 21:57:03,213 [java.util.concurrent.ThreadPoolExecutor$Worker@159f9708[State = -1, empty queue]] WARN  server.GrpcLogAppender (GrpcLogAppender.java:timeoutAppendRequest(209)) - 149f4235-2e38-4d95-abe8-6ba232811729@group-9BA08151BADB->683a42e8-804c-4291-9261-2bc66677cfab-GrpcLogAppender: appendEntries Timeout, request=149f4235-2e38-4d95-abe8-6ba232811729->683a42e8-804c-4291-9261-2bc66677cfab#4-t2, previous=(t:1, i:10), leaderCommit=12, initializing? false, entries: <empty>
2019-10-21 21:57:03,242 [java.util.concurrent.ThreadPoolExecutor$Worker@2f820c5b[State = -1, empty queue]] WARN  server.GrpcLogAppender (GrpcLogAppender.java:timeoutAppendRequest(209)) - 149f4235-2e38-4d95-abe8-6ba232811729@group-9BA08151BADB->7c4ddf80-db3d-4d0c-b4eb-75f8718eed44-GrpcLogAppender: appendEntries Timeout, request=149f4235-2e38-4d95-abe8-6ba232811729->7c4ddf80-db3d-4d0c-b4eb-75f8718eed44#26-t2, previous=(t:2, i:12), leaderCommit=12, initializing? false, entries: <empty>
2019-10-21 21:57:03,456 [Thread-2708] INFO  impl.FollowerState (FollowerState.java:run(108)) - 590972a8-254a-4d11-9ee4-9846de224337@group-43E39F6D4740-FollowerState: change to CANDIDATE, lastRpcTime:2058ms, electionTimeout:1150ms
2019-10-21 21:57:03,456 [Thread-2708] INFO  impl.RoleInfo (RoleInfo.java:shutdownFollowerState(121)) - 590972a8-254a-4d11-9ee4-9846de224337: shutdown FollowerState
2019-10-21 21:57:03,457 [Thread-2708] INFO  impl.RaftServerImpl (RaftServerImpl.java:setRole(184)) - 590972a8-254a-4d11-9ee4-9846de224337@group-43E39F6D4740: changes role from  FOLLOWER to CANDIDATE at term 4 for changeToCandidate
2019-10-21 21:57:03,457 [Thread-2708] INFO  impl.RoleInfo (RoleInfo.java:updateAndGet(143)) - 590972a8-254a-4d11-9ee4-9846de224337: start LeaderElection
2019-10-21 21:57:03,457 [590972a8-254a-4d11-9ee4-9846de224337@group-43E39F6D4740-LeaderElection178] INFO  impl.RaftServerImpl (ServerState.java:setLeader(256)) - 590972a8-254a-4d11-9ee4-9846de224337@group-43E39F6D4740: change Leader from 7b88ca7b-bd9b-4a64-8114-d91a9b2f31f1 to null at term 4 for initElection
2019-10-21 21:57:03,473 [590972a8-254a-4d11-9ee4-9846de224337@group-43E39F6D4740-LeaderElection178] INFO  impl.LeaderElection (LeaderElection.java:askForVotes(178)) - 590972a8-254a-4d11-9ee4-9846de224337@group-43E39F6D4740-LeaderElection178: begin an election at term 5 for 1: [7b88ca7b-bd9b-4a64-8114-d91a9b2f31f1:192.168.69.92:38504, 590972a8-254a-4d11-9ee4-9846de224337:192.168.69.92:35899, 8d79625f-2c74-448d-b811-8fe783a575f1:192.168.69.92:35698], old=null
2019-10-21 21:57:03,476 [590972a8-254a-4d11-9ee4-9846de224337@group-43E39F6D4740-LeaderElection178] INFO  impl.LeaderElection (LogUtils.java:infoOrTrace(149)) - 590972a8-254a-4d11-9ee4-9846de224337@group-43E39F6D4740-LeaderElection178 got exception when requesting votes: {}
java.util.concurrent.ExecutionException: org.apache.ratis.thirdparty.io.grpc.StatusRuntimeException: UNAVAILABLE: io exception
	at java.util.concurrent.FutureTask.report(FutureTask.java:122)
	at java.util.concurrent.FutureTask.get(FutureTask.java:192)
	at org.apache.ratis.server.impl.LeaderElection.waitForResults(LeaderElection.java:259)
	at org.apache.ratis.server.impl.LeaderElection.askForVotes(LeaderElection.java:197)
	at org.apache.ratis.server.impl.LeaderElection.run(LeaderElection.java:133)
	at java.lang.Thread.run(Thread.java:748)
Caused by: org.apache.ratis.thirdparty.io.grpc.StatusRuntimeException: UNAVAILABLE: io exception
	at org.apache.ratis.thirdparty.io.grpc.stub.ClientCalls.toStatusRuntimeException(ClientCalls.java:233)
	at org.apache.ratis.thirdparty.io.grpc.stub.ClientCalls.getUnchecked(ClientCalls.java:214)
	at org.apache.ratis.thirdparty.io.grpc.stub.ClientCalls.blockingUnaryCall(ClientCalls.java:139)
	at org.apache.ratis.proto.grpc.RaftServerProtocolServiceGrpc$RaftServerProtocolServiceBlockingStub.requestVote(RaftServerProtocolServiceGrpc.java:265)
	at org.apache.ratis.grpc.server.GrpcServerProtocolClient.requestVote(GrpcServerProtocolClient.java:99)
	at org.apache.ratis.grpc.server.GrpcService.requestVote(GrpcService.java:204)
	at org.apache.ratis.server.impl.LeaderElection.lambda$submitRequests$1(LeaderElection.java:234)
	at java.util.concurrent.FutureTask.run(FutureTask.java:266)
	at java.util.concurrent.Executors$RunnableAdapter.call(Executors.java:511)
	at java.util.concurrent.FutureTask.run(FutureTask.java:266)
	at java.util.concurrent.ThreadPoolExecutor.runWorker(ThreadPoolExecutor.java:1149)
	at java.util.concurrent.ThreadPoolExecutor$Worker.run(ThreadPoolExecutor.java:624)
	... 1 more
Caused by: org.apache.ratis.thirdparty.io.netty.channel.AbstractChannel$AnnotatedConnectException: Connection refused: /192.168.69.92:35698
	at sun.nio.ch.SocketChannelImpl.checkConnect(Native Method)
	at sun.nio.ch.SocketChannelImpl.finishConnect(SocketChannelImpl.java:717)
	at org.apache.ratis.thirdparty.io.netty.channel.socket.nio.NioSocketChannel.doFinishConnect(NioSocketChannel.java:327)
	at org.apache.ratis.thirdparty.io.netty.channel.nio.AbstractNioChannel$AbstractNioUnsafe.finishConnect(AbstractNioChannel.java:340)
	at org.apache.ratis.thirdparty.io.netty.channel.nio.NioEventLoop.processSelectedKey(NioEventLoop.java:632)
	at org.apache.ratis.thirdparty.io.netty.channel.nio.NioEventLoop.processSelectedKeysOptimized(NioEventLoop.java:579)
	at org.apache.ratis.thirdparty.io.netty.channel.nio.NioEventLoop.processSelectedKeys(NioEventLoop.java:496)
	at org.apache.ratis.thirdparty.io.netty.channel.nio.NioEventLoop.run(NioEventLoop.java:458)
	at org.apache.ratis.thirdparty.io.netty.util.concurrent.SingleThreadEventExecutor$5.run(SingleThreadEventExecutor.java:897)
	at org.apache.ratis.thirdparty.io.netty.util.concurrent.FastThreadLocalRunnable.run(FastThreadLocalRunnable.java:30)
	... 1 more
Caused by: java.net.ConnectException: Connection refused
	... 11 more
2019-10-21 21:57:03,478 [590972a8-254a-4d11-9ee4-9846de224337@group-43E39F6D4740-LeaderElection178] INFO  impl.LeaderElection (LogUtils.java:infoOrTrace(149)) - 590972a8-254a-4d11-9ee4-9846de224337@group-43E39F6D4740-LeaderElection178 got exception when requesting votes: {}
java.util.concurrent.ExecutionException: org.apache.ratis.thirdparty.io.grpc.StatusRuntimeException: UNAVAILABLE: io exception
	at java.util.concurrent.FutureTask.report(FutureTask.java:122)
	at java.util.concurrent.FutureTask.get(FutureTask.java:192)
	at org.apache.ratis.server.impl.LeaderElection.waitForResults(LeaderElection.java:259)
	at org.apache.ratis.server.impl.LeaderElection.askForVotes(LeaderElection.java:197)
	at org.apache.ratis.server.impl.LeaderElection.run(LeaderElection.java:133)
	at java.lang.Thread.run(Thread.java:748)
Caused by: org.apache.ratis.thirdparty.io.grpc.StatusRuntimeException: UNAVAILABLE: io exception
	at org.apache.ratis.thirdparty.io.grpc.stub.ClientCalls.toStatusRuntimeException(ClientCalls.java:233)
	at org.apache.ratis.thirdparty.io.grpc.stub.ClientCalls.getUnchecked(ClientCalls.java:214)
	at org.apache.ratis.thirdparty.io.grpc.stub.ClientCalls.blockingUnaryCall(ClientCalls.java:139)
	at org.apache.ratis.proto.grpc.RaftServerProtocolServiceGrpc$RaftServerProtocolServiceBlockingStub.requestVote(RaftServerProtocolServiceGrpc.java:265)
	at org.apache.ratis.grpc.server.GrpcServerProtocolClient.requestVote(GrpcServerProtocolClient.java:99)
	at org.apache.ratis.grpc.server.GrpcService.requestVote(GrpcService.java:204)
	at org.apache.ratis.server.impl.LeaderElection.lambda$submitRequests$1(LeaderElection.java:234)
	at java.util.concurrent.FutureTask.run(FutureTask.java:266)
	at java.util.concurrent.Executors$RunnableAdapter.call(Executors.java:511)
	at java.util.concurrent.FutureTask.run(FutureTask.java:266)
	at java.util.concurrent.ThreadPoolExecutor.runWorker(ThreadPoolExecutor.java:1149)
	at java.util.concurrent.ThreadPoolExecutor$Worker.run(ThreadPoolExecutor.java:624)
	... 1 more
Caused by: org.apache.ratis.thirdparty.io.netty.channel.AbstractChannel$AnnotatedConnectException: Connection refused: /192.168.69.92:38504
	at sun.nio.ch.SocketChannelImpl.checkConnect(Native Method)
	at sun.nio.ch.SocketChannelImpl.finishConnect(SocketChannelImpl.java:717)
	at org.apache.ratis.thirdparty.io.netty.channel.socket.nio.NioSocketChannel.doFinishConnect(NioSocketChannel.java:327)
	at org.apache.ratis.thirdparty.io.netty.channel.nio.AbstractNioChannel$AbstractNioUnsafe.finishConnect(AbstractNioChannel.java:340)
	at org.apache.ratis.thirdparty.io.netty.channel.nio.NioEventLoop.processSelectedKey(NioEventLoop.java:632)
	at org.apache.ratis.thirdparty.io.netty.channel.nio.NioEventLoop.processSelectedKeysOptimized(NioEventLoop.java:579)
	at org.apache.ratis.thirdparty.io.netty.channel.nio.NioEventLoop.processSelectedKeys(NioEventLoop.java:496)
	at org.apache.ratis.thirdparty.io.netty.channel.nio.NioEventLoop.run(NioEventLoop.java:458)
	at org.apache.ratis.thirdparty.io.netty.util.concurrent.SingleThreadEventExecutor$5.run(SingleThreadEventExecutor.java:897)
	at org.apache.ratis.thirdparty.io.netty.util.concurrent.FastThreadLocalRunnable.run(FastThreadLocalRunnable.java:30)
	... 1 more
Caused by: java.net.ConnectException: Connection refused
	... 11 more
2019-10-21 21:57:03,479 [590972a8-254a-4d11-9ee4-9846de224337@group-43E39F6D4740-LeaderElection178] INFO  impl.LeaderElection (LeaderElection.java:logAndReturn(56)) - 590972a8-254a-4d11-9ee4-9846de224337@group-43E39F6D4740-LeaderElection178: Election REJECTED; received 0 response(s) [] and 2 exception(s); 590972a8-254a-4d11-9ee4-9846de224337@group-43E39F6D4740:t5, leader=null, voted=590972a8-254a-4d11-9ee4-9846de224337, raftlog=590972a8-254a-4d11-9ee4-9846de224337@group-43E39F6D4740-SegmentedRaftLog:OPENED:c2,f2,i2, conf=1: [7b88ca7b-bd9b-4a64-8114-d91a9b2f31f1:192.168.69.92:38504, 590972a8-254a-4d11-9ee4-9846de224337:192.168.69.92:35899, 8d79625f-2c74-448d-b811-8fe783a575f1:192.168.69.92:35698], old=null
2019-10-21 21:57:03,479 [590972a8-254a-4d11-9ee4-9846de224337@group-43E39F6D4740-LeaderElection178] INFO  impl.LeaderElection (LogUtils.java:infoOrTrace(149)) -   Exception 0: {}
java.util.concurrent.ExecutionException: org.apache.ratis.thirdparty.io.grpc.StatusRuntimeException: UNAVAILABLE: io exception
	at java.util.concurrent.FutureTask.report(FutureTask.java:122)
	at java.util.concurrent.FutureTask.get(FutureTask.java:192)
	at org.apache.ratis.server.impl.LeaderElection.waitForResults(LeaderElection.java:259)
	at org.apache.ratis.server.impl.LeaderElection.askForVotes(LeaderElection.java:197)
	at org.apache.ratis.server.impl.LeaderElection.run(LeaderElection.java:133)
	at java.lang.Thread.run(Thread.java:748)
Caused by: org.apache.ratis.thirdparty.io.grpc.StatusRuntimeException: UNAVAILABLE: io exception
	at org.apache.ratis.thirdparty.io.grpc.stub.ClientCalls.toStatusRuntimeException(ClientCalls.java:233)
	at org.apache.ratis.thirdparty.io.grpc.stub.ClientCalls.getUnchecked(ClientCalls.java:214)
	at org.apache.ratis.thirdparty.io.grpc.stub.ClientCalls.blockingUnaryCall(ClientCalls.java:139)
	at org.apache.ratis.proto.grpc.RaftServerProtocolServiceGrpc$RaftServerProtocolServiceBlockingStub.requestVote(RaftServerProtocolServiceGrpc.java:265)
	at org.apache.ratis.grpc.server.GrpcServerProtocolClient.requestVote(GrpcServerProtocolClient.java:99)
	at org.apache.ratis.grpc.server.GrpcService.requestVote(GrpcService.java:204)
	at org.apache.ratis.server.impl.LeaderElection.lambda$submitRequests$1(LeaderElection.java:234)
	at java.util.concurrent.FutureTask.run(FutureTask.java:266)
	at java.util.concurrent.Executors$RunnableAdapter.call(Executors.java:511)
	at java.util.concurrent.FutureTask.run(FutureTask.java:266)
	at java.util.concurrent.ThreadPoolExecutor.runWorker(ThreadPoolExecutor.java:1149)
	at java.util.concurrent.ThreadPoolExecutor$Worker.run(ThreadPoolExecutor.java:624)
	... 1 more
Caused by: org.apache.ratis.thirdparty.io.netty.channel.AbstractChannel$AnnotatedConnectException: Connection refused: /192.168.69.92:35698
	at sun.nio.ch.SocketChannelImpl.checkConnect(Native Method)
	at sun.nio.ch.SocketChannelImpl.finishConnect(SocketChannelImpl.java:717)
	at org.apache.ratis.thirdparty.io.netty.channel.socket.nio.NioSocketChannel.doFinishConnect(NioSocketChannel.java:327)
	at org.apache.ratis.thirdparty.io.netty.channel.nio.AbstractNioChannel$AbstractNioUnsafe.finishConnect(AbstractNioChannel.java:340)
	at org.apache.ratis.thirdparty.io.netty.channel.nio.NioEventLoop.processSelectedKey(NioEventLoop.java:632)
	at org.apache.ratis.thirdparty.io.netty.channel.nio.NioEventLoop.processSelectedKeysOptimized(NioEventLoop.java:579)
	at org.apache.ratis.thirdparty.io.netty.channel.nio.NioEventLoop.processSelectedKeys(NioEventLoop.java:496)
	at org.apache.ratis.thirdparty.io.netty.channel.nio.NioEventLoop.run(NioEventLoop.java:458)
	at org.apache.ratis.thirdparty.io.netty.util.concurrent.SingleThreadEventExecutor$5.run(SingleThreadEventExecutor.java:897)
	at org.apache.ratis.thirdparty.io.netty.util.concurrent.FastThreadLocalRunnable.run(FastThreadLocalRunnable.java:30)
	... 1 more
Caused by: java.net.ConnectException: Connection refused
	... 11 more
2019-10-21 21:57:03,480 [590972a8-254a-4d11-9ee4-9846de224337@group-43E39F6D4740-LeaderElection178] INFO  impl.LeaderElection (LogUtils.java:infoOrTrace(149)) -   Exception 1: {}
java.util.concurrent.ExecutionException: org.apache.ratis.thirdparty.io.grpc.StatusRuntimeException: UNAVAILABLE: io exception
	at java.util.concurrent.FutureTask.report(FutureTask.java:122)
	at java.util.concurrent.FutureTask.get(FutureTask.java:192)
	at org.apache.ratis.server.impl.LeaderElection.waitForResults(LeaderElection.java:259)
	at org.apache.ratis.server.impl.LeaderElection.askForVotes(LeaderElection.java:197)
	at org.apache.ratis.server.impl.LeaderElection.run(LeaderElection.java:133)
	at java.lang.Thread.run(Thread.java:748)
Caused by: org.apache.ratis.thirdparty.io.grpc.StatusRuntimeException: UNAVAILABLE: io exception
	at org.apache.ratis.thirdparty.io.grpc.stub.ClientCalls.toStatusRuntimeException(ClientCalls.java:233)
	at org.apache.ratis.thirdparty.io.grpc.stub.ClientCalls.getUnchecked(ClientCalls.java:214)
	at org.apache.ratis.thirdparty.io.grpc.stub.ClientCalls.blockingUnaryCall(ClientCalls.java:139)
	at org.apache.ratis.proto.grpc.RaftServerProtocolServiceGrpc$RaftServerProtocolServiceBlockingStub.requestVote(RaftServerProtocolServiceGrpc.java:265)
	at org.apache.ratis.grpc.server.GrpcServerProtocolClient.requestVote(GrpcServerProtocolClient.java:99)
	at org.apache.ratis.grpc.server.GrpcService.requestVote(GrpcService.java:204)
	at org.apache.ratis.server.impl.LeaderElection.lambda$submitRequests$1(LeaderElection.java:234)
	at java.util.concurrent.FutureTask.run(FutureTask.java:266)
	at java.util.concurrent.Executors$RunnableAdapter.call(Executors.java:511)
	at java.util.concurrent.FutureTask.run(FutureTask.java:266)
	at java.util.concurrent.ThreadPoolExecutor.runWorker(ThreadPoolExecutor.java:1149)
	at java.util.concurrent.ThreadPoolExecutor$Worker.run(ThreadPoolExecutor.java:624)
	... 1 more
Caused by: org.apache.ratis.thirdparty.io.netty.channel.AbstractChannel$AnnotatedConnectException: Connection refused: /192.168.69.92:38504
	at sun.nio.ch.SocketChannelImpl.checkConnect(Native Method)
	at sun.nio.ch.SocketChannelImpl.finishConnect(SocketChannelImpl.java:717)
	at org.apache.ratis.thirdparty.io.netty.channel.socket.nio.NioSocketChannel.doFinishConnect(NioSocketChannel.java:327)
	at org.apache.ratis.thirdparty.io.netty.channel.nio.AbstractNioChannel$AbstractNioUnsafe.finishConnect(AbstractNioChannel.java:340)
	at org.apache.ratis.thirdparty.io.netty.channel.nio.NioEventLoop.processSelectedKey(NioEventLoop.java:632)
	at org.apache.ratis.thirdparty.io.netty.channel.nio.NioEventLoop.processSelectedKeysOptimized(NioEventLoop.java:579)
	at org.apache.ratis.thirdparty.io.netty.channel.nio.NioEventLoop.processSelectedKeys(NioEventLoop.java:496)
	at org.apache.ratis.thirdparty.io.netty.channel.nio.NioEventLoop.run(NioEventLoop.java:458)
	at org.apache.ratis.thirdparty.io.netty.util.concurrent.SingleThreadEventExecutor$5.run(SingleThreadEventExecutor.java:897)
	at org.apache.ratis.thirdparty.io.netty.util.concurrent.FastThreadLocalRunnable.run(FastThreadLocalRunnable.java:30)
	... 1 more
Caused by: java.net.ConnectException: Connection refused
	... 11 more
2019-10-21 21:57:03,480 [590972a8-254a-4d11-9ee4-9846de224337@group-43E39F6D4740-LeaderElection178] INFO  impl.RaftServerImpl (RaftServerImpl.java:setRole(184)) - 590972a8-254a-4d11-9ee4-9846de224337@group-43E39F6D4740: changes role from CANDIDATE to FOLLOWER at term 5 for DISCOVERED_A_NEW_TERM
2019-10-21 21:57:03,480 [590972a8-254a-4d11-9ee4-9846de224337@group-43E39F6D4740-LeaderElection178] INFO  impl.RoleInfo (RoleInfo.java:shutdownLeaderElection(134)) - 590972a8-254a-4d11-9ee4-9846de224337: shutdown LeaderElection
2019-10-21 21:57:03,480 [590972a8-254a-4d11-9ee4-9846de224337@group-43E39F6D4740-LeaderElection178] INFO  impl.RoleInfo (RoleInfo.java:updateAndGet(143)) - 590972a8-254a-4d11-9ee4-9846de224337: start FollowerState
2019-10-21 21:57:03,687 [java.util.concurrent.ThreadPoolExecutor$Worker@2f21f2f9[State = -1, empty queue]] WARN  server.GrpcLogAppender (GrpcLogAppender.java:timeoutAppendRequest(209)) - 369f1351-eca5-492b-a682-1c26748f74ad@group-D1A5675E21EC->c24b6cc2-153d-4b64-a24d-9eaa76f76215-GrpcLogAppender: appendEntries Timeout, request=369f1351-eca5-492b-a682-1c26748f74ad->c24b6cc2-153d-4b64-a24d-9eaa76f76215#115-t4, previous=(t:4, i:3), leaderCommit=3, initializing? false, entries: <empty>
2019-10-21 21:57:03,687 [java.util.concurrent.ThreadPoolExecutor$Worker@24037ed4[State = -1, empty queue]] WARN  server.GrpcLogAppender (GrpcLogAppender.java:timeoutAppendRequest(209)) - 369f1351-eca5-492b-a682-1c26748f74ad@group-D1A5675E21EC->25026a40-ec59-48c3-bdd0-cf5c1bf30c8c-GrpcLogAppender: appendEntries Timeout, request=369f1351-eca5-492b-a682-1c26748f74ad->25026a40-ec59-48c3-bdd0-cf5c1bf30c8c#115-t4, previous=(t:4, i:3), leaderCommit=3, initializing? false, entries: <empty>
2019-10-21 21:57:03,743 [java.util.concurrent.ThreadPoolExecutor$Worker@2f820c5b[State = -1, empty queue]] WARN  server.GrpcLogAppender (GrpcLogAppender.java:timeoutAppendRequest(209)) - 149f4235-2e38-4d95-abe8-6ba232811729@group-9BA08151BADB->7c4ddf80-db3d-4d0c-b4eb-75f8718eed44-GrpcLogAppender: appendEntries Timeout, request=149f4235-2e38-4d95-abe8-6ba232811729->7c4ddf80-db3d-4d0c-b4eb-75f8718eed44#27-t2, previous=(t:2, i:12), leaderCommit=12, initializing? false, entries: <empty>
2019-10-21 21:57:04,188 [java.util.concurrent.ThreadPoolExecutor$Worker@2f21f2f9[State = -1, empty queue]] WARN  server.GrpcLogAppender (GrpcLogAppender.java:timeoutAppendRequest(209)) - 369f1351-eca5-492b-a682-1c26748f74ad@group-D1A5675E21EC->c24b6cc2-153d-4b64-a24d-9eaa76f76215-GrpcLogAppender: appendEntries Timeout, request=369f1351-eca5-492b-a682-1c26748f74ad->c24b6cc2-153d-4b64-a24d-9eaa76f76215#116-t4, previous=(t:4, i:3), leaderCommit=3, initializing? false, entries: <empty>
2019-10-21 21:57:04,188 [java.util.concurrent.ThreadPoolExecutor$Worker@24037ed4[State = -1, empty queue]] WARN  server.GrpcLogAppender (GrpcLogAppender.java:timeoutAppendRequest(209)) - 369f1351-eca5-492b-a682-1c26748f74ad@group-D1A5675E21EC->25026a40-ec59-48c3-bdd0-cf5c1bf30c8c-GrpcLogAppender: appendEntries Timeout, request=369f1351-eca5-492b-a682-1c26748f74ad->25026a40-ec59-48c3-bdd0-cf5c1bf30c8c#116-t4, previous=(t:4, i:3), leaderCommit=3, initializing? false, entries: <empty>
2019-10-21 21:57:04,243 [java.util.concurrent.ThreadPoolExecutor$Worker@2f820c5b[State = -1, empty queue]] WARN  server.GrpcLogAppender (GrpcLogAppender.java:timeoutAppendRequest(209)) - 149f4235-2e38-4d95-abe8-6ba232811729@group-9BA08151BADB->7c4ddf80-db3d-4d0c-b4eb-75f8718eed44-GrpcLogAppender: appendEntries Timeout, request=149f4235-2e38-4d95-abe8-6ba232811729->7c4ddf80-db3d-4d0c-b4eb-75f8718eed44#28-t2, previous=(t:2, i:12), leaderCommit=12, initializing? false, entries: <empty>
2019-10-21 21:57:04,673 [Thread-2798] INFO  impl.FollowerState (FollowerState.java:run(108)) - 590972a8-254a-4d11-9ee4-9846de224337@group-43E39F6D4740-FollowerState: change to CANDIDATE, lastRpcTime:1193ms, electionTimeout:1193ms
2019-10-21 21:57:04,674 [Thread-2798] INFO  impl.RoleInfo (RoleInfo.java:shutdownFollowerState(121)) - 590972a8-254a-4d11-9ee4-9846de224337: shutdown FollowerState
2019-10-21 21:57:04,674 [Thread-2798] INFO  impl.RaftServerImpl (RaftServerImpl.java:setRole(184)) - 590972a8-254a-4d11-9ee4-9846de224337@group-43E39F6D4740: changes role from  FOLLOWER to CANDIDATE at term 5 for changeToCandidate
2019-10-21 21:57:04,674 [Thread-2798] INFO  impl.RoleInfo (RoleInfo.java:updateAndGet(143)) - 590972a8-254a-4d11-9ee4-9846de224337: start LeaderElection
2019-10-21 21:57:04,682 [590972a8-254a-4d11-9ee4-9846de224337@group-43E39F6D4740-LeaderElection179] INFO  impl.LeaderElection (LeaderElection.java:askForVotes(178)) - 590972a8-254a-4d11-9ee4-9846de224337@group-43E39F6D4740-LeaderElection179: begin an election at term 6 for 1: [7b88ca7b-bd9b-4a64-8114-d91a9b2f31f1:192.168.69.92:38504, 590972a8-254a-4d11-9ee4-9846de224337:192.168.69.92:35899, 8d79625f-2c74-448d-b811-8fe783a575f1:192.168.69.92:35698], old=null
2019-10-21 21:57:04,684 [590972a8-254a-4d11-9ee4-9846de224337@group-43E39F6D4740-LeaderElection179] INFO  impl.LeaderElection (LogUtils.java:infoOrTrace(149)) - 590972a8-254a-4d11-9ee4-9846de224337@group-43E39F6D4740-LeaderElection179 got exception when requesting votes: {}
java.util.concurrent.ExecutionException: org.apache.ratis.thirdparty.io.grpc.StatusRuntimeException: UNAVAILABLE: io exception
	at java.util.concurrent.FutureTask.report(FutureTask.java:122)
	at java.util.concurrent.FutureTask.get(FutureTask.java:192)
	at org.apache.ratis.server.impl.LeaderElection.waitForResults(LeaderElection.java:259)
	at org.apache.ratis.server.impl.LeaderElection.askForVotes(LeaderElection.java:197)
	at org.apache.ratis.server.impl.LeaderElection.run(LeaderElection.java:133)
	at java.lang.Thread.run(Thread.java:748)
Caused by: org.apache.ratis.thirdparty.io.grpc.StatusRuntimeException: UNAVAILABLE: io exception
	at org.apache.ratis.thirdparty.io.grpc.stub.ClientCalls.toStatusRuntimeException(ClientCalls.java:233)
	at org.apache.ratis.thirdparty.io.grpc.stub.ClientCalls.getUnchecked(ClientCalls.java:214)
	at org.apache.ratis.thirdparty.io.grpc.stub.ClientCalls.blockingUnaryCall(ClientCalls.java:139)
	at org.apache.ratis.proto.grpc.RaftServerProtocolServiceGrpc$RaftServerProtocolServiceBlockingStub.requestVote(RaftServerProtocolServiceGrpc.java:265)
	at org.apache.ratis.grpc.server.GrpcServerProtocolClient.requestVote(GrpcServerProtocolClient.java:99)
	at org.apache.ratis.grpc.server.GrpcService.requestVote(GrpcService.java:204)
	at org.apache.ratis.server.impl.LeaderElection.lambda$submitRequests$1(LeaderElection.java:234)
	at java.util.concurrent.FutureTask.run(FutureTask.java:266)
	at java.util.concurrent.Executors$RunnableAdapter.call(Executors.java:511)
	at java.util.concurrent.FutureTask.run(FutureTask.java:266)
	at java.util.concurrent.ThreadPoolExecutor.runWorker(ThreadPoolExecutor.java:1149)
	at java.util.concurrent.ThreadPoolExecutor$Worker.run(ThreadPoolExecutor.java:624)
	... 1 more
Caused by: org.apache.ratis.thirdparty.io.netty.channel.AbstractChannel$AnnotatedConnectException: Connection refused: /192.168.69.92:35698
	at sun.nio.ch.SocketChannelImpl.checkConnect(Native Method)
	at sun.nio.ch.SocketChannelImpl.finishConnect(SocketChannelImpl.java:717)
	at org.apache.ratis.thirdparty.io.netty.channel.socket.nio.NioSocketChannel.doFinishConnect(NioSocketChannel.java:327)
	at org.apache.ratis.thirdparty.io.netty.channel.nio.AbstractNioChannel$AbstractNioUnsafe.finishConnect(AbstractNioChannel.java:340)
	at org.apache.ratis.thirdparty.io.netty.channel.nio.NioEventLoop.processSelectedKey(NioEventLoop.java:632)
	at org.apache.ratis.thirdparty.io.netty.channel.nio.NioEventLoop.processSelectedKeysOptimized(NioEventLoop.java:579)
	at org.apache.ratis.thirdparty.io.netty.channel.nio.NioEventLoop.processSelectedKeys(NioEventLoop.java:496)
	at org.apache.ratis.thirdparty.io.netty.channel.nio.NioEventLoop.run(NioEventLoop.java:458)
	at org.apache.ratis.thirdparty.io.netty.util.concurrent.SingleThreadEventExecutor$5.run(SingleThreadEventExecutor.java:897)
	at org.apache.ratis.thirdparty.io.netty.util.concurrent.FastThreadLocalRunnable.run(FastThreadLocalRunnable.java:30)
	... 1 more
Caused by: java.net.ConnectException: Connection refused
	... 11 more
2019-10-21 21:57:04,686 [590972a8-254a-4d11-9ee4-9846de224337@group-43E39F6D4740-LeaderElection179] INFO  impl.LeaderElection (LogUtils.java:infoOrTrace(149)) - 590972a8-254a-4d11-9ee4-9846de224337@group-43E39F6D4740-LeaderElection179 got exception when requesting votes: {}
java.util.concurrent.ExecutionException: org.apache.ratis.thirdparty.io.grpc.StatusRuntimeException: UNAVAILABLE: io exception
	at java.util.concurrent.FutureTask.report(FutureTask.java:122)
	at java.util.concurrent.FutureTask.get(FutureTask.java:192)
	at org.apache.ratis.server.impl.LeaderElection.waitForResults(LeaderElection.java:259)
	at org.apache.ratis.server.impl.LeaderElection.askForVotes(LeaderElection.java:197)
	at org.apache.ratis.server.impl.LeaderElection.run(LeaderElection.java:133)
	at java.lang.Thread.run(Thread.java:748)
Caused by: org.apache.ratis.thirdparty.io.grpc.StatusRuntimeException: UNAVAILABLE: io exception
	at org.apache.ratis.thirdparty.io.grpc.stub.ClientCalls.toStatusRuntimeException(ClientCalls.java:233)
	at org.apache.ratis.thirdparty.io.grpc.stub.ClientCalls.getUnchecked(ClientCalls.java:214)
	at org.apache.ratis.thirdparty.io.grpc.stub.ClientCalls.blockingUnaryCall(ClientCalls.java:139)
	at org.apache.ratis.proto.grpc.RaftServerProtocolServiceGrpc$RaftServerProtocolServiceBlockingStub.requestVote(RaftServerProtocolServiceGrpc.java:265)
	at org.apache.ratis.grpc.server.GrpcServerProtocolClient.requestVote(GrpcServerProtocolClient.java:99)
	at org.apache.ratis.grpc.server.GrpcService.requestVote(GrpcService.java:204)
	at org.apache.ratis.server.impl.LeaderElection.lambda$submitRequests$1(LeaderElection.java:234)
	at java.util.concurrent.FutureTask.run(FutureTask.java:266)
	at java.util.concurrent.Executors$RunnableAdapter.call(Executors.java:511)
	at java.util.concurrent.FutureTask.run(FutureTask.java:266)
	at java.util.concurrent.ThreadPoolExecutor.runWorker(ThreadPoolExecutor.java:1149)
	at java.util.concurrent.ThreadPoolExecutor$Worker.run(ThreadPoolExecutor.java:624)
	... 1 more
Caused by: org.apache.ratis.thirdparty.io.netty.channel.AbstractChannel$AnnotatedConnectException: Connection refused: /192.168.69.92:38504
	at sun.nio.ch.SocketChannelImpl.checkConnect(Native Method)
	at sun.nio.ch.SocketChannelImpl.finishConnect(SocketChannelImpl.java:717)
	at org.apache.ratis.thirdparty.io.netty.channel.socket.nio.NioSocketChannel.doFinishConnect(NioSocketChannel.java:327)
	at org.apache.ratis.thirdparty.io.netty.channel.nio.AbstractNioChannel$AbstractNioUnsafe.finishConnect(AbstractNioChannel.java:340)
	at org.apache.ratis.thirdparty.io.netty.channel.nio.NioEventLoop.processSelectedKey(NioEventLoop.java:632)
	at org.apache.ratis.thirdparty.io.netty.channel.nio.NioEventLoop.processSelectedKeysOptimized(NioEventLoop.java:579)
	at org.apache.ratis.thirdparty.io.netty.channel.nio.NioEventLoop.processSelectedKeys(NioEventLoop.java:496)
	at org.apache.ratis.thirdparty.io.netty.channel.nio.NioEventLoop.run(NioEventLoop.java:458)
	at org.apache.ratis.thirdparty.io.netty.util.concurrent.SingleThreadEventExecutor$5.run(SingleThreadEventExecutor.java:897)
	at org.apache.ratis.thirdparty.io.netty.util.concurrent.FastThreadLocalRunnable.run(FastThreadLocalRunnable.java:30)
	... 1 more
Caused by: java.net.ConnectException: Connection refused
	... 11 more
2019-10-21 21:57:04,688 [590972a8-254a-4d11-9ee4-9846de224337@group-43E39F6D4740-LeaderElection179] INFO  impl.LeaderElection (LeaderElection.java:logAndReturn(56)) - 590972a8-254a-4d11-9ee4-9846de224337@group-43E39F6D4740-LeaderElection179: Election REJECTED; received 0 response(s) [] and 2 exception(s); 590972a8-254a-4d11-9ee4-9846de224337@group-43E39F6D4740:t6, leader=null, voted=590972a8-254a-4d11-9ee4-9846de224337, raftlog=590972a8-254a-4d11-9ee4-9846de224337@group-43E39F6D4740-SegmentedRaftLog:OPENED:c2,f2,i2, conf=1: [7b88ca7b-bd9b-4a64-8114-d91a9b2f31f1:192.168.69.92:38504, 590972a8-254a-4d11-9ee4-9846de224337:192.168.69.92:35899, 8d79625f-2c74-448d-b811-8fe783a575f1:192.168.69.92:35698], old=null
2019-10-21 21:57:04,688 [590972a8-254a-4d11-9ee4-9846de224337@group-43E39F6D4740-LeaderElection179] INFO  impl.LeaderElection (LogUtils.java:infoOrTrace(149)) -   Exception 0: {}
java.util.concurrent.ExecutionException: org.apache.ratis.thirdparty.io.grpc.StatusRuntimeException: UNAVAILABLE: io exception
	at java.util.concurrent.FutureTask.report(FutureTask.java:122)
	at java.util.concurrent.FutureTask.get(FutureTask.java:192)
	at org.apache.ratis.server.impl.LeaderElection.waitForResults(LeaderElection.java:259)
	at org.apache.ratis.server.impl.LeaderElection.askForVotes(LeaderElection.java:197)
	at org.apache.ratis.server.impl.LeaderElection.run(LeaderElection.java:133)
	at java.lang.Thread.run(Thread.java:748)
Caused by: org.apache.ratis.thirdparty.io.grpc.StatusRuntimeException: UNAVAILABLE: io exception
	at org.apache.ratis.thirdparty.io.grpc.stub.ClientCalls.toStatusRuntimeException(ClientCalls.java:233)
	at org.apache.ratis.thirdparty.io.grpc.stub.ClientCalls.getUnchecked(ClientCalls.java:214)
	at org.apache.ratis.thirdparty.io.grpc.stub.ClientCalls.blockingUnaryCall(ClientCalls.java:139)
	at org.apache.ratis.proto.grpc.RaftServerProtocolServiceGrpc$RaftServerProtocolServiceBlockingStub.requestVote(RaftServerProtocolServiceGrpc.java:265)
	at org.apache.ratis.grpc.server.GrpcServerProtocolClient.requestVote(GrpcServerProtocolClient.java:99)
	at org.apache.ratis.grpc.server.GrpcService.requestVote(GrpcService.java:204)
	at org.apache.ratis.server.impl.LeaderElection.lambda$submitRequests$1(LeaderElection.java:234)
	at java.util.concurrent.FutureTask.run(FutureTask.java:266)
	at java.util.concurrent.Executors$RunnableAdapter.call(Executors.java:511)
	at java.util.concurrent.FutureTask.run(FutureTask.java:266)
	at java.util.concurrent.ThreadPoolExecutor.runWorker(ThreadPoolExecutor.java:1149)
	at java.util.concurrent.ThreadPoolExecutor$Worker.run(ThreadPoolExecutor.java:624)
	... 1 more
Caused by: org.apache.ratis.thirdparty.io.netty.channel.AbstractChannel$AnnotatedConnectException: Connection refused: /192.168.69.92:35698
	at sun.nio.ch.SocketChannelImpl.checkConnect(Native Method)
	at sun.nio.ch.SocketChannelImpl.finishConnect(SocketChannelImpl.java:717)
	at org.apache.ratis.thirdparty.io.netty.channel.socket.nio.NioSocketChannel.doFinishConnect(NioSocketChannel.java:327)
	at org.apache.ratis.thirdparty.io.netty.channel.nio.AbstractNioChannel$AbstractNioUnsafe.finishConnect(AbstractNioChannel.java:340)
	at org.apache.ratis.thirdparty.io.netty.channel.nio.NioEventLoop.processSelectedKey(NioEventLoop.java:632)
	at org.apache.ratis.thirdparty.io.netty.channel.nio.NioEventLoop.processSelectedKeysOptimized(NioEventLoop.java:579)
	at org.apache.ratis.thirdparty.io.netty.channel.nio.NioEventLoop.processSelectedKeys(NioEventLoop.java:496)
	at org.apache.ratis.thirdparty.io.netty.channel.nio.NioEventLoop.run(NioEventLoop.java:458)
	at org.apache.ratis.thirdparty.io.netty.util.concurrent.SingleThreadEventExecutor$5.run(SingleThreadEventExecutor.java:897)
	at org.apache.ratis.thirdparty.io.netty.util.concurrent.FastThreadLocalRunnable.run(FastThreadLocalRunnable.java:30)
	... 1 more
Caused by: java.net.ConnectException: Connection refused
	... 11 more
2019-10-21 21:57:04,688 [java.util.concurrent.ThreadPoolExecutor$Worker@24037ed4[State = -1, empty queue]] WARN  server.GrpcLogAppender (GrpcLogAppender.java:timeoutAppendRequest(209)) - 369f1351-eca5-492b-a682-1c26748f74ad@group-D1A5675E21EC->25026a40-ec59-48c3-bdd0-cf5c1bf30c8c-GrpcLogAppender: appendEntries Timeout, request=369f1351-eca5-492b-a682-1c26748f74ad->25026a40-ec59-48c3-bdd0-cf5c1bf30c8c#117-t4, previous=(t:4, i:3), leaderCommit=3, initializing? false, entries: <empty>
2019-10-21 21:57:04,688 [590972a8-254a-4d11-9ee4-9846de224337@group-43E39F6D4740-LeaderElection179] INFO  impl.LeaderElection (LogUtils.java:infoOrTrace(149)) -   Exception 1: {}
java.util.concurrent.ExecutionException: org.apache.ratis.thirdparty.io.grpc.StatusRuntimeException: UNAVAILABLE: io exception
	at java.util.concurrent.FutureTask.report(FutureTask.java:122)
	at java.util.concurrent.FutureTask.get(FutureTask.java:192)
	at org.apache.ratis.server.impl.LeaderElection.waitForResults(LeaderElection.java:259)
	at org.apache.ratis.server.impl.LeaderElection.askForVotes(LeaderElection.java:197)
	at org.apache.ratis.server.impl.LeaderElection.run(LeaderElection.java:133)
	at java.lang.Thread.run(Thread.java:748)
Caused by: org.apache.ratis.thirdparty.io.grpc.StatusRuntimeException: UNAVAILABLE: io exception
	at org.apache.ratis.thirdparty.io.grpc.stub.ClientCalls.toStatusRuntimeException(ClientCalls.java:233)
	at org.apache.ratis.thirdparty.io.grpc.stub.ClientCalls.getUnchecked(ClientCalls.java:214)
	at org.apache.ratis.thirdparty.io.grpc.stub.ClientCalls.blockingUnaryCall(ClientCalls.java:139)
	at org.apache.ratis.proto.grpc.RaftServerProtocolServiceGrpc$RaftServerProtocolServiceBlockingStub.requestVote(RaftServerProtocolServiceGrpc.java:265)
	at org.apache.ratis.grpc.server.GrpcServerProtocolClient.requestVote(GrpcServerProtocolClient.java:99)
	at org.apache.ratis.grpc.server.GrpcService.requestVote(GrpcService.java:204)
	at org.apache.ratis.server.impl.LeaderElection.lambda$submitRequests$1(LeaderElection.java:234)
	at java.util.concurrent.FutureTask.run(FutureTask.java:266)
	at java.util.concurrent.Executors$RunnableAdapter.call(Executors.java:511)
	at java.util.concurrent.FutureTask.run(FutureTask.java:266)
	at java.util.concurrent.ThreadPoolExecutor.runWorker(ThreadPoolExecutor.java:1149)
	at java.util.concurrent.ThreadPoolExecutor$Worker.run(ThreadPoolExecutor.java:624)
	... 1 more
Caused by: org.apache.ratis.thirdparty.io.netty.channel.AbstractChannel$AnnotatedConnectException: Connection refused: /192.168.69.92:38504
	at sun.nio.ch.SocketChannelImpl.checkConnect(Native Method)
	at sun.nio.ch.SocketChannelImpl.finishConnect(SocketChannelImpl.java:717)
	at org.apache.ratis.thirdparty.io.netty.channel.socket.nio.NioSocketChannel.doFinishConnect(NioSocketChannel.java:327)
	at org.apache.ratis.thirdparty.io.netty.channel.nio.AbstractNioChannel$AbstractNioUnsafe.finishConnect(AbstractNioChannel.java:340)
	at org.apache.ratis.thirdparty.io.netty.channel.nio.NioEventLoop.processSelectedKey(NioEventLoop.java:632)
	at org.apache.ratis.thirdparty.io.netty.channel.nio.NioEventLoop.processSelectedKeysOptimized(NioEventLoop.java:579)
	at org.apache.ratis.thirdparty.io.netty.channel.nio.NioEventLoop.processSelectedKeys(NioEventLoop.java:496)
	at org.apache.ratis.thirdparty.io.netty.channel.nio.NioEventLoop.run(NioEventLoop.java:458)
	at org.apache.ratis.thirdparty.io.netty.util.concurrent.SingleThreadEventExecutor$5.run(SingleThreadEventExecutor.java:897)
	at org.apache.ratis.thirdparty.io.netty.util.concurrent.FastThreadLocalRunnable.run(FastThreadLocalRunnable.java:30)
	... 1 more
Caused by: java.net.ConnectException: Connection refused
	... 11 more
2019-10-21 21:57:04,688 [java.util.concurrent.ThreadPoolExecutor$Worker@2f21f2f9[State = -1, empty queue]] WARN  server.GrpcLogAppender (GrpcLogAppender.java:timeoutAppendRequest(209)) - 369f1351-eca5-492b-a682-1c26748f74ad@group-D1A5675E21EC->c24b6cc2-153d-4b64-a24d-9eaa76f76215-GrpcLogAppender: appendEntries Timeout, request=369f1351-eca5-492b-a682-1c26748f74ad->c24b6cc2-153d-4b64-a24d-9eaa76f76215#117-t4, previous=(t:4, i:3), leaderCommit=3, initializing? false, entries: <empty>
2019-10-21 21:57:04,689 [590972a8-254a-4d11-9ee4-9846de224337@group-43E39F6D4740-LeaderElection179] INFO  impl.RaftServerImpl (RaftServerImpl.java:setRole(184)) - 590972a8-254a-4d11-9ee4-9846de224337@group-43E39F6D4740: changes role from CANDIDATE to FOLLOWER at term 6 for DISCOVERED_A_NEW_TERM
2019-10-21 21:57:04,689 [590972a8-254a-4d11-9ee4-9846de224337@group-43E39F6D4740-LeaderElection179] INFO  impl.RoleInfo (RoleInfo.java:shutdownLeaderElection(134)) - 590972a8-254a-4d11-9ee4-9846de224337: shutdown LeaderElection
2019-10-21 21:57:04,689 [590972a8-254a-4d11-9ee4-9846de224337@group-43E39F6D4740-LeaderElection179] INFO  impl.RoleInfo (RoleInfo.java:updateAndGet(143)) - 590972a8-254a-4d11-9ee4-9846de224337: start FollowerState
2019-10-21 21:57:04,743 [java.util.concurrent.ThreadPoolExecutor$Worker@2f820c5b[State = -1, empty queue]] WARN  server.GrpcLogAppender (GrpcLogAppender.java:timeoutAppendRequest(209)) - 149f4235-2e38-4d95-abe8-6ba232811729@group-9BA08151BADB->7c4ddf80-db3d-4d0c-b4eb-75f8718eed44-GrpcLogAppender: appendEntries Timeout, request=149f4235-2e38-4d95-abe8-6ba232811729->7c4ddf80-db3d-4d0c-b4eb-75f8718eed44#29-t2, previous=(t:2, i:12), leaderCommit=12, initializing? false, entries: <empty>
2019-10-21 21:57:05,243 [java.util.concurrent.ThreadPoolExecutor$Worker@2f820c5b[State = -1, empty queue]] WARN  server.GrpcLogAppender (GrpcLogAppender.java:timeoutAppendRequest(209)) - 149f4235-2e38-4d95-abe8-6ba232811729@group-9BA08151BADB->7c4ddf80-db3d-4d0c-b4eb-75f8718eed44-GrpcLogAppender: appendEntries Timeout, request=149f4235-2e38-4d95-abe8-6ba232811729->7c4ddf80-db3d-4d0c-b4eb-75f8718eed44#30-t2, previous=(t:2, i:12), leaderCommit=12, initializing? false, entries: <empty>
2019-10-21 21:57:05,744 [java.util.concurrent.ThreadPoolExecutor$Worker@2f820c5b[State = -1, empty queue]] WARN  server.GrpcLogAppender (GrpcLogAppender.java:timeoutAppendRequest(209)) - 149f4235-2e38-4d95-abe8-6ba232811729@group-9BA08151BADB->7c4ddf80-db3d-4d0c-b4eb-75f8718eed44-GrpcLogAppender: appendEntries Timeout, request=149f4235-2e38-4d95-abe8-6ba232811729->7c4ddf80-db3d-4d0c-b4eb-75f8718eed44#31-t2, previous=(t:2, i:12), leaderCommit=12, initializing? false, entries: <empty>
2019-10-21 21:57:05,804 [Thread-2802] INFO  impl.FollowerState (FollowerState.java:run(108)) - 590972a8-254a-4d11-9ee4-9846de224337@group-43E39F6D4740-FollowerState: change to CANDIDATE, lastRpcTime:1115ms, electionTimeout:1115ms
2019-10-21 21:57:05,804 [Thread-2802] INFO  impl.RoleInfo (RoleInfo.java:shutdownFollowerState(121)) - 590972a8-254a-4d11-9ee4-9846de224337: shutdown FollowerState
2019-10-21 21:57:05,805 [Thread-2802] INFO  impl.RaftServerImpl (RaftServerImpl.java:setRole(184)) - 590972a8-254a-4d11-9ee4-9846de224337@group-43E39F6D4740: changes role from  FOLLOWER to CANDIDATE at term 6 for changeToCandidate
2019-10-21 21:57:05,805 [Thread-2802] INFO  impl.RoleInfo (RoleInfo.java:updateAndGet(143)) - 590972a8-254a-4d11-9ee4-9846de224337: start LeaderElection
2019-10-21 21:57:05,808 [590972a8-254a-4d11-9ee4-9846de224337@group-43E39F6D4740-LeaderElection180] INFO  impl.LeaderElection (LeaderElection.java:askForVotes(178)) - 590972a8-254a-4d11-9ee4-9846de224337@group-43E39F6D4740-LeaderElection180: begin an election at term 7 for 1: [7b88ca7b-bd9b-4a64-8114-d91a9b2f31f1:192.168.69.92:38504, 590972a8-254a-4d11-9ee4-9846de224337:192.168.69.92:35899, 8d79625f-2c74-448d-b811-8fe783a575f1:192.168.69.92:35698], old=null
2019-10-21 21:57:05,809 [590972a8-254a-4d11-9ee4-9846de224337@group-43E39F6D4740-LeaderElection180] INFO  impl.LeaderElection (LogUtils.java:infoOrTrace(149)) - 590972a8-254a-4d11-9ee4-9846de224337@group-43E39F6D4740-LeaderElection180 got exception when requesting votes: {}
java.util.concurrent.ExecutionException: org.apache.ratis.thirdparty.io.grpc.StatusRuntimeException: UNAVAILABLE: io exception
	at java.util.concurrent.FutureTask.report(FutureTask.java:122)
	at java.util.concurrent.FutureTask.get(FutureTask.java:192)
	at org.apache.ratis.server.impl.LeaderElection.waitForResults(LeaderElection.java:259)
	at org.apache.ratis.server.impl.LeaderElection.askForVotes(LeaderElection.java:197)
	at org.apache.ratis.server.impl.LeaderElection.run(LeaderElection.java:133)
	at java.lang.Thread.run(Thread.java:748)
Caused by: org.apache.ratis.thirdparty.io.grpc.StatusRuntimeException: UNAVAILABLE: io exception
	at org.apache.ratis.thirdparty.io.grpc.stub.ClientCalls.toStatusRuntimeException(ClientCalls.java:233)
	at org.apache.ratis.thirdparty.io.grpc.stub.ClientCalls.getUnchecked(ClientCalls.java:214)
	at org.apache.ratis.thirdparty.io.grpc.stub.ClientCalls.blockingUnaryCall(ClientCalls.java:139)
	at org.apache.ratis.proto.grpc.RaftServerProtocolServiceGrpc$RaftServerProtocolServiceBlockingStub.requestVote(RaftServerProtocolServiceGrpc.java:265)
	at org.apache.ratis.grpc.server.GrpcServerProtocolClient.requestVote(GrpcServerProtocolClient.java:99)
	at org.apache.ratis.grpc.server.GrpcService.requestVote(GrpcService.java:204)
	at org.apache.ratis.server.impl.LeaderElection.lambda$submitRequests$1(LeaderElection.java:234)
	at java.util.concurrent.FutureTask.run(FutureTask.java:266)
	at java.util.concurrent.Executors$RunnableAdapter.call(Executors.java:511)
	at java.util.concurrent.FutureTask.run(FutureTask.java:266)
	at java.util.concurrent.ThreadPoolExecutor.runWorker(ThreadPoolExecutor.java:1149)
	at java.util.concurrent.ThreadPoolExecutor$Worker.run(ThreadPoolExecutor.java:624)
	... 1 more
Caused by: org.apache.ratis.thirdparty.io.netty.channel.AbstractChannel$AnnotatedConnectException: Connection refused: /192.168.69.92:38504
	at sun.nio.ch.SocketChannelImpl.checkConnect(Native Method)
	at sun.nio.ch.SocketChannelImpl.finishConnect(SocketChannelImpl.java:717)
	at org.apache.ratis.thirdparty.io.netty.channel.socket.nio.NioSocketChannel.doFinishConnect(NioSocketChannel.java:327)
	at org.apache.ratis.thirdparty.io.netty.channel.nio.AbstractNioChannel$AbstractNioUnsafe.finishConnect(AbstractNioChannel.java:340)
	at org.apache.ratis.thirdparty.io.netty.channel.nio.NioEventLoop.processSelectedKey(NioEventLoop.java:632)
	at org.apache.ratis.thirdparty.io.netty.channel.nio.NioEventLoop.processSelectedKeysOptimized(NioEventLoop.java:579)
	at org.apache.ratis.thirdparty.io.netty.channel.nio.NioEventLoop.processSelectedKeys(NioEventLoop.java:496)
	at org.apache.ratis.thirdparty.io.netty.channel.nio.NioEventLoop.run(NioEventLoop.java:458)
	at org.apache.ratis.thirdparty.io.netty.util.concurrent.SingleThreadEventExecutor$5.run(SingleThreadEventExecutor.java:897)
	at org.apache.ratis.thirdparty.io.netty.util.concurrent.FastThreadLocalRunnable.run(FastThreadLocalRunnable.java:30)
	... 1 more
Caused by: java.net.ConnectException: Connection refused
	... 11 more
2019-10-21 21:57:05,811 [590972a8-254a-4d11-9ee4-9846de224337@group-43E39F6D4740-LeaderElection180] INFO  impl.LeaderElection (LogUtils.java:infoOrTrace(149)) - 590972a8-254a-4d11-9ee4-9846de224337@group-43E39F6D4740-LeaderElection180 got exception when requesting votes: {}
java.util.concurrent.ExecutionException: org.apache.ratis.thirdparty.io.grpc.StatusRuntimeException: UNAVAILABLE: io exception
	at java.util.concurrent.FutureTask.report(FutureTask.java:122)
	at java.util.concurrent.FutureTask.get(FutureTask.java:192)
	at org.apache.ratis.server.impl.LeaderElection.waitForResults(LeaderElection.java:259)
	at org.apache.ratis.server.impl.LeaderElection.askForVotes(LeaderElection.java:197)
	at org.apache.ratis.server.impl.LeaderElection.run(LeaderElection.java:133)
	at java.lang.Thread.run(Thread.java:748)
Caused by: org.apache.ratis.thirdparty.io.grpc.StatusRuntimeException: UNAVAILABLE: io exception
	at org.apache.ratis.thirdparty.io.grpc.stub.ClientCalls.toStatusRuntimeException(ClientCalls.java:233)
	at org.apache.ratis.thirdparty.io.grpc.stub.ClientCalls.getUnchecked(ClientCalls.java:214)
	at org.apache.ratis.thirdparty.io.grpc.stub.ClientCalls.blockingUnaryCall(ClientCalls.java:139)
	at org.apache.ratis.proto.grpc.RaftServerProtocolServiceGrpc$RaftServerProtocolServiceBlockingStub.requestVote(RaftServerProtocolServiceGrpc.java:265)
	at org.apache.ratis.grpc.server.GrpcServerProtocolClient.requestVote(GrpcServerProtocolClient.java:99)
	at org.apache.ratis.grpc.server.GrpcService.requestVote(GrpcService.java:204)
	at org.apache.ratis.server.impl.LeaderElection.lambda$submitRequests$1(LeaderElection.java:234)
	at java.util.concurrent.FutureTask.run(FutureTask.java:266)
	at java.util.concurrent.Executors$RunnableAdapter.call(Executors.java:511)
	at java.util.concurrent.FutureTask.run(FutureTask.java:266)
	at java.util.concurrent.ThreadPoolExecutor.runWorker(ThreadPoolExecutor.java:1149)
	at java.util.concurrent.ThreadPoolExecutor$Worker.run(ThreadPoolExecutor.java:624)
	... 1 more
Caused by: org.apache.ratis.thirdparty.io.netty.channel.AbstractChannel$AnnotatedConnectException: Connection refused: /192.168.69.92:35698
	at sun.nio.ch.SocketChannelImpl.checkConnect(Native Method)
	at sun.nio.ch.SocketChannelImpl.finishConnect(SocketChannelImpl.java:717)
	at org.apache.ratis.thirdparty.io.netty.channel.socket.nio.NioSocketChannel.doFinishConnect(NioSocketChannel.java:327)
	at org.apache.ratis.thirdparty.io.netty.channel.nio.AbstractNioChannel$AbstractNioUnsafe.finishConnect(AbstractNioChannel.java:340)
	at org.apache.ratis.thirdparty.io.netty.channel.nio.NioEventLoop.processSelectedKey(NioEventLoop.java:632)
	at org.apache.ratis.thirdparty.io.netty.channel.nio.NioEventLoop.processSelectedKeysOptimized(NioEventLoop.java:579)
	at org.apache.ratis.thirdparty.io.netty.channel.nio.NioEventLoop.processSelectedKeys(NioEventLoop.java:496)
	at org.apache.ratis.thirdparty.io.netty.channel.nio.NioEventLoop.run(NioEventLoop.java:458)
	at org.apache.ratis.thirdparty.io.netty.util.concurrent.SingleThreadEventExecutor$5.run(SingleThreadEventExecutor.java:897)
	at org.apache.ratis.thirdparty.io.netty.util.concurrent.FastThreadLocalRunnable.run(FastThreadLocalRunnable.java:30)
	... 1 more
Caused by: java.net.ConnectException: Connection refused
	... 11 more
2019-10-21 21:57:05,812 [590972a8-254a-4d11-9ee4-9846de224337@group-43E39F6D4740-LeaderElection180] INFO  impl.LeaderElection (LeaderElection.java:logAndReturn(56)) - 590972a8-254a-4d11-9ee4-9846de224337@group-43E39F6D4740-LeaderElection180: Election REJECTED; received 0 response(s) [] and 2 exception(s); 590972a8-254a-4d11-9ee4-9846de224337@group-43E39F6D4740:t7, leader=null, voted=590972a8-254a-4d11-9ee4-9846de224337, raftlog=590972a8-254a-4d11-9ee4-9846de224337@group-43E39F6D4740-SegmentedRaftLog:OPENED:c2,f2,i2, conf=1: [7b88ca7b-bd9b-4a64-8114-d91a9b2f31f1:192.168.69.92:38504, 590972a8-254a-4d11-9ee4-9846de224337:192.168.69.92:35899, 8d79625f-2c74-448d-b811-8fe783a575f1:192.168.69.92:35698], old=null
2019-10-21 21:57:05,812 [590972a8-254a-4d11-9ee4-9846de224337@group-43E39F6D4740-LeaderElection180] INFO  impl.LeaderElection (LogUtils.java:infoOrTrace(149)) -   Exception 0: {}
java.util.concurrent.ExecutionException: org.apache.ratis.thirdparty.io.grpc.StatusRuntimeException: UNAVAILABLE: io exception
	at java.util.concurrent.FutureTask.report(FutureTask.java:122)
	at java.util.concurrent.FutureTask.get(FutureTask.java:192)
	at org.apache.ratis.server.impl.LeaderElection.waitForResults(LeaderElection.java:259)
	at org.apache.ratis.server.impl.LeaderElection.askForVotes(LeaderElection.java:197)
	at org.apache.ratis.server.impl.LeaderElection.run(LeaderElection.java:133)
	at java.lang.Thread.run(Thread.java:748)
Caused by: org.apache.ratis.thirdparty.io.grpc.StatusRuntimeException: UNAVAILABLE: io exception
	at org.apache.ratis.thirdparty.io.grpc.stub.ClientCalls.toStatusRuntimeException(ClientCalls.java:233)
	at org.apache.ratis.thirdparty.io.grpc.stub.ClientCalls.getUnchecked(ClientCalls.java:214)
	at org.apache.ratis.thirdparty.io.grpc.stub.ClientCalls.blockingUnaryCall(ClientCalls.java:139)
	at org.apache.ratis.proto.grpc.RaftServerProtocolServiceGrpc$RaftServerProtocolServiceBlockingStub.requestVote(RaftServerProtocolServiceGrpc.java:265)
	at org.apache.ratis.grpc.server.GrpcServerProtocolClient.requestVote(GrpcServerProtocolClient.java:99)
	at org.apache.ratis.grpc.server.GrpcService.requestVote(GrpcService.java:204)
	at org.apache.ratis.server.impl.LeaderElection.lambda$submitRequests$1(LeaderElection.java:234)
	at java.util.concurrent.FutureTask.run(FutureTask.java:266)
	at java.util.concurrent.Executors$RunnableAdapter.call(Executors.java:511)
	at java.util.concurrent.FutureTask.run(FutureTask.java:266)
	at java.util.concurrent.ThreadPoolExecutor.runWorker(ThreadPoolExecutor.java:1149)
	at java.util.concurrent.ThreadPoolExecutor$Worker.run(ThreadPoolExecutor.java:624)
	... 1 more
Caused by: org.apache.ratis.thirdparty.io.netty.channel.AbstractChannel$AnnotatedConnectException: Connection refused: /192.168.69.92:38504
	at sun.nio.ch.SocketChannelImpl.checkConnect(Native Method)
	at sun.nio.ch.SocketChannelImpl.finishConnect(SocketChannelImpl.java:717)
	at org.apache.ratis.thirdparty.io.netty.channel.socket.nio.NioSocketChannel.doFinishConnect(NioSocketChannel.java:327)
	at org.apache.ratis.thirdparty.io.netty.channel.nio.AbstractNioChannel$AbstractNioUnsafe.finishConnect(AbstractNioChannel.java:340)
	at org.apache.ratis.thirdparty.io.netty.channel.nio.NioEventLoop.processSelectedKey(NioEventLoop.java:632)
	at org.apache.ratis.thirdparty.io.netty.channel.nio.NioEventLoop.processSelectedKeysOptimized(NioEventLoop.java:579)
	at org.apache.ratis.thirdparty.io.netty.channel.nio.NioEventLoop.processSelectedKeys(NioEventLoop.java:496)
	at org.apache.ratis.thirdparty.io.netty.channel.nio.NioEventLoop.run(NioEventLoop.java:458)
	at org.apache.ratis.thirdparty.io.netty.util.concurrent.SingleThreadEventExecutor$5.run(SingleThreadEventExecutor.java:897)
	at org.apache.ratis.thirdparty.io.netty.util.concurrent.FastThreadLocalRunnable.run(FastThreadLocalRunnable.java:30)
	... 1 more
Caused by: java.net.ConnectException: Connection refused
	... 11 more
2019-10-21 21:57:05,813 [590972a8-254a-4d11-9ee4-9846de224337@group-43E39F6D4740-LeaderElection180] INFO  impl.LeaderElection (LogUtils.java:infoOrTrace(149)) -   Exception 1: {}
java.util.concurrent.ExecutionException: org.apache.ratis.thirdparty.io.grpc.StatusRuntimeException: UNAVAILABLE: io exception
	at java.util.concurrent.FutureTask.report(FutureTask.java:122)
	at java.util.concurrent.FutureTask.get(FutureTask.java:192)
	at org.apache.ratis.server.impl.LeaderElection.waitForResults(LeaderElection.java:259)
	at org.apache.ratis.server.impl.LeaderElection.askForVotes(LeaderElection.java:197)
	at org.apache.ratis.server.impl.LeaderElection.run(LeaderElection.java:133)
	at java.lang.Thread.run(Thread.java:748)
Caused by: org.apache.ratis.thirdparty.io.grpc.StatusRuntimeException: UNAVAILABLE: io exception
	at org.apache.ratis.thirdparty.io.grpc.stub.ClientCalls.toStatusRuntimeException(ClientCalls.java:233)
	at org.apache.ratis.thirdparty.io.grpc.stub.ClientCalls.getUnchecked(ClientCalls.java:214)
	at org.apache.ratis.thirdparty.io.grpc.stub.ClientCalls.blockingUnaryCall(ClientCalls.java:139)
	at org.apache.ratis.proto.grpc.RaftServerProtocolServiceGrpc$RaftServerProtocolServiceBlockingStub.requestVote(RaftServerProtocolServiceGrpc.java:265)
	at org.apache.ratis.grpc.server.GrpcServerProtocolClient.requestVote(GrpcServerProtocolClient.java:99)
	at org.apache.ratis.grpc.server.GrpcService.requestVote(GrpcService.java:204)
	at org.apache.ratis.server.impl.LeaderElection.lambda$submitRequests$1(LeaderElection.java:234)
	at java.util.concurrent.FutureTask.run(FutureTask.java:266)
	at java.util.concurrent.Executors$RunnableAdapter.call(Executors.java:511)
	at java.util.concurrent.FutureTask.run(FutureTask.java:266)
	at java.util.concurrent.ThreadPoolExecutor.runWorker(ThreadPoolExecutor.java:1149)
	at java.util.concurrent.ThreadPoolExecutor$Worker.run(ThreadPoolExecutor.java:624)
	... 1 more
Caused by: org.apache.ratis.thirdparty.io.netty.channel.AbstractChannel$AnnotatedConnectException: Connection refused: /192.168.69.92:35698
	at sun.nio.ch.SocketChannelImpl.checkConnect(Native Method)
	at sun.nio.ch.SocketChannelImpl.finishConnect(SocketChannelImpl.java:717)
	at org.apache.ratis.thirdparty.io.netty.channel.socket.nio.NioSocketChannel.doFinishConnect(NioSocketChannel.java:327)
	at org.apache.ratis.thirdparty.io.netty.channel.nio.AbstractNioChannel$AbstractNioUnsafe.finishConnect(AbstractNioChannel.java:340)
	at org.apache.ratis.thirdparty.io.netty.channel.nio.NioEventLoop.processSelectedKey(NioEventLoop.java:632)
	at org.apache.ratis.thirdparty.io.netty.channel.nio.NioEventLoop.processSelectedKeysOptimized(NioEventLoop.java:579)
	at org.apache.ratis.thirdparty.io.netty.channel.nio.NioEventLoop.processSelectedKeys(NioEventLoop.java:496)
	at org.apache.ratis.thirdparty.io.netty.channel.nio.NioEventLoop.run(NioEventLoop.java:458)
	at org.apache.ratis.thirdparty.io.netty.util.concurrent.SingleThreadEventExecutor$5.run(SingleThreadEventExecutor.java:897)
	at org.apache.ratis.thirdparty.io.netty.util.concurrent.FastThreadLocalRunnable.run(FastThreadLocalRunnable.java:30)
	... 1 more
Caused by: java.net.ConnectException: Connection refused
	... 11 more
2019-10-21 21:57:05,813 [590972a8-254a-4d11-9ee4-9846de224337@group-43E39F6D4740-LeaderElection180] INFO  impl.RaftServerImpl (RaftServerImpl.java:setRole(184)) - 590972a8-254a-4d11-9ee4-9846de224337@group-43E39F6D4740: changes role from CANDIDATE to FOLLOWER at term 7 for DISCOVERED_A_NEW_TERM
2019-10-21 21:57:05,813 [590972a8-254a-4d11-9ee4-9846de224337@group-43E39F6D4740-LeaderElection180] INFO  impl.RoleInfo (RoleInfo.java:shutdownLeaderElection(134)) - 590972a8-254a-4d11-9ee4-9846de224337: shutdown LeaderElection
2019-10-21 21:57:05,813 [590972a8-254a-4d11-9ee4-9846de224337@group-43E39F6D4740-LeaderElection180] INFO  impl.RoleInfo (RoleInfo.java:updateAndGet(143)) - 590972a8-254a-4d11-9ee4-9846de224337: start FollowerState
2019-10-21 21:57:06,214 [java.util.concurrent.ThreadPoolExecutor$Worker@159f9708[State = -1, empty queue]] WARN  server.GrpcLogAppender (GrpcLogAppender.java:timeoutAppendRequest(209)) - 149f4235-2e38-4d95-abe8-6ba232811729@group-9BA08151BADB->683a42e8-804c-4291-9261-2bc66677cfab-GrpcLogAppender: appendEntries Timeout, request=149f4235-2e38-4d95-abe8-6ba232811729->683a42e8-804c-4291-9261-2bc66677cfab#5-t2, previous=(t:1, i:10), leaderCommit=12, initializing? false, entries: <empty>
2019-10-21 21:57:06,244 [java.util.concurrent.ThreadPoolExecutor$Worker@2f820c5b[State = -1, empty queue]] WARN  server.GrpcLogAppender (GrpcLogAppender.java:timeoutAppendRequest(209)) - 149f4235-2e38-4d95-abe8-6ba232811729@group-9BA08151BADB->7c4ddf80-db3d-4d0c-b4eb-75f8718eed44-GrpcLogAppender: appendEntries Timeout, request=149f4235-2e38-4d95-abe8-6ba232811729->7c4ddf80-db3d-4d0c-b4eb-75f8718eed44#32-t2, previous=(t:2, i:12), leaderCommit=12, initializing? false, entries: <empty>
2019-10-21 21:57:06,744 [java.util.concurrent.ThreadPoolExecutor$Worker@2f820c5b[State = -1, empty queue]] WARN  server.GrpcLogAppender (GrpcLogAppender.java:timeoutAppendRequest(209)) - 149f4235-2e38-4d95-abe8-6ba232811729@group-9BA08151BADB->7c4ddf80-db3d-4d0c-b4eb-75f8718eed44-GrpcLogAppender: appendEntries Timeout, request=149f4235-2e38-4d95-abe8-6ba232811729->7c4ddf80-db3d-4d0c-b4eb-75f8718eed44#33-t2, previous=(t:2, i:12), leaderCommit=12, initializing? false, entries: <empty>
2019-10-21 21:57:06,882 [Thread-2806] INFO  impl.FollowerState (FollowerState.java:run(108)) - 590972a8-254a-4d11-9ee4-9846de224337@group-43E39F6D4740-FollowerState: change to CANDIDATE, lastRpcTime:1068ms, electionTimeout:1068ms
2019-10-21 21:57:06,882 [Thread-2806] INFO  impl.RoleInfo (RoleInfo.java:shutdownFollowerState(121)) - 590972a8-254a-4d11-9ee4-9846de224337: shutdown FollowerState
2019-10-21 21:57:06,882 [Thread-2806] INFO  impl.RaftServerImpl (RaftServerImpl.java:setRole(184)) - 590972a8-254a-4d11-9ee4-9846de224337@group-43E39F6D4740: changes role from  FOLLOWER to CANDIDATE at term 7 for changeToCandidate
2019-10-21 21:57:06,882 [Thread-2806] INFO  impl.RoleInfo (RoleInfo.java:updateAndGet(143)) - 590972a8-254a-4d11-9ee4-9846de224337: start LeaderElection
2019-10-21 21:57:06,886 [590972a8-254a-4d11-9ee4-9846de224337@group-43E39F6D4740-LeaderElection181] INFO  impl.LeaderElection (LeaderElection.java:askForVotes(178)) - 590972a8-254a-4d11-9ee4-9846de224337@group-43E39F6D4740-LeaderElection181: begin an election at term 8 for 1: [7b88ca7b-bd9b-4a64-8114-d91a9b2f31f1:192.168.69.92:38504, 590972a8-254a-4d11-9ee4-9846de224337:192.168.69.92:35899, 8d79625f-2c74-448d-b811-8fe783a575f1:192.168.69.92:35698], old=null
2019-10-21 21:57:06,887 [590972a8-254a-4d11-9ee4-9846de224337@group-43E39F6D4740-LeaderElection181] INFO  impl.LeaderElection (LogUtils.java:infoOrTrace(149)) - 590972a8-254a-4d11-9ee4-9846de224337@group-43E39F6D4740-LeaderElection181 got exception when requesting votes: {}
java.util.concurrent.ExecutionException: org.apache.ratis.thirdparty.io.grpc.StatusRuntimeException: UNAVAILABLE: io exception
	at java.util.concurrent.FutureTask.report(FutureTask.java:122)
	at java.util.concurrent.FutureTask.get(FutureTask.java:192)
	at org.apache.ratis.server.impl.LeaderElection.waitForResults(LeaderElection.java:259)
	at org.apache.ratis.server.impl.LeaderElection.askForVotes(LeaderElection.java:197)
	at org.apache.ratis.server.impl.LeaderElection.run(LeaderElection.java:133)
	at java.lang.Thread.run(Thread.java:748)
Caused by: org.apache.ratis.thirdparty.io.grpc.StatusRuntimeException: UNAVAILABLE: io exception
	at org.apache.ratis.thirdparty.io.grpc.stub.ClientCalls.toStatusRuntimeException(ClientCalls.java:233)
	at org.apache.ratis.thirdparty.io.grpc.stub.ClientCalls.getUnchecked(ClientCalls.java:214)
	at org.apache.ratis.thirdparty.io.grpc.stub.ClientCalls.blockingUnaryCall(ClientCalls.java:139)
	at org.apache.ratis.proto.grpc.RaftServerProtocolServiceGrpc$RaftServerProtocolServiceBlockingStub.requestVote(RaftServerProtocolServiceGrpc.java:265)
	at org.apache.ratis.grpc.server.GrpcServerProtocolClient.requestVote(GrpcServerProtocolClient.java:99)
	at org.apache.ratis.grpc.server.GrpcService.requestVote(GrpcService.java:204)
	at org.apache.ratis.server.impl.LeaderElection.lambda$submitRequests$1(LeaderElection.java:234)
	at java.util.concurrent.FutureTask.run(FutureTask.java:266)
	at java.util.concurrent.Executors$RunnableAdapter.call(Executors.java:511)
	at java.util.concurrent.FutureTask.run(FutureTask.java:266)
	at java.util.concurrent.ThreadPoolExecutor.runWorker(ThreadPoolExecutor.java:1149)
	at java.util.concurrent.ThreadPoolExecutor$Worker.run(ThreadPoolExecutor.java:624)
	... 1 more
Caused by: org.apache.ratis.thirdparty.io.netty.channel.AbstractChannel$AnnotatedConnectException: Connection refused: /192.168.69.92:35698
	at sun.nio.ch.SocketChannelImpl.checkConnect(Native Method)
	at sun.nio.ch.SocketChannelImpl.finishConnect(SocketChannelImpl.java:717)
	at org.apache.ratis.thirdparty.io.netty.channel.socket.nio.NioSocketChannel.doFinishConnect(NioSocketChannel.java:327)
	at org.apache.ratis.thirdparty.io.netty.channel.nio.AbstractNioChannel$AbstractNioUnsafe.finishConnect(AbstractNioChannel.java:340)
	at org.apache.ratis.thirdparty.io.netty.channel.nio.NioEventLoop.processSelectedKey(NioEventLoop.java:632)
	at org.apache.ratis.thirdparty.io.netty.channel.nio.NioEventLoop.processSelectedKeysOptimized(NioEventLoop.java:579)
	at org.apache.ratis.thirdparty.io.netty.channel.nio.NioEventLoop.processSelectedKeys(NioEventLoop.java:496)
	at org.apache.ratis.thirdparty.io.netty.channel.nio.NioEventLoop.run(NioEventLoop.java:458)
	at org.apache.ratis.thirdparty.io.netty.util.concurrent.SingleThreadEventExecutor$5.run(SingleThreadEventExecutor.java:897)
	at org.apache.ratis.thirdparty.io.netty.util.concurrent.FastThreadLocalRunnable.run(FastThreadLocalRunnable.java:30)
	... 1 more
Caused by: java.net.ConnectException: Connection refused
	... 11 more
2019-10-21 21:57:06,888 [590972a8-254a-4d11-9ee4-9846de224337@group-43E39F6D4740-LeaderElection181] INFO  impl.LeaderElection (LogUtils.java:infoOrTrace(149)) - 590972a8-254a-4d11-9ee4-9846de224337@group-43E39F6D4740-LeaderElection181 got exception when requesting votes: {}
java.util.concurrent.ExecutionException: org.apache.ratis.thirdparty.io.grpc.StatusRuntimeException: UNAVAILABLE: io exception
	at java.util.concurrent.FutureTask.report(FutureTask.java:122)
	at java.util.concurrent.FutureTask.get(FutureTask.java:192)
	at org.apache.ratis.server.impl.LeaderElection.waitForResults(LeaderElection.java:259)
	at org.apache.ratis.server.impl.LeaderElection.askForVotes(LeaderElection.java:197)
	at org.apache.ratis.server.impl.LeaderElection.run(LeaderElection.java:133)
	at java.lang.Thread.run(Thread.java:748)
Caused by: org.apache.ratis.thirdparty.io.grpc.StatusRuntimeException: UNAVAILABLE: io exception
	at org.apache.ratis.thirdparty.io.grpc.stub.ClientCalls.toStatusRuntimeException(ClientCalls.java:233)
	at org.apache.ratis.thirdparty.io.grpc.stub.ClientCalls.getUnchecked(ClientCalls.java:214)
	at org.apache.ratis.thirdparty.io.grpc.stub.ClientCalls.blockingUnaryCall(ClientCalls.java:139)
	at org.apache.ratis.proto.grpc.RaftServerProtocolServiceGrpc$RaftServerProtocolServiceBlockingStub.requestVote(RaftServerProtocolServiceGrpc.java:265)
	at org.apache.ratis.grpc.server.GrpcServerProtocolClient.requestVote(GrpcServerProtocolClient.java:99)
	at org.apache.ratis.grpc.server.GrpcService.requestVote(GrpcService.java:204)
	at org.apache.ratis.server.impl.LeaderElection.lambda$submitRequests$1(LeaderElection.java:234)
	at java.util.concurrent.FutureTask.run(FutureTask.java:266)
	at java.util.concurrent.Executors$RunnableAdapter.call(Executors.java:511)
	at java.util.concurrent.FutureTask.run(FutureTask.java:266)
	at java.util.concurrent.ThreadPoolExecutor.runWorker(ThreadPoolExecutor.java:1149)
	at java.util.concurrent.ThreadPoolExecutor$Worker.run(ThreadPoolExecutor.java:624)
	... 1 more
Caused by: org.apache.ratis.thirdparty.io.netty.channel.AbstractChannel$AnnotatedConnectException: Connection refused: /192.168.69.92:38504
	at sun.nio.ch.SocketChannelImpl.checkConnect(Native Method)
	at sun.nio.ch.SocketChannelImpl.finishConnect(SocketChannelImpl.java:717)
	at org.apache.ratis.thirdparty.io.netty.channel.socket.nio.NioSocketChannel.doFinishConnect(NioSocketChannel.java:327)
	at org.apache.ratis.thirdparty.io.netty.channel.nio.AbstractNioChannel$AbstractNioUnsafe.finishConnect(AbstractNioChannel.java:340)
	at org.apache.ratis.thirdparty.io.netty.channel.nio.NioEventLoop.processSelectedKey(NioEventLoop.java:632)
	at org.apache.ratis.thirdparty.io.netty.channel.nio.NioEventLoop.processSelectedKeysOptimized(NioEventLoop.java:579)
	at org.apache.ratis.thirdparty.io.netty.channel.nio.NioEventLoop.processSelectedKeys(NioEventLoop.java:496)
	at org.apache.ratis.thirdparty.io.netty.channel.nio.NioEventLoop.run(NioEventLoop.java:458)
	at org.apache.ratis.thirdparty.io.netty.util.concurrent.SingleThreadEventExecutor$5.run(SingleThreadEventExecutor.java:897)
	at org.apache.ratis.thirdparty.io.netty.util.concurrent.FastThreadLocalRunnable.run(FastThreadLocalRunnable.java:30)
	... 1 more
Caused by: java.net.ConnectException: Connection refused
	... 11 more
2019-10-21 21:57:06,889 [590972a8-254a-4d11-9ee4-9846de224337@group-43E39F6D4740-LeaderElection181] INFO  impl.LeaderElection (LeaderElection.java:logAndReturn(56)) - 590972a8-254a-4d11-9ee4-9846de224337@group-43E39F6D4740-LeaderElection181: Election REJECTED; received 0 response(s) [] and 2 exception(s); 590972a8-254a-4d11-9ee4-9846de224337@group-43E39F6D4740:t8, leader=null, voted=590972a8-254a-4d11-9ee4-9846de224337, raftlog=590972a8-254a-4d11-9ee4-9846de224337@group-43E39F6D4740-SegmentedRaftLog:OPENED:c2,f2,i2, conf=1: [7b88ca7b-bd9b-4a64-8114-d91a9b2f31f1:192.168.69.92:38504, 590972a8-254a-4d11-9ee4-9846de224337:192.168.69.92:35899, 8d79625f-2c74-448d-b811-8fe783a575f1:192.168.69.92:35698], old=null
2019-10-21 21:57:06,889 [590972a8-254a-4d11-9ee4-9846de224337@group-43E39F6D4740-LeaderElection181] INFO  impl.LeaderElection (LogUtils.java:infoOrTrace(149)) -   Exception 0: {}
java.util.concurrent.ExecutionException: org.apache.ratis.thirdparty.io.grpc.StatusRuntimeException: UNAVAILABLE: io exception
	at java.util.concurrent.FutureTask.report(FutureTask.java:122)
	at java.util.concurrent.FutureTask.get(FutureTask.java:192)
	at org.apache.ratis.server.impl.LeaderElection.waitForResults(LeaderElection.java:259)
	at org.apache.ratis.server.impl.LeaderElection.askForVotes(LeaderElection.java:197)
	at org.apache.ratis.server.impl.LeaderElection.run(LeaderElection.java:133)
	at java.lang.Thread.run(Thread.java:748)
Caused by: org.apache.ratis.thirdparty.io.grpc.StatusRuntimeException: UNAVAILABLE: io exception
	at org.apache.ratis.thirdparty.io.grpc.stub.ClientCalls.toStatusRuntimeException(ClientCalls.java:233)
	at org.apache.ratis.thirdparty.io.grpc.stub.ClientCalls.getUnchecked(ClientCalls.java:214)
	at org.apache.ratis.thirdparty.io.grpc.stub.ClientCalls.blockingUnaryCall(ClientCalls.java:139)
	at org.apache.ratis.proto.grpc.RaftServerProtocolServiceGrpc$RaftServerProtocolServiceBlockingStub.requestVote(RaftServerProtocolServiceGrpc.java:265)
	at org.apache.ratis.grpc.server.GrpcServerProtocolClient.requestVote(GrpcServerProtocolClient.java:99)
	at org.apache.ratis.grpc.server.GrpcService.requestVote(GrpcService.java:204)
	at org.apache.ratis.server.impl.LeaderElection.lambda$submitRequests$1(LeaderElection.java:234)
	at java.util.concurrent.FutureTask.run(FutureTask.java:266)
	at java.util.concurrent.Executors$RunnableAdapter.call(Executors.java:511)
	at java.util.concurrent.FutureTask.run(FutureTask.java:266)
	at java.util.concurrent.ThreadPoolExecutor.runWorker(ThreadPoolExecutor.java:1149)
	at java.util.concurrent.ThreadPoolExecutor$Worker.run(ThreadPoolExecutor.java:624)
	... 1 more
Caused by: org.apache.ratis.thirdparty.io.netty.channel.AbstractChannel$AnnotatedConnectException: Connection refused: /192.168.69.92:35698
	at sun.nio.ch.SocketChannelImpl.checkConnect(Native Method)
	at sun.nio.ch.SocketChannelImpl.finishConnect(SocketChannelImpl.java:717)
	at org.apache.ratis.thirdparty.io.netty.channel.socket.nio.NioSocketChannel.doFinishConnect(NioSocketChannel.java:327)
	at org.apache.ratis.thirdparty.io.netty.channel.nio.AbstractNioChannel$AbstractNioUnsafe.finishConnect(AbstractNioChannel.java:340)
	at org.apache.ratis.thirdparty.io.netty.channel.nio.NioEventLoop.processSelectedKey(NioEventLoop.java:632)
	at org.apache.ratis.thirdparty.io.netty.channel.nio.NioEventLoop.processSelectedKeysOptimized(NioEventLoop.java:579)
	at org.apache.ratis.thirdparty.io.netty.channel.nio.NioEventLoop.processSelectedKeys(NioEventLoop.java:496)
	at org.apache.ratis.thirdparty.io.netty.channel.nio.NioEventLoop.run(NioEventLoop.java:458)
	at org.apache.ratis.thirdparty.io.netty.util.concurrent.SingleThreadEventExecutor$5.run(SingleThreadEventExecutor.java:897)
	at org.apache.ratis.thirdparty.io.netty.util.concurrent.FastThreadLocalRunnable.run(FastThreadLocalRunnable.java:30)
	... 1 more
Caused by: java.net.ConnectException: Connection refused
	... 11 more
2019-10-21 21:57:06,889 [590972a8-254a-4d11-9ee4-9846de224337@group-43E39F6D4740-LeaderElection181] INFO  impl.LeaderElection (LogUtils.java:infoOrTrace(149)) -   Exception 1: {}
java.util.concurrent.ExecutionException: org.apache.ratis.thirdparty.io.grpc.StatusRuntimeException: UNAVAILABLE: io exception
	at java.util.concurrent.FutureTask.report(FutureTask.java:122)
	at java.util.concurrent.FutureTask.get(FutureTask.java:192)
	at org.apache.ratis.server.impl.LeaderElection.waitForResults(LeaderElection.java:259)
	at org.apache.ratis.server.impl.LeaderElection.askForVotes(LeaderElection.java:197)
	at org.apache.ratis.server.impl.LeaderElection.run(LeaderElection.java:133)
	at java.lang.Thread.run(Thread.java:748)
Caused by: org.apache.ratis.thirdparty.io.grpc.StatusRuntimeException: UNAVAILABLE: io exception
	at org.apache.ratis.thirdparty.io.grpc.stub.ClientCalls.toStatusRuntimeException(ClientCalls.java:233)
	at org.apache.ratis.thirdparty.io.grpc.stub.ClientCalls.getUnchecked(ClientCalls.java:214)
	at org.apache.ratis.thirdparty.io.grpc.stub.ClientCalls.blockingUnaryCall(ClientCalls.java:139)
	at org.apache.ratis.proto.grpc.RaftServerProtocolServiceGrpc$RaftServerProtocolServiceBlockingStub.requestVote(RaftServerProtocolServiceGrpc.java:265)
	at org.apache.ratis.grpc.server.GrpcServerProtocolClient.requestVote(GrpcServerProtocolClient.java:99)
	at org.apache.ratis.grpc.server.GrpcService.requestVote(GrpcService.java:204)
	at org.apache.ratis.server.impl.LeaderElection.lambda$submitRequests$1(LeaderElection.java:234)
	at java.util.concurrent.FutureTask.run(FutureTask.java:266)
	at java.util.concurrent.Executors$RunnableAdapter.call(Executors.java:511)
	at java.util.concurrent.FutureTask.run(FutureTask.java:266)
	at java.util.concurrent.ThreadPoolExecutor.runWorker(ThreadPoolExecutor.java:1149)
	at java.util.concurrent.ThreadPoolExecutor$Worker.run(ThreadPoolExecutor.java:624)
	... 1 more
Caused by: org.apache.ratis.thirdparty.io.netty.channel.AbstractChannel$AnnotatedConnectException: Connection refused: /192.168.69.92:38504
	at sun.nio.ch.SocketChannelImpl.checkConnect(Native Method)
	at sun.nio.ch.SocketChannelImpl.finishConnect(SocketChannelImpl.java:717)
	at org.apache.ratis.thirdparty.io.netty.channel.socket.nio.NioSocketChannel.doFinishConnect(NioSocketChannel.java:327)
	at org.apache.ratis.thirdparty.io.netty.channel.nio.AbstractNioChannel$AbstractNioUnsafe.finishConnect(AbstractNioChannel.java:340)
	at org.apache.ratis.thirdparty.io.netty.channel.nio.NioEventLoop.processSelectedKey(NioEventLoop.java:632)
	at org.apache.ratis.thirdparty.io.netty.channel.nio.NioEventLoop.processSelectedKeysOptimized(NioEventLoop.java:579)
	at org.apache.ratis.thirdparty.io.netty.channel.nio.NioEventLoop.processSelectedKeys(NioEventLoop.java:496)
	at org.apache.ratis.thirdparty.io.netty.channel.nio.NioEventLoop.run(NioEventLoop.java:458)
	at org.apache.ratis.thirdparty.io.netty.util.concurrent.SingleThreadEventExecutor$5.run(SingleThreadEventExecutor.java:897)
	at org.apache.ratis.thirdparty.io.netty.util.concurrent.FastThreadLocalRunnable.run(FastThreadLocalRunnable.java:30)
	... 1 more
Caused by: java.net.ConnectException: Connection refused
	... 11 more
2019-10-21 21:57:06,890 [590972a8-254a-4d11-9ee4-9846de224337@group-43E39F6D4740-LeaderElection181] INFO  impl.RaftServerImpl (RaftServerImpl.java:setRole(184)) - 590972a8-254a-4d11-9ee4-9846de224337@group-43E39F6D4740: changes role from CANDIDATE to FOLLOWER at term 8 for DISCOVERED_A_NEW_TERM
2019-10-21 21:57:06,890 [590972a8-254a-4d11-9ee4-9846de224337@group-43E39F6D4740-LeaderElection181] INFO  impl.RoleInfo (RoleInfo.java:shutdownLeaderElection(134)) - 590972a8-254a-4d11-9ee4-9846de224337: shutdown LeaderElection
2019-10-21 21:57:06,890 [590972a8-254a-4d11-9ee4-9846de224337@group-43E39F6D4740-LeaderElection181] INFO  impl.RoleInfo (RoleInfo.java:updateAndGet(143)) - 590972a8-254a-4d11-9ee4-9846de224337: start FollowerState
2019-10-21 21:57:06,945 [ForkJoinPool.commonPool-worker-0] INFO  ozoneimpl.OzoneContainer (OzoneContainer.java:stop(227)) - Attempting to stop container services.
2019-10-21 21:57:06,945 [main] INFO  ozoneimpl.OzoneContainer (OzoneContainer.java:stop(227)) - Attempting to stop container services.
2019-10-21 21:57:06,946 [ForkJoinPool.commonPool-worker-0] INFO  impl.RaftServerProxy (RaftServerProxy.java:lambda$close$4(314)) - 149f4235-2e38-4d95-abe8-6ba232811729: close
2019-10-21 21:57:06,946 [main] INFO  impl.RaftServerProxy (RaftServerProxy.java:lambda$close$4(314)) - 590972a8-254a-4d11-9ee4-9846de224337: close
2019-10-21 21:57:06,946 [ForkJoinPool.commonPool-worker-0] INFO  impl.RaftServerImpl (RaftServerImpl.java:lambda$shutdown$3(261)) - 149f4235-2e38-4d95-abe8-6ba232811729@group-D5C321C67480: shutdown
2019-10-21 21:57:06,946 [main] INFO  impl.RaftServerImpl (RaftServerImpl.java:lambda$shutdown$3(261)) - 590972a8-254a-4d11-9ee4-9846de224337@group-43E39F6D4740: shutdown
2019-10-21 21:57:06,947 [ForkJoinPool.commonPool-worker-0] INFO  util.JmxRegister (JmxRegister.java:unregister(73)) - Successfully un-registered JMX Bean with object name Ratis:service=RaftServer,group=group-D5C321C67480,id=149f4235-2e38-4d95-abe8-6ba232811729
2019-10-21 21:57:06,947 [main] INFO  util.JmxRegister (JmxRegister.java:unregister(73)) - Successfully un-registered JMX Bean with object name Ratis:service=RaftServer,group=group-43E39F6D4740,id=590972a8-254a-4d11-9ee4-9846de224337
2019-10-21 21:57:06,947 [ForkJoinPool.commonPool-worker-0] INFO  impl.RoleInfo (RoleInfo.java:shutdownLeaderState(104)) - 149f4235-2e38-4d95-abe8-6ba232811729: shutdown LeaderState
2019-10-21 21:57:06,947 [main] INFO  impl.RoleInfo (RoleInfo.java:shutdownFollowerState(121)) - 590972a8-254a-4d11-9ee4-9846de224337: shutdown FollowerState
2019-10-21 21:57:06,947 [ForkJoinPool.commonPool-worker-0] INFO  impl.PendingRequests (PendingRequests.java:sendNotLeaderResponses(202)) - 149f4235-2e38-4d95-abe8-6ba232811729@group-D5C321C67480-PendingRequests: sendNotLeaderResponses
2019-10-21 21:57:06,948 [Thread-2810] INFO  impl.FollowerState (FollowerState.java:run(117)) - 590972a8-254a-4d11-9ee4-9846de224337@group-43E39F6D4740-FollowerState was interrupted: java.lang.InterruptedException: sleep interrupted
2019-10-21 21:57:06,948 [main] INFO  impl.StateMachineUpdater (StateMachineUpdater.java:stopAndJoin(136)) - 590972a8-254a-4d11-9ee4-9846de224337@group-43E39F6D4740-StateMachineUpdater: set stopIndex = 2
2019-10-21 21:57:06,948 [ForkJoinPool.commonPool-worker-0] INFO  impl.StateMachineUpdater (StateMachineUpdater.java:stopAndJoin(136)) - 149f4235-2e38-4d95-abe8-6ba232811729@group-D5C321C67480-StateMachineUpdater: set stopIndex = 0
2019-10-21 21:57:06,948 [main] INFO  impl.RaftServerImpl (ServerState.java:close(388)) - 590972a8-254a-4d11-9ee4-9846de224337@group-43E39F6D4740: closes. applyIndex: 2
2019-10-21 21:57:06,948 [ForkJoinPool.commonPool-worker-0] INFO  impl.RaftServerImpl (ServerState.java:close(388)) - 149f4235-2e38-4d95-abe8-6ba232811729@group-D5C321C67480: closes. applyIndex: 0
2019-10-21 21:57:06,949 [590972a8-254a-4d11-9ee4-9846de224337@group-43E39F6D4740-SegmentedRaftLogWorker] INFO  segmented.SegmentedRaftLogWorker (SegmentedRaftLogWorker.java:run(316)) - 590972a8-254a-4d11-9ee4-9846de224337@group-43E39F6D4740-SegmentedRaftLogWorker was interrupted, exiting. There are 0 tasks remaining in the queue.
2019-10-21 21:57:06,949 [149f4235-2e38-4d95-abe8-6ba232811729@group-D5C321C67480-SegmentedRaftLogWorker] INFO  segmented.SegmentedRaftLogWorker (SegmentedRaftLogWorker.java:run(316)) - 149f4235-2e38-4d95-abe8-6ba232811729@group-D5C321C67480-SegmentedRaftLogWorker was interrupted, exiting. There are 0 tasks remaining in the queue.
2019-10-21 21:57:06,949 [main] INFO  segmented.SegmentedRaftLogWorker (SegmentedRaftLogWorker.java:close(224)) - 590972a8-254a-4d11-9ee4-9846de224337@group-43E39F6D4740-SegmentedRaftLogWorker close()
2019-10-21 21:57:06,949 [ForkJoinPool.commonPool-worker-0] INFO  segmented.SegmentedRaftLogWorker (SegmentedRaftLogWorker.java:close(224)) - 149f4235-2e38-4d95-abe8-6ba232811729@group-D5C321C67480-SegmentedRaftLogWorker close()
2019-10-21 21:57:06,949 [main] INFO  impl.RaftServerImpl (RaftServerImpl.java:lambda$shutdown$3(261)) - 590972a8-254a-4d11-9ee4-9846de224337@group-DC1757C7DD22: shutdown
2019-10-21 21:57:06,949 [ForkJoinPool.commonPool-worker-0] INFO  impl.RaftServerImpl (RaftServerImpl.java:lambda$shutdown$3(261)) - 149f4235-2e38-4d95-abe8-6ba232811729@group-9BA08151BADB: shutdown
2019-10-21 21:57:06,950 [main] INFO  util.JmxRegister (JmxRegister.java:unregister(73)) - Successfully un-registered JMX Bean with object name Ratis:service=RaftServer,group=group-DC1757C7DD22,id=590972a8-254a-4d11-9ee4-9846de224337
2019-10-21 21:57:06,950 [ForkJoinPool.commonPool-worker-0] INFO  util.JmxRegister (JmxRegister.java:unregister(73)) - Successfully un-registered JMX Bean with object name Ratis:service=RaftServer,group=group-9BA08151BADB,id=149f4235-2e38-4d95-abe8-6ba232811729
2019-10-21 21:57:06,950 [main] INFO  impl.RoleInfo (RoleInfo.java:shutdownLeaderState(104)) - 590972a8-254a-4d11-9ee4-9846de224337: shutdown LeaderState
2019-10-21 21:57:06,950 [ForkJoinPool.commonPool-worker-0] INFO  impl.RoleInfo (RoleInfo.java:shutdownLeaderState(104)) - 149f4235-2e38-4d95-abe8-6ba232811729: shutdown LeaderState
2019-10-21 21:57:06,950 [main] INFO  impl.PendingRequests (PendingRequests.java:sendNotLeaderResponses(202)) - 590972a8-254a-4d11-9ee4-9846de224337@group-DC1757C7DD22-PendingRequests: sendNotLeaderResponses
2019-10-21 21:57:06,952 [org.apache.ratis.server.impl.LogAppender$AppenderDaemon$$Lambda$450/1920685015@5544fddc] WARN  server.GrpcLogAppender (GrpcLogAppender.java:mayWait(149)) - 149f4235-2e38-4d95-abe8-6ba232811729@group-9BA08151BADB->683a42e8-804c-4291-9261-2bc66677cfab-GrpcLogAppender: Wait interrupted by java.lang.InterruptedException
2019-10-21 21:57:06,953 [main] INFO  impl.StateMachineUpdater (StateMachineUpdater.java:stopAndJoin(136)) - 590972a8-254a-4d11-9ee4-9846de224337@group-DC1757C7DD22-StateMachineUpdater: set stopIndex = 0
2019-10-21 21:57:06,953 [main] INFO  impl.RaftServerImpl (ServerState.java:close(388)) - 590972a8-254a-4d11-9ee4-9846de224337@group-DC1757C7DD22: closes. applyIndex: 0
2019-10-21 21:57:06,952 [ForkJoinPool.commonPool-worker-0] INFO  impl.PendingRequests (PendingRequests.java:sendNotLeaderResponses(202)) - 149f4235-2e38-4d95-abe8-6ba232811729@group-9BA08151BADB-PendingRequests: sendNotLeaderResponses
2019-10-21 21:57:06,952 [org.apache.ratis.server.impl.LogAppender$AppenderDaemon$$Lambda$450/1920685015@494b3e5] WARN  server.GrpcLogAppender (GrpcLogAppender.java:mayWait(149)) - 149f4235-2e38-4d95-abe8-6ba232811729@group-9BA08151BADB->7c4ddf80-db3d-4d0c-b4eb-75f8718eed44-GrpcLogAppender: Wait interrupted by java.lang.InterruptedException
2019-10-21 21:57:06,954 [ForkJoinPool.commonPool-worker-0] INFO  impl.StateMachineUpdater (StateMachineUpdater.java:stopAndJoin(136)) - 149f4235-2e38-4d95-abe8-6ba232811729@group-9BA08151BADB-StateMachineUpdater: set stopIndex = 12
2019-10-21 21:57:06,953 [590972a8-254a-4d11-9ee4-9846de224337@group-DC1757C7DD22-SegmentedRaftLogWorker] INFO  segmented.SegmentedRaftLogWorker (SegmentedRaftLogWorker.java:run(316)) - 590972a8-254a-4d11-9ee4-9846de224337@group-DC1757C7DD22-SegmentedRaftLogWorker was interrupted, exiting. There are 0 tasks remaining in the queue.
2019-10-21 21:57:06,954 [149f4235-2e38-4d95-abe8-6ba232811729@group-9BA08151BADB-StateMachineUpdater] INFO  ratis.ContainerStateMachine (ContainerStateMachine.java:takeSnapshot(294)) - group-9BA08151BADB: Taking a snapshot at:(t:1, i:9) file /workdir/hadoop-ozone/integration-test/target/test-dir/MiniOzoneClusterImpl-f9df1159-a46e-43dd-90f7-e431812950fc/datanode-1/data/ratis/2f8d90cc-a176-4912-a174-9ba08151badb/sm/snapshot.1_9
2019-10-21 21:57:06,954 [main] INFO  segmented.SegmentedRaftLogWorker (SegmentedRaftLogWorker.java:close(224)) - 590972a8-254a-4d11-9ee4-9846de224337@group-DC1757C7DD22-SegmentedRaftLogWorker close()
2019-10-21 21:57:06,954 [main] INFO  server.GrpcService (GrpcService.java:closeImpl(164)) - 590972a8-254a-4d11-9ee4-9846de224337: shutdown server with port 35899 now
2019-10-21 21:57:06,955 [main] INFO  server.GrpcService (GrpcService.java:closeImpl(172)) - 590972a8-254a-4d11-9ee4-9846de224337: shutdown server with port 35899 successfully
2019-10-21 21:57:06,963 [refreshUsed-/workdir/hadoop-ozone/integration-test/target/test-dir/MiniOzoneClusterImpl-f9df1159-a46e-43dd-90f7-e431812950fc/datanode-7/data/containers] WARN  fs.CachingGetSpaceUsed (CachingGetSpaceUsed.java:run(183)) - Thread Interrupted waiting to refresh disk information: sleep interrupted
2019-10-21 21:57:06,966 [149f4235-2e38-4d95-abe8-6ba232811729@group-9BA08151BADB-StateMachineUpdater] INFO  ratis.ContainerStateMachine (ContainerStateMachine.java:takeSnapshot(305)) - group-9BA08151BADB: Finished taking a snapshot at:(t:1, i:9) file:/workdir/hadoop-ozone/integration-test/target/test-dir/MiniOzoneClusterImpl-f9df1159-a46e-43dd-90f7-e431812950fc/datanode-1/data/ratis/2f8d90cc-a176-4912-a174-9ba08151badb/sm/snapshot.1_9 time:12
2019-10-21 21:57:06,966 [149f4235-2e38-4d95-abe8-6ba232811729@group-9BA08151BADB-StateMachineUpdater] INFO  impl.StateMachineUpdater (StateMachineUpdater.java:takeSnapshot(269)) - 149f4235-2e38-4d95-abe8-6ba232811729@group-9BA08151BADB-StateMachineUpdater: Took a snapshot at index 9
2019-10-21 21:57:06,966 [149f4235-2e38-4d95-abe8-6ba232811729@group-9BA08151BADB-StateMachineUpdater] INFO  impl.StateMachineUpdater (StateMachineUpdater.java:lambda$new$0(84)) - 149f4235-2e38-4d95-abe8-6ba232811729@group-9BA08151BADB-StateMachineUpdater: snapshotIndex: updateIncreasingly -1 -> 9
2019-10-21 21:57:06,967 [149f4235-2e38-4d95-abe8-6ba232811729@group-9BA08151BADB-StateMachineUpdater] INFO  ratis.ContainerStateMachine (ContainerStateMachine.java:takeSnapshot(294)) - group-9BA08151BADB: Taking a snapshot at:(t:1, i:9) file /workdir/hadoop-ozone/integration-test/target/test-dir/MiniOzoneClusterImpl-f9df1159-a46e-43dd-90f7-e431812950fc/datanode-1/data/ratis/2f8d90cc-a176-4912-a174-9ba08151badb/sm/snapshot.1_9
2019-10-21 21:57:06,975 [main] INFO  utils.BackgroundService (BackgroundService.java:shutdown(151)) - Shutting down service BlockDeletingService
2019-10-21 21:57:06,984 [149f4235-2e38-4d95-abe8-6ba232811729@group-9BA08151BADB-StateMachineUpdater] INFO  ratis.ContainerStateMachine (ContainerStateMachine.java:takeSnapshot(305)) - group-9BA08151BADB: Finished taking a snapshot at:(t:1, i:9) file:/workdir/hadoop-ozone/integration-test/target/test-dir/MiniOzoneClusterImpl-f9df1159-a46e-43dd-90f7-e431812950fc/datanode-1/data/ratis/2f8d90cc-a176-4912-a174-9ba08151badb/sm/snapshot.1_9 time:18
2019-10-21 21:57:06,985 [main] INFO  statemachine.DatanodeStateMachine (DatanodeStateMachine.java:stopDaemon(395)) - Ozone container server stopped.
2019-10-21 21:57:06,985 [149f4235-2e38-4d95-abe8-6ba232811729@group-9BA08151BADB-StateMachineUpdater] INFO  impl.StateMachineUpdater (StateMachineUpdater.java:takeSnapshot(269)) - 149f4235-2e38-4d95-abe8-6ba232811729@group-9BA08151BADB-StateMachineUpdater: Took a snapshot at index 9
2019-10-21 21:57:06,986 [149f4235-2e38-4d95-abe8-6ba232811729@group-9BA08151BADB-StateMachineUpdater] INFO  impl.StateMachineUpdater (StateMachineUpdater.java:lambda$new$0(84)) - 149f4235-2e38-4d95-abe8-6ba232811729@group-9BA08151BADB-StateMachineUpdater: snapshotIndex: updateIncreasingly 9 -> 9
2019-10-21 21:57:06,986 [ForkJoinPool.commonPool-worker-0] INFO  impl.RaftServerImpl (ServerState.java:close(388)) - 149f4235-2e38-4d95-abe8-6ba232811729@group-9BA08151BADB: closes. applyIndex: 12
2019-10-21 21:57:06,986 [149f4235-2e38-4d95-abe8-6ba232811729@group-9BA08151BADB-SegmentedRaftLogWorker] INFO  segmented.SegmentedRaftLogWorker (SegmentedRaftLogWorker.java:run(316)) - 149f4235-2e38-4d95-abe8-6ba232811729@group-9BA08151BADB-SegmentedRaftLogWorker was interrupted, exiting. There are 0 tasks remaining in the queue.
2019-10-21 21:57:06,986 [ForkJoinPool.commonPool-worker-0] INFO  segmented.SegmentedRaftLogWorker (SegmentedRaftLogWorker.java:close(224)) - 149f4235-2e38-4d95-abe8-6ba232811729@group-9BA08151BADB-SegmentedRaftLogWorker close()
2019-10-21 21:57:06,987 [ForkJoinPool.commonPool-worker-0] INFO  server.GrpcService (GrpcService.java:closeImpl(164)) - 149f4235-2e38-4d95-abe8-6ba232811729: shutdown server with port 32958 now
2019-10-21 21:57:06,987 [main] INFO  handler.ContextHandler (ContextHandler.java:doStop(910)) - Stopped o.e.j.w.WebAppContext@6d229b1c{/,null,UNAVAILABLE}{/hddsDatanode}
2019-10-21 21:57:06,987 [ForkJoinPool.commonPool-worker-0] INFO  server.GrpcService (GrpcService.java:closeImpl(172)) - 149f4235-2e38-4d95-abe8-6ba232811729: shutdown server with port 32958 successfully
2019-10-21 21:57:06,989 [main] INFO  server.AbstractConnector (AbstractConnector.java:doStop(318)) - Stopped ServerConnector@6f825516{HTTP/1.1,[http/1.1]}{0.0.0.0:0}
2019-10-21 21:57:06,989 [main] INFO  handler.ContextHandler (ContextHandler.java:doStop(910)) - Stopped o.e.j.s.ServletContextHandler@50ab56e2{/static,jar:file:/home/user/.m2/repository/org/apache/hadoop/hadoop-hdds-container-service/0.5.0-SNAPSHOT/hadoop-hdds-container-service-0.5.0-SNAPSHOT.jar!/webapps/static,UNAVAILABLE}
2019-10-21 21:57:06,990 [main] INFO  handler.ContextHandler (ContextHandler.java:doStop(910)) - Stopped o.e.j.s.ServletContextHandler@5d5a51b1{/logs,file:///workdir/hadoop-ozone/integration-test/target/log,UNAVAILABLE}
2019-10-21 21:57:06,993 [refreshUsed-/workdir/hadoop-ozone/integration-test/target/test-dir/MiniOzoneClusterImpl-f9df1159-a46e-43dd-90f7-e431812950fc/datanode-1/data/containers] WARN  fs.CachingGetSpaceUsed (CachingGetSpaceUsed.java:run(183)) - Thread Interrupted waiting to refresh disk information: sleep interrupted
2019-10-21 21:57:07,003 [ForkJoinPool.commonPool-worker-0] INFO  utils.BackgroundService (BackgroundService.java:shutdown(151)) - Shutting down service BlockDeletingService
2019-10-21 21:57:07,009 [ForkJoinPool.commonPool-worker-0] INFO  statemachine.DatanodeStateMachine (DatanodeStateMachine.java:stopDaemon(395)) - Ozone container server stopped.
2019-10-21 21:57:07,011 [ForkJoinPool.commonPool-worker-0] INFO  handler.ContextHandler (ContextHandler.java:doStop(910)) - Stopped o.e.j.w.WebAppContext@696db620{/,null,UNAVAILABLE}{/hddsDatanode}
2019-10-21 21:57:07,011 [ForkJoinPool.commonPool-worker-0] INFO  server.AbstractConnector (AbstractConnector.java:doStop(318)) - Stopped ServerConnector@6968c1d6{HTTP/1.1,[http/1.1]}{0.0.0.0:0}
2019-10-21 21:57:07,012 [ForkJoinPool.commonPool-worker-0] INFO  handler.ContextHandler (ContextHandler.java:doStop(910)) - Stopped o.e.j.s.ServletContextHandler@4f654cee{/static,jar:file:/home/user/.m2/repository/org/apache/hadoop/hadoop-hdds-container-service/0.5.0-SNAPSHOT/hadoop-hdds-container-service-0.5.0-SNAPSHOT.jar!/webapps/static,UNAVAILABLE}
2019-10-21 21:57:07,012 [ForkJoinPool.commonPool-worker-0] INFO  handler.ContextHandler (ContextHandler.java:doStop(910)) - Stopped o.e.j.s.ServletContextHandler@1665fa54{/logs,file:///workdir/hadoop-ozone/integration-test/target/log,UNAVAILABLE}
2019-10-21 21:57:07,012 [main] INFO  ozone.MiniOzoneClusterImpl (MiniOzoneClusterImpl.java:stopSCM(392)) - Stopping the StorageContainerManager
2019-10-21 21:57:07,013 [main] INFO  server.StorageContainerManager (StorageContainerManager.java:stop(810)) - Stopping Replication Manager Service.
2019-10-21 21:57:07,013 [main] INFO  container.ReplicationManager (ReplicationManager.java:stop(203)) - Stopping Replication Monitor Thread.
2019-10-21 21:57:07,013 [main] INFO  server.StorageContainerManager (StorageContainerManager.java:stop(817)) - Stopping Lease Manager of the command watchers
2019-10-21 21:57:07,013 [main] INFO  server.StorageContainerManager (StorageContainerManager.java:stop(824)) - Stopping datanode service RPC server
2019-10-21 21:57:07,013 [main] INFO  server.SCMDatanodeProtocolServer (SCMDatanodeProtocolServer.java:stop(346)) - Stopping the RPC server for DataNodes
2019-10-21 21:57:07,013 [main] INFO  ipc.Server (Server.java:stop(3082)) - Stopping server on 42327
2019-10-21 21:57:07,015 [IPC Server listener on 42327] INFO  ipc.Server (Server.java:run(1185)) - Stopping IPC Server listener on 42327
2019-10-21 21:57:07,015 [IPC Server Responder] INFO  ipc.Server (Server.java:run(1319)) - Stopping IPC Server Responder
2019-10-21 21:57:07,084 [SCM Heartbeat Processing Thread - 0] WARN  node.NodeStateManager (NodeStateManager.java:scheduleNextHealthCheck(646)) - Current Thread is interrupted, shutting down HB processing thread for Node Manager.
2019-10-21 21:57:07,085 [main] INFO  server.StorageContainerManager (StorageContainerManager.java:stop(832)) - Stopping block service RPC server
2019-10-21 21:57:07,085 [main] INFO  server.SCMBlockProtocolServer (SCMBlockProtocolServer.java:stop(155)) - Stopping the RPC server for Block Protocol
2019-10-21 21:57:07,085 [main] INFO  ipc.Server (Server.java:stop(3082)) - Stopping server on 37864
2019-10-21 21:57:07,086 [IPC Server listener on 37864] INFO  ipc.Server (Server.java:run(1185)) - Stopping IPC Server listener on 37864
2019-10-21 21:57:07,087 [main] INFO  server.StorageContainerManager (StorageContainerManager.java:stop(839)) - Stopping the StorageContainerLocationProtocol RPC server
2019-10-21 21:57:07,087 [IPC Server Responder] INFO  ipc.Server (Server.java:run(1319)) - Stopping IPC Server Responder
2019-10-21 21:57:07,087 [main] INFO  server.SCMClientProtocolServer (SCMClientProtocolServer.java:stop(168)) - Stopping the RPC server for Client Protocol
2019-10-21 21:57:07,088 [main] INFO  ipc.Server (Server.java:stop(3082)) - Stopping server on 44200
2019-10-21 21:57:07,090 [IPC Server listener on 44200] INFO  ipc.Server (Server.java:run(1185)) - Stopping IPC Server listener on 44200
2019-10-21 21:57:07,090 [IPC Server Responder] INFO  ipc.Server (Server.java:run(1319)) - Stopping IPC Server Responder
2019-10-21 21:57:07,090 [main] INFO  server.StorageContainerManager (StorageContainerManager.java:stop(846)) - Stopping Storage Container Manager HTTP server.
2019-10-21 21:57:07,092 [main] INFO  handler.ContextHandler (ContextHandler.java:doStop(910)) - Stopped o.e.j.w.WebAppContext@2f382a5e{/,null,UNAVAILABLE}{/scm}
2019-10-21 21:57:07,093 [main] INFO  server.AbstractConnector (AbstractConnector.java:doStop(318)) - Stopped ServerConnector@12b5736c{HTTP/1.1,[http/1.1]}{0.0.0.0:0}
2019-10-21 21:57:07,093 [main] INFO  handler.ContextHandler (ContextHandler.java:doStop(910)) - Stopped o.e.j.s.ServletContextHandler@9e54c59{/static,file:///workdir/hadoop-ozone/integration-test/target/test-classes/webapps/static,UNAVAILABLE}
2019-10-21 21:57:07,093 [main] INFO  handler.ContextHandler (ContextHandler.java:doStop(910)) - Stopped o.e.j.s.ServletContextHandler@d535a3d{/logs,file:///workdir/hadoop-ozone/integration-test/target/log,UNAVAILABLE}
2019-10-21 21:57:07,094 [main] INFO  server.StorageContainerManager (StorageContainerManager.java:stop(857)) - Stopping Block Manager Service.
2019-10-21 21:57:07,094 [main] INFO  utils.BackgroundService (BackgroundService.java:shutdown(151)) - Shutting down service SCMBlockDeletingService
2019-10-21 21:57:07,094 [main] INFO  utils.BackgroundService (BackgroundService.java:shutdown(151)) - Shutting down service SCMBlockDeletingService
2019-10-21 21:57:07,094 [main] INFO  server.StorageContainerManager (StorageContainerManager.java:stop(879)) - Stopping SCM Event Queue.
2019-10-21 21:57:07,099 [main] INFO  impl.MetricsSystemImpl (MetricsSystemImpl.java:stop(210)) - Stopping HddsDatanode metrics system...
2019-10-21 21:57:07,114 [main] INFO  impl.MetricsSystemImpl (MetricsSystemImpl.java:stop(216)) - HddsDatanode metrics system stopped.
]]></system-out>
    <system-err><![CDATA[Oct 21, 2019 9:56:02 PM org.apache.ratis.thirdparty.io.grpc.internal.SerializingExecutor run
SEVERE: Exception while executing runnable org.apache.ratis.thirdparty.io.grpc.internal.ClientCallImpl$ClientStreamListenerImpl$1MessagesAvailable@4ab60a5b
java.lang.NullPointerException
	at org.apache.ratis.grpc.server.GrpcLogAppender$AppendLogResponseHandler.onError(GrpcLogAppender.java:303)
	at org.apache.ratis.thirdparty.io.grpc.stub.ClientCalls$StreamObserverToCallListenerAdapter.onClose(ClientCalls.java:434)
	at org.apache.ratis.thirdparty.io.grpc.PartialForwardingClientCallListener.onClose(PartialForwardingClientCallListener.java:39)
	at org.apache.ratis.thirdparty.io.grpc.ForwardingClientCallListener.onClose(ForwardingClientCallListener.java:23)
	at org.apache.ratis.thirdparty.io.grpc.ForwardingClientCallListener$SimpleForwardingClientCallListener.onClose(ForwardingClientCallListener.java:40)
	at org.apache.ratis.thirdparty.io.grpc.internal.CensusStatsModule$StatsClientInterceptor$1$1.onClose(CensusStatsModule.java:678)
	at org.apache.ratis.thirdparty.io.grpc.PartialForwardingClientCallListener.onClose(PartialForwardingClientCallListener.java:39)
	at org.apache.ratis.thirdparty.io.grpc.ForwardingClientCallListener.onClose(ForwardingClientCallListener.java:23)
	at org.apache.ratis.thirdparty.io.grpc.ForwardingClientCallListener$SimpleForwardingClientCallListener.onClose(ForwardingClientCallListener.java:40)
	at org.apache.ratis.thirdparty.io.grpc.internal.CensusTracingModule$TracingClientInterceptor$1$1.onClose(CensusTracingModule.java:397)
	at org.apache.ratis.thirdparty.io.grpc.internal.ClientCallImpl.closeObserver(ClientCallImpl.java:459)
	at org.apache.ratis.thirdparty.io.grpc.internal.ClientCallImpl.access$300(ClientCallImpl.java:63)
	at org.apache.ratis.thirdparty.io.grpc.internal.ClientCallImpl$ClientStreamListenerImpl.close(ClientCallImpl.java:546)
	at org.apache.ratis.thirdparty.io.grpc.internal.ClientCallImpl$ClientStreamListenerImpl.access$600(ClientCallImpl.java:467)
	at org.apache.ratis.thirdparty.io.grpc.internal.ClientCallImpl$ClientStreamListenerImpl$1MessagesAvailable.runInContext(ClientCallImpl.java:531)
	at org.apache.ratis.thirdparty.io.grpc.internal.ContextRunnable.run(ContextRunnable.java:37)
	at org.apache.ratis.thirdparty.io.grpc.internal.SerializingExecutor.run(SerializingExecutor.java:123)
	at java.util.concurrent.ThreadPoolExecutor.runWorker(ThreadPoolExecutor.java:1149)
	at java.util.concurrent.ThreadPoolExecutor$Worker.run(ThreadPoolExecutor.java:624)
	at java.lang.Thread.run(Thread.java:748)

Oct 21, 2019 9:56:02 PM org.apache.ratis.thirdparty.io.grpc.internal.SerializingExecutor run
SEVERE: Exception while executing runnable org.apache.ratis.thirdparty.io.grpc.internal.ServerImpl$JumpToApplicationThreadServerStreamListener$1Closed@615ca8f4
org.apache.ratis.thirdparty.io.grpc.StatusRuntimeException: CANCELLED: call already cancelled
	at org.apache.ratis.thirdparty.io.grpc.Status.asRuntimeException(Status.java:517)
	at org.apache.ratis.thirdparty.io.grpc.stub.ServerCalls$ServerCallStreamObserverImpl.onCompleted(ServerCalls.java:356)
	at org.apache.ratis.grpc.server.GrpcServerProtocolService$ServerRequestStreamObserver.onError(GrpcServerProtocolService.java:121)
	at org.apache.ratis.thirdparty.io.grpc.stub.ServerCalls$StreamingServerCallHandler$StreamingServerCallListener.onCancel(ServerCalls.java:269)
	at org.apache.ratis.thirdparty.io.grpc.internal.ServerCallImpl$ServerStreamListenerImpl.closed(ServerCallImpl.java:293)
	at org.apache.ratis.thirdparty.io.grpc.internal.ServerImpl$JumpToApplicationThreadServerStreamListener$1Closed.runInContext(ServerImpl.java:741)
	at org.apache.ratis.thirdparty.io.grpc.internal.ContextRunnable.run(ContextRunnable.java:37)
	at org.apache.ratis.thirdparty.io.grpc.internal.SerializingExecutor.run(SerializingExecutor.java:123)
	at java.util.concurrent.ThreadPoolExecutor.runWorker(ThreadPoolExecutor.java:1149)
	at java.util.concurrent.ThreadPoolExecutor$Worker.run(ThreadPoolExecutor.java:624)
	at java.lang.Thread.run(Thread.java:748)

Oct 21, 2019 9:56:02 PM org.apache.ratis.thirdparty.io.grpc.internal.SerializingExecutor run
SEVERE: Exception while executing runnable org.apache.ratis.thirdparty.io.grpc.internal.ServerImpl$JumpToApplicationThreadServerStreamListener$1Closed@13b0c7a9
org.apache.ratis.thirdparty.io.grpc.StatusRuntimeException: CANCELLED: call already cancelled
	at org.apache.ratis.thirdparty.io.grpc.Status.asRuntimeException(Status.java:517)
	at org.apache.ratis.thirdparty.io.grpc.stub.ServerCalls$ServerCallStreamObserverImpl.onCompleted(ServerCalls.java:356)
	at org.apache.ratis.grpc.server.GrpcServerProtocolService$ServerRequestStreamObserver.onError(GrpcServerProtocolService.java:121)
	at org.apache.ratis.thirdparty.io.grpc.stub.ServerCalls$StreamingServerCallHandler$StreamingServerCallListener.onCancel(ServerCalls.java:269)
	at org.apache.ratis.thirdparty.io.grpc.internal.ServerCallImpl$ServerStreamListenerImpl.closed(ServerCallImpl.java:293)
	at org.apache.ratis.thirdparty.io.grpc.internal.ServerImpl$JumpToApplicationThreadServerStreamListener$1Closed.runInContext(ServerImpl.java:741)
	at org.apache.ratis.thirdparty.io.grpc.internal.ContextRunnable.run(ContextRunnable.java:37)
	at org.apache.ratis.thirdparty.io.grpc.internal.SerializingExecutor.run(SerializingExecutor.java:123)
	at java.util.concurrent.ThreadPoolExecutor.runWorker(ThreadPoolExecutor.java:1149)
	at java.util.concurrent.ThreadPoolExecutor$Worker.run(ThreadPoolExecutor.java:624)
	at java.lang.Thread.run(Thread.java:748)

Oct 21, 2019 9:56:02 PM org.apache.ratis.thirdparty.io.grpc.internal.SerializingExecutor run
SEVERE: Exception while executing runnable org.apache.ratis.thirdparty.io.grpc.internal.ClientCallImpl$ClientStreamListenerImpl$1MessagesAvailable@3ae9994
java.lang.NullPointerException
	at org.apache.ratis.grpc.server.GrpcLogAppender$AppendLogResponseHandler.onError(GrpcLogAppender.java:303)
	at org.apache.ratis.thirdparty.io.grpc.stub.ClientCalls$StreamObserverToCallListenerAdapter.onClose(ClientCalls.java:434)
	at org.apache.ratis.thirdparty.io.grpc.PartialForwardingClientCallListener.onClose(PartialForwardingClientCallListener.java:39)
	at org.apache.ratis.thirdparty.io.grpc.ForwardingClientCallListener.onClose(ForwardingClientCallListener.java:23)
	at org.apache.ratis.thirdparty.io.grpc.ForwardingClientCallListener$SimpleForwardingClientCallListener.onClose(ForwardingClientCallListener.java:40)
	at org.apache.ratis.thirdparty.io.grpc.internal.CensusStatsModule$StatsClientInterceptor$1$1.onClose(CensusStatsModule.java:678)
	at org.apache.ratis.thirdparty.io.grpc.PartialForwardingClientCallListener.onClose(PartialForwardingClientCallListener.java:39)
	at org.apache.ratis.thirdparty.io.grpc.ForwardingClientCallListener.onClose(ForwardingClientCallListener.java:23)
	at org.apache.ratis.thirdparty.io.grpc.ForwardingClientCallListener$SimpleForwardingClientCallListener.onClose(ForwardingClientCallListener.java:40)
	at org.apache.ratis.thirdparty.io.grpc.internal.CensusTracingModule$TracingClientInterceptor$1$1.onClose(CensusTracingModule.java:397)
	at org.apache.ratis.thirdparty.io.grpc.internal.ClientCallImpl.closeObserver(ClientCallImpl.java:459)
	at org.apache.ratis.thirdparty.io.grpc.internal.ClientCallImpl.access$300(ClientCallImpl.java:63)
	at org.apache.ratis.thirdparty.io.grpc.internal.ClientCallImpl$ClientStreamListenerImpl.close(ClientCallImpl.java:546)
	at org.apache.ratis.thirdparty.io.grpc.internal.ClientCallImpl$ClientStreamListenerImpl.access$600(ClientCallImpl.java:467)
	at org.apache.ratis.thirdparty.io.grpc.internal.ClientCallImpl$ClientStreamListenerImpl$1MessagesAvailable.runInContext(ClientCallImpl.java:531)
	at org.apache.ratis.thirdparty.io.grpc.internal.ContextRunnable.run(ContextRunnable.java:37)
	at org.apache.ratis.thirdparty.io.grpc.internal.SerializingExecutor.run(SerializingExecutor.java:123)
	at java.util.concurrent.ThreadPoolExecutor.runWorker(ThreadPoolExecutor.java:1149)
	at java.util.concurrent.ThreadPoolExecutor$Worker.run(ThreadPoolExecutor.java:624)
	at java.lang.Thread.run(Thread.java:748)

Oct 21, 2019 9:56:47 PM org.apache.ratis.thirdparty.io.grpc.internal.SerializingExecutor run
SEVERE: Exception while executing runnable org.apache.ratis.thirdparty.io.grpc.internal.ClientCallImpl$ClientStreamListenerImpl$1StreamClosed@3110ccb0
java.lang.NullPointerException
	at org.apache.ratis.grpc.server.GrpcLogAppender$AppendLogResponseHandler.onError(GrpcLogAppender.java:303)
	at org.apache.ratis.thirdparty.io.grpc.stub.ClientCalls$StreamObserverToCallListenerAdapter.onClose(ClientCalls.java:434)
	at org.apache.ratis.thirdparty.io.grpc.PartialForwardingClientCallListener.onClose(PartialForwardingClientCallListener.java:39)
	at org.apache.ratis.thirdparty.io.grpc.ForwardingClientCallListener.onClose(ForwardingClientCallListener.java:23)
	at org.apache.ratis.thirdparty.io.grpc.ForwardingClientCallListener$SimpleForwardingClientCallListener.onClose(ForwardingClientCallListener.java:40)
	at org.apache.ratis.thirdparty.io.grpc.internal.CensusStatsModule$StatsClientInterceptor$1$1.onClose(CensusStatsModule.java:678)
	at org.apache.ratis.thirdparty.io.grpc.PartialForwardingClientCallListener.onClose(PartialForwardingClientCallListener.java:39)
	at org.apache.ratis.thirdparty.io.grpc.ForwardingClientCallListener.onClose(ForwardingClientCallListener.java:23)
	at org.apache.ratis.thirdparty.io.grpc.ForwardingClientCallListener$SimpleForwardingClientCallListener.onClose(ForwardingClientCallListener.java:40)
	at org.apache.ratis.thirdparty.io.grpc.internal.CensusTracingModule$TracingClientInterceptor$1$1.onClose(CensusTracingModule.java:397)
	at org.apache.ratis.thirdparty.io.grpc.internal.ClientCallImpl.closeObserver(ClientCallImpl.java:459)
	at org.apache.ratis.thirdparty.io.grpc.internal.ClientCallImpl.access$300(ClientCallImpl.java:63)
	at org.apache.ratis.thirdparty.io.grpc.internal.ClientCallImpl$ClientStreamListenerImpl.close(ClientCallImpl.java:546)
	at org.apache.ratis.thirdparty.io.grpc.internal.ClientCallImpl$ClientStreamListenerImpl.access$600(ClientCallImpl.java:467)
	at org.apache.ratis.thirdparty.io.grpc.internal.ClientCallImpl$ClientStreamListenerImpl$1StreamClosed.runInContext(ClientCallImpl.java:584)
	at org.apache.ratis.thirdparty.io.grpc.internal.ContextRunnable.run(ContextRunnable.java:37)
	at org.apache.ratis.thirdparty.io.grpc.internal.SerializingExecutor.run(SerializingExecutor.java:123)
	at java.util.concurrent.ThreadPoolExecutor.runWorker(ThreadPoolExecutor.java:1149)
	at java.util.concurrent.ThreadPoolExecutor$Worker.run(ThreadPoolExecutor.java:624)
	at java.lang.Thread.run(Thread.java:748)

Oct 21, 2019 9:56:48 PM org.apache.ratis.thirdparty.io.grpc.internal.SerializingExecutor run
SEVERE: Exception while executing runnable org.apache.ratis.thirdparty.io.grpc.internal.ClientCallImpl$ClientStreamListenerImpl$1StreamClosed@68992752
java.lang.NullPointerException
	at org.apache.ratis.grpc.server.GrpcLogAppender$AppendLogResponseHandler.onError(GrpcLogAppender.java:303)
	at org.apache.ratis.thirdparty.io.grpc.stub.ClientCalls$StreamObserverToCallListenerAdapter.onClose(ClientCalls.java:434)
	at org.apache.ratis.thirdparty.io.grpc.PartialForwardingClientCallListener.onClose(PartialForwardingClientCallListener.java:39)
	at org.apache.ratis.thirdparty.io.grpc.ForwardingClientCallListener.onClose(ForwardingClientCallListener.java:23)
	at org.apache.ratis.thirdparty.io.grpc.ForwardingClientCallListener$SimpleForwardingClientCallListener.onClose(ForwardingClientCallListener.java:40)
	at org.apache.ratis.thirdparty.io.grpc.internal.CensusStatsModule$StatsClientInterceptor$1$1.onClose(CensusStatsModule.java:678)
	at org.apache.ratis.thirdparty.io.grpc.PartialForwardingClientCallListener.onClose(PartialForwardingClientCallListener.java:39)
	at org.apache.ratis.thirdparty.io.grpc.ForwardingClientCallListener.onClose(ForwardingClientCallListener.java:23)
	at org.apache.ratis.thirdparty.io.grpc.ForwardingClientCallListener$SimpleForwardingClientCallListener.onClose(ForwardingClientCallListener.java:40)
	at org.apache.ratis.thirdparty.io.grpc.internal.CensusTracingModule$TracingClientInterceptor$1$1.onClose(CensusTracingModule.java:397)
	at org.apache.ratis.thirdparty.io.grpc.internal.ClientCallImpl.closeObserver(ClientCallImpl.java:459)
	at org.apache.ratis.thirdparty.io.grpc.internal.ClientCallImpl.access$300(ClientCallImpl.java:63)
	at org.apache.ratis.thirdparty.io.grpc.internal.ClientCallImpl$ClientStreamListenerImpl.close(ClientCallImpl.java:546)
	at org.apache.ratis.thirdparty.io.grpc.internal.ClientCallImpl$ClientStreamListenerImpl.access$600(ClientCallImpl.java:467)
	at org.apache.ratis.thirdparty.io.grpc.internal.ClientCallImpl$ClientStreamListenerImpl$1StreamClosed.runInContext(ClientCallImpl.java:584)
	at org.apache.ratis.thirdparty.io.grpc.internal.ContextRunnable.run(ContextRunnable.java:37)
	at org.apache.ratis.thirdparty.io.grpc.internal.SerializingExecutor.run(SerializingExecutor.java:123)
	at java.util.concurrent.ThreadPoolExecutor.runWorker(ThreadPoolExecutor.java:1149)
	at java.util.concurrent.ThreadPoolExecutor$Worker.run(ThreadPoolExecutor.java:624)
	at java.lang.Thread.run(Thread.java:748)

Oct 21, 2019 9:56:51 PM org.apache.ratis.thirdparty.io.grpc.internal.SerializingExecutor run
SEVERE: Exception while executing runnable org.apache.ratis.thirdparty.io.grpc.internal.ServerImpl$JumpToApplicationThreadServerStreamListener$1Closed@211ae9fd
org.apache.ratis.thirdparty.io.grpc.StatusRuntimeException: CANCELLED: call already cancelled
	at org.apache.ratis.thirdparty.io.grpc.Status.asRuntimeException(Status.java:517)
	at org.apache.ratis.thirdparty.io.grpc.stub.ServerCalls$ServerCallStreamObserverImpl.onCompleted(ServerCalls.java:356)
	at org.apache.ratis.grpc.server.GrpcServerProtocolService$ServerRequestStreamObserver.onError(GrpcServerProtocolService.java:121)
	at org.apache.ratis.thirdparty.io.grpc.stub.ServerCalls$StreamingServerCallHandler$StreamingServerCallListener.onCancel(ServerCalls.java:269)
	at org.apache.ratis.thirdparty.io.grpc.internal.ServerCallImpl$ServerStreamListenerImpl.closed(ServerCallImpl.java:293)
	at org.apache.ratis.thirdparty.io.grpc.internal.ServerImpl$JumpToApplicationThreadServerStreamListener$1Closed.runInContext(ServerImpl.java:741)
	at org.apache.ratis.thirdparty.io.grpc.internal.ContextRunnable.run(ContextRunnable.java:37)
	at org.apache.ratis.thirdparty.io.grpc.internal.SerializingExecutor.run(SerializingExecutor.java:123)
	at java.util.concurrent.ThreadPoolExecutor.runWorker(ThreadPoolExecutor.java:1149)
	at java.util.concurrent.ThreadPoolExecutor$Worker.run(ThreadPoolExecutor.java:624)
	at java.lang.Thread.run(Thread.java:748)

Oct 21, 2019 9:56:51 PM org.apache.ratis.thirdparty.io.grpc.internal.SerializingExecutor run
SEVERE: Exception while executing runnable org.apache.ratis.thirdparty.io.grpc.internal.ClientCallImpl$ClientStreamListenerImpl$1StreamClosed@38a5cc8e
java.lang.NullPointerException
	at org.apache.ratis.grpc.server.GrpcLogAppender$AppendLogResponseHandler.onError(GrpcLogAppender.java:303)
	at org.apache.ratis.thirdparty.io.grpc.stub.ClientCalls$StreamObserverToCallListenerAdapter.onClose(ClientCalls.java:434)
	at org.apache.ratis.thirdparty.io.grpc.PartialForwardingClientCallListener.onClose(PartialForwardingClientCallListener.java:39)
	at org.apache.ratis.thirdparty.io.grpc.ForwardingClientCallListener.onClose(ForwardingClientCallListener.java:23)
	at org.apache.ratis.thirdparty.io.grpc.ForwardingClientCallListener$SimpleForwardingClientCallListener.onClose(ForwardingClientCallListener.java:40)
	at org.apache.ratis.thirdparty.io.grpc.internal.CensusStatsModule$StatsClientInterceptor$1$1.onClose(CensusStatsModule.java:678)
	at org.apache.ratis.thirdparty.io.grpc.PartialForwardingClientCallListener.onClose(PartialForwardingClientCallListener.java:39)
	at org.apache.ratis.thirdparty.io.grpc.ForwardingClientCallListener.onClose(ForwardingClientCallListener.java:23)
	at org.apache.ratis.thirdparty.io.grpc.ForwardingClientCallListener$SimpleForwardingClientCallListener.onClose(ForwardingClientCallListener.java:40)
	at org.apache.ratis.thirdparty.io.grpc.internal.CensusTracingModule$TracingClientInterceptor$1$1.onClose(CensusTracingModule.java:397)
	at org.apache.ratis.thirdparty.io.grpc.internal.ClientCallImpl.closeObserver(ClientCallImpl.java:459)
	at org.apache.ratis.thirdparty.io.grpc.internal.ClientCallImpl.access$300(ClientCallImpl.java:63)
	at org.apache.ratis.thirdparty.io.grpc.internal.ClientCallImpl$ClientStreamListenerImpl.close(ClientCallImpl.java:546)
	at org.apache.ratis.thirdparty.io.grpc.internal.ClientCallImpl$ClientStreamListenerImpl.access$600(ClientCallImpl.java:467)
	at org.apache.ratis.thirdparty.io.grpc.internal.ClientCallImpl$ClientStreamListenerImpl$1StreamClosed.runInContext(ClientCallImpl.java:584)
	at org.apache.ratis.thirdparty.io.grpc.internal.ContextRunnable.run(ContextRunnable.java:37)
	at org.apache.ratis.thirdparty.io.grpc.internal.SerializingExecutor.run(SerializingExecutor.java:123)
	at java.util.concurrent.ThreadPoolExecutor.runWorker(ThreadPoolExecutor.java:1149)
	at java.util.concurrent.ThreadPoolExecutor$Worker.run(ThreadPoolExecutor.java:624)
	at java.lang.Thread.run(Thread.java:748)

Oct 21, 2019 9:56:51 PM org.apache.ratis.thirdparty.io.grpc.internal.SerializingExecutor run
SEVERE: Exception while executing runnable org.apache.ratis.thirdparty.io.grpc.internal.ServerImpl$JumpToApplicationThreadServerStreamListener$1Closed@6f0f96f2
org.apache.ratis.thirdparty.io.grpc.StatusRuntimeException: CANCELLED: call already cancelled
	at org.apache.ratis.thirdparty.io.grpc.Status.asRuntimeException(Status.java:517)
	at org.apache.ratis.thirdparty.io.grpc.stub.ServerCalls$ServerCallStreamObserverImpl.onCompleted(ServerCalls.java:356)
	at org.apache.ratis.grpc.server.GrpcServerProtocolService$ServerRequestStreamObserver.onError(GrpcServerProtocolService.java:121)
	at org.apache.ratis.thirdparty.io.grpc.stub.ServerCalls$StreamingServerCallHandler$StreamingServerCallListener.onCancel(ServerCalls.java:269)
	at org.apache.ratis.thirdparty.io.grpc.internal.ServerCallImpl$ServerStreamListenerImpl.closed(ServerCallImpl.java:293)
	at org.apache.ratis.thirdparty.io.grpc.internal.ServerImpl$JumpToApplicationThreadServerStreamListener$1Closed.runInContext(ServerImpl.java:741)
	at org.apache.ratis.thirdparty.io.grpc.internal.ContextRunnable.run(ContextRunnable.java:37)
	at org.apache.ratis.thirdparty.io.grpc.internal.SerializingExecutor.run(SerializingExecutor.java:123)
	at java.util.concurrent.ThreadPoolExecutor.runWorker(ThreadPoolExecutor.java:1149)
	at java.util.concurrent.ThreadPoolExecutor$Worker.run(ThreadPoolExecutor.java:624)
	at java.lang.Thread.run(Thread.java:748)

Oct 21, 2019 9:56:51 PM org.apache.ratis.thirdparty.io.grpc.internal.SerializingExecutor run
SEVERE: Exception while executing runnable org.apache.ratis.thirdparty.io.grpc.internal.ClientCallImpl$ClientStreamListenerImpl$1StreamClosed@6d11b727
java.lang.NullPointerException
	at org.apache.ratis.grpc.server.GrpcLogAppender$AppendLogResponseHandler.onError(GrpcLogAppender.java:303)
	at org.apache.ratis.thirdparty.io.grpc.stub.ClientCalls$StreamObserverToCallListenerAdapter.onClose(ClientCalls.java:434)
	at org.apache.ratis.thirdparty.io.grpc.PartialForwardingClientCallListener.onClose(PartialForwardingClientCallListener.java:39)
	at org.apache.ratis.thirdparty.io.grpc.ForwardingClientCallListener.onClose(ForwardingClientCallListener.java:23)
	at org.apache.ratis.thirdparty.io.grpc.ForwardingClientCallListener$SimpleForwardingClientCallListener.onClose(ForwardingClientCallListener.java:40)
	at org.apache.ratis.thirdparty.io.grpc.internal.CensusStatsModule$StatsClientInterceptor$1$1.onClose(CensusStatsModule.java:678)
	at org.apache.ratis.thirdparty.io.grpc.PartialForwardingClientCallListener.onClose(PartialForwardingClientCallListener.java:39)
	at org.apache.ratis.thirdparty.io.grpc.ForwardingClientCallListener.onClose(ForwardingClientCallListener.java:23)
	at org.apache.ratis.thirdparty.io.grpc.ForwardingClientCallListener$SimpleForwardingClientCallListener.onClose(ForwardingClientCallListener.java:40)
	at org.apache.ratis.thirdparty.io.grpc.internal.CensusTracingModule$TracingClientInterceptor$1$1.onClose(CensusTracingModule.java:397)
	at org.apache.ratis.thirdparty.io.grpc.internal.ClientCallImpl.closeObserver(ClientCallImpl.java:459)
	at org.apache.ratis.thirdparty.io.grpc.internal.ClientCallImpl.access$300(ClientCallImpl.java:63)
	at org.apache.ratis.thirdparty.io.grpc.internal.ClientCallImpl$ClientStreamListenerImpl.close(ClientCallImpl.java:546)
	at org.apache.ratis.thirdparty.io.grpc.internal.ClientCallImpl$ClientStreamListenerImpl.access$600(ClientCallImpl.java:467)
	at org.apache.ratis.thirdparty.io.grpc.internal.ClientCallImpl$ClientStreamListenerImpl$1StreamClosed.runInContext(ClientCallImpl.java:584)
	at org.apache.ratis.thirdparty.io.grpc.internal.ContextRunnable.run(ContextRunnable.java:37)
	at org.apache.ratis.thirdparty.io.grpc.internal.SerializingExecutor.run(SerializingExecutor.java:123)
	at java.util.concurrent.ThreadPoolExecutor.runWorker(ThreadPoolExecutor.java:1149)
	at java.util.concurrent.ThreadPoolExecutor$Worker.run(ThreadPoolExecutor.java:624)
	at java.lang.Thread.run(Thread.java:748)

Oct 21, 2019 9:56:56 PM org.apache.ratis.thirdparty.io.grpc.internal.SerializingExecutor run
SEVERE: Exception while executing runnable org.apache.ratis.thirdparty.io.grpc.internal.ClientCallImpl$ClientStreamListenerImpl$1StreamClosed@209b242f
java.lang.NullPointerException
	at org.apache.ratis.grpc.server.GrpcLogAppender$AppendLogResponseHandler.onError(GrpcLogAppender.java:303)
	at org.apache.ratis.thirdparty.io.grpc.stub.ClientCalls$StreamObserverToCallListenerAdapter.onClose(ClientCalls.java:434)
	at org.apache.ratis.thirdparty.io.grpc.PartialForwardingClientCallListener.onClose(PartialForwardingClientCallListener.java:39)
	at org.apache.ratis.thirdparty.io.grpc.ForwardingClientCallListener.onClose(ForwardingClientCallListener.java:23)
	at org.apache.ratis.thirdparty.io.grpc.ForwardingClientCallListener$SimpleForwardingClientCallListener.onClose(ForwardingClientCallListener.java:40)
	at org.apache.ratis.thirdparty.io.grpc.internal.CensusStatsModule$StatsClientInterceptor$1$1.onClose(CensusStatsModule.java:678)
	at org.apache.ratis.thirdparty.io.grpc.PartialForwardingClientCallListener.onClose(PartialForwardingClientCallListener.java:39)
	at org.apache.ratis.thirdparty.io.grpc.ForwardingClientCallListener.onClose(ForwardingClientCallListener.java:23)
	at org.apache.ratis.thirdparty.io.grpc.ForwardingClientCallListener$SimpleForwardingClientCallListener.onClose(ForwardingClientCallListener.java:40)
	at org.apache.ratis.thirdparty.io.grpc.internal.CensusTracingModule$TracingClientInterceptor$1$1.onClose(CensusTracingModule.java:397)
	at org.apache.ratis.thirdparty.io.grpc.internal.ClientCallImpl.closeObserver(ClientCallImpl.java:459)
	at org.apache.ratis.thirdparty.io.grpc.internal.ClientCallImpl.access$300(ClientCallImpl.java:63)
	at org.apache.ratis.thirdparty.io.grpc.internal.ClientCallImpl$ClientStreamListenerImpl.close(ClientCallImpl.java:546)
	at org.apache.ratis.thirdparty.io.grpc.internal.ClientCallImpl$ClientStreamListenerImpl.access$600(ClientCallImpl.java:467)
	at org.apache.ratis.thirdparty.io.grpc.internal.ClientCallImpl$ClientStreamListenerImpl$1StreamClosed.runInContext(ClientCallImpl.java:584)
	at org.apache.ratis.thirdparty.io.grpc.internal.ContextRunnable.run(ContextRunnable.java:37)
	at org.apache.ratis.thirdparty.io.grpc.internal.SerializingExecutor.run(SerializingExecutor.java:123)
	at java.util.concurrent.ThreadPoolExecutor.runWorker(ThreadPoolExecutor.java:1149)
	at java.util.concurrent.ThreadPoolExecutor$Worker.run(ThreadPoolExecutor.java:624)
	at java.lang.Thread.run(Thread.java:748)

Oct 21, 2019 9:56:56 PM org.apache.ratis.thirdparty.io.grpc.internal.SerializingExecutor run
SEVERE: Exception while executing runnable org.apache.ratis.thirdparty.io.grpc.internal.ServerImpl$JumpToApplicationThreadServerStreamListener$1Closed@5aaec0ec
org.apache.ratis.thirdparty.io.grpc.StatusRuntimeException: CANCELLED: call already cancelled
	at org.apache.ratis.thirdparty.io.grpc.Status.asRuntimeException(Status.java:517)
	at org.apache.ratis.thirdparty.io.grpc.stub.ServerCalls$ServerCallStreamObserverImpl.onCompleted(ServerCalls.java:356)
	at org.apache.ratis.grpc.server.GrpcServerProtocolService$ServerRequestStreamObserver.onError(GrpcServerProtocolService.java:121)
	at org.apache.ratis.thirdparty.io.grpc.stub.ServerCalls$StreamingServerCallHandler$StreamingServerCallListener.onCancel(ServerCalls.java:269)
	at org.apache.ratis.thirdparty.io.grpc.internal.ServerCallImpl$ServerStreamListenerImpl.closed(ServerCallImpl.java:293)
	at org.apache.ratis.thirdparty.io.grpc.internal.ServerImpl$JumpToApplicationThreadServerStreamListener$1Closed.runInContext(ServerImpl.java:741)
	at org.apache.ratis.thirdparty.io.grpc.internal.ContextRunnable.run(ContextRunnable.java:37)
	at org.apache.ratis.thirdparty.io.grpc.internal.SerializingExecutor.run(SerializingExecutor.java:123)
	at java.util.concurrent.ThreadPoolExecutor.runWorker(ThreadPoolExecutor.java:1149)
	at java.util.concurrent.ThreadPoolExecutor$Worker.run(ThreadPoolExecutor.java:624)
	at java.lang.Thread.run(Thread.java:748)

]]></system-err>
  </testcase>
  <testcase name="testWriteSmallFile" classname="org.apache.hadoop.ozone.client.rpc.TestFailureHandlingByClient" time="71.282"/>
  <testcase name="testBlockWritesWithDnFailures" classname="org.apache.hadoop.ozone.client.rpc.TestFailureHandlingByClient" time="74.69"/>
  <testcase name="testDatanodeExclusionWithMajorityCommit" classname="org.apache.hadoop.ozone.client.rpc.TestFailureHandlingByClient" time="60.325"/>
</testsuite>