<?xml version="1.0" encoding="UTF-8"?>
<testsuite xmlns:xsi="http://www.w3.org/2001/XMLSchema-instance" xsi:noNamespaceSchemaLocation="https://maven.apache.org/surefire/maven-surefire-plugin/xsd/surefire-test-report.xsd" name="org.apache.hadoop.ozone.client.rpc.TestDeleteWithSlowFollower" time="133.059" tests="1" errors="0" skipped="0" failures="1">
  <properties>
    <property name="awt.toolkit" value="sun.awt.X11.XToolkit"/>
    <property name="file.encoding.pkg" value="sun.io"/>
    <property name="java.specification.version" value="1.8"/>
    <property name="sun.cpu.isalist" value=""/>
    <property name="sun.jnu.encoding" value="ANSI_X3.4-1968"/>
    <property name="java.class.path" value="/workdir/hadoop-ozone/integration-test/target/test-classes:/workdir/hadoop-ozone/integration-test/target/classes:/home/user/.m2/repository/org/apache/hadoop/hadoop-ozone-common/0.5.0-SNAPSHOT/hadoop-ozone-common-0.5.0-SNAPSHOT.jar:/home/user/.m2/repository/org/apache/commons/commons-compress/1.4.1/commons-compress-1.4.1.jar:/home/user/.m2/repository/org/tukaani/xz/1.0/xz-1.0.jar:/home/user/.m2/repository/org/apache/hadoop/hadoop-common/3.2.0/hadoop-common-3.2.0.jar:/home/user/.m2/repository/org/apache/hadoop/hadoop-hdfs/3.2.0/hadoop-hdfs-3.2.0.jar:/home/user/.m2/repository/org/apache/hadoop/hadoop-hdfs-client/3.2.0/hadoop-hdfs-client-3.2.0.jar:/home/user/.m2/repository/com/fasterxml/jackson/core/jackson-annotations/2.9.9/jackson-annotations-2.9.9.jar:/home/user/.m2/repository/org/apache/hadoop/hadoop-hdds-common/0.5.0-SNAPSHOT/hadoop-hdds-common-0.5.0-SNAPSHOT.jar:/home/user/.m2/repository/javax/annotation/javax.annotation-api/1.2/javax.annotation-api-1.2.jar:/home/user/.m2/repository/org/apache/ratis/ratis-server/0.5.0-3f446aa-SNAPSHOT/ratis-server-0.5.0-3f446aa-SNAPSHOT.jar:/home/user/.m2/repository/org/apache/ratis/ratis-thirdparty-misc/0.2.0/ratis-thirdparty-misc-0.2.0.jar:/home/user/.m2/repository/org/apache/ratis/ratis-proto/0.5.0-3f446aa-SNAPSHOT/ratis-proto-0.5.0-3f446aa-SNAPSHOT.jar:/home/user/.m2/repository/org/apache/ratis/ratis-common/0.5.0-3f446aa-SNAPSHOT/ratis-common-0.5.0-3f446aa-SNAPSHOT.jar:/home/user/.m2/repository/org/apache/ratis/ratis-client/0.5.0-3f446aa-SNAPSHOT/ratis-client-0.5.0-3f446aa-SNAPSHOT.jar:/home/user/.m2/repository/org/apache/ratis/ratis-metrics/0.5.0-3f446aa-SNAPSHOT/ratis-metrics-0.5.0-3f446aa-SNAPSHOT.jar:/home/user/.m2/repository/com/github/joshelser/dropwizard-metrics-hadoop-metrics2-reporter/0.1.2/dropwizard-metrics-hadoop-metrics2-reporter-0.1.2.jar:/home/user/.m2/repository/io/dropwizard/metrics/metrics-jvm/3.2.5/metrics-jvm-3.2.5.jar:/home/user/.m2/repository/io/dropwizard/metrics/metrics-ganglia/3.2.5/metrics-ganglia-3.2.5.jar:/home/user/.m2/repository/info/ganglia/gmetric4j/gmetric4j/1.0.7/gmetric4j-1.0.7.jar:/home/user/.m2/repository/org/apache/ratis/ratis-netty/0.5.0-3f446aa-SNAPSHOT/ratis-netty-0.5.0-3f446aa-SNAPSHOT.jar:/home/user/.m2/repository/org/apache/ratis/ratis-grpc/0.5.0-3f446aa-SNAPSHOT/ratis-grpc-0.5.0-3f446aa-SNAPSHOT.jar:/home/user/.m2/repository/org/rocksdb/rocksdbjni/6.0.1/rocksdbjni-6.0.1.jar:/home/user/.m2/repository/org/apache/logging/log4j/log4j-api/2.11.0/log4j-api-2.11.0.jar:/home/user/.m2/repository/org/apache/logging/log4j/log4j-core/2.11.0/log4j-core-2.11.0.jar:/home/user/.m2/repository/com/lmax/disruptor/3.4.2/disruptor-3.4.2.jar:/home/user/.m2/repository/org/apache/commons/commons-pool2/2.6.0/commons-pool2-2.6.0.jar:/home/user/.m2/repository/org/bouncycastle/bcpkix-jdk15on/1.60/bcpkix-jdk15on-1.60.jar:/home/user/.m2/repository/commons-validator/commons-validator/1.6/commons-validator-1.6.jar:/home/user/.m2/repository/commons-digester/commons-digester/1.8.1/commons-digester-1.8.1.jar:/home/user/.m2/repository/io/jaegertracing/jaeger-client/0.34.0/jaeger-client-0.34.0.jar:/home/user/.m2/repository/io/jaegertracing/jaeger-thrift/0.34.0/jaeger-thrift-0.34.0.jar:/home/user/.m2/repository/org/apache/thrift/libthrift/0.12.0/libthrift-0.12.0.jar:/home/user/.m2/repository/com/squareup/okhttp3/okhttp/3.9.0/okhttp-3.9.0.jar:/home/user/.m2/repository/com/squareup/okio/okio/1.13.0/okio-1.13.0.jar:/home/user/.m2/repository/io/jaegertracing/jaeger-core/0.34.0/jaeger-core-0.34.0.jar:/home/user/.m2/repository/io/jaegertracing/jaeger-tracerresolver/0.34.0/jaeger-tracerresolver-0.34.0.jar:/home/user/.m2/repository/io/opentracing/contrib/opentracing-tracerresolver/0.1.5/opentracing-tracerresolver-0.1.5.jar:/home/user/.m2/repository/io/opentracing/opentracing-util/0.31.0/opentracing-util-0.31.0.jar:/home/user/.m2/repository/io/opentracing/opentracing-api/0.31.0/opentracing-api-0.31.0.jar:/home/user/.m2/repository/io/opentracing/opentracing-noop/0.31.0/opentracing-noop-0.31.0.jar:/home/user/.m2/repository/org/apache/hadoop/hadoop-hdds-server-framework/0.5.0-SNAPSHOT/hadoop-hdds-server-framework-0.5.0-SNAPSHOT.jar:/home/user/.m2/repository/org/apache/hadoop/hadoop-hdds-container-service/0.5.0-SNAPSHOT/hadoop-hdds-container-service-0.5.0-SNAPSHOT.jar:/home/user/.m2/repository/org/apache/hadoop/hadoop-hdds-client/0.5.0-SNAPSHOT/hadoop-hdds-client-0.5.0-SNAPSHOT.jar:/home/user/.m2/repository/org/apache/hadoop/hadoop-hdds-tools/0.5.0-SNAPSHOT/hadoop-hdds-tools-0.5.0-SNAPSHOT.jar:/home/user/.m2/repository/org/apache/hadoop/hadoop-hdds-server-scm/0.5.0-SNAPSHOT/hadoop-hdds-server-scm-0.5.0-SNAPSHOT.jar:/home/user/.m2/repository/org/apache/hadoop/hadoop-hdds-docs/0.5.0-SNAPSHOT/hadoop-hdds-docs-0.5.0-SNAPSHOT.jar:/home/user/.m2/repository/io/dropwizard/metrics/metrics-core/3.2.4/metrics-core-3.2.4.jar:/home/user/.m2/repository/org/hamcrest/hamcrest-all/1.3/hamcrest-all-1.3.jar:/home/user/.m2/repository/org/bouncycastle/bcprov-jdk15on/1.60/bcprov-jdk15on-1.60.jar:/home/user/.m2/repository/info/picocli/picocli/3.9.6/picocli-3.9.6.jar:/home/user/.m2/repository/com/google/protobuf/protobuf-java/2.5.0/protobuf-java-2.5.0.jar:/home/user/.m2/repository/com/google/guava/guava/11.0.2/guava-11.0.2.jar:/home/user/.m2/repository/org/apache/hadoop/hadoop-ozone-ozone-manager/0.5.0-SNAPSHOT/hadoop-ozone-ozone-manager-0.5.0-SNAPSHOT.jar:/home/user/.m2/repository/org/apache/hadoop/hadoop-minikdc/3.2.0/hadoop-minikdc-3.2.0.jar:/home/user/.m2/repository/commons-io/commons-io/2.5/commons-io-2.5.jar:/home/user/.m2/repository/org/apache/kerby/kerb-simplekdc/1.0.1/kerb-simplekdc-1.0.1.jar:/home/user/.m2/repository/org/apache/kerby/kerb-client/1.0.1/kerb-client-1.0.1.jar:/home/user/.m2/repository/org/apache/kerby/kerby-config/1.0.1/kerby-config-1.0.1.jar:/home/user/.m2/repository/org/apache/kerby/kerb-core/1.0.1/kerb-core-1.0.1.jar:/home/user/.m2/repository/org/apache/kerby/kerby-pkix/1.0.1/kerby-pkix-1.0.1.jar:/home/user/.m2/repository/org/apache/kerby/kerby-asn1/1.0.1/kerby-asn1-1.0.1.jar:/home/user/.m2/repository/org/apache/kerby/kerby-util/1.0.1/kerby-util-1.0.1.jar:/home/user/.m2/repository/org/apache/kerby/kerb-common/1.0.1/kerb-common-1.0.1.jar:/home/user/.m2/repository/org/apache/kerby/kerb-crypto/1.0.1/kerb-crypto-1.0.1.jar:/home/user/.m2/repository/org/apache/kerby/kerb-util/1.0.1/kerb-util-1.0.1.jar:/home/user/.m2/repository/org/apache/kerby/token-provider/1.0.1/token-provider-1.0.1.jar:/home/user/.m2/repository/org/apache/kerby/kerb-admin/1.0.1/kerb-admin-1.0.1.jar:/home/user/.m2/repository/org/apache/kerby/kerb-server/1.0.1/kerb-server-1.0.1.jar:/home/user/.m2/repository/org/apache/kerby/kerb-identity/1.0.1/kerb-identity-1.0.1.jar:/home/user/.m2/repository/org/apache/kerby/kerby-xdr/1.0.1/kerby-xdr-1.0.1.jar:/home/user/.m2/repository/org/slf4j/slf4j-log4j12/1.7.25/slf4j-log4j12-1.7.25.jar:/home/user/.m2/repository/org/apache/hadoop/hadoop-ozone-s3gateway/0.5.0-SNAPSHOT/hadoop-ozone-s3gateway-0.5.0-SNAPSHOT.jar:/home/user/.m2/repository/org/jboss/weld/servlet/weld-servlet/2.4.7.Final/weld-servlet-2.4.7.Final.jar:/home/user/.m2/repository/org/glassfish/jersey/containers/jersey-container-servlet-core/2.27/jersey-container-servlet-core-2.27.jar:/home/user/.m2/repository/org/glassfish/hk2/external/javax.inject/2.5.0-b42/javax.inject-2.5.0-b42.jar:/home/user/.m2/repository/org/glassfish/jersey/core/jersey-common/2.27/jersey-common-2.27.jar:/home/user/.m2/repository/org/glassfish/hk2/osgi-resource-locator/1.0.1/osgi-resource-locator-1.0.1.jar:/home/user/.m2/repository/javax/ws/rs/javax.ws.rs-api/2.1/javax.ws.rs-api-2.1.jar:/home/user/.m2/repository/org/glassfish/jersey/ext/cdi/jersey-cdi1x/2.27/jersey-cdi1x-2.27.jar:/home/user/.m2/repository/org/glassfish/jersey/inject/jersey-hk2/2.27/jersey-hk2-2.27.jar:/home/user/.m2/repository/org/glassfish/hk2/hk2-locator/2.5.0-b42/hk2-locator-2.5.0-b42.jar:/home/user/.m2/repository/org/javassist/javassist/3.22.0-CR2/javassist-3.22.0-CR2.jar:/home/user/.m2/repository/org/glassfish/hk2/hk2-api/2.5.0/hk2-api-2.5.0.jar:/home/user/.m2/repository/org/glassfish/hk2/external/jakarta.inject/2.5.0/jakarta.inject-2.5.0.jar:/home/user/.m2/repository/org/glassfish/hk2/hk2-utils/2.5.0/hk2-utils-2.5.0.jar:/home/user/.m2/repository/jakarta/annotation/jakarta.annotation-api/1.3.4/jakarta.annotation-api-1.3.4.jar:/home/user/.m2/repository/org/glassfish/hk2/external/aopalliance-repackaged/2.5.0/aopalliance-repackaged-2.5.0.jar:/home/user/.m2/repository/com/fasterxml/jackson/dataformat/jackson-dataformat-xml/2.9.0/jackson-dataformat-xml-2.9.0.jar:/home/user/.m2/repository/com/fasterxml/jackson/core/jackson-core/2.9.9/jackson-core-2.9.9.jar:/home/user/.m2/repository/com/fasterxml/jackson/module/jackson-module-jaxb-annotations/2.9.9/jackson-module-jaxb-annotations-2.9.9.jar:/home/user/.m2/repository/javax/enterprise/cdi-api/1.2/cdi-api-1.2.jar:/home/user/.m2/repository/javax/el/javax.el-api/3.0.0/javax.el-api-3.0.0.jar:/home/user/.m2/repository/javax/interceptor/javax.interceptor-api/1.2/javax.interceptor-api-1.2.jar:/home/user/.m2/repository/javax/inject/javax.inject/1/javax.inject-1.jar:/home/user/.m2/repository/com/sun/xml/bind/jaxb-impl/2.3.0.1/jaxb-impl-2.3.0.1.jar:/home/user/.m2/repository/com/sun/xml/bind/jaxb-core/2.3.0.1/jaxb-core-2.3.0.1.jar:/home/user/.m2/repository/javax/xml/bind/jaxb-api/2.3.0/jaxb-api-2.3.0.jar:/home/user/.m2/repository/javax/activation/activation/1.1.1/activation-1.1.1.jar:/home/user/.m2/repository/org/apache/hadoop/hadoop-ozone-csi/0.5.0-SNAPSHOT/hadoop-ozone-csi-0.5.0-SNAPSHOT.jar:/home/user/.m2/repository/com/google/protobuf/protobuf-java-util/3.5.1/protobuf-java-util-3.5.1.jar:/home/user/.m2/repository/org/apache/hadoop/hadoop-hdds-config/0.5.0-SNAPSHOT/hadoop-hdds-config-0.5.0-SNAPSHOT.jar:/home/user/.m2/repository/io/grpc/grpc-netty/1.17.1/grpc-netty-1.17.1.jar:/home/user/.m2/repository/io/grpc/grpc-core/1.17.1/grpc-core-1.17.1.jar:/home/user/.m2/repository/io/grpc/grpc-context/1.17.1/grpc-context-1.17.1.jar:/home/user/.m2/repository/com/google/errorprone/error_prone_annotations/2.2.0/error_prone_annotations-2.2.0.jar:/home/user/.m2/repository/org/codehaus/mojo/animal-sniffer-annotations/1.17/animal-sniffer-annotations-1.17.jar:/home/user/.m2/repository/io/opencensus/opencensus-api/0.17.0/opencensus-api-0.17.0.jar:/home/user/.m2/repository/io/opencensus/opencensus-contrib-grpc-metrics/0.17.0/opencensus-contrib-grpc-metrics-0.17.0.jar:/home/user/.m2/repository/io/netty/netty-codec-http2/4.1.30.Final/netty-codec-http2-4.1.30.Final.jar:/home/user/.m2/repository/io/netty/netty-codec-http/4.1.30.Final/netty-codec-http-4.1.30.Final.jar:/home/user/.m2/repository/io/netty/netty-codec/4.1.30.Final/netty-codec-4.1.30.Final.jar:/home/user/.m2/repository/io/netty/netty-handler/4.1.30.Final/netty-handler-4.1.30.Final.jar:/home/user/.m2/repository/io/netty/netty-handler-proxy/4.1.30.Final/netty-handler-proxy-4.1.30.Final.jar:/home/user/.m2/repository/io/netty/netty-codec-socks/4.1.30.Final/netty-codec-socks-4.1.30.Final.jar:/home/user/.m2/repository/io/netty/netty-transport-native-epoll/4.1.30.Final/netty-transport-native-epoll-4.1.30.Final.jar:/home/user/.m2/repository/io/netty/netty-common/4.1.30.Final/netty-common-4.1.30.Final.jar:/home/user/.m2/repository/io/netty/netty-buffer/4.1.30.Final/netty-buffer-4.1.30.Final.jar:/home/user/.m2/repository/io/netty/netty-transport/4.1.30.Final/netty-transport-4.1.30.Final.jar:/home/user/.m2/repository/io/netty/netty-resolver/4.1.30.Final/netty-resolver-4.1.30.Final.jar:/home/user/.m2/repository/io/netty/netty-transport-native-unix-common/4.1.30.Final/netty-transport-native-unix-common-4.1.30.Final.jar:/home/user/.m2/repository/io/grpc/grpc-protobuf/1.17.1/grpc-protobuf-1.17.1.jar:/home/user/.m2/repository/com/google/api/grpc/proto-google-common-protos/1.0.0/proto-google-common-protos-1.0.0.jar:/home/user/.m2/repository/io/grpc/grpc-protobuf-lite/1.17.1/grpc-protobuf-lite-1.17.1.jar:/home/user/.m2/repository/io/grpc/grpc-stub/1.17.1/grpc-stub-1.17.1.jar:/home/user/.m2/repository/org/apache/hadoop/hadoop-ozone-recon/0.5.0-SNAPSHOT/hadoop-ozone-recon-0.5.0-SNAPSHOT.jar:/home/user/.m2/repository/org/apache/hadoop/hadoop-ozone-reconcodegen/0.5.0-SNAPSHOT/hadoop-ozone-reconcodegen-0.5.0-SNAPSHOT.jar:/home/user/.m2/repository/com/google/inject/extensions/guice-multibindings/4.0/guice-multibindings-4.0.jar:/home/user/.m2/repository/com/google/inject/guice/4.0/guice-4.0.jar:/home/user/.m2/repository/aopalliance/aopalliance/1.0/aopalliance-1.0.jar:/home/user/.m2/repository/com/google/inject/extensions/guice-servlet/4.0/guice-servlet-4.0.jar:/home/user/.m2/repository/org/glassfish/jersey/containers/jersey-container-servlet/2.27/jersey-container-servlet-2.27.jar:/home/user/.m2/repository/org/glassfish/hk2/guice-bridge/2.5.0/guice-bridge-2.5.0.jar:/home/user/.m2/repository/org/glassfish/jersey/core/jersey-server/2.27/jersey-server-2.27.jar:/home/user/.m2/repository/org/glassfish/jersey/core/jersey-client/2.27/jersey-client-2.27.jar:/home/user/.m2/repository/org/glassfish/jersey/media/jersey-media-jaxb/2.27/jersey-media-jaxb-2.27.jar:/home/user/.m2/repository/javax/validation/validation-api/1.1.0.Final/validation-api-1.1.0.Final.jar:/home/user/.m2/repository/org/glassfish/jersey/media/jersey-media-json-jackson/2.27/jersey-media-json-jackson-2.27.jar:/home/user/.m2/repository/org/glassfish/jersey/ext/jersey-entity-filtering/2.27/jersey-entity-filtering-2.27.jar:/home/user/.m2/repository/com/google/inject/extensions/guice-assistedinject/4.0/guice-assistedinject-4.0.jar:/home/user/.m2/repository/org/jooq/jooq/3.11.10/jooq-3.11.10.jar:/home/user/.m2/repository/org/jooq/jooq-meta/3.11.10/jooq-meta-3.11.10.jar:/home/user/.m2/repository/org/jooq/jooq-codegen/3.11.10/jooq-codegen-3.11.10.jar:/home/user/.m2/repository/com/jolbox/bonecp/0.8.0.RELEASE/bonecp-0.8.0.RELEASE.jar:/home/user/.m2/repository/org/xerial/sqlite-jdbc/3.25.2/sqlite-jdbc-3.25.2.jar:/home/user/.m2/repository/org/springframework/spring-jdbc/5.1.3.RELEASE/spring-jdbc-5.1.3.RELEASE.jar:/home/user/.m2/repository/org/springframework/spring-beans/5.1.3.RELEASE/spring-beans-5.1.3.RELEASE.jar:/home/user/.m2/repository/org/springframework/spring-core/5.1.3.RELEASE/spring-core-5.1.3.RELEASE.jar:/home/user/.m2/repository/org/springframework/spring-jcl/5.1.3.RELEASE/spring-jcl-5.1.3.RELEASE.jar:/home/user/.m2/repository/org/springframework/spring-tx/5.1.3.RELEASE/spring-tx-5.1.3.RELEASE.jar:/home/user/.m2/repository/org/apache/hadoop/hadoop-ozone-client/0.5.0-SNAPSHOT/hadoop-ozone-client-0.5.0-SNAPSHOT.jar:/home/user/.m2/repository/commons-lang/commons-lang/2.6/commons-lang-2.6.jar:/home/user/.m2/repository/org/apache/hadoop/hadoop-ozone-ozone-manager/0.5.0-SNAPSHOT/hadoop-ozone-ozone-manager-0.5.0-SNAPSHOT-tests.jar:/home/user/.m2/repository/junit/junit/4.11/junit-4.11.jar:/home/user/.m2/repository/org/hamcrest/hamcrest-core/1.3/hamcrest-core-1.3.jar:/home/user/.m2/repository/org/openjdk/jmh/jmh-core/1.19/jmh-core-1.19.jar:/home/user/.m2/repository/net/sf/jopt-simple/jopt-simple/4.6/jopt-simple-4.6.jar:/home/user/.m2/repository/org/apache/commons/commons-math3/3.1.1/commons-math3-3.1.1.jar:/home/user/.m2/repository/org/openjdk/jmh/jmh-generator-annprocess/1.19/jmh-generator-annprocess-1.19.jar:/home/user/.m2/repository/org/mockito/mockito-all/1.8.5/mockito-all-1.8.5.jar:/home/user/.m2/repository/org/apache/hadoop/hadoop-kms/3.2.0/hadoop-kms-3.2.0.jar:/home/user/.m2/repository/org/apache/hadoop/hadoop-auth/3.2.0/hadoop-auth-3.2.0.jar:/home/user/.m2/repository/com/nimbusds/nimbus-jose-jwt/4.41.1/nimbus-jose-jwt-4.41.1.jar:/home/user/.m2/repository/com/github/stephenc/jcip/jcip-annotations/1.0-1/jcip-annotations-1.0-1.jar:/home/user/.m2/repository/net/minidev/json-smart/2.3/json-smart-2.3.jar:/home/user/.m2/repository/net/minidev/accessors-smart/1.2/accessors-smart-1.2.jar:/home/user/.m2/repository/org/ow2/asm/asm/5.0.4/asm-5.0.4.jar:/home/user/.m2/repository/org/apache/curator/curator-framework/2.12.0/curator-framework-2.12.0.jar:/home/user/.m2/repository/com/sun/jersey/jersey-core/1.19/jersey-core-1.19.jar:/home/user/.m2/repository/javax/ws/rs/jsr311-api/1.1.1/jsr311-api-1.1.1.jar:/home/user/.m2/repository/com/sun/jersey/jersey-server/1.19/jersey-server-1.19.jar:/home/user/.m2/repository/javax/servlet/javax.servlet-api/3.1.0/javax.servlet-api-3.1.0.jar:/home/user/.m2/repository/org/eclipse/jetty/jetty-server/9.3.25.v20180904/jetty-server-9.3.25.v20180904.jar:/home/user/.m2/repository/org/eclipse/jetty/jetty-http/9.3.25.v20180904/jetty-http-9.3.25.v20180904.jar:/home/user/.m2/repository/org/eclipse/jetty/jetty-io/9.3.25.v20180904/jetty-io-9.3.25.v20180904.jar:/home/user/.m2/repository/org/eclipse/jetty/jetty-webapp/9.3.25.v20180904/jetty-webapp-9.3.25.v20180904.jar:/home/user/.m2/repository/org/eclipse/jetty/jetty-xml/9.3.25.v20180904/jetty-xml-9.3.25.v20180904.jar:/home/user/.m2/repository/log4j/log4j/1.2.17/log4j-1.2.17.jar:/home/user/.m2/repository/org/slf4j/slf4j-api/1.7.25/slf4j-api-1.7.25.jar:/home/user/.m2/repository/org/slf4j/jul-to-slf4j/1.7.25/jul-to-slf4j-1.7.25.jar:/home/user/.m2/repository/org/eclipse/jetty/jetty-util/9.3.25.v20180904/jetty-util-9.3.25.v20180904.jar:/home/user/.m2/repository/com/fasterxml/jackson/core/jackson-databind/2.9.9/jackson-databind-2.9.9.jar:/home/user/.m2/repository/org/apache/hadoop/hadoop-kms/3.2.0/hadoop-kms-3.2.0-tests.jar:/home/user/.m2/repository/org/apache/hadoop/hadoop-hdds-server-scm/0.5.0-SNAPSHOT/hadoop-hdds-server-scm-0.5.0-SNAPSHOT-tests.jar:/home/user/.m2/repository/org/apache/hadoop/hadoop-hdds-container-service/0.5.0-SNAPSHOT/hadoop-hdds-container-service-0.5.0-SNAPSHOT-tests.jar:/home/user/.m2/repository/org/yaml/snakeyaml/1.16/snakeyaml-1.16.jar:/home/user/.m2/repository/org/apache/hadoop/hadoop-common/3.2.0/hadoop-common-3.2.0-tests.jar:/home/user/.m2/repository/org/apache/hadoop/hadoop-annotations/3.2.0/hadoop-annotations-3.2.0.jar:/usr/lib/jvm/java-1.8.0-openjdk-1.8.0.222.b10-1.el7_7.x86_64/jre/../lib/tools.jar:/home/user/.m2/repository/commons-cli/commons-cli/1.2/commons-cli-1.2.jar:/home/user/.m2/repository/org/apache/httpcomponents/httpclient/4.5.2/httpclient-4.5.2.jar:/home/user/.m2/repository/org/apache/httpcomponents/httpcore/4.4.4/httpcore-4.4.4.jar:/home/user/.m2/repository/commons-codec/commons-codec/1.11/commons-codec-1.11.jar:/home/user/.m2/repository/commons-net/commons-net/3.6/commons-net-3.6.jar:/home/user/.m2/repository/commons-collections/commons-collections/3.2.2/commons-collections-3.2.2.jar:/home/user/.m2/repository/org/eclipse/jetty/jetty-servlet/9.3.25.v20180904/jetty-servlet-9.3.25.v20180904.jar:/home/user/.m2/repository/org/eclipse/jetty/jetty-security/9.3.25.v20180904/jetty-security-9.3.25.v20180904.jar:/home/user/.m2/repository/javax/servlet/jsp/jsp-api/2.1/jsp-api-2.1.jar:/home/user/.m2/repository/com/sun/jersey/jersey-servlet/1.19/jersey-servlet-1.19.jar:/home/user/.m2/repository/com/sun/jersey/jersey-json/1.19/jersey-json-1.19.jar:/home/user/.m2/repository/org/codehaus/jettison/jettison/1.1/jettison-1.1.jar:/home/user/.m2/repository/org/codehaus/jackson/jackson-core-asl/1.9.13/jackson-core-asl-1.9.13.jar:/home/user/.m2/repository/org/codehaus/jackson/jackson-mapper-asl/1.9.13/jackson-mapper-asl-1.9.13.jar:/home/user/.m2/repository/org/codehaus/jackson/jackson-jaxrs/1.9.13/jackson-jaxrs-1.9.13.jar:/home/user/.m2/repository/org/codehaus/jackson/jackson-xc/1.9.13/jackson-xc-1.9.13.jar:/home/user/.m2/repository/commons-logging/commons-logging/1.1.3/commons-logging-1.1.3.jar:/home/user/.m2/repository/commons-beanutils/commons-beanutils/1.9.4/commons-beanutils-1.9.4.jar:/home/user/.m2/repository/org/apache/commons/commons-configuration2/2.1.1/commons-configuration2-2.1.1.jar:/home/user/.m2/repository/org/apache/commons/commons-lang3/3.7/commons-lang3-3.7.jar:/home/user/.m2/repository/org/apache/commons/commons-text/1.4/commons-text-1.4.jar:/home/user/.m2/repository/org/apache/avro/avro/1.7.7/avro-1.7.7.jar:/home/user/.m2/repository/com/thoughtworks/paranamer/paranamer/2.3/paranamer-2.3.jar:/home/user/.m2/repository/org/xerial/snappy/snappy-java/1.0.5/snappy-java-1.0.5.jar:/home/user/.m2/repository/com/google/re2j/re2j/1.1/re2j-1.1.jar:/home/user/.m2/repository/com/google/code/gson/gson/2.2.4/gson-2.2.4.jar:/home/user/.m2/repository/com/jcraft/jsch/0.1.54/jsch-0.1.54.jar:/home/user/.m2/repository/org/apache/curator/curator-client/2.12.0/curator-client-2.12.0.jar:/home/user/.m2/repository/org/apache/curator/curator-recipes/2.12.0/curator-recipes-2.12.0.jar:/home/user/.m2/repository/com/google/code/findbugs/jsr305/3.0.0/jsr305-3.0.0.jar:/home/user/.m2/repository/org/apache/htrace/htrace-core4/4.1.0-incubating/htrace-core4-4.1.0-incubating.jar:/home/user/.m2/repository/org/apache/zookeeper/zookeeper/3.4.13/zookeeper-3.4.13.jar:/home/user/.m2/repository/jline/jline/0.9.94/jline-0.9.94.jar:/home/user/.m2/repository/org/apache/yetus/audience-annotations/0.5.0/audience-annotations-0.5.0.jar:/home/user/.m2/repository/org/codehaus/woodstox/stax2-api/3.1.4/stax2-api-3.1.4.jar:/home/user/.m2/repository/com/fasterxml/woodstox/woodstox-core/5.0.3/woodstox-core-5.0.3.jar:/home/user/.m2/repository/dnsjava/dnsjava/2.1.7/dnsjava-2.1.7.jar:/home/user/.m2/repository/org/apache/hadoop/hadoop-hdfs/3.2.0/hadoop-hdfs-3.2.0-tests.jar:/home/user/.m2/repository/org/eclipse/jetty/jetty-util-ajax/9.3.25.v20180904/jetty-util-ajax-9.3.25.v20180904.jar:/home/user/.m2/repository/commons-daemon/commons-daemon/1.0.13/commons-daemon-1.0.13.jar:/home/user/.m2/repository/io/netty/netty/3.10.5.Final/netty-3.10.5.Final.jar:/home/user/.m2/repository/io/netty/netty-all/4.0.52.Final/netty-all-4.0.52.Final.jar:/home/user/.m2/repository/org/fusesource/leveldbjni/leveldbjni-all/1.8/leveldbjni-all-1.8.jar:"/>
    <property name="java.vm.vendor" value="Oracle Corporation"/>
    <property name="sun.arch.data.model" value="64"/>
    <property name="test.build.dir" value="/workdir/hadoop-ozone/integration-test/target/test-dir"/>
    <property name="test.cache.data" value=""/>
    <property name="java.vendor.url" value="http://java.oracle.com/"/>
    <property name="user.timezone" value=""/>
    <property name="java.vm.specification.version" value="1.8"/>
    <property name="os.name" value="Linux"/>
    <property name="test.build.data" value="/workdir/hadoop-ozone/integration-test/target/test-dir"/>
    <property name="user.country" value="US"/>
    <property name="sun.java.launcher" value="SUN_STANDARD"/>
    <property name="sun.boot.library.path" value="/usr/lib/jvm/java-1.8.0-openjdk-1.8.0.222.b10-1.el7_7.x86_64/jre/lib/amd64"/>
    <property name="sun.java.command" value="/workdir/hadoop-ozone/integration-test/target/surefire/surefirebooter8209796591147156423.jar /workdir/hadoop-ozone/integration-test/target/surefire 2019-10-21T21-19-31_596-jvmRun1 surefire6249538585709959948tmp surefire_268299514150441780384tmp"/>
    <property name="surefire.test.class.path" value="/workdir/hadoop-ozone/integration-test/target/test-classes:/workdir/hadoop-ozone/integration-test/target/classes:/home/user/.m2/repository/org/apache/hadoop/hadoop-ozone-common/0.5.0-SNAPSHOT/hadoop-ozone-common-0.5.0-SNAPSHOT.jar:/home/user/.m2/repository/org/apache/commons/commons-compress/1.4.1/commons-compress-1.4.1.jar:/home/user/.m2/repository/org/tukaani/xz/1.0/xz-1.0.jar:/home/user/.m2/repository/org/apache/hadoop/hadoop-common/3.2.0/hadoop-common-3.2.0.jar:/home/user/.m2/repository/org/apache/hadoop/hadoop-hdfs/3.2.0/hadoop-hdfs-3.2.0.jar:/home/user/.m2/repository/org/apache/hadoop/hadoop-hdfs-client/3.2.0/hadoop-hdfs-client-3.2.0.jar:/home/user/.m2/repository/com/fasterxml/jackson/core/jackson-annotations/2.9.9/jackson-annotations-2.9.9.jar:/home/user/.m2/repository/org/apache/hadoop/hadoop-hdds-common/0.5.0-SNAPSHOT/hadoop-hdds-common-0.5.0-SNAPSHOT.jar:/home/user/.m2/repository/javax/annotation/javax.annotation-api/1.2/javax.annotation-api-1.2.jar:/home/user/.m2/repository/org/apache/ratis/ratis-server/0.5.0-3f446aa-SNAPSHOT/ratis-server-0.5.0-3f446aa-SNAPSHOT.jar:/home/user/.m2/repository/org/apache/ratis/ratis-thirdparty-misc/0.2.0/ratis-thirdparty-misc-0.2.0.jar:/home/user/.m2/repository/org/apache/ratis/ratis-proto/0.5.0-3f446aa-SNAPSHOT/ratis-proto-0.5.0-3f446aa-SNAPSHOT.jar:/home/user/.m2/repository/org/apache/ratis/ratis-common/0.5.0-3f446aa-SNAPSHOT/ratis-common-0.5.0-3f446aa-SNAPSHOT.jar:/home/user/.m2/repository/org/apache/ratis/ratis-client/0.5.0-3f446aa-SNAPSHOT/ratis-client-0.5.0-3f446aa-SNAPSHOT.jar:/home/user/.m2/repository/org/apache/ratis/ratis-metrics/0.5.0-3f446aa-SNAPSHOT/ratis-metrics-0.5.0-3f446aa-SNAPSHOT.jar:/home/user/.m2/repository/com/github/joshelser/dropwizard-metrics-hadoop-metrics2-reporter/0.1.2/dropwizard-metrics-hadoop-metrics2-reporter-0.1.2.jar:/home/user/.m2/repository/io/dropwizard/metrics/metrics-jvm/3.2.5/metrics-jvm-3.2.5.jar:/home/user/.m2/repository/io/dropwizard/metrics/metrics-ganglia/3.2.5/metrics-ganglia-3.2.5.jar:/home/user/.m2/repository/info/ganglia/gmetric4j/gmetric4j/1.0.7/gmetric4j-1.0.7.jar:/home/user/.m2/repository/org/apache/ratis/ratis-netty/0.5.0-3f446aa-SNAPSHOT/ratis-netty-0.5.0-3f446aa-SNAPSHOT.jar:/home/user/.m2/repository/org/apache/ratis/ratis-grpc/0.5.0-3f446aa-SNAPSHOT/ratis-grpc-0.5.0-3f446aa-SNAPSHOT.jar:/home/user/.m2/repository/org/rocksdb/rocksdbjni/6.0.1/rocksdbjni-6.0.1.jar:/home/user/.m2/repository/org/apache/logging/log4j/log4j-api/2.11.0/log4j-api-2.11.0.jar:/home/user/.m2/repository/org/apache/logging/log4j/log4j-core/2.11.0/log4j-core-2.11.0.jar:/home/user/.m2/repository/com/lmax/disruptor/3.4.2/disruptor-3.4.2.jar:/home/user/.m2/repository/org/apache/commons/commons-pool2/2.6.0/commons-pool2-2.6.0.jar:/home/user/.m2/repository/org/bouncycastle/bcpkix-jdk15on/1.60/bcpkix-jdk15on-1.60.jar:/home/user/.m2/repository/commons-validator/commons-validator/1.6/commons-validator-1.6.jar:/home/user/.m2/repository/commons-digester/commons-digester/1.8.1/commons-digester-1.8.1.jar:/home/user/.m2/repository/io/jaegertracing/jaeger-client/0.34.0/jaeger-client-0.34.0.jar:/home/user/.m2/repository/io/jaegertracing/jaeger-thrift/0.34.0/jaeger-thrift-0.34.0.jar:/home/user/.m2/repository/org/apache/thrift/libthrift/0.12.0/libthrift-0.12.0.jar:/home/user/.m2/repository/com/squareup/okhttp3/okhttp/3.9.0/okhttp-3.9.0.jar:/home/user/.m2/repository/com/squareup/okio/okio/1.13.0/okio-1.13.0.jar:/home/user/.m2/repository/io/jaegertracing/jaeger-core/0.34.0/jaeger-core-0.34.0.jar:/home/user/.m2/repository/io/jaegertracing/jaeger-tracerresolver/0.34.0/jaeger-tracerresolver-0.34.0.jar:/home/user/.m2/repository/io/opentracing/contrib/opentracing-tracerresolver/0.1.5/opentracing-tracerresolver-0.1.5.jar:/home/user/.m2/repository/io/opentracing/opentracing-util/0.31.0/opentracing-util-0.31.0.jar:/home/user/.m2/repository/io/opentracing/opentracing-api/0.31.0/opentracing-api-0.31.0.jar:/home/user/.m2/repository/io/opentracing/opentracing-noop/0.31.0/opentracing-noop-0.31.0.jar:/home/user/.m2/repository/org/apache/hadoop/hadoop-hdds-server-framework/0.5.0-SNAPSHOT/hadoop-hdds-server-framework-0.5.0-SNAPSHOT.jar:/home/user/.m2/repository/org/apache/hadoop/hadoop-hdds-container-service/0.5.0-SNAPSHOT/hadoop-hdds-container-service-0.5.0-SNAPSHOT.jar:/home/user/.m2/repository/org/apache/hadoop/hadoop-hdds-client/0.5.0-SNAPSHOT/hadoop-hdds-client-0.5.0-SNAPSHOT.jar:/home/user/.m2/repository/org/apache/hadoop/hadoop-hdds-tools/0.5.0-SNAPSHOT/hadoop-hdds-tools-0.5.0-SNAPSHOT.jar:/home/user/.m2/repository/org/apache/hadoop/hadoop-hdds-server-scm/0.5.0-SNAPSHOT/hadoop-hdds-server-scm-0.5.0-SNAPSHOT.jar:/home/user/.m2/repository/org/apache/hadoop/hadoop-hdds-docs/0.5.0-SNAPSHOT/hadoop-hdds-docs-0.5.0-SNAPSHOT.jar:/home/user/.m2/repository/io/dropwizard/metrics/metrics-core/3.2.4/metrics-core-3.2.4.jar:/home/user/.m2/repository/org/hamcrest/hamcrest-all/1.3/hamcrest-all-1.3.jar:/home/user/.m2/repository/org/bouncycastle/bcprov-jdk15on/1.60/bcprov-jdk15on-1.60.jar:/home/user/.m2/repository/info/picocli/picocli/3.9.6/picocli-3.9.6.jar:/home/user/.m2/repository/com/google/protobuf/protobuf-java/2.5.0/protobuf-java-2.5.0.jar:/home/user/.m2/repository/com/google/guava/guava/11.0.2/guava-11.0.2.jar:/home/user/.m2/repository/org/apache/hadoop/hadoop-ozone-ozone-manager/0.5.0-SNAPSHOT/hadoop-ozone-ozone-manager-0.5.0-SNAPSHOT.jar:/home/user/.m2/repository/org/apache/hadoop/hadoop-minikdc/3.2.0/hadoop-minikdc-3.2.0.jar:/home/user/.m2/repository/commons-io/commons-io/2.5/commons-io-2.5.jar:/home/user/.m2/repository/org/apache/kerby/kerb-simplekdc/1.0.1/kerb-simplekdc-1.0.1.jar:/home/user/.m2/repository/org/apache/kerby/kerb-client/1.0.1/kerb-client-1.0.1.jar:/home/user/.m2/repository/org/apache/kerby/kerby-config/1.0.1/kerby-config-1.0.1.jar:/home/user/.m2/repository/org/apache/kerby/kerb-core/1.0.1/kerb-core-1.0.1.jar:/home/user/.m2/repository/org/apache/kerby/kerby-pkix/1.0.1/kerby-pkix-1.0.1.jar:/home/user/.m2/repository/org/apache/kerby/kerby-asn1/1.0.1/kerby-asn1-1.0.1.jar:/home/user/.m2/repository/org/apache/kerby/kerby-util/1.0.1/kerby-util-1.0.1.jar:/home/user/.m2/repository/org/apache/kerby/kerb-common/1.0.1/kerb-common-1.0.1.jar:/home/user/.m2/repository/org/apache/kerby/kerb-crypto/1.0.1/kerb-crypto-1.0.1.jar:/home/user/.m2/repository/org/apache/kerby/kerb-util/1.0.1/kerb-util-1.0.1.jar:/home/user/.m2/repository/org/apache/kerby/token-provider/1.0.1/token-provider-1.0.1.jar:/home/user/.m2/repository/org/apache/kerby/kerb-admin/1.0.1/kerb-admin-1.0.1.jar:/home/user/.m2/repository/org/apache/kerby/kerb-server/1.0.1/kerb-server-1.0.1.jar:/home/user/.m2/repository/org/apache/kerby/kerb-identity/1.0.1/kerb-identity-1.0.1.jar:/home/user/.m2/repository/org/apache/kerby/kerby-xdr/1.0.1/kerby-xdr-1.0.1.jar:/home/user/.m2/repository/org/slf4j/slf4j-log4j12/1.7.25/slf4j-log4j12-1.7.25.jar:/home/user/.m2/repository/org/apache/hadoop/hadoop-ozone-s3gateway/0.5.0-SNAPSHOT/hadoop-ozone-s3gateway-0.5.0-SNAPSHOT.jar:/home/user/.m2/repository/org/jboss/weld/servlet/weld-servlet/2.4.7.Final/weld-servlet-2.4.7.Final.jar:/home/user/.m2/repository/org/glassfish/jersey/containers/jersey-container-servlet-core/2.27/jersey-container-servlet-core-2.27.jar:/home/user/.m2/repository/org/glassfish/hk2/external/javax.inject/2.5.0-b42/javax.inject-2.5.0-b42.jar:/home/user/.m2/repository/org/glassfish/jersey/core/jersey-common/2.27/jersey-common-2.27.jar:/home/user/.m2/repository/org/glassfish/hk2/osgi-resource-locator/1.0.1/osgi-resource-locator-1.0.1.jar:/home/user/.m2/repository/javax/ws/rs/javax.ws.rs-api/2.1/javax.ws.rs-api-2.1.jar:/home/user/.m2/repository/org/glassfish/jersey/ext/cdi/jersey-cdi1x/2.27/jersey-cdi1x-2.27.jar:/home/user/.m2/repository/org/glassfish/jersey/inject/jersey-hk2/2.27/jersey-hk2-2.27.jar:/home/user/.m2/repository/org/glassfish/hk2/hk2-locator/2.5.0-b42/hk2-locator-2.5.0-b42.jar:/home/user/.m2/repository/org/javassist/javassist/3.22.0-CR2/javassist-3.22.0-CR2.jar:/home/user/.m2/repository/org/glassfish/hk2/hk2-api/2.5.0/hk2-api-2.5.0.jar:/home/user/.m2/repository/org/glassfish/hk2/external/jakarta.inject/2.5.0/jakarta.inject-2.5.0.jar:/home/user/.m2/repository/org/glassfish/hk2/hk2-utils/2.5.0/hk2-utils-2.5.0.jar:/home/user/.m2/repository/jakarta/annotation/jakarta.annotation-api/1.3.4/jakarta.annotation-api-1.3.4.jar:/home/user/.m2/repository/org/glassfish/hk2/external/aopalliance-repackaged/2.5.0/aopalliance-repackaged-2.5.0.jar:/home/user/.m2/repository/com/fasterxml/jackson/dataformat/jackson-dataformat-xml/2.9.0/jackson-dataformat-xml-2.9.0.jar:/home/user/.m2/repository/com/fasterxml/jackson/core/jackson-core/2.9.9/jackson-core-2.9.9.jar:/home/user/.m2/repository/com/fasterxml/jackson/module/jackson-module-jaxb-annotations/2.9.9/jackson-module-jaxb-annotations-2.9.9.jar:/home/user/.m2/repository/javax/enterprise/cdi-api/1.2/cdi-api-1.2.jar:/home/user/.m2/repository/javax/el/javax.el-api/3.0.0/javax.el-api-3.0.0.jar:/home/user/.m2/repository/javax/interceptor/javax.interceptor-api/1.2/javax.interceptor-api-1.2.jar:/home/user/.m2/repository/javax/inject/javax.inject/1/javax.inject-1.jar:/home/user/.m2/repository/com/sun/xml/bind/jaxb-impl/2.3.0.1/jaxb-impl-2.3.0.1.jar:/home/user/.m2/repository/com/sun/xml/bind/jaxb-core/2.3.0.1/jaxb-core-2.3.0.1.jar:/home/user/.m2/repository/javax/xml/bind/jaxb-api/2.3.0/jaxb-api-2.3.0.jar:/home/user/.m2/repository/javax/activation/activation/1.1.1/activation-1.1.1.jar:/home/user/.m2/repository/org/apache/hadoop/hadoop-ozone-csi/0.5.0-SNAPSHOT/hadoop-ozone-csi-0.5.0-SNAPSHOT.jar:/home/user/.m2/repository/com/google/protobuf/protobuf-java-util/3.5.1/protobuf-java-util-3.5.1.jar:/home/user/.m2/repository/org/apache/hadoop/hadoop-hdds-config/0.5.0-SNAPSHOT/hadoop-hdds-config-0.5.0-SNAPSHOT.jar:/home/user/.m2/repository/io/grpc/grpc-netty/1.17.1/grpc-netty-1.17.1.jar:/home/user/.m2/repository/io/grpc/grpc-core/1.17.1/grpc-core-1.17.1.jar:/home/user/.m2/repository/io/grpc/grpc-context/1.17.1/grpc-context-1.17.1.jar:/home/user/.m2/repository/com/google/errorprone/error_prone_annotations/2.2.0/error_prone_annotations-2.2.0.jar:/home/user/.m2/repository/org/codehaus/mojo/animal-sniffer-annotations/1.17/animal-sniffer-annotations-1.17.jar:/home/user/.m2/repository/io/opencensus/opencensus-api/0.17.0/opencensus-api-0.17.0.jar:/home/user/.m2/repository/io/opencensus/opencensus-contrib-grpc-metrics/0.17.0/opencensus-contrib-grpc-metrics-0.17.0.jar:/home/user/.m2/repository/io/netty/netty-codec-http2/4.1.30.Final/netty-codec-http2-4.1.30.Final.jar:/home/user/.m2/repository/io/netty/netty-codec-http/4.1.30.Final/netty-codec-http-4.1.30.Final.jar:/home/user/.m2/repository/io/netty/netty-codec/4.1.30.Final/netty-codec-4.1.30.Final.jar:/home/user/.m2/repository/io/netty/netty-handler/4.1.30.Final/netty-handler-4.1.30.Final.jar:/home/user/.m2/repository/io/netty/netty-handler-proxy/4.1.30.Final/netty-handler-proxy-4.1.30.Final.jar:/home/user/.m2/repository/io/netty/netty-codec-socks/4.1.30.Final/netty-codec-socks-4.1.30.Final.jar:/home/user/.m2/repository/io/netty/netty-transport-native-epoll/4.1.30.Final/netty-transport-native-epoll-4.1.30.Final.jar:/home/user/.m2/repository/io/netty/netty-common/4.1.30.Final/netty-common-4.1.30.Final.jar:/home/user/.m2/repository/io/netty/netty-buffer/4.1.30.Final/netty-buffer-4.1.30.Final.jar:/home/user/.m2/repository/io/netty/netty-transport/4.1.30.Final/netty-transport-4.1.30.Final.jar:/home/user/.m2/repository/io/netty/netty-resolver/4.1.30.Final/netty-resolver-4.1.30.Final.jar:/home/user/.m2/repository/io/netty/netty-transport-native-unix-common/4.1.30.Final/netty-transport-native-unix-common-4.1.30.Final.jar:/home/user/.m2/repository/io/grpc/grpc-protobuf/1.17.1/grpc-protobuf-1.17.1.jar:/home/user/.m2/repository/com/google/api/grpc/proto-google-common-protos/1.0.0/proto-google-common-protos-1.0.0.jar:/home/user/.m2/repository/io/grpc/grpc-protobuf-lite/1.17.1/grpc-protobuf-lite-1.17.1.jar:/home/user/.m2/repository/io/grpc/grpc-stub/1.17.1/grpc-stub-1.17.1.jar:/home/user/.m2/repository/org/apache/hadoop/hadoop-ozone-recon/0.5.0-SNAPSHOT/hadoop-ozone-recon-0.5.0-SNAPSHOT.jar:/home/user/.m2/repository/org/apache/hadoop/hadoop-ozone-reconcodegen/0.5.0-SNAPSHOT/hadoop-ozone-reconcodegen-0.5.0-SNAPSHOT.jar:/home/user/.m2/repository/com/google/inject/extensions/guice-multibindings/4.0/guice-multibindings-4.0.jar:/home/user/.m2/repository/com/google/inject/guice/4.0/guice-4.0.jar:/home/user/.m2/repository/aopalliance/aopalliance/1.0/aopalliance-1.0.jar:/home/user/.m2/repository/com/google/inject/extensions/guice-servlet/4.0/guice-servlet-4.0.jar:/home/user/.m2/repository/org/glassfish/jersey/containers/jersey-container-servlet/2.27/jersey-container-servlet-2.27.jar:/home/user/.m2/repository/org/glassfish/hk2/guice-bridge/2.5.0/guice-bridge-2.5.0.jar:/home/user/.m2/repository/org/glassfish/jersey/core/jersey-server/2.27/jersey-server-2.27.jar:/home/user/.m2/repository/org/glassfish/jersey/core/jersey-client/2.27/jersey-client-2.27.jar:/home/user/.m2/repository/org/glassfish/jersey/media/jersey-media-jaxb/2.27/jersey-media-jaxb-2.27.jar:/home/user/.m2/repository/javax/validation/validation-api/1.1.0.Final/validation-api-1.1.0.Final.jar:/home/user/.m2/repository/org/glassfish/jersey/media/jersey-media-json-jackson/2.27/jersey-media-json-jackson-2.27.jar:/home/user/.m2/repository/org/glassfish/jersey/ext/jersey-entity-filtering/2.27/jersey-entity-filtering-2.27.jar:/home/user/.m2/repository/com/google/inject/extensions/guice-assistedinject/4.0/guice-assistedinject-4.0.jar:/home/user/.m2/repository/org/jooq/jooq/3.11.10/jooq-3.11.10.jar:/home/user/.m2/repository/org/jooq/jooq-meta/3.11.10/jooq-meta-3.11.10.jar:/home/user/.m2/repository/org/jooq/jooq-codegen/3.11.10/jooq-codegen-3.11.10.jar:/home/user/.m2/repository/com/jolbox/bonecp/0.8.0.RELEASE/bonecp-0.8.0.RELEASE.jar:/home/user/.m2/repository/org/xerial/sqlite-jdbc/3.25.2/sqlite-jdbc-3.25.2.jar:/home/user/.m2/repository/org/springframework/spring-jdbc/5.1.3.RELEASE/spring-jdbc-5.1.3.RELEASE.jar:/home/user/.m2/repository/org/springframework/spring-beans/5.1.3.RELEASE/spring-beans-5.1.3.RELEASE.jar:/home/user/.m2/repository/org/springframework/spring-core/5.1.3.RELEASE/spring-core-5.1.3.RELEASE.jar:/home/user/.m2/repository/org/springframework/spring-jcl/5.1.3.RELEASE/spring-jcl-5.1.3.RELEASE.jar:/home/user/.m2/repository/org/springframework/spring-tx/5.1.3.RELEASE/spring-tx-5.1.3.RELEASE.jar:/home/user/.m2/repository/org/apache/hadoop/hadoop-ozone-client/0.5.0-SNAPSHOT/hadoop-ozone-client-0.5.0-SNAPSHOT.jar:/home/user/.m2/repository/commons-lang/commons-lang/2.6/commons-lang-2.6.jar:/home/user/.m2/repository/org/apache/hadoop/hadoop-ozone-ozone-manager/0.5.0-SNAPSHOT/hadoop-ozone-ozone-manager-0.5.0-SNAPSHOT-tests.jar:/home/user/.m2/repository/junit/junit/4.11/junit-4.11.jar:/home/user/.m2/repository/org/hamcrest/hamcrest-core/1.3/hamcrest-core-1.3.jar:/home/user/.m2/repository/org/openjdk/jmh/jmh-core/1.19/jmh-core-1.19.jar:/home/user/.m2/repository/net/sf/jopt-simple/jopt-simple/4.6/jopt-simple-4.6.jar:/home/user/.m2/repository/org/apache/commons/commons-math3/3.1.1/commons-math3-3.1.1.jar:/home/user/.m2/repository/org/openjdk/jmh/jmh-generator-annprocess/1.19/jmh-generator-annprocess-1.19.jar:/home/user/.m2/repository/org/mockito/mockito-all/1.8.5/mockito-all-1.8.5.jar:/home/user/.m2/repository/org/apache/hadoop/hadoop-kms/3.2.0/hadoop-kms-3.2.0.jar:/home/user/.m2/repository/org/apache/hadoop/hadoop-auth/3.2.0/hadoop-auth-3.2.0.jar:/home/user/.m2/repository/com/nimbusds/nimbus-jose-jwt/4.41.1/nimbus-jose-jwt-4.41.1.jar:/home/user/.m2/repository/com/github/stephenc/jcip/jcip-annotations/1.0-1/jcip-annotations-1.0-1.jar:/home/user/.m2/repository/net/minidev/json-smart/2.3/json-smart-2.3.jar:/home/user/.m2/repository/net/minidev/accessors-smart/1.2/accessors-smart-1.2.jar:/home/user/.m2/repository/org/ow2/asm/asm/5.0.4/asm-5.0.4.jar:/home/user/.m2/repository/org/apache/curator/curator-framework/2.12.0/curator-framework-2.12.0.jar:/home/user/.m2/repository/com/sun/jersey/jersey-core/1.19/jersey-core-1.19.jar:/home/user/.m2/repository/javax/ws/rs/jsr311-api/1.1.1/jsr311-api-1.1.1.jar:/home/user/.m2/repository/com/sun/jersey/jersey-server/1.19/jersey-server-1.19.jar:/home/user/.m2/repository/javax/servlet/javax.servlet-api/3.1.0/javax.servlet-api-3.1.0.jar:/home/user/.m2/repository/org/eclipse/jetty/jetty-server/9.3.25.v20180904/jetty-server-9.3.25.v20180904.jar:/home/user/.m2/repository/org/eclipse/jetty/jetty-http/9.3.25.v20180904/jetty-http-9.3.25.v20180904.jar:/home/user/.m2/repository/org/eclipse/jetty/jetty-io/9.3.25.v20180904/jetty-io-9.3.25.v20180904.jar:/home/user/.m2/repository/org/eclipse/jetty/jetty-webapp/9.3.25.v20180904/jetty-webapp-9.3.25.v20180904.jar:/home/user/.m2/repository/org/eclipse/jetty/jetty-xml/9.3.25.v20180904/jetty-xml-9.3.25.v20180904.jar:/home/user/.m2/repository/log4j/log4j/1.2.17/log4j-1.2.17.jar:/home/user/.m2/repository/org/slf4j/slf4j-api/1.7.25/slf4j-api-1.7.25.jar:/home/user/.m2/repository/org/slf4j/jul-to-slf4j/1.7.25/jul-to-slf4j-1.7.25.jar:/home/user/.m2/repository/org/eclipse/jetty/jetty-util/9.3.25.v20180904/jetty-util-9.3.25.v20180904.jar:/home/user/.m2/repository/com/fasterxml/jackson/core/jackson-databind/2.9.9/jackson-databind-2.9.9.jar:/home/user/.m2/repository/org/apache/hadoop/hadoop-kms/3.2.0/hadoop-kms-3.2.0-tests.jar:/home/user/.m2/repository/org/apache/hadoop/hadoop-hdds-server-scm/0.5.0-SNAPSHOT/hadoop-hdds-server-scm-0.5.0-SNAPSHOT-tests.jar:/home/user/.m2/repository/org/apache/hadoop/hadoop-hdds-container-service/0.5.0-SNAPSHOT/hadoop-hdds-container-service-0.5.0-SNAPSHOT-tests.jar:/home/user/.m2/repository/org/yaml/snakeyaml/1.16/snakeyaml-1.16.jar:/home/user/.m2/repository/org/apache/hadoop/hadoop-common/3.2.0/hadoop-common-3.2.0-tests.jar:/home/user/.m2/repository/org/apache/hadoop/hadoop-annotations/3.2.0/hadoop-annotations-3.2.0.jar:/usr/lib/jvm/java-1.8.0-openjdk-1.8.0.222.b10-1.el7_7.x86_64/jre/../lib/tools.jar:/home/user/.m2/repository/commons-cli/commons-cli/1.2/commons-cli-1.2.jar:/home/user/.m2/repository/org/apache/httpcomponents/httpclient/4.5.2/httpclient-4.5.2.jar:/home/user/.m2/repository/org/apache/httpcomponents/httpcore/4.4.4/httpcore-4.4.4.jar:/home/user/.m2/repository/commons-codec/commons-codec/1.11/commons-codec-1.11.jar:/home/user/.m2/repository/commons-net/commons-net/3.6/commons-net-3.6.jar:/home/user/.m2/repository/commons-collections/commons-collections/3.2.2/commons-collections-3.2.2.jar:/home/user/.m2/repository/org/eclipse/jetty/jetty-servlet/9.3.25.v20180904/jetty-servlet-9.3.25.v20180904.jar:/home/user/.m2/repository/org/eclipse/jetty/jetty-security/9.3.25.v20180904/jetty-security-9.3.25.v20180904.jar:/home/user/.m2/repository/javax/servlet/jsp/jsp-api/2.1/jsp-api-2.1.jar:/home/user/.m2/repository/com/sun/jersey/jersey-servlet/1.19/jersey-servlet-1.19.jar:/home/user/.m2/repository/com/sun/jersey/jersey-json/1.19/jersey-json-1.19.jar:/home/user/.m2/repository/org/codehaus/jettison/jettison/1.1/jettison-1.1.jar:/home/user/.m2/repository/org/codehaus/jackson/jackson-core-asl/1.9.13/jackson-core-asl-1.9.13.jar:/home/user/.m2/repository/org/codehaus/jackson/jackson-mapper-asl/1.9.13/jackson-mapper-asl-1.9.13.jar:/home/user/.m2/repository/org/codehaus/jackson/jackson-jaxrs/1.9.13/jackson-jaxrs-1.9.13.jar:/home/user/.m2/repository/org/codehaus/jackson/jackson-xc/1.9.13/jackson-xc-1.9.13.jar:/home/user/.m2/repository/commons-logging/commons-logging/1.1.3/commons-logging-1.1.3.jar:/home/user/.m2/repository/commons-beanutils/commons-beanutils/1.9.4/commons-beanutils-1.9.4.jar:/home/user/.m2/repository/org/apache/commons/commons-configuration2/2.1.1/commons-configuration2-2.1.1.jar:/home/user/.m2/repository/org/apache/commons/commons-lang3/3.7/commons-lang3-3.7.jar:/home/user/.m2/repository/org/apache/commons/commons-text/1.4/commons-text-1.4.jar:/home/user/.m2/repository/org/apache/avro/avro/1.7.7/avro-1.7.7.jar:/home/user/.m2/repository/com/thoughtworks/paranamer/paranamer/2.3/paranamer-2.3.jar:/home/user/.m2/repository/org/xerial/snappy/snappy-java/1.0.5/snappy-java-1.0.5.jar:/home/user/.m2/repository/com/google/re2j/re2j/1.1/re2j-1.1.jar:/home/user/.m2/repository/com/google/code/gson/gson/2.2.4/gson-2.2.4.jar:/home/user/.m2/repository/com/jcraft/jsch/0.1.54/jsch-0.1.54.jar:/home/user/.m2/repository/org/apache/curator/curator-client/2.12.0/curator-client-2.12.0.jar:/home/user/.m2/repository/org/apache/curator/curator-recipes/2.12.0/curator-recipes-2.12.0.jar:/home/user/.m2/repository/com/google/code/findbugs/jsr305/3.0.0/jsr305-3.0.0.jar:/home/user/.m2/repository/org/apache/htrace/htrace-core4/4.1.0-incubating/htrace-core4-4.1.0-incubating.jar:/home/user/.m2/repository/org/apache/zookeeper/zookeeper/3.4.13/zookeeper-3.4.13.jar:/home/user/.m2/repository/jline/jline/0.9.94/jline-0.9.94.jar:/home/user/.m2/repository/org/apache/yetus/audience-annotations/0.5.0/audience-annotations-0.5.0.jar:/home/user/.m2/repository/org/codehaus/woodstox/stax2-api/3.1.4/stax2-api-3.1.4.jar:/home/user/.m2/repository/com/fasterxml/woodstox/woodstox-core/5.0.3/woodstox-core-5.0.3.jar:/home/user/.m2/repository/dnsjava/dnsjava/2.1.7/dnsjava-2.1.7.jar:/home/user/.m2/repository/org/apache/hadoop/hadoop-hdfs/3.2.0/hadoop-hdfs-3.2.0-tests.jar:/home/user/.m2/repository/org/eclipse/jetty/jetty-util-ajax/9.3.25.v20180904/jetty-util-ajax-9.3.25.v20180904.jar:/home/user/.m2/repository/commons-daemon/commons-daemon/1.0.13/commons-daemon-1.0.13.jar:/home/user/.m2/repository/io/netty/netty/3.10.5.Final/netty-3.10.5.Final.jar:/home/user/.m2/repository/io/netty/netty-all/4.0.52.Final/netty-all-4.0.52.Final.jar:/home/user/.m2/repository/org/fusesource/leveldbjni/leveldbjni-all/1.8/leveldbjni-all-1.8.jar:"/>
    <property name="sun.cpu.endian" value="little"/>
    <property name="user.home" value="/home/user"/>
    <property name="user.language" value="en"/>
    <property name="java.specification.vendor" value="Oracle Corporation"/>
    <property name="java.home" value="/usr/lib/jvm/java-1.8.0-openjdk-1.8.0.222.b10-1.el7_7.x86_64/jre"/>
    <property name="surefire.excludesFile" value="/tools/ozone-bad-unit-tests"/>
    <property name="java.security.krb5.conf" value="/workdir/hadoop-ozone/integration-test/target/test-classes/krb5.conf"/>
    <property name="basedir" value="/workdir/hadoop-ozone/integration-test"/>
    <property name="file.separator" value="/"/>
    <property name="line.separator" value="&#10;"/>
    <property name="java.vm.specification.vendor" value="Oracle Corporation"/>
    <property name="java.specification.name" value="Java Platform API Specification"/>
    <property name="java.awt.graphicsenv" value="sun.awt.X11GraphicsEnvironment"/>
    <property name="surefire.real.class.path" value="/workdir/hadoop-ozone/integration-test/target/surefire/surefirebooter8209796591147156423.jar"/>
    <property name="hadoop.log.dir" value="/workdir/hadoop-ozone/integration-test/target/log"/>
    <property name="sun.boot.class.path" value="/usr/lib/jvm/java-1.8.0-openjdk-1.8.0.222.b10-1.el7_7.x86_64/jre/lib/resources.jar:/usr/lib/jvm/java-1.8.0-openjdk-1.8.0.222.b10-1.el7_7.x86_64/jre/lib/rt.jar:/usr/lib/jvm/java-1.8.0-openjdk-1.8.0.222.b10-1.el7_7.x86_64/jre/lib/sunrsasign.jar:/usr/lib/jvm/java-1.8.0-openjdk-1.8.0.222.b10-1.el7_7.x86_64/jre/lib/jsse.jar:/usr/lib/jvm/java-1.8.0-openjdk-1.8.0.222.b10-1.el7_7.x86_64/jre/lib/jce.jar:/usr/lib/jvm/java-1.8.0-openjdk-1.8.0.222.b10-1.el7_7.x86_64/jre/lib/charsets.jar:/usr/lib/jvm/java-1.8.0-openjdk-1.8.0.222.b10-1.el7_7.x86_64/jre/lib/jfr.jar:/usr/lib/jvm/java-1.8.0-openjdk-1.8.0.222.b10-1.el7_7.x86_64/jre/classes"/>
    <property name="sun.management.compiler" value="HotSpot 64-Bit Tiered Compilers"/>
    <property name="java.runtime.version" value="1.8.0_222-b10"/>
    <property name="java.net.preferIPv4Stack" value="true"/>
    <property name="user.name" value="jenkins1000"/>
    <property name="path.separator" value=":"/>
    <property name="java.security.egd" value="file:///dev/urandom"/>
    <property name="os.version" value="3.10.0-957.12.2.el7.x86_64"/>
    <property name="java.endorsed.dirs" value="/usr/lib/jvm/java-1.8.0-openjdk-1.8.0.222.b10-1.el7_7.x86_64/jre/lib/endorsed"/>
    <property name="java.runtime.name" value="OpenJDK Runtime Environment"/>
    <property name="file.encoding" value="ANSI_X3.4-1968"/>
    <property name="java.vm.name" value="OpenJDK 64-Bit Server VM"/>
    <property name="test.build.webapps" value=""/>
    <property name="localRepository" value="/home/user/.m2/repository"/>
    <property name="java.vendor.url.bug" value="http://bugreport.sun.com/bugreport/"/>
    <property name="java.io.tmpdir" value="/tmp"/>
    <property name="require.test.libhadoop" value=""/>
    <property name="java.version" value="1.8.0_222"/>
    <property name="user.dir" value="/workdir/hadoop-ozone/integration-test"/>
    <property name="os.arch" value="amd64"/>
    <property name="java.vm.specification.name" value="Java Virtual Machine Specification"/>
    <property name="test.build.classes" value="/workdir/hadoop-ozone/integration-test/target/test-classes"/>
    <property name="java.awt.printerjob" value="sun.print.PSPrinterJob"/>
    <property name="sun.os.patch.level" value="unknown"/>
    <property name="hadoop.tmp.dir" value="/workdir/hadoop-ozone/integration-test/target/tmp"/>
    <property name="java.library.path" value="/usr/lib:/workdir/hadoop-ozone/integration-test/target/native/target/usr/local/lib:/workdir/hadoop-ozone/integration-test/../../hadoop-common-project/hadoop-common/target/native/target/usr/local/lib:/usr/java/packages/lib/amd64:/usr/lib64:/lib64:/lib:/usr/lib"/>
    <property name="java.vm.info" value="mixed mode"/>
    <property name="java.vendor" value="Oracle Corporation"/>
    <property name="java.vm.version" value="25.222-b10"/>
    <property name="java.ext.dirs" value="/usr/lib/jvm/java-1.8.0-openjdk-1.8.0.222.b10-1.el7_7.x86_64/jre/lib/ext:/usr/java/packages/lib/ext"/>
    <property name="sun.io.unicode.encoding" value="UnicodeLittle"/>
    <property name="java.class.version" value="52.0"/>
  </properties>
  <testcase name="testDeleteKeyWithSlowFollower" classname="org.apache.hadoop.ozone.client.rpc.TestDeleteWithSlowFollower" time="112.714">
    <failure type="java.lang.AssertionError">java.lang.AssertionError
	at org.junit.Assert.fail(Assert.java:86)
	at org.junit.Assert.assertTrue(Assert.java:41)
	at org.junit.Assert.assertTrue(Assert.java:52)
	at org.apache.hadoop.ozone.client.rpc.TestDeleteWithSlowFollower.testDeleteKeyWithSlowFollower(TestDeleteWithSlowFollower.java:265)
	at sun.reflect.NativeMethodAccessorImpl.invoke0(Native Method)
	at sun.reflect.NativeMethodAccessorImpl.invoke(NativeMethodAccessorImpl.java:62)
	at sun.reflect.DelegatingMethodAccessorImpl.invoke(DelegatingMethodAccessorImpl.java:43)
	at java.lang.reflect.Method.invoke(Method.java:498)
	at org.junit.runners.model.FrameworkMethod$1.runReflectiveCall(FrameworkMethod.java:47)
	at org.junit.internal.runners.model.ReflectiveCallable.run(ReflectiveCallable.java:12)
	at org.junit.runners.model.FrameworkMethod.invokeExplosively(FrameworkMethod.java:44)
	at org.junit.internal.runners.statements.InvokeMethod.evaluate(InvokeMethod.java:17)
	at org.junit.runners.ParentRunner.runLeaf(ParentRunner.java:271)
	at org.junit.runners.BlockJUnit4ClassRunner.runChild(BlockJUnit4ClassRunner.java:70)
	at org.junit.runners.BlockJUnit4ClassRunner.runChild(BlockJUnit4ClassRunner.java:50)
	at org.junit.runners.ParentRunner$3.run(ParentRunner.java:238)
	at org.junit.runners.ParentRunner$1.schedule(ParentRunner.java:63)
	at org.junit.runners.ParentRunner.runChildren(ParentRunner.java:236)
	at org.junit.runners.ParentRunner.access$000(ParentRunner.java:53)
	at org.junit.runners.ParentRunner$2.evaluate(ParentRunner.java:229)
	at org.junit.internal.runners.statements.RunBefores.evaluate(RunBefores.java:26)
	at org.junit.internal.runners.statements.RunAfters.evaluate(RunAfters.java:27)
	at org.junit.runners.ParentRunner.run(ParentRunner.java:309)
	at org.apache.maven.surefire.junit4.JUnit4Provider.execute(JUnit4Provider.java:365)
	at org.apache.maven.surefire.junit4.JUnit4Provider.executeWithRerun(JUnit4Provider.java:273)
	at org.apache.maven.surefire.junit4.JUnit4Provider.executeTestSet(JUnit4Provider.java:238)
	at org.apache.maven.surefire.junit4.JUnit4Provider.invoke(JUnit4Provider.java:159)
	at org.apache.maven.surefire.booter.ForkedBooter.invokeProviderInSameClassLoader(ForkedBooter.java:384)
	at org.apache.maven.surefire.booter.ForkedBooter.runSuitesInProcess(ForkedBooter.java:345)
	at org.apache.maven.surefire.booter.ForkedBooter.execute(ForkedBooter.java:126)
	at org.apache.maven.surefire.booter.ForkedBooter.main(ForkedBooter.java:418)
</failure>
    <system-out><![CDATA[2019-10-21 22:00:34,885 [main] WARN  server.ServerUtils (ServerUtils.java:getScmDbDir(145)) - ozone.scm.db.dirs is not configured. We recommend adding this setting. Falling back to ozone.metadata.dirs instead.
2019-10-21 22:00:34,990 [main] WARN  server.ServerUtils (ServerUtils.java:getScmDbDir(145)) - ozone.scm.db.dirs is not configured. We recommend adding this setting. Falling back to ozone.metadata.dirs instead.
2019-10-21 22:00:34,993 [main] WARN  server.ServerUtils (ServerUtils.java:getScmDbDir(145)) - ozone.scm.db.dirs is not configured. We recommend adding this setting. Falling back to ozone.metadata.dirs instead.
2019-10-21 22:00:35,019 [main] INFO  util.log (Log.java:initialized(192)) - Logging initialized @817ms
2019-10-21 22:00:35,114 [main] INFO  db.DBStoreBuilder (DBStoreBuilder.java:addTable(117)) - using custom profile for table: deletedBlocks
2019-10-21 22:00:35,114 [main] INFO  db.DBStoreBuilder (DBStoreBuilder.java:processTables(168)) - Using default column profile:DBProfile.DISK for Table:deletedBlocks
2019-10-21 22:00:35,115 [main] INFO  db.DBStoreBuilder (DBStoreBuilder.java:addTable(117)) - using custom profile for table: validCerts
2019-10-21 22:00:35,115 [main] INFO  db.DBStoreBuilder (DBStoreBuilder.java:processTables(168)) - Using default column profile:DBProfile.DISK for Table:validCerts
2019-10-21 22:00:35,115 [main] INFO  db.DBStoreBuilder (DBStoreBuilder.java:addTable(117)) - using custom profile for table: revokedCerts
2019-10-21 22:00:35,115 [main] INFO  db.DBStoreBuilder (DBStoreBuilder.java:processTables(168)) - Using default column profile:DBProfile.DISK for Table:revokedCerts
2019-10-21 22:00:35,126 [main] INFO  db.DBStoreBuilder (DBStoreBuilder.java:addTable(117)) - using custom profile for table: default
2019-10-21 22:00:35,127 [main] INFO  db.DBStoreBuilder (DBStoreBuilder.java:processTables(174)) - Using default column profile:DBProfile.DISK for Table:default
2019-10-21 22:00:35,128 [main] INFO  db.DBStoreBuilder (DBStoreBuilder.java:getDbProfile(205)) - Using default options. DBProfile.DISK
2019-10-21 22:00:35,319 [main] INFO  net.NodeSchemaLoader (NodeSchemaLoader.java:loadSchemaFromFile(125)) - Loading file from sun.misc.CompoundEnumeration@74235045
2019-10-21 22:00:35,321 [main] INFO  net.NodeSchemaLoader (NodeSchemaLoader.java:loadSchema(171)) - Loading network topology layer schema file
2019-10-21 22:00:35,376 [main] WARN  server.ServerUtils (ServerUtils.java:sanitizeUserArgs(70)) - ozone.scm.stale.node.interval value = 1000000 is larger than max = 100000 based on the key value of ozone.scm.heartbeat.thread.interval, reset to the max value 100000.
2019-10-21 22:00:35,378 [main] WARN  server.ServerUtils (ServerUtils.java:sanitizeUserArgs(70)) - ozone.scm.stale.node.interval value = 1000000 is larger than max = 100000 based on the key value of ozone.scm.heartbeat.thread.interval, reset to the max value 100000.
2019-10-21 22:00:35,381 [main] INFO  node.SCMNodeManager (SCMNodeManager.java:<init>(116)) - Entering startup safe mode.
2019-10-21 22:00:35,438 [main] INFO  algorithms.ContainerPlacementPolicyFactory (ContainerPlacementPolicyFactory.java:getPolicy(57)) - Create container placement policy of type org.apache.hadoop.hdds.scm.container.placement.algorithms.SCMContainerPlacementRandom
2019-10-21 22:00:35,450 [main] WARN  server.ServerUtils (ServerUtils.java:getScmDbDir(145)) - ozone.scm.db.dirs is not configured. We recommend adding this setting. Falling back to ozone.metadata.dirs instead.
2019-10-21 22:00:35,514 [main] INFO  pipeline.SCMPipelineManager (SCMPipelineManager.java:initializePipelineState(132)) - No pipeline exists in current db
2019-10-21 22:00:35,516 [main] WARN  server.ServerUtils (ServerUtils.java:getScmDbDir(145)) - ozone.scm.db.dirs is not configured. We recommend adding this setting. Falling back to ozone.metadata.dirs instead.
2019-10-21 22:00:35,637 [main] WARN  events.EventQueue (EventQueue.java:fireEvent(183)) - No event handler registered for event TypedEvent{payloadType=SafeModeStatus, name='SafeModeStatus'}
2019-10-21 22:00:35,988 [main] INFO  ipc.CallQueueManager (CallQueueManager.java:<init>(84)) - Using callQueue: class java.util.concurrent.LinkedBlockingQueue, queueCapacity: 2000, scheduler: class org.apache.hadoop.ipc.DefaultRpcScheduler, ipcBackoff: false.
2019-10-21 22:00:36,086 [Socket Reader #1 for port 46864] INFO  ipc.Server (Server.java:run(1074)) - Starting Socket Reader #1 for port 46864
2019-10-21 22:00:36,109 [main] INFO  ipc.CallQueueManager (CallQueueManager.java:<init>(84)) - Using callQueue: class java.util.concurrent.LinkedBlockingQueue, queueCapacity: 2000, scheduler: class org.apache.hadoop.ipc.DefaultRpcScheduler, ipcBackoff: false.
2019-10-21 22:00:36,110 [Socket Reader #1 for port 41611] INFO  ipc.Server (Server.java:run(1074)) - Starting Socket Reader #1 for port 41611
2019-10-21 22:00:36,117 [main] INFO  ipc.CallQueueManager (CallQueueManager.java:<init>(84)) - Using callQueue: class java.util.concurrent.LinkedBlockingQueue, queueCapacity: 2000, scheduler: class org.apache.hadoop.ipc.DefaultRpcScheduler, ipcBackoff: false.
2019-10-21 22:00:36,117 [Socket Reader #1 for port 43549] INFO  ipc.Server (Server.java:run(1074)) - Starting Socket Reader #1 for port 43549
2019-10-21 22:00:36,137 [main] INFO  hdfs.DFSUtil (DFSUtil.java:httpServerTemplateForNNAndJN(1641)) - Starting Web-server for scm at: http://0.0.0.0:0
2019-10-21 22:00:36,275 [main] INFO  server.AuthenticationFilter (AuthenticationFilter.java:constructSecretProvider(240)) - Unable to initialize FileSignerSecretProvider, falling back to use random secrets.
2019-10-21 22:00:36,283 [main] WARN  http.HttpRequestLog (HttpRequestLog.java:getRequestLog(97)) - Jetty request log can only be enabled using Log4j
2019-10-21 22:00:36,291 [main] INFO  http.HttpServer2 (HttpServer2.java:addGlobalFilter(975)) - Added global filter 'safety' (class=org.apache.hadoop.http.HttpServer2$QuotingInputFilter)
2019-10-21 22:00:36,294 [main] INFO  http.HttpServer2 (HttpServer2.java:addFilter(948)) - Added filter static_user_filter (class=org.apache.hadoop.http.lib.StaticUserWebFilter$StaticUserFilter) to context scm
2019-10-21 22:00:36,294 [main] INFO  http.HttpServer2 (HttpServer2.java:addFilter(958)) - Added filter static_user_filter (class=org.apache.hadoop.http.lib.StaticUserWebFilter$StaticUserFilter) to context logs
2019-10-21 22:00:36,294 [main] INFO  http.HttpServer2 (HttpServer2.java:addFilter(958)) - Added filter static_user_filter (class=org.apache.hadoop.http.lib.StaticUserWebFilter$StaticUserFilter) to context static
2019-10-21 22:00:36,325 [main] INFO  server.StorageContainerManager (StorageContainerManager.java:start(772)) - StorageContainerLocationProtocol RPC server is listening at /0.0.0.0:43549
2019-10-21 22:00:36,386 [main] WARN  impl.MetricsConfig (MetricsConfig.java:loadFirst(134)) - Cannot locate configuration: tried hadoop-metrics2-storagecontainermanager.properties,hadoop-metrics2.properties
2019-10-21 22:00:36,399 [main] INFO  impl.MetricsSystemImpl (MetricsSystemImpl.java:startTimer(374)) - Scheduled Metric snapshot period at 10 second(s).
2019-10-21 22:00:36,399 [main] INFO  impl.MetricsSystemImpl (MetricsSystemImpl.java:start(191)) - StorageContainerManager metrics system started
2019-10-21 22:00:36,646 [main] INFO  server.SCMClientProtocolServer (SCMClientProtocolServer.java:start(159)) - RPC server for Client  is listening at /0.0.0.0:43549
2019-10-21 22:00:36,647 [IPC Server Responder] INFO  ipc.Server (Server.java:run(1314)) - IPC Server Responder: starting
2019-10-21 22:00:36,647 [IPC Server listener on 43549] INFO  ipc.Server (Server.java:run(1153)) - IPC Server listener on 43549: starting
2019-10-21 22:00:36,649 [main] INFO  server.StorageContainerManager (StorageContainerManager.java:start(782)) - ScmBlockLocationProtocol RPC server is listening at /0.0.0.0:41611
2019-10-21 22:00:36,650 [main] INFO  server.SCMBlockProtocolServer (SCMBlockProtocolServer.java:start(146)) - RPC server for Block Protocol is listening at /0.0.0.0:41611
2019-10-21 22:00:36,650 [IPC Server Responder] INFO  ipc.Server (Server.java:run(1314)) - IPC Server Responder: starting
2019-10-21 22:00:36,651 [IPC Server listener on 41611] INFO  ipc.Server (Server.java:run(1153)) - IPC Server listener on 41611: starting
2019-10-21 22:00:36,653 [main] INFO  server.StorageContainerManager (StorageContainerManager.java:start(786)) - ScmDatanodeProtocl RPC server is listening at /0.0.0.0:46864
2019-10-21 22:00:36,653 [main] INFO  server.SCMDatanodeProtocolServer (SCMDatanodeProtocolServer.java:start(169)) - RPC server for DataNodes is listening at /0.0.0.0:46864
2019-10-21 22:00:36,654 [IPC Server Responder] INFO  ipc.Server (Server.java:run(1314)) - IPC Server Responder: starting
2019-10-21 22:00:36,654 [IPC Server listener on 46864] INFO  ipc.Server (Server.java:run(1153)) - IPC Server listener on 46864: starting
2019-10-21 22:00:36,657 [main] INFO  http.HttpServer2 (HttpServer2.java:bindListener(1191)) - Jetty bound to port 41870
2019-10-21 22:00:36,659 [main] INFO  server.Server (Server.java:doStart(351)) - jetty-9.3.25.v20180904, build timestamp: 2018-09-04T21:11:46Z, git hash: 3ce520221d0240229c862b122d2b06c12a625732
2019-10-21 22:00:36,697 [main] INFO  handler.ContextHandler (ContextHandler.java:doStart(781)) - Started o.e.j.s.ServletContextHandler@42f8285e{/logs,file:///workdir/hadoop-ozone/integration-test/target/log,AVAILABLE}
2019-10-21 22:00:36,698 [main] INFO  handler.ContextHandler (ContextHandler.java:doStart(781)) - Started o.e.j.s.ServletContextHandler@3724af13{/static,file:///workdir/hadoop-ozone/integration-test/target/test-classes/webapps/static,AVAILABLE}
2019-10-21 22:00:36,731 [main] INFO  handler.ContextHandler (ContextHandler.java:doStart(781)) - Started o.e.j.w.WebAppContext@24a1c17f{/,file:///workdir/hadoop-ozone/integration-test/target/test-classes/webapps/scm/,AVAILABLE}{/scm}
2019-10-21 22:00:36,736 [main] INFO  server.AbstractConnector (AbstractConnector.java:doStart(278)) - Started ServerConnector@4d63b624{HTTP/1.1,[http/1.1]}{0.0.0.0:41870}
2019-10-21 22:00:36,737 [main] INFO  server.Server (Server.java:doStart(419)) - Started @2534ms
2019-10-21 22:00:36,739 [main] INFO  impl.MetricsSinkAdapter (MetricsSinkAdapter.java:start(204)) - Sink prometheus started
2019-10-21 22:00:36,739 [main] INFO  impl.MetricsSystemImpl (MetricsSystemImpl.java:registerSink(301)) - Registered sink prometheus
2019-10-21 22:00:36,741 [main] INFO  server.BaseHttpServer (BaseHttpServer.java:updateConnectorAddress(215)) - HTTP server of SCM is listening at http://0.0.0.0:41870
2019-10-21 22:00:36,746 [org.apache.hadoop.util.JvmPauseMonitor$Monitor@4b629f13] INFO  util.JvmPauseMonitor (JvmPauseMonitor.java:run(188)) - Starting JVM pause monitor
2019-10-21 22:00:36,750 [main] WARN  server.ServerUtils (ServerUtils.java:getDBPath(222)) - ozone.om.db.dirs is not configured. We recommend adding this setting. Falling back to ozone.metadata.dirs instead.
2019-10-21 22:00:36,868 [main] INFO  ha.OMHANodeDetails (OMHANodeDetails.java:loadOMHAConfig(190)) - Configuration either no ozone.om.address set. Falling back to the default OM address /127.0.0.1:0
2019-10-21 22:00:36,868 [main] INFO  ha.OMHANodeDetails (OMHANodeDetails.java:getOMNodeDetails(220)) - OM Service ID is not set. Setting it to the default ID: omServiceIdDefault
2019-10-21 22:00:36,870 [main] WARN  server.ServerUtils (ServerUtils.java:getDBPath(222)) - ozone.om.db.dirs is not configured. We recommend adding this setting. Falling back to ozone.metadata.dirs instead.
2019-10-21 22:00:36,871 [main] WARN  server.ServerUtils (ServerUtils.java:getDBPath(222)) - ozone.om.db.dirs is not configured. We recommend adding this setting. Falling back to ozone.metadata.dirs instead.
2019-10-21 22:00:37,424 [main] WARN  server.ServerUtils (ServerUtils.java:getDBPath(222)) - ozone.om.db.dirs is not configured. We recommend adding this setting. Falling back to ozone.metadata.dirs instead.
2019-10-21 22:00:37,432 [main] INFO  db.DBStoreBuilder (DBStoreBuilder.java:addTable(117)) - using custom profile for table: userTable
2019-10-21 22:00:37,432 [main] INFO  db.DBStoreBuilder (DBStoreBuilder.java:processTables(168)) - Using default column profile:DBProfile.DISK for Table:userTable
2019-10-21 22:00:37,432 [main] INFO  db.DBStoreBuilder (DBStoreBuilder.java:addTable(117)) - using custom profile for table: volumeTable
2019-10-21 22:00:37,432 [main] INFO  db.DBStoreBuilder (DBStoreBuilder.java:processTables(168)) - Using default column profile:DBProfile.DISK for Table:volumeTable
2019-10-21 22:00:37,432 [main] INFO  db.DBStoreBuilder (DBStoreBuilder.java:addTable(117)) - using custom profile for table: bucketTable
2019-10-21 22:00:37,433 [main] INFO  db.DBStoreBuilder (DBStoreBuilder.java:processTables(168)) - Using default column profile:DBProfile.DISK for Table:bucketTable
2019-10-21 22:00:37,433 [main] INFO  db.DBStoreBuilder (DBStoreBuilder.java:addTable(117)) - using custom profile for table: keyTable
2019-10-21 22:00:37,433 [main] INFO  db.DBStoreBuilder (DBStoreBuilder.java:processTables(168)) - Using default column profile:DBProfile.DISK for Table:keyTable
2019-10-21 22:00:37,433 [main] INFO  db.DBStoreBuilder (DBStoreBuilder.java:addTable(117)) - using custom profile for table: deletedTable
2019-10-21 22:00:37,433 [main] INFO  db.DBStoreBuilder (DBStoreBuilder.java:processTables(168)) - Using default column profile:DBProfile.DISK for Table:deletedTable
2019-10-21 22:00:37,434 [main] INFO  db.DBStoreBuilder (DBStoreBuilder.java:addTable(117)) - using custom profile for table: openKeyTable
2019-10-21 22:00:37,434 [main] INFO  db.DBStoreBuilder (DBStoreBuilder.java:processTables(168)) - Using default column profile:DBProfile.DISK for Table:openKeyTable
2019-10-21 22:00:37,434 [main] INFO  db.DBStoreBuilder (DBStoreBuilder.java:addTable(117)) - using custom profile for table: s3Table
2019-10-21 22:00:37,434 [main] INFO  db.DBStoreBuilder (DBStoreBuilder.java:processTables(168)) - Using default column profile:DBProfile.DISK for Table:s3Table
2019-10-21 22:00:37,435 [main] INFO  db.DBStoreBuilder (DBStoreBuilder.java:addTable(117)) - using custom profile for table: multipartInfoTable
2019-10-21 22:00:37,435 [main] INFO  db.DBStoreBuilder (DBStoreBuilder.java:processTables(168)) - Using default column profile:DBProfile.DISK for Table:multipartInfoTable
2019-10-21 22:00:37,435 [main] INFO  db.DBStoreBuilder (DBStoreBuilder.java:addTable(117)) - using custom profile for table: dTokenTable
2019-10-21 22:00:37,435 [main] INFO  db.DBStoreBuilder (DBStoreBuilder.java:processTables(168)) - Using default column profile:DBProfile.DISK for Table:dTokenTable
2019-10-21 22:00:37,435 [main] INFO  db.DBStoreBuilder (DBStoreBuilder.java:addTable(117)) - using custom profile for table: s3SecretTable
2019-10-21 22:00:37,436 [main] INFO  db.DBStoreBuilder (DBStoreBuilder.java:processTables(168)) - Using default column profile:DBProfile.DISK for Table:s3SecretTable
2019-10-21 22:00:37,436 [main] INFO  db.DBStoreBuilder (DBStoreBuilder.java:addTable(117)) - using custom profile for table: prefixTable
2019-10-21 22:00:37,436 [main] INFO  db.DBStoreBuilder (DBStoreBuilder.java:processTables(168)) - Using default column profile:DBProfile.DISK for Table:prefixTable
2019-10-21 22:00:37,436 [main] INFO  db.DBStoreBuilder (DBStoreBuilder.java:addTable(117)) - using custom profile for table: default
2019-10-21 22:00:37,436 [main] INFO  db.DBStoreBuilder (DBStoreBuilder.java:processTables(174)) - Using default column profile:DBProfile.DISK for Table:default
2019-10-21 22:00:37,437 [main] INFO  db.DBStoreBuilder (DBStoreBuilder.java:getDbProfile(205)) - Using default options. DBProfile.DISK
2019-10-21 22:00:37,847 [main] INFO  ipc.CallQueueManager (CallQueueManager.java:<init>(84)) - Using callQueue: class java.util.concurrent.LinkedBlockingQueue, queueCapacity: 2000, scheduler: class org.apache.hadoop.ipc.DefaultRpcScheduler, ipcBackoff: false.
2019-10-21 22:00:37,848 [Socket Reader #1 for port 36686] INFO  ipc.Server (Server.java:run(1074)) - Starting Socket Reader #1 for port 36686
2019-10-21 22:00:37,867 [main] INFO  om.OzoneManager (OzoneManager.java:start(1076)) - OzoneManager RPC server is listening at localhost/127.0.0.1:36686
2019-10-21 22:00:37,867 [main] INFO  impl.MetricsSystemImpl (MetricsSystemImpl.java:init(158)) - OzoneManager metrics system started (again)
2019-10-21 22:00:37,873 [IPC Server Responder] INFO  ipc.Server (Server.java:run(1314)) - IPC Server Responder: starting
2019-10-21 22:00:37,874 [IPC Server listener on 36686] INFO  ipc.Server (Server.java:run(1153)) - IPC Server listener on 36686: starting
2019-10-21 22:00:37,878 [main] INFO  hdfs.DFSUtil (DFSUtil.java:httpServerTemplateForNNAndJN(1641)) - Starting Web-server for ozoneManager at: http://0.0.0.0:0
2019-10-21 22:00:37,879 [main] INFO  server.AuthenticationFilter (AuthenticationFilter.java:constructSecretProvider(240)) - Unable to initialize FileSignerSecretProvider, falling back to use random secrets.
2019-10-21 22:00:37,880 [main] WARN  http.HttpRequestLog (HttpRequestLog.java:getRequestLog(97)) - Jetty request log can only be enabled using Log4j
2019-10-21 22:00:37,882 [main] INFO  http.HttpServer2 (HttpServer2.java:addGlobalFilter(975)) - Added global filter 'safety' (class=org.apache.hadoop.http.HttpServer2$QuotingInputFilter)
2019-10-21 22:00:37,883 [main] INFO  http.HttpServer2 (HttpServer2.java:addFilter(948)) - Added filter static_user_filter (class=org.apache.hadoop.http.lib.StaticUserWebFilter$StaticUserFilter) to context ozoneManager
2019-10-21 22:00:37,883 [main] INFO  http.HttpServer2 (HttpServer2.java:addFilter(958)) - Added filter static_user_filter (class=org.apache.hadoop.http.lib.StaticUserWebFilter$StaticUserFilter) to context static
2019-10-21 22:00:37,883 [main] INFO  http.HttpServer2 (HttpServer2.java:addFilter(958)) - Added filter static_user_filter (class=org.apache.hadoop.http.lib.StaticUserWebFilter$StaticUserFilter) to context logs
2019-10-21 22:00:37,885 [main] INFO  http.HttpServer2 (HttpServer2.java:bindListener(1191)) - Jetty bound to port 33258
2019-10-21 22:00:37,885 [main] INFO  server.Server (Server.java:doStart(351)) - jetty-9.3.25.v20180904, build timestamp: 2018-09-04T21:11:46Z, git hash: 3ce520221d0240229c862b122d2b06c12a625732
2019-10-21 22:00:37,888 [main] INFO  handler.ContextHandler (ContextHandler.java:doStart(781)) - Started o.e.j.s.ServletContextHandler@aa10649{/logs,file:///workdir/hadoop-ozone/integration-test/target/log,AVAILABLE}
2019-10-21 22:00:37,888 [main] INFO  handler.ContextHandler (ContextHandler.java:doStart(781)) - Started o.e.j.s.ServletContextHandler@37095ded{/static,file:///workdir/hadoop-ozone/integration-test/target/test-classes/webapps/static,AVAILABLE}
2019-10-21 22:00:37,894 [main] INFO  handler.ContextHandler (ContextHandler.java:doStart(781)) - Started o.e.j.w.WebAppContext@75b3673{/,file:///workdir/hadoop-ozone/integration-test/target/test-classes/webapps/ozoneManager/,AVAILABLE}{/ozoneManager}
2019-10-21 22:00:37,894 [main] INFO  server.AbstractConnector (AbstractConnector.java:doStart(278)) - Started ServerConnector@1bcb79c2{HTTP/1.1,[http/1.1]}{0.0.0.0:33258}
2019-10-21 22:00:37,894 [main] INFO  server.Server (Server.java:doStart(419)) - Started @3692ms
2019-10-21 22:00:37,894 [main] WARN  impl.MetricsSystemImpl (MetricsSystemImpl.java:register(276)) - Sink prometheus already exists!
2019-10-21 22:00:37,895 [main] INFO  server.BaseHttpServer (BaseHttpServer.java:updateConnectorAddress(215)) - HTTP server of OZONEMANAGER is listening at http://0.0.0.0:33258
2019-10-21 22:00:38,128 [main] INFO  impl.MetricsSystemImpl (MetricsSystemImpl.java:init(158)) - HddsDatanode metrics system started (again)
2019-10-21 22:00:38,167 [main] INFO  ozone.HddsDatanodeService (HddsDatanodeService.java:start(184)) - HddsDatanodeService host:pr-hdds-2240-577ml-2645996955 ip:192.168.69.92
2019-10-21 22:00:38,195 [main] INFO  volume.HddsVolume (HddsVolume.java:<init>(176)) - Creating Volume: /workdir/hadoop-ozone/integration-test/target/test-dir/MiniOzoneClusterImpl-18cca4e0-1166-4b57-9da5-bc6c79423f4b/datanode-0/data/containers/hdds of  storage type : DISK and capacity : 1482555576320
2019-10-21 22:00:38,196 [main] INFO  volume.VolumeSet (VolumeSet.java:initializeVolumeSet(170)) - Added Volume : /workdir/hadoop-ozone/integration-test/target/test-dir/MiniOzoneClusterImpl-18cca4e0-1166-4b57-9da5-bc6c79423f4b/datanode-0/data/containers/hdds to VolumeSet
2019-10-21 22:00:38,199 [main] INFO  volume.ThrottledAsyncChecker (ThrottledAsyncChecker.java:schedule(141)) - Scheduling a check for /workdir/hadoop-ozone/integration-test/target/test-dir/MiniOzoneClusterImpl-18cca4e0-1166-4b57-9da5-bc6c79423f4b/datanode-0/data/containers/hdds
2019-10-21 22:00:38,214 [main] INFO  volume.HddsVolumeChecker (HddsVolumeChecker.java:checkAllVolumes(204)) - Scheduled health check for volume /workdir/hadoop-ozone/integration-test/target/test-dir/MiniOzoneClusterImpl-18cca4e0-1166-4b57-9da5-bc6c79423f4b/datanode-0/data/containers/hdds
2019-10-21 22:00:38,310 [main] INFO  impl.RaftServerProxy (ConfUtils.java:logGet(43)) - raft.rpc.type = GRPC (default)
2019-10-21 22:00:38,365 [main] INFO  grpc.GrpcFactory (GrpcFactory.java:checkPooledByteBufAllocatorUseCacheForAllThreads(45)) - PERFORMANCE WARNING: useCacheForAllThreads is true that may cause Netty to create a lot garbage objects and, as a result, trigger GC.
	It is recommended to disable useCacheForAllThreads by setting -Dorg.apache.ratis.thirdparty.io.netty.allocator.useCacheForAllThreads=false in command line.
2019-10-21 22:00:38,370 [main] INFO  grpc.GrpcConfigKeys$Server (ConfUtils.java:logGet(43)) - raft.grpc.server.port = 0 (default)
2019-10-21 22:00:38,371 [main] INFO  server.GrpcService (ConfUtils.java:logGet(43)) - raft.grpc.message.size.max = 33570816 (custom)
2019-10-21 22:00:38,372 [main] INFO  server.RaftServerConfigKeys (ConfUtils.java:logGet(43)) - raft.server.log.appender.buffer.byte-limit = 33554432 (custom)
2019-10-21 22:00:38,373 [main] INFO  server.GrpcService (ConfUtils.java:logGet(43)) - raft.grpc.flow.control.window = 1MB (=1048576) (default)
2019-10-21 22:00:38,373 [main] INFO  server.RaftServerConfigKeys (ConfUtils.java:logGet(43)) - raft.server.rpc.request.timeout = 3000ms (default)
2019-10-21 22:00:38,513 [main] INFO  server.RaftServerConfigKeys (ConfUtils.java:logGet(43)) - raft.server.storage.dir = [/workdir/hadoop-ozone/integration-test/target/test-dir/MiniOzoneClusterImpl-18cca4e0-1166-4b57-9da5-bc6c79423f4b/datanode-0/data/ratis] (custom)
2019-10-21 22:00:38,558 [main] INFO  hdfs.DFSUtil (DFSUtil.java:httpServerTemplateForNNAndJN(1641)) - Starting Web-server for hddsDatanode at: http://0.0.0.0:0
2019-10-21 22:00:38,560 [main] INFO  server.AuthenticationFilter (AuthenticationFilter.java:constructSecretProvider(240)) - Unable to initialize FileSignerSecretProvider, falling back to use random secrets.
2019-10-21 22:00:38,561 [main] WARN  http.HttpRequestLog (HttpRequestLog.java:getRequestLog(97)) - Jetty request log can only be enabled using Log4j
2019-10-21 22:00:38,563 [main] INFO  http.HttpServer2 (HttpServer2.java:addGlobalFilter(975)) - Added global filter 'safety' (class=org.apache.hadoop.http.HttpServer2$QuotingInputFilter)
2019-10-21 22:00:38,564 [main] INFO  http.HttpServer2 (HttpServer2.java:addFilter(948)) - Added filter static_user_filter (class=org.apache.hadoop.http.lib.StaticUserWebFilter$StaticUserFilter) to context hddsDatanode
2019-10-21 22:00:38,564 [main] INFO  http.HttpServer2 (HttpServer2.java:addFilter(958)) - Added filter static_user_filter (class=org.apache.hadoop.http.lib.StaticUserWebFilter$StaticUserFilter) to context logs
2019-10-21 22:00:38,565 [main] INFO  http.HttpServer2 (HttpServer2.java:addFilter(958)) - Added filter static_user_filter (class=org.apache.hadoop.http.lib.StaticUserWebFilter$StaticUserFilter) to context static
2019-10-21 22:00:38,566 [main] INFO  http.HttpServer2 (HttpServer2.java:bindListener(1191)) - Jetty bound to port 45833
2019-10-21 22:00:38,566 [main] INFO  server.Server (Server.java:doStart(351)) - jetty-9.3.25.v20180904, build timestamp: 2018-09-04T21:11:46Z, git hash: 3ce520221d0240229c862b122d2b06c12a625732
2019-10-21 22:00:38,569 [main] INFO  handler.ContextHandler (ContextHandler.java:doStart(781)) - Started o.e.j.s.ServletContextHandler@60cf62ad{/logs,file:///workdir/hadoop-ozone/integration-test/target/log,AVAILABLE}
2019-10-21 22:00:38,570 [main] INFO  handler.ContextHandler (ContextHandler.java:doStart(781)) - Started o.e.j.s.ServletContextHandler@1ac4ccad{/static,jar:file:/home/user/.m2/repository/org/apache/hadoop/hadoop-hdds-container-service/0.5.0-SNAPSHOT/hadoop-hdds-container-service-0.5.0-SNAPSHOT.jar!/webapps/static,AVAILABLE}
2019-10-21 22:00:38,616 [main] INFO  handler.ContextHandler (ContextHandler.java:doStart(781)) - Started o.e.j.w.WebAppContext@de8039f{/,file:///tmp/jetty-0.0.0.0-45833-hddsDatanode-_-any-5890448875020762629.dir/webapp/,AVAILABLE}{/hddsDatanode}
2019-10-21 22:00:38,617 [main] INFO  server.AbstractConnector (AbstractConnector.java:doStart(278)) - Started ServerConnector@1deceb67{HTTP/1.1,[http/1.1]}{0.0.0.0:45833}
2019-10-21 22:00:38,618 [main] INFO  server.Server (Server.java:doStart(419)) - Started @4415ms
2019-10-21 22:00:38,618 [main] WARN  impl.MetricsSystemImpl (MetricsSystemImpl.java:register(276)) - Sink prometheus already exists!
2019-10-21 22:00:38,619 [main] INFO  server.BaseHttpServer (BaseHttpServer.java:updateConnectorAddress(215)) - HTTP server of HDDSDATANODE is listening at http://0.0.0.0:45833
2019-10-21 22:00:38,620 [main] INFO  impl.MetricsSystemImpl (MetricsSystemImpl.java:init(158)) - HddsDatanode metrics system started (again)
2019-10-21 22:00:38,622 [main] INFO  ozone.HddsDatanodeService (HddsDatanodeService.java:start(184)) - HddsDatanodeService host:pr-hdds-2240-577ml-2645996955 ip:192.168.69.92
2019-10-21 22:00:38,623 [org.apache.hadoop.util.JvmPauseMonitor$Monitor@16c52adb] INFO  util.JvmPauseMonitor (JvmPauseMonitor.java:run(188)) - Starting JVM pause monitor
2019-10-21 22:00:38,629 [main] INFO  volume.HddsVolume (HddsVolume.java:<init>(176)) - Creating Volume: /workdir/hadoop-ozone/integration-test/target/test-dir/MiniOzoneClusterImpl-18cca4e0-1166-4b57-9da5-bc6c79423f4b/datanode-1/data/containers/hdds of  storage type : DISK and capacity : 1482555576320
2019-10-21 22:00:38,630 [main] INFO  volume.VolumeSet (VolumeSet.java:initializeVolumeSet(170)) - Added Volume : /workdir/hadoop-ozone/integration-test/target/test-dir/MiniOzoneClusterImpl-18cca4e0-1166-4b57-9da5-bc6c79423f4b/datanode-1/data/containers/hdds to VolumeSet
2019-10-21 22:00:38,630 [main] INFO  volume.ThrottledAsyncChecker (ThrottledAsyncChecker.java:schedule(141)) - Scheduling a check for /workdir/hadoop-ozone/integration-test/target/test-dir/MiniOzoneClusterImpl-18cca4e0-1166-4b57-9da5-bc6c79423f4b/datanode-1/data/containers/hdds
2019-10-21 22:00:38,632 [main] INFO  volume.HddsVolumeChecker (HddsVolumeChecker.java:checkAllVolumes(204)) - Scheduled health check for volume /workdir/hadoop-ozone/integration-test/target/test-dir/MiniOzoneClusterImpl-18cca4e0-1166-4b57-9da5-bc6c79423f4b/datanode-1/data/containers/hdds
2019-10-21 22:00:38,644 [main] INFO  impl.RaftServerProxy (ConfUtils.java:logGet(43)) - raft.rpc.type = GRPC (default)
2019-10-21 22:00:38,644 [main] INFO  grpc.GrpcFactory (GrpcFactory.java:checkPooledByteBufAllocatorUseCacheForAllThreads(45)) - PERFORMANCE WARNING: useCacheForAllThreads is true that may cause Netty to create a lot garbage objects and, as a result, trigger GC.
	It is recommended to disable useCacheForAllThreads by setting -Dorg.apache.ratis.thirdparty.io.netty.allocator.useCacheForAllThreads=false in command line.
2019-10-21 22:00:38,645 [main] INFO  grpc.GrpcConfigKeys$Server (ConfUtils.java:logGet(43)) - raft.grpc.server.port = 0 (default)
2019-10-21 22:00:38,645 [main] INFO  server.GrpcService (ConfUtils.java:logGet(43)) - raft.grpc.message.size.max = 33570816 (custom)
2019-10-21 22:00:38,645 [main] INFO  server.RaftServerConfigKeys (ConfUtils.java:logGet(43)) - raft.server.log.appender.buffer.byte-limit = 33554432 (custom)
2019-10-21 22:00:38,645 [main] INFO  server.GrpcService (ConfUtils.java:logGet(43)) - raft.grpc.flow.control.window = 1MB (=1048576) (default)
2019-10-21 22:00:38,645 [main] INFO  server.RaftServerConfigKeys (ConfUtils.java:logGet(43)) - raft.server.rpc.request.timeout = 3000ms (default)
2019-10-21 22:00:38,646 [main] INFO  server.RaftServerConfigKeys (ConfUtils.java:logGet(43)) - raft.server.storage.dir = [/workdir/hadoop-ozone/integration-test/target/test-dir/MiniOzoneClusterImpl-18cca4e0-1166-4b57-9da5-bc6c79423f4b/datanode-1/data/ratis] (custom)
2019-10-21 22:00:38,648 [main] INFO  hdfs.DFSUtil (DFSUtil.java:httpServerTemplateForNNAndJN(1641)) - Starting Web-server for hddsDatanode at: http://0.0.0.0:0
2019-10-21 22:00:38,650 [main] INFO  server.AuthenticationFilter (AuthenticationFilter.java:constructSecretProvider(240)) - Unable to initialize FileSignerSecretProvider, falling back to use random secrets.
2019-10-21 22:00:38,650 [main] WARN  http.HttpRequestLog (HttpRequestLog.java:getRequestLog(97)) - Jetty request log can only be enabled using Log4j
2019-10-21 22:00:38,652 [main] INFO  http.HttpServer2 (HttpServer2.java:addGlobalFilter(975)) - Added global filter 'safety' (class=org.apache.hadoop.http.HttpServer2$QuotingInputFilter)
2019-10-21 22:00:38,653 [main] INFO  http.HttpServer2 (HttpServer2.java:addFilter(948)) - Added filter static_user_filter (class=org.apache.hadoop.http.lib.StaticUserWebFilter$StaticUserFilter) to context hddsDatanode
2019-10-21 22:00:38,653 [main] INFO  http.HttpServer2 (HttpServer2.java:addFilter(958)) - Added filter static_user_filter (class=org.apache.hadoop.http.lib.StaticUserWebFilter$StaticUserFilter) to context logs
2019-10-21 22:00:38,653 [main] INFO  http.HttpServer2 (HttpServer2.java:addFilter(958)) - Added filter static_user_filter (class=org.apache.hadoop.http.lib.StaticUserWebFilter$StaticUserFilter) to context static
2019-10-21 22:00:38,654 [main] INFO  http.HttpServer2 (HttpServer2.java:bindListener(1191)) - Jetty bound to port 34924
2019-10-21 22:00:38,654 [main] INFO  server.Server (Server.java:doStart(351)) - jetty-9.3.25.v20180904, build timestamp: 2018-09-04T21:11:46Z, git hash: 3ce520221d0240229c862b122d2b06c12a625732
2019-10-21 22:00:38,656 [main] INFO  handler.ContextHandler (ContextHandler.java:doStart(781)) - Started o.e.j.s.ServletContextHandler@5e65afb6{/logs,file:///workdir/hadoop-ozone/integration-test/target/log,AVAILABLE}
2019-10-21 22:00:38,657 [main] INFO  handler.ContextHandler (ContextHandler.java:doStart(781)) - Started o.e.j.s.ServletContextHandler@8851ce1{/static,jar:file:/home/user/.m2/repository/org/apache/hadoop/hadoop-hdds-container-service/0.5.0-SNAPSHOT/hadoop-hdds-container-service-0.5.0-SNAPSHOT.jar!/webapps/static,AVAILABLE}
2019-10-21 22:00:38,697 [main] INFO  handler.ContextHandler (ContextHandler.java:doStart(781)) - Started o.e.j.w.WebAppContext@7a0ef219{/,file:///tmp/jetty-0.0.0.0-34924-hddsDatanode-_-any-5396522877444600150.dir/webapp/,AVAILABLE}{/hddsDatanode}
2019-10-21 22:00:38,698 [main] INFO  server.AbstractConnector (AbstractConnector.java:doStart(278)) - Started ServerConnector@1b1f5012{HTTP/1.1,[http/1.1]}{0.0.0.0:34924}
2019-10-21 22:00:38,698 [main] INFO  server.Server (Server.java:doStart(419)) - Started @4496ms
2019-10-21 22:00:38,699 [main] WARN  impl.MetricsSystemImpl (MetricsSystemImpl.java:register(276)) - Sink prometheus already exists!
2019-10-21 22:00:38,700 [main] INFO  server.BaseHttpServer (BaseHttpServer.java:updateConnectorAddress(215)) - HTTP server of HDDSDATANODE is listening at http://0.0.0.0:34924
2019-10-21 22:00:38,700 [main] INFO  impl.MetricsSystemImpl (MetricsSystemImpl.java:init(158)) - HddsDatanode metrics system started (again)
2019-10-21 22:00:38,702 [org.apache.hadoop.util.JvmPauseMonitor$Monitor@74c536e6] INFO  util.JvmPauseMonitor (JvmPauseMonitor.java:run(188)) - Starting JVM pause monitor
2019-10-21 22:00:38,703 [main] INFO  ozone.HddsDatanodeService (HddsDatanodeService.java:start(184)) - HddsDatanodeService host:pr-hdds-2240-577ml-2645996955 ip:192.168.69.92
2019-10-21 22:00:38,710 [main] INFO  volume.HddsVolume (HddsVolume.java:<init>(176)) - Creating Volume: /workdir/hadoop-ozone/integration-test/target/test-dir/MiniOzoneClusterImpl-18cca4e0-1166-4b57-9da5-bc6c79423f4b/datanode-2/data/containers/hdds of  storage type : DISK and capacity : 1482555576320
2019-10-21 22:00:38,710 [main] INFO  volume.VolumeSet (VolumeSet.java:initializeVolumeSet(170)) - Added Volume : /workdir/hadoop-ozone/integration-test/target/test-dir/MiniOzoneClusterImpl-18cca4e0-1166-4b57-9da5-bc6c79423f4b/datanode-2/data/containers/hdds to VolumeSet
2019-10-21 22:00:38,710 [main] INFO  volume.ThrottledAsyncChecker (ThrottledAsyncChecker.java:schedule(141)) - Scheduling a check for /workdir/hadoop-ozone/integration-test/target/test-dir/MiniOzoneClusterImpl-18cca4e0-1166-4b57-9da5-bc6c79423f4b/datanode-2/data/containers/hdds
2019-10-21 22:00:38,711 [main] INFO  volume.HddsVolumeChecker (HddsVolumeChecker.java:checkAllVolumes(204)) - Scheduled health check for volume /workdir/hadoop-ozone/integration-test/target/test-dir/MiniOzoneClusterImpl-18cca4e0-1166-4b57-9da5-bc6c79423f4b/datanode-2/data/containers/hdds
2019-10-21 22:00:38,716 [Datanode State Machine Thread - 0] INFO  datanode.InitDatanodeState (InitDatanodeState.java:persistContainerDatanodeDetails(140)) - DatanodeDetails is persisted to /workdir/hadoop-ozone/integration-test/target/test-dir/MiniOzoneClusterImpl-18cca4e0-1166-4b57-9da5-bc6c79423f4b/datanode-0/meta/datanode.id
2019-10-21 22:00:38,718 [Datanode State Machine Thread - 0] INFO  datanode.InitDatanodeState (InitDatanodeState.java:persistContainerDatanodeDetails(140)) - DatanodeDetails is persisted to /workdir/hadoop-ozone/integration-test/target/test-dir/MiniOzoneClusterImpl-18cca4e0-1166-4b57-9da5-bc6c79423f4b/datanode-1/meta/datanode.id
2019-10-21 22:00:38,730 [main] INFO  impl.RaftServerProxy (ConfUtils.java:logGet(43)) - raft.rpc.type = GRPC (default)
2019-10-21 22:00:38,730 [main] INFO  grpc.GrpcFactory (GrpcFactory.java:checkPooledByteBufAllocatorUseCacheForAllThreads(45)) - PERFORMANCE WARNING: useCacheForAllThreads is true that may cause Netty to create a lot garbage objects and, as a result, trigger GC.
	It is recommended to disable useCacheForAllThreads by setting -Dorg.apache.ratis.thirdparty.io.netty.allocator.useCacheForAllThreads=false in command line.
2019-10-21 22:00:38,730 [main] INFO  grpc.GrpcConfigKeys$Server (ConfUtils.java:logGet(43)) - raft.grpc.server.port = 0 (default)
2019-10-21 22:00:38,731 [main] INFO  server.GrpcService (ConfUtils.java:logGet(43)) - raft.grpc.message.size.max = 33570816 (custom)
2019-10-21 22:00:38,731 [main] INFO  server.RaftServerConfigKeys (ConfUtils.java:logGet(43)) - raft.server.log.appender.buffer.byte-limit = 33554432 (custom)
2019-10-21 22:00:38,731 [main] INFO  server.GrpcService (ConfUtils.java:logGet(43)) - raft.grpc.flow.control.window = 1MB (=1048576) (default)
2019-10-21 22:00:38,732 [main] INFO  server.RaftServerConfigKeys (ConfUtils.java:logGet(43)) - raft.server.rpc.request.timeout = 3000ms (default)
2019-10-21 22:00:38,732 [main] INFO  server.RaftServerConfigKeys (ConfUtils.java:logGet(43)) - raft.server.storage.dir = [/workdir/hadoop-ozone/integration-test/target/test-dir/MiniOzoneClusterImpl-18cca4e0-1166-4b57-9da5-bc6c79423f4b/datanode-2/data/ratis] (custom)
2019-10-21 22:00:38,735 [main] INFO  hdfs.DFSUtil (DFSUtil.java:httpServerTemplateForNNAndJN(1641)) - Starting Web-server for hddsDatanode at: http://0.0.0.0:0
2019-10-21 22:00:38,737 [main] INFO  server.AuthenticationFilter (AuthenticationFilter.java:constructSecretProvider(240)) - Unable to initialize FileSignerSecretProvider, falling back to use random secrets.
2019-10-21 22:00:38,737 [main] WARN  http.HttpRequestLog (HttpRequestLog.java:getRequestLog(97)) - Jetty request log can only be enabled using Log4j
2019-10-21 22:00:38,739 [main] INFO  http.HttpServer2 (HttpServer2.java:addGlobalFilter(975)) - Added global filter 'safety' (class=org.apache.hadoop.http.HttpServer2$QuotingInputFilter)
2019-10-21 22:00:38,740 [main] INFO  http.HttpServer2 (HttpServer2.java:addFilter(948)) - Added filter static_user_filter (class=org.apache.hadoop.http.lib.StaticUserWebFilter$StaticUserFilter) to context hddsDatanode
2019-10-21 22:00:38,740 [main] INFO  http.HttpServer2 (HttpServer2.java:addFilter(958)) - Added filter static_user_filter (class=org.apache.hadoop.http.lib.StaticUserWebFilter$StaticUserFilter) to context logs
2019-10-21 22:00:38,740 [main] INFO  http.HttpServer2 (HttpServer2.java:addFilter(958)) - Added filter static_user_filter (class=org.apache.hadoop.http.lib.StaticUserWebFilter$StaticUserFilter) to context static
2019-10-21 22:00:38,741 [main] INFO  http.HttpServer2 (HttpServer2.java:bindListener(1191)) - Jetty bound to port 39303
2019-10-21 22:00:38,741 [main] INFO  server.Server (Server.java:doStart(351)) - jetty-9.3.25.v20180904, build timestamp: 2018-09-04T21:11:46Z, git hash: 3ce520221d0240229c862b122d2b06c12a625732
2019-10-21 22:00:38,745 [main] INFO  handler.ContextHandler (ContextHandler.java:doStart(781)) - Started o.e.j.s.ServletContextHandler@5fa23c{/logs,file:///workdir/hadoop-ozone/integration-test/target/log,AVAILABLE}
2019-10-21 22:00:38,746 [main] INFO  handler.ContextHandler (ContextHandler.java:doStart(781)) - Started o.e.j.s.ServletContextHandler@433348bc{/static,jar:file:/home/user/.m2/repository/org/apache/hadoop/hadoop-hdds-container-service/0.5.0-SNAPSHOT/hadoop-hdds-container-service-0.5.0-SNAPSHOT.jar!/webapps/static,AVAILABLE}
2019-10-21 22:00:38,776 [main] INFO  handler.ContextHandler (ContextHandler.java:doStart(781)) - Started o.e.j.w.WebAppContext@43e9089{/,file:///tmp/jetty-0.0.0.0-39303-hddsDatanode-_-any-6179034320763669184.dir/webapp/,AVAILABLE}{/hddsDatanode}
2019-10-21 22:00:38,778 [main] INFO  server.AbstractConnector (AbstractConnector.java:doStart(278)) - Started ServerConnector@3c5dbdf8{HTTP/1.1,[http/1.1]}{0.0.0.0:39303}
2019-10-21 22:00:38,778 [main] INFO  server.Server (Server.java:doStart(419)) - Started @4576ms
2019-10-21 22:00:38,778 [main] WARN  impl.MetricsSystemImpl (MetricsSystemImpl.java:register(276)) - Sink prometheus already exists!
2019-10-21 22:00:38,780 [main] INFO  server.BaseHttpServer (BaseHttpServer.java:updateConnectorAddress(215)) - HTTP server of HDDSDATANODE is listening at http://0.0.0.0:39303
2019-10-21 22:00:38,781 [main] INFO  ozone.MiniOzoneClusterImpl (MiniOzoneClusterImpl.java:lambda$waitForClusterToBeReady$0(147)) - Waiting for cluster to be ready. Got 0 of 3 DN Heartbeats.
2019-10-21 22:00:38,781 [org.apache.hadoop.util.JvmPauseMonitor$Monitor@bc204a] INFO  util.JvmPauseMonitor (JvmPauseMonitor.java:run(188)) - Starting JVM pause monitor
2019-10-21 22:00:38,783 [Datanode State Machine Thread - 0] INFO  datanode.InitDatanodeState (InitDatanodeState.java:persistContainerDatanodeDetails(140)) - DatanodeDetails is persisted to /workdir/hadoop-ozone/integration-test/target/test-dir/MiniOzoneClusterImpl-18cca4e0-1166-4b57-9da5-bc6c79423f4b/datanode-2/meta/datanode.id
2019-10-21 22:00:39,781 [main] INFO  ozone.MiniOzoneClusterImpl (MiniOzoneClusterImpl.java:lambda$waitForClusterToBeReady$0(147)) - Waiting for cluster to be ready. Got 0 of 3 DN Heartbeats.
2019-10-21 22:00:40,683 [Datanode State Machine Thread - 0] INFO  ozoneimpl.OzoneContainer (OzoneContainer.java:start(213)) - Attempting to start container services.
2019-10-21 22:00:40,684 [Datanode State Machine Thread - 0] INFO  ozoneimpl.OzoneContainer (OzoneContainer.java:startContainerScrub(177)) - Background container scanner has been disabled.
2019-10-21 22:00:40,685 [Datanode State Machine Thread - 0] INFO  ratis.XceiverServerRatis (XceiverServerRatis.java:start(418)) - Starting XceiverServerRatis 95d3bce6-5996-460d-8578-b7f952c18b9c at port 0
2019-10-21 22:00:40,701 [Datanode State Machine Thread - 0] INFO  impl.RaftServerProxy (RaftServerProxy.java:lambda$start$3(299)) - 95d3bce6-5996-460d-8578-b7f952c18b9c: start RPC server
2019-10-21 22:00:40,713 [Datanode State Machine Thread - 0] INFO  ozoneimpl.OzoneContainer (OzoneContainer.java:start(213)) - Attempting to start container services.
2019-10-21 22:00:40,717 [Datanode State Machine Thread - 0] INFO  ozoneimpl.OzoneContainer (OzoneContainer.java:startContainerScrub(177)) - Background container scanner has been disabled.
2019-10-21 22:00:40,717 [Datanode State Machine Thread - 0] INFO  ratis.XceiverServerRatis (XceiverServerRatis.java:start(418)) - Starting XceiverServerRatis a26a9f1d-c528-4494-83e5-475827f7720e at port 0
2019-10-21 22:00:40,725 [Datanode State Machine Thread - 0] INFO  impl.RaftServerProxy (RaftServerProxy.java:lambda$start$3(299)) - a26a9f1d-c528-4494-83e5-475827f7720e: start RPC server
2019-10-21 22:00:40,782 [main] INFO  ozone.MiniOzoneClusterImpl (MiniOzoneClusterImpl.java:lambda$waitForClusterToBeReady$0(147)) - Waiting for cluster to be ready. Got 0 of 3 DN Heartbeats.
2019-10-21 22:00:40,789 [Datanode State Machine Thread - 0] INFO  ozoneimpl.OzoneContainer (OzoneContainer.java:start(213)) - Attempting to start container services.
2019-10-21 22:00:40,791 [Datanode State Machine Thread - 0] INFO  ozoneimpl.OzoneContainer (OzoneContainer.java:startContainerScrub(177)) - Background container scanner has been disabled.
2019-10-21 22:00:40,791 [Datanode State Machine Thread - 0] INFO  ratis.XceiverServerRatis (XceiverServerRatis.java:start(418)) - Starting XceiverServerRatis a1036450-74c2-4405-b4f8-7a994af8c84a at port 0
2019-10-21 22:00:40,800 [Datanode State Machine Thread - 0] INFO  impl.RaftServerProxy (RaftServerProxy.java:lambda$start$3(299)) - a1036450-74c2-4405-b4f8-7a994af8c84a: start RPC server
2019-10-21 22:00:40,831 [Datanode State Machine Thread - 0] INFO  server.GrpcService (GrpcService.java:startImpl(158)) - a1036450-74c2-4405-b4f8-7a994af8c84a: GrpcService started, listening on 0.0.0.0/0.0.0.0:36225
2019-10-21 22:00:40,831 [Datanode State Machine Thread - 0] INFO  server.GrpcService (GrpcService.java:startImpl(158)) - 95d3bce6-5996-460d-8578-b7f952c18b9c: GrpcService started, listening on 0.0.0.0/0.0.0.0:41231
2019-10-21 22:00:40,831 [Datanode State Machine Thread - 0] INFO  server.GrpcService (GrpcService.java:startImpl(158)) - a26a9f1d-c528-4494-83e5-475827f7720e: GrpcService started, listening on 0.0.0.0/0.0.0.0:46217
2019-10-21 22:00:40,831 [Datanode State Machine Thread - 0] INFO  ratis.XceiverServerRatis (XceiverServerRatis.java:start(428)) - XceiverServerRatis 95d3bce6-5996-460d-8578-b7f952c18b9c is started using port 41231
2019-10-21 22:00:40,831 [Datanode State Machine Thread - 0] INFO  ratis.XceiverServerRatis (XceiverServerRatis.java:start(428)) - XceiverServerRatis a1036450-74c2-4405-b4f8-7a994af8c84a is started using port 36225
2019-10-21 22:00:40,831 [Datanode State Machine Thread - 0] INFO  ratis.XceiverServerRatis (XceiverServerRatis.java:start(428)) - XceiverServerRatis a26a9f1d-c528-4494-83e5-475827f7720e is started using port 46217
2019-10-21 22:00:40,835 [Datanode State Machine Thread - 0] INFO  server.XceiverServerGrpc (XceiverServerGrpc.java:start(149)) - XceiverServerGrpc 95d3bce6-5996-460d-8578-b7f952c18b9c is started using port 41112
2019-10-21 22:00:40,835 [Datanode State Machine Thread - 0] INFO  server.XceiverServerGrpc (XceiverServerGrpc.java:start(149)) - XceiverServerGrpc a26a9f1d-c528-4494-83e5-475827f7720e is started using port 46656
2019-10-21 22:00:40,835 [Datanode State Machine Thread - 0] INFO  server.XceiverServerGrpc (XceiverServerGrpc.java:start(149)) - XceiverServerGrpc a1036450-74c2-4405-b4f8-7a994af8c84a is started using port 44186
2019-10-21 22:00:41,783 [main] INFO  ozone.MiniOzoneClusterImpl (MiniOzoneClusterImpl.java:lambda$waitForClusterToBeReady$0(147)) - Waiting for cluster to be ready. Got 0 of 3 DN Heartbeats.
2019-10-21 22:00:42,655 [IPC Server handler 3 on 46864] INFO  net.NetworkTopology (NetworkTopologyImpl.java:add(111)) - Added a new node: /default-rack/95d3bce6-5996-460d-8578-b7f952c18b9c
2019-10-21 22:00:42,656 [IPC Server handler 3 on 46864] INFO  node.SCMNodeManager (SCMNodeManager.java:register(268)) - Registered Data node : 95d3bce6-5996-460d-8578-b7f952c18b9c{ip: 192.168.69.92, host: pr-hdds-2240-577ml-2645996955, networkLocation: /default-rack, certSerialId: null}
2019-10-21 22:00:42,658 [EventQueue-NodeRegistrationContainerReportForDataNodeSafeModeRule] INFO  safemode.SCMSafeModeManager (DataNodeSafeModeRule.java:process(71)) - SCM in safe mode. 1 DataNodes registered, 1 required.
2019-10-21 22:00:42,659 [EventQueue-NodeRegistrationContainerReportForDataNodeSafeModeRule] INFO  safemode.SCMSafeModeManager (SCMSafeModeManager.java:validateSafeModeExitRules(177)) - ScmSafeModeManager, all rules are successfully validated
2019-10-21 22:00:42,659 [EventQueue-NodeRegistrationContainerReportForDataNodeSafeModeRule] INFO  safemode.SCMSafeModeManager (SCMSafeModeManager.java:exitSafeMode(193)) - SCM exiting safe mode.
2019-10-21 22:00:42,704 [IPC Server handler 2 on 46864] INFO  net.NetworkTopology (NetworkTopologyImpl.java:add(111)) - Added a new node: /default-rack/a26a9f1d-c528-4494-83e5-475827f7720e
2019-10-21 22:00:42,704 [IPC Server handler 2 on 46864] INFO  node.SCMNodeManager (SCMNodeManager.java:register(268)) - Registered Data node : a26a9f1d-c528-4494-83e5-475827f7720e{ip: 192.168.69.92, host: pr-hdds-2240-577ml-2645996955, networkLocation: /default-rack, certSerialId: null}
2019-10-21 22:00:42,783 [main] INFO  ozone.MiniOzoneClusterImpl (MiniOzoneClusterImpl.java:lambda$waitForClusterToBeReady$0(147)) - Waiting for cluster to be ready. Got 2 of 3 DN Heartbeats.
2019-10-21 22:00:42,784 [IPC Server handler 1 on 46864] INFO  net.NetworkTopology (NetworkTopologyImpl.java:add(111)) - Added a new node: /default-rack/a1036450-74c2-4405-b4f8-7a994af8c84a
2019-10-21 22:00:42,785 [IPC Server handler 1 on 46864] INFO  node.SCMNodeManager (SCMNodeManager.java:register(268)) - Registered Data node : a1036450-74c2-4405-b4f8-7a994af8c84a{ip: 192.168.69.92, host: pr-hdds-2240-577ml-2645996955, networkLocation: /default-rack, certSerialId: null}
2019-10-21 22:00:43,032 [grpc-default-executor-0] INFO  impl.RaftServerProxy (RaftServerProxy.java:addNew(89)) - 95d3bce6-5996-460d-8578-b7f952c18b9c: addNew group-1A05A55ABE38:[95d3bce6-5996-460d-8578-b7f952c18b9c:192.168.69.92:41231] returns group-1A05A55ABE38:java.util.concurrent.CompletableFuture@d499769[Not completed]
2019-10-21 22:00:43,043 [pool-27-thread-1] INFO  impl.RaftServerImpl (RaftServerImpl.java:<init>(104)) - 95d3bce6-5996-460d-8578-b7f952c18b9c: new RaftServerImpl for group-1A05A55ABE38:[95d3bce6-5996-460d-8578-b7f952c18b9c:192.168.69.92:41231] with ContainerStateMachine:uninitialized
2019-10-21 22:00:43,045 [pool-27-thread-1] INFO  server.RaftServerConfigKeys (ConfUtils.java:logGet(43)) - raft.server.rpc.timeout.min = 5s (custom)
2019-10-21 22:00:43,046 [pool-27-thread-1] INFO  server.RaftServerConfigKeys (ConfUtils.java:logGet(43)) - raft.server.rpc.timeout.max = 5200ms (custom)
2019-10-21 22:00:43,046 [pool-27-thread-1] INFO  server.RaftServerConfigKeys (ConfUtils.java:logGet(43)) - raft.server.rpcslowness.timeout = 1000s (custom)
2019-10-21 22:00:43,047 [pool-27-thread-1] INFO  server.RaftServerConfigKeys (ConfUtils.java:logGet(43)) - raft.server.sleep.deviation.threshold = 300 (default)
2019-10-21 22:00:43,047 [pool-27-thread-1] INFO  server.RaftServerConfigKeys (ConfUtils.java:logGet(43)) - raft.server.log.appender.install.snapshot.enabled = false (custom)
2019-10-21 22:00:43,056 [pool-27-thread-1] INFO  impl.RaftServerImpl (ServerState.java:<init>(103)) - 95d3bce6-5996-460d-8578-b7f952c18b9c@group-1A05A55ABE38: ConfigurationManager, init=-1: [95d3bce6-5996-460d-8578-b7f952c18b9c:192.168.69.92:41231], old=null, confs=<EMPTY_MAP>
2019-10-21 22:00:43,056 [pool-27-thread-1] INFO  server.RaftServerConfigKeys (ConfUtils.java:logGet(43)) - raft.server.storage.dir = [/workdir/hadoop-ozone/integration-test/target/test-dir/MiniOzoneClusterImpl-18cca4e0-1166-4b57-9da5-bc6c79423f4b/datanode-0/data/ratis] (custom)
2019-10-21 22:00:43,062 [pool-27-thread-1] INFO  server.RaftServerConfigKeys (ConfUtils.java:logGet(43)) - raft.server.log.corruption.policy = EXCEPTION (default)
2019-10-21 22:00:43,064 [pool-27-thread-1] INFO  storage.RaftStorageDirectory (RaftStorageDirectory.java:analyzeStorage(246)) - The storage directory /workdir/hadoop-ozone/integration-test/target/test-dir/MiniOzoneClusterImpl-18cca4e0-1166-4b57-9da5-bc6c79423f4b/datanode-0/data/ratis/777e634c-f887-4ff1-8e85-1a05a55abe38 does not exist. Creating ...
2019-10-21 22:00:43,084 [pool-27-thread-1] INFO  storage.RaftStorageDirectory (RaftStorageDirectory.java:tryLock(328)) - Lock on /workdir/hadoop-ozone/integration-test/target/test-dir/MiniOzoneClusterImpl-18cca4e0-1166-4b57-9da5-bc6c79423f4b/datanode-0/data/ratis/777e634c-f887-4ff1-8e85-1a05a55abe38/in_use.lock acquired by nodename 9635@pr-hdds-2240-577ml-2645996955
2019-10-21 22:00:43,095 [pool-27-thread-1] INFO  storage.RaftStorage (RaftStorage.java:format(84)) - Storage directory /workdir/hadoop-ozone/integration-test/target/test-dir/MiniOzoneClusterImpl-18cca4e0-1166-4b57-9da5-bc6c79423f4b/datanode-0/data/ratis/777e634c-f887-4ff1-8e85-1a05a55abe38 has been successfully formatted.
2019-10-21 22:00:43,119 [pool-27-thread-1] INFO  ratis.ContainerStateMachine (ContainerStateMachine.java:loadSnapshot(231)) - group-1A05A55ABE38: The snapshot info is null. Setting the last applied indexto:(t:0, i:~)
2019-10-21 22:00:43,119 [pool-27-thread-1] INFO  server.RaftServerConfigKeys (ConfUtils.java:logGet(43)) - raft.server.notification.no-leader.timeout = 1000s (custom)
2019-10-21 22:00:43,121 [pool-27-thread-1] INFO  server.RaftServerConfigKeys (ConfUtils.java:logGet(43)) - raft.server.log.use.memory = false (default)
2019-10-21 22:00:43,126 [pool-27-thread-1] INFO  server.RaftServerConfigKeys (ConfUtils.java:logGet(43)) - raft.server.log.purge.gap = 1000000 (custom)
2019-10-21 22:00:43,126 [pool-27-thread-1] INFO  server.RaftServerConfigKeys (ConfUtils.java:logGet(43)) - raft.server.log.appender.buffer.byte-limit = 33554432 (custom)
2019-10-21 22:00:43,128 [pool-27-thread-1] INFO  server.RaftServerConfigKeys (ConfUtils.java:logGet(43)) - raft.server.log.segment.size.max = 1048576 (custom)
2019-10-21 22:00:43,129 [pool-27-thread-1] INFO  impl.MetricsSystemImpl (MetricsSystemImpl.java:init(158)) - ratis metrics system started (again)
2019-10-21 22:00:43,133 [pool-27-thread-1] INFO  metrics.MetricRegistries (MetricRegistriesLoader.java:load(64)) - Loaded MetricRegistries class org.apache.ratis.metrics.impl.MetricRegistriesImpl
2019-10-21 22:00:43,163 [pool-27-thread-1] INFO  server.RaftServerConfigKeys (ConfUtils.java:logGet(43)) - raft.server.log.segment.cache.num.max = 2 (custom)
2019-10-21 22:00:43,168 [pool-27-thread-1] INFO  segmented.SegmentedRaftLogWorker (SegmentedRaftLogWorker.java:<init>(173)) - new 95d3bce6-5996-460d-8578-b7f952c18b9c@group-1A05A55ABE38-SegmentedRaftLogWorker for RaftStorage:Storage Directory /workdir/hadoop-ozone/integration-test/target/test-dir/MiniOzoneClusterImpl-18cca4e0-1166-4b57-9da5-bc6c79423f4b/datanode-0/data/ratis/777e634c-f887-4ff1-8e85-1a05a55abe38
2019-10-21 22:00:43,168 [pool-27-thread-1] INFO  server.RaftServerConfigKeys (ConfUtils.java:logGet(43)) - raft.server.log.queue.byte-limit = 2147483647 (custom)
2019-10-21 22:00:43,168 [pool-27-thread-1] INFO  server.RaftServerConfigKeys (ConfUtils.java:logGet(43)) - raft.server.log.queue.element-limit = 1024 (custom)
2019-10-21 22:00:43,169 [pool-27-thread-1] INFO  server.RaftServerConfigKeys (ConfUtils.java:logGet(43)) - raft.server.log.segment.size.max = 1048576 (custom)
2019-10-21 22:00:43,170 [pool-27-thread-1] INFO  server.RaftServerConfigKeys (ConfUtils.java:logGet(43)) - raft.server.log.preallocated.size = 16384 (custom)
2019-10-21 22:00:43,170 [pool-27-thread-1] INFO  server.RaftServerConfigKeys (ConfUtils.java:logGet(43)) - raft.server.log.write.buffer.size = 33554432 (custom)
2019-10-21 22:00:43,170 [pool-27-thread-1] INFO  server.RaftServerConfigKeys (ConfUtils.java:logGet(43)) - raft.server.log.force.sync.num = 128 (default)
2019-10-21 22:00:43,171 [pool-27-thread-1] INFO  server.RaftServerConfigKeys (ConfUtils.java:logGet(43)) - raft.server.log.statemachine.data.sync = true (default)
2019-10-21 22:00:43,171 [pool-27-thread-1] INFO  server.RaftServerConfigKeys (ConfUtils.java:logGet(43)) - raft.server.log.statemachine.data.sync.timeout = 10s (default)
2019-10-21 22:00:43,172 [pool-27-thread-1] INFO  server.RaftServerConfigKeys (ConfUtils.java:logGet(43)) - raft.server.log.statemachine.data.sync.timeout.retry = -1 (default)
2019-10-21 22:00:43,181 [pool-27-thread-1] INFO  server.RaftServerConfigKeys (ConfUtils.java:logGet(43)) - raft.server.log.statemachine.data.caching.enabled = true (custom)
2019-10-21 22:00:43,185 [pool-27-thread-1] INFO  segmented.SegmentedRaftLogWorker (SegmentedRaftLogWorker.java:lambda$new$0(128)) - 95d3bce6-5996-460d-8578-b7f952c18b9c@group-1A05A55ABE38-SegmentedRaftLogWorker: flushIndex: setUnconditionally 0 -> -1
2019-10-21 22:00:43,188 [pool-27-thread-1] INFO  server.RaftServerConfigKeys (ConfUtils.java:logGet(43)) - raft.server.snapshot.auto.trigger.enabled = true (custom)
2019-10-21 22:00:43,189 [pool-27-thread-1] INFO  server.RaftServerConfigKeys (ConfUtils.java:logGet(43)) - raft.server.snapshot.auto.trigger.threshold = 10000 (custom)
2019-10-21 22:00:43,189 [pool-27-thread-1] INFO  server.RaftServerConfigKeys (ConfUtils.java:logGet(43)) - raft.server.snapshot.retention.file.num = 5 (custom)
2019-10-21 22:00:43,190 [pool-27-thread-1] INFO  server.RaftServerConfigKeys (ConfUtils.java:logGet(43)) - raft.server.retrycache.expirytime = 600000ms (custom)
2019-10-21 22:00:43,214 [pool-27-thread-1] INFO  impl.RaftServerImpl (RaftServerImpl.java:start(195)) - 95d3bce6-5996-460d-8578-b7f952c18b9c@group-1A05A55ABE38: start as a follower, conf=-1: [95d3bce6-5996-460d-8578-b7f952c18b9c:192.168.69.92:41231], old=null
2019-10-21 22:00:43,215 [pool-27-thread-1] INFO  impl.RaftServerImpl (RaftServerImpl.java:setRole(184)) - 95d3bce6-5996-460d-8578-b7f952c18b9c@group-1A05A55ABE38: changes role from      null to FOLLOWER at term 0 for startAsFollower
2019-10-21 22:00:43,216 [pool-27-thread-1] INFO  impl.RoleInfo (RoleInfo.java:updateAndGet(143)) - 95d3bce6-5996-460d-8578-b7f952c18b9c: start FollowerState
2019-10-21 22:00:43,217 [pool-27-thread-1] INFO  util.JmxRegister (JmxRegister.java:tryRegister(44)) - Successfully registered JMX Bean with object name Ratis:service=RaftServer,group=group-1A05A55ABE38,id=95d3bce6-5996-460d-8578-b7f952c18b9c
2019-10-21 22:00:43,231 [Thread-186] INFO  impl.FollowerState (FollowerState.java:run(108)) - 95d3bce6-5996-460d-8578-b7f952c18b9c@group-1A05A55ABE38-FollowerState: change to CANDIDATE, lastRpcTime:16ms, electionTimeout:15ms
2019-10-21 22:00:43,235 [Thread-186] INFO  impl.RoleInfo (RoleInfo.java:shutdownFollowerState(121)) - 95d3bce6-5996-460d-8578-b7f952c18b9c: shutdown FollowerState
2019-10-21 22:00:43,236 [Thread-186] INFO  impl.RaftServerImpl (RaftServerImpl.java:setRole(184)) - 95d3bce6-5996-460d-8578-b7f952c18b9c@group-1A05A55ABE38: changes role from  FOLLOWER to CANDIDATE at term 0 for changeToCandidate
2019-10-21 22:00:43,240 [Thread-186] INFO  impl.RoleInfo (RoleInfo.java:updateAndGet(143)) - 95d3bce6-5996-460d-8578-b7f952c18b9c: start LeaderElection
2019-10-21 22:00:43,253 [95d3bce6-5996-460d-8578-b7f952c18b9c@group-1A05A55ABE38-LeaderElection1] INFO  impl.LeaderElection (LeaderElection.java:askForVotes(178)) - 95d3bce6-5996-460d-8578-b7f952c18b9c@group-1A05A55ABE38-LeaderElection1: begin an election at term 1 for -1: [95d3bce6-5996-460d-8578-b7f952c18b9c:192.168.69.92:41231], old=null
2019-10-21 22:00:43,254 [95d3bce6-5996-460d-8578-b7f952c18b9c@group-1A05A55ABE38-LeaderElection1] INFO  impl.RoleInfo (RoleInfo.java:shutdownLeaderElection(134)) - 95d3bce6-5996-460d-8578-b7f952c18b9c: shutdown LeaderElection
2019-10-21 22:00:43,255 [95d3bce6-5996-460d-8578-b7f952c18b9c@group-1A05A55ABE38-LeaderElection1] INFO  impl.RaftServerImpl (RaftServerImpl.java:setRole(184)) - 95d3bce6-5996-460d-8578-b7f952c18b9c@group-1A05A55ABE38: changes role from CANDIDATE to LEADER at term 1 for changeToLeader
2019-10-21 22:00:43,255 [95d3bce6-5996-460d-8578-b7f952c18b9c@group-1A05A55ABE38-LeaderElection1] INFO  impl.RaftServerImpl (ServerState.java:setLeader(256)) - 95d3bce6-5996-460d-8578-b7f952c18b9c@group-1A05A55ABE38: change Leader from null to 95d3bce6-5996-460d-8578-b7f952c18b9c at term 1 for becomeLeader, leader elected after 135ms
2019-10-21 22:00:43,260 [95d3bce6-5996-460d-8578-b7f952c18b9c@group-1A05A55ABE38-LeaderElection1] INFO  server.RaftServerConfigKeys (ConfUtils.java:logGet(43)) - raft.server.staging.catchup.gap = 1000 (default)
2019-10-21 22:00:43,260 [95d3bce6-5996-460d-8578-b7f952c18b9c@group-1A05A55ABE38-LeaderElection1] INFO  server.RaftServerConfigKeys (ConfUtils.java:logGet(43)) - raft.server.rpc.sleep.time = 25ms (default)
2019-10-21 22:00:43,264 [95d3bce6-5996-460d-8578-b7f952c18b9c@group-1A05A55ABE38-LeaderElection1] INFO  server.RaftServerConfigKeys (ConfUtils.java:logGet(43)) - raft.server.write.element-limit = 4096 (default)
2019-10-21 22:00:43,266 [95d3bce6-5996-460d-8578-b7f952c18b9c@group-1A05A55ABE38-LeaderElection1] INFO  server.RaftServerConfigKeys (ConfUtils.java:logGet(43)) - raft.server.watch.timeout = 10s (default)
2019-10-21 22:00:43,266 [95d3bce6-5996-460d-8578-b7f952c18b9c@group-1A05A55ABE38-LeaderElection1] INFO  server.RaftServerConfigKeys (ConfUtils.java:logGet(43)) - raft.server.watch.timeout.denomination = 1s (default)
2019-10-21 22:00:43,267 [95d3bce6-5996-460d-8578-b7f952c18b9c@group-1A05A55ABE38-LeaderElection1] INFO  server.RaftServerConfigKeys (ConfUtils.java:logGet(43)) - raft.server.watch.element-limit = 65536 (default)
2019-10-21 22:00:43,286 [RatisPipelineUtilsThread] INFO  pipeline.PipelineStateManager (PipelineStateManager.java:addPipeline(56)) - Created pipeline Pipeline[ Id: 777e634c-f887-4ff1-8e85-1a05a55abe38, Nodes: 95d3bce6-5996-460d-8578-b7f952c18b9c{ip: 192.168.69.92, host: pr-hdds-2240-577ml-2645996955, networkLocation: /default-rack, certSerialId: null}, Type:RATIS, Factor:ONE, State:OPEN]
2019-10-21 22:00:43,295 [95d3bce6-5996-460d-8578-b7f952c18b9c@group-1A05A55ABE38-LeaderElection1] INFO  impl.RoleInfo (RoleInfo.java:updateAndGet(143)) - 95d3bce6-5996-460d-8578-b7f952c18b9c: start LeaderState
2019-10-21 22:00:43,301 [grpc-default-executor-0] INFO  impl.RaftServerProxy (RaftServerProxy.java:addNew(89)) - a1036450-74c2-4405-b4f8-7a994af8c84a: addNew group-7431D6ABEE31:[a1036450-74c2-4405-b4f8-7a994af8c84a:192.168.69.92:36225] returns group-7431D6ABEE31:java.util.concurrent.CompletableFuture@5dd06dbd[Not completed]
2019-10-21 22:00:43,303 [pool-47-thread-1] INFO  impl.RaftServerImpl (RaftServerImpl.java:<init>(104)) - a1036450-74c2-4405-b4f8-7a994af8c84a: new RaftServerImpl for group-7431D6ABEE31:[a1036450-74c2-4405-b4f8-7a994af8c84a:192.168.69.92:36225] with ContainerStateMachine:uninitialized
2019-10-21 22:00:43,303 [pool-47-thread-1] INFO  server.RaftServerConfigKeys (ConfUtils.java:logGet(43)) - raft.server.rpc.timeout.min = 5s (custom)
2019-10-21 22:00:43,303 [pool-47-thread-1] INFO  server.RaftServerConfigKeys (ConfUtils.java:logGet(43)) - raft.server.rpc.timeout.max = 5200ms (custom)
2019-10-21 22:00:43,304 [pool-47-thread-1] INFO  server.RaftServerConfigKeys (ConfUtils.java:logGet(43)) - raft.server.rpcslowness.timeout = 1000s (custom)
2019-10-21 22:00:43,304 [pool-47-thread-1] INFO  server.RaftServerConfigKeys (ConfUtils.java:logGet(43)) - raft.server.sleep.deviation.threshold = 300 (default)
2019-10-21 22:00:43,304 [pool-47-thread-1] INFO  server.RaftServerConfigKeys (ConfUtils.java:logGet(43)) - raft.server.log.appender.install.snapshot.enabled = false (custom)
2019-10-21 22:00:43,304 [pool-47-thread-1] INFO  impl.RaftServerImpl (ServerState.java:<init>(103)) - a1036450-74c2-4405-b4f8-7a994af8c84a@group-7431D6ABEE31: ConfigurationManager, init=-1: [a1036450-74c2-4405-b4f8-7a994af8c84a:192.168.69.92:36225], old=null, confs=<EMPTY_MAP>
2019-10-21 22:00:43,304 [pool-47-thread-1] INFO  server.RaftServerConfigKeys (ConfUtils.java:logGet(43)) - raft.server.storage.dir = [/workdir/hadoop-ozone/integration-test/target/test-dir/MiniOzoneClusterImpl-18cca4e0-1166-4b57-9da5-bc6c79423f4b/datanode-2/data/ratis] (custom)
2019-10-21 22:00:43,305 [pool-47-thread-1] INFO  server.RaftServerConfigKeys (ConfUtils.java:logGet(43)) - raft.server.log.corruption.policy = EXCEPTION (default)
2019-10-21 22:00:43,305 [pool-47-thread-1] INFO  storage.RaftStorageDirectory (RaftStorageDirectory.java:analyzeStorage(246)) - The storage directory /workdir/hadoop-ozone/integration-test/target/test-dir/MiniOzoneClusterImpl-18cca4e0-1166-4b57-9da5-bc6c79423f4b/datanode-2/data/ratis/2b92a823-5686-4684-bea8-7431d6abee31 does not exist. Creating ...
2019-10-21 22:00:43,313 [95d3bce6-5996-460d-8578-b7f952c18b9c@group-1A05A55ABE38-LeaderElection1] INFO  segmented.SegmentedRaftLogWorker (SegmentedRaftLogWorker.java:startLogSegment(385)) - 95d3bce6-5996-460d-8578-b7f952c18b9c@group-1A05A55ABE38-SegmentedRaftLogWorker: Starting segment from index:0
2019-10-21 22:00:43,317 [pool-47-thread-1] INFO  storage.RaftStorageDirectory (RaftStorageDirectory.java:tryLock(328)) - Lock on /workdir/hadoop-ozone/integration-test/target/test-dir/MiniOzoneClusterImpl-18cca4e0-1166-4b57-9da5-bc6c79423f4b/datanode-2/data/ratis/2b92a823-5686-4684-bea8-7431d6abee31/in_use.lock acquired by nodename 9635@pr-hdds-2240-577ml-2645996955
2019-10-21 22:00:43,322 [95d3bce6-5996-460d-8578-b7f952c18b9c@group-1A05A55ABE38-LeaderElection1] INFO  impl.RaftServerImpl (ServerState.java:setRaftConf(357)) - 95d3bce6-5996-460d-8578-b7f952c18b9c@group-1A05A55ABE38: set configuration 0: [95d3bce6-5996-460d-8578-b7f952c18b9c:192.168.69.92:41231], old=null at 0
2019-10-21 22:00:43,325 [pool-47-thread-1] INFO  storage.RaftStorage (RaftStorage.java:format(84)) - Storage directory /workdir/hadoop-ozone/integration-test/target/test-dir/MiniOzoneClusterImpl-18cca4e0-1166-4b57-9da5-bc6c79423f4b/datanode-2/data/ratis/2b92a823-5686-4684-bea8-7431d6abee31 has been successfully formatted.
2019-10-21 22:00:43,329 [pool-47-thread-1] INFO  ratis.ContainerStateMachine (ContainerStateMachine.java:loadSnapshot(231)) - group-7431D6ABEE31: The snapshot info is null. Setting the last applied indexto:(t:0, i:~)
2019-10-21 22:00:43,329 [pool-47-thread-1] INFO  server.RaftServerConfigKeys (ConfUtils.java:logGet(43)) - raft.server.notification.no-leader.timeout = 1000s (custom)
2019-10-21 22:00:43,329 [pool-47-thread-1] INFO  server.RaftServerConfigKeys (ConfUtils.java:logGet(43)) - raft.server.log.use.memory = false (default)
2019-10-21 22:00:43,329 [pool-47-thread-1] INFO  server.RaftServerConfigKeys (ConfUtils.java:logGet(43)) - raft.server.log.purge.gap = 1000000 (custom)
2019-10-21 22:00:43,330 [pool-47-thread-1] INFO  server.RaftServerConfigKeys (ConfUtils.java:logGet(43)) - raft.server.log.appender.buffer.byte-limit = 33554432 (custom)
2019-10-21 22:00:43,330 [pool-47-thread-1] INFO  server.RaftServerConfigKeys (ConfUtils.java:logGet(43)) - raft.server.log.segment.size.max = 1048576 (custom)
2019-10-21 22:00:43,347 [pool-47-thread-1] INFO  server.RaftServerConfigKeys (ConfUtils.java:logGet(43)) - raft.server.log.segment.cache.num.max = 2 (custom)
2019-10-21 22:00:43,347 [pool-47-thread-1] INFO  segmented.SegmentedRaftLogWorker (SegmentedRaftLogWorker.java:<init>(173)) - new a1036450-74c2-4405-b4f8-7a994af8c84a@group-7431D6ABEE31-SegmentedRaftLogWorker for RaftStorage:Storage Directory /workdir/hadoop-ozone/integration-test/target/test-dir/MiniOzoneClusterImpl-18cca4e0-1166-4b57-9da5-bc6c79423f4b/datanode-2/data/ratis/2b92a823-5686-4684-bea8-7431d6abee31
2019-10-21 22:00:43,347 [pool-47-thread-1] INFO  server.RaftServerConfigKeys (ConfUtils.java:logGet(43)) - raft.server.log.queue.byte-limit = 2147483647 (custom)
2019-10-21 22:00:43,347 [pool-47-thread-1] INFO  server.RaftServerConfigKeys (ConfUtils.java:logGet(43)) - raft.server.log.queue.element-limit = 1024 (custom)
2019-10-21 22:00:43,347 [pool-47-thread-1] INFO  server.RaftServerConfigKeys (ConfUtils.java:logGet(43)) - raft.server.log.segment.size.max = 1048576 (custom)
2019-10-21 22:00:43,347 [pool-47-thread-1] INFO  server.RaftServerConfigKeys (ConfUtils.java:logGet(43)) - raft.server.log.preallocated.size = 16384 (custom)
2019-10-21 22:00:43,347 [pool-47-thread-1] INFO  server.RaftServerConfigKeys (ConfUtils.java:logGet(43)) - raft.server.log.write.buffer.size = 33554432 (custom)
2019-10-21 22:00:43,348 [pool-47-thread-1] INFO  server.RaftServerConfigKeys (ConfUtils.java:logGet(43)) - raft.server.log.force.sync.num = 128 (default)
2019-10-21 22:00:43,348 [pool-47-thread-1] INFO  server.RaftServerConfigKeys (ConfUtils.java:logGet(43)) - raft.server.log.statemachine.data.sync = true (default)
2019-10-21 22:00:43,348 [pool-47-thread-1] INFO  server.RaftServerConfigKeys (ConfUtils.java:logGet(43)) - raft.server.log.statemachine.data.sync.timeout = 10s (default)
2019-10-21 22:00:43,348 [pool-47-thread-1] INFO  server.RaftServerConfigKeys (ConfUtils.java:logGet(43)) - raft.server.log.statemachine.data.sync.timeout.retry = -1 (default)
2019-10-21 22:00:43,348 [pool-47-thread-1] INFO  server.RaftServerConfigKeys (ConfUtils.java:logGet(43)) - raft.server.log.statemachine.data.caching.enabled = true (custom)
2019-10-21 22:00:43,349 [pool-47-thread-1] INFO  segmented.SegmentedRaftLogWorker (SegmentedRaftLogWorker.java:lambda$new$0(128)) - a1036450-74c2-4405-b4f8-7a994af8c84a@group-7431D6ABEE31-SegmentedRaftLogWorker: flushIndex: setUnconditionally 0 -> -1
2019-10-21 22:00:43,349 [pool-47-thread-1] INFO  server.RaftServerConfigKeys (ConfUtils.java:logGet(43)) - raft.server.snapshot.auto.trigger.enabled = true (custom)
2019-10-21 22:00:43,349 [pool-47-thread-1] INFO  server.RaftServerConfigKeys (ConfUtils.java:logGet(43)) - raft.server.snapshot.auto.trigger.threshold = 10000 (custom)
2019-10-21 22:00:43,349 [pool-47-thread-1] INFO  server.RaftServerConfigKeys (ConfUtils.java:logGet(43)) - raft.server.snapshot.retention.file.num = 5 (custom)
2019-10-21 22:00:43,350 [pool-47-thread-1] INFO  server.RaftServerConfigKeys (ConfUtils.java:logGet(43)) - raft.server.retrycache.expirytime = 600000ms (custom)
2019-10-21 22:00:43,356 [pool-47-thread-1] INFO  impl.RaftServerImpl (RaftServerImpl.java:start(195)) - a1036450-74c2-4405-b4f8-7a994af8c84a@group-7431D6ABEE31: start as a follower, conf=-1: [a1036450-74c2-4405-b4f8-7a994af8c84a:192.168.69.92:36225], old=null
2019-10-21 22:00:43,356 [pool-47-thread-1] INFO  impl.RaftServerImpl (RaftServerImpl.java:setRole(184)) - a1036450-74c2-4405-b4f8-7a994af8c84a@group-7431D6ABEE31: changes role from      null to FOLLOWER at term 0 for startAsFollower
2019-10-21 22:00:43,356 [pool-47-thread-1] INFO  impl.RoleInfo (RoleInfo.java:updateAndGet(143)) - a1036450-74c2-4405-b4f8-7a994af8c84a: start FollowerState
2019-10-21 22:00:43,356 [pool-47-thread-1] INFO  util.JmxRegister (JmxRegister.java:tryRegister(44)) - Successfully registered JMX Bean with object name Ratis:service=RaftServer,group=group-7431D6ABEE31,id=a1036450-74c2-4405-b4f8-7a994af8c84a
2019-10-21 22:00:43,369 [RatisPipelineUtilsThread] INFO  pipeline.PipelineStateManager (PipelineStateManager.java:addPipeline(56)) - Created pipeline Pipeline[ Id: 2b92a823-5686-4684-bea8-7431d6abee31, Nodes: a1036450-74c2-4405-b4f8-7a994af8c84a{ip: 192.168.69.92, host: pr-hdds-2240-577ml-2645996955, networkLocation: /default-rack, certSerialId: null}, Type:RATIS, Factor:ONE, State:OPEN]
2019-10-21 22:00:43,381 [Thread-191] INFO  impl.FollowerState (FollowerState.java:run(108)) - a1036450-74c2-4405-b4f8-7a994af8c84a@group-7431D6ABEE31-FollowerState: change to CANDIDATE, lastRpcTime:25ms, electionTimeout:25ms
2019-10-21 22:00:43,382 [Thread-191] INFO  impl.RoleInfo (RoleInfo.java:shutdownFollowerState(121)) - a1036450-74c2-4405-b4f8-7a994af8c84a: shutdown FollowerState
2019-10-21 22:00:43,383 [Thread-191] INFO  impl.RaftServerImpl (RaftServerImpl.java:setRole(184)) - a1036450-74c2-4405-b4f8-7a994af8c84a@group-7431D6ABEE31: changes role from  FOLLOWER to CANDIDATE at term 0 for changeToCandidate
2019-10-21 22:00:43,383 [Thread-191] INFO  impl.RoleInfo (RoleInfo.java:updateAndGet(143)) - a1036450-74c2-4405-b4f8-7a994af8c84a: start LeaderElection
2019-10-21 22:00:43,385 [grpc-default-executor-0] INFO  impl.RaftServerProxy (RaftServerProxy.java:addNew(89)) - a26a9f1d-c528-4494-83e5-475827f7720e: addNew group-22A6327C128C:[a26a9f1d-c528-4494-83e5-475827f7720e:192.168.69.92:46217] returns group-22A6327C128C:java.util.concurrent.CompletableFuture@4dc8efc3[Not completed]
2019-10-21 22:00:43,391 [pool-37-thread-1] INFO  impl.RaftServerImpl (RaftServerImpl.java:<init>(104)) - a26a9f1d-c528-4494-83e5-475827f7720e: new RaftServerImpl for group-22A6327C128C:[a26a9f1d-c528-4494-83e5-475827f7720e:192.168.69.92:46217] with ContainerStateMachine:uninitialized
2019-10-21 22:00:43,392 [pool-37-thread-1] INFO  server.RaftServerConfigKeys (ConfUtils.java:logGet(43)) - raft.server.rpc.timeout.min = 5s (custom)
2019-10-21 22:00:43,392 [pool-37-thread-1] INFO  server.RaftServerConfigKeys (ConfUtils.java:logGet(43)) - raft.server.rpc.timeout.max = 5200ms (custom)
2019-10-21 22:00:43,392 [pool-37-thread-1] INFO  server.RaftServerConfigKeys (ConfUtils.java:logGet(43)) - raft.server.rpcslowness.timeout = 1000s (custom)
2019-10-21 22:00:43,392 [pool-37-thread-1] INFO  server.RaftServerConfigKeys (ConfUtils.java:logGet(43)) - raft.server.sleep.deviation.threshold = 300 (default)
2019-10-21 22:00:43,392 [pool-37-thread-1] INFO  server.RaftServerConfigKeys (ConfUtils.java:logGet(43)) - raft.server.log.appender.install.snapshot.enabled = false (custom)
2019-10-21 22:00:43,392 [pool-37-thread-1] INFO  impl.RaftServerImpl (ServerState.java:<init>(103)) - a26a9f1d-c528-4494-83e5-475827f7720e@group-22A6327C128C: ConfigurationManager, init=-1: [a26a9f1d-c528-4494-83e5-475827f7720e:192.168.69.92:46217], old=null, confs=<EMPTY_MAP>
2019-10-21 22:00:43,392 [pool-37-thread-1] INFO  server.RaftServerConfigKeys (ConfUtils.java:logGet(43)) - raft.server.storage.dir = [/workdir/hadoop-ozone/integration-test/target/test-dir/MiniOzoneClusterImpl-18cca4e0-1166-4b57-9da5-bc6c79423f4b/datanode-1/data/ratis] (custom)
2019-10-21 22:00:43,392 [pool-37-thread-1] INFO  server.RaftServerConfigKeys (ConfUtils.java:logGet(43)) - raft.server.log.corruption.policy = EXCEPTION (default)
2019-10-21 22:00:43,393 [pool-37-thread-1] INFO  storage.RaftStorageDirectory (RaftStorageDirectory.java:analyzeStorage(246)) - The storage directory /workdir/hadoop-ozone/integration-test/target/test-dir/MiniOzoneClusterImpl-18cca4e0-1166-4b57-9da5-bc6c79423f4b/datanode-1/data/ratis/3ffd9eb0-d42a-45d5-bc1d-22a6327c128c does not exist. Creating ...
2019-10-21 22:00:43,397 [pool-37-thread-1] INFO  storage.RaftStorageDirectory (RaftStorageDirectory.java:tryLock(328)) - Lock on /workdir/hadoop-ozone/integration-test/target/test-dir/MiniOzoneClusterImpl-18cca4e0-1166-4b57-9da5-bc6c79423f4b/datanode-1/data/ratis/3ffd9eb0-d42a-45d5-bc1d-22a6327c128c/in_use.lock acquired by nodename 9635@pr-hdds-2240-577ml-2645996955
2019-10-21 22:00:43,398 [a1036450-74c2-4405-b4f8-7a994af8c84a@group-7431D6ABEE31-LeaderElection2] INFO  impl.LeaderElection (LeaderElection.java:askForVotes(178)) - a1036450-74c2-4405-b4f8-7a994af8c84a@group-7431D6ABEE31-LeaderElection2: begin an election at term 1 for -1: [a1036450-74c2-4405-b4f8-7a994af8c84a:192.168.69.92:36225], old=null
2019-10-21 22:00:43,399 [a1036450-74c2-4405-b4f8-7a994af8c84a@group-7431D6ABEE31-LeaderElection2] INFO  impl.RoleInfo (RoleInfo.java:shutdownLeaderElection(134)) - a1036450-74c2-4405-b4f8-7a994af8c84a: shutdown LeaderElection
2019-10-21 22:00:43,399 [a1036450-74c2-4405-b4f8-7a994af8c84a@group-7431D6ABEE31-LeaderElection2] INFO  impl.RaftServerImpl (RaftServerImpl.java:setRole(184)) - a1036450-74c2-4405-b4f8-7a994af8c84a@group-7431D6ABEE31: changes role from CANDIDATE to LEADER at term 1 for changeToLeader
2019-10-21 22:00:43,399 [a1036450-74c2-4405-b4f8-7a994af8c84a@group-7431D6ABEE31-LeaderElection2] INFO  impl.RaftServerImpl (ServerState.java:setLeader(256)) - a1036450-74c2-4405-b4f8-7a994af8c84a@group-7431D6ABEE31: change Leader from null to a1036450-74c2-4405-b4f8-7a994af8c84a at term 1 for becomeLeader, leader elected after 69ms
2019-10-21 22:00:43,399 [a1036450-74c2-4405-b4f8-7a994af8c84a@group-7431D6ABEE31-LeaderElection2] INFO  server.RaftServerConfigKeys (ConfUtils.java:logGet(43)) - raft.server.staging.catchup.gap = 1000 (default)
2019-10-21 22:00:43,399 [a1036450-74c2-4405-b4f8-7a994af8c84a@group-7431D6ABEE31-LeaderElection2] INFO  server.RaftServerConfigKeys (ConfUtils.java:logGet(43)) - raft.server.rpc.sleep.time = 25ms (default)
2019-10-21 22:00:43,399 [a1036450-74c2-4405-b4f8-7a994af8c84a@group-7431D6ABEE31-LeaderElection2] INFO  server.RaftServerConfigKeys (ConfUtils.java:logGet(43)) - raft.server.write.element-limit = 4096 (default)
2019-10-21 22:00:43,399 [a1036450-74c2-4405-b4f8-7a994af8c84a@group-7431D6ABEE31-LeaderElection2] INFO  server.RaftServerConfigKeys (ConfUtils.java:logGet(43)) - raft.server.watch.timeout = 10s (default)
2019-10-21 22:00:43,400 [a1036450-74c2-4405-b4f8-7a994af8c84a@group-7431D6ABEE31-LeaderElection2] INFO  server.RaftServerConfigKeys (ConfUtils.java:logGet(43)) - raft.server.watch.timeout.denomination = 1s (default)
2019-10-21 22:00:43,400 [a1036450-74c2-4405-b4f8-7a994af8c84a@group-7431D6ABEE31-LeaderElection2] INFO  server.RaftServerConfigKeys (ConfUtils.java:logGet(43)) - raft.server.watch.element-limit = 65536 (default)
2019-10-21 22:00:43,402 [a1036450-74c2-4405-b4f8-7a994af8c84a@group-7431D6ABEE31-LeaderElection2] INFO  impl.RoleInfo (RoleInfo.java:updateAndGet(143)) - a1036450-74c2-4405-b4f8-7a994af8c84a: start LeaderState
2019-10-21 22:00:43,403 [a1036450-74c2-4405-b4f8-7a994af8c84a@group-7431D6ABEE31-LeaderElection2] INFO  segmented.SegmentedRaftLogWorker (SegmentedRaftLogWorker.java:startLogSegment(385)) - a1036450-74c2-4405-b4f8-7a994af8c84a@group-7431D6ABEE31-SegmentedRaftLogWorker: Starting segment from index:0
2019-10-21 22:00:43,403 [a1036450-74c2-4405-b4f8-7a994af8c84a@group-7431D6ABEE31-LeaderElection2] INFO  impl.RaftServerImpl (ServerState.java:setRaftConf(357)) - a1036450-74c2-4405-b4f8-7a994af8c84a@group-7431D6ABEE31: set configuration 0: [a1036450-74c2-4405-b4f8-7a994af8c84a:192.168.69.92:36225], old=null at 0
2019-10-21 22:00:43,408 [pool-37-thread-1] INFO  storage.RaftStorage (RaftStorage.java:format(84)) - Storage directory /workdir/hadoop-ozone/integration-test/target/test-dir/MiniOzoneClusterImpl-18cca4e0-1166-4b57-9da5-bc6c79423f4b/datanode-1/data/ratis/3ffd9eb0-d42a-45d5-bc1d-22a6327c128c has been successfully formatted.
2019-10-21 22:00:43,409 [pool-37-thread-1] INFO  ratis.ContainerStateMachine (ContainerStateMachine.java:loadSnapshot(231)) - group-22A6327C128C: The snapshot info is null. Setting the last applied indexto:(t:0, i:~)
2019-10-21 22:00:43,409 [pool-37-thread-1] INFO  server.RaftServerConfigKeys (ConfUtils.java:logGet(43)) - raft.server.notification.no-leader.timeout = 1000s (custom)
2019-10-21 22:00:43,409 [pool-37-thread-1] INFO  server.RaftServerConfigKeys (ConfUtils.java:logGet(43)) - raft.server.log.use.memory = false (default)
2019-10-21 22:00:43,409 [pool-37-thread-1] INFO  server.RaftServerConfigKeys (ConfUtils.java:logGet(43)) - raft.server.log.purge.gap = 1000000 (custom)
2019-10-21 22:00:43,409 [pool-37-thread-1] INFO  server.RaftServerConfigKeys (ConfUtils.java:logGet(43)) - raft.server.log.appender.buffer.byte-limit = 33554432 (custom)
2019-10-21 22:00:43,409 [pool-37-thread-1] INFO  server.RaftServerConfigKeys (ConfUtils.java:logGet(43)) - raft.server.log.segment.size.max = 1048576 (custom)
2019-10-21 22:00:43,412 [pool-37-thread-1] INFO  server.RaftServerConfigKeys (ConfUtils.java:logGet(43)) - raft.server.log.segment.cache.num.max = 2 (custom)
2019-10-21 22:00:43,412 [pool-37-thread-1] INFO  segmented.SegmentedRaftLogWorker (SegmentedRaftLogWorker.java:<init>(173)) - new a26a9f1d-c528-4494-83e5-475827f7720e@group-22A6327C128C-SegmentedRaftLogWorker for RaftStorage:Storage Directory /workdir/hadoop-ozone/integration-test/target/test-dir/MiniOzoneClusterImpl-18cca4e0-1166-4b57-9da5-bc6c79423f4b/datanode-1/data/ratis/3ffd9eb0-d42a-45d5-bc1d-22a6327c128c
2019-10-21 22:00:43,412 [pool-37-thread-1] INFO  server.RaftServerConfigKeys (ConfUtils.java:logGet(43)) - raft.server.log.queue.byte-limit = 2147483647 (custom)
2019-10-21 22:00:43,415 [pool-37-thread-1] INFO  server.RaftServerConfigKeys (ConfUtils.java:logGet(43)) - raft.server.log.queue.element-limit = 1024 (custom)
2019-10-21 22:00:43,416 [pool-37-thread-1] INFO  server.RaftServerConfigKeys (ConfUtils.java:logGet(43)) - raft.server.log.segment.size.max = 1048576 (custom)
2019-10-21 22:00:43,416 [pool-37-thread-1] INFO  server.RaftServerConfigKeys (ConfUtils.java:logGet(43)) - raft.server.log.preallocated.size = 16384 (custom)
2019-10-21 22:00:43,416 [pool-37-thread-1] INFO  server.RaftServerConfigKeys (ConfUtils.java:logGet(43)) - raft.server.log.write.buffer.size = 33554432 (custom)
2019-10-21 22:00:43,416 [pool-37-thread-1] INFO  server.RaftServerConfigKeys (ConfUtils.java:logGet(43)) - raft.server.log.force.sync.num = 128 (default)
2019-10-21 22:00:43,417 [pool-37-thread-1] INFO  server.RaftServerConfigKeys (ConfUtils.java:logGet(43)) - raft.server.log.statemachine.data.sync = true (default)
2019-10-21 22:00:43,417 [pool-37-thread-1] INFO  server.RaftServerConfigKeys (ConfUtils.java:logGet(43)) - raft.server.log.statemachine.data.sync.timeout = 10s (default)
2019-10-21 22:00:43,417 [pool-37-thread-1] INFO  server.RaftServerConfigKeys (ConfUtils.java:logGet(43)) - raft.server.log.statemachine.data.sync.timeout.retry = -1 (default)
2019-10-21 22:00:43,419 [pool-37-thread-1] INFO  server.RaftServerConfigKeys (ConfUtils.java:logGet(43)) - raft.server.log.statemachine.data.caching.enabled = true (custom)
2019-10-21 22:00:43,421 [pool-37-thread-1] INFO  segmented.SegmentedRaftLogWorker (SegmentedRaftLogWorker.java:lambda$new$0(128)) - a26a9f1d-c528-4494-83e5-475827f7720e@group-22A6327C128C-SegmentedRaftLogWorker: flushIndex: setUnconditionally 0 -> -1
2019-10-21 22:00:43,421 [pool-37-thread-1] INFO  server.RaftServerConfigKeys (ConfUtils.java:logGet(43)) - raft.server.snapshot.auto.trigger.enabled = true (custom)
2019-10-21 22:00:43,421 [pool-37-thread-1] INFO  server.RaftServerConfigKeys (ConfUtils.java:logGet(43)) - raft.server.snapshot.auto.trigger.threshold = 10000 (custom)
2019-10-21 22:00:43,421 [pool-37-thread-1] INFO  server.RaftServerConfigKeys (ConfUtils.java:logGet(43)) - raft.server.snapshot.retention.file.num = 5 (custom)
2019-10-21 22:00:43,422 [pool-37-thread-1] INFO  server.RaftServerConfigKeys (ConfUtils.java:logGet(43)) - raft.server.retrycache.expirytime = 600000ms (custom)
2019-10-21 22:00:43,428 [pool-37-thread-1] INFO  impl.RaftServerImpl (RaftServerImpl.java:start(195)) - a26a9f1d-c528-4494-83e5-475827f7720e@group-22A6327C128C: start as a follower, conf=-1: [a26a9f1d-c528-4494-83e5-475827f7720e:192.168.69.92:46217], old=null
2019-10-21 22:00:43,429 [pool-37-thread-1] INFO  impl.RaftServerImpl (RaftServerImpl.java:setRole(184)) - a26a9f1d-c528-4494-83e5-475827f7720e@group-22A6327C128C: changes role from      null to FOLLOWER at term 0 for startAsFollower
2019-10-21 22:00:43,429 [pool-37-thread-1] INFO  impl.RoleInfo (RoleInfo.java:updateAndGet(143)) - a26a9f1d-c528-4494-83e5-475827f7720e: start FollowerState
2019-10-21 22:00:43,429 [pool-37-thread-1] INFO  util.JmxRegister (JmxRegister.java:tryRegister(44)) - Successfully registered JMX Bean with object name Ratis:service=RaftServer,group=group-22A6327C128C,id=a26a9f1d-c528-4494-83e5-475827f7720e
2019-10-21 22:00:43,443 [RatisPipelineUtilsThread] INFO  pipeline.PipelineStateManager (PipelineStateManager.java:addPipeline(56)) - Created pipeline Pipeline[ Id: 3ffd9eb0-d42a-45d5-bc1d-22a6327c128c, Nodes: a26a9f1d-c528-4494-83e5-475827f7720e{ip: 192.168.69.92, host: pr-hdds-2240-577ml-2645996955, networkLocation: /default-rack, certSerialId: null}, Type:RATIS, Factor:ONE, State:OPEN]
2019-10-21 22:00:43,470 [grpc-default-executor-1] INFO  impl.RaftServerProxy (RaftServerProxy.java:addNew(89)) - 95d3bce6-5996-460d-8578-b7f952c18b9c: addNew group-5E7A11E15B06:[a26a9f1d-c528-4494-83e5-475827f7720e:192.168.69.92:46217, a1036450-74c2-4405-b4f8-7a994af8c84a:192.168.69.92:36225, 95d3bce6-5996-460d-8578-b7f952c18b9c:192.168.69.92:41231] returns group-5E7A11E15B06:java.util.concurrent.CompletableFuture@53230cb4[Not completed]
2019-10-21 22:00:43,474 [pool-27-thread-1] INFO  impl.RaftServerImpl (RaftServerImpl.java:<init>(104)) - 95d3bce6-5996-460d-8578-b7f952c18b9c: new RaftServerImpl for group-5E7A11E15B06:[a26a9f1d-c528-4494-83e5-475827f7720e:192.168.69.92:46217, a1036450-74c2-4405-b4f8-7a994af8c84a:192.168.69.92:36225, 95d3bce6-5996-460d-8578-b7f952c18b9c:192.168.69.92:41231] with ContainerStateMachine:uninitialized
2019-10-21 22:00:43,474 [grpc-default-executor-1] INFO  impl.RaftServerProxy (RaftServerProxy.java:addNew(89)) - a26a9f1d-c528-4494-83e5-475827f7720e: addNew group-5E7A11E15B06:[a26a9f1d-c528-4494-83e5-475827f7720e:192.168.69.92:46217, a1036450-74c2-4405-b4f8-7a994af8c84a:192.168.69.92:36225, 95d3bce6-5996-460d-8578-b7f952c18b9c:192.168.69.92:41231] returns group-5E7A11E15B06:java.util.concurrent.CompletableFuture@14c628f3[Not completed]
2019-10-21 22:00:43,474 [pool-27-thread-1] INFO  server.RaftServerConfigKeys (ConfUtils.java:logGet(43)) - raft.server.rpc.timeout.min = 5s (custom)
2019-10-21 22:00:43,474 [grpc-default-executor-2] INFO  impl.RaftServerProxy (RaftServerProxy.java:addNew(89)) - a1036450-74c2-4405-b4f8-7a994af8c84a: addNew group-5E7A11E15B06:[a26a9f1d-c528-4494-83e5-475827f7720e:192.168.69.92:46217, a1036450-74c2-4405-b4f8-7a994af8c84a:192.168.69.92:36225, 95d3bce6-5996-460d-8578-b7f952c18b9c:192.168.69.92:41231] returns group-5E7A11E15B06:java.util.concurrent.CompletableFuture@13d5cddb[Not completed]
2019-10-21 22:00:43,474 [pool-27-thread-1] INFO  server.RaftServerConfigKeys (ConfUtils.java:logGet(43)) - raft.server.rpc.timeout.max = 5200ms (custom)
2019-10-21 22:00:43,474 [pool-27-thread-1] INFO  server.RaftServerConfigKeys (ConfUtils.java:logGet(43)) - raft.server.rpcslowness.timeout = 1000s (custom)
2019-10-21 22:00:43,474 [pool-27-thread-1] INFO  server.RaftServerConfigKeys (ConfUtils.java:logGet(43)) - raft.server.sleep.deviation.threshold = 300 (default)
2019-10-21 22:00:43,475 [pool-27-thread-1] INFO  server.RaftServerConfigKeys (ConfUtils.java:logGet(43)) - raft.server.log.appender.install.snapshot.enabled = false (custom)
2019-10-21 22:00:43,475 [pool-27-thread-1] INFO  impl.RaftServerImpl (ServerState.java:<init>(103)) - 95d3bce6-5996-460d-8578-b7f952c18b9c@group-5E7A11E15B06: ConfigurationManager, init=-1: [a26a9f1d-c528-4494-83e5-475827f7720e:192.168.69.92:46217, a1036450-74c2-4405-b4f8-7a994af8c84a:192.168.69.92:36225, 95d3bce6-5996-460d-8578-b7f952c18b9c:192.168.69.92:41231], old=null, confs=<EMPTY_MAP>
2019-10-21 22:00:43,475 [pool-27-thread-1] INFO  server.RaftServerConfigKeys (ConfUtils.java:logGet(43)) - raft.server.storage.dir = [/workdir/hadoop-ozone/integration-test/target/test-dir/MiniOzoneClusterImpl-18cca4e0-1166-4b57-9da5-bc6c79423f4b/datanode-0/data/ratis] (custom)
2019-10-21 22:00:43,475 [pool-37-thread-1] INFO  impl.RaftServerImpl (RaftServerImpl.java:<init>(104)) - a26a9f1d-c528-4494-83e5-475827f7720e: new RaftServerImpl for group-5E7A11E15B06:[a26a9f1d-c528-4494-83e5-475827f7720e:192.168.69.92:46217, a1036450-74c2-4405-b4f8-7a994af8c84a:192.168.69.92:36225, 95d3bce6-5996-460d-8578-b7f952c18b9c:192.168.69.92:41231] with ContainerStateMachine:uninitialized
2019-10-21 22:00:43,475 [pool-27-thread-1] INFO  server.RaftServerConfigKeys (ConfUtils.java:logGet(43)) - raft.server.log.corruption.policy = EXCEPTION (default)
2019-10-21 22:00:43,475 [pool-37-thread-1] INFO  server.RaftServerConfigKeys (ConfUtils.java:logGet(43)) - raft.server.rpc.timeout.min = 5s (custom)
2019-10-21 22:00:43,476 [pool-27-thread-1] INFO  storage.RaftStorageDirectory (RaftStorageDirectory.java:analyzeStorage(246)) - The storage directory /workdir/hadoop-ozone/integration-test/target/test-dir/MiniOzoneClusterImpl-18cca4e0-1166-4b57-9da5-bc6c79423f4b/datanode-0/data/ratis/14fb49ee-5d81-4c1e-bb69-5e7a11e15b06 does not exist. Creating ...
2019-10-21 22:00:43,476 [pool-37-thread-1] INFO  server.RaftServerConfigKeys (ConfUtils.java:logGet(43)) - raft.server.rpc.timeout.max = 5200ms (custom)
2019-10-21 22:00:43,476 [pool-37-thread-1] INFO  server.RaftServerConfigKeys (ConfUtils.java:logGet(43)) - raft.server.rpcslowness.timeout = 1000s (custom)
2019-10-21 22:00:43,476 [pool-37-thread-1] INFO  server.RaftServerConfigKeys (ConfUtils.java:logGet(43)) - raft.server.sleep.deviation.threshold = 300 (default)
2019-10-21 22:00:43,476 [pool-37-thread-1] INFO  server.RaftServerConfigKeys (ConfUtils.java:logGet(43)) - raft.server.log.appender.install.snapshot.enabled = false (custom)
2019-10-21 22:00:43,476 [pool-37-thread-1] INFO  impl.RaftServerImpl (ServerState.java:<init>(103)) - a26a9f1d-c528-4494-83e5-475827f7720e@group-5E7A11E15B06: ConfigurationManager, init=-1: [a26a9f1d-c528-4494-83e5-475827f7720e:192.168.69.92:46217, a1036450-74c2-4405-b4f8-7a994af8c84a:192.168.69.92:36225, 95d3bce6-5996-460d-8578-b7f952c18b9c:192.168.69.92:41231], old=null, confs=<EMPTY_MAP>
2019-10-21 22:00:43,476 [pool-37-thread-1] INFO  server.RaftServerConfigKeys (ConfUtils.java:logGet(43)) - raft.server.storage.dir = [/workdir/hadoop-ozone/integration-test/target/test-dir/MiniOzoneClusterImpl-18cca4e0-1166-4b57-9da5-bc6c79423f4b/datanode-1/data/ratis] (custom)
2019-10-21 22:00:43,476 [pool-47-thread-1] INFO  impl.RaftServerImpl (RaftServerImpl.java:<init>(104)) - a1036450-74c2-4405-b4f8-7a994af8c84a: new RaftServerImpl for group-5E7A11E15B06:[a26a9f1d-c528-4494-83e5-475827f7720e:192.168.69.92:46217, a1036450-74c2-4405-b4f8-7a994af8c84a:192.168.69.92:36225, 95d3bce6-5996-460d-8578-b7f952c18b9c:192.168.69.92:41231] with ContainerStateMachine:uninitialized
2019-10-21 22:00:43,476 [pool-37-thread-1] INFO  server.RaftServerConfigKeys (ConfUtils.java:logGet(43)) - raft.server.log.corruption.policy = EXCEPTION (default)
2019-10-21 22:00:43,476 [pool-47-thread-1] INFO  server.RaftServerConfigKeys (ConfUtils.java:logGet(43)) - raft.server.rpc.timeout.min = 5s (custom)
2019-10-21 22:00:43,477 [pool-37-thread-1] INFO  storage.RaftStorageDirectory (RaftStorageDirectory.java:analyzeStorage(246)) - The storage directory /workdir/hadoop-ozone/integration-test/target/test-dir/MiniOzoneClusterImpl-18cca4e0-1166-4b57-9da5-bc6c79423f4b/datanode-1/data/ratis/14fb49ee-5d81-4c1e-bb69-5e7a11e15b06 does not exist. Creating ...
2019-10-21 22:00:43,477 [pool-47-thread-1] INFO  server.RaftServerConfigKeys (ConfUtils.java:logGet(43)) - raft.server.rpc.timeout.max = 5200ms (custom)
2019-10-21 22:00:43,477 [pool-47-thread-1] INFO  server.RaftServerConfigKeys (ConfUtils.java:logGet(43)) - raft.server.rpcslowness.timeout = 1000s (custom)
2019-10-21 22:00:43,477 [pool-47-thread-1] INFO  server.RaftServerConfigKeys (ConfUtils.java:logGet(43)) - raft.server.sleep.deviation.threshold = 300 (default)
2019-10-21 22:00:43,477 [pool-47-thread-1] INFO  server.RaftServerConfigKeys (ConfUtils.java:logGet(43)) - raft.server.log.appender.install.snapshot.enabled = false (custom)
2019-10-21 22:00:43,477 [pool-47-thread-1] INFO  impl.RaftServerImpl (ServerState.java:<init>(103)) - a1036450-74c2-4405-b4f8-7a994af8c84a@group-5E7A11E15B06: ConfigurationManager, init=-1: [a26a9f1d-c528-4494-83e5-475827f7720e:192.168.69.92:46217, a1036450-74c2-4405-b4f8-7a994af8c84a:192.168.69.92:36225, 95d3bce6-5996-460d-8578-b7f952c18b9c:192.168.69.92:41231], old=null, confs=<EMPTY_MAP>
2019-10-21 22:00:43,478 [pool-47-thread-1] INFO  server.RaftServerConfigKeys (ConfUtils.java:logGet(43)) - raft.server.storage.dir = [/workdir/hadoop-ozone/integration-test/target/test-dir/MiniOzoneClusterImpl-18cca4e0-1166-4b57-9da5-bc6c79423f4b/datanode-2/data/ratis] (custom)
2019-10-21 22:00:43,478 [pool-47-thread-1] INFO  server.RaftServerConfigKeys (ConfUtils.java:logGet(43)) - raft.server.log.corruption.policy = EXCEPTION (default)
2019-10-21 22:00:43,478 [pool-47-thread-1] INFO  storage.RaftStorageDirectory (RaftStorageDirectory.java:analyzeStorage(246)) - The storage directory /workdir/hadoop-ozone/integration-test/target/test-dir/MiniOzoneClusterImpl-18cca4e0-1166-4b57-9da5-bc6c79423f4b/datanode-2/data/ratis/14fb49ee-5d81-4c1e-bb69-5e7a11e15b06 does not exist. Creating ...
2019-10-21 22:00:43,502 [pool-27-thread-1] INFO  storage.RaftStorageDirectory (RaftStorageDirectory.java:tryLock(328)) - Lock on /workdir/hadoop-ozone/integration-test/target/test-dir/MiniOzoneClusterImpl-18cca4e0-1166-4b57-9da5-bc6c79423f4b/datanode-0/data/ratis/14fb49ee-5d81-4c1e-bb69-5e7a11e15b06/in_use.lock acquired by nodename 9635@pr-hdds-2240-577ml-2645996955
2019-10-21 22:00:43,502 [pool-47-thread-1] INFO  storage.RaftStorageDirectory (RaftStorageDirectory.java:tryLock(328)) - Lock on /workdir/hadoop-ozone/integration-test/target/test-dir/MiniOzoneClusterImpl-18cca4e0-1166-4b57-9da5-bc6c79423f4b/datanode-2/data/ratis/14fb49ee-5d81-4c1e-bb69-5e7a11e15b06/in_use.lock acquired by nodename 9635@pr-hdds-2240-577ml-2645996955
2019-10-21 22:00:43,502 [pool-37-thread-1] INFO  storage.RaftStorageDirectory (RaftStorageDirectory.java:tryLock(328)) - Lock on /workdir/hadoop-ozone/integration-test/target/test-dir/MiniOzoneClusterImpl-18cca4e0-1166-4b57-9da5-bc6c79423f4b/datanode-1/data/ratis/14fb49ee-5d81-4c1e-bb69-5e7a11e15b06/in_use.lock acquired by nodename 9635@pr-hdds-2240-577ml-2645996955
2019-10-21 22:00:43,512 [pool-37-thread-1] INFO  storage.RaftStorage (RaftStorage.java:format(84)) - Storage directory /workdir/hadoop-ozone/integration-test/target/test-dir/MiniOzoneClusterImpl-18cca4e0-1166-4b57-9da5-bc6c79423f4b/datanode-1/data/ratis/14fb49ee-5d81-4c1e-bb69-5e7a11e15b06 has been successfully formatted.
2019-10-21 22:00:43,512 [pool-47-thread-1] INFO  storage.RaftStorage (RaftStorage.java:format(84)) - Storage directory /workdir/hadoop-ozone/integration-test/target/test-dir/MiniOzoneClusterImpl-18cca4e0-1166-4b57-9da5-bc6c79423f4b/datanode-2/data/ratis/14fb49ee-5d81-4c1e-bb69-5e7a11e15b06 has been successfully formatted.
2019-10-21 22:00:43,512 [pool-27-thread-1] INFO  storage.RaftStorage (RaftStorage.java:format(84)) - Storage directory /workdir/hadoop-ozone/integration-test/target/test-dir/MiniOzoneClusterImpl-18cca4e0-1166-4b57-9da5-bc6c79423f4b/datanode-0/data/ratis/14fb49ee-5d81-4c1e-bb69-5e7a11e15b06 has been successfully formatted.
2019-10-21 22:00:43,513 [pool-47-thread-1] INFO  ratis.ContainerStateMachine (ContainerStateMachine.java:loadSnapshot(231)) - group-5E7A11E15B06: The snapshot info is null. Setting the last applied indexto:(t:0, i:~)
2019-10-21 22:00:43,513 [pool-37-thread-1] INFO  ratis.ContainerStateMachine (ContainerStateMachine.java:loadSnapshot(231)) - group-5E7A11E15B06: The snapshot info is null. Setting the last applied indexto:(t:0, i:~)
2019-10-21 22:00:43,513 [pool-47-thread-1] INFO  server.RaftServerConfigKeys (ConfUtils.java:logGet(43)) - raft.server.notification.no-leader.timeout = 1000s (custom)
2019-10-21 22:00:43,513 [pool-37-thread-1] INFO  server.RaftServerConfigKeys (ConfUtils.java:logGet(43)) - raft.server.notification.no-leader.timeout = 1000s (custom)
2019-10-21 22:00:43,513 [pool-27-thread-1] INFO  ratis.ContainerStateMachine (ContainerStateMachine.java:loadSnapshot(231)) - group-5E7A11E15B06: The snapshot info is null. Setting the last applied indexto:(t:0, i:~)
2019-10-21 22:00:43,513 [pool-37-thread-1] INFO  server.RaftServerConfigKeys (ConfUtils.java:logGet(43)) - raft.server.log.use.memory = false (default)
2019-10-21 22:00:43,513 [pool-47-thread-1] INFO  server.RaftServerConfigKeys (ConfUtils.java:logGet(43)) - raft.server.log.use.memory = false (default)
2019-10-21 22:00:43,513 [pool-37-thread-1] INFO  server.RaftServerConfigKeys (ConfUtils.java:logGet(43)) - raft.server.log.purge.gap = 1000000 (custom)
2019-10-21 22:00:43,513 [pool-27-thread-1] INFO  server.RaftServerConfigKeys (ConfUtils.java:logGet(43)) - raft.server.notification.no-leader.timeout = 1000s (custom)
2019-10-21 22:00:43,513 [pool-37-thread-1] INFO  server.RaftServerConfigKeys (ConfUtils.java:logGet(43)) - raft.server.log.appender.buffer.byte-limit = 33554432 (custom)
2019-10-21 22:00:43,513 [pool-47-thread-1] INFO  server.RaftServerConfigKeys (ConfUtils.java:logGet(43)) - raft.server.log.purge.gap = 1000000 (custom)
2019-10-21 22:00:43,514 [pool-37-thread-1] INFO  server.RaftServerConfigKeys (ConfUtils.java:logGet(43)) - raft.server.log.segment.size.max = 1048576 (custom)
2019-10-21 22:00:43,514 [pool-27-thread-1] INFO  server.RaftServerConfigKeys (ConfUtils.java:logGet(43)) - raft.server.log.use.memory = false (default)
2019-10-21 22:00:43,514 [pool-47-thread-1] INFO  server.RaftServerConfigKeys (ConfUtils.java:logGet(43)) - raft.server.log.appender.buffer.byte-limit = 33554432 (custom)
2019-10-21 22:00:43,514 [pool-27-thread-1] INFO  server.RaftServerConfigKeys (ConfUtils.java:logGet(43)) - raft.server.log.purge.gap = 1000000 (custom)
2019-10-21 22:00:43,514 [pool-37-thread-1] INFO  server.RaftServerConfigKeys (ConfUtils.java:logGet(43)) - raft.server.log.segment.cache.num.max = 2 (custom)
2019-10-21 22:00:43,514 [pool-27-thread-1] INFO  server.RaftServerConfigKeys (ConfUtils.java:logGet(43)) - raft.server.log.appender.buffer.byte-limit = 33554432 (custom)
2019-10-21 22:00:43,514 [pool-47-thread-1] INFO  server.RaftServerConfigKeys (ConfUtils.java:logGet(43)) - raft.server.log.segment.size.max = 1048576 (custom)
2019-10-21 22:00:43,514 [pool-27-thread-1] INFO  server.RaftServerConfigKeys (ConfUtils.java:logGet(43)) - raft.server.log.segment.size.max = 1048576 (custom)
2019-10-21 22:00:43,514 [pool-37-thread-1] INFO  segmented.SegmentedRaftLogWorker (SegmentedRaftLogWorker.java:<init>(173)) - new a26a9f1d-c528-4494-83e5-475827f7720e@group-5E7A11E15B06-SegmentedRaftLogWorker for RaftStorage:Storage Directory /workdir/hadoop-ozone/integration-test/target/test-dir/MiniOzoneClusterImpl-18cca4e0-1166-4b57-9da5-bc6c79423f4b/datanode-1/data/ratis/14fb49ee-5d81-4c1e-bb69-5e7a11e15b06
2019-10-21 22:00:43,514 [pool-27-thread-1] INFO  server.RaftServerConfigKeys (ConfUtils.java:logGet(43)) - raft.server.log.segment.cache.num.max = 2 (custom)
2019-10-21 22:00:43,514 [pool-47-thread-1] INFO  server.RaftServerConfigKeys (ConfUtils.java:logGet(43)) - raft.server.log.segment.cache.num.max = 2 (custom)
2019-10-21 22:00:43,515 [pool-27-thread-1] INFO  segmented.SegmentedRaftLogWorker (SegmentedRaftLogWorker.java:<init>(173)) - new 95d3bce6-5996-460d-8578-b7f952c18b9c@group-5E7A11E15B06-SegmentedRaftLogWorker for RaftStorage:Storage Directory /workdir/hadoop-ozone/integration-test/target/test-dir/MiniOzoneClusterImpl-18cca4e0-1166-4b57-9da5-bc6c79423f4b/datanode-0/data/ratis/14fb49ee-5d81-4c1e-bb69-5e7a11e15b06
2019-10-21 22:00:43,515 [pool-37-thread-1] INFO  server.RaftServerConfigKeys (ConfUtils.java:logGet(43)) - raft.server.log.queue.byte-limit = 2147483647 (custom)
2019-10-21 22:00:43,515 [pool-27-thread-1] INFO  server.RaftServerConfigKeys (ConfUtils.java:logGet(43)) - raft.server.log.queue.byte-limit = 2147483647 (custom)
2019-10-21 22:00:43,515 [pool-47-thread-1] INFO  segmented.SegmentedRaftLogWorker (SegmentedRaftLogWorker.java:<init>(173)) - new a1036450-74c2-4405-b4f8-7a994af8c84a@group-5E7A11E15B06-SegmentedRaftLogWorker for RaftStorage:Storage Directory /workdir/hadoop-ozone/integration-test/target/test-dir/MiniOzoneClusterImpl-18cca4e0-1166-4b57-9da5-bc6c79423f4b/datanode-2/data/ratis/14fb49ee-5d81-4c1e-bb69-5e7a11e15b06
2019-10-21 22:00:43,515 [pool-27-thread-1] INFO  server.RaftServerConfigKeys (ConfUtils.java:logGet(43)) - raft.server.log.queue.element-limit = 1024 (custom)
2019-10-21 22:00:43,515 [pool-37-thread-1] INFO  server.RaftServerConfigKeys (ConfUtils.java:logGet(43)) - raft.server.log.queue.element-limit = 1024 (custom)
2019-10-21 22:00:43,515 [pool-27-thread-1] INFO  server.RaftServerConfigKeys (ConfUtils.java:logGet(43)) - raft.server.log.segment.size.max = 1048576 (custom)
2019-10-21 22:00:43,515 [pool-47-thread-1] INFO  server.RaftServerConfigKeys (ConfUtils.java:logGet(43)) - raft.server.log.queue.byte-limit = 2147483647 (custom)
2019-10-21 22:00:43,515 [pool-27-thread-1] INFO  server.RaftServerConfigKeys (ConfUtils.java:logGet(43)) - raft.server.log.preallocated.size = 16384 (custom)
2019-10-21 22:00:43,515 [pool-37-thread-1] INFO  server.RaftServerConfigKeys (ConfUtils.java:logGet(43)) - raft.server.log.segment.size.max = 1048576 (custom)
2019-10-21 22:00:43,515 [pool-27-thread-1] INFO  server.RaftServerConfigKeys (ConfUtils.java:logGet(43)) - raft.server.log.write.buffer.size = 33554432 (custom)
2019-10-21 22:00:43,515 [pool-47-thread-1] INFO  server.RaftServerConfigKeys (ConfUtils.java:logGet(43)) - raft.server.log.queue.element-limit = 1024 (custom)
2019-10-21 22:00:43,516 [pool-27-thread-1] INFO  server.RaftServerConfigKeys (ConfUtils.java:logGet(43)) - raft.server.log.force.sync.num = 128 (default)
2019-10-21 22:00:43,516 [pool-37-thread-1] INFO  server.RaftServerConfigKeys (ConfUtils.java:logGet(43)) - raft.server.log.preallocated.size = 16384 (custom)
2019-10-21 22:00:43,516 [pool-27-thread-1] INFO  server.RaftServerConfigKeys (ConfUtils.java:logGet(43)) - raft.server.log.statemachine.data.sync = true (default)
2019-10-21 22:00:43,516 [pool-47-thread-1] INFO  server.RaftServerConfigKeys (ConfUtils.java:logGet(43)) - raft.server.log.segment.size.max = 1048576 (custom)
2019-10-21 22:00:43,516 [pool-27-thread-1] INFO  server.RaftServerConfigKeys (ConfUtils.java:logGet(43)) - raft.server.log.statemachine.data.sync.timeout = 10s (default)
2019-10-21 22:00:43,516 [pool-37-thread-1] INFO  server.RaftServerConfigKeys (ConfUtils.java:logGet(43)) - raft.server.log.write.buffer.size = 33554432 (custom)
2019-10-21 22:00:43,516 [pool-27-thread-1] INFO  server.RaftServerConfigKeys (ConfUtils.java:logGet(43)) - raft.server.log.statemachine.data.sync.timeout.retry = -1 (default)
2019-10-21 22:00:43,516 [pool-47-thread-1] INFO  server.RaftServerConfigKeys (ConfUtils.java:logGet(43)) - raft.server.log.preallocated.size = 16384 (custom)
2019-10-21 22:00:43,516 [pool-37-thread-1] INFO  server.RaftServerConfigKeys (ConfUtils.java:logGet(43)) - raft.server.log.force.sync.num = 128 (default)
2019-10-21 22:00:43,516 [pool-47-thread-1] INFO  server.RaftServerConfigKeys (ConfUtils.java:logGet(43)) - raft.server.log.write.buffer.size = 33554432 (custom)
2019-10-21 22:00:43,517 [pool-37-thread-1] INFO  server.RaftServerConfigKeys (ConfUtils.java:logGet(43)) - raft.server.log.statemachine.data.sync = true (default)
2019-10-21 22:00:43,517 [pool-27-thread-1] INFO  server.RaftServerConfigKeys (ConfUtils.java:logGet(43)) - raft.server.log.statemachine.data.caching.enabled = true (custom)
2019-10-21 22:00:43,517 [pool-37-thread-1] INFO  server.RaftServerConfigKeys (ConfUtils.java:logGet(43)) - raft.server.log.statemachine.data.sync.timeout = 10s (default)
2019-10-21 22:00:43,517 [pool-47-thread-1] INFO  server.RaftServerConfigKeys (ConfUtils.java:logGet(43)) - raft.server.log.force.sync.num = 128 (default)
2019-10-21 22:00:43,517 [pool-37-thread-1] INFO  server.RaftServerConfigKeys (ConfUtils.java:logGet(43)) - raft.server.log.statemachine.data.sync.timeout.retry = -1 (default)
2019-10-21 22:00:43,517 [pool-47-thread-1] INFO  server.RaftServerConfigKeys (ConfUtils.java:logGet(43)) - raft.server.log.statemachine.data.sync = true (default)
2019-10-21 22:00:43,517 [pool-27-thread-1] INFO  segmented.SegmentedRaftLogWorker (SegmentedRaftLogWorker.java:lambda$new$0(128)) - 95d3bce6-5996-460d-8578-b7f952c18b9c@group-5E7A11E15B06-SegmentedRaftLogWorker: flushIndex: setUnconditionally 0 -> -1
2019-10-21 22:00:43,517 [pool-37-thread-1] INFO  server.RaftServerConfigKeys (ConfUtils.java:logGet(43)) - raft.server.log.statemachine.data.caching.enabled = true (custom)
2019-10-21 22:00:43,517 [pool-47-thread-1] INFO  server.RaftServerConfigKeys (ConfUtils.java:logGet(43)) - raft.server.log.statemachine.data.sync.timeout = 10s (default)
2019-10-21 22:00:43,517 [pool-27-thread-1] INFO  server.RaftServerConfigKeys (ConfUtils.java:logGet(43)) - raft.server.snapshot.auto.trigger.enabled = true (custom)
2019-10-21 22:00:43,517 [pool-47-thread-1] INFO  server.RaftServerConfigKeys (ConfUtils.java:logGet(43)) - raft.server.log.statemachine.data.sync.timeout.retry = -1 (default)
2019-10-21 22:00:43,518 [pool-27-thread-1] INFO  server.RaftServerConfigKeys (ConfUtils.java:logGet(43)) - raft.server.snapshot.auto.trigger.threshold = 10000 (custom)
2019-10-21 22:00:43,518 [pool-37-thread-1] INFO  segmented.SegmentedRaftLogWorker (SegmentedRaftLogWorker.java:lambda$new$0(128)) - a26a9f1d-c528-4494-83e5-475827f7720e@group-5E7A11E15B06-SegmentedRaftLogWorker: flushIndex: setUnconditionally 0 -> -1
2019-10-21 22:00:43,518 [pool-27-thread-1] INFO  server.RaftServerConfigKeys (ConfUtils.java:logGet(43)) - raft.server.snapshot.retention.file.num = 5 (custom)
2019-10-21 22:00:43,518 [pool-47-thread-1] INFO  server.RaftServerConfigKeys (ConfUtils.java:logGet(43)) - raft.server.log.statemachine.data.caching.enabled = true (custom)
2019-10-21 22:00:43,518 [pool-27-thread-1] INFO  server.RaftServerConfigKeys (ConfUtils.java:logGet(43)) - raft.server.retrycache.expirytime = 600000ms (custom)
2019-10-21 22:00:43,518 [pool-37-thread-1] INFO  server.RaftServerConfigKeys (ConfUtils.java:logGet(43)) - raft.server.snapshot.auto.trigger.enabled = true (custom)
2019-10-21 22:00:43,518 [pool-47-thread-1] INFO  segmented.SegmentedRaftLogWorker (SegmentedRaftLogWorker.java:lambda$new$0(128)) - a1036450-74c2-4405-b4f8-7a994af8c84a@group-5E7A11E15B06-SegmentedRaftLogWorker: flushIndex: setUnconditionally 0 -> -1
2019-10-21 22:00:43,518 [pool-37-thread-1] INFO  server.RaftServerConfigKeys (ConfUtils.java:logGet(43)) - raft.server.snapshot.auto.trigger.threshold = 10000 (custom)
2019-10-21 22:00:43,518 [pool-37-thread-1] INFO  server.RaftServerConfigKeys (ConfUtils.java:logGet(43)) - raft.server.snapshot.retention.file.num = 5 (custom)
2019-10-21 22:00:43,518 [pool-47-thread-1] INFO  server.RaftServerConfigKeys (ConfUtils.java:logGet(43)) - raft.server.snapshot.auto.trigger.enabled = true (custom)
2019-10-21 22:00:43,519 [pool-37-thread-1] INFO  server.RaftServerConfigKeys (ConfUtils.java:logGet(43)) - raft.server.retrycache.expirytime = 600000ms (custom)
2019-10-21 22:00:43,519 [pool-47-thread-1] INFO  server.RaftServerConfigKeys (ConfUtils.java:logGet(43)) - raft.server.snapshot.auto.trigger.threshold = 10000 (custom)
2019-10-21 22:00:43,519 [pool-47-thread-1] INFO  server.RaftServerConfigKeys (ConfUtils.java:logGet(43)) - raft.server.snapshot.retention.file.num = 5 (custom)
2019-10-21 22:00:43,519 [pool-47-thread-1] INFO  server.RaftServerConfigKeys (ConfUtils.java:logGet(43)) - raft.server.retrycache.expirytime = 600000ms (custom)
2019-10-21 22:00:43,521 [pool-27-thread-1] INFO  impl.RaftServerImpl (RaftServerImpl.java:start(195)) - 95d3bce6-5996-460d-8578-b7f952c18b9c@group-5E7A11E15B06: start as a follower, conf=-1: [a26a9f1d-c528-4494-83e5-475827f7720e:192.168.69.92:46217, a1036450-74c2-4405-b4f8-7a994af8c84a:192.168.69.92:36225, 95d3bce6-5996-460d-8578-b7f952c18b9c:192.168.69.92:41231], old=null
2019-10-21 22:00:43,521 [pool-27-thread-1] INFO  impl.RaftServerImpl (RaftServerImpl.java:setRole(184)) - 95d3bce6-5996-460d-8578-b7f952c18b9c@group-5E7A11E15B06: changes role from      null to FOLLOWER at term 0 for startAsFollower
2019-10-21 22:00:43,521 [pool-27-thread-1] INFO  impl.RoleInfo (RoleInfo.java:updateAndGet(143)) - 95d3bce6-5996-460d-8578-b7f952c18b9c: start FollowerState
2019-10-21 22:00:43,522 [pool-37-thread-1] INFO  impl.RaftServerImpl (RaftServerImpl.java:start(195)) - a26a9f1d-c528-4494-83e5-475827f7720e@group-5E7A11E15B06: start as a follower, conf=-1: [a26a9f1d-c528-4494-83e5-475827f7720e:192.168.69.92:46217, a1036450-74c2-4405-b4f8-7a994af8c84a:192.168.69.92:36225, 95d3bce6-5996-460d-8578-b7f952c18b9c:192.168.69.92:41231], old=null
2019-10-21 22:00:43,522 [pool-27-thread-1] INFO  util.JmxRegister (JmxRegister.java:tryRegister(44)) - Successfully registered JMX Bean with object name Ratis:service=RaftServer,group=group-5E7A11E15B06,id=95d3bce6-5996-460d-8578-b7f952c18b9c
2019-10-21 22:00:43,522 [pool-37-thread-1] INFO  impl.RaftServerImpl (RaftServerImpl.java:setRole(184)) - a26a9f1d-c528-4494-83e5-475827f7720e@group-5E7A11E15B06: changes role from      null to FOLLOWER at term 0 for startAsFollower
2019-10-21 22:00:43,522 [pool-47-thread-1] INFO  impl.RaftServerImpl (RaftServerImpl.java:start(195)) - a1036450-74c2-4405-b4f8-7a994af8c84a@group-5E7A11E15B06: start as a follower, conf=-1: [a26a9f1d-c528-4494-83e5-475827f7720e:192.168.69.92:46217, a1036450-74c2-4405-b4f8-7a994af8c84a:192.168.69.92:36225, 95d3bce6-5996-460d-8578-b7f952c18b9c:192.168.69.92:41231], old=null
2019-10-21 22:00:43,522 [pool-37-thread-1] INFO  impl.RoleInfo (RoleInfo.java:updateAndGet(143)) - a26a9f1d-c528-4494-83e5-475827f7720e: start FollowerState
2019-10-21 22:00:43,522 [pool-47-thread-1] INFO  impl.RaftServerImpl (RaftServerImpl.java:setRole(184)) - a1036450-74c2-4405-b4f8-7a994af8c84a@group-5E7A11E15B06: changes role from      null to FOLLOWER at term 0 for startAsFollower
2019-10-21 22:00:43,522 [pool-47-thread-1] INFO  impl.RoleInfo (RoleInfo.java:updateAndGet(143)) - a1036450-74c2-4405-b4f8-7a994af8c84a: start FollowerState
2019-10-21 22:00:43,522 [pool-37-thread-1] INFO  util.JmxRegister (JmxRegister.java:tryRegister(44)) - Successfully registered JMX Bean with object name Ratis:service=RaftServer,group=group-5E7A11E15B06,id=a26a9f1d-c528-4494-83e5-475827f7720e
2019-10-21 22:00:43,523 [pool-47-thread-1] INFO  util.JmxRegister (JmxRegister.java:tryRegister(44)) - Successfully registered JMX Bean with object name Ratis:service=RaftServer,group=group-5E7A11E15B06,id=a1036450-74c2-4405-b4f8-7a994af8c84a
2019-10-21 22:00:43,546 [RatisPipelineUtilsThread] INFO  pipeline.PipelineStateManager (PipelineStateManager.java:addPipeline(56)) - Created pipeline Pipeline[ Id: 14fb49ee-5d81-4c1e-bb69-5e7a11e15b06, Nodes: 95d3bce6-5996-460d-8578-b7f952c18b9c{ip: 192.168.69.92, host: pr-hdds-2240-577ml-2645996955, networkLocation: /default-rack, certSerialId: null}a1036450-74c2-4405-b4f8-7a994af8c84a{ip: 192.168.69.92, host: pr-hdds-2240-577ml-2645996955, networkLocation: /default-rack, certSerialId: null}a26a9f1d-c528-4494-83e5-475827f7720e{ip: 192.168.69.92, host: pr-hdds-2240-577ml-2645996955, networkLocation: /default-rack, certSerialId: null}, Type:RATIS, Factor:THREE, State:OPEN]
2019-10-21 22:00:43,562 [a1036450-74c2-4405-b4f8-7a994af8c84a@group-7431D6ABEE31-SegmentedRaftLogWorker] INFO  segmented.SegmentedRaftLogWorker (SegmentedRaftLogWorker.java:execute(576)) - a1036450-74c2-4405-b4f8-7a994af8c84a@group-7431D6ABEE31-SegmentedRaftLogWorker: created new log segment /workdir/hadoop-ozone/integration-test/target/test-dir/MiniOzoneClusterImpl-18cca4e0-1166-4b57-9da5-bc6c79423f4b/datanode-2/data/ratis/2b92a823-5686-4684-bea8-7431d6abee31/current/log_inprogress_0
2019-10-21 22:00:43,562 [95d3bce6-5996-460d-8578-b7f952c18b9c@group-1A05A55ABE38-SegmentedRaftLogWorker] INFO  segmented.SegmentedRaftLogWorker (SegmentedRaftLogWorker.java:execute(576)) - 95d3bce6-5996-460d-8578-b7f952c18b9c@group-1A05A55ABE38-SegmentedRaftLogWorker: created new log segment /workdir/hadoop-ozone/integration-test/target/test-dir/MiniOzoneClusterImpl-18cca4e0-1166-4b57-9da5-bc6c79423f4b/datanode-0/data/ratis/777e634c-f887-4ff1-8e85-1a05a55abe38/current/log_inprogress_0
2019-10-21 22:00:43,596 [Thread-196] INFO  impl.FollowerState (FollowerState.java:run(108)) - a26a9f1d-c528-4494-83e5-475827f7720e@group-22A6327C128C-FollowerState: change to CANDIDATE, lastRpcTime:167ms, electionTimeout:167ms
2019-10-21 22:00:43,596 [Thread-196] INFO  impl.RoleInfo (RoleInfo.java:shutdownFollowerState(121)) - a26a9f1d-c528-4494-83e5-475827f7720e: shutdown FollowerState
2019-10-21 22:00:43,597 [Thread-196] INFO  impl.RaftServerImpl (RaftServerImpl.java:setRole(184)) - a26a9f1d-c528-4494-83e5-475827f7720e@group-22A6327C128C: changes role from  FOLLOWER to CANDIDATE at term 0 for changeToCandidate
2019-10-21 22:00:43,597 [Thread-196] INFO  impl.RoleInfo (RoleInfo.java:updateAndGet(143)) - a26a9f1d-c528-4494-83e5-475827f7720e: start LeaderElection
2019-10-21 22:00:43,599 [Thread-202] INFO  impl.FollowerState (FollowerState.java:run(108)) - a26a9f1d-c528-4494-83e5-475827f7720e@group-5E7A11E15B06-FollowerState: change to CANDIDATE, lastRpcTime:76ms, electionTimeout:76ms
2019-10-21 22:00:43,599 [Thread-202] INFO  impl.RoleInfo (RoleInfo.java:shutdownFollowerState(121)) - a26a9f1d-c528-4494-83e5-475827f7720e: shutdown FollowerState
2019-10-21 22:00:43,599 [Thread-202] INFO  impl.RaftServerImpl (RaftServerImpl.java:setRole(184)) - a26a9f1d-c528-4494-83e5-475827f7720e@group-5E7A11E15B06: changes role from  FOLLOWER to CANDIDATE at term 0 for changeToCandidate
2019-10-21 22:00:43,599 [Thread-202] INFO  impl.RoleInfo (RoleInfo.java:updateAndGet(143)) - a26a9f1d-c528-4494-83e5-475827f7720e: start LeaderElection
2019-10-21 22:00:43,613 [a26a9f1d-c528-4494-83e5-475827f7720e@group-5E7A11E15B06-LeaderElection4] INFO  impl.LeaderElection (LeaderElection.java:askForVotes(178)) - a26a9f1d-c528-4494-83e5-475827f7720e@group-5E7A11E15B06-LeaderElection4: begin an election at term 1 for -1: [a26a9f1d-c528-4494-83e5-475827f7720e:192.168.69.92:46217, a1036450-74c2-4405-b4f8-7a994af8c84a:192.168.69.92:36225, 95d3bce6-5996-460d-8578-b7f952c18b9c:192.168.69.92:41231], old=null
2019-10-21 22:00:43,613 [a26a9f1d-c528-4494-83e5-475827f7720e@group-22A6327C128C-LeaderElection3] INFO  impl.LeaderElection (LeaderElection.java:askForVotes(178)) - a26a9f1d-c528-4494-83e5-475827f7720e@group-22A6327C128C-LeaderElection3: begin an election at term 1 for -1: [a26a9f1d-c528-4494-83e5-475827f7720e:192.168.69.92:46217], old=null
2019-10-21 22:00:43,614 [a26a9f1d-c528-4494-83e5-475827f7720e@group-22A6327C128C-LeaderElection3] INFO  impl.RoleInfo (RoleInfo.java:shutdownLeaderElection(134)) - a26a9f1d-c528-4494-83e5-475827f7720e: shutdown LeaderElection
2019-10-21 22:00:43,614 [a26a9f1d-c528-4494-83e5-475827f7720e@group-22A6327C128C-LeaderElection3] INFO  impl.RaftServerImpl (RaftServerImpl.java:setRole(184)) - a26a9f1d-c528-4494-83e5-475827f7720e@group-22A6327C128C: changes role from CANDIDATE to LEADER at term 1 for changeToLeader
2019-10-21 22:00:43,614 [a26a9f1d-c528-4494-83e5-475827f7720e@group-22A6327C128C-LeaderElection3] INFO  impl.RaftServerImpl (ServerState.java:setLeader(256)) - a26a9f1d-c528-4494-83e5-475827f7720e@group-22A6327C128C: change Leader from null to a26a9f1d-c528-4494-83e5-475827f7720e at term 1 for becomeLeader, leader elected after 205ms
2019-10-21 22:00:43,614 [a26a9f1d-c528-4494-83e5-475827f7720e@group-22A6327C128C-LeaderElection3] INFO  server.RaftServerConfigKeys (ConfUtils.java:logGet(43)) - raft.server.staging.catchup.gap = 1000 (default)
2019-10-21 22:00:43,614 [a26a9f1d-c528-4494-83e5-475827f7720e@group-22A6327C128C-LeaderElection3] INFO  server.RaftServerConfigKeys (ConfUtils.java:logGet(43)) - raft.server.rpc.sleep.time = 25ms (default)
2019-10-21 22:00:43,615 [a26a9f1d-c528-4494-83e5-475827f7720e@group-22A6327C128C-LeaderElection3] INFO  server.RaftServerConfigKeys (ConfUtils.java:logGet(43)) - raft.server.write.element-limit = 4096 (default)
2019-10-21 22:00:43,615 [a26a9f1d-c528-4494-83e5-475827f7720e@group-22A6327C128C-LeaderElection3] INFO  server.RaftServerConfigKeys (ConfUtils.java:logGet(43)) - raft.server.watch.timeout = 10s (default)
2019-10-21 22:00:43,615 [a26a9f1d-c528-4494-83e5-475827f7720e@group-22A6327C128C-LeaderElection3] INFO  server.RaftServerConfigKeys (ConfUtils.java:logGet(43)) - raft.server.watch.timeout.denomination = 1s (default)
2019-10-21 22:00:43,615 [a26a9f1d-c528-4494-83e5-475827f7720e@group-22A6327C128C-LeaderElection3] INFO  server.RaftServerConfigKeys (ConfUtils.java:logGet(43)) - raft.server.watch.element-limit = 65536 (default)
2019-10-21 22:00:43,618 [a26a9f1d-c528-4494-83e5-475827f7720e@group-22A6327C128C-LeaderElection3] INFO  impl.RoleInfo (RoleInfo.java:updateAndGet(143)) - a26a9f1d-c528-4494-83e5-475827f7720e: start LeaderState
2019-10-21 22:00:43,618 [a26a9f1d-c528-4494-83e5-475827f7720e@group-22A6327C128C-LeaderElection3] INFO  segmented.SegmentedRaftLogWorker (SegmentedRaftLogWorker.java:startLogSegment(385)) - a26a9f1d-c528-4494-83e5-475827f7720e@group-22A6327C128C-SegmentedRaftLogWorker: Starting segment from index:0
2019-10-21 22:00:43,619 [a26a9f1d-c528-4494-83e5-475827f7720e@group-22A6327C128C-LeaderElection3] INFO  impl.RaftServerImpl (ServerState.java:setRaftConf(357)) - a26a9f1d-c528-4494-83e5-475827f7720e@group-22A6327C128C: set configuration 0: [a26a9f1d-c528-4494-83e5-475827f7720e:192.168.69.92:46217], old=null at 0
2019-10-21 22:00:43,657 [a26a9f1d-c528-4494-83e5-475827f7720e@group-22A6327C128C-SegmentedRaftLogWorker] INFO  segmented.SegmentedRaftLogWorker (SegmentedRaftLogWorker.java:execute(576)) - a26a9f1d-c528-4494-83e5-475827f7720e@group-22A6327C128C-SegmentedRaftLogWorker: created new log segment /workdir/hadoop-ozone/integration-test/target/test-dir/MiniOzoneClusterImpl-18cca4e0-1166-4b57-9da5-bc6c79423f4b/datanode-1/data/ratis/3ffd9eb0-d42a-45d5-bc1d-22a6327c128c/current/log_inprogress_0
2019-10-21 22:00:43,667 [grpc-default-executor-2] INFO  impl.RaftServerImpl (RaftServerImpl.java:setRole(184)) - a1036450-74c2-4405-b4f8-7a994af8c84a@group-5E7A11E15B06: changes role from  FOLLOWER to FOLLOWER at term 1 for recognizeCandidate:a26a9f1d-c528-4494-83e5-475827f7720e
2019-10-21 22:00:43,667 [grpc-default-executor-1] INFO  impl.RaftServerImpl (RaftServerImpl.java:setRole(184)) - 95d3bce6-5996-460d-8578-b7f952c18b9c@group-5E7A11E15B06: changes role from  FOLLOWER to FOLLOWER at term 1 for recognizeCandidate:a26a9f1d-c528-4494-83e5-475827f7720e
2019-10-21 22:00:43,667 [grpc-default-executor-2] INFO  impl.RoleInfo (RoleInfo.java:shutdownFollowerState(121)) - a1036450-74c2-4405-b4f8-7a994af8c84a: shutdown FollowerState
2019-10-21 22:00:43,667 [grpc-default-executor-1] INFO  impl.RoleInfo (RoleInfo.java:shutdownFollowerState(121)) - 95d3bce6-5996-460d-8578-b7f952c18b9c: shutdown FollowerState
2019-10-21 22:00:43,667 [Thread-203] INFO  impl.FollowerState (FollowerState.java:run(117)) - a1036450-74c2-4405-b4f8-7a994af8c84a@group-5E7A11E15B06-FollowerState was interrupted: java.lang.InterruptedException: sleep interrupted
2019-10-21 22:00:43,667 [grpc-default-executor-2] INFO  impl.RoleInfo (RoleInfo.java:updateAndGet(143)) - a1036450-74c2-4405-b4f8-7a994af8c84a: start FollowerState
2019-10-21 22:00:43,667 [grpc-default-executor-1] INFO  impl.RoleInfo (RoleInfo.java:updateAndGet(143)) - 95d3bce6-5996-460d-8578-b7f952c18b9c: start FollowerState
2019-10-21 22:00:43,667 [Thread-201] INFO  impl.FollowerState (FollowerState.java:run(117)) - 95d3bce6-5996-460d-8578-b7f952c18b9c@group-5E7A11E15B06-FollowerState was interrupted: java.lang.InterruptedException: sleep interrupted
2019-10-21 22:00:43,684 [a26a9f1d-c528-4494-83e5-475827f7720e@group-5E7A11E15B06-LeaderElection4] INFO  impl.LeaderElection (LeaderElection.java:logAndReturn(56)) - a26a9f1d-c528-4494-83e5-475827f7720e@group-5E7A11E15B06-LeaderElection4: Election PASSED; received 1 response(s) [a26a9f1d-c528-4494-83e5-475827f7720e<-95d3bce6-5996-460d-8578-b7f952c18b9c#0:OK-t1] and 0 exception(s); a26a9f1d-c528-4494-83e5-475827f7720e@group-5E7A11E15B06:t1, leader=null, voted=a26a9f1d-c528-4494-83e5-475827f7720e, raftlog=a26a9f1d-c528-4494-83e5-475827f7720e@group-5E7A11E15B06-SegmentedRaftLog:OPENED:c-1,f-1,i0, conf=-1: [a26a9f1d-c528-4494-83e5-475827f7720e:192.168.69.92:46217, a1036450-74c2-4405-b4f8-7a994af8c84a:192.168.69.92:36225, 95d3bce6-5996-460d-8578-b7f952c18b9c:192.168.69.92:41231], old=null
2019-10-21 22:00:43,684 [a26a9f1d-c528-4494-83e5-475827f7720e@group-5E7A11E15B06-LeaderElection4] INFO  impl.RoleInfo (RoleInfo.java:shutdownLeaderElection(134)) - a26a9f1d-c528-4494-83e5-475827f7720e: shutdown LeaderElection
2019-10-21 22:00:43,684 [a26a9f1d-c528-4494-83e5-475827f7720e@group-5E7A11E15B06-LeaderElection4] INFO  impl.RaftServerImpl (RaftServerImpl.java:setRole(184)) - a26a9f1d-c528-4494-83e5-475827f7720e@group-5E7A11E15B06: changes role from CANDIDATE to LEADER at term 1 for changeToLeader
2019-10-21 22:00:43,685 [a26a9f1d-c528-4494-83e5-475827f7720e@group-5E7A11E15B06-LeaderElection4] INFO  impl.RaftServerImpl (ServerState.java:setLeader(256)) - a26a9f1d-c528-4494-83e5-475827f7720e@group-5E7A11E15B06: change Leader from null to a26a9f1d-c528-4494-83e5-475827f7720e at term 1 for becomeLeader, leader elected after 172ms
2019-10-21 22:00:43,685 [a26a9f1d-c528-4494-83e5-475827f7720e@group-5E7A11E15B06-LeaderElection4] INFO  server.RaftServerConfigKeys (ConfUtils.java:logGet(43)) - raft.server.staging.catchup.gap = 1000 (default)
2019-10-21 22:00:43,685 [a26a9f1d-c528-4494-83e5-475827f7720e@group-5E7A11E15B06-LeaderElection4] INFO  server.RaftServerConfigKeys (ConfUtils.java:logGet(43)) - raft.server.rpc.sleep.time = 25ms (default)
2019-10-21 22:00:43,686 [a26a9f1d-c528-4494-83e5-475827f7720e@group-5E7A11E15B06-LeaderElection4] INFO  server.RaftServerConfigKeys (ConfUtils.java:logGet(43)) - raft.server.write.element-limit = 4096 (default)
2019-10-21 22:00:43,686 [a26a9f1d-c528-4494-83e5-475827f7720e@group-5E7A11E15B06-LeaderElection4] INFO  server.RaftServerConfigKeys (ConfUtils.java:logGet(43)) - raft.server.watch.timeout = 10s (default)
2019-10-21 22:00:43,686 [a26a9f1d-c528-4494-83e5-475827f7720e@group-5E7A11E15B06-LeaderElection4] INFO  server.RaftServerConfigKeys (ConfUtils.java:logGet(43)) - raft.server.watch.timeout.denomination = 1s (default)
2019-10-21 22:00:43,686 [a26a9f1d-c528-4494-83e5-475827f7720e@group-5E7A11E15B06-LeaderElection4] INFO  server.RaftServerConfigKeys (ConfUtils.java:logGet(43)) - raft.server.watch.element-limit = 65536 (default)
2019-10-21 22:00:43,690 [a26a9f1d-c528-4494-83e5-475827f7720e@group-5E7A11E15B06-LeaderElection4] INFO  server.RaftServerConfigKeys (ConfUtils.java:logGet(43)) - raft.server.log.appender.snapshot.chunk.size.max = 16MB (=16777216) (default)
2019-10-21 22:00:43,691 [a26a9f1d-c528-4494-83e5-475827f7720e@group-5E7A11E15B06-LeaderElection4] INFO  server.RaftServerConfigKeys (ConfUtils.java:logGet(43)) - raft.server.log.appender.buffer.byte-limit = 33554432 (custom)
2019-10-21 22:00:43,691 [a26a9f1d-c528-4494-83e5-475827f7720e@group-5E7A11E15B06-LeaderElection4] INFO  server.RaftServerConfigKeys (ConfUtils.java:logGet(43)) - raft.server.log.appender.buffer.element-limit = 1 (custom)
2019-10-21 22:00:43,694 [a26a9f1d-c528-4494-83e5-475827f7720e@group-5E7A11E15B06-LeaderElection4] INFO  grpc.GrpcConfigKeys$Server (ConfUtils.java:logGet(43)) - raft.grpc.server.leader.outstanding.appends.max = 128 (default)
2019-10-21 22:00:43,695 [a26a9f1d-c528-4494-83e5-475827f7720e@group-5E7A11E15B06-LeaderElection4] INFO  server.RaftServerConfigKeys (ConfUtils.java:logGet(43)) - raft.server.rpc.request.timeout = 3000ms (default)
2019-10-21 22:00:43,695 [a26a9f1d-c528-4494-83e5-475827f7720e@group-5E7A11E15B06-LeaderElection4] INFO  server.RaftServerConfigKeys (ConfUtils.java:logGet(43)) - raft.server.log.appender.install.snapshot.enabled = false (custom)
2019-10-21 22:00:43,698 [a26a9f1d-c528-4494-83e5-475827f7720e@group-5E7A11E15B06-LeaderElection4] INFO  server.RaftServerConfigKeys (ConfUtils.java:logGet(43)) - raft.server.log.appender.snapshot.chunk.size.max = 16MB (=16777216) (default)
2019-10-21 22:00:43,698 [a26a9f1d-c528-4494-83e5-475827f7720e@group-5E7A11E15B06-LeaderElection4] INFO  server.RaftServerConfigKeys (ConfUtils.java:logGet(43)) - raft.server.log.appender.buffer.byte-limit = 33554432 (custom)
2019-10-21 22:00:43,698 [a26a9f1d-c528-4494-83e5-475827f7720e@group-5E7A11E15B06-LeaderElection4] INFO  server.RaftServerConfigKeys (ConfUtils.java:logGet(43)) - raft.server.log.appender.buffer.element-limit = 1 (custom)
2019-10-21 22:00:43,699 [a26a9f1d-c528-4494-83e5-475827f7720e@group-5E7A11E15B06-LeaderElection4] INFO  grpc.GrpcConfigKeys$Server (ConfUtils.java:logGet(43)) - raft.grpc.server.leader.outstanding.appends.max = 128 (default)
2019-10-21 22:00:43,699 [a26a9f1d-c528-4494-83e5-475827f7720e@group-5E7A11E15B06-LeaderElection4] INFO  server.RaftServerConfigKeys (ConfUtils.java:logGet(43)) - raft.server.rpc.request.timeout = 3000ms (default)
2019-10-21 22:00:43,699 [a26a9f1d-c528-4494-83e5-475827f7720e@group-5E7A11E15B06-LeaderElection4] INFO  server.RaftServerConfigKeys (ConfUtils.java:logGet(43)) - raft.server.log.appender.install.snapshot.enabled = false (custom)
2019-10-21 22:00:43,703 [a26a9f1d-c528-4494-83e5-475827f7720e@group-5E7A11E15B06-LeaderElection4] INFO  impl.RoleInfo (RoleInfo.java:updateAndGet(143)) - a26a9f1d-c528-4494-83e5-475827f7720e: start LeaderState
2019-10-21 22:00:43,703 [a26a9f1d-c528-4494-83e5-475827f7720e@group-5E7A11E15B06-LeaderElection4] INFO  segmented.SegmentedRaftLogWorker (SegmentedRaftLogWorker.java:startLogSegment(385)) - a26a9f1d-c528-4494-83e5-475827f7720e@group-5E7A11E15B06-SegmentedRaftLogWorker: Starting segment from index:0
2019-10-21 22:00:43,704 [a26a9f1d-c528-4494-83e5-475827f7720e@group-5E7A11E15B06-LeaderElection4] INFO  impl.RaftServerImpl (ServerState.java:setRaftConf(357)) - a26a9f1d-c528-4494-83e5-475827f7720e@group-5E7A11E15B06: set configuration 0: [a26a9f1d-c528-4494-83e5-475827f7720e:192.168.69.92:46217, a1036450-74c2-4405-b4f8-7a994af8c84a:192.168.69.92:36225, 95d3bce6-5996-460d-8578-b7f952c18b9c:192.168.69.92:41231], old=null at 0
2019-10-21 22:00:43,729 [Thread-212] INFO  impl.FollowerState (FollowerState.java:run(108)) - a1036450-74c2-4405-b4f8-7a994af8c84a@group-5E7A11E15B06-FollowerState: change to CANDIDATE, lastRpcTime:61ms, electionTimeout:43ms
2019-10-21 22:00:43,731 [Thread-212] INFO  impl.RoleInfo (RoleInfo.java:shutdownFollowerState(121)) - a1036450-74c2-4405-b4f8-7a994af8c84a: shutdown FollowerState
2019-10-21 22:00:43,731 [Thread-212] INFO  impl.RaftServerImpl (RaftServerImpl.java:setRole(184)) - a1036450-74c2-4405-b4f8-7a994af8c84a@group-5E7A11E15B06: changes role from  FOLLOWER to CANDIDATE at term 1 for changeToCandidate
2019-10-21 22:00:43,732 [Thread-212] INFO  impl.RoleInfo (RoleInfo.java:updateAndGet(143)) - a1036450-74c2-4405-b4f8-7a994af8c84a: start LeaderElection
2019-10-21 22:00:43,743 [a26a9f1d-c528-4494-83e5-475827f7720e@group-5E7A11E15B06-SegmentedRaftLogWorker] INFO  segmented.SegmentedRaftLogWorker (SegmentedRaftLogWorker.java:execute(576)) - a26a9f1d-c528-4494-83e5-475827f7720e@group-5E7A11E15B06-SegmentedRaftLogWorker: created new log segment /workdir/hadoop-ozone/integration-test/target/test-dir/MiniOzoneClusterImpl-18cca4e0-1166-4b57-9da5-bc6c79423f4b/datanode-1/data/ratis/14fb49ee-5d81-4c1e-bb69-5e7a11e15b06/current/log_inprogress_0
2019-10-21 22:00:43,743 [a1036450-74c2-4405-b4f8-7a994af8c84a@group-5E7A11E15B06-LeaderElection5] INFO  impl.LeaderElection (LeaderElection.java:askForVotes(178)) - a1036450-74c2-4405-b4f8-7a994af8c84a@group-5E7A11E15B06-LeaderElection5: begin an election at term 2 for -1: [a26a9f1d-c528-4494-83e5-475827f7720e:192.168.69.92:46217, a1036450-74c2-4405-b4f8-7a994af8c84a:192.168.69.92:36225, 95d3bce6-5996-460d-8578-b7f952c18b9c:192.168.69.92:41231], old=null
2019-10-21 22:00:43,751 [grpc-default-executor-1] INFO  impl.RaftServerImpl (ServerState.java:setLeader(256)) - 95d3bce6-5996-460d-8578-b7f952c18b9c@group-5E7A11E15B06: change Leader from null to a26a9f1d-c528-4494-83e5-475827f7720e at term 1 for appendEntries, leader elected after 237ms
2019-10-21 22:00:43,757 [grpc-default-executor-1] INFO  impl.RaftServerImpl (ServerState.java:setLeader(256)) - 95d3bce6-5996-460d-8578-b7f952c18b9c@group-5E7A11E15B06: change Leader from a26a9f1d-c528-4494-83e5-475827f7720e to null at term 2 for updateCurrentTerm
2019-10-21 22:00:43,757 [grpc-default-executor-1] INFO  impl.RaftServerImpl (RaftServerImpl.java:setRole(184)) - 95d3bce6-5996-460d-8578-b7f952c18b9c@group-5E7A11E15B06: changes role from  FOLLOWER to FOLLOWER at term 2 for recognizeCandidate:a1036450-74c2-4405-b4f8-7a994af8c84a
2019-10-21 22:00:43,757 [grpc-default-executor-1] INFO  impl.RoleInfo (RoleInfo.java:shutdownFollowerState(121)) - 95d3bce6-5996-460d-8578-b7f952c18b9c: shutdown FollowerState
2019-10-21 22:00:43,757 [Thread-213] INFO  impl.FollowerState (FollowerState.java:run(117)) - 95d3bce6-5996-460d-8578-b7f952c18b9c@group-5E7A11E15B06-FollowerState was interrupted: java.lang.InterruptedException: sleep interrupted
2019-10-21 22:00:43,757 [grpc-default-executor-1] INFO  impl.RoleInfo (RoleInfo.java:updateAndGet(143)) - 95d3bce6-5996-460d-8578-b7f952c18b9c: start FollowerState
2019-10-21 22:00:43,758 [grpc-default-executor-3] INFO  impl.RaftServerImpl (ServerState.java:setLeader(256)) - a26a9f1d-c528-4494-83e5-475827f7720e@group-5E7A11E15B06: change Leader from a26a9f1d-c528-4494-83e5-475827f7720e to null at term 2 for updateCurrentTerm
2019-10-21 22:00:43,758 [grpc-default-executor-3] INFO  impl.RaftServerImpl (RaftServerImpl.java:setRole(184)) - a26a9f1d-c528-4494-83e5-475827f7720e@group-5E7A11E15B06: changes role from    LEADER to FOLLOWER at term 2 for recognizeCandidate:a1036450-74c2-4405-b4f8-7a994af8c84a
2019-10-21 22:00:43,758 [grpc-default-executor-3] INFO  impl.RoleInfo (RoleInfo.java:shutdownLeaderState(104)) - a26a9f1d-c528-4494-83e5-475827f7720e: shutdown LeaderState
2019-10-21 22:00:43,760 [org.apache.ratis.server.impl.LogAppender$AppenderDaemon$$Lambda$413/1872460007@654d24e6] WARN  server.GrpcLogAppender (GrpcLogAppender.java:mayWait(149)) - a26a9f1d-c528-4494-83e5-475827f7720e@group-5E7A11E15B06->95d3bce6-5996-460d-8578-b7f952c18b9c-GrpcLogAppender: Wait interrupted by java.lang.InterruptedException
2019-10-21 22:00:43,760 [org.apache.ratis.server.impl.LogAppender$AppenderDaemon$$Lambda$413/1872460007@14379568] WARN  server.GrpcLogAppender (GrpcLogAppender.java:mayWait(149)) - a26a9f1d-c528-4494-83e5-475827f7720e@group-5E7A11E15B06->a1036450-74c2-4405-b4f8-7a994af8c84a-GrpcLogAppender: Wait interrupted by java.lang.InterruptedException
2019-10-21 22:00:43,762 [grpc-default-executor-3] INFO  impl.PendingRequests (PendingRequests.java:sendNotLeaderResponses(202)) - a26a9f1d-c528-4494-83e5-475827f7720e@group-5E7A11E15B06-PendingRequests: sendNotLeaderResponses
2019-10-21 22:00:43,763 [grpc-default-executor-4] INFO  server.GrpcServerProtocolService (GrpcServerProtocolService.java:onCompleted(113)) - a1036450-74c2-4405-b4f8-7a994af8c84a: Completed APPEND_ENTRIES, lastRequest: a26a9f1d-c528-4494-83e5-475827f7720e->a1036450-74c2-4405-b4f8-7a994af8c84a#0-t1, previous=(t:0, i:0), leaderCommit=-1, initializing? false, entries: <empty>
2019-10-21 22:00:43,763 [grpc-default-executor-5] INFO  server.GrpcServerProtocolService (GrpcServerProtocolService.java:onCompleted(113)) - 95d3bce6-5996-460d-8578-b7f952c18b9c: Completed APPEND_ENTRIES, lastRequest: a26a9f1d-c528-4494-83e5-475827f7720e->95d3bce6-5996-460d-8578-b7f952c18b9c#0-t1, previous=(t:0, i:0), leaderCommit=-1, initializing? false, entries: <empty>
2019-10-21 22:00:43,767 [grpc-default-executor-3] INFO  impl.RoleInfo (RoleInfo.java:updateAndGet(143)) - a26a9f1d-c528-4494-83e5-475827f7720e: start FollowerState
2019-10-21 22:00:43,769 [grpc-default-executor-5] INFO  server.GrpcLogAppender (GrpcLogAppender.java:onCompleted(308)) - a26a9f1d-c528-4494-83e5-475827f7720e@group-5E7A11E15B06->95d3bce6-5996-460d-8578-b7f952c18b9c-AppendLogResponseHandler: follower responses appendEntries COMPLETED
2019-10-21 22:00:43,771 [grpc-default-executor-5] INFO  impl.FollowerInfo (FollowerInfo.java:lambda$new$0(51)) - a26a9f1d-c528-4494-83e5-475827f7720e@group-5E7A11E15B06->95d3bce6-5996-460d-8578-b7f952c18b9c: nextIndex: updateUnconditionally 0 -> 0
2019-10-21 22:00:43,772 [grpc-default-executor-2] INFO  server.GrpcLogAppender (GrpcLogAppender.java:onCompleted(308)) - a26a9f1d-c528-4494-83e5-475827f7720e@group-5E7A11E15B06->a1036450-74c2-4405-b4f8-7a994af8c84a-AppendLogResponseHandler: follower responses appendEntries COMPLETED
2019-10-21 22:00:43,774 [grpc-default-executor-2] INFO  impl.FollowerInfo (FollowerInfo.java:lambda$new$0(51)) - a26a9f1d-c528-4494-83e5-475827f7720e@group-5E7A11E15B06->a1036450-74c2-4405-b4f8-7a994af8c84a: nextIndex: updateUnconditionally 0 -> 0
2019-10-21 22:00:43,778 [a1036450-74c2-4405-b4f8-7a994af8c84a@group-5E7A11E15B06-LeaderElection5] INFO  impl.LeaderElection (LeaderElection.java:logAndReturn(56)) - a1036450-74c2-4405-b4f8-7a994af8c84a@group-5E7A11E15B06-LeaderElection5: Election PASSED; received 1 response(s) [a1036450-74c2-4405-b4f8-7a994af8c84a<-95d3bce6-5996-460d-8578-b7f952c18b9c#0:OK-t2] and 0 exception(s); a1036450-74c2-4405-b4f8-7a994af8c84a@group-5E7A11E15B06:t2, leader=null, voted=a1036450-74c2-4405-b4f8-7a994af8c84a, raftlog=a1036450-74c2-4405-b4f8-7a994af8c84a@group-5E7A11E15B06-SegmentedRaftLog:OPENED:c-1,f-1,i0, conf=-1: [a26a9f1d-c528-4494-83e5-475827f7720e:192.168.69.92:46217, a1036450-74c2-4405-b4f8-7a994af8c84a:192.168.69.92:36225, 95d3bce6-5996-460d-8578-b7f952c18b9c:192.168.69.92:41231], old=null
2019-10-21 22:00:43,778 [a1036450-74c2-4405-b4f8-7a994af8c84a@group-5E7A11E15B06-LeaderElection5] INFO  impl.RoleInfo (RoleInfo.java:shutdownLeaderElection(134)) - a1036450-74c2-4405-b4f8-7a994af8c84a: shutdown LeaderElection
2019-10-21 22:00:43,779 [a1036450-74c2-4405-b4f8-7a994af8c84a@group-5E7A11E15B06-LeaderElection5] INFO  impl.RaftServerImpl (RaftServerImpl.java:setRole(184)) - a1036450-74c2-4405-b4f8-7a994af8c84a@group-5E7A11E15B06: changes role from CANDIDATE to LEADER at term 2 for changeToLeader
2019-10-21 22:00:43,779 [a1036450-74c2-4405-b4f8-7a994af8c84a@group-5E7A11E15B06-LeaderElection5] INFO  impl.RaftServerImpl (ServerState.java:setLeader(256)) - a1036450-74c2-4405-b4f8-7a994af8c84a@group-5E7A11E15B06: change Leader from null to a1036450-74c2-4405-b4f8-7a994af8c84a at term 2 for becomeLeader, leader elected after 265ms
2019-10-21 22:00:43,779 [a1036450-74c2-4405-b4f8-7a994af8c84a@group-5E7A11E15B06-LeaderElection5] INFO  server.RaftServerConfigKeys (ConfUtils.java:logGet(43)) - raft.server.staging.catchup.gap = 1000 (default)
2019-10-21 22:00:43,779 [a1036450-74c2-4405-b4f8-7a994af8c84a@group-5E7A11E15B06-LeaderElection5] INFO  server.RaftServerConfigKeys (ConfUtils.java:logGet(43)) - raft.server.rpc.sleep.time = 25ms (default)
2019-10-21 22:00:43,779 [a1036450-74c2-4405-b4f8-7a994af8c84a@group-5E7A11E15B06-LeaderElection5] INFO  server.RaftServerConfigKeys (ConfUtils.java:logGet(43)) - raft.server.write.element-limit = 4096 (default)
2019-10-21 22:00:43,779 [a1036450-74c2-4405-b4f8-7a994af8c84a@group-5E7A11E15B06-LeaderElection5] INFO  server.RaftServerConfigKeys (ConfUtils.java:logGet(43)) - raft.server.watch.timeout = 10s (default)
2019-10-21 22:00:43,779 [a1036450-74c2-4405-b4f8-7a994af8c84a@group-5E7A11E15B06-LeaderElection5] INFO  server.RaftServerConfigKeys (ConfUtils.java:logGet(43)) - raft.server.watch.timeout.denomination = 1s (default)
2019-10-21 22:00:43,779 [a1036450-74c2-4405-b4f8-7a994af8c84a@group-5E7A11E15B06-LeaderElection5] INFO  server.RaftServerConfigKeys (ConfUtils.java:logGet(43)) - raft.server.watch.element-limit = 65536 (default)
2019-10-21 22:00:43,781 [a1036450-74c2-4405-b4f8-7a994af8c84a@group-5E7A11E15B06-LeaderElection5] INFO  server.RaftServerConfigKeys (ConfUtils.java:logGet(43)) - raft.server.log.appender.snapshot.chunk.size.max = 16MB (=16777216) (default)
2019-10-21 22:00:43,781 [a1036450-74c2-4405-b4f8-7a994af8c84a@group-5E7A11E15B06-LeaderElection5] INFO  server.RaftServerConfigKeys (ConfUtils.java:logGet(43)) - raft.server.log.appender.buffer.byte-limit = 33554432 (custom)
2019-10-21 22:00:43,782 [a1036450-74c2-4405-b4f8-7a994af8c84a@group-5E7A11E15B06-LeaderElection5] INFO  server.RaftServerConfigKeys (ConfUtils.java:logGet(43)) - raft.server.log.appender.buffer.element-limit = 1 (custom)
2019-10-21 22:00:43,782 [a1036450-74c2-4405-b4f8-7a994af8c84a@group-5E7A11E15B06-LeaderElection5] INFO  grpc.GrpcConfigKeys$Server (ConfUtils.java:logGet(43)) - raft.grpc.server.leader.outstanding.appends.max = 128 (default)
2019-10-21 22:00:43,782 [a1036450-74c2-4405-b4f8-7a994af8c84a@group-5E7A11E15B06-LeaderElection5] INFO  server.RaftServerConfigKeys (ConfUtils.java:logGet(43)) - raft.server.rpc.request.timeout = 3000ms (default)
2019-10-21 22:00:43,782 [a1036450-74c2-4405-b4f8-7a994af8c84a@group-5E7A11E15B06-LeaderElection5] INFO  server.RaftServerConfigKeys (ConfUtils.java:logGet(43)) - raft.server.log.appender.install.snapshot.enabled = false (custom)
2019-10-21 22:00:43,784 [a1036450-74c2-4405-b4f8-7a994af8c84a@group-5E7A11E15B06-LeaderElection5] INFO  server.RaftServerConfigKeys (ConfUtils.java:logGet(43)) - raft.server.log.appender.snapshot.chunk.size.max = 16MB (=16777216) (default)
2019-10-21 22:00:43,784 [a1036450-74c2-4405-b4f8-7a994af8c84a@group-5E7A11E15B06-LeaderElection5] INFO  server.RaftServerConfigKeys (ConfUtils.java:logGet(43)) - raft.server.log.appender.buffer.byte-limit = 33554432 (custom)
2019-10-21 22:00:43,784 [a1036450-74c2-4405-b4f8-7a994af8c84a@group-5E7A11E15B06-LeaderElection5] INFO  server.RaftServerConfigKeys (ConfUtils.java:logGet(43)) - raft.server.log.appender.buffer.element-limit = 1 (custom)
2019-10-21 22:00:43,784 [main] INFO  ozone.MiniOzoneClusterImpl (MiniOzoneClusterImpl.java:lambda$waitForClusterToBeReady$0(147)) - Cluster is ready. Got 3 of 3 DN Heartbeats.
2019-10-21 22:00:43,784 [a1036450-74c2-4405-b4f8-7a994af8c84a@group-5E7A11E15B06-LeaderElection5] INFO  grpc.GrpcConfigKeys$Server (ConfUtils.java:logGet(43)) - raft.grpc.server.leader.outstanding.appends.max = 128 (default)
2019-10-21 22:00:43,785 [a1036450-74c2-4405-b4f8-7a994af8c84a@group-5E7A11E15B06-LeaderElection5] INFO  server.RaftServerConfigKeys (ConfUtils.java:logGet(43)) - raft.server.rpc.request.timeout = 3000ms (default)
2019-10-21 22:00:43,785 [a1036450-74c2-4405-b4f8-7a994af8c84a@group-5E7A11E15B06-LeaderElection5] INFO  server.RaftServerConfigKeys (ConfUtils.java:logGet(43)) - raft.server.log.appender.install.snapshot.enabled = false (custom)
2019-10-21 22:00:43,787 [a1036450-74c2-4405-b4f8-7a994af8c84a@group-5E7A11E15B06-LeaderElection5] INFO  impl.RoleInfo (RoleInfo.java:updateAndGet(143)) - a1036450-74c2-4405-b4f8-7a994af8c84a: start LeaderState
2019-10-21 22:00:43,788 [a1036450-74c2-4405-b4f8-7a994af8c84a@group-5E7A11E15B06-LeaderElection5] INFO  segmented.SegmentedRaftLogWorker (SegmentedRaftLogWorker.java:startLogSegment(385)) - a1036450-74c2-4405-b4f8-7a994af8c84a@group-5E7A11E15B06-SegmentedRaftLogWorker: Starting segment from index:0
2019-10-21 22:00:43,788 [a1036450-74c2-4405-b4f8-7a994af8c84a@group-5E7A11E15B06-LeaderElection5] INFO  impl.RaftServerImpl (ServerState.java:setRaftConf(357)) - a1036450-74c2-4405-b4f8-7a994af8c84a@group-5E7A11E15B06: set configuration 0: [a26a9f1d-c528-4494-83e5-475827f7720e:192.168.69.92:46217, a1036450-74c2-4405-b4f8-7a994af8c84a:192.168.69.92:36225, 95d3bce6-5996-460d-8578-b7f952c18b9c:192.168.69.92:41231], old=null at 0
2019-10-21 22:00:43,818 [grpc-default-executor-3] INFO  impl.RaftServerImpl (ServerState.java:setLeader(256)) - 95d3bce6-5996-460d-8578-b7f952c18b9c@group-5E7A11E15B06: change Leader from null to a1036450-74c2-4405-b4f8-7a994af8c84a at term 2 for appendEntries, leader elected after 61ms
2019-10-21 22:00:43,819 [grpc-default-executor-2] INFO  impl.RaftServerImpl (ServerState.java:setLeader(256)) - a26a9f1d-c528-4494-83e5-475827f7720e@group-5E7A11E15B06: change Leader from null to a1036450-74c2-4405-b4f8-7a994af8c84a at term 2 for appendEntries, leader elected after 61ms
2019-10-21 22:00:43,828 [a1036450-74c2-4405-b4f8-7a994af8c84a@group-5E7A11E15B06-SegmentedRaftLogWorker] INFO  segmented.SegmentedRaftLogWorker (SegmentedRaftLogWorker.java:execute(576)) - a1036450-74c2-4405-b4f8-7a994af8c84a@group-5E7A11E15B06-SegmentedRaftLogWorker: created new log segment /workdir/hadoop-ozone/integration-test/target/test-dir/MiniOzoneClusterImpl-18cca4e0-1166-4b57-9da5-bc6c79423f4b/datanode-2/data/ratis/14fb49ee-5d81-4c1e-bb69-5e7a11e15b06/current/log_inprogress_0
2019-10-21 22:00:43,828 [grpc-default-executor-3] INFO  impl.RaftServerImpl (ServerState.java:setRaftConf(357)) - a26a9f1d-c528-4494-83e5-475827f7720e@group-5E7A11E15B06: set configuration 0: [a26a9f1d-c528-4494-83e5-475827f7720e:192.168.69.92:46217, a1036450-74c2-4405-b4f8-7a994af8c84a:192.168.69.92:36225, 95d3bce6-5996-460d-8578-b7f952c18b9c:192.168.69.92:41231], old=null at 0
2019-10-21 22:00:43,828 [grpc-default-executor-2] INFO  impl.RaftServerImpl (ServerState.java:setRaftConf(357)) - 95d3bce6-5996-460d-8578-b7f952c18b9c@group-5E7A11E15B06: set configuration 0: [a26a9f1d-c528-4494-83e5-475827f7720e:192.168.69.92:46217, a1036450-74c2-4405-b4f8-7a994af8c84a:192.168.69.92:36225, 95d3bce6-5996-460d-8578-b7f952c18b9c:192.168.69.92:41231], old=null at 0
2019-10-21 22:00:43,829 [grpc-default-executor-2] INFO  segmented.SegmentedRaftLogWorker (SegmentedRaftLogWorker.java:startLogSegment(385)) - 95d3bce6-5996-460d-8578-b7f952c18b9c@group-5E7A11E15B06-SegmentedRaftLogWorker: Starting segment from index:0
2019-10-21 22:00:43,830 [grpc-default-executor-3] INFO  segmented.SegmentedRaftLogWorker (SegmentedRaftLogWorker.java:truncate(401)) - a26a9f1d-c528-4494-83e5-475827f7720e@group-5E7A11E15B06-SegmentedRaftLogWorker: Truncating segments toTruncate: null
  toDelete: [(0, 0) isOpen? true, length=0, newEndIndex=-1], start index 0
2019-10-21 22:00:43,831 [grpc-default-executor-3] INFO  segmented.SegmentedRaftLogWorker (SegmentedRaftLogWorker.java:startLogSegment(385)) - a26a9f1d-c528-4494-83e5-475827f7720e@group-5E7A11E15B06-SegmentedRaftLogWorker: Starting segment from index:0
2019-10-21 22:00:43,832 [a26a9f1d-c528-4494-83e5-475827f7720e@group-5E7A11E15B06-SegmentedRaftLogWorker] INFO  segmented.SegmentedRaftLogWorker (SegmentedRaftLogWorker.java:execute(640)) - a26a9f1d-c528-4494-83e5-475827f7720e@group-5E7A11E15B06-SegmentedRaftLogWorker: Deleted log file /workdir/hadoop-ozone/integration-test/target/test-dir/MiniOzoneClusterImpl-18cca4e0-1166-4b57-9da5-bc6c79423f4b/datanode-1/data/ratis/14fb49ee-5d81-4c1e-bb69-5e7a11e15b06/current/log_inprogress_0
2019-10-21 22:00:43,833 [a26a9f1d-c528-4494-83e5-475827f7720e@group-5E7A11E15B06-SegmentedRaftLogWorker] INFO  segmented.SegmentedRaftLogWorker (SegmentedRaftLogWorker.java:lambda$new$0(128)) - a26a9f1d-c528-4494-83e5-475827f7720e@group-5E7A11E15B06-SegmentedRaftLogWorker: flushIndex: setUnconditionally 0 -> -1
2019-10-21 22:00:43,863 [95d3bce6-5996-460d-8578-b7f952c18b9c@group-5E7A11E15B06-SegmentedRaftLogWorker] INFO  segmented.SegmentedRaftLogWorker (SegmentedRaftLogWorker.java:execute(576)) - 95d3bce6-5996-460d-8578-b7f952c18b9c@group-5E7A11E15B06-SegmentedRaftLogWorker: created new log segment /workdir/hadoop-ozone/integration-test/target/test-dir/MiniOzoneClusterImpl-18cca4e0-1166-4b57-9da5-bc6c79423f4b/datanode-0/data/ratis/14fb49ee-5d81-4c1e-bb69-5e7a11e15b06/current/log_inprogress_0
2019-10-21 22:00:43,863 [a26a9f1d-c528-4494-83e5-475827f7720e@group-5E7A11E15B06-SegmentedRaftLogWorker] INFO  segmented.SegmentedRaftLogWorker (SegmentedRaftLogWorker.java:execute(576)) - a26a9f1d-c528-4494-83e5-475827f7720e@group-5E7A11E15B06-SegmentedRaftLogWorker: created new log segment /workdir/hadoop-ozone/integration-test/target/test-dir/MiniOzoneClusterImpl-18cca4e0-1166-4b57-9da5-bc6c79423f4b/datanode-1/data/ratis/14fb49ee-5d81-4c1e-bb69-5e7a11e15b06/current/log_inprogress_0
2019-10-21 22:00:44,478 [main] INFO  rpc.RpcClient (RpcClient.java:createVolume(289)) - Creating Volume: testcontainerstatemachinefailures, with jenkins1000 as owner.
2019-10-21 22:00:44,552 [IPC Server handler 1 on 36686] INFO  volume.OMVolumeCreateRequest (OMVolumeCreateRequest.java:validateAndUpdateCache(193)) - created volume:testcontainerstatemachinefailures for user:jenkins1000
2019-10-21 22:00:44,568 [main] INFO  rpc.RpcClient (RpcClient.java:createBucket(428)) - Creating Bucket: testcontainerstatemachinefailures/testcontainerstatemachinefailures, with Versioning false and Storage Type set to DISK and Encryption set to false 
2019-10-21 22:00:44,702 [main] INFO  impl.MetricsSystemImpl (MetricsSystemImpl.java:init(158)) - XceiverClientMetrics metrics system started (again)
2019-10-21 22:00:45,183 [Datanode State Machine Thread - 0] INFO  statemachine.DatanodeStateMachine (DatanodeStateMachine.java:lambda$startDaemon$0(350)) - Ozone container server started.
2019-10-21 22:00:45,662 [Thread-181] INFO  container.ReplicationManager (ReplicationManager.java:start(162)) - Starting Replication Monitor Thread.
2019-10-21 22:00:45,664 [ReplicationMonitor] INFO  container.ReplicationManager (ReplicationManager.java:run(225)) - Replication Monitor Thread took 1 milliseconds for processing 1 containers.
2019-10-21 22:00:50,108 [main] INFO  ozoneimpl.OzoneContainer (OzoneContainer.java:stop(227)) - Attempting to stop container services.
2019-10-21 22:00:50,110 [main] INFO  impl.RaftServerProxy (RaftServerProxy.java:lambda$close$4(314)) - a26a9f1d-c528-4494-83e5-475827f7720e: close
2019-10-21 22:00:50,112 [main] INFO  impl.RaftServerImpl (RaftServerImpl.java:lambda$shutdown$3(261)) - a26a9f1d-c528-4494-83e5-475827f7720e@group-22A6327C128C: shutdown
2019-10-21 22:00:50,112 [main] INFO  util.JmxRegister (JmxRegister.java:unregister(73)) - Successfully un-registered JMX Bean with object name Ratis:service=RaftServer,group=group-22A6327C128C,id=a26a9f1d-c528-4494-83e5-475827f7720e
2019-10-21 22:00:50,113 [main] INFO  impl.RoleInfo (RoleInfo.java:shutdownLeaderState(104)) - a26a9f1d-c528-4494-83e5-475827f7720e: shutdown LeaderState
2019-10-21 22:00:50,113 [main] INFO  impl.PendingRequests (PendingRequests.java:sendNotLeaderResponses(202)) - a26a9f1d-c528-4494-83e5-475827f7720e@group-22A6327C128C-PendingRequests: sendNotLeaderResponses
2019-10-21 22:00:50,114 [main] INFO  impl.StateMachineUpdater (StateMachineUpdater.java:stopAndJoin(136)) - a26a9f1d-c528-4494-83e5-475827f7720e@group-22A6327C128C-StateMachineUpdater: set stopIndex = 0
2019-10-21 22:00:50,116 [main] INFO  impl.RaftServerImpl (ServerState.java:close(388)) - a26a9f1d-c528-4494-83e5-475827f7720e@group-22A6327C128C: closes. applyIndex: 0
2019-10-21 22:00:50,117 [a26a9f1d-c528-4494-83e5-475827f7720e@group-22A6327C128C-SegmentedRaftLogWorker] INFO  segmented.SegmentedRaftLogWorker (SegmentedRaftLogWorker.java:run(316)) - a26a9f1d-c528-4494-83e5-475827f7720e@group-22A6327C128C-SegmentedRaftLogWorker was interrupted, exiting. There are 0 tasks remaining in the queue.
2019-10-21 22:00:50,118 [main] INFO  segmented.SegmentedRaftLogWorker (SegmentedRaftLogWorker.java:close(224)) - a26a9f1d-c528-4494-83e5-475827f7720e@group-22A6327C128C-SegmentedRaftLogWorker close()
2019-10-21 22:00:50,120 [main] INFO  impl.RaftServerImpl (RaftServerImpl.java:lambda$shutdown$3(261)) - a26a9f1d-c528-4494-83e5-475827f7720e@group-5E7A11E15B06: shutdown
2019-10-21 22:00:50,121 [main] INFO  util.JmxRegister (JmxRegister.java:unregister(73)) - Successfully un-registered JMX Bean with object name Ratis:service=RaftServer,group=group-5E7A11E15B06,id=a26a9f1d-c528-4494-83e5-475827f7720e
2019-10-21 22:00:50,121 [main] INFO  impl.RoleInfo (RoleInfo.java:shutdownFollowerState(121)) - a26a9f1d-c528-4494-83e5-475827f7720e: shutdown FollowerState
2019-10-21 22:00:50,122 [Thread-224] INFO  impl.FollowerState (FollowerState.java:run(117)) - a26a9f1d-c528-4494-83e5-475827f7720e@group-5E7A11E15B06-FollowerState was interrupted: java.lang.InterruptedException: sleep interrupted
2019-10-21 22:00:50,123 [main] INFO  impl.StateMachineUpdater (StateMachineUpdater.java:stopAndJoin(136)) - a26a9f1d-c528-4494-83e5-475827f7720e@group-5E7A11E15B06-StateMachineUpdater: set stopIndex = 4
2019-10-21 22:00:50,123 [a26a9f1d-c528-4494-83e5-475827f7720e@group-5E7A11E15B06-StateMachineUpdater] INFO  ratis.ContainerStateMachine (ContainerStateMachine.java:takeSnapshot(294)) - group-5E7A11E15B06: Taking a snapshot at:(t:2, i:3) file /workdir/hadoop-ozone/integration-test/target/test-dir/MiniOzoneClusterImpl-18cca4e0-1166-4b57-9da5-bc6c79423f4b/datanode-1/data/ratis/14fb49ee-5d81-4c1e-bb69-5e7a11e15b06/sm/snapshot.2_3
2019-10-21 22:00:50,352 [a26a9f1d-c528-4494-83e5-475827f7720e@group-5E7A11E15B06-StateMachineUpdater] INFO  ratis.ContainerStateMachine (ContainerStateMachine.java:takeSnapshot(305)) - group-5E7A11E15B06: Finished taking a snapshot at:(t:2, i:3) file:/workdir/hadoop-ozone/integration-test/target/test-dir/MiniOzoneClusterImpl-18cca4e0-1166-4b57-9da5-bc6c79423f4b/datanode-1/data/ratis/14fb49ee-5d81-4c1e-bb69-5e7a11e15b06/sm/snapshot.2_3 time:229
2019-10-21 22:00:50,353 [a26a9f1d-c528-4494-83e5-475827f7720e@group-5E7A11E15B06-StateMachineUpdater] INFO  impl.StateMachineUpdater (StateMachineUpdater.java:takeSnapshot(269)) - a26a9f1d-c528-4494-83e5-475827f7720e@group-5E7A11E15B06-StateMachineUpdater: Took a snapshot at index 3
2019-10-21 22:00:50,355 [a26a9f1d-c528-4494-83e5-475827f7720e@group-5E7A11E15B06-StateMachineUpdater] INFO  impl.StateMachineUpdater (StateMachineUpdater.java:lambda$new$0(84)) - a26a9f1d-c528-4494-83e5-475827f7720e@group-5E7A11E15B06-StateMachineUpdater: snapshotIndex: updateIncreasingly -1 -> 3
2019-10-21 22:00:50,358 [a26a9f1d-c528-4494-83e5-475827f7720e@group-5E7A11E15B06-StateMachineUpdater] INFO  ratis.ContainerStateMachine (ContainerStateMachine.java:takeSnapshot(294)) - group-5E7A11E15B06: Taking a snapshot at:(t:2, i:3) file /workdir/hadoop-ozone/integration-test/target/test-dir/MiniOzoneClusterImpl-18cca4e0-1166-4b57-9da5-bc6c79423f4b/datanode-1/data/ratis/14fb49ee-5d81-4c1e-bb69-5e7a11e15b06/sm/snapshot.2_3
2019-10-21 22:00:50,366 [a26a9f1d-c528-4494-83e5-475827f7720e@group-5E7A11E15B06-StateMachineUpdater] INFO  ratis.ContainerStateMachine (ContainerStateMachine.java:takeSnapshot(305)) - group-5E7A11E15B06: Finished taking a snapshot at:(t:2, i:3) file:/workdir/hadoop-ozone/integration-test/target/test-dir/MiniOzoneClusterImpl-18cca4e0-1166-4b57-9da5-bc6c79423f4b/datanode-1/data/ratis/14fb49ee-5d81-4c1e-bb69-5e7a11e15b06/sm/snapshot.2_3 time:8
2019-10-21 22:00:50,366 [a26a9f1d-c528-4494-83e5-475827f7720e@group-5E7A11E15B06-StateMachineUpdater] INFO  impl.StateMachineUpdater (StateMachineUpdater.java:takeSnapshot(269)) - a26a9f1d-c528-4494-83e5-475827f7720e@group-5E7A11E15B06-StateMachineUpdater: Took a snapshot at index 3
2019-10-21 22:00:50,366 [a26a9f1d-c528-4494-83e5-475827f7720e@group-5E7A11E15B06-StateMachineUpdater] INFO  impl.StateMachineUpdater (StateMachineUpdater.java:lambda$new$0(84)) - a26a9f1d-c528-4494-83e5-475827f7720e@group-5E7A11E15B06-StateMachineUpdater: snapshotIndex: updateIncreasingly 3 -> 3
2019-10-21 22:00:50,366 [main] INFO  impl.RaftServerImpl (ServerState.java:close(388)) - a26a9f1d-c528-4494-83e5-475827f7720e@group-5E7A11E15B06: closes. applyIndex: 4
2019-10-21 22:00:50,367 [a26a9f1d-c528-4494-83e5-475827f7720e@group-5E7A11E15B06-SegmentedRaftLogWorker] INFO  segmented.SegmentedRaftLogWorker (SegmentedRaftLogWorker.java:run(316)) - a26a9f1d-c528-4494-83e5-475827f7720e@group-5E7A11E15B06-SegmentedRaftLogWorker was interrupted, exiting. There are 0 tasks remaining in the queue.
2019-10-21 22:00:50,368 [main] INFO  segmented.SegmentedRaftLogWorker (SegmentedRaftLogWorker.java:close(224)) - a26a9f1d-c528-4494-83e5-475827f7720e@group-5E7A11E15B06-SegmentedRaftLogWorker close()
2019-10-21 22:00:50,370 [main] INFO  server.GrpcService (GrpcService.java:closeImpl(164)) - a26a9f1d-c528-4494-83e5-475827f7720e: shutdown server with port 46217 now
2019-10-21 22:00:50,375 [main] INFO  server.GrpcService (GrpcService.java:closeImpl(172)) - a26a9f1d-c528-4494-83e5-475827f7720e: shutdown server with port 46217 successfully
2019-10-21 22:00:50,376 [grpc-default-executor-2] WARN  server.GrpcServerProtocolService (LogUtils.java:warn(134)) - a26a9f1d-c528-4494-83e5-475827f7720e: installSnapshot onError, lastRequest: a1036450-74c2-4405-b4f8-7a994af8c84a->a26a9f1d-c528-4494-83e5-475827f7720e#7-t2, previous=(t:2, i:4), leaderCommit=4, initializing? false, entries: <empty>: org.apache.ratis.thirdparty.io.grpc.StatusRuntimeException: CANCELLED: cancelled before receiving half close
2019-10-21 22:00:50,378 [grpc-default-executor-3] WARN  server.GrpcLogAppender (LogUtils.java:warn(134)) - a1036450-74c2-4405-b4f8-7a994af8c84a@group-5E7A11E15B06->a26a9f1d-c528-4494-83e5-475827f7720e-AppendLogResponseHandler: Failed appendEntries: org.apache.ratis.thirdparty.io.grpc.StatusRuntimeException: CANCELLED: HTTP/2 error code: CANCEL
Received Rst Stream
2019-10-21 22:00:50,381 [refreshUsed-/workdir/hadoop-ozone/integration-test/target/test-dir/MiniOzoneClusterImpl-18cca4e0-1166-4b57-9da5-bc6c79423f4b/datanode-1/data/containers] WARN  fs.CachingGetSpaceUsed (CachingGetSpaceUsed.java:run(183)) - Thread Interrupted waiting to refresh disk information: sleep interrupted
2019-10-21 22:00:50,400 [main] INFO  utils.BackgroundService (BackgroundService.java:shutdown(151)) - Shutting down service BlockDeletingService
2019-10-21 22:00:50,402 [main] INFO  statemachine.DatanodeStateMachine (DatanodeStateMachine.java:stopDaemon(395)) - Ozone container server stopped.
2019-10-21 22:00:50,406 [main] INFO  handler.ContextHandler (ContextHandler.java:doStop(910)) - Stopped o.e.j.w.WebAppContext@7a0ef219{/,null,UNAVAILABLE}{/hddsDatanode}
2019-10-21 22:00:50,412 [main] INFO  server.AbstractConnector (AbstractConnector.java:doStop(318)) - Stopped ServerConnector@1b1f5012{HTTP/1.1,[http/1.1]}{0.0.0.0:0}
2019-10-21 22:00:50,413 [main] INFO  handler.ContextHandler (ContextHandler.java:doStop(910)) - Stopped o.e.j.s.ServletContextHandler@8851ce1{/static,jar:file:/home/user/.m2/repository/org/apache/hadoop/hadoop-hdds-container-service/0.5.0-SNAPSHOT/hadoop-hdds-container-service-0.5.0-SNAPSHOT.jar!/webapps/static,UNAVAILABLE}
2019-10-21 22:00:50,413 [main] INFO  handler.ContextHandler (ContextHandler.java:doStop(910)) - Stopped o.e.j.s.ServletContextHandler@5e65afb6{/logs,file:///workdir/hadoop-ozone/integration-test/target/log,UNAVAILABLE}
2019-10-21 22:00:53,420 [java.util.concurrent.ThreadPoolExecutor$Worker@29bacf4c[State = -1, empty queue]] WARN  server.GrpcLogAppender (GrpcLogAppender.java:timeoutAppendRequest(209)) - a1036450-74c2-4405-b4f8-7a994af8c84a@group-5E7A11E15B06->a26a9f1d-c528-4494-83e5-475827f7720e-GrpcLogAppender: appendEntries Timeout, request=a1036450-74c2-4405-b4f8-7a994af8c84a->a26a9f1d-c528-4494-83e5-475827f7720e#8-t2, previous=(t:2, i:4), leaderCommit=4, initializing? false, entries: size=1, first=(t:2, i:5), STATEMACHINELOGENTRY, client-91F2DA33FCFF, cid=8
2019-10-21 22:00:53,420 [java.util.concurrent.ThreadPoolExecutor$Worker@29bacf4c[State = -1, empty queue]] WARN  server.GrpcLogAppender (GrpcLogAppender.java:timeoutAppendRequest(209)) - a1036450-74c2-4405-b4f8-7a994af8c84a@group-5E7A11E15B06->a26a9f1d-c528-4494-83e5-475827f7720e-GrpcLogAppender: appendEntries Timeout, request=a1036450-74c2-4405-b4f8-7a994af8c84a->a26a9f1d-c528-4494-83e5-475827f7720e#9-t2, previous=(t:2, i:5), leaderCommit=4, initializing? false, entries: size=1, first=(t:2, i:6), STATEMACHINELOGENTRY, client-91F2DA33FCFF, cid=9
2019-10-21 22:00:53,435 [java.util.concurrent.ThreadPoolExecutor$Worker@29bacf4c[State = -1, empty queue]] WARN  server.GrpcLogAppender (GrpcLogAppender.java:timeoutAppendRequest(209)) - a1036450-74c2-4405-b4f8-7a994af8c84a@group-5E7A11E15B06->a26a9f1d-c528-4494-83e5-475827f7720e-GrpcLogAppender: appendEntries Timeout, request=a1036450-74c2-4405-b4f8-7a994af8c84a->a26a9f1d-c528-4494-83e5-475827f7720e#10-t2, previous=(t:2, i:6), leaderCommit=6, initializing? false, entries: size=1, first=(t:2, i:7), METADATAENTRY(c5)
2019-10-21 22:00:53,437 [java.util.concurrent.ThreadPoolExecutor$Worker@29bacf4c[State = -1, empty queue]] WARN  server.GrpcLogAppender (GrpcLogAppender.java:timeoutAppendRequest(209)) - a1036450-74c2-4405-b4f8-7a994af8c84a@group-5E7A11E15B06->a26a9f1d-c528-4494-83e5-475827f7720e-GrpcLogAppender: appendEntries Timeout, request=a1036450-74c2-4405-b4f8-7a994af8c84a->a26a9f1d-c528-4494-83e5-475827f7720e#11-t2, previous=(t:2, i:7), leaderCommit=6, initializing? false, entries: size=1, first=(t:2, i:8), METADATAENTRY(c6)
2019-10-21 22:00:55,938 [java.util.concurrent.ThreadPoolExecutor$Worker@29bacf4c[State = -1, empty queue]] WARN  server.GrpcLogAppender (GrpcLogAppender.java:timeoutAppendRequest(209)) - a1036450-74c2-4405-b4f8-7a994af8c84a@group-5E7A11E15B06->a26a9f1d-c528-4494-83e5-475827f7720e-GrpcLogAppender: appendEntries Timeout, request=a1036450-74c2-4405-b4f8-7a994af8c84a->a26a9f1d-c528-4494-83e5-475827f7720e#12-t2, previous=(t:2, i:8), leaderCommit=8, initializing? false, entries: <empty>
2019-10-21 22:00:58,440 [java.util.concurrent.ThreadPoolExecutor$Worker@29bacf4c[State = -1, empty queue]] WARN  server.GrpcLogAppender (GrpcLogAppender.java:timeoutAppendRequest(209)) - a1036450-74c2-4405-b4f8-7a994af8c84a@group-5E7A11E15B06->a26a9f1d-c528-4494-83e5-475827f7720e-GrpcLogAppender: appendEntries Timeout, request=a1036450-74c2-4405-b4f8-7a994af8c84a->a26a9f1d-c528-4494-83e5-475827f7720e#13-t2, previous=(t:2, i:8), leaderCommit=8, initializing? false, entries: <empty>
2019-10-21 22:00:59,468 [Thread-290] INFO  client.GrpcClientProtocolService (GrpcClientProtocolService.java:lambda$processClientRequest$0(278)) - Failed RaftClientRequest:client-91F2DA33FCFF->95d3bce6-5996-460d-8578-b7f952c18b9c@group-5E7A11E15B06, cid=10, seq=0, Watch-ALL_COMMITTED(6), Message:<EMPTY>, reply=RaftClientReply:client-91F2DA33FCFF->95d3bce6-5996-460d-8578-b7f952c18b9c@group-5E7A11E15B06, cid=10, FAILED org.apache.ratis.protocol.NotLeaderException: Server 95d3bce6-5996-460d-8578-b7f952c18b9c@group-5E7A11E15B06 is not the leader a1036450-74c2-4405-b4f8-7a994af8c84a:192.168.69.92:36225, logIndex=0, commits[95d3bce6-5996-460d-8578-b7f952c18b9c:c8, a26a9f1d-c528-4494-83e5-475827f7720e:c4, a1036450-74c2-4405-b4f8-7a994af8c84a:c8]
2019-10-21 22:01:00,887 [Thread-294] INFO  client.GrpcClientProtocolService (GrpcClientProtocolService.java:lambda$processClientRequest$0(278)) - Failed RaftClientRequest:client-91F2DA33FCFF->a1036450-74c2-4405-b4f8-7a994af8c84a@group-5E7A11E15B06, cid=10, seq=0, Watch-ALL_COMMITTED(6), Message:<EMPTY>, reply=RaftClientReply:client-91F2DA33FCFF->a1036450-74c2-4405-b4f8-7a994af8c84a@group-5E7A11E15B06, cid=10, FAILED org.apache.ratis.protocol.NotReplicatedException: Request with call Id 10 and log index 6 is not yet replicated to ALL_COMMITTED, logIndex=6, commits[a1036450-74c2-4405-b4f8-7a994af8c84a:c8, a26a9f1d-c528-4494-83e5-475827f7720e:c4, 95d3bce6-5996-460d-8578-b7f952c18b9c:c8]
2019-10-21 22:01:00,941 [java.util.concurrent.ThreadPoolExecutor$Worker@29bacf4c[State = -1, empty queue]] WARN  server.GrpcLogAppender (GrpcLogAppender.java:timeoutAppendRequest(209)) - a1036450-74c2-4405-b4f8-7a994af8c84a@group-5E7A11E15B06->a26a9f1d-c528-4494-83e5-475827f7720e-GrpcLogAppender: appendEntries Timeout, request=a1036450-74c2-4405-b4f8-7a994af8c84a->a26a9f1d-c528-4494-83e5-475827f7720e#14-t2, previous=(t:2, i:8), leaderCommit=8, initializing? false, entries: <empty>
2019-10-21 22:01:03,442 [java.util.concurrent.ThreadPoolExecutor$Worker@29bacf4c[State = -1, empty queue]] WARN  server.GrpcLogAppender (GrpcLogAppender.java:timeoutAppendRequest(209)) - a1036450-74c2-4405-b4f8-7a994af8c84a@group-5E7A11E15B06->a26a9f1d-c528-4494-83e5-475827f7720e-GrpcLogAppender: appendEntries Timeout, request=a1036450-74c2-4405-b4f8-7a994af8c84a->a26a9f1d-c528-4494-83e5-475827f7720e#15-t2, previous=(t:2, i:8), leaderCommit=8, initializing? false, entries: <empty>
2019-10-21 22:01:05,943 [java.util.concurrent.ThreadPoolExecutor$Worker@29bacf4c[State = -1, empty queue]] WARN  server.GrpcLogAppender (GrpcLogAppender.java:timeoutAppendRequest(209)) - a1036450-74c2-4405-b4f8-7a994af8c84a@group-5E7A11E15B06->a26a9f1d-c528-4494-83e5-475827f7720e-GrpcLogAppender: appendEntries Timeout, request=a1036450-74c2-4405-b4f8-7a994af8c84a->a26a9f1d-c528-4494-83e5-475827f7720e#16-t2, previous=(t:2, i:8), leaderCommit=8, initializing? false, entries: <empty>
2019-10-21 22:01:08,445 [java.util.concurrent.ThreadPoolExecutor$Worker@29bacf4c[State = -1, empty queue]] WARN  server.GrpcLogAppender (GrpcLogAppender.java:timeoutAppendRequest(209)) - a1036450-74c2-4405-b4f8-7a994af8c84a@group-5E7A11E15B06->a26a9f1d-c528-4494-83e5-475827f7720e-GrpcLogAppender: appendEntries Timeout, request=a1036450-74c2-4405-b4f8-7a994af8c84a->a26a9f1d-c528-4494-83e5-475827f7720e#17-t2, previous=(t:2, i:8), leaderCommit=8, initializing? false, entries: <empty>
2019-10-21 22:01:08,510 [Thread-300] INFO  client.GrpcClientProtocolService (GrpcClientProtocolService.java:lambda$processClientRequest$0(278)) - Failed RaftClientRequest:client-91F2DA33FCFF->95d3bce6-5996-460d-8578-b7f952c18b9c@group-5E7A11E15B06, cid=10, seq=0, Watch-ALL_COMMITTED(6), Message:<EMPTY>, reply=RaftClientReply:client-91F2DA33FCFF->95d3bce6-5996-460d-8578-b7f952c18b9c@group-5E7A11E15B06, cid=10, FAILED org.apache.ratis.protocol.NotLeaderException: Server 95d3bce6-5996-460d-8578-b7f952c18b9c@group-5E7A11E15B06 is not the leader a1036450-74c2-4405-b4f8-7a994af8c84a:192.168.69.92:36225, logIndex=0, commits[95d3bce6-5996-460d-8578-b7f952c18b9c:c8, a26a9f1d-c528-4494-83e5-475827f7720e:c4, a1036450-74c2-4405-b4f8-7a994af8c84a:c8]
2019-10-21 22:01:09,890 [Thread-303] INFO  client.GrpcClientProtocolService (GrpcClientProtocolService.java:lambda$processClientRequest$0(278)) - Failed RaftClientRequest:client-91F2DA33FCFF->a1036450-74c2-4405-b4f8-7a994af8c84a@group-5E7A11E15B06, cid=10, seq=0, Watch-ALL_COMMITTED(6), Message:<EMPTY>, reply=RaftClientReply:client-91F2DA33FCFF->a1036450-74c2-4405-b4f8-7a994af8c84a@group-5E7A11E15B06, cid=10, FAILED org.apache.ratis.protocol.NotReplicatedException: Request with call Id 10 and log index 6 is not yet replicated to ALL_COMMITTED, logIndex=6, commits[a1036450-74c2-4405-b4f8-7a994af8c84a:c8, a26a9f1d-c528-4494-83e5-475827f7720e:c4, 95d3bce6-5996-460d-8578-b7f952c18b9c:c8]
2019-10-21 22:01:10,949 [java.util.concurrent.ThreadPoolExecutor$Worker@29bacf4c[State = -1, empty queue]] WARN  server.GrpcLogAppender (GrpcLogAppender.java:timeoutAppendRequest(209)) - a1036450-74c2-4405-b4f8-7a994af8c84a@group-5E7A11E15B06->a26a9f1d-c528-4494-83e5-475827f7720e-GrpcLogAppender: appendEntries Timeout, request=a1036450-74c2-4405-b4f8-7a994af8c84a->a26a9f1d-c528-4494-83e5-475827f7720e#18-t2, previous=(t:2, i:8), leaderCommit=8, initializing? false, entries: <empty>
2019-10-21 22:01:13,450 [java.util.concurrent.ThreadPoolExecutor$Worker@29bacf4c[State = -1, empty queue]] WARN  server.GrpcLogAppender (GrpcLogAppender.java:timeoutAppendRequest(209)) - a1036450-74c2-4405-b4f8-7a994af8c84a@group-5E7A11E15B06->a26a9f1d-c528-4494-83e5-475827f7720e-GrpcLogAppender: appendEntries Timeout, request=a1036450-74c2-4405-b4f8-7a994af8c84a->a26a9f1d-c528-4494-83e5-475827f7720e#19-t2, previous=(t:2, i:8), leaderCommit=8, initializing? false, entries: <empty>
2019-10-21 22:01:15,952 [java.util.concurrent.ThreadPoolExecutor$Worker@29bacf4c[State = -1, empty queue]] WARN  server.GrpcLogAppender (GrpcLogAppender.java:timeoutAppendRequest(209)) - a1036450-74c2-4405-b4f8-7a994af8c84a@group-5E7A11E15B06->a26a9f1d-c528-4494-83e5-475827f7720e-GrpcLogAppender: appendEntries Timeout, request=a1036450-74c2-4405-b4f8-7a994af8c84a->a26a9f1d-c528-4494-83e5-475827f7720e#20-t2, previous=(t:2, i:8), leaderCommit=8, initializing? false, entries: <empty>
2019-10-21 22:01:17,548 [Thread-309] INFO  client.GrpcClientProtocolService (GrpcClientProtocolService.java:lambda$processClientRequest$0(278)) - Failed RaftClientRequest:client-91F2DA33FCFF->95d3bce6-5996-460d-8578-b7f952c18b9c@group-5E7A11E15B06, cid=10, seq=0, Watch-ALL_COMMITTED(6), Message:<EMPTY>, reply=RaftClientReply:client-91F2DA33FCFF->95d3bce6-5996-460d-8578-b7f952c18b9c@group-5E7A11E15B06, cid=10, FAILED org.apache.ratis.protocol.NotLeaderException: Server 95d3bce6-5996-460d-8578-b7f952c18b9c@group-5E7A11E15B06 is not the leader a1036450-74c2-4405-b4f8-7a994af8c84a:192.168.69.92:36225, logIndex=0, commits[95d3bce6-5996-460d-8578-b7f952c18b9c:c8, a26a9f1d-c528-4494-83e5-475827f7720e:c4, a1036450-74c2-4405-b4f8-7a994af8c84a:c8]
2019-10-21 22:01:18,454 [java.util.concurrent.ThreadPoolExecutor$Worker@29bacf4c[State = -1, empty queue]] WARN  server.GrpcLogAppender (GrpcLogAppender.java:timeoutAppendRequest(209)) - a1036450-74c2-4405-b4f8-7a994af8c84a@group-5E7A11E15B06->a26a9f1d-c528-4494-83e5-475827f7720e-GrpcLogAppender: appendEntries Timeout, request=a1036450-74c2-4405-b4f8-7a994af8c84a->a26a9f1d-c528-4494-83e5-475827f7720e#21-t2, previous=(t:2, i:8), leaderCommit=8, initializing? false, entries: <empty>
2019-10-21 22:01:18,884 [Thread-313] INFO  client.GrpcClientProtocolService (GrpcClientProtocolService.java:lambda$processClientRequest$0(278)) - Failed RaftClientRequest:client-91F2DA33FCFF->a1036450-74c2-4405-b4f8-7a994af8c84a@group-5E7A11E15B06, cid=10, seq=0, Watch-ALL_COMMITTED(6), Message:<EMPTY>, reply=RaftClientReply:client-91F2DA33FCFF->a1036450-74c2-4405-b4f8-7a994af8c84a@group-5E7A11E15B06, cid=10, FAILED org.apache.ratis.protocol.NotReplicatedException: Request with call Id 10 and log index 6 is not yet replicated to ALL_COMMITTED, logIndex=6, commits[a1036450-74c2-4405-b4f8-7a994af8c84a:c8, a26a9f1d-c528-4494-83e5-475827f7720e:c4, 95d3bce6-5996-460d-8578-b7f952c18b9c:c8]
2019-10-21 22:01:20,450 [main] WARN  scm.XceiverClientRatis (XceiverClientRatis.java:watchForCommit(277)) - 3 way commit failed on pipeline Pipeline[ Id: 14fb49ee-5d81-4c1e-bb69-5e7a11e15b06, Nodes: 95d3bce6-5996-460d-8578-b7f952c18b9c{ip: 192.168.69.92, host: pr-hdds-2240-577ml-2645996955, networkLocation: /default-rack, certSerialId: null}a1036450-74c2-4405-b4f8-7a994af8c84a{ip: 192.168.69.92, host: pr-hdds-2240-577ml-2645996955, networkLocation: /default-rack, certSerialId: null}a26a9f1d-c528-4494-83e5-475827f7720e{ip: 192.168.69.92, host: pr-hdds-2240-577ml-2645996955, networkLocation: /default-rack, certSerialId: null}, Type:RATIS, Factor:THREE, State:OPEN]
java.util.concurrent.TimeoutException
	at java.util.concurrent.CompletableFuture.timedGet(CompletableFuture.java:1771)
	at java.util.concurrent.CompletableFuture.get(CompletableFuture.java:1915)
	at org.apache.hadoop.hdds.scm.XceiverClientRatis.watchForCommit(XceiverClientRatis.java:274)
	at org.apache.hadoop.hdds.scm.storage.CommitWatcher.watchForCommit(CommitWatcher.java:198)
	at org.apache.hadoop.hdds.scm.storage.CommitWatcher.watchOnLastIndex(CommitWatcher.java:161)
	at org.apache.hadoop.hdds.scm.storage.BlockOutputStream.watchForCommit(BlockOutputStream.java:346)
	at org.apache.hadoop.hdds.scm.storage.BlockOutputStream.handleFlush(BlockOutputStream.java:482)
	at org.apache.hadoop.hdds.scm.storage.BlockOutputStream.close(BlockOutputStream.java:496)
	at org.apache.hadoop.ozone.client.io.BlockOutputStreamEntry.close(BlockOutputStreamEntry.java:143)
	at org.apache.hadoop.ozone.client.io.KeyOutputStream.handleFlushOrClose(KeyOutputStream.java:435)
	at org.apache.hadoop.ozone.client.io.KeyOutputStream.close(KeyOutputStream.java:473)
	at org.apache.hadoop.ozone.client.io.OzoneOutputStream.close(OzoneOutputStream.java:60)
	at org.apache.hadoop.ozone.client.rpc.TestDeleteWithSlowFollower.testDeleteKeyWithSlowFollower(TestDeleteWithSlowFollower.java:193)
	at sun.reflect.NativeMethodAccessorImpl.invoke0(Native Method)
	at sun.reflect.NativeMethodAccessorImpl.invoke(NativeMethodAccessorImpl.java:62)
	at sun.reflect.DelegatingMethodAccessorImpl.invoke(DelegatingMethodAccessorImpl.java:43)
	at java.lang.reflect.Method.invoke(Method.java:498)
	at org.junit.runners.model.FrameworkMethod$1.runReflectiveCall(FrameworkMethod.java:47)
	at org.junit.internal.runners.model.ReflectiveCallable.run(ReflectiveCallable.java:12)
	at org.junit.runners.model.FrameworkMethod.invokeExplosively(FrameworkMethod.java:44)
	at org.junit.internal.runners.statements.InvokeMethod.evaluate(InvokeMethod.java:17)
	at org.junit.runners.ParentRunner.runLeaf(ParentRunner.java:271)
	at org.junit.runners.BlockJUnit4ClassRunner.runChild(BlockJUnit4ClassRunner.java:70)
	at org.junit.runners.BlockJUnit4ClassRunner.runChild(BlockJUnit4ClassRunner.java:50)
	at org.junit.runners.ParentRunner$3.run(ParentRunner.java:238)
	at org.junit.runners.ParentRunner$1.schedule(ParentRunner.java:63)
	at org.junit.runners.ParentRunner.runChildren(ParentRunner.java:236)
	at org.junit.runners.ParentRunner.access$000(ParentRunner.java:53)
	at org.junit.runners.ParentRunner$2.evaluate(ParentRunner.java:229)
	at org.junit.internal.runners.statements.RunBefores.evaluate(RunBefores.java:26)
	at org.junit.internal.runners.statements.RunAfters.evaluate(RunAfters.java:27)
	at org.junit.runners.ParentRunner.run(ParentRunner.java:309)
	at org.apache.maven.surefire.junit4.JUnit4Provider.execute(JUnit4Provider.java:365)
	at org.apache.maven.surefire.junit4.JUnit4Provider.executeWithRerun(JUnit4Provider.java:273)
	at org.apache.maven.surefire.junit4.JUnit4Provider.executeTestSet(JUnit4Provider.java:238)
	at org.apache.maven.surefire.junit4.JUnit4Provider.invoke(JUnit4Provider.java:159)
	at org.apache.maven.surefire.booter.ForkedBooter.invokeProviderInSameClassLoader(ForkedBooter.java:384)
	at org.apache.maven.surefire.booter.ForkedBooter.runSuitesInProcess(ForkedBooter.java:345)
	at org.apache.maven.surefire.booter.ForkedBooter.execute(ForkedBooter.java:126)
	at org.apache.maven.surefire.booter.ForkedBooter.main(ForkedBooter.java:418)
2019-10-21 22:01:20,463 [main] INFO  scm.XceiverClientRatis (XceiverClientRatis.java:lambda$watchForCommit$5(295)) - Could not commit index 6 on pipeline Pipeline[ Id: 14fb49ee-5d81-4c1e-bb69-5e7a11e15b06, Nodes: 95d3bce6-5996-460d-8578-b7f952c18b9c{ip: 192.168.69.92, host: pr-hdds-2240-577ml-2645996955, networkLocation: /default-rack, certSerialId: null}a1036450-74c2-4405-b4f8-7a994af8c84a{ip: 192.168.69.92, host: pr-hdds-2240-577ml-2645996955, networkLocation: /default-rack, certSerialId: null}a26a9f1d-c528-4494-83e5-475827f7720e{ip: 192.168.69.92, host: pr-hdds-2240-577ml-2645996955, networkLocation: /default-rack, certSerialId: null}, Type:RATIS, Factor:THREE, State:OPEN] to all the nodes. Server a26a9f1d-c528-4494-83e5-475827f7720e has failed. Committed by majority.
2019-10-21 22:01:20,464 [main] WARN  storage.BlockOutputStream (BlockOutputStream.java:watchForCommit(352)) - Failed to commit BlockId conID: 1 locID: 103002619552792576 bcsId: 6 on Pipeline[ Id: 14fb49ee-5d81-4c1e-bb69-5e7a11e15b06, Nodes: 95d3bce6-5996-460d-8578-b7f952c18b9c{ip: 192.168.69.92, host: pr-hdds-2240-577ml-2645996955, networkLocation: /default-rack, certSerialId: null}a1036450-74c2-4405-b4f8-7a994af8c84a{ip: 192.168.69.92, host: pr-hdds-2240-577ml-2645996955, networkLocation: /default-rack, certSerialId: null}a26a9f1d-c528-4494-83e5-475827f7720e{ip: 192.168.69.92, host: pr-hdds-2240-577ml-2645996955, networkLocation: /default-rack, certSerialId: null}, Type:RATIS, Factor:THREE, State:OPEN]. Failed nodes: [a26a9f1d-c528-4494-83e5-475827f7720e{ip: null, host: null, networkLocation: /default-rack, certSerialId: null}]
2019-10-21 22:01:20,547 [EventQueue-IncrementalContainerReportForIncrementalContainerReportHandler] WARN  container.IncrementalContainerReportHandler (AbstractContainerReportHandler.java:updateContainerState(145)) - Container #1 is in OPEN state, but the datanode a1036450-74c2-4405-b4f8-7a994af8c84a{ip: 192.168.69.92, host: pr-hdds-2240-577ml-2645996955, networkLocation: /default-rack, certSerialId: null} reports an CLOSING replica.
2019-10-21 22:01:20,562 [RatisApplyTransactionExecutor 1] INFO  interfaces.Container (KeyValueContainer.java:flushAndSyncDB(386)) - Container 1 is synced with bcsId 6.
2019-10-21 22:01:20,563 [RatisApplyTransactionExecutor 1] INFO  interfaces.Container (KeyValueContainer.java:flushAndSyncDB(386)) - Container 1 is synced with bcsId 6.
2019-10-21 22:01:20,570 [EventQueue-IncrementalContainerReportForIncrementalContainerReportHandler] WARN  container.IncrementalContainerReportHandler (AbstractContainerReportHandler.java:updateContainerState(145)) - Container #1 is in OPEN state, but the datanode 95d3bce6-5996-460d-8578-b7f952c18b9c{ip: 192.168.69.92, host: pr-hdds-2240-577ml-2645996955, networkLocation: /default-rack, certSerialId: null} reports an CLOSING replica.
2019-10-21 22:01:20,573 [RatisApplyTransactionExecutor 1] INFO  interfaces.Container (KeyValueContainer.java:flushAndSyncDB(386)) - Container 1 is synced with bcsId 6.
2019-10-21 22:01:20,574 [RatisApplyTransactionExecutor 1] INFO  interfaces.Container (KeyValueContainer.java:flushAndSyncDB(386)) - Container 1 is synced with bcsId 6.
2019-10-21 22:01:20,592 [RatisApplyTransactionExecutor 1] INFO  interfaces.Container (KeyValueContainer.java:close(335)) - Container 1 is closed with bcsId 6.
2019-10-21 22:01:20,592 [RatisApplyTransactionExecutor 1] INFO  interfaces.Container (KeyValueContainer.java:close(335)) - Container 1 is closed with bcsId 6.
2019-10-21 22:01:20,595 [EventQueue-IncrementalContainerReportForIncrementalContainerReportHandler] WARN  container.IncrementalContainerReportHandler (AbstractContainerReportHandler.java:updateContainerState(145)) - Container #1 is in OPEN state, but the datanode 95d3bce6-5996-460d-8578-b7f952c18b9c{ip: 192.168.69.92, host: pr-hdds-2240-577ml-2645996955, networkLocation: /default-rack, certSerialId: null} reports an CLOSED replica.
2019-10-21 22:01:20,595 [EventQueue-IncrementalContainerReportForIncrementalContainerReportHandler] WARN  container.IncrementalContainerReportHandler (AbstractContainerReportHandler.java:updateContainerState(145)) - Container #1 is in OPEN state, but the datanode a1036450-74c2-4405-b4f8-7a994af8c84a{ip: 192.168.69.92, host: pr-hdds-2240-577ml-2645996955, networkLocation: /default-rack, certSerialId: null} reports an CLOSED replica.
2019-10-21 22:01:20,793 [EventQueue-ContainerReportForContainerReportHandler] WARN  container.ContainerReportHandler (AbstractContainerReportHandler.java:updateContainerState(145)) - Container #1 is in OPEN state, but the datanode 95d3bce6-5996-460d-8578-b7f952c18b9c{ip: 192.168.69.92, host: pr-hdds-2240-577ml-2645996955, networkLocation: /default-rack, certSerialId: null} reports an CLOSED replica.
2019-10-21 22:01:20,795 [EventQueue-ContainerReportForContainerReportHandler] WARN  container.ContainerReportHandler (AbstractContainerReportHandler.java:updateContainerState(145)) - Container #1 is in OPEN state, but the datanode a1036450-74c2-4405-b4f8-7a994af8c84a{ip: 192.168.69.92, host: pr-hdds-2240-577ml-2645996955, networkLocation: /default-rack, certSerialId: null} reports an CLOSED replica.
2019-10-21 22:01:20,872 [BlockDeletingService#2] WARN  background.BlockDeletingService (BlockDeletingService.java:isDeletionAllowed(187)) - Close Container log Index 6 is not replicated across allthe servers in the pipeline 14fb49ee-5d81-4c1e-bb69-5e7a11e15b06 as the min replicated index is 4. Deletion is not allowed in this container yet.
2019-10-21 22:01:20,873 [BlockDeletingService#2] WARN  background.BlockDeletingService (BlockDeletingService.java:isDeletionAllowed(187)) - Close Container log Index 6 is not replicated across allthe servers in the pipeline 14fb49ee-5d81-4c1e-bb69-5e7a11e15b06 as the min replicated index is 4. Deletion is not allowed in this container yet.
2019-10-21 22:01:20,906 [IPC Server handler 0 on 41611] INFO  server.SCMBlockProtocolServer (SCMBlockProtocolServer.java:deleteKeyBlocks(212)) - SCM is informed by OM to delete 1 blocks
2019-10-21 22:01:20,907 [IPC Server handler 0 on 41611] INFO  block.BlockManagerImpl (BlockManagerImpl.java:deleteBlocks(285)) - Deleting blocks conID: 1 locID: 103002619552792576 bcsId: 0
2019-10-21 22:01:20,954 [java.util.concurrent.ThreadPoolExecutor$Worker@29bacf4c[State = -1, empty queue]] WARN  server.GrpcLogAppender (GrpcLogAppender.java:timeoutAppendRequest(209)) - a1036450-74c2-4405-b4f8-7a994af8c84a@group-5E7A11E15B06->a26a9f1d-c528-4494-83e5-475827f7720e-GrpcLogAppender: appendEntries Timeout, request=a1036450-74c2-4405-b4f8-7a994af8c84a->a26a9f1d-c528-4494-83e5-475827f7720e#22-t2, previous=(t:2, i:8), leaderCommit=8, initializing? false, entries: <empty>
2019-10-21 22:01:21,194 [EventQueue-ContainerReportForContainerReportHandler] WARN  container.ContainerReportHandler (AbstractContainerReportHandler.java:updateContainerState(145)) - Container #1 is in OPEN state, but the datanode 95d3bce6-5996-460d-8578-b7f952c18b9c{ip: 192.168.69.92, host: pr-hdds-2240-577ml-2645996955, networkLocation: /default-rack, certSerialId: null} reports an CLOSED replica.
2019-10-21 22:01:21,196 [EventQueue-ContainerReportForContainerReportHandler] WARN  container.ContainerReportHandler (AbstractContainerReportHandler.java:updateContainerState(145)) - Container #1 is in OPEN state, but the datanode a1036450-74c2-4405-b4f8-7a994af8c84a{ip: 192.168.69.92, host: pr-hdds-2240-577ml-2645996955, networkLocation: /default-rack, certSerialId: null} reports an CLOSED replica.
2019-10-21 22:01:21,395 [EventQueue-ContainerReportForContainerReportHandler] WARN  container.ContainerReportHandler (AbstractContainerReportHandler.java:updateContainerState(145)) - Container #1 is in OPEN state, but the datanode 95d3bce6-5996-460d-8578-b7f952c18b9c{ip: 192.168.69.92, host: pr-hdds-2240-577ml-2645996955, networkLocation: /default-rack, certSerialId: null} reports an CLOSED replica.
2019-10-21 22:01:21,396 [EventQueue-ContainerReportForContainerReportHandler] WARN  container.ContainerReportHandler (AbstractContainerReportHandler.java:updateContainerState(145)) - Container #1 is in OPEN state, but the datanode a1036450-74c2-4405-b4f8-7a994af8c84a{ip: 192.168.69.92, host: pr-hdds-2240-577ml-2645996955, networkLocation: /default-rack, certSerialId: null} reports an CLOSED replica.
2019-10-21 22:01:21,598 [EventQueue-ContainerReportForContainerReportHandler] WARN  container.ContainerReportHandler (AbstractContainerReportHandler.java:updateContainerState(145)) - Container #1 is in OPEN state, but the datanode a1036450-74c2-4405-b4f8-7a994af8c84a{ip: 192.168.69.92, host: pr-hdds-2240-577ml-2645996955, networkLocation: /default-rack, certSerialId: null} reports an CLOSED replica.
2019-10-21 22:01:21,697 [EventQueue-ContainerReportForContainerReportHandler] WARN  container.ContainerReportHandler (AbstractContainerReportHandler.java:updateContainerState(145)) - Container #1 is in OPEN state, but the datanode 95d3bce6-5996-460d-8578-b7f952c18b9c{ip: 192.168.69.92, host: pr-hdds-2240-577ml-2645996955, networkLocation: /default-rack, certSerialId: null} reports an CLOSED replica.
2019-10-21 22:01:21,873 [BlockDeletingService#2] WARN  background.BlockDeletingService (BlockDeletingService.java:isDeletionAllowed(187)) - Close Container log Index 6 is not replicated across allthe servers in the pipeline 14fb49ee-5d81-4c1e-bb69-5e7a11e15b06 as the min replicated index is 4. Deletion is not allowed in this container yet.
2019-10-21 22:01:21,878 [BlockDeletingService#2] WARN  background.BlockDeletingService (BlockDeletingService.java:isDeletionAllowed(187)) - Close Container log Index 6 is not replicated across allthe servers in the pipeline 14fb49ee-5d81-4c1e-bb69-5e7a11e15b06 as the min replicated index is 4. Deletion is not allowed in this container yet.
2019-10-21 22:01:21,995 [EventQueue-ContainerReportForContainerReportHandler] WARN  container.ContainerReportHandler (AbstractContainerReportHandler.java:updateContainerState(145)) - Container #1 is in OPEN state, but the datanode 95d3bce6-5996-460d-8578-b7f952c18b9c{ip: 192.168.69.92, host: pr-hdds-2240-577ml-2645996955, networkLocation: /default-rack, certSerialId: null} reports an CLOSED replica.
2019-10-21 22:01:21,999 [EventQueue-ContainerReportForContainerReportHandler] WARN  container.ContainerReportHandler (AbstractContainerReportHandler.java:updateContainerState(145)) - Container #1 is in OPEN state, but the datanode a1036450-74c2-4405-b4f8-7a994af8c84a{ip: 192.168.69.92, host: pr-hdds-2240-577ml-2645996955, networkLocation: /default-rack, certSerialId: null} reports an CLOSED replica.
2019-10-21 22:01:22,396 [EventQueue-ContainerReportForContainerReportHandler] WARN  container.ContainerReportHandler (AbstractContainerReportHandler.java:updateContainerState(145)) - Container #1 is in OPEN state, but the datanode 95d3bce6-5996-460d-8578-b7f952c18b9c{ip: 192.168.69.92, host: pr-hdds-2240-577ml-2645996955, networkLocation: /default-rack, certSerialId: null} reports an CLOSED replica.
2019-10-21 22:01:22,399 [EventQueue-ContainerReportForContainerReportHandler] WARN  container.ContainerReportHandler (AbstractContainerReportHandler.java:updateContainerState(145)) - Container #1 is in OPEN state, but the datanode a1036450-74c2-4405-b4f8-7a994af8c84a{ip: 192.168.69.92, host: pr-hdds-2240-577ml-2645996955, networkLocation: /default-rack, certSerialId: null} reports an CLOSED replica.
2019-10-21 22:01:22,600 [EventQueue-ContainerReportForContainerReportHandler] WARN  container.ContainerReportHandler (AbstractContainerReportHandler.java:updateContainerState(145)) - Container #1 is in OPEN state, but the datanode a1036450-74c2-4405-b4f8-7a994af8c84a{ip: 192.168.69.92, host: pr-hdds-2240-577ml-2645996955, networkLocation: /default-rack, certSerialId: null} reports an CLOSED replica.
2019-10-21 22:01:22,696 [EventQueue-ContainerReportForContainerReportHandler] WARN  container.ContainerReportHandler (AbstractContainerReportHandler.java:updateContainerState(145)) - Container #1 is in OPEN state, but the datanode 95d3bce6-5996-460d-8578-b7f952c18b9c{ip: 192.168.69.92, host: pr-hdds-2240-577ml-2645996955, networkLocation: /default-rack, certSerialId: null} reports an CLOSED replica.
2019-10-21 22:01:22,874 [BlockDeletingService#2] WARN  background.BlockDeletingService (BlockDeletingService.java:isDeletionAllowed(187)) - Close Container log Index 6 is not replicated across allthe servers in the pipeline 14fb49ee-5d81-4c1e-bb69-5e7a11e15b06 as the min replicated index is 4. Deletion is not allowed in this container yet.
2019-10-21 22:01:22,879 [BlockDeletingService#2] WARN  background.BlockDeletingService (BlockDeletingService.java:isDeletionAllowed(187)) - Close Container log Index 6 is not replicated across allthe servers in the pipeline 14fb49ee-5d81-4c1e-bb69-5e7a11e15b06 as the min replicated index is 4. Deletion is not allowed in this container yet.
2019-10-21 22:01:22,897 [EventQueue-ContainerReportForContainerReportHandler] WARN  container.ContainerReportHandler (AbstractContainerReportHandler.java:updateContainerState(145)) - Container #1 is in OPEN state, but the datanode 95d3bce6-5996-460d-8578-b7f952c18b9c{ip: 192.168.69.92, host: pr-hdds-2240-577ml-2645996955, networkLocation: /default-rack, certSerialId: null} reports an CLOSED replica.
2019-10-21 22:01:23,001 [EventQueue-ContainerReportForContainerReportHandler] WARN  container.ContainerReportHandler (AbstractContainerReportHandler.java:updateContainerState(145)) - Container #1 is in OPEN state, but the datanode a1036450-74c2-4405-b4f8-7a994af8c84a{ip: 192.168.69.92, host: pr-hdds-2240-577ml-2645996955, networkLocation: /default-rack, certSerialId: null} reports an CLOSED replica.
2019-10-21 22:01:23,298 [EventQueue-ContainerReportForContainerReportHandler] WARN  container.ContainerReportHandler (AbstractContainerReportHandler.java:updateContainerState(145)) - Container #1 is in OPEN state, but the datanode 95d3bce6-5996-460d-8578-b7f952c18b9c{ip: 192.168.69.92, host: pr-hdds-2240-577ml-2645996955, networkLocation: /default-rack, certSerialId: null} reports an CLOSED replica.
2019-10-21 22:01:23,301 [EventQueue-ContainerReportForContainerReportHandler] WARN  container.ContainerReportHandler (AbstractContainerReportHandler.java:updateContainerState(145)) - Container #1 is in OPEN state, but the datanode a1036450-74c2-4405-b4f8-7a994af8c84a{ip: 192.168.69.92, host: pr-hdds-2240-577ml-2645996955, networkLocation: /default-rack, certSerialId: null} reports an CLOSED replica.
2019-10-21 22:01:23,457 [java.util.concurrent.ThreadPoolExecutor$Worker@29bacf4c[State = -1, empty queue]] WARN  server.GrpcLogAppender (GrpcLogAppender.java:timeoutAppendRequest(209)) - a1036450-74c2-4405-b4f8-7a994af8c84a@group-5E7A11E15B06->a26a9f1d-c528-4494-83e5-475827f7720e-GrpcLogAppender: appendEntries Timeout, request=a1036450-74c2-4405-b4f8-7a994af8c84a->a26a9f1d-c528-4494-83e5-475827f7720e#23-t2, previous=(t:2, i:8), leaderCommit=8, initializing? false, entries: <empty>
2019-10-21 22:01:23,522 [java.util.concurrent.ThreadPoolExecutor$Worker@29bacf4c[State = -1, empty queue]] WARN  server.GrpcLogAppender (GrpcLogAppender.java:timeoutAppendRequest(209)) - a1036450-74c2-4405-b4f8-7a994af8c84a@group-5E7A11E15B06->a26a9f1d-c528-4494-83e5-475827f7720e-GrpcLogAppender: appendEntries Timeout, request=a1036450-74c2-4405-b4f8-7a994af8c84a->a26a9f1d-c528-4494-83e5-475827f7720e#24-t2, previous=(t:2, i:8), leaderCommit=8, initializing? false, entries: size=1, first=(t:2, i:9), STATEMACHINELOGENTRY, client-BCEE7AEC55FF, cid=12
2019-10-21 22:01:23,532 [java.util.concurrent.ThreadPoolExecutor$Worker@29bacf4c[State = -1, empty queue]] WARN  server.GrpcLogAppender (GrpcLogAppender.java:timeoutAppendRequest(209)) - a1036450-74c2-4405-b4f8-7a994af8c84a@group-5E7A11E15B06->a26a9f1d-c528-4494-83e5-475827f7720e-GrpcLogAppender: appendEntries Timeout, request=a1036450-74c2-4405-b4f8-7a994af8c84a->a26a9f1d-c528-4494-83e5-475827f7720e#25-t2, previous=(t:2, i:9), leaderCommit=9, initializing? false, entries: size=1, first=(t:2, i:10), METADATAENTRY(c9)
2019-10-21 22:01:23,599 [EventQueue-ContainerReportForContainerReportHandler] WARN  container.ContainerReportHandler (AbstractContainerReportHandler.java:updateContainerState(145)) - Container #1 is in OPEN state, but the datanode 95d3bce6-5996-460d-8578-b7f952c18b9c{ip: 192.168.69.92, host: pr-hdds-2240-577ml-2645996955, networkLocation: /default-rack, certSerialId: null} reports an CLOSED replica.
2019-10-21 22:01:23,602 [EventQueue-ContainerReportForContainerReportHandler] WARN  container.ContainerReportHandler (AbstractContainerReportHandler.java:updateContainerState(145)) - Container #1 is in OPEN state, but the datanode a1036450-74c2-4405-b4f8-7a994af8c84a{ip: 192.168.69.92, host: pr-hdds-2240-577ml-2645996955, networkLocation: /default-rack, certSerialId: null} reports an CLOSED replica.
2019-10-21 22:01:23,803 [EventQueue-ContainerReportForContainerReportHandler] WARN  container.ContainerReportHandler (AbstractContainerReportHandler.java:updateContainerState(145)) - Container #1 is in OPEN state, but the datanode a1036450-74c2-4405-b4f8-7a994af8c84a{ip: 192.168.69.92, host: pr-hdds-2240-577ml-2645996955, networkLocation: /default-rack, certSerialId: null} reports an CLOSED replica.
2019-10-21 22:01:23,878 [BlockDeletingService#2] WARN  background.BlockDeletingService (BlockDeletingService.java:isDeletionAllowed(187)) - Close Container log Index 6 is not replicated across allthe servers in the pipeline 14fb49ee-5d81-4c1e-bb69-5e7a11e15b06 as the min replicated index is 4. Deletion is not allowed in this container yet.
2019-10-21 22:01:23,881 [BlockDeletingService#2] WARN  background.BlockDeletingService (BlockDeletingService.java:isDeletionAllowed(187)) - Close Container log Index 6 is not replicated across allthe servers in the pipeline 14fb49ee-5d81-4c1e-bb69-5e7a11e15b06 as the min replicated index is 4. Deletion is not allowed in this container yet.
2019-10-21 22:01:23,900 [EventQueue-ContainerReportForContainerReportHandler] WARN  container.ContainerReportHandler (AbstractContainerReportHandler.java:updateContainerState(145)) - Container #1 is in OPEN state, but the datanode 95d3bce6-5996-460d-8578-b7f952c18b9c{ip: 192.168.69.92, host: pr-hdds-2240-577ml-2645996955, networkLocation: /default-rack, certSerialId: null} reports an CLOSED replica.
2019-10-21 22:01:24,003 [EventQueue-ContainerReportForContainerReportHandler] WARN  container.ContainerReportHandler (AbstractContainerReportHandler.java:updateContainerState(145)) - Container #1 is in OPEN state, but the datanode a1036450-74c2-4405-b4f8-7a994af8c84a{ip: 192.168.69.92, host: pr-hdds-2240-577ml-2645996955, networkLocation: /default-rack, certSerialId: null} reports an CLOSED replica.
2019-10-21 22:01:24,200 [EventQueue-ContainerReportForContainerReportHandler] WARN  container.ContainerReportHandler (AbstractContainerReportHandler.java:updateContainerState(145)) - Container #1 is in OPEN state, but the datanode 95d3bce6-5996-460d-8578-b7f952c18b9c{ip: 192.168.69.92, host: pr-hdds-2240-577ml-2645996955, networkLocation: /default-rack, certSerialId: null} reports an CLOSED replica.
2019-10-21 22:01:24,303 [EventQueue-ContainerReportForContainerReportHandler] WARN  container.ContainerReportHandler (AbstractContainerReportHandler.java:updateContainerState(145)) - Container #1 is in OPEN state, but the datanode a1036450-74c2-4405-b4f8-7a994af8c84a{ip: 192.168.69.92, host: pr-hdds-2240-577ml-2645996955, networkLocation: /default-rack, certSerialId: null} reports an CLOSED replica.
2019-10-21 22:01:24,400 [EventQueue-ContainerReportForContainerReportHandler] WARN  container.ContainerReportHandler (AbstractContainerReportHandler.java:updateContainerState(145)) - Container #1 is in OPEN state, but the datanode 95d3bce6-5996-460d-8578-b7f952c18b9c{ip: 192.168.69.92, host: pr-hdds-2240-577ml-2645996955, networkLocation: /default-rack, certSerialId: null} reports an CLOSED replica.
2019-10-21 22:01:24,604 [EventQueue-ContainerReportForContainerReportHandler] WARN  container.ContainerReportHandler (AbstractContainerReportHandler.java:updateContainerState(145)) - Container #1 is in OPEN state, but the datanode a1036450-74c2-4405-b4f8-7a994af8c84a{ip: 192.168.69.92, host: pr-hdds-2240-577ml-2645996955, networkLocation: /default-rack, certSerialId: null} reports an CLOSED replica.
2019-10-21 22:01:24,800 [EventQueue-ContainerReportForContainerReportHandler] WARN  container.ContainerReportHandler (AbstractContainerReportHandler.java:updateContainerState(145)) - Container #1 is in OPEN state, but the datanode 95d3bce6-5996-460d-8578-b7f952c18b9c{ip: 192.168.69.92, host: pr-hdds-2240-577ml-2645996955, networkLocation: /default-rack, certSerialId: null} reports an CLOSED replica.
2019-10-21 22:01:24,884 [BlockDeletingService#2] WARN  background.BlockDeletingService (BlockDeletingService.java:isDeletionAllowed(187)) - Close Container log Index 6 is not replicated across allthe servers in the pipeline 14fb49ee-5d81-4c1e-bb69-5e7a11e15b06 as the min replicated index is 4. Deletion is not allowed in this container yet.
2019-10-21 22:01:24,884 [BlockDeletingService#2] WARN  background.BlockDeletingService (BlockDeletingService.java:isDeletionAllowed(187)) - Close Container log Index 6 is not replicated across allthe servers in the pipeline 14fb49ee-5d81-4c1e-bb69-5e7a11e15b06 as the min replicated index is 4. Deletion is not allowed in this container yet.
2019-10-21 22:01:24,905 [EventQueue-ContainerReportForContainerReportHandler] WARN  container.ContainerReportHandler (AbstractContainerReportHandler.java:updateContainerState(145)) - Container #1 is in OPEN state, but the datanode a1036450-74c2-4405-b4f8-7a994af8c84a{ip: 192.168.69.92, host: pr-hdds-2240-577ml-2645996955, networkLocation: /default-rack, certSerialId: null} reports an CLOSED replica.
2019-10-21 22:01:25,102 [EventQueue-ContainerReportForContainerReportHandler] WARN  container.ContainerReportHandler (AbstractContainerReportHandler.java:updateContainerState(145)) - Container #1 is in OPEN state, but the datanode 95d3bce6-5996-460d-8578-b7f952c18b9c{ip: 192.168.69.92, host: pr-hdds-2240-577ml-2645996955, networkLocation: /default-rack, certSerialId: null} reports an CLOSED replica.
2019-10-21 22:01:25,205 [EventQueue-ContainerReportForContainerReportHandler] WARN  container.ContainerReportHandler (AbstractContainerReportHandler.java:updateContainerState(145)) - Container #1 is in OPEN state, but the datanode a1036450-74c2-4405-b4f8-7a994af8c84a{ip: 192.168.69.92, host: pr-hdds-2240-577ml-2645996955, networkLocation: /default-rack, certSerialId: null} reports an CLOSED replica.
2019-10-21 22:01:25,302 [EventQueue-ContainerReportForContainerReportHandler] WARN  container.ContainerReportHandler (AbstractContainerReportHandler.java:updateContainerState(145)) - Container #1 is in OPEN state, but the datanode 95d3bce6-5996-460d-8578-b7f952c18b9c{ip: 192.168.69.92, host: pr-hdds-2240-577ml-2645996955, networkLocation: /default-rack, certSerialId: null} reports an CLOSED replica.
2019-10-21 22:01:25,527 [EventQueue-ContainerReportForContainerReportHandler] WARN  container.ContainerReportHandler (AbstractContainerReportHandler.java:updateContainerState(145)) - Container #1 is in OPEN state, but the datanode a1036450-74c2-4405-b4f8-7a994af8c84a{ip: 192.168.69.92, host: pr-hdds-2240-577ml-2645996955, networkLocation: /default-rack, certSerialId: null} reports an CLOSED replica.
2019-10-21 22:01:25,703 [EventQueue-ContainerReportForContainerReportHandler] WARN  container.ContainerReportHandler (AbstractContainerReportHandler.java:updateContainerState(145)) - Container #1 is in OPEN state, but the datanode 95d3bce6-5996-460d-8578-b7f952c18b9c{ip: 192.168.69.92, host: pr-hdds-2240-577ml-2645996955, networkLocation: /default-rack, certSerialId: null} reports an CLOSED replica.
2019-10-21 22:01:25,805 [EventQueue-ContainerReportForContainerReportHandler] WARN  container.ContainerReportHandler (AbstractContainerReportHandler.java:updateContainerState(145)) - Container #1 is in OPEN state, but the datanode a1036450-74c2-4405-b4f8-7a994af8c84a{ip: 192.168.69.92, host: pr-hdds-2240-577ml-2645996955, networkLocation: /default-rack, certSerialId: null} reports an CLOSED replica.
2019-10-21 22:01:25,886 [BlockDeletingService#2] WARN  background.BlockDeletingService (BlockDeletingService.java:isDeletionAllowed(187)) - Close Container log Index 6 is not replicated across allthe servers in the pipeline 14fb49ee-5d81-4c1e-bb69-5e7a11e15b06 as the min replicated index is 4. Deletion is not allowed in this container yet.
2019-10-21 22:01:25,886 [BlockDeletingService#2] WARN  background.BlockDeletingService (BlockDeletingService.java:isDeletionAllowed(187)) - Close Container log Index 6 is not replicated across allthe servers in the pipeline 14fb49ee-5d81-4c1e-bb69-5e7a11e15b06 as the min replicated index is 4. Deletion is not allowed in this container yet.
2019-10-21 22:01:26,003 [EventQueue-ContainerReportForContainerReportHandler] WARN  container.ContainerReportHandler (AbstractContainerReportHandler.java:updateContainerState(145)) - Container #1 is in OPEN state, but the datanode 95d3bce6-5996-460d-8578-b7f952c18b9c{ip: 192.168.69.92, host: pr-hdds-2240-577ml-2645996955, networkLocation: /default-rack, certSerialId: null} reports an CLOSED replica.
2019-10-21 22:01:26,033 [java.util.concurrent.ThreadPoolExecutor$Worker@29bacf4c[State = -1, empty queue]] WARN  server.GrpcLogAppender (GrpcLogAppender.java:timeoutAppendRequest(209)) - a1036450-74c2-4405-b4f8-7a994af8c84a@group-5E7A11E15B06->a26a9f1d-c528-4494-83e5-475827f7720e-GrpcLogAppender: appendEntries Timeout, request=a1036450-74c2-4405-b4f8-7a994af8c84a->a26a9f1d-c528-4494-83e5-475827f7720e#26-t2, previous=(t:2, i:10), leaderCommit=10, initializing? false, entries: <empty>
2019-10-21 22:01:26,205 [EventQueue-ContainerReportForContainerReportHandler] WARN  container.ContainerReportHandler (AbstractContainerReportHandler.java:updateContainerState(145)) - Container #1 is in OPEN state, but the datanode a1036450-74c2-4405-b4f8-7a994af8c84a{ip: 192.168.69.92, host: pr-hdds-2240-577ml-2645996955, networkLocation: /default-rack, certSerialId: null} reports an CLOSED replica.
2019-10-21 22:01:26,305 [EventQueue-ContainerReportForContainerReportHandler] WARN  container.ContainerReportHandler (AbstractContainerReportHandler.java:updateContainerState(145)) - Container #1 is in OPEN state, but the datanode 95d3bce6-5996-460d-8578-b7f952c18b9c{ip: 192.168.69.92, host: pr-hdds-2240-577ml-2645996955, networkLocation: /default-rack, certSerialId: null} reports an CLOSED replica.
2019-10-21 22:01:26,505 [EventQueue-ContainerReportForContainerReportHandler] WARN  container.ContainerReportHandler (AbstractContainerReportHandler.java:updateContainerState(145)) - Container #1 is in OPEN state, but the datanode a1036450-74c2-4405-b4f8-7a994af8c84a{ip: 192.168.69.92, host: pr-hdds-2240-577ml-2645996955, networkLocation: /default-rack, certSerialId: null} reports an CLOSED replica.
2019-10-21 22:01:26,705 [EventQueue-ContainerReportForContainerReportHandler] WARN  container.ContainerReportHandler (AbstractContainerReportHandler.java:updateContainerState(145)) - Container #1 is in OPEN state, but the datanode a1036450-74c2-4405-b4f8-7a994af8c84a{ip: 192.168.69.92, host: pr-hdds-2240-577ml-2645996955, networkLocation: /default-rack, certSerialId: null} reports an CLOSED replica.
2019-10-21 22:01:26,706 [EventQueue-ContainerReportForContainerReportHandler] WARN  container.ContainerReportHandler (AbstractContainerReportHandler.java:updateContainerState(145)) - Container #1 is in OPEN state, but the datanode 95d3bce6-5996-460d-8578-b7f952c18b9c{ip: 192.168.69.92, host: pr-hdds-2240-577ml-2645996955, networkLocation: /default-rack, certSerialId: null} reports an CLOSED replica.
2019-10-21 22:01:26,887 [BlockDeletingService#2] WARN  background.BlockDeletingService (BlockDeletingService.java:isDeletionAllowed(187)) - Close Container log Index 6 is not replicated across allthe servers in the pipeline 14fb49ee-5d81-4c1e-bb69-5e7a11e15b06 as the min replicated index is 4. Deletion is not allowed in this container yet.
2019-10-21 22:01:26,887 [BlockDeletingService#2] WARN  background.BlockDeletingService (BlockDeletingService.java:isDeletionAllowed(187)) - Close Container log Index 6 is not replicated across allthe servers in the pipeline 14fb49ee-5d81-4c1e-bb69-5e7a11e15b06 as the min replicated index is 4. Deletion is not allowed in this container yet.
2019-10-21 22:01:26,906 [EventQueue-ContainerReportForContainerReportHandler] WARN  container.ContainerReportHandler (AbstractContainerReportHandler.java:updateContainerState(145)) - Container #1 is in OPEN state, but the datanode a1036450-74c2-4405-b4f8-7a994af8c84a{ip: 192.168.69.92, host: pr-hdds-2240-577ml-2645996955, networkLocation: /default-rack, certSerialId: null} reports an CLOSED replica.
2019-10-21 22:01:26,906 [EventQueue-ContainerReportForContainerReportHandler] WARN  container.ContainerReportHandler (AbstractContainerReportHandler.java:updateContainerState(145)) - Container #1 is in OPEN state, but the datanode 95d3bce6-5996-460d-8578-b7f952c18b9c{ip: 192.168.69.92, host: pr-hdds-2240-577ml-2645996955, networkLocation: /default-rack, certSerialId: null} reports an CLOSED replica.
2019-10-21 22:01:27,207 [EventQueue-ContainerReportForContainerReportHandler] WARN  container.ContainerReportHandler (AbstractContainerReportHandler.java:updateContainerState(145)) - Container #1 is in OPEN state, but the datanode 95d3bce6-5996-460d-8578-b7f952c18b9c{ip: 192.168.69.92, host: pr-hdds-2240-577ml-2645996955, networkLocation: /default-rack, certSerialId: null} reports an CLOSED replica.
2019-10-21 22:01:27,307 [EventQueue-ContainerReportForContainerReportHandler] WARN  container.ContainerReportHandler (AbstractContainerReportHandler.java:updateContainerState(145)) - Container #1 is in OPEN state, but the datanode a1036450-74c2-4405-b4f8-7a994af8c84a{ip: 192.168.69.92, host: pr-hdds-2240-577ml-2645996955, networkLocation: /default-rack, certSerialId: null} reports an CLOSED replica.
2019-10-21 22:01:27,509 [EventQueue-ContainerReportForContainerReportHandler] WARN  container.ContainerReportHandler (AbstractContainerReportHandler.java:updateContainerState(145)) - Container #1 is in OPEN state, but the datanode 95d3bce6-5996-460d-8578-b7f952c18b9c{ip: 192.168.69.92, host: pr-hdds-2240-577ml-2645996955, networkLocation: /default-rack, certSerialId: null} reports an CLOSED replica.
2019-10-21 22:01:27,610 [EventQueue-ContainerReportForContainerReportHandler] WARN  container.ContainerReportHandler (AbstractContainerReportHandler.java:updateContainerState(145)) - Container #1 is in OPEN state, but the datanode a1036450-74c2-4405-b4f8-7a994af8c84a{ip: 192.168.69.92, host: pr-hdds-2240-577ml-2645996955, networkLocation: /default-rack, certSerialId: null} reports an CLOSED replica.
2019-10-21 22:01:27,810 [EventQueue-ContainerReportForContainerReportHandler] WARN  container.ContainerReportHandler (AbstractContainerReportHandler.java:updateContainerState(145)) - Container #1 is in OPEN state, but the datanode 95d3bce6-5996-460d-8578-b7f952c18b9c{ip: 192.168.69.92, host: pr-hdds-2240-577ml-2645996955, networkLocation: /default-rack, certSerialId: null} reports an CLOSED replica.
2019-10-21 22:01:27,884 [Thread-346] INFO  client.GrpcClientProtocolService (GrpcClientProtocolService.java:lambda$processClientRequest$0(278)) - Failed RaftClientRequest:client-91F2DA33FCFF->a1036450-74c2-4405-b4f8-7a994af8c84a@group-5E7A11E15B06, cid=10, seq=0, Watch-ALL_COMMITTED(6), Message:<EMPTY>, reply=RaftClientReply:client-91F2DA33FCFF->a1036450-74c2-4405-b4f8-7a994af8c84a@group-5E7A11E15B06, cid=10, FAILED org.apache.ratis.protocol.NotReplicatedException: Request with call Id 10 and log index 6 is not yet replicated to ALL_COMMITTED, logIndex=6, commits[a1036450-74c2-4405-b4f8-7a994af8c84a:c10, a26a9f1d-c528-4494-83e5-475827f7720e:c4, 95d3bce6-5996-460d-8578-b7f952c18b9c:c10]
2019-10-21 22:01:27,892 [BlockDeletingService#2] WARN  background.BlockDeletingService (BlockDeletingService.java:isDeletionAllowed(187)) - Close Container log Index 6 is not replicated across allthe servers in the pipeline 14fb49ee-5d81-4c1e-bb69-5e7a11e15b06 as the min replicated index is 4. Deletion is not allowed in this container yet.
2019-10-21 22:01:27,892 [BlockDeletingService#2] WARN  background.BlockDeletingService (BlockDeletingService.java:isDeletionAllowed(187)) - Close Container log Index 6 is not replicated across allthe servers in the pipeline 14fb49ee-5d81-4c1e-bb69-5e7a11e15b06 as the min replicated index is 4. Deletion is not allowed in this container yet.
2019-10-21 22:01:27,911 [EventQueue-ContainerReportForContainerReportHandler] WARN  container.ContainerReportHandler (AbstractContainerReportHandler.java:updateContainerState(145)) - Container #1 is in OPEN state, but the datanode a1036450-74c2-4405-b4f8-7a994af8c84a{ip: 192.168.69.92, host: pr-hdds-2240-577ml-2645996955, networkLocation: /default-rack, certSerialId: null} reports an CLOSED replica.
2019-10-21 22:01:28,011 [EventQueue-ContainerReportForContainerReportHandler] WARN  container.ContainerReportHandler (AbstractContainerReportHandler.java:updateContainerState(145)) - Container #1 is in OPEN state, but the datanode 95d3bce6-5996-460d-8578-b7f952c18b9c{ip: 192.168.69.92, host: pr-hdds-2240-577ml-2645996955, networkLocation: /default-rack, certSerialId: null} reports an CLOSED replica.
2019-10-21 22:01:28,311 [EventQueue-ContainerReportForContainerReportHandler] WARN  container.ContainerReportHandler (AbstractContainerReportHandler.java:updateContainerState(145)) - Container #1 is in OPEN state, but the datanode a1036450-74c2-4405-b4f8-7a994af8c84a{ip: 192.168.69.92, host: pr-hdds-2240-577ml-2645996955, networkLocation: /default-rack, certSerialId: null} reports an CLOSED replica.
2019-10-21 22:01:28,411 [EventQueue-ContainerReportForContainerReportHandler] WARN  container.ContainerReportHandler (AbstractContainerReportHandler.java:updateContainerState(145)) - Container #1 is in OPEN state, but the datanode 95d3bce6-5996-460d-8578-b7f952c18b9c{ip: 192.168.69.92, host: pr-hdds-2240-577ml-2645996955, networkLocation: /default-rack, certSerialId: null} reports an CLOSED replica.
2019-10-21 22:01:28,535 [java.util.concurrent.ThreadPoolExecutor$Worker@29bacf4c[State = -1, empty queue]] WARN  server.GrpcLogAppender (GrpcLogAppender.java:timeoutAppendRequest(209)) - a1036450-74c2-4405-b4f8-7a994af8c84a@group-5E7A11E15B06->a26a9f1d-c528-4494-83e5-475827f7720e-GrpcLogAppender: appendEntries Timeout, request=a1036450-74c2-4405-b4f8-7a994af8c84a->a26a9f1d-c528-4494-83e5-475827f7720e#27-t2, previous=(t:2, i:10), leaderCommit=10, initializing? false, entries: <empty>
2019-10-21 22:01:28,611 [EventQueue-ContainerReportForContainerReportHandler] WARN  container.ContainerReportHandler (AbstractContainerReportHandler.java:updateContainerState(145)) - Container #1 is in OPEN state, but the datanode a1036450-74c2-4405-b4f8-7a994af8c84a{ip: 192.168.69.92, host: pr-hdds-2240-577ml-2645996955, networkLocation: /default-rack, certSerialId: null} reports an CLOSED replica.
2019-10-21 22:01:28,812 [EventQueue-ContainerReportForContainerReportHandler] WARN  container.ContainerReportHandler (AbstractContainerReportHandler.java:updateContainerState(145)) - Container #1 is in OPEN state, but the datanode a1036450-74c2-4405-b4f8-7a994af8c84a{ip: 192.168.69.92, host: pr-hdds-2240-577ml-2645996955, networkLocation: /default-rack, certSerialId: null} reports an CLOSED replica.
2019-10-21 22:01:28,812 [EventQueue-ContainerReportForContainerReportHandler] WARN  container.ContainerReportHandler (AbstractContainerReportHandler.java:updateContainerState(145)) - Container #1 is in OPEN state, but the datanode 95d3bce6-5996-460d-8578-b7f952c18b9c{ip: 192.168.69.92, host: pr-hdds-2240-577ml-2645996955, networkLocation: /default-rack, certSerialId: null} reports an CLOSED replica.
2019-10-21 22:01:28,894 [BlockDeletingService#2] WARN  background.BlockDeletingService (BlockDeletingService.java:isDeletionAllowed(187)) - Close Container log Index 6 is not replicated across allthe servers in the pipeline 14fb49ee-5d81-4c1e-bb69-5e7a11e15b06 as the min replicated index is 4. Deletion is not allowed in this container yet.
2019-10-21 22:01:28,894 [BlockDeletingService#2] WARN  background.BlockDeletingService (BlockDeletingService.java:isDeletionAllowed(187)) - Close Container log Index 6 is not replicated across allthe servers in the pipeline 14fb49ee-5d81-4c1e-bb69-5e7a11e15b06 as the min replicated index is 4. Deletion is not allowed in this container yet.
2019-10-21 22:01:29,212 [EventQueue-ContainerReportForContainerReportHandler] WARN  container.ContainerReportHandler (AbstractContainerReportHandler.java:updateContainerState(145)) - Container #1 is in OPEN state, but the datanode 95d3bce6-5996-460d-8578-b7f952c18b9c{ip: 192.168.69.92, host: pr-hdds-2240-577ml-2645996955, networkLocation: /default-rack, certSerialId: null} reports an CLOSED replica.
2019-10-21 22:01:29,213 [EventQueue-ContainerReportForContainerReportHandler] WARN  container.ContainerReportHandler (AbstractContainerReportHandler.java:updateContainerState(145)) - Container #1 is in OPEN state, but the datanode a1036450-74c2-4405-b4f8-7a994af8c84a{ip: 192.168.69.92, host: pr-hdds-2240-577ml-2645996955, networkLocation: /default-rack, certSerialId: null} reports an CLOSED replica.
2019-10-21 22:01:29,512 [EventQueue-ContainerReportForContainerReportHandler] WARN  container.ContainerReportHandler (AbstractContainerReportHandler.java:updateContainerState(145)) - Container #1 is in OPEN state, but the datanode a1036450-74c2-4405-b4f8-7a994af8c84a{ip: 192.168.69.92, host: pr-hdds-2240-577ml-2645996955, networkLocation: /default-rack, certSerialId: null} reports an CLOSED replica.
2019-10-21 22:01:29,512 [EventQueue-ContainerReportForContainerReportHandler] WARN  container.ContainerReportHandler (AbstractContainerReportHandler.java:updateContainerState(145)) - Container #1 is in OPEN state, but the datanode 95d3bce6-5996-460d-8578-b7f952c18b9c{ip: 192.168.69.92, host: pr-hdds-2240-577ml-2645996955, networkLocation: /default-rack, certSerialId: null} reports an CLOSED replica.
2019-10-21 22:01:29,713 [EventQueue-ContainerReportForContainerReportHandler] WARN  container.ContainerReportHandler (AbstractContainerReportHandler.java:updateContainerState(145)) - Container #1 is in OPEN state, but the datanode a1036450-74c2-4405-b4f8-7a994af8c84a{ip: 192.168.69.92, host: pr-hdds-2240-577ml-2645996955, networkLocation: /default-rack, certSerialId: null} reports an CLOSED replica.
2019-10-21 22:01:29,812 [EventQueue-ContainerReportForContainerReportHandler] WARN  container.ContainerReportHandler (AbstractContainerReportHandler.java:updateContainerState(145)) - Container #1 is in OPEN state, but the datanode 95d3bce6-5996-460d-8578-b7f952c18b9c{ip: 192.168.69.92, host: pr-hdds-2240-577ml-2645996955, networkLocation: /default-rack, certSerialId: null} reports an CLOSED replica.
2019-10-21 22:01:29,896 [BlockDeletingService#2] WARN  background.BlockDeletingService (BlockDeletingService.java:isDeletionAllowed(187)) - Close Container log Index 6 is not replicated across allthe servers in the pipeline 14fb49ee-5d81-4c1e-bb69-5e7a11e15b06 as the min replicated index is 4. Deletion is not allowed in this container yet.
2019-10-21 22:01:29,896 [BlockDeletingService#2] WARN  background.BlockDeletingService (BlockDeletingService.java:isDeletionAllowed(187)) - Close Container log Index 6 is not replicated across allthe servers in the pipeline 14fb49ee-5d81-4c1e-bb69-5e7a11e15b06 as the min replicated index is 4. Deletion is not allowed in this container yet.
2019-10-21 22:01:30,012 [EventQueue-ContainerReportForContainerReportHandler] WARN  container.ContainerReportHandler (AbstractContainerReportHandler.java:updateContainerState(145)) - Container #1 is in OPEN state, but the datanode a1036450-74c2-4405-b4f8-7a994af8c84a{ip: 192.168.69.92, host: pr-hdds-2240-577ml-2645996955, networkLocation: /default-rack, certSerialId: null} reports an CLOSED replica.
2019-10-21 22:01:30,212 [EventQueue-ContainerReportForContainerReportHandler] WARN  container.ContainerReportHandler (AbstractContainerReportHandler.java:updateContainerState(145)) - Container #1 is in OPEN state, but the datanode 95d3bce6-5996-460d-8578-b7f952c18b9c{ip: 192.168.69.92, host: pr-hdds-2240-577ml-2645996955, networkLocation: /default-rack, certSerialId: null} reports an CLOSED replica.
2019-10-21 22:01:30,414 [EventQueue-ContainerReportForContainerReportHandler] WARN  container.ContainerReportHandler (AbstractContainerReportHandler.java:updateContainerState(145)) - Container #1 is in OPEN state, but the datanode a1036450-74c2-4405-b4f8-7a994af8c84a{ip: 192.168.69.92, host: pr-hdds-2240-577ml-2645996955, networkLocation: /default-rack, certSerialId: null} reports an CLOSED replica.
2019-10-21 22:01:30,613 [EventQueue-ContainerReportForContainerReportHandler] WARN  container.ContainerReportHandler (AbstractContainerReportHandler.java:updateContainerState(145)) - Container #1 is in OPEN state, but the datanode 95d3bce6-5996-460d-8578-b7f952c18b9c{ip: 192.168.69.92, host: pr-hdds-2240-577ml-2645996955, networkLocation: /default-rack, certSerialId: null} reports an CLOSED replica.
2019-10-21 22:01:30,713 [EventQueue-ContainerReportForContainerReportHandler] WARN  container.ContainerReportHandler (AbstractContainerReportHandler.java:updateContainerState(145)) - Container #1 is in OPEN state, but the datanode a1036450-74c2-4405-b4f8-7a994af8c84a{ip: 192.168.69.92, host: pr-hdds-2240-577ml-2645996955, networkLocation: /default-rack, certSerialId: null} reports an CLOSED replica.
2019-10-21 22:01:30,897 [BlockDeletingService#2] WARN  background.BlockDeletingService (BlockDeletingService.java:isDeletionAllowed(187)) - Close Container log Index 6 is not replicated across allthe servers in the pipeline 14fb49ee-5d81-4c1e-bb69-5e7a11e15b06 as the min replicated index is 4. Deletion is not allowed in this container yet.
2019-10-21 22:01:30,897 [BlockDeletingService#2] WARN  background.BlockDeletingService (BlockDeletingService.java:isDeletionAllowed(187)) - Close Container log Index 6 is not replicated across allthe servers in the pipeline 14fb49ee-5d81-4c1e-bb69-5e7a11e15b06 as the min replicated index is 4. Deletion is not allowed in this container yet.
2019-10-21 22:01:30,915 [EventQueue-ContainerReportForContainerReportHandler] WARN  container.ContainerReportHandler (AbstractContainerReportHandler.java:updateContainerState(145)) - Container #1 is in OPEN state, but the datanode 95d3bce6-5996-460d-8578-b7f952c18b9c{ip: 192.168.69.92, host: pr-hdds-2240-577ml-2645996955, networkLocation: /default-rack, certSerialId: null} reports an CLOSED replica.
2019-10-21 22:01:31,014 [EventQueue-ContainerReportForContainerReportHandler] WARN  container.ContainerReportHandler (AbstractContainerReportHandler.java:updateContainerState(145)) - Container #1 is in OPEN state, but the datanode a1036450-74c2-4405-b4f8-7a994af8c84a{ip: 192.168.69.92, host: pr-hdds-2240-577ml-2645996955, networkLocation: /default-rack, certSerialId: null} reports an CLOSED replica.
2019-10-21 22:01:31,036 [java.util.concurrent.ThreadPoolExecutor$Worker@29bacf4c[State = -1, empty queue]] WARN  server.GrpcLogAppender (GrpcLogAppender.java:timeoutAppendRequest(209)) - a1036450-74c2-4405-b4f8-7a994af8c84a@group-5E7A11E15B06->a26a9f1d-c528-4494-83e5-475827f7720e-GrpcLogAppender: appendEntries Timeout, request=a1036450-74c2-4405-b4f8-7a994af8c84a->a26a9f1d-c528-4494-83e5-475827f7720e#28-t2, previous=(t:2, i:10), leaderCommit=10, initializing? false, entries: <empty>
2019-10-21 22:01:31,215 [EventQueue-ContainerReportForContainerReportHandler] WARN  container.ContainerReportHandler (AbstractContainerReportHandler.java:updateContainerState(145)) - Container #1 is in OPEN state, but the datanode 95d3bce6-5996-460d-8578-b7f952c18b9c{ip: 192.168.69.92, host: pr-hdds-2240-577ml-2645996955, networkLocation: /default-rack, certSerialId: null} reports an CLOSED replica.
2019-10-21 22:01:31,315 [EventQueue-ContainerReportForContainerReportHandler] WARN  container.ContainerReportHandler (AbstractContainerReportHandler.java:updateContainerState(145)) - Container #1 is in OPEN state, but the datanode a1036450-74c2-4405-b4f8-7a994af8c84a{ip: 192.168.69.92, host: pr-hdds-2240-577ml-2645996955, networkLocation: /default-rack, certSerialId: null} reports an CLOSED replica.
2019-10-21 22:01:31,515 [EventQueue-ContainerReportForContainerReportHandler] WARN  container.ContainerReportHandler (AbstractContainerReportHandler.java:updateContainerState(145)) - Container #1 is in OPEN state, but the datanode a1036450-74c2-4405-b4f8-7a994af8c84a{ip: 192.168.69.92, host: pr-hdds-2240-577ml-2645996955, networkLocation: /default-rack, certSerialId: null} reports an CLOSED replica.
2019-10-21 22:01:31,615 [EventQueue-ContainerReportForContainerReportHandler] WARN  container.ContainerReportHandler (AbstractContainerReportHandler.java:updateContainerState(145)) - Container #1 is in OPEN state, but the datanode 95d3bce6-5996-460d-8578-b7f952c18b9c{ip: 192.168.69.92, host: pr-hdds-2240-577ml-2645996955, networkLocation: /default-rack, certSerialId: null} reports an CLOSED replica.
2019-10-21 22:01:31,715 [EventQueue-ContainerReportForContainerReportHandler] WARN  container.ContainerReportHandler (AbstractContainerReportHandler.java:updateContainerState(145)) - Container #1 is in OPEN state, but the datanode a1036450-74c2-4405-b4f8-7a994af8c84a{ip: 192.168.69.92, host: pr-hdds-2240-577ml-2645996955, networkLocation: /default-rack, certSerialId: null} reports an CLOSED replica.
2019-10-21 22:01:31,898 [BlockDeletingService#2] WARN  background.BlockDeletingService (BlockDeletingService.java:isDeletionAllowed(187)) - Close Container log Index 6 is not replicated across allthe servers in the pipeline 14fb49ee-5d81-4c1e-bb69-5e7a11e15b06 as the min replicated index is 4. Deletion is not allowed in this container yet.
2019-10-21 22:01:31,898 [BlockDeletingService#2] WARN  background.BlockDeletingService (BlockDeletingService.java:isDeletionAllowed(187)) - Close Container log Index 6 is not replicated across allthe servers in the pipeline 14fb49ee-5d81-4c1e-bb69-5e7a11e15b06 as the min replicated index is 4. Deletion is not allowed in this container yet.
2019-10-21 22:01:31,915 [EventQueue-ContainerReportForContainerReportHandler] WARN  container.ContainerReportHandler (AbstractContainerReportHandler.java:updateContainerState(145)) - Container #1 is in OPEN state, but the datanode a1036450-74c2-4405-b4f8-7a994af8c84a{ip: 192.168.69.92, host: pr-hdds-2240-577ml-2645996955, networkLocation: /default-rack, certSerialId: null} reports an CLOSED replica.
2019-10-21 22:01:31,916 [EventQueue-ContainerReportForContainerReportHandler] WARN  container.ContainerReportHandler (AbstractContainerReportHandler.java:updateContainerState(145)) - Container #1 is in OPEN state, but the datanode 95d3bce6-5996-460d-8578-b7f952c18b9c{ip: 192.168.69.92, host: pr-hdds-2240-577ml-2645996955, networkLocation: /default-rack, certSerialId: null} reports an CLOSED replica.
2019-10-21 22:01:32,215 [EventQueue-ContainerReportForContainerReportHandler] WARN  container.ContainerReportHandler (AbstractContainerReportHandler.java:updateContainerState(145)) - Container #1 is in OPEN state, but the datanode a1036450-74c2-4405-b4f8-7a994af8c84a{ip: 192.168.69.92, host: pr-hdds-2240-577ml-2645996955, networkLocation: /default-rack, certSerialId: null} reports an CLOSED replica.
2019-10-21 22:01:32,215 [EventQueue-ContainerReportForContainerReportHandler] WARN  container.ContainerReportHandler (AbstractContainerReportHandler.java:updateContainerState(145)) - Container #1 is in OPEN state, but the datanode 95d3bce6-5996-460d-8578-b7f952c18b9c{ip: 192.168.69.92, host: pr-hdds-2240-577ml-2645996955, networkLocation: /default-rack, certSerialId: null} reports an CLOSED replica.
2019-10-21 22:01:32,415 [EventQueue-ContainerReportForContainerReportHandler] WARN  container.ContainerReportHandler (AbstractContainerReportHandler.java:updateContainerState(145)) - Container #1 is in OPEN state, but the datanode a1036450-74c2-4405-b4f8-7a994af8c84a{ip: 192.168.69.92, host: pr-hdds-2240-577ml-2645996955, networkLocation: /default-rack, certSerialId: null} reports an CLOSED replica.
2019-10-21 22:01:32,615 [EventQueue-ContainerReportForContainerReportHandler] WARN  container.ContainerReportHandler (AbstractContainerReportHandler.java:updateContainerState(145)) - Container #1 is in OPEN state, but the datanode 95d3bce6-5996-460d-8578-b7f952c18b9c{ip: 192.168.69.92, host: pr-hdds-2240-577ml-2645996955, networkLocation: /default-rack, certSerialId: null} reports an CLOSED replica.
2019-10-21 22:01:32,815 [EventQueue-ContainerReportForContainerReportHandler] WARN  container.ContainerReportHandler (AbstractContainerReportHandler.java:updateContainerState(145)) - Container #1 is in OPEN state, but the datanode a1036450-74c2-4405-b4f8-7a994af8c84a{ip: 192.168.69.92, host: pr-hdds-2240-577ml-2645996955, networkLocation: /default-rack, certSerialId: null} reports an CLOSED replica.
2019-10-21 22:01:32,816 [EventQueue-ContainerReportForContainerReportHandler] WARN  container.ContainerReportHandler (AbstractContainerReportHandler.java:updateContainerState(145)) - Container #1 is in OPEN state, but the datanode 95d3bce6-5996-460d-8578-b7f952c18b9c{ip: 192.168.69.92, host: pr-hdds-2240-577ml-2645996955, networkLocation: /default-rack, certSerialId: null} reports an CLOSED replica.
2019-10-21 22:01:32,900 [BlockDeletingService#2] WARN  background.BlockDeletingService (BlockDeletingService.java:isDeletionAllowed(187)) - Close Container log Index 6 is not replicated across allthe servers in the pipeline 14fb49ee-5d81-4c1e-bb69-5e7a11e15b06 as the min replicated index is 4. Deletion is not allowed in this container yet.
2019-10-21 22:01:32,900 [BlockDeletingService#2] WARN  background.BlockDeletingService (BlockDeletingService.java:isDeletionAllowed(187)) - Close Container log Index 6 is not replicated across allthe servers in the pipeline 14fb49ee-5d81-4c1e-bb69-5e7a11e15b06 as the min replicated index is 4. Deletion is not allowed in this container yet.
2019-10-21 22:01:33,016 [EventQueue-ContainerReportForContainerReportHandler] WARN  container.ContainerReportHandler (AbstractContainerReportHandler.java:updateContainerState(145)) - Container #1 is in OPEN state, but the datanode a1036450-74c2-4405-b4f8-7a994af8c84a{ip: 192.168.69.92, host: pr-hdds-2240-577ml-2645996955, networkLocation: /default-rack, certSerialId: null} reports an CLOSED replica.
2019-10-21 22:01:33,216 [EventQueue-ContainerReportForContainerReportHandler] WARN  container.ContainerReportHandler (AbstractContainerReportHandler.java:updateContainerState(145)) - Container #1 is in OPEN state, but the datanode 95d3bce6-5996-460d-8578-b7f952c18b9c{ip: 192.168.69.92, host: pr-hdds-2240-577ml-2645996955, networkLocation: /default-rack, certSerialId: null} reports an CLOSED replica.
2019-10-21 22:01:33,216 [EventQueue-ContainerReportForContainerReportHandler] WARN  container.ContainerReportHandler (AbstractContainerReportHandler.java:updateContainerState(145)) - Container #1 is in OPEN state, but the datanode a1036450-74c2-4405-b4f8-7a994af8c84a{ip: 192.168.69.92, host: pr-hdds-2240-577ml-2645996955, networkLocation: /default-rack, certSerialId: null} reports an CLOSED replica.
2019-10-21 22:01:33,418 [EventQueue-ContainerReportForContainerReportHandler] WARN  container.ContainerReportHandler (AbstractContainerReportHandler.java:updateContainerState(145)) - Container #1 is in OPEN state, but the datanode 95d3bce6-5996-460d-8578-b7f952c18b9c{ip: 192.168.69.92, host: pr-hdds-2240-577ml-2645996955, networkLocation: /default-rack, certSerialId: null} reports an CLOSED replica.
2019-10-21 22:01:33,518 [EventQueue-ContainerReportForContainerReportHandler] WARN  container.ContainerReportHandler (AbstractContainerReportHandler.java:updateContainerState(145)) - Container #1 is in OPEN state, but the datanode a1036450-74c2-4405-b4f8-7a994af8c84a{ip: 192.168.69.92, host: pr-hdds-2240-577ml-2645996955, networkLocation: /default-rack, certSerialId: null} reports an CLOSED replica.
2019-10-21 22:01:33,536 [java.util.concurrent.ThreadPoolExecutor$Worker@29bacf4c[State = -1, empty queue]] WARN  server.GrpcLogAppender (GrpcLogAppender.java:timeoutAppendRequest(209)) - a1036450-74c2-4405-b4f8-7a994af8c84a@group-5E7A11E15B06->a26a9f1d-c528-4494-83e5-475827f7720e-GrpcLogAppender: appendEntries Timeout, request=a1036450-74c2-4405-b4f8-7a994af8c84a->a26a9f1d-c528-4494-83e5-475827f7720e#29-t2, previous=(t:2, i:10), leaderCommit=10, initializing? false, entries: <empty>
2019-10-21 22:01:33,718 [EventQueue-ContainerReportForContainerReportHandler] WARN  container.ContainerReportHandler (AbstractContainerReportHandler.java:updateContainerState(145)) - Container #1 is in OPEN state, but the datanode 95d3bce6-5996-460d-8578-b7f952c18b9c{ip: 192.168.69.92, host: pr-hdds-2240-577ml-2645996955, networkLocation: /default-rack, certSerialId: null} reports an CLOSED replica.
2019-10-21 22:01:33,818 [EventQueue-ContainerReportForContainerReportHandler] WARN  container.ContainerReportHandler (AbstractContainerReportHandler.java:updateContainerState(145)) - Container #1 is in OPEN state, but the datanode a1036450-74c2-4405-b4f8-7a994af8c84a{ip: 192.168.69.92, host: pr-hdds-2240-577ml-2645996955, networkLocation: /default-rack, certSerialId: null} reports an CLOSED replica.
2019-10-21 22:01:33,901 [BlockDeletingService#2] WARN  background.BlockDeletingService (BlockDeletingService.java:isDeletionAllowed(187)) - Close Container log Index 6 is not replicated across allthe servers in the pipeline 14fb49ee-5d81-4c1e-bb69-5e7a11e15b06 as the min replicated index is 4. Deletion is not allowed in this container yet.
2019-10-21 22:01:33,901 [BlockDeletingService#2] WARN  background.BlockDeletingService (BlockDeletingService.java:isDeletionAllowed(187)) - Close Container log Index 6 is not replicated across allthe servers in the pipeline 14fb49ee-5d81-4c1e-bb69-5e7a11e15b06 as the min replicated index is 4. Deletion is not allowed in this container yet.
2019-10-21 22:01:33,918 [EventQueue-ContainerReportForContainerReportHandler] WARN  container.ContainerReportHandler (AbstractContainerReportHandler.java:updateContainerState(145)) - Container #1 is in OPEN state, but the datanode 95d3bce6-5996-460d-8578-b7f952c18b9c{ip: 192.168.69.92, host: pr-hdds-2240-577ml-2645996955, networkLocation: /default-rack, certSerialId: null} reports an CLOSED replica.
2019-10-21 22:01:34,019 [EventQueue-ContainerReportForContainerReportHandler] WARN  container.ContainerReportHandler (AbstractContainerReportHandler.java:updateContainerState(145)) - Container #1 is in OPEN state, but the datanode a1036450-74c2-4405-b4f8-7a994af8c84a{ip: 192.168.69.92, host: pr-hdds-2240-577ml-2645996955, networkLocation: /default-rack, certSerialId: null} reports an CLOSED replica.
2019-10-21 22:01:34,218 [EventQueue-ContainerReportForContainerReportHandler] WARN  container.ContainerReportHandler (AbstractContainerReportHandler.java:updateContainerState(145)) - Container #1 is in OPEN state, but the datanode 95d3bce6-5996-460d-8578-b7f952c18b9c{ip: 192.168.69.92, host: pr-hdds-2240-577ml-2645996955, networkLocation: /default-rack, certSerialId: null} reports an CLOSED replica.
2019-10-21 22:01:34,319 [EventQueue-ContainerReportForContainerReportHandler] WARN  container.ContainerReportHandler (AbstractContainerReportHandler.java:updateContainerState(145)) - Container #1 is in OPEN state, but the datanode a1036450-74c2-4405-b4f8-7a994af8c84a{ip: 192.168.69.92, host: pr-hdds-2240-577ml-2645996955, networkLocation: /default-rack, certSerialId: null} reports an CLOSED replica.
2019-10-21 22:01:34,519 [EventQueue-ContainerReportForContainerReportHandler] WARN  container.ContainerReportHandler (AbstractContainerReportHandler.java:updateContainerState(145)) - Container #1 is in OPEN state, but the datanode a1036450-74c2-4405-b4f8-7a994af8c84a{ip: 192.168.69.92, host: pr-hdds-2240-577ml-2645996955, networkLocation: /default-rack, certSerialId: null} reports an CLOSED replica.
2019-10-21 22:01:34,619 [EventQueue-ContainerReportForContainerReportHandler] WARN  container.ContainerReportHandler (AbstractContainerReportHandler.java:updateContainerState(145)) - Container #1 is in OPEN state, but the datanode 95d3bce6-5996-460d-8578-b7f952c18b9c{ip: 192.168.69.92, host: pr-hdds-2240-577ml-2645996955, networkLocation: /default-rack, certSerialId: null} reports an CLOSED replica.
2019-10-21 22:01:34,820 [EventQueue-ContainerReportForContainerReportHandler] WARN  container.ContainerReportHandler (AbstractContainerReportHandler.java:updateContainerState(145)) - Container #1 is in OPEN state, but the datanode a1036450-74c2-4405-b4f8-7a994af8c84a{ip: 192.168.69.92, host: pr-hdds-2240-577ml-2645996955, networkLocation: /default-rack, certSerialId: null} reports an CLOSED replica.
2019-10-21 22:01:34,902 [BlockDeletingService#2] WARN  background.BlockDeletingService (BlockDeletingService.java:isDeletionAllowed(187)) - Close Container log Index 6 is not replicated across allthe servers in the pipeline 14fb49ee-5d81-4c1e-bb69-5e7a11e15b06 as the min replicated index is 4. Deletion is not allowed in this container yet.
2019-10-21 22:01:34,902 [BlockDeletingService#2] WARN  background.BlockDeletingService (BlockDeletingService.java:isDeletionAllowed(187)) - Close Container log Index 6 is not replicated across allthe servers in the pipeline 14fb49ee-5d81-4c1e-bb69-5e7a11e15b06 as the min replicated index is 4. Deletion is not allowed in this container yet.
2019-10-21 22:01:34,919 [EventQueue-ContainerReportForContainerReportHandler] WARN  container.ContainerReportHandler (AbstractContainerReportHandler.java:updateContainerState(145)) - Container #1 is in OPEN state, but the datanode 95d3bce6-5996-460d-8578-b7f952c18b9c{ip: 192.168.69.92, host: pr-hdds-2240-577ml-2645996955, networkLocation: /default-rack, certSerialId: null} reports an CLOSED replica.
2019-10-21 22:01:35,020 [EventQueue-ContainerReportForContainerReportHandler] WARN  container.ContainerReportHandler (AbstractContainerReportHandler.java:updateContainerState(145)) - Container #1 is in OPEN state, but the datanode a1036450-74c2-4405-b4f8-7a994af8c84a{ip: 192.168.69.92, host: pr-hdds-2240-577ml-2645996955, networkLocation: /default-rack, certSerialId: null} reports an CLOSED replica.
2019-10-21 22:01:35,220 [EventQueue-ContainerReportForContainerReportHandler] WARN  container.ContainerReportHandler (AbstractContainerReportHandler.java:updateContainerState(145)) - Container #1 is in OPEN state, but the datanode 95d3bce6-5996-460d-8578-b7f952c18b9c{ip: 192.168.69.92, host: pr-hdds-2240-577ml-2645996955, networkLocation: /default-rack, certSerialId: null} reports an CLOSED replica.
2019-10-21 22:01:35,320 [EventQueue-ContainerReportForContainerReportHandler] WARN  container.ContainerReportHandler (AbstractContainerReportHandler.java:updateContainerState(145)) - Container #1 is in OPEN state, but the datanode a1036450-74c2-4405-b4f8-7a994af8c84a{ip: 192.168.69.92, host: pr-hdds-2240-577ml-2645996955, networkLocation: /default-rack, certSerialId: null} reports an CLOSED replica.
2019-10-21 22:01:35,520 [EventQueue-ContainerReportForContainerReportHandler] WARN  container.ContainerReportHandler (AbstractContainerReportHandler.java:updateContainerState(145)) - Container #1 is in OPEN state, but the datanode 95d3bce6-5996-460d-8578-b7f952c18b9c{ip: 192.168.69.92, host: pr-hdds-2240-577ml-2645996955, networkLocation: /default-rack, certSerialId: null} reports an CLOSED replica.
2019-10-21 22:01:35,720 [EventQueue-ContainerReportForContainerReportHandler] WARN  container.ContainerReportHandler (AbstractContainerReportHandler.java:updateContainerState(145)) - Container #1 is in OPEN state, but the datanode 95d3bce6-5996-460d-8578-b7f952c18b9c{ip: 192.168.69.92, host: pr-hdds-2240-577ml-2645996955, networkLocation: /default-rack, certSerialId: null} reports an CLOSED replica.
2019-10-21 22:01:35,720 [EventQueue-ContainerReportForContainerReportHandler] WARN  container.ContainerReportHandler (AbstractContainerReportHandler.java:updateContainerState(145)) - Container #1 is in OPEN state, but the datanode a1036450-74c2-4405-b4f8-7a994af8c84a{ip: 192.168.69.92, host: pr-hdds-2240-577ml-2645996955, networkLocation: /default-rack, certSerialId: null} reports an CLOSED replica.
2019-10-21 22:01:35,903 [BlockDeletingService#2] WARN  background.BlockDeletingService (BlockDeletingService.java:isDeletionAllowed(187)) - Close Container log Index 6 is not replicated across allthe servers in the pipeline 14fb49ee-5d81-4c1e-bb69-5e7a11e15b06 as the min replicated index is 4. Deletion is not allowed in this container yet.
2019-10-21 22:01:35,903 [BlockDeletingService#2] WARN  background.BlockDeletingService (BlockDeletingService.java:isDeletionAllowed(187)) - Close Container log Index 6 is not replicated across allthe servers in the pipeline 14fb49ee-5d81-4c1e-bb69-5e7a11e15b06 as the min replicated index is 4. Deletion is not allowed in this container yet.
2019-10-21 22:01:36,020 [EventQueue-ContainerReportForContainerReportHandler] WARN  container.ContainerReportHandler (AbstractContainerReportHandler.java:updateContainerState(145)) - Container #1 is in OPEN state, but the datanode a1036450-74c2-4405-b4f8-7a994af8c84a{ip: 192.168.69.92, host: pr-hdds-2240-577ml-2645996955, networkLocation: /default-rack, certSerialId: null} reports an CLOSED replica.
2019-10-21 22:01:36,020 [EventQueue-ContainerReportForContainerReportHandler] WARN  container.ContainerReportHandler (AbstractContainerReportHandler.java:updateContainerState(145)) - Container #1 is in OPEN state, but the datanode 95d3bce6-5996-460d-8578-b7f952c18b9c{ip: 192.168.69.92, host: pr-hdds-2240-577ml-2645996955, networkLocation: /default-rack, certSerialId: null} reports an CLOSED replica.
2019-10-21 22:01:36,037 [java.util.concurrent.ThreadPoolExecutor$Worker@29bacf4c[State = -1, empty queue]] WARN  server.GrpcLogAppender (GrpcLogAppender.java:timeoutAppendRequest(209)) - a1036450-74c2-4405-b4f8-7a994af8c84a@group-5E7A11E15B06->a26a9f1d-c528-4494-83e5-475827f7720e-GrpcLogAppender: appendEntries Timeout, request=a1036450-74c2-4405-b4f8-7a994af8c84a->a26a9f1d-c528-4494-83e5-475827f7720e#30-t2, previous=(t:2, i:10), leaderCommit=10, initializing? false, entries: <empty>
2019-10-21 22:01:36,222 [EventQueue-ContainerReportForContainerReportHandler] WARN  container.ContainerReportHandler (AbstractContainerReportHandler.java:updateContainerState(145)) - Container #1 is in OPEN state, but the datanode a1036450-74c2-4405-b4f8-7a994af8c84a{ip: 192.168.69.92, host: pr-hdds-2240-577ml-2645996955, networkLocation: /default-rack, certSerialId: null} reports an CLOSED replica.
2019-10-21 22:01:36,321 [EventQueue-ContainerReportForContainerReportHandler] WARN  container.ContainerReportHandler (AbstractContainerReportHandler.java:updateContainerState(145)) - Container #1 is in OPEN state, but the datanode 95d3bce6-5996-460d-8578-b7f952c18b9c{ip: 192.168.69.92, host: pr-hdds-2240-577ml-2645996955, networkLocation: /default-rack, certSerialId: null} reports an CLOSED replica.
2019-10-21 22:01:36,521 [EventQueue-ContainerReportForContainerReportHandler] WARN  container.ContainerReportHandler (AbstractContainerReportHandler.java:updateContainerState(145)) - Container #1 is in OPEN state, but the datanode 95d3bce6-5996-460d-8578-b7f952c18b9c{ip: 192.168.69.92, host: pr-hdds-2240-577ml-2645996955, networkLocation: /default-rack, certSerialId: null} reports an CLOSED replica.
2019-10-21 22:01:36,621 [EventQueue-ContainerReportForContainerReportHandler] WARN  container.ContainerReportHandler (AbstractContainerReportHandler.java:updateContainerState(145)) - Container #1 is in OPEN state, but the datanode a1036450-74c2-4405-b4f8-7a994af8c84a{ip: 192.168.69.92, host: pr-hdds-2240-577ml-2645996955, networkLocation: /default-rack, certSerialId: null} reports an CLOSED replica.
2019-10-21 22:01:36,821 [EventQueue-ContainerReportForContainerReportHandler] WARN  container.ContainerReportHandler (AbstractContainerReportHandler.java:updateContainerState(145)) - Container #1 is in OPEN state, but the datanode 95d3bce6-5996-460d-8578-b7f952c18b9c{ip: 192.168.69.92, host: pr-hdds-2240-577ml-2645996955, networkLocation: /default-rack, certSerialId: null} reports an CLOSED replica.
2019-10-21 22:01:36,904 [BlockDeletingService#2] WARN  background.BlockDeletingService (BlockDeletingService.java:isDeletionAllowed(187)) - Close Container log Index 6 is not replicated across allthe servers in the pipeline 14fb49ee-5d81-4c1e-bb69-5e7a11e15b06 as the min replicated index is 4. Deletion is not allowed in this container yet.
2019-10-21 22:01:36,904 [BlockDeletingService#2] WARN  background.BlockDeletingService (BlockDeletingService.java:isDeletionAllowed(187)) - Close Container log Index 6 is not replicated across allthe servers in the pipeline 14fb49ee-5d81-4c1e-bb69-5e7a11e15b06 as the min replicated index is 4. Deletion is not allowed in this container yet.
2019-10-21 22:01:36,921 [EventQueue-ContainerReportForContainerReportHandler] WARN  container.ContainerReportHandler (AbstractContainerReportHandler.java:updateContainerState(145)) - Container #1 is in OPEN state, but the datanode a1036450-74c2-4405-b4f8-7a994af8c84a{ip: 192.168.69.92, host: pr-hdds-2240-577ml-2645996955, networkLocation: /default-rack, certSerialId: null} reports an CLOSED replica.
2019-10-21 22:01:37,122 [EventQueue-ContainerReportForContainerReportHandler] WARN  container.ContainerReportHandler (AbstractContainerReportHandler.java:updateContainerState(145)) - Container #1 is in OPEN state, but the datanode a1036450-74c2-4405-b4f8-7a994af8c84a{ip: 192.168.69.92, host: pr-hdds-2240-577ml-2645996955, networkLocation: /default-rack, certSerialId: null} reports an CLOSED replica.
2019-10-21 22:01:37,222 [EventQueue-ContainerReportForContainerReportHandler] WARN  container.ContainerReportHandler (AbstractContainerReportHandler.java:updateContainerState(145)) - Container #1 is in OPEN state, but the datanode 95d3bce6-5996-460d-8578-b7f952c18b9c{ip: 192.168.69.92, host: pr-hdds-2240-577ml-2645996955, networkLocation: /default-rack, certSerialId: null} reports an CLOSED replica.
2019-10-21 22:01:37,422 [EventQueue-ContainerReportForContainerReportHandler] WARN  container.ContainerReportHandler (AbstractContainerReportHandler.java:updateContainerState(145)) - Container #1 is in OPEN state, but the datanode a1036450-74c2-4405-b4f8-7a994af8c84a{ip: 192.168.69.92, host: pr-hdds-2240-577ml-2645996955, networkLocation: /default-rack, certSerialId: null} reports an CLOSED replica.
2019-10-21 22:01:37,522 [EventQueue-ContainerReportForContainerReportHandler] WARN  container.ContainerReportHandler (AbstractContainerReportHandler.java:updateContainerState(145)) - Container #1 is in OPEN state, but the datanode 95d3bce6-5996-460d-8578-b7f952c18b9c{ip: 192.168.69.92, host: pr-hdds-2240-577ml-2645996955, networkLocation: /default-rack, certSerialId: null} reports an CLOSED replica.
2019-10-21 22:01:37,610 [Thread-375] INFO  client.GrpcClientProtocolService (GrpcClientProtocolService.java:lambda$processClientRequest$0(278)) - Failed RaftClientRequest:client-91F2DA33FCFF->95d3bce6-5996-460d-8578-b7f952c18b9c@group-5E7A11E15B06, cid=10, seq=0, Watch-ALL_COMMITTED(6), Message:<EMPTY>, reply=RaftClientReply:client-91F2DA33FCFF->95d3bce6-5996-460d-8578-b7f952c18b9c@group-5E7A11E15B06, cid=10, FAILED org.apache.ratis.protocol.NotLeaderException: Server 95d3bce6-5996-460d-8578-b7f952c18b9c@group-5E7A11E15B06 is not the leader a1036450-74c2-4405-b4f8-7a994af8c84a:192.168.69.92:36225, logIndex=0, commits[95d3bce6-5996-460d-8578-b7f952c18b9c:c10, a26a9f1d-c528-4494-83e5-475827f7720e:c4, a1036450-74c2-4405-b4f8-7a994af8c84a:c10]
2019-10-21 22:01:37,722 [EventQueue-ContainerReportForContainerReportHandler] WARN  container.ContainerReportHandler (AbstractContainerReportHandler.java:updateContainerState(145)) - Container #1 is in OPEN state, but the datanode 95d3bce6-5996-460d-8578-b7f952c18b9c{ip: 192.168.69.92, host: pr-hdds-2240-577ml-2645996955, networkLocation: /default-rack, certSerialId: null} reports an CLOSED replica.
2019-10-21 22:01:37,722 [EventQueue-ContainerReportForContainerReportHandler] WARN  container.ContainerReportHandler (AbstractContainerReportHandler.java:updateContainerState(145)) - Container #1 is in OPEN state, but the datanode a1036450-74c2-4405-b4f8-7a994af8c84a{ip: 192.168.69.92, host: pr-hdds-2240-577ml-2645996955, networkLocation: /default-rack, certSerialId: null} reports an CLOSED replica.
2019-10-21 22:01:37,884 [Thread-378] INFO  client.GrpcClientProtocolService (GrpcClientProtocolService.java:lambda$processClientRequest$0(278)) - Failed RaftClientRequest:client-91F2DA33FCFF->a1036450-74c2-4405-b4f8-7a994af8c84a@group-5E7A11E15B06, cid=10, seq=0, Watch-ALL_COMMITTED(6), Message:<EMPTY>, reply=RaftClientReply:client-91F2DA33FCFF->a1036450-74c2-4405-b4f8-7a994af8c84a@group-5E7A11E15B06, cid=10, FAILED org.apache.ratis.protocol.NotReplicatedException: Request with call Id 10 and log index 6 is not yet replicated to ALL_COMMITTED, logIndex=6, commits[a1036450-74c2-4405-b4f8-7a994af8c84a:c10, a26a9f1d-c528-4494-83e5-475827f7720e:c4, 95d3bce6-5996-460d-8578-b7f952c18b9c:c10]
2019-10-21 22:01:37,905 [BlockDeletingService#2] WARN  background.BlockDeletingService (BlockDeletingService.java:isDeletionAllowed(187)) - Close Container log Index 6 is not replicated across allthe servers in the pipeline 14fb49ee-5d81-4c1e-bb69-5e7a11e15b06 as the min replicated index is 4. Deletion is not allowed in this container yet.
2019-10-21 22:01:37,905 [BlockDeletingService#2] WARN  background.BlockDeletingService (BlockDeletingService.java:isDeletionAllowed(187)) - Close Container log Index 6 is not replicated across allthe servers in the pipeline 14fb49ee-5d81-4c1e-bb69-5e7a11e15b06 as the min replicated index is 4. Deletion is not allowed in this container yet.
2019-10-21 22:01:37,922 [EventQueue-ContainerReportForContainerReportHandler] WARN  container.ContainerReportHandler (AbstractContainerReportHandler.java:updateContainerState(145)) - Container #1 is in OPEN state, but the datanode 95d3bce6-5996-460d-8578-b7f952c18b9c{ip: 192.168.69.92, host: pr-hdds-2240-577ml-2645996955, networkLocation: /default-rack, certSerialId: null} reports an CLOSED replica.
2019-10-21 22:01:37,922 [EventQueue-ContainerReportForContainerReportHandler] WARN  container.ContainerReportHandler (AbstractContainerReportHandler.java:updateContainerState(145)) - Container #1 is in OPEN state, but the datanode a1036450-74c2-4405-b4f8-7a994af8c84a{ip: 192.168.69.92, host: pr-hdds-2240-577ml-2645996955, networkLocation: /default-rack, certSerialId: null} reports an CLOSED replica.
2019-10-21 22:01:38,322 [EventQueue-ContainerReportForContainerReportHandler] WARN  container.ContainerReportHandler (AbstractContainerReportHandler.java:updateContainerState(145)) - Container #1 is in OPEN state, but the datanode 95d3bce6-5996-460d-8578-b7f952c18b9c{ip: 192.168.69.92, host: pr-hdds-2240-577ml-2645996955, networkLocation: /default-rack, certSerialId: null} reports an CLOSED replica.
2019-10-21 22:01:38,323 [EventQueue-ContainerReportForContainerReportHandler] WARN  container.ContainerReportHandler (AbstractContainerReportHandler.java:updateContainerState(145)) - Container #1 is in OPEN state, but the datanode a1036450-74c2-4405-b4f8-7a994af8c84a{ip: 192.168.69.92, host: pr-hdds-2240-577ml-2645996955, networkLocation: /default-rack, certSerialId: null} reports an CLOSED replica.
2019-10-21 22:01:38,538 [java.util.concurrent.ThreadPoolExecutor$Worker@29bacf4c[State = -1, empty queue]] WARN  server.GrpcLogAppender (GrpcLogAppender.java:timeoutAppendRequest(209)) - a1036450-74c2-4405-b4f8-7a994af8c84a@group-5E7A11E15B06->a26a9f1d-c528-4494-83e5-475827f7720e-GrpcLogAppender: appendEntries Timeout, request=a1036450-74c2-4405-b4f8-7a994af8c84a->a26a9f1d-c528-4494-83e5-475827f7720e#31-t2, previous=(t:2, i:10), leaderCommit=10, initializing? false, entries: <empty>
2019-10-21 22:01:38,625 [EventQueue-ContainerReportForContainerReportHandler] WARN  container.ContainerReportHandler (AbstractContainerReportHandler.java:updateContainerState(145)) - Container #1 is in OPEN state, but the datanode 95d3bce6-5996-460d-8578-b7f952c18b9c{ip: 192.168.69.92, host: pr-hdds-2240-577ml-2645996955, networkLocation: /default-rack, certSerialId: null} reports an CLOSED replica.
2019-10-21 22:01:38,725 [EventQueue-ContainerReportForContainerReportHandler] WARN  container.ContainerReportHandler (AbstractContainerReportHandler.java:updateContainerState(145)) - Container #1 is in OPEN state, but the datanode a1036450-74c2-4405-b4f8-7a994af8c84a{ip: 192.168.69.92, host: pr-hdds-2240-577ml-2645996955, networkLocation: /default-rack, certSerialId: null} reports an CLOSED replica.
2019-10-21 22:01:38,824 [EventQueue-ContainerReportForContainerReportHandler] WARN  container.ContainerReportHandler (AbstractContainerReportHandler.java:updateContainerState(145)) - Container #1 is in OPEN state, but the datanode 95d3bce6-5996-460d-8578-b7f952c18b9c{ip: 192.168.69.92, host: pr-hdds-2240-577ml-2645996955, networkLocation: /default-rack, certSerialId: null} reports an CLOSED replica.
2019-10-21 22:01:38,908 [BlockDeletingService#2] WARN  background.BlockDeletingService (BlockDeletingService.java:isDeletionAllowed(187)) - Close Container log Index 6 is not replicated across allthe servers in the pipeline 14fb49ee-5d81-4c1e-bb69-5e7a11e15b06 as the min replicated index is 4. Deletion is not allowed in this container yet.
2019-10-21 22:01:38,908 [BlockDeletingService#2] WARN  background.BlockDeletingService (BlockDeletingService.java:isDeletionAllowed(187)) - Close Container log Index 6 is not replicated across allthe servers in the pipeline 14fb49ee-5d81-4c1e-bb69-5e7a11e15b06 as the min replicated index is 4. Deletion is not allowed in this container yet.
2019-10-21 22:01:39,022 [EventQueue-ContainerReportForContainerReportHandler] WARN  container.ContainerReportHandler (AbstractContainerReportHandler.java:updateContainerState(145)) - Container #1 is in OPEN state, but the datanode 95d3bce6-5996-460d-8578-b7f952c18b9c{ip: 192.168.69.92, host: pr-hdds-2240-577ml-2645996955, networkLocation: /default-rack, certSerialId: null} reports an CLOSED replica.
2019-10-21 22:01:39,127 [EventQueue-ContainerReportForContainerReportHandler] WARN  container.ContainerReportHandler (AbstractContainerReportHandler.java:updateContainerState(145)) - Container #1 is in OPEN state, but the datanode a1036450-74c2-4405-b4f8-7a994af8c84a{ip: 192.168.69.92, host: pr-hdds-2240-577ml-2645996955, networkLocation: /default-rack, certSerialId: null} reports an CLOSED replica.
2019-10-21 22:01:39,322 [EventQueue-ContainerReportForContainerReportHandler] WARN  container.ContainerReportHandler (AbstractContainerReportHandler.java:updateContainerState(145)) - Container #1 is in OPEN state, but the datanode 95d3bce6-5996-460d-8578-b7f952c18b9c{ip: 192.168.69.92, host: pr-hdds-2240-577ml-2645996955, networkLocation: /default-rack, certSerialId: null} reports an CLOSED replica.
2019-10-21 22:01:39,426 [EventQueue-ContainerReportForContainerReportHandler] WARN  container.ContainerReportHandler (AbstractContainerReportHandler.java:updateContainerState(145)) - Container #1 is in OPEN state, but the datanode a1036450-74c2-4405-b4f8-7a994af8c84a{ip: 192.168.69.92, host: pr-hdds-2240-577ml-2645996955, networkLocation: /default-rack, certSerialId: null} reports an CLOSED replica.
2019-10-21 22:01:39,623 [EventQueue-ContainerReportForContainerReportHandler] WARN  container.ContainerReportHandler (AbstractContainerReportHandler.java:updateContainerState(145)) - Container #1 is in OPEN state, but the datanode 95d3bce6-5996-460d-8578-b7f952c18b9c{ip: 192.168.69.92, host: pr-hdds-2240-577ml-2645996955, networkLocation: /default-rack, certSerialId: null} reports an CLOSED replica.
2019-10-21 22:01:39,727 [EventQueue-ContainerReportForContainerReportHandler] WARN  container.ContainerReportHandler (AbstractContainerReportHandler.java:updateContainerState(145)) - Container #1 is in OPEN state, but the datanode a1036450-74c2-4405-b4f8-7a994af8c84a{ip: 192.168.69.92, host: pr-hdds-2240-577ml-2645996955, networkLocation: /default-rack, certSerialId: null} reports an CLOSED replica.
2019-10-21 22:01:39,822 [EventQueue-ContainerReportForContainerReportHandler] WARN  container.ContainerReportHandler (AbstractContainerReportHandler.java:updateContainerState(145)) - Container #1 is in OPEN state, but the datanode 95d3bce6-5996-460d-8578-b7f952c18b9c{ip: 192.168.69.92, host: pr-hdds-2240-577ml-2645996955, networkLocation: /default-rack, certSerialId: null} reports an CLOSED replica.
2019-10-21 22:01:39,910 [BlockDeletingService#2] WARN  background.BlockDeletingService (BlockDeletingService.java:isDeletionAllowed(187)) - Close Container log Index 6 is not replicated across allthe servers in the pipeline 14fb49ee-5d81-4c1e-bb69-5e7a11e15b06 as the min replicated index is 4. Deletion is not allowed in this container yet.
2019-10-21 22:01:39,910 [BlockDeletingService#2] WARN  background.BlockDeletingService (BlockDeletingService.java:isDeletionAllowed(187)) - Close Container log Index 6 is not replicated across allthe servers in the pipeline 14fb49ee-5d81-4c1e-bb69-5e7a11e15b06 as the min replicated index is 4. Deletion is not allowed in this container yet.
2019-10-21 22:01:40,028 [EventQueue-ContainerReportForContainerReportHandler] WARN  container.ContainerReportHandler (AbstractContainerReportHandler.java:updateContainerState(145)) - Container #1 is in OPEN state, but the datanode a1036450-74c2-4405-b4f8-7a994af8c84a{ip: 192.168.69.92, host: pr-hdds-2240-577ml-2645996955, networkLocation: /default-rack, certSerialId: null} reports an CLOSED replica.
2019-10-21 22:01:40,123 [EventQueue-ContainerReportForContainerReportHandler] WARN  container.ContainerReportHandler (AbstractContainerReportHandler.java:updateContainerState(145)) - Container #1 is in OPEN state, but the datanode 95d3bce6-5996-460d-8578-b7f952c18b9c{ip: 192.168.69.92, host: pr-hdds-2240-577ml-2645996955, networkLocation: /default-rack, certSerialId: null} reports an CLOSED replica.
2019-10-21 22:01:40,428 [EventQueue-ContainerReportForContainerReportHandler] WARN  container.ContainerReportHandler (AbstractContainerReportHandler.java:updateContainerState(145)) - Container #1 is in OPEN state, but the datanode a1036450-74c2-4405-b4f8-7a994af8c84a{ip: 192.168.69.92, host: pr-hdds-2240-577ml-2645996955, networkLocation: /default-rack, certSerialId: null} reports an CLOSED replica.
2019-10-21 22:01:40,523 [EventQueue-ContainerReportForContainerReportHandler] WARN  container.ContainerReportHandler (AbstractContainerReportHandler.java:updateContainerState(145)) - Container #1 is in OPEN state, but the datanode 95d3bce6-5996-460d-8578-b7f952c18b9c{ip: 192.168.69.92, host: pr-hdds-2240-577ml-2645996955, networkLocation: /default-rack, certSerialId: null} reports an CLOSED replica.
2019-10-21 22:01:40,724 [EventQueue-ContainerReportForContainerReportHandler] WARN  container.ContainerReportHandler (AbstractContainerReportHandler.java:updateContainerState(145)) - Container #1 is in OPEN state, but the datanode 95d3bce6-5996-460d-8578-b7f952c18b9c{ip: 192.168.69.92, host: pr-hdds-2240-577ml-2645996955, networkLocation: /default-rack, certSerialId: null} reports an CLOSED replica.
2019-10-21 22:01:40,828 [EventQueue-ContainerReportForContainerReportHandler] WARN  container.ContainerReportHandler (AbstractContainerReportHandler.java:updateContainerState(145)) - Container #1 is in OPEN state, but the datanode a1036450-74c2-4405-b4f8-7a994af8c84a{ip: 192.168.69.92, host: pr-hdds-2240-577ml-2645996955, networkLocation: /default-rack, certSerialId: null} reports an CLOSED replica.
2019-10-21 22:01:40,911 [BlockDeletingService#2] WARN  background.BlockDeletingService (BlockDeletingService.java:isDeletionAllowed(187)) - Close Container log Index 6 is not replicated across allthe servers in the pipeline 14fb49ee-5d81-4c1e-bb69-5e7a11e15b06 as the min replicated index is 4. Deletion is not allowed in this container yet.
2019-10-21 22:01:40,911 [BlockDeletingService#2] WARN  background.BlockDeletingService (BlockDeletingService.java:isDeletionAllowed(187)) - Close Container log Index 6 is not replicated across allthe servers in the pipeline 14fb49ee-5d81-4c1e-bb69-5e7a11e15b06 as the min replicated index is 4. Deletion is not allowed in this container yet.
2019-10-21 22:01:41,023 [EventQueue-ContainerReportForContainerReportHandler] WARN  container.ContainerReportHandler (AbstractContainerReportHandler.java:updateContainerState(145)) - Container #1 is in OPEN state, but the datanode 95d3bce6-5996-460d-8578-b7f952c18b9c{ip: 192.168.69.92, host: pr-hdds-2240-577ml-2645996955, networkLocation: /default-rack, certSerialId: null} reports an CLOSED replica.
2019-10-21 22:01:41,038 [java.util.concurrent.ThreadPoolExecutor$Worker@29bacf4c[State = -1, empty queue]] WARN  server.GrpcLogAppender (GrpcLogAppender.java:timeoutAppendRequest(209)) - a1036450-74c2-4405-b4f8-7a994af8c84a@group-5E7A11E15B06->a26a9f1d-c528-4494-83e5-475827f7720e-GrpcLogAppender: appendEntries Timeout, request=a1036450-74c2-4405-b4f8-7a994af8c84a->a26a9f1d-c528-4494-83e5-475827f7720e#32-t2, previous=(t:2, i:10), leaderCommit=10, initializing? false, entries: <empty>
2019-10-21 22:01:41,129 [EventQueue-ContainerReportForContainerReportHandler] WARN  container.ContainerReportHandler (AbstractContainerReportHandler.java:updateContainerState(145)) - Container #1 is in OPEN state, but the datanode a1036450-74c2-4405-b4f8-7a994af8c84a{ip: 192.168.69.92, host: pr-hdds-2240-577ml-2645996955, networkLocation: /default-rack, certSerialId: null} reports an CLOSED replica.
2019-10-21 22:01:41,326 [EventQueue-ContainerReportForContainerReportHandler] WARN  container.ContainerReportHandler (AbstractContainerReportHandler.java:updateContainerState(145)) - Container #1 is in OPEN state, but the datanode 95d3bce6-5996-460d-8578-b7f952c18b9c{ip: 192.168.69.92, host: pr-hdds-2240-577ml-2645996955, networkLocation: /default-rack, certSerialId: null} reports an CLOSED replica.
2019-10-21 22:01:41,430 [EventQueue-ContainerReportForContainerReportHandler] WARN  container.ContainerReportHandler (AbstractContainerReportHandler.java:updateContainerState(145)) - Container #1 is in OPEN state, but the datanode a1036450-74c2-4405-b4f8-7a994af8c84a{ip: 192.168.69.92, host: pr-hdds-2240-577ml-2645996955, networkLocation: /default-rack, certSerialId: null} reports an CLOSED replica.
2019-10-21 22:01:41,629 [EventQueue-ContainerReportForContainerReportHandler] WARN  container.ContainerReportHandler (AbstractContainerReportHandler.java:updateContainerState(145)) - Container #1 is in OPEN state, but the datanode a1036450-74c2-4405-b4f8-7a994af8c84a{ip: 192.168.69.92, host: pr-hdds-2240-577ml-2645996955, networkLocation: /default-rack, certSerialId: null} reports an CLOSED replica.
2019-10-21 22:01:41,724 [EventQueue-ContainerReportForContainerReportHandler] WARN  container.ContainerReportHandler (AbstractContainerReportHandler.java:updateContainerState(145)) - Container #1 is in OPEN state, but the datanode 95d3bce6-5996-460d-8578-b7f952c18b9c{ip: 192.168.69.92, host: pr-hdds-2240-577ml-2645996955, networkLocation: /default-rack, certSerialId: null} reports an CLOSED replica.
2019-10-21 22:01:41,914 [BlockDeletingService#2] WARN  background.BlockDeletingService (BlockDeletingService.java:isDeletionAllowed(187)) - Close Container log Index 6 is not replicated across allthe servers in the pipeline 14fb49ee-5d81-4c1e-bb69-5e7a11e15b06 as the min replicated index is 4. Deletion is not allowed in this container yet.
2019-10-21 22:01:41,914 [BlockDeletingService#2] WARN  background.BlockDeletingService (BlockDeletingService.java:isDeletionAllowed(187)) - Close Container log Index 6 is not replicated across allthe servers in the pipeline 14fb49ee-5d81-4c1e-bb69-5e7a11e15b06 as the min replicated index is 4. Deletion is not allowed in this container yet.
2019-10-21 22:01:42,027 [EventQueue-ContainerReportForContainerReportHandler] WARN  container.ContainerReportHandler (AbstractContainerReportHandler.java:updateContainerState(145)) - Container #1 is in OPEN state, but the datanode 95d3bce6-5996-460d-8578-b7f952c18b9c{ip: 192.168.69.92, host: pr-hdds-2240-577ml-2645996955, networkLocation: /default-rack, certSerialId: null} reports an CLOSED replica.
2019-10-21 22:01:42,029 [EventQueue-ContainerReportForContainerReportHandler] WARN  container.ContainerReportHandler (AbstractContainerReportHandler.java:updateContainerState(145)) - Container #1 is in OPEN state, but the datanode a1036450-74c2-4405-b4f8-7a994af8c84a{ip: 192.168.69.92, host: pr-hdds-2240-577ml-2645996955, networkLocation: /default-rack, certSerialId: null} reports an CLOSED replica.
2019-10-21 22:01:42,325 [EventQueue-ContainerReportForContainerReportHandler] WARN  container.ContainerReportHandler (AbstractContainerReportHandler.java:updateContainerState(145)) - Container #1 is in OPEN state, but the datanode 95d3bce6-5996-460d-8578-b7f952c18b9c{ip: 192.168.69.92, host: pr-hdds-2240-577ml-2645996955, networkLocation: /default-rack, certSerialId: null} reports an CLOSED replica.
2019-10-21 22:01:42,429 [EventQueue-ContainerReportForContainerReportHandler] WARN  container.ContainerReportHandler (AbstractContainerReportHandler.java:updateContainerState(145)) - Container #1 is in OPEN state, but the datanode a1036450-74c2-4405-b4f8-7a994af8c84a{ip: 192.168.69.92, host: pr-hdds-2240-577ml-2645996955, networkLocation: /default-rack, certSerialId: null} reports an CLOSED replica.
2019-10-21 22:01:42,625 [EventQueue-ContainerReportForContainerReportHandler] WARN  container.ContainerReportHandler (AbstractContainerReportHandler.java:updateContainerState(145)) - Container #1 is in OPEN state, but the datanode 95d3bce6-5996-460d-8578-b7f952c18b9c{ip: 192.168.69.92, host: pr-hdds-2240-577ml-2645996955, networkLocation: /default-rack, certSerialId: null} reports an CLOSED replica.
2019-10-21 22:01:42,629 [EventQueue-ContainerReportForContainerReportHandler] WARN  container.ContainerReportHandler (AbstractContainerReportHandler.java:updateContainerState(145)) - Container #1 is in OPEN state, but the datanode a1036450-74c2-4405-b4f8-7a994af8c84a{ip: 192.168.69.92, host: pr-hdds-2240-577ml-2645996955, networkLocation: /default-rack, certSerialId: null} reports an CLOSED replica.
2019-10-21 22:01:42,916 [BlockDeletingService#2] WARN  background.BlockDeletingService (BlockDeletingService.java:isDeletionAllowed(187)) - Close Container log Index 6 is not replicated across allthe servers in the pipeline 14fb49ee-5d81-4c1e-bb69-5e7a11e15b06 as the min replicated index is 4. Deletion is not allowed in this container yet.
2019-10-21 22:01:42,916 [BlockDeletingService#2] WARN  background.BlockDeletingService (BlockDeletingService.java:isDeletionAllowed(187)) - Close Container log Index 6 is not replicated across allthe servers in the pipeline 14fb49ee-5d81-4c1e-bb69-5e7a11e15b06 as the min replicated index is 4. Deletion is not allowed in this container yet.
2019-10-21 22:01:42,925 [EventQueue-ContainerReportForContainerReportHandler] WARN  container.ContainerReportHandler (AbstractContainerReportHandler.java:updateContainerState(145)) - Container #1 is in OPEN state, but the datanode 95d3bce6-5996-460d-8578-b7f952c18b9c{ip: 192.168.69.92, host: pr-hdds-2240-577ml-2645996955, networkLocation: /default-rack, certSerialId: null} reports an CLOSED replica.
2019-10-21 22:01:43,029 [EventQueue-ContainerReportForContainerReportHandler] WARN  container.ContainerReportHandler (AbstractContainerReportHandler.java:updateContainerState(145)) - Container #1 is in OPEN state, but the datanode a1036450-74c2-4405-b4f8-7a994af8c84a{ip: 192.168.69.92, host: pr-hdds-2240-577ml-2645996955, networkLocation: /default-rack, certSerialId: null} reports an CLOSED replica.
2019-10-21 22:01:43,225 [EventQueue-ContainerReportForContainerReportHandler] WARN  container.ContainerReportHandler (AbstractContainerReportHandler.java:updateContainerState(145)) - Container #1 is in OPEN state, but the datanode 95d3bce6-5996-460d-8578-b7f952c18b9c{ip: 192.168.69.92, host: pr-hdds-2240-577ml-2645996955, networkLocation: /default-rack, certSerialId: null} reports an CLOSED replica.
2019-10-21 22:01:43,329 [EventQueue-ContainerReportForContainerReportHandler] WARN  container.ContainerReportHandler (AbstractContainerReportHandler.java:updateContainerState(145)) - Container #1 is in OPEN state, but the datanode a1036450-74c2-4405-b4f8-7a994af8c84a{ip: 192.168.69.92, host: pr-hdds-2240-577ml-2645996955, networkLocation: /default-rack, certSerialId: null} reports an CLOSED replica.
2019-10-21 22:01:43,527 [EventQueue-ContainerReportForContainerReportHandler] WARN  container.ContainerReportHandler (AbstractContainerReportHandler.java:updateContainerState(145)) - Container #1 is in OPEN state, but the datanode 95d3bce6-5996-460d-8578-b7f952c18b9c{ip: 192.168.69.92, host: pr-hdds-2240-577ml-2645996955, networkLocation: /default-rack, certSerialId: null} reports an CLOSED replica.
2019-10-21 22:01:43,539 [java.util.concurrent.ThreadPoolExecutor$Worker@29bacf4c[State = -1, empty queue]] WARN  server.GrpcLogAppender (GrpcLogAppender.java:timeoutAppendRequest(209)) - a1036450-74c2-4405-b4f8-7a994af8c84a@group-5E7A11E15B06->a26a9f1d-c528-4494-83e5-475827f7720e-GrpcLogAppender: appendEntries Timeout, request=a1036450-74c2-4405-b4f8-7a994af8c84a->a26a9f1d-c528-4494-83e5-475827f7720e#33-t2, previous=(t:2, i:10), leaderCommit=10, initializing? false, entries: <empty>
2019-10-21 22:01:43,729 [EventQueue-ContainerReportForContainerReportHandler] WARN  container.ContainerReportHandler (AbstractContainerReportHandler.java:updateContainerState(145)) - Container #1 is in OPEN state, but the datanode a1036450-74c2-4405-b4f8-7a994af8c84a{ip: 192.168.69.92, host: pr-hdds-2240-577ml-2645996955, networkLocation: /default-rack, certSerialId: null} reports an CLOSED replica.
2019-10-21 22:01:43,918 [BlockDeletingService#2] WARN  background.BlockDeletingService (BlockDeletingService.java:isDeletionAllowed(187)) - Close Container log Index 6 is not replicated across allthe servers in the pipeline 14fb49ee-5d81-4c1e-bb69-5e7a11e15b06 as the min replicated index is 4. Deletion is not allowed in this container yet.
2019-10-21 22:01:43,919 [BlockDeletingService#2] WARN  background.BlockDeletingService (BlockDeletingService.java:isDeletionAllowed(187)) - Close Container log Index 6 is not replicated across allthe servers in the pipeline 14fb49ee-5d81-4c1e-bb69-5e7a11e15b06 as the min replicated index is 4. Deletion is not allowed in this container yet.
2019-10-21 22:01:43,928 [EventQueue-ContainerReportForContainerReportHandler] WARN  container.ContainerReportHandler (AbstractContainerReportHandler.java:updateContainerState(145)) - Container #1 is in OPEN state, but the datanode 95d3bce6-5996-460d-8578-b7f952c18b9c{ip: 192.168.69.92, host: pr-hdds-2240-577ml-2645996955, networkLocation: /default-rack, certSerialId: null} reports an CLOSED replica.
2019-10-21 22:01:44,029 [EventQueue-ContainerReportForContainerReportHandler] WARN  container.ContainerReportHandler (AbstractContainerReportHandler.java:updateContainerState(145)) - Container #1 is in OPEN state, but the datanode a1036450-74c2-4405-b4f8-7a994af8c84a{ip: 192.168.69.92, host: pr-hdds-2240-577ml-2645996955, networkLocation: /default-rack, certSerialId: null} reports an CLOSED replica.
2019-10-21 22:01:44,128 [EventQueue-ContainerReportForContainerReportHandler] WARN  container.ContainerReportHandler (AbstractContainerReportHandler.java:updateContainerState(145)) - Container #1 is in OPEN state, but the datanode 95d3bce6-5996-460d-8578-b7f952c18b9c{ip: 192.168.69.92, host: pr-hdds-2240-577ml-2645996955, networkLocation: /default-rack, certSerialId: null} reports an CLOSED replica.
2019-10-21 22:01:44,329 [EventQueue-ContainerReportForContainerReportHandler] WARN  container.ContainerReportHandler (AbstractContainerReportHandler.java:updateContainerState(145)) - Container #1 is in OPEN state, but the datanode a1036450-74c2-4405-b4f8-7a994af8c84a{ip: 192.168.69.92, host: pr-hdds-2240-577ml-2645996955, networkLocation: /default-rack, certSerialId: null} reports an CLOSED replica.
2019-10-21 22:01:44,429 [EventQueue-ContainerReportForContainerReportHandler] WARN  container.ContainerReportHandler (AbstractContainerReportHandler.java:updateContainerState(145)) - Container #1 is in OPEN state, but the datanode 95d3bce6-5996-460d-8578-b7f952c18b9c{ip: 192.168.69.92, host: pr-hdds-2240-577ml-2645996955, networkLocation: /default-rack, certSerialId: null} reports an CLOSED replica.
2019-10-21 22:01:44,629 [EventQueue-ContainerReportForContainerReportHandler] WARN  container.ContainerReportHandler (AbstractContainerReportHandler.java:updateContainerState(145)) - Container #1 is in OPEN state, but the datanode a1036450-74c2-4405-b4f8-7a994af8c84a{ip: 192.168.69.92, host: pr-hdds-2240-577ml-2645996955, networkLocation: /default-rack, certSerialId: null} reports an CLOSED replica.
2019-10-21 22:01:44,729 [EventQueue-ContainerReportForContainerReportHandler] WARN  container.ContainerReportHandler (AbstractContainerReportHandler.java:updateContainerState(145)) - Container #1 is in OPEN state, but the datanode 95d3bce6-5996-460d-8578-b7f952c18b9c{ip: 192.168.69.92, host: pr-hdds-2240-577ml-2645996955, networkLocation: /default-rack, certSerialId: null} reports an CLOSED replica.
2019-10-21 22:01:44,920 [BlockDeletingService#2] WARN  background.BlockDeletingService (BlockDeletingService.java:isDeletionAllowed(187)) - Close Container log Index 6 is not replicated across allthe servers in the pipeline 14fb49ee-5d81-4c1e-bb69-5e7a11e15b06 as the min replicated index is 4. Deletion is not allowed in this container yet.
2019-10-21 22:01:44,920 [BlockDeletingService#2] WARN  background.BlockDeletingService (BlockDeletingService.java:isDeletionAllowed(187)) - Close Container log Index 6 is not replicated across allthe servers in the pipeline 14fb49ee-5d81-4c1e-bb69-5e7a11e15b06 as the min replicated index is 4. Deletion is not allowed in this container yet.
2019-10-21 22:01:44,930 [EventQueue-ContainerReportForContainerReportHandler] WARN  container.ContainerReportHandler (AbstractContainerReportHandler.java:updateContainerState(145)) - Container #1 is in OPEN state, but the datanode a1036450-74c2-4405-b4f8-7a994af8c84a{ip: 192.168.69.92, host: pr-hdds-2240-577ml-2645996955, networkLocation: /default-rack, certSerialId: null} reports an CLOSED replica.
2019-10-21 22:01:45,030 [EventQueue-ContainerReportForContainerReportHandler] WARN  container.ContainerReportHandler (AbstractContainerReportHandler.java:updateContainerState(145)) - Container #1 is in OPEN state, but the datanode 95d3bce6-5996-460d-8578-b7f952c18b9c{ip: 192.168.69.92, host: pr-hdds-2240-577ml-2645996955, networkLocation: /default-rack, certSerialId: null} reports an CLOSED replica.
2019-10-21 22:01:45,130 [EventQueue-ContainerReportForContainerReportHandler] WARN  container.ContainerReportHandler (AbstractContainerReportHandler.java:updateContainerState(145)) - Container #1 is in OPEN state, but the datanode a1036450-74c2-4405-b4f8-7a994af8c84a{ip: 192.168.69.92, host: pr-hdds-2240-577ml-2645996955, networkLocation: /default-rack, certSerialId: null} reports an CLOSED replica.
2019-10-21 22:01:45,430 [EventQueue-ContainerReportForContainerReportHandler] WARN  container.ContainerReportHandler (AbstractContainerReportHandler.java:updateContainerState(145)) - Container #1 is in OPEN state, but the datanode a1036450-74c2-4405-b4f8-7a994af8c84a{ip: 192.168.69.92, host: pr-hdds-2240-577ml-2645996955, networkLocation: /default-rack, certSerialId: null} reports an CLOSED replica.
2019-10-21 22:01:45,431 [EventQueue-ContainerReportForContainerReportHandler] WARN  container.ContainerReportHandler (AbstractContainerReportHandler.java:updateContainerState(145)) - Container #1 is in OPEN state, but the datanode 95d3bce6-5996-460d-8578-b7f952c18b9c{ip: 192.168.69.92, host: pr-hdds-2240-577ml-2645996955, networkLocation: /default-rack, certSerialId: null} reports an CLOSED replica.
2019-10-21 22:01:45,631 [EventQueue-ContainerReportForContainerReportHandler] WARN  container.ContainerReportHandler (AbstractContainerReportHandler.java:updateContainerState(145)) - Container #1 is in OPEN state, but the datanode a1036450-74c2-4405-b4f8-7a994af8c84a{ip: 192.168.69.92, host: pr-hdds-2240-577ml-2645996955, networkLocation: /default-rack, certSerialId: null} reports an CLOSED replica.
2019-10-21 22:01:45,732 [EventQueue-ContainerReportForContainerReportHandler] WARN  container.ContainerReportHandler (AbstractContainerReportHandler.java:updateContainerState(145)) - Container #1 is in OPEN state, but the datanode 95d3bce6-5996-460d-8578-b7f952c18b9c{ip: 192.168.69.92, host: pr-hdds-2240-577ml-2645996955, networkLocation: /default-rack, certSerialId: null} reports an CLOSED replica.
2019-10-21 22:01:45,921 [BlockDeletingService#2] WARN  background.BlockDeletingService (BlockDeletingService.java:isDeletionAllowed(187)) - Close Container log Index 6 is not replicated across allthe servers in the pipeline 14fb49ee-5d81-4c1e-bb69-5e7a11e15b06 as the min replicated index is 4. Deletion is not allowed in this container yet.
2019-10-21 22:01:45,921 [BlockDeletingService#2] WARN  background.BlockDeletingService (BlockDeletingService.java:isDeletionAllowed(187)) - Close Container log Index 6 is not replicated across allthe servers in the pipeline 14fb49ee-5d81-4c1e-bb69-5e7a11e15b06 as the min replicated index is 4. Deletion is not allowed in this container yet.
2019-10-21 22:01:45,930 [EventQueue-ContainerReportForContainerReportHandler] WARN  container.ContainerReportHandler (AbstractContainerReportHandler.java:updateContainerState(145)) - Container #1 is in OPEN state, but the datanode a1036450-74c2-4405-b4f8-7a994af8c84a{ip: 192.168.69.92, host: pr-hdds-2240-577ml-2645996955, networkLocation: /default-rack, certSerialId: null} reports an CLOSED replica.
2019-10-21 22:01:46,041 [java.util.concurrent.ThreadPoolExecutor$Worker@29bacf4c[State = -1, empty queue]] WARN  server.GrpcLogAppender (GrpcLogAppender.java:timeoutAppendRequest(209)) - a1036450-74c2-4405-b4f8-7a994af8c84a@group-5E7A11E15B06->a26a9f1d-c528-4494-83e5-475827f7720e-GrpcLogAppender: appendEntries Timeout, request=a1036450-74c2-4405-b4f8-7a994af8c84a->a26a9f1d-c528-4494-83e5-475827f7720e#34-t2, previous=(t:2, i:10), leaderCommit=10, initializing? false, entries: <empty>
2019-10-21 22:01:46,132 [EventQueue-ContainerReportForContainerReportHandler] WARN  container.ContainerReportHandler (AbstractContainerReportHandler.java:updateContainerState(145)) - Container #1 is in OPEN state, but the datanode 95d3bce6-5996-460d-8578-b7f952c18b9c{ip: 192.168.69.92, host: pr-hdds-2240-577ml-2645996955, networkLocation: /default-rack, certSerialId: null} reports an CLOSED replica.
2019-10-21 22:01:46,330 [EventQueue-ContainerReportForContainerReportHandler] WARN  container.ContainerReportHandler (AbstractContainerReportHandler.java:updateContainerState(145)) - Container #1 is in OPEN state, but the datanode a1036450-74c2-4405-b4f8-7a994af8c84a{ip: 192.168.69.92, host: pr-hdds-2240-577ml-2645996955, networkLocation: /default-rack, certSerialId: null} reports an CLOSED replica.
2019-10-21 22:01:46,433 [EventQueue-ContainerReportForContainerReportHandler] WARN  container.ContainerReportHandler (AbstractContainerReportHandler.java:updateContainerState(145)) - Container #1 is in OPEN state, but the datanode 95d3bce6-5996-460d-8578-b7f952c18b9c{ip: 192.168.69.92, host: pr-hdds-2240-577ml-2645996955, networkLocation: /default-rack, certSerialId: null} reports an CLOSED replica.
2019-10-21 22:01:46,531 [EventQueue-ContainerReportForContainerReportHandler] WARN  container.ContainerReportHandler (AbstractContainerReportHandler.java:updateContainerState(145)) - Container #1 is in OPEN state, but the datanode a1036450-74c2-4405-b4f8-7a994af8c84a{ip: 192.168.69.92, host: pr-hdds-2240-577ml-2645996955, networkLocation: /default-rack, certSerialId: null} reports an CLOSED replica.
2019-10-21 22:01:46,831 [EventQueue-ContainerReportForContainerReportHandler] WARN  container.ContainerReportHandler (AbstractContainerReportHandler.java:updateContainerState(145)) - Container #1 is in OPEN state, but the datanode a1036450-74c2-4405-b4f8-7a994af8c84a{ip: 192.168.69.92, host: pr-hdds-2240-577ml-2645996955, networkLocation: /default-rack, certSerialId: null} reports an CLOSED replica.
2019-10-21 22:01:46,833 [EventQueue-ContainerReportForContainerReportHandler] WARN  container.ContainerReportHandler (AbstractContainerReportHandler.java:updateContainerState(145)) - Container #1 is in OPEN state, but the datanode 95d3bce6-5996-460d-8578-b7f952c18b9c{ip: 192.168.69.92, host: pr-hdds-2240-577ml-2645996955, networkLocation: /default-rack, certSerialId: null} reports an CLOSED replica.
2019-10-21 22:01:46,923 [BlockDeletingService#2] WARN  background.BlockDeletingService (BlockDeletingService.java:isDeletionAllowed(187)) - Close Container log Index 6 is not replicated across allthe servers in the pipeline 14fb49ee-5d81-4c1e-bb69-5e7a11e15b06 as the min replicated index is 4. Deletion is not allowed in this container yet.
2019-10-21 22:01:46,923 [BlockDeletingService#2] WARN  background.BlockDeletingService (BlockDeletingService.java:isDeletionAllowed(187)) - Close Container log Index 6 is not replicated across allthe servers in the pipeline 14fb49ee-5d81-4c1e-bb69-5e7a11e15b06 as the min replicated index is 4. Deletion is not allowed in this container yet.
2019-10-21 22:01:47,131 [EventQueue-ContainerReportForContainerReportHandler] WARN  container.ContainerReportHandler (AbstractContainerReportHandler.java:updateContainerState(145)) - Container #1 is in OPEN state, but the datanode a1036450-74c2-4405-b4f8-7a994af8c84a{ip: 192.168.69.92, host: pr-hdds-2240-577ml-2645996955, networkLocation: /default-rack, certSerialId: null} reports an CLOSED replica.
2019-10-21 22:01:47,234 [EventQueue-ContainerReportForContainerReportHandler] WARN  container.ContainerReportHandler (AbstractContainerReportHandler.java:updateContainerState(145)) - Container #1 is in OPEN state, but the datanode 95d3bce6-5996-460d-8578-b7f952c18b9c{ip: 192.168.69.92, host: pr-hdds-2240-577ml-2645996955, networkLocation: /default-rack, certSerialId: null} reports an CLOSED replica.
2019-10-21 22:01:47,431 [EventQueue-ContainerReportForContainerReportHandler] WARN  container.ContainerReportHandler (AbstractContainerReportHandler.java:updateContainerState(145)) - Container #1 is in OPEN state, but the datanode a1036450-74c2-4405-b4f8-7a994af8c84a{ip: 192.168.69.92, host: pr-hdds-2240-577ml-2645996955, networkLocation: /default-rack, certSerialId: null} reports an CLOSED replica.
2019-10-21 22:01:47,634 [EventQueue-ContainerReportForContainerReportHandler] WARN  container.ContainerReportHandler (AbstractContainerReportHandler.java:updateContainerState(145)) - Container #1 is in OPEN state, but the datanode 95d3bce6-5996-460d-8578-b7f952c18b9c{ip: 192.168.69.92, host: pr-hdds-2240-577ml-2645996955, networkLocation: /default-rack, certSerialId: null} reports an CLOSED replica.
2019-10-21 22:01:47,640 [Thread-408] INFO  client.GrpcClientProtocolService (GrpcClientProtocolService.java:lambda$processClientRequest$0(278)) - Failed RaftClientRequest:client-91F2DA33FCFF->95d3bce6-5996-460d-8578-b7f952c18b9c@group-5E7A11E15B06, cid=10, seq=0, Watch-ALL_COMMITTED(6), Message:<EMPTY>, reply=RaftClientReply:client-91F2DA33FCFF->95d3bce6-5996-460d-8578-b7f952c18b9c@group-5E7A11E15B06, cid=10, FAILED org.apache.ratis.protocol.NotLeaderException: Server 95d3bce6-5996-460d-8578-b7f952c18b9c@group-5E7A11E15B06 is not the leader a1036450-74c2-4405-b4f8-7a994af8c84a:192.168.69.92:36225, logIndex=0, commits[95d3bce6-5996-460d-8578-b7f952c18b9c:c10, a26a9f1d-c528-4494-83e5-475827f7720e:c4, a1036450-74c2-4405-b4f8-7a994af8c84a:c10]
2019-10-21 22:01:47,832 [EventQueue-ContainerReportForContainerReportHandler] WARN  container.ContainerReportHandler (AbstractContainerReportHandler.java:updateContainerState(145)) - Container #1 is in OPEN state, but the datanode a1036450-74c2-4405-b4f8-7a994af8c84a{ip: 192.168.69.92, host: pr-hdds-2240-577ml-2645996955, networkLocation: /default-rack, certSerialId: null} reports an CLOSED replica.
2019-10-21 22:01:47,884 [Thread-411] INFO  client.GrpcClientProtocolService (GrpcClientProtocolService.java:lambda$processClientRequest$0(278)) - Failed RaftClientRequest:client-91F2DA33FCFF->a1036450-74c2-4405-b4f8-7a994af8c84a@group-5E7A11E15B06, cid=10, seq=0, Watch-ALL_COMMITTED(6), Message:<EMPTY>, reply=RaftClientReply:client-91F2DA33FCFF->a1036450-74c2-4405-b4f8-7a994af8c84a@group-5E7A11E15B06, cid=10, FAILED org.apache.ratis.protocol.NotReplicatedException: Request with call Id 10 and log index 6 is not yet replicated to ALL_COMMITTED, logIndex=6, commits[a1036450-74c2-4405-b4f8-7a994af8c84a:c10, a26a9f1d-c528-4494-83e5-475827f7720e:c4, 95d3bce6-5996-460d-8578-b7f952c18b9c:c10]
2019-10-21 22:01:47,924 [BlockDeletingService#2] WARN  background.BlockDeletingService (BlockDeletingService.java:isDeletionAllowed(187)) - Close Container log Index 6 is not replicated across allthe servers in the pipeline 14fb49ee-5d81-4c1e-bb69-5e7a11e15b06 as the min replicated index is 4. Deletion is not allowed in this container yet.
2019-10-21 22:01:47,924 [BlockDeletingService#2] WARN  background.BlockDeletingService (BlockDeletingService.java:isDeletionAllowed(187)) - Close Container log Index 6 is not replicated across allthe servers in the pipeline 14fb49ee-5d81-4c1e-bb69-5e7a11e15b06 as the min replicated index is 4. Deletion is not allowed in this container yet.
2019-10-21 22:01:47,934 [EventQueue-ContainerReportForContainerReportHandler] WARN  container.ContainerReportHandler (AbstractContainerReportHandler.java:updateContainerState(145)) - Container #1 is in OPEN state, but the datanode 95d3bce6-5996-460d-8578-b7f952c18b9c{ip: 192.168.69.92, host: pr-hdds-2240-577ml-2645996955, networkLocation: /default-rack, certSerialId: null} reports an CLOSED replica.
2019-10-21 22:01:48,032 [EventQueue-ContainerReportForContainerReportHandler] WARN  container.ContainerReportHandler (AbstractContainerReportHandler.java:updateContainerState(145)) - Container #1 is in OPEN state, but the datanode a1036450-74c2-4405-b4f8-7a994af8c84a{ip: 192.168.69.92, host: pr-hdds-2240-577ml-2645996955, networkLocation: /default-rack, certSerialId: null} reports an CLOSED replica.
2019-10-21 22:01:48,232 [EventQueue-ContainerReportForContainerReportHandler] WARN  container.ContainerReportHandler (AbstractContainerReportHandler.java:updateContainerState(145)) - Container #1 is in OPEN state, but the datanode a1036450-74c2-4405-b4f8-7a994af8c84a{ip: 192.168.69.92, host: pr-hdds-2240-577ml-2645996955, networkLocation: /default-rack, certSerialId: null} reports an CLOSED replica.
2019-10-21 22:01:48,233 [EventQueue-ContainerReportForContainerReportHandler] WARN  container.ContainerReportHandler (AbstractContainerReportHandler.java:updateContainerState(145)) - Container #1 is in OPEN state, but the datanode 95d3bce6-5996-460d-8578-b7f952c18b9c{ip: 192.168.69.92, host: pr-hdds-2240-577ml-2645996955, networkLocation: /default-rack, certSerialId: null} reports an CLOSED replica.
2019-10-21 22:01:48,433 [EventQueue-ContainerReportForContainerReportHandler] WARN  container.ContainerReportHandler (AbstractContainerReportHandler.java:updateContainerState(145)) - Container #1 is in OPEN state, but the datanode a1036450-74c2-4405-b4f8-7a994af8c84a{ip: 192.168.69.92, host: pr-hdds-2240-577ml-2645996955, networkLocation: /default-rack, certSerialId: null} reports an CLOSED replica.
2019-10-21 22:01:48,534 [EventQueue-ContainerReportForContainerReportHandler] WARN  container.ContainerReportHandler (AbstractContainerReportHandler.java:updateContainerState(145)) - Container #1 is in OPEN state, but the datanode 95d3bce6-5996-460d-8578-b7f952c18b9c{ip: 192.168.69.92, host: pr-hdds-2240-577ml-2645996955, networkLocation: /default-rack, certSerialId: null} reports an CLOSED replica.
2019-10-21 22:01:48,542 [java.util.concurrent.ThreadPoolExecutor$Worker@29bacf4c[State = -1, empty queue]] WARN  server.GrpcLogAppender (GrpcLogAppender.java:timeoutAppendRequest(209)) - a1036450-74c2-4405-b4f8-7a994af8c84a@group-5E7A11E15B06->a26a9f1d-c528-4494-83e5-475827f7720e-GrpcLogAppender: appendEntries Timeout, request=a1036450-74c2-4405-b4f8-7a994af8c84a->a26a9f1d-c528-4494-83e5-475827f7720e#35-t2, previous=(t:2, i:10), leaderCommit=10, initializing? false, entries: <empty>
2019-10-21 22:01:48,633 [EventQueue-ContainerReportForContainerReportHandler] WARN  container.ContainerReportHandler (AbstractContainerReportHandler.java:updateContainerState(145)) - Container #1 is in OPEN state, but the datanode a1036450-74c2-4405-b4f8-7a994af8c84a{ip: 192.168.69.92, host: pr-hdds-2240-577ml-2645996955, networkLocation: /default-rack, certSerialId: null} reports an CLOSED replica.
2019-10-21 22:01:48,734 [EventQueue-ContainerReportForContainerReportHandler] WARN  container.ContainerReportHandler (AbstractContainerReportHandler.java:updateContainerState(145)) - Container #1 is in OPEN state, but the datanode 95d3bce6-5996-460d-8578-b7f952c18b9c{ip: 192.168.69.92, host: pr-hdds-2240-577ml-2645996955, networkLocation: /default-rack, certSerialId: null} reports an CLOSED replica.
2019-10-21 22:01:48,927 [BlockDeletingService#2] WARN  background.BlockDeletingService (BlockDeletingService.java:isDeletionAllowed(187)) - Close Container log Index 6 is not replicated across allthe servers in the pipeline 14fb49ee-5d81-4c1e-bb69-5e7a11e15b06 as the min replicated index is 4. Deletion is not allowed in this container yet.
2019-10-21 22:01:48,927 [BlockDeletingService#2] WARN  background.BlockDeletingService (BlockDeletingService.java:isDeletionAllowed(187)) - Close Container log Index 6 is not replicated across allthe servers in the pipeline 14fb49ee-5d81-4c1e-bb69-5e7a11e15b06 as the min replicated index is 4. Deletion is not allowed in this container yet.
2019-10-21 22:01:48,935 [EventQueue-ContainerReportForContainerReportHandler] WARN  container.ContainerReportHandler (AbstractContainerReportHandler.java:updateContainerState(145)) - Container #1 is in OPEN state, but the datanode 95d3bce6-5996-460d-8578-b7f952c18b9c{ip: 192.168.69.92, host: pr-hdds-2240-577ml-2645996955, networkLocation: /default-rack, certSerialId: null} reports an CLOSED replica.
2019-10-21 22:01:49,032 [EventQueue-ContainerReportForContainerReportHandler] WARN  container.ContainerReportHandler (AbstractContainerReportHandler.java:updateContainerState(145)) - Container #1 is in OPEN state, but the datanode a1036450-74c2-4405-b4f8-7a994af8c84a{ip: 192.168.69.92, host: pr-hdds-2240-577ml-2645996955, networkLocation: /default-rack, certSerialId: null} reports an CLOSED replica.
2019-10-21 22:01:49,236 [EventQueue-ContainerReportForContainerReportHandler] WARN  container.ContainerReportHandler (AbstractContainerReportHandler.java:updateContainerState(145)) - Container #1 is in OPEN state, but the datanode 95d3bce6-5996-460d-8578-b7f952c18b9c{ip: 192.168.69.92, host: pr-hdds-2240-577ml-2645996955, networkLocation: /default-rack, certSerialId: null} reports an CLOSED replica.
2019-10-21 22:01:49,333 [EventQueue-ContainerReportForContainerReportHandler] WARN  container.ContainerReportHandler (AbstractContainerReportHandler.java:updateContainerState(145)) - Container #1 is in OPEN state, but the datanode a1036450-74c2-4405-b4f8-7a994af8c84a{ip: 192.168.69.92, host: pr-hdds-2240-577ml-2645996955, networkLocation: /default-rack, certSerialId: null} reports an CLOSED replica.
2019-10-21 22:01:49,435 [EventQueue-ContainerReportForContainerReportHandler] WARN  container.ContainerReportHandler (AbstractContainerReportHandler.java:updateContainerState(145)) - Container #1 is in OPEN state, but the datanode 95d3bce6-5996-460d-8578-b7f952c18b9c{ip: 192.168.69.92, host: pr-hdds-2240-577ml-2645996955, networkLocation: /default-rack, certSerialId: null} reports an CLOSED replica.
2019-10-21 22:01:49,532 [EventQueue-ContainerReportForContainerReportHandler] WARN  container.ContainerReportHandler (AbstractContainerReportHandler.java:updateContainerState(145)) - Container #1 is in OPEN state, but the datanode a1036450-74c2-4405-b4f8-7a994af8c84a{ip: 192.168.69.92, host: pr-hdds-2240-577ml-2645996955, networkLocation: /default-rack, certSerialId: null} reports an CLOSED replica.
2019-10-21 22:01:49,735 [EventQueue-ContainerReportForContainerReportHandler] WARN  container.ContainerReportHandler (AbstractContainerReportHandler.java:updateContainerState(145)) - Container #1 is in OPEN state, but the datanode 95d3bce6-5996-460d-8578-b7f952c18b9c{ip: 192.168.69.92, host: pr-hdds-2240-577ml-2645996955, networkLocation: /default-rack, certSerialId: null} reports an CLOSED replica.
2019-10-21 22:01:49,832 [EventQueue-ContainerReportForContainerReportHandler] WARN  container.ContainerReportHandler (AbstractContainerReportHandler.java:updateContainerState(145)) - Container #1 is in OPEN state, but the datanode a1036450-74c2-4405-b4f8-7a994af8c84a{ip: 192.168.69.92, host: pr-hdds-2240-577ml-2645996955, networkLocation: /default-rack, certSerialId: null} reports an CLOSED replica.
2019-10-21 22:01:49,930 [BlockDeletingService#2] WARN  background.BlockDeletingService (BlockDeletingService.java:isDeletionAllowed(187)) - Close Container log Index 6 is not replicated across allthe servers in the pipeline 14fb49ee-5d81-4c1e-bb69-5e7a11e15b06 as the min replicated index is 4. Deletion is not allowed in this container yet.
2019-10-21 22:01:49,930 [BlockDeletingService#2] WARN  background.BlockDeletingService (BlockDeletingService.java:isDeletionAllowed(187)) - Close Container log Index 6 is not replicated across allthe servers in the pipeline 14fb49ee-5d81-4c1e-bb69-5e7a11e15b06 as the min replicated index is 4. Deletion is not allowed in this container yet.
2019-10-21 22:01:50,032 [EventQueue-ContainerReportForContainerReportHandler] WARN  container.ContainerReportHandler (AbstractContainerReportHandler.java:updateContainerState(145)) - Container #1 is in OPEN state, but the datanode a1036450-74c2-4405-b4f8-7a994af8c84a{ip: 192.168.69.92, host: pr-hdds-2240-577ml-2645996955, networkLocation: /default-rack, certSerialId: null} reports an CLOSED replica.
2019-10-21 22:01:50,135 [EventQueue-ContainerReportForContainerReportHandler] WARN  container.ContainerReportHandler (AbstractContainerReportHandler.java:updateContainerState(145)) - Container #1 is in OPEN state, but the datanode 95d3bce6-5996-460d-8578-b7f952c18b9c{ip: 192.168.69.92, host: pr-hdds-2240-577ml-2645996955, networkLocation: /default-rack, certSerialId: null} reports an CLOSED replica.
2019-10-21 22:01:50,434 [EventQueue-ContainerReportForContainerReportHandler] WARN  container.ContainerReportHandler (AbstractContainerReportHandler.java:updateContainerState(145)) - Container #1 is in OPEN state, but the datanode a1036450-74c2-4405-b4f8-7a994af8c84a{ip: 192.168.69.92, host: pr-hdds-2240-577ml-2645996955, networkLocation: /default-rack, certSerialId: null} reports an CLOSED replica.
2019-10-21 22:01:50,435 [EventQueue-ContainerReportForContainerReportHandler] WARN  container.ContainerReportHandler (AbstractContainerReportHandler.java:updateContainerState(145)) - Container #1 is in OPEN state, but the datanode 95d3bce6-5996-460d-8578-b7f952c18b9c{ip: 192.168.69.92, host: pr-hdds-2240-577ml-2645996955, networkLocation: /default-rack, certSerialId: null} reports an CLOSED replica.
2019-10-21 22:01:50,835 [EventQueue-ContainerReportForContainerReportHandler] WARN  container.ContainerReportHandler (AbstractContainerReportHandler.java:updateContainerState(145)) - Container #1 is in OPEN state, but the datanode a1036450-74c2-4405-b4f8-7a994af8c84a{ip: 192.168.69.92, host: pr-hdds-2240-577ml-2645996955, networkLocation: /default-rack, certSerialId: null} reports an CLOSED replica.
2019-10-21 22:01:50,838 [EventQueue-ContainerReportForContainerReportHandler] WARN  container.ContainerReportHandler (AbstractContainerReportHandler.java:updateContainerState(145)) - Container #1 is in OPEN state, but the datanode 95d3bce6-5996-460d-8578-b7f952c18b9c{ip: 192.168.69.92, host: pr-hdds-2240-577ml-2645996955, networkLocation: /default-rack, certSerialId: null} reports an CLOSED replica.
2019-10-21 22:01:50,932 [BlockDeletingService#2] WARN  background.BlockDeletingService (BlockDeletingService.java:isDeletionAllowed(187)) - Close Container log Index 6 is not replicated across allthe servers in the pipeline 14fb49ee-5d81-4c1e-bb69-5e7a11e15b06 as the min replicated index is 4. Deletion is not allowed in this container yet.
2019-10-21 22:01:50,932 [BlockDeletingService#2] WARN  background.BlockDeletingService (BlockDeletingService.java:isDeletionAllowed(187)) - Close Container log Index 6 is not replicated across allthe servers in the pipeline 14fb49ee-5d81-4c1e-bb69-5e7a11e15b06 as the min replicated index is 4. Deletion is not allowed in this container yet.
2019-10-21 22:01:51,036 [EventQueue-ContainerReportForContainerReportHandler] WARN  container.ContainerReportHandler (AbstractContainerReportHandler.java:updateContainerState(145)) - Container #1 is in OPEN state, but the datanode a1036450-74c2-4405-b4f8-7a994af8c84a{ip: 192.168.69.92, host: pr-hdds-2240-577ml-2645996955, networkLocation: /default-rack, certSerialId: null} reports an CLOSED replica.
2019-10-21 22:01:51,042 [java.util.concurrent.ThreadPoolExecutor$Worker@29bacf4c[State = -1, empty queue]] WARN  server.GrpcLogAppender (GrpcLogAppender.java:timeoutAppendRequest(209)) - a1036450-74c2-4405-b4f8-7a994af8c84a@group-5E7A11E15B06->a26a9f1d-c528-4494-83e5-475827f7720e-GrpcLogAppender: appendEntries Timeout, request=a1036450-74c2-4405-b4f8-7a994af8c84a->a26a9f1d-c528-4494-83e5-475827f7720e#36-t2, previous=(t:2, i:10), leaderCommit=10, initializing? false, entries: <empty>
2019-10-21 22:01:51,142 [EventQueue-ContainerReportForContainerReportHandler] WARN  container.ContainerReportHandler (AbstractContainerReportHandler.java:updateContainerState(145)) - Container #1 is in OPEN state, but the datanode 95d3bce6-5996-460d-8578-b7f952c18b9c{ip: 192.168.69.92, host: pr-hdds-2240-577ml-2645996955, networkLocation: /default-rack, certSerialId: null} reports an CLOSED replica.
2019-10-21 22:01:51,338 [EventQueue-ContainerReportForContainerReportHandler] WARN  container.ContainerReportHandler (AbstractContainerReportHandler.java:updateContainerState(145)) - Container #1 is in OPEN state, but the datanode a1036450-74c2-4405-b4f8-7a994af8c84a{ip: 192.168.69.92, host: pr-hdds-2240-577ml-2645996955, networkLocation: /default-rack, certSerialId: null} reports an CLOSED replica.
2019-10-21 22:01:51,438 [EventQueue-ContainerReportForContainerReportHandler] WARN  container.ContainerReportHandler (AbstractContainerReportHandler.java:updateContainerState(145)) - Container #1 is in OPEN state, but the datanode 95d3bce6-5996-460d-8578-b7f952c18b9c{ip: 192.168.69.92, host: pr-hdds-2240-577ml-2645996955, networkLocation: /default-rack, certSerialId: null} reports an CLOSED replica.
2019-10-21 22:01:51,638 [EventQueue-ContainerReportForContainerReportHandler] WARN  container.ContainerReportHandler (AbstractContainerReportHandler.java:updateContainerState(145)) - Container #1 is in OPEN state, but the datanode a1036450-74c2-4405-b4f8-7a994af8c84a{ip: 192.168.69.92, host: pr-hdds-2240-577ml-2645996955, networkLocation: /default-rack, certSerialId: null} reports an CLOSED replica.
2019-10-21 22:01:51,639 [EventQueue-ContainerReportForContainerReportHandler] WARN  container.ContainerReportHandler (AbstractContainerReportHandler.java:updateContainerState(145)) - Container #1 is in OPEN state, but the datanode 95d3bce6-5996-460d-8578-b7f952c18b9c{ip: 192.168.69.92, host: pr-hdds-2240-577ml-2645996955, networkLocation: /default-rack, certSerialId: null} reports an CLOSED replica.
2019-10-21 22:01:51,933 [BlockDeletingService#2] WARN  background.BlockDeletingService (BlockDeletingService.java:isDeletionAllowed(187)) - Close Container log Index 6 is not replicated across allthe servers in the pipeline 14fb49ee-5d81-4c1e-bb69-5e7a11e15b06 as the min replicated index is 4. Deletion is not allowed in this container yet.
2019-10-21 22:01:51,933 [BlockDeletingService#2] WARN  background.BlockDeletingService (BlockDeletingService.java:isDeletionAllowed(187)) - Close Container log Index 6 is not replicated across allthe servers in the pipeline 14fb49ee-5d81-4c1e-bb69-5e7a11e15b06 as the min replicated index is 4. Deletion is not allowed in this container yet.
2019-10-21 22:01:51,939 [EventQueue-ContainerReportForContainerReportHandler] WARN  container.ContainerReportHandler (AbstractContainerReportHandler.java:updateContainerState(145)) - Container #1 is in OPEN state, but the datanode a1036450-74c2-4405-b4f8-7a994af8c84a{ip: 192.168.69.92, host: pr-hdds-2240-577ml-2645996955, networkLocation: /default-rack, certSerialId: null} reports an CLOSED replica.
2019-10-21 22:01:52,039 [EventQueue-ContainerReportForContainerReportHandler] WARN  container.ContainerReportHandler (AbstractContainerReportHandler.java:updateContainerState(145)) - Container #1 is in OPEN state, but the datanode 95d3bce6-5996-460d-8578-b7f952c18b9c{ip: 192.168.69.92, host: pr-hdds-2240-577ml-2645996955, networkLocation: /default-rack, certSerialId: null} reports an CLOSED replica.
2019-10-21 22:01:52,239 [EventQueue-ContainerReportForContainerReportHandler] WARN  container.ContainerReportHandler (AbstractContainerReportHandler.java:updateContainerState(145)) - Container #1 is in OPEN state, but the datanode a1036450-74c2-4405-b4f8-7a994af8c84a{ip: 192.168.69.92, host: pr-hdds-2240-577ml-2645996955, networkLocation: /default-rack, certSerialId: null} reports an CLOSED replica.
2019-10-21 22:01:52,339 [EventQueue-ContainerReportForContainerReportHandler] WARN  container.ContainerReportHandler (AbstractContainerReportHandler.java:updateContainerState(145)) - Container #1 is in OPEN state, but the datanode 95d3bce6-5996-460d-8578-b7f952c18b9c{ip: 192.168.69.92, host: pr-hdds-2240-577ml-2645996955, networkLocation: /default-rack, certSerialId: null} reports an CLOSED replica.
2019-10-21 22:01:52,439 [EventQueue-ContainerReportForContainerReportHandler] WARN  container.ContainerReportHandler (AbstractContainerReportHandler.java:updateContainerState(145)) - Container #1 is in OPEN state, but the datanode a1036450-74c2-4405-b4f8-7a994af8c84a{ip: 192.168.69.92, host: pr-hdds-2240-577ml-2645996955, networkLocation: /default-rack, certSerialId: null} reports an CLOSED replica.
2019-10-21 22:01:52,738 [EventQueue-ContainerReportForContainerReportHandler] WARN  container.ContainerReportHandler (AbstractContainerReportHandler.java:updateContainerState(145)) - Container #1 is in OPEN state, but the datanode 95d3bce6-5996-460d-8578-b7f952c18b9c{ip: 192.168.69.92, host: pr-hdds-2240-577ml-2645996955, networkLocation: /default-rack, certSerialId: null} reports an CLOSED replica.
2019-10-21 22:01:52,842 [EventQueue-ContainerReportForContainerReportHandler] WARN  container.ContainerReportHandler (AbstractContainerReportHandler.java:updateContainerState(145)) - Container #1 is in OPEN state, but the datanode a1036450-74c2-4405-b4f8-7a994af8c84a{ip: 192.168.69.92, host: pr-hdds-2240-577ml-2645996955, networkLocation: /default-rack, certSerialId: null} reports an CLOSED replica.
2019-10-21 22:01:52,936 [BlockDeletingService#2] WARN  background.BlockDeletingService (BlockDeletingService.java:isDeletionAllowed(187)) - Close Container log Index 6 is not replicated across allthe servers in the pipeline 14fb49ee-5d81-4c1e-bb69-5e7a11e15b06 as the min replicated index is 4. Deletion is not allowed in this container yet.
2019-10-21 22:01:52,936 [BlockDeletingService#2] WARN  background.BlockDeletingService (BlockDeletingService.java:isDeletionAllowed(187)) - Close Container log Index 6 is not replicated across allthe servers in the pipeline 14fb49ee-5d81-4c1e-bb69-5e7a11e15b06 as the min replicated index is 4. Deletion is not allowed in this container yet.
2019-10-21 22:01:53,038 [EventQueue-ContainerReportForContainerReportHandler] WARN  container.ContainerReportHandler (AbstractContainerReportHandler.java:updateContainerState(145)) - Container #1 is in OPEN state, but the datanode 95d3bce6-5996-460d-8578-b7f952c18b9c{ip: 192.168.69.92, host: pr-hdds-2240-577ml-2645996955, networkLocation: /default-rack, certSerialId: null} reports an CLOSED replica.
2019-10-21 22:01:53,043 [EventQueue-ContainerReportForContainerReportHandler] WARN  container.ContainerReportHandler (AbstractContainerReportHandler.java:updateContainerState(145)) - Container #1 is in OPEN state, but the datanode a1036450-74c2-4405-b4f8-7a994af8c84a{ip: 192.168.69.92, host: pr-hdds-2240-577ml-2645996955, networkLocation: /default-rack, certSerialId: null} reports an CLOSED replica.
2019-10-21 22:01:53,238 [EventQueue-ContainerReportForContainerReportHandler] WARN  container.ContainerReportHandler (AbstractContainerReportHandler.java:updateContainerState(145)) - Container #1 is in OPEN state, but the datanode 95d3bce6-5996-460d-8578-b7f952c18b9c{ip: 192.168.69.92, host: pr-hdds-2240-577ml-2645996955, networkLocation: /default-rack, certSerialId: null} reports an CLOSED replica.
2019-10-21 22:01:53,440 [EventQueue-ContainerReportForContainerReportHandler] WARN  container.ContainerReportHandler (AbstractContainerReportHandler.java:updateContainerState(145)) - Container #1 is in OPEN state, but the datanode 95d3bce6-5996-460d-8578-b7f952c18b9c{ip: 192.168.69.92, host: pr-hdds-2240-577ml-2645996955, networkLocation: /default-rack, certSerialId: null} reports an CLOSED replica.
2019-10-21 22:01:53,444 [EventQueue-ContainerReportForContainerReportHandler] WARN  container.ContainerReportHandler (AbstractContainerReportHandler.java:updateContainerState(145)) - Container #1 is in OPEN state, but the datanode a1036450-74c2-4405-b4f8-7a994af8c84a{ip: 192.168.69.92, host: pr-hdds-2240-577ml-2645996955, networkLocation: /default-rack, certSerialId: null} reports an CLOSED replica.
2019-10-21 22:01:53,543 [java.util.concurrent.ThreadPoolExecutor$Worker@29bacf4c[State = -1, empty queue]] WARN  server.GrpcLogAppender (GrpcLogAppender.java:timeoutAppendRequest(209)) - a1036450-74c2-4405-b4f8-7a994af8c84a@group-5E7A11E15B06->a26a9f1d-c528-4494-83e5-475827f7720e-GrpcLogAppender: appendEntries Timeout, request=a1036450-74c2-4405-b4f8-7a994af8c84a->a26a9f1d-c528-4494-83e5-475827f7720e#37-t2, previous=(t:2, i:10), leaderCommit=10, initializing? false, entries: <empty>
2019-10-21 22:01:53,744 [EventQueue-ContainerReportForContainerReportHandler] WARN  container.ContainerReportHandler (AbstractContainerReportHandler.java:updateContainerState(145)) - Container #1 is in OPEN state, but the datanode a1036450-74c2-4405-b4f8-7a994af8c84a{ip: 192.168.69.92, host: pr-hdds-2240-577ml-2645996955, networkLocation: /default-rack, certSerialId: null} reports an CLOSED replica.
2019-10-21 22:01:53,838 [EventQueue-ContainerReportForContainerReportHandler] WARN  container.ContainerReportHandler (AbstractContainerReportHandler.java:updateContainerState(145)) - Container #1 is in OPEN state, but the datanode 95d3bce6-5996-460d-8578-b7f952c18b9c{ip: 192.168.69.92, host: pr-hdds-2240-577ml-2645996955, networkLocation: /default-rack, certSerialId: null} reports an CLOSED replica.
2019-10-21 22:01:53,938 [BlockDeletingService#2] WARN  background.BlockDeletingService (BlockDeletingService.java:isDeletionAllowed(187)) - Close Container log Index 6 is not replicated across allthe servers in the pipeline 14fb49ee-5d81-4c1e-bb69-5e7a11e15b06 as the min replicated index is 4. Deletion is not allowed in this container yet.
2019-10-21 22:01:53,938 [BlockDeletingService#2] WARN  background.BlockDeletingService (BlockDeletingService.java:isDeletionAllowed(187)) - Close Container log Index 6 is not replicated across allthe servers in the pipeline 14fb49ee-5d81-4c1e-bb69-5e7a11e15b06 as the min replicated index is 4. Deletion is not allowed in this container yet.
2019-10-21 22:01:54,046 [EventQueue-ContainerReportForContainerReportHandler] WARN  container.ContainerReportHandler (AbstractContainerReportHandler.java:updateContainerState(145)) - Container #1 is in OPEN state, but the datanode a1036450-74c2-4405-b4f8-7a994af8c84a{ip: 192.168.69.92, host: pr-hdds-2240-577ml-2645996955, networkLocation: /default-rack, certSerialId: null} reports an CLOSED replica.
2019-10-21 22:01:54,138 [EventQueue-ContainerReportForContainerReportHandler] WARN  container.ContainerReportHandler (AbstractContainerReportHandler.java:updateContainerState(145)) - Container #1 is in OPEN state, but the datanode 95d3bce6-5996-460d-8578-b7f952c18b9c{ip: 192.168.69.92, host: pr-hdds-2240-577ml-2645996955, networkLocation: /default-rack, certSerialId: null} reports an CLOSED replica.
2019-10-21 22:01:54,246 [EventQueue-ContainerReportForContainerReportHandler] WARN  container.ContainerReportHandler (AbstractContainerReportHandler.java:updateContainerState(145)) - Container #1 is in OPEN state, but the datanode a1036450-74c2-4405-b4f8-7a994af8c84a{ip: 192.168.69.92, host: pr-hdds-2240-577ml-2645996955, networkLocation: /default-rack, certSerialId: null} reports an CLOSED replica.
2019-10-21 22:01:54,338 [EventQueue-ContainerReportForContainerReportHandler] WARN  container.ContainerReportHandler (AbstractContainerReportHandler.java:updateContainerState(145)) - Container #1 is in OPEN state, but the datanode 95d3bce6-5996-460d-8578-b7f952c18b9c{ip: 192.168.69.92, host: pr-hdds-2240-577ml-2645996955, networkLocation: /default-rack, certSerialId: null} reports an CLOSED replica.
2019-10-21 22:01:54,638 [EventQueue-ContainerReportForContainerReportHandler] WARN  container.ContainerReportHandler (AbstractContainerReportHandler.java:updateContainerState(145)) - Container #1 is in OPEN state, but the datanode 95d3bce6-5996-460d-8578-b7f952c18b9c{ip: 192.168.69.92, host: pr-hdds-2240-577ml-2645996955, networkLocation: /default-rack, certSerialId: null} reports an CLOSED replica.
2019-10-21 22:01:54,647 [EventQueue-ContainerReportForContainerReportHandler] WARN  container.ContainerReportHandler (AbstractContainerReportHandler.java:updateContainerState(145)) - Container #1 is in OPEN state, but the datanode a1036450-74c2-4405-b4f8-7a994af8c84a{ip: 192.168.69.92, host: pr-hdds-2240-577ml-2645996955, networkLocation: /default-rack, certSerialId: null} reports an CLOSED replica.
2019-10-21 22:01:54,838 [EventQueue-ContainerReportForContainerReportHandler] WARN  container.ContainerReportHandler (AbstractContainerReportHandler.java:updateContainerState(145)) - Container #1 is in OPEN state, but the datanode 95d3bce6-5996-460d-8578-b7f952c18b9c{ip: 192.168.69.92, host: pr-hdds-2240-577ml-2645996955, networkLocation: /default-rack, certSerialId: null} reports an CLOSED replica.
2019-10-21 22:01:54,848 [EventQueue-ContainerReportForContainerReportHandler] WARN  container.ContainerReportHandler (AbstractContainerReportHandler.java:updateContainerState(145)) - Container #1 is in OPEN state, but the datanode a1036450-74c2-4405-b4f8-7a994af8c84a{ip: 192.168.69.92, host: pr-hdds-2240-577ml-2645996955, networkLocation: /default-rack, certSerialId: null} reports an CLOSED replica.
2019-10-21 22:01:54,939 [BlockDeletingService#2] WARN  background.BlockDeletingService (BlockDeletingService.java:isDeletionAllowed(187)) - Close Container log Index 6 is not replicated across allthe servers in the pipeline 14fb49ee-5d81-4c1e-bb69-5e7a11e15b06 as the min replicated index is 4. Deletion is not allowed in this container yet.
2019-10-21 22:01:54,939 [BlockDeletingService#2] WARN  background.BlockDeletingService (BlockDeletingService.java:isDeletionAllowed(187)) - Close Container log Index 6 is not replicated across allthe servers in the pipeline 14fb49ee-5d81-4c1e-bb69-5e7a11e15b06 as the min replicated index is 4. Deletion is not allowed in this container yet.
2019-10-21 22:01:55,138 [EventQueue-ContainerReportForContainerReportHandler] WARN  container.ContainerReportHandler (AbstractContainerReportHandler.java:updateContainerState(145)) - Container #1 is in OPEN state, but the datanode 95d3bce6-5996-460d-8578-b7f952c18b9c{ip: 192.168.69.92, host: pr-hdds-2240-577ml-2645996955, networkLocation: /default-rack, certSerialId: null} reports an CLOSED replica.
2019-10-21 22:01:55,248 [EventQueue-ContainerReportForContainerReportHandler] WARN  container.ContainerReportHandler (AbstractContainerReportHandler.java:updateContainerState(145)) - Container #1 is in OPEN state, but the datanode a1036450-74c2-4405-b4f8-7a994af8c84a{ip: 192.168.69.92, host: pr-hdds-2240-577ml-2645996955, networkLocation: /default-rack, certSerialId: null} reports an CLOSED replica.
2019-10-21 22:01:55,438 [EventQueue-ContainerReportForContainerReportHandler] WARN  container.ContainerReportHandler (AbstractContainerReportHandler.java:updateContainerState(145)) - Container #1 is in OPEN state, but the datanode 95d3bce6-5996-460d-8578-b7f952c18b9c{ip: 192.168.69.92, host: pr-hdds-2240-577ml-2645996955, networkLocation: /default-rack, certSerialId: null} reports an CLOSED replica.
2019-10-21 22:01:55,549 [EventQueue-ContainerReportForContainerReportHandler] WARN  container.ContainerReportHandler (AbstractContainerReportHandler.java:updateContainerState(145)) - Container #1 is in OPEN state, but the datanode a1036450-74c2-4405-b4f8-7a994af8c84a{ip: 192.168.69.92, host: pr-hdds-2240-577ml-2645996955, networkLocation: /default-rack, certSerialId: null} reports an CLOSED replica.
2019-10-21 22:01:55,639 [EventQueue-ContainerReportForContainerReportHandler] WARN  container.ContainerReportHandler (AbstractContainerReportHandler.java:updateContainerState(145)) - Container #1 is in OPEN state, but the datanode 95d3bce6-5996-460d-8578-b7f952c18b9c{ip: 192.168.69.92, host: pr-hdds-2240-577ml-2645996955, networkLocation: /default-rack, certSerialId: null} reports an CLOSED replica.
2019-10-21 22:01:55,841 [EventQueue-ContainerReportForContainerReportHandler] WARN  container.ContainerReportHandler (AbstractContainerReportHandler.java:updateContainerState(145)) - Container #1 is in OPEN state, but the datanode 95d3bce6-5996-460d-8578-b7f952c18b9c{ip: 192.168.69.92, host: pr-hdds-2240-577ml-2645996955, networkLocation: /default-rack, certSerialId: null} reports an CLOSED replica.
2019-10-21 22:01:55,850 [EventQueue-ContainerReportForContainerReportHandler] WARN  container.ContainerReportHandler (AbstractContainerReportHandler.java:updateContainerState(145)) - Container #1 is in OPEN state, but the datanode a1036450-74c2-4405-b4f8-7a994af8c84a{ip: 192.168.69.92, host: pr-hdds-2240-577ml-2645996955, networkLocation: /default-rack, certSerialId: null} reports an CLOSED replica.
2019-10-21 22:01:55,941 [BlockDeletingService#2] WARN  background.BlockDeletingService (BlockDeletingService.java:isDeletionAllowed(187)) - Close Container log Index 6 is not replicated across allthe servers in the pipeline 14fb49ee-5d81-4c1e-bb69-5e7a11e15b06 as the min replicated index is 4. Deletion is not allowed in this container yet.
2019-10-21 22:01:55,941 [BlockDeletingService#2] WARN  background.BlockDeletingService (BlockDeletingService.java:isDeletionAllowed(187)) - Close Container log Index 6 is not replicated across allthe servers in the pipeline 14fb49ee-5d81-4c1e-bb69-5e7a11e15b06 as the min replicated index is 4. Deletion is not allowed in this container yet.
2019-10-21 22:01:56,044 [java.util.concurrent.ThreadPoolExecutor$Worker@29bacf4c[State = -1, empty queue]] WARN  server.GrpcLogAppender (GrpcLogAppender.java:timeoutAppendRequest(209)) - a1036450-74c2-4405-b4f8-7a994af8c84a@group-5E7A11E15B06->a26a9f1d-c528-4494-83e5-475827f7720e-GrpcLogAppender: appendEntries Timeout, request=a1036450-74c2-4405-b4f8-7a994af8c84a->a26a9f1d-c528-4494-83e5-475827f7720e#38-t2, previous=(t:2, i:10), leaderCommit=10, initializing? false, entries: <empty>
2019-10-21 22:01:56,142 [EventQueue-ContainerReportForContainerReportHandler] WARN  container.ContainerReportHandler (AbstractContainerReportHandler.java:updateContainerState(145)) - Container #1 is in OPEN state, but the datanode 95d3bce6-5996-460d-8578-b7f952c18b9c{ip: 192.168.69.92, host: pr-hdds-2240-577ml-2645996955, networkLocation: /default-rack, certSerialId: null} reports an CLOSED replica.
2019-10-21 22:01:56,250 [EventQueue-ContainerReportForContainerReportHandler] WARN  container.ContainerReportHandler (AbstractContainerReportHandler.java:updateContainerState(145)) - Container #1 is in OPEN state, but the datanode a1036450-74c2-4405-b4f8-7a994af8c84a{ip: 192.168.69.92, host: pr-hdds-2240-577ml-2645996955, networkLocation: /default-rack, certSerialId: null} reports an CLOSED replica.
2019-10-21 22:01:56,541 [EventQueue-ContainerReportForContainerReportHandler] WARN  container.ContainerReportHandler (AbstractContainerReportHandler.java:updateContainerState(145)) - Container #1 is in OPEN state, but the datanode 95d3bce6-5996-460d-8578-b7f952c18b9c{ip: 192.168.69.92, host: pr-hdds-2240-577ml-2645996955, networkLocation: /default-rack, certSerialId: null} reports an CLOSED replica.
2019-10-21 22:01:56,650 [EventQueue-ContainerReportForContainerReportHandler] WARN  container.ContainerReportHandler (AbstractContainerReportHandler.java:updateContainerState(145)) - Container #1 is in OPEN state, but the datanode a1036450-74c2-4405-b4f8-7a994af8c84a{ip: 192.168.69.92, host: pr-hdds-2240-577ml-2645996955, networkLocation: /default-rack, certSerialId: null} reports an CLOSED replica.
2019-10-21 22:01:56,667 [Thread-436] INFO  client.GrpcClientProtocolService (GrpcClientProtocolService.java:lambda$processClientRequest$0(278)) - Failed RaftClientRequest:client-91F2DA33FCFF->95d3bce6-5996-460d-8578-b7f952c18b9c@group-5E7A11E15B06, cid=10, seq=0, Watch-ALL_COMMITTED(6), Message:<EMPTY>, reply=RaftClientReply:client-91F2DA33FCFF->95d3bce6-5996-460d-8578-b7f952c18b9c@group-5E7A11E15B06, cid=10, FAILED org.apache.ratis.protocol.NotLeaderException: Server 95d3bce6-5996-460d-8578-b7f952c18b9c@group-5E7A11E15B06 is not the leader a1036450-74c2-4405-b4f8-7a994af8c84a:192.168.69.92:36225, logIndex=0, commits[95d3bce6-5996-460d-8578-b7f952c18b9c:c10, a26a9f1d-c528-4494-83e5-475827f7720e:c4, a1036450-74c2-4405-b4f8-7a994af8c84a:c10]
2019-10-21 22:01:56,841 [EventQueue-ContainerReportForContainerReportHandler] WARN  container.ContainerReportHandler (AbstractContainerReportHandler.java:updateContainerState(145)) - Container #1 is in OPEN state, but the datanode 95d3bce6-5996-460d-8578-b7f952c18b9c{ip: 192.168.69.92, host: pr-hdds-2240-577ml-2645996955, networkLocation: /default-rack, certSerialId: null} reports an CLOSED replica.
2019-10-21 22:01:56,942 [BlockDeletingService#2] WARN  background.BlockDeletingService (BlockDeletingService.java:isDeletionAllowed(187)) - Close Container log Index 6 is not replicated across allthe servers in the pipeline 14fb49ee-5d81-4c1e-bb69-5e7a11e15b06 as the min replicated index is 4. Deletion is not allowed in this container yet.
2019-10-21 22:01:56,943 [BlockDeletingService#2] WARN  background.BlockDeletingService (BlockDeletingService.java:isDeletionAllowed(187)) - Close Container log Index 6 is not replicated across allthe servers in the pipeline 14fb49ee-5d81-4c1e-bb69-5e7a11e15b06 as the min replicated index is 4. Deletion is not allowed in this container yet.
2019-10-21 22:01:56,950 [EventQueue-ContainerReportForContainerReportHandler] WARN  container.ContainerReportHandler (AbstractContainerReportHandler.java:updateContainerState(145)) - Container #1 is in OPEN state, but the datanode a1036450-74c2-4405-b4f8-7a994af8c84a{ip: 192.168.69.92, host: pr-hdds-2240-577ml-2645996955, networkLocation: /default-rack, certSerialId: null} reports an CLOSED replica.
2019-10-21 22:01:57,142 [EventQueue-ContainerReportForContainerReportHandler] WARN  container.ContainerReportHandler (AbstractContainerReportHandler.java:updateContainerState(145)) - Container #1 is in OPEN state, but the datanode 95d3bce6-5996-460d-8578-b7f952c18b9c{ip: 192.168.69.92, host: pr-hdds-2240-577ml-2645996955, networkLocation: /default-rack, certSerialId: null} reports an CLOSED replica.
2019-10-21 22:01:57,250 [EventQueue-ContainerReportForContainerReportHandler] WARN  container.ContainerReportHandler (AbstractContainerReportHandler.java:updateContainerState(145)) - Container #1 is in OPEN state, but the datanode a1036450-74c2-4405-b4f8-7a994af8c84a{ip: 192.168.69.92, host: pr-hdds-2240-577ml-2645996955, networkLocation: /default-rack, certSerialId: null} reports an CLOSED replica.
2019-10-21 22:01:57,543 [EventQueue-ContainerReportForContainerReportHandler] WARN  container.ContainerReportHandler (AbstractContainerReportHandler.java:updateContainerState(145)) - Container #1 is in OPEN state, but the datanode 95d3bce6-5996-460d-8578-b7f952c18b9c{ip: 192.168.69.92, host: pr-hdds-2240-577ml-2645996955, networkLocation: /default-rack, certSerialId: null} reports an CLOSED replica.
2019-10-21 22:01:57,650 [EventQueue-ContainerReportForContainerReportHandler] WARN  container.ContainerReportHandler (AbstractContainerReportHandler.java:updateContainerState(145)) - Container #1 is in OPEN state, but the datanode a1036450-74c2-4405-b4f8-7a994af8c84a{ip: 192.168.69.92, host: pr-hdds-2240-577ml-2645996955, networkLocation: /default-rack, certSerialId: null} reports an CLOSED replica.
2019-10-21 22:01:57,745 [EventQueue-ContainerReportForContainerReportHandler] WARN  container.ContainerReportHandler (AbstractContainerReportHandler.java:updateContainerState(145)) - Container #1 is in OPEN state, but the datanode 95d3bce6-5996-460d-8578-b7f952c18b9c{ip: 192.168.69.92, host: pr-hdds-2240-577ml-2645996955, networkLocation: /default-rack, certSerialId: null} reports an CLOSED replica.
2019-10-21 22:01:57,884 [Thread-441] INFO  client.GrpcClientProtocolService (GrpcClientProtocolService.java:lambda$processClientRequest$0(278)) - Failed RaftClientRequest:client-91F2DA33FCFF->a1036450-74c2-4405-b4f8-7a994af8c84a@group-5E7A11E15B06, cid=10, seq=0, Watch-ALL_COMMITTED(6), Message:<EMPTY>, reply=RaftClientReply:client-91F2DA33FCFF->a1036450-74c2-4405-b4f8-7a994af8c84a@group-5E7A11E15B06, cid=10, FAILED org.apache.ratis.protocol.NotReplicatedException: Request with call Id 10 and log index 6 is not yet replicated to ALL_COMMITTED, logIndex=6, commits[a1036450-74c2-4405-b4f8-7a994af8c84a:c10, a26a9f1d-c528-4494-83e5-475827f7720e:c4, 95d3bce6-5996-460d-8578-b7f952c18b9c:c10]
2019-10-21 22:01:57,944 [EventQueue-ContainerReportForContainerReportHandler] WARN  container.ContainerReportHandler (AbstractContainerReportHandler.java:updateContainerState(145)) - Container #1 is in OPEN state, but the datanode 95d3bce6-5996-460d-8578-b7f952c18b9c{ip: 192.168.69.92, host: pr-hdds-2240-577ml-2645996955, networkLocation: /default-rack, certSerialId: null} reports an CLOSED replica.
2019-10-21 22:01:57,944 [BlockDeletingService#2] WARN  background.BlockDeletingService (BlockDeletingService.java:isDeletionAllowed(187)) - Close Container log Index 6 is not replicated across allthe servers in the pipeline 14fb49ee-5d81-4c1e-bb69-5e7a11e15b06 as the min replicated index is 4. Deletion is not allowed in this container yet.
2019-10-21 22:01:57,947 [BlockDeletingService#2] WARN  background.BlockDeletingService (BlockDeletingService.java:isDeletionAllowed(187)) - Close Container log Index 6 is not replicated across allthe servers in the pipeline 14fb49ee-5d81-4c1e-bb69-5e7a11e15b06 as the min replicated index is 4. Deletion is not allowed in this container yet.
2019-10-21 22:01:58,050 [EventQueue-ContainerReportForContainerReportHandler] WARN  container.ContainerReportHandler (AbstractContainerReportHandler.java:updateContainerState(145)) - Container #1 is in OPEN state, but the datanode a1036450-74c2-4405-b4f8-7a994af8c84a{ip: 192.168.69.92, host: pr-hdds-2240-577ml-2645996955, networkLocation: /default-rack, certSerialId: null} reports an CLOSED replica.
2019-10-21 22:01:58,244 [EventQueue-ContainerReportForContainerReportHandler] WARN  container.ContainerReportHandler (AbstractContainerReportHandler.java:updateContainerState(145)) - Container #1 is in OPEN state, but the datanode 95d3bce6-5996-460d-8578-b7f952c18b9c{ip: 192.168.69.92, host: pr-hdds-2240-577ml-2645996955, networkLocation: /default-rack, certSerialId: null} reports an CLOSED replica.
2019-10-21 22:01:58,250 [EventQueue-ContainerReportForContainerReportHandler] WARN  container.ContainerReportHandler (AbstractContainerReportHandler.java:updateContainerState(145)) - Container #1 is in OPEN state, but the datanode a1036450-74c2-4405-b4f8-7a994af8c84a{ip: 192.168.69.92, host: pr-hdds-2240-577ml-2645996955, networkLocation: /default-rack, certSerialId: null} reports an CLOSED replica.
2019-10-21 22:01:58,545 [java.util.concurrent.ThreadPoolExecutor$Worker@29bacf4c[State = -1, empty queue]] WARN  server.GrpcLogAppender (GrpcLogAppender.java:timeoutAppendRequest(209)) - a1036450-74c2-4405-b4f8-7a994af8c84a@group-5E7A11E15B06->a26a9f1d-c528-4494-83e5-475827f7720e-GrpcLogAppender: appendEntries Timeout, request=a1036450-74c2-4405-b4f8-7a994af8c84a->a26a9f1d-c528-4494-83e5-475827f7720e#39-t2, previous=(t:2, i:10), leaderCommit=10, initializing? false, entries: <empty>
2019-10-21 22:01:58,551 [EventQueue-ContainerReportForContainerReportHandler] WARN  container.ContainerReportHandler (AbstractContainerReportHandler.java:updateContainerState(145)) - Container #1 is in OPEN state, but the datanode a1036450-74c2-4405-b4f8-7a994af8c84a{ip: 192.168.69.92, host: pr-hdds-2240-577ml-2645996955, networkLocation: /default-rack, certSerialId: null} reports an CLOSED replica.
2019-10-21 22:01:58,644 [EventQueue-ContainerReportForContainerReportHandler] WARN  container.ContainerReportHandler (AbstractContainerReportHandler.java:updateContainerState(145)) - Container #1 is in OPEN state, but the datanode 95d3bce6-5996-460d-8578-b7f952c18b9c{ip: 192.168.69.92, host: pr-hdds-2240-577ml-2645996955, networkLocation: /default-rack, certSerialId: null} reports an CLOSED replica.
2019-10-21 22:01:58,944 [EventQueue-ContainerReportForContainerReportHandler] WARN  container.ContainerReportHandler (AbstractContainerReportHandler.java:updateContainerState(145)) - Container #1 is in OPEN state, but the datanode 95d3bce6-5996-460d-8578-b7f952c18b9c{ip: 192.168.69.92, host: pr-hdds-2240-577ml-2645996955, networkLocation: /default-rack, certSerialId: null} reports an CLOSED replica.
2019-10-21 22:01:58,949 [BlockDeletingService#2] WARN  background.BlockDeletingService (BlockDeletingService.java:isDeletionAllowed(187)) - Close Container log Index 6 is not replicated across allthe servers in the pipeline 14fb49ee-5d81-4c1e-bb69-5e7a11e15b06 as the min replicated index is 4. Deletion is not allowed in this container yet.
2019-10-21 22:01:58,950 [BlockDeletingService#2] WARN  background.BlockDeletingService (BlockDeletingService.java:isDeletionAllowed(187)) - Close Container log Index 6 is not replicated across allthe servers in the pipeline 14fb49ee-5d81-4c1e-bb69-5e7a11e15b06 as the min replicated index is 4. Deletion is not allowed in this container yet.
2019-10-21 22:01:58,951 [EventQueue-ContainerReportForContainerReportHandler] WARN  container.ContainerReportHandler (AbstractContainerReportHandler.java:updateContainerState(145)) - Container #1 is in OPEN state, but the datanode a1036450-74c2-4405-b4f8-7a994af8c84a{ip: 192.168.69.92, host: pr-hdds-2240-577ml-2645996955, networkLocation: /default-rack, certSerialId: null} reports an CLOSED replica.
2019-10-21 22:01:59,345 [EventQueue-ContainerReportForContainerReportHandler] WARN  container.ContainerReportHandler (AbstractContainerReportHandler.java:updateContainerState(145)) - Container #1 is in OPEN state, but the datanode 95d3bce6-5996-460d-8578-b7f952c18b9c{ip: 192.168.69.92, host: pr-hdds-2240-577ml-2645996955, networkLocation: /default-rack, certSerialId: null} reports an CLOSED replica.
2019-10-21 22:01:59,352 [EventQueue-ContainerReportForContainerReportHandler] WARN  container.ContainerReportHandler (AbstractContainerReportHandler.java:updateContainerState(145)) - Container #1 is in OPEN state, but the datanode a1036450-74c2-4405-b4f8-7a994af8c84a{ip: 192.168.69.92, host: pr-hdds-2240-577ml-2645996955, networkLocation: /default-rack, certSerialId: null} reports an CLOSED replica.
2019-10-21 22:01:59,544 [EventQueue-ContainerReportForContainerReportHandler] WARN  container.ContainerReportHandler (AbstractContainerReportHandler.java:updateContainerState(145)) - Container #1 is in OPEN state, but the datanode 95d3bce6-5996-460d-8578-b7f952c18b9c{ip: 192.168.69.92, host: pr-hdds-2240-577ml-2645996955, networkLocation: /default-rack, certSerialId: null} reports an CLOSED replica.
2019-10-21 22:01:59,652 [EventQueue-ContainerReportForContainerReportHandler] WARN  container.ContainerReportHandler (AbstractContainerReportHandler.java:updateContainerState(145)) - Container #1 is in OPEN state, but the datanode a1036450-74c2-4405-b4f8-7a994af8c84a{ip: 192.168.69.92, host: pr-hdds-2240-577ml-2645996955, networkLocation: /default-rack, certSerialId: null} reports an CLOSED replica.
2019-10-21 22:01:59,845 [EventQueue-ContainerReportForContainerReportHandler] WARN  container.ContainerReportHandler (AbstractContainerReportHandler.java:updateContainerState(145)) - Container #1 is in OPEN state, but the datanode 95d3bce6-5996-460d-8578-b7f952c18b9c{ip: 192.168.69.92, host: pr-hdds-2240-577ml-2645996955, networkLocation: /default-rack, certSerialId: null} reports an CLOSED replica.
2019-10-21 22:01:59,951 [BlockDeletingService#2] WARN  background.BlockDeletingService (BlockDeletingService.java:isDeletionAllowed(187)) - Close Container log Index 6 is not replicated across allthe servers in the pipeline 14fb49ee-5d81-4c1e-bb69-5e7a11e15b06 as the min replicated index is 4. Deletion is not allowed in this container yet.
2019-10-21 22:01:59,951 [BlockDeletingService#2] WARN  background.BlockDeletingService (BlockDeletingService.java:isDeletionAllowed(187)) - Close Container log Index 6 is not replicated across allthe servers in the pipeline 14fb49ee-5d81-4c1e-bb69-5e7a11e15b06 as the min replicated index is 4. Deletion is not allowed in this container yet.
2019-10-21 22:01:59,953 [EventQueue-ContainerReportForContainerReportHandler] WARN  container.ContainerReportHandler (AbstractContainerReportHandler.java:updateContainerState(145)) - Container #1 is in OPEN state, but the datanode a1036450-74c2-4405-b4f8-7a994af8c84a{ip: 192.168.69.92, host: pr-hdds-2240-577ml-2645996955, networkLocation: /default-rack, certSerialId: null} reports an CLOSED replica.
2019-10-21 22:02:00,044 [EventQueue-ContainerReportForContainerReportHandler] WARN  container.ContainerReportHandler (AbstractContainerReportHandler.java:updateContainerState(145)) - Container #1 is in OPEN state, but the datanode 95d3bce6-5996-460d-8578-b7f952c18b9c{ip: 192.168.69.92, host: pr-hdds-2240-577ml-2645996955, networkLocation: /default-rack, certSerialId: null} reports an CLOSED replica.
2019-10-21 22:02:00,255 [EventQueue-ContainerReportForContainerReportHandler] WARN  container.ContainerReportHandler (AbstractContainerReportHandler.java:updateContainerState(145)) - Container #1 is in OPEN state, but the datanode a1036450-74c2-4405-b4f8-7a994af8c84a{ip: 192.168.69.92, host: pr-hdds-2240-577ml-2645996955, networkLocation: /default-rack, certSerialId: null} reports an CLOSED replica.
2019-10-21 22:02:00,344 [EventQueue-ContainerReportForContainerReportHandler] WARN  container.ContainerReportHandler (AbstractContainerReportHandler.java:updateContainerState(145)) - Container #1 is in OPEN state, but the datanode 95d3bce6-5996-460d-8578-b7f952c18b9c{ip: 192.168.69.92, host: pr-hdds-2240-577ml-2645996955, networkLocation: /default-rack, certSerialId: null} reports an CLOSED replica.
2019-10-21 22:02:00,454 [EventQueue-ContainerReportForContainerReportHandler] WARN  container.ContainerReportHandler (AbstractContainerReportHandler.java:updateContainerState(145)) - Container #1 is in OPEN state, but the datanode a1036450-74c2-4405-b4f8-7a994af8c84a{ip: 192.168.69.92, host: pr-hdds-2240-577ml-2645996955, networkLocation: /default-rack, certSerialId: null} reports an CLOSED replica.
2019-10-21 22:02:00,745 [EventQueue-ContainerReportForContainerReportHandler] WARN  container.ContainerReportHandler (AbstractContainerReportHandler.java:updateContainerState(145)) - Container #1 is in OPEN state, but the datanode 95d3bce6-5996-460d-8578-b7f952c18b9c{ip: 192.168.69.92, host: pr-hdds-2240-577ml-2645996955, networkLocation: /default-rack, certSerialId: null} reports an CLOSED replica.
2019-10-21 22:02:00,855 [EventQueue-ContainerReportForContainerReportHandler] WARN  container.ContainerReportHandler (AbstractContainerReportHandler.java:updateContainerState(145)) - Container #1 is in OPEN state, but the datanode a1036450-74c2-4405-b4f8-7a994af8c84a{ip: 192.168.69.92, host: pr-hdds-2240-577ml-2645996955, networkLocation: /default-rack, certSerialId: null} reports an CLOSED replica.
2019-10-21 22:02:00,952 [BlockDeletingService#2] WARN  background.BlockDeletingService (BlockDeletingService.java:isDeletionAllowed(187)) - Close Container log Index 6 is not replicated across allthe servers in the pipeline 14fb49ee-5d81-4c1e-bb69-5e7a11e15b06 as the min replicated index is 4. Deletion is not allowed in this container yet.
2019-10-21 22:02:00,952 [BlockDeletingService#2] WARN  background.BlockDeletingService (BlockDeletingService.java:isDeletionAllowed(187)) - Close Container log Index 6 is not replicated across allthe servers in the pipeline 14fb49ee-5d81-4c1e-bb69-5e7a11e15b06 as the min replicated index is 4. Deletion is not allowed in this container yet.
2019-10-21 22:02:01,045 [EventQueue-ContainerReportForContainerReportHandler] WARN  container.ContainerReportHandler (AbstractContainerReportHandler.java:updateContainerState(145)) - Container #1 is in OPEN state, but the datanode 95d3bce6-5996-460d-8578-b7f952c18b9c{ip: 192.168.69.92, host: pr-hdds-2240-577ml-2645996955, networkLocation: /default-rack, certSerialId: null} reports an CLOSED replica.
2019-10-21 22:02:01,046 [java.util.concurrent.ThreadPoolExecutor$Worker@29bacf4c[State = -1, empty queue]] WARN  server.GrpcLogAppender (GrpcLogAppender.java:timeoutAppendRequest(209)) - a1036450-74c2-4405-b4f8-7a994af8c84a@group-5E7A11E15B06->a26a9f1d-c528-4494-83e5-475827f7720e-GrpcLogAppender: appendEntries Timeout, request=a1036450-74c2-4405-b4f8-7a994af8c84a->a26a9f1d-c528-4494-83e5-475827f7720e#40-t2, previous=(t:2, i:10), leaderCommit=10, initializing? false, entries: <empty>
2019-10-21 22:02:01,056 [EventQueue-ContainerReportForContainerReportHandler] WARN  container.ContainerReportHandler (AbstractContainerReportHandler.java:updateContainerState(145)) - Container #1 is in OPEN state, but the datanode a1036450-74c2-4405-b4f8-7a994af8c84a{ip: 192.168.69.92, host: pr-hdds-2240-577ml-2645996955, networkLocation: /default-rack, certSerialId: null} reports an CLOSED replica.
2019-10-21 22:02:01,256 [EventQueue-ContainerReportForContainerReportHandler] WARN  container.ContainerReportHandler (AbstractContainerReportHandler.java:updateContainerState(145)) - Container #1 is in OPEN state, but the datanode a1036450-74c2-4405-b4f8-7a994af8c84a{ip: 192.168.69.92, host: pr-hdds-2240-577ml-2645996955, networkLocation: /default-rack, certSerialId: null} reports an CLOSED replica.
2019-10-21 22:02:01,446 [EventQueue-ContainerReportForContainerReportHandler] WARN  container.ContainerReportHandler (AbstractContainerReportHandler.java:updateContainerState(145)) - Container #1 is in OPEN state, but the datanode 95d3bce6-5996-460d-8578-b7f952c18b9c{ip: 192.168.69.92, host: pr-hdds-2240-577ml-2645996955, networkLocation: /default-rack, certSerialId: null} reports an CLOSED replica.
2019-10-21 22:02:01,656 [EventQueue-ContainerReportForContainerReportHandler] WARN  container.ContainerReportHandler (AbstractContainerReportHandler.java:updateContainerState(145)) - Container #1 is in OPEN state, but the datanode a1036450-74c2-4405-b4f8-7a994af8c84a{ip: 192.168.69.92, host: pr-hdds-2240-577ml-2645996955, networkLocation: /default-rack, certSerialId: null} reports an CLOSED replica.
2019-10-21 22:02:01,746 [EventQueue-ContainerReportForContainerReportHandler] WARN  container.ContainerReportHandler (AbstractContainerReportHandler.java:updateContainerState(145)) - Container #1 is in OPEN state, but the datanode 95d3bce6-5996-460d-8578-b7f952c18b9c{ip: 192.168.69.92, host: pr-hdds-2240-577ml-2645996955, networkLocation: /default-rack, certSerialId: null} reports an CLOSED replica.
2019-10-21 22:02:01,856 [EventQueue-ContainerReportForContainerReportHandler] WARN  container.ContainerReportHandler (AbstractContainerReportHandler.java:updateContainerState(145)) - Container #1 is in OPEN state, but the datanode a1036450-74c2-4405-b4f8-7a994af8c84a{ip: 192.168.69.92, host: pr-hdds-2240-577ml-2645996955, networkLocation: /default-rack, certSerialId: null} reports an CLOSED replica.
2019-10-21 22:02:01,953 [BlockDeletingService#2] WARN  background.BlockDeletingService (BlockDeletingService.java:isDeletionAllowed(187)) - Close Container log Index 6 is not replicated across allthe servers in the pipeline 14fb49ee-5d81-4c1e-bb69-5e7a11e15b06 as the min replicated index is 4. Deletion is not allowed in this container yet.
2019-10-21 22:02:01,953 [BlockDeletingService#2] WARN  background.BlockDeletingService (BlockDeletingService.java:isDeletionAllowed(187)) - Close Container log Index 6 is not replicated across allthe servers in the pipeline 14fb49ee-5d81-4c1e-bb69-5e7a11e15b06 as the min replicated index is 4. Deletion is not allowed in this container yet.
2019-10-21 22:02:02,046 [EventQueue-ContainerReportForContainerReportHandler] WARN  container.ContainerReportHandler (AbstractContainerReportHandler.java:updateContainerState(145)) - Container #1 is in OPEN state, but the datanode 95d3bce6-5996-460d-8578-b7f952c18b9c{ip: 192.168.69.92, host: pr-hdds-2240-577ml-2645996955, networkLocation: /default-rack, certSerialId: null} reports an CLOSED replica.
2019-10-21 22:02:02,157 [EventQueue-ContainerReportForContainerReportHandler] WARN  container.ContainerReportHandler (AbstractContainerReportHandler.java:updateContainerState(145)) - Container #1 is in OPEN state, but the datanode a1036450-74c2-4405-b4f8-7a994af8c84a{ip: 192.168.69.92, host: pr-hdds-2240-577ml-2645996955, networkLocation: /default-rack, certSerialId: null} reports an CLOSED replica.
2019-10-21 22:02:02,347 [EventQueue-ContainerReportForContainerReportHandler] WARN  container.ContainerReportHandler (AbstractContainerReportHandler.java:updateContainerState(145)) - Container #1 is in OPEN state, but the datanode 95d3bce6-5996-460d-8578-b7f952c18b9c{ip: 192.168.69.92, host: pr-hdds-2240-577ml-2645996955, networkLocation: /default-rack, certSerialId: null} reports an CLOSED replica.
2019-10-21 22:02:02,457 [EventQueue-ContainerReportForContainerReportHandler] WARN  container.ContainerReportHandler (AbstractContainerReportHandler.java:updateContainerState(145)) - Container #1 is in OPEN state, but the datanode a1036450-74c2-4405-b4f8-7a994af8c84a{ip: 192.168.69.92, host: pr-hdds-2240-577ml-2645996955, networkLocation: /default-rack, certSerialId: null} reports an CLOSED replica.
2019-10-21 22:02:02,546 [EventQueue-ContainerReportForContainerReportHandler] WARN  container.ContainerReportHandler (AbstractContainerReportHandler.java:updateContainerState(145)) - Container #1 is in OPEN state, but the datanode 95d3bce6-5996-460d-8578-b7f952c18b9c{ip: 192.168.69.92, host: pr-hdds-2240-577ml-2645996955, networkLocation: /default-rack, certSerialId: null} reports an CLOSED replica.
2019-10-21 22:02:02,657 [EventQueue-ContainerReportForContainerReportHandler] WARN  container.ContainerReportHandler (AbstractContainerReportHandler.java:updateContainerState(145)) - Container #1 is in OPEN state, but the datanode a1036450-74c2-4405-b4f8-7a994af8c84a{ip: 192.168.69.92, host: pr-hdds-2240-577ml-2645996955, networkLocation: /default-rack, certSerialId: null} reports an CLOSED replica.
2019-10-21 22:02:02,846 [EventQueue-ContainerReportForContainerReportHandler] WARN  container.ContainerReportHandler (AbstractContainerReportHandler.java:updateContainerState(145)) - Container #1 is in OPEN state, but the datanode 95d3bce6-5996-460d-8578-b7f952c18b9c{ip: 192.168.69.92, host: pr-hdds-2240-577ml-2645996955, networkLocation: /default-rack, certSerialId: null} reports an CLOSED replica.
2019-10-21 22:02:02,954 [BlockDeletingService#2] WARN  background.BlockDeletingService (BlockDeletingService.java:isDeletionAllowed(187)) - Close Container log Index 6 is not replicated across allthe servers in the pipeline 14fb49ee-5d81-4c1e-bb69-5e7a11e15b06 as the min replicated index is 4. Deletion is not allowed in this container yet.
2019-10-21 22:02:02,954 [BlockDeletingService#2] WARN  background.BlockDeletingService (BlockDeletingService.java:isDeletionAllowed(187)) - Close Container log Index 6 is not replicated across allthe servers in the pipeline 14fb49ee-5d81-4c1e-bb69-5e7a11e15b06 as the min replicated index is 4. Deletion is not allowed in this container yet.
2019-10-21 22:02:02,958 [EventQueue-ContainerReportForContainerReportHandler] WARN  container.ContainerReportHandler (AbstractContainerReportHandler.java:updateContainerState(145)) - Container #1 is in OPEN state, but the datanode a1036450-74c2-4405-b4f8-7a994af8c84a{ip: 192.168.69.92, host: pr-hdds-2240-577ml-2645996955, networkLocation: /default-rack, certSerialId: null} reports an CLOSED replica.
2019-10-21 22:02:03,047 [EventQueue-ContainerReportForContainerReportHandler] WARN  container.ContainerReportHandler (AbstractContainerReportHandler.java:updateContainerState(145)) - Container #1 is in OPEN state, but the datanode 95d3bce6-5996-460d-8578-b7f952c18b9c{ip: 192.168.69.92, host: pr-hdds-2240-577ml-2645996955, networkLocation: /default-rack, certSerialId: null} reports an CLOSED replica.
2019-10-21 22:02:03,258 [EventQueue-ContainerReportForContainerReportHandler] WARN  container.ContainerReportHandler (AbstractContainerReportHandler.java:updateContainerState(145)) - Container #1 is in OPEN state, but the datanode a1036450-74c2-4405-b4f8-7a994af8c84a{ip: 192.168.69.92, host: pr-hdds-2240-577ml-2645996955, networkLocation: /default-rack, certSerialId: null} reports an CLOSED replica.
2019-10-21 22:02:03,351 [EventQueue-ContainerReportForContainerReportHandler] WARN  container.ContainerReportHandler (AbstractContainerReportHandler.java:updateContainerState(145)) - Container #1 is in OPEN state, but the datanode 95d3bce6-5996-460d-8578-b7f952c18b9c{ip: 192.168.69.92, host: pr-hdds-2240-577ml-2645996955, networkLocation: /default-rack, certSerialId: null} reports an CLOSED replica.
2019-10-21 22:02:03,546 [java.util.concurrent.ThreadPoolExecutor$Worker@29bacf4c[State = -1, empty queue]] WARN  server.GrpcLogAppender (GrpcLogAppender.java:timeoutAppendRequest(209)) - a1036450-74c2-4405-b4f8-7a994af8c84a@group-5E7A11E15B06->a26a9f1d-c528-4494-83e5-475827f7720e-GrpcLogAppender: appendEntries Timeout, request=a1036450-74c2-4405-b4f8-7a994af8c84a->a26a9f1d-c528-4494-83e5-475827f7720e#41-t2, previous=(t:2, i:10), leaderCommit=10, initializing? false, entries: <empty>
2019-10-21 22:02:03,559 [EventQueue-ContainerReportForContainerReportHandler] WARN  container.ContainerReportHandler (AbstractContainerReportHandler.java:updateContainerState(145)) - Container #1 is in OPEN state, but the datanode a1036450-74c2-4405-b4f8-7a994af8c84a{ip: 192.168.69.92, host: pr-hdds-2240-577ml-2645996955, networkLocation: /default-rack, certSerialId: null} reports an CLOSED replica.
2019-10-21 22:02:03,648 [EventQueue-ContainerReportForContainerReportHandler] WARN  container.ContainerReportHandler (AbstractContainerReportHandler.java:updateContainerState(145)) - Container #1 is in OPEN state, but the datanode 95d3bce6-5996-460d-8578-b7f952c18b9c{ip: 192.168.69.92, host: pr-hdds-2240-577ml-2645996955, networkLocation: /default-rack, certSerialId: null} reports an CLOSED replica.
2019-10-21 22:02:03,847 [EventQueue-ContainerReportForContainerReportHandler] WARN  container.ContainerReportHandler (AbstractContainerReportHandler.java:updateContainerState(145)) - Container #1 is in OPEN state, but the datanode 95d3bce6-5996-460d-8578-b7f952c18b9c{ip: 192.168.69.92, host: pr-hdds-2240-577ml-2645996955, networkLocation: /default-rack, certSerialId: null} reports an CLOSED replica.
2019-10-21 22:02:03,858 [EventQueue-ContainerReportForContainerReportHandler] WARN  container.ContainerReportHandler (AbstractContainerReportHandler.java:updateContainerState(145)) - Container #1 is in OPEN state, but the datanode a1036450-74c2-4405-b4f8-7a994af8c84a{ip: 192.168.69.92, host: pr-hdds-2240-577ml-2645996955, networkLocation: /default-rack, certSerialId: null} reports an CLOSED replica.
2019-10-21 22:02:03,955 [BlockDeletingService#2] WARN  background.BlockDeletingService (BlockDeletingService.java:isDeletionAllowed(187)) - Close Container log Index 6 is not replicated across allthe servers in the pipeline 14fb49ee-5d81-4c1e-bb69-5e7a11e15b06 as the min replicated index is 4. Deletion is not allowed in this container yet.
2019-10-21 22:02:03,955 [BlockDeletingService#2] WARN  background.BlockDeletingService (BlockDeletingService.java:isDeletionAllowed(187)) - Close Container log Index 6 is not replicated across allthe servers in the pipeline 14fb49ee-5d81-4c1e-bb69-5e7a11e15b06 as the min replicated index is 4. Deletion is not allowed in this container yet.
2019-10-21 22:02:04,058 [EventQueue-ContainerReportForContainerReportHandler] WARN  container.ContainerReportHandler (AbstractContainerReportHandler.java:updateContainerState(145)) - Container #1 is in OPEN state, but the datanode a1036450-74c2-4405-b4f8-7a994af8c84a{ip: 192.168.69.92, host: pr-hdds-2240-577ml-2645996955, networkLocation: /default-rack, certSerialId: null} reports an CLOSED replica.
2019-10-21 22:02:04,148 [EventQueue-ContainerReportForContainerReportHandler] WARN  container.ContainerReportHandler (AbstractContainerReportHandler.java:updateContainerState(145)) - Container #1 is in OPEN state, but the datanode 95d3bce6-5996-460d-8578-b7f952c18b9c{ip: 192.168.69.92, host: pr-hdds-2240-577ml-2645996955, networkLocation: /default-rack, certSerialId: null} reports an CLOSED replica.
2019-10-21 22:02:04,461 [EventQueue-ContainerReportForContainerReportHandler] WARN  container.ContainerReportHandler (AbstractContainerReportHandler.java:updateContainerState(145)) - Container #1 is in OPEN state, but the datanode a1036450-74c2-4405-b4f8-7a994af8c84a{ip: 192.168.69.92, host: pr-hdds-2240-577ml-2645996955, networkLocation: /default-rack, certSerialId: null} reports an CLOSED replica.
2019-10-21 22:02:04,547 [EventQueue-ContainerReportForContainerReportHandler] WARN  container.ContainerReportHandler (AbstractContainerReportHandler.java:updateContainerState(145)) - Container #1 is in OPEN state, but the datanode 95d3bce6-5996-460d-8578-b7f952c18b9c{ip: 192.168.69.92, host: pr-hdds-2240-577ml-2645996955, networkLocation: /default-rack, certSerialId: null} reports an CLOSED replica.
2019-10-21 22:02:04,661 [EventQueue-ContainerReportForContainerReportHandler] WARN  container.ContainerReportHandler (AbstractContainerReportHandler.java:updateContainerState(145)) - Container #1 is in OPEN state, but the datanode a1036450-74c2-4405-b4f8-7a994af8c84a{ip: 192.168.69.92, host: pr-hdds-2240-577ml-2645996955, networkLocation: /default-rack, certSerialId: null} reports an CLOSED replica.
2019-10-21 22:02:04,747 [EventQueue-ContainerReportForContainerReportHandler] WARN  container.ContainerReportHandler (AbstractContainerReportHandler.java:updateContainerState(145)) - Container #1 is in OPEN state, but the datanode 95d3bce6-5996-460d-8578-b7f952c18b9c{ip: 192.168.69.92, host: pr-hdds-2240-577ml-2645996955, networkLocation: /default-rack, certSerialId: null} reports an CLOSED replica.
2019-10-21 22:02:04,957 [BlockDeletingService#2] WARN  background.BlockDeletingService (BlockDeletingService.java:isDeletionAllowed(187)) - Close Container log Index 6 is not replicated across allthe servers in the pipeline 14fb49ee-5d81-4c1e-bb69-5e7a11e15b06 as the min replicated index is 4. Deletion is not allowed in this container yet.
2019-10-21 22:02:04,957 [BlockDeletingService#2] WARN  background.BlockDeletingService (BlockDeletingService.java:isDeletionAllowed(187)) - Close Container log Index 6 is not replicated across allthe servers in the pipeline 14fb49ee-5d81-4c1e-bb69-5e7a11e15b06 as the min replicated index is 4. Deletion is not allowed in this container yet.
2019-10-21 22:02:05,049 [EventQueue-ContainerReportForContainerReportHandler] WARN  container.ContainerReportHandler (AbstractContainerReportHandler.java:updateContainerState(145)) - Container #1 is in OPEN state, but the datanode 95d3bce6-5996-460d-8578-b7f952c18b9c{ip: 192.168.69.92, host: pr-hdds-2240-577ml-2645996955, networkLocation: /default-rack, certSerialId: null} reports an CLOSED replica.
2019-10-21 22:02:05,062 [EventQueue-ContainerReportForContainerReportHandler] WARN  container.ContainerReportHandler (AbstractContainerReportHandler.java:updateContainerState(145)) - Container #1 is in OPEN state, but the datanode a1036450-74c2-4405-b4f8-7a994af8c84a{ip: 192.168.69.92, host: pr-hdds-2240-577ml-2645996955, networkLocation: /default-rack, certSerialId: null} reports an CLOSED replica.
2019-10-21 22:02:05,352 [EventQueue-ContainerReportForContainerReportHandler] WARN  container.ContainerReportHandler (AbstractContainerReportHandler.java:updateContainerState(145)) - Container #1 is in OPEN state, but the datanode 95d3bce6-5996-460d-8578-b7f952c18b9c{ip: 192.168.69.92, host: pr-hdds-2240-577ml-2645996955, networkLocation: /default-rack, certSerialId: null} reports an CLOSED replica.
2019-10-21 22:02:05,462 [EventQueue-ContainerReportForContainerReportHandler] WARN  container.ContainerReportHandler (AbstractContainerReportHandler.java:updateContainerState(145)) - Container #1 is in OPEN state, but the datanode a1036450-74c2-4405-b4f8-7a994af8c84a{ip: 192.168.69.92, host: pr-hdds-2240-577ml-2645996955, networkLocation: /default-rack, certSerialId: null} reports an CLOSED replica.
2019-10-21 22:02:05,549 [EventQueue-ContainerReportForContainerReportHandler] WARN  container.ContainerReportHandler (AbstractContainerReportHandler.java:updateContainerState(145)) - Container #1 is in OPEN state, but the datanode 95d3bce6-5996-460d-8578-b7f952c18b9c{ip: 192.168.69.92, host: pr-hdds-2240-577ml-2645996955, networkLocation: /default-rack, certSerialId: null} reports an CLOSED replica.
2019-10-21 22:02:05,762 [EventQueue-ContainerReportForContainerReportHandler] WARN  container.ContainerReportHandler (AbstractContainerReportHandler.java:updateContainerState(145)) - Container #1 is in OPEN state, but the datanode a1036450-74c2-4405-b4f8-7a994af8c84a{ip: 192.168.69.92, host: pr-hdds-2240-577ml-2645996955, networkLocation: /default-rack, certSerialId: null} reports an CLOSED replica.
2019-10-21 22:02:05,849 [EventQueue-ContainerReportForContainerReportHandler] WARN  container.ContainerReportHandler (AbstractContainerReportHandler.java:updateContainerState(145)) - Container #1 is in OPEN state, but the datanode 95d3bce6-5996-460d-8578-b7f952c18b9c{ip: 192.168.69.92, host: pr-hdds-2240-577ml-2645996955, networkLocation: /default-rack, certSerialId: null} reports an CLOSED replica.
2019-10-21 22:02:05,958 [BlockDeletingService#2] WARN  background.BlockDeletingService (BlockDeletingService.java:isDeletionAllowed(187)) - Close Container log Index 6 is not replicated across allthe servers in the pipeline 14fb49ee-5d81-4c1e-bb69-5e7a11e15b06 as the min replicated index is 4. Deletion is not allowed in this container yet.
2019-10-21 22:02:05,958 [BlockDeletingService#2] WARN  background.BlockDeletingService (BlockDeletingService.java:isDeletionAllowed(187)) - Close Container log Index 6 is not replicated across allthe servers in the pipeline 14fb49ee-5d81-4c1e-bb69-5e7a11e15b06 as the min replicated index is 4. Deletion is not allowed in this container yet.
2019-10-21 22:02:06,047 [java.util.concurrent.ThreadPoolExecutor$Worker@29bacf4c[State = -1, empty queue]] WARN  server.GrpcLogAppender (GrpcLogAppender.java:timeoutAppendRequest(209)) - a1036450-74c2-4405-b4f8-7a994af8c84a@group-5E7A11E15B06->a26a9f1d-c528-4494-83e5-475827f7720e-GrpcLogAppender: appendEntries Timeout, request=a1036450-74c2-4405-b4f8-7a994af8c84a->a26a9f1d-c528-4494-83e5-475827f7720e#42-t2, previous=(t:2, i:10), leaderCommit=10, initializing? false, entries: <empty>
2019-10-21 22:02:06,062 [EventQueue-ContainerReportForContainerReportHandler] WARN  container.ContainerReportHandler (AbstractContainerReportHandler.java:updateContainerState(145)) - Container #1 is in OPEN state, but the datanode a1036450-74c2-4405-b4f8-7a994af8c84a{ip: 192.168.69.92, host: pr-hdds-2240-577ml-2645996955, networkLocation: /default-rack, certSerialId: null} reports an CLOSED replica.
2019-10-21 22:02:06,149 [EventQueue-ContainerReportForContainerReportHandler] WARN  container.ContainerReportHandler (AbstractContainerReportHandler.java:updateContainerState(145)) - Container #1 is in OPEN state, but the datanode 95d3bce6-5996-460d-8578-b7f952c18b9c{ip: 192.168.69.92, host: pr-hdds-2240-577ml-2645996955, networkLocation: /default-rack, certSerialId: null} reports an CLOSED replica.
2019-10-21 22:02:06,349 [EventQueue-ContainerReportForContainerReportHandler] WARN  container.ContainerReportHandler (AbstractContainerReportHandler.java:updateContainerState(145)) - Container #1 is in OPEN state, but the datanode 95d3bce6-5996-460d-8578-b7f952c18b9c{ip: 192.168.69.92, host: pr-hdds-2240-577ml-2645996955, networkLocation: /default-rack, certSerialId: null} reports an CLOSED replica.
2019-10-21 22:02:06,362 [EventQueue-ContainerReportForContainerReportHandler] WARN  container.ContainerReportHandler (AbstractContainerReportHandler.java:updateContainerState(145)) - Container #1 is in OPEN state, but the datanode a1036450-74c2-4405-b4f8-7a994af8c84a{ip: 192.168.69.92, host: pr-hdds-2240-577ml-2645996955, networkLocation: /default-rack, certSerialId: null} reports an CLOSED replica.
2019-10-21 22:02:06,549 [EventQueue-ContainerReportForContainerReportHandler] WARN  container.ContainerReportHandler (AbstractContainerReportHandler.java:updateContainerState(145)) - Container #1 is in OPEN state, but the datanode 95d3bce6-5996-460d-8578-b7f952c18b9c{ip: 192.168.69.92, host: pr-hdds-2240-577ml-2645996955, networkLocation: /default-rack, certSerialId: null} reports an CLOSED replica.
2019-10-21 22:02:06,662 [EventQueue-ContainerReportForContainerReportHandler] WARN  container.ContainerReportHandler (AbstractContainerReportHandler.java:updateContainerState(145)) - Container #1 is in OPEN state, but the datanode a1036450-74c2-4405-b4f8-7a994af8c84a{ip: 192.168.69.92, host: pr-hdds-2240-577ml-2645996955, networkLocation: /default-rack, certSerialId: null} reports an CLOSED replica.
2019-10-21 22:02:06,884 [Thread-468] INFO  client.GrpcClientProtocolService (GrpcClientProtocolService.java:lambda$processClientRequest$0(278)) - Failed RaftClientRequest:client-91F2DA33FCFF->a1036450-74c2-4405-b4f8-7a994af8c84a@group-5E7A11E15B06, cid=10, seq=0, Watch-ALL_COMMITTED(6), Message:<EMPTY>, reply=RaftClientReply:client-91F2DA33FCFF->a1036450-74c2-4405-b4f8-7a994af8c84a@group-5E7A11E15B06, cid=10, FAILED org.apache.ratis.protocol.NotReplicatedException: Request with call Id 10 and log index 6 is not yet replicated to ALL_COMMITTED, logIndex=6, commits[a1036450-74c2-4405-b4f8-7a994af8c84a:c10, a26a9f1d-c528-4494-83e5-475827f7720e:c4, 95d3bce6-5996-460d-8578-b7f952c18b9c:c10]
2019-10-21 22:02:06,949 [EventQueue-ContainerReportForContainerReportHandler] WARN  container.ContainerReportHandler (AbstractContainerReportHandler.java:updateContainerState(145)) - Container #1 is in OPEN state, but the datanode 95d3bce6-5996-460d-8578-b7f952c18b9c{ip: 192.168.69.92, host: pr-hdds-2240-577ml-2645996955, networkLocation: /default-rack, certSerialId: null} reports an CLOSED replica.
2019-10-21 22:02:06,959 [BlockDeletingService#2] WARN  background.BlockDeletingService (BlockDeletingService.java:isDeletionAllowed(187)) - Close Container log Index 6 is not replicated across allthe servers in the pipeline 14fb49ee-5d81-4c1e-bb69-5e7a11e15b06 as the min replicated index is 4. Deletion is not allowed in this container yet.
2019-10-21 22:02:06,959 [BlockDeletingService#2] WARN  background.BlockDeletingService (BlockDeletingService.java:isDeletionAllowed(187)) - Close Container log Index 6 is not replicated across allthe servers in the pipeline 14fb49ee-5d81-4c1e-bb69-5e7a11e15b06 as the min replicated index is 4. Deletion is not allowed in this container yet.
2019-10-21 22:02:06,962 [EventQueue-ContainerReportForContainerReportHandler] WARN  container.ContainerReportHandler (AbstractContainerReportHandler.java:updateContainerState(145)) - Container #1 is in OPEN state, but the datanode a1036450-74c2-4405-b4f8-7a994af8c84a{ip: 192.168.69.92, host: pr-hdds-2240-577ml-2645996955, networkLocation: /default-rack, certSerialId: null} reports an CLOSED replica.
2019-10-21 22:02:07,149 [EventQueue-ContainerReportForContainerReportHandler] WARN  container.ContainerReportHandler (AbstractContainerReportHandler.java:updateContainerState(145)) - Container #1 is in OPEN state, but the datanode 95d3bce6-5996-460d-8578-b7f952c18b9c{ip: 192.168.69.92, host: pr-hdds-2240-577ml-2645996955, networkLocation: /default-rack, certSerialId: null} reports an CLOSED replica.
2019-10-21 22:02:07,162 [EventQueue-ContainerReportForContainerReportHandler] WARN  container.ContainerReportHandler (AbstractContainerReportHandler.java:updateContainerState(145)) - Container #1 is in OPEN state, but the datanode a1036450-74c2-4405-b4f8-7a994af8c84a{ip: 192.168.69.92, host: pr-hdds-2240-577ml-2645996955, networkLocation: /default-rack, certSerialId: null} reports an CLOSED replica.
2019-10-21 22:02:07,349 [EventQueue-ContainerReportForContainerReportHandler] WARN  container.ContainerReportHandler (AbstractContainerReportHandler.java:updateContainerState(145)) - Container #1 is in OPEN state, but the datanode 95d3bce6-5996-460d-8578-b7f952c18b9c{ip: 192.168.69.92, host: pr-hdds-2240-577ml-2645996955, networkLocation: /default-rack, certSerialId: null} reports an CLOSED replica.
2019-10-21 22:02:07,462 [EventQueue-ContainerReportForContainerReportHandler] WARN  container.ContainerReportHandler (AbstractContainerReportHandler.java:updateContainerState(145)) - Container #1 is in OPEN state, but the datanode a1036450-74c2-4405-b4f8-7a994af8c84a{ip: 192.168.69.92, host: pr-hdds-2240-577ml-2645996955, networkLocation: /default-rack, certSerialId: null} reports an CLOSED replica.
2019-10-21 22:02:07,649 [EventQueue-ContainerReportForContainerReportHandler] WARN  container.ContainerReportHandler (AbstractContainerReportHandler.java:updateContainerState(145)) - Container #1 is in OPEN state, but the datanode 95d3bce6-5996-460d-8578-b7f952c18b9c{ip: 192.168.69.92, host: pr-hdds-2240-577ml-2645996955, networkLocation: /default-rack, certSerialId: null} reports an CLOSED replica.
2019-10-21 22:02:07,762 [EventQueue-ContainerReportForContainerReportHandler] WARN  container.ContainerReportHandler (AbstractContainerReportHandler.java:updateContainerState(145)) - Container #1 is in OPEN state, but the datanode a1036450-74c2-4405-b4f8-7a994af8c84a{ip: 192.168.69.92, host: pr-hdds-2240-577ml-2645996955, networkLocation: /default-rack, certSerialId: null} reports an CLOSED replica.
2019-10-21 22:02:07,949 [EventQueue-ContainerReportForContainerReportHandler] WARN  container.ContainerReportHandler (AbstractContainerReportHandler.java:updateContainerState(145)) - Container #1 is in OPEN state, but the datanode 95d3bce6-5996-460d-8578-b7f952c18b9c{ip: 192.168.69.92, host: pr-hdds-2240-577ml-2645996955, networkLocation: /default-rack, certSerialId: null} reports an CLOSED replica.
2019-10-21 22:02:07,962 [BlockDeletingService#2] WARN  background.BlockDeletingService (BlockDeletingService.java:isDeletionAllowed(187)) - Close Container log Index 6 is not replicated across allthe servers in the pipeline 14fb49ee-5d81-4c1e-bb69-5e7a11e15b06 as the min replicated index is 4. Deletion is not allowed in this container yet.
2019-10-21 22:02:07,962 [BlockDeletingService#2] WARN  background.BlockDeletingService (BlockDeletingService.java:isDeletionAllowed(187)) - Close Container log Index 6 is not replicated across allthe servers in the pipeline 14fb49ee-5d81-4c1e-bb69-5e7a11e15b06 as the min replicated index is 4. Deletion is not allowed in this container yet.
2019-10-21 22:02:08,062 [EventQueue-ContainerReportForContainerReportHandler] WARN  container.ContainerReportHandler (AbstractContainerReportHandler.java:updateContainerState(145)) - Container #1 is in OPEN state, but the datanode a1036450-74c2-4405-b4f8-7a994af8c84a{ip: 192.168.69.92, host: pr-hdds-2240-577ml-2645996955, networkLocation: /default-rack, certSerialId: null} reports an CLOSED replica.
2019-10-21 22:02:08,152 [EventQueue-ContainerReportForContainerReportHandler] WARN  container.ContainerReportHandler (AbstractContainerReportHandler.java:updateContainerState(145)) - Container #1 is in OPEN state, but the datanode 95d3bce6-5996-460d-8578-b7f952c18b9c{ip: 192.168.69.92, host: pr-hdds-2240-577ml-2645996955, networkLocation: /default-rack, certSerialId: null} reports an CLOSED replica.
2019-10-21 22:02:08,262 [EventQueue-ContainerReportForContainerReportHandler] WARN  container.ContainerReportHandler (AbstractContainerReportHandler.java:updateContainerState(145)) - Container #1 is in OPEN state, but the datanode a1036450-74c2-4405-b4f8-7a994af8c84a{ip: 192.168.69.92, host: pr-hdds-2240-577ml-2645996955, networkLocation: /default-rack, certSerialId: null} reports an CLOSED replica.
2019-10-21 22:02:08,451 [EventQueue-ContainerReportForContainerReportHandler] WARN  container.ContainerReportHandler (AbstractContainerReportHandler.java:updateContainerState(145)) - Container #1 is in OPEN state, but the datanode 95d3bce6-5996-460d-8578-b7f952c18b9c{ip: 192.168.69.92, host: pr-hdds-2240-577ml-2645996955, networkLocation: /default-rack, certSerialId: null} reports an CLOSED replica.
2019-10-21 22:02:08,548 [java.util.concurrent.ThreadPoolExecutor$Worker@29bacf4c[State = -1, empty queue]] WARN  server.GrpcLogAppender (GrpcLogAppender.java:timeoutAppendRequest(209)) - a1036450-74c2-4405-b4f8-7a994af8c84a@group-5E7A11E15B06->a26a9f1d-c528-4494-83e5-475827f7720e-GrpcLogAppender: appendEntries Timeout, request=a1036450-74c2-4405-b4f8-7a994af8c84a->a26a9f1d-c528-4494-83e5-475827f7720e#43-t2, previous=(t:2, i:10), leaderCommit=10, initializing? false, entries: <empty>
2019-10-21 22:02:08,664 [EventQueue-ContainerReportForContainerReportHandler] WARN  container.ContainerReportHandler (AbstractContainerReportHandler.java:updateContainerState(145)) - Container #1 is in OPEN state, but the datanode a1036450-74c2-4405-b4f8-7a994af8c84a{ip: 192.168.69.92, host: pr-hdds-2240-577ml-2645996955, networkLocation: /default-rack, certSerialId: null} reports an CLOSED replica.
2019-10-21 22:02:08,751 [EventQueue-ContainerReportForContainerReportHandler] WARN  container.ContainerReportHandler (AbstractContainerReportHandler.java:updateContainerState(145)) - Container #1 is in OPEN state, but the datanode 95d3bce6-5996-460d-8578-b7f952c18b9c{ip: 192.168.69.92, host: pr-hdds-2240-577ml-2645996955, networkLocation: /default-rack, certSerialId: null} reports an CLOSED replica.
2019-10-21 22:02:08,964 [BlockDeletingService#2] WARN  background.BlockDeletingService (BlockDeletingService.java:isDeletionAllowed(187)) - Close Container log Index 6 is not replicated across allthe servers in the pipeline 14fb49ee-5d81-4c1e-bb69-5e7a11e15b06 as the min replicated index is 4. Deletion is not allowed in this container yet.
2019-10-21 22:02:08,964 [BlockDeletingService#2] WARN  background.BlockDeletingService (BlockDeletingService.java:isDeletionAllowed(187)) - Close Container log Index 6 is not replicated across allthe servers in the pipeline 14fb49ee-5d81-4c1e-bb69-5e7a11e15b06 as the min replicated index is 4. Deletion is not allowed in this container yet.
2019-10-21 22:02:08,964 [EventQueue-ContainerReportForContainerReportHandler] WARN  container.ContainerReportHandler (AbstractContainerReportHandler.java:updateContainerState(145)) - Container #1 is in OPEN state, but the datanode a1036450-74c2-4405-b4f8-7a994af8c84a{ip: 192.168.69.92, host: pr-hdds-2240-577ml-2645996955, networkLocation: /default-rack, certSerialId: null} reports an CLOSED replica.
2019-10-21 22:02:09,054 [EventQueue-ContainerReportForContainerReportHandler] WARN  container.ContainerReportHandler (AbstractContainerReportHandler.java:updateContainerState(145)) - Container #1 is in OPEN state, but the datanode 95d3bce6-5996-460d-8578-b7f952c18b9c{ip: 192.168.69.92, host: pr-hdds-2240-577ml-2645996955, networkLocation: /default-rack, certSerialId: null} reports an CLOSED replica.
2019-10-21 22:02:09,164 [EventQueue-ContainerReportForContainerReportHandler] WARN  container.ContainerReportHandler (AbstractContainerReportHandler.java:updateContainerState(145)) - Container #1 is in OPEN state, but the datanode a1036450-74c2-4405-b4f8-7a994af8c84a{ip: 192.168.69.92, host: pr-hdds-2240-577ml-2645996955, networkLocation: /default-rack, certSerialId: null} reports an CLOSED replica.
2019-10-21 22:02:09,454 [EventQueue-ContainerReportForContainerReportHandler] WARN  container.ContainerReportHandler (AbstractContainerReportHandler.java:updateContainerState(145)) - Container #1 is in OPEN state, but the datanode 95d3bce6-5996-460d-8578-b7f952c18b9c{ip: 192.168.69.92, host: pr-hdds-2240-577ml-2645996955, networkLocation: /default-rack, certSerialId: null} reports an CLOSED replica.
2019-10-21 22:02:09,464 [EventQueue-ContainerReportForContainerReportHandler] WARN  container.ContainerReportHandler (AbstractContainerReportHandler.java:updateContainerState(145)) - Container #1 is in OPEN state, but the datanode a1036450-74c2-4405-b4f8-7a994af8c84a{ip: 192.168.69.92, host: pr-hdds-2240-577ml-2645996955, networkLocation: /default-rack, certSerialId: null} reports an CLOSED replica.
2019-10-21 22:02:09,655 [EventQueue-ContainerReportForContainerReportHandler] WARN  container.ContainerReportHandler (AbstractContainerReportHandler.java:updateContainerState(145)) - Container #1 is in OPEN state, but the datanode 95d3bce6-5996-460d-8578-b7f952c18b9c{ip: 192.168.69.92, host: pr-hdds-2240-577ml-2645996955, networkLocation: /default-rack, certSerialId: null} reports an CLOSED replica.
2019-10-21 22:02:09,764 [EventQueue-ContainerReportForContainerReportHandler] WARN  container.ContainerReportHandler (AbstractContainerReportHandler.java:updateContainerState(145)) - Container #1 is in OPEN state, but the datanode a1036450-74c2-4405-b4f8-7a994af8c84a{ip: 192.168.69.92, host: pr-hdds-2240-577ml-2645996955, networkLocation: /default-rack, certSerialId: null} reports an CLOSED replica.
2019-10-21 22:02:09,954 [EventQueue-ContainerReportForContainerReportHandler] WARN  container.ContainerReportHandler (AbstractContainerReportHandler.java:updateContainerState(145)) - Container #1 is in OPEN state, but the datanode 95d3bce6-5996-460d-8578-b7f952c18b9c{ip: 192.168.69.92, host: pr-hdds-2240-577ml-2645996955, networkLocation: /default-rack, certSerialId: null} reports an CLOSED replica.
2019-10-21 22:02:09,964 [EventQueue-ContainerReportForContainerReportHandler] WARN  container.ContainerReportHandler (AbstractContainerReportHandler.java:updateContainerState(145)) - Container #1 is in OPEN state, but the datanode a1036450-74c2-4405-b4f8-7a994af8c84a{ip: 192.168.69.92, host: pr-hdds-2240-577ml-2645996955, networkLocation: /default-rack, certSerialId: null} reports an CLOSED replica.
2019-10-21 22:02:09,965 [BlockDeletingService#2] WARN  background.BlockDeletingService (BlockDeletingService.java:isDeletionAllowed(187)) - Close Container log Index 6 is not replicated across allthe servers in the pipeline 14fb49ee-5d81-4c1e-bb69-5e7a11e15b06 as the min replicated index is 4. Deletion is not allowed in this container yet.
2019-10-21 22:02:09,966 [BlockDeletingService#2] WARN  background.BlockDeletingService (BlockDeletingService.java:isDeletionAllowed(187)) - Close Container log Index 6 is not replicated across allthe servers in the pipeline 14fb49ee-5d81-4c1e-bb69-5e7a11e15b06 as the min replicated index is 4. Deletion is not allowed in this container yet.
2019-10-21 22:02:10,154 [EventQueue-ContainerReportForContainerReportHandler] WARN  container.ContainerReportHandler (AbstractContainerReportHandler.java:updateContainerState(145)) - Container #1 is in OPEN state, but the datanode 95d3bce6-5996-460d-8578-b7f952c18b9c{ip: 192.168.69.92, host: pr-hdds-2240-577ml-2645996955, networkLocation: /default-rack, certSerialId: null} reports an CLOSED replica.
2019-10-21 22:02:10,264 [EventQueue-ContainerReportForContainerReportHandler] WARN  container.ContainerReportHandler (AbstractContainerReportHandler.java:updateContainerState(145)) - Container #1 is in OPEN state, but the datanode a1036450-74c2-4405-b4f8-7a994af8c84a{ip: 192.168.69.92, host: pr-hdds-2240-577ml-2645996955, networkLocation: /default-rack, certSerialId: null} reports an CLOSED replica.
2019-10-21 22:02:10,454 [EventQueue-ContainerReportForContainerReportHandler] WARN  container.ContainerReportHandler (AbstractContainerReportHandler.java:updateContainerState(145)) - Container #1 is in OPEN state, but the datanode 95d3bce6-5996-460d-8578-b7f952c18b9c{ip: 192.168.69.92, host: pr-hdds-2240-577ml-2645996955, networkLocation: /default-rack, certSerialId: null} reports an CLOSED replica.
2019-10-21 22:02:10,564 [EventQueue-ContainerReportForContainerReportHandler] WARN  container.ContainerReportHandler (AbstractContainerReportHandler.java:updateContainerState(145)) - Container #1 is in OPEN state, but the datanode a1036450-74c2-4405-b4f8-7a994af8c84a{ip: 192.168.69.92, host: pr-hdds-2240-577ml-2645996955, networkLocation: /default-rack, certSerialId: null} reports an CLOSED replica.
2019-10-21 22:02:10,655 [EventQueue-ContainerReportForContainerReportHandler] WARN  container.ContainerReportHandler (AbstractContainerReportHandler.java:updateContainerState(145)) - Container #1 is in OPEN state, but the datanode 95d3bce6-5996-460d-8578-b7f952c18b9c{ip: 192.168.69.92, host: pr-hdds-2240-577ml-2645996955, networkLocation: /default-rack, certSerialId: null} reports an CLOSED replica.
2019-10-21 22:02:10,764 [EventQueue-ContainerReportForContainerReportHandler] WARN  container.ContainerReportHandler (AbstractContainerReportHandler.java:updateContainerState(145)) - Container #1 is in OPEN state, but the datanode a1036450-74c2-4405-b4f8-7a994af8c84a{ip: 192.168.69.92, host: pr-hdds-2240-577ml-2645996955, networkLocation: /default-rack, certSerialId: null} reports an CLOSED replica.
2019-10-21 22:02:10,955 [EventQueue-ContainerReportForContainerReportHandler] WARN  container.ContainerReportHandler (AbstractContainerReportHandler.java:updateContainerState(145)) - Container #1 is in OPEN state, but the datanode 95d3bce6-5996-460d-8578-b7f952c18b9c{ip: 192.168.69.92, host: pr-hdds-2240-577ml-2645996955, networkLocation: /default-rack, certSerialId: null} reports an CLOSED replica.
2019-10-21 22:02:10,967 [BlockDeletingService#2] WARN  background.BlockDeletingService (BlockDeletingService.java:isDeletionAllowed(187)) - Close Container log Index 6 is not replicated across allthe servers in the pipeline 14fb49ee-5d81-4c1e-bb69-5e7a11e15b06 as the min replicated index is 4. Deletion is not allowed in this container yet.
2019-10-21 22:02:10,967 [BlockDeletingService#2] WARN  background.BlockDeletingService (BlockDeletingService.java:isDeletionAllowed(187)) - Close Container log Index 6 is not replicated across allthe servers in the pipeline 14fb49ee-5d81-4c1e-bb69-5e7a11e15b06 as the min replicated index is 4. Deletion is not allowed in this container yet.
2019-10-21 22:02:11,049 [java.util.concurrent.ThreadPoolExecutor$Worker@29bacf4c[State = -1, empty queue]] WARN  server.GrpcLogAppender (GrpcLogAppender.java:timeoutAppendRequest(209)) - a1036450-74c2-4405-b4f8-7a994af8c84a@group-5E7A11E15B06->a26a9f1d-c528-4494-83e5-475827f7720e-GrpcLogAppender: appendEntries Timeout, request=a1036450-74c2-4405-b4f8-7a994af8c84a->a26a9f1d-c528-4494-83e5-475827f7720e#44-t2, previous=(t:2, i:10), leaderCommit=10, initializing? false, entries: <empty>
2019-10-21 22:02:11,164 [EventQueue-ContainerReportForContainerReportHandler] WARN  container.ContainerReportHandler (AbstractContainerReportHandler.java:updateContainerState(145)) - Container #1 is in OPEN state, but the datanode a1036450-74c2-4405-b4f8-7a994af8c84a{ip: 192.168.69.92, host: pr-hdds-2240-577ml-2645996955, networkLocation: /default-rack, certSerialId: null} reports an CLOSED replica.
2019-10-21 22:02:11,256 [EventQueue-ContainerReportForContainerReportHandler] WARN  container.ContainerReportHandler (AbstractContainerReportHandler.java:updateContainerState(145)) - Container #1 is in OPEN state, but the datanode 95d3bce6-5996-460d-8578-b7f952c18b9c{ip: 192.168.69.92, host: pr-hdds-2240-577ml-2645996955, networkLocation: /default-rack, certSerialId: null} reports an CLOSED replica.
2019-10-21 22:02:11,464 [EventQueue-ContainerReportForContainerReportHandler] WARN  container.ContainerReportHandler (AbstractContainerReportHandler.java:updateContainerState(145)) - Container #1 is in OPEN state, but the datanode a1036450-74c2-4405-b4f8-7a994af8c84a{ip: 192.168.69.92, host: pr-hdds-2240-577ml-2645996955, networkLocation: /default-rack, certSerialId: null} reports an CLOSED replica.
2019-10-21 22:02:11,556 [EventQueue-ContainerReportForContainerReportHandler] WARN  container.ContainerReportHandler (AbstractContainerReportHandler.java:updateContainerState(145)) - Container #1 is in OPEN state, but the datanode 95d3bce6-5996-460d-8578-b7f952c18b9c{ip: 192.168.69.92, host: pr-hdds-2240-577ml-2645996955, networkLocation: /default-rack, certSerialId: null} reports an CLOSED replica.
2019-10-21 22:02:11,757 [EventQueue-ContainerReportForContainerReportHandler] WARN  container.ContainerReportHandler (AbstractContainerReportHandler.java:updateContainerState(145)) - Container #1 is in OPEN state, but the datanode 95d3bce6-5996-460d-8578-b7f952c18b9c{ip: 192.168.69.92, host: pr-hdds-2240-577ml-2645996955, networkLocation: /default-rack, certSerialId: null} reports an CLOSED replica.
2019-10-21 22:02:11,764 [EventQueue-ContainerReportForContainerReportHandler] WARN  container.ContainerReportHandler (AbstractContainerReportHandler.java:updateContainerState(145)) - Container #1 is in OPEN state, but the datanode a1036450-74c2-4405-b4f8-7a994af8c84a{ip: 192.168.69.92, host: pr-hdds-2240-577ml-2645996955, networkLocation: /default-rack, certSerialId: null} reports an CLOSED replica.
2019-10-21 22:02:11,956 [EventQueue-ContainerReportForContainerReportHandler] WARN  container.ContainerReportHandler (AbstractContainerReportHandler.java:updateContainerState(145)) - Container #1 is in OPEN state, but the datanode 95d3bce6-5996-460d-8578-b7f952c18b9c{ip: 192.168.69.92, host: pr-hdds-2240-577ml-2645996955, networkLocation: /default-rack, certSerialId: null} reports an CLOSED replica.
2019-10-21 22:02:11,968 [BlockDeletingService#2] WARN  background.BlockDeletingService (BlockDeletingService.java:isDeletionAllowed(187)) - Close Container log Index 6 is not replicated across allthe servers in the pipeline 14fb49ee-5d81-4c1e-bb69-5e7a11e15b06 as the min replicated index is 4. Deletion is not allowed in this container yet.
2019-10-21 22:02:11,972 [BlockDeletingService#2] WARN  background.BlockDeletingService (BlockDeletingService.java:isDeletionAllowed(187)) - Close Container log Index 6 is not replicated across allthe servers in the pipeline 14fb49ee-5d81-4c1e-bb69-5e7a11e15b06 as the min replicated index is 4. Deletion is not allowed in this container yet.
2019-10-21 22:02:12,064 [EventQueue-ContainerReportForContainerReportHandler] WARN  container.ContainerReportHandler (AbstractContainerReportHandler.java:updateContainerState(145)) - Container #1 is in OPEN state, but the datanode a1036450-74c2-4405-b4f8-7a994af8c84a{ip: 192.168.69.92, host: pr-hdds-2240-577ml-2645996955, networkLocation: /default-rack, certSerialId: null} reports an CLOSED replica.
2019-10-21 22:02:12,256 [EventQueue-ContainerReportForContainerReportHandler] WARN  container.ContainerReportHandler (AbstractContainerReportHandler.java:updateContainerState(145)) - Container #1 is in OPEN state, but the datanode 95d3bce6-5996-460d-8578-b7f952c18b9c{ip: 192.168.69.92, host: pr-hdds-2240-577ml-2645996955, networkLocation: /default-rack, certSerialId: null} reports an CLOSED replica.
2019-10-21 22:02:12,264 [EventQueue-ContainerReportForContainerReportHandler] WARN  container.ContainerReportHandler (AbstractContainerReportHandler.java:updateContainerState(145)) - Container #1 is in OPEN state, but the datanode a1036450-74c2-4405-b4f8-7a994af8c84a{ip: 192.168.69.92, host: pr-hdds-2240-577ml-2645996955, networkLocation: /default-rack, certSerialId: null} reports an CLOSED replica.
2019-10-21 22:02:12,456 [EventQueue-ContainerReportForContainerReportHandler] WARN  container.ContainerReportHandler (AbstractContainerReportHandler.java:updateContainerState(145)) - Container #1 is in OPEN state, but the datanode 95d3bce6-5996-460d-8578-b7f952c18b9c{ip: 192.168.69.92, host: pr-hdds-2240-577ml-2645996955, networkLocation: /default-rack, certSerialId: null} reports an CLOSED replica.
2019-10-21 22:02:12,565 [EventQueue-ContainerReportForContainerReportHandler] WARN  container.ContainerReportHandler (AbstractContainerReportHandler.java:updateContainerState(145)) - Container #1 is in OPEN state, but the datanode a1036450-74c2-4405-b4f8-7a994af8c84a{ip: 192.168.69.92, host: pr-hdds-2240-577ml-2645996955, networkLocation: /default-rack, certSerialId: null} reports an CLOSED replica.
2019-10-21 22:02:12,765 [EventQueue-ContainerReportForContainerReportHandler] WARN  container.ContainerReportHandler (AbstractContainerReportHandler.java:updateContainerState(145)) - Container #1 is in OPEN state, but the datanode a1036450-74c2-4405-b4f8-7a994af8c84a{ip: 192.168.69.92, host: pr-hdds-2240-577ml-2645996955, networkLocation: /default-rack, certSerialId: null} reports an CLOSED replica.
2019-10-21 22:02:12,856 [EventQueue-ContainerReportForContainerReportHandler] WARN  container.ContainerReportHandler (AbstractContainerReportHandler.java:updateContainerState(145)) - Container #1 is in OPEN state, but the datanode 95d3bce6-5996-460d-8578-b7f952c18b9c{ip: 192.168.69.92, host: pr-hdds-2240-577ml-2645996955, networkLocation: /default-rack, certSerialId: null} reports an CLOSED replica.
2019-10-21 22:02:12,970 [BlockDeletingService#2] WARN  background.BlockDeletingService (BlockDeletingService.java:isDeletionAllowed(187)) - Close Container log Index 6 is not replicated across allthe servers in the pipeline 14fb49ee-5d81-4c1e-bb69-5e7a11e15b06 as the min replicated index is 4. Deletion is not allowed in this container yet.
2019-10-21 22:02:12,973 [BlockDeletingService#2] WARN  background.BlockDeletingService (BlockDeletingService.java:isDeletionAllowed(187)) - Close Container log Index 6 is not replicated across allthe servers in the pipeline 14fb49ee-5d81-4c1e-bb69-5e7a11e15b06 as the min replicated index is 4. Deletion is not allowed in this container yet.
2019-10-21 22:02:13,056 [EventQueue-ContainerReportForContainerReportHandler] WARN  container.ContainerReportHandler (AbstractContainerReportHandler.java:updateContainerState(145)) - Container #1 is in OPEN state, but the datanode 95d3bce6-5996-460d-8578-b7f952c18b9c{ip: 192.168.69.92, host: pr-hdds-2240-577ml-2645996955, networkLocation: /default-rack, certSerialId: null} reports an CLOSED replica.
2019-10-21 22:02:13,066 [EventQueue-ContainerReportForContainerReportHandler] WARN  container.ContainerReportHandler (AbstractContainerReportHandler.java:updateContainerState(145)) - Container #1 is in OPEN state, but the datanode a1036450-74c2-4405-b4f8-7a994af8c84a{ip: 192.168.69.92, host: pr-hdds-2240-577ml-2645996955, networkLocation: /default-rack, certSerialId: null} reports an CLOSED replica.
2019-10-21 22:02:13,357 [EventQueue-ContainerReportForContainerReportHandler] WARN  container.ContainerReportHandler (AbstractContainerReportHandler.java:updateContainerState(145)) - Container #1 is in OPEN state, but the datanode 95d3bce6-5996-460d-8578-b7f952c18b9c{ip: 192.168.69.92, host: pr-hdds-2240-577ml-2645996955, networkLocation: /default-rack, certSerialId: null} reports an CLOSED replica.
2019-10-21 22:02:13,466 [EventQueue-ContainerReportForContainerReportHandler] WARN  container.ContainerReportHandler (AbstractContainerReportHandler.java:updateContainerState(145)) - Container #1 is in OPEN state, but the datanode a1036450-74c2-4405-b4f8-7a994af8c84a{ip: 192.168.69.92, host: pr-hdds-2240-577ml-2645996955, networkLocation: /default-rack, certSerialId: null} reports an CLOSED replica.
2019-10-21 22:02:13,549 [java.util.concurrent.ThreadPoolExecutor$Worker@29bacf4c[State = -1, empty queue]] WARN  server.GrpcLogAppender (GrpcLogAppender.java:timeoutAppendRequest(209)) - a1036450-74c2-4405-b4f8-7a994af8c84a@group-5E7A11E15B06->a26a9f1d-c528-4494-83e5-475827f7720e-GrpcLogAppender: appendEntries Timeout, request=a1036450-74c2-4405-b4f8-7a994af8c84a->a26a9f1d-c528-4494-83e5-475827f7720e#45-t2, previous=(t:2, i:10), leaderCommit=10, initializing? false, entries: <empty>
2019-10-21 22:02:13,660 [EventQueue-ContainerReportForContainerReportHandler] WARN  container.ContainerReportHandler (AbstractContainerReportHandler.java:updateContainerState(145)) - Container #1 is in OPEN state, but the datanode 95d3bce6-5996-460d-8578-b7f952c18b9c{ip: 192.168.69.92, host: pr-hdds-2240-577ml-2645996955, networkLocation: /default-rack, certSerialId: null} reports an CLOSED replica.
2019-10-21 22:02:13,766 [EventQueue-ContainerReportForContainerReportHandler] WARN  container.ContainerReportHandler (AbstractContainerReportHandler.java:updateContainerState(145)) - Container #1 is in OPEN state, but the datanode a1036450-74c2-4405-b4f8-7a994af8c84a{ip: 192.168.69.92, host: pr-hdds-2240-577ml-2645996955, networkLocation: /default-rack, certSerialId: null} reports an CLOSED replica.
2019-10-21 22:02:13,956 [EventQueue-ContainerReportForContainerReportHandler] WARN  container.ContainerReportHandler (AbstractContainerReportHandler.java:updateContainerState(145)) - Container #1 is in OPEN state, but the datanode 95d3bce6-5996-460d-8578-b7f952c18b9c{ip: 192.168.69.92, host: pr-hdds-2240-577ml-2645996955, networkLocation: /default-rack, certSerialId: null} reports an CLOSED replica.
2019-10-21 22:02:13,972 [BlockDeletingService#2] WARN  background.BlockDeletingService (BlockDeletingService.java:isDeletionAllowed(187)) - Close Container log Index 6 is not replicated across allthe servers in the pipeline 14fb49ee-5d81-4c1e-bb69-5e7a11e15b06 as the min replicated index is 4. Deletion is not allowed in this container yet.
2019-10-21 22:02:13,974 [BlockDeletingService#2] WARN  background.BlockDeletingService (BlockDeletingService.java:isDeletionAllowed(187)) - Close Container log Index 6 is not replicated across allthe servers in the pipeline 14fb49ee-5d81-4c1e-bb69-5e7a11e15b06 as the min replicated index is 4. Deletion is not allowed in this container yet.
2019-10-21 22:02:14,166 [EventQueue-ContainerReportForContainerReportHandler] WARN  container.ContainerReportHandler (AbstractContainerReportHandler.java:updateContainerState(145)) - Container #1 is in OPEN state, but the datanode a1036450-74c2-4405-b4f8-7a994af8c84a{ip: 192.168.69.92, host: pr-hdds-2240-577ml-2645996955, networkLocation: /default-rack, certSerialId: null} reports an CLOSED replica.
2019-10-21 22:02:14,257 [EventQueue-ContainerReportForContainerReportHandler] WARN  container.ContainerReportHandler (AbstractContainerReportHandler.java:updateContainerState(145)) - Container #1 is in OPEN state, but the datanode 95d3bce6-5996-460d-8578-b7f952c18b9c{ip: 192.168.69.92, host: pr-hdds-2240-577ml-2645996955, networkLocation: /default-rack, certSerialId: null} reports an CLOSED replica.
2019-10-21 22:02:14,466 [EventQueue-ContainerReportForContainerReportHandler] WARN  container.ContainerReportHandler (AbstractContainerReportHandler.java:updateContainerState(145)) - Container #1 is in OPEN state, but the datanode a1036450-74c2-4405-b4f8-7a994af8c84a{ip: 192.168.69.92, host: pr-hdds-2240-577ml-2645996955, networkLocation: /default-rack, certSerialId: null} reports an CLOSED replica.
2019-10-21 22:02:14,557 [EventQueue-ContainerReportForContainerReportHandler] WARN  container.ContainerReportHandler (AbstractContainerReportHandler.java:updateContainerState(145)) - Container #1 is in OPEN state, but the datanode 95d3bce6-5996-460d-8578-b7f952c18b9c{ip: 192.168.69.92, host: pr-hdds-2240-577ml-2645996955, networkLocation: /default-rack, certSerialId: null} reports an CLOSED replica.
2019-10-21 22:02:14,759 [EventQueue-ContainerReportForContainerReportHandler] WARN  container.ContainerReportHandler (AbstractContainerReportHandler.java:updateContainerState(145)) - Container #1 is in OPEN state, but the datanode 95d3bce6-5996-460d-8578-b7f952c18b9c{ip: 192.168.69.92, host: pr-hdds-2240-577ml-2645996955, networkLocation: /default-rack, certSerialId: null} reports an CLOSED replica.
2019-10-21 22:02:14,902 [EventQueue-ContainerReportForContainerReportHandler] WARN  container.ContainerReportHandler (AbstractContainerReportHandler.java:updateContainerState(145)) - Container #1 is in OPEN state, but the datanode a1036450-74c2-4405-b4f8-7a994af8c84a{ip: 192.168.69.92, host: pr-hdds-2240-577ml-2645996955, networkLocation: /default-rack, certSerialId: null} reports an CLOSED replica.
2019-10-21 22:02:14,973 [BlockDeletingService#2] WARN  background.BlockDeletingService (BlockDeletingService.java:isDeletionAllowed(187)) - Close Container log Index 6 is not replicated across allthe servers in the pipeline 14fb49ee-5d81-4c1e-bb69-5e7a11e15b06 as the min replicated index is 4. Deletion is not allowed in this container yet.
2019-10-21 22:02:14,975 [BlockDeletingService#2] WARN  background.BlockDeletingService (BlockDeletingService.java:isDeletionAllowed(187)) - Close Container log Index 6 is not replicated across allthe servers in the pipeline 14fb49ee-5d81-4c1e-bb69-5e7a11e15b06 as the min replicated index is 4. Deletion is not allowed in this container yet.
2019-10-21 22:02:15,062 [EventQueue-ContainerReportForContainerReportHandler] WARN  container.ContainerReportHandler (AbstractContainerReportHandler.java:updateContainerState(145)) - Container #1 is in OPEN state, but the datanode 95d3bce6-5996-460d-8578-b7f952c18b9c{ip: 192.168.69.92, host: pr-hdds-2240-577ml-2645996955, networkLocation: /default-rack, certSerialId: null} reports an CLOSED replica.
2019-10-21 22:02:15,066 [EventQueue-ContainerReportForContainerReportHandler] WARN  container.ContainerReportHandler (AbstractContainerReportHandler.java:updateContainerState(145)) - Container #1 is in OPEN state, but the datanode a1036450-74c2-4405-b4f8-7a994af8c84a{ip: 192.168.69.92, host: pr-hdds-2240-577ml-2645996955, networkLocation: /default-rack, certSerialId: null} reports an CLOSED replica.
2019-10-21 22:02:15,267 [EventQueue-ContainerReportForContainerReportHandler] WARN  container.ContainerReportHandler (AbstractContainerReportHandler.java:updateContainerState(145)) - Container #1 is in OPEN state, but the datanode a1036450-74c2-4405-b4f8-7a994af8c84a{ip: 192.168.69.92, host: pr-hdds-2240-577ml-2645996955, networkLocation: /default-rack, certSerialId: null} reports an CLOSED replica.
2019-10-21 22:02:15,363 [EventQueue-ContainerReportForContainerReportHandler] WARN  container.ContainerReportHandler (AbstractContainerReportHandler.java:updateContainerState(145)) - Container #1 is in OPEN state, but the datanode 95d3bce6-5996-460d-8578-b7f952c18b9c{ip: 192.168.69.92, host: pr-hdds-2240-577ml-2645996955, networkLocation: /default-rack, certSerialId: null} reports an CLOSED replica.
2019-10-21 22:02:15,568 [EventQueue-ContainerReportForContainerReportHandler] WARN  container.ContainerReportHandler (AbstractContainerReportHandler.java:updateContainerState(145)) - Container #1 is in OPEN state, but the datanode a1036450-74c2-4405-b4f8-7a994af8c84a{ip: 192.168.69.92, host: pr-hdds-2240-577ml-2645996955, networkLocation: /default-rack, certSerialId: null} reports an CLOSED replica.
2019-10-21 22:02:15,715 [Thread-493] INFO  client.GrpcClientProtocolService (GrpcClientProtocolService.java:lambda$processClientRequest$0(278)) - Failed RaftClientRequest:client-91F2DA33FCFF->95d3bce6-5996-460d-8578-b7f952c18b9c@group-5E7A11E15B06, cid=10, seq=0, Watch-ALL_COMMITTED(6), Message:<EMPTY>, reply=RaftClientReply:client-91F2DA33FCFF->95d3bce6-5996-460d-8578-b7f952c18b9c@group-5E7A11E15B06, cid=10, FAILED org.apache.ratis.protocol.NotLeaderException: Server 95d3bce6-5996-460d-8578-b7f952c18b9c@group-5E7A11E15B06 is not the leader a1036450-74c2-4405-b4f8-7a994af8c84a:192.168.69.92:36225, logIndex=0, commits[95d3bce6-5996-460d-8578-b7f952c18b9c:c10, a26a9f1d-c528-4494-83e5-475827f7720e:c4, a1036450-74c2-4405-b4f8-7a994af8c84a:c10]
2019-10-21 22:02:15,762 [EventQueue-ContainerReportForContainerReportHandler] WARN  container.ContainerReportHandler (AbstractContainerReportHandler.java:updateContainerState(145)) - Container #1 is in OPEN state, but the datanode 95d3bce6-5996-460d-8578-b7f952c18b9c{ip: 192.168.69.92, host: pr-hdds-2240-577ml-2645996955, networkLocation: /default-rack, certSerialId: null} reports an CLOSED replica.
2019-10-21 22:02:15,969 [EventQueue-ContainerReportForContainerReportHandler] WARN  container.ContainerReportHandler (AbstractContainerReportHandler.java:updateContainerState(145)) - Container #1 is in OPEN state, but the datanode a1036450-74c2-4405-b4f8-7a994af8c84a{ip: 192.168.69.92, host: pr-hdds-2240-577ml-2645996955, networkLocation: /default-rack, certSerialId: null} reports an CLOSED replica.
2019-10-21 22:02:15,974 [BlockDeletingService#2] WARN  background.BlockDeletingService (BlockDeletingService.java:isDeletionAllowed(187)) - Close Container log Index 6 is not replicated across allthe servers in the pipeline 14fb49ee-5d81-4c1e-bb69-5e7a11e15b06 as the min replicated index is 4. Deletion is not allowed in this container yet.
2019-10-21 22:02:15,976 [BlockDeletingService#2] WARN  background.BlockDeletingService (BlockDeletingService.java:isDeletionAllowed(187)) - Close Container log Index 6 is not replicated across allthe servers in the pipeline 14fb49ee-5d81-4c1e-bb69-5e7a11e15b06 as the min replicated index is 4. Deletion is not allowed in this container yet.
2019-10-21 22:02:16,051 [java.util.concurrent.ThreadPoolExecutor$Worker@29bacf4c[State = -1, empty queue]] WARN  server.GrpcLogAppender (GrpcLogAppender.java:timeoutAppendRequest(209)) - a1036450-74c2-4405-b4f8-7a994af8c84a@group-5E7A11E15B06->a26a9f1d-c528-4494-83e5-475827f7720e-GrpcLogAppender: appendEntries Timeout, request=a1036450-74c2-4405-b4f8-7a994af8c84a->a26a9f1d-c528-4494-83e5-475827f7720e#46-t2, previous=(t:2, i:10), leaderCommit=10, initializing? false, entries: <empty>
2019-10-21 22:02:16,162 [EventQueue-ContainerReportForContainerReportHandler] WARN  container.ContainerReportHandler (AbstractContainerReportHandler.java:updateContainerState(145)) - Container #1 is in OPEN state, but the datanode 95d3bce6-5996-460d-8578-b7f952c18b9c{ip: 192.168.69.92, host: pr-hdds-2240-577ml-2645996955, networkLocation: /default-rack, certSerialId: null} reports an CLOSED replica.
2019-10-21 22:02:16,269 [EventQueue-ContainerReportForContainerReportHandler] WARN  container.ContainerReportHandler (AbstractContainerReportHandler.java:updateContainerState(145)) - Container #1 is in OPEN state, but the datanode a1036450-74c2-4405-b4f8-7a994af8c84a{ip: 192.168.69.92, host: pr-hdds-2240-577ml-2645996955, networkLocation: /default-rack, certSerialId: null} reports an CLOSED replica.
2019-10-21 22:02:16,362 [EventQueue-ContainerReportForContainerReportHandler] WARN  container.ContainerReportHandler (AbstractContainerReportHandler.java:updateContainerState(145)) - Container #1 is in OPEN state, but the datanode 95d3bce6-5996-460d-8578-b7f952c18b9c{ip: 192.168.69.92, host: pr-hdds-2240-577ml-2645996955, networkLocation: /default-rack, certSerialId: null} reports an CLOSED replica.
2019-10-21 22:02:16,662 [EventQueue-ContainerReportForContainerReportHandler] WARN  container.ContainerReportHandler (AbstractContainerReportHandler.java:updateContainerState(145)) - Container #1 is in OPEN state, but the datanode 95d3bce6-5996-460d-8578-b7f952c18b9c{ip: 192.168.69.92, host: pr-hdds-2240-577ml-2645996955, networkLocation: /default-rack, certSerialId: null} reports an CLOSED replica.
2019-10-21 22:02:16,669 [EventQueue-ContainerReportForContainerReportHandler] WARN  container.ContainerReportHandler (AbstractContainerReportHandler.java:updateContainerState(145)) - Container #1 is in OPEN state, but the datanode a1036450-74c2-4405-b4f8-7a994af8c84a{ip: 192.168.69.92, host: pr-hdds-2240-577ml-2645996955, networkLocation: /default-rack, certSerialId: null} reports an CLOSED replica.
2019-10-21 22:02:16,884 [Thread-498] INFO  client.GrpcClientProtocolService (GrpcClientProtocolService.java:lambda$processClientRequest$0(278)) - Failed RaftClientRequest:client-91F2DA33FCFF->a1036450-74c2-4405-b4f8-7a994af8c84a@group-5E7A11E15B06, cid=10, seq=0, Watch-ALL_COMMITTED(6), Message:<EMPTY>, reply=RaftClientReply:client-91F2DA33FCFF->a1036450-74c2-4405-b4f8-7a994af8c84a@group-5E7A11E15B06, cid=10, FAILED org.apache.ratis.protocol.NotReplicatedException: Request with call Id 10 and log index 6 is not yet replicated to ALL_COMMITTED, logIndex=6, commits[a1036450-74c2-4405-b4f8-7a994af8c84a:c10, a26a9f1d-c528-4494-83e5-475827f7720e:c4, 95d3bce6-5996-460d-8578-b7f952c18b9c:c10]
2019-10-21 22:02:16,969 [EventQueue-ContainerReportForContainerReportHandler] WARN  container.ContainerReportHandler (AbstractContainerReportHandler.java:updateContainerState(145)) - Container #1 is in OPEN state, but the datanode a1036450-74c2-4405-b4f8-7a994af8c84a{ip: 192.168.69.92, host: pr-hdds-2240-577ml-2645996955, networkLocation: /default-rack, certSerialId: null} reports an CLOSED replica.
2019-10-21 22:02:16,976 [BlockDeletingService#2] WARN  background.BlockDeletingService (BlockDeletingService.java:isDeletionAllowed(187)) - Close Container log Index 6 is not replicated across allthe servers in the pipeline 14fb49ee-5d81-4c1e-bb69-5e7a11e15b06 as the min replicated index is 4. Deletion is not allowed in this container yet.
2019-10-21 22:02:16,978 [BlockDeletingService#2] WARN  background.BlockDeletingService (BlockDeletingService.java:isDeletionAllowed(187)) - Close Container log Index 6 is not replicated across allthe servers in the pipeline 14fb49ee-5d81-4c1e-bb69-5e7a11e15b06 as the min replicated index is 4. Deletion is not allowed in this container yet.
2019-10-21 22:02:17,062 [EventQueue-ContainerReportForContainerReportHandler] WARN  container.ContainerReportHandler (AbstractContainerReportHandler.java:updateContainerState(145)) - Container #1 is in OPEN state, but the datanode 95d3bce6-5996-460d-8578-b7f952c18b9c{ip: 192.168.69.92, host: pr-hdds-2240-577ml-2645996955, networkLocation: /default-rack, certSerialId: null} reports an CLOSED replica.
2019-10-21 22:02:17,269 [EventQueue-ContainerReportForContainerReportHandler] WARN  container.ContainerReportHandler (AbstractContainerReportHandler.java:updateContainerState(145)) - Container #1 is in OPEN state, but the datanode a1036450-74c2-4405-b4f8-7a994af8c84a{ip: 192.168.69.92, host: pr-hdds-2240-577ml-2645996955, networkLocation: /default-rack, certSerialId: null} reports an CLOSED replica.
2019-10-21 22:02:17,462 [EventQueue-ContainerReportForContainerReportHandler] WARN  container.ContainerReportHandler (AbstractContainerReportHandler.java:updateContainerState(145)) - Container #1 is in OPEN state, but the datanode 95d3bce6-5996-460d-8578-b7f952c18b9c{ip: 192.168.69.92, host: pr-hdds-2240-577ml-2645996955, networkLocation: /default-rack, certSerialId: null} reports an CLOSED replica.
2019-10-21 22:02:17,569 [EventQueue-ContainerReportForContainerReportHandler] WARN  container.ContainerReportHandler (AbstractContainerReportHandler.java:updateContainerState(145)) - Container #1 is in OPEN state, but the datanode a1036450-74c2-4405-b4f8-7a994af8c84a{ip: 192.168.69.92, host: pr-hdds-2240-577ml-2645996955, networkLocation: /default-rack, certSerialId: null} reports an CLOSED replica.
2019-10-21 22:02:17,662 [EventQueue-ContainerReportForContainerReportHandler] WARN  container.ContainerReportHandler (AbstractContainerReportHandler.java:updateContainerState(145)) - Container #1 is in OPEN state, but the datanode 95d3bce6-5996-460d-8578-b7f952c18b9c{ip: 192.168.69.92, host: pr-hdds-2240-577ml-2645996955, networkLocation: /default-rack, certSerialId: null} reports an CLOSED replica.
2019-10-21 22:02:17,863 [EventQueue-ContainerReportForContainerReportHandler] WARN  container.ContainerReportHandler (AbstractContainerReportHandler.java:updateContainerState(145)) - Container #1 is in OPEN state, but the datanode 95d3bce6-5996-460d-8578-b7f952c18b9c{ip: 192.168.69.92, host: pr-hdds-2240-577ml-2645996955, networkLocation: /default-rack, certSerialId: null} reports an CLOSED replica.
2019-10-21 22:02:17,969 [EventQueue-ContainerReportForContainerReportHandler] WARN  container.ContainerReportHandler (AbstractContainerReportHandler.java:updateContainerState(145)) - Container #1 is in OPEN state, but the datanode a1036450-74c2-4405-b4f8-7a994af8c84a{ip: 192.168.69.92, host: pr-hdds-2240-577ml-2645996955, networkLocation: /default-rack, certSerialId: null} reports an CLOSED replica.
2019-10-21 22:02:17,978 [BlockDeletingService#2] WARN  background.BlockDeletingService (BlockDeletingService.java:isDeletionAllowed(187)) - Close Container log Index 6 is not replicated across allthe servers in the pipeline 14fb49ee-5d81-4c1e-bb69-5e7a11e15b06 as the min replicated index is 4. Deletion is not allowed in this container yet.
2019-10-21 22:02:17,979 [BlockDeletingService#2] WARN  background.BlockDeletingService (BlockDeletingService.java:isDeletionAllowed(187)) - Close Container log Index 6 is not replicated across allthe servers in the pipeline 14fb49ee-5d81-4c1e-bb69-5e7a11e15b06 as the min replicated index is 4. Deletion is not allowed in this container yet.
2019-10-21 22:02:18,162 [EventQueue-ContainerReportForContainerReportHandler] WARN  container.ContainerReportHandler (AbstractContainerReportHandler.java:updateContainerState(145)) - Container #1 is in OPEN state, but the datanode 95d3bce6-5996-460d-8578-b7f952c18b9c{ip: 192.168.69.92, host: pr-hdds-2240-577ml-2645996955, networkLocation: /default-rack, certSerialId: null} reports an CLOSED replica.
2019-10-21 22:02:18,269 [EventQueue-ContainerReportForContainerReportHandler] WARN  container.ContainerReportHandler (AbstractContainerReportHandler.java:updateContainerState(145)) - Container #1 is in OPEN state, but the datanode a1036450-74c2-4405-b4f8-7a994af8c84a{ip: 192.168.69.92, host: pr-hdds-2240-577ml-2645996955, networkLocation: /default-rack, certSerialId: null} reports an CLOSED replica.
2019-10-21 22:02:18,462 [EventQueue-ContainerReportForContainerReportHandler] WARN  container.ContainerReportHandler (AbstractContainerReportHandler.java:updateContainerState(145)) - Container #1 is in OPEN state, but the datanode 95d3bce6-5996-460d-8578-b7f952c18b9c{ip: 192.168.69.92, host: pr-hdds-2240-577ml-2645996955, networkLocation: /default-rack, certSerialId: null} reports an CLOSED replica.
2019-10-21 22:02:18,552 [java.util.concurrent.ThreadPoolExecutor$Worker@29bacf4c[State = -1, empty queue]] WARN  server.GrpcLogAppender (GrpcLogAppender.java:timeoutAppendRequest(209)) - a1036450-74c2-4405-b4f8-7a994af8c84a@group-5E7A11E15B06->a26a9f1d-c528-4494-83e5-475827f7720e-GrpcLogAppender: appendEntries Timeout, request=a1036450-74c2-4405-b4f8-7a994af8c84a->a26a9f1d-c528-4494-83e5-475827f7720e#47-t2, previous=(t:2, i:10), leaderCommit=10, initializing? false, entries: <empty>
2019-10-21 22:02:18,662 [EventQueue-ContainerReportForContainerReportHandler] WARN  container.ContainerReportHandler (AbstractContainerReportHandler.java:updateContainerState(145)) - Container #1 is in OPEN state, but the datanode 95d3bce6-5996-460d-8578-b7f952c18b9c{ip: 192.168.69.92, host: pr-hdds-2240-577ml-2645996955, networkLocation: /default-rack, certSerialId: null} reports an CLOSED replica.
2019-10-21 22:02:18,669 [EventQueue-ContainerReportForContainerReportHandler] WARN  container.ContainerReportHandler (AbstractContainerReportHandler.java:updateContainerState(145)) - Container #1 is in OPEN state, but the datanode a1036450-74c2-4405-b4f8-7a994af8c84a{ip: 192.168.69.92, host: pr-hdds-2240-577ml-2645996955, networkLocation: /default-rack, certSerialId: null} reports an CLOSED replica.
2019-10-21 22:02:18,962 [EventQueue-ContainerReportForContainerReportHandler] WARN  container.ContainerReportHandler (AbstractContainerReportHandler.java:updateContainerState(145)) - Container #1 is in OPEN state, but the datanode 95d3bce6-5996-460d-8578-b7f952c18b9c{ip: 192.168.69.92, host: pr-hdds-2240-577ml-2645996955, networkLocation: /default-rack, certSerialId: null} reports an CLOSED replica.
2019-10-21 22:02:18,980 [BlockDeletingService#2] WARN  background.BlockDeletingService (BlockDeletingService.java:isDeletionAllowed(187)) - Close Container log Index 6 is not replicated across allthe servers in the pipeline 14fb49ee-5d81-4c1e-bb69-5e7a11e15b06 as the min replicated index is 4. Deletion is not allowed in this container yet.
2019-10-21 22:02:18,980 [BlockDeletingService#2] WARN  background.BlockDeletingService (BlockDeletingService.java:isDeletionAllowed(187)) - Close Container log Index 6 is not replicated across allthe servers in the pipeline 14fb49ee-5d81-4c1e-bb69-5e7a11e15b06 as the min replicated index is 4. Deletion is not allowed in this container yet.
2019-10-21 22:02:19,071 [EventQueue-ContainerReportForContainerReportHandler] WARN  container.ContainerReportHandler (AbstractContainerReportHandler.java:updateContainerState(145)) - Container #1 is in OPEN state, but the datanode a1036450-74c2-4405-b4f8-7a994af8c84a{ip: 192.168.69.92, host: pr-hdds-2240-577ml-2645996955, networkLocation: /default-rack, certSerialId: null} reports an CLOSED replica.
2019-10-21 22:02:19,263 [EventQueue-ContainerReportForContainerReportHandler] WARN  container.ContainerReportHandler (AbstractContainerReportHandler.java:updateContainerState(145)) - Container #1 is in OPEN state, but the datanode 95d3bce6-5996-460d-8578-b7f952c18b9c{ip: 192.168.69.92, host: pr-hdds-2240-577ml-2645996955, networkLocation: /default-rack, certSerialId: null} reports an CLOSED replica.
2019-10-21 22:02:19,472 [EventQueue-ContainerReportForContainerReportHandler] WARN  container.ContainerReportHandler (AbstractContainerReportHandler.java:updateContainerState(145)) - Container #1 is in OPEN state, but the datanode a1036450-74c2-4405-b4f8-7a994af8c84a{ip: 192.168.69.92, host: pr-hdds-2240-577ml-2645996955, networkLocation: /default-rack, certSerialId: null} reports an CLOSED replica.
2019-10-21 22:02:19,565 [EventQueue-ContainerReportForContainerReportHandler] WARN  container.ContainerReportHandler (AbstractContainerReportHandler.java:updateContainerState(145)) - Container #1 is in OPEN state, but the datanode 95d3bce6-5996-460d-8578-b7f952c18b9c{ip: 192.168.69.92, host: pr-hdds-2240-577ml-2645996955, networkLocation: /default-rack, certSerialId: null} reports an CLOSED replica.
2019-10-21 22:02:19,673 [EventQueue-ContainerReportForContainerReportHandler] WARN  container.ContainerReportHandler (AbstractContainerReportHandler.java:updateContainerState(145)) - Container #1 is in OPEN state, but the datanode a1036450-74c2-4405-b4f8-7a994af8c84a{ip: 192.168.69.92, host: pr-hdds-2240-577ml-2645996955, networkLocation: /default-rack, certSerialId: null} reports an CLOSED replica.
2019-10-21 22:02:19,865 [EventQueue-ContainerReportForContainerReportHandler] WARN  container.ContainerReportHandler (AbstractContainerReportHandler.java:updateContainerState(145)) - Container #1 is in OPEN state, but the datanode 95d3bce6-5996-460d-8578-b7f952c18b9c{ip: 192.168.69.92, host: pr-hdds-2240-577ml-2645996955, networkLocation: /default-rack, certSerialId: null} reports an CLOSED replica.
2019-10-21 22:02:19,875 [EventQueue-ContainerReportForContainerReportHandler] WARN  container.ContainerReportHandler (AbstractContainerReportHandler.java:updateContainerState(145)) - Container #1 is in OPEN state, but the datanode a1036450-74c2-4405-b4f8-7a994af8c84a{ip: 192.168.69.92, host: pr-hdds-2240-577ml-2645996955, networkLocation: /default-rack, certSerialId: null} reports an CLOSED replica.
2019-10-21 22:02:19,981 [BlockDeletingService#2] WARN  background.BlockDeletingService (BlockDeletingService.java:isDeletionAllowed(187)) - Close Container log Index 6 is not replicated across allthe servers in the pipeline 14fb49ee-5d81-4c1e-bb69-5e7a11e15b06 as the min replicated index is 4. Deletion is not allowed in this container yet.
2019-10-21 22:02:19,981 [BlockDeletingService#2] WARN  background.BlockDeletingService (BlockDeletingService.java:isDeletionAllowed(187)) - Close Container log Index 6 is not replicated across allthe servers in the pipeline 14fb49ee-5d81-4c1e-bb69-5e7a11e15b06 as the min replicated index is 4. Deletion is not allowed in this container yet.
2019-10-21 22:02:20,165 [EventQueue-ContainerReportForContainerReportHandler] WARN  container.ContainerReportHandler (AbstractContainerReportHandler.java:updateContainerState(145)) - Container #1 is in OPEN state, but the datanode 95d3bce6-5996-460d-8578-b7f952c18b9c{ip: 192.168.69.92, host: pr-hdds-2240-577ml-2645996955, networkLocation: /default-rack, certSerialId: null} reports an CLOSED replica.
2019-10-21 22:02:20,275 [EventQueue-ContainerReportForContainerReportHandler] WARN  container.ContainerReportHandler (AbstractContainerReportHandler.java:updateContainerState(145)) - Container #1 is in OPEN state, but the datanode a1036450-74c2-4405-b4f8-7a994af8c84a{ip: 192.168.69.92, host: pr-hdds-2240-577ml-2645996955, networkLocation: /default-rack, certSerialId: null} reports an CLOSED replica.
2019-10-21 22:02:20,366 [EventQueue-ContainerReportForContainerReportHandler] WARN  container.ContainerReportHandler (AbstractContainerReportHandler.java:updateContainerState(145)) - Container #1 is in OPEN state, but the datanode 95d3bce6-5996-460d-8578-b7f952c18b9c{ip: 192.168.69.92, host: pr-hdds-2240-577ml-2645996955, networkLocation: /default-rack, certSerialId: null} reports an CLOSED replica.
2019-10-21 22:02:20,675 [EventQueue-ContainerReportForContainerReportHandler] WARN  container.ContainerReportHandler (AbstractContainerReportHandler.java:updateContainerState(145)) - Container #1 is in OPEN state, but the datanode a1036450-74c2-4405-b4f8-7a994af8c84a{ip: 192.168.69.92, host: pr-hdds-2240-577ml-2645996955, networkLocation: /default-rack, certSerialId: null} reports an CLOSED replica.
2019-10-21 22:02:20,767 [EventQueue-ContainerReportForContainerReportHandler] WARN  container.ContainerReportHandler (AbstractContainerReportHandler.java:updateContainerState(145)) - Container #1 is in OPEN state, but the datanode 95d3bce6-5996-460d-8578-b7f952c18b9c{ip: 192.168.69.92, host: pr-hdds-2240-577ml-2645996955, networkLocation: /default-rack, certSerialId: null} reports an CLOSED replica.
2019-10-21 22:02:20,875 [EventQueue-ContainerReportForContainerReportHandler] WARN  container.ContainerReportHandler (AbstractContainerReportHandler.java:updateContainerState(145)) - Container #1 is in OPEN state, but the datanode a1036450-74c2-4405-b4f8-7a994af8c84a{ip: 192.168.69.92, host: pr-hdds-2240-577ml-2645996955, networkLocation: /default-rack, certSerialId: null} reports an CLOSED replica.
2019-10-21 22:02:20,968 [EventQueue-ContainerReportForContainerReportHandler] WARN  container.ContainerReportHandler (AbstractContainerReportHandler.java:updateContainerState(145)) - Container #1 is in OPEN state, but the datanode 95d3bce6-5996-460d-8578-b7f952c18b9c{ip: 192.168.69.92, host: pr-hdds-2240-577ml-2645996955, networkLocation: /default-rack, certSerialId: null} reports an CLOSED replica.
2019-10-21 22:02:20,982 [BlockDeletingService#2] WARN  background.BlockDeletingService (BlockDeletingService.java:isDeletionAllowed(187)) - Close Container log Index 6 is not replicated across allthe servers in the pipeline 14fb49ee-5d81-4c1e-bb69-5e7a11e15b06 as the min replicated index is 4. Deletion is not allowed in this container yet.
2019-10-21 22:02:20,983 [BlockDeletingService#2] WARN  background.BlockDeletingService (BlockDeletingService.java:isDeletionAllowed(187)) - Close Container log Index 6 is not replicated across allthe servers in the pipeline 14fb49ee-5d81-4c1e-bb69-5e7a11e15b06 as the min replicated index is 4. Deletion is not allowed in this container yet.
2019-10-21 22:02:21,052 [java.util.concurrent.ThreadPoolExecutor$Worker@29bacf4c[State = -1, empty queue]] WARN  server.GrpcLogAppender (GrpcLogAppender.java:timeoutAppendRequest(209)) - a1036450-74c2-4405-b4f8-7a994af8c84a@group-5E7A11E15B06->a26a9f1d-c528-4494-83e5-475827f7720e-GrpcLogAppender: appendEntries Timeout, request=a1036450-74c2-4405-b4f8-7a994af8c84a->a26a9f1d-c528-4494-83e5-475827f7720e#48-t2, previous=(t:2, i:10), leaderCommit=10, initializing? false, entries: <empty>
2019-10-21 22:02:21,277 [EventQueue-ContainerReportForContainerReportHandler] WARN  container.ContainerReportHandler (AbstractContainerReportHandler.java:updateContainerState(145)) - Container #1 is in OPEN state, but the datanode a1036450-74c2-4405-b4f8-7a994af8c84a{ip: 192.168.69.92, host: pr-hdds-2240-577ml-2645996955, networkLocation: /default-rack, certSerialId: null} reports an CLOSED replica.
2019-10-21 22:02:21,369 [EventQueue-ContainerReportForContainerReportHandler] WARN  container.ContainerReportHandler (AbstractContainerReportHandler.java:updateContainerState(145)) - Container #1 is in OPEN state, but the datanode 95d3bce6-5996-460d-8578-b7f952c18b9c{ip: 192.168.69.92, host: pr-hdds-2240-577ml-2645996955, networkLocation: /default-rack, certSerialId: null} reports an CLOSED replica.
2019-10-21 22:02:21,477 [EventQueue-ContainerReportForContainerReportHandler] WARN  container.ContainerReportHandler (AbstractContainerReportHandler.java:updateContainerState(145)) - Container #1 is in OPEN state, but the datanode a1036450-74c2-4405-b4f8-7a994af8c84a{ip: 192.168.69.92, host: pr-hdds-2240-577ml-2645996955, networkLocation: /default-rack, certSerialId: null} reports an CLOSED replica.
2019-10-21 22:02:21,570 [EventQueue-ContainerReportForContainerReportHandler] WARN  container.ContainerReportHandler (AbstractContainerReportHandler.java:updateContainerState(145)) - Container #1 is in OPEN state, but the datanode 95d3bce6-5996-460d-8578-b7f952c18b9c{ip: 192.168.69.92, host: pr-hdds-2240-577ml-2645996955, networkLocation: /default-rack, certSerialId: null} reports an CLOSED replica.
2019-10-21 22:02:21,777 [EventQueue-ContainerReportForContainerReportHandler] WARN  container.ContainerReportHandler (AbstractContainerReportHandler.java:updateContainerState(145)) - Container #1 is in OPEN state, but the datanode a1036450-74c2-4405-b4f8-7a994af8c84a{ip: 192.168.69.92, host: pr-hdds-2240-577ml-2645996955, networkLocation: /default-rack, certSerialId: null} reports an CLOSED replica.
2019-10-21 22:02:21,870 [EventQueue-ContainerReportForContainerReportHandler] WARN  container.ContainerReportHandler (AbstractContainerReportHandler.java:updateContainerState(145)) - Container #1 is in OPEN state, but the datanode 95d3bce6-5996-460d-8578-b7f952c18b9c{ip: 192.168.69.92, host: pr-hdds-2240-577ml-2645996955, networkLocation: /default-rack, certSerialId: null} reports an CLOSED replica.
2019-10-21 22:02:21,984 [BlockDeletingService#2] WARN  background.BlockDeletingService (BlockDeletingService.java:isDeletionAllowed(187)) - Close Container log Index 6 is not replicated across allthe servers in the pipeline 14fb49ee-5d81-4c1e-bb69-5e7a11e15b06 as the min replicated index is 4. Deletion is not allowed in this container yet.
2019-10-21 22:02:21,984 [BlockDeletingService#2] WARN  background.BlockDeletingService (BlockDeletingService.java:isDeletionAllowed(187)) - Close Container log Index 6 is not replicated across allthe servers in the pipeline 14fb49ee-5d81-4c1e-bb69-5e7a11e15b06 as the min replicated index is 4. Deletion is not allowed in this container yet.
2019-10-21 22:02:22,077 [EventQueue-ContainerReportForContainerReportHandler] WARN  container.ContainerReportHandler (AbstractContainerReportHandler.java:updateContainerState(145)) - Container #1 is in OPEN state, but the datanode a1036450-74c2-4405-b4f8-7a994af8c84a{ip: 192.168.69.92, host: pr-hdds-2240-577ml-2645996955, networkLocation: /default-rack, certSerialId: null} reports an CLOSED replica.
2019-10-21 22:02:22,170 [EventQueue-ContainerReportForContainerReportHandler] WARN  container.ContainerReportHandler (AbstractContainerReportHandler.java:updateContainerState(145)) - Container #1 is in OPEN state, but the datanode 95d3bce6-5996-460d-8578-b7f952c18b9c{ip: 192.168.69.92, host: pr-hdds-2240-577ml-2645996955, networkLocation: /default-rack, certSerialId: null} reports an CLOSED replica.
2019-10-21 22:02:22,377 [EventQueue-ContainerReportForContainerReportHandler] WARN  container.ContainerReportHandler (AbstractContainerReportHandler.java:updateContainerState(145)) - Container #1 is in OPEN state, but the datanode a1036450-74c2-4405-b4f8-7a994af8c84a{ip: 192.168.69.92, host: pr-hdds-2240-577ml-2645996955, networkLocation: /default-rack, certSerialId: null} reports an CLOSED replica.
2019-10-21 22:02:22,470 [EventQueue-ContainerReportForContainerReportHandler] WARN  container.ContainerReportHandler (AbstractContainerReportHandler.java:updateContainerState(145)) - Container #1 is in OPEN state, but the datanode 95d3bce6-5996-460d-8578-b7f952c18b9c{ip: 192.168.69.92, host: pr-hdds-2240-577ml-2645996955, networkLocation: /default-rack, certSerialId: null} reports an CLOSED replica.
2019-10-21 22:02:22,670 [EventQueue-ContainerReportForContainerReportHandler] WARN  container.ContainerReportHandler (AbstractContainerReportHandler.java:updateContainerState(145)) - Container #1 is in OPEN state, but the datanode 95d3bce6-5996-460d-8578-b7f952c18b9c{ip: 192.168.69.92, host: pr-hdds-2240-577ml-2645996955, networkLocation: /default-rack, certSerialId: null} reports an CLOSED replica.
2019-10-21 22:02:22,778 [EventQueue-ContainerReportForContainerReportHandler] WARN  container.ContainerReportHandler (AbstractContainerReportHandler.java:updateContainerState(145)) - Container #1 is in OPEN state, but the datanode a1036450-74c2-4405-b4f8-7a994af8c84a{ip: 192.168.69.92, host: pr-hdds-2240-577ml-2645996955, networkLocation: /default-rack, certSerialId: null} reports an CLOSED replica.
2019-10-21 22:02:22,970 [EventQueue-ContainerReportForContainerReportHandler] WARN  container.ContainerReportHandler (AbstractContainerReportHandler.java:updateContainerState(145)) - Container #1 is in OPEN state, but the datanode 95d3bce6-5996-460d-8578-b7f952c18b9c{ip: 192.168.69.92, host: pr-hdds-2240-577ml-2645996955, networkLocation: /default-rack, certSerialId: null} reports an CLOSED replica.
2019-10-21 22:02:22,985 [BlockDeletingService#2] WARN  background.BlockDeletingService (BlockDeletingService.java:isDeletionAllowed(187)) - Close Container log Index 6 is not replicated across allthe servers in the pipeline 14fb49ee-5d81-4c1e-bb69-5e7a11e15b06 as the min replicated index is 4. Deletion is not allowed in this container yet.
2019-10-21 22:02:22,985 [BlockDeletingService#2] WARN  background.BlockDeletingService (BlockDeletingService.java:isDeletionAllowed(187)) - Close Container log Index 6 is not replicated across allthe servers in the pipeline 14fb49ee-5d81-4c1e-bb69-5e7a11e15b06 as the min replicated index is 4. Deletion is not allowed in this container yet.
2019-10-21 22:02:23,078 [EventQueue-ContainerReportForContainerReportHandler] WARN  container.ContainerReportHandler (AbstractContainerReportHandler.java:updateContainerState(145)) - Container #1 is in OPEN state, but the datanode a1036450-74c2-4405-b4f8-7a994af8c84a{ip: 192.168.69.92, host: pr-hdds-2240-577ml-2645996955, networkLocation: /default-rack, certSerialId: null} reports an CLOSED replica.
2019-10-21 22:02:23,270 [EventQueue-ContainerReportForContainerReportHandler] WARN  container.ContainerReportHandler (AbstractContainerReportHandler.java:updateContainerState(145)) - Container #1 is in OPEN state, but the datanode 95d3bce6-5996-460d-8578-b7f952c18b9c{ip: 192.168.69.92, host: pr-hdds-2240-577ml-2645996955, networkLocation: /default-rack, certSerialId: null} reports an CLOSED replica.
2019-10-21 22:02:23,379 [EventQueue-ContainerReportForContainerReportHandler] WARN  container.ContainerReportHandler (AbstractContainerReportHandler.java:updateContainerState(145)) - Container #1 is in OPEN state, but the datanode a1036450-74c2-4405-b4f8-7a994af8c84a{ip: 192.168.69.92, host: pr-hdds-2240-577ml-2645996955, networkLocation: /default-rack, certSerialId: null} reports an CLOSED replica.
2019-10-21 22:02:23,553 [java.util.concurrent.ThreadPoolExecutor$Worker@29bacf4c[State = -1, empty queue]] WARN  server.GrpcLogAppender (GrpcLogAppender.java:timeoutAppendRequest(209)) - a1036450-74c2-4405-b4f8-7a994af8c84a@group-5E7A11E15B06->a26a9f1d-c528-4494-83e5-475827f7720e-GrpcLogAppender: appendEntries Timeout, request=a1036450-74c2-4405-b4f8-7a994af8c84a->a26a9f1d-c528-4494-83e5-475827f7720e#49-t2, previous=(t:2, i:10), leaderCommit=10, initializing? false, entries: <empty>
2019-10-21 22:02:23,671 [EventQueue-ContainerReportForContainerReportHandler] WARN  container.ContainerReportHandler (AbstractContainerReportHandler.java:updateContainerState(145)) - Container #1 is in OPEN state, but the datanode 95d3bce6-5996-460d-8578-b7f952c18b9c{ip: 192.168.69.92, host: pr-hdds-2240-577ml-2645996955, networkLocation: /default-rack, certSerialId: null} reports an CLOSED replica.
2019-10-21 22:02:23,679 [EventQueue-ContainerReportForContainerReportHandler] WARN  container.ContainerReportHandler (AbstractContainerReportHandler.java:updateContainerState(145)) - Container #1 is in OPEN state, but the datanode a1036450-74c2-4405-b4f8-7a994af8c84a{ip: 192.168.69.92, host: pr-hdds-2240-577ml-2645996955, networkLocation: /default-rack, certSerialId: null} reports an CLOSED replica.
2019-10-21 22:02:23,972 [EventQueue-ContainerReportForContainerReportHandler] WARN  container.ContainerReportHandler (AbstractContainerReportHandler.java:updateContainerState(145)) - Container #1 is in OPEN state, but the datanode 95d3bce6-5996-460d-8578-b7f952c18b9c{ip: 192.168.69.92, host: pr-hdds-2240-577ml-2645996955, networkLocation: /default-rack, certSerialId: null} reports an CLOSED replica.
2019-10-21 22:02:23,986 [BlockDeletingService#2] WARN  background.BlockDeletingService (BlockDeletingService.java:isDeletionAllowed(187)) - Close Container log Index 6 is not replicated across allthe servers in the pipeline 14fb49ee-5d81-4c1e-bb69-5e7a11e15b06 as the min replicated index is 4. Deletion is not allowed in this container yet.
2019-10-21 22:02:23,987 [BlockDeletingService#2] WARN  background.BlockDeletingService (BlockDeletingService.java:isDeletionAllowed(187)) - Close Container log Index 6 is not replicated across allthe servers in the pipeline 14fb49ee-5d81-4c1e-bb69-5e7a11e15b06 as the min replicated index is 4. Deletion is not allowed in this container yet.
2019-10-21 22:02:24,079 [EventQueue-ContainerReportForContainerReportHandler] WARN  container.ContainerReportHandler (AbstractContainerReportHandler.java:updateContainerState(145)) - Container #1 is in OPEN state, but the datanode a1036450-74c2-4405-b4f8-7a994af8c84a{ip: 192.168.69.92, host: pr-hdds-2240-577ml-2645996955, networkLocation: /default-rack, certSerialId: null} reports an CLOSED replica.
2019-10-21 22:02:24,272 [EventQueue-ContainerReportForContainerReportHandler] WARN  container.ContainerReportHandler (AbstractContainerReportHandler.java:updateContainerState(145)) - Container #1 is in OPEN state, but the datanode 95d3bce6-5996-460d-8578-b7f952c18b9c{ip: 192.168.69.92, host: pr-hdds-2240-577ml-2645996955, networkLocation: /default-rack, certSerialId: null} reports an CLOSED replica.
2019-10-21 22:02:24,479 [EventQueue-ContainerReportForContainerReportHandler] WARN  container.ContainerReportHandler (AbstractContainerReportHandler.java:updateContainerState(145)) - Container #1 is in OPEN state, but the datanode a1036450-74c2-4405-b4f8-7a994af8c84a{ip: 192.168.69.92, host: pr-hdds-2240-577ml-2645996955, networkLocation: /default-rack, certSerialId: null} reports an CLOSED replica.
2019-10-21 22:02:24,672 [EventQueue-ContainerReportForContainerReportHandler] WARN  container.ContainerReportHandler (AbstractContainerReportHandler.java:updateContainerState(145)) - Container #1 is in OPEN state, but the datanode 95d3bce6-5996-460d-8578-b7f952c18b9c{ip: 192.168.69.92, host: pr-hdds-2240-577ml-2645996955, networkLocation: /default-rack, certSerialId: null} reports an CLOSED replica.
2019-10-21 22:02:24,737 [Thread-520] INFO  client.GrpcClientProtocolService (GrpcClientProtocolService.java:lambda$processClientRequest$0(278)) - Failed RaftClientRequest:client-91F2DA33FCFF->95d3bce6-5996-460d-8578-b7f952c18b9c@group-5E7A11E15B06, cid=10, seq=0, Watch-ALL_COMMITTED(6), Message:<EMPTY>, reply=RaftClientReply:client-91F2DA33FCFF->95d3bce6-5996-460d-8578-b7f952c18b9c@group-5E7A11E15B06, cid=10, FAILED org.apache.ratis.protocol.NotLeaderException: Server 95d3bce6-5996-460d-8578-b7f952c18b9c@group-5E7A11E15B06 is not the leader a1036450-74c2-4405-b4f8-7a994af8c84a:192.168.69.92:36225, logIndex=0, commits[95d3bce6-5996-460d-8578-b7f952c18b9c:c10, a26a9f1d-c528-4494-83e5-475827f7720e:c4, a1036450-74c2-4405-b4f8-7a994af8c84a:c10]
2019-10-21 22:02:24,780 [EventQueue-ContainerReportForContainerReportHandler] WARN  container.ContainerReportHandler (AbstractContainerReportHandler.java:updateContainerState(145)) - Container #1 is in OPEN state, but the datanode a1036450-74c2-4405-b4f8-7a994af8c84a{ip: 192.168.69.92, host: pr-hdds-2240-577ml-2645996955, networkLocation: /default-rack, certSerialId: null} reports an CLOSED replica.
2019-10-21 22:02:24,872 [EventQueue-ContainerReportForContainerReportHandler] WARN  container.ContainerReportHandler (AbstractContainerReportHandler.java:updateContainerState(145)) - Container #1 is in OPEN state, but the datanode 95d3bce6-5996-460d-8578-b7f952c18b9c{ip: 192.168.69.92, host: pr-hdds-2240-577ml-2645996955, networkLocation: /default-rack, certSerialId: null} reports an CLOSED replica.
2019-10-21 22:02:24,988 [BlockDeletingService#7] WARN  background.BlockDeletingService (BlockDeletingService.java:isDeletionAllowed(187)) - Close Container log Index 6 is not replicated across allthe servers in the pipeline 14fb49ee-5d81-4c1e-bb69-5e7a11e15b06 as the min replicated index is 4. Deletion is not allowed in this container yet.
2019-10-21 22:02:24,990 [BlockDeletingService#2] WARN  background.BlockDeletingService (BlockDeletingService.java:isDeletionAllowed(187)) - Close Container log Index 6 is not replicated across allthe servers in the pipeline 14fb49ee-5d81-4c1e-bb69-5e7a11e15b06 as the min replicated index is 4. Deletion is not allowed in this container yet.
2019-10-21 22:02:25,081 [EventQueue-ContainerReportForContainerReportHandler] WARN  container.ContainerReportHandler (AbstractContainerReportHandler.java:updateContainerState(145)) - Container #1 is in OPEN state, but the datanode a1036450-74c2-4405-b4f8-7a994af8c84a{ip: 192.168.69.92, host: pr-hdds-2240-577ml-2645996955, networkLocation: /default-rack, certSerialId: null} reports an CLOSED replica.
2019-10-21 22:02:25,149 [EventQueue-StaleNodeForStaleNodeHandler] INFO  node.StaleNodeHandler (StaleNodeHandler.java:onMessage(58)) - Datanode a26a9f1d-c528-4494-83e5-475827f7720e{ip: 192.168.69.92, host: pr-hdds-2240-577ml-2645996955, networkLocation: /default-rack, certSerialId: null} moved to stale state. Finalizing its pipelines [PipelineID=3ffd9eb0-d42a-45d5-bc1d-22a6327c128c, PipelineID=14fb49ee-5d81-4c1e-bb69-5e7a11e15b06]
2019-10-21 22:02:25,149 [EventQueue-StaleNodeForStaleNodeHandler] INFO  pipeline.SCMPipelineManager (SCMPipelineManager.java:finalizeAndDestroyPipeline(315)) - destroying pipeline:Pipeline[ Id: 3ffd9eb0-d42a-45d5-bc1d-22a6327c128c, Nodes: a26a9f1d-c528-4494-83e5-475827f7720e{ip: 192.168.69.92, host: pr-hdds-2240-577ml-2645996955, networkLocation: /default-rack, certSerialId: null}, Type:RATIS, Factor:ONE, State:OPEN]
2019-10-21 22:02:25,150 [EventQueue-StaleNodeForStaleNodeHandler] INFO  pipeline.PipelineStateManager (PipelineStateManager.java:finalizePipeline(123)) - Pipeline Pipeline[ Id: 3ffd9eb0-d42a-45d5-bc1d-22a6327c128c, Nodes: a26a9f1d-c528-4494-83e5-475827f7720e{ip: 192.168.69.92, host: pr-hdds-2240-577ml-2645996955, networkLocation: /default-rack, certSerialId: null}, Type:RATIS, Factor:ONE, State:CLOSED] moved to CLOSED state
2019-10-21 22:02:25,152 [EventQueue-StaleNodeForStaleNodeHandler] INFO  pipeline.SCMPipelineManager (SCMPipelineManager.java:finalizeAndDestroyPipeline(315)) - destroying pipeline:Pipeline[ Id: 14fb49ee-5d81-4c1e-bb69-5e7a11e15b06, Nodes: 95d3bce6-5996-460d-8578-b7f952c18b9c{ip: 192.168.69.92, host: pr-hdds-2240-577ml-2645996955, networkLocation: /default-rack, certSerialId: null}a1036450-74c2-4405-b4f8-7a994af8c84a{ip: 192.168.69.92, host: pr-hdds-2240-577ml-2645996955, networkLocation: /default-rack, certSerialId: null}a26a9f1d-c528-4494-83e5-475827f7720e{ip: 192.168.69.92, host: pr-hdds-2240-577ml-2645996955, networkLocation: /default-rack, certSerialId: null}, Type:RATIS, Factor:THREE, State:OPEN]
2019-10-21 22:02:25,152 [EventQueue-StaleNodeForStaleNodeHandler] INFO  pipeline.PipelineStateManager (PipelineStateManager.java:finalizePipeline(123)) - Pipeline Pipeline[ Id: 14fb49ee-5d81-4c1e-bb69-5e7a11e15b06, Nodes: 95d3bce6-5996-460d-8578-b7f952c18b9c{ip: 192.168.69.92, host: pr-hdds-2240-577ml-2645996955, networkLocation: /default-rack, certSerialId: null}a1036450-74c2-4405-b4f8-7a994af8c84a{ip: 192.168.69.92, host: pr-hdds-2240-577ml-2645996955, networkLocation: /default-rack, certSerialId: null}a26a9f1d-c528-4494-83e5-475827f7720e{ip: 192.168.69.92, host: pr-hdds-2240-577ml-2645996955, networkLocation: /default-rack, certSerialId: null}, Type:RATIS, Factor:THREE, State:CLOSED] moved to CLOSED state
2019-10-21 22:02:25,153 [EventQueue-CloseContainerForCloseContainerEventHandler] INFO  container.CloseContainerEventHandler (CloseContainerEventHandler.java:onMessage(61)) - Close container Event triggered for container : #1
2019-10-21 22:02:25,172 [EventQueue-ContainerReportForContainerReportHandler] INFO  container.ContainerReportHandler (AbstractContainerReportHandler.java:updateContainerState(178)) - Moving container #1 to CLOSED state, datanode 95d3bce6-5996-460d-8578-b7f952c18b9c{ip: 192.168.69.92, host: pr-hdds-2240-577ml-2645996955, networkLocation: /default-rack, certSerialId: null} reported CLOSED replica.
2019-10-21 22:02:25,812 [SCMBlockDeletingService#1] INFO  block.SCMBlockDeletingService (SCMBlockDeletingService.java:call(184)) - Totally added 3 delete blocks command for 3 datanodes, task elapsed time: 5ms
2019-10-21 22:02:25,884 [Thread-531] INFO  client.GrpcClientProtocolService (GrpcClientProtocolService.java:lambda$processClientRequest$0(278)) - Failed RaftClientRequest:client-91F2DA33FCFF->a1036450-74c2-4405-b4f8-7a994af8c84a@group-5E7A11E15B06, cid=10, seq=0, Watch-ALL_COMMITTED(6), Message:<EMPTY>, reply=RaftClientReply:client-91F2DA33FCFF->a1036450-74c2-4405-b4f8-7a994af8c84a@group-5E7A11E15B06, cid=10, FAILED org.apache.ratis.protocol.NotReplicatedException: Request with call Id 10 and log index 6 is not yet replicated to ALL_COMMITTED, logIndex=6, commits[a1036450-74c2-4405-b4f8-7a994af8c84a:c10, a26a9f1d-c528-4494-83e5-475827f7720e:c4, 95d3bce6-5996-460d-8578-b7f952c18b9c:c10]
2019-10-21 22:02:25,974 [Command processor thread] INFO  commandhandler.DeleteBlocksCommandHandler (DeleteBlocksCommandHandler.java:handle(106)) - Start to delete container blocks, TXIDs=[1(0)], numOfContainers=1, numOfBlocks=1
2019-10-21 22:02:25,990 [BlockDeletingService#7] WARN  background.BlockDeletingService (BlockDeletingService.java:isDeletionAllowed(187)) - Close Container log Index 6 is not replicated across allthe servers in the pipeline 14fb49ee-5d81-4c1e-bb69-5e7a11e15b06 as the min replicated index is 4. Deletion is not allowed in this container yet.
2019-10-21 22:02:25,992 [BlockDeletingService#2] WARN  background.BlockDeletingService (BlockDeletingService.java:isDeletionAllowed(187)) - Close Container log Index 6 is not replicated across allthe servers in the pipeline 14fb49ee-5d81-4c1e-bb69-5e7a11e15b06 as the min replicated index is 4. Deletion is not allowed in this container yet.
2019-10-21 22:02:26,053 [java.util.concurrent.ThreadPoolExecutor$Worker@29bacf4c[State = -1, empty queue]] WARN  server.GrpcLogAppender (GrpcLogAppender.java:timeoutAppendRequest(209)) - a1036450-74c2-4405-b4f8-7a994af8c84a@group-5E7A11E15B06->a26a9f1d-c528-4494-83e5-475827f7720e-GrpcLogAppender: appendEntries Timeout, request=a1036450-74c2-4405-b4f8-7a994af8c84a->a26a9f1d-c528-4494-83e5-475827f7720e#50-t2, previous=(t:2, i:10), leaderCommit=10, initializing? false, entries: <empty>
2019-10-21 22:02:26,184 [EventQueue-PendingDeleteStatusForPendingDeleteHandler] INFO  block.SCMBlockDeletingService (SCMBlockDeletingService.java:handlePendingDeletes(115)) - Block deletion txnID mismatch in datanode a1036450-74c2-4405-b4f8-7a994af8c84a for containerID 1. Datanode delete txnID: 0, SCM txnID: 1
2019-10-21 22:02:26,483 [EventQueue-PendingDeleteStatusForPendingDeleteHandler] INFO  block.SCMBlockDeletingService (SCMBlockDeletingService.java:handlePendingDeletes(115)) - Block deletion txnID mismatch in datanode a1036450-74c2-4405-b4f8-7a994af8c84a for containerID 1. Datanode delete txnID: 0, SCM txnID: 1
2019-10-21 22:02:26,814 [SCMBlockDeletingService#1] INFO  block.SCMBlockDeletingService (SCMBlockDeletingService.java:call(184)) - Totally added 2 delete blocks command for 2 datanodes, task elapsed time: 2ms
2019-10-21 22:02:26,814 [pool-7-thread-1] INFO  commands.RetriableDatanodeEventWatcher (RetriableDatanodeEventWatcher.java:onTimeout(47)) - RetriableDatanodeCommand type=deleteBlocksCommand with id=1571695345814 timed out. Retrying.
2019-10-21 22:02:26,815 [pool-7-thread-2] INFO  commands.RetriableDatanodeEventWatcher (RetriableDatanodeEventWatcher.java:onTimeout(47)) - RetriableDatanodeCommand type=deleteBlocksCommand with id=1571695345813 timed out. Retrying.
2019-10-21 22:02:26,882 [Command processor thread] INFO  commandhandler.DeleteBlocksCommandHandler (DeleteBlocksCommandHandler.java:handle(106)) - Start to delete container blocks, TXIDs=[1(0)], numOfContainers=1, numOfBlocks=1
2019-10-21 22:02:26,885 [EventQueue-PendingDeleteStatusForPendingDeleteHandler] INFO  block.SCMBlockDeletingService (SCMBlockDeletingService.java:handlePendingDeletes(115)) - Block deletion txnID mismatch in datanode a1036450-74c2-4405-b4f8-7a994af8c84a for containerID 1. Datanode delete txnID: 0, SCM txnID: 1
2019-10-21 22:02:26,993 [BlockDeletingService#2] WARN  background.BlockDeletingService (BlockDeletingService.java:isDeletionAllowed(187)) - Close Container log Index 6 is not replicated across allthe servers in the pipeline 14fb49ee-5d81-4c1e-bb69-5e7a11e15b06 as the min replicated index is 4. Deletion is not allowed in this container yet.
2019-10-21 22:02:26,993 [BlockDeletingService#7] WARN  background.BlockDeletingService (BlockDeletingService.java:isDeletionAllowed(187)) - Close Container log Index 6 is not replicated across allthe servers in the pipeline 14fb49ee-5d81-4c1e-bb69-5e7a11e15b06 as the min replicated index is 4. Deletion is not allowed in this container yet.
2019-10-21 22:02:27,138 [main] INFO  impl.MetricsSystemImpl (MetricsSystemImpl.java:init(158)) - HddsDatanode metrics system started (again)
2019-10-21 22:02:27,177 [main] INFO  ozone.HddsDatanodeService (HddsDatanodeService.java:start(184)) - HddsDatanodeService host:pr-hdds-2240-577ml-2645996955 ip:192.168.69.92
2019-10-21 22:02:27,181 [main] INFO  volume.VolumeUsage (VolumeUsage.java:loadScmUsed(144)) - Cached ScmUsed found for /workdir/hadoop-ozone/integration-test/target/test-dir/MiniOzoneClusterImpl-18cca4e0-1166-4b57-9da5-bc6c79423f4b/datanode-1/data/containers : 4096 
2019-10-21 22:02:27,181 [main] INFO  volume.HddsVolume (HddsVolume.java:<init>(176)) - Creating Volume: /workdir/hadoop-ozone/integration-test/target/test-dir/MiniOzoneClusterImpl-18cca4e0-1166-4b57-9da5-bc6c79423f4b/datanode-1/data/containers/hdds of  storage type : DISK and capacity : 1482555576320
2019-10-21 22:02:27,181 [main] INFO  volume.VolumeSet (VolumeSet.java:initializeVolumeSet(170)) - Added Volume : /workdir/hadoop-ozone/integration-test/target/test-dir/MiniOzoneClusterImpl-18cca4e0-1166-4b57-9da5-bc6c79423f4b/datanode-1/data/containers/hdds to VolumeSet
2019-10-21 22:02:27,182 [main] INFO  volume.ThrottledAsyncChecker (ThrottledAsyncChecker.java:schedule(141)) - Scheduling a check for /workdir/hadoop-ozone/integration-test/target/test-dir/MiniOzoneClusterImpl-18cca4e0-1166-4b57-9da5-bc6c79423f4b/datanode-1/data/containers/hdds
2019-10-21 22:02:27,182 [main] INFO  volume.HddsVolumeChecker (HddsVolumeChecker.java:checkAllVolumes(204)) - Scheduled health check for volume /workdir/hadoop-ozone/integration-test/target/test-dir/MiniOzoneClusterImpl-18cca4e0-1166-4b57-9da5-bc6c79423f4b/datanode-1/data/containers/hdds
2019-10-21 22:02:27,228 [main] INFO  impl.RaftServerProxy (ConfUtils.java:logGet(43)) - raft.rpc.type = GRPC (default)
2019-10-21 22:02:27,228 [main] INFO  grpc.GrpcFactory (GrpcFactory.java:checkPooledByteBufAllocatorUseCacheForAllThreads(45)) - PERFORMANCE WARNING: useCacheForAllThreads is true that may cause Netty to create a lot garbage objects and, as a result, trigger GC.
	It is recommended to disable useCacheForAllThreads by setting -Dorg.apache.ratis.thirdparty.io.netty.allocator.useCacheForAllThreads=false in command line.
2019-10-21 22:02:27,229 [main] INFO  grpc.GrpcConfigKeys$Server (ConfUtils.java:logGet(43)) - raft.grpc.server.port = 46217 (custom)
2019-10-21 22:02:27,229 [main] INFO  server.GrpcService (ConfUtils.java:logGet(43)) - raft.grpc.message.size.max = 33570816 (custom)
2019-10-21 22:02:27,229 [main] INFO  server.RaftServerConfigKeys (ConfUtils.java:logGet(43)) - raft.server.log.appender.buffer.byte-limit = 33554432 (custom)
2019-10-21 22:02:27,229 [main] INFO  server.GrpcService (ConfUtils.java:logGet(43)) - raft.grpc.flow.control.window = 1MB (=1048576) (default)
2019-10-21 22:02:27,229 [main] INFO  server.RaftServerConfigKeys (ConfUtils.java:logGet(43)) - raft.server.rpc.request.timeout = 3000ms (default)
2019-10-21 22:02:27,230 [main] INFO  server.RaftServerConfigKeys (ConfUtils.java:logGet(43)) - raft.server.storage.dir = [/workdir/hadoop-ozone/integration-test/target/test-dir/MiniOzoneClusterImpl-18cca4e0-1166-4b57-9da5-bc6c79423f4b/datanode-1/data/ratis] (custom)
2019-10-21 22:02:27,230 [main] INFO  impl.RaftServerProxy (RaftServerProxy.java:lambda$null$0(191)) - a26a9f1d-c528-4494-83e5-475827f7720e: found a subdirectory /workdir/hadoop-ozone/integration-test/target/test-dir/MiniOzoneClusterImpl-18cca4e0-1166-4b57-9da5-bc6c79423f4b/datanode-1/data/ratis/3ffd9eb0-d42a-45d5-bc1d-22a6327c128c
2019-10-21 22:02:27,231 [main] INFO  impl.RaftServerProxy (RaftServerProxy.java:addNew(89)) - a26a9f1d-c528-4494-83e5-475827f7720e: addNew group-22A6327C128C:[] returns group-22A6327C128C:java.util.concurrent.CompletableFuture@2b5c4f17[Not completed]
2019-10-21 22:02:27,232 [main] INFO  impl.RaftServerProxy (RaftServerProxy.java:lambda$null$0(191)) - a26a9f1d-c528-4494-83e5-475827f7720e: found a subdirectory /workdir/hadoop-ozone/integration-test/target/test-dir/MiniOzoneClusterImpl-18cca4e0-1166-4b57-9da5-bc6c79423f4b/datanode-1/data/ratis/14fb49ee-5d81-4c1e-bb69-5e7a11e15b06
2019-10-21 22:02:27,232 [main] INFO  impl.RaftServerProxy (RaftServerProxy.java:addNew(89)) - a26a9f1d-c528-4494-83e5-475827f7720e: addNew group-5E7A11E15B06:[] returns group-5E7A11E15B06:java.util.concurrent.CompletableFuture@6ca8fcf3[Not completed]
2019-10-21 22:02:27,235 [pool-59-thread-1] INFO  impl.RaftServerImpl (RaftServerImpl.java:<init>(104)) - a26a9f1d-c528-4494-83e5-475827f7720e: new RaftServerImpl for group-22A6327C128C:[] with ContainerStateMachine:uninitialized
2019-10-21 22:02:27,235 [pool-59-thread-1] INFO  server.RaftServerConfigKeys (ConfUtils.java:logGet(43)) - raft.server.rpc.timeout.min = 5s (custom)
2019-10-21 22:02:27,235 [pool-59-thread-1] INFO  server.RaftServerConfigKeys (ConfUtils.java:logGet(43)) - raft.server.rpc.timeout.max = 5200ms (custom)
2019-10-21 22:02:27,236 [pool-59-thread-1] INFO  server.RaftServerConfigKeys (ConfUtils.java:logGet(43)) - raft.server.rpcslowness.timeout = 1000s (custom)
2019-10-21 22:02:27,236 [pool-59-thread-1] INFO  server.RaftServerConfigKeys (ConfUtils.java:logGet(43)) - raft.server.sleep.deviation.threshold = 300 (default)
2019-10-21 22:02:27,236 [pool-59-thread-1] INFO  server.RaftServerConfigKeys (ConfUtils.java:logGet(43)) - raft.server.log.appender.install.snapshot.enabled = false (custom)
2019-10-21 22:02:27,236 [pool-59-thread-1] INFO  impl.RaftServerImpl (ServerState.java:<init>(103)) - a26a9f1d-c528-4494-83e5-475827f7720e@group-22A6327C128C: ConfigurationManager, init=-1: [], old=null, confs=<EMPTY_MAP>
2019-10-21 22:02:27,236 [pool-59-thread-1] INFO  server.RaftServerConfigKeys (ConfUtils.java:logGet(43)) - raft.server.storage.dir = [/workdir/hadoop-ozone/integration-test/target/test-dir/MiniOzoneClusterImpl-18cca4e0-1166-4b57-9da5-bc6c79423f4b/datanode-1/data/ratis] (custom)
2019-10-21 22:02:27,236 [pool-59-thread-1] INFO  server.RaftServerConfigKeys (ConfUtils.java:logGet(43)) - raft.server.log.corruption.policy = EXCEPTION (default)
2019-10-21 22:02:27,237 [main] INFO  hdfs.DFSUtil (DFSUtil.java:httpServerTemplateForNNAndJN(1641)) - Starting Web-server for hddsDatanode at: http://0.0.0.0:34924
2019-10-21 22:02:27,240 [main] INFO  server.AuthenticationFilter (AuthenticationFilter.java:constructSecretProvider(240)) - Unable to initialize FileSignerSecretProvider, falling back to use random secrets.
2019-10-21 22:02:27,241 [main] WARN  http.HttpRequestLog (HttpRequestLog.java:getRequestLog(97)) - Jetty request log can only be enabled using Log4j
2019-10-21 22:02:27,242 [pool-59-thread-1] INFO  storage.RaftStorageDirectory (RaftStorageDirectory.java:tryLock(328)) - Lock on /workdir/hadoop-ozone/integration-test/target/test-dir/MiniOzoneClusterImpl-18cca4e0-1166-4b57-9da5-bc6c79423f4b/datanode-1/data/ratis/3ffd9eb0-d42a-45d5-bc1d-22a6327c128c/in_use.lock acquired by nodename 9635@pr-hdds-2240-577ml-2645996955
2019-10-21 22:02:27,243 [pool-59-thread-1] INFO  ratis.ContainerStateMachine (ContainerStateMachine.java:loadSnapshot(231)) - group-22A6327C128C: The snapshot info is null. Setting the last applied indexto:(t:0, i:~)
2019-10-21 22:02:27,243 [pool-59-thread-1] INFO  server.RaftServerConfigKeys (ConfUtils.java:logGet(43)) - raft.server.notification.no-leader.timeout = 1000s (custom)
2019-10-21 22:02:27,243 [pool-59-thread-1] INFO  server.RaftServerConfigKeys (ConfUtils.java:logGet(43)) - raft.server.log.use.memory = false (default)
2019-10-21 22:02:27,244 [pool-59-thread-1] INFO  server.RaftServerConfigKeys (ConfUtils.java:logGet(43)) - raft.server.log.purge.gap = 1000000 (custom)
2019-10-21 22:02:27,244 [main] INFO  http.HttpServer2 (HttpServer2.java:addGlobalFilter(975)) - Added global filter 'safety' (class=org.apache.hadoop.http.HttpServer2$QuotingInputFilter)
2019-10-21 22:02:27,244 [pool-59-thread-1] INFO  server.RaftServerConfigKeys (ConfUtils.java:logGet(43)) - raft.server.log.appender.buffer.byte-limit = 33554432 (custom)
2019-10-21 22:02:27,244 [pool-59-thread-1] INFO  server.RaftServerConfigKeys (ConfUtils.java:logGet(43)) - raft.server.log.segment.size.max = 1048576 (custom)
2019-10-21 22:02:27,244 [pool-59-thread-1] INFO  server.RaftServerConfigKeys (ConfUtils.java:logGet(43)) - raft.server.log.segment.cache.num.max = 2 (custom)
2019-10-21 22:02:27,244 [pool-59-thread-1] INFO  segmented.SegmentedRaftLogWorker (SegmentedRaftLogWorker.java:<init>(173)) - new a26a9f1d-c528-4494-83e5-475827f7720e@group-22A6327C128C-SegmentedRaftLogWorker for RaftStorage:Storage Directory /workdir/hadoop-ozone/integration-test/target/test-dir/MiniOzoneClusterImpl-18cca4e0-1166-4b57-9da5-bc6c79423f4b/datanode-1/data/ratis/3ffd9eb0-d42a-45d5-bc1d-22a6327c128c
2019-10-21 22:02:27,244 [pool-59-thread-1] INFO  server.RaftServerConfigKeys (ConfUtils.java:logGet(43)) - raft.server.log.queue.byte-limit = 2147483647 (custom)
2019-10-21 22:02:27,244 [pool-59-thread-1] INFO  server.RaftServerConfigKeys (ConfUtils.java:logGet(43)) - raft.server.log.queue.element-limit = 1024 (custom)
2019-10-21 22:02:27,245 [pool-59-thread-1] INFO  server.RaftServerConfigKeys (ConfUtils.java:logGet(43)) - raft.server.log.segment.size.max = 1048576 (custom)
2019-10-21 22:02:27,245 [main] INFO  http.HttpServer2 (HttpServer2.java:addFilter(948)) - Added filter static_user_filter (class=org.apache.hadoop.http.lib.StaticUserWebFilter$StaticUserFilter) to context hddsDatanode
2019-10-21 22:02:27,245 [pool-59-thread-1] INFO  server.RaftServerConfigKeys (ConfUtils.java:logGet(43)) - raft.server.log.preallocated.size = 16384 (custom)
2019-10-21 22:02:27,245 [main] INFO  http.HttpServer2 (HttpServer2.java:addFilter(958)) - Added filter static_user_filter (class=org.apache.hadoop.http.lib.StaticUserWebFilter$StaticUserFilter) to context static
2019-10-21 22:02:27,245 [pool-59-thread-1] INFO  server.RaftServerConfigKeys (ConfUtils.java:logGet(43)) - raft.server.log.write.buffer.size = 33554432 (custom)
2019-10-21 22:02:27,245 [main] INFO  http.HttpServer2 (HttpServer2.java:addFilter(958)) - Added filter static_user_filter (class=org.apache.hadoop.http.lib.StaticUserWebFilter$StaticUserFilter) to context logs
2019-10-21 22:02:27,245 [pool-59-thread-1] INFO  server.RaftServerConfigKeys (ConfUtils.java:logGet(43)) - raft.server.log.force.sync.num = 128 (default)
2019-10-21 22:02:27,246 [pool-59-thread-1] INFO  server.RaftServerConfigKeys (ConfUtils.java:logGet(43)) - raft.server.log.statemachine.data.sync = true (default)
2019-10-21 22:02:27,246 [pool-59-thread-1] INFO  server.RaftServerConfigKeys (ConfUtils.java:logGet(43)) - raft.server.log.statemachine.data.sync.timeout = 10s (default)
2019-10-21 22:02:27,246 [pool-59-thread-1] INFO  server.RaftServerConfigKeys (ConfUtils.java:logGet(43)) - raft.server.log.statemachine.data.sync.timeout.retry = -1 (default)
2019-10-21 22:02:27,246 [pool-59-thread-1] INFO  server.RaftServerConfigKeys (ConfUtils.java:logGet(43)) - raft.server.log.statemachine.data.caching.enabled = true (custom)
2019-10-21 22:02:27,247 [main] INFO  http.HttpServer2 (HttpServer2.java:bindListener(1191)) - Jetty bound to port 34924
2019-10-21 22:02:27,247 [main] INFO  server.Server (Server.java:doStart(351)) - jetty-9.3.25.v20180904, build timestamp: 2018-09-04T21:11:46Z, git hash: 3ce520221d0240229c862b122d2b06c12a625732
2019-10-21 22:02:27,249 [main] INFO  handler.ContextHandler (ContextHandler.java:doStart(781)) - Started o.e.j.s.ServletContextHandler@177c41d7{/logs,file:///workdir/hadoop-ozone/integration-test/target/log,AVAILABLE}
2019-10-21 22:02:27,250 [main] INFO  handler.ContextHandler (ContextHandler.java:doStart(781)) - Started o.e.j.s.ServletContextHandler@1d61a348{/static,jar:file:/home/user/.m2/repository/org/apache/hadoop/hadoop-hdds-container-service/0.5.0-SNAPSHOT/hadoop-hdds-container-service-0.5.0-SNAPSHOT.jar!/webapps/static,AVAILABLE}
2019-10-21 22:02:27,253 [pool-59-thread-1] INFO  impl.RaftServerImpl (ServerState.java:setRaftConf(357)) - a26a9f1d-c528-4494-83e5-475827f7720e@group-22A6327C128C: set configuration 0: [a26a9f1d-c528-4494-83e5-475827f7720e:192.168.69.92:46217], old=null at 0
2019-10-21 22:02:27,253 [pool-59-thread-1] INFO  segmented.LogSegment (LogSegment.java:loadSegment(140)) - Successfully read 1 entries from segment file /workdir/hadoop-ozone/integration-test/target/test-dir/MiniOzoneClusterImpl-18cca4e0-1166-4b57-9da5-bc6c79423f4b/datanode-1/data/ratis/3ffd9eb0-d42a-45d5-bc1d-22a6327c128c/current/log_inprogress_0
2019-10-21 22:02:27,253 [pool-59-thread-1] INFO  segmented.SegmentedRaftLogWorker (SegmentedRaftLogWorker.java:lambda$new$0(128)) - a26a9f1d-c528-4494-83e5-475827f7720e@group-22A6327C128C-SegmentedRaftLogWorker: flushIndex: setUnconditionally 0 -> 0
2019-10-21 22:02:27,279 [pool-59-thread-1] INFO  server.RaftServerConfigKeys (ConfUtils.java:logGet(43)) - raft.server.snapshot.auto.trigger.enabled = true (custom)
2019-10-21 22:02:27,279 [pool-59-thread-1] INFO  server.RaftServerConfigKeys (ConfUtils.java:logGet(43)) - raft.server.snapshot.auto.trigger.threshold = 10000 (custom)
2019-10-21 22:02:27,279 [pool-59-thread-1] INFO  server.RaftServerConfigKeys (ConfUtils.java:logGet(43)) - raft.server.snapshot.retention.file.num = 5 (custom)
2019-10-21 22:02:27,279 [pool-59-thread-1] INFO  server.RaftServerConfigKeys (ConfUtils.java:logGet(43)) - raft.server.retrycache.expirytime = 600000ms (custom)
2019-10-21 22:02:27,281 [pool-59-thread-1] INFO  impl.RaftServerImpl (RaftServerImpl.java:<init>(104)) - a26a9f1d-c528-4494-83e5-475827f7720e: new RaftServerImpl for group-5E7A11E15B06:[] with ContainerStateMachine:uninitialized
2019-10-21 22:02:27,281 [pool-59-thread-1] INFO  server.RaftServerConfigKeys (ConfUtils.java:logGet(43)) - raft.server.rpc.timeout.min = 5s (custom)
2019-10-21 22:02:27,281 [pool-59-thread-1] INFO  server.RaftServerConfigKeys (ConfUtils.java:logGet(43)) - raft.server.rpc.timeout.max = 5200ms (custom)
2019-10-21 22:02:27,281 [pool-59-thread-1] INFO  server.RaftServerConfigKeys (ConfUtils.java:logGet(43)) - raft.server.rpcslowness.timeout = 1000s (custom)
2019-10-21 22:02:27,281 [pool-59-thread-1] INFO  server.RaftServerConfigKeys (ConfUtils.java:logGet(43)) - raft.server.sleep.deviation.threshold = 300 (default)
2019-10-21 22:02:27,281 [pool-59-thread-1] INFO  server.RaftServerConfigKeys (ConfUtils.java:logGet(43)) - raft.server.log.appender.install.snapshot.enabled = false (custom)
2019-10-21 22:02:27,281 [pool-59-thread-1] INFO  impl.RaftServerImpl (ServerState.java:<init>(103)) - a26a9f1d-c528-4494-83e5-475827f7720e@group-5E7A11E15B06: ConfigurationManager, init=-1: [], old=null, confs=<EMPTY_MAP>
2019-10-21 22:02:27,282 [pool-59-thread-1] INFO  server.RaftServerConfigKeys (ConfUtils.java:logGet(43)) - raft.server.storage.dir = [/workdir/hadoop-ozone/integration-test/target/test-dir/MiniOzoneClusterImpl-18cca4e0-1166-4b57-9da5-bc6c79423f4b/datanode-1/data/ratis] (custom)
2019-10-21 22:02:27,282 [pool-59-thread-1] INFO  server.RaftServerConfigKeys (ConfUtils.java:logGet(43)) - raft.server.log.corruption.policy = EXCEPTION (default)
2019-10-21 22:02:27,289 [main] INFO  handler.ContextHandler (ContextHandler.java:doStart(781)) - Started o.e.j.w.WebAppContext@79518e00{/,file:///tmp/jetty-0.0.0.0-34924-hddsDatanode-_-any-5376333870226503297.dir/webapp/,AVAILABLE}{/hddsDatanode}
2019-10-21 22:02:27,290 [main] INFO  server.AbstractConnector (AbstractConnector.java:doStart(278)) - Started ServerConnector@3c91530d{HTTP/1.1,[http/1.1]}{0.0.0.0:34924}
2019-10-21 22:02:27,291 [main] INFO  server.Server (Server.java:doStart(419)) - Started @113089ms
2019-10-21 22:02:27,291 [main] WARN  impl.MetricsSystemImpl (MetricsSystemImpl.java:register(276)) - Sink prometheus already exists!
2019-10-21 22:02:27,292 [main] INFO  server.BaseHttpServer (BaseHttpServer.java:updateConnectorAddress(215)) - HTTP server of HDDSDATANODE is listening at http://0.0.0.0:34924
2019-10-21 22:02:27,293 [org.apache.hadoop.util.JvmPauseMonitor$Monitor@1e7091ed] INFO  util.JvmPauseMonitor (JvmPauseMonitor.java:run(188)) - Starting JVM pause monitor
2019-10-21 22:02:27,313 [pool-59-thread-1] INFO  storage.RaftStorageDirectory (RaftStorageDirectory.java:tryLock(328)) - Lock on /workdir/hadoop-ozone/integration-test/target/test-dir/MiniOzoneClusterImpl-18cca4e0-1166-4b57-9da5-bc6c79423f4b/datanode-1/data/ratis/14fb49ee-5d81-4c1e-bb69-5e7a11e15b06/in_use.lock acquired by nodename 9635@pr-hdds-2240-577ml-2645996955
2019-10-21 22:02:27,314 [pool-59-thread-1] INFO  ratis.ContainerStateMachine (ContainerStateMachine.java:loadSnapshot(240)) - group-5E7A11E15B06: Setting the last applied index to (t:2, i:3)
2019-10-21 22:02:27,319 [pool-59-thread-1] INFO  impl.RaftServerImpl (ServerState.java:setRaftConf(357)) - a26a9f1d-c528-4494-83e5-475827f7720e@group-5E7A11E15B06: set configuration 0: [a26a9f1d-c528-4494-83e5-475827f7720e:192.168.69.92:46217, a1036450-74c2-4405-b4f8-7a994af8c84a:192.168.69.92:36225, 95d3bce6-5996-460d-8578-b7f952c18b9c:192.168.69.92:41231], old=null at 0
2019-10-21 22:02:27,319 [pool-59-thread-1] INFO  server.RaftServerConfigKeys (ConfUtils.java:logGet(43)) - raft.server.notification.no-leader.timeout = 1000s (custom)
2019-10-21 22:02:27,319 [pool-59-thread-1] INFO  server.RaftServerConfigKeys (ConfUtils.java:logGet(43)) - raft.server.log.use.memory = false (default)
2019-10-21 22:02:27,319 [pool-59-thread-1] INFO  server.RaftServerConfigKeys (ConfUtils.java:logGet(43)) - raft.server.log.purge.gap = 1000000 (custom)
2019-10-21 22:02:27,319 [pool-59-thread-1] INFO  server.RaftServerConfigKeys (ConfUtils.java:logGet(43)) - raft.server.log.appender.buffer.byte-limit = 33554432 (custom)
2019-10-21 22:02:27,319 [pool-59-thread-1] INFO  server.RaftServerConfigKeys (ConfUtils.java:logGet(43)) - raft.server.log.segment.size.max = 1048576 (custom)
2019-10-21 22:02:27,320 [pool-59-thread-1] INFO  server.RaftServerConfigKeys (ConfUtils.java:logGet(43)) - raft.server.log.segment.cache.num.max = 2 (custom)
2019-10-21 22:02:27,320 [pool-59-thread-1] INFO  segmented.SegmentedRaftLogWorker (SegmentedRaftLogWorker.java:<init>(173)) - new a26a9f1d-c528-4494-83e5-475827f7720e@group-5E7A11E15B06-SegmentedRaftLogWorker for RaftStorage:Storage Directory /workdir/hadoop-ozone/integration-test/target/test-dir/MiniOzoneClusterImpl-18cca4e0-1166-4b57-9da5-bc6c79423f4b/datanode-1/data/ratis/14fb49ee-5d81-4c1e-bb69-5e7a11e15b06
2019-10-21 22:02:27,320 [pool-59-thread-1] INFO  server.RaftServerConfigKeys (ConfUtils.java:logGet(43)) - raft.server.log.queue.byte-limit = 2147483647 (custom)
2019-10-21 22:02:27,320 [pool-59-thread-1] INFO  server.RaftServerConfigKeys (ConfUtils.java:logGet(43)) - raft.server.log.queue.element-limit = 1024 (custom)
2019-10-21 22:02:27,320 [pool-59-thread-1] INFO  server.RaftServerConfigKeys (ConfUtils.java:logGet(43)) - raft.server.log.segment.size.max = 1048576 (custom)
2019-10-21 22:02:27,320 [pool-59-thread-1] INFO  server.RaftServerConfigKeys (ConfUtils.java:logGet(43)) - raft.server.log.preallocated.size = 16384 (custom)
2019-10-21 22:02:27,320 [pool-59-thread-1] INFO  server.RaftServerConfigKeys (ConfUtils.java:logGet(43)) - raft.server.log.write.buffer.size = 33554432 (custom)
2019-10-21 22:02:27,320 [pool-59-thread-1] INFO  server.RaftServerConfigKeys (ConfUtils.java:logGet(43)) - raft.server.log.force.sync.num = 128 (default)
2019-10-21 22:02:27,320 [pool-59-thread-1] INFO  server.RaftServerConfigKeys (ConfUtils.java:logGet(43)) - raft.server.log.statemachine.data.sync = true (default)
2019-10-21 22:02:27,320 [pool-59-thread-1] INFO  server.RaftServerConfigKeys (ConfUtils.java:logGet(43)) - raft.server.log.statemachine.data.sync.timeout = 10s (default)
2019-10-21 22:02:27,321 [pool-59-thread-1] INFO  server.RaftServerConfigKeys (ConfUtils.java:logGet(43)) - raft.server.log.statemachine.data.sync.timeout.retry = -1 (default)
2019-10-21 22:02:27,321 [pool-59-thread-1] INFO  server.RaftServerConfigKeys (ConfUtils.java:logGet(43)) - raft.server.log.statemachine.data.caching.enabled = true (custom)
2019-10-21 22:02:27,321 [pool-59-thread-1] INFO  impl.RaftServerImpl (ServerState.java:setRaftConf(357)) - a26a9f1d-c528-4494-83e5-475827f7720e@group-5E7A11E15B06: set configuration 0: [a26a9f1d-c528-4494-83e5-475827f7720e:192.168.69.92:46217, a1036450-74c2-4405-b4f8-7a994af8c84a:192.168.69.92:36225, 95d3bce6-5996-460d-8578-b7f952c18b9c:192.168.69.92:41231], old=null at 0
2019-10-21 22:02:27,322 [pool-59-thread-1] INFO  segmented.LogSegment (LogSegment.java:loadSegment(140)) - Successfully read 5 entries from segment file /workdir/hadoop-ozone/integration-test/target/test-dir/MiniOzoneClusterImpl-18cca4e0-1166-4b57-9da5-bc6c79423f4b/datanode-1/data/ratis/14fb49ee-5d81-4c1e-bb69-5e7a11e15b06/current/log_inprogress_0
2019-10-21 22:02:27,322 [pool-59-thread-1] INFO  segmented.SegmentedRaftLogWorker (SegmentedRaftLogWorker.java:lambda$new$0(128)) - a26a9f1d-c528-4494-83e5-475827f7720e@group-5E7A11E15B06-SegmentedRaftLogWorker: flushIndex: setUnconditionally 0 -> 4
2019-10-21 22:02:27,345 [pool-59-thread-1] INFO  raftlog.RaftLog (RaftLog.java:lambda$new$0(61)) - a26a9f1d-c528-4494-83e5-475827f7720e@group-5E7A11E15B06-SegmentedRaftLog: commitIndex: updateToMax old=3, new=3, updated? false
2019-10-21 22:02:27,346 [pool-59-thread-1] INFO  server.RaftServerConfigKeys (ConfUtils.java:logGet(43)) - raft.server.snapshot.auto.trigger.enabled = true (custom)
2019-10-21 22:02:27,346 [pool-59-thread-1] INFO  server.RaftServerConfigKeys (ConfUtils.java:logGet(43)) - raft.server.snapshot.auto.trigger.threshold = 10000 (custom)
2019-10-21 22:02:27,346 [pool-59-thread-1] INFO  server.RaftServerConfigKeys (ConfUtils.java:logGet(43)) - raft.server.snapshot.retention.file.num = 5 (custom)
2019-10-21 22:02:27,346 [pool-59-thread-1] INFO  server.RaftServerConfigKeys (ConfUtils.java:logGet(43)) - raft.server.retrycache.expirytime = 600000ms (custom)
2019-10-21 22:02:27,814 [pool-7-thread-2] INFO  commands.RetriableDatanodeEventWatcher (RetriableDatanodeEventWatcher.java:onTimeout(47)) - RetriableDatanodeCommand type=deleteBlocksCommand with id=1571695345816 timed out. Retrying.
2019-10-21 22:02:27,814 [pool-7-thread-1] INFO  commands.RetriableDatanodeEventWatcher (RetriableDatanodeEventWatcher.java:onTimeout(47)) - RetriableDatanodeCommand type=deleteBlocksCommand with id=1571695345814 timed out. Retrying.
2019-10-21 22:02:27,814 [pool-7-thread-4] INFO  commands.RetriableDatanodeEventWatcher (RetriableDatanodeEventWatcher.java:onTimeout(47)) - RetriableDatanodeCommand type=deleteBlocksCommand with id=1571695345813 timed out. Retrying.
2019-10-21 22:02:27,815 [pool-7-thread-3] INFO  commands.RetriableDatanodeEventWatcher (RetriableDatanodeEventWatcher.java:onTimeout(47)) - RetriableDatanodeCommand type=deleteBlocksCommand with id=1571695345815 timed out. Retrying.
2019-10-21 22:02:27,815 [SCMBlockDeletingService#1] INFO  block.SCMBlockDeletingService (SCMBlockDeletingService.java:call(184)) - Totally added 2 delete blocks command for 2 datanodes, task elapsed time: 1ms
2019-10-21 22:02:27,885 [Command processor thread] INFO  commandhandler.DeleteBlocksCommandHandler (DeleteBlocksCommandHandler.java:handle(106)) - Start to delete container blocks, TXIDs=[1(2)], numOfContainers=1, numOfBlocks=1
2019-10-21 22:02:27,885 [Command processor thread] INFO  commandhandler.DeleteBlocksCommandHandler (DeleteBlocksCommandHandler.java:handle(106)) - Start to delete container blocks, TXIDs=[1(0)], numOfContainers=1, numOfBlocks=1
2019-10-21 22:02:27,995 [BlockDeletingService#2] WARN  background.BlockDeletingService (BlockDeletingService.java:isDeletionAllowed(187)) - Close Container log Index 6 is not replicated across allthe servers in the pipeline 14fb49ee-5d81-4c1e-bb69-5e7a11e15b06 as the min replicated index is 4. Deletion is not allowed in this container yet.
2019-10-21 22:02:27,995 [BlockDeletingService#7] WARN  background.BlockDeletingService (BlockDeletingService.java:isDeletionAllowed(187)) - Close Container log Index 6 is not replicated across allthe servers in the pipeline 14fb49ee-5d81-4c1e-bb69-5e7a11e15b06 as the min replicated index is 4. Deletion is not allowed in this container yet.
2019-10-21 22:02:28,554 [java.util.concurrent.ThreadPoolExecutor$Worker@29bacf4c[State = -1, empty queue]] WARN  server.GrpcLogAppender (GrpcLogAppender.java:timeoutAppendRequest(209)) - a1036450-74c2-4405-b4f8-7a994af8c84a@group-5E7A11E15B06->a26a9f1d-c528-4494-83e5-475827f7720e-GrpcLogAppender: appendEntries Timeout, request=a1036450-74c2-4405-b4f8-7a994af8c84a->a26a9f1d-c528-4494-83e5-475827f7720e#51-t2, previous=(t:2, i:10), leaderCommit=10, initializing? false, entries: <empty>
2019-10-21 22:02:28,814 [pool-7-thread-3] INFO  commands.RetriableDatanodeEventWatcher (RetriableDatanodeEventWatcher.java:onTimeout(47)) - RetriableDatanodeCommand type=deleteBlocksCommand with id=1571695345816 timed out. Retrying.
2019-10-21 22:02:28,815 [pool-7-thread-4] INFO  commands.RetriableDatanodeEventWatcher (RetriableDatanodeEventWatcher.java:onTimeout(47)) - RetriableDatanodeCommand type=deleteBlocksCommand with id=1571695345814 timed out. Retrying.
2019-10-21 22:02:28,815 [pool-7-thread-1] INFO  commands.RetriableDatanodeEventWatcher (RetriableDatanodeEventWatcher.java:onTimeout(47)) - RetriableDatanodeCommand type=deleteBlocksCommand with id=1571695345813 timed out. Retrying.
2019-10-21 22:02:28,815 [pool-7-thread-1] INFO  commands.RetriableDatanodeEventWatcher (RetriableDatanodeEventWatcher.java:onTimeout(47)) - RetriableDatanodeCommand type=deleteBlocksCommand with id=1571695345818 timed out. Retrying.
2019-10-21 22:02:28,815 [pool-7-thread-4] INFO  commands.RetriableDatanodeEventWatcher (RetriableDatanodeEventWatcher.java:onTimeout(47)) - RetriableDatanodeCommand type=deleteBlocksCommand with id=1571695345817 timed out. Retrying.
2019-10-21 22:02:28,815 [pool-7-thread-3] INFO  commands.RetriableDatanodeEventWatcher (RetriableDatanodeEventWatcher.java:onTimeout(47)) - RetriableDatanodeCommand type=deleteBlocksCommand with id=1571695345815 timed out. Retrying.
2019-10-21 22:02:28,816 [SCMBlockDeletingService#1] INFO  block.SCMBlockDeletingService (SCMBlockDeletingService.java:call(184)) - Totally added 2 delete blocks command for 2 datanodes, task elapsed time: 1ms
2019-10-21 22:02:28,985 [Command processor thread] INFO  commandhandler.DeleteBlocksCommandHandler (DeleteBlocksCommandHandler.java:handle(106)) - Start to delete container blocks, TXIDs=[1(0)], numOfContainers=1, numOfBlocks=1
2019-10-21 22:02:28,985 [Command processor thread] INFO  commandhandler.DeleteBlocksCommandHandler (DeleteBlocksCommandHandler.java:handle(106)) - Start to delete container blocks, TXIDs=[1(4)], numOfContainers=1, numOfBlocks=1
2019-10-21 22:02:28,985 [Command processor thread] INFO  commandhandler.DeleteBlocksCommandHandler (DeleteBlocksCommandHandler.java:handle(106)) - Start to delete container blocks, TXIDs=[1(2)], numOfContainers=1, numOfBlocks=1
2019-10-21 22:02:28,986 [Command processor thread] INFO  commandhandler.DeleteBlocksCommandHandler (DeleteBlocksCommandHandler.java:handle(106)) - Start to delete container blocks, TXIDs=[1(0)], numOfContainers=1, numOfBlocks=1
2019-10-21 22:02:28,986 [Command processor thread] INFO  commandhandler.DeleteBlocksCommandHandler (DeleteBlocksCommandHandler.java:handle(106)) - Start to delete container blocks, TXIDs=[1(4)], numOfContainers=1, numOfBlocks=1
2019-10-21 22:02:28,986 [Command processor thread] INFO  commandhandler.DeleteBlocksCommandHandler (DeleteBlocksCommandHandler.java:handle(106)) - Start to delete container blocks, TXIDs=[1(2)], numOfContainers=1, numOfBlocks=1
2019-10-21 22:02:28,986 [Command processor thread] INFO  commandhandler.DeleteBlocksCommandHandler (DeleteBlocksCommandHandler.java:handle(106)) - Start to delete container blocks, TXIDs=[1(7)], numOfContainers=1, numOfBlocks=1
2019-10-21 22:02:28,996 [BlockDeletingService#2] WARN  background.BlockDeletingService (BlockDeletingService.java:isDeletionAllowed(187)) - Close Container log Index 6 is not replicated across allthe servers in the pipeline 14fb49ee-5d81-4c1e-bb69-5e7a11e15b06 as the min replicated index is 4. Deletion is not allowed in this container yet.
2019-10-21 22:02:28,996 [BlockDeletingService#7] WARN  background.BlockDeletingService (BlockDeletingService.java:isDeletionAllowed(187)) - Close Container log Index 6 is not replicated across allthe servers in the pipeline 14fb49ee-5d81-4c1e-bb69-5e7a11e15b06 as the min replicated index is 4. Deletion is not allowed in this container yet.
2019-10-21 22:02:29,296 [Datanode State Machine Thread - 0] INFO  ozoneimpl.OzoneContainer (OzoneContainer.java:start(213)) - Attempting to start container services.
2019-10-21 22:02:29,296 [Datanode State Machine Thread - 0] INFO  ozoneimpl.OzoneContainer (OzoneContainer.java:startContainerScrub(177)) - Background container scanner has been disabled.
2019-10-21 22:02:29,296 [Datanode State Machine Thread - 0] INFO  ratis.XceiverServerRatis (XceiverServerRatis.java:start(418)) - Starting XceiverServerRatis a26a9f1d-c528-4494-83e5-475827f7720e at port 46217
2019-10-21 22:02:29,304 [ForkJoinPool.commonPool-worker-0] INFO  impl.RaftServerImpl (RaftServerImpl.java:start(195)) - a26a9f1d-c528-4494-83e5-475827f7720e@group-22A6327C128C: start as a follower, conf=0: [a26a9f1d-c528-4494-83e5-475827f7720e:192.168.69.92:46217], old=null
2019-10-21 22:02:29,304 [Datanode State Machine Thread - 0] INFO  impl.RaftServerImpl (RaftServerImpl.java:start(195)) - a26a9f1d-c528-4494-83e5-475827f7720e@group-5E7A11E15B06: start as a follower, conf=0: [a26a9f1d-c528-4494-83e5-475827f7720e:192.168.69.92:46217, a1036450-74c2-4405-b4f8-7a994af8c84a:192.168.69.92:36225, 95d3bce6-5996-460d-8578-b7f952c18b9c:192.168.69.92:41231], old=null
2019-10-21 22:02:29,304 [ForkJoinPool.commonPool-worker-0] INFO  impl.RaftServerImpl (RaftServerImpl.java:setRole(184)) - a26a9f1d-c528-4494-83e5-475827f7720e@group-22A6327C128C: changes role from      null to FOLLOWER at term 1 for startAsFollower
2019-10-21 22:02:29,304 [Datanode State Machine Thread - 0] INFO  impl.RaftServerImpl (RaftServerImpl.java:setRole(184)) - a26a9f1d-c528-4494-83e5-475827f7720e@group-5E7A11E15B06: changes role from      null to FOLLOWER at term 2 for startAsFollower
2019-10-21 22:02:29,304 [ForkJoinPool.commonPool-worker-0] INFO  impl.RoleInfo (RoleInfo.java:updateAndGet(143)) - a26a9f1d-c528-4494-83e5-475827f7720e: start FollowerState
2019-10-21 22:02:29,304 [Datanode State Machine Thread - 0] INFO  impl.RoleInfo (RoleInfo.java:updateAndGet(143)) - a26a9f1d-c528-4494-83e5-475827f7720e: start FollowerState
2019-10-21 22:02:29,305 [ForkJoinPool.commonPool-worker-0] INFO  util.JmxRegister (JmxRegister.java:tryRegister(44)) - Successfully registered JMX Bean with object name Ratis:service=RaftServer,group=group-22A6327C128C,id=a26a9f1d-c528-4494-83e5-475827f7720e
2019-10-21 22:02:29,305 [Datanode State Machine Thread - 0] INFO  util.JmxRegister (JmxRegister.java:tryRegister(44)) - Successfully registered JMX Bean with object name Ratis:service=RaftServer,group=group-5E7A11E15B06,id=a26a9f1d-c528-4494-83e5-475827f7720e
2019-10-21 22:02:29,306 [Datanode State Machine Thread - 0] INFO  impl.RaftServerProxy (RaftServerProxy.java:lambda$start$3(299)) - a26a9f1d-c528-4494-83e5-475827f7720e: start RPC server
2019-10-21 22:02:29,384 [Datanode State Machine Thread - 0] INFO  server.GrpcService (GrpcService.java:startImpl(158)) - a26a9f1d-c528-4494-83e5-475827f7720e: GrpcService started, listening on 0.0.0.0/0.0.0.0:46217
2019-10-21 22:02:29,466 [Thread-561] INFO  impl.FollowerState (FollowerState.java:run(108)) - a26a9f1d-c528-4494-83e5-475827f7720e@group-5E7A11E15B06-FollowerState: change to CANDIDATE, lastRpcTime:161ms, electionTimeout:161ms
2019-10-21 22:02:29,466 [Thread-561] INFO  impl.RoleInfo (RoleInfo.java:shutdownFollowerState(121)) - a26a9f1d-c528-4494-83e5-475827f7720e: shutdown FollowerState
2019-10-21 22:02:29,466 [Thread-561] INFO  impl.RaftServerImpl (RaftServerImpl.java:setRole(184)) - a26a9f1d-c528-4494-83e5-475827f7720e@group-5E7A11E15B06: changes role from  FOLLOWER to CANDIDATE at term 2 for changeToCandidate
2019-10-21 22:02:29,466 [Thread-561] INFO  impl.RoleInfo (RoleInfo.java:updateAndGet(143)) - a26a9f1d-c528-4494-83e5-475827f7720e: start LeaderElection
2019-10-21 22:02:29,497 [Thread-560] INFO  impl.FollowerState (FollowerState.java:run(108)) - a26a9f1d-c528-4494-83e5-475827f7720e@group-22A6327C128C-FollowerState: change to CANDIDATE, lastRpcTime:192ms, electionTimeout:192ms
2019-10-21 22:02:29,497 [Thread-560] INFO  impl.RoleInfo (RoleInfo.java:shutdownFollowerState(121)) - a26a9f1d-c528-4494-83e5-475827f7720e: shutdown FollowerState
2019-10-21 22:02:29,497 [Thread-560] INFO  impl.RaftServerImpl (RaftServerImpl.java:setRole(184)) - a26a9f1d-c528-4494-83e5-475827f7720e@group-22A6327C128C: changes role from  FOLLOWER to CANDIDATE at term 1 for changeToCandidate
2019-10-21 22:02:29,497 [Thread-560] INFO  impl.RoleInfo (RoleInfo.java:updateAndGet(143)) - a26a9f1d-c528-4494-83e5-475827f7720e: start LeaderElection
2019-10-21 22:02:29,501 [a26a9f1d-c528-4494-83e5-475827f7720e@group-5E7A11E15B06-LeaderElection6] INFO  impl.LeaderElection (LeaderElection.java:askForVotes(178)) - a26a9f1d-c528-4494-83e5-475827f7720e@group-5E7A11E15B06-LeaderElection6: begin an election at term 3 for 0: [a26a9f1d-c528-4494-83e5-475827f7720e:192.168.69.92:46217, a1036450-74c2-4405-b4f8-7a994af8c84a:192.168.69.92:36225, 95d3bce6-5996-460d-8578-b7f952c18b9c:192.168.69.92:41231], old=null
2019-10-21 22:02:29,509 [a26a9f1d-c528-4494-83e5-475827f7720e@group-22A6327C128C-LeaderElection7] INFO  impl.LeaderElection (LeaderElection.java:askForVotes(178)) - a26a9f1d-c528-4494-83e5-475827f7720e@group-22A6327C128C-LeaderElection7: begin an election at term 2 for 0: [a26a9f1d-c528-4494-83e5-475827f7720e:192.168.69.92:46217], old=null
2019-10-21 22:02:29,509 [a26a9f1d-c528-4494-83e5-475827f7720e@group-22A6327C128C-LeaderElection7] INFO  impl.RoleInfo (RoleInfo.java:shutdownLeaderElection(134)) - a26a9f1d-c528-4494-83e5-475827f7720e: shutdown LeaderElection
2019-10-21 22:02:29,509 [a26a9f1d-c528-4494-83e5-475827f7720e@group-22A6327C128C-LeaderElection7] INFO  impl.RaftServerImpl (RaftServerImpl.java:setRole(184)) - a26a9f1d-c528-4494-83e5-475827f7720e@group-22A6327C128C: changes role from CANDIDATE to LEADER at term 2 for changeToLeader
2019-10-21 22:02:29,509 [a26a9f1d-c528-4494-83e5-475827f7720e@group-22A6327C128C-LeaderElection7] INFO  impl.RaftServerImpl (ServerState.java:setLeader(256)) - a26a9f1d-c528-4494-83e5-475827f7720e@group-22A6327C128C: change Leader from null to a26a9f1d-c528-4494-83e5-475827f7720e at term 2 for becomeLeader, leader elected after 2266ms
2019-10-21 22:02:29,510 [a26a9f1d-c528-4494-83e5-475827f7720e@group-22A6327C128C-LeaderElection7] INFO  server.RaftServerConfigKeys (ConfUtils.java:logGet(43)) - raft.server.staging.catchup.gap = 1000 (default)
2019-10-21 22:02:29,510 [a26a9f1d-c528-4494-83e5-475827f7720e@group-22A6327C128C-LeaderElection7] INFO  server.RaftServerConfigKeys (ConfUtils.java:logGet(43)) - raft.server.rpc.sleep.time = 25ms (default)
2019-10-21 22:02:29,511 [a26a9f1d-c528-4494-83e5-475827f7720e@group-22A6327C128C-LeaderElection7] INFO  server.RaftServerConfigKeys (ConfUtils.java:logGet(43)) - raft.server.write.element-limit = 4096 (default)
2019-10-21 22:02:29,511 [grpc-default-executor-1] INFO  impl.RaftServerImpl (ServerState.java:setLeader(256)) - 95d3bce6-5996-460d-8578-b7f952c18b9c@group-5E7A11E15B06: change Leader from a1036450-74c2-4405-b4f8-7a994af8c84a to null at term 3 for updateCurrentTerm
2019-10-21 22:02:29,511 [a26a9f1d-c528-4494-83e5-475827f7720e@group-22A6327C128C-LeaderElection7] INFO  server.RaftServerConfigKeys (ConfUtils.java:logGet(43)) - raft.server.watch.timeout = 10s (default)
2019-10-21 22:02:29,511 [grpc-default-executor-3] INFO  impl.RaftServerImpl (ServerState.java:setLeader(256)) - a1036450-74c2-4405-b4f8-7a994af8c84a@group-5E7A11E15B06: change Leader from a1036450-74c2-4405-b4f8-7a994af8c84a to null at term 3 for updateCurrentTerm
2019-10-21 22:02:29,511 [a26a9f1d-c528-4494-83e5-475827f7720e@group-22A6327C128C-LeaderElection7] INFO  server.RaftServerConfigKeys (ConfUtils.java:logGet(43)) - raft.server.watch.timeout.denomination = 1s (default)
2019-10-21 22:02:29,511 [grpc-default-executor-1] INFO  impl.RaftServerImpl (RaftServerImpl.java:setRole(184)) - 95d3bce6-5996-460d-8578-b7f952c18b9c@group-5E7A11E15B06: changes role from  FOLLOWER to FOLLOWER at term 3 for recognizeCandidate:a26a9f1d-c528-4494-83e5-475827f7720e
2019-10-21 22:02:29,512 [a26a9f1d-c528-4494-83e5-475827f7720e@group-22A6327C128C-LeaderElection7] INFO  server.RaftServerConfigKeys (ConfUtils.java:logGet(43)) - raft.server.watch.element-limit = 65536 (default)
2019-10-21 22:02:29,512 [grpc-default-executor-3] INFO  impl.RaftServerImpl (RaftServerImpl.java:setRole(184)) - a1036450-74c2-4405-b4f8-7a994af8c84a@group-5E7A11E15B06: changes role from    LEADER to FOLLOWER at term 3 for recognizeCandidate:a26a9f1d-c528-4494-83e5-475827f7720e
2019-10-21 22:02:29,512 [grpc-default-executor-1] INFO  impl.RoleInfo (RoleInfo.java:shutdownFollowerState(121)) - 95d3bce6-5996-460d-8578-b7f952c18b9c: shutdown FollowerState
2019-10-21 22:02:29,512 [grpc-default-executor-3] INFO  impl.RoleInfo (RoleInfo.java:shutdownLeaderState(104)) - a1036450-74c2-4405-b4f8-7a994af8c84a: shutdown LeaderState
2019-10-21 22:02:29,512 [a26a9f1d-c528-4494-83e5-475827f7720e@group-22A6327C128C-LeaderElection7] INFO  impl.RoleInfo (RoleInfo.java:updateAndGet(143)) - a26a9f1d-c528-4494-83e5-475827f7720e: start LeaderState
2019-10-21 22:02:29,512 [grpc-default-executor-1] INFO  impl.RoleInfo (RoleInfo.java:updateAndGet(143)) - 95d3bce6-5996-460d-8578-b7f952c18b9c: start FollowerState
2019-10-21 22:02:29,512 [Thread-223] INFO  impl.FollowerState (FollowerState.java:run(117)) - 95d3bce6-5996-460d-8578-b7f952c18b9c@group-5E7A11E15B06-FollowerState was interrupted: java.lang.InterruptedException: sleep interrupted
2019-10-21 22:02:29,514 [grpc-default-executor-3] INFO  impl.PendingRequests (PendingRequests.java:sendNotLeaderResponses(202)) - a1036450-74c2-4405-b4f8-7a994af8c84a@group-5E7A11E15B06-PendingRequests: sendNotLeaderResponses
2019-10-21 22:02:29,514 [org.apache.ratis.server.impl.LogAppender$AppenderDaemon$$Lambda$413/1872460007@7b44e0fb] WARN  server.GrpcLogAppender (GrpcLogAppender.java:mayWait(149)) - a1036450-74c2-4405-b4f8-7a994af8c84a@group-5E7A11E15B06->95d3bce6-5996-460d-8578-b7f952c18b9c-GrpcLogAppender: Wait interrupted by java.lang.InterruptedException
2019-10-21 22:02:29,516 [org.apache.ratis.server.impl.LogAppender$AppenderDaemon$$Lambda$413/1872460007@4a44893e] WARN  server.GrpcLogAppender (GrpcLogAppender.java:mayWait(149)) - a1036450-74c2-4405-b4f8-7a994af8c84a@group-5E7A11E15B06->a26a9f1d-c528-4494-83e5-475827f7720e-GrpcLogAppender: Wait interrupted by java.lang.InterruptedException
2019-10-21 22:02:29,518 [a26a9f1d-c528-4494-83e5-475827f7720e@group-22A6327C128C-LeaderElection7] INFO  segmented.SegmentedRaftLogWorker (SegmentedRaftLogWorker.java:rollLogSegment(390)) - a26a9f1d-c528-4494-83e5-475827f7720e@group-22A6327C128C-SegmentedRaftLogWorker: Rolling segment log-0_0 to index:0
2019-10-21 22:02:29,519 [Thread-570] INFO  client.GrpcClientProtocolService (GrpcClientProtocolService.java:lambda$processClientRequest$0(278)) - Failed RaftClientRequest:client-91F2DA33FCFF->a1036450-74c2-4405-b4f8-7a994af8c84a@group-5E7A11E15B06, cid=10, seq=0, Watch-ALL_COMMITTED(6), Message:<EMPTY>, reply=RaftClientReply:client-91F2DA33FCFF->a1036450-74c2-4405-b4f8-7a994af8c84a@group-5E7A11E15B06, cid=10, FAILED org.apache.ratis.protocol.NotLeaderException: Server a1036450-74c2-4405-b4f8-7a994af8c84a@group-5E7A11E15B06 is not the leader, logIndex=0, commits[a1036450-74c2-4405-b4f8-7a994af8c84a:c10, a26a9f1d-c528-4494-83e5-475827f7720e:c4, 95d3bce6-5996-460d-8578-b7f952c18b9c:c10]
2019-10-21 22:02:29,519 [grpc-default-executor-2] INFO  server.GrpcServerProtocolService (GrpcServerProtocolService.java:onCompleted(113)) - 95d3bce6-5996-460d-8578-b7f952c18b9c: Completed APPEND_ENTRIES, lastRequest: a1036450-74c2-4405-b4f8-7a994af8c84a->95d3bce6-5996-460d-8578-b7f952c18b9c#52-t2, previous=(t:2, i:10), leaderCommit=10, initializing? false, entries: <empty>
2019-10-21 22:02:29,519 [grpc-default-executor-3] INFO  impl.RoleInfo (RoleInfo.java:updateAndGet(143)) - a1036450-74c2-4405-b4f8-7a994af8c84a: start FollowerState
2019-10-21 22:02:29,520 [a26a9f1d-c528-4494-83e5-475827f7720e@group-22A6327C128C-LeaderElection7] INFO  impl.RaftServerImpl (ServerState.java:setRaftConf(357)) - a26a9f1d-c528-4494-83e5-475827f7720e@group-22A6327C128C: set configuration 1: [a26a9f1d-c528-4494-83e5-475827f7720e:192.168.69.92:46217], old=null at 1
2019-10-21 22:02:29,519 [grpc-default-executor-2] INFO  server.GrpcLogAppender (GrpcLogAppender.java:onCompleted(308)) - a1036450-74c2-4405-b4f8-7a994af8c84a@group-5E7A11E15B06->95d3bce6-5996-460d-8578-b7f952c18b9c-AppendLogResponseHandler: follower responses appendEntries COMPLETED
2019-10-21 22:02:29,526 [grpc-default-executor-2] INFO  impl.FollowerInfo (FollowerInfo.java:lambda$new$0(51)) - a1036450-74c2-4405-b4f8-7a994af8c84a@group-5E7A11E15B06->95d3bce6-5996-460d-8578-b7f952c18b9c: nextIndex: updateUnconditionally 11 -> 10
2019-10-21 22:02:29,526 [a26a9f1d-c528-4494-83e5-475827f7720e@group-22A6327C128C-SegmentedRaftLogWorker] INFO  segmented.SegmentedRaftLogWorker (SegmentedRaftLogWorker.java:execute(533)) - a26a9f1d-c528-4494-83e5-475827f7720e@group-22A6327C128C-SegmentedRaftLogWorker: Rolled log segment from /workdir/hadoop-ozone/integration-test/target/test-dir/MiniOzoneClusterImpl-18cca4e0-1166-4b57-9da5-bc6c79423f4b/datanode-1/data/ratis/3ffd9eb0-d42a-45d5-bc1d-22a6327c128c/current/log_inprogress_0 to /workdir/hadoop-ozone/integration-test/target/test-dir/MiniOzoneClusterImpl-18cca4e0-1166-4b57-9da5-bc6c79423f4b/datanode-1/data/ratis/3ffd9eb0-d42a-45d5-bc1d-22a6327c128c/current/log_0-0
2019-10-21 22:02:29,556 [a26a9f1d-c528-4494-83e5-475827f7720e@group-5E7A11E15B06-LeaderElection6] INFO  impl.LeaderElection (LeaderElection.java:logAndReturn(56)) - a26a9f1d-c528-4494-83e5-475827f7720e@group-5E7A11E15B06-LeaderElection6: Election REJECTED; received 2 response(s) [a26a9f1d-c528-4494-83e5-475827f7720e<-a1036450-74c2-4405-b4f8-7a994af8c84a#0:FAIL-t3, a26a9f1d-c528-4494-83e5-475827f7720e<-95d3bce6-5996-460d-8578-b7f952c18b9c#0:FAIL-t3] and 0 exception(s); a26a9f1d-c528-4494-83e5-475827f7720e@group-5E7A11E15B06:t3, leader=null, voted=a26a9f1d-c528-4494-83e5-475827f7720e, raftlog=a26a9f1d-c528-4494-83e5-475827f7720e@group-5E7A11E15B06-SegmentedRaftLog:OPENED:c3,f4,i4, conf=0: [a26a9f1d-c528-4494-83e5-475827f7720e:192.168.69.92:46217, a1036450-74c2-4405-b4f8-7a994af8c84a:192.168.69.92:36225, 95d3bce6-5996-460d-8578-b7f952c18b9c:192.168.69.92:41231], old=null
2019-10-21 22:02:29,557 [a26a9f1d-c528-4494-83e5-475827f7720e@group-5E7A11E15B06-LeaderElection6] INFO  impl.RaftServerImpl (RaftServerImpl.java:setRole(184)) - a26a9f1d-c528-4494-83e5-475827f7720e@group-5E7A11E15B06: changes role from CANDIDATE to FOLLOWER at term 3 for DISCOVERED_A_NEW_TERM
2019-10-21 22:02:29,557 [a26a9f1d-c528-4494-83e5-475827f7720e@group-5E7A11E15B06-LeaderElection6] INFO  impl.RoleInfo (RoleInfo.java:shutdownLeaderElection(134)) - a26a9f1d-c528-4494-83e5-475827f7720e: shutdown LeaderElection
2019-10-21 22:02:29,557 [a26a9f1d-c528-4494-83e5-475827f7720e@group-5E7A11E15B06-LeaderElection6] INFO  impl.RoleInfo (RoleInfo.java:updateAndGet(143)) - a26a9f1d-c528-4494-83e5-475827f7720e: start FollowerState
2019-10-21 22:02:29,560 [a26a9f1d-c528-4494-83e5-475827f7720e@group-22A6327C128C-SegmentedRaftLogWorker] INFO  segmented.SegmentedRaftLogWorker (SegmentedRaftLogWorker.java:execute(576)) - a26a9f1d-c528-4494-83e5-475827f7720e@group-22A6327C128C-SegmentedRaftLogWorker: created new log segment /workdir/hadoop-ozone/integration-test/target/test-dir/MiniOzoneClusterImpl-18cca4e0-1166-4b57-9da5-bc6c79423f4b/datanode-1/data/ratis/3ffd9eb0-d42a-45d5-bc1d-22a6327c128c/current/log_inprogress_1
2019-10-21 22:02:29,588 [Thread-572] INFO  impl.FollowerState (FollowerState.java:run(108)) - a26a9f1d-c528-4494-83e5-475827f7720e@group-5E7A11E15B06-FollowerState: change to CANDIDATE, lastRpcTime:30ms, electionTimeout:27ms
2019-10-21 22:02:29,588 [Thread-572] INFO  impl.RoleInfo (RoleInfo.java:shutdownFollowerState(121)) - a26a9f1d-c528-4494-83e5-475827f7720e: shutdown FollowerState
2019-10-21 22:02:29,588 [Thread-572] INFO  impl.RaftServerImpl (RaftServerImpl.java:setRole(184)) - a26a9f1d-c528-4494-83e5-475827f7720e@group-5E7A11E15B06: changes role from  FOLLOWER to CANDIDATE at term 3 for changeToCandidate
2019-10-21 22:02:29,588 [Thread-572] INFO  impl.RoleInfo (RoleInfo.java:updateAndGet(143)) - a26a9f1d-c528-4494-83e5-475827f7720e: start LeaderElection
2019-10-21 22:02:29,600 [a26a9f1d-c528-4494-83e5-475827f7720e@group-5E7A11E15B06-LeaderElection8] INFO  impl.LeaderElection (LeaderElection.java:askForVotes(178)) - a26a9f1d-c528-4494-83e5-475827f7720e@group-5E7A11E15B06-LeaderElection8: begin an election at term 4 for 0: [a26a9f1d-c528-4494-83e5-475827f7720e:192.168.69.92:46217, a1036450-74c2-4405-b4f8-7a994af8c84a:192.168.69.92:36225, 95d3bce6-5996-460d-8578-b7f952c18b9c:192.168.69.92:41231], old=null
2019-10-21 22:02:29,603 [grpc-default-executor-1] INFO  impl.RaftServerImpl (RaftServerImpl.java:setRole(184)) - 95d3bce6-5996-460d-8578-b7f952c18b9c@group-5E7A11E15B06: changes role from  FOLLOWER to FOLLOWER at term 4 for recognizeCandidate:a26a9f1d-c528-4494-83e5-475827f7720e
2019-10-21 22:02:29,603 [grpc-default-executor-3] INFO  impl.RaftServerImpl (RaftServerImpl.java:setRole(184)) - a1036450-74c2-4405-b4f8-7a994af8c84a@group-5E7A11E15B06: changes role from  FOLLOWER to FOLLOWER at term 4 for recognizeCandidate:a26a9f1d-c528-4494-83e5-475827f7720e
2019-10-21 22:02:29,603 [grpc-default-executor-1] INFO  impl.RoleInfo (RoleInfo.java:shutdownFollowerState(121)) - 95d3bce6-5996-460d-8578-b7f952c18b9c: shutdown FollowerState
2019-10-21 22:02:29,603 [grpc-default-executor-3] INFO  impl.RoleInfo (RoleInfo.java:shutdownFollowerState(121)) - a1036450-74c2-4405-b4f8-7a994af8c84a: shutdown FollowerState
2019-10-21 22:02:29,603 [Thread-569] INFO  impl.FollowerState (FollowerState.java:run(117)) - 95d3bce6-5996-460d-8578-b7f952c18b9c@group-5E7A11E15B06-FollowerState was interrupted: java.lang.InterruptedException: sleep interrupted
2019-10-21 22:02:29,603 [grpc-default-executor-3] INFO  impl.RoleInfo (RoleInfo.java:updateAndGet(143)) - a1036450-74c2-4405-b4f8-7a994af8c84a: start FollowerState
2019-10-21 22:02:29,603 [Thread-571] INFO  impl.FollowerState (FollowerState.java:run(117)) - a1036450-74c2-4405-b4f8-7a994af8c84a@group-5E7A11E15B06-FollowerState was interrupted: java.lang.InterruptedException: sleep interrupted
2019-10-21 22:02:29,603 [grpc-default-executor-1] INFO  impl.RoleInfo (RoleInfo.java:updateAndGet(143)) - 95d3bce6-5996-460d-8578-b7f952c18b9c: start FollowerState
2019-10-21 22:02:29,622 [a26a9f1d-c528-4494-83e5-475827f7720e@group-5E7A11E15B06-LeaderElection8] INFO  impl.LeaderElection (LeaderElection.java:logAndReturn(56)) - a26a9f1d-c528-4494-83e5-475827f7720e@group-5E7A11E15B06-LeaderElection8: Election REJECTED; received 2 response(s) [a26a9f1d-c528-4494-83e5-475827f7720e<-a1036450-74c2-4405-b4f8-7a994af8c84a#0:FAIL-t4, a26a9f1d-c528-4494-83e5-475827f7720e<-95d3bce6-5996-460d-8578-b7f952c18b9c#0:FAIL-t4] and 0 exception(s); a26a9f1d-c528-4494-83e5-475827f7720e@group-5E7A11E15B06:t4, leader=null, voted=a26a9f1d-c528-4494-83e5-475827f7720e, raftlog=a26a9f1d-c528-4494-83e5-475827f7720e@group-5E7A11E15B06-SegmentedRaftLog:OPENED:c3,f4,i4, conf=0: [a26a9f1d-c528-4494-83e5-475827f7720e:192.168.69.92:46217, a1036450-74c2-4405-b4f8-7a994af8c84a:192.168.69.92:36225, 95d3bce6-5996-460d-8578-b7f952c18b9c:192.168.69.92:41231], old=null
2019-10-21 22:02:29,622 [a26a9f1d-c528-4494-83e5-475827f7720e@group-5E7A11E15B06-LeaderElection8] INFO  impl.RaftServerImpl (RaftServerImpl.java:setRole(184)) - a26a9f1d-c528-4494-83e5-475827f7720e@group-5E7A11E15B06: changes role from CANDIDATE to FOLLOWER at term 4 for DISCOVERED_A_NEW_TERM
2019-10-21 22:02:29,623 [a26a9f1d-c528-4494-83e5-475827f7720e@group-5E7A11E15B06-LeaderElection8] INFO  impl.RoleInfo (RoleInfo.java:shutdownLeaderElection(134)) - a26a9f1d-c528-4494-83e5-475827f7720e: shutdown LeaderElection
2019-10-21 22:02:29,623 [a26a9f1d-c528-4494-83e5-475827f7720e@group-5E7A11E15B06-LeaderElection8] INFO  impl.RoleInfo (RoleInfo.java:updateAndGet(143)) - a26a9f1d-c528-4494-83e5-475827f7720e: start FollowerState
2019-10-21 22:02:29,741 [Thread-578] INFO  impl.FollowerState (FollowerState.java:run(108)) - a26a9f1d-c528-4494-83e5-475827f7720e@group-5E7A11E15B06-FollowerState: change to CANDIDATE, lastRpcTime:118ms, electionTimeout:117ms
2019-10-21 22:02:29,743 [Thread-578] INFO  impl.RoleInfo (RoleInfo.java:shutdownFollowerState(121)) - a26a9f1d-c528-4494-83e5-475827f7720e: shutdown FollowerState
2019-10-21 22:02:29,743 [Thread-578] INFO  impl.RaftServerImpl (RaftServerImpl.java:setRole(184)) - a26a9f1d-c528-4494-83e5-475827f7720e@group-5E7A11E15B06: changes role from  FOLLOWER to CANDIDATE at term 4 for changeToCandidate
2019-10-21 22:02:29,743 [Thread-578] INFO  impl.RoleInfo (RoleInfo.java:updateAndGet(143)) - a26a9f1d-c528-4494-83e5-475827f7720e: start LeaderElection
2019-10-21 22:02:29,751 [a26a9f1d-c528-4494-83e5-475827f7720e@group-5E7A11E15B06-LeaderElection9] INFO  impl.LeaderElection (LeaderElection.java:askForVotes(178)) - a26a9f1d-c528-4494-83e5-475827f7720e@group-5E7A11E15B06-LeaderElection9: begin an election at term 5 for 0: [a26a9f1d-c528-4494-83e5-475827f7720e:192.168.69.92:46217, a1036450-74c2-4405-b4f8-7a994af8c84a:192.168.69.92:36225, 95d3bce6-5996-460d-8578-b7f952c18b9c:192.168.69.92:41231], old=null
2019-10-21 22:02:29,755 [grpc-default-executor-6] INFO  impl.RaftServerImpl (RaftServerImpl.java:setRole(184)) - a1036450-74c2-4405-b4f8-7a994af8c84a@group-5E7A11E15B06: changes role from  FOLLOWER to FOLLOWER at term 5 for recognizeCandidate:a26a9f1d-c528-4494-83e5-475827f7720e
2019-10-21 22:02:29,755 [grpc-default-executor-1] INFO  impl.RaftServerImpl (RaftServerImpl.java:setRole(184)) - 95d3bce6-5996-460d-8578-b7f952c18b9c@group-5E7A11E15B06: changes role from  FOLLOWER to FOLLOWER at term 5 for recognizeCandidate:a26a9f1d-c528-4494-83e5-475827f7720e
2019-10-21 22:02:29,755 [grpc-default-executor-6] INFO  impl.RoleInfo (RoleInfo.java:shutdownFollowerState(121)) - a1036450-74c2-4405-b4f8-7a994af8c84a: shutdown FollowerState
2019-10-21 22:02:29,755 [grpc-default-executor-1] INFO  impl.RoleInfo (RoleInfo.java:shutdownFollowerState(121)) - 95d3bce6-5996-460d-8578-b7f952c18b9c: shutdown FollowerState
2019-10-21 22:02:29,756 [Thread-577] INFO  impl.FollowerState (FollowerState.java:run(117)) - a1036450-74c2-4405-b4f8-7a994af8c84a@group-5E7A11E15B06-FollowerState was interrupted: java.lang.InterruptedException: sleep interrupted
2019-10-21 22:02:29,756 [grpc-default-executor-6] INFO  impl.RoleInfo (RoleInfo.java:updateAndGet(143)) - a1036450-74c2-4405-b4f8-7a994af8c84a: start FollowerState
2019-10-21 22:02:29,756 [grpc-default-executor-1] INFO  impl.RoleInfo (RoleInfo.java:updateAndGet(143)) - 95d3bce6-5996-460d-8578-b7f952c18b9c: start FollowerState
2019-10-21 22:02:29,756 [Thread-576] INFO  impl.FollowerState (FollowerState.java:run(117)) - 95d3bce6-5996-460d-8578-b7f952c18b9c@group-5E7A11E15B06-FollowerState was interrupted: java.lang.InterruptedException: sleep interrupted
2019-10-21 22:02:29,778 [a26a9f1d-c528-4494-83e5-475827f7720e@group-5E7A11E15B06-LeaderElection9] INFO  impl.LeaderElection (LeaderElection.java:logAndReturn(56)) - a26a9f1d-c528-4494-83e5-475827f7720e@group-5E7A11E15B06-LeaderElection9: Election REJECTED; received 2 response(s) [a26a9f1d-c528-4494-83e5-475827f7720e<-a1036450-74c2-4405-b4f8-7a994af8c84a#0:FAIL-t5, a26a9f1d-c528-4494-83e5-475827f7720e<-95d3bce6-5996-460d-8578-b7f952c18b9c#0:FAIL-t5] and 0 exception(s); a26a9f1d-c528-4494-83e5-475827f7720e@group-5E7A11E15B06:t5, leader=null, voted=a26a9f1d-c528-4494-83e5-475827f7720e, raftlog=a26a9f1d-c528-4494-83e5-475827f7720e@group-5E7A11E15B06-SegmentedRaftLog:OPENED:c3,f4,i4, conf=0: [a26a9f1d-c528-4494-83e5-475827f7720e:192.168.69.92:46217, a1036450-74c2-4405-b4f8-7a994af8c84a:192.168.69.92:36225, 95d3bce6-5996-460d-8578-b7f952c18b9c:192.168.69.92:41231], old=null
2019-10-21 22:02:29,778 [a26a9f1d-c528-4494-83e5-475827f7720e@group-5E7A11E15B06-LeaderElection9] INFO  impl.RaftServerImpl (RaftServerImpl.java:setRole(184)) - a26a9f1d-c528-4494-83e5-475827f7720e@group-5E7A11E15B06: changes role from CANDIDATE to FOLLOWER at term 5 for DISCOVERED_A_NEW_TERM
2019-10-21 22:02:29,779 [a26a9f1d-c528-4494-83e5-475827f7720e@group-5E7A11E15B06-LeaderElection9] INFO  impl.RoleInfo (RoleInfo.java:shutdownLeaderElection(134)) - a26a9f1d-c528-4494-83e5-475827f7720e: shutdown LeaderElection
2019-10-21 22:02:29,779 [a26a9f1d-c528-4494-83e5-475827f7720e@group-5E7A11E15B06-LeaderElection9] INFO  impl.RoleInfo (RoleInfo.java:updateAndGet(143)) - a26a9f1d-c528-4494-83e5-475827f7720e: start FollowerState
2019-10-21 22:02:29,815 [pool-7-thread-3] INFO  commands.RetriableDatanodeEventWatcher (RetriableDatanodeEventWatcher.java:onTimeout(47)) - RetriableDatanodeCommand type=deleteBlocksCommand with id=1571695345818 timed out. Retrying.
2019-10-21 22:02:29,817 [pool-7-thread-1] INFO  commands.RetriableDatanodeEventWatcher (RetriableDatanodeEventWatcher.java:onTimeout(47)) - RetriableDatanodeCommand type=deleteBlocksCommand with id=1571695345820 timed out. Retrying.
2019-10-21 22:02:29,817 [pool-7-thread-2] INFO  commands.RetriableDatanodeEventWatcher (RetriableDatanodeEventWatcher.java:onTimeout(47)) - RetriableDatanodeCommand type=deleteBlocksCommand with id=1571695345814 timed out. Retrying.
2019-10-21 22:02:29,817 [pool-7-thread-4] INFO  commands.RetriableDatanodeEventWatcher (RetriableDatanodeEventWatcher.java:onTimeout(47)) - RetriableDatanodeCommand type=deleteBlocksCommand with id=1571695345816 timed out. Retrying.
2019-10-21 22:02:29,817 [SCMBlockDeletingService#1] INFO  block.SCMBlockDeletingService (SCMBlockDeletingService.java:call(184)) - Totally added 1 delete blocks command for 1 datanodes, task elapsed time: 1ms
2019-10-21 22:02:29,883 [Thread-584] INFO  impl.FollowerState (FollowerState.java:run(108)) - a26a9f1d-c528-4494-83e5-475827f7720e@group-5E7A11E15B06-FollowerState: change to CANDIDATE, lastRpcTime:103ms, electionTimeout:103ms
2019-10-21 22:02:29,883 [Thread-584] INFO  impl.RoleInfo (RoleInfo.java:shutdownFollowerState(121)) - a26a9f1d-c528-4494-83e5-475827f7720e: shutdown FollowerState
2019-10-21 22:02:29,884 [Thread-584] INFO  impl.RaftServerImpl (RaftServerImpl.java:setRole(184)) - a26a9f1d-c528-4494-83e5-475827f7720e@group-5E7A11E15B06: changes role from  FOLLOWER to CANDIDATE at term 5 for changeToCandidate
2019-10-21 22:02:29,884 [Thread-584] INFO  impl.RoleInfo (RoleInfo.java:updateAndGet(143)) - a26a9f1d-c528-4494-83e5-475827f7720e: start LeaderElection
2019-10-21 22:02:29,892 [a26a9f1d-c528-4494-83e5-475827f7720e@group-5E7A11E15B06-LeaderElection10] INFO  impl.LeaderElection (LeaderElection.java:askForVotes(178)) - a26a9f1d-c528-4494-83e5-475827f7720e@group-5E7A11E15B06-LeaderElection10: begin an election at term 6 for 0: [a26a9f1d-c528-4494-83e5-475827f7720e:192.168.69.92:46217, a1036450-74c2-4405-b4f8-7a994af8c84a:192.168.69.92:36225, 95d3bce6-5996-460d-8578-b7f952c18b9c:192.168.69.92:41231], old=null
2019-10-21 22:02:29,896 [grpc-default-executor-1] INFO  impl.RaftServerImpl (RaftServerImpl.java:setRole(184)) - 95d3bce6-5996-460d-8578-b7f952c18b9c@group-5E7A11E15B06: changes role from  FOLLOWER to FOLLOWER at term 6 for recognizeCandidate:a26a9f1d-c528-4494-83e5-475827f7720e
2019-10-21 22:02:29,896 [grpc-default-executor-3] INFO  impl.RaftServerImpl (RaftServerImpl.java:setRole(184)) - a1036450-74c2-4405-b4f8-7a994af8c84a@group-5E7A11E15B06: changes role from  FOLLOWER to FOLLOWER at term 6 for recognizeCandidate:a26a9f1d-c528-4494-83e5-475827f7720e
2019-10-21 22:02:29,896 [grpc-default-executor-1] INFO  impl.RoleInfo (RoleInfo.java:shutdownFollowerState(121)) - 95d3bce6-5996-460d-8578-b7f952c18b9c: shutdown FollowerState
2019-10-21 22:02:29,896 [grpc-default-executor-3] INFO  impl.RoleInfo (RoleInfo.java:shutdownFollowerState(121)) - a1036450-74c2-4405-b4f8-7a994af8c84a: shutdown FollowerState
2019-10-21 22:02:29,896 [Thread-583] INFO  impl.FollowerState (FollowerState.java:run(117)) - 95d3bce6-5996-460d-8578-b7f952c18b9c@group-5E7A11E15B06-FollowerState was interrupted: java.lang.InterruptedException: sleep interrupted
2019-10-21 22:02:29,896 [Thread-582] INFO  impl.FollowerState (FollowerState.java:run(117)) - a1036450-74c2-4405-b4f8-7a994af8c84a@group-5E7A11E15B06-FollowerState was interrupted: java.lang.InterruptedException: sleep interrupted
2019-10-21 22:02:29,896 [grpc-default-executor-3] INFO  impl.RoleInfo (RoleInfo.java:updateAndGet(143)) - a1036450-74c2-4405-b4f8-7a994af8c84a: start FollowerState
2019-10-21 22:02:29,896 [grpc-default-executor-1] INFO  impl.RoleInfo (RoleInfo.java:updateAndGet(143)) - 95d3bce6-5996-460d-8578-b7f952c18b9c: start FollowerState
2019-10-21 22:02:29,909 [a26a9f1d-c528-4494-83e5-475827f7720e@group-5E7A11E15B06-LeaderElection10] INFO  impl.LeaderElection (LeaderElection.java:logAndReturn(56)) - a26a9f1d-c528-4494-83e5-475827f7720e@group-5E7A11E15B06-LeaderElection10: Election REJECTED; received 2 response(s) [a26a9f1d-c528-4494-83e5-475827f7720e<-a1036450-74c2-4405-b4f8-7a994af8c84a#0:FAIL-t6, a26a9f1d-c528-4494-83e5-475827f7720e<-95d3bce6-5996-460d-8578-b7f952c18b9c#0:FAIL-t6] and 0 exception(s); a26a9f1d-c528-4494-83e5-475827f7720e@group-5E7A11E15B06:t6, leader=null, voted=a26a9f1d-c528-4494-83e5-475827f7720e, raftlog=a26a9f1d-c528-4494-83e5-475827f7720e@group-5E7A11E15B06-SegmentedRaftLog:OPENED:c3,f4,i4, conf=0: [a26a9f1d-c528-4494-83e5-475827f7720e:192.168.69.92:46217, a1036450-74c2-4405-b4f8-7a994af8c84a:192.168.69.92:36225, 95d3bce6-5996-460d-8578-b7f952c18b9c:192.168.69.92:41231], old=null
2019-10-21 22:02:29,909 [a26a9f1d-c528-4494-83e5-475827f7720e@group-5E7A11E15B06-LeaderElection10] INFO  impl.RaftServerImpl (RaftServerImpl.java:setRole(184)) - a26a9f1d-c528-4494-83e5-475827f7720e@group-5E7A11E15B06: changes role from CANDIDATE to FOLLOWER at term 6 for DISCOVERED_A_NEW_TERM
2019-10-21 22:02:29,911 [a26a9f1d-c528-4494-83e5-475827f7720e@group-5E7A11E15B06-LeaderElection10] INFO  impl.RoleInfo (RoleInfo.java:shutdownLeaderElection(134)) - a26a9f1d-c528-4494-83e5-475827f7720e: shutdown LeaderElection
2019-10-21 22:02:29,911 [a26a9f1d-c528-4494-83e5-475827f7720e@group-5E7A11E15B06-LeaderElection10] INFO  impl.RoleInfo (RoleInfo.java:updateAndGet(143)) - a26a9f1d-c528-4494-83e5-475827f7720e: start FollowerState
2019-10-21 22:02:29,952 [Thread-590] INFO  impl.FollowerState (FollowerState.java:run(108)) - a26a9f1d-c528-4494-83e5-475827f7720e@group-5E7A11E15B06-FollowerState: change to CANDIDATE, lastRpcTime:40ms, electionTimeout:40ms
2019-10-21 22:02:29,953 [Thread-590] INFO  impl.RoleInfo (RoleInfo.java:shutdownFollowerState(121)) - a26a9f1d-c528-4494-83e5-475827f7720e: shutdown FollowerState
2019-10-21 22:02:29,953 [Thread-590] INFO  impl.RaftServerImpl (RaftServerImpl.java:setRole(184)) - a26a9f1d-c528-4494-83e5-475827f7720e@group-5E7A11E15B06: changes role from  FOLLOWER to CANDIDATE at term 6 for changeToCandidate
2019-10-21 22:02:29,953 [Thread-590] INFO  impl.RoleInfo (RoleInfo.java:updateAndGet(143)) - a26a9f1d-c528-4494-83e5-475827f7720e: start LeaderElection
2019-10-21 22:02:29,959 [a26a9f1d-c528-4494-83e5-475827f7720e@group-5E7A11E15B06-LeaderElection11] INFO  impl.LeaderElection (LeaderElection.java:askForVotes(178)) - a26a9f1d-c528-4494-83e5-475827f7720e@group-5E7A11E15B06-LeaderElection11: begin an election at term 7 for 0: [a26a9f1d-c528-4494-83e5-475827f7720e:192.168.69.92:46217, a1036450-74c2-4405-b4f8-7a994af8c84a:192.168.69.92:36225, 95d3bce6-5996-460d-8578-b7f952c18b9c:192.168.69.92:41231], old=null
2019-10-21 22:02:29,966 [grpc-default-executor-1] INFO  impl.RaftServerImpl (RaftServerImpl.java:setRole(184)) - a1036450-74c2-4405-b4f8-7a994af8c84a@group-5E7A11E15B06: changes role from  FOLLOWER to FOLLOWER at term 7 for recognizeCandidate:a26a9f1d-c528-4494-83e5-475827f7720e
2019-10-21 22:02:29,967 [grpc-default-executor-1] INFO  impl.RoleInfo (RoleInfo.java:shutdownFollowerState(121)) - a1036450-74c2-4405-b4f8-7a994af8c84a: shutdown FollowerState
2019-10-21 22:02:29,967 [grpc-default-executor-3] INFO  impl.RaftServerImpl (RaftServerImpl.java:setRole(184)) - 95d3bce6-5996-460d-8578-b7f952c18b9c@group-5E7A11E15B06: changes role from  FOLLOWER to FOLLOWER at term 7 for recognizeCandidate:a26a9f1d-c528-4494-83e5-475827f7720e
2019-10-21 22:02:29,967 [grpc-default-executor-3] INFO  impl.RoleInfo (RoleInfo.java:shutdownFollowerState(121)) - 95d3bce6-5996-460d-8578-b7f952c18b9c: shutdown FollowerState
2019-10-21 22:02:29,967 [grpc-default-executor-1] INFO  impl.RoleInfo (RoleInfo.java:updateAndGet(143)) - a1036450-74c2-4405-b4f8-7a994af8c84a: start FollowerState
2019-10-21 22:02:29,967 [Thread-589] INFO  impl.FollowerState (FollowerState.java:run(117)) - a1036450-74c2-4405-b4f8-7a994af8c84a@group-5E7A11E15B06-FollowerState was interrupted: java.lang.InterruptedException: sleep interrupted
2019-10-21 22:02:29,967 [grpc-default-executor-3] INFO  impl.RoleInfo (RoleInfo.java:updateAndGet(143)) - 95d3bce6-5996-460d-8578-b7f952c18b9c: start FollowerState
2019-10-21 22:02:29,967 [Thread-588] INFO  impl.FollowerState (FollowerState.java:run(117)) - 95d3bce6-5996-460d-8578-b7f952c18b9c@group-5E7A11E15B06-FollowerState was interrupted: java.lang.InterruptedException: sleep interrupted
2019-10-21 22:02:29,987 [a26a9f1d-c528-4494-83e5-475827f7720e@group-5E7A11E15B06-LeaderElection11] INFO  impl.LeaderElection (LeaderElection.java:logAndReturn(56)) - a26a9f1d-c528-4494-83e5-475827f7720e@group-5E7A11E15B06-LeaderElection11: Election REJECTED; received 2 response(s) [a26a9f1d-c528-4494-83e5-475827f7720e<-a1036450-74c2-4405-b4f8-7a994af8c84a#0:FAIL-t7, a26a9f1d-c528-4494-83e5-475827f7720e<-95d3bce6-5996-460d-8578-b7f952c18b9c#0:FAIL-t7] and 0 exception(s); a26a9f1d-c528-4494-83e5-475827f7720e@group-5E7A11E15B06:t7, leader=null, voted=a26a9f1d-c528-4494-83e5-475827f7720e, raftlog=a26a9f1d-c528-4494-83e5-475827f7720e@group-5E7A11E15B06-SegmentedRaftLog:OPENED:c3,f4,i4, conf=0: [a26a9f1d-c528-4494-83e5-475827f7720e:192.168.69.92:46217, a1036450-74c2-4405-b4f8-7a994af8c84a:192.168.69.92:36225, 95d3bce6-5996-460d-8578-b7f952c18b9c:192.168.69.92:41231], old=null
2019-10-21 22:02:29,987 [a26a9f1d-c528-4494-83e5-475827f7720e@group-5E7A11E15B06-LeaderElection11] INFO  impl.RaftServerImpl (RaftServerImpl.java:setRole(184)) - a26a9f1d-c528-4494-83e5-475827f7720e@group-5E7A11E15B06: changes role from CANDIDATE to FOLLOWER at term 7 for DISCOVERED_A_NEW_TERM
2019-10-21 22:02:29,988 [a26a9f1d-c528-4494-83e5-475827f7720e@group-5E7A11E15B06-LeaderElection11] INFO  impl.RoleInfo (RoleInfo.java:shutdownLeaderElection(134)) - a26a9f1d-c528-4494-83e5-475827f7720e: shutdown LeaderElection
2019-10-21 22:02:29,988 [a26a9f1d-c528-4494-83e5-475827f7720e@group-5E7A11E15B06-LeaderElection11] INFO  impl.RoleInfo (RoleInfo.java:updateAndGet(143)) - a26a9f1d-c528-4494-83e5-475827f7720e: start FollowerState
2019-10-21 22:02:29,997 [BlockDeletingService#2] WARN  background.BlockDeletingService (BlockDeletingService.java:isDeletionAllowed(187)) - Close Container log Index 6 is not replicated across allthe servers in the pipeline 14fb49ee-5d81-4c1e-bb69-5e7a11e15b06 as the min replicated index is 4. Deletion is not allowed in this container yet.
2019-10-21 22:02:29,997 [BlockDeletingService#7] WARN  background.BlockDeletingService (BlockDeletingService.java:isDeletionAllowed(187)) - Close Container log Index 6 is not replicated across allthe servers in the pipeline 14fb49ee-5d81-4c1e-bb69-5e7a11e15b06 as the min replicated index is 4. Deletion is not allowed in this container yet.
2019-10-21 22:02:30,173 [Thread-596] INFO  impl.FollowerState (FollowerState.java:run(108)) - a26a9f1d-c528-4494-83e5-475827f7720e@group-5E7A11E15B06-FollowerState: change to CANDIDATE, lastRpcTime:184ms, electionTimeout:184ms
2019-10-21 22:02:30,173 [Thread-596] INFO  impl.RoleInfo (RoleInfo.java:shutdownFollowerState(121)) - a26a9f1d-c528-4494-83e5-475827f7720e: shutdown FollowerState
2019-10-21 22:02:30,173 [Thread-596] INFO  impl.RaftServerImpl (RaftServerImpl.java:setRole(184)) - a26a9f1d-c528-4494-83e5-475827f7720e@group-5E7A11E15B06: changes role from  FOLLOWER to CANDIDATE at term 7 for changeToCandidate
2019-10-21 22:02:30,174 [Thread-596] INFO  impl.RoleInfo (RoleInfo.java:updateAndGet(143)) - a26a9f1d-c528-4494-83e5-475827f7720e: start LeaderElection
2019-10-21 22:02:30,190 [a26a9f1d-c528-4494-83e5-475827f7720e@group-5E7A11E15B06-LeaderElection12] INFO  impl.LeaderElection (LeaderElection.java:askForVotes(178)) - a26a9f1d-c528-4494-83e5-475827f7720e@group-5E7A11E15B06-LeaderElection12: begin an election at term 8 for 0: [a26a9f1d-c528-4494-83e5-475827f7720e:192.168.69.92:46217, a1036450-74c2-4405-b4f8-7a994af8c84a:192.168.69.92:36225, 95d3bce6-5996-460d-8578-b7f952c18b9c:192.168.69.92:41231], old=null
2019-10-21 22:02:30,193 [a26a9f1d-c528-4494-83e5-475827f7720e@group-5E7A11E15B06-LeaderElection12] INFO  impl.LeaderElection (LeaderElection.java:logAndReturn(56)) - a26a9f1d-c528-4494-83e5-475827f7720e@group-5E7A11E15B06-LeaderElection12: Election TIMEOUT; received 0 response(s) [] and 0 exception(s); a26a9f1d-c528-4494-83e5-475827f7720e@group-5E7A11E15B06:t8, leader=null, voted=a26a9f1d-c528-4494-83e5-475827f7720e, raftlog=a26a9f1d-c528-4494-83e5-475827f7720e@group-5E7A11E15B06-SegmentedRaftLog:OPENED:c3,f4,i4, conf=0: [a26a9f1d-c528-4494-83e5-475827f7720e:192.168.69.92:46217, a1036450-74c2-4405-b4f8-7a994af8c84a:192.168.69.92:36225, 95d3bce6-5996-460d-8578-b7f952c18b9c:192.168.69.92:41231], old=null
2019-10-21 22:02:30,194 [grpc-default-executor-3] INFO  impl.RaftServerImpl (RaftServerImpl.java:setRole(184)) - 95d3bce6-5996-460d-8578-b7f952c18b9c@group-5E7A11E15B06: changes role from  FOLLOWER to FOLLOWER at term 8 for recognizeCandidate:a26a9f1d-c528-4494-83e5-475827f7720e
2019-10-21 22:02:30,194 [grpc-default-executor-1] INFO  impl.RaftServerImpl (RaftServerImpl.java:setRole(184)) - a1036450-74c2-4405-b4f8-7a994af8c84a@group-5E7A11E15B06: changes role from  FOLLOWER to FOLLOWER at term 8 for recognizeCandidate:a26a9f1d-c528-4494-83e5-475827f7720e
2019-10-21 22:02:30,195 [grpc-default-executor-3] INFO  impl.RoleInfo (RoleInfo.java:shutdownFollowerState(121)) - 95d3bce6-5996-460d-8578-b7f952c18b9c: shutdown FollowerState
2019-10-21 22:02:30,195 [grpc-default-executor-1] INFO  impl.RoleInfo (RoleInfo.java:shutdownFollowerState(121)) - a1036450-74c2-4405-b4f8-7a994af8c84a: shutdown FollowerState
2019-10-21 22:02:30,195 [grpc-default-executor-3] INFO  impl.RoleInfo (RoleInfo.java:updateAndGet(143)) - 95d3bce6-5996-460d-8578-b7f952c18b9c: start FollowerState
2019-10-21 22:02:30,195 [Thread-595] INFO  impl.FollowerState (FollowerState.java:run(117)) - 95d3bce6-5996-460d-8578-b7f952c18b9c@group-5E7A11E15B06-FollowerState was interrupted: java.lang.InterruptedException: sleep interrupted
2019-10-21 22:02:30,196 [grpc-default-executor-1] INFO  impl.RoleInfo (RoleInfo.java:updateAndGet(143)) - a1036450-74c2-4405-b4f8-7a994af8c84a: start FollowerState
2019-10-21 22:02:30,196 [Thread-594] INFO  impl.FollowerState (FollowerState.java:run(117)) - a1036450-74c2-4405-b4f8-7a994af8c84a@group-5E7A11E15B06-FollowerState was interrupted: java.lang.InterruptedException: sleep interrupted
2019-10-21 22:02:30,201 [a26a9f1d-c528-4494-83e5-475827f7720e@group-5E7A11E15B06-LeaderElection12] INFO  impl.LeaderElection (LeaderElection.java:askForVotes(178)) - a26a9f1d-c528-4494-83e5-475827f7720e@group-5E7A11E15B06-LeaderElection12: begin an election at term 9 for 0: [a26a9f1d-c528-4494-83e5-475827f7720e:192.168.69.92:46217, a1036450-74c2-4405-b4f8-7a994af8c84a:192.168.69.92:36225, 95d3bce6-5996-460d-8578-b7f952c18b9c:192.168.69.92:41231], old=null
2019-10-21 22:02:30,205 [grpc-default-executor-2] INFO  impl.RaftServerImpl (RaftServerImpl.java:setRole(184)) - 95d3bce6-5996-460d-8578-b7f952c18b9c@group-5E7A11E15B06: changes role from  FOLLOWER to FOLLOWER at term 9 for recognizeCandidate:a26a9f1d-c528-4494-83e5-475827f7720e
2019-10-21 22:02:30,205 [grpc-default-executor-6] INFO  impl.RaftServerImpl (RaftServerImpl.java:setRole(184)) - a1036450-74c2-4405-b4f8-7a994af8c84a@group-5E7A11E15B06: changes role from  FOLLOWER to FOLLOWER at term 9 for recognizeCandidate:a26a9f1d-c528-4494-83e5-475827f7720e
2019-10-21 22:02:30,205 [grpc-default-executor-2] INFO  impl.RoleInfo (RoleInfo.java:shutdownFollowerState(121)) - 95d3bce6-5996-460d-8578-b7f952c18b9c: shutdown FollowerState
2019-10-21 22:02:30,205 [grpc-default-executor-6] INFO  impl.RoleInfo (RoleInfo.java:shutdownFollowerState(121)) - a1036450-74c2-4405-b4f8-7a994af8c84a: shutdown FollowerState
2019-10-21 22:02:30,205 [grpc-default-executor-2] INFO  impl.RoleInfo (RoleInfo.java:updateAndGet(143)) - 95d3bce6-5996-460d-8578-b7f952c18b9c: start FollowerState
2019-10-21 22:02:30,205 [Thread-602] INFO  impl.FollowerState (FollowerState.java:run(117)) - 95d3bce6-5996-460d-8578-b7f952c18b9c@group-5E7A11E15B06-FollowerState was interrupted: java.lang.InterruptedException: sleep interrupted
2019-10-21 22:02:30,205 [grpc-default-executor-6] INFO  impl.RoleInfo (RoleInfo.java:updateAndGet(143)) - a1036450-74c2-4405-b4f8-7a994af8c84a: start FollowerState
2019-10-21 22:02:30,205 [Thread-603] INFO  impl.FollowerState (FollowerState.java:run(117)) - a1036450-74c2-4405-b4f8-7a994af8c84a@group-5E7A11E15B06-FollowerState was interrupted: java.lang.InterruptedException: sleep interrupted
2019-10-21 22:02:30,218 [a26a9f1d-c528-4494-83e5-475827f7720e@group-5E7A11E15B06-LeaderElection12] INFO  impl.LeaderElection (LeaderElection.java:logAndReturn(56)) - a26a9f1d-c528-4494-83e5-475827f7720e@group-5E7A11E15B06-LeaderElection12: Election REJECTED; received 2 response(s) [a26a9f1d-c528-4494-83e5-475827f7720e<-a1036450-74c2-4405-b4f8-7a994af8c84a#0:FAIL-t9, a26a9f1d-c528-4494-83e5-475827f7720e<-95d3bce6-5996-460d-8578-b7f952c18b9c#0:FAIL-t9] and 0 exception(s); a26a9f1d-c528-4494-83e5-475827f7720e@group-5E7A11E15B06:t9, leader=null, voted=a26a9f1d-c528-4494-83e5-475827f7720e, raftlog=a26a9f1d-c528-4494-83e5-475827f7720e@group-5E7A11E15B06-SegmentedRaftLog:OPENED:c3,f4,i4, conf=0: [a26a9f1d-c528-4494-83e5-475827f7720e:192.168.69.92:46217, a1036450-74c2-4405-b4f8-7a994af8c84a:192.168.69.92:36225, 95d3bce6-5996-460d-8578-b7f952c18b9c:192.168.69.92:41231], old=null
2019-10-21 22:02:30,218 [a26a9f1d-c528-4494-83e5-475827f7720e@group-5E7A11E15B06-LeaderElection12] INFO  impl.RaftServerImpl (RaftServerImpl.java:setRole(184)) - a26a9f1d-c528-4494-83e5-475827f7720e@group-5E7A11E15B06: changes role from CANDIDATE to FOLLOWER at term 9 for DISCOVERED_A_NEW_TERM
2019-10-21 22:02:30,219 [a26a9f1d-c528-4494-83e5-475827f7720e@group-5E7A11E15B06-LeaderElection12] INFO  impl.RoleInfo (RoleInfo.java:shutdownLeaderElection(134)) - a26a9f1d-c528-4494-83e5-475827f7720e: shutdown LeaderElection
2019-10-21 22:02:30,219 [a26a9f1d-c528-4494-83e5-475827f7720e@group-5E7A11E15B06-LeaderElection12] INFO  impl.RoleInfo (RoleInfo.java:updateAndGet(143)) - a26a9f1d-c528-4494-83e5-475827f7720e: start FollowerState
2019-10-21 22:02:30,373 [Thread-608] INFO  impl.FollowerState (FollowerState.java:run(108)) - a26a9f1d-c528-4494-83e5-475827f7720e@group-5E7A11E15B06-FollowerState: change to CANDIDATE, lastRpcTime:154ms, electionTimeout:154ms
2019-10-21 22:02:30,375 [Thread-608] INFO  impl.RoleInfo (RoleInfo.java:shutdownFollowerState(121)) - a26a9f1d-c528-4494-83e5-475827f7720e: shutdown FollowerState
2019-10-21 22:02:30,375 [Thread-608] INFO  impl.RaftServerImpl (RaftServerImpl.java:setRole(184)) - a26a9f1d-c528-4494-83e5-475827f7720e@group-5E7A11E15B06: changes role from  FOLLOWER to CANDIDATE at term 9 for changeToCandidate
2019-10-21 22:02:30,375 [Thread-608] INFO  impl.RoleInfo (RoleInfo.java:updateAndGet(143)) - a26a9f1d-c528-4494-83e5-475827f7720e: start LeaderElection
2019-10-21 22:02:30,379 [a26a9f1d-c528-4494-83e5-475827f7720e@group-5E7A11E15B06-LeaderElection13] INFO  impl.LeaderElection (LeaderElection.java:askForVotes(178)) - a26a9f1d-c528-4494-83e5-475827f7720e@group-5E7A11E15B06-LeaderElection13: begin an election at term 10 for 0: [a26a9f1d-c528-4494-83e5-475827f7720e:192.168.69.92:46217, a1036450-74c2-4405-b4f8-7a994af8c84a:192.168.69.92:36225, 95d3bce6-5996-460d-8578-b7f952c18b9c:192.168.69.92:41231], old=null
2019-10-21 22:02:30,383 [grpc-default-executor-6] INFO  impl.RaftServerImpl (RaftServerImpl.java:setRole(184)) - 95d3bce6-5996-460d-8578-b7f952c18b9c@group-5E7A11E15B06: changes role from  FOLLOWER to FOLLOWER at term 10 for recognizeCandidate:a26a9f1d-c528-4494-83e5-475827f7720e
2019-10-21 22:02:30,383 [grpc-default-executor-2] INFO  impl.RaftServerImpl (RaftServerImpl.java:setRole(184)) - a1036450-74c2-4405-b4f8-7a994af8c84a@group-5E7A11E15B06: changes role from  FOLLOWER to FOLLOWER at term 10 for recognizeCandidate:a26a9f1d-c528-4494-83e5-475827f7720e
2019-10-21 22:02:30,383 [grpc-default-executor-6] INFO  impl.RoleInfo (RoleInfo.java:shutdownFollowerState(121)) - 95d3bce6-5996-460d-8578-b7f952c18b9c: shutdown FollowerState
2019-10-21 22:02:30,383 [grpc-default-executor-2] INFO  impl.RoleInfo (RoleInfo.java:shutdownFollowerState(121)) - a1036450-74c2-4405-b4f8-7a994af8c84a: shutdown FollowerState
2019-10-21 22:02:30,384 [Thread-606] INFO  impl.FollowerState (FollowerState.java:run(117)) - 95d3bce6-5996-460d-8578-b7f952c18b9c@group-5E7A11E15B06-FollowerState was interrupted: java.lang.InterruptedException: sleep interrupted
2019-10-21 22:02:30,384 [Thread-607] INFO  impl.FollowerState (FollowerState.java:run(117)) - a1036450-74c2-4405-b4f8-7a994af8c84a@group-5E7A11E15B06-FollowerState was interrupted: java.lang.InterruptedException: sleep interrupted
2019-10-21 22:02:30,384 [grpc-default-executor-6] INFO  impl.RoleInfo (RoleInfo.java:updateAndGet(143)) - 95d3bce6-5996-460d-8578-b7f952c18b9c: start FollowerState
2019-10-21 22:02:30,384 [grpc-default-executor-2] INFO  impl.RoleInfo (RoleInfo.java:updateAndGet(143)) - a1036450-74c2-4405-b4f8-7a994af8c84a: start FollowerState
2019-10-21 22:02:30,403 [a26a9f1d-c528-4494-83e5-475827f7720e@group-5E7A11E15B06-LeaderElection13] INFO  impl.LeaderElection (LeaderElection.java:logAndReturn(56)) - a26a9f1d-c528-4494-83e5-475827f7720e@group-5E7A11E15B06-LeaderElection13: Election REJECTED; received 2 response(s) [a26a9f1d-c528-4494-83e5-475827f7720e<-a1036450-74c2-4405-b4f8-7a994af8c84a#0:FAIL-t10, a26a9f1d-c528-4494-83e5-475827f7720e<-95d3bce6-5996-460d-8578-b7f952c18b9c#0:FAIL-t10] and 0 exception(s); a26a9f1d-c528-4494-83e5-475827f7720e@group-5E7A11E15B06:t10, leader=null, voted=a26a9f1d-c528-4494-83e5-475827f7720e, raftlog=a26a9f1d-c528-4494-83e5-475827f7720e@group-5E7A11E15B06-SegmentedRaftLog:OPENED:c3,f4,i4, conf=0: [a26a9f1d-c528-4494-83e5-475827f7720e:192.168.69.92:46217, a1036450-74c2-4405-b4f8-7a994af8c84a:192.168.69.92:36225, 95d3bce6-5996-460d-8578-b7f952c18b9c:192.168.69.92:41231], old=null
2019-10-21 22:02:30,403 [a26a9f1d-c528-4494-83e5-475827f7720e@group-5E7A11E15B06-LeaderElection13] INFO  impl.RaftServerImpl (RaftServerImpl.java:setRole(184)) - a26a9f1d-c528-4494-83e5-475827f7720e@group-5E7A11E15B06: changes role from CANDIDATE to FOLLOWER at term 10 for DISCOVERED_A_NEW_TERM
2019-10-21 22:02:30,404 [a26a9f1d-c528-4494-83e5-475827f7720e@group-5E7A11E15B06-LeaderElection13] INFO  impl.RoleInfo (RoleInfo.java:shutdownLeaderElection(134)) - a26a9f1d-c528-4494-83e5-475827f7720e: shutdown LeaderElection
2019-10-21 22:02:30,404 [a26a9f1d-c528-4494-83e5-475827f7720e@group-5E7A11E15B06-LeaderElection13] INFO  impl.RoleInfo (RoleInfo.java:updateAndGet(143)) - a26a9f1d-c528-4494-83e5-475827f7720e: start FollowerState
2019-10-21 22:02:30,534 [Thread-617] INFO  client.GrpcClientProtocolService (GrpcClientProtocolService.java:lambda$processClientRequest$0(278)) - Failed RaftClientRequest:client-91F2DA33FCFF->95d3bce6-5996-460d-8578-b7f952c18b9c@group-5E7A11E15B06, cid=10, seq=0, Watch-ALL_COMMITTED(6), Message:<EMPTY>, reply=RaftClientReply:client-91F2DA33FCFF->95d3bce6-5996-460d-8578-b7f952c18b9c@group-5E7A11E15B06, cid=10, FAILED org.apache.ratis.protocol.NotLeaderException: Server 95d3bce6-5996-460d-8578-b7f952c18b9c@group-5E7A11E15B06 is not the leader, logIndex=0, commits[95d3bce6-5996-460d-8578-b7f952c18b9c:c10, a26a9f1d-c528-4494-83e5-475827f7720e:c4, a1036450-74c2-4405-b4f8-7a994af8c84a:c10]
2019-10-21 22:02:30,599 [Thread-615] INFO  impl.FollowerState (FollowerState.java:run(108)) - a26a9f1d-c528-4494-83e5-475827f7720e@group-5E7A11E15B06-FollowerState: change to CANDIDATE, lastRpcTime:194ms, electionTimeout:191ms
2019-10-21 22:02:30,599 [Thread-615] INFO  impl.RoleInfo (RoleInfo.java:shutdownFollowerState(121)) - a26a9f1d-c528-4494-83e5-475827f7720e: shutdown FollowerState
2019-10-21 22:02:30,599 [Thread-615] INFO  impl.RaftServerImpl (RaftServerImpl.java:setRole(184)) - a26a9f1d-c528-4494-83e5-475827f7720e@group-5E7A11E15B06: changes role from  FOLLOWER to CANDIDATE at term 10 for changeToCandidate
2019-10-21 22:02:30,599 [Thread-615] INFO  impl.RoleInfo (RoleInfo.java:updateAndGet(143)) - a26a9f1d-c528-4494-83e5-475827f7720e: start LeaderElection
2019-10-21 22:02:30,611 [a26a9f1d-c528-4494-83e5-475827f7720e@group-5E7A11E15B06-LeaderElection14] INFO  impl.LeaderElection (LeaderElection.java:askForVotes(178)) - a26a9f1d-c528-4494-83e5-475827f7720e@group-5E7A11E15B06-LeaderElection14: begin an election at term 11 for 0: [a26a9f1d-c528-4494-83e5-475827f7720e:192.168.69.92:46217, a1036450-74c2-4405-b4f8-7a994af8c84a:192.168.69.92:36225, 95d3bce6-5996-460d-8578-b7f952c18b9c:192.168.69.92:41231], old=null
2019-10-21 22:02:30,616 [grpc-default-executor-2] INFO  impl.RaftServerImpl (RaftServerImpl.java:setRole(184)) - a1036450-74c2-4405-b4f8-7a994af8c84a@group-5E7A11E15B06: changes role from  FOLLOWER to FOLLOWER at term 11 for recognizeCandidate:a26a9f1d-c528-4494-83e5-475827f7720e
2019-10-21 22:02:30,616 [grpc-default-executor-6] INFO  impl.RaftServerImpl (RaftServerImpl.java:setRole(184)) - 95d3bce6-5996-460d-8578-b7f952c18b9c@group-5E7A11E15B06: changes role from  FOLLOWER to FOLLOWER at term 11 for recognizeCandidate:a26a9f1d-c528-4494-83e5-475827f7720e
2019-10-21 22:02:30,616 [grpc-default-executor-2] INFO  impl.RoleInfo (RoleInfo.java:shutdownFollowerState(121)) - a1036450-74c2-4405-b4f8-7a994af8c84a: shutdown FollowerState
2019-10-21 22:02:30,616 [grpc-default-executor-6] INFO  impl.RoleInfo (RoleInfo.java:shutdownFollowerState(121)) - 95d3bce6-5996-460d-8578-b7f952c18b9c: shutdown FollowerState
2019-10-21 22:02:30,616 [grpc-default-executor-2] INFO  impl.RoleInfo (RoleInfo.java:updateAndGet(143)) - a1036450-74c2-4405-b4f8-7a994af8c84a: start FollowerState
2019-10-21 22:02:30,616 [Thread-613] INFO  impl.FollowerState (FollowerState.java:run(117)) - a1036450-74c2-4405-b4f8-7a994af8c84a@group-5E7A11E15B06-FollowerState was interrupted: java.lang.InterruptedException: sleep interrupted
2019-10-21 22:02:30,616 [Thread-612] INFO  impl.FollowerState (FollowerState.java:run(117)) - 95d3bce6-5996-460d-8578-b7f952c18b9c@group-5E7A11E15B06-FollowerState was interrupted: java.lang.InterruptedException: sleep interrupted
2019-10-21 22:02:30,616 [grpc-default-executor-6] INFO  impl.RoleInfo (RoleInfo.java:updateAndGet(143)) - 95d3bce6-5996-460d-8578-b7f952c18b9c: start FollowerState
2019-10-21 22:02:30,624 [a26a9f1d-c528-4494-83e5-475827f7720e@group-5E7A11E15B06-LeaderElection14] INFO  impl.LeaderElection (LeaderElection.java:logAndReturn(56)) - a26a9f1d-c528-4494-83e5-475827f7720e@group-5E7A11E15B06-LeaderElection14: Election REJECTED; received 2 response(s) [a26a9f1d-c528-4494-83e5-475827f7720e<-a1036450-74c2-4405-b4f8-7a994af8c84a#0:FAIL-t11, a26a9f1d-c528-4494-83e5-475827f7720e<-95d3bce6-5996-460d-8578-b7f952c18b9c#0:FAIL-t11] and 0 exception(s); a26a9f1d-c528-4494-83e5-475827f7720e@group-5E7A11E15B06:t11, leader=null, voted=a26a9f1d-c528-4494-83e5-475827f7720e, raftlog=a26a9f1d-c528-4494-83e5-475827f7720e@group-5E7A11E15B06-SegmentedRaftLog:OPENED:c3,f4,i4, conf=0: [a26a9f1d-c528-4494-83e5-475827f7720e:192.168.69.92:46217, a1036450-74c2-4405-b4f8-7a994af8c84a:192.168.69.92:36225, 95d3bce6-5996-460d-8578-b7f952c18b9c:192.168.69.92:41231], old=null
2019-10-21 22:02:30,624 [a26a9f1d-c528-4494-83e5-475827f7720e@group-5E7A11E15B06-LeaderElection14] INFO  impl.RaftServerImpl (RaftServerImpl.java:setRole(184)) - a26a9f1d-c528-4494-83e5-475827f7720e@group-5E7A11E15B06: changes role from CANDIDATE to FOLLOWER at term 11 for DISCOVERED_A_NEW_TERM
2019-10-21 22:02:30,624 [a26a9f1d-c528-4494-83e5-475827f7720e@group-5E7A11E15B06-LeaderElection14] INFO  impl.RoleInfo (RoleInfo.java:shutdownLeaderElection(134)) - a26a9f1d-c528-4494-83e5-475827f7720e: shutdown LeaderElection
2019-10-21 22:02:30,624 [a26a9f1d-c528-4494-83e5-475827f7720e@group-5E7A11E15B06-LeaderElection14] INFO  impl.RoleInfo (RoleInfo.java:updateAndGet(143)) - a26a9f1d-c528-4494-83e5-475827f7720e: start FollowerState
2019-10-21 22:02:30,638 [Thread-624] INFO  impl.FollowerState (FollowerState.java:run(108)) - a26a9f1d-c528-4494-83e5-475827f7720e@group-5E7A11E15B06-FollowerState: change to CANDIDATE, lastRpcTime:14ms, electionTimeout:14ms
2019-10-21 22:02:30,639 [Thread-624] INFO  impl.RoleInfo (RoleInfo.java:shutdownFollowerState(121)) - a26a9f1d-c528-4494-83e5-475827f7720e: shutdown FollowerState
2019-10-21 22:02:30,639 [Thread-624] INFO  impl.RaftServerImpl (RaftServerImpl.java:setRole(184)) - a26a9f1d-c528-4494-83e5-475827f7720e@group-5E7A11E15B06: changes role from  FOLLOWER to CANDIDATE at term 11 for changeToCandidate
2019-10-21 22:02:30,639 [Thread-624] INFO  impl.RoleInfo (RoleInfo.java:updateAndGet(143)) - a26a9f1d-c528-4494-83e5-475827f7720e: start LeaderElection
2019-10-21 22:02:30,646 [a26a9f1d-c528-4494-83e5-475827f7720e@group-5E7A11E15B06-LeaderElection15] INFO  impl.LeaderElection (LeaderElection.java:askForVotes(178)) - a26a9f1d-c528-4494-83e5-475827f7720e@group-5E7A11E15B06-LeaderElection15: begin an election at term 12 for 0: [a26a9f1d-c528-4494-83e5-475827f7720e:192.168.69.92:46217, a1036450-74c2-4405-b4f8-7a994af8c84a:192.168.69.92:36225, 95d3bce6-5996-460d-8578-b7f952c18b9c:192.168.69.92:41231], old=null
2019-10-21 22:02:30,651 [grpc-default-executor-6] INFO  impl.RaftServerImpl (RaftServerImpl.java:setRole(184)) - a1036450-74c2-4405-b4f8-7a994af8c84a@group-5E7A11E15B06: changes role from  FOLLOWER to FOLLOWER at term 12 for recognizeCandidate:a26a9f1d-c528-4494-83e5-475827f7720e
2019-10-21 22:02:30,651 [grpc-default-executor-2] INFO  impl.RaftServerImpl (RaftServerImpl.java:setRole(184)) - 95d3bce6-5996-460d-8578-b7f952c18b9c@group-5E7A11E15B06: changes role from  FOLLOWER to FOLLOWER at term 12 for recognizeCandidate:a26a9f1d-c528-4494-83e5-475827f7720e
2019-10-21 22:02:30,651 [grpc-default-executor-6] INFO  impl.RoleInfo (RoleInfo.java:shutdownFollowerState(121)) - a1036450-74c2-4405-b4f8-7a994af8c84a: shutdown FollowerState
2019-10-21 22:02:30,652 [grpc-default-executor-2] INFO  impl.RoleInfo (RoleInfo.java:shutdownFollowerState(121)) - 95d3bce6-5996-460d-8578-b7f952c18b9c: shutdown FollowerState
2019-10-21 22:02:30,652 [Thread-622] INFO  impl.FollowerState (FollowerState.java:run(117)) - a1036450-74c2-4405-b4f8-7a994af8c84a@group-5E7A11E15B06-FollowerState was interrupted: java.lang.InterruptedException: sleep interrupted
2019-10-21 22:02:30,652 [grpc-default-executor-6] INFO  impl.RoleInfo (RoleInfo.java:updateAndGet(143)) - a1036450-74c2-4405-b4f8-7a994af8c84a: start FollowerState
2019-10-21 22:02:30,652 [Thread-623] INFO  impl.FollowerState (FollowerState.java:run(117)) - 95d3bce6-5996-460d-8578-b7f952c18b9c@group-5E7A11E15B06-FollowerState was interrupted: java.lang.InterruptedException: sleep interrupted
2019-10-21 22:02:30,652 [grpc-default-executor-2] INFO  impl.RoleInfo (RoleInfo.java:updateAndGet(143)) - 95d3bce6-5996-460d-8578-b7f952c18b9c: start FollowerState
2019-10-21 22:02:30,662 [a26a9f1d-c528-4494-83e5-475827f7720e@group-5E7A11E15B06-LeaderElection15] INFO  impl.LeaderElection (LeaderElection.java:logAndReturn(56)) - a26a9f1d-c528-4494-83e5-475827f7720e@group-5E7A11E15B06-LeaderElection15: Election REJECTED; received 2 response(s) [a26a9f1d-c528-4494-83e5-475827f7720e<-a1036450-74c2-4405-b4f8-7a994af8c84a#0:FAIL-t12, a26a9f1d-c528-4494-83e5-475827f7720e<-95d3bce6-5996-460d-8578-b7f952c18b9c#0:FAIL-t12] and 0 exception(s); a26a9f1d-c528-4494-83e5-475827f7720e@group-5E7A11E15B06:t12, leader=null, voted=a26a9f1d-c528-4494-83e5-475827f7720e, raftlog=a26a9f1d-c528-4494-83e5-475827f7720e@group-5E7A11E15B06-SegmentedRaftLog:OPENED:c3,f4,i4, conf=0: [a26a9f1d-c528-4494-83e5-475827f7720e:192.168.69.92:46217, a1036450-74c2-4405-b4f8-7a994af8c84a:192.168.69.92:36225, 95d3bce6-5996-460d-8578-b7f952c18b9c:192.168.69.92:41231], old=null
2019-10-21 22:02:30,662 [a26a9f1d-c528-4494-83e5-475827f7720e@group-5E7A11E15B06-LeaderElection15] INFO  impl.RaftServerImpl (RaftServerImpl.java:setRole(184)) - a26a9f1d-c528-4494-83e5-475827f7720e@group-5E7A11E15B06: changes role from CANDIDATE to FOLLOWER at term 12 for DISCOVERED_A_NEW_TERM
2019-10-21 22:02:30,662 [a26a9f1d-c528-4494-83e5-475827f7720e@group-5E7A11E15B06-LeaderElection15] INFO  impl.RoleInfo (RoleInfo.java:shutdownLeaderElection(134)) - a26a9f1d-c528-4494-83e5-475827f7720e: shutdown LeaderElection
2019-10-21 22:02:30,662 [a26a9f1d-c528-4494-83e5-475827f7720e@group-5E7A11E15B06-LeaderElection15] INFO  impl.RoleInfo (RoleInfo.java:updateAndGet(143)) - a26a9f1d-c528-4494-83e5-475827f7720e: start FollowerState
2019-10-21 22:02:30,736 [Thread-630] INFO  impl.FollowerState (FollowerState.java:run(108)) - a26a9f1d-c528-4494-83e5-475827f7720e@group-5E7A11E15B06-FollowerState: change to CANDIDATE, lastRpcTime:74ms, electionTimeout:74ms
2019-10-21 22:02:30,738 [Thread-630] INFO  impl.RoleInfo (RoleInfo.java:shutdownFollowerState(121)) - a26a9f1d-c528-4494-83e5-475827f7720e: shutdown FollowerState
2019-10-21 22:02:30,738 [Thread-630] INFO  impl.RaftServerImpl (RaftServerImpl.java:setRole(184)) - a26a9f1d-c528-4494-83e5-475827f7720e@group-5E7A11E15B06: changes role from  FOLLOWER to CANDIDATE at term 12 for changeToCandidate
2019-10-21 22:02:30,738 [Thread-630] INFO  impl.RoleInfo (RoleInfo.java:updateAndGet(143)) - a26a9f1d-c528-4494-83e5-475827f7720e: start LeaderElection
2019-10-21 22:02:30,751 [a26a9f1d-c528-4494-83e5-475827f7720e@group-5E7A11E15B06-LeaderElection16] INFO  impl.LeaderElection (LeaderElection.java:askForVotes(178)) - a26a9f1d-c528-4494-83e5-475827f7720e@group-5E7A11E15B06-LeaderElection16: begin an election at term 13 for 0: [a26a9f1d-c528-4494-83e5-475827f7720e:192.168.69.92:46217, a1036450-74c2-4405-b4f8-7a994af8c84a:192.168.69.92:36225, 95d3bce6-5996-460d-8578-b7f952c18b9c:192.168.69.92:41231], old=null
2019-10-21 22:02:30,753 [grpc-default-executor-6] INFO  impl.RaftServerImpl (RaftServerImpl.java:setRole(184)) - 95d3bce6-5996-460d-8578-b7f952c18b9c@group-5E7A11E15B06: changes role from  FOLLOWER to FOLLOWER at term 13 for recognizeCandidate:a26a9f1d-c528-4494-83e5-475827f7720e
2019-10-21 22:02:30,753 [grpc-default-executor-2] INFO  impl.RaftServerImpl (RaftServerImpl.java:setRole(184)) - a1036450-74c2-4405-b4f8-7a994af8c84a@group-5E7A11E15B06: changes role from  FOLLOWER to FOLLOWER at term 13 for recognizeCandidate:a26a9f1d-c528-4494-83e5-475827f7720e
2019-10-21 22:02:30,753 [grpc-default-executor-6] INFO  impl.RoleInfo (RoleInfo.java:shutdownFollowerState(121)) - 95d3bce6-5996-460d-8578-b7f952c18b9c: shutdown FollowerState
2019-10-21 22:02:30,753 [grpc-default-executor-2] INFO  impl.RoleInfo (RoleInfo.java:shutdownFollowerState(121)) - a1036450-74c2-4405-b4f8-7a994af8c84a: shutdown FollowerState
2019-10-21 22:02:30,754 [Thread-629] INFO  impl.FollowerState (FollowerState.java:run(117)) - 95d3bce6-5996-460d-8578-b7f952c18b9c@group-5E7A11E15B06-FollowerState was interrupted: java.lang.InterruptedException: sleep interrupted
2019-10-21 22:02:30,754 [grpc-default-executor-6] INFO  impl.RoleInfo (RoleInfo.java:updateAndGet(143)) - 95d3bce6-5996-460d-8578-b7f952c18b9c: start FollowerState
2019-10-21 22:02:30,754 [grpc-default-executor-2] INFO  impl.RoleInfo (RoleInfo.java:updateAndGet(143)) - a1036450-74c2-4405-b4f8-7a994af8c84a: start FollowerState
2019-10-21 22:02:30,754 [Thread-628] INFO  impl.FollowerState (FollowerState.java:run(117)) - a1036450-74c2-4405-b4f8-7a994af8c84a@group-5E7A11E15B06-FollowerState was interrupted: java.lang.InterruptedException: sleep interrupted
2019-10-21 22:02:30,769 [a26a9f1d-c528-4494-83e5-475827f7720e@group-5E7A11E15B06-LeaderElection16] INFO  impl.LeaderElection (LeaderElection.java:logAndReturn(56)) - a26a9f1d-c528-4494-83e5-475827f7720e@group-5E7A11E15B06-LeaderElection16: Election REJECTED; received 2 response(s) [a26a9f1d-c528-4494-83e5-475827f7720e<-a1036450-74c2-4405-b4f8-7a994af8c84a#0:FAIL-t13, a26a9f1d-c528-4494-83e5-475827f7720e<-95d3bce6-5996-460d-8578-b7f952c18b9c#0:FAIL-t13] and 0 exception(s); a26a9f1d-c528-4494-83e5-475827f7720e@group-5E7A11E15B06:t13, leader=null, voted=a26a9f1d-c528-4494-83e5-475827f7720e, raftlog=a26a9f1d-c528-4494-83e5-475827f7720e@group-5E7A11E15B06-SegmentedRaftLog:OPENED:c3,f4,i4, conf=0: [a26a9f1d-c528-4494-83e5-475827f7720e:192.168.69.92:46217, a1036450-74c2-4405-b4f8-7a994af8c84a:192.168.69.92:36225, 95d3bce6-5996-460d-8578-b7f952c18b9c:192.168.69.92:41231], old=null
2019-10-21 22:02:30,769 [a26a9f1d-c528-4494-83e5-475827f7720e@group-5E7A11E15B06-LeaderElection16] INFO  impl.RaftServerImpl (RaftServerImpl.java:setRole(184)) - a26a9f1d-c528-4494-83e5-475827f7720e@group-5E7A11E15B06: changes role from CANDIDATE to FOLLOWER at term 13 for DISCOVERED_A_NEW_TERM
2019-10-21 22:02:30,769 [a26a9f1d-c528-4494-83e5-475827f7720e@group-5E7A11E15B06-LeaderElection16] INFO  impl.RoleInfo (RoleInfo.java:shutdownLeaderElection(134)) - a26a9f1d-c528-4494-83e5-475827f7720e: shutdown LeaderElection
2019-10-21 22:02:30,769 [a26a9f1d-c528-4494-83e5-475827f7720e@group-5E7A11E15B06-LeaderElection16] INFO  impl.RoleInfo (RoleInfo.java:updateAndGet(143)) - a26a9f1d-c528-4494-83e5-475827f7720e: start FollowerState
2019-10-21 22:02:30,817 [pool-7-thread-4] INFO  commands.RetriableDatanodeEventWatcher (RetriableDatanodeEventWatcher.java:onTimeout(47)) - RetriableDatanodeCommand type=deleteBlocksCommand with id=1571695345818 timed out. Retrying.
2019-10-21 22:02:30,819 [pool-7-thread-5] INFO  commands.RetriableDatanodeEventWatcher (RetriableDatanodeEventWatcher.java:onTimeout(47)) - RetriableDatanodeCommand type=deleteBlocksCommand with id=1571695345814 timed out. Retrying.
2019-10-21 22:02:30,819 [pool-7-thread-1] INFO  commands.RetriableDatanodeEventWatcher (RetriableDatanodeEventWatcher.java:onTimeout(47)) - RetriableDatanodeCommand type=deleteBlocksCommand with id=1571695345820 timed out. Retrying.
2019-10-21 22:02:30,820 [SCMBlockDeletingService#1] INFO  block.SCMBlockDeletingService (SCMBlockDeletingService.java:call(184)) - Totally added 1 delete blocks command for 1 datanodes, task elapsed time: 0ms
2019-10-21 22:02:30,820 [pool-7-thread-3] INFO  commands.RetriableDatanodeEventWatcher (RetriableDatanodeEventWatcher.java:onTimeout(47)) - RetriableDatanodeCommand type=deleteBlocksCommand with id=1571695345821 timed out. Retrying.
2019-10-21 22:02:30,820 [pool-7-thread-2] INFO  commands.RetriableDatanodeEventWatcher (RetriableDatanodeEventWatcher.java:onTimeout(47)) - RetriableDatanodeCommand type=deleteBlocksCommand with id=1571695345816 timed out. Retrying.
2019-10-21 22:02:30,951 [Thread-636] INFO  impl.FollowerState (FollowerState.java:run(108)) - a26a9f1d-c528-4494-83e5-475827f7720e@group-5E7A11E15B06-FollowerState: change to CANDIDATE, lastRpcTime:181ms, electionTimeout:181ms
2019-10-21 22:02:30,951 [Thread-636] INFO  impl.RoleInfo (RoleInfo.java:shutdownFollowerState(121)) - a26a9f1d-c528-4494-83e5-475827f7720e: shutdown FollowerState
2019-10-21 22:02:30,951 [Thread-636] INFO  impl.RaftServerImpl (RaftServerImpl.java:setRole(184)) - a26a9f1d-c528-4494-83e5-475827f7720e@group-5E7A11E15B06: changes role from  FOLLOWER to CANDIDATE at term 13 for changeToCandidate
2019-10-21 22:02:30,951 [Thread-636] INFO  impl.RoleInfo (RoleInfo.java:updateAndGet(143)) - a26a9f1d-c528-4494-83e5-475827f7720e: start LeaderElection
2019-10-21 22:02:30,957 [a26a9f1d-c528-4494-83e5-475827f7720e@group-5E7A11E15B06-LeaderElection17] INFO  impl.LeaderElection (LeaderElection.java:askForVotes(178)) - a26a9f1d-c528-4494-83e5-475827f7720e@group-5E7A11E15B06-LeaderElection17: begin an election at term 14 for 0: [a26a9f1d-c528-4494-83e5-475827f7720e:192.168.69.92:46217, a1036450-74c2-4405-b4f8-7a994af8c84a:192.168.69.92:36225, 95d3bce6-5996-460d-8578-b7f952c18b9c:192.168.69.92:41231], old=null
2019-10-21 22:02:30,959 [grpc-default-executor-6] INFO  impl.RaftServerImpl (RaftServerImpl.java:setRole(184)) - 95d3bce6-5996-460d-8578-b7f952c18b9c@group-5E7A11E15B06: changes role from  FOLLOWER to FOLLOWER at term 14 for recognizeCandidate:a26a9f1d-c528-4494-83e5-475827f7720e
2019-10-21 22:02:30,959 [grpc-default-executor-6] INFO  impl.RoleInfo (RoleInfo.java:shutdownFollowerState(121)) - 95d3bce6-5996-460d-8578-b7f952c18b9c: shutdown FollowerState
2019-10-21 22:02:30,959 [grpc-default-executor-2] INFO  impl.RaftServerImpl (RaftServerImpl.java:setRole(184)) - a1036450-74c2-4405-b4f8-7a994af8c84a@group-5E7A11E15B06: changes role from  FOLLOWER to FOLLOWER at term 14 for recognizeCandidate:a26a9f1d-c528-4494-83e5-475827f7720e
2019-10-21 22:02:30,959 [Thread-634] INFO  impl.FollowerState (FollowerState.java:run(117)) - 95d3bce6-5996-460d-8578-b7f952c18b9c@group-5E7A11E15B06-FollowerState was interrupted: java.lang.InterruptedException: sleep interrupted
2019-10-21 22:02:30,959 [grpc-default-executor-6] INFO  impl.RoleInfo (RoleInfo.java:updateAndGet(143)) - 95d3bce6-5996-460d-8578-b7f952c18b9c: start FollowerState
2019-10-21 22:02:30,960 [grpc-default-executor-2] INFO  impl.RoleInfo (RoleInfo.java:shutdownFollowerState(121)) - a1036450-74c2-4405-b4f8-7a994af8c84a: shutdown FollowerState
2019-10-21 22:02:30,960 [Thread-635] INFO  impl.FollowerState (FollowerState.java:run(117)) - a1036450-74c2-4405-b4f8-7a994af8c84a@group-5E7A11E15B06-FollowerState was interrupted: java.lang.InterruptedException: sleep interrupted
2019-10-21 22:02:30,960 [grpc-default-executor-2] INFO  impl.RoleInfo (RoleInfo.java:updateAndGet(143)) - a1036450-74c2-4405-b4f8-7a994af8c84a: start FollowerState
2019-10-21 22:02:30,966 [a26a9f1d-c528-4494-83e5-475827f7720e@group-5E7A11E15B06-LeaderElection17] INFO  impl.LeaderElection (LeaderElection.java:logAndReturn(56)) - a26a9f1d-c528-4494-83e5-475827f7720e@group-5E7A11E15B06-LeaderElection17: Election REJECTED; received 2 response(s) [a26a9f1d-c528-4494-83e5-475827f7720e<-a1036450-74c2-4405-b4f8-7a994af8c84a#0:FAIL-t14, a26a9f1d-c528-4494-83e5-475827f7720e<-95d3bce6-5996-460d-8578-b7f952c18b9c#0:FAIL-t14] and 0 exception(s); a26a9f1d-c528-4494-83e5-475827f7720e@group-5E7A11E15B06:t14, leader=null, voted=a26a9f1d-c528-4494-83e5-475827f7720e, raftlog=a26a9f1d-c528-4494-83e5-475827f7720e@group-5E7A11E15B06-SegmentedRaftLog:OPENED:c3,f4,i4, conf=0: [a26a9f1d-c528-4494-83e5-475827f7720e:192.168.69.92:46217, a1036450-74c2-4405-b4f8-7a994af8c84a:192.168.69.92:36225, 95d3bce6-5996-460d-8578-b7f952c18b9c:192.168.69.92:41231], old=null
2019-10-21 22:02:30,966 [a26a9f1d-c528-4494-83e5-475827f7720e@group-5E7A11E15B06-LeaderElection17] INFO  impl.RaftServerImpl (RaftServerImpl.java:setRole(184)) - a26a9f1d-c528-4494-83e5-475827f7720e@group-5E7A11E15B06: changes role from CANDIDATE to FOLLOWER at term 14 for DISCOVERED_A_NEW_TERM
2019-10-21 22:02:30,966 [a26a9f1d-c528-4494-83e5-475827f7720e@group-5E7A11E15B06-LeaderElection17] INFO  impl.RoleInfo (RoleInfo.java:shutdownLeaderElection(134)) - a26a9f1d-c528-4494-83e5-475827f7720e: shutdown LeaderElection
2019-10-21 22:02:30,966 [a26a9f1d-c528-4494-83e5-475827f7720e@group-5E7A11E15B06-LeaderElection17] INFO  impl.RoleInfo (RoleInfo.java:updateAndGet(143)) - a26a9f1d-c528-4494-83e5-475827f7720e: start FollowerState
2019-10-21 22:02:30,999 [BlockDeletingService#2] WARN  background.BlockDeletingService (BlockDeletingService.java:isDeletionAllowed(187)) - Close Container log Index 6 is not replicated across allthe servers in the pipeline 14fb49ee-5d81-4c1e-bb69-5e7a11e15b06 as the min replicated index is 4. Deletion is not allowed in this container yet.
2019-10-21 22:02:30,999 [BlockDeletingService#7] WARN  background.BlockDeletingService (BlockDeletingService.java:isDeletionAllowed(187)) - Close Container log Index 6 is not replicated across allthe servers in the pipeline 14fb49ee-5d81-4c1e-bb69-5e7a11e15b06 as the min replicated index is 4. Deletion is not allowed in this container yet.
2019-10-21 22:02:31,049 [Thread-642] INFO  impl.FollowerState (FollowerState.java:run(108)) - a26a9f1d-c528-4494-83e5-475827f7720e@group-5E7A11E15B06-FollowerState: change to CANDIDATE, lastRpcTime:82ms, electionTimeout:82ms
2019-10-21 22:02:31,049 [Thread-642] INFO  impl.RoleInfo (RoleInfo.java:shutdownFollowerState(121)) - a26a9f1d-c528-4494-83e5-475827f7720e: shutdown FollowerState
2019-10-21 22:02:31,049 [Thread-642] INFO  impl.RaftServerImpl (RaftServerImpl.java:setRole(184)) - a26a9f1d-c528-4494-83e5-475827f7720e@group-5E7A11E15B06: changes role from  FOLLOWER to CANDIDATE at term 14 for changeToCandidate
2019-10-21 22:02:31,049 [Thread-642] INFO  impl.RoleInfo (RoleInfo.java:updateAndGet(143)) - a26a9f1d-c528-4494-83e5-475827f7720e: start LeaderElection
2019-10-21 22:02:31,055 [java.util.concurrent.ThreadPoolExecutor$Worker@29bacf4c[State = -1, empty queue]] WARN  server.GrpcLogAppender (GrpcLogAppender.java:timeoutAppendRequest(209)) - a1036450-74c2-4405-b4f8-7a994af8c84a@group-5E7A11E15B06->a26a9f1d-c528-4494-83e5-475827f7720e-GrpcLogAppender: appendEntries Timeout, request=a1036450-74c2-4405-b4f8-7a994af8c84a->a26a9f1d-c528-4494-83e5-475827f7720e#52-t2, previous=(t:2, i:10), leaderCommit=10, initializing? false, entries: <empty>
2019-10-21 22:02:31,056 [a26a9f1d-c528-4494-83e5-475827f7720e@group-5E7A11E15B06-LeaderElection18] INFO  impl.LeaderElection (LeaderElection.java:askForVotes(178)) - a26a9f1d-c528-4494-83e5-475827f7720e@group-5E7A11E15B06-LeaderElection18: begin an election at term 15 for 0: [a26a9f1d-c528-4494-83e5-475827f7720e:192.168.69.92:46217, a1036450-74c2-4405-b4f8-7a994af8c84a:192.168.69.92:36225, 95d3bce6-5996-460d-8578-b7f952c18b9c:192.168.69.92:41231], old=null
2019-10-21 22:02:31,059 [grpc-default-executor-2] INFO  impl.RaftServerImpl (RaftServerImpl.java:setRole(184)) - a1036450-74c2-4405-b4f8-7a994af8c84a@group-5E7A11E15B06: changes role from  FOLLOWER to FOLLOWER at term 15 for recognizeCandidate:a26a9f1d-c528-4494-83e5-475827f7720e
2019-10-21 22:02:31,059 [grpc-default-executor-6] INFO  impl.RaftServerImpl (RaftServerImpl.java:setRole(184)) - 95d3bce6-5996-460d-8578-b7f952c18b9c@group-5E7A11E15B06: changes role from  FOLLOWER to FOLLOWER at term 15 for recognizeCandidate:a26a9f1d-c528-4494-83e5-475827f7720e
2019-10-21 22:02:31,059 [grpc-default-executor-2] INFO  impl.RoleInfo (RoleInfo.java:shutdownFollowerState(121)) - a1036450-74c2-4405-b4f8-7a994af8c84a: shutdown FollowerState
2019-10-21 22:02:31,059 [grpc-default-executor-6] INFO  impl.RoleInfo (RoleInfo.java:shutdownFollowerState(121)) - 95d3bce6-5996-460d-8578-b7f952c18b9c: shutdown FollowerState
2019-10-21 22:02:31,060 [grpc-default-executor-2] INFO  impl.RoleInfo (RoleInfo.java:updateAndGet(143)) - a1036450-74c2-4405-b4f8-7a994af8c84a: start FollowerState
2019-10-21 22:02:31,060 [Thread-641] INFO  impl.FollowerState (FollowerState.java:run(117)) - a1036450-74c2-4405-b4f8-7a994af8c84a@group-5E7A11E15B06-FollowerState was interrupted: java.lang.InterruptedException: sleep interrupted
2019-10-21 22:02:31,060 [Thread-640] INFO  impl.FollowerState (FollowerState.java:run(117)) - 95d3bce6-5996-460d-8578-b7f952c18b9c@group-5E7A11E15B06-FollowerState was interrupted: java.lang.InterruptedException: sleep interrupted
2019-10-21 22:02:31,060 [grpc-default-executor-6] INFO  impl.RoleInfo (RoleInfo.java:updateAndGet(143)) - 95d3bce6-5996-460d-8578-b7f952c18b9c: start FollowerState
2019-10-21 22:02:31,071 [a26a9f1d-c528-4494-83e5-475827f7720e@group-5E7A11E15B06-LeaderElection18] INFO  impl.LeaderElection (LeaderElection.java:logAndReturn(56)) - a26a9f1d-c528-4494-83e5-475827f7720e@group-5E7A11E15B06-LeaderElection18: Election REJECTED; received 2 response(s) [a26a9f1d-c528-4494-83e5-475827f7720e<-a1036450-74c2-4405-b4f8-7a994af8c84a#0:FAIL-t15, a26a9f1d-c528-4494-83e5-475827f7720e<-95d3bce6-5996-460d-8578-b7f952c18b9c#0:FAIL-t15] and 0 exception(s); a26a9f1d-c528-4494-83e5-475827f7720e@group-5E7A11E15B06:t15, leader=null, voted=a26a9f1d-c528-4494-83e5-475827f7720e, raftlog=a26a9f1d-c528-4494-83e5-475827f7720e@group-5E7A11E15B06-SegmentedRaftLog:OPENED:c3,f4,i4, conf=0: [a26a9f1d-c528-4494-83e5-475827f7720e:192.168.69.92:46217, a1036450-74c2-4405-b4f8-7a994af8c84a:192.168.69.92:36225, 95d3bce6-5996-460d-8578-b7f952c18b9c:192.168.69.92:41231], old=null
2019-10-21 22:02:31,071 [a26a9f1d-c528-4494-83e5-475827f7720e@group-5E7A11E15B06-LeaderElection18] INFO  impl.RaftServerImpl (RaftServerImpl.java:setRole(184)) - a26a9f1d-c528-4494-83e5-475827f7720e@group-5E7A11E15B06: changes role from CANDIDATE to FOLLOWER at term 15 for DISCOVERED_A_NEW_TERM
2019-10-21 22:02:31,071 [a26a9f1d-c528-4494-83e5-475827f7720e@group-5E7A11E15B06-LeaderElection18] INFO  impl.RoleInfo (RoleInfo.java:shutdownLeaderElection(134)) - a26a9f1d-c528-4494-83e5-475827f7720e: shutdown LeaderElection
2019-10-21 22:02:31,071 [a26a9f1d-c528-4494-83e5-475827f7720e@group-5E7A11E15B06-LeaderElection18] INFO  impl.RoleInfo (RoleInfo.java:updateAndGet(143)) - a26a9f1d-c528-4494-83e5-475827f7720e: start FollowerState
2019-10-21 22:02:31,074 [Thread-650] INFO  impl.FollowerState (FollowerState.java:run(108)) - a26a9f1d-c528-4494-83e5-475827f7720e@group-5E7A11E15B06-FollowerState: change to CANDIDATE, lastRpcTime:2ms, electionTimeout:2ms
2019-10-21 22:02:31,075 [Thread-650] INFO  impl.RoleInfo (RoleInfo.java:shutdownFollowerState(121)) - a26a9f1d-c528-4494-83e5-475827f7720e: shutdown FollowerState
2019-10-21 22:02:31,075 [Thread-650] INFO  impl.RaftServerImpl (RaftServerImpl.java:setRole(184)) - a26a9f1d-c528-4494-83e5-475827f7720e@group-5E7A11E15B06: changes role from  FOLLOWER to CANDIDATE at term 15 for changeToCandidate
2019-10-21 22:02:31,075 [Thread-650] INFO  impl.RoleInfo (RoleInfo.java:updateAndGet(143)) - a26a9f1d-c528-4494-83e5-475827f7720e: start LeaderElection
2019-10-21 22:02:31,085 [a26a9f1d-c528-4494-83e5-475827f7720e@group-5E7A11E15B06-LeaderElection19] INFO  impl.LeaderElection (LeaderElection.java:askForVotes(178)) - a26a9f1d-c528-4494-83e5-475827f7720e@group-5E7A11E15B06-LeaderElection19: begin an election at term 16 for 0: [a26a9f1d-c528-4494-83e5-475827f7720e:192.168.69.92:46217, a1036450-74c2-4405-b4f8-7a994af8c84a:192.168.69.92:36225, 95d3bce6-5996-460d-8578-b7f952c18b9c:192.168.69.92:41231], old=null
2019-10-21 22:02:31,086 [grpc-default-executor-6] INFO  impl.RaftServerImpl (RaftServerImpl.java:setRole(184)) - a1036450-74c2-4405-b4f8-7a994af8c84a@group-5E7A11E15B06: changes role from  FOLLOWER to FOLLOWER at term 16 for recognizeCandidate:a26a9f1d-c528-4494-83e5-475827f7720e
2019-10-21 22:02:31,087 [grpc-default-executor-6] INFO  impl.RoleInfo (RoleInfo.java:shutdownFollowerState(121)) - a1036450-74c2-4405-b4f8-7a994af8c84a: shutdown FollowerState
2019-10-21 22:02:31,087 [grpc-default-executor-2] INFO  impl.RaftServerImpl (RaftServerImpl.java:setRole(184)) - 95d3bce6-5996-460d-8578-b7f952c18b9c@group-5E7A11E15B06: changes role from  FOLLOWER to FOLLOWER at term 16 for recognizeCandidate:a26a9f1d-c528-4494-83e5-475827f7720e
2019-10-21 22:02:31,087 [grpc-default-executor-2] INFO  impl.RoleInfo (RoleInfo.java:shutdownFollowerState(121)) - 95d3bce6-5996-460d-8578-b7f952c18b9c: shutdown FollowerState
2019-10-21 22:02:31,087 [grpc-default-executor-6] INFO  impl.RoleInfo (RoleInfo.java:updateAndGet(143)) - a1036450-74c2-4405-b4f8-7a994af8c84a: start FollowerState
2019-10-21 22:02:31,087 [Thread-648] INFO  impl.FollowerState (FollowerState.java:run(117)) - a1036450-74c2-4405-b4f8-7a994af8c84a@group-5E7A11E15B06-FollowerState was interrupted: java.lang.InterruptedException: sleep interrupted
2019-10-21 22:02:31,087 [Thread-649] INFO  impl.FollowerState (FollowerState.java:run(117)) - 95d3bce6-5996-460d-8578-b7f952c18b9c@group-5E7A11E15B06-FollowerState was interrupted: java.lang.InterruptedException: sleep interrupted
2019-10-21 22:02:31,087 [grpc-default-executor-2] INFO  impl.RoleInfo (RoleInfo.java:updateAndGet(143)) - 95d3bce6-5996-460d-8578-b7f952c18b9c: start FollowerState
2019-10-21 22:02:31,100 [a26a9f1d-c528-4494-83e5-475827f7720e@group-5E7A11E15B06-LeaderElection19] INFO  impl.LeaderElection (LeaderElection.java:logAndReturn(56)) - a26a9f1d-c528-4494-83e5-475827f7720e@group-5E7A11E15B06-LeaderElection19: Election REJECTED; received 2 response(s) [a26a9f1d-c528-4494-83e5-475827f7720e<-a1036450-74c2-4405-b4f8-7a994af8c84a#0:FAIL-t16, a26a9f1d-c528-4494-83e5-475827f7720e<-95d3bce6-5996-460d-8578-b7f952c18b9c#0:FAIL-t16] and 0 exception(s); a26a9f1d-c528-4494-83e5-475827f7720e@group-5E7A11E15B06:t16, leader=null, voted=a26a9f1d-c528-4494-83e5-475827f7720e, raftlog=a26a9f1d-c528-4494-83e5-475827f7720e@group-5E7A11E15B06-SegmentedRaftLog:OPENED:c3,f4,i4, conf=0: [a26a9f1d-c528-4494-83e5-475827f7720e:192.168.69.92:46217, a1036450-74c2-4405-b4f8-7a994af8c84a:192.168.69.92:36225, 95d3bce6-5996-460d-8578-b7f952c18b9c:192.168.69.92:41231], old=null
2019-10-21 22:02:31,100 [a26a9f1d-c528-4494-83e5-475827f7720e@group-5E7A11E15B06-LeaderElection19] INFO  impl.RaftServerImpl (RaftServerImpl.java:setRole(184)) - a26a9f1d-c528-4494-83e5-475827f7720e@group-5E7A11E15B06: changes role from CANDIDATE to FOLLOWER at term 16 for DISCOVERED_A_NEW_TERM
2019-10-21 22:02:31,100 [a26a9f1d-c528-4494-83e5-475827f7720e@group-5E7A11E15B06-LeaderElection19] INFO  impl.RoleInfo (RoleInfo.java:shutdownLeaderElection(134)) - a26a9f1d-c528-4494-83e5-475827f7720e: shutdown LeaderElection
2019-10-21 22:02:31,100 [a26a9f1d-c528-4494-83e5-475827f7720e@group-5E7A11E15B06-LeaderElection19] INFO  impl.RoleInfo (RoleInfo.java:updateAndGet(143)) - a26a9f1d-c528-4494-83e5-475827f7720e: start FollowerState
2019-10-21 22:02:31,186 [Thread-656] INFO  impl.FollowerState (FollowerState.java:run(108)) - a26a9f1d-c528-4494-83e5-475827f7720e@group-5E7A11E15B06-FollowerState: change to CANDIDATE, lastRpcTime:85ms, electionTimeout:85ms
2019-10-21 22:02:31,190 [Thread-656] INFO  impl.RoleInfo (RoleInfo.java:shutdownFollowerState(121)) - a26a9f1d-c528-4494-83e5-475827f7720e: shutdown FollowerState
2019-10-21 22:02:31,190 [Thread-656] INFO  impl.RaftServerImpl (RaftServerImpl.java:setRole(184)) - a26a9f1d-c528-4494-83e5-475827f7720e@group-5E7A11E15B06: changes role from  FOLLOWER to CANDIDATE at term 16 for changeToCandidate
2019-10-21 22:02:31,190 [Thread-656] INFO  impl.RoleInfo (RoleInfo.java:updateAndGet(143)) - a26a9f1d-c528-4494-83e5-475827f7720e: start LeaderElection
2019-10-21 22:02:31,204 [a26a9f1d-c528-4494-83e5-475827f7720e@group-5E7A11E15B06-LeaderElection20] INFO  impl.LeaderElection (LeaderElection.java:askForVotes(178)) - a26a9f1d-c528-4494-83e5-475827f7720e@group-5E7A11E15B06-LeaderElection20: begin an election at term 17 for 0: [a26a9f1d-c528-4494-83e5-475827f7720e:192.168.69.92:46217, a1036450-74c2-4405-b4f8-7a994af8c84a:192.168.69.92:36225, 95d3bce6-5996-460d-8578-b7f952c18b9c:192.168.69.92:41231], old=null
2019-10-21 22:02:31,206 [grpc-default-executor-6] INFO  impl.RaftServerImpl (RaftServerImpl.java:setRole(184)) - a1036450-74c2-4405-b4f8-7a994af8c84a@group-5E7A11E15B06: changes role from  FOLLOWER to FOLLOWER at term 17 for recognizeCandidate:a26a9f1d-c528-4494-83e5-475827f7720e
2019-10-21 22:02:31,206 [grpc-default-executor-6] INFO  impl.RoleInfo (RoleInfo.java:shutdownFollowerState(121)) - a1036450-74c2-4405-b4f8-7a994af8c84a: shutdown FollowerState
2019-10-21 22:02:31,206 [grpc-default-executor-2] INFO  impl.RaftServerImpl (RaftServerImpl.java:setRole(184)) - 95d3bce6-5996-460d-8578-b7f952c18b9c@group-5E7A11E15B06: changes role from  FOLLOWER to FOLLOWER at term 17 for recognizeCandidate:a26a9f1d-c528-4494-83e5-475827f7720e
2019-10-21 22:02:31,207 [Thread-654] INFO  impl.FollowerState (FollowerState.java:run(117)) - a1036450-74c2-4405-b4f8-7a994af8c84a@group-5E7A11E15B06-FollowerState was interrupted: java.lang.InterruptedException: sleep interrupted
2019-10-21 22:02:31,207 [grpc-default-executor-6] INFO  impl.RoleInfo (RoleInfo.java:updateAndGet(143)) - a1036450-74c2-4405-b4f8-7a994af8c84a: start FollowerState
2019-10-21 22:02:31,207 [grpc-default-executor-2] INFO  impl.RoleInfo (RoleInfo.java:shutdownFollowerState(121)) - 95d3bce6-5996-460d-8578-b7f952c18b9c: shutdown FollowerState
2019-10-21 22:02:31,207 [grpc-default-executor-2] INFO  impl.RoleInfo (RoleInfo.java:updateAndGet(143)) - 95d3bce6-5996-460d-8578-b7f952c18b9c: start FollowerState
2019-10-21 22:02:31,207 [Thread-655] INFO  impl.FollowerState (FollowerState.java:run(117)) - 95d3bce6-5996-460d-8578-b7f952c18b9c@group-5E7A11E15B06-FollowerState was interrupted: java.lang.InterruptedException: sleep interrupted
2019-10-21 22:02:31,219 [a26a9f1d-c528-4494-83e5-475827f7720e@group-5E7A11E15B06-LeaderElection20] INFO  impl.LeaderElection (LeaderElection.java:logAndReturn(56)) - a26a9f1d-c528-4494-83e5-475827f7720e@group-5E7A11E15B06-LeaderElection20: Election REJECTED; received 2 response(s) [a26a9f1d-c528-4494-83e5-475827f7720e<-a1036450-74c2-4405-b4f8-7a994af8c84a#0:FAIL-t17, a26a9f1d-c528-4494-83e5-475827f7720e<-95d3bce6-5996-460d-8578-b7f952c18b9c#0:FAIL-t17] and 0 exception(s); a26a9f1d-c528-4494-83e5-475827f7720e@group-5E7A11E15B06:t17, leader=null, voted=a26a9f1d-c528-4494-83e5-475827f7720e, raftlog=a26a9f1d-c528-4494-83e5-475827f7720e@group-5E7A11E15B06-SegmentedRaftLog:OPENED:c3,f4,i4, conf=0: [a26a9f1d-c528-4494-83e5-475827f7720e:192.168.69.92:46217, a1036450-74c2-4405-b4f8-7a994af8c84a:192.168.69.92:36225, 95d3bce6-5996-460d-8578-b7f952c18b9c:192.168.69.92:41231], old=null
2019-10-21 22:02:31,219 [a26a9f1d-c528-4494-83e5-475827f7720e@group-5E7A11E15B06-LeaderElection20] INFO  impl.RaftServerImpl (RaftServerImpl.java:setRole(184)) - a26a9f1d-c528-4494-83e5-475827f7720e@group-5E7A11E15B06: changes role from CANDIDATE to FOLLOWER at term 17 for DISCOVERED_A_NEW_TERM
2019-10-21 22:02:31,219 [a26a9f1d-c528-4494-83e5-475827f7720e@group-5E7A11E15B06-LeaderElection20] INFO  impl.RoleInfo (RoleInfo.java:shutdownLeaderElection(134)) - a26a9f1d-c528-4494-83e5-475827f7720e: shutdown LeaderElection
2019-10-21 22:02:31,219 [a26a9f1d-c528-4494-83e5-475827f7720e@group-5E7A11E15B06-LeaderElection20] INFO  impl.RoleInfo (RoleInfo.java:updateAndGet(143)) - a26a9f1d-c528-4494-83e5-475827f7720e: start FollowerState
2019-10-21 22:02:31,295 [EventQueue-PendingDeleteStatusForPendingDeleteHandler] INFO  block.SCMBlockDeletingService (SCMBlockDeletingService.java:handlePendingDeletes(115)) - Block deletion txnID mismatch in datanode a26a9f1d-c528-4494-83e5-475827f7720e for containerID 1. Datanode delete txnID: 0, SCM txnID: 1
2019-10-21 22:02:31,340 [Thread-662] INFO  impl.FollowerState (FollowerState.java:run(108)) - a26a9f1d-c528-4494-83e5-475827f7720e@group-5E7A11E15B06-FollowerState: change to CANDIDATE, lastRpcTime:121ms, electionTimeout:121ms
2019-10-21 22:02:31,340 [Thread-662] INFO  impl.RoleInfo (RoleInfo.java:shutdownFollowerState(121)) - a26a9f1d-c528-4494-83e5-475827f7720e: shutdown FollowerState
2019-10-21 22:02:31,341 [Thread-662] INFO  impl.RaftServerImpl (RaftServerImpl.java:setRole(184)) - a26a9f1d-c528-4494-83e5-475827f7720e@group-5E7A11E15B06: changes role from  FOLLOWER to CANDIDATE at term 17 for changeToCandidate
2019-10-21 22:02:31,341 [Thread-662] INFO  impl.RoleInfo (RoleInfo.java:updateAndGet(143)) - a26a9f1d-c528-4494-83e5-475827f7720e: start LeaderElection
2019-10-21 22:02:31,345 [a26a9f1d-c528-4494-83e5-475827f7720e@group-5E7A11E15B06-LeaderElection21] INFO  impl.LeaderElection (LeaderElection.java:askForVotes(178)) - a26a9f1d-c528-4494-83e5-475827f7720e@group-5E7A11E15B06-LeaderElection21: begin an election at term 18 for 0: [a26a9f1d-c528-4494-83e5-475827f7720e:192.168.69.92:46217, a1036450-74c2-4405-b4f8-7a994af8c84a:192.168.69.92:36225, 95d3bce6-5996-460d-8578-b7f952c18b9c:192.168.69.92:41231], old=null
2019-10-21 22:02:31,348 [grpc-default-executor-2] INFO  impl.RaftServerImpl (RaftServerImpl.java:setRole(184)) - a1036450-74c2-4405-b4f8-7a994af8c84a@group-5E7A11E15B06: changes role from  FOLLOWER to FOLLOWER at term 18 for recognizeCandidate:a26a9f1d-c528-4494-83e5-475827f7720e
2019-10-21 22:02:31,348 [grpc-default-executor-6] INFO  impl.RaftServerImpl (RaftServerImpl.java:setRole(184)) - 95d3bce6-5996-460d-8578-b7f952c18b9c@group-5E7A11E15B06: changes role from  FOLLOWER to FOLLOWER at term 18 for recognizeCandidate:a26a9f1d-c528-4494-83e5-475827f7720e
2019-10-21 22:02:31,348 [grpc-default-executor-2] INFO  impl.RoleInfo (RoleInfo.java:shutdownFollowerState(121)) - a1036450-74c2-4405-b4f8-7a994af8c84a: shutdown FollowerState
2019-10-21 22:02:31,348 [grpc-default-executor-6] INFO  impl.RoleInfo (RoleInfo.java:shutdownFollowerState(121)) - 95d3bce6-5996-460d-8578-b7f952c18b9c: shutdown FollowerState
2019-10-21 22:02:31,349 [Thread-660] INFO  impl.FollowerState (FollowerState.java:run(117)) - a1036450-74c2-4405-b4f8-7a994af8c84a@group-5E7A11E15B06-FollowerState was interrupted: java.lang.InterruptedException: sleep interrupted
2019-10-21 22:02:31,349 [grpc-default-executor-2] INFO  impl.RoleInfo (RoleInfo.java:updateAndGet(143)) - a1036450-74c2-4405-b4f8-7a994af8c84a: start FollowerState
2019-10-21 22:02:31,349 [Thread-661] INFO  impl.FollowerState (FollowerState.java:run(117)) - 95d3bce6-5996-460d-8578-b7f952c18b9c@group-5E7A11E15B06-FollowerState was interrupted: java.lang.InterruptedException: sleep interrupted
2019-10-21 22:02:31,349 [grpc-default-executor-6] INFO  impl.RoleInfo (RoleInfo.java:updateAndGet(143)) - 95d3bce6-5996-460d-8578-b7f952c18b9c: start FollowerState
2019-10-21 22:02:31,365 [a26a9f1d-c528-4494-83e5-475827f7720e@group-5E7A11E15B06-LeaderElection21] INFO  impl.LeaderElection (LeaderElection.java:logAndReturn(56)) - a26a9f1d-c528-4494-83e5-475827f7720e@group-5E7A11E15B06-LeaderElection21: Election REJECTED; received 2 response(s) [a26a9f1d-c528-4494-83e5-475827f7720e<-a1036450-74c2-4405-b4f8-7a994af8c84a#0:FAIL-t18, a26a9f1d-c528-4494-83e5-475827f7720e<-95d3bce6-5996-460d-8578-b7f952c18b9c#0:FAIL-t18] and 0 exception(s); a26a9f1d-c528-4494-83e5-475827f7720e@group-5E7A11E15B06:t18, leader=null, voted=a26a9f1d-c528-4494-83e5-475827f7720e, raftlog=a26a9f1d-c528-4494-83e5-475827f7720e@group-5E7A11E15B06-SegmentedRaftLog:OPENED:c3,f4,i4, conf=0: [a26a9f1d-c528-4494-83e5-475827f7720e:192.168.69.92:46217, a1036450-74c2-4405-b4f8-7a994af8c84a:192.168.69.92:36225, 95d3bce6-5996-460d-8578-b7f952c18b9c:192.168.69.92:41231], old=null
2019-10-21 22:02:31,365 [a26a9f1d-c528-4494-83e5-475827f7720e@group-5E7A11E15B06-LeaderElection21] INFO  impl.RaftServerImpl (RaftServerImpl.java:setRole(184)) - a26a9f1d-c528-4494-83e5-475827f7720e@group-5E7A11E15B06: changes role from CANDIDATE to FOLLOWER at term 18 for DISCOVERED_A_NEW_TERM
2019-10-21 22:02:31,365 [a26a9f1d-c528-4494-83e5-475827f7720e@group-5E7A11E15B06-LeaderElection21] INFO  impl.RoleInfo (RoleInfo.java:shutdownLeaderElection(134)) - a26a9f1d-c528-4494-83e5-475827f7720e: shutdown LeaderElection
2019-10-21 22:02:31,365 [a26a9f1d-c528-4494-83e5-475827f7720e@group-5E7A11E15B06-LeaderElection21] INFO  impl.RoleInfo (RoleInfo.java:updateAndGet(143)) - a26a9f1d-c528-4494-83e5-475827f7720e: start FollowerState
2019-10-21 22:02:31,408 [Thread-668] INFO  impl.FollowerState (FollowerState.java:run(108)) - a26a9f1d-c528-4494-83e5-475827f7720e@group-5E7A11E15B06-FollowerState: change to CANDIDATE, lastRpcTime:42ms, electionTimeout:42ms
2019-10-21 22:02:31,409 [Thread-668] INFO  impl.RoleInfo (RoleInfo.java:shutdownFollowerState(121)) - a26a9f1d-c528-4494-83e5-475827f7720e: shutdown FollowerState
2019-10-21 22:02:31,409 [Thread-668] INFO  impl.RaftServerImpl (RaftServerImpl.java:setRole(184)) - a26a9f1d-c528-4494-83e5-475827f7720e@group-5E7A11E15B06: changes role from  FOLLOWER to CANDIDATE at term 18 for changeToCandidate
2019-10-21 22:02:31,409 [Thread-668] INFO  impl.RoleInfo (RoleInfo.java:updateAndGet(143)) - a26a9f1d-c528-4494-83e5-475827f7720e: start LeaderElection
2019-10-21 22:02:31,421 [a26a9f1d-c528-4494-83e5-475827f7720e@group-5E7A11E15B06-LeaderElection22] INFO  impl.LeaderElection (LeaderElection.java:askForVotes(178)) - a26a9f1d-c528-4494-83e5-475827f7720e@group-5E7A11E15B06-LeaderElection22: begin an election at term 19 for 0: [a26a9f1d-c528-4494-83e5-475827f7720e:192.168.69.92:46217, a1036450-74c2-4405-b4f8-7a994af8c84a:192.168.69.92:36225, 95d3bce6-5996-460d-8578-b7f952c18b9c:192.168.69.92:41231], old=null
2019-10-21 22:02:31,423 [grpc-default-executor-6] INFO  impl.RaftServerImpl (RaftServerImpl.java:setRole(184)) - 95d3bce6-5996-460d-8578-b7f952c18b9c@group-5E7A11E15B06: changes role from  FOLLOWER to FOLLOWER at term 19 for recognizeCandidate:a26a9f1d-c528-4494-83e5-475827f7720e
2019-10-21 22:02:31,423 [grpc-default-executor-6] INFO  impl.RoleInfo (RoleInfo.java:shutdownFollowerState(121)) - 95d3bce6-5996-460d-8578-b7f952c18b9c: shutdown FollowerState
2019-10-21 22:02:31,423 [grpc-default-executor-6] INFO  impl.RoleInfo (RoleInfo.java:updateAndGet(143)) - 95d3bce6-5996-460d-8578-b7f952c18b9c: start FollowerState
2019-10-21 22:02:31,423 [grpc-default-executor-2] INFO  impl.RaftServerImpl (RaftServerImpl.java:setRole(184)) - a1036450-74c2-4405-b4f8-7a994af8c84a@group-5E7A11E15B06: changes role from  FOLLOWER to FOLLOWER at term 19 for recognizeCandidate:a26a9f1d-c528-4494-83e5-475827f7720e
2019-10-21 22:02:31,423 [Thread-667] INFO  impl.FollowerState (FollowerState.java:run(117)) - 95d3bce6-5996-460d-8578-b7f952c18b9c@group-5E7A11E15B06-FollowerState was interrupted: java.lang.InterruptedException: sleep interrupted
2019-10-21 22:02:31,423 [grpc-default-executor-2] INFO  impl.RoleInfo (RoleInfo.java:shutdownFollowerState(121)) - a1036450-74c2-4405-b4f8-7a994af8c84a: shutdown FollowerState
2019-10-21 22:02:31,424 [Thread-666] INFO  impl.FollowerState (FollowerState.java:run(117)) - a1036450-74c2-4405-b4f8-7a994af8c84a@group-5E7A11E15B06-FollowerState was interrupted: java.lang.InterruptedException: sleep interrupted
2019-10-21 22:02:31,424 [grpc-default-executor-2] INFO  impl.RoleInfo (RoleInfo.java:updateAndGet(143)) - a1036450-74c2-4405-b4f8-7a994af8c84a: start FollowerState
2019-10-21 22:02:31,435 [a26a9f1d-c528-4494-83e5-475827f7720e@group-5E7A11E15B06-LeaderElection22] INFO  impl.LeaderElection (LeaderElection.java:logAndReturn(56)) - a26a9f1d-c528-4494-83e5-475827f7720e@group-5E7A11E15B06-LeaderElection22: Election REJECTED; received 2 response(s) [a26a9f1d-c528-4494-83e5-475827f7720e<-a1036450-74c2-4405-b4f8-7a994af8c84a#0:FAIL-t19, a26a9f1d-c528-4494-83e5-475827f7720e<-95d3bce6-5996-460d-8578-b7f952c18b9c#0:FAIL-t19] and 0 exception(s); a26a9f1d-c528-4494-83e5-475827f7720e@group-5E7A11E15B06:t19, leader=null, voted=a26a9f1d-c528-4494-83e5-475827f7720e, raftlog=a26a9f1d-c528-4494-83e5-475827f7720e@group-5E7A11E15B06-SegmentedRaftLog:OPENED:c3,f4,i4, conf=0: [a26a9f1d-c528-4494-83e5-475827f7720e:192.168.69.92:46217, a1036450-74c2-4405-b4f8-7a994af8c84a:192.168.69.92:36225, 95d3bce6-5996-460d-8578-b7f952c18b9c:192.168.69.92:41231], old=null
2019-10-21 22:02:31,436 [a26a9f1d-c528-4494-83e5-475827f7720e@group-5E7A11E15B06-LeaderElection22] INFO  impl.RaftServerImpl (RaftServerImpl.java:setRole(184)) - a26a9f1d-c528-4494-83e5-475827f7720e@group-5E7A11E15B06: changes role from CANDIDATE to FOLLOWER at term 19 for DISCOVERED_A_NEW_TERM
2019-10-21 22:02:31,436 [a26a9f1d-c528-4494-83e5-475827f7720e@group-5E7A11E15B06-LeaderElection22] INFO  impl.RoleInfo (RoleInfo.java:shutdownLeaderElection(134)) - a26a9f1d-c528-4494-83e5-475827f7720e: shutdown LeaderElection
2019-10-21 22:02:31,436 [a26a9f1d-c528-4494-83e5-475827f7720e@group-5E7A11E15B06-LeaderElection22] INFO  impl.RoleInfo (RoleInfo.java:updateAndGet(143)) - a26a9f1d-c528-4494-83e5-475827f7720e: start FollowerState
2019-10-21 22:02:31,554 [Thread-677] INFO  client.GrpcClientProtocolService (GrpcClientProtocolService.java:lambda$processClientRequest$0(278)) - Failed RaftClientRequest:client-91F2DA33FCFF->a1036450-74c2-4405-b4f8-7a994af8c84a@group-5E7A11E15B06, cid=10, seq=0, Watch-ALL_COMMITTED(6), Message:<EMPTY>, reply=RaftClientReply:client-91F2DA33FCFF->a1036450-74c2-4405-b4f8-7a994af8c84a@group-5E7A11E15B06, cid=10, FAILED org.apache.ratis.protocol.NotLeaderException: Server a1036450-74c2-4405-b4f8-7a994af8c84a@group-5E7A11E15B06 is not the leader, logIndex=0, commits[a1036450-74c2-4405-b4f8-7a994af8c84a:c10, a26a9f1d-c528-4494-83e5-475827f7720e:c4, 95d3bce6-5996-460d-8578-b7f952c18b9c:c10]
2019-10-21 22:02:31,624 [Thread-675] INFO  impl.FollowerState (FollowerState.java:run(108)) - a26a9f1d-c528-4494-83e5-475827f7720e@group-5E7A11E15B06-FollowerState: change to CANDIDATE, lastRpcTime:188ms, electionTimeout:188ms
2019-10-21 22:02:31,624 [Thread-675] INFO  impl.RoleInfo (RoleInfo.java:shutdownFollowerState(121)) - a26a9f1d-c528-4494-83e5-475827f7720e: shutdown FollowerState
2019-10-21 22:02:31,624 [Thread-675] INFO  impl.RaftServerImpl (RaftServerImpl.java:setRole(184)) - a26a9f1d-c528-4494-83e5-475827f7720e@group-5E7A11E15B06: changes role from  FOLLOWER to CANDIDATE at term 19 for changeToCandidate
2019-10-21 22:02:31,625 [Thread-675] INFO  impl.RoleInfo (RoleInfo.java:updateAndGet(143)) - a26a9f1d-c528-4494-83e5-475827f7720e: start LeaderElection
2019-10-21 22:02:31,631 [a26a9f1d-c528-4494-83e5-475827f7720e@group-5E7A11E15B06-LeaderElection23] INFO  impl.LeaderElection (LeaderElection.java:askForVotes(178)) - a26a9f1d-c528-4494-83e5-475827f7720e@group-5E7A11E15B06-LeaderElection23: begin an election at term 20 for 0: [a26a9f1d-c528-4494-83e5-475827f7720e:192.168.69.92:46217, a1036450-74c2-4405-b4f8-7a994af8c84a:192.168.69.92:36225, 95d3bce6-5996-460d-8578-b7f952c18b9c:192.168.69.92:41231], old=null
2019-10-21 22:02:31,635 [grpc-default-executor-2] INFO  impl.RaftServerImpl (RaftServerImpl.java:setRole(184)) - 95d3bce6-5996-460d-8578-b7f952c18b9c@group-5E7A11E15B06: changes role from  FOLLOWER to FOLLOWER at term 20 for recognizeCandidate:a26a9f1d-c528-4494-83e5-475827f7720e
2019-10-21 22:02:31,635 [grpc-default-executor-6] INFO  impl.RaftServerImpl (RaftServerImpl.java:setRole(184)) - a1036450-74c2-4405-b4f8-7a994af8c84a@group-5E7A11E15B06: changes role from  FOLLOWER to FOLLOWER at term 20 for recognizeCandidate:a26a9f1d-c528-4494-83e5-475827f7720e
2019-10-21 22:02:31,635 [grpc-default-executor-2] INFO  impl.RoleInfo (RoleInfo.java:shutdownFollowerState(121)) - 95d3bce6-5996-460d-8578-b7f952c18b9c: shutdown FollowerState
2019-10-21 22:02:31,635 [grpc-default-executor-6] INFO  impl.RoleInfo (RoleInfo.java:shutdownFollowerState(121)) - a1036450-74c2-4405-b4f8-7a994af8c84a: shutdown FollowerState
2019-10-21 22:02:31,635 [grpc-default-executor-2] INFO  impl.RoleInfo (RoleInfo.java:updateAndGet(143)) - 95d3bce6-5996-460d-8578-b7f952c18b9c: start FollowerState
2019-10-21 22:02:31,635 [Thread-673] INFO  impl.FollowerState (FollowerState.java:run(117)) - 95d3bce6-5996-460d-8578-b7f952c18b9c@group-5E7A11E15B06-FollowerState was interrupted: java.lang.InterruptedException: sleep interrupted
2019-10-21 22:02:31,635 [Thread-674] INFO  impl.FollowerState (FollowerState.java:run(117)) - a1036450-74c2-4405-b4f8-7a994af8c84a@group-5E7A11E15B06-FollowerState was interrupted: java.lang.InterruptedException: sleep interrupted
2019-10-21 22:02:31,635 [grpc-default-executor-6] INFO  impl.RoleInfo (RoleInfo.java:updateAndGet(143)) - a1036450-74c2-4405-b4f8-7a994af8c84a: start FollowerState
2019-10-21 22:02:31,640 [a26a9f1d-c528-4494-83e5-475827f7720e@group-5E7A11E15B06-LeaderElection23] INFO  impl.LeaderElection (LeaderElection.java:logAndReturn(56)) - a26a9f1d-c528-4494-83e5-475827f7720e@group-5E7A11E15B06-LeaderElection23: Election REJECTED; received 2 response(s) [a26a9f1d-c528-4494-83e5-475827f7720e<-a1036450-74c2-4405-b4f8-7a994af8c84a#0:FAIL-t20, a26a9f1d-c528-4494-83e5-475827f7720e<-95d3bce6-5996-460d-8578-b7f952c18b9c#0:FAIL-t20] and 0 exception(s); a26a9f1d-c528-4494-83e5-475827f7720e@group-5E7A11E15B06:t20, leader=null, voted=a26a9f1d-c528-4494-83e5-475827f7720e, raftlog=a26a9f1d-c528-4494-83e5-475827f7720e@group-5E7A11E15B06-SegmentedRaftLog:OPENED:c3,f4,i4, conf=0: [a26a9f1d-c528-4494-83e5-475827f7720e:192.168.69.92:46217, a1036450-74c2-4405-b4f8-7a994af8c84a:192.168.69.92:36225, 95d3bce6-5996-460d-8578-b7f952c18b9c:192.168.69.92:41231], old=null
2019-10-21 22:02:31,641 [a26a9f1d-c528-4494-83e5-475827f7720e@group-5E7A11E15B06-LeaderElection23] INFO  impl.RaftServerImpl (RaftServerImpl.java:setRole(184)) - a26a9f1d-c528-4494-83e5-475827f7720e@group-5E7A11E15B06: changes role from CANDIDATE to FOLLOWER at term 20 for DISCOVERED_A_NEW_TERM
2019-10-21 22:02:31,641 [a26a9f1d-c528-4494-83e5-475827f7720e@group-5E7A11E15B06-LeaderElection23] INFO  impl.RoleInfo (RoleInfo.java:shutdownLeaderElection(134)) - a26a9f1d-c528-4494-83e5-475827f7720e: shutdown LeaderElection
2019-10-21 22:02:31,641 [a26a9f1d-c528-4494-83e5-475827f7720e@group-5E7A11E15B06-LeaderElection23] INFO  impl.RoleInfo (RoleInfo.java:updateAndGet(143)) - a26a9f1d-c528-4494-83e5-475827f7720e: start FollowerState
2019-10-21 22:02:31,768 [Thread-684] INFO  impl.FollowerState (FollowerState.java:run(108)) - a26a9f1d-c528-4494-83e5-475827f7720e@group-5E7A11E15B06-FollowerState: change to CANDIDATE, lastRpcTime:126ms, electionTimeout:126ms
2019-10-21 22:02:31,769 [Thread-684] INFO  impl.RoleInfo (RoleInfo.java:shutdownFollowerState(121)) - a26a9f1d-c528-4494-83e5-475827f7720e: shutdown FollowerState
2019-10-21 22:02:31,769 [Thread-684] INFO  impl.RaftServerImpl (RaftServerImpl.java:setRole(184)) - a26a9f1d-c528-4494-83e5-475827f7720e@group-5E7A11E15B06: changes role from  FOLLOWER to CANDIDATE at term 20 for changeToCandidate
2019-10-21 22:02:31,769 [Thread-684] INFO  impl.RoleInfo (RoleInfo.java:updateAndGet(143)) - a26a9f1d-c528-4494-83e5-475827f7720e: start LeaderElection
2019-10-21 22:02:31,774 [a26a9f1d-c528-4494-83e5-475827f7720e@group-5E7A11E15B06-LeaderElection24] INFO  impl.LeaderElection (LeaderElection.java:askForVotes(178)) - a26a9f1d-c528-4494-83e5-475827f7720e@group-5E7A11E15B06-LeaderElection24: begin an election at term 21 for 0: [a26a9f1d-c528-4494-83e5-475827f7720e:192.168.69.92:46217, a1036450-74c2-4405-b4f8-7a994af8c84a:192.168.69.92:36225, 95d3bce6-5996-460d-8578-b7f952c18b9c:192.168.69.92:41231], old=null
2019-10-21 22:02:31,777 [grpc-default-executor-6] INFO  impl.RaftServerImpl (RaftServerImpl.java:setRole(184)) - a1036450-74c2-4405-b4f8-7a994af8c84a@group-5E7A11E15B06: changes role from  FOLLOWER to FOLLOWER at term 21 for recognizeCandidate:a26a9f1d-c528-4494-83e5-475827f7720e
2019-10-21 22:02:31,777 [grpc-default-executor-2] INFO  impl.RaftServerImpl (RaftServerImpl.java:setRole(184)) - 95d3bce6-5996-460d-8578-b7f952c18b9c@group-5E7A11E15B06: changes role from  FOLLOWER to FOLLOWER at term 21 for recognizeCandidate:a26a9f1d-c528-4494-83e5-475827f7720e
2019-10-21 22:02:31,777 [grpc-default-executor-6] INFO  impl.RoleInfo (RoleInfo.java:shutdownFollowerState(121)) - a1036450-74c2-4405-b4f8-7a994af8c84a: shutdown FollowerState
2019-10-21 22:02:31,777 [grpc-default-executor-2] INFO  impl.RoleInfo (RoleInfo.java:shutdownFollowerState(121)) - 95d3bce6-5996-460d-8578-b7f952c18b9c: shutdown FollowerState
2019-10-21 22:02:31,777 [Thread-683] INFO  impl.FollowerState (FollowerState.java:run(117)) - a1036450-74c2-4405-b4f8-7a994af8c84a@group-5E7A11E15B06-FollowerState was interrupted: java.lang.InterruptedException: sleep interrupted
2019-10-21 22:02:31,777 [grpc-default-executor-2] INFO  impl.RoleInfo (RoleInfo.java:updateAndGet(143)) - 95d3bce6-5996-460d-8578-b7f952c18b9c: start FollowerState
2019-10-21 22:02:31,777 [grpc-default-executor-6] INFO  impl.RoleInfo (RoleInfo.java:updateAndGet(143)) - a1036450-74c2-4405-b4f8-7a994af8c84a: start FollowerState
2019-10-21 22:02:31,777 [Thread-682] INFO  impl.FollowerState (FollowerState.java:run(117)) - 95d3bce6-5996-460d-8578-b7f952c18b9c@group-5E7A11E15B06-FollowerState was interrupted: java.lang.InterruptedException: sleep interrupted
2019-10-21 22:02:31,788 [a26a9f1d-c528-4494-83e5-475827f7720e@group-5E7A11E15B06-LeaderElection24] INFO  impl.LeaderElection (LeaderElection.java:logAndReturn(56)) - a26a9f1d-c528-4494-83e5-475827f7720e@group-5E7A11E15B06-LeaderElection24: Election REJECTED; received 2 response(s) [a26a9f1d-c528-4494-83e5-475827f7720e<-a1036450-74c2-4405-b4f8-7a994af8c84a#0:FAIL-t21, a26a9f1d-c528-4494-83e5-475827f7720e<-95d3bce6-5996-460d-8578-b7f952c18b9c#0:FAIL-t21] and 0 exception(s); a26a9f1d-c528-4494-83e5-475827f7720e@group-5E7A11E15B06:t21, leader=null, voted=a26a9f1d-c528-4494-83e5-475827f7720e, raftlog=a26a9f1d-c528-4494-83e5-475827f7720e@group-5E7A11E15B06-SegmentedRaftLog:OPENED:c3,f4,i4, conf=0: [a26a9f1d-c528-4494-83e5-475827f7720e:192.168.69.92:46217, a1036450-74c2-4405-b4f8-7a994af8c84a:192.168.69.92:36225, 95d3bce6-5996-460d-8578-b7f952c18b9c:192.168.69.92:41231], old=null
2019-10-21 22:02:31,788 [a26a9f1d-c528-4494-83e5-475827f7720e@group-5E7A11E15B06-LeaderElection24] INFO  impl.RaftServerImpl (RaftServerImpl.java:setRole(184)) - a26a9f1d-c528-4494-83e5-475827f7720e@group-5E7A11E15B06: changes role from CANDIDATE to FOLLOWER at term 21 for DISCOVERED_A_NEW_TERM
2019-10-21 22:02:31,788 [a26a9f1d-c528-4494-83e5-475827f7720e@group-5E7A11E15B06-LeaderElection24] INFO  impl.RoleInfo (RoleInfo.java:shutdownLeaderElection(134)) - a26a9f1d-c528-4494-83e5-475827f7720e: shutdown LeaderElection
2019-10-21 22:02:31,788 [a26a9f1d-c528-4494-83e5-475827f7720e@group-5E7A11E15B06-LeaderElection24] INFO  impl.RoleInfo (RoleInfo.java:updateAndGet(143)) - a26a9f1d-c528-4494-83e5-475827f7720e: start FollowerState
2019-10-21 22:02:31,819 [pool-7-thread-3] INFO  commands.RetriableDatanodeEventWatcher (RetriableDatanodeEventWatcher.java:onTimeout(47)) - RetriableDatanodeCommand type=deleteBlocksCommand with id=1571695345822 timed out. Retrying.
2019-10-21 22:02:31,821 [pool-7-thread-5] INFO  commands.RetriableDatanodeEventWatcher (RetriableDatanodeEventWatcher.java:onTimeout(47)) - RetriableDatanodeCommand type=deleteBlocksCommand with id=1571695345820 timed out. Retrying.
2019-10-21 22:02:31,821 [SCMBlockDeletingService#1] INFO  block.SCMBlockDeletingService (SCMBlockDeletingService.java:call(184)) - Totally added 1 delete blocks command for 1 datanodes, task elapsed time: 0ms
2019-10-21 22:02:31,823 [pool-7-thread-4] INFO  commands.RetriableDatanodeEventWatcher (RetriableDatanodeEventWatcher.java:onTimeout(47)) - RetriableDatanodeCommand type=deleteBlocksCommand with id=1571695345821 timed out. Retrying.
2019-10-21 22:02:31,823 [pool-7-thread-1] INFO  commands.RetriableDatanodeEventWatcher (RetriableDatanodeEventWatcher.java:onTimeout(47)) - RetriableDatanodeCommand type=deleteBlocksCommand with id=1571695345816 timed out. Retrying.
2019-10-21 22:02:31,824 [pool-7-thread-2] INFO  commands.RetriableDatanodeEventWatcher (RetriableDatanodeEventWatcher.java:onTimeout(47)) - RetriableDatanodeCommand type=deleteBlocksCommand with id=1571695345818 timed out. Retrying.
2019-10-21 22:02:31,824 [pool-7-thread-6] INFO  commands.RetriableDatanodeEventWatcher (RetriableDatanodeEventWatcher.java:onTimeout(47)) - RetriableDatanodeCommand type=deleteBlocksCommand with id=1571695345814 timed out. Retrying.
2019-10-21 22:02:31,966 [Thread-690] INFO  impl.FollowerState (FollowerState.java:run(108)) - a26a9f1d-c528-4494-83e5-475827f7720e@group-5E7A11E15B06-FollowerState: change to CANDIDATE, lastRpcTime:177ms, electionTimeout:177ms
2019-10-21 22:02:31,966 [Thread-690] INFO  impl.RoleInfo (RoleInfo.java:shutdownFollowerState(121)) - a26a9f1d-c528-4494-83e5-475827f7720e: shutdown FollowerState
2019-10-21 22:02:31,966 [Thread-690] INFO  impl.RaftServerImpl (RaftServerImpl.java:setRole(184)) - a26a9f1d-c528-4494-83e5-475827f7720e@group-5E7A11E15B06: changes role from  FOLLOWER to CANDIDATE at term 21 for changeToCandidate
2019-10-21 22:02:31,966 [Thread-690] INFO  impl.RoleInfo (RoleInfo.java:updateAndGet(143)) - a26a9f1d-c528-4494-83e5-475827f7720e: start LeaderElection
2019-10-21 22:02:31,976 [a26a9f1d-c528-4494-83e5-475827f7720e@group-5E7A11E15B06-LeaderElection25] INFO  impl.LeaderElection (LeaderElection.java:askForVotes(178)) - a26a9f1d-c528-4494-83e5-475827f7720e@group-5E7A11E15B06-LeaderElection25: begin an election at term 22 for 0: [a26a9f1d-c528-4494-83e5-475827f7720e:192.168.69.92:46217, a1036450-74c2-4405-b4f8-7a994af8c84a:192.168.69.92:36225, 95d3bce6-5996-460d-8578-b7f952c18b9c:192.168.69.92:41231], old=null
2019-10-21 22:02:31,978 [grpc-default-executor-6] INFO  impl.RaftServerImpl (RaftServerImpl.java:setRole(184)) - 95d3bce6-5996-460d-8578-b7f952c18b9c@group-5E7A11E15B06: changes role from  FOLLOWER to FOLLOWER at term 22 for recognizeCandidate:a26a9f1d-c528-4494-83e5-475827f7720e
2019-10-21 22:02:31,978 [grpc-default-executor-2] INFO  impl.RaftServerImpl (RaftServerImpl.java:setRole(184)) - a1036450-74c2-4405-b4f8-7a994af8c84a@group-5E7A11E15B06: changes role from  FOLLOWER to FOLLOWER at term 22 for recognizeCandidate:a26a9f1d-c528-4494-83e5-475827f7720e
2019-10-21 22:02:31,978 [grpc-default-executor-6] INFO  impl.RoleInfo (RoleInfo.java:shutdownFollowerState(121)) - 95d3bce6-5996-460d-8578-b7f952c18b9c: shutdown FollowerState
2019-10-21 22:02:31,978 [grpc-default-executor-2] INFO  impl.RoleInfo (RoleInfo.java:shutdownFollowerState(121)) - a1036450-74c2-4405-b4f8-7a994af8c84a: shutdown FollowerState
2019-10-21 22:02:31,978 [Thread-689] INFO  impl.FollowerState (FollowerState.java:run(117)) - 95d3bce6-5996-460d-8578-b7f952c18b9c@group-5E7A11E15B06-FollowerState was interrupted: java.lang.InterruptedException: sleep interrupted
2019-10-21 22:02:31,978 [grpc-default-executor-6] INFO  impl.RoleInfo (RoleInfo.java:updateAndGet(143)) - 95d3bce6-5996-460d-8578-b7f952c18b9c: start FollowerState
2019-10-21 22:02:31,979 [grpc-default-executor-2] INFO  impl.RoleInfo (RoleInfo.java:updateAndGet(143)) - a1036450-74c2-4405-b4f8-7a994af8c84a: start FollowerState
2019-10-21 22:02:31,979 [Thread-688] INFO  impl.FollowerState (FollowerState.java:run(117)) - a1036450-74c2-4405-b4f8-7a994af8c84a@group-5E7A11E15B06-FollowerState was interrupted: java.lang.InterruptedException: sleep interrupted
2019-10-21 22:02:31,992 [a26a9f1d-c528-4494-83e5-475827f7720e@group-5E7A11E15B06-LeaderElection25] INFO  impl.LeaderElection (LeaderElection.java:logAndReturn(56)) - a26a9f1d-c528-4494-83e5-475827f7720e@group-5E7A11E15B06-LeaderElection25: Election REJECTED; received 2 response(s) [a26a9f1d-c528-4494-83e5-475827f7720e<-a1036450-74c2-4405-b4f8-7a994af8c84a#0:FAIL-t22, a26a9f1d-c528-4494-83e5-475827f7720e<-95d3bce6-5996-460d-8578-b7f952c18b9c#0:FAIL-t22] and 0 exception(s); a26a9f1d-c528-4494-83e5-475827f7720e@group-5E7A11E15B06:t22, leader=null, voted=a26a9f1d-c528-4494-83e5-475827f7720e, raftlog=a26a9f1d-c528-4494-83e5-475827f7720e@group-5E7A11E15B06-SegmentedRaftLog:OPENED:c3,f4,i4, conf=0: [a26a9f1d-c528-4494-83e5-475827f7720e:192.168.69.92:46217, a1036450-74c2-4405-b4f8-7a994af8c84a:192.168.69.92:36225, 95d3bce6-5996-460d-8578-b7f952c18b9c:192.168.69.92:41231], old=null
2019-10-21 22:02:31,992 [a26a9f1d-c528-4494-83e5-475827f7720e@group-5E7A11E15B06-LeaderElection25] INFO  impl.RaftServerImpl (RaftServerImpl.java:setRole(184)) - a26a9f1d-c528-4494-83e5-475827f7720e@group-5E7A11E15B06: changes role from CANDIDATE to FOLLOWER at term 22 for DISCOVERED_A_NEW_TERM
2019-10-21 22:02:31,992 [a26a9f1d-c528-4494-83e5-475827f7720e@group-5E7A11E15B06-LeaderElection25] INFO  impl.RoleInfo (RoleInfo.java:shutdownLeaderElection(134)) - a26a9f1d-c528-4494-83e5-475827f7720e: shutdown LeaderElection
2019-10-21 22:02:31,992 [a26a9f1d-c528-4494-83e5-475827f7720e@group-5E7A11E15B06-LeaderElection25] INFO  impl.RoleInfo (RoleInfo.java:updateAndGet(143)) - a26a9f1d-c528-4494-83e5-475827f7720e: start FollowerState
2019-10-21 22:02:32,001 [BlockDeletingService#2] WARN  background.BlockDeletingService (BlockDeletingService.java:isDeletionAllowed(187)) - Close Container log Index 6 is not replicated across allthe servers in the pipeline 14fb49ee-5d81-4c1e-bb69-5e7a11e15b06 as the min replicated index is 4. Deletion is not allowed in this container yet.
2019-10-21 22:02:32,001 [BlockDeletingService#7] WARN  background.BlockDeletingService (BlockDeletingService.java:isDeletionAllowed(187)) - Close Container log Index 6 is not replicated across allthe servers in the pipeline 14fb49ee-5d81-4c1e-bb69-5e7a11e15b06 as the min replicated index is 4. Deletion is not allowed in this container yet.
2019-10-21 22:02:32,128 [Thread-696] INFO  impl.FollowerState (FollowerState.java:run(108)) - a26a9f1d-c528-4494-83e5-475827f7720e@group-5E7A11E15B06-FollowerState: change to CANDIDATE, lastRpcTime:135ms, electionTimeout:135ms
2019-10-21 22:02:32,128 [Thread-696] INFO  impl.RoleInfo (RoleInfo.java:shutdownFollowerState(121)) - a26a9f1d-c528-4494-83e5-475827f7720e: shutdown FollowerState
2019-10-21 22:02:32,128 [Thread-696] INFO  impl.RaftServerImpl (RaftServerImpl.java:setRole(184)) - a26a9f1d-c528-4494-83e5-475827f7720e@group-5E7A11E15B06: changes role from  FOLLOWER to CANDIDATE at term 22 for changeToCandidate
2019-10-21 22:02:32,128 [Thread-696] INFO  impl.RoleInfo (RoleInfo.java:updateAndGet(143)) - a26a9f1d-c528-4494-83e5-475827f7720e: start LeaderElection
2019-10-21 22:02:32,141 [a26a9f1d-c528-4494-83e5-475827f7720e@group-5E7A11E15B06-LeaderElection26] INFO  impl.LeaderElection (LeaderElection.java:askForVotes(178)) - a26a9f1d-c528-4494-83e5-475827f7720e@group-5E7A11E15B06-LeaderElection26: begin an election at term 23 for 0: [a26a9f1d-c528-4494-83e5-475827f7720e:192.168.69.92:46217, a1036450-74c2-4405-b4f8-7a994af8c84a:192.168.69.92:36225, 95d3bce6-5996-460d-8578-b7f952c18b9c:192.168.69.92:41231], old=null
2019-10-21 22:02:32,145 [grpc-default-executor-2] INFO  impl.RaftServerImpl (RaftServerImpl.java:setRole(184)) - 95d3bce6-5996-460d-8578-b7f952c18b9c@group-5E7A11E15B06: changes role from  FOLLOWER to FOLLOWER at term 23 for recognizeCandidate:a26a9f1d-c528-4494-83e5-475827f7720e
2019-10-21 22:02:32,145 [grpc-default-executor-6] INFO  impl.RaftServerImpl (RaftServerImpl.java:setRole(184)) - a1036450-74c2-4405-b4f8-7a994af8c84a@group-5E7A11E15B06: changes role from  FOLLOWER to FOLLOWER at term 23 for recognizeCandidate:a26a9f1d-c528-4494-83e5-475827f7720e
2019-10-21 22:02:32,145 [grpc-default-executor-2] INFO  impl.RoleInfo (RoleInfo.java:shutdownFollowerState(121)) - 95d3bce6-5996-460d-8578-b7f952c18b9c: shutdown FollowerState
2019-10-21 22:02:32,145 [grpc-default-executor-6] INFO  impl.RoleInfo (RoleInfo.java:shutdownFollowerState(121)) - a1036450-74c2-4405-b4f8-7a994af8c84a: shutdown FollowerState
2019-10-21 22:02:32,145 [Thread-694] INFO  impl.FollowerState (FollowerState.java:run(117)) - 95d3bce6-5996-460d-8578-b7f952c18b9c@group-5E7A11E15B06-FollowerState was interrupted: java.lang.InterruptedException: sleep interrupted
2019-10-21 22:02:32,145 [Thread-695] INFO  impl.FollowerState (FollowerState.java:run(117)) - a1036450-74c2-4405-b4f8-7a994af8c84a@group-5E7A11E15B06-FollowerState was interrupted: java.lang.InterruptedException: sleep interrupted
2019-10-21 22:02:32,145 [grpc-default-executor-2] INFO  impl.RoleInfo (RoleInfo.java:updateAndGet(143)) - 95d3bce6-5996-460d-8578-b7f952c18b9c: start FollowerState
2019-10-21 22:02:32,145 [grpc-default-executor-6] INFO  impl.RoleInfo (RoleInfo.java:updateAndGet(143)) - a1036450-74c2-4405-b4f8-7a994af8c84a: start FollowerState
2019-10-21 22:02:32,160 [a26a9f1d-c528-4494-83e5-475827f7720e@group-5E7A11E15B06-LeaderElection26] INFO  impl.LeaderElection (LeaderElection.java:logAndReturn(56)) - a26a9f1d-c528-4494-83e5-475827f7720e@group-5E7A11E15B06-LeaderElection26: Election REJECTED; received 2 response(s) [a26a9f1d-c528-4494-83e5-475827f7720e<-a1036450-74c2-4405-b4f8-7a994af8c84a#0:FAIL-t23, a26a9f1d-c528-4494-83e5-475827f7720e<-95d3bce6-5996-460d-8578-b7f952c18b9c#0:FAIL-t23] and 0 exception(s); a26a9f1d-c528-4494-83e5-475827f7720e@group-5E7A11E15B06:t23, leader=null, voted=a26a9f1d-c528-4494-83e5-475827f7720e, raftlog=a26a9f1d-c528-4494-83e5-475827f7720e@group-5E7A11E15B06-SegmentedRaftLog:OPENED:c3,f4,i4, conf=0: [a26a9f1d-c528-4494-83e5-475827f7720e:192.168.69.92:46217, a1036450-74c2-4405-b4f8-7a994af8c84a:192.168.69.92:36225, 95d3bce6-5996-460d-8578-b7f952c18b9c:192.168.69.92:41231], old=null
2019-10-21 22:02:32,160 [a26a9f1d-c528-4494-83e5-475827f7720e@group-5E7A11E15B06-LeaderElection26] INFO  impl.RaftServerImpl (RaftServerImpl.java:setRole(184)) - a26a9f1d-c528-4494-83e5-475827f7720e@group-5E7A11E15B06: changes role from CANDIDATE to FOLLOWER at term 23 for DISCOVERED_A_NEW_TERM
2019-10-21 22:02:32,160 [a26a9f1d-c528-4494-83e5-475827f7720e@group-5E7A11E15B06-LeaderElection26] INFO  impl.RoleInfo (RoleInfo.java:shutdownLeaderElection(134)) - a26a9f1d-c528-4494-83e5-475827f7720e: shutdown LeaderElection
2019-10-21 22:02:32,160 [a26a9f1d-c528-4494-83e5-475827f7720e@group-5E7A11E15B06-LeaderElection26] INFO  impl.RoleInfo (RoleInfo.java:updateAndGet(143)) - a26a9f1d-c528-4494-83e5-475827f7720e: start FollowerState
2019-10-21 22:02:32,348 [Thread-704] INFO  impl.FollowerState (FollowerState.java:run(108)) - a26a9f1d-c528-4494-83e5-475827f7720e@group-5E7A11E15B06-FollowerState: change to CANDIDATE, lastRpcTime:187ms, electionTimeout:187ms
2019-10-21 22:02:32,349 [Thread-704] INFO  impl.RoleInfo (RoleInfo.java:shutdownFollowerState(121)) - a26a9f1d-c528-4494-83e5-475827f7720e: shutdown FollowerState
2019-10-21 22:02:32,349 [Thread-704] INFO  impl.RaftServerImpl (RaftServerImpl.java:setRole(184)) - a26a9f1d-c528-4494-83e5-475827f7720e@group-5E7A11E15B06: changes role from  FOLLOWER to CANDIDATE at term 23 for changeToCandidate
2019-10-21 22:02:32,349 [Thread-704] INFO  impl.RoleInfo (RoleInfo.java:updateAndGet(143)) - a26a9f1d-c528-4494-83e5-475827f7720e: start LeaderElection
2019-10-21 22:02:32,366 [a26a9f1d-c528-4494-83e5-475827f7720e@group-5E7A11E15B06-LeaderElection27] INFO  impl.LeaderElection (LeaderElection.java:askForVotes(178)) - a26a9f1d-c528-4494-83e5-475827f7720e@group-5E7A11E15B06-LeaderElection27: begin an election at term 24 for 0: [a26a9f1d-c528-4494-83e5-475827f7720e:192.168.69.92:46217, a1036450-74c2-4405-b4f8-7a994af8c84a:192.168.69.92:36225, 95d3bce6-5996-460d-8578-b7f952c18b9c:192.168.69.92:41231], old=null
2019-10-21 22:02:32,369 [grpc-default-executor-6] INFO  impl.RaftServerImpl (RaftServerImpl.java:setRole(184)) - 95d3bce6-5996-460d-8578-b7f952c18b9c@group-5E7A11E15B06: changes role from  FOLLOWER to FOLLOWER at term 24 for recognizeCandidate:a26a9f1d-c528-4494-83e5-475827f7720e
2019-10-21 22:02:32,369 [grpc-default-executor-2] INFO  impl.RaftServerImpl (RaftServerImpl.java:setRole(184)) - a1036450-74c2-4405-b4f8-7a994af8c84a@group-5E7A11E15B06: changes role from  FOLLOWER to FOLLOWER at term 24 for recognizeCandidate:a26a9f1d-c528-4494-83e5-475827f7720e
2019-10-21 22:02:32,369 [grpc-default-executor-6] INFO  impl.RoleInfo (RoleInfo.java:shutdownFollowerState(121)) - 95d3bce6-5996-460d-8578-b7f952c18b9c: shutdown FollowerState
2019-10-21 22:02:32,369 [grpc-default-executor-2] INFO  impl.RoleInfo (RoleInfo.java:shutdownFollowerState(121)) - a1036450-74c2-4405-b4f8-7a994af8c84a: shutdown FollowerState
2019-10-21 22:02:32,370 [Thread-702] INFO  impl.FollowerState (FollowerState.java:run(117)) - 95d3bce6-5996-460d-8578-b7f952c18b9c@group-5E7A11E15B06-FollowerState was interrupted: java.lang.InterruptedException: sleep interrupted
2019-10-21 22:02:32,370 [grpc-default-executor-2] INFO  impl.RoleInfo (RoleInfo.java:updateAndGet(143)) - a1036450-74c2-4405-b4f8-7a994af8c84a: start FollowerState
2019-10-21 22:02:32,370 [grpc-default-executor-6] INFO  impl.RoleInfo (RoleInfo.java:updateAndGet(143)) - 95d3bce6-5996-460d-8578-b7f952c18b9c: start FollowerState
2019-10-21 22:02:32,370 [Thread-703] INFO  impl.FollowerState (FollowerState.java:run(117)) - a1036450-74c2-4405-b4f8-7a994af8c84a@group-5E7A11E15B06-FollowerState was interrupted: java.lang.InterruptedException: sleep interrupted
2019-10-21 22:02:32,376 [a26a9f1d-c528-4494-83e5-475827f7720e@group-5E7A11E15B06-LeaderElection27] INFO  impl.LeaderElection (LeaderElection.java:logAndReturn(56)) - a26a9f1d-c528-4494-83e5-475827f7720e@group-5E7A11E15B06-LeaderElection27: Election REJECTED; received 2 response(s) [a26a9f1d-c528-4494-83e5-475827f7720e<-a1036450-74c2-4405-b4f8-7a994af8c84a#0:FAIL-t24, a26a9f1d-c528-4494-83e5-475827f7720e<-95d3bce6-5996-460d-8578-b7f952c18b9c#0:FAIL-t24] and 0 exception(s); a26a9f1d-c528-4494-83e5-475827f7720e@group-5E7A11E15B06:t24, leader=null, voted=a26a9f1d-c528-4494-83e5-475827f7720e, raftlog=a26a9f1d-c528-4494-83e5-475827f7720e@group-5E7A11E15B06-SegmentedRaftLog:OPENED:c3,f4,i4, conf=0: [a26a9f1d-c528-4494-83e5-475827f7720e:192.168.69.92:46217, a1036450-74c2-4405-b4f8-7a994af8c84a:192.168.69.92:36225, 95d3bce6-5996-460d-8578-b7f952c18b9c:192.168.69.92:41231], old=null
2019-10-21 22:02:32,376 [a26a9f1d-c528-4494-83e5-475827f7720e@group-5E7A11E15B06-LeaderElection27] INFO  impl.RaftServerImpl (RaftServerImpl.java:setRole(184)) - a26a9f1d-c528-4494-83e5-475827f7720e@group-5E7A11E15B06: changes role from CANDIDATE to FOLLOWER at term 24 for DISCOVERED_A_NEW_TERM
2019-10-21 22:02:32,376 [a26a9f1d-c528-4494-83e5-475827f7720e@group-5E7A11E15B06-LeaderElection27] INFO  impl.RoleInfo (RoleInfo.java:shutdownLeaderElection(134)) - a26a9f1d-c528-4494-83e5-475827f7720e: shutdown LeaderElection
2019-10-21 22:02:32,376 [a26a9f1d-c528-4494-83e5-475827f7720e@group-5E7A11E15B06-LeaderElection27] INFO  impl.RoleInfo (RoleInfo.java:updateAndGet(143)) - a26a9f1d-c528-4494-83e5-475827f7720e: start FollowerState
2019-10-21 22:02:32,381 [Thread-710] INFO  impl.FollowerState (FollowerState.java:run(108)) - a26a9f1d-c528-4494-83e5-475827f7720e@group-5E7A11E15B06-FollowerState: change to CANDIDATE, lastRpcTime:4ms, electionTimeout:4ms
2019-10-21 22:02:32,382 [Thread-710] INFO  impl.RoleInfo (RoleInfo.java:shutdownFollowerState(121)) - a26a9f1d-c528-4494-83e5-475827f7720e: shutdown FollowerState
2019-10-21 22:02:32,382 [Thread-710] INFO  impl.RaftServerImpl (RaftServerImpl.java:setRole(184)) - a26a9f1d-c528-4494-83e5-475827f7720e@group-5E7A11E15B06: changes role from  FOLLOWER to CANDIDATE at term 24 for changeToCandidate
2019-10-21 22:02:32,382 [Thread-710] INFO  impl.RoleInfo (RoleInfo.java:updateAndGet(143)) - a26a9f1d-c528-4494-83e5-475827f7720e: start LeaderElection
2019-10-21 22:02:32,393 [a26a9f1d-c528-4494-83e5-475827f7720e@group-5E7A11E15B06-LeaderElection28] INFO  impl.LeaderElection (LeaderElection.java:askForVotes(178)) - a26a9f1d-c528-4494-83e5-475827f7720e@group-5E7A11E15B06-LeaderElection28: begin an election at term 25 for 0: [a26a9f1d-c528-4494-83e5-475827f7720e:192.168.69.92:46217, a1036450-74c2-4405-b4f8-7a994af8c84a:192.168.69.92:36225, 95d3bce6-5996-460d-8578-b7f952c18b9c:192.168.69.92:41231], old=null
2019-10-21 22:02:32,395 [grpc-default-executor-6] INFO  impl.RaftServerImpl (RaftServerImpl.java:setRole(184)) - 95d3bce6-5996-460d-8578-b7f952c18b9c@group-5E7A11E15B06: changes role from  FOLLOWER to FOLLOWER at term 25 for recognizeCandidate:a26a9f1d-c528-4494-83e5-475827f7720e
2019-10-21 22:02:32,395 [grpc-default-executor-2] INFO  impl.RaftServerImpl (RaftServerImpl.java:setRole(184)) - a1036450-74c2-4405-b4f8-7a994af8c84a@group-5E7A11E15B06: changes role from  FOLLOWER to FOLLOWER at term 25 for recognizeCandidate:a26a9f1d-c528-4494-83e5-475827f7720e
2019-10-21 22:02:32,395 [grpc-default-executor-6] INFO  impl.RoleInfo (RoleInfo.java:shutdownFollowerState(121)) - 95d3bce6-5996-460d-8578-b7f952c18b9c: shutdown FollowerState
2019-10-21 22:02:32,395 [grpc-default-executor-2] INFO  impl.RoleInfo (RoleInfo.java:shutdownFollowerState(121)) - a1036450-74c2-4405-b4f8-7a994af8c84a: shutdown FollowerState
2019-10-21 22:02:32,395 [Thread-708] INFO  impl.FollowerState (FollowerState.java:run(117)) - 95d3bce6-5996-460d-8578-b7f952c18b9c@group-5E7A11E15B06-FollowerState was interrupted: java.lang.InterruptedException: sleep interrupted
2019-10-21 22:02:32,395 [grpc-default-executor-6] INFO  impl.RoleInfo (RoleInfo.java:updateAndGet(143)) - 95d3bce6-5996-460d-8578-b7f952c18b9c: start FollowerState
2019-10-21 22:02:32,395 [grpc-default-executor-2] INFO  impl.RoleInfo (RoleInfo.java:updateAndGet(143)) - a1036450-74c2-4405-b4f8-7a994af8c84a: start FollowerState
2019-10-21 22:02:32,395 [Thread-709] INFO  impl.FollowerState (FollowerState.java:run(117)) - a1036450-74c2-4405-b4f8-7a994af8c84a@group-5E7A11E15B06-FollowerState was interrupted: java.lang.InterruptedException: sleep interrupted
2019-10-21 22:02:32,402 [a26a9f1d-c528-4494-83e5-475827f7720e@group-5E7A11E15B06-LeaderElection28] INFO  impl.LeaderElection (LeaderElection.java:logAndReturn(56)) - a26a9f1d-c528-4494-83e5-475827f7720e@group-5E7A11E15B06-LeaderElection28: Election REJECTED; received 2 response(s) [a26a9f1d-c528-4494-83e5-475827f7720e<-a1036450-74c2-4405-b4f8-7a994af8c84a#0:FAIL-t25, a26a9f1d-c528-4494-83e5-475827f7720e<-95d3bce6-5996-460d-8578-b7f952c18b9c#0:FAIL-t25] and 0 exception(s); a26a9f1d-c528-4494-83e5-475827f7720e@group-5E7A11E15B06:t25, leader=null, voted=a26a9f1d-c528-4494-83e5-475827f7720e, raftlog=a26a9f1d-c528-4494-83e5-475827f7720e@group-5E7A11E15B06-SegmentedRaftLog:OPENED:c3,f4,i4, conf=0: [a26a9f1d-c528-4494-83e5-475827f7720e:192.168.69.92:46217, a1036450-74c2-4405-b4f8-7a994af8c84a:192.168.69.92:36225, 95d3bce6-5996-460d-8578-b7f952c18b9c:192.168.69.92:41231], old=null
2019-10-21 22:02:32,402 [a26a9f1d-c528-4494-83e5-475827f7720e@group-5E7A11E15B06-LeaderElection28] INFO  impl.RaftServerImpl (RaftServerImpl.java:setRole(184)) - a26a9f1d-c528-4494-83e5-475827f7720e@group-5E7A11E15B06: changes role from CANDIDATE to FOLLOWER at term 25 for DISCOVERED_A_NEW_TERM
2019-10-21 22:02:32,402 [a26a9f1d-c528-4494-83e5-475827f7720e@group-5E7A11E15B06-LeaderElection28] INFO  impl.RoleInfo (RoleInfo.java:shutdownLeaderElection(134)) - a26a9f1d-c528-4494-83e5-475827f7720e: shutdown LeaderElection
2019-10-21 22:02:32,403 [a26a9f1d-c528-4494-83e5-475827f7720e@group-5E7A11E15B06-LeaderElection28] INFO  impl.RoleInfo (RoleInfo.java:updateAndGet(143)) - a26a9f1d-c528-4494-83e5-475827f7720e: start FollowerState
2019-10-21 22:02:32,530 [Thread-717] INFO  impl.FollowerState (FollowerState.java:run(108)) - a26a9f1d-c528-4494-83e5-475827f7720e@group-5E7A11E15B06-FollowerState: change to CANDIDATE, lastRpcTime:127ms, electionTimeout:127ms
2019-10-21 22:02:32,531 [Thread-717] INFO  impl.RoleInfo (RoleInfo.java:shutdownFollowerState(121)) - a26a9f1d-c528-4494-83e5-475827f7720e: shutdown FollowerState
2019-10-21 22:02:32,531 [Thread-717] INFO  impl.RaftServerImpl (RaftServerImpl.java:setRole(184)) - a26a9f1d-c528-4494-83e5-475827f7720e@group-5E7A11E15B06: changes role from  FOLLOWER to CANDIDATE at term 25 for changeToCandidate
2019-10-21 22:02:32,531 [Thread-717] INFO  impl.RoleInfo (RoleInfo.java:updateAndGet(143)) - a26a9f1d-c528-4494-83e5-475827f7720e: start LeaderElection
2019-10-21 22:02:32,547 [a26a9f1d-c528-4494-83e5-475827f7720e@group-5E7A11E15B06-LeaderElection29] INFO  impl.LeaderElection (LeaderElection.java:askForVotes(178)) - a26a9f1d-c528-4494-83e5-475827f7720e@group-5E7A11E15B06-LeaderElection29: begin an election at term 26 for 0: [a26a9f1d-c528-4494-83e5-475827f7720e:192.168.69.92:46217, a1036450-74c2-4405-b4f8-7a994af8c84a:192.168.69.92:36225, 95d3bce6-5996-460d-8578-b7f952c18b9c:192.168.69.92:41231], old=null
2019-10-21 22:02:32,550 [grpc-default-executor-6] INFO  impl.RaftServerImpl (RaftServerImpl.java:setRole(184)) - 95d3bce6-5996-460d-8578-b7f952c18b9c@group-5E7A11E15B06: changes role from  FOLLOWER to FOLLOWER at term 26 for recognizeCandidate:a26a9f1d-c528-4494-83e5-475827f7720e
2019-10-21 22:02:32,550 [grpc-default-executor-2] INFO  impl.RaftServerImpl (RaftServerImpl.java:setRole(184)) - a1036450-74c2-4405-b4f8-7a994af8c84a@group-5E7A11E15B06: changes role from  FOLLOWER to FOLLOWER at term 26 for recognizeCandidate:a26a9f1d-c528-4494-83e5-475827f7720e
2019-10-21 22:02:32,550 [grpc-default-executor-6] INFO  impl.RoleInfo (RoleInfo.java:shutdownFollowerState(121)) - 95d3bce6-5996-460d-8578-b7f952c18b9c: shutdown FollowerState
2019-10-21 22:02:32,550 [grpc-default-executor-2] INFO  impl.RoleInfo (RoleInfo.java:shutdownFollowerState(121)) - a1036450-74c2-4405-b4f8-7a994af8c84a: shutdown FollowerState
2019-10-21 22:02:32,550 [Thread-715] INFO  impl.FollowerState (FollowerState.java:run(117)) - 95d3bce6-5996-460d-8578-b7f952c18b9c@group-5E7A11E15B06-FollowerState was interrupted: java.lang.InterruptedException: sleep interrupted
2019-10-21 22:02:32,550 [grpc-default-executor-6] INFO  impl.RoleInfo (RoleInfo.java:updateAndGet(143)) - 95d3bce6-5996-460d-8578-b7f952c18b9c: start FollowerState
2019-10-21 22:02:32,550 [grpc-default-executor-2] INFO  impl.RoleInfo (RoleInfo.java:updateAndGet(143)) - a1036450-74c2-4405-b4f8-7a994af8c84a: start FollowerState
2019-10-21 22:02:32,550 [Thread-716] INFO  impl.FollowerState (FollowerState.java:run(117)) - a1036450-74c2-4405-b4f8-7a994af8c84a@group-5E7A11E15B06-FollowerState was interrupted: java.lang.InterruptedException: sleep interrupted
2019-10-21 22:02:32,557 [a26a9f1d-c528-4494-83e5-475827f7720e@group-5E7A11E15B06-LeaderElection29] INFO  impl.LeaderElection (LeaderElection.java:logAndReturn(56)) - a26a9f1d-c528-4494-83e5-475827f7720e@group-5E7A11E15B06-LeaderElection29: Election REJECTED; received 2 response(s) [a26a9f1d-c528-4494-83e5-475827f7720e<-a1036450-74c2-4405-b4f8-7a994af8c84a#0:FAIL-t26, a26a9f1d-c528-4494-83e5-475827f7720e<-95d3bce6-5996-460d-8578-b7f952c18b9c#0:FAIL-t26] and 0 exception(s); a26a9f1d-c528-4494-83e5-475827f7720e@group-5E7A11E15B06:t26, leader=null, voted=a26a9f1d-c528-4494-83e5-475827f7720e, raftlog=a26a9f1d-c528-4494-83e5-475827f7720e@group-5E7A11E15B06-SegmentedRaftLog:OPENED:c3,f4,i4, conf=0: [a26a9f1d-c528-4494-83e5-475827f7720e:192.168.69.92:46217, a1036450-74c2-4405-b4f8-7a994af8c84a:192.168.69.92:36225, 95d3bce6-5996-460d-8578-b7f952c18b9c:192.168.69.92:41231], old=null
2019-10-21 22:02:32,557 [a26a9f1d-c528-4494-83e5-475827f7720e@group-5E7A11E15B06-LeaderElection29] INFO  impl.RaftServerImpl (RaftServerImpl.java:setRole(184)) - a26a9f1d-c528-4494-83e5-475827f7720e@group-5E7A11E15B06: changes role from CANDIDATE to FOLLOWER at term 26 for DISCOVERED_A_NEW_TERM
2019-10-21 22:02:32,558 [a26a9f1d-c528-4494-83e5-475827f7720e@group-5E7A11E15B06-LeaderElection29] INFO  impl.RoleInfo (RoleInfo.java:shutdownLeaderElection(134)) - a26a9f1d-c528-4494-83e5-475827f7720e: shutdown LeaderElection
2019-10-21 22:02:32,558 [a26a9f1d-c528-4494-83e5-475827f7720e@group-5E7A11E15B06-LeaderElection29] INFO  impl.RoleInfo (RoleInfo.java:updateAndGet(143)) - a26a9f1d-c528-4494-83e5-475827f7720e: start FollowerState
2019-10-21 22:02:32,571 [Thread-725] INFO  client.GrpcClientProtocolService (GrpcClientProtocolService.java:lambda$processClientRequest$0(278)) - Failed RaftClientRequest:client-91F2DA33FCFF->a26a9f1d-c528-4494-83e5-475827f7720e@group-5E7A11E15B06, cid=10, seq=0, Watch-ALL_COMMITTED(6), Message:<EMPTY>, reply=RaftClientReply:client-91F2DA33FCFF->a26a9f1d-c528-4494-83e5-475827f7720e@group-5E7A11E15B06, cid=10, FAILED org.apache.ratis.protocol.NotLeaderException: Server a26a9f1d-c528-4494-83e5-475827f7720e@group-5E7A11E15B06 is not the leader, logIndex=0, commits[a26a9f1d-c528-4494-83e5-475827f7720e:c3]
2019-10-21 22:02:32,692 [Thread-723] INFO  impl.FollowerState (FollowerState.java:run(108)) - a26a9f1d-c528-4494-83e5-475827f7720e@group-5E7A11E15B06-FollowerState: change to CANDIDATE, lastRpcTime:134ms, electionTimeout:134ms
2019-10-21 22:02:32,692 [Thread-723] INFO  impl.RoleInfo (RoleInfo.java:shutdownFollowerState(121)) - a26a9f1d-c528-4494-83e5-475827f7720e: shutdown FollowerState
2019-10-21 22:02:32,692 [Thread-723] INFO  impl.RaftServerImpl (RaftServerImpl.java:setRole(184)) - a26a9f1d-c528-4494-83e5-475827f7720e@group-5E7A11E15B06: changes role from  FOLLOWER to CANDIDATE at term 26 for changeToCandidate
2019-10-21 22:02:32,692 [Thread-723] INFO  impl.RoleInfo (RoleInfo.java:updateAndGet(143)) - a26a9f1d-c528-4494-83e5-475827f7720e: start LeaderElection
2019-10-21 22:02:32,715 [a26a9f1d-c528-4494-83e5-475827f7720e@group-5E7A11E15B06-LeaderElection30] INFO  impl.LeaderElection (LeaderElection.java:askForVotes(178)) - a26a9f1d-c528-4494-83e5-475827f7720e@group-5E7A11E15B06-LeaderElection30: begin an election at term 27 for 0: [a26a9f1d-c528-4494-83e5-475827f7720e:192.168.69.92:46217, a1036450-74c2-4405-b4f8-7a994af8c84a:192.168.69.92:36225, 95d3bce6-5996-460d-8578-b7f952c18b9c:192.168.69.92:41231], old=null
2019-10-21 22:02:32,718 [grpc-default-executor-6] INFO  impl.RaftServerImpl (RaftServerImpl.java:setRole(184)) - a1036450-74c2-4405-b4f8-7a994af8c84a@group-5E7A11E15B06: changes role from  FOLLOWER to FOLLOWER at term 27 for recognizeCandidate:a26a9f1d-c528-4494-83e5-475827f7720e
2019-10-21 22:02:32,718 [grpc-default-executor-6] INFO  impl.RoleInfo (RoleInfo.java:shutdownFollowerState(121)) - a1036450-74c2-4405-b4f8-7a994af8c84a: shutdown FollowerState
2019-10-21 22:02:32,718 [grpc-default-executor-6] INFO  impl.RoleInfo (RoleInfo.java:updateAndGet(143)) - a1036450-74c2-4405-b4f8-7a994af8c84a: start FollowerState
2019-10-21 22:02:32,718 [grpc-default-executor-2] INFO  impl.RaftServerImpl (RaftServerImpl.java:setRole(184)) - 95d3bce6-5996-460d-8578-b7f952c18b9c@group-5E7A11E15B06: changes role from  FOLLOWER to FOLLOWER at term 27 for recognizeCandidate:a26a9f1d-c528-4494-83e5-475827f7720e
2019-10-21 22:02:32,718 [Thread-722] INFO  impl.FollowerState (FollowerState.java:run(117)) - a1036450-74c2-4405-b4f8-7a994af8c84a@group-5E7A11E15B06-FollowerState was interrupted: java.lang.InterruptedException: sleep interrupted
2019-10-21 22:02:32,719 [grpc-default-executor-2] INFO  impl.RoleInfo (RoleInfo.java:shutdownFollowerState(121)) - 95d3bce6-5996-460d-8578-b7f952c18b9c: shutdown FollowerState
2019-10-21 22:02:32,719 [Thread-721] INFO  impl.FollowerState (FollowerState.java:run(117)) - 95d3bce6-5996-460d-8578-b7f952c18b9c@group-5E7A11E15B06-FollowerState was interrupted: java.lang.InterruptedException: sleep interrupted
2019-10-21 22:02:32,719 [grpc-default-executor-2] INFO  impl.RoleInfo (RoleInfo.java:updateAndGet(143)) - 95d3bce6-5996-460d-8578-b7f952c18b9c: start FollowerState
2019-10-21 22:02:32,738 [a26a9f1d-c528-4494-83e5-475827f7720e@group-5E7A11E15B06-LeaderElection30] INFO  impl.LeaderElection (LeaderElection.java:logAndReturn(56)) - a26a9f1d-c528-4494-83e5-475827f7720e@group-5E7A11E15B06-LeaderElection30: Election REJECTED; received 2 response(s) [a26a9f1d-c528-4494-83e5-475827f7720e<-a1036450-74c2-4405-b4f8-7a994af8c84a#0:FAIL-t27, a26a9f1d-c528-4494-83e5-475827f7720e<-95d3bce6-5996-460d-8578-b7f952c18b9c#0:FAIL-t27] and 0 exception(s); a26a9f1d-c528-4494-83e5-475827f7720e@group-5E7A11E15B06:t27, leader=null, voted=a26a9f1d-c528-4494-83e5-475827f7720e, raftlog=a26a9f1d-c528-4494-83e5-475827f7720e@group-5E7A11E15B06-SegmentedRaftLog:OPENED:c3,f4,i4, conf=0: [a26a9f1d-c528-4494-83e5-475827f7720e:192.168.69.92:46217, a1036450-74c2-4405-b4f8-7a994af8c84a:192.168.69.92:36225, 95d3bce6-5996-460d-8578-b7f952c18b9c:192.168.69.92:41231], old=null
2019-10-21 22:02:32,738 [a26a9f1d-c528-4494-83e5-475827f7720e@group-5E7A11E15B06-LeaderElection30] INFO  impl.RaftServerImpl (RaftServerImpl.java:setRole(184)) - a26a9f1d-c528-4494-83e5-475827f7720e@group-5E7A11E15B06: changes role from CANDIDATE to FOLLOWER at term 27 for DISCOVERED_A_NEW_TERM
2019-10-21 22:02:32,738 [a26a9f1d-c528-4494-83e5-475827f7720e@group-5E7A11E15B06-LeaderElection30] INFO  impl.RoleInfo (RoleInfo.java:shutdownLeaderElection(134)) - a26a9f1d-c528-4494-83e5-475827f7720e: shutdown LeaderElection
2019-10-21 22:02:32,738 [a26a9f1d-c528-4494-83e5-475827f7720e@group-5E7A11E15B06-LeaderElection30] INFO  impl.RoleInfo (RoleInfo.java:updateAndGet(143)) - a26a9f1d-c528-4494-83e5-475827f7720e: start FollowerState
2019-10-21 22:02:32,822 [pool-7-thread-6] INFO  commands.RetriableDatanodeEventWatcher (RetriableDatanodeEventWatcher.java:onTimeout(47)) - RetriableDatanodeCommand type=deleteBlocksCommand with id=1571695345822 timed out. Retrying.
2019-10-21 22:02:32,823 [pool-7-thread-2] INFO  commands.RetriableDatanodeEventWatcher (RetriableDatanodeEventWatcher.java:onTimeout(47)) - RetriableDatanodeCommand type=deleteBlocksCommand with id=1571695345823 timed out. Retrying.
2019-10-21 22:02:32,824 [pool-7-thread-1] INFO  commands.RetriableDatanodeEventWatcher (RetriableDatanodeEventWatcher.java:onTimeout(47)) - RetriableDatanodeCommand type=deleteBlocksCommand with id=1571695345820 timed out. Retrying.
2019-10-21 22:02:32,824 [SCMBlockDeletingService#1] INFO  block.SCMBlockDeletingService (SCMBlockDeletingService.java:call(184)) - Totally added 1 delete blocks command for 1 datanodes, task elapsed time: 2ms
2019-10-21 22:02:32,824 [pool-7-thread-4] INFO  commands.RetriableDatanodeEventWatcher (RetriableDatanodeEventWatcher.java:onTimeout(47)) - RetriableDatanodeCommand type=deleteBlocksCommand with id=1571695345821 timed out. Retrying.
2019-10-21 22:02:32,824 [pool-7-thread-6] INFO  commands.RetriableDatanodeEventWatcher (RetriableDatanodeEventWatcher.java:onTimeout(47)) - RetriableDatanodeCommand type=deleteBlocksCommand with id=1571695345816 timed out. Retrying.
2019-10-21 22:02:32,824 [pool-7-thread-6] INFO  commands.RetriableDatanodeEventWatcher (RetriableDatanodeEventWatcher.java:onTimeout(47)) - RetriableDatanodeCommand type=deleteBlocksCommand with id=1571695345818 timed out. Retrying.
2019-10-21 22:02:32,824 [pool-7-thread-4] INFO  commands.RetriableDatanodeEventWatcher (RetriableDatanodeEventWatcher.java:onTimeout(47)) - RetriableDatanodeCommand type=deleteBlocksCommand with id=1571695345814 timed out. Retrying.
2019-10-21 22:02:32,875 [Thread-732] INFO  impl.FollowerState (FollowerState.java:run(108)) - a26a9f1d-c528-4494-83e5-475827f7720e@group-5E7A11E15B06-FollowerState: change to CANDIDATE, lastRpcTime:137ms, electionTimeout:137ms
2019-10-21 22:02:32,876 [Thread-732] INFO  impl.RoleInfo (RoleInfo.java:shutdownFollowerState(121)) - a26a9f1d-c528-4494-83e5-475827f7720e: shutdown FollowerState
2019-10-21 22:02:32,876 [Thread-732] INFO  impl.RaftServerImpl (RaftServerImpl.java:setRole(184)) - a26a9f1d-c528-4494-83e5-475827f7720e@group-5E7A11E15B06: changes role from  FOLLOWER to CANDIDATE at term 27 for changeToCandidate
2019-10-21 22:02:32,876 [Thread-732] INFO  impl.RoleInfo (RoleInfo.java:updateAndGet(143)) - a26a9f1d-c528-4494-83e5-475827f7720e: start LeaderElection
2019-10-21 22:02:32,907 [a26a9f1d-c528-4494-83e5-475827f7720e@group-5E7A11E15B06-LeaderElection31] INFO  impl.LeaderElection (LeaderElection.java:askForVotes(178)) - a26a9f1d-c528-4494-83e5-475827f7720e@group-5E7A11E15B06-LeaderElection31: begin an election at term 28 for 0: [a26a9f1d-c528-4494-83e5-475827f7720e:192.168.69.92:46217, a1036450-74c2-4405-b4f8-7a994af8c84a:192.168.69.92:36225, 95d3bce6-5996-460d-8578-b7f952c18b9c:192.168.69.92:41231], old=null
2019-10-21 22:02:32,909 [grpc-default-executor-2] INFO  impl.RaftServerImpl (RaftServerImpl.java:setRole(184)) - a1036450-74c2-4405-b4f8-7a994af8c84a@group-5E7A11E15B06: changes role from  FOLLOWER to FOLLOWER at term 28 for recognizeCandidate:a26a9f1d-c528-4494-83e5-475827f7720e
2019-10-21 22:02:32,909 [grpc-default-executor-6] INFO  impl.RaftServerImpl (RaftServerImpl.java:setRole(184)) - 95d3bce6-5996-460d-8578-b7f952c18b9c@group-5E7A11E15B06: changes role from  FOLLOWER to FOLLOWER at term 28 for recognizeCandidate:a26a9f1d-c528-4494-83e5-475827f7720e
2019-10-21 22:02:32,909 [grpc-default-executor-2] INFO  impl.RoleInfo (RoleInfo.java:shutdownFollowerState(121)) - a1036450-74c2-4405-b4f8-7a994af8c84a: shutdown FollowerState
2019-10-21 22:02:32,910 [grpc-default-executor-6] INFO  impl.RoleInfo (RoleInfo.java:shutdownFollowerState(121)) - 95d3bce6-5996-460d-8578-b7f952c18b9c: shutdown FollowerState
2019-10-21 22:02:32,910 [grpc-default-executor-2] INFO  impl.RoleInfo (RoleInfo.java:updateAndGet(143)) - a1036450-74c2-4405-b4f8-7a994af8c84a: start FollowerState
2019-10-21 22:02:32,910 [Thread-730] INFO  impl.FollowerState (FollowerState.java:run(117)) - a1036450-74c2-4405-b4f8-7a994af8c84a@group-5E7A11E15B06-FollowerState was interrupted: java.lang.InterruptedException: sleep interrupted
2019-10-21 22:02:32,910 [Thread-731] INFO  impl.FollowerState (FollowerState.java:run(117)) - 95d3bce6-5996-460d-8578-b7f952c18b9c@group-5E7A11E15B06-FollowerState was interrupted: java.lang.InterruptedException: sleep interrupted
2019-10-21 22:02:32,910 [grpc-default-executor-6] INFO  impl.RoleInfo (RoleInfo.java:updateAndGet(143)) - 95d3bce6-5996-460d-8578-b7f952c18b9c: start FollowerState
2019-10-21 22:02:32,923 [a26a9f1d-c528-4494-83e5-475827f7720e@group-5E7A11E15B06-LeaderElection31] INFO  impl.LeaderElection (LeaderElection.java:logAndReturn(56)) - a26a9f1d-c528-4494-83e5-475827f7720e@group-5E7A11E15B06-LeaderElection31: Election REJECTED; received 2 response(s) [a26a9f1d-c528-4494-83e5-475827f7720e<-a1036450-74c2-4405-b4f8-7a994af8c84a#0:FAIL-t28, a26a9f1d-c528-4494-83e5-475827f7720e<-95d3bce6-5996-460d-8578-b7f952c18b9c#0:FAIL-t28] and 0 exception(s); a26a9f1d-c528-4494-83e5-475827f7720e@group-5E7A11E15B06:t28, leader=null, voted=a26a9f1d-c528-4494-83e5-475827f7720e, raftlog=a26a9f1d-c528-4494-83e5-475827f7720e@group-5E7A11E15B06-SegmentedRaftLog:OPENED:c3,f4,i4, conf=0: [a26a9f1d-c528-4494-83e5-475827f7720e:192.168.69.92:46217, a1036450-74c2-4405-b4f8-7a994af8c84a:192.168.69.92:36225, 95d3bce6-5996-460d-8578-b7f952c18b9c:192.168.69.92:41231], old=null
2019-10-21 22:02:32,923 [a26a9f1d-c528-4494-83e5-475827f7720e@group-5E7A11E15B06-LeaderElection31] INFO  impl.RaftServerImpl (RaftServerImpl.java:setRole(184)) - a26a9f1d-c528-4494-83e5-475827f7720e@group-5E7A11E15B06: changes role from CANDIDATE to FOLLOWER at term 28 for DISCOVERED_A_NEW_TERM
2019-10-21 22:02:32,923 [a26a9f1d-c528-4494-83e5-475827f7720e@group-5E7A11E15B06-LeaderElection31] INFO  impl.RoleInfo (RoleInfo.java:shutdownLeaderElection(134)) - a26a9f1d-c528-4494-83e5-475827f7720e: shutdown LeaderElection
2019-10-21 22:02:32,923 [a26a9f1d-c528-4494-83e5-475827f7720e@group-5E7A11E15B06-LeaderElection31] INFO  impl.RoleInfo (RoleInfo.java:updateAndGet(143)) - a26a9f1d-c528-4494-83e5-475827f7720e: start FollowerState
2019-10-21 22:02:33,007 [BlockDeletingService#7] WARN  background.BlockDeletingService (BlockDeletingService.java:isDeletionAllowed(187)) - Close Container log Index 6 is not replicated across allthe servers in the pipeline 14fb49ee-5d81-4c1e-bb69-5e7a11e15b06 as the min replicated index is 4. Deletion is not allowed in this container yet.
2019-10-21 22:02:33,007 [BlockDeletingService#2] WARN  background.BlockDeletingService (BlockDeletingService.java:isDeletionAllowed(187)) - Close Container log Index 6 is not replicated across allthe servers in the pipeline 14fb49ee-5d81-4c1e-bb69-5e7a11e15b06 as the min replicated index is 4. Deletion is not allowed in this container yet.
2019-10-21 22:02:33,033 [Thread-738] INFO  impl.FollowerState (FollowerState.java:run(108)) - a26a9f1d-c528-4494-83e5-475827f7720e@group-5E7A11E15B06-FollowerState: change to CANDIDATE, lastRpcTime:109ms, electionTimeout:109ms
2019-10-21 22:02:33,033 [Thread-738] INFO  impl.RoleInfo (RoleInfo.java:shutdownFollowerState(121)) - a26a9f1d-c528-4494-83e5-475827f7720e: shutdown FollowerState
2019-10-21 22:02:33,033 [Thread-738] INFO  impl.RaftServerImpl (RaftServerImpl.java:setRole(184)) - a26a9f1d-c528-4494-83e5-475827f7720e@group-5E7A11E15B06: changes role from  FOLLOWER to CANDIDATE at term 28 for changeToCandidate
2019-10-21 22:02:33,033 [Thread-738] INFO  impl.RoleInfo (RoleInfo.java:updateAndGet(143)) - a26a9f1d-c528-4494-83e5-475827f7720e: start LeaderElection
2019-10-21 22:02:33,043 [a26a9f1d-c528-4494-83e5-475827f7720e@group-5E7A11E15B06-LeaderElection32] INFO  impl.LeaderElection (LeaderElection.java:askForVotes(178)) - a26a9f1d-c528-4494-83e5-475827f7720e@group-5E7A11E15B06-LeaderElection32: begin an election at term 29 for 0: [a26a9f1d-c528-4494-83e5-475827f7720e:192.168.69.92:46217, a1036450-74c2-4405-b4f8-7a994af8c84a:192.168.69.92:36225, 95d3bce6-5996-460d-8578-b7f952c18b9c:192.168.69.92:41231], old=null
2019-10-21 22:02:33,045 [grpc-default-executor-6] INFO  impl.RaftServerImpl (RaftServerImpl.java:setRole(184)) - 95d3bce6-5996-460d-8578-b7f952c18b9c@group-5E7A11E15B06: changes role from  FOLLOWER to FOLLOWER at term 29 for recognizeCandidate:a26a9f1d-c528-4494-83e5-475827f7720e
2019-10-21 22:02:33,045 [grpc-default-executor-6] INFO  impl.RoleInfo (RoleInfo.java:shutdownFollowerState(121)) - 95d3bce6-5996-460d-8578-b7f952c18b9c: shutdown FollowerState
2019-10-21 22:02:33,045 [grpc-default-executor-2] INFO  impl.RaftServerImpl (RaftServerImpl.java:setRole(184)) - a1036450-74c2-4405-b4f8-7a994af8c84a@group-5E7A11E15B06: changes role from  FOLLOWER to FOLLOWER at term 29 for recognizeCandidate:a26a9f1d-c528-4494-83e5-475827f7720e
2019-10-21 22:02:33,046 [Thread-737] INFO  impl.FollowerState (FollowerState.java:run(117)) - 95d3bce6-5996-460d-8578-b7f952c18b9c@group-5E7A11E15B06-FollowerState was interrupted: java.lang.InterruptedException: sleep interrupted
2019-10-21 22:02:33,046 [grpc-default-executor-6] INFO  impl.RoleInfo (RoleInfo.java:updateAndGet(143)) - 95d3bce6-5996-460d-8578-b7f952c18b9c: start FollowerState
2019-10-21 22:02:33,046 [grpc-default-executor-2] INFO  impl.RoleInfo (RoleInfo.java:shutdownFollowerState(121)) - a1036450-74c2-4405-b4f8-7a994af8c84a: shutdown FollowerState
2019-10-21 22:02:33,046 [Thread-736] INFO  impl.FollowerState (FollowerState.java:run(117)) - a1036450-74c2-4405-b4f8-7a994af8c84a@group-5E7A11E15B06-FollowerState was interrupted: java.lang.InterruptedException: sleep interrupted
2019-10-21 22:02:33,046 [grpc-default-executor-2] INFO  impl.RoleInfo (RoleInfo.java:updateAndGet(143)) - a1036450-74c2-4405-b4f8-7a994af8c84a: start FollowerState
2019-10-21 22:02:33,054 [a26a9f1d-c528-4494-83e5-475827f7720e@group-5E7A11E15B06-LeaderElection32] INFO  impl.LeaderElection (LeaderElection.java:logAndReturn(56)) - a26a9f1d-c528-4494-83e5-475827f7720e@group-5E7A11E15B06-LeaderElection32: Election REJECTED; received 2 response(s) [a26a9f1d-c528-4494-83e5-475827f7720e<-a1036450-74c2-4405-b4f8-7a994af8c84a#0:FAIL-t29, a26a9f1d-c528-4494-83e5-475827f7720e<-95d3bce6-5996-460d-8578-b7f952c18b9c#0:FAIL-t29] and 0 exception(s); a26a9f1d-c528-4494-83e5-475827f7720e@group-5E7A11E15B06:t29, leader=null, voted=a26a9f1d-c528-4494-83e5-475827f7720e, raftlog=a26a9f1d-c528-4494-83e5-475827f7720e@group-5E7A11E15B06-SegmentedRaftLog:OPENED:c3,f4,i4, conf=0: [a26a9f1d-c528-4494-83e5-475827f7720e:192.168.69.92:46217, a1036450-74c2-4405-b4f8-7a994af8c84a:192.168.69.92:36225, 95d3bce6-5996-460d-8578-b7f952c18b9c:192.168.69.92:41231], old=null
2019-10-21 22:02:33,054 [a26a9f1d-c528-4494-83e5-475827f7720e@group-5E7A11E15B06-LeaderElection32] INFO  impl.RaftServerImpl (RaftServerImpl.java:setRole(184)) - a26a9f1d-c528-4494-83e5-475827f7720e@group-5E7A11E15B06: changes role from CANDIDATE to FOLLOWER at term 29 for DISCOVERED_A_NEW_TERM
2019-10-21 22:02:33,054 [a26a9f1d-c528-4494-83e5-475827f7720e@group-5E7A11E15B06-LeaderElection32] INFO  impl.RoleInfo (RoleInfo.java:shutdownLeaderElection(134)) - a26a9f1d-c528-4494-83e5-475827f7720e: shutdown LeaderElection
2019-10-21 22:02:33,054 [a26a9f1d-c528-4494-83e5-475827f7720e@group-5E7A11E15B06-LeaderElection32] INFO  impl.RoleInfo (RoleInfo.java:updateAndGet(143)) - a26a9f1d-c528-4494-83e5-475827f7720e: start FollowerState
2019-10-21 22:02:33,129 [Thread-746] INFO  impl.FollowerState (FollowerState.java:run(108)) - a26a9f1d-c528-4494-83e5-475827f7720e@group-5E7A11E15B06-FollowerState: change to CANDIDATE, lastRpcTime:74ms, electionTimeout:74ms
2019-10-21 22:02:33,130 [Thread-746] INFO  impl.RoleInfo (RoleInfo.java:shutdownFollowerState(121)) - a26a9f1d-c528-4494-83e5-475827f7720e: shutdown FollowerState
2019-10-21 22:02:33,130 [Thread-746] INFO  impl.RaftServerImpl (RaftServerImpl.java:setRole(184)) - a26a9f1d-c528-4494-83e5-475827f7720e@group-5E7A11E15B06: changes role from  FOLLOWER to CANDIDATE at term 29 for changeToCandidate
2019-10-21 22:02:33,130 [Thread-746] INFO  impl.RoleInfo (RoleInfo.java:updateAndGet(143)) - a26a9f1d-c528-4494-83e5-475827f7720e: start LeaderElection
2019-10-21 22:02:33,149 [a26a9f1d-c528-4494-83e5-475827f7720e@group-5E7A11E15B06-LeaderElection33] INFO  impl.LeaderElection (LeaderElection.java:askForVotes(178)) - a26a9f1d-c528-4494-83e5-475827f7720e@group-5E7A11E15B06-LeaderElection33: begin an election at term 30 for 0: [a26a9f1d-c528-4494-83e5-475827f7720e:192.168.69.92:46217, a1036450-74c2-4405-b4f8-7a994af8c84a:192.168.69.92:36225, 95d3bce6-5996-460d-8578-b7f952c18b9c:192.168.69.92:41231], old=null
2019-10-21 22:02:33,151 [grpc-default-executor-2] INFO  impl.RaftServerImpl (RaftServerImpl.java:setRole(184)) - 95d3bce6-5996-460d-8578-b7f952c18b9c@group-5E7A11E15B06: changes role from  FOLLOWER to FOLLOWER at term 30 for recognizeCandidate:a26a9f1d-c528-4494-83e5-475827f7720e
2019-10-21 22:02:33,151 [grpc-default-executor-6] INFO  impl.RaftServerImpl (RaftServerImpl.java:setRole(184)) - a1036450-74c2-4405-b4f8-7a994af8c84a@group-5E7A11E15B06: changes role from  FOLLOWER to FOLLOWER at term 30 for recognizeCandidate:a26a9f1d-c528-4494-83e5-475827f7720e
2019-10-21 22:02:33,151 [grpc-default-executor-2] INFO  impl.RoleInfo (RoleInfo.java:shutdownFollowerState(121)) - 95d3bce6-5996-460d-8578-b7f952c18b9c: shutdown FollowerState
2019-10-21 22:02:33,151 [grpc-default-executor-6] INFO  impl.RoleInfo (RoleInfo.java:shutdownFollowerState(121)) - a1036450-74c2-4405-b4f8-7a994af8c84a: shutdown FollowerState
2019-10-21 22:02:33,152 [Thread-744] INFO  impl.FollowerState (FollowerState.java:run(117)) - 95d3bce6-5996-460d-8578-b7f952c18b9c@group-5E7A11E15B06-FollowerState was interrupted: java.lang.InterruptedException: sleep interrupted
2019-10-21 22:02:33,152 [grpc-default-executor-2] INFO  impl.RoleInfo (RoleInfo.java:updateAndGet(143)) - 95d3bce6-5996-460d-8578-b7f952c18b9c: start FollowerState
2019-10-21 22:02:33,152 [Thread-745] INFO  impl.FollowerState (FollowerState.java:run(117)) - a1036450-74c2-4405-b4f8-7a994af8c84a@group-5E7A11E15B06-FollowerState was interrupted: java.lang.InterruptedException: sleep interrupted
2019-10-21 22:02:33,152 [grpc-default-executor-6] INFO  impl.RoleInfo (RoleInfo.java:updateAndGet(143)) - a1036450-74c2-4405-b4f8-7a994af8c84a: start FollowerState
2019-10-21 22:02:33,163 [a26a9f1d-c528-4494-83e5-475827f7720e@group-5E7A11E15B06-LeaderElection33] INFO  impl.LeaderElection (LeaderElection.java:logAndReturn(56)) - a26a9f1d-c528-4494-83e5-475827f7720e@group-5E7A11E15B06-LeaderElection33: Election REJECTED; received 2 response(s) [a26a9f1d-c528-4494-83e5-475827f7720e<-a1036450-74c2-4405-b4f8-7a994af8c84a#0:FAIL-t30, a26a9f1d-c528-4494-83e5-475827f7720e<-95d3bce6-5996-460d-8578-b7f952c18b9c#0:FAIL-t30] and 0 exception(s); a26a9f1d-c528-4494-83e5-475827f7720e@group-5E7A11E15B06:t30, leader=null, voted=a26a9f1d-c528-4494-83e5-475827f7720e, raftlog=a26a9f1d-c528-4494-83e5-475827f7720e@group-5E7A11E15B06-SegmentedRaftLog:OPENED:c3,f4,i4, conf=0: [a26a9f1d-c528-4494-83e5-475827f7720e:192.168.69.92:46217, a1036450-74c2-4405-b4f8-7a994af8c84a:192.168.69.92:36225, 95d3bce6-5996-460d-8578-b7f952c18b9c:192.168.69.92:41231], old=null
2019-10-21 22:02:33,163 [a26a9f1d-c528-4494-83e5-475827f7720e@group-5E7A11E15B06-LeaderElection33] INFO  impl.RaftServerImpl (RaftServerImpl.java:setRole(184)) - a26a9f1d-c528-4494-83e5-475827f7720e@group-5E7A11E15B06: changes role from CANDIDATE to FOLLOWER at term 30 for DISCOVERED_A_NEW_TERM
2019-10-21 22:02:33,163 [a26a9f1d-c528-4494-83e5-475827f7720e@group-5E7A11E15B06-LeaderElection33] INFO  impl.RoleInfo (RoleInfo.java:shutdownLeaderElection(134)) - a26a9f1d-c528-4494-83e5-475827f7720e: shutdown LeaderElection
2019-10-21 22:02:33,163 [a26a9f1d-c528-4494-83e5-475827f7720e@group-5E7A11E15B06-LeaderElection33] INFO  impl.RoleInfo (RoleInfo.java:updateAndGet(143)) - a26a9f1d-c528-4494-83e5-475827f7720e: start FollowerState
2019-10-21 22:02:33,272 [Thread-752] INFO  impl.FollowerState (FollowerState.java:run(108)) - a26a9f1d-c528-4494-83e5-475827f7720e@group-5E7A11E15B06-FollowerState: change to CANDIDATE, lastRpcTime:108ms, electionTimeout:108ms
2019-10-21 22:02:33,273 [Thread-752] INFO  impl.RoleInfo (RoleInfo.java:shutdownFollowerState(121)) - a26a9f1d-c528-4494-83e5-475827f7720e: shutdown FollowerState
2019-10-21 22:02:33,273 [Thread-752] INFO  impl.RaftServerImpl (RaftServerImpl.java:setRole(184)) - a26a9f1d-c528-4494-83e5-475827f7720e@group-5E7A11E15B06: changes role from  FOLLOWER to CANDIDATE at term 30 for changeToCandidate
2019-10-21 22:02:33,274 [Thread-752] INFO  impl.RoleInfo (RoleInfo.java:updateAndGet(143)) - a26a9f1d-c528-4494-83e5-475827f7720e: start LeaderElection
2019-10-21 22:02:33,288 [a26a9f1d-c528-4494-83e5-475827f7720e@group-5E7A11E15B06-LeaderElection34] INFO  impl.LeaderElection (LeaderElection.java:askForVotes(178)) - a26a9f1d-c528-4494-83e5-475827f7720e@group-5E7A11E15B06-LeaderElection34: begin an election at term 31 for 0: [a26a9f1d-c528-4494-83e5-475827f7720e:192.168.69.92:46217, a1036450-74c2-4405-b4f8-7a994af8c84a:192.168.69.92:36225, 95d3bce6-5996-460d-8578-b7f952c18b9c:192.168.69.92:41231], old=null
2019-10-21 22:02:33,291 [grpc-default-executor-2] INFO  impl.RaftServerImpl (RaftServerImpl.java:setRole(184)) - 95d3bce6-5996-460d-8578-b7f952c18b9c@group-5E7A11E15B06: changes role from  FOLLOWER to FOLLOWER at term 31 for recognizeCandidate:a26a9f1d-c528-4494-83e5-475827f7720e
2019-10-21 22:02:33,291 [grpc-default-executor-6] INFO  impl.RaftServerImpl (RaftServerImpl.java:setRole(184)) - a1036450-74c2-4405-b4f8-7a994af8c84a@group-5E7A11E15B06: changes role from  FOLLOWER to FOLLOWER at term 31 for recognizeCandidate:a26a9f1d-c528-4494-83e5-475827f7720e
2019-10-21 22:02:33,291 [grpc-default-executor-2] INFO  impl.RoleInfo (RoleInfo.java:shutdownFollowerState(121)) - 95d3bce6-5996-460d-8578-b7f952c18b9c: shutdown FollowerState
2019-10-21 22:02:33,291 [grpc-default-executor-6] INFO  impl.RoleInfo (RoleInfo.java:shutdownFollowerState(121)) - a1036450-74c2-4405-b4f8-7a994af8c84a: shutdown FollowerState
2019-10-21 22:02:33,291 [Thread-750] INFO  impl.FollowerState (FollowerState.java:run(117)) - 95d3bce6-5996-460d-8578-b7f952c18b9c@group-5E7A11E15B06-FollowerState was interrupted: java.lang.InterruptedException: sleep interrupted
2019-10-21 22:02:33,291 [grpc-default-executor-2] INFO  impl.RoleInfo (RoleInfo.java:updateAndGet(143)) - 95d3bce6-5996-460d-8578-b7f952c18b9c: start FollowerState
2019-10-21 22:02:33,291 [Thread-751] INFO  impl.FollowerState (FollowerState.java:run(117)) - a1036450-74c2-4405-b4f8-7a994af8c84a@group-5E7A11E15B06-FollowerState was interrupted: java.lang.InterruptedException: sleep interrupted
2019-10-21 22:02:33,291 [grpc-default-executor-6] INFO  impl.RoleInfo (RoleInfo.java:updateAndGet(143)) - a1036450-74c2-4405-b4f8-7a994af8c84a: start FollowerState
2019-10-21 22:02:33,294 [EventQueue-PendingDeleteStatusForPendingDeleteHandler] INFO  block.SCMBlockDeletingService (SCMBlockDeletingService.java:handlePendingDeletes(115)) - Block deletion txnID mismatch in datanode a26a9f1d-c528-4494-83e5-475827f7720e for containerID 1. Datanode delete txnID: 0, SCM txnID: 1
2019-10-21 22:02:33,301 [a26a9f1d-c528-4494-83e5-475827f7720e@group-5E7A11E15B06-LeaderElection34] INFO  impl.LeaderElection (LeaderElection.java:logAndReturn(56)) - a26a9f1d-c528-4494-83e5-475827f7720e@group-5E7A11E15B06-LeaderElection34: Election REJECTED; received 2 response(s) [a26a9f1d-c528-4494-83e5-475827f7720e<-a1036450-74c2-4405-b4f8-7a994af8c84a#0:FAIL-t31, a26a9f1d-c528-4494-83e5-475827f7720e<-95d3bce6-5996-460d-8578-b7f952c18b9c#0:FAIL-t31] and 0 exception(s); a26a9f1d-c528-4494-83e5-475827f7720e@group-5E7A11E15B06:t31, leader=null, voted=a26a9f1d-c528-4494-83e5-475827f7720e, raftlog=a26a9f1d-c528-4494-83e5-475827f7720e@group-5E7A11E15B06-SegmentedRaftLog:OPENED:c3,f4,i4, conf=0: [a26a9f1d-c528-4494-83e5-475827f7720e:192.168.69.92:46217, a1036450-74c2-4405-b4f8-7a994af8c84a:192.168.69.92:36225, 95d3bce6-5996-460d-8578-b7f952c18b9c:192.168.69.92:41231], old=null
2019-10-21 22:02:33,301 [a26a9f1d-c528-4494-83e5-475827f7720e@group-5E7A11E15B06-LeaderElection34] INFO  impl.RaftServerImpl (RaftServerImpl.java:setRole(184)) - a26a9f1d-c528-4494-83e5-475827f7720e@group-5E7A11E15B06: changes role from CANDIDATE to FOLLOWER at term 31 for DISCOVERED_A_NEW_TERM
2019-10-21 22:02:33,301 [a26a9f1d-c528-4494-83e5-475827f7720e@group-5E7A11E15B06-LeaderElection34] INFO  impl.RoleInfo (RoleInfo.java:shutdownLeaderElection(134)) - a26a9f1d-c528-4494-83e5-475827f7720e: shutdown LeaderElection
2019-10-21 22:02:33,301 [a26a9f1d-c528-4494-83e5-475827f7720e@group-5E7A11E15B06-LeaderElection34] INFO  impl.RoleInfo (RoleInfo.java:updateAndGet(143)) - a26a9f1d-c528-4494-83e5-475827f7720e: start FollowerState
2019-10-21 22:02:33,375 [Thread-758] INFO  impl.FollowerState (FollowerState.java:run(108)) - a26a9f1d-c528-4494-83e5-475827f7720e@group-5E7A11E15B06-FollowerState: change to CANDIDATE, lastRpcTime:73ms, electionTimeout:73ms
2019-10-21 22:02:33,376 [Thread-758] INFO  impl.RoleInfo (RoleInfo.java:shutdownFollowerState(121)) - a26a9f1d-c528-4494-83e5-475827f7720e: shutdown FollowerState
2019-10-21 22:02:33,376 [Thread-758] INFO  impl.RaftServerImpl (RaftServerImpl.java:setRole(184)) - a26a9f1d-c528-4494-83e5-475827f7720e@group-5E7A11E15B06: changes role from  FOLLOWER to CANDIDATE at term 31 for changeToCandidate
2019-10-21 22:02:33,376 [Thread-758] INFO  impl.RoleInfo (RoleInfo.java:updateAndGet(143)) - a26a9f1d-c528-4494-83e5-475827f7720e: start LeaderElection
2019-10-21 22:02:33,393 [grpc-default-executor-6] INFO  impl.RaftServerProxy (RaftServerProxy.java:addNew(89)) - a26a9f1d-c528-4494-83e5-475827f7720e: addNew group-40346D193255:[a26a9f1d-c528-4494-83e5-475827f7720e:192.168.69.92:46217] returns group-40346D193255:java.util.concurrent.CompletableFuture@56c15af3[Not completed]
2019-10-21 22:02:33,394 [a26a9f1d-c528-4494-83e5-475827f7720e@group-5E7A11E15B06-LeaderElection35] INFO  impl.LeaderElection (LeaderElection.java:askForVotes(178)) - a26a9f1d-c528-4494-83e5-475827f7720e@group-5E7A11E15B06-LeaderElection35: begin an election at term 32 for 0: [a26a9f1d-c528-4494-83e5-475827f7720e:192.168.69.92:46217, a1036450-74c2-4405-b4f8-7a994af8c84a:192.168.69.92:36225, 95d3bce6-5996-460d-8578-b7f952c18b9c:192.168.69.92:41231], old=null
2019-10-21 22:02:33,395 [pool-59-thread-1] INFO  impl.RaftServerImpl (RaftServerImpl.java:<init>(104)) - a26a9f1d-c528-4494-83e5-475827f7720e: new RaftServerImpl for group-40346D193255:[a26a9f1d-c528-4494-83e5-475827f7720e:192.168.69.92:46217] with ContainerStateMachine:uninitialized
2019-10-21 22:02:33,395 [pool-59-thread-1] INFO  server.RaftServerConfigKeys (ConfUtils.java:logGet(43)) - raft.server.rpc.timeout.min = 5s (custom)
2019-10-21 22:02:33,395 [pool-59-thread-1] INFO  server.RaftServerConfigKeys (ConfUtils.java:logGet(43)) - raft.server.rpc.timeout.max = 5200ms (custom)
2019-10-21 22:02:33,396 [pool-59-thread-1] INFO  server.RaftServerConfigKeys (ConfUtils.java:logGet(43)) - raft.server.rpcslowness.timeout = 1000s (custom)
2019-10-21 22:02:33,396 [grpc-default-executor-6] INFO  impl.RaftServerImpl (RaftServerImpl.java:setRole(184)) - a1036450-74c2-4405-b4f8-7a994af8c84a@group-5E7A11E15B06: changes role from  FOLLOWER to FOLLOWER at term 32 for recognizeCandidate:a26a9f1d-c528-4494-83e5-475827f7720e
2019-10-21 22:02:33,396 [pool-59-thread-1] INFO  server.RaftServerConfigKeys (ConfUtils.java:logGet(43)) - raft.server.sleep.deviation.threshold = 300 (default)
2019-10-21 22:02:33,396 [grpc-default-executor-6] INFO  impl.RoleInfo (RoleInfo.java:shutdownFollowerState(121)) - a1036450-74c2-4405-b4f8-7a994af8c84a: shutdown FollowerState
2019-10-21 22:02:33,396 [pool-59-thread-1] INFO  server.RaftServerConfigKeys (ConfUtils.java:logGet(43)) - raft.server.log.appender.install.snapshot.enabled = false (custom)
2019-10-21 22:02:33,396 [grpc-default-executor-2] INFO  impl.RaftServerImpl (RaftServerImpl.java:setRole(184)) - 95d3bce6-5996-460d-8578-b7f952c18b9c@group-5E7A11E15B06: changes role from  FOLLOWER to FOLLOWER at term 32 for recognizeCandidate:a26a9f1d-c528-4494-83e5-475827f7720e
2019-10-21 22:02:33,396 [pool-59-thread-1] INFO  impl.RaftServerImpl (ServerState.java:<init>(103)) - a26a9f1d-c528-4494-83e5-475827f7720e@group-40346D193255: ConfigurationManager, init=-1: [a26a9f1d-c528-4494-83e5-475827f7720e:192.168.69.92:46217], old=null, confs=<EMPTY_MAP>
2019-10-21 22:02:33,396 [Thread-757] INFO  impl.FollowerState (FollowerState.java:run(117)) - a1036450-74c2-4405-b4f8-7a994af8c84a@group-5E7A11E15B06-FollowerState was interrupted: java.lang.InterruptedException: sleep interrupted
2019-10-21 22:02:33,397 [pool-59-thread-1] INFO  server.RaftServerConfigKeys (ConfUtils.java:logGet(43)) - raft.server.storage.dir = [/workdir/hadoop-ozone/integration-test/target/test-dir/MiniOzoneClusterImpl-18cca4e0-1166-4b57-9da5-bc6c79423f4b/datanode-1/data/ratis] (custom)
2019-10-21 22:02:33,396 [grpc-default-executor-6] INFO  impl.RoleInfo (RoleInfo.java:updateAndGet(143)) - a1036450-74c2-4405-b4f8-7a994af8c84a: start FollowerState
2019-10-21 22:02:33,396 [grpc-default-executor-2] INFO  impl.RoleInfo (RoleInfo.java:shutdownFollowerState(121)) - 95d3bce6-5996-460d-8578-b7f952c18b9c: shutdown FollowerState
2019-10-21 22:02:33,397 [pool-59-thread-1] INFO  server.RaftServerConfigKeys (ConfUtils.java:logGet(43)) - raft.server.log.corruption.policy = EXCEPTION (default)
2019-10-21 22:02:33,397 [pool-59-thread-1] INFO  storage.RaftStorageDirectory (RaftStorageDirectory.java:analyzeStorage(246)) - The storage directory /workdir/hadoop-ozone/integration-test/target/test-dir/MiniOzoneClusterImpl-18cca4e0-1166-4b57-9da5-bc6c79423f4b/datanode-1/data/ratis/e36bfc13-0ed3-4025-8ac1-40346d193255 does not exist. Creating ...
2019-10-21 22:02:33,397 [Thread-756] INFO  impl.FollowerState (FollowerState.java:run(117)) - 95d3bce6-5996-460d-8578-b7f952c18b9c@group-5E7A11E15B06-FollowerState was interrupted: java.lang.InterruptedException: sleep interrupted
2019-10-21 22:02:33,397 [grpc-default-executor-2] INFO  impl.RoleInfo (RoleInfo.java:updateAndGet(143)) - 95d3bce6-5996-460d-8578-b7f952c18b9c: start FollowerState
2019-10-21 22:02:33,405 [pool-59-thread-1] INFO  storage.RaftStorageDirectory (RaftStorageDirectory.java:tryLock(328)) - Lock on /workdir/hadoop-ozone/integration-test/target/test-dir/MiniOzoneClusterImpl-18cca4e0-1166-4b57-9da5-bc6c79423f4b/datanode-1/data/ratis/e36bfc13-0ed3-4025-8ac1-40346d193255/in_use.lock acquired by nodename 9635@pr-hdds-2240-577ml-2645996955
2019-10-21 22:02:33,406 [a26a9f1d-c528-4494-83e5-475827f7720e@group-5E7A11E15B06-LeaderElection35] INFO  impl.LeaderElection (LeaderElection.java:logAndReturn(56)) - a26a9f1d-c528-4494-83e5-475827f7720e@group-5E7A11E15B06-LeaderElection35: Election REJECTED; received 2 response(s) [a26a9f1d-c528-4494-83e5-475827f7720e<-a1036450-74c2-4405-b4f8-7a994af8c84a#0:FAIL-t32, a26a9f1d-c528-4494-83e5-475827f7720e<-95d3bce6-5996-460d-8578-b7f952c18b9c#0:FAIL-t32] and 0 exception(s); a26a9f1d-c528-4494-83e5-475827f7720e@group-5E7A11E15B06:t32, leader=null, voted=a26a9f1d-c528-4494-83e5-475827f7720e, raftlog=a26a9f1d-c528-4494-83e5-475827f7720e@group-5E7A11E15B06-SegmentedRaftLog:OPENED:c3,f4,i4, conf=0: [a26a9f1d-c528-4494-83e5-475827f7720e:192.168.69.92:46217, a1036450-74c2-4405-b4f8-7a994af8c84a:192.168.69.92:36225, 95d3bce6-5996-460d-8578-b7f952c18b9c:192.168.69.92:41231], old=null
2019-10-21 22:02:33,406 [a26a9f1d-c528-4494-83e5-475827f7720e@group-5E7A11E15B06-LeaderElection35] INFO  impl.RaftServerImpl (RaftServerImpl.java:setRole(184)) - a26a9f1d-c528-4494-83e5-475827f7720e@group-5E7A11E15B06: changes role from CANDIDATE to FOLLOWER at term 32 for DISCOVERED_A_NEW_TERM
2019-10-21 22:02:33,406 [a26a9f1d-c528-4494-83e5-475827f7720e@group-5E7A11E15B06-LeaderElection35] INFO  impl.RoleInfo (RoleInfo.java:shutdownLeaderElection(134)) - a26a9f1d-c528-4494-83e5-475827f7720e: shutdown LeaderElection
2019-10-21 22:02:33,407 [a26a9f1d-c528-4494-83e5-475827f7720e@group-5E7A11E15B06-LeaderElection35] INFO  impl.RoleInfo (RoleInfo.java:updateAndGet(143)) - a26a9f1d-c528-4494-83e5-475827f7720e: start FollowerState
2019-10-21 22:02:33,409 [pool-59-thread-1] INFO  storage.RaftStorage (RaftStorage.java:format(84)) - Storage directory /workdir/hadoop-ozone/integration-test/target/test-dir/MiniOzoneClusterImpl-18cca4e0-1166-4b57-9da5-bc6c79423f4b/datanode-1/data/ratis/e36bfc13-0ed3-4025-8ac1-40346d193255 has been successfully formatted.
2019-10-21 22:02:33,421 [pool-59-thread-1] INFO  ratis.ContainerStateMachine (ContainerStateMachine.java:loadSnapshot(231)) - group-40346D193255: The snapshot info is null. Setting the last applied indexto:(t:0, i:~)
2019-10-21 22:02:33,421 [pool-59-thread-1] INFO  server.RaftServerConfigKeys (ConfUtils.java:logGet(43)) - raft.server.notification.no-leader.timeout = 1000s (custom)
2019-10-21 22:02:33,421 [pool-59-thread-1] INFO  server.RaftServerConfigKeys (ConfUtils.java:logGet(43)) - raft.server.log.use.memory = false (default)
2019-10-21 22:02:33,421 [pool-59-thread-1] INFO  server.RaftServerConfigKeys (ConfUtils.java:logGet(43)) - raft.server.log.purge.gap = 1000000 (custom)
2019-10-21 22:02:33,421 [pool-59-thread-1] INFO  server.RaftServerConfigKeys (ConfUtils.java:logGet(43)) - raft.server.log.appender.buffer.byte-limit = 33554432 (custom)
2019-10-21 22:02:33,421 [pool-59-thread-1] INFO  server.RaftServerConfigKeys (ConfUtils.java:logGet(43)) - raft.server.log.segment.size.max = 1048576 (custom)
2019-10-21 22:02:33,422 [pool-59-thread-1] INFO  server.RaftServerConfigKeys (ConfUtils.java:logGet(43)) - raft.server.log.segment.cache.num.max = 2 (custom)
2019-10-21 22:02:33,422 [pool-59-thread-1] INFO  segmented.SegmentedRaftLogWorker (SegmentedRaftLogWorker.java:<init>(173)) - new a26a9f1d-c528-4494-83e5-475827f7720e@group-40346D193255-SegmentedRaftLogWorker for RaftStorage:Storage Directory /workdir/hadoop-ozone/integration-test/target/test-dir/MiniOzoneClusterImpl-18cca4e0-1166-4b57-9da5-bc6c79423f4b/datanode-1/data/ratis/e36bfc13-0ed3-4025-8ac1-40346d193255
2019-10-21 22:02:33,422 [pool-59-thread-1] INFO  server.RaftServerConfigKeys (ConfUtils.java:logGet(43)) - raft.server.log.queue.byte-limit = 2147483647 (custom)
2019-10-21 22:02:33,422 [pool-59-thread-1] INFO  server.RaftServerConfigKeys (ConfUtils.java:logGet(43)) - raft.server.log.queue.element-limit = 1024 (custom)
2019-10-21 22:02:33,422 [pool-59-thread-1] INFO  server.RaftServerConfigKeys (ConfUtils.java:logGet(43)) - raft.server.log.segment.size.max = 1048576 (custom)
2019-10-21 22:02:33,422 [pool-59-thread-1] INFO  server.RaftServerConfigKeys (ConfUtils.java:logGet(43)) - raft.server.log.preallocated.size = 16384 (custom)
2019-10-21 22:02:33,422 [pool-59-thread-1] INFO  server.RaftServerConfigKeys (ConfUtils.java:logGet(43)) - raft.server.log.write.buffer.size = 33554432 (custom)
2019-10-21 22:02:33,422 [pool-59-thread-1] INFO  server.RaftServerConfigKeys (ConfUtils.java:logGet(43)) - raft.server.log.force.sync.num = 128 (default)
2019-10-21 22:02:33,422 [pool-59-thread-1] INFO  server.RaftServerConfigKeys (ConfUtils.java:logGet(43)) - raft.server.log.statemachine.data.sync = true (default)
2019-10-21 22:02:33,422 [pool-59-thread-1] INFO  server.RaftServerConfigKeys (ConfUtils.java:logGet(43)) - raft.server.log.statemachine.data.sync.timeout = 10s (default)
2019-10-21 22:02:33,422 [pool-59-thread-1] INFO  server.RaftServerConfigKeys (ConfUtils.java:logGet(43)) - raft.server.log.statemachine.data.sync.timeout.retry = -1 (default)
2019-10-21 22:02:33,423 [pool-59-thread-1] INFO  server.RaftServerConfigKeys (ConfUtils.java:logGet(43)) - raft.server.log.statemachine.data.caching.enabled = true (custom)
2019-10-21 22:02:33,423 [pool-59-thread-1] INFO  segmented.SegmentedRaftLogWorker (SegmentedRaftLogWorker.java:lambda$new$0(128)) - a26a9f1d-c528-4494-83e5-475827f7720e@group-40346D193255-SegmentedRaftLogWorker: flushIndex: setUnconditionally 0 -> -1
2019-10-21 22:02:33,423 [pool-59-thread-1] INFO  server.RaftServerConfigKeys (ConfUtils.java:logGet(43)) - raft.server.snapshot.auto.trigger.enabled = true (custom)
2019-10-21 22:02:33,423 [pool-59-thread-1] INFO  server.RaftServerConfigKeys (ConfUtils.java:logGet(43)) - raft.server.snapshot.auto.trigger.threshold = 10000 (custom)
2019-10-21 22:02:33,424 [pool-59-thread-1] INFO  server.RaftServerConfigKeys (ConfUtils.java:logGet(43)) - raft.server.snapshot.retention.file.num = 5 (custom)
2019-10-21 22:02:33,424 [pool-59-thread-1] INFO  server.RaftServerConfigKeys (ConfUtils.java:logGet(43)) - raft.server.retrycache.expirytime = 600000ms (custom)
2019-10-21 22:02:33,427 [pool-59-thread-1] INFO  impl.RaftServerImpl (RaftServerImpl.java:start(195)) - a26a9f1d-c528-4494-83e5-475827f7720e@group-40346D193255: start as a follower, conf=-1: [a26a9f1d-c528-4494-83e5-475827f7720e:192.168.69.92:46217], old=null
2019-10-21 22:02:33,427 [pool-59-thread-1] INFO  impl.RaftServerImpl (RaftServerImpl.java:setRole(184)) - a26a9f1d-c528-4494-83e5-475827f7720e@group-40346D193255: changes role from      null to FOLLOWER at term 0 for startAsFollower
2019-10-21 22:02:33,427 [pool-59-thread-1] INFO  impl.RoleInfo (RoleInfo.java:updateAndGet(143)) - a26a9f1d-c528-4494-83e5-475827f7720e: start FollowerState
2019-10-21 22:02:33,427 [pool-59-thread-1] INFO  util.JmxRegister (JmxRegister.java:tryRegister(44)) - Successfully registered JMX Bean with object name Ratis:service=RaftServer,group=group-40346D193255,id=a26a9f1d-c528-4494-83e5-475827f7720e
2019-10-21 22:02:33,433 [RatisPipelineUtilsThread] INFO  pipeline.PipelineStateManager (PipelineStateManager.java:addPipeline(56)) - Created pipeline Pipeline[ Id: e36bfc13-0ed3-4025-8ac1-40346d193255, Nodes: a26a9f1d-c528-4494-83e5-475827f7720e{ip: 192.168.69.92, host: pr-hdds-2240-577ml-2645996955, networkLocation: /default-rack, certSerialId: null}, Type:RATIS, Factor:ONE, State:OPEN]
2019-10-21 22:02:33,447 [grpc-default-executor-1] INFO  impl.RaftServerProxy (RaftServerProxy.java:addNew(89)) - a26a9f1d-c528-4494-83e5-475827f7720e: addNew group-329C3DFFD832:[a26a9f1d-c528-4494-83e5-475827f7720e:192.168.69.92:46217, a1036450-74c2-4405-b4f8-7a994af8c84a:192.168.69.92:36225, 95d3bce6-5996-460d-8578-b7f952c18b9c:192.168.69.92:41231] returns group-329C3DFFD832:java.util.concurrent.CompletableFuture@5b49744[Not completed]
2019-10-21 22:02:33,447 [grpc-default-executor-6] INFO  impl.RaftServerProxy (RaftServerProxy.java:addNew(89)) - 95d3bce6-5996-460d-8578-b7f952c18b9c: addNew group-329C3DFFD832:[a26a9f1d-c528-4494-83e5-475827f7720e:192.168.69.92:46217, a1036450-74c2-4405-b4f8-7a994af8c84a:192.168.69.92:36225, 95d3bce6-5996-460d-8578-b7f952c18b9c:192.168.69.92:41231] returns group-329C3DFFD832:java.util.concurrent.CompletableFuture@663409d[Not completed]
2019-10-21 22:02:33,447 [grpc-default-executor-2] INFO  impl.RaftServerProxy (RaftServerProxy.java:addNew(89)) - a1036450-74c2-4405-b4f8-7a994af8c84a: addNew group-329C3DFFD832:[a26a9f1d-c528-4494-83e5-475827f7720e:192.168.69.92:46217, a1036450-74c2-4405-b4f8-7a994af8c84a:192.168.69.92:36225, 95d3bce6-5996-460d-8578-b7f952c18b9c:192.168.69.92:41231] returns group-329C3DFFD832:java.util.concurrent.CompletableFuture@6e967071[Not completed]
2019-10-21 22:02:33,448 [pool-59-thread-1] INFO  impl.RaftServerImpl (RaftServerImpl.java:<init>(104)) - a26a9f1d-c528-4494-83e5-475827f7720e: new RaftServerImpl for group-329C3DFFD832:[a26a9f1d-c528-4494-83e5-475827f7720e:192.168.69.92:46217, a1036450-74c2-4405-b4f8-7a994af8c84a:192.168.69.92:36225, 95d3bce6-5996-460d-8578-b7f952c18b9c:192.168.69.92:41231] with ContainerStateMachine:uninitialized
2019-10-21 22:02:33,448 [pool-59-thread-1] INFO  server.RaftServerConfigKeys (ConfUtils.java:logGet(43)) - raft.server.rpc.timeout.min = 5s (custom)
2019-10-21 22:02:33,449 [pool-59-thread-1] INFO  server.RaftServerConfigKeys (ConfUtils.java:logGet(43)) - raft.server.rpc.timeout.max = 5200ms (custom)
2019-10-21 22:02:33,449 [pool-59-thread-1] INFO  server.RaftServerConfigKeys (ConfUtils.java:logGet(43)) - raft.server.rpcslowness.timeout = 1000s (custom)
2019-10-21 22:02:33,449 [pool-59-thread-1] INFO  server.RaftServerConfigKeys (ConfUtils.java:logGet(43)) - raft.server.sleep.deviation.threshold = 300 (default)
2019-10-21 22:02:33,449 [pool-59-thread-1] INFO  server.RaftServerConfigKeys (ConfUtils.java:logGet(43)) - raft.server.log.appender.install.snapshot.enabled = false (custom)
2019-10-21 22:02:33,449 [pool-59-thread-1] INFO  impl.RaftServerImpl (ServerState.java:<init>(103)) - a26a9f1d-c528-4494-83e5-475827f7720e@group-329C3DFFD832: ConfigurationManager, init=-1: [a26a9f1d-c528-4494-83e5-475827f7720e:192.168.69.92:46217, a1036450-74c2-4405-b4f8-7a994af8c84a:192.168.69.92:36225, 95d3bce6-5996-460d-8578-b7f952c18b9c:192.168.69.92:41231], old=null, confs=<EMPTY_MAP>
2019-10-21 22:02:33,449 [pool-59-thread-1] INFO  server.RaftServerConfigKeys (ConfUtils.java:logGet(43)) - raft.server.storage.dir = [/workdir/hadoop-ozone/integration-test/target/test-dir/MiniOzoneClusterImpl-18cca4e0-1166-4b57-9da5-bc6c79423f4b/datanode-1/data/ratis] (custom)
2019-10-21 22:02:33,449 [pool-47-thread-1] INFO  impl.RaftServerImpl (RaftServerImpl.java:<init>(104)) - a1036450-74c2-4405-b4f8-7a994af8c84a: new RaftServerImpl for group-329C3DFFD832:[a26a9f1d-c528-4494-83e5-475827f7720e:192.168.69.92:46217, a1036450-74c2-4405-b4f8-7a994af8c84a:192.168.69.92:36225, 95d3bce6-5996-460d-8578-b7f952c18b9c:192.168.69.92:41231] with ContainerStateMachine:uninitialized
2019-10-21 22:02:33,449 [pool-47-thread-1] INFO  server.RaftServerConfigKeys (ConfUtils.java:logGet(43)) - raft.server.rpc.timeout.min = 5s (custom)
2019-10-21 22:02:33,449 [pool-59-thread-1] INFO  server.RaftServerConfigKeys (ConfUtils.java:logGet(43)) - raft.server.log.corruption.policy = EXCEPTION (default)
2019-10-21 22:02:33,449 [pool-47-thread-1] INFO  server.RaftServerConfigKeys (ConfUtils.java:logGet(43)) - raft.server.rpc.timeout.max = 5200ms (custom)
2019-10-21 22:02:33,449 [pool-59-thread-1] INFO  storage.RaftStorageDirectory (RaftStorageDirectory.java:analyzeStorage(246)) - The storage directory /workdir/hadoop-ozone/integration-test/target/test-dir/MiniOzoneClusterImpl-18cca4e0-1166-4b57-9da5-bc6c79423f4b/datanode-1/data/ratis/feedc60a-2808-4794-8c3a-329c3dffd832 does not exist. Creating ...
2019-10-21 22:02:33,449 [pool-47-thread-1] INFO  server.RaftServerConfigKeys (ConfUtils.java:logGet(43)) - raft.server.rpcslowness.timeout = 1000s (custom)
2019-10-21 22:02:33,449 [pool-27-thread-1] INFO  impl.RaftServerImpl (RaftServerImpl.java:<init>(104)) - 95d3bce6-5996-460d-8578-b7f952c18b9c: new RaftServerImpl for group-329C3DFFD832:[a26a9f1d-c528-4494-83e5-475827f7720e:192.168.69.92:46217, a1036450-74c2-4405-b4f8-7a994af8c84a:192.168.69.92:36225, 95d3bce6-5996-460d-8578-b7f952c18b9c:192.168.69.92:41231] with ContainerStateMachine:uninitialized
2019-10-21 22:02:33,450 [pool-47-thread-1] INFO  server.RaftServerConfigKeys (ConfUtils.java:logGet(43)) - raft.server.sleep.deviation.threshold = 300 (default)
2019-10-21 22:02:33,450 [pool-27-thread-1] INFO  server.RaftServerConfigKeys (ConfUtils.java:logGet(43)) - raft.server.rpc.timeout.min = 5s (custom)
2019-10-21 22:02:33,450 [pool-47-thread-1] INFO  server.RaftServerConfigKeys (ConfUtils.java:logGet(43)) - raft.server.log.appender.install.snapshot.enabled = false (custom)
2019-10-21 22:02:33,450 [pool-27-thread-1] INFO  server.RaftServerConfigKeys (ConfUtils.java:logGet(43)) - raft.server.rpc.timeout.max = 5200ms (custom)
2019-10-21 22:02:33,450 [pool-47-thread-1] INFO  impl.RaftServerImpl (ServerState.java:<init>(103)) - a1036450-74c2-4405-b4f8-7a994af8c84a@group-329C3DFFD832: ConfigurationManager, init=-1: [a26a9f1d-c528-4494-83e5-475827f7720e:192.168.69.92:46217, a1036450-74c2-4405-b4f8-7a994af8c84a:192.168.69.92:36225, 95d3bce6-5996-460d-8578-b7f952c18b9c:192.168.69.92:41231], old=null, confs=<EMPTY_MAP>
2019-10-21 22:02:33,450 [pool-27-thread-1] INFO  server.RaftServerConfigKeys (ConfUtils.java:logGet(43)) - raft.server.rpcslowness.timeout = 1000s (custom)
2019-10-21 22:02:33,450 [pool-47-thread-1] INFO  server.RaftServerConfigKeys (ConfUtils.java:logGet(43)) - raft.server.storage.dir = [/workdir/hadoop-ozone/integration-test/target/test-dir/MiniOzoneClusterImpl-18cca4e0-1166-4b57-9da5-bc6c79423f4b/datanode-2/data/ratis] (custom)
2019-10-21 22:02:33,450 [pool-27-thread-1] INFO  server.RaftServerConfigKeys (ConfUtils.java:logGet(43)) - raft.server.sleep.deviation.threshold = 300 (default)
2019-10-21 22:02:33,450 [pool-27-thread-1] INFO  server.RaftServerConfigKeys (ConfUtils.java:logGet(43)) - raft.server.log.appender.install.snapshot.enabled = false (custom)
2019-10-21 22:02:33,450 [pool-47-thread-1] INFO  server.RaftServerConfigKeys (ConfUtils.java:logGet(43)) - raft.server.log.corruption.policy = EXCEPTION (default)
2019-10-21 22:02:33,450 [pool-27-thread-1] INFO  impl.RaftServerImpl (ServerState.java:<init>(103)) - 95d3bce6-5996-460d-8578-b7f952c18b9c@group-329C3DFFD832: ConfigurationManager, init=-1: [a26a9f1d-c528-4494-83e5-475827f7720e:192.168.69.92:46217, a1036450-74c2-4405-b4f8-7a994af8c84a:192.168.69.92:36225, 95d3bce6-5996-460d-8578-b7f952c18b9c:192.168.69.92:41231], old=null, confs=<EMPTY_MAP>
2019-10-21 22:02:33,450 [pool-27-thread-1] INFO  server.RaftServerConfigKeys (ConfUtils.java:logGet(43)) - raft.server.storage.dir = [/workdir/hadoop-ozone/integration-test/target/test-dir/MiniOzoneClusterImpl-18cca4e0-1166-4b57-9da5-bc6c79423f4b/datanode-0/data/ratis] (custom)
2019-10-21 22:02:33,450 [pool-47-thread-1] INFO  storage.RaftStorageDirectory (RaftStorageDirectory.java:analyzeStorage(246)) - The storage directory /workdir/hadoop-ozone/integration-test/target/test-dir/MiniOzoneClusterImpl-18cca4e0-1166-4b57-9da5-bc6c79423f4b/datanode-2/data/ratis/feedc60a-2808-4794-8c3a-329c3dffd832 does not exist. Creating ...
2019-10-21 22:02:33,451 [pool-27-thread-1] INFO  server.RaftServerConfigKeys (ConfUtils.java:logGet(43)) - raft.server.log.corruption.policy = EXCEPTION (default)
2019-10-21 22:02:33,451 [pool-27-thread-1] INFO  storage.RaftStorageDirectory (RaftStorageDirectory.java:analyzeStorage(246)) - The storage directory /workdir/hadoop-ozone/integration-test/target/test-dir/MiniOzoneClusterImpl-18cca4e0-1166-4b57-9da5-bc6c79423f4b/datanode-0/data/ratis/feedc60a-2808-4794-8c3a-329c3dffd832 does not exist. Creating ...
2019-10-21 22:02:33,476 [pool-47-thread-1] INFO  storage.RaftStorageDirectory (RaftStorageDirectory.java:tryLock(328)) - Lock on /workdir/hadoop-ozone/integration-test/target/test-dir/MiniOzoneClusterImpl-18cca4e0-1166-4b57-9da5-bc6c79423f4b/datanode-2/data/ratis/feedc60a-2808-4794-8c3a-329c3dffd832/in_use.lock acquired by nodename 9635@pr-hdds-2240-577ml-2645996955
2019-10-21 22:02:33,476 [pool-27-thread-1] INFO  storage.RaftStorageDirectory (RaftStorageDirectory.java:tryLock(328)) - Lock on /workdir/hadoop-ozone/integration-test/target/test-dir/MiniOzoneClusterImpl-18cca4e0-1166-4b57-9da5-bc6c79423f4b/datanode-0/data/ratis/feedc60a-2808-4794-8c3a-329c3dffd832/in_use.lock acquired by nodename 9635@pr-hdds-2240-577ml-2645996955
2019-10-21 22:02:33,476 [pool-59-thread-1] INFO  storage.RaftStorageDirectory (RaftStorageDirectory.java:tryLock(328)) - Lock on /workdir/hadoop-ozone/integration-test/target/test-dir/MiniOzoneClusterImpl-18cca4e0-1166-4b57-9da5-bc6c79423f4b/datanode-1/data/ratis/feedc60a-2808-4794-8c3a-329c3dffd832/in_use.lock acquired by nodename 9635@pr-hdds-2240-577ml-2645996955
2019-10-21 22:02:33,491 [pool-59-thread-1] INFO  storage.RaftStorage (RaftStorage.java:format(84)) - Storage directory /workdir/hadoop-ozone/integration-test/target/test-dir/MiniOzoneClusterImpl-18cca4e0-1166-4b57-9da5-bc6c79423f4b/datanode-1/data/ratis/feedc60a-2808-4794-8c3a-329c3dffd832 has been successfully formatted.
2019-10-21 22:02:33,491 [pool-47-thread-1] INFO  storage.RaftStorage (RaftStorage.java:format(84)) - Storage directory /workdir/hadoop-ozone/integration-test/target/test-dir/MiniOzoneClusterImpl-18cca4e0-1166-4b57-9da5-bc6c79423f4b/datanode-2/data/ratis/feedc60a-2808-4794-8c3a-329c3dffd832 has been successfully formatted.
2019-10-21 22:02:33,491 [pool-27-thread-1] INFO  storage.RaftStorage (RaftStorage.java:format(84)) - Storage directory /workdir/hadoop-ozone/integration-test/target/test-dir/MiniOzoneClusterImpl-18cca4e0-1166-4b57-9da5-bc6c79423f4b/datanode-0/data/ratis/feedc60a-2808-4794-8c3a-329c3dffd832 has been successfully formatted.
2019-10-21 22:02:33,491 [pool-47-thread-1] INFO  ratis.ContainerStateMachine (ContainerStateMachine.java:loadSnapshot(231)) - group-329C3DFFD832: The snapshot info is null. Setting the last applied indexto:(t:0, i:~)
2019-10-21 22:02:33,491 [pool-59-thread-1] INFO  ratis.ContainerStateMachine (ContainerStateMachine.java:loadSnapshot(231)) - group-329C3DFFD832: The snapshot info is null. Setting the last applied indexto:(t:0, i:~)
2019-10-21 22:02:33,491 [pool-27-thread-1] INFO  ratis.ContainerStateMachine (ContainerStateMachine.java:loadSnapshot(231)) - group-329C3DFFD832: The snapshot info is null. Setting the last applied indexto:(t:0, i:~)
2019-10-21 22:02:33,491 [pool-47-thread-1] INFO  server.RaftServerConfigKeys (ConfUtils.java:logGet(43)) - raft.server.notification.no-leader.timeout = 1000s (custom)
2019-10-21 22:02:33,492 [pool-27-thread-1] INFO  server.RaftServerConfigKeys (ConfUtils.java:logGet(43)) - raft.server.notification.no-leader.timeout = 1000s (custom)
2019-10-21 22:02:33,491 [pool-59-thread-1] INFO  server.RaftServerConfigKeys (ConfUtils.java:logGet(43)) - raft.server.notification.no-leader.timeout = 1000s (custom)
2019-10-21 22:02:33,492 [pool-27-thread-1] INFO  server.RaftServerConfigKeys (ConfUtils.java:logGet(43)) - raft.server.log.use.memory = false (default)
2019-10-21 22:02:33,492 [pool-47-thread-1] INFO  server.RaftServerConfigKeys (ConfUtils.java:logGet(43)) - raft.server.log.use.memory = false (default)
2019-10-21 22:02:33,492 [pool-27-thread-1] INFO  server.RaftServerConfigKeys (ConfUtils.java:logGet(43)) - raft.server.log.purge.gap = 1000000 (custom)
2019-10-21 22:02:33,492 [pool-59-thread-1] INFO  server.RaftServerConfigKeys (ConfUtils.java:logGet(43)) - raft.server.log.use.memory = false (default)
2019-10-21 22:02:33,492 [pool-27-thread-1] INFO  server.RaftServerConfigKeys (ConfUtils.java:logGet(43)) - raft.server.log.appender.buffer.byte-limit = 33554432 (custom)
2019-10-21 22:02:33,492 [pool-47-thread-1] INFO  server.RaftServerConfigKeys (ConfUtils.java:logGet(43)) - raft.server.log.purge.gap = 1000000 (custom)
2019-10-21 22:02:33,492 [pool-27-thread-1] INFO  server.RaftServerConfigKeys (ConfUtils.java:logGet(43)) - raft.server.log.segment.size.max = 1048576 (custom)
2019-10-21 22:02:33,492 [pool-59-thread-1] INFO  server.RaftServerConfigKeys (ConfUtils.java:logGet(43)) - raft.server.log.purge.gap = 1000000 (custom)
2019-10-21 22:02:33,492 [pool-27-thread-1] INFO  server.RaftServerConfigKeys (ConfUtils.java:logGet(43)) - raft.server.log.segment.cache.num.max = 2 (custom)
2019-10-21 22:02:33,492 [pool-47-thread-1] INFO  server.RaftServerConfigKeys (ConfUtils.java:logGet(43)) - raft.server.log.appender.buffer.byte-limit = 33554432 (custom)
2019-10-21 22:02:33,493 [pool-27-thread-1] INFO  segmented.SegmentedRaftLogWorker (SegmentedRaftLogWorker.java:<init>(173)) - new 95d3bce6-5996-460d-8578-b7f952c18b9c@group-329C3DFFD832-SegmentedRaftLogWorker for RaftStorage:Storage Directory /workdir/hadoop-ozone/integration-test/target/test-dir/MiniOzoneClusterImpl-18cca4e0-1166-4b57-9da5-bc6c79423f4b/datanode-0/data/ratis/feedc60a-2808-4794-8c3a-329c3dffd832
2019-10-21 22:02:33,492 [pool-59-thread-1] INFO  server.RaftServerConfigKeys (ConfUtils.java:logGet(43)) - raft.server.log.appender.buffer.byte-limit = 33554432 (custom)
2019-10-21 22:02:33,493 [pool-27-thread-1] INFO  server.RaftServerConfigKeys (ConfUtils.java:logGet(43)) - raft.server.log.queue.byte-limit = 2147483647 (custom)
2019-10-21 22:02:33,493 [pool-47-thread-1] INFO  server.RaftServerConfigKeys (ConfUtils.java:logGet(43)) - raft.server.log.segment.size.max = 1048576 (custom)
2019-10-21 22:02:33,493 [pool-27-thread-1] INFO  server.RaftServerConfigKeys (ConfUtils.java:logGet(43)) - raft.server.log.queue.element-limit = 1024 (custom)
2019-10-21 22:02:33,493 [pool-59-thread-1] INFO  server.RaftServerConfigKeys (ConfUtils.java:logGet(43)) - raft.server.log.segment.size.max = 1048576 (custom)
2019-10-21 22:02:33,493 [pool-27-thread-1] INFO  server.RaftServerConfigKeys (ConfUtils.java:logGet(43)) - raft.server.log.segment.size.max = 1048576 (custom)
2019-10-21 22:02:33,493 [pool-47-thread-1] INFO  server.RaftServerConfigKeys (ConfUtils.java:logGet(43)) - raft.server.log.segment.cache.num.max = 2 (custom)
2019-10-21 22:02:33,493 [pool-27-thread-1] INFO  server.RaftServerConfigKeys (ConfUtils.java:logGet(43)) - raft.server.log.preallocated.size = 16384 (custom)
2019-10-21 22:02:33,493 [pool-59-thread-1] INFO  server.RaftServerConfigKeys (ConfUtils.java:logGet(43)) - raft.server.log.segment.cache.num.max = 2 (custom)
2019-10-21 22:02:33,493 [pool-27-thread-1] INFO  server.RaftServerConfigKeys (ConfUtils.java:logGet(43)) - raft.server.log.write.buffer.size = 33554432 (custom)
2019-10-21 22:02:33,493 [pool-47-thread-1] INFO  segmented.SegmentedRaftLogWorker (SegmentedRaftLogWorker.java:<init>(173)) - new a1036450-74c2-4405-b4f8-7a994af8c84a@group-329C3DFFD832-SegmentedRaftLogWorker for RaftStorage:Storage Directory /workdir/hadoop-ozone/integration-test/target/test-dir/MiniOzoneClusterImpl-18cca4e0-1166-4b57-9da5-bc6c79423f4b/datanode-2/data/ratis/feedc60a-2808-4794-8c3a-329c3dffd832
2019-10-21 22:02:33,493 [pool-27-thread-1] INFO  server.RaftServerConfigKeys (ConfUtils.java:logGet(43)) - raft.server.log.force.sync.num = 128 (default)
2019-10-21 22:02:33,493 [pool-59-thread-1] INFO  segmented.SegmentedRaftLogWorker (SegmentedRaftLogWorker.java:<init>(173)) - new a26a9f1d-c528-4494-83e5-475827f7720e@group-329C3DFFD832-SegmentedRaftLogWorker for RaftStorage:Storage Directory /workdir/hadoop-ozone/integration-test/target/test-dir/MiniOzoneClusterImpl-18cca4e0-1166-4b57-9da5-bc6c79423f4b/datanode-1/data/ratis/feedc60a-2808-4794-8c3a-329c3dffd832
2019-10-21 22:02:33,494 [pool-27-thread-1] INFO  server.RaftServerConfigKeys (ConfUtils.java:logGet(43)) - raft.server.log.statemachine.data.sync = true (default)
2019-10-21 22:02:33,494 [pool-47-thread-1] INFO  server.RaftServerConfigKeys (ConfUtils.java:logGet(43)) - raft.server.log.queue.byte-limit = 2147483647 (custom)
2019-10-21 22:02:33,494 [pool-27-thread-1] INFO  server.RaftServerConfigKeys (ConfUtils.java:logGet(43)) - raft.server.log.statemachine.data.sync.timeout = 10s (default)
2019-10-21 22:02:33,494 [pool-59-thread-1] INFO  server.RaftServerConfigKeys (ConfUtils.java:logGet(43)) - raft.server.log.queue.byte-limit = 2147483647 (custom)
2019-10-21 22:02:33,494 [pool-27-thread-1] INFO  server.RaftServerConfigKeys (ConfUtils.java:logGet(43)) - raft.server.log.statemachine.data.sync.timeout.retry = -1 (default)
2019-10-21 22:02:33,494 [pool-47-thread-1] INFO  server.RaftServerConfigKeys (ConfUtils.java:logGet(43)) - raft.server.log.queue.element-limit = 1024 (custom)
2019-10-21 22:02:33,494 [pool-59-thread-1] INFO  server.RaftServerConfigKeys (ConfUtils.java:logGet(43)) - raft.server.log.queue.element-limit = 1024 (custom)
2019-10-21 22:02:33,494 [pool-27-thread-1] INFO  server.RaftServerConfigKeys (ConfUtils.java:logGet(43)) - raft.server.log.statemachine.data.caching.enabled = true (custom)
2019-10-21 22:02:33,494 [pool-47-thread-1] INFO  server.RaftServerConfigKeys (ConfUtils.java:logGet(43)) - raft.server.log.segment.size.max = 1048576 (custom)
2019-10-21 22:02:33,494 [pool-59-thread-1] INFO  server.RaftServerConfigKeys (ConfUtils.java:logGet(43)) - raft.server.log.segment.size.max = 1048576 (custom)
2019-10-21 22:02:33,494 [pool-27-thread-1] INFO  segmented.SegmentedRaftLogWorker (SegmentedRaftLogWorker.java:lambda$new$0(128)) - 95d3bce6-5996-460d-8578-b7f952c18b9c@group-329C3DFFD832-SegmentedRaftLogWorker: flushIndex: setUnconditionally 0 -> -1
2019-10-21 22:02:33,494 [pool-47-thread-1] INFO  server.RaftServerConfigKeys (ConfUtils.java:logGet(43)) - raft.server.log.preallocated.size = 16384 (custom)
2019-10-21 22:02:33,495 [pool-59-thread-1] INFO  server.RaftServerConfigKeys (ConfUtils.java:logGet(43)) - raft.server.log.preallocated.size = 16384 (custom)
2019-10-21 22:02:33,495 [pool-47-thread-1] INFO  server.RaftServerConfigKeys (ConfUtils.java:logGet(43)) - raft.server.log.write.buffer.size = 33554432 (custom)
2019-10-21 22:02:33,495 [pool-27-thread-1] INFO  server.RaftServerConfigKeys (ConfUtils.java:logGet(43)) - raft.server.snapshot.auto.trigger.enabled = true (custom)
2019-10-21 22:02:33,495 [pool-47-thread-1] INFO  server.RaftServerConfigKeys (ConfUtils.java:logGet(43)) - raft.server.log.force.sync.num = 128 (default)
2019-10-21 22:02:33,495 [pool-59-thread-1] INFO  server.RaftServerConfigKeys (ConfUtils.java:logGet(43)) - raft.server.log.write.buffer.size = 33554432 (custom)
2019-10-21 22:02:33,495 [pool-47-thread-1] INFO  server.RaftServerConfigKeys (ConfUtils.java:logGet(43)) - raft.server.log.statemachine.data.sync = true (default)
2019-10-21 22:02:33,495 [pool-27-thread-1] INFO  server.RaftServerConfigKeys (ConfUtils.java:logGet(43)) - raft.server.snapshot.auto.trigger.threshold = 10000 (custom)
2019-10-21 22:02:33,495 [pool-47-thread-1] INFO  server.RaftServerConfigKeys (ConfUtils.java:logGet(43)) - raft.server.log.statemachine.data.sync.timeout = 10s (default)
2019-10-21 22:02:33,495 [pool-59-thread-1] INFO  server.RaftServerConfigKeys (ConfUtils.java:logGet(43)) - raft.server.log.force.sync.num = 128 (default)
2019-10-21 22:02:33,496 [pool-47-thread-1] INFO  server.RaftServerConfigKeys (ConfUtils.java:logGet(43)) - raft.server.log.statemachine.data.sync.timeout.retry = -1 (default)
2019-10-21 22:02:33,495 [pool-27-thread-1] INFO  server.RaftServerConfigKeys (ConfUtils.java:logGet(43)) - raft.server.snapshot.retention.file.num = 5 (custom)
2019-10-21 22:02:33,496 [pool-47-thread-1] INFO  server.RaftServerConfigKeys (ConfUtils.java:logGet(43)) - raft.server.log.statemachine.data.caching.enabled = true (custom)
2019-10-21 22:02:33,496 [pool-59-thread-1] INFO  server.RaftServerConfigKeys (ConfUtils.java:logGet(43)) - raft.server.log.statemachine.data.sync = true (default)
2019-10-21 22:02:33,496 [pool-27-thread-1] INFO  server.RaftServerConfigKeys (ConfUtils.java:logGet(43)) - raft.server.retrycache.expirytime = 600000ms (custom)
2019-10-21 22:02:33,496 [pool-59-thread-1] INFO  server.RaftServerConfigKeys (ConfUtils.java:logGet(43)) - raft.server.log.statemachine.data.sync.timeout = 10s (default)
2019-10-21 22:02:33,496 [pool-59-thread-1] INFO  server.RaftServerConfigKeys (ConfUtils.java:logGet(43)) - raft.server.log.statemachine.data.sync.timeout.retry = -1 (default)
2019-10-21 22:02:33,496 [pool-59-thread-1] INFO  server.RaftServerConfigKeys (ConfUtils.java:logGet(43)) - raft.server.log.statemachine.data.caching.enabled = true (custom)
2019-10-21 22:02:33,497 [pool-27-thread-1] INFO  impl.RaftServerImpl (RaftServerImpl.java:start(195)) - 95d3bce6-5996-460d-8578-b7f952c18b9c@group-329C3DFFD832: start as a follower, conf=-1: [a26a9f1d-c528-4494-83e5-475827f7720e:192.168.69.92:46217, a1036450-74c2-4405-b4f8-7a994af8c84a:192.168.69.92:36225, 95d3bce6-5996-460d-8578-b7f952c18b9c:192.168.69.92:41231], old=null
2019-10-21 22:02:33,498 [pool-27-thread-1] INFO  impl.RaftServerImpl (RaftServerImpl.java:setRole(184)) - 95d3bce6-5996-460d-8578-b7f952c18b9c@group-329C3DFFD832: changes role from      null to FOLLOWER at term 0 for startAsFollower
2019-10-21 22:02:33,498 [pool-27-thread-1] INFO  impl.RoleInfo (RoleInfo.java:updateAndGet(143)) - 95d3bce6-5996-460d-8578-b7f952c18b9c: start FollowerState
2019-10-21 22:02:33,498 [pool-27-thread-1] INFO  util.JmxRegister (JmxRegister.java:tryRegister(44)) - Successfully registered JMX Bean with object name Ratis:service=RaftServer,group=group-329C3DFFD832,id=95d3bce6-5996-460d-8578-b7f952c18b9c
2019-10-21 22:02:33,506 [pool-47-thread-1] INFO  segmented.SegmentedRaftLogWorker (SegmentedRaftLogWorker.java:lambda$new$0(128)) - a1036450-74c2-4405-b4f8-7a994af8c84a@group-329C3DFFD832-SegmentedRaftLogWorker: flushIndex: setUnconditionally 0 -> -1
2019-10-21 22:02:33,506 [pool-59-thread-1] INFO  segmented.SegmentedRaftLogWorker (SegmentedRaftLogWorker.java:lambda$new$0(128)) - a26a9f1d-c528-4494-83e5-475827f7720e@group-329C3DFFD832-SegmentedRaftLogWorker: flushIndex: setUnconditionally 0 -> -1
2019-10-21 22:02:33,506 [pool-47-thread-1] INFO  server.RaftServerConfigKeys (ConfUtils.java:logGet(43)) - raft.server.snapshot.auto.trigger.enabled = true (custom)
2019-10-21 22:02:33,506 [pool-47-thread-1] INFO  server.RaftServerConfigKeys (ConfUtils.java:logGet(43)) - raft.server.snapshot.auto.trigger.threshold = 10000 (custom)
2019-10-21 22:02:33,506 [pool-59-thread-1] INFO  server.RaftServerConfigKeys (ConfUtils.java:logGet(43)) - raft.server.snapshot.auto.trigger.enabled = true (custom)
2019-10-21 22:02:33,506 [pool-47-thread-1] INFO  server.RaftServerConfigKeys (ConfUtils.java:logGet(43)) - raft.server.snapshot.retention.file.num = 5 (custom)
2019-10-21 22:02:33,506 [pool-59-thread-1] INFO  server.RaftServerConfigKeys (ConfUtils.java:logGet(43)) - raft.server.snapshot.auto.trigger.threshold = 10000 (custom)
2019-10-21 22:02:33,506 [pool-47-thread-1] INFO  server.RaftServerConfigKeys (ConfUtils.java:logGet(43)) - raft.server.retrycache.expirytime = 600000ms (custom)
2019-10-21 22:02:33,506 [pool-59-thread-1] INFO  server.RaftServerConfigKeys (ConfUtils.java:logGet(43)) - raft.server.snapshot.retention.file.num = 5 (custom)
2019-10-21 22:02:33,507 [pool-59-thread-1] INFO  server.RaftServerConfigKeys (ConfUtils.java:logGet(43)) - raft.server.retrycache.expirytime = 600000ms (custom)
2019-10-21 22:02:33,509 [pool-47-thread-1] INFO  impl.RaftServerImpl (RaftServerImpl.java:start(195)) - a1036450-74c2-4405-b4f8-7a994af8c84a@group-329C3DFFD832: start as a follower, conf=-1: [a26a9f1d-c528-4494-83e5-475827f7720e:192.168.69.92:46217, a1036450-74c2-4405-b4f8-7a994af8c84a:192.168.69.92:36225, 95d3bce6-5996-460d-8578-b7f952c18b9c:192.168.69.92:41231], old=null
2019-10-21 22:02:33,509 [pool-47-thread-1] INFO  impl.RaftServerImpl (RaftServerImpl.java:setRole(184)) - a1036450-74c2-4405-b4f8-7a994af8c84a@group-329C3DFFD832: changes role from      null to FOLLOWER at term 0 for startAsFollower
2019-10-21 22:02:33,509 [pool-59-thread-1] INFO  impl.RaftServerImpl (RaftServerImpl.java:start(195)) - a26a9f1d-c528-4494-83e5-475827f7720e@group-329C3DFFD832: start as a follower, conf=-1: [a26a9f1d-c528-4494-83e5-475827f7720e:192.168.69.92:46217, a1036450-74c2-4405-b4f8-7a994af8c84a:192.168.69.92:36225, 95d3bce6-5996-460d-8578-b7f952c18b9c:192.168.69.92:41231], old=null
2019-10-21 22:02:33,509 [pool-47-thread-1] INFO  impl.RoleInfo (RoleInfo.java:updateAndGet(143)) - a1036450-74c2-4405-b4f8-7a994af8c84a: start FollowerState
2019-10-21 22:02:33,509 [pool-59-thread-1] INFO  impl.RaftServerImpl (RaftServerImpl.java:setRole(184)) - a26a9f1d-c528-4494-83e5-475827f7720e@group-329C3DFFD832: changes role from      null to FOLLOWER at term 0 for startAsFollower
2019-10-21 22:02:33,509 [pool-59-thread-1] INFO  impl.RoleInfo (RoleInfo.java:updateAndGet(143)) - a26a9f1d-c528-4494-83e5-475827f7720e: start FollowerState
2019-10-21 22:02:33,509 [pool-47-thread-1] INFO  util.JmxRegister (JmxRegister.java:tryRegister(44)) - Successfully registered JMX Bean with object name Ratis:service=RaftServer,group=group-329C3DFFD832,id=a1036450-74c2-4405-b4f8-7a994af8c84a
2019-10-21 22:02:33,509 [pool-59-thread-1] INFO  util.JmxRegister (JmxRegister.java:tryRegister(44)) - Successfully registered JMX Bean with object name Ratis:service=RaftServer,group=group-329C3DFFD832,id=a26a9f1d-c528-4494-83e5-475827f7720e
2019-10-21 22:02:33,515 [RatisPipelineUtilsThread] INFO  pipeline.PipelineStateManager (PipelineStateManager.java:addPipeline(56)) - Created pipeline Pipeline[ Id: feedc60a-2808-4794-8c3a-329c3dffd832, Nodes: 95d3bce6-5996-460d-8578-b7f952c18b9c{ip: 192.168.69.92, host: pr-hdds-2240-577ml-2645996955, networkLocation: /default-rack, certSerialId: null}a1036450-74c2-4405-b4f8-7a994af8c84a{ip: 192.168.69.92, host: pr-hdds-2240-577ml-2645996955, networkLocation: /default-rack, certSerialId: null}a26a9f1d-c528-4494-83e5-475827f7720e{ip: 192.168.69.92, host: pr-hdds-2240-577ml-2645996955, networkLocation: /default-rack, certSerialId: null}, Type:RATIS, Factor:THREE, State:OPEN]
2019-10-21 22:02:33,555 [Thread-776] INFO  impl.FollowerState (FollowerState.java:run(108)) - a26a9f1d-c528-4494-83e5-475827f7720e@group-329C3DFFD832-FollowerState: change to CANDIDATE, lastRpcTime:46ms, electionTimeout:46ms
2019-10-21 22:02:33,556 [Thread-776] INFO  impl.RoleInfo (RoleInfo.java:shutdownFollowerState(121)) - a26a9f1d-c528-4494-83e5-475827f7720e: shutdown FollowerState
2019-10-21 22:02:33,556 [Thread-776] INFO  impl.RaftServerImpl (RaftServerImpl.java:setRole(184)) - a26a9f1d-c528-4494-83e5-475827f7720e@group-329C3DFFD832: changes role from  FOLLOWER to CANDIDATE at term 0 for changeToCandidate
2019-10-21 22:02:33,556 [Thread-776] INFO  impl.RoleInfo (RoleInfo.java:updateAndGet(143)) - a26a9f1d-c528-4494-83e5-475827f7720e: start LeaderElection
2019-10-21 22:02:33,571 [a26a9f1d-c528-4494-83e5-475827f7720e@group-329C3DFFD832-LeaderElection36] INFO  impl.LeaderElection (LeaderElection.java:askForVotes(178)) - a26a9f1d-c528-4494-83e5-475827f7720e@group-329C3DFFD832-LeaderElection36: begin an election at term 1 for -1: [a26a9f1d-c528-4494-83e5-475827f7720e:192.168.69.92:46217, a1036450-74c2-4405-b4f8-7a994af8c84a:192.168.69.92:36225, 95d3bce6-5996-460d-8578-b7f952c18b9c:192.168.69.92:41231], old=null
2019-10-21 22:02:33,580 [grpc-default-executor-2] INFO  impl.RaftServerImpl (RaftServerImpl.java:setRole(184)) - a1036450-74c2-4405-b4f8-7a994af8c84a@group-329C3DFFD832: changes role from  FOLLOWER to FOLLOWER at term 1 for recognizeCandidate:a26a9f1d-c528-4494-83e5-475827f7720e
2019-10-21 22:02:33,580 [grpc-default-executor-6] INFO  impl.RaftServerImpl (RaftServerImpl.java:setRole(184)) - 95d3bce6-5996-460d-8578-b7f952c18b9c@group-329C3DFFD832: changes role from  FOLLOWER to FOLLOWER at term 1 for recognizeCandidate:a26a9f1d-c528-4494-83e5-475827f7720e
2019-10-21 22:02:33,580 [grpc-default-executor-2] INFO  impl.RoleInfo (RoleInfo.java:shutdownFollowerState(121)) - a1036450-74c2-4405-b4f8-7a994af8c84a: shutdown FollowerState
2019-10-21 22:02:33,580 [grpc-default-executor-6] INFO  impl.RoleInfo (RoleInfo.java:shutdownFollowerState(121)) - 95d3bce6-5996-460d-8578-b7f952c18b9c: shutdown FollowerState
2019-10-21 22:02:33,580 [grpc-default-executor-2] INFO  impl.RoleInfo (RoleInfo.java:updateAndGet(143)) - a1036450-74c2-4405-b4f8-7a994af8c84a: start FollowerState
2019-10-21 22:02:33,580 [Thread-775] INFO  impl.FollowerState (FollowerState.java:run(117)) - a1036450-74c2-4405-b4f8-7a994af8c84a@group-329C3DFFD832-FollowerState was interrupted: java.lang.InterruptedException: sleep interrupted
2019-10-21 22:02:33,581 [Thread-771] INFO  impl.FollowerState (FollowerState.java:run(117)) - 95d3bce6-5996-460d-8578-b7f952c18b9c@group-329C3DFFD832-FollowerState was interrupted: java.lang.InterruptedException: sleep interrupted
2019-10-21 22:02:33,581 [grpc-default-executor-6] INFO  impl.RoleInfo (RoleInfo.java:updateAndGet(143)) - 95d3bce6-5996-460d-8578-b7f952c18b9c: start FollowerState
2019-10-21 22:02:33,585 [Thread-785] INFO  client.GrpcClientProtocolService (GrpcClientProtocolService.java:lambda$processClientRequest$0(278)) - Failed RaftClientRequest:client-91F2DA33FCFF->a1036450-74c2-4405-b4f8-7a994af8c84a@group-5E7A11E15B06, cid=10, seq=0, Watch-ALL_COMMITTED(6), Message:<EMPTY>, reply=RaftClientReply:client-91F2DA33FCFF->a1036450-74c2-4405-b4f8-7a994af8c84a@group-5E7A11E15B06, cid=10, FAILED org.apache.ratis.protocol.NotLeaderException: Server a1036450-74c2-4405-b4f8-7a994af8c84a@group-5E7A11E15B06 is not the leader, logIndex=0, commits[a1036450-74c2-4405-b4f8-7a994af8c84a:c10, a26a9f1d-c528-4494-83e5-475827f7720e:c4, 95d3bce6-5996-460d-8578-b7f952c18b9c:c10]
2019-10-21 22:02:33,594 [Thread-766] INFO  impl.FollowerState (FollowerState.java:run(108)) - a26a9f1d-c528-4494-83e5-475827f7720e@group-5E7A11E15B06-FollowerState: change to CANDIDATE, lastRpcTime:187ms, electionTimeout:187ms
2019-10-21 22:02:33,594 [Thread-766] INFO  impl.RoleInfo (RoleInfo.java:shutdownFollowerState(121)) - a26a9f1d-c528-4494-83e5-475827f7720e: shutdown FollowerState
2019-10-21 22:02:33,594 [Thread-766] INFO  impl.RaftServerImpl (RaftServerImpl.java:setRole(184)) - a26a9f1d-c528-4494-83e5-475827f7720e@group-5E7A11E15B06: changes role from  FOLLOWER to CANDIDATE at term 32 for changeToCandidate
2019-10-21 22:02:33,594 [Thread-766] INFO  impl.RoleInfo (RoleInfo.java:updateAndGet(143)) - a26a9f1d-c528-4494-83e5-475827f7720e: start LeaderElection
2019-10-21 22:02:33,594 [EventQueue-PendingDeleteStatusForPendingDeleteHandler] INFO  block.SCMBlockDeletingService (SCMBlockDeletingService.java:handlePendingDeletes(115)) - Block deletion txnID mismatch in datanode a26a9f1d-c528-4494-83e5-475827f7720e for containerID 1. Datanode delete txnID: 0, SCM txnID: 1
2019-10-21 22:02:33,597 [Thread-768] INFO  impl.FollowerState (FollowerState.java:run(108)) - a26a9f1d-c528-4494-83e5-475827f7720e@group-40346D193255-FollowerState: change to CANDIDATE, lastRpcTime:170ms, electionTimeout:170ms
2019-10-21 22:02:33,597 [Thread-768] INFO  impl.RoleInfo (RoleInfo.java:shutdownFollowerState(121)) - a26a9f1d-c528-4494-83e5-475827f7720e: shutdown FollowerState
2019-10-21 22:02:33,598 [Thread-768] INFO  impl.RaftServerImpl (RaftServerImpl.java:setRole(184)) - a26a9f1d-c528-4494-83e5-475827f7720e@group-40346D193255: changes role from  FOLLOWER to CANDIDATE at term 0 for changeToCandidate
2019-10-21 22:02:33,598 [Thread-768] INFO  impl.RoleInfo (RoleInfo.java:updateAndGet(143)) - a26a9f1d-c528-4494-83e5-475827f7720e: start LeaderElection
2019-10-21 22:02:33,605 [a26a9f1d-c528-4494-83e5-475827f7720e@group-5E7A11E15B06-LeaderElection37] INFO  impl.LeaderElection (LeaderElection.java:askForVotes(178)) - a26a9f1d-c528-4494-83e5-475827f7720e@group-5E7A11E15B06-LeaderElection37: begin an election at term 33 for 0: [a26a9f1d-c528-4494-83e5-475827f7720e:192.168.69.92:46217, a1036450-74c2-4405-b4f8-7a994af8c84a:192.168.69.92:36225, 95d3bce6-5996-460d-8578-b7f952c18b9c:192.168.69.92:41231], old=null
2019-10-21 22:02:33,605 [a26a9f1d-c528-4494-83e5-475827f7720e@group-40346D193255-LeaderElection38] INFO  impl.LeaderElection (LeaderElection.java:askForVotes(178)) - a26a9f1d-c528-4494-83e5-475827f7720e@group-40346D193255-LeaderElection38: begin an election at term 1 for -1: [a26a9f1d-c528-4494-83e5-475827f7720e:192.168.69.92:46217], old=null
2019-10-21 22:02:33,605 [a26a9f1d-c528-4494-83e5-475827f7720e@group-40346D193255-LeaderElection38] INFO  impl.RoleInfo (RoleInfo.java:shutdownLeaderElection(134)) - a26a9f1d-c528-4494-83e5-475827f7720e: shutdown LeaderElection
2019-10-21 22:02:33,605 [a26a9f1d-c528-4494-83e5-475827f7720e@group-40346D193255-LeaderElection38] INFO  impl.RaftServerImpl (RaftServerImpl.java:setRole(184)) - a26a9f1d-c528-4494-83e5-475827f7720e@group-40346D193255: changes role from CANDIDATE to LEADER at term 1 for changeToLeader
2019-10-21 22:02:33,606 [a26a9f1d-c528-4494-83e5-475827f7720e@group-40346D193255-LeaderElection38] INFO  impl.RaftServerImpl (ServerState.java:setLeader(256)) - a26a9f1d-c528-4494-83e5-475827f7720e@group-40346D193255: change Leader from null to a26a9f1d-c528-4494-83e5-475827f7720e at term 1 for becomeLeader, leader elected after 184ms
2019-10-21 22:02:33,606 [a26a9f1d-c528-4494-83e5-475827f7720e@group-40346D193255-LeaderElection38] INFO  server.RaftServerConfigKeys (ConfUtils.java:logGet(43)) - raft.server.staging.catchup.gap = 1000 (default)
2019-10-21 22:02:33,606 [a26a9f1d-c528-4494-83e5-475827f7720e@group-329C3DFFD832-LeaderElection36] INFO  impl.LeaderElection (LeaderElection.java:logAndReturn(56)) - a26a9f1d-c528-4494-83e5-475827f7720e@group-329C3DFFD832-LeaderElection36: Election PASSED; received 1 response(s) [a26a9f1d-c528-4494-83e5-475827f7720e<-a1036450-74c2-4405-b4f8-7a994af8c84a#0:OK-t1] and 0 exception(s); a26a9f1d-c528-4494-83e5-475827f7720e@group-329C3DFFD832:t1, leader=null, voted=a26a9f1d-c528-4494-83e5-475827f7720e, raftlog=a26a9f1d-c528-4494-83e5-475827f7720e@group-329C3DFFD832-SegmentedRaftLog:OPENED:c-1,f-1,i0, conf=-1: [a26a9f1d-c528-4494-83e5-475827f7720e:192.168.69.92:46217, a1036450-74c2-4405-b4f8-7a994af8c84a:192.168.69.92:36225, 95d3bce6-5996-460d-8578-b7f952c18b9c:192.168.69.92:41231], old=null
2019-10-21 22:02:33,606 [a26a9f1d-c528-4494-83e5-475827f7720e@group-40346D193255-LeaderElection38] INFO  server.RaftServerConfigKeys (ConfUtils.java:logGet(43)) - raft.server.rpc.sleep.time = 25ms (default)
2019-10-21 22:02:33,606 [a26a9f1d-c528-4494-83e5-475827f7720e@group-329C3DFFD832-LeaderElection36] INFO  impl.RoleInfo (RoleInfo.java:shutdownLeaderElection(134)) - a26a9f1d-c528-4494-83e5-475827f7720e: shutdown LeaderElection
2019-10-21 22:02:33,606 [a26a9f1d-c528-4494-83e5-475827f7720e@group-329C3DFFD832-LeaderElection36] INFO  impl.RaftServerImpl (RaftServerImpl.java:setRole(184)) - a26a9f1d-c528-4494-83e5-475827f7720e@group-329C3DFFD832: changes role from CANDIDATE to LEADER at term 1 for changeToLeader
2019-10-21 22:02:33,606 [a26a9f1d-c528-4494-83e5-475827f7720e@group-40346D193255-LeaderElection38] INFO  server.RaftServerConfigKeys (ConfUtils.java:logGet(43)) - raft.server.write.element-limit = 4096 (default)
2019-10-21 22:02:33,606 [grpc-default-executor-2] INFO  impl.RaftServerImpl (RaftServerImpl.java:setRole(184)) - a1036450-74c2-4405-b4f8-7a994af8c84a@group-5E7A11E15B06: changes role from  FOLLOWER to FOLLOWER at term 33 for recognizeCandidate:a26a9f1d-c528-4494-83e5-475827f7720e
2019-10-21 22:02:33,606 [a26a9f1d-c528-4494-83e5-475827f7720e@group-329C3DFFD832-LeaderElection36] INFO  impl.RaftServerImpl (ServerState.java:setLeader(256)) - a26a9f1d-c528-4494-83e5-475827f7720e@group-329C3DFFD832: change Leader from null to a26a9f1d-c528-4494-83e5-475827f7720e at term 1 for becomeLeader, leader elected after 114ms
2019-10-21 22:02:33,607 [grpc-default-executor-2] INFO  impl.RoleInfo (RoleInfo.java:shutdownFollowerState(121)) - a1036450-74c2-4405-b4f8-7a994af8c84a: shutdown FollowerState
2019-10-21 22:02:33,607 [a26a9f1d-c528-4494-83e5-475827f7720e@group-40346D193255-LeaderElection38] INFO  server.RaftServerConfigKeys (ConfUtils.java:logGet(43)) - raft.server.watch.timeout = 10s (default)
2019-10-21 22:02:33,607 [grpc-default-executor-2] INFO  impl.RoleInfo (RoleInfo.java:updateAndGet(143)) - a1036450-74c2-4405-b4f8-7a994af8c84a: start FollowerState
2019-10-21 22:02:33,607 [grpc-default-executor-6] INFO  impl.RaftServerImpl (RaftServerImpl.java:setRole(184)) - 95d3bce6-5996-460d-8578-b7f952c18b9c@group-5E7A11E15B06: changes role from  FOLLOWER to FOLLOWER at term 33 for recognizeCandidate:a26a9f1d-c528-4494-83e5-475827f7720e
2019-10-21 22:02:33,607 [grpc-default-executor-6] INFO  impl.RoleInfo (RoleInfo.java:shutdownFollowerState(121)) - 95d3bce6-5996-460d-8578-b7f952c18b9c: shutdown FollowerState
2019-10-21 22:02:33,607 [a26a9f1d-c528-4494-83e5-475827f7720e@group-40346D193255-LeaderElection38] INFO  server.RaftServerConfigKeys (ConfUtils.java:logGet(43)) - raft.server.watch.timeout.denomination = 1s (default)
2019-10-21 22:02:33,607 [Thread-764] INFO  impl.FollowerState (FollowerState.java:run(117)) - a1036450-74c2-4405-b4f8-7a994af8c84a@group-5E7A11E15B06-FollowerState was interrupted: java.lang.InterruptedException: sleep interrupted
2019-10-21 22:02:33,607 [a26a9f1d-c528-4494-83e5-475827f7720e@group-329C3DFFD832-LeaderElection36] INFO  server.RaftServerConfigKeys (ConfUtils.java:logGet(43)) - raft.server.staging.catchup.gap = 1000 (default)
2019-10-21 22:02:33,608 [a26a9f1d-c528-4494-83e5-475827f7720e@group-40346D193255-LeaderElection38] INFO  server.RaftServerConfigKeys (ConfUtils.java:logGet(43)) - raft.server.watch.element-limit = 65536 (default)
2019-10-21 22:02:33,607 [Thread-765] INFO  impl.FollowerState (FollowerState.java:run(117)) - 95d3bce6-5996-460d-8578-b7f952c18b9c@group-5E7A11E15B06-FollowerState was interrupted: java.lang.InterruptedException: sleep interrupted
2019-10-21 22:02:33,607 [grpc-default-executor-6] INFO  impl.RoleInfo (RoleInfo.java:updateAndGet(143)) - 95d3bce6-5996-460d-8578-b7f952c18b9c: start FollowerState
2019-10-21 22:02:33,608 [a26a9f1d-c528-4494-83e5-475827f7720e@group-329C3DFFD832-LeaderElection36] INFO  server.RaftServerConfigKeys (ConfUtils.java:logGet(43)) - raft.server.rpc.sleep.time = 25ms (default)
2019-10-21 22:02:33,608 [a26a9f1d-c528-4494-83e5-475827f7720e@group-329C3DFFD832-LeaderElection36] INFO  server.RaftServerConfigKeys (ConfUtils.java:logGet(43)) - raft.server.write.element-limit = 4096 (default)
2019-10-21 22:02:33,609 [a26a9f1d-c528-4494-83e5-475827f7720e@group-329C3DFFD832-LeaderElection36] INFO  server.RaftServerConfigKeys (ConfUtils.java:logGet(43)) - raft.server.watch.timeout = 10s (default)
2019-10-21 22:02:33,609 [a26a9f1d-c528-4494-83e5-475827f7720e@group-329C3DFFD832-LeaderElection36] INFO  server.RaftServerConfigKeys (ConfUtils.java:logGet(43)) - raft.server.watch.timeout.denomination = 1s (default)
2019-10-21 22:02:33,609 [a26a9f1d-c528-4494-83e5-475827f7720e@group-329C3DFFD832-LeaderElection36] INFO  server.RaftServerConfigKeys (ConfUtils.java:logGet(43)) - raft.server.watch.element-limit = 65536 (default)
2019-10-21 22:02:33,612 [a26a9f1d-c528-4494-83e5-475827f7720e@group-40346D193255-LeaderElection38] INFO  impl.RoleInfo (RoleInfo.java:updateAndGet(143)) - a26a9f1d-c528-4494-83e5-475827f7720e: start LeaderState
2019-10-21 22:02:33,612 [a26a9f1d-c528-4494-83e5-475827f7720e@group-40346D193255-LeaderElection38] INFO  segmented.SegmentedRaftLogWorker (SegmentedRaftLogWorker.java:startLogSegment(385)) - a26a9f1d-c528-4494-83e5-475827f7720e@group-40346D193255-SegmentedRaftLogWorker: Starting segment from index:0
2019-10-21 22:02:33,613 [a26a9f1d-c528-4494-83e5-475827f7720e@group-329C3DFFD832-LeaderElection36] INFO  server.RaftServerConfigKeys (ConfUtils.java:logGet(43)) - raft.server.log.appender.snapshot.chunk.size.max = 16MB (=16777216) (default)
2019-10-21 22:02:33,613 [a26a9f1d-c528-4494-83e5-475827f7720e@group-40346D193255-LeaderElection38] INFO  impl.RaftServerImpl (ServerState.java:setRaftConf(357)) - a26a9f1d-c528-4494-83e5-475827f7720e@group-40346D193255: set configuration 0: [a26a9f1d-c528-4494-83e5-475827f7720e:192.168.69.92:46217], old=null at 0
2019-10-21 22:02:33,613 [a26a9f1d-c528-4494-83e5-475827f7720e@group-329C3DFFD832-LeaderElection36] INFO  server.RaftServerConfigKeys (ConfUtils.java:logGet(43)) - raft.server.log.appender.buffer.byte-limit = 33554432 (custom)
2019-10-21 22:02:33,613 [a26a9f1d-c528-4494-83e5-475827f7720e@group-329C3DFFD832-LeaderElection36] INFO  server.RaftServerConfigKeys (ConfUtils.java:logGet(43)) - raft.server.log.appender.buffer.element-limit = 1 (custom)
2019-10-21 22:02:33,613 [a26a9f1d-c528-4494-83e5-475827f7720e@group-329C3DFFD832-LeaderElection36] INFO  grpc.GrpcConfigKeys$Server (ConfUtils.java:logGet(43)) - raft.grpc.server.leader.outstanding.appends.max = 128 (default)
2019-10-21 22:02:33,614 [a26a9f1d-c528-4494-83e5-475827f7720e@group-329C3DFFD832-LeaderElection36] INFO  server.RaftServerConfigKeys (ConfUtils.java:logGet(43)) - raft.server.rpc.request.timeout = 3000ms (default)
2019-10-21 22:02:33,614 [a26a9f1d-c528-4494-83e5-475827f7720e@group-329C3DFFD832-LeaderElection36] INFO  server.RaftServerConfigKeys (ConfUtils.java:logGet(43)) - raft.server.log.appender.install.snapshot.enabled = false (custom)
2019-10-21 22:02:33,617 [a26a9f1d-c528-4494-83e5-475827f7720e@group-329C3DFFD832-LeaderElection36] INFO  server.RaftServerConfigKeys (ConfUtils.java:logGet(43)) - raft.server.log.appender.snapshot.chunk.size.max = 16MB (=16777216) (default)
2019-10-21 22:02:33,618 [a26a9f1d-c528-4494-83e5-475827f7720e@group-329C3DFFD832-LeaderElection36] INFO  server.RaftServerConfigKeys (ConfUtils.java:logGet(43)) - raft.server.log.appender.buffer.byte-limit = 33554432 (custom)
2019-10-21 22:02:33,618 [a26a9f1d-c528-4494-83e5-475827f7720e@group-329C3DFFD832-LeaderElection36] INFO  server.RaftServerConfigKeys (ConfUtils.java:logGet(43)) - raft.server.log.appender.buffer.element-limit = 1 (custom)
2019-10-21 22:02:33,618 [a26a9f1d-c528-4494-83e5-475827f7720e@group-329C3DFFD832-LeaderElection36] INFO  grpc.GrpcConfigKeys$Server (ConfUtils.java:logGet(43)) - raft.grpc.server.leader.outstanding.appends.max = 128 (default)
2019-10-21 22:02:33,618 [a26a9f1d-c528-4494-83e5-475827f7720e@group-329C3DFFD832-LeaderElection36] INFO  server.RaftServerConfigKeys (ConfUtils.java:logGet(43)) - raft.server.rpc.request.timeout = 3000ms (default)
2019-10-21 22:02:33,618 [a26a9f1d-c528-4494-83e5-475827f7720e@group-329C3DFFD832-LeaderElection36] INFO  server.RaftServerConfigKeys (ConfUtils.java:logGet(43)) - raft.server.log.appender.install.snapshot.enabled = false (custom)
2019-10-21 22:02:33,620 [a26a9f1d-c528-4494-83e5-475827f7720e@group-5E7A11E15B06-LeaderElection37] INFO  impl.LeaderElection (LeaderElection.java:logAndReturn(56)) - a26a9f1d-c528-4494-83e5-475827f7720e@group-5E7A11E15B06-LeaderElection37: Election REJECTED; received 2 response(s) [a26a9f1d-c528-4494-83e5-475827f7720e<-a1036450-74c2-4405-b4f8-7a994af8c84a#0:FAIL-t33, a26a9f1d-c528-4494-83e5-475827f7720e<-95d3bce6-5996-460d-8578-b7f952c18b9c#0:FAIL-t33] and 0 exception(s); a26a9f1d-c528-4494-83e5-475827f7720e@group-5E7A11E15B06:t33, leader=null, voted=a26a9f1d-c528-4494-83e5-475827f7720e, raftlog=a26a9f1d-c528-4494-83e5-475827f7720e@group-5E7A11E15B06-SegmentedRaftLog:OPENED:c3,f4,i4, conf=0: [a26a9f1d-c528-4494-83e5-475827f7720e:192.168.69.92:46217, a1036450-74c2-4405-b4f8-7a994af8c84a:192.168.69.92:36225, 95d3bce6-5996-460d-8578-b7f952c18b9c:192.168.69.92:41231], old=null
2019-10-21 22:02:33,620 [a26a9f1d-c528-4494-83e5-475827f7720e@group-5E7A11E15B06-LeaderElection37] INFO  impl.RaftServerImpl (RaftServerImpl.java:setRole(184)) - a26a9f1d-c528-4494-83e5-475827f7720e@group-5E7A11E15B06: changes role from CANDIDATE to FOLLOWER at term 33 for DISCOVERED_A_NEW_TERM
2019-10-21 22:02:33,621 [a26a9f1d-c528-4494-83e5-475827f7720e@group-5E7A11E15B06-LeaderElection37] INFO  impl.RoleInfo (RoleInfo.java:shutdownLeaderElection(134)) - a26a9f1d-c528-4494-83e5-475827f7720e: shutdown LeaderElection
2019-10-21 22:02:33,621 [a26a9f1d-c528-4494-83e5-475827f7720e@group-5E7A11E15B06-LeaderElection37] INFO  impl.RoleInfo (RoleInfo.java:updateAndGet(143)) - a26a9f1d-c528-4494-83e5-475827f7720e: start FollowerState
2019-10-21 22:02:33,622 [a26a9f1d-c528-4494-83e5-475827f7720e@group-329C3DFFD832-LeaderElection36] INFO  impl.RoleInfo (RoleInfo.java:updateAndGet(143)) - a26a9f1d-c528-4494-83e5-475827f7720e: start LeaderState
2019-10-21 22:02:33,622 [a26a9f1d-c528-4494-83e5-475827f7720e@group-329C3DFFD832-LeaderElection36] INFO  segmented.SegmentedRaftLogWorker (SegmentedRaftLogWorker.java:startLogSegment(385)) - a26a9f1d-c528-4494-83e5-475827f7720e@group-329C3DFFD832-SegmentedRaftLogWorker: Starting segment from index:0
2019-10-21 22:02:33,623 [a26a9f1d-c528-4494-83e5-475827f7720e@group-329C3DFFD832-LeaderElection36] INFO  impl.RaftServerImpl (ServerState.java:setRaftConf(357)) - a26a9f1d-c528-4494-83e5-475827f7720e@group-329C3DFFD832: set configuration 0: [a26a9f1d-c528-4494-83e5-475827f7720e:192.168.69.92:46217, a1036450-74c2-4405-b4f8-7a994af8c84a:192.168.69.92:36225, 95d3bce6-5996-460d-8578-b7f952c18b9c:192.168.69.92:41231], old=null at 0
2019-10-21 22:02:33,651 [grpc-default-executor-2] INFO  impl.RaftServerImpl (ServerState.java:setLeader(256)) - 95d3bce6-5996-460d-8578-b7f952c18b9c@group-329C3DFFD832: change Leader from null to a26a9f1d-c528-4494-83e5-475827f7720e at term 1 for appendEntries, leader elected after 159ms
2019-10-21 22:02:33,651 [Thread-797] INFO  impl.FollowerState (FollowerState.java:run(108)) - a26a9f1d-c528-4494-83e5-475827f7720e@group-5E7A11E15B06-FollowerState: change to CANDIDATE, lastRpcTime:30ms, electionTimeout:21ms
2019-10-21 22:02:33,652 [Thread-797] INFO  impl.RoleInfo (RoleInfo.java:shutdownFollowerState(121)) - a26a9f1d-c528-4494-83e5-475827f7720e: shutdown FollowerState
2019-10-21 22:02:33,652 [grpc-default-executor-6] INFO  impl.RaftServerImpl (ServerState.java:setLeader(256)) - a1036450-74c2-4405-b4f8-7a994af8c84a@group-329C3DFFD832: change Leader from null to a26a9f1d-c528-4494-83e5-475827f7720e at term 1 for appendEntries, leader elected after 161ms
2019-10-21 22:02:33,653 [Thread-797] INFO  impl.RaftServerImpl (RaftServerImpl.java:setRole(184)) - a26a9f1d-c528-4494-83e5-475827f7720e@group-5E7A11E15B06: changes role from  FOLLOWER to CANDIDATE at term 33 for changeToCandidate
2019-10-21 22:02:33,653 [Thread-797] INFO  impl.RoleInfo (RoleInfo.java:updateAndGet(143)) - a26a9f1d-c528-4494-83e5-475827f7720e: start LeaderElection
2019-10-21 22:02:33,655 [grpc-default-executor-6] INFO  impl.RaftServerImpl (ServerState.java:setRaftConf(357)) - 95d3bce6-5996-460d-8578-b7f952c18b9c@group-329C3DFFD832: set configuration 0: [a26a9f1d-c528-4494-83e5-475827f7720e:192.168.69.92:46217, a1036450-74c2-4405-b4f8-7a994af8c84a:192.168.69.92:36225, 95d3bce6-5996-460d-8578-b7f952c18b9c:192.168.69.92:41231], old=null at 0
2019-10-21 22:02:33,655 [grpc-default-executor-2] INFO  impl.RaftServerImpl (ServerState.java:setRaftConf(357)) - a1036450-74c2-4405-b4f8-7a994af8c84a@group-329C3DFFD832: set configuration 0: [a26a9f1d-c528-4494-83e5-475827f7720e:192.168.69.92:46217, a1036450-74c2-4405-b4f8-7a994af8c84a:192.168.69.92:36225, 95d3bce6-5996-460d-8578-b7f952c18b9c:192.168.69.92:41231], old=null at 0
2019-10-21 22:02:33,656 [grpc-default-executor-6] INFO  segmented.SegmentedRaftLogWorker (SegmentedRaftLogWorker.java:startLogSegment(385)) - 95d3bce6-5996-460d-8578-b7f952c18b9c@group-329C3DFFD832-SegmentedRaftLogWorker: Starting segment from index:0
2019-10-21 22:02:33,656 [grpc-default-executor-2] INFO  segmented.SegmentedRaftLogWorker (SegmentedRaftLogWorker.java:startLogSegment(385)) - a1036450-74c2-4405-b4f8-7a994af8c84a@group-329C3DFFD832-SegmentedRaftLogWorker: Starting segment from index:0
2019-10-21 22:02:33,670 [a26a9f1d-c528-4494-83e5-475827f7720e@group-329C3DFFD832-SegmentedRaftLogWorker] INFO  segmented.SegmentedRaftLogWorker (SegmentedRaftLogWorker.java:execute(576)) - a26a9f1d-c528-4494-83e5-475827f7720e@group-329C3DFFD832-SegmentedRaftLogWorker: created new log segment /workdir/hadoop-ozone/integration-test/target/test-dir/MiniOzoneClusterImpl-18cca4e0-1166-4b57-9da5-bc6c79423f4b/datanode-1/data/ratis/feedc60a-2808-4794-8c3a-329c3dffd832/current/log_inprogress_0
2019-10-21 22:02:33,670 [a26a9f1d-c528-4494-83e5-475827f7720e@group-5E7A11E15B06-LeaderElection39] INFO  impl.LeaderElection (LeaderElection.java:askForVotes(178)) - a26a9f1d-c528-4494-83e5-475827f7720e@group-5E7A11E15B06-LeaderElection39: begin an election at term 34 for 0: [a26a9f1d-c528-4494-83e5-475827f7720e:192.168.69.92:46217, a1036450-74c2-4405-b4f8-7a994af8c84a:192.168.69.92:36225, 95d3bce6-5996-460d-8578-b7f952c18b9c:192.168.69.92:41231], old=null
2019-10-21 22:02:33,670 [a26a9f1d-c528-4494-83e5-475827f7720e@group-40346D193255-SegmentedRaftLogWorker] INFO  segmented.SegmentedRaftLogWorker (SegmentedRaftLogWorker.java:execute(576)) - a26a9f1d-c528-4494-83e5-475827f7720e@group-40346D193255-SegmentedRaftLogWorker: created new log segment /workdir/hadoop-ozone/integration-test/target/test-dir/MiniOzoneClusterImpl-18cca4e0-1166-4b57-9da5-bc6c79423f4b/datanode-1/data/ratis/e36bfc13-0ed3-4025-8ac1-40346d193255/current/log_inprogress_0
2019-10-21 22:02:33,673 [grpc-default-executor-6] INFO  impl.RaftServerImpl (RaftServerImpl.java:setRole(184)) - a1036450-74c2-4405-b4f8-7a994af8c84a@group-5E7A11E15B06: changes role from  FOLLOWER to FOLLOWER at term 34 for recognizeCandidate:a26a9f1d-c528-4494-83e5-475827f7720e
2019-10-21 22:02:33,673 [grpc-default-executor-2] INFO  impl.RaftServerImpl (RaftServerImpl.java:setRole(184)) - 95d3bce6-5996-460d-8578-b7f952c18b9c@group-5E7A11E15B06: changes role from  FOLLOWER to FOLLOWER at term 34 for recognizeCandidate:a26a9f1d-c528-4494-83e5-475827f7720e
2019-10-21 22:02:33,673 [grpc-default-executor-6] INFO  impl.RoleInfo (RoleInfo.java:shutdownFollowerState(121)) - a1036450-74c2-4405-b4f8-7a994af8c84a: shutdown FollowerState
2019-10-21 22:02:33,673 [grpc-default-executor-2] INFO  impl.RoleInfo (RoleInfo.java:shutdownFollowerState(121)) - 95d3bce6-5996-460d-8578-b7f952c18b9c: shutdown FollowerState
2019-10-21 22:02:33,673 [grpc-default-executor-6] INFO  impl.RoleInfo (RoleInfo.java:updateAndGet(143)) - a1036450-74c2-4405-b4f8-7a994af8c84a: start FollowerState
2019-10-21 22:02:33,673 [Thread-792] INFO  impl.FollowerState (FollowerState.java:run(117)) - a1036450-74c2-4405-b4f8-7a994af8c84a@group-5E7A11E15B06-FollowerState was interrupted: java.lang.InterruptedException: sleep interrupted
2019-10-21 22:02:33,673 [grpc-default-executor-2] INFO  impl.RoleInfo (RoleInfo.java:updateAndGet(143)) - 95d3bce6-5996-460d-8578-b7f952c18b9c: start FollowerState
2019-10-21 22:02:33,673 [Thread-793] INFO  impl.FollowerState (FollowerState.java:run(117)) - 95d3bce6-5996-460d-8578-b7f952c18b9c@group-5E7A11E15B06-FollowerState was interrupted: java.lang.InterruptedException: sleep interrupted
2019-10-21 22:02:33,684 [95d3bce6-5996-460d-8578-b7f952c18b9c@group-329C3DFFD832-SegmentedRaftLogWorker] INFO  segmented.SegmentedRaftLogWorker (SegmentedRaftLogWorker.java:execute(576)) - 95d3bce6-5996-460d-8578-b7f952c18b9c@group-329C3DFFD832-SegmentedRaftLogWorker: created new log segment /workdir/hadoop-ozone/integration-test/target/test-dir/MiniOzoneClusterImpl-18cca4e0-1166-4b57-9da5-bc6c79423f4b/datanode-0/data/ratis/feedc60a-2808-4794-8c3a-329c3dffd832/current/log_inprogress_0
2019-10-21 22:02:33,684 [a1036450-74c2-4405-b4f8-7a994af8c84a@group-329C3DFFD832-SegmentedRaftLogWorker] INFO  segmented.SegmentedRaftLogWorker (SegmentedRaftLogWorker.java:execute(576)) - a1036450-74c2-4405-b4f8-7a994af8c84a@group-329C3DFFD832-SegmentedRaftLogWorker: created new log segment /workdir/hadoop-ozone/integration-test/target/test-dir/MiniOzoneClusterImpl-18cca4e0-1166-4b57-9da5-bc6c79423f4b/datanode-2/data/ratis/feedc60a-2808-4794-8c3a-329c3dffd832/current/log_inprogress_0
2019-10-21 22:02:33,686 [a26a9f1d-c528-4494-83e5-475827f7720e@group-5E7A11E15B06-LeaderElection39] INFO  impl.LeaderElection (LeaderElection.java:logAndReturn(56)) - a26a9f1d-c528-4494-83e5-475827f7720e@group-5E7A11E15B06-LeaderElection39: Election REJECTED; received 2 response(s) [a26a9f1d-c528-4494-83e5-475827f7720e<-a1036450-74c2-4405-b4f8-7a994af8c84a#0:FAIL-t34, a26a9f1d-c528-4494-83e5-475827f7720e<-95d3bce6-5996-460d-8578-b7f952c18b9c#0:FAIL-t34] and 0 exception(s); a26a9f1d-c528-4494-83e5-475827f7720e@group-5E7A11E15B06:t34, leader=null, voted=a26a9f1d-c528-4494-83e5-475827f7720e, raftlog=a26a9f1d-c528-4494-83e5-475827f7720e@group-5E7A11E15B06-SegmentedRaftLog:OPENED:c3,f4,i4, conf=0: [a26a9f1d-c528-4494-83e5-475827f7720e:192.168.69.92:46217, a1036450-74c2-4405-b4f8-7a994af8c84a:192.168.69.92:36225, 95d3bce6-5996-460d-8578-b7f952c18b9c:192.168.69.92:41231], old=null
2019-10-21 22:02:33,686 [a26a9f1d-c528-4494-83e5-475827f7720e@group-5E7A11E15B06-LeaderElection39] INFO  impl.RaftServerImpl (RaftServerImpl.java:setRole(184)) - a26a9f1d-c528-4494-83e5-475827f7720e@group-5E7A11E15B06: changes role from CANDIDATE to FOLLOWER at term 34 for DISCOVERED_A_NEW_TERM
2019-10-21 22:02:33,686 [a26a9f1d-c528-4494-83e5-475827f7720e@group-5E7A11E15B06-LeaderElection39] INFO  impl.RoleInfo (RoleInfo.java:shutdownLeaderElection(134)) - a26a9f1d-c528-4494-83e5-475827f7720e: shutdown LeaderElection
2019-10-21 22:02:33,686 [a26a9f1d-c528-4494-83e5-475827f7720e@group-5E7A11E15B06-LeaderElection39] INFO  impl.RoleInfo (RoleInfo.java:updateAndGet(143)) - a26a9f1d-c528-4494-83e5-475827f7720e: start FollowerState
2019-10-21 22:02:33,704 [Thread-808] INFO  impl.FollowerState (FollowerState.java:run(108)) - a26a9f1d-c528-4494-83e5-475827f7720e@group-5E7A11E15B06-FollowerState: change to CANDIDATE, lastRpcTime:18ms, electionTimeout:18ms
2019-10-21 22:02:33,704 [Thread-808] INFO  impl.RoleInfo (RoleInfo.java:shutdownFollowerState(121)) - a26a9f1d-c528-4494-83e5-475827f7720e: shutdown FollowerState
2019-10-21 22:02:33,704 [Thread-808] INFO  impl.RaftServerImpl (RaftServerImpl.java:setRole(184)) - a26a9f1d-c528-4494-83e5-475827f7720e@group-5E7A11E15B06: changes role from  FOLLOWER to CANDIDATE at term 34 for changeToCandidate
2019-10-21 22:02:33,705 [Thread-808] INFO  impl.RoleInfo (RoleInfo.java:updateAndGet(143)) - a26a9f1d-c528-4494-83e5-475827f7720e: start LeaderElection
2019-10-21 22:02:33,715 [a26a9f1d-c528-4494-83e5-475827f7720e@group-5E7A11E15B06-LeaderElection40] INFO  impl.LeaderElection (LeaderElection.java:askForVotes(178)) - a26a9f1d-c528-4494-83e5-475827f7720e@group-5E7A11E15B06-LeaderElection40: begin an election at term 35 for 0: [a26a9f1d-c528-4494-83e5-475827f7720e:192.168.69.92:46217, a1036450-74c2-4405-b4f8-7a994af8c84a:192.168.69.92:36225, 95d3bce6-5996-460d-8578-b7f952c18b9c:192.168.69.92:41231], old=null
2019-10-21 22:02:33,717 [grpc-default-executor-6] INFO  impl.RaftServerImpl (RaftServerImpl.java:setRole(184)) - 95d3bce6-5996-460d-8578-b7f952c18b9c@group-5E7A11E15B06: changes role from  FOLLOWER to FOLLOWER at term 35 for recognizeCandidate:a26a9f1d-c528-4494-83e5-475827f7720e
2019-10-21 22:02:33,717 [grpc-default-executor-6] INFO  impl.RoleInfo (RoleInfo.java:shutdownFollowerState(121)) - 95d3bce6-5996-460d-8578-b7f952c18b9c: shutdown FollowerState
2019-10-21 22:02:33,717 [grpc-default-executor-2] INFO  impl.RaftServerImpl (RaftServerImpl.java:setRole(184)) - a1036450-74c2-4405-b4f8-7a994af8c84a@group-5E7A11E15B06: changes role from  FOLLOWER to FOLLOWER at term 35 for recognizeCandidate:a26a9f1d-c528-4494-83e5-475827f7720e
2019-10-21 22:02:33,717 [Thread-806] INFO  impl.FollowerState (FollowerState.java:run(117)) - 95d3bce6-5996-460d-8578-b7f952c18b9c@group-5E7A11E15B06-FollowerState was interrupted: java.lang.InterruptedException: sleep interrupted
2019-10-21 22:02:33,717 [grpc-default-executor-6] INFO  impl.RoleInfo (RoleInfo.java:updateAndGet(143)) - 95d3bce6-5996-460d-8578-b7f952c18b9c: start FollowerState
2019-10-21 22:02:33,717 [grpc-default-executor-2] INFO  impl.RoleInfo (RoleInfo.java:shutdownFollowerState(121)) - a1036450-74c2-4405-b4f8-7a994af8c84a: shutdown FollowerState
2019-10-21 22:02:33,718 [Thread-805] INFO  impl.FollowerState (FollowerState.java:run(117)) - a1036450-74c2-4405-b4f8-7a994af8c84a@group-5E7A11E15B06-FollowerState was interrupted: java.lang.InterruptedException: sleep interrupted
2019-10-21 22:02:33,718 [grpc-default-executor-2] INFO  impl.RoleInfo (RoleInfo.java:updateAndGet(143)) - a1036450-74c2-4405-b4f8-7a994af8c84a: start FollowerState
2019-10-21 22:02:33,743 [a26a9f1d-c528-4494-83e5-475827f7720e@group-5E7A11E15B06-LeaderElection40] INFO  impl.LeaderElection (LeaderElection.java:logAndReturn(56)) - a26a9f1d-c528-4494-83e5-475827f7720e@group-5E7A11E15B06-LeaderElection40: Election REJECTED; received 2 response(s) [a26a9f1d-c528-4494-83e5-475827f7720e<-a1036450-74c2-4405-b4f8-7a994af8c84a#0:FAIL-t35, a26a9f1d-c528-4494-83e5-475827f7720e<-95d3bce6-5996-460d-8578-b7f952c18b9c#0:FAIL-t35] and 0 exception(s); a26a9f1d-c528-4494-83e5-475827f7720e@group-5E7A11E15B06:t35, leader=null, voted=a26a9f1d-c528-4494-83e5-475827f7720e, raftlog=a26a9f1d-c528-4494-83e5-475827f7720e@group-5E7A11E15B06-SegmentedRaftLog:OPENED:c3,f4,i4, conf=0: [a26a9f1d-c528-4494-83e5-475827f7720e:192.168.69.92:46217, a1036450-74c2-4405-b4f8-7a994af8c84a:192.168.69.92:36225, 95d3bce6-5996-460d-8578-b7f952c18b9c:192.168.69.92:41231], old=null
2019-10-21 22:02:33,743 [a26a9f1d-c528-4494-83e5-475827f7720e@group-5E7A11E15B06-LeaderElection40] INFO  impl.RaftServerImpl (RaftServerImpl.java:setRole(184)) - a26a9f1d-c528-4494-83e5-475827f7720e@group-5E7A11E15B06: changes role from CANDIDATE to FOLLOWER at term 35 for DISCOVERED_A_NEW_TERM
2019-10-21 22:02:33,743 [a26a9f1d-c528-4494-83e5-475827f7720e@group-5E7A11E15B06-LeaderElection40] INFO  impl.RoleInfo (RoleInfo.java:shutdownLeaderElection(134)) - a26a9f1d-c528-4494-83e5-475827f7720e: shutdown LeaderElection
2019-10-21 22:02:33,743 [a26a9f1d-c528-4494-83e5-475827f7720e@group-5E7A11E15B06-LeaderElection40] INFO  impl.RoleInfo (RoleInfo.java:updateAndGet(143)) - a26a9f1d-c528-4494-83e5-475827f7720e: start FollowerState
2019-10-21 22:02:33,794 [EventQueue-PendingDeleteStatusForPendingDeleteHandler] INFO  block.SCMBlockDeletingService (SCMBlockDeletingService.java:handlePendingDeletes(115)) - Block deletion txnID mismatch in datanode a26a9f1d-c528-4494-83e5-475827f7720e for containerID 1. Datanode delete txnID: 0, SCM txnID: 1
2019-10-21 22:02:33,824 [pool-7-thread-1] INFO  commands.RetriableDatanodeEventWatcher (RetriableDatanodeEventWatcher.java:onTimeout(47)) - RetriableDatanodeCommand type=deleteBlocksCommand with id=1571695345820 timed out. Retrying.
2019-10-21 22:02:33,824 [pool-7-thread-2] INFO  commands.RetriableDatanodeEventWatcher (RetriableDatanodeEventWatcher.java:onTimeout(47)) - RetriableDatanodeCommand type=deleteBlocksCommand with id=1571695345824 timed out. Retrying.
2019-10-21 22:02:33,824 [pool-7-thread-6] INFO  commands.RetriableDatanodeEventWatcher (RetriableDatanodeEventWatcher.java:onTimeout(47)) - RetriableDatanodeCommand type=deleteBlocksCommand with id=1571695345823 timed out. Retrying.
2019-10-21 22:02:33,824 [pool-7-thread-4] INFO  commands.RetriableDatanodeEventWatcher (RetriableDatanodeEventWatcher.java:onTimeout(47)) - RetriableDatanodeCommand type=deleteBlocksCommand with id=1571695345822 timed out. Retrying.
2019-10-21 22:02:33,825 [pool-7-thread-4] INFO  commands.RetriableDatanodeEventWatcher (RetriableDatanodeEventWatcher.java:onTimeout(47)) - RetriableDatanodeCommand type=deleteBlocksCommand with id=1571695345818 timed out. Retrying.
2019-10-21 22:02:33,825 [SCMBlockDeletingService#1] INFO  block.SCMBlockDeletingService (SCMBlockDeletingService.java:call(184)) - Totally added 1 delete blocks command for 1 datanodes, task elapsed time: 0ms
2019-10-21 22:02:33,825 [pool-7-thread-1] INFO  commands.RetriableDatanodeEventWatcher (RetriableDatanodeEventWatcher.java:onTimeout(47)) - RetriableDatanodeCommand type=deleteBlocksCommand with id=1571695345814 timed out. Retrying.
2019-10-21 22:02:33,825 [pool-7-thread-6] INFO  commands.RetriableDatanodeEventWatcher (RetriableDatanodeEventWatcher.java:onTimeout(47)) - RetriableDatanodeCommand type=deleteBlocksCommand with id=1571695345816 timed out. Retrying.
2019-10-21 22:02:33,825 [pool-7-thread-2] INFO  commands.RetriableDatanodeEventWatcher (RetriableDatanodeEventWatcher.java:onTimeout(47)) - RetriableDatanodeCommand type=deleteBlocksCommand with id=1571695345821 timed out. Retrying.
2019-10-21 22:02:33,905 [Thread-815] INFO  impl.FollowerState (FollowerState.java:run(108)) - a26a9f1d-c528-4494-83e5-475827f7720e@group-5E7A11E15B06-FollowerState: change to CANDIDATE, lastRpcTime:161ms, electionTimeout:161ms
2019-10-21 22:02:33,905 [Thread-815] INFO  impl.RoleInfo (RoleInfo.java:shutdownFollowerState(121)) - a26a9f1d-c528-4494-83e5-475827f7720e: shutdown FollowerState
2019-10-21 22:02:33,906 [Thread-815] INFO  impl.RaftServerImpl (RaftServerImpl.java:setRole(184)) - a26a9f1d-c528-4494-83e5-475827f7720e@group-5E7A11E15B06: changes role from  FOLLOWER to CANDIDATE at term 35 for changeToCandidate
2019-10-21 22:02:33,906 [Thread-815] INFO  impl.RoleInfo (RoleInfo.java:updateAndGet(143)) - a26a9f1d-c528-4494-83e5-475827f7720e: start LeaderElection
2019-10-21 22:02:33,994 [EventQueue-PendingDeleteStatusForPendingDeleteHandler] INFO  block.SCMBlockDeletingService (SCMBlockDeletingService.java:handlePendingDeletes(115)) - Block deletion txnID mismatch in datanode a26a9f1d-c528-4494-83e5-475827f7720e for containerID 1. Datanode delete txnID: 0, SCM txnID: 1
2019-10-21 22:02:34,013 [BlockDeletingService#7] WARN  background.BlockDeletingService (BlockDeletingService.java:isDeletionAllowed(187)) - Close Container log Index 6 is not replicated across allthe servers in the pipeline 14fb49ee-5d81-4c1e-bb69-5e7a11e15b06 as the min replicated index is 4. Deletion is not allowed in this container yet.
2019-10-21 22:02:34,013 [BlockDeletingService#2] WARN  background.BlockDeletingService (BlockDeletingService.java:isDeletionAllowed(187)) - Close Container log Index 6 is not replicated across allthe servers in the pipeline 14fb49ee-5d81-4c1e-bb69-5e7a11e15b06 as the min replicated index is 4. Deletion is not allowed in this container yet.
2019-10-21 22:02:34,022 [a26a9f1d-c528-4494-83e5-475827f7720e@group-5E7A11E15B06-LeaderElection41] INFO  impl.LeaderElection (LeaderElection.java:askForVotes(178)) - a26a9f1d-c528-4494-83e5-475827f7720e@group-5E7A11E15B06-LeaderElection41: begin an election at term 36 for 0: [a26a9f1d-c528-4494-83e5-475827f7720e:192.168.69.92:46217, a1036450-74c2-4405-b4f8-7a994af8c84a:192.168.69.92:36225, 95d3bce6-5996-460d-8578-b7f952c18b9c:192.168.69.92:41231], old=null
2019-10-21 22:02:34,026 [grpc-default-executor-6] INFO  impl.RaftServerImpl (RaftServerImpl.java:setRole(184)) - 95d3bce6-5996-460d-8578-b7f952c18b9c@group-5E7A11E15B06: changes role from  FOLLOWER to FOLLOWER at term 36 for recognizeCandidate:a26a9f1d-c528-4494-83e5-475827f7720e
2019-10-21 22:02:34,026 [grpc-default-executor-2] INFO  impl.RaftServerImpl (RaftServerImpl.java:setRole(184)) - a1036450-74c2-4405-b4f8-7a994af8c84a@group-5E7A11E15B06: changes role from  FOLLOWER to FOLLOWER at term 36 for recognizeCandidate:a26a9f1d-c528-4494-83e5-475827f7720e
2019-10-21 22:02:34,026 [grpc-default-executor-6] INFO  impl.RoleInfo (RoleInfo.java:shutdownFollowerState(121)) - 95d3bce6-5996-460d-8578-b7f952c18b9c: shutdown FollowerState
2019-10-21 22:02:34,026 [grpc-default-executor-2] INFO  impl.RoleInfo (RoleInfo.java:shutdownFollowerState(121)) - a1036450-74c2-4405-b4f8-7a994af8c84a: shutdown FollowerState
2019-10-21 22:02:34,026 [Thread-813] INFO  impl.FollowerState (FollowerState.java:run(117)) - 95d3bce6-5996-460d-8578-b7f952c18b9c@group-5E7A11E15B06-FollowerState was interrupted: java.lang.InterruptedException: sleep interrupted
2019-10-21 22:02:34,026 [grpc-default-executor-6] INFO  impl.RoleInfo (RoleInfo.java:updateAndGet(143)) - 95d3bce6-5996-460d-8578-b7f952c18b9c: start FollowerState
2019-10-21 22:02:34,027 [grpc-default-executor-2] INFO  impl.RoleInfo (RoleInfo.java:updateAndGet(143)) - a1036450-74c2-4405-b4f8-7a994af8c84a: start FollowerState
2019-10-21 22:02:34,026 [Thread-814] INFO  impl.FollowerState (FollowerState.java:run(117)) - a1036450-74c2-4405-b4f8-7a994af8c84a@group-5E7A11E15B06-FollowerState was interrupted: java.lang.InterruptedException: sleep interrupted
2019-10-21 22:02:34,029 [a26a9f1d-c528-4494-83e5-475827f7720e@group-5E7A11E15B06-LeaderElection41] INFO  impl.LeaderElection (LeaderElection.java:logAndReturn(56)) - a26a9f1d-c528-4494-83e5-475827f7720e@group-5E7A11E15B06-LeaderElection41: Election TIMEOUT; received 0 response(s) [] and 0 exception(s); a26a9f1d-c528-4494-83e5-475827f7720e@group-5E7A11E15B06:t36, leader=null, voted=a26a9f1d-c528-4494-83e5-475827f7720e, raftlog=a26a9f1d-c528-4494-83e5-475827f7720e@group-5E7A11E15B06-SegmentedRaftLog:OPENED:c3,f4,i4, conf=0: [a26a9f1d-c528-4494-83e5-475827f7720e:192.168.69.92:46217, a1036450-74c2-4405-b4f8-7a994af8c84a:192.168.69.92:36225, 95d3bce6-5996-460d-8578-b7f952c18b9c:192.168.69.92:41231], old=null
2019-10-21 22:02:34,037 [a26a9f1d-c528-4494-83e5-475827f7720e@group-5E7A11E15B06-LeaderElection41] INFO  impl.LeaderElection (LeaderElection.java:askForVotes(178)) - a26a9f1d-c528-4494-83e5-475827f7720e@group-5E7A11E15B06-LeaderElection41: begin an election at term 37 for 0: [a26a9f1d-c528-4494-83e5-475827f7720e:192.168.69.92:46217, a1036450-74c2-4405-b4f8-7a994af8c84a:192.168.69.92:36225, 95d3bce6-5996-460d-8578-b7f952c18b9c:192.168.69.92:41231], old=null
2019-10-21 22:02:34,039 [grpc-default-executor-6] INFO  impl.RaftServerImpl (RaftServerImpl.java:setRole(184)) - a1036450-74c2-4405-b4f8-7a994af8c84a@group-5E7A11E15B06: changes role from  FOLLOWER to FOLLOWER at term 37 for recognizeCandidate:a26a9f1d-c528-4494-83e5-475827f7720e
2019-10-21 22:02:34,039 [grpc-default-executor-2] INFO  impl.RaftServerImpl (RaftServerImpl.java:setRole(184)) - 95d3bce6-5996-460d-8578-b7f952c18b9c@group-5E7A11E15B06: changes role from  FOLLOWER to FOLLOWER at term 37 for recognizeCandidate:a26a9f1d-c528-4494-83e5-475827f7720e
2019-10-21 22:02:34,039 [grpc-default-executor-6] INFO  impl.RoleInfo (RoleInfo.java:shutdownFollowerState(121)) - a1036450-74c2-4405-b4f8-7a994af8c84a: shutdown FollowerState
2019-10-21 22:02:34,039 [grpc-default-executor-2] INFO  impl.RoleInfo (RoleInfo.java:shutdownFollowerState(121)) - 95d3bce6-5996-460d-8578-b7f952c18b9c: shutdown FollowerState
2019-10-21 22:02:34,039 [Thread-822] INFO  impl.FollowerState (FollowerState.java:run(117)) - a1036450-74c2-4405-b4f8-7a994af8c84a@group-5E7A11E15B06-FollowerState was interrupted: java.lang.InterruptedException: sleep interrupted
2019-10-21 22:02:34,039 [grpc-default-executor-6] INFO  impl.RoleInfo (RoleInfo.java:updateAndGet(143)) - a1036450-74c2-4405-b4f8-7a994af8c84a: start FollowerState
2019-10-21 22:02:34,039 [Thread-821] INFO  impl.FollowerState (FollowerState.java:run(117)) - 95d3bce6-5996-460d-8578-b7f952c18b9c@group-5E7A11E15B06-FollowerState was interrupted: java.lang.InterruptedException: sleep interrupted
2019-10-21 22:02:34,040 [grpc-default-executor-2] INFO  impl.RoleInfo (RoleInfo.java:updateAndGet(143)) - 95d3bce6-5996-460d-8578-b7f952c18b9c: start FollowerState
2019-10-21 22:02:34,051 [a26a9f1d-c528-4494-83e5-475827f7720e@group-5E7A11E15B06-LeaderElection41] INFO  impl.LeaderElection (LeaderElection.java:logAndReturn(56)) - a26a9f1d-c528-4494-83e5-475827f7720e@group-5E7A11E15B06-LeaderElection41: Election REJECTED; received 2 response(s) [a26a9f1d-c528-4494-83e5-475827f7720e<-a1036450-74c2-4405-b4f8-7a994af8c84a#0:FAIL-t37, a26a9f1d-c528-4494-83e5-475827f7720e<-95d3bce6-5996-460d-8578-b7f952c18b9c#0:FAIL-t37] and 0 exception(s); a26a9f1d-c528-4494-83e5-475827f7720e@group-5E7A11E15B06:t37, leader=null, voted=a26a9f1d-c528-4494-83e5-475827f7720e, raftlog=a26a9f1d-c528-4494-83e5-475827f7720e@group-5E7A11E15B06-SegmentedRaftLog:OPENED:c3,f4,i4, conf=0: [a26a9f1d-c528-4494-83e5-475827f7720e:192.168.69.92:46217, a1036450-74c2-4405-b4f8-7a994af8c84a:192.168.69.92:36225, 95d3bce6-5996-460d-8578-b7f952c18b9c:192.168.69.92:41231], old=null
2019-10-21 22:02:34,051 [a26a9f1d-c528-4494-83e5-475827f7720e@group-5E7A11E15B06-LeaderElection41] INFO  impl.RaftServerImpl (RaftServerImpl.java:setRole(184)) - a26a9f1d-c528-4494-83e5-475827f7720e@group-5E7A11E15B06: changes role from CANDIDATE to FOLLOWER at term 37 for DISCOVERED_A_NEW_TERM
2019-10-21 22:02:34,051 [a26a9f1d-c528-4494-83e5-475827f7720e@group-5E7A11E15B06-LeaderElection41] INFO  impl.RoleInfo (RoleInfo.java:shutdownLeaderElection(134)) - a26a9f1d-c528-4494-83e5-475827f7720e: shutdown LeaderElection
2019-10-21 22:02:34,051 [a26a9f1d-c528-4494-83e5-475827f7720e@group-5E7A11E15B06-LeaderElection41] INFO  impl.RoleInfo (RoleInfo.java:updateAndGet(143)) - a26a9f1d-c528-4494-83e5-475827f7720e: start FollowerState
2019-10-21 22:02:34,247 [Thread-827] INFO  impl.FollowerState (FollowerState.java:run(108)) - a26a9f1d-c528-4494-83e5-475827f7720e@group-5E7A11E15B06-FollowerState: change to CANDIDATE, lastRpcTime:196ms, electionTimeout:196ms
2019-10-21 22:02:34,248 [Thread-827] INFO  impl.RoleInfo (RoleInfo.java:shutdownFollowerState(121)) - a26a9f1d-c528-4494-83e5-475827f7720e: shutdown FollowerState
2019-10-21 22:02:34,248 [Thread-827] INFO  impl.RaftServerImpl (RaftServerImpl.java:setRole(184)) - a26a9f1d-c528-4494-83e5-475827f7720e@group-5E7A11E15B06: changes role from  FOLLOWER to CANDIDATE at term 37 for changeToCandidate
2019-10-21 22:02:34,248 [Thread-827] INFO  impl.RoleInfo (RoleInfo.java:updateAndGet(143)) - a26a9f1d-c528-4494-83e5-475827f7720e: start LeaderElection
2019-10-21 22:02:34,256 [a26a9f1d-c528-4494-83e5-475827f7720e@group-5E7A11E15B06-LeaderElection42] INFO  impl.LeaderElection (LeaderElection.java:askForVotes(178)) - a26a9f1d-c528-4494-83e5-475827f7720e@group-5E7A11E15B06-LeaderElection42: begin an election at term 38 for 0: [a26a9f1d-c528-4494-83e5-475827f7720e:192.168.69.92:46217, a1036450-74c2-4405-b4f8-7a994af8c84a:192.168.69.92:36225, 95d3bce6-5996-460d-8578-b7f952c18b9c:192.168.69.92:41231], old=null
2019-10-21 22:02:34,259 [grpc-default-executor-6] INFO  impl.RaftServerImpl (RaftServerImpl.java:setRole(184)) - a1036450-74c2-4405-b4f8-7a994af8c84a@group-5E7A11E15B06: changes role from  FOLLOWER to FOLLOWER at term 38 for recognizeCandidate:a26a9f1d-c528-4494-83e5-475827f7720e
2019-10-21 22:02:34,259 [grpc-default-executor-2] INFO  impl.RaftServerImpl (RaftServerImpl.java:setRole(184)) - 95d3bce6-5996-460d-8578-b7f952c18b9c@group-5E7A11E15B06: changes role from  FOLLOWER to FOLLOWER at term 38 for recognizeCandidate:a26a9f1d-c528-4494-83e5-475827f7720e
2019-10-21 22:02:34,259 [grpc-default-executor-6] INFO  impl.RoleInfo (RoleInfo.java:shutdownFollowerState(121)) - a1036450-74c2-4405-b4f8-7a994af8c84a: shutdown FollowerState
2019-10-21 22:02:34,259 [grpc-default-executor-2] INFO  impl.RoleInfo (RoleInfo.java:shutdownFollowerState(121)) - 95d3bce6-5996-460d-8578-b7f952c18b9c: shutdown FollowerState
2019-10-21 22:02:34,259 [grpc-default-executor-6] INFO  impl.RoleInfo (RoleInfo.java:updateAndGet(143)) - a1036450-74c2-4405-b4f8-7a994af8c84a: start FollowerState
2019-10-21 22:02:34,260 [Thread-826] INFO  impl.FollowerState (FollowerState.java:run(117)) - 95d3bce6-5996-460d-8578-b7f952c18b9c@group-5E7A11E15B06-FollowerState was interrupted: java.lang.InterruptedException: sleep interrupted
2019-10-21 22:02:34,259 [Thread-825] INFO  impl.FollowerState (FollowerState.java:run(117)) - a1036450-74c2-4405-b4f8-7a994af8c84a@group-5E7A11E15B06-FollowerState was interrupted: java.lang.InterruptedException: sleep interrupted
2019-10-21 22:02:34,260 [grpc-default-executor-2] INFO  impl.RoleInfo (RoleInfo.java:updateAndGet(143)) - 95d3bce6-5996-460d-8578-b7f952c18b9c: start FollowerState
2019-10-21 22:02:34,274 [a26a9f1d-c528-4494-83e5-475827f7720e@group-5E7A11E15B06-LeaderElection42] INFO  impl.LeaderElection (LeaderElection.java:logAndReturn(56)) - a26a9f1d-c528-4494-83e5-475827f7720e@group-5E7A11E15B06-LeaderElection42: Election REJECTED; received 2 response(s) [a26a9f1d-c528-4494-83e5-475827f7720e<-a1036450-74c2-4405-b4f8-7a994af8c84a#0:FAIL-t38, a26a9f1d-c528-4494-83e5-475827f7720e<-95d3bce6-5996-460d-8578-b7f952c18b9c#0:FAIL-t38] and 0 exception(s); a26a9f1d-c528-4494-83e5-475827f7720e@group-5E7A11E15B06:t38, leader=null, voted=a26a9f1d-c528-4494-83e5-475827f7720e, raftlog=a26a9f1d-c528-4494-83e5-475827f7720e@group-5E7A11E15B06-SegmentedRaftLog:OPENED:c3,f4,i4, conf=0: [a26a9f1d-c528-4494-83e5-475827f7720e:192.168.69.92:46217, a1036450-74c2-4405-b4f8-7a994af8c84a:192.168.69.92:36225, 95d3bce6-5996-460d-8578-b7f952c18b9c:192.168.69.92:41231], old=null
2019-10-21 22:02:34,274 [a26a9f1d-c528-4494-83e5-475827f7720e@group-5E7A11E15B06-LeaderElection42] INFO  impl.RaftServerImpl (RaftServerImpl.java:setRole(184)) - a26a9f1d-c528-4494-83e5-475827f7720e@group-5E7A11E15B06: changes role from CANDIDATE to FOLLOWER at term 38 for DISCOVERED_A_NEW_TERM
2019-10-21 22:02:34,274 [a26a9f1d-c528-4494-83e5-475827f7720e@group-5E7A11E15B06-LeaderElection42] INFO  impl.RoleInfo (RoleInfo.java:shutdownLeaderElection(134)) - a26a9f1d-c528-4494-83e5-475827f7720e: shutdown LeaderElection
2019-10-21 22:02:34,274 [a26a9f1d-c528-4494-83e5-475827f7720e@group-5E7A11E15B06-LeaderElection42] INFO  impl.RoleInfo (RoleInfo.java:updateAndGet(143)) - a26a9f1d-c528-4494-83e5-475827f7720e: start FollowerState
2019-10-21 22:02:34,294 [EventQueue-PendingDeleteStatusForPendingDeleteHandler] INFO  block.SCMBlockDeletingService (SCMBlockDeletingService.java:handlePendingDeletes(115)) - Block deletion txnID mismatch in datanode a26a9f1d-c528-4494-83e5-475827f7720e for containerID 1. Datanode delete txnID: 0, SCM txnID: 1
2019-10-21 22:02:34,298 [Thread-833] INFO  impl.FollowerState (FollowerState.java:run(108)) - a26a9f1d-c528-4494-83e5-475827f7720e@group-5E7A11E15B06-FollowerState: change to CANDIDATE, lastRpcTime:23ms, electionTimeout:23ms
2019-10-21 22:02:34,298 [Thread-833] INFO  impl.RoleInfo (RoleInfo.java:shutdownFollowerState(121)) - a26a9f1d-c528-4494-83e5-475827f7720e: shutdown FollowerState
2019-10-21 22:02:34,298 [Thread-833] INFO  impl.RaftServerImpl (RaftServerImpl.java:setRole(184)) - a26a9f1d-c528-4494-83e5-475827f7720e@group-5E7A11E15B06: changes role from  FOLLOWER to CANDIDATE at term 38 for changeToCandidate
2019-10-21 22:02:34,298 [Thread-833] INFO  impl.RoleInfo (RoleInfo.java:updateAndGet(143)) - a26a9f1d-c528-4494-83e5-475827f7720e: start LeaderElection
2019-10-21 22:02:34,307 [a26a9f1d-c528-4494-83e5-475827f7720e@group-5E7A11E15B06-LeaderElection43] INFO  impl.LeaderElection (LeaderElection.java:askForVotes(178)) - a26a9f1d-c528-4494-83e5-475827f7720e@group-5E7A11E15B06-LeaderElection43: begin an election at term 39 for 0: [a26a9f1d-c528-4494-83e5-475827f7720e:192.168.69.92:46217, a1036450-74c2-4405-b4f8-7a994af8c84a:192.168.69.92:36225, 95d3bce6-5996-460d-8578-b7f952c18b9c:192.168.69.92:41231], old=null
2019-10-21 22:02:34,308 [Command processor thread] INFO  commandhandler.DeleteBlocksCommandHandler (DeleteBlocksCommandHandler.java:handle(106)) - Start to delete container blocks, TXIDs=[1(0)], numOfContainers=1, numOfBlocks=1
2019-10-21 22:02:34,308 [Command processor thread] INFO  commandhandler.DeleteBlocksCommandHandler (DeleteBlocksCommandHandler.java:handle(106)) - Start to delete container blocks, TXIDs=[1(2)], numOfContainers=1, numOfBlocks=1
2019-10-21 22:02:34,308 [Command processor thread] INFO  commandhandler.DeleteBlocksCommandHandler (DeleteBlocksCommandHandler.java:handle(106)) - Start to delete container blocks, TXIDs=[1(0)], numOfContainers=1, numOfBlocks=1
2019-10-21 22:02:34,309 [Command processor thread] INFO  commandhandler.DeleteBlocksCommandHandler (DeleteBlocksCommandHandler.java:handle(106)) - Start to delete container blocks, TXIDs=[1(2)], numOfContainers=1, numOfBlocks=1
2019-10-21 22:02:34,309 [Command processor thread] INFO  commandhandler.DeleteBlocksCommandHandler (DeleteBlocksCommandHandler.java:handle(106)) - Start to delete container blocks, TXIDs=[1(0)], numOfContainers=1, numOfBlocks=1
2019-10-21 22:02:34,309 [grpc-default-executor-2] INFO  impl.RaftServerImpl (RaftServerImpl.java:setRole(184)) - a1036450-74c2-4405-b4f8-7a994af8c84a@group-5E7A11E15B06: changes role from  FOLLOWER to FOLLOWER at term 39 for recognizeCandidate:a26a9f1d-c528-4494-83e5-475827f7720e
2019-10-21 22:02:34,309 [Command processor thread] INFO  commandhandler.DeleteBlocksCommandHandler (DeleteBlocksCommandHandler.java:handle(106)) - Start to delete container blocks, TXIDs=[1(4)], numOfContainers=1, numOfBlocks=1
2019-10-21 22:02:34,309 [grpc-default-executor-6] INFO  impl.RaftServerImpl (RaftServerImpl.java:setRole(184)) - 95d3bce6-5996-460d-8578-b7f952c18b9c@group-5E7A11E15B06: changes role from  FOLLOWER to FOLLOWER at term 39 for recognizeCandidate:a26a9f1d-c528-4494-83e5-475827f7720e
2019-10-21 22:02:34,309 [Command processor thread] INFO  commandhandler.DeleteBlocksCommandHandler (DeleteBlocksCommandHandler.java:handle(106)) - Start to delete container blocks, TXIDs=[1(2)], numOfContainers=1, numOfBlocks=1
2019-10-21 22:02:34,309 [grpc-default-executor-2] INFO  impl.RoleInfo (RoleInfo.java:shutdownFollowerState(121)) - a1036450-74c2-4405-b4f8-7a994af8c84a: shutdown FollowerState
2019-10-21 22:02:34,309 [Command processor thread] INFO  commandhandler.DeleteBlocksCommandHandler (DeleteBlocksCommandHandler.java:handle(106)) - Start to delete container blocks, TXIDs=[1(0)], numOfContainers=1, numOfBlocks=1
2019-10-21 22:02:34,309 [Thread-831] INFO  impl.FollowerState (FollowerState.java:run(117)) - a1036450-74c2-4405-b4f8-7a994af8c84a@group-5E7A11E15B06-FollowerState was interrupted: java.lang.InterruptedException: sleep interrupted
2019-10-21 22:02:34,309 [grpc-default-executor-6] INFO  impl.RoleInfo (RoleInfo.java:shutdownFollowerState(121)) - 95d3bce6-5996-460d-8578-b7f952c18b9c: shutdown FollowerState
2019-10-21 22:02:34,310 [Command processor thread] INFO  commandhandler.DeleteBlocksCommandHandler (DeleteBlocksCommandHandler.java:handle(106)) - Start to delete container blocks, TXIDs=[1(4)], numOfContainers=1, numOfBlocks=1
2019-10-21 22:02:34,309 [grpc-default-executor-2] INFO  impl.RoleInfo (RoleInfo.java:updateAndGet(143)) - a1036450-74c2-4405-b4f8-7a994af8c84a: start FollowerState
2019-10-21 22:02:34,310 [Command processor thread] INFO  commandhandler.DeleteBlocksCommandHandler (DeleteBlocksCommandHandler.java:handle(106)) - Start to delete container blocks, TXIDs=[1(7)], numOfContainers=1, numOfBlocks=1
2019-10-21 22:02:34,310 [Thread-832] INFO  impl.FollowerState (FollowerState.java:run(117)) - 95d3bce6-5996-460d-8578-b7f952c18b9c@group-5E7A11E15B06-FollowerState was interrupted: java.lang.InterruptedException: sleep interrupted
2019-10-21 22:02:34,310 [Command processor thread] INFO  commandhandler.DeleteBlocksCommandHandler (DeleteBlocksCommandHandler.java:handle(106)) - Start to delete container blocks, TXIDs=[1(4)], numOfContainers=1, numOfBlocks=1
2019-10-21 22:02:34,310 [grpc-default-executor-6] INFO  impl.RoleInfo (RoleInfo.java:updateAndGet(143)) - 95d3bce6-5996-460d-8578-b7f952c18b9c: start FollowerState
2019-10-21 22:02:34,310 [Command processor thread] INFO  commandhandler.DeleteBlocksCommandHandler (DeleteBlocksCommandHandler.java:handle(106)) - Start to delete container blocks, TXIDs=[1(11)], numOfContainers=1, numOfBlocks=1
2019-10-21 22:02:34,310 [Command processor thread] INFO  commandhandler.DeleteBlocksCommandHandler (DeleteBlocksCommandHandler.java:handle(106)) - Start to delete container blocks, TXIDs=[1(7)], numOfContainers=1, numOfBlocks=1
2019-10-21 22:02:34,311 [Command processor thread] INFO  commandhandler.DeleteBlocksCommandHandler (DeleteBlocksCommandHandler.java:handle(106)) - Start to delete container blocks, TXIDs=[1(0)], numOfContainers=1, numOfBlocks=1
2019-10-21 22:02:34,311 [Command processor thread] INFO  commandhandler.DeleteBlocksCommandHandler (DeleteBlocksCommandHandler.java:handle(106)) - Start to delete container blocks, TXIDs=[1(2)], numOfContainers=1, numOfBlocks=1
2019-10-21 22:02:34,311 [Command processor thread] INFO  commandhandler.DeleteBlocksCommandHandler (DeleteBlocksCommandHandler.java:handle(106)) - Start to delete container blocks, TXIDs=[1(4)], numOfContainers=1, numOfBlocks=1
2019-10-21 22:02:34,311 [Command processor thread] INFO  commandhandler.DeleteBlocksCommandHandler (DeleteBlocksCommandHandler.java:handle(106)) - Start to delete container blocks, TXIDs=[1(11)], numOfContainers=1, numOfBlocks=1
2019-10-21 22:02:34,311 [Command processor thread] INFO  commandhandler.DeleteBlocksCommandHandler (DeleteBlocksCommandHandler.java:handle(106)) - Start to delete container blocks, TXIDs=[1(0)], numOfContainers=1, numOfBlocks=1
2019-10-21 22:02:34,311 [Command processor thread] INFO  commandhandler.DeleteBlocksCommandHandler (DeleteBlocksCommandHandler.java:handle(106)) - Start to delete container blocks, TXIDs=[1(7)], numOfContainers=1, numOfBlocks=1
2019-10-21 22:02:34,312 [Command processor thread] INFO  commandhandler.DeleteBlocksCommandHandler (DeleteBlocksCommandHandler.java:handle(106)) - Start to delete container blocks, TXIDs=[1(11)], numOfContainers=1, numOfBlocks=1
2019-10-21 22:02:34,312 [Command processor thread] INFO  commandhandler.DeleteBlocksCommandHandler (DeleteBlocksCommandHandler.java:handle(106)) - Start to delete container blocks, TXIDs=[1(2)], numOfContainers=1, numOfBlocks=1
2019-10-21 22:02:34,312 [Command processor thread] INFO  commandhandler.DeleteBlocksCommandHandler (DeleteBlocksCommandHandler.java:handle(106)) - Start to delete container blocks, TXIDs=[1(11)], numOfContainers=1, numOfBlocks=1
2019-10-21 22:02:34,312 [Command processor thread] INFO  commandhandler.DeleteBlocksCommandHandler (DeleteBlocksCommandHandler.java:handle(106)) - Start to delete container blocks, TXIDs=[1(7)], numOfContainers=1, numOfBlocks=1
2019-10-21 22:02:34,312 [Command processor thread] INFO  commandhandler.DeleteBlocksCommandHandler (DeleteBlocksCommandHandler.java:handle(106)) - Start to delete container blocks, TXIDs=[1(11)], numOfContainers=1, numOfBlocks=1
2019-10-21 22:02:34,313 [Command processor thread] INFO  commandhandler.DeleteBlocksCommandHandler (DeleteBlocksCommandHandler.java:handle(106)) - Start to delete container blocks, TXIDs=[1(11)], numOfContainers=1, numOfBlocks=1
2019-10-21 22:02:34,313 [Command processor thread] INFO  commandhandler.DeleteBlocksCommandHandler (DeleteBlocksCommandHandler.java:handle(106)) - Start to delete container blocks, TXIDs=[1(2)], numOfContainers=1, numOfBlocks=1
2019-10-21 22:02:34,313 [Command processor thread] INFO  commandhandler.DeleteBlocksCommandHandler (DeleteBlocksCommandHandler.java:handle(106)) - Start to delete container blocks, TXIDs=[1(4)], numOfContainers=1, numOfBlocks=1
2019-10-21 22:02:34,313 [Command processor thread] INFO  commandhandler.DeleteBlocksCommandHandler (DeleteBlocksCommandHandler.java:handle(106)) - Start to delete container blocks, TXIDs=[1(0)], numOfContainers=1, numOfBlocks=1
2019-10-21 22:02:34,313 [Command processor thread] INFO  commandhandler.DeleteBlocksCommandHandler (DeleteBlocksCommandHandler.java:handle(106)) - Start to delete container blocks, TXIDs=[1(11)], numOfContainers=1, numOfBlocks=1
2019-10-21 22:02:34,313 [Command processor thread] INFO  commandhandler.DeleteBlocksCommandHandler (DeleteBlocksCommandHandler.java:handle(106)) - Start to delete container blocks, TXIDs=[1(11)], numOfContainers=1, numOfBlocks=1
2019-10-21 22:02:34,314 [Command processor thread] INFO  commandhandler.DeleteBlocksCommandHandler (DeleteBlocksCommandHandler.java:handle(106)) - Start to delete container blocks, TXIDs=[1(11)], numOfContainers=1, numOfBlocks=1
2019-10-21 22:02:34,314 [Command processor thread] INFO  commandhandler.DeleteBlocksCommandHandler (DeleteBlocksCommandHandler.java:handle(106)) - Start to delete container blocks, TXIDs=[1(7)], numOfContainers=1, numOfBlocks=1
2019-10-21 22:02:34,314 [Command processor thread] INFO  commandhandler.DeleteBlocksCommandHandler (DeleteBlocksCommandHandler.java:handle(106)) - Start to delete container blocks, TXIDs=[1(11)], numOfContainers=1, numOfBlocks=1
2019-10-21 22:02:34,314 [Command processor thread] INFO  commandhandler.DeleteBlocksCommandHandler (DeleteBlocksCommandHandler.java:handle(106)) - Start to delete container blocks, TXIDs=[1(2)], numOfContainers=1, numOfBlocks=1
2019-10-21 22:02:34,314 [Command processor thread] INFO  commandhandler.DeleteBlocksCommandHandler (DeleteBlocksCommandHandler.java:handle(106)) - Start to delete container blocks, TXIDs=[1(4)], numOfContainers=1, numOfBlocks=1
2019-10-21 22:02:34,314 [Command processor thread] INFO  commandhandler.DeleteBlocksCommandHandler (DeleteBlocksCommandHandler.java:handle(106)) - Start to delete container blocks, TXIDs=[1(0)], numOfContainers=1, numOfBlocks=1
2019-10-21 22:02:34,315 [Command processor thread] INFO  commandhandler.DeleteBlocksCommandHandler (DeleteBlocksCommandHandler.java:handle(106)) - Start to delete container blocks, TXIDs=[1(7)], numOfContainers=1, numOfBlocks=1
2019-10-21 22:02:34,315 [Command processor thread] INFO  commandhandler.DeleteBlocksCommandHandler (DeleteBlocksCommandHandler.java:handle(106)) - Start to delete container blocks, TXIDs=[1(11)], numOfContainers=1, numOfBlocks=1
2019-10-21 22:02:34,315 [Command processor thread] INFO  commandhandler.DeleteBlocksCommandHandler (DeleteBlocksCommandHandler.java:handle(106)) - Start to delete container blocks, TXIDs=[1(11)], numOfContainers=1, numOfBlocks=1
2019-10-21 22:02:34,315 [Command processor thread] INFO  commandhandler.DeleteBlocksCommandHandler (DeleteBlocksCommandHandler.java:handle(106)) - Start to delete container blocks, TXIDs=[1(47)], numOfContainers=1, numOfBlocks=1
2019-10-21 22:02:34,315 [Command processor thread] INFO  commandhandler.DeleteBlocksCommandHandler (DeleteBlocksCommandHandler.java:handle(106)) - Start to delete container blocks, TXIDs=[1(11)], numOfContainers=1, numOfBlocks=1
2019-10-21 22:02:34,315 [Command processor thread] INFO  commandhandler.DeleteBlocksCommandHandler (DeleteBlocksCommandHandler.java:handle(106)) - Start to delete container blocks, TXIDs=[1(4)], numOfContainers=1, numOfBlocks=1
2019-10-21 22:02:34,316 [Command processor thread] INFO  commandhandler.DeleteBlocksCommandHandler (DeleteBlocksCommandHandler.java:handle(106)) - Start to delete container blocks, TXIDs=[1(0)], numOfContainers=1, numOfBlocks=1
2019-10-21 22:02:34,316 [Command processor thread] INFO  commandhandler.DeleteBlocksCommandHandler (DeleteBlocksCommandHandler.java:handle(106)) - Start to delete container blocks, TXIDs=[1(2)], numOfContainers=1, numOfBlocks=1
2019-10-21 22:02:34,316 [Command processor thread] INFO  commandhandler.DeleteBlocksCommandHandler (DeleteBlocksCommandHandler.java:handle(106)) - Start to delete container blocks, TXIDs=[1(11)], numOfContainers=1, numOfBlocks=1
2019-10-21 22:02:34,345 [a26a9f1d-c528-4494-83e5-475827f7720e@group-5E7A11E15B06-LeaderElection43] INFO  impl.LeaderElection (LeaderElection.java:logAndReturn(56)) - a26a9f1d-c528-4494-83e5-475827f7720e@group-5E7A11E15B06-LeaderElection43: Election REJECTED; received 2 response(s) [a26a9f1d-c528-4494-83e5-475827f7720e<-a1036450-74c2-4405-b4f8-7a994af8c84a#0:FAIL-t39, a26a9f1d-c528-4494-83e5-475827f7720e<-95d3bce6-5996-460d-8578-b7f952c18b9c#0:FAIL-t39] and 0 exception(s); a26a9f1d-c528-4494-83e5-475827f7720e@group-5E7A11E15B06:t39, leader=null, voted=a26a9f1d-c528-4494-83e5-475827f7720e, raftlog=a26a9f1d-c528-4494-83e5-475827f7720e@group-5E7A11E15B06-SegmentedRaftLog:OPENED:c3,f4,i4, conf=0: [a26a9f1d-c528-4494-83e5-475827f7720e:192.168.69.92:46217, a1036450-74c2-4405-b4f8-7a994af8c84a:192.168.69.92:36225, 95d3bce6-5996-460d-8578-b7f952c18b9c:192.168.69.92:41231], old=null
2019-10-21 22:02:34,345 [a26a9f1d-c528-4494-83e5-475827f7720e@group-5E7A11E15B06-LeaderElection43] INFO  impl.RaftServerImpl (RaftServerImpl.java:setRole(184)) - a26a9f1d-c528-4494-83e5-475827f7720e@group-5E7A11E15B06: changes role from CANDIDATE to FOLLOWER at term 39 for DISCOVERED_A_NEW_TERM
2019-10-21 22:02:34,345 [a26a9f1d-c528-4494-83e5-475827f7720e@group-5E7A11E15B06-LeaderElection43] INFO  impl.RoleInfo (RoleInfo.java:shutdownLeaderElection(134)) - a26a9f1d-c528-4494-83e5-475827f7720e: shutdown LeaderElection
2019-10-21 22:02:34,345 [a26a9f1d-c528-4494-83e5-475827f7720e@group-5E7A11E15B06-LeaderElection43] INFO  impl.RoleInfo (RoleInfo.java:updateAndGet(143)) - a26a9f1d-c528-4494-83e5-475827f7720e: start FollowerState
2019-10-21 22:02:34,448 [Thread-839] INFO  impl.FollowerState (FollowerState.java:run(108)) - a26a9f1d-c528-4494-83e5-475827f7720e@group-5E7A11E15B06-FollowerState: change to CANDIDATE, lastRpcTime:103ms, electionTimeout:103ms
2019-10-21 22:02:34,448 [Thread-839] INFO  impl.RoleInfo (RoleInfo.java:shutdownFollowerState(121)) - a26a9f1d-c528-4494-83e5-475827f7720e: shutdown FollowerState
2019-10-21 22:02:34,448 [Thread-839] INFO  impl.RaftServerImpl (RaftServerImpl.java:setRole(184)) - a26a9f1d-c528-4494-83e5-475827f7720e@group-5E7A11E15B06: changes role from  FOLLOWER to CANDIDATE at term 39 for changeToCandidate
2019-10-21 22:02:34,449 [Thread-839] INFO  impl.RoleInfo (RoleInfo.java:updateAndGet(143)) - a26a9f1d-c528-4494-83e5-475827f7720e: start LeaderElection
2019-10-21 22:02:34,454 [a26a9f1d-c528-4494-83e5-475827f7720e@group-5E7A11E15B06-LeaderElection44] INFO  impl.LeaderElection (LeaderElection.java:askForVotes(178)) - a26a9f1d-c528-4494-83e5-475827f7720e@group-5E7A11E15B06-LeaderElection44: begin an election at term 40 for 0: [a26a9f1d-c528-4494-83e5-475827f7720e:192.168.69.92:46217, a1036450-74c2-4405-b4f8-7a994af8c84a:192.168.69.92:36225, 95d3bce6-5996-460d-8578-b7f952c18b9c:192.168.69.92:41231], old=null
2019-10-21 22:02:34,456 [grpc-default-executor-2] INFO  impl.RaftServerImpl (RaftServerImpl.java:setRole(184)) - a1036450-74c2-4405-b4f8-7a994af8c84a@group-5E7A11E15B06: changes role from  FOLLOWER to FOLLOWER at term 40 for recognizeCandidate:a26a9f1d-c528-4494-83e5-475827f7720e
2019-10-21 22:02:34,457 [grpc-default-executor-6] INFO  impl.RaftServerImpl (RaftServerImpl.java:setRole(184)) - 95d3bce6-5996-460d-8578-b7f952c18b9c@group-5E7A11E15B06: changes role from  FOLLOWER to FOLLOWER at term 40 for recognizeCandidate:a26a9f1d-c528-4494-83e5-475827f7720e
2019-10-21 22:02:34,457 [grpc-default-executor-2] INFO  impl.RoleInfo (RoleInfo.java:shutdownFollowerState(121)) - a1036450-74c2-4405-b4f8-7a994af8c84a: shutdown FollowerState
2019-10-21 22:02:34,457 [grpc-default-executor-6] INFO  impl.RoleInfo (RoleInfo.java:shutdownFollowerState(121)) - 95d3bce6-5996-460d-8578-b7f952c18b9c: shutdown FollowerState
2019-10-21 22:02:34,457 [grpc-default-executor-2] INFO  impl.RoleInfo (RoleInfo.java:updateAndGet(143)) - a1036450-74c2-4405-b4f8-7a994af8c84a: start FollowerState
2019-10-21 22:02:34,457 [Thread-837] INFO  impl.FollowerState (FollowerState.java:run(117)) - a1036450-74c2-4405-b4f8-7a994af8c84a@group-5E7A11E15B06-FollowerState was interrupted: java.lang.InterruptedException: sleep interrupted
2019-10-21 22:02:34,457 [grpc-default-executor-6] INFO  impl.RoleInfo (RoleInfo.java:updateAndGet(143)) - 95d3bce6-5996-460d-8578-b7f952c18b9c: start FollowerState
2019-10-21 22:02:34,457 [Thread-838] INFO  impl.FollowerState (FollowerState.java:run(117)) - 95d3bce6-5996-460d-8578-b7f952c18b9c@group-5E7A11E15B06-FollowerState was interrupted: java.lang.InterruptedException: sleep interrupted
2019-10-21 22:02:34,471 [a26a9f1d-c528-4494-83e5-475827f7720e@group-5E7A11E15B06-LeaderElection44] INFO  impl.LeaderElection (LeaderElection.java:logAndReturn(56)) - a26a9f1d-c528-4494-83e5-475827f7720e@group-5E7A11E15B06-LeaderElection44: Election REJECTED; received 2 response(s) [a26a9f1d-c528-4494-83e5-475827f7720e<-a1036450-74c2-4405-b4f8-7a994af8c84a#0:FAIL-t40, a26a9f1d-c528-4494-83e5-475827f7720e<-95d3bce6-5996-460d-8578-b7f952c18b9c#0:FAIL-t40] and 0 exception(s); a26a9f1d-c528-4494-83e5-475827f7720e@group-5E7A11E15B06:t40, leader=null, voted=a26a9f1d-c528-4494-83e5-475827f7720e, raftlog=a26a9f1d-c528-4494-83e5-475827f7720e@group-5E7A11E15B06-SegmentedRaftLog:OPENED:c3,f4,i4, conf=0: [a26a9f1d-c528-4494-83e5-475827f7720e:192.168.69.92:46217, a1036450-74c2-4405-b4f8-7a994af8c84a:192.168.69.92:36225, 95d3bce6-5996-460d-8578-b7f952c18b9c:192.168.69.92:41231], old=null
2019-10-21 22:02:34,471 [a26a9f1d-c528-4494-83e5-475827f7720e@group-5E7A11E15B06-LeaderElection44] INFO  impl.RaftServerImpl (RaftServerImpl.java:setRole(184)) - a26a9f1d-c528-4494-83e5-475827f7720e@group-5E7A11E15B06: changes role from CANDIDATE to FOLLOWER at term 40 for DISCOVERED_A_NEW_TERM
2019-10-21 22:02:34,471 [a26a9f1d-c528-4494-83e5-475827f7720e@group-5E7A11E15B06-LeaderElection44] INFO  impl.RoleInfo (RoleInfo.java:shutdownLeaderElection(134)) - a26a9f1d-c528-4494-83e5-475827f7720e: shutdown LeaderElection
2019-10-21 22:02:34,471 [a26a9f1d-c528-4494-83e5-475827f7720e@group-5E7A11E15B06-LeaderElection44] INFO  impl.RoleInfo (RoleInfo.java:updateAndGet(143)) - a26a9f1d-c528-4494-83e5-475827f7720e: start FollowerState
2019-10-21 22:02:34,477 [Thread-846] INFO  impl.FollowerState (FollowerState.java:run(108)) - a26a9f1d-c528-4494-83e5-475827f7720e@group-5E7A11E15B06-FollowerState: change to CANDIDATE, lastRpcTime:5ms, electionTimeout:5ms
2019-10-21 22:02:34,477 [Thread-846] INFO  impl.RoleInfo (RoleInfo.java:shutdownFollowerState(121)) - a26a9f1d-c528-4494-83e5-475827f7720e: shutdown FollowerState
2019-10-21 22:02:34,477 [Thread-846] INFO  impl.RaftServerImpl (RaftServerImpl.java:setRole(184)) - a26a9f1d-c528-4494-83e5-475827f7720e@group-5E7A11E15B06: changes role from  FOLLOWER to CANDIDATE at term 40 for changeToCandidate
2019-10-21 22:02:34,477 [Thread-846] INFO  impl.RoleInfo (RoleInfo.java:updateAndGet(143)) - a26a9f1d-c528-4494-83e5-475827f7720e: start LeaderElection
2019-10-21 22:02:34,490 [a26a9f1d-c528-4494-83e5-475827f7720e@group-5E7A11E15B06-LeaderElection45] INFO  impl.LeaderElection (LeaderElection.java:askForVotes(178)) - a26a9f1d-c528-4494-83e5-475827f7720e@group-5E7A11E15B06-LeaderElection45: begin an election at term 41 for 0: [a26a9f1d-c528-4494-83e5-475827f7720e:192.168.69.92:46217, a1036450-74c2-4405-b4f8-7a994af8c84a:192.168.69.92:36225, 95d3bce6-5996-460d-8578-b7f952c18b9c:192.168.69.92:41231], old=null
2019-10-21 22:02:34,492 [grpc-default-executor-2] INFO  impl.RaftServerImpl (RaftServerImpl.java:setRole(184)) - a1036450-74c2-4405-b4f8-7a994af8c84a@group-5E7A11E15B06: changes role from  FOLLOWER to FOLLOWER at term 41 for recognizeCandidate:a26a9f1d-c528-4494-83e5-475827f7720e
2019-10-21 22:02:34,492 [grpc-default-executor-2] INFO  impl.RoleInfo (RoleInfo.java:shutdownFollowerState(121)) - a1036450-74c2-4405-b4f8-7a994af8c84a: shutdown FollowerState
2019-10-21 22:02:34,492 [grpc-default-executor-2] INFO  impl.RoleInfo (RoleInfo.java:updateAndGet(143)) - a1036450-74c2-4405-b4f8-7a994af8c84a: start FollowerState
2019-10-21 22:02:34,492 [Thread-844] INFO  impl.FollowerState (FollowerState.java:run(117)) - a1036450-74c2-4405-b4f8-7a994af8c84a@group-5E7A11E15B06-FollowerState was interrupted: java.lang.InterruptedException: sleep interrupted
2019-10-21 22:02:34,492 [grpc-default-executor-6] INFO  impl.RaftServerImpl (RaftServerImpl.java:setRole(184)) - 95d3bce6-5996-460d-8578-b7f952c18b9c@group-5E7A11E15B06: changes role from  FOLLOWER to FOLLOWER at term 41 for recognizeCandidate:a26a9f1d-c528-4494-83e5-475827f7720e
2019-10-21 22:02:34,492 [grpc-default-executor-6] INFO  impl.RoleInfo (RoleInfo.java:shutdownFollowerState(121)) - 95d3bce6-5996-460d-8578-b7f952c18b9c: shutdown FollowerState
2019-10-21 22:02:34,493 [grpc-default-executor-6] INFO  impl.RoleInfo (RoleInfo.java:updateAndGet(143)) - 95d3bce6-5996-460d-8578-b7f952c18b9c: start FollowerState
2019-10-21 22:02:34,493 [Thread-845] INFO  impl.FollowerState (FollowerState.java:run(117)) - 95d3bce6-5996-460d-8578-b7f952c18b9c@group-5E7A11E15B06-FollowerState was interrupted: java.lang.InterruptedException: sleep interrupted
2019-10-21 22:02:34,505 [a26a9f1d-c528-4494-83e5-475827f7720e@group-5E7A11E15B06-LeaderElection45] INFO  impl.LeaderElection (LeaderElection.java:logAndReturn(56)) - a26a9f1d-c528-4494-83e5-475827f7720e@group-5E7A11E15B06-LeaderElection45: Election REJECTED; received 2 response(s) [a26a9f1d-c528-4494-83e5-475827f7720e<-a1036450-74c2-4405-b4f8-7a994af8c84a#0:FAIL-t41, a26a9f1d-c528-4494-83e5-475827f7720e<-95d3bce6-5996-460d-8578-b7f952c18b9c#0:FAIL-t41] and 0 exception(s); a26a9f1d-c528-4494-83e5-475827f7720e@group-5E7A11E15B06:t41, leader=null, voted=a26a9f1d-c528-4494-83e5-475827f7720e, raftlog=a26a9f1d-c528-4494-83e5-475827f7720e@group-5E7A11E15B06-SegmentedRaftLog:OPENED:c3,f4,i4, conf=0: [a26a9f1d-c528-4494-83e5-475827f7720e:192.168.69.92:46217, a1036450-74c2-4405-b4f8-7a994af8c84a:192.168.69.92:36225, 95d3bce6-5996-460d-8578-b7f952c18b9c:192.168.69.92:41231], old=null
2019-10-21 22:02:34,505 [a26a9f1d-c528-4494-83e5-475827f7720e@group-5E7A11E15B06-LeaderElection45] INFO  impl.RaftServerImpl (RaftServerImpl.java:setRole(184)) - a26a9f1d-c528-4494-83e5-475827f7720e@group-5E7A11E15B06: changes role from CANDIDATE to FOLLOWER at term 41 for DISCOVERED_A_NEW_TERM
2019-10-21 22:02:34,505 [a26a9f1d-c528-4494-83e5-475827f7720e@group-5E7A11E15B06-LeaderElection45] INFO  impl.RoleInfo (RoleInfo.java:shutdownLeaderElection(134)) - a26a9f1d-c528-4494-83e5-475827f7720e: shutdown LeaderElection
2019-10-21 22:02:34,505 [a26a9f1d-c528-4494-83e5-475827f7720e@group-5E7A11E15B06-LeaderElection45] INFO  impl.RoleInfo (RoleInfo.java:updateAndGet(143)) - a26a9f1d-c528-4494-83e5-475827f7720e: start FollowerState
2019-10-21 22:02:34,510 [EventQueue-DeleteBlockStatusForDeletedBlockLogImpl] WARN  block.DeletedBlockLogImpl (DeletedBlockLogImpl.java:commitTransactions(205)) - Transaction txId=1 commit by dnId=a26a9f1d-c528-4494-83e5-475827f7720e for containerID=#1 failed. Corresponding entry not found.
2019-10-21 22:02:34,510 [EventQueue-DeleteBlockStatusForDeletedBlockLogImpl] WARN  block.DeletedBlockLogImpl (DeletedBlockLogImpl.java:commitTransactions(205)) - Transaction txId=1 commit by dnId=a26a9f1d-c528-4494-83e5-475827f7720e for containerID=#1 failed. Corresponding entry not found.
2019-10-21 22:02:34,510 [EventQueue-DeleteBlockStatusForDeletedBlockLogImpl] WARN  block.DeletedBlockLogImpl (DeletedBlockLogImpl.java:commitTransactions(205)) - Transaction txId=1 commit by dnId=a26a9f1d-c528-4494-83e5-475827f7720e for containerID=#1 failed. Corresponding entry not found.
2019-10-21 22:02:34,510 [EventQueue-DeleteBlockStatusForDeletedBlockLogImpl] WARN  block.DeletedBlockLogImpl (DeletedBlockLogImpl.java:commitTransactions(205)) - Transaction txId=1 commit by dnId=a26a9f1d-c528-4494-83e5-475827f7720e for containerID=#1 failed. Corresponding entry not found.
2019-10-21 22:02:34,510 [EventQueue-DeleteBlockStatusForDeletedBlockLogImpl] WARN  block.DeletedBlockLogImpl (DeletedBlockLogImpl.java:commitTransactions(205)) - Transaction txId=1 commit by dnId=a26a9f1d-c528-4494-83e5-475827f7720e for containerID=#1 failed. Corresponding entry not found.
2019-10-21 22:02:34,510 [EventQueue-DeleteBlockStatusForDeletedBlockLogImpl] WARN  block.DeletedBlockLogImpl (DeletedBlockLogImpl.java:commitTransactions(205)) - Transaction txId=1 commit by dnId=a26a9f1d-c528-4494-83e5-475827f7720e for containerID=#1 failed. Corresponding entry not found.
2019-10-21 22:02:34,510 [EventQueue-DeleteBlockStatusForDeletedBlockLogImpl] WARN  block.DeletedBlockLogImpl (DeletedBlockLogImpl.java:commitTransactions(205)) - Transaction txId=1 commit by dnId=a26a9f1d-c528-4494-83e5-475827f7720e for containerID=#1 failed. Corresponding entry not found.
2019-10-21 22:02:34,511 [EventQueue-DeleteBlockStatusForDeletedBlockLogImpl] WARN  block.DeletedBlockLogImpl (DeletedBlockLogImpl.java:commitTransactions(205)) - Transaction txId=1 commit by dnId=a26a9f1d-c528-4494-83e5-475827f7720e for containerID=#1 failed. Corresponding entry not found.
2019-10-21 22:02:34,601 [Thread-854] INFO  client.GrpcClientProtocolService (GrpcClientProtocolService.java:lambda$processClientRequest$0(278)) - Failed RaftClientRequest:client-91F2DA33FCFF->a26a9f1d-c528-4494-83e5-475827f7720e@group-5E7A11E15B06, cid=10, seq=0, Watch-ALL_COMMITTED(6), Message:<EMPTY>, reply=RaftClientReply:client-91F2DA33FCFF->a26a9f1d-c528-4494-83e5-475827f7720e@group-5E7A11E15B06, cid=10, FAILED org.apache.ratis.protocol.NotLeaderException: Server a26a9f1d-c528-4494-83e5-475827f7720e@group-5E7A11E15B06 is not the leader, logIndex=0, commits[a26a9f1d-c528-4494-83e5-475827f7720e:c3]
2019-10-21 22:02:34,618 [Thread-852] INFO  impl.FollowerState (FollowerState.java:run(108)) - a26a9f1d-c528-4494-83e5-475827f7720e@group-5E7A11E15B06-FollowerState: change to CANDIDATE, lastRpcTime:112ms, electionTimeout:112ms
2019-10-21 22:02:34,618 [Thread-852] INFO  impl.RoleInfo (RoleInfo.java:shutdownFollowerState(121)) - a26a9f1d-c528-4494-83e5-475827f7720e: shutdown FollowerState
2019-10-21 22:02:34,618 [Thread-852] INFO  impl.RaftServerImpl (RaftServerImpl.java:setRole(184)) - a26a9f1d-c528-4494-83e5-475827f7720e@group-5E7A11E15B06: changes role from  FOLLOWER to CANDIDATE at term 41 for changeToCandidate
2019-10-21 22:02:34,618 [Thread-852] INFO  impl.RoleInfo (RoleInfo.java:updateAndGet(143)) - a26a9f1d-c528-4494-83e5-475827f7720e: start LeaderElection
2019-10-21 22:02:34,644 [a26a9f1d-c528-4494-83e5-475827f7720e@group-5E7A11E15B06-LeaderElection46] INFO  impl.LeaderElection (LeaderElection.java:askForVotes(178)) - a26a9f1d-c528-4494-83e5-475827f7720e@group-5E7A11E15B06-LeaderElection46: begin an election at term 42 for 0: [a26a9f1d-c528-4494-83e5-475827f7720e:192.168.69.92:46217, a1036450-74c2-4405-b4f8-7a994af8c84a:192.168.69.92:36225, 95d3bce6-5996-460d-8578-b7f952c18b9c:192.168.69.92:41231], old=null
2019-10-21 22:02:34,647 [grpc-default-executor-6] INFO  impl.RaftServerImpl (RaftServerImpl.java:setRole(184)) - 95d3bce6-5996-460d-8578-b7f952c18b9c@group-5E7A11E15B06: changes role from  FOLLOWER to FOLLOWER at term 42 for recognizeCandidate:a26a9f1d-c528-4494-83e5-475827f7720e
2019-10-21 22:02:34,647 [grpc-default-executor-6] INFO  impl.RoleInfo (RoleInfo.java:shutdownFollowerState(121)) - 95d3bce6-5996-460d-8578-b7f952c18b9c: shutdown FollowerState
2019-10-21 22:02:34,647 [grpc-default-executor-6] INFO  impl.RoleInfo (RoleInfo.java:updateAndGet(143)) - 95d3bce6-5996-460d-8578-b7f952c18b9c: start FollowerState
2019-10-21 22:02:34,647 [Thread-851] INFO  impl.FollowerState (FollowerState.java:run(117)) - 95d3bce6-5996-460d-8578-b7f952c18b9c@group-5E7A11E15B06-FollowerState was interrupted: java.lang.InterruptedException: sleep interrupted
2019-10-21 22:02:34,647 [grpc-default-executor-2] INFO  impl.RaftServerImpl (RaftServerImpl.java:setRole(184)) - a1036450-74c2-4405-b4f8-7a994af8c84a@group-5E7A11E15B06: changes role from  FOLLOWER to FOLLOWER at term 42 for recognizeCandidate:a26a9f1d-c528-4494-83e5-475827f7720e
2019-10-21 22:02:34,648 [grpc-default-executor-2] INFO  impl.RoleInfo (RoleInfo.java:shutdownFollowerState(121)) - a1036450-74c2-4405-b4f8-7a994af8c84a: shutdown FollowerState
2019-10-21 22:02:34,648 [Thread-850] INFO  impl.FollowerState (FollowerState.java:run(117)) - a1036450-74c2-4405-b4f8-7a994af8c84a@group-5E7A11E15B06-FollowerState was interrupted: java.lang.InterruptedException: sleep interrupted
2019-10-21 22:02:34,648 [grpc-default-executor-2] INFO  impl.RoleInfo (RoleInfo.java:updateAndGet(143)) - a1036450-74c2-4405-b4f8-7a994af8c84a: start FollowerState
2019-10-21 22:02:34,656 [a26a9f1d-c528-4494-83e5-475827f7720e@group-5E7A11E15B06-LeaderElection46] INFO  impl.LeaderElection (LeaderElection.java:logAndReturn(56)) - a26a9f1d-c528-4494-83e5-475827f7720e@group-5E7A11E15B06-LeaderElection46: Election REJECTED; received 2 response(s) [a26a9f1d-c528-4494-83e5-475827f7720e<-a1036450-74c2-4405-b4f8-7a994af8c84a#0:FAIL-t42, a26a9f1d-c528-4494-83e5-475827f7720e<-95d3bce6-5996-460d-8578-b7f952c18b9c#0:FAIL-t42] and 0 exception(s); a26a9f1d-c528-4494-83e5-475827f7720e@group-5E7A11E15B06:t42, leader=null, voted=a26a9f1d-c528-4494-83e5-475827f7720e, raftlog=a26a9f1d-c528-4494-83e5-475827f7720e@group-5E7A11E15B06-SegmentedRaftLog:OPENED:c3,f4,i4, conf=0: [a26a9f1d-c528-4494-83e5-475827f7720e:192.168.69.92:46217, a1036450-74c2-4405-b4f8-7a994af8c84a:192.168.69.92:36225, 95d3bce6-5996-460d-8578-b7f952c18b9c:192.168.69.92:41231], old=null
2019-10-21 22:02:34,656 [a26a9f1d-c528-4494-83e5-475827f7720e@group-5E7A11E15B06-LeaderElection46] INFO  impl.RaftServerImpl (RaftServerImpl.java:setRole(184)) - a26a9f1d-c528-4494-83e5-475827f7720e@group-5E7A11E15B06: changes role from CANDIDATE to FOLLOWER at term 42 for DISCOVERED_A_NEW_TERM
2019-10-21 22:02:34,656 [a26a9f1d-c528-4494-83e5-475827f7720e@group-5E7A11E15B06-LeaderElection46] INFO  impl.RoleInfo (RoleInfo.java:shutdownLeaderElection(134)) - a26a9f1d-c528-4494-83e5-475827f7720e: shutdown LeaderElection
2019-10-21 22:02:34,656 [a26a9f1d-c528-4494-83e5-475827f7720e@group-5E7A11E15B06-LeaderElection46] INFO  impl.RoleInfo (RoleInfo.java:updateAndGet(143)) - a26a9f1d-c528-4494-83e5-475827f7720e: start FollowerState
2019-10-21 22:02:34,762 [Thread-861] INFO  impl.FollowerState (FollowerState.java:run(108)) - a26a9f1d-c528-4494-83e5-475827f7720e@group-5E7A11E15B06-FollowerState: change to CANDIDATE, lastRpcTime:105ms, electionTimeout:105ms
2019-10-21 22:02:34,762 [Thread-861] INFO  impl.RoleInfo (RoleInfo.java:shutdownFollowerState(121)) - a26a9f1d-c528-4494-83e5-475827f7720e: shutdown FollowerState
2019-10-21 22:02:34,762 [Thread-861] INFO  impl.RaftServerImpl (RaftServerImpl.java:setRole(184)) - a26a9f1d-c528-4494-83e5-475827f7720e@group-5E7A11E15B06: changes role from  FOLLOWER to CANDIDATE at term 42 for changeToCandidate
2019-10-21 22:02:34,762 [Thread-861] INFO  impl.RoleInfo (RoleInfo.java:updateAndGet(143)) - a26a9f1d-c528-4494-83e5-475827f7720e: start LeaderElection
2019-10-21 22:02:34,768 [a26a9f1d-c528-4494-83e5-475827f7720e@group-5E7A11E15B06-LeaderElection47] INFO  impl.LeaderElection (LeaderElection.java:askForVotes(178)) - a26a9f1d-c528-4494-83e5-475827f7720e@group-5E7A11E15B06-LeaderElection47: begin an election at term 43 for 0: [a26a9f1d-c528-4494-83e5-475827f7720e:192.168.69.92:46217, a1036450-74c2-4405-b4f8-7a994af8c84a:192.168.69.92:36225, 95d3bce6-5996-460d-8578-b7f952c18b9c:192.168.69.92:41231], old=null
2019-10-21 22:02:34,770 [grpc-default-executor-2] INFO  impl.RaftServerImpl (RaftServerImpl.java:setRole(184)) - 95d3bce6-5996-460d-8578-b7f952c18b9c@group-5E7A11E15B06: changes role from  FOLLOWER to FOLLOWER at term 43 for recognizeCandidate:a26a9f1d-c528-4494-83e5-475827f7720e
2019-10-21 22:02:34,770 [grpc-default-executor-6] INFO  impl.RaftServerImpl (RaftServerImpl.java:setRole(184)) - a1036450-74c2-4405-b4f8-7a994af8c84a@group-5E7A11E15B06: changes role from  FOLLOWER to FOLLOWER at term 43 for recognizeCandidate:a26a9f1d-c528-4494-83e5-475827f7720e
2019-10-21 22:02:34,771 [grpc-default-executor-6] INFO  impl.RoleInfo (RoleInfo.java:shutdownFollowerState(121)) - a1036450-74c2-4405-b4f8-7a994af8c84a: shutdown FollowerState
2019-10-21 22:02:34,771 [grpc-default-executor-2] INFO  impl.RoleInfo (RoleInfo.java:shutdownFollowerState(121)) - 95d3bce6-5996-460d-8578-b7f952c18b9c: shutdown FollowerState
2019-10-21 22:02:34,771 [Thread-860] INFO  impl.FollowerState (FollowerState.java:run(117)) - a1036450-74c2-4405-b4f8-7a994af8c84a@group-5E7A11E15B06-FollowerState was interrupted: java.lang.InterruptedException: sleep interrupted
2019-10-21 22:02:34,771 [grpc-default-executor-6] INFO  impl.RoleInfo (RoleInfo.java:updateAndGet(143)) - a1036450-74c2-4405-b4f8-7a994af8c84a: start FollowerState
2019-10-21 22:02:34,771 [grpc-default-executor-2] INFO  impl.RoleInfo (RoleInfo.java:updateAndGet(143)) - 95d3bce6-5996-460d-8578-b7f952c18b9c: start FollowerState
2019-10-21 22:02:34,771 [Thread-859] INFO  impl.FollowerState (FollowerState.java:run(117)) - 95d3bce6-5996-460d-8578-b7f952c18b9c@group-5E7A11E15B06-FollowerState was interrupted: java.lang.InterruptedException: sleep interrupted
2019-10-21 22:02:34,794 [a26a9f1d-c528-4494-83e5-475827f7720e@group-5E7A11E15B06-LeaderElection47] INFO  impl.LeaderElection (LeaderElection.java:logAndReturn(56)) - a26a9f1d-c528-4494-83e5-475827f7720e@group-5E7A11E15B06-LeaderElection47: Election REJECTED; received 2 response(s) [a26a9f1d-c528-4494-83e5-475827f7720e<-a1036450-74c2-4405-b4f8-7a994af8c84a#0:FAIL-t43, a26a9f1d-c528-4494-83e5-475827f7720e<-95d3bce6-5996-460d-8578-b7f952c18b9c#0:FAIL-t43] and 0 exception(s); a26a9f1d-c528-4494-83e5-475827f7720e@group-5E7A11E15B06:t43, leader=null, voted=a26a9f1d-c528-4494-83e5-475827f7720e, raftlog=a26a9f1d-c528-4494-83e5-475827f7720e@group-5E7A11E15B06-SegmentedRaftLog:OPENED:c3,f4,i4, conf=0: [a26a9f1d-c528-4494-83e5-475827f7720e:192.168.69.92:46217, a1036450-74c2-4405-b4f8-7a994af8c84a:192.168.69.92:36225, 95d3bce6-5996-460d-8578-b7f952c18b9c:192.168.69.92:41231], old=null
2019-10-21 22:02:34,794 [a26a9f1d-c528-4494-83e5-475827f7720e@group-5E7A11E15B06-LeaderElection47] INFO  impl.RaftServerImpl (RaftServerImpl.java:setRole(184)) - a26a9f1d-c528-4494-83e5-475827f7720e@group-5E7A11E15B06: changes role from CANDIDATE to FOLLOWER at term 43 for DISCOVERED_A_NEW_TERM
2019-10-21 22:02:34,794 [a26a9f1d-c528-4494-83e5-475827f7720e@group-5E7A11E15B06-LeaderElection47] INFO  impl.RoleInfo (RoleInfo.java:shutdownLeaderElection(134)) - a26a9f1d-c528-4494-83e5-475827f7720e: shutdown LeaderElection
2019-10-21 22:02:34,795 [a26a9f1d-c528-4494-83e5-475827f7720e@group-5E7A11E15B06-LeaderElection47] INFO  impl.RoleInfo (RoleInfo.java:updateAndGet(143)) - a26a9f1d-c528-4494-83e5-475827f7720e: start FollowerState
2019-10-21 22:02:34,940 [Thread-867] INFO  impl.FollowerState (FollowerState.java:run(108)) - a26a9f1d-c528-4494-83e5-475827f7720e@group-5E7A11E15B06-FollowerState: change to CANDIDATE, lastRpcTime:145ms, electionTimeout:145ms
2019-10-21 22:02:34,940 [Thread-867] INFO  impl.RoleInfo (RoleInfo.java:shutdownFollowerState(121)) - a26a9f1d-c528-4494-83e5-475827f7720e: shutdown FollowerState
2019-10-21 22:02:34,940 [Thread-867] INFO  impl.RaftServerImpl (RaftServerImpl.java:setRole(184)) - a26a9f1d-c528-4494-83e5-475827f7720e@group-5E7A11E15B06: changes role from  FOLLOWER to CANDIDATE at term 43 for changeToCandidate
2019-10-21 22:02:34,940 [Thread-867] INFO  impl.RoleInfo (RoleInfo.java:updateAndGet(143)) - a26a9f1d-c528-4494-83e5-475827f7720e: start LeaderElection
2019-10-21 22:02:34,955 [a26a9f1d-c528-4494-83e5-475827f7720e@group-5E7A11E15B06-LeaderElection48] INFO  impl.LeaderElection (LeaderElection.java:askForVotes(178)) - a26a9f1d-c528-4494-83e5-475827f7720e@group-5E7A11E15B06-LeaderElection48: begin an election at term 44 for 0: [a26a9f1d-c528-4494-83e5-475827f7720e:192.168.69.92:46217, a1036450-74c2-4405-b4f8-7a994af8c84a:192.168.69.92:36225, 95d3bce6-5996-460d-8578-b7f952c18b9c:192.168.69.92:41231], old=null
2019-10-21 22:02:34,958 [grpc-default-executor-2] INFO  impl.RaftServerImpl (RaftServerImpl.java:setRole(184)) - 95d3bce6-5996-460d-8578-b7f952c18b9c@group-5E7A11E15B06: changes role from  FOLLOWER to FOLLOWER at term 44 for recognizeCandidate:a26a9f1d-c528-4494-83e5-475827f7720e
2019-10-21 22:02:34,958 [grpc-default-executor-6] INFO  impl.RaftServerImpl (RaftServerImpl.java:setRole(184)) - a1036450-74c2-4405-b4f8-7a994af8c84a@group-5E7A11E15B06: changes role from  FOLLOWER to FOLLOWER at term 44 for recognizeCandidate:a26a9f1d-c528-4494-83e5-475827f7720e
2019-10-21 22:02:34,958 [grpc-default-executor-2] INFO  impl.RoleInfo (RoleInfo.java:shutdownFollowerState(121)) - 95d3bce6-5996-460d-8578-b7f952c18b9c: shutdown FollowerState
2019-10-21 22:02:34,958 [grpc-default-executor-6] INFO  impl.RoleInfo (RoleInfo.java:shutdownFollowerState(121)) - a1036450-74c2-4405-b4f8-7a994af8c84a: shutdown FollowerState
2019-10-21 22:02:34,958 [Thread-866] INFO  impl.FollowerState (FollowerState.java:run(117)) - 95d3bce6-5996-460d-8578-b7f952c18b9c@group-5E7A11E15B06-FollowerState was interrupted: java.lang.InterruptedException: sleep interrupted
2019-10-21 22:02:34,958 [grpc-default-executor-2] INFO  impl.RoleInfo (RoleInfo.java:updateAndGet(143)) - 95d3bce6-5996-460d-8578-b7f952c18b9c: start FollowerState
2019-10-21 22:02:34,958 [Thread-865] INFO  impl.FollowerState (FollowerState.java:run(117)) - a1036450-74c2-4405-b4f8-7a994af8c84a@group-5E7A11E15B06-FollowerState was interrupted: java.lang.InterruptedException: sleep interrupted
2019-10-21 22:02:34,958 [grpc-default-executor-6] INFO  impl.RoleInfo (RoleInfo.java:updateAndGet(143)) - a1036450-74c2-4405-b4f8-7a994af8c84a: start FollowerState
2019-10-21 22:02:34,972 [a26a9f1d-c528-4494-83e5-475827f7720e@group-5E7A11E15B06-LeaderElection48] INFO  impl.LeaderElection (LeaderElection.java:logAndReturn(56)) - a26a9f1d-c528-4494-83e5-475827f7720e@group-5E7A11E15B06-LeaderElection48: Election REJECTED; received 2 response(s) [a26a9f1d-c528-4494-83e5-475827f7720e<-a1036450-74c2-4405-b4f8-7a994af8c84a#0:FAIL-t44, a26a9f1d-c528-4494-83e5-475827f7720e<-95d3bce6-5996-460d-8578-b7f952c18b9c#0:FAIL-t44] and 0 exception(s); a26a9f1d-c528-4494-83e5-475827f7720e@group-5E7A11E15B06:t44, leader=null, voted=a26a9f1d-c528-4494-83e5-475827f7720e, raftlog=a26a9f1d-c528-4494-83e5-475827f7720e@group-5E7A11E15B06-SegmentedRaftLog:OPENED:c3,f4,i4, conf=0: [a26a9f1d-c528-4494-83e5-475827f7720e:192.168.69.92:46217, a1036450-74c2-4405-b4f8-7a994af8c84a:192.168.69.92:36225, 95d3bce6-5996-460d-8578-b7f952c18b9c:192.168.69.92:41231], old=null
2019-10-21 22:02:34,972 [a26a9f1d-c528-4494-83e5-475827f7720e@group-5E7A11E15B06-LeaderElection48] INFO  impl.RaftServerImpl (RaftServerImpl.java:setRole(184)) - a26a9f1d-c528-4494-83e5-475827f7720e@group-5E7A11E15B06: changes role from CANDIDATE to FOLLOWER at term 44 for DISCOVERED_A_NEW_TERM
2019-10-21 22:02:34,972 [a26a9f1d-c528-4494-83e5-475827f7720e@group-5E7A11E15B06-LeaderElection48] INFO  impl.RoleInfo (RoleInfo.java:shutdownLeaderElection(134)) - a26a9f1d-c528-4494-83e5-475827f7720e: shutdown LeaderElection
2019-10-21 22:02:34,972 [a26a9f1d-c528-4494-83e5-475827f7720e@group-5E7A11E15B06-LeaderElection48] INFO  impl.RoleInfo (RoleInfo.java:updateAndGet(143)) - a26a9f1d-c528-4494-83e5-475827f7720e: start FollowerState
2019-10-21 22:02:35,014 [BlockDeletingService#7] WARN  background.BlockDeletingService (BlockDeletingService.java:isDeletionAllowed(187)) - Close Container log Index 6 is not replicated across allthe servers in the pipeline 14fb49ee-5d81-4c1e-bb69-5e7a11e15b06 as the min replicated index is 4. Deletion is not allowed in this container yet.
2019-10-21 22:02:35,014 [BlockDeletingService#2] WARN  background.BlockDeletingService (BlockDeletingService.java:isDeletionAllowed(187)) - Close Container log Index 6 is not replicated across allthe servers in the pipeline 14fb49ee-5d81-4c1e-bb69-5e7a11e15b06 as the min replicated index is 4. Deletion is not allowed in this container yet.
2019-10-21 22:02:35,029 [Thread-873] INFO  impl.FollowerState (FollowerState.java:run(108)) - a26a9f1d-c528-4494-83e5-475827f7720e@group-5E7A11E15B06-FollowerState: change to CANDIDATE, lastRpcTime:56ms, electionTimeout:56ms
2019-10-21 22:02:35,029 [Thread-873] INFO  impl.RoleInfo (RoleInfo.java:shutdownFollowerState(121)) - a26a9f1d-c528-4494-83e5-475827f7720e: shutdown FollowerState
2019-10-21 22:02:35,029 [Thread-873] INFO  impl.RaftServerImpl (RaftServerImpl.java:setRole(184)) - a26a9f1d-c528-4494-83e5-475827f7720e@group-5E7A11E15B06: changes role from  FOLLOWER to CANDIDATE at term 44 for changeToCandidate
2019-10-21 22:02:35,029 [Thread-873] INFO  impl.RoleInfo (RoleInfo.java:updateAndGet(143)) - a26a9f1d-c528-4494-83e5-475827f7720e: start LeaderElection
2019-10-21 22:02:35,055 [a26a9f1d-c528-4494-83e5-475827f7720e@group-5E7A11E15B06-LeaderElection49] INFO  impl.LeaderElection (LeaderElection.java:askForVotes(178)) - a26a9f1d-c528-4494-83e5-475827f7720e@group-5E7A11E15B06-LeaderElection49: begin an election at term 45 for 0: [a26a9f1d-c528-4494-83e5-475827f7720e:192.168.69.92:46217, a1036450-74c2-4405-b4f8-7a994af8c84a:192.168.69.92:36225, 95d3bce6-5996-460d-8578-b7f952c18b9c:192.168.69.92:41231], old=null
2019-10-21 22:02:35,058 [grpc-default-executor-6] INFO  impl.RaftServerImpl (RaftServerImpl.java:setRole(184)) - 95d3bce6-5996-460d-8578-b7f952c18b9c@group-5E7A11E15B06: changes role from  FOLLOWER to FOLLOWER at term 45 for recognizeCandidate:a26a9f1d-c528-4494-83e5-475827f7720e
2019-10-21 22:02:35,058 [grpc-default-executor-6] INFO  impl.RoleInfo (RoleInfo.java:shutdownFollowerState(121)) - 95d3bce6-5996-460d-8578-b7f952c18b9c: shutdown FollowerState
2019-10-21 22:02:35,058 [grpc-default-executor-6] INFO  impl.RoleInfo (RoleInfo.java:updateAndGet(143)) - 95d3bce6-5996-460d-8578-b7f952c18b9c: start FollowerState
2019-10-21 22:02:35,058 [Thread-871] INFO  impl.FollowerState (FollowerState.java:run(117)) - 95d3bce6-5996-460d-8578-b7f952c18b9c@group-5E7A11E15B06-FollowerState was interrupted: java.lang.InterruptedException: sleep interrupted
2019-10-21 22:02:35,059 [grpc-default-executor-2] INFO  impl.RaftServerImpl (RaftServerImpl.java:setRole(184)) - a1036450-74c2-4405-b4f8-7a994af8c84a@group-5E7A11E15B06: changes role from  FOLLOWER to FOLLOWER at term 45 for recognizeCandidate:a26a9f1d-c528-4494-83e5-475827f7720e
2019-10-21 22:02:35,059 [grpc-default-executor-2] INFO  impl.RoleInfo (RoleInfo.java:shutdownFollowerState(121)) - a1036450-74c2-4405-b4f8-7a994af8c84a: shutdown FollowerState
2019-10-21 22:02:35,059 [Thread-872] INFO  impl.FollowerState (FollowerState.java:run(117)) - a1036450-74c2-4405-b4f8-7a994af8c84a@group-5E7A11E15B06-FollowerState was interrupted: java.lang.InterruptedException: sleep interrupted
2019-10-21 22:02:35,059 [grpc-default-executor-2] INFO  impl.RoleInfo (RoleInfo.java:updateAndGet(143)) - a1036450-74c2-4405-b4f8-7a994af8c84a: start FollowerState
2019-10-21 22:02:35,074 [a26a9f1d-c528-4494-83e5-475827f7720e@group-5E7A11E15B06-LeaderElection49] INFO  impl.LeaderElection (LeaderElection.java:logAndReturn(56)) - a26a9f1d-c528-4494-83e5-475827f7720e@group-5E7A11E15B06-LeaderElection49: Election REJECTED; received 2 response(s) [a26a9f1d-c528-4494-83e5-475827f7720e<-a1036450-74c2-4405-b4f8-7a994af8c84a#0:FAIL-t45, a26a9f1d-c528-4494-83e5-475827f7720e<-95d3bce6-5996-460d-8578-b7f952c18b9c#0:FAIL-t45] and 0 exception(s); a26a9f1d-c528-4494-83e5-475827f7720e@group-5E7A11E15B06:t45, leader=null, voted=a26a9f1d-c528-4494-83e5-475827f7720e, raftlog=a26a9f1d-c528-4494-83e5-475827f7720e@group-5E7A11E15B06-SegmentedRaftLog:OPENED:c3,f4,i4, conf=0: [a26a9f1d-c528-4494-83e5-475827f7720e:192.168.69.92:46217, a1036450-74c2-4405-b4f8-7a994af8c84a:192.168.69.92:36225, 95d3bce6-5996-460d-8578-b7f952c18b9c:192.168.69.92:41231], old=null
2019-10-21 22:02:35,074 [a26a9f1d-c528-4494-83e5-475827f7720e@group-5E7A11E15B06-LeaderElection49] INFO  impl.RaftServerImpl (RaftServerImpl.java:setRole(184)) - a26a9f1d-c528-4494-83e5-475827f7720e@group-5E7A11E15B06: changes role from CANDIDATE to FOLLOWER at term 45 for DISCOVERED_A_NEW_TERM
2019-10-21 22:02:35,074 [a26a9f1d-c528-4494-83e5-475827f7720e@group-5E7A11E15B06-LeaderElection49] INFO  impl.RoleInfo (RoleInfo.java:shutdownLeaderElection(134)) - a26a9f1d-c528-4494-83e5-475827f7720e: shutdown LeaderElection
2019-10-21 22:02:35,074 [a26a9f1d-c528-4494-83e5-475827f7720e@group-5E7A11E15B06-LeaderElection49] INFO  impl.RoleInfo (RoleInfo.java:updateAndGet(143)) - a26a9f1d-c528-4494-83e5-475827f7720e: start FollowerState
2019-10-21 22:02:35,198 [Thread-881] INFO  impl.FollowerState (FollowerState.java:run(108)) - a26a9f1d-c528-4494-83e5-475827f7720e@group-5E7A11E15B06-FollowerState: change to CANDIDATE, lastRpcTime:123ms, electionTimeout:123ms
2019-10-21 22:02:35,198 [Thread-881] INFO  impl.RoleInfo (RoleInfo.java:shutdownFollowerState(121)) - a26a9f1d-c528-4494-83e5-475827f7720e: shutdown FollowerState
2019-10-21 22:02:35,198 [Thread-881] INFO  impl.RaftServerImpl (RaftServerImpl.java:setRole(184)) - a26a9f1d-c528-4494-83e5-475827f7720e@group-5E7A11E15B06: changes role from  FOLLOWER to CANDIDATE at term 45 for changeToCandidate
2019-10-21 22:02:35,198 [Thread-881] INFO  impl.RoleInfo (RoleInfo.java:updateAndGet(143)) - a26a9f1d-c528-4494-83e5-475827f7720e: start LeaderElection
2019-10-21 22:02:35,209 [a26a9f1d-c528-4494-83e5-475827f7720e@group-5E7A11E15B06-LeaderElection50] INFO  impl.LeaderElection (LeaderElection.java:askForVotes(178)) - a26a9f1d-c528-4494-83e5-475827f7720e@group-5E7A11E15B06-LeaderElection50: begin an election at term 46 for 0: [a26a9f1d-c528-4494-83e5-475827f7720e:192.168.69.92:46217, a1036450-74c2-4405-b4f8-7a994af8c84a:192.168.69.92:36225, 95d3bce6-5996-460d-8578-b7f952c18b9c:192.168.69.92:41231], old=null
2019-10-21 22:02:35,211 [a26a9f1d-c528-4494-83e5-475827f7720e@group-5E7A11E15B06-LeaderElection50] INFO  impl.LeaderElection (LeaderElection.java:logAndReturn(56)) - a26a9f1d-c528-4494-83e5-475827f7720e@group-5E7A11E15B06-LeaderElection50: Election TIMEOUT; received 0 response(s) [] and 0 exception(s); a26a9f1d-c528-4494-83e5-475827f7720e@group-5E7A11E15B06:t46, leader=null, voted=a26a9f1d-c528-4494-83e5-475827f7720e, raftlog=a26a9f1d-c528-4494-83e5-475827f7720e@group-5E7A11E15B06-SegmentedRaftLog:OPENED:c3,f4,i4, conf=0: [a26a9f1d-c528-4494-83e5-475827f7720e:192.168.69.92:46217, a1036450-74c2-4405-b4f8-7a994af8c84a:192.168.69.92:36225, 95d3bce6-5996-460d-8578-b7f952c18b9c:192.168.69.92:41231], old=null
2019-10-21 22:02:35,212 [grpc-default-executor-2] INFO  impl.RaftServerImpl (RaftServerImpl.java:setRole(184)) - a1036450-74c2-4405-b4f8-7a994af8c84a@group-5E7A11E15B06: changes role from  FOLLOWER to FOLLOWER at term 46 for recognizeCandidate:a26a9f1d-c528-4494-83e5-475827f7720e
2019-10-21 22:02:35,212 [grpc-default-executor-6] INFO  impl.RaftServerImpl (RaftServerImpl.java:setRole(184)) - 95d3bce6-5996-460d-8578-b7f952c18b9c@group-5E7A11E15B06: changes role from  FOLLOWER to FOLLOWER at term 46 for recognizeCandidate:a26a9f1d-c528-4494-83e5-475827f7720e
2019-10-21 22:02:35,212 [grpc-default-executor-2] INFO  impl.RoleInfo (RoleInfo.java:shutdownFollowerState(121)) - a1036450-74c2-4405-b4f8-7a994af8c84a: shutdown FollowerState
2019-10-21 22:02:35,212 [grpc-default-executor-6] INFO  impl.RoleInfo (RoleInfo.java:shutdownFollowerState(121)) - 95d3bce6-5996-460d-8578-b7f952c18b9c: shutdown FollowerState
2019-10-21 22:02:35,212 [Thread-880] INFO  impl.FollowerState (FollowerState.java:run(117)) - a1036450-74c2-4405-b4f8-7a994af8c84a@group-5E7A11E15B06-FollowerState was interrupted: java.lang.InterruptedException: sleep interrupted
2019-10-21 22:02:35,212 [Thread-879] INFO  impl.FollowerState (FollowerState.java:run(117)) - 95d3bce6-5996-460d-8578-b7f952c18b9c@group-5E7A11E15B06-FollowerState was interrupted: java.lang.InterruptedException: sleep interrupted
2019-10-21 22:02:35,212 [grpc-default-executor-6] INFO  impl.RoleInfo (RoleInfo.java:updateAndGet(143)) - 95d3bce6-5996-460d-8578-b7f952c18b9c: start FollowerState
2019-10-21 22:02:35,212 [grpc-default-executor-2] INFO  impl.RoleInfo (RoleInfo.java:updateAndGet(143)) - a1036450-74c2-4405-b4f8-7a994af8c84a: start FollowerState
2019-10-21 22:02:35,223 [a26a9f1d-c528-4494-83e5-475827f7720e@group-5E7A11E15B06-LeaderElection50] INFO  impl.LeaderElection (LeaderElection.java:askForVotes(178)) - a26a9f1d-c528-4494-83e5-475827f7720e@group-5E7A11E15B06-LeaderElection50: begin an election at term 47 for 0: [a26a9f1d-c528-4494-83e5-475827f7720e:192.168.69.92:46217, a1036450-74c2-4405-b4f8-7a994af8c84a:192.168.69.92:36225, 95d3bce6-5996-460d-8578-b7f952c18b9c:192.168.69.92:41231], old=null
2019-10-21 22:02:35,225 [grpc-default-executor-2] INFO  impl.RaftServerImpl (RaftServerImpl.java:setRole(184)) - 95d3bce6-5996-460d-8578-b7f952c18b9c@group-5E7A11E15B06: changes role from  FOLLOWER to FOLLOWER at term 47 for recognizeCandidate:a26a9f1d-c528-4494-83e5-475827f7720e
2019-10-21 22:02:35,225 [grpc-default-executor-2] INFO  impl.RoleInfo (RoleInfo.java:shutdownFollowerState(121)) - 95d3bce6-5996-460d-8578-b7f952c18b9c: shutdown FollowerState
2019-10-21 22:02:35,225 [grpc-default-executor-6] INFO  impl.RaftServerImpl (RaftServerImpl.java:setRole(184)) - a1036450-74c2-4405-b4f8-7a994af8c84a@group-5E7A11E15B06: changes role from  FOLLOWER to FOLLOWER at term 47 for recognizeCandidate:a26a9f1d-c528-4494-83e5-475827f7720e
2019-10-21 22:02:35,225 [grpc-default-executor-2] INFO  impl.RoleInfo (RoleInfo.java:updateAndGet(143)) - 95d3bce6-5996-460d-8578-b7f952c18b9c: start FollowerState
2019-10-21 22:02:35,225 [Thread-886] INFO  impl.FollowerState (FollowerState.java:run(117)) - 95d3bce6-5996-460d-8578-b7f952c18b9c@group-5E7A11E15B06-FollowerState was interrupted: java.lang.InterruptedException: sleep interrupted
2019-10-21 22:02:35,225 [grpc-default-executor-6] INFO  impl.RoleInfo (RoleInfo.java:shutdownFollowerState(121)) - a1036450-74c2-4405-b4f8-7a994af8c84a: shutdown FollowerState
2019-10-21 22:02:35,226 [grpc-default-executor-6] INFO  impl.RoleInfo (RoleInfo.java:updateAndGet(143)) - a1036450-74c2-4405-b4f8-7a994af8c84a: start FollowerState
2019-10-21 22:02:35,226 [Thread-885] INFO  impl.FollowerState (FollowerState.java:run(117)) - a1036450-74c2-4405-b4f8-7a994af8c84a@group-5E7A11E15B06-FollowerState was interrupted: java.lang.InterruptedException: sleep interrupted
2019-10-21 22:02:35,242 [a26a9f1d-c528-4494-83e5-475827f7720e@group-5E7A11E15B06-LeaderElection50] INFO  impl.LeaderElection (LeaderElection.java:logAndReturn(56)) - a26a9f1d-c528-4494-83e5-475827f7720e@group-5E7A11E15B06-LeaderElection50: Election REJECTED; received 2 response(s) [a26a9f1d-c528-4494-83e5-475827f7720e<-a1036450-74c2-4405-b4f8-7a994af8c84a#0:FAIL-t47, a26a9f1d-c528-4494-83e5-475827f7720e<-95d3bce6-5996-460d-8578-b7f952c18b9c#0:FAIL-t47] and 0 exception(s); a26a9f1d-c528-4494-83e5-475827f7720e@group-5E7A11E15B06:t47, leader=null, voted=a26a9f1d-c528-4494-83e5-475827f7720e, raftlog=a26a9f1d-c528-4494-83e5-475827f7720e@group-5E7A11E15B06-SegmentedRaftLog:OPENED:c3,f4,i4, conf=0: [a26a9f1d-c528-4494-83e5-475827f7720e:192.168.69.92:46217, a1036450-74c2-4405-b4f8-7a994af8c84a:192.168.69.92:36225, 95d3bce6-5996-460d-8578-b7f952c18b9c:192.168.69.92:41231], old=null
2019-10-21 22:02:35,242 [a26a9f1d-c528-4494-83e5-475827f7720e@group-5E7A11E15B06-LeaderElection50] INFO  impl.RaftServerImpl (RaftServerImpl.java:setRole(184)) - a26a9f1d-c528-4494-83e5-475827f7720e@group-5E7A11E15B06: changes role from CANDIDATE to FOLLOWER at term 47 for DISCOVERED_A_NEW_TERM
2019-10-21 22:02:35,242 [a26a9f1d-c528-4494-83e5-475827f7720e@group-5E7A11E15B06-LeaderElection50] INFO  impl.RoleInfo (RoleInfo.java:shutdownLeaderElection(134)) - a26a9f1d-c528-4494-83e5-475827f7720e: shutdown LeaderElection
2019-10-21 22:02:35,242 [a26a9f1d-c528-4494-83e5-475827f7720e@group-5E7A11E15B06-LeaderElection50] INFO  impl.RoleInfo (RoleInfo.java:updateAndGet(143)) - a26a9f1d-c528-4494-83e5-475827f7720e: start FollowerState
2019-10-21 22:02:35,331 [Thread-891] INFO  impl.FollowerState (FollowerState.java:run(108)) - a26a9f1d-c528-4494-83e5-475827f7720e@group-5E7A11E15B06-FollowerState: change to CANDIDATE, lastRpcTime:88ms, electionTimeout:88ms
2019-10-21 22:02:35,331 [Thread-891] INFO  impl.RoleInfo (RoleInfo.java:shutdownFollowerState(121)) - a26a9f1d-c528-4494-83e5-475827f7720e: shutdown FollowerState
2019-10-21 22:02:35,331 [Thread-891] INFO  impl.RaftServerImpl (RaftServerImpl.java:setRole(184)) - a26a9f1d-c528-4494-83e5-475827f7720e@group-5E7A11E15B06: changes role from  FOLLOWER to CANDIDATE at term 47 for changeToCandidate
2019-10-21 22:02:35,331 [Thread-891] INFO  impl.RoleInfo (RoleInfo.java:updateAndGet(143)) - a26a9f1d-c528-4494-83e5-475827f7720e: start LeaderElection
2019-10-21 22:02:35,340 [a26a9f1d-c528-4494-83e5-475827f7720e@group-5E7A11E15B06-LeaderElection51] INFO  impl.LeaderElection (LeaderElection.java:askForVotes(178)) - a26a9f1d-c528-4494-83e5-475827f7720e@group-5E7A11E15B06-LeaderElection51: begin an election at term 48 for 0: [a26a9f1d-c528-4494-83e5-475827f7720e:192.168.69.92:46217, a1036450-74c2-4405-b4f8-7a994af8c84a:192.168.69.92:36225, 95d3bce6-5996-460d-8578-b7f952c18b9c:192.168.69.92:41231], old=null
2019-10-21 22:02:35,343 [grpc-default-executor-6] INFO  impl.RaftServerImpl (RaftServerImpl.java:setRole(184)) - a1036450-74c2-4405-b4f8-7a994af8c84a@group-5E7A11E15B06: changes role from  FOLLOWER to FOLLOWER at term 48 for recognizeCandidate:a26a9f1d-c528-4494-83e5-475827f7720e
2019-10-21 22:02:35,343 [grpc-default-executor-2] INFO  impl.RaftServerImpl (RaftServerImpl.java:setRole(184)) - 95d3bce6-5996-460d-8578-b7f952c18b9c@group-5E7A11E15B06: changes role from  FOLLOWER to FOLLOWER at term 48 for recognizeCandidate:a26a9f1d-c528-4494-83e5-475827f7720e
2019-10-21 22:02:35,343 [grpc-default-executor-6] INFO  impl.RoleInfo (RoleInfo.java:shutdownFollowerState(121)) - a1036450-74c2-4405-b4f8-7a994af8c84a: shutdown FollowerState
2019-10-21 22:02:35,344 [grpc-default-executor-6] INFO  impl.RoleInfo (RoleInfo.java:updateAndGet(143)) - a1036450-74c2-4405-b4f8-7a994af8c84a: start FollowerState
2019-10-21 22:02:35,344 [grpc-default-executor-2] INFO  impl.RoleInfo (RoleInfo.java:shutdownFollowerState(121)) - 95d3bce6-5996-460d-8578-b7f952c18b9c: shutdown FollowerState
2019-10-21 22:02:35,344 [Thread-890] INFO  impl.FollowerState (FollowerState.java:run(117)) - a1036450-74c2-4405-b4f8-7a994af8c84a@group-5E7A11E15B06-FollowerState was interrupted: java.lang.InterruptedException: sleep interrupted
2019-10-21 22:02:35,344 [grpc-default-executor-2] INFO  impl.RoleInfo (RoleInfo.java:updateAndGet(143)) - 95d3bce6-5996-460d-8578-b7f952c18b9c: start FollowerState
2019-10-21 22:02:35,344 [Thread-889] INFO  impl.FollowerState (FollowerState.java:run(117)) - 95d3bce6-5996-460d-8578-b7f952c18b9c@group-5E7A11E15B06-FollowerState was interrupted: java.lang.InterruptedException: sleep interrupted
2019-10-21 22:02:35,354 [a26a9f1d-c528-4494-83e5-475827f7720e@group-5E7A11E15B06-LeaderElection51] INFO  impl.LeaderElection (LeaderElection.java:logAndReturn(56)) - a26a9f1d-c528-4494-83e5-475827f7720e@group-5E7A11E15B06-LeaderElection51: Election REJECTED; received 2 response(s) [a26a9f1d-c528-4494-83e5-475827f7720e<-a1036450-74c2-4405-b4f8-7a994af8c84a#0:FAIL-t48, a26a9f1d-c528-4494-83e5-475827f7720e<-95d3bce6-5996-460d-8578-b7f952c18b9c#0:FAIL-t48] and 0 exception(s); a26a9f1d-c528-4494-83e5-475827f7720e@group-5E7A11E15B06:t48, leader=null, voted=a26a9f1d-c528-4494-83e5-475827f7720e, raftlog=a26a9f1d-c528-4494-83e5-475827f7720e@group-5E7A11E15B06-SegmentedRaftLog:OPENED:c3,f4,i4, conf=0: [a26a9f1d-c528-4494-83e5-475827f7720e:192.168.69.92:46217, a1036450-74c2-4405-b4f8-7a994af8c84a:192.168.69.92:36225, 95d3bce6-5996-460d-8578-b7f952c18b9c:192.168.69.92:41231], old=null
2019-10-21 22:02:35,354 [a26a9f1d-c528-4494-83e5-475827f7720e@group-5E7A11E15B06-LeaderElection51] INFO  impl.RaftServerImpl (RaftServerImpl.java:setRole(184)) - a26a9f1d-c528-4494-83e5-475827f7720e@group-5E7A11E15B06: changes role from CANDIDATE to FOLLOWER at term 48 for DISCOVERED_A_NEW_TERM
2019-10-21 22:02:35,354 [a26a9f1d-c528-4494-83e5-475827f7720e@group-5E7A11E15B06-LeaderElection51] INFO  impl.RoleInfo (RoleInfo.java:shutdownLeaderElection(134)) - a26a9f1d-c528-4494-83e5-475827f7720e: shutdown LeaderElection
2019-10-21 22:02:35,354 [a26a9f1d-c528-4494-83e5-475827f7720e@group-5E7A11E15B06-LeaderElection51] INFO  impl.RoleInfo (RoleInfo.java:updateAndGet(143)) - a26a9f1d-c528-4494-83e5-475827f7720e: start FollowerState
2019-10-21 22:02:35,447 [Thread-897] INFO  impl.FollowerState (FollowerState.java:run(108)) - a26a9f1d-c528-4494-83e5-475827f7720e@group-5E7A11E15B06-FollowerState: change to CANDIDATE, lastRpcTime:92ms, electionTimeout:92ms
2019-10-21 22:02:35,447 [Thread-897] INFO  impl.RoleInfo (RoleInfo.java:shutdownFollowerState(121)) - a26a9f1d-c528-4494-83e5-475827f7720e: shutdown FollowerState
2019-10-21 22:02:35,447 [Thread-897] INFO  impl.RaftServerImpl (RaftServerImpl.java:setRole(184)) - a26a9f1d-c528-4494-83e5-475827f7720e@group-5E7A11E15B06: changes role from  FOLLOWER to CANDIDATE at term 48 for changeToCandidate
2019-10-21 22:02:35,447 [Thread-897] INFO  impl.RoleInfo (RoleInfo.java:updateAndGet(143)) - a26a9f1d-c528-4494-83e5-475827f7720e: start LeaderElection
2019-10-21 22:02:35,466 [a26a9f1d-c528-4494-83e5-475827f7720e@group-5E7A11E15B06-LeaderElection52] INFO  impl.LeaderElection (LeaderElection.java:askForVotes(178)) - a26a9f1d-c528-4494-83e5-475827f7720e@group-5E7A11E15B06-LeaderElection52: begin an election at term 49 for 0: [a26a9f1d-c528-4494-83e5-475827f7720e:192.168.69.92:46217, a1036450-74c2-4405-b4f8-7a994af8c84a:192.168.69.92:36225, 95d3bce6-5996-460d-8578-b7f952c18b9c:192.168.69.92:41231], old=null
2019-10-21 22:02:35,469 [grpc-default-executor-2] INFO  impl.RaftServerImpl (RaftServerImpl.java:setRole(184)) - a1036450-74c2-4405-b4f8-7a994af8c84a@group-5E7A11E15B06: changes role from  FOLLOWER to FOLLOWER at term 49 for recognizeCandidate:a26a9f1d-c528-4494-83e5-475827f7720e
2019-10-21 22:02:35,469 [grpc-default-executor-2] INFO  impl.RoleInfo (RoleInfo.java:shutdownFollowerState(121)) - a1036450-74c2-4405-b4f8-7a994af8c84a: shutdown FollowerState
2019-10-21 22:02:35,469 [grpc-default-executor-2] INFO  impl.RoleInfo (RoleInfo.java:updateAndGet(143)) - a1036450-74c2-4405-b4f8-7a994af8c84a: start FollowerState
2019-10-21 22:02:35,469 [Thread-895] INFO  impl.FollowerState (FollowerState.java:run(117)) - a1036450-74c2-4405-b4f8-7a994af8c84a@group-5E7A11E15B06-FollowerState was interrupted: java.lang.InterruptedException: sleep interrupted
2019-10-21 22:02:35,470 [grpc-default-executor-6] INFO  impl.RaftServerImpl (RaftServerImpl.java:setRole(184)) - 95d3bce6-5996-460d-8578-b7f952c18b9c@group-5E7A11E15B06: changes role from  FOLLOWER to FOLLOWER at term 49 for recognizeCandidate:a26a9f1d-c528-4494-83e5-475827f7720e
2019-10-21 22:02:35,470 [grpc-default-executor-6] INFO  impl.RoleInfo (RoleInfo.java:shutdownFollowerState(121)) - 95d3bce6-5996-460d-8578-b7f952c18b9c: shutdown FollowerState
2019-10-21 22:02:35,470 [grpc-default-executor-6] INFO  impl.RoleInfo (RoleInfo.java:updateAndGet(143)) - 95d3bce6-5996-460d-8578-b7f952c18b9c: start FollowerState
2019-10-21 22:02:35,470 [Thread-896] INFO  impl.FollowerState (FollowerState.java:run(117)) - 95d3bce6-5996-460d-8578-b7f952c18b9c@group-5E7A11E15B06-FollowerState was interrupted: java.lang.InterruptedException: sleep interrupted
2019-10-21 22:02:35,476 [a26a9f1d-c528-4494-83e5-475827f7720e@group-5E7A11E15B06-LeaderElection52] INFO  impl.LeaderElection (LeaderElection.java:logAndReturn(56)) - a26a9f1d-c528-4494-83e5-475827f7720e@group-5E7A11E15B06-LeaderElection52: Election REJECTED; received 2 response(s) [a26a9f1d-c528-4494-83e5-475827f7720e<-a1036450-74c2-4405-b4f8-7a994af8c84a#0:FAIL-t49, a26a9f1d-c528-4494-83e5-475827f7720e<-95d3bce6-5996-460d-8578-b7f952c18b9c#0:FAIL-t49] and 0 exception(s); a26a9f1d-c528-4494-83e5-475827f7720e@group-5E7A11E15B06:t49, leader=null, voted=a26a9f1d-c528-4494-83e5-475827f7720e, raftlog=a26a9f1d-c528-4494-83e5-475827f7720e@group-5E7A11E15B06-SegmentedRaftLog:OPENED:c3,f4,i4, conf=0: [a26a9f1d-c528-4494-83e5-475827f7720e:192.168.69.92:46217, a1036450-74c2-4405-b4f8-7a994af8c84a:192.168.69.92:36225, 95d3bce6-5996-460d-8578-b7f952c18b9c:192.168.69.92:41231], old=null
2019-10-21 22:02:35,477 [a26a9f1d-c528-4494-83e5-475827f7720e@group-5E7A11E15B06-LeaderElection52] INFO  impl.RaftServerImpl (RaftServerImpl.java:setRole(184)) - a26a9f1d-c528-4494-83e5-475827f7720e@group-5E7A11E15B06: changes role from CANDIDATE to FOLLOWER at term 49 for DISCOVERED_A_NEW_TERM
2019-10-21 22:02:35,477 [a26a9f1d-c528-4494-83e5-475827f7720e@group-5E7A11E15B06-LeaderElection52] INFO  impl.RoleInfo (RoleInfo.java:shutdownLeaderElection(134)) - a26a9f1d-c528-4494-83e5-475827f7720e: shutdown LeaderElection
2019-10-21 22:02:35,477 [a26a9f1d-c528-4494-83e5-475827f7720e@group-5E7A11E15B06-LeaderElection52] INFO  impl.RoleInfo (RoleInfo.java:updateAndGet(143)) - a26a9f1d-c528-4494-83e5-475827f7720e: start FollowerState
2019-10-21 22:02:35,514 [Thread-904] INFO  impl.FollowerState (FollowerState.java:run(108)) - a26a9f1d-c528-4494-83e5-475827f7720e@group-5E7A11E15B06-FollowerState: change to CANDIDATE, lastRpcTime:37ms, electionTimeout:37ms
2019-10-21 22:02:35,515 [Thread-904] INFO  impl.RoleInfo (RoleInfo.java:shutdownFollowerState(121)) - a26a9f1d-c528-4494-83e5-475827f7720e: shutdown FollowerState
2019-10-21 22:02:35,515 [Thread-904] INFO  impl.RaftServerImpl (RaftServerImpl.java:setRole(184)) - a26a9f1d-c528-4494-83e5-475827f7720e@group-5E7A11E15B06: changes role from  FOLLOWER to CANDIDATE at term 49 for changeToCandidate
2019-10-21 22:02:35,515 [Thread-904] INFO  impl.RoleInfo (RoleInfo.java:updateAndGet(143)) - a26a9f1d-c528-4494-83e5-475827f7720e: start LeaderElection
2019-10-21 22:02:35,543 [a26a9f1d-c528-4494-83e5-475827f7720e@group-5E7A11E15B06-LeaderElection53] INFO  impl.LeaderElection (LeaderElection.java:askForVotes(178)) - a26a9f1d-c528-4494-83e5-475827f7720e@group-5E7A11E15B06-LeaderElection53: begin an election at term 50 for 0: [a26a9f1d-c528-4494-83e5-475827f7720e:192.168.69.92:46217, a1036450-74c2-4405-b4f8-7a994af8c84a:192.168.69.92:36225, 95d3bce6-5996-460d-8578-b7f952c18b9c:192.168.69.92:41231], old=null
2019-10-21 22:02:35,546 [grpc-default-executor-6] INFO  impl.RaftServerImpl (RaftServerImpl.java:setRole(184)) - 95d3bce6-5996-460d-8578-b7f952c18b9c@group-5E7A11E15B06: changes role from  FOLLOWER to FOLLOWER at term 50 for recognizeCandidate:a26a9f1d-c528-4494-83e5-475827f7720e
2019-10-21 22:02:35,546 [grpc-default-executor-6] INFO  impl.RoleInfo (RoleInfo.java:shutdownFollowerState(121)) - 95d3bce6-5996-460d-8578-b7f952c18b9c: shutdown FollowerState
2019-10-21 22:02:35,546 [grpc-default-executor-6] INFO  impl.RoleInfo (RoleInfo.java:updateAndGet(143)) - 95d3bce6-5996-460d-8578-b7f952c18b9c: start FollowerState
2019-10-21 22:02:35,546 [Thread-903] INFO  impl.FollowerState (FollowerState.java:run(117)) - 95d3bce6-5996-460d-8578-b7f952c18b9c@group-5E7A11E15B06-FollowerState was interrupted: java.lang.InterruptedException: sleep interrupted
2019-10-21 22:02:35,546 [grpc-default-executor-2] INFO  impl.RaftServerImpl (RaftServerImpl.java:setRole(184)) - a1036450-74c2-4405-b4f8-7a994af8c84a@group-5E7A11E15B06: changes role from  FOLLOWER to FOLLOWER at term 50 for recognizeCandidate:a26a9f1d-c528-4494-83e5-475827f7720e
2019-10-21 22:02:35,547 [grpc-default-executor-2] INFO  impl.RoleInfo (RoleInfo.java:shutdownFollowerState(121)) - a1036450-74c2-4405-b4f8-7a994af8c84a: shutdown FollowerState
2019-10-21 22:02:35,547 [grpc-default-executor-2] INFO  impl.RoleInfo (RoleInfo.java:updateAndGet(143)) - a1036450-74c2-4405-b4f8-7a994af8c84a: start FollowerState
2019-10-21 22:02:35,547 [Thread-902] INFO  impl.FollowerState (FollowerState.java:run(117)) - a1036450-74c2-4405-b4f8-7a994af8c84a@group-5E7A11E15B06-FollowerState was interrupted: java.lang.InterruptedException: sleep interrupted
2019-10-21 22:02:35,555 [a26a9f1d-c528-4494-83e5-475827f7720e@group-5E7A11E15B06-LeaderElection53] INFO  impl.LeaderElection (LeaderElection.java:logAndReturn(56)) - a26a9f1d-c528-4494-83e5-475827f7720e@group-5E7A11E15B06-LeaderElection53: Election REJECTED; received 2 response(s) [a26a9f1d-c528-4494-83e5-475827f7720e<-a1036450-74c2-4405-b4f8-7a994af8c84a#0:FAIL-t50, a26a9f1d-c528-4494-83e5-475827f7720e<-95d3bce6-5996-460d-8578-b7f952c18b9c#0:FAIL-t50] and 0 exception(s); a26a9f1d-c528-4494-83e5-475827f7720e@group-5E7A11E15B06:t50, leader=null, voted=a26a9f1d-c528-4494-83e5-475827f7720e, raftlog=a26a9f1d-c528-4494-83e5-475827f7720e@group-5E7A11E15B06-SegmentedRaftLog:OPENED:c3,f4,i4, conf=0: [a26a9f1d-c528-4494-83e5-475827f7720e:192.168.69.92:46217, a1036450-74c2-4405-b4f8-7a994af8c84a:192.168.69.92:36225, 95d3bce6-5996-460d-8578-b7f952c18b9c:192.168.69.92:41231], old=null
2019-10-21 22:02:35,556 [a26a9f1d-c528-4494-83e5-475827f7720e@group-5E7A11E15B06-LeaderElection53] INFO  impl.RaftServerImpl (RaftServerImpl.java:setRole(184)) - a26a9f1d-c528-4494-83e5-475827f7720e@group-5E7A11E15B06: changes role from CANDIDATE to FOLLOWER at term 50 for DISCOVERED_A_NEW_TERM
2019-10-21 22:02:35,556 [a26a9f1d-c528-4494-83e5-475827f7720e@group-5E7A11E15B06-LeaderElection53] INFO  impl.RoleInfo (RoleInfo.java:shutdownLeaderElection(134)) - a26a9f1d-c528-4494-83e5-475827f7720e: shutdown LeaderElection
2019-10-21 22:02:35,556 [a26a9f1d-c528-4494-83e5-475827f7720e@group-5E7A11E15B06-LeaderElection53] INFO  impl.RoleInfo (RoleInfo.java:updateAndGet(143)) - a26a9f1d-c528-4494-83e5-475827f7720e: start FollowerState
2019-10-21 22:02:35,566 [Thread-910] INFO  impl.FollowerState (FollowerState.java:run(108)) - a26a9f1d-c528-4494-83e5-475827f7720e@group-5E7A11E15B06-FollowerState: change to CANDIDATE, lastRpcTime:10ms, electionTimeout:10ms
2019-10-21 22:02:35,567 [Thread-910] INFO  impl.RoleInfo (RoleInfo.java:shutdownFollowerState(121)) - a26a9f1d-c528-4494-83e5-475827f7720e: shutdown FollowerState
2019-10-21 22:02:35,567 [Thread-910] INFO  impl.RaftServerImpl (RaftServerImpl.java:setRole(184)) - a26a9f1d-c528-4494-83e5-475827f7720e@group-5E7A11E15B06: changes role from  FOLLOWER to CANDIDATE at term 50 for changeToCandidate
2019-10-21 22:02:35,567 [Thread-910] INFO  impl.RoleInfo (RoleInfo.java:updateAndGet(143)) - a26a9f1d-c528-4494-83e5-475827f7720e: start LeaderElection
2019-10-21 22:02:35,576 [a26a9f1d-c528-4494-83e5-475827f7720e@group-5E7A11E15B06-LeaderElection54] INFO  impl.LeaderElection (LeaderElection.java:askForVotes(178)) - a26a9f1d-c528-4494-83e5-475827f7720e@group-5E7A11E15B06-LeaderElection54: begin an election at term 51 for 0: [a26a9f1d-c528-4494-83e5-475827f7720e:192.168.69.92:46217, a1036450-74c2-4405-b4f8-7a994af8c84a:192.168.69.92:36225, 95d3bce6-5996-460d-8578-b7f952c18b9c:192.168.69.92:41231], old=null
2019-10-21 22:02:35,579 [grpc-default-executor-2] INFO  impl.RaftServerImpl (RaftServerImpl.java:setRole(184)) - 95d3bce6-5996-460d-8578-b7f952c18b9c@group-5E7A11E15B06: changes role from  FOLLOWER to FOLLOWER at term 51 for recognizeCandidate:a26a9f1d-c528-4494-83e5-475827f7720e
2019-10-21 22:02:35,579 [grpc-default-executor-2] INFO  impl.RoleInfo (RoleInfo.java:shutdownFollowerState(121)) - 95d3bce6-5996-460d-8578-b7f952c18b9c: shutdown FollowerState
2019-10-21 22:02:35,579 [grpc-default-executor-2] INFO  impl.RoleInfo (RoleInfo.java:updateAndGet(143)) - 95d3bce6-5996-460d-8578-b7f952c18b9c: start FollowerState
2019-10-21 22:02:35,579 [Thread-908] INFO  impl.FollowerState (FollowerState.java:run(117)) - 95d3bce6-5996-460d-8578-b7f952c18b9c@group-5E7A11E15B06-FollowerState was interrupted: java.lang.InterruptedException: sleep interrupted
2019-10-21 22:02:35,579 [grpc-default-executor-6] INFO  impl.RaftServerImpl (RaftServerImpl.java:setRole(184)) - a1036450-74c2-4405-b4f8-7a994af8c84a@group-5E7A11E15B06: changes role from  FOLLOWER to FOLLOWER at term 51 for recognizeCandidate:a26a9f1d-c528-4494-83e5-475827f7720e
2019-10-21 22:02:35,580 [grpc-default-executor-6] INFO  impl.RoleInfo (RoleInfo.java:shutdownFollowerState(121)) - a1036450-74c2-4405-b4f8-7a994af8c84a: shutdown FollowerState
2019-10-21 22:02:35,580 [grpc-default-executor-6] INFO  impl.RoleInfo (RoleInfo.java:updateAndGet(143)) - a1036450-74c2-4405-b4f8-7a994af8c84a: start FollowerState
2019-10-21 22:02:35,580 [Thread-909] INFO  impl.FollowerState (FollowerState.java:run(117)) - a1036450-74c2-4405-b4f8-7a994af8c84a@group-5E7A11E15B06-FollowerState was interrupted: java.lang.InterruptedException: sleep interrupted
2019-10-21 22:02:35,591 [a26a9f1d-c528-4494-83e5-475827f7720e@group-5E7A11E15B06-LeaderElection54] INFO  impl.LeaderElection (LeaderElection.java:logAndReturn(56)) - a26a9f1d-c528-4494-83e5-475827f7720e@group-5E7A11E15B06-LeaderElection54: Election REJECTED; received 2 response(s) [a26a9f1d-c528-4494-83e5-475827f7720e<-a1036450-74c2-4405-b4f8-7a994af8c84a#0:FAIL-t51, a26a9f1d-c528-4494-83e5-475827f7720e<-95d3bce6-5996-460d-8578-b7f952c18b9c#0:FAIL-t51] and 0 exception(s); a26a9f1d-c528-4494-83e5-475827f7720e@group-5E7A11E15B06:t51, leader=null, voted=a26a9f1d-c528-4494-83e5-475827f7720e, raftlog=a26a9f1d-c528-4494-83e5-475827f7720e@group-5E7A11E15B06-SegmentedRaftLog:OPENED:c3,f4,i4, conf=0: [a26a9f1d-c528-4494-83e5-475827f7720e:192.168.69.92:46217, a1036450-74c2-4405-b4f8-7a994af8c84a:192.168.69.92:36225, 95d3bce6-5996-460d-8578-b7f952c18b9c:192.168.69.92:41231], old=null
2019-10-21 22:02:35,591 [a26a9f1d-c528-4494-83e5-475827f7720e@group-5E7A11E15B06-LeaderElection54] INFO  impl.RaftServerImpl (RaftServerImpl.java:setRole(184)) - a26a9f1d-c528-4494-83e5-475827f7720e@group-5E7A11E15B06: changes role from CANDIDATE to FOLLOWER at term 51 for DISCOVERED_A_NEW_TERM
2019-10-21 22:02:35,591 [a26a9f1d-c528-4494-83e5-475827f7720e@group-5E7A11E15B06-LeaderElection54] INFO  impl.RoleInfo (RoleInfo.java:shutdownLeaderElection(134)) - a26a9f1d-c528-4494-83e5-475827f7720e: shutdown LeaderElection
2019-10-21 22:02:35,591 [a26a9f1d-c528-4494-83e5-475827f7720e@group-5E7A11E15B06-LeaderElection54] INFO  impl.RoleInfo (RoleInfo.java:updateAndGet(143)) - a26a9f1d-c528-4494-83e5-475827f7720e: start FollowerState
2019-10-21 22:02:35,616 [Thread-918] INFO  client.GrpcClientProtocolService (GrpcClientProtocolService.java:lambda$processClientRequest$0(278)) - Failed RaftClientRequest:client-91F2DA33FCFF->a1036450-74c2-4405-b4f8-7a994af8c84a@group-5E7A11E15B06, cid=10, seq=0, Watch-ALL_COMMITTED(6), Message:<EMPTY>, reply=RaftClientReply:client-91F2DA33FCFF->a1036450-74c2-4405-b4f8-7a994af8c84a@group-5E7A11E15B06, cid=10, FAILED org.apache.ratis.protocol.NotLeaderException: Server a1036450-74c2-4405-b4f8-7a994af8c84a@group-5E7A11E15B06 is not the leader, logIndex=0, commits[a1036450-74c2-4405-b4f8-7a994af8c84a:c10, a26a9f1d-c528-4494-83e5-475827f7720e:c4, 95d3bce6-5996-460d-8578-b7f952c18b9c:c10]
2019-10-21 22:02:35,671 [Thread-916] INFO  impl.FollowerState (FollowerState.java:run(108)) - a26a9f1d-c528-4494-83e5-475827f7720e@group-5E7A11E15B06-FollowerState: change to CANDIDATE, lastRpcTime:79ms, electionTimeout:79ms
2019-10-21 22:02:35,671 [Thread-916] INFO  impl.RoleInfo (RoleInfo.java:shutdownFollowerState(121)) - a26a9f1d-c528-4494-83e5-475827f7720e: shutdown FollowerState
2019-10-21 22:02:35,671 [Thread-916] INFO  impl.RaftServerImpl (RaftServerImpl.java:setRole(184)) - a26a9f1d-c528-4494-83e5-475827f7720e@group-5E7A11E15B06: changes role from  FOLLOWER to CANDIDATE at term 51 for changeToCandidate
2019-10-21 22:02:35,671 [Thread-916] INFO  impl.RoleInfo (RoleInfo.java:updateAndGet(143)) - a26a9f1d-c528-4494-83e5-475827f7720e: start LeaderElection
2019-10-21 22:02:35,681 [a26a9f1d-c528-4494-83e5-475827f7720e@group-5E7A11E15B06-LeaderElection55] INFO  impl.LeaderElection (LeaderElection.java:askForVotes(178)) - a26a9f1d-c528-4494-83e5-475827f7720e@group-5E7A11E15B06-LeaderElection55: begin an election at term 52 for 0: [a26a9f1d-c528-4494-83e5-475827f7720e:192.168.69.92:46217, a1036450-74c2-4405-b4f8-7a994af8c84a:192.168.69.92:36225, 95d3bce6-5996-460d-8578-b7f952c18b9c:192.168.69.92:41231], old=null
2019-10-21 22:02:35,684 [grpc-default-executor-2] INFO  impl.RaftServerImpl (RaftServerImpl.java:setRole(184)) - 95d3bce6-5996-460d-8578-b7f952c18b9c@group-5E7A11E15B06: changes role from  FOLLOWER to FOLLOWER at term 52 for recognizeCandidate:a26a9f1d-c528-4494-83e5-475827f7720e
2019-10-21 22:02:35,684 [grpc-default-executor-2] INFO  impl.RoleInfo (RoleInfo.java:shutdownFollowerState(121)) - 95d3bce6-5996-460d-8578-b7f952c18b9c: shutdown FollowerState
2019-10-21 22:02:35,684 [grpc-default-executor-2] INFO  impl.RoleInfo (RoleInfo.java:updateAndGet(143)) - 95d3bce6-5996-460d-8578-b7f952c18b9c: start FollowerState
2019-10-21 22:02:35,684 [Thread-914] INFO  impl.FollowerState (FollowerState.java:run(117)) - 95d3bce6-5996-460d-8578-b7f952c18b9c@group-5E7A11E15B06-FollowerState was interrupted: java.lang.InterruptedException: sleep interrupted
2019-10-21 22:02:35,684 [grpc-default-executor-6] INFO  impl.RaftServerImpl (RaftServerImpl.java:setRole(184)) - a1036450-74c2-4405-b4f8-7a994af8c84a@group-5E7A11E15B06: changes role from  FOLLOWER to FOLLOWER at term 52 for recognizeCandidate:a26a9f1d-c528-4494-83e5-475827f7720e
2019-10-21 22:02:35,685 [grpc-default-executor-6] INFO  impl.RoleInfo (RoleInfo.java:shutdownFollowerState(121)) - a1036450-74c2-4405-b4f8-7a994af8c84a: shutdown FollowerState
2019-10-21 22:02:35,685 [Thread-915] INFO  impl.FollowerState (FollowerState.java:run(117)) - a1036450-74c2-4405-b4f8-7a994af8c84a@group-5E7A11E15B06-FollowerState was interrupted: java.lang.InterruptedException: sleep interrupted
2019-10-21 22:02:35,685 [grpc-default-executor-6] INFO  impl.RoleInfo (RoleInfo.java:updateAndGet(143)) - a1036450-74c2-4405-b4f8-7a994af8c84a: start FollowerState
2019-10-21 22:02:35,699 [a26a9f1d-c528-4494-83e5-475827f7720e@group-5E7A11E15B06-LeaderElection55] INFO  impl.LeaderElection (LeaderElection.java:logAndReturn(56)) - a26a9f1d-c528-4494-83e5-475827f7720e@group-5E7A11E15B06-LeaderElection55: Election REJECTED; received 2 response(s) [a26a9f1d-c528-4494-83e5-475827f7720e<-a1036450-74c2-4405-b4f8-7a994af8c84a#0:FAIL-t52, a26a9f1d-c528-4494-83e5-475827f7720e<-95d3bce6-5996-460d-8578-b7f952c18b9c#0:FAIL-t52] and 0 exception(s); a26a9f1d-c528-4494-83e5-475827f7720e@group-5E7A11E15B06:t52, leader=null, voted=a26a9f1d-c528-4494-83e5-475827f7720e, raftlog=a26a9f1d-c528-4494-83e5-475827f7720e@group-5E7A11E15B06-SegmentedRaftLog:OPENED:c3,f4,i4, conf=0: [a26a9f1d-c528-4494-83e5-475827f7720e:192.168.69.92:46217, a1036450-74c2-4405-b4f8-7a994af8c84a:192.168.69.92:36225, 95d3bce6-5996-460d-8578-b7f952c18b9c:192.168.69.92:41231], old=null
2019-10-21 22:02:35,699 [a26a9f1d-c528-4494-83e5-475827f7720e@group-5E7A11E15B06-LeaderElection55] INFO  impl.RaftServerImpl (RaftServerImpl.java:setRole(184)) - a26a9f1d-c528-4494-83e5-475827f7720e@group-5E7A11E15B06: changes role from CANDIDATE to FOLLOWER at term 52 for DISCOVERED_A_NEW_TERM
2019-10-21 22:02:35,699 [a26a9f1d-c528-4494-83e5-475827f7720e@group-5E7A11E15B06-LeaderElection55] INFO  impl.RoleInfo (RoleInfo.java:shutdownLeaderElection(134)) - a26a9f1d-c528-4494-83e5-475827f7720e: shutdown LeaderElection
2019-10-21 22:02:35,699 [a26a9f1d-c528-4494-83e5-475827f7720e@group-5E7A11E15B06-LeaderElection55] INFO  impl.RoleInfo (RoleInfo.java:updateAndGet(143)) - a26a9f1d-c528-4494-83e5-475827f7720e: start FollowerState
2019-10-21 22:02:35,794 [Thread-925] INFO  impl.FollowerState (FollowerState.java:run(108)) - a26a9f1d-c528-4494-83e5-475827f7720e@group-5E7A11E15B06-FollowerState: change to CANDIDATE, lastRpcTime:95ms, electionTimeout:95ms
2019-10-21 22:02:35,794 [Thread-925] INFO  impl.RoleInfo (RoleInfo.java:shutdownFollowerState(121)) - a26a9f1d-c528-4494-83e5-475827f7720e: shutdown FollowerState
2019-10-21 22:02:35,795 [Thread-925] INFO  impl.RaftServerImpl (RaftServerImpl.java:setRole(184)) - a26a9f1d-c528-4494-83e5-475827f7720e@group-5E7A11E15B06: changes role from  FOLLOWER to CANDIDATE at term 52 for changeToCandidate
2019-10-21 22:02:35,795 [Thread-925] INFO  impl.RoleInfo (RoleInfo.java:updateAndGet(143)) - a26a9f1d-c528-4494-83e5-475827f7720e: start LeaderElection
2019-10-21 22:02:35,805 [a26a9f1d-c528-4494-83e5-475827f7720e@group-5E7A11E15B06-LeaderElection56] INFO  impl.LeaderElection (LeaderElection.java:askForVotes(178)) - a26a9f1d-c528-4494-83e5-475827f7720e@group-5E7A11E15B06-LeaderElection56: begin an election at term 53 for 0: [a26a9f1d-c528-4494-83e5-475827f7720e:192.168.69.92:46217, a1036450-74c2-4405-b4f8-7a994af8c84a:192.168.69.92:36225, 95d3bce6-5996-460d-8578-b7f952c18b9c:192.168.69.92:41231], old=null
2019-10-21 22:02:35,807 [grpc-default-executor-6] INFO  impl.RaftServerImpl (RaftServerImpl.java:setRole(184)) - a1036450-74c2-4405-b4f8-7a994af8c84a@group-5E7A11E15B06: changes role from  FOLLOWER to FOLLOWER at term 53 for recognizeCandidate:a26a9f1d-c528-4494-83e5-475827f7720e
2019-10-21 22:02:35,807 [grpc-default-executor-2] INFO  impl.RaftServerImpl (RaftServerImpl.java:setRole(184)) - 95d3bce6-5996-460d-8578-b7f952c18b9c@group-5E7A11E15B06: changes role from  FOLLOWER to FOLLOWER at term 53 for recognizeCandidate:a26a9f1d-c528-4494-83e5-475827f7720e
2019-10-21 22:02:35,807 [grpc-default-executor-6] INFO  impl.RoleInfo (RoleInfo.java:shutdownFollowerState(121)) - a1036450-74c2-4405-b4f8-7a994af8c84a: shutdown FollowerState
2019-10-21 22:02:35,808 [grpc-default-executor-2] INFO  impl.RoleInfo (RoleInfo.java:shutdownFollowerState(121)) - 95d3bce6-5996-460d-8578-b7f952c18b9c: shutdown FollowerState
2019-10-21 22:02:35,808 [Thread-924] INFO  impl.FollowerState (FollowerState.java:run(117)) - a1036450-74c2-4405-b4f8-7a994af8c84a@group-5E7A11E15B06-FollowerState was interrupted: java.lang.InterruptedException: sleep interrupted
2019-10-21 22:02:35,808 [Thread-923] INFO  impl.FollowerState (FollowerState.java:run(117)) - 95d3bce6-5996-460d-8578-b7f952c18b9c@group-5E7A11E15B06-FollowerState was interrupted: java.lang.InterruptedException: sleep interrupted
2019-10-21 22:02:35,808 [grpc-default-executor-6] INFO  impl.RoleInfo (RoleInfo.java:updateAndGet(143)) - a1036450-74c2-4405-b4f8-7a994af8c84a: start FollowerState
2019-10-21 22:02:35,808 [grpc-default-executor-2] INFO  impl.RoleInfo (RoleInfo.java:updateAndGet(143)) - 95d3bce6-5996-460d-8578-b7f952c18b9c: start FollowerState
2019-10-21 22:02:35,821 [a26a9f1d-c528-4494-83e5-475827f7720e@group-5E7A11E15B06-LeaderElection56] INFO  impl.LeaderElection (LeaderElection.java:logAndReturn(56)) - a26a9f1d-c528-4494-83e5-475827f7720e@group-5E7A11E15B06-LeaderElection56: Election REJECTED; received 2 response(s) [a26a9f1d-c528-4494-83e5-475827f7720e<-a1036450-74c2-4405-b4f8-7a994af8c84a#0:FAIL-t53, a26a9f1d-c528-4494-83e5-475827f7720e<-95d3bce6-5996-460d-8578-b7f952c18b9c#0:FAIL-t53] and 0 exception(s); a26a9f1d-c528-4494-83e5-475827f7720e@group-5E7A11E15B06:t53, leader=null, voted=a26a9f1d-c528-4494-83e5-475827f7720e, raftlog=a26a9f1d-c528-4494-83e5-475827f7720e@group-5E7A11E15B06-SegmentedRaftLog:OPENED:c3,f4,i4, conf=0: [a26a9f1d-c528-4494-83e5-475827f7720e:192.168.69.92:46217, a1036450-74c2-4405-b4f8-7a994af8c84a:192.168.69.92:36225, 95d3bce6-5996-460d-8578-b7f952c18b9c:192.168.69.92:41231], old=null
2019-10-21 22:02:35,822 [a26a9f1d-c528-4494-83e5-475827f7720e@group-5E7A11E15B06-LeaderElection56] INFO  impl.RaftServerImpl (RaftServerImpl.java:setRole(184)) - a26a9f1d-c528-4494-83e5-475827f7720e@group-5E7A11E15B06: changes role from CANDIDATE to FOLLOWER at term 53 for DISCOVERED_A_NEW_TERM
2019-10-21 22:02:35,822 [a26a9f1d-c528-4494-83e5-475827f7720e@group-5E7A11E15B06-LeaderElection56] INFO  impl.RoleInfo (RoleInfo.java:shutdownLeaderElection(134)) - a26a9f1d-c528-4494-83e5-475827f7720e: shutdown LeaderElection
2019-10-21 22:02:35,822 [a26a9f1d-c528-4494-83e5-475827f7720e@group-5E7A11E15B06-LeaderElection56] INFO  impl.RoleInfo (RoleInfo.java:updateAndGet(143)) - a26a9f1d-c528-4494-83e5-475827f7720e: start FollowerState
2019-10-21 22:02:35,960 [Thread-931] INFO  impl.FollowerState (FollowerState.java:run(108)) - a26a9f1d-c528-4494-83e5-475827f7720e@group-5E7A11E15B06-FollowerState: change to CANDIDATE, lastRpcTime:138ms, electionTimeout:138ms
2019-10-21 22:02:35,960 [Thread-931] INFO  impl.RoleInfo (RoleInfo.java:shutdownFollowerState(121)) - a26a9f1d-c528-4494-83e5-475827f7720e: shutdown FollowerState
2019-10-21 22:02:35,961 [Thread-931] INFO  impl.RaftServerImpl (RaftServerImpl.java:setRole(184)) - a26a9f1d-c528-4494-83e5-475827f7720e@group-5E7A11E15B06: changes role from  FOLLOWER to CANDIDATE at term 53 for changeToCandidate
2019-10-21 22:02:35,961 [Thread-931] INFO  impl.RoleInfo (RoleInfo.java:updateAndGet(143)) - a26a9f1d-c528-4494-83e5-475827f7720e: start LeaderElection
2019-10-21 22:02:35,970 [a26a9f1d-c528-4494-83e5-475827f7720e@group-5E7A11E15B06-LeaderElection57] INFO  impl.LeaderElection (LeaderElection.java:askForVotes(178)) - a26a9f1d-c528-4494-83e5-475827f7720e@group-5E7A11E15B06-LeaderElection57: begin an election at term 54 for 0: [a26a9f1d-c528-4494-83e5-475827f7720e:192.168.69.92:46217, a1036450-74c2-4405-b4f8-7a994af8c84a:192.168.69.92:36225, 95d3bce6-5996-460d-8578-b7f952c18b9c:192.168.69.92:41231], old=null
2019-10-21 22:02:35,972 [grpc-default-executor-2] INFO  impl.RaftServerImpl (RaftServerImpl.java:setRole(184)) - 95d3bce6-5996-460d-8578-b7f952c18b9c@group-5E7A11E15B06: changes role from  FOLLOWER to FOLLOWER at term 54 for recognizeCandidate:a26a9f1d-c528-4494-83e5-475827f7720e
2019-10-21 22:02:35,973 [grpc-default-executor-2] INFO  impl.RoleInfo (RoleInfo.java:shutdownFollowerState(121)) - 95d3bce6-5996-460d-8578-b7f952c18b9c: shutdown FollowerState
2019-10-21 22:02:35,973 [Thread-930] INFO  impl.FollowerState (FollowerState.java:run(117)) - 95d3bce6-5996-460d-8578-b7f952c18b9c@group-5E7A11E15B06-FollowerState was interrupted: java.lang.InterruptedException: sleep interrupted
2019-10-21 22:02:35,973 [grpc-default-executor-6] INFO  impl.RaftServerImpl (RaftServerImpl.java:setRole(184)) - a1036450-74c2-4405-b4f8-7a994af8c84a@group-5E7A11E15B06: changes role from  FOLLOWER to FOLLOWER at term 54 for recognizeCandidate:a26a9f1d-c528-4494-83e5-475827f7720e
2019-10-21 22:02:35,973 [grpc-default-executor-2] INFO  impl.RoleInfo (RoleInfo.java:updateAndGet(143)) - 95d3bce6-5996-460d-8578-b7f952c18b9c: start FollowerState
2019-10-21 22:02:35,973 [grpc-default-executor-6] INFO  impl.RoleInfo (RoleInfo.java:shutdownFollowerState(121)) - a1036450-74c2-4405-b4f8-7a994af8c84a: shutdown FollowerState
2019-10-21 22:02:35,973 [grpc-default-executor-6] INFO  impl.RoleInfo (RoleInfo.java:updateAndGet(143)) - a1036450-74c2-4405-b4f8-7a994af8c84a: start FollowerState
2019-10-21 22:02:35,974 [Thread-929] INFO  impl.FollowerState (FollowerState.java:run(117)) - a1036450-74c2-4405-b4f8-7a994af8c84a@group-5E7A11E15B06-FollowerState was interrupted: java.lang.InterruptedException: sleep interrupted
2019-10-21 22:02:35,991 [a26a9f1d-c528-4494-83e5-475827f7720e@group-5E7A11E15B06-LeaderElection57] INFO  impl.LeaderElection (LeaderElection.java:logAndReturn(56)) - a26a9f1d-c528-4494-83e5-475827f7720e@group-5E7A11E15B06-LeaderElection57: Election TIMEOUT; received 0 response(s) [] and 0 exception(s); a26a9f1d-c528-4494-83e5-475827f7720e@group-5E7A11E15B06:t54, leader=null, voted=a26a9f1d-c528-4494-83e5-475827f7720e, raftlog=a26a9f1d-c528-4494-83e5-475827f7720e@group-5E7A11E15B06-SegmentedRaftLog:OPENED:c3,f4,i4, conf=0: [a26a9f1d-c528-4494-83e5-475827f7720e:192.168.69.92:46217, a1036450-74c2-4405-b4f8-7a994af8c84a:192.168.69.92:36225, 95d3bce6-5996-460d-8578-b7f952c18b9c:192.168.69.92:41231], old=null
2019-10-21 22:02:36,008 [a26a9f1d-c528-4494-83e5-475827f7720e@group-5E7A11E15B06-LeaderElection57] INFO  impl.LeaderElection (LeaderElection.java:askForVotes(178)) - a26a9f1d-c528-4494-83e5-475827f7720e@group-5E7A11E15B06-LeaderElection57: begin an election at term 55 for 0: [a26a9f1d-c528-4494-83e5-475827f7720e:192.168.69.92:46217, a1036450-74c2-4405-b4f8-7a994af8c84a:192.168.69.92:36225, 95d3bce6-5996-460d-8578-b7f952c18b9c:192.168.69.92:41231], old=null
2019-10-21 22:02:36,010 [grpc-default-executor-2] INFO  impl.RaftServerImpl (RaftServerImpl.java:setRole(184)) - 95d3bce6-5996-460d-8578-b7f952c18b9c@group-5E7A11E15B06: changes role from  FOLLOWER to FOLLOWER at term 55 for recognizeCandidate:a26a9f1d-c528-4494-83e5-475827f7720e
2019-10-21 22:02:36,010 [grpc-default-executor-2] INFO  impl.RoleInfo (RoleInfo.java:shutdownFollowerState(121)) - 95d3bce6-5996-460d-8578-b7f952c18b9c: shutdown FollowerState
2019-10-21 22:02:36,011 [grpc-default-executor-2] INFO  impl.RoleInfo (RoleInfo.java:updateAndGet(143)) - 95d3bce6-5996-460d-8578-b7f952c18b9c: start FollowerState
2019-10-21 22:02:36,011 [Thread-935] INFO  impl.FollowerState (FollowerState.java:run(117)) - 95d3bce6-5996-460d-8578-b7f952c18b9c@group-5E7A11E15B06-FollowerState was interrupted: java.lang.InterruptedException: sleep interrupted
2019-10-21 22:02:36,011 [grpc-default-executor-6] INFO  impl.RaftServerImpl (RaftServerImpl.java:setRole(184)) - a1036450-74c2-4405-b4f8-7a994af8c84a@group-5E7A11E15B06: changes role from  FOLLOWER to FOLLOWER at term 55 for recognizeCandidate:a26a9f1d-c528-4494-83e5-475827f7720e
2019-10-21 22:02:36,011 [grpc-default-executor-6] INFO  impl.RoleInfo (RoleInfo.java:shutdownFollowerState(121)) - a1036450-74c2-4405-b4f8-7a994af8c84a: shutdown FollowerState
2019-10-21 22:02:36,011 [grpc-default-executor-6] INFO  impl.RoleInfo (RoleInfo.java:updateAndGet(143)) - a1036450-74c2-4405-b4f8-7a994af8c84a: start FollowerState
2019-10-21 22:02:36,011 [Thread-936] INFO  impl.FollowerState (FollowerState.java:run(117)) - a1036450-74c2-4405-b4f8-7a994af8c84a@group-5E7A11E15B06-FollowerState was interrupted: java.lang.InterruptedException: sleep interrupted
2019-10-21 22:02:36,015 [BlockDeletingService#7] WARN  background.BlockDeletingService (BlockDeletingService.java:isDeletionAllowed(187)) - Close Container log Index 6 is not replicated across allthe servers in the pipeline 14fb49ee-5d81-4c1e-bb69-5e7a11e15b06 as the min replicated index is 4. Deletion is not allowed in this container yet.
2019-10-21 22:02:36,016 [BlockDeletingService#2] WARN  background.BlockDeletingService (BlockDeletingService.java:isDeletionAllowed(187)) - Close Container log Index 6 is not replicated across allthe servers in the pipeline 14fb49ee-5d81-4c1e-bb69-5e7a11e15b06 as the min replicated index is 4. Deletion is not allowed in this container yet.
2019-10-21 22:02:36,019 [a26a9f1d-c528-4494-83e5-475827f7720e@group-5E7A11E15B06-LeaderElection57] INFO  impl.LeaderElection (LeaderElection.java:logAndReturn(56)) - a26a9f1d-c528-4494-83e5-475827f7720e@group-5E7A11E15B06-LeaderElection57: Election REJECTED; received 2 response(s) [a26a9f1d-c528-4494-83e5-475827f7720e<-a1036450-74c2-4405-b4f8-7a994af8c84a#0:FAIL-t55, a26a9f1d-c528-4494-83e5-475827f7720e<-95d3bce6-5996-460d-8578-b7f952c18b9c#0:FAIL-t55] and 0 exception(s); a26a9f1d-c528-4494-83e5-475827f7720e@group-5E7A11E15B06:t55, leader=null, voted=a26a9f1d-c528-4494-83e5-475827f7720e, raftlog=a26a9f1d-c528-4494-83e5-475827f7720e@group-5E7A11E15B06-SegmentedRaftLog:OPENED:c3,f4,i4, conf=0: [a26a9f1d-c528-4494-83e5-475827f7720e:192.168.69.92:46217, a1036450-74c2-4405-b4f8-7a994af8c84a:192.168.69.92:36225, 95d3bce6-5996-460d-8578-b7f952c18b9c:192.168.69.92:41231], old=null
2019-10-21 22:02:36,019 [a26a9f1d-c528-4494-83e5-475827f7720e@group-5E7A11E15B06-LeaderElection57] INFO  impl.RaftServerImpl (RaftServerImpl.java:setRole(184)) - a26a9f1d-c528-4494-83e5-475827f7720e@group-5E7A11E15B06: changes role from CANDIDATE to FOLLOWER at term 55 for DISCOVERED_A_NEW_TERM
2019-10-21 22:02:36,019 [a26a9f1d-c528-4494-83e5-475827f7720e@group-5E7A11E15B06-LeaderElection57] INFO  impl.RoleInfo (RoleInfo.java:shutdownLeaderElection(134)) - a26a9f1d-c528-4494-83e5-475827f7720e: shutdown LeaderElection
2019-10-21 22:02:36,020 [a26a9f1d-c528-4494-83e5-475827f7720e@group-5E7A11E15B06-LeaderElection57] INFO  impl.RoleInfo (RoleInfo.java:updateAndGet(143)) - a26a9f1d-c528-4494-83e5-475827f7720e: start FollowerState
2019-10-21 22:02:36,129 [Thread-943] INFO  impl.FollowerState (FollowerState.java:run(108)) - a26a9f1d-c528-4494-83e5-475827f7720e@group-5E7A11E15B06-FollowerState: change to CANDIDATE, lastRpcTime:109ms, electionTimeout:109ms
2019-10-21 22:02:36,129 [Thread-943] INFO  impl.RoleInfo (RoleInfo.java:shutdownFollowerState(121)) - a26a9f1d-c528-4494-83e5-475827f7720e: shutdown FollowerState
2019-10-21 22:02:36,129 [Thread-943] INFO  impl.RaftServerImpl (RaftServerImpl.java:setRole(184)) - a26a9f1d-c528-4494-83e5-475827f7720e@group-5E7A11E15B06: changes role from  FOLLOWER to CANDIDATE at term 55 for changeToCandidate
2019-10-21 22:02:36,129 [Thread-943] INFO  impl.RoleInfo (RoleInfo.java:updateAndGet(143)) - a26a9f1d-c528-4494-83e5-475827f7720e: start LeaderElection
2019-10-21 22:02:36,137 [a26a9f1d-c528-4494-83e5-475827f7720e@group-5E7A11E15B06-LeaderElection58] INFO  impl.LeaderElection (LeaderElection.java:askForVotes(178)) - a26a9f1d-c528-4494-83e5-475827f7720e@group-5E7A11E15B06-LeaderElection58: begin an election at term 56 for 0: [a26a9f1d-c528-4494-83e5-475827f7720e:192.168.69.92:46217, a1036450-74c2-4405-b4f8-7a994af8c84a:192.168.69.92:36225, 95d3bce6-5996-460d-8578-b7f952c18b9c:192.168.69.92:41231], old=null
2019-10-21 22:02:36,139 [grpc-default-executor-2] INFO  impl.RaftServerImpl (RaftServerImpl.java:setRole(184)) - a1036450-74c2-4405-b4f8-7a994af8c84a@group-5E7A11E15B06: changes role from  FOLLOWER to FOLLOWER at term 56 for recognizeCandidate:a26a9f1d-c528-4494-83e5-475827f7720e
2019-10-21 22:02:36,139 [grpc-default-executor-6] INFO  impl.RaftServerImpl (RaftServerImpl.java:setRole(184)) - 95d3bce6-5996-460d-8578-b7f952c18b9c@group-5E7A11E15B06: changes role from  FOLLOWER to FOLLOWER at term 56 for recognizeCandidate:a26a9f1d-c528-4494-83e5-475827f7720e
2019-10-21 22:02:36,139 [grpc-default-executor-2] INFO  impl.RoleInfo (RoleInfo.java:shutdownFollowerState(121)) - a1036450-74c2-4405-b4f8-7a994af8c84a: shutdown FollowerState
2019-10-21 22:02:36,140 [grpc-default-executor-6] INFO  impl.RoleInfo (RoleInfo.java:shutdownFollowerState(121)) - 95d3bce6-5996-460d-8578-b7f952c18b9c: shutdown FollowerState
2019-10-21 22:02:36,140 [Thread-940] INFO  impl.FollowerState (FollowerState.java:run(117)) - a1036450-74c2-4405-b4f8-7a994af8c84a@group-5E7A11E15B06-FollowerState was interrupted: java.lang.InterruptedException: sleep interrupted
2019-10-21 22:02:36,140 [grpc-default-executor-2] INFO  impl.RoleInfo (RoleInfo.java:updateAndGet(143)) - a1036450-74c2-4405-b4f8-7a994af8c84a: start FollowerState
2019-10-21 22:02:36,140 [Thread-939] INFO  impl.FollowerState (FollowerState.java:run(117)) - 95d3bce6-5996-460d-8578-b7f952c18b9c@group-5E7A11E15B06-FollowerState was interrupted: java.lang.InterruptedException: sleep interrupted
2019-10-21 22:02:36,140 [grpc-default-executor-6] INFO  impl.RoleInfo (RoleInfo.java:updateAndGet(143)) - 95d3bce6-5996-460d-8578-b7f952c18b9c: start FollowerState
2019-10-21 22:02:36,142 [a26a9f1d-c528-4494-83e5-475827f7720e@group-5E7A11E15B06-LeaderElection58] INFO  impl.LeaderElection (LeaderElection.java:logAndReturn(56)) - a26a9f1d-c528-4494-83e5-475827f7720e@group-5E7A11E15B06-LeaderElection58: Election TIMEOUT; received 0 response(s) [] and 0 exception(s); a26a9f1d-c528-4494-83e5-475827f7720e@group-5E7A11E15B06:t56, leader=null, voted=a26a9f1d-c528-4494-83e5-475827f7720e, raftlog=a26a9f1d-c528-4494-83e5-475827f7720e@group-5E7A11E15B06-SegmentedRaftLog:OPENED:c3,f4,i4, conf=0: [a26a9f1d-c528-4494-83e5-475827f7720e:192.168.69.92:46217, a1036450-74c2-4405-b4f8-7a994af8c84a:192.168.69.92:36225, 95d3bce6-5996-460d-8578-b7f952c18b9c:192.168.69.92:41231], old=null
2019-10-21 22:02:36,148 [a26a9f1d-c528-4494-83e5-475827f7720e@group-5E7A11E15B06-LeaderElection58] INFO  impl.LeaderElection (LeaderElection.java:askForVotes(178)) - a26a9f1d-c528-4494-83e5-475827f7720e@group-5E7A11E15B06-LeaderElection58: begin an election at term 57 for 0: [a26a9f1d-c528-4494-83e5-475827f7720e:192.168.69.92:46217, a1036450-74c2-4405-b4f8-7a994af8c84a:192.168.69.92:36225, 95d3bce6-5996-460d-8578-b7f952c18b9c:192.168.69.92:41231], old=null
2019-10-21 22:02:36,149 [grpc-default-executor-2] INFO  impl.RaftServerImpl (RaftServerImpl.java:setRole(184)) - 95d3bce6-5996-460d-8578-b7f952c18b9c@group-5E7A11E15B06: changes role from  FOLLOWER to FOLLOWER at term 57 for recognizeCandidate:a26a9f1d-c528-4494-83e5-475827f7720e
2019-10-21 22:02:36,150 [grpc-default-executor-2] INFO  impl.RoleInfo (RoleInfo.java:shutdownFollowerState(121)) - 95d3bce6-5996-460d-8578-b7f952c18b9c: shutdown FollowerState
2019-10-21 22:02:36,150 [Thread-948] INFO  impl.FollowerState (FollowerState.java:run(117)) - 95d3bce6-5996-460d-8578-b7f952c18b9c@group-5E7A11E15B06-FollowerState was interrupted: java.lang.InterruptedException: sleep interrupted
2019-10-21 22:02:36,150 [grpc-default-executor-2] INFO  impl.RoleInfo (RoleInfo.java:updateAndGet(143)) - 95d3bce6-5996-460d-8578-b7f952c18b9c: start FollowerState
2019-10-21 22:02:36,150 [grpc-default-executor-6] INFO  impl.RaftServerImpl (RaftServerImpl.java:setRole(184)) - a1036450-74c2-4405-b4f8-7a994af8c84a@group-5E7A11E15B06: changes role from  FOLLOWER to FOLLOWER at term 57 for recognizeCandidate:a26a9f1d-c528-4494-83e5-475827f7720e
2019-10-21 22:02:36,150 [grpc-default-executor-6] INFO  impl.RoleInfo (RoleInfo.java:shutdownFollowerState(121)) - a1036450-74c2-4405-b4f8-7a994af8c84a: shutdown FollowerState
2019-10-21 22:02:36,151 [grpc-default-executor-6] INFO  impl.RoleInfo (RoleInfo.java:updateAndGet(143)) - a1036450-74c2-4405-b4f8-7a994af8c84a: start FollowerState
2019-10-21 22:02:36,151 [Thread-947] INFO  impl.FollowerState (FollowerState.java:run(117)) - a1036450-74c2-4405-b4f8-7a994af8c84a@group-5E7A11E15B06-FollowerState was interrupted: java.lang.InterruptedException: sleep interrupted
2019-10-21 22:02:36,160 [a26a9f1d-c528-4494-83e5-475827f7720e@group-5E7A11E15B06-LeaderElection58] INFO  impl.LeaderElection (LeaderElection.java:logAndReturn(56)) - a26a9f1d-c528-4494-83e5-475827f7720e@group-5E7A11E15B06-LeaderElection58: Election REJECTED; received 2 response(s) [a26a9f1d-c528-4494-83e5-475827f7720e<-a1036450-74c2-4405-b4f8-7a994af8c84a#0:FAIL-t57, a26a9f1d-c528-4494-83e5-475827f7720e<-95d3bce6-5996-460d-8578-b7f952c18b9c#0:FAIL-t57] and 0 exception(s); a26a9f1d-c528-4494-83e5-475827f7720e@group-5E7A11E15B06:t57, leader=null, voted=a26a9f1d-c528-4494-83e5-475827f7720e, raftlog=a26a9f1d-c528-4494-83e5-475827f7720e@group-5E7A11E15B06-SegmentedRaftLog:OPENED:c3,f4,i4, conf=0: [a26a9f1d-c528-4494-83e5-475827f7720e:192.168.69.92:46217, a1036450-74c2-4405-b4f8-7a994af8c84a:192.168.69.92:36225, 95d3bce6-5996-460d-8578-b7f952c18b9c:192.168.69.92:41231], old=null
2019-10-21 22:02:36,160 [a26a9f1d-c528-4494-83e5-475827f7720e@group-5E7A11E15B06-LeaderElection58] INFO  impl.RaftServerImpl (RaftServerImpl.java:setRole(184)) - a26a9f1d-c528-4494-83e5-475827f7720e@group-5E7A11E15B06: changes role from CANDIDATE to FOLLOWER at term 57 for DISCOVERED_A_NEW_TERM
2019-10-21 22:02:36,160 [a26a9f1d-c528-4494-83e5-475827f7720e@group-5E7A11E15B06-LeaderElection58] INFO  impl.RoleInfo (RoleInfo.java:shutdownLeaderElection(134)) - a26a9f1d-c528-4494-83e5-475827f7720e: shutdown LeaderElection
2019-10-21 22:02:36,160 [a26a9f1d-c528-4494-83e5-475827f7720e@group-5E7A11E15B06-LeaderElection58] INFO  impl.RoleInfo (RoleInfo.java:updateAndGet(143)) - a26a9f1d-c528-4494-83e5-475827f7720e: start FollowerState
2019-10-21 22:02:36,206 [Thread-953] INFO  impl.FollowerState (FollowerState.java:run(108)) - a26a9f1d-c528-4494-83e5-475827f7720e@group-5E7A11E15B06-FollowerState: change to CANDIDATE, lastRpcTime:46ms, electionTimeout:46ms
2019-10-21 22:02:36,207 [Thread-953] INFO  impl.RoleInfo (RoleInfo.java:shutdownFollowerState(121)) - a26a9f1d-c528-4494-83e5-475827f7720e: shutdown FollowerState
2019-10-21 22:02:36,207 [Thread-953] INFO  impl.RaftServerImpl (RaftServerImpl.java:setRole(184)) - a26a9f1d-c528-4494-83e5-475827f7720e@group-5E7A11E15B06: changes role from  FOLLOWER to CANDIDATE at term 57 for changeToCandidate
2019-10-21 22:02:36,207 [Thread-953] INFO  impl.RoleInfo (RoleInfo.java:updateAndGet(143)) - a26a9f1d-c528-4494-83e5-475827f7720e: start LeaderElection
2019-10-21 22:02:36,211 [a26a9f1d-c528-4494-83e5-475827f7720e@group-5E7A11E15B06-LeaderElection59] INFO  impl.LeaderElection (LeaderElection.java:askForVotes(178)) - a26a9f1d-c528-4494-83e5-475827f7720e@group-5E7A11E15B06-LeaderElection59: begin an election at term 58 for 0: [a26a9f1d-c528-4494-83e5-475827f7720e:192.168.69.92:46217, a1036450-74c2-4405-b4f8-7a994af8c84a:192.168.69.92:36225, 95d3bce6-5996-460d-8578-b7f952c18b9c:192.168.69.92:41231], old=null
2019-10-21 22:02:36,213 [grpc-default-executor-6] INFO  impl.RaftServerImpl (RaftServerImpl.java:setRole(184)) - a1036450-74c2-4405-b4f8-7a994af8c84a@group-5E7A11E15B06: changes role from  FOLLOWER to FOLLOWER at term 58 for recognizeCandidate:a26a9f1d-c528-4494-83e5-475827f7720e
2019-10-21 22:02:36,213 [grpc-default-executor-2] INFO  impl.RaftServerImpl (RaftServerImpl.java:setRole(184)) - 95d3bce6-5996-460d-8578-b7f952c18b9c@group-5E7A11E15B06: changes role from  FOLLOWER to FOLLOWER at term 58 for recognizeCandidate:a26a9f1d-c528-4494-83e5-475827f7720e
2019-10-21 22:02:36,213 [grpc-default-executor-6] INFO  impl.RoleInfo (RoleInfo.java:shutdownFollowerState(121)) - a1036450-74c2-4405-b4f8-7a994af8c84a: shutdown FollowerState
2019-10-21 22:02:36,213 [grpc-default-executor-2] INFO  impl.RoleInfo (RoleInfo.java:shutdownFollowerState(121)) - 95d3bce6-5996-460d-8578-b7f952c18b9c: shutdown FollowerState
2019-10-21 22:02:36,213 [Thread-952] INFO  impl.FollowerState (FollowerState.java:run(117)) - a1036450-74c2-4405-b4f8-7a994af8c84a@group-5E7A11E15B06-FollowerState was interrupted: java.lang.InterruptedException: sleep interrupted
2019-10-21 22:02:36,213 [grpc-default-executor-6] INFO  impl.RoleInfo (RoleInfo.java:updateAndGet(143)) - a1036450-74c2-4405-b4f8-7a994af8c84a: start FollowerState
2019-10-21 22:02:36,213 [grpc-default-executor-2] INFO  impl.RoleInfo (RoleInfo.java:updateAndGet(143)) - 95d3bce6-5996-460d-8578-b7f952c18b9c: start FollowerState
2019-10-21 22:02:36,213 [Thread-951] INFO  impl.FollowerState (FollowerState.java:run(117)) - 95d3bce6-5996-460d-8578-b7f952c18b9c@group-5E7A11E15B06-FollowerState was interrupted: java.lang.InterruptedException: sleep interrupted
2019-10-21 22:02:36,232 [a26a9f1d-c528-4494-83e5-475827f7720e@group-5E7A11E15B06-LeaderElection59] INFO  impl.LeaderElection (LeaderElection.java:logAndReturn(56)) - a26a9f1d-c528-4494-83e5-475827f7720e@group-5E7A11E15B06-LeaderElection59: Election REJECTED; received 2 response(s) [a26a9f1d-c528-4494-83e5-475827f7720e<-a1036450-74c2-4405-b4f8-7a994af8c84a#0:FAIL-t58, a26a9f1d-c528-4494-83e5-475827f7720e<-95d3bce6-5996-460d-8578-b7f952c18b9c#0:FAIL-t58] and 0 exception(s); a26a9f1d-c528-4494-83e5-475827f7720e@group-5E7A11E15B06:t58, leader=null, voted=a26a9f1d-c528-4494-83e5-475827f7720e, raftlog=a26a9f1d-c528-4494-83e5-475827f7720e@group-5E7A11E15B06-SegmentedRaftLog:OPENED:c3,f4,i4, conf=0: [a26a9f1d-c528-4494-83e5-475827f7720e:192.168.69.92:46217, a1036450-74c2-4405-b4f8-7a994af8c84a:192.168.69.92:36225, 95d3bce6-5996-460d-8578-b7f952c18b9c:192.168.69.92:41231], old=null
2019-10-21 22:02:36,232 [a26a9f1d-c528-4494-83e5-475827f7720e@group-5E7A11E15B06-LeaderElection59] INFO  impl.RaftServerImpl (RaftServerImpl.java:setRole(184)) - a26a9f1d-c528-4494-83e5-475827f7720e@group-5E7A11E15B06: changes role from CANDIDATE to FOLLOWER at term 58 for DISCOVERED_A_NEW_TERM
2019-10-21 22:02:36,232 [a26a9f1d-c528-4494-83e5-475827f7720e@group-5E7A11E15B06-LeaderElection59] INFO  impl.RoleInfo (RoleInfo.java:shutdownLeaderElection(134)) - a26a9f1d-c528-4494-83e5-475827f7720e: shutdown LeaderElection
2019-10-21 22:02:36,232 [a26a9f1d-c528-4494-83e5-475827f7720e@group-5E7A11E15B06-LeaderElection59] INFO  impl.RoleInfo (RoleInfo.java:updateAndGet(143)) - a26a9f1d-c528-4494-83e5-475827f7720e: start FollowerState
2019-10-21 22:02:36,283 [Thread-961] INFO  impl.FollowerState (FollowerState.java:run(108)) - a26a9f1d-c528-4494-83e5-475827f7720e@group-5E7A11E15B06-FollowerState: change to CANDIDATE, lastRpcTime:50ms, electionTimeout:50ms
2019-10-21 22:02:36,283 [Thread-961] INFO  impl.RoleInfo (RoleInfo.java:shutdownFollowerState(121)) - a26a9f1d-c528-4494-83e5-475827f7720e: shutdown FollowerState
2019-10-21 22:02:36,283 [Thread-961] INFO  impl.RaftServerImpl (RaftServerImpl.java:setRole(184)) - a26a9f1d-c528-4494-83e5-475827f7720e@group-5E7A11E15B06: changes role from  FOLLOWER to CANDIDATE at term 58 for changeToCandidate
2019-10-21 22:02:36,283 [Thread-961] INFO  impl.RoleInfo (RoleInfo.java:updateAndGet(143)) - a26a9f1d-c528-4494-83e5-475827f7720e: start LeaderElection
2019-10-21 22:02:36,287 [a26a9f1d-c528-4494-83e5-475827f7720e@group-5E7A11E15B06-LeaderElection60] INFO  impl.LeaderElection (LeaderElection.java:askForVotes(178)) - a26a9f1d-c528-4494-83e5-475827f7720e@group-5E7A11E15B06-LeaderElection60: begin an election at term 59 for 0: [a26a9f1d-c528-4494-83e5-475827f7720e:192.168.69.92:46217, a1036450-74c2-4405-b4f8-7a994af8c84a:192.168.69.92:36225, 95d3bce6-5996-460d-8578-b7f952c18b9c:192.168.69.92:41231], old=null
2019-10-21 22:02:36,290 [grpc-default-executor-2] INFO  impl.RaftServerImpl (RaftServerImpl.java:setRole(184)) - 95d3bce6-5996-460d-8578-b7f952c18b9c@group-5E7A11E15B06: changes role from  FOLLOWER to FOLLOWER at term 59 for recognizeCandidate:a26a9f1d-c528-4494-83e5-475827f7720e
2019-10-21 22:02:36,290 [grpc-default-executor-6] INFO  impl.RaftServerImpl (RaftServerImpl.java:setRole(184)) - a1036450-74c2-4405-b4f8-7a994af8c84a@group-5E7A11E15B06: changes role from  FOLLOWER to FOLLOWER at term 59 for recognizeCandidate:a26a9f1d-c528-4494-83e5-475827f7720e
2019-10-21 22:02:36,290 [grpc-default-executor-2] INFO  impl.RoleInfo (RoleInfo.java:shutdownFollowerState(121)) - 95d3bce6-5996-460d-8578-b7f952c18b9c: shutdown FollowerState
2019-10-21 22:02:36,290 [grpc-default-executor-6] INFO  impl.RoleInfo (RoleInfo.java:shutdownFollowerState(121)) - a1036450-74c2-4405-b4f8-7a994af8c84a: shutdown FollowerState
2019-10-21 22:02:36,290 [grpc-default-executor-2] INFO  impl.RoleInfo (RoleInfo.java:updateAndGet(143)) - 95d3bce6-5996-460d-8578-b7f952c18b9c: start FollowerState
2019-10-21 22:02:36,290 [Thread-960] INFO  impl.FollowerState (FollowerState.java:run(117)) - 95d3bce6-5996-460d-8578-b7f952c18b9c@group-5E7A11E15B06-FollowerState was interrupted: java.lang.InterruptedException: sleep interrupted
2019-10-21 22:02:36,290 [grpc-default-executor-6] INFO  impl.RoleInfo (RoleInfo.java:updateAndGet(143)) - a1036450-74c2-4405-b4f8-7a994af8c84a: start FollowerState
2019-10-21 22:02:36,290 [Thread-959] INFO  impl.FollowerState (FollowerState.java:run(117)) - a1036450-74c2-4405-b4f8-7a994af8c84a@group-5E7A11E15B06-FollowerState was interrupted: java.lang.InterruptedException: sleep interrupted
2019-10-21 22:02:36,295 [a26a9f1d-c528-4494-83e5-475827f7720e@group-5E7A11E15B06-LeaderElection60] INFO  impl.LeaderElection (LeaderElection.java:logAndReturn(56)) - a26a9f1d-c528-4494-83e5-475827f7720e@group-5E7A11E15B06-LeaderElection60: Election REJECTED; received 2 response(s) [a26a9f1d-c528-4494-83e5-475827f7720e<-a1036450-74c2-4405-b4f8-7a994af8c84a#0:FAIL-t59, a26a9f1d-c528-4494-83e5-475827f7720e<-95d3bce6-5996-460d-8578-b7f952c18b9c#0:FAIL-t59] and 0 exception(s); a26a9f1d-c528-4494-83e5-475827f7720e@group-5E7A11E15B06:t59, leader=null, voted=a26a9f1d-c528-4494-83e5-475827f7720e, raftlog=a26a9f1d-c528-4494-83e5-475827f7720e@group-5E7A11E15B06-SegmentedRaftLog:OPENED:c3,f4,i4, conf=0: [a26a9f1d-c528-4494-83e5-475827f7720e:192.168.69.92:46217, a1036450-74c2-4405-b4f8-7a994af8c84a:192.168.69.92:36225, 95d3bce6-5996-460d-8578-b7f952c18b9c:192.168.69.92:41231], old=null
2019-10-21 22:02:36,295 [a26a9f1d-c528-4494-83e5-475827f7720e@group-5E7A11E15B06-LeaderElection60] INFO  impl.RaftServerImpl (RaftServerImpl.java:setRole(184)) - a26a9f1d-c528-4494-83e5-475827f7720e@group-5E7A11E15B06: changes role from CANDIDATE to FOLLOWER at term 59 for DISCOVERED_A_NEW_TERM
2019-10-21 22:02:36,295 [a26a9f1d-c528-4494-83e5-475827f7720e@group-5E7A11E15B06-LeaderElection60] INFO  impl.RoleInfo (RoleInfo.java:shutdownLeaderElection(134)) - a26a9f1d-c528-4494-83e5-475827f7720e: shutdown LeaderElection
2019-10-21 22:02:36,295 [a26a9f1d-c528-4494-83e5-475827f7720e@group-5E7A11E15B06-LeaderElection60] INFO  impl.RoleInfo (RoleInfo.java:updateAndGet(143)) - a26a9f1d-c528-4494-83e5-475827f7720e: start FollowerState
2019-10-21 22:02:36,483 [Thread-967] INFO  impl.FollowerState (FollowerState.java:run(108)) - a26a9f1d-c528-4494-83e5-475827f7720e@group-5E7A11E15B06-FollowerState: change to CANDIDATE, lastRpcTime:187ms, electionTimeout:187ms
2019-10-21 22:02:36,483 [Thread-967] INFO  impl.RoleInfo (RoleInfo.java:shutdownFollowerState(121)) - a26a9f1d-c528-4494-83e5-475827f7720e: shutdown FollowerState
2019-10-21 22:02:36,483 [Thread-967] INFO  impl.RaftServerImpl (RaftServerImpl.java:setRole(184)) - a26a9f1d-c528-4494-83e5-475827f7720e@group-5E7A11E15B06: changes role from  FOLLOWER to CANDIDATE at term 59 for changeToCandidate
2019-10-21 22:02:36,483 [Thread-967] INFO  impl.RoleInfo (RoleInfo.java:updateAndGet(143)) - a26a9f1d-c528-4494-83e5-475827f7720e: start LeaderElection
2019-10-21 22:02:36,513 [a26a9f1d-c528-4494-83e5-475827f7720e@group-5E7A11E15B06-LeaderElection61] INFO  impl.LeaderElection (LeaderElection.java:askForVotes(178)) - a26a9f1d-c528-4494-83e5-475827f7720e@group-5E7A11E15B06-LeaderElection61: begin an election at term 60 for 0: [a26a9f1d-c528-4494-83e5-475827f7720e:192.168.69.92:46217, a1036450-74c2-4405-b4f8-7a994af8c84a:192.168.69.92:36225, 95d3bce6-5996-460d-8578-b7f952c18b9c:192.168.69.92:41231], old=null
2019-10-21 22:02:36,517 [grpc-default-executor-6] INFO  impl.RaftServerImpl (RaftServerImpl.java:setRole(184)) - a1036450-74c2-4405-b4f8-7a994af8c84a@group-5E7A11E15B06: changes role from  FOLLOWER to FOLLOWER at term 60 for recognizeCandidate:a26a9f1d-c528-4494-83e5-475827f7720e
2019-10-21 22:02:36,517 [grpc-default-executor-6] INFO  impl.RoleInfo (RoleInfo.java:shutdownFollowerState(121)) - a1036450-74c2-4405-b4f8-7a994af8c84a: shutdown FollowerState
2019-10-21 22:02:36,517 [grpc-default-executor-6] INFO  impl.RoleInfo (RoleInfo.java:updateAndGet(143)) - a1036450-74c2-4405-b4f8-7a994af8c84a: start FollowerState
2019-10-21 22:02:36,517 [grpc-default-executor-2] INFO  impl.RaftServerImpl (RaftServerImpl.java:setRole(184)) - 95d3bce6-5996-460d-8578-b7f952c18b9c@group-5E7A11E15B06: changes role from  FOLLOWER to FOLLOWER at term 60 for recognizeCandidate:a26a9f1d-c528-4494-83e5-475827f7720e
2019-10-21 22:02:36,517 [grpc-default-executor-2] INFO  impl.RoleInfo (RoleInfo.java:shutdownFollowerState(121)) - 95d3bce6-5996-460d-8578-b7f952c18b9c: shutdown FollowerState
2019-10-21 22:02:36,517 [Thread-966] INFO  impl.FollowerState (FollowerState.java:run(117)) - a1036450-74c2-4405-b4f8-7a994af8c84a@group-5E7A11E15B06-FollowerState was interrupted: java.lang.InterruptedException: sleep interrupted
2019-10-21 22:02:36,517 [grpc-default-executor-2] INFO  impl.RoleInfo (RoleInfo.java:updateAndGet(143)) - 95d3bce6-5996-460d-8578-b7f952c18b9c: start FollowerState
2019-10-21 22:02:36,517 [Thread-965] INFO  impl.FollowerState (FollowerState.java:run(117)) - 95d3bce6-5996-460d-8578-b7f952c18b9c@group-5E7A11E15B06-FollowerState was interrupted: java.lang.InterruptedException: sleep interrupted
2019-10-21 22:02:36,548 [a26a9f1d-c528-4494-83e5-475827f7720e@group-5E7A11E15B06-LeaderElection61] INFO  impl.LeaderElection (LeaderElection.java:logAndReturn(56)) - a26a9f1d-c528-4494-83e5-475827f7720e@group-5E7A11E15B06-LeaderElection61: Election REJECTED; received 2 response(s) [a26a9f1d-c528-4494-83e5-475827f7720e<-a1036450-74c2-4405-b4f8-7a994af8c84a#0:FAIL-t60, a26a9f1d-c528-4494-83e5-475827f7720e<-95d3bce6-5996-460d-8578-b7f952c18b9c#0:FAIL-t60] and 0 exception(s); a26a9f1d-c528-4494-83e5-475827f7720e@group-5E7A11E15B06:t60, leader=null, voted=a26a9f1d-c528-4494-83e5-475827f7720e, raftlog=a26a9f1d-c528-4494-83e5-475827f7720e@group-5E7A11E15B06-SegmentedRaftLog:OPENED:c3,f4,i4, conf=0: [a26a9f1d-c528-4494-83e5-475827f7720e:192.168.69.92:46217, a1036450-74c2-4405-b4f8-7a994af8c84a:192.168.69.92:36225, 95d3bce6-5996-460d-8578-b7f952c18b9c:192.168.69.92:41231], old=null
2019-10-21 22:02:36,548 [a26a9f1d-c528-4494-83e5-475827f7720e@group-5E7A11E15B06-LeaderElection61] INFO  impl.RaftServerImpl (RaftServerImpl.java:setRole(184)) - a26a9f1d-c528-4494-83e5-475827f7720e@group-5E7A11E15B06: changes role from CANDIDATE to FOLLOWER at term 60 for DISCOVERED_A_NEW_TERM
2019-10-21 22:02:36,548 [a26a9f1d-c528-4494-83e5-475827f7720e@group-5E7A11E15B06-LeaderElection61] INFO  impl.RoleInfo (RoleInfo.java:shutdownLeaderElection(134)) - a26a9f1d-c528-4494-83e5-475827f7720e: shutdown LeaderElection
2019-10-21 22:02:36,549 [a26a9f1d-c528-4494-83e5-475827f7720e@group-5E7A11E15B06-LeaderElection61] INFO  impl.RoleInfo (RoleInfo.java:updateAndGet(143)) - a26a9f1d-c528-4494-83e5-475827f7720e: start FollowerState
2019-10-21 22:02:36,598 [Thread-974] INFO  impl.FollowerState (FollowerState.java:run(108)) - a26a9f1d-c528-4494-83e5-475827f7720e@group-5E7A11E15B06-FollowerState: change to CANDIDATE, lastRpcTime:49ms, electionTimeout:49ms
2019-10-21 22:02:36,598 [Thread-974] INFO  impl.RoleInfo (RoleInfo.java:shutdownFollowerState(121)) - a26a9f1d-c528-4494-83e5-475827f7720e: shutdown FollowerState
2019-10-21 22:02:36,599 [Thread-974] INFO  impl.RaftServerImpl (RaftServerImpl.java:setRole(184)) - a26a9f1d-c528-4494-83e5-475827f7720e@group-5E7A11E15B06: changes role from  FOLLOWER to CANDIDATE at term 60 for changeToCandidate
2019-10-21 22:02:36,599 [Thread-974] INFO  impl.RoleInfo (RoleInfo.java:updateAndGet(143)) - a26a9f1d-c528-4494-83e5-475827f7720e: start LeaderElection
2019-10-21 22:02:36,612 [a26a9f1d-c528-4494-83e5-475827f7720e@group-5E7A11E15B06-LeaderElection62] INFO  impl.LeaderElection (LeaderElection.java:askForVotes(178)) - a26a9f1d-c528-4494-83e5-475827f7720e@group-5E7A11E15B06-LeaderElection62: begin an election at term 61 for 0: [a26a9f1d-c528-4494-83e5-475827f7720e:192.168.69.92:46217, a1036450-74c2-4405-b4f8-7a994af8c84a:192.168.69.92:36225, 95d3bce6-5996-460d-8578-b7f952c18b9c:192.168.69.92:41231], old=null
2019-10-21 22:02:36,614 [grpc-default-executor-2] INFO  impl.RaftServerImpl (RaftServerImpl.java:setRole(184)) - 95d3bce6-5996-460d-8578-b7f952c18b9c@group-5E7A11E15B06: changes role from  FOLLOWER to FOLLOWER at term 61 for recognizeCandidate:a26a9f1d-c528-4494-83e5-475827f7720e
2019-10-21 22:02:36,614 [grpc-default-executor-6] INFO  impl.RaftServerImpl (RaftServerImpl.java:setRole(184)) - a1036450-74c2-4405-b4f8-7a994af8c84a@group-5E7A11E15B06: changes role from  FOLLOWER to FOLLOWER at term 61 for recognizeCandidate:a26a9f1d-c528-4494-83e5-475827f7720e
2019-10-21 22:02:36,615 [grpc-default-executor-2] INFO  impl.RoleInfo (RoleInfo.java:shutdownFollowerState(121)) - 95d3bce6-5996-460d-8578-b7f952c18b9c: shutdown FollowerState
2019-10-21 22:02:36,615 [grpc-default-executor-6] INFO  impl.RoleInfo (RoleInfo.java:shutdownFollowerState(121)) - a1036450-74c2-4405-b4f8-7a994af8c84a: shutdown FollowerState
2019-10-21 22:02:36,615 [Thread-973] INFO  impl.FollowerState (FollowerState.java:run(117)) - 95d3bce6-5996-460d-8578-b7f952c18b9c@group-5E7A11E15B06-FollowerState was interrupted: java.lang.InterruptedException: sleep interrupted
2019-10-21 22:02:36,615 [grpc-default-executor-2] INFO  impl.RoleInfo (RoleInfo.java:updateAndGet(143)) - 95d3bce6-5996-460d-8578-b7f952c18b9c: start FollowerState
2019-10-21 22:02:36,615 [Thread-972] INFO  impl.FollowerState (FollowerState.java:run(117)) - a1036450-74c2-4405-b4f8-7a994af8c84a@group-5E7A11E15B06-FollowerState was interrupted: java.lang.InterruptedException: sleep interrupted
2019-10-21 22:02:36,615 [grpc-default-executor-6] INFO  impl.RoleInfo (RoleInfo.java:updateAndGet(143)) - a1036450-74c2-4405-b4f8-7a994af8c84a: start FollowerState
2019-10-21 22:02:36,630 [Thread-981] INFO  client.GrpcClientProtocolService (GrpcClientProtocolService.java:lambda$processClientRequest$0(278)) - Failed RaftClientRequest:client-91F2DA33FCFF->a26a9f1d-c528-4494-83e5-475827f7720e@group-5E7A11E15B06, cid=10, seq=0, Watch-ALL_COMMITTED(6), Message:<EMPTY>, reply=RaftClientReply:client-91F2DA33FCFF->a26a9f1d-c528-4494-83e5-475827f7720e@group-5E7A11E15B06, cid=10, FAILED org.apache.ratis.protocol.NotLeaderException: Server a26a9f1d-c528-4494-83e5-475827f7720e@group-5E7A11E15B06 is not the leader, logIndex=0, commits[a26a9f1d-c528-4494-83e5-475827f7720e:c3]
2019-10-21 22:02:36,634 [a26a9f1d-c528-4494-83e5-475827f7720e@group-5E7A11E15B06-LeaderElection62] INFO  impl.LeaderElection (LeaderElection.java:logAndReturn(56)) - a26a9f1d-c528-4494-83e5-475827f7720e@group-5E7A11E15B06-LeaderElection62: Election REJECTED; received 2 response(s) [a26a9f1d-c528-4494-83e5-475827f7720e<-a1036450-74c2-4405-b4f8-7a994af8c84a#0:FAIL-t61, a26a9f1d-c528-4494-83e5-475827f7720e<-95d3bce6-5996-460d-8578-b7f952c18b9c#0:FAIL-t61] and 0 exception(s); a26a9f1d-c528-4494-83e5-475827f7720e@group-5E7A11E15B06:t61, leader=null, voted=a26a9f1d-c528-4494-83e5-475827f7720e, raftlog=a26a9f1d-c528-4494-83e5-475827f7720e@group-5E7A11E15B06-SegmentedRaftLog:OPENED:c3,f4,i4, conf=0: [a26a9f1d-c528-4494-83e5-475827f7720e:192.168.69.92:46217, a1036450-74c2-4405-b4f8-7a994af8c84a:192.168.69.92:36225, 95d3bce6-5996-460d-8578-b7f952c18b9c:192.168.69.92:41231], old=null
2019-10-21 22:02:36,635 [a26a9f1d-c528-4494-83e5-475827f7720e@group-5E7A11E15B06-LeaderElection62] INFO  impl.RaftServerImpl (RaftServerImpl.java:setRole(184)) - a26a9f1d-c528-4494-83e5-475827f7720e@group-5E7A11E15B06: changes role from CANDIDATE to FOLLOWER at term 61 for DISCOVERED_A_NEW_TERM
2019-10-21 22:02:36,637 [a26a9f1d-c528-4494-83e5-475827f7720e@group-5E7A11E15B06-LeaderElection62] INFO  impl.RoleInfo (RoleInfo.java:shutdownLeaderElection(134)) - a26a9f1d-c528-4494-83e5-475827f7720e: shutdown LeaderElection
2019-10-21 22:02:36,637 [a26a9f1d-c528-4494-83e5-475827f7720e@group-5E7A11E15B06-LeaderElection62] INFO  impl.RoleInfo (RoleInfo.java:updateAndGet(143)) - a26a9f1d-c528-4494-83e5-475827f7720e: start FollowerState
2019-10-21 22:02:36,657 [Thread-983] INFO  impl.FollowerState (FollowerState.java:run(108)) - a26a9f1d-c528-4494-83e5-475827f7720e@group-5E7A11E15B06-FollowerState: change to CANDIDATE, lastRpcTime:19ms, electionTimeout:19ms
2019-10-21 22:02:36,657 [Thread-983] INFO  impl.RoleInfo (RoleInfo.java:shutdownFollowerState(121)) - a26a9f1d-c528-4494-83e5-475827f7720e: shutdown FollowerState
2019-10-21 22:02:36,657 [Thread-983] INFO  impl.RaftServerImpl (RaftServerImpl.java:setRole(184)) - a26a9f1d-c528-4494-83e5-475827f7720e@group-5E7A11E15B06: changes role from  FOLLOWER to CANDIDATE at term 61 for changeToCandidate
2019-10-21 22:02:36,657 [Thread-983] INFO  impl.RoleInfo (RoleInfo.java:updateAndGet(143)) - a26a9f1d-c528-4494-83e5-475827f7720e: start LeaderElection
2019-10-21 22:02:36,663 [a26a9f1d-c528-4494-83e5-475827f7720e@group-5E7A11E15B06-LeaderElection63] INFO  impl.LeaderElection (LeaderElection.java:askForVotes(178)) - a26a9f1d-c528-4494-83e5-475827f7720e@group-5E7A11E15B06-LeaderElection63: begin an election at term 62 for 0: [a26a9f1d-c528-4494-83e5-475827f7720e:192.168.69.92:46217, a1036450-74c2-4405-b4f8-7a994af8c84a:192.168.69.92:36225, 95d3bce6-5996-460d-8578-b7f952c18b9c:192.168.69.92:41231], old=null
2019-10-21 22:02:36,665 [grpc-default-executor-6] INFO  impl.RaftServerImpl (RaftServerImpl.java:setRole(184)) - 95d3bce6-5996-460d-8578-b7f952c18b9c@group-5E7A11E15B06: changes role from  FOLLOWER to FOLLOWER at term 62 for recognizeCandidate:a26a9f1d-c528-4494-83e5-475827f7720e
2019-10-21 22:02:36,665 [grpc-default-executor-2] INFO  impl.RaftServerImpl (RaftServerImpl.java:setRole(184)) - a1036450-74c2-4405-b4f8-7a994af8c84a@group-5E7A11E15B06: changes role from  FOLLOWER to FOLLOWER at term 62 for recognizeCandidate:a26a9f1d-c528-4494-83e5-475827f7720e
2019-10-21 22:02:36,665 [grpc-default-executor-6] INFO  impl.RoleInfo (RoleInfo.java:shutdownFollowerState(121)) - 95d3bce6-5996-460d-8578-b7f952c18b9c: shutdown FollowerState
2019-10-21 22:02:36,665 [grpc-default-executor-2] INFO  impl.RoleInfo (RoleInfo.java:shutdownFollowerState(121)) - a1036450-74c2-4405-b4f8-7a994af8c84a: shutdown FollowerState
2019-10-21 22:02:36,665 [Thread-978] INFO  impl.FollowerState (FollowerState.java:run(117)) - 95d3bce6-5996-460d-8578-b7f952c18b9c@group-5E7A11E15B06-FollowerState was interrupted: java.lang.InterruptedException: sleep interrupted
2019-10-21 22:02:36,665 [grpc-default-executor-6] INFO  impl.RoleInfo (RoleInfo.java:updateAndGet(143)) - 95d3bce6-5996-460d-8578-b7f952c18b9c: start FollowerState
2019-10-21 22:02:36,665 [Thread-979] INFO  impl.FollowerState (FollowerState.java:run(117)) - a1036450-74c2-4405-b4f8-7a994af8c84a@group-5E7A11E15B06-FollowerState was interrupted: java.lang.InterruptedException: sleep interrupted
2019-10-21 22:02:36,665 [grpc-default-executor-2] INFO  impl.RoleInfo (RoleInfo.java:updateAndGet(143)) - a1036450-74c2-4405-b4f8-7a994af8c84a: start FollowerState
2019-10-21 22:02:36,674 [a26a9f1d-c528-4494-83e5-475827f7720e@group-5E7A11E15B06-LeaderElection63] INFO  impl.LeaderElection (LeaderElection.java:logAndReturn(56)) - a26a9f1d-c528-4494-83e5-475827f7720e@group-5E7A11E15B06-LeaderElection63: Election REJECTED; received 2 response(s) [a26a9f1d-c528-4494-83e5-475827f7720e<-a1036450-74c2-4405-b4f8-7a994af8c84a#0:FAIL-t62, a26a9f1d-c528-4494-83e5-475827f7720e<-95d3bce6-5996-460d-8578-b7f952c18b9c#0:FAIL-t62] and 0 exception(s); a26a9f1d-c528-4494-83e5-475827f7720e@group-5E7A11E15B06:t62, leader=null, voted=a26a9f1d-c528-4494-83e5-475827f7720e, raftlog=a26a9f1d-c528-4494-83e5-475827f7720e@group-5E7A11E15B06-SegmentedRaftLog:OPENED:c3,f4,i4, conf=0: [a26a9f1d-c528-4494-83e5-475827f7720e:192.168.69.92:46217, a1036450-74c2-4405-b4f8-7a994af8c84a:192.168.69.92:36225, 95d3bce6-5996-460d-8578-b7f952c18b9c:192.168.69.92:41231], old=null
2019-10-21 22:02:36,674 [a26a9f1d-c528-4494-83e5-475827f7720e@group-5E7A11E15B06-LeaderElection63] INFO  impl.RaftServerImpl (RaftServerImpl.java:setRole(184)) - a26a9f1d-c528-4494-83e5-475827f7720e@group-5E7A11E15B06: changes role from CANDIDATE to FOLLOWER at term 62 for DISCOVERED_A_NEW_TERM
2019-10-21 22:02:36,674 [a26a9f1d-c528-4494-83e5-475827f7720e@group-5E7A11E15B06-LeaderElection63] INFO  impl.RoleInfo (RoleInfo.java:shutdownLeaderElection(134)) - a26a9f1d-c528-4494-83e5-475827f7720e: shutdown LeaderElection
2019-10-21 22:02:36,674 [a26a9f1d-c528-4494-83e5-475827f7720e@group-5E7A11E15B06-LeaderElection63] INFO  impl.RoleInfo (RoleInfo.java:updateAndGet(143)) - a26a9f1d-c528-4494-83e5-475827f7720e: start FollowerState
2019-10-21 22:02:36,850 [Thread-989] INFO  impl.FollowerState (FollowerState.java:run(108)) - a26a9f1d-c528-4494-83e5-475827f7720e@group-5E7A11E15B06-FollowerState: change to CANDIDATE, lastRpcTime:176ms, electionTimeout:176ms
2019-10-21 22:02:36,850 [Thread-989] INFO  impl.RoleInfo (RoleInfo.java:shutdownFollowerState(121)) - a26a9f1d-c528-4494-83e5-475827f7720e: shutdown FollowerState
2019-10-21 22:02:36,850 [Thread-989] INFO  impl.RaftServerImpl (RaftServerImpl.java:setRole(184)) - a26a9f1d-c528-4494-83e5-475827f7720e@group-5E7A11E15B06: changes role from  FOLLOWER to CANDIDATE at term 62 for changeToCandidate
2019-10-21 22:02:36,851 [Thread-989] INFO  impl.RoleInfo (RoleInfo.java:updateAndGet(143)) - a26a9f1d-c528-4494-83e5-475827f7720e: start LeaderElection
2019-10-21 22:02:36,873 [a26a9f1d-c528-4494-83e5-475827f7720e@group-5E7A11E15B06-LeaderElection64] INFO  impl.LeaderElection (LeaderElection.java:askForVotes(178)) - a26a9f1d-c528-4494-83e5-475827f7720e@group-5E7A11E15B06-LeaderElection64: begin an election at term 63 for 0: [a26a9f1d-c528-4494-83e5-475827f7720e:192.168.69.92:46217, a1036450-74c2-4405-b4f8-7a994af8c84a:192.168.69.92:36225, 95d3bce6-5996-460d-8578-b7f952c18b9c:192.168.69.92:41231], old=null
2019-10-21 22:02:36,875 [grpc-default-executor-6] INFO  impl.RaftServerImpl (RaftServerImpl.java:setRole(184)) - a1036450-74c2-4405-b4f8-7a994af8c84a@group-5E7A11E15B06: changes role from  FOLLOWER to FOLLOWER at term 63 for recognizeCandidate:a26a9f1d-c528-4494-83e5-475827f7720e
2019-10-21 22:02:36,875 [grpc-default-executor-2] INFO  impl.RaftServerImpl (RaftServerImpl.java:setRole(184)) - 95d3bce6-5996-460d-8578-b7f952c18b9c@group-5E7A11E15B06: changes role from  FOLLOWER to FOLLOWER at term 63 for recognizeCandidate:a26a9f1d-c528-4494-83e5-475827f7720e
2019-10-21 22:02:36,875 [grpc-default-executor-6] INFO  impl.RoleInfo (RoleInfo.java:shutdownFollowerState(121)) - a1036450-74c2-4405-b4f8-7a994af8c84a: shutdown FollowerState
2019-10-21 22:02:36,876 [grpc-default-executor-2] INFO  impl.RoleInfo (RoleInfo.java:shutdownFollowerState(121)) - 95d3bce6-5996-460d-8578-b7f952c18b9c: shutdown FollowerState
2019-10-21 22:02:36,876 [Thread-988] INFO  impl.FollowerState (FollowerState.java:run(117)) - a1036450-74c2-4405-b4f8-7a994af8c84a@group-5E7A11E15B06-FollowerState was interrupted: java.lang.InterruptedException: sleep interrupted
2019-10-21 22:02:36,876 [grpc-default-executor-2] INFO  impl.RoleInfo (RoleInfo.java:updateAndGet(143)) - 95d3bce6-5996-460d-8578-b7f952c18b9c: start FollowerState
2019-10-21 22:02:36,876 [grpc-default-executor-6] INFO  impl.RoleInfo (RoleInfo.java:updateAndGet(143)) - a1036450-74c2-4405-b4f8-7a994af8c84a: start FollowerState
2019-10-21 22:02:36,876 [Thread-987] INFO  impl.FollowerState (FollowerState.java:run(117)) - 95d3bce6-5996-460d-8578-b7f952c18b9c@group-5E7A11E15B06-FollowerState was interrupted: java.lang.InterruptedException: sleep interrupted
2019-10-21 22:02:36,883 [a26a9f1d-c528-4494-83e5-475827f7720e@group-5E7A11E15B06-LeaderElection64] INFO  impl.LeaderElection (LeaderElection.java:logAndReturn(56)) - a26a9f1d-c528-4494-83e5-475827f7720e@group-5E7A11E15B06-LeaderElection64: Election REJECTED; received 2 response(s) [a26a9f1d-c528-4494-83e5-475827f7720e<-a1036450-74c2-4405-b4f8-7a994af8c84a#0:FAIL-t63, a26a9f1d-c528-4494-83e5-475827f7720e<-95d3bce6-5996-460d-8578-b7f952c18b9c#0:FAIL-t63] and 0 exception(s); a26a9f1d-c528-4494-83e5-475827f7720e@group-5E7A11E15B06:t63, leader=null, voted=a26a9f1d-c528-4494-83e5-475827f7720e, raftlog=a26a9f1d-c528-4494-83e5-475827f7720e@group-5E7A11E15B06-SegmentedRaftLog:OPENED:c3,f4,i4, conf=0: [a26a9f1d-c528-4494-83e5-475827f7720e:192.168.69.92:46217, a1036450-74c2-4405-b4f8-7a994af8c84a:192.168.69.92:36225, 95d3bce6-5996-460d-8578-b7f952c18b9c:192.168.69.92:41231], old=null
2019-10-21 22:02:36,883 [a26a9f1d-c528-4494-83e5-475827f7720e@group-5E7A11E15B06-LeaderElection64] INFO  impl.RaftServerImpl (RaftServerImpl.java:setRole(184)) - a26a9f1d-c528-4494-83e5-475827f7720e@group-5E7A11E15B06: changes role from CANDIDATE to FOLLOWER at term 63 for DISCOVERED_A_NEW_TERM
2019-10-21 22:02:36,884 [a26a9f1d-c528-4494-83e5-475827f7720e@group-5E7A11E15B06-LeaderElection64] INFO  impl.RoleInfo (RoleInfo.java:shutdownLeaderElection(134)) - a26a9f1d-c528-4494-83e5-475827f7720e: shutdown LeaderElection
2019-10-21 22:02:36,884 [a26a9f1d-c528-4494-83e5-475827f7720e@group-5E7A11E15B06-LeaderElection64] INFO  impl.RoleInfo (RoleInfo.java:updateAndGet(143)) - a26a9f1d-c528-4494-83e5-475827f7720e: start FollowerState
2019-10-21 22:02:36,974 [Thread-995] INFO  impl.FollowerState (FollowerState.java:run(108)) - a26a9f1d-c528-4494-83e5-475827f7720e@group-5E7A11E15B06-FollowerState: change to CANDIDATE, lastRpcTime:90ms, electionTimeout:90ms
2019-10-21 22:02:36,974 [Thread-995] INFO  impl.RoleInfo (RoleInfo.java:shutdownFollowerState(121)) - a26a9f1d-c528-4494-83e5-475827f7720e: shutdown FollowerState
2019-10-21 22:02:36,974 [Thread-995] INFO  impl.RaftServerImpl (RaftServerImpl.java:setRole(184)) - a26a9f1d-c528-4494-83e5-475827f7720e@group-5E7A11E15B06: changes role from  FOLLOWER to CANDIDATE at term 63 for changeToCandidate
2019-10-21 22:02:36,974 [Thread-995] INFO  impl.RoleInfo (RoleInfo.java:updateAndGet(143)) - a26a9f1d-c528-4494-83e5-475827f7720e: start LeaderElection
2019-10-21 22:02:36,981 [a26a9f1d-c528-4494-83e5-475827f7720e@group-5E7A11E15B06-LeaderElection65] INFO  impl.LeaderElection (LeaderElection.java:askForVotes(178)) - a26a9f1d-c528-4494-83e5-475827f7720e@group-5E7A11E15B06-LeaderElection65: begin an election at term 64 for 0: [a26a9f1d-c528-4494-83e5-475827f7720e:192.168.69.92:46217, a1036450-74c2-4405-b4f8-7a994af8c84a:192.168.69.92:36225, 95d3bce6-5996-460d-8578-b7f952c18b9c:192.168.69.92:41231], old=null
2019-10-21 22:02:36,983 [grpc-default-executor-6] INFO  impl.RaftServerImpl (RaftServerImpl.java:setRole(184)) - a1036450-74c2-4405-b4f8-7a994af8c84a@group-5E7A11E15B06: changes role from  FOLLOWER to FOLLOWER at term 64 for recognizeCandidate:a26a9f1d-c528-4494-83e5-475827f7720e
2019-10-21 22:02:36,983 [grpc-default-executor-2] INFO  impl.RaftServerImpl (RaftServerImpl.java:setRole(184)) - 95d3bce6-5996-460d-8578-b7f952c18b9c@group-5E7A11E15B06: changes role from  FOLLOWER to FOLLOWER at term 64 for recognizeCandidate:a26a9f1d-c528-4494-83e5-475827f7720e
2019-10-21 22:02:36,983 [grpc-default-executor-6] INFO  impl.RoleInfo (RoleInfo.java:shutdownFollowerState(121)) - a1036450-74c2-4405-b4f8-7a994af8c84a: shutdown FollowerState
2019-10-21 22:02:36,983 [grpc-default-executor-2] INFO  impl.RoleInfo (RoleInfo.java:shutdownFollowerState(121)) - 95d3bce6-5996-460d-8578-b7f952c18b9c: shutdown FollowerState
2019-10-21 22:02:36,983 [Thread-993] INFO  impl.FollowerState (FollowerState.java:run(117)) - a1036450-74c2-4405-b4f8-7a994af8c84a@group-5E7A11E15B06-FollowerState was interrupted: java.lang.InterruptedException: sleep interrupted
2019-10-21 22:02:36,983 [grpc-default-executor-6] INFO  impl.RoleInfo (RoleInfo.java:updateAndGet(143)) - a1036450-74c2-4405-b4f8-7a994af8c84a: start FollowerState
2019-10-21 22:02:36,983 [grpc-default-executor-2] INFO  impl.RoleInfo (RoleInfo.java:updateAndGet(143)) - 95d3bce6-5996-460d-8578-b7f952c18b9c: start FollowerState
2019-10-21 22:02:36,983 [Thread-994] INFO  impl.FollowerState (FollowerState.java:run(117)) - 95d3bce6-5996-460d-8578-b7f952c18b9c@group-5E7A11E15B06-FollowerState was interrupted: java.lang.InterruptedException: sleep interrupted
2019-10-21 22:02:36,992 [a26a9f1d-c528-4494-83e5-475827f7720e@group-5E7A11E15B06-LeaderElection65] INFO  impl.LeaderElection (LeaderElection.java:logAndReturn(56)) - a26a9f1d-c528-4494-83e5-475827f7720e@group-5E7A11E15B06-LeaderElection65: Election REJECTED; received 2 response(s) [a26a9f1d-c528-4494-83e5-475827f7720e<-a1036450-74c2-4405-b4f8-7a994af8c84a#0:FAIL-t64, a26a9f1d-c528-4494-83e5-475827f7720e<-95d3bce6-5996-460d-8578-b7f952c18b9c#0:FAIL-t64] and 0 exception(s); a26a9f1d-c528-4494-83e5-475827f7720e@group-5E7A11E15B06:t64, leader=null, voted=a26a9f1d-c528-4494-83e5-475827f7720e, raftlog=a26a9f1d-c528-4494-83e5-475827f7720e@group-5E7A11E15B06-SegmentedRaftLog:OPENED:c3,f4,i4, conf=0: [a26a9f1d-c528-4494-83e5-475827f7720e:192.168.69.92:46217, a1036450-74c2-4405-b4f8-7a994af8c84a:192.168.69.92:36225, 95d3bce6-5996-460d-8578-b7f952c18b9c:192.168.69.92:41231], old=null
2019-10-21 22:02:36,992 [a26a9f1d-c528-4494-83e5-475827f7720e@group-5E7A11E15B06-LeaderElection65] INFO  impl.RaftServerImpl (RaftServerImpl.java:setRole(184)) - a26a9f1d-c528-4494-83e5-475827f7720e@group-5E7A11E15B06: changes role from CANDIDATE to FOLLOWER at term 64 for DISCOVERED_A_NEW_TERM
2019-10-21 22:02:36,992 [a26a9f1d-c528-4494-83e5-475827f7720e@group-5E7A11E15B06-LeaderElection65] INFO  impl.RoleInfo (RoleInfo.java:shutdownLeaderElection(134)) - a26a9f1d-c528-4494-83e5-475827f7720e: shutdown LeaderElection
2019-10-21 22:02:36,992 [a26a9f1d-c528-4494-83e5-475827f7720e@group-5E7A11E15B06-LeaderElection65] INFO  impl.RoleInfo (RoleInfo.java:updateAndGet(143)) - a26a9f1d-c528-4494-83e5-475827f7720e: start FollowerState
2019-10-21 22:02:37,016 [BlockDeletingService#7] WARN  background.BlockDeletingService (BlockDeletingService.java:isDeletionAllowed(187)) - Close Container log Index 6 is not replicated across allthe servers in the pipeline 14fb49ee-5d81-4c1e-bb69-5e7a11e15b06 as the min replicated index is 4. Deletion is not allowed in this container yet.
2019-10-21 22:02:37,016 [BlockDeletingService#2] WARN  background.BlockDeletingService (BlockDeletingService.java:isDeletionAllowed(187)) - Close Container log Index 6 is not replicated across allthe servers in the pipeline 14fb49ee-5d81-4c1e-bb69-5e7a11e15b06 as the min replicated index is 4. Deletion is not allowed in this container yet.
2019-10-21 22:02:37,053 [Thread-1001] INFO  impl.FollowerState (FollowerState.java:run(108)) - a26a9f1d-c528-4494-83e5-475827f7720e@group-5E7A11E15B06-FollowerState: change to CANDIDATE, lastRpcTime:60ms, electionTimeout:60ms
2019-10-21 22:02:37,053 [Thread-1001] INFO  impl.RoleInfo (RoleInfo.java:shutdownFollowerState(121)) - a26a9f1d-c528-4494-83e5-475827f7720e: shutdown FollowerState
2019-10-21 22:02:37,053 [Thread-1001] INFO  impl.RaftServerImpl (RaftServerImpl.java:setRole(184)) - a26a9f1d-c528-4494-83e5-475827f7720e@group-5E7A11E15B06: changes role from  FOLLOWER to CANDIDATE at term 64 for changeToCandidate
2019-10-21 22:02:37,053 [Thread-1001] INFO  impl.RoleInfo (RoleInfo.java:updateAndGet(143)) - a26a9f1d-c528-4494-83e5-475827f7720e: start LeaderElection
2019-10-21 22:02:37,057 [a26a9f1d-c528-4494-83e5-475827f7720e@group-5E7A11E15B06-LeaderElection66] INFO  impl.LeaderElection (LeaderElection.java:askForVotes(178)) - a26a9f1d-c528-4494-83e5-475827f7720e@group-5E7A11E15B06-LeaderElection66: begin an election at term 65 for 0: [a26a9f1d-c528-4494-83e5-475827f7720e:192.168.69.92:46217, a1036450-74c2-4405-b4f8-7a994af8c84a:192.168.69.92:36225, 95d3bce6-5996-460d-8578-b7f952c18b9c:192.168.69.92:41231], old=null
2019-10-21 22:02:37,058 [grpc-default-executor-6] INFO  impl.RaftServerImpl (RaftServerImpl.java:setRole(184)) - 95d3bce6-5996-460d-8578-b7f952c18b9c@group-5E7A11E15B06: changes role from  FOLLOWER to FOLLOWER at term 65 for recognizeCandidate:a26a9f1d-c528-4494-83e5-475827f7720e
2019-10-21 22:02:37,058 [grpc-default-executor-2] INFO  impl.RaftServerImpl (RaftServerImpl.java:setRole(184)) - a1036450-74c2-4405-b4f8-7a994af8c84a@group-5E7A11E15B06: changes role from  FOLLOWER to FOLLOWER at term 65 for recognizeCandidate:a26a9f1d-c528-4494-83e5-475827f7720e
2019-10-21 22:02:37,059 [grpc-default-executor-6] INFO  impl.RoleInfo (RoleInfo.java:shutdownFollowerState(121)) - 95d3bce6-5996-460d-8578-b7f952c18b9c: shutdown FollowerState
2019-10-21 22:02:37,059 [grpc-default-executor-2] INFO  impl.RoleInfo (RoleInfo.java:shutdownFollowerState(121)) - a1036450-74c2-4405-b4f8-7a994af8c84a: shutdown FollowerState
2019-10-21 22:02:37,059 [Thread-1000] INFO  impl.FollowerState (FollowerState.java:run(117)) - 95d3bce6-5996-460d-8578-b7f952c18b9c@group-5E7A11E15B06-FollowerState was interrupted: java.lang.InterruptedException: sleep interrupted
2019-10-21 22:02:37,059 [grpc-default-executor-6] INFO  impl.RoleInfo (RoleInfo.java:updateAndGet(143)) - 95d3bce6-5996-460d-8578-b7f952c18b9c: start FollowerState
2019-10-21 22:02:37,059 [grpc-default-executor-2] INFO  impl.RoleInfo (RoleInfo.java:updateAndGet(143)) - a1036450-74c2-4405-b4f8-7a994af8c84a: start FollowerState
2019-10-21 22:02:37,059 [Thread-999] INFO  impl.FollowerState (FollowerState.java:run(117)) - a1036450-74c2-4405-b4f8-7a994af8c84a@group-5E7A11E15B06-FollowerState was interrupted: java.lang.InterruptedException: sleep interrupted
2019-10-21 22:02:37,067 [a26a9f1d-c528-4494-83e5-475827f7720e@group-5E7A11E15B06-LeaderElection66] INFO  impl.LeaderElection (LeaderElection.java:logAndReturn(56)) - a26a9f1d-c528-4494-83e5-475827f7720e@group-5E7A11E15B06-LeaderElection66: Election REJECTED; received 2 response(s) [a26a9f1d-c528-4494-83e5-475827f7720e<-a1036450-74c2-4405-b4f8-7a994af8c84a#0:FAIL-t65, a26a9f1d-c528-4494-83e5-475827f7720e<-95d3bce6-5996-460d-8578-b7f952c18b9c#0:FAIL-t65] and 0 exception(s); a26a9f1d-c528-4494-83e5-475827f7720e@group-5E7A11E15B06:t65, leader=null, voted=a26a9f1d-c528-4494-83e5-475827f7720e, raftlog=a26a9f1d-c528-4494-83e5-475827f7720e@group-5E7A11E15B06-SegmentedRaftLog:OPENED:c3,f4,i4, conf=0: [a26a9f1d-c528-4494-83e5-475827f7720e:192.168.69.92:46217, a1036450-74c2-4405-b4f8-7a994af8c84a:192.168.69.92:36225, 95d3bce6-5996-460d-8578-b7f952c18b9c:192.168.69.92:41231], old=null
2019-10-21 22:02:37,067 [a26a9f1d-c528-4494-83e5-475827f7720e@group-5E7A11E15B06-LeaderElection66] INFO  impl.RaftServerImpl (RaftServerImpl.java:setRole(184)) - a26a9f1d-c528-4494-83e5-475827f7720e@group-5E7A11E15B06: changes role from CANDIDATE to FOLLOWER at term 65 for DISCOVERED_A_NEW_TERM
2019-10-21 22:02:37,067 [a26a9f1d-c528-4494-83e5-475827f7720e@group-5E7A11E15B06-LeaderElection66] INFO  impl.RoleInfo (RoleInfo.java:shutdownLeaderElection(134)) - a26a9f1d-c528-4494-83e5-475827f7720e: shutdown LeaderElection
2019-10-21 22:02:37,067 [a26a9f1d-c528-4494-83e5-475827f7720e@group-5E7A11E15B06-LeaderElection66] INFO  impl.RoleInfo (RoleInfo.java:updateAndGet(143)) - a26a9f1d-c528-4494-83e5-475827f7720e: start FollowerState
2019-10-21 22:02:37,089 [Thread-1009] INFO  impl.FollowerState (FollowerState.java:run(108)) - a26a9f1d-c528-4494-83e5-475827f7720e@group-5E7A11E15B06-FollowerState: change to CANDIDATE, lastRpcTime:21ms, electionTimeout:21ms
2019-10-21 22:02:37,089 [Thread-1009] INFO  impl.RoleInfo (RoleInfo.java:shutdownFollowerState(121)) - a26a9f1d-c528-4494-83e5-475827f7720e: shutdown FollowerState
2019-10-21 22:02:37,089 [Thread-1009] INFO  impl.RaftServerImpl (RaftServerImpl.java:setRole(184)) - a26a9f1d-c528-4494-83e5-475827f7720e@group-5E7A11E15B06: changes role from  FOLLOWER to CANDIDATE at term 65 for changeToCandidate
2019-10-21 22:02:37,089 [Thread-1009] INFO  impl.RoleInfo (RoleInfo.java:updateAndGet(143)) - a26a9f1d-c528-4494-83e5-475827f7720e: start LeaderElection
2019-10-21 22:02:37,094 [a26a9f1d-c528-4494-83e5-475827f7720e@group-5E7A11E15B06-LeaderElection67] INFO  impl.LeaderElection (LeaderElection.java:askForVotes(178)) - a26a9f1d-c528-4494-83e5-475827f7720e@group-5E7A11E15B06-LeaderElection67: begin an election at term 66 for 0: [a26a9f1d-c528-4494-83e5-475827f7720e:192.168.69.92:46217, a1036450-74c2-4405-b4f8-7a994af8c84a:192.168.69.92:36225, 95d3bce6-5996-460d-8578-b7f952c18b9c:192.168.69.92:41231], old=null
2019-10-21 22:02:37,095 [grpc-default-executor-2] INFO  impl.RaftServerImpl (RaftServerImpl.java:setRole(184)) - a1036450-74c2-4405-b4f8-7a994af8c84a@group-5E7A11E15B06: changes role from  FOLLOWER to FOLLOWER at term 66 for recognizeCandidate:a26a9f1d-c528-4494-83e5-475827f7720e
2019-10-21 22:02:37,095 [grpc-default-executor-2] INFO  impl.RoleInfo (RoleInfo.java:shutdownFollowerState(121)) - a1036450-74c2-4405-b4f8-7a994af8c84a: shutdown FollowerState
2019-10-21 22:02:37,095 [grpc-default-executor-6] INFO  impl.RaftServerImpl (RaftServerImpl.java:setRole(184)) - 95d3bce6-5996-460d-8578-b7f952c18b9c@group-5E7A11E15B06: changes role from  FOLLOWER to FOLLOWER at term 66 for recognizeCandidate:a26a9f1d-c528-4494-83e5-475827f7720e
2019-10-21 22:02:37,095 [Thread-1008] INFO  impl.FollowerState (FollowerState.java:run(117)) - a1036450-74c2-4405-b4f8-7a994af8c84a@group-5E7A11E15B06-FollowerState was interrupted: java.lang.InterruptedException: sleep interrupted
2019-10-21 22:02:37,095 [grpc-default-executor-2] INFO  impl.RoleInfo (RoleInfo.java:updateAndGet(143)) - a1036450-74c2-4405-b4f8-7a994af8c84a: start FollowerState
2019-10-21 22:02:37,095 [grpc-default-executor-6] INFO  impl.RoleInfo (RoleInfo.java:shutdownFollowerState(121)) - 95d3bce6-5996-460d-8578-b7f952c18b9c: shutdown FollowerState
2019-10-21 22:02:37,096 [grpc-default-executor-6] INFO  impl.RoleInfo (RoleInfo.java:updateAndGet(143)) - 95d3bce6-5996-460d-8578-b7f952c18b9c: start FollowerState
2019-10-21 22:02:37,096 [Thread-1007] INFO  impl.FollowerState (FollowerState.java:run(117)) - 95d3bce6-5996-460d-8578-b7f952c18b9c@group-5E7A11E15B06-FollowerState was interrupted: java.lang.InterruptedException: sleep interrupted
2019-10-21 22:02:37,119 [a26a9f1d-c528-4494-83e5-475827f7720e@group-5E7A11E15B06-LeaderElection67] INFO  impl.LeaderElection (LeaderElection.java:logAndReturn(56)) - a26a9f1d-c528-4494-83e5-475827f7720e@group-5E7A11E15B06-LeaderElection67: Election REJECTED; received 2 response(s) [a26a9f1d-c528-4494-83e5-475827f7720e<-a1036450-74c2-4405-b4f8-7a994af8c84a#0:FAIL-t66, a26a9f1d-c528-4494-83e5-475827f7720e<-95d3bce6-5996-460d-8578-b7f952c18b9c#0:FAIL-t66] and 0 exception(s); a26a9f1d-c528-4494-83e5-475827f7720e@group-5E7A11E15B06:t66, leader=null, voted=a26a9f1d-c528-4494-83e5-475827f7720e, raftlog=a26a9f1d-c528-4494-83e5-475827f7720e@group-5E7A11E15B06-SegmentedRaftLog:OPENED:c3,f4,i4, conf=0: [a26a9f1d-c528-4494-83e5-475827f7720e:192.168.69.92:46217, a1036450-74c2-4405-b4f8-7a994af8c84a:192.168.69.92:36225, 95d3bce6-5996-460d-8578-b7f952c18b9c:192.168.69.92:41231], old=null
2019-10-21 22:02:37,119 [a26a9f1d-c528-4494-83e5-475827f7720e@group-5E7A11E15B06-LeaderElection67] INFO  impl.RaftServerImpl (RaftServerImpl.java:setRole(184)) - a26a9f1d-c528-4494-83e5-475827f7720e@group-5E7A11E15B06: changes role from CANDIDATE to FOLLOWER at term 66 for DISCOVERED_A_NEW_TERM
2019-10-21 22:02:37,119 [a26a9f1d-c528-4494-83e5-475827f7720e@group-5E7A11E15B06-LeaderElection67] INFO  impl.RoleInfo (RoleInfo.java:shutdownLeaderElection(134)) - a26a9f1d-c528-4494-83e5-475827f7720e: shutdown LeaderElection
2019-10-21 22:02:37,119 [a26a9f1d-c528-4494-83e5-475827f7720e@group-5E7A11E15B06-LeaderElection67] INFO  impl.RoleInfo (RoleInfo.java:updateAndGet(143)) - a26a9f1d-c528-4494-83e5-475827f7720e: start FollowerState
2019-10-21 22:02:37,159 [Thread-1015] INFO  impl.FollowerState (FollowerState.java:run(108)) - a26a9f1d-c528-4494-83e5-475827f7720e@group-5E7A11E15B06-FollowerState: change to CANDIDATE, lastRpcTime:40ms, electionTimeout:40ms
2019-10-21 22:02:37,159 [Thread-1015] INFO  impl.RoleInfo (RoleInfo.java:shutdownFollowerState(121)) - a26a9f1d-c528-4494-83e5-475827f7720e: shutdown FollowerState
2019-10-21 22:02:37,160 [Thread-1015] INFO  impl.RaftServerImpl (RaftServerImpl.java:setRole(184)) - a26a9f1d-c528-4494-83e5-475827f7720e@group-5E7A11E15B06: changes role from  FOLLOWER to CANDIDATE at term 66 for changeToCandidate
2019-10-21 22:02:37,160 [Thread-1015] INFO  impl.RoleInfo (RoleInfo.java:updateAndGet(143)) - a26a9f1d-c528-4494-83e5-475827f7720e: start LeaderElection
2019-10-21 22:02:37,166 [a26a9f1d-c528-4494-83e5-475827f7720e@group-5E7A11E15B06-LeaderElection68] INFO  impl.LeaderElection (LeaderElection.java:askForVotes(178)) - a26a9f1d-c528-4494-83e5-475827f7720e@group-5E7A11E15B06-LeaderElection68: begin an election at term 67 for 0: [a26a9f1d-c528-4494-83e5-475827f7720e:192.168.69.92:46217, a1036450-74c2-4405-b4f8-7a994af8c84a:192.168.69.92:36225, 95d3bce6-5996-460d-8578-b7f952c18b9c:192.168.69.92:41231], old=null
2019-10-21 22:02:37,167 [grpc-default-executor-6] INFO  impl.RaftServerImpl (RaftServerImpl.java:setRole(184)) - 95d3bce6-5996-460d-8578-b7f952c18b9c@group-5E7A11E15B06: changes role from  FOLLOWER to FOLLOWER at term 67 for recognizeCandidate:a26a9f1d-c528-4494-83e5-475827f7720e
2019-10-21 22:02:37,167 [grpc-default-executor-2] INFO  impl.RaftServerImpl (RaftServerImpl.java:setRole(184)) - a1036450-74c2-4405-b4f8-7a994af8c84a@group-5E7A11E15B06: changes role from  FOLLOWER to FOLLOWER at term 67 for recognizeCandidate:a26a9f1d-c528-4494-83e5-475827f7720e
2019-10-21 22:02:37,168 [grpc-default-executor-6] INFO  impl.RoleInfo (RoleInfo.java:shutdownFollowerState(121)) - 95d3bce6-5996-460d-8578-b7f952c18b9c: shutdown FollowerState
2019-10-21 22:02:37,168 [grpc-default-executor-2] INFO  impl.RoleInfo (RoleInfo.java:shutdownFollowerState(121)) - a1036450-74c2-4405-b4f8-7a994af8c84a: shutdown FollowerState
2019-10-21 22:02:37,168 [Thread-1014] INFO  impl.FollowerState (FollowerState.java:run(117)) - 95d3bce6-5996-460d-8578-b7f952c18b9c@group-5E7A11E15B06-FollowerState was interrupted: java.lang.InterruptedException: sleep interrupted
2019-10-21 22:02:37,168 [grpc-default-executor-6] INFO  impl.RoleInfo (RoleInfo.java:updateAndGet(143)) - 95d3bce6-5996-460d-8578-b7f952c18b9c: start FollowerState
2019-10-21 22:02:37,168 [grpc-default-executor-2] INFO  impl.RoleInfo (RoleInfo.java:updateAndGet(143)) - a1036450-74c2-4405-b4f8-7a994af8c84a: start FollowerState
2019-10-21 22:02:37,168 [Thread-1013] INFO  impl.FollowerState (FollowerState.java:run(117)) - a1036450-74c2-4405-b4f8-7a994af8c84a@group-5E7A11E15B06-FollowerState was interrupted: java.lang.InterruptedException: sleep interrupted
2019-10-21 22:02:37,206 [a26a9f1d-c528-4494-83e5-475827f7720e@group-5E7A11E15B06-LeaderElection68] INFO  impl.LeaderElection (LeaderElection.java:logAndReturn(56)) - a26a9f1d-c528-4494-83e5-475827f7720e@group-5E7A11E15B06-LeaderElection68: Election REJECTED; received 2 response(s) [a26a9f1d-c528-4494-83e5-475827f7720e<-a1036450-74c2-4405-b4f8-7a994af8c84a#0:FAIL-t67, a26a9f1d-c528-4494-83e5-475827f7720e<-95d3bce6-5996-460d-8578-b7f952c18b9c#0:FAIL-t67] and 0 exception(s); a26a9f1d-c528-4494-83e5-475827f7720e@group-5E7A11E15B06:t67, leader=null, voted=a26a9f1d-c528-4494-83e5-475827f7720e, raftlog=a26a9f1d-c528-4494-83e5-475827f7720e@group-5E7A11E15B06-SegmentedRaftLog:OPENED:c3,f4,i4, conf=0: [a26a9f1d-c528-4494-83e5-475827f7720e:192.168.69.92:46217, a1036450-74c2-4405-b4f8-7a994af8c84a:192.168.69.92:36225, 95d3bce6-5996-460d-8578-b7f952c18b9c:192.168.69.92:41231], old=null
2019-10-21 22:02:37,206 [a26a9f1d-c528-4494-83e5-475827f7720e@group-5E7A11E15B06-LeaderElection68] INFO  impl.RaftServerImpl (RaftServerImpl.java:setRole(184)) - a26a9f1d-c528-4494-83e5-475827f7720e@group-5E7A11E15B06: changes role from CANDIDATE to FOLLOWER at term 67 for DISCOVERED_A_NEW_TERM
2019-10-21 22:02:37,206 [a26a9f1d-c528-4494-83e5-475827f7720e@group-5E7A11E15B06-LeaderElection68] INFO  impl.RoleInfo (RoleInfo.java:shutdownLeaderElection(134)) - a26a9f1d-c528-4494-83e5-475827f7720e: shutdown LeaderElection
2019-10-21 22:02:37,206 [a26a9f1d-c528-4494-83e5-475827f7720e@group-5E7A11E15B06-LeaderElection68] INFO  impl.RoleInfo (RoleInfo.java:updateAndGet(143)) - a26a9f1d-c528-4494-83e5-475827f7720e: start FollowerState
]]></system-out>
    <system-err><![CDATA[ERROR StatusLogger No Log4j 2 configuration file found. Using default configuration (logging only errors to the console), or user programmatically provided configurations. Set system property 'log4j2.debug' to show Log4j 2 internal initialization logging. See https://logging.apache.org/log4j/2.x/manual/configuration.html for instructions on how to configure Log4j 2
Oct 21, 2019 10:00:50 PM org.apache.ratis.thirdparty.io.grpc.internal.SerializingExecutor run
SEVERE: Exception while executing runnable org.apache.ratis.thirdparty.io.grpc.internal.ServerImpl$JumpToApplicationThreadServerStreamListener$1Closed@20b5fd00
org.apache.ratis.thirdparty.io.grpc.StatusRuntimeException: CANCELLED: call already cancelled
	at org.apache.ratis.thirdparty.io.grpc.Status.asRuntimeException(Status.java:517)
	at org.apache.ratis.thirdparty.io.grpc.stub.ServerCalls$ServerCallStreamObserverImpl.onCompleted(ServerCalls.java:356)
	at org.apache.ratis.grpc.server.GrpcServerProtocolService$ServerRequestStreamObserver.onError(GrpcServerProtocolService.java:121)
	at org.apache.ratis.thirdparty.io.grpc.stub.ServerCalls$StreamingServerCallHandler$StreamingServerCallListener.onCancel(ServerCalls.java:269)
	at org.apache.ratis.thirdparty.io.grpc.internal.ServerCallImpl$ServerStreamListenerImpl.closed(ServerCallImpl.java:293)
	at org.apache.ratis.thirdparty.io.grpc.internal.ServerImpl$JumpToApplicationThreadServerStreamListener$1Closed.runInContext(ServerImpl.java:741)
	at org.apache.ratis.thirdparty.io.grpc.internal.ContextRunnable.run(ContextRunnable.java:37)
	at org.apache.ratis.thirdparty.io.grpc.internal.SerializingExecutor.run(SerializingExecutor.java:123)
	at java.util.concurrent.ThreadPoolExecutor.runWorker(ThreadPoolExecutor.java:1149)
	at java.util.concurrent.ThreadPoolExecutor$Worker.run(ThreadPoolExecutor.java:624)
	at java.lang.Thread.run(Thread.java:748)

Oct 21, 2019 10:00:50 PM org.apache.ratis.thirdparty.io.grpc.internal.SerializingExecutor run
SEVERE: Exception while executing runnable org.apache.ratis.thirdparty.io.grpc.internal.ClientCallImpl$ClientStreamListenerImpl$1StreamClosed@592017f2
java.lang.NullPointerException
	at org.apache.ratis.grpc.server.GrpcLogAppender$AppendLogResponseHandler.onError(GrpcLogAppender.java:303)
	at org.apache.ratis.thirdparty.io.grpc.stub.ClientCalls$StreamObserverToCallListenerAdapter.onClose(ClientCalls.java:434)
	at org.apache.ratis.thirdparty.io.grpc.PartialForwardingClientCallListener.onClose(PartialForwardingClientCallListener.java:39)
	at org.apache.ratis.thirdparty.io.grpc.ForwardingClientCallListener.onClose(ForwardingClientCallListener.java:23)
	at org.apache.ratis.thirdparty.io.grpc.ForwardingClientCallListener$SimpleForwardingClientCallListener.onClose(ForwardingClientCallListener.java:40)
	at org.apache.ratis.thirdparty.io.grpc.internal.CensusStatsModule$StatsClientInterceptor$1$1.onClose(CensusStatsModule.java:678)
	at org.apache.ratis.thirdparty.io.grpc.PartialForwardingClientCallListener.onClose(PartialForwardingClientCallListener.java:39)
	at org.apache.ratis.thirdparty.io.grpc.ForwardingClientCallListener.onClose(ForwardingClientCallListener.java:23)
	at org.apache.ratis.thirdparty.io.grpc.ForwardingClientCallListener$SimpleForwardingClientCallListener.onClose(ForwardingClientCallListener.java:40)
	at org.apache.ratis.thirdparty.io.grpc.internal.CensusTracingModule$TracingClientInterceptor$1$1.onClose(CensusTracingModule.java:397)
	at org.apache.ratis.thirdparty.io.grpc.internal.ClientCallImpl.closeObserver(ClientCallImpl.java:459)
	at org.apache.ratis.thirdparty.io.grpc.internal.ClientCallImpl.access$300(ClientCallImpl.java:63)
	at org.apache.ratis.thirdparty.io.grpc.internal.ClientCallImpl$ClientStreamListenerImpl.close(ClientCallImpl.java:546)
	at org.apache.ratis.thirdparty.io.grpc.internal.ClientCallImpl$ClientStreamListenerImpl.access$600(ClientCallImpl.java:467)
	at org.apache.ratis.thirdparty.io.grpc.internal.ClientCallImpl$ClientStreamListenerImpl$1StreamClosed.runInContext(ClientCallImpl.java:584)
	at org.apache.ratis.thirdparty.io.grpc.internal.ContextRunnable.run(ContextRunnable.java:37)
	at org.apache.ratis.thirdparty.io.grpc.internal.SerializingExecutor.run(SerializingExecutor.java:123)
	at java.util.concurrent.ThreadPoolExecutor.runWorker(ThreadPoolExecutor.java:1149)
	at java.util.concurrent.ThreadPoolExecutor$Worker.run(ThreadPoolExecutor.java:624)
	at java.lang.Thread.run(Thread.java:748)

]]></system-err>
  </testcase>
</testsuite>