<?xml version="1.0" encoding="UTF-8"?>
<testsuite xmlns:xsi="http://www.w3.org/2001/XMLSchema-instance" xsi:noNamespaceSchemaLocation="https://maven.apache.org/surefire/maven-surefire-plugin/xsd/surefire-test-report.xsd" name="org.apache.hadoop.ozone.client.rpc.TestDeleteWithSlowFollower" time="141.194" tests="1" errors="0" skipped="0" failures="1">
  <properties>
    <property name="awt.toolkit" value="sun.awt.X11.XToolkit"/>
    <property name="file.encoding.pkg" value="sun.io"/>
    <property name="java.specification.version" value="1.8"/>
    <property name="sun.cpu.isalist" value=""/>
    <property name="sun.jnu.encoding" value="ANSI_X3.4-1968"/>
    <property name="java.class.path" value="/workdir/hadoop-ozone/integration-test/target/test-classes:/workdir/hadoop-ozone/integration-test/target/classes:/home/user/.m2/repository/org/apache/hadoop/hadoop-ozone-common/0.5.0-SNAPSHOT/hadoop-ozone-common-0.5.0-SNAPSHOT.jar:/home/user/.m2/repository/org/apache/commons/commons-compress/1.4.1/commons-compress-1.4.1.jar:/home/user/.m2/repository/org/tukaani/xz/1.0/xz-1.0.jar:/home/user/.m2/repository/org/apache/hadoop/hadoop-common/3.2.0/hadoop-common-3.2.0.jar:/home/user/.m2/repository/org/apache/hadoop/hadoop-hdfs/3.2.0/hadoop-hdfs-3.2.0.jar:/home/user/.m2/repository/org/apache/hadoop/hadoop-hdfs-client/3.2.0/hadoop-hdfs-client-3.2.0.jar:/home/user/.m2/repository/com/fasterxml/jackson/core/jackson-annotations/2.9.9/jackson-annotations-2.9.9.jar:/home/user/.m2/repository/org/apache/hadoop/hadoop-hdds-common/0.5.0-SNAPSHOT/hadoop-hdds-common-0.5.0-SNAPSHOT.jar:/home/user/.m2/repository/javax/annotation/javax.annotation-api/1.2/javax.annotation-api-1.2.jar:/home/user/.m2/repository/org/apache/ratis/ratis-server/0.5.0-3f446aa-SNAPSHOT/ratis-server-0.5.0-3f446aa-SNAPSHOT.jar:/home/user/.m2/repository/org/apache/ratis/ratis-thirdparty-misc/0.2.0/ratis-thirdparty-misc-0.2.0.jar:/home/user/.m2/repository/org/apache/ratis/ratis-proto/0.5.0-3f446aa-SNAPSHOT/ratis-proto-0.5.0-3f446aa-SNAPSHOT.jar:/home/user/.m2/repository/org/apache/ratis/ratis-common/0.5.0-3f446aa-SNAPSHOT/ratis-common-0.5.0-3f446aa-SNAPSHOT.jar:/home/user/.m2/repository/org/apache/ratis/ratis-client/0.5.0-3f446aa-SNAPSHOT/ratis-client-0.5.0-3f446aa-SNAPSHOT.jar:/home/user/.m2/repository/org/apache/ratis/ratis-metrics/0.5.0-3f446aa-SNAPSHOT/ratis-metrics-0.5.0-3f446aa-SNAPSHOT.jar:/home/user/.m2/repository/com/github/joshelser/dropwizard-metrics-hadoop-metrics2-reporter/0.1.2/dropwizard-metrics-hadoop-metrics2-reporter-0.1.2.jar:/home/user/.m2/repository/io/dropwizard/metrics/metrics-jvm/3.2.5/metrics-jvm-3.2.5.jar:/home/user/.m2/repository/io/dropwizard/metrics/metrics-ganglia/3.2.5/metrics-ganglia-3.2.5.jar:/home/user/.m2/repository/info/ganglia/gmetric4j/gmetric4j/1.0.7/gmetric4j-1.0.7.jar:/home/user/.m2/repository/org/apache/ratis/ratis-netty/0.5.0-3f446aa-SNAPSHOT/ratis-netty-0.5.0-3f446aa-SNAPSHOT.jar:/home/user/.m2/repository/org/apache/ratis/ratis-grpc/0.5.0-3f446aa-SNAPSHOT/ratis-grpc-0.5.0-3f446aa-SNAPSHOT.jar:/home/user/.m2/repository/org/rocksdb/rocksdbjni/6.0.1/rocksdbjni-6.0.1.jar:/home/user/.m2/repository/org/apache/logging/log4j/log4j-api/2.11.0/log4j-api-2.11.0.jar:/home/user/.m2/repository/org/apache/logging/log4j/log4j-core/2.11.0/log4j-core-2.11.0.jar:/home/user/.m2/repository/com/lmax/disruptor/3.4.2/disruptor-3.4.2.jar:/home/user/.m2/repository/org/apache/commons/commons-pool2/2.6.0/commons-pool2-2.6.0.jar:/home/user/.m2/repository/org/bouncycastle/bcpkix-jdk15on/1.60/bcpkix-jdk15on-1.60.jar:/home/user/.m2/repository/commons-validator/commons-validator/1.6/commons-validator-1.6.jar:/home/user/.m2/repository/commons-digester/commons-digester/1.8.1/commons-digester-1.8.1.jar:/home/user/.m2/repository/io/jaegertracing/jaeger-client/0.34.0/jaeger-client-0.34.0.jar:/home/user/.m2/repository/io/jaegertracing/jaeger-thrift/0.34.0/jaeger-thrift-0.34.0.jar:/home/user/.m2/repository/org/apache/thrift/libthrift/0.12.0/libthrift-0.12.0.jar:/home/user/.m2/repository/com/squareup/okhttp3/okhttp/3.9.0/okhttp-3.9.0.jar:/home/user/.m2/repository/com/squareup/okio/okio/1.13.0/okio-1.13.0.jar:/home/user/.m2/repository/io/jaegertracing/jaeger-core/0.34.0/jaeger-core-0.34.0.jar:/home/user/.m2/repository/io/jaegertracing/jaeger-tracerresolver/0.34.0/jaeger-tracerresolver-0.34.0.jar:/home/user/.m2/repository/io/opentracing/contrib/opentracing-tracerresolver/0.1.5/opentracing-tracerresolver-0.1.5.jar:/home/user/.m2/repository/io/opentracing/opentracing-util/0.31.0/opentracing-util-0.31.0.jar:/home/user/.m2/repository/io/opentracing/opentracing-api/0.31.0/opentracing-api-0.31.0.jar:/home/user/.m2/repository/io/opentracing/opentracing-noop/0.31.0/opentracing-noop-0.31.0.jar:/home/user/.m2/repository/org/apache/hadoop/hadoop-hdds-server-framework/0.5.0-SNAPSHOT/hadoop-hdds-server-framework-0.5.0-SNAPSHOT.jar:/home/user/.m2/repository/org/apache/hadoop/hadoop-hdds-container-service/0.5.0-SNAPSHOT/hadoop-hdds-container-service-0.5.0-SNAPSHOT.jar:/home/user/.m2/repository/org/apache/hadoop/hadoop-hdds-client/0.5.0-SNAPSHOT/hadoop-hdds-client-0.5.0-SNAPSHOT.jar:/home/user/.m2/repository/org/apache/hadoop/hadoop-hdds-tools/0.5.0-SNAPSHOT/hadoop-hdds-tools-0.5.0-SNAPSHOT.jar:/home/user/.m2/repository/org/apache/hadoop/hadoop-hdds-server-scm/0.5.0-SNAPSHOT/hadoop-hdds-server-scm-0.5.0-SNAPSHOT.jar:/home/user/.m2/repository/org/apache/hadoop/hadoop-hdds-docs/0.5.0-SNAPSHOT/hadoop-hdds-docs-0.5.0-SNAPSHOT.jar:/home/user/.m2/repository/io/dropwizard/metrics/metrics-core/3.2.4/metrics-core-3.2.4.jar:/home/user/.m2/repository/org/hamcrest/hamcrest-all/1.3/hamcrest-all-1.3.jar:/home/user/.m2/repository/org/bouncycastle/bcprov-jdk15on/1.60/bcprov-jdk15on-1.60.jar:/home/user/.m2/repository/info/picocli/picocli/3.9.6/picocli-3.9.6.jar:/home/user/.m2/repository/com/google/protobuf/protobuf-java/2.5.0/protobuf-java-2.5.0.jar:/home/user/.m2/repository/com/google/guava/guava/11.0.2/guava-11.0.2.jar:/home/user/.m2/repository/org/apache/hadoop/hadoop-ozone-ozone-manager/0.5.0-SNAPSHOT/hadoop-ozone-ozone-manager-0.5.0-SNAPSHOT.jar:/home/user/.m2/repository/org/apache/hadoop/hadoop-minikdc/3.2.0/hadoop-minikdc-3.2.0.jar:/home/user/.m2/repository/commons-io/commons-io/2.5/commons-io-2.5.jar:/home/user/.m2/repository/org/apache/kerby/kerb-simplekdc/1.0.1/kerb-simplekdc-1.0.1.jar:/home/user/.m2/repository/org/apache/kerby/kerb-client/1.0.1/kerb-client-1.0.1.jar:/home/user/.m2/repository/org/apache/kerby/kerby-config/1.0.1/kerby-config-1.0.1.jar:/home/user/.m2/repository/org/apache/kerby/kerb-core/1.0.1/kerb-core-1.0.1.jar:/home/user/.m2/repository/org/apache/kerby/kerby-pkix/1.0.1/kerby-pkix-1.0.1.jar:/home/user/.m2/repository/org/apache/kerby/kerby-asn1/1.0.1/kerby-asn1-1.0.1.jar:/home/user/.m2/repository/org/apache/kerby/kerby-util/1.0.1/kerby-util-1.0.1.jar:/home/user/.m2/repository/org/apache/kerby/kerb-common/1.0.1/kerb-common-1.0.1.jar:/home/user/.m2/repository/org/apache/kerby/kerb-crypto/1.0.1/kerb-crypto-1.0.1.jar:/home/user/.m2/repository/org/apache/kerby/kerb-util/1.0.1/kerb-util-1.0.1.jar:/home/user/.m2/repository/org/apache/kerby/token-provider/1.0.1/token-provider-1.0.1.jar:/home/user/.m2/repository/org/apache/kerby/kerb-admin/1.0.1/kerb-admin-1.0.1.jar:/home/user/.m2/repository/org/apache/kerby/kerb-server/1.0.1/kerb-server-1.0.1.jar:/home/user/.m2/repository/org/apache/kerby/kerb-identity/1.0.1/kerb-identity-1.0.1.jar:/home/user/.m2/repository/org/apache/kerby/kerby-xdr/1.0.1/kerby-xdr-1.0.1.jar:/home/user/.m2/repository/org/slf4j/slf4j-log4j12/1.7.25/slf4j-log4j12-1.7.25.jar:/home/user/.m2/repository/org/apache/hadoop/hadoop-ozone-s3gateway/0.5.0-SNAPSHOT/hadoop-ozone-s3gateway-0.5.0-SNAPSHOT.jar:/home/user/.m2/repository/org/jboss/weld/servlet/weld-servlet/2.4.7.Final/weld-servlet-2.4.7.Final.jar:/home/user/.m2/repository/org/glassfish/jersey/containers/jersey-container-servlet-core/2.27/jersey-container-servlet-core-2.27.jar:/home/user/.m2/repository/org/glassfish/hk2/external/javax.inject/2.5.0-b42/javax.inject-2.5.0-b42.jar:/home/user/.m2/repository/org/glassfish/jersey/core/jersey-common/2.27/jersey-common-2.27.jar:/home/user/.m2/repository/org/glassfish/hk2/osgi-resource-locator/1.0.1/osgi-resource-locator-1.0.1.jar:/home/user/.m2/repository/javax/ws/rs/javax.ws.rs-api/2.1/javax.ws.rs-api-2.1.jar:/home/user/.m2/repository/org/glassfish/jersey/ext/cdi/jersey-cdi1x/2.27/jersey-cdi1x-2.27.jar:/home/user/.m2/repository/org/glassfish/jersey/inject/jersey-hk2/2.27/jersey-hk2-2.27.jar:/home/user/.m2/repository/org/glassfish/hk2/hk2-locator/2.5.0-b42/hk2-locator-2.5.0-b42.jar:/home/user/.m2/repository/org/javassist/javassist/3.22.0-CR2/javassist-3.22.0-CR2.jar:/home/user/.m2/repository/org/glassfish/hk2/hk2-api/2.5.0/hk2-api-2.5.0.jar:/home/user/.m2/repository/org/glassfish/hk2/external/jakarta.inject/2.5.0/jakarta.inject-2.5.0.jar:/home/user/.m2/repository/org/glassfish/hk2/hk2-utils/2.5.0/hk2-utils-2.5.0.jar:/home/user/.m2/repository/jakarta/annotation/jakarta.annotation-api/1.3.4/jakarta.annotation-api-1.3.4.jar:/home/user/.m2/repository/org/glassfish/hk2/external/aopalliance-repackaged/2.5.0/aopalliance-repackaged-2.5.0.jar:/home/user/.m2/repository/com/fasterxml/jackson/dataformat/jackson-dataformat-xml/2.9.0/jackson-dataformat-xml-2.9.0.jar:/home/user/.m2/repository/com/fasterxml/jackson/core/jackson-core/2.9.9/jackson-core-2.9.9.jar:/home/user/.m2/repository/com/fasterxml/jackson/module/jackson-module-jaxb-annotations/2.9.9/jackson-module-jaxb-annotations-2.9.9.jar:/home/user/.m2/repository/javax/enterprise/cdi-api/1.2/cdi-api-1.2.jar:/home/user/.m2/repository/javax/el/javax.el-api/3.0.0/javax.el-api-3.0.0.jar:/home/user/.m2/repository/javax/interceptor/javax.interceptor-api/1.2/javax.interceptor-api-1.2.jar:/home/user/.m2/repository/javax/inject/javax.inject/1/javax.inject-1.jar:/home/user/.m2/repository/com/sun/xml/bind/jaxb-impl/2.3.0.1/jaxb-impl-2.3.0.1.jar:/home/user/.m2/repository/com/sun/xml/bind/jaxb-core/2.3.0.1/jaxb-core-2.3.0.1.jar:/home/user/.m2/repository/javax/xml/bind/jaxb-api/2.3.0/jaxb-api-2.3.0.jar:/home/user/.m2/repository/javax/activation/activation/1.1.1/activation-1.1.1.jar:/home/user/.m2/repository/org/apache/hadoop/hadoop-ozone-csi/0.5.0-SNAPSHOT/hadoop-ozone-csi-0.5.0-SNAPSHOT.jar:/home/user/.m2/repository/com/google/protobuf/protobuf-java-util/3.5.1/protobuf-java-util-3.5.1.jar:/home/user/.m2/repository/org/apache/hadoop/hadoop-hdds-config/0.5.0-SNAPSHOT/hadoop-hdds-config-0.5.0-SNAPSHOT.jar:/home/user/.m2/repository/io/grpc/grpc-netty/1.17.1/grpc-netty-1.17.1.jar:/home/user/.m2/repository/io/grpc/grpc-core/1.17.1/grpc-core-1.17.1.jar:/home/user/.m2/repository/io/grpc/grpc-context/1.17.1/grpc-context-1.17.1.jar:/home/user/.m2/repository/com/google/errorprone/error_prone_annotations/2.2.0/error_prone_annotations-2.2.0.jar:/home/user/.m2/repository/org/codehaus/mojo/animal-sniffer-annotations/1.17/animal-sniffer-annotations-1.17.jar:/home/user/.m2/repository/io/opencensus/opencensus-api/0.17.0/opencensus-api-0.17.0.jar:/home/user/.m2/repository/io/opencensus/opencensus-contrib-grpc-metrics/0.17.0/opencensus-contrib-grpc-metrics-0.17.0.jar:/home/user/.m2/repository/io/netty/netty-codec-http2/4.1.30.Final/netty-codec-http2-4.1.30.Final.jar:/home/user/.m2/repository/io/netty/netty-codec-http/4.1.30.Final/netty-codec-http-4.1.30.Final.jar:/home/user/.m2/repository/io/netty/netty-codec/4.1.30.Final/netty-codec-4.1.30.Final.jar:/home/user/.m2/repository/io/netty/netty-handler/4.1.30.Final/netty-handler-4.1.30.Final.jar:/home/user/.m2/repository/io/netty/netty-handler-proxy/4.1.30.Final/netty-handler-proxy-4.1.30.Final.jar:/home/user/.m2/repository/io/netty/netty-codec-socks/4.1.30.Final/netty-codec-socks-4.1.30.Final.jar:/home/user/.m2/repository/io/netty/netty-transport-native-epoll/4.1.30.Final/netty-transport-native-epoll-4.1.30.Final.jar:/home/user/.m2/repository/io/netty/netty-common/4.1.30.Final/netty-common-4.1.30.Final.jar:/home/user/.m2/repository/io/netty/netty-buffer/4.1.30.Final/netty-buffer-4.1.30.Final.jar:/home/user/.m2/repository/io/netty/netty-transport/4.1.30.Final/netty-transport-4.1.30.Final.jar:/home/user/.m2/repository/io/netty/netty-resolver/4.1.30.Final/netty-resolver-4.1.30.Final.jar:/home/user/.m2/repository/io/netty/netty-transport-native-unix-common/4.1.30.Final/netty-transport-native-unix-common-4.1.30.Final.jar:/home/user/.m2/repository/io/grpc/grpc-protobuf/1.17.1/grpc-protobuf-1.17.1.jar:/home/user/.m2/repository/com/google/api/grpc/proto-google-common-protos/1.0.0/proto-google-common-protos-1.0.0.jar:/home/user/.m2/repository/io/grpc/grpc-protobuf-lite/1.17.1/grpc-protobuf-lite-1.17.1.jar:/home/user/.m2/repository/io/grpc/grpc-stub/1.17.1/grpc-stub-1.17.1.jar:/home/user/.m2/repository/org/apache/hadoop/hadoop-ozone-recon/0.5.0-SNAPSHOT/hadoop-ozone-recon-0.5.0-SNAPSHOT.jar:/home/user/.m2/repository/org/apache/hadoop/hadoop-ozone-reconcodegen/0.5.0-SNAPSHOT/hadoop-ozone-reconcodegen-0.5.0-SNAPSHOT.jar:/home/user/.m2/repository/com/google/inject/extensions/guice-multibindings/4.0/guice-multibindings-4.0.jar:/home/user/.m2/repository/com/google/inject/guice/4.0/guice-4.0.jar:/home/user/.m2/repository/aopalliance/aopalliance/1.0/aopalliance-1.0.jar:/home/user/.m2/repository/com/google/inject/extensions/guice-servlet/4.0/guice-servlet-4.0.jar:/home/user/.m2/repository/org/glassfish/jersey/containers/jersey-container-servlet/2.27/jersey-container-servlet-2.27.jar:/home/user/.m2/repository/org/glassfish/hk2/guice-bridge/2.5.0/guice-bridge-2.5.0.jar:/home/user/.m2/repository/org/glassfish/jersey/core/jersey-server/2.27/jersey-server-2.27.jar:/home/user/.m2/repository/org/glassfish/jersey/core/jersey-client/2.27/jersey-client-2.27.jar:/home/user/.m2/repository/org/glassfish/jersey/media/jersey-media-jaxb/2.27/jersey-media-jaxb-2.27.jar:/home/user/.m2/repository/javax/validation/validation-api/1.1.0.Final/validation-api-1.1.0.Final.jar:/home/user/.m2/repository/org/glassfish/jersey/media/jersey-media-json-jackson/2.27/jersey-media-json-jackson-2.27.jar:/home/user/.m2/repository/org/glassfish/jersey/ext/jersey-entity-filtering/2.27/jersey-entity-filtering-2.27.jar:/home/user/.m2/repository/com/google/inject/extensions/guice-assistedinject/4.0/guice-assistedinject-4.0.jar:/home/user/.m2/repository/org/jooq/jooq/3.11.10/jooq-3.11.10.jar:/home/user/.m2/repository/org/jooq/jooq-meta/3.11.10/jooq-meta-3.11.10.jar:/home/user/.m2/repository/org/jooq/jooq-codegen/3.11.10/jooq-codegen-3.11.10.jar:/home/user/.m2/repository/com/jolbox/bonecp/0.8.0.RELEASE/bonecp-0.8.0.RELEASE.jar:/home/user/.m2/repository/org/xerial/sqlite-jdbc/3.25.2/sqlite-jdbc-3.25.2.jar:/home/user/.m2/repository/org/springframework/spring-jdbc/5.1.3.RELEASE/spring-jdbc-5.1.3.RELEASE.jar:/home/user/.m2/repository/org/springframework/spring-beans/5.1.3.RELEASE/spring-beans-5.1.3.RELEASE.jar:/home/user/.m2/repository/org/springframework/spring-core/5.1.3.RELEASE/spring-core-5.1.3.RELEASE.jar:/home/user/.m2/repository/org/springframework/spring-jcl/5.1.3.RELEASE/spring-jcl-5.1.3.RELEASE.jar:/home/user/.m2/repository/org/springframework/spring-tx/5.1.3.RELEASE/spring-tx-5.1.3.RELEASE.jar:/home/user/.m2/repository/org/apache/hadoop/hadoop-ozone-client/0.5.0-SNAPSHOT/hadoop-ozone-client-0.5.0-SNAPSHOT.jar:/home/user/.m2/repository/commons-lang/commons-lang/2.6/commons-lang-2.6.jar:/home/user/.m2/repository/org/apache/hadoop/hadoop-ozone-ozone-manager/0.5.0-SNAPSHOT/hadoop-ozone-ozone-manager-0.5.0-SNAPSHOT-tests.jar:/home/user/.m2/repository/junit/junit/4.11/junit-4.11.jar:/home/user/.m2/repository/org/hamcrest/hamcrest-core/1.3/hamcrest-core-1.3.jar:/home/user/.m2/repository/org/openjdk/jmh/jmh-core/1.19/jmh-core-1.19.jar:/home/user/.m2/repository/net/sf/jopt-simple/jopt-simple/4.6/jopt-simple-4.6.jar:/home/user/.m2/repository/org/apache/commons/commons-math3/3.1.1/commons-math3-3.1.1.jar:/home/user/.m2/repository/org/openjdk/jmh/jmh-generator-annprocess/1.19/jmh-generator-annprocess-1.19.jar:/home/user/.m2/repository/org/mockito/mockito-all/1.8.5/mockito-all-1.8.5.jar:/home/user/.m2/repository/org/apache/hadoop/hadoop-kms/3.2.0/hadoop-kms-3.2.0.jar:/home/user/.m2/repository/org/apache/hadoop/hadoop-auth/3.2.0/hadoop-auth-3.2.0.jar:/home/user/.m2/repository/com/nimbusds/nimbus-jose-jwt/4.41.1/nimbus-jose-jwt-4.41.1.jar:/home/user/.m2/repository/com/github/stephenc/jcip/jcip-annotations/1.0-1/jcip-annotations-1.0-1.jar:/home/user/.m2/repository/net/minidev/json-smart/2.3/json-smart-2.3.jar:/home/user/.m2/repository/net/minidev/accessors-smart/1.2/accessors-smart-1.2.jar:/home/user/.m2/repository/org/ow2/asm/asm/5.0.4/asm-5.0.4.jar:/home/user/.m2/repository/org/apache/curator/curator-framework/2.12.0/curator-framework-2.12.0.jar:/home/user/.m2/repository/com/sun/jersey/jersey-core/1.19/jersey-core-1.19.jar:/home/user/.m2/repository/javax/ws/rs/jsr311-api/1.1.1/jsr311-api-1.1.1.jar:/home/user/.m2/repository/com/sun/jersey/jersey-server/1.19/jersey-server-1.19.jar:/home/user/.m2/repository/javax/servlet/javax.servlet-api/3.1.0/javax.servlet-api-3.1.0.jar:/home/user/.m2/repository/org/eclipse/jetty/jetty-server/9.3.25.v20180904/jetty-server-9.3.25.v20180904.jar:/home/user/.m2/repository/org/eclipse/jetty/jetty-http/9.3.25.v20180904/jetty-http-9.3.25.v20180904.jar:/home/user/.m2/repository/org/eclipse/jetty/jetty-io/9.3.25.v20180904/jetty-io-9.3.25.v20180904.jar:/home/user/.m2/repository/org/eclipse/jetty/jetty-webapp/9.3.25.v20180904/jetty-webapp-9.3.25.v20180904.jar:/home/user/.m2/repository/org/eclipse/jetty/jetty-xml/9.3.25.v20180904/jetty-xml-9.3.25.v20180904.jar:/home/user/.m2/repository/log4j/log4j/1.2.17/log4j-1.2.17.jar:/home/user/.m2/repository/org/slf4j/slf4j-api/1.7.25/slf4j-api-1.7.25.jar:/home/user/.m2/repository/org/slf4j/jul-to-slf4j/1.7.25/jul-to-slf4j-1.7.25.jar:/home/user/.m2/repository/org/eclipse/jetty/jetty-util/9.3.25.v20180904/jetty-util-9.3.25.v20180904.jar:/home/user/.m2/repository/com/fasterxml/jackson/core/jackson-databind/2.9.9/jackson-databind-2.9.9.jar:/home/user/.m2/repository/org/apache/hadoop/hadoop-kms/3.2.0/hadoop-kms-3.2.0-tests.jar:/home/user/.m2/repository/org/apache/hadoop/hadoop-hdds-server-scm/0.5.0-SNAPSHOT/hadoop-hdds-server-scm-0.5.0-SNAPSHOT-tests.jar:/home/user/.m2/repository/org/apache/hadoop/hadoop-hdds-container-service/0.5.0-SNAPSHOT/hadoop-hdds-container-service-0.5.0-SNAPSHOT-tests.jar:/home/user/.m2/repository/org/yaml/snakeyaml/1.16/snakeyaml-1.16.jar:/home/user/.m2/repository/org/apache/hadoop/hadoop-common/3.2.0/hadoop-common-3.2.0-tests.jar:/home/user/.m2/repository/org/apache/hadoop/hadoop-annotations/3.2.0/hadoop-annotations-3.2.0.jar:/usr/lib/jvm/java-1.8.0-openjdk-1.8.0.222.b10-1.el7_7.x86_64/jre/../lib/tools.jar:/home/user/.m2/repository/commons-cli/commons-cli/1.2/commons-cli-1.2.jar:/home/user/.m2/repository/org/apache/httpcomponents/httpclient/4.5.2/httpclient-4.5.2.jar:/home/user/.m2/repository/org/apache/httpcomponents/httpcore/4.4.4/httpcore-4.4.4.jar:/home/user/.m2/repository/commons-codec/commons-codec/1.11/commons-codec-1.11.jar:/home/user/.m2/repository/commons-net/commons-net/3.6/commons-net-3.6.jar:/home/user/.m2/repository/commons-collections/commons-collections/3.2.2/commons-collections-3.2.2.jar:/home/user/.m2/repository/org/eclipse/jetty/jetty-servlet/9.3.25.v20180904/jetty-servlet-9.3.25.v20180904.jar:/home/user/.m2/repository/org/eclipse/jetty/jetty-security/9.3.25.v20180904/jetty-security-9.3.25.v20180904.jar:/home/user/.m2/repository/javax/servlet/jsp/jsp-api/2.1/jsp-api-2.1.jar:/home/user/.m2/repository/com/sun/jersey/jersey-servlet/1.19/jersey-servlet-1.19.jar:/home/user/.m2/repository/com/sun/jersey/jersey-json/1.19/jersey-json-1.19.jar:/home/user/.m2/repository/org/codehaus/jettison/jettison/1.1/jettison-1.1.jar:/home/user/.m2/repository/org/codehaus/jackson/jackson-core-asl/1.9.13/jackson-core-asl-1.9.13.jar:/home/user/.m2/repository/org/codehaus/jackson/jackson-mapper-asl/1.9.13/jackson-mapper-asl-1.9.13.jar:/home/user/.m2/repository/org/codehaus/jackson/jackson-jaxrs/1.9.13/jackson-jaxrs-1.9.13.jar:/home/user/.m2/repository/org/codehaus/jackson/jackson-xc/1.9.13/jackson-xc-1.9.13.jar:/home/user/.m2/repository/commons-logging/commons-logging/1.1.3/commons-logging-1.1.3.jar:/home/user/.m2/repository/commons-beanutils/commons-beanutils/1.9.4/commons-beanutils-1.9.4.jar:/home/user/.m2/repository/org/apache/commons/commons-configuration2/2.1.1/commons-configuration2-2.1.1.jar:/home/user/.m2/repository/org/apache/commons/commons-lang3/3.7/commons-lang3-3.7.jar:/home/user/.m2/repository/org/apache/commons/commons-text/1.4/commons-text-1.4.jar:/home/user/.m2/repository/org/apache/avro/avro/1.7.7/avro-1.7.7.jar:/home/user/.m2/repository/com/thoughtworks/paranamer/paranamer/2.3/paranamer-2.3.jar:/home/user/.m2/repository/org/xerial/snappy/snappy-java/1.0.5/snappy-java-1.0.5.jar:/home/user/.m2/repository/com/google/re2j/re2j/1.1/re2j-1.1.jar:/home/user/.m2/repository/com/google/code/gson/gson/2.2.4/gson-2.2.4.jar:/home/user/.m2/repository/com/jcraft/jsch/0.1.54/jsch-0.1.54.jar:/home/user/.m2/repository/org/apache/curator/curator-client/2.12.0/curator-client-2.12.0.jar:/home/user/.m2/repository/org/apache/curator/curator-recipes/2.12.0/curator-recipes-2.12.0.jar:/home/user/.m2/repository/com/google/code/findbugs/jsr305/3.0.0/jsr305-3.0.0.jar:/home/user/.m2/repository/org/apache/htrace/htrace-core4/4.1.0-incubating/htrace-core4-4.1.0-incubating.jar:/home/user/.m2/repository/org/apache/zookeeper/zookeeper/3.4.13/zookeeper-3.4.13.jar:/home/user/.m2/repository/jline/jline/0.9.94/jline-0.9.94.jar:/home/user/.m2/repository/org/apache/yetus/audience-annotations/0.5.0/audience-annotations-0.5.0.jar:/home/user/.m2/repository/org/codehaus/woodstox/stax2-api/3.1.4/stax2-api-3.1.4.jar:/home/user/.m2/repository/com/fasterxml/woodstox/woodstox-core/5.0.3/woodstox-core-5.0.3.jar:/home/user/.m2/repository/dnsjava/dnsjava/2.1.7/dnsjava-2.1.7.jar:/home/user/.m2/repository/org/apache/hadoop/hadoop-hdfs/3.2.0/hadoop-hdfs-3.2.0-tests.jar:/home/user/.m2/repository/org/eclipse/jetty/jetty-util-ajax/9.3.25.v20180904/jetty-util-ajax-9.3.25.v20180904.jar:/home/user/.m2/repository/commons-daemon/commons-daemon/1.0.13/commons-daemon-1.0.13.jar:/home/user/.m2/repository/io/netty/netty/3.10.5.Final/netty-3.10.5.Final.jar:/home/user/.m2/repository/io/netty/netty-all/4.0.52.Final/netty-all-4.0.52.Final.jar:/home/user/.m2/repository/org/fusesource/leveldbjni/leveldbjni-all/1.8/leveldbjni-all-1.8.jar:"/>
    <property name="java.vm.vendor" value="Oracle Corporation"/>
    <property name="sun.arch.data.model" value="64"/>
    <property name="test.build.dir" value="/workdir/hadoop-ozone/integration-test/target/test-dir"/>
    <property name="test.cache.data" value=""/>
    <property name="java.vendor.url" value="http://java.oracle.com/"/>
    <property name="user.timezone" value=""/>
    <property name="java.vm.specification.version" value="1.8"/>
    <property name="os.name" value="Linux"/>
    <property name="test.build.data" value="/workdir/hadoop-ozone/integration-test/target/test-dir"/>
    <property name="user.country" value="US"/>
    <property name="sun.java.launcher" value="SUN_STANDARD"/>
    <property name="sun.boot.library.path" value="/usr/lib/jvm/java-1.8.0-openjdk-1.8.0.222.b10-1.el7_7.x86_64/jre/lib/amd64"/>
    <property name="sun.java.command" value="/workdir/hadoop-ozone/integration-test/target/surefire/surefirebooter5105858695784719177.jar /workdir/hadoop-ozone/integration-test/target/surefire 2019-10-22T01-46-27_168-jvmRun1 surefire7827676961189132491tmp surefire_4285672383295932037tmp"/>
    <property name="surefire.test.class.path" value="/workdir/hadoop-ozone/integration-test/target/test-classes:/workdir/hadoop-ozone/integration-test/target/classes:/home/user/.m2/repository/org/apache/hadoop/hadoop-ozone-common/0.5.0-SNAPSHOT/hadoop-ozone-common-0.5.0-SNAPSHOT.jar:/home/user/.m2/repository/org/apache/commons/commons-compress/1.4.1/commons-compress-1.4.1.jar:/home/user/.m2/repository/org/tukaani/xz/1.0/xz-1.0.jar:/home/user/.m2/repository/org/apache/hadoop/hadoop-common/3.2.0/hadoop-common-3.2.0.jar:/home/user/.m2/repository/org/apache/hadoop/hadoop-hdfs/3.2.0/hadoop-hdfs-3.2.0.jar:/home/user/.m2/repository/org/apache/hadoop/hadoop-hdfs-client/3.2.0/hadoop-hdfs-client-3.2.0.jar:/home/user/.m2/repository/com/fasterxml/jackson/core/jackson-annotations/2.9.9/jackson-annotations-2.9.9.jar:/home/user/.m2/repository/org/apache/hadoop/hadoop-hdds-common/0.5.0-SNAPSHOT/hadoop-hdds-common-0.5.0-SNAPSHOT.jar:/home/user/.m2/repository/javax/annotation/javax.annotation-api/1.2/javax.annotation-api-1.2.jar:/home/user/.m2/repository/org/apache/ratis/ratis-server/0.5.0-3f446aa-SNAPSHOT/ratis-server-0.5.0-3f446aa-SNAPSHOT.jar:/home/user/.m2/repository/org/apache/ratis/ratis-thirdparty-misc/0.2.0/ratis-thirdparty-misc-0.2.0.jar:/home/user/.m2/repository/org/apache/ratis/ratis-proto/0.5.0-3f446aa-SNAPSHOT/ratis-proto-0.5.0-3f446aa-SNAPSHOT.jar:/home/user/.m2/repository/org/apache/ratis/ratis-common/0.5.0-3f446aa-SNAPSHOT/ratis-common-0.5.0-3f446aa-SNAPSHOT.jar:/home/user/.m2/repository/org/apache/ratis/ratis-client/0.5.0-3f446aa-SNAPSHOT/ratis-client-0.5.0-3f446aa-SNAPSHOT.jar:/home/user/.m2/repository/org/apache/ratis/ratis-metrics/0.5.0-3f446aa-SNAPSHOT/ratis-metrics-0.5.0-3f446aa-SNAPSHOT.jar:/home/user/.m2/repository/com/github/joshelser/dropwizard-metrics-hadoop-metrics2-reporter/0.1.2/dropwizard-metrics-hadoop-metrics2-reporter-0.1.2.jar:/home/user/.m2/repository/io/dropwizard/metrics/metrics-jvm/3.2.5/metrics-jvm-3.2.5.jar:/home/user/.m2/repository/io/dropwizard/metrics/metrics-ganglia/3.2.5/metrics-ganglia-3.2.5.jar:/home/user/.m2/repository/info/ganglia/gmetric4j/gmetric4j/1.0.7/gmetric4j-1.0.7.jar:/home/user/.m2/repository/org/apache/ratis/ratis-netty/0.5.0-3f446aa-SNAPSHOT/ratis-netty-0.5.0-3f446aa-SNAPSHOT.jar:/home/user/.m2/repository/org/apache/ratis/ratis-grpc/0.5.0-3f446aa-SNAPSHOT/ratis-grpc-0.5.0-3f446aa-SNAPSHOT.jar:/home/user/.m2/repository/org/rocksdb/rocksdbjni/6.0.1/rocksdbjni-6.0.1.jar:/home/user/.m2/repository/org/apache/logging/log4j/log4j-api/2.11.0/log4j-api-2.11.0.jar:/home/user/.m2/repository/org/apache/logging/log4j/log4j-core/2.11.0/log4j-core-2.11.0.jar:/home/user/.m2/repository/com/lmax/disruptor/3.4.2/disruptor-3.4.2.jar:/home/user/.m2/repository/org/apache/commons/commons-pool2/2.6.0/commons-pool2-2.6.0.jar:/home/user/.m2/repository/org/bouncycastle/bcpkix-jdk15on/1.60/bcpkix-jdk15on-1.60.jar:/home/user/.m2/repository/commons-validator/commons-validator/1.6/commons-validator-1.6.jar:/home/user/.m2/repository/commons-digester/commons-digester/1.8.1/commons-digester-1.8.1.jar:/home/user/.m2/repository/io/jaegertracing/jaeger-client/0.34.0/jaeger-client-0.34.0.jar:/home/user/.m2/repository/io/jaegertracing/jaeger-thrift/0.34.0/jaeger-thrift-0.34.0.jar:/home/user/.m2/repository/org/apache/thrift/libthrift/0.12.0/libthrift-0.12.0.jar:/home/user/.m2/repository/com/squareup/okhttp3/okhttp/3.9.0/okhttp-3.9.0.jar:/home/user/.m2/repository/com/squareup/okio/okio/1.13.0/okio-1.13.0.jar:/home/user/.m2/repository/io/jaegertracing/jaeger-core/0.34.0/jaeger-core-0.34.0.jar:/home/user/.m2/repository/io/jaegertracing/jaeger-tracerresolver/0.34.0/jaeger-tracerresolver-0.34.0.jar:/home/user/.m2/repository/io/opentracing/contrib/opentracing-tracerresolver/0.1.5/opentracing-tracerresolver-0.1.5.jar:/home/user/.m2/repository/io/opentracing/opentracing-util/0.31.0/opentracing-util-0.31.0.jar:/home/user/.m2/repository/io/opentracing/opentracing-api/0.31.0/opentracing-api-0.31.0.jar:/home/user/.m2/repository/io/opentracing/opentracing-noop/0.31.0/opentracing-noop-0.31.0.jar:/home/user/.m2/repository/org/apache/hadoop/hadoop-hdds-server-framework/0.5.0-SNAPSHOT/hadoop-hdds-server-framework-0.5.0-SNAPSHOT.jar:/home/user/.m2/repository/org/apache/hadoop/hadoop-hdds-container-service/0.5.0-SNAPSHOT/hadoop-hdds-container-service-0.5.0-SNAPSHOT.jar:/home/user/.m2/repository/org/apache/hadoop/hadoop-hdds-client/0.5.0-SNAPSHOT/hadoop-hdds-client-0.5.0-SNAPSHOT.jar:/home/user/.m2/repository/org/apache/hadoop/hadoop-hdds-tools/0.5.0-SNAPSHOT/hadoop-hdds-tools-0.5.0-SNAPSHOT.jar:/home/user/.m2/repository/org/apache/hadoop/hadoop-hdds-server-scm/0.5.0-SNAPSHOT/hadoop-hdds-server-scm-0.5.0-SNAPSHOT.jar:/home/user/.m2/repository/org/apache/hadoop/hadoop-hdds-docs/0.5.0-SNAPSHOT/hadoop-hdds-docs-0.5.0-SNAPSHOT.jar:/home/user/.m2/repository/io/dropwizard/metrics/metrics-core/3.2.4/metrics-core-3.2.4.jar:/home/user/.m2/repository/org/hamcrest/hamcrest-all/1.3/hamcrest-all-1.3.jar:/home/user/.m2/repository/org/bouncycastle/bcprov-jdk15on/1.60/bcprov-jdk15on-1.60.jar:/home/user/.m2/repository/info/picocli/picocli/3.9.6/picocli-3.9.6.jar:/home/user/.m2/repository/com/google/protobuf/protobuf-java/2.5.0/protobuf-java-2.5.0.jar:/home/user/.m2/repository/com/google/guava/guava/11.0.2/guava-11.0.2.jar:/home/user/.m2/repository/org/apache/hadoop/hadoop-ozone-ozone-manager/0.5.0-SNAPSHOT/hadoop-ozone-ozone-manager-0.5.0-SNAPSHOT.jar:/home/user/.m2/repository/org/apache/hadoop/hadoop-minikdc/3.2.0/hadoop-minikdc-3.2.0.jar:/home/user/.m2/repository/commons-io/commons-io/2.5/commons-io-2.5.jar:/home/user/.m2/repository/org/apache/kerby/kerb-simplekdc/1.0.1/kerb-simplekdc-1.0.1.jar:/home/user/.m2/repository/org/apache/kerby/kerb-client/1.0.1/kerb-client-1.0.1.jar:/home/user/.m2/repository/org/apache/kerby/kerby-config/1.0.1/kerby-config-1.0.1.jar:/home/user/.m2/repository/org/apache/kerby/kerb-core/1.0.1/kerb-core-1.0.1.jar:/home/user/.m2/repository/org/apache/kerby/kerby-pkix/1.0.1/kerby-pkix-1.0.1.jar:/home/user/.m2/repository/org/apache/kerby/kerby-asn1/1.0.1/kerby-asn1-1.0.1.jar:/home/user/.m2/repository/org/apache/kerby/kerby-util/1.0.1/kerby-util-1.0.1.jar:/home/user/.m2/repository/org/apache/kerby/kerb-common/1.0.1/kerb-common-1.0.1.jar:/home/user/.m2/repository/org/apache/kerby/kerb-crypto/1.0.1/kerb-crypto-1.0.1.jar:/home/user/.m2/repository/org/apache/kerby/kerb-util/1.0.1/kerb-util-1.0.1.jar:/home/user/.m2/repository/org/apache/kerby/token-provider/1.0.1/token-provider-1.0.1.jar:/home/user/.m2/repository/org/apache/kerby/kerb-admin/1.0.1/kerb-admin-1.0.1.jar:/home/user/.m2/repository/org/apache/kerby/kerb-server/1.0.1/kerb-server-1.0.1.jar:/home/user/.m2/repository/org/apache/kerby/kerb-identity/1.0.1/kerb-identity-1.0.1.jar:/home/user/.m2/repository/org/apache/kerby/kerby-xdr/1.0.1/kerby-xdr-1.0.1.jar:/home/user/.m2/repository/org/slf4j/slf4j-log4j12/1.7.25/slf4j-log4j12-1.7.25.jar:/home/user/.m2/repository/org/apache/hadoop/hadoop-ozone-s3gateway/0.5.0-SNAPSHOT/hadoop-ozone-s3gateway-0.5.0-SNAPSHOT.jar:/home/user/.m2/repository/org/jboss/weld/servlet/weld-servlet/2.4.7.Final/weld-servlet-2.4.7.Final.jar:/home/user/.m2/repository/org/glassfish/jersey/containers/jersey-container-servlet-core/2.27/jersey-container-servlet-core-2.27.jar:/home/user/.m2/repository/org/glassfish/hk2/external/javax.inject/2.5.0-b42/javax.inject-2.5.0-b42.jar:/home/user/.m2/repository/org/glassfish/jersey/core/jersey-common/2.27/jersey-common-2.27.jar:/home/user/.m2/repository/org/glassfish/hk2/osgi-resource-locator/1.0.1/osgi-resource-locator-1.0.1.jar:/home/user/.m2/repository/javax/ws/rs/javax.ws.rs-api/2.1/javax.ws.rs-api-2.1.jar:/home/user/.m2/repository/org/glassfish/jersey/ext/cdi/jersey-cdi1x/2.27/jersey-cdi1x-2.27.jar:/home/user/.m2/repository/org/glassfish/jersey/inject/jersey-hk2/2.27/jersey-hk2-2.27.jar:/home/user/.m2/repository/org/glassfish/hk2/hk2-locator/2.5.0-b42/hk2-locator-2.5.0-b42.jar:/home/user/.m2/repository/org/javassist/javassist/3.22.0-CR2/javassist-3.22.0-CR2.jar:/home/user/.m2/repository/org/glassfish/hk2/hk2-api/2.5.0/hk2-api-2.5.0.jar:/home/user/.m2/repository/org/glassfish/hk2/external/jakarta.inject/2.5.0/jakarta.inject-2.5.0.jar:/home/user/.m2/repository/org/glassfish/hk2/hk2-utils/2.5.0/hk2-utils-2.5.0.jar:/home/user/.m2/repository/jakarta/annotation/jakarta.annotation-api/1.3.4/jakarta.annotation-api-1.3.4.jar:/home/user/.m2/repository/org/glassfish/hk2/external/aopalliance-repackaged/2.5.0/aopalliance-repackaged-2.5.0.jar:/home/user/.m2/repository/com/fasterxml/jackson/dataformat/jackson-dataformat-xml/2.9.0/jackson-dataformat-xml-2.9.0.jar:/home/user/.m2/repository/com/fasterxml/jackson/core/jackson-core/2.9.9/jackson-core-2.9.9.jar:/home/user/.m2/repository/com/fasterxml/jackson/module/jackson-module-jaxb-annotations/2.9.9/jackson-module-jaxb-annotations-2.9.9.jar:/home/user/.m2/repository/javax/enterprise/cdi-api/1.2/cdi-api-1.2.jar:/home/user/.m2/repository/javax/el/javax.el-api/3.0.0/javax.el-api-3.0.0.jar:/home/user/.m2/repository/javax/interceptor/javax.interceptor-api/1.2/javax.interceptor-api-1.2.jar:/home/user/.m2/repository/javax/inject/javax.inject/1/javax.inject-1.jar:/home/user/.m2/repository/com/sun/xml/bind/jaxb-impl/2.3.0.1/jaxb-impl-2.3.0.1.jar:/home/user/.m2/repository/com/sun/xml/bind/jaxb-core/2.3.0.1/jaxb-core-2.3.0.1.jar:/home/user/.m2/repository/javax/xml/bind/jaxb-api/2.3.0/jaxb-api-2.3.0.jar:/home/user/.m2/repository/javax/activation/activation/1.1.1/activation-1.1.1.jar:/home/user/.m2/repository/org/apache/hadoop/hadoop-ozone-csi/0.5.0-SNAPSHOT/hadoop-ozone-csi-0.5.0-SNAPSHOT.jar:/home/user/.m2/repository/com/google/protobuf/protobuf-java-util/3.5.1/protobuf-java-util-3.5.1.jar:/home/user/.m2/repository/org/apache/hadoop/hadoop-hdds-config/0.5.0-SNAPSHOT/hadoop-hdds-config-0.5.0-SNAPSHOT.jar:/home/user/.m2/repository/io/grpc/grpc-netty/1.17.1/grpc-netty-1.17.1.jar:/home/user/.m2/repository/io/grpc/grpc-core/1.17.1/grpc-core-1.17.1.jar:/home/user/.m2/repository/io/grpc/grpc-context/1.17.1/grpc-context-1.17.1.jar:/home/user/.m2/repository/com/google/errorprone/error_prone_annotations/2.2.0/error_prone_annotations-2.2.0.jar:/home/user/.m2/repository/org/codehaus/mojo/animal-sniffer-annotations/1.17/animal-sniffer-annotations-1.17.jar:/home/user/.m2/repository/io/opencensus/opencensus-api/0.17.0/opencensus-api-0.17.0.jar:/home/user/.m2/repository/io/opencensus/opencensus-contrib-grpc-metrics/0.17.0/opencensus-contrib-grpc-metrics-0.17.0.jar:/home/user/.m2/repository/io/netty/netty-codec-http2/4.1.30.Final/netty-codec-http2-4.1.30.Final.jar:/home/user/.m2/repository/io/netty/netty-codec-http/4.1.30.Final/netty-codec-http-4.1.30.Final.jar:/home/user/.m2/repository/io/netty/netty-codec/4.1.30.Final/netty-codec-4.1.30.Final.jar:/home/user/.m2/repository/io/netty/netty-handler/4.1.30.Final/netty-handler-4.1.30.Final.jar:/home/user/.m2/repository/io/netty/netty-handler-proxy/4.1.30.Final/netty-handler-proxy-4.1.30.Final.jar:/home/user/.m2/repository/io/netty/netty-codec-socks/4.1.30.Final/netty-codec-socks-4.1.30.Final.jar:/home/user/.m2/repository/io/netty/netty-transport-native-epoll/4.1.30.Final/netty-transport-native-epoll-4.1.30.Final.jar:/home/user/.m2/repository/io/netty/netty-common/4.1.30.Final/netty-common-4.1.30.Final.jar:/home/user/.m2/repository/io/netty/netty-buffer/4.1.30.Final/netty-buffer-4.1.30.Final.jar:/home/user/.m2/repository/io/netty/netty-transport/4.1.30.Final/netty-transport-4.1.30.Final.jar:/home/user/.m2/repository/io/netty/netty-resolver/4.1.30.Final/netty-resolver-4.1.30.Final.jar:/home/user/.m2/repository/io/netty/netty-transport-native-unix-common/4.1.30.Final/netty-transport-native-unix-common-4.1.30.Final.jar:/home/user/.m2/repository/io/grpc/grpc-protobuf/1.17.1/grpc-protobuf-1.17.1.jar:/home/user/.m2/repository/com/google/api/grpc/proto-google-common-protos/1.0.0/proto-google-common-protos-1.0.0.jar:/home/user/.m2/repository/io/grpc/grpc-protobuf-lite/1.17.1/grpc-protobuf-lite-1.17.1.jar:/home/user/.m2/repository/io/grpc/grpc-stub/1.17.1/grpc-stub-1.17.1.jar:/home/user/.m2/repository/org/apache/hadoop/hadoop-ozone-recon/0.5.0-SNAPSHOT/hadoop-ozone-recon-0.5.0-SNAPSHOT.jar:/home/user/.m2/repository/org/apache/hadoop/hadoop-ozone-reconcodegen/0.5.0-SNAPSHOT/hadoop-ozone-reconcodegen-0.5.0-SNAPSHOT.jar:/home/user/.m2/repository/com/google/inject/extensions/guice-multibindings/4.0/guice-multibindings-4.0.jar:/home/user/.m2/repository/com/google/inject/guice/4.0/guice-4.0.jar:/home/user/.m2/repository/aopalliance/aopalliance/1.0/aopalliance-1.0.jar:/home/user/.m2/repository/com/google/inject/extensions/guice-servlet/4.0/guice-servlet-4.0.jar:/home/user/.m2/repository/org/glassfish/jersey/containers/jersey-container-servlet/2.27/jersey-container-servlet-2.27.jar:/home/user/.m2/repository/org/glassfish/hk2/guice-bridge/2.5.0/guice-bridge-2.5.0.jar:/home/user/.m2/repository/org/glassfish/jersey/core/jersey-server/2.27/jersey-server-2.27.jar:/home/user/.m2/repository/org/glassfish/jersey/core/jersey-client/2.27/jersey-client-2.27.jar:/home/user/.m2/repository/org/glassfish/jersey/media/jersey-media-jaxb/2.27/jersey-media-jaxb-2.27.jar:/home/user/.m2/repository/javax/validation/validation-api/1.1.0.Final/validation-api-1.1.0.Final.jar:/home/user/.m2/repository/org/glassfish/jersey/media/jersey-media-json-jackson/2.27/jersey-media-json-jackson-2.27.jar:/home/user/.m2/repository/org/glassfish/jersey/ext/jersey-entity-filtering/2.27/jersey-entity-filtering-2.27.jar:/home/user/.m2/repository/com/google/inject/extensions/guice-assistedinject/4.0/guice-assistedinject-4.0.jar:/home/user/.m2/repository/org/jooq/jooq/3.11.10/jooq-3.11.10.jar:/home/user/.m2/repository/org/jooq/jooq-meta/3.11.10/jooq-meta-3.11.10.jar:/home/user/.m2/repository/org/jooq/jooq-codegen/3.11.10/jooq-codegen-3.11.10.jar:/home/user/.m2/repository/com/jolbox/bonecp/0.8.0.RELEASE/bonecp-0.8.0.RELEASE.jar:/home/user/.m2/repository/org/xerial/sqlite-jdbc/3.25.2/sqlite-jdbc-3.25.2.jar:/home/user/.m2/repository/org/springframework/spring-jdbc/5.1.3.RELEASE/spring-jdbc-5.1.3.RELEASE.jar:/home/user/.m2/repository/org/springframework/spring-beans/5.1.3.RELEASE/spring-beans-5.1.3.RELEASE.jar:/home/user/.m2/repository/org/springframework/spring-core/5.1.3.RELEASE/spring-core-5.1.3.RELEASE.jar:/home/user/.m2/repository/org/springframework/spring-jcl/5.1.3.RELEASE/spring-jcl-5.1.3.RELEASE.jar:/home/user/.m2/repository/org/springframework/spring-tx/5.1.3.RELEASE/spring-tx-5.1.3.RELEASE.jar:/home/user/.m2/repository/org/apache/hadoop/hadoop-ozone-client/0.5.0-SNAPSHOT/hadoop-ozone-client-0.5.0-SNAPSHOT.jar:/home/user/.m2/repository/commons-lang/commons-lang/2.6/commons-lang-2.6.jar:/home/user/.m2/repository/org/apache/hadoop/hadoop-ozone-ozone-manager/0.5.0-SNAPSHOT/hadoop-ozone-ozone-manager-0.5.0-SNAPSHOT-tests.jar:/home/user/.m2/repository/junit/junit/4.11/junit-4.11.jar:/home/user/.m2/repository/org/hamcrest/hamcrest-core/1.3/hamcrest-core-1.3.jar:/home/user/.m2/repository/org/openjdk/jmh/jmh-core/1.19/jmh-core-1.19.jar:/home/user/.m2/repository/net/sf/jopt-simple/jopt-simple/4.6/jopt-simple-4.6.jar:/home/user/.m2/repository/org/apache/commons/commons-math3/3.1.1/commons-math3-3.1.1.jar:/home/user/.m2/repository/org/openjdk/jmh/jmh-generator-annprocess/1.19/jmh-generator-annprocess-1.19.jar:/home/user/.m2/repository/org/mockito/mockito-all/1.8.5/mockito-all-1.8.5.jar:/home/user/.m2/repository/org/apache/hadoop/hadoop-kms/3.2.0/hadoop-kms-3.2.0.jar:/home/user/.m2/repository/org/apache/hadoop/hadoop-auth/3.2.0/hadoop-auth-3.2.0.jar:/home/user/.m2/repository/com/nimbusds/nimbus-jose-jwt/4.41.1/nimbus-jose-jwt-4.41.1.jar:/home/user/.m2/repository/com/github/stephenc/jcip/jcip-annotations/1.0-1/jcip-annotations-1.0-1.jar:/home/user/.m2/repository/net/minidev/json-smart/2.3/json-smart-2.3.jar:/home/user/.m2/repository/net/minidev/accessors-smart/1.2/accessors-smart-1.2.jar:/home/user/.m2/repository/org/ow2/asm/asm/5.0.4/asm-5.0.4.jar:/home/user/.m2/repository/org/apache/curator/curator-framework/2.12.0/curator-framework-2.12.0.jar:/home/user/.m2/repository/com/sun/jersey/jersey-core/1.19/jersey-core-1.19.jar:/home/user/.m2/repository/javax/ws/rs/jsr311-api/1.1.1/jsr311-api-1.1.1.jar:/home/user/.m2/repository/com/sun/jersey/jersey-server/1.19/jersey-server-1.19.jar:/home/user/.m2/repository/javax/servlet/javax.servlet-api/3.1.0/javax.servlet-api-3.1.0.jar:/home/user/.m2/repository/org/eclipse/jetty/jetty-server/9.3.25.v20180904/jetty-server-9.3.25.v20180904.jar:/home/user/.m2/repository/org/eclipse/jetty/jetty-http/9.3.25.v20180904/jetty-http-9.3.25.v20180904.jar:/home/user/.m2/repository/org/eclipse/jetty/jetty-io/9.3.25.v20180904/jetty-io-9.3.25.v20180904.jar:/home/user/.m2/repository/org/eclipse/jetty/jetty-webapp/9.3.25.v20180904/jetty-webapp-9.3.25.v20180904.jar:/home/user/.m2/repository/org/eclipse/jetty/jetty-xml/9.3.25.v20180904/jetty-xml-9.3.25.v20180904.jar:/home/user/.m2/repository/log4j/log4j/1.2.17/log4j-1.2.17.jar:/home/user/.m2/repository/org/slf4j/slf4j-api/1.7.25/slf4j-api-1.7.25.jar:/home/user/.m2/repository/org/slf4j/jul-to-slf4j/1.7.25/jul-to-slf4j-1.7.25.jar:/home/user/.m2/repository/org/eclipse/jetty/jetty-util/9.3.25.v20180904/jetty-util-9.3.25.v20180904.jar:/home/user/.m2/repository/com/fasterxml/jackson/core/jackson-databind/2.9.9/jackson-databind-2.9.9.jar:/home/user/.m2/repository/org/apache/hadoop/hadoop-kms/3.2.0/hadoop-kms-3.2.0-tests.jar:/home/user/.m2/repository/org/apache/hadoop/hadoop-hdds-server-scm/0.5.0-SNAPSHOT/hadoop-hdds-server-scm-0.5.0-SNAPSHOT-tests.jar:/home/user/.m2/repository/org/apache/hadoop/hadoop-hdds-container-service/0.5.0-SNAPSHOT/hadoop-hdds-container-service-0.5.0-SNAPSHOT-tests.jar:/home/user/.m2/repository/org/yaml/snakeyaml/1.16/snakeyaml-1.16.jar:/home/user/.m2/repository/org/apache/hadoop/hadoop-common/3.2.0/hadoop-common-3.2.0-tests.jar:/home/user/.m2/repository/org/apache/hadoop/hadoop-annotations/3.2.0/hadoop-annotations-3.2.0.jar:/usr/lib/jvm/java-1.8.0-openjdk-1.8.0.222.b10-1.el7_7.x86_64/jre/../lib/tools.jar:/home/user/.m2/repository/commons-cli/commons-cli/1.2/commons-cli-1.2.jar:/home/user/.m2/repository/org/apache/httpcomponents/httpclient/4.5.2/httpclient-4.5.2.jar:/home/user/.m2/repository/org/apache/httpcomponents/httpcore/4.4.4/httpcore-4.4.4.jar:/home/user/.m2/repository/commons-codec/commons-codec/1.11/commons-codec-1.11.jar:/home/user/.m2/repository/commons-net/commons-net/3.6/commons-net-3.6.jar:/home/user/.m2/repository/commons-collections/commons-collections/3.2.2/commons-collections-3.2.2.jar:/home/user/.m2/repository/org/eclipse/jetty/jetty-servlet/9.3.25.v20180904/jetty-servlet-9.3.25.v20180904.jar:/home/user/.m2/repository/org/eclipse/jetty/jetty-security/9.3.25.v20180904/jetty-security-9.3.25.v20180904.jar:/home/user/.m2/repository/javax/servlet/jsp/jsp-api/2.1/jsp-api-2.1.jar:/home/user/.m2/repository/com/sun/jersey/jersey-servlet/1.19/jersey-servlet-1.19.jar:/home/user/.m2/repository/com/sun/jersey/jersey-json/1.19/jersey-json-1.19.jar:/home/user/.m2/repository/org/codehaus/jettison/jettison/1.1/jettison-1.1.jar:/home/user/.m2/repository/org/codehaus/jackson/jackson-core-asl/1.9.13/jackson-core-asl-1.9.13.jar:/home/user/.m2/repository/org/codehaus/jackson/jackson-mapper-asl/1.9.13/jackson-mapper-asl-1.9.13.jar:/home/user/.m2/repository/org/codehaus/jackson/jackson-jaxrs/1.9.13/jackson-jaxrs-1.9.13.jar:/home/user/.m2/repository/org/codehaus/jackson/jackson-xc/1.9.13/jackson-xc-1.9.13.jar:/home/user/.m2/repository/commons-logging/commons-logging/1.1.3/commons-logging-1.1.3.jar:/home/user/.m2/repository/commons-beanutils/commons-beanutils/1.9.4/commons-beanutils-1.9.4.jar:/home/user/.m2/repository/org/apache/commons/commons-configuration2/2.1.1/commons-configuration2-2.1.1.jar:/home/user/.m2/repository/org/apache/commons/commons-lang3/3.7/commons-lang3-3.7.jar:/home/user/.m2/repository/org/apache/commons/commons-text/1.4/commons-text-1.4.jar:/home/user/.m2/repository/org/apache/avro/avro/1.7.7/avro-1.7.7.jar:/home/user/.m2/repository/com/thoughtworks/paranamer/paranamer/2.3/paranamer-2.3.jar:/home/user/.m2/repository/org/xerial/snappy/snappy-java/1.0.5/snappy-java-1.0.5.jar:/home/user/.m2/repository/com/google/re2j/re2j/1.1/re2j-1.1.jar:/home/user/.m2/repository/com/google/code/gson/gson/2.2.4/gson-2.2.4.jar:/home/user/.m2/repository/com/jcraft/jsch/0.1.54/jsch-0.1.54.jar:/home/user/.m2/repository/org/apache/curator/curator-client/2.12.0/curator-client-2.12.0.jar:/home/user/.m2/repository/org/apache/curator/curator-recipes/2.12.0/curator-recipes-2.12.0.jar:/home/user/.m2/repository/com/google/code/findbugs/jsr305/3.0.0/jsr305-3.0.0.jar:/home/user/.m2/repository/org/apache/htrace/htrace-core4/4.1.0-incubating/htrace-core4-4.1.0-incubating.jar:/home/user/.m2/repository/org/apache/zookeeper/zookeeper/3.4.13/zookeeper-3.4.13.jar:/home/user/.m2/repository/jline/jline/0.9.94/jline-0.9.94.jar:/home/user/.m2/repository/org/apache/yetus/audience-annotations/0.5.0/audience-annotations-0.5.0.jar:/home/user/.m2/repository/org/codehaus/woodstox/stax2-api/3.1.4/stax2-api-3.1.4.jar:/home/user/.m2/repository/com/fasterxml/woodstox/woodstox-core/5.0.3/woodstox-core-5.0.3.jar:/home/user/.m2/repository/dnsjava/dnsjava/2.1.7/dnsjava-2.1.7.jar:/home/user/.m2/repository/org/apache/hadoop/hadoop-hdfs/3.2.0/hadoop-hdfs-3.2.0-tests.jar:/home/user/.m2/repository/org/eclipse/jetty/jetty-util-ajax/9.3.25.v20180904/jetty-util-ajax-9.3.25.v20180904.jar:/home/user/.m2/repository/commons-daemon/commons-daemon/1.0.13/commons-daemon-1.0.13.jar:/home/user/.m2/repository/io/netty/netty/3.10.5.Final/netty-3.10.5.Final.jar:/home/user/.m2/repository/io/netty/netty-all/4.0.52.Final/netty-all-4.0.52.Final.jar:/home/user/.m2/repository/org/fusesource/leveldbjni/leveldbjni-all/1.8/leveldbjni-all-1.8.jar:"/>
    <property name="sun.cpu.endian" value="little"/>
    <property name="user.home" value="/home/user"/>
    <property name="user.language" value="en"/>
    <property name="java.specification.vendor" value="Oracle Corporation"/>
    <property name="java.home" value="/usr/lib/jvm/java-1.8.0-openjdk-1.8.0.222.b10-1.el7_7.x86_64/jre"/>
    <property name="surefire.excludesFile" value="/tools/ozone-bad-unit-tests"/>
    <property name="java.security.krb5.conf" value="/workdir/hadoop-ozone/integration-test/target/test-classes/krb5.conf"/>
    <property name="basedir" value="/workdir/hadoop-ozone/integration-test"/>
    <property name="file.separator" value="/"/>
    <property name="line.separator" value="&#10;"/>
    <property name="java.vm.specification.vendor" value="Oracle Corporation"/>
    <property name="java.specification.name" value="Java Platform API Specification"/>
    <property name="java.awt.graphicsenv" value="sun.awt.X11GraphicsEnvironment"/>
    <property name="surefire.real.class.path" value="/workdir/hadoop-ozone/integration-test/target/surefire/surefirebooter5105858695784719177.jar"/>
    <property name="hadoop.log.dir" value="/workdir/hadoop-ozone/integration-test/target/log"/>
    <property name="sun.boot.class.path" value="/usr/lib/jvm/java-1.8.0-openjdk-1.8.0.222.b10-1.el7_7.x86_64/jre/lib/resources.jar:/usr/lib/jvm/java-1.8.0-openjdk-1.8.0.222.b10-1.el7_7.x86_64/jre/lib/rt.jar:/usr/lib/jvm/java-1.8.0-openjdk-1.8.0.222.b10-1.el7_7.x86_64/jre/lib/sunrsasign.jar:/usr/lib/jvm/java-1.8.0-openjdk-1.8.0.222.b10-1.el7_7.x86_64/jre/lib/jsse.jar:/usr/lib/jvm/java-1.8.0-openjdk-1.8.0.222.b10-1.el7_7.x86_64/jre/lib/jce.jar:/usr/lib/jvm/java-1.8.0-openjdk-1.8.0.222.b10-1.el7_7.x86_64/jre/lib/charsets.jar:/usr/lib/jvm/java-1.8.0-openjdk-1.8.0.222.b10-1.el7_7.x86_64/jre/lib/jfr.jar:/usr/lib/jvm/java-1.8.0-openjdk-1.8.0.222.b10-1.el7_7.x86_64/jre/classes"/>
    <property name="sun.management.compiler" value="HotSpot 64-Bit Tiered Compilers"/>
    <property name="java.runtime.version" value="1.8.0_222-b10"/>
    <property name="java.net.preferIPv4Stack" value="true"/>
    <property name="user.name" value="jenkins1000"/>
    <property name="path.separator" value=":"/>
    <property name="java.security.egd" value="file:///dev/urandom"/>
    <property name="os.version" value="3.10.0-957.12.2.el7.x86_64"/>
    <property name="java.endorsed.dirs" value="/usr/lib/jvm/java-1.8.0-openjdk-1.8.0.222.b10-1.el7_7.x86_64/jre/lib/endorsed"/>
    <property name="java.runtime.name" value="OpenJDK Runtime Environment"/>
    <property name="file.encoding" value="ANSI_X3.4-1968"/>
    <property name="java.vm.name" value="OpenJDK 64-Bit Server VM"/>
    <property name="test.build.webapps" value=""/>
    <property name="localRepository" value="/home/user/.m2/repository"/>
    <property name="java.vendor.url.bug" value="http://bugreport.sun.com/bugreport/"/>
    <property name="java.io.tmpdir" value="/tmp"/>
    <property name="require.test.libhadoop" value=""/>
    <property name="java.version" value="1.8.0_222"/>
    <property name="user.dir" value="/workdir/hadoop-ozone/integration-test"/>
    <property name="os.arch" value="amd64"/>
    <property name="java.vm.specification.name" value="Java Virtual Machine Specification"/>
    <property name="test.build.classes" value="/workdir/hadoop-ozone/integration-test/target/test-classes"/>
    <property name="java.awt.printerjob" value="sun.print.PSPrinterJob"/>
    <property name="sun.os.patch.level" value="unknown"/>
    <property name="hadoop.tmp.dir" value="/workdir/hadoop-ozone/integration-test/target/tmp"/>
    <property name="java.library.path" value="/usr/lib:/workdir/hadoop-ozone/integration-test/target/native/target/usr/local/lib:/workdir/hadoop-ozone/integration-test/../../hadoop-common-project/hadoop-common/target/native/target/usr/local/lib:/usr/java/packages/lib/amd64:/usr/lib64:/lib64:/lib:/usr/lib"/>
    <property name="java.vm.info" value="mixed mode"/>
    <property name="java.vendor" value="Oracle Corporation"/>
    <property name="java.vm.version" value="25.222-b10"/>
    <property name="java.ext.dirs" value="/usr/lib/jvm/java-1.8.0-openjdk-1.8.0.222.b10-1.el7_7.x86_64/jre/lib/ext:/usr/java/packages/lib/ext"/>
    <property name="sun.io.unicode.encoding" value="UnicodeLittle"/>
    <property name="java.class.version" value="52.0"/>
  </properties>
  <testcase name="testDeleteKeyWithSlowFollower" classname="org.apache.hadoop.ozone.client.rpc.TestDeleteWithSlowFollower" time="112.507">
    <failure type="java.lang.AssertionError">java.lang.AssertionError
	at org.junit.Assert.fail(Assert.java:86)
	at org.junit.Assert.assertTrue(Assert.java:41)
	at org.junit.Assert.assertTrue(Assert.java:52)
	at org.apache.hadoop.ozone.client.rpc.TestDeleteWithSlowFollower.testDeleteKeyWithSlowFollower(TestDeleteWithSlowFollower.java:265)
	at sun.reflect.NativeMethodAccessorImpl.invoke0(Native Method)
	at sun.reflect.NativeMethodAccessorImpl.invoke(NativeMethodAccessorImpl.java:62)
	at sun.reflect.DelegatingMethodAccessorImpl.invoke(DelegatingMethodAccessorImpl.java:43)
	at java.lang.reflect.Method.invoke(Method.java:498)
	at org.junit.runners.model.FrameworkMethod$1.runReflectiveCall(FrameworkMethod.java:47)
	at org.junit.internal.runners.model.ReflectiveCallable.run(ReflectiveCallable.java:12)
	at org.junit.runners.model.FrameworkMethod.invokeExplosively(FrameworkMethod.java:44)
	at org.junit.internal.runners.statements.InvokeMethod.evaluate(InvokeMethod.java:17)
	at org.junit.runners.ParentRunner.runLeaf(ParentRunner.java:271)
	at org.junit.runners.BlockJUnit4ClassRunner.runChild(BlockJUnit4ClassRunner.java:70)
	at org.junit.runners.BlockJUnit4ClassRunner.runChild(BlockJUnit4ClassRunner.java:50)
	at org.junit.runners.ParentRunner$3.run(ParentRunner.java:238)
	at org.junit.runners.ParentRunner$1.schedule(ParentRunner.java:63)
	at org.junit.runners.ParentRunner.runChildren(ParentRunner.java:236)
	at org.junit.runners.ParentRunner.access$000(ParentRunner.java:53)
	at org.junit.runners.ParentRunner$2.evaluate(ParentRunner.java:229)
	at org.junit.internal.runners.statements.RunBefores.evaluate(RunBefores.java:26)
	at org.junit.internal.runners.statements.RunAfters.evaluate(RunAfters.java:27)
	at org.junit.runners.ParentRunner.run(ParentRunner.java:309)
	at org.apache.maven.surefire.junit4.JUnit4Provider.execute(JUnit4Provider.java:365)
	at org.apache.maven.surefire.junit4.JUnit4Provider.executeWithRerun(JUnit4Provider.java:273)
	at org.apache.maven.surefire.junit4.JUnit4Provider.executeTestSet(JUnit4Provider.java:238)
	at org.apache.maven.surefire.junit4.JUnit4Provider.invoke(JUnit4Provider.java:159)
	at org.apache.maven.surefire.booter.ForkedBooter.invokeProviderInSameClassLoader(ForkedBooter.java:384)
	at org.apache.maven.surefire.booter.ForkedBooter.runSuitesInProcess(ForkedBooter.java:345)
	at org.apache.maven.surefire.booter.ForkedBooter.execute(ForkedBooter.java:126)
	at org.apache.maven.surefire.booter.ForkedBooter.main(ForkedBooter.java:418)
</failure>
    <system-out><![CDATA[2019-10-22 02:31:37,092 [main] WARN  server.ServerUtils (ServerUtils.java:getScmDbDir(145)) - ozone.scm.db.dirs is not configured. We recommend adding this setting. Falling back to ozone.metadata.dirs instead.
2019-10-22 02:31:37,958 [main] WARN  server.ServerUtils (ServerUtils.java:getScmDbDir(145)) - ozone.scm.db.dirs is not configured. We recommend adding this setting. Falling back to ozone.metadata.dirs instead.
2019-10-22 02:31:37,962 [main] WARN  server.ServerUtils (ServerUtils.java:getScmDbDir(145)) - ozone.scm.db.dirs is not configured. We recommend adding this setting. Falling back to ozone.metadata.dirs instead.
2019-10-22 02:31:37,990 [main] INFO  util.log (Log.java:initialized(192)) - Logging initialized @1531ms
2019-10-22 02:31:38,087 [main] INFO  db.DBStoreBuilder (DBStoreBuilder.java:addTable(117)) - using custom profile for table: deletedBlocks
2019-10-22 02:31:38,087 [main] INFO  db.DBStoreBuilder (DBStoreBuilder.java:processTables(168)) - Using default column profile:DBProfile.DISK for Table:deletedBlocks
2019-10-22 02:31:38,087 [main] INFO  db.DBStoreBuilder (DBStoreBuilder.java:addTable(117)) - using custom profile for table: validCerts
2019-10-22 02:31:38,088 [main] INFO  db.DBStoreBuilder (DBStoreBuilder.java:processTables(168)) - Using default column profile:DBProfile.DISK for Table:validCerts
2019-10-22 02:31:38,088 [main] INFO  db.DBStoreBuilder (DBStoreBuilder.java:addTable(117)) - using custom profile for table: revokedCerts
2019-10-22 02:31:38,088 [main] INFO  db.DBStoreBuilder (DBStoreBuilder.java:processTables(168)) - Using default column profile:DBProfile.DISK for Table:revokedCerts
2019-10-22 02:31:38,099 [main] INFO  db.DBStoreBuilder (DBStoreBuilder.java:addTable(117)) - using custom profile for table: default
2019-10-22 02:31:38,099 [main] INFO  db.DBStoreBuilder (DBStoreBuilder.java:processTables(174)) - Using default column profile:DBProfile.DISK for Table:default
2019-10-22 02:31:38,100 [main] INFO  db.DBStoreBuilder (DBStoreBuilder.java:getDbProfile(205)) - Using default options. DBProfile.DISK
2019-10-22 02:31:42,831 [main] INFO  net.NodeSchemaLoader (NodeSchemaLoader.java:loadSchemaFromFile(125)) - Loading file from sun.misc.CompoundEnumeration@74235045
2019-10-22 02:31:42,833 [main] INFO  net.NodeSchemaLoader (NodeSchemaLoader.java:loadSchema(171)) - Loading network topology layer schema file
2019-10-22 02:31:42,893 [main] WARN  server.ServerUtils (ServerUtils.java:sanitizeUserArgs(70)) - ozone.scm.stale.node.interval value = 1000000 is larger than max = 100000 based on the key value of ozone.scm.heartbeat.thread.interval, reset to the max value 100000.
2019-10-22 02:31:42,896 [main] WARN  server.ServerUtils (ServerUtils.java:sanitizeUserArgs(70)) - ozone.scm.stale.node.interval value = 1000000 is larger than max = 100000 based on the key value of ozone.scm.heartbeat.thread.interval, reset to the max value 100000.
2019-10-22 02:31:42,899 [main] INFO  node.SCMNodeManager (SCMNodeManager.java:<init>(116)) - Entering startup safe mode.
2019-10-22 02:31:42,965 [main] INFO  algorithms.ContainerPlacementPolicyFactory (ContainerPlacementPolicyFactory.java:getPolicy(57)) - Create container placement policy of type org.apache.hadoop.hdds.scm.container.placement.algorithms.SCMContainerPlacementRandom
2019-10-22 02:31:42,978 [main] WARN  server.ServerUtils (ServerUtils.java:getScmDbDir(145)) - ozone.scm.db.dirs is not configured. We recommend adding this setting. Falling back to ozone.metadata.dirs instead.
2019-10-22 02:31:43,377 [main] INFO  pipeline.SCMPipelineManager (SCMPipelineManager.java:initializePipelineState(132)) - No pipeline exists in current db
2019-10-22 02:31:43,381 [main] WARN  server.ServerUtils (ServerUtils.java:getScmDbDir(145)) - ozone.scm.db.dirs is not configured. We recommend adding this setting. Falling back to ozone.metadata.dirs instead.
2019-10-22 02:31:43,814 [main] WARN  events.EventQueue (EventQueue.java:fireEvent(183)) - No event handler registered for event TypedEvent{payloadType=SafeModeStatus, name='SafeModeStatus'}
2019-10-22 02:31:44,216 [main] INFO  ipc.CallQueueManager (CallQueueManager.java:<init>(84)) - Using callQueue: class java.util.concurrent.LinkedBlockingQueue, queueCapacity: 2000, scheduler: class org.apache.hadoop.ipc.DefaultRpcScheduler, ipcBackoff: false.
2019-10-22 02:31:44,340 [Socket Reader #1 for port 35272] INFO  ipc.Server (Server.java:run(1074)) - Starting Socket Reader #1 for port 35272
2019-10-22 02:31:44,380 [main] INFO  ipc.CallQueueManager (CallQueueManager.java:<init>(84)) - Using callQueue: class java.util.concurrent.LinkedBlockingQueue, queueCapacity: 2000, scheduler: class org.apache.hadoop.ipc.DefaultRpcScheduler, ipcBackoff: false.
2019-10-22 02:31:44,381 [Socket Reader #1 for port 44424] INFO  ipc.Server (Server.java:run(1074)) - Starting Socket Reader #1 for port 44424
2019-10-22 02:31:44,393 [main] INFO  ipc.CallQueueManager (CallQueueManager.java:<init>(84)) - Using callQueue: class java.util.concurrent.LinkedBlockingQueue, queueCapacity: 2000, scheduler: class org.apache.hadoop.ipc.DefaultRpcScheduler, ipcBackoff: false.
2019-10-22 02:31:44,394 [Socket Reader #1 for port 33949] INFO  ipc.Server (Server.java:run(1074)) - Starting Socket Reader #1 for port 33949
2019-10-22 02:31:44,420 [main] INFO  hdfs.DFSUtil (DFSUtil.java:httpServerTemplateForNNAndJN(1641)) - Starting Web-server for scm at: http://0.0.0.0:0
2019-10-22 02:31:44,573 [main] INFO  server.AuthenticationFilter (AuthenticationFilter.java:constructSecretProvider(240)) - Unable to initialize FileSignerSecretProvider, falling back to use random secrets.
2019-10-22 02:31:44,583 [main] WARN  http.HttpRequestLog (HttpRequestLog.java:getRequestLog(97)) - Jetty request log can only be enabled using Log4j
2019-10-22 02:31:44,591 [main] INFO  http.HttpServer2 (HttpServer2.java:addGlobalFilter(975)) - Added global filter 'safety' (class=org.apache.hadoop.http.HttpServer2$QuotingInputFilter)
2019-10-22 02:31:44,593 [main] INFO  http.HttpServer2 (HttpServer2.java:addFilter(948)) - Added filter static_user_filter (class=org.apache.hadoop.http.lib.StaticUserWebFilter$StaticUserFilter) to context scm
2019-10-22 02:31:44,593 [main] INFO  http.HttpServer2 (HttpServer2.java:addFilter(958)) - Added filter static_user_filter (class=org.apache.hadoop.http.lib.StaticUserWebFilter$StaticUserFilter) to context static
2019-10-22 02:31:44,594 [main] INFO  http.HttpServer2 (HttpServer2.java:addFilter(958)) - Added filter static_user_filter (class=org.apache.hadoop.http.lib.StaticUserWebFilter$StaticUserFilter) to context logs
2019-10-22 02:31:44,624 [main] INFO  server.StorageContainerManager (StorageContainerManager.java:start(772)) - StorageContainerLocationProtocol RPC server is listening at /0.0.0.0:33949
2019-10-22 02:31:44,695 [main] WARN  impl.MetricsConfig (MetricsConfig.java:loadFirst(134)) - Cannot locate configuration: tried hadoop-metrics2-storagecontainermanager.properties,hadoop-metrics2.properties
2019-10-22 02:31:44,709 [main] INFO  impl.MetricsSystemImpl (MetricsSystemImpl.java:startTimer(374)) - Scheduled Metric snapshot period at 10 second(s).
2019-10-22 02:31:44,710 [main] INFO  impl.MetricsSystemImpl (MetricsSystemImpl.java:start(191)) - StorageContainerManager metrics system started
2019-10-22 02:31:44,944 [main] INFO  server.SCMClientProtocolServer (SCMClientProtocolServer.java:start(159)) - RPC server for Client  is listening at /0.0.0.0:33949
2019-10-22 02:31:44,944 [IPC Server Responder] INFO  ipc.Server (Server.java:run(1314)) - IPC Server Responder: starting
2019-10-22 02:31:44,944 [IPC Server listener on 33949] INFO  ipc.Server (Server.java:run(1153)) - IPC Server listener on 33949: starting
2019-10-22 02:31:44,948 [main] INFO  server.StorageContainerManager (StorageContainerManager.java:start(782)) - ScmBlockLocationProtocol RPC server is listening at /0.0.0.0:44424
2019-10-22 02:31:44,949 [main] INFO  server.SCMBlockProtocolServer (SCMBlockProtocolServer.java:start(146)) - RPC server for Block Protocol is listening at /0.0.0.0:44424
2019-10-22 02:31:44,949 [IPC Server Responder] INFO  ipc.Server (Server.java:run(1314)) - IPC Server Responder: starting
2019-10-22 02:31:44,949 [IPC Server listener on 44424] INFO  ipc.Server (Server.java:run(1153)) - IPC Server listener on 44424: starting
2019-10-22 02:31:44,953 [main] INFO  server.StorageContainerManager (StorageContainerManager.java:start(786)) - ScmDatanodeProtocl RPC server is listening at /0.0.0.0:35272
2019-10-22 02:31:44,953 [main] INFO  server.SCMDatanodeProtocolServer (SCMDatanodeProtocolServer.java:start(169)) - RPC server for DataNodes is listening at /0.0.0.0:35272
2019-10-22 02:31:44,953 [IPC Server listener on 35272] INFO  ipc.Server (Server.java:run(1153)) - IPC Server listener on 35272: starting
2019-10-22 02:31:44,953 [IPC Server Responder] INFO  ipc.Server (Server.java:run(1314)) - IPC Server Responder: starting
2019-10-22 02:31:44,958 [main] INFO  http.HttpServer2 (HttpServer2.java:bindListener(1191)) - Jetty bound to port 37889
2019-10-22 02:31:44,960 [main] INFO  server.Server (Server.java:doStart(351)) - jetty-9.3.25.v20180904, build timestamp: 2018-09-04T21:11:46Z, git hash: 3ce520221d0240229c862b122d2b06c12a625732
2019-10-22 02:31:44,994 [main] INFO  handler.ContextHandler (ContextHandler.java:doStart(781)) - Started o.e.j.s.ServletContextHandler@65fe9e33{/logs,file:///workdir/hadoop-ozone/integration-test/target/log,AVAILABLE}
2019-10-22 02:31:44,995 [main] INFO  handler.ContextHandler (ContextHandler.java:doStart(781)) - Started o.e.j.s.ServletContextHandler@42f8285e{/static,file:///workdir/hadoop-ozone/integration-test/target/test-classes/webapps/static,AVAILABLE}
2019-10-22 02:31:45,022 [main] INFO  handler.ContextHandler (ContextHandler.java:doStart(781)) - Started o.e.j.w.WebAppContext@3d6300e8{/,file:///workdir/hadoop-ozone/integration-test/target/test-classes/webapps/scm/,AVAILABLE}{/scm}
2019-10-22 02:31:45,027 [main] INFO  server.AbstractConnector (AbstractConnector.java:doStart(278)) - Started ServerConnector@3af4e0bf{HTTP/1.1,[http/1.1]}{0.0.0.0:37889}
2019-10-22 02:31:45,028 [main] INFO  server.Server (Server.java:doStart(419)) - Started @8569ms
2019-10-22 02:31:45,030 [main] INFO  impl.MetricsSinkAdapter (MetricsSinkAdapter.java:start(204)) - Sink prometheus started
2019-10-22 02:31:45,030 [main] INFO  impl.MetricsSystemImpl (MetricsSystemImpl.java:registerSink(301)) - Registered sink prometheus
2019-10-22 02:31:45,031 [main] INFO  server.BaseHttpServer (BaseHttpServer.java:updateConnectorAddress(215)) - HTTP server of SCM is listening at http://0.0.0.0:37889
2019-10-22 02:31:45,037 [org.apache.hadoop.util.JvmPauseMonitor$Monitor@1a2e2935] INFO  util.JvmPauseMonitor (JvmPauseMonitor.java:run(188)) - Starting JVM pause monitor
2019-10-22 02:31:45,039 [main] WARN  server.ServerUtils (ServerUtils.java:getDBPath(222)) - ozone.om.db.dirs is not configured. We recommend adding this setting. Falling back to ozone.metadata.dirs instead.
2019-10-22 02:31:45,194 [main] INFO  ha.OMHANodeDetails (OMHANodeDetails.java:loadOMHAConfig(190)) - Configuration either no ozone.om.address set. Falling back to the default OM address /127.0.0.1:0
2019-10-22 02:31:45,194 [main] INFO  ha.OMHANodeDetails (OMHANodeDetails.java:getOMNodeDetails(220)) - OM Service ID is not set. Setting it to the default ID: omServiceIdDefault
2019-10-22 02:31:45,198 [main] WARN  server.ServerUtils (ServerUtils.java:getDBPath(222)) - ozone.om.db.dirs is not configured. We recommend adding this setting. Falling back to ozone.metadata.dirs instead.
2019-10-22 02:31:45,199 [main] WARN  server.ServerUtils (ServerUtils.java:getDBPath(222)) - ozone.om.db.dirs is not configured. We recommend adding this setting. Falling back to ozone.metadata.dirs instead.
2019-10-22 02:31:45,907 [main] WARN  server.ServerUtils (ServerUtils.java:getDBPath(222)) - ozone.om.db.dirs is not configured. We recommend adding this setting. Falling back to ozone.metadata.dirs instead.
2019-10-22 02:31:45,916 [main] INFO  db.DBStoreBuilder (DBStoreBuilder.java:addTable(117)) - using custom profile for table: userTable
2019-10-22 02:31:45,916 [main] INFO  db.DBStoreBuilder (DBStoreBuilder.java:processTables(168)) - Using default column profile:DBProfile.DISK for Table:userTable
2019-10-22 02:31:45,917 [main] INFO  db.DBStoreBuilder (DBStoreBuilder.java:addTable(117)) - using custom profile for table: volumeTable
2019-10-22 02:31:45,917 [main] INFO  db.DBStoreBuilder (DBStoreBuilder.java:processTables(168)) - Using default column profile:DBProfile.DISK for Table:volumeTable
2019-10-22 02:31:45,917 [main] INFO  db.DBStoreBuilder (DBStoreBuilder.java:addTable(117)) - using custom profile for table: bucketTable
2019-10-22 02:31:45,917 [main] INFO  db.DBStoreBuilder (DBStoreBuilder.java:processTables(168)) - Using default column profile:DBProfile.DISK for Table:bucketTable
2019-10-22 02:31:45,918 [main] INFO  db.DBStoreBuilder (DBStoreBuilder.java:addTable(117)) - using custom profile for table: keyTable
2019-10-22 02:31:45,918 [main] INFO  db.DBStoreBuilder (DBStoreBuilder.java:processTables(168)) - Using default column profile:DBProfile.DISK for Table:keyTable
2019-10-22 02:31:45,918 [main] INFO  db.DBStoreBuilder (DBStoreBuilder.java:addTable(117)) - using custom profile for table: deletedTable
2019-10-22 02:31:45,918 [main] INFO  db.DBStoreBuilder (DBStoreBuilder.java:processTables(168)) - Using default column profile:DBProfile.DISK for Table:deletedTable
2019-10-22 02:31:45,919 [main] INFO  db.DBStoreBuilder (DBStoreBuilder.java:addTable(117)) - using custom profile for table: openKeyTable
2019-10-22 02:31:45,919 [main] INFO  db.DBStoreBuilder (DBStoreBuilder.java:processTables(168)) - Using default column profile:DBProfile.DISK for Table:openKeyTable
2019-10-22 02:31:45,919 [main] INFO  db.DBStoreBuilder (DBStoreBuilder.java:addTable(117)) - using custom profile for table: s3Table
2019-10-22 02:31:45,919 [main] INFO  db.DBStoreBuilder (DBStoreBuilder.java:processTables(168)) - Using default column profile:DBProfile.DISK for Table:s3Table
2019-10-22 02:31:45,919 [main] INFO  db.DBStoreBuilder (DBStoreBuilder.java:addTable(117)) - using custom profile for table: multipartInfoTable
2019-10-22 02:31:45,920 [main] INFO  db.DBStoreBuilder (DBStoreBuilder.java:processTables(168)) - Using default column profile:DBProfile.DISK for Table:multipartInfoTable
2019-10-22 02:31:45,920 [main] INFO  db.DBStoreBuilder (DBStoreBuilder.java:addTable(117)) - using custom profile for table: dTokenTable
2019-10-22 02:31:45,920 [main] INFO  db.DBStoreBuilder (DBStoreBuilder.java:processTables(168)) - Using default column profile:DBProfile.DISK for Table:dTokenTable
2019-10-22 02:31:45,920 [main] INFO  db.DBStoreBuilder (DBStoreBuilder.java:addTable(117)) - using custom profile for table: s3SecretTable
2019-10-22 02:31:45,921 [main] INFO  db.DBStoreBuilder (DBStoreBuilder.java:processTables(168)) - Using default column profile:DBProfile.DISK for Table:s3SecretTable
2019-10-22 02:31:45,921 [main] INFO  db.DBStoreBuilder (DBStoreBuilder.java:addTable(117)) - using custom profile for table: prefixTable
2019-10-22 02:31:45,921 [main] INFO  db.DBStoreBuilder (DBStoreBuilder.java:processTables(168)) - Using default column profile:DBProfile.DISK for Table:prefixTable
2019-10-22 02:31:45,921 [main] INFO  db.DBStoreBuilder (DBStoreBuilder.java:addTable(117)) - using custom profile for table: default
2019-10-22 02:31:45,921 [main] INFO  db.DBStoreBuilder (DBStoreBuilder.java:processTables(174)) - Using default column profile:DBProfile.DISK for Table:default
2019-10-22 02:31:45,922 [main] INFO  db.DBStoreBuilder (DBStoreBuilder.java:getDbProfile(205)) - Using default options. DBProfile.DISK
2019-10-22 02:31:47,868 [main] INFO  ipc.CallQueueManager (CallQueueManager.java:<init>(84)) - Using callQueue: class java.util.concurrent.LinkedBlockingQueue, queueCapacity: 2000, scheduler: class org.apache.hadoop.ipc.DefaultRpcScheduler, ipcBackoff: false.
2019-10-22 02:31:47,869 [Socket Reader #1 for port 42495] INFO  ipc.Server (Server.java:run(1074)) - Starting Socket Reader #1 for port 42495
2019-10-22 02:31:47,894 [main] INFO  om.OzoneManager (OzoneManager.java:start(1074)) - OzoneManager RPC server is listening at localhost/127.0.0.1:42495
2019-10-22 02:31:47,894 [main] INFO  impl.MetricsSystemImpl (MetricsSystemImpl.java:init(158)) - OzoneManager metrics system started (again)
2019-10-22 02:31:47,903 [IPC Server Responder] INFO  ipc.Server (Server.java:run(1314)) - IPC Server Responder: starting
2019-10-22 02:31:47,904 [IPC Server listener on 42495] INFO  ipc.Server (Server.java:run(1153)) - IPC Server listener on 42495: starting
2019-10-22 02:31:47,910 [main] INFO  hdfs.DFSUtil (DFSUtil.java:httpServerTemplateForNNAndJN(1641)) - Starting Web-server for ozoneManager at: http://0.0.0.0:0
2019-10-22 02:31:47,912 [main] INFO  server.AuthenticationFilter (AuthenticationFilter.java:constructSecretProvider(240)) - Unable to initialize FileSignerSecretProvider, falling back to use random secrets.
2019-10-22 02:31:47,912 [main] WARN  http.HttpRequestLog (HttpRequestLog.java:getRequestLog(97)) - Jetty request log can only be enabled using Log4j
2019-10-22 02:31:47,914 [main] INFO  http.HttpServer2 (HttpServer2.java:addGlobalFilter(975)) - Added global filter 'safety' (class=org.apache.hadoop.http.HttpServer2$QuotingInputFilter)
2019-10-22 02:31:47,916 [main] INFO  http.HttpServer2 (HttpServer2.java:addFilter(948)) - Added filter static_user_filter (class=org.apache.hadoop.http.lib.StaticUserWebFilter$StaticUserFilter) to context ozoneManager
2019-10-22 02:31:47,916 [main] INFO  http.HttpServer2 (HttpServer2.java:addFilter(958)) - Added filter static_user_filter (class=org.apache.hadoop.http.lib.StaticUserWebFilter$StaticUserFilter) to context static
2019-10-22 02:31:47,916 [main] INFO  http.HttpServer2 (HttpServer2.java:addFilter(958)) - Added filter static_user_filter (class=org.apache.hadoop.http.lib.StaticUserWebFilter$StaticUserFilter) to context logs
2019-10-22 02:31:47,918 [main] INFO  http.HttpServer2 (HttpServer2.java:bindListener(1191)) - Jetty bound to port 46864
2019-10-22 02:31:47,918 [main] INFO  server.Server (Server.java:doStart(351)) - jetty-9.3.25.v20180904, build timestamp: 2018-09-04T21:11:46Z, git hash: 3ce520221d0240229c862b122d2b06c12a625732
2019-10-22 02:31:47,921 [main] INFO  handler.ContextHandler (ContextHandler.java:doStart(781)) - Started o.e.j.s.ServletContextHandler@368d5c00{/logs,file:///workdir/hadoop-ozone/integration-test/target/log,AVAILABLE}
2019-10-22 02:31:47,921 [main] INFO  handler.ContextHandler (ContextHandler.java:doStart(781)) - Started o.e.j.s.ServletContextHandler@aa10649{/static,file:///workdir/hadoop-ozone/integration-test/target/test-classes/webapps/static,AVAILABLE}
2019-10-22 02:31:47,926 [main] INFO  handler.ContextHandler (ContextHandler.java:doStart(781)) - Started o.e.j.w.WebAppContext@41aaedaa{/,file:///workdir/hadoop-ozone/integration-test/target/test-classes/webapps/ozoneManager/,AVAILABLE}{/ozoneManager}
2019-10-22 02:31:47,927 [main] INFO  server.AbstractConnector (AbstractConnector.java:doStart(278)) - Started ServerConnector@303a5119{HTTP/1.1,[http/1.1]}{0.0.0.0:46864}
2019-10-22 02:31:47,927 [main] INFO  server.Server (Server.java:doStart(419)) - Started @11468ms
2019-10-22 02:31:47,927 [main] WARN  impl.MetricsSystemImpl (MetricsSystemImpl.java:register(276)) - Sink prometheus already exists!
2019-10-22 02:31:47,928 [main] INFO  server.BaseHttpServer (BaseHttpServer.java:updateConnectorAddress(215)) - HTTP server of OZONEMANAGER is listening at http://0.0.0.0:46864
2019-10-22 02:31:48,228 [main] INFO  impl.MetricsSystemImpl (MetricsSystemImpl.java:init(158)) - HddsDatanode metrics system started (again)
2019-10-22 02:31:48,275 [main] INFO  ozone.HddsDatanodeService (HddsDatanodeService.java:start(184)) - HddsDatanodeService host:pr-hdds-1643-hlxn2-3599243457 ip:192.168.34.14
2019-10-22 02:31:48,306 [main] INFO  volume.HddsVolume (HddsVolume.java:<init>(176)) - Creating Volume: /workdir/hadoop-ozone/integration-test/target/test-dir/MiniOzoneClusterImpl-1e1cbef6-da44-444b-ac78-b5a442d7a72a/datanode-0/data/containers/hdds of  storage type : DISK and capacity : 1482555576320
2019-10-22 02:31:48,308 [main] INFO  volume.VolumeSet (VolumeSet.java:initializeVolumeSet(170)) - Added Volume : /workdir/hadoop-ozone/integration-test/target/test-dir/MiniOzoneClusterImpl-1e1cbef6-da44-444b-ac78-b5a442d7a72a/datanode-0/data/containers/hdds to VolumeSet
2019-10-22 02:31:48,310 [main] INFO  volume.ThrottledAsyncChecker (ThrottledAsyncChecker.java:schedule(141)) - Scheduling a check for /workdir/hadoop-ozone/integration-test/target/test-dir/MiniOzoneClusterImpl-1e1cbef6-da44-444b-ac78-b5a442d7a72a/datanode-0/data/containers/hdds
2019-10-22 02:31:48,327 [main] INFO  volume.HddsVolumeChecker (HddsVolumeChecker.java:checkAllVolumes(204)) - Scheduled health check for volume /workdir/hadoop-ozone/integration-test/target/test-dir/MiniOzoneClusterImpl-1e1cbef6-da44-444b-ac78-b5a442d7a72a/datanode-0/data/containers/hdds
2019-10-22 02:31:48,431 [main] INFO  impl.RaftServerProxy (ConfUtils.java:logGet(43)) - raft.rpc.type = GRPC (default)
2019-10-22 02:31:48,490 [main] INFO  grpc.GrpcFactory (GrpcFactory.java:checkPooledByteBufAllocatorUseCacheForAllThreads(45)) - PERFORMANCE WARNING: useCacheForAllThreads is true that may cause Netty to create a lot garbage objects and, as a result, trigger GC.
	It is recommended to disable useCacheForAllThreads by setting -Dorg.apache.ratis.thirdparty.io.netty.allocator.useCacheForAllThreads=false in command line.
2019-10-22 02:31:48,495 [main] INFO  grpc.GrpcConfigKeys$Server (ConfUtils.java:logGet(43)) - raft.grpc.server.port = 0 (default)
2019-10-22 02:31:48,496 [main] INFO  server.GrpcService (ConfUtils.java:logGet(43)) - raft.grpc.message.size.max = 33570816 (custom)
2019-10-22 02:31:48,497 [main] INFO  server.RaftServerConfigKeys (ConfUtils.java:logGet(43)) - raft.server.log.appender.buffer.byte-limit = 33554432 (custom)
2019-10-22 02:31:48,498 [main] INFO  server.GrpcService (ConfUtils.java:logGet(43)) - raft.grpc.flow.control.window = 1MB (=1048576) (default)
2019-10-22 02:31:48,499 [main] INFO  server.RaftServerConfigKeys (ConfUtils.java:logGet(43)) - raft.server.rpc.request.timeout = 3000ms (default)
2019-10-22 02:31:48,654 [main] INFO  server.RaftServerConfigKeys (ConfUtils.java:logGet(43)) - raft.server.storage.dir = [/workdir/hadoop-ozone/integration-test/target/test-dir/MiniOzoneClusterImpl-1e1cbef6-da44-444b-ac78-b5a442d7a72a/datanode-0/data/ratis] (custom)
2019-10-22 02:31:48,702 [main] INFO  hdfs.DFSUtil (DFSUtil.java:httpServerTemplateForNNAndJN(1641)) - Starting Web-server for hddsDatanode at: http://0.0.0.0:0
2019-10-22 02:31:48,704 [main] INFO  server.AuthenticationFilter (AuthenticationFilter.java:constructSecretProvider(240)) - Unable to initialize FileSignerSecretProvider, falling back to use random secrets.
2019-10-22 02:31:48,705 [main] WARN  http.HttpRequestLog (HttpRequestLog.java:getRequestLog(97)) - Jetty request log can only be enabled using Log4j
2019-10-22 02:31:48,708 [main] INFO  http.HttpServer2 (HttpServer2.java:addGlobalFilter(975)) - Added global filter 'safety' (class=org.apache.hadoop.http.HttpServer2$QuotingInputFilter)
2019-10-22 02:31:48,710 [main] INFO  http.HttpServer2 (HttpServer2.java:addFilter(948)) - Added filter static_user_filter (class=org.apache.hadoop.http.lib.StaticUserWebFilter$StaticUserFilter) to context hddsDatanode
2019-10-22 02:31:48,710 [main] INFO  http.HttpServer2 (HttpServer2.java:addFilter(958)) - Added filter static_user_filter (class=org.apache.hadoop.http.lib.StaticUserWebFilter$StaticUserFilter) to context static
2019-10-22 02:31:48,710 [main] INFO  http.HttpServer2 (HttpServer2.java:addFilter(958)) - Added filter static_user_filter (class=org.apache.hadoop.http.lib.StaticUserWebFilter$StaticUserFilter) to context logs
2019-10-22 02:31:48,712 [main] INFO  http.HttpServer2 (HttpServer2.java:bindListener(1191)) - Jetty bound to port 34024
2019-10-22 02:31:48,712 [main] INFO  server.Server (Server.java:doStart(351)) - jetty-9.3.25.v20180904, build timestamp: 2018-09-04T21:11:46Z, git hash: 3ce520221d0240229c862b122d2b06c12a625732
2019-10-22 02:31:48,719 [main] INFO  handler.ContextHandler (ContextHandler.java:doStart(781)) - Started o.e.j.s.ServletContextHandler@46185a1b{/logs,file:///workdir/hadoop-ozone/integration-test/target/log,AVAILABLE}
2019-10-22 02:31:48,720 [main] INFO  handler.ContextHandler (ContextHandler.java:doStart(781)) - Started o.e.j.s.ServletContextHandler@60cf62ad{/static,jar:file:/home/user/.m2/repository/org/apache/hadoop/hadoop-hdds-container-service/0.5.0-SNAPSHOT/hadoop-hdds-container-service-0.5.0-SNAPSHOT.jar!/webapps/static,AVAILABLE}
2019-10-22 02:31:48,783 [main] INFO  handler.ContextHandler (ContextHandler.java:doStart(781)) - Started o.e.j.w.WebAppContext@1aabf50d{/,file:///tmp/jetty-0.0.0.0-34024-hddsDatanode-_-any-639387037514418415.dir/webapp/,AVAILABLE}{/hddsDatanode}
2019-10-22 02:31:48,785 [main] INFO  server.AbstractConnector (AbstractConnector.java:doStart(278)) - Started ServerConnector@73c9e8e8{HTTP/1.1,[http/1.1]}{0.0.0.0:34024}
2019-10-22 02:31:48,785 [main] INFO  server.Server (Server.java:doStart(419)) - Started @12326ms
2019-10-22 02:31:48,785 [main] WARN  impl.MetricsSystemImpl (MetricsSystemImpl.java:register(276)) - Sink prometheus already exists!
2019-10-22 02:31:48,787 [main] INFO  server.BaseHttpServer (BaseHttpServer.java:updateConnectorAddress(215)) - HTTP server of HDDSDATANODE is listening at http://0.0.0.0:34024
2019-10-22 02:31:48,788 [main] INFO  impl.MetricsSystemImpl (MetricsSystemImpl.java:init(158)) - HddsDatanode metrics system started (again)
2019-10-22 02:31:48,792 [main] INFO  ozone.HddsDatanodeService (HddsDatanodeService.java:start(184)) - HddsDatanodeService host:pr-hdds-1643-hlxn2-3599243457 ip:192.168.34.14
2019-10-22 02:31:48,795 [org.apache.hadoop.util.JvmPauseMonitor$Monitor@41614c49] INFO  util.JvmPauseMonitor (JvmPauseMonitor.java:run(188)) - Starting JVM pause monitor
2019-10-22 02:31:48,803 [main] INFO  volume.HddsVolume (HddsVolume.java:<init>(176)) - Creating Volume: /workdir/hadoop-ozone/integration-test/target/test-dir/MiniOzoneClusterImpl-1e1cbef6-da44-444b-ac78-b5a442d7a72a/datanode-1/data/containers/hdds of  storage type : DISK and capacity : 1482555576320
2019-10-22 02:31:48,804 [main] INFO  volume.VolumeSet (VolumeSet.java:initializeVolumeSet(170)) - Added Volume : /workdir/hadoop-ozone/integration-test/target/test-dir/MiniOzoneClusterImpl-1e1cbef6-da44-444b-ac78-b5a442d7a72a/datanode-1/data/containers/hdds to VolumeSet
2019-10-22 02:31:48,804 [main] INFO  volume.ThrottledAsyncChecker (ThrottledAsyncChecker.java:schedule(141)) - Scheduling a check for /workdir/hadoop-ozone/integration-test/target/test-dir/MiniOzoneClusterImpl-1e1cbef6-da44-444b-ac78-b5a442d7a72a/datanode-1/data/containers/hdds
2019-10-22 02:31:48,806 [main] INFO  volume.HddsVolumeChecker (HddsVolumeChecker.java:checkAllVolumes(204)) - Scheduled health check for volume /workdir/hadoop-ozone/integration-test/target/test-dir/MiniOzoneClusterImpl-1e1cbef6-da44-444b-ac78-b5a442d7a72a/datanode-1/data/containers/hdds
2019-10-22 02:31:48,829 [main] INFO  impl.RaftServerProxy (ConfUtils.java:logGet(43)) - raft.rpc.type = GRPC (default)
2019-10-22 02:31:48,829 [main] INFO  grpc.GrpcFactory (GrpcFactory.java:checkPooledByteBufAllocatorUseCacheForAllThreads(45)) - PERFORMANCE WARNING: useCacheForAllThreads is true that may cause Netty to create a lot garbage objects and, as a result, trigger GC.
	It is recommended to disable useCacheForAllThreads by setting -Dorg.apache.ratis.thirdparty.io.netty.allocator.useCacheForAllThreads=false in command line.
2019-10-22 02:31:48,830 [main] INFO  grpc.GrpcConfigKeys$Server (ConfUtils.java:logGet(43)) - raft.grpc.server.port = 0 (default)
2019-10-22 02:31:48,830 [main] INFO  server.GrpcService (ConfUtils.java:logGet(43)) - raft.grpc.message.size.max = 33570816 (custom)
2019-10-22 02:31:48,830 [main] INFO  server.RaftServerConfigKeys (ConfUtils.java:logGet(43)) - raft.server.log.appender.buffer.byte-limit = 33554432 (custom)
2019-10-22 02:31:48,831 [main] INFO  server.GrpcService (ConfUtils.java:logGet(43)) - raft.grpc.flow.control.window = 1MB (=1048576) (default)
2019-10-22 02:31:48,831 [main] INFO  server.RaftServerConfigKeys (ConfUtils.java:logGet(43)) - raft.server.rpc.request.timeout = 3000ms (default)
2019-10-22 02:31:48,832 [main] INFO  server.RaftServerConfigKeys (ConfUtils.java:logGet(43)) - raft.server.storage.dir = [/workdir/hadoop-ozone/integration-test/target/test-dir/MiniOzoneClusterImpl-1e1cbef6-da44-444b-ac78-b5a442d7a72a/datanode-1/data/ratis] (custom)
2019-10-22 02:31:48,835 [main] INFO  hdfs.DFSUtil (DFSUtil.java:httpServerTemplateForNNAndJN(1641)) - Starting Web-server for hddsDatanode at: http://0.0.0.0:0
2019-10-22 02:31:48,837 [main] INFO  server.AuthenticationFilter (AuthenticationFilter.java:constructSecretProvider(240)) - Unable to initialize FileSignerSecretProvider, falling back to use random secrets.
2019-10-22 02:31:48,838 [main] WARN  http.HttpRequestLog (HttpRequestLog.java:getRequestLog(97)) - Jetty request log can only be enabled using Log4j
2019-10-22 02:31:48,840 [main] INFO  http.HttpServer2 (HttpServer2.java:addGlobalFilter(975)) - Added global filter 'safety' (class=org.apache.hadoop.http.HttpServer2$QuotingInputFilter)
2019-10-22 02:31:48,842 [main] INFO  http.HttpServer2 (HttpServer2.java:addFilter(948)) - Added filter static_user_filter (class=org.apache.hadoop.http.lib.StaticUserWebFilter$StaticUserFilter) to context hddsDatanode
2019-10-22 02:31:48,842 [main] INFO  http.HttpServer2 (HttpServer2.java:addFilter(958)) - Added filter static_user_filter (class=org.apache.hadoop.http.lib.StaticUserWebFilter$StaticUserFilter) to context logs
2019-10-22 02:31:48,842 [main] INFO  http.HttpServer2 (HttpServer2.java:addFilter(958)) - Added filter static_user_filter (class=org.apache.hadoop.http.lib.StaticUserWebFilter$StaticUserFilter) to context static
2019-10-22 02:31:48,844 [main] INFO  http.HttpServer2 (HttpServer2.java:bindListener(1191)) - Jetty bound to port 46215
2019-10-22 02:31:48,844 [main] INFO  server.Server (Server.java:doStart(351)) - jetty-9.3.25.v20180904, build timestamp: 2018-09-04T21:11:46Z, git hash: 3ce520221d0240229c862b122d2b06c12a625732
2019-10-22 02:31:48,847 [main] INFO  handler.ContextHandler (ContextHandler.java:doStart(781)) - Started o.e.j.s.ServletContextHandler@6a472566{/logs,file:///workdir/hadoop-ozone/integration-test/target/log,AVAILABLE}
2019-10-22 02:31:48,848 [main] INFO  handler.ContextHandler (ContextHandler.java:doStart(781)) - Started o.e.j.s.ServletContextHandler@5e65afb6{/static,jar:file:/home/user/.m2/repository/org/apache/hadoop/hadoop-hdds-container-service/0.5.0-SNAPSHOT/hadoop-hdds-container-service-0.5.0-SNAPSHOT.jar!/webapps/static,AVAILABLE}
2019-10-22 02:31:48,902 [main] INFO  handler.ContextHandler (ContextHandler.java:doStart(781)) - Started o.e.j.w.WebAppContext@5c77ba8f{/,file:///tmp/jetty-0.0.0.0-46215-hddsDatanode-_-any-5003500285732949864.dir/webapp/,AVAILABLE}{/hddsDatanode}
2019-10-22 02:31:48,903 [main] INFO  server.AbstractConnector (AbstractConnector.java:doStart(278)) - Started ServerConnector@660f0c{HTTP/1.1,[http/1.1]}{0.0.0.0:46215}
2019-10-22 02:31:48,903 [main] INFO  server.Server (Server.java:doStart(419)) - Started @12445ms
2019-10-22 02:31:48,904 [main] WARN  impl.MetricsSystemImpl (MetricsSystemImpl.java:register(276)) - Sink prometheus already exists!
2019-10-22 02:31:48,905 [main] INFO  server.BaseHttpServer (BaseHttpServer.java:updateConnectorAddress(215)) - HTTP server of HDDSDATANODE is listening at http://0.0.0.0:46215
2019-10-22 02:31:48,906 [main] INFO  impl.MetricsSystemImpl (MetricsSystemImpl.java:init(158)) - HddsDatanode metrics system started (again)
2019-10-22 02:31:48,909 [org.apache.hadoop.util.JvmPauseMonitor$Monitor@50971806] INFO  util.JvmPauseMonitor (JvmPauseMonitor.java:run(188)) - Starting JVM pause monitor
2019-10-22 02:31:48,909 [main] INFO  ozone.HddsDatanodeService (HddsDatanodeService.java:start(184)) - HddsDatanodeService host:pr-hdds-1643-hlxn2-3599243457 ip:192.168.34.14
2019-10-22 02:31:48,916 [Datanode State Machine Thread - 0] INFO  datanode.InitDatanodeState (InitDatanodeState.java:persistContainerDatanodeDetails(140)) - DatanodeDetails is persisted to /workdir/hadoop-ozone/integration-test/target/test-dir/MiniOzoneClusterImpl-1e1cbef6-da44-444b-ac78-b5a442d7a72a/datanode-0/meta/datanode.id
2019-10-22 02:31:48,920 [main] INFO  volume.HddsVolume (HddsVolume.java:<init>(176)) - Creating Volume: /workdir/hadoop-ozone/integration-test/target/test-dir/MiniOzoneClusterImpl-1e1cbef6-da44-444b-ac78-b5a442d7a72a/datanode-2/data/containers/hdds of  storage type : DISK and capacity : 1482555576320
2019-10-22 02:31:48,921 [main] INFO  volume.VolumeSet (VolumeSet.java:initializeVolumeSet(170)) - Added Volume : /workdir/hadoop-ozone/integration-test/target/test-dir/MiniOzoneClusterImpl-1e1cbef6-da44-444b-ac78-b5a442d7a72a/datanode-2/data/containers/hdds to VolumeSet
2019-10-22 02:31:48,921 [main] INFO  volume.ThrottledAsyncChecker (ThrottledAsyncChecker.java:schedule(141)) - Scheduling a check for /workdir/hadoop-ozone/integration-test/target/test-dir/MiniOzoneClusterImpl-1e1cbef6-da44-444b-ac78-b5a442d7a72a/datanode-2/data/containers/hdds
2019-10-22 02:31:48,921 [Datanode State Machine Thread - 0] INFO  datanode.InitDatanodeState (InitDatanodeState.java:persistContainerDatanodeDetails(140)) - DatanodeDetails is persisted to /workdir/hadoop-ozone/integration-test/target/test-dir/MiniOzoneClusterImpl-1e1cbef6-da44-444b-ac78-b5a442d7a72a/datanode-1/meta/datanode.id
2019-10-22 02:31:48,922 [main] INFO  volume.HddsVolumeChecker (HddsVolumeChecker.java:checkAllVolumes(204)) - Scheduled health check for volume /workdir/hadoop-ozone/integration-test/target/test-dir/MiniOzoneClusterImpl-1e1cbef6-da44-444b-ac78-b5a442d7a72a/datanode-2/data/containers/hdds
2019-10-22 02:31:48,942 [main] INFO  impl.RaftServerProxy (ConfUtils.java:logGet(43)) - raft.rpc.type = GRPC (default)
2019-10-22 02:31:48,943 [main] INFO  grpc.GrpcFactory (GrpcFactory.java:checkPooledByteBufAllocatorUseCacheForAllThreads(45)) - PERFORMANCE WARNING: useCacheForAllThreads is true that may cause Netty to create a lot garbage objects and, as a result, trigger GC.
	It is recommended to disable useCacheForAllThreads by setting -Dorg.apache.ratis.thirdparty.io.netty.allocator.useCacheForAllThreads=false in command line.
2019-10-22 02:31:48,943 [main] INFO  grpc.GrpcConfigKeys$Server (ConfUtils.java:logGet(43)) - raft.grpc.server.port = 0 (default)
2019-10-22 02:31:48,944 [main] INFO  server.GrpcService (ConfUtils.java:logGet(43)) - raft.grpc.message.size.max = 33570816 (custom)
2019-10-22 02:31:48,944 [main] INFO  server.RaftServerConfigKeys (ConfUtils.java:logGet(43)) - raft.server.log.appender.buffer.byte-limit = 33554432 (custom)
2019-10-22 02:31:48,944 [main] INFO  server.GrpcService (ConfUtils.java:logGet(43)) - raft.grpc.flow.control.window = 1MB (=1048576) (default)
2019-10-22 02:31:48,945 [main] INFO  server.RaftServerConfigKeys (ConfUtils.java:logGet(43)) - raft.server.rpc.request.timeout = 3000ms (default)
2019-10-22 02:31:48,946 [main] INFO  server.RaftServerConfigKeys (ConfUtils.java:logGet(43)) - raft.server.storage.dir = [/workdir/hadoop-ozone/integration-test/target/test-dir/MiniOzoneClusterImpl-1e1cbef6-da44-444b-ac78-b5a442d7a72a/datanode-2/data/ratis] (custom)
2019-10-22 02:31:48,949 [main] INFO  hdfs.DFSUtil (DFSUtil.java:httpServerTemplateForNNAndJN(1641)) - Starting Web-server for hddsDatanode at: http://0.0.0.0:0
2019-10-22 02:31:48,951 [main] INFO  server.AuthenticationFilter (AuthenticationFilter.java:constructSecretProvider(240)) - Unable to initialize FileSignerSecretProvider, falling back to use random secrets.
2019-10-22 02:31:48,952 [main] WARN  http.HttpRequestLog (HttpRequestLog.java:getRequestLog(97)) - Jetty request log can only be enabled using Log4j
2019-10-22 02:31:48,954 [main] INFO  http.HttpServer2 (HttpServer2.java:addGlobalFilter(975)) - Added global filter 'safety' (class=org.apache.hadoop.http.HttpServer2$QuotingInputFilter)
2019-10-22 02:31:48,955 [main] INFO  http.HttpServer2 (HttpServer2.java:addFilter(948)) - Added filter static_user_filter (class=org.apache.hadoop.http.lib.StaticUserWebFilter$StaticUserFilter) to context hddsDatanode
2019-10-22 02:31:48,955 [main] INFO  http.HttpServer2 (HttpServer2.java:addFilter(958)) - Added filter static_user_filter (class=org.apache.hadoop.http.lib.StaticUserWebFilter$StaticUserFilter) to context static
2019-10-22 02:31:48,955 [main] INFO  http.HttpServer2 (HttpServer2.java:addFilter(958)) - Added filter static_user_filter (class=org.apache.hadoop.http.lib.StaticUserWebFilter$StaticUserFilter) to context logs
2019-10-22 02:31:48,956 [main] INFO  http.HttpServer2 (HttpServer2.java:bindListener(1191)) - Jetty bound to port 37570
2019-10-22 02:31:48,957 [main] INFO  server.Server (Server.java:doStart(351)) - jetty-9.3.25.v20180904, build timestamp: 2018-09-04T21:11:46Z, git hash: 3ce520221d0240229c862b122d2b06c12a625732
2019-10-22 02:31:48,962 [main] INFO  handler.ContextHandler (ContextHandler.java:doStart(781)) - Started o.e.j.s.ServletContextHandler@46c269e0{/logs,file:///workdir/hadoop-ozone/integration-test/target/log,AVAILABLE}
2019-10-22 02:31:48,963 [main] INFO  handler.ContextHandler (ContextHandler.java:doStart(781)) - Started o.e.j.s.ServletContextHandler@6069dd38{/static,jar:file:/home/user/.m2/repository/org/apache/hadoop/hadoop-hdds-container-service/0.5.0-SNAPSHOT/hadoop-hdds-container-service-0.5.0-SNAPSHOT.jar!/webapps/static,AVAILABLE}
2019-10-22 02:31:49,003 [main] INFO  handler.ContextHandler (ContextHandler.java:doStart(781)) - Started o.e.j.w.WebAppContext@476fe690{/,file:///tmp/jetty-0.0.0.0-37570-hddsDatanode-_-any-5146544135138652714.dir/webapp/,AVAILABLE}{/hddsDatanode}
2019-10-22 02:31:49,005 [main] INFO  server.AbstractConnector (AbstractConnector.java:doStart(278)) - Started ServerConnector@7a0e7ecd{HTTP/1.1,[http/1.1]}{0.0.0.0:37570}
2019-10-22 02:31:49,005 [main] INFO  server.Server (Server.java:doStart(419)) - Started @12546ms
2019-10-22 02:31:49,006 [main] WARN  impl.MetricsSystemImpl (MetricsSystemImpl.java:register(276)) - Sink prometheus already exists!
2019-10-22 02:31:49,007 [main] INFO  server.BaseHttpServer (BaseHttpServer.java:updateConnectorAddress(215)) - HTTP server of HDDSDATANODE is listening at http://0.0.0.0:37570
2019-10-22 02:31:49,008 [main] INFO  ozone.MiniOzoneClusterImpl (MiniOzoneClusterImpl.java:lambda$waitForClusterToBeReady$0(147)) - Waiting for cluster to be ready. Got 0 of 3 DN Heartbeats.
2019-10-22 02:31:49,010 [org.apache.hadoop.util.JvmPauseMonitor$Monitor@57da4b0] INFO  util.JvmPauseMonitor (JvmPauseMonitor.java:run(188)) - Starting JVM pause monitor
2019-10-22 02:31:49,013 [Datanode State Machine Thread - 0] INFO  datanode.InitDatanodeState (InitDatanodeState.java:persistContainerDatanodeDetails(140)) - DatanodeDetails is persisted to /workdir/hadoop-ozone/integration-test/target/test-dir/MiniOzoneClusterImpl-1e1cbef6-da44-444b-ac78-b5a442d7a72a/datanode-2/meta/datanode.id
2019-10-22 02:31:50,009 [main] INFO  ozone.MiniOzoneClusterImpl (MiniOzoneClusterImpl.java:lambda$waitForClusterToBeReady$0(147)) - Waiting for cluster to be ready. Got 0 of 3 DN Heartbeats.
2019-10-22 02:31:50,896 [Datanode State Machine Thread - 0] INFO  ozoneimpl.OzoneContainer (OzoneContainer.java:start(213)) - Attempting to start container services.
2019-10-22 02:31:50,900 [Datanode State Machine Thread - 0] INFO  ozoneimpl.OzoneContainer (OzoneContainer.java:startContainerScrub(177)) - Background container scanner has been disabled.
2019-10-22 02:31:50,900 [Datanode State Machine Thread - 0] INFO  ratis.XceiverServerRatis (XceiverServerRatis.java:start(418)) - Starting XceiverServerRatis 6dc62414-4100-415b-916b-e9f0081ca22e at port 0
2019-10-22 02:31:50,930 [Datanode State Machine Thread - 0] INFO  impl.RaftServerProxy (RaftServerProxy.java:lambda$start$3(299)) - 6dc62414-4100-415b-916b-e9f0081ca22e: start RPC server
2019-10-22 02:31:50,961 [Datanode State Machine Thread - 0] INFO  ozoneimpl.OzoneContainer (OzoneContainer.java:start(213)) - Attempting to start container services.
2019-10-22 02:31:50,966 [Datanode State Machine Thread - 0] INFO  ozoneimpl.OzoneContainer (OzoneContainer.java:startContainerScrub(177)) - Background container scanner has been disabled.
2019-10-22 02:31:50,966 [Datanode State Machine Thread - 0] INFO  ratis.XceiverServerRatis (XceiverServerRatis.java:start(418)) - Starting XceiverServerRatis ddae0d8b-c866-4e5c-81a7-eef12a7bc666 at port 0
2019-10-22 02:31:50,977 [Datanode State Machine Thread - 0] INFO  impl.RaftServerProxy (RaftServerProxy.java:lambda$start$3(299)) - ddae0d8b-c866-4e5c-81a7-eef12a7bc666: start RPC server
2019-10-22 02:31:51,009 [main] INFO  ozone.MiniOzoneClusterImpl (MiniOzoneClusterImpl.java:lambda$waitForClusterToBeReady$0(147)) - Waiting for cluster to be ready. Got 0 of 3 DN Heartbeats.
2019-10-22 02:31:51,022 [Datanode State Machine Thread - 0] INFO  ozoneimpl.OzoneContainer (OzoneContainer.java:start(213)) - Attempting to start container services.
2019-10-22 02:31:51,023 [Datanode State Machine Thread - 0] INFO  ozoneimpl.OzoneContainer (OzoneContainer.java:startContainerScrub(177)) - Background container scanner has been disabled.
2019-10-22 02:31:51,023 [Datanode State Machine Thread - 0] INFO  ratis.XceiverServerRatis (XceiverServerRatis.java:start(418)) - Starting XceiverServerRatis 6f2be65d-ce7d-4814-9a9f-e49d79835c35 at port 0
2019-10-22 02:31:51,034 [Datanode State Machine Thread - 0] INFO  impl.RaftServerProxy (RaftServerProxy.java:lambda$start$3(299)) - 6f2be65d-ce7d-4814-9a9f-e49d79835c35: start RPC server
2019-10-22 02:31:51,083 [Datanode State Machine Thread - 0] INFO  server.GrpcService (GrpcService.java:startImpl(158)) - 6f2be65d-ce7d-4814-9a9f-e49d79835c35: GrpcService started, listening on 0.0.0.0/0.0.0.0:36170
2019-10-22 02:31:51,083 [Datanode State Machine Thread - 0] INFO  server.GrpcService (GrpcService.java:startImpl(158)) - ddae0d8b-c866-4e5c-81a7-eef12a7bc666: GrpcService started, listening on 0.0.0.0/0.0.0.0:38819
2019-10-22 02:31:51,083 [Datanode State Machine Thread - 0] INFO  server.GrpcService (GrpcService.java:startImpl(158)) - 6dc62414-4100-415b-916b-e9f0081ca22e: GrpcService started, listening on 0.0.0.0/0.0.0.0:40542
2019-10-22 02:31:51,084 [Datanode State Machine Thread - 0] INFO  ratis.XceiverServerRatis (XceiverServerRatis.java:start(428)) - XceiverServerRatis ddae0d8b-c866-4e5c-81a7-eef12a7bc666 is started using port 38819
2019-10-22 02:31:51,083 [Datanode State Machine Thread - 0] INFO  ratis.XceiverServerRatis (XceiverServerRatis.java:start(428)) - XceiverServerRatis 6f2be65d-ce7d-4814-9a9f-e49d79835c35 is started using port 36170
2019-10-22 02:31:51,084 [Datanode State Machine Thread - 0] INFO  ratis.XceiverServerRatis (XceiverServerRatis.java:start(428)) - XceiverServerRatis 6dc62414-4100-415b-916b-e9f0081ca22e is started using port 40542
2019-10-22 02:31:51,088 [Datanode State Machine Thread - 0] INFO  server.XceiverServerGrpc (XceiverServerGrpc.java:start(149)) - XceiverServerGrpc ddae0d8b-c866-4e5c-81a7-eef12a7bc666 is started using port 41111
2019-10-22 02:31:51,088 [Datanode State Machine Thread - 0] INFO  server.XceiverServerGrpc (XceiverServerGrpc.java:start(149)) - XceiverServerGrpc 6f2be65d-ce7d-4814-9a9f-e49d79835c35 is started using port 36125
2019-10-22 02:31:51,088 [Datanode State Machine Thread - 0] INFO  server.XceiverServerGrpc (XceiverServerGrpc.java:start(149)) - XceiverServerGrpc 6dc62414-4100-415b-916b-e9f0081ca22e is started using port 39492
2019-10-22 02:31:52,011 [main] INFO  ozone.MiniOzoneClusterImpl (MiniOzoneClusterImpl.java:lambda$waitForClusterToBeReady$0(147)) - Waiting for cluster to be ready. Got 0 of 3 DN Heartbeats.
2019-10-22 02:31:52,833 [IPC Server handler 3 on 35272] INFO  net.NetworkTopology (NetworkTopologyImpl.java:add(111)) - Added a new node: /default-rack/6dc62414-4100-415b-916b-e9f0081ca22e
2019-10-22 02:31:52,833 [IPC Server handler 3 on 35272] INFO  node.SCMNodeManager (SCMNodeManager.java:register(268)) - Registered Data node : 6dc62414-4100-415b-916b-e9f0081ca22e{ip: 192.168.34.14, host: pr-hdds-1643-hlxn2-3599243457, networkLocation: /default-rack, certSerialId: null}
2019-10-22 02:31:52,837 [EventQueue-NodeRegistrationContainerReportForDataNodeSafeModeRule] INFO  safemode.SCMSafeModeManager (DataNodeSafeModeRule.java:process(71)) - SCM in safe mode. 1 DataNodes registered, 1 required.
2019-10-22 02:31:52,839 [EventQueue-NodeRegistrationContainerReportForDataNodeSafeModeRule] INFO  safemode.SCMSafeModeManager (SCMSafeModeManager.java:validateSafeModeExitRules(177)) - ScmSafeModeManager, all rules are successfully validated
2019-10-22 02:31:52,839 [EventQueue-NodeRegistrationContainerReportForDataNodeSafeModeRule] INFO  safemode.SCMSafeModeManager (SCMSafeModeManager.java:exitSafeMode(193)) - SCM exiting safe mode.
2019-10-22 02:31:52,911 [IPC Server handler 1 on 35272] INFO  net.NetworkTopology (NetworkTopologyImpl.java:add(111)) - Added a new node: /default-rack/ddae0d8b-c866-4e5c-81a7-eef12a7bc666
2019-10-22 02:31:52,913 [IPC Server handler 1 on 35272] INFO  node.SCMNodeManager (SCMNodeManager.java:register(268)) - Registered Data node : ddae0d8b-c866-4e5c-81a7-eef12a7bc666{ip: 192.168.34.14, host: pr-hdds-1643-hlxn2-3599243457, networkLocation: /default-rack, certSerialId: null}
2019-10-22 02:31:53,011 [main] INFO  ozone.MiniOzoneClusterImpl (MiniOzoneClusterImpl.java:lambda$waitForClusterToBeReady$0(147)) - Waiting for cluster to be ready. Got 2 of 3 DN Heartbeats.
2019-10-22 02:31:53,014 [IPC Server handler 3 on 35272] INFO  net.NetworkTopology (NetworkTopologyImpl.java:add(111)) - Added a new node: /default-rack/6f2be65d-ce7d-4814-9a9f-e49d79835c35
2019-10-22 02:31:53,014 [IPC Server handler 3 on 35272] INFO  node.SCMNodeManager (SCMNodeManager.java:register(268)) - Registered Data node : 6f2be65d-ce7d-4814-9a9f-e49d79835c35{ip: 192.168.34.14, host: pr-hdds-1643-hlxn2-3599243457, networkLocation: /default-rack, certSerialId: null}
2019-10-22 02:31:53,372 [grpc-default-executor-0] INFO  impl.RaftServerProxy (RaftServerProxy.java:addNew(89)) - 6dc62414-4100-415b-916b-e9f0081ca22e: addNew group-7CB034D61BF5:[6dc62414-4100-415b-916b-e9f0081ca22e:192.168.34.14:40542] returns group-7CB034D61BF5:java.util.concurrent.CompletableFuture@14f007cf[Not completed]
2019-10-22 02:31:53,388 [pool-27-thread-1] INFO  impl.RaftServerImpl (RaftServerImpl.java:<init>(104)) - 6dc62414-4100-415b-916b-e9f0081ca22e: new RaftServerImpl for group-7CB034D61BF5:[6dc62414-4100-415b-916b-e9f0081ca22e:192.168.34.14:40542] with ContainerStateMachine:uninitialized
2019-10-22 02:31:53,391 [pool-27-thread-1] INFO  server.RaftServerConfigKeys (ConfUtils.java:logGet(43)) - raft.server.rpc.timeout.min = 5s (custom)
2019-10-22 02:31:53,392 [pool-27-thread-1] INFO  server.RaftServerConfigKeys (ConfUtils.java:logGet(43)) - raft.server.rpc.timeout.max = 5200ms (custom)
2019-10-22 02:31:53,392 [pool-27-thread-1] INFO  server.RaftServerConfigKeys (ConfUtils.java:logGet(43)) - raft.server.rpcslowness.timeout = 1000s (custom)
2019-10-22 02:31:53,393 [pool-27-thread-1] INFO  server.RaftServerConfigKeys (ConfUtils.java:logGet(43)) - raft.server.sleep.deviation.threshold = 300 (default)
2019-10-22 02:31:53,394 [pool-27-thread-1] INFO  server.RaftServerConfigKeys (ConfUtils.java:logGet(43)) - raft.server.log.appender.install.snapshot.enabled = false (custom)
2019-10-22 02:31:53,404 [pool-27-thread-1] INFO  impl.RaftServerImpl (ServerState.java:<init>(103)) - 6dc62414-4100-415b-916b-e9f0081ca22e@group-7CB034D61BF5: ConfigurationManager, init=-1: [6dc62414-4100-415b-916b-e9f0081ca22e:192.168.34.14:40542], old=null, confs=<EMPTY_MAP>
2019-10-22 02:31:53,405 [pool-27-thread-1] INFO  server.RaftServerConfigKeys (ConfUtils.java:logGet(43)) - raft.server.storage.dir = [/workdir/hadoop-ozone/integration-test/target/test-dir/MiniOzoneClusterImpl-1e1cbef6-da44-444b-ac78-b5a442d7a72a/datanode-0/data/ratis] (custom)
2019-10-22 02:31:53,413 [pool-27-thread-1] INFO  server.RaftServerConfigKeys (ConfUtils.java:logGet(43)) - raft.server.log.corruption.policy = EXCEPTION (default)
2019-10-22 02:31:53,415 [pool-27-thread-1] INFO  storage.RaftStorageDirectory (RaftStorageDirectory.java:analyzeStorage(246)) - The storage directory /workdir/hadoop-ozone/integration-test/target/test-dir/MiniOzoneClusterImpl-1e1cbef6-da44-444b-ac78-b5a442d7a72a/datanode-0/data/ratis/182a90d9-9657-4cdb-ac56-7cb034d61bf5 does not exist. Creating ...
2019-10-22 02:31:53,448 [pool-27-thread-1] INFO  storage.RaftStorageDirectory (RaftStorageDirectory.java:tryLock(328)) - Lock on /workdir/hadoop-ozone/integration-test/target/test-dir/MiniOzoneClusterImpl-1e1cbef6-da44-444b-ac78-b5a442d7a72a/datanode-0/data/ratis/182a90d9-9657-4cdb-ac56-7cb034d61bf5/in_use.lock acquired by nodename 8361@pr-hdds-1643-hlxn2-3599243457
2019-10-22 02:31:53,457 [pool-27-thread-1] INFO  storage.RaftStorage (RaftStorage.java:format(84)) - Storage directory /workdir/hadoop-ozone/integration-test/target/test-dir/MiniOzoneClusterImpl-1e1cbef6-da44-444b-ac78-b5a442d7a72a/datanode-0/data/ratis/182a90d9-9657-4cdb-ac56-7cb034d61bf5 has been successfully formatted.
2019-10-22 02:31:53,460 [pool-27-thread-1] INFO  ratis.ContainerStateMachine (ContainerStateMachine.java:loadSnapshot(231)) - group-7CB034D61BF5: The snapshot info is null. Setting the last applied indexto:(t:0, i:~)
2019-10-22 02:31:53,460 [pool-27-thread-1] INFO  server.RaftServerConfigKeys (ConfUtils.java:logGet(43)) - raft.server.notification.no-leader.timeout = 1000s (custom)
2019-10-22 02:31:53,463 [pool-27-thread-1] INFO  server.RaftServerConfigKeys (ConfUtils.java:logGet(43)) - raft.server.log.use.memory = false (default)
2019-10-22 02:31:53,470 [pool-27-thread-1] INFO  server.RaftServerConfigKeys (ConfUtils.java:logGet(43)) - raft.server.log.purge.gap = 1000000 (custom)
2019-10-22 02:31:53,470 [pool-27-thread-1] INFO  server.RaftServerConfigKeys (ConfUtils.java:logGet(43)) - raft.server.log.appender.buffer.byte-limit = 33554432 (custom)
2019-10-22 02:31:53,473 [pool-27-thread-1] INFO  server.RaftServerConfigKeys (ConfUtils.java:logGet(43)) - raft.server.log.segment.size.max = 1048576 (custom)
2019-10-22 02:31:53,475 [pool-27-thread-1] INFO  impl.MetricsSystemImpl (MetricsSystemImpl.java:init(158)) - ratis metrics system started (again)
2019-10-22 02:31:53,483 [pool-27-thread-1] INFO  metrics.MetricRegistries (MetricRegistriesLoader.java:load(64)) - Loaded MetricRegistries class org.apache.ratis.metrics.impl.MetricRegistriesImpl
2019-10-22 02:31:53,526 [pool-27-thread-1] INFO  server.RaftServerConfigKeys (ConfUtils.java:logGet(43)) - raft.server.log.segment.cache.num.max = 2 (custom)
2019-10-22 02:31:53,532 [pool-27-thread-1] INFO  segmented.SegmentedRaftLogWorker (SegmentedRaftLogWorker.java:<init>(173)) - new 6dc62414-4100-415b-916b-e9f0081ca22e@group-7CB034D61BF5-SegmentedRaftLogWorker for RaftStorage:Storage Directory /workdir/hadoop-ozone/integration-test/target/test-dir/MiniOzoneClusterImpl-1e1cbef6-da44-444b-ac78-b5a442d7a72a/datanode-0/data/ratis/182a90d9-9657-4cdb-ac56-7cb034d61bf5
2019-10-22 02:31:53,532 [pool-27-thread-1] INFO  server.RaftServerConfigKeys (ConfUtils.java:logGet(43)) - raft.server.log.queue.byte-limit = 2147483647 (custom)
2019-10-22 02:31:53,533 [pool-27-thread-1] INFO  server.RaftServerConfigKeys (ConfUtils.java:logGet(43)) - raft.server.log.queue.element-limit = 1024 (custom)
2019-10-22 02:31:53,534 [pool-27-thread-1] INFO  server.RaftServerConfigKeys (ConfUtils.java:logGet(43)) - raft.server.log.segment.size.max = 1048576 (custom)
2019-10-22 02:31:53,535 [pool-27-thread-1] INFO  server.RaftServerConfigKeys (ConfUtils.java:logGet(43)) - raft.server.log.preallocated.size = 16384 (custom)
2019-10-22 02:31:53,535 [pool-27-thread-1] INFO  server.RaftServerConfigKeys (ConfUtils.java:logGet(43)) - raft.server.log.write.buffer.size = 33554432 (custom)
2019-10-22 02:31:53,536 [pool-27-thread-1] INFO  server.RaftServerConfigKeys (ConfUtils.java:logGet(43)) - raft.server.log.force.sync.num = 128 (default)
2019-10-22 02:31:53,537 [pool-27-thread-1] INFO  server.RaftServerConfigKeys (ConfUtils.java:logGet(43)) - raft.server.log.statemachine.data.sync = true (default)
2019-10-22 02:31:53,537 [pool-27-thread-1] INFO  server.RaftServerConfigKeys (ConfUtils.java:logGet(43)) - raft.server.log.statemachine.data.sync.timeout = 10s (default)
2019-10-22 02:31:53,537 [pool-27-thread-1] INFO  server.RaftServerConfigKeys (ConfUtils.java:logGet(43)) - raft.server.log.statemachine.data.sync.timeout.retry = -1 (default)
2019-10-22 02:31:53,548 [pool-27-thread-1] INFO  server.RaftServerConfigKeys (ConfUtils.java:logGet(43)) - raft.server.log.statemachine.data.caching.enabled = true (custom)
2019-10-22 02:31:53,553 [pool-27-thread-1] INFO  segmented.SegmentedRaftLogWorker (SegmentedRaftLogWorker.java:lambda$new$0(128)) - 6dc62414-4100-415b-916b-e9f0081ca22e@group-7CB034D61BF5-SegmentedRaftLogWorker: flushIndex: setUnconditionally 0 -> -1
2019-10-22 02:31:53,557 [pool-27-thread-1] INFO  server.RaftServerConfigKeys (ConfUtils.java:logGet(43)) - raft.server.snapshot.auto.trigger.enabled = true (custom)
2019-10-22 02:31:53,558 [pool-27-thread-1] INFO  server.RaftServerConfigKeys (ConfUtils.java:logGet(43)) - raft.server.snapshot.auto.trigger.threshold = 10000 (custom)
2019-10-22 02:31:53,558 [pool-27-thread-1] INFO  server.RaftServerConfigKeys (ConfUtils.java:logGet(43)) - raft.server.snapshot.retention.file.num = 5 (custom)
2019-10-22 02:31:53,559 [pool-27-thread-1] INFO  server.RaftServerConfigKeys (ConfUtils.java:logGet(43)) - raft.server.retrycache.expirytime = 600000ms (custom)
2019-10-22 02:31:53,586 [pool-27-thread-1] INFO  impl.RaftServerImpl (RaftServerImpl.java:start(195)) - 6dc62414-4100-415b-916b-e9f0081ca22e@group-7CB034D61BF5: start as a follower, conf=-1: [6dc62414-4100-415b-916b-e9f0081ca22e:192.168.34.14:40542], old=null
2019-10-22 02:31:53,587 [pool-27-thread-1] INFO  impl.RaftServerImpl (RaftServerImpl.java:setRole(184)) - 6dc62414-4100-415b-916b-e9f0081ca22e@group-7CB034D61BF5: changes role from      null to FOLLOWER at term 0 for startAsFollower
2019-10-22 02:31:53,588 [pool-27-thread-1] INFO  impl.RoleInfo (RoleInfo.java:updateAndGet(143)) - 6dc62414-4100-415b-916b-e9f0081ca22e: start FollowerState
2019-10-22 02:31:53,592 [Thread-186] INFO  impl.FollowerState (FollowerState.java:run(108)) - 6dc62414-4100-415b-916b-e9f0081ca22e@group-7CB034D61BF5-FollowerState: change to CANDIDATE, lastRpcTime:4ms, electionTimeout:2ms
2019-10-22 02:31:53,596 [pool-27-thread-1] INFO  util.JmxRegister (JmxRegister.java:tryRegister(44)) - Successfully registered JMX Bean with object name Ratis:service=RaftServer,group=group-7CB034D61BF5,id=6dc62414-4100-415b-916b-e9f0081ca22e
2019-10-22 02:31:53,598 [Thread-186] INFO  impl.RoleInfo (RoleInfo.java:shutdownFollowerState(121)) - 6dc62414-4100-415b-916b-e9f0081ca22e: shutdown FollowerState
2019-10-22 02:31:53,599 [Thread-186] INFO  impl.RaftServerImpl (RaftServerImpl.java:setRole(184)) - 6dc62414-4100-415b-916b-e9f0081ca22e@group-7CB034D61BF5: changes role from  FOLLOWER to CANDIDATE at term 0 for changeToCandidate
2019-10-22 02:31:53,604 [Thread-186] INFO  impl.RoleInfo (RoleInfo.java:updateAndGet(143)) - 6dc62414-4100-415b-916b-e9f0081ca22e: start LeaderElection
2019-10-22 02:31:53,617 [6dc62414-4100-415b-916b-e9f0081ca22e@group-7CB034D61BF5-LeaderElection1] INFO  impl.LeaderElection (LeaderElection.java:askForVotes(178)) - 6dc62414-4100-415b-916b-e9f0081ca22e@group-7CB034D61BF5-LeaderElection1: begin an election at term 1 for -1: [6dc62414-4100-415b-916b-e9f0081ca22e:192.168.34.14:40542], old=null
2019-10-22 02:31:53,618 [6dc62414-4100-415b-916b-e9f0081ca22e@group-7CB034D61BF5-LeaderElection1] INFO  impl.RoleInfo (RoleInfo.java:shutdownLeaderElection(134)) - 6dc62414-4100-415b-916b-e9f0081ca22e: shutdown LeaderElection
2019-10-22 02:31:53,619 [6dc62414-4100-415b-916b-e9f0081ca22e@group-7CB034D61BF5-LeaderElection1] INFO  impl.RaftServerImpl (RaftServerImpl.java:setRole(184)) - 6dc62414-4100-415b-916b-e9f0081ca22e@group-7CB034D61BF5: changes role from CANDIDATE to LEADER at term 1 for changeToLeader
2019-10-22 02:31:53,619 [6dc62414-4100-415b-916b-e9f0081ca22e@group-7CB034D61BF5-LeaderElection1] INFO  impl.RaftServerImpl (ServerState.java:setLeader(256)) - 6dc62414-4100-415b-916b-e9f0081ca22e@group-7CB034D61BF5: change Leader from null to 6dc62414-4100-415b-916b-e9f0081ca22e at term 1 for becomeLeader, leader elected after 158ms
2019-10-22 02:31:53,623 [6dc62414-4100-415b-916b-e9f0081ca22e@group-7CB034D61BF5-LeaderElection1] INFO  server.RaftServerConfigKeys (ConfUtils.java:logGet(43)) - raft.server.staging.catchup.gap = 1000 (default)
2019-10-22 02:31:53,623 [6dc62414-4100-415b-916b-e9f0081ca22e@group-7CB034D61BF5-LeaderElection1] INFO  server.RaftServerConfigKeys (ConfUtils.java:logGet(43)) - raft.server.rpc.sleep.time = 25ms (default)
2019-10-22 02:31:53,627 [6dc62414-4100-415b-916b-e9f0081ca22e@group-7CB034D61BF5-LeaderElection1] INFO  server.RaftServerConfigKeys (ConfUtils.java:logGet(43)) - raft.server.write.element-limit = 4096 (default)
2019-10-22 02:31:53,629 [6dc62414-4100-415b-916b-e9f0081ca22e@group-7CB034D61BF5-LeaderElection1] INFO  server.RaftServerConfigKeys (ConfUtils.java:logGet(43)) - raft.server.watch.timeout = 10s (default)
2019-10-22 02:31:53,629 [6dc62414-4100-415b-916b-e9f0081ca22e@group-7CB034D61BF5-LeaderElection1] INFO  server.RaftServerConfigKeys (ConfUtils.java:logGet(43)) - raft.server.watch.timeout.denomination = 1s (default)
2019-10-22 02:31:53,630 [6dc62414-4100-415b-916b-e9f0081ca22e@group-7CB034D61BF5-LeaderElection1] INFO  server.RaftServerConfigKeys (ConfUtils.java:logGet(43)) - raft.server.watch.element-limit = 65536 (default)
2019-10-22 02:31:53,664 [6dc62414-4100-415b-916b-e9f0081ca22e@group-7CB034D61BF5-LeaderElection1] INFO  impl.RoleInfo (RoleInfo.java:updateAndGet(143)) - 6dc62414-4100-415b-916b-e9f0081ca22e: start LeaderState
2019-10-22 02:31:53,686 [6dc62414-4100-415b-916b-e9f0081ca22e@group-7CB034D61BF5-LeaderElection1] INFO  segmented.SegmentedRaftLogWorker (SegmentedRaftLogWorker.java:startLogSegment(385)) - 6dc62414-4100-415b-916b-e9f0081ca22e@group-7CB034D61BF5-SegmentedRaftLogWorker: Starting segment from index:0
2019-10-22 02:31:53,696 [RatisPipelineUtilsThread] INFO  pipeline.PipelineStateManager (PipelineStateManager.java:addPipeline(56)) - Created pipeline Pipeline[ Id: 182a90d9-9657-4cdb-ac56-7cb034d61bf5, Nodes: 6dc62414-4100-415b-916b-e9f0081ca22e{ip: 192.168.34.14, host: pr-hdds-1643-hlxn2-3599243457, networkLocation: /default-rack, certSerialId: null}, Type:RATIS, Factor:ONE, State:OPEN]
2019-10-22 02:31:53,698 [6dc62414-4100-415b-916b-e9f0081ca22e@group-7CB034D61BF5-LeaderElection1] INFO  impl.RaftServerImpl (ServerState.java:setRaftConf(357)) - 6dc62414-4100-415b-916b-e9f0081ca22e@group-7CB034D61BF5: set configuration 0: [6dc62414-4100-415b-916b-e9f0081ca22e:192.168.34.14:40542], old=null at 0
2019-10-22 02:31:53,718 [grpc-default-executor-0] INFO  impl.RaftServerProxy (RaftServerProxy.java:addNew(89)) - ddae0d8b-c866-4e5c-81a7-eef12a7bc666: addNew group-FE2B04A99C72:[ddae0d8b-c866-4e5c-81a7-eef12a7bc666:192.168.34.14:38819] returns group-FE2B04A99C72:java.util.concurrent.CompletableFuture@9065e26[Not completed]
2019-10-22 02:31:53,721 [pool-37-thread-1] INFO  impl.RaftServerImpl (RaftServerImpl.java:<init>(104)) - ddae0d8b-c866-4e5c-81a7-eef12a7bc666: new RaftServerImpl for group-FE2B04A99C72:[ddae0d8b-c866-4e5c-81a7-eef12a7bc666:192.168.34.14:38819] with ContainerStateMachine:uninitialized
2019-10-22 02:31:53,721 [pool-37-thread-1] INFO  server.RaftServerConfigKeys (ConfUtils.java:logGet(43)) - raft.server.rpc.timeout.min = 5s (custom)
2019-10-22 02:31:53,722 [pool-37-thread-1] INFO  server.RaftServerConfigKeys (ConfUtils.java:logGet(43)) - raft.server.rpc.timeout.max = 5200ms (custom)
2019-10-22 02:31:53,722 [pool-37-thread-1] INFO  server.RaftServerConfigKeys (ConfUtils.java:logGet(43)) - raft.server.rpcslowness.timeout = 1000s (custom)
2019-10-22 02:31:53,722 [pool-37-thread-1] INFO  server.RaftServerConfigKeys (ConfUtils.java:logGet(43)) - raft.server.sleep.deviation.threshold = 300 (default)
2019-10-22 02:31:53,722 [pool-37-thread-1] INFO  server.RaftServerConfigKeys (ConfUtils.java:logGet(43)) - raft.server.log.appender.install.snapshot.enabled = false (custom)
2019-10-22 02:31:53,722 [pool-37-thread-1] INFO  impl.RaftServerImpl (ServerState.java:<init>(103)) - ddae0d8b-c866-4e5c-81a7-eef12a7bc666@group-FE2B04A99C72: ConfigurationManager, init=-1: [ddae0d8b-c866-4e5c-81a7-eef12a7bc666:192.168.34.14:38819], old=null, confs=<EMPTY_MAP>
2019-10-22 02:31:53,723 [pool-37-thread-1] INFO  server.RaftServerConfigKeys (ConfUtils.java:logGet(43)) - raft.server.storage.dir = [/workdir/hadoop-ozone/integration-test/target/test-dir/MiniOzoneClusterImpl-1e1cbef6-da44-444b-ac78-b5a442d7a72a/datanode-1/data/ratis] (custom)
2019-10-22 02:31:53,723 [pool-37-thread-1] INFO  server.RaftServerConfigKeys (ConfUtils.java:logGet(43)) - raft.server.log.corruption.policy = EXCEPTION (default)
2019-10-22 02:31:53,723 [pool-37-thread-1] INFO  storage.RaftStorageDirectory (RaftStorageDirectory.java:analyzeStorage(246)) - The storage directory /workdir/hadoop-ozone/integration-test/target/test-dir/MiniOzoneClusterImpl-1e1cbef6-da44-444b-ac78-b5a442d7a72a/datanode-1/data/ratis/c30a6b85-d0ce-4178-94c0-fe2b04a99c72 does not exist. Creating ...
2019-10-22 02:31:53,734 [pool-37-thread-1] INFO  storage.RaftStorageDirectory (RaftStorageDirectory.java:tryLock(328)) - Lock on /workdir/hadoop-ozone/integration-test/target/test-dir/MiniOzoneClusterImpl-1e1cbef6-da44-444b-ac78-b5a442d7a72a/datanode-1/data/ratis/c30a6b85-d0ce-4178-94c0-fe2b04a99c72/in_use.lock acquired by nodename 8361@pr-hdds-1643-hlxn2-3599243457
2019-10-22 02:31:53,750 [pool-37-thread-1] INFO  storage.RaftStorage (RaftStorage.java:format(84)) - Storage directory /workdir/hadoop-ozone/integration-test/target/test-dir/MiniOzoneClusterImpl-1e1cbef6-da44-444b-ac78-b5a442d7a72a/datanode-1/data/ratis/c30a6b85-d0ce-4178-94c0-fe2b04a99c72 has been successfully formatted.
2019-10-22 02:31:53,751 [pool-37-thread-1] INFO  ratis.ContainerStateMachine (ContainerStateMachine.java:loadSnapshot(231)) - group-FE2B04A99C72: The snapshot info is null. Setting the last applied indexto:(t:0, i:~)
2019-10-22 02:31:53,754 [pool-37-thread-1] INFO  server.RaftServerConfigKeys (ConfUtils.java:logGet(43)) - raft.server.notification.no-leader.timeout = 1000s (custom)
2019-10-22 02:31:53,754 [pool-37-thread-1] INFO  server.RaftServerConfigKeys (ConfUtils.java:logGet(43)) - raft.server.log.use.memory = false (default)
2019-10-22 02:31:53,754 [pool-37-thread-1] INFO  server.RaftServerConfigKeys (ConfUtils.java:logGet(43)) - raft.server.log.purge.gap = 1000000 (custom)
2019-10-22 02:31:53,754 [pool-37-thread-1] INFO  server.RaftServerConfigKeys (ConfUtils.java:logGet(43)) - raft.server.log.appender.buffer.byte-limit = 33554432 (custom)
2019-10-22 02:31:53,755 [pool-37-thread-1] INFO  server.RaftServerConfigKeys (ConfUtils.java:logGet(43)) - raft.server.log.segment.size.max = 1048576 (custom)
2019-10-22 02:31:53,773 [pool-37-thread-1] INFO  server.RaftServerConfigKeys (ConfUtils.java:logGet(43)) - raft.server.log.segment.cache.num.max = 2 (custom)
2019-10-22 02:31:53,773 [pool-37-thread-1] INFO  segmented.SegmentedRaftLogWorker (SegmentedRaftLogWorker.java:<init>(173)) - new ddae0d8b-c866-4e5c-81a7-eef12a7bc666@group-FE2B04A99C72-SegmentedRaftLogWorker for RaftStorage:Storage Directory /workdir/hadoop-ozone/integration-test/target/test-dir/MiniOzoneClusterImpl-1e1cbef6-da44-444b-ac78-b5a442d7a72a/datanode-1/data/ratis/c30a6b85-d0ce-4178-94c0-fe2b04a99c72
2019-10-22 02:31:53,773 [pool-37-thread-1] INFO  server.RaftServerConfigKeys (ConfUtils.java:logGet(43)) - raft.server.log.queue.byte-limit = 2147483647 (custom)
2019-10-22 02:31:53,773 [pool-37-thread-1] INFO  server.RaftServerConfigKeys (ConfUtils.java:logGet(43)) - raft.server.log.queue.element-limit = 1024 (custom)
2019-10-22 02:31:53,774 [pool-37-thread-1] INFO  server.RaftServerConfigKeys (ConfUtils.java:logGet(43)) - raft.server.log.segment.size.max = 1048576 (custom)
2019-10-22 02:31:53,774 [pool-37-thread-1] INFO  server.RaftServerConfigKeys (ConfUtils.java:logGet(43)) - raft.server.log.preallocated.size = 16384 (custom)
2019-10-22 02:31:53,774 [pool-37-thread-1] INFO  server.RaftServerConfigKeys (ConfUtils.java:logGet(43)) - raft.server.log.write.buffer.size = 33554432 (custom)
2019-10-22 02:31:53,774 [pool-37-thread-1] INFO  server.RaftServerConfigKeys (ConfUtils.java:logGet(43)) - raft.server.log.force.sync.num = 128 (default)
2019-10-22 02:31:53,774 [pool-37-thread-1] INFO  server.RaftServerConfigKeys (ConfUtils.java:logGet(43)) - raft.server.log.statemachine.data.sync = true (default)
2019-10-22 02:31:53,774 [pool-37-thread-1] INFO  server.RaftServerConfigKeys (ConfUtils.java:logGet(43)) - raft.server.log.statemachine.data.sync.timeout = 10s (default)
2019-10-22 02:31:53,774 [pool-37-thread-1] INFO  server.RaftServerConfigKeys (ConfUtils.java:logGet(43)) - raft.server.log.statemachine.data.sync.timeout.retry = -1 (default)
2019-10-22 02:31:53,775 [pool-37-thread-1] INFO  server.RaftServerConfigKeys (ConfUtils.java:logGet(43)) - raft.server.log.statemachine.data.caching.enabled = true (custom)
2019-10-22 02:31:53,775 [pool-37-thread-1] INFO  segmented.SegmentedRaftLogWorker (SegmentedRaftLogWorker.java:lambda$new$0(128)) - ddae0d8b-c866-4e5c-81a7-eef12a7bc666@group-FE2B04A99C72-SegmentedRaftLogWorker: flushIndex: setUnconditionally 0 -> -1
2019-10-22 02:31:53,776 [pool-37-thread-1] INFO  server.RaftServerConfigKeys (ConfUtils.java:logGet(43)) - raft.server.snapshot.auto.trigger.enabled = true (custom)
2019-10-22 02:31:53,776 [pool-37-thread-1] INFO  server.RaftServerConfigKeys (ConfUtils.java:logGet(43)) - raft.server.snapshot.auto.trigger.threshold = 10000 (custom)
2019-10-22 02:31:53,776 [pool-37-thread-1] INFO  server.RaftServerConfigKeys (ConfUtils.java:logGet(43)) - raft.server.snapshot.retention.file.num = 5 (custom)
2019-10-22 02:31:53,776 [pool-37-thread-1] INFO  server.RaftServerConfigKeys (ConfUtils.java:logGet(43)) - raft.server.retrycache.expirytime = 600000ms (custom)
2019-10-22 02:31:53,783 [pool-37-thread-1] INFO  impl.RaftServerImpl (RaftServerImpl.java:start(195)) - ddae0d8b-c866-4e5c-81a7-eef12a7bc666@group-FE2B04A99C72: start as a follower, conf=-1: [ddae0d8b-c866-4e5c-81a7-eef12a7bc666:192.168.34.14:38819], old=null
2019-10-22 02:31:53,783 [pool-37-thread-1] INFO  impl.RaftServerImpl (RaftServerImpl.java:setRole(184)) - ddae0d8b-c866-4e5c-81a7-eef12a7bc666@group-FE2B04A99C72: changes role from      null to FOLLOWER at term 0 for startAsFollower
2019-10-22 02:31:53,783 [pool-37-thread-1] INFO  impl.RoleInfo (RoleInfo.java:updateAndGet(143)) - ddae0d8b-c866-4e5c-81a7-eef12a7bc666: start FollowerState
2019-10-22 02:31:53,783 [pool-37-thread-1] INFO  util.JmxRegister (JmxRegister.java:tryRegister(44)) - Successfully registered JMX Bean with object name Ratis:service=RaftServer,group=group-FE2B04A99C72,id=ddae0d8b-c866-4e5c-81a7-eef12a7bc666
2019-10-22 02:31:53,795 [RatisPipelineUtilsThread] INFO  pipeline.PipelineStateManager (PipelineStateManager.java:addPipeline(56)) - Created pipeline Pipeline[ Id: c30a6b85-d0ce-4178-94c0-fe2b04a99c72, Nodes: ddae0d8b-c866-4e5c-81a7-eef12a7bc666{ip: 192.168.34.14, host: pr-hdds-1643-hlxn2-3599243457, networkLocation: /default-rack, certSerialId: null}, Type:RATIS, Factor:ONE, State:OPEN]
2019-10-22 02:31:53,809 [Thread-191] INFO  impl.FollowerState (FollowerState.java:run(108)) - ddae0d8b-c866-4e5c-81a7-eef12a7bc666@group-FE2B04A99C72-FollowerState: change to CANDIDATE, lastRpcTime:25ms, electionTimeout:25ms
2019-10-22 02:31:53,809 [Thread-191] INFO  impl.RoleInfo (RoleInfo.java:shutdownFollowerState(121)) - ddae0d8b-c866-4e5c-81a7-eef12a7bc666: shutdown FollowerState
2019-10-22 02:31:53,810 [Thread-191] INFO  impl.RaftServerImpl (RaftServerImpl.java:setRole(184)) - ddae0d8b-c866-4e5c-81a7-eef12a7bc666@group-FE2B04A99C72: changes role from  FOLLOWER to CANDIDATE at term 0 for changeToCandidate
2019-10-22 02:31:53,810 [Thread-191] INFO  impl.RoleInfo (RoleInfo.java:updateAndGet(143)) - ddae0d8b-c866-4e5c-81a7-eef12a7bc666: start LeaderElection
2019-10-22 02:31:53,810 [grpc-default-executor-0] INFO  impl.RaftServerProxy (RaftServerProxy.java:addNew(89)) - 6f2be65d-ce7d-4814-9a9f-e49d79835c35: addNew group-27D5C272B0FE:[6f2be65d-ce7d-4814-9a9f-e49d79835c35:192.168.34.14:36170] returns group-27D5C272B0FE:java.util.concurrent.CompletableFuture@40e6163[Not completed]
2019-10-22 02:31:53,820 [pool-47-thread-1] INFO  impl.RaftServerImpl (RaftServerImpl.java:<init>(104)) - 6f2be65d-ce7d-4814-9a9f-e49d79835c35: new RaftServerImpl for group-27D5C272B0FE:[6f2be65d-ce7d-4814-9a9f-e49d79835c35:192.168.34.14:36170] with ContainerStateMachine:uninitialized
2019-10-22 02:31:53,820 [pool-47-thread-1] INFO  server.RaftServerConfigKeys (ConfUtils.java:logGet(43)) - raft.server.rpc.timeout.min = 5s (custom)
2019-10-22 02:31:53,821 [pool-47-thread-1] INFO  server.RaftServerConfigKeys (ConfUtils.java:logGet(43)) - raft.server.rpc.timeout.max = 5200ms (custom)
2019-10-22 02:31:53,821 [pool-47-thread-1] INFO  server.RaftServerConfigKeys (ConfUtils.java:logGet(43)) - raft.server.rpcslowness.timeout = 1000s (custom)
2019-10-22 02:31:53,821 [pool-47-thread-1] INFO  server.RaftServerConfigKeys (ConfUtils.java:logGet(43)) - raft.server.sleep.deviation.threshold = 300 (default)
2019-10-22 02:31:53,821 [pool-47-thread-1] INFO  server.RaftServerConfigKeys (ConfUtils.java:logGet(43)) - raft.server.log.appender.install.snapshot.enabled = false (custom)
2019-10-22 02:31:53,821 [pool-47-thread-1] INFO  impl.RaftServerImpl (ServerState.java:<init>(103)) - 6f2be65d-ce7d-4814-9a9f-e49d79835c35@group-27D5C272B0FE: ConfigurationManager, init=-1: [6f2be65d-ce7d-4814-9a9f-e49d79835c35:192.168.34.14:36170], old=null, confs=<EMPTY_MAP>
2019-10-22 02:31:53,822 [pool-47-thread-1] INFO  server.RaftServerConfigKeys (ConfUtils.java:logGet(43)) - raft.server.storage.dir = [/workdir/hadoop-ozone/integration-test/target/test-dir/MiniOzoneClusterImpl-1e1cbef6-da44-444b-ac78-b5a442d7a72a/datanode-2/data/ratis] (custom)
2019-10-22 02:31:53,822 [pool-47-thread-1] INFO  server.RaftServerConfigKeys (ConfUtils.java:logGet(43)) - raft.server.log.corruption.policy = EXCEPTION (default)
2019-10-22 02:31:53,822 [pool-47-thread-1] INFO  storage.RaftStorageDirectory (RaftStorageDirectory.java:analyzeStorage(246)) - The storage directory /workdir/hadoop-ozone/integration-test/target/test-dir/MiniOzoneClusterImpl-1e1cbef6-da44-444b-ac78-b5a442d7a72a/datanode-2/data/ratis/9322de82-6691-4836-916e-27d5c272b0fe does not exist. Creating ...
2019-10-22 02:31:53,878 [pool-47-thread-1] INFO  storage.RaftStorageDirectory (RaftStorageDirectory.java:tryLock(328)) - Lock on /workdir/hadoop-ozone/integration-test/target/test-dir/MiniOzoneClusterImpl-1e1cbef6-da44-444b-ac78-b5a442d7a72a/datanode-2/data/ratis/9322de82-6691-4836-916e-27d5c272b0fe/in_use.lock acquired by nodename 8361@pr-hdds-1643-hlxn2-3599243457
2019-10-22 02:31:53,878 [ddae0d8b-c866-4e5c-81a7-eef12a7bc666@group-FE2B04A99C72-LeaderElection2] INFO  impl.LeaderElection (LeaderElection.java:askForVotes(178)) - ddae0d8b-c866-4e5c-81a7-eef12a7bc666@group-FE2B04A99C72-LeaderElection2: begin an election at term 1 for -1: [ddae0d8b-c866-4e5c-81a7-eef12a7bc666:192.168.34.14:38819], old=null
2019-10-22 02:31:53,878 [ddae0d8b-c866-4e5c-81a7-eef12a7bc666@group-FE2B04A99C72-LeaderElection2] INFO  impl.RoleInfo (RoleInfo.java:shutdownLeaderElection(134)) - ddae0d8b-c866-4e5c-81a7-eef12a7bc666: shutdown LeaderElection
2019-10-22 02:31:53,878 [ddae0d8b-c866-4e5c-81a7-eef12a7bc666@group-FE2B04A99C72-LeaderElection2] INFO  impl.RaftServerImpl (RaftServerImpl.java:setRole(184)) - ddae0d8b-c866-4e5c-81a7-eef12a7bc666@group-FE2B04A99C72: changes role from CANDIDATE to LEADER at term 1 for changeToLeader
2019-10-22 02:31:53,878 [ddae0d8b-c866-4e5c-81a7-eef12a7bc666@group-FE2B04A99C72-LeaderElection2] INFO  impl.RaftServerImpl (ServerState.java:setLeader(256)) - ddae0d8b-c866-4e5c-81a7-eef12a7bc666@group-FE2B04A99C72: change Leader from null to ddae0d8b-c866-4e5c-81a7-eef12a7bc666 at term 1 for becomeLeader, leader elected after 124ms
2019-10-22 02:31:53,879 [ddae0d8b-c866-4e5c-81a7-eef12a7bc666@group-FE2B04A99C72-LeaderElection2] INFO  server.RaftServerConfigKeys (ConfUtils.java:logGet(43)) - raft.server.staging.catchup.gap = 1000 (default)
2019-10-22 02:31:53,879 [ddae0d8b-c866-4e5c-81a7-eef12a7bc666@group-FE2B04A99C72-LeaderElection2] INFO  server.RaftServerConfigKeys (ConfUtils.java:logGet(43)) - raft.server.rpc.sleep.time = 25ms (default)
2019-10-22 02:31:53,879 [ddae0d8b-c866-4e5c-81a7-eef12a7bc666@group-FE2B04A99C72-LeaderElection2] INFO  server.RaftServerConfigKeys (ConfUtils.java:logGet(43)) - raft.server.write.element-limit = 4096 (default)
2019-10-22 02:31:53,879 [ddae0d8b-c866-4e5c-81a7-eef12a7bc666@group-FE2B04A99C72-LeaderElection2] INFO  server.RaftServerConfigKeys (ConfUtils.java:logGet(43)) - raft.server.watch.timeout = 10s (default)
2019-10-22 02:31:53,879 [ddae0d8b-c866-4e5c-81a7-eef12a7bc666@group-FE2B04A99C72-LeaderElection2] INFO  server.RaftServerConfigKeys (ConfUtils.java:logGet(43)) - raft.server.watch.timeout.denomination = 1s (default)
2019-10-22 02:31:53,880 [ddae0d8b-c866-4e5c-81a7-eef12a7bc666@group-FE2B04A99C72-LeaderElection2] INFO  server.RaftServerConfigKeys (ConfUtils.java:logGet(43)) - raft.server.watch.element-limit = 65536 (default)
2019-10-22 02:31:53,884 [ddae0d8b-c866-4e5c-81a7-eef12a7bc666@group-FE2B04A99C72-LeaderElection2] INFO  impl.RoleInfo (RoleInfo.java:updateAndGet(143)) - ddae0d8b-c866-4e5c-81a7-eef12a7bc666: start LeaderState
2019-10-22 02:31:53,884 [ddae0d8b-c866-4e5c-81a7-eef12a7bc666@group-FE2B04A99C72-LeaderElection2] INFO  segmented.SegmentedRaftLogWorker (SegmentedRaftLogWorker.java:startLogSegment(385)) - ddae0d8b-c866-4e5c-81a7-eef12a7bc666@group-FE2B04A99C72-SegmentedRaftLogWorker: Starting segment from index:0
2019-10-22 02:31:53,885 [ddae0d8b-c866-4e5c-81a7-eef12a7bc666@group-FE2B04A99C72-LeaderElection2] INFO  impl.RaftServerImpl (ServerState.java:setRaftConf(357)) - ddae0d8b-c866-4e5c-81a7-eef12a7bc666@group-FE2B04A99C72: set configuration 0: [ddae0d8b-c866-4e5c-81a7-eef12a7bc666:192.168.34.14:38819], old=null at 0
2019-10-22 02:31:53,912 [pool-47-thread-1] INFO  storage.RaftStorage (RaftStorage.java:format(84)) - Storage directory /workdir/hadoop-ozone/integration-test/target/test-dir/MiniOzoneClusterImpl-1e1cbef6-da44-444b-ac78-b5a442d7a72a/datanode-2/data/ratis/9322de82-6691-4836-916e-27d5c272b0fe has been successfully formatted.
2019-10-22 02:31:53,912 [6dc62414-4100-415b-916b-e9f0081ca22e@group-7CB034D61BF5-SegmentedRaftLogWorker] INFO  segmented.SegmentedRaftLogWorker (SegmentedRaftLogWorker.java:execute(576)) - 6dc62414-4100-415b-916b-e9f0081ca22e@group-7CB034D61BF5-SegmentedRaftLogWorker: created new log segment /workdir/hadoop-ozone/integration-test/target/test-dir/MiniOzoneClusterImpl-1e1cbef6-da44-444b-ac78-b5a442d7a72a/datanode-0/data/ratis/182a90d9-9657-4cdb-ac56-7cb034d61bf5/current/log_inprogress_0
2019-10-22 02:31:53,913 [pool-47-thread-1] INFO  ratis.ContainerStateMachine (ContainerStateMachine.java:loadSnapshot(231)) - group-27D5C272B0FE: The snapshot info is null. Setting the last applied indexto:(t:0, i:~)
2019-10-22 02:31:53,914 [pool-47-thread-1] INFO  server.RaftServerConfigKeys (ConfUtils.java:logGet(43)) - raft.server.notification.no-leader.timeout = 1000s (custom)
2019-10-22 02:31:53,914 [pool-47-thread-1] INFO  server.RaftServerConfigKeys (ConfUtils.java:logGet(43)) - raft.server.log.use.memory = false (default)
2019-10-22 02:31:53,914 [pool-47-thread-1] INFO  server.RaftServerConfigKeys (ConfUtils.java:logGet(43)) - raft.server.log.purge.gap = 1000000 (custom)
2019-10-22 02:31:53,914 [pool-47-thread-1] INFO  server.RaftServerConfigKeys (ConfUtils.java:logGet(43)) - raft.server.log.appender.buffer.byte-limit = 33554432 (custom)
2019-10-22 02:31:53,915 [pool-47-thread-1] INFO  server.RaftServerConfigKeys (ConfUtils.java:logGet(43)) - raft.server.log.segment.size.max = 1048576 (custom)
2019-10-22 02:31:53,918 [pool-47-thread-1] INFO  server.RaftServerConfigKeys (ConfUtils.java:logGet(43)) - raft.server.log.segment.cache.num.max = 2 (custom)
2019-10-22 02:31:53,918 [pool-47-thread-1] INFO  segmented.SegmentedRaftLogWorker (SegmentedRaftLogWorker.java:<init>(173)) - new 6f2be65d-ce7d-4814-9a9f-e49d79835c35@group-27D5C272B0FE-SegmentedRaftLogWorker for RaftStorage:Storage Directory /workdir/hadoop-ozone/integration-test/target/test-dir/MiniOzoneClusterImpl-1e1cbef6-da44-444b-ac78-b5a442d7a72a/datanode-2/data/ratis/9322de82-6691-4836-916e-27d5c272b0fe
2019-10-22 02:31:53,918 [pool-47-thread-1] INFO  server.RaftServerConfigKeys (ConfUtils.java:logGet(43)) - raft.server.log.queue.byte-limit = 2147483647 (custom)
2019-10-22 02:31:53,918 [pool-47-thread-1] INFO  server.RaftServerConfigKeys (ConfUtils.java:logGet(43)) - raft.server.log.queue.element-limit = 1024 (custom)
2019-10-22 02:31:53,919 [pool-47-thread-1] INFO  server.RaftServerConfigKeys (ConfUtils.java:logGet(43)) - raft.server.log.segment.size.max = 1048576 (custom)
2019-10-22 02:31:53,919 [pool-47-thread-1] INFO  server.RaftServerConfigKeys (ConfUtils.java:logGet(43)) - raft.server.log.preallocated.size = 16384 (custom)
2019-10-22 02:31:53,919 [pool-47-thread-1] INFO  server.RaftServerConfigKeys (ConfUtils.java:logGet(43)) - raft.server.log.write.buffer.size = 33554432 (custom)
2019-10-22 02:31:53,919 [pool-47-thread-1] INFO  server.RaftServerConfigKeys (ConfUtils.java:logGet(43)) - raft.server.log.force.sync.num = 128 (default)
2019-10-22 02:31:53,919 [pool-47-thread-1] INFO  server.RaftServerConfigKeys (ConfUtils.java:logGet(43)) - raft.server.log.statemachine.data.sync = true (default)
2019-10-22 02:31:53,919 [pool-47-thread-1] INFO  server.RaftServerConfigKeys (ConfUtils.java:logGet(43)) - raft.server.log.statemachine.data.sync.timeout = 10s (default)
2019-10-22 02:31:53,919 [pool-47-thread-1] INFO  server.RaftServerConfigKeys (ConfUtils.java:logGet(43)) - raft.server.log.statemachine.data.sync.timeout.retry = -1 (default)
2019-10-22 02:31:53,920 [pool-47-thread-1] INFO  server.RaftServerConfigKeys (ConfUtils.java:logGet(43)) - raft.server.log.statemachine.data.caching.enabled = true (custom)
2019-10-22 02:31:53,921 [pool-47-thread-1] INFO  segmented.SegmentedRaftLogWorker (SegmentedRaftLogWorker.java:lambda$new$0(128)) - 6f2be65d-ce7d-4814-9a9f-e49d79835c35@group-27D5C272B0FE-SegmentedRaftLogWorker: flushIndex: setUnconditionally 0 -> -1
2019-10-22 02:31:53,921 [pool-47-thread-1] INFO  server.RaftServerConfigKeys (ConfUtils.java:logGet(43)) - raft.server.snapshot.auto.trigger.enabled = true (custom)
2019-10-22 02:31:53,921 [pool-47-thread-1] INFO  server.RaftServerConfigKeys (ConfUtils.java:logGet(43)) - raft.server.snapshot.auto.trigger.threshold = 10000 (custom)
2019-10-22 02:31:53,921 [pool-47-thread-1] INFO  server.RaftServerConfigKeys (ConfUtils.java:logGet(43)) - raft.server.snapshot.retention.file.num = 5 (custom)
2019-10-22 02:31:53,921 [pool-47-thread-1] INFO  server.RaftServerConfigKeys (ConfUtils.java:logGet(43)) - raft.server.retrycache.expirytime = 600000ms (custom)
2019-10-22 02:31:53,927 [pool-47-thread-1] INFO  impl.RaftServerImpl (RaftServerImpl.java:start(195)) - 6f2be65d-ce7d-4814-9a9f-e49d79835c35@group-27D5C272B0FE: start as a follower, conf=-1: [6f2be65d-ce7d-4814-9a9f-e49d79835c35:192.168.34.14:36170], old=null
2019-10-22 02:31:53,927 [pool-47-thread-1] INFO  impl.RaftServerImpl (RaftServerImpl.java:setRole(184)) - 6f2be65d-ce7d-4814-9a9f-e49d79835c35@group-27D5C272B0FE: changes role from      null to FOLLOWER at term 0 for startAsFollower
2019-10-22 02:31:53,927 [pool-47-thread-1] INFO  impl.RoleInfo (RoleInfo.java:updateAndGet(143)) - 6f2be65d-ce7d-4814-9a9f-e49d79835c35: start FollowerState
2019-10-22 02:31:53,927 [pool-47-thread-1] INFO  util.JmxRegister (JmxRegister.java:tryRegister(44)) - Successfully registered JMX Bean with object name Ratis:service=RaftServer,group=group-27D5C272B0FE,id=6f2be65d-ce7d-4814-9a9f-e49d79835c35
2019-10-22 02:31:53,929 [ddae0d8b-c866-4e5c-81a7-eef12a7bc666@group-FE2B04A99C72-SegmentedRaftLogWorker] INFO  segmented.SegmentedRaftLogWorker (SegmentedRaftLogWorker.java:execute(576)) - ddae0d8b-c866-4e5c-81a7-eef12a7bc666@group-FE2B04A99C72-SegmentedRaftLogWorker: created new log segment /workdir/hadoop-ozone/integration-test/target/test-dir/MiniOzoneClusterImpl-1e1cbef6-da44-444b-ac78-b5a442d7a72a/datanode-1/data/ratis/c30a6b85-d0ce-4178-94c0-fe2b04a99c72/current/log_inprogress_0
2019-10-22 02:31:53,941 [RatisPipelineUtilsThread] INFO  pipeline.PipelineStateManager (PipelineStateManager.java:addPipeline(56)) - Created pipeline Pipeline[ Id: 9322de82-6691-4836-916e-27d5c272b0fe, Nodes: 6f2be65d-ce7d-4814-9a9f-e49d79835c35{ip: 192.168.34.14, host: pr-hdds-1643-hlxn2-3599243457, networkLocation: /default-rack, certSerialId: null}, Type:RATIS, Factor:ONE, State:OPEN]
2019-10-22 02:31:53,972 [grpc-default-executor-2] INFO  impl.RaftServerProxy (RaftServerProxy.java:addNew(89)) - ddae0d8b-c866-4e5c-81a7-eef12a7bc666: addNew group-8E192697A9CF:[6dc62414-4100-415b-916b-e9f0081ca22e:192.168.34.14:40542, 6f2be65d-ce7d-4814-9a9f-e49d79835c35:192.168.34.14:36170, ddae0d8b-c866-4e5c-81a7-eef12a7bc666:192.168.34.14:38819] returns group-8E192697A9CF:java.util.concurrent.CompletableFuture@5cd9f241[Not completed]
2019-10-22 02:31:53,974 [grpc-default-executor-1] INFO  impl.RaftServerProxy (RaftServerProxy.java:addNew(89)) - 6f2be65d-ce7d-4814-9a9f-e49d79835c35: addNew group-8E192697A9CF:[6dc62414-4100-415b-916b-e9f0081ca22e:192.168.34.14:40542, 6f2be65d-ce7d-4814-9a9f-e49d79835c35:192.168.34.14:36170, ddae0d8b-c866-4e5c-81a7-eef12a7bc666:192.168.34.14:38819] returns group-8E192697A9CF:java.util.concurrent.CompletableFuture@10b833b1[Not completed]
2019-10-22 02:31:53,974 [grpc-default-executor-0] INFO  impl.RaftServerProxy (RaftServerProxy.java:addNew(89)) - 6dc62414-4100-415b-916b-e9f0081ca22e: addNew group-8E192697A9CF:[6dc62414-4100-415b-916b-e9f0081ca22e:192.168.34.14:40542, 6f2be65d-ce7d-4814-9a9f-e49d79835c35:192.168.34.14:36170, ddae0d8b-c866-4e5c-81a7-eef12a7bc666:192.168.34.14:38819] returns group-8E192697A9CF:java.util.concurrent.CompletableFuture@7ab20a8b[Not completed]
2019-10-22 02:31:53,975 [pool-37-thread-1] INFO  impl.RaftServerImpl (RaftServerImpl.java:<init>(104)) - ddae0d8b-c866-4e5c-81a7-eef12a7bc666: new RaftServerImpl for group-8E192697A9CF:[6dc62414-4100-415b-916b-e9f0081ca22e:192.168.34.14:40542, 6f2be65d-ce7d-4814-9a9f-e49d79835c35:192.168.34.14:36170, ddae0d8b-c866-4e5c-81a7-eef12a7bc666:192.168.34.14:38819] with ContainerStateMachine:uninitialized
2019-10-22 02:31:53,975 [pool-37-thread-1] INFO  server.RaftServerConfigKeys (ConfUtils.java:logGet(43)) - raft.server.rpc.timeout.min = 5s (custom)
2019-10-22 02:31:53,975 [pool-37-thread-1] INFO  server.RaftServerConfigKeys (ConfUtils.java:logGet(43)) - raft.server.rpc.timeout.max = 5200ms (custom)
2019-10-22 02:31:53,975 [pool-37-thread-1] INFO  server.RaftServerConfigKeys (ConfUtils.java:logGet(43)) - raft.server.rpcslowness.timeout = 1000s (custom)
2019-10-22 02:31:53,975 [pool-37-thread-1] INFO  server.RaftServerConfigKeys (ConfUtils.java:logGet(43)) - raft.server.sleep.deviation.threshold = 300 (default)
2019-10-22 02:31:53,976 [pool-37-thread-1] INFO  server.RaftServerConfigKeys (ConfUtils.java:logGet(43)) - raft.server.log.appender.install.snapshot.enabled = false (custom)
2019-10-22 02:31:53,976 [pool-37-thread-1] INFO  impl.RaftServerImpl (ServerState.java:<init>(103)) - ddae0d8b-c866-4e5c-81a7-eef12a7bc666@group-8E192697A9CF: ConfigurationManager, init=-1: [6dc62414-4100-415b-916b-e9f0081ca22e:192.168.34.14:40542, 6f2be65d-ce7d-4814-9a9f-e49d79835c35:192.168.34.14:36170, ddae0d8b-c866-4e5c-81a7-eef12a7bc666:192.168.34.14:38819], old=null, confs=<EMPTY_MAP>
2019-10-22 02:31:53,976 [pool-27-thread-1] INFO  impl.RaftServerImpl (RaftServerImpl.java:<init>(104)) - 6dc62414-4100-415b-916b-e9f0081ca22e: new RaftServerImpl for group-8E192697A9CF:[6dc62414-4100-415b-916b-e9f0081ca22e:192.168.34.14:40542, 6f2be65d-ce7d-4814-9a9f-e49d79835c35:192.168.34.14:36170, ddae0d8b-c866-4e5c-81a7-eef12a7bc666:192.168.34.14:38819] with ContainerStateMachine:uninitialized
2019-10-22 02:31:53,976 [pool-37-thread-1] INFO  server.RaftServerConfigKeys (ConfUtils.java:logGet(43)) - raft.server.storage.dir = [/workdir/hadoop-ozone/integration-test/target/test-dir/MiniOzoneClusterImpl-1e1cbef6-da44-444b-ac78-b5a442d7a72a/datanode-1/data/ratis] (custom)
2019-10-22 02:31:53,976 [pool-27-thread-1] INFO  server.RaftServerConfigKeys (ConfUtils.java:logGet(43)) - raft.server.rpc.timeout.min = 5s (custom)
2019-10-22 02:31:53,976 [pool-27-thread-1] INFO  server.RaftServerConfigKeys (ConfUtils.java:logGet(43)) - raft.server.rpc.timeout.max = 5200ms (custom)
2019-10-22 02:31:53,977 [pool-37-thread-1] INFO  server.RaftServerConfigKeys (ConfUtils.java:logGet(43)) - raft.server.log.corruption.policy = EXCEPTION (default)
2019-10-22 02:31:53,977 [pool-27-thread-1] INFO  server.RaftServerConfigKeys (ConfUtils.java:logGet(43)) - raft.server.rpcslowness.timeout = 1000s (custom)
2019-10-22 02:31:53,977 [pool-37-thread-1] INFO  storage.RaftStorageDirectory (RaftStorageDirectory.java:analyzeStorage(246)) - The storage directory /workdir/hadoop-ozone/integration-test/target/test-dir/MiniOzoneClusterImpl-1e1cbef6-da44-444b-ac78-b5a442d7a72a/datanode-1/data/ratis/82d9ec66-42fd-448b-b6da-8e192697a9cf does not exist. Creating ...
2019-10-22 02:31:53,977 [pool-27-thread-1] INFO  server.RaftServerConfigKeys (ConfUtils.java:logGet(43)) - raft.server.sleep.deviation.threshold = 300 (default)
2019-10-22 02:31:53,977 [pool-47-thread-1] INFO  impl.RaftServerImpl (RaftServerImpl.java:<init>(104)) - 6f2be65d-ce7d-4814-9a9f-e49d79835c35: new RaftServerImpl for group-8E192697A9CF:[6dc62414-4100-415b-916b-e9f0081ca22e:192.168.34.14:40542, 6f2be65d-ce7d-4814-9a9f-e49d79835c35:192.168.34.14:36170, ddae0d8b-c866-4e5c-81a7-eef12a7bc666:192.168.34.14:38819] with ContainerStateMachine:uninitialized
2019-10-22 02:31:53,977 [pool-27-thread-1] INFO  server.RaftServerConfigKeys (ConfUtils.java:logGet(43)) - raft.server.log.appender.install.snapshot.enabled = false (custom)
2019-10-22 02:31:53,977 [pool-47-thread-1] INFO  server.RaftServerConfigKeys (ConfUtils.java:logGet(43)) - raft.server.rpc.timeout.min = 5s (custom)
2019-10-22 02:31:53,977 [pool-27-thread-1] INFO  impl.RaftServerImpl (ServerState.java:<init>(103)) - 6dc62414-4100-415b-916b-e9f0081ca22e@group-8E192697A9CF: ConfigurationManager, init=-1: [6dc62414-4100-415b-916b-e9f0081ca22e:192.168.34.14:40542, 6f2be65d-ce7d-4814-9a9f-e49d79835c35:192.168.34.14:36170, ddae0d8b-c866-4e5c-81a7-eef12a7bc666:192.168.34.14:38819], old=null, confs=<EMPTY_MAP>
2019-10-22 02:31:53,978 [pool-47-thread-1] INFO  server.RaftServerConfigKeys (ConfUtils.java:logGet(43)) - raft.server.rpc.timeout.max = 5200ms (custom)
2019-10-22 02:31:53,978 [pool-27-thread-1] INFO  server.RaftServerConfigKeys (ConfUtils.java:logGet(43)) - raft.server.storage.dir = [/workdir/hadoop-ozone/integration-test/target/test-dir/MiniOzoneClusterImpl-1e1cbef6-da44-444b-ac78-b5a442d7a72a/datanode-0/data/ratis] (custom)
2019-10-22 02:31:53,978 [pool-47-thread-1] INFO  server.RaftServerConfigKeys (ConfUtils.java:logGet(43)) - raft.server.rpcslowness.timeout = 1000s (custom)
2019-10-22 02:31:53,978 [pool-47-thread-1] INFO  server.RaftServerConfigKeys (ConfUtils.java:logGet(43)) - raft.server.sleep.deviation.threshold = 300 (default)
2019-10-22 02:31:53,978 [pool-27-thread-1] INFO  server.RaftServerConfigKeys (ConfUtils.java:logGet(43)) - raft.server.log.corruption.policy = EXCEPTION (default)
2019-10-22 02:31:53,978 [pool-47-thread-1] INFO  server.RaftServerConfigKeys (ConfUtils.java:logGet(43)) - raft.server.log.appender.install.snapshot.enabled = false (custom)
2019-10-22 02:31:53,978 [pool-27-thread-1] INFO  storage.RaftStorageDirectory (RaftStorageDirectory.java:analyzeStorage(246)) - The storage directory /workdir/hadoop-ozone/integration-test/target/test-dir/MiniOzoneClusterImpl-1e1cbef6-da44-444b-ac78-b5a442d7a72a/datanode-0/data/ratis/82d9ec66-42fd-448b-b6da-8e192697a9cf does not exist. Creating ...
2019-10-22 02:31:53,978 [pool-47-thread-1] INFO  impl.RaftServerImpl (ServerState.java:<init>(103)) - 6f2be65d-ce7d-4814-9a9f-e49d79835c35@group-8E192697A9CF: ConfigurationManager, init=-1: [6dc62414-4100-415b-916b-e9f0081ca22e:192.168.34.14:40542, 6f2be65d-ce7d-4814-9a9f-e49d79835c35:192.168.34.14:36170, ddae0d8b-c866-4e5c-81a7-eef12a7bc666:192.168.34.14:38819], old=null, confs=<EMPTY_MAP>
2019-10-22 02:31:53,979 [pool-47-thread-1] INFO  server.RaftServerConfigKeys (ConfUtils.java:logGet(43)) - raft.server.storage.dir = [/workdir/hadoop-ozone/integration-test/target/test-dir/MiniOzoneClusterImpl-1e1cbef6-da44-444b-ac78-b5a442d7a72a/datanode-2/data/ratis] (custom)
2019-10-22 02:31:53,979 [pool-47-thread-1] INFO  server.RaftServerConfigKeys (ConfUtils.java:logGet(43)) - raft.server.log.corruption.policy = EXCEPTION (default)
2019-10-22 02:31:53,979 [pool-47-thread-1] INFO  storage.RaftStorageDirectory (RaftStorageDirectory.java:analyzeStorage(246)) - The storage directory /workdir/hadoop-ozone/integration-test/target/test-dir/MiniOzoneClusterImpl-1e1cbef6-da44-444b-ac78-b5a442d7a72a/datanode-2/data/ratis/82d9ec66-42fd-448b-b6da-8e192697a9cf does not exist. Creating ...
2019-10-22 02:31:53,986 [Thread-196] INFO  impl.FollowerState (FollowerState.java:run(108)) - 6f2be65d-ce7d-4814-9a9f-e49d79835c35@group-27D5C272B0FE-FollowerState: change to CANDIDATE, lastRpcTime:58ms, electionTimeout:58ms
2019-10-22 02:31:53,987 [Thread-196] INFO  impl.RoleInfo (RoleInfo.java:shutdownFollowerState(121)) - 6f2be65d-ce7d-4814-9a9f-e49d79835c35: shutdown FollowerState
2019-10-22 02:31:53,988 [Thread-196] INFO  impl.RaftServerImpl (RaftServerImpl.java:setRole(184)) - 6f2be65d-ce7d-4814-9a9f-e49d79835c35@group-27D5C272B0FE: changes role from  FOLLOWER to CANDIDATE at term 0 for changeToCandidate
2019-10-22 02:31:53,988 [Thread-196] INFO  impl.RoleInfo (RoleInfo.java:updateAndGet(143)) - 6f2be65d-ce7d-4814-9a9f-e49d79835c35: start LeaderElection
2019-10-22 02:31:53,991 [pool-47-thread-1] INFO  storage.RaftStorageDirectory (RaftStorageDirectory.java:tryLock(328)) - Lock on /workdir/hadoop-ozone/integration-test/target/test-dir/MiniOzoneClusterImpl-1e1cbef6-da44-444b-ac78-b5a442d7a72a/datanode-2/data/ratis/82d9ec66-42fd-448b-b6da-8e192697a9cf/in_use.lock acquired by nodename 8361@pr-hdds-1643-hlxn2-3599243457
2019-10-22 02:31:53,991 [pool-27-thread-1] INFO  storage.RaftStorageDirectory (RaftStorageDirectory.java:tryLock(328)) - Lock on /workdir/hadoop-ozone/integration-test/target/test-dir/MiniOzoneClusterImpl-1e1cbef6-da44-444b-ac78-b5a442d7a72a/datanode-0/data/ratis/82d9ec66-42fd-448b-b6da-8e192697a9cf/in_use.lock acquired by nodename 8361@pr-hdds-1643-hlxn2-3599243457
2019-10-22 02:31:53,991 [pool-37-thread-1] INFO  storage.RaftStorageDirectory (RaftStorageDirectory.java:tryLock(328)) - Lock on /workdir/hadoop-ozone/integration-test/target/test-dir/MiniOzoneClusterImpl-1e1cbef6-da44-444b-ac78-b5a442d7a72a/datanode-1/data/ratis/82d9ec66-42fd-448b-b6da-8e192697a9cf/in_use.lock acquired by nodename 8361@pr-hdds-1643-hlxn2-3599243457
2019-10-22 02:31:53,996 [pool-27-thread-1] INFO  storage.RaftStorage (RaftStorage.java:format(84)) - Storage directory /workdir/hadoop-ozone/integration-test/target/test-dir/MiniOzoneClusterImpl-1e1cbef6-da44-444b-ac78-b5a442d7a72a/datanode-0/data/ratis/82d9ec66-42fd-448b-b6da-8e192697a9cf has been successfully formatted.
2019-10-22 02:31:53,996 [6f2be65d-ce7d-4814-9a9f-e49d79835c35@group-27D5C272B0FE-LeaderElection3] INFO  impl.LeaderElection (LeaderElection.java:askForVotes(178)) - 6f2be65d-ce7d-4814-9a9f-e49d79835c35@group-27D5C272B0FE-LeaderElection3: begin an election at term 1 for -1: [6f2be65d-ce7d-4814-9a9f-e49d79835c35:192.168.34.14:36170], old=null
2019-10-22 02:31:53,996 [pool-47-thread-1] INFO  storage.RaftStorage (RaftStorage.java:format(84)) - Storage directory /workdir/hadoop-ozone/integration-test/target/test-dir/MiniOzoneClusterImpl-1e1cbef6-da44-444b-ac78-b5a442d7a72a/datanode-2/data/ratis/82d9ec66-42fd-448b-b6da-8e192697a9cf has been successfully formatted.
2019-10-22 02:31:53,997 [6f2be65d-ce7d-4814-9a9f-e49d79835c35@group-27D5C272B0FE-LeaderElection3] INFO  impl.RoleInfo (RoleInfo.java:shutdownLeaderElection(134)) - 6f2be65d-ce7d-4814-9a9f-e49d79835c35: shutdown LeaderElection
2019-10-22 02:31:53,996 [pool-37-thread-1] INFO  storage.RaftStorage (RaftStorage.java:format(84)) - Storage directory /workdir/hadoop-ozone/integration-test/target/test-dir/MiniOzoneClusterImpl-1e1cbef6-da44-444b-ac78-b5a442d7a72a/datanode-1/data/ratis/82d9ec66-42fd-448b-b6da-8e192697a9cf has been successfully formatted.
2019-10-22 02:31:53,997 [6f2be65d-ce7d-4814-9a9f-e49d79835c35@group-27D5C272B0FE-LeaderElection3] INFO  impl.RaftServerImpl (RaftServerImpl.java:setRole(184)) - 6f2be65d-ce7d-4814-9a9f-e49d79835c35@group-27D5C272B0FE: changes role from CANDIDATE to LEADER at term 1 for changeToLeader
2019-10-22 02:31:53,997 [pool-47-thread-1] INFO  ratis.ContainerStateMachine (ContainerStateMachine.java:loadSnapshot(231)) - group-8E192697A9CF: The snapshot info is null. Setting the last applied indexto:(t:0, i:~)
2019-10-22 02:31:53,997 [pool-27-thread-1] INFO  ratis.ContainerStateMachine (ContainerStateMachine.java:loadSnapshot(231)) - group-8E192697A9CF: The snapshot info is null. Setting the last applied indexto:(t:0, i:~)
2019-10-22 02:31:53,997 [6f2be65d-ce7d-4814-9a9f-e49d79835c35@group-27D5C272B0FE-LeaderElection3] INFO  impl.RaftServerImpl (ServerState.java:setLeader(256)) - 6f2be65d-ce7d-4814-9a9f-e49d79835c35@group-27D5C272B0FE: change Leader from null to 6f2be65d-ce7d-4814-9a9f-e49d79835c35 at term 1 for becomeLeader, leader elected after 83ms
2019-10-22 02:31:53,997 [pool-37-thread-1] INFO  ratis.ContainerStateMachine (ContainerStateMachine.java:loadSnapshot(231)) - group-8E192697A9CF: The snapshot info is null. Setting the last applied indexto:(t:0, i:~)
2019-10-22 02:31:53,997 [6f2be65d-ce7d-4814-9a9f-e49d79835c35@group-27D5C272B0FE-LeaderElection3] INFO  server.RaftServerConfigKeys (ConfUtils.java:logGet(43)) - raft.server.staging.catchup.gap = 1000 (default)
2019-10-22 02:31:53,997 [pool-27-thread-1] INFO  server.RaftServerConfigKeys (ConfUtils.java:logGet(43)) - raft.server.notification.no-leader.timeout = 1000s (custom)
2019-10-22 02:31:53,997 [pool-47-thread-1] INFO  server.RaftServerConfigKeys (ConfUtils.java:logGet(43)) - raft.server.notification.no-leader.timeout = 1000s (custom)
2019-10-22 02:31:53,998 [pool-27-thread-1] INFO  server.RaftServerConfigKeys (ConfUtils.java:logGet(43)) - raft.server.log.use.memory = false (default)
2019-10-22 02:31:53,998 [6f2be65d-ce7d-4814-9a9f-e49d79835c35@group-27D5C272B0FE-LeaderElection3] INFO  server.RaftServerConfigKeys (ConfUtils.java:logGet(43)) - raft.server.rpc.sleep.time = 25ms (default)
2019-10-22 02:31:53,998 [pool-37-thread-1] INFO  server.RaftServerConfigKeys (ConfUtils.java:logGet(43)) - raft.server.notification.no-leader.timeout = 1000s (custom)
2019-10-22 02:31:53,998 [pool-27-thread-1] INFO  server.RaftServerConfigKeys (ConfUtils.java:logGet(43)) - raft.server.log.purge.gap = 1000000 (custom)
2019-10-22 02:31:53,998 [pool-47-thread-1] INFO  server.RaftServerConfigKeys (ConfUtils.java:logGet(43)) - raft.server.log.use.memory = false (default)
2019-10-22 02:31:53,998 [pool-27-thread-1] INFO  server.RaftServerConfigKeys (ConfUtils.java:logGet(43)) - raft.server.log.appender.buffer.byte-limit = 33554432 (custom)
2019-10-22 02:31:53,998 [6f2be65d-ce7d-4814-9a9f-e49d79835c35@group-27D5C272B0FE-LeaderElection3] INFO  server.RaftServerConfigKeys (ConfUtils.java:logGet(43)) - raft.server.write.element-limit = 4096 (default)
2019-10-22 02:31:53,998 [pool-37-thread-1] INFO  server.RaftServerConfigKeys (ConfUtils.java:logGet(43)) - raft.server.log.use.memory = false (default)
2019-10-22 02:31:53,999 [6f2be65d-ce7d-4814-9a9f-e49d79835c35@group-27D5C272B0FE-LeaderElection3] INFO  server.RaftServerConfigKeys (ConfUtils.java:logGet(43)) - raft.server.watch.timeout = 10s (default)
2019-10-22 02:31:53,999 [pool-27-thread-1] INFO  server.RaftServerConfigKeys (ConfUtils.java:logGet(43)) - raft.server.log.segment.size.max = 1048576 (custom)
2019-10-22 02:31:53,999 [pool-47-thread-1] INFO  server.RaftServerConfigKeys (ConfUtils.java:logGet(43)) - raft.server.log.purge.gap = 1000000 (custom)
2019-10-22 02:31:53,999 [pool-27-thread-1] INFO  server.RaftServerConfigKeys (ConfUtils.java:logGet(43)) - raft.server.log.segment.cache.num.max = 2 (custom)
2019-10-22 02:31:53,999 [pool-47-thread-1] INFO  server.RaftServerConfigKeys (ConfUtils.java:logGet(43)) - raft.server.log.appender.buffer.byte-limit = 33554432 (custom)
2019-10-22 02:31:53,999 [6f2be65d-ce7d-4814-9a9f-e49d79835c35@group-27D5C272B0FE-LeaderElection3] INFO  server.RaftServerConfigKeys (ConfUtils.java:logGet(43)) - raft.server.watch.timeout.denomination = 1s (default)
2019-10-22 02:31:53,999 [pool-37-thread-1] INFO  server.RaftServerConfigKeys (ConfUtils.java:logGet(43)) - raft.server.log.purge.gap = 1000000 (custom)
2019-10-22 02:31:54,000 [6f2be65d-ce7d-4814-9a9f-e49d79835c35@group-27D5C272B0FE-LeaderElection3] INFO  server.RaftServerConfigKeys (ConfUtils.java:logGet(43)) - raft.server.watch.element-limit = 65536 (default)
2019-10-22 02:31:53,999 [pool-47-thread-1] INFO  server.RaftServerConfigKeys (ConfUtils.java:logGet(43)) - raft.server.log.segment.size.max = 1048576 (custom)
2019-10-22 02:31:53,999 [pool-27-thread-1] INFO  segmented.SegmentedRaftLogWorker (SegmentedRaftLogWorker.java:<init>(173)) - new 6dc62414-4100-415b-916b-e9f0081ca22e@group-8E192697A9CF-SegmentedRaftLogWorker for RaftStorage:Storage Directory /workdir/hadoop-ozone/integration-test/target/test-dir/MiniOzoneClusterImpl-1e1cbef6-da44-444b-ac78-b5a442d7a72a/datanode-0/data/ratis/82d9ec66-42fd-448b-b6da-8e192697a9cf
2019-10-22 02:31:54,000 [pool-47-thread-1] INFO  server.RaftServerConfigKeys (ConfUtils.java:logGet(43)) - raft.server.log.segment.cache.num.max = 2 (custom)
2019-10-22 02:31:54,000 [pool-37-thread-1] INFO  server.RaftServerConfigKeys (ConfUtils.java:logGet(43)) - raft.server.log.appender.buffer.byte-limit = 33554432 (custom)
2019-10-22 02:31:54,001 [pool-47-thread-1] INFO  segmented.SegmentedRaftLogWorker (SegmentedRaftLogWorker.java:<init>(173)) - new 6f2be65d-ce7d-4814-9a9f-e49d79835c35@group-8E192697A9CF-SegmentedRaftLogWorker for RaftStorage:Storage Directory /workdir/hadoop-ozone/integration-test/target/test-dir/MiniOzoneClusterImpl-1e1cbef6-da44-444b-ac78-b5a442d7a72a/datanode-2/data/ratis/82d9ec66-42fd-448b-b6da-8e192697a9cf
2019-10-22 02:31:54,001 [pool-27-thread-1] INFO  server.RaftServerConfigKeys (ConfUtils.java:logGet(43)) - raft.server.log.queue.byte-limit = 2147483647 (custom)
2019-10-22 02:31:54,001 [pool-47-thread-1] INFO  server.RaftServerConfigKeys (ConfUtils.java:logGet(43)) - raft.server.log.queue.byte-limit = 2147483647 (custom)
2019-10-22 02:31:54,001 [pool-37-thread-1] INFO  server.RaftServerConfigKeys (ConfUtils.java:logGet(43)) - raft.server.log.segment.size.max = 1048576 (custom)
2019-10-22 02:31:54,002 [pool-47-thread-1] INFO  server.RaftServerConfigKeys (ConfUtils.java:logGet(43)) - raft.server.log.queue.element-limit = 1024 (custom)
2019-10-22 02:31:54,002 [pool-27-thread-1] INFO  server.RaftServerConfigKeys (ConfUtils.java:logGet(43)) - raft.server.log.queue.element-limit = 1024 (custom)
2019-10-22 02:31:54,002 [pool-47-thread-1] INFO  server.RaftServerConfigKeys (ConfUtils.java:logGet(43)) - raft.server.log.segment.size.max = 1048576 (custom)
2019-10-22 02:31:54,002 [pool-37-thread-1] INFO  server.RaftServerConfigKeys (ConfUtils.java:logGet(43)) - raft.server.log.segment.cache.num.max = 2 (custom)
2019-10-22 02:31:54,002 [pool-47-thread-1] INFO  server.RaftServerConfigKeys (ConfUtils.java:logGet(43)) - raft.server.log.preallocated.size = 16384 (custom)
2019-10-22 02:31:54,002 [pool-27-thread-1] INFO  server.RaftServerConfigKeys (ConfUtils.java:logGet(43)) - raft.server.log.segment.size.max = 1048576 (custom)
2019-10-22 02:31:54,003 [pool-47-thread-1] INFO  server.RaftServerConfigKeys (ConfUtils.java:logGet(43)) - raft.server.log.write.buffer.size = 33554432 (custom)
2019-10-22 02:31:54,002 [pool-37-thread-1] INFO  segmented.SegmentedRaftLogWorker (SegmentedRaftLogWorker.java:<init>(173)) - new ddae0d8b-c866-4e5c-81a7-eef12a7bc666@group-8E192697A9CF-SegmentedRaftLogWorker for RaftStorage:Storage Directory /workdir/hadoop-ozone/integration-test/target/test-dir/MiniOzoneClusterImpl-1e1cbef6-da44-444b-ac78-b5a442d7a72a/datanode-1/data/ratis/82d9ec66-42fd-448b-b6da-8e192697a9cf
2019-10-22 02:31:54,003 [pool-47-thread-1] INFO  server.RaftServerConfigKeys (ConfUtils.java:logGet(43)) - raft.server.log.force.sync.num = 128 (default)
2019-10-22 02:31:54,003 [pool-27-thread-1] INFO  server.RaftServerConfigKeys (ConfUtils.java:logGet(43)) - raft.server.log.preallocated.size = 16384 (custom)
2019-10-22 02:31:54,003 [pool-47-thread-1] INFO  server.RaftServerConfigKeys (ConfUtils.java:logGet(43)) - raft.server.log.statemachine.data.sync = true (default)
2019-10-22 02:31:54,003 [pool-37-thread-1] INFO  server.RaftServerConfigKeys (ConfUtils.java:logGet(43)) - raft.server.log.queue.byte-limit = 2147483647 (custom)
2019-10-22 02:31:54,003 [pool-47-thread-1] INFO  server.RaftServerConfigKeys (ConfUtils.java:logGet(43)) - raft.server.log.statemachine.data.sync.timeout = 10s (default)
2019-10-22 02:31:54,003 [pool-27-thread-1] INFO  server.RaftServerConfigKeys (ConfUtils.java:logGet(43)) - raft.server.log.write.buffer.size = 33554432 (custom)
2019-10-22 02:31:54,004 [pool-47-thread-1] INFO  server.RaftServerConfigKeys (ConfUtils.java:logGet(43)) - raft.server.log.statemachine.data.sync.timeout.retry = -1 (default)
2019-10-22 02:31:54,004 [6f2be65d-ce7d-4814-9a9f-e49d79835c35@group-27D5C272B0FE-LeaderElection3] INFO  impl.RoleInfo (RoleInfo.java:updateAndGet(143)) - 6f2be65d-ce7d-4814-9a9f-e49d79835c35: start LeaderState
2019-10-22 02:31:54,004 [pool-37-thread-1] INFO  server.RaftServerConfigKeys (ConfUtils.java:logGet(43)) - raft.server.log.queue.element-limit = 1024 (custom)
2019-10-22 02:31:54,004 [pool-47-thread-1] INFO  server.RaftServerConfigKeys (ConfUtils.java:logGet(43)) - raft.server.log.statemachine.data.caching.enabled = true (custom)
2019-10-22 02:31:54,004 [pool-27-thread-1] INFO  server.RaftServerConfigKeys (ConfUtils.java:logGet(43)) - raft.server.log.force.sync.num = 128 (default)
2019-10-22 02:31:54,004 [6f2be65d-ce7d-4814-9a9f-e49d79835c35@group-27D5C272B0FE-LeaderElection3] INFO  segmented.SegmentedRaftLogWorker (SegmentedRaftLogWorker.java:startLogSegment(385)) - 6f2be65d-ce7d-4814-9a9f-e49d79835c35@group-27D5C272B0FE-SegmentedRaftLogWorker: Starting segment from index:0
2019-10-22 02:31:54,004 [pool-37-thread-1] INFO  server.RaftServerConfigKeys (ConfUtils.java:logGet(43)) - raft.server.log.segment.size.max = 1048576 (custom)
2019-10-22 02:31:54,004 [pool-47-thread-1] INFO  segmented.SegmentedRaftLogWorker (SegmentedRaftLogWorker.java:lambda$new$0(128)) - 6f2be65d-ce7d-4814-9a9f-e49d79835c35@group-8E192697A9CF-SegmentedRaftLogWorker: flushIndex: setUnconditionally 0 -> -1
2019-10-22 02:31:54,004 [pool-27-thread-1] INFO  server.RaftServerConfigKeys (ConfUtils.java:logGet(43)) - raft.server.log.statemachine.data.sync = true (default)
2019-10-22 02:31:54,005 [pool-37-thread-1] INFO  server.RaftServerConfigKeys (ConfUtils.java:logGet(43)) - raft.server.log.preallocated.size = 16384 (custom)
2019-10-22 02:31:54,005 [6f2be65d-ce7d-4814-9a9f-e49d79835c35@group-27D5C272B0FE-LeaderElection3] INFO  impl.RaftServerImpl (ServerState.java:setRaftConf(357)) - 6f2be65d-ce7d-4814-9a9f-e49d79835c35@group-27D5C272B0FE: set configuration 0: [6f2be65d-ce7d-4814-9a9f-e49d79835c35:192.168.34.14:36170], old=null at 0
2019-10-22 02:31:54,005 [pool-47-thread-1] INFO  server.RaftServerConfigKeys (ConfUtils.java:logGet(43)) - raft.server.snapshot.auto.trigger.enabled = true (custom)
2019-10-22 02:31:54,005 [pool-27-thread-1] INFO  server.RaftServerConfigKeys (ConfUtils.java:logGet(43)) - raft.server.log.statemachine.data.sync.timeout = 10s (default)
2019-10-22 02:31:54,034 [pool-47-thread-1] INFO  server.RaftServerConfigKeys (ConfUtils.java:logGet(43)) - raft.server.snapshot.auto.trigger.threshold = 10000 (custom)
2019-10-22 02:31:54,034 [main] INFO  ozone.MiniOzoneClusterImpl (MiniOzoneClusterImpl.java:lambda$waitForClusterToBeReady$0(147)) - Cluster is ready. Got 3 of 3 DN Heartbeats.
2019-10-22 02:31:54,005 [pool-37-thread-1] INFO  server.RaftServerConfigKeys (ConfUtils.java:logGet(43)) - raft.server.log.write.buffer.size = 33554432 (custom)
2019-10-22 02:31:54,034 [pool-47-thread-1] INFO  server.RaftServerConfigKeys (ConfUtils.java:logGet(43)) - raft.server.snapshot.retention.file.num = 5 (custom)
2019-10-22 02:31:54,034 [pool-27-thread-1] INFO  server.RaftServerConfigKeys (ConfUtils.java:logGet(43)) - raft.server.log.statemachine.data.sync.timeout.retry = -1 (default)
2019-10-22 02:31:54,035 [pool-37-thread-1] INFO  server.RaftServerConfigKeys (ConfUtils.java:logGet(43)) - raft.server.log.force.sync.num = 128 (default)
2019-10-22 02:31:54,035 [pool-47-thread-1] INFO  server.RaftServerConfigKeys (ConfUtils.java:logGet(43)) - raft.server.retrycache.expirytime = 600000ms (custom)
2019-10-22 02:31:54,035 [pool-27-thread-1] INFO  server.RaftServerConfigKeys (ConfUtils.java:logGet(43)) - raft.server.log.statemachine.data.caching.enabled = true (custom)
2019-10-22 02:31:54,035 [pool-37-thread-1] INFO  server.RaftServerConfigKeys (ConfUtils.java:logGet(43)) - raft.server.log.statemachine.data.sync = true (default)
2019-10-22 02:31:54,036 [pool-37-thread-1] INFO  server.RaftServerConfigKeys (ConfUtils.java:logGet(43)) - raft.server.log.statemachine.data.sync.timeout = 10s (default)
2019-10-22 02:31:54,036 [pool-37-thread-1] INFO  server.RaftServerConfigKeys (ConfUtils.java:logGet(43)) - raft.server.log.statemachine.data.sync.timeout.retry = -1 (default)
2019-10-22 02:31:54,036 [pool-27-thread-1] INFO  segmented.SegmentedRaftLogWorker (SegmentedRaftLogWorker.java:lambda$new$0(128)) - 6dc62414-4100-415b-916b-e9f0081ca22e@group-8E192697A9CF-SegmentedRaftLogWorker: flushIndex: setUnconditionally 0 -> -1
2019-10-22 02:31:54,036 [pool-37-thread-1] INFO  server.RaftServerConfigKeys (ConfUtils.java:logGet(43)) - raft.server.log.statemachine.data.caching.enabled = true (custom)
2019-10-22 02:31:54,036 [pool-27-thread-1] INFO  server.RaftServerConfigKeys (ConfUtils.java:logGet(43)) - raft.server.snapshot.auto.trigger.enabled = true (custom)
2019-10-22 02:31:54,036 [pool-37-thread-1] INFO  segmented.SegmentedRaftLogWorker (SegmentedRaftLogWorker.java:lambda$new$0(128)) - ddae0d8b-c866-4e5c-81a7-eef12a7bc666@group-8E192697A9CF-SegmentedRaftLogWorker: flushIndex: setUnconditionally 0 -> -1
2019-10-22 02:31:54,036 [pool-27-thread-1] INFO  server.RaftServerConfigKeys (ConfUtils.java:logGet(43)) - raft.server.snapshot.auto.trigger.threshold = 10000 (custom)
2019-10-22 02:31:54,036 [pool-27-thread-1] INFO  server.RaftServerConfigKeys (ConfUtils.java:logGet(43)) - raft.server.snapshot.retention.file.num = 5 (custom)
2019-10-22 02:31:54,036 [pool-37-thread-1] INFO  server.RaftServerConfigKeys (ConfUtils.java:logGet(43)) - raft.server.snapshot.auto.trigger.enabled = true (custom)
2019-10-22 02:31:54,037 [pool-27-thread-1] INFO  server.RaftServerConfigKeys (ConfUtils.java:logGet(43)) - raft.server.retrycache.expirytime = 600000ms (custom)
2019-10-22 02:31:54,037 [pool-37-thread-1] INFO  server.RaftServerConfigKeys (ConfUtils.java:logGet(43)) - raft.server.snapshot.auto.trigger.threshold = 10000 (custom)
2019-10-22 02:31:54,037 [pool-37-thread-1] INFO  server.RaftServerConfigKeys (ConfUtils.java:logGet(43)) - raft.server.snapshot.retention.file.num = 5 (custom)
2019-10-22 02:31:54,037 [pool-37-thread-1] INFO  server.RaftServerConfigKeys (ConfUtils.java:logGet(43)) - raft.server.retrycache.expirytime = 600000ms (custom)
2019-10-22 02:31:54,040 [pool-47-thread-1] INFO  impl.RaftServerImpl (RaftServerImpl.java:start(195)) - 6f2be65d-ce7d-4814-9a9f-e49d79835c35@group-8E192697A9CF: start as a follower, conf=-1: [6dc62414-4100-415b-916b-e9f0081ca22e:192.168.34.14:40542, 6f2be65d-ce7d-4814-9a9f-e49d79835c35:192.168.34.14:36170, ddae0d8b-c866-4e5c-81a7-eef12a7bc666:192.168.34.14:38819], old=null
2019-10-22 02:31:54,040 [pool-47-thread-1] INFO  impl.RaftServerImpl (RaftServerImpl.java:setRole(184)) - 6f2be65d-ce7d-4814-9a9f-e49d79835c35@group-8E192697A9CF: changes role from      null to FOLLOWER at term 0 for startAsFollower
2019-10-22 02:31:54,040 [pool-47-thread-1] INFO  impl.RoleInfo (RoleInfo.java:updateAndGet(143)) - 6f2be65d-ce7d-4814-9a9f-e49d79835c35: start FollowerState
2019-10-22 02:31:54,040 [pool-27-thread-1] INFO  impl.RaftServerImpl (RaftServerImpl.java:start(195)) - 6dc62414-4100-415b-916b-e9f0081ca22e@group-8E192697A9CF: start as a follower, conf=-1: [6dc62414-4100-415b-916b-e9f0081ca22e:192.168.34.14:40542, 6f2be65d-ce7d-4814-9a9f-e49d79835c35:192.168.34.14:36170, ddae0d8b-c866-4e5c-81a7-eef12a7bc666:192.168.34.14:38819], old=null
2019-10-22 02:31:54,040 [pool-37-thread-1] INFO  impl.RaftServerImpl (RaftServerImpl.java:start(195)) - ddae0d8b-c866-4e5c-81a7-eef12a7bc666@group-8E192697A9CF: start as a follower, conf=-1: [6dc62414-4100-415b-916b-e9f0081ca22e:192.168.34.14:40542, 6f2be65d-ce7d-4814-9a9f-e49d79835c35:192.168.34.14:36170, ddae0d8b-c866-4e5c-81a7-eef12a7bc666:192.168.34.14:38819], old=null
2019-10-22 02:31:54,040 [pool-47-thread-1] INFO  util.JmxRegister (JmxRegister.java:tryRegister(44)) - Successfully registered JMX Bean with object name Ratis:service=RaftServer,group=group-8E192697A9CF,id=6f2be65d-ce7d-4814-9a9f-e49d79835c35
2019-10-22 02:31:54,040 [pool-27-thread-1] INFO  impl.RaftServerImpl (RaftServerImpl.java:setRole(184)) - 6dc62414-4100-415b-916b-e9f0081ca22e@group-8E192697A9CF: changes role from      null to FOLLOWER at term 0 for startAsFollower
2019-10-22 02:31:54,041 [pool-37-thread-1] INFO  impl.RaftServerImpl (RaftServerImpl.java:setRole(184)) - ddae0d8b-c866-4e5c-81a7-eef12a7bc666@group-8E192697A9CF: changes role from      null to FOLLOWER at term 0 for startAsFollower
2019-10-22 02:31:54,041 [pool-27-thread-1] INFO  impl.RoleInfo (RoleInfo.java:updateAndGet(143)) - 6dc62414-4100-415b-916b-e9f0081ca22e: start FollowerState
2019-10-22 02:31:54,041 [pool-37-thread-1] INFO  impl.RoleInfo (RoleInfo.java:updateAndGet(143)) - ddae0d8b-c866-4e5c-81a7-eef12a7bc666: start FollowerState
2019-10-22 02:31:54,041 [pool-27-thread-1] INFO  util.JmxRegister (JmxRegister.java:tryRegister(44)) - Successfully registered JMX Bean with object name Ratis:service=RaftServer,group=group-8E192697A9CF,id=6dc62414-4100-415b-916b-e9f0081ca22e
2019-10-22 02:31:54,041 [pool-37-thread-1] INFO  util.JmxRegister (JmxRegister.java:tryRegister(44)) - Successfully registered JMX Bean with object name Ratis:service=RaftServer,group=group-8E192697A9CF,id=ddae0d8b-c866-4e5c-81a7-eef12a7bc666
2019-10-22 02:31:54,047 [6f2be65d-ce7d-4814-9a9f-e49d79835c35@group-27D5C272B0FE-SegmentedRaftLogWorker] INFO  segmented.SegmentedRaftLogWorker (SegmentedRaftLogWorker.java:execute(576)) - 6f2be65d-ce7d-4814-9a9f-e49d79835c35@group-27D5C272B0FE-SegmentedRaftLogWorker: created new log segment /workdir/hadoop-ozone/integration-test/target/test-dir/MiniOzoneClusterImpl-1e1cbef6-da44-444b-ac78-b5a442d7a72a/datanode-2/data/ratis/9322de82-6691-4836-916e-27d5c272b0fe/current/log_inprogress_0
2019-10-22 02:31:54,072 [Thread-203] INFO  impl.FollowerState (FollowerState.java:run(108)) - 6f2be65d-ce7d-4814-9a9f-e49d79835c35@group-8E192697A9CF-FollowerState: change to CANDIDATE, lastRpcTime:32ms, electionTimeout:32ms
2019-10-22 02:31:54,073 [Thread-203] INFO  impl.RoleInfo (RoleInfo.java:shutdownFollowerState(121)) - 6f2be65d-ce7d-4814-9a9f-e49d79835c35: shutdown FollowerState
2019-10-22 02:31:54,073 [RatisPipelineUtilsThread] INFO  pipeline.PipelineStateManager (PipelineStateManager.java:addPipeline(56)) - Created pipeline Pipeline[ Id: 82d9ec66-42fd-448b-b6da-8e192697a9cf, Nodes: 6dc62414-4100-415b-916b-e9f0081ca22e{ip: 192.168.34.14, host: pr-hdds-1643-hlxn2-3599243457, networkLocation: /default-rack, certSerialId: null}ddae0d8b-c866-4e5c-81a7-eef12a7bc666{ip: 192.168.34.14, host: pr-hdds-1643-hlxn2-3599243457, networkLocation: /default-rack, certSerialId: null}6f2be65d-ce7d-4814-9a9f-e49d79835c35{ip: 192.168.34.14, host: pr-hdds-1643-hlxn2-3599243457, networkLocation: /default-rack, certSerialId: null}, Type:RATIS, Factor:THREE, State:OPEN]
2019-10-22 02:31:54,073 [Thread-203] INFO  impl.RaftServerImpl (RaftServerImpl.java:setRole(184)) - 6f2be65d-ce7d-4814-9a9f-e49d79835c35@group-8E192697A9CF: changes role from  FOLLOWER to CANDIDATE at term 0 for changeToCandidate
2019-10-22 02:31:54,073 [Thread-203] INFO  impl.RoleInfo (RoleInfo.java:updateAndGet(143)) - 6f2be65d-ce7d-4814-9a9f-e49d79835c35: start LeaderElection
2019-10-22 02:31:54,088 [6f2be65d-ce7d-4814-9a9f-e49d79835c35@group-8E192697A9CF-LeaderElection4] INFO  impl.LeaderElection (LeaderElection.java:askForVotes(178)) - 6f2be65d-ce7d-4814-9a9f-e49d79835c35@group-8E192697A9CF-LeaderElection4: begin an election at term 1 for -1: [6dc62414-4100-415b-916b-e9f0081ca22e:192.168.34.14:40542, 6f2be65d-ce7d-4814-9a9f-e49d79835c35:192.168.34.14:36170, ddae0d8b-c866-4e5c-81a7-eef12a7bc666:192.168.34.14:38819], old=null
2019-10-22 02:31:54,119 [grpc-default-executor-1] INFO  impl.RaftServerImpl (RaftServerImpl.java:setRole(184)) - ddae0d8b-c866-4e5c-81a7-eef12a7bc666@group-8E192697A9CF: changes role from  FOLLOWER to FOLLOWER at term 1 for recognizeCandidate:6f2be65d-ce7d-4814-9a9f-e49d79835c35
2019-10-22 02:31:54,119 [grpc-default-executor-0] INFO  impl.RaftServerImpl (RaftServerImpl.java:setRole(184)) - 6dc62414-4100-415b-916b-e9f0081ca22e@group-8E192697A9CF: changes role from  FOLLOWER to FOLLOWER at term 1 for recognizeCandidate:6f2be65d-ce7d-4814-9a9f-e49d79835c35
2019-10-22 02:31:54,119 [grpc-default-executor-1] INFO  impl.RoleInfo (RoleInfo.java:shutdownFollowerState(121)) - ddae0d8b-c866-4e5c-81a7-eef12a7bc666: shutdown FollowerState
2019-10-22 02:31:54,119 [grpc-default-executor-0] INFO  impl.RoleInfo (RoleInfo.java:shutdownFollowerState(121)) - 6dc62414-4100-415b-916b-e9f0081ca22e: shutdown FollowerState
2019-10-22 02:31:54,119 [Thread-205] INFO  impl.FollowerState (FollowerState.java:run(117)) - ddae0d8b-c866-4e5c-81a7-eef12a7bc666@group-8E192697A9CF-FollowerState was interrupted: java.lang.InterruptedException: sleep interrupted
2019-10-22 02:31:54,120 [Thread-204] INFO  impl.FollowerState (FollowerState.java:run(117)) - 6dc62414-4100-415b-916b-e9f0081ca22e@group-8E192697A9CF-FollowerState was interrupted: java.lang.InterruptedException: sleep interrupted
2019-10-22 02:31:54,120 [grpc-default-executor-0] INFO  impl.RoleInfo (RoleInfo.java:updateAndGet(143)) - 6dc62414-4100-415b-916b-e9f0081ca22e: start FollowerState
2019-10-22 02:31:54,119 [grpc-default-executor-1] INFO  impl.RoleInfo (RoleInfo.java:updateAndGet(143)) - ddae0d8b-c866-4e5c-81a7-eef12a7bc666: start FollowerState
2019-10-22 02:31:54,125 [6f2be65d-ce7d-4814-9a9f-e49d79835c35@group-8E192697A9CF-LeaderElection4] INFO  impl.LeaderElection (LeaderElection.java:logAndReturn(56)) - 6f2be65d-ce7d-4814-9a9f-e49d79835c35@group-8E192697A9CF-LeaderElection4: Election TIMEOUT; received 0 response(s) [] and 0 exception(s); 6f2be65d-ce7d-4814-9a9f-e49d79835c35@group-8E192697A9CF:t1, leader=null, voted=6f2be65d-ce7d-4814-9a9f-e49d79835c35, raftlog=6f2be65d-ce7d-4814-9a9f-e49d79835c35@group-8E192697A9CF-SegmentedRaftLog:OPENED:c-1,f-1,i0, conf=-1: [6dc62414-4100-415b-916b-e9f0081ca22e:192.168.34.14:40542, 6f2be65d-ce7d-4814-9a9f-e49d79835c35:192.168.34.14:36170, ddae0d8b-c866-4e5c-81a7-eef12a7bc666:192.168.34.14:38819], old=null
2019-10-22 02:31:54,178 [6f2be65d-ce7d-4814-9a9f-e49d79835c35@group-8E192697A9CF-LeaderElection4] INFO  impl.LeaderElection (LeaderElection.java:askForVotes(178)) - 6f2be65d-ce7d-4814-9a9f-e49d79835c35@group-8E192697A9CF-LeaderElection4: begin an election at term 2 for -1: [6dc62414-4100-415b-916b-e9f0081ca22e:192.168.34.14:40542, 6f2be65d-ce7d-4814-9a9f-e49d79835c35:192.168.34.14:36170, ddae0d8b-c866-4e5c-81a7-eef12a7bc666:192.168.34.14:38819], old=null
2019-10-22 02:31:54,190 [grpc-default-executor-0] INFO  impl.RaftServerImpl (RaftServerImpl.java:setRole(184)) - ddae0d8b-c866-4e5c-81a7-eef12a7bc666@group-8E192697A9CF: changes role from  FOLLOWER to FOLLOWER at term 2 for recognizeCandidate:6f2be65d-ce7d-4814-9a9f-e49d79835c35
2019-10-22 02:31:54,192 [grpc-default-executor-1] INFO  impl.RaftServerImpl (RaftServerImpl.java:setRole(184)) - 6dc62414-4100-415b-916b-e9f0081ca22e@group-8E192697A9CF: changes role from  FOLLOWER to FOLLOWER at term 2 for recognizeCandidate:6f2be65d-ce7d-4814-9a9f-e49d79835c35
2019-10-22 02:31:54,192 [grpc-default-executor-0] INFO  impl.RoleInfo (RoleInfo.java:shutdownFollowerState(121)) - ddae0d8b-c866-4e5c-81a7-eef12a7bc666: shutdown FollowerState
2019-10-22 02:31:54,192 [grpc-default-executor-1] INFO  impl.RoleInfo (RoleInfo.java:shutdownFollowerState(121)) - 6dc62414-4100-415b-916b-e9f0081ca22e: shutdown FollowerState
2019-10-22 02:31:54,192 [grpc-default-executor-0] INFO  impl.RoleInfo (RoleInfo.java:updateAndGet(143)) - ddae0d8b-c866-4e5c-81a7-eef12a7bc666: start FollowerState
2019-10-22 02:31:54,192 [Thread-216] INFO  impl.FollowerState (FollowerState.java:run(117)) - 6dc62414-4100-415b-916b-e9f0081ca22e@group-8E192697A9CF-FollowerState was interrupted: java.lang.InterruptedException: sleep interrupted
2019-10-22 02:31:54,192 [Thread-215] INFO  impl.FollowerState (FollowerState.java:run(117)) - ddae0d8b-c866-4e5c-81a7-eef12a7bc666@group-8E192697A9CF-FollowerState was interrupted: java.lang.InterruptedException: sleep interrupted
2019-10-22 02:31:54,193 [grpc-default-executor-1] INFO  impl.RoleInfo (RoleInfo.java:updateAndGet(143)) - 6dc62414-4100-415b-916b-e9f0081ca22e: start FollowerState
2019-10-22 02:31:54,261 [Thread-220] INFO  impl.FollowerState (FollowerState.java:run(108)) - 6dc62414-4100-415b-916b-e9f0081ca22e@group-8E192697A9CF-FollowerState: change to CANDIDATE, lastRpcTime:69ms, electionTimeout:20ms
2019-10-22 02:31:54,262 [Thread-220] INFO  impl.RoleInfo (RoleInfo.java:shutdownFollowerState(121)) - 6dc62414-4100-415b-916b-e9f0081ca22e: shutdown FollowerState
2019-10-22 02:31:54,262 [Thread-220] INFO  impl.RaftServerImpl (RaftServerImpl.java:setRole(184)) - 6dc62414-4100-415b-916b-e9f0081ca22e@group-8E192697A9CF: changes role from  FOLLOWER to CANDIDATE at term 2 for changeToCandidate
2019-10-22 02:31:54,262 [Thread-220] INFO  impl.RoleInfo (RoleInfo.java:updateAndGet(143)) - 6dc62414-4100-415b-916b-e9f0081ca22e: start LeaderElection
2019-10-22 02:31:54,267 [6f2be65d-ce7d-4814-9a9f-e49d79835c35@group-8E192697A9CF-LeaderElection4] INFO  impl.LeaderElection (LeaderElection.java:logAndReturn(56)) - 6f2be65d-ce7d-4814-9a9f-e49d79835c35@group-8E192697A9CF-LeaderElection4: Election PASSED; received 1 response(s) [6f2be65d-ce7d-4814-9a9f-e49d79835c35<-ddae0d8b-c866-4e5c-81a7-eef12a7bc666#0:OK-t2] and 0 exception(s); 6f2be65d-ce7d-4814-9a9f-e49d79835c35@group-8E192697A9CF:t2, leader=null, voted=6f2be65d-ce7d-4814-9a9f-e49d79835c35, raftlog=6f2be65d-ce7d-4814-9a9f-e49d79835c35@group-8E192697A9CF-SegmentedRaftLog:OPENED:c-1,f-1,i0, conf=-1: [6dc62414-4100-415b-916b-e9f0081ca22e:192.168.34.14:40542, 6f2be65d-ce7d-4814-9a9f-e49d79835c35:192.168.34.14:36170, ddae0d8b-c866-4e5c-81a7-eef12a7bc666:192.168.34.14:38819], old=null
2019-10-22 02:31:54,267 [6f2be65d-ce7d-4814-9a9f-e49d79835c35@group-8E192697A9CF-LeaderElection4] INFO  impl.RoleInfo (RoleInfo.java:shutdownLeaderElection(134)) - 6f2be65d-ce7d-4814-9a9f-e49d79835c35: shutdown LeaderElection
2019-10-22 02:31:54,267 [6f2be65d-ce7d-4814-9a9f-e49d79835c35@group-8E192697A9CF-LeaderElection4] INFO  impl.RaftServerImpl (RaftServerImpl.java:setRole(184)) - 6f2be65d-ce7d-4814-9a9f-e49d79835c35@group-8E192697A9CF: changes role from CANDIDATE to LEADER at term 2 for changeToLeader
2019-10-22 02:31:54,269 [6f2be65d-ce7d-4814-9a9f-e49d79835c35@group-8E192697A9CF-LeaderElection4] INFO  impl.RaftServerImpl (ServerState.java:setLeader(256)) - 6f2be65d-ce7d-4814-9a9f-e49d79835c35@group-8E192697A9CF: change Leader from null to 6f2be65d-ce7d-4814-9a9f-e49d79835c35 at term 2 for becomeLeader, leader elected after 271ms
2019-10-22 02:31:54,269 [6f2be65d-ce7d-4814-9a9f-e49d79835c35@group-8E192697A9CF-LeaderElection4] INFO  server.RaftServerConfigKeys (ConfUtils.java:logGet(43)) - raft.server.staging.catchup.gap = 1000 (default)
2019-10-22 02:31:54,269 [6f2be65d-ce7d-4814-9a9f-e49d79835c35@group-8E192697A9CF-LeaderElection4] INFO  server.RaftServerConfigKeys (ConfUtils.java:logGet(43)) - raft.server.rpc.sleep.time = 25ms (default)
2019-10-22 02:31:54,269 [6f2be65d-ce7d-4814-9a9f-e49d79835c35@group-8E192697A9CF-LeaderElection4] INFO  server.RaftServerConfigKeys (ConfUtils.java:logGet(43)) - raft.server.write.element-limit = 4096 (default)
2019-10-22 02:31:54,269 [6f2be65d-ce7d-4814-9a9f-e49d79835c35@group-8E192697A9CF-LeaderElection4] INFO  server.RaftServerConfigKeys (ConfUtils.java:logGet(43)) - raft.server.watch.timeout = 10s (default)
2019-10-22 02:31:54,269 [6f2be65d-ce7d-4814-9a9f-e49d79835c35@group-8E192697A9CF-LeaderElection4] INFO  server.RaftServerConfigKeys (ConfUtils.java:logGet(43)) - raft.server.watch.timeout.denomination = 1s (default)
2019-10-22 02:31:54,269 [6f2be65d-ce7d-4814-9a9f-e49d79835c35@group-8E192697A9CF-LeaderElection4] INFO  server.RaftServerConfigKeys (ConfUtils.java:logGet(43)) - raft.server.watch.element-limit = 65536 (default)
2019-10-22 02:31:54,274 [6f2be65d-ce7d-4814-9a9f-e49d79835c35@group-8E192697A9CF-LeaderElection4] INFO  server.RaftServerConfigKeys (ConfUtils.java:logGet(43)) - raft.server.log.appender.snapshot.chunk.size.max = 16MB (=16777216) (default)
2019-10-22 02:31:54,274 [6f2be65d-ce7d-4814-9a9f-e49d79835c35@group-8E192697A9CF-LeaderElection4] INFO  server.RaftServerConfigKeys (ConfUtils.java:logGet(43)) - raft.server.log.appender.buffer.byte-limit = 33554432 (custom)
2019-10-22 02:31:54,275 [6f2be65d-ce7d-4814-9a9f-e49d79835c35@group-8E192697A9CF-LeaderElection4] INFO  server.RaftServerConfigKeys (ConfUtils.java:logGet(43)) - raft.server.log.appender.buffer.element-limit = 1 (custom)
2019-10-22 02:31:54,278 [6f2be65d-ce7d-4814-9a9f-e49d79835c35@group-8E192697A9CF-LeaderElection4] INFO  grpc.GrpcConfigKeys$Server (ConfUtils.java:logGet(43)) - raft.grpc.server.leader.outstanding.appends.max = 128 (default)
2019-10-22 02:31:54,278 [6f2be65d-ce7d-4814-9a9f-e49d79835c35@group-8E192697A9CF-LeaderElection4] INFO  server.RaftServerConfigKeys (ConfUtils.java:logGet(43)) - raft.server.rpc.request.timeout = 3000ms (default)
2019-10-22 02:31:54,278 [6f2be65d-ce7d-4814-9a9f-e49d79835c35@group-8E192697A9CF-LeaderElection4] INFO  server.RaftServerConfigKeys (ConfUtils.java:logGet(43)) - raft.server.log.appender.install.snapshot.enabled = false (custom)
2019-10-22 02:31:54,282 [6f2be65d-ce7d-4814-9a9f-e49d79835c35@group-8E192697A9CF-LeaderElection4] INFO  server.RaftServerConfigKeys (ConfUtils.java:logGet(43)) - raft.server.log.appender.snapshot.chunk.size.max = 16MB (=16777216) (default)
2019-10-22 02:31:54,282 [6f2be65d-ce7d-4814-9a9f-e49d79835c35@group-8E192697A9CF-LeaderElection4] INFO  server.RaftServerConfigKeys (ConfUtils.java:logGet(43)) - raft.server.log.appender.buffer.byte-limit = 33554432 (custom)
2019-10-22 02:31:54,283 [6f2be65d-ce7d-4814-9a9f-e49d79835c35@group-8E192697A9CF-LeaderElection4] INFO  server.RaftServerConfigKeys (ConfUtils.java:logGet(43)) - raft.server.log.appender.buffer.element-limit = 1 (custom)
2019-10-22 02:31:54,283 [6f2be65d-ce7d-4814-9a9f-e49d79835c35@group-8E192697A9CF-LeaderElection4] INFO  grpc.GrpcConfigKeys$Server (ConfUtils.java:logGet(43)) - raft.grpc.server.leader.outstanding.appends.max = 128 (default)
2019-10-22 02:31:54,283 [6f2be65d-ce7d-4814-9a9f-e49d79835c35@group-8E192697A9CF-LeaderElection4] INFO  server.RaftServerConfigKeys (ConfUtils.java:logGet(43)) - raft.server.rpc.request.timeout = 3000ms (default)
2019-10-22 02:31:54,283 [6f2be65d-ce7d-4814-9a9f-e49d79835c35@group-8E192697A9CF-LeaderElection4] INFO  server.RaftServerConfigKeys (ConfUtils.java:logGet(43)) - raft.server.log.appender.install.snapshot.enabled = false (custom)
2019-10-22 02:31:54,288 [6f2be65d-ce7d-4814-9a9f-e49d79835c35@group-8E192697A9CF-LeaderElection4] INFO  impl.RoleInfo (RoleInfo.java:updateAndGet(143)) - 6f2be65d-ce7d-4814-9a9f-e49d79835c35: start LeaderState
2019-10-22 02:31:54,288 [6f2be65d-ce7d-4814-9a9f-e49d79835c35@group-8E192697A9CF-LeaderElection4] INFO  segmented.SegmentedRaftLogWorker (SegmentedRaftLogWorker.java:startLogSegment(385)) - 6f2be65d-ce7d-4814-9a9f-e49d79835c35@group-8E192697A9CF-SegmentedRaftLogWorker: Starting segment from index:0
2019-10-22 02:31:54,289 [6f2be65d-ce7d-4814-9a9f-e49d79835c35@group-8E192697A9CF-LeaderElection4] INFO  impl.RaftServerImpl (ServerState.java:setRaftConf(357)) - 6f2be65d-ce7d-4814-9a9f-e49d79835c35@group-8E192697A9CF: set configuration 0: [6dc62414-4100-415b-916b-e9f0081ca22e:192.168.34.14:40542, 6f2be65d-ce7d-4814-9a9f-e49d79835c35:192.168.34.14:36170, ddae0d8b-c866-4e5c-81a7-eef12a7bc666:192.168.34.14:38819], old=null at 0
2019-10-22 02:31:54,322 [6dc62414-4100-415b-916b-e9f0081ca22e@group-8E192697A9CF-LeaderElection5] INFO  impl.LeaderElection (LeaderElection.java:askForVotes(178)) - 6dc62414-4100-415b-916b-e9f0081ca22e@group-8E192697A9CF-LeaderElection5: begin an election at term 3 for -1: [6dc62414-4100-415b-916b-e9f0081ca22e:192.168.34.14:40542, 6f2be65d-ce7d-4814-9a9f-e49d79835c35:192.168.34.14:36170, ddae0d8b-c866-4e5c-81a7-eef12a7bc666:192.168.34.14:38819], old=null
2019-10-22 02:31:54,336 [grpc-default-executor-0] INFO  impl.RaftServerImpl (ServerState.java:setLeader(256)) - 6f2be65d-ce7d-4814-9a9f-e49d79835c35@group-8E192697A9CF: change Leader from 6f2be65d-ce7d-4814-9a9f-e49d79835c35 to null at term 3 for updateCurrentTerm
2019-10-22 02:31:54,336 [grpc-default-executor-0] INFO  impl.RaftServerImpl (RaftServerImpl.java:setRole(184)) - 6f2be65d-ce7d-4814-9a9f-e49d79835c35@group-8E192697A9CF: changes role from    LEADER to FOLLOWER at term 3 for recognizeCandidate:6dc62414-4100-415b-916b-e9f0081ca22e
2019-10-22 02:31:54,336 [grpc-default-executor-0] INFO  impl.RoleInfo (RoleInfo.java:shutdownLeaderState(104)) - 6f2be65d-ce7d-4814-9a9f-e49d79835c35: shutdown LeaderState
2019-10-22 02:31:54,339 [org.apache.ratis.server.impl.LogAppender$AppenderDaemon$$Lambda$394/667001541@2e500c46] WARN  server.GrpcLogAppender (GrpcLogAppender.java:mayWait(149)) - 6f2be65d-ce7d-4814-9a9f-e49d79835c35@group-8E192697A9CF->ddae0d8b-c866-4e5c-81a7-eef12a7bc666-GrpcLogAppender: Wait interrupted by java.lang.InterruptedException
2019-10-22 02:31:54,340 [grpc-default-executor-0] INFO  impl.PendingRequests (PendingRequests.java:sendNotLeaderResponses(202)) - 6f2be65d-ce7d-4814-9a9f-e49d79835c35@group-8E192697A9CF-PendingRequests: sendNotLeaderResponses
2019-10-22 02:31:54,339 [org.apache.ratis.server.impl.LogAppender$AppenderDaemon$$Lambda$394/667001541@3e346f02] WARN  server.GrpcLogAppender (GrpcLogAppender.java:mayWait(149)) - 6f2be65d-ce7d-4814-9a9f-e49d79835c35@group-8E192697A9CF->6dc62414-4100-415b-916b-e9f0081ca22e-GrpcLogAppender: Wait interrupted by java.lang.InterruptedException
2019-10-22 02:31:54,351 [Thread-219] INFO  impl.FollowerState (FollowerState.java:run(108)) - ddae0d8b-c866-4e5c-81a7-eef12a7bc666@group-8E192697A9CF-FollowerState: change to CANDIDATE, lastRpcTime:158ms, electionTimeout:157ms
2019-10-22 02:31:54,351 [Thread-219] INFO  impl.RoleInfo (RoleInfo.java:shutdownFollowerState(121)) - ddae0d8b-c866-4e5c-81a7-eef12a7bc666: shutdown FollowerState
2019-10-22 02:31:54,352 [Thread-219] INFO  impl.RaftServerImpl (RaftServerImpl.java:setRole(184)) - ddae0d8b-c866-4e5c-81a7-eef12a7bc666@group-8E192697A9CF: changes role from  FOLLOWER to CANDIDATE at term 2 for changeToCandidate
2019-10-22 02:31:54,352 [grpc-default-executor-0] INFO  impl.RoleInfo (RoleInfo.java:updateAndGet(143)) - 6f2be65d-ce7d-4814-9a9f-e49d79835c35: start FollowerState
2019-10-22 02:31:54,353 [Thread-219] INFO  impl.RoleInfo (RoleInfo.java:updateAndGet(143)) - ddae0d8b-c866-4e5c-81a7-eef12a7bc666: start LeaderElection
2019-10-22 02:31:54,356 [grpc-default-executor-1] INFO  server.GrpcServerProtocolService (GrpcServerProtocolService.java:onCompleted(113)) - ddae0d8b-c866-4e5c-81a7-eef12a7bc666: Completed APPEND_ENTRIES, lastRequest: null
2019-10-22 02:31:54,356 [grpc-default-executor-2] INFO  server.GrpcServerProtocolService (GrpcServerProtocolService.java:onCompleted(113)) - 6dc62414-4100-415b-916b-e9f0081ca22e: Completed APPEND_ENTRIES, lastRequest: null
2019-10-22 02:31:54,358 [6f2be65d-ce7d-4814-9a9f-e49d79835c35@group-8E192697A9CF-SegmentedRaftLogWorker] INFO  segmented.SegmentedRaftLogWorker (SegmentedRaftLogWorker.java:execute(576)) - 6f2be65d-ce7d-4814-9a9f-e49d79835c35@group-8E192697A9CF-SegmentedRaftLogWorker: created new log segment /workdir/hadoop-ozone/integration-test/target/test-dir/MiniOzoneClusterImpl-1e1cbef6-da44-444b-ac78-b5a442d7a72a/datanode-2/data/ratis/82d9ec66-42fd-448b-b6da-8e192697a9cf/current/log_inprogress_0
2019-10-22 02:31:54,360 [ddae0d8b-c866-4e5c-81a7-eef12a7bc666@group-8E192697A9CF-LeaderElection6] INFO  impl.LeaderElection (LeaderElection.java:askForVotes(178)) - ddae0d8b-c866-4e5c-81a7-eef12a7bc666@group-8E192697A9CF-LeaderElection6: begin an election at term 3 for -1: [6dc62414-4100-415b-916b-e9f0081ca22e:192.168.34.14:40542, 6f2be65d-ce7d-4814-9a9f-e49d79835c35:192.168.34.14:36170, ddae0d8b-c866-4e5c-81a7-eef12a7bc666:192.168.34.14:38819], old=null
2019-10-22 02:31:54,360 [grpc-default-executor-2] INFO  server.GrpcLogAppender (GrpcLogAppender.java:onCompleted(308)) - 6f2be65d-ce7d-4814-9a9f-e49d79835c35@group-8E192697A9CF->6dc62414-4100-415b-916b-e9f0081ca22e-AppendLogResponseHandler: follower responses appendEntries COMPLETED
2019-10-22 02:31:54,360 [grpc-default-executor-1] INFO  server.GrpcLogAppender (GrpcLogAppender.java:onCompleted(308)) - 6f2be65d-ce7d-4814-9a9f-e49d79835c35@group-8E192697A9CF->ddae0d8b-c866-4e5c-81a7-eef12a7bc666-AppendLogResponseHandler: follower responses appendEntries COMPLETED
2019-10-22 02:31:54,372 [6dc62414-4100-415b-916b-e9f0081ca22e@group-8E192697A9CF-LeaderElection5] INFO  impl.LeaderElection (LeaderElection.java:logAndReturn(56)) - 6dc62414-4100-415b-916b-e9f0081ca22e@group-8E192697A9CF-LeaderElection5: Election REJECTED; received 2 response(s) [6dc62414-4100-415b-916b-e9f0081ca22e<-6f2be65d-ce7d-4814-9a9f-e49d79835c35#0:FAIL-t3, 6dc62414-4100-415b-916b-e9f0081ca22e<-ddae0d8b-c866-4e5c-81a7-eef12a7bc666#0:FAIL-t3] and 0 exception(s); 6dc62414-4100-415b-916b-e9f0081ca22e@group-8E192697A9CF:t3, leader=null, voted=6dc62414-4100-415b-916b-e9f0081ca22e, raftlog=6dc62414-4100-415b-916b-e9f0081ca22e@group-8E192697A9CF-SegmentedRaftLog:OPENED:c-1,f-1,i0, conf=-1: [6dc62414-4100-415b-916b-e9f0081ca22e:192.168.34.14:40542, 6f2be65d-ce7d-4814-9a9f-e49d79835c35:192.168.34.14:36170, ddae0d8b-c866-4e5c-81a7-eef12a7bc666:192.168.34.14:38819], old=null
2019-10-22 02:31:54,373 [grpc-default-executor-2] INFO  impl.FollowerInfo (FollowerInfo.java:lambda$new$0(51)) - 6f2be65d-ce7d-4814-9a9f-e49d79835c35@group-8E192697A9CF->6dc62414-4100-415b-916b-e9f0081ca22e: nextIndex: updateUnconditionally 0 -> 0
2019-10-22 02:31:54,373 [6dc62414-4100-415b-916b-e9f0081ca22e@group-8E192697A9CF-LeaderElection5] INFO  impl.RaftServerImpl (RaftServerImpl.java:setRole(184)) - 6dc62414-4100-415b-916b-e9f0081ca22e@group-8E192697A9CF: changes role from CANDIDATE to FOLLOWER at term 3 for DISCOVERED_A_NEW_TERM
2019-10-22 02:31:54,375 [6dc62414-4100-415b-916b-e9f0081ca22e@group-8E192697A9CF-LeaderElection5] INFO  impl.RoleInfo (RoleInfo.java:shutdownLeaderElection(134)) - 6dc62414-4100-415b-916b-e9f0081ca22e: shutdown LeaderElection
2019-10-22 02:31:54,375 [6dc62414-4100-415b-916b-e9f0081ca22e@group-8E192697A9CF-LeaderElection5] INFO  impl.RoleInfo (RoleInfo.java:updateAndGet(143)) - 6dc62414-4100-415b-916b-e9f0081ca22e: start FollowerState
2019-10-22 02:31:54,375 [grpc-default-executor-1] INFO  impl.FollowerInfo (FollowerInfo.java:lambda$new$0(51)) - 6f2be65d-ce7d-4814-9a9f-e49d79835c35@group-8E192697A9CF->ddae0d8b-c866-4e5c-81a7-eef12a7bc666: nextIndex: updateUnconditionally 0 -> 0
2019-10-22 02:31:54,384 [grpc-default-executor-1] INFO  impl.RaftServerImpl (RaftServerImpl.java:setRole(184)) - 6f2be65d-ce7d-4814-9a9f-e49d79835c35@group-8E192697A9CF: changes role from  FOLLOWER to FOLLOWER at term 3 for recognizeCandidate:ddae0d8b-c866-4e5c-81a7-eef12a7bc666
2019-10-22 02:31:54,384 [grpc-default-executor-1] INFO  impl.RoleInfo (RoleInfo.java:shutdownFollowerState(121)) - 6f2be65d-ce7d-4814-9a9f-e49d79835c35: shutdown FollowerState
2019-10-22 02:31:54,385 [grpc-default-executor-1] INFO  impl.RoleInfo (RoleInfo.java:updateAndGet(143)) - 6f2be65d-ce7d-4814-9a9f-e49d79835c35: start FollowerState
2019-10-22 02:31:54,385 [Thread-228] INFO  impl.FollowerState (FollowerState.java:run(117)) - 6f2be65d-ce7d-4814-9a9f-e49d79835c35@group-8E192697A9CF-FollowerState was interrupted: java.lang.InterruptedException: sleep interrupted
2019-10-22 02:31:54,389 [ddae0d8b-c866-4e5c-81a7-eef12a7bc666@group-8E192697A9CF-LeaderElection6] INFO  impl.LeaderElection (LeaderElection.java:logAndReturn(56)) - ddae0d8b-c866-4e5c-81a7-eef12a7bc666@group-8E192697A9CF-LeaderElection6: Election REJECTED; received 2 response(s) [ddae0d8b-c866-4e5c-81a7-eef12a7bc666<-6dc62414-4100-415b-916b-e9f0081ca22e#0:FAIL-t3, ddae0d8b-c866-4e5c-81a7-eef12a7bc666<-6f2be65d-ce7d-4814-9a9f-e49d79835c35#0:FAIL-t3] and 0 exception(s); ddae0d8b-c866-4e5c-81a7-eef12a7bc666@group-8E192697A9CF:t3, leader=null, voted=ddae0d8b-c866-4e5c-81a7-eef12a7bc666, raftlog=ddae0d8b-c866-4e5c-81a7-eef12a7bc666@group-8E192697A9CF-SegmentedRaftLog:OPENED:c-1,f-1,i0, conf=-1: [6dc62414-4100-415b-916b-e9f0081ca22e:192.168.34.14:40542, 6f2be65d-ce7d-4814-9a9f-e49d79835c35:192.168.34.14:36170, ddae0d8b-c866-4e5c-81a7-eef12a7bc666:192.168.34.14:38819], old=null
2019-10-22 02:31:54,389 [ddae0d8b-c866-4e5c-81a7-eef12a7bc666@group-8E192697A9CF-LeaderElection6] INFO  impl.RaftServerImpl (RaftServerImpl.java:setRole(184)) - ddae0d8b-c866-4e5c-81a7-eef12a7bc666@group-8E192697A9CF: changes role from CANDIDATE to FOLLOWER at term 3 for DISCOVERED_A_NEW_TERM
2019-10-22 02:31:54,391 [ddae0d8b-c866-4e5c-81a7-eef12a7bc666@group-8E192697A9CF-LeaderElection6] INFO  impl.RoleInfo (RoleInfo.java:shutdownLeaderElection(134)) - ddae0d8b-c866-4e5c-81a7-eef12a7bc666: shutdown LeaderElection
2019-10-22 02:31:54,391 [ddae0d8b-c866-4e5c-81a7-eef12a7bc666@group-8E192697A9CF-LeaderElection6] INFO  impl.RoleInfo (RoleInfo.java:updateAndGet(143)) - ddae0d8b-c866-4e5c-81a7-eef12a7bc666: start FollowerState
2019-10-22 02:31:54,466 [Thread-234] INFO  impl.FollowerState (FollowerState.java:run(108)) - ddae0d8b-c866-4e5c-81a7-eef12a7bc666@group-8E192697A9CF-FollowerState: change to CANDIDATE, lastRpcTime:74ms, electionTimeout:74ms
2019-10-22 02:31:54,467 [Thread-234] INFO  impl.RoleInfo (RoleInfo.java:shutdownFollowerState(121)) - ddae0d8b-c866-4e5c-81a7-eef12a7bc666: shutdown FollowerState
2019-10-22 02:31:54,467 [Thread-234] INFO  impl.RaftServerImpl (RaftServerImpl.java:setRole(184)) - ddae0d8b-c866-4e5c-81a7-eef12a7bc666@group-8E192697A9CF: changes role from  FOLLOWER to CANDIDATE at term 3 for changeToCandidate
2019-10-22 02:31:54,467 [Thread-234] INFO  impl.RoleInfo (RoleInfo.java:updateAndGet(143)) - ddae0d8b-c866-4e5c-81a7-eef12a7bc666: start LeaderElection
2019-10-22 02:31:54,513 [Thread-232] INFO  impl.FollowerState (FollowerState.java:run(108)) - 6dc62414-4100-415b-916b-e9f0081ca22e@group-8E192697A9CF-FollowerState: change to CANDIDATE, lastRpcTime:138ms, electionTimeout:136ms
2019-10-22 02:31:54,514 [Thread-232] INFO  impl.RoleInfo (RoleInfo.java:shutdownFollowerState(121)) - 6dc62414-4100-415b-916b-e9f0081ca22e: shutdown FollowerState
2019-10-22 02:31:54,514 [Thread-232] INFO  impl.RaftServerImpl (RaftServerImpl.java:setRole(184)) - 6dc62414-4100-415b-916b-e9f0081ca22e@group-8E192697A9CF: changes role from  FOLLOWER to CANDIDATE at term 3 for changeToCandidate
2019-10-22 02:31:54,514 [Thread-232] INFO  impl.RoleInfo (RoleInfo.java:updateAndGet(143)) - 6dc62414-4100-415b-916b-e9f0081ca22e: start LeaderElection
2019-10-22 02:31:54,544 [ddae0d8b-c866-4e5c-81a7-eef12a7bc666@group-8E192697A9CF-LeaderElection7] INFO  impl.LeaderElection (LeaderElection.java:askForVotes(178)) - ddae0d8b-c866-4e5c-81a7-eef12a7bc666@group-8E192697A9CF-LeaderElection7: begin an election at term 4 for -1: [6dc62414-4100-415b-916b-e9f0081ca22e:192.168.34.14:40542, 6f2be65d-ce7d-4814-9a9f-e49d79835c35:192.168.34.14:36170, ddae0d8b-c866-4e5c-81a7-eef12a7bc666:192.168.34.14:38819], old=null
2019-10-22 02:31:54,551 [grpc-default-executor-2] INFO  impl.RaftServerImpl (RaftServerImpl.java:setRole(184)) - 6f2be65d-ce7d-4814-9a9f-e49d79835c35@group-8E192697A9CF: changes role from  FOLLOWER to FOLLOWER at term 4 for recognizeCandidate:ddae0d8b-c866-4e5c-81a7-eef12a7bc666
2019-10-22 02:31:54,551 [grpc-default-executor-2] INFO  impl.RoleInfo (RoleInfo.java:shutdownFollowerState(121)) - 6f2be65d-ce7d-4814-9a9f-e49d79835c35: shutdown FollowerState
2019-10-22 02:31:54,552 [Thread-233] INFO  impl.FollowerState (FollowerState.java:run(117)) - 6f2be65d-ce7d-4814-9a9f-e49d79835c35@group-8E192697A9CF-FollowerState was interrupted: java.lang.InterruptedException: sleep interrupted
2019-10-22 02:31:54,552 [grpc-default-executor-2] INFO  impl.RoleInfo (RoleInfo.java:updateAndGet(143)) - 6f2be65d-ce7d-4814-9a9f-e49d79835c35: start FollowerState
2019-10-22 02:31:54,576 [6dc62414-4100-415b-916b-e9f0081ca22e@group-8E192697A9CF-LeaderElection8] INFO  impl.LeaderElection (LeaderElection.java:askForVotes(178)) - 6dc62414-4100-415b-916b-e9f0081ca22e@group-8E192697A9CF-LeaderElection8: begin an election at term 4 for -1: [6dc62414-4100-415b-916b-e9f0081ca22e:192.168.34.14:40542, 6f2be65d-ce7d-4814-9a9f-e49d79835c35:192.168.34.14:36170, ddae0d8b-c866-4e5c-81a7-eef12a7bc666:192.168.34.14:38819], old=null
2019-10-22 02:31:54,600 [grpc-default-executor-3] INFO  impl.RaftServerImpl (RaftServerImpl.java:setRole(184)) - 6f2be65d-ce7d-4814-9a9f-e49d79835c35@group-8E192697A9CF: changes role from  FOLLOWER to FOLLOWER at term 4 for recognizeCandidate:6dc62414-4100-415b-916b-e9f0081ca22e
2019-10-22 02:31:54,600 [grpc-default-executor-3] INFO  impl.RoleInfo (RoleInfo.java:shutdownFollowerState(121)) - 6f2be65d-ce7d-4814-9a9f-e49d79835c35: shutdown FollowerState
2019-10-22 02:31:54,600 [Thread-240] INFO  impl.FollowerState (FollowerState.java:run(117)) - 6f2be65d-ce7d-4814-9a9f-e49d79835c35@group-8E192697A9CF-FollowerState was interrupted: java.lang.InterruptedException: sleep interrupted
2019-10-22 02:31:54,600 [grpc-default-executor-3] INFO  impl.RoleInfo (RoleInfo.java:updateAndGet(143)) - 6f2be65d-ce7d-4814-9a9f-e49d79835c35: start FollowerState
2019-10-22 02:31:54,608 [6dc62414-4100-415b-916b-e9f0081ca22e@group-8E192697A9CF-LeaderElection8] INFO  impl.LeaderElection (LeaderElection.java:logAndReturn(56)) - 6dc62414-4100-415b-916b-e9f0081ca22e@group-8E192697A9CF-LeaderElection8: Election REJECTED; received 2 response(s) [6dc62414-4100-415b-916b-e9f0081ca22e<-6f2be65d-ce7d-4814-9a9f-e49d79835c35#0:FAIL-t4, 6dc62414-4100-415b-916b-e9f0081ca22e<-ddae0d8b-c866-4e5c-81a7-eef12a7bc666#0:FAIL-t4] and 0 exception(s); 6dc62414-4100-415b-916b-e9f0081ca22e@group-8E192697A9CF:t4, leader=null, voted=6dc62414-4100-415b-916b-e9f0081ca22e, raftlog=6dc62414-4100-415b-916b-e9f0081ca22e@group-8E192697A9CF-SegmentedRaftLog:OPENED:c-1,f-1,i0, conf=-1: [6dc62414-4100-415b-916b-e9f0081ca22e:192.168.34.14:40542, 6f2be65d-ce7d-4814-9a9f-e49d79835c35:192.168.34.14:36170, ddae0d8b-c866-4e5c-81a7-eef12a7bc666:192.168.34.14:38819], old=null
2019-10-22 02:31:54,608 [6dc62414-4100-415b-916b-e9f0081ca22e@group-8E192697A9CF-LeaderElection8] INFO  impl.RaftServerImpl (RaftServerImpl.java:setRole(184)) - 6dc62414-4100-415b-916b-e9f0081ca22e@group-8E192697A9CF: changes role from CANDIDATE to FOLLOWER at term 4 for DISCOVERED_A_NEW_TERM
2019-10-22 02:31:54,608 [ddae0d8b-c866-4e5c-81a7-eef12a7bc666@group-8E192697A9CF-LeaderElection7] INFO  impl.LeaderElection (LeaderElection.java:logAndReturn(56)) - ddae0d8b-c866-4e5c-81a7-eef12a7bc666@group-8E192697A9CF-LeaderElection7: Election REJECTED; received 2 response(s) [ddae0d8b-c866-4e5c-81a7-eef12a7bc666<-6dc62414-4100-415b-916b-e9f0081ca22e#0:FAIL-t4, ddae0d8b-c866-4e5c-81a7-eef12a7bc666<-6f2be65d-ce7d-4814-9a9f-e49d79835c35#0:FAIL-t4] and 0 exception(s); ddae0d8b-c866-4e5c-81a7-eef12a7bc666@group-8E192697A9CF:t4, leader=null, voted=ddae0d8b-c866-4e5c-81a7-eef12a7bc666, raftlog=ddae0d8b-c866-4e5c-81a7-eef12a7bc666@group-8E192697A9CF-SegmentedRaftLog:OPENED:c-1,f-1,i0, conf=-1: [6dc62414-4100-415b-916b-e9f0081ca22e:192.168.34.14:40542, 6f2be65d-ce7d-4814-9a9f-e49d79835c35:192.168.34.14:36170, ddae0d8b-c866-4e5c-81a7-eef12a7bc666:192.168.34.14:38819], old=null
2019-10-22 02:31:54,609 [6dc62414-4100-415b-916b-e9f0081ca22e@group-8E192697A9CF-LeaderElection8] INFO  impl.RoleInfo (RoleInfo.java:shutdownLeaderElection(134)) - 6dc62414-4100-415b-916b-e9f0081ca22e: shutdown LeaderElection
2019-10-22 02:31:54,610 [ddae0d8b-c866-4e5c-81a7-eef12a7bc666@group-8E192697A9CF-LeaderElection7] INFO  impl.RaftServerImpl (RaftServerImpl.java:setRole(184)) - ddae0d8b-c866-4e5c-81a7-eef12a7bc666@group-8E192697A9CF: changes role from CANDIDATE to FOLLOWER at term 4 for DISCOVERED_A_NEW_TERM
2019-10-22 02:31:54,611 [ddae0d8b-c866-4e5c-81a7-eef12a7bc666@group-8E192697A9CF-LeaderElection7] INFO  impl.RoleInfo (RoleInfo.java:shutdownLeaderElection(134)) - ddae0d8b-c866-4e5c-81a7-eef12a7bc666: shutdown LeaderElection
2019-10-22 02:31:54,614 [ddae0d8b-c866-4e5c-81a7-eef12a7bc666@group-8E192697A9CF-LeaderElection7] INFO  impl.RoleInfo (RoleInfo.java:updateAndGet(143)) - ddae0d8b-c866-4e5c-81a7-eef12a7bc666: start FollowerState
2019-10-22 02:31:54,614 [6dc62414-4100-415b-916b-e9f0081ca22e@group-8E192697A9CF-LeaderElection8] INFO  impl.RoleInfo (RoleInfo.java:updateAndGet(143)) - 6dc62414-4100-415b-916b-e9f0081ca22e: start FollowerState
2019-10-22 02:31:54,888 [Thread-244] INFO  impl.FollowerState (FollowerState.java:run(108)) - 6dc62414-4100-415b-916b-e9f0081ca22e@group-8E192697A9CF-FollowerState: change to CANDIDATE, lastRpcTime:274ms, electionTimeout:179ms
2019-10-22 02:31:54,888 [Thread-245] INFO  impl.FollowerState (FollowerState.java:run(108)) - ddae0d8b-c866-4e5c-81a7-eef12a7bc666@group-8E192697A9CF-FollowerState: change to CANDIDATE, lastRpcTime:274ms, electionTimeout:190ms
2019-10-22 02:31:54,889 [Thread-244] INFO  impl.RoleInfo (RoleInfo.java:shutdownFollowerState(121)) - 6dc62414-4100-415b-916b-e9f0081ca22e: shutdown FollowerState
2019-10-22 02:31:54,890 [Thread-245] INFO  impl.RoleInfo (RoleInfo.java:shutdownFollowerState(121)) - ddae0d8b-c866-4e5c-81a7-eef12a7bc666: shutdown FollowerState
2019-10-22 02:31:54,893 [Thread-244] INFO  impl.RaftServerImpl (RaftServerImpl.java:setRole(184)) - 6dc62414-4100-415b-916b-e9f0081ca22e@group-8E192697A9CF: changes role from  FOLLOWER to CANDIDATE at term 4 for changeToCandidate
2019-10-22 02:31:54,893 [Thread-245] INFO  impl.RaftServerImpl (RaftServerImpl.java:setRole(184)) - ddae0d8b-c866-4e5c-81a7-eef12a7bc666@group-8E192697A9CF: changes role from  FOLLOWER to CANDIDATE at term 4 for changeToCandidate
2019-10-22 02:31:54,894 [Thread-244] INFO  impl.RoleInfo (RoleInfo.java:updateAndGet(143)) - 6dc62414-4100-415b-916b-e9f0081ca22e: start LeaderElection
2019-10-22 02:31:54,894 [Thread-245] INFO  impl.RoleInfo (RoleInfo.java:updateAndGet(143)) - ddae0d8b-c866-4e5c-81a7-eef12a7bc666: start LeaderElection
2019-10-22 02:31:54,894 [main] INFO  rpc.RpcClient (RpcClient.java:createVolume(272)) - Creating Volume: testcontainerstatemachinefailures, with jenkins1000 as owner.
2019-10-22 02:31:54,914 [6dc62414-4100-415b-916b-e9f0081ca22e@group-8E192697A9CF-LeaderElection9] INFO  impl.LeaderElection (LeaderElection.java:askForVotes(178)) - 6dc62414-4100-415b-916b-e9f0081ca22e@group-8E192697A9CF-LeaderElection9: begin an election at term 5 for -1: [6dc62414-4100-415b-916b-e9f0081ca22e:192.168.34.14:40542, 6f2be65d-ce7d-4814-9a9f-e49d79835c35:192.168.34.14:36170, ddae0d8b-c866-4e5c-81a7-eef12a7bc666:192.168.34.14:38819], old=null
2019-10-22 02:31:54,916 [ddae0d8b-c866-4e5c-81a7-eef12a7bc666@group-8E192697A9CF-LeaderElection10] INFO  impl.LeaderElection (LeaderElection.java:askForVotes(178)) - ddae0d8b-c866-4e5c-81a7-eef12a7bc666@group-8E192697A9CF-LeaderElection10: begin an election at term 5 for -1: [6dc62414-4100-415b-916b-e9f0081ca22e:192.168.34.14:40542, 6f2be65d-ce7d-4814-9a9f-e49d79835c35:192.168.34.14:36170, ddae0d8b-c866-4e5c-81a7-eef12a7bc666:192.168.34.14:38819], old=null
2019-10-22 02:31:54,940 [grpc-default-executor-3] INFO  impl.RaftServerImpl (RaftServerImpl.java:setRole(184)) - 6f2be65d-ce7d-4814-9a9f-e49d79835c35@group-8E192697A9CF: changes role from  FOLLOWER to FOLLOWER at term 5 for recognizeCandidate:6dc62414-4100-415b-916b-e9f0081ca22e
2019-10-22 02:31:54,940 [grpc-default-executor-3] INFO  impl.RoleInfo (RoleInfo.java:shutdownFollowerState(121)) - 6f2be65d-ce7d-4814-9a9f-e49d79835c35: shutdown FollowerState
2019-10-22 02:31:54,946 [grpc-default-executor-3] INFO  impl.RoleInfo (RoleInfo.java:updateAndGet(143)) - 6f2be65d-ce7d-4814-9a9f-e49d79835c35: start FollowerState
2019-10-22 02:31:54,946 [Thread-243] INFO  impl.FollowerState (FollowerState.java:run(117)) - 6f2be65d-ce7d-4814-9a9f-e49d79835c35@group-8E192697A9CF-FollowerState was interrupted: java.lang.InterruptedException: sleep interrupted
2019-10-22 02:31:54,961 [grpc-default-executor-1] INFO  impl.RaftServerImpl (RaftServerImpl.java:setRole(184)) - 6f2be65d-ce7d-4814-9a9f-e49d79835c35@group-8E192697A9CF: changes role from  FOLLOWER to FOLLOWER at term 5 for recognizeCandidate:ddae0d8b-c866-4e5c-81a7-eef12a7bc666
2019-10-22 02:31:54,961 [grpc-default-executor-1] INFO  impl.RoleInfo (RoleInfo.java:shutdownFollowerState(121)) - 6f2be65d-ce7d-4814-9a9f-e49d79835c35: shutdown FollowerState
2019-10-22 02:31:54,961 [grpc-default-executor-1] INFO  impl.RoleInfo (RoleInfo.java:updateAndGet(143)) - 6f2be65d-ce7d-4814-9a9f-e49d79835c35: start FollowerState
2019-10-22 02:31:54,961 [Thread-253] INFO  impl.FollowerState (FollowerState.java:run(117)) - 6f2be65d-ce7d-4814-9a9f-e49d79835c35@group-8E192697A9CF-FollowerState was interrupted: java.lang.InterruptedException: sleep interrupted
2019-10-22 02:31:54,970 [6dc62414-4100-415b-916b-e9f0081ca22e@group-8E192697A9CF-LeaderElection9] INFO  impl.LeaderElection (LeaderElection.java:logAndReturn(56)) - 6dc62414-4100-415b-916b-e9f0081ca22e@group-8E192697A9CF-LeaderElection9: Election REJECTED; received 2 response(s) [6dc62414-4100-415b-916b-e9f0081ca22e<-6f2be65d-ce7d-4814-9a9f-e49d79835c35#0:FAIL-t5, 6dc62414-4100-415b-916b-e9f0081ca22e<-ddae0d8b-c866-4e5c-81a7-eef12a7bc666#0:FAIL-t5] and 0 exception(s); 6dc62414-4100-415b-916b-e9f0081ca22e@group-8E192697A9CF:t5, leader=null, voted=6dc62414-4100-415b-916b-e9f0081ca22e, raftlog=6dc62414-4100-415b-916b-e9f0081ca22e@group-8E192697A9CF-SegmentedRaftLog:OPENED:c-1,f-1,i0, conf=-1: [6dc62414-4100-415b-916b-e9f0081ca22e:192.168.34.14:40542, 6f2be65d-ce7d-4814-9a9f-e49d79835c35:192.168.34.14:36170, ddae0d8b-c866-4e5c-81a7-eef12a7bc666:192.168.34.14:38819], old=null
2019-10-22 02:31:54,972 [ddae0d8b-c866-4e5c-81a7-eef12a7bc666@group-8E192697A9CF-LeaderElection10] INFO  impl.LeaderElection (LeaderElection.java:logAndReturn(56)) - ddae0d8b-c866-4e5c-81a7-eef12a7bc666@group-8E192697A9CF-LeaderElection10: Election REJECTED; received 2 response(s) [ddae0d8b-c866-4e5c-81a7-eef12a7bc666<-6dc62414-4100-415b-916b-e9f0081ca22e#0:FAIL-t5, ddae0d8b-c866-4e5c-81a7-eef12a7bc666<-6f2be65d-ce7d-4814-9a9f-e49d79835c35#0:FAIL-t5] and 0 exception(s); ddae0d8b-c866-4e5c-81a7-eef12a7bc666@group-8E192697A9CF:t5, leader=null, voted=ddae0d8b-c866-4e5c-81a7-eef12a7bc666, raftlog=ddae0d8b-c866-4e5c-81a7-eef12a7bc666@group-8E192697A9CF-SegmentedRaftLog:OPENED:c-1,f-1,i0, conf=-1: [6dc62414-4100-415b-916b-e9f0081ca22e:192.168.34.14:40542, 6f2be65d-ce7d-4814-9a9f-e49d79835c35:192.168.34.14:36170, ddae0d8b-c866-4e5c-81a7-eef12a7bc666:192.168.34.14:38819], old=null
2019-10-22 02:31:54,975 [ddae0d8b-c866-4e5c-81a7-eef12a7bc666@group-8E192697A9CF-LeaderElection10] INFO  impl.RaftServerImpl (RaftServerImpl.java:setRole(184)) - ddae0d8b-c866-4e5c-81a7-eef12a7bc666@group-8E192697A9CF: changes role from CANDIDATE to FOLLOWER at term 5 for DISCOVERED_A_NEW_TERM
2019-10-22 02:31:54,975 [ddae0d8b-c866-4e5c-81a7-eef12a7bc666@group-8E192697A9CF-LeaderElection10] INFO  impl.RoleInfo (RoleInfo.java:shutdownLeaderElection(134)) - ddae0d8b-c866-4e5c-81a7-eef12a7bc666: shutdown LeaderElection
2019-10-22 02:31:54,975 [6dc62414-4100-415b-916b-e9f0081ca22e@group-8E192697A9CF-LeaderElection9] INFO  impl.RaftServerImpl (RaftServerImpl.java:setRole(184)) - 6dc62414-4100-415b-916b-e9f0081ca22e@group-8E192697A9CF: changes role from CANDIDATE to FOLLOWER at term 5 for DISCOVERED_A_NEW_TERM
2019-10-22 02:31:54,976 [ddae0d8b-c866-4e5c-81a7-eef12a7bc666@group-8E192697A9CF-LeaderElection10] INFO  impl.RoleInfo (RoleInfo.java:updateAndGet(143)) - ddae0d8b-c866-4e5c-81a7-eef12a7bc666: start FollowerState
2019-10-22 02:31:54,976 [6dc62414-4100-415b-916b-e9f0081ca22e@group-8E192697A9CF-LeaderElection9] INFO  impl.RoleInfo (RoleInfo.java:shutdownLeaderElection(134)) - 6dc62414-4100-415b-916b-e9f0081ca22e: shutdown LeaderElection
2019-10-22 02:31:54,978 [6dc62414-4100-415b-916b-e9f0081ca22e@group-8E192697A9CF-LeaderElection9] INFO  impl.RoleInfo (RoleInfo.java:updateAndGet(143)) - 6dc62414-4100-415b-916b-e9f0081ca22e: start FollowerState
2019-10-22 02:31:55,016 [Thread-256] INFO  impl.FollowerState (FollowerState.java:run(108)) - 6dc62414-4100-415b-916b-e9f0081ca22e@group-8E192697A9CF-FollowerState: change to CANDIDATE, lastRpcTime:38ms, electionTimeout:37ms
2019-10-22 02:31:55,016 [Thread-256] INFO  impl.RoleInfo (RoleInfo.java:shutdownFollowerState(121)) - 6dc62414-4100-415b-916b-e9f0081ca22e: shutdown FollowerState
2019-10-22 02:31:55,016 [Thread-256] INFO  impl.RaftServerImpl (RaftServerImpl.java:setRole(184)) - 6dc62414-4100-415b-916b-e9f0081ca22e@group-8E192697A9CF: changes role from  FOLLOWER to CANDIDATE at term 5 for changeToCandidate
2019-10-22 02:31:55,016 [Thread-256] INFO  impl.RoleInfo (RoleInfo.java:updateAndGet(143)) - 6dc62414-4100-415b-916b-e9f0081ca22e: start LeaderElection
2019-10-22 02:31:55,035 [6dc62414-4100-415b-916b-e9f0081ca22e@group-8E192697A9CF-LeaderElection11] INFO  impl.LeaderElection (LeaderElection.java:askForVotes(178)) - 6dc62414-4100-415b-916b-e9f0081ca22e@group-8E192697A9CF-LeaderElection11: begin an election at term 6 for -1: [6dc62414-4100-415b-916b-e9f0081ca22e:192.168.34.14:40542, 6f2be65d-ce7d-4814-9a9f-e49d79835c35:192.168.34.14:36170, ddae0d8b-c866-4e5c-81a7-eef12a7bc666:192.168.34.14:38819], old=null
2019-10-22 02:31:55,037 [IPC Server handler 16 on 42495] INFO  volume.OMVolumeCreateRequest (OMVolumeCreateRequest.java:validateAndUpdateCache(193)) - created volume:testcontainerstatemachinefailures for user:jenkins1000
2019-10-22 02:31:55,040 [grpc-default-executor-1] INFO  impl.RaftServerImpl (RaftServerImpl.java:setRole(184)) - ddae0d8b-c866-4e5c-81a7-eef12a7bc666@group-8E192697A9CF: changes role from  FOLLOWER to FOLLOWER at term 6 for recognizeCandidate:6dc62414-4100-415b-916b-e9f0081ca22e
2019-10-22 02:31:55,040 [grpc-default-executor-3] INFO  impl.RaftServerImpl (RaftServerImpl.java:setRole(184)) - 6f2be65d-ce7d-4814-9a9f-e49d79835c35@group-8E192697A9CF: changes role from  FOLLOWER to FOLLOWER at term 6 for recognizeCandidate:6dc62414-4100-415b-916b-e9f0081ca22e
2019-10-22 02:31:55,040 [grpc-default-executor-1] INFO  impl.RoleInfo (RoleInfo.java:shutdownFollowerState(121)) - ddae0d8b-c866-4e5c-81a7-eef12a7bc666: shutdown FollowerState
2019-10-22 02:31:55,041 [grpc-default-executor-3] INFO  impl.RoleInfo (RoleInfo.java:shutdownFollowerState(121)) - 6f2be65d-ce7d-4814-9a9f-e49d79835c35: shutdown FollowerState
2019-10-22 02:31:55,041 [Thread-255] INFO  impl.FollowerState (FollowerState.java:run(117)) - ddae0d8b-c866-4e5c-81a7-eef12a7bc666@group-8E192697A9CF-FollowerState was interrupted: java.lang.InterruptedException: sleep interrupted
2019-10-22 02:31:55,041 [grpc-default-executor-3] INFO  impl.RoleInfo (RoleInfo.java:updateAndGet(143)) - 6f2be65d-ce7d-4814-9a9f-e49d79835c35: start FollowerState
2019-10-22 02:31:55,041 [grpc-default-executor-1] INFO  impl.RoleInfo (RoleInfo.java:updateAndGet(143)) - ddae0d8b-c866-4e5c-81a7-eef12a7bc666: start FollowerState
2019-10-22 02:31:55,041 [Thread-254] INFO  impl.FollowerState (FollowerState.java:run(117)) - 6f2be65d-ce7d-4814-9a9f-e49d79835c35@group-8E192697A9CF-FollowerState was interrupted: java.lang.InterruptedException: sleep interrupted
2019-10-22 02:31:55,058 [6dc62414-4100-415b-916b-e9f0081ca22e@group-8E192697A9CF-LeaderElection11] INFO  impl.LeaderElection (LeaderElection.java:logAndReturn(56)) - 6dc62414-4100-415b-916b-e9f0081ca22e@group-8E192697A9CF-LeaderElection11: Election PASSED; received 1 response(s) [6dc62414-4100-415b-916b-e9f0081ca22e<-ddae0d8b-c866-4e5c-81a7-eef12a7bc666#0:OK-t6] and 0 exception(s); 6dc62414-4100-415b-916b-e9f0081ca22e@group-8E192697A9CF:t6, leader=null, voted=6dc62414-4100-415b-916b-e9f0081ca22e, raftlog=6dc62414-4100-415b-916b-e9f0081ca22e@group-8E192697A9CF-SegmentedRaftLog:OPENED:c-1,f-1,i0, conf=-1: [6dc62414-4100-415b-916b-e9f0081ca22e:192.168.34.14:40542, 6f2be65d-ce7d-4814-9a9f-e49d79835c35:192.168.34.14:36170, ddae0d8b-c866-4e5c-81a7-eef12a7bc666:192.168.34.14:38819], old=null
2019-10-22 02:31:55,060 [6dc62414-4100-415b-916b-e9f0081ca22e@group-8E192697A9CF-LeaderElection11] INFO  impl.RoleInfo (RoleInfo.java:shutdownLeaderElection(134)) - 6dc62414-4100-415b-916b-e9f0081ca22e: shutdown LeaderElection
2019-10-22 02:31:55,061 [6dc62414-4100-415b-916b-e9f0081ca22e@group-8E192697A9CF-LeaderElection11] INFO  impl.RaftServerImpl (RaftServerImpl.java:setRole(184)) - 6dc62414-4100-415b-916b-e9f0081ca22e@group-8E192697A9CF: changes role from CANDIDATE to LEADER at term 6 for changeToLeader
2019-10-22 02:31:55,061 [6dc62414-4100-415b-916b-e9f0081ca22e@group-8E192697A9CF-LeaderElection11] INFO  impl.RaftServerImpl (ServerState.java:setLeader(256)) - 6dc62414-4100-415b-916b-e9f0081ca22e@group-8E192697A9CF: change Leader from null to 6dc62414-4100-415b-916b-e9f0081ca22e at term 6 for becomeLeader, leader elected after 1063ms
2019-10-22 02:31:55,062 [6dc62414-4100-415b-916b-e9f0081ca22e@group-8E192697A9CF-LeaderElection11] INFO  server.RaftServerConfigKeys (ConfUtils.java:logGet(43)) - raft.server.staging.catchup.gap = 1000 (default)
2019-10-22 02:31:55,062 [6dc62414-4100-415b-916b-e9f0081ca22e@group-8E192697A9CF-LeaderElection11] INFO  server.RaftServerConfigKeys (ConfUtils.java:logGet(43)) - raft.server.rpc.sleep.time = 25ms (default)
2019-10-22 02:31:55,063 [6dc62414-4100-415b-916b-e9f0081ca22e@group-8E192697A9CF-LeaderElection11] INFO  server.RaftServerConfigKeys (ConfUtils.java:logGet(43)) - raft.server.write.element-limit = 4096 (default)
2019-10-22 02:31:55,063 [6dc62414-4100-415b-916b-e9f0081ca22e@group-8E192697A9CF-LeaderElection11] INFO  server.RaftServerConfigKeys (ConfUtils.java:logGet(43)) - raft.server.watch.timeout = 10s (default)
2019-10-22 02:31:55,064 [6dc62414-4100-415b-916b-e9f0081ca22e@group-8E192697A9CF-LeaderElection11] INFO  server.RaftServerConfigKeys (ConfUtils.java:logGet(43)) - raft.server.watch.timeout.denomination = 1s (default)
2019-10-22 02:31:55,064 [6dc62414-4100-415b-916b-e9f0081ca22e@group-8E192697A9CF-LeaderElection11] INFO  server.RaftServerConfigKeys (ConfUtils.java:logGet(43)) - raft.server.watch.element-limit = 65536 (default)
2019-10-22 02:31:55,068 [6dc62414-4100-415b-916b-e9f0081ca22e@group-8E192697A9CF-LeaderElection11] INFO  server.RaftServerConfigKeys (ConfUtils.java:logGet(43)) - raft.server.log.appender.snapshot.chunk.size.max = 16MB (=16777216) (default)
2019-10-22 02:31:55,068 [6dc62414-4100-415b-916b-e9f0081ca22e@group-8E192697A9CF-LeaderElection11] INFO  server.RaftServerConfigKeys (ConfUtils.java:logGet(43)) - raft.server.log.appender.buffer.byte-limit = 33554432 (custom)
2019-10-22 02:31:55,068 [6dc62414-4100-415b-916b-e9f0081ca22e@group-8E192697A9CF-LeaderElection11] INFO  server.RaftServerConfigKeys (ConfUtils.java:logGet(43)) - raft.server.log.appender.buffer.element-limit = 1 (custom)
2019-10-22 02:31:55,068 [6dc62414-4100-415b-916b-e9f0081ca22e@group-8E192697A9CF-LeaderElection11] INFO  grpc.GrpcConfigKeys$Server (ConfUtils.java:logGet(43)) - raft.grpc.server.leader.outstanding.appends.max = 128 (default)
2019-10-22 02:31:55,069 [6dc62414-4100-415b-916b-e9f0081ca22e@group-8E192697A9CF-LeaderElection11] INFO  server.RaftServerConfigKeys (ConfUtils.java:logGet(43)) - raft.server.rpc.request.timeout = 3000ms (default)
2019-10-22 02:31:55,070 [6dc62414-4100-415b-916b-e9f0081ca22e@group-8E192697A9CF-LeaderElection11] INFO  server.RaftServerConfigKeys (ConfUtils.java:logGet(43)) - raft.server.log.appender.install.snapshot.enabled = false (custom)
2019-10-22 02:31:55,071 [main] INFO  rpc.RpcClient (RpcClient.java:createBucket(411)) - Creating Bucket: testcontainerstatemachinefailures/testcontainerstatemachinefailures, with Versioning false and Storage Type set to DISK and Encryption set to false 
2019-10-22 02:31:55,073 [6dc62414-4100-415b-916b-e9f0081ca22e@group-8E192697A9CF-LeaderElection11] INFO  server.RaftServerConfigKeys (ConfUtils.java:logGet(43)) - raft.server.log.appender.snapshot.chunk.size.max = 16MB (=16777216) (default)
2019-10-22 02:31:55,074 [6dc62414-4100-415b-916b-e9f0081ca22e@group-8E192697A9CF-LeaderElection11] INFO  server.RaftServerConfigKeys (ConfUtils.java:logGet(43)) - raft.server.log.appender.buffer.byte-limit = 33554432 (custom)
2019-10-22 02:31:55,074 [6dc62414-4100-415b-916b-e9f0081ca22e@group-8E192697A9CF-LeaderElection11] INFO  server.RaftServerConfigKeys (ConfUtils.java:logGet(43)) - raft.server.log.appender.buffer.element-limit = 1 (custom)
2019-10-22 02:31:55,074 [6dc62414-4100-415b-916b-e9f0081ca22e@group-8E192697A9CF-LeaderElection11] INFO  grpc.GrpcConfigKeys$Server (ConfUtils.java:logGet(43)) - raft.grpc.server.leader.outstanding.appends.max = 128 (default)
2019-10-22 02:31:55,074 [6dc62414-4100-415b-916b-e9f0081ca22e@group-8E192697A9CF-LeaderElection11] INFO  server.RaftServerConfigKeys (ConfUtils.java:logGet(43)) - raft.server.rpc.request.timeout = 3000ms (default)
2019-10-22 02:31:55,075 [6dc62414-4100-415b-916b-e9f0081ca22e@group-8E192697A9CF-LeaderElection11] INFO  server.RaftServerConfigKeys (ConfUtils.java:logGet(43)) - raft.server.log.appender.install.snapshot.enabled = false (custom)
2019-10-22 02:31:55,080 [6dc62414-4100-415b-916b-e9f0081ca22e@group-8E192697A9CF-LeaderElection11] INFO  impl.RoleInfo (RoleInfo.java:updateAndGet(143)) - 6dc62414-4100-415b-916b-e9f0081ca22e: start LeaderState
2019-10-22 02:31:55,082 [6dc62414-4100-415b-916b-e9f0081ca22e@group-8E192697A9CF-LeaderElection11] INFO  segmented.SegmentedRaftLogWorker (SegmentedRaftLogWorker.java:startLogSegment(385)) - 6dc62414-4100-415b-916b-e9f0081ca22e@group-8E192697A9CF-SegmentedRaftLogWorker: Starting segment from index:0
2019-10-22 02:31:55,083 [6dc62414-4100-415b-916b-e9f0081ca22e@group-8E192697A9CF-LeaderElection11] INFO  impl.RaftServerImpl (ServerState.java:setRaftConf(357)) - 6dc62414-4100-415b-916b-e9f0081ca22e@group-8E192697A9CF: set configuration 0: [6dc62414-4100-415b-916b-e9f0081ca22e:192.168.34.14:40542, 6f2be65d-ce7d-4814-9a9f-e49d79835c35:192.168.34.14:36170, ddae0d8b-c866-4e5c-81a7-eef12a7bc666:192.168.34.14:38819], old=null at 0
2019-10-22 02:31:55,128 [6dc62414-4100-415b-916b-e9f0081ca22e@group-8E192697A9CF-SegmentedRaftLogWorker] INFO  segmented.SegmentedRaftLogWorker (SegmentedRaftLogWorker.java:execute(576)) - 6dc62414-4100-415b-916b-e9f0081ca22e@group-8E192697A9CF-SegmentedRaftLogWorker: created new log segment /workdir/hadoop-ozone/integration-test/target/test-dir/MiniOzoneClusterImpl-1e1cbef6-da44-444b-ac78-b5a442d7a72a/datanode-0/data/ratis/82d9ec66-42fd-448b-b6da-8e192697a9cf/current/log_inprogress_0
2019-10-22 02:31:55,137 [grpc-default-executor-1] INFO  impl.RaftServerImpl (ServerState.java:setLeader(256)) - ddae0d8b-c866-4e5c-81a7-eef12a7bc666@group-8E192697A9CF: change Leader from null to 6dc62414-4100-415b-916b-e9f0081ca22e at term 6 for appendEntries, leader elected after 1139ms
2019-10-22 02:31:55,137 [grpc-default-executor-3] INFO  impl.RaftServerImpl (ServerState.java:setLeader(256)) - 6f2be65d-ce7d-4814-9a9f-e49d79835c35@group-8E192697A9CF: change Leader from null to 6dc62414-4100-415b-916b-e9f0081ca22e at term 6 for appendEntries, leader elected after 800ms
2019-10-22 02:31:55,168 [grpc-default-executor-3] INFO  impl.RaftServerImpl (ServerState.java:setRaftConf(357)) - 6f2be65d-ce7d-4814-9a9f-e49d79835c35@group-8E192697A9CF: set configuration 0: [6dc62414-4100-415b-916b-e9f0081ca22e:192.168.34.14:40542, 6f2be65d-ce7d-4814-9a9f-e49d79835c35:192.168.34.14:36170, ddae0d8b-c866-4e5c-81a7-eef12a7bc666:192.168.34.14:38819], old=null at 0
2019-10-22 02:31:55,168 [grpc-default-executor-1] INFO  impl.RaftServerImpl (ServerState.java:setRaftConf(357)) - ddae0d8b-c866-4e5c-81a7-eef12a7bc666@group-8E192697A9CF: set configuration 0: [6dc62414-4100-415b-916b-e9f0081ca22e:192.168.34.14:40542, 6f2be65d-ce7d-4814-9a9f-e49d79835c35:192.168.34.14:36170, ddae0d8b-c866-4e5c-81a7-eef12a7bc666:192.168.34.14:38819], old=null at 0
2019-10-22 02:31:55,169 [grpc-default-executor-1] INFO  segmented.SegmentedRaftLogWorker (SegmentedRaftLogWorker.java:startLogSegment(385)) - ddae0d8b-c866-4e5c-81a7-eef12a7bc666@group-8E192697A9CF-SegmentedRaftLogWorker: Starting segment from index:0
2019-10-22 02:31:55,171 [grpc-default-executor-3] INFO  segmented.SegmentedRaftLogWorker (SegmentedRaftLogWorker.java:truncate(401)) - 6f2be65d-ce7d-4814-9a9f-e49d79835c35@group-8E192697A9CF-SegmentedRaftLogWorker: Truncating segments toTruncate: null
  toDelete: [(0, 0) isOpen? true, length=0, newEndIndex=-1], start index 0
2019-10-22 02:31:55,172 [grpc-default-executor-3] INFO  segmented.SegmentedRaftLogWorker (SegmentedRaftLogWorker.java:startLogSegment(385)) - 6f2be65d-ce7d-4814-9a9f-e49d79835c35@group-8E192697A9CF-SegmentedRaftLogWorker: Starting segment from index:0
2019-10-22 02:31:55,173 [6f2be65d-ce7d-4814-9a9f-e49d79835c35@group-8E192697A9CF-SegmentedRaftLogWorker] INFO  segmented.SegmentedRaftLogWorker (SegmentedRaftLogWorker.java:execute(640)) - 6f2be65d-ce7d-4814-9a9f-e49d79835c35@group-8E192697A9CF-SegmentedRaftLogWorker: Deleted log file /workdir/hadoop-ozone/integration-test/target/test-dir/MiniOzoneClusterImpl-1e1cbef6-da44-444b-ac78-b5a442d7a72a/datanode-2/data/ratis/82d9ec66-42fd-448b-b6da-8e192697a9cf/current/log_inprogress_0
2019-10-22 02:31:55,173 [6f2be65d-ce7d-4814-9a9f-e49d79835c35@group-8E192697A9CF-SegmentedRaftLogWorker] INFO  segmented.SegmentedRaftLogWorker (SegmentedRaftLogWorker.java:lambda$new$0(128)) - 6f2be65d-ce7d-4814-9a9f-e49d79835c35@group-8E192697A9CF-SegmentedRaftLogWorker: flushIndex: setUnconditionally 0 -> -1
2019-10-22 02:31:55,212 [IPC Server handler 0 on 44424] INFO  server.SCMBlockProtocolServer (SCMBlockProtocolServer.java:allocateBlock(179)) - Allocating 1 blocks of size 4194304, with ExcludeList {datanodes = [], containerIds = [], pipelineIds = []}
2019-10-22 02:31:55,220 [ddae0d8b-c866-4e5c-81a7-eef12a7bc666@group-8E192697A9CF-SegmentedRaftLogWorker] INFO  segmented.SegmentedRaftLogWorker (SegmentedRaftLogWorker.java:execute(576)) - ddae0d8b-c866-4e5c-81a7-eef12a7bc666@group-8E192697A9CF-SegmentedRaftLogWorker: created new log segment /workdir/hadoop-ozone/integration-test/target/test-dir/MiniOzoneClusterImpl-1e1cbef6-da44-444b-ac78-b5a442d7a72a/datanode-1/data/ratis/82d9ec66-42fd-448b-b6da-8e192697a9cf/current/log_inprogress_0
2019-10-22 02:31:55,220 [6f2be65d-ce7d-4814-9a9f-e49d79835c35@group-8E192697A9CF-SegmentedRaftLogWorker] INFO  segmented.SegmentedRaftLogWorker (SegmentedRaftLogWorker.java:execute(576)) - 6f2be65d-ce7d-4814-9a9f-e49d79835c35@group-8E192697A9CF-SegmentedRaftLogWorker: created new log segment /workdir/hadoop-ozone/integration-test/target/test-dir/MiniOzoneClusterImpl-1e1cbef6-da44-444b-ac78-b5a442d7a72a/datanode-2/data/ratis/82d9ec66-42fd-448b-b6da-8e192697a9cf/current/log_inprogress_0
2019-10-22 02:31:55,294 [main] INFO  impl.MetricsSystemImpl (MetricsSystemImpl.java:init(158)) - XceiverClientMetrics metrics system started (again)
2019-10-22 02:31:55,846 [Thread-181] INFO  container.ReplicationManager (ReplicationManager.java:start(162)) - Starting Replication Monitor Thread.
2019-10-22 02:31:55,852 [ReplicationMonitor] INFO  container.ReplicationManager (ReplicationManager.java:run(225)) - Replication Monitor Thread took 1 milliseconds for processing 1 containers.
2019-10-22 02:31:55,904 [Datanode State Machine Thread - 0] INFO  statemachine.DatanodeStateMachine (DatanodeStateMachine.java:lambda$startDaemon$0(350)) - Ozone container server started.
2019-10-22 02:32:00,856 [main] INFO  ozoneimpl.OzoneContainer (OzoneContainer.java:stop(227)) - Attempting to stop container services.
2019-10-22 02:32:00,857 [main] INFO  impl.RaftServerProxy (RaftServerProxy.java:lambda$close$4(314)) - 6f2be65d-ce7d-4814-9a9f-e49d79835c35: close
2019-10-22 02:32:00,859 [main] INFO  impl.RaftServerImpl (RaftServerImpl.java:lambda$shutdown$3(261)) - 6f2be65d-ce7d-4814-9a9f-e49d79835c35@group-27D5C272B0FE: shutdown
2019-10-22 02:32:00,859 [main] INFO  util.JmxRegister (JmxRegister.java:unregister(73)) - Successfully un-registered JMX Bean with object name Ratis:service=RaftServer,group=group-27D5C272B0FE,id=6f2be65d-ce7d-4814-9a9f-e49d79835c35
2019-10-22 02:32:00,859 [main] INFO  impl.RoleInfo (RoleInfo.java:shutdownLeaderState(104)) - 6f2be65d-ce7d-4814-9a9f-e49d79835c35: shutdown LeaderState
2019-10-22 02:32:00,859 [main] INFO  impl.PendingRequests (PendingRequests.java:sendNotLeaderResponses(202)) - 6f2be65d-ce7d-4814-9a9f-e49d79835c35@group-27D5C272B0FE-PendingRequests: sendNotLeaderResponses
2019-10-22 02:32:00,862 [main] INFO  impl.StateMachineUpdater (StateMachineUpdater.java:stopAndJoin(136)) - 6f2be65d-ce7d-4814-9a9f-e49d79835c35@group-27D5C272B0FE-StateMachineUpdater: set stopIndex = 0
2019-10-22 02:32:00,862 [main] INFO  impl.RaftServerImpl (ServerState.java:close(388)) - 6f2be65d-ce7d-4814-9a9f-e49d79835c35@group-27D5C272B0FE: closes. applyIndex: 0
2019-10-22 02:32:00,863 [6f2be65d-ce7d-4814-9a9f-e49d79835c35@group-27D5C272B0FE-SegmentedRaftLogWorker] INFO  segmented.SegmentedRaftLogWorker (SegmentedRaftLogWorker.java:run(316)) - 6f2be65d-ce7d-4814-9a9f-e49d79835c35@group-27D5C272B0FE-SegmentedRaftLogWorker was interrupted, exiting. There are 0 tasks remaining in the queue.
2019-10-22 02:32:00,866 [main] INFO  segmented.SegmentedRaftLogWorker (SegmentedRaftLogWorker.java:close(224)) - 6f2be65d-ce7d-4814-9a9f-e49d79835c35@group-27D5C272B0FE-SegmentedRaftLogWorker close()
2019-10-22 02:32:00,869 [main] INFO  impl.RaftServerImpl (RaftServerImpl.java:lambda$shutdown$3(261)) - 6f2be65d-ce7d-4814-9a9f-e49d79835c35@group-8E192697A9CF: shutdown
2019-10-22 02:32:00,869 [main] INFO  util.JmxRegister (JmxRegister.java:unregister(73)) - Successfully un-registered JMX Bean with object name Ratis:service=RaftServer,group=group-8E192697A9CF,id=6f2be65d-ce7d-4814-9a9f-e49d79835c35
2019-10-22 02:32:00,869 [main] INFO  impl.RoleInfo (RoleInfo.java:shutdownFollowerState(121)) - 6f2be65d-ce7d-4814-9a9f-e49d79835c35: shutdown FollowerState
2019-10-22 02:32:00,870 [main] INFO  impl.StateMachineUpdater (StateMachineUpdater.java:stopAndJoin(136)) - 6f2be65d-ce7d-4814-9a9f-e49d79835c35@group-8E192697A9CF-StateMachineUpdater: set stopIndex = 4
2019-10-22 02:32:00,870 [Thread-261] INFO  impl.FollowerState (FollowerState.java:run(117)) - 6f2be65d-ce7d-4814-9a9f-e49d79835c35@group-8E192697A9CF-FollowerState was interrupted: java.lang.InterruptedException: sleep interrupted
2019-10-22 02:32:00,870 [6f2be65d-ce7d-4814-9a9f-e49d79835c35@group-8E192697A9CF-StateMachineUpdater] INFO  ratis.ContainerStateMachine (ContainerStateMachine.java:takeSnapshot(294)) - group-8E192697A9CF: Taking a snapshot at:(t:6, i:3) file /workdir/hadoop-ozone/integration-test/target/test-dir/MiniOzoneClusterImpl-1e1cbef6-da44-444b-ac78-b5a442d7a72a/datanode-2/data/ratis/82d9ec66-42fd-448b-b6da-8e192697a9cf/sm/snapshot.6_3
2019-10-22 02:32:01,015 [6f2be65d-ce7d-4814-9a9f-e49d79835c35@group-8E192697A9CF-StateMachineUpdater] INFO  ratis.ContainerStateMachine (ContainerStateMachine.java:takeSnapshot(305)) - group-8E192697A9CF: Finished taking a snapshot at:(t:6, i:3) file:/workdir/hadoop-ozone/integration-test/target/test-dir/MiniOzoneClusterImpl-1e1cbef6-da44-444b-ac78-b5a442d7a72a/datanode-2/data/ratis/82d9ec66-42fd-448b-b6da-8e192697a9cf/sm/snapshot.6_3 time:146
2019-10-22 02:32:01,018 [6f2be65d-ce7d-4814-9a9f-e49d79835c35@group-8E192697A9CF-StateMachineUpdater] INFO  impl.StateMachineUpdater (StateMachineUpdater.java:takeSnapshot(269)) - 6f2be65d-ce7d-4814-9a9f-e49d79835c35@group-8E192697A9CF-StateMachineUpdater: Took a snapshot at index 3
2019-10-22 02:32:01,020 [6f2be65d-ce7d-4814-9a9f-e49d79835c35@group-8E192697A9CF-StateMachineUpdater] INFO  impl.StateMachineUpdater (StateMachineUpdater.java:lambda$new$0(84)) - 6f2be65d-ce7d-4814-9a9f-e49d79835c35@group-8E192697A9CF-StateMachineUpdater: snapshotIndex: updateIncreasingly -1 -> 3
2019-10-22 02:32:01,025 [6f2be65d-ce7d-4814-9a9f-e49d79835c35@group-8E192697A9CF-StateMachineUpdater] INFO  ratis.ContainerStateMachine (ContainerStateMachine.java:takeSnapshot(294)) - group-8E192697A9CF: Taking a snapshot at:(t:6, i:3) file /workdir/hadoop-ozone/integration-test/target/test-dir/MiniOzoneClusterImpl-1e1cbef6-da44-444b-ac78-b5a442d7a72a/datanode-2/data/ratis/82d9ec66-42fd-448b-b6da-8e192697a9cf/sm/snapshot.6_3
2019-10-22 02:32:01,036 [6f2be65d-ce7d-4814-9a9f-e49d79835c35@group-8E192697A9CF-StateMachineUpdater] INFO  ratis.ContainerStateMachine (ContainerStateMachine.java:takeSnapshot(305)) - group-8E192697A9CF: Finished taking a snapshot at:(t:6, i:3) file:/workdir/hadoop-ozone/integration-test/target/test-dir/MiniOzoneClusterImpl-1e1cbef6-da44-444b-ac78-b5a442d7a72a/datanode-2/data/ratis/82d9ec66-42fd-448b-b6da-8e192697a9cf/sm/snapshot.6_3 time:11
2019-10-22 02:32:01,037 [6f2be65d-ce7d-4814-9a9f-e49d79835c35@group-8E192697A9CF-StateMachineUpdater] INFO  impl.StateMachineUpdater (StateMachineUpdater.java:takeSnapshot(269)) - 6f2be65d-ce7d-4814-9a9f-e49d79835c35@group-8E192697A9CF-StateMachineUpdater: Took a snapshot at index 3
2019-10-22 02:32:01,037 [6f2be65d-ce7d-4814-9a9f-e49d79835c35@group-8E192697A9CF-StateMachineUpdater] INFO  impl.StateMachineUpdater (StateMachineUpdater.java:lambda$new$0(84)) - 6f2be65d-ce7d-4814-9a9f-e49d79835c35@group-8E192697A9CF-StateMachineUpdater: snapshotIndex: updateIncreasingly 3 -> 3
2019-10-22 02:32:01,037 [main] INFO  impl.RaftServerImpl (ServerState.java:close(388)) - 6f2be65d-ce7d-4814-9a9f-e49d79835c35@group-8E192697A9CF: closes. applyIndex: 4
2019-10-22 02:32:01,038 [6f2be65d-ce7d-4814-9a9f-e49d79835c35@group-8E192697A9CF-SegmentedRaftLogWorker] INFO  segmented.SegmentedRaftLogWorker (SegmentedRaftLogWorker.java:run(316)) - 6f2be65d-ce7d-4814-9a9f-e49d79835c35@group-8E192697A9CF-SegmentedRaftLogWorker was interrupted, exiting. There are 0 tasks remaining in the queue.
2019-10-22 02:32:01,041 [main] INFO  segmented.SegmentedRaftLogWorker (SegmentedRaftLogWorker.java:close(224)) - 6f2be65d-ce7d-4814-9a9f-e49d79835c35@group-8E192697A9CF-SegmentedRaftLogWorker close()
2019-10-22 02:32:01,044 [main] INFO  server.GrpcService (GrpcService.java:closeImpl(164)) - 6f2be65d-ce7d-4814-9a9f-e49d79835c35: shutdown server with port 36170 now
2019-10-22 02:32:01,051 [grpc-default-executor-1] WARN  server.GrpcServerProtocolService (LogUtils.java:warn(134)) - 6f2be65d-ce7d-4814-9a9f-e49d79835c35: installSnapshot onError, lastRequest: 6dc62414-4100-415b-916b-e9f0081ca22e->6f2be65d-ce7d-4814-9a9f-e49d79835c35#7-t6, previous=(t:6, i:4), leaderCommit=4, initializing? false, entries: <empty>: org.apache.ratis.thirdparty.io.grpc.StatusRuntimeException: CANCELLED: cancelled before receiving half close
2019-10-22 02:32:01,055 [main] INFO  server.GrpcService (GrpcService.java:closeImpl(172)) - 6f2be65d-ce7d-4814-9a9f-e49d79835c35: shutdown server with port 36170 successfully
2019-10-22 02:32:01,055 [grpc-default-executor-3] WARN  server.GrpcLogAppender (LogUtils.java:warn(134)) - 6dc62414-4100-415b-916b-e9f0081ca22e@group-8E192697A9CF->6f2be65d-ce7d-4814-9a9f-e49d79835c35-AppendLogResponseHandler: Failed appendEntries: org.apache.ratis.thirdparty.io.grpc.StatusRuntimeException: CANCELLED: HTTP/2 error code: CANCEL
Received Rst Stream
2019-10-22 02:32:01,068 [refreshUsed-/workdir/hadoop-ozone/integration-test/target/test-dir/MiniOzoneClusterImpl-1e1cbef6-da44-444b-ac78-b5a442d7a72a/datanode-2/data/containers] WARN  fs.CachingGetSpaceUsed (CachingGetSpaceUsed.java:run(183)) - Thread Interrupted waiting to refresh disk information: sleep interrupted
2019-10-22 02:32:01,091 [main] INFO  utils.BackgroundService (BackgroundService.java:shutdown(151)) - Shutting down service BlockDeletingService
2019-10-22 02:32:01,095 [main] INFO  statemachine.DatanodeStateMachine (DatanodeStateMachine.java:stopDaemon(395)) - Ozone container server stopped.
2019-10-22 02:32:01,099 [main] INFO  handler.ContextHandler (ContextHandler.java:doStop(910)) - Stopped o.e.j.w.WebAppContext@476fe690{/,null,UNAVAILABLE}{/hddsDatanode}
2019-10-22 02:32:01,104 [main] INFO  server.AbstractConnector (AbstractConnector.java:doStop(318)) - Stopped ServerConnector@7a0e7ecd{HTTP/1.1,[http/1.1]}{0.0.0.0:0}
2019-10-22 02:32:01,105 [main] INFO  handler.ContextHandler (ContextHandler.java:doStop(910)) - Stopped o.e.j.s.ServletContextHandler@6069dd38{/static,jar:file:/home/user/.m2/repository/org/apache/hadoop/hadoop-hdds-container-service/0.5.0-SNAPSHOT/hadoop-hdds-container-service-0.5.0-SNAPSHOT.jar!/webapps/static,UNAVAILABLE}
2019-10-22 02:32:01,105 [main] INFO  handler.ContextHandler (ContextHandler.java:doStop(910)) - Stopped o.e.j.s.ServletContextHandler@46c269e0{/logs,file:///workdir/hadoop-ozone/integration-test/target/log,UNAVAILABLE}
2019-10-22 02:32:04,112 [java.util.concurrent.ThreadPoolExecutor$Worker@6a8733f8[State = -1, empty queue]] WARN  server.GrpcLogAppender (GrpcLogAppender.java:timeoutAppendRequest(209)) - 6dc62414-4100-415b-916b-e9f0081ca22e@group-8E192697A9CF->6f2be65d-ce7d-4814-9a9f-e49d79835c35-GrpcLogAppender: appendEntries Timeout, request=6dc62414-4100-415b-916b-e9f0081ca22e->6f2be65d-ce7d-4814-9a9f-e49d79835c35#8-t6, previous=(t:6, i:4), leaderCommit=4, initializing? false, entries: size=1, first=(t:6, i:5), STATEMACHINELOGENTRY, client-C9AE8EA1E005, cid=8
2019-10-22 02:32:04,112 [java.util.concurrent.ThreadPoolExecutor$Worker@6a8733f8[State = -1, empty queue]] WARN  server.GrpcLogAppender (GrpcLogAppender.java:timeoutAppendRequest(209)) - 6dc62414-4100-415b-916b-e9f0081ca22e@group-8E192697A9CF->6f2be65d-ce7d-4814-9a9f-e49d79835c35-GrpcLogAppender: appendEntries Timeout, request=6dc62414-4100-415b-916b-e9f0081ca22e->6f2be65d-ce7d-4814-9a9f-e49d79835c35#9-t6, previous=(t:6, i:5), leaderCommit=4, initializing? false, entries: size=1, first=(t:6, i:6), STATEMACHINELOGENTRY, client-C9AE8EA1E005, cid=9
2019-10-22 02:32:04,126 [java.util.concurrent.ThreadPoolExecutor$Worker@6a8733f8[State = -1, empty queue]] WARN  server.GrpcLogAppender (GrpcLogAppender.java:timeoutAppendRequest(209)) - 6dc62414-4100-415b-916b-e9f0081ca22e@group-8E192697A9CF->6f2be65d-ce7d-4814-9a9f-e49d79835c35-GrpcLogAppender: appendEntries Timeout, request=6dc62414-4100-415b-916b-e9f0081ca22e->6f2be65d-ce7d-4814-9a9f-e49d79835c35#10-t6, previous=(t:6, i:6), leaderCommit=6, initializing? false, entries: size=1, first=(t:6, i:7), METADATAENTRY(c5)
2019-10-22 02:32:04,126 [java.util.concurrent.ThreadPoolExecutor$Worker@6a8733f8[State = -1, empty queue]] WARN  server.GrpcLogAppender (GrpcLogAppender.java:timeoutAppendRequest(209)) - 6dc62414-4100-415b-916b-e9f0081ca22e@group-8E192697A9CF->6f2be65d-ce7d-4814-9a9f-e49d79835c35-GrpcLogAppender: appendEntries Timeout, request=6dc62414-4100-415b-916b-e9f0081ca22e->6f2be65d-ce7d-4814-9a9f-e49d79835c35#11-t6, previous=(t:6, i:7), leaderCommit=6, initializing? false, entries: size=1, first=(t:6, i:8), METADATAENTRY(c6)
2019-10-22 02:32:06,628 [java.util.concurrent.ThreadPoolExecutor$Worker@6a8733f8[State = -1, empty queue]] WARN  server.GrpcLogAppender (GrpcLogAppender.java:timeoutAppendRequest(209)) - 6dc62414-4100-415b-916b-e9f0081ca22e@group-8E192697A9CF->6f2be65d-ce7d-4814-9a9f-e49d79835c35-GrpcLogAppender: appendEntries Timeout, request=6dc62414-4100-415b-916b-e9f0081ca22e->6f2be65d-ce7d-4814-9a9f-e49d79835c35#12-t6, previous=(t:6, i:8), leaderCommit=8, initializing? false, entries: <empty>
2019-10-22 02:32:09,129 [java.util.concurrent.ThreadPoolExecutor$Worker@6a8733f8[State = -1, empty queue]] WARN  server.GrpcLogAppender (GrpcLogAppender.java:timeoutAppendRequest(209)) - 6dc62414-4100-415b-916b-e9f0081ca22e@group-8E192697A9CF->6f2be65d-ce7d-4814-9a9f-e49d79835c35-GrpcLogAppender: appendEntries Timeout, request=6dc62414-4100-415b-916b-e9f0081ca22e->6f2be65d-ce7d-4814-9a9f-e49d79835c35#13-t6, previous=(t:6, i:8), leaderCommit=8, initializing? false, entries: <empty>
2019-10-22 02:32:11,634 [java.util.concurrent.ThreadPoolExecutor$Worker@6a8733f8[State = -1, empty queue]] WARN  server.GrpcLogAppender (GrpcLogAppender.java:timeoutAppendRequest(209)) - 6dc62414-4100-415b-916b-e9f0081ca22e@group-8E192697A9CF->6f2be65d-ce7d-4814-9a9f-e49d79835c35-GrpcLogAppender: appendEntries Timeout, request=6dc62414-4100-415b-916b-e9f0081ca22e->6f2be65d-ce7d-4814-9a9f-e49d79835c35#14-t6, previous=(t:6, i:8), leaderCommit=8, initializing? false, entries: <empty>
2019-10-22 02:32:11,761 [Thread-322] INFO  client.GrpcClientProtocolService (GrpcClientProtocolService.java:lambda$processClientRequest$0(278)) - Failed RaftClientRequest:client-C9AE8EA1E005->6dc62414-4100-415b-916b-e9f0081ca22e@group-8E192697A9CF, cid=10, seq=0, Watch-ALL_COMMITTED(6), Message:<EMPTY>, reply=RaftClientReply:client-C9AE8EA1E005->6dc62414-4100-415b-916b-e9f0081ca22e@group-8E192697A9CF, cid=10, FAILED org.apache.ratis.protocol.NotReplicatedException: Request with call Id 10 and log index 6 is not yet replicated to ALL_COMMITTED, logIndex=6, commits[6dc62414-4100-415b-916b-e9f0081ca22e:c8, 6f2be65d-ce7d-4814-9a9f-e49d79835c35:c4, ddae0d8b-c866-4e5c-81a7-eef12a7bc666:c8]
2019-10-22 02:32:14,135 [java.util.concurrent.ThreadPoolExecutor$Worker@6a8733f8[State = -1, empty queue]] WARN  server.GrpcLogAppender (GrpcLogAppender.java:timeoutAppendRequest(209)) - 6dc62414-4100-415b-916b-e9f0081ca22e@group-8E192697A9CF->6f2be65d-ce7d-4814-9a9f-e49d79835c35-GrpcLogAppender: appendEntries Timeout, request=6dc62414-4100-415b-916b-e9f0081ca22e->6f2be65d-ce7d-4814-9a9f-e49d79835c35#15-t6, previous=(t:6, i:8), leaderCommit=8, initializing? false, entries: <empty>
2019-10-22 02:32:16,636 [java.util.concurrent.ThreadPoolExecutor$Worker@6a8733f8[State = -1, empty queue]] WARN  server.GrpcLogAppender (GrpcLogAppender.java:timeoutAppendRequest(209)) - 6dc62414-4100-415b-916b-e9f0081ca22e@group-8E192697A9CF->6f2be65d-ce7d-4814-9a9f-e49d79835c35-GrpcLogAppender: appendEntries Timeout, request=6dc62414-4100-415b-916b-e9f0081ca22e->6f2be65d-ce7d-4814-9a9f-e49d79835c35#16-t6, previous=(t:6, i:8), leaderCommit=8, initializing? false, entries: <empty>
2019-10-22 02:32:19,138 [java.util.concurrent.ThreadPoolExecutor$Worker@6a8733f8[State = -1, empty queue]] WARN  server.GrpcLogAppender (GrpcLogAppender.java:timeoutAppendRequest(209)) - 6dc62414-4100-415b-916b-e9f0081ca22e@group-8E192697A9CF->6f2be65d-ce7d-4814-9a9f-e49d79835c35-GrpcLogAppender: appendEntries Timeout, request=6dc62414-4100-415b-916b-e9f0081ca22e->6f2be65d-ce7d-4814-9a9f-e49d79835c35#17-t6, previous=(t:6, i:8), leaderCommit=8, initializing? false, entries: <empty>
2019-10-22 02:32:20,188 [Thread-328] INFO  client.GrpcClientProtocolService (GrpcClientProtocolService.java:lambda$processClientRequest$0(278)) - Failed RaftClientRequest:client-C9AE8EA1E005->ddae0d8b-c866-4e5c-81a7-eef12a7bc666@group-8E192697A9CF, cid=10, seq=0, Watch-ALL_COMMITTED(6), Message:<EMPTY>, reply=RaftClientReply:client-C9AE8EA1E005->ddae0d8b-c866-4e5c-81a7-eef12a7bc666@group-8E192697A9CF, cid=10, FAILED org.apache.ratis.protocol.NotLeaderException: Server ddae0d8b-c866-4e5c-81a7-eef12a7bc666@group-8E192697A9CF is not the leader 6dc62414-4100-415b-916b-e9f0081ca22e:192.168.34.14:40542, logIndex=0, commits[ddae0d8b-c866-4e5c-81a7-eef12a7bc666:c8, 6dc62414-4100-415b-916b-e9f0081ca22e:c8, 6f2be65d-ce7d-4814-9a9f-e49d79835c35:c4]
2019-10-22 02:32:21,639 [java.util.concurrent.ThreadPoolExecutor$Worker@6a8733f8[State = -1, empty queue]] WARN  server.GrpcLogAppender (GrpcLogAppender.java:timeoutAppendRequest(209)) - 6dc62414-4100-415b-916b-e9f0081ca22e@group-8E192697A9CF->6f2be65d-ce7d-4814-9a9f-e49d79835c35-GrpcLogAppender: appendEntries Timeout, request=6dc62414-4100-415b-916b-e9f0081ca22e->6f2be65d-ce7d-4814-9a9f-e49d79835c35#18-t6, previous=(t:6, i:8), leaderCommit=8, initializing? false, entries: <empty>
2019-10-22 02:32:21,756 [Thread-332] INFO  client.GrpcClientProtocolService (GrpcClientProtocolService.java:lambda$processClientRequest$0(278)) - Failed RaftClientRequest:client-C9AE8EA1E005->6dc62414-4100-415b-916b-e9f0081ca22e@group-8E192697A9CF, cid=10, seq=0, Watch-ALL_COMMITTED(6), Message:<EMPTY>, reply=RaftClientReply:client-C9AE8EA1E005->6dc62414-4100-415b-916b-e9f0081ca22e@group-8E192697A9CF, cid=10, FAILED org.apache.ratis.protocol.NotReplicatedException: Request with call Id 10 and log index 6 is not yet replicated to ALL_COMMITTED, logIndex=6, commits[6dc62414-4100-415b-916b-e9f0081ca22e:c8, 6f2be65d-ce7d-4814-9a9f-e49d79835c35:c4, ddae0d8b-c866-4e5c-81a7-eef12a7bc666:c8]
2019-10-22 02:32:24,141 [java.util.concurrent.ThreadPoolExecutor$Worker@6a8733f8[State = -1, empty queue]] WARN  server.GrpcLogAppender (GrpcLogAppender.java:timeoutAppendRequest(209)) - 6dc62414-4100-415b-916b-e9f0081ca22e@group-8E192697A9CF->6f2be65d-ce7d-4814-9a9f-e49d79835c35-GrpcLogAppender: appendEntries Timeout, request=6dc62414-4100-415b-916b-e9f0081ca22e->6f2be65d-ce7d-4814-9a9f-e49d79835c35#19-t6, previous=(t:6, i:8), leaderCommit=8, initializing? false, entries: <empty>
2019-10-22 02:32:26,641 [java.util.concurrent.ThreadPoolExecutor$Worker@6a8733f8[State = -1, empty queue]] WARN  server.GrpcLogAppender (GrpcLogAppender.java:timeoutAppendRequest(209)) - 6dc62414-4100-415b-916b-e9f0081ca22e@group-8E192697A9CF->6f2be65d-ce7d-4814-9a9f-e49d79835c35-GrpcLogAppender: appendEntries Timeout, request=6dc62414-4100-415b-916b-e9f0081ca22e->6f2be65d-ce7d-4814-9a9f-e49d79835c35#20-t6, previous=(t:6, i:8), leaderCommit=8, initializing? false, entries: <empty>
2019-10-22 02:32:29,144 [java.util.concurrent.ThreadPoolExecutor$Worker@6a8733f8[State = -1, empty queue]] WARN  server.GrpcLogAppender (GrpcLogAppender.java:timeoutAppendRequest(209)) - 6dc62414-4100-415b-916b-e9f0081ca22e@group-8E192697A9CF->6f2be65d-ce7d-4814-9a9f-e49d79835c35-GrpcLogAppender: appendEntries Timeout, request=6dc62414-4100-415b-916b-e9f0081ca22e->6f2be65d-ce7d-4814-9a9f-e49d79835c35#21-t6, previous=(t:6, i:8), leaderCommit=8, initializing? false, entries: <empty>
2019-10-22 02:32:30,756 [Thread-340] INFO  client.GrpcClientProtocolService (GrpcClientProtocolService.java:lambda$processClientRequest$0(278)) - Failed RaftClientRequest:client-C9AE8EA1E005->6dc62414-4100-415b-916b-e9f0081ca22e@group-8E192697A9CF, cid=10, seq=0, Watch-ALL_COMMITTED(6), Message:<EMPTY>, reply=RaftClientReply:client-C9AE8EA1E005->6dc62414-4100-415b-916b-e9f0081ca22e@group-8E192697A9CF, cid=10, FAILED org.apache.ratis.protocol.NotReplicatedException: Request with call Id 10 and log index 6 is not yet replicated to ALL_COMMITTED, logIndex=6, commits[6dc62414-4100-415b-916b-e9f0081ca22e:c8, 6f2be65d-ce7d-4814-9a9f-e49d79835c35:c4, ddae0d8b-c866-4e5c-81a7-eef12a7bc666:c8]
2019-10-22 02:32:31,142 [main] WARN  scm.XceiverClientRatis (XceiverClientRatis.java:watchForCommit(277)) - 3 way commit failed on pipeline Pipeline[ Id: 82d9ec66-42fd-448b-b6da-8e192697a9cf, Nodes: 6dc62414-4100-415b-916b-e9f0081ca22e{ip: 192.168.34.14, host: pr-hdds-1643-hlxn2-3599243457, networkLocation: /default-rack, certSerialId: null}ddae0d8b-c866-4e5c-81a7-eef12a7bc666{ip: 192.168.34.14, host: pr-hdds-1643-hlxn2-3599243457, networkLocation: /default-rack, certSerialId: null}6f2be65d-ce7d-4814-9a9f-e49d79835c35{ip: 192.168.34.14, host: pr-hdds-1643-hlxn2-3599243457, networkLocation: /default-rack, certSerialId: null}, Type:RATIS, Factor:THREE, State:OPEN]
java.util.concurrent.TimeoutException
	at java.util.concurrent.CompletableFuture.timedGet(CompletableFuture.java:1771)
	at java.util.concurrent.CompletableFuture.get(CompletableFuture.java:1915)
	at org.apache.hadoop.hdds.scm.XceiverClientRatis.watchForCommit(XceiverClientRatis.java:274)
	at org.apache.hadoop.hdds.scm.storage.CommitWatcher.watchForCommit(CommitWatcher.java:198)
	at org.apache.hadoop.hdds.scm.storage.CommitWatcher.watchOnLastIndex(CommitWatcher.java:161)
	at org.apache.hadoop.hdds.scm.storage.BlockOutputStream.watchForCommit(BlockOutputStream.java:346)
	at org.apache.hadoop.hdds.scm.storage.BlockOutputStream.handleFlush(BlockOutputStream.java:482)
	at org.apache.hadoop.hdds.scm.storage.BlockOutputStream.close(BlockOutputStream.java:496)
	at org.apache.hadoop.ozone.client.io.BlockOutputStreamEntry.close(BlockOutputStreamEntry.java:143)
	at org.apache.hadoop.ozone.client.io.KeyOutputStream.handleFlushOrClose(KeyOutputStream.java:435)
	at org.apache.hadoop.ozone.client.io.KeyOutputStream.close(KeyOutputStream.java:473)
	at org.apache.hadoop.ozone.client.io.OzoneOutputStream.close(OzoneOutputStream.java:60)
	at org.apache.hadoop.ozone.client.rpc.TestDeleteWithSlowFollower.testDeleteKeyWithSlowFollower(TestDeleteWithSlowFollower.java:193)
	at sun.reflect.NativeMethodAccessorImpl.invoke0(Native Method)
	at sun.reflect.NativeMethodAccessorImpl.invoke(NativeMethodAccessorImpl.java:62)
	at sun.reflect.DelegatingMethodAccessorImpl.invoke(DelegatingMethodAccessorImpl.java:43)
	at java.lang.reflect.Method.invoke(Method.java:498)
	at org.junit.runners.model.FrameworkMethod$1.runReflectiveCall(FrameworkMethod.java:47)
	at org.junit.internal.runners.model.ReflectiveCallable.run(ReflectiveCallable.java:12)
	at org.junit.runners.model.FrameworkMethod.invokeExplosively(FrameworkMethod.java:44)
	at org.junit.internal.runners.statements.InvokeMethod.evaluate(InvokeMethod.java:17)
	at org.junit.runners.ParentRunner.runLeaf(ParentRunner.java:271)
	at org.junit.runners.BlockJUnit4ClassRunner.runChild(BlockJUnit4ClassRunner.java:70)
	at org.junit.runners.BlockJUnit4ClassRunner.runChild(BlockJUnit4ClassRunner.java:50)
	at org.junit.runners.ParentRunner$3.run(ParentRunner.java:238)
	at org.junit.runners.ParentRunner$1.schedule(ParentRunner.java:63)
	at org.junit.runners.ParentRunner.runChildren(ParentRunner.java:236)
	at org.junit.runners.ParentRunner.access$000(ParentRunner.java:53)
	at org.junit.runners.ParentRunner$2.evaluate(ParentRunner.java:229)
	at org.junit.internal.runners.statements.RunBefores.evaluate(RunBefores.java:26)
	at org.junit.internal.runners.statements.RunAfters.evaluate(RunAfters.java:27)
	at org.junit.runners.ParentRunner.run(ParentRunner.java:309)
	at org.apache.maven.surefire.junit4.JUnit4Provider.execute(JUnit4Provider.java:365)
	at org.apache.maven.surefire.junit4.JUnit4Provider.executeWithRerun(JUnit4Provider.java:273)
	at org.apache.maven.surefire.junit4.JUnit4Provider.executeTestSet(JUnit4Provider.java:238)
	at org.apache.maven.surefire.junit4.JUnit4Provider.invoke(JUnit4Provider.java:159)
	at org.apache.maven.surefire.booter.ForkedBooter.invokeProviderInSameClassLoader(ForkedBooter.java:384)
	at org.apache.maven.surefire.booter.ForkedBooter.runSuitesInProcess(ForkedBooter.java:345)
	at org.apache.maven.surefire.booter.ForkedBooter.execute(ForkedBooter.java:126)
	at org.apache.maven.surefire.booter.ForkedBooter.main(ForkedBooter.java:418)
2019-10-22 02:32:31,158 [main] INFO  scm.XceiverClientRatis (XceiverClientRatis.java:lambda$watchForCommit$5(295)) - Could not commit index 6 on pipeline Pipeline[ Id: 82d9ec66-42fd-448b-b6da-8e192697a9cf, Nodes: 6dc62414-4100-415b-916b-e9f0081ca22e{ip: 192.168.34.14, host: pr-hdds-1643-hlxn2-3599243457, networkLocation: /default-rack, certSerialId: null}ddae0d8b-c866-4e5c-81a7-eef12a7bc666{ip: 192.168.34.14, host: pr-hdds-1643-hlxn2-3599243457, networkLocation: /default-rack, certSerialId: null}6f2be65d-ce7d-4814-9a9f-e49d79835c35{ip: 192.168.34.14, host: pr-hdds-1643-hlxn2-3599243457, networkLocation: /default-rack, certSerialId: null}, Type:RATIS, Factor:THREE, State:OPEN] to all the nodes. Server 6f2be65d-ce7d-4814-9a9f-e49d79835c35 has failed. Committed by majority.
2019-10-22 02:32:31,159 [main] WARN  storage.BlockOutputStream (BlockOutputStream.java:watchForCommit(352)) - Failed to commit BlockId conID: 1 locID: 103003685861851136 bcsId: 6 on Pipeline[ Id: 82d9ec66-42fd-448b-b6da-8e192697a9cf, Nodes: 6dc62414-4100-415b-916b-e9f0081ca22e{ip: 192.168.34.14, host: pr-hdds-1643-hlxn2-3599243457, networkLocation: /default-rack, certSerialId: null}ddae0d8b-c866-4e5c-81a7-eef12a7bc666{ip: 192.168.34.14, host: pr-hdds-1643-hlxn2-3599243457, networkLocation: /default-rack, certSerialId: null}6f2be65d-ce7d-4814-9a9f-e49d79835c35{ip: 192.168.34.14, host: pr-hdds-1643-hlxn2-3599243457, networkLocation: /default-rack, certSerialId: null}, Type:RATIS, Factor:THREE, State:OPEN]. Failed nodes: [6f2be65d-ce7d-4814-9a9f-e49d79835c35{ip: null, host: null, networkLocation: /default-rack, certSerialId: null}]
2019-10-22 02:32:31,254 [EventQueue-IncrementalContainerReportForIncrementalContainerReportHandler] WARN  container.IncrementalContainerReportHandler (AbstractContainerReportHandler.java:updateContainerState(145)) - Container #1 is in OPEN state, but the datanode 6dc62414-4100-415b-916b-e9f0081ca22e{ip: 192.168.34.14, host: pr-hdds-1643-hlxn2-3599243457, networkLocation: /default-rack, certSerialId: null} reports an CLOSING replica.
2019-10-22 02:32:31,256 [RatisApplyTransactionExecutor 1] INFO  interfaces.Container (KeyValueContainer.java:flushAndSyncDB(386)) - Container 1 is synced with bcsId 6.
2019-10-22 02:32:31,258 [EventQueue-IncrementalContainerReportForIncrementalContainerReportHandler] WARN  container.IncrementalContainerReportHandler (AbstractContainerReportHandler.java:updateContainerState(145)) - Container #1 is in OPEN state, but the datanode ddae0d8b-c866-4e5c-81a7-eef12a7bc666{ip: 192.168.34.14, host: pr-hdds-1643-hlxn2-3599243457, networkLocation: /default-rack, certSerialId: null} reports an CLOSING replica.
2019-10-22 02:32:31,257 [RatisApplyTransactionExecutor 1] INFO  interfaces.Container (KeyValueContainer.java:flushAndSyncDB(386)) - Container 1 is synced with bcsId 6.
2019-10-22 02:32:31,258 [RatisApplyTransactionExecutor 1] INFO  interfaces.Container (KeyValueContainer.java:flushAndSyncDB(386)) - Container 1 is synced with bcsId 6.
2019-10-22 02:32:31,259 [RatisApplyTransactionExecutor 1] INFO  interfaces.Container (KeyValueContainer.java:flushAndSyncDB(386)) - Container 1 is synced with bcsId 6.
2019-10-22 02:32:31,277 [RatisApplyTransactionExecutor 1] INFO  interfaces.Container (KeyValueContainer.java:close(335)) - Container 1 is closed with bcsId 6.
2019-10-22 02:32:31,277 [RatisApplyTransactionExecutor 1] INFO  interfaces.Container (KeyValueContainer.java:close(335)) - Container 1 is closed with bcsId 6.
2019-10-22 02:32:31,280 [EventQueue-IncrementalContainerReportForIncrementalContainerReportHandler] WARN  container.IncrementalContainerReportHandler (AbstractContainerReportHandler.java:updateContainerState(145)) - Container #1 is in OPEN state, but the datanode ddae0d8b-c866-4e5c-81a7-eef12a7bc666{ip: 192.168.34.14, host: pr-hdds-1643-hlxn2-3599243457, networkLocation: /default-rack, certSerialId: null} reports an CLOSED replica.
2019-10-22 02:32:31,280 [EventQueue-IncrementalContainerReportForIncrementalContainerReportHandler] WARN  container.IncrementalContainerReportHandler (AbstractContainerReportHandler.java:updateContainerState(145)) - Container #1 is in OPEN state, but the datanode 6dc62414-4100-415b-916b-e9f0081ca22e{ip: 192.168.34.14, host: pr-hdds-1643-hlxn2-3599243457, networkLocation: /default-rack, certSerialId: null} reports an CLOSED replica.
2019-10-22 02:32:31,480 [EventQueue-ContainerReportForContainerReportHandler] WARN  container.ContainerReportHandler (AbstractContainerReportHandler.java:updateContainerState(145)) - Container #1 is in OPEN state, but the datanode ddae0d8b-c866-4e5c-81a7-eef12a7bc666{ip: 192.168.34.14, host: pr-hdds-1643-hlxn2-3599243457, networkLocation: /default-rack, certSerialId: null} reports an CLOSED replica.
2019-10-22 02:32:31,580 [EventQueue-ContainerReportForContainerReportHandler] WARN  container.ContainerReportHandler (AbstractContainerReportHandler.java:updateContainerState(145)) - Container #1 is in OPEN state, but the datanode 6dc62414-4100-415b-916b-e9f0081ca22e{ip: 192.168.34.14, host: pr-hdds-1643-hlxn2-3599243457, networkLocation: /default-rack, certSerialId: null} reports an CLOSED replica.
2019-10-22 02:32:31,645 [java.util.concurrent.ThreadPoolExecutor$Worker@6a8733f8[State = -1, empty queue]] WARN  server.GrpcLogAppender (GrpcLogAppender.java:timeoutAppendRequest(209)) - 6dc62414-4100-415b-916b-e9f0081ca22e@group-8E192697A9CF->6f2be65d-ce7d-4814-9a9f-e49d79835c35-GrpcLogAppender: appendEntries Timeout, request=6dc62414-4100-415b-916b-e9f0081ca22e->6f2be65d-ce7d-4814-9a9f-e49d79835c35#22-t6, previous=(t:6, i:8), leaderCommit=8, initializing? false, entries: <empty>
2019-10-22 02:32:31,779 [EventQueue-ContainerReportForContainerReportHandler] WARN  container.ContainerReportHandler (AbstractContainerReportHandler.java:updateContainerState(145)) - Container #1 is in OPEN state, but the datanode ddae0d8b-c866-4e5c-81a7-eef12a7bc666{ip: 192.168.34.14, host: pr-hdds-1643-hlxn2-3599243457, networkLocation: /default-rack, certSerialId: null} reports an CLOSED replica.
2019-10-22 02:32:31,955 [IPC Server handler 1 on 44424] INFO  server.SCMBlockProtocolServer (SCMBlockProtocolServer.java:deleteKeyBlocks(214)) - SCM is informed by OM to delete 1 blocks
2019-10-22 02:32:31,956 [IPC Server handler 1 on 44424] INFO  block.BlockManagerImpl (BlockManagerImpl.java:deleteBlocks(285)) - Deleting blocks conID: 1 locID: 103003685861851136 bcsId: 0
2019-10-22 02:32:31,979 [EventQueue-ContainerReportForContainerReportHandler] WARN  container.ContainerReportHandler (AbstractContainerReportHandler.java:updateContainerState(145)) - Container #1 is in OPEN state, but the datanode ddae0d8b-c866-4e5c-81a7-eef12a7bc666{ip: 192.168.34.14, host: pr-hdds-1643-hlxn2-3599243457, networkLocation: /default-rack, certSerialId: null} reports an CLOSED replica.
2019-10-22 02:32:31,981 [EventQueue-ContainerReportForContainerReportHandler] WARN  container.ContainerReportHandler (AbstractContainerReportHandler.java:updateContainerState(145)) - Container #1 is in OPEN state, but the datanode 6dc62414-4100-415b-916b-e9f0081ca22e{ip: 192.168.34.14, host: pr-hdds-1643-hlxn2-3599243457, networkLocation: /default-rack, certSerialId: null} reports an CLOSED replica.
2019-10-22 02:32:32,151 [BlockDeletingService#2] WARN  background.BlockDeletingService (BlockDeletingService.java:isDeletionAllowed(187)) - Close Container log Index 6 is not replicated across allthe servers in the pipeline 82d9ec66-42fd-448b-b6da-8e192697a9cf as the min replicated index is 4. Deletion is not allowed in this container yet.
2019-10-22 02:32:32,152 [BlockDeletingService#2] WARN  background.BlockDeletingService (BlockDeletingService.java:isDeletionAllowed(187)) - Close Container log Index 6 is not replicated across allthe servers in the pipeline 82d9ec66-42fd-448b-b6da-8e192697a9cf as the min replicated index is 4. Deletion is not allowed in this container yet.
2019-10-22 02:32:32,180 [EventQueue-ContainerReportForContainerReportHandler] WARN  container.ContainerReportHandler (AbstractContainerReportHandler.java:updateContainerState(145)) - Container #1 is in OPEN state, but the datanode ddae0d8b-c866-4e5c-81a7-eef12a7bc666{ip: 192.168.34.14, host: pr-hdds-1643-hlxn2-3599243457, networkLocation: /default-rack, certSerialId: null} reports an CLOSED replica.
2019-10-22 02:32:32,183 [EventQueue-ContainerReportForContainerReportHandler] WARN  container.ContainerReportHandler (AbstractContainerReportHandler.java:updateContainerState(145)) - Container #1 is in OPEN state, but the datanode 6dc62414-4100-415b-916b-e9f0081ca22e{ip: 192.168.34.14, host: pr-hdds-1643-hlxn2-3599243457, networkLocation: /default-rack, certSerialId: null} reports an CLOSED replica.
2019-10-22 02:32:32,383 [EventQueue-ContainerReportForContainerReportHandler] WARN  container.ContainerReportHandler (AbstractContainerReportHandler.java:updateContainerState(145)) - Container #1 is in OPEN state, but the datanode 6dc62414-4100-415b-916b-e9f0081ca22e{ip: 192.168.34.14, host: pr-hdds-1643-hlxn2-3599243457, networkLocation: /default-rack, certSerialId: null} reports an CLOSED replica.
2019-10-22 02:32:32,581 [EventQueue-ContainerReportForContainerReportHandler] WARN  container.ContainerReportHandler (AbstractContainerReportHandler.java:updateContainerState(145)) - Container #1 is in OPEN state, but the datanode ddae0d8b-c866-4e5c-81a7-eef12a7bc666{ip: 192.168.34.14, host: pr-hdds-1643-hlxn2-3599243457, networkLocation: /default-rack, certSerialId: null} reports an CLOSED replica.
2019-10-22 02:32:32,784 [EventQueue-ContainerReportForContainerReportHandler] WARN  container.ContainerReportHandler (AbstractContainerReportHandler.java:updateContainerState(145)) - Container #1 is in OPEN state, but the datanode 6dc62414-4100-415b-916b-e9f0081ca22e{ip: 192.168.34.14, host: pr-hdds-1643-hlxn2-3599243457, networkLocation: /default-rack, certSerialId: null} reports an CLOSED replica.
2019-10-22 02:32:32,881 [EventQueue-ContainerReportForContainerReportHandler] WARN  container.ContainerReportHandler (AbstractContainerReportHandler.java:updateContainerState(145)) - Container #1 is in OPEN state, but the datanode ddae0d8b-c866-4e5c-81a7-eef12a7bc666{ip: 192.168.34.14, host: pr-hdds-1643-hlxn2-3599243457, networkLocation: /default-rack, certSerialId: null} reports an CLOSED replica.
2019-10-22 02:32:33,152 [BlockDeletingService#2] WARN  background.BlockDeletingService (BlockDeletingService.java:isDeletionAllowed(187)) - Close Container log Index 6 is not replicated across allthe servers in the pipeline 82d9ec66-42fd-448b-b6da-8e192697a9cf as the min replicated index is 4. Deletion is not allowed in this container yet.
2019-10-22 02:32:33,156 [BlockDeletingService#2] WARN  background.BlockDeletingService (BlockDeletingService.java:isDeletionAllowed(187)) - Close Container log Index 6 is not replicated across allthe servers in the pipeline 82d9ec66-42fd-448b-b6da-8e192697a9cf as the min replicated index is 4. Deletion is not allowed in this container yet.
2019-10-22 02:32:33,182 [EventQueue-ContainerReportForContainerReportHandler] WARN  container.ContainerReportHandler (AbstractContainerReportHandler.java:updateContainerState(145)) - Container #1 is in OPEN state, but the datanode ddae0d8b-c866-4e5c-81a7-eef12a7bc666{ip: 192.168.34.14, host: pr-hdds-1643-hlxn2-3599243457, networkLocation: /default-rack, certSerialId: null} reports an CLOSED replica.
2019-10-22 02:32:33,185 [EventQueue-ContainerReportForContainerReportHandler] WARN  container.ContainerReportHandler (AbstractContainerReportHandler.java:updateContainerState(145)) - Container #1 is in OPEN state, but the datanode 6dc62414-4100-415b-916b-e9f0081ca22e{ip: 192.168.34.14, host: pr-hdds-1643-hlxn2-3599243457, networkLocation: /default-rack, certSerialId: null} reports an CLOSED replica.
2019-10-22 02:32:33,485 [EventQueue-ContainerReportForContainerReportHandler] WARN  container.ContainerReportHandler (AbstractContainerReportHandler.java:updateContainerState(145)) - Container #1 is in OPEN state, but the datanode 6dc62414-4100-415b-916b-e9f0081ca22e{ip: 192.168.34.14, host: pr-hdds-1643-hlxn2-3599243457, networkLocation: /default-rack, certSerialId: null} reports an CLOSED replica.
2019-10-22 02:32:33,582 [EventQueue-ContainerReportForContainerReportHandler] WARN  container.ContainerReportHandler (AbstractContainerReportHandler.java:updateContainerState(145)) - Container #1 is in OPEN state, but the datanode ddae0d8b-c866-4e5c-81a7-eef12a7bc666{ip: 192.168.34.14, host: pr-hdds-1643-hlxn2-3599243457, networkLocation: /default-rack, certSerialId: null} reports an CLOSED replica.
2019-10-22 02:32:33,686 [EventQueue-ContainerReportForContainerReportHandler] WARN  container.ContainerReportHandler (AbstractContainerReportHandler.java:updateContainerState(145)) - Container #1 is in OPEN state, but the datanode 6dc62414-4100-415b-916b-e9f0081ca22e{ip: 192.168.34.14, host: pr-hdds-1643-hlxn2-3599243457, networkLocation: /default-rack, certSerialId: null} reports an CLOSED replica.
2019-10-22 02:32:33,783 [EventQueue-ContainerReportForContainerReportHandler] WARN  container.ContainerReportHandler (AbstractContainerReportHandler.java:updateContainerState(145)) - Container #1 is in OPEN state, but the datanode ddae0d8b-c866-4e5c-81a7-eef12a7bc666{ip: 192.168.34.14, host: pr-hdds-1643-hlxn2-3599243457, networkLocation: /default-rack, certSerialId: null} reports an CLOSED replica.
2019-10-22 02:32:33,885 [EventQueue-ContainerReportForContainerReportHandler] WARN  container.ContainerReportHandler (AbstractContainerReportHandler.java:updateContainerState(145)) - Container #1 is in OPEN state, but the datanode 6dc62414-4100-415b-916b-e9f0081ca22e{ip: 192.168.34.14, host: pr-hdds-1643-hlxn2-3599243457, networkLocation: /default-rack, certSerialId: null} reports an CLOSED replica.
2019-10-22 02:32:34,083 [EventQueue-ContainerReportForContainerReportHandler] WARN  container.ContainerReportHandler (AbstractContainerReportHandler.java:updateContainerState(145)) - Container #1 is in OPEN state, but the datanode ddae0d8b-c866-4e5c-81a7-eef12a7bc666{ip: 192.168.34.14, host: pr-hdds-1643-hlxn2-3599243457, networkLocation: /default-rack, certSerialId: null} reports an CLOSED replica.
2019-10-22 02:32:34,149 [java.util.concurrent.ThreadPoolExecutor$Worker@6a8733f8[State = -1, empty queue]] WARN  server.GrpcLogAppender (GrpcLogAppender.java:timeoutAppendRequest(209)) - 6dc62414-4100-415b-916b-e9f0081ca22e@group-8E192697A9CF->6f2be65d-ce7d-4814-9a9f-e49d79835c35-GrpcLogAppender: appendEntries Timeout, request=6dc62414-4100-415b-916b-e9f0081ca22e->6f2be65d-ce7d-4814-9a9f-e49d79835c35#23-t6, previous=(t:6, i:8), leaderCommit=8, initializing? false, entries: <empty>
2019-10-22 02:32:34,154 [BlockDeletingService#2] WARN  background.BlockDeletingService (BlockDeletingService.java:isDeletionAllowed(187)) - Close Container log Index 6 is not replicated across allthe servers in the pipeline 82d9ec66-42fd-448b-b6da-8e192697a9cf as the min replicated index is 4. Deletion is not allowed in this container yet.
2019-10-22 02:32:34,157 [BlockDeletingService#2] WARN  background.BlockDeletingService (BlockDeletingService.java:isDeletionAllowed(187)) - Close Container log Index 6 is not replicated across allthe servers in the pipeline 82d9ec66-42fd-448b-b6da-8e192697a9cf as the min replicated index is 4. Deletion is not allowed in this container yet.
2019-10-22 02:32:34,209 [java.util.concurrent.ThreadPoolExecutor$Worker@6a8733f8[State = -1, empty queue]] WARN  server.GrpcLogAppender (GrpcLogAppender.java:timeoutAppendRequest(209)) - 6dc62414-4100-415b-916b-e9f0081ca22e@group-8E192697A9CF->6f2be65d-ce7d-4814-9a9f-e49d79835c35-GrpcLogAppender: appendEntries Timeout, request=6dc62414-4100-415b-916b-e9f0081ca22e->6f2be65d-ce7d-4814-9a9f-e49d79835c35#24-t6, previous=(t:6, i:8), leaderCommit=8, initializing? false, entries: size=1, first=(t:6, i:9), STATEMACHINELOGENTRY, client-EAA1513E002D, cid=12
2019-10-22 02:32:34,222 [java.util.concurrent.ThreadPoolExecutor$Worker@6a8733f8[State = -1, empty queue]] WARN  server.GrpcLogAppender (GrpcLogAppender.java:timeoutAppendRequest(209)) - 6dc62414-4100-415b-916b-e9f0081ca22e@group-8E192697A9CF->6f2be65d-ce7d-4814-9a9f-e49d79835c35-GrpcLogAppender: appendEntries Timeout, request=6dc62414-4100-415b-916b-e9f0081ca22e->6f2be65d-ce7d-4814-9a9f-e49d79835c35#25-t6, previous=(t:6, i:9), leaderCommit=9, initializing? false, entries: size=1, first=(t:6, i:10), METADATAENTRY(c9)
2019-10-22 02:32:34,286 [EventQueue-ContainerReportForContainerReportHandler] WARN  container.ContainerReportHandler (AbstractContainerReportHandler.java:updateContainerState(145)) - Container #1 is in OPEN state, but the datanode 6dc62414-4100-415b-916b-e9f0081ca22e{ip: 192.168.34.14, host: pr-hdds-1643-hlxn2-3599243457, networkLocation: /default-rack, certSerialId: null} reports an CLOSED replica.
2019-10-22 02:32:34,384 [EventQueue-ContainerReportForContainerReportHandler] WARN  container.ContainerReportHandler (AbstractContainerReportHandler.java:updateContainerState(145)) - Container #1 is in OPEN state, but the datanode ddae0d8b-c866-4e5c-81a7-eef12a7bc666{ip: 192.168.34.14, host: pr-hdds-1643-hlxn2-3599243457, networkLocation: /default-rack, certSerialId: null} reports an CLOSED replica.
2019-10-22 02:32:34,585 [EventQueue-ContainerReportForContainerReportHandler] WARN  container.ContainerReportHandler (AbstractContainerReportHandler.java:updateContainerState(145)) - Container #1 is in OPEN state, but the datanode ddae0d8b-c866-4e5c-81a7-eef12a7bc666{ip: 192.168.34.14, host: pr-hdds-1643-hlxn2-3599243457, networkLocation: /default-rack, certSerialId: null} reports an CLOSED replica.
2019-10-22 02:32:34,585 [EventQueue-ContainerReportForContainerReportHandler] WARN  container.ContainerReportHandler (AbstractContainerReportHandler.java:updateContainerState(145)) - Container #1 is in OPEN state, but the datanode 6dc62414-4100-415b-916b-e9f0081ca22e{ip: 192.168.34.14, host: pr-hdds-1643-hlxn2-3599243457, networkLocation: /default-rack, certSerialId: null} reports an CLOSED replica.
2019-10-22 02:32:34,786 [EventQueue-ContainerReportForContainerReportHandler] WARN  container.ContainerReportHandler (AbstractContainerReportHandler.java:updateContainerState(145)) - Container #1 is in OPEN state, but the datanode 6dc62414-4100-415b-916b-e9f0081ca22e{ip: 192.168.34.14, host: pr-hdds-1643-hlxn2-3599243457, networkLocation: /default-rack, certSerialId: null} reports an CLOSED replica.
2019-10-22 02:32:34,886 [EventQueue-ContainerReportForContainerReportHandler] WARN  container.ContainerReportHandler (AbstractContainerReportHandler.java:updateContainerState(145)) - Container #1 is in OPEN state, but the datanode ddae0d8b-c866-4e5c-81a7-eef12a7bc666{ip: 192.168.34.14, host: pr-hdds-1643-hlxn2-3599243457, networkLocation: /default-rack, certSerialId: null} reports an CLOSED replica.
2019-10-22 02:32:35,159 [BlockDeletingService#2] WARN  background.BlockDeletingService (BlockDeletingService.java:isDeletionAllowed(187)) - Close Container log Index 6 is not replicated across allthe servers in the pipeline 82d9ec66-42fd-448b-b6da-8e192697a9cf as the min replicated index is 4. Deletion is not allowed in this container yet.
2019-10-22 02:32:35,159 [BlockDeletingService#2] WARN  background.BlockDeletingService (BlockDeletingService.java:isDeletionAllowed(187)) - Close Container log Index 6 is not replicated across allthe servers in the pipeline 82d9ec66-42fd-448b-b6da-8e192697a9cf as the min replicated index is 4. Deletion is not allowed in this container yet.
2019-10-22 02:32:35,186 [EventQueue-ContainerReportForContainerReportHandler] WARN  container.ContainerReportHandler (AbstractContainerReportHandler.java:updateContainerState(145)) - Container #1 is in OPEN state, but the datanode ddae0d8b-c866-4e5c-81a7-eef12a7bc666{ip: 192.168.34.14, host: pr-hdds-1643-hlxn2-3599243457, networkLocation: /default-rack, certSerialId: null} reports an CLOSED replica.
2019-10-22 02:32:35,189 [EventQueue-ContainerReportForContainerReportHandler] WARN  container.ContainerReportHandler (AbstractContainerReportHandler.java:updateContainerState(145)) - Container #1 is in OPEN state, but the datanode 6dc62414-4100-415b-916b-e9f0081ca22e{ip: 192.168.34.14, host: pr-hdds-1643-hlxn2-3599243457, networkLocation: /default-rack, certSerialId: null} reports an CLOSED replica.
2019-10-22 02:32:35,485 [EventQueue-ContainerReportForContainerReportHandler] WARN  container.ContainerReportHandler (AbstractContainerReportHandler.java:updateContainerState(145)) - Container #1 is in OPEN state, but the datanode ddae0d8b-c866-4e5c-81a7-eef12a7bc666{ip: 192.168.34.14, host: pr-hdds-1643-hlxn2-3599243457, networkLocation: /default-rack, certSerialId: null} reports an CLOSED replica.
2019-10-22 02:32:35,488 [EventQueue-ContainerReportForContainerReportHandler] WARN  container.ContainerReportHandler (AbstractContainerReportHandler.java:updateContainerState(145)) - Container #1 is in OPEN state, but the datanode 6dc62414-4100-415b-916b-e9f0081ca22e{ip: 192.168.34.14, host: pr-hdds-1643-hlxn2-3599243457, networkLocation: /default-rack, certSerialId: null} reports an CLOSED replica.
2019-10-22 02:32:35,785 [EventQueue-ContainerReportForContainerReportHandler] WARN  container.ContainerReportHandler (AbstractContainerReportHandler.java:updateContainerState(145)) - Container #1 is in OPEN state, but the datanode ddae0d8b-c866-4e5c-81a7-eef12a7bc666{ip: 192.168.34.14, host: pr-hdds-1643-hlxn2-3599243457, networkLocation: /default-rack, certSerialId: null} reports an CLOSED replica.
2019-10-22 02:32:35,888 [EventQueue-ContainerReportForContainerReportHandler] WARN  container.ContainerReportHandler (AbstractContainerReportHandler.java:updateContainerState(145)) - Container #1 is in OPEN state, but the datanode 6dc62414-4100-415b-916b-e9f0081ca22e{ip: 192.168.34.14, host: pr-hdds-1643-hlxn2-3599243457, networkLocation: /default-rack, certSerialId: null} reports an CLOSED replica.
2019-10-22 02:32:36,085 [EventQueue-ContainerReportForContainerReportHandler] WARN  container.ContainerReportHandler (AbstractContainerReportHandler.java:updateContainerState(145)) - Container #1 is in OPEN state, but the datanode ddae0d8b-c866-4e5c-81a7-eef12a7bc666{ip: 192.168.34.14, host: pr-hdds-1643-hlxn2-3599243457, networkLocation: /default-rack, certSerialId: null} reports an CLOSED replica.
2019-10-22 02:32:36,088 [EventQueue-ContainerReportForContainerReportHandler] WARN  container.ContainerReportHandler (AbstractContainerReportHandler.java:updateContainerState(145)) - Container #1 is in OPEN state, but the datanode 6dc62414-4100-415b-916b-e9f0081ca22e{ip: 192.168.34.14, host: pr-hdds-1643-hlxn2-3599243457, networkLocation: /default-rack, certSerialId: null} reports an CLOSED replica.
2019-10-22 02:32:36,169 [BlockDeletingService#2] WARN  background.BlockDeletingService (BlockDeletingService.java:isDeletionAllowed(187)) - Close Container log Index 6 is not replicated across allthe servers in the pipeline 82d9ec66-42fd-448b-b6da-8e192697a9cf as the min replicated index is 4. Deletion is not allowed in this container yet.
2019-10-22 02:32:36,169 [BlockDeletingService#2] WARN  background.BlockDeletingService (BlockDeletingService.java:isDeletionAllowed(187)) - Close Container log Index 6 is not replicated across allthe servers in the pipeline 82d9ec66-42fd-448b-b6da-8e192697a9cf as the min replicated index is 4. Deletion is not allowed in this container yet.
2019-10-22 02:32:36,285 [EventQueue-ContainerReportForContainerReportHandler] WARN  container.ContainerReportHandler (AbstractContainerReportHandler.java:updateContainerState(145)) - Container #1 is in OPEN state, but the datanode ddae0d8b-c866-4e5c-81a7-eef12a7bc666{ip: 192.168.34.14, host: pr-hdds-1643-hlxn2-3599243457, networkLocation: /default-rack, certSerialId: null} reports an CLOSED replica.
2019-10-22 02:32:36,490 [EventQueue-ContainerReportForContainerReportHandler] WARN  container.ContainerReportHandler (AbstractContainerReportHandler.java:updateContainerState(145)) - Container #1 is in OPEN state, but the datanode 6dc62414-4100-415b-916b-e9f0081ca22e{ip: 192.168.34.14, host: pr-hdds-1643-hlxn2-3599243457, networkLocation: /default-rack, certSerialId: null} reports an CLOSED replica.
2019-10-22 02:32:36,585 [EventQueue-ContainerReportForContainerReportHandler] WARN  container.ContainerReportHandler (AbstractContainerReportHandler.java:updateContainerState(145)) - Container #1 is in OPEN state, but the datanode ddae0d8b-c866-4e5c-81a7-eef12a7bc666{ip: 192.168.34.14, host: pr-hdds-1643-hlxn2-3599243457, networkLocation: /default-rack, certSerialId: null} reports an CLOSED replica.
2019-10-22 02:32:36,724 [java.util.concurrent.ThreadPoolExecutor$Worker@6a8733f8[State = -1, empty queue]] WARN  server.GrpcLogAppender (GrpcLogAppender.java:timeoutAppendRequest(209)) - 6dc62414-4100-415b-916b-e9f0081ca22e@group-8E192697A9CF->6f2be65d-ce7d-4814-9a9f-e49d79835c35-GrpcLogAppender: appendEntries Timeout, request=6dc62414-4100-415b-916b-e9f0081ca22e->6f2be65d-ce7d-4814-9a9f-e49d79835c35#26-t6, previous=(t:6, i:10), leaderCommit=10, initializing? false, entries: <empty>
2019-10-22 02:32:36,790 [EventQueue-ContainerReportForContainerReportHandler] WARN  container.ContainerReportHandler (AbstractContainerReportHandler.java:updateContainerState(145)) - Container #1 is in OPEN state, but the datanode ddae0d8b-c866-4e5c-81a7-eef12a7bc666{ip: 192.168.34.14, host: pr-hdds-1643-hlxn2-3599243457, networkLocation: /default-rack, certSerialId: null} reports an CLOSED replica.
2019-10-22 02:32:36,892 [EventQueue-ContainerReportForContainerReportHandler] WARN  container.ContainerReportHandler (AbstractContainerReportHandler.java:updateContainerState(145)) - Container #1 is in OPEN state, but the datanode 6dc62414-4100-415b-916b-e9f0081ca22e{ip: 192.168.34.14, host: pr-hdds-1643-hlxn2-3599243457, networkLocation: /default-rack, certSerialId: null} reports an CLOSED replica.
2019-10-22 02:32:37,172 [BlockDeletingService#2] WARN  background.BlockDeletingService (BlockDeletingService.java:isDeletionAllowed(187)) - Close Container log Index 6 is not replicated across allthe servers in the pipeline 82d9ec66-42fd-448b-b6da-8e192697a9cf as the min replicated index is 4. Deletion is not allowed in this container yet.
2019-10-22 02:32:37,172 [BlockDeletingService#2] WARN  background.BlockDeletingService (BlockDeletingService.java:isDeletionAllowed(187)) - Close Container log Index 6 is not replicated across allthe servers in the pipeline 82d9ec66-42fd-448b-b6da-8e192697a9cf as the min replicated index is 4. Deletion is not allowed in this container yet.
2019-10-22 02:32:37,184 [EventQueue-ContainerReportForContainerReportHandler] WARN  container.ContainerReportHandler (AbstractContainerReportHandler.java:updateContainerState(145)) - Container #1 is in OPEN state, but the datanode ddae0d8b-c866-4e5c-81a7-eef12a7bc666{ip: 192.168.34.14, host: pr-hdds-1643-hlxn2-3599243457, networkLocation: /default-rack, certSerialId: null} reports an CLOSED replica.
2019-10-22 02:32:37,293 [EventQueue-ContainerReportForContainerReportHandler] WARN  container.ContainerReportHandler (AbstractContainerReportHandler.java:updateContainerState(145)) - Container #1 is in OPEN state, but the datanode 6dc62414-4100-415b-916b-e9f0081ca22e{ip: 192.168.34.14, host: pr-hdds-1643-hlxn2-3599243457, networkLocation: /default-rack, certSerialId: null} reports an CLOSED replica.
2019-10-22 02:32:37,585 [EventQueue-ContainerReportForContainerReportHandler] WARN  container.ContainerReportHandler (AbstractContainerReportHandler.java:updateContainerState(145)) - Container #1 is in OPEN state, but the datanode ddae0d8b-c866-4e5c-81a7-eef12a7bc666{ip: 192.168.34.14, host: pr-hdds-1643-hlxn2-3599243457, networkLocation: /default-rack, certSerialId: null} reports an CLOSED replica.
2019-10-22 02:32:37,595 [EventQueue-ContainerReportForContainerReportHandler] WARN  container.ContainerReportHandler (AbstractContainerReportHandler.java:updateContainerState(145)) - Container #1 is in OPEN state, but the datanode 6dc62414-4100-415b-916b-e9f0081ca22e{ip: 192.168.34.14, host: pr-hdds-1643-hlxn2-3599243457, networkLocation: /default-rack, certSerialId: null} reports an CLOSED replica.
2019-10-22 02:32:37,796 [EventQueue-ContainerReportForContainerReportHandler] WARN  container.ContainerReportHandler (AbstractContainerReportHandler.java:updateContainerState(145)) - Container #1 is in OPEN state, but the datanode 6dc62414-4100-415b-916b-e9f0081ca22e{ip: 192.168.34.14, host: pr-hdds-1643-hlxn2-3599243457, networkLocation: /default-rack, certSerialId: null} reports an CLOSED replica.
2019-10-22 02:32:37,886 [EventQueue-ContainerReportForContainerReportHandler] WARN  container.ContainerReportHandler (AbstractContainerReportHandler.java:updateContainerState(145)) - Container #1 is in OPEN state, but the datanode ddae0d8b-c866-4e5c-81a7-eef12a7bc666{ip: 192.168.34.14, host: pr-hdds-1643-hlxn2-3599243457, networkLocation: /default-rack, certSerialId: null} reports an CLOSED replica.
2019-10-22 02:32:38,087 [EventQueue-ContainerReportForContainerReportHandler] WARN  container.ContainerReportHandler (AbstractContainerReportHandler.java:updateContainerState(145)) - Container #1 is in OPEN state, but the datanode ddae0d8b-c866-4e5c-81a7-eef12a7bc666{ip: 192.168.34.14, host: pr-hdds-1643-hlxn2-3599243457, networkLocation: /default-rack, certSerialId: null} reports an CLOSED replica.
2019-10-22 02:32:38,096 [EventQueue-ContainerReportForContainerReportHandler] WARN  container.ContainerReportHandler (AbstractContainerReportHandler.java:updateContainerState(145)) - Container #1 is in OPEN state, but the datanode 6dc62414-4100-415b-916b-e9f0081ca22e{ip: 192.168.34.14, host: pr-hdds-1643-hlxn2-3599243457, networkLocation: /default-rack, certSerialId: null} reports an CLOSED replica.
2019-10-22 02:32:38,175 [BlockDeletingService#2] WARN  background.BlockDeletingService (BlockDeletingService.java:isDeletionAllowed(187)) - Close Container log Index 6 is not replicated across allthe servers in the pipeline 82d9ec66-42fd-448b-b6da-8e192697a9cf as the min replicated index is 4. Deletion is not allowed in this container yet.
2019-10-22 02:32:38,175 [BlockDeletingService#2] WARN  background.BlockDeletingService (BlockDeletingService.java:isDeletionAllowed(187)) - Close Container log Index 6 is not replicated across allthe servers in the pipeline 82d9ec66-42fd-448b-b6da-8e192697a9cf as the min replicated index is 4. Deletion is not allowed in this container yet.
2019-10-22 02:32:38,387 [EventQueue-ContainerReportForContainerReportHandler] WARN  container.ContainerReportHandler (AbstractContainerReportHandler.java:updateContainerState(145)) - Container #1 is in OPEN state, but the datanode ddae0d8b-c866-4e5c-81a7-eef12a7bc666{ip: 192.168.34.14, host: pr-hdds-1643-hlxn2-3599243457, networkLocation: /default-rack, certSerialId: null} reports an CLOSED replica.
2019-10-22 02:32:38,396 [EventQueue-ContainerReportForContainerReportHandler] WARN  container.ContainerReportHandler (AbstractContainerReportHandler.java:updateContainerState(145)) - Container #1 is in OPEN state, but the datanode 6dc62414-4100-415b-916b-e9f0081ca22e{ip: 192.168.34.14, host: pr-hdds-1643-hlxn2-3599243457, networkLocation: /default-rack, certSerialId: null} reports an CLOSED replica.
2019-10-22 02:32:38,688 [EventQueue-ContainerReportForContainerReportHandler] WARN  container.ContainerReportHandler (AbstractContainerReportHandler.java:updateContainerState(145)) - Container #1 is in OPEN state, but the datanode ddae0d8b-c866-4e5c-81a7-eef12a7bc666{ip: 192.168.34.14, host: pr-hdds-1643-hlxn2-3599243457, networkLocation: /default-rack, certSerialId: null} reports an CLOSED replica.
2019-10-22 02:32:38,696 [EventQueue-ContainerReportForContainerReportHandler] WARN  container.ContainerReportHandler (AbstractContainerReportHandler.java:updateContainerState(145)) - Container #1 is in OPEN state, but the datanode 6dc62414-4100-415b-916b-e9f0081ca22e{ip: 192.168.34.14, host: pr-hdds-1643-hlxn2-3599243457, networkLocation: /default-rack, certSerialId: null} reports an CLOSED replica.
2019-10-22 02:32:38,897 [EventQueue-ContainerReportForContainerReportHandler] WARN  container.ContainerReportHandler (AbstractContainerReportHandler.java:updateContainerState(145)) - Container #1 is in OPEN state, but the datanode 6dc62414-4100-415b-916b-e9f0081ca22e{ip: 192.168.34.14, host: pr-hdds-1643-hlxn2-3599243457, networkLocation: /default-rack, certSerialId: null} reports an CLOSED replica.
2019-10-22 02:32:38,989 [EventQueue-ContainerReportForContainerReportHandler] WARN  container.ContainerReportHandler (AbstractContainerReportHandler.java:updateContainerState(145)) - Container #1 is in OPEN state, but the datanode ddae0d8b-c866-4e5c-81a7-eef12a7bc666{ip: 192.168.34.14, host: pr-hdds-1643-hlxn2-3599243457, networkLocation: /default-rack, certSerialId: null} reports an CLOSED replica.
2019-10-22 02:32:39,176 [BlockDeletingService#2] WARN  background.BlockDeletingService (BlockDeletingService.java:isDeletionAllowed(187)) - Close Container log Index 6 is not replicated across allthe servers in the pipeline 82d9ec66-42fd-448b-b6da-8e192697a9cf as the min replicated index is 4. Deletion is not allowed in this container yet.
2019-10-22 02:32:39,177 [BlockDeletingService#2] WARN  background.BlockDeletingService (BlockDeletingService.java:isDeletionAllowed(187)) - Close Container log Index 6 is not replicated across allthe servers in the pipeline 82d9ec66-42fd-448b-b6da-8e192697a9cf as the min replicated index is 4. Deletion is not allowed in this container yet.
2019-10-22 02:32:39,225 [java.util.concurrent.ThreadPoolExecutor$Worker@6a8733f8[State = -1, empty queue]] WARN  server.GrpcLogAppender (GrpcLogAppender.java:timeoutAppendRequest(209)) - 6dc62414-4100-415b-916b-e9f0081ca22e@group-8E192697A9CF->6f2be65d-ce7d-4814-9a9f-e49d79835c35-GrpcLogAppender: appendEntries Timeout, request=6dc62414-4100-415b-916b-e9f0081ca22e->6f2be65d-ce7d-4814-9a9f-e49d79835c35#27-t6, previous=(t:6, i:10), leaderCommit=10, initializing? false, entries: <empty>
2019-10-22 02:32:39,298 [EventQueue-ContainerReportForContainerReportHandler] WARN  container.ContainerReportHandler (AbstractContainerReportHandler.java:updateContainerState(145)) - Container #1 is in OPEN state, but the datanode 6dc62414-4100-415b-916b-e9f0081ca22e{ip: 192.168.34.14, host: pr-hdds-1643-hlxn2-3599243457, networkLocation: /default-rack, certSerialId: null} reports an CLOSED replica.
2019-10-22 02:32:39,389 [EventQueue-ContainerReportForContainerReportHandler] WARN  container.ContainerReportHandler (AbstractContainerReportHandler.java:updateContainerState(145)) - Container #1 is in OPEN state, but the datanode ddae0d8b-c866-4e5c-81a7-eef12a7bc666{ip: 192.168.34.14, host: pr-hdds-1643-hlxn2-3599243457, networkLocation: /default-rack, certSerialId: null} reports an CLOSED replica.
2019-10-22 02:32:39,498 [EventQueue-ContainerReportForContainerReportHandler] WARN  container.ContainerReportHandler (AbstractContainerReportHandler.java:updateContainerState(145)) - Container #1 is in OPEN state, but the datanode 6dc62414-4100-415b-916b-e9f0081ca22e{ip: 192.168.34.14, host: pr-hdds-1643-hlxn2-3599243457, networkLocation: /default-rack, certSerialId: null} reports an CLOSED replica.
2019-10-22 02:32:39,689 [EventQueue-ContainerReportForContainerReportHandler] WARN  container.ContainerReportHandler (AbstractContainerReportHandler.java:updateContainerState(145)) - Container #1 is in OPEN state, but the datanode ddae0d8b-c866-4e5c-81a7-eef12a7bc666{ip: 192.168.34.14, host: pr-hdds-1643-hlxn2-3599243457, networkLocation: /default-rack, certSerialId: null} reports an CLOSED replica.
2019-10-22 02:32:39,898 [EventQueue-ContainerReportForContainerReportHandler] WARN  container.ContainerReportHandler (AbstractContainerReportHandler.java:updateContainerState(145)) - Container #1 is in OPEN state, but the datanode 6dc62414-4100-415b-916b-e9f0081ca22e{ip: 192.168.34.14, host: pr-hdds-1643-hlxn2-3599243457, networkLocation: /default-rack, certSerialId: null} reports an CLOSED replica.
2019-10-22 02:32:40,089 [EventQueue-ContainerReportForContainerReportHandler] WARN  container.ContainerReportHandler (AbstractContainerReportHandler.java:updateContainerState(145)) - Container #1 is in OPEN state, but the datanode ddae0d8b-c866-4e5c-81a7-eef12a7bc666{ip: 192.168.34.14, host: pr-hdds-1643-hlxn2-3599243457, networkLocation: /default-rack, certSerialId: null} reports an CLOSED replica.
2019-10-22 02:32:40,178 [BlockDeletingService#2] WARN  background.BlockDeletingService (BlockDeletingService.java:isDeletionAllowed(187)) - Close Container log Index 6 is not replicated across allthe servers in the pipeline 82d9ec66-42fd-448b-b6da-8e192697a9cf as the min replicated index is 4. Deletion is not allowed in this container yet.
2019-10-22 02:32:40,178 [BlockDeletingService#2] WARN  background.BlockDeletingService (BlockDeletingService.java:isDeletionAllowed(187)) - Close Container log Index 6 is not replicated across allthe servers in the pipeline 82d9ec66-42fd-448b-b6da-8e192697a9cf as the min replicated index is 4. Deletion is not allowed in this container yet.
2019-10-22 02:32:40,200 [EventQueue-ContainerReportForContainerReportHandler] WARN  container.ContainerReportHandler (AbstractContainerReportHandler.java:updateContainerState(145)) - Container #1 is in OPEN state, but the datanode 6dc62414-4100-415b-916b-e9f0081ca22e{ip: 192.168.34.14, host: pr-hdds-1643-hlxn2-3599243457, networkLocation: /default-rack, certSerialId: null} reports an CLOSED replica.
2019-10-22 02:32:40,391 [EventQueue-ContainerReportForContainerReportHandler] WARN  container.ContainerReportHandler (AbstractContainerReportHandler.java:updateContainerState(145)) - Container #1 is in OPEN state, but the datanode ddae0d8b-c866-4e5c-81a7-eef12a7bc666{ip: 192.168.34.14, host: pr-hdds-1643-hlxn2-3599243457, networkLocation: /default-rack, certSerialId: null} reports an CLOSED replica.
2019-10-22 02:32:40,591 [EventQueue-ContainerReportForContainerReportHandler] WARN  container.ContainerReportHandler (AbstractContainerReportHandler.java:updateContainerState(145)) - Container #1 is in OPEN state, but the datanode ddae0d8b-c866-4e5c-81a7-eef12a7bc666{ip: 192.168.34.14, host: pr-hdds-1643-hlxn2-3599243457, networkLocation: /default-rack, certSerialId: null} reports an CLOSED replica.
2019-10-22 02:32:40,602 [EventQueue-ContainerReportForContainerReportHandler] WARN  container.ContainerReportHandler (AbstractContainerReportHandler.java:updateContainerState(145)) - Container #1 is in OPEN state, but the datanode 6dc62414-4100-415b-916b-e9f0081ca22e{ip: 192.168.34.14, host: pr-hdds-1643-hlxn2-3599243457, networkLocation: /default-rack, certSerialId: null} reports an CLOSED replica.
2019-10-22 02:32:40,755 [Thread-375] INFO  client.GrpcClientProtocolService (GrpcClientProtocolService.java:lambda$processClientRequest$0(278)) - Failed RaftClientRequest:client-C9AE8EA1E005->6dc62414-4100-415b-916b-e9f0081ca22e@group-8E192697A9CF, cid=10, seq=0, Watch-ALL_COMMITTED(6), Message:<EMPTY>, reply=RaftClientReply:client-C9AE8EA1E005->6dc62414-4100-415b-916b-e9f0081ca22e@group-8E192697A9CF, cid=10, FAILED org.apache.ratis.protocol.NotReplicatedException: Request with call Id 10 and log index 6 is not yet replicated to ALL_COMMITTED, logIndex=6, commits[6dc62414-4100-415b-916b-e9f0081ca22e:c10, 6f2be65d-ce7d-4814-9a9f-e49d79835c35:c4, ddae0d8b-c866-4e5c-81a7-eef12a7bc666:c10]
2019-10-22 02:32:40,792 [EventQueue-ContainerReportForContainerReportHandler] WARN  container.ContainerReportHandler (AbstractContainerReportHandler.java:updateContainerState(145)) - Container #1 is in OPEN state, but the datanode ddae0d8b-c866-4e5c-81a7-eef12a7bc666{ip: 192.168.34.14, host: pr-hdds-1643-hlxn2-3599243457, networkLocation: /default-rack, certSerialId: null} reports an CLOSED replica.
2019-10-22 02:32:41,001 [EventQueue-ContainerReportForContainerReportHandler] WARN  container.ContainerReportHandler (AbstractContainerReportHandler.java:updateContainerState(145)) - Container #1 is in OPEN state, but the datanode 6dc62414-4100-415b-916b-e9f0081ca22e{ip: 192.168.34.14, host: pr-hdds-1643-hlxn2-3599243457, networkLocation: /default-rack, certSerialId: null} reports an CLOSED replica.
2019-10-22 02:32:41,180 [BlockDeletingService#2] WARN  background.BlockDeletingService (BlockDeletingService.java:isDeletionAllowed(187)) - Close Container log Index 6 is not replicated across allthe servers in the pipeline 82d9ec66-42fd-448b-b6da-8e192697a9cf as the min replicated index is 4. Deletion is not allowed in this container yet.
2019-10-22 02:32:41,180 [BlockDeletingService#2] WARN  background.BlockDeletingService (BlockDeletingService.java:isDeletionAllowed(187)) - Close Container log Index 6 is not replicated across allthe servers in the pipeline 82d9ec66-42fd-448b-b6da-8e192697a9cf as the min replicated index is 4. Deletion is not allowed in this container yet.
2019-10-22 02:32:41,192 [EventQueue-ContainerReportForContainerReportHandler] WARN  container.ContainerReportHandler (AbstractContainerReportHandler.java:updateContainerState(145)) - Container #1 is in OPEN state, but the datanode ddae0d8b-c866-4e5c-81a7-eef12a7bc666{ip: 192.168.34.14, host: pr-hdds-1643-hlxn2-3599243457, networkLocation: /default-rack, certSerialId: null} reports an CLOSED replica.
2019-10-22 02:32:41,303 [EventQueue-ContainerReportForContainerReportHandler] WARN  container.ContainerReportHandler (AbstractContainerReportHandler.java:updateContainerState(145)) - Container #1 is in OPEN state, but the datanode 6dc62414-4100-415b-916b-e9f0081ca22e{ip: 192.168.34.14, host: pr-hdds-1643-hlxn2-3599243457, networkLocation: /default-rack, certSerialId: null} reports an CLOSED replica.
2019-10-22 02:32:41,493 [EventQueue-ContainerReportForContainerReportHandler] WARN  container.ContainerReportHandler (AbstractContainerReportHandler.java:updateContainerState(145)) - Container #1 is in OPEN state, but the datanode ddae0d8b-c866-4e5c-81a7-eef12a7bc666{ip: 192.168.34.14, host: pr-hdds-1643-hlxn2-3599243457, networkLocation: /default-rack, certSerialId: null} reports an CLOSED replica.
2019-10-22 02:32:41,502 [EventQueue-ContainerReportForContainerReportHandler] WARN  container.ContainerReportHandler (AbstractContainerReportHandler.java:updateContainerState(145)) - Container #1 is in OPEN state, but the datanode 6dc62414-4100-415b-916b-e9f0081ca22e{ip: 192.168.34.14, host: pr-hdds-1643-hlxn2-3599243457, networkLocation: /default-rack, certSerialId: null} reports an CLOSED replica.
2019-10-22 02:32:41,728 [java.util.concurrent.ThreadPoolExecutor$Worker@6a8733f8[State = -1, empty queue]] WARN  server.GrpcLogAppender (GrpcLogAppender.java:timeoutAppendRequest(209)) - 6dc62414-4100-415b-916b-e9f0081ca22e@group-8E192697A9CF->6f2be65d-ce7d-4814-9a9f-e49d79835c35-GrpcLogAppender: appendEntries Timeout, request=6dc62414-4100-415b-916b-e9f0081ca22e->6f2be65d-ce7d-4814-9a9f-e49d79835c35#28-t6, previous=(t:6, i:10), leaderCommit=10, initializing? false, entries: <empty>
2019-10-22 02:32:41,803 [EventQueue-ContainerReportForContainerReportHandler] WARN  container.ContainerReportHandler (AbstractContainerReportHandler.java:updateContainerState(145)) - Container #1 is in OPEN state, but the datanode 6dc62414-4100-415b-916b-e9f0081ca22e{ip: 192.168.34.14, host: pr-hdds-1643-hlxn2-3599243457, networkLocation: /default-rack, certSerialId: null} reports an CLOSED replica.
2019-10-22 02:32:41,899 [EventQueue-ContainerReportForContainerReportHandler] WARN  container.ContainerReportHandler (AbstractContainerReportHandler.java:updateContainerState(145)) - Container #1 is in OPEN state, but the datanode ddae0d8b-c866-4e5c-81a7-eef12a7bc666{ip: 192.168.34.14, host: pr-hdds-1643-hlxn2-3599243457, networkLocation: /default-rack, certSerialId: null} reports an CLOSED replica.
2019-10-22 02:32:42,103 [EventQueue-ContainerReportForContainerReportHandler] WARN  container.ContainerReportHandler (AbstractContainerReportHandler.java:updateContainerState(145)) - Container #1 is in OPEN state, but the datanode 6dc62414-4100-415b-916b-e9f0081ca22e{ip: 192.168.34.14, host: pr-hdds-1643-hlxn2-3599243457, networkLocation: /default-rack, certSerialId: null} reports an CLOSED replica.
2019-10-22 02:32:42,187 [BlockDeletingService#2] WARN  background.BlockDeletingService (BlockDeletingService.java:isDeletionAllowed(187)) - Close Container log Index 6 is not replicated across allthe servers in the pipeline 82d9ec66-42fd-448b-b6da-8e192697a9cf as the min replicated index is 4. Deletion is not allowed in this container yet.
2019-10-22 02:32:42,187 [BlockDeletingService#2] WARN  background.BlockDeletingService (BlockDeletingService.java:isDeletionAllowed(187)) - Close Container log Index 6 is not replicated across allthe servers in the pipeline 82d9ec66-42fd-448b-b6da-8e192697a9cf as the min replicated index is 4. Deletion is not allowed in this container yet.
2019-10-22 02:32:42,195 [EventQueue-ContainerReportForContainerReportHandler] WARN  container.ContainerReportHandler (AbstractContainerReportHandler.java:updateContainerState(145)) - Container #1 is in OPEN state, but the datanode ddae0d8b-c866-4e5c-81a7-eef12a7bc666{ip: 192.168.34.14, host: pr-hdds-1643-hlxn2-3599243457, networkLocation: /default-rack, certSerialId: null} reports an CLOSED replica.
2019-10-22 02:32:42,494 [EventQueue-ContainerReportForContainerReportHandler] WARN  container.ContainerReportHandler (AbstractContainerReportHandler.java:updateContainerState(145)) - Container #1 is in OPEN state, but the datanode ddae0d8b-c866-4e5c-81a7-eef12a7bc666{ip: 192.168.34.14, host: pr-hdds-1643-hlxn2-3599243457, networkLocation: /default-rack, certSerialId: null} reports an CLOSED replica.
2019-10-22 02:32:42,502 [EventQueue-ContainerReportForContainerReportHandler] WARN  container.ContainerReportHandler (AbstractContainerReportHandler.java:updateContainerState(145)) - Container #1 is in OPEN state, but the datanode 6dc62414-4100-415b-916b-e9f0081ca22e{ip: 192.168.34.14, host: pr-hdds-1643-hlxn2-3599243457, networkLocation: /default-rack, certSerialId: null} reports an CLOSED replica.
2019-10-22 02:32:42,695 [EventQueue-ContainerReportForContainerReportHandler] WARN  container.ContainerReportHandler (AbstractContainerReportHandler.java:updateContainerState(145)) - Container #1 is in OPEN state, but the datanode ddae0d8b-c866-4e5c-81a7-eef12a7bc666{ip: 192.168.34.14, host: pr-hdds-1643-hlxn2-3599243457, networkLocation: /default-rack, certSerialId: null} reports an CLOSED replica.
2019-10-22 02:32:42,802 [EventQueue-ContainerReportForContainerReportHandler] WARN  container.ContainerReportHandler (AbstractContainerReportHandler.java:updateContainerState(145)) - Container #1 is in OPEN state, but the datanode 6dc62414-4100-415b-916b-e9f0081ca22e{ip: 192.168.34.14, host: pr-hdds-1643-hlxn2-3599243457, networkLocation: /default-rack, certSerialId: null} reports an CLOSED replica.
2019-10-22 02:32:43,095 [EventQueue-ContainerReportForContainerReportHandler] WARN  container.ContainerReportHandler (AbstractContainerReportHandler.java:updateContainerState(145)) - Container #1 is in OPEN state, but the datanode ddae0d8b-c866-4e5c-81a7-eef12a7bc666{ip: 192.168.34.14, host: pr-hdds-1643-hlxn2-3599243457, networkLocation: /default-rack, certSerialId: null} reports an CLOSED replica.
2019-10-22 02:32:43,190 [BlockDeletingService#2] WARN  background.BlockDeletingService (BlockDeletingService.java:isDeletionAllowed(187)) - Close Container log Index 6 is not replicated across allthe servers in the pipeline 82d9ec66-42fd-448b-b6da-8e192697a9cf as the min replicated index is 4. Deletion is not allowed in this container yet.
2019-10-22 02:32:43,190 [BlockDeletingService#2] WARN  background.BlockDeletingService (BlockDeletingService.java:isDeletionAllowed(187)) - Close Container log Index 6 is not replicated across allthe servers in the pipeline 82d9ec66-42fd-448b-b6da-8e192697a9cf as the min replicated index is 4. Deletion is not allowed in this container yet.
2019-10-22 02:32:43,203 [EventQueue-ContainerReportForContainerReportHandler] WARN  container.ContainerReportHandler (AbstractContainerReportHandler.java:updateContainerState(145)) - Container #1 is in OPEN state, but the datanode 6dc62414-4100-415b-916b-e9f0081ca22e{ip: 192.168.34.14, host: pr-hdds-1643-hlxn2-3599243457, networkLocation: /default-rack, certSerialId: null} reports an CLOSED replica.
2019-10-22 02:32:43,395 [EventQueue-ContainerReportForContainerReportHandler] WARN  container.ContainerReportHandler (AbstractContainerReportHandler.java:updateContainerState(145)) - Container #1 is in OPEN state, but the datanode ddae0d8b-c866-4e5c-81a7-eef12a7bc666{ip: 192.168.34.14, host: pr-hdds-1643-hlxn2-3599243457, networkLocation: /default-rack, certSerialId: null} reports an CLOSED replica.
2019-10-22 02:32:43,503 [EventQueue-ContainerReportForContainerReportHandler] WARN  container.ContainerReportHandler (AbstractContainerReportHandler.java:updateContainerState(145)) - Container #1 is in OPEN state, but the datanode 6dc62414-4100-415b-916b-e9f0081ca22e{ip: 192.168.34.14, host: pr-hdds-1643-hlxn2-3599243457, networkLocation: /default-rack, certSerialId: null} reports an CLOSED replica.
2019-10-22 02:32:43,795 [EventQueue-ContainerReportForContainerReportHandler] WARN  container.ContainerReportHandler (AbstractContainerReportHandler.java:updateContainerState(145)) - Container #1 is in OPEN state, but the datanode ddae0d8b-c866-4e5c-81a7-eef12a7bc666{ip: 192.168.34.14, host: pr-hdds-1643-hlxn2-3599243457, networkLocation: /default-rack, certSerialId: null} reports an CLOSED replica.
2019-10-22 02:32:43,804 [EventQueue-ContainerReportForContainerReportHandler] WARN  container.ContainerReportHandler (AbstractContainerReportHandler.java:updateContainerState(145)) - Container #1 is in OPEN state, but the datanode 6dc62414-4100-415b-916b-e9f0081ca22e{ip: 192.168.34.14, host: pr-hdds-1643-hlxn2-3599243457, networkLocation: /default-rack, certSerialId: null} reports an CLOSED replica.
2019-10-22 02:32:44,004 [EventQueue-ContainerReportForContainerReportHandler] WARN  container.ContainerReportHandler (AbstractContainerReportHandler.java:updateContainerState(145)) - Container #1 is in OPEN state, but the datanode 6dc62414-4100-415b-916b-e9f0081ca22e{ip: 192.168.34.14, host: pr-hdds-1643-hlxn2-3599243457, networkLocation: /default-rack, certSerialId: null} reports an CLOSED replica.
2019-10-22 02:32:44,096 [EventQueue-ContainerReportForContainerReportHandler] WARN  container.ContainerReportHandler (AbstractContainerReportHandler.java:updateContainerState(145)) - Container #1 is in OPEN state, but the datanode ddae0d8b-c866-4e5c-81a7-eef12a7bc666{ip: 192.168.34.14, host: pr-hdds-1643-hlxn2-3599243457, networkLocation: /default-rack, certSerialId: null} reports an CLOSED replica.
2019-10-22 02:32:44,192 [BlockDeletingService#2] WARN  background.BlockDeletingService (BlockDeletingService.java:isDeletionAllowed(187)) - Close Container log Index 6 is not replicated across allthe servers in the pipeline 82d9ec66-42fd-448b-b6da-8e192697a9cf as the min replicated index is 4. Deletion is not allowed in this container yet.
2019-10-22 02:32:44,192 [BlockDeletingService#2] WARN  background.BlockDeletingService (BlockDeletingService.java:isDeletionAllowed(187)) - Close Container log Index 6 is not replicated across allthe servers in the pipeline 82d9ec66-42fd-448b-b6da-8e192697a9cf as the min replicated index is 4. Deletion is not allowed in this container yet.
2019-10-22 02:32:44,204 [EventQueue-ContainerReportForContainerReportHandler] WARN  container.ContainerReportHandler (AbstractContainerReportHandler.java:updateContainerState(145)) - Container #1 is in OPEN state, but the datanode 6dc62414-4100-415b-916b-e9f0081ca22e{ip: 192.168.34.14, host: pr-hdds-1643-hlxn2-3599243457, networkLocation: /default-rack, certSerialId: null} reports an CLOSED replica.
2019-10-22 02:32:44,228 [java.util.concurrent.ThreadPoolExecutor$Worker@6a8733f8[State = -1, empty queue]] WARN  server.GrpcLogAppender (GrpcLogAppender.java:timeoutAppendRequest(209)) - 6dc62414-4100-415b-916b-e9f0081ca22e@group-8E192697A9CF->6f2be65d-ce7d-4814-9a9f-e49d79835c35-GrpcLogAppender: appendEntries Timeout, request=6dc62414-4100-415b-916b-e9f0081ca22e->6f2be65d-ce7d-4814-9a9f-e49d79835c35#29-t6, previous=(t:6, i:10), leaderCommit=10, initializing? false, entries: <empty>
2019-10-22 02:32:44,396 [EventQueue-ContainerReportForContainerReportHandler] WARN  container.ContainerReportHandler (AbstractContainerReportHandler.java:updateContainerState(145)) - Container #1 is in OPEN state, but the datanode ddae0d8b-c866-4e5c-81a7-eef12a7bc666{ip: 192.168.34.14, host: pr-hdds-1643-hlxn2-3599243457, networkLocation: /default-rack, certSerialId: null} reports an CLOSED replica.
2019-10-22 02:32:44,506 [EventQueue-ContainerReportForContainerReportHandler] WARN  container.ContainerReportHandler (AbstractContainerReportHandler.java:updateContainerState(145)) - Container #1 is in OPEN state, but the datanode 6dc62414-4100-415b-916b-e9f0081ca22e{ip: 192.168.34.14, host: pr-hdds-1643-hlxn2-3599243457, networkLocation: /default-rack, certSerialId: null} reports an CLOSED replica.
2019-10-22 02:32:44,596 [EventQueue-ContainerReportForContainerReportHandler] WARN  container.ContainerReportHandler (AbstractContainerReportHandler.java:updateContainerState(145)) - Container #1 is in OPEN state, but the datanode ddae0d8b-c866-4e5c-81a7-eef12a7bc666{ip: 192.168.34.14, host: pr-hdds-1643-hlxn2-3599243457, networkLocation: /default-rack, certSerialId: null} reports an CLOSED replica.
2019-10-22 02:32:44,804 [EventQueue-ContainerReportForContainerReportHandler] WARN  container.ContainerReportHandler (AbstractContainerReportHandler.java:updateContainerState(145)) - Container #1 is in OPEN state, but the datanode 6dc62414-4100-415b-916b-e9f0081ca22e{ip: 192.168.34.14, host: pr-hdds-1643-hlxn2-3599243457, networkLocation: /default-rack, certSerialId: null} reports an CLOSED replica.
2019-10-22 02:32:44,997 [EventQueue-ContainerReportForContainerReportHandler] WARN  container.ContainerReportHandler (AbstractContainerReportHandler.java:updateContainerState(145)) - Container #1 is in OPEN state, but the datanode ddae0d8b-c866-4e5c-81a7-eef12a7bc666{ip: 192.168.34.14, host: pr-hdds-1643-hlxn2-3599243457, networkLocation: /default-rack, certSerialId: null} reports an CLOSED replica.
2019-10-22 02:32:45,104 [EventQueue-ContainerReportForContainerReportHandler] WARN  container.ContainerReportHandler (AbstractContainerReportHandler.java:updateContainerState(145)) - Container #1 is in OPEN state, but the datanode 6dc62414-4100-415b-916b-e9f0081ca22e{ip: 192.168.34.14, host: pr-hdds-1643-hlxn2-3599243457, networkLocation: /default-rack, certSerialId: null} reports an CLOSED replica.
2019-10-22 02:32:45,195 [BlockDeletingService#2] WARN  background.BlockDeletingService (BlockDeletingService.java:isDeletionAllowed(187)) - Close Container log Index 6 is not replicated across allthe servers in the pipeline 82d9ec66-42fd-448b-b6da-8e192697a9cf as the min replicated index is 4. Deletion is not allowed in this container yet.
2019-10-22 02:32:45,195 [BlockDeletingService#2] WARN  background.BlockDeletingService (BlockDeletingService.java:isDeletionAllowed(187)) - Close Container log Index 6 is not replicated across allthe servers in the pipeline 82d9ec66-42fd-448b-b6da-8e192697a9cf as the min replicated index is 4. Deletion is not allowed in this container yet.
2019-10-22 02:32:45,296 [EventQueue-ContainerReportForContainerReportHandler] WARN  container.ContainerReportHandler (AbstractContainerReportHandler.java:updateContainerState(145)) - Container #1 is in OPEN state, but the datanode ddae0d8b-c866-4e5c-81a7-eef12a7bc666{ip: 192.168.34.14, host: pr-hdds-1643-hlxn2-3599243457, networkLocation: /default-rack, certSerialId: null} reports an CLOSED replica.
2019-10-22 02:32:45,303 [EventQueue-ContainerReportForContainerReportHandler] WARN  container.ContainerReportHandler (AbstractContainerReportHandler.java:updateContainerState(145)) - Container #1 is in OPEN state, but the datanode 6dc62414-4100-415b-916b-e9f0081ca22e{ip: 192.168.34.14, host: pr-hdds-1643-hlxn2-3599243457, networkLocation: /default-rack, certSerialId: null} reports an CLOSED replica.
2019-10-22 02:32:45,497 [EventQueue-ContainerReportForContainerReportHandler] WARN  container.ContainerReportHandler (AbstractContainerReportHandler.java:updateContainerState(145)) - Container #1 is in OPEN state, but the datanode ddae0d8b-c866-4e5c-81a7-eef12a7bc666{ip: 192.168.34.14, host: pr-hdds-1643-hlxn2-3599243457, networkLocation: /default-rack, certSerialId: null} reports an CLOSED replica.
2019-10-22 02:32:45,696 [EventQueue-ContainerReportForContainerReportHandler] WARN  container.ContainerReportHandler (AbstractContainerReportHandler.java:updateContainerState(145)) - Container #1 is in OPEN state, but the datanode ddae0d8b-c866-4e5c-81a7-eef12a7bc666{ip: 192.168.34.14, host: pr-hdds-1643-hlxn2-3599243457, networkLocation: /default-rack, certSerialId: null} reports an CLOSED replica.
2019-10-22 02:32:45,703 [EventQueue-ContainerReportForContainerReportHandler] WARN  container.ContainerReportHandler (AbstractContainerReportHandler.java:updateContainerState(145)) - Container #1 is in OPEN state, but the datanode 6dc62414-4100-415b-916b-e9f0081ca22e{ip: 192.168.34.14, host: pr-hdds-1643-hlxn2-3599243457, networkLocation: /default-rack, certSerialId: null} reports an CLOSED replica.
2019-10-22 02:32:45,997 [EventQueue-ContainerReportForContainerReportHandler] WARN  container.ContainerReportHandler (AbstractContainerReportHandler.java:updateContainerState(145)) - Container #1 is in OPEN state, but the datanode ddae0d8b-c866-4e5c-81a7-eef12a7bc666{ip: 192.168.34.14, host: pr-hdds-1643-hlxn2-3599243457, networkLocation: /default-rack, certSerialId: null} reports an CLOSED replica.
2019-10-22 02:32:46,004 [EventQueue-ContainerReportForContainerReportHandler] WARN  container.ContainerReportHandler (AbstractContainerReportHandler.java:updateContainerState(145)) - Container #1 is in OPEN state, but the datanode 6dc62414-4100-415b-916b-e9f0081ca22e{ip: 192.168.34.14, host: pr-hdds-1643-hlxn2-3599243457, networkLocation: /default-rack, certSerialId: null} reports an CLOSED replica.
2019-10-22 02:32:46,196 [BlockDeletingService#2] WARN  background.BlockDeletingService (BlockDeletingService.java:isDeletionAllowed(187)) - Close Container log Index 6 is not replicated across allthe servers in the pipeline 82d9ec66-42fd-448b-b6da-8e192697a9cf as the min replicated index is 4. Deletion is not allowed in this container yet.
2019-10-22 02:32:46,196 [BlockDeletingService#2] WARN  background.BlockDeletingService (BlockDeletingService.java:isDeletionAllowed(187)) - Close Container log Index 6 is not replicated across allthe servers in the pipeline 82d9ec66-42fd-448b-b6da-8e192697a9cf as the min replicated index is 4. Deletion is not allowed in this container yet.
2019-10-22 02:32:46,305 [EventQueue-ContainerReportForContainerReportHandler] WARN  container.ContainerReportHandler (AbstractContainerReportHandler.java:updateContainerState(145)) - Container #1 is in OPEN state, but the datanode 6dc62414-4100-415b-916b-e9f0081ca22e{ip: 192.168.34.14, host: pr-hdds-1643-hlxn2-3599243457, networkLocation: /default-rack, certSerialId: null} reports an CLOSED replica.
2019-10-22 02:32:46,397 [EventQueue-ContainerReportForContainerReportHandler] WARN  container.ContainerReportHandler (AbstractContainerReportHandler.java:updateContainerState(145)) - Container #1 is in OPEN state, but the datanode ddae0d8b-c866-4e5c-81a7-eef12a7bc666{ip: 192.168.34.14, host: pr-hdds-1643-hlxn2-3599243457, networkLocation: /default-rack, certSerialId: null} reports an CLOSED replica.
2019-10-22 02:32:46,505 [EventQueue-ContainerReportForContainerReportHandler] WARN  container.ContainerReportHandler (AbstractContainerReportHandler.java:updateContainerState(145)) - Container #1 is in OPEN state, but the datanode 6dc62414-4100-415b-916b-e9f0081ca22e{ip: 192.168.34.14, host: pr-hdds-1643-hlxn2-3599243457, networkLocation: /default-rack, certSerialId: null} reports an CLOSED replica.
2019-10-22 02:32:46,696 [EventQueue-ContainerReportForContainerReportHandler] WARN  container.ContainerReportHandler (AbstractContainerReportHandler.java:updateContainerState(145)) - Container #1 is in OPEN state, but the datanode ddae0d8b-c866-4e5c-81a7-eef12a7bc666{ip: 192.168.34.14, host: pr-hdds-1643-hlxn2-3599243457, networkLocation: /default-rack, certSerialId: null} reports an CLOSED replica.
2019-10-22 02:32:46,731 [java.util.concurrent.ThreadPoolExecutor$Worker@6a8733f8[State = -1, empty queue]] WARN  server.GrpcLogAppender (GrpcLogAppender.java:timeoutAppendRequest(209)) - 6dc62414-4100-415b-916b-e9f0081ca22e@group-8E192697A9CF->6f2be65d-ce7d-4814-9a9f-e49d79835c35-GrpcLogAppender: appendEntries Timeout, request=6dc62414-4100-415b-916b-e9f0081ca22e->6f2be65d-ce7d-4814-9a9f-e49d79835c35#30-t6, previous=(t:6, i:10), leaderCommit=10, initializing? false, entries: <empty>
2019-10-22 02:32:46,804 [EventQueue-ContainerReportForContainerReportHandler] WARN  container.ContainerReportHandler (AbstractContainerReportHandler.java:updateContainerState(145)) - Container #1 is in OPEN state, but the datanode 6dc62414-4100-415b-916b-e9f0081ca22e{ip: 192.168.34.14, host: pr-hdds-1643-hlxn2-3599243457, networkLocation: /default-rack, certSerialId: null} reports an CLOSED replica.
2019-10-22 02:32:46,997 [EventQueue-ContainerReportForContainerReportHandler] WARN  container.ContainerReportHandler (AbstractContainerReportHandler.java:updateContainerState(145)) - Container #1 is in OPEN state, but the datanode ddae0d8b-c866-4e5c-81a7-eef12a7bc666{ip: 192.168.34.14, host: pr-hdds-1643-hlxn2-3599243457, networkLocation: /default-rack, certSerialId: null} reports an CLOSED replica.
2019-10-22 02:32:47,105 [EventQueue-ContainerReportForContainerReportHandler] WARN  container.ContainerReportHandler (AbstractContainerReportHandler.java:updateContainerState(145)) - Container #1 is in OPEN state, but the datanode 6dc62414-4100-415b-916b-e9f0081ca22e{ip: 192.168.34.14, host: pr-hdds-1643-hlxn2-3599243457, networkLocation: /default-rack, certSerialId: null} reports an CLOSED replica.
2019-10-22 02:32:47,197 [EventQueue-ContainerReportForContainerReportHandler] WARN  container.ContainerReportHandler (AbstractContainerReportHandler.java:updateContainerState(145)) - Container #1 is in OPEN state, but the datanode ddae0d8b-c866-4e5c-81a7-eef12a7bc666{ip: 192.168.34.14, host: pr-hdds-1643-hlxn2-3599243457, networkLocation: /default-rack, certSerialId: null} reports an CLOSED replica.
2019-10-22 02:32:47,198 [BlockDeletingService#2] WARN  background.BlockDeletingService (BlockDeletingService.java:isDeletionAllowed(187)) - Close Container log Index 6 is not replicated across allthe servers in the pipeline 82d9ec66-42fd-448b-b6da-8e192697a9cf as the min replicated index is 4. Deletion is not allowed in this container yet.
2019-10-22 02:32:47,198 [BlockDeletingService#2] WARN  background.BlockDeletingService (BlockDeletingService.java:isDeletionAllowed(187)) - Close Container log Index 6 is not replicated across allthe servers in the pipeline 82d9ec66-42fd-448b-b6da-8e192697a9cf as the min replicated index is 4. Deletion is not allowed in this container yet.
2019-10-22 02:32:47,305 [EventQueue-ContainerReportForContainerReportHandler] WARN  container.ContainerReportHandler (AbstractContainerReportHandler.java:updateContainerState(145)) - Container #1 is in OPEN state, but the datanode 6dc62414-4100-415b-916b-e9f0081ca22e{ip: 192.168.34.14, host: pr-hdds-1643-hlxn2-3599243457, networkLocation: /default-rack, certSerialId: null} reports an CLOSED replica.
2019-10-22 02:32:47,398 [EventQueue-ContainerReportForContainerReportHandler] WARN  container.ContainerReportHandler (AbstractContainerReportHandler.java:updateContainerState(145)) - Container #1 is in OPEN state, but the datanode ddae0d8b-c866-4e5c-81a7-eef12a7bc666{ip: 192.168.34.14, host: pr-hdds-1643-hlxn2-3599243457, networkLocation: /default-rack, certSerialId: null} reports an CLOSED replica.
2019-10-22 02:32:47,605 [EventQueue-ContainerReportForContainerReportHandler] WARN  container.ContainerReportHandler (AbstractContainerReportHandler.java:updateContainerState(145)) - Container #1 is in OPEN state, but the datanode 6dc62414-4100-415b-916b-e9f0081ca22e{ip: 192.168.34.14, host: pr-hdds-1643-hlxn2-3599243457, networkLocation: /default-rack, certSerialId: null} reports an CLOSED replica.
2019-10-22 02:32:47,798 [EventQueue-ContainerReportForContainerReportHandler] WARN  container.ContainerReportHandler (AbstractContainerReportHandler.java:updateContainerState(145)) - Container #1 is in OPEN state, but the datanode ddae0d8b-c866-4e5c-81a7-eef12a7bc666{ip: 192.168.34.14, host: pr-hdds-1643-hlxn2-3599243457, networkLocation: /default-rack, certSerialId: null} reports an CLOSED replica.
2019-10-22 02:32:48,005 [EventQueue-ContainerReportForContainerReportHandler] WARN  container.ContainerReportHandler (AbstractContainerReportHandler.java:updateContainerState(145)) - Container #1 is in OPEN state, but the datanode 6dc62414-4100-415b-916b-e9f0081ca22e{ip: 192.168.34.14, host: pr-hdds-1643-hlxn2-3599243457, networkLocation: /default-rack, certSerialId: null} reports an CLOSED replica.
2019-10-22 02:32:48,098 [EventQueue-ContainerReportForContainerReportHandler] WARN  container.ContainerReportHandler (AbstractContainerReportHandler.java:updateContainerState(145)) - Container #1 is in OPEN state, but the datanode ddae0d8b-c866-4e5c-81a7-eef12a7bc666{ip: 192.168.34.14, host: pr-hdds-1643-hlxn2-3599243457, networkLocation: /default-rack, certSerialId: null} reports an CLOSED replica.
2019-10-22 02:32:48,200 [BlockDeletingService#2] WARN  background.BlockDeletingService (BlockDeletingService.java:isDeletionAllowed(187)) - Close Container log Index 6 is not replicated across allthe servers in the pipeline 82d9ec66-42fd-448b-b6da-8e192697a9cf as the min replicated index is 4. Deletion is not allowed in this container yet.
2019-10-22 02:32:48,200 [BlockDeletingService#2] WARN  background.BlockDeletingService (BlockDeletingService.java:isDeletionAllowed(187)) - Close Container log Index 6 is not replicated across allthe servers in the pipeline 82d9ec66-42fd-448b-b6da-8e192697a9cf as the min replicated index is 4. Deletion is not allowed in this container yet.
2019-10-22 02:32:48,399 [EventQueue-ContainerReportForContainerReportHandler] WARN  container.ContainerReportHandler (AbstractContainerReportHandler.java:updateContainerState(145)) - Container #1 is in OPEN state, but the datanode ddae0d8b-c866-4e5c-81a7-eef12a7bc666{ip: 192.168.34.14, host: pr-hdds-1643-hlxn2-3599243457, networkLocation: /default-rack, certSerialId: null} reports an CLOSED replica.
2019-10-22 02:32:48,406 [EventQueue-ContainerReportForContainerReportHandler] WARN  container.ContainerReportHandler (AbstractContainerReportHandler.java:updateContainerState(145)) - Container #1 is in OPEN state, but the datanode 6dc62414-4100-415b-916b-e9f0081ca22e{ip: 192.168.34.14, host: pr-hdds-1643-hlxn2-3599243457, networkLocation: /default-rack, certSerialId: null} reports an CLOSED replica.
2019-10-22 02:32:48,606 [EventQueue-ContainerReportForContainerReportHandler] WARN  container.ContainerReportHandler (AbstractContainerReportHandler.java:updateContainerState(145)) - Container #1 is in OPEN state, but the datanode 6dc62414-4100-415b-916b-e9f0081ca22e{ip: 192.168.34.14, host: pr-hdds-1643-hlxn2-3599243457, networkLocation: /default-rack, certSerialId: null} reports an CLOSED replica.
2019-10-22 02:32:48,799 [EventQueue-ContainerReportForContainerReportHandler] WARN  container.ContainerReportHandler (AbstractContainerReportHandler.java:updateContainerState(145)) - Container #1 is in OPEN state, but the datanode ddae0d8b-c866-4e5c-81a7-eef12a7bc666{ip: 192.168.34.14, host: pr-hdds-1643-hlxn2-3599243457, networkLocation: /default-rack, certSerialId: null} reports an CLOSED replica.
2019-10-22 02:32:48,999 [EventQueue-ContainerReportForContainerReportHandler] WARN  container.ContainerReportHandler (AbstractContainerReportHandler.java:updateContainerState(145)) - Container #1 is in OPEN state, but the datanode ddae0d8b-c866-4e5c-81a7-eef12a7bc666{ip: 192.168.34.14, host: pr-hdds-1643-hlxn2-3599243457, networkLocation: /default-rack, certSerialId: null} reports an CLOSED replica.
2019-10-22 02:32:49,005 [EventQueue-ContainerReportForContainerReportHandler] WARN  container.ContainerReportHandler (AbstractContainerReportHandler.java:updateContainerState(145)) - Container #1 is in OPEN state, but the datanode 6dc62414-4100-415b-916b-e9f0081ca22e{ip: 192.168.34.14, host: pr-hdds-1643-hlxn2-3599243457, networkLocation: /default-rack, certSerialId: null} reports an CLOSED replica.
2019-10-22 02:32:49,201 [BlockDeletingService#2] WARN  background.BlockDeletingService (BlockDeletingService.java:isDeletionAllowed(187)) - Close Container log Index 6 is not replicated across allthe servers in the pipeline 82d9ec66-42fd-448b-b6da-8e192697a9cf as the min replicated index is 4. Deletion is not allowed in this container yet.
2019-10-22 02:32:49,202 [BlockDeletingService#2] WARN  background.BlockDeletingService (BlockDeletingService.java:isDeletionAllowed(187)) - Close Container log Index 6 is not replicated across allthe servers in the pipeline 82d9ec66-42fd-448b-b6da-8e192697a9cf as the min replicated index is 4. Deletion is not allowed in this container yet.
2019-10-22 02:32:49,232 [java.util.concurrent.ThreadPoolExecutor$Worker@6a8733f8[State = -1, empty queue]] WARN  server.GrpcLogAppender (GrpcLogAppender.java:timeoutAppendRequest(209)) - 6dc62414-4100-415b-916b-e9f0081ca22e@group-8E192697A9CF->6f2be65d-ce7d-4814-9a9f-e49d79835c35-GrpcLogAppender: appendEntries Timeout, request=6dc62414-4100-415b-916b-e9f0081ca22e->6f2be65d-ce7d-4814-9a9f-e49d79835c35#31-t6, previous=(t:6, i:10), leaderCommit=10, initializing? false, entries: <empty>
2019-10-22 02:32:49,298 [EventQueue-ContainerReportForContainerReportHandler] WARN  container.ContainerReportHandler (AbstractContainerReportHandler.java:updateContainerState(145)) - Container #1 is in OPEN state, but the datanode ddae0d8b-c866-4e5c-81a7-eef12a7bc666{ip: 192.168.34.14, host: pr-hdds-1643-hlxn2-3599243457, networkLocation: /default-rack, certSerialId: null} reports an CLOSED replica.
2019-10-22 02:32:49,305 [EventQueue-ContainerReportForContainerReportHandler] WARN  container.ContainerReportHandler (AbstractContainerReportHandler.java:updateContainerState(145)) - Container #1 is in OPEN state, but the datanode 6dc62414-4100-415b-916b-e9f0081ca22e{ip: 192.168.34.14, host: pr-hdds-1643-hlxn2-3599243457, networkLocation: /default-rack, certSerialId: null} reports an CLOSED replica.
2019-10-22 02:32:49,699 [EventQueue-ContainerReportForContainerReportHandler] WARN  container.ContainerReportHandler (AbstractContainerReportHandler.java:updateContainerState(145)) - Container #1 is in OPEN state, but the datanode ddae0d8b-c866-4e5c-81a7-eef12a7bc666{ip: 192.168.34.14, host: pr-hdds-1643-hlxn2-3599243457, networkLocation: /default-rack, certSerialId: null} reports an CLOSED replica.
2019-10-22 02:32:49,707 [EventQueue-ContainerReportForContainerReportHandler] WARN  container.ContainerReportHandler (AbstractContainerReportHandler.java:updateContainerState(145)) - Container #1 is in OPEN state, but the datanode 6dc62414-4100-415b-916b-e9f0081ca22e{ip: 192.168.34.14, host: pr-hdds-1643-hlxn2-3599243457, networkLocation: /default-rack, certSerialId: null} reports an CLOSED replica.
2019-10-22 02:32:49,998 [EventQueue-ContainerReportForContainerReportHandler] WARN  container.ContainerReportHandler (AbstractContainerReportHandler.java:updateContainerState(145)) - Container #1 is in OPEN state, but the datanode ddae0d8b-c866-4e5c-81a7-eef12a7bc666{ip: 192.168.34.14, host: pr-hdds-1643-hlxn2-3599243457, networkLocation: /default-rack, certSerialId: null} reports an CLOSED replica.
2019-10-22 02:32:50,007 [EventQueue-ContainerReportForContainerReportHandler] WARN  container.ContainerReportHandler (AbstractContainerReportHandler.java:updateContainerState(145)) - Container #1 is in OPEN state, but the datanode 6dc62414-4100-415b-916b-e9f0081ca22e{ip: 192.168.34.14, host: pr-hdds-1643-hlxn2-3599243457, networkLocation: /default-rack, certSerialId: null} reports an CLOSED replica.
2019-10-22 02:32:50,203 [BlockDeletingService#2] WARN  background.BlockDeletingService (BlockDeletingService.java:isDeletionAllowed(187)) - Close Container log Index 6 is not replicated across allthe servers in the pipeline 82d9ec66-42fd-448b-b6da-8e192697a9cf as the min replicated index is 4. Deletion is not allowed in this container yet.
2019-10-22 02:32:50,203 [BlockDeletingService#2] WARN  background.BlockDeletingService (BlockDeletingService.java:isDeletionAllowed(187)) - Close Container log Index 6 is not replicated across allthe servers in the pipeline 82d9ec66-42fd-448b-b6da-8e192697a9cf as the min replicated index is 4. Deletion is not allowed in this container yet.
2019-10-22 02:32:50,209 [EventQueue-ContainerReportForContainerReportHandler] WARN  container.ContainerReportHandler (AbstractContainerReportHandler.java:updateContainerState(145)) - Container #1 is in OPEN state, but the datanode 6dc62414-4100-415b-916b-e9f0081ca22e{ip: 192.168.34.14, host: pr-hdds-1643-hlxn2-3599243457, networkLocation: /default-rack, certSerialId: null} reports an CLOSED replica.
2019-10-22 02:32:50,299 [EventQueue-ContainerReportForContainerReportHandler] WARN  container.ContainerReportHandler (AbstractContainerReportHandler.java:updateContainerState(145)) - Container #1 is in OPEN state, but the datanode ddae0d8b-c866-4e5c-81a7-eef12a7bc666{ip: 192.168.34.14, host: pr-hdds-1643-hlxn2-3599243457, networkLocation: /default-rack, certSerialId: null} reports an CLOSED replica.
2019-10-22 02:32:50,409 [EventQueue-ContainerReportForContainerReportHandler] WARN  container.ContainerReportHandler (AbstractContainerReportHandler.java:updateContainerState(145)) - Container #1 is in OPEN state, but the datanode 6dc62414-4100-415b-916b-e9f0081ca22e{ip: 192.168.34.14, host: pr-hdds-1643-hlxn2-3599243457, networkLocation: /default-rack, certSerialId: null} reports an CLOSED replica.
2019-10-22 02:32:50,599 [EventQueue-ContainerReportForContainerReportHandler] WARN  container.ContainerReportHandler (AbstractContainerReportHandler.java:updateContainerState(145)) - Container #1 is in OPEN state, but the datanode ddae0d8b-c866-4e5c-81a7-eef12a7bc666{ip: 192.168.34.14, host: pr-hdds-1643-hlxn2-3599243457, networkLocation: /default-rack, certSerialId: null} reports an CLOSED replica.
2019-10-22 02:32:50,756 [Thread-405] INFO  client.GrpcClientProtocolService (GrpcClientProtocolService.java:lambda$processClientRequest$0(278)) - Failed RaftClientRequest:client-C9AE8EA1E005->6dc62414-4100-415b-916b-e9f0081ca22e@group-8E192697A9CF, cid=10, seq=0, Watch-ALL_COMMITTED(6), Message:<EMPTY>, reply=RaftClientReply:client-C9AE8EA1E005->6dc62414-4100-415b-916b-e9f0081ca22e@group-8E192697A9CF, cid=10, FAILED org.apache.ratis.protocol.NotReplicatedException: Request with call Id 10 and log index 6 is not yet replicated to ALL_COMMITTED, logIndex=6, commits[6dc62414-4100-415b-916b-e9f0081ca22e:c10, 6f2be65d-ce7d-4814-9a9f-e49d79835c35:c4, ddae0d8b-c866-4e5c-81a7-eef12a7bc666:c10]
2019-10-22 02:32:50,808 [EventQueue-ContainerReportForContainerReportHandler] WARN  container.ContainerReportHandler (AbstractContainerReportHandler.java:updateContainerState(145)) - Container #1 is in OPEN state, but the datanode 6dc62414-4100-415b-916b-e9f0081ca22e{ip: 192.168.34.14, host: pr-hdds-1643-hlxn2-3599243457, networkLocation: /default-rack, certSerialId: null} reports an CLOSED replica.
2019-10-22 02:32:51,001 [EventQueue-ContainerReportForContainerReportHandler] WARN  container.ContainerReportHandler (AbstractContainerReportHandler.java:updateContainerState(145)) - Container #1 is in OPEN state, but the datanode ddae0d8b-c866-4e5c-81a7-eef12a7bc666{ip: 192.168.34.14, host: pr-hdds-1643-hlxn2-3599243457, networkLocation: /default-rack, certSerialId: null} reports an CLOSED replica.
2019-10-22 02:32:51,009 [EventQueue-ContainerReportForContainerReportHandler] WARN  container.ContainerReportHandler (AbstractContainerReportHandler.java:updateContainerState(145)) - Container #1 is in OPEN state, but the datanode 6dc62414-4100-415b-916b-e9f0081ca22e{ip: 192.168.34.14, host: pr-hdds-1643-hlxn2-3599243457, networkLocation: /default-rack, certSerialId: null} reports an CLOSED replica.
2019-10-22 02:32:51,201 [EventQueue-ContainerReportForContainerReportHandler] WARN  container.ContainerReportHandler (AbstractContainerReportHandler.java:updateContainerState(145)) - Container #1 is in OPEN state, but the datanode ddae0d8b-c866-4e5c-81a7-eef12a7bc666{ip: 192.168.34.14, host: pr-hdds-1643-hlxn2-3599243457, networkLocation: /default-rack, certSerialId: null} reports an CLOSED replica.
2019-10-22 02:32:51,205 [BlockDeletingService#2] WARN  background.BlockDeletingService (BlockDeletingService.java:isDeletionAllowed(187)) - Close Container log Index 6 is not replicated across allthe servers in the pipeline 82d9ec66-42fd-448b-b6da-8e192697a9cf as the min replicated index is 4. Deletion is not allowed in this container yet.
2019-10-22 02:32:51,205 [BlockDeletingService#2] WARN  background.BlockDeletingService (BlockDeletingService.java:isDeletionAllowed(187)) - Close Container log Index 6 is not replicated across allthe servers in the pipeline 82d9ec66-42fd-448b-b6da-8e192697a9cf as the min replicated index is 4. Deletion is not allowed in this container yet.
2019-10-22 02:32:51,308 [EventQueue-ContainerReportForContainerReportHandler] WARN  container.ContainerReportHandler (AbstractContainerReportHandler.java:updateContainerState(145)) - Container #1 is in OPEN state, but the datanode 6dc62414-4100-415b-916b-e9f0081ca22e{ip: 192.168.34.14, host: pr-hdds-1643-hlxn2-3599243457, networkLocation: /default-rack, certSerialId: null} reports an CLOSED replica.
2019-10-22 02:32:51,501 [EventQueue-ContainerReportForContainerReportHandler] WARN  container.ContainerReportHandler (AbstractContainerReportHandler.java:updateContainerState(145)) - Container #1 is in OPEN state, but the datanode ddae0d8b-c866-4e5c-81a7-eef12a7bc666{ip: 192.168.34.14, host: pr-hdds-1643-hlxn2-3599243457, networkLocation: /default-rack, certSerialId: null} reports an CLOSED replica.
2019-10-22 02:32:51,708 [EventQueue-ContainerReportForContainerReportHandler] WARN  container.ContainerReportHandler (AbstractContainerReportHandler.java:updateContainerState(145)) - Container #1 is in OPEN state, but the datanode 6dc62414-4100-415b-916b-e9f0081ca22e{ip: 192.168.34.14, host: pr-hdds-1643-hlxn2-3599243457, networkLocation: /default-rack, certSerialId: null} reports an CLOSED replica.
2019-10-22 02:32:51,733 [java.util.concurrent.ThreadPoolExecutor$Worker@6a8733f8[State = -1, empty queue]] WARN  server.GrpcLogAppender (GrpcLogAppender.java:timeoutAppendRequest(209)) - 6dc62414-4100-415b-916b-e9f0081ca22e@group-8E192697A9CF->6f2be65d-ce7d-4814-9a9f-e49d79835c35-GrpcLogAppender: appendEntries Timeout, request=6dc62414-4100-415b-916b-e9f0081ca22e->6f2be65d-ce7d-4814-9a9f-e49d79835c35#32-t6, previous=(t:6, i:10), leaderCommit=10, initializing? false, entries: <empty>
2019-10-22 02:32:51,900 [EventQueue-ContainerReportForContainerReportHandler] WARN  container.ContainerReportHandler (AbstractContainerReportHandler.java:updateContainerState(145)) - Container #1 is in OPEN state, but the datanode ddae0d8b-c866-4e5c-81a7-eef12a7bc666{ip: 192.168.34.14, host: pr-hdds-1643-hlxn2-3599243457, networkLocation: /default-rack, certSerialId: null} reports an CLOSED replica.
2019-10-22 02:32:52,009 [EventQueue-ContainerReportForContainerReportHandler] WARN  container.ContainerReportHandler (AbstractContainerReportHandler.java:updateContainerState(145)) - Container #1 is in OPEN state, but the datanode 6dc62414-4100-415b-916b-e9f0081ca22e{ip: 192.168.34.14, host: pr-hdds-1643-hlxn2-3599243457, networkLocation: /default-rack, certSerialId: null} reports an CLOSED replica.
2019-10-22 02:32:52,210 [BlockDeletingService#2] WARN  background.BlockDeletingService (BlockDeletingService.java:isDeletionAllowed(187)) - Close Container log Index 6 is not replicated across allthe servers in the pipeline 82d9ec66-42fd-448b-b6da-8e192697a9cf as the min replicated index is 4. Deletion is not allowed in this container yet.
2019-10-22 02:32:52,210 [BlockDeletingService#2] WARN  background.BlockDeletingService (BlockDeletingService.java:isDeletionAllowed(187)) - Close Container log Index 6 is not replicated across allthe servers in the pipeline 82d9ec66-42fd-448b-b6da-8e192697a9cf as the min replicated index is 4. Deletion is not allowed in this container yet.
2019-10-22 02:32:52,301 [EventQueue-ContainerReportForContainerReportHandler] WARN  container.ContainerReportHandler (AbstractContainerReportHandler.java:updateContainerState(145)) - Container #1 is in OPEN state, but the datanode ddae0d8b-c866-4e5c-81a7-eef12a7bc666{ip: 192.168.34.14, host: pr-hdds-1643-hlxn2-3599243457, networkLocation: /default-rack, certSerialId: null} reports an CLOSED replica.
2019-10-22 02:32:52,309 [EventQueue-ContainerReportForContainerReportHandler] WARN  container.ContainerReportHandler (AbstractContainerReportHandler.java:updateContainerState(145)) - Container #1 is in OPEN state, but the datanode 6dc62414-4100-415b-916b-e9f0081ca22e{ip: 192.168.34.14, host: pr-hdds-1643-hlxn2-3599243457, networkLocation: /default-rack, certSerialId: null} reports an CLOSED replica.
2019-10-22 02:32:52,501 [EventQueue-ContainerReportForContainerReportHandler] WARN  container.ContainerReportHandler (AbstractContainerReportHandler.java:updateContainerState(145)) - Container #1 is in OPEN state, but the datanode ddae0d8b-c866-4e5c-81a7-eef12a7bc666{ip: 192.168.34.14, host: pr-hdds-1643-hlxn2-3599243457, networkLocation: /default-rack, certSerialId: null} reports an CLOSED replica.
2019-10-22 02:32:52,510 [EventQueue-ContainerReportForContainerReportHandler] WARN  container.ContainerReportHandler (AbstractContainerReportHandler.java:updateContainerState(145)) - Container #1 is in OPEN state, but the datanode 6dc62414-4100-415b-916b-e9f0081ca22e{ip: 192.168.34.14, host: pr-hdds-1643-hlxn2-3599243457, networkLocation: /default-rack, certSerialId: null} reports an CLOSED replica.
2019-10-22 02:32:52,802 [EventQueue-ContainerReportForContainerReportHandler] WARN  container.ContainerReportHandler (AbstractContainerReportHandler.java:updateContainerState(145)) - Container #1 is in OPEN state, but the datanode ddae0d8b-c866-4e5c-81a7-eef12a7bc666{ip: 192.168.34.14, host: pr-hdds-1643-hlxn2-3599243457, networkLocation: /default-rack, certSerialId: null} reports an CLOSED replica.
2019-10-22 02:32:52,911 [EventQueue-ContainerReportForContainerReportHandler] WARN  container.ContainerReportHandler (AbstractContainerReportHandler.java:updateContainerState(145)) - Container #1 is in OPEN state, but the datanode 6dc62414-4100-415b-916b-e9f0081ca22e{ip: 192.168.34.14, host: pr-hdds-1643-hlxn2-3599243457, networkLocation: /default-rack, certSerialId: null} reports an CLOSED replica.
2019-10-22 02:32:53,002 [EventQueue-ContainerReportForContainerReportHandler] WARN  container.ContainerReportHandler (AbstractContainerReportHandler.java:updateContainerState(145)) - Container #1 is in OPEN state, but the datanode ddae0d8b-c866-4e5c-81a7-eef12a7bc666{ip: 192.168.34.14, host: pr-hdds-1643-hlxn2-3599243457, networkLocation: /default-rack, certSerialId: null} reports an CLOSED replica.
2019-10-22 02:32:53,210 [EventQueue-ContainerReportForContainerReportHandler] WARN  container.ContainerReportHandler (AbstractContainerReportHandler.java:updateContainerState(145)) - Container #1 is in OPEN state, but the datanode 6dc62414-4100-415b-916b-e9f0081ca22e{ip: 192.168.34.14, host: pr-hdds-1643-hlxn2-3599243457, networkLocation: /default-rack, certSerialId: null} reports an CLOSED replica.
2019-10-22 02:32:53,211 [BlockDeletingService#2] WARN  background.BlockDeletingService (BlockDeletingService.java:isDeletionAllowed(187)) - Close Container log Index 6 is not replicated across allthe servers in the pipeline 82d9ec66-42fd-448b-b6da-8e192697a9cf as the min replicated index is 4. Deletion is not allowed in this container yet.
2019-10-22 02:32:53,211 [BlockDeletingService#2] WARN  background.BlockDeletingService (BlockDeletingService.java:isDeletionAllowed(187)) - Close Container log Index 6 is not replicated across allthe servers in the pipeline 82d9ec66-42fd-448b-b6da-8e192697a9cf as the min replicated index is 4. Deletion is not allowed in this container yet.
2019-10-22 02:32:53,402 [EventQueue-ContainerReportForContainerReportHandler] WARN  container.ContainerReportHandler (AbstractContainerReportHandler.java:updateContainerState(145)) - Container #1 is in OPEN state, but the datanode ddae0d8b-c866-4e5c-81a7-eef12a7bc666{ip: 192.168.34.14, host: pr-hdds-1643-hlxn2-3599243457, networkLocation: /default-rack, certSerialId: null} reports an CLOSED replica.
2019-10-22 02:32:53,510 [EventQueue-ContainerReportForContainerReportHandler] WARN  container.ContainerReportHandler (AbstractContainerReportHandler.java:updateContainerState(145)) - Container #1 is in OPEN state, but the datanode 6dc62414-4100-415b-916b-e9f0081ca22e{ip: 192.168.34.14, host: pr-hdds-1643-hlxn2-3599243457, networkLocation: /default-rack, certSerialId: null} reports an CLOSED replica.
2019-10-22 02:32:53,702 [EventQueue-ContainerReportForContainerReportHandler] WARN  container.ContainerReportHandler (AbstractContainerReportHandler.java:updateContainerState(145)) - Container #1 is in OPEN state, but the datanode ddae0d8b-c866-4e5c-81a7-eef12a7bc666{ip: 192.168.34.14, host: pr-hdds-1643-hlxn2-3599243457, networkLocation: /default-rack, certSerialId: null} reports an CLOSED replica.
2019-10-22 02:32:53,910 [EventQueue-ContainerReportForContainerReportHandler] WARN  container.ContainerReportHandler (AbstractContainerReportHandler.java:updateContainerState(145)) - Container #1 is in OPEN state, but the datanode 6dc62414-4100-415b-916b-e9f0081ca22e{ip: 192.168.34.14, host: pr-hdds-1643-hlxn2-3599243457, networkLocation: /default-rack, certSerialId: null} reports an CLOSED replica.
2019-10-22 02:32:54,001 [EventQueue-ContainerReportForContainerReportHandler] WARN  container.ContainerReportHandler (AbstractContainerReportHandler.java:updateContainerState(145)) - Container #1 is in OPEN state, but the datanode ddae0d8b-c866-4e5c-81a7-eef12a7bc666{ip: 192.168.34.14, host: pr-hdds-1643-hlxn2-3599243457, networkLocation: /default-rack, certSerialId: null} reports an CLOSED replica.
2019-10-22 02:32:54,211 [EventQueue-ContainerReportForContainerReportHandler] WARN  container.ContainerReportHandler (AbstractContainerReportHandler.java:updateContainerState(145)) - Container #1 is in OPEN state, but the datanode 6dc62414-4100-415b-916b-e9f0081ca22e{ip: 192.168.34.14, host: pr-hdds-1643-hlxn2-3599243457, networkLocation: /default-rack, certSerialId: null} reports an CLOSED replica.
2019-10-22 02:32:54,213 [BlockDeletingService#2] WARN  background.BlockDeletingService (BlockDeletingService.java:isDeletionAllowed(187)) - Close Container log Index 6 is not replicated across allthe servers in the pipeline 82d9ec66-42fd-448b-b6da-8e192697a9cf as the min replicated index is 4. Deletion is not allowed in this container yet.
2019-10-22 02:32:54,213 [BlockDeletingService#2] WARN  background.BlockDeletingService (BlockDeletingService.java:isDeletionAllowed(187)) - Close Container log Index 6 is not replicated across allthe servers in the pipeline 82d9ec66-42fd-448b-b6da-8e192697a9cf as the min replicated index is 4. Deletion is not allowed in this container yet.
2019-10-22 02:32:54,234 [java.util.concurrent.ThreadPoolExecutor$Worker@6a8733f8[State = -1, empty queue]] WARN  server.GrpcLogAppender (GrpcLogAppender.java:timeoutAppendRequest(209)) - 6dc62414-4100-415b-916b-e9f0081ca22e@group-8E192697A9CF->6f2be65d-ce7d-4814-9a9f-e49d79835c35-GrpcLogAppender: appendEntries Timeout, request=6dc62414-4100-415b-916b-e9f0081ca22e->6f2be65d-ce7d-4814-9a9f-e49d79835c35#33-t6, previous=(t:6, i:10), leaderCommit=10, initializing? false, entries: <empty>
2019-10-22 02:32:54,302 [EventQueue-ContainerReportForContainerReportHandler] WARN  container.ContainerReportHandler (AbstractContainerReportHandler.java:updateContainerState(145)) - Container #1 is in OPEN state, but the datanode ddae0d8b-c866-4e5c-81a7-eef12a7bc666{ip: 192.168.34.14, host: pr-hdds-1643-hlxn2-3599243457, networkLocation: /default-rack, certSerialId: null} reports an CLOSED replica.
2019-10-22 02:32:54,511 [EventQueue-ContainerReportForContainerReportHandler] WARN  container.ContainerReportHandler (AbstractContainerReportHandler.java:updateContainerState(145)) - Container #1 is in OPEN state, but the datanode 6dc62414-4100-415b-916b-e9f0081ca22e{ip: 192.168.34.14, host: pr-hdds-1643-hlxn2-3599243457, networkLocation: /default-rack, certSerialId: null} reports an CLOSED replica.
2019-10-22 02:32:54,602 [EventQueue-ContainerReportForContainerReportHandler] WARN  container.ContainerReportHandler (AbstractContainerReportHandler.java:updateContainerState(145)) - Container #1 is in OPEN state, but the datanode ddae0d8b-c866-4e5c-81a7-eef12a7bc666{ip: 192.168.34.14, host: pr-hdds-1643-hlxn2-3599243457, networkLocation: /default-rack, certSerialId: null} reports an CLOSED replica.
2019-10-22 02:32:54,811 [EventQueue-ContainerReportForContainerReportHandler] WARN  container.ContainerReportHandler (AbstractContainerReportHandler.java:updateContainerState(145)) - Container #1 is in OPEN state, but the datanode 6dc62414-4100-415b-916b-e9f0081ca22e{ip: 192.168.34.14, host: pr-hdds-1643-hlxn2-3599243457, networkLocation: /default-rack, certSerialId: null} reports an CLOSED replica.
2019-10-22 02:32:54,903 [EventQueue-ContainerReportForContainerReportHandler] WARN  container.ContainerReportHandler (AbstractContainerReportHandler.java:updateContainerState(145)) - Container #1 is in OPEN state, but the datanode ddae0d8b-c866-4e5c-81a7-eef12a7bc666{ip: 192.168.34.14, host: pr-hdds-1643-hlxn2-3599243457, networkLocation: /default-rack, certSerialId: null} reports an CLOSED replica.
2019-10-22 02:32:55,111 [EventQueue-ContainerReportForContainerReportHandler] WARN  container.ContainerReportHandler (AbstractContainerReportHandler.java:updateContainerState(145)) - Container #1 is in OPEN state, but the datanode 6dc62414-4100-415b-916b-e9f0081ca22e{ip: 192.168.34.14, host: pr-hdds-1643-hlxn2-3599243457, networkLocation: /default-rack, certSerialId: null} reports an CLOSED replica.
2019-10-22 02:32:55,214 [BlockDeletingService#2] WARN  background.BlockDeletingService (BlockDeletingService.java:isDeletionAllowed(187)) - Close Container log Index 6 is not replicated across allthe servers in the pipeline 82d9ec66-42fd-448b-b6da-8e192697a9cf as the min replicated index is 4. Deletion is not allowed in this container yet.
2019-10-22 02:32:55,214 [BlockDeletingService#2] WARN  background.BlockDeletingService (BlockDeletingService.java:isDeletionAllowed(187)) - Close Container log Index 6 is not replicated across allthe servers in the pipeline 82d9ec66-42fd-448b-b6da-8e192697a9cf as the min replicated index is 4. Deletion is not allowed in this container yet.
2019-10-22 02:32:55,303 [EventQueue-ContainerReportForContainerReportHandler] WARN  container.ContainerReportHandler (AbstractContainerReportHandler.java:updateContainerState(145)) - Container #1 is in OPEN state, but the datanode ddae0d8b-c866-4e5c-81a7-eef12a7bc666{ip: 192.168.34.14, host: pr-hdds-1643-hlxn2-3599243457, networkLocation: /default-rack, certSerialId: null} reports an CLOSED replica.
2019-10-22 02:32:55,411 [EventQueue-ContainerReportForContainerReportHandler] WARN  container.ContainerReportHandler (AbstractContainerReportHandler.java:updateContainerState(145)) - Container #1 is in OPEN state, but the datanode 6dc62414-4100-415b-916b-e9f0081ca22e{ip: 192.168.34.14, host: pr-hdds-1643-hlxn2-3599243457, networkLocation: /default-rack, certSerialId: null} reports an CLOSED replica.
2019-10-22 02:32:55,504 [EventQueue-ContainerReportForContainerReportHandler] WARN  container.ContainerReportHandler (AbstractContainerReportHandler.java:updateContainerState(145)) - Container #1 is in OPEN state, but the datanode ddae0d8b-c866-4e5c-81a7-eef12a7bc666{ip: 192.168.34.14, host: pr-hdds-1643-hlxn2-3599243457, networkLocation: /default-rack, certSerialId: null} reports an CLOSED replica.
2019-10-22 02:32:55,711 [EventQueue-ContainerReportForContainerReportHandler] WARN  container.ContainerReportHandler (AbstractContainerReportHandler.java:updateContainerState(145)) - Container #1 is in OPEN state, but the datanode 6dc62414-4100-415b-916b-e9f0081ca22e{ip: 192.168.34.14, host: pr-hdds-1643-hlxn2-3599243457, networkLocation: /default-rack, certSerialId: null} reports an CLOSED replica.
2019-10-22 02:32:55,804 [EventQueue-ContainerReportForContainerReportHandler] WARN  container.ContainerReportHandler (AbstractContainerReportHandler.java:updateContainerState(145)) - Container #1 is in OPEN state, but the datanode ddae0d8b-c866-4e5c-81a7-eef12a7bc666{ip: 192.168.34.14, host: pr-hdds-1643-hlxn2-3599243457, networkLocation: /default-rack, certSerialId: null} reports an CLOSED replica.
2019-10-22 02:32:55,911 [EventQueue-ContainerReportForContainerReportHandler] WARN  container.ContainerReportHandler (AbstractContainerReportHandler.java:updateContainerState(145)) - Container #1 is in OPEN state, but the datanode 6dc62414-4100-415b-916b-e9f0081ca22e{ip: 192.168.34.14, host: pr-hdds-1643-hlxn2-3599243457, networkLocation: /default-rack, certSerialId: null} reports an CLOSED replica.
2019-10-22 02:32:56,103 [EventQueue-ContainerReportForContainerReportHandler] WARN  container.ContainerReportHandler (AbstractContainerReportHandler.java:updateContainerState(145)) - Container #1 is in OPEN state, but the datanode ddae0d8b-c866-4e5c-81a7-eef12a7bc666{ip: 192.168.34.14, host: pr-hdds-1643-hlxn2-3599243457, networkLocation: /default-rack, certSerialId: null} reports an CLOSED replica.
2019-10-22 02:32:56,217 [BlockDeletingService#2] WARN  background.BlockDeletingService (BlockDeletingService.java:isDeletionAllowed(187)) - Close Container log Index 6 is not replicated across allthe servers in the pipeline 82d9ec66-42fd-448b-b6da-8e192697a9cf as the min replicated index is 4. Deletion is not allowed in this container yet.
2019-10-22 02:32:56,217 [BlockDeletingService#2] WARN  background.BlockDeletingService (BlockDeletingService.java:isDeletionAllowed(187)) - Close Container log Index 6 is not replicated across allthe servers in the pipeline 82d9ec66-42fd-448b-b6da-8e192697a9cf as the min replicated index is 4. Deletion is not allowed in this container yet.
2019-10-22 02:32:56,312 [EventQueue-ContainerReportForContainerReportHandler] WARN  container.ContainerReportHandler (AbstractContainerReportHandler.java:updateContainerState(145)) - Container #1 is in OPEN state, but the datanode 6dc62414-4100-415b-916b-e9f0081ca22e{ip: 192.168.34.14, host: pr-hdds-1643-hlxn2-3599243457, networkLocation: /default-rack, certSerialId: null} reports an CLOSED replica.
2019-10-22 02:32:56,404 [EventQueue-ContainerReportForContainerReportHandler] WARN  container.ContainerReportHandler (AbstractContainerReportHandler.java:updateContainerState(145)) - Container #1 is in OPEN state, but the datanode ddae0d8b-c866-4e5c-81a7-eef12a7bc666{ip: 192.168.34.14, host: pr-hdds-1643-hlxn2-3599243457, networkLocation: /default-rack, certSerialId: null} reports an CLOSED replica.
2019-10-22 02:32:56,603 [EventQueue-ContainerReportForContainerReportHandler] WARN  container.ContainerReportHandler (AbstractContainerReportHandler.java:updateContainerState(145)) - Container #1 is in OPEN state, but the datanode ddae0d8b-c866-4e5c-81a7-eef12a7bc666{ip: 192.168.34.14, host: pr-hdds-1643-hlxn2-3599243457, networkLocation: /default-rack, certSerialId: null} reports an CLOSED replica.
2019-10-22 02:32:56,614 [EventQueue-ContainerReportForContainerReportHandler] WARN  container.ContainerReportHandler (AbstractContainerReportHandler.java:updateContainerState(145)) - Container #1 is in OPEN state, but the datanode 6dc62414-4100-415b-916b-e9f0081ca22e{ip: 192.168.34.14, host: pr-hdds-1643-hlxn2-3599243457, networkLocation: /default-rack, certSerialId: null} reports an CLOSED replica.
2019-10-22 02:32:56,735 [java.util.concurrent.ThreadPoolExecutor$Worker@6a8733f8[State = -1, empty queue]] WARN  server.GrpcLogAppender (GrpcLogAppender.java:timeoutAppendRequest(209)) - 6dc62414-4100-415b-916b-e9f0081ca22e@group-8E192697A9CF->6f2be65d-ce7d-4814-9a9f-e49d79835c35-GrpcLogAppender: appendEntries Timeout, request=6dc62414-4100-415b-916b-e9f0081ca22e->6f2be65d-ce7d-4814-9a9f-e49d79835c35#34-t6, previous=(t:6, i:10), leaderCommit=10, initializing? false, entries: <empty>
2019-10-22 02:32:56,814 [EventQueue-ContainerReportForContainerReportHandler] WARN  container.ContainerReportHandler (AbstractContainerReportHandler.java:updateContainerState(145)) - Container #1 is in OPEN state, but the datanode 6dc62414-4100-415b-916b-e9f0081ca22e{ip: 192.168.34.14, host: pr-hdds-1643-hlxn2-3599243457, networkLocation: /default-rack, certSerialId: null} reports an CLOSED replica.
2019-10-22 02:32:56,905 [EventQueue-ContainerReportForContainerReportHandler] WARN  container.ContainerReportHandler (AbstractContainerReportHandler.java:updateContainerState(145)) - Container #1 is in OPEN state, but the datanode ddae0d8b-c866-4e5c-81a7-eef12a7bc666{ip: 192.168.34.14, host: pr-hdds-1643-hlxn2-3599243457, networkLocation: /default-rack, certSerialId: null} reports an CLOSED replica.
2019-10-22 02:32:57,114 [EventQueue-ContainerReportForContainerReportHandler] WARN  container.ContainerReportHandler (AbstractContainerReportHandler.java:updateContainerState(145)) - Container #1 is in OPEN state, but the datanode 6dc62414-4100-415b-916b-e9f0081ca22e{ip: 192.168.34.14, host: pr-hdds-1643-hlxn2-3599243457, networkLocation: /default-rack, certSerialId: null} reports an CLOSED replica.
2019-10-22 02:32:57,206 [EventQueue-ContainerReportForContainerReportHandler] WARN  container.ContainerReportHandler (AbstractContainerReportHandler.java:updateContainerState(145)) - Container #1 is in OPEN state, but the datanode ddae0d8b-c866-4e5c-81a7-eef12a7bc666{ip: 192.168.34.14, host: pr-hdds-1643-hlxn2-3599243457, networkLocation: /default-rack, certSerialId: null} reports an CLOSED replica.
2019-10-22 02:32:57,220 [BlockDeletingService#2] WARN  background.BlockDeletingService (BlockDeletingService.java:isDeletionAllowed(187)) - Close Container log Index 6 is not replicated across allthe servers in the pipeline 82d9ec66-42fd-448b-b6da-8e192697a9cf as the min replicated index is 4. Deletion is not allowed in this container yet.
2019-10-22 02:32:57,220 [BlockDeletingService#2] WARN  background.BlockDeletingService (BlockDeletingService.java:isDeletionAllowed(187)) - Close Container log Index 6 is not replicated across allthe servers in the pipeline 82d9ec66-42fd-448b-b6da-8e192697a9cf as the min replicated index is 4. Deletion is not allowed in this container yet.
2019-10-22 02:32:57,407 [EventQueue-ContainerReportForContainerReportHandler] WARN  container.ContainerReportHandler (AbstractContainerReportHandler.java:updateContainerState(145)) - Container #1 is in OPEN state, but the datanode ddae0d8b-c866-4e5c-81a7-eef12a7bc666{ip: 192.168.34.14, host: pr-hdds-1643-hlxn2-3599243457, networkLocation: /default-rack, certSerialId: null} reports an CLOSED replica.
2019-10-22 02:32:57,416 [EventQueue-ContainerReportForContainerReportHandler] WARN  container.ContainerReportHandler (AbstractContainerReportHandler.java:updateContainerState(145)) - Container #1 is in OPEN state, but the datanode 6dc62414-4100-415b-916b-e9f0081ca22e{ip: 192.168.34.14, host: pr-hdds-1643-hlxn2-3599243457, networkLocation: /default-rack, certSerialId: null} reports an CLOSED replica.
2019-10-22 02:32:57,710 [EventQueue-ContainerReportForContainerReportHandler] WARN  container.ContainerReportHandler (AbstractContainerReportHandler.java:updateContainerState(145)) - Container #1 is in OPEN state, but the datanode ddae0d8b-c866-4e5c-81a7-eef12a7bc666{ip: 192.168.34.14, host: pr-hdds-1643-hlxn2-3599243457, networkLocation: /default-rack, certSerialId: null} reports an CLOSED replica.
2019-10-22 02:32:57,716 [EventQueue-ContainerReportForContainerReportHandler] WARN  container.ContainerReportHandler (AbstractContainerReportHandler.java:updateContainerState(145)) - Container #1 is in OPEN state, but the datanode 6dc62414-4100-415b-916b-e9f0081ca22e{ip: 192.168.34.14, host: pr-hdds-1643-hlxn2-3599243457, networkLocation: /default-rack, certSerialId: null} reports an CLOSED replica.
2019-10-22 02:32:58,008 [EventQueue-ContainerReportForContainerReportHandler] WARN  container.ContainerReportHandler (AbstractContainerReportHandler.java:updateContainerState(145)) - Container #1 is in OPEN state, but the datanode ddae0d8b-c866-4e5c-81a7-eef12a7bc666{ip: 192.168.34.14, host: pr-hdds-1643-hlxn2-3599243457, networkLocation: /default-rack, certSerialId: null} reports an CLOSED replica.
2019-10-22 02:32:58,016 [EventQueue-ContainerReportForContainerReportHandler] WARN  container.ContainerReportHandler (AbstractContainerReportHandler.java:updateContainerState(145)) - Container #1 is in OPEN state, but the datanode 6dc62414-4100-415b-916b-e9f0081ca22e{ip: 192.168.34.14, host: pr-hdds-1643-hlxn2-3599243457, networkLocation: /default-rack, certSerialId: null} reports an CLOSED replica.
2019-10-22 02:32:58,222 [BlockDeletingService#2] WARN  background.BlockDeletingService (BlockDeletingService.java:isDeletionAllowed(187)) - Close Container log Index 6 is not replicated across allthe servers in the pipeline 82d9ec66-42fd-448b-b6da-8e192697a9cf as the min replicated index is 4. Deletion is not allowed in this container yet.
2019-10-22 02:32:58,222 [BlockDeletingService#2] WARN  background.BlockDeletingService (BlockDeletingService.java:isDeletionAllowed(187)) - Close Container log Index 6 is not replicated across allthe servers in the pipeline 82d9ec66-42fd-448b-b6da-8e192697a9cf as the min replicated index is 4. Deletion is not allowed in this container yet.
2019-10-22 02:32:58,307 [EventQueue-ContainerReportForContainerReportHandler] WARN  container.ContainerReportHandler (AbstractContainerReportHandler.java:updateContainerState(145)) - Container #1 is in OPEN state, but the datanode ddae0d8b-c866-4e5c-81a7-eef12a7bc666{ip: 192.168.34.14, host: pr-hdds-1643-hlxn2-3599243457, networkLocation: /default-rack, certSerialId: null} reports an CLOSED replica.
2019-10-22 02:32:58,316 [EventQueue-ContainerReportForContainerReportHandler] WARN  container.ContainerReportHandler (AbstractContainerReportHandler.java:updateContainerState(145)) - Container #1 is in OPEN state, but the datanode 6dc62414-4100-415b-916b-e9f0081ca22e{ip: 192.168.34.14, host: pr-hdds-1643-hlxn2-3599243457, networkLocation: /default-rack, certSerialId: null} reports an CLOSED replica.
2019-10-22 02:32:58,616 [EventQueue-ContainerReportForContainerReportHandler] WARN  container.ContainerReportHandler (AbstractContainerReportHandler.java:updateContainerState(145)) - Container #1 is in OPEN state, but the datanode 6dc62414-4100-415b-916b-e9f0081ca22e{ip: 192.168.34.14, host: pr-hdds-1643-hlxn2-3599243457, networkLocation: /default-rack, certSerialId: null} reports an CLOSED replica.
2019-10-22 02:32:58,708 [EventQueue-ContainerReportForContainerReportHandler] WARN  container.ContainerReportHandler (AbstractContainerReportHandler.java:updateContainerState(145)) - Container #1 is in OPEN state, but the datanode ddae0d8b-c866-4e5c-81a7-eef12a7bc666{ip: 192.168.34.14, host: pr-hdds-1643-hlxn2-3599243457, networkLocation: /default-rack, certSerialId: null} reports an CLOSED replica.
2019-10-22 02:32:59,008 [EventQueue-ContainerReportForContainerReportHandler] WARN  container.ContainerReportHandler (AbstractContainerReportHandler.java:updateContainerState(145)) - Container #1 is in OPEN state, but the datanode ddae0d8b-c866-4e5c-81a7-eef12a7bc666{ip: 192.168.34.14, host: pr-hdds-1643-hlxn2-3599243457, networkLocation: /default-rack, certSerialId: null} reports an CLOSED replica.
2019-10-22 02:32:59,016 [EventQueue-ContainerReportForContainerReportHandler] WARN  container.ContainerReportHandler (AbstractContainerReportHandler.java:updateContainerState(145)) - Container #1 is in OPEN state, but the datanode 6dc62414-4100-415b-916b-e9f0081ca22e{ip: 192.168.34.14, host: pr-hdds-1643-hlxn2-3599243457, networkLocation: /default-rack, certSerialId: null} reports an CLOSED replica.
2019-10-22 02:32:59,225 [BlockDeletingService#2] WARN  background.BlockDeletingService (BlockDeletingService.java:isDeletionAllowed(187)) - Close Container log Index 6 is not replicated across allthe servers in the pipeline 82d9ec66-42fd-448b-b6da-8e192697a9cf as the min replicated index is 4. Deletion is not allowed in this container yet.
2019-10-22 02:32:59,225 [BlockDeletingService#2] WARN  background.BlockDeletingService (BlockDeletingService.java:isDeletionAllowed(187)) - Close Container log Index 6 is not replicated across allthe servers in the pipeline 82d9ec66-42fd-448b-b6da-8e192697a9cf as the min replicated index is 4. Deletion is not allowed in this container yet.
2019-10-22 02:32:59,237 [java.util.concurrent.ThreadPoolExecutor$Worker@6a8733f8[State = -1, empty queue]] WARN  server.GrpcLogAppender (GrpcLogAppender.java:timeoutAppendRequest(209)) - 6dc62414-4100-415b-916b-e9f0081ca22e@group-8E192697A9CF->6f2be65d-ce7d-4814-9a9f-e49d79835c35-GrpcLogAppender: appendEntries Timeout, request=6dc62414-4100-415b-916b-e9f0081ca22e->6f2be65d-ce7d-4814-9a9f-e49d79835c35#35-t6, previous=(t:6, i:10), leaderCommit=10, initializing? false, entries: <empty>
2019-10-22 02:32:59,318 [EventQueue-ContainerReportForContainerReportHandler] WARN  container.ContainerReportHandler (AbstractContainerReportHandler.java:updateContainerState(145)) - Container #1 is in OPEN state, but the datanode 6dc62414-4100-415b-916b-e9f0081ca22e{ip: 192.168.34.14, host: pr-hdds-1643-hlxn2-3599243457, networkLocation: /default-rack, certSerialId: null} reports an CLOSED replica.
2019-10-22 02:32:59,409 [EventQueue-ContainerReportForContainerReportHandler] WARN  container.ContainerReportHandler (AbstractContainerReportHandler.java:updateContainerState(145)) - Container #1 is in OPEN state, but the datanode ddae0d8b-c866-4e5c-81a7-eef12a7bc666{ip: 192.168.34.14, host: pr-hdds-1643-hlxn2-3599243457, networkLocation: /default-rack, certSerialId: null} reports an CLOSED replica.
2019-10-22 02:32:59,717 [EventQueue-ContainerReportForContainerReportHandler] WARN  container.ContainerReportHandler (AbstractContainerReportHandler.java:updateContainerState(145)) - Container #1 is in OPEN state, but the datanode 6dc62414-4100-415b-916b-e9f0081ca22e{ip: 192.168.34.14, host: pr-hdds-1643-hlxn2-3599243457, networkLocation: /default-rack, certSerialId: null} reports an CLOSED replica.
2019-10-22 02:32:59,809 [EventQueue-ContainerReportForContainerReportHandler] WARN  container.ContainerReportHandler (AbstractContainerReportHandler.java:updateContainerState(145)) - Container #1 is in OPEN state, but the datanode ddae0d8b-c866-4e5c-81a7-eef12a7bc666{ip: 192.168.34.14, host: pr-hdds-1643-hlxn2-3599243457, networkLocation: /default-rack, certSerialId: null} reports an CLOSED replica.
2019-10-22 02:33:00,108 [EventQueue-ContainerReportForContainerReportHandler] WARN  container.ContainerReportHandler (AbstractContainerReportHandler.java:updateContainerState(145)) - Container #1 is in OPEN state, but the datanode ddae0d8b-c866-4e5c-81a7-eef12a7bc666{ip: 192.168.34.14, host: pr-hdds-1643-hlxn2-3599243457, networkLocation: /default-rack, certSerialId: null} reports an CLOSED replica.
2019-10-22 02:33:00,117 [EventQueue-ContainerReportForContainerReportHandler] WARN  container.ContainerReportHandler (AbstractContainerReportHandler.java:updateContainerState(145)) - Container #1 is in OPEN state, but the datanode 6dc62414-4100-415b-916b-e9f0081ca22e{ip: 192.168.34.14, host: pr-hdds-1643-hlxn2-3599243457, networkLocation: /default-rack, certSerialId: null} reports an CLOSED replica.
2019-10-22 02:33:00,227 [BlockDeletingService#2] WARN  background.BlockDeletingService (BlockDeletingService.java:isDeletionAllowed(187)) - Close Container log Index 6 is not replicated across allthe servers in the pipeline 82d9ec66-42fd-448b-b6da-8e192697a9cf as the min replicated index is 4. Deletion is not allowed in this container yet.
2019-10-22 02:33:00,227 [BlockDeletingService#2] WARN  background.BlockDeletingService (BlockDeletingService.java:isDeletionAllowed(187)) - Close Container log Index 6 is not replicated across allthe servers in the pipeline 82d9ec66-42fd-448b-b6da-8e192697a9cf as the min replicated index is 4. Deletion is not allowed in this container yet.
2019-10-22 02:33:00,317 [EventQueue-ContainerReportForContainerReportHandler] WARN  container.ContainerReportHandler (AbstractContainerReportHandler.java:updateContainerState(145)) - Container #1 is in OPEN state, but the datanode 6dc62414-4100-415b-916b-e9f0081ca22e{ip: 192.168.34.14, host: pr-hdds-1643-hlxn2-3599243457, networkLocation: /default-rack, certSerialId: null} reports an CLOSED replica.
2019-10-22 02:33:00,326 [Thread-434] INFO  client.GrpcClientProtocolService (GrpcClientProtocolService.java:lambda$processClientRequest$0(278)) - Failed RaftClientRequest:client-C9AE8EA1E005->ddae0d8b-c866-4e5c-81a7-eef12a7bc666@group-8E192697A9CF, cid=10, seq=0, Watch-ALL_COMMITTED(6), Message:<EMPTY>, reply=RaftClientReply:client-C9AE8EA1E005->ddae0d8b-c866-4e5c-81a7-eef12a7bc666@group-8E192697A9CF, cid=10, FAILED org.apache.ratis.protocol.NotLeaderException: Server ddae0d8b-c866-4e5c-81a7-eef12a7bc666@group-8E192697A9CF is not the leader 6dc62414-4100-415b-916b-e9f0081ca22e:192.168.34.14:40542, logIndex=0, commits[ddae0d8b-c866-4e5c-81a7-eef12a7bc666:c10, 6dc62414-4100-415b-916b-e9f0081ca22e:c10, 6f2be65d-ce7d-4814-9a9f-e49d79835c35:c4]
2019-10-22 02:33:00,509 [EventQueue-ContainerReportForContainerReportHandler] WARN  container.ContainerReportHandler (AbstractContainerReportHandler.java:updateContainerState(145)) - Container #1 is in OPEN state, but the datanode ddae0d8b-c866-4e5c-81a7-eef12a7bc666{ip: 192.168.34.14, host: pr-hdds-1643-hlxn2-3599243457, networkLocation: /default-rack, certSerialId: null} reports an CLOSED replica.
2019-10-22 02:33:00,718 [EventQueue-ContainerReportForContainerReportHandler] WARN  container.ContainerReportHandler (AbstractContainerReportHandler.java:updateContainerState(145)) - Container #1 is in OPEN state, but the datanode 6dc62414-4100-415b-916b-e9f0081ca22e{ip: 192.168.34.14, host: pr-hdds-1643-hlxn2-3599243457, networkLocation: /default-rack, certSerialId: null} reports an CLOSED replica.
2019-10-22 02:33:00,756 [Thread-437] INFO  client.GrpcClientProtocolService (GrpcClientProtocolService.java:lambda$processClientRequest$0(278)) - Failed RaftClientRequest:client-C9AE8EA1E005->6dc62414-4100-415b-916b-e9f0081ca22e@group-8E192697A9CF, cid=10, seq=0, Watch-ALL_COMMITTED(6), Message:<EMPTY>, reply=RaftClientReply:client-C9AE8EA1E005->6dc62414-4100-415b-916b-e9f0081ca22e@group-8E192697A9CF, cid=10, FAILED org.apache.ratis.protocol.NotReplicatedException: Request with call Id 10 and log index 6 is not yet replicated to ALL_COMMITTED, logIndex=6, commits[6dc62414-4100-415b-916b-e9f0081ca22e:c10, 6f2be65d-ce7d-4814-9a9f-e49d79835c35:c4, ddae0d8b-c866-4e5c-81a7-eef12a7bc666:c10]
2019-10-22 02:33:00,811 [EventQueue-ContainerReportForContainerReportHandler] WARN  container.ContainerReportHandler (AbstractContainerReportHandler.java:updateContainerState(145)) - Container #1 is in OPEN state, but the datanode ddae0d8b-c866-4e5c-81a7-eef12a7bc666{ip: 192.168.34.14, host: pr-hdds-1643-hlxn2-3599243457, networkLocation: /default-rack, certSerialId: null} reports an CLOSED replica.
2019-10-22 02:33:01,018 [EventQueue-ContainerReportForContainerReportHandler] WARN  container.ContainerReportHandler (AbstractContainerReportHandler.java:updateContainerState(145)) - Container #1 is in OPEN state, but the datanode 6dc62414-4100-415b-916b-e9f0081ca22e{ip: 192.168.34.14, host: pr-hdds-1643-hlxn2-3599243457, networkLocation: /default-rack, certSerialId: null} reports an CLOSED replica.
2019-10-22 02:33:01,112 [EventQueue-ContainerReportForContainerReportHandler] WARN  container.ContainerReportHandler (AbstractContainerReportHandler.java:updateContainerState(145)) - Container #1 is in OPEN state, but the datanode ddae0d8b-c866-4e5c-81a7-eef12a7bc666{ip: 192.168.34.14, host: pr-hdds-1643-hlxn2-3599243457, networkLocation: /default-rack, certSerialId: null} reports an CLOSED replica.
2019-10-22 02:33:01,230 [BlockDeletingService#2] WARN  background.BlockDeletingService (BlockDeletingService.java:isDeletionAllowed(187)) - Close Container log Index 6 is not replicated across allthe servers in the pipeline 82d9ec66-42fd-448b-b6da-8e192697a9cf as the min replicated index is 4. Deletion is not allowed in this container yet.
2019-10-22 02:33:01,230 [BlockDeletingService#2] WARN  background.BlockDeletingService (BlockDeletingService.java:isDeletionAllowed(187)) - Close Container log Index 6 is not replicated across allthe servers in the pipeline 82d9ec66-42fd-448b-b6da-8e192697a9cf as the min replicated index is 4. Deletion is not allowed in this container yet.
2019-10-22 02:33:01,313 [EventQueue-ContainerReportForContainerReportHandler] WARN  container.ContainerReportHandler (AbstractContainerReportHandler.java:updateContainerState(145)) - Container #1 is in OPEN state, but the datanode ddae0d8b-c866-4e5c-81a7-eef12a7bc666{ip: 192.168.34.14, host: pr-hdds-1643-hlxn2-3599243457, networkLocation: /default-rack, certSerialId: null} reports an CLOSED replica.
2019-10-22 02:33:01,318 [EventQueue-ContainerReportForContainerReportHandler] WARN  container.ContainerReportHandler (AbstractContainerReportHandler.java:updateContainerState(145)) - Container #1 is in OPEN state, but the datanode 6dc62414-4100-415b-916b-e9f0081ca22e{ip: 192.168.34.14, host: pr-hdds-1643-hlxn2-3599243457, networkLocation: /default-rack, certSerialId: null} reports an CLOSED replica.
2019-10-22 02:33:01,613 [EventQueue-ContainerReportForContainerReportHandler] WARN  container.ContainerReportHandler (AbstractContainerReportHandler.java:updateContainerState(145)) - Container #1 is in OPEN state, but the datanode ddae0d8b-c866-4e5c-81a7-eef12a7bc666{ip: 192.168.34.14, host: pr-hdds-1643-hlxn2-3599243457, networkLocation: /default-rack, certSerialId: null} reports an CLOSED replica.
2019-10-22 02:33:01,720 [EventQueue-ContainerReportForContainerReportHandler] WARN  container.ContainerReportHandler (AbstractContainerReportHandler.java:updateContainerState(145)) - Container #1 is in OPEN state, but the datanode 6dc62414-4100-415b-916b-e9f0081ca22e{ip: 192.168.34.14, host: pr-hdds-1643-hlxn2-3599243457, networkLocation: /default-rack, certSerialId: null} reports an CLOSED replica.
2019-10-22 02:33:01,739 [java.util.concurrent.ThreadPoolExecutor$Worker@6a8733f8[State = -1, empty queue]] WARN  server.GrpcLogAppender (GrpcLogAppender.java:timeoutAppendRequest(209)) - 6dc62414-4100-415b-916b-e9f0081ca22e@group-8E192697A9CF->6f2be65d-ce7d-4814-9a9f-e49d79835c35-GrpcLogAppender: appendEntries Timeout, request=6dc62414-4100-415b-916b-e9f0081ca22e->6f2be65d-ce7d-4814-9a9f-e49d79835c35#36-t6, previous=(t:6, i:10), leaderCommit=10, initializing? false, entries: <empty>
2019-10-22 02:33:02,013 [EventQueue-ContainerReportForContainerReportHandler] WARN  container.ContainerReportHandler (AbstractContainerReportHandler.java:updateContainerState(145)) - Container #1 is in OPEN state, but the datanode ddae0d8b-c866-4e5c-81a7-eef12a7bc666{ip: 192.168.34.14, host: pr-hdds-1643-hlxn2-3599243457, networkLocation: /default-rack, certSerialId: null} reports an CLOSED replica.
2019-10-22 02:33:02,020 [EventQueue-ContainerReportForContainerReportHandler] WARN  container.ContainerReportHandler (AbstractContainerReportHandler.java:updateContainerState(145)) - Container #1 is in OPEN state, but the datanode 6dc62414-4100-415b-916b-e9f0081ca22e{ip: 192.168.34.14, host: pr-hdds-1643-hlxn2-3599243457, networkLocation: /default-rack, certSerialId: null} reports an CLOSED replica.
2019-10-22 02:33:02,212 [EventQueue-ContainerReportForContainerReportHandler] WARN  container.ContainerReportHandler (AbstractContainerReportHandler.java:updateContainerState(145)) - Container #1 is in OPEN state, but the datanode ddae0d8b-c866-4e5c-81a7-eef12a7bc666{ip: 192.168.34.14, host: pr-hdds-1643-hlxn2-3599243457, networkLocation: /default-rack, certSerialId: null} reports an CLOSED replica.
2019-10-22 02:33:02,236 [BlockDeletingService#2] WARN  background.BlockDeletingService (BlockDeletingService.java:isDeletionAllowed(187)) - Close Container log Index 6 is not replicated across allthe servers in the pipeline 82d9ec66-42fd-448b-b6da-8e192697a9cf as the min replicated index is 4. Deletion is not allowed in this container yet.
2019-10-22 02:33:02,237 [BlockDeletingService#2] WARN  background.BlockDeletingService (BlockDeletingService.java:isDeletionAllowed(187)) - Close Container log Index 6 is not replicated across allthe servers in the pipeline 82d9ec66-42fd-448b-b6da-8e192697a9cf as the min replicated index is 4. Deletion is not allowed in this container yet.
2019-10-22 02:33:02,320 [EventQueue-ContainerReportForContainerReportHandler] WARN  container.ContainerReportHandler (AbstractContainerReportHandler.java:updateContainerState(145)) - Container #1 is in OPEN state, but the datanode 6dc62414-4100-415b-916b-e9f0081ca22e{ip: 192.168.34.14, host: pr-hdds-1643-hlxn2-3599243457, networkLocation: /default-rack, certSerialId: null} reports an CLOSED replica.
2019-10-22 02:33:02,513 [EventQueue-ContainerReportForContainerReportHandler] WARN  container.ContainerReportHandler (AbstractContainerReportHandler.java:updateContainerState(145)) - Container #1 is in OPEN state, but the datanode ddae0d8b-c866-4e5c-81a7-eef12a7bc666{ip: 192.168.34.14, host: pr-hdds-1643-hlxn2-3599243457, networkLocation: /default-rack, certSerialId: null} reports an CLOSED replica.
2019-10-22 02:33:02,620 [EventQueue-ContainerReportForContainerReportHandler] WARN  container.ContainerReportHandler (AbstractContainerReportHandler.java:updateContainerState(145)) - Container #1 is in OPEN state, but the datanode 6dc62414-4100-415b-916b-e9f0081ca22e{ip: 192.168.34.14, host: pr-hdds-1643-hlxn2-3599243457, networkLocation: /default-rack, certSerialId: null} reports an CLOSED replica.
2019-10-22 02:33:02,813 [EventQueue-ContainerReportForContainerReportHandler] WARN  container.ContainerReportHandler (AbstractContainerReportHandler.java:updateContainerState(145)) - Container #1 is in OPEN state, but the datanode ddae0d8b-c866-4e5c-81a7-eef12a7bc666{ip: 192.168.34.14, host: pr-hdds-1643-hlxn2-3599243457, networkLocation: /default-rack, certSerialId: null} reports an CLOSED replica.
2019-10-22 02:33:02,920 [EventQueue-ContainerReportForContainerReportHandler] WARN  container.ContainerReportHandler (AbstractContainerReportHandler.java:updateContainerState(145)) - Container #1 is in OPEN state, but the datanode 6dc62414-4100-415b-916b-e9f0081ca22e{ip: 192.168.34.14, host: pr-hdds-1643-hlxn2-3599243457, networkLocation: /default-rack, certSerialId: null} reports an CLOSED replica.
2019-10-22 02:33:03,115 [EventQueue-ContainerReportForContainerReportHandler] WARN  container.ContainerReportHandler (AbstractContainerReportHandler.java:updateContainerState(145)) - Container #1 is in OPEN state, but the datanode ddae0d8b-c866-4e5c-81a7-eef12a7bc666{ip: 192.168.34.14, host: pr-hdds-1643-hlxn2-3599243457, networkLocation: /default-rack, certSerialId: null} reports an CLOSED replica.
2019-10-22 02:33:03,220 [EventQueue-ContainerReportForContainerReportHandler] WARN  container.ContainerReportHandler (AbstractContainerReportHandler.java:updateContainerState(145)) - Container #1 is in OPEN state, but the datanode 6dc62414-4100-415b-916b-e9f0081ca22e{ip: 192.168.34.14, host: pr-hdds-1643-hlxn2-3599243457, networkLocation: /default-rack, certSerialId: null} reports an CLOSED replica.
2019-10-22 02:33:03,239 [BlockDeletingService#2] WARN  background.BlockDeletingService (BlockDeletingService.java:isDeletionAllowed(187)) - Close Container log Index 6 is not replicated across allthe servers in the pipeline 82d9ec66-42fd-448b-b6da-8e192697a9cf as the min replicated index is 4. Deletion is not allowed in this container yet.
2019-10-22 02:33:03,239 [BlockDeletingService#2] WARN  background.BlockDeletingService (BlockDeletingService.java:isDeletionAllowed(187)) - Close Container log Index 6 is not replicated across allthe servers in the pipeline 82d9ec66-42fd-448b-b6da-8e192697a9cf as the min replicated index is 4. Deletion is not allowed in this container yet.
2019-10-22 02:33:03,413 [EventQueue-ContainerReportForContainerReportHandler] WARN  container.ContainerReportHandler (AbstractContainerReportHandler.java:updateContainerState(145)) - Container #1 is in OPEN state, but the datanode ddae0d8b-c866-4e5c-81a7-eef12a7bc666{ip: 192.168.34.14, host: pr-hdds-1643-hlxn2-3599243457, networkLocation: /default-rack, certSerialId: null} reports an CLOSED replica.
2019-10-22 02:33:03,420 [EventQueue-ContainerReportForContainerReportHandler] WARN  container.ContainerReportHandler (AbstractContainerReportHandler.java:updateContainerState(145)) - Container #1 is in OPEN state, but the datanode 6dc62414-4100-415b-916b-e9f0081ca22e{ip: 192.168.34.14, host: pr-hdds-1643-hlxn2-3599243457, networkLocation: /default-rack, certSerialId: null} reports an CLOSED replica.
2019-10-22 02:33:03,813 [EventQueue-ContainerReportForContainerReportHandler] WARN  container.ContainerReportHandler (AbstractContainerReportHandler.java:updateContainerState(145)) - Container #1 is in OPEN state, but the datanode ddae0d8b-c866-4e5c-81a7-eef12a7bc666{ip: 192.168.34.14, host: pr-hdds-1643-hlxn2-3599243457, networkLocation: /default-rack, certSerialId: null} reports an CLOSED replica.
2019-10-22 02:33:03,820 [EventQueue-ContainerReportForContainerReportHandler] WARN  container.ContainerReportHandler (AbstractContainerReportHandler.java:updateContainerState(145)) - Container #1 is in OPEN state, but the datanode 6dc62414-4100-415b-916b-e9f0081ca22e{ip: 192.168.34.14, host: pr-hdds-1643-hlxn2-3599243457, networkLocation: /default-rack, certSerialId: null} reports an CLOSED replica.
2019-10-22 02:33:04,013 [EventQueue-ContainerReportForContainerReportHandler] WARN  container.ContainerReportHandler (AbstractContainerReportHandler.java:updateContainerState(145)) - Container #1 is in OPEN state, but the datanode ddae0d8b-c866-4e5c-81a7-eef12a7bc666{ip: 192.168.34.14, host: pr-hdds-1643-hlxn2-3599243457, networkLocation: /default-rack, certSerialId: null} reports an CLOSED replica.
2019-10-22 02:33:04,020 [EventQueue-ContainerReportForContainerReportHandler] WARN  container.ContainerReportHandler (AbstractContainerReportHandler.java:updateContainerState(145)) - Container #1 is in OPEN state, but the datanode 6dc62414-4100-415b-916b-e9f0081ca22e{ip: 192.168.34.14, host: pr-hdds-1643-hlxn2-3599243457, networkLocation: /default-rack, certSerialId: null} reports an CLOSED replica.
2019-10-22 02:33:04,241 [java.util.concurrent.ThreadPoolExecutor$Worker@6a8733f8[State = -1, empty queue]] WARN  server.GrpcLogAppender (GrpcLogAppender.java:timeoutAppendRequest(209)) - 6dc62414-4100-415b-916b-e9f0081ca22e@group-8E192697A9CF->6f2be65d-ce7d-4814-9a9f-e49d79835c35-GrpcLogAppender: appendEntries Timeout, request=6dc62414-4100-415b-916b-e9f0081ca22e->6f2be65d-ce7d-4814-9a9f-e49d79835c35#37-t6, previous=(t:6, i:10), leaderCommit=10, initializing? false, entries: <empty>
2019-10-22 02:33:04,241 [BlockDeletingService#2] WARN  background.BlockDeletingService (BlockDeletingService.java:isDeletionAllowed(187)) - Close Container log Index 6 is not replicated across allthe servers in the pipeline 82d9ec66-42fd-448b-b6da-8e192697a9cf as the min replicated index is 4. Deletion is not allowed in this container yet.
2019-10-22 02:33:04,241 [BlockDeletingService#2] WARN  background.BlockDeletingService (BlockDeletingService.java:isDeletionAllowed(187)) - Close Container log Index 6 is not replicated across allthe servers in the pipeline 82d9ec66-42fd-448b-b6da-8e192697a9cf as the min replicated index is 4. Deletion is not allowed in this container yet.
2019-10-22 02:33:04,320 [EventQueue-ContainerReportForContainerReportHandler] WARN  container.ContainerReportHandler (AbstractContainerReportHandler.java:updateContainerState(145)) - Container #1 is in OPEN state, but the datanode 6dc62414-4100-415b-916b-e9f0081ca22e{ip: 192.168.34.14, host: pr-hdds-1643-hlxn2-3599243457, networkLocation: /default-rack, certSerialId: null} reports an CLOSED replica.
2019-10-22 02:33:04,413 [EventQueue-ContainerReportForContainerReportHandler] WARN  container.ContainerReportHandler (AbstractContainerReportHandler.java:updateContainerState(145)) - Container #1 is in OPEN state, but the datanode ddae0d8b-c866-4e5c-81a7-eef12a7bc666{ip: 192.168.34.14, host: pr-hdds-1643-hlxn2-3599243457, networkLocation: /default-rack, certSerialId: null} reports an CLOSED replica.
2019-10-22 02:33:04,614 [EventQueue-ContainerReportForContainerReportHandler] WARN  container.ContainerReportHandler (AbstractContainerReportHandler.java:updateContainerState(145)) - Container #1 is in OPEN state, but the datanode ddae0d8b-c866-4e5c-81a7-eef12a7bc666{ip: 192.168.34.14, host: pr-hdds-1643-hlxn2-3599243457, networkLocation: /default-rack, certSerialId: null} reports an CLOSED replica.
2019-10-22 02:33:04,720 [EventQueue-ContainerReportForContainerReportHandler] WARN  container.ContainerReportHandler (AbstractContainerReportHandler.java:updateContainerState(145)) - Container #1 is in OPEN state, but the datanode 6dc62414-4100-415b-916b-e9f0081ca22e{ip: 192.168.34.14, host: pr-hdds-1643-hlxn2-3599243457, networkLocation: /default-rack, certSerialId: null} reports an CLOSED replica.
2019-10-22 02:33:04,815 [EventQueue-ContainerReportForContainerReportHandler] WARN  container.ContainerReportHandler (AbstractContainerReportHandler.java:updateContainerState(145)) - Container #1 is in OPEN state, but the datanode ddae0d8b-c866-4e5c-81a7-eef12a7bc666{ip: 192.168.34.14, host: pr-hdds-1643-hlxn2-3599243457, networkLocation: /default-rack, certSerialId: null} reports an CLOSED replica.
2019-10-22 02:33:05,115 [EventQueue-ContainerReportForContainerReportHandler] WARN  container.ContainerReportHandler (AbstractContainerReportHandler.java:updateContainerState(145)) - Container #1 is in OPEN state, but the datanode ddae0d8b-c866-4e5c-81a7-eef12a7bc666{ip: 192.168.34.14, host: pr-hdds-1643-hlxn2-3599243457, networkLocation: /default-rack, certSerialId: null} reports an CLOSED replica.
2019-10-22 02:33:05,121 [EventQueue-ContainerReportForContainerReportHandler] WARN  container.ContainerReportHandler (AbstractContainerReportHandler.java:updateContainerState(145)) - Container #1 is in OPEN state, but the datanode 6dc62414-4100-415b-916b-e9f0081ca22e{ip: 192.168.34.14, host: pr-hdds-1643-hlxn2-3599243457, networkLocation: /default-rack, certSerialId: null} reports an CLOSED replica.
2019-10-22 02:33:05,242 [BlockDeletingService#2] WARN  background.BlockDeletingService (BlockDeletingService.java:isDeletionAllowed(187)) - Close Container log Index 6 is not replicated across allthe servers in the pipeline 82d9ec66-42fd-448b-b6da-8e192697a9cf as the min replicated index is 4. Deletion is not allowed in this container yet.
2019-10-22 02:33:05,242 [BlockDeletingService#2] WARN  background.BlockDeletingService (BlockDeletingService.java:isDeletionAllowed(187)) - Close Container log Index 6 is not replicated across allthe servers in the pipeline 82d9ec66-42fd-448b-b6da-8e192697a9cf as the min replicated index is 4. Deletion is not allowed in this container yet.
2019-10-22 02:33:05,320 [EventQueue-ContainerReportForContainerReportHandler] WARN  container.ContainerReportHandler (AbstractContainerReportHandler.java:updateContainerState(145)) - Container #1 is in OPEN state, but the datanode 6dc62414-4100-415b-916b-e9f0081ca22e{ip: 192.168.34.14, host: pr-hdds-1643-hlxn2-3599243457, networkLocation: /default-rack, certSerialId: null} reports an CLOSED replica.
2019-10-22 02:33:05,415 [EventQueue-ContainerReportForContainerReportHandler] WARN  container.ContainerReportHandler (AbstractContainerReportHandler.java:updateContainerState(145)) - Container #1 is in OPEN state, but the datanode ddae0d8b-c866-4e5c-81a7-eef12a7bc666{ip: 192.168.34.14, host: pr-hdds-1643-hlxn2-3599243457, networkLocation: /default-rack, certSerialId: null} reports an CLOSED replica.
2019-10-22 02:33:05,621 [EventQueue-ContainerReportForContainerReportHandler] WARN  container.ContainerReportHandler (AbstractContainerReportHandler.java:updateContainerState(145)) - Container #1 is in OPEN state, but the datanode 6dc62414-4100-415b-916b-e9f0081ca22e{ip: 192.168.34.14, host: pr-hdds-1643-hlxn2-3599243457, networkLocation: /default-rack, certSerialId: null} reports an CLOSED replica.
2019-10-22 02:33:05,817 [EventQueue-ContainerReportForContainerReportHandler] WARN  container.ContainerReportHandler (AbstractContainerReportHandler.java:updateContainerState(145)) - Container #1 is in OPEN state, but the datanode ddae0d8b-c866-4e5c-81a7-eef12a7bc666{ip: 192.168.34.14, host: pr-hdds-1643-hlxn2-3599243457, networkLocation: /default-rack, certSerialId: null} reports an CLOSED replica.
2019-10-22 02:33:05,820 [EventQueue-ContainerReportForContainerReportHandler] WARN  container.ContainerReportHandler (AbstractContainerReportHandler.java:updateContainerState(145)) - Container #1 is in OPEN state, but the datanode 6dc62414-4100-415b-916b-e9f0081ca22e{ip: 192.168.34.14, host: pr-hdds-1643-hlxn2-3599243457, networkLocation: /default-rack, certSerialId: null} reports an CLOSED replica.
2019-10-22 02:33:06,117 [EventQueue-ContainerReportForContainerReportHandler] WARN  container.ContainerReportHandler (AbstractContainerReportHandler.java:updateContainerState(145)) - Container #1 is in OPEN state, but the datanode ddae0d8b-c866-4e5c-81a7-eef12a7bc666{ip: 192.168.34.14, host: pr-hdds-1643-hlxn2-3599243457, networkLocation: /default-rack, certSerialId: null} reports an CLOSED replica.
2019-10-22 02:33:06,121 [EventQueue-ContainerReportForContainerReportHandler] WARN  container.ContainerReportHandler (AbstractContainerReportHandler.java:updateContainerState(145)) - Container #1 is in OPEN state, but the datanode 6dc62414-4100-415b-916b-e9f0081ca22e{ip: 192.168.34.14, host: pr-hdds-1643-hlxn2-3599243457, networkLocation: /default-rack, certSerialId: null} reports an CLOSED replica.
2019-10-22 02:33:06,245 [BlockDeletingService#2] WARN  background.BlockDeletingService (BlockDeletingService.java:isDeletionAllowed(187)) - Close Container log Index 6 is not replicated across allthe servers in the pipeline 82d9ec66-42fd-448b-b6da-8e192697a9cf as the min replicated index is 4. Deletion is not allowed in this container yet.
2019-10-22 02:33:06,245 [BlockDeletingService#2] WARN  background.BlockDeletingService (BlockDeletingService.java:isDeletionAllowed(187)) - Close Container log Index 6 is not replicated across allthe servers in the pipeline 82d9ec66-42fd-448b-b6da-8e192697a9cf as the min replicated index is 4. Deletion is not allowed in this container yet.
2019-10-22 02:33:06,318 [EventQueue-ContainerReportForContainerReportHandler] WARN  container.ContainerReportHandler (AbstractContainerReportHandler.java:updateContainerState(145)) - Container #1 is in OPEN state, but the datanode ddae0d8b-c866-4e5c-81a7-eef12a7bc666{ip: 192.168.34.14, host: pr-hdds-1643-hlxn2-3599243457, networkLocation: /default-rack, certSerialId: null} reports an CLOSED replica.
2019-10-22 02:33:06,520 [EventQueue-ContainerReportForContainerReportHandler] WARN  container.ContainerReportHandler (AbstractContainerReportHandler.java:updateContainerState(145)) - Container #1 is in OPEN state, but the datanode 6dc62414-4100-415b-916b-e9f0081ca22e{ip: 192.168.34.14, host: pr-hdds-1643-hlxn2-3599243457, networkLocation: /default-rack, certSerialId: null} reports an CLOSED replica.
2019-10-22 02:33:06,617 [EventQueue-ContainerReportForContainerReportHandler] WARN  container.ContainerReportHandler (AbstractContainerReportHandler.java:updateContainerState(145)) - Container #1 is in OPEN state, but the datanode ddae0d8b-c866-4e5c-81a7-eef12a7bc666{ip: 192.168.34.14, host: pr-hdds-1643-hlxn2-3599243457, networkLocation: /default-rack, certSerialId: null} reports an CLOSED replica.
2019-10-22 02:33:06,742 [java.util.concurrent.ThreadPoolExecutor$Worker@6a8733f8[State = -1, empty queue]] WARN  server.GrpcLogAppender (GrpcLogAppender.java:timeoutAppendRequest(209)) - 6dc62414-4100-415b-916b-e9f0081ca22e@group-8E192697A9CF->6f2be65d-ce7d-4814-9a9f-e49d79835c35-GrpcLogAppender: appendEntries Timeout, request=6dc62414-4100-415b-916b-e9f0081ca22e->6f2be65d-ce7d-4814-9a9f-e49d79835c35#38-t6, previous=(t:6, i:10), leaderCommit=10, initializing? false, entries: <empty>
2019-10-22 02:33:06,817 [EventQueue-ContainerReportForContainerReportHandler] WARN  container.ContainerReportHandler (AbstractContainerReportHandler.java:updateContainerState(145)) - Container #1 is in OPEN state, but the datanode ddae0d8b-c866-4e5c-81a7-eef12a7bc666{ip: 192.168.34.14, host: pr-hdds-1643-hlxn2-3599243457, networkLocation: /default-rack, certSerialId: null} reports an CLOSED replica.
2019-10-22 02:33:06,820 [EventQueue-ContainerReportForContainerReportHandler] WARN  container.ContainerReportHandler (AbstractContainerReportHandler.java:updateContainerState(145)) - Container #1 is in OPEN state, but the datanode 6dc62414-4100-415b-916b-e9f0081ca22e{ip: 192.168.34.14, host: pr-hdds-1643-hlxn2-3599243457, networkLocation: /default-rack, certSerialId: null} reports an CLOSED replica.
2019-10-22 02:33:07,017 [EventQueue-ContainerReportForContainerReportHandler] WARN  container.ContainerReportHandler (AbstractContainerReportHandler.java:updateContainerState(145)) - Container #1 is in OPEN state, but the datanode ddae0d8b-c866-4e5c-81a7-eef12a7bc666{ip: 192.168.34.14, host: pr-hdds-1643-hlxn2-3599243457, networkLocation: /default-rack, certSerialId: null} reports an CLOSED replica.
2019-10-22 02:33:07,120 [EventQueue-ContainerReportForContainerReportHandler] WARN  container.ContainerReportHandler (AbstractContainerReportHandler.java:updateContainerState(145)) - Container #1 is in OPEN state, but the datanode 6dc62414-4100-415b-916b-e9f0081ca22e{ip: 192.168.34.14, host: pr-hdds-1643-hlxn2-3599243457, networkLocation: /default-rack, certSerialId: null} reports an CLOSED replica.
2019-10-22 02:33:07,246 [BlockDeletingService#2] WARN  background.BlockDeletingService (BlockDeletingService.java:isDeletionAllowed(187)) - Close Container log Index 6 is not replicated across allthe servers in the pipeline 82d9ec66-42fd-448b-b6da-8e192697a9cf as the min replicated index is 4. Deletion is not allowed in this container yet.
2019-10-22 02:33:07,246 [BlockDeletingService#2] WARN  background.BlockDeletingService (BlockDeletingService.java:isDeletionAllowed(187)) - Close Container log Index 6 is not replicated across allthe servers in the pipeline 82d9ec66-42fd-448b-b6da-8e192697a9cf as the min replicated index is 4. Deletion is not allowed in this container yet.
2019-10-22 02:33:07,418 [EventQueue-ContainerReportForContainerReportHandler] WARN  container.ContainerReportHandler (AbstractContainerReportHandler.java:updateContainerState(145)) - Container #1 is in OPEN state, but the datanode ddae0d8b-c866-4e5c-81a7-eef12a7bc666{ip: 192.168.34.14, host: pr-hdds-1643-hlxn2-3599243457, networkLocation: /default-rack, certSerialId: null} reports an CLOSED replica.
2019-10-22 02:33:07,420 [EventQueue-ContainerReportForContainerReportHandler] WARN  container.ContainerReportHandler (AbstractContainerReportHandler.java:updateContainerState(145)) - Container #1 is in OPEN state, but the datanode 6dc62414-4100-415b-916b-e9f0081ca22e{ip: 192.168.34.14, host: pr-hdds-1643-hlxn2-3599243457, networkLocation: /default-rack, certSerialId: null} reports an CLOSED replica.
2019-10-22 02:33:07,618 [EventQueue-ContainerReportForContainerReportHandler] WARN  container.ContainerReportHandler (AbstractContainerReportHandler.java:updateContainerState(145)) - Container #1 is in OPEN state, but the datanode ddae0d8b-c866-4e5c-81a7-eef12a7bc666{ip: 192.168.34.14, host: pr-hdds-1643-hlxn2-3599243457, networkLocation: /default-rack, certSerialId: null} reports an CLOSED replica.
2019-10-22 02:33:07,620 [EventQueue-ContainerReportForContainerReportHandler] WARN  container.ContainerReportHandler (AbstractContainerReportHandler.java:updateContainerState(145)) - Container #1 is in OPEN state, but the datanode 6dc62414-4100-415b-916b-e9f0081ca22e{ip: 192.168.34.14, host: pr-hdds-1643-hlxn2-3599243457, networkLocation: /default-rack, certSerialId: null} reports an CLOSED replica.
2019-10-22 02:33:07,920 [EventQueue-ContainerReportForContainerReportHandler] WARN  container.ContainerReportHandler (AbstractContainerReportHandler.java:updateContainerState(145)) - Container #1 is in OPEN state, but the datanode 6dc62414-4100-415b-916b-e9f0081ca22e{ip: 192.168.34.14, host: pr-hdds-1643-hlxn2-3599243457, networkLocation: /default-rack, certSerialId: null} reports an CLOSED replica.
2019-10-22 02:33:08,018 [EventQueue-ContainerReportForContainerReportHandler] WARN  container.ContainerReportHandler (AbstractContainerReportHandler.java:updateContainerState(145)) - Container #1 is in OPEN state, but the datanode ddae0d8b-c866-4e5c-81a7-eef12a7bc666{ip: 192.168.34.14, host: pr-hdds-1643-hlxn2-3599243457, networkLocation: /default-rack, certSerialId: null} reports an CLOSED replica.
2019-10-22 02:33:08,218 [EventQueue-ContainerReportForContainerReportHandler] WARN  container.ContainerReportHandler (AbstractContainerReportHandler.java:updateContainerState(145)) - Container #1 is in OPEN state, but the datanode ddae0d8b-c866-4e5c-81a7-eef12a7bc666{ip: 192.168.34.14, host: pr-hdds-1643-hlxn2-3599243457, networkLocation: /default-rack, certSerialId: null} reports an CLOSED replica.
2019-10-22 02:33:08,248 [BlockDeletingService#2] WARN  background.BlockDeletingService (BlockDeletingService.java:isDeletionAllowed(187)) - Close Container log Index 6 is not replicated across allthe servers in the pipeline 82d9ec66-42fd-448b-b6da-8e192697a9cf as the min replicated index is 4. Deletion is not allowed in this container yet.
2019-10-22 02:33:08,248 [BlockDeletingService#2] WARN  background.BlockDeletingService (BlockDeletingService.java:isDeletionAllowed(187)) - Close Container log Index 6 is not replicated across allthe servers in the pipeline 82d9ec66-42fd-448b-b6da-8e192697a9cf as the min replicated index is 4. Deletion is not allowed in this container yet.
2019-10-22 02:33:08,321 [EventQueue-ContainerReportForContainerReportHandler] WARN  container.ContainerReportHandler (AbstractContainerReportHandler.java:updateContainerState(145)) - Container #1 is in OPEN state, but the datanode 6dc62414-4100-415b-916b-e9f0081ca22e{ip: 192.168.34.14, host: pr-hdds-1643-hlxn2-3599243457, networkLocation: /default-rack, certSerialId: null} reports an CLOSED replica.
2019-10-22 02:33:08,518 [EventQueue-ContainerReportForContainerReportHandler] WARN  container.ContainerReportHandler (AbstractContainerReportHandler.java:updateContainerState(145)) - Container #1 is in OPEN state, but the datanode ddae0d8b-c866-4e5c-81a7-eef12a7bc666{ip: 192.168.34.14, host: pr-hdds-1643-hlxn2-3599243457, networkLocation: /default-rack, certSerialId: null} reports an CLOSED replica.
2019-10-22 02:33:08,620 [EventQueue-ContainerReportForContainerReportHandler] WARN  container.ContainerReportHandler (AbstractContainerReportHandler.java:updateContainerState(145)) - Container #1 is in OPEN state, but the datanode 6dc62414-4100-415b-916b-e9f0081ca22e{ip: 192.168.34.14, host: pr-hdds-1643-hlxn2-3599243457, networkLocation: /default-rack, certSerialId: null} reports an CLOSED replica.
2019-10-22 02:33:08,820 [EventQueue-ContainerReportForContainerReportHandler] WARN  container.ContainerReportHandler (AbstractContainerReportHandler.java:updateContainerState(145)) - Container #1 is in OPEN state, but the datanode ddae0d8b-c866-4e5c-81a7-eef12a7bc666{ip: 192.168.34.14, host: pr-hdds-1643-hlxn2-3599243457, networkLocation: /default-rack, certSerialId: null} reports an CLOSED replica.
2019-10-22 02:33:08,921 [EventQueue-ContainerReportForContainerReportHandler] WARN  container.ContainerReportHandler (AbstractContainerReportHandler.java:updateContainerState(145)) - Container #1 is in OPEN state, but the datanode 6dc62414-4100-415b-916b-e9f0081ca22e{ip: 192.168.34.14, host: pr-hdds-1643-hlxn2-3599243457, networkLocation: /default-rack, certSerialId: null} reports an CLOSED replica.
2019-10-22 02:33:09,020 [EventQueue-ContainerReportForContainerReportHandler] WARN  container.ContainerReportHandler (AbstractContainerReportHandler.java:updateContainerState(145)) - Container #1 is in OPEN state, but the datanode ddae0d8b-c866-4e5c-81a7-eef12a7bc666{ip: 192.168.34.14, host: pr-hdds-1643-hlxn2-3599243457, networkLocation: /default-rack, certSerialId: null} reports an CLOSED replica.
2019-10-22 02:33:09,224 [EventQueue-ContainerReportForContainerReportHandler] WARN  container.ContainerReportHandler (AbstractContainerReportHandler.java:updateContainerState(145)) - Container #1 is in OPEN state, but the datanode 6dc62414-4100-415b-916b-e9f0081ca22e{ip: 192.168.34.14, host: pr-hdds-1643-hlxn2-3599243457, networkLocation: /default-rack, certSerialId: null} reports an CLOSED replica.
2019-10-22 02:33:09,243 [java.util.concurrent.ThreadPoolExecutor$Worker@6a8733f8[State = -1, empty queue]] WARN  server.GrpcLogAppender (GrpcLogAppender.java:timeoutAppendRequest(209)) - 6dc62414-4100-415b-916b-e9f0081ca22e@group-8E192697A9CF->6f2be65d-ce7d-4814-9a9f-e49d79835c35-GrpcLogAppender: appendEntries Timeout, request=6dc62414-4100-415b-916b-e9f0081ca22e->6f2be65d-ce7d-4814-9a9f-e49d79835c35#39-t6, previous=(t:6, i:10), leaderCommit=10, initializing? false, entries: <empty>
2019-10-22 02:33:09,250 [BlockDeletingService#2] WARN  background.BlockDeletingService (BlockDeletingService.java:isDeletionAllowed(187)) - Close Container log Index 6 is not replicated across allthe servers in the pipeline 82d9ec66-42fd-448b-b6da-8e192697a9cf as the min replicated index is 4. Deletion is not allowed in this container yet.
2019-10-22 02:33:09,250 [BlockDeletingService#2] WARN  background.BlockDeletingService (BlockDeletingService.java:isDeletionAllowed(187)) - Close Container log Index 6 is not replicated across allthe servers in the pipeline 82d9ec66-42fd-448b-b6da-8e192697a9cf as the min replicated index is 4. Deletion is not allowed in this container yet.
2019-10-22 02:33:09,321 [EventQueue-ContainerReportForContainerReportHandler] WARN  container.ContainerReportHandler (AbstractContainerReportHandler.java:updateContainerState(145)) - Container #1 is in OPEN state, but the datanode ddae0d8b-c866-4e5c-81a7-eef12a7bc666{ip: 192.168.34.14, host: pr-hdds-1643-hlxn2-3599243457, networkLocation: /default-rack, certSerialId: null} reports an CLOSED replica.
2019-10-22 02:33:09,370 [Thread-462] INFO  client.GrpcClientProtocolService (GrpcClientProtocolService.java:lambda$processClientRequest$0(278)) - Failed RaftClientRequest:client-C9AE8EA1E005->ddae0d8b-c866-4e5c-81a7-eef12a7bc666@group-8E192697A9CF, cid=10, seq=0, Watch-ALL_COMMITTED(6), Message:<EMPTY>, reply=RaftClientReply:client-C9AE8EA1E005->ddae0d8b-c866-4e5c-81a7-eef12a7bc666@group-8E192697A9CF, cid=10, FAILED org.apache.ratis.protocol.NotLeaderException: Server ddae0d8b-c866-4e5c-81a7-eef12a7bc666@group-8E192697A9CF is not the leader 6dc62414-4100-415b-916b-e9f0081ca22e:192.168.34.14:40542, logIndex=0, commits[ddae0d8b-c866-4e5c-81a7-eef12a7bc666:c10, 6dc62414-4100-415b-916b-e9f0081ca22e:c10, 6f2be65d-ce7d-4814-9a9f-e49d79835c35:c4]
2019-10-22 02:33:09,624 [EventQueue-ContainerReportForContainerReportHandler] WARN  container.ContainerReportHandler (AbstractContainerReportHandler.java:updateContainerState(145)) - Container #1 is in OPEN state, but the datanode 6dc62414-4100-415b-916b-e9f0081ca22e{ip: 192.168.34.14, host: pr-hdds-1643-hlxn2-3599243457, networkLocation: /default-rack, certSerialId: null} reports an CLOSED replica.
2019-10-22 02:33:09,720 [EventQueue-ContainerReportForContainerReportHandler] WARN  container.ContainerReportHandler (AbstractContainerReportHandler.java:updateContainerState(145)) - Container #1 is in OPEN state, but the datanode ddae0d8b-c866-4e5c-81a7-eef12a7bc666{ip: 192.168.34.14, host: pr-hdds-1643-hlxn2-3599243457, networkLocation: /default-rack, certSerialId: null} reports an CLOSED replica.
2019-10-22 02:33:09,921 [EventQueue-ContainerReportForContainerReportHandler] WARN  container.ContainerReportHandler (AbstractContainerReportHandler.java:updateContainerState(145)) - Container #1 is in OPEN state, but the datanode ddae0d8b-c866-4e5c-81a7-eef12a7bc666{ip: 192.168.34.14, host: pr-hdds-1643-hlxn2-3599243457, networkLocation: /default-rack, certSerialId: null} reports an CLOSED replica.
2019-10-22 02:33:10,023 [EventQueue-ContainerReportForContainerReportHandler] WARN  container.ContainerReportHandler (AbstractContainerReportHandler.java:updateContainerState(145)) - Container #1 is in OPEN state, but the datanode 6dc62414-4100-415b-916b-e9f0081ca22e{ip: 192.168.34.14, host: pr-hdds-1643-hlxn2-3599243457, networkLocation: /default-rack, certSerialId: null} reports an CLOSED replica.
2019-10-22 02:33:10,121 [EventQueue-ContainerReportForContainerReportHandler] WARN  container.ContainerReportHandler (AbstractContainerReportHandler.java:updateContainerState(145)) - Container #1 is in OPEN state, but the datanode ddae0d8b-c866-4e5c-81a7-eef12a7bc666{ip: 192.168.34.14, host: pr-hdds-1643-hlxn2-3599243457, networkLocation: /default-rack, certSerialId: null} reports an CLOSED replica.
2019-10-22 02:33:10,223 [EventQueue-ContainerReportForContainerReportHandler] WARN  container.ContainerReportHandler (AbstractContainerReportHandler.java:updateContainerState(145)) - Container #1 is in OPEN state, but the datanode 6dc62414-4100-415b-916b-e9f0081ca22e{ip: 192.168.34.14, host: pr-hdds-1643-hlxn2-3599243457, networkLocation: /default-rack, certSerialId: null} reports an CLOSED replica.
2019-10-22 02:33:10,252 [BlockDeletingService#2] WARN  background.BlockDeletingService (BlockDeletingService.java:isDeletionAllowed(187)) - Close Container log Index 6 is not replicated across allthe servers in the pipeline 82d9ec66-42fd-448b-b6da-8e192697a9cf as the min replicated index is 4. Deletion is not allowed in this container yet.
2019-10-22 02:33:10,252 [BlockDeletingService#2] WARN  background.BlockDeletingService (BlockDeletingService.java:isDeletionAllowed(187)) - Close Container log Index 6 is not replicated across allthe servers in the pipeline 82d9ec66-42fd-448b-b6da-8e192697a9cf as the min replicated index is 4. Deletion is not allowed in this container yet.
2019-10-22 02:33:10,522 [EventQueue-ContainerReportForContainerReportHandler] WARN  container.ContainerReportHandler (AbstractContainerReportHandler.java:updateContainerState(145)) - Container #1 is in OPEN state, but the datanode ddae0d8b-c866-4e5c-81a7-eef12a7bc666{ip: 192.168.34.14, host: pr-hdds-1643-hlxn2-3599243457, networkLocation: /default-rack, certSerialId: null} reports an CLOSED replica.
2019-10-22 02:33:10,524 [EventQueue-ContainerReportForContainerReportHandler] WARN  container.ContainerReportHandler (AbstractContainerReportHandler.java:updateContainerState(145)) - Container #1 is in OPEN state, but the datanode 6dc62414-4100-415b-916b-e9f0081ca22e{ip: 192.168.34.14, host: pr-hdds-1643-hlxn2-3599243457, networkLocation: /default-rack, certSerialId: null} reports an CLOSED replica.
2019-10-22 02:33:10,725 [EventQueue-ContainerReportForContainerReportHandler] WARN  container.ContainerReportHandler (AbstractContainerReportHandler.java:updateContainerState(145)) - Container #1 is in OPEN state, but the datanode ddae0d8b-c866-4e5c-81a7-eef12a7bc666{ip: 192.168.34.14, host: pr-hdds-1643-hlxn2-3599243457, networkLocation: /default-rack, certSerialId: null} reports an CLOSED replica.
2019-10-22 02:33:10,757 [Thread-467] INFO  client.GrpcClientProtocolService (GrpcClientProtocolService.java:lambda$processClientRequest$0(278)) - Failed RaftClientRequest:client-C9AE8EA1E005->6dc62414-4100-415b-916b-e9f0081ca22e@group-8E192697A9CF, cid=10, seq=0, Watch-ALL_COMMITTED(6), Message:<EMPTY>, reply=RaftClientReply:client-C9AE8EA1E005->6dc62414-4100-415b-916b-e9f0081ca22e@group-8E192697A9CF, cid=10, FAILED org.apache.ratis.protocol.NotReplicatedException: Request with call Id 10 and log index 6 is not yet replicated to ALL_COMMITTED, logIndex=6, commits[6dc62414-4100-415b-916b-e9f0081ca22e:c10, 6f2be65d-ce7d-4814-9a9f-e49d79835c35:c4, ddae0d8b-c866-4e5c-81a7-eef12a7bc666:c10]
2019-10-22 02:33:10,826 [EventQueue-ContainerReportForContainerReportHandler] WARN  container.ContainerReportHandler (AbstractContainerReportHandler.java:updateContainerState(145)) - Container #1 is in OPEN state, but the datanode 6dc62414-4100-415b-916b-e9f0081ca22e{ip: 192.168.34.14, host: pr-hdds-1643-hlxn2-3599243457, networkLocation: /default-rack, certSerialId: null} reports an CLOSED replica.
2019-10-22 02:33:11,022 [EventQueue-ContainerReportForContainerReportHandler] WARN  container.ContainerReportHandler (AbstractContainerReportHandler.java:updateContainerState(145)) - Container #1 is in OPEN state, but the datanode ddae0d8b-c866-4e5c-81a7-eef12a7bc666{ip: 192.168.34.14, host: pr-hdds-1643-hlxn2-3599243457, networkLocation: /default-rack, certSerialId: null} reports an CLOSED replica.
2019-10-22 02:33:11,025 [EventQueue-ContainerReportForContainerReportHandler] WARN  container.ContainerReportHandler (AbstractContainerReportHandler.java:updateContainerState(145)) - Container #1 is in OPEN state, but the datanode 6dc62414-4100-415b-916b-e9f0081ca22e{ip: 192.168.34.14, host: pr-hdds-1643-hlxn2-3599243457, networkLocation: /default-rack, certSerialId: null} reports an CLOSED replica.
2019-10-22 02:33:11,223 [EventQueue-ContainerReportForContainerReportHandler] WARN  container.ContainerReportHandler (AbstractContainerReportHandler.java:updateContainerState(145)) - Container #1 is in OPEN state, but the datanode ddae0d8b-c866-4e5c-81a7-eef12a7bc666{ip: 192.168.34.14, host: pr-hdds-1643-hlxn2-3599243457, networkLocation: /default-rack, certSerialId: null} reports an CLOSED replica.
2019-10-22 02:33:11,256 [BlockDeletingService#2] WARN  background.BlockDeletingService (BlockDeletingService.java:isDeletionAllowed(187)) - Close Container log Index 6 is not replicated across allthe servers in the pipeline 82d9ec66-42fd-448b-b6da-8e192697a9cf as the min replicated index is 4. Deletion is not allowed in this container yet.
2019-10-22 02:33:11,260 [BlockDeletingService#2] WARN  background.BlockDeletingService (BlockDeletingService.java:isDeletionAllowed(187)) - Close Container log Index 6 is not replicated across allthe servers in the pipeline 82d9ec66-42fd-448b-b6da-8e192697a9cf as the min replicated index is 4. Deletion is not allowed in this container yet.
2019-10-22 02:33:11,425 [EventQueue-ContainerReportForContainerReportHandler] WARN  container.ContainerReportHandler (AbstractContainerReportHandler.java:updateContainerState(145)) - Container #1 is in OPEN state, but the datanode 6dc62414-4100-415b-916b-e9f0081ca22e{ip: 192.168.34.14, host: pr-hdds-1643-hlxn2-3599243457, networkLocation: /default-rack, certSerialId: null} reports an CLOSED replica.
2019-10-22 02:33:11,623 [EventQueue-ContainerReportForContainerReportHandler] WARN  container.ContainerReportHandler (AbstractContainerReportHandler.java:updateContainerState(145)) - Container #1 is in OPEN state, but the datanode ddae0d8b-c866-4e5c-81a7-eef12a7bc666{ip: 192.168.34.14, host: pr-hdds-1643-hlxn2-3599243457, networkLocation: /default-rack, certSerialId: null} reports an CLOSED replica.
2019-10-22 02:33:11,625 [EventQueue-ContainerReportForContainerReportHandler] WARN  container.ContainerReportHandler (AbstractContainerReportHandler.java:updateContainerState(145)) - Container #1 is in OPEN state, but the datanode 6dc62414-4100-415b-916b-e9f0081ca22e{ip: 192.168.34.14, host: pr-hdds-1643-hlxn2-3599243457, networkLocation: /default-rack, certSerialId: null} reports an CLOSED replica.
2019-10-22 02:33:11,743 [java.util.concurrent.ThreadPoolExecutor$Worker@6a8733f8[State = -1, empty queue]] WARN  server.GrpcLogAppender (GrpcLogAppender.java:timeoutAppendRequest(209)) - 6dc62414-4100-415b-916b-e9f0081ca22e@group-8E192697A9CF->6f2be65d-ce7d-4814-9a9f-e49d79835c35-GrpcLogAppender: appendEntries Timeout, request=6dc62414-4100-415b-916b-e9f0081ca22e->6f2be65d-ce7d-4814-9a9f-e49d79835c35#40-t6, previous=(t:6, i:10), leaderCommit=10, initializing? false, entries: <empty>
2019-10-22 02:33:12,024 [EventQueue-ContainerReportForContainerReportHandler] WARN  container.ContainerReportHandler (AbstractContainerReportHandler.java:updateContainerState(145)) - Container #1 is in OPEN state, but the datanode ddae0d8b-c866-4e5c-81a7-eef12a7bc666{ip: 192.168.34.14, host: pr-hdds-1643-hlxn2-3599243457, networkLocation: /default-rack, certSerialId: null} reports an CLOSED replica.
2019-10-22 02:33:12,025 [EventQueue-ContainerReportForContainerReportHandler] WARN  container.ContainerReportHandler (AbstractContainerReportHandler.java:updateContainerState(145)) - Container #1 is in OPEN state, but the datanode 6dc62414-4100-415b-916b-e9f0081ca22e{ip: 192.168.34.14, host: pr-hdds-1643-hlxn2-3599243457, networkLocation: /default-rack, certSerialId: null} reports an CLOSED replica.
2019-10-22 02:33:12,264 [BlockDeletingService#2] WARN  background.BlockDeletingService (BlockDeletingService.java:isDeletionAllowed(187)) - Close Container log Index 6 is not replicated across allthe servers in the pipeline 82d9ec66-42fd-448b-b6da-8e192697a9cf as the min replicated index is 4. Deletion is not allowed in this container yet.
2019-10-22 02:33:12,264 [BlockDeletingService#2] WARN  background.BlockDeletingService (BlockDeletingService.java:isDeletionAllowed(187)) - Close Container log Index 6 is not replicated across allthe servers in the pipeline 82d9ec66-42fd-448b-b6da-8e192697a9cf as the min replicated index is 4. Deletion is not allowed in this container yet.
2019-10-22 02:33:12,324 [EventQueue-ContainerReportForContainerReportHandler] WARN  container.ContainerReportHandler (AbstractContainerReportHandler.java:updateContainerState(145)) - Container #1 is in OPEN state, but the datanode ddae0d8b-c866-4e5c-81a7-eef12a7bc666{ip: 192.168.34.14, host: pr-hdds-1643-hlxn2-3599243457, networkLocation: /default-rack, certSerialId: null} reports an CLOSED replica.
2019-10-22 02:33:12,326 [EventQueue-ContainerReportForContainerReportHandler] WARN  container.ContainerReportHandler (AbstractContainerReportHandler.java:updateContainerState(145)) - Container #1 is in OPEN state, but the datanode 6dc62414-4100-415b-916b-e9f0081ca22e{ip: 192.168.34.14, host: pr-hdds-1643-hlxn2-3599243457, networkLocation: /default-rack, certSerialId: null} reports an CLOSED replica.
2019-10-22 02:33:12,626 [EventQueue-ContainerReportForContainerReportHandler] WARN  container.ContainerReportHandler (AbstractContainerReportHandler.java:updateContainerState(145)) - Container #1 is in OPEN state, but the datanode ddae0d8b-c866-4e5c-81a7-eef12a7bc666{ip: 192.168.34.14, host: pr-hdds-1643-hlxn2-3599243457, networkLocation: /default-rack, certSerialId: null} reports an CLOSED replica.
2019-10-22 02:33:12,728 [EventQueue-ContainerReportForContainerReportHandler] WARN  container.ContainerReportHandler (AbstractContainerReportHandler.java:updateContainerState(145)) - Container #1 is in OPEN state, but the datanode 6dc62414-4100-415b-916b-e9f0081ca22e{ip: 192.168.34.14, host: pr-hdds-1643-hlxn2-3599243457, networkLocation: /default-rack, certSerialId: null} reports an CLOSED replica.
2019-10-22 02:33:12,929 [EventQueue-ContainerReportForContainerReportHandler] WARN  container.ContainerReportHandler (AbstractContainerReportHandler.java:updateContainerState(145)) - Container #1 is in OPEN state, but the datanode 6dc62414-4100-415b-916b-e9f0081ca22e{ip: 192.168.34.14, host: pr-hdds-1643-hlxn2-3599243457, networkLocation: /default-rack, certSerialId: null} reports an CLOSED replica.
2019-10-22 02:33:13,024 [EventQueue-ContainerReportForContainerReportHandler] WARN  container.ContainerReportHandler (AbstractContainerReportHandler.java:updateContainerState(145)) - Container #1 is in OPEN state, but the datanode ddae0d8b-c866-4e5c-81a7-eef12a7bc666{ip: 192.168.34.14, host: pr-hdds-1643-hlxn2-3599243457, networkLocation: /default-rack, certSerialId: null} reports an CLOSED replica.
2019-10-22 02:33:13,229 [EventQueue-ContainerReportForContainerReportHandler] WARN  container.ContainerReportHandler (AbstractContainerReportHandler.java:updateContainerState(145)) - Container #1 is in OPEN state, but the datanode 6dc62414-4100-415b-916b-e9f0081ca22e{ip: 192.168.34.14, host: pr-hdds-1643-hlxn2-3599243457, networkLocation: /default-rack, certSerialId: null} reports an CLOSED replica.
2019-10-22 02:33:13,267 [BlockDeletingService#2] WARN  background.BlockDeletingService (BlockDeletingService.java:isDeletionAllowed(187)) - Close Container log Index 6 is not replicated across allthe servers in the pipeline 82d9ec66-42fd-448b-b6da-8e192697a9cf as the min replicated index is 4. Deletion is not allowed in this container yet.
2019-10-22 02:33:13,267 [BlockDeletingService#2] WARN  background.BlockDeletingService (BlockDeletingService.java:isDeletionAllowed(187)) - Close Container log Index 6 is not replicated across allthe servers in the pipeline 82d9ec66-42fd-448b-b6da-8e192697a9cf as the min replicated index is 4. Deletion is not allowed in this container yet.
2019-10-22 02:33:13,325 [EventQueue-ContainerReportForContainerReportHandler] WARN  container.ContainerReportHandler (AbstractContainerReportHandler.java:updateContainerState(145)) - Container #1 is in OPEN state, but the datanode ddae0d8b-c866-4e5c-81a7-eef12a7bc666{ip: 192.168.34.14, host: pr-hdds-1643-hlxn2-3599243457, networkLocation: /default-rack, certSerialId: null} reports an CLOSED replica.
2019-10-22 02:33:13,429 [EventQueue-ContainerReportForContainerReportHandler] WARN  container.ContainerReportHandler (AbstractContainerReportHandler.java:updateContainerState(145)) - Container #1 is in OPEN state, but the datanode 6dc62414-4100-415b-916b-e9f0081ca22e{ip: 192.168.34.14, host: pr-hdds-1643-hlxn2-3599243457, networkLocation: /default-rack, certSerialId: null} reports an CLOSED replica.
2019-10-22 02:33:13,626 [EventQueue-ContainerReportForContainerReportHandler] WARN  container.ContainerReportHandler (AbstractContainerReportHandler.java:updateContainerState(145)) - Container #1 is in OPEN state, but the datanode ddae0d8b-c866-4e5c-81a7-eef12a7bc666{ip: 192.168.34.14, host: pr-hdds-1643-hlxn2-3599243457, networkLocation: /default-rack, certSerialId: null} reports an CLOSED replica.
2019-10-22 02:33:13,629 [EventQueue-ContainerReportForContainerReportHandler] WARN  container.ContainerReportHandler (AbstractContainerReportHandler.java:updateContainerState(145)) - Container #1 is in OPEN state, but the datanode 6dc62414-4100-415b-916b-e9f0081ca22e{ip: 192.168.34.14, host: pr-hdds-1643-hlxn2-3599243457, networkLocation: /default-rack, certSerialId: null} reports an CLOSED replica.
2019-10-22 02:33:13,829 [EventQueue-ContainerReportForContainerReportHandler] WARN  container.ContainerReportHandler (AbstractContainerReportHandler.java:updateContainerState(145)) - Container #1 is in OPEN state, but the datanode 6dc62414-4100-415b-916b-e9f0081ca22e{ip: 192.168.34.14, host: pr-hdds-1643-hlxn2-3599243457, networkLocation: /default-rack, certSerialId: null} reports an CLOSED replica.
2019-10-22 02:33:13,926 [EventQueue-ContainerReportForContainerReportHandler] WARN  container.ContainerReportHandler (AbstractContainerReportHandler.java:updateContainerState(145)) - Container #1 is in OPEN state, but the datanode ddae0d8b-c866-4e5c-81a7-eef12a7bc666{ip: 192.168.34.14, host: pr-hdds-1643-hlxn2-3599243457, networkLocation: /default-rack, certSerialId: null} reports an CLOSED replica.
2019-10-22 02:33:14,225 [EventQueue-ContainerReportForContainerReportHandler] WARN  container.ContainerReportHandler (AbstractContainerReportHandler.java:updateContainerState(145)) - Container #1 is in OPEN state, but the datanode ddae0d8b-c866-4e5c-81a7-eef12a7bc666{ip: 192.168.34.14, host: pr-hdds-1643-hlxn2-3599243457, networkLocation: /default-rack, certSerialId: null} reports an CLOSED replica.
2019-10-22 02:33:14,229 [EventQueue-ContainerReportForContainerReportHandler] WARN  container.ContainerReportHandler (AbstractContainerReportHandler.java:updateContainerState(145)) - Container #1 is in OPEN state, but the datanode 6dc62414-4100-415b-916b-e9f0081ca22e{ip: 192.168.34.14, host: pr-hdds-1643-hlxn2-3599243457, networkLocation: /default-rack, certSerialId: null} reports an CLOSED replica.
2019-10-22 02:33:14,245 [java.util.concurrent.ThreadPoolExecutor$Worker@6a8733f8[State = -1, empty queue]] WARN  server.GrpcLogAppender (GrpcLogAppender.java:timeoutAppendRequest(209)) - 6dc62414-4100-415b-916b-e9f0081ca22e@group-8E192697A9CF->6f2be65d-ce7d-4814-9a9f-e49d79835c35-GrpcLogAppender: appendEntries Timeout, request=6dc62414-4100-415b-916b-e9f0081ca22e->6f2be65d-ce7d-4814-9a9f-e49d79835c35#41-t6, previous=(t:6, i:10), leaderCommit=10, initializing? false, entries: <empty>
2019-10-22 02:33:14,268 [BlockDeletingService#2] WARN  background.BlockDeletingService (BlockDeletingService.java:isDeletionAllowed(187)) - Close Container log Index 6 is not replicated across allthe servers in the pipeline 82d9ec66-42fd-448b-b6da-8e192697a9cf as the min replicated index is 4. Deletion is not allowed in this container yet.
2019-10-22 02:33:14,268 [BlockDeletingService#2] WARN  background.BlockDeletingService (BlockDeletingService.java:isDeletionAllowed(187)) - Close Container log Index 6 is not replicated across allthe servers in the pipeline 82d9ec66-42fd-448b-b6da-8e192697a9cf as the min replicated index is 4. Deletion is not allowed in this container yet.
2019-10-22 02:33:14,429 [EventQueue-ContainerReportForContainerReportHandler] WARN  container.ContainerReportHandler (AbstractContainerReportHandler.java:updateContainerState(145)) - Container #1 is in OPEN state, but the datanode 6dc62414-4100-415b-916b-e9f0081ca22e{ip: 192.168.34.14, host: pr-hdds-1643-hlxn2-3599243457, networkLocation: /default-rack, certSerialId: null} reports an CLOSED replica.
2019-10-22 02:33:14,525 [EventQueue-ContainerReportForContainerReportHandler] WARN  container.ContainerReportHandler (AbstractContainerReportHandler.java:updateContainerState(145)) - Container #1 is in OPEN state, but the datanode ddae0d8b-c866-4e5c-81a7-eef12a7bc666{ip: 192.168.34.14, host: pr-hdds-1643-hlxn2-3599243457, networkLocation: /default-rack, certSerialId: null} reports an CLOSED replica.
2019-10-22 02:33:14,826 [EventQueue-ContainerReportForContainerReportHandler] WARN  container.ContainerReportHandler (AbstractContainerReportHandler.java:updateContainerState(145)) - Container #1 is in OPEN state, but the datanode ddae0d8b-c866-4e5c-81a7-eef12a7bc666{ip: 192.168.34.14, host: pr-hdds-1643-hlxn2-3599243457, networkLocation: /default-rack, certSerialId: null} reports an CLOSED replica.
2019-10-22 02:33:14,830 [EventQueue-ContainerReportForContainerReportHandler] WARN  container.ContainerReportHandler (AbstractContainerReportHandler.java:updateContainerState(145)) - Container #1 is in OPEN state, but the datanode 6dc62414-4100-415b-916b-e9f0081ca22e{ip: 192.168.34.14, host: pr-hdds-1643-hlxn2-3599243457, networkLocation: /default-rack, certSerialId: null} reports an CLOSED replica.
2019-10-22 02:33:15,030 [EventQueue-ContainerReportForContainerReportHandler] WARN  container.ContainerReportHandler (AbstractContainerReportHandler.java:updateContainerState(145)) - Container #1 is in OPEN state, but the datanode 6dc62414-4100-415b-916b-e9f0081ca22e{ip: 192.168.34.14, host: pr-hdds-1643-hlxn2-3599243457, networkLocation: /default-rack, certSerialId: null} reports an CLOSED replica.
2019-10-22 02:33:15,125 [EventQueue-ContainerReportForContainerReportHandler] WARN  container.ContainerReportHandler (AbstractContainerReportHandler.java:updateContainerState(145)) - Container #1 is in OPEN state, but the datanode ddae0d8b-c866-4e5c-81a7-eef12a7bc666{ip: 192.168.34.14, host: pr-hdds-1643-hlxn2-3599243457, networkLocation: /default-rack, certSerialId: null} reports an CLOSED replica.
2019-10-22 02:33:15,271 [BlockDeletingService#2] WARN  background.BlockDeletingService (BlockDeletingService.java:isDeletionAllowed(187)) - Close Container log Index 6 is not replicated across allthe servers in the pipeline 82d9ec66-42fd-448b-b6da-8e192697a9cf as the min replicated index is 4. Deletion is not allowed in this container yet.
2019-10-22 02:33:15,271 [BlockDeletingService#2] WARN  background.BlockDeletingService (BlockDeletingService.java:isDeletionAllowed(187)) - Close Container log Index 6 is not replicated across allthe servers in the pipeline 82d9ec66-42fd-448b-b6da-8e192697a9cf as the min replicated index is 4. Deletion is not allowed in this container yet.
2019-10-22 02:33:15,331 [EventQueue-ContainerReportForContainerReportHandler] WARN  container.ContainerReportHandler (AbstractContainerReportHandler.java:updateContainerState(145)) - Container #1 is in OPEN state, but the datanode 6dc62414-4100-415b-916b-e9f0081ca22e{ip: 192.168.34.14, host: pr-hdds-1643-hlxn2-3599243457, networkLocation: /default-rack, certSerialId: null} reports an CLOSED replica.
2019-10-22 02:33:15,428 [EventQueue-ContainerReportForContainerReportHandler] WARN  container.ContainerReportHandler (AbstractContainerReportHandler.java:updateContainerState(145)) - Container #1 is in OPEN state, but the datanode ddae0d8b-c866-4e5c-81a7-eef12a7bc666{ip: 192.168.34.14, host: pr-hdds-1643-hlxn2-3599243457, networkLocation: /default-rack, certSerialId: null} reports an CLOSED replica.
2019-10-22 02:33:15,726 [EventQueue-ContainerReportForContainerReportHandler] WARN  container.ContainerReportHandler (AbstractContainerReportHandler.java:updateContainerState(145)) - Container #1 is in OPEN state, but the datanode ddae0d8b-c866-4e5c-81a7-eef12a7bc666{ip: 192.168.34.14, host: pr-hdds-1643-hlxn2-3599243457, networkLocation: /default-rack, certSerialId: null} reports an CLOSED replica.
2019-10-22 02:33:15,731 [EventQueue-ContainerReportForContainerReportHandler] WARN  container.ContainerReportHandler (AbstractContainerReportHandler.java:updateContainerState(145)) - Container #1 is in OPEN state, but the datanode 6dc62414-4100-415b-916b-e9f0081ca22e{ip: 192.168.34.14, host: pr-hdds-1643-hlxn2-3599243457, networkLocation: /default-rack, certSerialId: null} reports an CLOSED replica.
2019-10-22 02:33:16,027 [EventQueue-ContainerReportForContainerReportHandler] WARN  container.ContainerReportHandler (AbstractContainerReportHandler.java:updateContainerState(145)) - Container #1 is in OPEN state, but the datanode ddae0d8b-c866-4e5c-81a7-eef12a7bc666{ip: 192.168.34.14, host: pr-hdds-1643-hlxn2-3599243457, networkLocation: /default-rack, certSerialId: null} reports an CLOSED replica.
2019-10-22 02:33:16,132 [EventQueue-ContainerReportForContainerReportHandler] WARN  container.ContainerReportHandler (AbstractContainerReportHandler.java:updateContainerState(145)) - Container #1 is in OPEN state, but the datanode 6dc62414-4100-415b-916b-e9f0081ca22e{ip: 192.168.34.14, host: pr-hdds-1643-hlxn2-3599243457, networkLocation: /default-rack, certSerialId: null} reports an CLOSED replica.
2019-10-22 02:33:16,273 [BlockDeletingService#2] WARN  background.BlockDeletingService (BlockDeletingService.java:isDeletionAllowed(187)) - Close Container log Index 6 is not replicated across allthe servers in the pipeline 82d9ec66-42fd-448b-b6da-8e192697a9cf as the min replicated index is 4. Deletion is not allowed in this container yet.
2019-10-22 02:33:16,273 [BlockDeletingService#2] WARN  background.BlockDeletingService (BlockDeletingService.java:isDeletionAllowed(187)) - Close Container log Index 6 is not replicated across allthe servers in the pipeline 82d9ec66-42fd-448b-b6da-8e192697a9cf as the min replicated index is 4. Deletion is not allowed in this container yet.
2019-10-22 02:33:16,328 [EventQueue-ContainerReportForContainerReportHandler] WARN  container.ContainerReportHandler (AbstractContainerReportHandler.java:updateContainerState(145)) - Container #1 is in OPEN state, but the datanode ddae0d8b-c866-4e5c-81a7-eef12a7bc666{ip: 192.168.34.14, host: pr-hdds-1643-hlxn2-3599243457, networkLocation: /default-rack, certSerialId: null} reports an CLOSED replica.
2019-10-22 02:33:16,332 [EventQueue-ContainerReportForContainerReportHandler] WARN  container.ContainerReportHandler (AbstractContainerReportHandler.java:updateContainerState(145)) - Container #1 is in OPEN state, but the datanode 6dc62414-4100-415b-916b-e9f0081ca22e{ip: 192.168.34.14, host: pr-hdds-1643-hlxn2-3599243457, networkLocation: /default-rack, certSerialId: null} reports an CLOSED replica.
2019-10-22 02:33:16,632 [EventQueue-ContainerReportForContainerReportHandler] WARN  container.ContainerReportHandler (AbstractContainerReportHandler.java:updateContainerState(145)) - Container #1 is in OPEN state, but the datanode 6dc62414-4100-415b-916b-e9f0081ca22e{ip: 192.168.34.14, host: pr-hdds-1643-hlxn2-3599243457, networkLocation: /default-rack, certSerialId: null} reports an CLOSED replica.
2019-10-22 02:33:16,729 [EventQueue-ContainerReportForContainerReportHandler] WARN  container.ContainerReportHandler (AbstractContainerReportHandler.java:updateContainerState(145)) - Container #1 is in OPEN state, but the datanode ddae0d8b-c866-4e5c-81a7-eef12a7bc666{ip: 192.168.34.14, host: pr-hdds-1643-hlxn2-3599243457, networkLocation: /default-rack, certSerialId: null} reports an CLOSED replica.
2019-10-22 02:33:16,748 [java.util.concurrent.ThreadPoolExecutor$Worker@6a8733f8[State = -1, empty queue]] WARN  server.GrpcLogAppender (GrpcLogAppender.java:timeoutAppendRequest(209)) - 6dc62414-4100-415b-916b-e9f0081ca22e@group-8E192697A9CF->6f2be65d-ce7d-4814-9a9f-e49d79835c35-GrpcLogAppender: appendEntries Timeout, request=6dc62414-4100-415b-916b-e9f0081ca22e->6f2be65d-ce7d-4814-9a9f-e49d79835c35#42-t6, previous=(t:6, i:10), leaderCommit=10, initializing? false, entries: <empty>
2019-10-22 02:33:16,932 [EventQueue-ContainerReportForContainerReportHandler] WARN  container.ContainerReportHandler (AbstractContainerReportHandler.java:updateContainerState(145)) - Container #1 is in OPEN state, but the datanode 6dc62414-4100-415b-916b-e9f0081ca22e{ip: 192.168.34.14, host: pr-hdds-1643-hlxn2-3599243457, networkLocation: /default-rack, certSerialId: null} reports an CLOSED replica.
2019-10-22 02:33:17,029 [EventQueue-ContainerReportForContainerReportHandler] WARN  container.ContainerReportHandler (AbstractContainerReportHandler.java:updateContainerState(145)) - Container #1 is in OPEN state, but the datanode ddae0d8b-c866-4e5c-81a7-eef12a7bc666{ip: 192.168.34.14, host: pr-hdds-1643-hlxn2-3599243457, networkLocation: /default-rack, certSerialId: null} reports an CLOSED replica.
2019-10-22 02:33:17,133 [EventQueue-ContainerReportForContainerReportHandler] WARN  container.ContainerReportHandler (AbstractContainerReportHandler.java:updateContainerState(145)) - Container #1 is in OPEN state, but the datanode 6dc62414-4100-415b-916b-e9f0081ca22e{ip: 192.168.34.14, host: pr-hdds-1643-hlxn2-3599243457, networkLocation: /default-rack, certSerialId: null} reports an CLOSED replica.
2019-10-22 02:33:17,275 [BlockDeletingService#2] WARN  background.BlockDeletingService (BlockDeletingService.java:isDeletionAllowed(187)) - Close Container log Index 6 is not replicated across allthe servers in the pipeline 82d9ec66-42fd-448b-b6da-8e192697a9cf as the min replicated index is 4. Deletion is not allowed in this container yet.
2019-10-22 02:33:17,275 [BlockDeletingService#2] WARN  background.BlockDeletingService (BlockDeletingService.java:isDeletionAllowed(187)) - Close Container log Index 6 is not replicated across allthe servers in the pipeline 82d9ec66-42fd-448b-b6da-8e192697a9cf as the min replicated index is 4. Deletion is not allowed in this container yet.
2019-10-22 02:33:17,430 [EventQueue-ContainerReportForContainerReportHandler] WARN  container.ContainerReportHandler (AbstractContainerReportHandler.java:updateContainerState(145)) - Container #1 is in OPEN state, but the datanode ddae0d8b-c866-4e5c-81a7-eef12a7bc666{ip: 192.168.34.14, host: pr-hdds-1643-hlxn2-3599243457, networkLocation: /default-rack, certSerialId: null} reports an CLOSED replica.
2019-10-22 02:33:17,432 [EventQueue-ContainerReportForContainerReportHandler] WARN  container.ContainerReportHandler (AbstractContainerReportHandler.java:updateContainerState(145)) - Container #1 is in OPEN state, but the datanode 6dc62414-4100-415b-916b-e9f0081ca22e{ip: 192.168.34.14, host: pr-hdds-1643-hlxn2-3599243457, networkLocation: /default-rack, certSerialId: null} reports an CLOSED replica.
2019-10-22 02:33:17,629 [EventQueue-ContainerReportForContainerReportHandler] WARN  container.ContainerReportHandler (AbstractContainerReportHandler.java:updateContainerState(145)) - Container #1 is in OPEN state, but the datanode ddae0d8b-c866-4e5c-81a7-eef12a7bc666{ip: 192.168.34.14, host: pr-hdds-1643-hlxn2-3599243457, networkLocation: /default-rack, certSerialId: null} reports an CLOSED replica.
2019-10-22 02:33:17,632 [EventQueue-ContainerReportForContainerReportHandler] WARN  container.ContainerReportHandler (AbstractContainerReportHandler.java:updateContainerState(145)) - Container #1 is in OPEN state, but the datanode 6dc62414-4100-415b-916b-e9f0081ca22e{ip: 192.168.34.14, host: pr-hdds-1643-hlxn2-3599243457, networkLocation: /default-rack, certSerialId: null} reports an CLOSED replica.
2019-10-22 02:33:17,830 [EventQueue-ContainerReportForContainerReportHandler] WARN  container.ContainerReportHandler (AbstractContainerReportHandler.java:updateContainerState(145)) - Container #1 is in OPEN state, but the datanode ddae0d8b-c866-4e5c-81a7-eef12a7bc666{ip: 192.168.34.14, host: pr-hdds-1643-hlxn2-3599243457, networkLocation: /default-rack, certSerialId: null} reports an CLOSED replica.
2019-10-22 02:33:17,932 [EventQueue-ContainerReportForContainerReportHandler] WARN  container.ContainerReportHandler (AbstractContainerReportHandler.java:updateContainerState(145)) - Container #1 is in OPEN state, but the datanode 6dc62414-4100-415b-916b-e9f0081ca22e{ip: 192.168.34.14, host: pr-hdds-1643-hlxn2-3599243457, networkLocation: /default-rack, certSerialId: null} reports an CLOSED replica.
2019-10-22 02:33:18,233 [EventQueue-ContainerReportForContainerReportHandler] WARN  container.ContainerReportHandler (AbstractContainerReportHandler.java:updateContainerState(145)) - Container #1 is in OPEN state, but the datanode ddae0d8b-c866-4e5c-81a7-eef12a7bc666{ip: 192.168.34.14, host: pr-hdds-1643-hlxn2-3599243457, networkLocation: /default-rack, certSerialId: null} reports an CLOSED replica.
2019-10-22 02:33:18,234 [EventQueue-ContainerReportForContainerReportHandler] WARN  container.ContainerReportHandler (AbstractContainerReportHandler.java:updateContainerState(145)) - Container #1 is in OPEN state, but the datanode 6dc62414-4100-415b-916b-e9f0081ca22e{ip: 192.168.34.14, host: pr-hdds-1643-hlxn2-3599243457, networkLocation: /default-rack, certSerialId: null} reports an CLOSED replica.
2019-10-22 02:33:18,278 [BlockDeletingService#2] WARN  background.BlockDeletingService (BlockDeletingService.java:isDeletionAllowed(187)) - Close Container log Index 6 is not replicated across allthe servers in the pipeline 82d9ec66-42fd-448b-b6da-8e192697a9cf as the min replicated index is 4. Deletion is not allowed in this container yet.
2019-10-22 02:33:18,278 [BlockDeletingService#2] WARN  background.BlockDeletingService (BlockDeletingService.java:isDeletionAllowed(187)) - Close Container log Index 6 is not replicated across allthe servers in the pipeline 82d9ec66-42fd-448b-b6da-8e192697a9cf as the min replicated index is 4. Deletion is not allowed in this container yet.
2019-10-22 02:33:18,433 [EventQueue-ContainerReportForContainerReportHandler] WARN  container.ContainerReportHandler (AbstractContainerReportHandler.java:updateContainerState(145)) - Container #1 is in OPEN state, but the datanode 6dc62414-4100-415b-916b-e9f0081ca22e{ip: 192.168.34.14, host: pr-hdds-1643-hlxn2-3599243457, networkLocation: /default-rack, certSerialId: null} reports an CLOSED replica.
2019-10-22 02:33:18,531 [EventQueue-ContainerReportForContainerReportHandler] WARN  container.ContainerReportHandler (AbstractContainerReportHandler.java:updateContainerState(145)) - Container #1 is in OPEN state, but the datanode ddae0d8b-c866-4e5c-81a7-eef12a7bc666{ip: 192.168.34.14, host: pr-hdds-1643-hlxn2-3599243457, networkLocation: /default-rack, certSerialId: null} reports an CLOSED replica.
2019-10-22 02:33:18,735 [EventQueue-ContainerReportForContainerReportHandler] WARN  container.ContainerReportHandler (AbstractContainerReportHandler.java:updateContainerState(145)) - Container #1 is in OPEN state, but the datanode 6dc62414-4100-415b-916b-e9f0081ca22e{ip: 192.168.34.14, host: pr-hdds-1643-hlxn2-3599243457, networkLocation: /default-rack, certSerialId: null} reports an CLOSED replica.
2019-10-22 02:33:18,832 [EventQueue-ContainerReportForContainerReportHandler] WARN  container.ContainerReportHandler (AbstractContainerReportHandler.java:updateContainerState(145)) - Container #1 is in OPEN state, but the datanode ddae0d8b-c866-4e5c-81a7-eef12a7bc666{ip: 192.168.34.14, host: pr-hdds-1643-hlxn2-3599243457, networkLocation: /default-rack, certSerialId: null} reports an CLOSED replica.
2019-10-22 02:33:18,936 [EventQueue-ContainerReportForContainerReportHandler] WARN  container.ContainerReportHandler (AbstractContainerReportHandler.java:updateContainerState(145)) - Container #1 is in OPEN state, but the datanode 6dc62414-4100-415b-916b-e9f0081ca22e{ip: 192.168.34.14, host: pr-hdds-1643-hlxn2-3599243457, networkLocation: /default-rack, certSerialId: null} reports an CLOSED replica.
2019-10-22 02:33:19,035 [EventQueue-ContainerReportForContainerReportHandler] WARN  container.ContainerReportHandler (AbstractContainerReportHandler.java:updateContainerState(145)) - Container #1 is in OPEN state, but the datanode ddae0d8b-c866-4e5c-81a7-eef12a7bc666{ip: 192.168.34.14, host: pr-hdds-1643-hlxn2-3599243457, networkLocation: /default-rack, certSerialId: null} reports an CLOSED replica.
2019-10-22 02:33:19,236 [EventQueue-ContainerReportForContainerReportHandler] WARN  container.ContainerReportHandler (AbstractContainerReportHandler.java:updateContainerState(145)) - Container #1 is in OPEN state, but the datanode 6dc62414-4100-415b-916b-e9f0081ca22e{ip: 192.168.34.14, host: pr-hdds-1643-hlxn2-3599243457, networkLocation: /default-rack, certSerialId: null} reports an CLOSED replica.
2019-10-22 02:33:19,250 [java.util.concurrent.ThreadPoolExecutor$Worker@6a8733f8[State = -1, empty queue]] WARN  server.GrpcLogAppender (GrpcLogAppender.java:timeoutAppendRequest(209)) - 6dc62414-4100-415b-916b-e9f0081ca22e@group-8E192697A9CF->6f2be65d-ce7d-4814-9a9f-e49d79835c35-GrpcLogAppender: appendEntries Timeout, request=6dc62414-4100-415b-916b-e9f0081ca22e->6f2be65d-ce7d-4814-9a9f-e49d79835c35#43-t6, previous=(t:6, i:10), leaderCommit=10, initializing? false, entries: <empty>
2019-10-22 02:33:19,279 [BlockDeletingService#2] WARN  background.BlockDeletingService (BlockDeletingService.java:isDeletionAllowed(187)) - Close Container log Index 6 is not replicated across allthe servers in the pipeline 82d9ec66-42fd-448b-b6da-8e192697a9cf as the min replicated index is 4. Deletion is not allowed in this container yet.
2019-10-22 02:33:19,280 [BlockDeletingService#2] WARN  background.BlockDeletingService (BlockDeletingService.java:isDeletionAllowed(187)) - Close Container log Index 6 is not replicated across allthe servers in the pipeline 82d9ec66-42fd-448b-b6da-8e192697a9cf as the min replicated index is 4. Deletion is not allowed in this container yet.
2019-10-22 02:33:19,424 [Thread-494] INFO  client.GrpcClientProtocolService (GrpcClientProtocolService.java:lambda$processClientRequest$0(278)) - Failed RaftClientRequest:client-C9AE8EA1E005->ddae0d8b-c866-4e5c-81a7-eef12a7bc666@group-8E192697A9CF, cid=10, seq=0, Watch-ALL_COMMITTED(6), Message:<EMPTY>, reply=RaftClientReply:client-C9AE8EA1E005->ddae0d8b-c866-4e5c-81a7-eef12a7bc666@group-8E192697A9CF, cid=10, FAILED org.apache.ratis.protocol.NotLeaderException: Server ddae0d8b-c866-4e5c-81a7-eef12a7bc666@group-8E192697A9CF is not the leader 6dc62414-4100-415b-916b-e9f0081ca22e:192.168.34.14:40542, logIndex=0, commits[ddae0d8b-c866-4e5c-81a7-eef12a7bc666:c10, 6dc62414-4100-415b-916b-e9f0081ca22e:c10, 6f2be65d-ce7d-4814-9a9f-e49d79835c35:c4]
2019-10-22 02:33:19,437 [EventQueue-ContainerReportForContainerReportHandler] WARN  container.ContainerReportHandler (AbstractContainerReportHandler.java:updateContainerState(145)) - Container #1 is in OPEN state, but the datanode ddae0d8b-c866-4e5c-81a7-eef12a7bc666{ip: 192.168.34.14, host: pr-hdds-1643-hlxn2-3599243457, networkLocation: /default-rack, certSerialId: null} reports an CLOSED replica.
2019-10-22 02:33:19,637 [EventQueue-ContainerReportForContainerReportHandler] WARN  container.ContainerReportHandler (AbstractContainerReportHandler.java:updateContainerState(145)) - Container #1 is in OPEN state, but the datanode 6dc62414-4100-415b-916b-e9f0081ca22e{ip: 192.168.34.14, host: pr-hdds-1643-hlxn2-3599243457, networkLocation: /default-rack, certSerialId: null} reports an CLOSED replica.
2019-10-22 02:33:19,755 [Thread-497] INFO  client.GrpcClientProtocolService (GrpcClientProtocolService.java:lambda$processClientRequest$0(278)) - Failed RaftClientRequest:client-C9AE8EA1E005->6dc62414-4100-415b-916b-e9f0081ca22e@group-8E192697A9CF, cid=10, seq=0, Watch-ALL_COMMITTED(6), Message:<EMPTY>, reply=RaftClientReply:client-C9AE8EA1E005->6dc62414-4100-415b-916b-e9f0081ca22e@group-8E192697A9CF, cid=10, FAILED org.apache.ratis.protocol.NotReplicatedException: Request with call Id 10 and log index 6 is not yet replicated to ALL_COMMITTED, logIndex=6, commits[6dc62414-4100-415b-916b-e9f0081ca22e:c10, 6f2be65d-ce7d-4814-9a9f-e49d79835c35:c4, ddae0d8b-c866-4e5c-81a7-eef12a7bc666:c10]
2019-10-22 02:33:19,837 [EventQueue-ContainerReportForContainerReportHandler] WARN  container.ContainerReportHandler (AbstractContainerReportHandler.java:updateContainerState(145)) - Container #1 is in OPEN state, but the datanode ddae0d8b-c866-4e5c-81a7-eef12a7bc666{ip: 192.168.34.14, host: pr-hdds-1643-hlxn2-3599243457, networkLocation: /default-rack, certSerialId: null} reports an CLOSED replica.
2019-10-22 02:33:20,038 [EventQueue-ContainerReportForContainerReportHandler] WARN  container.ContainerReportHandler (AbstractContainerReportHandler.java:updateContainerState(145)) - Container #1 is in OPEN state, but the datanode ddae0d8b-c866-4e5c-81a7-eef12a7bc666{ip: 192.168.34.14, host: pr-hdds-1643-hlxn2-3599243457, networkLocation: /default-rack, certSerialId: null} reports an CLOSED replica.
2019-10-22 02:33:20,038 [EventQueue-ContainerReportForContainerReportHandler] WARN  container.ContainerReportHandler (AbstractContainerReportHandler.java:updateContainerState(145)) - Container #1 is in OPEN state, but the datanode 6dc62414-4100-415b-916b-e9f0081ca22e{ip: 192.168.34.14, host: pr-hdds-1643-hlxn2-3599243457, networkLocation: /default-rack, certSerialId: null} reports an CLOSED replica.
2019-10-22 02:33:20,238 [EventQueue-ContainerReportForContainerReportHandler] WARN  container.ContainerReportHandler (AbstractContainerReportHandler.java:updateContainerState(145)) - Container #1 is in OPEN state, but the datanode 6dc62414-4100-415b-916b-e9f0081ca22e{ip: 192.168.34.14, host: pr-hdds-1643-hlxn2-3599243457, networkLocation: /default-rack, certSerialId: null} reports an CLOSED replica.
2019-10-22 02:33:20,281 [BlockDeletingService#2] WARN  background.BlockDeletingService (BlockDeletingService.java:isDeletionAllowed(187)) - Close Container log Index 6 is not replicated across allthe servers in the pipeline 82d9ec66-42fd-448b-b6da-8e192697a9cf as the min replicated index is 4. Deletion is not allowed in this container yet.
2019-10-22 02:33:20,281 [BlockDeletingService#2] WARN  background.BlockDeletingService (BlockDeletingService.java:isDeletionAllowed(187)) - Close Container log Index 6 is not replicated across allthe servers in the pipeline 82d9ec66-42fd-448b-b6da-8e192697a9cf as the min replicated index is 4. Deletion is not allowed in this container yet.
2019-10-22 02:33:20,525 [EventQueue-ContainerReportForContainerReportHandler] WARN  container.ContainerReportHandler (AbstractContainerReportHandler.java:updateContainerState(145)) - Container #1 is in OPEN state, but the datanode ddae0d8b-c866-4e5c-81a7-eef12a7bc666{ip: 192.168.34.14, host: pr-hdds-1643-hlxn2-3599243457, networkLocation: /default-rack, certSerialId: null} reports an CLOSED replica.
2019-10-22 02:33:20,626 [EventQueue-ContainerReportForContainerReportHandler] WARN  container.ContainerReportHandler (AbstractContainerReportHandler.java:updateContainerState(145)) - Container #1 is in OPEN state, but the datanode 6dc62414-4100-415b-916b-e9f0081ca22e{ip: 192.168.34.14, host: pr-hdds-1643-hlxn2-3599243457, networkLocation: /default-rack, certSerialId: null} reports an CLOSED replica.
2019-10-22 02:33:20,726 [EventQueue-ContainerReportForContainerReportHandler] WARN  container.ContainerReportHandler (AbstractContainerReportHandler.java:updateContainerState(145)) - Container #1 is in OPEN state, but the datanode ddae0d8b-c866-4e5c-81a7-eef12a7bc666{ip: 192.168.34.14, host: pr-hdds-1643-hlxn2-3599243457, networkLocation: /default-rack, certSerialId: null} reports an CLOSED replica.
2019-10-22 02:33:20,826 [EventQueue-ContainerReportForContainerReportHandler] WARN  container.ContainerReportHandler (AbstractContainerReportHandler.java:updateContainerState(145)) - Container #1 is in OPEN state, but the datanode 6dc62414-4100-415b-916b-e9f0081ca22e{ip: 192.168.34.14, host: pr-hdds-1643-hlxn2-3599243457, networkLocation: /default-rack, certSerialId: null} reports an CLOSED replica.
2019-10-22 02:33:20,926 [EventQueue-ContainerReportForContainerReportHandler] WARN  container.ContainerReportHandler (AbstractContainerReportHandler.java:updateContainerState(145)) - Container #1 is in OPEN state, but the datanode ddae0d8b-c866-4e5c-81a7-eef12a7bc666{ip: 192.168.34.14, host: pr-hdds-1643-hlxn2-3599243457, networkLocation: /default-rack, certSerialId: null} reports an CLOSED replica.
2019-10-22 02:33:21,228 [EventQueue-ContainerReportForContainerReportHandler] WARN  container.ContainerReportHandler (AbstractContainerReportHandler.java:updateContainerState(145)) - Container #1 is in OPEN state, but the datanode 6dc62414-4100-415b-916b-e9f0081ca22e{ip: 192.168.34.14, host: pr-hdds-1643-hlxn2-3599243457, networkLocation: /default-rack, certSerialId: null} reports an CLOSED replica.
2019-10-22 02:33:21,326 [EventQueue-ContainerReportForContainerReportHandler] WARN  container.ContainerReportHandler (AbstractContainerReportHandler.java:updateContainerState(145)) - Container #1 is in OPEN state, but the datanode ddae0d8b-c866-4e5c-81a7-eef12a7bc666{ip: 192.168.34.14, host: pr-hdds-1643-hlxn2-3599243457, networkLocation: /default-rack, certSerialId: null} reports an CLOSED replica.
2019-10-22 02:33:21,429 [BlockDeletingService#2] WARN  background.BlockDeletingService (BlockDeletingService.java:isDeletionAllowed(187)) - Close Container log Index 6 is not replicated across allthe servers in the pipeline 82d9ec66-42fd-448b-b6da-8e192697a9cf as the min replicated index is 4. Deletion is not allowed in this container yet.
2019-10-22 02:33:21,429 [BlockDeletingService#2] WARN  background.BlockDeletingService (BlockDeletingService.java:isDeletionAllowed(187)) - Close Container log Index 6 is not replicated across allthe servers in the pipeline 82d9ec66-42fd-448b-b6da-8e192697a9cf as the min replicated index is 4. Deletion is not allowed in this container yet.
2019-10-22 02:33:21,527 [EventQueue-ContainerReportForContainerReportHandler] WARN  container.ContainerReportHandler (AbstractContainerReportHandler.java:updateContainerState(145)) - Container #1 is in OPEN state, but the datanode ddae0d8b-c866-4e5c-81a7-eef12a7bc666{ip: 192.168.34.14, host: pr-hdds-1643-hlxn2-3599243457, networkLocation: /default-rack, certSerialId: null} reports an CLOSED replica.
2019-10-22 02:33:21,528 [EventQueue-ContainerReportForContainerReportHandler] WARN  container.ContainerReportHandler (AbstractContainerReportHandler.java:updateContainerState(145)) - Container #1 is in OPEN state, but the datanode 6dc62414-4100-415b-916b-e9f0081ca22e{ip: 192.168.34.14, host: pr-hdds-1643-hlxn2-3599243457, networkLocation: /default-rack, certSerialId: null} reports an CLOSED replica.
2019-10-22 02:33:21,753 [java.util.concurrent.ThreadPoolExecutor$Worker@6a8733f8[State = -1, empty queue]] WARN  server.GrpcLogAppender (GrpcLogAppender.java:timeoutAppendRequest(209)) - 6dc62414-4100-415b-916b-e9f0081ca22e@group-8E192697A9CF->6f2be65d-ce7d-4814-9a9f-e49d79835c35-GrpcLogAppender: appendEntries Timeout, request=6dc62414-4100-415b-916b-e9f0081ca22e->6f2be65d-ce7d-4814-9a9f-e49d79835c35#44-t6, previous=(t:6, i:10), leaderCommit=10, initializing? false, entries: <empty>
2019-10-22 02:33:21,828 [EventQueue-ContainerReportForContainerReportHandler] WARN  container.ContainerReportHandler (AbstractContainerReportHandler.java:updateContainerState(145)) - Container #1 is in OPEN state, but the datanode ddae0d8b-c866-4e5c-81a7-eef12a7bc666{ip: 192.168.34.14, host: pr-hdds-1643-hlxn2-3599243457, networkLocation: /default-rack, certSerialId: null} reports an CLOSED replica.
2019-10-22 02:33:21,928 [EventQueue-ContainerReportForContainerReportHandler] WARN  container.ContainerReportHandler (AbstractContainerReportHandler.java:updateContainerState(145)) - Container #1 is in OPEN state, but the datanode 6dc62414-4100-415b-916b-e9f0081ca22e{ip: 192.168.34.14, host: pr-hdds-1643-hlxn2-3599243457, networkLocation: /default-rack, certSerialId: null} reports an CLOSED replica.
2019-10-22 02:33:22,028 [EventQueue-ContainerReportForContainerReportHandler] WARN  container.ContainerReportHandler (AbstractContainerReportHandler.java:updateContainerState(145)) - Container #1 is in OPEN state, but the datanode ddae0d8b-c866-4e5c-81a7-eef12a7bc666{ip: 192.168.34.14, host: pr-hdds-1643-hlxn2-3599243457, networkLocation: /default-rack, certSerialId: null} reports an CLOSED replica.
2019-10-22 02:33:22,128 [EventQueue-ContainerReportForContainerReportHandler] WARN  container.ContainerReportHandler (AbstractContainerReportHandler.java:updateContainerState(145)) - Container #1 is in OPEN state, but the datanode 6dc62414-4100-415b-916b-e9f0081ca22e{ip: 192.168.34.14, host: pr-hdds-1643-hlxn2-3599243457, networkLocation: /default-rack, certSerialId: null} reports an CLOSED replica.
2019-10-22 02:33:22,329 [EventQueue-ContainerReportForContainerReportHandler] WARN  container.ContainerReportHandler (AbstractContainerReportHandler.java:updateContainerState(145)) - Container #1 is in OPEN state, but the datanode ddae0d8b-c866-4e5c-81a7-eef12a7bc666{ip: 192.168.34.14, host: pr-hdds-1643-hlxn2-3599243457, networkLocation: /default-rack, certSerialId: null} reports an CLOSED replica.
2019-10-22 02:33:22,431 [BlockDeletingService#2] WARN  background.BlockDeletingService (BlockDeletingService.java:isDeletionAllowed(187)) - Close Container log Index 6 is not replicated across allthe servers in the pipeline 82d9ec66-42fd-448b-b6da-8e192697a9cf as the min replicated index is 4. Deletion is not allowed in this container yet.
2019-10-22 02:33:22,431 [BlockDeletingService#2] WARN  background.BlockDeletingService (BlockDeletingService.java:isDeletionAllowed(187)) - Close Container log Index 6 is not replicated across allthe servers in the pipeline 82d9ec66-42fd-448b-b6da-8e192697a9cf as the min replicated index is 4. Deletion is not allowed in this container yet.
2019-10-22 02:33:22,529 [EventQueue-ContainerReportForContainerReportHandler] WARN  container.ContainerReportHandler (AbstractContainerReportHandler.java:updateContainerState(145)) - Container #1 is in OPEN state, but the datanode 6dc62414-4100-415b-916b-e9f0081ca22e{ip: 192.168.34.14, host: pr-hdds-1643-hlxn2-3599243457, networkLocation: /default-rack, certSerialId: null} reports an CLOSED replica.
2019-10-22 02:33:22,629 [EventQueue-ContainerReportForContainerReportHandler] WARN  container.ContainerReportHandler (AbstractContainerReportHandler.java:updateContainerState(145)) - Container #1 is in OPEN state, but the datanode ddae0d8b-c866-4e5c-81a7-eef12a7bc666{ip: 192.168.34.14, host: pr-hdds-1643-hlxn2-3599243457, networkLocation: /default-rack, certSerialId: null} reports an CLOSED replica.
2019-10-22 02:33:22,728 [EventQueue-ContainerReportForContainerReportHandler] WARN  container.ContainerReportHandler (AbstractContainerReportHandler.java:updateContainerState(145)) - Container #1 is in OPEN state, but the datanode 6dc62414-4100-415b-916b-e9f0081ca22e{ip: 192.168.34.14, host: pr-hdds-1643-hlxn2-3599243457, networkLocation: /default-rack, certSerialId: null} reports an CLOSED replica.
2019-10-22 02:33:22,928 [EventQueue-ContainerReportForContainerReportHandler] WARN  container.ContainerReportHandler (AbstractContainerReportHandler.java:updateContainerState(145)) - Container #1 is in OPEN state, but the datanode ddae0d8b-c866-4e5c-81a7-eef12a7bc666{ip: 192.168.34.14, host: pr-hdds-1643-hlxn2-3599243457, networkLocation: /default-rack, certSerialId: null} reports an CLOSED replica.
2019-10-22 02:33:23,129 [EventQueue-ContainerReportForContainerReportHandler] WARN  container.ContainerReportHandler (AbstractContainerReportHandler.java:updateContainerState(145)) - Container #1 is in OPEN state, but the datanode 6dc62414-4100-415b-916b-e9f0081ca22e{ip: 192.168.34.14, host: pr-hdds-1643-hlxn2-3599243457, networkLocation: /default-rack, certSerialId: null} reports an CLOSED replica.
2019-10-22 02:33:23,229 [EventQueue-ContainerReportForContainerReportHandler] WARN  container.ContainerReportHandler (AbstractContainerReportHandler.java:updateContainerState(145)) - Container #1 is in OPEN state, but the datanode ddae0d8b-c866-4e5c-81a7-eef12a7bc666{ip: 192.168.34.14, host: pr-hdds-1643-hlxn2-3599243457, networkLocation: /default-rack, certSerialId: null} reports an CLOSED replica.
2019-10-22 02:33:23,430 [EventQueue-ContainerReportForContainerReportHandler] WARN  container.ContainerReportHandler (AbstractContainerReportHandler.java:updateContainerState(145)) - Container #1 is in OPEN state, but the datanode 6dc62414-4100-415b-916b-e9f0081ca22e{ip: 192.168.34.14, host: pr-hdds-1643-hlxn2-3599243457, networkLocation: /default-rack, certSerialId: null} reports an CLOSED replica.
2019-10-22 02:33:23,434 [BlockDeletingService#2] WARN  background.BlockDeletingService (BlockDeletingService.java:isDeletionAllowed(187)) - Close Container log Index 6 is not replicated across allthe servers in the pipeline 82d9ec66-42fd-448b-b6da-8e192697a9cf as the min replicated index is 4. Deletion is not allowed in this container yet.
2019-10-22 02:33:23,434 [BlockDeletingService#2] WARN  background.BlockDeletingService (BlockDeletingService.java:isDeletionAllowed(187)) - Close Container log Index 6 is not replicated across allthe servers in the pipeline 82d9ec66-42fd-448b-b6da-8e192697a9cf as the min replicated index is 4. Deletion is not allowed in this container yet.
2019-10-22 02:33:23,632 [EventQueue-ContainerReportForContainerReportHandler] WARN  container.ContainerReportHandler (AbstractContainerReportHandler.java:updateContainerState(145)) - Container #1 is in OPEN state, but the datanode ddae0d8b-c866-4e5c-81a7-eef12a7bc666{ip: 192.168.34.14, host: pr-hdds-1643-hlxn2-3599243457, networkLocation: /default-rack, certSerialId: null} reports an CLOSED replica.
2019-10-22 02:33:23,633 [EventQueue-ContainerReportForContainerReportHandler] WARN  container.ContainerReportHandler (AbstractContainerReportHandler.java:updateContainerState(145)) - Container #1 is in OPEN state, but the datanode 6dc62414-4100-415b-916b-e9f0081ca22e{ip: 192.168.34.14, host: pr-hdds-1643-hlxn2-3599243457, networkLocation: /default-rack, certSerialId: null} reports an CLOSED replica.
2019-10-22 02:33:23,830 [EventQueue-ContainerReportForContainerReportHandler] WARN  container.ContainerReportHandler (AbstractContainerReportHandler.java:updateContainerState(145)) - Container #1 is in OPEN state, but the datanode ddae0d8b-c866-4e5c-81a7-eef12a7bc666{ip: 192.168.34.14, host: pr-hdds-1643-hlxn2-3599243457, networkLocation: /default-rack, certSerialId: null} reports an CLOSED replica.
2019-10-22 02:33:23,930 [EventQueue-ContainerReportForContainerReportHandler] WARN  container.ContainerReportHandler (AbstractContainerReportHandler.java:updateContainerState(145)) - Container #1 is in OPEN state, but the datanode 6dc62414-4100-415b-916b-e9f0081ca22e{ip: 192.168.34.14, host: pr-hdds-1643-hlxn2-3599243457, networkLocation: /default-rack, certSerialId: null} reports an CLOSED replica.
2019-10-22 02:33:24,131 [EventQueue-ContainerReportForContainerReportHandler] WARN  container.ContainerReportHandler (AbstractContainerReportHandler.java:updateContainerState(145)) - Container #1 is in OPEN state, but the datanode 6dc62414-4100-415b-916b-e9f0081ca22e{ip: 192.168.34.14, host: pr-hdds-1643-hlxn2-3599243457, networkLocation: /default-rack, certSerialId: null} reports an CLOSED replica.
2019-10-22 02:33:24,230 [EventQueue-ContainerReportForContainerReportHandler] WARN  container.ContainerReportHandler (AbstractContainerReportHandler.java:updateContainerState(145)) - Container #1 is in OPEN state, but the datanode ddae0d8b-c866-4e5c-81a7-eef12a7bc666{ip: 192.168.34.14, host: pr-hdds-1643-hlxn2-3599243457, networkLocation: /default-rack, certSerialId: null} reports an CLOSED replica.
2019-10-22 02:33:24,255 [java.util.concurrent.ThreadPoolExecutor$Worker@6a8733f8[State = -1, empty queue]] WARN  server.GrpcLogAppender (GrpcLogAppender.java:timeoutAppendRequest(209)) - 6dc62414-4100-415b-916b-e9f0081ca22e@group-8E192697A9CF->6f2be65d-ce7d-4814-9a9f-e49d79835c35-GrpcLogAppender: appendEntries Timeout, request=6dc62414-4100-415b-916b-e9f0081ca22e->6f2be65d-ce7d-4814-9a9f-e49d79835c35#45-t6, previous=(t:6, i:10), leaderCommit=10, initializing? false, entries: <empty>
2019-10-22 02:33:24,431 [EventQueue-ContainerReportForContainerReportHandler] WARN  container.ContainerReportHandler (AbstractContainerReportHandler.java:updateContainerState(145)) - Container #1 is in OPEN state, but the datanode 6dc62414-4100-415b-916b-e9f0081ca22e{ip: 192.168.34.14, host: pr-hdds-1643-hlxn2-3599243457, networkLocation: /default-rack, certSerialId: null} reports an CLOSED replica.
2019-10-22 02:33:24,436 [BlockDeletingService#2] WARN  background.BlockDeletingService (BlockDeletingService.java:isDeletionAllowed(187)) - Close Container log Index 6 is not replicated across allthe servers in the pipeline 82d9ec66-42fd-448b-b6da-8e192697a9cf as the min replicated index is 4. Deletion is not allowed in this container yet.
2019-10-22 02:33:24,436 [BlockDeletingService#2] WARN  background.BlockDeletingService (BlockDeletingService.java:isDeletionAllowed(187)) - Close Container log Index 6 is not replicated across allthe servers in the pipeline 82d9ec66-42fd-448b-b6da-8e192697a9cf as the min replicated index is 4. Deletion is not allowed in this container yet.
2019-10-22 02:33:24,630 [EventQueue-ContainerReportForContainerReportHandler] WARN  container.ContainerReportHandler (AbstractContainerReportHandler.java:updateContainerState(145)) - Container #1 is in OPEN state, but the datanode ddae0d8b-c866-4e5c-81a7-eef12a7bc666{ip: 192.168.34.14, host: pr-hdds-1643-hlxn2-3599243457, networkLocation: /default-rack, certSerialId: null} reports an CLOSED replica.
2019-10-22 02:33:24,830 [EventQueue-ContainerReportForContainerReportHandler] WARN  container.ContainerReportHandler (AbstractContainerReportHandler.java:updateContainerState(145)) - Container #1 is in OPEN state, but the datanode ddae0d8b-c866-4e5c-81a7-eef12a7bc666{ip: 192.168.34.14, host: pr-hdds-1643-hlxn2-3599243457, networkLocation: /default-rack, certSerialId: null} reports an CLOSED replica.
2019-10-22 02:33:24,831 [EventQueue-ContainerReportForContainerReportHandler] WARN  container.ContainerReportHandler (AbstractContainerReportHandler.java:updateContainerState(145)) - Container #1 is in OPEN state, but the datanode 6dc62414-4100-415b-916b-e9f0081ca22e{ip: 192.168.34.14, host: pr-hdds-1643-hlxn2-3599243457, networkLocation: /default-rack, certSerialId: null} reports an CLOSED replica.
2019-10-22 02:33:25,130 [EventQueue-ContainerReportForContainerReportHandler] WARN  container.ContainerReportHandler (AbstractContainerReportHandler.java:updateContainerState(145)) - Container #1 is in OPEN state, but the datanode 6dc62414-4100-415b-916b-e9f0081ca22e{ip: 192.168.34.14, host: pr-hdds-1643-hlxn2-3599243457, networkLocation: /default-rack, certSerialId: null} reports an CLOSED replica.
2019-10-22 02:33:25,230 [EventQueue-ContainerReportForContainerReportHandler] WARN  container.ContainerReportHandler (AbstractContainerReportHandler.java:updateContainerState(145)) - Container #1 is in OPEN state, but the datanode ddae0d8b-c866-4e5c-81a7-eef12a7bc666{ip: 192.168.34.14, host: pr-hdds-1643-hlxn2-3599243457, networkLocation: /default-rack, certSerialId: null} reports an CLOSED replica.
2019-10-22 02:33:25,430 [EventQueue-ContainerReportForContainerReportHandler] WARN  container.ContainerReportHandler (AbstractContainerReportHandler.java:updateContainerState(145)) - Container #1 is in OPEN state, but the datanode ddae0d8b-c866-4e5c-81a7-eef12a7bc666{ip: 192.168.34.14, host: pr-hdds-1643-hlxn2-3599243457, networkLocation: /default-rack, certSerialId: null} reports an CLOSED replica.
2019-10-22 02:33:25,430 [EventQueue-ContainerReportForContainerReportHandler] WARN  container.ContainerReportHandler (AbstractContainerReportHandler.java:updateContainerState(145)) - Container #1 is in OPEN state, but the datanode 6dc62414-4100-415b-916b-e9f0081ca22e{ip: 192.168.34.14, host: pr-hdds-1643-hlxn2-3599243457, networkLocation: /default-rack, certSerialId: null} reports an CLOSED replica.
2019-10-22 02:33:25,438 [BlockDeletingService#2] WARN  background.BlockDeletingService (BlockDeletingService.java:isDeletionAllowed(187)) - Close Container log Index 6 is not replicated across allthe servers in the pipeline 82d9ec66-42fd-448b-b6da-8e192697a9cf as the min replicated index is 4. Deletion is not allowed in this container yet.
2019-10-22 02:33:25,438 [BlockDeletingService#2] WARN  background.BlockDeletingService (BlockDeletingService.java:isDeletionAllowed(187)) - Close Container log Index 6 is not replicated across allthe servers in the pipeline 82d9ec66-42fd-448b-b6da-8e192697a9cf as the min replicated index is 4. Deletion is not allowed in this container yet.
2019-10-22 02:33:25,730 [EventQueue-ContainerReportForContainerReportHandler] WARN  container.ContainerReportHandler (AbstractContainerReportHandler.java:updateContainerState(145)) - Container #1 is in OPEN state, but the datanode ddae0d8b-c866-4e5c-81a7-eef12a7bc666{ip: 192.168.34.14, host: pr-hdds-1643-hlxn2-3599243457, networkLocation: /default-rack, certSerialId: null} reports an CLOSED replica.
2019-10-22 02:33:25,831 [EventQueue-ContainerReportForContainerReportHandler] WARN  container.ContainerReportHandler (AbstractContainerReportHandler.java:updateContainerState(145)) - Container #1 is in OPEN state, but the datanode 6dc62414-4100-415b-916b-e9f0081ca22e{ip: 192.168.34.14, host: pr-hdds-1643-hlxn2-3599243457, networkLocation: /default-rack, certSerialId: null} reports an CLOSED replica.
2019-10-22 02:33:25,930 [EventQueue-ContainerReportForContainerReportHandler] WARN  container.ContainerReportHandler (AbstractContainerReportHandler.java:updateContainerState(145)) - Container #1 is in OPEN state, but the datanode ddae0d8b-c866-4e5c-81a7-eef12a7bc666{ip: 192.168.34.14, host: pr-hdds-1643-hlxn2-3599243457, networkLocation: /default-rack, certSerialId: null} reports an CLOSED replica.
2019-10-22 02:33:26,131 [EventQueue-ContainerReportForContainerReportHandler] WARN  container.ContainerReportHandler (AbstractContainerReportHandler.java:updateContainerState(145)) - Container #1 is in OPEN state, but the datanode 6dc62414-4100-415b-916b-e9f0081ca22e{ip: 192.168.34.14, host: pr-hdds-1643-hlxn2-3599243457, networkLocation: /default-rack, certSerialId: null} reports an CLOSED replica.
2019-10-22 02:33:26,330 [EventQueue-ContainerReportForContainerReportHandler] WARN  container.ContainerReportHandler (AbstractContainerReportHandler.java:updateContainerState(145)) - Container #1 is in OPEN state, but the datanode ddae0d8b-c866-4e5c-81a7-eef12a7bc666{ip: 192.168.34.14, host: pr-hdds-1643-hlxn2-3599243457, networkLocation: /default-rack, certSerialId: null} reports an CLOSED replica.
2019-10-22 02:33:26,331 [EventQueue-ContainerReportForContainerReportHandler] WARN  container.ContainerReportHandler (AbstractContainerReportHandler.java:updateContainerState(145)) - Container #1 is in OPEN state, but the datanode 6dc62414-4100-415b-916b-e9f0081ca22e{ip: 192.168.34.14, host: pr-hdds-1643-hlxn2-3599243457, networkLocation: /default-rack, certSerialId: null} reports an CLOSED replica.
2019-10-22 02:33:26,440 [BlockDeletingService#2] WARN  background.BlockDeletingService (BlockDeletingService.java:isDeletionAllowed(187)) - Close Container log Index 6 is not replicated across allthe servers in the pipeline 82d9ec66-42fd-448b-b6da-8e192697a9cf as the min replicated index is 4. Deletion is not allowed in this container yet.
2019-10-22 02:33:26,440 [BlockDeletingService#2] WARN  background.BlockDeletingService (BlockDeletingService.java:isDeletionAllowed(187)) - Close Container log Index 6 is not replicated across allthe servers in the pipeline 82d9ec66-42fd-448b-b6da-8e192697a9cf as the min replicated index is 4. Deletion is not allowed in this container yet.
2019-10-22 02:33:26,530 [EventQueue-ContainerReportForContainerReportHandler] WARN  container.ContainerReportHandler (AbstractContainerReportHandler.java:updateContainerState(145)) - Container #1 is in OPEN state, but the datanode ddae0d8b-c866-4e5c-81a7-eef12a7bc666{ip: 192.168.34.14, host: pr-hdds-1643-hlxn2-3599243457, networkLocation: /default-rack, certSerialId: null} reports an CLOSED replica.
2019-10-22 02:33:26,634 [EventQueue-ContainerReportForContainerReportHandler] WARN  container.ContainerReportHandler (AbstractContainerReportHandler.java:updateContainerState(145)) - Container #1 is in OPEN state, but the datanode 6dc62414-4100-415b-916b-e9f0081ca22e{ip: 192.168.34.14, host: pr-hdds-1643-hlxn2-3599243457, networkLocation: /default-rack, certSerialId: null} reports an CLOSED replica.
2019-10-22 02:33:26,731 [EventQueue-ContainerReportForContainerReportHandler] WARN  container.ContainerReportHandler (AbstractContainerReportHandler.java:updateContainerState(145)) - Container #1 is in OPEN state, but the datanode ddae0d8b-c866-4e5c-81a7-eef12a7bc666{ip: 192.168.34.14, host: pr-hdds-1643-hlxn2-3599243457, networkLocation: /default-rack, certSerialId: null} reports an CLOSED replica.
2019-10-22 02:33:26,759 [java.util.concurrent.ThreadPoolExecutor$Worker@6a8733f8[State = -1, empty queue]] WARN  server.GrpcLogAppender (GrpcLogAppender.java:timeoutAppendRequest(209)) - 6dc62414-4100-415b-916b-e9f0081ca22e@group-8E192697A9CF->6f2be65d-ce7d-4814-9a9f-e49d79835c35-GrpcLogAppender: appendEntries Timeout, request=6dc62414-4100-415b-916b-e9f0081ca22e->6f2be65d-ce7d-4814-9a9f-e49d79835c35#46-t6, previous=(t:6, i:10), leaderCommit=10, initializing? false, entries: <empty>
2019-10-22 02:33:26,931 [EventQueue-ContainerReportForContainerReportHandler] WARN  container.ContainerReportHandler (AbstractContainerReportHandler.java:updateContainerState(145)) - Container #1 is in OPEN state, but the datanode ddae0d8b-c866-4e5c-81a7-eef12a7bc666{ip: 192.168.34.14, host: pr-hdds-1643-hlxn2-3599243457, networkLocation: /default-rack, certSerialId: null} reports an CLOSED replica.
2019-10-22 02:33:27,034 [EventQueue-ContainerReportForContainerReportHandler] WARN  container.ContainerReportHandler (AbstractContainerReportHandler.java:updateContainerState(145)) - Container #1 is in OPEN state, but the datanode 6dc62414-4100-415b-916b-e9f0081ca22e{ip: 192.168.34.14, host: pr-hdds-1643-hlxn2-3599243457, networkLocation: /default-rack, certSerialId: null} reports an CLOSED replica.
2019-10-22 02:33:27,234 [EventQueue-ContainerReportForContainerReportHandler] WARN  container.ContainerReportHandler (AbstractContainerReportHandler.java:updateContainerState(145)) - Container #1 is in OPEN state, but the datanode 6dc62414-4100-415b-916b-e9f0081ca22e{ip: 192.168.34.14, host: pr-hdds-1643-hlxn2-3599243457, networkLocation: /default-rack, certSerialId: null} reports an CLOSED replica.
2019-10-22 02:33:27,331 [EventQueue-ContainerReportForContainerReportHandler] WARN  container.ContainerReportHandler (AbstractContainerReportHandler.java:updateContainerState(145)) - Container #1 is in OPEN state, but the datanode ddae0d8b-c866-4e5c-81a7-eef12a7bc666{ip: 192.168.34.14, host: pr-hdds-1643-hlxn2-3599243457, networkLocation: /default-rack, certSerialId: null} reports an CLOSED replica.
2019-10-22 02:33:27,434 [EventQueue-ContainerReportForContainerReportHandler] WARN  container.ContainerReportHandler (AbstractContainerReportHandler.java:updateContainerState(145)) - Container #1 is in OPEN state, but the datanode 6dc62414-4100-415b-916b-e9f0081ca22e{ip: 192.168.34.14, host: pr-hdds-1643-hlxn2-3599243457, networkLocation: /default-rack, certSerialId: null} reports an CLOSED replica.
2019-10-22 02:33:27,443 [BlockDeletingService#2] WARN  background.BlockDeletingService (BlockDeletingService.java:isDeletionAllowed(187)) - Close Container log Index 6 is not replicated across allthe servers in the pipeline 82d9ec66-42fd-448b-b6da-8e192697a9cf as the min replicated index is 4. Deletion is not allowed in this container yet.
2019-10-22 02:33:27,443 [BlockDeletingService#2] WARN  background.BlockDeletingService (BlockDeletingService.java:isDeletionAllowed(187)) - Close Container log Index 6 is not replicated across allthe servers in the pipeline 82d9ec66-42fd-448b-b6da-8e192697a9cf as the min replicated index is 4. Deletion is not allowed in this container yet.
2019-10-22 02:33:27,632 [EventQueue-ContainerReportForContainerReportHandler] WARN  container.ContainerReportHandler (AbstractContainerReportHandler.java:updateContainerState(145)) - Container #1 is in OPEN state, but the datanode ddae0d8b-c866-4e5c-81a7-eef12a7bc666{ip: 192.168.34.14, host: pr-hdds-1643-hlxn2-3599243457, networkLocation: /default-rack, certSerialId: null} reports an CLOSED replica.
2019-10-22 02:33:27,734 [EventQueue-ContainerReportForContainerReportHandler] WARN  container.ContainerReportHandler (AbstractContainerReportHandler.java:updateContainerState(145)) - Container #1 is in OPEN state, but the datanode 6dc62414-4100-415b-916b-e9f0081ca22e{ip: 192.168.34.14, host: pr-hdds-1643-hlxn2-3599243457, networkLocation: /default-rack, certSerialId: null} reports an CLOSED replica.
2019-10-22 02:33:27,931 [EventQueue-ContainerReportForContainerReportHandler] WARN  container.ContainerReportHandler (AbstractContainerReportHandler.java:updateContainerState(145)) - Container #1 is in OPEN state, but the datanode ddae0d8b-c866-4e5c-81a7-eef12a7bc666{ip: 192.168.34.14, host: pr-hdds-1643-hlxn2-3599243457, networkLocation: /default-rack, certSerialId: null} reports an CLOSED replica.
2019-10-22 02:33:28,034 [EventQueue-ContainerReportForContainerReportHandler] WARN  container.ContainerReportHandler (AbstractContainerReportHandler.java:updateContainerState(145)) - Container #1 is in OPEN state, but the datanode 6dc62414-4100-415b-916b-e9f0081ca22e{ip: 192.168.34.14, host: pr-hdds-1643-hlxn2-3599243457, networkLocation: /default-rack, certSerialId: null} reports an CLOSED replica.
2019-10-22 02:33:28,132 [EventQueue-ContainerReportForContainerReportHandler] WARN  container.ContainerReportHandler (AbstractContainerReportHandler.java:updateContainerState(145)) - Container #1 is in OPEN state, but the datanode ddae0d8b-c866-4e5c-81a7-eef12a7bc666{ip: 192.168.34.14, host: pr-hdds-1643-hlxn2-3599243457, networkLocation: /default-rack, certSerialId: null} reports an CLOSED replica.
2019-10-22 02:33:28,334 [EventQueue-ContainerReportForContainerReportHandler] WARN  container.ContainerReportHandler (AbstractContainerReportHandler.java:updateContainerState(145)) - Container #1 is in OPEN state, but the datanode 6dc62414-4100-415b-916b-e9f0081ca22e{ip: 192.168.34.14, host: pr-hdds-1643-hlxn2-3599243457, networkLocation: /default-rack, certSerialId: null} reports an CLOSED replica.
2019-10-22 02:33:28,445 [BlockDeletingService#2] WARN  background.BlockDeletingService (BlockDeletingService.java:isDeletionAllowed(187)) - Close Container log Index 6 is not replicated across allthe servers in the pipeline 82d9ec66-42fd-448b-b6da-8e192697a9cf as the min replicated index is 4. Deletion is not allowed in this container yet.
2019-10-22 02:33:28,445 [BlockDeletingService#2] WARN  background.BlockDeletingService (BlockDeletingService.java:isDeletionAllowed(187)) - Close Container log Index 6 is not replicated across allthe servers in the pipeline 82d9ec66-42fd-448b-b6da-8e192697a9cf as the min replicated index is 4. Deletion is not allowed in this container yet.
2019-10-22 02:33:28,473 [Thread-521] INFO  client.GrpcClientProtocolService (GrpcClientProtocolService.java:lambda$processClientRequest$0(278)) - Failed RaftClientRequest:client-C9AE8EA1E005->ddae0d8b-c866-4e5c-81a7-eef12a7bc666@group-8E192697A9CF, cid=10, seq=0, Watch-ALL_COMMITTED(6), Message:<EMPTY>, reply=RaftClientReply:client-C9AE8EA1E005->ddae0d8b-c866-4e5c-81a7-eef12a7bc666@group-8E192697A9CF, cid=10, FAILED org.apache.ratis.protocol.NotLeaderException: Server ddae0d8b-c866-4e5c-81a7-eef12a7bc666@group-8E192697A9CF is not the leader 6dc62414-4100-415b-916b-e9f0081ca22e:192.168.34.14:40542, logIndex=0, commits[ddae0d8b-c866-4e5c-81a7-eef12a7bc666:c10, 6dc62414-4100-415b-916b-e9f0081ca22e:c10, 6f2be65d-ce7d-4814-9a9f-e49d79835c35:c4]
2019-10-22 02:33:28,531 [EventQueue-ContainerReportForContainerReportHandler] WARN  container.ContainerReportHandler (AbstractContainerReportHandler.java:updateContainerState(145)) - Container #1 is in OPEN state, but the datanode ddae0d8b-c866-4e5c-81a7-eef12a7bc666{ip: 192.168.34.14, host: pr-hdds-1643-hlxn2-3599243457, networkLocation: /default-rack, certSerialId: null} reports an CLOSED replica.
2019-10-22 02:33:28,634 [EventQueue-ContainerReportForContainerReportHandler] WARN  container.ContainerReportHandler (AbstractContainerReportHandler.java:updateContainerState(145)) - Container #1 is in OPEN state, but the datanode 6dc62414-4100-415b-916b-e9f0081ca22e{ip: 192.168.34.14, host: pr-hdds-1643-hlxn2-3599243457, networkLocation: /default-rack, certSerialId: null} reports an CLOSED replica.
2019-10-22 02:33:28,832 [EventQueue-ContainerReportForContainerReportHandler] WARN  container.ContainerReportHandler (AbstractContainerReportHandler.java:updateContainerState(145)) - Container #1 is in OPEN state, but the datanode ddae0d8b-c866-4e5c-81a7-eef12a7bc666{ip: 192.168.34.14, host: pr-hdds-1643-hlxn2-3599243457, networkLocation: /default-rack, certSerialId: null} reports an CLOSED replica.
2019-10-22 02:33:28,936 [EventQueue-ContainerReportForContainerReportHandler] WARN  container.ContainerReportHandler (AbstractContainerReportHandler.java:updateContainerState(145)) - Container #1 is in OPEN state, but the datanode 6dc62414-4100-415b-916b-e9f0081ca22e{ip: 192.168.34.14, host: pr-hdds-1643-hlxn2-3599243457, networkLocation: /default-rack, certSerialId: null} reports an CLOSED replica.
2019-10-22 02:33:29,132 [EventQueue-ContainerReportForContainerReportHandler] WARN  container.ContainerReportHandler (AbstractContainerReportHandler.java:updateContainerState(145)) - Container #1 is in OPEN state, but the datanode ddae0d8b-c866-4e5c-81a7-eef12a7bc666{ip: 192.168.34.14, host: pr-hdds-1643-hlxn2-3599243457, networkLocation: /default-rack, certSerialId: null} reports an CLOSED replica.
2019-10-22 02:33:29,261 [java.util.concurrent.ThreadPoolExecutor$Worker@6a8733f8[State = -1, empty queue]] WARN  server.GrpcLogAppender (GrpcLogAppender.java:timeoutAppendRequest(209)) - 6dc62414-4100-415b-916b-e9f0081ca22e@group-8E192697A9CF->6f2be65d-ce7d-4814-9a9f-e49d79835c35-GrpcLogAppender: appendEntries Timeout, request=6dc62414-4100-415b-916b-e9f0081ca22e->6f2be65d-ce7d-4814-9a9f-e49d79835c35#47-t6, previous=(t:6, i:10), leaderCommit=10, initializing? false, entries: <empty>
2019-10-22 02:33:29,336 [EventQueue-ContainerReportForContainerReportHandler] WARN  container.ContainerReportHandler (AbstractContainerReportHandler.java:updateContainerState(145)) - Container #1 is in OPEN state, but the datanode 6dc62414-4100-415b-916b-e9f0081ca22e{ip: 192.168.34.14, host: pr-hdds-1643-hlxn2-3599243457, networkLocation: /default-rack, certSerialId: null} reports an CLOSED replica.
2019-10-22 02:33:29,431 [EventQueue-ContainerReportForContainerReportHandler] WARN  container.ContainerReportHandler (AbstractContainerReportHandler.java:updateContainerState(145)) - Container #1 is in OPEN state, but the datanode ddae0d8b-c866-4e5c-81a7-eef12a7bc666{ip: 192.168.34.14, host: pr-hdds-1643-hlxn2-3599243457, networkLocation: /default-rack, certSerialId: null} reports an CLOSED replica.
2019-10-22 02:33:29,447 [BlockDeletingService#2] WARN  background.BlockDeletingService (BlockDeletingService.java:isDeletionAllowed(187)) - Close Container log Index 6 is not replicated across allthe servers in the pipeline 82d9ec66-42fd-448b-b6da-8e192697a9cf as the min replicated index is 4. Deletion is not allowed in this container yet.
2019-10-22 02:33:29,447 [BlockDeletingService#2] WARN  background.BlockDeletingService (BlockDeletingService.java:isDeletionAllowed(187)) - Close Container log Index 6 is not replicated across allthe servers in the pipeline 82d9ec66-42fd-448b-b6da-8e192697a9cf as the min replicated index is 4. Deletion is not allowed in this container yet.
2019-10-22 02:33:29,632 [EventQueue-ContainerReportForContainerReportHandler] WARN  container.ContainerReportHandler (AbstractContainerReportHandler.java:updateContainerState(145)) - Container #1 is in OPEN state, but the datanode ddae0d8b-c866-4e5c-81a7-eef12a7bc666{ip: 192.168.34.14, host: pr-hdds-1643-hlxn2-3599243457, networkLocation: /default-rack, certSerialId: null} reports an CLOSED replica.
2019-10-22 02:33:29,636 [EventQueue-ContainerReportForContainerReportHandler] WARN  container.ContainerReportHandler (AbstractContainerReportHandler.java:updateContainerState(145)) - Container #1 is in OPEN state, but the datanode 6dc62414-4100-415b-916b-e9f0081ca22e{ip: 192.168.34.14, host: pr-hdds-1643-hlxn2-3599243457, networkLocation: /default-rack, certSerialId: null} reports an CLOSED replica.
2019-10-22 02:33:29,756 [Thread-527] INFO  client.GrpcClientProtocolService (GrpcClientProtocolService.java:lambda$processClientRequest$0(278)) - Failed RaftClientRequest:client-C9AE8EA1E005->6dc62414-4100-415b-916b-e9f0081ca22e@group-8E192697A9CF, cid=10, seq=0, Watch-ALL_COMMITTED(6), Message:<EMPTY>, reply=RaftClientReply:client-C9AE8EA1E005->6dc62414-4100-415b-916b-e9f0081ca22e@group-8E192697A9CF, cid=10, FAILED org.apache.ratis.protocol.NotReplicatedException: Request with call Id 10 and log index 6 is not yet replicated to ALL_COMMITTED, logIndex=6, commits[6dc62414-4100-415b-916b-e9f0081ca22e:c10, 6f2be65d-ce7d-4814-9a9f-e49d79835c35:c4, ddae0d8b-c866-4e5c-81a7-eef12a7bc666:c10]
2019-10-22 02:33:29,832 [EventQueue-ContainerReportForContainerReportHandler] WARN  container.ContainerReportHandler (AbstractContainerReportHandler.java:updateContainerState(145)) - Container #1 is in OPEN state, but the datanode ddae0d8b-c866-4e5c-81a7-eef12a7bc666{ip: 192.168.34.14, host: pr-hdds-1643-hlxn2-3599243457, networkLocation: /default-rack, certSerialId: null} reports an CLOSED replica.
2019-10-22 02:33:30,037 [EventQueue-ContainerReportForContainerReportHandler] WARN  container.ContainerReportHandler (AbstractContainerReportHandler.java:updateContainerState(145)) - Container #1 is in OPEN state, but the datanode 6dc62414-4100-415b-916b-e9f0081ca22e{ip: 192.168.34.14, host: pr-hdds-1643-hlxn2-3599243457, networkLocation: /default-rack, certSerialId: null} reports an CLOSED replica.
2019-10-22 02:33:30,231 [EventQueue-ContainerReportForContainerReportHandler] WARN  container.ContainerReportHandler (AbstractContainerReportHandler.java:updateContainerState(145)) - Container #1 is in OPEN state, but the datanode ddae0d8b-c866-4e5c-81a7-eef12a7bc666{ip: 192.168.34.14, host: pr-hdds-1643-hlxn2-3599243457, networkLocation: /default-rack, certSerialId: null} reports an CLOSED replica.
2019-10-22 02:33:30,237 [EventQueue-ContainerReportForContainerReportHandler] WARN  container.ContainerReportHandler (AbstractContainerReportHandler.java:updateContainerState(145)) - Container #1 is in OPEN state, but the datanode 6dc62414-4100-415b-916b-e9f0081ca22e{ip: 192.168.34.14, host: pr-hdds-1643-hlxn2-3599243457, networkLocation: /default-rack, certSerialId: null} reports an CLOSED replica.
2019-10-22 02:33:30,450 [BlockDeletingService#2] WARN  background.BlockDeletingService (BlockDeletingService.java:isDeletionAllowed(187)) - Close Container log Index 6 is not replicated across allthe servers in the pipeline 82d9ec66-42fd-448b-b6da-8e192697a9cf as the min replicated index is 4. Deletion is not allowed in this container yet.
2019-10-22 02:33:30,450 [BlockDeletingService#2] WARN  background.BlockDeletingService (BlockDeletingService.java:isDeletionAllowed(187)) - Close Container log Index 6 is not replicated across allthe servers in the pipeline 82d9ec66-42fd-448b-b6da-8e192697a9cf as the min replicated index is 4. Deletion is not allowed in this container yet.
2019-10-22 02:33:30,532 [EventQueue-ContainerReportForContainerReportHandler] WARN  container.ContainerReportHandler (AbstractContainerReportHandler.java:updateContainerState(145)) - Container #1 is in OPEN state, but the datanode ddae0d8b-c866-4e5c-81a7-eef12a7bc666{ip: 192.168.34.14, host: pr-hdds-1643-hlxn2-3599243457, networkLocation: /default-rack, certSerialId: null} reports an CLOSED replica.
2019-10-22 02:33:30,636 [EventQueue-ContainerReportForContainerReportHandler] WARN  container.ContainerReportHandler (AbstractContainerReportHandler.java:updateContainerState(145)) - Container #1 is in OPEN state, but the datanode 6dc62414-4100-415b-916b-e9f0081ca22e{ip: 192.168.34.14, host: pr-hdds-1643-hlxn2-3599243457, networkLocation: /default-rack, certSerialId: null} reports an CLOSED replica.
2019-10-22 02:33:30,732 [EventQueue-ContainerReportForContainerReportHandler] WARN  container.ContainerReportHandler (AbstractContainerReportHandler.java:updateContainerState(145)) - Container #1 is in OPEN state, but the datanode ddae0d8b-c866-4e5c-81a7-eef12a7bc666{ip: 192.168.34.14, host: pr-hdds-1643-hlxn2-3599243457, networkLocation: /default-rack, certSerialId: null} reports an CLOSED replica.
2019-10-22 02:33:30,933 [EventQueue-ContainerReportForContainerReportHandler] WARN  container.ContainerReportHandler (AbstractContainerReportHandler.java:updateContainerState(145)) - Container #1 is in OPEN state, but the datanode ddae0d8b-c866-4e5c-81a7-eef12a7bc666{ip: 192.168.34.14, host: pr-hdds-1643-hlxn2-3599243457, networkLocation: /default-rack, certSerialId: null} reports an CLOSED replica.
2019-10-22 02:33:30,936 [EventQueue-ContainerReportForContainerReportHandler] WARN  container.ContainerReportHandler (AbstractContainerReportHandler.java:updateContainerState(145)) - Container #1 is in OPEN state, but the datanode 6dc62414-4100-415b-916b-e9f0081ca22e{ip: 192.168.34.14, host: pr-hdds-1643-hlxn2-3599243457, networkLocation: /default-rack, certSerialId: null} reports an CLOSED replica.
2019-10-22 02:33:31,136 [EventQueue-ContainerReportForContainerReportHandler] WARN  container.ContainerReportHandler (AbstractContainerReportHandler.java:updateContainerState(145)) - Container #1 is in OPEN state, but the datanode 6dc62414-4100-415b-916b-e9f0081ca22e{ip: 192.168.34.14, host: pr-hdds-1643-hlxn2-3599243457, networkLocation: /default-rack, certSerialId: null} reports an CLOSED replica.
2019-10-22 02:33:31,334 [EventQueue-ContainerReportForContainerReportHandler] WARN  container.ContainerReportHandler (AbstractContainerReportHandler.java:updateContainerState(145)) - Container #1 is in OPEN state, but the datanode ddae0d8b-c866-4e5c-81a7-eef12a7bc666{ip: 192.168.34.14, host: pr-hdds-1643-hlxn2-3599243457, networkLocation: /default-rack, certSerialId: null} reports an CLOSED replica.
2019-10-22 02:33:31,436 [EventQueue-ContainerReportForContainerReportHandler] WARN  container.ContainerReportHandler (AbstractContainerReportHandler.java:updateContainerState(145)) - Container #1 is in OPEN state, but the datanode 6dc62414-4100-415b-916b-e9f0081ca22e{ip: 192.168.34.14, host: pr-hdds-1643-hlxn2-3599243457, networkLocation: /default-rack, certSerialId: null} reports an CLOSED replica.
2019-10-22 02:33:31,456 [BlockDeletingService#2] WARN  background.BlockDeletingService (BlockDeletingService.java:isDeletionAllowed(187)) - Close Container log Index 6 is not replicated across allthe servers in the pipeline 82d9ec66-42fd-448b-b6da-8e192697a9cf as the min replicated index is 4. Deletion is not allowed in this container yet.
2019-10-22 02:33:31,456 [BlockDeletingService#2] WARN  background.BlockDeletingService (BlockDeletingService.java:isDeletionAllowed(187)) - Close Container log Index 6 is not replicated across allthe servers in the pipeline 82d9ec66-42fd-448b-b6da-8e192697a9cf as the min replicated index is 4. Deletion is not allowed in this container yet.
2019-10-22 02:33:31,734 [EventQueue-ContainerReportForContainerReportHandler] WARN  container.ContainerReportHandler (AbstractContainerReportHandler.java:updateContainerState(145)) - Container #1 is in OPEN state, but the datanode ddae0d8b-c866-4e5c-81a7-eef12a7bc666{ip: 192.168.34.14, host: pr-hdds-1643-hlxn2-3599243457, networkLocation: /default-rack, certSerialId: null} reports an CLOSED replica.
2019-10-22 02:33:31,737 [EventQueue-ContainerReportForContainerReportHandler] WARN  container.ContainerReportHandler (AbstractContainerReportHandler.java:updateContainerState(145)) - Container #1 is in OPEN state, but the datanode 6dc62414-4100-415b-916b-e9f0081ca22e{ip: 192.168.34.14, host: pr-hdds-1643-hlxn2-3599243457, networkLocation: /default-rack, certSerialId: null} reports an CLOSED replica.
2019-10-22 02:33:31,762 [java.util.concurrent.ThreadPoolExecutor$Worker@6a8733f8[State = -1, empty queue]] WARN  server.GrpcLogAppender (GrpcLogAppender.java:timeoutAppendRequest(209)) - 6dc62414-4100-415b-916b-e9f0081ca22e@group-8E192697A9CF->6f2be65d-ce7d-4814-9a9f-e49d79835c35-GrpcLogAppender: appendEntries Timeout, request=6dc62414-4100-415b-916b-e9f0081ca22e->6f2be65d-ce7d-4814-9a9f-e49d79835c35#48-t6, previous=(t:6, i:10), leaderCommit=10, initializing? false, entries: <empty>
2019-10-22 02:33:32,034 [EventQueue-ContainerReportForContainerReportHandler] WARN  container.ContainerReportHandler (AbstractContainerReportHandler.java:updateContainerState(145)) - Container #1 is in OPEN state, but the datanode ddae0d8b-c866-4e5c-81a7-eef12a7bc666{ip: 192.168.34.14, host: pr-hdds-1643-hlxn2-3599243457, networkLocation: /default-rack, certSerialId: null} reports an CLOSED replica.
2019-10-22 02:33:32,037 [EventQueue-ContainerReportForContainerReportHandler] WARN  container.ContainerReportHandler (AbstractContainerReportHandler.java:updateContainerState(145)) - Container #1 is in OPEN state, but the datanode 6dc62414-4100-415b-916b-e9f0081ca22e{ip: 192.168.34.14, host: pr-hdds-1643-hlxn2-3599243457, networkLocation: /default-rack, certSerialId: null} reports an CLOSED replica.
2019-10-22 02:33:32,334 [EventQueue-ContainerReportForContainerReportHandler] WARN  container.ContainerReportHandler (AbstractContainerReportHandler.java:updateContainerState(145)) - Container #1 is in OPEN state, but the datanode ddae0d8b-c866-4e5c-81a7-eef12a7bc666{ip: 192.168.34.14, host: pr-hdds-1643-hlxn2-3599243457, networkLocation: /default-rack, certSerialId: null} reports an CLOSED replica.
2019-10-22 02:33:32,338 [EventQueue-ContainerReportForContainerReportHandler] WARN  container.ContainerReportHandler (AbstractContainerReportHandler.java:updateContainerState(145)) - Container #1 is in OPEN state, but the datanode 6dc62414-4100-415b-916b-e9f0081ca22e{ip: 192.168.34.14, host: pr-hdds-1643-hlxn2-3599243457, networkLocation: /default-rack, certSerialId: null} reports an CLOSED replica.
2019-10-22 02:33:32,457 [BlockDeletingService#2] WARN  background.BlockDeletingService (BlockDeletingService.java:isDeletionAllowed(187)) - Close Container log Index 6 is not replicated across allthe servers in the pipeline 82d9ec66-42fd-448b-b6da-8e192697a9cf as the min replicated index is 4. Deletion is not allowed in this container yet.
2019-10-22 02:33:32,457 [BlockDeletingService#2] WARN  background.BlockDeletingService (BlockDeletingService.java:isDeletionAllowed(187)) - Close Container log Index 6 is not replicated across allthe servers in the pipeline 82d9ec66-42fd-448b-b6da-8e192697a9cf as the min replicated index is 4. Deletion is not allowed in this container yet.
2019-10-22 02:33:32,538 [EventQueue-ContainerReportForContainerReportHandler] WARN  container.ContainerReportHandler (AbstractContainerReportHandler.java:updateContainerState(145)) - Container #1 is in OPEN state, but the datanode 6dc62414-4100-415b-916b-e9f0081ca22e{ip: 192.168.34.14, host: pr-hdds-1643-hlxn2-3599243457, networkLocation: /default-rack, certSerialId: null} reports an CLOSED replica.
2019-10-22 02:33:32,635 [EventQueue-ContainerReportForContainerReportHandler] WARN  container.ContainerReportHandler (AbstractContainerReportHandler.java:updateContainerState(145)) - Container #1 is in OPEN state, but the datanode ddae0d8b-c866-4e5c-81a7-eef12a7bc666{ip: 192.168.34.14, host: pr-hdds-1643-hlxn2-3599243457, networkLocation: /default-rack, certSerialId: null} reports an CLOSED replica.
2019-10-22 02:33:32,940 [EventQueue-ContainerReportForContainerReportHandler] WARN  container.ContainerReportHandler (AbstractContainerReportHandler.java:updateContainerState(145)) - Container #1 is in OPEN state, but the datanode 6dc62414-4100-415b-916b-e9f0081ca22e{ip: 192.168.34.14, host: pr-hdds-1643-hlxn2-3599243457, networkLocation: /default-rack, certSerialId: null} reports an CLOSED replica.
2019-10-22 02:33:33,035 [EventQueue-ContainerReportForContainerReportHandler] WARN  container.ContainerReportHandler (AbstractContainerReportHandler.java:updateContainerState(145)) - Container #1 is in OPEN state, but the datanode ddae0d8b-c866-4e5c-81a7-eef12a7bc666{ip: 192.168.34.14, host: pr-hdds-1643-hlxn2-3599243457, networkLocation: /default-rack, certSerialId: null} reports an CLOSED replica.
2019-10-22 02:33:33,239 [EventQueue-ContainerReportForContainerReportHandler] WARN  container.ContainerReportHandler (AbstractContainerReportHandler.java:updateContainerState(145)) - Container #1 is in OPEN state, but the datanode 6dc62414-4100-415b-916b-e9f0081ca22e{ip: 192.168.34.14, host: pr-hdds-1643-hlxn2-3599243457, networkLocation: /default-rack, certSerialId: null} reports an CLOSED replica.
2019-10-22 02:33:33,338 [EventQueue-ContainerReportForContainerReportHandler] WARN  container.ContainerReportHandler (AbstractContainerReportHandler.java:updateContainerState(145)) - Container #1 is in OPEN state, but the datanode ddae0d8b-c866-4e5c-81a7-eef12a7bc666{ip: 192.168.34.14, host: pr-hdds-1643-hlxn2-3599243457, networkLocation: /default-rack, certSerialId: null} reports an CLOSED replica.
2019-10-22 02:33:33,460 [BlockDeletingService#2] WARN  background.BlockDeletingService (BlockDeletingService.java:isDeletionAllowed(187)) - Close Container log Index 6 is not replicated across allthe servers in the pipeline 82d9ec66-42fd-448b-b6da-8e192697a9cf as the min replicated index is 4. Deletion is not allowed in this container yet.
2019-10-22 02:33:33,460 [BlockDeletingService#2] WARN  background.BlockDeletingService (BlockDeletingService.java:isDeletionAllowed(187)) - Close Container log Index 6 is not replicated across allthe servers in the pipeline 82d9ec66-42fd-448b-b6da-8e192697a9cf as the min replicated index is 4. Deletion is not allowed in this container yet.
2019-10-22 02:33:33,540 [EventQueue-ContainerReportForContainerReportHandler] WARN  container.ContainerReportHandler (AbstractContainerReportHandler.java:updateContainerState(145)) - Container #1 is in OPEN state, but the datanode 6dc62414-4100-415b-916b-e9f0081ca22e{ip: 192.168.34.14, host: pr-hdds-1643-hlxn2-3599243457, networkLocation: /default-rack, certSerialId: null} reports an CLOSED replica.
2019-10-22 02:33:33,738 [EventQueue-ContainerReportForContainerReportHandler] WARN  container.ContainerReportHandler (AbstractContainerReportHandler.java:updateContainerState(145)) - Container #1 is in OPEN state, but the datanode ddae0d8b-c866-4e5c-81a7-eef12a7bc666{ip: 192.168.34.14, host: pr-hdds-1643-hlxn2-3599243457, networkLocation: /default-rack, certSerialId: null} reports an CLOSED replica.
2019-10-22 02:33:33,740 [EventQueue-ContainerReportForContainerReportHandler] WARN  container.ContainerReportHandler (AbstractContainerReportHandler.java:updateContainerState(145)) - Container #1 is in OPEN state, but the datanode 6dc62414-4100-415b-916b-e9f0081ca22e{ip: 192.168.34.14, host: pr-hdds-1643-hlxn2-3599243457, networkLocation: /default-rack, certSerialId: null} reports an CLOSED replica.
2019-10-22 02:33:34,038 [EventQueue-ContainerReportForContainerReportHandler] WARN  container.ContainerReportHandler (AbstractContainerReportHandler.java:updateContainerState(145)) - Container #1 is in OPEN state, but the datanode ddae0d8b-c866-4e5c-81a7-eef12a7bc666{ip: 192.168.34.14, host: pr-hdds-1643-hlxn2-3599243457, networkLocation: /default-rack, certSerialId: null} reports an CLOSED replica.
2019-10-22 02:33:34,039 [EventQueue-ContainerReportForContainerReportHandler] WARN  container.ContainerReportHandler (AbstractContainerReportHandler.java:updateContainerState(145)) - Container #1 is in OPEN state, but the datanode 6dc62414-4100-415b-916b-e9f0081ca22e{ip: 192.168.34.14, host: pr-hdds-1643-hlxn2-3599243457, networkLocation: /default-rack, certSerialId: null} reports an CLOSED replica.
2019-10-22 02:33:34,264 [java.util.concurrent.ThreadPoolExecutor$Worker@6a8733f8[State = -1, empty queue]] WARN  server.GrpcLogAppender (GrpcLogAppender.java:timeoutAppendRequest(209)) - 6dc62414-4100-415b-916b-e9f0081ca22e@group-8E192697A9CF->6f2be65d-ce7d-4814-9a9f-e49d79835c35-GrpcLogAppender: appendEntries Timeout, request=6dc62414-4100-415b-916b-e9f0081ca22e->6f2be65d-ce7d-4814-9a9f-e49d79835c35#49-t6, previous=(t:6, i:10), leaderCommit=10, initializing? false, entries: <empty>
2019-10-22 02:33:34,338 [EventQueue-ContainerReportForContainerReportHandler] WARN  container.ContainerReportHandler (AbstractContainerReportHandler.java:updateContainerState(145)) - Container #1 is in OPEN state, but the datanode ddae0d8b-c866-4e5c-81a7-eef12a7bc666{ip: 192.168.34.14, host: pr-hdds-1643-hlxn2-3599243457, networkLocation: /default-rack, certSerialId: null} reports an CLOSED replica.
2019-10-22 02:33:34,441 [EventQueue-ContainerReportForContainerReportHandler] WARN  container.ContainerReportHandler (AbstractContainerReportHandler.java:updateContainerState(145)) - Container #1 is in OPEN state, but the datanode 6dc62414-4100-415b-916b-e9f0081ca22e{ip: 192.168.34.14, host: pr-hdds-1643-hlxn2-3599243457, networkLocation: /default-rack, certSerialId: null} reports an CLOSED replica.
2019-10-22 02:33:34,462 [BlockDeletingService#2] WARN  background.BlockDeletingService (BlockDeletingService.java:isDeletionAllowed(187)) - Close Container log Index 6 is not replicated across allthe servers in the pipeline 82d9ec66-42fd-448b-b6da-8e192697a9cf as the min replicated index is 4. Deletion is not allowed in this container yet.
2019-10-22 02:33:34,462 [BlockDeletingService#2] WARN  background.BlockDeletingService (BlockDeletingService.java:isDeletionAllowed(187)) - Close Container log Index 6 is not replicated across allthe servers in the pipeline 82d9ec66-42fd-448b-b6da-8e192697a9cf as the min replicated index is 4. Deletion is not allowed in this container yet.
2019-10-22 02:33:34,738 [EventQueue-ContainerReportForContainerReportHandler] WARN  container.ContainerReportHandler (AbstractContainerReportHandler.java:updateContainerState(145)) - Container #1 is in OPEN state, but the datanode ddae0d8b-c866-4e5c-81a7-eef12a7bc666{ip: 192.168.34.14, host: pr-hdds-1643-hlxn2-3599243457, networkLocation: /default-rack, certSerialId: null} reports an CLOSED replica.
2019-10-22 02:33:34,841 [EventQueue-ContainerReportForContainerReportHandler] WARN  container.ContainerReportHandler (AbstractContainerReportHandler.java:updateContainerState(145)) - Container #1 is in OPEN state, but the datanode 6dc62414-4100-415b-916b-e9f0081ca22e{ip: 192.168.34.14, host: pr-hdds-1643-hlxn2-3599243457, networkLocation: /default-rack, certSerialId: null} reports an CLOSED replica.
2019-10-22 02:33:35,039 [EventQueue-ContainerReportForContainerReportHandler] WARN  container.ContainerReportHandler (AbstractContainerReportHandler.java:updateContainerState(145)) - Container #1 is in OPEN state, but the datanode ddae0d8b-c866-4e5c-81a7-eef12a7bc666{ip: 192.168.34.14, host: pr-hdds-1643-hlxn2-3599243457, networkLocation: /default-rack, certSerialId: null} reports an CLOSED replica.
2019-10-22 02:33:35,176 [EventQueue-ContainerReportForContainerReportHandler] WARN  container.ContainerReportHandler (AbstractContainerReportHandler.java:updateContainerState(145)) - Container #1 is in OPEN state, but the datanode 6dc62414-4100-415b-916b-e9f0081ca22e{ip: 192.168.34.14, host: pr-hdds-1643-hlxn2-3599243457, networkLocation: /default-rack, certSerialId: null} reports an CLOSED replica.
2019-10-22 02:33:35,239 [EventQueue-ContainerReportForContainerReportHandler] WARN  container.ContainerReportHandler (AbstractContainerReportHandler.java:updateContainerState(145)) - Container #1 is in OPEN state, but the datanode ddae0d8b-c866-4e5c-81a7-eef12a7bc666{ip: 192.168.34.14, host: pr-hdds-1643-hlxn2-3599243457, networkLocation: /default-rack, certSerialId: null} reports an CLOSED replica.
2019-10-22 02:33:35,342 [EventQueue-ContainerReportForContainerReportHandler] WARN  container.ContainerReportHandler (AbstractContainerReportHandler.java:updateContainerState(145)) - Container #1 is in OPEN state, but the datanode 6dc62414-4100-415b-916b-e9f0081ca22e{ip: 192.168.34.14, host: pr-hdds-1643-hlxn2-3599243457, networkLocation: /default-rack, certSerialId: null} reports an CLOSED replica.
2019-10-22 02:33:35,464 [BlockDeletingService#2] WARN  background.BlockDeletingService (BlockDeletingService.java:isDeletionAllowed(187)) - Close Container log Index 6 is not replicated across allthe servers in the pipeline 82d9ec66-42fd-448b-b6da-8e192697a9cf as the min replicated index is 4. Deletion is not allowed in this container yet.
2019-10-22 02:33:35,464 [BlockDeletingService#2] WARN  background.BlockDeletingService (BlockDeletingService.java:isDeletionAllowed(187)) - Close Container log Index 6 is not replicated across allthe servers in the pipeline 82d9ec66-42fd-448b-b6da-8e192697a9cf as the min replicated index is 4. Deletion is not allowed in this container yet.
2019-10-22 02:33:35,539 [EventQueue-ContainerReportForContainerReportHandler] WARN  container.ContainerReportHandler (AbstractContainerReportHandler.java:updateContainerState(145)) - Container #1 is in OPEN state, but the datanode ddae0d8b-c866-4e5c-81a7-eef12a7bc666{ip: 192.168.34.14, host: pr-hdds-1643-hlxn2-3599243457, networkLocation: /default-rack, certSerialId: null} reports an CLOSED replica.
2019-10-22 02:33:35,642 [EventQueue-ContainerReportForContainerReportHandler] WARN  container.ContainerReportHandler (AbstractContainerReportHandler.java:updateContainerState(145)) - Container #1 is in OPEN state, but the datanode 6dc62414-4100-415b-916b-e9f0081ca22e{ip: 192.168.34.14, host: pr-hdds-1643-hlxn2-3599243457, networkLocation: /default-rack, certSerialId: null} reports an CLOSED replica.
2019-10-22 02:33:35,839 [EventQueue-ContainerReportForContainerReportHandler] WARN  container.ContainerReportHandler (AbstractContainerReportHandler.java:updateContainerState(145)) - Container #1 is in OPEN state, but the datanode ddae0d8b-c866-4e5c-81a7-eef12a7bc666{ip: 192.168.34.14, host: pr-hdds-1643-hlxn2-3599243457, networkLocation: /default-rack, certSerialId: null} reports an CLOSED replica.
2019-10-22 02:33:35,842 [EventQueue-ContainerReportForContainerReportHandler] WARN  container.ContainerReportHandler (AbstractContainerReportHandler.java:updateContainerState(145)) - Container #1 is in OPEN state, but the datanode 6dc62414-4100-415b-916b-e9f0081ca22e{ip: 192.168.34.14, host: pr-hdds-1643-hlxn2-3599243457, networkLocation: /default-rack, certSerialId: null} reports an CLOSED replica.
2019-10-22 02:33:35,848 [EventQueue-StaleNodeForStaleNodeHandler] INFO  node.StaleNodeHandler (StaleNodeHandler.java:onMessage(58)) - Datanode 6f2be65d-ce7d-4814-9a9f-e49d79835c35{ip: 192.168.34.14, host: pr-hdds-1643-hlxn2-3599243457, networkLocation: /default-rack, certSerialId: null} moved to stale state. Finalizing its pipelines [PipelineID=9322de82-6691-4836-916e-27d5c272b0fe, PipelineID=82d9ec66-42fd-448b-b6da-8e192697a9cf]
2019-10-22 02:33:35,848 [EventQueue-StaleNodeForStaleNodeHandler] INFO  pipeline.SCMPipelineManager (SCMPipelineManager.java:finalizeAndDestroyPipeline(315)) - destroying pipeline:Pipeline[ Id: 9322de82-6691-4836-916e-27d5c272b0fe, Nodes: 6f2be65d-ce7d-4814-9a9f-e49d79835c35{ip: 192.168.34.14, host: pr-hdds-1643-hlxn2-3599243457, networkLocation: /default-rack, certSerialId: null}, Type:RATIS, Factor:ONE, State:OPEN]
2019-10-22 02:33:35,851 [EventQueue-StaleNodeForStaleNodeHandler] INFO  pipeline.PipelineStateManager (PipelineStateManager.java:finalizePipeline(123)) - Pipeline Pipeline[ Id: 9322de82-6691-4836-916e-27d5c272b0fe, Nodes: 6f2be65d-ce7d-4814-9a9f-e49d79835c35{ip: 192.168.34.14, host: pr-hdds-1643-hlxn2-3599243457, networkLocation: /default-rack, certSerialId: null}, Type:RATIS, Factor:ONE, State:CLOSED] moved to CLOSED state
2019-10-22 02:33:35,854 [EventQueue-StaleNodeForStaleNodeHandler] INFO  pipeline.SCMPipelineManager (SCMPipelineManager.java:finalizeAndDestroyPipeline(315)) - destroying pipeline:Pipeline[ Id: 82d9ec66-42fd-448b-b6da-8e192697a9cf, Nodes: 6dc62414-4100-415b-916b-e9f0081ca22e{ip: 192.168.34.14, host: pr-hdds-1643-hlxn2-3599243457, networkLocation: /default-rack, certSerialId: null}ddae0d8b-c866-4e5c-81a7-eef12a7bc666{ip: 192.168.34.14, host: pr-hdds-1643-hlxn2-3599243457, networkLocation: /default-rack, certSerialId: null}6f2be65d-ce7d-4814-9a9f-e49d79835c35{ip: 192.168.34.14, host: pr-hdds-1643-hlxn2-3599243457, networkLocation: /default-rack, certSerialId: null}, Type:RATIS, Factor:THREE, State:OPEN]
2019-10-22 02:33:35,854 [EventQueue-StaleNodeForStaleNodeHandler] INFO  pipeline.PipelineStateManager (PipelineStateManager.java:finalizePipeline(123)) - Pipeline Pipeline[ Id: 82d9ec66-42fd-448b-b6da-8e192697a9cf, Nodes: 6dc62414-4100-415b-916b-e9f0081ca22e{ip: 192.168.34.14, host: pr-hdds-1643-hlxn2-3599243457, networkLocation: /default-rack, certSerialId: null}ddae0d8b-c866-4e5c-81a7-eef12a7bc666{ip: 192.168.34.14, host: pr-hdds-1643-hlxn2-3599243457, networkLocation: /default-rack, certSerialId: null}6f2be65d-ce7d-4814-9a9f-e49d79835c35{ip: 192.168.34.14, host: pr-hdds-1643-hlxn2-3599243457, networkLocation: /default-rack, certSerialId: null}, Type:RATIS, Factor:THREE, State:CLOSED] moved to CLOSED state
2019-10-22 02:33:35,855 [EventQueue-CloseContainerForCloseContainerEventHandler] INFO  container.CloseContainerEventHandler (CloseContainerEventHandler.java:onMessage(61)) - Close container Event triggered for container : #1
2019-10-22 02:33:36,139 [EventQueue-ContainerReportForContainerReportHandler] INFO  container.ContainerReportHandler (AbstractContainerReportHandler.java:updateContainerState(178)) - Moving container #1 to CLOSED state, datanode ddae0d8b-c866-4e5c-81a7-eef12a7bc666{ip: 192.168.34.14, host: pr-hdds-1643-hlxn2-3599243457, networkLocation: /default-rack, certSerialId: null} reported CLOSED replica.
2019-10-22 02:33:36,188 [SCMBlockDeletingService#1] INFO  block.SCMBlockDeletingService (SCMBlockDeletingService.java:call(184)) - Totally added 3 delete blocks command for 3 datanodes, task elapsed time: 6ms
2019-10-22 02:33:36,340 [EventQueue-PendingDeleteStatusForPendingDeleteHandler] INFO  block.SCMBlockDeletingService (SCMBlockDeletingService.java:handlePendingDeletes(115)) - Block deletion txnID mismatch in datanode ddae0d8b-c866-4e5c-81a7-eef12a7bc666 for containerID 1. Datanode delete txnID: 0, SCM txnID: 1
2019-10-22 02:33:36,466 [BlockDeletingService#2] WARN  background.BlockDeletingService (BlockDeletingService.java:isDeletionAllowed(187)) - Close Container log Index 6 is not replicated across allthe servers in the pipeline 82d9ec66-42fd-448b-b6da-8e192697a9cf as the min replicated index is 4. Deletion is not allowed in this container yet.
2019-10-22 02:33:36,466 [BlockDeletingService#2] WARN  background.BlockDeletingService (BlockDeletingService.java:isDeletionAllowed(187)) - Close Container log Index 6 is not replicated across allthe servers in the pipeline 82d9ec66-42fd-448b-b6da-8e192697a9cf as the min replicated index is 4. Deletion is not allowed in this container yet.
2019-10-22 02:33:36,542 [EventQueue-PendingDeleteStatusForPendingDeleteHandler] INFO  block.SCMBlockDeletingService (SCMBlockDeletingService.java:handlePendingDeletes(115)) - Block deletion txnID mismatch in datanode 6dc62414-4100-415b-916b-e9f0081ca22e for containerID 1. Datanode delete txnID: 0, SCM txnID: 1
2019-10-22 02:33:36,640 [EventQueue-PendingDeleteStatusForPendingDeleteHandler] INFO  block.SCMBlockDeletingService (SCMBlockDeletingService.java:handlePendingDeletes(115)) - Block deletion txnID mismatch in datanode ddae0d8b-c866-4e5c-81a7-eef12a7bc666 for containerID 1. Datanode delete txnID: 0, SCM txnID: 1
2019-10-22 02:33:36,742 [Command processor thread] INFO  commandhandler.DeleteBlocksCommandHandler (DeleteBlocksCommandHandler.java:handle(106)) - Start to delete container blocks, TXIDs=[1(0)], numOfContainers=1, numOfBlocks=1
2019-10-22 02:33:36,766 [java.util.concurrent.ThreadPoolExecutor$Worker@6a8733f8[State = -1, empty queue]] WARN  server.GrpcLogAppender (GrpcLogAppender.java:timeoutAppendRequest(209)) - 6dc62414-4100-415b-916b-e9f0081ca22e@group-8E192697A9CF->6f2be65d-ce7d-4814-9a9f-e49d79835c35-GrpcLogAppender: appendEntries Timeout, request=6dc62414-4100-415b-916b-e9f0081ca22e->6f2be65d-ce7d-4814-9a9f-e49d79835c35#50-t6, previous=(t:6, i:10), leaderCommit=10, initializing? false, entries: <empty>
2019-10-22 02:33:36,941 [EventQueue-PendingDeleteStatusForPendingDeleteHandler] INFO  block.SCMBlockDeletingService (SCMBlockDeletingService.java:handlePendingDeletes(115)) - Block deletion txnID mismatch in datanode 6dc62414-4100-415b-916b-e9f0081ca22e for containerID 1. Datanode delete txnID: 0, SCM txnID: 1
2019-10-22 02:33:37,189 [SCMBlockDeletingService#1] INFO  block.SCMBlockDeletingService (SCMBlockDeletingService.java:call(184)) - Totally added 2 delete blocks command for 2 datanodes, task elapsed time: 1ms
2019-10-22 02:33:37,190 [pool-7-thread-1] INFO  commands.RetriableDatanodeEventWatcher (RetriableDatanodeEventWatcher.java:onTimeout(47)) - RetriableDatanodeCommand type=deleteBlocksCommand with id=1571711616187 timed out. Retrying.
2019-10-22 02:33:37,190 [pool-7-thread-2] INFO  commands.RetriableDatanodeEventWatcher (RetriableDatanodeEventWatcher.java:onTimeout(47)) - RetriableDatanodeCommand type=deleteBlocksCommand with id=1571711616189 timed out. Retrying.
2019-10-22 02:33:37,241 [Command processor thread] INFO  commandhandler.DeleteBlocksCommandHandler (DeleteBlocksCommandHandler.java:handle(106)) - Start to delete container blocks, TXIDs=[1(0)], numOfContainers=1, numOfBlocks=1
2019-10-22 02:33:37,443 [main] INFO  impl.MetricsSystemImpl (MetricsSystemImpl.java:init(158)) - HddsDatanode metrics system started (again)
2019-10-22 02:33:37,467 [BlockDeletingService#2] WARN  background.BlockDeletingService (BlockDeletingService.java:isDeletionAllowed(187)) - Close Container log Index 6 is not replicated across allthe servers in the pipeline 82d9ec66-42fd-448b-b6da-8e192697a9cf as the min replicated index is 4. Deletion is not allowed in this container yet.
2019-10-22 02:33:37,467 [BlockDeletingService#2] WARN  background.BlockDeletingService (BlockDeletingService.java:isDeletionAllowed(187)) - Close Container log Index 6 is not replicated across allthe servers in the pipeline 82d9ec66-42fd-448b-b6da-8e192697a9cf as the min replicated index is 4. Deletion is not allowed in this container yet.
2019-10-22 02:33:37,497 [main] INFO  ozone.HddsDatanodeService (HddsDatanodeService.java:start(184)) - HddsDatanodeService host:pr-hdds-1643-hlxn2-3599243457 ip:192.168.34.14
2019-10-22 02:33:37,509 [main] INFO  volume.VolumeUsage (VolumeUsage.java:loadScmUsed(144)) - Cached ScmUsed found for /workdir/hadoop-ozone/integration-test/target/test-dir/MiniOzoneClusterImpl-1e1cbef6-da44-444b-ac78-b5a442d7a72a/datanode-2/data/containers : 4096 
2019-10-22 02:33:37,509 [main] INFO  volume.HddsVolume (HddsVolume.java:<init>(176)) - Creating Volume: /workdir/hadoop-ozone/integration-test/target/test-dir/MiniOzoneClusterImpl-1e1cbef6-da44-444b-ac78-b5a442d7a72a/datanode-2/data/containers/hdds of  storage type : DISK and capacity : 1482555576320
2019-10-22 02:33:37,510 [main] INFO  volume.VolumeSet (VolumeSet.java:initializeVolumeSet(170)) - Added Volume : /workdir/hadoop-ozone/integration-test/target/test-dir/MiniOzoneClusterImpl-1e1cbef6-da44-444b-ac78-b5a442d7a72a/datanode-2/data/containers/hdds to VolumeSet
2019-10-22 02:33:37,510 [main] INFO  volume.ThrottledAsyncChecker (ThrottledAsyncChecker.java:schedule(141)) - Scheduling a check for /workdir/hadoop-ozone/integration-test/target/test-dir/MiniOzoneClusterImpl-1e1cbef6-da44-444b-ac78-b5a442d7a72a/datanode-2/data/containers/hdds
2019-10-22 02:33:37,511 [main] INFO  volume.HddsVolumeChecker (HddsVolumeChecker.java:checkAllVolumes(204)) - Scheduled health check for volume /workdir/hadoop-ozone/integration-test/target/test-dir/MiniOzoneClusterImpl-1e1cbef6-da44-444b-ac78-b5a442d7a72a/datanode-2/data/containers/hdds
2019-10-22 02:33:37,555 [main] INFO  impl.RaftServerProxy (ConfUtils.java:logGet(43)) - raft.rpc.type = GRPC (default)
2019-10-22 02:33:37,556 [main] INFO  grpc.GrpcFactory (GrpcFactory.java:checkPooledByteBufAllocatorUseCacheForAllThreads(45)) - PERFORMANCE WARNING: useCacheForAllThreads is true that may cause Netty to create a lot garbage objects and, as a result, trigger GC.
	It is recommended to disable useCacheForAllThreads by setting -Dorg.apache.ratis.thirdparty.io.netty.allocator.useCacheForAllThreads=false in command line.
2019-10-22 02:33:37,556 [main] INFO  grpc.GrpcConfigKeys$Server (ConfUtils.java:logGet(43)) - raft.grpc.server.port = 36170 (custom)
2019-10-22 02:33:37,556 [main] INFO  server.GrpcService (ConfUtils.java:logGet(43)) - raft.grpc.message.size.max = 33570816 (custom)
2019-10-22 02:33:37,556 [main] INFO  server.RaftServerConfigKeys (ConfUtils.java:logGet(43)) - raft.server.log.appender.buffer.byte-limit = 33554432 (custom)
2019-10-22 02:33:37,556 [main] INFO  server.GrpcService (ConfUtils.java:logGet(43)) - raft.grpc.flow.control.window = 1MB (=1048576) (default)
2019-10-22 02:33:37,556 [main] INFO  server.RaftServerConfigKeys (ConfUtils.java:logGet(43)) - raft.server.rpc.request.timeout = 3000ms (default)
2019-10-22 02:33:37,557 [main] INFO  server.RaftServerConfigKeys (ConfUtils.java:logGet(43)) - raft.server.storage.dir = [/workdir/hadoop-ozone/integration-test/target/test-dir/MiniOzoneClusterImpl-1e1cbef6-da44-444b-ac78-b5a442d7a72a/datanode-2/data/ratis] (custom)
2019-10-22 02:33:37,557 [main] INFO  impl.RaftServerProxy (RaftServerProxy.java:lambda$null$0(191)) - 6f2be65d-ce7d-4814-9a9f-e49d79835c35: found a subdirectory /workdir/hadoop-ozone/integration-test/target/test-dir/MiniOzoneClusterImpl-1e1cbef6-da44-444b-ac78-b5a442d7a72a/datanode-2/data/ratis/82d9ec66-42fd-448b-b6da-8e192697a9cf
2019-10-22 02:33:37,558 [main] INFO  impl.RaftServerProxy (RaftServerProxy.java:addNew(89)) - 6f2be65d-ce7d-4814-9a9f-e49d79835c35: addNew group-8E192697A9CF:[] returns group-8E192697A9CF:java.util.concurrent.CompletableFuture@66933239[Not completed]
2019-10-22 02:33:37,558 [main] INFO  impl.RaftServerProxy (RaftServerProxy.java:lambda$null$0(191)) - 6f2be65d-ce7d-4814-9a9f-e49d79835c35: found a subdirectory /workdir/hadoop-ozone/integration-test/target/test-dir/MiniOzoneClusterImpl-1e1cbef6-da44-444b-ac78-b5a442d7a72a/datanode-2/data/ratis/9322de82-6691-4836-916e-27d5c272b0fe
2019-10-22 02:33:37,559 [main] INFO  impl.RaftServerProxy (RaftServerProxy.java:addNew(89)) - 6f2be65d-ce7d-4814-9a9f-e49d79835c35: addNew group-27D5C272B0FE:[] returns group-27D5C272B0FE:java.util.concurrent.CompletableFuture@2f7efd0b[Not completed]
2019-10-22 02:33:37,563 [main] INFO  hdfs.DFSUtil (DFSUtil.java:httpServerTemplateForNNAndJN(1641)) - Starting Web-server for hddsDatanode at: http://0.0.0.0:37570
2019-10-22 02:33:37,563 [pool-59-thread-1] INFO  impl.RaftServerImpl (RaftServerImpl.java:<init>(104)) - 6f2be65d-ce7d-4814-9a9f-e49d79835c35: new RaftServerImpl for group-8E192697A9CF:[] with ContainerStateMachine:uninitialized
2019-10-22 02:33:37,566 [pool-59-thread-1] INFO  server.RaftServerConfigKeys (ConfUtils.java:logGet(43)) - raft.server.rpc.timeout.min = 5s (custom)
2019-10-22 02:33:37,567 [pool-59-thread-1] INFO  server.RaftServerConfigKeys (ConfUtils.java:logGet(43)) - raft.server.rpc.timeout.max = 5200ms (custom)
2019-10-22 02:33:37,567 [pool-59-thread-1] INFO  server.RaftServerConfigKeys (ConfUtils.java:logGet(43)) - raft.server.rpcslowness.timeout = 1000s (custom)
2019-10-22 02:33:37,567 [pool-59-thread-1] INFO  server.RaftServerConfigKeys (ConfUtils.java:logGet(43)) - raft.server.sleep.deviation.threshold = 300 (default)
2019-10-22 02:33:37,567 [pool-59-thread-1] INFO  server.RaftServerConfigKeys (ConfUtils.java:logGet(43)) - raft.server.log.appender.install.snapshot.enabled = false (custom)
2019-10-22 02:33:37,568 [pool-59-thread-1] INFO  impl.RaftServerImpl (ServerState.java:<init>(103)) - 6f2be65d-ce7d-4814-9a9f-e49d79835c35@group-8E192697A9CF: ConfigurationManager, init=-1: [], old=null, confs=<EMPTY_MAP>
2019-10-22 02:33:37,568 [pool-59-thread-1] INFO  server.RaftServerConfigKeys (ConfUtils.java:logGet(43)) - raft.server.storage.dir = [/workdir/hadoop-ozone/integration-test/target/test-dir/MiniOzoneClusterImpl-1e1cbef6-da44-444b-ac78-b5a442d7a72a/datanode-2/data/ratis] (custom)
2019-10-22 02:33:37,568 [pool-59-thread-1] INFO  server.RaftServerConfigKeys (ConfUtils.java:logGet(43)) - raft.server.log.corruption.policy = EXCEPTION (default)
2019-10-22 02:33:37,569 [main] INFO  server.AuthenticationFilter (AuthenticationFilter.java:constructSecretProvider(240)) - Unable to initialize FileSignerSecretProvider, falling back to use random secrets.
2019-10-22 02:33:37,570 [main] WARN  http.HttpRequestLog (HttpRequestLog.java:getRequestLog(97)) - Jetty request log can only be enabled using Log4j
2019-10-22 02:33:37,572 [main] INFO  http.HttpServer2 (HttpServer2.java:addGlobalFilter(975)) - Added global filter 'safety' (class=org.apache.hadoop.http.HttpServer2$QuotingInputFilter)
2019-10-22 02:33:37,573 [main] INFO  http.HttpServer2 (HttpServer2.java:addFilter(948)) - Added filter static_user_filter (class=org.apache.hadoop.http.lib.StaticUserWebFilter$StaticUserFilter) to context hddsDatanode
2019-10-22 02:33:37,574 [main] INFO  http.HttpServer2 (HttpServer2.java:addFilter(958)) - Added filter static_user_filter (class=org.apache.hadoop.http.lib.StaticUserWebFilter$StaticUserFilter) to context logs
2019-10-22 02:33:37,574 [main] INFO  http.HttpServer2 (HttpServer2.java:addFilter(958)) - Added filter static_user_filter (class=org.apache.hadoop.http.lib.StaticUserWebFilter$StaticUserFilter) to context static
2019-10-22 02:33:37,575 [main] INFO  http.HttpServer2 (HttpServer2.java:bindListener(1191)) - Jetty bound to port 37570
2019-10-22 02:33:37,576 [main] INFO  server.Server (Server.java:doStart(351)) - jetty-9.3.25.v20180904, build timestamp: 2018-09-04T21:11:46Z, git hash: 3ce520221d0240229c862b122d2b06c12a625732
2019-10-22 02:33:37,576 [pool-59-thread-1] INFO  storage.RaftStorageDirectory (RaftStorageDirectory.java:tryLock(328)) - Lock on /workdir/hadoop-ozone/integration-test/target/test-dir/MiniOzoneClusterImpl-1e1cbef6-da44-444b-ac78-b5a442d7a72a/datanode-2/data/ratis/82d9ec66-42fd-448b-b6da-8e192697a9cf/in_use.lock acquired by nodename 8361@pr-hdds-1643-hlxn2-3599243457
2019-10-22 02:33:37,578 [main] INFO  handler.ContextHandler (ContextHandler.java:doStart(781)) - Started o.e.j.s.ServletContextHandler@78a515e4{/logs,file:///workdir/hadoop-ozone/integration-test/target/log,AVAILABLE}
2019-10-22 02:33:37,579 [main] INFO  handler.ContextHandler (ContextHandler.java:doStart(781)) - Started o.e.j.s.ServletContextHandler@51c8f62c{/static,jar:file:/home/user/.m2/repository/org/apache/hadoop/hadoop-hdds-container-service/0.5.0-SNAPSHOT/hadoop-hdds-container-service-0.5.0-SNAPSHOT.jar!/webapps/static,AVAILABLE}
2019-10-22 02:33:37,580 [pool-59-thread-1] INFO  ratis.ContainerStateMachine (ContainerStateMachine.java:loadSnapshot(240)) - group-8E192697A9CF: Setting the last applied index to (t:6, i:3)
2019-10-22 02:33:37,589 [pool-59-thread-1] INFO  impl.RaftServerImpl (ServerState.java:setRaftConf(357)) - 6f2be65d-ce7d-4814-9a9f-e49d79835c35@group-8E192697A9CF: set configuration 0: [6dc62414-4100-415b-916b-e9f0081ca22e:192.168.34.14:40542, 6f2be65d-ce7d-4814-9a9f-e49d79835c35:192.168.34.14:36170, ddae0d8b-c866-4e5c-81a7-eef12a7bc666:192.168.34.14:38819], old=null at 0
2019-10-22 02:33:37,589 [pool-59-thread-1] INFO  server.RaftServerConfigKeys (ConfUtils.java:logGet(43)) - raft.server.notification.no-leader.timeout = 1000s (custom)
2019-10-22 02:33:37,589 [pool-59-thread-1] INFO  server.RaftServerConfigKeys (ConfUtils.java:logGet(43)) - raft.server.log.use.memory = false (default)
2019-10-22 02:33:37,589 [pool-59-thread-1] INFO  server.RaftServerConfigKeys (ConfUtils.java:logGet(43)) - raft.server.log.purge.gap = 1000000 (custom)
2019-10-22 02:33:37,590 [pool-59-thread-1] INFO  server.RaftServerConfigKeys (ConfUtils.java:logGet(43)) - raft.server.log.appender.buffer.byte-limit = 33554432 (custom)
2019-10-22 02:33:37,590 [pool-59-thread-1] INFO  server.RaftServerConfigKeys (ConfUtils.java:logGet(43)) - raft.server.log.segment.size.max = 1048576 (custom)
2019-10-22 02:33:37,590 [pool-59-thread-1] INFO  server.RaftServerConfigKeys (ConfUtils.java:logGet(43)) - raft.server.log.segment.cache.num.max = 2 (custom)
2019-10-22 02:33:37,590 [pool-59-thread-1] INFO  segmented.SegmentedRaftLogWorker (SegmentedRaftLogWorker.java:<init>(173)) - new 6f2be65d-ce7d-4814-9a9f-e49d79835c35@group-8E192697A9CF-SegmentedRaftLogWorker for RaftStorage:Storage Directory /workdir/hadoop-ozone/integration-test/target/test-dir/MiniOzoneClusterImpl-1e1cbef6-da44-444b-ac78-b5a442d7a72a/datanode-2/data/ratis/82d9ec66-42fd-448b-b6da-8e192697a9cf
2019-10-22 02:33:37,590 [pool-59-thread-1] INFO  server.RaftServerConfigKeys (ConfUtils.java:logGet(43)) - raft.server.log.queue.byte-limit = 2147483647 (custom)
2019-10-22 02:33:37,590 [pool-59-thread-1] INFO  server.RaftServerConfigKeys (ConfUtils.java:logGet(43)) - raft.server.log.queue.element-limit = 1024 (custom)
2019-10-22 02:33:37,591 [pool-59-thread-1] INFO  server.RaftServerConfigKeys (ConfUtils.java:logGet(43)) - raft.server.log.segment.size.max = 1048576 (custom)
2019-10-22 02:33:37,591 [pool-59-thread-1] INFO  server.RaftServerConfigKeys (ConfUtils.java:logGet(43)) - raft.server.log.preallocated.size = 16384 (custom)
2019-10-22 02:33:37,591 [pool-59-thread-1] INFO  server.RaftServerConfigKeys (ConfUtils.java:logGet(43)) - raft.server.log.write.buffer.size = 33554432 (custom)
2019-10-22 02:33:37,591 [pool-59-thread-1] INFO  server.RaftServerConfigKeys (ConfUtils.java:logGet(43)) - raft.server.log.force.sync.num = 128 (default)
2019-10-22 02:33:37,591 [pool-59-thread-1] INFO  server.RaftServerConfigKeys (ConfUtils.java:logGet(43)) - raft.server.log.statemachine.data.sync = true (default)
2019-10-22 02:33:37,591 [pool-59-thread-1] INFO  server.RaftServerConfigKeys (ConfUtils.java:logGet(43)) - raft.server.log.statemachine.data.sync.timeout = 10s (default)
2019-10-22 02:33:37,591 [pool-59-thread-1] INFO  server.RaftServerConfigKeys (ConfUtils.java:logGet(43)) - raft.server.log.statemachine.data.sync.timeout.retry = -1 (default)
2019-10-22 02:33:37,592 [pool-59-thread-1] INFO  server.RaftServerConfigKeys (ConfUtils.java:logGet(43)) - raft.server.log.statemachine.data.caching.enabled = true (custom)
2019-10-22 02:33:37,600 [pool-59-thread-1] INFO  impl.RaftServerImpl (ServerState.java:setRaftConf(357)) - 6f2be65d-ce7d-4814-9a9f-e49d79835c35@group-8E192697A9CF: set configuration 0: [6dc62414-4100-415b-916b-e9f0081ca22e:192.168.34.14:40542, 6f2be65d-ce7d-4814-9a9f-e49d79835c35:192.168.34.14:36170, ddae0d8b-c866-4e5c-81a7-eef12a7bc666:192.168.34.14:38819], old=null at 0
2019-10-22 02:33:37,601 [pool-59-thread-1] INFO  segmented.LogSegment (LogSegment.java:loadSegment(140)) - Successfully read 5 entries from segment file /workdir/hadoop-ozone/integration-test/target/test-dir/MiniOzoneClusterImpl-1e1cbef6-da44-444b-ac78-b5a442d7a72a/datanode-2/data/ratis/82d9ec66-42fd-448b-b6da-8e192697a9cf/current/log_inprogress_0
2019-10-22 02:33:37,601 [pool-59-thread-1] INFO  segmented.SegmentedRaftLogWorker (SegmentedRaftLogWorker.java:lambda$new$0(128)) - 6f2be65d-ce7d-4814-9a9f-e49d79835c35@group-8E192697A9CF-SegmentedRaftLogWorker: flushIndex: setUnconditionally 0 -> 4
2019-10-22 02:33:37,624 [main] INFO  handler.ContextHandler (ContextHandler.java:doStart(781)) - Started o.e.j.w.WebAppContext@732f6050{/,file:///tmp/jetty-0.0.0.0-37570-hddsDatanode-_-any-6716698726705424683.dir/webapp/,AVAILABLE}{/hddsDatanode}
2019-10-22 02:33:37,625 [main] INFO  server.AbstractConnector (AbstractConnector.java:doStart(278)) - Started ServerConnector@6fbc1bb{HTTP/1.1,[http/1.1]}{0.0.0.0:37570}
2019-10-22 02:33:37,632 [pool-59-thread-1] INFO  raftlog.RaftLog (RaftLog.java:lambda$new$0(61)) - 6f2be65d-ce7d-4814-9a9f-e49d79835c35@group-8E192697A9CF-SegmentedRaftLog: commitIndex: updateToMax old=3, new=3, updated? false
2019-10-22 02:33:37,633 [main] INFO  server.Server (Server.java:doStart(419)) - Started @121174ms
2019-10-22 02:33:37,633 [main] WARN  impl.MetricsSystemImpl (MetricsSystemImpl.java:register(276)) - Sink prometheus already exists!
2019-10-22 02:33:37,633 [pool-59-thread-1] INFO  server.RaftServerConfigKeys (ConfUtils.java:logGet(43)) - raft.server.snapshot.auto.trigger.enabled = true (custom)
2019-10-22 02:33:37,633 [pool-59-thread-1] INFO  server.RaftServerConfigKeys (ConfUtils.java:logGet(43)) - raft.server.snapshot.auto.trigger.threshold = 10000 (custom)
2019-10-22 02:33:37,633 [pool-59-thread-1] INFO  server.RaftServerConfigKeys (ConfUtils.java:logGet(43)) - raft.server.snapshot.retention.file.num = 5 (custom)
2019-10-22 02:33:37,633 [pool-59-thread-1] INFO  server.RaftServerConfigKeys (ConfUtils.java:logGet(43)) - raft.server.retrycache.expirytime = 600000ms (custom)
2019-10-22 02:33:37,635 [main] INFO  server.BaseHttpServer (BaseHttpServer.java:updateConnectorAddress(215)) - HTTP server of HDDSDATANODE is listening at http://0.0.0.0:37570
2019-10-22 02:33:37,635 [pool-59-thread-1] INFO  impl.RaftServerImpl (RaftServerImpl.java:<init>(104)) - 6f2be65d-ce7d-4814-9a9f-e49d79835c35: new RaftServerImpl for group-27D5C272B0FE:[] with ContainerStateMachine:uninitialized
2019-10-22 02:33:37,636 [pool-59-thread-1] INFO  server.RaftServerConfigKeys (ConfUtils.java:logGet(43)) - raft.server.rpc.timeout.min = 5s (custom)
2019-10-22 02:33:37,636 [pool-59-thread-1] INFO  server.RaftServerConfigKeys (ConfUtils.java:logGet(43)) - raft.server.rpc.timeout.max = 5200ms (custom)
2019-10-22 02:33:37,636 [pool-59-thread-1] INFO  server.RaftServerConfigKeys (ConfUtils.java:logGet(43)) - raft.server.rpcslowness.timeout = 1000s (custom)
2019-10-22 02:33:37,636 [pool-59-thread-1] INFO  server.RaftServerConfigKeys (ConfUtils.java:logGet(43)) - raft.server.sleep.deviation.threshold = 300 (default)
2019-10-22 02:33:37,636 [pool-59-thread-1] INFO  server.RaftServerConfigKeys (ConfUtils.java:logGet(43)) - raft.server.log.appender.install.snapshot.enabled = false (custom)
2019-10-22 02:33:37,636 [pool-59-thread-1] INFO  impl.RaftServerImpl (ServerState.java:<init>(103)) - 6f2be65d-ce7d-4814-9a9f-e49d79835c35@group-27D5C272B0FE: ConfigurationManager, init=-1: [], old=null, confs=<EMPTY_MAP>
2019-10-22 02:33:37,636 [pool-59-thread-1] INFO  server.RaftServerConfigKeys (ConfUtils.java:logGet(43)) - raft.server.storage.dir = [/workdir/hadoop-ozone/integration-test/target/test-dir/MiniOzoneClusterImpl-1e1cbef6-da44-444b-ac78-b5a442d7a72a/datanode-2/data/ratis] (custom)
2019-10-22 02:33:37,637 [pool-59-thread-1] INFO  server.RaftServerConfigKeys (ConfUtils.java:logGet(43)) - raft.server.log.corruption.policy = EXCEPTION (default)
2019-10-22 02:33:37,637 [org.apache.hadoop.util.JvmPauseMonitor$Monitor@5f437dc5] INFO  util.JvmPauseMonitor (JvmPauseMonitor.java:run(188)) - Starting JVM pause monitor
2019-10-22 02:33:37,642 [pool-59-thread-1] INFO  storage.RaftStorageDirectory (RaftStorageDirectory.java:tryLock(328)) - Lock on /workdir/hadoop-ozone/integration-test/target/test-dir/MiniOzoneClusterImpl-1e1cbef6-da44-444b-ac78-b5a442d7a72a/datanode-2/data/ratis/9322de82-6691-4836-916e-27d5c272b0fe/in_use.lock acquired by nodename 8361@pr-hdds-1643-hlxn2-3599243457
2019-10-22 02:33:37,643 [pool-59-thread-1] INFO  ratis.ContainerStateMachine (ContainerStateMachine.java:loadSnapshot(231)) - group-27D5C272B0FE: The snapshot info is null. Setting the last applied indexto:(t:0, i:~)
2019-10-22 02:33:37,643 [pool-59-thread-1] INFO  server.RaftServerConfigKeys (ConfUtils.java:logGet(43)) - raft.server.notification.no-leader.timeout = 1000s (custom)
2019-10-22 02:33:37,643 [pool-59-thread-1] INFO  server.RaftServerConfigKeys (ConfUtils.java:logGet(43)) - raft.server.log.use.memory = false (default)
2019-10-22 02:33:37,643 [pool-59-thread-1] INFO  server.RaftServerConfigKeys (ConfUtils.java:logGet(43)) - raft.server.log.purge.gap = 1000000 (custom)
2019-10-22 02:33:37,643 [pool-59-thread-1] INFO  server.RaftServerConfigKeys (ConfUtils.java:logGet(43)) - raft.server.log.appender.buffer.byte-limit = 33554432 (custom)
2019-10-22 02:33:37,644 [pool-59-thread-1] INFO  server.RaftServerConfigKeys (ConfUtils.java:logGet(43)) - raft.server.log.segment.size.max = 1048576 (custom)
2019-10-22 02:33:37,644 [pool-59-thread-1] INFO  server.RaftServerConfigKeys (ConfUtils.java:logGet(43)) - raft.server.log.segment.cache.num.max = 2 (custom)
2019-10-22 02:33:37,644 [pool-59-thread-1] INFO  segmented.SegmentedRaftLogWorker (SegmentedRaftLogWorker.java:<init>(173)) - new 6f2be65d-ce7d-4814-9a9f-e49d79835c35@group-27D5C272B0FE-SegmentedRaftLogWorker for RaftStorage:Storage Directory /workdir/hadoop-ozone/integration-test/target/test-dir/MiniOzoneClusterImpl-1e1cbef6-da44-444b-ac78-b5a442d7a72a/datanode-2/data/ratis/9322de82-6691-4836-916e-27d5c272b0fe
2019-10-22 02:33:37,644 [pool-59-thread-1] INFO  server.RaftServerConfigKeys (ConfUtils.java:logGet(43)) - raft.server.log.queue.byte-limit = 2147483647 (custom)
2019-10-22 02:33:37,644 [pool-59-thread-1] INFO  server.RaftServerConfigKeys (ConfUtils.java:logGet(43)) - raft.server.log.queue.element-limit = 1024 (custom)
2019-10-22 02:33:37,644 [pool-59-thread-1] INFO  server.RaftServerConfigKeys (ConfUtils.java:logGet(43)) - raft.server.log.segment.size.max = 1048576 (custom)
2019-10-22 02:33:37,644 [pool-59-thread-1] INFO  server.RaftServerConfigKeys (ConfUtils.java:logGet(43)) - raft.server.log.preallocated.size = 16384 (custom)
2019-10-22 02:33:37,644 [pool-59-thread-1] INFO  server.RaftServerConfigKeys (ConfUtils.java:logGet(43)) - raft.server.log.write.buffer.size = 33554432 (custom)
2019-10-22 02:33:37,645 [pool-59-thread-1] INFO  server.RaftServerConfigKeys (ConfUtils.java:logGet(43)) - raft.server.log.force.sync.num = 128 (default)
2019-10-22 02:33:37,645 [pool-59-thread-1] INFO  server.RaftServerConfigKeys (ConfUtils.java:logGet(43)) - raft.server.log.statemachine.data.sync = true (default)
2019-10-22 02:33:37,645 [pool-59-thread-1] INFO  server.RaftServerConfigKeys (ConfUtils.java:logGet(43)) - raft.server.log.statemachine.data.sync.timeout = 10s (default)
2019-10-22 02:33:37,645 [pool-59-thread-1] INFO  server.RaftServerConfigKeys (ConfUtils.java:logGet(43)) - raft.server.log.statemachine.data.sync.timeout.retry = -1 (default)
2019-10-22 02:33:37,645 [pool-59-thread-1] INFO  server.RaftServerConfigKeys (ConfUtils.java:logGet(43)) - raft.server.log.statemachine.data.caching.enabled = true (custom)
2019-10-22 02:33:37,646 [pool-59-thread-1] INFO  impl.RaftServerImpl (ServerState.java:setRaftConf(357)) - 6f2be65d-ce7d-4814-9a9f-e49d79835c35@group-27D5C272B0FE: set configuration 0: [6f2be65d-ce7d-4814-9a9f-e49d79835c35:192.168.34.14:36170], old=null at 0
2019-10-22 02:33:37,646 [pool-59-thread-1] INFO  segmented.LogSegment (LogSegment.java:loadSegment(140)) - Successfully read 1 entries from segment file /workdir/hadoop-ozone/integration-test/target/test-dir/MiniOzoneClusterImpl-1e1cbef6-da44-444b-ac78-b5a442d7a72a/datanode-2/data/ratis/9322de82-6691-4836-916e-27d5c272b0fe/current/log_inprogress_0
2019-10-22 02:33:37,646 [pool-59-thread-1] INFO  segmented.SegmentedRaftLogWorker (SegmentedRaftLogWorker.java:lambda$new$0(128)) - 6f2be65d-ce7d-4814-9a9f-e49d79835c35@group-27D5C272B0FE-SegmentedRaftLogWorker: flushIndex: setUnconditionally 0 -> 0
2019-10-22 02:33:37,674 [pool-59-thread-1] INFO  server.RaftServerConfigKeys (ConfUtils.java:logGet(43)) - raft.server.snapshot.auto.trigger.enabled = true (custom)
2019-10-22 02:33:37,674 [pool-59-thread-1] INFO  server.RaftServerConfigKeys (ConfUtils.java:logGet(43)) - raft.server.snapshot.auto.trigger.threshold = 10000 (custom)
2019-10-22 02:33:37,674 [pool-59-thread-1] INFO  server.RaftServerConfigKeys (ConfUtils.java:logGet(43)) - raft.server.snapshot.retention.file.num = 5 (custom)
2019-10-22 02:33:37,674 [pool-59-thread-1] INFO  server.RaftServerConfigKeys (ConfUtils.java:logGet(43)) - raft.server.retrycache.expirytime = 600000ms (custom)
2019-10-22 02:33:38,190 [pool-7-thread-2] INFO  commands.RetriableDatanodeEventWatcher (RetriableDatanodeEventWatcher.java:onTimeout(47)) - RetriableDatanodeCommand type=deleteBlocksCommand with id=1571711616191 timed out. Retrying.
2019-10-22 02:33:38,190 [pool-7-thread-1] INFO  commands.RetriableDatanodeEventWatcher (RetriableDatanodeEventWatcher.java:onTimeout(47)) - RetriableDatanodeCommand type=deleteBlocksCommand with id=1571711616190 timed out. Retrying.
2019-10-22 02:33:38,191 [SCMBlockDeletingService#1] INFO  block.SCMBlockDeletingService (SCMBlockDeletingService.java:call(184)) - Totally added 2 delete blocks command for 2 datanodes, task elapsed time: 1ms
2019-10-22 02:33:38,192 [pool-7-thread-1] INFO  commands.RetriableDatanodeEventWatcher (RetriableDatanodeEventWatcher.java:onTimeout(47)) - RetriableDatanodeCommand type=deleteBlocksCommand with id=1571711616189 timed out. Retrying.
2019-10-22 02:33:38,192 [pool-7-thread-2] INFO  commands.RetriableDatanodeEventWatcher (RetriableDatanodeEventWatcher.java:onTimeout(47)) - RetriableDatanodeCommand type=deleteBlocksCommand with id=1571711616187 timed out. Retrying.
2019-10-22 02:33:38,341 [Command processor thread] INFO  commandhandler.DeleteBlocksCommandHandler (DeleteBlocksCommandHandler.java:handle(106)) - Start to delete container blocks, TXIDs=[1(2)], numOfContainers=1, numOfBlocks=1
2019-10-22 02:33:38,342 [Command processor thread] INFO  commandhandler.DeleteBlocksCommandHandler (DeleteBlocksCommandHandler.java:handle(106)) - Start to delete container blocks, TXIDs=[1(0)], numOfContainers=1, numOfBlocks=1
2019-10-22 02:33:38,342 [Command processor thread] INFO  commandhandler.DeleteBlocksCommandHandler (DeleteBlocksCommandHandler.java:handle(106)) - Start to delete container blocks, TXIDs=[1(4)], numOfContainers=1, numOfBlocks=1
2019-10-22 02:33:38,342 [Command processor thread] INFO  commandhandler.DeleteBlocksCommandHandler (DeleteBlocksCommandHandler.java:handle(106)) - Start to delete container blocks, TXIDs=[1(2)], numOfContainers=1, numOfBlocks=1
2019-10-22 02:33:38,343 [Command processor thread] INFO  commandhandler.DeleteBlocksCommandHandler (DeleteBlocksCommandHandler.java:handle(106)) - Start to delete container blocks, TXIDs=[1(0)], numOfContainers=1, numOfBlocks=1
2019-10-22 02:33:38,469 [BlockDeletingService#2] WARN  background.BlockDeletingService (BlockDeletingService.java:isDeletionAllowed(187)) - Close Container log Index 6 is not replicated across allthe servers in the pipeline 82d9ec66-42fd-448b-b6da-8e192697a9cf as the min replicated index is 4. Deletion is not allowed in this container yet.
2019-10-22 02:33:38,469 [BlockDeletingService#2] WARN  background.BlockDeletingService (BlockDeletingService.java:isDeletionAllowed(187)) - Close Container log Index 6 is not replicated across allthe servers in the pipeline 82d9ec66-42fd-448b-b6da-8e192697a9cf as the min replicated index is 4. Deletion is not allowed in this container yet.
2019-10-22 02:33:38,758 [Thread-576] INFO  client.GrpcClientProtocolService (GrpcClientProtocolService.java:lambda$processClientRequest$0(278)) - Failed RaftClientRequest:client-C9AE8EA1E005->6dc62414-4100-415b-916b-e9f0081ca22e@group-8E192697A9CF, cid=10, seq=0, Watch-ALL_COMMITTED(6), Message:<EMPTY>, reply=RaftClientReply:client-C9AE8EA1E005->6dc62414-4100-415b-916b-e9f0081ca22e@group-8E192697A9CF, cid=10, FAILED org.apache.ratis.protocol.NotReplicatedException: Request with call Id 10 and log index 6 is not yet replicated to ALL_COMMITTED, logIndex=6, commits[6dc62414-4100-415b-916b-e9f0081ca22e:c10, 6f2be65d-ce7d-4814-9a9f-e49d79835c35:c4, ddae0d8b-c866-4e5c-81a7-eef12a7bc666:c10]
2019-10-22 02:33:39,190 [pool-7-thread-2] INFO  commands.RetriableDatanodeEventWatcher (RetriableDatanodeEventWatcher.java:onTimeout(47)) - RetriableDatanodeCommand type=deleteBlocksCommand with id=1571711616191 timed out. Retrying.
2019-10-22 02:33:39,191 [pool-7-thread-1] INFO  commands.RetriableDatanodeEventWatcher (RetriableDatanodeEventWatcher.java:onTimeout(47)) - RetriableDatanodeCommand type=deleteBlocksCommand with id=1571711616193 timed out. Retrying.
2019-10-22 02:33:39,193 [pool-7-thread-2] INFO  commands.RetriableDatanodeEventWatcher (RetriableDatanodeEventWatcher.java:onTimeout(47)) - RetriableDatanodeCommand type=deleteBlocksCommand with id=1571711616189 timed out. Retrying.
2019-10-22 02:33:39,193 [SCMBlockDeletingService#1] INFO  block.SCMBlockDeletingService (SCMBlockDeletingService.java:call(184)) - Totally added 1 delete blocks command for 1 datanodes, task elapsed time: 1ms
2019-10-22 02:33:39,267 [java.util.concurrent.ThreadPoolExecutor$Worker@6a8733f8[State = -1, empty queue]] WARN  server.GrpcLogAppender (GrpcLogAppender.java:timeoutAppendRequest(209)) - 6dc62414-4100-415b-916b-e9f0081ca22e@group-8E192697A9CF->6f2be65d-ce7d-4814-9a9f-e49d79835c35-GrpcLogAppender: appendEntries Timeout, request=6dc62414-4100-415b-916b-e9f0081ca22e->6f2be65d-ce7d-4814-9a9f-e49d79835c35#51-t6, previous=(t:6, i:10), leaderCommit=10, initializing? false, entries: <empty>
2019-10-22 02:33:39,471 [BlockDeletingService#2] WARN  background.BlockDeletingService (BlockDeletingService.java:isDeletionAllowed(187)) - Close Container log Index 6 is not replicated across allthe servers in the pipeline 82d9ec66-42fd-448b-b6da-8e192697a9cf as the min replicated index is 4. Deletion is not allowed in this container yet.
2019-10-22 02:33:39,471 [BlockDeletingService#2] WARN  background.BlockDeletingService (BlockDeletingService.java:isDeletionAllowed(187)) - Close Container log Index 6 is not replicated across allthe servers in the pipeline 82d9ec66-42fd-448b-b6da-8e192697a9cf as the min replicated index is 4. Deletion is not allowed in this container yet.
2019-10-22 02:33:39,640 [Datanode State Machine Thread - 0] INFO  ozoneimpl.OzoneContainer (OzoneContainer.java:start(213)) - Attempting to start container services.
2019-10-22 02:33:39,640 [Datanode State Machine Thread - 0] INFO  ozoneimpl.OzoneContainer (OzoneContainer.java:startContainerScrub(177)) - Background container scanner has been disabled.
2019-10-22 02:33:39,641 [Datanode State Machine Thread - 0] INFO  ratis.XceiverServerRatis (XceiverServerRatis.java:start(418)) - Starting XceiverServerRatis 6f2be65d-ce7d-4814-9a9f-e49d79835c35 at port 36170
2019-10-22 02:33:39,652 [Datanode State Machine Thread - 0] INFO  impl.RaftServerImpl (RaftServerImpl.java:start(195)) - 6f2be65d-ce7d-4814-9a9f-e49d79835c35@group-8E192697A9CF: start as a follower, conf=0: [6dc62414-4100-415b-916b-e9f0081ca22e:192.168.34.14:40542, 6f2be65d-ce7d-4814-9a9f-e49d79835c35:192.168.34.14:36170, ddae0d8b-c866-4e5c-81a7-eef12a7bc666:192.168.34.14:38819], old=null
2019-10-22 02:33:39,653 [ForkJoinPool.commonPool-worker-0] INFO  impl.RaftServerImpl (RaftServerImpl.java:start(195)) - 6f2be65d-ce7d-4814-9a9f-e49d79835c35@group-27D5C272B0FE: start as a follower, conf=0: [6f2be65d-ce7d-4814-9a9f-e49d79835c35:192.168.34.14:36170], old=null
2019-10-22 02:33:39,653 [Datanode State Machine Thread - 0] INFO  impl.RaftServerImpl (RaftServerImpl.java:setRole(184)) - 6f2be65d-ce7d-4814-9a9f-e49d79835c35@group-8E192697A9CF: changes role from      null to FOLLOWER at term 6 for startAsFollower
2019-10-22 02:33:39,653 [ForkJoinPool.commonPool-worker-0] INFO  impl.RaftServerImpl (RaftServerImpl.java:setRole(184)) - 6f2be65d-ce7d-4814-9a9f-e49d79835c35@group-27D5C272B0FE: changes role from      null to FOLLOWER at term 1 for startAsFollower
2019-10-22 02:33:39,653 [Datanode State Machine Thread - 0] INFO  impl.RoleInfo (RoleInfo.java:updateAndGet(143)) - 6f2be65d-ce7d-4814-9a9f-e49d79835c35: start FollowerState
2019-10-22 02:33:39,654 [ForkJoinPool.commonPool-worker-0] INFO  impl.RoleInfo (RoleInfo.java:updateAndGet(143)) - 6f2be65d-ce7d-4814-9a9f-e49d79835c35: start FollowerState
2019-10-22 02:33:39,654 [Datanode State Machine Thread - 0] INFO  util.JmxRegister (JmxRegister.java:tryRegister(44)) - Successfully registered JMX Bean with object name Ratis:service=RaftServer,group=group-8E192697A9CF,id=6f2be65d-ce7d-4814-9a9f-e49d79835c35
2019-10-22 02:33:39,654 [ForkJoinPool.commonPool-worker-0] INFO  util.JmxRegister (JmxRegister.java:tryRegister(44)) - Successfully registered JMX Bean with object name Ratis:service=RaftServer,group=group-27D5C272B0FE,id=6f2be65d-ce7d-4814-9a9f-e49d79835c35
2019-10-22 02:33:39,657 [Datanode State Machine Thread - 0] INFO  impl.RaftServerProxy (RaftServerProxy.java:lambda$start$3(299)) - 6f2be65d-ce7d-4814-9a9f-e49d79835c35: start RPC server
2019-10-22 02:33:39,659 [Datanode State Machine Thread - 0] INFO  server.GrpcService (GrpcService.java:startImpl(158)) - 6f2be65d-ce7d-4814-9a9f-e49d79835c35: GrpcService started, listening on 0.0.0.0/0.0.0.0:36170
2019-10-22 02:33:39,762 [Thread-581] INFO  impl.FollowerState (FollowerState.java:run(108)) - 6f2be65d-ce7d-4814-9a9f-e49d79835c35@group-27D5C272B0FE-FollowerState: change to CANDIDATE, lastRpcTime:108ms, electionTimeout:108ms
2019-10-22 02:33:39,763 [Thread-581] INFO  impl.RoleInfo (RoleInfo.java:shutdownFollowerState(121)) - 6f2be65d-ce7d-4814-9a9f-e49d79835c35: shutdown FollowerState
2019-10-22 02:33:39,763 [Thread-581] INFO  impl.RaftServerImpl (RaftServerImpl.java:setRole(184)) - 6f2be65d-ce7d-4814-9a9f-e49d79835c35@group-27D5C272B0FE: changes role from  FOLLOWER to CANDIDATE at term 1 for changeToCandidate
2019-10-22 02:33:39,763 [Thread-581] INFO  impl.RoleInfo (RoleInfo.java:updateAndGet(143)) - 6f2be65d-ce7d-4814-9a9f-e49d79835c35: start LeaderElection
2019-10-22 02:33:39,792 [6f2be65d-ce7d-4814-9a9f-e49d79835c35@group-27D5C272B0FE-LeaderElection12] INFO  impl.LeaderElection (LeaderElection.java:askForVotes(178)) - 6f2be65d-ce7d-4814-9a9f-e49d79835c35@group-27D5C272B0FE-LeaderElection12: begin an election at term 2 for 0: [6f2be65d-ce7d-4814-9a9f-e49d79835c35:192.168.34.14:36170], old=null
2019-10-22 02:33:39,793 [6f2be65d-ce7d-4814-9a9f-e49d79835c35@group-27D5C272B0FE-LeaderElection12] INFO  impl.RoleInfo (RoleInfo.java:shutdownLeaderElection(134)) - 6f2be65d-ce7d-4814-9a9f-e49d79835c35: shutdown LeaderElection
2019-10-22 02:33:39,793 [6f2be65d-ce7d-4814-9a9f-e49d79835c35@group-27D5C272B0FE-LeaderElection12] INFO  impl.RaftServerImpl (RaftServerImpl.java:setRole(184)) - 6f2be65d-ce7d-4814-9a9f-e49d79835c35@group-27D5C272B0FE: changes role from CANDIDATE to LEADER at term 2 for changeToLeader
2019-10-22 02:33:39,793 [6f2be65d-ce7d-4814-9a9f-e49d79835c35@group-27D5C272B0FE-LeaderElection12] INFO  impl.RaftServerImpl (ServerState.java:setLeader(256)) - 6f2be65d-ce7d-4814-9a9f-e49d79835c35@group-27D5C272B0FE: change Leader from null to 6f2be65d-ce7d-4814-9a9f-e49d79835c35 at term 2 for becomeLeader, leader elected after 2150ms
2019-10-22 02:33:39,794 [6f2be65d-ce7d-4814-9a9f-e49d79835c35@group-27D5C272B0FE-LeaderElection12] INFO  server.RaftServerConfigKeys (ConfUtils.java:logGet(43)) - raft.server.staging.catchup.gap = 1000 (default)
2019-10-22 02:33:39,794 [6f2be65d-ce7d-4814-9a9f-e49d79835c35@group-27D5C272B0FE-LeaderElection12] INFO  server.RaftServerConfigKeys (ConfUtils.java:logGet(43)) - raft.server.rpc.sleep.time = 25ms (default)
2019-10-22 02:33:39,795 [6f2be65d-ce7d-4814-9a9f-e49d79835c35@group-27D5C272B0FE-LeaderElection12] INFO  server.RaftServerConfigKeys (ConfUtils.java:logGet(43)) - raft.server.write.element-limit = 4096 (default)
2019-10-22 02:33:39,795 [6f2be65d-ce7d-4814-9a9f-e49d79835c35@group-27D5C272B0FE-LeaderElection12] INFO  server.RaftServerConfigKeys (ConfUtils.java:logGet(43)) - raft.server.watch.timeout = 10s (default)
2019-10-22 02:33:39,795 [6f2be65d-ce7d-4814-9a9f-e49d79835c35@group-27D5C272B0FE-LeaderElection12] INFO  server.RaftServerConfigKeys (ConfUtils.java:logGet(43)) - raft.server.watch.timeout.denomination = 1s (default)
2019-10-22 02:33:39,795 [6f2be65d-ce7d-4814-9a9f-e49d79835c35@group-27D5C272B0FE-LeaderElection12] INFO  server.RaftServerConfigKeys (ConfUtils.java:logGet(43)) - raft.server.watch.element-limit = 65536 (default)
2019-10-22 02:33:39,795 [6f2be65d-ce7d-4814-9a9f-e49d79835c35@group-27D5C272B0FE-LeaderElection12] INFO  impl.RoleInfo (RoleInfo.java:updateAndGet(143)) - 6f2be65d-ce7d-4814-9a9f-e49d79835c35: start LeaderState
2019-10-22 02:33:39,796 [6f2be65d-ce7d-4814-9a9f-e49d79835c35@group-27D5C272B0FE-LeaderElection12] INFO  segmented.SegmentedRaftLogWorker (SegmentedRaftLogWorker.java:rollLogSegment(390)) - 6f2be65d-ce7d-4814-9a9f-e49d79835c35@group-27D5C272B0FE-SegmentedRaftLogWorker: Rolling segment log-0_0 to index:0
2019-10-22 02:33:39,798 [6f2be65d-ce7d-4814-9a9f-e49d79835c35@group-27D5C272B0FE-LeaderElection12] INFO  impl.RaftServerImpl (ServerState.java:setRaftConf(357)) - 6f2be65d-ce7d-4814-9a9f-e49d79835c35@group-27D5C272B0FE: set configuration 1: [6f2be65d-ce7d-4814-9a9f-e49d79835c35:192.168.34.14:36170], old=null at 1
2019-10-22 02:33:39,800 [6f2be65d-ce7d-4814-9a9f-e49d79835c35@group-27D5C272B0FE-SegmentedRaftLogWorker] INFO  segmented.SegmentedRaftLogWorker (SegmentedRaftLogWorker.java:execute(533)) - 6f2be65d-ce7d-4814-9a9f-e49d79835c35@group-27D5C272B0FE-SegmentedRaftLogWorker: Rolled log segment from /workdir/hadoop-ozone/integration-test/target/test-dir/MiniOzoneClusterImpl-1e1cbef6-da44-444b-ac78-b5a442d7a72a/datanode-2/data/ratis/9322de82-6691-4836-916e-27d5c272b0fe/current/log_inprogress_0 to /workdir/hadoop-ozone/integration-test/target/test-dir/MiniOzoneClusterImpl-1e1cbef6-da44-444b-ac78-b5a442d7a72a/datanode-2/data/ratis/9322de82-6691-4836-916e-27d5c272b0fe/current/log_0-0
2019-10-22 02:33:39,825 [Thread-580] INFO  impl.FollowerState (FollowerState.java:run(108)) - 6f2be65d-ce7d-4814-9a9f-e49d79835c35@group-8E192697A9CF-FollowerState: change to CANDIDATE, lastRpcTime:171ms, electionTimeout:171ms
2019-10-22 02:33:39,825 [Thread-580] INFO  impl.RoleInfo (RoleInfo.java:shutdownFollowerState(121)) - 6f2be65d-ce7d-4814-9a9f-e49d79835c35: shutdown FollowerState
2019-10-22 02:33:39,825 [Thread-580] INFO  impl.RaftServerImpl (RaftServerImpl.java:setRole(184)) - 6f2be65d-ce7d-4814-9a9f-e49d79835c35@group-8E192697A9CF: changes role from  FOLLOWER to CANDIDATE at term 6 for changeToCandidate
2019-10-22 02:33:39,825 [Thread-580] INFO  impl.RoleInfo (RoleInfo.java:updateAndGet(143)) - 6f2be65d-ce7d-4814-9a9f-e49d79835c35: start LeaderElection
2019-10-22 02:33:39,848 [6f2be65d-ce7d-4814-9a9f-e49d79835c35@group-27D5C272B0FE-SegmentedRaftLogWorker] INFO  segmented.SegmentedRaftLogWorker (SegmentedRaftLogWorker.java:execute(576)) - 6f2be65d-ce7d-4814-9a9f-e49d79835c35@group-27D5C272B0FE-SegmentedRaftLogWorker: created new log segment /workdir/hadoop-ozone/integration-test/target/test-dir/MiniOzoneClusterImpl-1e1cbef6-da44-444b-ac78-b5a442d7a72a/datanode-2/data/ratis/9322de82-6691-4836-916e-27d5c272b0fe/current/log_inprogress_1
2019-10-22 02:33:39,848 [6f2be65d-ce7d-4814-9a9f-e49d79835c35@group-8E192697A9CF-LeaderElection13] INFO  impl.LeaderElection (LeaderElection.java:askForVotes(178)) - 6f2be65d-ce7d-4814-9a9f-e49d79835c35@group-8E192697A9CF-LeaderElection13: begin an election at term 7 for 0: [6dc62414-4100-415b-916b-e9f0081ca22e:192.168.34.14:40542, 6f2be65d-ce7d-4814-9a9f-e49d79835c35:192.168.34.14:36170, ddae0d8b-c866-4e5c-81a7-eef12a7bc666:192.168.34.14:38819], old=null
2019-10-22 02:33:39,858 [6f2be65d-ce7d-4814-9a9f-e49d79835c35@group-8E192697A9CF-LeaderElection13] INFO  impl.LeaderElection (LeaderElection.java:logAndReturn(56)) - 6f2be65d-ce7d-4814-9a9f-e49d79835c35@group-8E192697A9CF-LeaderElection13: Election TIMEOUT; received 0 response(s) [] and 0 exception(s); 6f2be65d-ce7d-4814-9a9f-e49d79835c35@group-8E192697A9CF:t7, leader=null, voted=6f2be65d-ce7d-4814-9a9f-e49d79835c35, raftlog=6f2be65d-ce7d-4814-9a9f-e49d79835c35@group-8E192697A9CF-SegmentedRaftLog:OPENED:c3,f4,i4, conf=0: [6dc62414-4100-415b-916b-e9f0081ca22e:192.168.34.14:40542, 6f2be65d-ce7d-4814-9a9f-e49d79835c35:192.168.34.14:36170, ddae0d8b-c866-4e5c-81a7-eef12a7bc666:192.168.34.14:38819], old=null
2019-10-22 02:33:39,862 [grpc-default-executor-2] INFO  impl.RaftServerImpl (ServerState.java:setLeader(256)) - 6dc62414-4100-415b-916b-e9f0081ca22e@group-8E192697A9CF: change Leader from 6dc62414-4100-415b-916b-e9f0081ca22e to null at term 7 for updateCurrentTerm
2019-10-22 02:33:39,863 [grpc-default-executor-3] INFO  impl.RaftServerImpl (ServerState.java:setLeader(256)) - ddae0d8b-c866-4e5c-81a7-eef12a7bc666@group-8E192697A9CF: change Leader from 6dc62414-4100-415b-916b-e9f0081ca22e to null at term 7 for updateCurrentTerm
2019-10-22 02:33:39,863 [6f2be65d-ce7d-4814-9a9f-e49d79835c35@group-8E192697A9CF-LeaderElection13] INFO  impl.LeaderElection (LeaderElection.java:askForVotes(178)) - 6f2be65d-ce7d-4814-9a9f-e49d79835c35@group-8E192697A9CF-LeaderElection13: begin an election at term 8 for 0: [6dc62414-4100-415b-916b-e9f0081ca22e:192.168.34.14:40542, 6f2be65d-ce7d-4814-9a9f-e49d79835c35:192.168.34.14:36170, ddae0d8b-c866-4e5c-81a7-eef12a7bc666:192.168.34.14:38819], old=null
2019-10-22 02:33:39,864 [grpc-default-executor-2] INFO  impl.RaftServerImpl (RaftServerImpl.java:setRole(184)) - 6dc62414-4100-415b-916b-e9f0081ca22e@group-8E192697A9CF: changes role from    LEADER to FOLLOWER at term 7 for recognizeCandidate:6f2be65d-ce7d-4814-9a9f-e49d79835c35
2019-10-22 02:33:39,864 [grpc-default-executor-3] INFO  impl.RaftServerImpl (RaftServerImpl.java:setRole(184)) - ddae0d8b-c866-4e5c-81a7-eef12a7bc666@group-8E192697A9CF: changes role from  FOLLOWER to FOLLOWER at term 7 for recognizeCandidate:6f2be65d-ce7d-4814-9a9f-e49d79835c35
2019-10-22 02:33:39,864 [grpc-default-executor-2] INFO  impl.RoleInfo (RoleInfo.java:shutdownLeaderState(104)) - 6dc62414-4100-415b-916b-e9f0081ca22e: shutdown LeaderState
2019-10-22 02:33:39,865 [grpc-default-executor-3] INFO  impl.RoleInfo (RoleInfo.java:shutdownFollowerState(121)) - ddae0d8b-c866-4e5c-81a7-eef12a7bc666: shutdown FollowerState
2019-10-22 02:33:39,867 [grpc-default-executor-2] INFO  impl.PendingRequests (PendingRequests.java:sendNotLeaderResponses(202)) - 6dc62414-4100-415b-916b-e9f0081ca22e@group-8E192697A9CF-PendingRequests: sendNotLeaderResponses
2019-10-22 02:33:39,867 [Thread-260] INFO  impl.FollowerState (FollowerState.java:run(117)) - ddae0d8b-c866-4e5c-81a7-eef12a7bc666@group-8E192697A9CF-FollowerState was interrupted: java.lang.InterruptedException: sleep interrupted
2019-10-22 02:33:39,867 [grpc-default-executor-3] INFO  impl.RoleInfo (RoleInfo.java:updateAndGet(143)) - ddae0d8b-c866-4e5c-81a7-eef12a7bc666: start FollowerState
2019-10-22 02:33:39,867 [org.apache.ratis.server.impl.LogAppender$AppenderDaemon$$Lambda$394/667001541@4879213c] WARN  server.GrpcLogAppender (GrpcLogAppender.java:mayWait(149)) - 6dc62414-4100-415b-916b-e9f0081ca22e@group-8E192697A9CF->6f2be65d-ce7d-4814-9a9f-e49d79835c35-GrpcLogAppender: Wait interrupted by java.lang.InterruptedException
2019-10-22 02:33:39,867 [org.apache.ratis.server.impl.LogAppender$AppenderDaemon$$Lambda$394/667001541@797b6f74] WARN  server.GrpcLogAppender (GrpcLogAppender.java:mayWait(149)) - 6dc62414-4100-415b-916b-e9f0081ca22e@group-8E192697A9CF->ddae0d8b-c866-4e5c-81a7-eef12a7bc666-GrpcLogAppender: Wait interrupted by java.lang.InterruptedException
2019-10-22 02:33:39,872 [Thread-592] INFO  client.GrpcClientProtocolService (GrpcClientProtocolService.java:lambda$processClientRequest$0(278)) - Failed RaftClientRequest:client-C9AE8EA1E005->6dc62414-4100-415b-916b-e9f0081ca22e@group-8E192697A9CF, cid=10, seq=0, Watch-ALL_COMMITTED(6), Message:<EMPTY>, reply=RaftClientReply:client-C9AE8EA1E005->6dc62414-4100-415b-916b-e9f0081ca22e@group-8E192697A9CF, cid=10, FAILED org.apache.ratis.protocol.NotLeaderException: Server 6dc62414-4100-415b-916b-e9f0081ca22e@group-8E192697A9CF is not the leader, logIndex=0, commits[6dc62414-4100-415b-916b-e9f0081ca22e:c10, 6f2be65d-ce7d-4814-9a9f-e49d79835c35:c4, ddae0d8b-c866-4e5c-81a7-eef12a7bc666:c10]
2019-10-22 02:33:39,873 [grpc-default-executor-2] INFO  impl.RoleInfo (RoleInfo.java:updateAndGet(143)) - 6dc62414-4100-415b-916b-e9f0081ca22e: start FollowerState
2019-10-22 02:33:39,874 [grpc-default-executor-4] INFO  server.GrpcServerProtocolService (GrpcServerProtocolService.java:onCompleted(113)) - ddae0d8b-c866-4e5c-81a7-eef12a7bc666: Completed APPEND_ENTRIES, lastRequest: 6dc62414-4100-415b-916b-e9f0081ca22e->ddae0d8b-c866-4e5c-81a7-eef12a7bc666#52-t6, previous=(t:6, i:10), leaderCommit=10, initializing? false, entries: <empty>
2019-10-22 02:33:39,885 [grpc-default-executor-7] INFO  server.GrpcLogAppender (GrpcLogAppender.java:onCompleted(308)) - 6dc62414-4100-415b-916b-e9f0081ca22e@group-8E192697A9CF->ddae0d8b-c866-4e5c-81a7-eef12a7bc666-AppendLogResponseHandler: follower responses appendEntries COMPLETED
2019-10-22 02:33:39,887 [grpc-default-executor-4] INFO  impl.RaftServerImpl (RaftServerImpl.java:setRole(184)) - 6dc62414-4100-415b-916b-e9f0081ca22e@group-8E192697A9CF: changes role from  FOLLOWER to FOLLOWER at term 8 for recognizeCandidate:6f2be65d-ce7d-4814-9a9f-e49d79835c35
2019-10-22 02:33:39,887 [grpc-default-executor-5] INFO  impl.RaftServerImpl (RaftServerImpl.java:setRole(184)) - ddae0d8b-c866-4e5c-81a7-eef12a7bc666@group-8E192697A9CF: changes role from  FOLLOWER to FOLLOWER at term 8 for recognizeCandidate:6f2be65d-ce7d-4814-9a9f-e49d79835c35
2019-10-22 02:33:39,887 [grpc-default-executor-4] INFO  impl.RoleInfo (RoleInfo.java:shutdownFollowerState(121)) - 6dc62414-4100-415b-916b-e9f0081ca22e: shutdown FollowerState
2019-10-22 02:33:39,887 [grpc-default-executor-5] INFO  impl.RoleInfo (RoleInfo.java:shutdownFollowerState(121)) - ddae0d8b-c866-4e5c-81a7-eef12a7bc666: shutdown FollowerState
2019-10-22 02:33:39,888 [Thread-593] INFO  impl.FollowerState (FollowerState.java:run(117)) - 6dc62414-4100-415b-916b-e9f0081ca22e@group-8E192697A9CF-FollowerState was interrupted: java.lang.InterruptedException: sleep interrupted
2019-10-22 02:33:39,888 [Thread-591] INFO  impl.FollowerState (FollowerState.java:run(117)) - ddae0d8b-c866-4e5c-81a7-eef12a7bc666@group-8E192697A9CF-FollowerState was interrupted: java.lang.InterruptedException: sleep interrupted
2019-10-22 02:33:39,888 [grpc-default-executor-5] INFO  impl.RoleInfo (RoleInfo.java:updateAndGet(143)) - ddae0d8b-c866-4e5c-81a7-eef12a7bc666: start FollowerState
2019-10-22 02:33:39,888 [grpc-default-executor-4] INFO  impl.RoleInfo (RoleInfo.java:updateAndGet(143)) - 6dc62414-4100-415b-916b-e9f0081ca22e: start FollowerState
2019-10-22 02:33:39,890 [grpc-default-executor-7] INFO  impl.FollowerInfo (FollowerInfo.java:lambda$new$0(51)) - 6dc62414-4100-415b-916b-e9f0081ca22e@group-8E192697A9CF->ddae0d8b-c866-4e5c-81a7-eef12a7bc666: nextIndex: updateUnconditionally 11 -> 10
2019-10-22 02:33:39,909 [6f2be65d-ce7d-4814-9a9f-e49d79835c35@group-8E192697A9CF-LeaderElection13] INFO  impl.LeaderElection (LeaderElection.java:logAndReturn(56)) - 6f2be65d-ce7d-4814-9a9f-e49d79835c35@group-8E192697A9CF-LeaderElection13: Election REJECTED; received 2 response(s) [6f2be65d-ce7d-4814-9a9f-e49d79835c35<-6dc62414-4100-415b-916b-e9f0081ca22e#0:FAIL-t8, 6f2be65d-ce7d-4814-9a9f-e49d79835c35<-ddae0d8b-c866-4e5c-81a7-eef12a7bc666#0:FAIL-t8] and 0 exception(s); 6f2be65d-ce7d-4814-9a9f-e49d79835c35@group-8E192697A9CF:t8, leader=null, voted=6f2be65d-ce7d-4814-9a9f-e49d79835c35, raftlog=6f2be65d-ce7d-4814-9a9f-e49d79835c35@group-8E192697A9CF-SegmentedRaftLog:OPENED:c3,f4,i4, conf=0: [6dc62414-4100-415b-916b-e9f0081ca22e:192.168.34.14:40542, 6f2be65d-ce7d-4814-9a9f-e49d79835c35:192.168.34.14:36170, ddae0d8b-c866-4e5c-81a7-eef12a7bc666:192.168.34.14:38819], old=null
2019-10-22 02:33:39,909 [6f2be65d-ce7d-4814-9a9f-e49d79835c35@group-8E192697A9CF-LeaderElection13] INFO  impl.RaftServerImpl (RaftServerImpl.java:setRole(184)) - 6f2be65d-ce7d-4814-9a9f-e49d79835c35@group-8E192697A9CF: changes role from CANDIDATE to FOLLOWER at term 8 for DISCOVERED_A_NEW_TERM
2019-10-22 02:33:39,911 [6f2be65d-ce7d-4814-9a9f-e49d79835c35@group-8E192697A9CF-LeaderElection13] INFO  impl.RoleInfo (RoleInfo.java:shutdownLeaderElection(134)) - 6f2be65d-ce7d-4814-9a9f-e49d79835c35: shutdown LeaderElection
2019-10-22 02:33:39,911 [6f2be65d-ce7d-4814-9a9f-e49d79835c35@group-8E192697A9CF-LeaderElection13] INFO  impl.RoleInfo (RoleInfo.java:updateAndGet(143)) - 6f2be65d-ce7d-4814-9a9f-e49d79835c35: start FollowerState
2019-10-22 02:33:40,016 [Thread-597] INFO  impl.FollowerState (FollowerState.java:run(108)) - 6f2be65d-ce7d-4814-9a9f-e49d79835c35@group-8E192697A9CF-FollowerState: change to CANDIDATE, lastRpcTime:105ms, electionTimeout:104ms
2019-10-22 02:33:40,018 [Thread-597] INFO  impl.RoleInfo (RoleInfo.java:shutdownFollowerState(121)) - 6f2be65d-ce7d-4814-9a9f-e49d79835c35: shutdown FollowerState
2019-10-22 02:33:40,018 [Thread-597] INFO  impl.RaftServerImpl (RaftServerImpl.java:setRole(184)) - 6f2be65d-ce7d-4814-9a9f-e49d79835c35@group-8E192697A9CF: changes role from  FOLLOWER to CANDIDATE at term 8 for changeToCandidate
2019-10-22 02:33:40,018 [Thread-597] INFO  impl.RoleInfo (RoleInfo.java:updateAndGet(143)) - 6f2be65d-ce7d-4814-9a9f-e49d79835c35: start LeaderElection
2019-10-22 02:33:40,034 [6f2be65d-ce7d-4814-9a9f-e49d79835c35@group-8E192697A9CF-LeaderElection14] INFO  impl.LeaderElection (LeaderElection.java:askForVotes(178)) - 6f2be65d-ce7d-4814-9a9f-e49d79835c35@group-8E192697A9CF-LeaderElection14: begin an election at term 9 for 0: [6dc62414-4100-415b-916b-e9f0081ca22e:192.168.34.14:40542, 6f2be65d-ce7d-4814-9a9f-e49d79835c35:192.168.34.14:36170, ddae0d8b-c866-4e5c-81a7-eef12a7bc666:192.168.34.14:38819], old=null
2019-10-22 02:33:40,039 [grpc-default-executor-5] INFO  impl.RaftServerImpl (RaftServerImpl.java:setRole(184)) - ddae0d8b-c866-4e5c-81a7-eef12a7bc666@group-8E192697A9CF: changes role from  FOLLOWER to FOLLOWER at term 9 for recognizeCandidate:6f2be65d-ce7d-4814-9a9f-e49d79835c35
2019-10-22 02:33:40,039 [grpc-default-executor-4] INFO  impl.RaftServerImpl (RaftServerImpl.java:setRole(184)) - 6dc62414-4100-415b-916b-e9f0081ca22e@group-8E192697A9CF: changes role from  FOLLOWER to FOLLOWER at term 9 for recognizeCandidate:6f2be65d-ce7d-4814-9a9f-e49d79835c35
2019-10-22 02:33:40,039 [grpc-default-executor-5] INFO  impl.RoleInfo (RoleInfo.java:shutdownFollowerState(121)) - ddae0d8b-c866-4e5c-81a7-eef12a7bc666: shutdown FollowerState
2019-10-22 02:33:40,039 [grpc-default-executor-4] INFO  impl.RoleInfo (RoleInfo.java:shutdownFollowerState(121)) - 6dc62414-4100-415b-916b-e9f0081ca22e: shutdown FollowerState
2019-10-22 02:33:40,039 [grpc-default-executor-5] INFO  impl.RoleInfo (RoleInfo.java:updateAndGet(143)) - ddae0d8b-c866-4e5c-81a7-eef12a7bc666: start FollowerState
2019-10-22 02:33:40,040 [grpc-default-executor-4] INFO  impl.RoleInfo (RoleInfo.java:updateAndGet(143)) - 6dc62414-4100-415b-916b-e9f0081ca22e: start FollowerState
2019-10-22 02:33:40,039 [Thread-596] INFO  impl.FollowerState (FollowerState.java:run(117)) - ddae0d8b-c866-4e5c-81a7-eef12a7bc666@group-8E192697A9CF-FollowerState was interrupted: java.lang.InterruptedException: sleep interrupted
2019-10-22 02:33:40,040 [Thread-595] INFO  impl.FollowerState (FollowerState.java:run(117)) - 6dc62414-4100-415b-916b-e9f0081ca22e@group-8E192697A9CF-FollowerState was interrupted: java.lang.InterruptedException: sleep interrupted
2019-10-22 02:33:40,057 [6f2be65d-ce7d-4814-9a9f-e49d79835c35@group-8E192697A9CF-LeaderElection14] INFO  impl.LeaderElection (LeaderElection.java:logAndReturn(56)) - 6f2be65d-ce7d-4814-9a9f-e49d79835c35@group-8E192697A9CF-LeaderElection14: Election REJECTED; received 2 response(s) [6f2be65d-ce7d-4814-9a9f-e49d79835c35<-6dc62414-4100-415b-916b-e9f0081ca22e#0:FAIL-t9, 6f2be65d-ce7d-4814-9a9f-e49d79835c35<-ddae0d8b-c866-4e5c-81a7-eef12a7bc666#0:FAIL-t9] and 0 exception(s); 6f2be65d-ce7d-4814-9a9f-e49d79835c35@group-8E192697A9CF:t9, leader=null, voted=6f2be65d-ce7d-4814-9a9f-e49d79835c35, raftlog=6f2be65d-ce7d-4814-9a9f-e49d79835c35@group-8E192697A9CF-SegmentedRaftLog:OPENED:c3,f4,i4, conf=0: [6dc62414-4100-415b-916b-e9f0081ca22e:192.168.34.14:40542, 6f2be65d-ce7d-4814-9a9f-e49d79835c35:192.168.34.14:36170, ddae0d8b-c866-4e5c-81a7-eef12a7bc666:192.168.34.14:38819], old=null
2019-10-22 02:33:40,057 [6f2be65d-ce7d-4814-9a9f-e49d79835c35@group-8E192697A9CF-LeaderElection14] INFO  impl.RaftServerImpl (RaftServerImpl.java:setRole(184)) - 6f2be65d-ce7d-4814-9a9f-e49d79835c35@group-8E192697A9CF: changes role from CANDIDATE to FOLLOWER at term 9 for DISCOVERED_A_NEW_TERM
2019-10-22 02:33:40,058 [6f2be65d-ce7d-4814-9a9f-e49d79835c35@group-8E192697A9CF-LeaderElection14] INFO  impl.RoleInfo (RoleInfo.java:shutdownLeaderElection(134)) - 6f2be65d-ce7d-4814-9a9f-e49d79835c35: shutdown LeaderElection
2019-10-22 02:33:40,059 [6f2be65d-ce7d-4814-9a9f-e49d79835c35@group-8E192697A9CF-LeaderElection14] INFO  impl.RoleInfo (RoleInfo.java:updateAndGet(143)) - 6f2be65d-ce7d-4814-9a9f-e49d79835c35: start FollowerState
2019-10-22 02:33:40,189 [Thread-603] INFO  impl.FollowerState (FollowerState.java:run(108)) - 6f2be65d-ce7d-4814-9a9f-e49d79835c35@group-8E192697A9CF-FollowerState: change to CANDIDATE, lastRpcTime:130ms, electionTimeout:129ms
2019-10-22 02:33:40,190 [Thread-603] INFO  impl.RoleInfo (RoleInfo.java:shutdownFollowerState(121)) - 6f2be65d-ce7d-4814-9a9f-e49d79835c35: shutdown FollowerState
2019-10-22 02:33:40,190 [Thread-603] INFO  impl.RaftServerImpl (RaftServerImpl.java:setRole(184)) - 6f2be65d-ce7d-4814-9a9f-e49d79835c35@group-8E192697A9CF: changes role from  FOLLOWER to CANDIDATE at term 9 for changeToCandidate
2019-10-22 02:33:40,191 [Thread-603] INFO  impl.RoleInfo (RoleInfo.java:updateAndGet(143)) - 6f2be65d-ce7d-4814-9a9f-e49d79835c35: start LeaderElection
2019-10-22 02:33:40,192 [pool-7-thread-2] INFO  commands.RetriableDatanodeEventWatcher (RetriableDatanodeEventWatcher.java:onTimeout(47)) - RetriableDatanodeCommand type=deleteBlocksCommand with id=1571711616189 timed out. Retrying.
2019-10-22 02:33:40,193 [pool-7-thread-1] INFO  commands.RetriableDatanodeEventWatcher (RetriableDatanodeEventWatcher.java:onTimeout(47)) - RetriableDatanodeCommand type=deleteBlocksCommand with id=1571711616191 timed out. Retrying.
2019-10-22 02:33:40,193 [pool-7-thread-3] INFO  commands.RetriableDatanodeEventWatcher (RetriableDatanodeEventWatcher.java:onTimeout(47)) - RetriableDatanodeCommand type=deleteBlocksCommand with id=1571711616193 timed out. Retrying.
2019-10-22 02:33:40,193 [pool-7-thread-4] INFO  commands.RetriableDatanodeEventWatcher (RetriableDatanodeEventWatcher.java:onTimeout(47)) - RetriableDatanodeCommand type=deleteBlocksCommand with id=1571711616194 timed out. Retrying.
2019-10-22 02:33:40,194 [SCMBlockDeletingService#1] INFO  block.SCMBlockDeletingService (SCMBlockDeletingService.java:call(184)) - Totally added 1 delete blocks command for 1 datanodes, task elapsed time: 1ms
2019-10-22 02:33:40,206 [6f2be65d-ce7d-4814-9a9f-e49d79835c35@group-8E192697A9CF-LeaderElection15] INFO  impl.LeaderElection (LeaderElection.java:askForVotes(178)) - 6f2be65d-ce7d-4814-9a9f-e49d79835c35@group-8E192697A9CF-LeaderElection15: begin an election at term 10 for 0: [6dc62414-4100-415b-916b-e9f0081ca22e:192.168.34.14:40542, 6f2be65d-ce7d-4814-9a9f-e49d79835c35:192.168.34.14:36170, ddae0d8b-c866-4e5c-81a7-eef12a7bc666:192.168.34.14:38819], old=null
2019-10-22 02:33:40,211 [grpc-default-executor-5] INFO  impl.RaftServerImpl (RaftServerImpl.java:setRole(184)) - ddae0d8b-c866-4e5c-81a7-eef12a7bc666@group-8E192697A9CF: changes role from  FOLLOWER to FOLLOWER at term 10 for recognizeCandidate:6f2be65d-ce7d-4814-9a9f-e49d79835c35
2019-10-22 02:33:40,211 [grpc-default-executor-4] INFO  impl.RaftServerImpl (RaftServerImpl.java:setRole(184)) - 6dc62414-4100-415b-916b-e9f0081ca22e@group-8E192697A9CF: changes role from  FOLLOWER to FOLLOWER at term 10 for recognizeCandidate:6f2be65d-ce7d-4814-9a9f-e49d79835c35
2019-10-22 02:33:40,211 [grpc-default-executor-5] INFO  impl.RoleInfo (RoleInfo.java:shutdownFollowerState(121)) - ddae0d8b-c866-4e5c-81a7-eef12a7bc666: shutdown FollowerState
2019-10-22 02:33:40,211 [grpc-default-executor-4] INFO  impl.RoleInfo (RoleInfo.java:shutdownFollowerState(121)) - 6dc62414-4100-415b-916b-e9f0081ca22e: shutdown FollowerState
2019-10-22 02:33:40,211 [Thread-601] INFO  impl.FollowerState (FollowerState.java:run(117)) - ddae0d8b-c866-4e5c-81a7-eef12a7bc666@group-8E192697A9CF-FollowerState was interrupted: java.lang.InterruptedException: sleep interrupted
2019-10-22 02:33:40,212 [grpc-default-executor-4] INFO  impl.RoleInfo (RoleInfo.java:updateAndGet(143)) - 6dc62414-4100-415b-916b-e9f0081ca22e: start FollowerState
2019-10-22 02:33:40,211 [grpc-default-executor-5] INFO  impl.RoleInfo (RoleInfo.java:updateAndGet(143)) - ddae0d8b-c866-4e5c-81a7-eef12a7bc666: start FollowerState
2019-10-22 02:33:40,212 [Thread-602] INFO  impl.FollowerState (FollowerState.java:run(117)) - 6dc62414-4100-415b-916b-e9f0081ca22e@group-8E192697A9CF-FollowerState was interrupted: java.lang.InterruptedException: sleep interrupted
2019-10-22 02:33:40,228 [6f2be65d-ce7d-4814-9a9f-e49d79835c35@group-8E192697A9CF-LeaderElection15] INFO  impl.LeaderElection (LeaderElection.java:logAndReturn(56)) - 6f2be65d-ce7d-4814-9a9f-e49d79835c35@group-8E192697A9CF-LeaderElection15: Election REJECTED; received 2 response(s) [6f2be65d-ce7d-4814-9a9f-e49d79835c35<-6dc62414-4100-415b-916b-e9f0081ca22e#0:FAIL-t10, 6f2be65d-ce7d-4814-9a9f-e49d79835c35<-ddae0d8b-c866-4e5c-81a7-eef12a7bc666#0:FAIL-t10] and 0 exception(s); 6f2be65d-ce7d-4814-9a9f-e49d79835c35@group-8E192697A9CF:t10, leader=null, voted=6f2be65d-ce7d-4814-9a9f-e49d79835c35, raftlog=6f2be65d-ce7d-4814-9a9f-e49d79835c35@group-8E192697A9CF-SegmentedRaftLog:OPENED:c3,f4,i4, conf=0: [6dc62414-4100-415b-916b-e9f0081ca22e:192.168.34.14:40542, 6f2be65d-ce7d-4814-9a9f-e49d79835c35:192.168.34.14:36170, ddae0d8b-c866-4e5c-81a7-eef12a7bc666:192.168.34.14:38819], old=null
2019-10-22 02:33:40,228 [6f2be65d-ce7d-4814-9a9f-e49d79835c35@group-8E192697A9CF-LeaderElection15] INFO  impl.RaftServerImpl (RaftServerImpl.java:setRole(184)) - 6f2be65d-ce7d-4814-9a9f-e49d79835c35@group-8E192697A9CF: changes role from CANDIDATE to FOLLOWER at term 10 for DISCOVERED_A_NEW_TERM
2019-10-22 02:33:40,230 [6f2be65d-ce7d-4814-9a9f-e49d79835c35@group-8E192697A9CF-LeaderElection15] INFO  impl.RoleInfo (RoleInfo.java:shutdownLeaderElection(134)) - 6f2be65d-ce7d-4814-9a9f-e49d79835c35: shutdown LeaderElection
2019-10-22 02:33:40,230 [6f2be65d-ce7d-4814-9a9f-e49d79835c35@group-8E192697A9CF-LeaderElection15] INFO  impl.RoleInfo (RoleInfo.java:updateAndGet(143)) - 6f2be65d-ce7d-4814-9a9f-e49d79835c35: start FollowerState
2019-10-22 02:33:40,429 [Thread-609] INFO  impl.FollowerState (FollowerState.java:run(108)) - 6f2be65d-ce7d-4814-9a9f-e49d79835c35@group-8E192697A9CF-FollowerState: change to CANDIDATE, lastRpcTime:199ms, electionTimeout:198ms
2019-10-22 02:33:40,431 [Thread-609] INFO  impl.RoleInfo (RoleInfo.java:shutdownFollowerState(121)) - 6f2be65d-ce7d-4814-9a9f-e49d79835c35: shutdown FollowerState
2019-10-22 02:33:40,431 [Thread-609] INFO  impl.RaftServerImpl (RaftServerImpl.java:setRole(184)) - 6f2be65d-ce7d-4814-9a9f-e49d79835c35@group-8E192697A9CF: changes role from  FOLLOWER to CANDIDATE at term 10 for changeToCandidate
2019-10-22 02:33:40,431 [Thread-609] INFO  impl.RoleInfo (RoleInfo.java:updateAndGet(143)) - 6f2be65d-ce7d-4814-9a9f-e49d79835c35: start LeaderElection
2019-10-22 02:33:40,446 [6f2be65d-ce7d-4814-9a9f-e49d79835c35@group-8E192697A9CF-LeaderElection16] INFO  impl.LeaderElection (LeaderElection.java:askForVotes(178)) - 6f2be65d-ce7d-4814-9a9f-e49d79835c35@group-8E192697A9CF-LeaderElection16: begin an election at term 11 for 0: [6dc62414-4100-415b-916b-e9f0081ca22e:192.168.34.14:40542, 6f2be65d-ce7d-4814-9a9f-e49d79835c35:192.168.34.14:36170, ddae0d8b-c866-4e5c-81a7-eef12a7bc666:192.168.34.14:38819], old=null
2019-10-22 02:33:40,456 [grpc-default-executor-4] INFO  impl.RaftServerImpl (RaftServerImpl.java:setRole(184)) - ddae0d8b-c866-4e5c-81a7-eef12a7bc666@group-8E192697A9CF: changes role from  FOLLOWER to FOLLOWER at term 11 for recognizeCandidate:6f2be65d-ce7d-4814-9a9f-e49d79835c35
2019-10-22 02:33:40,456 [grpc-default-executor-5] INFO  impl.RaftServerImpl (RaftServerImpl.java:setRole(184)) - 6dc62414-4100-415b-916b-e9f0081ca22e@group-8E192697A9CF: changes role from  FOLLOWER to FOLLOWER at term 11 for recognizeCandidate:6f2be65d-ce7d-4814-9a9f-e49d79835c35
2019-10-22 02:33:40,456 [grpc-default-executor-4] INFO  impl.RoleInfo (RoleInfo.java:shutdownFollowerState(121)) - ddae0d8b-c866-4e5c-81a7-eef12a7bc666: shutdown FollowerState
2019-10-22 02:33:40,456 [grpc-default-executor-5] INFO  impl.RoleInfo (RoleInfo.java:shutdownFollowerState(121)) - 6dc62414-4100-415b-916b-e9f0081ca22e: shutdown FollowerState
2019-10-22 02:33:40,456 [Thread-607] INFO  impl.FollowerState (FollowerState.java:run(117)) - ddae0d8b-c866-4e5c-81a7-eef12a7bc666@group-8E192697A9CF-FollowerState was interrupted: java.lang.InterruptedException: sleep interrupted
2019-10-22 02:33:40,457 [Thread-608] INFO  impl.FollowerState (FollowerState.java:run(117)) - 6dc62414-4100-415b-916b-e9f0081ca22e@group-8E192697A9CF-FollowerState was interrupted: java.lang.InterruptedException: sleep interrupted
2019-10-22 02:33:40,456 [grpc-default-executor-4] INFO  impl.RoleInfo (RoleInfo.java:updateAndGet(143)) - ddae0d8b-c866-4e5c-81a7-eef12a7bc666: start FollowerState
2019-10-22 02:33:40,456 [grpc-default-executor-5] INFO  impl.RoleInfo (RoleInfo.java:updateAndGet(143)) - 6dc62414-4100-415b-916b-e9f0081ca22e: start FollowerState
2019-10-22 02:33:40,468 [6f2be65d-ce7d-4814-9a9f-e49d79835c35@group-8E192697A9CF-LeaderElection16] INFO  impl.LeaderElection (LeaderElection.java:logAndReturn(56)) - 6f2be65d-ce7d-4814-9a9f-e49d79835c35@group-8E192697A9CF-LeaderElection16: Election REJECTED; received 2 response(s) [6f2be65d-ce7d-4814-9a9f-e49d79835c35<-6dc62414-4100-415b-916b-e9f0081ca22e#0:FAIL-t11, 6f2be65d-ce7d-4814-9a9f-e49d79835c35<-ddae0d8b-c866-4e5c-81a7-eef12a7bc666#0:FAIL-t11] and 0 exception(s); 6f2be65d-ce7d-4814-9a9f-e49d79835c35@group-8E192697A9CF:t11, leader=null, voted=6f2be65d-ce7d-4814-9a9f-e49d79835c35, raftlog=6f2be65d-ce7d-4814-9a9f-e49d79835c35@group-8E192697A9CF-SegmentedRaftLog:OPENED:c3,f4,i4, conf=0: [6dc62414-4100-415b-916b-e9f0081ca22e:192.168.34.14:40542, 6f2be65d-ce7d-4814-9a9f-e49d79835c35:192.168.34.14:36170, ddae0d8b-c866-4e5c-81a7-eef12a7bc666:192.168.34.14:38819], old=null
2019-10-22 02:33:40,468 [6f2be65d-ce7d-4814-9a9f-e49d79835c35@group-8E192697A9CF-LeaderElection16] INFO  impl.RaftServerImpl (RaftServerImpl.java:setRole(184)) - 6f2be65d-ce7d-4814-9a9f-e49d79835c35@group-8E192697A9CF: changes role from CANDIDATE to FOLLOWER at term 11 for DISCOVERED_A_NEW_TERM
2019-10-22 02:33:40,469 [6f2be65d-ce7d-4814-9a9f-e49d79835c35@group-8E192697A9CF-LeaderElection16] INFO  impl.RoleInfo (RoleInfo.java:shutdownLeaderElection(134)) - 6f2be65d-ce7d-4814-9a9f-e49d79835c35: shutdown LeaderElection
2019-10-22 02:33:40,470 [6f2be65d-ce7d-4814-9a9f-e49d79835c35@group-8E192697A9CF-LeaderElection16] INFO  impl.RoleInfo (RoleInfo.java:updateAndGet(143)) - 6f2be65d-ce7d-4814-9a9f-e49d79835c35: start FollowerState
2019-10-22 02:33:40,472 [BlockDeletingService#2] WARN  background.BlockDeletingService (BlockDeletingService.java:isDeletionAllowed(187)) - Close Container log Index 6 is not replicated across allthe servers in the pipeline 82d9ec66-42fd-448b-b6da-8e192697a9cf as the min replicated index is 4. Deletion is not allowed in this container yet.
2019-10-22 02:33:40,473 [BlockDeletingService#2] WARN  background.BlockDeletingService (BlockDeletingService.java:isDeletionAllowed(187)) - Close Container log Index 6 is not replicated across allthe servers in the pipeline 82d9ec66-42fd-448b-b6da-8e192697a9cf as the min replicated index is 4. Deletion is not allowed in this container yet.
2019-10-22 02:33:40,614 [Thread-615] INFO  impl.FollowerState (FollowerState.java:run(108)) - 6f2be65d-ce7d-4814-9a9f-e49d79835c35@group-8E192697A9CF-FollowerState: change to CANDIDATE, lastRpcTime:144ms, electionTimeout:143ms
2019-10-22 02:33:40,614 [Thread-615] INFO  impl.RoleInfo (RoleInfo.java:shutdownFollowerState(121)) - 6f2be65d-ce7d-4814-9a9f-e49d79835c35: shutdown FollowerState
2019-10-22 02:33:40,614 [Thread-615] INFO  impl.RaftServerImpl (RaftServerImpl.java:setRole(184)) - 6f2be65d-ce7d-4814-9a9f-e49d79835c35@group-8E192697A9CF: changes role from  FOLLOWER to CANDIDATE at term 11 for changeToCandidate
2019-10-22 02:33:40,615 [Thread-615] INFO  impl.RoleInfo (RoleInfo.java:updateAndGet(143)) - 6f2be65d-ce7d-4814-9a9f-e49d79835c35: start LeaderElection
2019-10-22 02:33:40,631 [6f2be65d-ce7d-4814-9a9f-e49d79835c35@group-8E192697A9CF-LeaderElection17] INFO  impl.LeaderElection (LeaderElection.java:askForVotes(178)) - 6f2be65d-ce7d-4814-9a9f-e49d79835c35@group-8E192697A9CF-LeaderElection17: begin an election at term 12 for 0: [6dc62414-4100-415b-916b-e9f0081ca22e:192.168.34.14:40542, 6f2be65d-ce7d-4814-9a9f-e49d79835c35:192.168.34.14:36170, ddae0d8b-c866-4e5c-81a7-eef12a7bc666:192.168.34.14:38819], old=null
2019-10-22 02:33:40,636 [grpc-default-executor-5] INFO  impl.RaftServerImpl (RaftServerImpl.java:setRole(184)) - 6dc62414-4100-415b-916b-e9f0081ca22e@group-8E192697A9CF: changes role from  FOLLOWER to FOLLOWER at term 12 for recognizeCandidate:6f2be65d-ce7d-4814-9a9f-e49d79835c35
2019-10-22 02:33:40,636 [grpc-default-executor-4] INFO  impl.RaftServerImpl (RaftServerImpl.java:setRole(184)) - ddae0d8b-c866-4e5c-81a7-eef12a7bc666@group-8E192697A9CF: changes role from  FOLLOWER to FOLLOWER at term 12 for recognizeCandidate:6f2be65d-ce7d-4814-9a9f-e49d79835c35
2019-10-22 02:33:40,636 [grpc-default-executor-5] INFO  impl.RoleInfo (RoleInfo.java:shutdownFollowerState(121)) - 6dc62414-4100-415b-916b-e9f0081ca22e: shutdown FollowerState
2019-10-22 02:33:40,636 [grpc-default-executor-4] INFO  impl.RoleInfo (RoleInfo.java:shutdownFollowerState(121)) - ddae0d8b-c866-4e5c-81a7-eef12a7bc666: shutdown FollowerState
2019-10-22 02:33:40,637 [Thread-614] INFO  impl.FollowerState (FollowerState.java:run(117)) - 6dc62414-4100-415b-916b-e9f0081ca22e@group-8E192697A9CF-FollowerState was interrupted: java.lang.InterruptedException: sleep interrupted
2019-10-22 02:33:40,637 [grpc-default-executor-5] INFO  impl.RoleInfo (RoleInfo.java:updateAndGet(143)) - 6dc62414-4100-415b-916b-e9f0081ca22e: start FollowerState
2019-10-22 02:33:40,638 [Thread-613] INFO  impl.FollowerState (FollowerState.java:run(117)) - ddae0d8b-c866-4e5c-81a7-eef12a7bc666@group-8E192697A9CF-FollowerState was interrupted: java.lang.InterruptedException: sleep interrupted
2019-10-22 02:33:40,637 [grpc-default-executor-4] INFO  impl.RoleInfo (RoleInfo.java:updateAndGet(143)) - ddae0d8b-c866-4e5c-81a7-eef12a7bc666: start FollowerState
2019-10-22 02:33:40,655 [6f2be65d-ce7d-4814-9a9f-e49d79835c35@group-8E192697A9CF-LeaderElection17] INFO  impl.LeaderElection (LeaderElection.java:logAndReturn(56)) - 6f2be65d-ce7d-4814-9a9f-e49d79835c35@group-8E192697A9CF-LeaderElection17: Election REJECTED; received 2 response(s) [6f2be65d-ce7d-4814-9a9f-e49d79835c35<-6dc62414-4100-415b-916b-e9f0081ca22e#0:FAIL-t12, 6f2be65d-ce7d-4814-9a9f-e49d79835c35<-ddae0d8b-c866-4e5c-81a7-eef12a7bc666#0:FAIL-t12] and 0 exception(s); 6f2be65d-ce7d-4814-9a9f-e49d79835c35@group-8E192697A9CF:t12, leader=null, voted=6f2be65d-ce7d-4814-9a9f-e49d79835c35, raftlog=6f2be65d-ce7d-4814-9a9f-e49d79835c35@group-8E192697A9CF-SegmentedRaftLog:OPENED:c3,f4,i4, conf=0: [6dc62414-4100-415b-916b-e9f0081ca22e:192.168.34.14:40542, 6f2be65d-ce7d-4814-9a9f-e49d79835c35:192.168.34.14:36170, ddae0d8b-c866-4e5c-81a7-eef12a7bc666:192.168.34.14:38819], old=null
2019-10-22 02:33:40,655 [6f2be65d-ce7d-4814-9a9f-e49d79835c35@group-8E192697A9CF-LeaderElection17] INFO  impl.RaftServerImpl (RaftServerImpl.java:setRole(184)) - 6f2be65d-ce7d-4814-9a9f-e49d79835c35@group-8E192697A9CF: changes role from CANDIDATE to FOLLOWER at term 12 for DISCOVERED_A_NEW_TERM
2019-10-22 02:33:40,655 [6f2be65d-ce7d-4814-9a9f-e49d79835c35@group-8E192697A9CF-LeaderElection17] INFO  impl.RoleInfo (RoleInfo.java:shutdownLeaderElection(134)) - 6f2be65d-ce7d-4814-9a9f-e49d79835c35: shutdown LeaderElection
2019-10-22 02:33:40,662 [6f2be65d-ce7d-4814-9a9f-e49d79835c35@group-8E192697A9CF-LeaderElection17] INFO  impl.RoleInfo (RoleInfo.java:updateAndGet(143)) - 6f2be65d-ce7d-4814-9a9f-e49d79835c35: start FollowerState
2019-10-22 02:33:40,858 [Thread-623] INFO  impl.FollowerState (FollowerState.java:run(108)) - 6f2be65d-ce7d-4814-9a9f-e49d79835c35@group-8E192697A9CF-FollowerState: change to CANDIDATE, lastRpcTime:195ms, electionTimeout:195ms
2019-10-22 02:33:40,859 [Thread-623] INFO  impl.RoleInfo (RoleInfo.java:shutdownFollowerState(121)) - 6f2be65d-ce7d-4814-9a9f-e49d79835c35: shutdown FollowerState
2019-10-22 02:33:40,860 [Thread-623] INFO  impl.RaftServerImpl (RaftServerImpl.java:setRole(184)) - 6f2be65d-ce7d-4814-9a9f-e49d79835c35@group-8E192697A9CF: changes role from  FOLLOWER to CANDIDATE at term 12 for changeToCandidate
2019-10-22 02:33:40,860 [Thread-623] INFO  impl.RoleInfo (RoleInfo.java:updateAndGet(143)) - 6f2be65d-ce7d-4814-9a9f-e49d79835c35: start LeaderElection
2019-10-22 02:33:40,875 [6f2be65d-ce7d-4814-9a9f-e49d79835c35@group-8E192697A9CF-LeaderElection18] INFO  impl.LeaderElection (LeaderElection.java:askForVotes(178)) - 6f2be65d-ce7d-4814-9a9f-e49d79835c35@group-8E192697A9CF-LeaderElection18: begin an election at term 13 for 0: [6dc62414-4100-415b-916b-e9f0081ca22e:192.168.34.14:40542, 6f2be65d-ce7d-4814-9a9f-e49d79835c35:192.168.34.14:36170, ddae0d8b-c866-4e5c-81a7-eef12a7bc666:192.168.34.14:38819], old=null
2019-10-22 02:33:40,881 [grpc-default-executor-5] INFO  impl.RaftServerImpl (RaftServerImpl.java:setRole(184)) - ddae0d8b-c866-4e5c-81a7-eef12a7bc666@group-8E192697A9CF: changes role from  FOLLOWER to FOLLOWER at term 13 for recognizeCandidate:6f2be65d-ce7d-4814-9a9f-e49d79835c35
2019-10-22 02:33:40,881 [grpc-default-executor-4] INFO  impl.RaftServerImpl (RaftServerImpl.java:setRole(184)) - 6dc62414-4100-415b-916b-e9f0081ca22e@group-8E192697A9CF: changes role from  FOLLOWER to FOLLOWER at term 13 for recognizeCandidate:6f2be65d-ce7d-4814-9a9f-e49d79835c35
2019-10-22 02:33:40,881 [grpc-default-executor-5] INFO  impl.RoleInfo (RoleInfo.java:shutdownFollowerState(121)) - ddae0d8b-c866-4e5c-81a7-eef12a7bc666: shutdown FollowerState
2019-10-22 02:33:40,881 [grpc-default-executor-4] INFO  impl.RoleInfo (RoleInfo.java:shutdownFollowerState(121)) - 6dc62414-4100-415b-916b-e9f0081ca22e: shutdown FollowerState
2019-10-22 02:33:40,881 [Thread-622] INFO  impl.FollowerState (FollowerState.java:run(117)) - ddae0d8b-c866-4e5c-81a7-eef12a7bc666@group-8E192697A9CF-FollowerState was interrupted: java.lang.InterruptedException: sleep interrupted
2019-10-22 02:33:40,881 [Thread-621] INFO  impl.FollowerState (FollowerState.java:run(117)) - 6dc62414-4100-415b-916b-e9f0081ca22e@group-8E192697A9CF-FollowerState was interrupted: java.lang.InterruptedException: sleep interrupted
2019-10-22 02:33:40,881 [grpc-default-executor-5] INFO  impl.RoleInfo (RoleInfo.java:updateAndGet(143)) - ddae0d8b-c866-4e5c-81a7-eef12a7bc666: start FollowerState
2019-10-22 02:33:40,881 [grpc-default-executor-4] INFO  impl.RoleInfo (RoleInfo.java:updateAndGet(143)) - 6dc62414-4100-415b-916b-e9f0081ca22e: start FollowerState
2019-10-22 02:33:40,895 [6f2be65d-ce7d-4814-9a9f-e49d79835c35@group-8E192697A9CF-LeaderElection18] INFO  impl.LeaderElection (LeaderElection.java:logAndReturn(56)) - 6f2be65d-ce7d-4814-9a9f-e49d79835c35@group-8E192697A9CF-LeaderElection18: Election TIMEOUT; received 0 response(s) [] and 0 exception(s); 6f2be65d-ce7d-4814-9a9f-e49d79835c35@group-8E192697A9CF:t13, leader=null, voted=6f2be65d-ce7d-4814-9a9f-e49d79835c35, raftlog=6f2be65d-ce7d-4814-9a9f-e49d79835c35@group-8E192697A9CF-SegmentedRaftLog:OPENED:c3,f4,i4, conf=0: [6dc62414-4100-415b-916b-e9f0081ca22e:192.168.34.14:40542, 6f2be65d-ce7d-4814-9a9f-e49d79835c35:192.168.34.14:36170, ddae0d8b-c866-4e5c-81a7-eef12a7bc666:192.168.34.14:38819], old=null
2019-10-22 02:33:40,900 [Thread-631] INFO  client.GrpcClientProtocolService (GrpcClientProtocolService.java:lambda$processClientRequest$0(278)) - Failed RaftClientRequest:client-C9AE8EA1E005->ddae0d8b-c866-4e5c-81a7-eef12a7bc666@group-8E192697A9CF, cid=10, seq=0, Watch-ALL_COMMITTED(6), Message:<EMPTY>, reply=RaftClientReply:client-C9AE8EA1E005->ddae0d8b-c866-4e5c-81a7-eef12a7bc666@group-8E192697A9CF, cid=10, FAILED org.apache.ratis.protocol.NotLeaderException: Server ddae0d8b-c866-4e5c-81a7-eef12a7bc666@group-8E192697A9CF is not the leader, logIndex=0, commits[ddae0d8b-c866-4e5c-81a7-eef12a7bc666:c10, 6dc62414-4100-415b-916b-e9f0081ca22e:c10, 6f2be65d-ce7d-4814-9a9f-e49d79835c35:c4]
2019-10-22 02:33:40,901 [6f2be65d-ce7d-4814-9a9f-e49d79835c35@group-8E192697A9CF-LeaderElection18] INFO  impl.LeaderElection (LeaderElection.java:askForVotes(178)) - 6f2be65d-ce7d-4814-9a9f-e49d79835c35@group-8E192697A9CF-LeaderElection18: begin an election at term 14 for 0: [6dc62414-4100-415b-916b-e9f0081ca22e:192.168.34.14:40542, 6f2be65d-ce7d-4814-9a9f-e49d79835c35:192.168.34.14:36170, ddae0d8b-c866-4e5c-81a7-eef12a7bc666:192.168.34.14:38819], old=null
2019-10-22 02:33:40,909 [grpc-default-executor-4] INFO  impl.RaftServerImpl (RaftServerImpl.java:setRole(184)) - 6dc62414-4100-415b-916b-e9f0081ca22e@group-8E192697A9CF: changes role from  FOLLOWER to FOLLOWER at term 14 for recognizeCandidate:6f2be65d-ce7d-4814-9a9f-e49d79835c35
2019-10-22 02:33:40,910 [grpc-default-executor-4] INFO  impl.RoleInfo (RoleInfo.java:shutdownFollowerState(121)) - 6dc62414-4100-415b-916b-e9f0081ca22e: shutdown FollowerState
2019-10-22 02:33:40,910 [grpc-default-executor-4] INFO  impl.RoleInfo (RoleInfo.java:updateAndGet(143)) - 6dc62414-4100-415b-916b-e9f0081ca22e: start FollowerState
2019-10-22 02:33:40,910 [Thread-629] INFO  impl.FollowerState (FollowerState.java:run(117)) - 6dc62414-4100-415b-916b-e9f0081ca22e@group-8E192697A9CF-FollowerState was interrupted: java.lang.InterruptedException: sleep interrupted
2019-10-22 02:33:40,912 [grpc-default-executor-7] INFO  impl.RaftServerImpl (RaftServerImpl.java:setRole(184)) - ddae0d8b-c866-4e5c-81a7-eef12a7bc666@group-8E192697A9CF: changes role from  FOLLOWER to FOLLOWER at term 14 for recognizeCandidate:6f2be65d-ce7d-4814-9a9f-e49d79835c35
2019-10-22 02:33:40,913 [grpc-default-executor-7] INFO  impl.RoleInfo (RoleInfo.java:shutdownFollowerState(121)) - ddae0d8b-c866-4e5c-81a7-eef12a7bc666: shutdown FollowerState
2019-10-22 02:33:40,914 [grpc-default-executor-7] INFO  impl.RoleInfo (RoleInfo.java:updateAndGet(143)) - ddae0d8b-c866-4e5c-81a7-eef12a7bc666: start FollowerState
2019-10-22 02:33:40,914 [Thread-628] INFO  impl.FollowerState (FollowerState.java:run(117)) - ddae0d8b-c866-4e5c-81a7-eef12a7bc666@group-8E192697A9CF-FollowerState was interrupted: java.lang.InterruptedException: sleep interrupted
2019-10-22 02:33:40,931 [6f2be65d-ce7d-4814-9a9f-e49d79835c35@group-8E192697A9CF-LeaderElection18] INFO  impl.LeaderElection (LeaderElection.java:logAndReturn(56)) - 6f2be65d-ce7d-4814-9a9f-e49d79835c35@group-8E192697A9CF-LeaderElection18: Election REJECTED; received 2 response(s) [6f2be65d-ce7d-4814-9a9f-e49d79835c35<-6dc62414-4100-415b-916b-e9f0081ca22e#0:FAIL-t14, 6f2be65d-ce7d-4814-9a9f-e49d79835c35<-ddae0d8b-c866-4e5c-81a7-eef12a7bc666#0:FAIL-t14] and 0 exception(s); 6f2be65d-ce7d-4814-9a9f-e49d79835c35@group-8E192697A9CF:t14, leader=null, voted=6f2be65d-ce7d-4814-9a9f-e49d79835c35, raftlog=6f2be65d-ce7d-4814-9a9f-e49d79835c35@group-8E192697A9CF-SegmentedRaftLog:OPENED:c3,f4,i4, conf=0: [6dc62414-4100-415b-916b-e9f0081ca22e:192.168.34.14:40542, 6f2be65d-ce7d-4814-9a9f-e49d79835c35:192.168.34.14:36170, ddae0d8b-c866-4e5c-81a7-eef12a7bc666:192.168.34.14:38819], old=null
2019-10-22 02:33:40,931 [6f2be65d-ce7d-4814-9a9f-e49d79835c35@group-8E192697A9CF-LeaderElection18] INFO  impl.RaftServerImpl (RaftServerImpl.java:setRole(184)) - 6f2be65d-ce7d-4814-9a9f-e49d79835c35@group-8E192697A9CF: changes role from CANDIDATE to FOLLOWER at term 14 for DISCOVERED_A_NEW_TERM
2019-10-22 02:33:40,931 [6f2be65d-ce7d-4814-9a9f-e49d79835c35@group-8E192697A9CF-LeaderElection18] INFO  impl.RoleInfo (RoleInfo.java:shutdownLeaderElection(134)) - 6f2be65d-ce7d-4814-9a9f-e49d79835c35: shutdown LeaderElection
2019-10-22 02:33:40,931 [6f2be65d-ce7d-4814-9a9f-e49d79835c35@group-8E192697A9CF-LeaderElection18] INFO  impl.RoleInfo (RoleInfo.java:updateAndGet(143)) - 6f2be65d-ce7d-4814-9a9f-e49d79835c35: start FollowerState
2019-10-22 02:33:40,996 [Thread-637] INFO  impl.FollowerState (FollowerState.java:run(108)) - 6f2be65d-ce7d-4814-9a9f-e49d79835c35@group-8E192697A9CF-FollowerState: change to CANDIDATE, lastRpcTime:64ms, electionTimeout:64ms
2019-10-22 02:33:40,997 [Thread-637] INFO  impl.RoleInfo (RoleInfo.java:shutdownFollowerState(121)) - 6f2be65d-ce7d-4814-9a9f-e49d79835c35: shutdown FollowerState
2019-10-22 02:33:40,998 [Thread-637] INFO  impl.RaftServerImpl (RaftServerImpl.java:setRole(184)) - 6f2be65d-ce7d-4814-9a9f-e49d79835c35@group-8E192697A9CF: changes role from  FOLLOWER to CANDIDATE at term 14 for changeToCandidate
2019-10-22 02:33:40,998 [Thread-637] INFO  impl.RoleInfo (RoleInfo.java:updateAndGet(143)) - 6f2be65d-ce7d-4814-9a9f-e49d79835c35: start LeaderElection
2019-10-22 02:33:41,022 [6f2be65d-ce7d-4814-9a9f-e49d79835c35@group-8E192697A9CF-LeaderElection19] INFO  impl.LeaderElection (LeaderElection.java:askForVotes(178)) - 6f2be65d-ce7d-4814-9a9f-e49d79835c35@group-8E192697A9CF-LeaderElection19: begin an election at term 15 for 0: [6dc62414-4100-415b-916b-e9f0081ca22e:192.168.34.14:40542, 6f2be65d-ce7d-4814-9a9f-e49d79835c35:192.168.34.14:36170, ddae0d8b-c866-4e5c-81a7-eef12a7bc666:192.168.34.14:38819], old=null
2019-10-22 02:33:41,027 [grpc-default-executor-4] INFO  impl.RaftServerImpl (RaftServerImpl.java:setRole(184)) - 6dc62414-4100-415b-916b-e9f0081ca22e@group-8E192697A9CF: changes role from  FOLLOWER to FOLLOWER at term 15 for recognizeCandidate:6f2be65d-ce7d-4814-9a9f-e49d79835c35
2019-10-22 02:33:41,027 [grpc-default-executor-7] INFO  impl.RaftServerImpl (RaftServerImpl.java:setRole(184)) - ddae0d8b-c866-4e5c-81a7-eef12a7bc666@group-8E192697A9CF: changes role from  FOLLOWER to FOLLOWER at term 15 for recognizeCandidate:6f2be65d-ce7d-4814-9a9f-e49d79835c35
2019-10-22 02:33:41,027 [grpc-default-executor-4] INFO  impl.RoleInfo (RoleInfo.java:shutdownFollowerState(121)) - 6dc62414-4100-415b-916b-e9f0081ca22e: shutdown FollowerState
2019-10-22 02:33:41,028 [grpc-default-executor-7] INFO  impl.RoleInfo (RoleInfo.java:shutdownFollowerState(121)) - ddae0d8b-c866-4e5c-81a7-eef12a7bc666: shutdown FollowerState
2019-10-22 02:33:41,028 [Thread-635] INFO  impl.FollowerState (FollowerState.java:run(117)) - 6dc62414-4100-415b-916b-e9f0081ca22e@group-8E192697A9CF-FollowerState was interrupted: java.lang.InterruptedException: sleep interrupted
2019-10-22 02:33:41,028 [Thread-636] INFO  impl.FollowerState (FollowerState.java:run(117)) - ddae0d8b-c866-4e5c-81a7-eef12a7bc666@group-8E192697A9CF-FollowerState was interrupted: java.lang.InterruptedException: sleep interrupted
2019-10-22 02:33:41,028 [grpc-default-executor-4] INFO  impl.RoleInfo (RoleInfo.java:updateAndGet(143)) - 6dc62414-4100-415b-916b-e9f0081ca22e: start FollowerState
2019-10-22 02:33:41,028 [grpc-default-executor-7] INFO  impl.RoleInfo (RoleInfo.java:updateAndGet(143)) - ddae0d8b-c866-4e5c-81a7-eef12a7bc666: start FollowerState
2019-10-22 02:33:41,034 [6f2be65d-ce7d-4814-9a9f-e49d79835c35@group-8E192697A9CF-LeaderElection19] INFO  impl.LeaderElection (LeaderElection.java:logAndReturn(56)) - 6f2be65d-ce7d-4814-9a9f-e49d79835c35@group-8E192697A9CF-LeaderElection19: Election TIMEOUT; received 0 response(s) [] and 0 exception(s); 6f2be65d-ce7d-4814-9a9f-e49d79835c35@group-8E192697A9CF:t15, leader=null, voted=6f2be65d-ce7d-4814-9a9f-e49d79835c35, raftlog=6f2be65d-ce7d-4814-9a9f-e49d79835c35@group-8E192697A9CF-SegmentedRaftLog:OPENED:c3,f4,i4, conf=0: [6dc62414-4100-415b-916b-e9f0081ca22e:192.168.34.14:40542, 6f2be65d-ce7d-4814-9a9f-e49d79835c35:192.168.34.14:36170, ddae0d8b-c866-4e5c-81a7-eef12a7bc666:192.168.34.14:38819], old=null
2019-10-22 02:33:41,044 [6f2be65d-ce7d-4814-9a9f-e49d79835c35@group-8E192697A9CF-LeaderElection19] INFO  impl.LeaderElection (LeaderElection.java:askForVotes(178)) - 6f2be65d-ce7d-4814-9a9f-e49d79835c35@group-8E192697A9CF-LeaderElection19: begin an election at term 16 for 0: [6dc62414-4100-415b-916b-e9f0081ca22e:192.168.34.14:40542, 6f2be65d-ce7d-4814-9a9f-e49d79835c35:192.168.34.14:36170, ddae0d8b-c866-4e5c-81a7-eef12a7bc666:192.168.34.14:38819], old=null
2019-10-22 02:33:41,048 [grpc-default-executor-7] INFO  impl.RaftServerImpl (RaftServerImpl.java:setRole(184)) - ddae0d8b-c866-4e5c-81a7-eef12a7bc666@group-8E192697A9CF: changes role from  FOLLOWER to FOLLOWER at term 16 for recognizeCandidate:6f2be65d-ce7d-4814-9a9f-e49d79835c35
2019-10-22 02:33:41,050 [grpc-default-executor-7] INFO  impl.RoleInfo (RoleInfo.java:shutdownFollowerState(121)) - ddae0d8b-c866-4e5c-81a7-eef12a7bc666: shutdown FollowerState
2019-10-22 02:33:41,050 [grpc-default-executor-7] INFO  impl.RoleInfo (RoleInfo.java:updateAndGet(143)) - ddae0d8b-c866-4e5c-81a7-eef12a7bc666: start FollowerState
2019-10-22 02:33:41,050 [Thread-642] INFO  impl.FollowerState (FollowerState.java:run(117)) - ddae0d8b-c866-4e5c-81a7-eef12a7bc666@group-8E192697A9CF-FollowerState was interrupted: java.lang.InterruptedException: sleep interrupted
2019-10-22 02:33:41,050 [grpc-default-executor-4] INFO  impl.RaftServerImpl (RaftServerImpl.java:setRole(184)) - 6dc62414-4100-415b-916b-e9f0081ca22e@group-8E192697A9CF: changes role from  FOLLOWER to FOLLOWER at term 16 for recognizeCandidate:6f2be65d-ce7d-4814-9a9f-e49d79835c35
2019-10-22 02:33:41,051 [grpc-default-executor-4] INFO  impl.RoleInfo (RoleInfo.java:shutdownFollowerState(121)) - 6dc62414-4100-415b-916b-e9f0081ca22e: shutdown FollowerState
2019-10-22 02:33:41,051 [Thread-641] INFO  impl.FollowerState (FollowerState.java:run(117)) - 6dc62414-4100-415b-916b-e9f0081ca22e@group-8E192697A9CF-FollowerState was interrupted: java.lang.InterruptedException: sleep interrupted
2019-10-22 02:33:41,051 [grpc-default-executor-4] INFO  impl.RoleInfo (RoleInfo.java:updateAndGet(143)) - 6dc62414-4100-415b-916b-e9f0081ca22e: start FollowerState
2019-10-22 02:33:41,066 [6f2be65d-ce7d-4814-9a9f-e49d79835c35@group-8E192697A9CF-LeaderElection19] INFO  impl.LeaderElection (LeaderElection.java:logAndReturn(56)) - 6f2be65d-ce7d-4814-9a9f-e49d79835c35@group-8E192697A9CF-LeaderElection19: Election REJECTED; received 2 response(s) [6f2be65d-ce7d-4814-9a9f-e49d79835c35<-6dc62414-4100-415b-916b-e9f0081ca22e#0:FAIL-t16, 6f2be65d-ce7d-4814-9a9f-e49d79835c35<-ddae0d8b-c866-4e5c-81a7-eef12a7bc666#0:FAIL-t16] and 0 exception(s); 6f2be65d-ce7d-4814-9a9f-e49d79835c35@group-8E192697A9CF:t16, leader=null, voted=6f2be65d-ce7d-4814-9a9f-e49d79835c35, raftlog=6f2be65d-ce7d-4814-9a9f-e49d79835c35@group-8E192697A9CF-SegmentedRaftLog:OPENED:c3,f4,i4, conf=0: [6dc62414-4100-415b-916b-e9f0081ca22e:192.168.34.14:40542, 6f2be65d-ce7d-4814-9a9f-e49d79835c35:192.168.34.14:36170, ddae0d8b-c866-4e5c-81a7-eef12a7bc666:192.168.34.14:38819], old=null
2019-10-22 02:33:41,067 [6f2be65d-ce7d-4814-9a9f-e49d79835c35@group-8E192697A9CF-LeaderElection19] INFO  impl.RaftServerImpl (RaftServerImpl.java:setRole(184)) - 6f2be65d-ce7d-4814-9a9f-e49d79835c35@group-8E192697A9CF: changes role from CANDIDATE to FOLLOWER at term 16 for DISCOVERED_A_NEW_TERM
2019-10-22 02:33:41,067 [6f2be65d-ce7d-4814-9a9f-e49d79835c35@group-8E192697A9CF-LeaderElection19] INFO  impl.RoleInfo (RoleInfo.java:shutdownLeaderElection(134)) - 6f2be65d-ce7d-4814-9a9f-e49d79835c35: shutdown LeaderElection
2019-10-22 02:33:41,067 [6f2be65d-ce7d-4814-9a9f-e49d79835c35@group-8E192697A9CF-LeaderElection19] INFO  impl.RoleInfo (RoleInfo.java:updateAndGet(143)) - 6f2be65d-ce7d-4814-9a9f-e49d79835c35: start FollowerState
2019-10-22 02:33:41,084 [Thread-647] INFO  impl.FollowerState (FollowerState.java:run(108)) - 6f2be65d-ce7d-4814-9a9f-e49d79835c35@group-8E192697A9CF-FollowerState: change to CANDIDATE, lastRpcTime:17ms, electionTimeout:17ms
2019-10-22 02:33:41,085 [Thread-647] INFO  impl.RoleInfo (RoleInfo.java:shutdownFollowerState(121)) - 6f2be65d-ce7d-4814-9a9f-e49d79835c35: shutdown FollowerState
2019-10-22 02:33:41,086 [Thread-647] INFO  impl.RaftServerImpl (RaftServerImpl.java:setRole(184)) - 6f2be65d-ce7d-4814-9a9f-e49d79835c35@group-8E192697A9CF: changes role from  FOLLOWER to CANDIDATE at term 16 for changeToCandidate
2019-10-22 02:33:41,086 [Thread-647] INFO  impl.RoleInfo (RoleInfo.java:updateAndGet(143)) - 6f2be65d-ce7d-4814-9a9f-e49d79835c35: start LeaderElection
2019-10-22 02:33:41,100 [6f2be65d-ce7d-4814-9a9f-e49d79835c35@group-8E192697A9CF-LeaderElection20] INFO  impl.LeaderElection (LeaderElection.java:askForVotes(178)) - 6f2be65d-ce7d-4814-9a9f-e49d79835c35@group-8E192697A9CF-LeaderElection20: begin an election at term 17 for 0: [6dc62414-4100-415b-916b-e9f0081ca22e:192.168.34.14:40542, 6f2be65d-ce7d-4814-9a9f-e49d79835c35:192.168.34.14:36170, ddae0d8b-c866-4e5c-81a7-eef12a7bc666:192.168.34.14:38819], old=null
2019-10-22 02:33:41,106 [grpc-default-executor-4] INFO  impl.RaftServerImpl (RaftServerImpl.java:setRole(184)) - 6dc62414-4100-415b-916b-e9f0081ca22e@group-8E192697A9CF: changes role from  FOLLOWER to FOLLOWER at term 17 for recognizeCandidate:6f2be65d-ce7d-4814-9a9f-e49d79835c35
2019-10-22 02:33:41,106 [grpc-default-executor-4] INFO  impl.RoleInfo (RoleInfo.java:shutdownFollowerState(121)) - 6dc62414-4100-415b-916b-e9f0081ca22e: shutdown FollowerState
2019-10-22 02:33:41,106 [grpc-default-executor-7] INFO  impl.RaftServerImpl (RaftServerImpl.java:setRole(184)) - ddae0d8b-c866-4e5c-81a7-eef12a7bc666@group-8E192697A9CF: changes role from  FOLLOWER to FOLLOWER at term 17 for recognizeCandidate:6f2be65d-ce7d-4814-9a9f-e49d79835c35
2019-10-22 02:33:41,106 [grpc-default-executor-4] INFO  impl.RoleInfo (RoleInfo.java:updateAndGet(143)) - 6dc62414-4100-415b-916b-e9f0081ca22e: start FollowerState
2019-10-22 02:33:41,106 [Thread-646] INFO  impl.FollowerState (FollowerState.java:run(117)) - 6dc62414-4100-415b-916b-e9f0081ca22e@group-8E192697A9CF-FollowerState was interrupted: java.lang.InterruptedException: sleep interrupted
2019-10-22 02:33:41,106 [grpc-default-executor-7] INFO  impl.RoleInfo (RoleInfo.java:shutdownFollowerState(121)) - ddae0d8b-c866-4e5c-81a7-eef12a7bc666: shutdown FollowerState
2019-10-22 02:33:41,108 [grpc-default-executor-7] INFO  impl.RoleInfo (RoleInfo.java:updateAndGet(143)) - ddae0d8b-c866-4e5c-81a7-eef12a7bc666: start FollowerState
2019-10-22 02:33:41,108 [Thread-645] INFO  impl.FollowerState (FollowerState.java:run(117)) - ddae0d8b-c866-4e5c-81a7-eef12a7bc666@group-8E192697A9CF-FollowerState was interrupted: java.lang.InterruptedException: sleep interrupted
2019-10-22 02:33:41,124 [6f2be65d-ce7d-4814-9a9f-e49d79835c35@group-8E192697A9CF-LeaderElection20] INFO  impl.LeaderElection (LeaderElection.java:logAndReturn(56)) - 6f2be65d-ce7d-4814-9a9f-e49d79835c35@group-8E192697A9CF-LeaderElection20: Election REJECTED; received 2 response(s) [6f2be65d-ce7d-4814-9a9f-e49d79835c35<-6dc62414-4100-415b-916b-e9f0081ca22e#0:FAIL-t17, 6f2be65d-ce7d-4814-9a9f-e49d79835c35<-ddae0d8b-c866-4e5c-81a7-eef12a7bc666#0:FAIL-t17] and 0 exception(s); 6f2be65d-ce7d-4814-9a9f-e49d79835c35@group-8E192697A9CF:t17, leader=null, voted=6f2be65d-ce7d-4814-9a9f-e49d79835c35, raftlog=6f2be65d-ce7d-4814-9a9f-e49d79835c35@group-8E192697A9CF-SegmentedRaftLog:OPENED:c3,f4,i4, conf=0: [6dc62414-4100-415b-916b-e9f0081ca22e:192.168.34.14:40542, 6f2be65d-ce7d-4814-9a9f-e49d79835c35:192.168.34.14:36170, ddae0d8b-c866-4e5c-81a7-eef12a7bc666:192.168.34.14:38819], old=null
2019-10-22 02:33:41,124 [6f2be65d-ce7d-4814-9a9f-e49d79835c35@group-8E192697A9CF-LeaderElection20] INFO  impl.RaftServerImpl (RaftServerImpl.java:setRole(184)) - 6f2be65d-ce7d-4814-9a9f-e49d79835c35@group-8E192697A9CF: changes role from CANDIDATE to FOLLOWER at term 17 for DISCOVERED_A_NEW_TERM
2019-10-22 02:33:41,124 [6f2be65d-ce7d-4814-9a9f-e49d79835c35@group-8E192697A9CF-LeaderElection20] INFO  impl.RoleInfo (RoleInfo.java:shutdownLeaderElection(134)) - 6f2be65d-ce7d-4814-9a9f-e49d79835c35: shutdown LeaderElection
2019-10-22 02:33:41,125 [6f2be65d-ce7d-4814-9a9f-e49d79835c35@group-8E192697A9CF-LeaderElection20] INFO  impl.RoleInfo (RoleInfo.java:updateAndGet(143)) - 6f2be65d-ce7d-4814-9a9f-e49d79835c35: start FollowerState
2019-10-22 02:33:41,192 [pool-7-thread-4] INFO  commands.RetriableDatanodeEventWatcher (RetriableDatanodeEventWatcher.java:onTimeout(47)) - RetriableDatanodeCommand type=deleteBlocksCommand with id=1571711616189 timed out. Retrying.
2019-10-22 02:33:41,194 [pool-7-thread-3] INFO  commands.RetriableDatanodeEventWatcher (RetriableDatanodeEventWatcher.java:onTimeout(47)) - RetriableDatanodeCommand type=deleteBlocksCommand with id=1571711616191 timed out. Retrying.
2019-10-22 02:33:41,194 [pool-7-thread-2] INFO  commands.RetriableDatanodeEventWatcher (RetriableDatanodeEventWatcher.java:onTimeout(47)) - RetriableDatanodeCommand type=deleteBlocksCommand with id=1571711616194 timed out. Retrying.
2019-10-22 02:33:41,194 [pool-7-thread-1] INFO  commands.RetriableDatanodeEventWatcher (RetriableDatanodeEventWatcher.java:onTimeout(47)) - RetriableDatanodeCommand type=deleteBlocksCommand with id=1571711616193 timed out. Retrying.
2019-10-22 02:33:41,195 [pool-7-thread-3] INFO  commands.RetriableDatanodeEventWatcher (RetriableDatanodeEventWatcher.java:onTimeout(47)) - RetriableDatanodeCommand type=deleteBlocksCommand with id=1571711616195 timed out. Retrying.
2019-10-22 02:33:41,196 [SCMBlockDeletingService#1] INFO  block.SCMBlockDeletingService (SCMBlockDeletingService.java:call(184)) - Totally added 1 delete blocks command for 1 datanodes, task elapsed time: 1ms
2019-10-22 02:33:41,249 [Thread-653] INFO  impl.FollowerState (FollowerState.java:run(108)) - 6f2be65d-ce7d-4814-9a9f-e49d79835c35@group-8E192697A9CF-FollowerState: change to CANDIDATE, lastRpcTime:124ms, electionTimeout:124ms
2019-10-22 02:33:41,249 [Thread-653] INFO  impl.RoleInfo (RoleInfo.java:shutdownFollowerState(121)) - 6f2be65d-ce7d-4814-9a9f-e49d79835c35: shutdown FollowerState
2019-10-22 02:33:41,249 [Thread-653] INFO  impl.RaftServerImpl (RaftServerImpl.java:setRole(184)) - 6f2be65d-ce7d-4814-9a9f-e49d79835c35@group-8E192697A9CF: changes role from  FOLLOWER to CANDIDATE at term 17 for changeToCandidate
2019-10-22 02:33:41,250 [Thread-653] INFO  impl.RoleInfo (RoleInfo.java:updateAndGet(143)) - 6f2be65d-ce7d-4814-9a9f-e49d79835c35: start LeaderElection
2019-10-22 02:33:41,475 [BlockDeletingService#2] WARN  background.BlockDeletingService (BlockDeletingService.java:isDeletionAllowed(187)) - Close Container log Index 6 is not replicated across allthe servers in the pipeline 82d9ec66-42fd-448b-b6da-8e192697a9cf as the min replicated index is 4. Deletion is not allowed in this container yet.
2019-10-22 02:33:41,475 [BlockDeletingService#2] WARN  background.BlockDeletingService (BlockDeletingService.java:isDeletionAllowed(187)) - Close Container log Index 6 is not replicated across allthe servers in the pipeline 82d9ec66-42fd-448b-b6da-8e192697a9cf as the min replicated index is 4. Deletion is not allowed in this container yet.
2019-10-22 02:33:41,640 [EventQueue-PendingDeleteStatusForPendingDeleteHandler] INFO  block.SCMBlockDeletingService (SCMBlockDeletingService.java:handlePendingDeletes(115)) - Block deletion txnID mismatch in datanode 6f2be65d-ce7d-4814-9a9f-e49d79835c35 for containerID 1. Datanode delete txnID: 0, SCM txnID: 1
2019-10-22 02:33:41,767 [java.util.concurrent.ThreadPoolExecutor$Worker@6a8733f8[State = -1, empty queue]] WARN  server.GrpcLogAppender (GrpcLogAppender.java:timeoutAppendRequest(209)) - 6dc62414-4100-415b-916b-e9f0081ca22e@group-8E192697A9CF->6f2be65d-ce7d-4814-9a9f-e49d79835c35-GrpcLogAppender: appendEntries Timeout, request=6dc62414-4100-415b-916b-e9f0081ca22e->6f2be65d-ce7d-4814-9a9f-e49d79835c35#52-t6, previous=(t:6, i:10), leaderCommit=10, initializing? false, entries: <empty>
2019-10-22 02:33:41,926 [Thread-659] INFO  client.GrpcClientProtocolService (GrpcClientProtocolService.java:lambda$processClientRequest$0(278)) - Failed RaftClientRequest:client-C9AE8EA1E005->6dc62414-4100-415b-916b-e9f0081ca22e@group-8E192697A9CF, cid=10, seq=0, Watch-ALL_COMMITTED(6), Message:<EMPTY>, reply=RaftClientReply:client-C9AE8EA1E005->6dc62414-4100-415b-916b-e9f0081ca22e@group-8E192697A9CF, cid=10, FAILED org.apache.ratis.protocol.NotLeaderException: Server 6dc62414-4100-415b-916b-e9f0081ca22e@group-8E192697A9CF is not the leader, logIndex=0, commits[6dc62414-4100-415b-916b-e9f0081ca22e:c10, 6f2be65d-ce7d-4814-9a9f-e49d79835c35:c4, ddae0d8b-c866-4e5c-81a7-eef12a7bc666:c10]
2019-10-22 02:33:42,194 [pool-7-thread-1] INFO  commands.RetriableDatanodeEventWatcher (RetriableDatanodeEventWatcher.java:onTimeout(47)) - RetriableDatanodeCommand type=deleteBlocksCommand with id=1571711616191 timed out. Retrying.
2019-10-22 02:33:42,194 [pool-7-thread-3] INFO  commands.RetriableDatanodeEventWatcher (RetriableDatanodeEventWatcher.java:onTimeout(47)) - RetriableDatanodeCommand type=deleteBlocksCommand with id=1571711616189 timed out. Retrying.
2019-10-22 02:33:42,199 [pool-7-thread-1] INFO  commands.RetriableDatanodeEventWatcher (RetriableDatanodeEventWatcher.java:onTimeout(47)) - RetriableDatanodeCommand type=deleteBlocksCommand with id=1571711616196 timed out. Retrying.
2019-10-22 02:33:42,201 [pool-7-thread-5] INFO  commands.RetriableDatanodeEventWatcher (RetriableDatanodeEventWatcher.java:onTimeout(47)) - RetriableDatanodeCommand type=deleteBlocksCommand with id=1571711616194 timed out. Retrying.
2019-10-22 02:33:42,201 [SCMBlockDeletingService#1] INFO  block.SCMBlockDeletingService (SCMBlockDeletingService.java:call(184)) - Totally added 1 delete blocks command for 1 datanodes, task elapsed time: 2ms
2019-10-22 02:33:42,201 [pool-7-thread-4] INFO  commands.RetriableDatanodeEventWatcher (RetriableDatanodeEventWatcher.java:onTimeout(47)) - RetriableDatanodeCommand type=deleteBlocksCommand with id=1571711616195 timed out. Retrying.
2019-10-22 02:33:42,202 [pool-7-thread-2] INFO  commands.RetriableDatanodeEventWatcher (RetriableDatanodeEventWatcher.java:onTimeout(47)) - RetriableDatanodeCommand type=deleteBlocksCommand with id=1571711616193 timed out. Retrying.
2019-10-22 02:33:42,309 [6f2be65d-ce7d-4814-9a9f-e49d79835c35@group-8E192697A9CF-LeaderElection21] INFO  impl.LeaderElection (LeaderElection.java:askForVotes(178)) - 6f2be65d-ce7d-4814-9a9f-e49d79835c35@group-8E192697A9CF-LeaderElection21: begin an election at term 18 for 0: [6dc62414-4100-415b-916b-e9f0081ca22e:192.168.34.14:40542, 6f2be65d-ce7d-4814-9a9f-e49d79835c35:192.168.34.14:36170, ddae0d8b-c866-4e5c-81a7-eef12a7bc666:192.168.34.14:38819], old=null
2019-10-22 02:33:42,316 [grpc-default-executor-4] INFO  impl.RaftServerImpl (RaftServerImpl.java:setRole(184)) - ddae0d8b-c866-4e5c-81a7-eef12a7bc666@group-8E192697A9CF: changes role from  FOLLOWER to FOLLOWER at term 18 for recognizeCandidate:6f2be65d-ce7d-4814-9a9f-e49d79835c35
2019-10-22 02:33:42,316 [grpc-default-executor-7] INFO  impl.RaftServerImpl (RaftServerImpl.java:setRole(184)) - 6dc62414-4100-415b-916b-e9f0081ca22e@group-8E192697A9CF: changes role from  FOLLOWER to FOLLOWER at term 18 for recognizeCandidate:6f2be65d-ce7d-4814-9a9f-e49d79835c35
2019-10-22 02:33:42,316 [grpc-default-executor-4] INFO  impl.RoleInfo (RoleInfo.java:shutdownFollowerState(121)) - ddae0d8b-c866-4e5c-81a7-eef12a7bc666: shutdown FollowerState
2019-10-22 02:33:42,317 [grpc-default-executor-7] INFO  impl.RoleInfo (RoleInfo.java:shutdownFollowerState(121)) - 6dc62414-4100-415b-916b-e9f0081ca22e: shutdown FollowerState
2019-10-22 02:33:42,317 [grpc-default-executor-7] INFO  impl.RoleInfo (RoleInfo.java:updateAndGet(143)) - 6dc62414-4100-415b-916b-e9f0081ca22e: start FollowerState
2019-10-22 02:33:42,317 [Thread-652] INFO  impl.FollowerState (FollowerState.java:run(117)) - ddae0d8b-c866-4e5c-81a7-eef12a7bc666@group-8E192697A9CF-FollowerState was interrupted: java.lang.InterruptedException: sleep interrupted
2019-10-22 02:33:42,317 [grpc-default-executor-4] INFO  impl.RoleInfo (RoleInfo.java:updateAndGet(143)) - ddae0d8b-c866-4e5c-81a7-eef12a7bc666: start FollowerState
2019-10-22 02:33:42,317 [Thread-651] INFO  impl.FollowerState (FollowerState.java:run(117)) - 6dc62414-4100-415b-916b-e9f0081ca22e@group-8E192697A9CF-FollowerState was interrupted: java.lang.InterruptedException: sleep interrupted
2019-10-22 02:33:42,358 [6f2be65d-ce7d-4814-9a9f-e49d79835c35@group-8E192697A9CF-LeaderElection21] INFO  impl.LeaderElection (LeaderElection.java:logAndReturn(56)) - 6f2be65d-ce7d-4814-9a9f-e49d79835c35@group-8E192697A9CF-LeaderElection21: Election REJECTED; received 2 response(s) [6f2be65d-ce7d-4814-9a9f-e49d79835c35<-6dc62414-4100-415b-916b-e9f0081ca22e#0:FAIL-t18, 6f2be65d-ce7d-4814-9a9f-e49d79835c35<-ddae0d8b-c866-4e5c-81a7-eef12a7bc666#0:FAIL-t18] and 0 exception(s); 6f2be65d-ce7d-4814-9a9f-e49d79835c35@group-8E192697A9CF:t18, leader=null, voted=6f2be65d-ce7d-4814-9a9f-e49d79835c35, raftlog=6f2be65d-ce7d-4814-9a9f-e49d79835c35@group-8E192697A9CF-SegmentedRaftLog:OPENED:c3,f4,i4, conf=0: [6dc62414-4100-415b-916b-e9f0081ca22e:192.168.34.14:40542, 6f2be65d-ce7d-4814-9a9f-e49d79835c35:192.168.34.14:36170, ddae0d8b-c866-4e5c-81a7-eef12a7bc666:192.168.34.14:38819], old=null
2019-10-22 02:33:42,358 [6f2be65d-ce7d-4814-9a9f-e49d79835c35@group-8E192697A9CF-LeaderElection21] INFO  impl.RaftServerImpl (RaftServerImpl.java:setRole(184)) - 6f2be65d-ce7d-4814-9a9f-e49d79835c35@group-8E192697A9CF: changes role from CANDIDATE to FOLLOWER at term 18 for DISCOVERED_A_NEW_TERM
2019-10-22 02:33:42,359 [6f2be65d-ce7d-4814-9a9f-e49d79835c35@group-8E192697A9CF-LeaderElection21] INFO  impl.RoleInfo (RoleInfo.java:shutdownLeaderElection(134)) - 6f2be65d-ce7d-4814-9a9f-e49d79835c35: shutdown LeaderElection
2019-10-22 02:33:42,359 [6f2be65d-ce7d-4814-9a9f-e49d79835c35@group-8E192697A9CF-LeaderElection21] INFO  impl.RoleInfo (RoleInfo.java:updateAndGet(143)) - 6f2be65d-ce7d-4814-9a9f-e49d79835c35: start FollowerState
2019-10-22 02:33:42,477 [BlockDeletingService#2] WARN  background.BlockDeletingService (BlockDeletingService.java:isDeletionAllowed(187)) - Close Container log Index 6 is not replicated across allthe servers in the pipeline 82d9ec66-42fd-448b-b6da-8e192697a9cf as the min replicated index is 4. Deletion is not allowed in this container yet.
2019-10-22 02:33:42,477 [BlockDeletingService#2] WARN  background.BlockDeletingService (BlockDeletingService.java:isDeletionAllowed(187)) - Close Container log Index 6 is not replicated across allthe servers in the pipeline 82d9ec66-42fd-448b-b6da-8e192697a9cf as the min replicated index is 4. Deletion is not allowed in this container yet.
2019-10-22 02:33:42,542 [Thread-665] INFO  impl.FollowerState (FollowerState.java:run(108)) - 6f2be65d-ce7d-4814-9a9f-e49d79835c35@group-8E192697A9CF-FollowerState: change to CANDIDATE, lastRpcTime:183ms, electionTimeout:183ms
2019-10-22 02:33:42,543 [Thread-665] INFO  impl.RoleInfo (RoleInfo.java:shutdownFollowerState(121)) - 6f2be65d-ce7d-4814-9a9f-e49d79835c35: shutdown FollowerState
2019-10-22 02:33:42,543 [Thread-665] INFO  impl.RaftServerImpl (RaftServerImpl.java:setRole(184)) - 6f2be65d-ce7d-4814-9a9f-e49d79835c35@group-8E192697A9CF: changes role from  FOLLOWER to CANDIDATE at term 18 for changeToCandidate
2019-10-22 02:33:42,543 [Thread-665] INFO  impl.RoleInfo (RoleInfo.java:updateAndGet(143)) - 6f2be65d-ce7d-4814-9a9f-e49d79835c35: start LeaderElection
2019-10-22 02:33:42,590 [6f2be65d-ce7d-4814-9a9f-e49d79835c35@group-8E192697A9CF-LeaderElection22] INFO  impl.LeaderElection (LeaderElection.java:askForVotes(178)) - 6f2be65d-ce7d-4814-9a9f-e49d79835c35@group-8E192697A9CF-LeaderElection22: begin an election at term 19 for 0: [6dc62414-4100-415b-916b-e9f0081ca22e:192.168.34.14:40542, 6f2be65d-ce7d-4814-9a9f-e49d79835c35:192.168.34.14:36170, ddae0d8b-c866-4e5c-81a7-eef12a7bc666:192.168.34.14:38819], old=null
2019-10-22 02:33:42,596 [grpc-default-executor-4] INFO  impl.RaftServerImpl (RaftServerImpl.java:setRole(184)) - ddae0d8b-c866-4e5c-81a7-eef12a7bc666@group-8E192697A9CF: changes role from  FOLLOWER to FOLLOWER at term 19 for recognizeCandidate:6f2be65d-ce7d-4814-9a9f-e49d79835c35
2019-10-22 02:33:42,596 [grpc-default-executor-7] INFO  impl.RaftServerImpl (RaftServerImpl.java:setRole(184)) - 6dc62414-4100-415b-916b-e9f0081ca22e@group-8E192697A9CF: changes role from  FOLLOWER to FOLLOWER at term 19 for recognizeCandidate:6f2be65d-ce7d-4814-9a9f-e49d79835c35
2019-10-22 02:33:42,596 [grpc-default-executor-4] INFO  impl.RoleInfo (RoleInfo.java:shutdownFollowerState(121)) - ddae0d8b-c866-4e5c-81a7-eef12a7bc666: shutdown FollowerState
2019-10-22 02:33:42,596 [grpc-default-executor-7] INFO  impl.RoleInfo (RoleInfo.java:shutdownFollowerState(121)) - 6dc62414-4100-415b-916b-e9f0081ca22e: shutdown FollowerState
2019-10-22 02:33:42,597 [grpc-default-executor-4] INFO  impl.RoleInfo (RoleInfo.java:updateAndGet(143)) - ddae0d8b-c866-4e5c-81a7-eef12a7bc666: start FollowerState
2019-10-22 02:33:42,597 [Thread-664] INFO  impl.FollowerState (FollowerState.java:run(117)) - 6dc62414-4100-415b-916b-e9f0081ca22e@group-8E192697A9CF-FollowerState was interrupted: java.lang.InterruptedException: sleep interrupted
2019-10-22 02:33:42,597 [grpc-default-executor-7] INFO  impl.RoleInfo (RoleInfo.java:updateAndGet(143)) - 6dc62414-4100-415b-916b-e9f0081ca22e: start FollowerState
2019-10-22 02:33:42,597 [Thread-663] INFO  impl.FollowerState (FollowerState.java:run(117)) - ddae0d8b-c866-4e5c-81a7-eef12a7bc666@group-8E192697A9CF-FollowerState was interrupted: java.lang.InterruptedException: sleep interrupted
2019-10-22 02:33:42,645 [6f2be65d-ce7d-4814-9a9f-e49d79835c35@group-8E192697A9CF-LeaderElection22] INFO  impl.LeaderElection (LeaderElection.java:logAndReturn(56)) - 6f2be65d-ce7d-4814-9a9f-e49d79835c35@group-8E192697A9CF-LeaderElection22: Election REJECTED; received 2 response(s) [6f2be65d-ce7d-4814-9a9f-e49d79835c35<-6dc62414-4100-415b-916b-e9f0081ca22e#0:FAIL-t19, 6f2be65d-ce7d-4814-9a9f-e49d79835c35<-ddae0d8b-c866-4e5c-81a7-eef12a7bc666#0:FAIL-t19] and 0 exception(s); 6f2be65d-ce7d-4814-9a9f-e49d79835c35@group-8E192697A9CF:t19, leader=null, voted=6f2be65d-ce7d-4814-9a9f-e49d79835c35, raftlog=6f2be65d-ce7d-4814-9a9f-e49d79835c35@group-8E192697A9CF-SegmentedRaftLog:OPENED:c3,f4,i4, conf=0: [6dc62414-4100-415b-916b-e9f0081ca22e:192.168.34.14:40542, 6f2be65d-ce7d-4814-9a9f-e49d79835c35:192.168.34.14:36170, ddae0d8b-c866-4e5c-81a7-eef12a7bc666:192.168.34.14:38819], old=null
2019-10-22 02:33:42,646 [6f2be65d-ce7d-4814-9a9f-e49d79835c35@group-8E192697A9CF-LeaderElection22] INFO  impl.RaftServerImpl (RaftServerImpl.java:setRole(184)) - 6f2be65d-ce7d-4814-9a9f-e49d79835c35@group-8E192697A9CF: changes role from CANDIDATE to FOLLOWER at term 19 for DISCOVERED_A_NEW_TERM
2019-10-22 02:33:42,646 [6f2be65d-ce7d-4814-9a9f-e49d79835c35@group-8E192697A9CF-LeaderElection22] INFO  impl.RoleInfo (RoleInfo.java:shutdownLeaderElection(134)) - 6f2be65d-ce7d-4814-9a9f-e49d79835c35: shutdown LeaderElection
2019-10-22 02:33:42,646 [6f2be65d-ce7d-4814-9a9f-e49d79835c35@group-8E192697A9CF-LeaderElection22] INFO  impl.RoleInfo (RoleInfo.java:updateAndGet(143)) - 6f2be65d-ce7d-4814-9a9f-e49d79835c35: start FollowerState
2019-10-22 02:33:42,675 [Thread-673] INFO  impl.FollowerState (FollowerState.java:run(108)) - 6f2be65d-ce7d-4814-9a9f-e49d79835c35@group-8E192697A9CF-FollowerState: change to CANDIDATE, lastRpcTime:28ms, electionTimeout:28ms
2019-10-22 02:33:42,676 [Thread-673] INFO  impl.RoleInfo (RoleInfo.java:shutdownFollowerState(121)) - 6f2be65d-ce7d-4814-9a9f-e49d79835c35: shutdown FollowerState
2019-10-22 02:33:42,676 [Thread-673] INFO  impl.RaftServerImpl (RaftServerImpl.java:setRole(184)) - 6f2be65d-ce7d-4814-9a9f-e49d79835c35@group-8E192697A9CF: changes role from  FOLLOWER to CANDIDATE at term 19 for changeToCandidate
2019-10-22 02:33:42,677 [Thread-673] INFO  impl.RoleInfo (RoleInfo.java:updateAndGet(143)) - 6f2be65d-ce7d-4814-9a9f-e49d79835c35: start LeaderElection
2019-10-22 02:33:42,738 [6f2be65d-ce7d-4814-9a9f-e49d79835c35@group-8E192697A9CF-LeaderElection23] INFO  impl.LeaderElection (LeaderElection.java:askForVotes(178)) - 6f2be65d-ce7d-4814-9a9f-e49d79835c35@group-8E192697A9CF-LeaderElection23: begin an election at term 20 for 0: [6dc62414-4100-415b-916b-e9f0081ca22e:192.168.34.14:40542, 6f2be65d-ce7d-4814-9a9f-e49d79835c35:192.168.34.14:36170, ddae0d8b-c866-4e5c-81a7-eef12a7bc666:192.168.34.14:38819], old=null
2019-10-22 02:33:42,747 [grpc-default-executor-4] INFO  impl.RaftServerImpl (RaftServerImpl.java:setRole(184)) - ddae0d8b-c866-4e5c-81a7-eef12a7bc666@group-8E192697A9CF: changes role from  FOLLOWER to FOLLOWER at term 20 for recognizeCandidate:6f2be65d-ce7d-4814-9a9f-e49d79835c35
2019-10-22 02:33:42,747 [grpc-default-executor-4] INFO  impl.RoleInfo (RoleInfo.java:shutdownFollowerState(121)) - ddae0d8b-c866-4e5c-81a7-eef12a7bc666: shutdown FollowerState
2019-10-22 02:33:42,747 [grpc-default-executor-7] INFO  impl.RaftServerImpl (RaftServerImpl.java:setRole(184)) - 6dc62414-4100-415b-916b-e9f0081ca22e@group-8E192697A9CF: changes role from  FOLLOWER to FOLLOWER at term 20 for recognizeCandidate:6f2be65d-ce7d-4814-9a9f-e49d79835c35
2019-10-22 02:33:42,747 [grpc-default-executor-4] INFO  impl.RoleInfo (RoleInfo.java:updateAndGet(143)) - ddae0d8b-c866-4e5c-81a7-eef12a7bc666: start FollowerState
2019-10-22 02:33:42,747 [Thread-671] INFO  impl.FollowerState (FollowerState.java:run(117)) - ddae0d8b-c866-4e5c-81a7-eef12a7bc666@group-8E192697A9CF-FollowerState was interrupted: java.lang.InterruptedException: sleep interrupted
2019-10-22 02:33:42,841 [grpc-default-executor-7] INFO  impl.RoleInfo (RoleInfo.java:shutdownFollowerState(121)) - 6dc62414-4100-415b-916b-e9f0081ca22e: shutdown FollowerState
2019-10-22 02:33:42,854 [6f2be65d-ce7d-4814-9a9f-e49d79835c35@group-8E192697A9CF-LeaderElection23] INFO  impl.LeaderElection (LeaderElection.java:logAndReturn(56)) - 6f2be65d-ce7d-4814-9a9f-e49d79835c35@group-8E192697A9CF-LeaderElection23: Election TIMEOUT; received 0 response(s) [] and 0 exception(s); 6f2be65d-ce7d-4814-9a9f-e49d79835c35@group-8E192697A9CF:t20, leader=null, voted=6f2be65d-ce7d-4814-9a9f-e49d79835c35, raftlog=6f2be65d-ce7d-4814-9a9f-e49d79835c35@group-8E192697A9CF-SegmentedRaftLog:OPENED:c3,f4,i4, conf=0: [6dc62414-4100-415b-916b-e9f0081ca22e:192.168.34.14:40542, 6f2be65d-ce7d-4814-9a9f-e49d79835c35:192.168.34.14:36170, ddae0d8b-c866-4e5c-81a7-eef12a7bc666:192.168.34.14:38819], old=null
2019-10-22 02:33:42,855 [grpc-default-executor-7] INFO  impl.RoleInfo (RoleInfo.java:updateAndGet(143)) - 6dc62414-4100-415b-916b-e9f0081ca22e: start FollowerState
2019-10-22 02:33:42,855 [Thread-672] INFO  impl.FollowerState (FollowerState.java:run(117)) - 6dc62414-4100-415b-916b-e9f0081ca22e@group-8E192697A9CF-FollowerState was interrupted: java.lang.InterruptedException: sleep interrupted
2019-10-22 02:33:42,896 [6f2be65d-ce7d-4814-9a9f-e49d79835c35@group-8E192697A9CF-LeaderElection23] INFO  impl.LeaderElection (LeaderElection.java:askForVotes(178)) - 6f2be65d-ce7d-4814-9a9f-e49d79835c35@group-8E192697A9CF-LeaderElection23: begin an election at term 21 for 0: [6dc62414-4100-415b-916b-e9f0081ca22e:192.168.34.14:40542, 6f2be65d-ce7d-4814-9a9f-e49d79835c35:192.168.34.14:36170, ddae0d8b-c866-4e5c-81a7-eef12a7bc666:192.168.34.14:38819], old=null
2019-10-22 02:33:42,900 [grpc-default-executor-7] INFO  impl.RaftServerImpl (RaftServerImpl.java:setRole(184)) - ddae0d8b-c866-4e5c-81a7-eef12a7bc666@group-8E192697A9CF: changes role from  FOLLOWER to FOLLOWER at term 21 for recognizeCandidate:6f2be65d-ce7d-4814-9a9f-e49d79835c35
2019-10-22 02:33:42,900 [grpc-default-executor-4] INFO  impl.RaftServerImpl (RaftServerImpl.java:setRole(184)) - 6dc62414-4100-415b-916b-e9f0081ca22e@group-8E192697A9CF: changes role from  FOLLOWER to FOLLOWER at term 21 for recognizeCandidate:6f2be65d-ce7d-4814-9a9f-e49d79835c35
2019-10-22 02:33:42,901 [grpc-default-executor-7] INFO  impl.RoleInfo (RoleInfo.java:shutdownFollowerState(121)) - ddae0d8b-c866-4e5c-81a7-eef12a7bc666: shutdown FollowerState
2019-10-22 02:33:42,901 [grpc-default-executor-4] INFO  impl.RoleInfo (RoleInfo.java:shutdownFollowerState(121)) - 6dc62414-4100-415b-916b-e9f0081ca22e: shutdown FollowerState
2019-10-22 02:33:42,901 [Thread-678] INFO  impl.FollowerState (FollowerState.java:run(117)) - ddae0d8b-c866-4e5c-81a7-eef12a7bc666@group-8E192697A9CF-FollowerState was interrupted: java.lang.InterruptedException: sleep interrupted
2019-10-22 02:33:42,901 [grpc-default-executor-7] INFO  impl.RoleInfo (RoleInfo.java:updateAndGet(143)) - ddae0d8b-c866-4e5c-81a7-eef12a7bc666: start FollowerState
2019-10-22 02:33:42,901 [grpc-default-executor-4] INFO  impl.RoleInfo (RoleInfo.java:updateAndGet(143)) - 6dc62414-4100-415b-916b-e9f0081ca22e: start FollowerState
2019-10-22 02:33:42,901 [Thread-679] INFO  impl.FollowerState (FollowerState.java:run(117)) - 6dc62414-4100-415b-916b-e9f0081ca22e@group-8E192697A9CF-FollowerState was interrupted: java.lang.InterruptedException: sleep interrupted
2019-10-22 02:33:42,944 [Thread-685] INFO  client.GrpcClientProtocolService (GrpcClientProtocolService.java:lambda$processClientRequest$0(278)) - Failed RaftClientRequest:client-C9AE8EA1E005->ddae0d8b-c866-4e5c-81a7-eef12a7bc666@group-8E192697A9CF, cid=10, seq=0, Watch-ALL_COMMITTED(6), Message:<EMPTY>, reply=RaftClientReply:client-C9AE8EA1E005->ddae0d8b-c866-4e5c-81a7-eef12a7bc666@group-8E192697A9CF, cid=10, FAILED org.apache.ratis.protocol.NotLeaderException: Server ddae0d8b-c866-4e5c-81a7-eef12a7bc666@group-8E192697A9CF is not the leader, logIndex=0, commits[ddae0d8b-c866-4e5c-81a7-eef12a7bc666:c10, 6dc62414-4100-415b-916b-e9f0081ca22e:c10, 6f2be65d-ce7d-4814-9a9f-e49d79835c35:c4]
2019-10-22 02:33:42,956 [6f2be65d-ce7d-4814-9a9f-e49d79835c35@group-8E192697A9CF-LeaderElection23] INFO  impl.LeaderElection (LeaderElection.java:logAndReturn(56)) - 6f2be65d-ce7d-4814-9a9f-e49d79835c35@group-8E192697A9CF-LeaderElection23: Election REJECTED; received 2 response(s) [6f2be65d-ce7d-4814-9a9f-e49d79835c35<-6dc62414-4100-415b-916b-e9f0081ca22e#0:FAIL-t21, 6f2be65d-ce7d-4814-9a9f-e49d79835c35<-ddae0d8b-c866-4e5c-81a7-eef12a7bc666#0:FAIL-t21] and 0 exception(s); 6f2be65d-ce7d-4814-9a9f-e49d79835c35@group-8E192697A9CF:t21, leader=null, voted=6f2be65d-ce7d-4814-9a9f-e49d79835c35, raftlog=6f2be65d-ce7d-4814-9a9f-e49d79835c35@group-8E192697A9CF-SegmentedRaftLog:OPENED:c3,f4,i4, conf=0: [6dc62414-4100-415b-916b-e9f0081ca22e:192.168.34.14:40542, 6f2be65d-ce7d-4814-9a9f-e49d79835c35:192.168.34.14:36170, ddae0d8b-c866-4e5c-81a7-eef12a7bc666:192.168.34.14:38819], old=null
2019-10-22 02:33:42,956 [6f2be65d-ce7d-4814-9a9f-e49d79835c35@group-8E192697A9CF-LeaderElection23] INFO  impl.RaftServerImpl (RaftServerImpl.java:setRole(184)) - 6f2be65d-ce7d-4814-9a9f-e49d79835c35@group-8E192697A9CF: changes role from CANDIDATE to FOLLOWER at term 21 for DISCOVERED_A_NEW_TERM
2019-10-22 02:33:42,956 [6f2be65d-ce7d-4814-9a9f-e49d79835c35@group-8E192697A9CF-LeaderElection23] INFO  impl.RoleInfo (RoleInfo.java:shutdownLeaderElection(134)) - 6f2be65d-ce7d-4814-9a9f-e49d79835c35: shutdown LeaderElection
2019-10-22 02:33:42,956 [6f2be65d-ce7d-4814-9a9f-e49d79835c35@group-8E192697A9CF-LeaderElection23] INFO  impl.RoleInfo (RoleInfo.java:updateAndGet(143)) - 6f2be65d-ce7d-4814-9a9f-e49d79835c35: start FollowerState
2019-10-22 02:33:42,969 [Thread-687] INFO  impl.FollowerState (FollowerState.java:run(108)) - 6f2be65d-ce7d-4814-9a9f-e49d79835c35@group-8E192697A9CF-FollowerState: change to CANDIDATE, lastRpcTime:12ms, electionTimeout:12ms
2019-10-22 02:33:42,970 [Thread-687] INFO  impl.RoleInfo (RoleInfo.java:shutdownFollowerState(121)) - 6f2be65d-ce7d-4814-9a9f-e49d79835c35: shutdown FollowerState
2019-10-22 02:33:42,970 [Thread-687] INFO  impl.RaftServerImpl (RaftServerImpl.java:setRole(184)) - 6f2be65d-ce7d-4814-9a9f-e49d79835c35@group-8E192697A9CF: changes role from  FOLLOWER to CANDIDATE at term 21 for changeToCandidate
2019-10-22 02:33:42,970 [Thread-687] INFO  impl.RoleInfo (RoleInfo.java:updateAndGet(143)) - 6f2be65d-ce7d-4814-9a9f-e49d79835c35: start LeaderElection
2019-10-22 02:33:43,013 [6f2be65d-ce7d-4814-9a9f-e49d79835c35@group-8E192697A9CF-LeaderElection24] INFO  impl.LeaderElection (LeaderElection.java:askForVotes(178)) - 6f2be65d-ce7d-4814-9a9f-e49d79835c35@group-8E192697A9CF-LeaderElection24: begin an election at term 22 for 0: [6dc62414-4100-415b-916b-e9f0081ca22e:192.168.34.14:40542, 6f2be65d-ce7d-4814-9a9f-e49d79835c35:192.168.34.14:36170, ddae0d8b-c866-4e5c-81a7-eef12a7bc666:192.168.34.14:38819], old=null
2019-10-22 02:33:43,018 [grpc-default-executor-4] INFO  impl.RaftServerImpl (RaftServerImpl.java:setRole(184)) - ddae0d8b-c866-4e5c-81a7-eef12a7bc666@group-8E192697A9CF: changes role from  FOLLOWER to FOLLOWER at term 22 for recognizeCandidate:6f2be65d-ce7d-4814-9a9f-e49d79835c35
2019-10-22 02:33:43,018 [grpc-default-executor-7] INFO  impl.RaftServerImpl (RaftServerImpl.java:setRole(184)) - 6dc62414-4100-415b-916b-e9f0081ca22e@group-8E192697A9CF: changes role from  FOLLOWER to FOLLOWER at term 22 for recognizeCandidate:6f2be65d-ce7d-4814-9a9f-e49d79835c35
2019-10-22 02:33:43,018 [grpc-default-executor-4] INFO  impl.RoleInfo (RoleInfo.java:shutdownFollowerState(121)) - ddae0d8b-c866-4e5c-81a7-eef12a7bc666: shutdown FollowerState
2019-10-22 02:33:43,019 [grpc-default-executor-7] INFO  impl.RoleInfo (RoleInfo.java:shutdownFollowerState(121)) - 6dc62414-4100-415b-916b-e9f0081ca22e: shutdown FollowerState
2019-10-22 02:33:43,019 [Thread-682] INFO  impl.FollowerState (FollowerState.java:run(117)) - ddae0d8b-c866-4e5c-81a7-eef12a7bc666@group-8E192697A9CF-FollowerState was interrupted: java.lang.InterruptedException: sleep interrupted
2019-10-22 02:33:43,019 [Thread-683] INFO  impl.FollowerState (FollowerState.java:run(117)) - 6dc62414-4100-415b-916b-e9f0081ca22e@group-8E192697A9CF-FollowerState was interrupted: java.lang.InterruptedException: sleep interrupted
2019-10-22 02:33:43,019 [grpc-default-executor-7] INFO  impl.RoleInfo (RoleInfo.java:updateAndGet(143)) - 6dc62414-4100-415b-916b-e9f0081ca22e: start FollowerState
2019-10-22 02:33:43,019 [grpc-default-executor-4] INFO  impl.RoleInfo (RoleInfo.java:updateAndGet(143)) - ddae0d8b-c866-4e5c-81a7-eef12a7bc666: start FollowerState
2019-10-22 02:33:43,080 [6f2be65d-ce7d-4814-9a9f-e49d79835c35@group-8E192697A9CF-LeaderElection24] INFO  impl.LeaderElection (LeaderElection.java:logAndReturn(56)) - 6f2be65d-ce7d-4814-9a9f-e49d79835c35@group-8E192697A9CF-LeaderElection24: Election REJECTED; received 2 response(s) [6f2be65d-ce7d-4814-9a9f-e49d79835c35<-6dc62414-4100-415b-916b-e9f0081ca22e#0:FAIL-t22, 6f2be65d-ce7d-4814-9a9f-e49d79835c35<-ddae0d8b-c866-4e5c-81a7-eef12a7bc666#0:FAIL-t22] and 0 exception(s); 6f2be65d-ce7d-4814-9a9f-e49d79835c35@group-8E192697A9CF:t22, leader=null, voted=6f2be65d-ce7d-4814-9a9f-e49d79835c35, raftlog=6f2be65d-ce7d-4814-9a9f-e49d79835c35@group-8E192697A9CF-SegmentedRaftLog:OPENED:c3,f4,i4, conf=0: [6dc62414-4100-415b-916b-e9f0081ca22e:192.168.34.14:40542, 6f2be65d-ce7d-4814-9a9f-e49d79835c35:192.168.34.14:36170, ddae0d8b-c866-4e5c-81a7-eef12a7bc666:192.168.34.14:38819], old=null
2019-10-22 02:33:43,080 [6f2be65d-ce7d-4814-9a9f-e49d79835c35@group-8E192697A9CF-LeaderElection24] INFO  impl.RaftServerImpl (RaftServerImpl.java:setRole(184)) - 6f2be65d-ce7d-4814-9a9f-e49d79835c35@group-8E192697A9CF: changes role from CANDIDATE to FOLLOWER at term 22 for DISCOVERED_A_NEW_TERM
2019-10-22 02:33:43,080 [6f2be65d-ce7d-4814-9a9f-e49d79835c35@group-8E192697A9CF-LeaderElection24] INFO  impl.RoleInfo (RoleInfo.java:shutdownLeaderElection(134)) - 6f2be65d-ce7d-4814-9a9f-e49d79835c35: shutdown LeaderElection
2019-10-22 02:33:43,081 [6f2be65d-ce7d-4814-9a9f-e49d79835c35@group-8E192697A9CF-LeaderElection24] INFO  impl.RoleInfo (RoleInfo.java:updateAndGet(143)) - 6f2be65d-ce7d-4814-9a9f-e49d79835c35: start FollowerState
2019-10-22 02:33:43,201 [pool-7-thread-2] INFO  commands.RetriableDatanodeEventWatcher (RetriableDatanodeEventWatcher.java:onTimeout(47)) - RetriableDatanodeCommand type=deleteBlocksCommand with id=1571711616189 timed out. Retrying.
2019-10-22 02:33:43,203 [pool-7-thread-6] INFO  commands.RetriableDatanodeEventWatcher (RetriableDatanodeEventWatcher.java:onTimeout(47)) - RetriableDatanodeCommand type=deleteBlocksCommand with id=1571711616195 timed out. Retrying.
2019-10-22 02:33:43,204 [pool-7-thread-7] INFO  commands.RetriableDatanodeEventWatcher (RetriableDatanodeEventWatcher.java:onTimeout(47)) - RetriableDatanodeCommand type=deleteBlocksCommand with id=1571711616194 timed out. Retrying.
2019-10-22 02:33:43,204 [SCMBlockDeletingService#1] INFO  block.SCMBlockDeletingService (SCMBlockDeletingService.java:call(184)) - Totally added 1 delete blocks command for 1 datanodes, task elapsed time: 0ms
2019-10-22 02:33:43,204 [Thread-693] INFO  impl.FollowerState (FollowerState.java:run(108)) - 6f2be65d-ce7d-4814-9a9f-e49d79835c35@group-8E192697A9CF-FollowerState: change to CANDIDATE, lastRpcTime:123ms, electionTimeout:123ms
2019-10-22 02:33:43,204 [pool-7-thread-5] INFO  commands.RetriableDatanodeEventWatcher (RetriableDatanodeEventWatcher.java:onTimeout(47)) - RetriableDatanodeCommand type=deleteBlocksCommand with id=1571711616197 timed out. Retrying.
2019-10-22 02:33:43,204 [Thread-693] INFO  impl.RoleInfo (RoleInfo.java:shutdownFollowerState(121)) - 6f2be65d-ce7d-4814-9a9f-e49d79835c35: shutdown FollowerState
2019-10-22 02:33:43,205 [pool-7-thread-3] INFO  commands.RetriableDatanodeEventWatcher (RetriableDatanodeEventWatcher.java:onTimeout(47)) - RetriableDatanodeCommand type=deleteBlocksCommand with id=1571711616193 timed out. Retrying.
2019-10-22 02:33:43,205 [Thread-693] INFO  impl.RaftServerImpl (RaftServerImpl.java:setRole(184)) - 6f2be65d-ce7d-4814-9a9f-e49d79835c35@group-8E192697A9CF: changes role from  FOLLOWER to CANDIDATE at term 22 for changeToCandidate
2019-10-22 02:33:43,205 [pool-7-thread-4] INFO  commands.RetriableDatanodeEventWatcher (RetriableDatanodeEventWatcher.java:onTimeout(47)) - RetriableDatanodeCommand type=deleteBlocksCommand with id=1571711616191 timed out. Retrying.
2019-10-22 02:33:43,205 [Thread-693] INFO  impl.RoleInfo (RoleInfo.java:updateAndGet(143)) - 6f2be65d-ce7d-4814-9a9f-e49d79835c35: start LeaderElection
2019-10-22 02:33:43,205 [pool-7-thread-1] INFO  commands.RetriableDatanodeEventWatcher (RetriableDatanodeEventWatcher.java:onTimeout(47)) - RetriableDatanodeCommand type=deleteBlocksCommand with id=1571711616196 timed out. Retrying.
2019-10-22 02:33:43,251 [6f2be65d-ce7d-4814-9a9f-e49d79835c35@group-8E192697A9CF-LeaderElection25] INFO  impl.LeaderElection (LeaderElection.java:askForVotes(178)) - 6f2be65d-ce7d-4814-9a9f-e49d79835c35@group-8E192697A9CF-LeaderElection25: begin an election at term 23 for 0: [6dc62414-4100-415b-916b-e9f0081ca22e:192.168.34.14:40542, 6f2be65d-ce7d-4814-9a9f-e49d79835c35:192.168.34.14:36170, ddae0d8b-c866-4e5c-81a7-eef12a7bc666:192.168.34.14:38819], old=null
2019-10-22 02:33:43,256 [grpc-default-executor-4] INFO  impl.RaftServerImpl (RaftServerImpl.java:setRole(184)) - ddae0d8b-c866-4e5c-81a7-eef12a7bc666@group-8E192697A9CF: changes role from  FOLLOWER to FOLLOWER at term 23 for recognizeCandidate:6f2be65d-ce7d-4814-9a9f-e49d79835c35
2019-10-22 02:33:43,256 [grpc-default-executor-7] INFO  impl.RaftServerImpl (RaftServerImpl.java:setRole(184)) - 6dc62414-4100-415b-916b-e9f0081ca22e@group-8E192697A9CF: changes role from  FOLLOWER to FOLLOWER at term 23 for recognizeCandidate:6f2be65d-ce7d-4814-9a9f-e49d79835c35
2019-10-22 02:33:43,256 [grpc-default-executor-4] INFO  impl.RoleInfo (RoleInfo.java:shutdownFollowerState(121)) - ddae0d8b-c866-4e5c-81a7-eef12a7bc666: shutdown FollowerState
2019-10-22 02:33:43,256 [grpc-default-executor-7] INFO  impl.RoleInfo (RoleInfo.java:shutdownFollowerState(121)) - 6dc62414-4100-415b-916b-e9f0081ca22e: shutdown FollowerState
2019-10-22 02:33:43,256 [grpc-default-executor-4] INFO  impl.RoleInfo (RoleInfo.java:updateAndGet(143)) - ddae0d8b-c866-4e5c-81a7-eef12a7bc666: start FollowerState
2019-10-22 02:33:43,256 [Thread-691] INFO  impl.FollowerState (FollowerState.java:run(117)) - ddae0d8b-c866-4e5c-81a7-eef12a7bc666@group-8E192697A9CF-FollowerState was interrupted: java.lang.InterruptedException: sleep interrupted
2019-10-22 02:33:43,257 [Thread-692] INFO  impl.FollowerState (FollowerState.java:run(117)) - 6dc62414-4100-415b-916b-e9f0081ca22e@group-8E192697A9CF-FollowerState was interrupted: java.lang.InterruptedException: sleep interrupted
2019-10-22 02:33:43,257 [grpc-default-executor-7] INFO  impl.RoleInfo (RoleInfo.java:updateAndGet(143)) - 6dc62414-4100-415b-916b-e9f0081ca22e: start FollowerState
2019-10-22 02:33:43,310 [6f2be65d-ce7d-4814-9a9f-e49d79835c35@group-8E192697A9CF-LeaderElection25] INFO  impl.LeaderElection (LeaderElection.java:logAndReturn(56)) - 6f2be65d-ce7d-4814-9a9f-e49d79835c35@group-8E192697A9CF-LeaderElection25: Election REJECTED; received 2 response(s) [6f2be65d-ce7d-4814-9a9f-e49d79835c35<-6dc62414-4100-415b-916b-e9f0081ca22e#0:FAIL-t23, 6f2be65d-ce7d-4814-9a9f-e49d79835c35<-ddae0d8b-c866-4e5c-81a7-eef12a7bc666#0:FAIL-t23] and 0 exception(s); 6f2be65d-ce7d-4814-9a9f-e49d79835c35@group-8E192697A9CF:t23, leader=null, voted=6f2be65d-ce7d-4814-9a9f-e49d79835c35, raftlog=6f2be65d-ce7d-4814-9a9f-e49d79835c35@group-8E192697A9CF-SegmentedRaftLog:OPENED:c3,f4,i4, conf=0: [6dc62414-4100-415b-916b-e9f0081ca22e:192.168.34.14:40542, 6f2be65d-ce7d-4814-9a9f-e49d79835c35:192.168.34.14:36170, ddae0d8b-c866-4e5c-81a7-eef12a7bc666:192.168.34.14:38819], old=null
2019-10-22 02:33:43,310 [6f2be65d-ce7d-4814-9a9f-e49d79835c35@group-8E192697A9CF-LeaderElection25] INFO  impl.RaftServerImpl (RaftServerImpl.java:setRole(184)) - 6f2be65d-ce7d-4814-9a9f-e49d79835c35@group-8E192697A9CF: changes role from CANDIDATE to FOLLOWER at term 23 for DISCOVERED_A_NEW_TERM
2019-10-22 02:33:43,310 [6f2be65d-ce7d-4814-9a9f-e49d79835c35@group-8E192697A9CF-LeaderElection25] INFO  impl.RoleInfo (RoleInfo.java:shutdownLeaderElection(134)) - 6f2be65d-ce7d-4814-9a9f-e49d79835c35: shutdown LeaderElection
2019-10-22 02:33:43,310 [6f2be65d-ce7d-4814-9a9f-e49d79835c35@group-8E192697A9CF-LeaderElection25] INFO  impl.RoleInfo (RoleInfo.java:updateAndGet(143)) - 6f2be65d-ce7d-4814-9a9f-e49d79835c35: start FollowerState
2019-10-22 02:33:43,447 [Thread-699] INFO  impl.FollowerState (FollowerState.java:run(108)) - 6f2be65d-ce7d-4814-9a9f-e49d79835c35@group-8E192697A9CF-FollowerState: change to CANDIDATE, lastRpcTime:136ms, electionTimeout:136ms
2019-10-22 02:33:43,449 [Thread-699] INFO  impl.RoleInfo (RoleInfo.java:shutdownFollowerState(121)) - 6f2be65d-ce7d-4814-9a9f-e49d79835c35: shutdown FollowerState
2019-10-22 02:33:43,449 [Thread-699] INFO  impl.RaftServerImpl (RaftServerImpl.java:setRole(184)) - 6f2be65d-ce7d-4814-9a9f-e49d79835c35@group-8E192697A9CF: changes role from  FOLLOWER to CANDIDATE at term 23 for changeToCandidate
2019-10-22 02:33:43,449 [Thread-699] INFO  impl.RoleInfo (RoleInfo.java:updateAndGet(143)) - 6f2be65d-ce7d-4814-9a9f-e49d79835c35: start LeaderElection
2019-10-22 02:33:43,466 [6f2be65d-ce7d-4814-9a9f-e49d79835c35@group-8E192697A9CF-LeaderElection26] INFO  impl.LeaderElection (LeaderElection.java:askForVotes(178)) - 6f2be65d-ce7d-4814-9a9f-e49d79835c35@group-8E192697A9CF-LeaderElection26: begin an election at term 24 for 0: [6dc62414-4100-415b-916b-e9f0081ca22e:192.168.34.14:40542, 6f2be65d-ce7d-4814-9a9f-e49d79835c35:192.168.34.14:36170, ddae0d8b-c866-4e5c-81a7-eef12a7bc666:192.168.34.14:38819], old=null
2019-10-22 02:33:43,472 [grpc-default-executor-7] INFO  impl.RaftServerImpl (RaftServerImpl.java:setRole(184)) - 6dc62414-4100-415b-916b-e9f0081ca22e@group-8E192697A9CF: changes role from  FOLLOWER to FOLLOWER at term 24 for recognizeCandidate:6f2be65d-ce7d-4814-9a9f-e49d79835c35
2019-10-22 02:33:43,472 [grpc-default-executor-4] INFO  impl.RaftServerImpl (RaftServerImpl.java:setRole(184)) - ddae0d8b-c866-4e5c-81a7-eef12a7bc666@group-8E192697A9CF: changes role from  FOLLOWER to FOLLOWER at term 24 for recognizeCandidate:6f2be65d-ce7d-4814-9a9f-e49d79835c35
2019-10-22 02:33:43,472 [grpc-default-executor-7] INFO  impl.RoleInfo (RoleInfo.java:shutdownFollowerState(121)) - 6dc62414-4100-415b-916b-e9f0081ca22e: shutdown FollowerState
2019-10-22 02:33:43,472 [grpc-default-executor-4] INFO  impl.RoleInfo (RoleInfo.java:shutdownFollowerState(121)) - ddae0d8b-c866-4e5c-81a7-eef12a7bc666: shutdown FollowerState
2019-10-22 02:33:43,472 [Thread-698] INFO  impl.FollowerState (FollowerState.java:run(117)) - 6dc62414-4100-415b-916b-e9f0081ca22e@group-8E192697A9CF-FollowerState was interrupted: java.lang.InterruptedException: sleep interrupted
2019-10-22 02:33:43,472 [grpc-default-executor-7] INFO  impl.RoleInfo (RoleInfo.java:updateAndGet(143)) - 6dc62414-4100-415b-916b-e9f0081ca22e: start FollowerState
2019-10-22 02:33:43,473 [grpc-default-executor-4] INFO  impl.RoleInfo (RoleInfo.java:updateAndGet(143)) - ddae0d8b-c866-4e5c-81a7-eef12a7bc666: start FollowerState
2019-10-22 02:33:43,473 [Thread-697] INFO  impl.FollowerState (FollowerState.java:run(117)) - ddae0d8b-c866-4e5c-81a7-eef12a7bc666@group-8E192697A9CF-FollowerState was interrupted: java.lang.InterruptedException: sleep interrupted
2019-10-22 02:33:43,480 [BlockDeletingService#2] WARN  background.BlockDeletingService (BlockDeletingService.java:isDeletionAllowed(187)) - Close Container log Index 6 is not replicated across allthe servers in the pipeline 82d9ec66-42fd-448b-b6da-8e192697a9cf as the min replicated index is 4. Deletion is not allowed in this container yet.
2019-10-22 02:33:43,480 [BlockDeletingService#2] WARN  background.BlockDeletingService (BlockDeletingService.java:isDeletionAllowed(187)) - Close Container log Index 6 is not replicated across allthe servers in the pipeline 82d9ec66-42fd-448b-b6da-8e192697a9cf as the min replicated index is 4. Deletion is not allowed in this container yet.
2019-10-22 02:33:43,485 [6f2be65d-ce7d-4814-9a9f-e49d79835c35@group-8E192697A9CF-LeaderElection26] INFO  impl.LeaderElection (LeaderElection.java:logAndReturn(56)) - 6f2be65d-ce7d-4814-9a9f-e49d79835c35@group-8E192697A9CF-LeaderElection26: Election TIMEOUT; received 0 response(s) [] and 0 exception(s); 6f2be65d-ce7d-4814-9a9f-e49d79835c35@group-8E192697A9CF:t24, leader=null, voted=6f2be65d-ce7d-4814-9a9f-e49d79835c35, raftlog=6f2be65d-ce7d-4814-9a9f-e49d79835c35@group-8E192697A9CF-SegmentedRaftLog:OPENED:c3,f4,i4, conf=0: [6dc62414-4100-415b-916b-e9f0081ca22e:192.168.34.14:40542, 6f2be65d-ce7d-4814-9a9f-e49d79835c35:192.168.34.14:36170, ddae0d8b-c866-4e5c-81a7-eef12a7bc666:192.168.34.14:38819], old=null
2019-10-22 02:33:43,488 [6f2be65d-ce7d-4814-9a9f-e49d79835c35@group-8E192697A9CF-LeaderElection26] INFO  impl.LeaderElection (LeaderElection.java:askForVotes(178)) - 6f2be65d-ce7d-4814-9a9f-e49d79835c35@group-8E192697A9CF-LeaderElection26: begin an election at term 25 for 0: [6dc62414-4100-415b-916b-e9f0081ca22e:192.168.34.14:40542, 6f2be65d-ce7d-4814-9a9f-e49d79835c35:192.168.34.14:36170, ddae0d8b-c866-4e5c-81a7-eef12a7bc666:192.168.34.14:38819], old=null
2019-10-22 02:33:43,492 [grpc-default-executor-7] INFO  impl.RaftServerImpl (RaftServerImpl.java:setRole(184)) - 6dc62414-4100-415b-916b-e9f0081ca22e@group-8E192697A9CF: changes role from  FOLLOWER to FOLLOWER at term 25 for recognizeCandidate:6f2be65d-ce7d-4814-9a9f-e49d79835c35
2019-10-22 02:33:43,493 [grpc-default-executor-4] INFO  impl.RaftServerImpl (RaftServerImpl.java:setRole(184)) - ddae0d8b-c866-4e5c-81a7-eef12a7bc666@group-8E192697A9CF: changes role from  FOLLOWER to FOLLOWER at term 25 for recognizeCandidate:6f2be65d-ce7d-4814-9a9f-e49d79835c35
2019-10-22 02:33:43,493 [grpc-default-executor-7] INFO  impl.RoleInfo (RoleInfo.java:shutdownFollowerState(121)) - 6dc62414-4100-415b-916b-e9f0081ca22e: shutdown FollowerState
2019-10-22 02:33:43,493 [grpc-default-executor-4] INFO  impl.RoleInfo (RoleInfo.java:shutdownFollowerState(121)) - ddae0d8b-c866-4e5c-81a7-eef12a7bc666: shutdown FollowerState
2019-10-22 02:33:43,494 [Thread-703] INFO  impl.FollowerState (FollowerState.java:run(117)) - 6dc62414-4100-415b-916b-e9f0081ca22e@group-8E192697A9CF-FollowerState was interrupted: java.lang.InterruptedException: sleep interrupted
2019-10-22 02:33:43,494 [Thread-704] INFO  impl.FollowerState (FollowerState.java:run(117)) - ddae0d8b-c866-4e5c-81a7-eef12a7bc666@group-8E192697A9CF-FollowerState was interrupted: java.lang.InterruptedException: sleep interrupted
2019-10-22 02:33:43,494 [grpc-default-executor-7] INFO  impl.RoleInfo (RoleInfo.java:updateAndGet(143)) - 6dc62414-4100-415b-916b-e9f0081ca22e: start FollowerState
2019-10-22 02:33:43,494 [grpc-default-executor-4] INFO  impl.RoleInfo (RoleInfo.java:updateAndGet(143)) - ddae0d8b-c866-4e5c-81a7-eef12a7bc666: start FollowerState
2019-10-22 02:33:43,509 [6f2be65d-ce7d-4814-9a9f-e49d79835c35@group-8E192697A9CF-LeaderElection26] INFO  impl.LeaderElection (LeaderElection.java:logAndReturn(56)) - 6f2be65d-ce7d-4814-9a9f-e49d79835c35@group-8E192697A9CF-LeaderElection26: Election REJECTED; received 2 response(s) [6f2be65d-ce7d-4814-9a9f-e49d79835c35<-6dc62414-4100-415b-916b-e9f0081ca22e#0:FAIL-t25, 6f2be65d-ce7d-4814-9a9f-e49d79835c35<-ddae0d8b-c866-4e5c-81a7-eef12a7bc666#0:FAIL-t25] and 0 exception(s); 6f2be65d-ce7d-4814-9a9f-e49d79835c35@group-8E192697A9CF:t25, leader=null, voted=6f2be65d-ce7d-4814-9a9f-e49d79835c35, raftlog=6f2be65d-ce7d-4814-9a9f-e49d79835c35@group-8E192697A9CF-SegmentedRaftLog:OPENED:c3,f4,i4, conf=0: [6dc62414-4100-415b-916b-e9f0081ca22e:192.168.34.14:40542, 6f2be65d-ce7d-4814-9a9f-e49d79835c35:192.168.34.14:36170, ddae0d8b-c866-4e5c-81a7-eef12a7bc666:192.168.34.14:38819], old=null
2019-10-22 02:33:43,510 [6f2be65d-ce7d-4814-9a9f-e49d79835c35@group-8E192697A9CF-LeaderElection26] INFO  impl.RaftServerImpl (RaftServerImpl.java:setRole(184)) - 6f2be65d-ce7d-4814-9a9f-e49d79835c35@group-8E192697A9CF: changes role from CANDIDATE to FOLLOWER at term 25 for DISCOVERED_A_NEW_TERM
2019-10-22 02:33:43,510 [6f2be65d-ce7d-4814-9a9f-e49d79835c35@group-8E192697A9CF-LeaderElection26] INFO  impl.RoleInfo (RoleInfo.java:shutdownLeaderElection(134)) - 6f2be65d-ce7d-4814-9a9f-e49d79835c35: shutdown LeaderElection
2019-10-22 02:33:43,510 [6f2be65d-ce7d-4814-9a9f-e49d79835c35@group-8E192697A9CF-LeaderElection26] INFO  impl.RoleInfo (RoleInfo.java:updateAndGet(143)) - 6f2be65d-ce7d-4814-9a9f-e49d79835c35: start FollowerState
2019-10-22 02:33:43,528 [Thread-711] INFO  impl.FollowerState (FollowerState.java:run(108)) - 6f2be65d-ce7d-4814-9a9f-e49d79835c35@group-8E192697A9CF-FollowerState: change to CANDIDATE, lastRpcTime:18ms, electionTimeout:18ms
2019-10-22 02:33:43,529 [Thread-711] INFO  impl.RoleInfo (RoleInfo.java:shutdownFollowerState(121)) - 6f2be65d-ce7d-4814-9a9f-e49d79835c35: shutdown FollowerState
2019-10-22 02:33:43,530 [Thread-711] INFO  impl.RaftServerImpl (RaftServerImpl.java:setRole(184)) - 6f2be65d-ce7d-4814-9a9f-e49d79835c35@group-8E192697A9CF: changes role from  FOLLOWER to CANDIDATE at term 25 for changeToCandidate
2019-10-22 02:33:43,530 [Thread-711] INFO  impl.RoleInfo (RoleInfo.java:updateAndGet(143)) - 6f2be65d-ce7d-4814-9a9f-e49d79835c35: start LeaderElection
2019-10-22 02:33:43,535 [6f2be65d-ce7d-4814-9a9f-e49d79835c35@group-8E192697A9CF-LeaderElection27] INFO  impl.LeaderElection (LeaderElection.java:askForVotes(178)) - 6f2be65d-ce7d-4814-9a9f-e49d79835c35@group-8E192697A9CF-LeaderElection27: begin an election at term 26 for 0: [6dc62414-4100-415b-916b-e9f0081ca22e:192.168.34.14:40542, 6f2be65d-ce7d-4814-9a9f-e49d79835c35:192.168.34.14:36170, ddae0d8b-c866-4e5c-81a7-eef12a7bc666:192.168.34.14:38819], old=null
2019-10-22 02:33:43,539 [grpc-default-executor-4] INFO  impl.RaftServerImpl (RaftServerImpl.java:setRole(184)) - 6dc62414-4100-415b-916b-e9f0081ca22e@group-8E192697A9CF: changes role from  FOLLOWER to FOLLOWER at term 26 for recognizeCandidate:6f2be65d-ce7d-4814-9a9f-e49d79835c35
2019-10-22 02:33:43,539 [grpc-default-executor-7] INFO  impl.RaftServerImpl (RaftServerImpl.java:setRole(184)) - ddae0d8b-c866-4e5c-81a7-eef12a7bc666@group-8E192697A9CF: changes role from  FOLLOWER to FOLLOWER at term 26 for recognizeCandidate:6f2be65d-ce7d-4814-9a9f-e49d79835c35
2019-10-22 02:33:43,539 [grpc-default-executor-4] INFO  impl.RoleInfo (RoleInfo.java:shutdownFollowerState(121)) - 6dc62414-4100-415b-916b-e9f0081ca22e: shutdown FollowerState
2019-10-22 02:33:43,540 [grpc-default-executor-7] INFO  impl.RoleInfo (RoleInfo.java:shutdownFollowerState(121)) - ddae0d8b-c866-4e5c-81a7-eef12a7bc666: shutdown FollowerState
2019-10-22 02:33:43,540 [grpc-default-executor-4] INFO  impl.RoleInfo (RoleInfo.java:updateAndGet(143)) - 6dc62414-4100-415b-916b-e9f0081ca22e: start FollowerState
2019-10-22 02:33:43,540 [Thread-709] INFO  impl.FollowerState (FollowerState.java:run(117)) - 6dc62414-4100-415b-916b-e9f0081ca22e@group-8E192697A9CF-FollowerState was interrupted: java.lang.InterruptedException: sleep interrupted
2019-10-22 02:33:43,540 [Thread-710] INFO  impl.FollowerState (FollowerState.java:run(117)) - ddae0d8b-c866-4e5c-81a7-eef12a7bc666@group-8E192697A9CF-FollowerState was interrupted: java.lang.InterruptedException: sleep interrupted
2019-10-22 02:33:43,540 [grpc-default-executor-7] INFO  impl.RoleInfo (RoleInfo.java:updateAndGet(143)) - ddae0d8b-c866-4e5c-81a7-eef12a7bc666: start FollowerState
2019-10-22 02:33:43,547 [6f2be65d-ce7d-4814-9a9f-e49d79835c35@group-8E192697A9CF-LeaderElection27] INFO  impl.LeaderElection (LeaderElection.java:logAndReturn(56)) - 6f2be65d-ce7d-4814-9a9f-e49d79835c35@group-8E192697A9CF-LeaderElection27: Election TIMEOUT; received 0 response(s) [] and 0 exception(s); 6f2be65d-ce7d-4814-9a9f-e49d79835c35@group-8E192697A9CF:t26, leader=null, voted=6f2be65d-ce7d-4814-9a9f-e49d79835c35, raftlog=6f2be65d-ce7d-4814-9a9f-e49d79835c35@group-8E192697A9CF-SegmentedRaftLog:OPENED:c3,f4,i4, conf=0: [6dc62414-4100-415b-916b-e9f0081ca22e:192.168.34.14:40542, 6f2be65d-ce7d-4814-9a9f-e49d79835c35:192.168.34.14:36170, ddae0d8b-c866-4e5c-81a7-eef12a7bc666:192.168.34.14:38819], old=null
2019-10-22 02:33:43,550 [6f2be65d-ce7d-4814-9a9f-e49d79835c35@group-8E192697A9CF-LeaderElection27] INFO  impl.LeaderElection (LeaderElection.java:askForVotes(178)) - 6f2be65d-ce7d-4814-9a9f-e49d79835c35@group-8E192697A9CF-LeaderElection27: begin an election at term 27 for 0: [6dc62414-4100-415b-916b-e9f0081ca22e:192.168.34.14:40542, 6f2be65d-ce7d-4814-9a9f-e49d79835c35:192.168.34.14:36170, ddae0d8b-c866-4e5c-81a7-eef12a7bc666:192.168.34.14:38819], old=null
2019-10-22 02:33:43,554 [grpc-default-executor-4] INFO  impl.RaftServerImpl (RaftServerImpl.java:setRole(184)) - 6dc62414-4100-415b-916b-e9f0081ca22e@group-8E192697A9CF: changes role from  FOLLOWER to FOLLOWER at term 27 for recognizeCandidate:6f2be65d-ce7d-4814-9a9f-e49d79835c35
2019-10-22 02:33:43,555 [grpc-default-executor-7] INFO  impl.RaftServerImpl (RaftServerImpl.java:setRole(184)) - ddae0d8b-c866-4e5c-81a7-eef12a7bc666@group-8E192697A9CF: changes role from  FOLLOWER to FOLLOWER at term 27 for recognizeCandidate:6f2be65d-ce7d-4814-9a9f-e49d79835c35
2019-10-22 02:33:43,555 [grpc-default-executor-4] INFO  impl.RoleInfo (RoleInfo.java:shutdownFollowerState(121)) - 6dc62414-4100-415b-916b-e9f0081ca22e: shutdown FollowerState
2019-10-22 02:33:43,555 [grpc-default-executor-7] INFO  impl.RoleInfo (RoleInfo.java:shutdownFollowerState(121)) - ddae0d8b-c866-4e5c-81a7-eef12a7bc666: shutdown FollowerState
2019-10-22 02:33:43,555 [grpc-default-executor-4] INFO  impl.RoleInfo (RoleInfo.java:updateAndGet(143)) - 6dc62414-4100-415b-916b-e9f0081ca22e: start FollowerState
2019-10-22 02:33:43,555 [Thread-715] INFO  impl.FollowerState (FollowerState.java:run(117)) - 6dc62414-4100-415b-916b-e9f0081ca22e@group-8E192697A9CF-FollowerState was interrupted: java.lang.InterruptedException: sleep interrupted
2019-10-22 02:33:43,555 [grpc-default-executor-7] INFO  impl.RoleInfo (RoleInfo.java:updateAndGet(143)) - ddae0d8b-c866-4e5c-81a7-eef12a7bc666: start FollowerState
2019-10-22 02:33:43,555 [Thread-716] INFO  impl.FollowerState (FollowerState.java:run(117)) - ddae0d8b-c866-4e5c-81a7-eef12a7bc666@group-8E192697A9CF-FollowerState was interrupted: java.lang.InterruptedException: sleep interrupted
2019-10-22 02:33:43,563 [6f2be65d-ce7d-4814-9a9f-e49d79835c35@group-8E192697A9CF-LeaderElection27] INFO  impl.LeaderElection (LeaderElection.java:logAndReturn(56)) - 6f2be65d-ce7d-4814-9a9f-e49d79835c35@group-8E192697A9CF-LeaderElection27: Election TIMEOUT; received 0 response(s) [] and 0 exception(s); 6f2be65d-ce7d-4814-9a9f-e49d79835c35@group-8E192697A9CF:t27, leader=null, voted=6f2be65d-ce7d-4814-9a9f-e49d79835c35, raftlog=6f2be65d-ce7d-4814-9a9f-e49d79835c35@group-8E192697A9CF-SegmentedRaftLog:OPENED:c3,f4,i4, conf=0: [6dc62414-4100-415b-916b-e9f0081ca22e:192.168.34.14:40542, 6f2be65d-ce7d-4814-9a9f-e49d79835c35:192.168.34.14:36170, ddae0d8b-c866-4e5c-81a7-eef12a7bc666:192.168.34.14:38819], old=null
2019-10-22 02:33:43,568 [6f2be65d-ce7d-4814-9a9f-e49d79835c35@group-8E192697A9CF-LeaderElection27] INFO  impl.LeaderElection (LeaderElection.java:askForVotes(178)) - 6f2be65d-ce7d-4814-9a9f-e49d79835c35@group-8E192697A9CF-LeaderElection27: begin an election at term 28 for 0: [6dc62414-4100-415b-916b-e9f0081ca22e:192.168.34.14:40542, 6f2be65d-ce7d-4814-9a9f-e49d79835c35:192.168.34.14:36170, ddae0d8b-c866-4e5c-81a7-eef12a7bc666:192.168.34.14:38819], old=null
2019-10-22 02:33:43,571 [grpc-default-executor-4] INFO  impl.RaftServerImpl (RaftServerImpl.java:setRole(184)) - ddae0d8b-c866-4e5c-81a7-eef12a7bc666@group-8E192697A9CF: changes role from  FOLLOWER to FOLLOWER at term 28 for recognizeCandidate:6f2be65d-ce7d-4814-9a9f-e49d79835c35
2019-10-22 02:33:43,572 [grpc-default-executor-7] INFO  impl.RaftServerImpl (RaftServerImpl.java:setRole(184)) - 6dc62414-4100-415b-916b-e9f0081ca22e@group-8E192697A9CF: changes role from  FOLLOWER to FOLLOWER at term 28 for recognizeCandidate:6f2be65d-ce7d-4814-9a9f-e49d79835c35
2019-10-22 02:33:43,572 [grpc-default-executor-4] INFO  impl.RoleInfo (RoleInfo.java:shutdownFollowerState(121)) - ddae0d8b-c866-4e5c-81a7-eef12a7bc666: shutdown FollowerState
2019-10-22 02:33:43,573 [grpc-default-executor-7] INFO  impl.RoleInfo (RoleInfo.java:shutdownFollowerState(121)) - 6dc62414-4100-415b-916b-e9f0081ca22e: shutdown FollowerState
2019-10-22 02:33:43,573 [Thread-720] INFO  impl.FollowerState (FollowerState.java:run(117)) - ddae0d8b-c866-4e5c-81a7-eef12a7bc666@group-8E192697A9CF-FollowerState was interrupted: java.lang.InterruptedException: sleep interrupted
2019-10-22 02:33:43,573 [Thread-719] INFO  impl.FollowerState (FollowerState.java:run(117)) - 6dc62414-4100-415b-916b-e9f0081ca22e@group-8E192697A9CF-FollowerState was interrupted: java.lang.InterruptedException: sleep interrupted
2019-10-22 02:33:43,573 [grpc-default-executor-4] INFO  impl.RoleInfo (RoleInfo.java:updateAndGet(143)) - ddae0d8b-c866-4e5c-81a7-eef12a7bc666: start FollowerState
2019-10-22 02:33:43,573 [grpc-default-executor-7] INFO  impl.RoleInfo (RoleInfo.java:updateAndGet(143)) - 6dc62414-4100-415b-916b-e9f0081ca22e: start FollowerState
2019-10-22 02:33:43,589 [6f2be65d-ce7d-4814-9a9f-e49d79835c35@group-8E192697A9CF-LeaderElection27] INFO  impl.LeaderElection (LeaderElection.java:logAndReturn(56)) - 6f2be65d-ce7d-4814-9a9f-e49d79835c35@group-8E192697A9CF-LeaderElection27: Election REJECTED; received 2 response(s) [6f2be65d-ce7d-4814-9a9f-e49d79835c35<-6dc62414-4100-415b-916b-e9f0081ca22e#0:FAIL-t28, 6f2be65d-ce7d-4814-9a9f-e49d79835c35<-ddae0d8b-c866-4e5c-81a7-eef12a7bc666#0:FAIL-t28] and 0 exception(s); 6f2be65d-ce7d-4814-9a9f-e49d79835c35@group-8E192697A9CF:t28, leader=null, voted=6f2be65d-ce7d-4814-9a9f-e49d79835c35, raftlog=6f2be65d-ce7d-4814-9a9f-e49d79835c35@group-8E192697A9CF-SegmentedRaftLog:OPENED:c3,f4,i4, conf=0: [6dc62414-4100-415b-916b-e9f0081ca22e:192.168.34.14:40542, 6f2be65d-ce7d-4814-9a9f-e49d79835c35:192.168.34.14:36170, ddae0d8b-c866-4e5c-81a7-eef12a7bc666:192.168.34.14:38819], old=null
2019-10-22 02:33:43,589 [6f2be65d-ce7d-4814-9a9f-e49d79835c35@group-8E192697A9CF-LeaderElection27] INFO  impl.RaftServerImpl (RaftServerImpl.java:setRole(184)) - 6f2be65d-ce7d-4814-9a9f-e49d79835c35@group-8E192697A9CF: changes role from CANDIDATE to FOLLOWER at term 28 for DISCOVERED_A_NEW_TERM
2019-10-22 02:33:43,589 [6f2be65d-ce7d-4814-9a9f-e49d79835c35@group-8E192697A9CF-LeaderElection27] INFO  impl.RoleInfo (RoleInfo.java:shutdownLeaderElection(134)) - 6f2be65d-ce7d-4814-9a9f-e49d79835c35: shutdown LeaderElection
2019-10-22 02:33:43,589 [6f2be65d-ce7d-4814-9a9f-e49d79835c35@group-8E192697A9CF-LeaderElection27] INFO  impl.RoleInfo (RoleInfo.java:updateAndGet(143)) - 6f2be65d-ce7d-4814-9a9f-e49d79835c35: start FollowerState
2019-10-22 02:33:43,639 [EventQueue-PendingDeleteStatusForPendingDeleteHandler] INFO  block.SCMBlockDeletingService (SCMBlockDeletingService.java:handlePendingDeletes(115)) - Block deletion txnID mismatch in datanode 6f2be65d-ce7d-4814-9a9f-e49d79835c35 for containerID 1. Datanode delete txnID: 0, SCM txnID: 1
2019-10-22 02:33:43,666 [grpc-default-executor-4] INFO  impl.RaftServerProxy (RaftServerProxy.java:addNew(89)) - 6f2be65d-ce7d-4814-9a9f-e49d79835c35: addNew group-0364CC85F185:[6f2be65d-ce7d-4814-9a9f-e49d79835c35:192.168.34.14:36170] returns group-0364CC85F185:java.util.concurrent.CompletableFuture@7aecf198[Not completed]
2019-10-22 02:33:43,667 [pool-59-thread-1] INFO  impl.RaftServerImpl (RaftServerImpl.java:<init>(104)) - 6f2be65d-ce7d-4814-9a9f-e49d79835c35: new RaftServerImpl for group-0364CC85F185:[6f2be65d-ce7d-4814-9a9f-e49d79835c35:192.168.34.14:36170] with ContainerStateMachine:uninitialized
2019-10-22 02:33:43,667 [pool-59-thread-1] INFO  server.RaftServerConfigKeys (ConfUtils.java:logGet(43)) - raft.server.rpc.timeout.min = 5s (custom)
2019-10-22 02:33:43,667 [pool-59-thread-1] INFO  server.RaftServerConfigKeys (ConfUtils.java:logGet(43)) - raft.server.rpc.timeout.max = 5200ms (custom)
2019-10-22 02:33:43,667 [pool-59-thread-1] INFO  server.RaftServerConfigKeys (ConfUtils.java:logGet(43)) - raft.server.rpcslowness.timeout = 1000s (custom)
2019-10-22 02:33:43,667 [pool-59-thread-1] INFO  server.RaftServerConfigKeys (ConfUtils.java:logGet(43)) - raft.server.sleep.deviation.threshold = 300 (default)
2019-10-22 02:33:43,668 [pool-59-thread-1] INFO  server.RaftServerConfigKeys (ConfUtils.java:logGet(43)) - raft.server.log.appender.install.snapshot.enabled = false (custom)
2019-10-22 02:33:43,668 [pool-59-thread-1] INFO  impl.RaftServerImpl (ServerState.java:<init>(103)) - 6f2be65d-ce7d-4814-9a9f-e49d79835c35@group-0364CC85F185: ConfigurationManager, init=-1: [6f2be65d-ce7d-4814-9a9f-e49d79835c35:192.168.34.14:36170], old=null, confs=<EMPTY_MAP>
2019-10-22 02:33:43,668 [pool-59-thread-1] INFO  server.RaftServerConfigKeys (ConfUtils.java:logGet(43)) - raft.server.storage.dir = [/workdir/hadoop-ozone/integration-test/target/test-dir/MiniOzoneClusterImpl-1e1cbef6-da44-444b-ac78-b5a442d7a72a/datanode-2/data/ratis] (custom)
2019-10-22 02:33:43,668 [pool-59-thread-1] INFO  server.RaftServerConfigKeys (ConfUtils.java:logGet(43)) - raft.server.log.corruption.policy = EXCEPTION (default)
2019-10-22 02:33:43,668 [pool-59-thread-1] INFO  storage.RaftStorageDirectory (RaftStorageDirectory.java:analyzeStorage(246)) - The storage directory /workdir/hadoop-ozone/integration-test/target/test-dir/MiniOzoneClusterImpl-1e1cbef6-da44-444b-ac78-b5a442d7a72a/datanode-2/data/ratis/c5e3653d-3072-438f-bdee-0364cc85f185 does not exist. Creating ...
2019-10-22 02:33:43,685 [Thread-725] INFO  impl.FollowerState (FollowerState.java:run(108)) - 6f2be65d-ce7d-4814-9a9f-e49d79835c35@group-8E192697A9CF-FollowerState: change to CANDIDATE, lastRpcTime:96ms, electionTimeout:96ms
2019-10-22 02:33:43,686 [Thread-725] INFO  impl.RoleInfo (RoleInfo.java:shutdownFollowerState(121)) - 6f2be65d-ce7d-4814-9a9f-e49d79835c35: shutdown FollowerState
2019-10-22 02:33:43,686 [Thread-725] INFO  impl.RaftServerImpl (RaftServerImpl.java:setRole(184)) - 6f2be65d-ce7d-4814-9a9f-e49d79835c35@group-8E192697A9CF: changes role from  FOLLOWER to CANDIDATE at term 28 for changeToCandidate
2019-10-22 02:33:43,686 [Thread-725] INFO  impl.RoleInfo (RoleInfo.java:updateAndGet(143)) - 6f2be65d-ce7d-4814-9a9f-e49d79835c35: start LeaderElection
2019-10-22 02:33:43,692 [pool-59-thread-1] INFO  storage.RaftStorageDirectory (RaftStorageDirectory.java:tryLock(328)) - Lock on /workdir/hadoop-ozone/integration-test/target/test-dir/MiniOzoneClusterImpl-1e1cbef6-da44-444b-ac78-b5a442d7a72a/datanode-2/data/ratis/c5e3653d-3072-438f-bdee-0364cc85f185/in_use.lock acquired by nodename 8361@pr-hdds-1643-hlxn2-3599243457
2019-10-22 02:33:43,692 [6f2be65d-ce7d-4814-9a9f-e49d79835c35@group-8E192697A9CF-LeaderElection28] INFO  impl.LeaderElection (LeaderElection.java:askForVotes(178)) - 6f2be65d-ce7d-4814-9a9f-e49d79835c35@group-8E192697A9CF-LeaderElection28: begin an election at term 29 for 0: [6dc62414-4100-415b-916b-e9f0081ca22e:192.168.34.14:40542, 6f2be65d-ce7d-4814-9a9f-e49d79835c35:192.168.34.14:36170, ddae0d8b-c866-4e5c-81a7-eef12a7bc666:192.168.34.14:38819], old=null
2019-10-22 02:33:43,696 [grpc-default-executor-4] INFO  impl.RaftServerImpl (RaftServerImpl.java:setRole(184)) - 6dc62414-4100-415b-916b-e9f0081ca22e@group-8E192697A9CF: changes role from  FOLLOWER to FOLLOWER at term 29 for recognizeCandidate:6f2be65d-ce7d-4814-9a9f-e49d79835c35
2019-10-22 02:33:43,696 [grpc-default-executor-7] INFO  impl.RaftServerImpl (RaftServerImpl.java:setRole(184)) - ddae0d8b-c866-4e5c-81a7-eef12a7bc666@group-8E192697A9CF: changes role from  FOLLOWER to FOLLOWER at term 29 for recognizeCandidate:6f2be65d-ce7d-4814-9a9f-e49d79835c35
2019-10-22 02:33:43,697 [grpc-default-executor-4] INFO  impl.RoleInfo (RoleInfo.java:shutdownFollowerState(121)) - 6dc62414-4100-415b-916b-e9f0081ca22e: shutdown FollowerState
2019-10-22 02:33:43,697 [grpc-default-executor-7] INFO  impl.RoleInfo (RoleInfo.java:shutdownFollowerState(121)) - ddae0d8b-c866-4e5c-81a7-eef12a7bc666: shutdown FollowerState
2019-10-22 02:33:43,697 [Thread-724] INFO  impl.FollowerState (FollowerState.java:run(117)) - 6dc62414-4100-415b-916b-e9f0081ca22e@group-8E192697A9CF-FollowerState was interrupted: java.lang.InterruptedException: sleep interrupted
2019-10-22 02:33:43,697 [grpc-default-executor-4] INFO  impl.RoleInfo (RoleInfo.java:updateAndGet(143)) - 6dc62414-4100-415b-916b-e9f0081ca22e: start FollowerState
2019-10-22 02:33:43,697 [Thread-723] INFO  impl.FollowerState (FollowerState.java:run(117)) - ddae0d8b-c866-4e5c-81a7-eef12a7bc666@group-8E192697A9CF-FollowerState was interrupted: java.lang.InterruptedException: sleep interrupted
2019-10-22 02:33:43,697 [grpc-default-executor-7] INFO  impl.RoleInfo (RoleInfo.java:updateAndGet(143)) - ddae0d8b-c866-4e5c-81a7-eef12a7bc666: start FollowerState
2019-10-22 02:33:43,699 [pool-59-thread-1] INFO  storage.RaftStorage (RaftStorage.java:format(84)) - Storage directory /workdir/hadoop-ozone/integration-test/target/test-dir/MiniOzoneClusterImpl-1e1cbef6-da44-444b-ac78-b5a442d7a72a/datanode-2/data/ratis/c5e3653d-3072-438f-bdee-0364cc85f185 has been successfully formatted.
2019-10-22 02:33:43,699 [pool-59-thread-1] INFO  ratis.ContainerStateMachine (ContainerStateMachine.java:loadSnapshot(231)) - group-0364CC85F185: The snapshot info is null. Setting the last applied indexto:(t:0, i:~)
2019-10-22 02:33:43,699 [pool-59-thread-1] INFO  server.RaftServerConfigKeys (ConfUtils.java:logGet(43)) - raft.server.notification.no-leader.timeout = 1000s (custom)
2019-10-22 02:33:43,699 [pool-59-thread-1] INFO  server.RaftServerConfigKeys (ConfUtils.java:logGet(43)) - raft.server.log.use.memory = false (default)
2019-10-22 02:33:43,699 [pool-59-thread-1] INFO  server.RaftServerConfigKeys (ConfUtils.java:logGet(43)) - raft.server.log.purge.gap = 1000000 (custom)
2019-10-22 02:33:43,699 [pool-59-thread-1] INFO  server.RaftServerConfigKeys (ConfUtils.java:logGet(43)) - raft.server.log.appender.buffer.byte-limit = 33554432 (custom)
2019-10-22 02:33:43,699 [pool-59-thread-1] INFO  server.RaftServerConfigKeys (ConfUtils.java:logGet(43)) - raft.server.log.segment.size.max = 1048576 (custom)
2019-10-22 02:33:43,699 [pool-59-thread-1] INFO  server.RaftServerConfigKeys (ConfUtils.java:logGet(43)) - raft.server.log.segment.cache.num.max = 2 (custom)
2019-10-22 02:33:43,700 [pool-59-thread-1] INFO  segmented.SegmentedRaftLogWorker (SegmentedRaftLogWorker.java:<init>(173)) - new 6f2be65d-ce7d-4814-9a9f-e49d79835c35@group-0364CC85F185-SegmentedRaftLogWorker for RaftStorage:Storage Directory /workdir/hadoop-ozone/integration-test/target/test-dir/MiniOzoneClusterImpl-1e1cbef6-da44-444b-ac78-b5a442d7a72a/datanode-2/data/ratis/c5e3653d-3072-438f-bdee-0364cc85f185
2019-10-22 02:33:43,700 [pool-59-thread-1] INFO  server.RaftServerConfigKeys (ConfUtils.java:logGet(43)) - raft.server.log.queue.byte-limit = 2147483647 (custom)
2019-10-22 02:33:43,700 [pool-59-thread-1] INFO  server.RaftServerConfigKeys (ConfUtils.java:logGet(43)) - raft.server.log.queue.element-limit = 1024 (custom)
2019-10-22 02:33:43,700 [pool-59-thread-1] INFO  server.RaftServerConfigKeys (ConfUtils.java:logGet(43)) - raft.server.log.segment.size.max = 1048576 (custom)
2019-10-22 02:33:43,700 [pool-59-thread-1] INFO  server.RaftServerConfigKeys (ConfUtils.java:logGet(43)) - raft.server.log.preallocated.size = 16384 (custom)
2019-10-22 02:33:43,700 [pool-59-thread-1] INFO  server.RaftServerConfigKeys (ConfUtils.java:logGet(43)) - raft.server.log.write.buffer.size = 33554432 (custom)
2019-10-22 02:33:43,700 [pool-59-thread-1] INFO  server.RaftServerConfigKeys (ConfUtils.java:logGet(43)) - raft.server.log.force.sync.num = 128 (default)
2019-10-22 02:33:43,700 [pool-59-thread-1] INFO  server.RaftServerConfigKeys (ConfUtils.java:logGet(43)) - raft.server.log.statemachine.data.sync = true (default)
2019-10-22 02:33:43,700 [pool-59-thread-1] INFO  server.RaftServerConfigKeys (ConfUtils.java:logGet(43)) - raft.server.log.statemachine.data.sync.timeout = 10s (default)
2019-10-22 02:33:43,700 [pool-59-thread-1] INFO  server.RaftServerConfigKeys (ConfUtils.java:logGet(43)) - raft.server.log.statemachine.data.sync.timeout.retry = -1 (default)
2019-10-22 02:33:43,700 [pool-59-thread-1] INFO  server.RaftServerConfigKeys (ConfUtils.java:logGet(43)) - raft.server.log.statemachine.data.caching.enabled = true (custom)
2019-10-22 02:33:43,701 [pool-59-thread-1] INFO  segmented.SegmentedRaftLogWorker (SegmentedRaftLogWorker.java:lambda$new$0(128)) - 6f2be65d-ce7d-4814-9a9f-e49d79835c35@group-0364CC85F185-SegmentedRaftLogWorker: flushIndex: setUnconditionally 0 -> -1
2019-10-22 02:33:43,701 [pool-59-thread-1] INFO  server.RaftServerConfigKeys (ConfUtils.java:logGet(43)) - raft.server.snapshot.auto.trigger.enabled = true (custom)
2019-10-22 02:33:43,701 [pool-59-thread-1] INFO  server.RaftServerConfigKeys (ConfUtils.java:logGet(43)) - raft.server.snapshot.auto.trigger.threshold = 10000 (custom)
2019-10-22 02:33:43,701 [pool-59-thread-1] INFO  server.RaftServerConfigKeys (ConfUtils.java:logGet(43)) - raft.server.snapshot.retention.file.num = 5 (custom)
2019-10-22 02:33:43,701 [pool-59-thread-1] INFO  server.RaftServerConfigKeys (ConfUtils.java:logGet(43)) - raft.server.retrycache.expirytime = 600000ms (custom)
2019-10-22 02:33:43,703 [6f2be65d-ce7d-4814-9a9f-e49d79835c35@group-8E192697A9CF-LeaderElection28] INFO  impl.LeaderElection (LeaderElection.java:logAndReturn(56)) - 6f2be65d-ce7d-4814-9a9f-e49d79835c35@group-8E192697A9CF-LeaderElection28: Election REJECTED; received 2 response(s) [6f2be65d-ce7d-4814-9a9f-e49d79835c35<-6dc62414-4100-415b-916b-e9f0081ca22e#0:FAIL-t29, 6f2be65d-ce7d-4814-9a9f-e49d79835c35<-ddae0d8b-c866-4e5c-81a7-eef12a7bc666#0:FAIL-t29] and 0 exception(s); 6f2be65d-ce7d-4814-9a9f-e49d79835c35@group-8E192697A9CF:t29, leader=null, voted=6f2be65d-ce7d-4814-9a9f-e49d79835c35, raftlog=6f2be65d-ce7d-4814-9a9f-e49d79835c35@group-8E192697A9CF-SegmentedRaftLog:OPENED:c3,f4,i4, conf=0: [6dc62414-4100-415b-916b-e9f0081ca22e:192.168.34.14:40542, 6f2be65d-ce7d-4814-9a9f-e49d79835c35:192.168.34.14:36170, ddae0d8b-c866-4e5c-81a7-eef12a7bc666:192.168.34.14:38819], old=null
2019-10-22 02:33:43,703 [6f2be65d-ce7d-4814-9a9f-e49d79835c35@group-8E192697A9CF-LeaderElection28] INFO  impl.RaftServerImpl (RaftServerImpl.java:setRole(184)) - 6f2be65d-ce7d-4814-9a9f-e49d79835c35@group-8E192697A9CF: changes role from CANDIDATE to FOLLOWER at term 29 for DISCOVERED_A_NEW_TERM
2019-10-22 02:33:43,703 [6f2be65d-ce7d-4814-9a9f-e49d79835c35@group-8E192697A9CF-LeaderElection28] INFO  impl.RoleInfo (RoleInfo.java:shutdownLeaderElection(134)) - 6f2be65d-ce7d-4814-9a9f-e49d79835c35: shutdown LeaderElection
2019-10-22 02:33:43,703 [6f2be65d-ce7d-4814-9a9f-e49d79835c35@group-8E192697A9CF-LeaderElection28] INFO  impl.RoleInfo (RoleInfo.java:updateAndGet(143)) - 6f2be65d-ce7d-4814-9a9f-e49d79835c35: start FollowerState
2019-10-22 02:33:43,704 [pool-59-thread-1] INFO  impl.RaftServerImpl (RaftServerImpl.java:start(195)) - 6f2be65d-ce7d-4814-9a9f-e49d79835c35@group-0364CC85F185: start as a follower, conf=-1: [6f2be65d-ce7d-4814-9a9f-e49d79835c35:192.168.34.14:36170], old=null
2019-10-22 02:33:43,705 [pool-59-thread-1] INFO  impl.RaftServerImpl (RaftServerImpl.java:setRole(184)) - 6f2be65d-ce7d-4814-9a9f-e49d79835c35@group-0364CC85F185: changes role from      null to FOLLOWER at term 0 for startAsFollower
2019-10-22 02:33:43,705 [pool-59-thread-1] INFO  impl.RoleInfo (RoleInfo.java:updateAndGet(143)) - 6f2be65d-ce7d-4814-9a9f-e49d79835c35: start FollowerState
2019-10-22 02:33:43,706 [pool-59-thread-1] INFO  util.JmxRegister (JmxRegister.java:tryRegister(44)) - Successfully registered JMX Bean with object name Ratis:service=RaftServer,group=group-0364CC85F185,id=6f2be65d-ce7d-4814-9a9f-e49d79835c35
2019-10-22 02:33:43,711 [RatisPipelineUtilsThread] INFO  pipeline.PipelineStateManager (PipelineStateManager.java:addPipeline(56)) - Created pipeline Pipeline[ Id: c5e3653d-3072-438f-bdee-0364cc85f185, Nodes: 6f2be65d-ce7d-4814-9a9f-e49d79835c35{ip: 192.168.34.14, host: pr-hdds-1643-hlxn2-3599243457, networkLocation: /default-rack, certSerialId: null}, Type:RATIS, Factor:ONE, State:OPEN]
2019-10-22 02:33:43,735 [grpc-default-executor-4] INFO  impl.RaftServerProxy (RaftServerProxy.java:addNew(89)) - ddae0d8b-c866-4e5c-81a7-eef12a7bc666: addNew group-6F56B9B07233:[6dc62414-4100-415b-916b-e9f0081ca22e:192.168.34.14:40542, 6f2be65d-ce7d-4814-9a9f-e49d79835c35:192.168.34.14:36170, ddae0d8b-c866-4e5c-81a7-eef12a7bc666:192.168.34.14:38819] returns group-6F56B9B07233:java.util.concurrent.CompletableFuture@202c22f[Not completed]
2019-10-22 02:33:43,735 [grpc-default-executor-4] INFO  impl.RaftServerProxy (RaftServerProxy.java:addNew(89)) - 6f2be65d-ce7d-4814-9a9f-e49d79835c35: addNew group-6F56B9B07233:[6dc62414-4100-415b-916b-e9f0081ca22e:192.168.34.14:40542, 6f2be65d-ce7d-4814-9a9f-e49d79835c35:192.168.34.14:36170, ddae0d8b-c866-4e5c-81a7-eef12a7bc666:192.168.34.14:38819] returns group-6F56B9B07233:java.util.concurrent.CompletableFuture@2e63bf63[Not completed]
2019-10-22 02:33:43,735 [grpc-default-executor-5] INFO  impl.RaftServerProxy (RaftServerProxy.java:addNew(89)) - 6dc62414-4100-415b-916b-e9f0081ca22e: addNew group-6F56B9B07233:[6dc62414-4100-415b-916b-e9f0081ca22e:192.168.34.14:40542, 6f2be65d-ce7d-4814-9a9f-e49d79835c35:192.168.34.14:36170, ddae0d8b-c866-4e5c-81a7-eef12a7bc666:192.168.34.14:38819] returns group-6F56B9B07233:java.util.concurrent.CompletableFuture@7f79326c[Not completed]
2019-10-22 02:33:43,737 [pool-37-thread-1] INFO  impl.RaftServerImpl (RaftServerImpl.java:<init>(104)) - ddae0d8b-c866-4e5c-81a7-eef12a7bc666: new RaftServerImpl for group-6F56B9B07233:[6dc62414-4100-415b-916b-e9f0081ca22e:192.168.34.14:40542, 6f2be65d-ce7d-4814-9a9f-e49d79835c35:192.168.34.14:36170, ddae0d8b-c866-4e5c-81a7-eef12a7bc666:192.168.34.14:38819] with ContainerStateMachine:uninitialized
2019-10-22 02:33:43,737 [pool-37-thread-1] INFO  server.RaftServerConfigKeys (ConfUtils.java:logGet(43)) - raft.server.rpc.timeout.min = 5s (custom)
2019-10-22 02:33:43,737 [pool-37-thread-1] INFO  server.RaftServerConfigKeys (ConfUtils.java:logGet(43)) - raft.server.rpc.timeout.max = 5200ms (custom)
2019-10-22 02:33:43,737 [pool-37-thread-1] INFO  server.RaftServerConfigKeys (ConfUtils.java:logGet(43)) - raft.server.rpcslowness.timeout = 1000s (custom)
2019-10-22 02:33:43,737 [pool-37-thread-1] INFO  server.RaftServerConfigKeys (ConfUtils.java:logGet(43)) - raft.server.sleep.deviation.threshold = 300 (default)
2019-10-22 02:33:43,738 [pool-37-thread-1] INFO  server.RaftServerConfigKeys (ConfUtils.java:logGet(43)) - raft.server.log.appender.install.snapshot.enabled = false (custom)
2019-10-22 02:33:43,738 [pool-37-thread-1] INFO  impl.RaftServerImpl (ServerState.java:<init>(103)) - ddae0d8b-c866-4e5c-81a7-eef12a7bc666@group-6F56B9B07233: ConfigurationManager, init=-1: [6dc62414-4100-415b-916b-e9f0081ca22e:192.168.34.14:40542, 6f2be65d-ce7d-4814-9a9f-e49d79835c35:192.168.34.14:36170, ddae0d8b-c866-4e5c-81a7-eef12a7bc666:192.168.34.14:38819], old=null, confs=<EMPTY_MAP>
2019-10-22 02:33:43,738 [pool-37-thread-1] INFO  server.RaftServerConfigKeys (ConfUtils.java:logGet(43)) - raft.server.storage.dir = [/workdir/hadoop-ozone/integration-test/target/test-dir/MiniOzoneClusterImpl-1e1cbef6-da44-444b-ac78-b5a442d7a72a/datanode-1/data/ratis] (custom)
2019-10-22 02:33:43,738 [pool-27-thread-1] INFO  impl.RaftServerImpl (RaftServerImpl.java:<init>(104)) - 6dc62414-4100-415b-916b-e9f0081ca22e: new RaftServerImpl for group-6F56B9B07233:[6dc62414-4100-415b-916b-e9f0081ca22e:192.168.34.14:40542, 6f2be65d-ce7d-4814-9a9f-e49d79835c35:192.168.34.14:36170, ddae0d8b-c866-4e5c-81a7-eef12a7bc666:192.168.34.14:38819] with ContainerStateMachine:uninitialized
2019-10-22 02:33:43,738 [pool-37-thread-1] INFO  server.RaftServerConfigKeys (ConfUtils.java:logGet(43)) - raft.server.log.corruption.policy = EXCEPTION (default)
2019-10-22 02:33:43,738 [pool-27-thread-1] INFO  server.RaftServerConfigKeys (ConfUtils.java:logGet(43)) - raft.server.rpc.timeout.min = 5s (custom)
2019-10-22 02:33:43,739 [pool-59-thread-1] INFO  impl.RaftServerImpl (RaftServerImpl.java:<init>(104)) - 6f2be65d-ce7d-4814-9a9f-e49d79835c35: new RaftServerImpl for group-6F56B9B07233:[6dc62414-4100-415b-916b-e9f0081ca22e:192.168.34.14:40542, 6f2be65d-ce7d-4814-9a9f-e49d79835c35:192.168.34.14:36170, ddae0d8b-c866-4e5c-81a7-eef12a7bc666:192.168.34.14:38819] with ContainerStateMachine:uninitialized
2019-10-22 02:33:43,739 [pool-37-thread-1] INFO  storage.RaftStorageDirectory (RaftStorageDirectory.java:analyzeStorage(246)) - The storage directory /workdir/hadoop-ozone/integration-test/target/test-dir/MiniOzoneClusterImpl-1e1cbef6-da44-444b-ac78-b5a442d7a72a/datanode-1/data/ratis/94a35ada-df82-4924-9b59-6f56b9b07233 does not exist. Creating ...
2019-10-22 02:33:43,739 [pool-27-thread-1] INFO  server.RaftServerConfigKeys (ConfUtils.java:logGet(43)) - raft.server.rpc.timeout.max = 5200ms (custom)
2019-10-22 02:33:43,739 [pool-59-thread-1] INFO  server.RaftServerConfigKeys (ConfUtils.java:logGet(43)) - raft.server.rpc.timeout.min = 5s (custom)
2019-10-22 02:33:43,739 [pool-27-thread-1] INFO  server.RaftServerConfigKeys (ConfUtils.java:logGet(43)) - raft.server.rpcslowness.timeout = 1000s (custom)
2019-10-22 02:33:43,739 [pool-59-thread-1] INFO  server.RaftServerConfigKeys (ConfUtils.java:logGet(43)) - raft.server.rpc.timeout.max = 5200ms (custom)
2019-10-22 02:33:43,739 [pool-27-thread-1] INFO  server.RaftServerConfigKeys (ConfUtils.java:logGet(43)) - raft.server.sleep.deviation.threshold = 300 (default)
2019-10-22 02:33:43,739 [pool-59-thread-1] INFO  server.RaftServerConfigKeys (ConfUtils.java:logGet(43)) - raft.server.rpcslowness.timeout = 1000s (custom)
2019-10-22 02:33:43,739 [pool-27-thread-1] INFO  server.RaftServerConfigKeys (ConfUtils.java:logGet(43)) - raft.server.log.appender.install.snapshot.enabled = false (custom)
2019-10-22 02:33:43,739 [pool-59-thread-1] INFO  server.RaftServerConfigKeys (ConfUtils.java:logGet(43)) - raft.server.sleep.deviation.threshold = 300 (default)
2019-10-22 02:33:43,739 [pool-27-thread-1] INFO  impl.RaftServerImpl (ServerState.java:<init>(103)) - 6dc62414-4100-415b-916b-e9f0081ca22e@group-6F56B9B07233: ConfigurationManager, init=-1: [6dc62414-4100-415b-916b-e9f0081ca22e:192.168.34.14:40542, 6f2be65d-ce7d-4814-9a9f-e49d79835c35:192.168.34.14:36170, ddae0d8b-c866-4e5c-81a7-eef12a7bc666:192.168.34.14:38819], old=null, confs=<EMPTY_MAP>
2019-10-22 02:33:43,739 [pool-59-thread-1] INFO  server.RaftServerConfigKeys (ConfUtils.java:logGet(43)) - raft.server.log.appender.install.snapshot.enabled = false (custom)
2019-10-22 02:33:43,740 [pool-27-thread-1] INFO  server.RaftServerConfigKeys (ConfUtils.java:logGet(43)) - raft.server.storage.dir = [/workdir/hadoop-ozone/integration-test/target/test-dir/MiniOzoneClusterImpl-1e1cbef6-da44-444b-ac78-b5a442d7a72a/datanode-0/data/ratis] (custom)
2019-10-22 02:33:43,740 [pool-59-thread-1] INFO  impl.RaftServerImpl (ServerState.java:<init>(103)) - 6f2be65d-ce7d-4814-9a9f-e49d79835c35@group-6F56B9B07233: ConfigurationManager, init=-1: [6dc62414-4100-415b-916b-e9f0081ca22e:192.168.34.14:40542, 6f2be65d-ce7d-4814-9a9f-e49d79835c35:192.168.34.14:36170, ddae0d8b-c866-4e5c-81a7-eef12a7bc666:192.168.34.14:38819], old=null, confs=<EMPTY_MAP>
2019-10-22 02:33:43,740 [pool-59-thread-1] INFO  server.RaftServerConfigKeys (ConfUtils.java:logGet(43)) - raft.server.storage.dir = [/workdir/hadoop-ozone/integration-test/target/test-dir/MiniOzoneClusterImpl-1e1cbef6-da44-444b-ac78-b5a442d7a72a/datanode-2/data/ratis] (custom)
2019-10-22 02:33:43,740 [pool-27-thread-1] INFO  server.RaftServerConfigKeys (ConfUtils.java:logGet(43)) - raft.server.log.corruption.policy = EXCEPTION (default)
2019-10-22 02:33:43,740 [pool-59-thread-1] INFO  server.RaftServerConfigKeys (ConfUtils.java:logGet(43)) - raft.server.log.corruption.policy = EXCEPTION (default)
2019-10-22 02:33:43,740 [pool-27-thread-1] INFO  storage.RaftStorageDirectory (RaftStorageDirectory.java:analyzeStorage(246)) - The storage directory /workdir/hadoop-ozone/integration-test/target/test-dir/MiniOzoneClusterImpl-1e1cbef6-da44-444b-ac78-b5a442d7a72a/datanode-0/data/ratis/94a35ada-df82-4924-9b59-6f56b9b07233 does not exist. Creating ...
2019-10-22 02:33:43,740 [pool-59-thread-1] INFO  storage.RaftStorageDirectory (RaftStorageDirectory.java:analyzeStorage(246)) - The storage directory /workdir/hadoop-ozone/integration-test/target/test-dir/MiniOzoneClusterImpl-1e1cbef6-da44-444b-ac78-b5a442d7a72a/datanode-2/data/ratis/94a35ada-df82-4924-9b59-6f56b9b07233 does not exist. Creating ...
2019-10-22 02:33:43,750 [Thread-734] INFO  impl.FollowerState (FollowerState.java:run(108)) - 6f2be65d-ce7d-4814-9a9f-e49d79835c35@group-8E192697A9CF-FollowerState: change to CANDIDATE, lastRpcTime:46ms, electionTimeout:46ms
2019-10-22 02:33:43,750 [Thread-734] INFO  impl.RoleInfo (RoleInfo.java:shutdownFollowerState(121)) - 6f2be65d-ce7d-4814-9a9f-e49d79835c35: shutdown FollowerState
2019-10-22 02:33:43,750 [Thread-734] INFO  impl.RaftServerImpl (RaftServerImpl.java:setRole(184)) - 6f2be65d-ce7d-4814-9a9f-e49d79835c35@group-8E192697A9CF: changes role from  FOLLOWER to CANDIDATE at term 29 for changeToCandidate
2019-10-22 02:33:43,750 [Thread-734] INFO  impl.RoleInfo (RoleInfo.java:updateAndGet(143)) - 6f2be65d-ce7d-4814-9a9f-e49d79835c35: start LeaderElection
2019-10-22 02:33:43,755 [pool-59-thread-1] INFO  storage.RaftStorageDirectory (RaftStorageDirectory.java:tryLock(328)) - Lock on /workdir/hadoop-ozone/integration-test/target/test-dir/MiniOzoneClusterImpl-1e1cbef6-da44-444b-ac78-b5a442d7a72a/datanode-2/data/ratis/94a35ada-df82-4924-9b59-6f56b9b07233/in_use.lock acquired by nodename 8361@pr-hdds-1643-hlxn2-3599243457
2019-10-22 02:33:43,755 [pool-37-thread-1] INFO  storage.RaftStorageDirectory (RaftStorageDirectory.java:tryLock(328)) - Lock on /workdir/hadoop-ozone/integration-test/target/test-dir/MiniOzoneClusterImpl-1e1cbef6-da44-444b-ac78-b5a442d7a72a/datanode-1/data/ratis/94a35ada-df82-4924-9b59-6f56b9b07233/in_use.lock acquired by nodename 8361@pr-hdds-1643-hlxn2-3599243457
2019-10-22 02:33:43,755 [pool-27-thread-1] INFO  storage.RaftStorageDirectory (RaftStorageDirectory.java:tryLock(328)) - Lock on /workdir/hadoop-ozone/integration-test/target/test-dir/MiniOzoneClusterImpl-1e1cbef6-da44-444b-ac78-b5a442d7a72a/datanode-0/data/ratis/94a35ada-df82-4924-9b59-6f56b9b07233/in_use.lock acquired by nodename 8361@pr-hdds-1643-hlxn2-3599243457
2019-10-22 02:33:43,755 [6f2be65d-ce7d-4814-9a9f-e49d79835c35@group-8E192697A9CF-LeaderElection29] INFO  impl.LeaderElection (LeaderElection.java:askForVotes(178)) - 6f2be65d-ce7d-4814-9a9f-e49d79835c35@group-8E192697A9CF-LeaderElection29: begin an election at term 30 for 0: [6dc62414-4100-415b-916b-e9f0081ca22e:192.168.34.14:40542, 6f2be65d-ce7d-4814-9a9f-e49d79835c35:192.168.34.14:36170, ddae0d8b-c866-4e5c-81a7-eef12a7bc666:192.168.34.14:38819], old=null
2019-10-22 02:33:43,758 [grpc-default-executor-5] INFO  impl.RaftServerImpl (RaftServerImpl.java:setRole(184)) - 6dc62414-4100-415b-916b-e9f0081ca22e@group-8E192697A9CF: changes role from  FOLLOWER to FOLLOWER at term 30 for recognizeCandidate:6f2be65d-ce7d-4814-9a9f-e49d79835c35
2019-10-22 02:33:43,758 [grpc-default-executor-5] INFO  impl.RoleInfo (RoleInfo.java:shutdownFollowerState(121)) - 6dc62414-4100-415b-916b-e9f0081ca22e: shutdown FollowerState
2019-10-22 02:33:43,758 [grpc-default-executor-4] INFO  impl.RaftServerImpl (RaftServerImpl.java:setRole(184)) - ddae0d8b-c866-4e5c-81a7-eef12a7bc666@group-8E192697A9CF: changes role from  FOLLOWER to FOLLOWER at term 30 for recognizeCandidate:6f2be65d-ce7d-4814-9a9f-e49d79835c35
2019-10-22 02:33:43,758 [grpc-default-executor-5] INFO  impl.RoleInfo (RoleInfo.java:updateAndGet(143)) - 6dc62414-4100-415b-916b-e9f0081ca22e: start FollowerState
2019-10-22 02:33:43,758 [grpc-default-executor-4] INFO  impl.RoleInfo (RoleInfo.java:shutdownFollowerState(121)) - ddae0d8b-c866-4e5c-81a7-eef12a7bc666: shutdown FollowerState
2019-10-22 02:33:43,758 [Thread-731] INFO  impl.FollowerState (FollowerState.java:run(117)) - 6dc62414-4100-415b-916b-e9f0081ca22e@group-8E192697A9CF-FollowerState was interrupted: java.lang.InterruptedException: sleep interrupted
2019-10-22 02:33:43,759 [Thread-732] INFO  impl.FollowerState (FollowerState.java:run(117)) - ddae0d8b-c866-4e5c-81a7-eef12a7bc666@group-8E192697A9CF-FollowerState was interrupted: java.lang.InterruptedException: sleep interrupted
2019-10-22 02:33:43,759 [grpc-default-executor-4] INFO  impl.RoleInfo (RoleInfo.java:updateAndGet(143)) - ddae0d8b-c866-4e5c-81a7-eef12a7bc666: start FollowerState
2019-10-22 02:33:43,769 [pool-59-thread-1] INFO  storage.RaftStorage (RaftStorage.java:format(84)) - Storage directory /workdir/hadoop-ozone/integration-test/target/test-dir/MiniOzoneClusterImpl-1e1cbef6-da44-444b-ac78-b5a442d7a72a/datanode-2/data/ratis/94a35ada-df82-4924-9b59-6f56b9b07233 has been successfully formatted.
2019-10-22 02:33:43,769 [pool-37-thread-1] INFO  storage.RaftStorage (RaftStorage.java:format(84)) - Storage directory /workdir/hadoop-ozone/integration-test/target/test-dir/MiniOzoneClusterImpl-1e1cbef6-da44-444b-ac78-b5a442d7a72a/datanode-1/data/ratis/94a35ada-df82-4924-9b59-6f56b9b07233 has been successfully formatted.
2019-10-22 02:33:43,769 [pool-27-thread-1] INFO  storage.RaftStorage (RaftStorage.java:format(84)) - Storage directory /workdir/hadoop-ozone/integration-test/target/test-dir/MiniOzoneClusterImpl-1e1cbef6-da44-444b-ac78-b5a442d7a72a/datanode-0/data/ratis/94a35ada-df82-4924-9b59-6f56b9b07233 has been successfully formatted.
2019-10-22 02:33:43,769 [pool-59-thread-1] INFO  ratis.ContainerStateMachine (ContainerStateMachine.java:loadSnapshot(231)) - group-6F56B9B07233: The snapshot info is null. Setting the last applied indexto:(t:0, i:~)
2019-10-22 02:33:43,769 [pool-37-thread-1] INFO  ratis.ContainerStateMachine (ContainerStateMachine.java:loadSnapshot(231)) - group-6F56B9B07233: The snapshot info is null. Setting the last applied indexto:(t:0, i:~)
2019-10-22 02:33:43,769 [pool-59-thread-1] INFO  server.RaftServerConfigKeys (ConfUtils.java:logGet(43)) - raft.server.notification.no-leader.timeout = 1000s (custom)
2019-10-22 02:33:43,769 [pool-27-thread-1] INFO  ratis.ContainerStateMachine (ContainerStateMachine.java:loadSnapshot(231)) - group-6F56B9B07233: The snapshot info is null. Setting the last applied indexto:(t:0, i:~)
2019-10-22 02:33:43,769 [pool-59-thread-1] INFO  server.RaftServerConfigKeys (ConfUtils.java:logGet(43)) - raft.server.log.use.memory = false (default)
2019-10-22 02:33:43,769 [pool-37-thread-1] INFO  server.RaftServerConfigKeys (ConfUtils.java:logGet(43)) - raft.server.notification.no-leader.timeout = 1000s (custom)
2019-10-22 02:33:43,770 [pool-59-thread-1] INFO  server.RaftServerConfigKeys (ConfUtils.java:logGet(43)) - raft.server.log.purge.gap = 1000000 (custom)
2019-10-22 02:33:43,770 [pool-27-thread-1] INFO  server.RaftServerConfigKeys (ConfUtils.java:logGet(43)) - raft.server.notification.no-leader.timeout = 1000s (custom)
2019-10-22 02:33:43,770 [6f2be65d-ce7d-4814-9a9f-e49d79835c35@group-8E192697A9CF-LeaderElection29] INFO  impl.LeaderElection (LeaderElection.java:logAndReturn(56)) - 6f2be65d-ce7d-4814-9a9f-e49d79835c35@group-8E192697A9CF-LeaderElection29: Election REJECTED; received 2 response(s) [6f2be65d-ce7d-4814-9a9f-e49d79835c35<-6dc62414-4100-415b-916b-e9f0081ca22e#0:FAIL-t30, 6f2be65d-ce7d-4814-9a9f-e49d79835c35<-ddae0d8b-c866-4e5c-81a7-eef12a7bc666#0:FAIL-t30] and 0 exception(s); 6f2be65d-ce7d-4814-9a9f-e49d79835c35@group-8E192697A9CF:t30, leader=null, voted=6f2be65d-ce7d-4814-9a9f-e49d79835c35, raftlog=6f2be65d-ce7d-4814-9a9f-e49d79835c35@group-8E192697A9CF-SegmentedRaftLog:OPENED:c3,f4,i4, conf=0: [6dc62414-4100-415b-916b-e9f0081ca22e:192.168.34.14:40542, 6f2be65d-ce7d-4814-9a9f-e49d79835c35:192.168.34.14:36170, ddae0d8b-c866-4e5c-81a7-eef12a7bc666:192.168.34.14:38819], old=null
2019-10-22 02:33:43,770 [pool-59-thread-1] INFO  server.RaftServerConfigKeys (ConfUtils.java:logGet(43)) - raft.server.log.appender.buffer.byte-limit = 33554432 (custom)
2019-10-22 02:33:43,770 [pool-37-thread-1] INFO  server.RaftServerConfigKeys (ConfUtils.java:logGet(43)) - raft.server.log.use.memory = false (default)
2019-10-22 02:33:43,772 [pool-59-thread-1] INFO  server.RaftServerConfigKeys (ConfUtils.java:logGet(43)) - raft.server.log.segment.size.max = 1048576 (custom)
2019-10-22 02:33:43,772 [pool-37-thread-1] INFO  server.RaftServerConfigKeys (ConfUtils.java:logGet(43)) - raft.server.log.purge.gap = 1000000 (custom)
2019-10-22 02:33:43,772 [pool-59-thread-1] INFO  server.RaftServerConfigKeys (ConfUtils.java:logGet(43)) - raft.server.log.segment.cache.num.max = 2 (custom)
2019-10-22 02:33:43,770 [6f2be65d-ce7d-4814-9a9f-e49d79835c35@group-8E192697A9CF-LeaderElection29] INFO  impl.RaftServerImpl (RaftServerImpl.java:setRole(184)) - 6f2be65d-ce7d-4814-9a9f-e49d79835c35@group-8E192697A9CF: changes role from CANDIDATE to FOLLOWER at term 30 for DISCOVERED_A_NEW_TERM
2019-10-22 02:33:43,770 [pool-27-thread-1] INFO  server.RaftServerConfigKeys (ConfUtils.java:logGet(43)) - raft.server.log.use.memory = false (default)
2019-10-22 02:33:43,772 [6f2be65d-ce7d-4814-9a9f-e49d79835c35@group-8E192697A9CF-LeaderElection29] INFO  impl.RoleInfo (RoleInfo.java:shutdownLeaderElection(134)) - 6f2be65d-ce7d-4814-9a9f-e49d79835c35: shutdown LeaderElection
2019-10-22 02:33:43,772 [pool-59-thread-1] INFO  segmented.SegmentedRaftLogWorker (SegmentedRaftLogWorker.java:<init>(173)) - new 6f2be65d-ce7d-4814-9a9f-e49d79835c35@group-6F56B9B07233-SegmentedRaftLogWorker for RaftStorage:Storage Directory /workdir/hadoop-ozone/integration-test/target/test-dir/MiniOzoneClusterImpl-1e1cbef6-da44-444b-ac78-b5a442d7a72a/datanode-2/data/ratis/94a35ada-df82-4924-9b59-6f56b9b07233
2019-10-22 02:33:43,772 [pool-37-thread-1] INFO  server.RaftServerConfigKeys (ConfUtils.java:logGet(43)) - raft.server.log.appender.buffer.byte-limit = 33554432 (custom)
2019-10-22 02:33:43,773 [pool-59-thread-1] INFO  server.RaftServerConfigKeys (ConfUtils.java:logGet(43)) - raft.server.log.queue.byte-limit = 2147483647 (custom)
2019-10-22 02:33:43,772 [6f2be65d-ce7d-4814-9a9f-e49d79835c35@group-8E192697A9CF-LeaderElection29] INFO  impl.RoleInfo (RoleInfo.java:updateAndGet(143)) - 6f2be65d-ce7d-4814-9a9f-e49d79835c35: start FollowerState
2019-10-22 02:33:43,772 [pool-27-thread-1] INFO  server.RaftServerConfigKeys (ConfUtils.java:logGet(43)) - raft.server.log.purge.gap = 1000000 (custom)
2019-10-22 02:33:43,773 [pool-59-thread-1] INFO  server.RaftServerConfigKeys (ConfUtils.java:logGet(43)) - raft.server.log.queue.element-limit = 1024 (custom)
2019-10-22 02:33:43,773 [pool-37-thread-1] INFO  server.RaftServerConfigKeys (ConfUtils.java:logGet(43)) - raft.server.log.segment.size.max = 1048576 (custom)
2019-10-22 02:33:43,773 [pool-59-thread-1] INFO  server.RaftServerConfigKeys (ConfUtils.java:logGet(43)) - raft.server.log.segment.size.max = 1048576 (custom)
2019-10-22 02:33:43,773 [pool-27-thread-1] INFO  server.RaftServerConfigKeys (ConfUtils.java:logGet(43)) - raft.server.log.appender.buffer.byte-limit = 33554432 (custom)
2019-10-22 02:33:43,773 [pool-37-thread-1] INFO  server.RaftServerConfigKeys (ConfUtils.java:logGet(43)) - raft.server.log.segment.cache.num.max = 2 (custom)
2019-10-22 02:33:43,773 [pool-59-thread-1] INFO  server.RaftServerConfigKeys (ConfUtils.java:logGet(43)) - raft.server.log.preallocated.size = 16384 (custom)
2019-10-22 02:33:43,774 [pool-37-thread-1] INFO  segmented.SegmentedRaftLogWorker (SegmentedRaftLogWorker.java:<init>(173)) - new ddae0d8b-c866-4e5c-81a7-eef12a7bc666@group-6F56B9B07233-SegmentedRaftLogWorker for RaftStorage:Storage Directory /workdir/hadoop-ozone/integration-test/target/test-dir/MiniOzoneClusterImpl-1e1cbef6-da44-444b-ac78-b5a442d7a72a/datanode-1/data/ratis/94a35ada-df82-4924-9b59-6f56b9b07233
2019-10-22 02:33:43,773 [pool-27-thread-1] INFO  server.RaftServerConfigKeys (ConfUtils.java:logGet(43)) - raft.server.log.segment.size.max = 1048576 (custom)
2019-10-22 02:33:43,774 [pool-37-thread-1] INFO  server.RaftServerConfigKeys (ConfUtils.java:logGet(43)) - raft.server.log.queue.byte-limit = 2147483647 (custom)
2019-10-22 02:33:43,774 [pool-59-thread-1] INFO  server.RaftServerConfigKeys (ConfUtils.java:logGet(43)) - raft.server.log.write.buffer.size = 33554432 (custom)
2019-10-22 02:33:43,774 [pool-37-thread-1] INFO  server.RaftServerConfigKeys (ConfUtils.java:logGet(43)) - raft.server.log.queue.element-limit = 1024 (custom)
2019-10-22 02:33:43,774 [pool-27-thread-1] INFO  server.RaftServerConfigKeys (ConfUtils.java:logGet(43)) - raft.server.log.segment.cache.num.max = 2 (custom)
2019-10-22 02:33:43,774 [pool-59-thread-1] INFO  server.RaftServerConfigKeys (ConfUtils.java:logGet(43)) - raft.server.log.force.sync.num = 128 (default)
2019-10-22 02:33:43,774 [pool-27-thread-1] INFO  segmented.SegmentedRaftLogWorker (SegmentedRaftLogWorker.java:<init>(173)) - new 6dc62414-4100-415b-916b-e9f0081ca22e@group-6F56B9B07233-SegmentedRaftLogWorker for RaftStorage:Storage Directory /workdir/hadoop-ozone/integration-test/target/test-dir/MiniOzoneClusterImpl-1e1cbef6-da44-444b-ac78-b5a442d7a72a/datanode-0/data/ratis/94a35ada-df82-4924-9b59-6f56b9b07233
2019-10-22 02:33:43,774 [pool-37-thread-1] INFO  server.RaftServerConfigKeys (ConfUtils.java:logGet(43)) - raft.server.log.segment.size.max = 1048576 (custom)
2019-10-22 02:33:43,775 [pool-27-thread-1] INFO  server.RaftServerConfigKeys (ConfUtils.java:logGet(43)) - raft.server.log.queue.byte-limit = 2147483647 (custom)
2019-10-22 02:33:43,774 [pool-59-thread-1] INFO  server.RaftServerConfigKeys (ConfUtils.java:logGet(43)) - raft.server.log.statemachine.data.sync = true (default)
2019-10-22 02:33:43,775 [pool-27-thread-1] INFO  server.RaftServerConfigKeys (ConfUtils.java:logGet(43)) - raft.server.log.queue.element-limit = 1024 (custom)
2019-10-22 02:33:43,775 [pool-37-thread-1] INFO  server.RaftServerConfigKeys (ConfUtils.java:logGet(43)) - raft.server.log.preallocated.size = 16384 (custom)
2019-10-22 02:33:43,775 [pool-27-thread-1] INFO  server.RaftServerConfigKeys (ConfUtils.java:logGet(43)) - raft.server.log.segment.size.max = 1048576 (custom)
2019-10-22 02:33:43,775 [pool-59-thread-1] INFO  server.RaftServerConfigKeys (ConfUtils.java:logGet(43)) - raft.server.log.statemachine.data.sync.timeout = 10s (default)
2019-10-22 02:33:43,775 [pool-27-thread-1] INFO  server.RaftServerConfigKeys (ConfUtils.java:logGet(43)) - raft.server.log.preallocated.size = 16384 (custom)
2019-10-22 02:33:43,775 [pool-37-thread-1] INFO  server.RaftServerConfigKeys (ConfUtils.java:logGet(43)) - raft.server.log.write.buffer.size = 33554432 (custom)
2019-10-22 02:33:43,775 [pool-27-thread-1] INFO  server.RaftServerConfigKeys (ConfUtils.java:logGet(43)) - raft.server.log.write.buffer.size = 33554432 (custom)
2019-10-22 02:33:43,776 [pool-27-thread-1] INFO  server.RaftServerConfigKeys (ConfUtils.java:logGet(43)) - raft.server.log.force.sync.num = 128 (default)
2019-10-22 02:33:43,775 [pool-59-thread-1] INFO  server.RaftServerConfigKeys (ConfUtils.java:logGet(43)) - raft.server.log.statemachine.data.sync.timeout.retry = -1 (default)
2019-10-22 02:33:43,776 [pool-27-thread-1] INFO  server.RaftServerConfigKeys (ConfUtils.java:logGet(43)) - raft.server.log.statemachine.data.sync = true (default)
2019-10-22 02:33:43,776 [pool-59-thread-1] INFO  server.RaftServerConfigKeys (ConfUtils.java:logGet(43)) - raft.server.log.statemachine.data.caching.enabled = true (custom)
2019-10-22 02:33:43,775 [pool-37-thread-1] INFO  server.RaftServerConfigKeys (ConfUtils.java:logGet(43)) - raft.server.log.force.sync.num = 128 (default)
2019-10-22 02:33:43,776 [pool-27-thread-1] INFO  server.RaftServerConfigKeys (ConfUtils.java:logGet(43)) - raft.server.log.statemachine.data.sync.timeout = 10s (default)
2019-10-22 02:33:43,776 [pool-59-thread-1] INFO  segmented.SegmentedRaftLogWorker (SegmentedRaftLogWorker.java:lambda$new$0(128)) - 6f2be65d-ce7d-4814-9a9f-e49d79835c35@group-6F56B9B07233-SegmentedRaftLogWorker: flushIndex: setUnconditionally 0 -> -1
2019-10-22 02:33:43,776 [pool-37-thread-1] INFO  server.RaftServerConfigKeys (ConfUtils.java:logGet(43)) - raft.server.log.statemachine.data.sync = true (default)
2019-10-22 02:33:43,776 [pool-27-thread-1] INFO  server.RaftServerConfigKeys (ConfUtils.java:logGet(43)) - raft.server.log.statemachine.data.sync.timeout.retry = -1 (default)
2019-10-22 02:33:43,777 [pool-37-thread-1] INFO  server.RaftServerConfigKeys (ConfUtils.java:logGet(43)) - raft.server.log.statemachine.data.sync.timeout = 10s (default)
2019-10-22 02:33:43,777 [pool-59-thread-1] INFO  server.RaftServerConfigKeys (ConfUtils.java:logGet(43)) - raft.server.snapshot.auto.trigger.enabled = true (custom)
2019-10-22 02:33:43,777 [pool-37-thread-1] INFO  server.RaftServerConfigKeys (ConfUtils.java:logGet(43)) - raft.server.log.statemachine.data.sync.timeout.retry = -1 (default)
2019-10-22 02:33:43,777 [pool-27-thread-1] INFO  server.RaftServerConfigKeys (ConfUtils.java:logGet(43)) - raft.server.log.statemachine.data.caching.enabled = true (custom)
2019-10-22 02:33:43,777 [pool-37-thread-1] INFO  server.RaftServerConfigKeys (ConfUtils.java:logGet(43)) - raft.server.log.statemachine.data.caching.enabled = true (custom)
2019-10-22 02:33:43,777 [pool-59-thread-1] INFO  server.RaftServerConfigKeys (ConfUtils.java:logGet(43)) - raft.server.snapshot.auto.trigger.threshold = 10000 (custom)
2019-10-22 02:33:43,777 [pool-27-thread-1] INFO  segmented.SegmentedRaftLogWorker (SegmentedRaftLogWorker.java:lambda$new$0(128)) - 6dc62414-4100-415b-916b-e9f0081ca22e@group-6F56B9B07233-SegmentedRaftLogWorker: flushIndex: setUnconditionally 0 -> -1
2019-10-22 02:33:43,778 [pool-37-thread-1] INFO  segmented.SegmentedRaftLogWorker (SegmentedRaftLogWorker.java:lambda$new$0(128)) - ddae0d8b-c866-4e5c-81a7-eef12a7bc666@group-6F56B9B07233-SegmentedRaftLogWorker: flushIndex: setUnconditionally 0 -> -1
2019-10-22 02:33:43,777 [pool-59-thread-1] INFO  server.RaftServerConfigKeys (ConfUtils.java:logGet(43)) - raft.server.snapshot.retention.file.num = 5 (custom)
2019-10-22 02:33:43,778 [pool-27-thread-1] INFO  server.RaftServerConfigKeys (ConfUtils.java:logGet(43)) - raft.server.snapshot.auto.trigger.enabled = true (custom)
2019-10-22 02:33:43,778 [pool-37-thread-1] INFO  server.RaftServerConfigKeys (ConfUtils.java:logGet(43)) - raft.server.snapshot.auto.trigger.enabled = true (custom)
2019-10-22 02:33:43,778 [pool-59-thread-1] INFO  server.RaftServerConfigKeys (ConfUtils.java:logGet(43)) - raft.server.retrycache.expirytime = 600000ms (custom)
2019-10-22 02:33:43,778 [pool-37-thread-1] INFO  server.RaftServerConfigKeys (ConfUtils.java:logGet(43)) - raft.server.snapshot.auto.trigger.threshold = 10000 (custom)
2019-10-22 02:33:43,778 [pool-27-thread-1] INFO  server.RaftServerConfigKeys (ConfUtils.java:logGet(43)) - raft.server.snapshot.auto.trigger.threshold = 10000 (custom)
2019-10-22 02:33:43,778 [pool-37-thread-1] INFO  server.RaftServerConfigKeys (ConfUtils.java:logGet(43)) - raft.server.snapshot.retention.file.num = 5 (custom)
2019-10-22 02:33:43,778 [pool-27-thread-1] INFO  server.RaftServerConfigKeys (ConfUtils.java:logGet(43)) - raft.server.snapshot.retention.file.num = 5 (custom)
2019-10-22 02:33:43,779 [pool-37-thread-1] INFO  server.RaftServerConfigKeys (ConfUtils.java:logGet(43)) - raft.server.retrycache.expirytime = 600000ms (custom)
2019-10-22 02:33:43,779 [pool-27-thread-1] INFO  server.RaftServerConfigKeys (ConfUtils.java:logGet(43)) - raft.server.retrycache.expirytime = 600000ms (custom)
2019-10-22 02:33:43,780 [pool-59-thread-1] INFO  impl.RaftServerImpl (RaftServerImpl.java:start(195)) - 6f2be65d-ce7d-4814-9a9f-e49d79835c35@group-6F56B9B07233: start as a follower, conf=-1: [6dc62414-4100-415b-916b-e9f0081ca22e:192.168.34.14:40542, 6f2be65d-ce7d-4814-9a9f-e49d79835c35:192.168.34.14:36170, ddae0d8b-c866-4e5c-81a7-eef12a7bc666:192.168.34.14:38819], old=null
2019-10-22 02:33:43,781 [pool-59-thread-1] INFO  impl.RaftServerImpl (RaftServerImpl.java:setRole(184)) - 6f2be65d-ce7d-4814-9a9f-e49d79835c35@group-6F56B9B07233: changes role from      null to FOLLOWER at term 0 for startAsFollower
2019-10-22 02:33:43,781 [pool-59-thread-1] INFO  impl.RoleInfo (RoleInfo.java:updateAndGet(143)) - 6f2be65d-ce7d-4814-9a9f-e49d79835c35: start FollowerState
2019-10-22 02:33:43,781 [pool-59-thread-1] INFO  util.JmxRegister (JmxRegister.java:tryRegister(44)) - Successfully registered JMX Bean with object name Ratis:service=RaftServer,group=group-6F56B9B07233,id=6f2be65d-ce7d-4814-9a9f-e49d79835c35
2019-10-22 02:33:43,782 [pool-37-thread-1] INFO  impl.RaftServerImpl (RaftServerImpl.java:start(195)) - ddae0d8b-c866-4e5c-81a7-eef12a7bc666@group-6F56B9B07233: start as a follower, conf=-1: [6dc62414-4100-415b-916b-e9f0081ca22e:192.168.34.14:40542, 6f2be65d-ce7d-4814-9a9f-e49d79835c35:192.168.34.14:36170, ddae0d8b-c866-4e5c-81a7-eef12a7bc666:192.168.34.14:38819], old=null
2019-10-22 02:33:43,783 [pool-37-thread-1] INFO  impl.RaftServerImpl (RaftServerImpl.java:setRole(184)) - ddae0d8b-c866-4e5c-81a7-eef12a7bc666@group-6F56B9B07233: changes role from      null to FOLLOWER at term 0 for startAsFollower
2019-10-22 02:33:43,783 [pool-37-thread-1] INFO  impl.RoleInfo (RoleInfo.java:updateAndGet(143)) - ddae0d8b-c866-4e5c-81a7-eef12a7bc666: start FollowerState
2019-10-22 02:33:43,783 [pool-27-thread-1] INFO  impl.RaftServerImpl (RaftServerImpl.java:start(195)) - 6dc62414-4100-415b-916b-e9f0081ca22e@group-6F56B9B07233: start as a follower, conf=-1: [6dc62414-4100-415b-916b-e9f0081ca22e:192.168.34.14:40542, 6f2be65d-ce7d-4814-9a9f-e49d79835c35:192.168.34.14:36170, ddae0d8b-c866-4e5c-81a7-eef12a7bc666:192.168.34.14:38819], old=null
2019-10-22 02:33:43,783 [pool-27-thread-1] INFO  impl.RaftServerImpl (RaftServerImpl.java:setRole(184)) - 6dc62414-4100-415b-916b-e9f0081ca22e@group-6F56B9B07233: changes role from      null to FOLLOWER at term 0 for startAsFollower
2019-10-22 02:33:43,783 [pool-27-thread-1] INFO  impl.RoleInfo (RoleInfo.java:updateAndGet(143)) - 6dc62414-4100-415b-916b-e9f0081ca22e: start FollowerState
2019-10-22 02:33:43,783 [pool-37-thread-1] INFO  util.JmxRegister (JmxRegister.java:tryRegister(44)) - Successfully registered JMX Bean with object name Ratis:service=RaftServer,group=group-6F56B9B07233,id=ddae0d8b-c866-4e5c-81a7-eef12a7bc666
2019-10-22 02:33:43,784 [pool-27-thread-1] INFO  util.JmxRegister (JmxRegister.java:tryRegister(44)) - Successfully registered JMX Bean with object name Ratis:service=RaftServer,group=group-6F56B9B07233,id=6dc62414-4100-415b-916b-e9f0081ca22e
2019-10-22 02:33:43,793 [RatisPipelineUtilsThread] INFO  pipeline.PipelineStateManager (PipelineStateManager.java:addPipeline(56)) - Created pipeline Pipeline[ Id: 94a35ada-df82-4924-9b59-6f56b9b07233, Nodes: 6dc62414-4100-415b-916b-e9f0081ca22e{ip: 192.168.34.14, host: pr-hdds-1643-hlxn2-3599243457, networkLocation: /default-rack, certSerialId: null}ddae0d8b-c866-4e5c-81a7-eef12a7bc666{ip: 192.168.34.14, host: pr-hdds-1643-hlxn2-3599243457, networkLocation: /default-rack, certSerialId: null}6f2be65d-ce7d-4814-9a9f-e49d79835c35{ip: 192.168.34.14, host: pr-hdds-1643-hlxn2-3599243457, networkLocation: /default-rack, certSerialId: null}, Type:RATIS, Factor:THREE, State:OPEN]
2019-10-22 02:33:43,837 [Thread-735] INFO  impl.FollowerState (FollowerState.java:run(108)) - 6f2be65d-ce7d-4814-9a9f-e49d79835c35@group-0364CC85F185-FollowerState: change to CANDIDATE, lastRpcTime:131ms, electionTimeout:131ms
2019-10-22 02:33:43,837 [Thread-735] INFO  impl.RoleInfo (RoleInfo.java:shutdownFollowerState(121)) - 6f2be65d-ce7d-4814-9a9f-e49d79835c35: shutdown FollowerState
2019-10-22 02:33:43,837 [Thread-735] INFO  impl.RaftServerImpl (RaftServerImpl.java:setRole(184)) - 6f2be65d-ce7d-4814-9a9f-e49d79835c35@group-0364CC85F185: changes role from  FOLLOWER to CANDIDATE at term 0 for changeToCandidate
2019-10-22 02:33:43,837 [Thread-735] INFO  impl.RoleInfo (RoleInfo.java:updateAndGet(143)) - 6f2be65d-ce7d-4814-9a9f-e49d79835c35: start LeaderElection
2019-10-22 02:33:43,841 [EventQueue-PendingDeleteStatusForPendingDeleteHandler] INFO  block.SCMBlockDeletingService (SCMBlockDeletingService.java:handlePendingDeletes(115)) - Block deletion txnID mismatch in datanode 6f2be65d-ce7d-4814-9a9f-e49d79835c35 for containerID 1. Datanode delete txnID: 0, SCM txnID: 1
2019-10-22 02:33:43,853 [6f2be65d-ce7d-4814-9a9f-e49d79835c35@group-0364CC85F185-LeaderElection30] INFO  impl.LeaderElection (LeaderElection.java:askForVotes(178)) - 6f2be65d-ce7d-4814-9a9f-e49d79835c35@group-0364CC85F185-LeaderElection30: begin an election at term 1 for -1: [6f2be65d-ce7d-4814-9a9f-e49d79835c35:192.168.34.14:36170], old=null
2019-10-22 02:33:43,853 [6f2be65d-ce7d-4814-9a9f-e49d79835c35@group-0364CC85F185-LeaderElection30] INFO  impl.RoleInfo (RoleInfo.java:shutdownLeaderElection(134)) - 6f2be65d-ce7d-4814-9a9f-e49d79835c35: shutdown LeaderElection
2019-10-22 02:33:43,853 [6f2be65d-ce7d-4814-9a9f-e49d79835c35@group-0364CC85F185-LeaderElection30] INFO  impl.RaftServerImpl (RaftServerImpl.java:setRole(184)) - 6f2be65d-ce7d-4814-9a9f-e49d79835c35@group-0364CC85F185: changes role from CANDIDATE to LEADER at term 1 for changeToLeader
2019-10-22 02:33:43,854 [6f2be65d-ce7d-4814-9a9f-e49d79835c35@group-0364CC85F185-LeaderElection30] INFO  impl.RaftServerImpl (ServerState.java:setLeader(256)) - 6f2be65d-ce7d-4814-9a9f-e49d79835c35@group-0364CC85F185: change Leader from null to 6f2be65d-ce7d-4814-9a9f-e49d79835c35 at term 1 for becomeLeader, leader elected after 154ms
2019-10-22 02:33:43,854 [6f2be65d-ce7d-4814-9a9f-e49d79835c35@group-0364CC85F185-LeaderElection30] INFO  server.RaftServerConfigKeys (ConfUtils.java:logGet(43)) - raft.server.staging.catchup.gap = 1000 (default)
2019-10-22 02:33:43,854 [6f2be65d-ce7d-4814-9a9f-e49d79835c35@group-0364CC85F185-LeaderElection30] INFO  server.RaftServerConfigKeys (ConfUtils.java:logGet(43)) - raft.server.rpc.sleep.time = 25ms (default)
2019-10-22 02:33:43,854 [6f2be65d-ce7d-4814-9a9f-e49d79835c35@group-0364CC85F185-LeaderElection30] INFO  server.RaftServerConfigKeys (ConfUtils.java:logGet(43)) - raft.server.write.element-limit = 4096 (default)
2019-10-22 02:33:43,854 [6f2be65d-ce7d-4814-9a9f-e49d79835c35@group-0364CC85F185-LeaderElection30] INFO  server.RaftServerConfigKeys (ConfUtils.java:logGet(43)) - raft.server.watch.timeout = 10s (default)
2019-10-22 02:33:43,854 [6f2be65d-ce7d-4814-9a9f-e49d79835c35@group-0364CC85F185-LeaderElection30] INFO  server.RaftServerConfigKeys (ConfUtils.java:logGet(43)) - raft.server.watch.timeout.denomination = 1s (default)
2019-10-22 02:33:43,854 [6f2be65d-ce7d-4814-9a9f-e49d79835c35@group-0364CC85F185-LeaderElection30] INFO  server.RaftServerConfigKeys (ConfUtils.java:logGet(43)) - raft.server.watch.element-limit = 65536 (default)
2019-10-22 02:33:43,857 [6f2be65d-ce7d-4814-9a9f-e49d79835c35@group-0364CC85F185-LeaderElection30] INFO  impl.RoleInfo (RoleInfo.java:updateAndGet(143)) - 6f2be65d-ce7d-4814-9a9f-e49d79835c35: start LeaderState
2019-10-22 02:33:43,857 [6f2be65d-ce7d-4814-9a9f-e49d79835c35@group-0364CC85F185-LeaderElection30] INFO  segmented.SegmentedRaftLogWorker (SegmentedRaftLogWorker.java:startLogSegment(385)) - 6f2be65d-ce7d-4814-9a9f-e49d79835c35@group-0364CC85F185-SegmentedRaftLogWorker: Starting segment from index:0
2019-10-22 02:33:43,857 [6f2be65d-ce7d-4814-9a9f-e49d79835c35@group-0364CC85F185-LeaderElection30] INFO  impl.RaftServerImpl (ServerState.java:setRaftConf(357)) - 6f2be65d-ce7d-4814-9a9f-e49d79835c35@group-0364CC85F185: set configuration 0: [6f2be65d-ce7d-4814-9a9f-e49d79835c35:192.168.34.14:36170], old=null at 0
2019-10-22 02:33:43,888 [6f2be65d-ce7d-4814-9a9f-e49d79835c35@group-0364CC85F185-SegmentedRaftLogWorker] INFO  segmented.SegmentedRaftLogWorker (SegmentedRaftLogWorker.java:execute(576)) - 6f2be65d-ce7d-4814-9a9f-e49d79835c35@group-0364CC85F185-SegmentedRaftLogWorker: created new log segment /workdir/hadoop-ozone/integration-test/target/test-dir/MiniOzoneClusterImpl-1e1cbef6-da44-444b-ac78-b5a442d7a72a/datanode-2/data/ratis/c5e3653d-3072-438f-bdee-0364cc85f185/current/log_inprogress_0
2019-10-22 02:33:43,927 [Thread-742] INFO  impl.FollowerState (FollowerState.java:run(108)) - 6f2be65d-ce7d-4814-9a9f-e49d79835c35@group-8E192697A9CF-FollowerState: change to CANDIDATE, lastRpcTime:154ms, electionTimeout:154ms
2019-10-22 02:33:43,927 [Thread-742] INFO  impl.RoleInfo (RoleInfo.java:shutdownFollowerState(121)) - 6f2be65d-ce7d-4814-9a9f-e49d79835c35: shutdown FollowerState
2019-10-22 02:33:43,927 [Thread-742] INFO  impl.RaftServerImpl (RaftServerImpl.java:setRole(184)) - 6f2be65d-ce7d-4814-9a9f-e49d79835c35@group-8E192697A9CF: changes role from  FOLLOWER to CANDIDATE at term 30 for changeToCandidate
2019-10-22 02:33:43,928 [Thread-742] INFO  impl.RoleInfo (RoleInfo.java:updateAndGet(143)) - 6f2be65d-ce7d-4814-9a9f-e49d79835c35: start LeaderElection
2019-10-22 02:33:43,928 [Thread-748] INFO  impl.FollowerState (FollowerState.java:run(108)) - 6dc62414-4100-415b-916b-e9f0081ca22e@group-6F56B9B07233-FollowerState: change to CANDIDATE, lastRpcTime:144ms, electionTimeout:144ms
2019-10-22 02:33:43,928 [Thread-748] INFO  impl.RoleInfo (RoleInfo.java:shutdownFollowerState(121)) - 6dc62414-4100-415b-916b-e9f0081ca22e: shutdown FollowerState
2019-10-22 02:33:43,928 [Thread-748] INFO  impl.RaftServerImpl (RaftServerImpl.java:setRole(184)) - 6dc62414-4100-415b-916b-e9f0081ca22e@group-6F56B9B07233: changes role from  FOLLOWER to CANDIDATE at term 0 for changeToCandidate
2019-10-22 02:33:43,928 [Thread-748] INFO  impl.RoleInfo (RoleInfo.java:updateAndGet(143)) - 6dc62414-4100-415b-916b-e9f0081ca22e: start LeaderElection
2019-10-22 02:33:43,935 [6dc62414-4100-415b-916b-e9f0081ca22e@group-6F56B9B07233-LeaderElection32] INFO  impl.LeaderElection (LeaderElection.java:askForVotes(178)) - 6dc62414-4100-415b-916b-e9f0081ca22e@group-6F56B9B07233-LeaderElection32: begin an election at term 1 for -1: [6dc62414-4100-415b-916b-e9f0081ca22e:192.168.34.14:40542, 6f2be65d-ce7d-4814-9a9f-e49d79835c35:192.168.34.14:36170, ddae0d8b-c866-4e5c-81a7-eef12a7bc666:192.168.34.14:38819], old=null
2019-10-22 02:33:43,935 [6f2be65d-ce7d-4814-9a9f-e49d79835c35@group-8E192697A9CF-LeaderElection31] INFO  impl.LeaderElection (LeaderElection.java:askForVotes(178)) - 6f2be65d-ce7d-4814-9a9f-e49d79835c35@group-8E192697A9CF-LeaderElection31: begin an election at term 31 for 0: [6dc62414-4100-415b-916b-e9f0081ca22e:192.168.34.14:40542, 6f2be65d-ce7d-4814-9a9f-e49d79835c35:192.168.34.14:36170, ddae0d8b-c866-4e5c-81a7-eef12a7bc666:192.168.34.14:38819], old=null
2019-10-22 02:33:43,939 [Thread-747] INFO  impl.FollowerState (FollowerState.java:run(108)) - ddae0d8b-c866-4e5c-81a7-eef12a7bc666@group-6F56B9B07233-FollowerState: change to CANDIDATE, lastRpcTime:156ms, electionTimeout:156ms
2019-10-22 02:33:43,939 [Thread-747] INFO  impl.RoleInfo (RoleInfo.java:shutdownFollowerState(121)) - ddae0d8b-c866-4e5c-81a7-eef12a7bc666: shutdown FollowerState
2019-10-22 02:33:43,940 [Thread-747] INFO  impl.RaftServerImpl (RaftServerImpl.java:setRole(184)) - ddae0d8b-c866-4e5c-81a7-eef12a7bc666@group-6F56B9B07233: changes role from  FOLLOWER to CANDIDATE at term 0 for changeToCandidate
2019-10-22 02:33:43,941 [Thread-747] INFO  impl.RoleInfo (RoleInfo.java:updateAndGet(143)) - ddae0d8b-c866-4e5c-81a7-eef12a7bc666: start LeaderElection
2019-10-22 02:33:43,946 [grpc-default-executor-4] INFO  impl.RaftServerImpl (RaftServerImpl.java:setRole(184)) - ddae0d8b-c866-4e5c-81a7-eef12a7bc666@group-8E192697A9CF: changes role from  FOLLOWER to FOLLOWER at term 31 for recognizeCandidate:6f2be65d-ce7d-4814-9a9f-e49d79835c35
2019-10-22 02:33:43,946 [grpc-default-executor-5] INFO  impl.RaftServerImpl (RaftServerImpl.java:setRole(184)) - 6dc62414-4100-415b-916b-e9f0081ca22e@group-8E192697A9CF: changes role from  FOLLOWER to FOLLOWER at term 31 for recognizeCandidate:6f2be65d-ce7d-4814-9a9f-e49d79835c35
2019-10-22 02:33:43,946 [grpc-default-executor-5] INFO  impl.RoleInfo (RoleInfo.java:shutdownFollowerState(121)) - 6dc62414-4100-415b-916b-e9f0081ca22e: shutdown FollowerState
2019-10-22 02:33:43,946 [grpc-default-executor-4] INFO  impl.RoleInfo (RoleInfo.java:shutdownFollowerState(121)) - ddae0d8b-c866-4e5c-81a7-eef12a7bc666: shutdown FollowerState
2019-10-22 02:33:43,946 [grpc-default-executor-5] INFO  impl.RoleInfo (RoleInfo.java:updateAndGet(143)) - 6dc62414-4100-415b-916b-e9f0081ca22e: start FollowerState
2019-10-22 02:33:43,946 [Thread-740] INFO  impl.FollowerState (FollowerState.java:run(117)) - 6dc62414-4100-415b-916b-e9f0081ca22e@group-8E192697A9CF-FollowerState was interrupted: java.lang.InterruptedException: sleep interrupted
2019-10-22 02:33:43,947 [grpc-default-executor-4] INFO  impl.RoleInfo (RoleInfo.java:updateAndGet(143)) - ddae0d8b-c866-4e5c-81a7-eef12a7bc666: start FollowerState
2019-10-22 02:33:43,947 [Thread-741] INFO  impl.FollowerState (FollowerState.java:run(117)) - ddae0d8b-c866-4e5c-81a7-eef12a7bc666@group-8E192697A9CF-FollowerState was interrupted: java.lang.InterruptedException: sleep interrupted
2019-10-22 02:33:43,948 [grpc-default-executor-7] INFO  impl.RaftServerImpl (RaftServerImpl.java:setRole(184)) - 6f2be65d-ce7d-4814-9a9f-e49d79835c35@group-6F56B9B07233: changes role from  FOLLOWER to FOLLOWER at term 1 for recognizeCandidate:6dc62414-4100-415b-916b-e9f0081ca22e
2019-10-22 02:33:43,948 [grpc-default-executor-7] INFO  impl.RoleInfo (RoleInfo.java:shutdownFollowerState(121)) - 6f2be65d-ce7d-4814-9a9f-e49d79835c35: shutdown FollowerState
2019-10-22 02:33:43,949 [grpc-default-executor-7] INFO  impl.RoleInfo (RoleInfo.java:updateAndGet(143)) - 6f2be65d-ce7d-4814-9a9f-e49d79835c35: start FollowerState
2019-10-22 02:33:43,949 [Thread-746] INFO  impl.FollowerState (FollowerState.java:run(117)) - 6f2be65d-ce7d-4814-9a9f-e49d79835c35@group-6F56B9B07233-FollowerState was interrupted: java.lang.InterruptedException: sleep interrupted
2019-10-22 02:33:43,954 [ddae0d8b-c866-4e5c-81a7-eef12a7bc666@group-6F56B9B07233-LeaderElection33] INFO  impl.LeaderElection (LeaderElection.java:askForVotes(178)) - ddae0d8b-c866-4e5c-81a7-eef12a7bc666@group-6F56B9B07233-LeaderElection33: begin an election at term 1 for -1: [6dc62414-4100-415b-916b-e9f0081ca22e:192.168.34.14:40542, 6f2be65d-ce7d-4814-9a9f-e49d79835c35:192.168.34.14:36170, ddae0d8b-c866-4e5c-81a7-eef12a7bc666:192.168.34.14:38819], old=null
2019-10-22 02:33:43,957 [6f2be65d-ce7d-4814-9a9f-e49d79835c35@group-8E192697A9CF-LeaderElection31] INFO  impl.LeaderElection (LeaderElection.java:logAndReturn(56)) - 6f2be65d-ce7d-4814-9a9f-e49d79835c35@group-8E192697A9CF-LeaderElection31: Election REJECTED; received 2 response(s) [6f2be65d-ce7d-4814-9a9f-e49d79835c35<-6dc62414-4100-415b-916b-e9f0081ca22e#0:FAIL-t31, 6f2be65d-ce7d-4814-9a9f-e49d79835c35<-ddae0d8b-c866-4e5c-81a7-eef12a7bc666#0:FAIL-t31] and 0 exception(s); 6f2be65d-ce7d-4814-9a9f-e49d79835c35@group-8E192697A9CF:t31, leader=null, voted=6f2be65d-ce7d-4814-9a9f-e49d79835c35, raftlog=6f2be65d-ce7d-4814-9a9f-e49d79835c35@group-8E192697A9CF-SegmentedRaftLog:OPENED:c3,f4,i4, conf=0: [6dc62414-4100-415b-916b-e9f0081ca22e:192.168.34.14:40542, 6f2be65d-ce7d-4814-9a9f-e49d79835c35:192.168.34.14:36170, ddae0d8b-c866-4e5c-81a7-eef12a7bc666:192.168.34.14:38819], old=null
2019-10-22 02:33:43,959 [6f2be65d-ce7d-4814-9a9f-e49d79835c35@group-8E192697A9CF-LeaderElection31] INFO  impl.RaftServerImpl (RaftServerImpl.java:setRole(184)) - 6f2be65d-ce7d-4814-9a9f-e49d79835c35@group-8E192697A9CF: changes role from CANDIDATE to FOLLOWER at term 31 for DISCOVERED_A_NEW_TERM
2019-10-22 02:33:43,959 [6dc62414-4100-415b-916b-e9f0081ca22e@group-6F56B9B07233-LeaderElection32] INFO  impl.LeaderElection (LeaderElection.java:logAndReturn(56)) - 6dc62414-4100-415b-916b-e9f0081ca22e@group-6F56B9B07233-LeaderElection32: Election PASSED; received 1 response(s) [6dc62414-4100-415b-916b-e9f0081ca22e<-6f2be65d-ce7d-4814-9a9f-e49d79835c35#0:OK-t1] and 0 exception(s); 6dc62414-4100-415b-916b-e9f0081ca22e@group-6F56B9B07233:t1, leader=null, voted=6dc62414-4100-415b-916b-e9f0081ca22e, raftlog=6dc62414-4100-415b-916b-e9f0081ca22e@group-6F56B9B07233-SegmentedRaftLog:OPENED:c-1,f-1,i0, conf=-1: [6dc62414-4100-415b-916b-e9f0081ca22e:192.168.34.14:40542, 6f2be65d-ce7d-4814-9a9f-e49d79835c35:192.168.34.14:36170, ddae0d8b-c866-4e5c-81a7-eef12a7bc666:192.168.34.14:38819], old=null
2019-10-22 02:33:43,959 [6f2be65d-ce7d-4814-9a9f-e49d79835c35@group-8E192697A9CF-LeaderElection31] INFO  impl.RoleInfo (RoleInfo.java:shutdownLeaderElection(134)) - 6f2be65d-ce7d-4814-9a9f-e49d79835c35: shutdown LeaderElection
2019-10-22 02:33:43,960 [6dc62414-4100-415b-916b-e9f0081ca22e@group-6F56B9B07233-LeaderElection32] INFO  impl.RoleInfo (RoleInfo.java:shutdownLeaderElection(134)) - 6dc62414-4100-415b-916b-e9f0081ca22e: shutdown LeaderElection
2019-10-22 02:33:43,961 [6dc62414-4100-415b-916b-e9f0081ca22e@group-6F56B9B07233-LeaderElection32] INFO  impl.RaftServerImpl (RaftServerImpl.java:setRole(184)) - 6dc62414-4100-415b-916b-e9f0081ca22e@group-6F56B9B07233: changes role from CANDIDATE to LEADER at term 1 for changeToLeader
2019-10-22 02:33:43,962 [6dc62414-4100-415b-916b-e9f0081ca22e@group-6F56B9B07233-LeaderElection32] INFO  impl.RaftServerImpl (ServerState.java:setLeader(256)) - 6dc62414-4100-415b-916b-e9f0081ca22e@group-6F56B9B07233: change Leader from null to 6dc62414-4100-415b-916b-e9f0081ca22e at term 1 for becomeLeader, leader elected after 192ms
2019-10-22 02:33:43,962 [6f2be65d-ce7d-4814-9a9f-e49d79835c35@group-8E192697A9CF-LeaderElection31] INFO  impl.RoleInfo (RoleInfo.java:updateAndGet(143)) - 6f2be65d-ce7d-4814-9a9f-e49d79835c35: start FollowerState
2019-10-22 02:33:43,962 [6dc62414-4100-415b-916b-e9f0081ca22e@group-6F56B9B07233-LeaderElection32] INFO  server.RaftServerConfigKeys (ConfUtils.java:logGet(43)) - raft.server.staging.catchup.gap = 1000 (default)
2019-10-22 02:33:43,962 [6dc62414-4100-415b-916b-e9f0081ca22e@group-6F56B9B07233-LeaderElection32] INFO  server.RaftServerConfigKeys (ConfUtils.java:logGet(43)) - raft.server.rpc.sleep.time = 25ms (default)
2019-10-22 02:33:43,962 [6dc62414-4100-415b-916b-e9f0081ca22e@group-6F56B9B07233-LeaderElection32] INFO  server.RaftServerConfigKeys (ConfUtils.java:logGet(43)) - raft.server.write.element-limit = 4096 (default)
2019-10-22 02:33:43,963 [6dc62414-4100-415b-916b-e9f0081ca22e@group-6F56B9B07233-LeaderElection32] INFO  server.RaftServerConfigKeys (ConfUtils.java:logGet(43)) - raft.server.watch.timeout = 10s (default)
2019-10-22 02:33:43,963 [6dc62414-4100-415b-916b-e9f0081ca22e@group-6F56B9B07233-LeaderElection32] INFO  server.RaftServerConfigKeys (ConfUtils.java:logGet(43)) - raft.server.watch.timeout.denomination = 1s (default)
2019-10-22 02:33:43,963 [6dc62414-4100-415b-916b-e9f0081ca22e@group-6F56B9B07233-LeaderElection32] INFO  server.RaftServerConfigKeys (ConfUtils.java:logGet(43)) - raft.server.watch.element-limit = 65536 (default)
2019-10-22 02:33:43,965 [Thread-769] INFO  client.GrpcClientProtocolService (GrpcClientProtocolService.java:lambda$processClientRequest$0(278)) - Failed RaftClientRequest:client-C9AE8EA1E005->6dc62414-4100-415b-916b-e9f0081ca22e@group-8E192697A9CF, cid=10, seq=0, Watch-ALL_COMMITTED(6), Message:<EMPTY>, reply=RaftClientReply:client-C9AE8EA1E005->6dc62414-4100-415b-916b-e9f0081ca22e@group-8E192697A9CF, cid=10, FAILED org.apache.ratis.protocol.NotLeaderException: Server 6dc62414-4100-415b-916b-e9f0081ca22e@group-8E192697A9CF is not the leader, logIndex=0, commits[6dc62414-4100-415b-916b-e9f0081ca22e:c10, 6f2be65d-ce7d-4814-9a9f-e49d79835c35:c4, ddae0d8b-c866-4e5c-81a7-eef12a7bc666:c10]
2019-10-22 02:33:43,970 [6dc62414-4100-415b-916b-e9f0081ca22e@group-6F56B9B07233-LeaderElection32] INFO  server.RaftServerConfigKeys (ConfUtils.java:logGet(43)) - raft.server.log.appender.snapshot.chunk.size.max = 16MB (=16777216) (default)
2019-10-22 02:33:43,970 [6dc62414-4100-415b-916b-e9f0081ca22e@group-6F56B9B07233-LeaderElection32] INFO  server.RaftServerConfigKeys (ConfUtils.java:logGet(43)) - raft.server.log.appender.buffer.byte-limit = 33554432 (custom)
2019-10-22 02:33:43,970 [6dc62414-4100-415b-916b-e9f0081ca22e@group-6F56B9B07233-LeaderElection32] INFO  server.RaftServerConfigKeys (ConfUtils.java:logGet(43)) - raft.server.log.appender.buffer.element-limit = 1 (custom)
2019-10-22 02:33:43,971 [6dc62414-4100-415b-916b-e9f0081ca22e@group-6F56B9B07233-LeaderElection32] INFO  grpc.GrpcConfigKeys$Server (ConfUtils.java:logGet(43)) - raft.grpc.server.leader.outstanding.appends.max = 128 (default)
2019-10-22 02:33:43,971 [6dc62414-4100-415b-916b-e9f0081ca22e@group-6F56B9B07233-LeaderElection32] INFO  server.RaftServerConfigKeys (ConfUtils.java:logGet(43)) - raft.server.rpc.request.timeout = 3000ms (default)
2019-10-22 02:33:43,971 [6dc62414-4100-415b-916b-e9f0081ca22e@group-6F56B9B07233-LeaderElection32] INFO  server.RaftServerConfigKeys (ConfUtils.java:logGet(43)) - raft.server.log.appender.install.snapshot.enabled = false (custom)
2019-10-22 02:33:43,977 [6dc62414-4100-415b-916b-e9f0081ca22e@group-6F56B9B07233-LeaderElection32] INFO  server.RaftServerConfigKeys (ConfUtils.java:logGet(43)) - raft.server.log.appender.snapshot.chunk.size.max = 16MB (=16777216) (default)
2019-10-22 02:33:43,977 [6dc62414-4100-415b-916b-e9f0081ca22e@group-6F56B9B07233-LeaderElection32] INFO  server.RaftServerConfigKeys (ConfUtils.java:logGet(43)) - raft.server.log.appender.buffer.byte-limit = 33554432 (custom)
2019-10-22 02:33:43,977 [6dc62414-4100-415b-916b-e9f0081ca22e@group-6F56B9B07233-LeaderElection32] INFO  server.RaftServerConfigKeys (ConfUtils.java:logGet(43)) - raft.server.log.appender.buffer.element-limit = 1 (custom)
2019-10-22 02:33:43,977 [6dc62414-4100-415b-916b-e9f0081ca22e@group-6F56B9B07233-LeaderElection32] INFO  grpc.GrpcConfigKeys$Server (ConfUtils.java:logGet(43)) - raft.grpc.server.leader.outstanding.appends.max = 128 (default)
2019-10-22 02:33:43,977 [6dc62414-4100-415b-916b-e9f0081ca22e@group-6F56B9B07233-LeaderElection32] INFO  server.RaftServerConfigKeys (ConfUtils.java:logGet(43)) - raft.server.rpc.request.timeout = 3000ms (default)
2019-10-22 02:33:43,977 [6dc62414-4100-415b-916b-e9f0081ca22e@group-6F56B9B07233-LeaderElection32] INFO  server.RaftServerConfigKeys (ConfUtils.java:logGet(43)) - raft.server.log.appender.install.snapshot.enabled = false (custom)
2019-10-22 02:33:43,979 [6dc62414-4100-415b-916b-e9f0081ca22e@group-6F56B9B07233-LeaderElection32] INFO  impl.RoleInfo (RoleInfo.java:updateAndGet(143)) - 6dc62414-4100-415b-916b-e9f0081ca22e: start LeaderState
2019-10-22 02:33:43,979 [6dc62414-4100-415b-916b-e9f0081ca22e@group-6F56B9B07233-LeaderElection32] INFO  segmented.SegmentedRaftLogWorker (SegmentedRaftLogWorker.java:startLogSegment(385)) - 6dc62414-4100-415b-916b-e9f0081ca22e@group-6F56B9B07233-SegmentedRaftLogWorker: Starting segment from index:0
2019-10-22 02:33:43,980 [6dc62414-4100-415b-916b-e9f0081ca22e@group-6F56B9B07233-LeaderElection32] INFO  impl.RaftServerImpl (ServerState.java:setRaftConf(357)) - 6dc62414-4100-415b-916b-e9f0081ca22e@group-6F56B9B07233: set configuration 0: [6dc62414-4100-415b-916b-e9f0081ca22e:192.168.34.14:40542, 6f2be65d-ce7d-4814-9a9f-e49d79835c35:192.168.34.14:36170, ddae0d8b-c866-4e5c-81a7-eef12a7bc666:192.168.34.14:38819], old=null at 0
2019-10-22 02:33:43,980 [grpc-default-executor-3] INFO  impl.RaftServerImpl (RaftServerImpl.java:requestVote(776)) - 6dc62414-4100-415b-916b-e9f0081ca22e@group-6F56B9B07233-   LEADER: Withhold vote from candidate ddae0d8b-c866-4e5c-81a7-eef12a7bc666 with term 1. State: leader=6dc62414-4100-415b-916b-e9f0081ca22e, term=1, lastRpcElapsed=null
2019-10-22 02:33:44,006 [grpc-default-executor-7] INFO  impl.RaftServerImpl (RaftServerImpl.java:setRole(184)) - ddae0d8b-c866-4e5c-81a7-eef12a7bc666@group-6F56B9B07233: changes role from CANDIDATE to FOLLOWER at term 1 for appendEntries
2019-10-22 02:33:44,006 [ddae0d8b-c866-4e5c-81a7-eef12a7bc666@group-6F56B9B07233-LeaderElection33] INFO  impl.LeaderElection (LeaderElection.java:logAndReturn(56)) - ddae0d8b-c866-4e5c-81a7-eef12a7bc666@group-6F56B9B07233-LeaderElection33: Election REJECTED; received 2 response(s) [ddae0d8b-c866-4e5c-81a7-eef12a7bc666<-6dc62414-4100-415b-916b-e9f0081ca22e#0:FAIL-t1, ddae0d8b-c866-4e5c-81a7-eef12a7bc666<-6f2be65d-ce7d-4814-9a9f-e49d79835c35#0:FAIL-t1] and 0 exception(s); ddae0d8b-c866-4e5c-81a7-eef12a7bc666@group-6F56B9B07233:t1, leader=null, voted=ddae0d8b-c866-4e5c-81a7-eef12a7bc666, raftlog=ddae0d8b-c866-4e5c-81a7-eef12a7bc666@group-6F56B9B07233-SegmentedRaftLog:OPENED:c-1,f-1,i0, conf=-1: [6dc62414-4100-415b-916b-e9f0081ca22e:192.168.34.14:40542, 6f2be65d-ce7d-4814-9a9f-e49d79835c35:192.168.34.14:36170, ddae0d8b-c866-4e5c-81a7-eef12a7bc666:192.168.34.14:38819], old=null
2019-10-22 02:33:44,006 [grpc-default-executor-2] INFO  impl.RaftServerImpl (ServerState.java:setLeader(256)) - 6f2be65d-ce7d-4814-9a9f-e49d79835c35@group-6F56B9B07233: change Leader from null to 6dc62414-4100-415b-916b-e9f0081ca22e at term 1 for appendEntries, leader elected after 237ms
2019-10-22 02:33:44,007 [grpc-default-executor-7] INFO  impl.RoleInfo (RoleInfo.java:shutdownLeaderElection(134)) - ddae0d8b-c866-4e5c-81a7-eef12a7bc666: shutdown LeaderElection
2019-10-22 02:33:44,008 [grpc-default-executor-7] INFO  impl.RoleInfo (RoleInfo.java:updateAndGet(143)) - ddae0d8b-c866-4e5c-81a7-eef12a7bc666: start FollowerState
2019-10-22 02:33:44,008 [grpc-default-executor-7] INFO  impl.RaftServerImpl (ServerState.java:setLeader(256)) - ddae0d8b-c866-4e5c-81a7-eef12a7bc666@group-6F56B9B07233: change Leader from null to 6dc62414-4100-415b-916b-e9f0081ca22e at term 1 for appendEntries, leader elected after 238ms
2019-10-22 02:33:44,010 [grpc-default-executor-2] INFO  impl.RaftServerImpl (ServerState.java:setRaftConf(357)) - 6f2be65d-ce7d-4814-9a9f-e49d79835c35@group-6F56B9B07233: set configuration 0: [6dc62414-4100-415b-916b-e9f0081ca22e:192.168.34.14:40542, 6f2be65d-ce7d-4814-9a9f-e49d79835c35:192.168.34.14:36170, ddae0d8b-c866-4e5c-81a7-eef12a7bc666:192.168.34.14:38819], old=null at 0
2019-10-22 02:33:44,010 [grpc-default-executor-7] INFO  impl.RaftServerImpl (ServerState.java:setRaftConf(357)) - ddae0d8b-c866-4e5c-81a7-eef12a7bc666@group-6F56B9B07233: set configuration 0: [6dc62414-4100-415b-916b-e9f0081ca22e:192.168.34.14:40542, 6f2be65d-ce7d-4814-9a9f-e49d79835c35:192.168.34.14:36170, ddae0d8b-c866-4e5c-81a7-eef12a7bc666:192.168.34.14:38819], old=null at 0
2019-10-22 02:33:44,010 [grpc-default-executor-2] INFO  segmented.SegmentedRaftLogWorker (SegmentedRaftLogWorker.java:startLogSegment(385)) - 6f2be65d-ce7d-4814-9a9f-e49d79835c35@group-6F56B9B07233-SegmentedRaftLogWorker: Starting segment from index:0
2019-10-22 02:33:44,011 [grpc-default-executor-7] INFO  segmented.SegmentedRaftLogWorker (SegmentedRaftLogWorker.java:startLogSegment(385)) - ddae0d8b-c866-4e5c-81a7-eef12a7bc666@group-6F56B9B07233-SegmentedRaftLogWorker: Starting segment from index:0
2019-10-22 02:33:44,017 [6dc62414-4100-415b-916b-e9f0081ca22e@group-6F56B9B07233-SegmentedRaftLogWorker] INFO  segmented.SegmentedRaftLogWorker (SegmentedRaftLogWorker.java:execute(576)) - 6dc62414-4100-415b-916b-e9f0081ca22e@group-6F56B9B07233-SegmentedRaftLogWorker: created new log segment /workdir/hadoop-ozone/integration-test/target/test-dir/MiniOzoneClusterImpl-1e1cbef6-da44-444b-ac78-b5a442d7a72a/datanode-0/data/ratis/94a35ada-df82-4924-9b59-6f56b9b07233/current/log_inprogress_0
2019-10-22 02:33:44,039 [Thread-767] INFO  impl.FollowerState (FollowerState.java:run(108)) - 6f2be65d-ce7d-4814-9a9f-e49d79835c35@group-8E192697A9CF-FollowerState: change to CANDIDATE, lastRpcTime:78ms, electionTimeout:76ms
2019-10-22 02:33:44,039 [Thread-767] INFO  impl.RoleInfo (RoleInfo.java:shutdownFollowerState(121)) - 6f2be65d-ce7d-4814-9a9f-e49d79835c35: shutdown FollowerState
2019-10-22 02:33:44,039 [Thread-767] INFO  impl.RaftServerImpl (RaftServerImpl.java:setRole(184)) - 6f2be65d-ce7d-4814-9a9f-e49d79835c35@group-8E192697A9CF: changes role from  FOLLOWER to CANDIDATE at term 31 for changeToCandidate
2019-10-22 02:33:44,039 [Thread-767] INFO  impl.RoleInfo (RoleInfo.java:updateAndGet(143)) - 6f2be65d-ce7d-4814-9a9f-e49d79835c35: start LeaderElection
2019-10-22 02:33:44,050 [ddae0d8b-c866-4e5c-81a7-eef12a7bc666@group-6F56B9B07233-SegmentedRaftLogWorker] INFO  segmented.SegmentedRaftLogWorker (SegmentedRaftLogWorker.java:execute(576)) - ddae0d8b-c866-4e5c-81a7-eef12a7bc666@group-6F56B9B07233-SegmentedRaftLogWorker: created new log segment /workdir/hadoop-ozone/integration-test/target/test-dir/MiniOzoneClusterImpl-1e1cbef6-da44-444b-ac78-b5a442d7a72a/datanode-1/data/ratis/94a35ada-df82-4924-9b59-6f56b9b07233/current/log_inprogress_0
2019-10-22 02:33:44,050 [6f2be65d-ce7d-4814-9a9f-e49d79835c35@group-8E192697A9CF-LeaderElection34] INFO  impl.LeaderElection (LeaderElection.java:askForVotes(178)) - 6f2be65d-ce7d-4814-9a9f-e49d79835c35@group-8E192697A9CF-LeaderElection34: begin an election at term 32 for 0: [6dc62414-4100-415b-916b-e9f0081ca22e:192.168.34.14:40542, 6f2be65d-ce7d-4814-9a9f-e49d79835c35:192.168.34.14:36170, ddae0d8b-c866-4e5c-81a7-eef12a7bc666:192.168.34.14:38819], old=null
2019-10-22 02:33:44,050 [6f2be65d-ce7d-4814-9a9f-e49d79835c35@group-6F56B9B07233-SegmentedRaftLogWorker] INFO  segmented.SegmentedRaftLogWorker (SegmentedRaftLogWorker.java:execute(576)) - 6f2be65d-ce7d-4814-9a9f-e49d79835c35@group-6F56B9B07233-SegmentedRaftLogWorker: created new log segment /workdir/hadoop-ozone/integration-test/target/test-dir/MiniOzoneClusterImpl-1e1cbef6-da44-444b-ac78-b5a442d7a72a/datanode-2/data/ratis/94a35ada-df82-4924-9b59-6f56b9b07233/current/log_inprogress_0
2019-10-22 02:33:44,053 [grpc-default-executor-2] INFO  impl.RaftServerImpl (RaftServerImpl.java:setRole(184)) - 6dc62414-4100-415b-916b-e9f0081ca22e@group-8E192697A9CF: changes role from  FOLLOWER to FOLLOWER at term 32 for recognizeCandidate:6f2be65d-ce7d-4814-9a9f-e49d79835c35
2019-10-22 02:33:44,053 [grpc-default-executor-2] INFO  impl.RoleInfo (RoleInfo.java:shutdownFollowerState(121)) - 6dc62414-4100-415b-916b-e9f0081ca22e: shutdown FollowerState
2019-10-22 02:33:44,053 [grpc-default-executor-7] INFO  impl.RaftServerImpl (RaftServerImpl.java:setRole(184)) - ddae0d8b-c866-4e5c-81a7-eef12a7bc666@group-8E192697A9CF: changes role from  FOLLOWER to FOLLOWER at term 32 for recognizeCandidate:6f2be65d-ce7d-4814-9a9f-e49d79835c35
2019-10-22 02:33:44,053 [Thread-761] INFO  impl.FollowerState (FollowerState.java:run(117)) - 6dc62414-4100-415b-916b-e9f0081ca22e@group-8E192697A9CF-FollowerState was interrupted: java.lang.InterruptedException: sleep interrupted
2019-10-22 02:33:44,053 [grpc-default-executor-2] INFO  impl.RoleInfo (RoleInfo.java:updateAndGet(143)) - 6dc62414-4100-415b-916b-e9f0081ca22e: start FollowerState
2019-10-22 02:33:44,053 [grpc-default-executor-7] INFO  impl.RoleInfo (RoleInfo.java:shutdownFollowerState(121)) - ddae0d8b-c866-4e5c-81a7-eef12a7bc666: shutdown FollowerState
2019-10-22 02:33:44,054 [grpc-default-executor-7] INFO  impl.RoleInfo (RoleInfo.java:updateAndGet(143)) - ddae0d8b-c866-4e5c-81a7-eef12a7bc666: start FollowerState
2019-10-22 02:33:44,054 [Thread-762] INFO  impl.FollowerState (FollowerState.java:run(117)) - ddae0d8b-c866-4e5c-81a7-eef12a7bc666@group-8E192697A9CF-FollowerState was interrupted: java.lang.InterruptedException: sleep interrupted
2019-10-22 02:33:44,061 [6f2be65d-ce7d-4814-9a9f-e49d79835c35@group-8E192697A9CF-LeaderElection34] INFO  impl.LeaderElection (LeaderElection.java:logAndReturn(56)) - 6f2be65d-ce7d-4814-9a9f-e49d79835c35@group-8E192697A9CF-LeaderElection34: Election REJECTED; received 2 response(s) [6f2be65d-ce7d-4814-9a9f-e49d79835c35<-6dc62414-4100-415b-916b-e9f0081ca22e#0:FAIL-t32, 6f2be65d-ce7d-4814-9a9f-e49d79835c35<-ddae0d8b-c866-4e5c-81a7-eef12a7bc666#0:FAIL-t32] and 0 exception(s); 6f2be65d-ce7d-4814-9a9f-e49d79835c35@group-8E192697A9CF:t32, leader=null, voted=6f2be65d-ce7d-4814-9a9f-e49d79835c35, raftlog=6f2be65d-ce7d-4814-9a9f-e49d79835c35@group-8E192697A9CF-SegmentedRaftLog:OPENED:c3,f4,i4, conf=0: [6dc62414-4100-415b-916b-e9f0081ca22e:192.168.34.14:40542, 6f2be65d-ce7d-4814-9a9f-e49d79835c35:192.168.34.14:36170, ddae0d8b-c866-4e5c-81a7-eef12a7bc666:192.168.34.14:38819], old=null
2019-10-22 02:33:44,061 [6f2be65d-ce7d-4814-9a9f-e49d79835c35@group-8E192697A9CF-LeaderElection34] INFO  impl.RaftServerImpl (RaftServerImpl.java:setRole(184)) - 6f2be65d-ce7d-4814-9a9f-e49d79835c35@group-8E192697A9CF: changes role from CANDIDATE to FOLLOWER at term 32 for DISCOVERED_A_NEW_TERM
2019-10-22 02:33:44,061 [6f2be65d-ce7d-4814-9a9f-e49d79835c35@group-8E192697A9CF-LeaderElection34] INFO  impl.RoleInfo (RoleInfo.java:shutdownLeaderElection(134)) - 6f2be65d-ce7d-4814-9a9f-e49d79835c35: shutdown LeaderElection
2019-10-22 02:33:44,061 [6f2be65d-ce7d-4814-9a9f-e49d79835c35@group-8E192697A9CF-LeaderElection34] INFO  impl.RoleInfo (RoleInfo.java:updateAndGet(143)) - 6f2be65d-ce7d-4814-9a9f-e49d79835c35: start FollowerState
2019-10-22 02:33:44,140 [EventQueue-PendingDeleteStatusForPendingDeleteHandler] INFO  block.SCMBlockDeletingService (SCMBlockDeletingService.java:handlePendingDeletes(115)) - Block deletion txnID mismatch in datanode 6f2be65d-ce7d-4814-9a9f-e49d79835c35 for containerID 1. Datanode delete txnID: 0, SCM txnID: 1
2019-10-22 02:33:44,177 [Thread-785] INFO  impl.FollowerState (FollowerState.java:run(108)) - 6f2be65d-ce7d-4814-9a9f-e49d79835c35@group-8E192697A9CF-FollowerState: change to CANDIDATE, lastRpcTime:116ms, electionTimeout:116ms
2019-10-22 02:33:44,177 [Thread-785] INFO  impl.RoleInfo (RoleInfo.java:shutdownFollowerState(121)) - 6f2be65d-ce7d-4814-9a9f-e49d79835c35: shutdown FollowerState
2019-10-22 02:33:44,178 [Thread-785] INFO  impl.RaftServerImpl (RaftServerImpl.java:setRole(184)) - 6f2be65d-ce7d-4814-9a9f-e49d79835c35@group-8E192697A9CF: changes role from  FOLLOWER to CANDIDATE at term 32 for changeToCandidate
2019-10-22 02:33:44,178 [Thread-785] INFO  impl.RoleInfo (RoleInfo.java:updateAndGet(143)) - 6f2be65d-ce7d-4814-9a9f-e49d79835c35: start LeaderElection
2019-10-22 02:33:44,192 [6f2be65d-ce7d-4814-9a9f-e49d79835c35@group-8E192697A9CF-LeaderElection35] INFO  impl.LeaderElection (LeaderElection.java:askForVotes(178)) - 6f2be65d-ce7d-4814-9a9f-e49d79835c35@group-8E192697A9CF-LeaderElection35: begin an election at term 33 for 0: [6dc62414-4100-415b-916b-e9f0081ca22e:192.168.34.14:40542, 6f2be65d-ce7d-4814-9a9f-e49d79835c35:192.168.34.14:36170, ddae0d8b-c866-4e5c-81a7-eef12a7bc666:192.168.34.14:38819], old=null
2019-10-22 02:33:44,195 [grpc-default-executor-7] INFO  impl.RaftServerImpl (RaftServerImpl.java:setRole(184)) - 6dc62414-4100-415b-916b-e9f0081ca22e@group-8E192697A9CF: changes role from  FOLLOWER to FOLLOWER at term 33 for recognizeCandidate:6f2be65d-ce7d-4814-9a9f-e49d79835c35
2019-10-22 02:33:44,195 [grpc-default-executor-2] INFO  impl.RaftServerImpl (RaftServerImpl.java:setRole(184)) - ddae0d8b-c866-4e5c-81a7-eef12a7bc666@group-8E192697A9CF: changes role from  FOLLOWER to FOLLOWER at term 33 for recognizeCandidate:6f2be65d-ce7d-4814-9a9f-e49d79835c35
2019-10-22 02:33:44,196 [grpc-default-executor-7] INFO  impl.RoleInfo (RoleInfo.java:shutdownFollowerState(121)) - 6dc62414-4100-415b-916b-e9f0081ca22e: shutdown FollowerState
2019-10-22 02:33:44,196 [grpc-default-executor-2] INFO  impl.RoleInfo (RoleInfo.java:shutdownFollowerState(121)) - ddae0d8b-c866-4e5c-81a7-eef12a7bc666: shutdown FollowerState
2019-10-22 02:33:44,196 [Thread-783] INFO  impl.FollowerState (FollowerState.java:run(117)) - 6dc62414-4100-415b-916b-e9f0081ca22e@group-8E192697A9CF-FollowerState was interrupted: java.lang.InterruptedException: sleep interrupted
2019-10-22 02:33:44,196 [grpc-default-executor-7] INFO  impl.RoleInfo (RoleInfo.java:updateAndGet(143)) - 6dc62414-4100-415b-916b-e9f0081ca22e: start FollowerState
2019-10-22 02:33:44,196 [grpc-default-executor-2] INFO  impl.RoleInfo (RoleInfo.java:updateAndGet(143)) - ddae0d8b-c866-4e5c-81a7-eef12a7bc666: start FollowerState
2019-10-22 02:33:44,196 [Thread-784] INFO  impl.FollowerState (FollowerState.java:run(117)) - ddae0d8b-c866-4e5c-81a7-eef12a7bc666@group-8E192697A9CF-FollowerState was interrupted: java.lang.InterruptedException: sleep interrupted
2019-10-22 02:33:44,204 [pool-7-thread-1] INFO  commands.RetriableDatanodeEventWatcher (RetriableDatanodeEventWatcher.java:onTimeout(47)) - RetriableDatanodeCommand type=deleteBlocksCommand with id=1571711616189 timed out. Retrying.
2019-10-22 02:33:44,204 [pool-7-thread-5] INFO  commands.RetriableDatanodeEventWatcher (RetriableDatanodeEventWatcher.java:onTimeout(47)) - RetriableDatanodeCommand type=deleteBlocksCommand with id=1571711616194 timed out. Retrying.
2019-10-22 02:33:44,205 [pool-7-thread-4] INFO  commands.RetriableDatanodeEventWatcher (RetriableDatanodeEventWatcher.java:onTimeout(47)) - RetriableDatanodeCommand type=deleteBlocksCommand with id=1571711616198 timed out. Retrying.
2019-10-22 02:33:44,205 [pool-7-thread-3] INFO  commands.RetriableDatanodeEventWatcher (RetriableDatanodeEventWatcher.java:onTimeout(47)) - RetriableDatanodeCommand type=deleteBlocksCommand with id=1571711616195 timed out. Retrying.
2019-10-22 02:33:44,205 [SCMBlockDeletingService#1] INFO  block.SCMBlockDeletingService (SCMBlockDeletingService.java:call(184)) - Totally added 1 delete blocks command for 1 datanodes, task elapsed time: 0ms
2019-10-22 02:33:44,205 [pool-7-thread-3] INFO  commands.RetriableDatanodeEventWatcher (RetriableDatanodeEventWatcher.java:onTimeout(47)) - RetriableDatanodeCommand type=deleteBlocksCommand with id=1571711616191 timed out. Retrying.
2019-10-22 02:33:44,205 [pool-7-thread-1] INFO  commands.RetriableDatanodeEventWatcher (RetriableDatanodeEventWatcher.java:onTimeout(47)) - RetriableDatanodeCommand type=deleteBlocksCommand with id=1571711616193 timed out. Retrying.
2019-10-22 02:33:44,206 [pool-7-thread-4] INFO  commands.RetriableDatanodeEventWatcher (RetriableDatanodeEventWatcher.java:onTimeout(47)) - RetriableDatanodeCommand type=deleteBlocksCommand with id=1571711616197 timed out. Retrying.
2019-10-22 02:33:44,206 [pool-7-thread-5] INFO  commands.RetriableDatanodeEventWatcher (RetriableDatanodeEventWatcher.java:onTimeout(47)) - RetriableDatanodeCommand type=deleteBlocksCommand with id=1571711616196 timed out. Retrying.
2019-10-22 02:33:44,207 [6f2be65d-ce7d-4814-9a9f-e49d79835c35@group-8E192697A9CF-LeaderElection35] INFO  impl.LeaderElection (LeaderElection.java:logAndReturn(56)) - 6f2be65d-ce7d-4814-9a9f-e49d79835c35@group-8E192697A9CF-LeaderElection35: Election TIMEOUT; received 0 response(s) [] and 0 exception(s); 6f2be65d-ce7d-4814-9a9f-e49d79835c35@group-8E192697A9CF:t33, leader=null, voted=6f2be65d-ce7d-4814-9a9f-e49d79835c35, raftlog=6f2be65d-ce7d-4814-9a9f-e49d79835c35@group-8E192697A9CF-SegmentedRaftLog:OPENED:c3,f4,i4, conf=0: [6dc62414-4100-415b-916b-e9f0081ca22e:192.168.34.14:40542, 6f2be65d-ce7d-4814-9a9f-e49d79835c35:192.168.34.14:36170, ddae0d8b-c866-4e5c-81a7-eef12a7bc666:192.168.34.14:38819], old=null
2019-10-22 02:33:44,441 [EventQueue-PendingDeleteStatusForPendingDeleteHandler] INFO  block.SCMBlockDeletingService (SCMBlockDeletingService.java:handlePendingDeletes(115)) - Block deletion txnID mismatch in datanode 6f2be65d-ce7d-4814-9a9f-e49d79835c35 for containerID 1. Datanode delete txnID: 0, SCM txnID: 1
2019-10-22 02:33:44,481 [6f2be65d-ce7d-4814-9a9f-e49d79835c35@group-8E192697A9CF-LeaderElection35] INFO  impl.LeaderElection (LeaderElection.java:askForVotes(178)) - 6f2be65d-ce7d-4814-9a9f-e49d79835c35@group-8E192697A9CF-LeaderElection35: begin an election at term 34 for 0: [6dc62414-4100-415b-916b-e9f0081ca22e:192.168.34.14:40542, 6f2be65d-ce7d-4814-9a9f-e49d79835c35:192.168.34.14:36170, ddae0d8b-c866-4e5c-81a7-eef12a7bc666:192.168.34.14:38819], old=null
2019-10-22 02:33:44,482 [BlockDeletingService#2] WARN  background.BlockDeletingService (BlockDeletingService.java:isDeletionAllowed(187)) - Close Container log Index 6 is not replicated across allthe servers in the pipeline 82d9ec66-42fd-448b-b6da-8e192697a9cf as the min replicated index is 4. Deletion is not allowed in this container yet.
2019-10-22 02:33:44,482 [BlockDeletingService#2] WARN  background.BlockDeletingService (BlockDeletingService.java:isDeletionAllowed(187)) - Close Container log Index 6 is not replicated across allthe servers in the pipeline 82d9ec66-42fd-448b-b6da-8e192697a9cf as the min replicated index is 4. Deletion is not allowed in this container yet.
2019-10-22 02:33:44,484 [grpc-default-executor-2] INFO  impl.RaftServerImpl (RaftServerImpl.java:setRole(184)) - 6dc62414-4100-415b-916b-e9f0081ca22e@group-8E192697A9CF: changes role from  FOLLOWER to FOLLOWER at term 34 for recognizeCandidate:6f2be65d-ce7d-4814-9a9f-e49d79835c35
2019-10-22 02:33:44,484 [grpc-default-executor-7] INFO  impl.RaftServerImpl (RaftServerImpl.java:setRole(184)) - ddae0d8b-c866-4e5c-81a7-eef12a7bc666@group-8E192697A9CF: changes role from  FOLLOWER to FOLLOWER at term 34 for recognizeCandidate:6f2be65d-ce7d-4814-9a9f-e49d79835c35
2019-10-22 02:33:44,484 [grpc-default-executor-2] INFO  impl.RoleInfo (RoleInfo.java:shutdownFollowerState(121)) - 6dc62414-4100-415b-916b-e9f0081ca22e: shutdown FollowerState
2019-10-22 02:33:44,484 [grpc-default-executor-7] INFO  impl.RoleInfo (RoleInfo.java:shutdownFollowerState(121)) - ddae0d8b-c866-4e5c-81a7-eef12a7bc666: shutdown FollowerState
2019-10-22 02:33:44,485 [Thread-789] INFO  impl.FollowerState (FollowerState.java:run(117)) - 6dc62414-4100-415b-916b-e9f0081ca22e@group-8E192697A9CF-FollowerState was interrupted: java.lang.InterruptedException: sleep interrupted
2019-10-22 02:33:44,485 [Thread-790] INFO  impl.FollowerState (FollowerState.java:run(117)) - ddae0d8b-c866-4e5c-81a7-eef12a7bc666@group-8E192697A9CF-FollowerState was interrupted: java.lang.InterruptedException: sleep interrupted
2019-10-22 02:33:44,485 [grpc-default-executor-7] INFO  impl.RoleInfo (RoleInfo.java:updateAndGet(143)) - ddae0d8b-c866-4e5c-81a7-eef12a7bc666: start FollowerState
2019-10-22 02:33:44,485 [grpc-default-executor-2] INFO  impl.RoleInfo (RoleInfo.java:updateAndGet(143)) - 6dc62414-4100-415b-916b-e9f0081ca22e: start FollowerState
2019-10-22 02:33:44,515 [6f2be65d-ce7d-4814-9a9f-e49d79835c35@group-8E192697A9CF-LeaderElection35] INFO  impl.LeaderElection (LeaderElection.java:logAndReturn(56)) - 6f2be65d-ce7d-4814-9a9f-e49d79835c35@group-8E192697A9CF-LeaderElection35: Election REJECTED; received 2 response(s) [6f2be65d-ce7d-4814-9a9f-e49d79835c35<-6dc62414-4100-415b-916b-e9f0081ca22e#0:FAIL-t34, 6f2be65d-ce7d-4814-9a9f-e49d79835c35<-ddae0d8b-c866-4e5c-81a7-eef12a7bc666#0:FAIL-t34] and 0 exception(s); 6f2be65d-ce7d-4814-9a9f-e49d79835c35@group-8E192697A9CF:t34, leader=null, voted=6f2be65d-ce7d-4814-9a9f-e49d79835c35, raftlog=6f2be65d-ce7d-4814-9a9f-e49d79835c35@group-8E192697A9CF-SegmentedRaftLog:OPENED:c3,f4,i4, conf=0: [6dc62414-4100-415b-916b-e9f0081ca22e:192.168.34.14:40542, 6f2be65d-ce7d-4814-9a9f-e49d79835c35:192.168.34.14:36170, ddae0d8b-c866-4e5c-81a7-eef12a7bc666:192.168.34.14:38819], old=null
2019-10-22 02:33:44,515 [6f2be65d-ce7d-4814-9a9f-e49d79835c35@group-8E192697A9CF-LeaderElection35] INFO  impl.RaftServerImpl (RaftServerImpl.java:setRole(184)) - 6f2be65d-ce7d-4814-9a9f-e49d79835c35@group-8E192697A9CF: changes role from CANDIDATE to FOLLOWER at term 34 for DISCOVERED_A_NEW_TERM
2019-10-22 02:33:44,515 [6f2be65d-ce7d-4814-9a9f-e49d79835c35@group-8E192697A9CF-LeaderElection35] INFO  impl.RoleInfo (RoleInfo.java:shutdownLeaderElection(134)) - 6f2be65d-ce7d-4814-9a9f-e49d79835c35: shutdown LeaderElection
2019-10-22 02:33:44,515 [6f2be65d-ce7d-4814-9a9f-e49d79835c35@group-8E192697A9CF-LeaderElection35] INFO  impl.RoleInfo (RoleInfo.java:updateAndGet(143)) - 6f2be65d-ce7d-4814-9a9f-e49d79835c35: start FollowerState
2019-10-22 02:33:44,625 [Thread-797] INFO  impl.FollowerState (FollowerState.java:run(108)) - 6f2be65d-ce7d-4814-9a9f-e49d79835c35@group-8E192697A9CF-FollowerState: change to CANDIDATE, lastRpcTime:109ms, electionTimeout:109ms
2019-10-22 02:33:44,625 [Thread-797] INFO  impl.RoleInfo (RoleInfo.java:shutdownFollowerState(121)) - 6f2be65d-ce7d-4814-9a9f-e49d79835c35: shutdown FollowerState
2019-10-22 02:33:44,625 [Thread-797] INFO  impl.RaftServerImpl (RaftServerImpl.java:setRole(184)) - 6f2be65d-ce7d-4814-9a9f-e49d79835c35@group-8E192697A9CF: changes role from  FOLLOWER to CANDIDATE at term 34 for changeToCandidate
2019-10-22 02:33:44,625 [Thread-797] INFO  impl.RoleInfo (RoleInfo.java:updateAndGet(143)) - 6f2be65d-ce7d-4814-9a9f-e49d79835c35: start LeaderElection
2019-10-22 02:33:44,642 [6f2be65d-ce7d-4814-9a9f-e49d79835c35@group-8E192697A9CF-LeaderElection36] INFO  impl.LeaderElection (LeaderElection.java:askForVotes(178)) - 6f2be65d-ce7d-4814-9a9f-e49d79835c35@group-8E192697A9CF-LeaderElection36: begin an election at term 35 for 0: [6dc62414-4100-415b-916b-e9f0081ca22e:192.168.34.14:40542, 6f2be65d-ce7d-4814-9a9f-e49d79835c35:192.168.34.14:36170, ddae0d8b-c866-4e5c-81a7-eef12a7bc666:192.168.34.14:38819], old=null
2019-10-22 02:33:44,646 [grpc-default-executor-2] INFO  impl.RaftServerImpl (RaftServerImpl.java:setRole(184)) - 6dc62414-4100-415b-916b-e9f0081ca22e@group-8E192697A9CF: changes role from  FOLLOWER to FOLLOWER at term 35 for recognizeCandidate:6f2be65d-ce7d-4814-9a9f-e49d79835c35
2019-10-22 02:33:44,646 [grpc-default-executor-7] INFO  impl.RaftServerImpl (RaftServerImpl.java:setRole(184)) - ddae0d8b-c866-4e5c-81a7-eef12a7bc666@group-8E192697A9CF: changes role from  FOLLOWER to FOLLOWER at term 35 for recognizeCandidate:6f2be65d-ce7d-4814-9a9f-e49d79835c35
2019-10-22 02:33:44,646 [grpc-default-executor-2] INFO  impl.RoleInfo (RoleInfo.java:shutdownFollowerState(121)) - 6dc62414-4100-415b-916b-e9f0081ca22e: shutdown FollowerState
2019-10-22 02:33:44,646 [grpc-default-executor-7] INFO  impl.RoleInfo (RoleInfo.java:shutdownFollowerState(121)) - ddae0d8b-c866-4e5c-81a7-eef12a7bc666: shutdown FollowerState
2019-10-22 02:33:44,647 [grpc-default-executor-2] INFO  impl.RoleInfo (RoleInfo.java:updateAndGet(143)) - 6dc62414-4100-415b-916b-e9f0081ca22e: start FollowerState
2019-10-22 02:33:44,647 [Thread-795] INFO  impl.FollowerState (FollowerState.java:run(117)) - 6dc62414-4100-415b-916b-e9f0081ca22e@group-8E192697A9CF-FollowerState was interrupted: java.lang.InterruptedException: sleep interrupted
2019-10-22 02:33:44,647 [grpc-default-executor-7] INFO  impl.RoleInfo (RoleInfo.java:updateAndGet(143)) - ddae0d8b-c866-4e5c-81a7-eef12a7bc666: start FollowerState
2019-10-22 02:33:44,647 [Thread-796] INFO  impl.FollowerState (FollowerState.java:run(117)) - ddae0d8b-c866-4e5c-81a7-eef12a7bc666@group-8E192697A9CF-FollowerState was interrupted: java.lang.InterruptedException: sleep interrupted
2019-10-22 02:33:44,650 [Command processor thread] INFO  commandhandler.DeleteBlocksCommandHandler (DeleteBlocksCommandHandler.java:handle(106)) - Start to delete container blocks, TXIDs=[1(0)], numOfContainers=1, numOfBlocks=1
2019-10-22 02:33:44,650 [Command processor thread] INFO  commandhandler.DeleteBlocksCommandHandler (DeleteBlocksCommandHandler.java:handle(106)) - Start to delete container blocks, TXIDs=[1(2)], numOfContainers=1, numOfBlocks=1
2019-10-22 02:33:44,651 [Command processor thread] INFO  commandhandler.DeleteBlocksCommandHandler (DeleteBlocksCommandHandler.java:handle(106)) - Start to delete container blocks, TXIDs=[1(0)], numOfContainers=1, numOfBlocks=1
2019-10-22 02:33:44,651 [Command processor thread] INFO  commandhandler.DeleteBlocksCommandHandler (DeleteBlocksCommandHandler.java:handle(106)) - Start to delete container blocks, TXIDs=[1(2)], numOfContainers=1, numOfBlocks=1
2019-10-22 02:33:44,651 [Command processor thread] INFO  commandhandler.DeleteBlocksCommandHandler (DeleteBlocksCommandHandler.java:handle(106)) - Start to delete container blocks, TXIDs=[1(4)], numOfContainers=1, numOfBlocks=1
2019-10-22 02:33:44,651 [Command processor thread] INFO  commandhandler.DeleteBlocksCommandHandler (DeleteBlocksCommandHandler.java:handle(106)) - Start to delete container blocks, TXIDs=[1(0)], numOfContainers=1, numOfBlocks=1
2019-10-22 02:33:44,652 [Command processor thread] INFO  commandhandler.DeleteBlocksCommandHandler (DeleteBlocksCommandHandler.java:handle(106)) - Start to delete container blocks, TXIDs=[1(2)], numOfContainers=1, numOfBlocks=1
2019-10-22 02:33:44,652 [Command processor thread] INFO  commandhandler.DeleteBlocksCommandHandler (DeleteBlocksCommandHandler.java:handle(106)) - Start to delete container blocks, TXIDs=[1(4)], numOfContainers=1, numOfBlocks=1
2019-10-22 02:33:44,652 [Command processor thread] INFO  commandhandler.DeleteBlocksCommandHandler (DeleteBlocksCommandHandler.java:handle(106)) - Start to delete container blocks, TXIDs=[1(0)], numOfContainers=1, numOfBlocks=1
2019-10-22 02:33:44,652 [Command processor thread] INFO  commandhandler.DeleteBlocksCommandHandler (DeleteBlocksCommandHandler.java:handle(106)) - Start to delete container blocks, TXIDs=[1(7)], numOfContainers=1, numOfBlocks=1
2019-10-22 02:33:44,652 [6f2be65d-ce7d-4814-9a9f-e49d79835c35@group-8E192697A9CF-LeaderElection36] INFO  impl.LeaderElection (LeaderElection.java:logAndReturn(56)) - 6f2be65d-ce7d-4814-9a9f-e49d79835c35@group-8E192697A9CF-LeaderElection36: Election REJECTED; received 2 response(s) [6f2be65d-ce7d-4814-9a9f-e49d79835c35<-6dc62414-4100-415b-916b-e9f0081ca22e#0:FAIL-t35, 6f2be65d-ce7d-4814-9a9f-e49d79835c35<-ddae0d8b-c866-4e5c-81a7-eef12a7bc666#0:FAIL-t35] and 0 exception(s); 6f2be65d-ce7d-4814-9a9f-e49d79835c35@group-8E192697A9CF:t35, leader=null, voted=6f2be65d-ce7d-4814-9a9f-e49d79835c35, raftlog=6f2be65d-ce7d-4814-9a9f-e49d79835c35@group-8E192697A9CF-SegmentedRaftLog:OPENED:c3,f4,i4, conf=0: [6dc62414-4100-415b-916b-e9f0081ca22e:192.168.34.14:40542, 6f2be65d-ce7d-4814-9a9f-e49d79835c35:192.168.34.14:36170, ddae0d8b-c866-4e5c-81a7-eef12a7bc666:192.168.34.14:38819], old=null
2019-10-22 02:33:44,652 [Command processor thread] INFO  commandhandler.DeleteBlocksCommandHandler (DeleteBlocksCommandHandler.java:handle(106)) - Start to delete container blocks, TXIDs=[1(0)], numOfContainers=1, numOfBlocks=1
2019-10-22 02:33:44,653 [6f2be65d-ce7d-4814-9a9f-e49d79835c35@group-8E192697A9CF-LeaderElection36] INFO  impl.RaftServerImpl (RaftServerImpl.java:setRole(184)) - 6f2be65d-ce7d-4814-9a9f-e49d79835c35@group-8E192697A9CF: changes role from CANDIDATE to FOLLOWER at term 35 for DISCOVERED_A_NEW_TERM
2019-10-22 02:33:44,653 [6f2be65d-ce7d-4814-9a9f-e49d79835c35@group-8E192697A9CF-LeaderElection36] INFO  impl.RoleInfo (RoleInfo.java:shutdownLeaderElection(134)) - 6f2be65d-ce7d-4814-9a9f-e49d79835c35: shutdown LeaderElection
2019-10-22 02:33:44,653 [Command processor thread] INFO  commandhandler.DeleteBlocksCommandHandler (DeleteBlocksCommandHandler.java:handle(106)) - Start to delete container blocks, TXIDs=[1(2)], numOfContainers=1, numOfBlocks=1
2019-10-22 02:33:44,653 [6f2be65d-ce7d-4814-9a9f-e49d79835c35@group-8E192697A9CF-LeaderElection36] INFO  impl.RoleInfo (RoleInfo.java:updateAndGet(143)) - 6f2be65d-ce7d-4814-9a9f-e49d79835c35: start FollowerState
2019-10-22 02:33:44,653 [Command processor thread] INFO  commandhandler.DeleteBlocksCommandHandler (DeleteBlocksCommandHandler.java:handle(106)) - Start to delete container blocks, TXIDs=[1(4)], numOfContainers=1, numOfBlocks=1
2019-10-22 02:33:44,653 [Command processor thread] INFO  commandhandler.DeleteBlocksCommandHandler (DeleteBlocksCommandHandler.java:handle(106)) - Start to delete container blocks, TXIDs=[1(7)], numOfContainers=1, numOfBlocks=1
2019-10-22 02:33:44,654 [Command processor thread] INFO  commandhandler.DeleteBlocksCommandHandler (DeleteBlocksCommandHandler.java:handle(106)) - Start to delete container blocks, TXIDs=[1(7)], numOfContainers=1, numOfBlocks=1
2019-10-22 02:33:44,654 [Command processor thread] INFO  commandhandler.DeleteBlocksCommandHandler (DeleteBlocksCommandHandler.java:handle(106)) - Start to delete container blocks, TXIDs=[1(0)], numOfContainers=1, numOfBlocks=1
2019-10-22 02:33:44,654 [Command processor thread] INFO  commandhandler.DeleteBlocksCommandHandler (DeleteBlocksCommandHandler.java:handle(106)) - Start to delete container blocks, TXIDs=[1(2)], numOfContainers=1, numOfBlocks=1
2019-10-22 02:33:44,654 [Command processor thread] INFO  commandhandler.DeleteBlocksCommandHandler (DeleteBlocksCommandHandler.java:handle(106)) - Start to delete container blocks, TXIDs=[1(7)], numOfContainers=1, numOfBlocks=1
2019-10-22 02:33:44,654 [Command processor thread] INFO  commandhandler.DeleteBlocksCommandHandler (DeleteBlocksCommandHandler.java:handle(106)) - Start to delete container blocks, TXIDs=[1(4)], numOfContainers=1, numOfBlocks=1
2019-10-22 02:33:44,655 [Command processor thread] INFO  commandhandler.DeleteBlocksCommandHandler (DeleteBlocksCommandHandler.java:handle(106)) - Start to delete container blocks, TXIDs=[1(7)], numOfContainers=1, numOfBlocks=1
2019-10-22 02:33:44,655 [Command processor thread] INFO  commandhandler.DeleteBlocksCommandHandler (DeleteBlocksCommandHandler.java:handle(106)) - Start to delete container blocks, TXIDs=[1(7)], numOfContainers=1, numOfBlocks=1
2019-10-22 02:33:44,655 [Command processor thread] INFO  commandhandler.DeleteBlocksCommandHandler (DeleteBlocksCommandHandler.java:handle(106)) - Start to delete container blocks, TXIDs=[1(2)], numOfContainers=1, numOfBlocks=1
2019-10-22 02:33:44,656 [Command processor thread] INFO  commandhandler.DeleteBlocksCommandHandler (DeleteBlocksCommandHandler.java:handle(106)) - Start to delete container blocks, TXIDs=[1(0)], numOfContainers=1, numOfBlocks=1
2019-10-22 02:33:44,656 [Command processor thread] INFO  commandhandler.DeleteBlocksCommandHandler (DeleteBlocksCommandHandler.java:handle(106)) - Start to delete container blocks, TXIDs=[1(7)], numOfContainers=1, numOfBlocks=1
2019-10-22 02:33:44,656 [Command processor thread] INFO  commandhandler.DeleteBlocksCommandHandler (DeleteBlocksCommandHandler.java:handle(106)) - Start to delete container blocks, TXIDs=[1(7)], numOfContainers=1, numOfBlocks=1
2019-10-22 02:33:44,656 [Command processor thread] INFO  commandhandler.DeleteBlocksCommandHandler (DeleteBlocksCommandHandler.java:handle(106)) - Start to delete container blocks, TXIDs=[1(7)], numOfContainers=1, numOfBlocks=1
2019-10-22 02:33:44,657 [Command processor thread] INFO  commandhandler.DeleteBlocksCommandHandler (DeleteBlocksCommandHandler.java:handle(106)) - Start to delete container blocks, TXIDs=[1(7)], numOfContainers=1, numOfBlocks=1
2019-10-22 02:33:44,657 [Command processor thread] INFO  commandhandler.DeleteBlocksCommandHandler (DeleteBlocksCommandHandler.java:handle(106)) - Start to delete container blocks, TXIDs=[1(4)], numOfContainers=1, numOfBlocks=1
2019-10-22 02:33:44,657 [Command processor thread] INFO  commandhandler.DeleteBlocksCommandHandler (DeleteBlocksCommandHandler.java:handle(106)) - Start to delete container blocks, TXIDs=[1(0)], numOfContainers=1, numOfBlocks=1
2019-10-22 02:33:44,657 [Command processor thread] INFO  commandhandler.DeleteBlocksCommandHandler (DeleteBlocksCommandHandler.java:handle(106)) - Start to delete container blocks, TXIDs=[1(7)], numOfContainers=1, numOfBlocks=1
2019-10-22 02:33:44,657 [Command processor thread] INFO  commandhandler.DeleteBlocksCommandHandler (DeleteBlocksCommandHandler.java:handle(106)) - Start to delete container blocks, TXIDs=[1(7)], numOfContainers=1, numOfBlocks=1
2019-10-22 02:33:44,658 [Command processor thread] INFO  commandhandler.DeleteBlocksCommandHandler (DeleteBlocksCommandHandler.java:handle(106)) - Start to delete container blocks, TXIDs=[1(7)], numOfContainers=1, numOfBlocks=1
2019-10-22 02:33:44,658 [Command processor thread] INFO  commandhandler.DeleteBlocksCommandHandler (DeleteBlocksCommandHandler.java:handle(106)) - Start to delete container blocks, TXIDs=[1(7)], numOfContainers=1, numOfBlocks=1
2019-10-22 02:33:44,658 [Command processor thread] INFO  commandhandler.DeleteBlocksCommandHandler (DeleteBlocksCommandHandler.java:handle(106)) - Start to delete container blocks, TXIDs=[1(4)], numOfContainers=1, numOfBlocks=1
2019-10-22 02:33:44,658 [Command processor thread] INFO  commandhandler.DeleteBlocksCommandHandler (DeleteBlocksCommandHandler.java:handle(106)) - Start to delete container blocks, TXIDs=[1(2)], numOfContainers=1, numOfBlocks=1
2019-10-22 02:33:44,659 [Command processor thread] INFO  commandhandler.DeleteBlocksCommandHandler (DeleteBlocksCommandHandler.java:handle(106)) - Start to delete container blocks, TXIDs=[1(7)], numOfContainers=1, numOfBlocks=1
2019-10-22 02:33:44,659 [Command processor thread] INFO  commandhandler.DeleteBlocksCommandHandler (DeleteBlocksCommandHandler.java:handle(106)) - Start to delete container blocks, TXIDs=[1(0)], numOfContainers=1, numOfBlocks=1
2019-10-22 02:33:44,659 [Command processor thread] INFO  commandhandler.DeleteBlocksCommandHandler (DeleteBlocksCommandHandler.java:handle(106)) - Start to delete container blocks, TXIDs=[1(7)], numOfContainers=1, numOfBlocks=1
2019-10-22 02:33:44,659 [Command processor thread] INFO  commandhandler.DeleteBlocksCommandHandler (DeleteBlocksCommandHandler.java:handle(106)) - Start to delete container blocks, TXIDs=[1(43)], numOfContainers=1, numOfBlocks=1
2019-10-22 02:33:44,660 [Command processor thread] INFO  commandhandler.DeleteBlocksCommandHandler (DeleteBlocksCommandHandler.java:handle(106)) - Start to delete container blocks, TXIDs=[1(7)], numOfContainers=1, numOfBlocks=1
2019-10-22 02:33:44,660 [Command processor thread] INFO  commandhandler.DeleteBlocksCommandHandler (DeleteBlocksCommandHandler.java:handle(106)) - Start to delete container blocks, TXIDs=[1(7)], numOfContainers=1, numOfBlocks=1
2019-10-22 02:33:44,660 [Command processor thread] INFO  commandhandler.DeleteBlocksCommandHandler (DeleteBlocksCommandHandler.java:handle(106)) - Start to delete container blocks, TXIDs=[1(2)], numOfContainers=1, numOfBlocks=1
2019-10-22 02:33:44,660 [Command processor thread] INFO  commandhandler.DeleteBlocksCommandHandler (DeleteBlocksCommandHandler.java:handle(106)) - Start to delete container blocks, TXIDs=[1(4)], numOfContainers=1, numOfBlocks=1
2019-10-22 02:33:44,660 [Command processor thread] INFO  commandhandler.DeleteBlocksCommandHandler (DeleteBlocksCommandHandler.java:handle(106)) - Start to delete container blocks, TXIDs=[1(7)], numOfContainers=1, numOfBlocks=1
2019-10-22 02:33:44,661 [Command processor thread] INFO  commandhandler.DeleteBlocksCommandHandler (DeleteBlocksCommandHandler.java:handle(106)) - Start to delete container blocks, TXIDs=[1(7)], numOfContainers=1, numOfBlocks=1
2019-10-22 02:33:44,818 [Thread-803] INFO  impl.FollowerState (FollowerState.java:run(108)) - 6f2be65d-ce7d-4814-9a9f-e49d79835c35@group-8E192697A9CF-FollowerState: change to CANDIDATE, lastRpcTime:165ms, electionTimeout:165ms
2019-10-22 02:33:44,819 [Thread-803] INFO  impl.RoleInfo (RoleInfo.java:shutdownFollowerState(121)) - 6f2be65d-ce7d-4814-9a9f-e49d79835c35: shutdown FollowerState
2019-10-22 02:33:44,819 [Thread-803] INFO  impl.RaftServerImpl (RaftServerImpl.java:setRole(184)) - 6f2be65d-ce7d-4814-9a9f-e49d79835c35@group-8E192697A9CF: changes role from  FOLLOWER to CANDIDATE at term 35 for changeToCandidate
2019-10-22 02:33:44,819 [Thread-803] INFO  impl.RoleInfo (RoleInfo.java:updateAndGet(143)) - 6f2be65d-ce7d-4814-9a9f-e49d79835c35: start LeaderElection
2019-10-22 02:33:44,826 [6f2be65d-ce7d-4814-9a9f-e49d79835c35@group-8E192697A9CF-LeaderElection37] INFO  impl.LeaderElection (LeaderElection.java:askForVotes(178)) - 6f2be65d-ce7d-4814-9a9f-e49d79835c35@group-8E192697A9CF-LeaderElection37: begin an election at term 36 for 0: [6dc62414-4100-415b-916b-e9f0081ca22e:192.168.34.14:40542, 6f2be65d-ce7d-4814-9a9f-e49d79835c35:192.168.34.14:36170, ddae0d8b-c866-4e5c-81a7-eef12a7bc666:192.168.34.14:38819], old=null
2019-10-22 02:33:44,829 [grpc-default-executor-7] INFO  impl.RaftServerImpl (RaftServerImpl.java:setRole(184)) - 6dc62414-4100-415b-916b-e9f0081ca22e@group-8E192697A9CF: changes role from  FOLLOWER to FOLLOWER at term 36 for recognizeCandidate:6f2be65d-ce7d-4814-9a9f-e49d79835c35
2019-10-22 02:33:44,829 [grpc-default-executor-2] INFO  impl.RaftServerImpl (RaftServerImpl.java:setRole(184)) - ddae0d8b-c866-4e5c-81a7-eef12a7bc666@group-8E192697A9CF: changes role from  FOLLOWER to FOLLOWER at term 36 for recognizeCandidate:6f2be65d-ce7d-4814-9a9f-e49d79835c35
2019-10-22 02:33:44,829 [grpc-default-executor-7] INFO  impl.RoleInfo (RoleInfo.java:shutdownFollowerState(121)) - 6dc62414-4100-415b-916b-e9f0081ca22e: shutdown FollowerState
2019-10-22 02:33:44,830 [grpc-default-executor-2] INFO  impl.RoleInfo (RoleInfo.java:shutdownFollowerState(121)) - ddae0d8b-c866-4e5c-81a7-eef12a7bc666: shutdown FollowerState
2019-10-22 02:33:44,830 [Thread-801] INFO  impl.FollowerState (FollowerState.java:run(117)) - 6dc62414-4100-415b-916b-e9f0081ca22e@group-8E192697A9CF-FollowerState was interrupted: java.lang.InterruptedException: sleep interrupted
2019-10-22 02:33:44,830 [grpc-default-executor-7] INFO  impl.RoleInfo (RoleInfo.java:updateAndGet(143)) - 6dc62414-4100-415b-916b-e9f0081ca22e: start FollowerState
2019-10-22 02:33:44,830 [grpc-default-executor-2] INFO  impl.RoleInfo (RoleInfo.java:updateAndGet(143)) - ddae0d8b-c866-4e5c-81a7-eef12a7bc666: start FollowerState
2019-10-22 02:33:44,830 [Thread-802] INFO  impl.FollowerState (FollowerState.java:run(117)) - ddae0d8b-c866-4e5c-81a7-eef12a7bc666@group-8E192697A9CF-FollowerState was interrupted: java.lang.InterruptedException: sleep interrupted
2019-10-22 02:33:44,846 [6f2be65d-ce7d-4814-9a9f-e49d79835c35@group-8E192697A9CF-LeaderElection37] INFO  impl.LeaderElection (LeaderElection.java:logAndReturn(56)) - 6f2be65d-ce7d-4814-9a9f-e49d79835c35@group-8E192697A9CF-LeaderElection37: Election REJECTED; received 2 response(s) [6f2be65d-ce7d-4814-9a9f-e49d79835c35<-6dc62414-4100-415b-916b-e9f0081ca22e#0:FAIL-t36, 6f2be65d-ce7d-4814-9a9f-e49d79835c35<-ddae0d8b-c866-4e5c-81a7-eef12a7bc666#0:FAIL-t36] and 0 exception(s); 6f2be65d-ce7d-4814-9a9f-e49d79835c35@group-8E192697A9CF:t36, leader=null, voted=6f2be65d-ce7d-4814-9a9f-e49d79835c35, raftlog=6f2be65d-ce7d-4814-9a9f-e49d79835c35@group-8E192697A9CF-SegmentedRaftLog:OPENED:c3,f4,i4, conf=0: [6dc62414-4100-415b-916b-e9f0081ca22e:192.168.34.14:40542, 6f2be65d-ce7d-4814-9a9f-e49d79835c35:192.168.34.14:36170, ddae0d8b-c866-4e5c-81a7-eef12a7bc666:192.168.34.14:38819], old=null
2019-10-22 02:33:44,846 [6f2be65d-ce7d-4814-9a9f-e49d79835c35@group-8E192697A9CF-LeaderElection37] INFO  impl.RaftServerImpl (RaftServerImpl.java:setRole(184)) - 6f2be65d-ce7d-4814-9a9f-e49d79835c35@group-8E192697A9CF: changes role from CANDIDATE to FOLLOWER at term 36 for DISCOVERED_A_NEW_TERM
2019-10-22 02:33:44,846 [6f2be65d-ce7d-4814-9a9f-e49d79835c35@group-8E192697A9CF-LeaderElection37] INFO  impl.RoleInfo (RoleInfo.java:shutdownLeaderElection(134)) - 6f2be65d-ce7d-4814-9a9f-e49d79835c35: shutdown LeaderElection
2019-10-22 02:33:44,847 [6f2be65d-ce7d-4814-9a9f-e49d79835c35@group-8E192697A9CF-LeaderElection37] INFO  impl.RoleInfo (RoleInfo.java:updateAndGet(143)) - 6f2be65d-ce7d-4814-9a9f-e49d79835c35: start FollowerState
2019-10-22 02:33:44,852 [EventQueue-DeleteBlockStatusForDeletedBlockLogImpl] WARN  block.DeletedBlockLogImpl (DeletedBlockLogImpl.java:commitTransactions(205)) - Transaction txId=1 commit by dnId=6f2be65d-ce7d-4814-9a9f-e49d79835c35 for containerID=#1 failed. Corresponding entry not found.
2019-10-22 02:33:44,852 [EventQueue-DeleteBlockStatusForDeletedBlockLogImpl] WARN  block.DeletedBlockLogImpl (DeletedBlockLogImpl.java:commitTransactions(205)) - Transaction txId=1 commit by dnId=6f2be65d-ce7d-4814-9a9f-e49d79835c35 for containerID=#1 failed. Corresponding entry not found.
2019-10-22 02:33:44,852 [EventQueue-DeleteBlockStatusForDeletedBlockLogImpl] WARN  block.DeletedBlockLogImpl (DeletedBlockLogImpl.java:commitTransactions(205)) - Transaction txId=1 commit by dnId=6f2be65d-ce7d-4814-9a9f-e49d79835c35 for containerID=#1 failed. Corresponding entry not found.
2019-10-22 02:33:44,853 [EventQueue-DeleteBlockStatusForDeletedBlockLogImpl] WARN  block.DeletedBlockLogImpl (DeletedBlockLogImpl.java:commitTransactions(205)) - Transaction txId=1 commit by dnId=6f2be65d-ce7d-4814-9a9f-e49d79835c35 for containerID=#1 failed. Corresponding entry not found.
2019-10-22 02:33:44,853 [EventQueue-DeleteBlockStatusForDeletedBlockLogImpl] WARN  block.DeletedBlockLogImpl (DeletedBlockLogImpl.java:commitTransactions(205)) - Transaction txId=1 commit by dnId=6f2be65d-ce7d-4814-9a9f-e49d79835c35 for containerID=#1 failed. Corresponding entry not found.
2019-10-22 02:33:44,853 [EventQueue-DeleteBlockStatusForDeletedBlockLogImpl] WARN  block.DeletedBlockLogImpl (DeletedBlockLogImpl.java:commitTransactions(205)) - Transaction txId=1 commit by dnId=6f2be65d-ce7d-4814-9a9f-e49d79835c35 for containerID=#1 failed. Corresponding entry not found.
2019-10-22 02:33:44,853 [EventQueue-DeleteBlockStatusForDeletedBlockLogImpl] WARN  block.DeletedBlockLogImpl (DeletedBlockLogImpl.java:commitTransactions(205)) - Transaction txId=1 commit by dnId=6f2be65d-ce7d-4814-9a9f-e49d79835c35 for containerID=#1 failed. Corresponding entry not found.
2019-10-22 02:33:44,853 [EventQueue-DeleteBlockStatusForDeletedBlockLogImpl] WARN  block.DeletedBlockLogImpl (DeletedBlockLogImpl.java:commitTransactions(205)) - Transaction txId=1 commit by dnId=6f2be65d-ce7d-4814-9a9f-e49d79835c35 for containerID=#1 failed. Corresponding entry not found.
2019-10-22 02:33:44,916 [Thread-810] INFO  impl.FollowerState (FollowerState.java:run(108)) - 6f2be65d-ce7d-4814-9a9f-e49d79835c35@group-8E192697A9CF-FollowerState: change to CANDIDATE, lastRpcTime:69ms, electionTimeout:69ms
2019-10-22 02:33:44,916 [Thread-810] INFO  impl.RoleInfo (RoleInfo.java:shutdownFollowerState(121)) - 6f2be65d-ce7d-4814-9a9f-e49d79835c35: shutdown FollowerState
2019-10-22 02:33:44,917 [Thread-810] INFO  impl.RaftServerImpl (RaftServerImpl.java:setRole(184)) - 6f2be65d-ce7d-4814-9a9f-e49d79835c35@group-8E192697A9CF: changes role from  FOLLOWER to CANDIDATE at term 36 for changeToCandidate
2019-10-22 02:33:44,917 [Thread-810] INFO  impl.RoleInfo (RoleInfo.java:updateAndGet(143)) - 6f2be65d-ce7d-4814-9a9f-e49d79835c35: start LeaderElection
2019-10-22 02:33:44,924 [6f2be65d-ce7d-4814-9a9f-e49d79835c35@group-8E192697A9CF-LeaderElection38] INFO  impl.LeaderElection (LeaderElection.java:askForVotes(178)) - 6f2be65d-ce7d-4814-9a9f-e49d79835c35@group-8E192697A9CF-LeaderElection38: begin an election at term 37 for 0: [6dc62414-4100-415b-916b-e9f0081ca22e:192.168.34.14:40542, 6f2be65d-ce7d-4814-9a9f-e49d79835c35:192.168.34.14:36170, ddae0d8b-c866-4e5c-81a7-eef12a7bc666:192.168.34.14:38819], old=null
2019-10-22 02:33:44,928 [grpc-default-executor-7] INFO  impl.RaftServerImpl (RaftServerImpl.java:setRole(184)) - 6dc62414-4100-415b-916b-e9f0081ca22e@group-8E192697A9CF: changes role from  FOLLOWER to FOLLOWER at term 37 for recognizeCandidate:6f2be65d-ce7d-4814-9a9f-e49d79835c35
2019-10-22 02:33:44,928 [grpc-default-executor-2] INFO  impl.RaftServerImpl (RaftServerImpl.java:setRole(184)) - ddae0d8b-c866-4e5c-81a7-eef12a7bc666@group-8E192697A9CF: changes role from  FOLLOWER to FOLLOWER at term 37 for recognizeCandidate:6f2be65d-ce7d-4814-9a9f-e49d79835c35
2019-10-22 02:33:44,928 [grpc-default-executor-7] INFO  impl.RoleInfo (RoleInfo.java:shutdownFollowerState(121)) - 6dc62414-4100-415b-916b-e9f0081ca22e: shutdown FollowerState
2019-10-22 02:33:44,928 [grpc-default-executor-2] INFO  impl.RoleInfo (RoleInfo.java:shutdownFollowerState(121)) - ddae0d8b-c866-4e5c-81a7-eef12a7bc666: shutdown FollowerState
2019-10-22 02:33:44,928 [grpc-default-executor-7] INFO  impl.RoleInfo (RoleInfo.java:updateAndGet(143)) - 6dc62414-4100-415b-916b-e9f0081ca22e: start FollowerState
2019-10-22 02:33:44,929 [Thread-809] INFO  impl.FollowerState (FollowerState.java:run(117)) - ddae0d8b-c866-4e5c-81a7-eef12a7bc666@group-8E192697A9CF-FollowerState was interrupted: java.lang.InterruptedException: sleep interrupted
2019-10-22 02:33:44,929 [grpc-default-executor-2] INFO  impl.RoleInfo (RoleInfo.java:updateAndGet(143)) - ddae0d8b-c866-4e5c-81a7-eef12a7bc666: start FollowerState
2019-10-22 02:33:44,928 [Thread-808] INFO  impl.FollowerState (FollowerState.java:run(117)) - 6dc62414-4100-415b-916b-e9f0081ca22e@group-8E192697A9CF-FollowerState was interrupted: java.lang.InterruptedException: sleep interrupted
2019-10-22 02:33:44,944 [6f2be65d-ce7d-4814-9a9f-e49d79835c35@group-8E192697A9CF-LeaderElection38] INFO  impl.LeaderElection (LeaderElection.java:logAndReturn(56)) - 6f2be65d-ce7d-4814-9a9f-e49d79835c35@group-8E192697A9CF-LeaderElection38: Election REJECTED; received 2 response(s) [6f2be65d-ce7d-4814-9a9f-e49d79835c35<-6dc62414-4100-415b-916b-e9f0081ca22e#0:FAIL-t37, 6f2be65d-ce7d-4814-9a9f-e49d79835c35<-ddae0d8b-c866-4e5c-81a7-eef12a7bc666#0:FAIL-t37] and 0 exception(s); 6f2be65d-ce7d-4814-9a9f-e49d79835c35@group-8E192697A9CF:t37, leader=null, voted=6f2be65d-ce7d-4814-9a9f-e49d79835c35, raftlog=6f2be65d-ce7d-4814-9a9f-e49d79835c35@group-8E192697A9CF-SegmentedRaftLog:OPENED:c3,f4,i4, conf=0: [6dc62414-4100-415b-916b-e9f0081ca22e:192.168.34.14:40542, 6f2be65d-ce7d-4814-9a9f-e49d79835c35:192.168.34.14:36170, ddae0d8b-c866-4e5c-81a7-eef12a7bc666:192.168.34.14:38819], old=null
2019-10-22 02:33:44,944 [6f2be65d-ce7d-4814-9a9f-e49d79835c35@group-8E192697A9CF-LeaderElection38] INFO  impl.RaftServerImpl (RaftServerImpl.java:setRole(184)) - 6f2be65d-ce7d-4814-9a9f-e49d79835c35@group-8E192697A9CF: changes role from CANDIDATE to FOLLOWER at term 37 for DISCOVERED_A_NEW_TERM
2019-10-22 02:33:44,944 [6f2be65d-ce7d-4814-9a9f-e49d79835c35@group-8E192697A9CF-LeaderElection38] INFO  impl.RoleInfo (RoleInfo.java:shutdownLeaderElection(134)) - 6f2be65d-ce7d-4814-9a9f-e49d79835c35: shutdown LeaderElection
2019-10-22 02:33:44,944 [6f2be65d-ce7d-4814-9a9f-e49d79835c35@group-8E192697A9CF-LeaderElection38] INFO  impl.RoleInfo (RoleInfo.java:updateAndGet(143)) - 6f2be65d-ce7d-4814-9a9f-e49d79835c35: start FollowerState
2019-10-22 02:33:44,985 [Thread-818] INFO  client.GrpcClientProtocolService (GrpcClientProtocolService.java:lambda$processClientRequest$0(278)) - Failed RaftClientRequest:client-C9AE8EA1E005->ddae0d8b-c866-4e5c-81a7-eef12a7bc666@group-8E192697A9CF, cid=10, seq=0, Watch-ALL_COMMITTED(6), Message:<EMPTY>, reply=RaftClientReply:client-C9AE8EA1E005->ddae0d8b-c866-4e5c-81a7-eef12a7bc666@group-8E192697A9CF, cid=10, FAILED org.apache.ratis.protocol.NotLeaderException: Server ddae0d8b-c866-4e5c-81a7-eef12a7bc666@group-8E192697A9CF is not the leader, logIndex=0, commits[ddae0d8b-c866-4e5c-81a7-eef12a7bc666:c10, 6dc62414-4100-415b-916b-e9f0081ca22e:c10, 6f2be65d-ce7d-4814-9a9f-e49d79835c35:c4]
2019-10-22 02:33:45,070 [Thread-816] INFO  impl.FollowerState (FollowerState.java:run(108)) - 6f2be65d-ce7d-4814-9a9f-e49d79835c35@group-8E192697A9CF-FollowerState: change to CANDIDATE, lastRpcTime:125ms, electionTimeout:125ms
2019-10-22 02:33:45,070 [Thread-816] INFO  impl.RoleInfo (RoleInfo.java:shutdownFollowerState(121)) - 6f2be65d-ce7d-4814-9a9f-e49d79835c35: shutdown FollowerState
2019-10-22 02:33:45,070 [Thread-816] INFO  impl.RaftServerImpl (RaftServerImpl.java:setRole(184)) - 6f2be65d-ce7d-4814-9a9f-e49d79835c35@group-8E192697A9CF: changes role from  FOLLOWER to CANDIDATE at term 37 for changeToCandidate
2019-10-22 02:33:45,070 [Thread-816] INFO  impl.RoleInfo (RoleInfo.java:updateAndGet(143)) - 6f2be65d-ce7d-4814-9a9f-e49d79835c35: start LeaderElection
2019-10-22 02:33:45,077 [6f2be65d-ce7d-4814-9a9f-e49d79835c35@group-8E192697A9CF-LeaderElection39] INFO  impl.LeaderElection (LeaderElection.java:askForVotes(178)) - 6f2be65d-ce7d-4814-9a9f-e49d79835c35@group-8E192697A9CF-LeaderElection39: begin an election at term 38 for 0: [6dc62414-4100-415b-916b-e9f0081ca22e:192.168.34.14:40542, 6f2be65d-ce7d-4814-9a9f-e49d79835c35:192.168.34.14:36170, ddae0d8b-c866-4e5c-81a7-eef12a7bc666:192.168.34.14:38819], old=null
2019-10-22 02:33:45,080 [grpc-default-executor-7] INFO  impl.RaftServerImpl (RaftServerImpl.java:setRole(184)) - ddae0d8b-c866-4e5c-81a7-eef12a7bc666@group-8E192697A9CF: changes role from  FOLLOWER to FOLLOWER at term 38 for recognizeCandidate:6f2be65d-ce7d-4814-9a9f-e49d79835c35
2019-10-22 02:33:45,080 [grpc-default-executor-2] INFO  impl.RaftServerImpl (RaftServerImpl.java:setRole(184)) - 6dc62414-4100-415b-916b-e9f0081ca22e@group-8E192697A9CF: changes role from  FOLLOWER to FOLLOWER at term 38 for recognizeCandidate:6f2be65d-ce7d-4814-9a9f-e49d79835c35
2019-10-22 02:33:45,080 [grpc-default-executor-7] INFO  impl.RoleInfo (RoleInfo.java:shutdownFollowerState(121)) - ddae0d8b-c866-4e5c-81a7-eef12a7bc666: shutdown FollowerState
2019-10-22 02:33:45,080 [grpc-default-executor-2] INFO  impl.RoleInfo (RoleInfo.java:shutdownFollowerState(121)) - 6dc62414-4100-415b-916b-e9f0081ca22e: shutdown FollowerState
2019-10-22 02:33:45,080 [Thread-815] INFO  impl.FollowerState (FollowerState.java:run(117)) - ddae0d8b-c866-4e5c-81a7-eef12a7bc666@group-8E192697A9CF-FollowerState was interrupted: java.lang.InterruptedException: sleep interrupted
2019-10-22 02:33:45,080 [grpc-default-executor-7] INFO  impl.RoleInfo (RoleInfo.java:updateAndGet(143)) - ddae0d8b-c866-4e5c-81a7-eef12a7bc666: start FollowerState
2019-10-22 02:33:45,081 [grpc-default-executor-2] INFO  impl.RoleInfo (RoleInfo.java:updateAndGet(143)) - 6dc62414-4100-415b-916b-e9f0081ca22e: start FollowerState
2019-10-22 02:33:45,081 [Thread-814] INFO  impl.FollowerState (FollowerState.java:run(117)) - 6dc62414-4100-415b-916b-e9f0081ca22e@group-8E192697A9CF-FollowerState was interrupted: java.lang.InterruptedException: sleep interrupted
2019-10-22 02:33:45,089 [6f2be65d-ce7d-4814-9a9f-e49d79835c35@group-8E192697A9CF-LeaderElection39] INFO  impl.LeaderElection (LeaderElection.java:logAndReturn(56)) - 6f2be65d-ce7d-4814-9a9f-e49d79835c35@group-8E192697A9CF-LeaderElection39: Election REJECTED; received 2 response(s) [6f2be65d-ce7d-4814-9a9f-e49d79835c35<-6dc62414-4100-415b-916b-e9f0081ca22e#0:FAIL-t38, 6f2be65d-ce7d-4814-9a9f-e49d79835c35<-ddae0d8b-c866-4e5c-81a7-eef12a7bc666#0:FAIL-t38] and 0 exception(s); 6f2be65d-ce7d-4814-9a9f-e49d79835c35@group-8E192697A9CF:t38, leader=null, voted=6f2be65d-ce7d-4814-9a9f-e49d79835c35, raftlog=6f2be65d-ce7d-4814-9a9f-e49d79835c35@group-8E192697A9CF-SegmentedRaftLog:OPENED:c3,f4,i4, conf=0: [6dc62414-4100-415b-916b-e9f0081ca22e:192.168.34.14:40542, 6f2be65d-ce7d-4814-9a9f-e49d79835c35:192.168.34.14:36170, ddae0d8b-c866-4e5c-81a7-eef12a7bc666:192.168.34.14:38819], old=null
2019-10-22 02:33:45,089 [6f2be65d-ce7d-4814-9a9f-e49d79835c35@group-8E192697A9CF-LeaderElection39] INFO  impl.RaftServerImpl (RaftServerImpl.java:setRole(184)) - 6f2be65d-ce7d-4814-9a9f-e49d79835c35@group-8E192697A9CF: changes role from CANDIDATE to FOLLOWER at term 38 for DISCOVERED_A_NEW_TERM
2019-10-22 02:33:45,089 [6f2be65d-ce7d-4814-9a9f-e49d79835c35@group-8E192697A9CF-LeaderElection39] INFO  impl.RoleInfo (RoleInfo.java:shutdownLeaderElection(134)) - 6f2be65d-ce7d-4814-9a9f-e49d79835c35: shutdown LeaderElection
2019-10-22 02:33:45,089 [6f2be65d-ce7d-4814-9a9f-e49d79835c35@group-8E192697A9CF-LeaderElection39] INFO  impl.RoleInfo (RoleInfo.java:updateAndGet(143)) - 6f2be65d-ce7d-4814-9a9f-e49d79835c35: start FollowerState
2019-10-22 02:33:45,176 [Thread-825] INFO  impl.FollowerState (FollowerState.java:run(108)) - 6f2be65d-ce7d-4814-9a9f-e49d79835c35@group-8E192697A9CF-FollowerState: change to CANDIDATE, lastRpcTime:86ms, electionTimeout:86ms
2019-10-22 02:33:45,176 [Thread-825] INFO  impl.RoleInfo (RoleInfo.java:shutdownFollowerState(121)) - 6f2be65d-ce7d-4814-9a9f-e49d79835c35: shutdown FollowerState
2019-10-22 02:33:45,176 [Thread-825] INFO  impl.RaftServerImpl (RaftServerImpl.java:setRole(184)) - 6f2be65d-ce7d-4814-9a9f-e49d79835c35@group-8E192697A9CF: changes role from  FOLLOWER to CANDIDATE at term 38 for changeToCandidate
2019-10-22 02:33:45,176 [Thread-825] INFO  impl.RoleInfo (RoleInfo.java:updateAndGet(143)) - 6f2be65d-ce7d-4814-9a9f-e49d79835c35: start LeaderElection
2019-10-22 02:33:45,190 [6f2be65d-ce7d-4814-9a9f-e49d79835c35@group-8E192697A9CF-LeaderElection40] INFO  impl.LeaderElection (LeaderElection.java:askForVotes(178)) - 6f2be65d-ce7d-4814-9a9f-e49d79835c35@group-8E192697A9CF-LeaderElection40: begin an election at term 39 for 0: [6dc62414-4100-415b-916b-e9f0081ca22e:192.168.34.14:40542, 6f2be65d-ce7d-4814-9a9f-e49d79835c35:192.168.34.14:36170, ddae0d8b-c866-4e5c-81a7-eef12a7bc666:192.168.34.14:38819], old=null
2019-10-22 02:33:45,195 [grpc-default-executor-2] INFO  impl.RaftServerImpl (RaftServerImpl.java:setRole(184)) - ddae0d8b-c866-4e5c-81a7-eef12a7bc666@group-8E192697A9CF: changes role from  FOLLOWER to FOLLOWER at term 39 for recognizeCandidate:6f2be65d-ce7d-4814-9a9f-e49d79835c35
2019-10-22 02:33:45,195 [grpc-default-executor-7] INFO  impl.RaftServerImpl (RaftServerImpl.java:setRole(184)) - 6dc62414-4100-415b-916b-e9f0081ca22e@group-8E192697A9CF: changes role from  FOLLOWER to FOLLOWER at term 39 for recognizeCandidate:6f2be65d-ce7d-4814-9a9f-e49d79835c35
2019-10-22 02:33:45,195 [grpc-default-executor-2] INFO  impl.RoleInfo (RoleInfo.java:shutdownFollowerState(121)) - ddae0d8b-c866-4e5c-81a7-eef12a7bc666: shutdown FollowerState
2019-10-22 02:33:45,196 [grpc-default-executor-7] INFO  impl.RoleInfo (RoleInfo.java:shutdownFollowerState(121)) - 6dc62414-4100-415b-916b-e9f0081ca22e: shutdown FollowerState
2019-10-22 02:33:45,196 [Thread-823] INFO  impl.FollowerState (FollowerState.java:run(117)) - ddae0d8b-c866-4e5c-81a7-eef12a7bc666@group-8E192697A9CF-FollowerState was interrupted: java.lang.InterruptedException: sleep interrupted
2019-10-22 02:33:45,196 [grpc-default-executor-2] INFO  impl.RoleInfo (RoleInfo.java:updateAndGet(143)) - ddae0d8b-c866-4e5c-81a7-eef12a7bc666: start FollowerState
2019-10-22 02:33:45,196 [Thread-824] INFO  impl.FollowerState (FollowerState.java:run(117)) - 6dc62414-4100-415b-916b-e9f0081ca22e@group-8E192697A9CF-FollowerState was interrupted: java.lang.InterruptedException: sleep interrupted
2019-10-22 02:33:45,196 [grpc-default-executor-7] INFO  impl.RoleInfo (RoleInfo.java:updateAndGet(143)) - 6dc62414-4100-415b-916b-e9f0081ca22e: start FollowerState
2019-10-22 02:33:45,211 [6f2be65d-ce7d-4814-9a9f-e49d79835c35@group-8E192697A9CF-LeaderElection40] INFO  impl.LeaderElection (LeaderElection.java:logAndReturn(56)) - 6f2be65d-ce7d-4814-9a9f-e49d79835c35@group-8E192697A9CF-LeaderElection40: Election REJECTED; received 2 response(s) [6f2be65d-ce7d-4814-9a9f-e49d79835c35<-6dc62414-4100-415b-916b-e9f0081ca22e#0:FAIL-t39, 6f2be65d-ce7d-4814-9a9f-e49d79835c35<-ddae0d8b-c866-4e5c-81a7-eef12a7bc666#0:FAIL-t39] and 0 exception(s); 6f2be65d-ce7d-4814-9a9f-e49d79835c35@group-8E192697A9CF:t39, leader=null, voted=6f2be65d-ce7d-4814-9a9f-e49d79835c35, raftlog=6f2be65d-ce7d-4814-9a9f-e49d79835c35@group-8E192697A9CF-SegmentedRaftLog:OPENED:c3,f4,i4, conf=0: [6dc62414-4100-415b-916b-e9f0081ca22e:192.168.34.14:40542, 6f2be65d-ce7d-4814-9a9f-e49d79835c35:192.168.34.14:36170, ddae0d8b-c866-4e5c-81a7-eef12a7bc666:192.168.34.14:38819], old=null
2019-10-22 02:33:45,212 [6f2be65d-ce7d-4814-9a9f-e49d79835c35@group-8E192697A9CF-LeaderElection40] INFO  impl.RaftServerImpl (RaftServerImpl.java:setRole(184)) - 6f2be65d-ce7d-4814-9a9f-e49d79835c35@group-8E192697A9CF: changes role from CANDIDATE to FOLLOWER at term 39 for DISCOVERED_A_NEW_TERM
2019-10-22 02:33:45,212 [6f2be65d-ce7d-4814-9a9f-e49d79835c35@group-8E192697A9CF-LeaderElection40] INFO  impl.RoleInfo (RoleInfo.java:shutdownLeaderElection(134)) - 6f2be65d-ce7d-4814-9a9f-e49d79835c35: shutdown LeaderElection
2019-10-22 02:33:45,212 [6f2be65d-ce7d-4814-9a9f-e49d79835c35@group-8E192697A9CF-LeaderElection40] INFO  impl.RoleInfo (RoleInfo.java:updateAndGet(143)) - 6f2be65d-ce7d-4814-9a9f-e49d79835c35: start FollowerState
2019-10-22 02:33:45,225 [Thread-831] INFO  impl.FollowerState (FollowerState.java:run(108)) - 6f2be65d-ce7d-4814-9a9f-e49d79835c35@group-8E192697A9CF-FollowerState: change to CANDIDATE, lastRpcTime:13ms, electionTimeout:13ms
2019-10-22 02:33:45,226 [Thread-831] INFO  impl.RoleInfo (RoleInfo.java:shutdownFollowerState(121)) - 6f2be65d-ce7d-4814-9a9f-e49d79835c35: shutdown FollowerState
2019-10-22 02:33:45,226 [Thread-831] INFO  impl.RaftServerImpl (RaftServerImpl.java:setRole(184)) - 6f2be65d-ce7d-4814-9a9f-e49d79835c35@group-8E192697A9CF: changes role from  FOLLOWER to CANDIDATE at term 39 for changeToCandidate
2019-10-22 02:33:45,226 [Thread-831] INFO  impl.RoleInfo (RoleInfo.java:updateAndGet(143)) - 6f2be65d-ce7d-4814-9a9f-e49d79835c35: start LeaderElection
2019-10-22 02:33:45,234 [6f2be65d-ce7d-4814-9a9f-e49d79835c35@group-8E192697A9CF-LeaderElection41] INFO  impl.LeaderElection (LeaderElection.java:askForVotes(178)) - 6f2be65d-ce7d-4814-9a9f-e49d79835c35@group-8E192697A9CF-LeaderElection41: begin an election at term 40 for 0: [6dc62414-4100-415b-916b-e9f0081ca22e:192.168.34.14:40542, 6f2be65d-ce7d-4814-9a9f-e49d79835c35:192.168.34.14:36170, ddae0d8b-c866-4e5c-81a7-eef12a7bc666:192.168.34.14:38819], old=null
2019-10-22 02:33:45,236 [grpc-default-executor-2] INFO  impl.RaftServerImpl (RaftServerImpl.java:setRole(184)) - 6dc62414-4100-415b-916b-e9f0081ca22e@group-8E192697A9CF: changes role from  FOLLOWER to FOLLOWER at term 40 for recognizeCandidate:6f2be65d-ce7d-4814-9a9f-e49d79835c35
2019-10-22 02:33:45,236 [grpc-default-executor-2] INFO  impl.RoleInfo (RoleInfo.java:shutdownFollowerState(121)) - 6dc62414-4100-415b-916b-e9f0081ca22e: shutdown FollowerState
2019-10-22 02:33:45,236 [grpc-default-executor-2] INFO  impl.RoleInfo (RoleInfo.java:updateAndGet(143)) - 6dc62414-4100-415b-916b-e9f0081ca22e: start FollowerState
2019-10-22 02:33:45,236 [Thread-830] INFO  impl.FollowerState (FollowerState.java:run(117)) - 6dc62414-4100-415b-916b-e9f0081ca22e@group-8E192697A9CF-FollowerState was interrupted: java.lang.InterruptedException: sleep interrupted
2019-10-22 02:33:45,237 [grpc-default-executor-7] INFO  impl.RaftServerImpl (RaftServerImpl.java:setRole(184)) - ddae0d8b-c866-4e5c-81a7-eef12a7bc666@group-8E192697A9CF: changes role from  FOLLOWER to FOLLOWER at term 40 for recognizeCandidate:6f2be65d-ce7d-4814-9a9f-e49d79835c35
2019-10-22 02:33:45,237 [grpc-default-executor-7] INFO  impl.RoleInfo (RoleInfo.java:shutdownFollowerState(121)) - ddae0d8b-c866-4e5c-81a7-eef12a7bc666: shutdown FollowerState
2019-10-22 02:33:45,237 [grpc-default-executor-7] INFO  impl.RoleInfo (RoleInfo.java:updateAndGet(143)) - ddae0d8b-c866-4e5c-81a7-eef12a7bc666: start FollowerState
2019-10-22 02:33:45,237 [Thread-829] INFO  impl.FollowerState (FollowerState.java:run(117)) - ddae0d8b-c866-4e5c-81a7-eef12a7bc666@group-8E192697A9CF-FollowerState was interrupted: java.lang.InterruptedException: sleep interrupted
2019-10-22 02:33:45,245 [6f2be65d-ce7d-4814-9a9f-e49d79835c35@group-8E192697A9CF-LeaderElection41] INFO  impl.LeaderElection (LeaderElection.java:logAndReturn(56)) - 6f2be65d-ce7d-4814-9a9f-e49d79835c35@group-8E192697A9CF-LeaderElection41: Election REJECTED; received 2 response(s) [6f2be65d-ce7d-4814-9a9f-e49d79835c35<-6dc62414-4100-415b-916b-e9f0081ca22e#0:FAIL-t40, 6f2be65d-ce7d-4814-9a9f-e49d79835c35<-ddae0d8b-c866-4e5c-81a7-eef12a7bc666#0:FAIL-t40] and 0 exception(s); 6f2be65d-ce7d-4814-9a9f-e49d79835c35@group-8E192697A9CF:t40, leader=null, voted=6f2be65d-ce7d-4814-9a9f-e49d79835c35, raftlog=6f2be65d-ce7d-4814-9a9f-e49d79835c35@group-8E192697A9CF-SegmentedRaftLog:OPENED:c3,f4,i4, conf=0: [6dc62414-4100-415b-916b-e9f0081ca22e:192.168.34.14:40542, 6f2be65d-ce7d-4814-9a9f-e49d79835c35:192.168.34.14:36170, ddae0d8b-c866-4e5c-81a7-eef12a7bc666:192.168.34.14:38819], old=null
2019-10-22 02:33:45,245 [6f2be65d-ce7d-4814-9a9f-e49d79835c35@group-8E192697A9CF-LeaderElection41] INFO  impl.RaftServerImpl (RaftServerImpl.java:setRole(184)) - 6f2be65d-ce7d-4814-9a9f-e49d79835c35@group-8E192697A9CF: changes role from CANDIDATE to FOLLOWER at term 40 for DISCOVERED_A_NEW_TERM
2019-10-22 02:33:45,245 [6f2be65d-ce7d-4814-9a9f-e49d79835c35@group-8E192697A9CF-LeaderElection41] INFO  impl.RoleInfo (RoleInfo.java:shutdownLeaderElection(134)) - 6f2be65d-ce7d-4814-9a9f-e49d79835c35: shutdown LeaderElection
2019-10-22 02:33:45,246 [6f2be65d-ce7d-4814-9a9f-e49d79835c35@group-8E192697A9CF-LeaderElection41] INFO  impl.RoleInfo (RoleInfo.java:updateAndGet(143)) - 6f2be65d-ce7d-4814-9a9f-e49d79835c35: start FollowerState
2019-10-22 02:33:45,253 [Thread-837] INFO  impl.FollowerState (FollowerState.java:run(108)) - 6f2be65d-ce7d-4814-9a9f-e49d79835c35@group-8E192697A9CF-FollowerState: change to CANDIDATE, lastRpcTime:7ms, electionTimeout:7ms
2019-10-22 02:33:45,253 [Thread-837] INFO  impl.RoleInfo (RoleInfo.java:shutdownFollowerState(121)) - 6f2be65d-ce7d-4814-9a9f-e49d79835c35: shutdown FollowerState
2019-10-22 02:33:45,253 [Thread-837] INFO  impl.RaftServerImpl (RaftServerImpl.java:setRole(184)) - 6f2be65d-ce7d-4814-9a9f-e49d79835c35@group-8E192697A9CF: changes role from  FOLLOWER to CANDIDATE at term 40 for changeToCandidate
2019-10-22 02:33:45,253 [Thread-837] INFO  impl.RoleInfo (RoleInfo.java:updateAndGet(143)) - 6f2be65d-ce7d-4814-9a9f-e49d79835c35: start LeaderElection
2019-10-22 02:33:45,259 [6f2be65d-ce7d-4814-9a9f-e49d79835c35@group-8E192697A9CF-LeaderElection42] INFO  impl.LeaderElection (LeaderElection.java:askForVotes(178)) - 6f2be65d-ce7d-4814-9a9f-e49d79835c35@group-8E192697A9CF-LeaderElection42: begin an election at term 41 for 0: [6dc62414-4100-415b-916b-e9f0081ca22e:192.168.34.14:40542, 6f2be65d-ce7d-4814-9a9f-e49d79835c35:192.168.34.14:36170, ddae0d8b-c866-4e5c-81a7-eef12a7bc666:192.168.34.14:38819], old=null
2019-10-22 02:33:45,263 [grpc-default-executor-7] INFO  impl.RaftServerImpl (RaftServerImpl.java:setRole(184)) - ddae0d8b-c866-4e5c-81a7-eef12a7bc666@group-8E192697A9CF: changes role from  FOLLOWER to FOLLOWER at term 41 for recognizeCandidate:6f2be65d-ce7d-4814-9a9f-e49d79835c35
2019-10-22 02:33:45,263 [grpc-default-executor-7] INFO  impl.RoleInfo (RoleInfo.java:shutdownFollowerState(121)) - ddae0d8b-c866-4e5c-81a7-eef12a7bc666: shutdown FollowerState
2019-10-22 02:33:45,263 [grpc-default-executor-7] INFO  impl.RoleInfo (RoleInfo.java:updateAndGet(143)) - ddae0d8b-c866-4e5c-81a7-eef12a7bc666: start FollowerState
2019-10-22 02:33:45,264 [grpc-default-executor-2] INFO  impl.RaftServerImpl (RaftServerImpl.java:setRole(184)) - 6dc62414-4100-415b-916b-e9f0081ca22e@group-8E192697A9CF: changes role from  FOLLOWER to FOLLOWER at term 41 for recognizeCandidate:6f2be65d-ce7d-4814-9a9f-e49d79835c35
2019-10-22 02:33:45,263 [Thread-836] INFO  impl.FollowerState (FollowerState.java:run(117)) - ddae0d8b-c866-4e5c-81a7-eef12a7bc666@group-8E192697A9CF-FollowerState was interrupted: java.lang.InterruptedException: sleep interrupted
2019-10-22 02:33:45,264 [grpc-default-executor-2] INFO  impl.RoleInfo (RoleInfo.java:shutdownFollowerState(121)) - 6dc62414-4100-415b-916b-e9f0081ca22e: shutdown FollowerState
2019-10-22 02:33:45,264 [Thread-835] INFO  impl.FollowerState (FollowerState.java:run(117)) - 6dc62414-4100-415b-916b-e9f0081ca22e@group-8E192697A9CF-FollowerState was interrupted: java.lang.InterruptedException: sleep interrupted
2019-10-22 02:33:45,264 [grpc-default-executor-2] INFO  impl.RoleInfo (RoleInfo.java:updateAndGet(143)) - 6dc62414-4100-415b-916b-e9f0081ca22e: start FollowerState
2019-10-22 02:33:45,270 [6f2be65d-ce7d-4814-9a9f-e49d79835c35@group-8E192697A9CF-LeaderElection42] INFO  impl.LeaderElection (LeaderElection.java:logAndReturn(56)) - 6f2be65d-ce7d-4814-9a9f-e49d79835c35@group-8E192697A9CF-LeaderElection42: Election REJECTED; received 2 response(s) [6f2be65d-ce7d-4814-9a9f-e49d79835c35<-6dc62414-4100-415b-916b-e9f0081ca22e#0:FAIL-t41, 6f2be65d-ce7d-4814-9a9f-e49d79835c35<-ddae0d8b-c866-4e5c-81a7-eef12a7bc666#0:FAIL-t41] and 0 exception(s); 6f2be65d-ce7d-4814-9a9f-e49d79835c35@group-8E192697A9CF:t41, leader=null, voted=6f2be65d-ce7d-4814-9a9f-e49d79835c35, raftlog=6f2be65d-ce7d-4814-9a9f-e49d79835c35@group-8E192697A9CF-SegmentedRaftLog:OPENED:c3,f4,i4, conf=0: [6dc62414-4100-415b-916b-e9f0081ca22e:192.168.34.14:40542, 6f2be65d-ce7d-4814-9a9f-e49d79835c35:192.168.34.14:36170, ddae0d8b-c866-4e5c-81a7-eef12a7bc666:192.168.34.14:38819], old=null
2019-10-22 02:33:45,271 [6f2be65d-ce7d-4814-9a9f-e49d79835c35@group-8E192697A9CF-LeaderElection42] INFO  impl.RaftServerImpl (RaftServerImpl.java:setRole(184)) - 6f2be65d-ce7d-4814-9a9f-e49d79835c35@group-8E192697A9CF: changes role from CANDIDATE to FOLLOWER at term 41 for DISCOVERED_A_NEW_TERM
2019-10-22 02:33:45,271 [6f2be65d-ce7d-4814-9a9f-e49d79835c35@group-8E192697A9CF-LeaderElection42] INFO  impl.RoleInfo (RoleInfo.java:shutdownLeaderElection(134)) - 6f2be65d-ce7d-4814-9a9f-e49d79835c35: shutdown LeaderElection
2019-10-22 02:33:45,271 [6f2be65d-ce7d-4814-9a9f-e49d79835c35@group-8E192697A9CF-LeaderElection42] INFO  impl.RoleInfo (RoleInfo.java:updateAndGet(143)) - 6f2be65d-ce7d-4814-9a9f-e49d79835c35: start FollowerState
2019-10-22 02:33:45,431 [Thread-843] INFO  impl.FollowerState (FollowerState.java:run(108)) - 6f2be65d-ce7d-4814-9a9f-e49d79835c35@group-8E192697A9CF-FollowerState: change to CANDIDATE, lastRpcTime:160ms, electionTimeout:160ms
2019-10-22 02:33:45,432 [Thread-843] INFO  impl.RoleInfo (RoleInfo.java:shutdownFollowerState(121)) - 6f2be65d-ce7d-4814-9a9f-e49d79835c35: shutdown FollowerState
2019-10-22 02:33:45,432 [Thread-843] INFO  impl.RaftServerImpl (RaftServerImpl.java:setRole(184)) - 6f2be65d-ce7d-4814-9a9f-e49d79835c35@group-8E192697A9CF: changes role from  FOLLOWER to CANDIDATE at term 41 for changeToCandidate
2019-10-22 02:33:45,432 [Thread-843] INFO  impl.RoleInfo (RoleInfo.java:updateAndGet(143)) - 6f2be65d-ce7d-4814-9a9f-e49d79835c35: start LeaderElection
2019-10-22 02:33:45,453 [6f2be65d-ce7d-4814-9a9f-e49d79835c35@group-8E192697A9CF-LeaderElection43] INFO  impl.LeaderElection (LeaderElection.java:askForVotes(178)) - 6f2be65d-ce7d-4814-9a9f-e49d79835c35@group-8E192697A9CF-LeaderElection43: begin an election at term 42 for 0: [6dc62414-4100-415b-916b-e9f0081ca22e:192.168.34.14:40542, 6f2be65d-ce7d-4814-9a9f-e49d79835c35:192.168.34.14:36170, ddae0d8b-c866-4e5c-81a7-eef12a7bc666:192.168.34.14:38819], old=null
2019-10-22 02:33:45,457 [grpc-default-executor-2] INFO  impl.RaftServerImpl (RaftServerImpl.java:setRole(184)) - ddae0d8b-c866-4e5c-81a7-eef12a7bc666@group-8E192697A9CF: changes role from  FOLLOWER to FOLLOWER at term 42 for recognizeCandidate:6f2be65d-ce7d-4814-9a9f-e49d79835c35
2019-10-22 02:33:45,457 [grpc-default-executor-7] INFO  impl.RaftServerImpl (RaftServerImpl.java:setRole(184)) - 6dc62414-4100-415b-916b-e9f0081ca22e@group-8E192697A9CF: changes role from  FOLLOWER to FOLLOWER at term 42 for recognizeCandidate:6f2be65d-ce7d-4814-9a9f-e49d79835c35
2019-10-22 02:33:45,458 [grpc-default-executor-2] INFO  impl.RoleInfo (RoleInfo.java:shutdownFollowerState(121)) - ddae0d8b-c866-4e5c-81a7-eef12a7bc666: shutdown FollowerState
2019-10-22 02:33:45,458 [grpc-default-executor-7] INFO  impl.RoleInfo (RoleInfo.java:shutdownFollowerState(121)) - 6dc62414-4100-415b-916b-e9f0081ca22e: shutdown FollowerState
2019-10-22 02:33:45,458 [grpc-default-executor-2] INFO  impl.RoleInfo (RoleInfo.java:updateAndGet(143)) - ddae0d8b-c866-4e5c-81a7-eef12a7bc666: start FollowerState
2019-10-22 02:33:45,458 [Thread-841] INFO  impl.FollowerState (FollowerState.java:run(117)) - ddae0d8b-c866-4e5c-81a7-eef12a7bc666@group-8E192697A9CF-FollowerState was interrupted: java.lang.InterruptedException: sleep interrupted
2019-10-22 02:33:45,458 [Thread-842] INFO  impl.FollowerState (FollowerState.java:run(117)) - 6dc62414-4100-415b-916b-e9f0081ca22e@group-8E192697A9CF-FollowerState was interrupted: java.lang.InterruptedException: sleep interrupted
2019-10-22 02:33:45,458 [grpc-default-executor-7] INFO  impl.RoleInfo (RoleInfo.java:updateAndGet(143)) - 6dc62414-4100-415b-916b-e9f0081ca22e: start FollowerState
2019-10-22 02:33:45,469 [6f2be65d-ce7d-4814-9a9f-e49d79835c35@group-8E192697A9CF-LeaderElection43] INFO  impl.LeaderElection (LeaderElection.java:logAndReturn(56)) - 6f2be65d-ce7d-4814-9a9f-e49d79835c35@group-8E192697A9CF-LeaderElection43: Election REJECTED; received 2 response(s) [6f2be65d-ce7d-4814-9a9f-e49d79835c35<-6dc62414-4100-415b-916b-e9f0081ca22e#0:FAIL-t42, 6f2be65d-ce7d-4814-9a9f-e49d79835c35<-ddae0d8b-c866-4e5c-81a7-eef12a7bc666#0:FAIL-t42] and 0 exception(s); 6f2be65d-ce7d-4814-9a9f-e49d79835c35@group-8E192697A9CF:t42, leader=null, voted=6f2be65d-ce7d-4814-9a9f-e49d79835c35, raftlog=6f2be65d-ce7d-4814-9a9f-e49d79835c35@group-8E192697A9CF-SegmentedRaftLog:OPENED:c3,f4,i4, conf=0: [6dc62414-4100-415b-916b-e9f0081ca22e:192.168.34.14:40542, 6f2be65d-ce7d-4814-9a9f-e49d79835c35:192.168.34.14:36170, ddae0d8b-c866-4e5c-81a7-eef12a7bc666:192.168.34.14:38819], old=null
2019-10-22 02:33:45,469 [6f2be65d-ce7d-4814-9a9f-e49d79835c35@group-8E192697A9CF-LeaderElection43] INFO  impl.RaftServerImpl (RaftServerImpl.java:setRole(184)) - 6f2be65d-ce7d-4814-9a9f-e49d79835c35@group-8E192697A9CF: changes role from CANDIDATE to FOLLOWER at term 42 for DISCOVERED_A_NEW_TERM
2019-10-22 02:33:45,470 [6f2be65d-ce7d-4814-9a9f-e49d79835c35@group-8E192697A9CF-LeaderElection43] INFO  impl.RoleInfo (RoleInfo.java:shutdownLeaderElection(134)) - 6f2be65d-ce7d-4814-9a9f-e49d79835c35: shutdown LeaderElection
2019-10-22 02:33:45,470 [6f2be65d-ce7d-4814-9a9f-e49d79835c35@group-8E192697A9CF-LeaderElection43] INFO  impl.RoleInfo (RoleInfo.java:updateAndGet(143)) - 6f2be65d-ce7d-4814-9a9f-e49d79835c35: start FollowerState
2019-10-22 02:33:45,485 [BlockDeletingService#2] WARN  background.BlockDeletingService (BlockDeletingService.java:isDeletionAllowed(187)) - Close Container log Index 6 is not replicated across allthe servers in the pipeline 82d9ec66-42fd-448b-b6da-8e192697a9cf as the min replicated index is 4. Deletion is not allowed in this container yet.
2019-10-22 02:33:45,485 [BlockDeletingService#2] WARN  background.BlockDeletingService (BlockDeletingService.java:isDeletionAllowed(187)) - Close Container log Index 6 is not replicated across allthe servers in the pipeline 82d9ec66-42fd-448b-b6da-8e192697a9cf as the min replicated index is 4. Deletion is not allowed in this container yet.
2019-10-22 02:33:45,616 [Thread-849] INFO  impl.FollowerState (FollowerState.java:run(108)) - 6f2be65d-ce7d-4814-9a9f-e49d79835c35@group-8E192697A9CF-FollowerState: change to CANDIDATE, lastRpcTime:145ms, electionTimeout:145ms
2019-10-22 02:33:45,616 [Thread-849] INFO  impl.RoleInfo (RoleInfo.java:shutdownFollowerState(121)) - 6f2be65d-ce7d-4814-9a9f-e49d79835c35: shutdown FollowerState
2019-10-22 02:33:45,616 [Thread-849] INFO  impl.RaftServerImpl (RaftServerImpl.java:setRole(184)) - 6f2be65d-ce7d-4814-9a9f-e49d79835c35@group-8E192697A9CF: changes role from  FOLLOWER to CANDIDATE at term 42 for changeToCandidate
2019-10-22 02:33:45,616 [Thread-849] INFO  impl.RoleInfo (RoleInfo.java:updateAndGet(143)) - 6f2be65d-ce7d-4814-9a9f-e49d79835c35: start LeaderElection
2019-10-22 02:33:45,624 [6f2be65d-ce7d-4814-9a9f-e49d79835c35@group-8E192697A9CF-LeaderElection44] INFO  impl.LeaderElection (LeaderElection.java:askForVotes(178)) - 6f2be65d-ce7d-4814-9a9f-e49d79835c35@group-8E192697A9CF-LeaderElection44: begin an election at term 43 for 0: [6dc62414-4100-415b-916b-e9f0081ca22e:192.168.34.14:40542, 6f2be65d-ce7d-4814-9a9f-e49d79835c35:192.168.34.14:36170, ddae0d8b-c866-4e5c-81a7-eef12a7bc666:192.168.34.14:38819], old=null
2019-10-22 02:33:45,628 [grpc-default-executor-2] INFO  impl.RaftServerImpl (RaftServerImpl.java:setRole(184)) - 6dc62414-4100-415b-916b-e9f0081ca22e@group-8E192697A9CF: changes role from  FOLLOWER to FOLLOWER at term 43 for recognizeCandidate:6f2be65d-ce7d-4814-9a9f-e49d79835c35
2019-10-22 02:33:45,628 [grpc-default-executor-7] INFO  impl.RaftServerImpl (RaftServerImpl.java:setRole(184)) - ddae0d8b-c866-4e5c-81a7-eef12a7bc666@group-8E192697A9CF: changes role from  FOLLOWER to FOLLOWER at term 43 for recognizeCandidate:6f2be65d-ce7d-4814-9a9f-e49d79835c35
2019-10-22 02:33:45,628 [grpc-default-executor-2] INFO  impl.RoleInfo (RoleInfo.java:shutdownFollowerState(121)) - 6dc62414-4100-415b-916b-e9f0081ca22e: shutdown FollowerState
2019-10-22 02:33:45,628 [grpc-default-executor-7] INFO  impl.RoleInfo (RoleInfo.java:shutdownFollowerState(121)) - ddae0d8b-c866-4e5c-81a7-eef12a7bc666: shutdown FollowerState
2019-10-22 02:33:45,628 [grpc-default-executor-2] INFO  impl.RoleInfo (RoleInfo.java:updateAndGet(143)) - 6dc62414-4100-415b-916b-e9f0081ca22e: start FollowerState
2019-10-22 02:33:45,628 [Thread-848] INFO  impl.FollowerState (FollowerState.java:run(117)) - 6dc62414-4100-415b-916b-e9f0081ca22e@group-8E192697A9CF-FollowerState was interrupted: java.lang.InterruptedException: sleep interrupted
2019-10-22 02:33:45,629 [Thread-847] INFO  impl.FollowerState (FollowerState.java:run(117)) - ddae0d8b-c866-4e5c-81a7-eef12a7bc666@group-8E192697A9CF-FollowerState was interrupted: java.lang.InterruptedException: sleep interrupted
2019-10-22 02:33:45,629 [grpc-default-executor-7] INFO  impl.RoleInfo (RoleInfo.java:updateAndGet(143)) - ddae0d8b-c866-4e5c-81a7-eef12a7bc666: start FollowerState
2019-10-22 02:33:45,647 [6f2be65d-ce7d-4814-9a9f-e49d79835c35@group-8E192697A9CF-LeaderElection44] INFO  impl.LeaderElection (LeaderElection.java:logAndReturn(56)) - 6f2be65d-ce7d-4814-9a9f-e49d79835c35@group-8E192697A9CF-LeaderElection44: Election REJECTED; received 2 response(s) [6f2be65d-ce7d-4814-9a9f-e49d79835c35<-6dc62414-4100-415b-916b-e9f0081ca22e#0:FAIL-t43, 6f2be65d-ce7d-4814-9a9f-e49d79835c35<-ddae0d8b-c866-4e5c-81a7-eef12a7bc666#0:FAIL-t43] and 0 exception(s); 6f2be65d-ce7d-4814-9a9f-e49d79835c35@group-8E192697A9CF:t43, leader=null, voted=6f2be65d-ce7d-4814-9a9f-e49d79835c35, raftlog=6f2be65d-ce7d-4814-9a9f-e49d79835c35@group-8E192697A9CF-SegmentedRaftLog:OPENED:c3,f4,i4, conf=0: [6dc62414-4100-415b-916b-e9f0081ca22e:192.168.34.14:40542, 6f2be65d-ce7d-4814-9a9f-e49d79835c35:192.168.34.14:36170, ddae0d8b-c866-4e5c-81a7-eef12a7bc666:192.168.34.14:38819], old=null
2019-10-22 02:33:45,648 [6f2be65d-ce7d-4814-9a9f-e49d79835c35@group-8E192697A9CF-LeaderElection44] INFO  impl.RaftServerImpl (RaftServerImpl.java:setRole(184)) - 6f2be65d-ce7d-4814-9a9f-e49d79835c35@group-8E192697A9CF: changes role from CANDIDATE to FOLLOWER at term 43 for DISCOVERED_A_NEW_TERM
2019-10-22 02:33:45,648 [6f2be65d-ce7d-4814-9a9f-e49d79835c35@group-8E192697A9CF-LeaderElection44] INFO  impl.RoleInfo (RoleInfo.java:shutdownLeaderElection(134)) - 6f2be65d-ce7d-4814-9a9f-e49d79835c35: shutdown LeaderElection
2019-10-22 02:33:45,648 [6f2be65d-ce7d-4814-9a9f-e49d79835c35@group-8E192697A9CF-LeaderElection44] INFO  impl.RoleInfo (RoleInfo.java:updateAndGet(143)) - 6f2be65d-ce7d-4814-9a9f-e49d79835c35: start FollowerState
2019-10-22 02:33:45,779 [Thread-857] INFO  impl.FollowerState (FollowerState.java:run(108)) - 6f2be65d-ce7d-4814-9a9f-e49d79835c35@group-8E192697A9CF-FollowerState: change to CANDIDATE, lastRpcTime:130ms, electionTimeout:130ms
2019-10-22 02:33:45,780 [Thread-857] INFO  impl.RoleInfo (RoleInfo.java:shutdownFollowerState(121)) - 6f2be65d-ce7d-4814-9a9f-e49d79835c35: shutdown FollowerState
2019-10-22 02:33:45,781 [Thread-857] INFO  impl.RaftServerImpl (RaftServerImpl.java:setRole(184)) - 6f2be65d-ce7d-4814-9a9f-e49d79835c35@group-8E192697A9CF: changes role from  FOLLOWER to CANDIDATE at term 43 for changeToCandidate
2019-10-22 02:33:45,781 [Thread-857] INFO  impl.RoleInfo (RoleInfo.java:updateAndGet(143)) - 6f2be65d-ce7d-4814-9a9f-e49d79835c35: start LeaderElection
2019-10-22 02:33:45,793 [6f2be65d-ce7d-4814-9a9f-e49d79835c35@group-8E192697A9CF-LeaderElection45] INFO  impl.LeaderElection (LeaderElection.java:askForVotes(178)) - 6f2be65d-ce7d-4814-9a9f-e49d79835c35@group-8E192697A9CF-LeaderElection45: begin an election at term 44 for 0: [6dc62414-4100-415b-916b-e9f0081ca22e:192.168.34.14:40542, 6f2be65d-ce7d-4814-9a9f-e49d79835c35:192.168.34.14:36170, ddae0d8b-c866-4e5c-81a7-eef12a7bc666:192.168.34.14:38819], old=null
2019-10-22 02:33:45,806 [grpc-default-executor-2] INFO  impl.RaftServerImpl (RaftServerImpl.java:setRole(184)) - 6dc62414-4100-415b-916b-e9f0081ca22e@group-8E192697A9CF: changes role from  FOLLOWER to FOLLOWER at term 44 for recognizeCandidate:6f2be65d-ce7d-4814-9a9f-e49d79835c35
2019-10-22 02:33:45,806 [grpc-default-executor-7] INFO  impl.RaftServerImpl (RaftServerImpl.java:setRole(184)) - ddae0d8b-c866-4e5c-81a7-eef12a7bc666@group-8E192697A9CF: changes role from  FOLLOWER to FOLLOWER at term 44 for recognizeCandidate:6f2be65d-ce7d-4814-9a9f-e49d79835c35
2019-10-22 02:33:45,806 [grpc-default-executor-2] INFO  impl.RoleInfo (RoleInfo.java:shutdownFollowerState(121)) - 6dc62414-4100-415b-916b-e9f0081ca22e: shutdown FollowerState
2019-10-22 02:33:45,807 [grpc-default-executor-7] INFO  impl.RoleInfo (RoleInfo.java:shutdownFollowerState(121)) - ddae0d8b-c866-4e5c-81a7-eef12a7bc666: shutdown FollowerState
2019-10-22 02:33:45,807 [grpc-default-executor-2] INFO  impl.RoleInfo (RoleInfo.java:updateAndGet(143)) - 6dc62414-4100-415b-916b-e9f0081ca22e: start FollowerState
2019-10-22 02:33:45,807 [Thread-856] INFO  impl.FollowerState (FollowerState.java:run(117)) - ddae0d8b-c866-4e5c-81a7-eef12a7bc666@group-8E192697A9CF-FollowerState was interrupted: java.lang.InterruptedException: sleep interrupted
2019-10-22 02:33:45,807 [grpc-default-executor-7] INFO  impl.RoleInfo (RoleInfo.java:updateAndGet(143)) - ddae0d8b-c866-4e5c-81a7-eef12a7bc666: start FollowerState
2019-10-22 02:33:45,807 [Thread-855] INFO  impl.FollowerState (FollowerState.java:run(117)) - 6dc62414-4100-415b-916b-e9f0081ca22e@group-8E192697A9CF-FollowerState was interrupted: java.lang.InterruptedException: sleep interrupted
2019-10-22 02:33:45,816 [6f2be65d-ce7d-4814-9a9f-e49d79835c35@group-8E192697A9CF-LeaderElection45] INFO  impl.LeaderElection (LeaderElection.java:logAndReturn(56)) - 6f2be65d-ce7d-4814-9a9f-e49d79835c35@group-8E192697A9CF-LeaderElection45: Election REJECTED; received 2 response(s) [6f2be65d-ce7d-4814-9a9f-e49d79835c35<-6dc62414-4100-415b-916b-e9f0081ca22e#0:FAIL-t44, 6f2be65d-ce7d-4814-9a9f-e49d79835c35<-ddae0d8b-c866-4e5c-81a7-eef12a7bc666#0:FAIL-t44] and 0 exception(s); 6f2be65d-ce7d-4814-9a9f-e49d79835c35@group-8E192697A9CF:t44, leader=null, voted=6f2be65d-ce7d-4814-9a9f-e49d79835c35, raftlog=6f2be65d-ce7d-4814-9a9f-e49d79835c35@group-8E192697A9CF-SegmentedRaftLog:OPENED:c3,f4,i4, conf=0: [6dc62414-4100-415b-916b-e9f0081ca22e:192.168.34.14:40542, 6f2be65d-ce7d-4814-9a9f-e49d79835c35:192.168.34.14:36170, ddae0d8b-c866-4e5c-81a7-eef12a7bc666:192.168.34.14:38819], old=null
2019-10-22 02:33:45,817 [6f2be65d-ce7d-4814-9a9f-e49d79835c35@group-8E192697A9CF-LeaderElection45] INFO  impl.RaftServerImpl (RaftServerImpl.java:setRole(184)) - 6f2be65d-ce7d-4814-9a9f-e49d79835c35@group-8E192697A9CF: changes role from CANDIDATE to FOLLOWER at term 44 for DISCOVERED_A_NEW_TERM
2019-10-22 02:33:45,817 [6f2be65d-ce7d-4814-9a9f-e49d79835c35@group-8E192697A9CF-LeaderElection45] INFO  impl.RoleInfo (RoleInfo.java:shutdownLeaderElection(134)) - 6f2be65d-ce7d-4814-9a9f-e49d79835c35: shutdown LeaderElection
2019-10-22 02:33:45,817 [6f2be65d-ce7d-4814-9a9f-e49d79835c35@group-8E192697A9CF-LeaderElection45] INFO  impl.RoleInfo (RoleInfo.java:updateAndGet(143)) - 6f2be65d-ce7d-4814-9a9f-e49d79835c35: start FollowerState
2019-10-22 02:33:45,865 [Thread-864] INFO  impl.FollowerState (FollowerState.java:run(108)) - 6f2be65d-ce7d-4814-9a9f-e49d79835c35@group-8E192697A9CF-FollowerState: change to CANDIDATE, lastRpcTime:48ms, electionTimeout:48ms
2019-10-22 02:33:45,865 [Thread-864] INFO  impl.RoleInfo (RoleInfo.java:shutdownFollowerState(121)) - 6f2be65d-ce7d-4814-9a9f-e49d79835c35: shutdown FollowerState
2019-10-22 02:33:45,866 [Thread-864] INFO  impl.RaftServerImpl (RaftServerImpl.java:setRole(184)) - 6f2be65d-ce7d-4814-9a9f-e49d79835c35@group-8E192697A9CF: changes role from  FOLLOWER to CANDIDATE at term 44 for changeToCandidate
2019-10-22 02:33:45,866 [Thread-864] INFO  impl.RoleInfo (RoleInfo.java:updateAndGet(143)) - 6f2be65d-ce7d-4814-9a9f-e49d79835c35: start LeaderElection
2019-10-22 02:33:45,874 [6f2be65d-ce7d-4814-9a9f-e49d79835c35@group-8E192697A9CF-LeaderElection46] INFO  impl.LeaderElection (LeaderElection.java:askForVotes(178)) - 6f2be65d-ce7d-4814-9a9f-e49d79835c35@group-8E192697A9CF-LeaderElection46: begin an election at term 45 for 0: [6dc62414-4100-415b-916b-e9f0081ca22e:192.168.34.14:40542, 6f2be65d-ce7d-4814-9a9f-e49d79835c35:192.168.34.14:36170, ddae0d8b-c866-4e5c-81a7-eef12a7bc666:192.168.34.14:38819], old=null
2019-10-22 02:33:45,878 [grpc-default-executor-7] INFO  impl.RaftServerImpl (RaftServerImpl.java:setRole(184)) - ddae0d8b-c866-4e5c-81a7-eef12a7bc666@group-8E192697A9CF: changes role from  FOLLOWER to FOLLOWER at term 45 for recognizeCandidate:6f2be65d-ce7d-4814-9a9f-e49d79835c35
2019-10-22 02:33:45,878 [grpc-default-executor-2] INFO  impl.RaftServerImpl (RaftServerImpl.java:setRole(184)) - 6dc62414-4100-415b-916b-e9f0081ca22e@group-8E192697A9CF: changes role from  FOLLOWER to FOLLOWER at term 45 for recognizeCandidate:6f2be65d-ce7d-4814-9a9f-e49d79835c35
2019-10-22 02:33:45,878 [grpc-default-executor-7] INFO  impl.RoleInfo (RoleInfo.java:shutdownFollowerState(121)) - ddae0d8b-c866-4e5c-81a7-eef12a7bc666: shutdown FollowerState
2019-10-22 02:33:45,878 [grpc-default-executor-2] INFO  impl.RoleInfo (RoleInfo.java:shutdownFollowerState(121)) - 6dc62414-4100-415b-916b-e9f0081ca22e: shutdown FollowerState
2019-10-22 02:33:45,878 [Thread-863] INFO  impl.FollowerState (FollowerState.java:run(117)) - ddae0d8b-c866-4e5c-81a7-eef12a7bc666@group-8E192697A9CF-FollowerState was interrupted: java.lang.InterruptedException: sleep interrupted
2019-10-22 02:33:45,878 [grpc-default-executor-7] INFO  impl.RoleInfo (RoleInfo.java:updateAndGet(143)) - ddae0d8b-c866-4e5c-81a7-eef12a7bc666: start FollowerState
2019-10-22 02:33:45,878 [Thread-862] INFO  impl.FollowerState (FollowerState.java:run(117)) - 6dc62414-4100-415b-916b-e9f0081ca22e@group-8E192697A9CF-FollowerState was interrupted: java.lang.InterruptedException: sleep interrupted
2019-10-22 02:33:45,878 [grpc-default-executor-2] INFO  impl.RoleInfo (RoleInfo.java:updateAndGet(143)) - 6dc62414-4100-415b-916b-e9f0081ca22e: start FollowerState
2019-10-22 02:33:45,887 [6f2be65d-ce7d-4814-9a9f-e49d79835c35@group-8E192697A9CF-LeaderElection46] INFO  impl.LeaderElection (LeaderElection.java:logAndReturn(56)) - 6f2be65d-ce7d-4814-9a9f-e49d79835c35@group-8E192697A9CF-LeaderElection46: Election REJECTED; received 2 response(s) [6f2be65d-ce7d-4814-9a9f-e49d79835c35<-6dc62414-4100-415b-916b-e9f0081ca22e#0:FAIL-t45, 6f2be65d-ce7d-4814-9a9f-e49d79835c35<-ddae0d8b-c866-4e5c-81a7-eef12a7bc666#0:FAIL-t45] and 0 exception(s); 6f2be65d-ce7d-4814-9a9f-e49d79835c35@group-8E192697A9CF:t45, leader=null, voted=6f2be65d-ce7d-4814-9a9f-e49d79835c35, raftlog=6f2be65d-ce7d-4814-9a9f-e49d79835c35@group-8E192697A9CF-SegmentedRaftLog:OPENED:c3,f4,i4, conf=0: [6dc62414-4100-415b-916b-e9f0081ca22e:192.168.34.14:40542, 6f2be65d-ce7d-4814-9a9f-e49d79835c35:192.168.34.14:36170, ddae0d8b-c866-4e5c-81a7-eef12a7bc666:192.168.34.14:38819], old=null
2019-10-22 02:33:45,887 [6f2be65d-ce7d-4814-9a9f-e49d79835c35@group-8E192697A9CF-LeaderElection46] INFO  impl.RaftServerImpl (RaftServerImpl.java:setRole(184)) - 6f2be65d-ce7d-4814-9a9f-e49d79835c35@group-8E192697A9CF: changes role from CANDIDATE to FOLLOWER at term 45 for DISCOVERED_A_NEW_TERM
2019-10-22 02:33:45,887 [6f2be65d-ce7d-4814-9a9f-e49d79835c35@group-8E192697A9CF-LeaderElection46] INFO  impl.RoleInfo (RoleInfo.java:shutdownLeaderElection(134)) - 6f2be65d-ce7d-4814-9a9f-e49d79835c35: shutdown LeaderElection
2019-10-22 02:33:45,887 [6f2be65d-ce7d-4814-9a9f-e49d79835c35@group-8E192697A9CF-LeaderElection46] INFO  impl.RoleInfo (RoleInfo.java:updateAndGet(143)) - 6f2be65d-ce7d-4814-9a9f-e49d79835c35: start FollowerState
2019-10-22 02:33:46,005 [Thread-872] INFO  client.GrpcClientProtocolService (GrpcClientProtocolService.java:lambda$processClientRequest$0(278)) - Failed RaftClientRequest:client-C9AE8EA1E005->6dc62414-4100-415b-916b-e9f0081ca22e@group-8E192697A9CF, cid=10, seq=0, Watch-ALL_COMMITTED(6), Message:<EMPTY>, reply=RaftClientReply:client-C9AE8EA1E005->6dc62414-4100-415b-916b-e9f0081ca22e@group-8E192697A9CF, cid=10, FAILED org.apache.ratis.protocol.NotLeaderException: Server 6dc62414-4100-415b-916b-e9f0081ca22e@group-8E192697A9CF is not the leader, logIndex=0, commits[6dc62414-4100-415b-916b-e9f0081ca22e:c10, 6f2be65d-ce7d-4814-9a9f-e49d79835c35:c4, ddae0d8b-c866-4e5c-81a7-eef12a7bc666:c10]
2019-10-22 02:33:46,082 [Thread-870] INFO  impl.FollowerState (FollowerState.java:run(108)) - 6f2be65d-ce7d-4814-9a9f-e49d79835c35@group-8E192697A9CF-FollowerState: change to CANDIDATE, lastRpcTime:194ms, electionTimeout:194ms
2019-10-22 02:33:46,082 [Thread-870] INFO  impl.RoleInfo (RoleInfo.java:shutdownFollowerState(121)) - 6f2be65d-ce7d-4814-9a9f-e49d79835c35: shutdown FollowerState
2019-10-22 02:33:46,082 [Thread-870] INFO  impl.RaftServerImpl (RaftServerImpl.java:setRole(184)) - 6f2be65d-ce7d-4814-9a9f-e49d79835c35@group-8E192697A9CF: changes role from  FOLLOWER to CANDIDATE at term 45 for changeToCandidate
2019-10-22 02:33:46,082 [Thread-870] INFO  impl.RoleInfo (RoleInfo.java:updateAndGet(143)) - 6f2be65d-ce7d-4814-9a9f-e49d79835c35: start LeaderElection
2019-10-22 02:33:46,090 [6f2be65d-ce7d-4814-9a9f-e49d79835c35@group-8E192697A9CF-LeaderElection47] INFO  impl.LeaderElection (LeaderElection.java:askForVotes(178)) - 6f2be65d-ce7d-4814-9a9f-e49d79835c35@group-8E192697A9CF-LeaderElection47: begin an election at term 46 for 0: [6dc62414-4100-415b-916b-e9f0081ca22e:192.168.34.14:40542, 6f2be65d-ce7d-4814-9a9f-e49d79835c35:192.168.34.14:36170, ddae0d8b-c866-4e5c-81a7-eef12a7bc666:192.168.34.14:38819], old=null
2019-10-22 02:33:46,093 [grpc-default-executor-7] INFO  impl.RaftServerImpl (RaftServerImpl.java:setRole(184)) - 6dc62414-4100-415b-916b-e9f0081ca22e@group-8E192697A9CF: changes role from  FOLLOWER to FOLLOWER at term 46 for recognizeCandidate:6f2be65d-ce7d-4814-9a9f-e49d79835c35
2019-10-22 02:33:46,093 [grpc-default-executor-2] INFO  impl.RaftServerImpl (RaftServerImpl.java:setRole(184)) - ddae0d8b-c866-4e5c-81a7-eef12a7bc666@group-8E192697A9CF: changes role from  FOLLOWER to FOLLOWER at term 46 for recognizeCandidate:6f2be65d-ce7d-4814-9a9f-e49d79835c35
2019-10-22 02:33:46,094 [grpc-default-executor-7] INFO  impl.RoleInfo (RoleInfo.java:shutdownFollowerState(121)) - 6dc62414-4100-415b-916b-e9f0081ca22e: shutdown FollowerState
2019-10-22 02:33:46,094 [grpc-default-executor-2] INFO  impl.RoleInfo (RoleInfo.java:shutdownFollowerState(121)) - ddae0d8b-c866-4e5c-81a7-eef12a7bc666: shutdown FollowerState
2019-10-22 02:33:46,094 [Thread-869] INFO  impl.FollowerState (FollowerState.java:run(117)) - 6dc62414-4100-415b-916b-e9f0081ca22e@group-8E192697A9CF-FollowerState was interrupted: java.lang.InterruptedException: sleep interrupted
2019-10-22 02:33:46,094 [Thread-868] INFO  impl.FollowerState (FollowerState.java:run(117)) - ddae0d8b-c866-4e5c-81a7-eef12a7bc666@group-8E192697A9CF-FollowerState was interrupted: java.lang.InterruptedException: sleep interrupted
2019-10-22 02:33:46,094 [grpc-default-executor-7] INFO  impl.RoleInfo (RoleInfo.java:updateAndGet(143)) - 6dc62414-4100-415b-916b-e9f0081ca22e: start FollowerState
2019-10-22 02:33:46,094 [grpc-default-executor-2] INFO  impl.RoleInfo (RoleInfo.java:updateAndGet(143)) - ddae0d8b-c866-4e5c-81a7-eef12a7bc666: start FollowerState
2019-10-22 02:33:46,134 [6f2be65d-ce7d-4814-9a9f-e49d79835c35@group-8E192697A9CF-LeaderElection47] INFO  impl.LeaderElection (LeaderElection.java:logAndReturn(56)) - 6f2be65d-ce7d-4814-9a9f-e49d79835c35@group-8E192697A9CF-LeaderElection47: Election TIMEOUT; received 0 response(s) [] and 0 exception(s); 6f2be65d-ce7d-4814-9a9f-e49d79835c35@group-8E192697A9CF:t46, leader=null, voted=6f2be65d-ce7d-4814-9a9f-e49d79835c35, raftlog=6f2be65d-ce7d-4814-9a9f-e49d79835c35@group-8E192697A9CF-SegmentedRaftLog:OPENED:c3,f4,i4, conf=0: [6dc62414-4100-415b-916b-e9f0081ca22e:192.168.34.14:40542, 6f2be65d-ce7d-4814-9a9f-e49d79835c35:192.168.34.14:36170, ddae0d8b-c866-4e5c-81a7-eef12a7bc666:192.168.34.14:38819], old=null
2019-10-22 02:33:46,177 [6f2be65d-ce7d-4814-9a9f-e49d79835c35@group-8E192697A9CF-LeaderElection47] INFO  impl.LeaderElection (LeaderElection.java:askForVotes(178)) - 6f2be65d-ce7d-4814-9a9f-e49d79835c35@group-8E192697A9CF-LeaderElection47: begin an election at term 47 for 0: [6dc62414-4100-415b-916b-e9f0081ca22e:192.168.34.14:40542, 6f2be65d-ce7d-4814-9a9f-e49d79835c35:192.168.34.14:36170, ddae0d8b-c866-4e5c-81a7-eef12a7bc666:192.168.34.14:38819], old=null
2019-10-22 02:33:46,179 [grpc-default-executor-2] INFO  impl.RaftServerImpl (RaftServerImpl.java:setRole(184)) - 6dc62414-4100-415b-916b-e9f0081ca22e@group-8E192697A9CF: changes role from  FOLLOWER to FOLLOWER at term 47 for recognizeCandidate:6f2be65d-ce7d-4814-9a9f-e49d79835c35
2019-10-22 02:33:46,179 [grpc-default-executor-7] INFO  impl.RaftServerImpl (RaftServerImpl.java:setRole(184)) - ddae0d8b-c866-4e5c-81a7-eef12a7bc666@group-8E192697A9CF: changes role from  FOLLOWER to FOLLOWER at term 47 for recognizeCandidate:6f2be65d-ce7d-4814-9a9f-e49d79835c35
2019-10-22 02:33:46,179 [grpc-default-executor-2] INFO  impl.RoleInfo (RoleInfo.java:shutdownFollowerState(121)) - 6dc62414-4100-415b-916b-e9f0081ca22e: shutdown FollowerState
2019-10-22 02:33:46,180 [grpc-default-executor-7] INFO  impl.RoleInfo (RoleInfo.java:shutdownFollowerState(121)) - ddae0d8b-c866-4e5c-81a7-eef12a7bc666: shutdown FollowerState
2019-10-22 02:33:46,180 [Thread-877] INFO  impl.FollowerState (FollowerState.java:run(117)) - 6dc62414-4100-415b-916b-e9f0081ca22e@group-8E192697A9CF-FollowerState was interrupted: java.lang.InterruptedException: sleep interrupted
2019-10-22 02:33:46,180 [grpc-default-executor-2] INFO  impl.RoleInfo (RoleInfo.java:updateAndGet(143)) - 6dc62414-4100-415b-916b-e9f0081ca22e: start FollowerState
2019-10-22 02:33:46,180 [Thread-878] INFO  impl.FollowerState (FollowerState.java:run(117)) - ddae0d8b-c866-4e5c-81a7-eef12a7bc666@group-8E192697A9CF-FollowerState was interrupted: java.lang.InterruptedException: sleep interrupted
2019-10-22 02:33:46,180 [grpc-default-executor-7] INFO  impl.RoleInfo (RoleInfo.java:updateAndGet(143)) - ddae0d8b-c866-4e5c-81a7-eef12a7bc666: start FollowerState
2019-10-22 02:33:46,190 [6f2be65d-ce7d-4814-9a9f-e49d79835c35@group-8E192697A9CF-LeaderElection47] INFO  impl.LeaderElection (LeaderElection.java:logAndReturn(56)) - 6f2be65d-ce7d-4814-9a9f-e49d79835c35@group-8E192697A9CF-LeaderElection47: Election REJECTED; received 2 response(s) [6f2be65d-ce7d-4814-9a9f-e49d79835c35<-6dc62414-4100-415b-916b-e9f0081ca22e#0:FAIL-t47, 6f2be65d-ce7d-4814-9a9f-e49d79835c35<-ddae0d8b-c866-4e5c-81a7-eef12a7bc666#0:FAIL-t47] and 0 exception(s); 6f2be65d-ce7d-4814-9a9f-e49d79835c35@group-8E192697A9CF:t47, leader=null, voted=6f2be65d-ce7d-4814-9a9f-e49d79835c35, raftlog=6f2be65d-ce7d-4814-9a9f-e49d79835c35@group-8E192697A9CF-SegmentedRaftLog:OPENED:c3,f4,i4, conf=0: [6dc62414-4100-415b-916b-e9f0081ca22e:192.168.34.14:40542, 6f2be65d-ce7d-4814-9a9f-e49d79835c35:192.168.34.14:36170, ddae0d8b-c866-4e5c-81a7-eef12a7bc666:192.168.34.14:38819], old=null
2019-10-22 02:33:46,190 [6f2be65d-ce7d-4814-9a9f-e49d79835c35@group-8E192697A9CF-LeaderElection47] INFO  impl.RaftServerImpl (RaftServerImpl.java:setRole(184)) - 6f2be65d-ce7d-4814-9a9f-e49d79835c35@group-8E192697A9CF: changes role from CANDIDATE to FOLLOWER at term 47 for DISCOVERED_A_NEW_TERM
2019-10-22 02:33:46,190 [6f2be65d-ce7d-4814-9a9f-e49d79835c35@group-8E192697A9CF-LeaderElection47] INFO  impl.RoleInfo (RoleInfo.java:shutdownLeaderElection(134)) - 6f2be65d-ce7d-4814-9a9f-e49d79835c35: shutdown LeaderElection
2019-10-22 02:33:46,190 [6f2be65d-ce7d-4814-9a9f-e49d79835c35@group-8E192697A9CF-LeaderElection47] INFO  impl.RoleInfo (RoleInfo.java:updateAndGet(143)) - 6f2be65d-ce7d-4814-9a9f-e49d79835c35: start FollowerState
2019-10-22 02:33:46,237 [Thread-883] INFO  impl.FollowerState (FollowerState.java:run(108)) - 6f2be65d-ce7d-4814-9a9f-e49d79835c35@group-8E192697A9CF-FollowerState: change to CANDIDATE, lastRpcTime:46ms, electionTimeout:46ms
2019-10-22 02:33:46,237 [Thread-883] INFO  impl.RoleInfo (RoleInfo.java:shutdownFollowerState(121)) - 6f2be65d-ce7d-4814-9a9f-e49d79835c35: shutdown FollowerState
2019-10-22 02:33:46,237 [Thread-883] INFO  impl.RaftServerImpl (RaftServerImpl.java:setRole(184)) - 6f2be65d-ce7d-4814-9a9f-e49d79835c35@group-8E192697A9CF: changes role from  FOLLOWER to CANDIDATE at term 47 for changeToCandidate
2019-10-22 02:33:46,237 [Thread-883] INFO  impl.RoleInfo (RoleInfo.java:updateAndGet(143)) - 6f2be65d-ce7d-4814-9a9f-e49d79835c35: start LeaderElection
2019-10-22 02:33:46,278 [6f2be65d-ce7d-4814-9a9f-e49d79835c35@group-8E192697A9CF-LeaderElection48] INFO  impl.LeaderElection (LeaderElection.java:askForVotes(178)) - 6f2be65d-ce7d-4814-9a9f-e49d79835c35@group-8E192697A9CF-LeaderElection48: begin an election at term 48 for 0: [6dc62414-4100-415b-916b-e9f0081ca22e:192.168.34.14:40542, 6f2be65d-ce7d-4814-9a9f-e49d79835c35:192.168.34.14:36170, ddae0d8b-c866-4e5c-81a7-eef12a7bc666:192.168.34.14:38819], old=null
2019-10-22 02:33:46,281 [grpc-default-executor-2] INFO  impl.RaftServerImpl (RaftServerImpl.java:setRole(184)) - ddae0d8b-c866-4e5c-81a7-eef12a7bc666@group-8E192697A9CF: changes role from  FOLLOWER to FOLLOWER at term 48 for recognizeCandidate:6f2be65d-ce7d-4814-9a9f-e49d79835c35
2019-10-22 02:33:46,281 [grpc-default-executor-7] INFO  impl.RaftServerImpl (RaftServerImpl.java:setRole(184)) - 6dc62414-4100-415b-916b-e9f0081ca22e@group-8E192697A9CF: changes role from  FOLLOWER to FOLLOWER at term 48 for recognizeCandidate:6f2be65d-ce7d-4814-9a9f-e49d79835c35
2019-10-22 02:33:46,282 [grpc-default-executor-2] INFO  impl.RoleInfo (RoleInfo.java:shutdownFollowerState(121)) - ddae0d8b-c866-4e5c-81a7-eef12a7bc666: shutdown FollowerState
2019-10-22 02:33:46,282 [grpc-default-executor-7] INFO  impl.RoleInfo (RoleInfo.java:shutdownFollowerState(121)) - 6dc62414-4100-415b-916b-e9f0081ca22e: shutdown FollowerState
2019-10-22 02:33:46,282 [Thread-882] INFO  impl.FollowerState (FollowerState.java:run(117)) - ddae0d8b-c866-4e5c-81a7-eef12a7bc666@group-8E192697A9CF-FollowerState was interrupted: java.lang.InterruptedException: sleep interrupted
2019-10-22 02:33:46,282 [grpc-default-executor-2] INFO  impl.RoleInfo (RoleInfo.java:updateAndGet(143)) - ddae0d8b-c866-4e5c-81a7-eef12a7bc666: start FollowerState
2019-10-22 02:33:46,282 [Thread-881] INFO  impl.FollowerState (FollowerState.java:run(117)) - 6dc62414-4100-415b-916b-e9f0081ca22e@group-8E192697A9CF-FollowerState was interrupted: java.lang.InterruptedException: sleep interrupted
2019-10-22 02:33:46,282 [grpc-default-executor-7] INFO  impl.RoleInfo (RoleInfo.java:updateAndGet(143)) - 6dc62414-4100-415b-916b-e9f0081ca22e: start FollowerState
2019-10-22 02:33:46,292 [6f2be65d-ce7d-4814-9a9f-e49d79835c35@group-8E192697A9CF-LeaderElection48] INFO  impl.LeaderElection (LeaderElection.java:logAndReturn(56)) - 6f2be65d-ce7d-4814-9a9f-e49d79835c35@group-8E192697A9CF-LeaderElection48: Election REJECTED; received 2 response(s) [6f2be65d-ce7d-4814-9a9f-e49d79835c35<-6dc62414-4100-415b-916b-e9f0081ca22e#0:FAIL-t48, 6f2be65d-ce7d-4814-9a9f-e49d79835c35<-ddae0d8b-c866-4e5c-81a7-eef12a7bc666#0:FAIL-t48] and 0 exception(s); 6f2be65d-ce7d-4814-9a9f-e49d79835c35@group-8E192697A9CF:t48, leader=null, voted=6f2be65d-ce7d-4814-9a9f-e49d79835c35, raftlog=6f2be65d-ce7d-4814-9a9f-e49d79835c35@group-8E192697A9CF-SegmentedRaftLog:OPENED:c3,f4,i4, conf=0: [6dc62414-4100-415b-916b-e9f0081ca22e:192.168.34.14:40542, 6f2be65d-ce7d-4814-9a9f-e49d79835c35:192.168.34.14:36170, ddae0d8b-c866-4e5c-81a7-eef12a7bc666:192.168.34.14:38819], old=null
2019-10-22 02:33:46,293 [6f2be65d-ce7d-4814-9a9f-e49d79835c35@group-8E192697A9CF-LeaderElection48] INFO  impl.RaftServerImpl (RaftServerImpl.java:setRole(184)) - 6f2be65d-ce7d-4814-9a9f-e49d79835c35@group-8E192697A9CF: changes role from CANDIDATE to FOLLOWER at term 48 for DISCOVERED_A_NEW_TERM
2019-10-22 02:33:46,293 [6f2be65d-ce7d-4814-9a9f-e49d79835c35@group-8E192697A9CF-LeaderElection48] INFO  impl.RoleInfo (RoleInfo.java:shutdownLeaderElection(134)) - 6f2be65d-ce7d-4814-9a9f-e49d79835c35: shutdown LeaderElection
2019-10-22 02:33:46,293 [6f2be65d-ce7d-4814-9a9f-e49d79835c35@group-8E192697A9CF-LeaderElection48] INFO  impl.RoleInfo (RoleInfo.java:updateAndGet(143)) - 6f2be65d-ce7d-4814-9a9f-e49d79835c35: start FollowerState
2019-10-22 02:33:46,305 [Thread-889] INFO  impl.FollowerState (FollowerState.java:run(108)) - 6f2be65d-ce7d-4814-9a9f-e49d79835c35@group-8E192697A9CF-FollowerState: change to CANDIDATE, lastRpcTime:11ms, electionTimeout:11ms
2019-10-22 02:33:46,305 [Thread-889] INFO  impl.RoleInfo (RoleInfo.java:shutdownFollowerState(121)) - 6f2be65d-ce7d-4814-9a9f-e49d79835c35: shutdown FollowerState
2019-10-22 02:33:46,305 [Thread-889] INFO  impl.RaftServerImpl (RaftServerImpl.java:setRole(184)) - 6f2be65d-ce7d-4814-9a9f-e49d79835c35@group-8E192697A9CF: changes role from  FOLLOWER to CANDIDATE at term 48 for changeToCandidate
2019-10-22 02:33:46,305 [Thread-889] INFO  impl.RoleInfo (RoleInfo.java:updateAndGet(143)) - 6f2be65d-ce7d-4814-9a9f-e49d79835c35: start LeaderElection
2019-10-22 02:33:46,325 [6f2be65d-ce7d-4814-9a9f-e49d79835c35@group-8E192697A9CF-LeaderElection49] INFO  impl.LeaderElection (LeaderElection.java:askForVotes(178)) - 6f2be65d-ce7d-4814-9a9f-e49d79835c35@group-8E192697A9CF-LeaderElection49: begin an election at term 49 for 0: [6dc62414-4100-415b-916b-e9f0081ca22e:192.168.34.14:40542, 6f2be65d-ce7d-4814-9a9f-e49d79835c35:192.168.34.14:36170, ddae0d8b-c866-4e5c-81a7-eef12a7bc666:192.168.34.14:38819], old=null
2019-10-22 02:33:46,327 [grpc-default-executor-7] INFO  impl.RaftServerImpl (RaftServerImpl.java:setRole(184)) - ddae0d8b-c866-4e5c-81a7-eef12a7bc666@group-8E192697A9CF: changes role from  FOLLOWER to FOLLOWER at term 49 for recognizeCandidate:6f2be65d-ce7d-4814-9a9f-e49d79835c35
2019-10-22 02:33:46,328 [grpc-default-executor-7] INFO  impl.RoleInfo (RoleInfo.java:shutdownFollowerState(121)) - ddae0d8b-c866-4e5c-81a7-eef12a7bc666: shutdown FollowerState
2019-10-22 02:33:46,328 [grpc-default-executor-2] INFO  impl.RaftServerImpl (RaftServerImpl.java:setRole(184)) - 6dc62414-4100-415b-916b-e9f0081ca22e@group-8E192697A9CF: changes role from  FOLLOWER to FOLLOWER at term 49 for recognizeCandidate:6f2be65d-ce7d-4814-9a9f-e49d79835c35
2019-10-22 02:33:46,328 [Thread-887] INFO  impl.FollowerState (FollowerState.java:run(117)) - ddae0d8b-c866-4e5c-81a7-eef12a7bc666@group-8E192697A9CF-FollowerState was interrupted: java.lang.InterruptedException: sleep interrupted
2019-10-22 02:33:46,328 [grpc-default-executor-7] INFO  impl.RoleInfo (RoleInfo.java:updateAndGet(143)) - ddae0d8b-c866-4e5c-81a7-eef12a7bc666: start FollowerState
2019-10-22 02:33:46,328 [grpc-default-executor-2] INFO  impl.RoleInfo (RoleInfo.java:shutdownFollowerState(121)) - 6dc62414-4100-415b-916b-e9f0081ca22e: shutdown FollowerState
2019-10-22 02:33:46,328 [grpc-default-executor-2] INFO  impl.RoleInfo (RoleInfo.java:updateAndGet(143)) - 6dc62414-4100-415b-916b-e9f0081ca22e: start FollowerState
2019-10-22 02:33:46,328 [Thread-888] INFO  impl.FollowerState (FollowerState.java:run(117)) - 6dc62414-4100-415b-916b-e9f0081ca22e@group-8E192697A9CF-FollowerState was interrupted: java.lang.InterruptedException: sleep interrupted
2019-10-22 02:33:46,383 [6f2be65d-ce7d-4814-9a9f-e49d79835c35@group-8E192697A9CF-LeaderElection49] INFO  impl.LeaderElection (LeaderElection.java:logAndReturn(56)) - 6f2be65d-ce7d-4814-9a9f-e49d79835c35@group-8E192697A9CF-LeaderElection49: Election REJECTED; received 2 response(s) [6f2be65d-ce7d-4814-9a9f-e49d79835c35<-6dc62414-4100-415b-916b-e9f0081ca22e#0:FAIL-t49, 6f2be65d-ce7d-4814-9a9f-e49d79835c35<-ddae0d8b-c866-4e5c-81a7-eef12a7bc666#0:FAIL-t49] and 0 exception(s); 6f2be65d-ce7d-4814-9a9f-e49d79835c35@group-8E192697A9CF:t49, leader=null, voted=6f2be65d-ce7d-4814-9a9f-e49d79835c35, raftlog=6f2be65d-ce7d-4814-9a9f-e49d79835c35@group-8E192697A9CF-SegmentedRaftLog:OPENED:c3,f4,i4, conf=0: [6dc62414-4100-415b-916b-e9f0081ca22e:192.168.34.14:40542, 6f2be65d-ce7d-4814-9a9f-e49d79835c35:192.168.34.14:36170, ddae0d8b-c866-4e5c-81a7-eef12a7bc666:192.168.34.14:38819], old=null
2019-10-22 02:33:46,384 [6f2be65d-ce7d-4814-9a9f-e49d79835c35@group-8E192697A9CF-LeaderElection49] INFO  impl.RaftServerImpl (RaftServerImpl.java:setRole(184)) - 6f2be65d-ce7d-4814-9a9f-e49d79835c35@group-8E192697A9CF: changes role from CANDIDATE to FOLLOWER at term 49 for DISCOVERED_A_NEW_TERM
2019-10-22 02:33:46,384 [6f2be65d-ce7d-4814-9a9f-e49d79835c35@group-8E192697A9CF-LeaderElection49] INFO  impl.RoleInfo (RoleInfo.java:shutdownLeaderElection(134)) - 6f2be65d-ce7d-4814-9a9f-e49d79835c35: shutdown LeaderElection
2019-10-22 02:33:46,384 [6f2be65d-ce7d-4814-9a9f-e49d79835c35@group-8E192697A9CF-LeaderElection49] INFO  impl.RoleInfo (RoleInfo.java:updateAndGet(143)) - 6f2be65d-ce7d-4814-9a9f-e49d79835c35: start FollowerState
2019-10-22 02:33:46,486 [BlockDeletingService#2] WARN  background.BlockDeletingService (BlockDeletingService.java:isDeletionAllowed(187)) - Close Container log Index 6 is not replicated across allthe servers in the pipeline 82d9ec66-42fd-448b-b6da-8e192697a9cf as the min replicated index is 4. Deletion is not allowed in this container yet.
2019-10-22 02:33:46,486 [BlockDeletingService#2] WARN  background.BlockDeletingService (BlockDeletingService.java:isDeletionAllowed(187)) - Close Container log Index 6 is not replicated across allthe servers in the pipeline 82d9ec66-42fd-448b-b6da-8e192697a9cf as the min replicated index is 4. Deletion is not allowed in this container yet.
2019-10-22 02:33:46,522 [Thread-895] INFO  impl.FollowerState (FollowerState.java:run(108)) - 6f2be65d-ce7d-4814-9a9f-e49d79835c35@group-8E192697A9CF-FollowerState: change to CANDIDATE, lastRpcTime:137ms, electionTimeout:137ms
2019-10-22 02:33:46,522 [Thread-895] INFO  impl.RoleInfo (RoleInfo.java:shutdownFollowerState(121)) - 6f2be65d-ce7d-4814-9a9f-e49d79835c35: shutdown FollowerState
2019-10-22 02:33:46,522 [Thread-895] INFO  impl.RaftServerImpl (RaftServerImpl.java:setRole(184)) - 6f2be65d-ce7d-4814-9a9f-e49d79835c35@group-8E192697A9CF: changes role from  FOLLOWER to CANDIDATE at term 49 for changeToCandidate
2019-10-22 02:33:46,522 [Thread-895] INFO  impl.RoleInfo (RoleInfo.java:updateAndGet(143)) - 6f2be65d-ce7d-4814-9a9f-e49d79835c35: start LeaderElection
2019-10-22 02:33:46,541 [6f2be65d-ce7d-4814-9a9f-e49d79835c35@group-8E192697A9CF-LeaderElection50] INFO  impl.LeaderElection (LeaderElection.java:askForVotes(178)) - 6f2be65d-ce7d-4814-9a9f-e49d79835c35@group-8E192697A9CF-LeaderElection50: begin an election at term 50 for 0: [6dc62414-4100-415b-916b-e9f0081ca22e:192.168.34.14:40542, 6f2be65d-ce7d-4814-9a9f-e49d79835c35:192.168.34.14:36170, ddae0d8b-c866-4e5c-81a7-eef12a7bc666:192.168.34.14:38819], old=null
2019-10-22 02:33:46,544 [grpc-default-executor-2] INFO  impl.RaftServerImpl (RaftServerImpl.java:setRole(184)) - ddae0d8b-c866-4e5c-81a7-eef12a7bc666@group-8E192697A9CF: changes role from  FOLLOWER to FOLLOWER at term 50 for recognizeCandidate:6f2be65d-ce7d-4814-9a9f-e49d79835c35
2019-10-22 02:33:46,544 [grpc-default-executor-7] INFO  impl.RaftServerImpl (RaftServerImpl.java:setRole(184)) - 6dc62414-4100-415b-916b-e9f0081ca22e@group-8E192697A9CF: changes role from  FOLLOWER to FOLLOWER at term 50 for recognizeCandidate:6f2be65d-ce7d-4814-9a9f-e49d79835c35
2019-10-22 02:33:46,545 [grpc-default-executor-2] INFO  impl.RoleInfo (RoleInfo.java:shutdownFollowerState(121)) - ddae0d8b-c866-4e5c-81a7-eef12a7bc666: shutdown FollowerState
2019-10-22 02:33:46,545 [grpc-default-executor-7] INFO  impl.RoleInfo (RoleInfo.java:shutdownFollowerState(121)) - 6dc62414-4100-415b-916b-e9f0081ca22e: shutdown FollowerState
2019-10-22 02:33:46,545 [grpc-default-executor-2] INFO  impl.RoleInfo (RoleInfo.java:updateAndGet(143)) - ddae0d8b-c866-4e5c-81a7-eef12a7bc666: start FollowerState
2019-10-22 02:33:46,545 [Thread-893] INFO  impl.FollowerState (FollowerState.java:run(117)) - ddae0d8b-c866-4e5c-81a7-eef12a7bc666@group-8E192697A9CF-FollowerState was interrupted: java.lang.InterruptedException: sleep interrupted
2019-10-22 02:33:46,545 [Thread-894] INFO  impl.FollowerState (FollowerState.java:run(117)) - 6dc62414-4100-415b-916b-e9f0081ca22e@group-8E192697A9CF-FollowerState was interrupted: java.lang.InterruptedException: sleep interrupted
2019-10-22 02:33:46,545 [grpc-default-executor-7] INFO  impl.RoleInfo (RoleInfo.java:updateAndGet(143)) - 6dc62414-4100-415b-916b-e9f0081ca22e: start FollowerState
2019-10-22 02:33:46,591 [6f2be65d-ce7d-4814-9a9f-e49d79835c35@group-8E192697A9CF-LeaderElection50] INFO  impl.LeaderElection (LeaderElection.java:logAndReturn(56)) - 6f2be65d-ce7d-4814-9a9f-e49d79835c35@group-8E192697A9CF-LeaderElection50: Election REJECTED; received 2 response(s) [6f2be65d-ce7d-4814-9a9f-e49d79835c35<-6dc62414-4100-415b-916b-e9f0081ca22e#0:FAIL-t50, 6f2be65d-ce7d-4814-9a9f-e49d79835c35<-ddae0d8b-c866-4e5c-81a7-eef12a7bc666#0:FAIL-t50] and 0 exception(s); 6f2be65d-ce7d-4814-9a9f-e49d79835c35@group-8E192697A9CF:t50, leader=null, voted=6f2be65d-ce7d-4814-9a9f-e49d79835c35, raftlog=6f2be65d-ce7d-4814-9a9f-e49d79835c35@group-8E192697A9CF-SegmentedRaftLog:OPENED:c3,f4,i4, conf=0: [6dc62414-4100-415b-916b-e9f0081ca22e:192.168.34.14:40542, 6f2be65d-ce7d-4814-9a9f-e49d79835c35:192.168.34.14:36170, ddae0d8b-c866-4e5c-81a7-eef12a7bc666:192.168.34.14:38819], old=null
2019-10-22 02:33:46,592 [6f2be65d-ce7d-4814-9a9f-e49d79835c35@group-8E192697A9CF-LeaderElection50] INFO  impl.RaftServerImpl (RaftServerImpl.java:setRole(184)) - 6f2be65d-ce7d-4814-9a9f-e49d79835c35@group-8E192697A9CF: changes role from CANDIDATE to FOLLOWER at term 50 for DISCOVERED_A_NEW_TERM
2019-10-22 02:33:46,592 [6f2be65d-ce7d-4814-9a9f-e49d79835c35@group-8E192697A9CF-LeaderElection50] INFO  impl.RoleInfo (RoleInfo.java:shutdownLeaderElection(134)) - 6f2be65d-ce7d-4814-9a9f-e49d79835c35: shutdown LeaderElection
2019-10-22 02:33:46,592 [6f2be65d-ce7d-4814-9a9f-e49d79835c35@group-8E192697A9CF-LeaderElection50] INFO  impl.RoleInfo (RoleInfo.java:updateAndGet(143)) - 6f2be65d-ce7d-4814-9a9f-e49d79835c35: start FollowerState
2019-10-22 02:33:46,742 [Thread-905] INFO  impl.FollowerState (FollowerState.java:run(108)) - 6f2be65d-ce7d-4814-9a9f-e49d79835c35@group-8E192697A9CF-FollowerState: change to CANDIDATE, lastRpcTime:150ms, electionTimeout:150ms
2019-10-22 02:33:46,743 [Thread-905] INFO  impl.RoleInfo (RoleInfo.java:shutdownFollowerState(121)) - 6f2be65d-ce7d-4814-9a9f-e49d79835c35: shutdown FollowerState
2019-10-22 02:33:46,743 [Thread-905] INFO  impl.RaftServerImpl (RaftServerImpl.java:setRole(184)) - 6f2be65d-ce7d-4814-9a9f-e49d79835c35@group-8E192697A9CF: changes role from  FOLLOWER to CANDIDATE at term 50 for changeToCandidate
2019-10-22 02:33:46,743 [Thread-905] INFO  impl.RoleInfo (RoleInfo.java:updateAndGet(143)) - 6f2be65d-ce7d-4814-9a9f-e49d79835c35: start LeaderElection
2019-10-22 02:33:46,772 [6f2be65d-ce7d-4814-9a9f-e49d79835c35@group-8E192697A9CF-LeaderElection51] INFO  impl.LeaderElection (LeaderElection.java:askForVotes(178)) - 6f2be65d-ce7d-4814-9a9f-e49d79835c35@group-8E192697A9CF-LeaderElection51: begin an election at term 51 for 0: [6dc62414-4100-415b-916b-e9f0081ca22e:192.168.34.14:40542, 6f2be65d-ce7d-4814-9a9f-e49d79835c35:192.168.34.14:36170, ddae0d8b-c866-4e5c-81a7-eef12a7bc666:192.168.34.14:38819], old=null
2019-10-22 02:33:46,775 [grpc-default-executor-7] INFO  impl.RaftServerImpl (RaftServerImpl.java:setRole(184)) - 6dc62414-4100-415b-916b-e9f0081ca22e@group-8E192697A9CF: changes role from  FOLLOWER to FOLLOWER at term 51 for recognizeCandidate:6f2be65d-ce7d-4814-9a9f-e49d79835c35
2019-10-22 02:33:46,775 [grpc-default-executor-2] INFO  impl.RaftServerImpl (RaftServerImpl.java:setRole(184)) - ddae0d8b-c866-4e5c-81a7-eef12a7bc666@group-8E192697A9CF: changes role from  FOLLOWER to FOLLOWER at term 51 for recognizeCandidate:6f2be65d-ce7d-4814-9a9f-e49d79835c35
2019-10-22 02:33:46,775 [grpc-default-executor-7] INFO  impl.RoleInfo (RoleInfo.java:shutdownFollowerState(121)) - 6dc62414-4100-415b-916b-e9f0081ca22e: shutdown FollowerState
2019-10-22 02:33:46,775 [grpc-default-executor-2] INFO  impl.RoleInfo (RoleInfo.java:shutdownFollowerState(121)) - ddae0d8b-c866-4e5c-81a7-eef12a7bc666: shutdown FollowerState
2019-10-22 02:33:46,776 [Thread-902] INFO  impl.FollowerState (FollowerState.java:run(117)) - 6dc62414-4100-415b-916b-e9f0081ca22e@group-8E192697A9CF-FollowerState was interrupted: java.lang.InterruptedException: sleep interrupted
2019-10-22 02:33:46,776 [grpc-default-executor-7] INFO  impl.RoleInfo (RoleInfo.java:updateAndGet(143)) - 6dc62414-4100-415b-916b-e9f0081ca22e: start FollowerState
2019-10-22 02:33:46,776 [Thread-901] INFO  impl.FollowerState (FollowerState.java:run(117)) - ddae0d8b-c866-4e5c-81a7-eef12a7bc666@group-8E192697A9CF-FollowerState was interrupted: java.lang.InterruptedException: sleep interrupted
2019-10-22 02:33:46,776 [grpc-default-executor-2] INFO  impl.RoleInfo (RoleInfo.java:updateAndGet(143)) - ddae0d8b-c866-4e5c-81a7-eef12a7bc666: start FollowerState
2019-10-22 02:33:46,841 [6f2be65d-ce7d-4814-9a9f-e49d79835c35@group-8E192697A9CF-LeaderElection51] INFO  impl.LeaderElection (LeaderElection.java:logAndReturn(56)) - 6f2be65d-ce7d-4814-9a9f-e49d79835c35@group-8E192697A9CF-LeaderElection51: Election REJECTED; received 2 response(s) [6f2be65d-ce7d-4814-9a9f-e49d79835c35<-6dc62414-4100-415b-916b-e9f0081ca22e#0:FAIL-t51, 6f2be65d-ce7d-4814-9a9f-e49d79835c35<-ddae0d8b-c866-4e5c-81a7-eef12a7bc666#0:FAIL-t51] and 0 exception(s); 6f2be65d-ce7d-4814-9a9f-e49d79835c35@group-8E192697A9CF:t51, leader=null, voted=6f2be65d-ce7d-4814-9a9f-e49d79835c35, raftlog=6f2be65d-ce7d-4814-9a9f-e49d79835c35@group-8E192697A9CF-SegmentedRaftLog:OPENED:c3,f4,i4, conf=0: [6dc62414-4100-415b-916b-e9f0081ca22e:192.168.34.14:40542, 6f2be65d-ce7d-4814-9a9f-e49d79835c35:192.168.34.14:36170, ddae0d8b-c866-4e5c-81a7-eef12a7bc666:192.168.34.14:38819], old=null
2019-10-22 02:33:46,841 [6f2be65d-ce7d-4814-9a9f-e49d79835c35@group-8E192697A9CF-LeaderElection51] INFO  impl.RaftServerImpl (RaftServerImpl.java:setRole(184)) - 6f2be65d-ce7d-4814-9a9f-e49d79835c35@group-8E192697A9CF: changes role from CANDIDATE to FOLLOWER at term 51 for DISCOVERED_A_NEW_TERM
2019-10-22 02:33:46,842 [6f2be65d-ce7d-4814-9a9f-e49d79835c35@group-8E192697A9CF-LeaderElection51] INFO  impl.RoleInfo (RoleInfo.java:shutdownLeaderElection(134)) - 6f2be65d-ce7d-4814-9a9f-e49d79835c35: shutdown LeaderElection
2019-10-22 02:33:46,842 [6f2be65d-ce7d-4814-9a9f-e49d79835c35@group-8E192697A9CF-LeaderElection51] INFO  impl.RoleInfo (RoleInfo.java:updateAndGet(143)) - 6f2be65d-ce7d-4814-9a9f-e49d79835c35: start FollowerState
2019-10-22 02:33:47,026 [Thread-914] INFO  client.GrpcClientProtocolService (GrpcClientProtocolService.java:lambda$processClientRequest$0(278)) - Failed RaftClientRequest:client-C9AE8EA1E005->ddae0d8b-c866-4e5c-81a7-eef12a7bc666@group-8E192697A9CF, cid=10, seq=0, Watch-ALL_COMMITTED(6), Message:<EMPTY>, reply=RaftClientReply:client-C9AE8EA1E005->ddae0d8b-c866-4e5c-81a7-eef12a7bc666@group-8E192697A9CF, cid=10, FAILED org.apache.ratis.protocol.NotLeaderException: Server ddae0d8b-c866-4e5c-81a7-eef12a7bc666@group-8E192697A9CF is not the leader, logIndex=0, commits[ddae0d8b-c866-4e5c-81a7-eef12a7bc666:c10, 6dc62414-4100-415b-916b-e9f0081ca22e:c10, 6f2be65d-ce7d-4814-9a9f-e49d79835c35:c4]
2019-10-22 02:33:47,031 [Thread-912] INFO  impl.FollowerState (FollowerState.java:run(108)) - 6f2be65d-ce7d-4814-9a9f-e49d79835c35@group-8E192697A9CF-FollowerState: change to CANDIDATE, lastRpcTime:188ms, electionTimeout:186ms
2019-10-22 02:33:47,031 [Thread-912] INFO  impl.RoleInfo (RoleInfo.java:shutdownFollowerState(121)) - 6f2be65d-ce7d-4814-9a9f-e49d79835c35: shutdown FollowerState
2019-10-22 02:33:47,031 [Thread-912] INFO  impl.RaftServerImpl (RaftServerImpl.java:setRole(184)) - 6f2be65d-ce7d-4814-9a9f-e49d79835c35@group-8E192697A9CF: changes role from  FOLLOWER to CANDIDATE at term 51 for changeToCandidate
2019-10-22 02:33:47,031 [Thread-912] INFO  impl.RoleInfo (RoleInfo.java:updateAndGet(143)) - 6f2be65d-ce7d-4814-9a9f-e49d79835c35: start LeaderElection
2019-10-22 02:33:47,058 [6f2be65d-ce7d-4814-9a9f-e49d79835c35@group-8E192697A9CF-LeaderElection52] INFO  impl.LeaderElection (LeaderElection.java:askForVotes(178)) - 6f2be65d-ce7d-4814-9a9f-e49d79835c35@group-8E192697A9CF-LeaderElection52: begin an election at term 52 for 0: [6dc62414-4100-415b-916b-e9f0081ca22e:192.168.34.14:40542, 6f2be65d-ce7d-4814-9a9f-e49d79835c35:192.168.34.14:36170, ddae0d8b-c866-4e5c-81a7-eef12a7bc666:192.168.34.14:38819], old=null
2019-10-22 02:33:47,061 [grpc-default-executor-7] INFO  impl.RaftServerImpl (RaftServerImpl.java:setRole(184)) - 6dc62414-4100-415b-916b-e9f0081ca22e@group-8E192697A9CF: changes role from  FOLLOWER to FOLLOWER at term 52 for recognizeCandidate:6f2be65d-ce7d-4814-9a9f-e49d79835c35
2019-10-22 02:33:47,061 [grpc-default-executor-7] INFO  impl.RoleInfo (RoleInfo.java:shutdownFollowerState(121)) - 6dc62414-4100-415b-916b-e9f0081ca22e: shutdown FollowerState
2019-10-22 02:33:47,061 [grpc-default-executor-2] INFO  impl.RaftServerImpl (RaftServerImpl.java:setRole(184)) - ddae0d8b-c866-4e5c-81a7-eef12a7bc666@group-8E192697A9CF: changes role from  FOLLOWER to FOLLOWER at term 52 for recognizeCandidate:6f2be65d-ce7d-4814-9a9f-e49d79835c35
2019-10-22 02:33:47,061 [grpc-default-executor-7] INFO  impl.RoleInfo (RoleInfo.java:updateAndGet(143)) - 6dc62414-4100-415b-916b-e9f0081ca22e: start FollowerState
2019-10-22 02:33:47,061 [Thread-910] INFO  impl.FollowerState (FollowerState.java:run(117)) - 6dc62414-4100-415b-916b-e9f0081ca22e@group-8E192697A9CF-FollowerState was interrupted: java.lang.InterruptedException: sleep interrupted
2019-10-22 02:33:47,061 [grpc-default-executor-2] INFO  impl.RoleInfo (RoleInfo.java:shutdownFollowerState(121)) - ddae0d8b-c866-4e5c-81a7-eef12a7bc666: shutdown FollowerState
2019-10-22 02:33:47,062 [grpc-default-executor-2] INFO  impl.RoleInfo (RoleInfo.java:updateAndGet(143)) - ddae0d8b-c866-4e5c-81a7-eef12a7bc666: start FollowerState
2019-10-22 02:33:47,062 [Thread-911] INFO  impl.FollowerState (FollowerState.java:run(117)) - ddae0d8b-c866-4e5c-81a7-eef12a7bc666@group-8E192697A9CF-FollowerState was interrupted: java.lang.InterruptedException: sleep interrupted
2019-10-22 02:33:47,132 [6f2be65d-ce7d-4814-9a9f-e49d79835c35@group-8E192697A9CF-LeaderElection52] INFO  impl.LeaderElection (LeaderElection.java:logAndReturn(56)) - 6f2be65d-ce7d-4814-9a9f-e49d79835c35@group-8E192697A9CF-LeaderElection52: Election TIMEOUT; received 0 response(s) [] and 0 exception(s); 6f2be65d-ce7d-4814-9a9f-e49d79835c35@group-8E192697A9CF:t52, leader=null, voted=6f2be65d-ce7d-4814-9a9f-e49d79835c35, raftlog=6f2be65d-ce7d-4814-9a9f-e49d79835c35@group-8E192697A9CF-SegmentedRaftLog:OPENED:c3,f4,i4, conf=0: [6dc62414-4100-415b-916b-e9f0081ca22e:192.168.34.14:40542, 6f2be65d-ce7d-4814-9a9f-e49d79835c35:192.168.34.14:36170, ddae0d8b-c866-4e5c-81a7-eef12a7bc666:192.168.34.14:38819], old=null
2019-10-22 02:33:47,216 [6f2be65d-ce7d-4814-9a9f-e49d79835c35@group-8E192697A9CF-LeaderElection52] INFO  impl.LeaderElection (LeaderElection.java:askForVotes(178)) - 6f2be65d-ce7d-4814-9a9f-e49d79835c35@group-8E192697A9CF-LeaderElection52: begin an election at term 53 for 0: [6dc62414-4100-415b-916b-e9f0081ca22e:192.168.34.14:40542, 6f2be65d-ce7d-4814-9a9f-e49d79835c35:192.168.34.14:36170, ddae0d8b-c866-4e5c-81a7-eef12a7bc666:192.168.34.14:38819], old=null
2019-10-22 02:33:47,218 [grpc-default-executor-2] INFO  impl.RaftServerImpl (RaftServerImpl.java:setRole(184)) - 6dc62414-4100-415b-916b-e9f0081ca22e@group-8E192697A9CF: changes role from  FOLLOWER to FOLLOWER at term 53 for recognizeCandidate:6f2be65d-ce7d-4814-9a9f-e49d79835c35
2019-10-22 02:33:47,219 [grpc-default-executor-2] INFO  impl.RoleInfo (RoleInfo.java:shutdownFollowerState(121)) - 6dc62414-4100-415b-916b-e9f0081ca22e: shutdown FollowerState
2019-10-22 02:33:47,219 [grpc-default-executor-7] INFO  impl.RaftServerImpl (RaftServerImpl.java:setRole(184)) - ddae0d8b-c866-4e5c-81a7-eef12a7bc666@group-8E192697A9CF: changes role from  FOLLOWER to FOLLOWER at term 53 for recognizeCandidate:6f2be65d-ce7d-4814-9a9f-e49d79835c35
2019-10-22 02:33:47,219 [Thread-919] INFO  impl.FollowerState (FollowerState.java:run(117)) - 6dc62414-4100-415b-916b-e9f0081ca22e@group-8E192697A9CF-FollowerState was interrupted: java.lang.InterruptedException: sleep interrupted
2019-10-22 02:33:47,219 [grpc-default-executor-2] INFO  impl.RoleInfo (RoleInfo.java:updateAndGet(143)) - 6dc62414-4100-415b-916b-e9f0081ca22e: start FollowerState
2019-10-22 02:33:47,219 [grpc-default-executor-7] INFO  impl.RoleInfo (RoleInfo.java:shutdownFollowerState(121)) - ddae0d8b-c866-4e5c-81a7-eef12a7bc666: shutdown FollowerState
2019-10-22 02:33:47,219 [grpc-default-executor-7] INFO  impl.RoleInfo (RoleInfo.java:updateAndGet(143)) - ddae0d8b-c866-4e5c-81a7-eef12a7bc666: start FollowerState
2019-10-22 02:33:47,219 [Thread-920] INFO  impl.FollowerState (FollowerState.java:run(117)) - ddae0d8b-c866-4e5c-81a7-eef12a7bc666@group-8E192697A9CF-FollowerState was interrupted: java.lang.InterruptedException: sleep interrupted
2019-10-22 02:33:47,262 [6f2be65d-ce7d-4814-9a9f-e49d79835c35@group-8E192697A9CF-LeaderElection52] INFO  impl.LeaderElection (LeaderElection.java:logAndReturn(56)) - 6f2be65d-ce7d-4814-9a9f-e49d79835c35@group-8E192697A9CF-LeaderElection52: Election REJECTED; received 2 response(s) [6f2be65d-ce7d-4814-9a9f-e49d79835c35<-6dc62414-4100-415b-916b-e9f0081ca22e#0:FAIL-t53, 6f2be65d-ce7d-4814-9a9f-e49d79835c35<-ddae0d8b-c866-4e5c-81a7-eef12a7bc666#0:FAIL-t53] and 0 exception(s); 6f2be65d-ce7d-4814-9a9f-e49d79835c35@group-8E192697A9CF:t53, leader=null, voted=6f2be65d-ce7d-4814-9a9f-e49d79835c35, raftlog=6f2be65d-ce7d-4814-9a9f-e49d79835c35@group-8E192697A9CF-SegmentedRaftLog:OPENED:c3,f4,i4, conf=0: [6dc62414-4100-415b-916b-e9f0081ca22e:192.168.34.14:40542, 6f2be65d-ce7d-4814-9a9f-e49d79835c35:192.168.34.14:36170, ddae0d8b-c866-4e5c-81a7-eef12a7bc666:192.168.34.14:38819], old=null
2019-10-22 02:33:47,262 [6f2be65d-ce7d-4814-9a9f-e49d79835c35@group-8E192697A9CF-LeaderElection52] INFO  impl.RaftServerImpl (RaftServerImpl.java:setRole(184)) - 6f2be65d-ce7d-4814-9a9f-e49d79835c35@group-8E192697A9CF: changes role from CANDIDATE to FOLLOWER at term 53 for DISCOVERED_A_NEW_TERM
2019-10-22 02:33:47,262 [6f2be65d-ce7d-4814-9a9f-e49d79835c35@group-8E192697A9CF-LeaderElection52] INFO  impl.RoleInfo (RoleInfo.java:shutdownLeaderElection(134)) - 6f2be65d-ce7d-4814-9a9f-e49d79835c35: shutdown LeaderElection
2019-10-22 02:33:47,262 [6f2be65d-ce7d-4814-9a9f-e49d79835c35@group-8E192697A9CF-LeaderElection52] INFO  impl.RoleInfo (RoleInfo.java:updateAndGet(143)) - 6f2be65d-ce7d-4814-9a9f-e49d79835c35: start FollowerState
2019-10-22 02:33:47,425 [Thread-925] INFO  impl.FollowerState (FollowerState.java:run(108)) - 6f2be65d-ce7d-4814-9a9f-e49d79835c35@group-8E192697A9CF-FollowerState: change to CANDIDATE, lastRpcTime:162ms, electionTimeout:162ms
2019-10-22 02:33:47,425 [Thread-925] INFO  impl.RoleInfo (RoleInfo.java:shutdownFollowerState(121)) - 6f2be65d-ce7d-4814-9a9f-e49d79835c35: shutdown FollowerState
2019-10-22 02:33:47,425 [Thread-925] INFO  impl.RaftServerImpl (RaftServerImpl.java:setRole(184)) - 6f2be65d-ce7d-4814-9a9f-e49d79835c35@group-8E192697A9CF: changes role from  FOLLOWER to CANDIDATE at term 53 for changeToCandidate
2019-10-22 02:33:47,425 [Thread-925] INFO  impl.RoleInfo (RoleInfo.java:updateAndGet(143)) - 6f2be65d-ce7d-4814-9a9f-e49d79835c35: start LeaderElection
2019-10-22 02:33:47,443 [6f2be65d-ce7d-4814-9a9f-e49d79835c35@group-8E192697A9CF-LeaderElection53] INFO  impl.LeaderElection (LeaderElection.java:askForVotes(178)) - 6f2be65d-ce7d-4814-9a9f-e49d79835c35@group-8E192697A9CF-LeaderElection53: begin an election at term 54 for 0: [6dc62414-4100-415b-916b-e9f0081ca22e:192.168.34.14:40542, 6f2be65d-ce7d-4814-9a9f-e49d79835c35:192.168.34.14:36170, ddae0d8b-c866-4e5c-81a7-eef12a7bc666:192.168.34.14:38819], old=null
2019-10-22 02:33:47,446 [grpc-default-executor-2] INFO  impl.RaftServerImpl (RaftServerImpl.java:setRole(184)) - 6dc62414-4100-415b-916b-e9f0081ca22e@group-8E192697A9CF: changes role from  FOLLOWER to FOLLOWER at term 54 for recognizeCandidate:6f2be65d-ce7d-4814-9a9f-e49d79835c35
2019-10-22 02:33:47,446 [grpc-default-executor-7] INFO  impl.RaftServerImpl (RaftServerImpl.java:setRole(184)) - ddae0d8b-c866-4e5c-81a7-eef12a7bc666@group-8E192697A9CF: changes role from  FOLLOWER to FOLLOWER at term 54 for recognizeCandidate:6f2be65d-ce7d-4814-9a9f-e49d79835c35
2019-10-22 02:33:47,446 [grpc-default-executor-2] INFO  impl.RoleInfo (RoleInfo.java:shutdownFollowerState(121)) - 6dc62414-4100-415b-916b-e9f0081ca22e: shutdown FollowerState
2019-10-22 02:33:47,446 [grpc-default-executor-7] INFO  impl.RoleInfo (RoleInfo.java:shutdownFollowerState(121)) - ddae0d8b-c866-4e5c-81a7-eef12a7bc666: shutdown FollowerState
2019-10-22 02:33:47,447 [Thread-923] INFO  impl.FollowerState (FollowerState.java:run(117)) - 6dc62414-4100-415b-916b-e9f0081ca22e@group-8E192697A9CF-FollowerState was interrupted: java.lang.InterruptedException: sleep interrupted
2019-10-22 02:33:47,447 [grpc-default-executor-2] INFO  impl.RoleInfo (RoleInfo.java:updateAndGet(143)) - 6dc62414-4100-415b-916b-e9f0081ca22e: start FollowerState
2019-10-22 02:33:47,447 [Thread-924] INFO  impl.FollowerState (FollowerState.java:run(117)) - ddae0d8b-c866-4e5c-81a7-eef12a7bc666@group-8E192697A9CF-FollowerState was interrupted: java.lang.InterruptedException: sleep interrupted
2019-10-22 02:33:47,447 [grpc-default-executor-7] INFO  impl.RoleInfo (RoleInfo.java:updateAndGet(143)) - ddae0d8b-c866-4e5c-81a7-eef12a7bc666: start FollowerState
2019-10-22 02:33:47,462 [6f2be65d-ce7d-4814-9a9f-e49d79835c35@group-8E192697A9CF-LeaderElection53] INFO  impl.LeaderElection (LeaderElection.java:logAndReturn(56)) - 6f2be65d-ce7d-4814-9a9f-e49d79835c35@group-8E192697A9CF-LeaderElection53: Election REJECTED; received 2 response(s) [6f2be65d-ce7d-4814-9a9f-e49d79835c35<-6dc62414-4100-415b-916b-e9f0081ca22e#0:FAIL-t54, 6f2be65d-ce7d-4814-9a9f-e49d79835c35<-ddae0d8b-c866-4e5c-81a7-eef12a7bc666#0:FAIL-t54] and 0 exception(s); 6f2be65d-ce7d-4814-9a9f-e49d79835c35@group-8E192697A9CF:t54, leader=null, voted=6f2be65d-ce7d-4814-9a9f-e49d79835c35, raftlog=6f2be65d-ce7d-4814-9a9f-e49d79835c35@group-8E192697A9CF-SegmentedRaftLog:OPENED:c3,f4,i4, conf=0: [6dc62414-4100-415b-916b-e9f0081ca22e:192.168.34.14:40542, 6f2be65d-ce7d-4814-9a9f-e49d79835c35:192.168.34.14:36170, ddae0d8b-c866-4e5c-81a7-eef12a7bc666:192.168.34.14:38819], old=null
2019-10-22 02:33:47,463 [6f2be65d-ce7d-4814-9a9f-e49d79835c35@group-8E192697A9CF-LeaderElection53] INFO  impl.RaftServerImpl (RaftServerImpl.java:setRole(184)) - 6f2be65d-ce7d-4814-9a9f-e49d79835c35@group-8E192697A9CF: changes role from CANDIDATE to FOLLOWER at term 54 for DISCOVERED_A_NEW_TERM
2019-10-22 02:33:47,463 [6f2be65d-ce7d-4814-9a9f-e49d79835c35@group-8E192697A9CF-LeaderElection53] INFO  impl.RoleInfo (RoleInfo.java:shutdownLeaderElection(134)) - 6f2be65d-ce7d-4814-9a9f-e49d79835c35: shutdown LeaderElection
2019-10-22 02:33:47,463 [6f2be65d-ce7d-4814-9a9f-e49d79835c35@group-8E192697A9CF-LeaderElection53] INFO  impl.RoleInfo (RoleInfo.java:updateAndGet(143)) - 6f2be65d-ce7d-4814-9a9f-e49d79835c35: start FollowerState
2019-10-22 02:33:47,488 [BlockDeletingService#2] WARN  background.BlockDeletingService (BlockDeletingService.java:isDeletionAllowed(187)) - Close Container log Index 6 is not replicated across allthe servers in the pipeline 82d9ec66-42fd-448b-b6da-8e192697a9cf as the min replicated index is 4. Deletion is not allowed in this container yet.
2019-10-22 02:33:47,488 [BlockDeletingService#2] WARN  background.BlockDeletingService (BlockDeletingService.java:isDeletionAllowed(187)) - Close Container log Index 6 is not replicated across allthe servers in the pipeline 82d9ec66-42fd-448b-b6da-8e192697a9cf as the min replicated index is 4. Deletion is not allowed in this container yet.
2019-10-22 02:33:47,501 [Thread-931] INFO  impl.FollowerState (FollowerState.java:run(108)) - 6f2be65d-ce7d-4814-9a9f-e49d79835c35@group-8E192697A9CF-FollowerState: change to CANDIDATE, lastRpcTime:38ms, electionTimeout:38ms
2019-10-22 02:33:47,501 [Thread-931] INFO  impl.RoleInfo (RoleInfo.java:shutdownFollowerState(121)) - 6f2be65d-ce7d-4814-9a9f-e49d79835c35: shutdown FollowerState
2019-10-22 02:33:47,501 [Thread-931] INFO  impl.RaftServerImpl (RaftServerImpl.java:setRole(184)) - 6f2be65d-ce7d-4814-9a9f-e49d79835c35@group-8E192697A9CF: changes role from  FOLLOWER to CANDIDATE at term 54 for changeToCandidate
2019-10-22 02:33:47,502 [Thread-931] INFO  impl.RoleInfo (RoleInfo.java:updateAndGet(143)) - 6f2be65d-ce7d-4814-9a9f-e49d79835c35: start LeaderElection
2019-10-22 02:33:47,526 [6f2be65d-ce7d-4814-9a9f-e49d79835c35@group-8E192697A9CF-LeaderElection54] INFO  impl.LeaderElection (LeaderElection.java:askForVotes(178)) - 6f2be65d-ce7d-4814-9a9f-e49d79835c35@group-8E192697A9CF-LeaderElection54: begin an election at term 55 for 0: [6dc62414-4100-415b-916b-e9f0081ca22e:192.168.34.14:40542, 6f2be65d-ce7d-4814-9a9f-e49d79835c35:192.168.34.14:36170, ddae0d8b-c866-4e5c-81a7-eef12a7bc666:192.168.34.14:38819], old=null
2019-10-22 02:33:47,528 [grpc-default-executor-2] INFO  impl.RaftServerImpl (RaftServerImpl.java:setRole(184)) - 6dc62414-4100-415b-916b-e9f0081ca22e@group-8E192697A9CF: changes role from  FOLLOWER to FOLLOWER at term 55 for recognizeCandidate:6f2be65d-ce7d-4814-9a9f-e49d79835c35
2019-10-22 02:33:47,528 [grpc-default-executor-2] INFO  impl.RoleInfo (RoleInfo.java:shutdownFollowerState(121)) - 6dc62414-4100-415b-916b-e9f0081ca22e: shutdown FollowerState
2019-10-22 02:33:47,528 [grpc-default-executor-2] INFO  impl.RoleInfo (RoleInfo.java:updateAndGet(143)) - 6dc62414-4100-415b-916b-e9f0081ca22e: start FollowerState
2019-10-22 02:33:47,528 [grpc-default-executor-7] INFO  impl.RaftServerImpl (RaftServerImpl.java:setRole(184)) - ddae0d8b-c866-4e5c-81a7-eef12a7bc666@group-8E192697A9CF: changes role from  FOLLOWER to FOLLOWER at term 55 for recognizeCandidate:6f2be65d-ce7d-4814-9a9f-e49d79835c35
2019-10-22 02:33:47,529 [grpc-default-executor-7] INFO  impl.RoleInfo (RoleInfo.java:shutdownFollowerState(121)) - ddae0d8b-c866-4e5c-81a7-eef12a7bc666: shutdown FollowerState
2019-10-22 02:33:47,528 [Thread-929] INFO  impl.FollowerState (FollowerState.java:run(117)) - 6dc62414-4100-415b-916b-e9f0081ca22e@group-8E192697A9CF-FollowerState was interrupted: java.lang.InterruptedException: sleep interrupted
2019-10-22 02:33:47,529 [Thread-930] INFO  impl.FollowerState (FollowerState.java:run(117)) - ddae0d8b-c866-4e5c-81a7-eef12a7bc666@group-8E192697A9CF-FollowerState was interrupted: java.lang.InterruptedException: sleep interrupted
2019-10-22 02:33:47,529 [grpc-default-executor-7] INFO  impl.RoleInfo (RoleInfo.java:updateAndGet(143)) - ddae0d8b-c866-4e5c-81a7-eef12a7bc666: start FollowerState
2019-10-22 02:33:47,543 [6f2be65d-ce7d-4814-9a9f-e49d79835c35@group-8E192697A9CF-LeaderElection54] INFO  impl.LeaderElection (LeaderElection.java:logAndReturn(56)) - 6f2be65d-ce7d-4814-9a9f-e49d79835c35@group-8E192697A9CF-LeaderElection54: Election REJECTED; received 2 response(s) [6f2be65d-ce7d-4814-9a9f-e49d79835c35<-6dc62414-4100-415b-916b-e9f0081ca22e#0:FAIL-t55, 6f2be65d-ce7d-4814-9a9f-e49d79835c35<-ddae0d8b-c866-4e5c-81a7-eef12a7bc666#0:FAIL-t55] and 0 exception(s); 6f2be65d-ce7d-4814-9a9f-e49d79835c35@group-8E192697A9CF:t55, leader=null, voted=6f2be65d-ce7d-4814-9a9f-e49d79835c35, raftlog=6f2be65d-ce7d-4814-9a9f-e49d79835c35@group-8E192697A9CF-SegmentedRaftLog:OPENED:c3,f4,i4, conf=0: [6dc62414-4100-415b-916b-e9f0081ca22e:192.168.34.14:40542, 6f2be65d-ce7d-4814-9a9f-e49d79835c35:192.168.34.14:36170, ddae0d8b-c866-4e5c-81a7-eef12a7bc666:192.168.34.14:38819], old=null
2019-10-22 02:33:47,544 [6f2be65d-ce7d-4814-9a9f-e49d79835c35@group-8E192697A9CF-LeaderElection54] INFO  impl.RaftServerImpl (RaftServerImpl.java:setRole(184)) - 6f2be65d-ce7d-4814-9a9f-e49d79835c35@group-8E192697A9CF: changes role from CANDIDATE to FOLLOWER at term 55 for DISCOVERED_A_NEW_TERM
2019-10-22 02:33:47,544 [6f2be65d-ce7d-4814-9a9f-e49d79835c35@group-8E192697A9CF-LeaderElection54] INFO  impl.RoleInfo (RoleInfo.java:shutdownLeaderElection(134)) - 6f2be65d-ce7d-4814-9a9f-e49d79835c35: shutdown LeaderElection
2019-10-22 02:33:47,544 [6f2be65d-ce7d-4814-9a9f-e49d79835c35@group-8E192697A9CF-LeaderElection54] INFO  impl.RoleInfo (RoleInfo.java:updateAndGet(143)) - 6f2be65d-ce7d-4814-9a9f-e49d79835c35: start FollowerState
]]></system-out>
    <system-err><![CDATA[ERROR StatusLogger No Log4j 2 configuration file found. Using default configuration (logging only errors to the console), or user programmatically provided configurations. Set system property 'log4j2.debug' to show Log4j 2 internal initialization logging. See https://logging.apache.org/log4j/2.x/manual/configuration.html for instructions on how to configure Log4j 2
Oct 22, 2019 2:32:01 AM org.apache.ratis.thirdparty.io.grpc.internal.SerializingExecutor run
SEVERE: Exception while executing runnable org.apache.ratis.thirdparty.io.grpc.internal.ServerImpl$JumpToApplicationThreadServerStreamListener$1Closed@66550cd0
org.apache.ratis.thirdparty.io.grpc.StatusRuntimeException: CANCELLED: call already cancelled
	at org.apache.ratis.thirdparty.io.grpc.Status.asRuntimeException(Status.java:517)
	at org.apache.ratis.thirdparty.io.grpc.stub.ServerCalls$ServerCallStreamObserverImpl.onCompleted(ServerCalls.java:356)
	at org.apache.ratis.grpc.server.GrpcServerProtocolService$ServerRequestStreamObserver.onError(GrpcServerProtocolService.java:121)
	at org.apache.ratis.thirdparty.io.grpc.stub.ServerCalls$StreamingServerCallHandler$StreamingServerCallListener.onCancel(ServerCalls.java:269)
	at org.apache.ratis.thirdparty.io.grpc.internal.ServerCallImpl$ServerStreamListenerImpl.closed(ServerCallImpl.java:293)
	at org.apache.ratis.thirdparty.io.grpc.internal.ServerImpl$JumpToApplicationThreadServerStreamListener$1Closed.runInContext(ServerImpl.java:741)
	at org.apache.ratis.thirdparty.io.grpc.internal.ContextRunnable.run(ContextRunnable.java:37)
	at org.apache.ratis.thirdparty.io.grpc.internal.SerializingExecutor.run(SerializingExecutor.java:123)
	at java.util.concurrent.ThreadPoolExecutor.runWorker(ThreadPoolExecutor.java:1149)
	at java.util.concurrent.ThreadPoolExecutor$Worker.run(ThreadPoolExecutor.java:624)
	at java.lang.Thread.run(Thread.java:748)

Oct 22, 2019 2:32:01 AM org.apache.ratis.thirdparty.io.grpc.internal.SerializingExecutor run
SEVERE: Exception while executing runnable org.apache.ratis.thirdparty.io.grpc.internal.ClientCallImpl$ClientStreamListenerImpl$1StreamClosed@2530b796
java.lang.NullPointerException
	at org.apache.ratis.grpc.server.GrpcLogAppender$AppendLogResponseHandler.onError(GrpcLogAppender.java:303)
	at org.apache.ratis.thirdparty.io.grpc.stub.ClientCalls$StreamObserverToCallListenerAdapter.onClose(ClientCalls.java:434)
	at org.apache.ratis.thirdparty.io.grpc.PartialForwardingClientCallListener.onClose(PartialForwardingClientCallListener.java:39)
	at org.apache.ratis.thirdparty.io.grpc.ForwardingClientCallListener.onClose(ForwardingClientCallListener.java:23)
	at org.apache.ratis.thirdparty.io.grpc.ForwardingClientCallListener$SimpleForwardingClientCallListener.onClose(ForwardingClientCallListener.java:40)
	at org.apache.ratis.thirdparty.io.grpc.internal.CensusStatsModule$StatsClientInterceptor$1$1.onClose(CensusStatsModule.java:678)
	at org.apache.ratis.thirdparty.io.grpc.PartialForwardingClientCallListener.onClose(PartialForwardingClientCallListener.java:39)
	at org.apache.ratis.thirdparty.io.grpc.ForwardingClientCallListener.onClose(ForwardingClientCallListener.java:23)
	at org.apache.ratis.thirdparty.io.grpc.ForwardingClientCallListener$SimpleForwardingClientCallListener.onClose(ForwardingClientCallListener.java:40)
	at org.apache.ratis.thirdparty.io.grpc.internal.CensusTracingModule$TracingClientInterceptor$1$1.onClose(CensusTracingModule.java:397)
	at org.apache.ratis.thirdparty.io.grpc.internal.ClientCallImpl.closeObserver(ClientCallImpl.java:459)
	at org.apache.ratis.thirdparty.io.grpc.internal.ClientCallImpl.access$300(ClientCallImpl.java:63)
	at org.apache.ratis.thirdparty.io.grpc.internal.ClientCallImpl$ClientStreamListenerImpl.close(ClientCallImpl.java:546)
	at org.apache.ratis.thirdparty.io.grpc.internal.ClientCallImpl$ClientStreamListenerImpl.access$600(ClientCallImpl.java:467)
	at org.apache.ratis.thirdparty.io.grpc.internal.ClientCallImpl$ClientStreamListenerImpl$1StreamClosed.runInContext(ClientCallImpl.java:584)
	at org.apache.ratis.thirdparty.io.grpc.internal.ContextRunnable.run(ContextRunnable.java:37)
	at org.apache.ratis.thirdparty.io.grpc.internal.SerializingExecutor.run(SerializingExecutor.java:123)
	at java.util.concurrent.ThreadPoolExecutor.runWorker(ThreadPoolExecutor.java:1149)
	at java.util.concurrent.ThreadPoolExecutor$Worker.run(ThreadPoolExecutor.java:624)
	at java.lang.Thread.run(Thread.java:748)

]]></system-err>
  </testcase>
</testsuite>