<?xml version="1.0" encoding="UTF-8"?>
<testsuite xmlns:xsi="http://www.w3.org/2001/XMLSchema-instance" xsi:noNamespaceSchemaLocation="https://maven.apache.org/surefire/maven-surefire-plugin/xsd/surefire-test-report.xsd" name="org.apache.hadoop.ozone.client.rpc.TestOzoneClientRetriesOnException" time="168.089" tests="2" errors="1" skipped="0" failures="0">
  <properties>
    <property name="awt.toolkit" value="sun.awt.X11.XToolkit"/>
    <property name="file.encoding.pkg" value="sun.io"/>
    <property name="java.specification.version" value="1.8"/>
    <property name="sun.cpu.isalist" value=""/>
    <property name="sun.jnu.encoding" value="UTF-8"/>
    <property name="java.class.path" value="/workdir/hadoop-ozone/integration-test/target/test-classes:/workdir/hadoop-ozone/integration-test/target/classes:/home/user/.m2/repository/org/apache/hadoop/hadoop-ozone-common/0.5.0-SNAPSHOT/hadoop-ozone-common-0.5.0-SNAPSHOT.jar:/home/user/.m2/repository/org/apache/commons/commons-compress/1.4.1/commons-compress-1.4.1.jar:/home/user/.m2/repository/org/tukaani/xz/1.0/xz-1.0.jar:/home/user/.m2/repository/org/apache/hadoop/hadoop-common/3.2.0/hadoop-common-3.2.0.jar:/home/user/.m2/repository/org/apache/hadoop/hadoop-hdfs/3.2.0/hadoop-hdfs-3.2.0.jar:/home/user/.m2/repository/org/apache/hadoop/hadoop-hdfs-client/3.2.0/hadoop-hdfs-client-3.2.0.jar:/home/user/.m2/repository/com/fasterxml/jackson/core/jackson-annotations/2.9.9/jackson-annotations-2.9.9.jar:/home/user/.m2/repository/org/apache/hadoop/hadoop-hdds-common/0.5.0-SNAPSHOT/hadoop-hdds-common-0.5.0-SNAPSHOT.jar:/home/user/.m2/repository/javax/annotation/javax.annotation-api/1.2/javax.annotation-api-1.2.jar:/home/user/.m2/repository/org/apache/ratis/ratis-server/0.5.0-201fc85-SNAPSHOT/ratis-server-0.5.0-201fc85-SNAPSHOT.jar:/home/user/.m2/repository/org/apache/ratis/ratis-thirdparty-misc/0.2.0/ratis-thirdparty-misc-0.2.0.jar:/home/user/.m2/repository/org/apache/ratis/ratis-proto/0.5.0-201fc85-SNAPSHOT/ratis-proto-0.5.0-201fc85-SNAPSHOT.jar:/home/user/.m2/repository/org/apache/ratis/ratis-common/0.5.0-201fc85-SNAPSHOT/ratis-common-0.5.0-201fc85-SNAPSHOT.jar:/home/user/.m2/repository/org/apache/ratis/ratis-client/0.5.0-201fc85-SNAPSHOT/ratis-client-0.5.0-201fc85-SNAPSHOT.jar:/home/user/.m2/repository/org/apache/ratis/ratis-metrics/0.5.0-201fc85-SNAPSHOT/ratis-metrics-0.5.0-201fc85-SNAPSHOT.jar:/home/user/.m2/repository/com/github/joshelser/dropwizard-metrics-hadoop-metrics2-reporter/0.1.2/dropwizard-metrics-hadoop-metrics2-reporter-0.1.2.jar:/home/user/.m2/repository/io/dropwizard/metrics/metrics-jvm/3.2.5/metrics-jvm-3.2.5.jar:/home/user/.m2/repository/io/dropwizard/metrics/metrics-ganglia/3.2.5/metrics-ganglia-3.2.5.jar:/home/user/.m2/repository/info/ganglia/gmetric4j/gmetric4j/1.0.7/gmetric4j-1.0.7.jar:/home/user/.m2/repository/org/apache/ratis/ratis-netty/0.5.0-201fc85-SNAPSHOT/ratis-netty-0.5.0-201fc85-SNAPSHOT.jar:/home/user/.m2/repository/org/apache/ratis/ratis-grpc/0.5.0-201fc85-SNAPSHOT/ratis-grpc-0.5.0-201fc85-SNAPSHOT.jar:/home/user/.m2/repository/org/rocksdb/rocksdbjni/6.0.1/rocksdbjni-6.0.1.jar:/home/user/.m2/repository/org/apache/logging/log4j/log4j-api/2.11.0/log4j-api-2.11.0.jar:/home/user/.m2/repository/org/apache/logging/log4j/log4j-core/2.11.0/log4j-core-2.11.0.jar:/home/user/.m2/repository/com/lmax/disruptor/3.4.2/disruptor-3.4.2.jar:/home/user/.m2/repository/org/apache/commons/commons-pool2/2.6.0/commons-pool2-2.6.0.jar:/home/user/.m2/repository/org/bouncycastle/bcpkix-jdk15on/1.60/bcpkix-jdk15on-1.60.jar:/home/user/.m2/repository/commons-validator/commons-validator/1.6/commons-validator-1.6.jar:/home/user/.m2/repository/commons-digester/commons-digester/1.8.1/commons-digester-1.8.1.jar:/home/user/.m2/repository/io/jaegertracing/jaeger-client/0.34.0/jaeger-client-0.34.0.jar:/home/user/.m2/repository/io/jaegertracing/jaeger-thrift/0.34.0/jaeger-thrift-0.34.0.jar:/home/user/.m2/repository/org/apache/thrift/libthrift/0.12.0/libthrift-0.12.0.jar:/home/user/.m2/repository/com/squareup/okhttp3/okhttp/3.9.0/okhttp-3.9.0.jar:/home/user/.m2/repository/com/squareup/okio/okio/1.13.0/okio-1.13.0.jar:/home/user/.m2/repository/io/jaegertracing/jaeger-core/0.34.0/jaeger-core-0.34.0.jar:/home/user/.m2/repository/io/jaegertracing/jaeger-tracerresolver/0.34.0/jaeger-tracerresolver-0.34.0.jar:/home/user/.m2/repository/io/opentracing/contrib/opentracing-tracerresolver/0.1.5/opentracing-tracerresolver-0.1.5.jar:/home/user/.m2/repository/io/opentracing/opentracing-util/0.31.0/opentracing-util-0.31.0.jar:/home/user/.m2/repository/io/opentracing/opentracing-api/0.31.0/opentracing-api-0.31.0.jar:/home/user/.m2/repository/io/opentracing/opentracing-noop/0.31.0/opentracing-noop-0.31.0.jar:/home/user/.m2/repository/org/apache/hadoop/hadoop-hdds-server-framework/0.5.0-SNAPSHOT/hadoop-hdds-server-framework-0.5.0-SNAPSHOT.jar:/home/user/.m2/repository/org/apache/hadoop/hadoop-hdds-container-service/0.5.0-SNAPSHOT/hadoop-hdds-container-service-0.5.0-SNAPSHOT.jar:/home/user/.m2/repository/org/apache/hadoop/hadoop-hdds-client/0.5.0-SNAPSHOT/hadoop-hdds-client-0.5.0-SNAPSHOT.jar:/home/user/.m2/repository/org/apache/hadoop/hadoop-hdds-tools/0.5.0-SNAPSHOT/hadoop-hdds-tools-0.5.0-SNAPSHOT.jar:/home/user/.m2/repository/org/apache/hadoop/hadoop-hdds-server-scm/0.5.0-SNAPSHOT/hadoop-hdds-server-scm-0.5.0-SNAPSHOT.jar:/home/user/.m2/repository/org/apache/hadoop/hadoop-hdds-docs/0.5.0-SNAPSHOT/hadoop-hdds-docs-0.5.0-SNAPSHOT.jar:/home/user/.m2/repository/io/dropwizard/metrics/metrics-core/3.2.4/metrics-core-3.2.4.jar:/home/user/.m2/repository/org/hamcrest/hamcrest-all/1.3/hamcrest-all-1.3.jar:/home/user/.m2/repository/org/bouncycastle/bcprov-jdk15on/1.60/bcprov-jdk15on-1.60.jar:/home/user/.m2/repository/info/picocli/picocli/3.9.6/picocli-3.9.6.jar:/home/user/.m2/repository/com/google/protobuf/protobuf-java/2.5.0/protobuf-java-2.5.0.jar:/home/user/.m2/repository/com/google/guava/guava/11.0.2/guava-11.0.2.jar:/home/user/.m2/repository/org/apache/hadoop/hadoop-ozone-ozone-manager/0.5.0-SNAPSHOT/hadoop-ozone-ozone-manager-0.5.0-SNAPSHOT.jar:/home/user/.m2/repository/org/apache/hadoop/hadoop-minikdc/3.2.0/hadoop-minikdc-3.2.0.jar:/home/user/.m2/repository/commons-io/commons-io/2.5/commons-io-2.5.jar:/home/user/.m2/repository/org/apache/kerby/kerb-simplekdc/1.0.1/kerb-simplekdc-1.0.1.jar:/home/user/.m2/repository/org/apache/kerby/kerb-client/1.0.1/kerb-client-1.0.1.jar:/home/user/.m2/repository/org/apache/kerby/kerby-config/1.0.1/kerby-config-1.0.1.jar:/home/user/.m2/repository/org/apache/kerby/kerb-core/1.0.1/kerb-core-1.0.1.jar:/home/user/.m2/repository/org/apache/kerby/kerby-pkix/1.0.1/kerby-pkix-1.0.1.jar:/home/user/.m2/repository/org/apache/kerby/kerby-asn1/1.0.1/kerby-asn1-1.0.1.jar:/home/user/.m2/repository/org/apache/kerby/kerby-util/1.0.1/kerby-util-1.0.1.jar:/home/user/.m2/repository/org/apache/kerby/kerb-common/1.0.1/kerb-common-1.0.1.jar:/home/user/.m2/repository/org/apache/kerby/kerb-crypto/1.0.1/kerb-crypto-1.0.1.jar:/home/user/.m2/repository/org/apache/kerby/kerb-util/1.0.1/kerb-util-1.0.1.jar:/home/user/.m2/repository/org/apache/kerby/token-provider/1.0.1/token-provider-1.0.1.jar:/home/user/.m2/repository/org/apache/kerby/kerb-admin/1.0.1/kerb-admin-1.0.1.jar:/home/user/.m2/repository/org/apache/kerby/kerb-server/1.0.1/kerb-server-1.0.1.jar:/home/user/.m2/repository/org/apache/kerby/kerb-identity/1.0.1/kerb-identity-1.0.1.jar:/home/user/.m2/repository/org/apache/kerby/kerby-xdr/1.0.1/kerby-xdr-1.0.1.jar:/home/user/.m2/repository/org/slf4j/slf4j-log4j12/1.7.25/slf4j-log4j12-1.7.25.jar:/home/user/.m2/repository/org/apache/hadoop/hadoop-ozone-s3gateway/0.5.0-SNAPSHOT/hadoop-ozone-s3gateway-0.5.0-SNAPSHOT.jar:/home/user/.m2/repository/org/jboss/weld/servlet/weld-servlet/2.4.7.Final/weld-servlet-2.4.7.Final.jar:/home/user/.m2/repository/org/glassfish/jersey/containers/jersey-container-servlet-core/2.27/jersey-container-servlet-core-2.27.jar:/home/user/.m2/repository/org/glassfish/hk2/external/javax.inject/2.5.0-b42/javax.inject-2.5.0-b42.jar:/home/user/.m2/repository/org/glassfish/jersey/core/jersey-common/2.27/jersey-common-2.27.jar:/home/user/.m2/repository/org/glassfish/hk2/osgi-resource-locator/1.0.1/osgi-resource-locator-1.0.1.jar:/home/user/.m2/repository/javax/ws/rs/javax.ws.rs-api/2.1/javax.ws.rs-api-2.1.jar:/home/user/.m2/repository/org/glassfish/jersey/ext/cdi/jersey-cdi1x/2.27/jersey-cdi1x-2.27.jar:/home/user/.m2/repository/org/glassfish/jersey/inject/jersey-hk2/2.27/jersey-hk2-2.27.jar:/home/user/.m2/repository/org/glassfish/hk2/hk2-locator/2.5.0-b42/hk2-locator-2.5.0-b42.jar:/home/user/.m2/repository/org/javassist/javassist/3.22.0-CR2/javassist-3.22.0-CR2.jar:/home/user/.m2/repository/org/glassfish/hk2/hk2-api/2.5.0/hk2-api-2.5.0.jar:/home/user/.m2/repository/org/glassfish/hk2/external/jakarta.inject/2.5.0/jakarta.inject-2.5.0.jar:/home/user/.m2/repository/org/glassfish/hk2/hk2-utils/2.5.0/hk2-utils-2.5.0.jar:/home/user/.m2/repository/jakarta/annotation/jakarta.annotation-api/1.3.4/jakarta.annotation-api-1.3.4.jar:/home/user/.m2/repository/org/glassfish/hk2/external/aopalliance-repackaged/2.5.0/aopalliance-repackaged-2.5.0.jar:/home/user/.m2/repository/com/fasterxml/jackson/dataformat/jackson-dataformat-xml/2.9.0/jackson-dataformat-xml-2.9.0.jar:/home/user/.m2/repository/com/fasterxml/jackson/core/jackson-core/2.9.9/jackson-core-2.9.9.jar:/home/user/.m2/repository/com/fasterxml/jackson/module/jackson-module-jaxb-annotations/2.9.9/jackson-module-jaxb-annotations-2.9.9.jar:/home/user/.m2/repository/javax/enterprise/cdi-api/1.2/cdi-api-1.2.jar:/home/user/.m2/repository/javax/el/javax.el-api/3.0.0/javax.el-api-3.0.0.jar:/home/user/.m2/repository/javax/interceptor/javax.interceptor-api/1.2/javax.interceptor-api-1.2.jar:/home/user/.m2/repository/javax/inject/javax.inject/1/javax.inject-1.jar:/home/user/.m2/repository/com/sun/xml/bind/jaxb-impl/2.3.0.1/jaxb-impl-2.3.0.1.jar:/home/user/.m2/repository/com/sun/xml/bind/jaxb-core/2.3.0.1/jaxb-core-2.3.0.1.jar:/home/user/.m2/repository/javax/xml/bind/jaxb-api/2.3.0/jaxb-api-2.3.0.jar:/home/user/.m2/repository/javax/activation/activation/1.1.1/activation-1.1.1.jar:/home/user/.m2/repository/org/apache/hadoop/hadoop-ozone-csi/0.5.0-SNAPSHOT/hadoop-ozone-csi-0.5.0-SNAPSHOT.jar:/home/user/.m2/repository/com/google/protobuf/protobuf-java-util/3.5.1/protobuf-java-util-3.5.1.jar:/home/user/.m2/repository/org/apache/hadoop/hadoop-hdds-config/0.5.0-SNAPSHOT/hadoop-hdds-config-0.5.0-SNAPSHOT.jar:/home/user/.m2/repository/io/grpc/grpc-netty/1.17.1/grpc-netty-1.17.1.jar:/home/user/.m2/repository/io/grpc/grpc-core/1.17.1/grpc-core-1.17.1.jar:/home/user/.m2/repository/io/grpc/grpc-context/1.17.1/grpc-context-1.17.1.jar:/home/user/.m2/repository/com/google/errorprone/error_prone_annotations/2.2.0/error_prone_annotations-2.2.0.jar:/home/user/.m2/repository/org/codehaus/mojo/animal-sniffer-annotations/1.17/animal-sniffer-annotations-1.17.jar:/home/user/.m2/repository/io/opencensus/opencensus-api/0.17.0/opencensus-api-0.17.0.jar:/home/user/.m2/repository/io/opencensus/opencensus-contrib-grpc-metrics/0.17.0/opencensus-contrib-grpc-metrics-0.17.0.jar:/home/user/.m2/repository/io/netty/netty-codec-http2/4.1.30.Final/netty-codec-http2-4.1.30.Final.jar:/home/user/.m2/repository/io/netty/netty-codec-http/4.1.30.Final/netty-codec-http-4.1.30.Final.jar:/home/user/.m2/repository/io/netty/netty-codec/4.1.30.Final/netty-codec-4.1.30.Final.jar:/home/user/.m2/repository/io/netty/netty-handler/4.1.30.Final/netty-handler-4.1.30.Final.jar:/home/user/.m2/repository/io/netty/netty-handler-proxy/4.1.30.Final/netty-handler-proxy-4.1.30.Final.jar:/home/user/.m2/repository/io/netty/netty-codec-socks/4.1.30.Final/netty-codec-socks-4.1.30.Final.jar:/home/user/.m2/repository/io/netty/netty-transport-native-epoll/4.1.30.Final/netty-transport-native-epoll-4.1.30.Final.jar:/home/user/.m2/repository/io/netty/netty-common/4.1.30.Final/netty-common-4.1.30.Final.jar:/home/user/.m2/repository/io/netty/netty-buffer/4.1.30.Final/netty-buffer-4.1.30.Final.jar:/home/user/.m2/repository/io/netty/netty-transport/4.1.30.Final/netty-transport-4.1.30.Final.jar:/home/user/.m2/repository/io/netty/netty-resolver/4.1.30.Final/netty-resolver-4.1.30.Final.jar:/home/user/.m2/repository/io/netty/netty-transport-native-unix-common/4.1.30.Final/netty-transport-native-unix-common-4.1.30.Final.jar:/home/user/.m2/repository/io/grpc/grpc-protobuf/1.17.1/grpc-protobuf-1.17.1.jar:/home/user/.m2/repository/com/google/api/grpc/proto-google-common-protos/1.0.0/proto-google-common-protos-1.0.0.jar:/home/user/.m2/repository/io/grpc/grpc-protobuf-lite/1.17.1/grpc-protobuf-lite-1.17.1.jar:/home/user/.m2/repository/io/grpc/grpc-stub/1.17.1/grpc-stub-1.17.1.jar:/home/user/.m2/repository/org/apache/hadoop/hadoop-ozone-recon/0.5.0-SNAPSHOT/hadoop-ozone-recon-0.5.0-SNAPSHOT.jar:/home/user/.m2/repository/org/apache/hadoop/hadoop-ozone-reconcodegen/0.5.0-SNAPSHOT/hadoop-ozone-reconcodegen-0.5.0-SNAPSHOT.jar:/home/user/.m2/repository/com/google/inject/extensions/guice-multibindings/4.0/guice-multibindings-4.0.jar:/home/user/.m2/repository/com/google/inject/guice/4.0/guice-4.0.jar:/home/user/.m2/repository/aopalliance/aopalliance/1.0/aopalliance-1.0.jar:/home/user/.m2/repository/com/google/inject/extensions/guice-servlet/4.0/guice-servlet-4.0.jar:/home/user/.m2/repository/org/glassfish/jersey/containers/jersey-container-servlet/2.27/jersey-container-servlet-2.27.jar:/home/user/.m2/repository/org/glassfish/hk2/guice-bridge/2.5.0/guice-bridge-2.5.0.jar:/home/user/.m2/repository/org/glassfish/jersey/core/jersey-server/2.27/jersey-server-2.27.jar:/home/user/.m2/repository/org/glassfish/jersey/core/jersey-client/2.27/jersey-client-2.27.jar:/home/user/.m2/repository/org/glassfish/jersey/media/jersey-media-jaxb/2.27/jersey-media-jaxb-2.27.jar:/home/user/.m2/repository/javax/validation/validation-api/1.1.0.Final/validation-api-1.1.0.Final.jar:/home/user/.m2/repository/org/glassfish/jersey/media/jersey-media-json-jackson/2.27/jersey-media-json-jackson-2.27.jar:/home/user/.m2/repository/org/glassfish/jersey/ext/jersey-entity-filtering/2.27/jersey-entity-filtering-2.27.jar:/home/user/.m2/repository/com/google/inject/extensions/guice-assistedinject/4.0/guice-assistedinject-4.0.jar:/home/user/.m2/repository/org/jooq/jooq/3.11.10/jooq-3.11.10.jar:/home/user/.m2/repository/org/jooq/jooq-meta/3.11.10/jooq-meta-3.11.10.jar:/home/user/.m2/repository/org/jooq/jooq-codegen/3.11.10/jooq-codegen-3.11.10.jar:/home/user/.m2/repository/com/jolbox/bonecp/0.8.0.RELEASE/bonecp-0.8.0.RELEASE.jar:/home/user/.m2/repository/org/xerial/sqlite-jdbc/3.25.2/sqlite-jdbc-3.25.2.jar:/home/user/.m2/repository/org/springframework/spring-jdbc/5.1.3.RELEASE/spring-jdbc-5.1.3.RELEASE.jar:/home/user/.m2/repository/org/springframework/spring-beans/5.1.3.RELEASE/spring-beans-5.1.3.RELEASE.jar:/home/user/.m2/repository/org/springframework/spring-core/5.1.3.RELEASE/spring-core-5.1.3.RELEASE.jar:/home/user/.m2/repository/org/springframework/spring-jcl/5.1.3.RELEASE/spring-jcl-5.1.3.RELEASE.jar:/home/user/.m2/repository/org/springframework/spring-tx/5.1.3.RELEASE/spring-tx-5.1.3.RELEASE.jar:/home/user/.m2/repository/org/apache/hadoop/hadoop-ozone-client/0.5.0-SNAPSHOT/hadoop-ozone-client-0.5.0-SNAPSHOT.jar:/home/user/.m2/repository/commons-lang/commons-lang/2.6/commons-lang-2.6.jar:/home/user/.m2/repository/org/apache/hadoop/hadoop-ozone-ozone-manager/0.5.0-SNAPSHOT/hadoop-ozone-ozone-manager-0.5.0-SNAPSHOT-tests.jar:/home/user/.m2/repository/junit/junit/4.11/junit-4.11.jar:/home/user/.m2/repository/org/hamcrest/hamcrest-core/1.3/hamcrest-core-1.3.jar:/home/user/.m2/repository/org/openjdk/jmh/jmh-core/1.19/jmh-core-1.19.jar:/home/user/.m2/repository/net/sf/jopt-simple/jopt-simple/4.6/jopt-simple-4.6.jar:/home/user/.m2/repository/org/apache/commons/commons-math3/3.1.1/commons-math3-3.1.1.jar:/home/user/.m2/repository/org/openjdk/jmh/jmh-generator-annprocess/1.19/jmh-generator-annprocess-1.19.jar:/home/user/.m2/repository/org/mockito/mockito-all/1.8.5/mockito-all-1.8.5.jar:/home/user/.m2/repository/org/apache/hadoop/hadoop-kms/3.2.0/hadoop-kms-3.2.0.jar:/home/user/.m2/repository/org/apache/hadoop/hadoop-auth/3.2.0/hadoop-auth-3.2.0.jar:/home/user/.m2/repository/com/nimbusds/nimbus-jose-jwt/4.41.1/nimbus-jose-jwt-4.41.1.jar:/home/user/.m2/repository/com/github/stephenc/jcip/jcip-annotations/1.0-1/jcip-annotations-1.0-1.jar:/home/user/.m2/repository/net/minidev/json-smart/2.3/json-smart-2.3.jar:/home/user/.m2/repository/net/minidev/accessors-smart/1.2/accessors-smart-1.2.jar:/home/user/.m2/repository/org/ow2/asm/asm/5.0.4/asm-5.0.4.jar:/home/user/.m2/repository/org/apache/curator/curator-framework/2.12.0/curator-framework-2.12.0.jar:/home/user/.m2/repository/com/sun/jersey/jersey-core/1.19/jersey-core-1.19.jar:/home/user/.m2/repository/javax/ws/rs/jsr311-api/1.1.1/jsr311-api-1.1.1.jar:/home/user/.m2/repository/com/sun/jersey/jersey-server/1.19/jersey-server-1.19.jar:/home/user/.m2/repository/javax/servlet/javax.servlet-api/3.1.0/javax.servlet-api-3.1.0.jar:/home/user/.m2/repository/org/eclipse/jetty/jetty-server/9.3.25.v20180904/jetty-server-9.3.25.v20180904.jar:/home/user/.m2/repository/org/eclipse/jetty/jetty-http/9.3.25.v20180904/jetty-http-9.3.25.v20180904.jar:/home/user/.m2/repository/org/eclipse/jetty/jetty-io/9.3.25.v20180904/jetty-io-9.3.25.v20180904.jar:/home/user/.m2/repository/org/eclipse/jetty/jetty-webapp/9.3.25.v20180904/jetty-webapp-9.3.25.v20180904.jar:/home/user/.m2/repository/org/eclipse/jetty/jetty-xml/9.3.25.v20180904/jetty-xml-9.3.25.v20180904.jar:/home/user/.m2/repository/log4j/log4j/1.2.17/log4j-1.2.17.jar:/home/user/.m2/repository/org/slf4j/slf4j-api/1.7.25/slf4j-api-1.7.25.jar:/home/user/.m2/repository/org/slf4j/jul-to-slf4j/1.7.25/jul-to-slf4j-1.7.25.jar:/home/user/.m2/repository/org/eclipse/jetty/jetty-util/9.3.25.v20180904/jetty-util-9.3.25.v20180904.jar:/home/user/.m2/repository/com/fasterxml/jackson/core/jackson-databind/2.9.9/jackson-databind-2.9.9.jar:/home/user/.m2/repository/org/apache/hadoop/hadoop-kms/3.2.0/hadoop-kms-3.2.0-tests.jar:/home/user/.m2/repository/org/apache/hadoop/hadoop-hdds-server-scm/0.5.0-SNAPSHOT/hadoop-hdds-server-scm-0.5.0-SNAPSHOT-tests.jar:/home/user/.m2/repository/org/apache/hadoop/hadoop-hdds-container-service/0.5.0-SNAPSHOT/hadoop-hdds-container-service-0.5.0-SNAPSHOT-tests.jar:/home/user/.m2/repository/org/yaml/snakeyaml/1.16/snakeyaml-1.16.jar:/home/user/.m2/repository/org/apache/hadoop/hadoop-common/3.2.0/hadoop-common-3.2.0-tests.jar:/home/user/.m2/repository/org/apache/hadoop/hadoop-annotations/3.2.0/hadoop-annotations-3.2.0.jar:/usr/lib/jvm/java-1.8-openjdk/jre/../lib/tools.jar:/home/user/.m2/repository/commons-cli/commons-cli/1.2/commons-cli-1.2.jar:/home/user/.m2/repository/org/apache/httpcomponents/httpclient/4.5.2/httpclient-4.5.2.jar:/home/user/.m2/repository/org/apache/httpcomponents/httpcore/4.4.4/httpcore-4.4.4.jar:/home/user/.m2/repository/commons-codec/commons-codec/1.11/commons-codec-1.11.jar:/home/user/.m2/repository/commons-net/commons-net/3.6/commons-net-3.6.jar:/home/user/.m2/repository/commons-collections/commons-collections/3.2.2/commons-collections-3.2.2.jar:/home/user/.m2/repository/org/eclipse/jetty/jetty-servlet/9.3.25.v20180904/jetty-servlet-9.3.25.v20180904.jar:/home/user/.m2/repository/org/eclipse/jetty/jetty-security/9.3.25.v20180904/jetty-security-9.3.25.v20180904.jar:/home/user/.m2/repository/javax/servlet/jsp/jsp-api/2.1/jsp-api-2.1.jar:/home/user/.m2/repository/com/sun/jersey/jersey-servlet/1.19/jersey-servlet-1.19.jar:/home/user/.m2/repository/com/sun/jersey/jersey-json/1.19/jersey-json-1.19.jar:/home/user/.m2/repository/org/codehaus/jettison/jettison/1.1/jettison-1.1.jar:/home/user/.m2/repository/org/codehaus/jackson/jackson-core-asl/1.9.13/jackson-core-asl-1.9.13.jar:/home/user/.m2/repository/org/codehaus/jackson/jackson-mapper-asl/1.9.13/jackson-mapper-asl-1.9.13.jar:/home/user/.m2/repository/org/codehaus/jackson/jackson-jaxrs/1.9.13/jackson-jaxrs-1.9.13.jar:/home/user/.m2/repository/org/codehaus/jackson/jackson-xc/1.9.13/jackson-xc-1.9.13.jar:/home/user/.m2/repository/commons-logging/commons-logging/1.1.3/commons-logging-1.1.3.jar:/home/user/.m2/repository/commons-beanutils/commons-beanutils/1.9.4/commons-beanutils-1.9.4.jar:/home/user/.m2/repository/org/apache/commons/commons-configuration2/2.1.1/commons-configuration2-2.1.1.jar:/home/user/.m2/repository/org/apache/commons/commons-lang3/3.7/commons-lang3-3.7.jar:/home/user/.m2/repository/org/apache/commons/commons-text/1.4/commons-text-1.4.jar:/home/user/.m2/repository/org/apache/avro/avro/1.7.7/avro-1.7.7.jar:/home/user/.m2/repository/com/thoughtworks/paranamer/paranamer/2.3/paranamer-2.3.jar:/home/user/.m2/repository/org/xerial/snappy/snappy-java/1.0.5/snappy-java-1.0.5.jar:/home/user/.m2/repository/com/google/re2j/re2j/1.1/re2j-1.1.jar:/home/user/.m2/repository/com/google/code/gson/gson/2.2.4/gson-2.2.4.jar:/home/user/.m2/repository/com/jcraft/jsch/0.1.54/jsch-0.1.54.jar:/home/user/.m2/repository/org/apache/curator/curator-client/2.12.0/curator-client-2.12.0.jar:/home/user/.m2/repository/org/apache/curator/curator-recipes/2.12.0/curator-recipes-2.12.0.jar:/home/user/.m2/repository/com/google/code/findbugs/jsr305/3.0.0/jsr305-3.0.0.jar:/home/user/.m2/repository/org/apache/htrace/htrace-core4/4.1.0-incubating/htrace-core4-4.1.0-incubating.jar:/home/user/.m2/repository/org/apache/zookeeper/zookeeper/3.4.13/zookeeper-3.4.13.jar:/home/user/.m2/repository/jline/jline/0.9.94/jline-0.9.94.jar:/home/user/.m2/repository/org/apache/yetus/audience-annotations/0.5.0/audience-annotations-0.5.0.jar:/home/user/.m2/repository/org/codehaus/woodstox/stax2-api/3.1.4/stax2-api-3.1.4.jar:/home/user/.m2/repository/com/fasterxml/woodstox/woodstox-core/5.0.3/woodstox-core-5.0.3.jar:/home/user/.m2/repository/dnsjava/dnsjava/2.1.7/dnsjava-2.1.7.jar:/home/user/.m2/repository/org/apache/hadoop/hadoop-hdfs/3.2.0/hadoop-hdfs-3.2.0-tests.jar:/home/user/.m2/repository/org/eclipse/jetty/jetty-util-ajax/9.3.25.v20180904/jetty-util-ajax-9.3.25.v20180904.jar:/home/user/.m2/repository/commons-daemon/commons-daemon/1.0.13/commons-daemon-1.0.13.jar:/home/user/.m2/repository/io/netty/netty/3.10.5.Final/netty-3.10.5.Final.jar:/home/user/.m2/repository/io/netty/netty-all/4.0.52.Final/netty-all-4.0.52.Final.jar:/home/user/.m2/repository/org/fusesource/leveldbjni/leveldbjni-all/1.8/leveldbjni-all-1.8.jar:"/>
    <property name="java.vm.vendor" value="IcedTea"/>
    <property name="sun.arch.data.model" value="64"/>
    <property name="test.build.dir" value="/workdir/hadoop-ozone/integration-test/target/test-dir"/>
    <property name="test.cache.data" value=""/>
    <property name="java.vendor.url" value="https://icedtea.classpath.org"/>
    <property name="user.timezone" value=""/>
    <property name="java.vm.specification.version" value="1.8"/>
    <property name="os.name" value="Linux"/>
    <property name="test.build.data" value="/workdir/hadoop-ozone/integration-test/target/test-dir"/>
    <property name="user.country" value="US"/>
    <property name="sun.java.launcher" value="SUN_STANDARD"/>
    <property name="sun.boot.library.path" value="/usr/lib/jvm/java-1.8-openjdk/jre/lib/amd64"/>
    <property name="sun.java.command" value="/workdir/hadoop-ozone/integration-test/target/surefire/surefirebooter1038828276527214955.jar /workdir/hadoop-ozone/integration-test/target/surefire 2019-10-06T14-52-40_697-jvmRun1 surefire6163677762553368801tmp surefire_414562037976970123526tmp"/>
    <property name="surefire.test.class.path" value="/workdir/hadoop-ozone/integration-test/target/test-classes:/workdir/hadoop-ozone/integration-test/target/classes:/home/user/.m2/repository/org/apache/hadoop/hadoop-ozone-common/0.5.0-SNAPSHOT/hadoop-ozone-common-0.5.0-SNAPSHOT.jar:/home/user/.m2/repository/org/apache/commons/commons-compress/1.4.1/commons-compress-1.4.1.jar:/home/user/.m2/repository/org/tukaani/xz/1.0/xz-1.0.jar:/home/user/.m2/repository/org/apache/hadoop/hadoop-common/3.2.0/hadoop-common-3.2.0.jar:/home/user/.m2/repository/org/apache/hadoop/hadoop-hdfs/3.2.0/hadoop-hdfs-3.2.0.jar:/home/user/.m2/repository/org/apache/hadoop/hadoop-hdfs-client/3.2.0/hadoop-hdfs-client-3.2.0.jar:/home/user/.m2/repository/com/fasterxml/jackson/core/jackson-annotations/2.9.9/jackson-annotations-2.9.9.jar:/home/user/.m2/repository/org/apache/hadoop/hadoop-hdds-common/0.5.0-SNAPSHOT/hadoop-hdds-common-0.5.0-SNAPSHOT.jar:/home/user/.m2/repository/javax/annotation/javax.annotation-api/1.2/javax.annotation-api-1.2.jar:/home/user/.m2/repository/org/apache/ratis/ratis-server/0.5.0-201fc85-SNAPSHOT/ratis-server-0.5.0-201fc85-SNAPSHOT.jar:/home/user/.m2/repository/org/apache/ratis/ratis-thirdparty-misc/0.2.0/ratis-thirdparty-misc-0.2.0.jar:/home/user/.m2/repository/org/apache/ratis/ratis-proto/0.5.0-201fc85-SNAPSHOT/ratis-proto-0.5.0-201fc85-SNAPSHOT.jar:/home/user/.m2/repository/org/apache/ratis/ratis-common/0.5.0-201fc85-SNAPSHOT/ratis-common-0.5.0-201fc85-SNAPSHOT.jar:/home/user/.m2/repository/org/apache/ratis/ratis-client/0.5.0-201fc85-SNAPSHOT/ratis-client-0.5.0-201fc85-SNAPSHOT.jar:/home/user/.m2/repository/org/apache/ratis/ratis-metrics/0.5.0-201fc85-SNAPSHOT/ratis-metrics-0.5.0-201fc85-SNAPSHOT.jar:/home/user/.m2/repository/com/github/joshelser/dropwizard-metrics-hadoop-metrics2-reporter/0.1.2/dropwizard-metrics-hadoop-metrics2-reporter-0.1.2.jar:/home/user/.m2/repository/io/dropwizard/metrics/metrics-jvm/3.2.5/metrics-jvm-3.2.5.jar:/home/user/.m2/repository/io/dropwizard/metrics/metrics-ganglia/3.2.5/metrics-ganglia-3.2.5.jar:/home/user/.m2/repository/info/ganglia/gmetric4j/gmetric4j/1.0.7/gmetric4j-1.0.7.jar:/home/user/.m2/repository/org/apache/ratis/ratis-netty/0.5.0-201fc85-SNAPSHOT/ratis-netty-0.5.0-201fc85-SNAPSHOT.jar:/home/user/.m2/repository/org/apache/ratis/ratis-grpc/0.5.0-201fc85-SNAPSHOT/ratis-grpc-0.5.0-201fc85-SNAPSHOT.jar:/home/user/.m2/repository/org/rocksdb/rocksdbjni/6.0.1/rocksdbjni-6.0.1.jar:/home/user/.m2/repository/org/apache/logging/log4j/log4j-api/2.11.0/log4j-api-2.11.0.jar:/home/user/.m2/repository/org/apache/logging/log4j/log4j-core/2.11.0/log4j-core-2.11.0.jar:/home/user/.m2/repository/com/lmax/disruptor/3.4.2/disruptor-3.4.2.jar:/home/user/.m2/repository/org/apache/commons/commons-pool2/2.6.0/commons-pool2-2.6.0.jar:/home/user/.m2/repository/org/bouncycastle/bcpkix-jdk15on/1.60/bcpkix-jdk15on-1.60.jar:/home/user/.m2/repository/commons-validator/commons-validator/1.6/commons-validator-1.6.jar:/home/user/.m2/repository/commons-digester/commons-digester/1.8.1/commons-digester-1.8.1.jar:/home/user/.m2/repository/io/jaegertracing/jaeger-client/0.34.0/jaeger-client-0.34.0.jar:/home/user/.m2/repository/io/jaegertracing/jaeger-thrift/0.34.0/jaeger-thrift-0.34.0.jar:/home/user/.m2/repository/org/apache/thrift/libthrift/0.12.0/libthrift-0.12.0.jar:/home/user/.m2/repository/com/squareup/okhttp3/okhttp/3.9.0/okhttp-3.9.0.jar:/home/user/.m2/repository/com/squareup/okio/okio/1.13.0/okio-1.13.0.jar:/home/user/.m2/repository/io/jaegertracing/jaeger-core/0.34.0/jaeger-core-0.34.0.jar:/home/user/.m2/repository/io/jaegertracing/jaeger-tracerresolver/0.34.0/jaeger-tracerresolver-0.34.0.jar:/home/user/.m2/repository/io/opentracing/contrib/opentracing-tracerresolver/0.1.5/opentracing-tracerresolver-0.1.5.jar:/home/user/.m2/repository/io/opentracing/opentracing-util/0.31.0/opentracing-util-0.31.0.jar:/home/user/.m2/repository/io/opentracing/opentracing-api/0.31.0/opentracing-api-0.31.0.jar:/home/user/.m2/repository/io/opentracing/opentracing-noop/0.31.0/opentracing-noop-0.31.0.jar:/home/user/.m2/repository/org/apache/hadoop/hadoop-hdds-server-framework/0.5.0-SNAPSHOT/hadoop-hdds-server-framework-0.5.0-SNAPSHOT.jar:/home/user/.m2/repository/org/apache/hadoop/hadoop-hdds-container-service/0.5.0-SNAPSHOT/hadoop-hdds-container-service-0.5.0-SNAPSHOT.jar:/home/user/.m2/repository/org/apache/hadoop/hadoop-hdds-client/0.5.0-SNAPSHOT/hadoop-hdds-client-0.5.0-SNAPSHOT.jar:/home/user/.m2/repository/org/apache/hadoop/hadoop-hdds-tools/0.5.0-SNAPSHOT/hadoop-hdds-tools-0.5.0-SNAPSHOT.jar:/home/user/.m2/repository/org/apache/hadoop/hadoop-hdds-server-scm/0.5.0-SNAPSHOT/hadoop-hdds-server-scm-0.5.0-SNAPSHOT.jar:/home/user/.m2/repository/org/apache/hadoop/hadoop-hdds-docs/0.5.0-SNAPSHOT/hadoop-hdds-docs-0.5.0-SNAPSHOT.jar:/home/user/.m2/repository/io/dropwizard/metrics/metrics-core/3.2.4/metrics-core-3.2.4.jar:/home/user/.m2/repository/org/hamcrest/hamcrest-all/1.3/hamcrest-all-1.3.jar:/home/user/.m2/repository/org/bouncycastle/bcprov-jdk15on/1.60/bcprov-jdk15on-1.60.jar:/home/user/.m2/repository/info/picocli/picocli/3.9.6/picocli-3.9.6.jar:/home/user/.m2/repository/com/google/protobuf/protobuf-java/2.5.0/protobuf-java-2.5.0.jar:/home/user/.m2/repository/com/google/guava/guava/11.0.2/guava-11.0.2.jar:/home/user/.m2/repository/org/apache/hadoop/hadoop-ozone-ozone-manager/0.5.0-SNAPSHOT/hadoop-ozone-ozone-manager-0.5.0-SNAPSHOT.jar:/home/user/.m2/repository/org/apache/hadoop/hadoop-minikdc/3.2.0/hadoop-minikdc-3.2.0.jar:/home/user/.m2/repository/commons-io/commons-io/2.5/commons-io-2.5.jar:/home/user/.m2/repository/org/apache/kerby/kerb-simplekdc/1.0.1/kerb-simplekdc-1.0.1.jar:/home/user/.m2/repository/org/apache/kerby/kerb-client/1.0.1/kerb-client-1.0.1.jar:/home/user/.m2/repository/org/apache/kerby/kerby-config/1.0.1/kerby-config-1.0.1.jar:/home/user/.m2/repository/org/apache/kerby/kerb-core/1.0.1/kerb-core-1.0.1.jar:/home/user/.m2/repository/org/apache/kerby/kerby-pkix/1.0.1/kerby-pkix-1.0.1.jar:/home/user/.m2/repository/org/apache/kerby/kerby-asn1/1.0.1/kerby-asn1-1.0.1.jar:/home/user/.m2/repository/org/apache/kerby/kerby-util/1.0.1/kerby-util-1.0.1.jar:/home/user/.m2/repository/org/apache/kerby/kerb-common/1.0.1/kerb-common-1.0.1.jar:/home/user/.m2/repository/org/apache/kerby/kerb-crypto/1.0.1/kerb-crypto-1.0.1.jar:/home/user/.m2/repository/org/apache/kerby/kerb-util/1.0.1/kerb-util-1.0.1.jar:/home/user/.m2/repository/org/apache/kerby/token-provider/1.0.1/token-provider-1.0.1.jar:/home/user/.m2/repository/org/apache/kerby/kerb-admin/1.0.1/kerb-admin-1.0.1.jar:/home/user/.m2/repository/org/apache/kerby/kerb-server/1.0.1/kerb-server-1.0.1.jar:/home/user/.m2/repository/org/apache/kerby/kerb-identity/1.0.1/kerb-identity-1.0.1.jar:/home/user/.m2/repository/org/apache/kerby/kerby-xdr/1.0.1/kerby-xdr-1.0.1.jar:/home/user/.m2/repository/org/slf4j/slf4j-log4j12/1.7.25/slf4j-log4j12-1.7.25.jar:/home/user/.m2/repository/org/apache/hadoop/hadoop-ozone-s3gateway/0.5.0-SNAPSHOT/hadoop-ozone-s3gateway-0.5.0-SNAPSHOT.jar:/home/user/.m2/repository/org/jboss/weld/servlet/weld-servlet/2.4.7.Final/weld-servlet-2.4.7.Final.jar:/home/user/.m2/repository/org/glassfish/jersey/containers/jersey-container-servlet-core/2.27/jersey-container-servlet-core-2.27.jar:/home/user/.m2/repository/org/glassfish/hk2/external/javax.inject/2.5.0-b42/javax.inject-2.5.0-b42.jar:/home/user/.m2/repository/org/glassfish/jersey/core/jersey-common/2.27/jersey-common-2.27.jar:/home/user/.m2/repository/org/glassfish/hk2/osgi-resource-locator/1.0.1/osgi-resource-locator-1.0.1.jar:/home/user/.m2/repository/javax/ws/rs/javax.ws.rs-api/2.1/javax.ws.rs-api-2.1.jar:/home/user/.m2/repository/org/glassfish/jersey/ext/cdi/jersey-cdi1x/2.27/jersey-cdi1x-2.27.jar:/home/user/.m2/repository/org/glassfish/jersey/inject/jersey-hk2/2.27/jersey-hk2-2.27.jar:/home/user/.m2/repository/org/glassfish/hk2/hk2-locator/2.5.0-b42/hk2-locator-2.5.0-b42.jar:/home/user/.m2/repository/org/javassist/javassist/3.22.0-CR2/javassist-3.22.0-CR2.jar:/home/user/.m2/repository/org/glassfish/hk2/hk2-api/2.5.0/hk2-api-2.5.0.jar:/home/user/.m2/repository/org/glassfish/hk2/external/jakarta.inject/2.5.0/jakarta.inject-2.5.0.jar:/home/user/.m2/repository/org/glassfish/hk2/hk2-utils/2.5.0/hk2-utils-2.5.0.jar:/home/user/.m2/repository/jakarta/annotation/jakarta.annotation-api/1.3.4/jakarta.annotation-api-1.3.4.jar:/home/user/.m2/repository/org/glassfish/hk2/external/aopalliance-repackaged/2.5.0/aopalliance-repackaged-2.5.0.jar:/home/user/.m2/repository/com/fasterxml/jackson/dataformat/jackson-dataformat-xml/2.9.0/jackson-dataformat-xml-2.9.0.jar:/home/user/.m2/repository/com/fasterxml/jackson/core/jackson-core/2.9.9/jackson-core-2.9.9.jar:/home/user/.m2/repository/com/fasterxml/jackson/module/jackson-module-jaxb-annotations/2.9.9/jackson-module-jaxb-annotations-2.9.9.jar:/home/user/.m2/repository/javax/enterprise/cdi-api/1.2/cdi-api-1.2.jar:/home/user/.m2/repository/javax/el/javax.el-api/3.0.0/javax.el-api-3.0.0.jar:/home/user/.m2/repository/javax/interceptor/javax.interceptor-api/1.2/javax.interceptor-api-1.2.jar:/home/user/.m2/repository/javax/inject/javax.inject/1/javax.inject-1.jar:/home/user/.m2/repository/com/sun/xml/bind/jaxb-impl/2.3.0.1/jaxb-impl-2.3.0.1.jar:/home/user/.m2/repository/com/sun/xml/bind/jaxb-core/2.3.0.1/jaxb-core-2.3.0.1.jar:/home/user/.m2/repository/javax/xml/bind/jaxb-api/2.3.0/jaxb-api-2.3.0.jar:/home/user/.m2/repository/javax/activation/activation/1.1.1/activation-1.1.1.jar:/home/user/.m2/repository/org/apache/hadoop/hadoop-ozone-csi/0.5.0-SNAPSHOT/hadoop-ozone-csi-0.5.0-SNAPSHOT.jar:/home/user/.m2/repository/com/google/protobuf/protobuf-java-util/3.5.1/protobuf-java-util-3.5.1.jar:/home/user/.m2/repository/org/apache/hadoop/hadoop-hdds-config/0.5.0-SNAPSHOT/hadoop-hdds-config-0.5.0-SNAPSHOT.jar:/home/user/.m2/repository/io/grpc/grpc-netty/1.17.1/grpc-netty-1.17.1.jar:/home/user/.m2/repository/io/grpc/grpc-core/1.17.1/grpc-core-1.17.1.jar:/home/user/.m2/repository/io/grpc/grpc-context/1.17.1/grpc-context-1.17.1.jar:/home/user/.m2/repository/com/google/errorprone/error_prone_annotations/2.2.0/error_prone_annotations-2.2.0.jar:/home/user/.m2/repository/org/codehaus/mojo/animal-sniffer-annotations/1.17/animal-sniffer-annotations-1.17.jar:/home/user/.m2/repository/io/opencensus/opencensus-api/0.17.0/opencensus-api-0.17.0.jar:/home/user/.m2/repository/io/opencensus/opencensus-contrib-grpc-metrics/0.17.0/opencensus-contrib-grpc-metrics-0.17.0.jar:/home/user/.m2/repository/io/netty/netty-codec-http2/4.1.30.Final/netty-codec-http2-4.1.30.Final.jar:/home/user/.m2/repository/io/netty/netty-codec-http/4.1.30.Final/netty-codec-http-4.1.30.Final.jar:/home/user/.m2/repository/io/netty/netty-codec/4.1.30.Final/netty-codec-4.1.30.Final.jar:/home/user/.m2/repository/io/netty/netty-handler/4.1.30.Final/netty-handler-4.1.30.Final.jar:/home/user/.m2/repository/io/netty/netty-handler-proxy/4.1.30.Final/netty-handler-proxy-4.1.30.Final.jar:/home/user/.m2/repository/io/netty/netty-codec-socks/4.1.30.Final/netty-codec-socks-4.1.30.Final.jar:/home/user/.m2/repository/io/netty/netty-transport-native-epoll/4.1.30.Final/netty-transport-native-epoll-4.1.30.Final.jar:/home/user/.m2/repository/io/netty/netty-common/4.1.30.Final/netty-common-4.1.30.Final.jar:/home/user/.m2/repository/io/netty/netty-buffer/4.1.30.Final/netty-buffer-4.1.30.Final.jar:/home/user/.m2/repository/io/netty/netty-transport/4.1.30.Final/netty-transport-4.1.30.Final.jar:/home/user/.m2/repository/io/netty/netty-resolver/4.1.30.Final/netty-resolver-4.1.30.Final.jar:/home/user/.m2/repository/io/netty/netty-transport-native-unix-common/4.1.30.Final/netty-transport-native-unix-common-4.1.30.Final.jar:/home/user/.m2/repository/io/grpc/grpc-protobuf/1.17.1/grpc-protobuf-1.17.1.jar:/home/user/.m2/repository/com/google/api/grpc/proto-google-common-protos/1.0.0/proto-google-common-protos-1.0.0.jar:/home/user/.m2/repository/io/grpc/grpc-protobuf-lite/1.17.1/grpc-protobuf-lite-1.17.1.jar:/home/user/.m2/repository/io/grpc/grpc-stub/1.17.1/grpc-stub-1.17.1.jar:/home/user/.m2/repository/org/apache/hadoop/hadoop-ozone-recon/0.5.0-SNAPSHOT/hadoop-ozone-recon-0.5.0-SNAPSHOT.jar:/home/user/.m2/repository/org/apache/hadoop/hadoop-ozone-reconcodegen/0.5.0-SNAPSHOT/hadoop-ozone-reconcodegen-0.5.0-SNAPSHOT.jar:/home/user/.m2/repository/com/google/inject/extensions/guice-multibindings/4.0/guice-multibindings-4.0.jar:/home/user/.m2/repository/com/google/inject/guice/4.0/guice-4.0.jar:/home/user/.m2/repository/aopalliance/aopalliance/1.0/aopalliance-1.0.jar:/home/user/.m2/repository/com/google/inject/extensions/guice-servlet/4.0/guice-servlet-4.0.jar:/home/user/.m2/repository/org/glassfish/jersey/containers/jersey-container-servlet/2.27/jersey-container-servlet-2.27.jar:/home/user/.m2/repository/org/glassfish/hk2/guice-bridge/2.5.0/guice-bridge-2.5.0.jar:/home/user/.m2/repository/org/glassfish/jersey/core/jersey-server/2.27/jersey-server-2.27.jar:/home/user/.m2/repository/org/glassfish/jersey/core/jersey-client/2.27/jersey-client-2.27.jar:/home/user/.m2/repository/org/glassfish/jersey/media/jersey-media-jaxb/2.27/jersey-media-jaxb-2.27.jar:/home/user/.m2/repository/javax/validation/validation-api/1.1.0.Final/validation-api-1.1.0.Final.jar:/home/user/.m2/repository/org/glassfish/jersey/media/jersey-media-json-jackson/2.27/jersey-media-json-jackson-2.27.jar:/home/user/.m2/repository/org/glassfish/jersey/ext/jersey-entity-filtering/2.27/jersey-entity-filtering-2.27.jar:/home/user/.m2/repository/com/google/inject/extensions/guice-assistedinject/4.0/guice-assistedinject-4.0.jar:/home/user/.m2/repository/org/jooq/jooq/3.11.10/jooq-3.11.10.jar:/home/user/.m2/repository/org/jooq/jooq-meta/3.11.10/jooq-meta-3.11.10.jar:/home/user/.m2/repository/org/jooq/jooq-codegen/3.11.10/jooq-codegen-3.11.10.jar:/home/user/.m2/repository/com/jolbox/bonecp/0.8.0.RELEASE/bonecp-0.8.0.RELEASE.jar:/home/user/.m2/repository/org/xerial/sqlite-jdbc/3.25.2/sqlite-jdbc-3.25.2.jar:/home/user/.m2/repository/org/springframework/spring-jdbc/5.1.3.RELEASE/spring-jdbc-5.1.3.RELEASE.jar:/home/user/.m2/repository/org/springframework/spring-beans/5.1.3.RELEASE/spring-beans-5.1.3.RELEASE.jar:/home/user/.m2/repository/org/springframework/spring-core/5.1.3.RELEASE/spring-core-5.1.3.RELEASE.jar:/home/user/.m2/repository/org/springframework/spring-jcl/5.1.3.RELEASE/spring-jcl-5.1.3.RELEASE.jar:/home/user/.m2/repository/org/springframework/spring-tx/5.1.3.RELEASE/spring-tx-5.1.3.RELEASE.jar:/home/user/.m2/repository/org/apache/hadoop/hadoop-ozone-client/0.5.0-SNAPSHOT/hadoop-ozone-client-0.5.0-SNAPSHOT.jar:/home/user/.m2/repository/commons-lang/commons-lang/2.6/commons-lang-2.6.jar:/home/user/.m2/repository/org/apache/hadoop/hadoop-ozone-ozone-manager/0.5.0-SNAPSHOT/hadoop-ozone-ozone-manager-0.5.0-SNAPSHOT-tests.jar:/home/user/.m2/repository/junit/junit/4.11/junit-4.11.jar:/home/user/.m2/repository/org/hamcrest/hamcrest-core/1.3/hamcrest-core-1.3.jar:/home/user/.m2/repository/org/openjdk/jmh/jmh-core/1.19/jmh-core-1.19.jar:/home/user/.m2/repository/net/sf/jopt-simple/jopt-simple/4.6/jopt-simple-4.6.jar:/home/user/.m2/repository/org/apache/commons/commons-math3/3.1.1/commons-math3-3.1.1.jar:/home/user/.m2/repository/org/openjdk/jmh/jmh-generator-annprocess/1.19/jmh-generator-annprocess-1.19.jar:/home/user/.m2/repository/org/mockito/mockito-all/1.8.5/mockito-all-1.8.5.jar:/home/user/.m2/repository/org/apache/hadoop/hadoop-kms/3.2.0/hadoop-kms-3.2.0.jar:/home/user/.m2/repository/org/apache/hadoop/hadoop-auth/3.2.0/hadoop-auth-3.2.0.jar:/home/user/.m2/repository/com/nimbusds/nimbus-jose-jwt/4.41.1/nimbus-jose-jwt-4.41.1.jar:/home/user/.m2/repository/com/github/stephenc/jcip/jcip-annotations/1.0-1/jcip-annotations-1.0-1.jar:/home/user/.m2/repository/net/minidev/json-smart/2.3/json-smart-2.3.jar:/home/user/.m2/repository/net/minidev/accessors-smart/1.2/accessors-smart-1.2.jar:/home/user/.m2/repository/org/ow2/asm/asm/5.0.4/asm-5.0.4.jar:/home/user/.m2/repository/org/apache/curator/curator-framework/2.12.0/curator-framework-2.12.0.jar:/home/user/.m2/repository/com/sun/jersey/jersey-core/1.19/jersey-core-1.19.jar:/home/user/.m2/repository/javax/ws/rs/jsr311-api/1.1.1/jsr311-api-1.1.1.jar:/home/user/.m2/repository/com/sun/jersey/jersey-server/1.19/jersey-server-1.19.jar:/home/user/.m2/repository/javax/servlet/javax.servlet-api/3.1.0/javax.servlet-api-3.1.0.jar:/home/user/.m2/repository/org/eclipse/jetty/jetty-server/9.3.25.v20180904/jetty-server-9.3.25.v20180904.jar:/home/user/.m2/repository/org/eclipse/jetty/jetty-http/9.3.25.v20180904/jetty-http-9.3.25.v20180904.jar:/home/user/.m2/repository/org/eclipse/jetty/jetty-io/9.3.25.v20180904/jetty-io-9.3.25.v20180904.jar:/home/user/.m2/repository/org/eclipse/jetty/jetty-webapp/9.3.25.v20180904/jetty-webapp-9.3.25.v20180904.jar:/home/user/.m2/repository/org/eclipse/jetty/jetty-xml/9.3.25.v20180904/jetty-xml-9.3.25.v20180904.jar:/home/user/.m2/repository/log4j/log4j/1.2.17/log4j-1.2.17.jar:/home/user/.m2/repository/org/slf4j/slf4j-api/1.7.25/slf4j-api-1.7.25.jar:/home/user/.m2/repository/org/slf4j/jul-to-slf4j/1.7.25/jul-to-slf4j-1.7.25.jar:/home/user/.m2/repository/org/eclipse/jetty/jetty-util/9.3.25.v20180904/jetty-util-9.3.25.v20180904.jar:/home/user/.m2/repository/com/fasterxml/jackson/core/jackson-databind/2.9.9/jackson-databind-2.9.9.jar:/home/user/.m2/repository/org/apache/hadoop/hadoop-kms/3.2.0/hadoop-kms-3.2.0-tests.jar:/home/user/.m2/repository/org/apache/hadoop/hadoop-hdds-server-scm/0.5.0-SNAPSHOT/hadoop-hdds-server-scm-0.5.0-SNAPSHOT-tests.jar:/home/user/.m2/repository/org/apache/hadoop/hadoop-hdds-container-service/0.5.0-SNAPSHOT/hadoop-hdds-container-service-0.5.0-SNAPSHOT-tests.jar:/home/user/.m2/repository/org/yaml/snakeyaml/1.16/snakeyaml-1.16.jar:/home/user/.m2/repository/org/apache/hadoop/hadoop-common/3.2.0/hadoop-common-3.2.0-tests.jar:/home/user/.m2/repository/org/apache/hadoop/hadoop-annotations/3.2.0/hadoop-annotations-3.2.0.jar:/usr/lib/jvm/java-1.8-openjdk/jre/../lib/tools.jar:/home/user/.m2/repository/commons-cli/commons-cli/1.2/commons-cli-1.2.jar:/home/user/.m2/repository/org/apache/httpcomponents/httpclient/4.5.2/httpclient-4.5.2.jar:/home/user/.m2/repository/org/apache/httpcomponents/httpcore/4.4.4/httpcore-4.4.4.jar:/home/user/.m2/repository/commons-codec/commons-codec/1.11/commons-codec-1.11.jar:/home/user/.m2/repository/commons-net/commons-net/3.6/commons-net-3.6.jar:/home/user/.m2/repository/commons-collections/commons-collections/3.2.2/commons-collections-3.2.2.jar:/home/user/.m2/repository/org/eclipse/jetty/jetty-servlet/9.3.25.v20180904/jetty-servlet-9.3.25.v20180904.jar:/home/user/.m2/repository/org/eclipse/jetty/jetty-security/9.3.25.v20180904/jetty-security-9.3.25.v20180904.jar:/home/user/.m2/repository/javax/servlet/jsp/jsp-api/2.1/jsp-api-2.1.jar:/home/user/.m2/repository/com/sun/jersey/jersey-servlet/1.19/jersey-servlet-1.19.jar:/home/user/.m2/repository/com/sun/jersey/jersey-json/1.19/jersey-json-1.19.jar:/home/user/.m2/repository/org/codehaus/jettison/jettison/1.1/jettison-1.1.jar:/home/user/.m2/repository/org/codehaus/jackson/jackson-core-asl/1.9.13/jackson-core-asl-1.9.13.jar:/home/user/.m2/repository/org/codehaus/jackson/jackson-mapper-asl/1.9.13/jackson-mapper-asl-1.9.13.jar:/home/user/.m2/repository/org/codehaus/jackson/jackson-jaxrs/1.9.13/jackson-jaxrs-1.9.13.jar:/home/user/.m2/repository/org/codehaus/jackson/jackson-xc/1.9.13/jackson-xc-1.9.13.jar:/home/user/.m2/repository/commons-logging/commons-logging/1.1.3/commons-logging-1.1.3.jar:/home/user/.m2/repository/commons-beanutils/commons-beanutils/1.9.4/commons-beanutils-1.9.4.jar:/home/user/.m2/repository/org/apache/commons/commons-configuration2/2.1.1/commons-configuration2-2.1.1.jar:/home/user/.m2/repository/org/apache/commons/commons-lang3/3.7/commons-lang3-3.7.jar:/home/user/.m2/repository/org/apache/commons/commons-text/1.4/commons-text-1.4.jar:/home/user/.m2/repository/org/apache/avro/avro/1.7.7/avro-1.7.7.jar:/home/user/.m2/repository/com/thoughtworks/paranamer/paranamer/2.3/paranamer-2.3.jar:/home/user/.m2/repository/org/xerial/snappy/snappy-java/1.0.5/snappy-java-1.0.5.jar:/home/user/.m2/repository/com/google/re2j/re2j/1.1/re2j-1.1.jar:/home/user/.m2/repository/com/google/code/gson/gson/2.2.4/gson-2.2.4.jar:/home/user/.m2/repository/com/jcraft/jsch/0.1.54/jsch-0.1.54.jar:/home/user/.m2/repository/org/apache/curator/curator-client/2.12.0/curator-client-2.12.0.jar:/home/user/.m2/repository/org/apache/curator/curator-recipes/2.12.0/curator-recipes-2.12.0.jar:/home/user/.m2/repository/com/google/code/findbugs/jsr305/3.0.0/jsr305-3.0.0.jar:/home/user/.m2/repository/org/apache/htrace/htrace-core4/4.1.0-incubating/htrace-core4-4.1.0-incubating.jar:/home/user/.m2/repository/org/apache/zookeeper/zookeeper/3.4.13/zookeeper-3.4.13.jar:/home/user/.m2/repository/jline/jline/0.9.94/jline-0.9.94.jar:/home/user/.m2/repository/org/apache/yetus/audience-annotations/0.5.0/audience-annotations-0.5.0.jar:/home/user/.m2/repository/org/codehaus/woodstox/stax2-api/3.1.4/stax2-api-3.1.4.jar:/home/user/.m2/repository/com/fasterxml/woodstox/woodstox-core/5.0.3/woodstox-core-5.0.3.jar:/home/user/.m2/repository/dnsjava/dnsjava/2.1.7/dnsjava-2.1.7.jar:/home/user/.m2/repository/org/apache/hadoop/hadoop-hdfs/3.2.0/hadoop-hdfs-3.2.0-tests.jar:/home/user/.m2/repository/org/eclipse/jetty/jetty-util-ajax/9.3.25.v20180904/jetty-util-ajax-9.3.25.v20180904.jar:/home/user/.m2/repository/commons-daemon/commons-daemon/1.0.13/commons-daemon-1.0.13.jar:/home/user/.m2/repository/io/netty/netty/3.10.5.Final/netty-3.10.5.Final.jar:/home/user/.m2/repository/io/netty/netty-all/4.0.52.Final/netty-all-4.0.52.Final.jar:/home/user/.m2/repository/org/fusesource/leveldbjni/leveldbjni-all/1.8/leveldbjni-all-1.8.jar:"/>
    <property name="sun.cpu.endian" value="little"/>
    <property name="user.home" value="/home/user"/>
    <property name="user.language" value="en"/>
    <property name="java.specification.vendor" value="Oracle Corporation"/>
    <property name="java.home" value="/usr/lib/jvm/java-1.8-openjdk/jre"/>
    <property name="surefire.excludesFile" value="/tools/ozone-bad-unit-tests"/>
    <property name="java.security.krb5.conf" value="/workdir/hadoop-ozone/integration-test/target/test-classes/krb5.conf"/>
    <property name="basedir" value="/workdir/hadoop-ozone/integration-test"/>
    <property name="file.separator" value="/"/>
    <property name="line.separator" value="&#10;"/>
    <property name="java.vm.specification.vendor" value="Oracle Corporation"/>
    <property name="java.specification.name" value="Java Platform API Specification"/>
    <property name="java.awt.graphicsenv" value="sun.awt.X11GraphicsEnvironment"/>
    <property name="surefire.real.class.path" value="/workdir/hadoop-ozone/integration-test/target/surefire/surefirebooter1038828276527214955.jar"/>
    <property name="hadoop.log.dir" value="/workdir/hadoop-ozone/integration-test/target/log"/>
    <property name="sun.boot.class.path" value="/usr/lib/jvm/java-1.8-openjdk/jre/lib/resources.jar:/usr/lib/jvm/java-1.8-openjdk/jre/lib/rt.jar:/usr/lib/jvm/java-1.8-openjdk/jre/lib/sunrsasign.jar:/usr/lib/jvm/java-1.8-openjdk/jre/lib/jsse.jar:/usr/lib/jvm/java-1.8-openjdk/jre/lib/jce.jar:/usr/lib/jvm/java-1.8-openjdk/jre/lib/charsets.jar:/usr/lib/jvm/java-1.8-openjdk/jre/lib/jfr.jar:/usr/lib/jvm/java-1.8-openjdk/jre/classes"/>
    <property name="sun.management.compiler" value="HotSpot 64-Bit Tiered Compilers"/>
    <property name="java.runtime.version" value="1.8.0_212-b04"/>
    <property name="java.net.preferIPv4Stack" value="true"/>
    <property name="user.name" value="jenkins1000"/>
    <property name="path.separator" value=":"/>
    <property name="java.security.egd" value="file:///dev/urandom"/>
    <property name="os.version" value="3.10.0-957.12.2.el7.x86_64"/>
    <property name="java.endorsed.dirs" value="/usr/lib/jvm/java-1.8-openjdk/jre/lib/endorsed"/>
    <property name="java.runtime.name" value="OpenJDK Runtime Environment"/>
    <property name="file.encoding" value="UTF-8"/>
    <property name="java.vm.name" value="OpenJDK 64-Bit Server VM"/>
    <property name="test.build.webapps" value=""/>
    <property name="localRepository" value="/home/user/.m2/repository"/>
    <property name="java.vendor.url.bug" value="https://icedtea.classpath.org/bugzilla"/>
    <property name="java.io.tmpdir" value="/tmp"/>
    <property name="require.test.libhadoop" value=""/>
    <property name="java.version" value="1.8.0_212"/>
    <property name="user.dir" value="/workdir/hadoop-ozone/integration-test"/>
    <property name="os.arch" value="amd64"/>
    <property name="java.vm.specification.name" value="Java Virtual Machine Specification"/>
    <property name="test.build.classes" value="/workdir/hadoop-ozone/integration-test/target/test-classes"/>
    <property name="java.awt.printerjob" value="sun.print.PSPrinterJob"/>
    <property name="sun.os.patch.level" value="unknown"/>
    <property name="hadoop.tmp.dir" value="/workdir/hadoop-ozone/integration-test/target/tmp"/>
    <property name="java.library.path" value="/usr/lib/jvm/java-1.8-openjdk/jre/lib/amd64/server:/usr/lib/jvm/java-1.8-openjdk/jre/lib/amd64:/usr/lib/jvm/java-1.8-openjdk/jre/../lib/amd64:/workdir/hadoop-ozone/integration-test/target/native/target/usr/local/lib:/workdir/hadoop-ozone/integration-test/../../hadoop-common-project/hadoop-common/target/native/target/usr/local/lib:/usr/java/packages/lib/amd64:/usr/lib64:/lib64:/lib:/usr/lib"/>
    <property name="java.vm.info" value="mixed mode"/>
    <property name="java.vendor" value="IcedTea"/>
    <property name="java.vm.version" value="25.212-b04"/>
    <property name="java.ext.dirs" value="/usr/lib/jvm/java-1.8-openjdk/jre/lib/ext:/usr/java/packages/lib/ext"/>
    <property name="sun.io.unicode.encoding" value="UnicodeLittle"/>
    <property name="java.class.version" value="52.0"/>
  </properties>
  <testcase name="testGroupMismatchExceptionHandling" classname="org.apache.hadoop.ozone.client.rpc.TestOzoneClientRetriesOnException" time="39.004"/>
  <testcase name="testMaxRetriesByOzoneClient" classname="org.apache.hadoop.ozone.client.rpc.TestOzoneClientRetriesOnException" time="128.805">
    <error message="Failed to command cmdType: CreateContainer&#10;containerID: 1&#10;datanodeUuid: &quot;4d76bd0b-f092-40f3-8f50-298f7e1f26ff&quot;&#10;createContainer {&#10;}&#10;" type="java.io.IOException">java.io.IOException: 
Failed to command cmdType: CreateContainer
containerID: 1
datanodeUuid: "4d76bd0b-f092-40f3-8f50-298f7e1f26ff"
createContainer {
}

	at org.apache.hadoop.hdds.scm.XceiverClientSpi.sendCommand(XceiverClientSpi.java:113)
	at org.apache.hadoop.ozone.client.rpc.TestOzoneClientRetriesOnException.testMaxRetriesByOzoneClient(TestOzoneClientRetriesOnException.java:190)
	at sun.reflect.NativeMethodAccessorImpl.invoke0(Native Method)
	at sun.reflect.NativeMethodAccessorImpl.invoke(NativeMethodAccessorImpl.java:62)
	at sun.reflect.DelegatingMethodAccessorImpl.invoke(DelegatingMethodAccessorImpl.java:43)
	at java.lang.reflect.Method.invoke(Method.java:498)
	at org.junit.runners.model.FrameworkMethod$1.runReflectiveCall(FrameworkMethod.java:47)
	at org.junit.internal.runners.model.ReflectiveCallable.run(ReflectiveCallable.java:12)
	at org.junit.runners.model.FrameworkMethod.invokeExplosively(FrameworkMethod.java:44)
	at org.junit.internal.runners.statements.InvokeMethod.evaluate(InvokeMethod.java:17)
	at org.junit.internal.runners.statements.RunBefores.evaluate(RunBefores.java:26)
	at org.junit.internal.runners.statements.RunAfters.evaluate(RunAfters.java:27)
	at org.junit.runners.ParentRunner.runLeaf(ParentRunner.java:271)
	at org.junit.runners.BlockJUnit4ClassRunner.runChild(BlockJUnit4ClassRunner.java:70)
	at org.junit.runners.BlockJUnit4ClassRunner.runChild(BlockJUnit4ClassRunner.java:50)
	at org.junit.runners.ParentRunner$3.run(ParentRunner.java:238)
	at org.junit.runners.ParentRunner$1.schedule(ParentRunner.java:63)
	at org.junit.runners.ParentRunner.runChildren(ParentRunner.java:236)
	at org.junit.runners.ParentRunner.access$000(ParentRunner.java:53)
	at org.junit.runners.ParentRunner$2.evaluate(ParentRunner.java:229)
	at org.junit.runners.ParentRunner.run(ParentRunner.java:309)
	at org.apache.maven.surefire.junit4.JUnit4Provider.execute(JUnit4Provider.java:365)
	at org.apache.maven.surefire.junit4.JUnit4Provider.executeWithRerun(JUnit4Provider.java:273)
	at org.apache.maven.surefire.junit4.JUnit4Provider.executeTestSet(JUnit4Provider.java:238)
	at org.apache.maven.surefire.junit4.JUnit4Provider.invoke(JUnit4Provider.java:159)
	at org.apache.maven.surefire.booter.ForkedBooter.invokeProviderInSameClassLoader(ForkedBooter.java:384)
	at org.apache.maven.surefire.booter.ForkedBooter.runSuitesInProcess(ForkedBooter.java:345)
	at org.apache.maven.surefire.booter.ForkedBooter.execute(ForkedBooter.java:126)
	at org.apache.maven.surefire.booter.ForkedBooter.main(ForkedBooter.java:418)
Caused by: java.util.concurrent.ExecutionException: org.apache.ratis.protocol.RaftRetryFailureException: Failed RaftClientRequest:client-3A043079971C->1f7023bb-b481-481c-bd59-2650549f2a3a@group-D52A03C738BD, cid=45, seq=4*, RW, org.apache.hadoop.hdds.scm.XceiverClientRatis$$Lambda$396/2146540595@234e16a3 for 180 attempts with RetryLimited(maxAttempts=180, sleepTime=1000ms)
	at java.util.concurrent.CompletableFuture.reportGet(CompletableFuture.java:357)
	at java.util.concurrent.CompletableFuture.get(CompletableFuture.java:1895)
	at org.apache.hadoop.hdds.scm.XceiverClientSpi.sendCommand(XceiverClientSpi.java:110)
	... 28 more
Caused by: org.apache.ratis.protocol.RaftRetryFailureException: Failed RaftClientRequest:client-3A043079971C->1f7023bb-b481-481c-bd59-2650549f2a3a@group-D52A03C738BD, cid=45, seq=4*, RW, org.apache.hadoop.hdds.scm.XceiverClientRatis$$Lambda$396/2146540595@234e16a3 for 180 attempts with RetryLimited(maxAttempts=180, sleepTime=1000ms)
	at org.apache.ratis.client.impl.RaftClientImpl.noMoreRetries(RaftClientImpl.java:271)
	at org.apache.ratis.client.impl.OrderedAsync.handleAsyncRetryFailure(OrderedAsync.java:138)
	at org.apache.ratis.client.impl.OrderedAsync.lambda$sendRequest$10(OrderedAsync.java:230)
	at java.util.concurrent.CompletableFuture.uniExceptionally(CompletableFuture.java:870)
	at java.util.concurrent.CompletableFuture$UniExceptionally.tryFire(CompletableFuture.java:852)
	at java.util.concurrent.CompletableFuture.postComplete(CompletableFuture.java:474)
	at java.util.concurrent.CompletableFuture.completeExceptionally(CompletableFuture.java:1977)
	at org.apache.ratis.grpc.client.GrpcClientProtocolClient$AsyncStreamObservers.completeReplyExceptionally(GrpcClientProtocolClient.java:345)
	at org.apache.ratis.grpc.client.GrpcClientProtocolClient$AsyncStreamObservers.access$000(GrpcClientProtocolClient.java:261)
	at org.apache.ratis.grpc.client.GrpcClientProtocolClient$AsyncStreamObservers$1.onNext(GrpcClientProtocolClient.java:273)
	at org.apache.ratis.grpc.client.GrpcClientProtocolClient$AsyncStreamObservers$1.onNext(GrpcClientProtocolClient.java:264)
	at org.apache.ratis.thirdparty.io.grpc.stub.ClientCalls$StreamObserverToCallListenerAdapter.onMessage(ClientCalls.java:421)
	at org.apache.ratis.thirdparty.io.grpc.ForwardingClientCallListener.onMessage(ForwardingClientCallListener.java:33)
	at org.apache.ratis.thirdparty.io.grpc.ForwardingClientCallListener.onMessage(ForwardingClientCallListener.java:33)
	at org.apache.ratis.thirdparty.io.grpc.internal.ClientCallImpl$ClientStreamListenerImpl$1MessagesAvailable.runInContext(ClientCallImpl.java:519)
	at org.apache.ratis.thirdparty.io.grpc.internal.ContextRunnable.run(ContextRunnable.java:37)
	at org.apache.ratis.thirdparty.io.grpc.internal.SerializingExecutor.run(SerializingExecutor.java:123)
	at java.util.concurrent.ThreadPoolExecutor.runWorker(ThreadPoolExecutor.java:1149)
	at java.util.concurrent.ThreadPoolExecutor$Worker.run(ThreadPoolExecutor.java:624)
	at java.lang.Thread.run(Thread.java:748)
Caused by: org.apache.ratis.protocol.NotLeaderException: Server 1f7023bb-b481-481c-bd59-2650549f2a3a@group-D52A03C738BD is not the leader 07a43e08-05b1-4f1b-8daa-ac2d25af9eb9:192.168.30.23:38860
	at org.apache.ratis.client.impl.ClientProtoUtils.toRaftClientReply(ClientProtoUtils.java:243)
	at org.apache.ratis.grpc.client.GrpcClientProtocolClient$AsyncStreamObservers$1.onNext(GrpcClientProtocolClient.java:269)
	... 10 more
</error>
    <system-out><![CDATA[2019-10-06 15:22:06,498 [main] WARN  server.ServerUtils (ServerUtils.java:getScmDbDir(145)) - ozone.scm.db.dirs is not configured. We recommend adding this setting. Falling back to ozone.metadata.dirs instead.
2019-10-06 15:22:06,513 [main] WARN  server.ServerUtils (ServerUtils.java:getScmDbDir(145)) - ozone.scm.db.dirs is not configured. We recommend adding this setting. Falling back to ozone.metadata.dirs instead.
2019-10-06 15:22:06,513 [main] WARN  server.ServerUtils (ServerUtils.java:getScmDbDir(145)) - ozone.scm.db.dirs is not configured. We recommend adding this setting. Falling back to ozone.metadata.dirs instead.
2019-10-06 15:22:06,514 [main] INFO  db.DBStoreBuilder (DBStoreBuilder.java:addTable(117)) - using custom profile for table: deletedBlocks
2019-10-06 15:22:06,514 [main] INFO  db.DBStoreBuilder (DBStoreBuilder.java:processTables(168)) - Using default column profile:DBProfile.DISK for Table:deletedBlocks
2019-10-06 15:22:06,514 [main] INFO  db.DBStoreBuilder (DBStoreBuilder.java:addTable(117)) - using custom profile for table: validCerts
2019-10-06 15:22:06,514 [main] INFO  db.DBStoreBuilder (DBStoreBuilder.java:processTables(168)) - Using default column profile:DBProfile.DISK for Table:validCerts
2019-10-06 15:22:06,515 [main] INFO  db.DBStoreBuilder (DBStoreBuilder.java:addTable(117)) - using custom profile for table: revokedCerts
2019-10-06 15:22:06,515 [main] INFO  db.DBStoreBuilder (DBStoreBuilder.java:processTables(168)) - Using default column profile:DBProfile.DISK for Table:revokedCerts
2019-10-06 15:22:06,515 [main] INFO  db.DBStoreBuilder (DBStoreBuilder.java:addTable(117)) - using custom profile for table: default
2019-10-06 15:22:06,515 [main] INFO  db.DBStoreBuilder (DBStoreBuilder.java:processTables(174)) - Using default column profile:DBProfile.DISK for Table:default
2019-10-06 15:22:06,515 [main] INFO  db.DBStoreBuilder (DBStoreBuilder.java:getDbProfile(205)) - Using default options. DBProfile.DISK
2019-10-06 15:22:06,664 [main] INFO  net.NodeSchemaLoader (NodeSchemaLoader.java:loadSchemaFromFile(125)) - Loading file from sun.misc.CompoundEnumeration@6f1b8544
2019-10-06 15:22:06,664 [main] INFO  net.NodeSchemaLoader (NodeSchemaLoader.java:loadSchema(171)) - Loading network topology layer schema file
2019-10-06 15:22:06,669 [main] WARN  server.ServerUtils (ServerUtils.java:sanitizeUserArgs(70)) - ozone.scm.stale.node.interval value = 300000 is larger than max = 100000 based on the key value of ozone.scm.heartbeat.thread.interval, reset to the max value 100000.
2019-10-06 15:22:06,669 [main] WARN  server.ServerUtils (ServerUtils.java:sanitizeUserArgs(70)) - ozone.scm.stale.node.interval value = 300000 is larger than max = 100000 based on the key value of ozone.scm.heartbeat.thread.interval, reset to the max value 100000.
2019-10-06 15:22:06,669 [main] INFO  node.SCMNodeManager (SCMNodeManager.java:<init>(116)) - Entering startup safe mode.
2019-10-06 15:22:06,670 [main] INFO  algorithms.ContainerPlacementPolicyFactory (ContainerPlacementPolicyFactory.java:getPolicy(57)) - Create container placement policy of type org.apache.hadoop.hdds.scm.container.placement.algorithms.SCMContainerPlacementRandom
2019-10-06 15:22:06,670 [main] WARN  server.ServerUtils (ServerUtils.java:getScmDbDir(145)) - ozone.scm.db.dirs is not configured. We recommend adding this setting. Falling back to ozone.metadata.dirs instead.
2019-10-06 15:22:06,719 [main] INFO  pipeline.SCMPipelineManager (SCMPipelineManager.java:initializePipelineState(132)) - No pipeline exists in current db
2019-10-06 15:22:06,719 [main] WARN  server.ServerUtils (ServerUtils.java:getScmDbDir(145)) - ozone.scm.db.dirs is not configured. We recommend adding this setting. Falling back to ozone.metadata.dirs instead.
2019-10-06 15:22:06,764 [main] WARN  events.EventQueue (EventQueue.java:fireEvent(183)) - No event handler registered for event TypedEvent{payloadType=SafeModeStatus, name='SafeModeStatus'}
2019-10-06 15:22:06,765 [main] INFO  ipc.CallQueueManager (CallQueueManager.java:<init>(84)) - Using callQueue: class java.util.concurrent.LinkedBlockingQueue, queueCapacity: 2000, scheduler: class org.apache.hadoop.ipc.DefaultRpcScheduler, ipcBackoff: false.
2019-10-06 15:22:06,767 [Socket Reader #1 for port 45558] INFO  ipc.Server (Server.java:run(1074)) - Starting Socket Reader #1 for port 45558
2019-10-06 15:22:06,769 [main] INFO  ipc.CallQueueManager (CallQueueManager.java:<init>(84)) - Using callQueue: class java.util.concurrent.LinkedBlockingQueue, queueCapacity: 2000, scheduler: class org.apache.hadoop.ipc.DefaultRpcScheduler, ipcBackoff: false.
2019-10-06 15:22:06,770 [Socket Reader #1 for port 44282] INFO  ipc.Server (Server.java:run(1074)) - Starting Socket Reader #1 for port 44282
2019-10-06 15:22:06,771 [main] INFO  ipc.CallQueueManager (CallQueueManager.java:<init>(84)) - Using callQueue: class java.util.concurrent.LinkedBlockingQueue, queueCapacity: 2000, scheduler: class org.apache.hadoop.ipc.DefaultRpcScheduler, ipcBackoff: false.
2019-10-06 15:22:06,772 [Socket Reader #1 for port 42322] INFO  ipc.Server (Server.java:run(1074)) - Starting Socket Reader #1 for port 42322
2019-10-06 15:22:06,776 [main] INFO  hdfs.DFSUtil (DFSUtil.java:httpServerTemplateForNNAndJN(1641)) - Starting Web-server for scm at: http://0.0.0.0:0
2019-10-06 15:22:06,779 [main] INFO  server.AuthenticationFilter (AuthenticationFilter.java:constructSecretProvider(240)) - Unable to initialize FileSignerSecretProvider, falling back to use random secrets.
2019-10-06 15:22:06,780 [main] WARN  http.HttpRequestLog (HttpRequestLog.java:getRequestLog(97)) - Jetty request log can only be enabled using Log4j
2019-10-06 15:22:06,782 [main] INFO  http.HttpServer2 (HttpServer2.java:addGlobalFilter(975)) - Added global filter 'safety' (class=org.apache.hadoop.http.HttpServer2$QuotingInputFilter)
2019-10-06 15:22:06,783 [main] INFO  http.HttpServer2 (HttpServer2.java:addFilter(948)) - Added filter static_user_filter (class=org.apache.hadoop.http.lib.StaticUserWebFilter$StaticUserFilter) to context scm
2019-10-06 15:22:06,784 [main] INFO  http.HttpServer2 (HttpServer2.java:addFilter(958)) - Added filter static_user_filter (class=org.apache.hadoop.http.lib.StaticUserWebFilter$StaticUserFilter) to context logs
2019-10-06 15:22:06,784 [main] INFO  http.HttpServer2 (HttpServer2.java:addFilter(958)) - Added filter static_user_filter (class=org.apache.hadoop.http.lib.StaticUserWebFilter$StaticUserFilter) to context static
2019-10-06 15:22:06,787 [main] INFO  server.StorageContainerManager (StorageContainerManager.java:start(770)) - StorageContainerLocationProtocol RPC server is listening at /0.0.0.0:42322
2019-10-06 15:22:06,790 [main] WARN  impl.MetricsConfig (MetricsConfig.java:loadFirst(134)) - Cannot locate configuration: tried hadoop-metrics2-storagecontainermanager.properties,hadoop-metrics2.properties
2019-10-06 15:22:06,791 [main] INFO  impl.MetricsSystemImpl (MetricsSystemImpl.java:startTimer(374)) - Scheduled Metric snapshot period at 10 second(s).
2019-10-06 15:22:06,791 [main] INFO  impl.MetricsSystemImpl (MetricsSystemImpl.java:start(191)) - StorageContainerManager metrics system started
2019-10-06 15:22:06,836 [main] WARN  impl.MetricsSystemImpl (MetricsSystemImpl.java:register(276)) - Sink prometheus already exists!
2019-10-06 15:22:06,844 [main] INFO  server.SCMClientProtocolServer (SCMClientProtocolServer.java:start(159)) - RPC server for Client  is listening at /0.0.0.0:42322
2019-10-06 15:22:06,844 [IPC Server Responder] INFO  ipc.Server (Server.java:run(1314)) - IPC Server Responder: starting
2019-10-06 15:22:06,845 [IPC Server listener on 42322] INFO  ipc.Server (Server.java:run(1153)) - IPC Server listener on 42322: starting
2019-10-06 15:22:06,848 [main] INFO  server.StorageContainerManager (StorageContainerManager.java:start(780)) - ScmBlockLocationProtocol RPC server is listening at /0.0.0.0:44282
2019-10-06 15:22:06,848 [main] INFO  server.SCMBlockProtocolServer (SCMBlockProtocolServer.java:start(146)) - RPC server for Block Protocol is listening at /0.0.0.0:44282
2019-10-06 15:22:06,849 [IPC Server Responder] INFO  ipc.Server (Server.java:run(1314)) - IPC Server Responder: starting
2019-10-06 15:22:06,849 [IPC Server listener on 44282] INFO  ipc.Server (Server.java:run(1153)) - IPC Server listener on 44282: starting
2019-10-06 15:22:06,853 [main] INFO  server.StorageContainerManager (StorageContainerManager.java:start(784)) - ScmDatanodeProtocl RPC server is listening at /0.0.0.0:45558
2019-10-06 15:22:06,853 [main] INFO  server.SCMDatanodeProtocolServer (SCMDatanodeProtocolServer.java:start(169)) - RPC server for DataNodes is listening at /0.0.0.0:45558
2019-10-06 15:22:06,854 [IPC Server Responder] INFO  ipc.Server (Server.java:run(1314)) - IPC Server Responder: starting
2019-10-06 15:22:06,854 [IPC Server listener on 45558] INFO  ipc.Server (Server.java:run(1153)) - IPC Server listener on 45558: starting
2019-10-06 15:22:06,858 [main] INFO  http.HttpServer2 (HttpServer2.java:bindListener(1191)) - Jetty bound to port 33312
2019-10-06 15:22:06,858 [main] INFO  server.Server (Server.java:doStart(351)) - jetty-9.3.25.v20180904, build timestamp: 2018-09-04T21:11:46Z, git hash: 3ce520221d0240229c862b122d2b06c12a625732
2019-10-06 15:22:06,860 [main] INFO  handler.ContextHandler (ContextHandler.java:doStart(781)) - Started o.e.j.s.ServletContextHandler@3eb3232b{/logs,file:///workdir/hadoop-ozone/integration-test/target/log,AVAILABLE}
2019-10-06 15:22:06,860 [main] INFO  handler.ContextHandler (ContextHandler.java:doStart(781)) - Started o.e.j.s.ServletContextHandler@60bb7995{/static,file:///workdir/hadoop-ozone/integration-test/target/test-classes/webapps/static,AVAILABLE}
2019-10-06 15:22:06,865 [main] INFO  handler.ContextHandler (ContextHandler.java:doStart(781)) - Started o.e.j.w.WebAppContext@777d0bc3{/,file:///workdir/hadoop-ozone/integration-test/target/test-classes/webapps/scm/,AVAILABLE}{/scm}
2019-10-06 15:22:06,866 [main] INFO  server.AbstractConnector (AbstractConnector.java:doStart(278)) - Started ServerConnector@3178219a{HTTP/1.1,[http/1.1]}{0.0.0.0:33312}
2019-10-06 15:22:06,866 [main] INFO  server.Server (Server.java:doStart(419)) - Started @40026ms
2019-10-06 15:22:06,867 [main] WARN  impl.MetricsSystemImpl (MetricsSystemImpl.java:register(276)) - Sink prometheus already exists!
2019-10-06 15:22:06,869 [main] INFO  server.BaseHttpServer (BaseHttpServer.java:updateConnectorAddress(215)) - HTTP server of SCM is listening at http://0.0.0.0:33312
2019-10-06 15:22:06,869 [main] WARN  server.ServerUtils (ServerUtils.java:getDBPath(222)) - ozone.om.db.dirs is not configured. We recommend adding this setting. Falling back to ozone.metadata.dirs instead.
2019-10-06 15:22:06,871 [org.apache.hadoop.util.JvmPauseMonitor$Monitor@56476c16] INFO  util.JvmPauseMonitor (JvmPauseMonitor.java:run(188)) - Starting JVM pause monitor
2019-10-06 15:22:06,884 [main] INFO  ha.OMHANodeDetails (OMHANodeDetails.java:loadOMHAConfig(190)) - Configuration either no ozone.om.address set. Falling back to the default OM address /127.0.0.1:0
2019-10-06 15:22:06,884 [main] INFO  ha.OMHANodeDetails (OMHANodeDetails.java:getOMNodeDetails(220)) - OM Service ID is not set. Setting it to the default ID: omServiceIdDefault
2019-10-06 15:22:06,884 [main] WARN  server.ServerUtils (ServerUtils.java:getDBPath(222)) - ozone.om.db.dirs is not configured. We recommend adding this setting. Falling back to ozone.metadata.dirs instead.
2019-10-06 15:22:06,885 [main] WARN  server.ServerUtils (ServerUtils.java:getDBPath(222)) - ozone.om.db.dirs is not configured. We recommend adding this setting. Falling back to ozone.metadata.dirs instead.
2019-10-06 15:22:06,893 [main] WARN  server.ServerUtils (ServerUtils.java:getDBPath(222)) - ozone.om.db.dirs is not configured. We recommend adding this setting. Falling back to ozone.metadata.dirs instead.
2019-10-06 15:22:06,893 [main] INFO  db.DBStoreBuilder (DBStoreBuilder.java:addTable(117)) - using custom profile for table: userTable
2019-10-06 15:22:06,893 [main] INFO  db.DBStoreBuilder (DBStoreBuilder.java:processTables(168)) - Using default column profile:DBProfile.DISK for Table:userTable
2019-10-06 15:22:06,894 [main] INFO  db.DBStoreBuilder (DBStoreBuilder.java:addTable(117)) - using custom profile for table: volumeTable
2019-10-06 15:22:06,894 [main] INFO  db.DBStoreBuilder (DBStoreBuilder.java:processTables(168)) - Using default column profile:DBProfile.DISK for Table:volumeTable
2019-10-06 15:22:06,894 [main] INFO  db.DBStoreBuilder (DBStoreBuilder.java:addTable(117)) - using custom profile for table: bucketTable
2019-10-06 15:22:06,894 [main] INFO  db.DBStoreBuilder (DBStoreBuilder.java:processTables(168)) - Using default column profile:DBProfile.DISK for Table:bucketTable
2019-10-06 15:22:06,894 [main] INFO  db.DBStoreBuilder (DBStoreBuilder.java:addTable(117)) - using custom profile for table: keyTable
2019-10-06 15:22:06,895 [main] INFO  db.DBStoreBuilder (DBStoreBuilder.java:processTables(168)) - Using default column profile:DBProfile.DISK for Table:keyTable
2019-10-06 15:22:06,895 [main] INFO  db.DBStoreBuilder (DBStoreBuilder.java:addTable(117)) - using custom profile for table: deletedTable
2019-10-06 15:22:06,895 [main] INFO  db.DBStoreBuilder (DBStoreBuilder.java:processTables(168)) - Using default column profile:DBProfile.DISK for Table:deletedTable
2019-10-06 15:22:06,895 [main] INFO  db.DBStoreBuilder (DBStoreBuilder.java:addTable(117)) - using custom profile for table: openKeyTable
2019-10-06 15:22:06,895 [main] INFO  db.DBStoreBuilder (DBStoreBuilder.java:processTables(168)) - Using default column profile:DBProfile.DISK for Table:openKeyTable
2019-10-06 15:22:06,896 [main] INFO  db.DBStoreBuilder (DBStoreBuilder.java:addTable(117)) - using custom profile for table: s3Table
2019-10-06 15:22:06,896 [main] INFO  db.DBStoreBuilder (DBStoreBuilder.java:processTables(168)) - Using default column profile:DBProfile.DISK for Table:s3Table
2019-10-06 15:22:06,896 [main] INFO  db.DBStoreBuilder (DBStoreBuilder.java:addTable(117)) - using custom profile for table: multipartInfoTable
2019-10-06 15:22:06,896 [main] INFO  db.DBStoreBuilder (DBStoreBuilder.java:processTables(168)) - Using default column profile:DBProfile.DISK for Table:multipartInfoTable
2019-10-06 15:22:06,896 [main] INFO  db.DBStoreBuilder (DBStoreBuilder.java:addTable(117)) - using custom profile for table: dTokenTable
2019-10-06 15:22:06,897 [main] INFO  db.DBStoreBuilder (DBStoreBuilder.java:processTables(168)) - Using default column profile:DBProfile.DISK for Table:dTokenTable
2019-10-06 15:22:06,897 [main] INFO  db.DBStoreBuilder (DBStoreBuilder.java:addTable(117)) - using custom profile for table: s3SecretTable
2019-10-06 15:22:06,897 [main] INFO  db.DBStoreBuilder (DBStoreBuilder.java:processTables(168)) - Using default column profile:DBProfile.DISK for Table:s3SecretTable
2019-10-06 15:22:06,897 [main] INFO  db.DBStoreBuilder (DBStoreBuilder.java:addTable(117)) - using custom profile for table: prefixTable
2019-10-06 15:22:06,897 [main] INFO  db.DBStoreBuilder (DBStoreBuilder.java:processTables(168)) - Using default column profile:DBProfile.DISK for Table:prefixTable
2019-10-06 15:22:06,898 [main] INFO  db.DBStoreBuilder (DBStoreBuilder.java:addTable(117)) - using custom profile for table: default
2019-10-06 15:22:06,898 [main] INFO  db.DBStoreBuilder (DBStoreBuilder.java:processTables(174)) - Using default column profile:DBProfile.DISK for Table:default
2019-10-06 15:22:06,898 [main] INFO  db.DBStoreBuilder (DBStoreBuilder.java:getDbProfile(205)) - Using default options. DBProfile.DISK
2019-10-06 15:22:07,349 [main] INFO  ipc.CallQueueManager (CallQueueManager.java:<init>(84)) - Using callQueue: class java.util.concurrent.LinkedBlockingQueue, queueCapacity: 2000, scheduler: class org.apache.hadoop.ipc.DefaultRpcScheduler, ipcBackoff: false.
2019-10-06 15:22:07,350 [Socket Reader #1 for port 37661] INFO  ipc.Server (Server.java:run(1074)) - Starting Socket Reader #1 for port 37661
2019-10-06 15:22:07,373 [main] INFO  om.OzoneManager (OzoneManager.java:start(1069)) - OzoneManager RPC server is listening at localhost/127.0.0.1:37661
2019-10-06 15:22:07,373 [main] INFO  impl.MetricsSystemImpl (MetricsSystemImpl.java:init(158)) - OzoneManager metrics system started (again)
2019-10-06 15:22:07,374 [IPC Server Responder] INFO  ipc.Server (Server.java:run(1314)) - IPC Server Responder: starting
2019-10-06 15:22:07,374 [IPC Server listener on 37661] INFO  ipc.Server (Server.java:run(1153)) - IPC Server listener on 37661: starting
2019-10-06 15:22:07,380 [main] INFO  hdfs.DFSUtil (DFSUtil.java:httpServerTemplateForNNAndJN(1641)) - Starting Web-server for ozoneManager at: http://0.0.0.0:0
2019-10-06 15:22:07,381 [main] INFO  server.AuthenticationFilter (AuthenticationFilter.java:constructSecretProvider(240)) - Unable to initialize FileSignerSecretProvider, falling back to use random secrets.
2019-10-06 15:22:07,381 [main] WARN  http.HttpRequestLog (HttpRequestLog.java:getRequestLog(97)) - Jetty request log can only be enabled using Log4j
2019-10-06 15:22:07,383 [main] INFO  http.HttpServer2 (HttpServer2.java:addGlobalFilter(975)) - Added global filter 'safety' (class=org.apache.hadoop.http.HttpServer2$QuotingInputFilter)
2019-10-06 15:22:07,383 [main] INFO  http.HttpServer2 (HttpServer2.java:addFilter(948)) - Added filter static_user_filter (class=org.apache.hadoop.http.lib.StaticUserWebFilter$StaticUserFilter) to context ozoneManager
2019-10-06 15:22:07,383 [main] INFO  http.HttpServer2 (HttpServer2.java:addFilter(958)) - Added filter static_user_filter (class=org.apache.hadoop.http.lib.StaticUserWebFilter$StaticUserFilter) to context logs
2019-10-06 15:22:07,383 [main] INFO  http.HttpServer2 (HttpServer2.java:addFilter(958)) - Added filter static_user_filter (class=org.apache.hadoop.http.lib.StaticUserWebFilter$StaticUserFilter) to context static
2019-10-06 15:22:07,384 [main] INFO  http.HttpServer2 (HttpServer2.java:bindListener(1191)) - Jetty bound to port 43181
2019-10-06 15:22:07,384 [main] INFO  server.Server (Server.java:doStart(351)) - jetty-9.3.25.v20180904, build timestamp: 2018-09-04T21:11:46Z, git hash: 3ce520221d0240229c862b122d2b06c12a625732
2019-10-06 15:22:07,386 [main] INFO  handler.ContextHandler (ContextHandler.java:doStart(781)) - Started o.e.j.s.ServletContextHandler@44fdce3c{/logs,file:///workdir/hadoop-ozone/integration-test/target/log,AVAILABLE}
2019-10-06 15:22:07,386 [main] INFO  handler.ContextHandler (ContextHandler.java:doStart(781)) - Started o.e.j.s.ServletContextHandler@6d33a66e{/static,file:///workdir/hadoop-ozone/integration-test/target/test-classes/webapps/static,AVAILABLE}
2019-10-06 15:22:07,391 [main] INFO  handler.ContextHandler (ContextHandler.java:doStart(781)) - Started o.e.j.w.WebAppContext@7f4701b1{/,file:///workdir/hadoop-ozone/integration-test/target/test-classes/webapps/ozoneManager/,AVAILABLE}{/ozoneManager}
2019-10-06 15:22:07,392 [main] INFO  server.AbstractConnector (AbstractConnector.java:doStart(278)) - Started ServerConnector@adcfad9{HTTP/1.1,[http/1.1]}{0.0.0.0:43181}
2019-10-06 15:22:07,393 [main] INFO  server.Server (Server.java:doStart(419)) - Started @40553ms
2019-10-06 15:22:07,393 [main] WARN  impl.MetricsSystemImpl (MetricsSystemImpl.java:register(276)) - Sink prometheus already exists!
2019-10-06 15:22:07,393 [main] INFO  server.BaseHttpServer (BaseHttpServer.java:updateConnectorAddress(215)) - HTTP server of OZONEMANAGER is listening at http://0.0.0.0:43181
2019-10-06 15:22:07,407 [main] INFO  impl.MetricsSystemImpl (MetricsSystemImpl.java:init(158)) - HddsDatanode metrics system started (again)
2019-10-06 15:22:07,409 [main] INFO  ozone.HddsDatanodeService (HddsDatanodeService.java:start(184)) - HddsDatanodeService host:ozone-build-dev-nffdx-465010684 ip:192.168.30.23
2019-10-06 15:22:07,415 [main] INFO  volume.HddsVolume (HddsVolume.java:<init>(176)) - Creating Volume: /workdir/hadoop-ozone/integration-test/target/test-dir/MiniOzoneClusterImpl-75d4eebd-4d6b-4bc7-bead-2a18387fbc3f/datanode-0/data/containers/hdds of  storage type : DISK and capacity : 1482555576320
2019-10-06 15:22:07,415 [main] INFO  volume.VolumeSet (VolumeSet.java:initializeVolumeSet(170)) - Added Volume : /workdir/hadoop-ozone/integration-test/target/test-dir/MiniOzoneClusterImpl-75d4eebd-4d6b-4bc7-bead-2a18387fbc3f/datanode-0/data/containers/hdds to VolumeSet
2019-10-06 15:22:07,416 [main] INFO  volume.ThrottledAsyncChecker (ThrottledAsyncChecker.java:schedule(139)) - Scheduling a check for org.apache.hadoop.ozone.container.common.volume.HddsVolume@1d4fb213
2019-10-06 15:22:07,416 [main] INFO  volume.HddsVolumeChecker (HddsVolumeChecker.java:checkAllVolumes(202)) - Scheduled health check for volume org.apache.hadoop.ozone.container.common.volume.HddsVolume@1d4fb213
2019-10-06 15:22:07,429 [main] INFO  impl.RaftServerProxy (ConfUtils.java:logGet(43)) - raft.rpc.type = GRPC (default)
2019-10-06 15:22:07,429 [main] INFO  grpc.GrpcFactory (GrpcFactory.java:checkPooledByteBufAllocatorUseCacheForAllThreads(45)) - PERFORMANCE WARNING: useCacheForAllThreads is true that may cause Netty to create a lot garbage objects and, as a result, trigger GC.
	It is recommended to disable useCacheForAllThreads by setting -Dorg.apache.ratis.thirdparty.io.netty.allocator.useCacheForAllThreads=false in command line.
2019-10-06 15:22:07,429 [main] INFO  grpc.GrpcConfigKeys$Server (ConfUtils.java:logGet(43)) - raft.grpc.server.port = 0 (default)
2019-10-06 15:22:07,430 [main] INFO  server.GrpcService (ConfUtils.java:logGet(43)) - raft.grpc.message.size.max = 33570816 (custom)
2019-10-06 15:22:07,430 [main] INFO  server.RaftServerConfigKeys (ConfUtils.java:logGet(43)) - raft.server.log.appender.buffer.byte-limit = 33554432 (custom)
2019-10-06 15:22:07,430 [main] INFO  server.GrpcService (ConfUtils.java:logGet(43)) - raft.grpc.flow.control.window = 1MB (=1048576) (default)
2019-10-06 15:22:07,430 [main] INFO  server.RaftServerConfigKeys (ConfUtils.java:logGet(43)) - raft.server.rpc.request.timeout = 3000ms (default)
2019-10-06 15:22:07,431 [main] INFO  server.RaftServerConfigKeys (ConfUtils.java:logGet(43)) - raft.server.storage.dir = [/workdir/hadoop-ozone/integration-test/target/test-dir/MiniOzoneClusterImpl-75d4eebd-4d6b-4bc7-bead-2a18387fbc3f/datanode-0/data/ratis] (custom)
2019-10-06 15:22:07,432 [main] INFO  hdfs.DFSUtil (DFSUtil.java:httpServerTemplateForNNAndJN(1641)) - Starting Web-server for hddsDatanode at: http://0.0.0.0:0
2019-10-06 15:22:07,433 [main] INFO  server.AuthenticationFilter (AuthenticationFilter.java:constructSecretProvider(240)) - Unable to initialize FileSignerSecretProvider, falling back to use random secrets.
2019-10-06 15:22:07,433 [main] WARN  http.HttpRequestLog (HttpRequestLog.java:getRequestLog(97)) - Jetty request log can only be enabled using Log4j
2019-10-06 15:22:07,435 [main] INFO  http.HttpServer2 (HttpServer2.java:addGlobalFilter(975)) - Added global filter 'safety' (class=org.apache.hadoop.http.HttpServer2$QuotingInputFilter)
2019-10-06 15:22:07,435 [main] INFO  http.HttpServer2 (HttpServer2.java:addFilter(948)) - Added filter static_user_filter (class=org.apache.hadoop.http.lib.StaticUserWebFilter$StaticUserFilter) to context hddsDatanode
2019-10-06 15:22:07,435 [main] INFO  http.HttpServer2 (HttpServer2.java:addFilter(958)) - Added filter static_user_filter (class=org.apache.hadoop.http.lib.StaticUserWebFilter$StaticUserFilter) to context static
2019-10-06 15:22:07,436 [main] INFO  http.HttpServer2 (HttpServer2.java:addFilter(958)) - Added filter static_user_filter (class=org.apache.hadoop.http.lib.StaticUserWebFilter$StaticUserFilter) to context logs
2019-10-06 15:22:07,436 [main] INFO  http.HttpServer2 (HttpServer2.java:bindListener(1191)) - Jetty bound to port 44480
2019-10-06 15:22:07,436 [main] INFO  server.Server (Server.java:doStart(351)) - jetty-9.3.25.v20180904, build timestamp: 2018-09-04T21:11:46Z, git hash: 3ce520221d0240229c862b122d2b06c12a625732
2019-10-06 15:22:07,437 [main] INFO  handler.ContextHandler (ContextHandler.java:doStart(781)) - Started o.e.j.s.ServletContextHandler@63300c4b{/logs,file:///workdir/hadoop-ozone/integration-test/target/log,AVAILABLE}
2019-10-06 15:22:07,438 [main] INFO  handler.ContextHandler (ContextHandler.java:doStart(781)) - Started o.e.j.s.ServletContextHandler@3a6045c6{/static,jar:file:/home/user/.m2/repository/org/apache/hadoop/hadoop-hdds-container-service/0.5.0-SNAPSHOT/hadoop-hdds-container-service-0.5.0-SNAPSHOT.jar!/webapps/static,AVAILABLE}
2019-10-06 15:22:07,465 [main] INFO  handler.ContextHandler (ContextHandler.java:doStart(781)) - Started o.e.j.w.WebAppContext@25f15f50{/,file:///tmp/jetty-0.0.0.0-44480-hddsDatanode-_-any-743500899857520086.dir/webapp/,AVAILABLE}{/hddsDatanode}
2019-10-06 15:22:07,465 [main] INFO  server.AbstractConnector (AbstractConnector.java:doStart(278)) - Started ServerConnector@52b46d52{HTTP/1.1,[http/1.1]}{0.0.0.0:44480}
2019-10-06 15:22:07,466 [main] INFO  server.Server (Server.java:doStart(419)) - Started @40626ms
2019-10-06 15:22:07,467 [main] WARN  impl.MetricsSystemImpl (MetricsSystemImpl.java:register(276)) - Sink prometheus already exists!
2019-10-06 15:22:07,467 [main] INFO  server.BaseHttpServer (BaseHttpServer.java:updateConnectorAddress(215)) - HTTP server of HDDSDATANODE is listening at http://0.0.0.0:44480
2019-10-06 15:22:07,468 [main] INFO  impl.MetricsSystemImpl (MetricsSystemImpl.java:init(158)) - HddsDatanode metrics system started (again)
2019-10-06 15:22:07,472 [org.apache.hadoop.util.JvmPauseMonitor$Monitor@1ecba329] INFO  util.JvmPauseMonitor (JvmPauseMonitor.java:run(188)) - Starting JVM pause monitor
2019-10-06 15:22:07,473 [main] INFO  ozone.HddsDatanodeService (HddsDatanodeService.java:start(184)) - HddsDatanodeService host:ozone-build-dev-nffdx-465010684 ip:192.168.30.23
2019-10-06 15:22:07,474 [Datanode State Machine Thread - 0] INFO  datanode.InitDatanodeState (InitDatanodeState.java:persistContainerDatanodeDetails(140)) - DatanodeDetails is persisted to /workdir/hadoop-ozone/integration-test/target/test-dir/MiniOzoneClusterImpl-75d4eebd-4d6b-4bc7-bead-2a18387fbc3f/datanode-0/meta/datanode.id
2019-10-06 15:22:07,479 [main] INFO  volume.HddsVolume (HddsVolume.java:<init>(176)) - Creating Volume: /workdir/hadoop-ozone/integration-test/target/test-dir/MiniOzoneClusterImpl-75d4eebd-4d6b-4bc7-bead-2a18387fbc3f/datanode-1/data/containers/hdds of  storage type : DISK and capacity : 1482555576320
2019-10-06 15:22:07,480 [main] INFO  volume.VolumeSet (VolumeSet.java:initializeVolumeSet(170)) - Added Volume : /workdir/hadoop-ozone/integration-test/target/test-dir/MiniOzoneClusterImpl-75d4eebd-4d6b-4bc7-bead-2a18387fbc3f/datanode-1/data/containers/hdds to VolumeSet
2019-10-06 15:22:07,480 [main] INFO  volume.ThrottledAsyncChecker (ThrottledAsyncChecker.java:schedule(139)) - Scheduling a check for org.apache.hadoop.ozone.container.common.volume.HddsVolume@76544c0a
2019-10-06 15:22:07,481 [main] INFO  volume.HddsVolumeChecker (HddsVolumeChecker.java:checkAllVolumes(202)) - Scheduled health check for volume org.apache.hadoop.ozone.container.common.volume.HddsVolume@76544c0a
2019-10-06 15:22:07,500 [main] INFO  impl.RaftServerProxy (ConfUtils.java:logGet(43)) - raft.rpc.type = GRPC (default)
2019-10-06 15:22:07,500 [main] INFO  grpc.GrpcFactory (GrpcFactory.java:checkPooledByteBufAllocatorUseCacheForAllThreads(45)) - PERFORMANCE WARNING: useCacheForAllThreads is true that may cause Netty to create a lot garbage objects and, as a result, trigger GC.
	It is recommended to disable useCacheForAllThreads by setting -Dorg.apache.ratis.thirdparty.io.netty.allocator.useCacheForAllThreads=false in command line.
2019-10-06 15:22:07,501 [main] INFO  grpc.GrpcConfigKeys$Server (ConfUtils.java:logGet(43)) - raft.grpc.server.port = 0 (default)
2019-10-06 15:22:07,501 [main] INFO  server.GrpcService (ConfUtils.java:logGet(43)) - raft.grpc.message.size.max = 33570816 (custom)
2019-10-06 15:22:07,501 [main] INFO  server.RaftServerConfigKeys (ConfUtils.java:logGet(43)) - raft.server.log.appender.buffer.byte-limit = 33554432 (custom)
2019-10-06 15:22:07,501 [main] INFO  server.GrpcService (ConfUtils.java:logGet(43)) - raft.grpc.flow.control.window = 1MB (=1048576) (default)
2019-10-06 15:22:07,502 [main] INFO  server.RaftServerConfigKeys (ConfUtils.java:logGet(43)) - raft.server.rpc.request.timeout = 3000ms (default)
2019-10-06 15:22:07,502 [main] INFO  server.RaftServerConfigKeys (ConfUtils.java:logGet(43)) - raft.server.storage.dir = [/workdir/hadoop-ozone/integration-test/target/test-dir/MiniOzoneClusterImpl-75d4eebd-4d6b-4bc7-bead-2a18387fbc3f/datanode-1/data/ratis] (custom)
2019-10-06 15:22:07,504 [main] INFO  hdfs.DFSUtil (DFSUtil.java:httpServerTemplateForNNAndJN(1641)) - Starting Web-server for hddsDatanode at: http://0.0.0.0:0
2019-10-06 15:22:07,506 [main] INFO  server.AuthenticationFilter (AuthenticationFilter.java:constructSecretProvider(240)) - Unable to initialize FileSignerSecretProvider, falling back to use random secrets.
2019-10-06 15:22:07,506 [main] WARN  http.HttpRequestLog (HttpRequestLog.java:getRequestLog(97)) - Jetty request log can only be enabled using Log4j
2019-10-06 15:22:07,509 [main] INFO  http.HttpServer2 (HttpServer2.java:addGlobalFilter(975)) - Added global filter 'safety' (class=org.apache.hadoop.http.HttpServer2$QuotingInputFilter)
2019-10-06 15:22:07,510 [main] INFO  http.HttpServer2 (HttpServer2.java:addFilter(948)) - Added filter static_user_filter (class=org.apache.hadoop.http.lib.StaticUserWebFilter$StaticUserFilter) to context hddsDatanode
2019-10-06 15:22:07,510 [main] INFO  http.HttpServer2 (HttpServer2.java:addFilter(958)) - Added filter static_user_filter (class=org.apache.hadoop.http.lib.StaticUserWebFilter$StaticUserFilter) to context static
2019-10-06 15:22:07,510 [main] INFO  http.HttpServer2 (HttpServer2.java:addFilter(958)) - Added filter static_user_filter (class=org.apache.hadoop.http.lib.StaticUserWebFilter$StaticUserFilter) to context logs
2019-10-06 15:22:07,511 [main] INFO  http.HttpServer2 (HttpServer2.java:bindListener(1191)) - Jetty bound to port 35475
2019-10-06 15:22:07,511 [main] INFO  server.Server (Server.java:doStart(351)) - jetty-9.3.25.v20180904, build timestamp: 2018-09-04T21:11:46Z, git hash: 3ce520221d0240229c862b122d2b06c12a625732
2019-10-06 15:22:07,516 [main] INFO  handler.ContextHandler (ContextHandler.java:doStart(781)) - Started o.e.j.s.ServletContextHandler@60990e5c{/logs,file:///workdir/hadoop-ozone/integration-test/target/log,AVAILABLE}
2019-10-06 15:22:07,517 [main] INFO  handler.ContextHandler (ContextHandler.java:doStart(781)) - Started o.e.j.s.ServletContextHandler@39ee94de{/static,jar:file:/home/user/.m2/repository/org/apache/hadoop/hadoop-hdds-container-service/0.5.0-SNAPSHOT/hadoop-hdds-container-service-0.5.0-SNAPSHOT.jar!/webapps/static,AVAILABLE}
2019-10-06 15:22:07,549 [main] INFO  handler.ContextHandler (ContextHandler.java:doStart(781)) - Started o.e.j.w.WebAppContext@67536ae0{/,file:///tmp/jetty-0.0.0.0-35475-hddsDatanode-_-any-2967685187277625552.dir/webapp/,AVAILABLE}{/hddsDatanode}
2019-10-06 15:22:07,550 [main] INFO  server.AbstractConnector (AbstractConnector.java:doStart(278)) - Started ServerConnector@6413d7e7{HTTP/1.1,[http/1.1]}{0.0.0.0:35475}
2019-10-06 15:22:07,551 [main] INFO  server.Server (Server.java:doStart(419)) - Started @40711ms
2019-10-06 15:22:07,551 [main] WARN  impl.MetricsSystemImpl (MetricsSystemImpl.java:register(276)) - Sink prometheus already exists!
2019-10-06 15:22:07,552 [main] INFO  server.BaseHttpServer (BaseHttpServer.java:updateConnectorAddress(215)) - HTTP server of HDDSDATANODE is listening at http://0.0.0.0:35475
2019-10-06 15:22:07,552 [main] INFO  impl.MetricsSystemImpl (MetricsSystemImpl.java:init(158)) - HddsDatanode metrics system started (again)
2019-10-06 15:22:07,556 [main] INFO  ozone.HddsDatanodeService (HddsDatanodeService.java:start(184)) - HddsDatanodeService host:ozone-build-dev-nffdx-465010684 ip:192.168.30.23
2019-10-06 15:22:07,556 [org.apache.hadoop.util.JvmPauseMonitor$Monitor@1cb569b8] INFO  util.JvmPauseMonitor (JvmPauseMonitor.java:run(188)) - Starting JVM pause monitor
2019-10-06 15:22:07,558 [Datanode State Machine Thread - 0] INFO  datanode.InitDatanodeState (InitDatanodeState.java:persistContainerDatanodeDetails(140)) - DatanodeDetails is persisted to /workdir/hadoop-ozone/integration-test/target/test-dir/MiniOzoneClusterImpl-75d4eebd-4d6b-4bc7-bead-2a18387fbc3f/datanode-1/meta/datanode.id
2019-10-06 15:22:07,562 [main] INFO  volume.HddsVolume (HddsVolume.java:<init>(176)) - Creating Volume: /workdir/hadoop-ozone/integration-test/target/test-dir/MiniOzoneClusterImpl-75d4eebd-4d6b-4bc7-bead-2a18387fbc3f/datanode-2/data/containers/hdds of  storage type : DISK and capacity : 1482555576320
2019-10-06 15:22:07,562 [main] INFO  volume.VolumeSet (VolumeSet.java:initializeVolumeSet(170)) - Added Volume : /workdir/hadoop-ozone/integration-test/target/test-dir/MiniOzoneClusterImpl-75d4eebd-4d6b-4bc7-bead-2a18387fbc3f/datanode-2/data/containers/hdds to VolumeSet
2019-10-06 15:22:07,562 [main] INFO  volume.ThrottledAsyncChecker (ThrottledAsyncChecker.java:schedule(139)) - Scheduling a check for org.apache.hadoop.ozone.container.common.volume.HddsVolume@7134b8a7
2019-10-06 15:22:07,563 [main] INFO  volume.HddsVolumeChecker (HddsVolumeChecker.java:checkAllVolumes(202)) - Scheduled health check for volume org.apache.hadoop.ozone.container.common.volume.HddsVolume@7134b8a7
2019-10-06 15:22:07,576 [main] INFO  impl.RaftServerProxy (ConfUtils.java:logGet(43)) - raft.rpc.type = GRPC (default)
2019-10-06 15:22:07,576 [main] INFO  grpc.GrpcFactory (GrpcFactory.java:checkPooledByteBufAllocatorUseCacheForAllThreads(45)) - PERFORMANCE WARNING: useCacheForAllThreads is true that may cause Netty to create a lot garbage objects and, as a result, trigger GC.
	It is recommended to disable useCacheForAllThreads by setting -Dorg.apache.ratis.thirdparty.io.netty.allocator.useCacheForAllThreads=false in command line.
2019-10-06 15:22:07,577 [main] INFO  grpc.GrpcConfigKeys$Server (ConfUtils.java:logGet(43)) - raft.grpc.server.port = 0 (default)
2019-10-06 15:22:07,577 [main] INFO  server.GrpcService (ConfUtils.java:logGet(43)) - raft.grpc.message.size.max = 33570816 (custom)
2019-10-06 15:22:07,577 [main] INFO  server.RaftServerConfigKeys (ConfUtils.java:logGet(43)) - raft.server.log.appender.buffer.byte-limit = 33554432 (custom)
2019-10-06 15:22:07,577 [main] INFO  server.GrpcService (ConfUtils.java:logGet(43)) - raft.grpc.flow.control.window = 1MB (=1048576) (default)
2019-10-06 15:22:07,577 [main] INFO  server.RaftServerConfigKeys (ConfUtils.java:logGet(43)) - raft.server.rpc.request.timeout = 3000ms (default)
2019-10-06 15:22:07,578 [main] INFO  server.RaftServerConfigKeys (ConfUtils.java:logGet(43)) - raft.server.storage.dir = [/workdir/hadoop-ozone/integration-test/target/test-dir/MiniOzoneClusterImpl-75d4eebd-4d6b-4bc7-bead-2a18387fbc3f/datanode-2/data/ratis] (custom)
2019-10-06 15:22:07,579 [main] INFO  hdfs.DFSUtil (DFSUtil.java:httpServerTemplateForNNAndJN(1641)) - Starting Web-server for hddsDatanode at: http://0.0.0.0:0
2019-10-06 15:22:07,580 [main] INFO  server.AuthenticationFilter (AuthenticationFilter.java:constructSecretProvider(240)) - Unable to initialize FileSignerSecretProvider, falling back to use random secrets.
2019-10-06 15:22:07,581 [main] WARN  http.HttpRequestLog (HttpRequestLog.java:getRequestLog(97)) - Jetty request log can only be enabled using Log4j
2019-10-06 15:22:07,582 [main] INFO  http.HttpServer2 (HttpServer2.java:addGlobalFilter(975)) - Added global filter 'safety' (class=org.apache.hadoop.http.HttpServer2$QuotingInputFilter)
2019-10-06 15:22:07,584 [main] INFO  http.HttpServer2 (HttpServer2.java:addFilter(948)) - Added filter static_user_filter (class=org.apache.hadoop.http.lib.StaticUserWebFilter$StaticUserFilter) to context hddsDatanode
2019-10-06 15:22:07,584 [main] INFO  http.HttpServer2 (HttpServer2.java:addFilter(958)) - Added filter static_user_filter (class=org.apache.hadoop.http.lib.StaticUserWebFilter$StaticUserFilter) to context logs
2019-10-06 15:22:07,584 [main] INFO  http.HttpServer2 (HttpServer2.java:addFilter(958)) - Added filter static_user_filter (class=org.apache.hadoop.http.lib.StaticUserWebFilter$StaticUserFilter) to context static
2019-10-06 15:22:07,585 [main] INFO  http.HttpServer2 (HttpServer2.java:bindListener(1191)) - Jetty bound to port 36865
2019-10-06 15:22:07,585 [main] INFO  server.Server (Server.java:doStart(351)) - jetty-9.3.25.v20180904, build timestamp: 2018-09-04T21:11:46Z, git hash: 3ce520221d0240229c862b122d2b06c12a625732
2019-10-06 15:22:07,586 [main] INFO  handler.ContextHandler (ContextHandler.java:doStart(781)) - Started o.e.j.s.ServletContextHandler@64e1377c{/logs,file:///workdir/hadoop-ozone/integration-test/target/log,AVAILABLE}
2019-10-06 15:22:07,587 [main] INFO  handler.ContextHandler (ContextHandler.java:doStart(781)) - Started o.e.j.s.ServletContextHandler@92d1782{/static,jar:file:/home/user/.m2/repository/org/apache/hadoop/hadoop-hdds-container-service/0.5.0-SNAPSHOT/hadoop-hdds-container-service-0.5.0-SNAPSHOT.jar!/webapps/static,AVAILABLE}
2019-10-06 15:22:07,616 [main] INFO  handler.ContextHandler (ContextHandler.java:doStart(781)) - Started o.e.j.w.WebAppContext@7cfac39f{/,file:///tmp/jetty-0.0.0.0-36865-hddsDatanode-_-any-2313406923358418143.dir/webapp/,AVAILABLE}{/hddsDatanode}
2019-10-06 15:22:07,616 [main] INFO  server.AbstractConnector (AbstractConnector.java:doStart(278)) - Started ServerConnector@158ae284{HTTP/1.1,[http/1.1]}{0.0.0.0:36865}
2019-10-06 15:22:07,617 [main] INFO  server.Server (Server.java:doStart(419)) - Started @40777ms
2019-10-06 15:22:07,617 [main] WARN  impl.MetricsSystemImpl (MetricsSystemImpl.java:register(276)) - Sink prometheus already exists!
2019-10-06 15:22:07,618 [main] INFO  server.BaseHttpServer (BaseHttpServer.java:updateConnectorAddress(215)) - HTTP server of HDDSDATANODE is listening at http://0.0.0.0:36865
2019-10-06 15:22:07,618 [main] INFO  impl.MetricsSystemImpl (MetricsSystemImpl.java:init(158)) - HddsDatanode metrics system started (again)
2019-10-06 15:22:07,622 [org.apache.hadoop.util.JvmPauseMonitor$Monitor@7a9218f] INFO  util.JvmPauseMonitor (JvmPauseMonitor.java:run(188)) - Starting JVM pause monitor
2019-10-06 15:22:07,622 [main] INFO  ozone.HddsDatanodeService (HddsDatanodeService.java:start(184)) - HddsDatanodeService host:ozone-build-dev-nffdx-465010684 ip:192.168.30.23
2019-10-06 15:22:07,624 [Datanode State Machine Thread - 0] INFO  datanode.InitDatanodeState (InitDatanodeState.java:persistContainerDatanodeDetails(140)) - DatanodeDetails is persisted to /workdir/hadoop-ozone/integration-test/target/test-dir/MiniOzoneClusterImpl-75d4eebd-4d6b-4bc7-bead-2a18387fbc3f/datanode-2/meta/datanode.id
2019-10-06 15:22:07,628 [main] INFO  volume.HddsVolume (HddsVolume.java:<init>(176)) - Creating Volume: /workdir/hadoop-ozone/integration-test/target/test-dir/MiniOzoneClusterImpl-75d4eebd-4d6b-4bc7-bead-2a18387fbc3f/datanode-3/data/containers/hdds of  storage type : DISK and capacity : 1482555576320
2019-10-06 15:22:07,628 [main] INFO  volume.VolumeSet (VolumeSet.java:initializeVolumeSet(170)) - Added Volume : /workdir/hadoop-ozone/integration-test/target/test-dir/MiniOzoneClusterImpl-75d4eebd-4d6b-4bc7-bead-2a18387fbc3f/datanode-3/data/containers/hdds to VolumeSet
2019-10-06 15:22:07,628 [main] INFO  volume.ThrottledAsyncChecker (ThrottledAsyncChecker.java:schedule(139)) - Scheduling a check for org.apache.hadoop.ozone.container.common.volume.HddsVolume@31b82e0f
2019-10-06 15:22:07,629 [main] INFO  volume.HddsVolumeChecker (HddsVolumeChecker.java:checkAllVolumes(202)) - Scheduled health check for volume org.apache.hadoop.ozone.container.common.volume.HddsVolume@31b82e0f
2019-10-06 15:22:07,645 [main] INFO  impl.RaftServerProxy (ConfUtils.java:logGet(43)) - raft.rpc.type = GRPC (default)
2019-10-06 15:22:07,645 [main] INFO  grpc.GrpcFactory (GrpcFactory.java:checkPooledByteBufAllocatorUseCacheForAllThreads(45)) - PERFORMANCE WARNING: useCacheForAllThreads is true that may cause Netty to create a lot garbage objects and, as a result, trigger GC.
	It is recommended to disable useCacheForAllThreads by setting -Dorg.apache.ratis.thirdparty.io.netty.allocator.useCacheForAllThreads=false in command line.
2019-10-06 15:22:07,645 [main] INFO  grpc.GrpcConfigKeys$Server (ConfUtils.java:logGet(43)) - raft.grpc.server.port = 0 (default)
2019-10-06 15:22:07,646 [main] INFO  server.GrpcService (ConfUtils.java:logGet(43)) - raft.grpc.message.size.max = 33570816 (custom)
2019-10-06 15:22:07,646 [main] INFO  server.RaftServerConfigKeys (ConfUtils.java:logGet(43)) - raft.server.log.appender.buffer.byte-limit = 33554432 (custom)
2019-10-06 15:22:07,646 [main] INFO  server.GrpcService (ConfUtils.java:logGet(43)) - raft.grpc.flow.control.window = 1MB (=1048576) (default)
2019-10-06 15:22:07,646 [main] INFO  server.RaftServerConfigKeys (ConfUtils.java:logGet(43)) - raft.server.rpc.request.timeout = 3000ms (default)
2019-10-06 15:22:07,647 [main] INFO  server.RaftServerConfigKeys (ConfUtils.java:logGet(43)) - raft.server.storage.dir = [/workdir/hadoop-ozone/integration-test/target/test-dir/MiniOzoneClusterImpl-75d4eebd-4d6b-4bc7-bead-2a18387fbc3f/datanode-3/data/ratis] (custom)
2019-10-06 15:22:07,648 [main] INFO  hdfs.DFSUtil (DFSUtil.java:httpServerTemplateForNNAndJN(1641)) - Starting Web-server for hddsDatanode at: http://0.0.0.0:0
2019-10-06 15:22:07,649 [main] INFO  server.AuthenticationFilter (AuthenticationFilter.java:constructSecretProvider(240)) - Unable to initialize FileSignerSecretProvider, falling back to use random secrets.
2019-10-06 15:22:07,649 [main] WARN  http.HttpRequestLog (HttpRequestLog.java:getRequestLog(97)) - Jetty request log can only be enabled using Log4j
2019-10-06 15:22:07,651 [main] INFO  http.HttpServer2 (HttpServer2.java:addGlobalFilter(975)) - Added global filter 'safety' (class=org.apache.hadoop.http.HttpServer2$QuotingInputFilter)
2019-10-06 15:22:07,651 [main] INFO  http.HttpServer2 (HttpServer2.java:addFilter(948)) - Added filter static_user_filter (class=org.apache.hadoop.http.lib.StaticUserWebFilter$StaticUserFilter) to context hddsDatanode
2019-10-06 15:22:07,651 [main] INFO  http.HttpServer2 (HttpServer2.java:addFilter(958)) - Added filter static_user_filter (class=org.apache.hadoop.http.lib.StaticUserWebFilter$StaticUserFilter) to context static
2019-10-06 15:22:07,651 [main] INFO  http.HttpServer2 (HttpServer2.java:addFilter(958)) - Added filter static_user_filter (class=org.apache.hadoop.http.lib.StaticUserWebFilter$StaticUserFilter) to context logs
2019-10-06 15:22:07,652 [main] INFO  http.HttpServer2 (HttpServer2.java:bindListener(1191)) - Jetty bound to port 41455
2019-10-06 15:22:07,652 [main] INFO  server.Server (Server.java:doStart(351)) - jetty-9.3.25.v20180904, build timestamp: 2018-09-04T21:11:46Z, git hash: 3ce520221d0240229c862b122d2b06c12a625732
2019-10-06 15:22:07,654 [main] INFO  handler.ContextHandler (ContextHandler.java:doStart(781)) - Started o.e.j.s.ServletContextHandler@10272bbb{/logs,file:///workdir/hadoop-ozone/integration-test/target/log,AVAILABLE}
2019-10-06 15:22:07,654 [main] INFO  handler.ContextHandler (ContextHandler.java:doStart(781)) - Started o.e.j.s.ServletContextHandler@16736040{/static,jar:file:/home/user/.m2/repository/org/apache/hadoop/hadoop-hdds-container-service/0.5.0-SNAPSHOT/hadoop-hdds-container-service-0.5.0-SNAPSHOT.jar!/webapps/static,AVAILABLE}
2019-10-06 15:22:07,682 [main] INFO  handler.ContextHandler (ContextHandler.java:doStart(781)) - Started o.e.j.w.WebAppContext@40c2ce52{/,file:///tmp/jetty-0.0.0.0-41455-hddsDatanode-_-any-2664758104982836728.dir/webapp/,AVAILABLE}{/hddsDatanode}
2019-10-06 15:22:07,683 [main] INFO  server.AbstractConnector (AbstractConnector.java:doStart(278)) - Started ServerConnector@18a19e{HTTP/1.1,[http/1.1]}{0.0.0.0:41455}
2019-10-06 15:22:07,684 [main] INFO  server.Server (Server.java:doStart(419)) - Started @40844ms
2019-10-06 15:22:07,684 [main] WARN  impl.MetricsSystemImpl (MetricsSystemImpl.java:register(276)) - Sink prometheus already exists!
2019-10-06 15:22:07,685 [main] INFO  server.BaseHttpServer (BaseHttpServer.java:updateConnectorAddress(215)) - HTTP server of HDDSDATANODE is listening at http://0.0.0.0:41455
2019-10-06 15:22:07,686 [main] INFO  impl.MetricsSystemImpl (MetricsSystemImpl.java:init(158)) - HddsDatanode metrics system started (again)
2019-10-06 15:22:07,690 [org.apache.hadoop.util.JvmPauseMonitor$Monitor@45673167] INFO  util.JvmPauseMonitor (JvmPauseMonitor.java:run(188)) - Starting JVM pause monitor
2019-10-06 15:22:07,691 [main] INFO  ozone.HddsDatanodeService (HddsDatanodeService.java:start(184)) - HddsDatanodeService host:ozone-build-dev-nffdx-465010684 ip:192.168.30.23
2019-10-06 15:22:07,692 [Datanode State Machine Thread - 0] INFO  datanode.InitDatanodeState (InitDatanodeState.java:persistContainerDatanodeDetails(140)) - DatanodeDetails is persisted to /workdir/hadoop-ozone/integration-test/target/test-dir/MiniOzoneClusterImpl-75d4eebd-4d6b-4bc7-bead-2a18387fbc3f/datanode-3/meta/datanode.id
2019-10-06 15:22:07,697 [main] INFO  volume.HddsVolume (HddsVolume.java:<init>(176)) - Creating Volume: /workdir/hadoop-ozone/integration-test/target/test-dir/MiniOzoneClusterImpl-75d4eebd-4d6b-4bc7-bead-2a18387fbc3f/datanode-4/data/containers/hdds of  storage type : DISK and capacity : 1482555576320
2019-10-06 15:22:07,697 [main] INFO  volume.VolumeSet (VolumeSet.java:initializeVolumeSet(170)) - Added Volume : /workdir/hadoop-ozone/integration-test/target/test-dir/MiniOzoneClusterImpl-75d4eebd-4d6b-4bc7-bead-2a18387fbc3f/datanode-4/data/containers/hdds to VolumeSet
2019-10-06 15:22:07,697 [main] INFO  volume.ThrottledAsyncChecker (ThrottledAsyncChecker.java:schedule(139)) - Scheduling a check for org.apache.hadoop.ozone.container.common.volume.HddsVolume@3408f695
2019-10-06 15:22:07,698 [main] INFO  volume.HddsVolumeChecker (HddsVolumeChecker.java:checkAllVolumes(202)) - Scheduled health check for volume org.apache.hadoop.ozone.container.common.volume.HddsVolume@3408f695
2019-10-06 15:22:07,712 [main] INFO  impl.RaftServerProxy (ConfUtils.java:logGet(43)) - raft.rpc.type = GRPC (default)
2019-10-06 15:22:07,712 [main] INFO  grpc.GrpcFactory (GrpcFactory.java:checkPooledByteBufAllocatorUseCacheForAllThreads(45)) - PERFORMANCE WARNING: useCacheForAllThreads is true that may cause Netty to create a lot garbage objects and, as a result, trigger GC.
	It is recommended to disable useCacheForAllThreads by setting -Dorg.apache.ratis.thirdparty.io.netty.allocator.useCacheForAllThreads=false in command line.
2019-10-06 15:22:07,712 [main] INFO  grpc.GrpcConfigKeys$Server (ConfUtils.java:logGet(43)) - raft.grpc.server.port = 0 (default)
2019-10-06 15:22:07,712 [main] INFO  server.GrpcService (ConfUtils.java:logGet(43)) - raft.grpc.message.size.max = 33570816 (custom)
2019-10-06 15:22:07,712 [main] INFO  server.RaftServerConfigKeys (ConfUtils.java:logGet(43)) - raft.server.log.appender.buffer.byte-limit = 33554432 (custom)
2019-10-06 15:22:07,712 [main] INFO  server.GrpcService (ConfUtils.java:logGet(43)) - raft.grpc.flow.control.window = 1MB (=1048576) (default)
2019-10-06 15:22:07,713 [main] INFO  server.RaftServerConfigKeys (ConfUtils.java:logGet(43)) - raft.server.rpc.request.timeout = 3000ms (default)
2019-10-06 15:22:07,713 [main] INFO  server.RaftServerConfigKeys (ConfUtils.java:logGet(43)) - raft.server.storage.dir = [/workdir/hadoop-ozone/integration-test/target/test-dir/MiniOzoneClusterImpl-75d4eebd-4d6b-4bc7-bead-2a18387fbc3f/datanode-4/data/ratis] (custom)
2019-10-06 15:22:07,714 [main] INFO  hdfs.DFSUtil (DFSUtil.java:httpServerTemplateForNNAndJN(1641)) - Starting Web-server for hddsDatanode at: http://0.0.0.0:0
2019-10-06 15:22:07,716 [main] INFO  server.AuthenticationFilter (AuthenticationFilter.java:constructSecretProvider(240)) - Unable to initialize FileSignerSecretProvider, falling back to use random secrets.
2019-10-06 15:22:07,716 [main] WARN  http.HttpRequestLog (HttpRequestLog.java:getRequestLog(97)) - Jetty request log can only be enabled using Log4j
2019-10-06 15:22:07,717 [main] INFO  http.HttpServer2 (HttpServer2.java:addGlobalFilter(975)) - Added global filter 'safety' (class=org.apache.hadoop.http.HttpServer2$QuotingInputFilter)
2019-10-06 15:22:07,718 [main] INFO  http.HttpServer2 (HttpServer2.java:addFilter(948)) - Added filter static_user_filter (class=org.apache.hadoop.http.lib.StaticUserWebFilter$StaticUserFilter) to context hddsDatanode
2019-10-06 15:22:07,718 [main] INFO  http.HttpServer2 (HttpServer2.java:addFilter(958)) - Added filter static_user_filter (class=org.apache.hadoop.http.lib.StaticUserWebFilter$StaticUserFilter) to context logs
2019-10-06 15:22:07,718 [main] INFO  http.HttpServer2 (HttpServer2.java:addFilter(958)) - Added filter static_user_filter (class=org.apache.hadoop.http.lib.StaticUserWebFilter$StaticUserFilter) to context static
2019-10-06 15:22:07,719 [main] INFO  http.HttpServer2 (HttpServer2.java:bindListener(1191)) - Jetty bound to port 36363
2019-10-06 15:22:07,719 [main] INFO  server.Server (Server.java:doStart(351)) - jetty-9.3.25.v20180904, build timestamp: 2018-09-04T21:11:46Z, git hash: 3ce520221d0240229c862b122d2b06c12a625732
2019-10-06 15:22:07,721 [main] INFO  handler.ContextHandler (ContextHandler.java:doStart(781)) - Started o.e.j.s.ServletContextHandler@76f881d9{/logs,file:///workdir/hadoop-ozone/integration-test/target/log,AVAILABLE}
2019-10-06 15:22:07,722 [main] INFO  handler.ContextHandler (ContextHandler.java:doStart(781)) - Started o.e.j.s.ServletContextHandler@50a13c2f{/static,jar:file:/home/user/.m2/repository/org/apache/hadoop/hadoop-hdds-container-service/0.5.0-SNAPSHOT/hadoop-hdds-container-service-0.5.0-SNAPSHOT.jar!/webapps/static,AVAILABLE}
2019-10-06 15:22:07,750 [main] INFO  handler.ContextHandler (ContextHandler.java:doStart(781)) - Started o.e.j.w.WebAppContext@1a07bf6{/,file:///tmp/jetty-0.0.0.0-36363-hddsDatanode-_-any-2098859053601641062.dir/webapp/,AVAILABLE}{/hddsDatanode}
2019-10-06 15:22:07,751 [main] INFO  server.AbstractConnector (AbstractConnector.java:doStart(278)) - Started ServerConnector@4c0e426a{HTTP/1.1,[http/1.1]}{0.0.0.0:36363}
2019-10-06 15:22:07,752 [main] INFO  server.Server (Server.java:doStart(419)) - Started @40912ms
2019-10-06 15:22:07,752 [main] WARN  impl.MetricsSystemImpl (MetricsSystemImpl.java:register(276)) - Sink prometheus already exists!
2019-10-06 15:22:07,753 [main] INFO  server.BaseHttpServer (BaseHttpServer.java:updateConnectorAddress(215)) - HTTP server of HDDSDATANODE is listening at http://0.0.0.0:36363
2019-10-06 15:22:07,753 [main] INFO  impl.MetricsSystemImpl (MetricsSystemImpl.java:init(158)) - HddsDatanode metrics system started (again)
2019-10-06 15:22:07,759 [org.apache.hadoop.util.JvmPauseMonitor$Monitor@68f9bdad] INFO  util.JvmPauseMonitor (JvmPauseMonitor.java:run(188)) - Starting JVM pause monitor
2019-10-06 15:22:07,759 [main] INFO  ozone.HddsDatanodeService (HddsDatanodeService.java:start(184)) - HddsDatanodeService host:ozone-build-dev-nffdx-465010684 ip:192.168.30.23
2019-10-06 15:22:07,760 [Datanode State Machine Thread - 0] INFO  datanode.InitDatanodeState (InitDatanodeState.java:persistContainerDatanodeDetails(140)) - DatanodeDetails is persisted to /workdir/hadoop-ozone/integration-test/target/test-dir/MiniOzoneClusterImpl-75d4eebd-4d6b-4bc7-bead-2a18387fbc3f/datanode-4/meta/datanode.id
2019-10-06 15:22:07,766 [main] INFO  volume.HddsVolume (HddsVolume.java:<init>(176)) - Creating Volume: /workdir/hadoop-ozone/integration-test/target/test-dir/MiniOzoneClusterImpl-75d4eebd-4d6b-4bc7-bead-2a18387fbc3f/datanode-5/data/containers/hdds of  storage type : DISK and capacity : 1482555576320
2019-10-06 15:22:07,766 [main] INFO  volume.VolumeSet (VolumeSet.java:initializeVolumeSet(170)) - Added Volume : /workdir/hadoop-ozone/integration-test/target/test-dir/MiniOzoneClusterImpl-75d4eebd-4d6b-4bc7-bead-2a18387fbc3f/datanode-5/data/containers/hdds to VolumeSet
2019-10-06 15:22:07,766 [main] INFO  volume.ThrottledAsyncChecker (ThrottledAsyncChecker.java:schedule(139)) - Scheduling a check for org.apache.hadoop.ozone.container.common.volume.HddsVolume@4eea94a4
2019-10-06 15:22:07,767 [main] INFO  volume.HddsVolumeChecker (HddsVolumeChecker.java:checkAllVolumes(202)) - Scheduled health check for volume org.apache.hadoop.ozone.container.common.volume.HddsVolume@4eea94a4
2019-10-06 15:22:07,780 [main] INFO  impl.RaftServerProxy (ConfUtils.java:logGet(43)) - raft.rpc.type = GRPC (default)
2019-10-06 15:22:07,780 [main] INFO  grpc.GrpcFactory (GrpcFactory.java:checkPooledByteBufAllocatorUseCacheForAllThreads(45)) - PERFORMANCE WARNING: useCacheForAllThreads is true that may cause Netty to create a lot garbage objects and, as a result, trigger GC.
	It is recommended to disable useCacheForAllThreads by setting -Dorg.apache.ratis.thirdparty.io.netty.allocator.useCacheForAllThreads=false in command line.
2019-10-06 15:22:07,780 [main] INFO  grpc.GrpcConfigKeys$Server (ConfUtils.java:logGet(43)) - raft.grpc.server.port = 0 (default)
2019-10-06 15:22:07,780 [main] INFO  server.GrpcService (ConfUtils.java:logGet(43)) - raft.grpc.message.size.max = 33570816 (custom)
2019-10-06 15:22:07,780 [main] INFO  server.RaftServerConfigKeys (ConfUtils.java:logGet(43)) - raft.server.log.appender.buffer.byte-limit = 33554432 (custom)
2019-10-06 15:22:07,781 [main] INFO  server.GrpcService (ConfUtils.java:logGet(43)) - raft.grpc.flow.control.window = 1MB (=1048576) (default)
2019-10-06 15:22:07,781 [main] INFO  server.RaftServerConfigKeys (ConfUtils.java:logGet(43)) - raft.server.rpc.request.timeout = 3000ms (default)
2019-10-06 15:22:07,781 [main] INFO  server.RaftServerConfigKeys (ConfUtils.java:logGet(43)) - raft.server.storage.dir = [/workdir/hadoop-ozone/integration-test/target/test-dir/MiniOzoneClusterImpl-75d4eebd-4d6b-4bc7-bead-2a18387fbc3f/datanode-5/data/ratis] (custom)
2019-10-06 15:22:07,782 [main] INFO  hdfs.DFSUtil (DFSUtil.java:httpServerTemplateForNNAndJN(1641)) - Starting Web-server for hddsDatanode at: http://0.0.0.0:0
2019-10-06 15:22:07,783 [main] INFO  server.AuthenticationFilter (AuthenticationFilter.java:constructSecretProvider(240)) - Unable to initialize FileSignerSecretProvider, falling back to use random secrets.
2019-10-06 15:22:07,784 [main] WARN  http.HttpRequestLog (HttpRequestLog.java:getRequestLog(97)) - Jetty request log can only be enabled using Log4j
2019-10-06 15:22:07,785 [main] INFO  http.HttpServer2 (HttpServer2.java:addGlobalFilter(975)) - Added global filter 'safety' (class=org.apache.hadoop.http.HttpServer2$QuotingInputFilter)
2019-10-06 15:22:07,786 [main] INFO  http.HttpServer2 (HttpServer2.java:addFilter(948)) - Added filter static_user_filter (class=org.apache.hadoop.http.lib.StaticUserWebFilter$StaticUserFilter) to context hddsDatanode
2019-10-06 15:22:07,786 [main] INFO  http.HttpServer2 (HttpServer2.java:addFilter(958)) - Added filter static_user_filter (class=org.apache.hadoop.http.lib.StaticUserWebFilter$StaticUserFilter) to context static
2019-10-06 15:22:07,786 [main] INFO  http.HttpServer2 (HttpServer2.java:addFilter(958)) - Added filter static_user_filter (class=org.apache.hadoop.http.lib.StaticUserWebFilter$StaticUserFilter) to context logs
2019-10-06 15:22:07,787 [main] INFO  http.HttpServer2 (HttpServer2.java:bindListener(1191)) - Jetty bound to port 40958
2019-10-06 15:22:07,787 [main] INFO  server.Server (Server.java:doStart(351)) - jetty-9.3.25.v20180904, build timestamp: 2018-09-04T21:11:46Z, git hash: 3ce520221d0240229c862b122d2b06c12a625732
2019-10-06 15:22:07,788 [main] INFO  handler.ContextHandler (ContextHandler.java:doStart(781)) - Started o.e.j.s.ServletContextHandler@383c3eb3{/logs,file:///workdir/hadoop-ozone/integration-test/target/log,AVAILABLE}
2019-10-06 15:22:07,789 [main] INFO  handler.ContextHandler (ContextHandler.java:doStart(781)) - Started o.e.j.s.ServletContextHandler@485caa8f{/static,jar:file:/home/user/.m2/repository/org/apache/hadoop/hadoop-hdds-container-service/0.5.0-SNAPSHOT/hadoop-hdds-container-service-0.5.0-SNAPSHOT.jar!/webapps/static,AVAILABLE}
2019-10-06 15:22:07,817 [main] INFO  handler.ContextHandler (ContextHandler.java:doStart(781)) - Started o.e.j.w.WebAppContext@388d14e{/,file:///tmp/jetty-0.0.0.0-40958-hddsDatanode-_-any-3542016105622549880.dir/webapp/,AVAILABLE}{/hddsDatanode}
2019-10-06 15:22:07,818 [main] INFO  server.AbstractConnector (AbstractConnector.java:doStart(278)) - Started ServerConnector@1cd43562{HTTP/1.1,[http/1.1]}{0.0.0.0:40958}
2019-10-06 15:22:07,819 [main] INFO  server.Server (Server.java:doStart(419)) - Started @40979ms
2019-10-06 15:22:07,819 [main] WARN  impl.MetricsSystemImpl (MetricsSystemImpl.java:register(276)) - Sink prometheus already exists!
2019-10-06 15:22:07,820 [main] INFO  server.BaseHttpServer (BaseHttpServer.java:updateConnectorAddress(215)) - HTTP server of HDDSDATANODE is listening at http://0.0.0.0:40958
2019-10-06 15:22:07,820 [main] INFO  impl.MetricsSystemImpl (MetricsSystemImpl.java:init(158)) - HddsDatanode metrics system started (again)
2019-10-06 15:22:07,826 [org.apache.hadoop.util.JvmPauseMonitor$Monitor@2a35bd8b] INFO  util.JvmPauseMonitor (JvmPauseMonitor.java:run(188)) - Starting JVM pause monitor
2019-10-06 15:22:07,826 [main] INFO  ozone.HddsDatanodeService (HddsDatanodeService.java:start(184)) - HddsDatanodeService host:ozone-build-dev-nffdx-465010684 ip:192.168.30.23
2019-10-06 15:22:07,827 [Datanode State Machine Thread - 0] INFO  datanode.InitDatanodeState (InitDatanodeState.java:persistContainerDatanodeDetails(140)) - DatanodeDetails is persisted to /workdir/hadoop-ozone/integration-test/target/test-dir/MiniOzoneClusterImpl-75d4eebd-4d6b-4bc7-bead-2a18387fbc3f/datanode-5/meta/datanode.id
2019-10-06 15:22:07,832 [main] INFO  volume.HddsVolume (HddsVolume.java:<init>(176)) - Creating Volume: /workdir/hadoop-ozone/integration-test/target/test-dir/MiniOzoneClusterImpl-75d4eebd-4d6b-4bc7-bead-2a18387fbc3f/datanode-6/data/containers/hdds of  storage type : DISK and capacity : 1482555576320
2019-10-06 15:22:07,833 [main] INFO  volume.VolumeSet (VolumeSet.java:initializeVolumeSet(170)) - Added Volume : /workdir/hadoop-ozone/integration-test/target/test-dir/MiniOzoneClusterImpl-75d4eebd-4d6b-4bc7-bead-2a18387fbc3f/datanode-6/data/containers/hdds to VolumeSet
2019-10-06 15:22:07,833 [main] INFO  volume.ThrottledAsyncChecker (ThrottledAsyncChecker.java:schedule(139)) - Scheduling a check for org.apache.hadoop.ozone.container.common.volume.HddsVolume@16a2ed51
2019-10-06 15:22:07,833 [main] INFO  volume.HddsVolumeChecker (HddsVolumeChecker.java:checkAllVolumes(202)) - Scheduled health check for volume org.apache.hadoop.ozone.container.common.volume.HddsVolume@16a2ed51
2019-10-06 15:22:07,853 [main] INFO  impl.RaftServerProxy (ConfUtils.java:logGet(43)) - raft.rpc.type = GRPC (default)
2019-10-06 15:22:07,854 [main] INFO  grpc.GrpcFactory (GrpcFactory.java:checkPooledByteBufAllocatorUseCacheForAllThreads(45)) - PERFORMANCE WARNING: useCacheForAllThreads is true that may cause Netty to create a lot garbage objects and, as a result, trigger GC.
	It is recommended to disable useCacheForAllThreads by setting -Dorg.apache.ratis.thirdparty.io.netty.allocator.useCacheForAllThreads=false in command line.
2019-10-06 15:22:07,854 [main] INFO  grpc.GrpcConfigKeys$Server (ConfUtils.java:logGet(43)) - raft.grpc.server.port = 0 (default)
2019-10-06 15:22:07,854 [main] INFO  server.GrpcService (ConfUtils.java:logGet(43)) - raft.grpc.message.size.max = 33570816 (custom)
2019-10-06 15:22:07,854 [main] INFO  server.RaftServerConfigKeys (ConfUtils.java:logGet(43)) - raft.server.log.appender.buffer.byte-limit = 33554432 (custom)
2019-10-06 15:22:07,854 [main] INFO  server.GrpcService (ConfUtils.java:logGet(43)) - raft.grpc.flow.control.window = 1MB (=1048576) (default)
2019-10-06 15:22:07,855 [main] INFO  server.RaftServerConfigKeys (ConfUtils.java:logGet(43)) - raft.server.rpc.request.timeout = 3000ms (default)
2019-10-06 15:22:07,855 [main] INFO  server.RaftServerConfigKeys (ConfUtils.java:logGet(43)) - raft.server.storage.dir = [/workdir/hadoop-ozone/integration-test/target/test-dir/MiniOzoneClusterImpl-75d4eebd-4d6b-4bc7-bead-2a18387fbc3f/datanode-6/data/ratis] (custom)
2019-10-06 15:22:07,856 [main] INFO  hdfs.DFSUtil (DFSUtil.java:httpServerTemplateForNNAndJN(1641)) - Starting Web-server for hddsDatanode at: http://0.0.0.0:0
2019-10-06 15:22:07,857 [main] INFO  server.AuthenticationFilter (AuthenticationFilter.java:constructSecretProvider(240)) - Unable to initialize FileSignerSecretProvider, falling back to use random secrets.
2019-10-06 15:22:07,858 [main] WARN  http.HttpRequestLog (HttpRequestLog.java:getRequestLog(97)) - Jetty request log can only be enabled using Log4j
2019-10-06 15:22:07,859 [main] INFO  http.HttpServer2 (HttpServer2.java:addGlobalFilter(975)) - Added global filter 'safety' (class=org.apache.hadoop.http.HttpServer2$QuotingInputFilter)
2019-10-06 15:22:07,860 [main] INFO  http.HttpServer2 (HttpServer2.java:addFilter(948)) - Added filter static_user_filter (class=org.apache.hadoop.http.lib.StaticUserWebFilter$StaticUserFilter) to context hddsDatanode
2019-10-06 15:22:07,860 [main] INFO  http.HttpServer2 (HttpServer2.java:addFilter(958)) - Added filter static_user_filter (class=org.apache.hadoop.http.lib.StaticUserWebFilter$StaticUserFilter) to context static
2019-10-06 15:22:07,860 [main] INFO  http.HttpServer2 (HttpServer2.java:addFilter(958)) - Added filter static_user_filter (class=org.apache.hadoop.http.lib.StaticUserWebFilter$StaticUserFilter) to context logs
2019-10-06 15:22:07,861 [main] INFO  http.HttpServer2 (HttpServer2.java:bindListener(1191)) - Jetty bound to port 43497
2019-10-06 15:22:07,861 [main] INFO  server.Server (Server.java:doStart(351)) - jetty-9.3.25.v20180904, build timestamp: 2018-09-04T21:11:46Z, git hash: 3ce520221d0240229c862b122d2b06c12a625732
2019-10-06 15:22:07,862 [main] INFO  handler.ContextHandler (ContextHandler.java:doStart(781)) - Started o.e.j.s.ServletContextHandler@58a2d9f9{/logs,file:///workdir/hadoop-ozone/integration-test/target/log,AVAILABLE}
2019-10-06 15:22:07,863 [main] INFO  handler.ContextHandler (ContextHandler.java:doStart(781)) - Started o.e.j.s.ServletContextHandler@1d02af26{/static,jar:file:/home/user/.m2/repository/org/apache/hadoop/hadoop-hdds-container-service/0.5.0-SNAPSHOT/hadoop-hdds-container-service-0.5.0-SNAPSHOT.jar!/webapps/static,AVAILABLE}
2019-10-06 15:22:07,891 [main] INFO  handler.ContextHandler (ContextHandler.java:doStart(781)) - Started o.e.j.w.WebAppContext@1b01a0d{/,file:///tmp/jetty-0.0.0.0-43497-hddsDatanode-_-any-9047041901033124831.dir/webapp/,AVAILABLE}{/hddsDatanode}
2019-10-06 15:22:07,891 [main] INFO  server.AbstractConnector (AbstractConnector.java:doStart(278)) - Started ServerConnector@2ed71727{HTTP/1.1,[http/1.1]}{0.0.0.0:43497}
2019-10-06 15:22:07,893 [main] INFO  server.Server (Server.java:doStart(419)) - Started @41053ms
2019-10-06 15:22:07,893 [main] WARN  impl.MetricsSystemImpl (MetricsSystemImpl.java:register(276)) - Sink prometheus already exists!
2019-10-06 15:22:07,893 [main] INFO  server.BaseHttpServer (BaseHttpServer.java:updateConnectorAddress(215)) - HTTP server of HDDSDATANODE is listening at http://0.0.0.0:43497
2019-10-06 15:22:07,894 [main] INFO  ozone.MiniOzoneClusterImpl (MiniOzoneClusterImpl.java:lambda$waitForClusterToBeReady$0(147)) - Waiting for cluster to be ready. Got 0 of 7 DN Heartbeats.
2019-10-06 15:22:07,898 [org.apache.hadoop.util.JvmPauseMonitor$Monitor@73a0de02] INFO  util.JvmPauseMonitor (JvmPauseMonitor.java:run(188)) - Starting JVM pause monitor
2019-10-06 15:22:07,899 [Datanode State Machine Thread - 0] INFO  datanode.InitDatanodeState (InitDatanodeState.java:persistContainerDatanodeDetails(140)) - DatanodeDetails is persisted to /workdir/hadoop-ozone/integration-test/target/test-dir/MiniOzoneClusterImpl-75d4eebd-4d6b-4bc7-bead-2a18387fbc3f/datanode-6/meta/datanode.id
2019-10-06 15:22:08,894 [main] INFO  ozone.MiniOzoneClusterImpl (MiniOzoneClusterImpl.java:lambda$waitForClusterToBeReady$0(147)) - Waiting for cluster to be ready. Got 0 of 7 DN Heartbeats.
2019-10-06 15:22:09,500 [Datanode State Machine Thread - 0] INFO  ozoneimpl.OzoneContainer (OzoneContainer.java:start(217)) - Attempting to start container services.
2019-10-06 15:22:09,503 [Datanode State Machine Thread - 0] INFO  ozoneimpl.OzoneContainer (OzoneContainer.java:startContainerScrub(179)) - Background container scanner has been disabled.
2019-10-06 15:22:09,503 [Datanode State Machine Thread - 0] INFO  ratis.XceiverServerRatis (XceiverServerRatis.java:start(417)) - Starting XceiverServerRatis 69531f84-7205-4417-979c-d03528d6b4c2 at port 0
2019-10-06 15:22:09,510 [Datanode State Machine Thread - 0] INFO  impl.RaftServerProxy (RaftServerProxy.java:lambda$start$3(299)) - 69531f84-7205-4417-979c-d03528d6b4c2: start RPC server
2019-10-06 15:22:09,513 [Datanode State Machine Thread - 0] INFO  server.GrpcService (GrpcService.java:startImpl(158)) - 69531f84-7205-4417-979c-d03528d6b4c2: GrpcService started, listening on 0.0.0.0/0.0.0.0:44880
2019-10-06 15:22:09,513 [Datanode State Machine Thread - 0] INFO  ratis.XceiverServerRatis (XceiverServerRatis.java:start(427)) - XceiverServerRatis 69531f84-7205-4417-979c-d03528d6b4c2 is started using port 44880
2019-10-06 15:22:09,515 [Datanode State Machine Thread - 0] INFO  server.XceiverServerGrpc (XceiverServerGrpc.java:start(149)) - XceiverServerGrpc 69531f84-7205-4417-979c-d03528d6b4c2 is started using port 33965
2019-10-06 15:22:09,571 [Datanode State Machine Thread - 0] INFO  ozoneimpl.OzoneContainer (OzoneContainer.java:start(217)) - Attempting to start container services.
2019-10-06 15:22:09,573 [Datanode State Machine Thread - 0] INFO  ozoneimpl.OzoneContainer (OzoneContainer.java:startContainerScrub(179)) - Background container scanner has been disabled.
2019-10-06 15:22:09,573 [Datanode State Machine Thread - 0] INFO  ratis.XceiverServerRatis (XceiverServerRatis.java:start(417)) - Starting XceiverServerRatis bac7edc9-69c9-4080-ab0c-1a7f1a29f394 at port 0
2019-10-06 15:22:09,578 [Datanode State Machine Thread - 0] INFO  impl.RaftServerProxy (RaftServerProxy.java:lambda$start$3(299)) - bac7edc9-69c9-4080-ab0c-1a7f1a29f394: start RPC server
2019-10-06 15:22:09,579 [Datanode State Machine Thread - 0] INFO  server.GrpcService (GrpcService.java:startImpl(158)) - bac7edc9-69c9-4080-ab0c-1a7f1a29f394: GrpcService started, listening on 0.0.0.0/0.0.0.0:45138
2019-10-06 15:22:09,579 [Datanode State Machine Thread - 0] INFO  ratis.XceiverServerRatis (XceiverServerRatis.java:start(427)) - XceiverServerRatis bac7edc9-69c9-4080-ab0c-1a7f1a29f394 is started using port 45138
2019-10-06 15:22:09,580 [Datanode State Machine Thread - 0] INFO  server.XceiverServerGrpc (XceiverServerGrpc.java:start(149)) - XceiverServerGrpc bac7edc9-69c9-4080-ab0c-1a7f1a29f394 is started using port 36834
2019-10-06 15:22:09,636 [Datanode State Machine Thread - 0] INFO  ozoneimpl.OzoneContainer (OzoneContainer.java:start(217)) - Attempting to start container services.
2019-10-06 15:22:09,641 [Datanode State Machine Thread - 0] INFO  ozoneimpl.OzoneContainer (OzoneContainer.java:startContainerScrub(179)) - Background container scanner has been disabled.
2019-10-06 15:22:09,641 [Datanode State Machine Thread - 0] INFO  ratis.XceiverServerRatis (XceiverServerRatis.java:start(417)) - Starting XceiverServerRatis 86e848c3-a8c4-4469-96f4-d2b84c1dcbfa at port 0
2019-10-06 15:22:09,647 [Datanode State Machine Thread - 0] INFO  impl.RaftServerProxy (RaftServerProxy.java:lambda$start$3(299)) - 86e848c3-a8c4-4469-96f4-d2b84c1dcbfa: start RPC server
2019-10-06 15:22:09,651 [Datanode State Machine Thread - 0] INFO  server.GrpcService (GrpcService.java:startImpl(158)) - 86e848c3-a8c4-4469-96f4-d2b84c1dcbfa: GrpcService started, listening on 0.0.0.0/0.0.0.0:37326
2019-10-06 15:22:09,651 [Datanode State Machine Thread - 0] INFO  ratis.XceiverServerRatis (XceiverServerRatis.java:start(427)) - XceiverServerRatis 86e848c3-a8c4-4469-96f4-d2b84c1dcbfa is started using port 37326
2019-10-06 15:22:09,656 [Datanode State Machine Thread - 0] INFO  server.XceiverServerGrpc (XceiverServerGrpc.java:start(149)) - XceiverServerGrpc 86e848c3-a8c4-4469-96f4-d2b84c1dcbfa is started using port 38654
2019-10-06 15:22:09,714 [Datanode State Machine Thread - 0] INFO  ozoneimpl.OzoneContainer (OzoneContainer.java:start(217)) - Attempting to start container services.
2019-10-06 15:22:09,714 [Datanode State Machine Thread - 0] INFO  ozoneimpl.OzoneContainer (OzoneContainer.java:startContainerScrub(179)) - Background container scanner has been disabled.
2019-10-06 15:22:09,714 [Datanode State Machine Thread - 0] INFO  ratis.XceiverServerRatis (XceiverServerRatis.java:start(417)) - Starting XceiverServerRatis 1f7023bb-b481-481c-bd59-2650549f2a3a at port 0
2019-10-06 15:22:09,720 [Datanode State Machine Thread - 0] INFO  impl.RaftServerProxy (RaftServerProxy.java:lambda$start$3(299)) - 1f7023bb-b481-481c-bd59-2650549f2a3a: start RPC server
2019-10-06 15:22:09,721 [Datanode State Machine Thread - 0] INFO  server.GrpcService (GrpcService.java:startImpl(158)) - 1f7023bb-b481-481c-bd59-2650549f2a3a: GrpcService started, listening on 0.0.0.0/0.0.0.0:38498
2019-10-06 15:22:09,721 [Datanode State Machine Thread - 0] INFO  ratis.XceiverServerRatis (XceiverServerRatis.java:start(427)) - XceiverServerRatis 1f7023bb-b481-481c-bd59-2650549f2a3a is started using port 38498
2019-10-06 15:22:09,722 [Datanode State Machine Thread - 0] INFO  server.XceiverServerGrpc (XceiverServerGrpc.java:start(149)) - XceiverServerGrpc 1f7023bb-b481-481c-bd59-2650549f2a3a is started using port 43742
2019-10-06 15:22:09,774 [Datanode State Machine Thread - 0] INFO  ozoneimpl.OzoneContainer (OzoneContainer.java:start(217)) - Attempting to start container services.
2019-10-06 15:22:09,774 [Datanode State Machine Thread - 0] INFO  ozoneimpl.OzoneContainer (OzoneContainer.java:startContainerScrub(179)) - Background container scanner has been disabled.
2019-10-06 15:22:09,774 [Datanode State Machine Thread - 0] INFO  ratis.XceiverServerRatis (XceiverServerRatis.java:start(417)) - Starting XceiverServerRatis 07a43e08-05b1-4f1b-8daa-ac2d25af9eb9 at port 0
2019-10-06 15:22:09,780 [Datanode State Machine Thread - 0] INFO  impl.RaftServerProxy (RaftServerProxy.java:lambda$start$3(299)) - 07a43e08-05b1-4f1b-8daa-ac2d25af9eb9: start RPC server
2019-10-06 15:22:09,781 [Datanode State Machine Thread - 0] INFO  server.GrpcService (GrpcService.java:startImpl(158)) - 07a43e08-05b1-4f1b-8daa-ac2d25af9eb9: GrpcService started, listening on 0.0.0.0/0.0.0.0:38860
2019-10-06 15:22:09,781 [Datanode State Machine Thread - 0] INFO  ratis.XceiverServerRatis (XceiverServerRatis.java:start(427)) - XceiverServerRatis 07a43e08-05b1-4f1b-8daa-ac2d25af9eb9 is started using port 38860
2019-10-06 15:22:09,784 [Datanode State Machine Thread - 0] INFO  server.XceiverServerGrpc (XceiverServerGrpc.java:start(149)) - XceiverServerGrpc 07a43e08-05b1-4f1b-8daa-ac2d25af9eb9 is started using port 34644
2019-10-06 15:22:09,850 [Datanode State Machine Thread - 0] INFO  ozoneimpl.OzoneContainer (OzoneContainer.java:start(217)) - Attempting to start container services.
2019-10-06 15:22:09,850 [Datanode State Machine Thread - 0] INFO  ozoneimpl.OzoneContainer (OzoneContainer.java:startContainerScrub(179)) - Background container scanner has been disabled.
2019-10-06 15:22:09,851 [Datanode State Machine Thread - 0] INFO  ratis.XceiverServerRatis (XceiverServerRatis.java:start(417)) - Starting XceiverServerRatis 4d76bd0b-f092-40f3-8f50-298f7e1f26ff at port 0
2019-10-06 15:22:09,856 [Datanode State Machine Thread - 0] INFO  impl.RaftServerProxy (RaftServerProxy.java:lambda$start$3(299)) - 4d76bd0b-f092-40f3-8f50-298f7e1f26ff: start RPC server
2019-10-06 15:22:09,857 [Datanode State Machine Thread - 0] INFO  server.GrpcService (GrpcService.java:startImpl(158)) - 4d76bd0b-f092-40f3-8f50-298f7e1f26ff: GrpcService started, listening on 0.0.0.0/0.0.0.0:35117
2019-10-06 15:22:09,857 [Datanode State Machine Thread - 0] INFO  ratis.XceiverServerRatis (XceiverServerRatis.java:start(427)) - XceiverServerRatis 4d76bd0b-f092-40f3-8f50-298f7e1f26ff is started using port 35117
2019-10-06 15:22:09,860 [Datanode State Machine Thread - 0] INFO  server.XceiverServerGrpc (XceiverServerGrpc.java:start(149)) - XceiverServerGrpc 4d76bd0b-f092-40f3-8f50-298f7e1f26ff is started using port 33246
2019-10-06 15:22:09,896 [main] INFO  ozone.MiniOzoneClusterImpl (MiniOzoneClusterImpl.java:lambda$waitForClusterToBeReady$0(147)) - Waiting for cluster to be ready. Got 0 of 7 DN Heartbeats.
2019-10-06 15:22:09,922 [Datanode State Machine Thread - 0] INFO  ozoneimpl.OzoneContainer (OzoneContainer.java:start(217)) - Attempting to start container services.
2019-10-06 15:22:09,922 [Datanode State Machine Thread - 0] INFO  ozoneimpl.OzoneContainer (OzoneContainer.java:startContainerScrub(179)) - Background container scanner has been disabled.
2019-10-06 15:22:09,923 [Datanode State Machine Thread - 0] INFO  ratis.XceiverServerRatis (XceiverServerRatis.java:start(417)) - Starting XceiverServerRatis 2734ae52-7268-4101-b6b0-31e579dc837c at port 0
2019-10-06 15:22:09,927 [Datanode State Machine Thread - 0] INFO  impl.RaftServerProxy (RaftServerProxy.java:lambda$start$3(299)) - 2734ae52-7268-4101-b6b0-31e579dc837c: start RPC server
2019-10-06 15:22:09,931 [Datanode State Machine Thread - 0] INFO  server.GrpcService (GrpcService.java:startImpl(158)) - 2734ae52-7268-4101-b6b0-31e579dc837c: GrpcService started, listening on 0.0.0.0/0.0.0.0:39515
2019-10-06 15:22:09,931 [Datanode State Machine Thread - 0] INFO  ratis.XceiverServerRatis (XceiverServerRatis.java:start(427)) - XceiverServerRatis 2734ae52-7268-4101-b6b0-31e579dc837c is started using port 39515
2019-10-06 15:22:09,934 [Datanode State Machine Thread - 0] INFO  server.XceiverServerGrpc (XceiverServerGrpc.java:start(149)) - XceiverServerGrpc 2734ae52-7268-4101-b6b0-31e579dc837c is started using port 40428
2019-10-06 15:22:10,896 [main] INFO  ozone.MiniOzoneClusterImpl (MiniOzoneClusterImpl.java:lambda$waitForClusterToBeReady$0(147)) - Waiting for cluster to be ready. Got 0 of 7 DN Heartbeats.
2019-10-06 15:22:11,479 [IPC Server handler 1 on 45558] INFO  net.NetworkTopology (NetworkTopologyImpl.java:add(111)) - Added a new node: /default-rack/69531f84-7205-4417-979c-d03528d6b4c2
2019-10-06 15:22:11,483 [IPC Server handler 1 on 45558] INFO  node.SCMNodeManager (SCMNodeManager.java:register(268)) - Registered Data node : 69531f84-7205-4417-979c-d03528d6b4c2{ip: 192.168.30.23, host: ozone-build-dev-nffdx-465010684, networkLocation: /default-rack, certSerialId: null}
2019-10-06 15:22:11,484 [EventQueue-NodeRegistrationContainerReportForDataNodeSafeModeRule] INFO  safemode.SCMSafeModeManager (DataNodeSafeModeRule.java:process(71)) - SCM in safe mode. 1 DataNodes registered, 1 required.
2019-10-06 15:22:11,487 [EventQueue-NodeRegistrationContainerReportForDataNodeSafeModeRule] INFO  safemode.SCMSafeModeManager (SCMSafeModeManager.java:validateSafeModeExitRules(177)) - ScmSafeModeManager, all rules are successfully validated
2019-10-06 15:22:11,487 [EventQueue-NodeRegistrationContainerReportForDataNodeSafeModeRule] INFO  safemode.SCMSafeModeManager (SCMSafeModeManager.java:exitSafeMode(193)) - SCM exiting safe mode.
2019-10-06 15:22:11,503 [grpc-default-executor-0] INFO  impl.RaftServerProxy (RaftServerProxy.java:addNew(89)) - 69531f84-7205-4417-979c-d03528d6b4c2: addNew group-E6D8A87B488E:[69531f84-7205-4417-979c-d03528d6b4c2:192.168.30.23:44880] returns group-E6D8A87B488E:java.util.concurrent.CompletableFuture@608b22f4[Not completed]
2019-10-06 15:22:11,504 [pool-119-thread-1] INFO  impl.RaftServerImpl (RaftServerImpl.java:<init>(95)) - 69531f84-7205-4417-979c-d03528d6b4c2: new RaftServerImpl for group-E6D8A87B488E:[69531f84-7205-4417-979c-d03528d6b4c2:192.168.30.23:44880] with ContainerStateMachine:uninitialized
2019-10-06 15:22:11,505 [pool-119-thread-1] INFO  server.RaftServerConfigKeys (ConfUtils.java:logGet(43)) - raft.server.rpc.timeout.min = 5s (custom)
2019-10-06 15:22:11,505 [pool-119-thread-1] INFO  server.RaftServerConfigKeys (ConfUtils.java:logGet(43)) - raft.server.rpc.timeout.max = 5200ms (custom)
2019-10-06 15:22:11,505 [pool-119-thread-1] INFO  server.RaftServerConfigKeys (ConfUtils.java:logGet(43)) - raft.server.rpcslowness.timeout = 120s (custom)
2019-10-06 15:22:11,505 [pool-119-thread-1] INFO  server.RaftServerConfigKeys (ConfUtils.java:logGet(43)) - raft.server.sleep.deviation.threshold = 300 (default)
2019-10-06 15:22:11,505 [pool-119-thread-1] INFO  server.RaftServerConfigKeys (ConfUtils.java:logGet(43)) - raft.server.log.appender.install.snapshot.enabled = false (custom)
2019-10-06 15:22:11,505 [pool-119-thread-1] INFO  impl.RaftServerImpl (ServerState.java:<init>(103)) - 69531f84-7205-4417-979c-d03528d6b4c2@group-E6D8A87B488E: ConfigurationManager, init=-1: [69531f84-7205-4417-979c-d03528d6b4c2:192.168.30.23:44880], old=null, confs=<EMPTY_MAP>
2019-10-06 15:22:11,505 [pool-119-thread-1] INFO  server.RaftServerConfigKeys (ConfUtils.java:logGet(43)) - raft.server.storage.dir = [/workdir/hadoop-ozone/integration-test/target/test-dir/MiniOzoneClusterImpl-75d4eebd-4d6b-4bc7-bead-2a18387fbc3f/datanode-0/data/ratis] (custom)
2019-10-06 15:22:11,506 [pool-119-thread-1] INFO  server.RaftServerConfigKeys (ConfUtils.java:logGet(43)) - raft.server.log.corruption.policy = EXCEPTION (default)
2019-10-06 15:22:11,506 [pool-119-thread-1] INFO  storage.RaftStorageDirectory (RaftStorageDirectory.java:analyzeStorage(246)) - The storage directory /workdir/hadoop-ozone/integration-test/target/test-dir/MiniOzoneClusterImpl-75d4eebd-4d6b-4bc7-bead-2a18387fbc3f/datanode-0/data/ratis/fcd586d7-8729-44f5-8a10-e6d8a87b488e does not exist. Creating ...
2019-10-06 15:22:11,529 [pool-119-thread-1] INFO  storage.RaftStorageDirectory (RaftStorageDirectory.java:tryLock(328)) - Lock on /workdir/hadoop-ozone/integration-test/target/test-dir/MiniOzoneClusterImpl-75d4eebd-4d6b-4bc7-bead-2a18387fbc3f/datanode-0/data/ratis/fcd586d7-8729-44f5-8a10-e6d8a87b488e/in_use.lock acquired by nodename 20318@ozone-build-dev-nffdx-465010684
2019-10-06 15:22:11,553 [pool-119-thread-1] INFO  storage.RaftStorage (RaftStorage.java:format(84)) - Storage directory /workdir/hadoop-ozone/integration-test/target/test-dir/MiniOzoneClusterImpl-75d4eebd-4d6b-4bc7-bead-2a18387fbc3f/datanode-0/data/ratis/fcd586d7-8729-44f5-8a10-e6d8a87b488e has been successfully formatted.
2019-10-06 15:22:11,553 [pool-119-thread-1] INFO  ratis.ContainerStateMachine (ContainerStateMachine.java:loadSnapshot(230)) - group-E6D8A87B488E: The snapshot info is null. Setting the last applied indexto:(t:0, i:~)
2019-10-06 15:22:11,553 [pool-119-thread-1] INFO  server.RaftServerConfigKeys (ConfUtils.java:logGet(43)) - raft.server.notification.no-leader.timeout = 120s (custom)
2019-10-06 15:22:11,554 [pool-119-thread-1] INFO  server.RaftServerConfigKeys (ConfUtils.java:logGet(43)) - raft.server.log.use.memory = false (default)
2019-10-06 15:22:11,554 [pool-119-thread-1] INFO  server.RaftServerConfigKeys (ConfUtils.java:logGet(43)) - raft.server.log.purge.gap = 1000000 (custom)
2019-10-06 15:22:11,554 [pool-119-thread-1] INFO  server.RaftServerConfigKeys (ConfUtils.java:logGet(43)) - raft.server.log.appender.buffer.byte-limit = 33554432 (custom)
2019-10-06 15:22:11,554 [pool-119-thread-1] INFO  server.RaftServerConfigKeys (ConfUtils.java:logGet(43)) - raft.server.log.segment.size.max = 1048576 (custom)
2019-10-06 15:22:11,556 [pool-119-thread-1] INFO  server.RaftServerConfigKeys (ConfUtils.java:logGet(43)) - raft.server.log.segment.cache.num.max = 2 (custom)
2019-10-06 15:22:11,556 [pool-119-thread-1] INFO  segmented.SegmentedRaftLogWorker (SegmentedRaftLogWorker.java:<init>(173)) - new 69531f84-7205-4417-979c-d03528d6b4c2@group-E6D8A87B488E-SegmentedRaftLogWorker for RaftStorage:Storage Directory /workdir/hadoop-ozone/integration-test/target/test-dir/MiniOzoneClusterImpl-75d4eebd-4d6b-4bc7-bead-2a18387fbc3f/datanode-0/data/ratis/fcd586d7-8729-44f5-8a10-e6d8a87b488e
2019-10-06 15:22:11,556 [pool-119-thread-1] INFO  server.RaftServerConfigKeys (ConfUtils.java:logGet(43)) - raft.server.log.queue.byte-limit = 2147483647 (custom)
2019-10-06 15:22:11,557 [pool-119-thread-1] INFO  server.RaftServerConfigKeys (ConfUtils.java:logGet(43)) - raft.server.log.queue.element-limit = 1024 (custom)
2019-10-06 15:22:11,557 [pool-119-thread-1] INFO  server.RaftServerConfigKeys (ConfUtils.java:logGet(43)) - raft.server.log.segment.size.max = 1048576 (custom)
2019-10-06 15:22:11,557 [pool-119-thread-1] INFO  server.RaftServerConfigKeys (ConfUtils.java:logGet(43)) - raft.server.log.preallocated.size = 16384 (custom)
2019-10-06 15:22:11,557 [pool-119-thread-1] INFO  server.RaftServerConfigKeys (ConfUtils.java:logGet(43)) - raft.server.log.write.buffer.size = 33554432 (custom)
2019-10-06 15:22:11,557 [pool-119-thread-1] INFO  server.RaftServerConfigKeys (ConfUtils.java:logGet(43)) - raft.server.log.force.sync.num = 128 (default)
2019-10-06 15:22:11,557 [pool-119-thread-1] INFO  server.RaftServerConfigKeys (ConfUtils.java:logGet(43)) - raft.server.log.statemachine.data.sync = true (default)
2019-10-06 15:22:11,558 [IPC Server handler 3 on 45558] INFO  net.NetworkTopology (NetworkTopologyImpl.java:add(111)) - Added a new node: /default-rack/bac7edc9-69c9-4080-ab0c-1a7f1a29f394
2019-10-06 15:22:11,558 [pool-119-thread-1] INFO  server.RaftServerConfigKeys (ConfUtils.java:logGet(43)) - raft.server.log.statemachine.data.sync.timeout = 10s (default)
2019-10-06 15:22:11,558 [IPC Server handler 3 on 45558] INFO  node.SCMNodeManager (SCMNodeManager.java:register(268)) - Registered Data node : bac7edc9-69c9-4080-ab0c-1a7f1a29f394{ip: 192.168.30.23, host: ozone-build-dev-nffdx-465010684, networkLocation: /default-rack, certSerialId: null}
2019-10-06 15:22:11,558 [pool-119-thread-1] INFO  server.RaftServerConfigKeys (ConfUtils.java:logGet(43)) - raft.server.log.statemachine.data.sync.timeout.retry = -1 (default)
2019-10-06 15:22:11,559 [pool-119-thread-1] INFO  server.RaftServerConfigKeys (ConfUtils.java:logGet(43)) - raft.server.log.statemachine.data.caching.enabled = true (custom)
2019-10-06 15:22:11,560 [pool-119-thread-1] INFO  segmented.SegmentedRaftLogWorker (SegmentedRaftLogWorker.java:lambda$new$0(128)) - 69531f84-7205-4417-979c-d03528d6b4c2@group-E6D8A87B488E-SegmentedRaftLogWorker: flushIndex: setUnconditionally 0 -> -1
2019-10-06 15:22:11,560 [pool-119-thread-1] INFO  server.RaftServerConfigKeys (ConfUtils.java:logGet(43)) - raft.server.snapshot.auto.trigger.enabled = true (custom)
2019-10-06 15:22:11,560 [pool-119-thread-1] INFO  server.RaftServerConfigKeys (ConfUtils.java:logGet(43)) - raft.server.snapshot.auto.trigger.threshold = 10000 (custom)
2019-10-06 15:22:11,560 [pool-119-thread-1] INFO  server.RaftServerConfigKeys (ConfUtils.java:logGet(43)) - raft.server.snapshot.retention.file.num = 5 (custom)
2019-10-06 15:22:11,561 [pool-119-thread-1] INFO  server.RaftServerConfigKeys (ConfUtils.java:logGet(43)) - raft.server.retrycache.expirytime = 600000ms (custom)
2019-10-06 15:22:11,564 [pool-119-thread-1] INFO  impl.RaftServerImpl (RaftServerImpl.java:start(181)) - 69531f84-7205-4417-979c-d03528d6b4c2@group-E6D8A87B488E: start as a follower, conf=-1: [69531f84-7205-4417-979c-d03528d6b4c2:192.168.30.23:44880], old=null
2019-10-06 15:22:11,564 [pool-119-thread-1] INFO  impl.RaftServerImpl (RaftServerImpl.java:setRole(170)) - 69531f84-7205-4417-979c-d03528d6b4c2@group-E6D8A87B488E: changes role from      null to FOLLOWER at term 0 for startAsFollower
2019-10-06 15:22:11,564 [pool-119-thread-1] INFO  impl.RoleInfo (RoleInfo.java:updateAndGet(143)) - 69531f84-7205-4417-979c-d03528d6b4c2: start FollowerState
2019-10-06 15:22:11,565 [pool-119-thread-1] INFO  util.JmxRegister (JmxRegister.java:tryRegister(44)) - Successfully registered JMX Bean with object name Ratis:service=RaftServer,group=group-E6D8A87B488E,id=69531f84-7205-4417-979c-d03528d6b4c2
2019-10-06 15:22:11,572 [RatisPipelineUtilsThread] INFO  pipeline.PipelineStateManager (PipelineStateManager.java:addPipeline(56)) - Created pipeline Pipeline[ Id: fcd586d7-8729-44f5-8a10-e6d8a87b488e, Nodes: 69531f84-7205-4417-979c-d03528d6b4c2{ip: 192.168.30.23, host: ozone-build-dev-nffdx-465010684, networkLocation: /default-rack, certSerialId: null}, Type:RATIS, Factor:ONE, State:OPEN]
2019-10-06 15:22:11,583 [grpc-default-executor-0] INFO  impl.RaftServerProxy (RaftServerProxy.java:addNew(89)) - bac7edc9-69c9-4080-ab0c-1a7f1a29f394: addNew group-AA9DA0F2CE76:[bac7edc9-69c9-4080-ab0c-1a7f1a29f394:192.168.30.23:45138] returns group-AA9DA0F2CE76:java.util.concurrent.CompletableFuture@100845b8[Not completed]
2019-10-06 15:22:11,584 [pool-129-thread-1] INFO  impl.RaftServerImpl (RaftServerImpl.java:<init>(95)) - bac7edc9-69c9-4080-ab0c-1a7f1a29f394: new RaftServerImpl for group-AA9DA0F2CE76:[bac7edc9-69c9-4080-ab0c-1a7f1a29f394:192.168.30.23:45138] with ContainerStateMachine:uninitialized
2019-10-06 15:22:11,584 [pool-129-thread-1] INFO  server.RaftServerConfigKeys (ConfUtils.java:logGet(43)) - raft.server.rpc.timeout.min = 5s (custom)
2019-10-06 15:22:11,584 [pool-129-thread-1] INFO  server.RaftServerConfigKeys (ConfUtils.java:logGet(43)) - raft.server.rpc.timeout.max = 5200ms (custom)
2019-10-06 15:22:11,584 [pool-129-thread-1] INFO  server.RaftServerConfigKeys (ConfUtils.java:logGet(43)) - raft.server.rpcslowness.timeout = 120s (custom)
2019-10-06 15:22:11,585 [pool-129-thread-1] INFO  server.RaftServerConfigKeys (ConfUtils.java:logGet(43)) - raft.server.sleep.deviation.threshold = 300 (default)
2019-10-06 15:22:11,585 [pool-129-thread-1] INFO  server.RaftServerConfigKeys (ConfUtils.java:logGet(43)) - raft.server.log.appender.install.snapshot.enabled = false (custom)
2019-10-06 15:22:11,585 [pool-129-thread-1] INFO  impl.RaftServerImpl (ServerState.java:<init>(103)) - bac7edc9-69c9-4080-ab0c-1a7f1a29f394@group-AA9DA0F2CE76: ConfigurationManager, init=-1: [bac7edc9-69c9-4080-ab0c-1a7f1a29f394:192.168.30.23:45138], old=null, confs=<EMPTY_MAP>
2019-10-06 15:22:11,585 [pool-129-thread-1] INFO  server.RaftServerConfigKeys (ConfUtils.java:logGet(43)) - raft.server.storage.dir = [/workdir/hadoop-ozone/integration-test/target/test-dir/MiniOzoneClusterImpl-75d4eebd-4d6b-4bc7-bead-2a18387fbc3f/datanode-1/data/ratis] (custom)
2019-10-06 15:22:11,585 [pool-129-thread-1] INFO  server.RaftServerConfigKeys (ConfUtils.java:logGet(43)) - raft.server.log.corruption.policy = EXCEPTION (default)
2019-10-06 15:22:11,586 [pool-129-thread-1] INFO  storage.RaftStorageDirectory (RaftStorageDirectory.java:analyzeStorage(246)) - The storage directory /workdir/hadoop-ozone/integration-test/target/test-dir/MiniOzoneClusterImpl-75d4eebd-4d6b-4bc7-bead-2a18387fbc3f/datanode-1/data/ratis/589f90ea-4dfd-4d32-88df-aa9da0f2ce76 does not exist. Creating ...
2019-10-06 15:22:11,598 [pool-129-thread-1] INFO  storage.RaftStorageDirectory (RaftStorageDirectory.java:tryLock(328)) - Lock on /workdir/hadoop-ozone/integration-test/target/test-dir/MiniOzoneClusterImpl-75d4eebd-4d6b-4bc7-bead-2a18387fbc3f/datanode-1/data/ratis/589f90ea-4dfd-4d32-88df-aa9da0f2ce76/in_use.lock acquired by nodename 20318@ozone-build-dev-nffdx-465010684
2019-10-06 15:22:11,611 [pool-129-thread-1] INFO  storage.RaftStorage (RaftStorage.java:format(84)) - Storage directory /workdir/hadoop-ozone/integration-test/target/test-dir/MiniOzoneClusterImpl-75d4eebd-4d6b-4bc7-bead-2a18387fbc3f/datanode-1/data/ratis/589f90ea-4dfd-4d32-88df-aa9da0f2ce76 has been successfully formatted.
2019-10-06 15:22:11,612 [pool-129-thread-1] INFO  ratis.ContainerStateMachine (ContainerStateMachine.java:loadSnapshot(230)) - group-AA9DA0F2CE76: The snapshot info is null. Setting the last applied indexto:(t:0, i:~)
2019-10-06 15:22:11,612 [pool-129-thread-1] INFO  server.RaftServerConfigKeys (ConfUtils.java:logGet(43)) - raft.server.notification.no-leader.timeout = 120s (custom)
2019-10-06 15:22:11,612 [pool-129-thread-1] INFO  server.RaftServerConfigKeys (ConfUtils.java:logGet(43)) - raft.server.log.use.memory = false (default)
2019-10-06 15:22:11,612 [pool-129-thread-1] INFO  server.RaftServerConfigKeys (ConfUtils.java:logGet(43)) - raft.server.log.purge.gap = 1000000 (custom)
2019-10-06 15:22:11,612 [pool-129-thread-1] INFO  server.RaftServerConfigKeys (ConfUtils.java:logGet(43)) - raft.server.log.appender.buffer.byte-limit = 33554432 (custom)
2019-10-06 15:22:11,612 [pool-129-thread-1] INFO  server.RaftServerConfigKeys (ConfUtils.java:logGet(43)) - raft.server.log.segment.size.max = 1048576 (custom)
2019-10-06 15:22:11,614 [pool-129-thread-1] INFO  server.RaftServerConfigKeys (ConfUtils.java:logGet(43)) - raft.server.log.segment.cache.num.max = 2 (custom)
2019-10-06 15:22:11,614 [pool-129-thread-1] INFO  segmented.SegmentedRaftLogWorker (SegmentedRaftLogWorker.java:<init>(173)) - new bac7edc9-69c9-4080-ab0c-1a7f1a29f394@group-AA9DA0F2CE76-SegmentedRaftLogWorker for RaftStorage:Storage Directory /workdir/hadoop-ozone/integration-test/target/test-dir/MiniOzoneClusterImpl-75d4eebd-4d6b-4bc7-bead-2a18387fbc3f/datanode-1/data/ratis/589f90ea-4dfd-4d32-88df-aa9da0f2ce76
2019-10-06 15:22:11,614 [pool-129-thread-1] INFO  server.RaftServerConfigKeys (ConfUtils.java:logGet(43)) - raft.server.log.queue.byte-limit = 2147483647 (custom)
2019-10-06 15:22:11,614 [pool-129-thread-1] INFO  server.RaftServerConfigKeys (ConfUtils.java:logGet(43)) - raft.server.log.queue.element-limit = 1024 (custom)
2019-10-06 15:22:11,614 [pool-129-thread-1] INFO  server.RaftServerConfigKeys (ConfUtils.java:logGet(43)) - raft.server.log.segment.size.max = 1048576 (custom)
2019-10-06 15:22:11,614 [pool-129-thread-1] INFO  server.RaftServerConfigKeys (ConfUtils.java:logGet(43)) - raft.server.log.preallocated.size = 16384 (custom)
2019-10-06 15:22:11,615 [pool-129-thread-1] INFO  server.RaftServerConfigKeys (ConfUtils.java:logGet(43)) - raft.server.log.write.buffer.size = 33554432 (custom)
2019-10-06 15:22:11,615 [pool-129-thread-1] INFO  server.RaftServerConfigKeys (ConfUtils.java:logGet(43)) - raft.server.log.force.sync.num = 128 (default)
2019-10-06 15:22:11,615 [pool-129-thread-1] INFO  server.RaftServerConfigKeys (ConfUtils.java:logGet(43)) - raft.server.log.statemachine.data.sync = true (default)
2019-10-06 15:22:11,615 [pool-129-thread-1] INFO  server.RaftServerConfigKeys (ConfUtils.java:logGet(43)) - raft.server.log.statemachine.data.sync.timeout = 10s (default)
2019-10-06 15:22:11,615 [pool-129-thread-1] INFO  server.RaftServerConfigKeys (ConfUtils.java:logGet(43)) - raft.server.log.statemachine.data.sync.timeout.retry = -1 (default)
2019-10-06 15:22:11,615 [pool-129-thread-1] INFO  server.RaftServerConfigKeys (ConfUtils.java:logGet(43)) - raft.server.log.statemachine.data.caching.enabled = true (custom)
2019-10-06 15:22:11,616 [pool-129-thread-1] INFO  segmented.SegmentedRaftLogWorker (SegmentedRaftLogWorker.java:lambda$new$0(128)) - bac7edc9-69c9-4080-ab0c-1a7f1a29f394@group-AA9DA0F2CE76-SegmentedRaftLogWorker: flushIndex: setUnconditionally 0 -> -1
2019-10-06 15:22:11,616 [pool-129-thread-1] INFO  server.RaftServerConfigKeys (ConfUtils.java:logGet(43)) - raft.server.snapshot.auto.trigger.enabled = true (custom)
2019-10-06 15:22:11,616 [pool-129-thread-1] INFO  server.RaftServerConfigKeys (ConfUtils.java:logGet(43)) - raft.server.snapshot.auto.trigger.threshold = 10000 (custom)
2019-10-06 15:22:11,616 [pool-129-thread-1] INFO  server.RaftServerConfigKeys (ConfUtils.java:logGet(43)) - raft.server.snapshot.retention.file.num = 5 (custom)
2019-10-06 15:22:11,616 [pool-129-thread-1] INFO  server.RaftServerConfigKeys (ConfUtils.java:logGet(43)) - raft.server.retrycache.expirytime = 600000ms (custom)
2019-10-06 15:22:11,618 [pool-129-thread-1] INFO  impl.RaftServerImpl (RaftServerImpl.java:start(181)) - bac7edc9-69c9-4080-ab0c-1a7f1a29f394@group-AA9DA0F2CE76: start as a follower, conf=-1: [bac7edc9-69c9-4080-ab0c-1a7f1a29f394:192.168.30.23:45138], old=null
2019-10-06 15:22:11,618 [pool-129-thread-1] INFO  impl.RaftServerImpl (RaftServerImpl.java:setRole(170)) - bac7edc9-69c9-4080-ab0c-1a7f1a29f394@group-AA9DA0F2CE76: changes role from      null to FOLLOWER at term 0 for startAsFollower
2019-10-06 15:22:11,618 [pool-129-thread-1] INFO  impl.RoleInfo (RoleInfo.java:updateAndGet(143)) - bac7edc9-69c9-4080-ab0c-1a7f1a29f394: start FollowerState
2019-10-06 15:22:11,619 [pool-129-thread-1] INFO  util.JmxRegister (JmxRegister.java:tryRegister(44)) - Successfully registered JMX Bean with object name Ratis:service=RaftServer,group=group-AA9DA0F2CE76,id=bac7edc9-69c9-4080-ab0c-1a7f1a29f394
2019-10-06 15:22:11,623 [RatisPipelineUtilsThread] INFO  pipeline.PipelineStateManager (PipelineStateManager.java:addPipeline(56)) - Created pipeline Pipeline[ Id: 589f90ea-4dfd-4d32-88df-aa9da0f2ce76, Nodes: bac7edc9-69c9-4080-ab0c-1a7f1a29f394{ip: 192.168.30.23, host: ozone-build-dev-nffdx-465010684, networkLocation: /default-rack, certSerialId: null}, Type:RATIS, Factor:ONE, State:OPEN]
2019-10-06 15:22:11,623 [IPC Server handler 4 on 45558] INFO  net.NetworkTopology (NetworkTopologyImpl.java:add(111)) - Added a new node: /default-rack/86e848c3-a8c4-4469-96f4-d2b84c1dcbfa
2019-10-06 15:22:11,623 [IPC Server handler 4 on 45558] INFO  node.SCMNodeManager (SCMNodeManager.java:register(268)) - Registered Data node : 86e848c3-a8c4-4469-96f4-d2b84c1dcbfa{ip: 192.168.30.23, host: ozone-build-dev-nffdx-465010684, networkLocation: /default-rack, certSerialId: null}
2019-10-06 15:22:11,631 [grpc-default-executor-0] INFO  impl.RaftServerProxy (RaftServerProxy.java:addNew(89)) - 86e848c3-a8c4-4469-96f4-d2b84c1dcbfa: addNew group-C04115E72766:[86e848c3-a8c4-4469-96f4-d2b84c1dcbfa:192.168.30.23:37326] returns group-C04115E72766:java.util.concurrent.CompletableFuture@6e66b5a5[Not completed]
2019-10-06 15:22:11,635 [pool-139-thread-1] INFO  impl.RaftServerImpl (RaftServerImpl.java:<init>(95)) - 86e848c3-a8c4-4469-96f4-d2b84c1dcbfa: new RaftServerImpl for group-C04115E72766:[86e848c3-a8c4-4469-96f4-d2b84c1dcbfa:192.168.30.23:37326] with ContainerStateMachine:uninitialized
2019-10-06 15:22:11,635 [pool-139-thread-1] INFO  server.RaftServerConfigKeys (ConfUtils.java:logGet(43)) - raft.server.rpc.timeout.min = 5s (custom)
2019-10-06 15:22:11,635 [pool-139-thread-1] INFO  server.RaftServerConfigKeys (ConfUtils.java:logGet(43)) - raft.server.rpc.timeout.max = 5200ms (custom)
2019-10-06 15:22:11,635 [pool-139-thread-1] INFO  server.RaftServerConfigKeys (ConfUtils.java:logGet(43)) - raft.server.rpcslowness.timeout = 120s (custom)
2019-10-06 15:22:11,635 [pool-139-thread-1] INFO  server.RaftServerConfigKeys (ConfUtils.java:logGet(43)) - raft.server.sleep.deviation.threshold = 300 (default)
2019-10-06 15:22:11,635 [pool-139-thread-1] INFO  server.RaftServerConfigKeys (ConfUtils.java:logGet(43)) - raft.server.log.appender.install.snapshot.enabled = false (custom)
2019-10-06 15:22:11,635 [pool-139-thread-1] INFO  impl.RaftServerImpl (ServerState.java:<init>(103)) - 86e848c3-a8c4-4469-96f4-d2b84c1dcbfa@group-C04115E72766: ConfigurationManager, init=-1: [86e848c3-a8c4-4469-96f4-d2b84c1dcbfa:192.168.30.23:37326], old=null, confs=<EMPTY_MAP>
2019-10-06 15:22:11,636 [pool-139-thread-1] INFO  server.RaftServerConfigKeys (ConfUtils.java:logGet(43)) - raft.server.storage.dir = [/workdir/hadoop-ozone/integration-test/target/test-dir/MiniOzoneClusterImpl-75d4eebd-4d6b-4bc7-bead-2a18387fbc3f/datanode-2/data/ratis] (custom)
2019-10-06 15:22:11,636 [pool-139-thread-1] INFO  server.RaftServerConfigKeys (ConfUtils.java:logGet(43)) - raft.server.log.corruption.policy = EXCEPTION (default)
2019-10-06 15:22:11,636 [pool-139-thread-1] INFO  storage.RaftStorageDirectory (RaftStorageDirectory.java:analyzeStorage(246)) - The storage directory /workdir/hadoop-ozone/integration-test/target/test-dir/MiniOzoneClusterImpl-75d4eebd-4d6b-4bc7-bead-2a18387fbc3f/datanode-2/data/ratis/07ceade6-20da-4f7b-a11d-c04115e72766 does not exist. Creating ...
2019-10-06 15:22:11,649 [pool-139-thread-1] INFO  storage.RaftStorageDirectory (RaftStorageDirectory.java:tryLock(328)) - Lock on /workdir/hadoop-ozone/integration-test/target/test-dir/MiniOzoneClusterImpl-75d4eebd-4d6b-4bc7-bead-2a18387fbc3f/datanode-2/data/ratis/07ceade6-20da-4f7b-a11d-c04115e72766/in_use.lock acquired by nodename 20318@ozone-build-dev-nffdx-465010684
2019-10-06 15:22:11,661 [pool-139-thread-1] INFO  storage.RaftStorage (RaftStorage.java:format(84)) - Storage directory /workdir/hadoop-ozone/integration-test/target/test-dir/MiniOzoneClusterImpl-75d4eebd-4d6b-4bc7-bead-2a18387fbc3f/datanode-2/data/ratis/07ceade6-20da-4f7b-a11d-c04115e72766 has been successfully formatted.
2019-10-06 15:22:11,662 [pool-139-thread-1] INFO  ratis.ContainerStateMachine (ContainerStateMachine.java:loadSnapshot(230)) - group-C04115E72766: The snapshot info is null. Setting the last applied indexto:(t:0, i:~)
2019-10-06 15:22:11,662 [pool-139-thread-1] INFO  server.RaftServerConfigKeys (ConfUtils.java:logGet(43)) - raft.server.notification.no-leader.timeout = 120s (custom)
2019-10-06 15:22:11,662 [pool-139-thread-1] INFO  server.RaftServerConfigKeys (ConfUtils.java:logGet(43)) - raft.server.log.use.memory = false (default)
2019-10-06 15:22:11,662 [pool-139-thread-1] INFO  server.RaftServerConfigKeys (ConfUtils.java:logGet(43)) - raft.server.log.purge.gap = 1000000 (custom)
2019-10-06 15:22:11,662 [pool-139-thread-1] INFO  server.RaftServerConfigKeys (ConfUtils.java:logGet(43)) - raft.server.log.appender.buffer.byte-limit = 33554432 (custom)
2019-10-06 15:22:11,662 [pool-139-thread-1] INFO  server.RaftServerConfigKeys (ConfUtils.java:logGet(43)) - raft.server.log.segment.size.max = 1048576 (custom)
2019-10-06 15:22:11,664 [pool-139-thread-1] INFO  server.RaftServerConfigKeys (ConfUtils.java:logGet(43)) - raft.server.log.segment.cache.num.max = 2 (custom)
2019-10-06 15:22:11,664 [pool-139-thread-1] INFO  segmented.SegmentedRaftLogWorker (SegmentedRaftLogWorker.java:<init>(173)) - new 86e848c3-a8c4-4469-96f4-d2b84c1dcbfa@group-C04115E72766-SegmentedRaftLogWorker for RaftStorage:Storage Directory /workdir/hadoop-ozone/integration-test/target/test-dir/MiniOzoneClusterImpl-75d4eebd-4d6b-4bc7-bead-2a18387fbc3f/datanode-2/data/ratis/07ceade6-20da-4f7b-a11d-c04115e72766
2019-10-06 15:22:11,664 [pool-139-thread-1] INFO  server.RaftServerConfigKeys (ConfUtils.java:logGet(43)) - raft.server.log.queue.byte-limit = 2147483647 (custom)
2019-10-06 15:22:11,664 [pool-139-thread-1] INFO  server.RaftServerConfigKeys (ConfUtils.java:logGet(43)) - raft.server.log.queue.element-limit = 1024 (custom)
2019-10-06 15:22:11,665 [pool-139-thread-1] INFO  server.RaftServerConfigKeys (ConfUtils.java:logGet(43)) - raft.server.log.segment.size.max = 1048576 (custom)
2019-10-06 15:22:11,665 [pool-139-thread-1] INFO  server.RaftServerConfigKeys (ConfUtils.java:logGet(43)) - raft.server.log.preallocated.size = 16384 (custom)
2019-10-06 15:22:11,665 [pool-139-thread-1] INFO  server.RaftServerConfigKeys (ConfUtils.java:logGet(43)) - raft.server.log.write.buffer.size = 33554432 (custom)
2019-10-06 15:22:11,665 [pool-139-thread-1] INFO  server.RaftServerConfigKeys (ConfUtils.java:logGet(43)) - raft.server.log.force.sync.num = 128 (default)
2019-10-06 15:22:11,665 [pool-139-thread-1] INFO  server.RaftServerConfigKeys (ConfUtils.java:logGet(43)) - raft.server.log.statemachine.data.sync = true (default)
2019-10-06 15:22:11,665 [pool-139-thread-1] INFO  server.RaftServerConfigKeys (ConfUtils.java:logGet(43)) - raft.server.log.statemachine.data.sync.timeout = 10s (default)
2019-10-06 15:22:11,665 [pool-139-thread-1] INFO  server.RaftServerConfigKeys (ConfUtils.java:logGet(43)) - raft.server.log.statemachine.data.sync.timeout.retry = -1 (default)
2019-10-06 15:22:11,666 [pool-139-thread-1] INFO  server.RaftServerConfigKeys (ConfUtils.java:logGet(43)) - raft.server.log.statemachine.data.caching.enabled = true (custom)
2019-10-06 15:22:11,666 [pool-139-thread-1] INFO  segmented.SegmentedRaftLogWorker (SegmentedRaftLogWorker.java:lambda$new$0(128)) - 86e848c3-a8c4-4469-96f4-d2b84c1dcbfa@group-C04115E72766-SegmentedRaftLogWorker: flushIndex: setUnconditionally 0 -> -1
2019-10-06 15:22:11,666 [pool-139-thread-1] INFO  server.RaftServerConfigKeys (ConfUtils.java:logGet(43)) - raft.server.snapshot.auto.trigger.enabled = true (custom)
2019-10-06 15:22:11,666 [pool-139-thread-1] INFO  server.RaftServerConfigKeys (ConfUtils.java:logGet(43)) - raft.server.snapshot.auto.trigger.threshold = 10000 (custom)
2019-10-06 15:22:11,666 [pool-139-thread-1] INFO  server.RaftServerConfigKeys (ConfUtils.java:logGet(43)) - raft.server.snapshot.retention.file.num = 5 (custom)
2019-10-06 15:22:11,666 [pool-139-thread-1] INFO  server.RaftServerConfigKeys (ConfUtils.java:logGet(43)) - raft.server.retrycache.expirytime = 600000ms (custom)
2019-10-06 15:22:11,668 [pool-139-thread-1] INFO  impl.RaftServerImpl (RaftServerImpl.java:start(181)) - 86e848c3-a8c4-4469-96f4-d2b84c1dcbfa@group-C04115E72766: start as a follower, conf=-1: [86e848c3-a8c4-4469-96f4-d2b84c1dcbfa:192.168.30.23:37326], old=null
2019-10-06 15:22:11,668 [pool-139-thread-1] INFO  impl.RaftServerImpl (RaftServerImpl.java:setRole(170)) - 86e848c3-a8c4-4469-96f4-d2b84c1dcbfa@group-C04115E72766: changes role from      null to FOLLOWER at term 0 for startAsFollower
2019-10-06 15:22:11,669 [pool-139-thread-1] INFO  impl.RoleInfo (RoleInfo.java:updateAndGet(143)) - 86e848c3-a8c4-4469-96f4-d2b84c1dcbfa: start FollowerState
2019-10-06 15:22:11,669 [pool-139-thread-1] INFO  util.JmxRegister (JmxRegister.java:tryRegister(44)) - Successfully registered JMX Bean with object name Ratis:service=RaftServer,group=group-C04115E72766,id=86e848c3-a8c4-4469-96f4-d2b84c1dcbfa
2019-10-06 15:22:11,673 [RatisPipelineUtilsThread] INFO  pipeline.PipelineStateManager (PipelineStateManager.java:addPipeline(56)) - Created pipeline Pipeline[ Id: 07ceade6-20da-4f7b-a11d-c04115e72766, Nodes: 86e848c3-a8c4-4469-96f4-d2b84c1dcbfa{ip: 192.168.30.23, host: ozone-build-dev-nffdx-465010684, networkLocation: /default-rack, certSerialId: null}, Type:RATIS, Factor:ONE, State:OPEN]
2019-10-06 15:22:11,686 [grpc-default-executor-1] INFO  impl.RaftServerProxy (RaftServerProxy.java:addNew(89)) - bac7edc9-69c9-4080-ab0c-1a7f1a29f394: addNew group-5B2481E9846B:[69531f84-7205-4417-979c-d03528d6b4c2:192.168.30.23:44880, bac7edc9-69c9-4080-ab0c-1a7f1a29f394:192.168.30.23:45138, 86e848c3-a8c4-4469-96f4-d2b84c1dcbfa:192.168.30.23:37326] returns group-5B2481E9846B:java.util.concurrent.CompletableFuture@163322bf[Not completed]
2019-10-06 15:22:11,686 [grpc-default-executor-4] INFO  impl.RaftServerProxy (RaftServerProxy.java:addNew(89)) - 86e848c3-a8c4-4469-96f4-d2b84c1dcbfa: addNew group-5B2481E9846B:[69531f84-7205-4417-979c-d03528d6b4c2:192.168.30.23:44880, bac7edc9-69c9-4080-ab0c-1a7f1a29f394:192.168.30.23:45138, 86e848c3-a8c4-4469-96f4-d2b84c1dcbfa:192.168.30.23:37326] returns group-5B2481E9846B:java.util.concurrent.CompletableFuture@625ff3e1[Not completed]
2019-10-06 15:22:11,687 [grpc-default-executor-0] INFO  impl.RaftServerProxy (RaftServerProxy.java:addNew(89)) - 69531f84-7205-4417-979c-d03528d6b4c2: addNew group-5B2481E9846B:[69531f84-7205-4417-979c-d03528d6b4c2:192.168.30.23:44880, bac7edc9-69c9-4080-ab0c-1a7f1a29f394:192.168.30.23:45138, 86e848c3-a8c4-4469-96f4-d2b84c1dcbfa:192.168.30.23:37326] returns group-5B2481E9846B:java.util.concurrent.CompletableFuture@7fb15d38[Not completed]
2019-10-06 15:22:11,688 [pool-129-thread-1] INFO  impl.RaftServerImpl (RaftServerImpl.java:<init>(95)) - bac7edc9-69c9-4080-ab0c-1a7f1a29f394: new RaftServerImpl for group-5B2481E9846B:[69531f84-7205-4417-979c-d03528d6b4c2:192.168.30.23:44880, bac7edc9-69c9-4080-ab0c-1a7f1a29f394:192.168.30.23:45138, 86e848c3-a8c4-4469-96f4-d2b84c1dcbfa:192.168.30.23:37326] with ContainerStateMachine:uninitialized
2019-10-06 15:22:11,688 [pool-129-thread-1] INFO  server.RaftServerConfigKeys (ConfUtils.java:logGet(43)) - raft.server.rpc.timeout.min = 5s (custom)
2019-10-06 15:22:11,688 [pool-129-thread-1] INFO  server.RaftServerConfigKeys (ConfUtils.java:logGet(43)) - raft.server.rpc.timeout.max = 5200ms (custom)
2019-10-06 15:22:11,688 [pool-129-thread-1] INFO  server.RaftServerConfigKeys (ConfUtils.java:logGet(43)) - raft.server.rpcslowness.timeout = 120s (custom)
2019-10-06 15:22:11,688 [pool-129-thread-1] INFO  server.RaftServerConfigKeys (ConfUtils.java:logGet(43)) - raft.server.sleep.deviation.threshold = 300 (default)
2019-10-06 15:22:11,688 [pool-119-thread-1] INFO  impl.RaftServerImpl (RaftServerImpl.java:<init>(95)) - 69531f84-7205-4417-979c-d03528d6b4c2: new RaftServerImpl for group-5B2481E9846B:[69531f84-7205-4417-979c-d03528d6b4c2:192.168.30.23:44880, bac7edc9-69c9-4080-ab0c-1a7f1a29f394:192.168.30.23:45138, 86e848c3-a8c4-4469-96f4-d2b84c1dcbfa:192.168.30.23:37326] with ContainerStateMachine:uninitialized
2019-10-06 15:22:11,688 [pool-129-thread-1] INFO  server.RaftServerConfigKeys (ConfUtils.java:logGet(43)) - raft.server.log.appender.install.snapshot.enabled = false (custom)
2019-10-06 15:22:11,688 [pool-119-thread-1] INFO  server.RaftServerConfigKeys (ConfUtils.java:logGet(43)) - raft.server.rpc.timeout.min = 5s (custom)
2019-10-06 15:22:11,688 [pool-129-thread-1] INFO  impl.RaftServerImpl (ServerState.java:<init>(103)) - bac7edc9-69c9-4080-ab0c-1a7f1a29f394@group-5B2481E9846B: ConfigurationManager, init=-1: [69531f84-7205-4417-979c-d03528d6b4c2:192.168.30.23:44880, bac7edc9-69c9-4080-ab0c-1a7f1a29f394:192.168.30.23:45138, 86e848c3-a8c4-4469-96f4-d2b84c1dcbfa:192.168.30.23:37326], old=null, confs=<EMPTY_MAP>
2019-10-06 15:22:11,689 [pool-119-thread-1] INFO  server.RaftServerConfigKeys (ConfUtils.java:logGet(43)) - raft.server.rpc.timeout.max = 5200ms (custom)
2019-10-06 15:22:11,689 [pool-129-thread-1] INFO  server.RaftServerConfigKeys (ConfUtils.java:logGet(43)) - raft.server.storage.dir = [/workdir/hadoop-ozone/integration-test/target/test-dir/MiniOzoneClusterImpl-75d4eebd-4d6b-4bc7-bead-2a18387fbc3f/datanode-1/data/ratis] (custom)
2019-10-06 15:22:11,689 [pool-119-thread-1] INFO  server.RaftServerConfigKeys (ConfUtils.java:logGet(43)) - raft.server.rpcslowness.timeout = 120s (custom)
2019-10-06 15:22:11,689 [pool-139-thread-1] INFO  impl.RaftServerImpl (RaftServerImpl.java:<init>(95)) - 86e848c3-a8c4-4469-96f4-d2b84c1dcbfa: new RaftServerImpl for group-5B2481E9846B:[69531f84-7205-4417-979c-d03528d6b4c2:192.168.30.23:44880, bac7edc9-69c9-4080-ab0c-1a7f1a29f394:192.168.30.23:45138, 86e848c3-a8c4-4469-96f4-d2b84c1dcbfa:192.168.30.23:37326] with ContainerStateMachine:uninitialized
2019-10-06 15:22:11,689 [pool-129-thread-1] INFO  server.RaftServerConfigKeys (ConfUtils.java:logGet(43)) - raft.server.log.corruption.policy = EXCEPTION (default)
2019-10-06 15:22:11,689 [pool-119-thread-1] INFO  server.RaftServerConfigKeys (ConfUtils.java:logGet(43)) - raft.server.sleep.deviation.threshold = 300 (default)
2019-10-06 15:22:11,689 [pool-129-thread-1] INFO  storage.RaftStorageDirectory (RaftStorageDirectory.java:analyzeStorage(246)) - The storage directory /workdir/hadoop-ozone/integration-test/target/test-dir/MiniOzoneClusterImpl-75d4eebd-4d6b-4bc7-bead-2a18387fbc3f/datanode-1/data/ratis/d216901e-66f0-4660-99dd-5b2481e9846b does not exist. Creating ...
2019-10-06 15:22:11,689 [pool-139-thread-1] INFO  server.RaftServerConfigKeys (ConfUtils.java:logGet(43)) - raft.server.rpc.timeout.min = 5s (custom)
2019-10-06 15:22:11,689 [pool-119-thread-1] INFO  server.RaftServerConfigKeys (ConfUtils.java:logGet(43)) - raft.server.log.appender.install.snapshot.enabled = false (custom)
2019-10-06 15:22:11,689 [pool-139-thread-1] INFO  server.RaftServerConfigKeys (ConfUtils.java:logGet(43)) - raft.server.rpc.timeout.max = 5200ms (custom)
2019-10-06 15:22:11,690 [pool-119-thread-1] INFO  impl.RaftServerImpl (ServerState.java:<init>(103)) - 69531f84-7205-4417-979c-d03528d6b4c2@group-5B2481E9846B: ConfigurationManager, init=-1: [69531f84-7205-4417-979c-d03528d6b4c2:192.168.30.23:44880, bac7edc9-69c9-4080-ab0c-1a7f1a29f394:192.168.30.23:45138, 86e848c3-a8c4-4469-96f4-d2b84c1dcbfa:192.168.30.23:37326], old=null, confs=<EMPTY_MAP>
2019-10-06 15:22:11,690 [pool-139-thread-1] INFO  server.RaftServerConfigKeys (ConfUtils.java:logGet(43)) - raft.server.rpcslowness.timeout = 120s (custom)
2019-10-06 15:22:11,690 [pool-119-thread-1] INFO  server.RaftServerConfigKeys (ConfUtils.java:logGet(43)) - raft.server.storage.dir = [/workdir/hadoop-ozone/integration-test/target/test-dir/MiniOzoneClusterImpl-75d4eebd-4d6b-4bc7-bead-2a18387fbc3f/datanode-0/data/ratis] (custom)
2019-10-06 15:22:11,690 [pool-139-thread-1] INFO  server.RaftServerConfigKeys (ConfUtils.java:logGet(43)) - raft.server.sleep.deviation.threshold = 300 (default)
2019-10-06 15:22:11,690 [pool-139-thread-1] INFO  server.RaftServerConfigKeys (ConfUtils.java:logGet(43)) - raft.server.log.appender.install.snapshot.enabled = false (custom)
2019-10-06 15:22:11,690 [pool-119-thread-1] INFO  server.RaftServerConfigKeys (ConfUtils.java:logGet(43)) - raft.server.log.corruption.policy = EXCEPTION (default)
2019-10-06 15:22:11,690 [pool-139-thread-1] INFO  impl.RaftServerImpl (ServerState.java:<init>(103)) - 86e848c3-a8c4-4469-96f4-d2b84c1dcbfa@group-5B2481E9846B: ConfigurationManager, init=-1: [69531f84-7205-4417-979c-d03528d6b4c2:192.168.30.23:44880, bac7edc9-69c9-4080-ab0c-1a7f1a29f394:192.168.30.23:45138, 86e848c3-a8c4-4469-96f4-d2b84c1dcbfa:192.168.30.23:37326], old=null, confs=<EMPTY_MAP>
2019-10-06 15:22:11,690 [pool-119-thread-1] INFO  storage.RaftStorageDirectory (RaftStorageDirectory.java:analyzeStorage(246)) - The storage directory /workdir/hadoop-ozone/integration-test/target/test-dir/MiniOzoneClusterImpl-75d4eebd-4d6b-4bc7-bead-2a18387fbc3f/datanode-0/data/ratis/d216901e-66f0-4660-99dd-5b2481e9846b does not exist. Creating ...
2019-10-06 15:22:11,691 [pool-139-thread-1] INFO  server.RaftServerConfigKeys (ConfUtils.java:logGet(43)) - raft.server.storage.dir = [/workdir/hadoop-ozone/integration-test/target/test-dir/MiniOzoneClusterImpl-75d4eebd-4d6b-4bc7-bead-2a18387fbc3f/datanode-2/data/ratis] (custom)
2019-10-06 15:22:11,691 [pool-139-thread-1] INFO  server.RaftServerConfigKeys (ConfUtils.java:logGet(43)) - raft.server.log.corruption.policy = EXCEPTION (default)
2019-10-06 15:22:11,691 [pool-139-thread-1] INFO  storage.RaftStorageDirectory (RaftStorageDirectory.java:analyzeStorage(246)) - The storage directory /workdir/hadoop-ozone/integration-test/target/test-dir/MiniOzoneClusterImpl-75d4eebd-4d6b-4bc7-bead-2a18387fbc3f/datanode-2/data/ratis/d216901e-66f0-4660-99dd-5b2481e9846b does not exist. Creating ...
2019-10-06 15:22:11,692 [IPC Server handler 5 on 45558] INFO  net.NetworkTopology (NetworkTopologyImpl.java:add(111)) - Added a new node: /default-rack/1f7023bb-b481-481c-bd59-2650549f2a3a
2019-10-06 15:22:11,692 [IPC Server handler 5 on 45558] INFO  node.SCMNodeManager (SCMNodeManager.java:register(268)) - Registered Data node : 1f7023bb-b481-481c-bd59-2650549f2a3a{ip: 192.168.30.23, host: ozone-build-dev-nffdx-465010684, networkLocation: /default-rack, certSerialId: null}
2019-10-06 15:22:11,702 [pool-119-thread-1] INFO  storage.RaftStorageDirectory (RaftStorageDirectory.java:tryLock(328)) - Lock on /workdir/hadoop-ozone/integration-test/target/test-dir/MiniOzoneClusterImpl-75d4eebd-4d6b-4bc7-bead-2a18387fbc3f/datanode-0/data/ratis/d216901e-66f0-4660-99dd-5b2481e9846b/in_use.lock acquired by nodename 20318@ozone-build-dev-nffdx-465010684
2019-10-06 15:22:11,702 [pool-139-thread-1] INFO  storage.RaftStorageDirectory (RaftStorageDirectory.java:tryLock(328)) - Lock on /workdir/hadoop-ozone/integration-test/target/test-dir/MiniOzoneClusterImpl-75d4eebd-4d6b-4bc7-bead-2a18387fbc3f/datanode-2/data/ratis/d216901e-66f0-4660-99dd-5b2481e9846b/in_use.lock acquired by nodename 20318@ozone-build-dev-nffdx-465010684
2019-10-06 15:22:11,702 [pool-129-thread-1] INFO  storage.RaftStorageDirectory (RaftStorageDirectory.java:tryLock(328)) - Lock on /workdir/hadoop-ozone/integration-test/target/test-dir/MiniOzoneClusterImpl-75d4eebd-4d6b-4bc7-bead-2a18387fbc3f/datanode-1/data/ratis/d216901e-66f0-4660-99dd-5b2481e9846b/in_use.lock acquired by nodename 20318@ozone-build-dev-nffdx-465010684
2019-10-06 15:22:11,716 [pool-119-thread-1] INFO  storage.RaftStorage (RaftStorage.java:format(84)) - Storage directory /workdir/hadoop-ozone/integration-test/target/test-dir/MiniOzoneClusterImpl-75d4eebd-4d6b-4bc7-bead-2a18387fbc3f/datanode-0/data/ratis/d216901e-66f0-4660-99dd-5b2481e9846b has been successfully formatted.
2019-10-06 15:22:11,716 [pool-129-thread-1] INFO  storage.RaftStorage (RaftStorage.java:format(84)) - Storage directory /workdir/hadoop-ozone/integration-test/target/test-dir/MiniOzoneClusterImpl-75d4eebd-4d6b-4bc7-bead-2a18387fbc3f/datanode-1/data/ratis/d216901e-66f0-4660-99dd-5b2481e9846b has been successfully formatted.
2019-10-06 15:22:11,716 [pool-139-thread-1] INFO  storage.RaftStorage (RaftStorage.java:format(84)) - Storage directory /workdir/hadoop-ozone/integration-test/target/test-dir/MiniOzoneClusterImpl-75d4eebd-4d6b-4bc7-bead-2a18387fbc3f/datanode-2/data/ratis/d216901e-66f0-4660-99dd-5b2481e9846b has been successfully formatted.
2019-10-06 15:22:11,716 [pool-129-thread-1] INFO  ratis.ContainerStateMachine (ContainerStateMachine.java:loadSnapshot(230)) - group-5B2481E9846B: The snapshot info is null. Setting the last applied indexto:(t:0, i:~)
2019-10-06 15:22:11,717 [pool-139-thread-1] INFO  ratis.ContainerStateMachine (ContainerStateMachine.java:loadSnapshot(230)) - group-5B2481E9846B: The snapshot info is null. Setting the last applied indexto:(t:0, i:~)
2019-10-06 15:22:11,716 [pool-119-thread-1] INFO  ratis.ContainerStateMachine (ContainerStateMachine.java:loadSnapshot(230)) - group-5B2481E9846B: The snapshot info is null. Setting the last applied indexto:(t:0, i:~)
2019-10-06 15:22:11,717 [pool-139-thread-1] INFO  server.RaftServerConfigKeys (ConfUtils.java:logGet(43)) - raft.server.notification.no-leader.timeout = 120s (custom)
2019-10-06 15:22:11,717 [pool-129-thread-1] INFO  server.RaftServerConfigKeys (ConfUtils.java:logGet(43)) - raft.server.notification.no-leader.timeout = 120s (custom)
2019-10-06 15:22:11,717 [pool-139-thread-1] INFO  server.RaftServerConfigKeys (ConfUtils.java:logGet(43)) - raft.server.log.use.memory = false (default)
2019-10-06 15:22:11,717 [pool-119-thread-1] INFO  server.RaftServerConfigKeys (ConfUtils.java:logGet(43)) - raft.server.notification.no-leader.timeout = 120s (custom)
2019-10-06 15:22:11,717 [pool-139-thread-1] INFO  server.RaftServerConfigKeys (ConfUtils.java:logGet(43)) - raft.server.log.purge.gap = 1000000 (custom)
2019-10-06 15:22:11,717 [pool-129-thread-1] INFO  server.RaftServerConfigKeys (ConfUtils.java:logGet(43)) - raft.server.log.use.memory = false (default)
2019-10-06 15:22:11,718 [pool-139-thread-1] INFO  server.RaftServerConfigKeys (ConfUtils.java:logGet(43)) - raft.server.log.appender.buffer.byte-limit = 33554432 (custom)
2019-10-06 15:22:11,717 [pool-119-thread-1] INFO  server.RaftServerConfigKeys (ConfUtils.java:logGet(43)) - raft.server.log.use.memory = false (default)
2019-10-06 15:22:11,718 [pool-139-thread-1] INFO  server.RaftServerConfigKeys (ConfUtils.java:logGet(43)) - raft.server.log.segment.size.max = 1048576 (custom)
2019-10-06 15:22:11,718 [pool-129-thread-1] INFO  server.RaftServerConfigKeys (ConfUtils.java:logGet(43)) - raft.server.log.purge.gap = 1000000 (custom)
2019-10-06 15:22:11,718 [pool-139-thread-1] INFO  server.RaftServerConfigKeys (ConfUtils.java:logGet(43)) - raft.server.log.segment.cache.num.max = 2 (custom)
2019-10-06 15:22:11,718 [pool-119-thread-1] INFO  server.RaftServerConfigKeys (ConfUtils.java:logGet(43)) - raft.server.log.purge.gap = 1000000 (custom)
2019-10-06 15:22:11,719 [pool-139-thread-1] INFO  segmented.SegmentedRaftLogWorker (SegmentedRaftLogWorker.java:<init>(173)) - new 86e848c3-a8c4-4469-96f4-d2b84c1dcbfa@group-5B2481E9846B-SegmentedRaftLogWorker for RaftStorage:Storage Directory /workdir/hadoop-ozone/integration-test/target/test-dir/MiniOzoneClusterImpl-75d4eebd-4d6b-4bc7-bead-2a18387fbc3f/datanode-2/data/ratis/d216901e-66f0-4660-99dd-5b2481e9846b
2019-10-06 15:22:11,718 [pool-129-thread-1] INFO  server.RaftServerConfigKeys (ConfUtils.java:logGet(43)) - raft.server.log.appender.buffer.byte-limit = 33554432 (custom)
2019-10-06 15:22:11,719 [pool-139-thread-1] INFO  server.RaftServerConfigKeys (ConfUtils.java:logGet(43)) - raft.server.log.queue.byte-limit = 2147483647 (custom)
2019-10-06 15:22:11,719 [pool-119-thread-1] INFO  server.RaftServerConfigKeys (ConfUtils.java:logGet(43)) - raft.server.log.appender.buffer.byte-limit = 33554432 (custom)
2019-10-06 15:22:11,719 [pool-139-thread-1] INFO  server.RaftServerConfigKeys (ConfUtils.java:logGet(43)) - raft.server.log.queue.element-limit = 1024 (custom)
2019-10-06 15:22:11,719 [pool-129-thread-1] INFO  server.RaftServerConfigKeys (ConfUtils.java:logGet(43)) - raft.server.log.segment.size.max = 1048576 (custom)
2019-10-06 15:22:11,719 [pool-139-thread-1] INFO  server.RaftServerConfigKeys (ConfUtils.java:logGet(43)) - raft.server.log.segment.size.max = 1048576 (custom)
2019-10-06 15:22:11,719 [pool-119-thread-1] INFO  server.RaftServerConfigKeys (ConfUtils.java:logGet(43)) - raft.server.log.segment.size.max = 1048576 (custom)
2019-10-06 15:22:11,720 [pool-139-thread-1] INFO  server.RaftServerConfigKeys (ConfUtils.java:logGet(43)) - raft.server.log.preallocated.size = 16384 (custom)
2019-10-06 15:22:11,720 [pool-129-thread-1] INFO  server.RaftServerConfigKeys (ConfUtils.java:logGet(43)) - raft.server.log.segment.cache.num.max = 2 (custom)
2019-10-06 15:22:11,720 [pool-139-thread-1] INFO  server.RaftServerConfigKeys (ConfUtils.java:logGet(43)) - raft.server.log.write.buffer.size = 33554432 (custom)
2019-10-06 15:22:11,720 [pool-119-thread-1] INFO  server.RaftServerConfigKeys (ConfUtils.java:logGet(43)) - raft.server.log.segment.cache.num.max = 2 (custom)
2019-10-06 15:22:11,720 [pool-139-thread-1] INFO  server.RaftServerConfigKeys (ConfUtils.java:logGet(43)) - raft.server.log.force.sync.num = 128 (default)
2019-10-06 15:22:11,720 [pool-129-thread-1] INFO  segmented.SegmentedRaftLogWorker (SegmentedRaftLogWorker.java:<init>(173)) - new bac7edc9-69c9-4080-ab0c-1a7f1a29f394@group-5B2481E9846B-SegmentedRaftLogWorker for RaftStorage:Storage Directory /workdir/hadoop-ozone/integration-test/target/test-dir/MiniOzoneClusterImpl-75d4eebd-4d6b-4bc7-bead-2a18387fbc3f/datanode-1/data/ratis/d216901e-66f0-4660-99dd-5b2481e9846b
2019-10-06 15:22:11,721 [pool-139-thread-1] INFO  server.RaftServerConfigKeys (ConfUtils.java:logGet(43)) - raft.server.log.statemachine.data.sync = true (default)
2019-10-06 15:22:11,720 [pool-119-thread-1] INFO  segmented.SegmentedRaftLogWorker (SegmentedRaftLogWorker.java:<init>(173)) - new 69531f84-7205-4417-979c-d03528d6b4c2@group-5B2481E9846B-SegmentedRaftLogWorker for RaftStorage:Storage Directory /workdir/hadoop-ozone/integration-test/target/test-dir/MiniOzoneClusterImpl-75d4eebd-4d6b-4bc7-bead-2a18387fbc3f/datanode-0/data/ratis/d216901e-66f0-4660-99dd-5b2481e9846b
2019-10-06 15:22:11,721 [pool-139-thread-1] INFO  server.RaftServerConfigKeys (ConfUtils.java:logGet(43)) - raft.server.log.statemachine.data.sync.timeout = 10s (default)
2019-10-06 15:22:11,721 [pool-129-thread-1] INFO  server.RaftServerConfigKeys (ConfUtils.java:logGet(43)) - raft.server.log.queue.byte-limit = 2147483647 (custom)
2019-10-06 15:22:11,721 [pool-139-thread-1] INFO  server.RaftServerConfigKeys (ConfUtils.java:logGet(43)) - raft.server.log.statemachine.data.sync.timeout.retry = -1 (default)
2019-10-06 15:22:11,721 [pool-119-thread-1] INFO  server.RaftServerConfigKeys (ConfUtils.java:logGet(43)) - raft.server.log.queue.byte-limit = 2147483647 (custom)
2019-10-06 15:22:11,721 [pool-129-thread-1] INFO  server.RaftServerConfigKeys (ConfUtils.java:logGet(43)) - raft.server.log.queue.element-limit = 1024 (custom)
2019-10-06 15:22:11,722 [pool-139-thread-1] INFO  server.RaftServerConfigKeys (ConfUtils.java:logGet(43)) - raft.server.log.statemachine.data.caching.enabled = true (custom)
2019-10-06 15:22:11,722 [pool-119-thread-1] INFO  server.RaftServerConfigKeys (ConfUtils.java:logGet(43)) - raft.server.log.queue.element-limit = 1024 (custom)
2019-10-06 15:22:11,722 [pool-129-thread-1] INFO  server.RaftServerConfigKeys (ConfUtils.java:logGet(43)) - raft.server.log.segment.size.max = 1048576 (custom)
2019-10-06 15:22:11,722 [pool-139-thread-1] INFO  segmented.SegmentedRaftLogWorker (SegmentedRaftLogWorker.java:lambda$new$0(128)) - 86e848c3-a8c4-4469-96f4-d2b84c1dcbfa@group-5B2481E9846B-SegmentedRaftLogWorker: flushIndex: setUnconditionally 0 -> -1
2019-10-06 15:22:11,722 [pool-119-thread-1] INFO  server.RaftServerConfigKeys (ConfUtils.java:logGet(43)) - raft.server.log.segment.size.max = 1048576 (custom)
2019-10-06 15:22:11,722 [pool-129-thread-1] INFO  server.RaftServerConfigKeys (ConfUtils.java:logGet(43)) - raft.server.log.preallocated.size = 16384 (custom)
2019-10-06 15:22:11,722 [pool-119-thread-1] INFO  server.RaftServerConfigKeys (ConfUtils.java:logGet(43)) - raft.server.log.preallocated.size = 16384 (custom)
2019-10-06 15:22:11,723 [pool-129-thread-1] INFO  server.RaftServerConfigKeys (ConfUtils.java:logGet(43)) - raft.server.log.write.buffer.size = 33554432 (custom)
2019-10-06 15:22:11,723 [pool-139-thread-1] INFO  server.RaftServerConfigKeys (ConfUtils.java:logGet(43)) - raft.server.snapshot.auto.trigger.enabled = true (custom)
2019-10-06 15:22:11,723 [pool-129-thread-1] INFO  server.RaftServerConfigKeys (ConfUtils.java:logGet(43)) - raft.server.log.force.sync.num = 128 (default)
2019-10-06 15:22:11,723 [pool-119-thread-1] INFO  server.RaftServerConfigKeys (ConfUtils.java:logGet(43)) - raft.server.log.write.buffer.size = 33554432 (custom)
2019-10-06 15:22:11,723 [pool-129-thread-1] INFO  server.RaftServerConfigKeys (ConfUtils.java:logGet(43)) - raft.server.log.statemachine.data.sync = true (default)
2019-10-06 15:22:11,723 [pool-139-thread-1] INFO  server.RaftServerConfigKeys (ConfUtils.java:logGet(43)) - raft.server.snapshot.auto.trigger.threshold = 10000 (custom)
2019-10-06 15:22:11,723 [pool-129-thread-1] INFO  server.RaftServerConfigKeys (ConfUtils.java:logGet(43)) - raft.server.log.statemachine.data.sync.timeout = 10s (default)
2019-10-06 15:22:11,723 [pool-119-thread-1] INFO  server.RaftServerConfigKeys (ConfUtils.java:logGet(43)) - raft.server.log.force.sync.num = 128 (default)
2019-10-06 15:22:11,724 [pool-129-thread-1] INFO  server.RaftServerConfigKeys (ConfUtils.java:logGet(43)) - raft.server.log.statemachine.data.sync.timeout.retry = -1 (default)
2019-10-06 15:22:11,724 [pool-139-thread-1] INFO  server.RaftServerConfigKeys (ConfUtils.java:logGet(43)) - raft.server.snapshot.retention.file.num = 5 (custom)
2019-10-06 15:22:11,724 [pool-119-thread-1] INFO  server.RaftServerConfigKeys (ConfUtils.java:logGet(43)) - raft.server.log.statemachine.data.sync = true (default)
2019-10-06 15:22:11,724 [pool-139-thread-1] INFO  server.RaftServerConfigKeys (ConfUtils.java:logGet(43)) - raft.server.retrycache.expirytime = 600000ms (custom)
2019-10-06 15:22:11,724 [pool-129-thread-1] INFO  server.RaftServerConfigKeys (ConfUtils.java:logGet(43)) - raft.server.log.statemachine.data.caching.enabled = true (custom)
2019-10-06 15:22:11,725 [pool-119-thread-1] INFO  server.RaftServerConfigKeys (ConfUtils.java:logGet(43)) - raft.server.log.statemachine.data.sync.timeout = 10s (default)
2019-10-06 15:22:11,725 [pool-119-thread-1] INFO  server.RaftServerConfigKeys (ConfUtils.java:logGet(43)) - raft.server.log.statemachine.data.sync.timeout.retry = -1 (default)
2019-10-06 15:22:11,725 [pool-129-thread-1] INFO  segmented.SegmentedRaftLogWorker (SegmentedRaftLogWorker.java:lambda$new$0(128)) - bac7edc9-69c9-4080-ab0c-1a7f1a29f394@group-5B2481E9846B-SegmentedRaftLogWorker: flushIndex: setUnconditionally 0 -> -1
2019-10-06 15:22:11,725 [pool-119-thread-1] INFO  server.RaftServerConfigKeys (ConfUtils.java:logGet(43)) - raft.server.log.statemachine.data.caching.enabled = true (custom)
2019-10-06 15:22:11,726 [pool-129-thread-1] INFO  server.RaftServerConfigKeys (ConfUtils.java:logGet(43)) - raft.server.snapshot.auto.trigger.enabled = true (custom)
2019-10-06 15:22:11,726 [pool-119-thread-1] INFO  segmented.SegmentedRaftLogWorker (SegmentedRaftLogWorker.java:lambda$new$0(128)) - 69531f84-7205-4417-979c-d03528d6b4c2@group-5B2481E9846B-SegmentedRaftLogWorker: flushIndex: setUnconditionally 0 -> -1
2019-10-06 15:22:11,726 [pool-129-thread-1] INFO  server.RaftServerConfigKeys (ConfUtils.java:logGet(43)) - raft.server.snapshot.auto.trigger.threshold = 10000 (custom)
2019-10-06 15:22:11,726 [pool-129-thread-1] INFO  server.RaftServerConfigKeys (ConfUtils.java:logGet(43)) - raft.server.snapshot.retention.file.num = 5 (custom)
2019-10-06 15:22:11,726 [pool-119-thread-1] INFO  server.RaftServerConfigKeys (ConfUtils.java:logGet(43)) - raft.server.snapshot.auto.trigger.enabled = true (custom)
2019-10-06 15:22:11,726 [pool-129-thread-1] INFO  server.RaftServerConfigKeys (ConfUtils.java:logGet(43)) - raft.server.retrycache.expirytime = 600000ms (custom)
2019-10-06 15:22:11,726 [pool-119-thread-1] INFO  server.RaftServerConfigKeys (ConfUtils.java:logGet(43)) - raft.server.snapshot.auto.trigger.threshold = 10000 (custom)
2019-10-06 15:22:11,727 [pool-119-thread-1] INFO  server.RaftServerConfigKeys (ConfUtils.java:logGet(43)) - raft.server.snapshot.retention.file.num = 5 (custom)
2019-10-06 15:22:11,727 [pool-119-thread-1] INFO  server.RaftServerConfigKeys (ConfUtils.java:logGet(43)) - raft.server.retrycache.expirytime = 600000ms (custom)
2019-10-06 15:22:11,727 [pool-139-thread-1] INFO  impl.RaftServerImpl (RaftServerImpl.java:start(181)) - 86e848c3-a8c4-4469-96f4-d2b84c1dcbfa@group-5B2481E9846B: start as a follower, conf=-1: [69531f84-7205-4417-979c-d03528d6b4c2:192.168.30.23:44880, bac7edc9-69c9-4080-ab0c-1a7f1a29f394:192.168.30.23:45138, 86e848c3-a8c4-4469-96f4-d2b84c1dcbfa:192.168.30.23:37326], old=null
2019-10-06 15:22:11,728 [pool-139-thread-1] INFO  impl.RaftServerImpl (RaftServerImpl.java:setRole(170)) - 86e848c3-a8c4-4469-96f4-d2b84c1dcbfa@group-5B2481E9846B: changes role from      null to FOLLOWER at term 0 for startAsFollower
2019-10-06 15:22:11,728 [pool-139-thread-1] INFO  impl.RoleInfo (RoleInfo.java:updateAndGet(143)) - 86e848c3-a8c4-4469-96f4-d2b84c1dcbfa: start FollowerState
2019-10-06 15:22:11,737 [pool-139-thread-1] INFO  util.JmxRegister (JmxRegister.java:tryRegister(44)) - Successfully registered JMX Bean with object name Ratis:service=RaftServer,group=group-5B2481E9846B,id=86e848c3-a8c4-4469-96f4-d2b84c1dcbfa
2019-10-06 15:22:11,740 [pool-129-thread-1] INFO  impl.RaftServerImpl (RaftServerImpl.java:start(181)) - bac7edc9-69c9-4080-ab0c-1a7f1a29f394@group-5B2481E9846B: start as a follower, conf=-1: [69531f84-7205-4417-979c-d03528d6b4c2:192.168.30.23:44880, bac7edc9-69c9-4080-ab0c-1a7f1a29f394:192.168.30.23:45138, 86e848c3-a8c4-4469-96f4-d2b84c1dcbfa:192.168.30.23:37326], old=null
2019-10-06 15:22:11,740 [pool-129-thread-1] INFO  impl.RaftServerImpl (RaftServerImpl.java:setRole(170)) - bac7edc9-69c9-4080-ab0c-1a7f1a29f394@group-5B2481E9846B: changes role from      null to FOLLOWER at term 0 for startAsFollower
2019-10-06 15:22:11,740 [pool-119-thread-1] INFO  impl.RaftServerImpl (RaftServerImpl.java:start(181)) - 69531f84-7205-4417-979c-d03528d6b4c2@group-5B2481E9846B: start as a follower, conf=-1: [69531f84-7205-4417-979c-d03528d6b4c2:192.168.30.23:44880, bac7edc9-69c9-4080-ab0c-1a7f1a29f394:192.168.30.23:45138, 86e848c3-a8c4-4469-96f4-d2b84c1dcbfa:192.168.30.23:37326], old=null
2019-10-06 15:22:11,741 [pool-129-thread-1] INFO  impl.RoleInfo (RoleInfo.java:updateAndGet(143)) - bac7edc9-69c9-4080-ab0c-1a7f1a29f394: start FollowerState
2019-10-06 15:22:11,741 [pool-119-thread-1] INFO  impl.RaftServerImpl (RaftServerImpl.java:setRole(170)) - 69531f84-7205-4417-979c-d03528d6b4c2@group-5B2481E9846B: changes role from      null to FOLLOWER at term 0 for startAsFollower
2019-10-06 15:22:11,741 [pool-119-thread-1] INFO  impl.RoleInfo (RoleInfo.java:updateAndGet(143)) - 69531f84-7205-4417-979c-d03528d6b4c2: start FollowerState
2019-10-06 15:22:11,741 [pool-129-thread-1] INFO  util.JmxRegister (JmxRegister.java:tryRegister(44)) - Successfully registered JMX Bean with object name Ratis:service=RaftServer,group=group-5B2481E9846B,id=bac7edc9-69c9-4080-ab0c-1a7f1a29f394
2019-10-06 15:22:11,747 [pool-119-thread-1] INFO  util.JmxRegister (JmxRegister.java:tryRegister(44)) - Successfully registered JMX Bean with object name Ratis:service=RaftServer,group=group-5B2481E9846B,id=69531f84-7205-4417-979c-d03528d6b4c2
2019-10-06 15:22:11,754 [RatisPipelineUtilsThread] INFO  pipeline.PipelineStateManager (PipelineStateManager.java:addPipeline(56)) - Created pipeline Pipeline[ Id: d216901e-66f0-4660-99dd-5b2481e9846b, Nodes: 69531f84-7205-4417-979c-d03528d6b4c2{ip: 192.168.30.23, host: ozone-build-dev-nffdx-465010684, networkLocation: /default-rack, certSerialId: null}bac7edc9-69c9-4080-ab0c-1a7f1a29f394{ip: 192.168.30.23, host: ozone-build-dev-nffdx-465010684, networkLocation: /default-rack, certSerialId: null}86e848c3-a8c4-4469-96f4-d2b84c1dcbfa{ip: 192.168.30.23, host: ozone-build-dev-nffdx-465010684, networkLocation: /default-rack, certSerialId: null}, Type:RATIS, Factor:THREE, State:OPEN]
2019-10-06 15:22:11,760 [IPC Server handler 9 on 45558] INFO  net.NetworkTopology (NetworkTopologyImpl.java:add(111)) - Added a new node: /default-rack/07a43e08-05b1-4f1b-8daa-ac2d25af9eb9
2019-10-06 15:22:11,760 [IPC Server handler 9 on 45558] INFO  node.SCMNodeManager (SCMNodeManager.java:register(268)) - Registered Data node : 07a43e08-05b1-4f1b-8daa-ac2d25af9eb9{ip: 192.168.30.23, host: ozone-build-dev-nffdx-465010684, networkLocation: /default-rack, certSerialId: null}
2019-10-06 15:22:11,763 [grpc-default-executor-0] INFO  impl.RaftServerProxy (RaftServerProxy.java:addNew(89)) - 1f7023bb-b481-481c-bd59-2650549f2a3a: addNew group-99AF31D92308:[1f7023bb-b481-481c-bd59-2650549f2a3a:192.168.30.23:38498] returns group-99AF31D92308:java.util.concurrent.CompletableFuture@2e229b42[Not completed]
2019-10-06 15:22:11,770 [pool-149-thread-1] INFO  impl.RaftServerImpl (RaftServerImpl.java:<init>(95)) - 1f7023bb-b481-481c-bd59-2650549f2a3a: new RaftServerImpl for group-99AF31D92308:[1f7023bb-b481-481c-bd59-2650549f2a3a:192.168.30.23:38498] with ContainerStateMachine:uninitialized
2019-10-06 15:22:11,770 [pool-149-thread-1] INFO  server.RaftServerConfigKeys (ConfUtils.java:logGet(43)) - raft.server.rpc.timeout.min = 5s (custom)
2019-10-06 15:22:11,770 [pool-149-thread-1] INFO  server.RaftServerConfigKeys (ConfUtils.java:logGet(43)) - raft.server.rpc.timeout.max = 5200ms (custom)
2019-10-06 15:22:11,770 [pool-149-thread-1] INFO  server.RaftServerConfigKeys (ConfUtils.java:logGet(43)) - raft.server.rpcslowness.timeout = 120s (custom)
2019-10-06 15:22:11,771 [pool-149-thread-1] INFO  server.RaftServerConfigKeys (ConfUtils.java:logGet(43)) - raft.server.sleep.deviation.threshold = 300 (default)
2019-10-06 15:22:11,771 [pool-149-thread-1] INFO  server.RaftServerConfigKeys (ConfUtils.java:logGet(43)) - raft.server.log.appender.install.snapshot.enabled = false (custom)
2019-10-06 15:22:11,771 [pool-149-thread-1] INFO  impl.RaftServerImpl (ServerState.java:<init>(103)) - 1f7023bb-b481-481c-bd59-2650549f2a3a@group-99AF31D92308: ConfigurationManager, init=-1: [1f7023bb-b481-481c-bd59-2650549f2a3a:192.168.30.23:38498], old=null, confs=<EMPTY_MAP>
2019-10-06 15:22:11,771 [pool-149-thread-1] INFO  server.RaftServerConfigKeys (ConfUtils.java:logGet(43)) - raft.server.storage.dir = [/workdir/hadoop-ozone/integration-test/target/test-dir/MiniOzoneClusterImpl-75d4eebd-4d6b-4bc7-bead-2a18387fbc3f/datanode-3/data/ratis] (custom)
2019-10-06 15:22:11,771 [pool-149-thread-1] INFO  server.RaftServerConfigKeys (ConfUtils.java:logGet(43)) - raft.server.log.corruption.policy = EXCEPTION (default)
2019-10-06 15:22:11,771 [pool-149-thread-1] INFO  storage.RaftStorageDirectory (RaftStorageDirectory.java:analyzeStorage(246)) - The storage directory /workdir/hadoop-ozone/integration-test/target/test-dir/MiniOzoneClusterImpl-75d4eebd-4d6b-4bc7-bead-2a18387fbc3f/datanode-3/data/ratis/c9dd0329-674a-4cdc-b41c-99af31d92308 does not exist. Creating ...
2019-10-06 15:22:11,784 [pool-149-thread-1] INFO  storage.RaftStorageDirectory (RaftStorageDirectory.java:tryLock(328)) - Lock on /workdir/hadoop-ozone/integration-test/target/test-dir/MiniOzoneClusterImpl-75d4eebd-4d6b-4bc7-bead-2a18387fbc3f/datanode-3/data/ratis/c9dd0329-674a-4cdc-b41c-99af31d92308/in_use.lock acquired by nodename 20318@ozone-build-dev-nffdx-465010684
2019-10-06 15:22:11,801 [pool-149-thread-1] INFO  storage.RaftStorage (RaftStorage.java:format(84)) - Storage directory /workdir/hadoop-ozone/integration-test/target/test-dir/MiniOzoneClusterImpl-75d4eebd-4d6b-4bc7-bead-2a18387fbc3f/datanode-3/data/ratis/c9dd0329-674a-4cdc-b41c-99af31d92308 has been successfully formatted.
2019-10-06 15:22:11,801 [pool-149-thread-1] INFO  ratis.ContainerStateMachine (ContainerStateMachine.java:loadSnapshot(230)) - group-99AF31D92308: The snapshot info is null. Setting the last applied indexto:(t:0, i:~)
2019-10-06 15:22:11,802 [pool-149-thread-1] INFO  server.RaftServerConfigKeys (ConfUtils.java:logGet(43)) - raft.server.notification.no-leader.timeout = 120s (custom)
2019-10-06 15:22:11,802 [pool-149-thread-1] INFO  server.RaftServerConfigKeys (ConfUtils.java:logGet(43)) - raft.server.log.use.memory = false (default)
2019-10-06 15:22:11,802 [pool-149-thread-1] INFO  server.RaftServerConfigKeys (ConfUtils.java:logGet(43)) - raft.server.log.purge.gap = 1000000 (custom)
2019-10-06 15:22:11,802 [pool-149-thread-1] INFO  server.RaftServerConfigKeys (ConfUtils.java:logGet(43)) - raft.server.log.appender.buffer.byte-limit = 33554432 (custom)
2019-10-06 15:22:11,802 [pool-149-thread-1] INFO  server.RaftServerConfigKeys (ConfUtils.java:logGet(43)) - raft.server.log.segment.size.max = 1048576 (custom)
2019-10-06 15:22:11,804 [pool-149-thread-1] INFO  server.RaftServerConfigKeys (ConfUtils.java:logGet(43)) - raft.server.log.segment.cache.num.max = 2 (custom)
2019-10-06 15:22:11,804 [pool-149-thread-1] INFO  segmented.SegmentedRaftLogWorker (SegmentedRaftLogWorker.java:<init>(173)) - new 1f7023bb-b481-481c-bd59-2650549f2a3a@group-99AF31D92308-SegmentedRaftLogWorker for RaftStorage:Storage Directory /workdir/hadoop-ozone/integration-test/target/test-dir/MiniOzoneClusterImpl-75d4eebd-4d6b-4bc7-bead-2a18387fbc3f/datanode-3/data/ratis/c9dd0329-674a-4cdc-b41c-99af31d92308
2019-10-06 15:22:11,804 [pool-149-thread-1] INFO  server.RaftServerConfigKeys (ConfUtils.java:logGet(43)) - raft.server.log.queue.byte-limit = 2147483647 (custom)
2019-10-06 15:22:11,804 [pool-149-thread-1] INFO  server.RaftServerConfigKeys (ConfUtils.java:logGet(43)) - raft.server.log.queue.element-limit = 1024 (custom)
2019-10-06 15:22:11,804 [pool-149-thread-1] INFO  server.RaftServerConfigKeys (ConfUtils.java:logGet(43)) - raft.server.log.segment.size.max = 1048576 (custom)
2019-10-06 15:22:11,804 [pool-149-thread-1] INFO  server.RaftServerConfigKeys (ConfUtils.java:logGet(43)) - raft.server.log.preallocated.size = 16384 (custom)
2019-10-06 15:22:11,804 [pool-149-thread-1] INFO  server.RaftServerConfigKeys (ConfUtils.java:logGet(43)) - raft.server.log.write.buffer.size = 33554432 (custom)
2019-10-06 15:22:11,804 [pool-149-thread-1] INFO  server.RaftServerConfigKeys (ConfUtils.java:logGet(43)) - raft.server.log.force.sync.num = 128 (default)
2019-10-06 15:22:11,804 [pool-149-thread-1] INFO  server.RaftServerConfigKeys (ConfUtils.java:logGet(43)) - raft.server.log.statemachine.data.sync = true (default)
2019-10-06 15:22:11,805 [pool-149-thread-1] INFO  server.RaftServerConfigKeys (ConfUtils.java:logGet(43)) - raft.server.log.statemachine.data.sync.timeout = 10s (default)
2019-10-06 15:22:11,805 [pool-149-thread-1] INFO  server.RaftServerConfigKeys (ConfUtils.java:logGet(43)) - raft.server.log.statemachine.data.sync.timeout.retry = -1 (default)
2019-10-06 15:22:11,805 [pool-149-thread-1] INFO  server.RaftServerConfigKeys (ConfUtils.java:logGet(43)) - raft.server.log.statemachine.data.caching.enabled = true (custom)
2019-10-06 15:22:11,805 [pool-149-thread-1] INFO  segmented.SegmentedRaftLogWorker (SegmentedRaftLogWorker.java:lambda$new$0(128)) - 1f7023bb-b481-481c-bd59-2650549f2a3a@group-99AF31D92308-SegmentedRaftLogWorker: flushIndex: setUnconditionally 0 -> -1
2019-10-06 15:22:11,806 [pool-149-thread-1] INFO  server.RaftServerConfigKeys (ConfUtils.java:logGet(43)) - raft.server.snapshot.auto.trigger.enabled = true (custom)
2019-10-06 15:22:11,806 [pool-149-thread-1] INFO  server.RaftServerConfigKeys (ConfUtils.java:logGet(43)) - raft.server.snapshot.auto.trigger.threshold = 10000 (custom)
2019-10-06 15:22:11,806 [pool-149-thread-1] INFO  server.RaftServerConfigKeys (ConfUtils.java:logGet(43)) - raft.server.snapshot.retention.file.num = 5 (custom)
2019-10-06 15:22:11,806 [pool-149-thread-1] INFO  server.RaftServerConfigKeys (ConfUtils.java:logGet(43)) - raft.server.retrycache.expirytime = 600000ms (custom)
2019-10-06 15:22:11,807 [pool-149-thread-1] INFO  impl.RaftServerImpl (RaftServerImpl.java:start(181)) - 1f7023bb-b481-481c-bd59-2650549f2a3a@group-99AF31D92308: start as a follower, conf=-1: [1f7023bb-b481-481c-bd59-2650549f2a3a:192.168.30.23:38498], old=null
2019-10-06 15:22:11,808 [pool-149-thread-1] INFO  impl.RaftServerImpl (RaftServerImpl.java:setRole(170)) - 1f7023bb-b481-481c-bd59-2650549f2a3a@group-99AF31D92308: changes role from      null to FOLLOWER at term 0 for startAsFollower
2019-10-06 15:22:11,808 [pool-149-thread-1] INFO  impl.RoleInfo (RoleInfo.java:updateAndGet(143)) - 1f7023bb-b481-481c-bd59-2650549f2a3a: start FollowerState
2019-10-06 15:22:11,808 [pool-149-thread-1] INFO  util.JmxRegister (JmxRegister.java:tryRegister(44)) - Successfully registered JMX Bean with object name Ratis:service=RaftServer,group=group-99AF31D92308,id=1f7023bb-b481-481c-bd59-2650549f2a3a
2019-10-06 15:22:11,812 [RatisPipelineUtilsThread] INFO  pipeline.PipelineStateManager (PipelineStateManager.java:addPipeline(56)) - Created pipeline Pipeline[ Id: c9dd0329-674a-4cdc-b41c-99af31d92308, Nodes: 1f7023bb-b481-481c-bd59-2650549f2a3a{ip: 192.168.30.23, host: ozone-build-dev-nffdx-465010684, networkLocation: /default-rack, certSerialId: null}, Type:RATIS, Factor:ONE, State:OPEN]
2019-10-06 15:22:11,823 [grpc-default-executor-0] INFO  impl.RaftServerProxy (RaftServerProxy.java:addNew(89)) - 07a43e08-05b1-4f1b-8daa-ac2d25af9eb9: addNew group-9FEC1A89F607:[07a43e08-05b1-4f1b-8daa-ac2d25af9eb9:192.168.30.23:38860] returns group-9FEC1A89F607:java.util.concurrent.CompletableFuture@2b66865[Not completed]
2019-10-06 15:22:11,828 [pool-159-thread-1] INFO  impl.RaftServerImpl (RaftServerImpl.java:<init>(95)) - 07a43e08-05b1-4f1b-8daa-ac2d25af9eb9: new RaftServerImpl for group-9FEC1A89F607:[07a43e08-05b1-4f1b-8daa-ac2d25af9eb9:192.168.30.23:38860] with ContainerStateMachine:uninitialized
2019-10-06 15:22:11,828 [pool-159-thread-1] INFO  server.RaftServerConfigKeys (ConfUtils.java:logGet(43)) - raft.server.rpc.timeout.min = 5s (custom)
2019-10-06 15:22:11,828 [pool-159-thread-1] INFO  server.RaftServerConfigKeys (ConfUtils.java:logGet(43)) - raft.server.rpc.timeout.max = 5200ms (custom)
2019-10-06 15:22:11,828 [pool-159-thread-1] INFO  server.RaftServerConfigKeys (ConfUtils.java:logGet(43)) - raft.server.rpcslowness.timeout = 120s (custom)
2019-10-06 15:22:11,829 [pool-159-thread-1] INFO  server.RaftServerConfigKeys (ConfUtils.java:logGet(43)) - raft.server.sleep.deviation.threshold = 300 (default)
2019-10-06 15:22:11,829 [pool-159-thread-1] INFO  server.RaftServerConfigKeys (ConfUtils.java:logGet(43)) - raft.server.log.appender.install.snapshot.enabled = false (custom)
2019-10-06 15:22:11,829 [pool-159-thread-1] INFO  impl.RaftServerImpl (ServerState.java:<init>(103)) - 07a43e08-05b1-4f1b-8daa-ac2d25af9eb9@group-9FEC1A89F607: ConfigurationManager, init=-1: [07a43e08-05b1-4f1b-8daa-ac2d25af9eb9:192.168.30.23:38860], old=null, confs=<EMPTY_MAP>
2019-10-06 15:22:11,829 [pool-159-thread-1] INFO  server.RaftServerConfigKeys (ConfUtils.java:logGet(43)) - raft.server.storage.dir = [/workdir/hadoop-ozone/integration-test/target/test-dir/MiniOzoneClusterImpl-75d4eebd-4d6b-4bc7-bead-2a18387fbc3f/datanode-4/data/ratis] (custom)
2019-10-06 15:22:11,829 [IPC Server handler 8 on 45558] INFO  net.NetworkTopology (NetworkTopologyImpl.java:add(111)) - Added a new node: /default-rack/4d76bd0b-f092-40f3-8f50-298f7e1f26ff
2019-10-06 15:22:11,829 [pool-159-thread-1] INFO  server.RaftServerConfigKeys (ConfUtils.java:logGet(43)) - raft.server.log.corruption.policy = EXCEPTION (default)
2019-10-06 15:22:11,829 [IPC Server handler 8 on 45558] INFO  node.SCMNodeManager (SCMNodeManager.java:register(268)) - Registered Data node : 4d76bd0b-f092-40f3-8f50-298f7e1f26ff{ip: 192.168.30.23, host: ozone-build-dev-nffdx-465010684, networkLocation: /default-rack, certSerialId: null}
2019-10-06 15:22:11,830 [pool-159-thread-1] INFO  storage.RaftStorageDirectory (RaftStorageDirectory.java:analyzeStorage(246)) - The storage directory /workdir/hadoop-ozone/integration-test/target/test-dir/MiniOzoneClusterImpl-75d4eebd-4d6b-4bc7-bead-2a18387fbc3f/datanode-4/data/ratis/a6c14c98-d48c-457f-9e9e-9fec1a89f607 does not exist. Creating ...
2019-10-06 15:22:11,843 [pool-159-thread-1] INFO  storage.RaftStorageDirectory (RaftStorageDirectory.java:tryLock(328)) - Lock on /workdir/hadoop-ozone/integration-test/target/test-dir/MiniOzoneClusterImpl-75d4eebd-4d6b-4bc7-bead-2a18387fbc3f/datanode-4/data/ratis/a6c14c98-d48c-457f-9e9e-9fec1a89f607/in_use.lock acquired by nodename 20318@ozone-build-dev-nffdx-465010684
2019-10-06 15:22:11,856 [pool-159-thread-1] INFO  storage.RaftStorage (RaftStorage.java:format(84)) - Storage directory /workdir/hadoop-ozone/integration-test/target/test-dir/MiniOzoneClusterImpl-75d4eebd-4d6b-4bc7-bead-2a18387fbc3f/datanode-4/data/ratis/a6c14c98-d48c-457f-9e9e-9fec1a89f607 has been successfully formatted.
2019-10-06 15:22:11,856 [pool-159-thread-1] INFO  ratis.ContainerStateMachine (ContainerStateMachine.java:loadSnapshot(230)) - group-9FEC1A89F607: The snapshot info is null. Setting the last applied indexto:(t:0, i:~)
2019-10-06 15:22:11,856 [pool-159-thread-1] INFO  server.RaftServerConfigKeys (ConfUtils.java:logGet(43)) - raft.server.notification.no-leader.timeout = 120s (custom)
2019-10-06 15:22:11,857 [pool-159-thread-1] INFO  server.RaftServerConfigKeys (ConfUtils.java:logGet(43)) - raft.server.log.use.memory = false (default)
2019-10-06 15:22:11,857 [pool-159-thread-1] INFO  server.RaftServerConfigKeys (ConfUtils.java:logGet(43)) - raft.server.log.purge.gap = 1000000 (custom)
2019-10-06 15:22:11,857 [pool-159-thread-1] INFO  server.RaftServerConfigKeys (ConfUtils.java:logGet(43)) - raft.server.log.appender.buffer.byte-limit = 33554432 (custom)
2019-10-06 15:22:11,857 [pool-159-thread-1] INFO  server.RaftServerConfigKeys (ConfUtils.java:logGet(43)) - raft.server.log.segment.size.max = 1048576 (custom)
2019-10-06 15:22:11,859 [pool-159-thread-1] INFO  server.RaftServerConfigKeys (ConfUtils.java:logGet(43)) - raft.server.log.segment.cache.num.max = 2 (custom)
2019-10-06 15:22:11,859 [pool-159-thread-1] INFO  segmented.SegmentedRaftLogWorker (SegmentedRaftLogWorker.java:<init>(173)) - new 07a43e08-05b1-4f1b-8daa-ac2d25af9eb9@group-9FEC1A89F607-SegmentedRaftLogWorker for RaftStorage:Storage Directory /workdir/hadoop-ozone/integration-test/target/test-dir/MiniOzoneClusterImpl-75d4eebd-4d6b-4bc7-bead-2a18387fbc3f/datanode-4/data/ratis/a6c14c98-d48c-457f-9e9e-9fec1a89f607
2019-10-06 15:22:11,859 [pool-159-thread-1] INFO  server.RaftServerConfigKeys (ConfUtils.java:logGet(43)) - raft.server.log.queue.byte-limit = 2147483647 (custom)
2019-10-06 15:22:11,859 [pool-159-thread-1] INFO  server.RaftServerConfigKeys (ConfUtils.java:logGet(43)) - raft.server.log.queue.element-limit = 1024 (custom)
2019-10-06 15:22:11,859 [pool-159-thread-1] INFO  server.RaftServerConfigKeys (ConfUtils.java:logGet(43)) - raft.server.log.segment.size.max = 1048576 (custom)
2019-10-06 15:22:11,859 [pool-159-thread-1] INFO  server.RaftServerConfigKeys (ConfUtils.java:logGet(43)) - raft.server.log.preallocated.size = 16384 (custom)
2019-10-06 15:22:11,859 [pool-159-thread-1] INFO  server.RaftServerConfigKeys (ConfUtils.java:logGet(43)) - raft.server.log.write.buffer.size = 33554432 (custom)
2019-10-06 15:22:11,860 [pool-159-thread-1] INFO  server.RaftServerConfigKeys (ConfUtils.java:logGet(43)) - raft.server.log.force.sync.num = 128 (default)
2019-10-06 15:22:11,860 [pool-159-thread-1] INFO  server.RaftServerConfigKeys (ConfUtils.java:logGet(43)) - raft.server.log.statemachine.data.sync = true (default)
2019-10-06 15:22:11,860 [pool-159-thread-1] INFO  server.RaftServerConfigKeys (ConfUtils.java:logGet(43)) - raft.server.log.statemachine.data.sync.timeout = 10s (default)
2019-10-06 15:22:11,860 [pool-159-thread-1] INFO  server.RaftServerConfigKeys (ConfUtils.java:logGet(43)) - raft.server.log.statemachine.data.sync.timeout.retry = -1 (default)
2019-10-06 15:22:11,860 [pool-159-thread-1] INFO  server.RaftServerConfigKeys (ConfUtils.java:logGet(43)) - raft.server.log.statemachine.data.caching.enabled = true (custom)
2019-10-06 15:22:11,861 [pool-159-thread-1] INFO  segmented.SegmentedRaftLogWorker (SegmentedRaftLogWorker.java:lambda$new$0(128)) - 07a43e08-05b1-4f1b-8daa-ac2d25af9eb9@group-9FEC1A89F607-SegmentedRaftLogWorker: flushIndex: setUnconditionally 0 -> -1
2019-10-06 15:22:11,861 [pool-159-thread-1] INFO  server.RaftServerConfigKeys (ConfUtils.java:logGet(43)) - raft.server.snapshot.auto.trigger.enabled = true (custom)
2019-10-06 15:22:11,861 [pool-159-thread-1] INFO  server.RaftServerConfigKeys (ConfUtils.java:logGet(43)) - raft.server.snapshot.auto.trigger.threshold = 10000 (custom)
2019-10-06 15:22:11,861 [pool-159-thread-1] INFO  server.RaftServerConfigKeys (ConfUtils.java:logGet(43)) - raft.server.snapshot.retention.file.num = 5 (custom)
2019-10-06 15:22:11,861 [pool-159-thread-1] INFO  server.RaftServerConfigKeys (ConfUtils.java:logGet(43)) - raft.server.retrycache.expirytime = 600000ms (custom)
2019-10-06 15:22:11,863 [pool-159-thread-1] INFO  impl.RaftServerImpl (RaftServerImpl.java:start(181)) - 07a43e08-05b1-4f1b-8daa-ac2d25af9eb9@group-9FEC1A89F607: start as a follower, conf=-1: [07a43e08-05b1-4f1b-8daa-ac2d25af9eb9:192.168.30.23:38860], old=null
2019-10-06 15:22:11,863 [pool-159-thread-1] INFO  impl.RaftServerImpl (RaftServerImpl.java:setRole(170)) - 07a43e08-05b1-4f1b-8daa-ac2d25af9eb9@group-9FEC1A89F607: changes role from      null to FOLLOWER at term 0 for startAsFollower
2019-10-06 15:22:11,863 [pool-159-thread-1] INFO  impl.RoleInfo (RoleInfo.java:updateAndGet(143)) - 07a43e08-05b1-4f1b-8daa-ac2d25af9eb9: start FollowerState
2019-10-06 15:22:11,864 [pool-159-thread-1] INFO  util.JmxRegister (JmxRegister.java:tryRegister(44)) - Successfully registered JMX Bean with object name Ratis:service=RaftServer,group=group-9FEC1A89F607,id=07a43e08-05b1-4f1b-8daa-ac2d25af9eb9
2019-10-06 15:22:11,869 [RatisPipelineUtilsThread] INFO  pipeline.PipelineStateManager (PipelineStateManager.java:addPipeline(56)) - Created pipeline Pipeline[ Id: a6c14c98-d48c-457f-9e9e-9fec1a89f607, Nodes: 07a43e08-05b1-4f1b-8daa-ac2d25af9eb9{ip: 192.168.30.23, host: ozone-build-dev-nffdx-465010684, networkLocation: /default-rack, certSerialId: null}, Type:RATIS, Factor:ONE, State:OPEN]
2019-10-06 15:22:11,878 [grpc-default-executor-0] INFO  impl.RaftServerProxy (RaftServerProxy.java:addNew(89)) - 4d76bd0b-f092-40f3-8f50-298f7e1f26ff: addNew group-29E490282F4A:[4d76bd0b-f092-40f3-8f50-298f7e1f26ff:192.168.30.23:35117] returns group-29E490282F4A:java.util.concurrent.CompletableFuture@45bf45b0[Not completed]
2019-10-06 15:22:11,883 [pool-169-thread-1] INFO  impl.RaftServerImpl (RaftServerImpl.java:<init>(95)) - 4d76bd0b-f092-40f3-8f50-298f7e1f26ff: new RaftServerImpl for group-29E490282F4A:[4d76bd0b-f092-40f3-8f50-298f7e1f26ff:192.168.30.23:35117] with ContainerStateMachine:uninitialized
2019-10-06 15:22:11,883 [pool-169-thread-1] INFO  server.RaftServerConfigKeys (ConfUtils.java:logGet(43)) - raft.server.rpc.timeout.min = 5s (custom)
2019-10-06 15:22:11,883 [pool-169-thread-1] INFO  server.RaftServerConfigKeys (ConfUtils.java:logGet(43)) - raft.server.rpc.timeout.max = 5200ms (custom)
2019-10-06 15:22:11,883 [pool-169-thread-1] INFO  server.RaftServerConfigKeys (ConfUtils.java:logGet(43)) - raft.server.rpcslowness.timeout = 120s (custom)
2019-10-06 15:22:11,883 [pool-169-thread-1] INFO  server.RaftServerConfigKeys (ConfUtils.java:logGet(43)) - raft.server.sleep.deviation.threshold = 300 (default)
2019-10-06 15:22:11,883 [pool-169-thread-1] INFO  server.RaftServerConfigKeys (ConfUtils.java:logGet(43)) - raft.server.log.appender.install.snapshot.enabled = false (custom)
2019-10-06 15:22:11,884 [pool-169-thread-1] INFO  impl.RaftServerImpl (ServerState.java:<init>(103)) - 4d76bd0b-f092-40f3-8f50-298f7e1f26ff@group-29E490282F4A: ConfigurationManager, init=-1: [4d76bd0b-f092-40f3-8f50-298f7e1f26ff:192.168.30.23:35117], old=null, confs=<EMPTY_MAP>
2019-10-06 15:22:11,884 [pool-169-thread-1] INFO  server.RaftServerConfigKeys (ConfUtils.java:logGet(43)) - raft.server.storage.dir = [/workdir/hadoop-ozone/integration-test/target/test-dir/MiniOzoneClusterImpl-75d4eebd-4d6b-4bc7-bead-2a18387fbc3f/datanode-5/data/ratis] (custom)
2019-10-06 15:22:11,884 [pool-169-thread-1] INFO  server.RaftServerConfigKeys (ConfUtils.java:logGet(43)) - raft.server.log.corruption.policy = EXCEPTION (default)
2019-10-06 15:22:11,884 [pool-169-thread-1] INFO  storage.RaftStorageDirectory (RaftStorageDirectory.java:analyzeStorage(246)) - The storage directory /workdir/hadoop-ozone/integration-test/target/test-dir/MiniOzoneClusterImpl-75d4eebd-4d6b-4bc7-bead-2a18387fbc3f/datanode-5/data/ratis/6f4771f0-fa2e-41f8-a04b-29e490282f4a does not exist. Creating ...
2019-10-06 15:22:11,896 [pool-169-thread-1] INFO  storage.RaftStorageDirectory (RaftStorageDirectory.java:tryLock(328)) - Lock on /workdir/hadoop-ozone/integration-test/target/test-dir/MiniOzoneClusterImpl-75d4eebd-4d6b-4bc7-bead-2a18387fbc3f/datanode-5/data/ratis/6f4771f0-fa2e-41f8-a04b-29e490282f4a/in_use.lock acquired by nodename 20318@ozone-build-dev-nffdx-465010684
2019-10-06 15:22:11,897 [main] INFO  ozone.MiniOzoneClusterImpl (MiniOzoneClusterImpl.java:lambda$waitForClusterToBeReady$0(147)) - Waiting for cluster to be ready. Got 6 of 7 DN Heartbeats.
2019-10-06 15:22:11,899 [IPC Server handler 0 on 45558] INFO  net.NetworkTopology (NetworkTopologyImpl.java:add(111)) - Added a new node: /default-rack/2734ae52-7268-4101-b6b0-31e579dc837c
2019-10-06 15:22:11,899 [IPC Server handler 0 on 45558] INFO  node.SCMNodeManager (SCMNodeManager.java:register(268)) - Registered Data node : 2734ae52-7268-4101-b6b0-31e579dc837c{ip: 192.168.30.23, host: ozone-build-dev-nffdx-465010684, networkLocation: /default-rack, certSerialId: null}
2019-10-06 15:22:11,909 [pool-169-thread-1] INFO  storage.RaftStorage (RaftStorage.java:format(84)) - Storage directory /workdir/hadoop-ozone/integration-test/target/test-dir/MiniOzoneClusterImpl-75d4eebd-4d6b-4bc7-bead-2a18387fbc3f/datanode-5/data/ratis/6f4771f0-fa2e-41f8-a04b-29e490282f4a has been successfully formatted.
2019-10-06 15:22:11,910 [pool-169-thread-1] INFO  ratis.ContainerStateMachine (ContainerStateMachine.java:loadSnapshot(230)) - group-29E490282F4A: The snapshot info is null. Setting the last applied indexto:(t:0, i:~)
2019-10-06 15:22:11,910 [pool-169-thread-1] INFO  server.RaftServerConfigKeys (ConfUtils.java:logGet(43)) - raft.server.notification.no-leader.timeout = 120s (custom)
2019-10-06 15:22:11,910 [pool-169-thread-1] INFO  server.RaftServerConfigKeys (ConfUtils.java:logGet(43)) - raft.server.log.use.memory = false (default)
2019-10-06 15:22:11,910 [pool-169-thread-1] INFO  server.RaftServerConfigKeys (ConfUtils.java:logGet(43)) - raft.server.log.purge.gap = 1000000 (custom)
2019-10-06 15:22:11,910 [pool-169-thread-1] INFO  server.RaftServerConfigKeys (ConfUtils.java:logGet(43)) - raft.server.log.appender.buffer.byte-limit = 33554432 (custom)
2019-10-06 15:22:11,910 [pool-169-thread-1] INFO  server.RaftServerConfigKeys (ConfUtils.java:logGet(43)) - raft.server.log.segment.size.max = 1048576 (custom)
2019-10-06 15:22:11,912 [pool-169-thread-1] INFO  server.RaftServerConfigKeys (ConfUtils.java:logGet(43)) - raft.server.log.segment.cache.num.max = 2 (custom)
2019-10-06 15:22:11,912 [pool-169-thread-1] INFO  segmented.SegmentedRaftLogWorker (SegmentedRaftLogWorker.java:<init>(173)) - new 4d76bd0b-f092-40f3-8f50-298f7e1f26ff@group-29E490282F4A-SegmentedRaftLogWorker for RaftStorage:Storage Directory /workdir/hadoop-ozone/integration-test/target/test-dir/MiniOzoneClusterImpl-75d4eebd-4d6b-4bc7-bead-2a18387fbc3f/datanode-5/data/ratis/6f4771f0-fa2e-41f8-a04b-29e490282f4a
2019-10-06 15:22:11,912 [pool-169-thread-1] INFO  server.RaftServerConfigKeys (ConfUtils.java:logGet(43)) - raft.server.log.queue.byte-limit = 2147483647 (custom)
2019-10-06 15:22:11,912 [pool-169-thread-1] INFO  server.RaftServerConfigKeys (ConfUtils.java:logGet(43)) - raft.server.log.queue.element-limit = 1024 (custom)
2019-10-06 15:22:11,912 [pool-169-thread-1] INFO  server.RaftServerConfigKeys (ConfUtils.java:logGet(43)) - raft.server.log.segment.size.max = 1048576 (custom)
2019-10-06 15:22:11,913 [pool-169-thread-1] INFO  server.RaftServerConfigKeys (ConfUtils.java:logGet(43)) - raft.server.log.preallocated.size = 16384 (custom)
2019-10-06 15:22:11,913 [pool-169-thread-1] INFO  server.RaftServerConfigKeys (ConfUtils.java:logGet(43)) - raft.server.log.write.buffer.size = 33554432 (custom)
2019-10-06 15:22:11,913 [pool-169-thread-1] INFO  server.RaftServerConfigKeys (ConfUtils.java:logGet(43)) - raft.server.log.force.sync.num = 128 (default)
2019-10-06 15:22:11,913 [pool-169-thread-1] INFO  server.RaftServerConfigKeys (ConfUtils.java:logGet(43)) - raft.server.log.statemachine.data.sync = true (default)
2019-10-06 15:22:11,913 [pool-169-thread-1] INFO  server.RaftServerConfigKeys (ConfUtils.java:logGet(43)) - raft.server.log.statemachine.data.sync.timeout = 10s (default)
2019-10-06 15:22:11,913 [pool-169-thread-1] INFO  server.RaftServerConfigKeys (ConfUtils.java:logGet(43)) - raft.server.log.statemachine.data.sync.timeout.retry = -1 (default)
2019-10-06 15:22:11,913 [pool-169-thread-1] INFO  server.RaftServerConfigKeys (ConfUtils.java:logGet(43)) - raft.server.log.statemachine.data.caching.enabled = true (custom)
2019-10-06 15:22:11,914 [pool-169-thread-1] INFO  segmented.SegmentedRaftLogWorker (SegmentedRaftLogWorker.java:lambda$new$0(128)) - 4d76bd0b-f092-40f3-8f50-298f7e1f26ff@group-29E490282F4A-SegmentedRaftLogWorker: flushIndex: setUnconditionally 0 -> -1
2019-10-06 15:22:11,914 [pool-169-thread-1] INFO  server.RaftServerConfigKeys (ConfUtils.java:logGet(43)) - raft.server.snapshot.auto.trigger.enabled = true (custom)
2019-10-06 15:22:11,914 [pool-169-thread-1] INFO  server.RaftServerConfigKeys (ConfUtils.java:logGet(43)) - raft.server.snapshot.auto.trigger.threshold = 10000 (custom)
2019-10-06 15:22:11,914 [pool-169-thread-1] INFO  server.RaftServerConfigKeys (ConfUtils.java:logGet(43)) - raft.server.snapshot.retention.file.num = 5 (custom)
2019-10-06 15:22:11,914 [pool-169-thread-1] INFO  server.RaftServerConfigKeys (ConfUtils.java:logGet(43)) - raft.server.retrycache.expirytime = 600000ms (custom)
2019-10-06 15:22:11,916 [pool-169-thread-1] INFO  impl.RaftServerImpl (RaftServerImpl.java:start(181)) - 4d76bd0b-f092-40f3-8f50-298f7e1f26ff@group-29E490282F4A: start as a follower, conf=-1: [4d76bd0b-f092-40f3-8f50-298f7e1f26ff:192.168.30.23:35117], old=null
2019-10-06 15:22:11,916 [pool-169-thread-1] INFO  impl.RaftServerImpl (RaftServerImpl.java:setRole(170)) - 4d76bd0b-f092-40f3-8f50-298f7e1f26ff@group-29E490282F4A: changes role from      null to FOLLOWER at term 0 for startAsFollower
2019-10-06 15:22:11,916 [pool-169-thread-1] INFO  impl.RoleInfo (RoleInfo.java:updateAndGet(143)) - 4d76bd0b-f092-40f3-8f50-298f7e1f26ff: start FollowerState
2019-10-06 15:22:11,917 [pool-169-thread-1] INFO  util.JmxRegister (JmxRegister.java:tryRegister(44)) - Successfully registered JMX Bean with object name Ratis:service=RaftServer,group=group-29E490282F4A,id=4d76bd0b-f092-40f3-8f50-298f7e1f26ff
2019-10-06 15:22:11,921 [RatisPipelineUtilsThread] INFO  pipeline.PipelineStateManager (PipelineStateManager.java:addPipeline(56)) - Created pipeline Pipeline[ Id: 6f4771f0-fa2e-41f8-a04b-29e490282f4a, Nodes: 4d76bd0b-f092-40f3-8f50-298f7e1f26ff{ip: 192.168.30.23, host: ozone-build-dev-nffdx-465010684, networkLocation: /default-rack, certSerialId: null}, Type:RATIS, Factor:ONE, State:OPEN]
2019-10-06 15:22:11,941 [grpc-default-executor-0] INFO  impl.RaftServerProxy (RaftServerProxy.java:addNew(89)) - 2734ae52-7268-4101-b6b0-31e579dc837c: addNew group-2FFB8C404AA1:[2734ae52-7268-4101-b6b0-31e579dc837c:192.168.30.23:39515] returns group-2FFB8C404AA1:java.util.concurrent.CompletableFuture@6902fdb8[Not completed]
2019-10-06 15:22:11,946 [pool-179-thread-1] INFO  impl.RaftServerImpl (RaftServerImpl.java:<init>(95)) - 2734ae52-7268-4101-b6b0-31e579dc837c: new RaftServerImpl for group-2FFB8C404AA1:[2734ae52-7268-4101-b6b0-31e579dc837c:192.168.30.23:39515] with ContainerStateMachine:uninitialized
2019-10-06 15:22:11,947 [pool-179-thread-1] INFO  server.RaftServerConfigKeys (ConfUtils.java:logGet(43)) - raft.server.rpc.timeout.min = 5s (custom)
2019-10-06 15:22:11,947 [pool-179-thread-1] INFO  server.RaftServerConfigKeys (ConfUtils.java:logGet(43)) - raft.server.rpc.timeout.max = 5200ms (custom)
2019-10-06 15:22:11,947 [pool-179-thread-1] INFO  server.RaftServerConfigKeys (ConfUtils.java:logGet(43)) - raft.server.rpcslowness.timeout = 120s (custom)
2019-10-06 15:22:11,947 [pool-179-thread-1] INFO  server.RaftServerConfigKeys (ConfUtils.java:logGet(43)) - raft.server.sleep.deviation.threshold = 300 (default)
2019-10-06 15:22:11,947 [pool-179-thread-1] INFO  server.RaftServerConfigKeys (ConfUtils.java:logGet(43)) - raft.server.log.appender.install.snapshot.enabled = false (custom)
2019-10-06 15:22:11,947 [pool-179-thread-1] INFO  impl.RaftServerImpl (ServerState.java:<init>(103)) - 2734ae52-7268-4101-b6b0-31e579dc837c@group-2FFB8C404AA1: ConfigurationManager, init=-1: [2734ae52-7268-4101-b6b0-31e579dc837c:192.168.30.23:39515], old=null, confs=<EMPTY_MAP>
2019-10-06 15:22:11,947 [pool-179-thread-1] INFO  server.RaftServerConfigKeys (ConfUtils.java:logGet(43)) - raft.server.storage.dir = [/workdir/hadoop-ozone/integration-test/target/test-dir/MiniOzoneClusterImpl-75d4eebd-4d6b-4bc7-bead-2a18387fbc3f/datanode-6/data/ratis] (custom)
2019-10-06 15:22:11,947 [pool-179-thread-1] INFO  server.RaftServerConfigKeys (ConfUtils.java:logGet(43)) - raft.server.log.corruption.policy = EXCEPTION (default)
2019-10-06 15:22:11,948 [pool-179-thread-1] INFO  storage.RaftStorageDirectory (RaftStorageDirectory.java:analyzeStorage(246)) - The storage directory /workdir/hadoop-ozone/integration-test/target/test-dir/MiniOzoneClusterImpl-75d4eebd-4d6b-4bc7-bead-2a18387fbc3f/datanode-6/data/ratis/d91161b5-ee18-4250-b580-2ffb8c404aa1 does not exist. Creating ...
2019-10-06 15:22:11,960 [pool-179-thread-1] INFO  storage.RaftStorageDirectory (RaftStorageDirectory.java:tryLock(328)) - Lock on /workdir/hadoop-ozone/integration-test/target/test-dir/MiniOzoneClusterImpl-75d4eebd-4d6b-4bc7-bead-2a18387fbc3f/datanode-6/data/ratis/d91161b5-ee18-4250-b580-2ffb8c404aa1/in_use.lock acquired by nodename 20318@ozone-build-dev-nffdx-465010684
2019-10-06 15:22:11,973 [pool-179-thread-1] INFO  storage.RaftStorage (RaftStorage.java:format(84)) - Storage directory /workdir/hadoop-ozone/integration-test/target/test-dir/MiniOzoneClusterImpl-75d4eebd-4d6b-4bc7-bead-2a18387fbc3f/datanode-6/data/ratis/d91161b5-ee18-4250-b580-2ffb8c404aa1 has been successfully formatted.
2019-10-06 15:22:11,974 [pool-179-thread-1] INFO  ratis.ContainerStateMachine (ContainerStateMachine.java:loadSnapshot(230)) - group-2FFB8C404AA1: The snapshot info is null. Setting the last applied indexto:(t:0, i:~)
2019-10-06 15:22:11,974 [pool-179-thread-1] INFO  server.RaftServerConfigKeys (ConfUtils.java:logGet(43)) - raft.server.notification.no-leader.timeout = 120s (custom)
2019-10-06 15:22:11,974 [pool-179-thread-1] INFO  server.RaftServerConfigKeys (ConfUtils.java:logGet(43)) - raft.server.log.use.memory = false (default)
2019-10-06 15:22:11,974 [pool-179-thread-1] INFO  server.RaftServerConfigKeys (ConfUtils.java:logGet(43)) - raft.server.log.purge.gap = 1000000 (custom)
2019-10-06 15:22:11,974 [pool-179-thread-1] INFO  server.RaftServerConfigKeys (ConfUtils.java:logGet(43)) - raft.server.log.appender.buffer.byte-limit = 33554432 (custom)
2019-10-06 15:22:11,974 [pool-179-thread-1] INFO  server.RaftServerConfigKeys (ConfUtils.java:logGet(43)) - raft.server.log.segment.size.max = 1048576 (custom)
2019-10-06 15:22:11,976 [pool-179-thread-1] INFO  server.RaftServerConfigKeys (ConfUtils.java:logGet(43)) - raft.server.log.segment.cache.num.max = 2 (custom)
2019-10-06 15:22:11,976 [pool-179-thread-1] INFO  segmented.SegmentedRaftLogWorker (SegmentedRaftLogWorker.java:<init>(173)) - new 2734ae52-7268-4101-b6b0-31e579dc837c@group-2FFB8C404AA1-SegmentedRaftLogWorker for RaftStorage:Storage Directory /workdir/hadoop-ozone/integration-test/target/test-dir/MiniOzoneClusterImpl-75d4eebd-4d6b-4bc7-bead-2a18387fbc3f/datanode-6/data/ratis/d91161b5-ee18-4250-b580-2ffb8c404aa1
2019-10-06 15:22:11,976 [pool-179-thread-1] INFO  server.RaftServerConfigKeys (ConfUtils.java:logGet(43)) - raft.server.log.queue.byte-limit = 2147483647 (custom)
2019-10-06 15:22:11,976 [pool-179-thread-1] INFO  server.RaftServerConfigKeys (ConfUtils.java:logGet(43)) - raft.server.log.queue.element-limit = 1024 (custom)
2019-10-06 15:22:11,976 [pool-179-thread-1] INFO  server.RaftServerConfigKeys (ConfUtils.java:logGet(43)) - raft.server.log.segment.size.max = 1048576 (custom)
2019-10-06 15:22:11,977 [pool-179-thread-1] INFO  server.RaftServerConfigKeys (ConfUtils.java:logGet(43)) - raft.server.log.preallocated.size = 16384 (custom)
2019-10-06 15:22:11,977 [pool-179-thread-1] INFO  server.RaftServerConfigKeys (ConfUtils.java:logGet(43)) - raft.server.log.write.buffer.size = 33554432 (custom)
2019-10-06 15:22:11,977 [pool-179-thread-1] INFO  server.RaftServerConfigKeys (ConfUtils.java:logGet(43)) - raft.server.log.force.sync.num = 128 (default)
2019-10-06 15:22:11,977 [pool-179-thread-1] INFO  server.RaftServerConfigKeys (ConfUtils.java:logGet(43)) - raft.server.log.statemachine.data.sync = true (default)
2019-10-06 15:22:11,977 [pool-179-thread-1] INFO  server.RaftServerConfigKeys (ConfUtils.java:logGet(43)) - raft.server.log.statemachine.data.sync.timeout = 10s (default)
2019-10-06 15:22:11,977 [pool-179-thread-1] INFO  server.RaftServerConfigKeys (ConfUtils.java:logGet(43)) - raft.server.log.statemachine.data.sync.timeout.retry = -1 (default)
2019-10-06 15:22:11,978 [pool-179-thread-1] INFO  server.RaftServerConfigKeys (ConfUtils.java:logGet(43)) - raft.server.log.statemachine.data.caching.enabled = true (custom)
2019-10-06 15:22:11,978 [pool-179-thread-1] INFO  segmented.SegmentedRaftLogWorker (SegmentedRaftLogWorker.java:lambda$new$0(128)) - 2734ae52-7268-4101-b6b0-31e579dc837c@group-2FFB8C404AA1-SegmentedRaftLogWorker: flushIndex: setUnconditionally 0 -> -1
2019-10-06 15:22:11,978 [pool-179-thread-1] INFO  server.RaftServerConfigKeys (ConfUtils.java:logGet(43)) - raft.server.snapshot.auto.trigger.enabled = true (custom)
2019-10-06 15:22:11,978 [pool-179-thread-1] INFO  server.RaftServerConfigKeys (ConfUtils.java:logGet(43)) - raft.server.snapshot.auto.trigger.threshold = 10000 (custom)
2019-10-06 15:22:11,978 [pool-179-thread-1] INFO  server.RaftServerConfigKeys (ConfUtils.java:logGet(43)) - raft.server.snapshot.retention.file.num = 5 (custom)
2019-10-06 15:22:11,978 [pool-179-thread-1] INFO  server.RaftServerConfigKeys (ConfUtils.java:logGet(43)) - raft.server.retrycache.expirytime = 600000ms (custom)
2019-10-06 15:22:11,980 [pool-179-thread-1] INFO  impl.RaftServerImpl (RaftServerImpl.java:start(181)) - 2734ae52-7268-4101-b6b0-31e579dc837c@group-2FFB8C404AA1: start as a follower, conf=-1: [2734ae52-7268-4101-b6b0-31e579dc837c:192.168.30.23:39515], old=null
2019-10-06 15:22:11,980 [pool-179-thread-1] INFO  impl.RaftServerImpl (RaftServerImpl.java:setRole(170)) - 2734ae52-7268-4101-b6b0-31e579dc837c@group-2FFB8C404AA1: changes role from      null to FOLLOWER at term 0 for startAsFollower
2019-10-06 15:22:11,980 [pool-179-thread-1] INFO  impl.RoleInfo (RoleInfo.java:updateAndGet(143)) - 2734ae52-7268-4101-b6b0-31e579dc837c: start FollowerState
2019-10-06 15:22:11,981 [pool-179-thread-1] INFO  util.JmxRegister (JmxRegister.java:tryRegister(44)) - Successfully registered JMX Bean with object name Ratis:service=RaftServer,group=group-2FFB8C404AA1,id=2734ae52-7268-4101-b6b0-31e579dc837c
2019-10-06 15:22:11,985 [RatisPipelineUtilsThread] INFO  pipeline.PipelineStateManager (PipelineStateManager.java:addPipeline(56)) - Created pipeline Pipeline[ Id: d91161b5-ee18-4250-b580-2ffb8c404aa1, Nodes: 2734ae52-7268-4101-b6b0-31e579dc837c{ip: 192.168.30.23, host: ozone-build-dev-nffdx-465010684, networkLocation: /default-rack, certSerialId: null}, Type:RATIS, Factor:ONE, State:OPEN]
2019-10-06 15:22:11,998 [grpc-default-executor-4] INFO  impl.RaftServerProxy (RaftServerProxy.java:addNew(89)) - 4d76bd0b-f092-40f3-8f50-298f7e1f26ff: addNew group-D52A03C738BD:[1f7023bb-b481-481c-bd59-2650549f2a3a:192.168.30.23:38498, 4d76bd0b-f092-40f3-8f50-298f7e1f26ff:192.168.30.23:35117, 07a43e08-05b1-4f1b-8daa-ac2d25af9eb9:192.168.30.23:38860] returns group-D52A03C738BD:java.util.concurrent.CompletableFuture@daf033a[Not completed]
2019-10-06 15:22:11,998 [grpc-default-executor-1] INFO  impl.RaftServerProxy (RaftServerProxy.java:addNew(89)) - 07a43e08-05b1-4f1b-8daa-ac2d25af9eb9: addNew group-D52A03C738BD:[1f7023bb-b481-481c-bd59-2650549f2a3a:192.168.30.23:38498, 4d76bd0b-f092-40f3-8f50-298f7e1f26ff:192.168.30.23:35117, 07a43e08-05b1-4f1b-8daa-ac2d25af9eb9:192.168.30.23:38860] returns group-D52A03C738BD:java.util.concurrent.CompletableFuture@5b012979[Not completed]
2019-10-06 15:22:11,999 [grpc-default-executor-0] INFO  impl.RaftServerProxy (RaftServerProxy.java:addNew(89)) - 1f7023bb-b481-481c-bd59-2650549f2a3a: addNew group-D52A03C738BD:[1f7023bb-b481-481c-bd59-2650549f2a3a:192.168.30.23:38498, 4d76bd0b-f092-40f3-8f50-298f7e1f26ff:192.168.30.23:35117, 07a43e08-05b1-4f1b-8daa-ac2d25af9eb9:192.168.30.23:38860] returns group-D52A03C738BD:java.util.concurrent.CompletableFuture@7dbe6fe2[Not completed]
2019-10-06 15:22:12,000 [pool-169-thread-1] INFO  impl.RaftServerImpl (RaftServerImpl.java:<init>(95)) - 4d76bd0b-f092-40f3-8f50-298f7e1f26ff: new RaftServerImpl for group-D52A03C738BD:[1f7023bb-b481-481c-bd59-2650549f2a3a:192.168.30.23:38498, 4d76bd0b-f092-40f3-8f50-298f7e1f26ff:192.168.30.23:35117, 07a43e08-05b1-4f1b-8daa-ac2d25af9eb9:192.168.30.23:38860] with ContainerStateMachine:uninitialized
2019-10-06 15:22:12,000 [pool-169-thread-1] INFO  server.RaftServerConfigKeys (ConfUtils.java:logGet(43)) - raft.server.rpc.timeout.min = 5s (custom)
2019-10-06 15:22:12,000 [pool-169-thread-1] INFO  server.RaftServerConfigKeys (ConfUtils.java:logGet(43)) - raft.server.rpc.timeout.max = 5200ms (custom)
2019-10-06 15:22:12,001 [pool-169-thread-1] INFO  server.RaftServerConfigKeys (ConfUtils.java:logGet(43)) - raft.server.rpcslowness.timeout = 120s (custom)
2019-10-06 15:22:12,001 [pool-149-thread-1] INFO  impl.RaftServerImpl (RaftServerImpl.java:<init>(95)) - 1f7023bb-b481-481c-bd59-2650549f2a3a: new RaftServerImpl for group-D52A03C738BD:[1f7023bb-b481-481c-bd59-2650549f2a3a:192.168.30.23:38498, 4d76bd0b-f092-40f3-8f50-298f7e1f26ff:192.168.30.23:35117, 07a43e08-05b1-4f1b-8daa-ac2d25af9eb9:192.168.30.23:38860] with ContainerStateMachine:uninitialized
2019-10-06 15:22:12,001 [pool-169-thread-1] INFO  server.RaftServerConfigKeys (ConfUtils.java:logGet(43)) - raft.server.sleep.deviation.threshold = 300 (default)
2019-10-06 15:22:12,001 [pool-159-thread-1] INFO  impl.RaftServerImpl (RaftServerImpl.java:<init>(95)) - 07a43e08-05b1-4f1b-8daa-ac2d25af9eb9: new RaftServerImpl for group-D52A03C738BD:[1f7023bb-b481-481c-bd59-2650549f2a3a:192.168.30.23:38498, 4d76bd0b-f092-40f3-8f50-298f7e1f26ff:192.168.30.23:35117, 07a43e08-05b1-4f1b-8daa-ac2d25af9eb9:192.168.30.23:38860] with ContainerStateMachine:uninitialized
2019-10-06 15:22:12,001 [pool-149-thread-1] INFO  server.RaftServerConfigKeys (ConfUtils.java:logGet(43)) - raft.server.rpc.timeout.min = 5s (custom)
2019-10-06 15:22:12,001 [pool-159-thread-1] INFO  server.RaftServerConfigKeys (ConfUtils.java:logGet(43)) - raft.server.rpc.timeout.min = 5s (custom)
2019-10-06 15:22:12,001 [pool-169-thread-1] INFO  server.RaftServerConfigKeys (ConfUtils.java:logGet(43)) - raft.server.log.appender.install.snapshot.enabled = false (custom)
2019-10-06 15:22:12,002 [pool-159-thread-1] INFO  server.RaftServerConfigKeys (ConfUtils.java:logGet(43)) - raft.server.rpc.timeout.max = 5200ms (custom)
2019-10-06 15:22:12,002 [pool-149-thread-1] INFO  server.RaftServerConfigKeys (ConfUtils.java:logGet(43)) - raft.server.rpc.timeout.max = 5200ms (custom)
2019-10-06 15:22:12,002 [pool-159-thread-1] INFO  server.RaftServerConfigKeys (ConfUtils.java:logGet(43)) - raft.server.rpcslowness.timeout = 120s (custom)
2019-10-06 15:22:12,002 [pool-169-thread-1] INFO  impl.RaftServerImpl (ServerState.java:<init>(103)) - 4d76bd0b-f092-40f3-8f50-298f7e1f26ff@group-D52A03C738BD: ConfigurationManager, init=-1: [1f7023bb-b481-481c-bd59-2650549f2a3a:192.168.30.23:38498, 4d76bd0b-f092-40f3-8f50-298f7e1f26ff:192.168.30.23:35117, 07a43e08-05b1-4f1b-8daa-ac2d25af9eb9:192.168.30.23:38860], old=null, confs=<EMPTY_MAP>
2019-10-06 15:22:12,002 [pool-159-thread-1] INFO  server.RaftServerConfigKeys (ConfUtils.java:logGet(43)) - raft.server.sleep.deviation.threshold = 300 (default)
2019-10-06 15:22:12,002 [pool-149-thread-1] INFO  server.RaftServerConfigKeys (ConfUtils.java:logGet(43)) - raft.server.rpcslowness.timeout = 120s (custom)
2019-10-06 15:22:12,002 [pool-169-thread-1] INFO  server.RaftServerConfigKeys (ConfUtils.java:logGet(43)) - raft.server.storage.dir = [/workdir/hadoop-ozone/integration-test/target/test-dir/MiniOzoneClusterImpl-75d4eebd-4d6b-4bc7-bead-2a18387fbc3f/datanode-5/data/ratis] (custom)
2019-10-06 15:22:12,002 [pool-159-thread-1] INFO  server.RaftServerConfigKeys (ConfUtils.java:logGet(43)) - raft.server.log.appender.install.snapshot.enabled = false (custom)
2019-10-06 15:22:12,002 [pool-149-thread-1] INFO  server.RaftServerConfigKeys (ConfUtils.java:logGet(43)) - raft.server.sleep.deviation.threshold = 300 (default)
2019-10-06 15:22:12,003 [pool-159-thread-1] INFO  impl.RaftServerImpl (ServerState.java:<init>(103)) - 07a43e08-05b1-4f1b-8daa-ac2d25af9eb9@group-D52A03C738BD: ConfigurationManager, init=-1: [1f7023bb-b481-481c-bd59-2650549f2a3a:192.168.30.23:38498, 4d76bd0b-f092-40f3-8f50-298f7e1f26ff:192.168.30.23:35117, 07a43e08-05b1-4f1b-8daa-ac2d25af9eb9:192.168.30.23:38860], old=null, confs=<EMPTY_MAP>
2019-10-06 15:22:12,003 [pool-169-thread-1] INFO  server.RaftServerConfigKeys (ConfUtils.java:logGet(43)) - raft.server.log.corruption.policy = EXCEPTION (default)
2019-10-06 15:22:12,003 [pool-149-thread-1] INFO  server.RaftServerConfigKeys (ConfUtils.java:logGet(43)) - raft.server.log.appender.install.snapshot.enabled = false (custom)
2019-10-06 15:22:12,003 [pool-159-thread-1] INFO  server.RaftServerConfigKeys (ConfUtils.java:logGet(43)) - raft.server.storage.dir = [/workdir/hadoop-ozone/integration-test/target/test-dir/MiniOzoneClusterImpl-75d4eebd-4d6b-4bc7-bead-2a18387fbc3f/datanode-4/data/ratis] (custom)
2019-10-06 15:22:12,003 [pool-149-thread-1] INFO  impl.RaftServerImpl (ServerState.java:<init>(103)) - 1f7023bb-b481-481c-bd59-2650549f2a3a@group-D52A03C738BD: ConfigurationManager, init=-1: [1f7023bb-b481-481c-bd59-2650549f2a3a:192.168.30.23:38498, 4d76bd0b-f092-40f3-8f50-298f7e1f26ff:192.168.30.23:35117, 07a43e08-05b1-4f1b-8daa-ac2d25af9eb9:192.168.30.23:38860], old=null, confs=<EMPTY_MAP>
2019-10-06 15:22:12,003 [pool-169-thread-1] INFO  storage.RaftStorageDirectory (RaftStorageDirectory.java:analyzeStorage(246)) - The storage directory /workdir/hadoop-ozone/integration-test/target/test-dir/MiniOzoneClusterImpl-75d4eebd-4d6b-4bc7-bead-2a18387fbc3f/datanode-5/data/ratis/b33d5e36-bed4-451e-8629-d52a03c738bd does not exist. Creating ...
2019-10-06 15:22:12,003 [pool-149-thread-1] INFO  server.RaftServerConfigKeys (ConfUtils.java:logGet(43)) - raft.server.storage.dir = [/workdir/hadoop-ozone/integration-test/target/test-dir/MiniOzoneClusterImpl-75d4eebd-4d6b-4bc7-bead-2a18387fbc3f/datanode-3/data/ratis] (custom)
2019-10-06 15:22:12,003 [pool-159-thread-1] INFO  server.RaftServerConfigKeys (ConfUtils.java:logGet(43)) - raft.server.log.corruption.policy = EXCEPTION (default)
2019-10-06 15:22:12,004 [pool-149-thread-1] INFO  server.RaftServerConfigKeys (ConfUtils.java:logGet(43)) - raft.server.log.corruption.policy = EXCEPTION (default)
2019-10-06 15:22:12,004 [pool-159-thread-1] INFO  storage.RaftStorageDirectory (RaftStorageDirectory.java:analyzeStorage(246)) - The storage directory /workdir/hadoop-ozone/integration-test/target/test-dir/MiniOzoneClusterImpl-75d4eebd-4d6b-4bc7-bead-2a18387fbc3f/datanode-4/data/ratis/b33d5e36-bed4-451e-8629-d52a03c738bd does not exist. Creating ...
2019-10-06 15:22:12,004 [pool-149-thread-1] INFO  storage.RaftStorageDirectory (RaftStorageDirectory.java:analyzeStorage(246)) - The storage directory /workdir/hadoop-ozone/integration-test/target/test-dir/MiniOzoneClusterImpl-75d4eebd-4d6b-4bc7-bead-2a18387fbc3f/datanode-3/data/ratis/b33d5e36-bed4-451e-8629-d52a03c738bd does not exist. Creating ...
2019-10-06 15:22:12,017 [pool-159-thread-1] INFO  storage.RaftStorageDirectory (RaftStorageDirectory.java:tryLock(328)) - Lock on /workdir/hadoop-ozone/integration-test/target/test-dir/MiniOzoneClusterImpl-75d4eebd-4d6b-4bc7-bead-2a18387fbc3f/datanode-4/data/ratis/b33d5e36-bed4-451e-8629-d52a03c738bd/in_use.lock acquired by nodename 20318@ozone-build-dev-nffdx-465010684
2019-10-06 15:22:12,017 [pool-169-thread-1] INFO  storage.RaftStorageDirectory (RaftStorageDirectory.java:tryLock(328)) - Lock on /workdir/hadoop-ozone/integration-test/target/test-dir/MiniOzoneClusterImpl-75d4eebd-4d6b-4bc7-bead-2a18387fbc3f/datanode-5/data/ratis/b33d5e36-bed4-451e-8629-d52a03c738bd/in_use.lock acquired by nodename 20318@ozone-build-dev-nffdx-465010684
2019-10-06 15:22:12,017 [pool-149-thread-1] INFO  storage.RaftStorageDirectory (RaftStorageDirectory.java:tryLock(328)) - Lock on /workdir/hadoop-ozone/integration-test/target/test-dir/MiniOzoneClusterImpl-75d4eebd-4d6b-4bc7-bead-2a18387fbc3f/datanode-3/data/ratis/b33d5e36-bed4-451e-8629-d52a03c738bd/in_use.lock acquired by nodename 20318@ozone-build-dev-nffdx-465010684
2019-10-06 15:22:12,030 [pool-159-thread-1] INFO  storage.RaftStorage (RaftStorage.java:format(84)) - Storage directory /workdir/hadoop-ozone/integration-test/target/test-dir/MiniOzoneClusterImpl-75d4eebd-4d6b-4bc7-bead-2a18387fbc3f/datanode-4/data/ratis/b33d5e36-bed4-451e-8629-d52a03c738bd has been successfully formatted.
2019-10-06 15:22:12,030 [pool-149-thread-1] INFO  storage.RaftStorage (RaftStorage.java:format(84)) - Storage directory /workdir/hadoop-ozone/integration-test/target/test-dir/MiniOzoneClusterImpl-75d4eebd-4d6b-4bc7-bead-2a18387fbc3f/datanode-3/data/ratis/b33d5e36-bed4-451e-8629-d52a03c738bd has been successfully formatted.
2019-10-06 15:22:12,030 [pool-169-thread-1] INFO  storage.RaftStorage (RaftStorage.java:format(84)) - Storage directory /workdir/hadoop-ozone/integration-test/target/test-dir/MiniOzoneClusterImpl-75d4eebd-4d6b-4bc7-bead-2a18387fbc3f/datanode-5/data/ratis/b33d5e36-bed4-451e-8629-d52a03c738bd has been successfully formatted.
2019-10-06 15:22:12,031 [pool-149-thread-1] INFO  ratis.ContainerStateMachine (ContainerStateMachine.java:loadSnapshot(230)) - group-D52A03C738BD: The snapshot info is null. Setting the last applied indexto:(t:0, i:~)
2019-10-06 15:22:12,031 [pool-169-thread-1] INFO  ratis.ContainerStateMachine (ContainerStateMachine.java:loadSnapshot(230)) - group-D52A03C738BD: The snapshot info is null. Setting the last applied indexto:(t:0, i:~)
2019-10-06 15:22:12,031 [pool-159-thread-1] INFO  ratis.ContainerStateMachine (ContainerStateMachine.java:loadSnapshot(230)) - group-D52A03C738BD: The snapshot info is null. Setting the last applied indexto:(t:0, i:~)
2019-10-06 15:22:12,031 [pool-169-thread-1] INFO  server.RaftServerConfigKeys (ConfUtils.java:logGet(43)) - raft.server.notification.no-leader.timeout = 120s (custom)
2019-10-06 15:22:12,031 [pool-149-thread-1] INFO  server.RaftServerConfigKeys (ConfUtils.java:logGet(43)) - raft.server.notification.no-leader.timeout = 120s (custom)
2019-10-06 15:22:12,031 [pool-169-thread-1] INFO  server.RaftServerConfigKeys (ConfUtils.java:logGet(43)) - raft.server.log.use.memory = false (default)
2019-10-06 15:22:12,031 [pool-159-thread-1] INFO  server.RaftServerConfigKeys (ConfUtils.java:logGet(43)) - raft.server.notification.no-leader.timeout = 120s (custom)
2019-10-06 15:22:12,032 [pool-169-thread-1] INFO  server.RaftServerConfigKeys (ConfUtils.java:logGet(43)) - raft.server.log.purge.gap = 1000000 (custom)
2019-10-06 15:22:12,031 [pool-149-thread-1] INFO  server.RaftServerConfigKeys (ConfUtils.java:logGet(43)) - raft.server.log.use.memory = false (default)
2019-10-06 15:22:12,032 [pool-169-thread-1] INFO  server.RaftServerConfigKeys (ConfUtils.java:logGet(43)) - raft.server.log.appender.buffer.byte-limit = 33554432 (custom)
2019-10-06 15:22:12,032 [pool-159-thread-1] INFO  server.RaftServerConfigKeys (ConfUtils.java:logGet(43)) - raft.server.log.use.memory = false (default)
2019-10-06 15:22:12,032 [pool-169-thread-1] INFO  server.RaftServerConfigKeys (ConfUtils.java:logGet(43)) - raft.server.log.segment.size.max = 1048576 (custom)
2019-10-06 15:22:12,032 [pool-149-thread-1] INFO  server.RaftServerConfigKeys (ConfUtils.java:logGet(43)) - raft.server.log.purge.gap = 1000000 (custom)
2019-10-06 15:22:12,032 [pool-169-thread-1] INFO  server.RaftServerConfigKeys (ConfUtils.java:logGet(43)) - raft.server.log.segment.cache.num.max = 2 (custom)
2019-10-06 15:22:12,032 [pool-159-thread-1] INFO  server.RaftServerConfigKeys (ConfUtils.java:logGet(43)) - raft.server.log.purge.gap = 1000000 (custom)
2019-10-06 15:22:12,033 [pool-169-thread-1] INFO  segmented.SegmentedRaftLogWorker (SegmentedRaftLogWorker.java:<init>(173)) - new 4d76bd0b-f092-40f3-8f50-298f7e1f26ff@group-D52A03C738BD-SegmentedRaftLogWorker for RaftStorage:Storage Directory /workdir/hadoop-ozone/integration-test/target/test-dir/MiniOzoneClusterImpl-75d4eebd-4d6b-4bc7-bead-2a18387fbc3f/datanode-5/data/ratis/b33d5e36-bed4-451e-8629-d52a03c738bd
2019-10-06 15:22:12,033 [pool-149-thread-1] INFO  server.RaftServerConfigKeys (ConfUtils.java:logGet(43)) - raft.server.log.appender.buffer.byte-limit = 33554432 (custom)
2019-10-06 15:22:12,033 [pool-169-thread-1] INFO  server.RaftServerConfigKeys (ConfUtils.java:logGet(43)) - raft.server.log.queue.byte-limit = 2147483647 (custom)
2019-10-06 15:22:12,033 [pool-159-thread-1] INFO  server.RaftServerConfigKeys (ConfUtils.java:logGet(43)) - raft.server.log.appender.buffer.byte-limit = 33554432 (custom)
2019-10-06 15:22:12,033 [pool-169-thread-1] INFO  server.RaftServerConfigKeys (ConfUtils.java:logGet(43)) - raft.server.log.queue.element-limit = 1024 (custom)
2019-10-06 15:22:12,033 [pool-149-thread-1] INFO  server.RaftServerConfigKeys (ConfUtils.java:logGet(43)) - raft.server.log.segment.size.max = 1048576 (custom)
2019-10-06 15:22:12,033 [pool-169-thread-1] INFO  server.RaftServerConfigKeys (ConfUtils.java:logGet(43)) - raft.server.log.segment.size.max = 1048576 (custom)
2019-10-06 15:22:12,033 [pool-159-thread-1] INFO  server.RaftServerConfigKeys (ConfUtils.java:logGet(43)) - raft.server.log.segment.size.max = 1048576 (custom)
2019-10-06 15:22:12,034 [pool-169-thread-1] INFO  server.RaftServerConfigKeys (ConfUtils.java:logGet(43)) - raft.server.log.preallocated.size = 16384 (custom)
2019-10-06 15:22:12,034 [pool-149-thread-1] INFO  server.RaftServerConfigKeys (ConfUtils.java:logGet(43)) - raft.server.log.segment.cache.num.max = 2 (custom)
2019-10-06 15:22:12,034 [pool-169-thread-1] INFO  server.RaftServerConfigKeys (ConfUtils.java:logGet(43)) - raft.server.log.write.buffer.size = 33554432 (custom)
2019-10-06 15:22:12,034 [pool-169-thread-1] INFO  server.RaftServerConfigKeys (ConfUtils.java:logGet(43)) - raft.server.log.force.sync.num = 128 (default)
2019-10-06 15:22:12,034 [pool-159-thread-1] INFO  server.RaftServerConfigKeys (ConfUtils.java:logGet(43)) - raft.server.log.segment.cache.num.max = 2 (custom)
2019-10-06 15:22:12,034 [pool-169-thread-1] INFO  server.RaftServerConfigKeys (ConfUtils.java:logGet(43)) - raft.server.log.statemachine.data.sync = true (default)
2019-10-06 15:22:12,034 [pool-149-thread-1] INFO  segmented.SegmentedRaftLogWorker (SegmentedRaftLogWorker.java:<init>(173)) - new 1f7023bb-b481-481c-bd59-2650549f2a3a@group-D52A03C738BD-SegmentedRaftLogWorker for RaftStorage:Storage Directory /workdir/hadoop-ozone/integration-test/target/test-dir/MiniOzoneClusterImpl-75d4eebd-4d6b-4bc7-bead-2a18387fbc3f/datanode-3/data/ratis/b33d5e36-bed4-451e-8629-d52a03c738bd
2019-10-06 15:22:12,035 [pool-169-thread-1] INFO  server.RaftServerConfigKeys (ConfUtils.java:logGet(43)) - raft.server.log.statemachine.data.sync.timeout = 10s (default)
2019-10-06 15:22:12,034 [pool-159-thread-1] INFO  segmented.SegmentedRaftLogWorker (SegmentedRaftLogWorker.java:<init>(173)) - new 07a43e08-05b1-4f1b-8daa-ac2d25af9eb9@group-D52A03C738BD-SegmentedRaftLogWorker for RaftStorage:Storage Directory /workdir/hadoop-ozone/integration-test/target/test-dir/MiniOzoneClusterImpl-75d4eebd-4d6b-4bc7-bead-2a18387fbc3f/datanode-4/data/ratis/b33d5e36-bed4-451e-8629-d52a03c738bd
2019-10-06 15:22:12,035 [pool-169-thread-1] INFO  server.RaftServerConfigKeys (ConfUtils.java:logGet(43)) - raft.server.log.statemachine.data.sync.timeout.retry = -1 (default)
2019-10-06 15:22:12,035 [pool-149-thread-1] INFO  server.RaftServerConfigKeys (ConfUtils.java:logGet(43)) - raft.server.log.queue.byte-limit = 2147483647 (custom)
2019-10-06 15:22:12,035 [pool-169-thread-1] INFO  server.RaftServerConfigKeys (ConfUtils.java:logGet(43)) - raft.server.log.statemachine.data.caching.enabled = true (custom)
2019-10-06 15:22:12,035 [pool-149-thread-1] INFO  server.RaftServerConfigKeys (ConfUtils.java:logGet(43)) - raft.server.log.queue.element-limit = 1024 (custom)
2019-10-06 15:22:12,035 [pool-159-thread-1] INFO  server.RaftServerConfigKeys (ConfUtils.java:logGet(43)) - raft.server.log.queue.byte-limit = 2147483647 (custom)
2019-10-06 15:22:12,036 [pool-149-thread-1] INFO  server.RaftServerConfigKeys (ConfUtils.java:logGet(43)) - raft.server.log.segment.size.max = 1048576 (custom)
2019-10-06 15:22:12,036 [pool-169-thread-1] INFO  segmented.SegmentedRaftLogWorker (SegmentedRaftLogWorker.java:lambda$new$0(128)) - 4d76bd0b-f092-40f3-8f50-298f7e1f26ff@group-D52A03C738BD-SegmentedRaftLogWorker: flushIndex: setUnconditionally 0 -> -1
2019-10-06 15:22:12,036 [pool-149-thread-1] INFO  server.RaftServerConfigKeys (ConfUtils.java:logGet(43)) - raft.server.log.preallocated.size = 16384 (custom)
2019-10-06 15:22:12,036 [pool-159-thread-1] INFO  server.RaftServerConfigKeys (ConfUtils.java:logGet(43)) - raft.server.log.queue.element-limit = 1024 (custom)
2019-10-06 15:22:12,036 [pool-169-thread-1] INFO  server.RaftServerConfigKeys (ConfUtils.java:logGet(43)) - raft.server.snapshot.auto.trigger.enabled = true (custom)
2019-10-06 15:22:12,036 [pool-149-thread-1] INFO  server.RaftServerConfigKeys (ConfUtils.java:logGet(43)) - raft.server.log.write.buffer.size = 33554432 (custom)
2019-10-06 15:22:12,036 [pool-169-thread-1] INFO  server.RaftServerConfigKeys (ConfUtils.java:logGet(43)) - raft.server.snapshot.auto.trigger.threshold = 10000 (custom)
2019-10-06 15:22:12,036 [pool-159-thread-1] INFO  server.RaftServerConfigKeys (ConfUtils.java:logGet(43)) - raft.server.log.segment.size.max = 1048576 (custom)
2019-10-06 15:22:12,037 [pool-169-thread-1] INFO  server.RaftServerConfigKeys (ConfUtils.java:logGet(43)) - raft.server.snapshot.retention.file.num = 5 (custom)
2019-10-06 15:22:12,037 [pool-149-thread-1] INFO  server.RaftServerConfigKeys (ConfUtils.java:logGet(43)) - raft.server.log.force.sync.num = 128 (default)
2019-10-06 15:22:12,037 [pool-169-thread-1] INFO  server.RaftServerConfigKeys (ConfUtils.java:logGet(43)) - raft.server.retrycache.expirytime = 600000ms (custom)
2019-10-06 15:22:12,037 [pool-159-thread-1] INFO  server.RaftServerConfigKeys (ConfUtils.java:logGet(43)) - raft.server.log.preallocated.size = 16384 (custom)
2019-10-06 15:22:12,037 [pool-149-thread-1] INFO  server.RaftServerConfigKeys (ConfUtils.java:logGet(43)) - raft.server.log.statemachine.data.sync = true (default)
2019-10-06 15:22:12,037 [pool-159-thread-1] INFO  server.RaftServerConfigKeys (ConfUtils.java:logGet(43)) - raft.server.log.write.buffer.size = 33554432 (custom)
2019-10-06 15:22:12,038 [pool-149-thread-1] INFO  server.RaftServerConfigKeys (ConfUtils.java:logGet(43)) - raft.server.log.statemachine.data.sync.timeout = 10s (default)
2019-10-06 15:22:12,038 [pool-159-thread-1] INFO  server.RaftServerConfigKeys (ConfUtils.java:logGet(43)) - raft.server.log.force.sync.num = 128 (default)
2019-10-06 15:22:12,038 [pool-149-thread-1] INFO  server.RaftServerConfigKeys (ConfUtils.java:logGet(43)) - raft.server.log.statemachine.data.sync.timeout.retry = -1 (default)
2019-10-06 15:22:12,038 [pool-159-thread-1] INFO  server.RaftServerConfigKeys (ConfUtils.java:logGet(43)) - raft.server.log.statemachine.data.sync = true (default)
2019-10-06 15:22:12,038 [pool-159-thread-1] INFO  server.RaftServerConfigKeys (ConfUtils.java:logGet(43)) - raft.server.log.statemachine.data.sync.timeout = 10s (default)
2019-10-06 15:22:12,038 [pool-149-thread-1] INFO  server.RaftServerConfigKeys (ConfUtils.java:logGet(43)) - raft.server.log.statemachine.data.caching.enabled = true (custom)
2019-10-06 15:22:12,038 [pool-159-thread-1] INFO  server.RaftServerConfigKeys (ConfUtils.java:logGet(43)) - raft.server.log.statemachine.data.sync.timeout.retry = -1 (default)
2019-10-06 15:22:12,038 [pool-159-thread-1] INFO  server.RaftServerConfigKeys (ConfUtils.java:logGet(43)) - raft.server.log.statemachine.data.caching.enabled = true (custom)
2019-10-06 15:22:12,039 [pool-149-thread-1] INFO  segmented.SegmentedRaftLogWorker (SegmentedRaftLogWorker.java:lambda$new$0(128)) - 1f7023bb-b481-481c-bd59-2650549f2a3a@group-D52A03C738BD-SegmentedRaftLogWorker: flushIndex: setUnconditionally 0 -> -1
2019-10-06 15:22:12,039 [pool-159-thread-1] INFO  segmented.SegmentedRaftLogWorker (SegmentedRaftLogWorker.java:lambda$new$0(128)) - 07a43e08-05b1-4f1b-8daa-ac2d25af9eb9@group-D52A03C738BD-SegmentedRaftLogWorker: flushIndex: setUnconditionally 0 -> -1
2019-10-06 15:22:12,039 [pool-149-thread-1] INFO  server.RaftServerConfigKeys (ConfUtils.java:logGet(43)) - raft.server.snapshot.auto.trigger.enabled = true (custom)
2019-10-06 15:22:12,039 [pool-159-thread-1] INFO  server.RaftServerConfigKeys (ConfUtils.java:logGet(43)) - raft.server.snapshot.auto.trigger.enabled = true (custom)
2019-10-06 15:22:12,039 [pool-149-thread-1] INFO  server.RaftServerConfigKeys (ConfUtils.java:logGet(43)) - raft.server.snapshot.auto.trigger.threshold = 10000 (custom)
2019-10-06 15:22:12,039 [pool-159-thread-1] INFO  server.RaftServerConfigKeys (ConfUtils.java:logGet(43)) - raft.server.snapshot.auto.trigger.threshold = 10000 (custom)
2019-10-06 15:22:12,039 [pool-149-thread-1] INFO  server.RaftServerConfigKeys (ConfUtils.java:logGet(43)) - raft.server.snapshot.retention.file.num = 5 (custom)
2019-10-06 15:22:12,039 [pool-159-thread-1] INFO  server.RaftServerConfigKeys (ConfUtils.java:logGet(43)) - raft.server.snapshot.retention.file.num = 5 (custom)
2019-10-06 15:22:12,040 [pool-149-thread-1] INFO  server.RaftServerConfigKeys (ConfUtils.java:logGet(43)) - raft.server.retrycache.expirytime = 600000ms (custom)
2019-10-06 15:22:12,040 [pool-159-thread-1] INFO  server.RaftServerConfigKeys (ConfUtils.java:logGet(43)) - raft.server.retrycache.expirytime = 600000ms (custom)
2019-10-06 15:22:12,040 [pool-169-thread-1] INFO  impl.RaftServerImpl (RaftServerImpl.java:start(181)) - 4d76bd0b-f092-40f3-8f50-298f7e1f26ff@group-D52A03C738BD: start as a follower, conf=-1: [1f7023bb-b481-481c-bd59-2650549f2a3a:192.168.30.23:38498, 4d76bd0b-f092-40f3-8f50-298f7e1f26ff:192.168.30.23:35117, 07a43e08-05b1-4f1b-8daa-ac2d25af9eb9:192.168.30.23:38860], old=null
2019-10-06 15:22:12,040 [pool-169-thread-1] INFO  impl.RaftServerImpl (RaftServerImpl.java:setRole(170)) - 4d76bd0b-f092-40f3-8f50-298f7e1f26ff@group-D52A03C738BD: changes role from      null to FOLLOWER at term 0 for startAsFollower
2019-10-06 15:22:12,040 [pool-169-thread-1] INFO  impl.RoleInfo (RoleInfo.java:updateAndGet(143)) - 4d76bd0b-f092-40f3-8f50-298f7e1f26ff: start FollowerState
2019-10-06 15:22:12,041 [pool-169-thread-1] INFO  util.JmxRegister (JmxRegister.java:tryRegister(44)) - Successfully registered JMX Bean with object name Ratis:service=RaftServer,group=group-D52A03C738BD,id=4d76bd0b-f092-40f3-8f50-298f7e1f26ff
2019-10-06 15:22:12,044 [pool-159-thread-1] INFO  impl.RaftServerImpl (RaftServerImpl.java:start(181)) - 07a43e08-05b1-4f1b-8daa-ac2d25af9eb9@group-D52A03C738BD: start as a follower, conf=-1: [1f7023bb-b481-481c-bd59-2650549f2a3a:192.168.30.23:38498, 4d76bd0b-f092-40f3-8f50-298f7e1f26ff:192.168.30.23:35117, 07a43e08-05b1-4f1b-8daa-ac2d25af9eb9:192.168.30.23:38860], old=null
2019-10-06 15:22:12,044 [pool-149-thread-1] INFO  impl.RaftServerImpl (RaftServerImpl.java:start(181)) - 1f7023bb-b481-481c-bd59-2650549f2a3a@group-D52A03C738BD: start as a follower, conf=-1: [1f7023bb-b481-481c-bd59-2650549f2a3a:192.168.30.23:38498, 4d76bd0b-f092-40f3-8f50-298f7e1f26ff:192.168.30.23:35117, 07a43e08-05b1-4f1b-8daa-ac2d25af9eb9:192.168.30.23:38860], old=null
2019-10-06 15:22:12,044 [pool-159-thread-1] INFO  impl.RaftServerImpl (RaftServerImpl.java:setRole(170)) - 07a43e08-05b1-4f1b-8daa-ac2d25af9eb9@group-D52A03C738BD: changes role from      null to FOLLOWER at term 0 for startAsFollower
2019-10-06 15:22:12,044 [pool-149-thread-1] INFO  impl.RaftServerImpl (RaftServerImpl.java:setRole(170)) - 1f7023bb-b481-481c-bd59-2650549f2a3a@group-D52A03C738BD: changes role from      null to FOLLOWER at term 0 for startAsFollower
2019-10-06 15:22:12,044 [pool-159-thread-1] INFO  impl.RoleInfo (RoleInfo.java:updateAndGet(143)) - 07a43e08-05b1-4f1b-8daa-ac2d25af9eb9: start FollowerState
2019-10-06 15:22:12,044 [pool-149-thread-1] INFO  impl.RoleInfo (RoleInfo.java:updateAndGet(143)) - 1f7023bb-b481-481c-bd59-2650549f2a3a: start FollowerState
2019-10-06 15:22:12,045 [pool-159-thread-1] INFO  util.JmxRegister (JmxRegister.java:tryRegister(44)) - Successfully registered JMX Bean with object name Ratis:service=RaftServer,group=group-D52A03C738BD,id=07a43e08-05b1-4f1b-8daa-ac2d25af9eb9
2019-10-06 15:22:12,045 [pool-149-thread-1] INFO  util.JmxRegister (JmxRegister.java:tryRegister(44)) - Successfully registered JMX Bean with object name Ratis:service=RaftServer,group=group-D52A03C738BD,id=1f7023bb-b481-481c-bd59-2650549f2a3a
2019-10-06 15:22:12,051 [RatisPipelineUtilsThread] INFO  pipeline.PipelineStateManager (PipelineStateManager.java:addPipeline(56)) - Created pipeline Pipeline[ Id: b33d5e36-bed4-451e-8629-d52a03c738bd, Nodes: 4d76bd0b-f092-40f3-8f50-298f7e1f26ff{ip: 192.168.30.23, host: ozone-build-dev-nffdx-465010684, networkLocation: /default-rack, certSerialId: null}07a43e08-05b1-4f1b-8daa-ac2d25af9eb9{ip: 192.168.30.23, host: ozone-build-dev-nffdx-465010684, networkLocation: /default-rack, certSerialId: null}1f7023bb-b481-481c-bd59-2650549f2a3a{ip: 192.168.30.23, host: ozone-build-dev-nffdx-465010684, networkLocation: /default-rack, certSerialId: null}, Type:RATIS, Factor:THREE, State:OPEN]
2019-10-06 15:22:12,897 [main] INFO  ozone.MiniOzoneClusterImpl (MiniOzoneClusterImpl.java:lambda$waitForClusterToBeReady$0(147)) - Cluster is ready. Got 7 of 7 DN Heartbeats.
2019-10-06 15:22:12,939 [main] INFO  rpc.RpcClient (RpcClient.java:createVolume(277)) - Creating Volume: testblockoutputstreamwithretries, with jenkins1000 as owner.
2019-10-06 15:22:12,943 [IPC Server handler 2 on 37661] INFO  volume.OMVolumeCreateRequest (OMVolumeCreateRequest.java:validateAndUpdateCache(193)) - created volume:testblockoutputstreamwithretries for user:jenkins1000
2019-10-06 15:22:12,963 [main] INFO  rpc.RpcClient (RpcClient.java:createBucket(416)) - Creating Bucket: testblockoutputstreamwithretries/testblockoutputstreamwithretries, with Versioning false and Storage Type set to DISK and Encryption set to false 
2019-10-06 15:22:14,492 [Thread-672] INFO  container.ReplicationManager (ReplicationManager.java:start(162)) - Starting Replication Monitor Thread.
2019-10-06 15:22:14,497 [ReplicationMonitor] INFO  container.ReplicationManager (ReplicationManager.java:run(225)) - Replication Monitor Thread took 0 milliseconds for processing 3 containers.
2019-10-06 15:22:16,614 [Thread-674] INFO  impl.FollowerState (FollowerState.java:run(108)) - 69531f84-7205-4417-979c-d03528d6b4c2@group-E6D8A87B488E-FollowerState: change to CANDIDATE, lastRpcTime:5049ms, electionTimeout:5049ms
2019-10-06 15:22:16,615 [Thread-674] INFO  impl.RoleInfo (RoleInfo.java:shutdownFollowerState(121)) - 69531f84-7205-4417-979c-d03528d6b4c2: shutdown FollowerState
2019-10-06 15:22:16,615 [Thread-674] INFO  impl.RaftServerImpl (RaftServerImpl.java:setRole(170)) - 69531f84-7205-4417-979c-d03528d6b4c2@group-E6D8A87B488E: changes role from  FOLLOWER to CANDIDATE at term 0 for changeToCandidate
2019-10-06 15:22:16,615 [Thread-674] INFO  impl.RoleInfo (RoleInfo.java:updateAndGet(143)) - 69531f84-7205-4417-979c-d03528d6b4c2: start LeaderElection
2019-10-06 15:22:16,647 [69531f84-7205-4417-979c-d03528d6b4c2@group-E6D8A87B488E-LeaderElection14] INFO  impl.LeaderElection (LeaderElection.java:askForVotes(178)) - 69531f84-7205-4417-979c-d03528d6b4c2@group-E6D8A87B488E-LeaderElection14: begin an election at term 1 for -1: [69531f84-7205-4417-979c-d03528d6b4c2:192.168.30.23:44880], old=null
2019-10-06 15:22:16,648 [69531f84-7205-4417-979c-d03528d6b4c2@group-E6D8A87B488E-LeaderElection14] INFO  impl.RoleInfo (RoleInfo.java:shutdownLeaderElection(134)) - 69531f84-7205-4417-979c-d03528d6b4c2: shutdown LeaderElection
2019-10-06 15:22:16,648 [69531f84-7205-4417-979c-d03528d6b4c2@group-E6D8A87B488E-LeaderElection14] INFO  impl.RaftServerImpl (RaftServerImpl.java:setRole(170)) - 69531f84-7205-4417-979c-d03528d6b4c2@group-E6D8A87B488E: changes role from CANDIDATE to LEADER at term 1 for changeToLeader
2019-10-06 15:22:16,648 [69531f84-7205-4417-979c-d03528d6b4c2@group-E6D8A87B488E-LeaderElection14] INFO  impl.RaftServerImpl (ServerState.java:setLeader(255)) - 69531f84-7205-4417-979c-d03528d6b4c2@group-E6D8A87B488E: change Leader from null to 69531f84-7205-4417-979c-d03528d6b4c2 at term 1 for becomeLeader, leader elected after 5094ms
2019-10-06 15:22:16,651 [69531f84-7205-4417-979c-d03528d6b4c2@group-E6D8A87B488E-LeaderElection14] INFO  server.RaftServerConfigKeys (ConfUtils.java:logGet(43)) - raft.server.staging.catchup.gap = 1000 (default)
2019-10-06 15:22:16,651 [69531f84-7205-4417-979c-d03528d6b4c2@group-E6D8A87B488E-LeaderElection14] INFO  server.RaftServerConfigKeys (ConfUtils.java:logGet(43)) - raft.server.rpc.sleep.time = 25ms (default)
2019-10-06 15:22:16,651 [69531f84-7205-4417-979c-d03528d6b4c2@group-E6D8A87B488E-LeaderElection14] INFO  server.RaftServerConfigKeys (ConfUtils.java:logGet(43)) - raft.server.write.element-limit = 4096 (default)
2019-10-06 15:22:16,652 [69531f84-7205-4417-979c-d03528d6b4c2@group-E6D8A87B488E-LeaderElection14] INFO  server.RaftServerConfigKeys (ConfUtils.java:logGet(43)) - raft.server.watch.timeout = 10s (default)
2019-10-06 15:22:16,652 [69531f84-7205-4417-979c-d03528d6b4c2@group-E6D8A87B488E-LeaderElection14] INFO  server.RaftServerConfigKeys (ConfUtils.java:logGet(43)) - raft.server.watch.timeout.denomination = 1s (default)
2019-10-06 15:22:16,652 [69531f84-7205-4417-979c-d03528d6b4c2@group-E6D8A87B488E-LeaderElection14] INFO  server.RaftServerConfigKeys (ConfUtils.java:logGet(43)) - raft.server.watch.element-limit = 65536 (default)
2019-10-06 15:22:16,656 [69531f84-7205-4417-979c-d03528d6b4c2@group-E6D8A87B488E-LeaderElection14] INFO  impl.RoleInfo (RoleInfo.java:updateAndGet(143)) - 69531f84-7205-4417-979c-d03528d6b4c2: start LeaderState
2019-10-06 15:22:16,657 [69531f84-7205-4417-979c-d03528d6b4c2@group-E6D8A87B488E-LeaderElection14] INFO  segmented.SegmentedRaftLogWorker (SegmentedRaftLogWorker.java:startLogSegment(385)) - 69531f84-7205-4417-979c-d03528d6b4c2@group-E6D8A87B488E-SegmentedRaftLogWorker: Starting segment from index:0
2019-10-06 15:22:16,658 [69531f84-7205-4417-979c-d03528d6b4c2@group-E6D8A87B488E-LeaderElection14] INFO  impl.RaftServerImpl (ServerState.java:setRaftConf(356)) - 69531f84-7205-4417-979c-d03528d6b4c2@group-E6D8A87B488E: set configuration 0: [69531f84-7205-4417-979c-d03528d6b4c2:192.168.30.23:44880], old=null at 0
2019-10-06 15:22:16,699 [Thread-680] INFO  impl.FollowerState (FollowerState.java:run(108)) - 86e848c3-a8c4-4469-96f4-d2b84c1dcbfa@group-C04115E72766-FollowerState: change to CANDIDATE, lastRpcTime:5030ms, electionTimeout:5030ms
2019-10-06 15:22:16,699 [Thread-680] INFO  impl.RoleInfo (RoleInfo.java:shutdownFollowerState(121)) - 86e848c3-a8c4-4469-96f4-d2b84c1dcbfa: shutdown FollowerState
2019-10-06 15:22:16,699 [Thread-680] INFO  impl.RaftServerImpl (RaftServerImpl.java:setRole(170)) - 86e848c3-a8c4-4469-96f4-d2b84c1dcbfa@group-C04115E72766: changes role from  FOLLOWER to CANDIDATE at term 0 for changeToCandidate
2019-10-06 15:22:16,700 [Thread-680] INFO  impl.RoleInfo (RoleInfo.java:updateAndGet(143)) - 86e848c3-a8c4-4469-96f4-d2b84c1dcbfa: start LeaderElection
2019-10-06 15:22:16,703 [69531f84-7205-4417-979c-d03528d6b4c2@group-E6D8A87B488E-SegmentedRaftLogWorker] INFO  segmented.SegmentedRaftLogWorker (SegmentedRaftLogWorker.java:execute(574)) - 69531f84-7205-4417-979c-d03528d6b4c2@group-E6D8A87B488E-SegmentedRaftLogWorker: created new log segment /workdir/hadoop-ozone/integration-test/target/test-dir/MiniOzoneClusterImpl-75d4eebd-4d6b-4bc7-bead-2a18387fbc3f/datanode-0/data/ratis/fcd586d7-8729-44f5-8a10-e6d8a87b488e/current/log_inprogress_0
2019-10-06 15:22:16,722 [Thread-677] INFO  impl.FollowerState (FollowerState.java:run(108)) - bac7edc9-69c9-4080-ab0c-1a7f1a29f394@group-AA9DA0F2CE76-FollowerState: change to CANDIDATE, lastRpcTime:5103ms, electionTimeout:5086ms
2019-10-06 15:22:16,722 [Thread-677] INFO  impl.RoleInfo (RoleInfo.java:shutdownFollowerState(121)) - bac7edc9-69c9-4080-ab0c-1a7f1a29f394: shutdown FollowerState
2019-10-06 15:22:16,722 [Thread-677] INFO  impl.RaftServerImpl (RaftServerImpl.java:setRole(170)) - bac7edc9-69c9-4080-ab0c-1a7f1a29f394@group-AA9DA0F2CE76: changes role from  FOLLOWER to CANDIDATE at term 0 for changeToCandidate
2019-10-06 15:22:16,722 [Thread-677] INFO  impl.RoleInfo (RoleInfo.java:updateAndGet(143)) - bac7edc9-69c9-4080-ab0c-1a7f1a29f394: start LeaderElection
2019-10-06 15:22:16,733 [86e848c3-a8c4-4469-96f4-d2b84c1dcbfa@group-C04115E72766-LeaderElection15] INFO  impl.LeaderElection (LeaderElection.java:askForVotes(178)) - 86e848c3-a8c4-4469-96f4-d2b84c1dcbfa@group-C04115E72766-LeaderElection15: begin an election at term 1 for -1: [86e848c3-a8c4-4469-96f4-d2b84c1dcbfa:192.168.30.23:37326], old=null
2019-10-06 15:22:16,733 [bac7edc9-69c9-4080-ab0c-1a7f1a29f394@group-AA9DA0F2CE76-LeaderElection16] INFO  impl.LeaderElection (LeaderElection.java:askForVotes(178)) - bac7edc9-69c9-4080-ab0c-1a7f1a29f394@group-AA9DA0F2CE76-LeaderElection16: begin an election at term 1 for -1: [bac7edc9-69c9-4080-ab0c-1a7f1a29f394:192.168.30.23:45138], old=null
2019-10-06 15:22:16,733 [86e848c3-a8c4-4469-96f4-d2b84c1dcbfa@group-C04115E72766-LeaderElection15] INFO  impl.RoleInfo (RoleInfo.java:shutdownLeaderElection(134)) - 86e848c3-a8c4-4469-96f4-d2b84c1dcbfa: shutdown LeaderElection
2019-10-06 15:22:16,733 [bac7edc9-69c9-4080-ab0c-1a7f1a29f394@group-AA9DA0F2CE76-LeaderElection16] INFO  impl.RoleInfo (RoleInfo.java:shutdownLeaderElection(134)) - bac7edc9-69c9-4080-ab0c-1a7f1a29f394: shutdown LeaderElection
2019-10-06 15:22:16,734 [86e848c3-a8c4-4469-96f4-d2b84c1dcbfa@group-C04115E72766-LeaderElection15] INFO  impl.RaftServerImpl (RaftServerImpl.java:setRole(170)) - 86e848c3-a8c4-4469-96f4-d2b84c1dcbfa@group-C04115E72766: changes role from CANDIDATE to LEADER at term 1 for changeToLeader
2019-10-06 15:22:16,734 [bac7edc9-69c9-4080-ab0c-1a7f1a29f394@group-AA9DA0F2CE76-LeaderElection16] INFO  impl.RaftServerImpl (RaftServerImpl.java:setRole(170)) - bac7edc9-69c9-4080-ab0c-1a7f1a29f394@group-AA9DA0F2CE76: changes role from CANDIDATE to LEADER at term 1 for changeToLeader
2019-10-06 15:22:16,734 [86e848c3-a8c4-4469-96f4-d2b84c1dcbfa@group-C04115E72766-LeaderElection15] INFO  impl.RaftServerImpl (ServerState.java:setLeader(255)) - 86e848c3-a8c4-4469-96f4-d2b84c1dcbfa@group-C04115E72766: change Leader from null to 86e848c3-a8c4-4469-96f4-d2b84c1dcbfa at term 1 for becomeLeader, leader elected after 5071ms
2019-10-06 15:22:16,734 [bac7edc9-69c9-4080-ab0c-1a7f1a29f394@group-AA9DA0F2CE76-LeaderElection16] INFO  impl.RaftServerImpl (ServerState.java:setLeader(255)) - bac7edc9-69c9-4080-ab0c-1a7f1a29f394@group-AA9DA0F2CE76: change Leader from null to bac7edc9-69c9-4080-ab0c-1a7f1a29f394 at term 1 for becomeLeader, leader elected after 5122ms
2019-10-06 15:22:16,736 [86e848c3-a8c4-4469-96f4-d2b84c1dcbfa@group-C04115E72766-LeaderElection15] INFO  server.RaftServerConfigKeys (ConfUtils.java:logGet(43)) - raft.server.staging.catchup.gap = 1000 (default)
2019-10-06 15:22:16,738 [bac7edc9-69c9-4080-ab0c-1a7f1a29f394@group-AA9DA0F2CE76-LeaderElection16] INFO  server.RaftServerConfigKeys (ConfUtils.java:logGet(43)) - raft.server.staging.catchup.gap = 1000 (default)
2019-10-06 15:22:16,739 [86e848c3-a8c4-4469-96f4-d2b84c1dcbfa@group-C04115E72766-LeaderElection15] INFO  server.RaftServerConfigKeys (ConfUtils.java:logGet(43)) - raft.server.rpc.sleep.time = 25ms (default)
2019-10-06 15:22:16,739 [bac7edc9-69c9-4080-ab0c-1a7f1a29f394@group-AA9DA0F2CE76-LeaderElection16] INFO  server.RaftServerConfigKeys (ConfUtils.java:logGet(43)) - raft.server.rpc.sleep.time = 25ms (default)
2019-10-06 15:22:16,739 [86e848c3-a8c4-4469-96f4-d2b84c1dcbfa@group-C04115E72766-LeaderElection15] INFO  server.RaftServerConfigKeys (ConfUtils.java:logGet(43)) - raft.server.write.element-limit = 4096 (default)
2019-10-06 15:22:16,739 [bac7edc9-69c9-4080-ab0c-1a7f1a29f394@group-AA9DA0F2CE76-LeaderElection16] INFO  server.RaftServerConfigKeys (ConfUtils.java:logGet(43)) - raft.server.write.element-limit = 4096 (default)
2019-10-06 15:22:16,739 [86e848c3-a8c4-4469-96f4-d2b84c1dcbfa@group-C04115E72766-LeaderElection15] INFO  server.RaftServerConfigKeys (ConfUtils.java:logGet(43)) - raft.server.watch.timeout = 10s (default)
2019-10-06 15:22:16,740 [bac7edc9-69c9-4080-ab0c-1a7f1a29f394@group-AA9DA0F2CE76-LeaderElection16] INFO  server.RaftServerConfigKeys (ConfUtils.java:logGet(43)) - raft.server.watch.timeout = 10s (default)
2019-10-06 15:22:16,740 [86e848c3-a8c4-4469-96f4-d2b84c1dcbfa@group-C04115E72766-LeaderElection15] INFO  server.RaftServerConfigKeys (ConfUtils.java:logGet(43)) - raft.server.watch.timeout.denomination = 1s (default)
2019-10-06 15:22:16,740 [bac7edc9-69c9-4080-ab0c-1a7f1a29f394@group-AA9DA0F2CE76-LeaderElection16] INFO  server.RaftServerConfigKeys (ConfUtils.java:logGet(43)) - raft.server.watch.timeout.denomination = 1s (default)
2019-10-06 15:22:16,740 [86e848c3-a8c4-4469-96f4-d2b84c1dcbfa@group-C04115E72766-LeaderElection15] INFO  server.RaftServerConfigKeys (ConfUtils.java:logGet(43)) - raft.server.watch.element-limit = 65536 (default)
2019-10-06 15:22:16,740 [bac7edc9-69c9-4080-ab0c-1a7f1a29f394@group-AA9DA0F2CE76-LeaderElection16] INFO  server.RaftServerConfigKeys (ConfUtils.java:logGet(43)) - raft.server.watch.element-limit = 65536 (default)
2019-10-06 15:22:16,743 [86e848c3-a8c4-4469-96f4-d2b84c1dcbfa@group-C04115E72766-LeaderElection15] INFO  impl.RoleInfo (RoleInfo.java:updateAndGet(143)) - 86e848c3-a8c4-4469-96f4-d2b84c1dcbfa: start LeaderState
2019-10-06 15:22:16,743 [bac7edc9-69c9-4080-ab0c-1a7f1a29f394@group-AA9DA0F2CE76-LeaderElection16] INFO  impl.RoleInfo (RoleInfo.java:updateAndGet(143)) - bac7edc9-69c9-4080-ab0c-1a7f1a29f394: start LeaderState
2019-10-06 15:22:16,743 [86e848c3-a8c4-4469-96f4-d2b84c1dcbfa@group-C04115E72766-LeaderElection15] INFO  segmented.SegmentedRaftLogWorker (SegmentedRaftLogWorker.java:startLogSegment(385)) - 86e848c3-a8c4-4469-96f4-d2b84c1dcbfa@group-C04115E72766-SegmentedRaftLogWorker: Starting segment from index:0
2019-10-06 15:22:16,743 [bac7edc9-69c9-4080-ab0c-1a7f1a29f394@group-AA9DA0F2CE76-LeaderElection16] INFO  segmented.SegmentedRaftLogWorker (SegmentedRaftLogWorker.java:startLogSegment(385)) - bac7edc9-69c9-4080-ab0c-1a7f1a29f394@group-AA9DA0F2CE76-SegmentedRaftLogWorker: Starting segment from index:0
2019-10-06 15:22:16,744 [86e848c3-a8c4-4469-96f4-d2b84c1dcbfa@group-C04115E72766-LeaderElection15] INFO  impl.RaftServerImpl (ServerState.java:setRaftConf(356)) - 86e848c3-a8c4-4469-96f4-d2b84c1dcbfa@group-C04115E72766: set configuration 0: [86e848c3-a8c4-4469-96f4-d2b84c1dcbfa:192.168.30.23:37326], old=null at 0
2019-10-06 15:22:16,775 [Thread-686] INFO  impl.FollowerState (FollowerState.java:run(108)) - bac7edc9-69c9-4080-ab0c-1a7f1a29f394@group-5B2481E9846B-FollowerState: change to CANDIDATE, lastRpcTime:5034ms, electionTimeout:5012ms
2019-10-06 15:22:16,775 [bac7edc9-69c9-4080-ab0c-1a7f1a29f394@group-AA9DA0F2CE76-LeaderElection16] INFO  impl.RaftServerImpl (ServerState.java:setRaftConf(356)) - bac7edc9-69c9-4080-ab0c-1a7f1a29f394@group-AA9DA0F2CE76: set configuration 0: [bac7edc9-69c9-4080-ab0c-1a7f1a29f394:192.168.30.23:45138], old=null at 0
2019-10-06 15:22:16,775 [Thread-686] INFO  impl.RoleInfo (RoleInfo.java:shutdownFollowerState(121)) - bac7edc9-69c9-4080-ab0c-1a7f1a29f394: shutdown FollowerState
2019-10-06 15:22:16,813 [Thread-685] INFO  impl.FollowerState (FollowerState.java:run(108)) - 86e848c3-a8c4-4469-96f4-d2b84c1dcbfa@group-5B2481E9846B-FollowerState: change to CANDIDATE, lastRpcTime:5084ms, electionTimeout:5048ms
2019-10-06 15:22:16,813 [86e848c3-a8c4-4469-96f4-d2b84c1dcbfa@group-C04115E72766-SegmentedRaftLogWorker] INFO  segmented.SegmentedRaftLogWorker (SegmentedRaftLogWorker.java:execute(574)) - 86e848c3-a8c4-4469-96f4-d2b84c1dcbfa@group-C04115E72766-SegmentedRaftLogWorker: created new log segment /workdir/hadoop-ozone/integration-test/target/test-dir/MiniOzoneClusterImpl-75d4eebd-4d6b-4bc7-bead-2a18387fbc3f/datanode-2/data/ratis/07ceade6-20da-4f7b-a11d-c04115e72766/current/log_inprogress_0
2019-10-06 15:22:16,813 [Thread-685] INFO  impl.RoleInfo (RoleInfo.java:shutdownFollowerState(121)) - 86e848c3-a8c4-4469-96f4-d2b84c1dcbfa: shutdown FollowerState
2019-10-06 15:22:16,813 [Thread-686] INFO  impl.RaftServerImpl (RaftServerImpl.java:setRole(170)) - bac7edc9-69c9-4080-ab0c-1a7f1a29f394@group-5B2481E9846B: changes role from  FOLLOWER to CANDIDATE at term 0 for changeToCandidate
2019-10-06 15:22:16,813 [Thread-685] INFO  impl.RaftServerImpl (RaftServerImpl.java:setRole(170)) - 86e848c3-a8c4-4469-96f4-d2b84c1dcbfa@group-5B2481E9846B: changes role from  FOLLOWER to CANDIDATE at term 0 for changeToCandidate
2019-10-06 15:22:16,814 [Thread-686] INFO  impl.RoleInfo (RoleInfo.java:updateAndGet(143)) - bac7edc9-69c9-4080-ab0c-1a7f1a29f394: start LeaderElection
2019-10-06 15:22:16,814 [Thread-685] INFO  impl.RoleInfo (RoleInfo.java:updateAndGet(143)) - 86e848c3-a8c4-4469-96f4-d2b84c1dcbfa: start LeaderElection
2019-10-06 15:22:16,817 [bac7edc9-69c9-4080-ab0c-1a7f1a29f394@group-AA9DA0F2CE76-SegmentedRaftLogWorker] INFO  segmented.SegmentedRaftLogWorker (SegmentedRaftLogWorker.java:execute(574)) - bac7edc9-69c9-4080-ab0c-1a7f1a29f394@group-AA9DA0F2CE76-SegmentedRaftLogWorker: created new log segment /workdir/hadoop-ozone/integration-test/target/test-dir/MiniOzoneClusterImpl-75d4eebd-4d6b-4bc7-bead-2a18387fbc3f/datanode-1/data/ratis/589f90ea-4dfd-4d32-88df-aa9da0f2ce76/current/log_inprogress_0
2019-10-06 15:22:16,841 [86e848c3-a8c4-4469-96f4-d2b84c1dcbfa@group-5B2481E9846B-LeaderElection18] INFO  impl.LeaderElection (LeaderElection.java:askForVotes(178)) - 86e848c3-a8c4-4469-96f4-d2b84c1dcbfa@group-5B2481E9846B-LeaderElection18: begin an election at term 1 for -1: [69531f84-7205-4417-979c-d03528d6b4c2:192.168.30.23:44880, bac7edc9-69c9-4080-ab0c-1a7f1a29f394:192.168.30.23:45138, 86e848c3-a8c4-4469-96f4-d2b84c1dcbfa:192.168.30.23:37326], old=null
2019-10-06 15:22:16,841 [bac7edc9-69c9-4080-ab0c-1a7f1a29f394@group-5B2481E9846B-LeaderElection17] INFO  impl.LeaderElection (LeaderElection.java:askForVotes(178)) - bac7edc9-69c9-4080-ab0c-1a7f1a29f394@group-5B2481E9846B-LeaderElection17: begin an election at term 1 for -1: [69531f84-7205-4417-979c-d03528d6b4c2:192.168.30.23:44880, bac7edc9-69c9-4080-ab0c-1a7f1a29f394:192.168.30.23:45138, 86e848c3-a8c4-4469-96f4-d2b84c1dcbfa:192.168.30.23:37326], old=null
2019-10-06 15:22:16,846 [Thread-692] INFO  impl.FollowerState (FollowerState.java:run(108)) - 1f7023bb-b481-481c-bd59-2650549f2a3a@group-99AF31D92308-FollowerState: change to CANDIDATE, lastRpcTime:5038ms, electionTimeout:5038ms
2019-10-06 15:22:16,849 [Thread-692] INFO  impl.RoleInfo (RoleInfo.java:shutdownFollowerState(121)) - 1f7023bb-b481-481c-bd59-2650549f2a3a: shutdown FollowerState
2019-10-06 15:22:16,850 [Thread-692] INFO  impl.RaftServerImpl (RaftServerImpl.java:setRole(170)) - 1f7023bb-b481-481c-bd59-2650549f2a3a@group-99AF31D92308: changes role from  FOLLOWER to CANDIDATE at term 0 for changeToCandidate
2019-10-06 15:22:16,850 [Thread-692] INFO  impl.RoleInfo (RoleInfo.java:updateAndGet(143)) - 1f7023bb-b481-481c-bd59-2650549f2a3a: start LeaderElection
2019-10-06 15:22:16,857 [grpc-default-executor-1] INFO  impl.RaftServerImpl (RaftServerImpl.java:setRole(170)) - 69531f84-7205-4417-979c-d03528d6b4c2@group-5B2481E9846B: changes role from  FOLLOWER to FOLLOWER at term 1 for recognizeCandidate:bac7edc9-69c9-4080-ab0c-1a7f1a29f394
2019-10-06 15:22:16,857 [grpc-default-executor-1] INFO  impl.RoleInfo (RoleInfo.java:shutdownFollowerState(121)) - 69531f84-7205-4417-979c-d03528d6b4c2: shutdown FollowerState
2019-10-06 15:22:16,863 [grpc-default-executor-1] INFO  impl.RoleInfo (RoleInfo.java:updateAndGet(143)) - 69531f84-7205-4417-979c-d03528d6b4c2: start FollowerState
2019-10-06 15:22:16,864 [Thread-687] INFO  impl.FollowerState (FollowerState.java:run(117)) - 69531f84-7205-4417-979c-d03528d6b4c2@group-5B2481E9846B-FollowerState was interrupted: java.lang.InterruptedException: sleep interrupted
2019-10-06 15:22:16,868 [1f7023bb-b481-481c-bd59-2650549f2a3a@group-99AF31D92308-LeaderElection19] INFO  impl.LeaderElection (LeaderElection.java:askForVotes(178)) - 1f7023bb-b481-481c-bd59-2650549f2a3a@group-99AF31D92308-LeaderElection19: begin an election at term 1 for -1: [1f7023bb-b481-481c-bd59-2650549f2a3a:192.168.30.23:38498], old=null
2019-10-06 15:22:16,868 [1f7023bb-b481-481c-bd59-2650549f2a3a@group-99AF31D92308-LeaderElection19] INFO  impl.RoleInfo (RoleInfo.java:shutdownLeaderElection(134)) - 1f7023bb-b481-481c-bd59-2650549f2a3a: shutdown LeaderElection
2019-10-06 15:22:16,868 [1f7023bb-b481-481c-bd59-2650549f2a3a@group-99AF31D92308-LeaderElection19] INFO  impl.RaftServerImpl (RaftServerImpl.java:setRole(170)) - 1f7023bb-b481-481c-bd59-2650549f2a3a@group-99AF31D92308: changes role from CANDIDATE to LEADER at term 1 for changeToLeader
2019-10-06 15:22:16,868 [1f7023bb-b481-481c-bd59-2650549f2a3a@group-99AF31D92308-LeaderElection19] INFO  impl.RaftServerImpl (ServerState.java:setLeader(255)) - 1f7023bb-b481-481c-bd59-2650549f2a3a@group-99AF31D92308: change Leader from null to 1f7023bb-b481-481c-bd59-2650549f2a3a at term 1 for becomeLeader, leader elected after 5066ms
2019-10-06 15:22:16,870 [1f7023bb-b481-481c-bd59-2650549f2a3a@group-99AF31D92308-LeaderElection19] INFO  server.RaftServerConfigKeys (ConfUtils.java:logGet(43)) - raft.server.staging.catchup.gap = 1000 (default)
2019-10-06 15:22:16,870 [1f7023bb-b481-481c-bd59-2650549f2a3a@group-99AF31D92308-LeaderElection19] INFO  server.RaftServerConfigKeys (ConfUtils.java:logGet(43)) - raft.server.rpc.sleep.time = 25ms (default)
2019-10-06 15:22:16,870 [1f7023bb-b481-481c-bd59-2650549f2a3a@group-99AF31D92308-LeaderElection19] INFO  server.RaftServerConfigKeys (ConfUtils.java:logGet(43)) - raft.server.write.element-limit = 4096 (default)
2019-10-06 15:22:16,870 [1f7023bb-b481-481c-bd59-2650549f2a3a@group-99AF31D92308-LeaderElection19] INFO  server.RaftServerConfigKeys (ConfUtils.java:logGet(43)) - raft.server.watch.timeout = 10s (default)
2019-10-06 15:22:16,870 [1f7023bb-b481-481c-bd59-2650549f2a3a@group-99AF31D92308-LeaderElection19] INFO  server.RaftServerConfigKeys (ConfUtils.java:logGet(43)) - raft.server.watch.timeout.denomination = 1s (default)
2019-10-06 15:22:16,871 [1f7023bb-b481-481c-bd59-2650549f2a3a@group-99AF31D92308-LeaderElection19] INFO  server.RaftServerConfigKeys (ConfUtils.java:logGet(43)) - raft.server.watch.element-limit = 65536 (default)
2019-10-06 15:22:16,872 [1f7023bb-b481-481c-bd59-2650549f2a3a@group-99AF31D92308-LeaderElection19] INFO  impl.RoleInfo (RoleInfo.java:updateAndGet(143)) - 1f7023bb-b481-481c-bd59-2650549f2a3a: start LeaderState
2019-10-06 15:22:16,873 [1f7023bb-b481-481c-bd59-2650549f2a3a@group-99AF31D92308-LeaderElection19] INFO  segmented.SegmentedRaftLogWorker (SegmentedRaftLogWorker.java:startLogSegment(385)) - 1f7023bb-b481-481c-bd59-2650549f2a3a@group-99AF31D92308-SegmentedRaftLogWorker: Starting segment from index:0
2019-10-06 15:22:16,873 [1f7023bb-b481-481c-bd59-2650549f2a3a@group-99AF31D92308-LeaderElection19] INFO  impl.RaftServerImpl (ServerState.java:setRaftConf(356)) - 1f7023bb-b481-481c-bd59-2650549f2a3a@group-99AF31D92308: set configuration 0: [1f7023bb-b481-481c-bd59-2650549f2a3a:192.168.30.23:38498], old=null at 0
2019-10-06 15:22:16,910 [1f7023bb-b481-481c-bd59-2650549f2a3a@group-99AF31D92308-SegmentedRaftLogWorker] INFO  segmented.SegmentedRaftLogWorker (SegmentedRaftLogWorker.java:execute(574)) - 1f7023bb-b481-481c-bd59-2650549f2a3a@group-99AF31D92308-SegmentedRaftLogWorker: created new log segment /workdir/hadoop-ozone/integration-test/target/test-dir/MiniOzoneClusterImpl-75d4eebd-4d6b-4bc7-bead-2a18387fbc3f/datanode-3/data/ratis/c9dd0329-674a-4cdc-b41c-99af31d92308/current/log_inprogress_0
2019-10-06 15:22:16,911 [86e848c3-a8c4-4469-96f4-d2b84c1dcbfa@group-5B2481E9846B-LeaderElection18] INFO  impl.LeaderElection (LeaderElection.java:logAndReturn(56)) - 86e848c3-a8c4-4469-96f4-d2b84c1dcbfa@group-5B2481E9846B-LeaderElection18: Election REJECTED; received 2 response(s) [86e848c3-a8c4-4469-96f4-d2b84c1dcbfa<-69531f84-7205-4417-979c-d03528d6b4c2#0:FAIL-t1, 86e848c3-a8c4-4469-96f4-d2b84c1dcbfa<-bac7edc9-69c9-4080-ab0c-1a7f1a29f394#0:FAIL-t1] and 0 exception(s); 86e848c3-a8c4-4469-96f4-d2b84c1dcbfa@group-5B2481E9846B:t1, leader=null, voted=86e848c3-a8c4-4469-96f4-d2b84c1dcbfa, raftlog=86e848c3-a8c4-4469-96f4-d2b84c1dcbfa@group-5B2481E9846B-SegmentedRaftLog:OPENED:c-1,f-1,i0, conf=-1: [69531f84-7205-4417-979c-d03528d6b4c2:192.168.30.23:44880, bac7edc9-69c9-4080-ab0c-1a7f1a29f394:192.168.30.23:45138, 86e848c3-a8c4-4469-96f4-d2b84c1dcbfa:192.168.30.23:37326], old=null
2019-10-06 15:22:16,911 [bac7edc9-69c9-4080-ab0c-1a7f1a29f394@group-5B2481E9846B-LeaderElection17] INFO  impl.LeaderElection (LeaderElection.java:logAndReturn(56)) - bac7edc9-69c9-4080-ab0c-1a7f1a29f394@group-5B2481E9846B-LeaderElection17: Election PASSED; received 2 response(s) [bac7edc9-69c9-4080-ab0c-1a7f1a29f394<-69531f84-7205-4417-979c-d03528d6b4c2#0:OK-t1, bac7edc9-69c9-4080-ab0c-1a7f1a29f394<-86e848c3-a8c4-4469-96f4-d2b84c1dcbfa#0:FAIL-t1] and 0 exception(s); bac7edc9-69c9-4080-ab0c-1a7f1a29f394@group-5B2481E9846B:t1, leader=null, voted=bac7edc9-69c9-4080-ab0c-1a7f1a29f394, raftlog=bac7edc9-69c9-4080-ab0c-1a7f1a29f394@group-5B2481E9846B-SegmentedRaftLog:OPENED:c-1,f-1,i0, conf=-1: [69531f84-7205-4417-979c-d03528d6b4c2:192.168.30.23:44880, bac7edc9-69c9-4080-ab0c-1a7f1a29f394:192.168.30.23:45138, 86e848c3-a8c4-4469-96f4-d2b84c1dcbfa:192.168.30.23:37326], old=null
2019-10-06 15:22:16,911 [86e848c3-a8c4-4469-96f4-d2b84c1dcbfa@group-5B2481E9846B-LeaderElection18] INFO  impl.RaftServerImpl (RaftServerImpl.java:setRole(170)) - 86e848c3-a8c4-4469-96f4-d2b84c1dcbfa@group-5B2481E9846B: changes role from CANDIDATE to FOLLOWER at term 1 for DISCOVERED_A_NEW_TERM
2019-10-06 15:22:16,919 [86e848c3-a8c4-4469-96f4-d2b84c1dcbfa@group-5B2481E9846B-LeaderElection18] INFO  impl.RoleInfo (RoleInfo.java:shutdownLeaderElection(134)) - 86e848c3-a8c4-4469-96f4-d2b84c1dcbfa: shutdown LeaderElection
2019-10-06 15:22:16,919 [86e848c3-a8c4-4469-96f4-d2b84c1dcbfa@group-5B2481E9846B-LeaderElection18] INFO  impl.RoleInfo (RoleInfo.java:updateAndGet(143)) - 86e848c3-a8c4-4469-96f4-d2b84c1dcbfa: start FollowerState
2019-10-06 15:22:16,919 [bac7edc9-69c9-4080-ab0c-1a7f1a29f394@group-5B2481E9846B-LeaderElection17] INFO  impl.RoleInfo (RoleInfo.java:shutdownLeaderElection(134)) - bac7edc9-69c9-4080-ab0c-1a7f1a29f394: shutdown LeaderElection
2019-10-06 15:22:16,921 [bac7edc9-69c9-4080-ab0c-1a7f1a29f394@group-5B2481E9846B-LeaderElection17] INFO  impl.RaftServerImpl (RaftServerImpl.java:setRole(170)) - bac7edc9-69c9-4080-ab0c-1a7f1a29f394@group-5B2481E9846B: changes role from CANDIDATE to LEADER at term 1 for changeToLeader
2019-10-06 15:22:16,921 [bac7edc9-69c9-4080-ab0c-1a7f1a29f394@group-5B2481E9846B-LeaderElection17] INFO  impl.RaftServerImpl (ServerState.java:setLeader(255)) - bac7edc9-69c9-4080-ab0c-1a7f1a29f394@group-5B2481E9846B: change Leader from null to bac7edc9-69c9-4080-ab0c-1a7f1a29f394 at term 1 for becomeLeader, leader elected after 5204ms
2019-10-06 15:22:16,921 [bac7edc9-69c9-4080-ab0c-1a7f1a29f394@group-5B2481E9846B-LeaderElection17] INFO  server.RaftServerConfigKeys (ConfUtils.java:logGet(43)) - raft.server.staging.catchup.gap = 1000 (default)
2019-10-06 15:22:16,921 [bac7edc9-69c9-4080-ab0c-1a7f1a29f394@group-5B2481E9846B-LeaderElection17] INFO  server.RaftServerConfigKeys (ConfUtils.java:logGet(43)) - raft.server.rpc.sleep.time = 25ms (default)
2019-10-06 15:22:16,922 [bac7edc9-69c9-4080-ab0c-1a7f1a29f394@group-5B2481E9846B-LeaderElection17] INFO  server.RaftServerConfigKeys (ConfUtils.java:logGet(43)) - raft.server.write.element-limit = 4096 (default)
2019-10-06 15:22:16,922 [bac7edc9-69c9-4080-ab0c-1a7f1a29f394@group-5B2481E9846B-LeaderElection17] INFO  server.RaftServerConfigKeys (ConfUtils.java:logGet(43)) - raft.server.watch.timeout = 10s (default)
2019-10-06 15:22:16,922 [bac7edc9-69c9-4080-ab0c-1a7f1a29f394@group-5B2481E9846B-LeaderElection17] INFO  server.RaftServerConfigKeys (ConfUtils.java:logGet(43)) - raft.server.watch.timeout.denomination = 1s (default)
2019-10-06 15:22:16,922 [bac7edc9-69c9-4080-ab0c-1a7f1a29f394@group-5B2481E9846B-LeaderElection17] INFO  server.RaftServerConfigKeys (ConfUtils.java:logGet(43)) - raft.server.watch.element-limit = 65536 (default)
2019-10-06 15:22:17,071 [Thread-695] INFO  impl.FollowerState (FollowerState.java:run(108)) - 07a43e08-05b1-4f1b-8daa-ac2d25af9eb9@group-9FEC1A89F607-FollowerState: change to CANDIDATE, lastRpcTime:5200ms, electionTimeout:5139ms
2019-10-06 15:22:17,085 [bac7edc9-69c9-4080-ab0c-1a7f1a29f394@group-5B2481E9846B-LeaderElection17] INFO  server.RaftServerConfigKeys (ConfUtils.java:logGet(43)) - raft.server.log.appender.snapshot.chunk.size.max = 16MB (=16777216) (default)
2019-10-06 15:22:17,135 [Thread-701] INFO  impl.FollowerState (FollowerState.java:run(108)) - 2734ae52-7268-4101-b6b0-31e579dc837c@group-2FFB8C404AA1-FollowerState: change to CANDIDATE, lastRpcTime:5154ms, electionTimeout:5150ms
2019-10-06 15:22:17,138 [bac7edc9-69c9-4080-ab0c-1a7f1a29f394@group-5B2481E9846B-LeaderElection17] INFO  server.RaftServerConfigKeys (ConfUtils.java:logGet(43)) - raft.server.log.appender.buffer.byte-limit = 33554432 (custom)
2019-10-06 15:22:17,135 [Thread-698] INFO  impl.FollowerState (FollowerState.java:run(108)) - 4d76bd0b-f092-40f3-8f50-298f7e1f26ff@group-29E490282F4A-FollowerState: change to CANDIDATE, lastRpcTime:5218ms, electionTimeout:5048ms
2019-10-06 15:22:17,085 [Thread-695] INFO  impl.RoleInfo (RoleInfo.java:shutdownFollowerState(121)) - 07a43e08-05b1-4f1b-8daa-ac2d25af9eb9: shutdown FollowerState
2019-10-06 15:22:17,160 [Thread-707] INFO  impl.FollowerState (FollowerState.java:run(108)) - 07a43e08-05b1-4f1b-8daa-ac2d25af9eb9@group-D52A03C738BD-FollowerState: change to CANDIDATE, lastRpcTime:5115ms, electionTimeout:5112ms
2019-10-06 15:22:17,155 [bac7edc9-69c9-4080-ab0c-1a7f1a29f394@group-5B2481E9846B-LeaderElection17] INFO  server.RaftServerConfigKeys (ConfUtils.java:logGet(43)) - raft.server.log.appender.buffer.element-limit = 1 (custom)
2019-10-06 15:22:17,151 [Thread-701] INFO  impl.RoleInfo (RoleInfo.java:shutdownFollowerState(121)) - 2734ae52-7268-4101-b6b0-31e579dc837c: shutdown FollowerState
2019-10-06 15:22:17,160 [Thread-707] INFO  impl.RoleInfo (RoleInfo.java:shutdownFollowerState(121)) - 07a43e08-05b1-4f1b-8daa-ac2d25af9eb9: shutdown FollowerState
2019-10-06 15:22:17,160 [Thread-695] INFO  impl.RaftServerImpl (RaftServerImpl.java:setRole(170)) - 07a43e08-05b1-4f1b-8daa-ac2d25af9eb9@group-9FEC1A89F607: changes role from  FOLLOWER to CANDIDATE at term 0 for changeToCandidate
2019-10-06 15:22:17,160 [Thread-698] INFO  impl.RoleInfo (RoleInfo.java:shutdownFollowerState(121)) - 4d76bd0b-f092-40f3-8f50-298f7e1f26ff: shutdown FollowerState
2019-10-06 15:22:17,160 [Thread-695] INFO  impl.RoleInfo (RoleInfo.java:updateAndGet(143)) - 07a43e08-05b1-4f1b-8daa-ac2d25af9eb9: start LeaderElection
2019-10-06 15:22:17,160 [bac7edc9-69c9-4080-ab0c-1a7f1a29f394@group-5B2481E9846B-LeaderElection17] INFO  grpc.GrpcConfigKeys$Server (ConfUtils.java:logGet(43)) - raft.grpc.server.leader.outstanding.appends.max = 128 (default)
2019-10-06 15:22:17,160 [Thread-707] INFO  impl.RaftServerImpl (RaftServerImpl.java:setRole(170)) - 07a43e08-05b1-4f1b-8daa-ac2d25af9eb9@group-D52A03C738BD: changes role from  FOLLOWER to CANDIDATE at term 0 for changeToCandidate
2019-10-06 15:22:17,160 [Thread-701] INFO  impl.RaftServerImpl (RaftServerImpl.java:setRole(170)) - 2734ae52-7268-4101-b6b0-31e579dc837c@group-2FFB8C404AA1: changes role from  FOLLOWER to CANDIDATE at term 0 for changeToCandidate
2019-10-06 15:22:17,167 [Thread-707] INFO  impl.RoleInfo (RoleInfo.java:updateAndGet(143)) - 07a43e08-05b1-4f1b-8daa-ac2d25af9eb9: start LeaderElection
2019-10-06 15:22:17,166 [bac7edc9-69c9-4080-ab0c-1a7f1a29f394@group-5B2481E9846B-LeaderElection17] INFO  server.RaftServerConfigKeys (ConfUtils.java:logGet(43)) - raft.server.rpc.request.timeout = 3000ms (default)
2019-10-06 15:22:17,161 [Thread-698] INFO  impl.RaftServerImpl (RaftServerImpl.java:setRole(170)) - 4d76bd0b-f092-40f3-8f50-298f7e1f26ff@group-29E490282F4A: changes role from  FOLLOWER to CANDIDATE at term 0 for changeToCandidate
2019-10-06 15:22:17,169 [bac7edc9-69c9-4080-ab0c-1a7f1a29f394@group-5B2481E9846B-LeaderElection17] INFO  server.RaftServerConfigKeys (ConfUtils.java:logGet(43)) - raft.server.log.appender.install.snapshot.enabled = false (custom)
2019-10-06 15:22:17,167 [Thread-701] INFO  impl.RoleInfo (RoleInfo.java:updateAndGet(143)) - 2734ae52-7268-4101-b6b0-31e579dc837c: start LeaderElection
2019-10-06 15:22:17,169 [Thread-698] INFO  impl.RoleInfo (RoleInfo.java:updateAndGet(143)) - 4d76bd0b-f092-40f3-8f50-298f7e1f26ff: start LeaderElection
2019-10-06 15:22:17,169 [bac7edc9-69c9-4080-ab0c-1a7f1a29f394@group-5B2481E9846B-LeaderElection17] INFO  server.RaftServerConfigKeys (ConfUtils.java:logGet(43)) - raft.server.log.appender.snapshot.chunk.size.max = 16MB (=16777216) (default)
2019-10-06 15:22:17,177 [bac7edc9-69c9-4080-ab0c-1a7f1a29f394@group-5B2481E9846B-LeaderElection17] INFO  server.RaftServerConfigKeys (ConfUtils.java:logGet(43)) - raft.server.log.appender.buffer.byte-limit = 33554432 (custom)
2019-10-06 15:22:17,223 [bac7edc9-69c9-4080-ab0c-1a7f1a29f394@group-5B2481E9846B-LeaderElection17] INFO  server.RaftServerConfigKeys (ConfUtils.java:logGet(43)) - raft.server.log.appender.buffer.element-limit = 1 (custom)
2019-10-06 15:22:17,223 [Thread-708] INFO  impl.FollowerState (FollowerState.java:run(108)) - 1f7023bb-b481-481c-bd59-2650549f2a3a@group-D52A03C738BD-FollowerState: change to CANDIDATE, lastRpcTime:5178ms, electionTimeout:5177ms
2019-10-06 15:22:17,223 [bac7edc9-69c9-4080-ab0c-1a7f1a29f394@group-5B2481E9846B-LeaderElection17] INFO  grpc.GrpcConfigKeys$Server (ConfUtils.java:logGet(43)) - raft.grpc.server.leader.outstanding.appends.max = 128 (default)
2019-10-06 15:22:17,224 [Thread-708] INFO  impl.RoleInfo (RoleInfo.java:shutdownFollowerState(121)) - 1f7023bb-b481-481c-bd59-2650549f2a3a: shutdown FollowerState
2019-10-06 15:22:17,224 [07a43e08-05b1-4f1b-8daa-ac2d25af9eb9@group-D52A03C738BD-LeaderElection21] INFO  impl.LeaderElection (LeaderElection.java:askForVotes(178)) - 07a43e08-05b1-4f1b-8daa-ac2d25af9eb9@group-D52A03C738BD-LeaderElection21: begin an election at term 1 for -1: [1f7023bb-b481-481c-bd59-2650549f2a3a:192.168.30.23:38498, 4d76bd0b-f092-40f3-8f50-298f7e1f26ff:192.168.30.23:35117, 07a43e08-05b1-4f1b-8daa-ac2d25af9eb9:192.168.30.23:38860], old=null
2019-10-06 15:22:17,224 [07a43e08-05b1-4f1b-8daa-ac2d25af9eb9@group-9FEC1A89F607-LeaderElection20] INFO  impl.LeaderElection (LeaderElection.java:askForVotes(178)) - 07a43e08-05b1-4f1b-8daa-ac2d25af9eb9@group-9FEC1A89F607-LeaderElection20: begin an election at term 1 for -1: [07a43e08-05b1-4f1b-8daa-ac2d25af9eb9:192.168.30.23:38860], old=null
2019-10-06 15:22:17,224 [Thread-708] INFO  impl.RaftServerImpl (RaftServerImpl.java:setRole(170)) - 1f7023bb-b481-481c-bd59-2650549f2a3a@group-D52A03C738BD: changes role from  FOLLOWER to CANDIDATE at term 0 for changeToCandidate
2019-10-06 15:22:17,224 [bac7edc9-69c9-4080-ab0c-1a7f1a29f394@group-5B2481E9846B-LeaderElection17] INFO  server.RaftServerConfigKeys (ConfUtils.java:logGet(43)) - raft.server.rpc.request.timeout = 3000ms (default)
2019-10-06 15:22:17,225 [Thread-708] INFO  impl.RoleInfo (RoleInfo.java:updateAndGet(143)) - 1f7023bb-b481-481c-bd59-2650549f2a3a: start LeaderElection
2019-10-06 15:22:17,224 [07a43e08-05b1-4f1b-8daa-ac2d25af9eb9@group-9FEC1A89F607-LeaderElection20] INFO  impl.RoleInfo (RoleInfo.java:shutdownLeaderElection(134)) - 07a43e08-05b1-4f1b-8daa-ac2d25af9eb9: shutdown LeaderElection
2019-10-06 15:22:17,225 [bac7edc9-69c9-4080-ab0c-1a7f1a29f394@group-5B2481E9846B-LeaderElection17] INFO  server.RaftServerConfigKeys (ConfUtils.java:logGet(43)) - raft.server.log.appender.install.snapshot.enabled = false (custom)
2019-10-06 15:22:17,225 [07a43e08-05b1-4f1b-8daa-ac2d25af9eb9@group-9FEC1A89F607-LeaderElection20] INFO  impl.RaftServerImpl (RaftServerImpl.java:setRole(170)) - 07a43e08-05b1-4f1b-8daa-ac2d25af9eb9@group-9FEC1A89F607: changes role from CANDIDATE to LEADER at term 1 for changeToLeader
2019-10-06 15:22:17,227 [07a43e08-05b1-4f1b-8daa-ac2d25af9eb9@group-9FEC1A89F607-LeaderElection20] INFO  impl.RaftServerImpl (ServerState.java:setLeader(255)) - 07a43e08-05b1-4f1b-8daa-ac2d25af9eb9@group-9FEC1A89F607: change Leader from null to 07a43e08-05b1-4f1b-8daa-ac2d25af9eb9 at term 1 for becomeLeader, leader elected after 5370ms
2019-10-06 15:22:17,228 [bac7edc9-69c9-4080-ab0c-1a7f1a29f394@group-5B2481E9846B-LeaderElection17] INFO  impl.RoleInfo (RoleInfo.java:updateAndGet(143)) - bac7edc9-69c9-4080-ab0c-1a7f1a29f394: start LeaderState
2019-10-06 15:22:17,229 [07a43e08-05b1-4f1b-8daa-ac2d25af9eb9@group-9FEC1A89F607-LeaderElection20] INFO  server.RaftServerConfigKeys (ConfUtils.java:logGet(43)) - raft.server.staging.catchup.gap = 1000 (default)
2019-10-06 15:22:17,232 [07a43e08-05b1-4f1b-8daa-ac2d25af9eb9@group-9FEC1A89F607-LeaderElection20] INFO  server.RaftServerConfigKeys (ConfUtils.java:logGet(43)) - raft.server.rpc.sleep.time = 25ms (default)
2019-10-06 15:22:17,232 [bac7edc9-69c9-4080-ab0c-1a7f1a29f394@group-5B2481E9846B-LeaderElection17] INFO  segmented.SegmentedRaftLogWorker (SegmentedRaftLogWorker.java:startLogSegment(385)) - bac7edc9-69c9-4080-ab0c-1a7f1a29f394@group-5B2481E9846B-SegmentedRaftLogWorker: Starting segment from index:0
2019-10-06 15:22:17,232 [07a43e08-05b1-4f1b-8daa-ac2d25af9eb9@group-9FEC1A89F607-LeaderElection20] INFO  server.RaftServerConfigKeys (ConfUtils.java:logGet(43)) - raft.server.write.element-limit = 4096 (default)
2019-10-06 15:22:17,234 [07a43e08-05b1-4f1b-8daa-ac2d25af9eb9@group-9FEC1A89F607-LeaderElection20] INFO  server.RaftServerConfigKeys (ConfUtils.java:logGet(43)) - raft.server.watch.timeout = 10s (default)
2019-10-06 15:22:17,234 [Thread-706] INFO  impl.FollowerState (FollowerState.java:run(108)) - 4d76bd0b-f092-40f3-8f50-298f7e1f26ff@group-D52A03C738BD-FollowerState: change to CANDIDATE, lastRpcTime:5193ms, electionTimeout:5191ms
2019-10-06 15:22:17,234 [07a43e08-05b1-4f1b-8daa-ac2d25af9eb9@group-9FEC1A89F607-LeaderElection20] INFO  server.RaftServerConfigKeys (ConfUtils.java:logGet(43)) - raft.server.watch.timeout.denomination = 1s (default)
2019-10-06 15:22:17,234 [Thread-706] INFO  impl.RoleInfo (RoleInfo.java:shutdownFollowerState(121)) - 4d76bd0b-f092-40f3-8f50-298f7e1f26ff: shutdown FollowerState
2019-10-06 15:22:17,234 [07a43e08-05b1-4f1b-8daa-ac2d25af9eb9@group-9FEC1A89F607-LeaderElection20] INFO  server.RaftServerConfigKeys (ConfUtils.java:logGet(43)) - raft.server.watch.element-limit = 65536 (default)
2019-10-06 15:22:17,262 [2734ae52-7268-4101-b6b0-31e579dc837c@group-2FFB8C404AA1-LeaderElection22] INFO  impl.LeaderElection (LeaderElection.java:askForVotes(178)) - 2734ae52-7268-4101-b6b0-31e579dc837c@group-2FFB8C404AA1-LeaderElection22: begin an election at term 1 for -1: [2734ae52-7268-4101-b6b0-31e579dc837c:192.168.30.23:39515], old=null
2019-10-06 15:22:17,234 [Thread-706] INFO  impl.RaftServerImpl (RaftServerImpl.java:setRole(170)) - 4d76bd0b-f092-40f3-8f50-298f7e1f26ff@group-D52A03C738BD: changes role from  FOLLOWER to CANDIDATE at term 0 for changeToCandidate
2019-10-06 15:22:17,262 [2734ae52-7268-4101-b6b0-31e579dc837c@group-2FFB8C404AA1-LeaderElection22] INFO  impl.RoleInfo (RoleInfo.java:shutdownLeaderElection(134)) - 2734ae52-7268-4101-b6b0-31e579dc837c: shutdown LeaderElection
2019-10-06 15:22:17,262 [1f7023bb-b481-481c-bd59-2650549f2a3a@group-D52A03C738BD-LeaderElection24] INFO  impl.LeaderElection (LeaderElection.java:askForVotes(178)) - 1f7023bb-b481-481c-bd59-2650549f2a3a@group-D52A03C738BD-LeaderElection24: begin an election at term 1 for -1: [1f7023bb-b481-481c-bd59-2650549f2a3a:192.168.30.23:38498, 4d76bd0b-f092-40f3-8f50-298f7e1f26ff:192.168.30.23:35117, 07a43e08-05b1-4f1b-8daa-ac2d25af9eb9:192.168.30.23:38860], old=null
2019-10-06 15:22:17,262 [4d76bd0b-f092-40f3-8f50-298f7e1f26ff@group-29E490282F4A-LeaderElection23] INFO  impl.LeaderElection (LeaderElection.java:askForVotes(178)) - 4d76bd0b-f092-40f3-8f50-298f7e1f26ff@group-29E490282F4A-LeaderElection23: begin an election at term 1 for -1: [4d76bd0b-f092-40f3-8f50-298f7e1f26ff:192.168.30.23:35117], old=null
2019-10-06 15:22:17,262 [2734ae52-7268-4101-b6b0-31e579dc837c@group-2FFB8C404AA1-LeaderElection22] INFO  impl.RaftServerImpl (RaftServerImpl.java:setRole(170)) - 2734ae52-7268-4101-b6b0-31e579dc837c@group-2FFB8C404AA1: changes role from CANDIDATE to LEADER at term 1 for changeToLeader
2019-10-06 15:22:17,262 [Thread-706] INFO  impl.RoleInfo (RoleInfo.java:updateAndGet(143)) - 4d76bd0b-f092-40f3-8f50-298f7e1f26ff: start LeaderElection
2019-10-06 15:22:17,263 [2734ae52-7268-4101-b6b0-31e579dc837c@group-2FFB8C404AA1-LeaderElection22] INFO  impl.RaftServerImpl (ServerState.java:setLeader(255)) - 2734ae52-7268-4101-b6b0-31e579dc837c@group-2FFB8C404AA1: change Leader from null to 2734ae52-7268-4101-b6b0-31e579dc837c at term 1 for becomeLeader, leader elected after 5289ms
2019-10-06 15:22:17,263 [4d76bd0b-f092-40f3-8f50-298f7e1f26ff@group-29E490282F4A-LeaderElection23] INFO  impl.RoleInfo (RoleInfo.java:shutdownLeaderElection(134)) - 4d76bd0b-f092-40f3-8f50-298f7e1f26ff: shutdown LeaderElection
2019-10-06 15:22:17,263 [bac7edc9-69c9-4080-ab0c-1a7f1a29f394@group-5B2481E9846B-LeaderElection17] INFO  impl.RaftServerImpl (ServerState.java:setRaftConf(356)) - bac7edc9-69c9-4080-ab0c-1a7f1a29f394@group-5B2481E9846B: set configuration 0: [69531f84-7205-4417-979c-d03528d6b4c2:192.168.30.23:44880, bac7edc9-69c9-4080-ab0c-1a7f1a29f394:192.168.30.23:45138, 86e848c3-a8c4-4469-96f4-d2b84c1dcbfa:192.168.30.23:37326], old=null at 0
2019-10-06 15:22:17,266 [4d76bd0b-f092-40f3-8f50-298f7e1f26ff@group-29E490282F4A-LeaderElection23] INFO  impl.RaftServerImpl (RaftServerImpl.java:setRole(170)) - 4d76bd0b-f092-40f3-8f50-298f7e1f26ff@group-29E490282F4A: changes role from CANDIDATE to LEADER at term 1 for changeToLeader
2019-10-06 15:22:17,265 [2734ae52-7268-4101-b6b0-31e579dc837c@group-2FFB8C404AA1-LeaderElection22] INFO  server.RaftServerConfigKeys (ConfUtils.java:logGet(43)) - raft.server.staging.catchup.gap = 1000 (default)
2019-10-06 15:22:17,266 [4d76bd0b-f092-40f3-8f50-298f7e1f26ff@group-29E490282F4A-LeaderElection23] INFO  impl.RaftServerImpl (ServerState.java:setLeader(255)) - 4d76bd0b-f092-40f3-8f50-298f7e1f26ff@group-29E490282F4A: change Leader from null to 4d76bd0b-f092-40f3-8f50-298f7e1f26ff at term 1 for becomeLeader, leader elected after 5356ms
2019-10-06 15:22:17,269 [2734ae52-7268-4101-b6b0-31e579dc837c@group-2FFB8C404AA1-LeaderElection22] INFO  server.RaftServerConfigKeys (ConfUtils.java:logGet(43)) - raft.server.rpc.sleep.time = 25ms (default)
2019-10-06 15:22:17,281 [bac7edc9-69c9-4080-ab0c-1a7f1a29f394@group-5B2481E9846B-SegmentedRaftLogWorker] INFO  segmented.SegmentedRaftLogWorker (SegmentedRaftLogWorker.java:execute(574)) - bac7edc9-69c9-4080-ab0c-1a7f1a29f394@group-5B2481E9846B-SegmentedRaftLogWorker: created new log segment /workdir/hadoop-ozone/integration-test/target/test-dir/MiniOzoneClusterImpl-75d4eebd-4d6b-4bc7-bead-2a18387fbc3f/datanode-1/data/ratis/d216901e-66f0-4660-99dd-5b2481e9846b/current/log_inprogress_0
2019-10-06 15:22:17,281 [4d76bd0b-f092-40f3-8f50-298f7e1f26ff@group-29E490282F4A-LeaderElection23] INFO  server.RaftServerConfigKeys (ConfUtils.java:logGet(43)) - raft.server.staging.catchup.gap = 1000 (default)
2019-10-06 15:22:17,282 [2734ae52-7268-4101-b6b0-31e579dc837c@group-2FFB8C404AA1-LeaderElection22] INFO  server.RaftServerConfigKeys (ConfUtils.java:logGet(43)) - raft.server.write.element-limit = 4096 (default)
2019-10-06 15:22:17,282 [4d76bd0b-f092-40f3-8f50-298f7e1f26ff@group-29E490282F4A-LeaderElection23] INFO  server.RaftServerConfigKeys (ConfUtils.java:logGet(43)) - raft.server.rpc.sleep.time = 25ms (default)
2019-10-06 15:22:17,282 [2734ae52-7268-4101-b6b0-31e579dc837c@group-2FFB8C404AA1-LeaderElection22] INFO  server.RaftServerConfigKeys (ConfUtils.java:logGet(43)) - raft.server.watch.timeout = 10s (default)
2019-10-06 15:22:17,285 [2734ae52-7268-4101-b6b0-31e579dc837c@group-2FFB8C404AA1-LeaderElection22] INFO  server.RaftServerConfigKeys (ConfUtils.java:logGet(43)) - raft.server.watch.timeout.denomination = 1s (default)
2019-10-06 15:22:17,293 [4d76bd0b-f092-40f3-8f50-298f7e1f26ff@group-29E490282F4A-LeaderElection23] INFO  server.RaftServerConfigKeys (ConfUtils.java:logGet(43)) - raft.server.write.element-limit = 4096 (default)
2019-10-06 15:22:17,293 [4d76bd0b-f092-40f3-8f50-298f7e1f26ff@group-29E490282F4A-LeaderElection23] INFO  server.RaftServerConfigKeys (ConfUtils.java:logGet(43)) - raft.server.watch.timeout = 10s (default)
2019-10-06 15:22:17,296 [4d76bd0b-f092-40f3-8f50-298f7e1f26ff@group-D52A03C738BD-LeaderElection25] INFO  impl.LeaderElection (LeaderElection.java:askForVotes(178)) - 4d76bd0b-f092-40f3-8f50-298f7e1f26ff@group-D52A03C738BD-LeaderElection25: begin an election at term 1 for -1: [1f7023bb-b481-481c-bd59-2650549f2a3a:192.168.30.23:38498, 4d76bd0b-f092-40f3-8f50-298f7e1f26ff:192.168.30.23:35117, 07a43e08-05b1-4f1b-8daa-ac2d25af9eb9:192.168.30.23:38860], old=null
2019-10-06 15:22:17,296 [4d76bd0b-f092-40f3-8f50-298f7e1f26ff@group-29E490282F4A-LeaderElection23] INFO  server.RaftServerConfigKeys (ConfUtils.java:logGet(43)) - raft.server.watch.timeout.denomination = 1s (default)
2019-10-06 15:22:17,293 [2734ae52-7268-4101-b6b0-31e579dc837c@group-2FFB8C404AA1-LeaderElection22] INFO  server.RaftServerConfigKeys (ConfUtils.java:logGet(43)) - raft.server.watch.element-limit = 65536 (default)
2019-10-06 15:22:17,296 [4d76bd0b-f092-40f3-8f50-298f7e1f26ff@group-29E490282F4A-LeaderElection23] INFO  server.RaftServerConfigKeys (ConfUtils.java:logGet(43)) - raft.server.watch.element-limit = 65536 (default)
2019-10-06 15:22:17,297 [07a43e08-05b1-4f1b-8daa-ac2d25af9eb9@group-9FEC1A89F607-LeaderElection20] INFO  impl.RoleInfo (RoleInfo.java:updateAndGet(143)) - 07a43e08-05b1-4f1b-8daa-ac2d25af9eb9: start LeaderState
2019-10-06 15:22:17,300 [grpc-default-executor-2] INFO  impl.RaftServerImpl (ServerState.java:setLeader(255)) - 86e848c3-a8c4-4469-96f4-d2b84c1dcbfa@group-5B2481E9846B: change Leader from null to bac7edc9-69c9-4080-ab0c-1a7f1a29f394 at term 1 for appendEntries, leader elected after 5580ms
2019-10-06 15:22:17,300 [07a43e08-05b1-4f1b-8daa-ac2d25af9eb9@group-9FEC1A89F607-LeaderElection20] INFO  segmented.SegmentedRaftLogWorker (SegmentedRaftLogWorker.java:startLogSegment(385)) - 07a43e08-05b1-4f1b-8daa-ac2d25af9eb9@group-9FEC1A89F607-SegmentedRaftLogWorker: Starting segment from index:0
2019-10-06 15:22:17,301 [07a43e08-05b1-4f1b-8daa-ac2d25af9eb9@group-9FEC1A89F607-LeaderElection20] INFO  impl.RaftServerImpl (ServerState.java:setRaftConf(356)) - 07a43e08-05b1-4f1b-8daa-ac2d25af9eb9@group-9FEC1A89F607: set configuration 0: [07a43e08-05b1-4f1b-8daa-ac2d25af9eb9:192.168.30.23:38860], old=null at 0
2019-10-06 15:22:17,332 [grpc-default-executor-5] INFO  impl.RaftServerImpl (ServerState.java:setLeader(255)) - 69531f84-7205-4417-979c-d03528d6b4c2@group-5B2481E9846B: change Leader from null to bac7edc9-69c9-4080-ab0c-1a7f1a29f394 at term 1 for appendEntries, leader elected after 5614ms
2019-10-06 15:22:17,334 [07a43e08-05b1-4f1b-8daa-ac2d25af9eb9@group-D52A03C738BD-LeaderElection21] INFO  impl.LeaderElection (LeaderElection.java:logAndReturn(56)) - 07a43e08-05b1-4f1b-8daa-ac2d25af9eb9@group-D52A03C738BD-LeaderElection21: Election REJECTED; received 2 response(s) [07a43e08-05b1-4f1b-8daa-ac2d25af9eb9<-1f7023bb-b481-481c-bd59-2650549f2a3a#0:FAIL-t1, 07a43e08-05b1-4f1b-8daa-ac2d25af9eb9<-4d76bd0b-f092-40f3-8f50-298f7e1f26ff#0:FAIL-t1] and 0 exception(s); 07a43e08-05b1-4f1b-8daa-ac2d25af9eb9@group-D52A03C738BD:t1, leader=null, voted=07a43e08-05b1-4f1b-8daa-ac2d25af9eb9, raftlog=07a43e08-05b1-4f1b-8daa-ac2d25af9eb9@group-D52A03C738BD-SegmentedRaftLog:OPENED:c-1,f-1,i0, conf=-1: [1f7023bb-b481-481c-bd59-2650549f2a3a:192.168.30.23:38498, 4d76bd0b-f092-40f3-8f50-298f7e1f26ff:192.168.30.23:35117, 07a43e08-05b1-4f1b-8daa-ac2d25af9eb9:192.168.30.23:38860], old=null
2019-10-06 15:22:17,334 [07a43e08-05b1-4f1b-8daa-ac2d25af9eb9@group-D52A03C738BD-LeaderElection21] INFO  impl.RaftServerImpl (RaftServerImpl.java:setRole(170)) - 07a43e08-05b1-4f1b-8daa-ac2d25af9eb9@group-D52A03C738BD: changes role from CANDIDATE to FOLLOWER at term 1 for DISCOVERED_A_NEW_TERM
2019-10-06 15:22:17,334 [2734ae52-7268-4101-b6b0-31e579dc837c@group-2FFB8C404AA1-LeaderElection22] INFO  impl.RoleInfo (RoleInfo.java:updateAndGet(143)) - 2734ae52-7268-4101-b6b0-31e579dc837c: start LeaderState
2019-10-06 15:22:17,334 [07a43e08-05b1-4f1b-8daa-ac2d25af9eb9@group-D52A03C738BD-LeaderElection21] INFO  impl.RoleInfo (RoleInfo.java:shutdownLeaderElection(134)) - 07a43e08-05b1-4f1b-8daa-ac2d25af9eb9: shutdown LeaderElection
2019-10-06 15:22:17,338 [07a43e08-05b1-4f1b-8daa-ac2d25af9eb9@group-D52A03C738BD-LeaderElection21] INFO  impl.RoleInfo (RoleInfo.java:updateAndGet(143)) - 07a43e08-05b1-4f1b-8daa-ac2d25af9eb9: start FollowerState
2019-10-06 15:22:17,338 [2734ae52-7268-4101-b6b0-31e579dc837c@group-2FFB8C404AA1-LeaderElection22] INFO  segmented.SegmentedRaftLogWorker (SegmentedRaftLogWorker.java:startLogSegment(385)) - 2734ae52-7268-4101-b6b0-31e579dc837c@group-2FFB8C404AA1-SegmentedRaftLogWorker: Starting segment from index:0
2019-10-06 15:22:17,339 [4d76bd0b-f092-40f3-8f50-298f7e1f26ff@group-29E490282F4A-LeaderElection23] INFO  impl.RoleInfo (RoleInfo.java:updateAndGet(143)) - 4d76bd0b-f092-40f3-8f50-298f7e1f26ff: start LeaderState
2019-10-06 15:22:17,339 [2734ae52-7268-4101-b6b0-31e579dc837c@group-2FFB8C404AA1-LeaderElection22] INFO  impl.RaftServerImpl (ServerState.java:setRaftConf(356)) - 2734ae52-7268-4101-b6b0-31e579dc837c@group-2FFB8C404AA1: set configuration 0: [2734ae52-7268-4101-b6b0-31e579dc837c:192.168.30.23:39515], old=null at 0
2019-10-06 15:22:17,339 [4d76bd0b-f092-40f3-8f50-298f7e1f26ff@group-29E490282F4A-LeaderElection23] INFO  segmented.SegmentedRaftLogWorker (SegmentedRaftLogWorker.java:startLogSegment(385)) - 4d76bd0b-f092-40f3-8f50-298f7e1f26ff@group-29E490282F4A-SegmentedRaftLogWorker: Starting segment from index:0
2019-10-06 15:22:17,366 [07a43e08-05b1-4f1b-8daa-ac2d25af9eb9@group-9FEC1A89F607-SegmentedRaftLogWorker] INFO  segmented.SegmentedRaftLogWorker (SegmentedRaftLogWorker.java:execute(574)) - 07a43e08-05b1-4f1b-8daa-ac2d25af9eb9@group-9FEC1A89F607-SegmentedRaftLogWorker: created new log segment /workdir/hadoop-ozone/integration-test/target/test-dir/MiniOzoneClusterImpl-75d4eebd-4d6b-4bc7-bead-2a18387fbc3f/datanode-4/data/ratis/a6c14c98-d48c-457f-9e9e-9fec1a89f607/current/log_inprogress_0
2019-10-06 15:22:17,367 [4d76bd0b-f092-40f3-8f50-298f7e1f26ff@group-29E490282F4A-LeaderElection23] INFO  impl.RaftServerImpl (ServerState.java:setRaftConf(356)) - 4d76bd0b-f092-40f3-8f50-298f7e1f26ff@group-29E490282F4A: set configuration 0: [4d76bd0b-f092-40f3-8f50-298f7e1f26ff:192.168.30.23:35117], old=null at 0
2019-10-06 15:22:17,395 [2734ae52-7268-4101-b6b0-31e579dc837c@group-2FFB8C404AA1-SegmentedRaftLogWorker] INFO  segmented.SegmentedRaftLogWorker (SegmentedRaftLogWorker.java:execute(574)) - 2734ae52-7268-4101-b6b0-31e579dc837c@group-2FFB8C404AA1-SegmentedRaftLogWorker: created new log segment /workdir/hadoop-ozone/integration-test/target/test-dir/MiniOzoneClusterImpl-75d4eebd-4d6b-4bc7-bead-2a18387fbc3f/datanode-6/data/ratis/d91161b5-ee18-4250-b580-2ffb8c404aa1/current/log_inprogress_0
2019-10-06 15:22:17,396 [grpc-default-executor-1] INFO  impl.RaftServerImpl (ServerState.java:setRaftConf(356)) - 69531f84-7205-4417-979c-d03528d6b4c2@group-5B2481E9846B: set configuration 0: [69531f84-7205-4417-979c-d03528d6b4c2:192.168.30.23:44880, bac7edc9-69c9-4080-ab0c-1a7f1a29f394:192.168.30.23:45138, 86e848c3-a8c4-4469-96f4-d2b84c1dcbfa:192.168.30.23:37326], old=null at 0
2019-10-06 15:22:17,397 [grpc-default-executor-1] INFO  segmented.SegmentedRaftLogWorker (SegmentedRaftLogWorker.java:startLogSegment(385)) - 69531f84-7205-4417-979c-d03528d6b4c2@group-5B2481E9846B-SegmentedRaftLogWorker: Starting segment from index:0
2019-10-06 15:22:17,398 [grpc-default-executor-5] INFO  impl.RaftServerImpl (ServerState.java:setRaftConf(356)) - 86e848c3-a8c4-4469-96f4-d2b84c1dcbfa@group-5B2481E9846B: set configuration 0: [69531f84-7205-4417-979c-d03528d6b4c2:192.168.30.23:44880, bac7edc9-69c9-4080-ab0c-1a7f1a29f394:192.168.30.23:45138, 86e848c3-a8c4-4469-96f4-d2b84c1dcbfa:192.168.30.23:37326], old=null at 0
2019-10-06 15:22:17,399 [grpc-default-executor-5] INFO  segmented.SegmentedRaftLogWorker (SegmentedRaftLogWorker.java:startLogSegment(385)) - 86e848c3-a8c4-4469-96f4-d2b84c1dcbfa@group-5B2481E9846B-SegmentedRaftLogWorker: Starting segment from index:0
2019-10-06 15:22:17,400 [1f7023bb-b481-481c-bd59-2650549f2a3a@group-D52A03C738BD-LeaderElection24] INFO  impl.LeaderElection (LeaderElection.java:logAndReturn(56)) - 1f7023bb-b481-481c-bd59-2650549f2a3a@group-D52A03C738BD-LeaderElection24: Election REJECTED; received 2 response(s) [1f7023bb-b481-481c-bd59-2650549f2a3a<-4d76bd0b-f092-40f3-8f50-298f7e1f26ff#0:FAIL-t1, 1f7023bb-b481-481c-bd59-2650549f2a3a<-07a43e08-05b1-4f1b-8daa-ac2d25af9eb9#0:FAIL-t1] and 0 exception(s); 1f7023bb-b481-481c-bd59-2650549f2a3a@group-D52A03C738BD:t1, leader=null, voted=1f7023bb-b481-481c-bd59-2650549f2a3a, raftlog=1f7023bb-b481-481c-bd59-2650549f2a3a@group-D52A03C738BD-SegmentedRaftLog:OPENED:c-1,f-1,i0, conf=-1: [1f7023bb-b481-481c-bd59-2650549f2a3a:192.168.30.23:38498, 4d76bd0b-f092-40f3-8f50-298f7e1f26ff:192.168.30.23:35117, 07a43e08-05b1-4f1b-8daa-ac2d25af9eb9:192.168.30.23:38860], old=null
2019-10-06 15:22:17,400 [4d76bd0b-f092-40f3-8f50-298f7e1f26ff@group-D52A03C738BD-LeaderElection25] INFO  impl.LeaderElection (LeaderElection.java:logAndReturn(56)) - 4d76bd0b-f092-40f3-8f50-298f7e1f26ff@group-D52A03C738BD-LeaderElection25: Election REJECTED; received 2 response(s) [4d76bd0b-f092-40f3-8f50-298f7e1f26ff<-1f7023bb-b481-481c-bd59-2650549f2a3a#0:FAIL-t1, 4d76bd0b-f092-40f3-8f50-298f7e1f26ff<-07a43e08-05b1-4f1b-8daa-ac2d25af9eb9#0:FAIL-t1] and 0 exception(s); 4d76bd0b-f092-40f3-8f50-298f7e1f26ff@group-D52A03C738BD:t1, leader=null, voted=4d76bd0b-f092-40f3-8f50-298f7e1f26ff, raftlog=4d76bd0b-f092-40f3-8f50-298f7e1f26ff@group-D52A03C738BD-SegmentedRaftLog:OPENED:c-1,f-1,i0, conf=-1: [1f7023bb-b481-481c-bd59-2650549f2a3a:192.168.30.23:38498, 4d76bd0b-f092-40f3-8f50-298f7e1f26ff:192.168.30.23:35117, 07a43e08-05b1-4f1b-8daa-ac2d25af9eb9:192.168.30.23:38860], old=null
2019-10-06 15:22:17,400 [1f7023bb-b481-481c-bd59-2650549f2a3a@group-D52A03C738BD-LeaderElection24] INFO  impl.RaftServerImpl (RaftServerImpl.java:setRole(170)) - 1f7023bb-b481-481c-bd59-2650549f2a3a@group-D52A03C738BD: changes role from CANDIDATE to FOLLOWER at term 1 for DISCOVERED_A_NEW_TERM
2019-10-06 15:22:17,436 [4d76bd0b-f092-40f3-8f50-298f7e1f26ff@group-29E490282F4A-SegmentedRaftLogWorker] INFO  segmented.SegmentedRaftLogWorker (SegmentedRaftLogWorker.java:execute(574)) - 4d76bd0b-f092-40f3-8f50-298f7e1f26ff@group-29E490282F4A-SegmentedRaftLogWorker: created new log segment /workdir/hadoop-ozone/integration-test/target/test-dir/MiniOzoneClusterImpl-75d4eebd-4d6b-4bc7-bead-2a18387fbc3f/datanode-5/data/ratis/6f4771f0-fa2e-41f8-a04b-29e490282f4a/current/log_inprogress_0
2019-10-06 15:22:17,439 [4d76bd0b-f092-40f3-8f50-298f7e1f26ff@group-D52A03C738BD-LeaderElection25] INFO  impl.RaftServerImpl (RaftServerImpl.java:setRole(170)) - 4d76bd0b-f092-40f3-8f50-298f7e1f26ff@group-D52A03C738BD: changes role from CANDIDATE to FOLLOWER at term 1 for DISCOVERED_A_NEW_TERM
2019-10-06 15:22:17,439 [1f7023bb-b481-481c-bd59-2650549f2a3a@group-D52A03C738BD-LeaderElection24] INFO  impl.RoleInfo (RoleInfo.java:shutdownLeaderElection(134)) - 1f7023bb-b481-481c-bd59-2650549f2a3a: shutdown LeaderElection
2019-10-06 15:22:17,439 [4d76bd0b-f092-40f3-8f50-298f7e1f26ff@group-D52A03C738BD-LeaderElection25] INFO  impl.RoleInfo (RoleInfo.java:shutdownLeaderElection(134)) - 4d76bd0b-f092-40f3-8f50-298f7e1f26ff: shutdown LeaderElection
2019-10-06 15:22:17,439 [1f7023bb-b481-481c-bd59-2650549f2a3a@group-D52A03C738BD-LeaderElection24] INFO  impl.RoleInfo (RoleInfo.java:updateAndGet(143)) - 1f7023bb-b481-481c-bd59-2650549f2a3a: start FollowerState
2019-10-06 15:22:17,439 [4d76bd0b-f092-40f3-8f50-298f7e1f26ff@group-D52A03C738BD-LeaderElection25] INFO  impl.RoleInfo (RoleInfo.java:updateAndGet(143)) - 4d76bd0b-f092-40f3-8f50-298f7e1f26ff: start FollowerState
2019-10-06 15:22:17,458 [86e848c3-a8c4-4469-96f4-d2b84c1dcbfa@group-5B2481E9846B-SegmentedRaftLogWorker] INFO  segmented.SegmentedRaftLogWorker (SegmentedRaftLogWorker.java:execute(574)) - 86e848c3-a8c4-4469-96f4-d2b84c1dcbfa@group-5B2481E9846B-SegmentedRaftLogWorker: created new log segment /workdir/hadoop-ozone/integration-test/target/test-dir/MiniOzoneClusterImpl-75d4eebd-4d6b-4bc7-bead-2a18387fbc3f/datanode-2/data/ratis/d216901e-66f0-4660-99dd-5b2481e9846b/current/log_inprogress_0
2019-10-06 15:22:17,458 [69531f84-7205-4417-979c-d03528d6b4c2@group-5B2481E9846B-SegmentedRaftLogWorker] INFO  segmented.SegmentedRaftLogWorker (SegmentedRaftLogWorker.java:execute(574)) - 69531f84-7205-4417-979c-d03528d6b4c2@group-5B2481E9846B-SegmentedRaftLogWorker: created new log segment /workdir/hadoop-ozone/integration-test/target/test-dir/MiniOzoneClusterImpl-75d4eebd-4d6b-4bc7-bead-2a18387fbc3f/datanode-0/data/ratis/d216901e-66f0-4660-99dd-5b2481e9846b/current/log_inprogress_0
2019-10-06 15:22:22,348 [Thread-764] INFO  impl.FollowerState (FollowerState.java:run(108)) - 07a43e08-05b1-4f1b-8daa-ac2d25af9eb9@group-D52A03C738BD-FollowerState: change to CANDIDATE, lastRpcTime:5009ms, electionTimeout:5009ms
2019-10-06 15:22:22,348 [Thread-764] INFO  impl.RoleInfo (RoleInfo.java:shutdownFollowerState(121)) - 07a43e08-05b1-4f1b-8daa-ac2d25af9eb9: shutdown FollowerState
2019-10-06 15:22:22,348 [Thread-764] INFO  impl.RaftServerImpl (RaftServerImpl.java:setRole(170)) - 07a43e08-05b1-4f1b-8daa-ac2d25af9eb9@group-D52A03C738BD: changes role from  FOLLOWER to CANDIDATE at term 1 for changeToCandidate
2019-10-06 15:22:22,349 [Thread-764] INFO  impl.RoleInfo (RoleInfo.java:updateAndGet(143)) - 07a43e08-05b1-4f1b-8daa-ac2d25af9eb9: start LeaderElection
2019-10-06 15:22:22,375 [07a43e08-05b1-4f1b-8daa-ac2d25af9eb9@group-D52A03C738BD-LeaderElection26] INFO  impl.LeaderElection (LeaderElection.java:askForVotes(178)) - 07a43e08-05b1-4f1b-8daa-ac2d25af9eb9@group-D52A03C738BD-LeaderElection26: begin an election at term 2 for -1: [1f7023bb-b481-481c-bd59-2650549f2a3a:192.168.30.23:38498, 4d76bd0b-f092-40f3-8f50-298f7e1f26ff:192.168.30.23:35117, 07a43e08-05b1-4f1b-8daa-ac2d25af9eb9:192.168.30.23:38860], old=null
2019-10-06 15:22:22,380 [grpc-default-executor-5] INFO  impl.RaftServerImpl (RaftServerImpl.java:setRole(170)) - 4d76bd0b-f092-40f3-8f50-298f7e1f26ff@group-D52A03C738BD: changes role from  FOLLOWER to FOLLOWER at term 2 for recognizeCandidate:07a43e08-05b1-4f1b-8daa-ac2d25af9eb9
2019-10-06 15:22:22,380 [grpc-default-executor-2] INFO  impl.RaftServerImpl (RaftServerImpl.java:setRole(170)) - 1f7023bb-b481-481c-bd59-2650549f2a3a@group-D52A03C738BD: changes role from  FOLLOWER to FOLLOWER at term 2 for recognizeCandidate:07a43e08-05b1-4f1b-8daa-ac2d25af9eb9
2019-10-06 15:22:22,380 [grpc-default-executor-5] INFO  impl.RoleInfo (RoleInfo.java:shutdownFollowerState(121)) - 4d76bd0b-f092-40f3-8f50-298f7e1f26ff: shutdown FollowerState
2019-10-06 15:22:22,380 [grpc-default-executor-2] INFO  impl.RoleInfo (RoleInfo.java:shutdownFollowerState(121)) - 1f7023bb-b481-481c-bd59-2650549f2a3a: shutdown FollowerState
2019-10-06 15:22:22,380 [Thread-766] INFO  impl.FollowerState (FollowerState.java:run(117)) - 4d76bd0b-f092-40f3-8f50-298f7e1f26ff@group-D52A03C738BD-FollowerState was interrupted: java.lang.InterruptedException: sleep interrupted
2019-10-06 15:22:22,380 [grpc-default-executor-5] INFO  impl.RoleInfo (RoleInfo.java:updateAndGet(143)) - 4d76bd0b-f092-40f3-8f50-298f7e1f26ff: start FollowerState
2019-10-06 15:22:22,380 [grpc-default-executor-2] INFO  impl.RoleInfo (RoleInfo.java:updateAndGet(143)) - 1f7023bb-b481-481c-bd59-2650549f2a3a: start FollowerState
2019-10-06 15:22:22,384 [Thread-765] INFO  impl.FollowerState (FollowerState.java:run(117)) - 1f7023bb-b481-481c-bd59-2650549f2a3a@group-D52A03C738BD-FollowerState was interrupted: java.lang.InterruptedException: sleep interrupted
2019-10-06 15:22:22,402 [07a43e08-05b1-4f1b-8daa-ac2d25af9eb9@group-D52A03C738BD-LeaderElection26] INFO  impl.LeaderElection (LeaderElection.java:logAndReturn(56)) - 07a43e08-05b1-4f1b-8daa-ac2d25af9eb9@group-D52A03C738BD-LeaderElection26: Election PASSED; received 1 response(s) [07a43e08-05b1-4f1b-8daa-ac2d25af9eb9<-4d76bd0b-f092-40f3-8f50-298f7e1f26ff#0:OK-t2] and 0 exception(s); 07a43e08-05b1-4f1b-8daa-ac2d25af9eb9@group-D52A03C738BD:t2, leader=null, voted=07a43e08-05b1-4f1b-8daa-ac2d25af9eb9, raftlog=07a43e08-05b1-4f1b-8daa-ac2d25af9eb9@group-D52A03C738BD-SegmentedRaftLog:OPENED:c-1,f-1,i0, conf=-1: [1f7023bb-b481-481c-bd59-2650549f2a3a:192.168.30.23:38498, 4d76bd0b-f092-40f3-8f50-298f7e1f26ff:192.168.30.23:35117, 07a43e08-05b1-4f1b-8daa-ac2d25af9eb9:192.168.30.23:38860], old=null
2019-10-06 15:22:22,402 [07a43e08-05b1-4f1b-8daa-ac2d25af9eb9@group-D52A03C738BD-LeaderElection26] INFO  impl.RoleInfo (RoleInfo.java:shutdownLeaderElection(134)) - 07a43e08-05b1-4f1b-8daa-ac2d25af9eb9: shutdown LeaderElection
2019-10-06 15:22:22,402 [07a43e08-05b1-4f1b-8daa-ac2d25af9eb9@group-D52A03C738BD-LeaderElection26] INFO  impl.RaftServerImpl (RaftServerImpl.java:setRole(170)) - 07a43e08-05b1-4f1b-8daa-ac2d25af9eb9@group-D52A03C738BD: changes role from CANDIDATE to LEADER at term 2 for changeToLeader
2019-10-06 15:22:22,403 [07a43e08-05b1-4f1b-8daa-ac2d25af9eb9@group-D52A03C738BD-LeaderElection26] INFO  impl.RaftServerImpl (ServerState.java:setLeader(255)) - 07a43e08-05b1-4f1b-8daa-ac2d25af9eb9@group-D52A03C738BD: change Leader from null to 07a43e08-05b1-4f1b-8daa-ac2d25af9eb9 at term 2 for becomeLeader, leader elected after 10371ms
2019-10-06 15:22:22,403 [07a43e08-05b1-4f1b-8daa-ac2d25af9eb9@group-D52A03C738BD-LeaderElection26] INFO  server.RaftServerConfigKeys (ConfUtils.java:logGet(43)) - raft.server.staging.catchup.gap = 1000 (default)
2019-10-06 15:22:22,403 [07a43e08-05b1-4f1b-8daa-ac2d25af9eb9@group-D52A03C738BD-LeaderElection26] INFO  server.RaftServerConfigKeys (ConfUtils.java:logGet(43)) - raft.server.rpc.sleep.time = 25ms (default)
2019-10-06 15:22:22,403 [07a43e08-05b1-4f1b-8daa-ac2d25af9eb9@group-D52A03C738BD-LeaderElection26] INFO  server.RaftServerConfigKeys (ConfUtils.java:logGet(43)) - raft.server.write.element-limit = 4096 (default)
2019-10-06 15:22:22,403 [07a43e08-05b1-4f1b-8daa-ac2d25af9eb9@group-D52A03C738BD-LeaderElection26] INFO  server.RaftServerConfigKeys (ConfUtils.java:logGet(43)) - raft.server.watch.timeout = 10s (default)
2019-10-06 15:22:22,404 [07a43e08-05b1-4f1b-8daa-ac2d25af9eb9@group-D52A03C738BD-LeaderElection26] INFO  server.RaftServerConfigKeys (ConfUtils.java:logGet(43)) - raft.server.watch.timeout.denomination = 1s (default)
2019-10-06 15:22:22,404 [07a43e08-05b1-4f1b-8daa-ac2d25af9eb9@group-D52A03C738BD-LeaderElection26] INFO  server.RaftServerConfigKeys (ConfUtils.java:logGet(43)) - raft.server.watch.element-limit = 65536 (default)
2019-10-06 15:22:22,407 [07a43e08-05b1-4f1b-8daa-ac2d25af9eb9@group-D52A03C738BD-LeaderElection26] INFO  server.RaftServerConfigKeys (ConfUtils.java:logGet(43)) - raft.server.log.appender.snapshot.chunk.size.max = 16MB (=16777216) (default)
2019-10-06 15:22:22,407 [07a43e08-05b1-4f1b-8daa-ac2d25af9eb9@group-D52A03C738BD-LeaderElection26] INFO  server.RaftServerConfigKeys (ConfUtils.java:logGet(43)) - raft.server.log.appender.buffer.byte-limit = 33554432 (custom)
2019-10-06 15:22:22,407 [07a43e08-05b1-4f1b-8daa-ac2d25af9eb9@group-D52A03C738BD-LeaderElection26] INFO  server.RaftServerConfigKeys (ConfUtils.java:logGet(43)) - raft.server.log.appender.buffer.element-limit = 1 (custom)
2019-10-06 15:22:22,408 [07a43e08-05b1-4f1b-8daa-ac2d25af9eb9@group-D52A03C738BD-LeaderElection26] INFO  grpc.GrpcConfigKeys$Server (ConfUtils.java:logGet(43)) - raft.grpc.server.leader.outstanding.appends.max = 128 (default)
2019-10-06 15:22:22,408 [07a43e08-05b1-4f1b-8daa-ac2d25af9eb9@group-D52A03C738BD-LeaderElection26] INFO  server.RaftServerConfigKeys (ConfUtils.java:logGet(43)) - raft.server.rpc.request.timeout = 3000ms (default)
2019-10-06 15:22:22,408 [07a43e08-05b1-4f1b-8daa-ac2d25af9eb9@group-D52A03C738BD-LeaderElection26] INFO  server.RaftServerConfigKeys (ConfUtils.java:logGet(43)) - raft.server.log.appender.install.snapshot.enabled = false (custom)
2019-10-06 15:22:22,408 [07a43e08-05b1-4f1b-8daa-ac2d25af9eb9@group-D52A03C738BD-LeaderElection26] INFO  server.RaftServerConfigKeys (ConfUtils.java:logGet(43)) - raft.server.log.appender.snapshot.chunk.size.max = 16MB (=16777216) (default)
2019-10-06 15:22:22,409 [07a43e08-05b1-4f1b-8daa-ac2d25af9eb9@group-D52A03C738BD-LeaderElection26] INFO  server.RaftServerConfigKeys (ConfUtils.java:logGet(43)) - raft.server.log.appender.buffer.byte-limit = 33554432 (custom)
2019-10-06 15:22:22,409 [07a43e08-05b1-4f1b-8daa-ac2d25af9eb9@group-D52A03C738BD-LeaderElection26] INFO  server.RaftServerConfigKeys (ConfUtils.java:logGet(43)) - raft.server.log.appender.buffer.element-limit = 1 (custom)
2019-10-06 15:22:22,409 [07a43e08-05b1-4f1b-8daa-ac2d25af9eb9@group-D52A03C738BD-LeaderElection26] INFO  grpc.GrpcConfigKeys$Server (ConfUtils.java:logGet(43)) - raft.grpc.server.leader.outstanding.appends.max = 128 (default)
2019-10-06 15:22:22,409 [07a43e08-05b1-4f1b-8daa-ac2d25af9eb9@group-D52A03C738BD-LeaderElection26] INFO  server.RaftServerConfigKeys (ConfUtils.java:logGet(43)) - raft.server.rpc.request.timeout = 3000ms (default)
2019-10-06 15:22:22,409 [07a43e08-05b1-4f1b-8daa-ac2d25af9eb9@group-D52A03C738BD-LeaderElection26] INFO  server.RaftServerConfigKeys (ConfUtils.java:logGet(43)) - raft.server.log.appender.install.snapshot.enabled = false (custom)
2019-10-06 15:22:22,410 [07a43e08-05b1-4f1b-8daa-ac2d25af9eb9@group-D52A03C738BD-LeaderElection26] INFO  impl.RoleInfo (RoleInfo.java:updateAndGet(143)) - 07a43e08-05b1-4f1b-8daa-ac2d25af9eb9: start LeaderState
2019-10-06 15:22:22,410 [07a43e08-05b1-4f1b-8daa-ac2d25af9eb9@group-D52A03C738BD-LeaderElection26] INFO  segmented.SegmentedRaftLogWorker (SegmentedRaftLogWorker.java:startLogSegment(385)) - 07a43e08-05b1-4f1b-8daa-ac2d25af9eb9@group-D52A03C738BD-SegmentedRaftLogWorker: Starting segment from index:0
2019-10-06 15:22:22,411 [07a43e08-05b1-4f1b-8daa-ac2d25af9eb9@group-D52A03C738BD-LeaderElection26] INFO  impl.RaftServerImpl (ServerState.java:setRaftConf(356)) - 07a43e08-05b1-4f1b-8daa-ac2d25af9eb9@group-D52A03C738BD: set configuration 0: [1f7023bb-b481-481c-bd59-2650549f2a3a:192.168.30.23:38498, 4d76bd0b-f092-40f3-8f50-298f7e1f26ff:192.168.30.23:35117, 07a43e08-05b1-4f1b-8daa-ac2d25af9eb9:192.168.30.23:38860], old=null at 0
2019-10-06 15:22:22,412 [grpc-default-executor-2] INFO  impl.RaftServerImpl (ServerState.java:setLeader(255)) - 1f7023bb-b481-481c-bd59-2650549f2a3a@group-D52A03C738BD: change Leader from null to 07a43e08-05b1-4f1b-8daa-ac2d25af9eb9 at term 2 for appendEntries, leader elected after 10381ms
2019-10-06 15:22:22,446 [grpc-default-executor-5] INFO  impl.RaftServerImpl (ServerState.java:setLeader(255)) - 4d76bd0b-f092-40f3-8f50-298f7e1f26ff@group-D52A03C738BD: change Leader from null to 07a43e08-05b1-4f1b-8daa-ac2d25af9eb9 at term 2 for appendEntries, leader elected after 10415ms
2019-10-06 15:22:22,449 [grpc-default-executor-2] INFO  impl.RaftServerImpl (ServerState.java:setRaftConf(356)) - 1f7023bb-b481-481c-bd59-2650549f2a3a@group-D52A03C738BD: set configuration 0: [1f7023bb-b481-481c-bd59-2650549f2a3a:192.168.30.23:38498, 4d76bd0b-f092-40f3-8f50-298f7e1f26ff:192.168.30.23:35117, 07a43e08-05b1-4f1b-8daa-ac2d25af9eb9:192.168.30.23:38860], old=null at 0
2019-10-06 15:22:22,450 [grpc-default-executor-5] INFO  impl.RaftServerImpl (ServerState.java:setRaftConf(356)) - 4d76bd0b-f092-40f3-8f50-298f7e1f26ff@group-D52A03C738BD: set configuration 0: [1f7023bb-b481-481c-bd59-2650549f2a3a:192.168.30.23:38498, 4d76bd0b-f092-40f3-8f50-298f7e1f26ff:192.168.30.23:35117, 07a43e08-05b1-4f1b-8daa-ac2d25af9eb9:192.168.30.23:38860], old=null at 0
2019-10-06 15:22:22,450 [grpc-default-executor-2] INFO  segmented.SegmentedRaftLogWorker (SegmentedRaftLogWorker.java:startLogSegment(385)) - 1f7023bb-b481-481c-bd59-2650549f2a3a@group-D52A03C738BD-SegmentedRaftLogWorker: Starting segment from index:0
2019-10-06 15:22:22,450 [grpc-default-executor-5] INFO  segmented.SegmentedRaftLogWorker (SegmentedRaftLogWorker.java:startLogSegment(385)) - 4d76bd0b-f092-40f3-8f50-298f7e1f26ff@group-D52A03C738BD-SegmentedRaftLogWorker: Starting segment from index:0
2019-10-06 15:22:22,458 [07a43e08-05b1-4f1b-8daa-ac2d25af9eb9@group-D52A03C738BD-SegmentedRaftLogWorker] INFO  segmented.SegmentedRaftLogWorker (SegmentedRaftLogWorker.java:execute(574)) - 07a43e08-05b1-4f1b-8daa-ac2d25af9eb9@group-D52A03C738BD-SegmentedRaftLogWorker: created new log segment /workdir/hadoop-ozone/integration-test/target/test-dir/MiniOzoneClusterImpl-75d4eebd-4d6b-4bc7-bead-2a18387fbc3f/datanode-4/data/ratis/b33d5e36-bed4-451e-8629-d52a03c738bd/current/log_inprogress_0
2019-10-06 15:22:22,517 [4d76bd0b-f092-40f3-8f50-298f7e1f26ff@group-D52A03C738BD-SegmentedRaftLogWorker] INFO  segmented.SegmentedRaftLogWorker (SegmentedRaftLogWorker.java:execute(574)) - 4d76bd0b-f092-40f3-8f50-298f7e1f26ff@group-D52A03C738BD-SegmentedRaftLogWorker: created new log segment /workdir/hadoop-ozone/integration-test/target/test-dir/MiniOzoneClusterImpl-75d4eebd-4d6b-4bc7-bead-2a18387fbc3f/datanode-5/data/ratis/b33d5e36-bed4-451e-8629-d52a03c738bd/current/log_inprogress_0
2019-10-06 15:22:22,517 [1f7023bb-b481-481c-bd59-2650549f2a3a@group-D52A03C738BD-SegmentedRaftLogWorker] INFO  segmented.SegmentedRaftLogWorker (SegmentedRaftLogWorker.java:execute(574)) - 1f7023bb-b481-481c-bd59-2650549f2a3a@group-D52A03C738BD-SegmentedRaftLogWorker: created new log segment /workdir/hadoop-ozone/integration-test/target/test-dir/MiniOzoneClusterImpl-75d4eebd-4d6b-4bc7-bead-2a18387fbc3f/datanode-3/data/ratis/b33d5e36-bed4-451e-8629-d52a03c738bd/current/log_inprogress_0
2019-10-06 15:22:22,815 [RatisApplyTransactionExecutor 1] ERROR ratis.ContainerStateMachine (ContainerStateMachine.java:lambda$applyTransaction$6(725)) - gid group-D52A03C738BD : ApplyTransaction failed. cmd CreateContainer logIndex 7 exception {}
java.lang.IllegalArgumentException
	at com.google.common.base.Preconditions.checkArgument(Preconditions.java:72)
	at org.apache.hadoop.ozone.container.keyvalue.KeyValueHandler.handleCreateContainer(KeyValueHandler.java:215)
	at org.apache.hadoop.ozone.container.keyvalue.KeyValueHandler.handle(KeyValueHandler.java:152)
	at org.apache.hadoop.ozone.container.common.impl.HddsDispatcher.dispatchRequest(HddsDispatcher.java:275)
	at org.apache.hadoop.ozone.container.common.impl.HddsDispatcher.dispatch(HddsDispatcher.java:150)
	at org.apache.hadoop.ozone.container.common.transport.server.ratis.ContainerStateMachine.dispatchCommand(ContainerStateMachine.java:405)
	at org.apache.hadoop.ozone.container.common.transport.server.ratis.ContainerStateMachine.runCommand(ContainerStateMachine.java:413)
	at org.apache.hadoop.ozone.container.common.transport.server.ratis.ContainerStateMachine.lambda$applyTransaction$6(ContainerStateMachine.java:723)
	at java.util.concurrent.CompletableFuture$AsyncSupply.run(CompletableFuture.java:1590)
	at java.util.concurrent.ThreadPoolExecutor.runWorker(ThreadPoolExecutor.java:1149)
	at java.util.concurrent.ThreadPoolExecutor$Worker.run(ThreadPoolExecutor.java:624)
	at java.lang.Thread.run(Thread.java:748)
2019-10-06 15:22:22,835 [RatisApplyTransactionExecutor 1] ERROR ratis.ContainerStateMachine (ContainerStateMachine.java:lambda$applyTransaction$6(725)) - gid group-D52A03C738BD : ApplyTransaction failed. cmd CreateContainer logIndex 7 exception {}
java.lang.IllegalArgumentException
	at com.google.common.base.Preconditions.checkArgument(Preconditions.java:72)
	at org.apache.hadoop.ozone.container.keyvalue.KeyValueHandler.handleCreateContainer(KeyValueHandler.java:215)
	at org.apache.hadoop.ozone.container.keyvalue.KeyValueHandler.handle(KeyValueHandler.java:152)
	at org.apache.hadoop.ozone.container.common.impl.HddsDispatcher.dispatchRequest(HddsDispatcher.java:275)
	at org.apache.hadoop.ozone.container.common.impl.HddsDispatcher.dispatch(HddsDispatcher.java:150)
	at org.apache.hadoop.ozone.container.common.transport.server.ratis.ContainerStateMachine.dispatchCommand(ContainerStateMachine.java:405)
	at org.apache.hadoop.ozone.container.common.transport.server.ratis.ContainerStateMachine.runCommand(ContainerStateMachine.java:413)
	at org.apache.hadoop.ozone.container.common.transport.server.ratis.ContainerStateMachine.lambda$applyTransaction$6(ContainerStateMachine.java:723)
	at java.util.concurrent.CompletableFuture$AsyncSupply.run(CompletableFuture.java:1590)
	at java.util.concurrent.ThreadPoolExecutor.runWorker(ThreadPoolExecutor.java:1149)
	at java.util.concurrent.ThreadPoolExecutor$Worker.run(ThreadPoolExecutor.java:624)
	at java.lang.Thread.run(Thread.java:748)
2019-10-06 15:22:22,835 [RatisApplyTransactionExecutor 1] ERROR ratis.ContainerStateMachine (ContainerStateMachine.java:lambda$applyTransaction$6(725)) - gid group-D52A03C738BD : ApplyTransaction failed. cmd CreateContainer logIndex 7 exception {}
java.lang.IllegalArgumentException
	at com.google.common.base.Preconditions.checkArgument(Preconditions.java:72)
	at org.apache.hadoop.ozone.container.keyvalue.KeyValueHandler.handleCreateContainer(KeyValueHandler.java:215)
	at org.apache.hadoop.ozone.container.keyvalue.KeyValueHandler.handle(KeyValueHandler.java:152)
	at org.apache.hadoop.ozone.container.common.impl.HddsDispatcher.dispatchRequest(HddsDispatcher.java:275)
	at org.apache.hadoop.ozone.container.common.impl.HddsDispatcher.dispatch(HddsDispatcher.java:150)
	at org.apache.hadoop.ozone.container.common.transport.server.ratis.ContainerStateMachine.dispatchCommand(ContainerStateMachine.java:405)
	at org.apache.hadoop.ozone.container.common.transport.server.ratis.ContainerStateMachine.runCommand(ContainerStateMachine.java:413)
	at org.apache.hadoop.ozone.container.common.transport.server.ratis.ContainerStateMachine.lambda$applyTransaction$6(ContainerStateMachine.java:723)
	at java.util.concurrent.CompletableFuture$AsyncSupply.run(CompletableFuture.java:1590)
	at java.util.concurrent.ThreadPoolExecutor.runWorker(ThreadPoolExecutor.java:1149)
	at java.util.concurrent.ThreadPoolExecutor$Worker.run(ThreadPoolExecutor.java:624)
	at java.lang.Thread.run(Thread.java:748)
2019-10-06 15:23:54,667 [main] INFO  ozone.MiniOzoneClusterImpl (MiniOzoneClusterImpl.java:shutdown(314)) - Shutting down the Mini Ozone Cluster
2019-10-06 15:23:54,668 [main] INFO  ozone.MiniOzoneClusterImpl (MiniOzoneClusterImpl.java:stop(330)) - Stopping the Mini Ozone Cluster
2019-10-06 15:23:54,668 [main] INFO  ozone.MiniOzoneClusterImpl (MiniOzoneClusterImpl.java:stopOM(400)) - Stopping the OzoneManager
2019-10-06 15:23:54,668 [main] INFO  ipc.Server (Server.java:stop(3082)) - Stopping server on 37661
2019-10-06 15:23:54,685 [main] INFO  ratis.OzoneManagerDoubleBuffer (OzoneManagerDoubleBuffer.java:stop(248)) - Stopping OMDoubleBuffer flush thread
2019-10-06 15:23:54,686 [IPC Server listener on 37661] INFO  ipc.Server (Server.java:run(1185)) - Stopping IPC Server listener on 37661
2019-10-06 15:23:54,685 [IPC Server Responder] INFO  ipc.Server (Server.java:run(1319)) - Stopping IPC Server Responder
2019-10-06 15:23:54,703 [OMDoubleBufferFlushThread] INFO  ratis.OzoneManagerDoubleBuffer (OzoneManagerDoubleBuffer.java:flushTransactions(191)) - OMDoubleBuffer flush thread OMDoubleBufferFlushThread is interrupted and will exit. OMDoubleBufferFlushThread
2019-10-06 15:23:54,721 [main] INFO  utils.BackgroundService (BackgroundService.java:shutdown(148)) - Shutting down service KeyDeletingService
2019-10-06 15:23:54,725 [main] INFO  handler.ContextHandler (ContextHandler.java:doStop(910)) - Stopped o.e.j.w.WebAppContext@7f4701b1{/,null,UNAVAILABLE}{/ozoneManager}
2019-10-06 15:23:54,726 [main] INFO  server.AbstractConnector (AbstractConnector.java:doStop(318)) - Stopped ServerConnector@adcfad9{HTTP/1.1,[http/1.1]}{0.0.0.0:0}
2019-10-06 15:23:54,727 [main] INFO  handler.ContextHandler (ContextHandler.java:doStop(910)) - Stopped o.e.j.s.ServletContextHandler@6d33a66e{/static,file:///workdir/hadoop-ozone/integration-test/target/test-classes/webapps/static,UNAVAILABLE}
2019-10-06 15:23:54,728 [main] INFO  handler.ContextHandler (ContextHandler.java:doStop(910)) - Stopped o.e.j.s.ServletContextHandler@44fdce3c{/logs,file:///workdir/hadoop-ozone/integration-test/target/log,UNAVAILABLE}
2019-10-06 15:23:54,732 [main] INFO  ozone.MiniOzoneClusterImpl (MiniOzoneClusterImpl.java:stopDatanodes(377)) - Stopping the HddsDatanodes
2019-10-06 15:23:54,809 [Datanode State Machine Thread - 0] INFO  statemachine.DatanodeStateMachine (DatanodeStateMachine.java:lambda$startDaemon$0(350)) - Ozone container server started.
2019-10-06 15:23:55,564 [Datanode State Machine Thread - 0] INFO  statemachine.DatanodeStateMachine (DatanodeStateMachine.java:lambda$startDaemon$0(350)) - Ozone container server started.
2019-10-06 15:23:59,735 [main] INFO  ozoneimpl.OzoneContainer (OzoneContainer.java:stop(231)) - Attempting to stop container services.
2019-10-06 15:23:59,735 [ForkJoinPool.commonPool-worker-1] INFO  ozoneimpl.OzoneContainer (OzoneContainer.java:stop(231)) - Attempting to stop container services.
2019-10-06 15:23:59,742 [main] INFO  impl.RaftServerProxy (RaftServerProxy.java:lambda$close$4(314)) - 07a43e08-05b1-4f1b-8daa-ac2d25af9eb9: close
2019-10-06 15:23:59,742 [ForkJoinPool.commonPool-worker-1] INFO  impl.RaftServerProxy (RaftServerProxy.java:lambda$close$4(314)) - bac7edc9-69c9-4080-ab0c-1a7f1a29f394: close
2019-10-06 15:23:59,743 [main] INFO  impl.RaftServerImpl (RaftServerImpl.java:lambda$shutdown$3(247)) - 07a43e08-05b1-4f1b-8daa-ac2d25af9eb9@group-9FEC1A89F607: shutdown
2019-10-06 15:23:59,743 [ForkJoinPool.commonPool-worker-1] INFO  impl.RaftServerImpl (RaftServerImpl.java:lambda$shutdown$3(247)) - bac7edc9-69c9-4080-ab0c-1a7f1a29f394@group-5B2481E9846B: shutdown
2019-10-06 15:23:59,743 [main] INFO  util.JmxRegister (JmxRegister.java:unregister(73)) - Successfully un-registered JMX Bean with object name Ratis:service=RaftServer,group=group-9FEC1A89F607,id=07a43e08-05b1-4f1b-8daa-ac2d25af9eb9
2019-10-06 15:23:59,743 [ForkJoinPool.commonPool-worker-1] INFO  util.JmxRegister (JmxRegister.java:unregister(73)) - Successfully un-registered JMX Bean with object name Ratis:service=RaftServer,group=group-5B2481E9846B,id=bac7edc9-69c9-4080-ab0c-1a7f1a29f394
2019-10-06 15:23:59,744 [main] INFO  impl.RoleInfo (RoleInfo.java:shutdownLeaderState(104)) - 07a43e08-05b1-4f1b-8daa-ac2d25af9eb9: shutdown LeaderState
2019-10-06 15:23:59,744 [ForkJoinPool.commonPool-worker-1] INFO  impl.RoleInfo (RoleInfo.java:shutdownLeaderState(104)) - bac7edc9-69c9-4080-ab0c-1a7f1a29f394: shutdown LeaderState
2019-10-06 15:23:59,745 [main] INFO  impl.PendingRequests (PendingRequests.java:sendNotLeaderResponses(202)) - 07a43e08-05b1-4f1b-8daa-ac2d25af9eb9@group-9FEC1A89F607-PendingRequests: sendNotLeaderResponses
2019-10-06 15:23:59,749 [org.apache.ratis.server.impl.LogAppender$AppenderDaemon$$Lambda$554/417633151@22e402ad] WARN  server.GrpcLogAppender (GrpcLogAppender.java:mayWait(143)) - bac7edc9-69c9-4080-ab0c-1a7f1a29f394@group-5B2481E9846B->69531f84-7205-4417-979c-d03528d6b4c2-GrpcLogAppender: Wait interrupted by java.lang.InterruptedException
2019-10-06 15:23:59,749 [org.apache.ratis.server.impl.LogAppender$AppenderDaemon$$Lambda$554/417633151@38ba0167] WARN  server.GrpcLogAppender (GrpcLogAppender.java:mayWait(143)) - bac7edc9-69c9-4080-ab0c-1a7f1a29f394@group-5B2481E9846B->86e848c3-a8c4-4469-96f4-d2b84c1dcbfa-GrpcLogAppender: Wait interrupted by java.lang.InterruptedException
2019-10-06 15:23:59,749 [ForkJoinPool.commonPool-worker-1] INFO  impl.PendingRequests (PendingRequests.java:sendNotLeaderResponses(202)) - bac7edc9-69c9-4080-ab0c-1a7f1a29f394@group-5B2481E9846B-PendingRequests: sendNotLeaderResponses
2019-10-06 15:23:59,750 [ForkJoinPool.commonPool-worker-1] INFO  impl.StateMachineUpdater (StateMachineUpdater.java:stopAndJoin(136)) - bac7edc9-69c9-4080-ab0c-1a7f1a29f394@group-5B2481E9846B-StateMachineUpdater: set stopIndex = 0
2019-10-06 15:23:59,750 [main] INFO  impl.StateMachineUpdater (StateMachineUpdater.java:stopAndJoin(136)) - 07a43e08-05b1-4f1b-8daa-ac2d25af9eb9@group-9FEC1A89F607-StateMachineUpdater: set stopIndex = 0
2019-10-06 15:23:59,751 [main] INFO  impl.RaftServerImpl (ServerState.java:close(387)) - 07a43e08-05b1-4f1b-8daa-ac2d25af9eb9@group-9FEC1A89F607: closes. applyIndex: 0
2019-10-06 15:23:59,751 [ForkJoinPool.commonPool-worker-1] INFO  impl.RaftServerImpl (ServerState.java:close(387)) - bac7edc9-69c9-4080-ab0c-1a7f1a29f394@group-5B2481E9846B: closes. applyIndex: 0
2019-10-06 15:23:59,752 [grpc-default-executor-1] INFO  server.GrpcServerProtocolService (GrpcServerProtocolService.java:onCompleted(113)) - 69531f84-7205-4417-979c-d03528d6b4c2: Completed APPEND_ENTRIES, lastRequest: bac7edc9-69c9-4080-ab0c-1a7f1a29f394->69531f84-7205-4417-979c-d03528d6b4c2#41-t1, previous=(t:1, i:0), leaderCommit=0, initializing? false, entries: <empty>
2019-10-06 15:23:59,752 [grpc-default-executor-2] INFO  server.GrpcServerProtocolService (GrpcServerProtocolService.java:onCompleted(113)) - 86e848c3-a8c4-4469-96f4-d2b84c1dcbfa: Completed APPEND_ENTRIES, lastRequest: bac7edc9-69c9-4080-ab0c-1a7f1a29f394->86e848c3-a8c4-4469-96f4-d2b84c1dcbfa#41-t1, previous=(t:1, i:0), leaderCommit=0, initializing? false, entries: <empty>
2019-10-06 15:23:59,752 [bac7edc9-69c9-4080-ab0c-1a7f1a29f394@group-5B2481E9846B-SegmentedRaftLogWorker] INFO  segmented.SegmentedRaftLogWorker (SegmentedRaftLogWorker.java:run(316)) - bac7edc9-69c9-4080-ab0c-1a7f1a29f394@group-5B2481E9846B-SegmentedRaftLogWorker was interrupted, exiting. There are 0 tasks remaining in the queue.
2019-10-06 15:23:59,752 [07a43e08-05b1-4f1b-8daa-ac2d25af9eb9@group-9FEC1A89F607-SegmentedRaftLogWorker] INFO  segmented.SegmentedRaftLogWorker (SegmentedRaftLogWorker.java:run(316)) - 07a43e08-05b1-4f1b-8daa-ac2d25af9eb9@group-9FEC1A89F607-SegmentedRaftLogWorker was interrupted, exiting. There are 0 tasks remaining in the queue.
2019-10-06 15:23:59,755 [main] INFO  segmented.SegmentedRaftLogWorker (SegmentedRaftLogWorker.java:close(224)) - 07a43e08-05b1-4f1b-8daa-ac2d25af9eb9@group-9FEC1A89F607-SegmentedRaftLogWorker close()
2019-10-06 15:23:59,755 [ForkJoinPool.commonPool-worker-1] INFO  segmented.SegmentedRaftLogWorker (SegmentedRaftLogWorker.java:close(224)) - bac7edc9-69c9-4080-ab0c-1a7f1a29f394@group-5B2481E9846B-SegmentedRaftLogWorker close()
2019-10-06 15:23:59,760 [main] INFO  impl.RaftServerImpl (RaftServerImpl.java:lambda$shutdown$3(247)) - 07a43e08-05b1-4f1b-8daa-ac2d25af9eb9@group-D52A03C738BD: shutdown
2019-10-06 15:23:59,764 [ForkJoinPool.commonPool-worker-1] INFO  impl.RaftServerImpl (RaftServerImpl.java:lambda$shutdown$3(247)) - bac7edc9-69c9-4080-ab0c-1a7f1a29f394@group-AA9DA0F2CE76: shutdown
2019-10-06 15:23:59,764 [grpc-default-executor-1] INFO  server.GrpcLogAppender (GrpcLogAppender.java:onCompleted(293)) - bac7edc9-69c9-4080-ab0c-1a7f1a29f394@group-5B2481E9846B->69531f84-7205-4417-979c-d03528d6b4c2-AppendLogResponseHandler: follower responses appendEntries COMPLETED
2019-10-06 15:23:59,764 [grpc-default-executor-2] INFO  server.GrpcLogAppender (GrpcLogAppender.java:onCompleted(293)) - bac7edc9-69c9-4080-ab0c-1a7f1a29f394@group-5B2481E9846B->86e848c3-a8c4-4469-96f4-d2b84c1dcbfa-AppendLogResponseHandler: follower responses appendEntries COMPLETED
2019-10-06 15:23:59,765 [ForkJoinPool.commonPool-worker-1] INFO  util.JmxRegister (JmxRegister.java:unregister(73)) - Successfully un-registered JMX Bean with object name Ratis:service=RaftServer,group=group-AA9DA0F2CE76,id=bac7edc9-69c9-4080-ab0c-1a7f1a29f394
2019-10-06 15:23:59,764 [main] INFO  util.JmxRegister (JmxRegister.java:unregister(73)) - Successfully un-registered JMX Bean with object name Ratis:service=RaftServer,group=group-D52A03C738BD,id=07a43e08-05b1-4f1b-8daa-ac2d25af9eb9
2019-10-06 15:23:59,766 [ForkJoinPool.commonPool-worker-1] INFO  impl.RoleInfo (RoleInfo.java:shutdownLeaderState(104)) - bac7edc9-69c9-4080-ab0c-1a7f1a29f394: shutdown LeaderState
2019-10-06 15:23:59,766 [main] INFO  impl.RoleInfo (RoleInfo.java:shutdownLeaderState(104)) - 07a43e08-05b1-4f1b-8daa-ac2d25af9eb9: shutdown LeaderState
2019-10-06 15:23:59,766 [grpc-default-executor-1] INFO  impl.FollowerInfo (FollowerInfo.java:lambda$new$0(51)) - bac7edc9-69c9-4080-ab0c-1a7f1a29f394@group-5B2481E9846B->69531f84-7205-4417-979c-d03528d6b4c2: nextIndex: updateUnconditionally 1 -> 0
2019-10-06 15:23:59,766 [ForkJoinPool.commonPool-worker-1] INFO  impl.PendingRequests (PendingRequests.java:sendNotLeaderResponses(202)) - bac7edc9-69c9-4080-ab0c-1a7f1a29f394@group-AA9DA0F2CE76-PendingRequests: sendNotLeaderResponses
2019-10-06 15:23:59,771 [org.apache.ratis.server.impl.LogAppender$AppenderDaemon$$Lambda$554/417633151@6e92ffdf] WARN  server.GrpcLogAppender (GrpcLogAppender.java:mayWait(143)) - 07a43e08-05b1-4f1b-8daa-ac2d25af9eb9@group-D52A03C738BD->1f7023bb-b481-481c-bd59-2650549f2a3a-GrpcLogAppender: Wait interrupted by java.lang.InterruptedException
2019-10-06 15:23:59,771 [org.apache.ratis.server.impl.LogAppender$AppenderDaemon$$Lambda$554/417633151@fe63073] WARN  server.GrpcLogAppender (GrpcLogAppender.java:mayWait(143)) - 07a43e08-05b1-4f1b-8daa-ac2d25af9eb9@group-D52A03C738BD->4d76bd0b-f092-40f3-8f50-298f7e1f26ff-GrpcLogAppender: Wait interrupted by java.lang.InterruptedException
2019-10-06 15:23:59,771 [grpc-default-executor-2] INFO  impl.FollowerInfo (FollowerInfo.java:lambda$new$0(51)) - bac7edc9-69c9-4080-ab0c-1a7f1a29f394@group-5B2481E9846B->86e848c3-a8c4-4469-96f4-d2b84c1dcbfa: nextIndex: updateUnconditionally 1 -> 0
2019-10-06 15:23:59,771 [main] INFO  impl.PendingRequests (PendingRequests.java:sendNotLeaderResponses(202)) - 07a43e08-05b1-4f1b-8daa-ac2d25af9eb9@group-D52A03C738BD-PendingRequests: sendNotLeaderResponses
2019-10-06 15:23:59,772 [grpc-default-executor-2] INFO  server.GrpcServerProtocolService (GrpcServerProtocolService.java:onCompleted(113)) - 4d76bd0b-f092-40f3-8f50-298f7e1f26ff: Completed APPEND_ENTRIES, lastRequest: 07a43e08-05b1-4f1b-8daa-ac2d25af9eb9->4d76bd0b-f092-40f3-8f50-298f7e1f26ff#47-t2, previous=(t:2, i:8), leaderCommit=8, initializing? false, entries: <empty>
2019-10-06 15:23:59,772 [grpc-default-executor-1] INFO  server.GrpcServerProtocolService (GrpcServerProtocolService.java:onCompleted(113)) - 1f7023bb-b481-481c-bd59-2650549f2a3a: Completed APPEND_ENTRIES, lastRequest: 07a43e08-05b1-4f1b-8daa-ac2d25af9eb9->1f7023bb-b481-481c-bd59-2650549f2a3a#47-t2, previous=(t:2, i:8), leaderCommit=8, initializing? false, entries: <empty>
2019-10-06 15:23:59,771 [ForkJoinPool.commonPool-worker-1] INFO  impl.StateMachineUpdater (StateMachineUpdater.java:stopAndJoin(136)) - bac7edc9-69c9-4080-ab0c-1a7f1a29f394@group-AA9DA0F2CE76-StateMachineUpdater: set stopIndex = 0
2019-10-06 15:23:59,777 [grpc-default-executor-1] INFO  server.GrpcLogAppender (GrpcLogAppender.java:onCompleted(293)) - 07a43e08-05b1-4f1b-8daa-ac2d25af9eb9@group-D52A03C738BD->1f7023bb-b481-481c-bd59-2650549f2a3a-AppendLogResponseHandler: follower responses appendEntries COMPLETED
2019-10-06 15:23:59,777 [grpc-default-executor-2] INFO  server.GrpcLogAppender (GrpcLogAppender.java:onCompleted(293)) - 07a43e08-05b1-4f1b-8daa-ac2d25af9eb9@group-D52A03C738BD->4d76bd0b-f092-40f3-8f50-298f7e1f26ff-AppendLogResponseHandler: follower responses appendEntries COMPLETED
2019-10-06 15:23:59,776 [07a43e08-05b1-4f1b-8daa-ac2d25af9eb9@group-D52A03C738BD-StateMachineUpdater] INFO  ratis.ContainerStateMachine (ContainerStateMachine.java:takeSnapshot(293)) - group-D52A03C738BD: Taking a snapshot at:(t:2, i:6) file /workdir/hadoop-ozone/integration-test/target/test-dir/MiniOzoneClusterImpl-75d4eebd-4d6b-4bc7-bead-2a18387fbc3f/datanode-4/data/ratis/b33d5e36-bed4-451e-8629-d52a03c738bd/sm/snapshot.2_6
2019-10-06 15:23:59,777 [grpc-default-executor-1] INFO  impl.FollowerInfo (FollowerInfo.java:lambda$new$0(51)) - 07a43e08-05b1-4f1b-8daa-ac2d25af9eb9@group-D52A03C738BD->1f7023bb-b481-481c-bd59-2650549f2a3a: nextIndex: updateUnconditionally 9 -> 8
2019-10-06 15:23:59,776 [main] INFO  impl.StateMachineUpdater (StateMachineUpdater.java:stopAndJoin(136)) - 07a43e08-05b1-4f1b-8daa-ac2d25af9eb9@group-D52A03C738BD-StateMachineUpdater: set stopIndex = 8
2019-10-06 15:23:59,778 [grpc-default-executor-2] INFO  impl.FollowerInfo (FollowerInfo.java:lambda$new$0(51)) - 07a43e08-05b1-4f1b-8daa-ac2d25af9eb9@group-D52A03C738BD->4d76bd0b-f092-40f3-8f50-298f7e1f26ff: nextIndex: updateUnconditionally 9 -> 8
2019-10-06 15:23:59,777 [ForkJoinPool.commonPool-worker-1] INFO  impl.RaftServerImpl (ServerState.java:close(387)) - bac7edc9-69c9-4080-ab0c-1a7f1a29f394@group-AA9DA0F2CE76: closes. applyIndex: 0
2019-10-06 15:23:59,779 [bac7edc9-69c9-4080-ab0c-1a7f1a29f394@group-AA9DA0F2CE76-SegmentedRaftLogWorker] INFO  segmented.SegmentedRaftLogWorker (SegmentedRaftLogWorker.java:run(316)) - bac7edc9-69c9-4080-ab0c-1a7f1a29f394@group-AA9DA0F2CE76-SegmentedRaftLogWorker was interrupted, exiting. There are 0 tasks remaining in the queue.
2019-10-06 15:23:59,781 [ForkJoinPool.commonPool-worker-1] INFO  segmented.SegmentedRaftLogWorker (SegmentedRaftLogWorker.java:close(224)) - bac7edc9-69c9-4080-ab0c-1a7f1a29f394@group-AA9DA0F2CE76-SegmentedRaftLogWorker close()
2019-10-06 15:23:59,785 [ForkJoinPool.commonPool-worker-1] INFO  server.GrpcService (GrpcService.java:closeImpl(164)) - bac7edc9-69c9-4080-ab0c-1a7f1a29f394: shutdown server with port 45138 now
2019-10-06 15:23:59,786 [ForkJoinPool.commonPool-worker-1] INFO  server.GrpcService (GrpcService.java:closeImpl(172)) - bac7edc9-69c9-4080-ab0c-1a7f1a29f394: shutdown server with port 45138 successfully
2019-10-06 15:23:59,791 [07a43e08-05b1-4f1b-8daa-ac2d25af9eb9@group-D52A03C738BD-StateMachineUpdater] INFO  ratis.ContainerStateMachine (ContainerStateMachine.java:takeSnapshot(304)) - group-D52A03C738BD: Finished taking a snapshot at:(t:2, i:6) file:/workdir/hadoop-ozone/integration-test/target/test-dir/MiniOzoneClusterImpl-75d4eebd-4d6b-4bc7-bead-2a18387fbc3f/datanode-4/data/ratis/b33d5e36-bed4-451e-8629-d52a03c738bd/sm/snapshot.2_6 time:15
2019-10-06 15:23:59,793 [07a43e08-05b1-4f1b-8daa-ac2d25af9eb9@group-D52A03C738BD-StateMachineUpdater] INFO  impl.StateMachineUpdater (StateMachineUpdater.java:takeSnapshot(269)) - 07a43e08-05b1-4f1b-8daa-ac2d25af9eb9@group-D52A03C738BD-StateMachineUpdater: Took a snapshot at index 6
2019-10-06 15:23:59,793 [07a43e08-05b1-4f1b-8daa-ac2d25af9eb9@group-D52A03C738BD-StateMachineUpdater] INFO  impl.StateMachineUpdater (StateMachineUpdater.java:lambda$new$0(84)) - 07a43e08-05b1-4f1b-8daa-ac2d25af9eb9@group-D52A03C738BD-StateMachineUpdater: snapshotIndex: updateIncreasingly -1 -> 6
2019-10-06 15:23:59,793 [refreshUsed-/workdir/hadoop-ozone/integration-test/target/test-dir/MiniOzoneClusterImpl-75d4eebd-4d6b-4bc7-bead-2a18387fbc3f/datanode-1/data/containers] WARN  fs.CachingGetSpaceUsed (CachingGetSpaceUsed.java:run(183)) - Thread Interrupted waiting to refresh disk information: sleep interrupted
2019-10-06 15:23:59,793 [07a43e08-05b1-4f1b-8daa-ac2d25af9eb9@group-D52A03C738BD-StateMachineUpdater] INFO  ratis.ContainerStateMachine (ContainerStateMachine.java:takeSnapshot(293)) - group-D52A03C738BD: Taking a snapshot at:(t:2, i:6) file /workdir/hadoop-ozone/integration-test/target/test-dir/MiniOzoneClusterImpl-75d4eebd-4d6b-4bc7-bead-2a18387fbc3f/datanode-4/data/ratis/b33d5e36-bed4-451e-8629-d52a03c738bd/sm/snapshot.2_6
2019-10-06 15:23:59,796 [07a43e08-05b1-4f1b-8daa-ac2d25af9eb9@group-D52A03C738BD-StateMachineUpdater] INFO  ratis.ContainerStateMachine (ContainerStateMachine.java:takeSnapshot(304)) - group-D52A03C738BD: Finished taking a snapshot at:(t:2, i:6) file:/workdir/hadoop-ozone/integration-test/target/test-dir/MiniOzoneClusterImpl-75d4eebd-4d6b-4bc7-bead-2a18387fbc3f/datanode-4/data/ratis/b33d5e36-bed4-451e-8629-d52a03c738bd/sm/snapshot.2_6 time:3
2019-10-06 15:23:59,797 [07a43e08-05b1-4f1b-8daa-ac2d25af9eb9@group-D52A03C738BD-StateMachineUpdater] INFO  impl.StateMachineUpdater (StateMachineUpdater.java:takeSnapshot(269)) - 07a43e08-05b1-4f1b-8daa-ac2d25af9eb9@group-D52A03C738BD-StateMachineUpdater: Took a snapshot at index 6
2019-10-06 15:23:59,797 [07a43e08-05b1-4f1b-8daa-ac2d25af9eb9@group-D52A03C738BD-StateMachineUpdater] INFO  impl.StateMachineUpdater (StateMachineUpdater.java:lambda$new$0(84)) - 07a43e08-05b1-4f1b-8daa-ac2d25af9eb9@group-D52A03C738BD-StateMachineUpdater: snapshotIndex: updateIncreasingly 6 -> 6
2019-10-06 15:23:59,797 [main] INFO  impl.RaftServerImpl (ServerState.java:close(387)) - 07a43e08-05b1-4f1b-8daa-ac2d25af9eb9@group-D52A03C738BD: closes. applyIndex: 8
2019-10-06 15:23:59,798 [07a43e08-05b1-4f1b-8daa-ac2d25af9eb9@group-D52A03C738BD-SegmentedRaftLogWorker] INFO  segmented.SegmentedRaftLogWorker (SegmentedRaftLogWorker.java:run(316)) - 07a43e08-05b1-4f1b-8daa-ac2d25af9eb9@group-D52A03C738BD-SegmentedRaftLogWorker was interrupted, exiting. There are 0 tasks remaining in the queue.
2019-10-06 15:23:59,799 [main] INFO  segmented.SegmentedRaftLogWorker (SegmentedRaftLogWorker.java:close(224)) - 07a43e08-05b1-4f1b-8daa-ac2d25af9eb9@group-D52A03C738BD-SegmentedRaftLogWorker close()
2019-10-06 15:23:59,815 [main] INFO  server.GrpcService (GrpcService.java:closeImpl(164)) - 07a43e08-05b1-4f1b-8daa-ac2d25af9eb9: shutdown server with port 38860 now
2019-10-06 15:23:59,816 [main] INFO  server.GrpcService (GrpcService.java:closeImpl(172)) - 07a43e08-05b1-4f1b-8daa-ac2d25af9eb9: shutdown server with port 38860 successfully
2019-10-06 15:23:59,822 [refreshUsed-/workdir/hadoop-ozone/integration-test/target/test-dir/MiniOzoneClusterImpl-75d4eebd-4d6b-4bc7-bead-2a18387fbc3f/datanode-4/data/containers] WARN  fs.CachingGetSpaceUsed (CachingGetSpaceUsed.java:run(183)) - Thread Interrupted waiting to refresh disk information: sleep interrupted
2019-10-06 15:23:59,831 [ForkJoinPool.commonPool-worker-1] INFO  utils.BackgroundService (BackgroundService.java:shutdown(148)) - Shutting down service BlockDeletingService
2019-10-06 15:23:59,838 [ForkJoinPool.commonPool-worker-1] INFO  statemachine.DatanodeStateMachine (DatanodeStateMachine.java:stopDaemon(395)) - Ozone container server stopped.
2019-10-06 15:23:59,846 [main] INFO  utils.BackgroundService (BackgroundService.java:shutdown(148)) - Shutting down service BlockDeletingService
2019-10-06 15:23:59,851 [main] INFO  statemachine.DatanodeStateMachine (DatanodeStateMachine.java:stopDaemon(395)) - Ozone container server stopped.
2019-10-06 15:23:59,864 [ForkJoinPool.commonPool-worker-1] INFO  handler.ContextHandler (ContextHandler.java:doStop(910)) - Stopped o.e.j.w.WebAppContext@67536ae0{/,null,UNAVAILABLE}{/hddsDatanode}
2019-10-06 15:23:59,864 [main] INFO  handler.ContextHandler (ContextHandler.java:doStop(910)) - Stopped o.e.j.w.WebAppContext@1a07bf6{/,null,UNAVAILABLE}{/hddsDatanode}
2019-10-06 15:23:59,864 [ForkJoinPool.commonPool-worker-1] INFO  server.AbstractConnector (AbstractConnector.java:doStop(318)) - Stopped ServerConnector@6413d7e7{HTTP/1.1,[http/1.1]}{0.0.0.0:0}
2019-10-06 15:23:59,866 [main] INFO  server.AbstractConnector (AbstractConnector.java:doStop(318)) - Stopped ServerConnector@4c0e426a{HTTP/1.1,[http/1.1]}{0.0.0.0:0}
2019-10-06 15:23:59,866 [ForkJoinPool.commonPool-worker-1] INFO  handler.ContextHandler (ContextHandler.java:doStop(910)) - Stopped o.e.j.s.ServletContextHandler@39ee94de{/static,jar:file:/home/user/.m2/repository/org/apache/hadoop/hadoop-hdds-container-service/0.5.0-SNAPSHOT/hadoop-hdds-container-service-0.5.0-SNAPSHOT.jar!/webapps/static,UNAVAILABLE}
2019-10-06 15:23:59,867 [main] INFO  handler.ContextHandler (ContextHandler.java:doStop(910)) - Stopped o.e.j.s.ServletContextHandler@50a13c2f{/static,jar:file:/home/user/.m2/repository/org/apache/hadoop/hadoop-hdds-container-service/0.5.0-SNAPSHOT/hadoop-hdds-container-service-0.5.0-SNAPSHOT.jar!/webapps/static,UNAVAILABLE}
2019-10-06 15:23:59,868 [ForkJoinPool.commonPool-worker-1] INFO  handler.ContextHandler (ContextHandler.java:doStop(910)) - Stopped o.e.j.s.ServletContextHandler@60990e5c{/logs,file:///workdir/hadoop-ozone/integration-test/target/log,UNAVAILABLE}
2019-10-06 15:23:59,869 [main] INFO  handler.ContextHandler (ContextHandler.java:doStop(910)) - Stopped o.e.j.s.ServletContextHandler@76f881d9{/logs,file:///workdir/hadoop-ozone/integration-test/target/log,UNAVAILABLE}
2019-10-06 15:24:00,640 [Datanode State Machine Thread - 0] INFO  statemachine.DatanodeStateMachine (DatanodeStateMachine.java:lambda$startDaemon$0(350)) - Ozone container server started.
2019-10-06 15:24:00,869 [Datanode State Machine Thread - 0] INFO  statemachine.DatanodeStateMachine (DatanodeStateMachine.java:lambda$startDaemon$0(350)) - Ozone container server started.
2019-10-06 15:24:03,976 [Thread-739] INFO  impl.FollowerState (FollowerState.java:run(108)) - 86e848c3-a8c4-4469-96f4-d2b84c1dcbfa@group-5B2481E9846B-FollowerState: change to CANDIDATE, lastRpcTime:6361ms, electionTimeout:5087ms
2019-10-06 15:24:03,976 [Thread-739] INFO  impl.RoleInfo (RoleInfo.java:shutdownFollowerState(121)) - 86e848c3-a8c4-4469-96f4-d2b84c1dcbfa: shutdown FollowerState
2019-10-06 15:24:03,976 [Thread-739] INFO  impl.RaftServerImpl (RaftServerImpl.java:setRole(170)) - 86e848c3-a8c4-4469-96f4-d2b84c1dcbfa@group-5B2481E9846B: changes role from  FOLLOWER to CANDIDATE at term 1 for changeToCandidate
2019-10-06 15:24:03,977 [Thread-739] INFO  impl.RoleInfo (RoleInfo.java:updateAndGet(143)) - 86e848c3-a8c4-4469-96f4-d2b84c1dcbfa: start LeaderElection
2019-10-06 15:24:03,980 [86e848c3-a8c4-4469-96f4-d2b84c1dcbfa@group-5B2481E9846B-LeaderElection27] INFO  impl.RaftServerImpl (ServerState.java:setLeader(255)) - 86e848c3-a8c4-4469-96f4-d2b84c1dcbfa@group-5B2481E9846B: change Leader from bac7edc9-69c9-4080-ab0c-1a7f1a29f394 to null at term 1 for initElection
2019-10-06 15:24:04,004 [86e848c3-a8c4-4469-96f4-d2b84c1dcbfa@group-5B2481E9846B-LeaderElection27] INFO  impl.LeaderElection (LeaderElection.java:askForVotes(178)) - 86e848c3-a8c4-4469-96f4-d2b84c1dcbfa@group-5B2481E9846B-LeaderElection27: begin an election at term 2 for 0: [69531f84-7205-4417-979c-d03528d6b4c2:192.168.30.23:44880, bac7edc9-69c9-4080-ab0c-1a7f1a29f394:192.168.30.23:45138, 86e848c3-a8c4-4469-96f4-d2b84c1dcbfa:192.168.30.23:37326], old=null
2019-10-06 15:24:04,008 [grpc-default-executor-1] INFO  impl.RaftServerImpl (ServerState.java:setLeader(255)) - 69531f84-7205-4417-979c-d03528d6b4c2@group-5B2481E9846B: change Leader from bac7edc9-69c9-4080-ab0c-1a7f1a29f394 to null at term 2 for updateCurrentTerm
2019-10-06 15:24:04,008 [grpc-default-executor-1] INFO  impl.RaftServerImpl (RaftServerImpl.java:setRole(170)) - 69531f84-7205-4417-979c-d03528d6b4c2@group-5B2481E9846B: changes role from  FOLLOWER to FOLLOWER at term 2 for recognizeCandidate:86e848c3-a8c4-4469-96f4-d2b84c1dcbfa
2019-10-06 15:24:04,008 [grpc-default-executor-1] INFO  impl.RoleInfo (RoleInfo.java:shutdownFollowerState(121)) - 69531f84-7205-4417-979c-d03528d6b4c2: shutdown FollowerState
2019-10-06 15:24:04,008 [grpc-default-executor-1] INFO  impl.RoleInfo (RoleInfo.java:updateAndGet(143)) - 69531f84-7205-4417-979c-d03528d6b4c2: start FollowerState
2019-10-06 15:24:04,008 [Thread-737] INFO  impl.FollowerState (FollowerState.java:run(117)) - 69531f84-7205-4417-979c-d03528d6b4c2@group-5B2481E9846B-FollowerState was interrupted: java.lang.InterruptedException: sleep interrupted
2019-10-06 15:24:04,009 [86e848c3-a8c4-4469-96f4-d2b84c1dcbfa@group-5B2481E9846B-LeaderElection27] INFO  impl.LeaderElection (LogUtils.java:infoOrTrace(149)) - 86e848c3-a8c4-4469-96f4-d2b84c1dcbfa@group-5B2481E9846B-LeaderElection27 got exception when requesting votes: {}
java.util.concurrent.ExecutionException: org.apache.ratis.thirdparty.io.grpc.StatusRuntimeException: UNAVAILABLE: io exception
	at java.util.concurrent.FutureTask.report(FutureTask.java:122)
	at java.util.concurrent.FutureTask.get(FutureTask.java:192)
	at org.apache.ratis.server.impl.LeaderElection.waitForResults(LeaderElection.java:259)
	at org.apache.ratis.server.impl.LeaderElection.askForVotes(LeaderElection.java:197)
	at org.apache.ratis.server.impl.LeaderElection.run(LeaderElection.java:133)
	at java.lang.Thread.run(Thread.java:748)
Caused by: org.apache.ratis.thirdparty.io.grpc.StatusRuntimeException: UNAVAILABLE: io exception
	at org.apache.ratis.thirdparty.io.grpc.stub.ClientCalls.toStatusRuntimeException(ClientCalls.java:233)
	at org.apache.ratis.thirdparty.io.grpc.stub.ClientCalls.getUnchecked(ClientCalls.java:214)
	at org.apache.ratis.thirdparty.io.grpc.stub.ClientCalls.blockingUnaryCall(ClientCalls.java:139)
	at org.apache.ratis.proto.grpc.RaftServerProtocolServiceGrpc$RaftServerProtocolServiceBlockingStub.requestVote(RaftServerProtocolServiceGrpc.java:265)
	at org.apache.ratis.grpc.server.GrpcServerProtocolClient.requestVote(GrpcServerProtocolClient.java:99)
	at org.apache.ratis.grpc.server.GrpcService.requestVote(GrpcService.java:204)
	at org.apache.ratis.server.impl.LeaderElection.lambda$submitRequests$1(LeaderElection.java:234)
	at java.util.concurrent.FutureTask.run(FutureTask.java:266)
	at java.util.concurrent.Executors$RunnableAdapter.call(Executors.java:511)
	at java.util.concurrent.FutureTask.run(FutureTask.java:266)
	at java.util.concurrent.ThreadPoolExecutor.runWorker(ThreadPoolExecutor.java:1149)
	at java.util.concurrent.ThreadPoolExecutor$Worker.run(ThreadPoolExecutor.java:624)
	... 1 more
Caused by: org.apache.ratis.thirdparty.io.netty.channel.AbstractChannel$AnnotatedConnectException: Connection refused: /192.168.30.23:45138
	at sun.nio.ch.SocketChannelImpl.checkConnect(Native Method)
	at sun.nio.ch.SocketChannelImpl.finishConnect(SocketChannelImpl.java:717)
	at org.apache.ratis.thirdparty.io.netty.channel.socket.nio.NioSocketChannel.doFinishConnect(NioSocketChannel.java:327)
	at org.apache.ratis.thirdparty.io.netty.channel.nio.AbstractNioChannel$AbstractNioUnsafe.finishConnect(AbstractNioChannel.java:340)
	at org.apache.ratis.thirdparty.io.netty.channel.nio.NioEventLoop.processSelectedKey(NioEventLoop.java:632)
	at org.apache.ratis.thirdparty.io.netty.channel.nio.NioEventLoop.processSelectedKeysOptimized(NioEventLoop.java:579)
	at org.apache.ratis.thirdparty.io.netty.channel.nio.NioEventLoop.processSelectedKeys(NioEventLoop.java:496)
	at org.apache.ratis.thirdparty.io.netty.channel.nio.NioEventLoop.run(NioEventLoop.java:458)
	at org.apache.ratis.thirdparty.io.netty.util.concurrent.SingleThreadEventExecutor$5.run(SingleThreadEventExecutor.java:897)
	at org.apache.ratis.thirdparty.io.netty.util.concurrent.FastThreadLocalRunnable.run(FastThreadLocalRunnable.java:30)
	... 1 more
Caused by: java.net.ConnectException: Connection refused
	... 11 more
2019-10-06 15:24:04,016 [Thread-782] INFO  impl.FollowerState (FollowerState.java:run(108)) - 4d76bd0b-f092-40f3-8f50-298f7e1f26ff@group-D52A03C738BD-FollowerState: change to CANDIDATE, lastRpcTime:6050ms, electionTimeout:5166ms
2019-10-06 15:24:04,016 [Thread-782] INFO  impl.RoleInfo (RoleInfo.java:shutdownFollowerState(121)) - 4d76bd0b-f092-40f3-8f50-298f7e1f26ff: shutdown FollowerState
2019-10-06 15:24:04,016 [Thread-782] INFO  impl.RaftServerImpl (RaftServerImpl.java:setRole(170)) - 4d76bd0b-f092-40f3-8f50-298f7e1f26ff@group-D52A03C738BD: changes role from  FOLLOWER to CANDIDATE at term 2 for changeToCandidate
2019-10-06 15:24:04,016 [Thread-782] INFO  impl.RoleInfo (RoleInfo.java:updateAndGet(143)) - 4d76bd0b-f092-40f3-8f50-298f7e1f26ff: start LeaderElection
2019-10-06 15:24:04,019 [4d76bd0b-f092-40f3-8f50-298f7e1f26ff@group-D52A03C738BD-LeaderElection28] INFO  impl.RaftServerImpl (ServerState.java:setLeader(255)) - 4d76bd0b-f092-40f3-8f50-298f7e1f26ff@group-D52A03C738BD: change Leader from 07a43e08-05b1-4f1b-8daa-ac2d25af9eb9 to null at term 2 for initElection
2019-10-06 15:24:04,050 [4d76bd0b-f092-40f3-8f50-298f7e1f26ff@group-D52A03C738BD-LeaderElection28] INFO  impl.LeaderElection (LeaderElection.java:askForVotes(178)) - 4d76bd0b-f092-40f3-8f50-298f7e1f26ff@group-D52A03C738BD-LeaderElection28: begin an election at term 3 for 0: [1f7023bb-b481-481c-bd59-2650549f2a3a:192.168.30.23:38498, 4d76bd0b-f092-40f3-8f50-298f7e1f26ff:192.168.30.23:35117, 07a43e08-05b1-4f1b-8daa-ac2d25af9eb9:192.168.30.23:38860], old=null
2019-10-06 15:24:04,052 [86e848c3-a8c4-4469-96f4-d2b84c1dcbfa@group-5B2481E9846B-LeaderElection27] INFO  impl.LeaderElection (LeaderElection.java:logAndReturn(56)) - 86e848c3-a8c4-4469-96f4-d2b84c1dcbfa@group-5B2481E9846B-LeaderElection27: Election PASSED; received 1 response(s) [86e848c3-a8c4-4469-96f4-d2b84c1dcbfa<-69531f84-7205-4417-979c-d03528d6b4c2#0:OK-t2] and 1 exception(s); 86e848c3-a8c4-4469-96f4-d2b84c1dcbfa@group-5B2481E9846B:t2, leader=null, voted=86e848c3-a8c4-4469-96f4-d2b84c1dcbfa, raftlog=86e848c3-a8c4-4469-96f4-d2b84c1dcbfa@group-5B2481E9846B-SegmentedRaftLog:OPENED:c0,f0,i0, conf=0: [69531f84-7205-4417-979c-d03528d6b4c2:192.168.30.23:44880, bac7edc9-69c9-4080-ab0c-1a7f1a29f394:192.168.30.23:45138, 86e848c3-a8c4-4469-96f4-d2b84c1dcbfa:192.168.30.23:37326], old=null
2019-10-06 15:24:04,052 [86e848c3-a8c4-4469-96f4-d2b84c1dcbfa@group-5B2481E9846B-LeaderElection27] INFO  impl.LeaderElection (LogUtils.java:infoOrTrace(149)) -   Exception 0: {}
java.util.concurrent.ExecutionException: org.apache.ratis.thirdparty.io.grpc.StatusRuntimeException: UNAVAILABLE: io exception
	at java.util.concurrent.FutureTask.report(FutureTask.java:122)
	at java.util.concurrent.FutureTask.get(FutureTask.java:192)
	at org.apache.ratis.server.impl.LeaderElection.waitForResults(LeaderElection.java:259)
	at org.apache.ratis.server.impl.LeaderElection.askForVotes(LeaderElection.java:197)
	at org.apache.ratis.server.impl.LeaderElection.run(LeaderElection.java:133)
	at java.lang.Thread.run(Thread.java:748)
Caused by: org.apache.ratis.thirdparty.io.grpc.StatusRuntimeException: UNAVAILABLE: io exception
	at org.apache.ratis.thirdparty.io.grpc.stub.ClientCalls.toStatusRuntimeException(ClientCalls.java:233)
	at org.apache.ratis.thirdparty.io.grpc.stub.ClientCalls.getUnchecked(ClientCalls.java:214)
	at org.apache.ratis.thirdparty.io.grpc.stub.ClientCalls.blockingUnaryCall(ClientCalls.java:139)
	at org.apache.ratis.proto.grpc.RaftServerProtocolServiceGrpc$RaftServerProtocolServiceBlockingStub.requestVote(RaftServerProtocolServiceGrpc.java:265)
	at org.apache.ratis.grpc.server.GrpcServerProtocolClient.requestVote(GrpcServerProtocolClient.java:99)
	at org.apache.ratis.grpc.server.GrpcService.requestVote(GrpcService.java:204)
	at org.apache.ratis.server.impl.LeaderElection.lambda$submitRequests$1(LeaderElection.java:234)
	at java.util.concurrent.FutureTask.run(FutureTask.java:266)
	at java.util.concurrent.Executors$RunnableAdapter.call(Executors.java:511)
	at java.util.concurrent.FutureTask.run(FutureTask.java:266)
	at java.util.concurrent.ThreadPoolExecutor.runWorker(ThreadPoolExecutor.java:1149)
	at java.util.concurrent.ThreadPoolExecutor$Worker.run(ThreadPoolExecutor.java:624)
	... 1 more
Caused by: org.apache.ratis.thirdparty.io.netty.channel.AbstractChannel$AnnotatedConnectException: Connection refused: /192.168.30.23:45138
	at sun.nio.ch.SocketChannelImpl.checkConnect(Native Method)
	at sun.nio.ch.SocketChannelImpl.finishConnect(SocketChannelImpl.java:717)
	at org.apache.ratis.thirdparty.io.netty.channel.socket.nio.NioSocketChannel.doFinishConnect(NioSocketChannel.java:327)
	at org.apache.ratis.thirdparty.io.netty.channel.nio.AbstractNioChannel$AbstractNioUnsafe.finishConnect(AbstractNioChannel.java:340)
	at org.apache.ratis.thirdparty.io.netty.channel.nio.NioEventLoop.processSelectedKey(NioEventLoop.java:632)
	at org.apache.ratis.thirdparty.io.netty.channel.nio.NioEventLoop.processSelectedKeysOptimized(NioEventLoop.java:579)
	at org.apache.ratis.thirdparty.io.netty.channel.nio.NioEventLoop.processSelectedKeys(NioEventLoop.java:496)
	at org.apache.ratis.thirdparty.io.netty.channel.nio.NioEventLoop.run(NioEventLoop.java:458)
	at org.apache.ratis.thirdparty.io.netty.util.concurrent.SingleThreadEventExecutor$5.run(SingleThreadEventExecutor.java:897)
	at org.apache.ratis.thirdparty.io.netty.util.concurrent.FastThreadLocalRunnable.run(FastThreadLocalRunnable.java:30)
	... 1 more
Caused by: java.net.ConnectException: Connection refused
	... 11 more
2019-10-06 15:24:04,052 [86e848c3-a8c4-4469-96f4-d2b84c1dcbfa@group-5B2481E9846B-LeaderElection27] INFO  impl.RoleInfo (RoleInfo.java:shutdownLeaderElection(134)) - 86e848c3-a8c4-4469-96f4-d2b84c1dcbfa: shutdown LeaderElection
2019-10-06 15:24:04,052 [4d76bd0b-f092-40f3-8f50-298f7e1f26ff@group-D52A03C738BD-LeaderElection28] INFO  impl.LeaderElection (LogUtils.java:infoOrTrace(149)) - 4d76bd0b-f092-40f3-8f50-298f7e1f26ff@group-D52A03C738BD-LeaderElection28 got exception when requesting votes: {}
java.util.concurrent.ExecutionException: org.apache.ratis.thirdparty.io.grpc.StatusRuntimeException: UNAVAILABLE: io exception
	at java.util.concurrent.FutureTask.report(FutureTask.java:122)
	at java.util.concurrent.FutureTask.get(FutureTask.java:192)
	at org.apache.ratis.server.impl.LeaderElection.waitForResults(LeaderElection.java:259)
	at org.apache.ratis.server.impl.LeaderElection.askForVotes(LeaderElection.java:197)
	at org.apache.ratis.server.impl.LeaderElection.run(LeaderElection.java:133)
	at java.lang.Thread.run(Thread.java:748)
Caused by: org.apache.ratis.thirdparty.io.grpc.StatusRuntimeException: UNAVAILABLE: io exception
	at org.apache.ratis.thirdparty.io.grpc.stub.ClientCalls.toStatusRuntimeException(ClientCalls.java:233)
	at org.apache.ratis.thirdparty.io.grpc.stub.ClientCalls.getUnchecked(ClientCalls.java:214)
	at org.apache.ratis.thirdparty.io.grpc.stub.ClientCalls.blockingUnaryCall(ClientCalls.java:139)
	at org.apache.ratis.proto.grpc.RaftServerProtocolServiceGrpc$RaftServerProtocolServiceBlockingStub.requestVote(RaftServerProtocolServiceGrpc.java:265)
	at org.apache.ratis.grpc.server.GrpcServerProtocolClient.requestVote(GrpcServerProtocolClient.java:99)
	at org.apache.ratis.grpc.server.GrpcService.requestVote(GrpcService.java:204)
	at org.apache.ratis.server.impl.LeaderElection.lambda$submitRequests$1(LeaderElection.java:234)
	at java.util.concurrent.FutureTask.run(FutureTask.java:266)
	at java.util.concurrent.Executors$RunnableAdapter.call(Executors.java:511)
	at java.util.concurrent.FutureTask.run(FutureTask.java:266)
	at java.util.concurrent.ThreadPoolExecutor.runWorker(ThreadPoolExecutor.java:1149)
	at java.util.concurrent.ThreadPoolExecutor$Worker.run(ThreadPoolExecutor.java:624)
	... 1 more
Caused by: org.apache.ratis.thirdparty.io.netty.channel.AbstractChannel$AnnotatedConnectException: Connection refused: /192.168.30.23:38860
	at sun.nio.ch.SocketChannelImpl.checkConnect(Native Method)
	at sun.nio.ch.SocketChannelImpl.finishConnect(SocketChannelImpl.java:717)
	at org.apache.ratis.thirdparty.io.netty.channel.socket.nio.NioSocketChannel.doFinishConnect(NioSocketChannel.java:327)
	at org.apache.ratis.thirdparty.io.netty.channel.nio.AbstractNioChannel$AbstractNioUnsafe.finishConnect(AbstractNioChannel.java:340)
	at org.apache.ratis.thirdparty.io.netty.channel.nio.NioEventLoop.processSelectedKey(NioEventLoop.java:632)
	at org.apache.ratis.thirdparty.io.netty.channel.nio.NioEventLoop.processSelectedKeysOptimized(NioEventLoop.java:579)
	at org.apache.ratis.thirdparty.io.netty.channel.nio.NioEventLoop.processSelectedKeys(NioEventLoop.java:496)
	at org.apache.ratis.thirdparty.io.netty.channel.nio.NioEventLoop.run(NioEventLoop.java:458)
	at org.apache.ratis.thirdparty.io.netty.util.concurrent.SingleThreadEventExecutor$5.run(SingleThreadEventExecutor.java:897)
	at org.apache.ratis.thirdparty.io.netty.util.concurrent.FastThreadLocalRunnable.run(FastThreadLocalRunnable.java:30)
	... 1 more
Caused by: java.net.ConnectException: Connection refused
	... 11 more
2019-10-06 15:24:04,055 [86e848c3-a8c4-4469-96f4-d2b84c1dcbfa@group-5B2481E9846B-LeaderElection27] INFO  impl.RaftServerImpl (RaftServerImpl.java:setRole(170)) - 86e848c3-a8c4-4469-96f4-d2b84c1dcbfa@group-5B2481E9846B: changes role from CANDIDATE to LEADER at term 2 for changeToLeader
2019-10-06 15:24:04,052 [grpc-default-executor-1] INFO  impl.RaftServerImpl (ServerState.java:setLeader(255)) - 1f7023bb-b481-481c-bd59-2650549f2a3a@group-D52A03C738BD: change Leader from 07a43e08-05b1-4f1b-8daa-ac2d25af9eb9 to null at term 3 for updateCurrentTerm
2019-10-06 15:24:04,057 [86e848c3-a8c4-4469-96f4-d2b84c1dcbfa@group-5B2481E9846B-LeaderElection27] INFO  impl.RaftServerImpl (ServerState.java:setLeader(255)) - 86e848c3-a8c4-4469-96f4-d2b84c1dcbfa@group-5B2481E9846B: change Leader from null to 86e848c3-a8c4-4469-96f4-d2b84c1dcbfa at term 2 for becomeLeader, leader elected after 77ms
2019-10-06 15:24:04,058 [grpc-default-executor-1] INFO  impl.RaftServerImpl (RaftServerImpl.java:setRole(170)) - 1f7023bb-b481-481c-bd59-2650549f2a3a@group-D52A03C738BD: changes role from  FOLLOWER to FOLLOWER at term 3 for recognizeCandidate:4d76bd0b-f092-40f3-8f50-298f7e1f26ff
2019-10-06 15:24:04,058 [86e848c3-a8c4-4469-96f4-d2b84c1dcbfa@group-5B2481E9846B-LeaderElection27] INFO  server.RaftServerConfigKeys (ConfUtils.java:logGet(43)) - raft.server.staging.catchup.gap = 1000 (default)
2019-10-06 15:24:04,058 [grpc-default-executor-1] INFO  impl.RoleInfo (RoleInfo.java:shutdownFollowerState(121)) - 1f7023bb-b481-481c-bd59-2650549f2a3a: shutdown FollowerState
2019-10-06 15:24:04,058 [86e848c3-a8c4-4469-96f4-d2b84c1dcbfa@group-5B2481E9846B-LeaderElection27] INFO  server.RaftServerConfigKeys (ConfUtils.java:logGet(43)) - raft.server.rpc.sleep.time = 25ms (default)
2019-10-06 15:24:04,058 [Thread-783] INFO  impl.FollowerState (FollowerState.java:run(117)) - 1f7023bb-b481-481c-bd59-2650549f2a3a@group-D52A03C738BD-FollowerState was interrupted: java.lang.InterruptedException: sleep interrupted
2019-10-06 15:24:04,058 [grpc-default-executor-1] INFO  impl.RoleInfo (RoleInfo.java:updateAndGet(143)) - 1f7023bb-b481-481c-bd59-2650549f2a3a: start FollowerState
2019-10-06 15:24:04,058 [86e848c3-a8c4-4469-96f4-d2b84c1dcbfa@group-5B2481E9846B-LeaderElection27] INFO  server.RaftServerConfigKeys (ConfUtils.java:logGet(43)) - raft.server.write.element-limit = 4096 (default)
2019-10-06 15:24:04,061 [86e848c3-a8c4-4469-96f4-d2b84c1dcbfa@group-5B2481E9846B-LeaderElection27] INFO  server.RaftServerConfigKeys (ConfUtils.java:logGet(43)) - raft.server.watch.timeout = 10s (default)
2019-10-06 15:24:04,061 [86e848c3-a8c4-4469-96f4-d2b84c1dcbfa@group-5B2481E9846B-LeaderElection27] INFO  server.RaftServerConfigKeys (ConfUtils.java:logGet(43)) - raft.server.watch.timeout.denomination = 1s (default)
2019-10-06 15:24:04,061 [86e848c3-a8c4-4469-96f4-d2b84c1dcbfa@group-5B2481E9846B-LeaderElection27] INFO  server.RaftServerConfigKeys (ConfUtils.java:logGet(43)) - raft.server.watch.element-limit = 65536 (default)
2019-10-06 15:24:04,064 [86e848c3-a8c4-4469-96f4-d2b84c1dcbfa@group-5B2481E9846B-LeaderElection27] INFO  server.RaftServerConfigKeys (ConfUtils.java:logGet(43)) - raft.server.log.appender.snapshot.chunk.size.max = 16MB (=16777216) (default)
2019-10-06 15:24:04,064 [86e848c3-a8c4-4469-96f4-d2b84c1dcbfa@group-5B2481E9846B-LeaderElection27] INFO  server.RaftServerConfigKeys (ConfUtils.java:logGet(43)) - raft.server.log.appender.buffer.byte-limit = 33554432 (custom)
2019-10-06 15:24:04,064 [86e848c3-a8c4-4469-96f4-d2b84c1dcbfa@group-5B2481E9846B-LeaderElection27] INFO  server.RaftServerConfigKeys (ConfUtils.java:logGet(43)) - raft.server.log.appender.buffer.element-limit = 1 (custom)
2019-10-06 15:24:04,065 [86e848c3-a8c4-4469-96f4-d2b84c1dcbfa@group-5B2481E9846B-LeaderElection27] INFO  grpc.GrpcConfigKeys$Server (ConfUtils.java:logGet(43)) - raft.grpc.server.leader.outstanding.appends.max = 128 (default)
2019-10-06 15:24:04,065 [86e848c3-a8c4-4469-96f4-d2b84c1dcbfa@group-5B2481E9846B-LeaderElection27] INFO  server.RaftServerConfigKeys (ConfUtils.java:logGet(43)) - raft.server.rpc.request.timeout = 3000ms (default)
2019-10-06 15:24:04,065 [86e848c3-a8c4-4469-96f4-d2b84c1dcbfa@group-5B2481E9846B-LeaderElection27] INFO  server.RaftServerConfigKeys (ConfUtils.java:logGet(43)) - raft.server.log.appender.install.snapshot.enabled = false (custom)
2019-10-06 15:24:04,065 [86e848c3-a8c4-4469-96f4-d2b84c1dcbfa@group-5B2481E9846B-LeaderElection27] INFO  server.RaftServerConfigKeys (ConfUtils.java:logGet(43)) - raft.server.log.appender.snapshot.chunk.size.max = 16MB (=16777216) (default)
2019-10-06 15:24:04,066 [86e848c3-a8c4-4469-96f4-d2b84c1dcbfa@group-5B2481E9846B-LeaderElection27] INFO  server.RaftServerConfigKeys (ConfUtils.java:logGet(43)) - raft.server.log.appender.buffer.byte-limit = 33554432 (custom)
2019-10-06 15:24:04,066 [86e848c3-a8c4-4469-96f4-d2b84c1dcbfa@group-5B2481E9846B-LeaderElection27] INFO  server.RaftServerConfigKeys (ConfUtils.java:logGet(43)) - raft.server.log.appender.buffer.element-limit = 1 (custom)
2019-10-06 15:24:04,066 [86e848c3-a8c4-4469-96f4-d2b84c1dcbfa@group-5B2481E9846B-LeaderElection27] INFO  grpc.GrpcConfigKeys$Server (ConfUtils.java:logGet(43)) - raft.grpc.server.leader.outstanding.appends.max = 128 (default)
2019-10-06 15:24:04,066 [86e848c3-a8c4-4469-96f4-d2b84c1dcbfa@group-5B2481E9846B-LeaderElection27] INFO  server.RaftServerConfigKeys (ConfUtils.java:logGet(43)) - raft.server.rpc.request.timeout = 3000ms (default)
2019-10-06 15:24:04,066 [86e848c3-a8c4-4469-96f4-d2b84c1dcbfa@group-5B2481E9846B-LeaderElection27] INFO  server.RaftServerConfigKeys (ConfUtils.java:logGet(43)) - raft.server.log.appender.install.snapshot.enabled = false (custom)
2019-10-06 15:24:04,067 [86e848c3-a8c4-4469-96f4-d2b84c1dcbfa@group-5B2481E9846B-LeaderElection27] INFO  impl.RoleInfo (RoleInfo.java:updateAndGet(143)) - 86e848c3-a8c4-4469-96f4-d2b84c1dcbfa: start LeaderState
2019-10-06 15:24:04,067 [86e848c3-a8c4-4469-96f4-d2b84c1dcbfa@group-5B2481E9846B-LeaderElection27] INFO  segmented.SegmentedRaftLogWorker (SegmentedRaftLogWorker.java:rollLogSegment(390)) - 86e848c3-a8c4-4469-96f4-d2b84c1dcbfa@group-5B2481E9846B-SegmentedRaftLogWorker: Rolling segment log-0_0 to index:0
2019-10-06 15:24:04,068 [86e848c3-a8c4-4469-96f4-d2b84c1dcbfa@group-5B2481E9846B-LeaderElection27] INFO  impl.RaftServerImpl (ServerState.java:setRaftConf(356)) - 86e848c3-a8c4-4469-96f4-d2b84c1dcbfa@group-5B2481E9846B: set configuration 1: [69531f84-7205-4417-979c-d03528d6b4c2:192.168.30.23:44880, bac7edc9-69c9-4080-ab0c-1a7f1a29f394:192.168.30.23:45138, 86e848c3-a8c4-4469-96f4-d2b84c1dcbfa:192.168.30.23:37326], old=null at 1
2019-10-06 15:24:04,068 [86e848c3-a8c4-4469-96f4-d2b84c1dcbfa@group-5B2481E9846B-SegmentedRaftLogWorker] INFO  segmented.SegmentedRaftLogWorker (SegmentedRaftLogWorker.java:execute(531)) - 86e848c3-a8c4-4469-96f4-d2b84c1dcbfa@group-5B2481E9846B-SegmentedRaftLogWorker: Rolled log segment from /workdir/hadoop-ozone/integration-test/target/test-dir/MiniOzoneClusterImpl-75d4eebd-4d6b-4bc7-bead-2a18387fbc3f/datanode-2/data/ratis/d216901e-66f0-4660-99dd-5b2481e9846b/current/log_inprogress_0 to /workdir/hadoop-ozone/integration-test/target/test-dir/MiniOzoneClusterImpl-75d4eebd-4d6b-4bc7-bead-2a18387fbc3f/datanode-2/data/ratis/d216901e-66f0-4660-99dd-5b2481e9846b/current/log_0-0
2019-10-06 15:24:04,069 [grpc-default-executor-2] WARN  server.GrpcLogAppender (LogUtils.java:warn(134)) - 86e848c3-a8c4-4469-96f4-d2b84c1dcbfa@group-5B2481E9846B->bac7edc9-69c9-4080-ab0c-1a7f1a29f394-AppendLogResponseHandler: Failed appendEntries: org.apache.ratis.thirdparty.io.grpc.StatusRuntimeException: UNAVAILABLE: io exception
2019-10-06 15:24:04,071 [grpc-default-executor-2] INFO  impl.FollowerInfo (FollowerInfo.java:lambda$new$0(51)) - 86e848c3-a8c4-4469-96f4-d2b84c1dcbfa@group-5B2481E9846B->bac7edc9-69c9-4080-ab0c-1a7f1a29f394: nextIndex: updateUnconditionally 1 -> 0
2019-10-06 15:24:04,072 [grpc-default-executor-8] INFO  impl.RaftServerImpl (ServerState.java:setLeader(255)) - 69531f84-7205-4417-979c-d03528d6b4c2@group-5B2481E9846B: change Leader from null to 86e848c3-a8c4-4469-96f4-d2b84c1dcbfa at term 2 for appendEntries, leader elected after 64ms
2019-10-06 15:24:04,107 [4d76bd0b-f092-40f3-8f50-298f7e1f26ff@group-D52A03C738BD-LeaderElection28] INFO  impl.LeaderElection (LeaderElection.java:logAndReturn(56)) - 4d76bd0b-f092-40f3-8f50-298f7e1f26ff@group-D52A03C738BD-LeaderElection28: Election PASSED; received 1 response(s) [4d76bd0b-f092-40f3-8f50-298f7e1f26ff<-1f7023bb-b481-481c-bd59-2650549f2a3a#0:OK-t3] and 1 exception(s); 4d76bd0b-f092-40f3-8f50-298f7e1f26ff@group-D52A03C738BD:t3, leader=null, voted=4d76bd0b-f092-40f3-8f50-298f7e1f26ff, raftlog=4d76bd0b-f092-40f3-8f50-298f7e1f26ff@group-D52A03C738BD-SegmentedRaftLog:OPENED:c8,f8,i8, conf=0: [1f7023bb-b481-481c-bd59-2650549f2a3a:192.168.30.23:38498, 4d76bd0b-f092-40f3-8f50-298f7e1f26ff:192.168.30.23:35117, 07a43e08-05b1-4f1b-8daa-ac2d25af9eb9:192.168.30.23:38860], old=null
2019-10-06 15:24:04,108 [4d76bd0b-f092-40f3-8f50-298f7e1f26ff@group-D52A03C738BD-LeaderElection28] INFO  impl.LeaderElection (LogUtils.java:infoOrTrace(149)) -   Exception 0: {}
java.util.concurrent.ExecutionException: org.apache.ratis.thirdparty.io.grpc.StatusRuntimeException: UNAVAILABLE: io exception
	at java.util.concurrent.FutureTask.report(FutureTask.java:122)
	at java.util.concurrent.FutureTask.get(FutureTask.java:192)
	at org.apache.ratis.server.impl.LeaderElection.waitForResults(LeaderElection.java:259)
	at org.apache.ratis.server.impl.LeaderElection.askForVotes(LeaderElection.java:197)
	at org.apache.ratis.server.impl.LeaderElection.run(LeaderElection.java:133)
	at java.lang.Thread.run(Thread.java:748)
Caused by: org.apache.ratis.thirdparty.io.grpc.StatusRuntimeException: UNAVAILABLE: io exception
	at org.apache.ratis.thirdparty.io.grpc.stub.ClientCalls.toStatusRuntimeException(ClientCalls.java:233)
	at org.apache.ratis.thirdparty.io.grpc.stub.ClientCalls.getUnchecked(ClientCalls.java:214)
	at org.apache.ratis.thirdparty.io.grpc.stub.ClientCalls.blockingUnaryCall(ClientCalls.java:139)
	at org.apache.ratis.proto.grpc.RaftServerProtocolServiceGrpc$RaftServerProtocolServiceBlockingStub.requestVote(RaftServerProtocolServiceGrpc.java:265)
	at org.apache.ratis.grpc.server.GrpcServerProtocolClient.requestVote(GrpcServerProtocolClient.java:99)
	at org.apache.ratis.grpc.server.GrpcService.requestVote(GrpcService.java:204)
	at org.apache.ratis.server.impl.LeaderElection.lambda$submitRequests$1(LeaderElection.java:234)
	at java.util.concurrent.FutureTask.run(FutureTask.java:266)
	at java.util.concurrent.Executors$RunnableAdapter.call(Executors.java:511)
	at java.util.concurrent.FutureTask.run(FutureTask.java:266)
	at java.util.concurrent.ThreadPoolExecutor.runWorker(ThreadPoolExecutor.java:1149)
	at java.util.concurrent.ThreadPoolExecutor$Worker.run(ThreadPoolExecutor.java:624)
	... 1 more
Caused by: org.apache.ratis.thirdparty.io.netty.channel.AbstractChannel$AnnotatedConnectException: Connection refused: /192.168.30.23:38860
	at sun.nio.ch.SocketChannelImpl.checkConnect(Native Method)
	at sun.nio.ch.SocketChannelImpl.finishConnect(SocketChannelImpl.java:717)
	at org.apache.ratis.thirdparty.io.netty.channel.socket.nio.NioSocketChannel.doFinishConnect(NioSocketChannel.java:327)
	at org.apache.ratis.thirdparty.io.netty.channel.nio.AbstractNioChannel$AbstractNioUnsafe.finishConnect(AbstractNioChannel.java:340)
	at org.apache.ratis.thirdparty.io.netty.channel.nio.NioEventLoop.processSelectedKey(NioEventLoop.java:632)
	at org.apache.ratis.thirdparty.io.netty.channel.nio.NioEventLoop.processSelectedKeysOptimized(NioEventLoop.java:579)
	at org.apache.ratis.thirdparty.io.netty.channel.nio.NioEventLoop.processSelectedKeys(NioEventLoop.java:496)
	at org.apache.ratis.thirdparty.io.netty.channel.nio.NioEventLoop.run(NioEventLoop.java:458)
	at org.apache.ratis.thirdparty.io.netty.util.concurrent.SingleThreadEventExecutor$5.run(SingleThreadEventExecutor.java:897)
	at org.apache.ratis.thirdparty.io.netty.util.concurrent.FastThreadLocalRunnable.run(FastThreadLocalRunnable.java:30)
	... 1 more
Caused by: java.net.ConnectException: Connection refused
	... 11 more
2019-10-06 15:24:04,108 [4d76bd0b-f092-40f3-8f50-298f7e1f26ff@group-D52A03C738BD-LeaderElection28] INFO  impl.RoleInfo (RoleInfo.java:shutdownLeaderElection(134)) - 4d76bd0b-f092-40f3-8f50-298f7e1f26ff: shutdown LeaderElection
2019-10-06 15:24:04,109 [4d76bd0b-f092-40f3-8f50-298f7e1f26ff@group-D52A03C738BD-LeaderElection28] INFO  impl.RaftServerImpl (RaftServerImpl.java:setRole(170)) - 4d76bd0b-f092-40f3-8f50-298f7e1f26ff@group-D52A03C738BD: changes role from CANDIDATE to LEADER at term 3 for changeToLeader
2019-10-06 15:24:04,109 [4d76bd0b-f092-40f3-8f50-298f7e1f26ff@group-D52A03C738BD-LeaderElection28] INFO  impl.RaftServerImpl (ServerState.java:setLeader(255)) - 4d76bd0b-f092-40f3-8f50-298f7e1f26ff@group-D52A03C738BD: change Leader from null to 4d76bd0b-f092-40f3-8f50-298f7e1f26ff at term 3 for becomeLeader, leader elected after 89ms
2019-10-06 15:24:04,109 [4d76bd0b-f092-40f3-8f50-298f7e1f26ff@group-D52A03C738BD-LeaderElection28] INFO  server.RaftServerConfigKeys (ConfUtils.java:logGet(43)) - raft.server.staging.catchup.gap = 1000 (default)
2019-10-06 15:24:04,109 [4d76bd0b-f092-40f3-8f50-298f7e1f26ff@group-D52A03C738BD-LeaderElection28] INFO  server.RaftServerConfigKeys (ConfUtils.java:logGet(43)) - raft.server.rpc.sleep.time = 25ms (default)
2019-10-06 15:24:04,109 [86e848c3-a8c4-4469-96f4-d2b84c1dcbfa@group-5B2481E9846B-SegmentedRaftLogWorker] INFO  segmented.SegmentedRaftLogWorker (SegmentedRaftLogWorker.java:execute(574)) - 86e848c3-a8c4-4469-96f4-d2b84c1dcbfa@group-5B2481E9846B-SegmentedRaftLogWorker: created new log segment /workdir/hadoop-ozone/integration-test/target/test-dir/MiniOzoneClusterImpl-75d4eebd-4d6b-4bc7-bead-2a18387fbc3f/datanode-2/data/ratis/d216901e-66f0-4660-99dd-5b2481e9846b/current/log_inprogress_1
2019-10-06 15:24:04,109 [4d76bd0b-f092-40f3-8f50-298f7e1f26ff@group-D52A03C738BD-LeaderElection28] INFO  server.RaftServerConfigKeys (ConfUtils.java:logGet(43)) - raft.server.write.element-limit = 4096 (default)
2019-10-06 15:24:04,111 [4d76bd0b-f092-40f3-8f50-298f7e1f26ff@group-D52A03C738BD-LeaderElection28] INFO  server.RaftServerConfigKeys (ConfUtils.java:logGet(43)) - raft.server.watch.timeout = 10s (default)
2019-10-06 15:24:04,111 [grpc-default-executor-8] INFO  impl.RaftServerImpl (ServerState.java:setRaftConf(356)) - 69531f84-7205-4417-979c-d03528d6b4c2@group-5B2481E9846B: set configuration 1: [69531f84-7205-4417-979c-d03528d6b4c2:192.168.30.23:44880, bac7edc9-69c9-4080-ab0c-1a7f1a29f394:192.168.30.23:45138, 86e848c3-a8c4-4469-96f4-d2b84c1dcbfa:192.168.30.23:37326], old=null at 1
2019-10-06 15:24:04,111 [4d76bd0b-f092-40f3-8f50-298f7e1f26ff@group-D52A03C738BD-LeaderElection28] INFO  server.RaftServerConfigKeys (ConfUtils.java:logGet(43)) - raft.server.watch.timeout.denomination = 1s (default)
2019-10-06 15:24:04,112 [grpc-default-executor-8] INFO  segmented.SegmentedRaftLogWorker (SegmentedRaftLogWorker.java:rollLogSegment(390)) - 69531f84-7205-4417-979c-d03528d6b4c2@group-5B2481E9846B-SegmentedRaftLogWorker: Rolling segment log-0_0 to index:0
2019-10-06 15:24:04,112 [4d76bd0b-f092-40f3-8f50-298f7e1f26ff@group-D52A03C738BD-LeaderElection28] INFO  server.RaftServerConfigKeys (ConfUtils.java:logGet(43)) - raft.server.watch.element-limit = 65536 (default)
2019-10-06 15:24:04,113 [69531f84-7205-4417-979c-d03528d6b4c2@group-5B2481E9846B-SegmentedRaftLogWorker] INFO  segmented.SegmentedRaftLogWorker (SegmentedRaftLogWorker.java:execute(531)) - 69531f84-7205-4417-979c-d03528d6b4c2@group-5B2481E9846B-SegmentedRaftLogWorker: Rolled log segment from /workdir/hadoop-ozone/integration-test/target/test-dir/MiniOzoneClusterImpl-75d4eebd-4d6b-4bc7-bead-2a18387fbc3f/datanode-0/data/ratis/d216901e-66f0-4660-99dd-5b2481e9846b/current/log_inprogress_0 to /workdir/hadoop-ozone/integration-test/target/test-dir/MiniOzoneClusterImpl-75d4eebd-4d6b-4bc7-bead-2a18387fbc3f/datanode-0/data/ratis/d216901e-66f0-4660-99dd-5b2481e9846b/current/log_0-0
2019-10-06 15:24:04,114 [4d76bd0b-f092-40f3-8f50-298f7e1f26ff@group-D52A03C738BD-LeaderElection28] INFO  server.RaftServerConfigKeys (ConfUtils.java:logGet(43)) - raft.server.log.appender.snapshot.chunk.size.max = 16MB (=16777216) (default)
2019-10-06 15:24:04,115 [4d76bd0b-f092-40f3-8f50-298f7e1f26ff@group-D52A03C738BD-LeaderElection28] INFO  server.RaftServerConfigKeys (ConfUtils.java:logGet(43)) - raft.server.log.appender.buffer.byte-limit = 33554432 (custom)
2019-10-06 15:24:04,115 [4d76bd0b-f092-40f3-8f50-298f7e1f26ff@group-D52A03C738BD-LeaderElection28] INFO  server.RaftServerConfigKeys (ConfUtils.java:logGet(43)) - raft.server.log.appender.buffer.element-limit = 1 (custom)
2019-10-06 15:24:04,115 [4d76bd0b-f092-40f3-8f50-298f7e1f26ff@group-D52A03C738BD-LeaderElection28] INFO  grpc.GrpcConfigKeys$Server (ConfUtils.java:logGet(43)) - raft.grpc.server.leader.outstanding.appends.max = 128 (default)
2019-10-06 15:24:04,115 [4d76bd0b-f092-40f3-8f50-298f7e1f26ff@group-D52A03C738BD-LeaderElection28] INFO  server.RaftServerConfigKeys (ConfUtils.java:logGet(43)) - raft.server.rpc.request.timeout = 3000ms (default)
2019-10-06 15:24:04,116 [4d76bd0b-f092-40f3-8f50-298f7e1f26ff@group-D52A03C738BD-LeaderElection28] INFO  server.RaftServerConfigKeys (ConfUtils.java:logGet(43)) - raft.server.log.appender.install.snapshot.enabled = false (custom)
2019-10-06 15:24:04,116 [4d76bd0b-f092-40f3-8f50-298f7e1f26ff@group-D52A03C738BD-LeaderElection28] INFO  server.RaftServerConfigKeys (ConfUtils.java:logGet(43)) - raft.server.log.appender.snapshot.chunk.size.max = 16MB (=16777216) (default)
2019-10-06 15:24:04,116 [4d76bd0b-f092-40f3-8f50-298f7e1f26ff@group-D52A03C738BD-LeaderElection28] INFO  server.RaftServerConfigKeys (ConfUtils.java:logGet(43)) - raft.server.log.appender.buffer.byte-limit = 33554432 (custom)
2019-10-06 15:24:04,116 [4d76bd0b-f092-40f3-8f50-298f7e1f26ff@group-D52A03C738BD-LeaderElection28] INFO  server.RaftServerConfigKeys (ConfUtils.java:logGet(43)) - raft.server.log.appender.buffer.element-limit = 1 (custom)
2019-10-06 15:24:04,116 [4d76bd0b-f092-40f3-8f50-298f7e1f26ff@group-D52A03C738BD-LeaderElection28] INFO  grpc.GrpcConfigKeys$Server (ConfUtils.java:logGet(43)) - raft.grpc.server.leader.outstanding.appends.max = 128 (default)
2019-10-06 15:24:04,117 [4d76bd0b-f092-40f3-8f50-298f7e1f26ff@group-D52A03C738BD-LeaderElection28] INFO  server.RaftServerConfigKeys (ConfUtils.java:logGet(43)) - raft.server.rpc.request.timeout = 3000ms (default)
2019-10-06 15:24:04,117 [4d76bd0b-f092-40f3-8f50-298f7e1f26ff@group-D52A03C738BD-LeaderElection28] INFO  server.RaftServerConfigKeys (ConfUtils.java:logGet(43)) - raft.server.log.appender.install.snapshot.enabled = false (custom)
2019-10-06 15:24:04,117 [4d76bd0b-f092-40f3-8f50-298f7e1f26ff@group-D52A03C738BD-LeaderElection28] INFO  impl.RoleInfo (RoleInfo.java:updateAndGet(143)) - 4d76bd0b-f092-40f3-8f50-298f7e1f26ff: start LeaderState
2019-10-06 15:24:04,117 [4d76bd0b-f092-40f3-8f50-298f7e1f26ff@group-D52A03C738BD-LeaderElection28] INFO  segmented.SegmentedRaftLogWorker (SegmentedRaftLogWorker.java:rollLogSegment(390)) - 4d76bd0b-f092-40f3-8f50-298f7e1f26ff@group-D52A03C738BD-SegmentedRaftLogWorker: Rolling segment log-0_8 to index:8
2019-10-06 15:24:04,118 [4d76bd0b-f092-40f3-8f50-298f7e1f26ff@group-D52A03C738BD-SegmentedRaftLogWorker] INFO  segmented.SegmentedRaftLogWorker (SegmentedRaftLogWorker.java:execute(531)) - 4d76bd0b-f092-40f3-8f50-298f7e1f26ff@group-D52A03C738BD-SegmentedRaftLogWorker: Rolled log segment from /workdir/hadoop-ozone/integration-test/target/test-dir/MiniOzoneClusterImpl-75d4eebd-4d6b-4bc7-bead-2a18387fbc3f/datanode-5/data/ratis/b33d5e36-bed4-451e-8629-d52a03c738bd/current/log_inprogress_0 to /workdir/hadoop-ozone/integration-test/target/test-dir/MiniOzoneClusterImpl-75d4eebd-4d6b-4bc7-bead-2a18387fbc3f/datanode-5/data/ratis/b33d5e36-bed4-451e-8629-d52a03c738bd/current/log_0-8
2019-10-06 15:24:04,143 [4d76bd0b-f092-40f3-8f50-298f7e1f26ff@group-D52A03C738BD-LeaderElection28] INFO  impl.RaftServerImpl (ServerState.java:setRaftConf(356)) - 4d76bd0b-f092-40f3-8f50-298f7e1f26ff@group-D52A03C738BD: set configuration 9: [1f7023bb-b481-481c-bd59-2650549f2a3a:192.168.30.23:38498, 4d76bd0b-f092-40f3-8f50-298f7e1f26ff:192.168.30.23:35117, 07a43e08-05b1-4f1b-8daa-ac2d25af9eb9:192.168.30.23:38860], old=null at 9
2019-10-06 15:24:04,143 [grpc-default-executor-8] WARN  server.GrpcLogAppender (LogUtils.java:warn(134)) - 4d76bd0b-f092-40f3-8f50-298f7e1f26ff@group-D52A03C738BD->07a43e08-05b1-4f1b-8daa-ac2d25af9eb9-AppendLogResponseHandler: Failed appendEntries: org.apache.ratis.thirdparty.io.grpc.StatusRuntimeException: UNAVAILABLE: io exception
2019-10-06 15:24:04,180 [69531f84-7205-4417-979c-d03528d6b4c2@group-5B2481E9846B-SegmentedRaftLogWorker] INFO  segmented.SegmentedRaftLogWorker (SegmentedRaftLogWorker.java:execute(574)) - 69531f84-7205-4417-979c-d03528d6b4c2@group-5B2481E9846B-SegmentedRaftLogWorker: created new log segment /workdir/hadoop-ozone/integration-test/target/test-dir/MiniOzoneClusterImpl-75d4eebd-4d6b-4bc7-bead-2a18387fbc3f/datanode-0/data/ratis/d216901e-66f0-4660-99dd-5b2481e9846b/current/log_inprogress_1
2019-10-06 15:24:04,183 [grpc-default-executor-8] INFO  impl.FollowerInfo (FollowerInfo.java:lambda$new$0(51)) - 4d76bd0b-f092-40f3-8f50-298f7e1f26ff@group-D52A03C738BD->07a43e08-05b1-4f1b-8daa-ac2d25af9eb9: nextIndex: updateUnconditionally 9 -> 1
2019-10-06 15:24:04,183 [grpc-default-executor-8] INFO  impl.RaftServerImpl (ServerState.java:setLeader(255)) - 1f7023bb-b481-481c-bd59-2650549f2a3a@group-D52A03C738BD: change Leader from null to 4d76bd0b-f092-40f3-8f50-298f7e1f26ff at term 3 for appendEntries, leader elected after 130ms
2019-10-06 15:24:04,186 [grpc-default-executor-8] INFO  impl.RaftServerImpl (ServerState.java:setRaftConf(356)) - 1f7023bb-b481-481c-bd59-2650549f2a3a@group-D52A03C738BD: set configuration 9: [1f7023bb-b481-481c-bd59-2650549f2a3a:192.168.30.23:38498, 4d76bd0b-f092-40f3-8f50-298f7e1f26ff:192.168.30.23:35117, 07a43e08-05b1-4f1b-8daa-ac2d25af9eb9:192.168.30.23:38860], old=null at 9
2019-10-06 15:24:04,186 [grpc-default-executor-8] INFO  segmented.SegmentedRaftLogWorker (SegmentedRaftLogWorker.java:rollLogSegment(390)) - 1f7023bb-b481-481c-bd59-2650549f2a3a@group-D52A03C738BD-SegmentedRaftLogWorker: Rolling segment log-0_8 to index:8
2019-10-06 15:24:04,187 [1f7023bb-b481-481c-bd59-2650549f2a3a@group-D52A03C738BD-SegmentedRaftLogWorker] INFO  segmented.SegmentedRaftLogWorker (SegmentedRaftLogWorker.java:execute(531)) - 1f7023bb-b481-481c-bd59-2650549f2a3a@group-D52A03C738BD-SegmentedRaftLogWorker: Rolled log segment from /workdir/hadoop-ozone/integration-test/target/test-dir/MiniOzoneClusterImpl-75d4eebd-4d6b-4bc7-bead-2a18387fbc3f/datanode-3/data/ratis/b33d5e36-bed4-451e-8629-d52a03c738bd/current/log_inprogress_0 to /workdir/hadoop-ozone/integration-test/target/test-dir/MiniOzoneClusterImpl-75d4eebd-4d6b-4bc7-bead-2a18387fbc3f/datanode-3/data/ratis/b33d5e36-bed4-451e-8629-d52a03c738bd/current/log_0-8
2019-10-06 15:24:04,191 [4d76bd0b-f092-40f3-8f50-298f7e1f26ff@group-D52A03C738BD-SegmentedRaftLogWorker] INFO  segmented.SegmentedRaftLogWorker (SegmentedRaftLogWorker.java:execute(574)) - 4d76bd0b-f092-40f3-8f50-298f7e1f26ff@group-D52A03C738BD-SegmentedRaftLogWorker: created new log segment /workdir/hadoop-ozone/integration-test/target/test-dir/MiniOzoneClusterImpl-75d4eebd-4d6b-4bc7-bead-2a18387fbc3f/datanode-5/data/ratis/b33d5e36-bed4-451e-8629-d52a03c738bd/current/log_inprogress_9
2019-10-06 15:24:04,195 [grpc-default-executor-7] WARN  server.GrpcLogAppender (LogUtils.java:warn(134)) - 86e848c3-a8c4-4469-96f4-d2b84c1dcbfa@group-5B2481E9846B->bac7edc9-69c9-4080-ab0c-1a7f1a29f394-AppendLogResponseHandler: Failed appendEntries: org.apache.ratis.thirdparty.io.grpc.StatusRuntimeException: UNAVAILABLE: io exception
2019-10-06 15:24:04,220 [grpc-default-executor-7] INFO  impl.FollowerInfo (FollowerInfo.java:lambda$new$0(51)) - 86e848c3-a8c4-4469-96f4-d2b84c1dcbfa@group-5B2481E9846B->bac7edc9-69c9-4080-ab0c-1a7f1a29f394: nextIndex: updateUnconditionally 1 -> 0
2019-10-06 15:24:04,226 [1f7023bb-b481-481c-bd59-2650549f2a3a@group-D52A03C738BD-SegmentedRaftLogWorker] INFO  segmented.SegmentedRaftLogWorker (SegmentedRaftLogWorker.java:execute(574)) - 1f7023bb-b481-481c-bd59-2650549f2a3a@group-D52A03C738BD-SegmentedRaftLogWorker: created new log segment /workdir/hadoop-ozone/integration-test/target/test-dir/MiniOzoneClusterImpl-75d4eebd-4d6b-4bc7-bead-2a18387fbc3f/datanode-3/data/ratis/b33d5e36-bed4-451e-8629-d52a03c738bd/current/log_inprogress_9
2019-10-06 15:24:04,226 [grpc-default-executor-1] WARN  server.GrpcLogAppender (LogUtils.java:warn(134)) - 86e848c3-a8c4-4469-96f4-d2b84c1dcbfa@group-5B2481E9846B->bac7edc9-69c9-4080-ab0c-1a7f1a29f394-AppendLogResponseHandler: Failed appendEntries: org.apache.ratis.thirdparty.io.grpc.StatusRuntimeException: UNAVAILABLE: io exception
2019-10-06 15:24:04,226 [grpc-default-executor-1] INFO  impl.FollowerInfo (FollowerInfo.java:lambda$new$0(51)) - 86e848c3-a8c4-4469-96f4-d2b84c1dcbfa@group-5B2481E9846B->bac7edc9-69c9-4080-ab0c-1a7f1a29f394: nextIndex: updateUnconditionally 1 -> 0
2019-10-06 15:24:04,244 [grpc-default-executor-7] WARN  server.GrpcLogAppender (LogUtils.java:warn(134)) - 4d76bd0b-f092-40f3-8f50-298f7e1f26ff@group-D52A03C738BD->07a43e08-05b1-4f1b-8daa-ac2d25af9eb9-AppendLogResponseHandler: Failed appendEntries: org.apache.ratis.thirdparty.io.grpc.StatusRuntimeException: UNAVAILABLE: io exception
2019-10-06 15:24:04,244 [grpc-default-executor-7] INFO  impl.FollowerInfo (FollowerInfo.java:lambda$new$0(51)) - 4d76bd0b-f092-40f3-8f50-298f7e1f26ff@group-D52A03C738BD->07a43e08-05b1-4f1b-8daa-ac2d25af9eb9: nextIndex: updateUnconditionally 2 -> 1
2019-10-06 15:24:04,269 [grpc-default-executor-8] WARN  server.GrpcLogAppender (LogUtils.java:warn(134)) - 4d76bd0b-f092-40f3-8f50-298f7e1f26ff@group-D52A03C738BD->07a43e08-05b1-4f1b-8daa-ac2d25af9eb9-AppendLogResponseHandler: Failed appendEntries: org.apache.ratis.thirdparty.io.grpc.StatusRuntimeException: UNAVAILABLE: io exception
2019-10-06 15:24:04,270 [grpc-default-executor-8] INFO  impl.FollowerInfo (FollowerInfo.java:lambda$new$0(51)) - 4d76bd0b-f092-40f3-8f50-298f7e1f26ff@group-D52A03C738BD->07a43e08-05b1-4f1b-8daa-ac2d25af9eb9: nextIndex: updateUnconditionally 2 -> 1
2019-10-06 15:24:04,871 [ForkJoinPool.commonPool-worker-1] INFO  ozoneimpl.OzoneContainer (OzoneContainer.java:stop(231)) - Attempting to stop container services.
2019-10-06 15:24:04,871 [main] INFO  ozoneimpl.OzoneContainer (OzoneContainer.java:stop(231)) - Attempting to stop container services.
2019-10-06 15:24:04,871 [ForkJoinPool.commonPool-worker-1] INFO  impl.RaftServerProxy (RaftServerProxy.java:lambda$close$4(314)) - 86e848c3-a8c4-4469-96f4-d2b84c1dcbfa: close
2019-10-06 15:24:04,872 [main] INFO  impl.RaftServerProxy (RaftServerProxy.java:lambda$close$4(314)) - 1f7023bb-b481-481c-bd59-2650549f2a3a: close
2019-10-06 15:24:04,872 [ForkJoinPool.commonPool-worker-1] INFO  impl.RaftServerImpl (RaftServerImpl.java:lambda$shutdown$3(247)) - 86e848c3-a8c4-4469-96f4-d2b84c1dcbfa@group-5B2481E9846B: shutdown
2019-10-06 15:24:04,872 [main] INFO  impl.RaftServerImpl (RaftServerImpl.java:lambda$shutdown$3(247)) - 1f7023bb-b481-481c-bd59-2650549f2a3a@group-99AF31D92308: shutdown
2019-10-06 15:24:04,872 [ForkJoinPool.commonPool-worker-1] INFO  util.JmxRegister (JmxRegister.java:unregister(73)) - Successfully un-registered JMX Bean with object name Ratis:service=RaftServer,group=group-5B2481E9846B,id=86e848c3-a8c4-4469-96f4-d2b84c1dcbfa
2019-10-06 15:24:04,873 [main] INFO  util.JmxRegister (JmxRegister.java:unregister(73)) - Successfully un-registered JMX Bean with object name Ratis:service=RaftServer,group=group-99AF31D92308,id=1f7023bb-b481-481c-bd59-2650549f2a3a
2019-10-06 15:24:04,874 [main] INFO  impl.RoleInfo (RoleInfo.java:shutdownLeaderState(104)) - 1f7023bb-b481-481c-bd59-2650549f2a3a: shutdown LeaderState
2019-10-06 15:24:04,873 [ForkJoinPool.commonPool-worker-1] INFO  impl.RoleInfo (RoleInfo.java:shutdownLeaderState(104)) - 86e848c3-a8c4-4469-96f4-d2b84c1dcbfa: shutdown LeaderState
2019-10-06 15:24:04,874 [main] INFO  impl.PendingRequests (PendingRequests.java:sendNotLeaderResponses(202)) - 1f7023bb-b481-481c-bd59-2650549f2a3a@group-99AF31D92308-PendingRequests: sendNotLeaderResponses
2019-10-06 15:24:04,880 [org.apache.ratis.server.impl.LogAppender$AppenderDaemon$$Lambda$554/417633151@2e6aa428] WARN  server.GrpcLogAppender (GrpcLogAppender.java:mayWait(143)) - 86e848c3-a8c4-4469-96f4-d2b84c1dcbfa@group-5B2481E9846B->69531f84-7205-4417-979c-d03528d6b4c2-GrpcLogAppender: Wait interrupted by java.lang.InterruptedException
2019-10-06 15:24:04,880 [org.apache.ratis.server.impl.LogAppender$AppenderDaemon$$Lambda$554/417633151@1f94a876] WARN  server.GrpcLogAppender (GrpcLogAppender.java:mayWait(143)) - 86e848c3-a8c4-4469-96f4-d2b84c1dcbfa@group-5B2481E9846B->bac7edc9-69c9-4080-ab0c-1a7f1a29f394-GrpcLogAppender: Wait interrupted by java.lang.InterruptedException
2019-10-06 15:24:04,880 [main] INFO  impl.StateMachineUpdater (StateMachineUpdater.java:stopAndJoin(136)) - 1f7023bb-b481-481c-bd59-2650549f2a3a@group-99AF31D92308-StateMachineUpdater: set stopIndex = 0
2019-10-06 15:24:04,880 [ForkJoinPool.commonPool-worker-1] INFO  impl.PendingRequests (PendingRequests.java:sendNotLeaderResponses(202)) - 86e848c3-a8c4-4469-96f4-d2b84c1dcbfa@group-5B2481E9846B-PendingRequests: sendNotLeaderResponses
2019-10-06 15:24:04,881 [grpc-default-executor-8] INFO  server.GrpcServerProtocolService (GrpcServerProtocolService.java:onCompleted(113)) - 69531f84-7205-4417-979c-d03528d6b4c2: Completed APPEND_ENTRIES, lastRequest: 86e848c3-a8c4-4469-96f4-d2b84c1dcbfa->69531f84-7205-4417-979c-d03528d6b4c2#2-t2, previous=(t:2, i:1), leaderCommit=1, initializing? false, entries: size=1, first=(t:2, i:2), METADATAENTRY(c1)
2019-10-06 15:24:04,881 [main] INFO  impl.RaftServerImpl (ServerState.java:close(387)) - 1f7023bb-b481-481c-bd59-2650549f2a3a@group-99AF31D92308: closes. applyIndex: 0
2019-10-06 15:24:04,885 [ForkJoinPool.commonPool-worker-1] INFO  impl.StateMachineUpdater (StateMachineUpdater.java:stopAndJoin(136)) - 86e848c3-a8c4-4469-96f4-d2b84c1dcbfa@group-5B2481E9846B-StateMachineUpdater: set stopIndex = 2
2019-10-06 15:24:04,886 [1f7023bb-b481-481c-bd59-2650549f2a3a@group-99AF31D92308-SegmentedRaftLogWorker] INFO  segmented.SegmentedRaftLogWorker (SegmentedRaftLogWorker.java:run(316)) - 1f7023bb-b481-481c-bd59-2650549f2a3a@group-99AF31D92308-SegmentedRaftLogWorker was interrupted, exiting. There are 0 tasks remaining in the queue.
2019-10-06 15:24:04,886 [grpc-default-executor-8] INFO  server.GrpcLogAppender (GrpcLogAppender.java:onCompleted(293)) - 86e848c3-a8c4-4469-96f4-d2b84c1dcbfa@group-5B2481E9846B->69531f84-7205-4417-979c-d03528d6b4c2-AppendLogResponseHandler: follower responses appendEntries COMPLETED
2019-10-06 15:24:04,889 [main] INFO  segmented.SegmentedRaftLogWorker (SegmentedRaftLogWorker.java:close(224)) - 1f7023bb-b481-481c-bd59-2650549f2a3a@group-99AF31D92308-SegmentedRaftLogWorker close()
2019-10-06 15:24:04,887 [ForkJoinPool.commonPool-worker-1] INFO  impl.RaftServerImpl (ServerState.java:close(387)) - 86e848c3-a8c4-4469-96f4-d2b84c1dcbfa@group-5B2481E9846B: closes. applyIndex: 2
2019-10-06 15:24:04,892 [main] INFO  impl.RaftServerImpl (RaftServerImpl.java:lambda$shutdown$3(247)) - 1f7023bb-b481-481c-bd59-2650549f2a3a@group-D52A03C738BD: shutdown
2019-10-06 15:24:04,892 [grpc-default-executor-8] INFO  impl.FollowerInfo (FollowerInfo.java:lambda$new$0(51)) - 86e848c3-a8c4-4469-96f4-d2b84c1dcbfa@group-5B2481E9846B->69531f84-7205-4417-979c-d03528d6b4c2: nextIndex: updateUnconditionally 3 -> 2
2019-10-06 15:24:04,892 [main] INFO  util.JmxRegister (JmxRegister.java:unregister(73)) - Successfully un-registered JMX Bean with object name Ratis:service=RaftServer,group=group-D52A03C738BD,id=1f7023bb-b481-481c-bd59-2650549f2a3a
2019-10-06 15:24:04,893 [main] INFO  impl.RoleInfo (RoleInfo.java:shutdownFollowerState(121)) - 1f7023bb-b481-481c-bd59-2650549f2a3a: shutdown FollowerState
2019-10-06 15:24:04,893 [main] INFO  impl.StateMachineUpdater (StateMachineUpdater.java:stopAndJoin(136)) - 1f7023bb-b481-481c-bd59-2650549f2a3a@group-D52A03C738BD-StateMachineUpdater: set stopIndex = 9
2019-10-06 15:24:04,892 [86e848c3-a8c4-4469-96f4-d2b84c1dcbfa@group-5B2481E9846B-SegmentedRaftLogWorker] INFO  segmented.SegmentedRaftLogWorker (SegmentedRaftLogWorker.java:run(316)) - 86e848c3-a8c4-4469-96f4-d2b84c1dcbfa@group-5B2481E9846B-SegmentedRaftLogWorker was interrupted, exiting. There are 0 tasks remaining in the queue.
2019-10-06 15:24:04,894 [1f7023bb-b481-481c-bd59-2650549f2a3a@group-D52A03C738BD-StateMachineUpdater] INFO  ratis.ContainerStateMachine (ContainerStateMachine.java:takeSnapshot(293)) - group-D52A03C738BD: Taking a snapshot at:(t:2, i:6) file /workdir/hadoop-ozone/integration-test/target/test-dir/MiniOzoneClusterImpl-75d4eebd-4d6b-4bc7-bead-2a18387fbc3f/datanode-3/data/ratis/b33d5e36-bed4-451e-8629-d52a03c738bd/sm/snapshot.2_6
2019-10-06 15:24:04,894 [Thread-1353] INFO  impl.FollowerState (FollowerState.java:run(117)) - 1f7023bb-b481-481c-bd59-2650549f2a3a@group-D52A03C738BD-FollowerState was interrupted: java.lang.InterruptedException: sleep interrupted
2019-10-06 15:24:04,896 [ForkJoinPool.commonPool-worker-1] INFO  segmented.SegmentedRaftLogWorker (SegmentedRaftLogWorker.java:close(224)) - 86e848c3-a8c4-4469-96f4-d2b84c1dcbfa@group-5B2481E9846B-SegmentedRaftLogWorker close()
2019-10-06 15:24:04,900 [ForkJoinPool.commonPool-worker-1] INFO  impl.RaftServerImpl (RaftServerImpl.java:lambda$shutdown$3(247)) - 86e848c3-a8c4-4469-96f4-d2b84c1dcbfa@group-C04115E72766: shutdown
2019-10-06 15:24:04,901 [ForkJoinPool.commonPool-worker-1] INFO  util.JmxRegister (JmxRegister.java:unregister(73)) - Successfully un-registered JMX Bean with object name Ratis:service=RaftServer,group=group-C04115E72766,id=86e848c3-a8c4-4469-96f4-d2b84c1dcbfa
2019-10-06 15:24:04,901 [ForkJoinPool.commonPool-worker-1] INFO  impl.RoleInfo (RoleInfo.java:shutdownLeaderState(104)) - 86e848c3-a8c4-4469-96f4-d2b84c1dcbfa: shutdown LeaderState
2019-10-06 15:24:04,901 [ForkJoinPool.commonPool-worker-1] INFO  impl.PendingRequests (PendingRequests.java:sendNotLeaderResponses(202)) - 86e848c3-a8c4-4469-96f4-d2b84c1dcbfa@group-C04115E72766-PendingRequests: sendNotLeaderResponses
2019-10-06 15:24:04,902 [ForkJoinPool.commonPool-worker-1] INFO  impl.StateMachineUpdater (StateMachineUpdater.java:stopAndJoin(136)) - 86e848c3-a8c4-4469-96f4-d2b84c1dcbfa@group-C04115E72766-StateMachineUpdater: set stopIndex = 0
2019-10-06 15:24:04,902 [ForkJoinPool.commonPool-worker-1] INFO  impl.RaftServerImpl (ServerState.java:close(387)) - 86e848c3-a8c4-4469-96f4-d2b84c1dcbfa@group-C04115E72766: closes. applyIndex: 0
2019-10-06 15:24:04,902 [86e848c3-a8c4-4469-96f4-d2b84c1dcbfa@group-C04115E72766-SegmentedRaftLogWorker] INFO  segmented.SegmentedRaftLogWorker (SegmentedRaftLogWorker.java:run(316)) - 86e848c3-a8c4-4469-96f4-d2b84c1dcbfa@group-C04115E72766-SegmentedRaftLogWorker was interrupted, exiting. There are 0 tasks remaining in the queue.
2019-10-06 15:24:04,905 [ForkJoinPool.commonPool-worker-1] INFO  segmented.SegmentedRaftLogWorker (SegmentedRaftLogWorker.java:close(224)) - 86e848c3-a8c4-4469-96f4-d2b84c1dcbfa@group-C04115E72766-SegmentedRaftLogWorker close()
2019-10-06 15:24:04,907 [ForkJoinPool.commonPool-worker-1] INFO  server.GrpcService (GrpcService.java:closeImpl(164)) - 86e848c3-a8c4-4469-96f4-d2b84c1dcbfa: shutdown server with port 37326 now
2019-10-06 15:24:04,907 [ForkJoinPool.commonPool-worker-1] INFO  server.GrpcService (GrpcService.java:closeImpl(172)) - 86e848c3-a8c4-4469-96f4-d2b84c1dcbfa: shutdown server with port 37326 successfully
2019-10-06 15:24:04,909 [refreshUsed-/workdir/hadoop-ozone/integration-test/target/test-dir/MiniOzoneClusterImpl-75d4eebd-4d6b-4bc7-bead-2a18387fbc3f/datanode-2/data/containers] WARN  fs.CachingGetSpaceUsed (CachingGetSpaceUsed.java:run(183)) - Thread Interrupted waiting to refresh disk information: sleep interrupted
2019-10-06 15:24:04,911 [1f7023bb-b481-481c-bd59-2650549f2a3a@group-D52A03C738BD-StateMachineUpdater] INFO  ratis.ContainerStateMachine (ContainerStateMachine.java:takeSnapshot(304)) - group-D52A03C738BD: Finished taking a snapshot at:(t:2, i:6) file:/workdir/hadoop-ozone/integration-test/target/test-dir/MiniOzoneClusterImpl-75d4eebd-4d6b-4bc7-bead-2a18387fbc3f/datanode-3/data/ratis/b33d5e36-bed4-451e-8629-d52a03c738bd/sm/snapshot.2_6 time:17
2019-10-06 15:24:04,911 [1f7023bb-b481-481c-bd59-2650549f2a3a@group-D52A03C738BD-StateMachineUpdater] INFO  impl.StateMachineUpdater (StateMachineUpdater.java:takeSnapshot(269)) - 1f7023bb-b481-481c-bd59-2650549f2a3a@group-D52A03C738BD-StateMachineUpdater: Took a snapshot at index 6
2019-10-06 15:24:04,912 [1f7023bb-b481-481c-bd59-2650549f2a3a@group-D52A03C738BD-StateMachineUpdater] INFO  impl.StateMachineUpdater (StateMachineUpdater.java:lambda$new$0(84)) - 1f7023bb-b481-481c-bd59-2650549f2a3a@group-D52A03C738BD-StateMachineUpdater: snapshotIndex: updateIncreasingly -1 -> 6
2019-10-06 15:24:04,914 [1f7023bb-b481-481c-bd59-2650549f2a3a@group-D52A03C738BD-StateMachineUpdater] INFO  ratis.ContainerStateMachine (ContainerStateMachine.java:takeSnapshot(293)) - group-D52A03C738BD: Taking a snapshot at:(t:2, i:6) file /workdir/hadoop-ozone/integration-test/target/test-dir/MiniOzoneClusterImpl-75d4eebd-4d6b-4bc7-bead-2a18387fbc3f/datanode-3/data/ratis/b33d5e36-bed4-451e-8629-d52a03c738bd/sm/snapshot.2_6
2019-10-06 15:24:04,927 [1f7023bb-b481-481c-bd59-2650549f2a3a@group-D52A03C738BD-StateMachineUpdater] INFO  ratis.ContainerStateMachine (ContainerStateMachine.java:takeSnapshot(304)) - group-D52A03C738BD: Finished taking a snapshot at:(t:2, i:6) file:/workdir/hadoop-ozone/integration-test/target/test-dir/MiniOzoneClusterImpl-75d4eebd-4d6b-4bc7-bead-2a18387fbc3f/datanode-3/data/ratis/b33d5e36-bed4-451e-8629-d52a03c738bd/sm/snapshot.2_6 time:13
2019-10-06 15:24:04,927 [1f7023bb-b481-481c-bd59-2650549f2a3a@group-D52A03C738BD-StateMachineUpdater] INFO  impl.StateMachineUpdater (StateMachineUpdater.java:takeSnapshot(269)) - 1f7023bb-b481-481c-bd59-2650549f2a3a@group-D52A03C738BD-StateMachineUpdater: Took a snapshot at index 6
2019-10-06 15:24:04,927 [1f7023bb-b481-481c-bd59-2650549f2a3a@group-D52A03C738BD-StateMachineUpdater] INFO  impl.StateMachineUpdater (StateMachineUpdater.java:lambda$new$0(84)) - 1f7023bb-b481-481c-bd59-2650549f2a3a@group-D52A03C738BD-StateMachineUpdater: snapshotIndex: updateIncreasingly 6 -> 6
2019-10-06 15:24:04,928 [main] INFO  impl.RaftServerImpl (ServerState.java:close(387)) - 1f7023bb-b481-481c-bd59-2650549f2a3a@group-D52A03C738BD: closes. applyIndex: 9
2019-10-06 15:24:04,928 [ForkJoinPool.commonPool-worker-1] INFO  utils.BackgroundService (BackgroundService.java:shutdown(148)) - Shutting down service BlockDeletingService
2019-10-06 15:24:04,929 [1f7023bb-b481-481c-bd59-2650549f2a3a@group-D52A03C738BD-SegmentedRaftLogWorker] INFO  segmented.SegmentedRaftLogWorker (SegmentedRaftLogWorker.java:run(316)) - 1f7023bb-b481-481c-bd59-2650549f2a3a@group-D52A03C738BD-SegmentedRaftLogWorker was interrupted, exiting. There are 0 tasks remaining in the queue.
2019-10-06 15:24:04,931 [main] INFO  segmented.SegmentedRaftLogWorker (SegmentedRaftLogWorker.java:close(224)) - 1f7023bb-b481-481c-bd59-2650549f2a3a@group-D52A03C738BD-SegmentedRaftLogWorker close()
2019-10-06 15:24:04,936 [ForkJoinPool.commonPool-worker-1] INFO  statemachine.DatanodeStateMachine (DatanodeStateMachine.java:stopDaemon(395)) - Ozone container server stopped.
2019-10-06 15:24:04,937 [main] INFO  server.GrpcService (GrpcService.java:closeImpl(164)) - 1f7023bb-b481-481c-bd59-2650549f2a3a: shutdown server with port 38498 now
2019-10-06 15:24:04,942 [main] INFO  server.GrpcService (GrpcService.java:closeImpl(172)) - 1f7023bb-b481-481c-bd59-2650549f2a3a: shutdown server with port 38498 successfully
2019-10-06 15:24:04,942 [grpc-default-executor-7] WARN  server.GrpcServerProtocolService (LogUtils.java:warn(134)) - 1f7023bb-b481-481c-bd59-2650549f2a3a: installSnapshot onError, lastRequest: 4d76bd0b-f092-40f3-8f50-298f7e1f26ff->1f7023bb-b481-481c-bd59-2650549f2a3a#2-t3, previous=(t:3, i:9), leaderCommit=9, initializing? false, entries: size=1, first=(t:3, i:10), METADATAENTRY(c9): org.apache.ratis.thirdparty.io.grpc.StatusRuntimeException: CANCELLED: cancelled before receiving half close
2019-10-06 15:24:04,943 [grpc-default-executor-8] WARN  server.GrpcLogAppender (LogUtils.java:warn(134)) - 4d76bd0b-f092-40f3-8f50-298f7e1f26ff@group-D52A03C738BD->1f7023bb-b481-481c-bd59-2650549f2a3a-AppendLogResponseHandler: Failed appendEntries: org.apache.ratis.thirdparty.io.grpc.StatusRuntimeException: CANCELLED: HTTP/2 error code: CANCEL
Received Rst Stream
2019-10-06 15:24:04,943 [grpc-default-executor-2] WARN  client.GrpcClientProtocolService (LogUtils.java:warn(134)) - 60-OrderedRequestStreamObserver60: onError: org.apache.ratis.thirdparty.io.grpc.StatusRuntimeException: CANCELLED: cancelled before receiving half close
2019-10-06 15:24:04,944 [grpc-default-executor-8] INFO  impl.FollowerInfo (FollowerInfo.java:lambda$new$0(51)) - 4d76bd0b-f092-40f3-8f50-298f7e1f26ff@group-D52A03C738BD->1f7023bb-b481-481c-bd59-2650549f2a3a: nextIndex: updateUnconditionally 11 -> 10
2019-10-06 15:24:04,948 [refreshUsed-/workdir/hadoop-ozone/integration-test/target/test-dir/MiniOzoneClusterImpl-75d4eebd-4d6b-4bc7-bead-2a18387fbc3f/datanode-3/data/containers] WARN  fs.CachingGetSpaceUsed (CachingGetSpaceUsed.java:run(183)) - Thread Interrupted waiting to refresh disk information: sleep interrupted
2019-10-06 15:24:04,955 [ForkJoinPool.commonPool-worker-1] INFO  handler.ContextHandler (ContextHandler.java:doStop(910)) - Stopped o.e.j.w.WebAppContext@7cfac39f{/,null,UNAVAILABLE}{/hddsDatanode}
2019-10-06 15:24:04,956 [ForkJoinPool.commonPool-worker-1] INFO  server.AbstractConnector (AbstractConnector.java:doStop(318)) - Stopped ServerConnector@158ae284{HTTP/1.1,[http/1.1]}{0.0.0.0:0}
2019-10-06 15:24:04,958 [ForkJoinPool.commonPool-worker-1] INFO  handler.ContextHandler (ContextHandler.java:doStop(910)) - Stopped o.e.j.s.ServletContextHandler@92d1782{/static,jar:file:/home/user/.m2/repository/org/apache/hadoop/hadoop-hdds-container-service/0.5.0-SNAPSHOT/hadoop-hdds-container-service-0.5.0-SNAPSHOT.jar!/webapps/static,UNAVAILABLE}
2019-10-06 15:24:04,960 [ForkJoinPool.commonPool-worker-1] INFO  handler.ContextHandler (ContextHandler.java:doStop(910)) - Stopped o.e.j.s.ServletContextHandler@64e1377c{/logs,file:///workdir/hadoop-ozone/integration-test/target/log,UNAVAILABLE}
2019-10-06 15:24:04,970 [main] INFO  utils.BackgroundService (BackgroundService.java:shutdown(148)) - Shutting down service BlockDeletingService
2019-10-06 15:24:04,974 [main] INFO  statemachine.DatanodeStateMachine (DatanodeStateMachine.java:stopDaemon(395)) - Ozone container server stopped.
2019-10-06 15:24:04,975 [main] INFO  handler.ContextHandler (ContextHandler.java:doStop(910)) - Stopped o.e.j.w.WebAppContext@40c2ce52{/,null,UNAVAILABLE}{/hddsDatanode}
2019-10-06 15:24:04,976 [main] INFO  server.AbstractConnector (AbstractConnector.java:doStop(318)) - Stopped ServerConnector@18a19e{HTTP/1.1,[http/1.1]}{0.0.0.0:0}
2019-10-06 15:24:04,977 [main] INFO  handler.ContextHandler (ContextHandler.java:doStop(910)) - Stopped o.e.j.s.ServletContextHandler@16736040{/static,jar:file:/home/user/.m2/repository/org/apache/hadoop/hadoop-hdds-container-service/0.5.0-SNAPSHOT/hadoop-hdds-container-service-0.5.0-SNAPSHOT.jar!/webapps/static,UNAVAILABLE}
2019-10-06 15:24:04,977 [main] INFO  handler.ContextHandler (ContextHandler.java:doStop(910)) - Stopped o.e.j.s.ServletContextHandler@10272bbb{/logs,file:///workdir/hadoop-ozone/integration-test/target/log,UNAVAILABLE}
2019-10-06 15:24:05,491 [Datanode State Machine Thread - 0] INFO  statemachine.DatanodeStateMachine (DatanodeStateMachine.java:lambda$startDaemon$0(350)) - Ozone container server started.
2019-10-06 15:24:05,939 [Datanode State Machine Thread - 0] INFO  statemachine.DatanodeStateMachine (DatanodeStateMachine.java:lambda$startDaemon$0(350)) - Ozone container server started.
2019-10-06 15:24:06,760 [grpc-default-executor-1] WARN  server.GrpcLogAppender (LogUtils.java:warn(134)) - 4d76bd0b-f092-40f3-8f50-298f7e1f26ff@group-D52A03C738BD->1f7023bb-b481-481c-bd59-2650549f2a3a-AppendLogResponseHandler: Failed appendEntries: org.apache.ratis.thirdparty.io.grpc.StatusRuntimeException: UNAVAILABLE: io exception
2019-10-06 15:24:06,760 [grpc-default-executor-7] WARN  server.GrpcLogAppender (LogUtils.java:warn(134)) - 4d76bd0b-f092-40f3-8f50-298f7e1f26ff@group-D52A03C738BD->07a43e08-05b1-4f1b-8daa-ac2d25af9eb9-AppendLogResponseHandler: Failed appendEntries: org.apache.ratis.thirdparty.io.grpc.StatusRuntimeException: UNAVAILABLE: io exception
2019-10-06 15:24:06,761 [grpc-default-executor-1] INFO  impl.FollowerInfo (FollowerInfo.java:lambda$new$0(51)) - 4d76bd0b-f092-40f3-8f50-298f7e1f26ff@group-D52A03C738BD->1f7023bb-b481-481c-bd59-2650549f2a3a: nextIndex: updateUnconditionally 10 -> 9
2019-10-06 15:24:06,761 [grpc-default-executor-7] INFO  impl.FollowerInfo (FollowerInfo.java:lambda$new$0(51)) - 4d76bd0b-f092-40f3-8f50-298f7e1f26ff@group-D52A03C738BD->07a43e08-05b1-4f1b-8daa-ac2d25af9eb9: nextIndex: updateUnconditionally 1 -> 0
2019-10-06 15:24:09,266 [grpc-default-executor-1] WARN  server.GrpcLogAppender (LogUtils.java:warn(134)) - 4d76bd0b-f092-40f3-8f50-298f7e1f26ff@group-D52A03C738BD->1f7023bb-b481-481c-bd59-2650549f2a3a-AppendLogResponseHandler: Failed appendEntries: org.apache.ratis.thirdparty.io.grpc.StatusRuntimeException: UNAVAILABLE: io exception
2019-10-06 15:24:09,267 [grpc-default-executor-9] WARN  server.GrpcLogAppender (LogUtils.java:warn(134)) - 4d76bd0b-f092-40f3-8f50-298f7e1f26ff@group-D52A03C738BD->07a43e08-05b1-4f1b-8daa-ac2d25af9eb9-AppendLogResponseHandler: Failed appendEntries: org.apache.ratis.thirdparty.io.grpc.StatusRuntimeException: UNAVAILABLE: io exception
2019-10-06 15:24:09,268 [grpc-default-executor-9] INFO  impl.FollowerInfo (FollowerInfo.java:lambda$new$0(51)) - 4d76bd0b-f092-40f3-8f50-298f7e1f26ff@group-D52A03C738BD->07a43e08-05b1-4f1b-8daa-ac2d25af9eb9: nextIndex: updateUnconditionally 0 -> 0
2019-10-06 15:24:09,268 [grpc-default-executor-1] INFO  impl.FollowerInfo (FollowerInfo.java:lambda$new$0(51)) - 4d76bd0b-f092-40f3-8f50-298f7e1f26ff@group-D52A03C738BD->1f7023bb-b481-481c-bd59-2650549f2a3a: nextIndex: updateUnconditionally 9 -> 8
2019-10-06 15:24:09,962 [ForkJoinPool.commonPool-worker-1] INFO  ozoneimpl.OzoneContainer (OzoneContainer.java:stop(231)) - Attempting to stop container services.
2019-10-06 15:24:09,964 [ForkJoinPool.commonPool-worker-1] INFO  impl.RaftServerProxy (RaftServerProxy.java:lambda$close$4(314)) - 69531f84-7205-4417-979c-d03528d6b4c2: close
2019-10-06 15:24:09,964 [ForkJoinPool.commonPool-worker-1] INFO  impl.RaftServerImpl (RaftServerImpl.java:lambda$shutdown$3(247)) - 69531f84-7205-4417-979c-d03528d6b4c2@group-E6D8A87B488E: shutdown
2019-10-06 15:24:09,965 [ForkJoinPool.commonPool-worker-1] INFO  util.JmxRegister (JmxRegister.java:unregister(73)) - Successfully un-registered JMX Bean with object name Ratis:service=RaftServer,group=group-E6D8A87B488E,id=69531f84-7205-4417-979c-d03528d6b4c2
2019-10-06 15:24:09,965 [ForkJoinPool.commonPool-worker-1] INFO  impl.RoleInfo (RoleInfo.java:shutdownLeaderState(104)) - 69531f84-7205-4417-979c-d03528d6b4c2: shutdown LeaderState
2019-10-06 15:24:09,965 [ForkJoinPool.commonPool-worker-1] INFO  impl.PendingRequests (PendingRequests.java:sendNotLeaderResponses(202)) - 69531f84-7205-4417-979c-d03528d6b4c2@group-E6D8A87B488E-PendingRequests: sendNotLeaderResponses
2019-10-06 15:24:09,967 [ForkJoinPool.commonPool-worker-1] INFO  impl.StateMachineUpdater (StateMachineUpdater.java:stopAndJoin(136)) - 69531f84-7205-4417-979c-d03528d6b4c2@group-E6D8A87B488E-StateMachineUpdater: set stopIndex = 0
2019-10-06 15:24:09,968 [ForkJoinPool.commonPool-worker-1] INFO  impl.RaftServerImpl (ServerState.java:close(387)) - 69531f84-7205-4417-979c-d03528d6b4c2@group-E6D8A87B488E: closes. applyIndex: 0
2019-10-06 15:24:09,968 [69531f84-7205-4417-979c-d03528d6b4c2@group-E6D8A87B488E-SegmentedRaftLogWorker] INFO  segmented.SegmentedRaftLogWorker (SegmentedRaftLogWorker.java:run(316)) - 69531f84-7205-4417-979c-d03528d6b4c2@group-E6D8A87B488E-SegmentedRaftLogWorker was interrupted, exiting. There are 0 tasks remaining in the queue.
2019-10-06 15:24:09,970 [ForkJoinPool.commonPool-worker-1] INFO  segmented.SegmentedRaftLogWorker (SegmentedRaftLogWorker.java:close(224)) - 69531f84-7205-4417-979c-d03528d6b4c2@group-E6D8A87B488E-SegmentedRaftLogWorker close()
2019-10-06 15:24:09,972 [ForkJoinPool.commonPool-worker-1] INFO  impl.RaftServerImpl (RaftServerImpl.java:lambda$shutdown$3(247)) - 69531f84-7205-4417-979c-d03528d6b4c2@group-5B2481E9846B: shutdown
2019-10-06 15:24:09,973 [ForkJoinPool.commonPool-worker-1] INFO  util.JmxRegister (JmxRegister.java:unregister(73)) - Successfully un-registered JMX Bean with object name Ratis:service=RaftServer,group=group-5B2481E9846B,id=69531f84-7205-4417-979c-d03528d6b4c2
2019-10-06 15:24:09,973 [ForkJoinPool.commonPool-worker-1] INFO  impl.RoleInfo (RoleInfo.java:shutdownFollowerState(121)) - 69531f84-7205-4417-979c-d03528d6b4c2: shutdown FollowerState
2019-10-06 15:24:09,973 [ForkJoinPool.commonPool-worker-1] INFO  impl.StateMachineUpdater (StateMachineUpdater.java:stopAndJoin(136)) - 69531f84-7205-4417-979c-d03528d6b4c2@group-5B2481E9846B-StateMachineUpdater: set stopIndex = 1
2019-10-06 15:24:09,973 [Thread-1349] INFO  impl.FollowerState (FollowerState.java:run(117)) - 69531f84-7205-4417-979c-d03528d6b4c2@group-5B2481E9846B-FollowerState was interrupted: java.lang.InterruptedException: sleep interrupted
2019-10-06 15:24:09,974 [ForkJoinPool.commonPool-worker-1] INFO  impl.RaftServerImpl (ServerState.java:close(387)) - 69531f84-7205-4417-979c-d03528d6b4c2@group-5B2481E9846B: closes. applyIndex: 1
2019-10-06 15:24:09,976 [69531f84-7205-4417-979c-d03528d6b4c2@group-5B2481E9846B-SegmentedRaftLogWorker] INFO  segmented.SegmentedRaftLogWorker (SegmentedRaftLogWorker.java:run(316)) - 69531f84-7205-4417-979c-d03528d6b4c2@group-5B2481E9846B-SegmentedRaftLogWorker was interrupted, exiting. There are 0 tasks remaining in the queue.
2019-10-06 15:24:09,979 [main] INFO  ozoneimpl.OzoneContainer (OzoneContainer.java:stop(231)) - Attempting to stop container services.
2019-10-06 15:24:09,979 [main] INFO  impl.RaftServerProxy (RaftServerProxy.java:lambda$close$4(314)) - 2734ae52-7268-4101-b6b0-31e579dc837c: close
2019-10-06 15:24:09,980 [main] INFO  impl.RaftServerImpl (RaftServerImpl.java:lambda$shutdown$3(247)) - 2734ae52-7268-4101-b6b0-31e579dc837c@group-2FFB8C404AA1: shutdown
2019-10-06 15:24:09,980 [main] INFO  util.JmxRegister (JmxRegister.java:unregister(73)) - Successfully un-registered JMX Bean with object name Ratis:service=RaftServer,group=group-2FFB8C404AA1,id=2734ae52-7268-4101-b6b0-31e579dc837c
2019-10-06 15:24:09,980 [main] INFO  impl.RoleInfo (RoleInfo.java:shutdownLeaderState(104)) - 2734ae52-7268-4101-b6b0-31e579dc837c: shutdown LeaderState
2019-10-06 15:24:09,981 [main] INFO  impl.PendingRequests (PendingRequests.java:sendNotLeaderResponses(202)) - 2734ae52-7268-4101-b6b0-31e579dc837c@group-2FFB8C404AA1-PendingRequests: sendNotLeaderResponses
2019-10-06 15:24:09,981 [main] INFO  impl.StateMachineUpdater (StateMachineUpdater.java:stopAndJoin(136)) - 2734ae52-7268-4101-b6b0-31e579dc837c@group-2FFB8C404AA1-StateMachineUpdater: set stopIndex = 0
2019-10-06 15:24:09,982 [main] INFO  impl.RaftServerImpl (ServerState.java:close(387)) - 2734ae52-7268-4101-b6b0-31e579dc837c@group-2FFB8C404AA1: closes. applyIndex: 0
2019-10-06 15:24:09,982 [ForkJoinPool.commonPool-worker-1] INFO  segmented.SegmentedRaftLogWorker (SegmentedRaftLogWorker.java:close(224)) - 69531f84-7205-4417-979c-d03528d6b4c2@group-5B2481E9846B-SegmentedRaftLogWorker close()
2019-10-06 15:24:09,982 [2734ae52-7268-4101-b6b0-31e579dc837c@group-2FFB8C404AA1-SegmentedRaftLogWorker] INFO  segmented.SegmentedRaftLogWorker (SegmentedRaftLogWorker.java:run(316)) - 2734ae52-7268-4101-b6b0-31e579dc837c@group-2FFB8C404AA1-SegmentedRaftLogWorker was interrupted, exiting. There are 0 tasks remaining in the queue.
2019-10-06 15:24:09,993 [main] INFO  segmented.SegmentedRaftLogWorker (SegmentedRaftLogWorker.java:close(224)) - 2734ae52-7268-4101-b6b0-31e579dc837c@group-2FFB8C404AA1-SegmentedRaftLogWorker close()
2019-10-06 15:24:09,993 [ForkJoinPool.commonPool-worker-1] INFO  server.GrpcService (GrpcService.java:closeImpl(164)) - 69531f84-7205-4417-979c-d03528d6b4c2: shutdown server with port 44880 now
2019-10-06 15:24:09,993 [main] INFO  server.GrpcService (GrpcService.java:closeImpl(164)) - 2734ae52-7268-4101-b6b0-31e579dc837c: shutdown server with port 39515 now
2019-10-06 15:24:09,994 [ForkJoinPool.commonPool-worker-1] INFO  server.GrpcService (GrpcService.java:closeImpl(172)) - 69531f84-7205-4417-979c-d03528d6b4c2: shutdown server with port 44880 successfully
2019-10-06 15:24:09,995 [main] INFO  server.GrpcService (GrpcService.java:closeImpl(172)) - 2734ae52-7268-4101-b6b0-31e579dc837c: shutdown server with port 39515 successfully
2019-10-06 15:24:09,998 [refreshUsed-/workdir/hadoop-ozone/integration-test/target/test-dir/MiniOzoneClusterImpl-75d4eebd-4d6b-4bc7-bead-2a18387fbc3f/datanode-0/data/containers] WARN  fs.CachingGetSpaceUsed (CachingGetSpaceUsed.java:run(183)) - Thread Interrupted waiting to refresh disk information: sleep interrupted
2019-10-06 15:24:09,999 [refreshUsed-/workdir/hadoop-ozone/integration-test/target/test-dir/MiniOzoneClusterImpl-75d4eebd-4d6b-4bc7-bead-2a18387fbc3f/datanode-6/data/containers] WARN  fs.CachingGetSpaceUsed (CachingGetSpaceUsed.java:run(183)) - Thread Interrupted waiting to refresh disk information: sleep interrupted
2019-10-06 15:24:10,025 [main] INFO  utils.BackgroundService (BackgroundService.java:shutdown(148)) - Shutting down service BlockDeletingService
2019-10-06 15:24:10,030 [main] INFO  statemachine.DatanodeStateMachine (DatanodeStateMachine.java:stopDaemon(395)) - Ozone container server stopped.
2019-10-06 15:24:10,033 [ForkJoinPool.commonPool-worker-1] INFO  utils.BackgroundService (BackgroundService.java:shutdown(148)) - Shutting down service BlockDeletingService
2019-10-06 15:24:10,037 [ForkJoinPool.commonPool-worker-1] INFO  statemachine.DatanodeStateMachine (DatanodeStateMachine.java:stopDaemon(395)) - Ozone container server stopped.
2019-10-06 15:24:10,043 [main] INFO  handler.ContextHandler (ContextHandler.java:doStop(910)) - Stopped o.e.j.w.WebAppContext@1b01a0d{/,null,UNAVAILABLE}{/hddsDatanode}
2019-10-06 15:24:10,043 [ForkJoinPool.commonPool-worker-1] INFO  handler.ContextHandler (ContextHandler.java:doStop(910)) - Stopped o.e.j.w.WebAppContext@25f15f50{/,null,UNAVAILABLE}{/hddsDatanode}
2019-10-06 15:24:10,044 [main] INFO  server.AbstractConnector (AbstractConnector.java:doStop(318)) - Stopped ServerConnector@2ed71727{HTTP/1.1,[http/1.1]}{0.0.0.0:0}
2019-10-06 15:24:10,044 [ForkJoinPool.commonPool-worker-1] INFO  server.AbstractConnector (AbstractConnector.java:doStop(318)) - Stopped ServerConnector@52b46d52{HTTP/1.1,[http/1.1]}{0.0.0.0:0}
2019-10-06 15:24:10,045 [main] INFO  handler.ContextHandler (ContextHandler.java:doStop(910)) - Stopped o.e.j.s.ServletContextHandler@1d02af26{/static,jar:file:/home/user/.m2/repository/org/apache/hadoop/hadoop-hdds-container-service/0.5.0-SNAPSHOT/hadoop-hdds-container-service-0.5.0-SNAPSHOT.jar!/webapps/static,UNAVAILABLE}
2019-10-06 15:24:10,046 [ForkJoinPool.commonPool-worker-1] INFO  handler.ContextHandler (ContextHandler.java:doStop(910)) - Stopped o.e.j.s.ServletContextHandler@3a6045c6{/static,jar:file:/home/user/.m2/repository/org/apache/hadoop/hadoop-hdds-container-service/0.5.0-SNAPSHOT/hadoop-hdds-container-service-0.5.0-SNAPSHOT.jar!/webapps/static,UNAVAILABLE}
2019-10-06 15:24:10,046 [main] INFO  handler.ContextHandler (ContextHandler.java:doStop(910)) - Stopped o.e.j.s.ServletContextHandler@58a2d9f9{/logs,file:///workdir/hadoop-ozone/integration-test/target/log,UNAVAILABLE}
2019-10-06 15:24:10,047 [ForkJoinPool.commonPool-worker-1] INFO  handler.ContextHandler (ContextHandler.java:doStop(910)) - Stopped o.e.j.s.ServletContextHandler@63300c4b{/logs,file:///workdir/hadoop-ozone/integration-test/target/log,UNAVAILABLE}
2019-10-06 15:24:10,825 [Datanode State Machine Thread - 0] INFO  statemachine.DatanodeStateMachine (DatanodeStateMachine.java:lambda$startDaemon$0(350)) - Ozone container server started.
2019-10-06 15:24:11,764 [grpc-default-executor-1] WARN  server.GrpcLogAppender (LogUtils.java:warn(134)) - 4d76bd0b-f092-40f3-8f50-298f7e1f26ff@group-D52A03C738BD->07a43e08-05b1-4f1b-8daa-ac2d25af9eb9-AppendLogResponseHandler: Failed appendEntries: org.apache.ratis.thirdparty.io.grpc.StatusRuntimeException: UNAVAILABLE: io exception
2019-10-06 15:24:11,764 [grpc-default-executor-8] WARN  server.GrpcLogAppender (LogUtils.java:warn(134)) - 4d76bd0b-f092-40f3-8f50-298f7e1f26ff@group-D52A03C738BD->1f7023bb-b481-481c-bd59-2650549f2a3a-AppendLogResponseHandler: Failed appendEntries: org.apache.ratis.thirdparty.io.grpc.StatusRuntimeException: UNAVAILABLE: io exception
2019-10-06 15:24:11,764 [grpc-default-executor-1] INFO  impl.FollowerInfo (FollowerInfo.java:lambda$new$0(51)) - 4d76bd0b-f092-40f3-8f50-298f7e1f26ff@group-D52A03C738BD->07a43e08-05b1-4f1b-8daa-ac2d25af9eb9: nextIndex: updateUnconditionally 0 -> 0
2019-10-06 15:24:11,765 [grpc-default-executor-8] INFO  impl.FollowerInfo (FollowerInfo.java:lambda$new$0(51)) - 4d76bd0b-f092-40f3-8f50-298f7e1f26ff@group-D52A03C738BD->1f7023bb-b481-481c-bd59-2650549f2a3a: nextIndex: updateUnconditionally 8 -> 7
2019-10-06 15:24:14,272 [grpc-default-executor-8] WARN  server.GrpcLogAppender (LogUtils.java:warn(134)) - 4d76bd0b-f092-40f3-8f50-298f7e1f26ff@group-D52A03C738BD->1f7023bb-b481-481c-bd59-2650549f2a3a-AppendLogResponseHandler: Failed appendEntries: org.apache.ratis.thirdparty.io.grpc.StatusRuntimeException: UNAVAILABLE: io exception
2019-10-06 15:24:14,272 [grpc-default-executor-1] WARN  server.GrpcLogAppender (LogUtils.java:warn(134)) - 4d76bd0b-f092-40f3-8f50-298f7e1f26ff@group-D52A03C738BD->07a43e08-05b1-4f1b-8daa-ac2d25af9eb9-AppendLogResponseHandler: Failed appendEntries: org.apache.ratis.thirdparty.io.grpc.StatusRuntimeException: UNAVAILABLE: io exception
2019-10-06 15:24:14,274 [grpc-default-executor-8] INFO  impl.FollowerInfo (FollowerInfo.java:lambda$new$0(51)) - 4d76bd0b-f092-40f3-8f50-298f7e1f26ff@group-D52A03C738BD->1f7023bb-b481-481c-bd59-2650549f2a3a: nextIndex: updateUnconditionally 7 -> 6
2019-10-06 15:24:14,274 [grpc-default-executor-1] INFO  impl.FollowerInfo (FollowerInfo.java:lambda$new$0(51)) - 4d76bd0b-f092-40f3-8f50-298f7e1f26ff@group-D52A03C738BD->07a43e08-05b1-4f1b-8daa-ac2d25af9eb9: nextIndex: updateUnconditionally 0 -> 0
2019-10-06 15:24:15,050 [main] INFO  ozoneimpl.OzoneContainer (OzoneContainer.java:stop(231)) - Attempting to stop container services.
2019-10-06 15:24:15,053 [main] INFO  impl.RaftServerProxy (RaftServerProxy.java:lambda$close$4(314)) - 4d76bd0b-f092-40f3-8f50-298f7e1f26ff: close
2019-10-06 15:24:15,054 [main] INFO  impl.RaftServerImpl (RaftServerImpl.java:lambda$shutdown$3(247)) - 4d76bd0b-f092-40f3-8f50-298f7e1f26ff@group-D52A03C738BD: shutdown
2019-10-06 15:24:15,055 [main] INFO  util.JmxRegister (JmxRegister.java:unregister(73)) - Successfully un-registered JMX Bean with object name Ratis:service=RaftServer,group=group-D52A03C738BD,id=4d76bd0b-f092-40f3-8f50-298f7e1f26ff
2019-10-06 15:24:15,055 [main] INFO  impl.RoleInfo (RoleInfo.java:shutdownLeaderState(104)) - 4d76bd0b-f092-40f3-8f50-298f7e1f26ff: shutdown LeaderState
2019-10-06 15:24:15,059 [org.apache.ratis.server.impl.LogAppender$AppenderDaemon$$Lambda$554/417633151@1ee430ca] WARN  server.GrpcLogAppender (GrpcLogAppender.java:mayWait(143)) - 4d76bd0b-f092-40f3-8f50-298f7e1f26ff@group-D52A03C738BD->1f7023bb-b481-481c-bd59-2650549f2a3a-GrpcLogAppender: Wait interrupted by java.lang.InterruptedException
2019-10-06 15:24:15,059 [org.apache.ratis.server.impl.LogAppender$AppenderDaemon$$Lambda$554/417633151@6fc21efe] WARN  server.GrpcLogAppender (GrpcLogAppender.java:mayWait(143)) - 4d76bd0b-f092-40f3-8f50-298f7e1f26ff@group-D52A03C738BD->07a43e08-05b1-4f1b-8daa-ac2d25af9eb9-GrpcLogAppender: Wait interrupted by java.lang.InterruptedException
2019-10-06 15:24:15,059 [main] INFO  impl.PendingRequests (PendingRequests.java:sendNotLeaderResponses(202)) - 4d76bd0b-f092-40f3-8f50-298f7e1f26ff@group-D52A03C738BD-PendingRequests: sendNotLeaderResponses
2019-10-06 15:24:15,061 [main] INFO  impl.StateMachineUpdater (StateMachineUpdater.java:stopAndJoin(136)) - 4d76bd0b-f092-40f3-8f50-298f7e1f26ff@group-D52A03C738BD-StateMachineUpdater: set stopIndex = 10
2019-10-06 15:24:15,061 [4d76bd0b-f092-40f3-8f50-298f7e1f26ff@group-D52A03C738BD-StateMachineUpdater] INFO  ratis.ContainerStateMachine (ContainerStateMachine.java:takeSnapshot(293)) - group-D52A03C738BD: Taking a snapshot at:(t:2, i:6) file /workdir/hadoop-ozone/integration-test/target/test-dir/MiniOzoneClusterImpl-75d4eebd-4d6b-4bc7-bead-2a18387fbc3f/datanode-5/data/ratis/b33d5e36-bed4-451e-8629-d52a03c738bd/sm/snapshot.2_6
2019-10-06 15:24:15,076 [4d76bd0b-f092-40f3-8f50-298f7e1f26ff@group-D52A03C738BD-StateMachineUpdater] INFO  ratis.ContainerStateMachine (ContainerStateMachine.java:takeSnapshot(304)) - group-D52A03C738BD: Finished taking a snapshot at:(t:2, i:6) file:/workdir/hadoop-ozone/integration-test/target/test-dir/MiniOzoneClusterImpl-75d4eebd-4d6b-4bc7-bead-2a18387fbc3f/datanode-5/data/ratis/b33d5e36-bed4-451e-8629-d52a03c738bd/sm/snapshot.2_6 time:15
2019-10-06 15:24:15,077 [4d76bd0b-f092-40f3-8f50-298f7e1f26ff@group-D52A03C738BD-StateMachineUpdater] INFO  impl.StateMachineUpdater (StateMachineUpdater.java:takeSnapshot(269)) - 4d76bd0b-f092-40f3-8f50-298f7e1f26ff@group-D52A03C738BD-StateMachineUpdater: Took a snapshot at index 6
2019-10-06 15:24:15,078 [4d76bd0b-f092-40f3-8f50-298f7e1f26ff@group-D52A03C738BD-StateMachineUpdater] INFO  impl.StateMachineUpdater (StateMachineUpdater.java:lambda$new$0(84)) - 4d76bd0b-f092-40f3-8f50-298f7e1f26ff@group-D52A03C738BD-StateMachineUpdater: snapshotIndex: updateIncreasingly -1 -> 6
2019-10-06 15:24:15,079 [4d76bd0b-f092-40f3-8f50-298f7e1f26ff@group-D52A03C738BD-StateMachineUpdater] INFO  ratis.ContainerStateMachine (ContainerStateMachine.java:takeSnapshot(293)) - group-D52A03C738BD: Taking a snapshot at:(t:2, i:6) file /workdir/hadoop-ozone/integration-test/target/test-dir/MiniOzoneClusterImpl-75d4eebd-4d6b-4bc7-bead-2a18387fbc3f/datanode-5/data/ratis/b33d5e36-bed4-451e-8629-d52a03c738bd/sm/snapshot.2_6
2019-10-06 15:24:15,091 [4d76bd0b-f092-40f3-8f50-298f7e1f26ff@group-D52A03C738BD-StateMachineUpdater] INFO  ratis.ContainerStateMachine (ContainerStateMachine.java:takeSnapshot(304)) - group-D52A03C738BD: Finished taking a snapshot at:(t:2, i:6) file:/workdir/hadoop-ozone/integration-test/target/test-dir/MiniOzoneClusterImpl-75d4eebd-4d6b-4bc7-bead-2a18387fbc3f/datanode-5/data/ratis/b33d5e36-bed4-451e-8629-d52a03c738bd/sm/snapshot.2_6 time:13
2019-10-06 15:24:15,092 [4d76bd0b-f092-40f3-8f50-298f7e1f26ff@group-D52A03C738BD-StateMachineUpdater] INFO  impl.StateMachineUpdater (StateMachineUpdater.java:takeSnapshot(269)) - 4d76bd0b-f092-40f3-8f50-298f7e1f26ff@group-D52A03C738BD-StateMachineUpdater: Took a snapshot at index 6
2019-10-06 15:24:15,092 [4d76bd0b-f092-40f3-8f50-298f7e1f26ff@group-D52A03C738BD-StateMachineUpdater] INFO  impl.StateMachineUpdater (StateMachineUpdater.java:lambda$new$0(84)) - 4d76bd0b-f092-40f3-8f50-298f7e1f26ff@group-D52A03C738BD-StateMachineUpdater: snapshotIndex: updateIncreasingly 6 -> 6
2019-10-06 15:24:15,092 [main] INFO  impl.RaftServerImpl (ServerState.java:close(387)) - 4d76bd0b-f092-40f3-8f50-298f7e1f26ff@group-D52A03C738BD: closes. applyIndex: 10
2019-10-06 15:24:15,093 [4d76bd0b-f092-40f3-8f50-298f7e1f26ff@group-D52A03C738BD-SegmentedRaftLogWorker] INFO  segmented.SegmentedRaftLogWorker (SegmentedRaftLogWorker.java:run(316)) - 4d76bd0b-f092-40f3-8f50-298f7e1f26ff@group-D52A03C738BD-SegmentedRaftLogWorker was interrupted, exiting. There are 0 tasks remaining in the queue.
2019-10-06 15:24:15,094 [main] INFO  segmented.SegmentedRaftLogWorker (SegmentedRaftLogWorker.java:close(224)) - 4d76bd0b-f092-40f3-8f50-298f7e1f26ff@group-D52A03C738BD-SegmentedRaftLogWorker close()
2019-10-06 15:24:15,094 [main] INFO  impl.RaftServerImpl (RaftServerImpl.java:lambda$shutdown$3(247)) - 4d76bd0b-f092-40f3-8f50-298f7e1f26ff@group-29E490282F4A: shutdown
2019-10-06 15:24:15,095 [main] INFO  util.JmxRegister (JmxRegister.java:unregister(73)) - Successfully un-registered JMX Bean with object name Ratis:service=RaftServer,group=group-29E490282F4A,id=4d76bd0b-f092-40f3-8f50-298f7e1f26ff
2019-10-06 15:24:15,095 [main] INFO  impl.RoleInfo (RoleInfo.java:shutdownLeaderState(104)) - 4d76bd0b-f092-40f3-8f50-298f7e1f26ff: shutdown LeaderState
2019-10-06 15:24:15,096 [main] INFO  impl.PendingRequests (PendingRequests.java:sendNotLeaderResponses(202)) - 4d76bd0b-f092-40f3-8f50-298f7e1f26ff@group-29E490282F4A-PendingRequests: sendNotLeaderResponses
2019-10-06 15:24:15,096 [main] INFO  impl.StateMachineUpdater (StateMachineUpdater.java:stopAndJoin(136)) - 4d76bd0b-f092-40f3-8f50-298f7e1f26ff@group-29E490282F4A-StateMachineUpdater: set stopIndex = 0
2019-10-06 15:24:15,097 [main] INFO  impl.RaftServerImpl (ServerState.java:close(387)) - 4d76bd0b-f092-40f3-8f50-298f7e1f26ff@group-29E490282F4A: closes. applyIndex: 0
2019-10-06 15:24:15,097 [4d76bd0b-f092-40f3-8f50-298f7e1f26ff@group-29E490282F4A-SegmentedRaftLogWorker] INFO  segmented.SegmentedRaftLogWorker (SegmentedRaftLogWorker.java:run(316)) - 4d76bd0b-f092-40f3-8f50-298f7e1f26ff@group-29E490282F4A-SegmentedRaftLogWorker was interrupted, exiting. There are 0 tasks remaining in the queue.
2019-10-06 15:24:15,097 [main] INFO  segmented.SegmentedRaftLogWorker (SegmentedRaftLogWorker.java:close(224)) - 4d76bd0b-f092-40f3-8f50-298f7e1f26ff@group-29E490282F4A-SegmentedRaftLogWorker close()
2019-10-06 15:24:15,098 [main] INFO  server.GrpcService (GrpcService.java:closeImpl(164)) - 4d76bd0b-f092-40f3-8f50-298f7e1f26ff: shutdown server with port 35117 now
2019-10-06 15:24:15,099 [main] INFO  server.GrpcService (GrpcService.java:closeImpl(172)) - 4d76bd0b-f092-40f3-8f50-298f7e1f26ff: shutdown server with port 35117 successfully
2019-10-06 15:24:15,101 [refreshUsed-/workdir/hadoop-ozone/integration-test/target/test-dir/MiniOzoneClusterImpl-75d4eebd-4d6b-4bc7-bead-2a18387fbc3f/datanode-5/data/containers] WARN  fs.CachingGetSpaceUsed (CachingGetSpaceUsed.java:run(183)) - Thread Interrupted waiting to refresh disk information: sleep interrupted
2019-10-06 15:24:15,120 [main] INFO  utils.BackgroundService (BackgroundService.java:shutdown(148)) - Shutting down service BlockDeletingService
2019-10-06 15:24:15,124 [main] INFO  statemachine.DatanodeStateMachine (DatanodeStateMachine.java:stopDaemon(395)) - Ozone container server stopped.
2019-10-06 15:24:15,137 [main] INFO  handler.ContextHandler (ContextHandler.java:doStop(910)) - Stopped o.e.j.w.WebAppContext@388d14e{/,null,UNAVAILABLE}{/hddsDatanode}
2019-10-06 15:24:15,138 [main] INFO  server.AbstractConnector (AbstractConnector.java:doStop(318)) - Stopped ServerConnector@1cd43562{HTTP/1.1,[http/1.1]}{0.0.0.0:0}
2019-10-06 15:24:15,138 [main] INFO  handler.ContextHandler (ContextHandler.java:doStop(910)) - Stopped o.e.j.s.ServletContextHandler@485caa8f{/static,jar:file:/home/user/.m2/repository/org/apache/hadoop/hadoop-hdds-container-service/0.5.0-SNAPSHOT/hadoop-hdds-container-service-0.5.0-SNAPSHOT.jar!/webapps/static,UNAVAILABLE}
2019-10-06 15:24:15,139 [main] INFO  handler.ContextHandler (ContextHandler.java:doStop(910)) - Stopped o.e.j.s.ServletContextHandler@383c3eb3{/logs,file:///workdir/hadoop-ozone/integration-test/target/log,UNAVAILABLE}
2019-10-06 15:24:15,140 [main] INFO  ozone.MiniOzoneClusterImpl (MiniOzoneClusterImpl.java:stopSCM(392)) - Stopping the StorageContainerManager
2019-10-06 15:24:15,141 [main] INFO  server.StorageContainerManager (StorageContainerManager.java:stop(808)) - Stopping Replication Manager Service.
2019-10-06 15:24:15,141 [main] INFO  container.ReplicationManager (ReplicationManager.java:stop(203)) - Stopping Replication Monitor Thread.
2019-10-06 15:24:15,141 [main] INFO  server.StorageContainerManager (StorageContainerManager.java:stop(815)) - Stopping Lease Manager of the command watchers
2019-10-06 15:24:15,141 [main] INFO  server.StorageContainerManager (StorageContainerManager.java:stop(822)) - Stopping datanode service RPC server
2019-10-06 15:24:15,142 [main] INFO  server.SCMDatanodeProtocolServer (SCMDatanodeProtocolServer.java:stop(346)) - Stopping the RPC server for DataNodes
2019-10-06 15:24:15,142 [main] INFO  ipc.Server (Server.java:stop(3082)) - Stopping server on 45558
2019-10-06 15:24:15,144 [IPC Server listener on 45558] INFO  ipc.Server (Server.java:run(1185)) - Stopping IPC Server listener on 45558
2019-10-06 15:24:15,145 [IPC Server Responder] INFO  ipc.Server (Server.java:run(1319)) - Stopping IPC Server Responder
2019-10-06 15:24:15,200 [SCM Heartbeat Processing Thread - 0] WARN  node.NodeStateManager (NodeStateManager.java:scheduleNextHealthCheck(646)) - Current Thread is interrupted, shutting down HB processing thread for Node Manager.
2019-10-06 15:24:15,200 [main] INFO  server.StorageContainerManager (StorageContainerManager.java:stop(830)) - Stopping block service RPC server
2019-10-06 15:24:15,200 [main] INFO  server.SCMBlockProtocolServer (SCMBlockProtocolServer.java:stop(155)) - Stopping the RPC server for Block Protocol
2019-10-06 15:24:15,201 [main] INFO  ipc.Server (Server.java:stop(3082)) - Stopping server on 44282
2019-10-06 15:24:15,204 [IPC Server listener on 44282] INFO  ipc.Server (Server.java:run(1185)) - Stopping IPC Server listener on 44282
2019-10-06 15:24:15,204 [main] INFO  server.StorageContainerManager (StorageContainerManager.java:stop(837)) - Stopping the StorageContainerLocationProtocol RPC server
2019-10-06 15:24:15,204 [IPC Server Responder] INFO  ipc.Server (Server.java:run(1319)) - Stopping IPC Server Responder
2019-10-06 15:24:15,205 [main] INFO  server.SCMClientProtocolServer (SCMClientProtocolServer.java:stop(168)) - Stopping the RPC server for Client Protocol
2019-10-06 15:24:15,206 [main] INFO  ipc.Server (Server.java:stop(3082)) - Stopping server on 42322
2019-10-06 15:24:15,208 [IPC Server listener on 42322] INFO  ipc.Server (Server.java:run(1185)) - Stopping IPC Server listener on 42322
2019-10-06 15:24:15,208 [main] INFO  server.StorageContainerManager (StorageContainerManager.java:stop(844)) - Stopping Storage Container Manager HTTP server.
2019-10-06 15:24:15,209 [IPC Server Responder] INFO  ipc.Server (Server.java:run(1319)) - Stopping IPC Server Responder
2019-10-06 15:24:15,210 [main] INFO  handler.ContextHandler (ContextHandler.java:doStop(910)) - Stopped o.e.j.w.WebAppContext@777d0bc3{/,null,UNAVAILABLE}{/scm}
2019-10-06 15:24:15,211 [main] INFO  server.AbstractConnector (AbstractConnector.java:doStop(318)) - Stopped ServerConnector@3178219a{HTTP/1.1,[http/1.1]}{0.0.0.0:0}
2019-10-06 15:24:15,212 [main] INFO  handler.ContextHandler (ContextHandler.java:doStop(910)) - Stopped o.e.j.s.ServletContextHandler@60bb7995{/static,file:///workdir/hadoop-ozone/integration-test/target/test-classes/webapps/static,UNAVAILABLE}
2019-10-06 15:24:15,212 [main] INFO  handler.ContextHandler (ContextHandler.java:doStop(910)) - Stopped o.e.j.s.ServletContextHandler@3eb3232b{/logs,file:///workdir/hadoop-ozone/integration-test/target/log,UNAVAILABLE}
2019-10-06 15:24:15,213 [main] INFO  server.StorageContainerManager (StorageContainerManager.java:stop(855)) - Stopping Block Manager Service.
2019-10-06 15:24:15,214 [main] INFO  utils.BackgroundService (BackgroundService.java:shutdown(148)) - Shutting down service SCMBlockDeletingService
2019-10-06 15:24:15,214 [main] INFO  utils.BackgroundService (BackgroundService.java:shutdown(148)) - Shutting down service SCMBlockDeletingService
2019-10-06 15:24:15,215 [main] INFO  server.StorageContainerManager (StorageContainerManager.java:stop(877)) - Stopping SCM Event Queue.
2019-10-06 15:24:15,221 [main] INFO  impl.MetricsSystemImpl (MetricsSystemImpl.java:stop(210)) - Stopping HddsDatanode metrics system...
2019-10-06 15:24:15,241 [main] INFO  impl.MetricsSystemImpl (MetricsSystemImpl.java:stop(216)) - HddsDatanode metrics system stopped.
]]></system-out>
    <system-err><![CDATA[Oct 06, 2019 3:24:04 PM org.apache.ratis.thirdparty.io.grpc.internal.SerializingExecutor run
SEVERE: Exception while executing runnable org.apache.ratis.thirdparty.io.grpc.internal.ServerImpl$JumpToApplicationThreadServerStreamListener$1Closed@6dcd5fa5
org.apache.ratis.thirdparty.io.grpc.StatusRuntimeException: CANCELLED: call already cancelled
	at org.apache.ratis.thirdparty.io.grpc.Status.asRuntimeException(Status.java:517)
	at org.apache.ratis.thirdparty.io.grpc.stub.ServerCalls$ServerCallStreamObserverImpl.onCompleted(ServerCalls.java:356)
	at org.apache.ratis.grpc.server.GrpcServerProtocolService$ServerRequestStreamObserver.onError(GrpcServerProtocolService.java:121)
	at org.apache.ratis.thirdparty.io.grpc.stub.ServerCalls$StreamingServerCallHandler$StreamingServerCallListener.onCancel(ServerCalls.java:269)
	at org.apache.ratis.thirdparty.io.grpc.internal.ServerCallImpl$ServerStreamListenerImpl.closed(ServerCallImpl.java:293)
	at org.apache.ratis.thirdparty.io.grpc.internal.ServerImpl$JumpToApplicationThreadServerStreamListener$1Closed.runInContext(ServerImpl.java:741)
	at org.apache.ratis.thirdparty.io.grpc.internal.ContextRunnable.run(ContextRunnable.java:37)
	at org.apache.ratis.thirdparty.io.grpc.internal.SerializingExecutor.run(SerializingExecutor.java:123)
	at java.util.concurrent.ThreadPoolExecutor.runWorker(ThreadPoolExecutor.java:1149)
	at java.util.concurrent.ThreadPoolExecutor$Worker.run(ThreadPoolExecutor.java:624)
	at java.lang.Thread.run(Thread.java:748)

]]></system-err>
  </testcase>
</testsuite>