<?xml version="1.0" encoding="UTF-8"?>
<testsuite xmlns:xsi="http://www.w3.org/2001/XMLSchema-instance" xsi:noNamespaceSchemaLocation="https://maven.apache.org/surefire/maven-surefire-plugin/xsd/surefire-test-report.xsd" name="org.apache.hadoop.ozone.client.rpc.TestBlockOutputStreamWithFailures" time="731.211" tests="8" errors="0" skipped="0" failures="1">
  <properties>
    <property name="awt.toolkit" value="sun.awt.X11.XToolkit"/>
    <property name="file.encoding.pkg" value="sun.io"/>
    <property name="java.specification.version" value="1.8"/>
    <property name="sun.cpu.isalist" value=""/>
    <property name="sun.jnu.encoding" value="UTF-8"/>
    <property name="java.class.path" value="/workdir/hadoop-ozone/integration-test/target/test-classes:/workdir/hadoop-ozone/integration-test/target/classes:/home/user/.m2/repository/org/apache/hadoop/hadoop-ozone-common/0.5.0-SNAPSHOT/hadoop-ozone-common-0.5.0-SNAPSHOT.jar:/home/user/.m2/repository/org/apache/commons/commons-compress/1.4.1/commons-compress-1.4.1.jar:/home/user/.m2/repository/org/tukaani/xz/1.0/xz-1.0.jar:/home/user/.m2/repository/org/apache/hadoop/hadoop-common/3.2.0/hadoop-common-3.2.0.jar:/home/user/.m2/repository/org/apache/hadoop/hadoop-hdfs/3.2.0/hadoop-hdfs-3.2.0.jar:/home/user/.m2/repository/org/apache/hadoop/hadoop-hdfs-client/3.2.0/hadoop-hdfs-client-3.2.0.jar:/home/user/.m2/repository/com/fasterxml/jackson/core/jackson-annotations/2.9.9/jackson-annotations-2.9.9.jar:/home/user/.m2/repository/org/apache/hadoop/hadoop-hdds-common/0.5.0-SNAPSHOT/hadoop-hdds-common-0.5.0-SNAPSHOT.jar:/home/user/.m2/repository/javax/annotation/javax.annotation-api/1.2/javax.annotation-api-1.2.jar:/home/user/.m2/repository/org/apache/ratis/ratis-server/0.5.0-201fc85-SNAPSHOT/ratis-server-0.5.0-201fc85-SNAPSHOT.jar:/home/user/.m2/repository/org/apache/ratis/ratis-thirdparty-misc/0.2.0/ratis-thirdparty-misc-0.2.0.jar:/home/user/.m2/repository/org/apache/ratis/ratis-proto/0.5.0-201fc85-SNAPSHOT/ratis-proto-0.5.0-201fc85-SNAPSHOT.jar:/home/user/.m2/repository/org/apache/ratis/ratis-common/0.5.0-201fc85-SNAPSHOT/ratis-common-0.5.0-201fc85-SNAPSHOT.jar:/home/user/.m2/repository/org/apache/ratis/ratis-client/0.5.0-201fc85-SNAPSHOT/ratis-client-0.5.0-201fc85-SNAPSHOT.jar:/home/user/.m2/repository/org/apache/ratis/ratis-metrics/0.5.0-201fc85-SNAPSHOT/ratis-metrics-0.5.0-201fc85-SNAPSHOT.jar:/home/user/.m2/repository/com/github/joshelser/dropwizard-metrics-hadoop-metrics2-reporter/0.1.2/dropwizard-metrics-hadoop-metrics2-reporter-0.1.2.jar:/home/user/.m2/repository/io/dropwizard/metrics/metrics-jvm/3.2.5/metrics-jvm-3.2.5.jar:/home/user/.m2/repository/io/dropwizard/metrics/metrics-ganglia/3.2.5/metrics-ganglia-3.2.5.jar:/home/user/.m2/repository/info/ganglia/gmetric4j/gmetric4j/1.0.7/gmetric4j-1.0.7.jar:/home/user/.m2/repository/org/apache/ratis/ratis-netty/0.5.0-201fc85-SNAPSHOT/ratis-netty-0.5.0-201fc85-SNAPSHOT.jar:/home/user/.m2/repository/org/apache/ratis/ratis-grpc/0.5.0-201fc85-SNAPSHOT/ratis-grpc-0.5.0-201fc85-SNAPSHOT.jar:/home/user/.m2/repository/org/rocksdb/rocksdbjni/6.0.1/rocksdbjni-6.0.1.jar:/home/user/.m2/repository/org/apache/logging/log4j/log4j-api/2.11.0/log4j-api-2.11.0.jar:/home/user/.m2/repository/org/apache/logging/log4j/log4j-core/2.11.0/log4j-core-2.11.0.jar:/home/user/.m2/repository/com/lmax/disruptor/3.4.2/disruptor-3.4.2.jar:/home/user/.m2/repository/org/apache/commons/commons-pool2/2.6.0/commons-pool2-2.6.0.jar:/home/user/.m2/repository/org/bouncycastle/bcpkix-jdk15on/1.60/bcpkix-jdk15on-1.60.jar:/home/user/.m2/repository/commons-validator/commons-validator/1.6/commons-validator-1.6.jar:/home/user/.m2/repository/commons-digester/commons-digester/1.8.1/commons-digester-1.8.1.jar:/home/user/.m2/repository/io/jaegertracing/jaeger-client/0.34.0/jaeger-client-0.34.0.jar:/home/user/.m2/repository/io/jaegertracing/jaeger-thrift/0.34.0/jaeger-thrift-0.34.0.jar:/home/user/.m2/repository/org/apache/thrift/libthrift/0.12.0/libthrift-0.12.0.jar:/home/user/.m2/repository/com/squareup/okhttp3/okhttp/3.9.0/okhttp-3.9.0.jar:/home/user/.m2/repository/com/squareup/okio/okio/1.13.0/okio-1.13.0.jar:/home/user/.m2/repository/io/jaegertracing/jaeger-core/0.34.0/jaeger-core-0.34.0.jar:/home/user/.m2/repository/io/jaegertracing/jaeger-tracerresolver/0.34.0/jaeger-tracerresolver-0.34.0.jar:/home/user/.m2/repository/io/opentracing/contrib/opentracing-tracerresolver/0.1.5/opentracing-tracerresolver-0.1.5.jar:/home/user/.m2/repository/io/opentracing/opentracing-util/0.31.0/opentracing-util-0.31.0.jar:/home/user/.m2/repository/io/opentracing/opentracing-api/0.31.0/opentracing-api-0.31.0.jar:/home/user/.m2/repository/io/opentracing/opentracing-noop/0.31.0/opentracing-noop-0.31.0.jar:/home/user/.m2/repository/org/apache/hadoop/hadoop-hdds-server-framework/0.5.0-SNAPSHOT/hadoop-hdds-server-framework-0.5.0-SNAPSHOT.jar:/home/user/.m2/repository/org/apache/hadoop/hadoop-hdds-container-service/0.5.0-SNAPSHOT/hadoop-hdds-container-service-0.5.0-SNAPSHOT.jar:/home/user/.m2/repository/org/apache/hadoop/hadoop-hdds-client/0.5.0-SNAPSHOT/hadoop-hdds-client-0.5.0-SNAPSHOT.jar:/home/user/.m2/repository/org/apache/hadoop/hadoop-hdds-tools/0.5.0-SNAPSHOT/hadoop-hdds-tools-0.5.0-SNAPSHOT.jar:/home/user/.m2/repository/org/apache/hadoop/hadoop-hdds-server-scm/0.5.0-SNAPSHOT/hadoop-hdds-server-scm-0.5.0-SNAPSHOT.jar:/home/user/.m2/repository/org/apache/hadoop/hadoop-hdds-docs/0.5.0-SNAPSHOT/hadoop-hdds-docs-0.5.0-SNAPSHOT.jar:/home/user/.m2/repository/io/dropwizard/metrics/metrics-core/3.2.4/metrics-core-3.2.4.jar:/home/user/.m2/repository/org/hamcrest/hamcrest-all/1.3/hamcrest-all-1.3.jar:/home/user/.m2/repository/org/bouncycastle/bcprov-jdk15on/1.60/bcprov-jdk15on-1.60.jar:/home/user/.m2/repository/info/picocli/picocli/3.9.6/picocli-3.9.6.jar:/home/user/.m2/repository/com/google/protobuf/protobuf-java/2.5.0/protobuf-java-2.5.0.jar:/home/user/.m2/repository/com/google/guava/guava/11.0.2/guava-11.0.2.jar:/home/user/.m2/repository/org/apache/hadoop/hadoop-ozone-ozone-manager/0.5.0-SNAPSHOT/hadoop-ozone-ozone-manager-0.5.0-SNAPSHOT.jar:/home/user/.m2/repository/org/apache/hadoop/hadoop-minikdc/3.2.0/hadoop-minikdc-3.2.0.jar:/home/user/.m2/repository/commons-io/commons-io/2.5/commons-io-2.5.jar:/home/user/.m2/repository/org/apache/kerby/kerb-simplekdc/1.0.1/kerb-simplekdc-1.0.1.jar:/home/user/.m2/repository/org/apache/kerby/kerb-client/1.0.1/kerb-client-1.0.1.jar:/home/user/.m2/repository/org/apache/kerby/kerby-config/1.0.1/kerby-config-1.0.1.jar:/home/user/.m2/repository/org/apache/kerby/kerb-core/1.0.1/kerb-core-1.0.1.jar:/home/user/.m2/repository/org/apache/kerby/kerby-pkix/1.0.1/kerby-pkix-1.0.1.jar:/home/user/.m2/repository/org/apache/kerby/kerby-asn1/1.0.1/kerby-asn1-1.0.1.jar:/home/user/.m2/repository/org/apache/kerby/kerby-util/1.0.1/kerby-util-1.0.1.jar:/home/user/.m2/repository/org/apache/kerby/kerb-common/1.0.1/kerb-common-1.0.1.jar:/home/user/.m2/repository/org/apache/kerby/kerb-crypto/1.0.1/kerb-crypto-1.0.1.jar:/home/user/.m2/repository/org/apache/kerby/kerb-util/1.0.1/kerb-util-1.0.1.jar:/home/user/.m2/repository/org/apache/kerby/token-provider/1.0.1/token-provider-1.0.1.jar:/home/user/.m2/repository/org/apache/kerby/kerb-admin/1.0.1/kerb-admin-1.0.1.jar:/home/user/.m2/repository/org/apache/kerby/kerb-server/1.0.1/kerb-server-1.0.1.jar:/home/user/.m2/repository/org/apache/kerby/kerb-identity/1.0.1/kerb-identity-1.0.1.jar:/home/user/.m2/repository/org/apache/kerby/kerby-xdr/1.0.1/kerby-xdr-1.0.1.jar:/home/user/.m2/repository/org/slf4j/slf4j-log4j12/1.7.25/slf4j-log4j12-1.7.25.jar:/home/user/.m2/repository/org/apache/hadoop/hadoop-ozone-s3gateway/0.5.0-SNAPSHOT/hadoop-ozone-s3gateway-0.5.0-SNAPSHOT.jar:/home/user/.m2/repository/org/jboss/weld/servlet/weld-servlet/2.4.7.Final/weld-servlet-2.4.7.Final.jar:/home/user/.m2/repository/org/glassfish/jersey/containers/jersey-container-servlet-core/2.27/jersey-container-servlet-core-2.27.jar:/home/user/.m2/repository/org/glassfish/hk2/external/javax.inject/2.5.0-b42/javax.inject-2.5.0-b42.jar:/home/user/.m2/repository/org/glassfish/jersey/core/jersey-common/2.27/jersey-common-2.27.jar:/home/user/.m2/repository/org/glassfish/hk2/osgi-resource-locator/1.0.1/osgi-resource-locator-1.0.1.jar:/home/user/.m2/repository/javax/ws/rs/javax.ws.rs-api/2.1/javax.ws.rs-api-2.1.jar:/home/user/.m2/repository/org/glassfish/jersey/ext/cdi/jersey-cdi1x/2.27/jersey-cdi1x-2.27.jar:/home/user/.m2/repository/org/glassfish/jersey/inject/jersey-hk2/2.27/jersey-hk2-2.27.jar:/home/user/.m2/repository/org/glassfish/hk2/hk2-locator/2.5.0-b42/hk2-locator-2.5.0-b42.jar:/home/user/.m2/repository/org/javassist/javassist/3.22.0-CR2/javassist-3.22.0-CR2.jar:/home/user/.m2/repository/org/glassfish/hk2/hk2-api/2.5.0/hk2-api-2.5.0.jar:/home/user/.m2/repository/org/glassfish/hk2/external/jakarta.inject/2.5.0/jakarta.inject-2.5.0.jar:/home/user/.m2/repository/org/glassfish/hk2/hk2-utils/2.5.0/hk2-utils-2.5.0.jar:/home/user/.m2/repository/jakarta/annotation/jakarta.annotation-api/1.3.4/jakarta.annotation-api-1.3.4.jar:/home/user/.m2/repository/org/glassfish/hk2/external/aopalliance-repackaged/2.5.0/aopalliance-repackaged-2.5.0.jar:/home/user/.m2/repository/com/fasterxml/jackson/dataformat/jackson-dataformat-xml/2.9.0/jackson-dataformat-xml-2.9.0.jar:/home/user/.m2/repository/com/fasterxml/jackson/core/jackson-core/2.9.9/jackson-core-2.9.9.jar:/home/user/.m2/repository/com/fasterxml/jackson/module/jackson-module-jaxb-annotations/2.9.9/jackson-module-jaxb-annotations-2.9.9.jar:/home/user/.m2/repository/javax/enterprise/cdi-api/1.2/cdi-api-1.2.jar:/home/user/.m2/repository/javax/el/javax.el-api/3.0.0/javax.el-api-3.0.0.jar:/home/user/.m2/repository/javax/interceptor/javax.interceptor-api/1.2/javax.interceptor-api-1.2.jar:/home/user/.m2/repository/javax/inject/javax.inject/1/javax.inject-1.jar:/home/user/.m2/repository/com/sun/xml/bind/jaxb-impl/2.3.0.1/jaxb-impl-2.3.0.1.jar:/home/user/.m2/repository/com/sun/xml/bind/jaxb-core/2.3.0.1/jaxb-core-2.3.0.1.jar:/home/user/.m2/repository/javax/xml/bind/jaxb-api/2.3.0/jaxb-api-2.3.0.jar:/home/user/.m2/repository/javax/activation/activation/1.1.1/activation-1.1.1.jar:/home/user/.m2/repository/org/apache/hadoop/hadoop-ozone-csi/0.5.0-SNAPSHOT/hadoop-ozone-csi-0.5.0-SNAPSHOT.jar:/home/user/.m2/repository/com/google/protobuf/protobuf-java-util/3.5.1/protobuf-java-util-3.5.1.jar:/home/user/.m2/repository/org/apache/hadoop/hadoop-hdds-config/0.5.0-SNAPSHOT/hadoop-hdds-config-0.5.0-SNAPSHOT.jar:/home/user/.m2/repository/io/grpc/grpc-netty/1.17.1/grpc-netty-1.17.1.jar:/home/user/.m2/repository/io/grpc/grpc-core/1.17.1/grpc-core-1.17.1.jar:/home/user/.m2/repository/io/grpc/grpc-context/1.17.1/grpc-context-1.17.1.jar:/home/user/.m2/repository/com/google/errorprone/error_prone_annotations/2.2.0/error_prone_annotations-2.2.0.jar:/home/user/.m2/repository/org/codehaus/mojo/animal-sniffer-annotations/1.17/animal-sniffer-annotations-1.17.jar:/home/user/.m2/repository/io/opencensus/opencensus-api/0.17.0/opencensus-api-0.17.0.jar:/home/user/.m2/repository/io/opencensus/opencensus-contrib-grpc-metrics/0.17.0/opencensus-contrib-grpc-metrics-0.17.0.jar:/home/user/.m2/repository/io/netty/netty-codec-http2/4.1.30.Final/netty-codec-http2-4.1.30.Final.jar:/home/user/.m2/repository/io/netty/netty-codec-http/4.1.30.Final/netty-codec-http-4.1.30.Final.jar:/home/user/.m2/repository/io/netty/netty-codec/4.1.30.Final/netty-codec-4.1.30.Final.jar:/home/user/.m2/repository/io/netty/netty-handler/4.1.30.Final/netty-handler-4.1.30.Final.jar:/home/user/.m2/repository/io/netty/netty-handler-proxy/4.1.30.Final/netty-handler-proxy-4.1.30.Final.jar:/home/user/.m2/repository/io/netty/netty-codec-socks/4.1.30.Final/netty-codec-socks-4.1.30.Final.jar:/home/user/.m2/repository/io/netty/netty-transport-native-epoll/4.1.30.Final/netty-transport-native-epoll-4.1.30.Final.jar:/home/user/.m2/repository/io/netty/netty-common/4.1.30.Final/netty-common-4.1.30.Final.jar:/home/user/.m2/repository/io/netty/netty-buffer/4.1.30.Final/netty-buffer-4.1.30.Final.jar:/home/user/.m2/repository/io/netty/netty-transport/4.1.30.Final/netty-transport-4.1.30.Final.jar:/home/user/.m2/repository/io/netty/netty-resolver/4.1.30.Final/netty-resolver-4.1.30.Final.jar:/home/user/.m2/repository/io/netty/netty-transport-native-unix-common/4.1.30.Final/netty-transport-native-unix-common-4.1.30.Final.jar:/home/user/.m2/repository/io/grpc/grpc-protobuf/1.17.1/grpc-protobuf-1.17.1.jar:/home/user/.m2/repository/com/google/api/grpc/proto-google-common-protos/1.0.0/proto-google-common-protos-1.0.0.jar:/home/user/.m2/repository/io/grpc/grpc-protobuf-lite/1.17.1/grpc-protobuf-lite-1.17.1.jar:/home/user/.m2/repository/io/grpc/grpc-stub/1.17.1/grpc-stub-1.17.1.jar:/home/user/.m2/repository/org/apache/hadoop/hadoop-ozone-recon/0.5.0-SNAPSHOT/hadoop-ozone-recon-0.5.0-SNAPSHOT.jar:/home/user/.m2/repository/org/apache/hadoop/hadoop-ozone-reconcodegen/0.5.0-SNAPSHOT/hadoop-ozone-reconcodegen-0.5.0-SNAPSHOT.jar:/home/user/.m2/repository/com/google/inject/extensions/guice-multibindings/4.0/guice-multibindings-4.0.jar:/home/user/.m2/repository/com/google/inject/guice/4.0/guice-4.0.jar:/home/user/.m2/repository/aopalliance/aopalliance/1.0/aopalliance-1.0.jar:/home/user/.m2/repository/com/google/inject/extensions/guice-servlet/4.0/guice-servlet-4.0.jar:/home/user/.m2/repository/org/glassfish/jersey/containers/jersey-container-servlet/2.27/jersey-container-servlet-2.27.jar:/home/user/.m2/repository/org/glassfish/hk2/guice-bridge/2.5.0/guice-bridge-2.5.0.jar:/home/user/.m2/repository/org/glassfish/jersey/core/jersey-server/2.27/jersey-server-2.27.jar:/home/user/.m2/repository/org/glassfish/jersey/core/jersey-client/2.27/jersey-client-2.27.jar:/home/user/.m2/repository/org/glassfish/jersey/media/jersey-media-jaxb/2.27/jersey-media-jaxb-2.27.jar:/home/user/.m2/repository/javax/validation/validation-api/1.1.0.Final/validation-api-1.1.0.Final.jar:/home/user/.m2/repository/org/glassfish/jersey/media/jersey-media-json-jackson/2.27/jersey-media-json-jackson-2.27.jar:/home/user/.m2/repository/org/glassfish/jersey/ext/jersey-entity-filtering/2.27/jersey-entity-filtering-2.27.jar:/home/user/.m2/repository/com/google/inject/extensions/guice-assistedinject/4.0/guice-assistedinject-4.0.jar:/home/user/.m2/repository/org/jooq/jooq/3.11.10/jooq-3.11.10.jar:/home/user/.m2/repository/org/jooq/jooq-meta/3.11.10/jooq-meta-3.11.10.jar:/home/user/.m2/repository/org/jooq/jooq-codegen/3.11.10/jooq-codegen-3.11.10.jar:/home/user/.m2/repository/com/jolbox/bonecp/0.8.0.RELEASE/bonecp-0.8.0.RELEASE.jar:/home/user/.m2/repository/org/xerial/sqlite-jdbc/3.25.2/sqlite-jdbc-3.25.2.jar:/home/user/.m2/repository/org/springframework/spring-jdbc/5.1.3.RELEASE/spring-jdbc-5.1.3.RELEASE.jar:/home/user/.m2/repository/org/springframework/spring-beans/5.1.3.RELEASE/spring-beans-5.1.3.RELEASE.jar:/home/user/.m2/repository/org/springframework/spring-core/5.1.3.RELEASE/spring-core-5.1.3.RELEASE.jar:/home/user/.m2/repository/org/springframework/spring-jcl/5.1.3.RELEASE/spring-jcl-5.1.3.RELEASE.jar:/home/user/.m2/repository/org/springframework/spring-tx/5.1.3.RELEASE/spring-tx-5.1.3.RELEASE.jar:/home/user/.m2/repository/org/apache/hadoop/hadoop-ozone-client/0.5.0-SNAPSHOT/hadoop-ozone-client-0.5.0-SNAPSHOT.jar:/home/user/.m2/repository/commons-lang/commons-lang/2.6/commons-lang-2.6.jar:/home/user/.m2/repository/org/apache/hadoop/hadoop-ozone-ozone-manager/0.5.0-SNAPSHOT/hadoop-ozone-ozone-manager-0.5.0-SNAPSHOT-tests.jar:/home/user/.m2/repository/junit/junit/4.11/junit-4.11.jar:/home/user/.m2/repository/org/hamcrest/hamcrest-core/1.3/hamcrest-core-1.3.jar:/home/user/.m2/repository/org/openjdk/jmh/jmh-core/1.19/jmh-core-1.19.jar:/home/user/.m2/repository/net/sf/jopt-simple/jopt-simple/4.6/jopt-simple-4.6.jar:/home/user/.m2/repository/org/apache/commons/commons-math3/3.1.1/commons-math3-3.1.1.jar:/home/user/.m2/repository/org/openjdk/jmh/jmh-generator-annprocess/1.19/jmh-generator-annprocess-1.19.jar:/home/user/.m2/repository/org/mockito/mockito-all/1.8.5/mockito-all-1.8.5.jar:/home/user/.m2/repository/org/apache/hadoop/hadoop-kms/3.2.0/hadoop-kms-3.2.0.jar:/home/user/.m2/repository/org/apache/hadoop/hadoop-auth/3.2.0/hadoop-auth-3.2.0.jar:/home/user/.m2/repository/com/nimbusds/nimbus-jose-jwt/4.41.1/nimbus-jose-jwt-4.41.1.jar:/home/user/.m2/repository/com/github/stephenc/jcip/jcip-annotations/1.0-1/jcip-annotations-1.0-1.jar:/home/user/.m2/repository/net/minidev/json-smart/2.3/json-smart-2.3.jar:/home/user/.m2/repository/net/minidev/accessors-smart/1.2/accessors-smart-1.2.jar:/home/user/.m2/repository/org/ow2/asm/asm/5.0.4/asm-5.0.4.jar:/home/user/.m2/repository/org/apache/curator/curator-framework/2.12.0/curator-framework-2.12.0.jar:/home/user/.m2/repository/com/sun/jersey/jersey-core/1.19/jersey-core-1.19.jar:/home/user/.m2/repository/javax/ws/rs/jsr311-api/1.1.1/jsr311-api-1.1.1.jar:/home/user/.m2/repository/com/sun/jersey/jersey-server/1.19/jersey-server-1.19.jar:/home/user/.m2/repository/javax/servlet/javax.servlet-api/3.1.0/javax.servlet-api-3.1.0.jar:/home/user/.m2/repository/org/eclipse/jetty/jetty-server/9.3.25.v20180904/jetty-server-9.3.25.v20180904.jar:/home/user/.m2/repository/org/eclipse/jetty/jetty-http/9.3.25.v20180904/jetty-http-9.3.25.v20180904.jar:/home/user/.m2/repository/org/eclipse/jetty/jetty-io/9.3.25.v20180904/jetty-io-9.3.25.v20180904.jar:/home/user/.m2/repository/org/eclipse/jetty/jetty-webapp/9.3.25.v20180904/jetty-webapp-9.3.25.v20180904.jar:/home/user/.m2/repository/org/eclipse/jetty/jetty-xml/9.3.25.v20180904/jetty-xml-9.3.25.v20180904.jar:/home/user/.m2/repository/log4j/log4j/1.2.17/log4j-1.2.17.jar:/home/user/.m2/repository/org/slf4j/slf4j-api/1.7.25/slf4j-api-1.7.25.jar:/home/user/.m2/repository/org/slf4j/jul-to-slf4j/1.7.25/jul-to-slf4j-1.7.25.jar:/home/user/.m2/repository/org/eclipse/jetty/jetty-util/9.3.25.v20180904/jetty-util-9.3.25.v20180904.jar:/home/user/.m2/repository/com/fasterxml/jackson/core/jackson-databind/2.9.9/jackson-databind-2.9.9.jar:/home/user/.m2/repository/org/apache/hadoop/hadoop-kms/3.2.0/hadoop-kms-3.2.0-tests.jar:/home/user/.m2/repository/org/apache/hadoop/hadoop-hdds-server-scm/0.5.0-SNAPSHOT/hadoop-hdds-server-scm-0.5.0-SNAPSHOT-tests.jar:/home/user/.m2/repository/org/apache/hadoop/hadoop-hdds-container-service/0.5.0-SNAPSHOT/hadoop-hdds-container-service-0.5.0-SNAPSHOT-tests.jar:/home/user/.m2/repository/org/yaml/snakeyaml/1.16/snakeyaml-1.16.jar:/home/user/.m2/repository/org/apache/hadoop/hadoop-common/3.2.0/hadoop-common-3.2.0-tests.jar:/home/user/.m2/repository/org/apache/hadoop/hadoop-annotations/3.2.0/hadoop-annotations-3.2.0.jar:/usr/lib/jvm/java-1.8-openjdk/jre/../lib/tools.jar:/home/user/.m2/repository/commons-cli/commons-cli/1.2/commons-cli-1.2.jar:/home/user/.m2/repository/org/apache/httpcomponents/httpclient/4.5.2/httpclient-4.5.2.jar:/home/user/.m2/repository/org/apache/httpcomponents/httpcore/4.4.4/httpcore-4.4.4.jar:/home/user/.m2/repository/commons-codec/commons-codec/1.11/commons-codec-1.11.jar:/home/user/.m2/repository/commons-net/commons-net/3.6/commons-net-3.6.jar:/home/user/.m2/repository/commons-collections/commons-collections/3.2.2/commons-collections-3.2.2.jar:/home/user/.m2/repository/org/eclipse/jetty/jetty-servlet/9.3.25.v20180904/jetty-servlet-9.3.25.v20180904.jar:/home/user/.m2/repository/org/eclipse/jetty/jetty-security/9.3.25.v20180904/jetty-security-9.3.25.v20180904.jar:/home/user/.m2/repository/javax/servlet/jsp/jsp-api/2.1/jsp-api-2.1.jar:/home/user/.m2/repository/com/sun/jersey/jersey-servlet/1.19/jersey-servlet-1.19.jar:/home/user/.m2/repository/com/sun/jersey/jersey-json/1.19/jersey-json-1.19.jar:/home/user/.m2/repository/org/codehaus/jettison/jettison/1.1/jettison-1.1.jar:/home/user/.m2/repository/org/codehaus/jackson/jackson-core-asl/1.9.13/jackson-core-asl-1.9.13.jar:/home/user/.m2/repository/org/codehaus/jackson/jackson-mapper-asl/1.9.13/jackson-mapper-asl-1.9.13.jar:/home/user/.m2/repository/org/codehaus/jackson/jackson-jaxrs/1.9.13/jackson-jaxrs-1.9.13.jar:/home/user/.m2/repository/org/codehaus/jackson/jackson-xc/1.9.13/jackson-xc-1.9.13.jar:/home/user/.m2/repository/commons-logging/commons-logging/1.1.3/commons-logging-1.1.3.jar:/home/user/.m2/repository/commons-beanutils/commons-beanutils/1.9.4/commons-beanutils-1.9.4.jar:/home/user/.m2/repository/org/apache/commons/commons-configuration2/2.1.1/commons-configuration2-2.1.1.jar:/home/user/.m2/repository/org/apache/commons/commons-lang3/3.7/commons-lang3-3.7.jar:/home/user/.m2/repository/org/apache/commons/commons-text/1.4/commons-text-1.4.jar:/home/user/.m2/repository/org/apache/avro/avro/1.7.7/avro-1.7.7.jar:/home/user/.m2/repository/com/thoughtworks/paranamer/paranamer/2.3/paranamer-2.3.jar:/home/user/.m2/repository/org/xerial/snappy/snappy-java/1.0.5/snappy-java-1.0.5.jar:/home/user/.m2/repository/com/google/re2j/re2j/1.1/re2j-1.1.jar:/home/user/.m2/repository/com/google/code/gson/gson/2.2.4/gson-2.2.4.jar:/home/user/.m2/repository/com/jcraft/jsch/0.1.54/jsch-0.1.54.jar:/home/user/.m2/repository/org/apache/curator/curator-client/2.12.0/curator-client-2.12.0.jar:/home/user/.m2/repository/org/apache/curator/curator-recipes/2.12.0/curator-recipes-2.12.0.jar:/home/user/.m2/repository/com/google/code/findbugs/jsr305/3.0.0/jsr305-3.0.0.jar:/home/user/.m2/repository/org/apache/htrace/htrace-core4/4.1.0-incubating/htrace-core4-4.1.0-incubating.jar:/home/user/.m2/repository/org/apache/zookeeper/zookeeper/3.4.13/zookeeper-3.4.13.jar:/home/user/.m2/repository/jline/jline/0.9.94/jline-0.9.94.jar:/home/user/.m2/repository/org/apache/yetus/audience-annotations/0.5.0/audience-annotations-0.5.0.jar:/home/user/.m2/repository/org/codehaus/woodstox/stax2-api/3.1.4/stax2-api-3.1.4.jar:/home/user/.m2/repository/com/fasterxml/woodstox/woodstox-core/5.0.3/woodstox-core-5.0.3.jar:/home/user/.m2/repository/dnsjava/dnsjava/2.1.7/dnsjava-2.1.7.jar:/home/user/.m2/repository/org/apache/hadoop/hadoop-hdfs/3.2.0/hadoop-hdfs-3.2.0-tests.jar:/home/user/.m2/repository/org/eclipse/jetty/jetty-util-ajax/9.3.25.v20180904/jetty-util-ajax-9.3.25.v20180904.jar:/home/user/.m2/repository/commons-daemon/commons-daemon/1.0.13/commons-daemon-1.0.13.jar:/home/user/.m2/repository/io/netty/netty/3.10.5.Final/netty-3.10.5.Final.jar:/home/user/.m2/repository/io/netty/netty-all/4.0.52.Final/netty-all-4.0.52.Final.jar:/home/user/.m2/repository/org/fusesource/leveldbjni/leveldbjni-all/1.8/leveldbjni-all-1.8.jar:"/>
    <property name="java.vm.vendor" value="IcedTea"/>
    <property name="sun.arch.data.model" value="64"/>
    <property name="test.build.dir" value="/workdir/hadoop-ozone/integration-test/target/test-dir"/>
    <property name="test.cache.data" value=""/>
    <property name="java.vendor.url" value="https://icedtea.classpath.org"/>
    <property name="user.timezone" value=""/>
    <property name="java.vm.specification.version" value="1.8"/>
    <property name="os.name" value="Linux"/>
    <property name="test.build.data" value="/workdir/hadoop-ozone/integration-test/target/test-dir"/>
    <property name="user.country" value="US"/>
    <property name="sun.java.launcher" value="SUN_STANDARD"/>
    <property name="sun.boot.library.path" value="/usr/lib/jvm/java-1.8-openjdk/jre/lib/amd64"/>
    <property name="sun.java.command" value="/workdir/hadoop-ozone/integration-test/target/surefire/surefirebooter192089356173450947.jar /workdir/hadoop-ozone/integration-test/target/surefire 2019-10-06T14-52-40_697-jvmRun1 surefire8907434284280637003tmp surefire_518385575541945197776tmp"/>
    <property name="surefire.test.class.path" value="/workdir/hadoop-ozone/integration-test/target/test-classes:/workdir/hadoop-ozone/integration-test/target/classes:/home/user/.m2/repository/org/apache/hadoop/hadoop-ozone-common/0.5.0-SNAPSHOT/hadoop-ozone-common-0.5.0-SNAPSHOT.jar:/home/user/.m2/repository/org/apache/commons/commons-compress/1.4.1/commons-compress-1.4.1.jar:/home/user/.m2/repository/org/tukaani/xz/1.0/xz-1.0.jar:/home/user/.m2/repository/org/apache/hadoop/hadoop-common/3.2.0/hadoop-common-3.2.0.jar:/home/user/.m2/repository/org/apache/hadoop/hadoop-hdfs/3.2.0/hadoop-hdfs-3.2.0.jar:/home/user/.m2/repository/org/apache/hadoop/hadoop-hdfs-client/3.2.0/hadoop-hdfs-client-3.2.0.jar:/home/user/.m2/repository/com/fasterxml/jackson/core/jackson-annotations/2.9.9/jackson-annotations-2.9.9.jar:/home/user/.m2/repository/org/apache/hadoop/hadoop-hdds-common/0.5.0-SNAPSHOT/hadoop-hdds-common-0.5.0-SNAPSHOT.jar:/home/user/.m2/repository/javax/annotation/javax.annotation-api/1.2/javax.annotation-api-1.2.jar:/home/user/.m2/repository/org/apache/ratis/ratis-server/0.5.0-201fc85-SNAPSHOT/ratis-server-0.5.0-201fc85-SNAPSHOT.jar:/home/user/.m2/repository/org/apache/ratis/ratis-thirdparty-misc/0.2.0/ratis-thirdparty-misc-0.2.0.jar:/home/user/.m2/repository/org/apache/ratis/ratis-proto/0.5.0-201fc85-SNAPSHOT/ratis-proto-0.5.0-201fc85-SNAPSHOT.jar:/home/user/.m2/repository/org/apache/ratis/ratis-common/0.5.0-201fc85-SNAPSHOT/ratis-common-0.5.0-201fc85-SNAPSHOT.jar:/home/user/.m2/repository/org/apache/ratis/ratis-client/0.5.0-201fc85-SNAPSHOT/ratis-client-0.5.0-201fc85-SNAPSHOT.jar:/home/user/.m2/repository/org/apache/ratis/ratis-metrics/0.5.0-201fc85-SNAPSHOT/ratis-metrics-0.5.0-201fc85-SNAPSHOT.jar:/home/user/.m2/repository/com/github/joshelser/dropwizard-metrics-hadoop-metrics2-reporter/0.1.2/dropwizard-metrics-hadoop-metrics2-reporter-0.1.2.jar:/home/user/.m2/repository/io/dropwizard/metrics/metrics-jvm/3.2.5/metrics-jvm-3.2.5.jar:/home/user/.m2/repository/io/dropwizard/metrics/metrics-ganglia/3.2.5/metrics-ganglia-3.2.5.jar:/home/user/.m2/repository/info/ganglia/gmetric4j/gmetric4j/1.0.7/gmetric4j-1.0.7.jar:/home/user/.m2/repository/org/apache/ratis/ratis-netty/0.5.0-201fc85-SNAPSHOT/ratis-netty-0.5.0-201fc85-SNAPSHOT.jar:/home/user/.m2/repository/org/apache/ratis/ratis-grpc/0.5.0-201fc85-SNAPSHOT/ratis-grpc-0.5.0-201fc85-SNAPSHOT.jar:/home/user/.m2/repository/org/rocksdb/rocksdbjni/6.0.1/rocksdbjni-6.0.1.jar:/home/user/.m2/repository/org/apache/logging/log4j/log4j-api/2.11.0/log4j-api-2.11.0.jar:/home/user/.m2/repository/org/apache/logging/log4j/log4j-core/2.11.0/log4j-core-2.11.0.jar:/home/user/.m2/repository/com/lmax/disruptor/3.4.2/disruptor-3.4.2.jar:/home/user/.m2/repository/org/apache/commons/commons-pool2/2.6.0/commons-pool2-2.6.0.jar:/home/user/.m2/repository/org/bouncycastle/bcpkix-jdk15on/1.60/bcpkix-jdk15on-1.60.jar:/home/user/.m2/repository/commons-validator/commons-validator/1.6/commons-validator-1.6.jar:/home/user/.m2/repository/commons-digester/commons-digester/1.8.1/commons-digester-1.8.1.jar:/home/user/.m2/repository/io/jaegertracing/jaeger-client/0.34.0/jaeger-client-0.34.0.jar:/home/user/.m2/repository/io/jaegertracing/jaeger-thrift/0.34.0/jaeger-thrift-0.34.0.jar:/home/user/.m2/repository/org/apache/thrift/libthrift/0.12.0/libthrift-0.12.0.jar:/home/user/.m2/repository/com/squareup/okhttp3/okhttp/3.9.0/okhttp-3.9.0.jar:/home/user/.m2/repository/com/squareup/okio/okio/1.13.0/okio-1.13.0.jar:/home/user/.m2/repository/io/jaegertracing/jaeger-core/0.34.0/jaeger-core-0.34.0.jar:/home/user/.m2/repository/io/jaegertracing/jaeger-tracerresolver/0.34.0/jaeger-tracerresolver-0.34.0.jar:/home/user/.m2/repository/io/opentracing/contrib/opentracing-tracerresolver/0.1.5/opentracing-tracerresolver-0.1.5.jar:/home/user/.m2/repository/io/opentracing/opentracing-util/0.31.0/opentracing-util-0.31.0.jar:/home/user/.m2/repository/io/opentracing/opentracing-api/0.31.0/opentracing-api-0.31.0.jar:/home/user/.m2/repository/io/opentracing/opentracing-noop/0.31.0/opentracing-noop-0.31.0.jar:/home/user/.m2/repository/org/apache/hadoop/hadoop-hdds-server-framework/0.5.0-SNAPSHOT/hadoop-hdds-server-framework-0.5.0-SNAPSHOT.jar:/home/user/.m2/repository/org/apache/hadoop/hadoop-hdds-container-service/0.5.0-SNAPSHOT/hadoop-hdds-container-service-0.5.0-SNAPSHOT.jar:/home/user/.m2/repository/org/apache/hadoop/hadoop-hdds-client/0.5.0-SNAPSHOT/hadoop-hdds-client-0.5.0-SNAPSHOT.jar:/home/user/.m2/repository/org/apache/hadoop/hadoop-hdds-tools/0.5.0-SNAPSHOT/hadoop-hdds-tools-0.5.0-SNAPSHOT.jar:/home/user/.m2/repository/org/apache/hadoop/hadoop-hdds-server-scm/0.5.0-SNAPSHOT/hadoop-hdds-server-scm-0.5.0-SNAPSHOT.jar:/home/user/.m2/repository/org/apache/hadoop/hadoop-hdds-docs/0.5.0-SNAPSHOT/hadoop-hdds-docs-0.5.0-SNAPSHOT.jar:/home/user/.m2/repository/io/dropwizard/metrics/metrics-core/3.2.4/metrics-core-3.2.4.jar:/home/user/.m2/repository/org/hamcrest/hamcrest-all/1.3/hamcrest-all-1.3.jar:/home/user/.m2/repository/org/bouncycastle/bcprov-jdk15on/1.60/bcprov-jdk15on-1.60.jar:/home/user/.m2/repository/info/picocli/picocli/3.9.6/picocli-3.9.6.jar:/home/user/.m2/repository/com/google/protobuf/protobuf-java/2.5.0/protobuf-java-2.5.0.jar:/home/user/.m2/repository/com/google/guava/guava/11.0.2/guava-11.0.2.jar:/home/user/.m2/repository/org/apache/hadoop/hadoop-ozone-ozone-manager/0.5.0-SNAPSHOT/hadoop-ozone-ozone-manager-0.5.0-SNAPSHOT.jar:/home/user/.m2/repository/org/apache/hadoop/hadoop-minikdc/3.2.0/hadoop-minikdc-3.2.0.jar:/home/user/.m2/repository/commons-io/commons-io/2.5/commons-io-2.5.jar:/home/user/.m2/repository/org/apache/kerby/kerb-simplekdc/1.0.1/kerb-simplekdc-1.0.1.jar:/home/user/.m2/repository/org/apache/kerby/kerb-client/1.0.1/kerb-client-1.0.1.jar:/home/user/.m2/repository/org/apache/kerby/kerby-config/1.0.1/kerby-config-1.0.1.jar:/home/user/.m2/repository/org/apache/kerby/kerb-core/1.0.1/kerb-core-1.0.1.jar:/home/user/.m2/repository/org/apache/kerby/kerby-pkix/1.0.1/kerby-pkix-1.0.1.jar:/home/user/.m2/repository/org/apache/kerby/kerby-asn1/1.0.1/kerby-asn1-1.0.1.jar:/home/user/.m2/repository/org/apache/kerby/kerby-util/1.0.1/kerby-util-1.0.1.jar:/home/user/.m2/repository/org/apache/kerby/kerb-common/1.0.1/kerb-common-1.0.1.jar:/home/user/.m2/repository/org/apache/kerby/kerb-crypto/1.0.1/kerb-crypto-1.0.1.jar:/home/user/.m2/repository/org/apache/kerby/kerb-util/1.0.1/kerb-util-1.0.1.jar:/home/user/.m2/repository/org/apache/kerby/token-provider/1.0.1/token-provider-1.0.1.jar:/home/user/.m2/repository/org/apache/kerby/kerb-admin/1.0.1/kerb-admin-1.0.1.jar:/home/user/.m2/repository/org/apache/kerby/kerb-server/1.0.1/kerb-server-1.0.1.jar:/home/user/.m2/repository/org/apache/kerby/kerb-identity/1.0.1/kerb-identity-1.0.1.jar:/home/user/.m2/repository/org/apache/kerby/kerby-xdr/1.0.1/kerby-xdr-1.0.1.jar:/home/user/.m2/repository/org/slf4j/slf4j-log4j12/1.7.25/slf4j-log4j12-1.7.25.jar:/home/user/.m2/repository/org/apache/hadoop/hadoop-ozone-s3gateway/0.5.0-SNAPSHOT/hadoop-ozone-s3gateway-0.5.0-SNAPSHOT.jar:/home/user/.m2/repository/org/jboss/weld/servlet/weld-servlet/2.4.7.Final/weld-servlet-2.4.7.Final.jar:/home/user/.m2/repository/org/glassfish/jersey/containers/jersey-container-servlet-core/2.27/jersey-container-servlet-core-2.27.jar:/home/user/.m2/repository/org/glassfish/hk2/external/javax.inject/2.5.0-b42/javax.inject-2.5.0-b42.jar:/home/user/.m2/repository/org/glassfish/jersey/core/jersey-common/2.27/jersey-common-2.27.jar:/home/user/.m2/repository/org/glassfish/hk2/osgi-resource-locator/1.0.1/osgi-resource-locator-1.0.1.jar:/home/user/.m2/repository/javax/ws/rs/javax.ws.rs-api/2.1/javax.ws.rs-api-2.1.jar:/home/user/.m2/repository/org/glassfish/jersey/ext/cdi/jersey-cdi1x/2.27/jersey-cdi1x-2.27.jar:/home/user/.m2/repository/org/glassfish/jersey/inject/jersey-hk2/2.27/jersey-hk2-2.27.jar:/home/user/.m2/repository/org/glassfish/hk2/hk2-locator/2.5.0-b42/hk2-locator-2.5.0-b42.jar:/home/user/.m2/repository/org/javassist/javassist/3.22.0-CR2/javassist-3.22.0-CR2.jar:/home/user/.m2/repository/org/glassfish/hk2/hk2-api/2.5.0/hk2-api-2.5.0.jar:/home/user/.m2/repository/org/glassfish/hk2/external/jakarta.inject/2.5.0/jakarta.inject-2.5.0.jar:/home/user/.m2/repository/org/glassfish/hk2/hk2-utils/2.5.0/hk2-utils-2.5.0.jar:/home/user/.m2/repository/jakarta/annotation/jakarta.annotation-api/1.3.4/jakarta.annotation-api-1.3.4.jar:/home/user/.m2/repository/org/glassfish/hk2/external/aopalliance-repackaged/2.5.0/aopalliance-repackaged-2.5.0.jar:/home/user/.m2/repository/com/fasterxml/jackson/dataformat/jackson-dataformat-xml/2.9.0/jackson-dataformat-xml-2.9.0.jar:/home/user/.m2/repository/com/fasterxml/jackson/core/jackson-core/2.9.9/jackson-core-2.9.9.jar:/home/user/.m2/repository/com/fasterxml/jackson/module/jackson-module-jaxb-annotations/2.9.9/jackson-module-jaxb-annotations-2.9.9.jar:/home/user/.m2/repository/javax/enterprise/cdi-api/1.2/cdi-api-1.2.jar:/home/user/.m2/repository/javax/el/javax.el-api/3.0.0/javax.el-api-3.0.0.jar:/home/user/.m2/repository/javax/interceptor/javax.interceptor-api/1.2/javax.interceptor-api-1.2.jar:/home/user/.m2/repository/javax/inject/javax.inject/1/javax.inject-1.jar:/home/user/.m2/repository/com/sun/xml/bind/jaxb-impl/2.3.0.1/jaxb-impl-2.3.0.1.jar:/home/user/.m2/repository/com/sun/xml/bind/jaxb-core/2.3.0.1/jaxb-core-2.3.0.1.jar:/home/user/.m2/repository/javax/xml/bind/jaxb-api/2.3.0/jaxb-api-2.3.0.jar:/home/user/.m2/repository/javax/activation/activation/1.1.1/activation-1.1.1.jar:/home/user/.m2/repository/org/apache/hadoop/hadoop-ozone-csi/0.5.0-SNAPSHOT/hadoop-ozone-csi-0.5.0-SNAPSHOT.jar:/home/user/.m2/repository/com/google/protobuf/protobuf-java-util/3.5.1/protobuf-java-util-3.5.1.jar:/home/user/.m2/repository/org/apache/hadoop/hadoop-hdds-config/0.5.0-SNAPSHOT/hadoop-hdds-config-0.5.0-SNAPSHOT.jar:/home/user/.m2/repository/io/grpc/grpc-netty/1.17.1/grpc-netty-1.17.1.jar:/home/user/.m2/repository/io/grpc/grpc-core/1.17.1/grpc-core-1.17.1.jar:/home/user/.m2/repository/io/grpc/grpc-context/1.17.1/grpc-context-1.17.1.jar:/home/user/.m2/repository/com/google/errorprone/error_prone_annotations/2.2.0/error_prone_annotations-2.2.0.jar:/home/user/.m2/repository/org/codehaus/mojo/animal-sniffer-annotations/1.17/animal-sniffer-annotations-1.17.jar:/home/user/.m2/repository/io/opencensus/opencensus-api/0.17.0/opencensus-api-0.17.0.jar:/home/user/.m2/repository/io/opencensus/opencensus-contrib-grpc-metrics/0.17.0/opencensus-contrib-grpc-metrics-0.17.0.jar:/home/user/.m2/repository/io/netty/netty-codec-http2/4.1.30.Final/netty-codec-http2-4.1.30.Final.jar:/home/user/.m2/repository/io/netty/netty-codec-http/4.1.30.Final/netty-codec-http-4.1.30.Final.jar:/home/user/.m2/repository/io/netty/netty-codec/4.1.30.Final/netty-codec-4.1.30.Final.jar:/home/user/.m2/repository/io/netty/netty-handler/4.1.30.Final/netty-handler-4.1.30.Final.jar:/home/user/.m2/repository/io/netty/netty-handler-proxy/4.1.30.Final/netty-handler-proxy-4.1.30.Final.jar:/home/user/.m2/repository/io/netty/netty-codec-socks/4.1.30.Final/netty-codec-socks-4.1.30.Final.jar:/home/user/.m2/repository/io/netty/netty-transport-native-epoll/4.1.30.Final/netty-transport-native-epoll-4.1.30.Final.jar:/home/user/.m2/repository/io/netty/netty-common/4.1.30.Final/netty-common-4.1.30.Final.jar:/home/user/.m2/repository/io/netty/netty-buffer/4.1.30.Final/netty-buffer-4.1.30.Final.jar:/home/user/.m2/repository/io/netty/netty-transport/4.1.30.Final/netty-transport-4.1.30.Final.jar:/home/user/.m2/repository/io/netty/netty-resolver/4.1.30.Final/netty-resolver-4.1.30.Final.jar:/home/user/.m2/repository/io/netty/netty-transport-native-unix-common/4.1.30.Final/netty-transport-native-unix-common-4.1.30.Final.jar:/home/user/.m2/repository/io/grpc/grpc-protobuf/1.17.1/grpc-protobuf-1.17.1.jar:/home/user/.m2/repository/com/google/api/grpc/proto-google-common-protos/1.0.0/proto-google-common-protos-1.0.0.jar:/home/user/.m2/repository/io/grpc/grpc-protobuf-lite/1.17.1/grpc-protobuf-lite-1.17.1.jar:/home/user/.m2/repository/io/grpc/grpc-stub/1.17.1/grpc-stub-1.17.1.jar:/home/user/.m2/repository/org/apache/hadoop/hadoop-ozone-recon/0.5.0-SNAPSHOT/hadoop-ozone-recon-0.5.0-SNAPSHOT.jar:/home/user/.m2/repository/org/apache/hadoop/hadoop-ozone-reconcodegen/0.5.0-SNAPSHOT/hadoop-ozone-reconcodegen-0.5.0-SNAPSHOT.jar:/home/user/.m2/repository/com/google/inject/extensions/guice-multibindings/4.0/guice-multibindings-4.0.jar:/home/user/.m2/repository/com/google/inject/guice/4.0/guice-4.0.jar:/home/user/.m2/repository/aopalliance/aopalliance/1.0/aopalliance-1.0.jar:/home/user/.m2/repository/com/google/inject/extensions/guice-servlet/4.0/guice-servlet-4.0.jar:/home/user/.m2/repository/org/glassfish/jersey/containers/jersey-container-servlet/2.27/jersey-container-servlet-2.27.jar:/home/user/.m2/repository/org/glassfish/hk2/guice-bridge/2.5.0/guice-bridge-2.5.0.jar:/home/user/.m2/repository/org/glassfish/jersey/core/jersey-server/2.27/jersey-server-2.27.jar:/home/user/.m2/repository/org/glassfish/jersey/core/jersey-client/2.27/jersey-client-2.27.jar:/home/user/.m2/repository/org/glassfish/jersey/media/jersey-media-jaxb/2.27/jersey-media-jaxb-2.27.jar:/home/user/.m2/repository/javax/validation/validation-api/1.1.0.Final/validation-api-1.1.0.Final.jar:/home/user/.m2/repository/org/glassfish/jersey/media/jersey-media-json-jackson/2.27/jersey-media-json-jackson-2.27.jar:/home/user/.m2/repository/org/glassfish/jersey/ext/jersey-entity-filtering/2.27/jersey-entity-filtering-2.27.jar:/home/user/.m2/repository/com/google/inject/extensions/guice-assistedinject/4.0/guice-assistedinject-4.0.jar:/home/user/.m2/repository/org/jooq/jooq/3.11.10/jooq-3.11.10.jar:/home/user/.m2/repository/org/jooq/jooq-meta/3.11.10/jooq-meta-3.11.10.jar:/home/user/.m2/repository/org/jooq/jooq-codegen/3.11.10/jooq-codegen-3.11.10.jar:/home/user/.m2/repository/com/jolbox/bonecp/0.8.0.RELEASE/bonecp-0.8.0.RELEASE.jar:/home/user/.m2/repository/org/xerial/sqlite-jdbc/3.25.2/sqlite-jdbc-3.25.2.jar:/home/user/.m2/repository/org/springframework/spring-jdbc/5.1.3.RELEASE/spring-jdbc-5.1.3.RELEASE.jar:/home/user/.m2/repository/org/springframework/spring-beans/5.1.3.RELEASE/spring-beans-5.1.3.RELEASE.jar:/home/user/.m2/repository/org/springframework/spring-core/5.1.3.RELEASE/spring-core-5.1.3.RELEASE.jar:/home/user/.m2/repository/org/springframework/spring-jcl/5.1.3.RELEASE/spring-jcl-5.1.3.RELEASE.jar:/home/user/.m2/repository/org/springframework/spring-tx/5.1.3.RELEASE/spring-tx-5.1.3.RELEASE.jar:/home/user/.m2/repository/org/apache/hadoop/hadoop-ozone-client/0.5.0-SNAPSHOT/hadoop-ozone-client-0.5.0-SNAPSHOT.jar:/home/user/.m2/repository/commons-lang/commons-lang/2.6/commons-lang-2.6.jar:/home/user/.m2/repository/org/apache/hadoop/hadoop-ozone-ozone-manager/0.5.0-SNAPSHOT/hadoop-ozone-ozone-manager-0.5.0-SNAPSHOT-tests.jar:/home/user/.m2/repository/junit/junit/4.11/junit-4.11.jar:/home/user/.m2/repository/org/hamcrest/hamcrest-core/1.3/hamcrest-core-1.3.jar:/home/user/.m2/repository/org/openjdk/jmh/jmh-core/1.19/jmh-core-1.19.jar:/home/user/.m2/repository/net/sf/jopt-simple/jopt-simple/4.6/jopt-simple-4.6.jar:/home/user/.m2/repository/org/apache/commons/commons-math3/3.1.1/commons-math3-3.1.1.jar:/home/user/.m2/repository/org/openjdk/jmh/jmh-generator-annprocess/1.19/jmh-generator-annprocess-1.19.jar:/home/user/.m2/repository/org/mockito/mockito-all/1.8.5/mockito-all-1.8.5.jar:/home/user/.m2/repository/org/apache/hadoop/hadoop-kms/3.2.0/hadoop-kms-3.2.0.jar:/home/user/.m2/repository/org/apache/hadoop/hadoop-auth/3.2.0/hadoop-auth-3.2.0.jar:/home/user/.m2/repository/com/nimbusds/nimbus-jose-jwt/4.41.1/nimbus-jose-jwt-4.41.1.jar:/home/user/.m2/repository/com/github/stephenc/jcip/jcip-annotations/1.0-1/jcip-annotations-1.0-1.jar:/home/user/.m2/repository/net/minidev/json-smart/2.3/json-smart-2.3.jar:/home/user/.m2/repository/net/minidev/accessors-smart/1.2/accessors-smart-1.2.jar:/home/user/.m2/repository/org/ow2/asm/asm/5.0.4/asm-5.0.4.jar:/home/user/.m2/repository/org/apache/curator/curator-framework/2.12.0/curator-framework-2.12.0.jar:/home/user/.m2/repository/com/sun/jersey/jersey-core/1.19/jersey-core-1.19.jar:/home/user/.m2/repository/javax/ws/rs/jsr311-api/1.1.1/jsr311-api-1.1.1.jar:/home/user/.m2/repository/com/sun/jersey/jersey-server/1.19/jersey-server-1.19.jar:/home/user/.m2/repository/javax/servlet/javax.servlet-api/3.1.0/javax.servlet-api-3.1.0.jar:/home/user/.m2/repository/org/eclipse/jetty/jetty-server/9.3.25.v20180904/jetty-server-9.3.25.v20180904.jar:/home/user/.m2/repository/org/eclipse/jetty/jetty-http/9.3.25.v20180904/jetty-http-9.3.25.v20180904.jar:/home/user/.m2/repository/org/eclipse/jetty/jetty-io/9.3.25.v20180904/jetty-io-9.3.25.v20180904.jar:/home/user/.m2/repository/org/eclipse/jetty/jetty-webapp/9.3.25.v20180904/jetty-webapp-9.3.25.v20180904.jar:/home/user/.m2/repository/org/eclipse/jetty/jetty-xml/9.3.25.v20180904/jetty-xml-9.3.25.v20180904.jar:/home/user/.m2/repository/log4j/log4j/1.2.17/log4j-1.2.17.jar:/home/user/.m2/repository/org/slf4j/slf4j-api/1.7.25/slf4j-api-1.7.25.jar:/home/user/.m2/repository/org/slf4j/jul-to-slf4j/1.7.25/jul-to-slf4j-1.7.25.jar:/home/user/.m2/repository/org/eclipse/jetty/jetty-util/9.3.25.v20180904/jetty-util-9.3.25.v20180904.jar:/home/user/.m2/repository/com/fasterxml/jackson/core/jackson-databind/2.9.9/jackson-databind-2.9.9.jar:/home/user/.m2/repository/org/apache/hadoop/hadoop-kms/3.2.0/hadoop-kms-3.2.0-tests.jar:/home/user/.m2/repository/org/apache/hadoop/hadoop-hdds-server-scm/0.5.0-SNAPSHOT/hadoop-hdds-server-scm-0.5.0-SNAPSHOT-tests.jar:/home/user/.m2/repository/org/apache/hadoop/hadoop-hdds-container-service/0.5.0-SNAPSHOT/hadoop-hdds-container-service-0.5.0-SNAPSHOT-tests.jar:/home/user/.m2/repository/org/yaml/snakeyaml/1.16/snakeyaml-1.16.jar:/home/user/.m2/repository/org/apache/hadoop/hadoop-common/3.2.0/hadoop-common-3.2.0-tests.jar:/home/user/.m2/repository/org/apache/hadoop/hadoop-annotations/3.2.0/hadoop-annotations-3.2.0.jar:/usr/lib/jvm/java-1.8-openjdk/jre/../lib/tools.jar:/home/user/.m2/repository/commons-cli/commons-cli/1.2/commons-cli-1.2.jar:/home/user/.m2/repository/org/apache/httpcomponents/httpclient/4.5.2/httpclient-4.5.2.jar:/home/user/.m2/repository/org/apache/httpcomponents/httpcore/4.4.4/httpcore-4.4.4.jar:/home/user/.m2/repository/commons-codec/commons-codec/1.11/commons-codec-1.11.jar:/home/user/.m2/repository/commons-net/commons-net/3.6/commons-net-3.6.jar:/home/user/.m2/repository/commons-collections/commons-collections/3.2.2/commons-collections-3.2.2.jar:/home/user/.m2/repository/org/eclipse/jetty/jetty-servlet/9.3.25.v20180904/jetty-servlet-9.3.25.v20180904.jar:/home/user/.m2/repository/org/eclipse/jetty/jetty-security/9.3.25.v20180904/jetty-security-9.3.25.v20180904.jar:/home/user/.m2/repository/javax/servlet/jsp/jsp-api/2.1/jsp-api-2.1.jar:/home/user/.m2/repository/com/sun/jersey/jersey-servlet/1.19/jersey-servlet-1.19.jar:/home/user/.m2/repository/com/sun/jersey/jersey-json/1.19/jersey-json-1.19.jar:/home/user/.m2/repository/org/codehaus/jettison/jettison/1.1/jettison-1.1.jar:/home/user/.m2/repository/org/codehaus/jackson/jackson-core-asl/1.9.13/jackson-core-asl-1.9.13.jar:/home/user/.m2/repository/org/codehaus/jackson/jackson-mapper-asl/1.9.13/jackson-mapper-asl-1.9.13.jar:/home/user/.m2/repository/org/codehaus/jackson/jackson-jaxrs/1.9.13/jackson-jaxrs-1.9.13.jar:/home/user/.m2/repository/org/codehaus/jackson/jackson-xc/1.9.13/jackson-xc-1.9.13.jar:/home/user/.m2/repository/commons-logging/commons-logging/1.1.3/commons-logging-1.1.3.jar:/home/user/.m2/repository/commons-beanutils/commons-beanutils/1.9.4/commons-beanutils-1.9.4.jar:/home/user/.m2/repository/org/apache/commons/commons-configuration2/2.1.1/commons-configuration2-2.1.1.jar:/home/user/.m2/repository/org/apache/commons/commons-lang3/3.7/commons-lang3-3.7.jar:/home/user/.m2/repository/org/apache/commons/commons-text/1.4/commons-text-1.4.jar:/home/user/.m2/repository/org/apache/avro/avro/1.7.7/avro-1.7.7.jar:/home/user/.m2/repository/com/thoughtworks/paranamer/paranamer/2.3/paranamer-2.3.jar:/home/user/.m2/repository/org/xerial/snappy/snappy-java/1.0.5/snappy-java-1.0.5.jar:/home/user/.m2/repository/com/google/re2j/re2j/1.1/re2j-1.1.jar:/home/user/.m2/repository/com/google/code/gson/gson/2.2.4/gson-2.2.4.jar:/home/user/.m2/repository/com/jcraft/jsch/0.1.54/jsch-0.1.54.jar:/home/user/.m2/repository/org/apache/curator/curator-client/2.12.0/curator-client-2.12.0.jar:/home/user/.m2/repository/org/apache/curator/curator-recipes/2.12.0/curator-recipes-2.12.0.jar:/home/user/.m2/repository/com/google/code/findbugs/jsr305/3.0.0/jsr305-3.0.0.jar:/home/user/.m2/repository/org/apache/htrace/htrace-core4/4.1.0-incubating/htrace-core4-4.1.0-incubating.jar:/home/user/.m2/repository/org/apache/zookeeper/zookeeper/3.4.13/zookeeper-3.4.13.jar:/home/user/.m2/repository/jline/jline/0.9.94/jline-0.9.94.jar:/home/user/.m2/repository/org/apache/yetus/audience-annotations/0.5.0/audience-annotations-0.5.0.jar:/home/user/.m2/repository/org/codehaus/woodstox/stax2-api/3.1.4/stax2-api-3.1.4.jar:/home/user/.m2/repository/com/fasterxml/woodstox/woodstox-core/5.0.3/woodstox-core-5.0.3.jar:/home/user/.m2/repository/dnsjava/dnsjava/2.1.7/dnsjava-2.1.7.jar:/home/user/.m2/repository/org/apache/hadoop/hadoop-hdfs/3.2.0/hadoop-hdfs-3.2.0-tests.jar:/home/user/.m2/repository/org/eclipse/jetty/jetty-util-ajax/9.3.25.v20180904/jetty-util-ajax-9.3.25.v20180904.jar:/home/user/.m2/repository/commons-daemon/commons-daemon/1.0.13/commons-daemon-1.0.13.jar:/home/user/.m2/repository/io/netty/netty/3.10.5.Final/netty-3.10.5.Final.jar:/home/user/.m2/repository/io/netty/netty-all/4.0.52.Final/netty-all-4.0.52.Final.jar:/home/user/.m2/repository/org/fusesource/leveldbjni/leveldbjni-all/1.8/leveldbjni-all-1.8.jar:"/>
    <property name="sun.cpu.endian" value="little"/>
    <property name="user.home" value="/home/user"/>
    <property name="user.language" value="en"/>
    <property name="java.specification.vendor" value="Oracle Corporation"/>
    <property name="java.home" value="/usr/lib/jvm/java-1.8-openjdk/jre"/>
    <property name="surefire.excludesFile" value="/tools/ozone-bad-unit-tests"/>
    <property name="java.security.krb5.conf" value="/workdir/hadoop-ozone/integration-test/target/test-classes/krb5.conf"/>
    <property name="basedir" value="/workdir/hadoop-ozone/integration-test"/>
    <property name="file.separator" value="/"/>
    <property name="line.separator" value="&#10;"/>
    <property name="java.vm.specification.vendor" value="Oracle Corporation"/>
    <property name="java.specification.name" value="Java Platform API Specification"/>
    <property name="java.awt.graphicsenv" value="sun.awt.X11GraphicsEnvironment"/>
    <property name="surefire.real.class.path" value="/workdir/hadoop-ozone/integration-test/target/surefire/surefirebooter192089356173450947.jar"/>
    <property name="hadoop.log.dir" value="/workdir/hadoop-ozone/integration-test/target/log"/>
    <property name="sun.boot.class.path" value="/usr/lib/jvm/java-1.8-openjdk/jre/lib/resources.jar:/usr/lib/jvm/java-1.8-openjdk/jre/lib/rt.jar:/usr/lib/jvm/java-1.8-openjdk/jre/lib/sunrsasign.jar:/usr/lib/jvm/java-1.8-openjdk/jre/lib/jsse.jar:/usr/lib/jvm/java-1.8-openjdk/jre/lib/jce.jar:/usr/lib/jvm/java-1.8-openjdk/jre/lib/charsets.jar:/usr/lib/jvm/java-1.8-openjdk/jre/lib/jfr.jar:/usr/lib/jvm/java-1.8-openjdk/jre/classes"/>
    <property name="sun.management.compiler" value="HotSpot 64-Bit Tiered Compilers"/>
    <property name="java.runtime.version" value="1.8.0_212-b04"/>
    <property name="java.net.preferIPv4Stack" value="true"/>
    <property name="user.name" value="jenkins1000"/>
    <property name="path.separator" value=":"/>
    <property name="java.security.egd" value="file:///dev/urandom"/>
    <property name="os.version" value="3.10.0-957.12.2.el7.x86_64"/>
    <property name="java.endorsed.dirs" value="/usr/lib/jvm/java-1.8-openjdk/jre/lib/endorsed"/>
    <property name="java.runtime.name" value="OpenJDK Runtime Environment"/>
    <property name="file.encoding" value="UTF-8"/>
    <property name="java.vm.name" value="OpenJDK 64-Bit Server VM"/>
    <property name="test.build.webapps" value=""/>
    <property name="localRepository" value="/home/user/.m2/repository"/>
    <property name="java.vendor.url.bug" value="https://icedtea.classpath.org/bugzilla"/>
    <property name="java.io.tmpdir" value="/tmp"/>
    <property name="require.test.libhadoop" value=""/>
    <property name="java.version" value="1.8.0_212"/>
    <property name="user.dir" value="/workdir/hadoop-ozone/integration-test"/>
    <property name="os.arch" value="amd64"/>
    <property name="java.vm.specification.name" value="Java Virtual Machine Specification"/>
    <property name="test.build.classes" value="/workdir/hadoop-ozone/integration-test/target/test-classes"/>
    <property name="java.awt.printerjob" value="sun.print.PSPrinterJob"/>
    <property name="sun.os.patch.level" value="unknown"/>
    <property name="hadoop.tmp.dir" value="/workdir/hadoop-ozone/integration-test/target/tmp"/>
    <property name="java.library.path" value="/usr/lib/jvm/java-1.8-openjdk/jre/lib/amd64/server:/usr/lib/jvm/java-1.8-openjdk/jre/lib/amd64:/usr/lib/jvm/java-1.8-openjdk/jre/../lib/amd64:/workdir/hadoop-ozone/integration-test/target/native/target/usr/local/lib:/workdir/hadoop-ozone/integration-test/../../hadoop-common-project/hadoop-common/target/native/target/usr/local/lib:/usr/java/packages/lib/amd64:/usr/lib64:/lib64:/lib:/usr/lib"/>
    <property name="java.vm.info" value="mixed mode"/>
    <property name="java.vendor" value="IcedTea"/>
    <property name="java.vm.version" value="25.212-b04"/>
    <property name="java.ext.dirs" value="/usr/lib/jvm/java-1.8-openjdk/jre/lib/ext:/usr/java/packages/lib/ext"/>
    <property name="sun.io.unicode.encoding" value="UnicodeLittle"/>
    <property name="java.class.version" value="52.0"/>
  </properties>
  <testcase name="test2DatanodesFailure" classname="org.apache.hadoop.ozone.client.rpc.TestBlockOutputStreamWithFailures" time="105.739"/>
  <testcase name="testDatanodeFailureWithPreAllocation" classname="org.apache.hadoop.ozone.client.rpc.TestBlockOutputStreamWithFailures" time="222.025"/>
  <testcase name="testDatanodeFailureWithSingleNodeRatis" classname="org.apache.hadoop.ozone.client.rpc.TestBlockOutputStreamWithFailures" time="223.4"/>
  <testcase name="testWatchForCommitWithSingleNodeRatis" classname="org.apache.hadoop.ozone.client.rpc.TestBlockOutputStreamWithFailures" time="34.26"/>
  <testcase name="testWatchForCommitDatanodeFailure" classname="org.apache.hadoop.ozone.client.rpc.TestBlockOutputStreamWithFailures" time="42.377">
    <failure message="expected:&lt;2&gt; but was:&lt;3&gt;" type="java.lang.AssertionError"><![CDATA[java.lang.AssertionError: expected:<2> but was:<3>
	at org.junit.Assert.fail(Assert.java:88)
	at org.junit.Assert.failNotEquals(Assert.java:743)
	at org.junit.Assert.assertEquals(Assert.java:118)
	at org.junit.Assert.assertEquals(Assert.java:555)
	at org.junit.Assert.assertEquals(Assert.java:542)
	at org.apache.hadoop.ozone.client.rpc.TestBlockOutputStreamWithFailures.testWatchForCommitDatanodeFailure(TestBlockOutputStreamWithFailures.java:366)
	at sun.reflect.NativeMethodAccessorImpl.invoke0(Native Method)
	at sun.reflect.NativeMethodAccessorImpl.invoke(NativeMethodAccessorImpl.java:62)
	at sun.reflect.DelegatingMethodAccessorImpl.invoke(DelegatingMethodAccessorImpl.java:43)
	at java.lang.reflect.Method.invoke(Method.java:498)
	at org.junit.runners.model.FrameworkMethod$1.runReflectiveCall(FrameworkMethod.java:47)
	at org.junit.internal.runners.model.ReflectiveCallable.run(ReflectiveCallable.java:12)
	at org.junit.runners.model.FrameworkMethod.invokeExplosively(FrameworkMethod.java:44)
	at org.junit.internal.runners.statements.InvokeMethod.evaluate(InvokeMethod.java:17)
	at org.junit.internal.runners.statements.RunBefores.evaluate(RunBefores.java:26)
	at org.junit.internal.runners.statements.RunAfters.evaluate(RunAfters.java:27)
	at org.junit.runners.ParentRunner.runLeaf(ParentRunner.java:271)
	at org.junit.runners.BlockJUnit4ClassRunner.runChild(BlockJUnit4ClassRunner.java:70)
	at org.junit.runners.BlockJUnit4ClassRunner.runChild(BlockJUnit4ClassRunner.java:50)
	at org.junit.runners.ParentRunner$3.run(ParentRunner.java:238)
	at org.junit.runners.ParentRunner$1.schedule(ParentRunner.java:63)
	at org.junit.runners.ParentRunner.runChildren(ParentRunner.java:236)
	at org.junit.runners.ParentRunner.access$000(ParentRunner.java:53)
	at org.junit.runners.ParentRunner$2.evaluate(ParentRunner.java:229)
	at org.junit.runners.ParentRunner.run(ParentRunner.java:309)
	at org.apache.maven.surefire.junit4.JUnit4Provider.execute(JUnit4Provider.java:365)
	at org.apache.maven.surefire.junit4.JUnit4Provider.executeWithRerun(JUnit4Provider.java:273)
	at org.apache.maven.surefire.junit4.JUnit4Provider.executeTestSet(JUnit4Provider.java:238)
	at org.apache.maven.surefire.junit4.JUnit4Provider.invoke(JUnit4Provider.java:159)
	at org.apache.maven.surefire.booter.ForkedBooter.invokeProviderInSameClassLoader(ForkedBooter.java:384)
	at org.apache.maven.surefire.booter.ForkedBooter.runSuitesInProcess(ForkedBooter.java:345)
	at org.apache.maven.surefire.booter.ForkedBooter.execute(ForkedBooter.java:126)
	at org.apache.maven.surefire.booter.ForkedBooter.main(ForkedBooter.java:418)
]]></failure>
    <system-out><![CDATA[2019-10-06 15:45:25,053 [main] WARN  server.ServerUtils (ServerUtils.java:getScmDbDir(145)) - ozone.scm.db.dirs is not configured. We recommend adding this setting. Falling back to ozone.metadata.dirs instead.
2019-10-06 15:45:25,068 [main] WARN  server.ServerUtils (ServerUtils.java:getScmDbDir(145)) - ozone.scm.db.dirs is not configured. We recommend adding this setting. Falling back to ozone.metadata.dirs instead.
2019-10-06 15:45:25,068 [main] WARN  server.ServerUtils (ServerUtils.java:getScmDbDir(145)) - ozone.scm.db.dirs is not configured. We recommend adding this setting. Falling back to ozone.metadata.dirs instead.
2019-10-06 15:45:25,069 [main] INFO  db.DBStoreBuilder (DBStoreBuilder.java:addTable(117)) - using custom profile for table: deletedBlocks
2019-10-06 15:45:25,069 [main] INFO  db.DBStoreBuilder (DBStoreBuilder.java:processTables(168)) - Using default column profile:DBProfile.DISK for Table:deletedBlocks
2019-10-06 15:45:25,069 [main] INFO  db.DBStoreBuilder (DBStoreBuilder.java:addTable(117)) - using custom profile for table: validCerts
2019-10-06 15:45:25,070 [main] INFO  db.DBStoreBuilder (DBStoreBuilder.java:processTables(168)) - Using default column profile:DBProfile.DISK for Table:validCerts
2019-10-06 15:45:25,070 [main] INFO  db.DBStoreBuilder (DBStoreBuilder.java:addTable(117)) - using custom profile for table: revokedCerts
2019-10-06 15:45:25,070 [main] INFO  db.DBStoreBuilder (DBStoreBuilder.java:processTables(168)) - Using default column profile:DBProfile.DISK for Table:revokedCerts
2019-10-06 15:45:25,070 [main] INFO  db.DBStoreBuilder (DBStoreBuilder.java:addTable(117)) - using custom profile for table: default
2019-10-06 15:45:25,070 [main] INFO  db.DBStoreBuilder (DBStoreBuilder.java:processTables(174)) - Using default column profile:DBProfile.DISK for Table:default
2019-10-06 15:45:25,071 [main] INFO  db.DBStoreBuilder (DBStoreBuilder.java:getDbProfile(205)) - Using default options. DBProfile.DISK
2019-10-06 15:45:25,224 [main] INFO  net.NodeSchemaLoader (NodeSchemaLoader.java:loadSchemaFromFile(125)) - Loading file from sun.misc.CompoundEnumeration@6f91fbda
2019-10-06 15:45:25,224 [main] INFO  net.NodeSchemaLoader (NodeSchemaLoader.java:loadSchema(171)) - Loading network topology layer schema file
2019-10-06 15:45:25,230 [main] INFO  node.SCMNodeManager (SCMNodeManager.java:<init>(116)) - Entering startup safe mode.
2019-10-06 15:45:25,231 [main] INFO  algorithms.ContainerPlacementPolicyFactory (ContainerPlacementPolicyFactory.java:getPolicy(57)) - Create container placement policy of type org.apache.hadoop.hdds.scm.container.placement.algorithms.SCMContainerPlacementRandom
2019-10-06 15:45:25,231 [main] WARN  server.ServerUtils (ServerUtils.java:getScmDbDir(145)) - ozone.scm.db.dirs is not configured. We recommend adding this setting. Falling back to ozone.metadata.dirs instead.
2019-10-06 15:45:25,281 [main] INFO  pipeline.SCMPipelineManager (SCMPipelineManager.java:initializePipelineState(132)) - No pipeline exists in current db
2019-10-06 15:45:25,282 [main] WARN  server.ServerUtils (ServerUtils.java:getScmDbDir(145)) - ozone.scm.db.dirs is not configured. We recommend adding this setting. Falling back to ozone.metadata.dirs instead.
2019-10-06 15:45:25,347 [main] WARN  events.EventQueue (EventQueue.java:fireEvent(183)) - No event handler registered for event TypedEvent{payloadType=SafeModeStatus, name='SafeModeStatus'}
2019-10-06 15:45:25,348 [main] INFO  ipc.CallQueueManager (CallQueueManager.java:<init>(84)) - Using callQueue: class java.util.concurrent.LinkedBlockingQueue, queueCapacity: 2000, scheduler: class org.apache.hadoop.ipc.DefaultRpcScheduler, ipcBackoff: false.
2019-10-06 15:45:25,349 [Socket Reader #1 for port 37259] INFO  ipc.Server (Server.java:run(1074)) - Starting Socket Reader #1 for port 37259
2019-10-06 15:45:25,353 [main] INFO  ipc.CallQueueManager (CallQueueManager.java:<init>(84)) - Using callQueue: class java.util.concurrent.LinkedBlockingQueue, queueCapacity: 2000, scheduler: class org.apache.hadoop.ipc.DefaultRpcScheduler, ipcBackoff: false.
2019-10-06 15:45:25,354 [Socket Reader #1 for port 38015] INFO  ipc.Server (Server.java:run(1074)) - Starting Socket Reader #1 for port 38015
2019-10-06 15:45:25,356 [main] INFO  ipc.CallQueueManager (CallQueueManager.java:<init>(84)) - Using callQueue: class java.util.concurrent.LinkedBlockingQueue, queueCapacity: 2000, scheduler: class org.apache.hadoop.ipc.DefaultRpcScheduler, ipcBackoff: false.
2019-10-06 15:45:25,357 [Socket Reader #1 for port 37206] INFO  ipc.Server (Server.java:run(1074)) - Starting Socket Reader #1 for port 37206
2019-10-06 15:45:25,360 [main] INFO  hdfs.DFSUtil (DFSUtil.java:httpServerTemplateForNNAndJN(1641)) - Starting Web-server for scm at: http://0.0.0.0:0
2019-10-06 15:45:25,362 [main] INFO  server.AuthenticationFilter (AuthenticationFilter.java:constructSecretProvider(240)) - Unable to initialize FileSignerSecretProvider, falling back to use random secrets.
2019-10-06 15:45:25,363 [main] WARN  http.HttpRequestLog (HttpRequestLog.java:getRequestLog(97)) - Jetty request log can only be enabled using Log4j
2019-10-06 15:45:25,365 [main] INFO  http.HttpServer2 (HttpServer2.java:addGlobalFilter(975)) - Added global filter 'safety' (class=org.apache.hadoop.http.HttpServer2$QuotingInputFilter)
2019-10-06 15:45:25,366 [main] INFO  http.HttpServer2 (HttpServer2.java:addFilter(948)) - Added filter static_user_filter (class=org.apache.hadoop.http.lib.StaticUserWebFilter$StaticUserFilter) to context scm
2019-10-06 15:45:25,366 [main] INFO  http.HttpServer2 (HttpServer2.java:addFilter(958)) - Added filter static_user_filter (class=org.apache.hadoop.http.lib.StaticUserWebFilter$StaticUserFilter) to context static
2019-10-06 15:45:25,366 [main] INFO  http.HttpServer2 (HttpServer2.java:addFilter(958)) - Added filter static_user_filter (class=org.apache.hadoop.http.lib.StaticUserWebFilter$StaticUserFilter) to context logs
2019-10-06 15:45:25,368 [main] INFO  server.StorageContainerManager (StorageContainerManager.java:start(770)) - StorageContainerLocationProtocol RPC server is listening at /0.0.0.0:37206
2019-10-06 15:45:25,371 [main] WARN  impl.MetricsConfig (MetricsConfig.java:loadFirst(134)) - Cannot locate configuration: tried hadoop-metrics2-storagecontainermanager.properties,hadoop-metrics2.properties
2019-10-06 15:45:25,371 [main] INFO  impl.MetricsSystemImpl (MetricsSystemImpl.java:startTimer(374)) - Scheduled Metric snapshot period at 10 second(s).
2019-10-06 15:45:25,372 [main] INFO  impl.MetricsSystemImpl (MetricsSystemImpl.java:start(191)) - StorageContainerManager metrics system started
2019-10-06 15:45:25,436 [main] WARN  impl.MetricsSystemImpl (MetricsSystemImpl.java:register(276)) - Sink prometheus already exists!
2019-10-06 15:45:25,538 [main] INFO  server.SCMClientProtocolServer (SCMClientProtocolServer.java:start(159)) - RPC server for Client  is listening at /0.0.0.0:37206
2019-10-06 15:45:25,538 [IPC Server Responder] INFO  ipc.Server (Server.java:run(1314)) - IPC Server Responder: starting
2019-10-06 15:45:25,538 [IPC Server listener on 37206] INFO  ipc.Server (Server.java:run(1153)) - IPC Server listener on 37206: starting
2019-10-06 15:45:25,543 [main] INFO  server.StorageContainerManager (StorageContainerManager.java:start(780)) - ScmBlockLocationProtocol RPC server is listening at /0.0.0.0:38015
2019-10-06 15:45:25,543 [main] INFO  server.SCMBlockProtocolServer (SCMBlockProtocolServer.java:start(146)) - RPC server for Block Protocol is listening at /0.0.0.0:38015
2019-10-06 15:45:25,543 [IPC Server Responder] INFO  ipc.Server (Server.java:run(1314)) - IPC Server Responder: starting
2019-10-06 15:45:25,543 [IPC Server listener on 38015] INFO  ipc.Server (Server.java:run(1153)) - IPC Server listener on 38015: starting
2019-10-06 15:45:25,547 [main] INFO  server.StorageContainerManager (StorageContainerManager.java:start(784)) - ScmDatanodeProtocl RPC server is listening at /0.0.0.0:37259
2019-10-06 15:45:25,548 [main] INFO  server.SCMDatanodeProtocolServer (SCMDatanodeProtocolServer.java:start(169)) - RPC server for DataNodes is listening at /0.0.0.0:37259
2019-10-06 15:45:25,548 [IPC Server Responder] INFO  ipc.Server (Server.java:run(1314)) - IPC Server Responder: starting
2019-10-06 15:45:25,549 [IPC Server listener on 37259] INFO  ipc.Server (Server.java:run(1153)) - IPC Server listener on 37259: starting
2019-10-06 15:45:25,552 [main] INFO  http.HttpServer2 (HttpServer2.java:bindListener(1191)) - Jetty bound to port 35148
2019-10-06 15:45:25,552 [main] INFO  server.Server (Server.java:doStart(351)) - jetty-9.3.25.v20180904, build timestamp: 2018-09-04T21:11:46Z, git hash: 3ce520221d0240229c862b122d2b06c12a625732
2019-10-06 15:45:25,554 [main] INFO  handler.ContextHandler (ContextHandler.java:doStart(781)) - Started o.e.j.s.ServletContextHandler@63e5b8aa{/logs,file:///workdir/hadoop-ozone/integration-test/target/log,AVAILABLE}
2019-10-06 15:45:25,554 [main] INFO  handler.ContextHandler (ContextHandler.java:doStart(781)) - Started o.e.j.s.ServletContextHandler@4270b142{/static,file:///workdir/hadoop-ozone/integration-test/target/test-classes/webapps/static,AVAILABLE}
2019-10-06 15:45:25,558 [main] INFO  handler.ContextHandler (ContextHandler.java:doStart(781)) - Started o.e.j.w.WebAppContext@530ee28b{/,file:///workdir/hadoop-ozone/integration-test/target/test-classes/webapps/scm/,AVAILABLE}{/scm}
2019-10-06 15:45:25,558 [main] INFO  server.AbstractConnector (AbstractConnector.java:doStart(278)) - Started ServerConnector@3a3f96ab{HTTP/1.1,[http/1.1]}{0.0.0.0:35148}
2019-10-06 15:45:25,559 [main] INFO  server.Server (Server.java:doStart(419)) - Started @586548ms
2019-10-06 15:45:25,560 [main] WARN  impl.MetricsSystemImpl (MetricsSystemImpl.java:register(276)) - Sink prometheus already exists!
2019-10-06 15:45:25,560 [main] INFO  server.BaseHttpServer (BaseHttpServer.java:updateConnectorAddress(215)) - HTTP server of SCM is listening at http://0.0.0.0:35148
2019-10-06 15:45:25,561 [main] WARN  server.ServerUtils (ServerUtils.java:getDBPath(222)) - ozone.om.db.dirs is not configured. We recommend adding this setting. Falling back to ozone.metadata.dirs instead.
2019-10-06 15:45:25,562 [org.apache.hadoop.util.JvmPauseMonitor$Monitor@43c7fe8a] INFO  util.JvmPauseMonitor (JvmPauseMonitor.java:run(188)) - Starting JVM pause monitor
2019-10-06 15:45:25,575 [main] INFO  ha.OMHANodeDetails (OMHANodeDetails.java:loadOMHAConfig(190)) - Configuration either no ozone.om.address set. Falling back to the default OM address /127.0.0.1:0
2019-10-06 15:45:25,575 [main] INFO  ha.OMHANodeDetails (OMHANodeDetails.java:getOMNodeDetails(220)) - OM Service ID is not set. Setting it to the default ID: omServiceIdDefault
2019-10-06 15:45:25,575 [main] WARN  server.ServerUtils (ServerUtils.java:getDBPath(222)) - ozone.om.db.dirs is not configured. We recommend adding this setting. Falling back to ozone.metadata.dirs instead.
2019-10-06 15:45:25,576 [main] WARN  server.ServerUtils (ServerUtils.java:getDBPath(222)) - ozone.om.db.dirs is not configured. We recommend adding this setting. Falling back to ozone.metadata.dirs instead.
2019-10-06 15:45:25,582 [main] WARN  server.ServerUtils (ServerUtils.java:getDBPath(222)) - ozone.om.db.dirs is not configured. We recommend adding this setting. Falling back to ozone.metadata.dirs instead.
2019-10-06 15:45:25,583 [main] INFO  db.DBStoreBuilder (DBStoreBuilder.java:addTable(117)) - using custom profile for table: userTable
2019-10-06 15:45:25,583 [main] INFO  db.DBStoreBuilder (DBStoreBuilder.java:processTables(168)) - Using default column profile:DBProfile.DISK for Table:userTable
2019-10-06 15:45:25,583 [main] INFO  db.DBStoreBuilder (DBStoreBuilder.java:addTable(117)) - using custom profile for table: volumeTable
2019-10-06 15:45:25,583 [main] INFO  db.DBStoreBuilder (DBStoreBuilder.java:processTables(168)) - Using default column profile:DBProfile.DISK for Table:volumeTable
2019-10-06 15:45:25,583 [main] INFO  db.DBStoreBuilder (DBStoreBuilder.java:addTable(117)) - using custom profile for table: bucketTable
2019-10-06 15:45:25,583 [main] INFO  db.DBStoreBuilder (DBStoreBuilder.java:processTables(168)) - Using default column profile:DBProfile.DISK for Table:bucketTable
2019-10-06 15:45:25,584 [main] INFO  db.DBStoreBuilder (DBStoreBuilder.java:addTable(117)) - using custom profile for table: keyTable
2019-10-06 15:45:25,584 [main] INFO  db.DBStoreBuilder (DBStoreBuilder.java:processTables(168)) - Using default column profile:DBProfile.DISK for Table:keyTable
2019-10-06 15:45:25,584 [main] INFO  db.DBStoreBuilder (DBStoreBuilder.java:addTable(117)) - using custom profile for table: deletedTable
2019-10-06 15:45:25,584 [main] INFO  db.DBStoreBuilder (DBStoreBuilder.java:processTables(168)) - Using default column profile:DBProfile.DISK for Table:deletedTable
2019-10-06 15:45:25,584 [main] INFO  db.DBStoreBuilder (DBStoreBuilder.java:addTable(117)) - using custom profile for table: openKeyTable
2019-10-06 15:45:25,584 [main] INFO  db.DBStoreBuilder (DBStoreBuilder.java:processTables(168)) - Using default column profile:DBProfile.DISK for Table:openKeyTable
2019-10-06 15:45:25,584 [main] INFO  db.DBStoreBuilder (DBStoreBuilder.java:addTable(117)) - using custom profile for table: s3Table
2019-10-06 15:45:25,585 [main] INFO  db.DBStoreBuilder (DBStoreBuilder.java:processTables(168)) - Using default column profile:DBProfile.DISK for Table:s3Table
2019-10-06 15:45:25,585 [main] INFO  db.DBStoreBuilder (DBStoreBuilder.java:addTable(117)) - using custom profile for table: multipartInfoTable
2019-10-06 15:45:25,585 [main] INFO  db.DBStoreBuilder (DBStoreBuilder.java:processTables(168)) - Using default column profile:DBProfile.DISK for Table:multipartInfoTable
2019-10-06 15:45:25,585 [main] INFO  db.DBStoreBuilder (DBStoreBuilder.java:addTable(117)) - using custom profile for table: dTokenTable
2019-10-06 15:45:25,585 [main] INFO  db.DBStoreBuilder (DBStoreBuilder.java:processTables(168)) - Using default column profile:DBProfile.DISK for Table:dTokenTable
2019-10-06 15:45:25,585 [main] INFO  db.DBStoreBuilder (DBStoreBuilder.java:addTable(117)) - using custom profile for table: s3SecretTable
2019-10-06 15:45:25,585 [main] INFO  db.DBStoreBuilder (DBStoreBuilder.java:processTables(168)) - Using default column profile:DBProfile.DISK for Table:s3SecretTable
2019-10-06 15:45:25,586 [main] INFO  db.DBStoreBuilder (DBStoreBuilder.java:addTable(117)) - using custom profile for table: prefixTable
2019-10-06 15:45:25,586 [main] INFO  db.DBStoreBuilder (DBStoreBuilder.java:processTables(168)) - Using default column profile:DBProfile.DISK for Table:prefixTable
2019-10-06 15:45:25,586 [main] INFO  db.DBStoreBuilder (DBStoreBuilder.java:addTable(117)) - using custom profile for table: default
2019-10-06 15:45:25,586 [main] INFO  db.DBStoreBuilder (DBStoreBuilder.java:processTables(174)) - Using default column profile:DBProfile.DISK for Table:default
2019-10-06 15:45:25,586 [main] INFO  db.DBStoreBuilder (DBStoreBuilder.java:getDbProfile(205)) - Using default options. DBProfile.DISK
2019-10-06 15:45:26,048 [main] INFO  ipc.CallQueueManager (CallQueueManager.java:<init>(84)) - Using callQueue: class java.util.concurrent.LinkedBlockingQueue, queueCapacity: 2000, scheduler: class org.apache.hadoop.ipc.DefaultRpcScheduler, ipcBackoff: false.
2019-10-06 15:45:26,049 [Socket Reader #1 for port 37905] INFO  ipc.Server (Server.java:run(1074)) - Starting Socket Reader #1 for port 37905
2019-10-06 15:45:26,070 [main] INFO  om.OzoneManager (OzoneManager.java:start(1069)) - OzoneManager RPC server is listening at localhost/127.0.0.1:37905
2019-10-06 15:45:26,070 [main] INFO  impl.MetricsSystemImpl (MetricsSystemImpl.java:init(158)) - OzoneManager metrics system started (again)
2019-10-06 15:45:26,072 [IPC Server Responder] INFO  ipc.Server (Server.java:run(1314)) - IPC Server Responder: starting
2019-10-06 15:45:26,074 [IPC Server listener on 37905] INFO  ipc.Server (Server.java:run(1153)) - IPC Server listener on 37905: starting
2019-10-06 15:45:26,080 [main] INFO  hdfs.DFSUtil (DFSUtil.java:httpServerTemplateForNNAndJN(1641)) - Starting Web-server for ozoneManager at: http://0.0.0.0:0
2019-10-06 15:45:26,082 [main] INFO  server.AuthenticationFilter (AuthenticationFilter.java:constructSecretProvider(240)) - Unable to initialize FileSignerSecretProvider, falling back to use random secrets.
2019-10-06 15:45:26,083 [main] WARN  http.HttpRequestLog (HttpRequestLog.java:getRequestLog(97)) - Jetty request log can only be enabled using Log4j
2019-10-06 15:45:26,085 [main] INFO  http.HttpServer2 (HttpServer2.java:addGlobalFilter(975)) - Added global filter 'safety' (class=org.apache.hadoop.http.HttpServer2$QuotingInputFilter)
2019-10-06 15:45:26,086 [main] INFO  http.HttpServer2 (HttpServer2.java:addFilter(948)) - Added filter static_user_filter (class=org.apache.hadoop.http.lib.StaticUserWebFilter$StaticUserFilter) to context ozoneManager
2019-10-06 15:45:26,086 [main] INFO  http.HttpServer2 (HttpServer2.java:addFilter(958)) - Added filter static_user_filter (class=org.apache.hadoop.http.lib.StaticUserWebFilter$StaticUserFilter) to context static
2019-10-06 15:45:26,086 [main] INFO  http.HttpServer2 (HttpServer2.java:addFilter(958)) - Added filter static_user_filter (class=org.apache.hadoop.http.lib.StaticUserWebFilter$StaticUserFilter) to context logs
2019-10-06 15:45:26,087 [main] INFO  http.HttpServer2 (HttpServer2.java:bindListener(1191)) - Jetty bound to port 43475
2019-10-06 15:45:26,087 [main] INFO  server.Server (Server.java:doStart(351)) - jetty-9.3.25.v20180904, build timestamp: 2018-09-04T21:11:46Z, git hash: 3ce520221d0240229c862b122d2b06c12a625732
2019-10-06 15:45:26,089 [main] INFO  handler.ContextHandler (ContextHandler.java:doStart(781)) - Started o.e.j.s.ServletContextHandler@4652c74d{/logs,file:///workdir/hadoop-ozone/integration-test/target/log,AVAILABLE}
2019-10-06 15:45:26,090 [main] INFO  handler.ContextHandler (ContextHandler.java:doStart(781)) - Started o.e.j.s.ServletContextHandler@5ea7bc4{/static,file:///workdir/hadoop-ozone/integration-test/target/test-classes/webapps/static,AVAILABLE}
2019-10-06 15:45:26,095 [main] INFO  handler.ContextHandler (ContextHandler.java:doStart(781)) - Started o.e.j.w.WebAppContext@497ed877{/,file:///workdir/hadoop-ozone/integration-test/target/test-classes/webapps/ozoneManager/,AVAILABLE}{/ozoneManager}
2019-10-06 15:45:26,096 [main] INFO  server.AbstractConnector (AbstractConnector.java:doStart(278)) - Started ServerConnector@3cb6e0ee{HTTP/1.1,[http/1.1]}{0.0.0.0:43475}
2019-10-06 15:45:26,097 [main] INFO  server.Server (Server.java:doStart(419)) - Started @587086ms
2019-10-06 15:45:26,097 [main] WARN  impl.MetricsSystemImpl (MetricsSystemImpl.java:register(276)) - Sink prometheus already exists!
2019-10-06 15:45:26,098 [main] INFO  server.BaseHttpServer (BaseHttpServer.java:updateConnectorAddress(215)) - HTTP server of OZONEMANAGER is listening at http://0.0.0.0:43475
2019-10-06 15:45:26,116 [main] INFO  impl.MetricsSystemImpl (MetricsSystemImpl.java:init(158)) - HddsDatanode metrics system started (again)
2019-10-06 15:45:26,121 [main] INFO  ozone.HddsDatanodeService (HddsDatanodeService.java:start(184)) - HddsDatanodeService host:ozone-build-dev-nffdx-465010684 ip:192.168.30.23
2019-10-06 15:45:26,128 [main] INFO  volume.HddsVolume (HddsVolume.java:<init>(176)) - Creating Volume: /workdir/hadoop-ozone/integration-test/target/test-dir/MiniOzoneClusterImpl-71e09d98-8980-4f11-ada0-d4d272c3dff4/datanode-0/data/containers/hdds of  storage type : DISK and capacity : 1482555576320
2019-10-06 15:45:26,129 [main] INFO  volume.VolumeSet (VolumeSet.java:initializeVolumeSet(170)) - Added Volume : /workdir/hadoop-ozone/integration-test/target/test-dir/MiniOzoneClusterImpl-71e09d98-8980-4f11-ada0-d4d272c3dff4/datanode-0/data/containers/hdds to VolumeSet
2019-10-06 15:45:26,129 [main] INFO  volume.ThrottledAsyncChecker (ThrottledAsyncChecker.java:schedule(139)) - Scheduling a check for org.apache.hadoop.ozone.container.common.volume.HddsVolume@c568f91
2019-10-06 15:45:26,130 [main] INFO  volume.HddsVolumeChecker (HddsVolumeChecker.java:checkAllVolumes(202)) - Scheduled health check for volume org.apache.hadoop.ozone.container.common.volume.HddsVolume@c568f91
2019-10-06 15:45:26,149 [main] INFO  impl.RaftServerProxy (ConfUtils.java:logGet(43)) - raft.rpc.type = GRPC (default)
2019-10-06 15:45:26,149 [main] INFO  grpc.GrpcFactory (GrpcFactory.java:checkPooledByteBufAllocatorUseCacheForAllThreads(45)) - PERFORMANCE WARNING: useCacheForAllThreads is true that may cause Netty to create a lot garbage objects and, as a result, trigger GC.
	It is recommended to disable useCacheForAllThreads by setting -Dorg.apache.ratis.thirdparty.io.netty.allocator.useCacheForAllThreads=false in command line.
2019-10-06 15:45:26,149 [main] INFO  grpc.GrpcConfigKeys$Server (ConfUtils.java:logGet(43)) - raft.grpc.server.port = 0 (default)
2019-10-06 15:45:26,149 [main] INFO  server.GrpcService (ConfUtils.java:logGet(43)) - raft.grpc.message.size.max = 33570816 (custom)
2019-10-06 15:45:26,150 [main] INFO  server.RaftServerConfigKeys (ConfUtils.java:logGet(43)) - raft.server.log.appender.buffer.byte-limit = 33554432 (custom)
2019-10-06 15:45:26,150 [main] INFO  server.GrpcService (ConfUtils.java:logGet(43)) - raft.grpc.flow.control.window = 1MB (=1048576) (default)
2019-10-06 15:45:26,150 [main] INFO  server.RaftServerConfigKeys (ConfUtils.java:logGet(43)) - raft.server.rpc.request.timeout = 3000ms (default)
2019-10-06 15:45:26,151 [main] INFO  server.RaftServerConfigKeys (ConfUtils.java:logGet(43)) - raft.server.storage.dir = [/workdir/hadoop-ozone/integration-test/target/test-dir/MiniOzoneClusterImpl-71e09d98-8980-4f11-ada0-d4d272c3dff4/datanode-0/data/ratis] (custom)
2019-10-06 15:45:26,152 [main] INFO  hdfs.DFSUtil (DFSUtil.java:httpServerTemplateForNNAndJN(1641)) - Starting Web-server for hddsDatanode at: http://0.0.0.0:0
2019-10-06 15:45:26,154 [main] INFO  server.AuthenticationFilter (AuthenticationFilter.java:constructSecretProvider(240)) - Unable to initialize FileSignerSecretProvider, falling back to use random secrets.
2019-10-06 15:45:26,154 [main] WARN  http.HttpRequestLog (HttpRequestLog.java:getRequestLog(97)) - Jetty request log can only be enabled using Log4j
2019-10-06 15:45:26,156 [main] INFO  http.HttpServer2 (HttpServer2.java:addGlobalFilter(975)) - Added global filter 'safety' (class=org.apache.hadoop.http.HttpServer2$QuotingInputFilter)
2019-10-06 15:45:26,156 [main] INFO  http.HttpServer2 (HttpServer2.java:addFilter(948)) - Added filter static_user_filter (class=org.apache.hadoop.http.lib.StaticUserWebFilter$StaticUserFilter) to context hddsDatanode
2019-10-06 15:45:26,157 [main] INFO  http.HttpServer2 (HttpServer2.java:addFilter(958)) - Added filter static_user_filter (class=org.apache.hadoop.http.lib.StaticUserWebFilter$StaticUserFilter) to context logs
2019-10-06 15:45:26,157 [main] INFO  http.HttpServer2 (HttpServer2.java:addFilter(958)) - Added filter static_user_filter (class=org.apache.hadoop.http.lib.StaticUserWebFilter$StaticUserFilter) to context static
2019-10-06 15:45:26,157 [main] INFO  http.HttpServer2 (HttpServer2.java:bindListener(1191)) - Jetty bound to port 39287
2019-10-06 15:45:26,158 [main] INFO  server.Server (Server.java:doStart(351)) - jetty-9.3.25.v20180904, build timestamp: 2018-09-04T21:11:46Z, git hash: 3ce520221d0240229c862b122d2b06c12a625732
2019-10-06 15:45:26,159 [main] INFO  handler.ContextHandler (ContextHandler.java:doStart(781)) - Started o.e.j.s.ServletContextHandler@5396eeb1{/logs,file:///workdir/hadoop-ozone/integration-test/target/log,AVAILABLE}
2019-10-06 15:45:26,160 [main] INFO  handler.ContextHandler (ContextHandler.java:doStart(781)) - Started o.e.j.s.ServletContextHandler@7781263c{/static,jar:file:/home/user/.m2/repository/org/apache/hadoop/hadoop-hdds-container-service/0.5.0-SNAPSHOT/hadoop-hdds-container-service-0.5.0-SNAPSHOT.jar!/webapps/static,AVAILABLE}
2019-10-06 15:45:26,195 [main] INFO  handler.ContextHandler (ContextHandler.java:doStart(781)) - Started o.e.j.w.WebAppContext@6885ed19{/,file:///tmp/jetty-0.0.0.0-39287-hddsDatanode-_-any-9196373683476796768.dir/webapp/,AVAILABLE}{/hddsDatanode}
2019-10-06 15:45:26,195 [main] INFO  server.AbstractConnector (AbstractConnector.java:doStart(278)) - Started ServerConnector@10817f46{HTTP/1.1,[http/1.1]}{0.0.0.0:39287}
2019-10-06 15:45:26,197 [main] INFO  server.Server (Server.java:doStart(419)) - Started @587185ms
2019-10-06 15:45:26,197 [main] WARN  impl.MetricsSystemImpl (MetricsSystemImpl.java:register(276)) - Sink prometheus already exists!
2019-10-06 15:45:26,198 [main] INFO  server.BaseHttpServer (BaseHttpServer.java:updateConnectorAddress(215)) - HTTP server of HDDSDATANODE is listening at http://0.0.0.0:39287
2019-10-06 15:45:26,198 [main] INFO  impl.MetricsSystemImpl (MetricsSystemImpl.java:init(158)) - HddsDatanode metrics system started (again)
2019-10-06 15:45:26,202 [org.apache.hadoop.util.JvmPauseMonitor$Monitor@2d4bb057] INFO  util.JvmPauseMonitor (JvmPauseMonitor.java:run(188)) - Starting JVM pause monitor
2019-10-06 15:45:26,203 [main] INFO  ozone.HddsDatanodeService (HddsDatanodeService.java:start(184)) - HddsDatanodeService host:ozone-build-dev-nffdx-465010684 ip:192.168.30.23
2019-10-06 15:45:26,204 [Datanode State Machine Thread - 0] INFO  datanode.InitDatanodeState (InitDatanodeState.java:persistContainerDatanodeDetails(140)) - DatanodeDetails is persisted to /workdir/hadoop-ozone/integration-test/target/test-dir/MiniOzoneClusterImpl-71e09d98-8980-4f11-ada0-d4d272c3dff4/datanode-0/meta/datanode.id
2019-10-06 15:45:26,215 [main] INFO  volume.HddsVolume (HddsVolume.java:<init>(176)) - Creating Volume: /workdir/hadoop-ozone/integration-test/target/test-dir/MiniOzoneClusterImpl-71e09d98-8980-4f11-ada0-d4d272c3dff4/datanode-1/data/containers/hdds of  storage type : DISK and capacity : 1482555576320
2019-10-06 15:45:26,215 [main] INFO  volume.VolumeSet (VolumeSet.java:initializeVolumeSet(170)) - Added Volume : /workdir/hadoop-ozone/integration-test/target/test-dir/MiniOzoneClusterImpl-71e09d98-8980-4f11-ada0-d4d272c3dff4/datanode-1/data/containers/hdds to VolumeSet
2019-10-06 15:45:26,215 [main] INFO  volume.ThrottledAsyncChecker (ThrottledAsyncChecker.java:schedule(139)) - Scheduling a check for org.apache.hadoop.ozone.container.common.volume.HddsVolume@565d7d2f
2019-10-06 15:45:26,220 [main] INFO  volume.HddsVolumeChecker (HddsVolumeChecker.java:checkAllVolumes(202)) - Scheduled health check for volume org.apache.hadoop.ozone.container.common.volume.HddsVolume@565d7d2f
2019-10-06 15:45:26,233 [main] INFO  impl.RaftServerProxy (ConfUtils.java:logGet(43)) - raft.rpc.type = GRPC (default)
2019-10-06 15:45:26,233 [main] INFO  grpc.GrpcFactory (GrpcFactory.java:checkPooledByteBufAllocatorUseCacheForAllThreads(45)) - PERFORMANCE WARNING: useCacheForAllThreads is true that may cause Netty to create a lot garbage objects and, as a result, trigger GC.
	It is recommended to disable useCacheForAllThreads by setting -Dorg.apache.ratis.thirdparty.io.netty.allocator.useCacheForAllThreads=false in command line.
2019-10-06 15:45:26,233 [main] INFO  grpc.GrpcConfigKeys$Server (ConfUtils.java:logGet(43)) - raft.grpc.server.port = 0 (default)
2019-10-06 15:45:26,233 [main] INFO  server.GrpcService (ConfUtils.java:logGet(43)) - raft.grpc.message.size.max = 33570816 (custom)
2019-10-06 15:45:26,234 [main] INFO  server.RaftServerConfigKeys (ConfUtils.java:logGet(43)) - raft.server.log.appender.buffer.byte-limit = 33554432 (custom)
2019-10-06 15:45:26,234 [main] INFO  server.GrpcService (ConfUtils.java:logGet(43)) - raft.grpc.flow.control.window = 1MB (=1048576) (default)
2019-10-06 15:45:26,234 [main] INFO  server.RaftServerConfigKeys (ConfUtils.java:logGet(43)) - raft.server.rpc.request.timeout = 3000ms (default)
2019-10-06 15:45:26,234 [main] INFO  server.RaftServerConfigKeys (ConfUtils.java:logGet(43)) - raft.server.storage.dir = [/workdir/hadoop-ozone/integration-test/target/test-dir/MiniOzoneClusterImpl-71e09d98-8980-4f11-ada0-d4d272c3dff4/datanode-1/data/ratis] (custom)
2019-10-06 15:45:26,236 [main] INFO  hdfs.DFSUtil (DFSUtil.java:httpServerTemplateForNNAndJN(1641)) - Starting Web-server for hddsDatanode at: http://0.0.0.0:0
2019-10-06 15:45:26,237 [main] INFO  server.AuthenticationFilter (AuthenticationFilter.java:constructSecretProvider(240)) - Unable to initialize FileSignerSecretProvider, falling back to use random secrets.
2019-10-06 15:45:26,237 [main] WARN  http.HttpRequestLog (HttpRequestLog.java:getRequestLog(97)) - Jetty request log can only be enabled using Log4j
2019-10-06 15:45:26,238 [main] INFO  http.HttpServer2 (HttpServer2.java:addGlobalFilter(975)) - Added global filter 'safety' (class=org.apache.hadoop.http.HttpServer2$QuotingInputFilter)
2019-10-06 15:45:26,239 [main] INFO  http.HttpServer2 (HttpServer2.java:addFilter(948)) - Added filter static_user_filter (class=org.apache.hadoop.http.lib.StaticUserWebFilter$StaticUserFilter) to context hddsDatanode
2019-10-06 15:45:26,239 [main] INFO  http.HttpServer2 (HttpServer2.java:addFilter(958)) - Added filter static_user_filter (class=org.apache.hadoop.http.lib.StaticUserWebFilter$StaticUserFilter) to context static
2019-10-06 15:45:26,239 [main] INFO  http.HttpServer2 (HttpServer2.java:addFilter(958)) - Added filter static_user_filter (class=org.apache.hadoop.http.lib.StaticUserWebFilter$StaticUserFilter) to context logs
2019-10-06 15:45:26,240 [main] INFO  http.HttpServer2 (HttpServer2.java:bindListener(1191)) - Jetty bound to port 35025
2019-10-06 15:45:26,240 [main] INFO  server.Server (Server.java:doStart(351)) - jetty-9.3.25.v20180904, build timestamp: 2018-09-04T21:11:46Z, git hash: 3ce520221d0240229c862b122d2b06c12a625732
2019-10-06 15:45:26,241 [main] INFO  handler.ContextHandler (ContextHandler.java:doStart(781)) - Started o.e.j.s.ServletContextHandler@723742b2{/logs,file:///workdir/hadoop-ozone/integration-test/target/log,AVAILABLE}
2019-10-06 15:45:26,242 [main] INFO  handler.ContextHandler (ContextHandler.java:doStart(781)) - Started o.e.j.s.ServletContextHandler@34c76167{/static,jar:file:/home/user/.m2/repository/org/apache/hadoop/hadoop-hdds-container-service/0.5.0-SNAPSHOT/hadoop-hdds-container-service-0.5.0-SNAPSHOT.jar!/webapps/static,AVAILABLE}
2019-10-06 15:45:26,269 [main] INFO  handler.ContextHandler (ContextHandler.java:doStart(781)) - Started o.e.j.w.WebAppContext@3e43f049{/,file:///tmp/jetty-0.0.0.0-35025-hddsDatanode-_-any-5219265175553477883.dir/webapp/,AVAILABLE}{/hddsDatanode}
2019-10-06 15:45:26,269 [main] INFO  server.AbstractConnector (AbstractConnector.java:doStart(278)) - Started ServerConnector@147cc940{HTTP/1.1,[http/1.1]}{0.0.0.0:35025}
2019-10-06 15:45:26,271 [main] INFO  server.Server (Server.java:doStart(419)) - Started @587259ms
2019-10-06 15:45:26,271 [main] WARN  impl.MetricsSystemImpl (MetricsSystemImpl.java:register(276)) - Sink prometheus already exists!
2019-10-06 15:45:26,271 [main] INFO  server.BaseHttpServer (BaseHttpServer.java:updateConnectorAddress(215)) - HTTP server of HDDSDATANODE is listening at http://0.0.0.0:35025
2019-10-06 15:45:26,272 [main] INFO  impl.MetricsSystemImpl (MetricsSystemImpl.java:init(158)) - HddsDatanode metrics system started (again)
2019-10-06 15:45:26,276 [org.apache.hadoop.util.JvmPauseMonitor$Monitor@1e200adb] INFO  util.JvmPauseMonitor (JvmPauseMonitor.java:run(188)) - Starting JVM pause monitor
2019-10-06 15:45:26,276 [main] INFO  ozone.HddsDatanodeService (HddsDatanodeService.java:start(184)) - HddsDatanodeService host:ozone-build-dev-nffdx-465010684 ip:192.168.30.23
2019-10-06 15:45:26,277 [Datanode State Machine Thread - 0] INFO  datanode.InitDatanodeState (InitDatanodeState.java:persistContainerDatanodeDetails(140)) - DatanodeDetails is persisted to /workdir/hadoop-ozone/integration-test/target/test-dir/MiniOzoneClusterImpl-71e09d98-8980-4f11-ada0-d4d272c3dff4/datanode-1/meta/datanode.id
2019-10-06 15:45:26,282 [main] INFO  volume.HddsVolume (HddsVolume.java:<init>(176)) - Creating Volume: /workdir/hadoop-ozone/integration-test/target/test-dir/MiniOzoneClusterImpl-71e09d98-8980-4f11-ada0-d4d272c3dff4/datanode-2/data/containers/hdds of  storage type : DISK and capacity : 1482555576320
2019-10-06 15:45:26,282 [main] INFO  volume.VolumeSet (VolumeSet.java:initializeVolumeSet(170)) - Added Volume : /workdir/hadoop-ozone/integration-test/target/test-dir/MiniOzoneClusterImpl-71e09d98-8980-4f11-ada0-d4d272c3dff4/datanode-2/data/containers/hdds to VolumeSet
2019-10-06 15:45:26,282 [main] INFO  volume.ThrottledAsyncChecker (ThrottledAsyncChecker.java:schedule(139)) - Scheduling a check for org.apache.hadoop.ozone.container.common.volume.HddsVolume@36d582cb
2019-10-06 15:45:26,283 [main] INFO  volume.HddsVolumeChecker (HddsVolumeChecker.java:checkAllVolumes(202)) - Scheduled health check for volume org.apache.hadoop.ozone.container.common.volume.HddsVolume@36d582cb
2019-10-06 15:45:26,296 [main] INFO  impl.RaftServerProxy (ConfUtils.java:logGet(43)) - raft.rpc.type = GRPC (default)
2019-10-06 15:45:26,296 [main] INFO  grpc.GrpcFactory (GrpcFactory.java:checkPooledByteBufAllocatorUseCacheForAllThreads(45)) - PERFORMANCE WARNING: useCacheForAllThreads is true that may cause Netty to create a lot garbage objects and, as a result, trigger GC.
	It is recommended to disable useCacheForAllThreads by setting -Dorg.apache.ratis.thirdparty.io.netty.allocator.useCacheForAllThreads=false in command line.
2019-10-06 15:45:26,296 [main] INFO  grpc.GrpcConfigKeys$Server (ConfUtils.java:logGet(43)) - raft.grpc.server.port = 0 (default)
2019-10-06 15:45:26,297 [main] INFO  server.GrpcService (ConfUtils.java:logGet(43)) - raft.grpc.message.size.max = 33570816 (custom)
2019-10-06 15:45:26,297 [main] INFO  server.RaftServerConfigKeys (ConfUtils.java:logGet(43)) - raft.server.log.appender.buffer.byte-limit = 33554432 (custom)
2019-10-06 15:45:26,297 [main] INFO  server.GrpcService (ConfUtils.java:logGet(43)) - raft.grpc.flow.control.window = 1MB (=1048576) (default)
2019-10-06 15:45:26,297 [main] INFO  server.RaftServerConfigKeys (ConfUtils.java:logGet(43)) - raft.server.rpc.request.timeout = 3000ms (default)
2019-10-06 15:45:26,297 [main] INFO  server.RaftServerConfigKeys (ConfUtils.java:logGet(43)) - raft.server.storage.dir = [/workdir/hadoop-ozone/integration-test/target/test-dir/MiniOzoneClusterImpl-71e09d98-8980-4f11-ada0-d4d272c3dff4/datanode-2/data/ratis] (custom)
2019-10-06 15:45:26,298 [main] INFO  hdfs.DFSUtil (DFSUtil.java:httpServerTemplateForNNAndJN(1641)) - Starting Web-server for hddsDatanode at: http://0.0.0.0:0
2019-10-06 15:45:26,299 [main] INFO  server.AuthenticationFilter (AuthenticationFilter.java:constructSecretProvider(240)) - Unable to initialize FileSignerSecretProvider, falling back to use random secrets.
2019-10-06 15:45:26,300 [main] WARN  http.HttpRequestLog (HttpRequestLog.java:getRequestLog(97)) - Jetty request log can only be enabled using Log4j
2019-10-06 15:45:26,301 [main] INFO  http.HttpServer2 (HttpServer2.java:addGlobalFilter(975)) - Added global filter 'safety' (class=org.apache.hadoop.http.HttpServer2$QuotingInputFilter)
2019-10-06 15:45:26,301 [main] INFO  http.HttpServer2 (HttpServer2.java:addFilter(948)) - Added filter static_user_filter (class=org.apache.hadoop.http.lib.StaticUserWebFilter$StaticUserFilter) to context hddsDatanode
2019-10-06 15:45:26,301 [main] INFO  http.HttpServer2 (HttpServer2.java:addFilter(958)) - Added filter static_user_filter (class=org.apache.hadoop.http.lib.StaticUserWebFilter$StaticUserFilter) to context logs
2019-10-06 15:45:26,302 [main] INFO  http.HttpServer2 (HttpServer2.java:addFilter(958)) - Added filter static_user_filter (class=org.apache.hadoop.http.lib.StaticUserWebFilter$StaticUserFilter) to context static
2019-10-06 15:45:26,302 [main] INFO  http.HttpServer2 (HttpServer2.java:bindListener(1191)) - Jetty bound to port 36999
2019-10-06 15:45:26,302 [main] INFO  server.Server (Server.java:doStart(351)) - jetty-9.3.25.v20180904, build timestamp: 2018-09-04T21:11:46Z, git hash: 3ce520221d0240229c862b122d2b06c12a625732
2019-10-06 15:45:26,304 [main] INFO  handler.ContextHandler (ContextHandler.java:doStart(781)) - Started o.e.j.s.ServletContextHandler@26b3c9a2{/logs,file:///workdir/hadoop-ozone/integration-test/target/log,AVAILABLE}
2019-10-06 15:45:26,304 [main] INFO  handler.ContextHandler (ContextHandler.java:doStart(781)) - Started o.e.j.s.ServletContextHandler@125f16b2{/static,jar:file:/home/user/.m2/repository/org/apache/hadoop/hadoop-hdds-container-service/0.5.0-SNAPSHOT/hadoop-hdds-container-service-0.5.0-SNAPSHOT.jar!/webapps/static,AVAILABLE}
2019-10-06 15:45:26,332 [main] INFO  handler.ContextHandler (ContextHandler.java:doStart(781)) - Started o.e.j.w.WebAppContext@4c4c7d6c{/,file:///tmp/jetty-0.0.0.0-36999-hddsDatanode-_-any-9000586029818010004.dir/webapp/,AVAILABLE}{/hddsDatanode}
2019-10-06 15:45:26,332 [main] INFO  server.AbstractConnector (AbstractConnector.java:doStart(278)) - Started ServerConnector@7f0766ef{HTTP/1.1,[http/1.1]}{0.0.0.0:36999}
2019-10-06 15:45:26,334 [main] INFO  server.Server (Server.java:doStart(419)) - Started @587322ms
2019-10-06 15:45:26,334 [main] WARN  impl.MetricsSystemImpl (MetricsSystemImpl.java:register(276)) - Sink prometheus already exists!
2019-10-06 15:45:26,334 [main] INFO  server.BaseHttpServer (BaseHttpServer.java:updateConnectorAddress(215)) - HTTP server of HDDSDATANODE is listening at http://0.0.0.0:36999
2019-10-06 15:45:26,335 [main] INFO  impl.MetricsSystemImpl (MetricsSystemImpl.java:init(158)) - HddsDatanode metrics system started (again)
2019-10-06 15:45:26,339 [org.apache.hadoop.util.JvmPauseMonitor$Monitor@1200de24] INFO  util.JvmPauseMonitor (JvmPauseMonitor.java:run(188)) - Starting JVM pause monitor
2019-10-06 15:45:26,339 [main] INFO  ozone.HddsDatanodeService (HddsDatanodeService.java:start(184)) - HddsDatanodeService host:ozone-build-dev-nffdx-465010684 ip:192.168.30.23
2019-10-06 15:45:26,340 [Datanode State Machine Thread - 0] INFO  datanode.InitDatanodeState (InitDatanodeState.java:persistContainerDatanodeDetails(140)) - DatanodeDetails is persisted to /workdir/hadoop-ozone/integration-test/target/test-dir/MiniOzoneClusterImpl-71e09d98-8980-4f11-ada0-d4d272c3dff4/datanode-2/meta/datanode.id
2019-10-06 15:45:26,345 [main] INFO  volume.HddsVolume (HddsVolume.java:<init>(176)) - Creating Volume: /workdir/hadoop-ozone/integration-test/target/test-dir/MiniOzoneClusterImpl-71e09d98-8980-4f11-ada0-d4d272c3dff4/datanode-3/data/containers/hdds of  storage type : DISK and capacity : 1482555576320
2019-10-06 15:45:26,345 [main] INFO  volume.VolumeSet (VolumeSet.java:initializeVolumeSet(170)) - Added Volume : /workdir/hadoop-ozone/integration-test/target/test-dir/MiniOzoneClusterImpl-71e09d98-8980-4f11-ada0-d4d272c3dff4/datanode-3/data/containers/hdds to VolumeSet
2019-10-06 15:45:26,345 [main] INFO  volume.ThrottledAsyncChecker (ThrottledAsyncChecker.java:schedule(139)) - Scheduling a check for org.apache.hadoop.ozone.container.common.volume.HddsVolume@6af87130
2019-10-06 15:45:26,346 [main] INFO  volume.HddsVolumeChecker (HddsVolumeChecker.java:checkAllVolumes(202)) - Scheduled health check for volume org.apache.hadoop.ozone.container.common.volume.HddsVolume@6af87130
2019-10-06 15:45:26,358 [main] INFO  impl.RaftServerProxy (ConfUtils.java:logGet(43)) - raft.rpc.type = GRPC (default)
2019-10-06 15:45:26,359 [main] INFO  grpc.GrpcFactory (GrpcFactory.java:checkPooledByteBufAllocatorUseCacheForAllThreads(45)) - PERFORMANCE WARNING: useCacheForAllThreads is true that may cause Netty to create a lot garbage objects and, as a result, trigger GC.
	It is recommended to disable useCacheForAllThreads by setting -Dorg.apache.ratis.thirdparty.io.netty.allocator.useCacheForAllThreads=false in command line.
2019-10-06 15:45:26,359 [main] INFO  grpc.GrpcConfigKeys$Server (ConfUtils.java:logGet(43)) - raft.grpc.server.port = 0 (default)
2019-10-06 15:45:26,359 [main] INFO  server.GrpcService (ConfUtils.java:logGet(43)) - raft.grpc.message.size.max = 33570816 (custom)
2019-10-06 15:45:26,359 [main] INFO  server.RaftServerConfigKeys (ConfUtils.java:logGet(43)) - raft.server.log.appender.buffer.byte-limit = 33554432 (custom)
2019-10-06 15:45:26,359 [main] INFO  server.GrpcService (ConfUtils.java:logGet(43)) - raft.grpc.flow.control.window = 1MB (=1048576) (default)
2019-10-06 15:45:26,359 [main] INFO  server.RaftServerConfigKeys (ConfUtils.java:logGet(43)) - raft.server.rpc.request.timeout = 3000ms (default)
2019-10-06 15:45:26,360 [main] INFO  server.RaftServerConfigKeys (ConfUtils.java:logGet(43)) - raft.server.storage.dir = [/workdir/hadoop-ozone/integration-test/target/test-dir/MiniOzoneClusterImpl-71e09d98-8980-4f11-ada0-d4d272c3dff4/datanode-3/data/ratis] (custom)
2019-10-06 15:45:26,361 [main] INFO  hdfs.DFSUtil (DFSUtil.java:httpServerTemplateForNNAndJN(1641)) - Starting Web-server for hddsDatanode at: http://0.0.0.0:0
2019-10-06 15:45:26,362 [main] INFO  server.AuthenticationFilter (AuthenticationFilter.java:constructSecretProvider(240)) - Unable to initialize FileSignerSecretProvider, falling back to use random secrets.
2019-10-06 15:45:26,362 [main] WARN  http.HttpRequestLog (HttpRequestLog.java:getRequestLog(97)) - Jetty request log can only be enabled using Log4j
2019-10-06 15:45:26,363 [main] INFO  http.HttpServer2 (HttpServer2.java:addGlobalFilter(975)) - Added global filter 'safety' (class=org.apache.hadoop.http.HttpServer2$QuotingInputFilter)
2019-10-06 15:45:26,364 [main] INFO  http.HttpServer2 (HttpServer2.java:addFilter(948)) - Added filter static_user_filter (class=org.apache.hadoop.http.lib.StaticUserWebFilter$StaticUserFilter) to context hddsDatanode
2019-10-06 15:45:26,364 [main] INFO  http.HttpServer2 (HttpServer2.java:addFilter(958)) - Added filter static_user_filter (class=org.apache.hadoop.http.lib.StaticUserWebFilter$StaticUserFilter) to context static
2019-10-06 15:45:26,364 [main] INFO  http.HttpServer2 (HttpServer2.java:addFilter(958)) - Added filter static_user_filter (class=org.apache.hadoop.http.lib.StaticUserWebFilter$StaticUserFilter) to context logs
2019-10-06 15:45:26,365 [main] INFO  http.HttpServer2 (HttpServer2.java:bindListener(1191)) - Jetty bound to port 43517
2019-10-06 15:45:26,365 [main] INFO  server.Server (Server.java:doStart(351)) - jetty-9.3.25.v20180904, build timestamp: 2018-09-04T21:11:46Z, git hash: 3ce520221d0240229c862b122d2b06c12a625732
2019-10-06 15:45:26,366 [main] INFO  handler.ContextHandler (ContextHandler.java:doStart(781)) - Started o.e.j.s.ServletContextHandler@b06d46d{/logs,file:///workdir/hadoop-ozone/integration-test/target/log,AVAILABLE}
2019-10-06 15:45:26,366 [main] INFO  handler.ContextHandler (ContextHandler.java:doStart(781)) - Started o.e.j.s.ServletContextHandler@656c5c3{/static,jar:file:/home/user/.m2/repository/org/apache/hadoop/hadoop-hdds-container-service/0.5.0-SNAPSHOT/hadoop-hdds-container-service-0.5.0-SNAPSHOT.jar!/webapps/static,AVAILABLE}
2019-10-06 15:45:26,394 [main] INFO  handler.ContextHandler (ContextHandler.java:doStart(781)) - Started o.e.j.w.WebAppContext@4ee8051c{/,file:///tmp/jetty-0.0.0.0-43517-hddsDatanode-_-any-2283439923826512330.dir/webapp/,AVAILABLE}{/hddsDatanode}
2019-10-06 15:45:26,394 [main] INFO  server.AbstractConnector (AbstractConnector.java:doStart(278)) - Started ServerConnector@53125718{HTTP/1.1,[http/1.1]}{0.0.0.0:43517}
2019-10-06 15:45:26,395 [main] INFO  server.Server (Server.java:doStart(419)) - Started @587383ms
2019-10-06 15:45:26,396 [main] WARN  impl.MetricsSystemImpl (MetricsSystemImpl.java:register(276)) - Sink prometheus already exists!
2019-10-06 15:45:26,396 [main] INFO  server.BaseHttpServer (BaseHttpServer.java:updateConnectorAddress(215)) - HTTP server of HDDSDATANODE is listening at http://0.0.0.0:43517
2019-10-06 15:45:26,397 [main] INFO  impl.MetricsSystemImpl (MetricsSystemImpl.java:init(158)) - HddsDatanode metrics system started (again)
2019-10-06 15:45:26,403 [org.apache.hadoop.util.JvmPauseMonitor$Monitor@286c10d5] INFO  util.JvmPauseMonitor (JvmPauseMonitor.java:run(188)) - Starting JVM pause monitor
2019-10-06 15:45:26,404 [main] INFO  ozone.HddsDatanodeService (HddsDatanodeService.java:start(184)) - HddsDatanodeService host:ozone-build-dev-nffdx-465010684 ip:192.168.30.23
2019-10-06 15:45:26,404 [Datanode State Machine Thread - 0] INFO  datanode.InitDatanodeState (InitDatanodeState.java:persistContainerDatanodeDetails(140)) - DatanodeDetails is persisted to /workdir/hadoop-ozone/integration-test/target/test-dir/MiniOzoneClusterImpl-71e09d98-8980-4f11-ada0-d4d272c3dff4/datanode-3/meta/datanode.id
2019-10-06 15:45:26,410 [main] INFO  volume.HddsVolume (HddsVolume.java:<init>(176)) - Creating Volume: /workdir/hadoop-ozone/integration-test/target/test-dir/MiniOzoneClusterImpl-71e09d98-8980-4f11-ada0-d4d272c3dff4/datanode-4/data/containers/hdds of  storage type : DISK and capacity : 1482555576320
2019-10-06 15:45:26,410 [main] INFO  volume.VolumeSet (VolumeSet.java:initializeVolumeSet(170)) - Added Volume : /workdir/hadoop-ozone/integration-test/target/test-dir/MiniOzoneClusterImpl-71e09d98-8980-4f11-ada0-d4d272c3dff4/datanode-4/data/containers/hdds to VolumeSet
2019-10-06 15:45:26,410 [main] INFO  volume.ThrottledAsyncChecker (ThrottledAsyncChecker.java:schedule(139)) - Scheduling a check for org.apache.hadoop.ozone.container.common.volume.HddsVolume@4eb9ae4d
2019-10-06 15:45:26,411 [main] INFO  volume.HddsVolumeChecker (HddsVolumeChecker.java:checkAllVolumes(202)) - Scheduled health check for volume org.apache.hadoop.ozone.container.common.volume.HddsVolume@4eb9ae4d
2019-10-06 15:45:26,427 [main] INFO  impl.RaftServerProxy (ConfUtils.java:logGet(43)) - raft.rpc.type = GRPC (default)
2019-10-06 15:45:26,427 [main] INFO  grpc.GrpcFactory (GrpcFactory.java:checkPooledByteBufAllocatorUseCacheForAllThreads(45)) - PERFORMANCE WARNING: useCacheForAllThreads is true that may cause Netty to create a lot garbage objects and, as a result, trigger GC.
	It is recommended to disable useCacheForAllThreads by setting -Dorg.apache.ratis.thirdparty.io.netty.allocator.useCacheForAllThreads=false in command line.
2019-10-06 15:45:26,427 [main] INFO  grpc.GrpcConfigKeys$Server (ConfUtils.java:logGet(43)) - raft.grpc.server.port = 0 (default)
2019-10-06 15:45:26,428 [main] INFO  server.GrpcService (ConfUtils.java:logGet(43)) - raft.grpc.message.size.max = 33570816 (custom)
2019-10-06 15:45:26,428 [main] INFO  server.RaftServerConfigKeys (ConfUtils.java:logGet(43)) - raft.server.log.appender.buffer.byte-limit = 33554432 (custom)
2019-10-06 15:45:26,428 [main] INFO  server.GrpcService (ConfUtils.java:logGet(43)) - raft.grpc.flow.control.window = 1MB (=1048576) (default)
2019-10-06 15:45:26,428 [main] INFO  server.RaftServerConfigKeys (ConfUtils.java:logGet(43)) - raft.server.rpc.request.timeout = 3000ms (default)
2019-10-06 15:45:26,429 [main] INFO  server.RaftServerConfigKeys (ConfUtils.java:logGet(43)) - raft.server.storage.dir = [/workdir/hadoop-ozone/integration-test/target/test-dir/MiniOzoneClusterImpl-71e09d98-8980-4f11-ada0-d4d272c3dff4/datanode-4/data/ratis] (custom)
2019-10-06 15:45:26,430 [main] INFO  hdfs.DFSUtil (DFSUtil.java:httpServerTemplateForNNAndJN(1641)) - Starting Web-server for hddsDatanode at: http://0.0.0.0:0
2019-10-06 15:45:26,431 [main] INFO  server.AuthenticationFilter (AuthenticationFilter.java:constructSecretProvider(240)) - Unable to initialize FileSignerSecretProvider, falling back to use random secrets.
2019-10-06 15:45:26,432 [main] WARN  http.HttpRequestLog (HttpRequestLog.java:getRequestLog(97)) - Jetty request log can only be enabled using Log4j
2019-10-06 15:45:26,433 [main] INFO  http.HttpServer2 (HttpServer2.java:addGlobalFilter(975)) - Added global filter 'safety' (class=org.apache.hadoop.http.HttpServer2$QuotingInputFilter)
2019-10-06 15:45:26,434 [main] INFO  http.HttpServer2 (HttpServer2.java:addFilter(948)) - Added filter static_user_filter (class=org.apache.hadoop.http.lib.StaticUserWebFilter$StaticUserFilter) to context hddsDatanode
2019-10-06 15:45:26,434 [main] INFO  http.HttpServer2 (HttpServer2.java:addFilter(958)) - Added filter static_user_filter (class=org.apache.hadoop.http.lib.StaticUserWebFilter$StaticUserFilter) to context logs
2019-10-06 15:45:26,434 [main] INFO  http.HttpServer2 (HttpServer2.java:addFilter(958)) - Added filter static_user_filter (class=org.apache.hadoop.http.lib.StaticUserWebFilter$StaticUserFilter) to context static
2019-10-06 15:45:26,435 [main] INFO  http.HttpServer2 (HttpServer2.java:bindListener(1191)) - Jetty bound to port 39559
2019-10-06 15:45:26,435 [main] INFO  server.Server (Server.java:doStart(351)) - jetty-9.3.25.v20180904, build timestamp: 2018-09-04T21:11:46Z, git hash: 3ce520221d0240229c862b122d2b06c12a625732
2019-10-06 15:45:26,437 [main] INFO  handler.ContextHandler (ContextHandler.java:doStart(781)) - Started o.e.j.s.ServletContextHandler@11e71181{/logs,file:///workdir/hadoop-ozone/integration-test/target/log,AVAILABLE}
2019-10-06 15:45:26,437 [main] INFO  handler.ContextHandler (ContextHandler.java:doStart(781)) - Started o.e.j.s.ServletContextHandler@222acad{/static,jar:file:/home/user/.m2/repository/org/apache/hadoop/hadoop-hdds-container-service/0.5.0-SNAPSHOT/hadoop-hdds-container-service-0.5.0-SNAPSHOT.jar!/webapps/static,AVAILABLE}
2019-10-06 15:45:26,472 [main] INFO  handler.ContextHandler (ContextHandler.java:doStart(781)) - Started o.e.j.w.WebAppContext@2f8c4fae{/,file:///tmp/jetty-0.0.0.0-39559-hddsDatanode-_-any-7918950487258789458.dir/webapp/,AVAILABLE}{/hddsDatanode}
2019-10-06 15:45:26,472 [main] INFO  server.AbstractConnector (AbstractConnector.java:doStart(278)) - Started ServerConnector@4703c998{HTTP/1.1,[http/1.1]}{0.0.0.0:39559}
2019-10-06 15:45:26,473 [main] INFO  server.Server (Server.java:doStart(419)) - Started @587461ms
2019-10-06 15:45:26,474 [main] WARN  impl.MetricsSystemImpl (MetricsSystemImpl.java:register(276)) - Sink prometheus already exists!
2019-10-06 15:45:26,475 [main] INFO  server.BaseHttpServer (BaseHttpServer.java:updateConnectorAddress(215)) - HTTP server of HDDSDATANODE is listening at http://0.0.0.0:39559
2019-10-06 15:45:26,475 [main] INFO  impl.MetricsSystemImpl (MetricsSystemImpl.java:init(158)) - HddsDatanode metrics system started (again)
2019-10-06 15:45:26,483 [org.apache.hadoop.util.JvmPauseMonitor$Monitor@6313a9e] INFO  util.JvmPauseMonitor (JvmPauseMonitor.java:run(188)) - Starting JVM pause monitor
2019-10-06 15:45:26,484 [Datanode State Machine Thread - 0] INFO  datanode.InitDatanodeState (InitDatanodeState.java:persistContainerDatanodeDetails(140)) - DatanodeDetails is persisted to /workdir/hadoop-ozone/integration-test/target/test-dir/MiniOzoneClusterImpl-71e09d98-8980-4f11-ada0-d4d272c3dff4/datanode-4/meta/datanode.id
2019-10-06 15:45:26,484 [main] INFO  ozone.HddsDatanodeService (HddsDatanodeService.java:start(184)) - HddsDatanodeService host:ozone-build-dev-nffdx-465010684 ip:192.168.30.23
2019-10-06 15:45:26,491 [main] INFO  volume.HddsVolume (HddsVolume.java:<init>(176)) - Creating Volume: /workdir/hadoop-ozone/integration-test/target/test-dir/MiniOzoneClusterImpl-71e09d98-8980-4f11-ada0-d4d272c3dff4/datanode-5/data/containers/hdds of  storage type : DISK and capacity : 1482555576320
2019-10-06 15:45:26,491 [main] INFO  volume.VolumeSet (VolumeSet.java:initializeVolumeSet(170)) - Added Volume : /workdir/hadoop-ozone/integration-test/target/test-dir/MiniOzoneClusterImpl-71e09d98-8980-4f11-ada0-d4d272c3dff4/datanode-5/data/containers/hdds to VolumeSet
2019-10-06 15:45:26,491 [main] INFO  volume.ThrottledAsyncChecker (ThrottledAsyncChecker.java:schedule(139)) - Scheduling a check for org.apache.hadoop.ozone.container.common.volume.HddsVolume@6a8a551e
2019-10-06 15:45:26,492 [main] INFO  volume.HddsVolumeChecker (HddsVolumeChecker.java:checkAllVolumes(202)) - Scheduled health check for volume org.apache.hadoop.ozone.container.common.volume.HddsVolume@6a8a551e
2019-10-06 15:45:26,510 [main] INFO  impl.RaftServerProxy (ConfUtils.java:logGet(43)) - raft.rpc.type = GRPC (default)
2019-10-06 15:45:26,510 [main] INFO  grpc.GrpcFactory (GrpcFactory.java:checkPooledByteBufAllocatorUseCacheForAllThreads(45)) - PERFORMANCE WARNING: useCacheForAllThreads is true that may cause Netty to create a lot garbage objects and, as a result, trigger GC.
	It is recommended to disable useCacheForAllThreads by setting -Dorg.apache.ratis.thirdparty.io.netty.allocator.useCacheForAllThreads=false in command line.
2019-10-06 15:45:26,510 [main] INFO  grpc.GrpcConfigKeys$Server (ConfUtils.java:logGet(43)) - raft.grpc.server.port = 0 (default)
2019-10-06 15:45:26,511 [main] INFO  server.GrpcService (ConfUtils.java:logGet(43)) - raft.grpc.message.size.max = 33570816 (custom)
2019-10-06 15:45:26,511 [main] INFO  server.RaftServerConfigKeys (ConfUtils.java:logGet(43)) - raft.server.log.appender.buffer.byte-limit = 33554432 (custom)
2019-10-06 15:45:26,511 [main] INFO  server.GrpcService (ConfUtils.java:logGet(43)) - raft.grpc.flow.control.window = 1MB (=1048576) (default)
2019-10-06 15:45:26,511 [main] INFO  server.RaftServerConfigKeys (ConfUtils.java:logGet(43)) - raft.server.rpc.request.timeout = 3000ms (default)
2019-10-06 15:45:26,512 [main] INFO  server.RaftServerConfigKeys (ConfUtils.java:logGet(43)) - raft.server.storage.dir = [/workdir/hadoop-ozone/integration-test/target/test-dir/MiniOzoneClusterImpl-71e09d98-8980-4f11-ada0-d4d272c3dff4/datanode-5/data/ratis] (custom)
2019-10-06 15:45:26,513 [main] INFO  hdfs.DFSUtil (DFSUtil.java:httpServerTemplateForNNAndJN(1641)) - Starting Web-server for hddsDatanode at: http://0.0.0.0:0
2019-10-06 15:45:26,515 [main] INFO  server.AuthenticationFilter (AuthenticationFilter.java:constructSecretProvider(240)) - Unable to initialize FileSignerSecretProvider, falling back to use random secrets.
2019-10-06 15:45:26,515 [main] WARN  http.HttpRequestLog (HttpRequestLog.java:getRequestLog(97)) - Jetty request log can only be enabled using Log4j
2019-10-06 15:45:26,517 [main] INFO  http.HttpServer2 (HttpServer2.java:addGlobalFilter(975)) - Added global filter 'safety' (class=org.apache.hadoop.http.HttpServer2$QuotingInputFilter)
2019-10-06 15:45:26,518 [main] INFO  http.HttpServer2 (HttpServer2.java:addFilter(948)) - Added filter static_user_filter (class=org.apache.hadoop.http.lib.StaticUserWebFilter$StaticUserFilter) to context hddsDatanode
2019-10-06 15:45:26,518 [main] INFO  http.HttpServer2 (HttpServer2.java:addFilter(958)) - Added filter static_user_filter (class=org.apache.hadoop.http.lib.StaticUserWebFilter$StaticUserFilter) to context logs
2019-10-06 15:45:26,518 [main] INFO  http.HttpServer2 (HttpServer2.java:addFilter(958)) - Added filter static_user_filter (class=org.apache.hadoop.http.lib.StaticUserWebFilter$StaticUserFilter) to context static
2019-10-06 15:45:26,519 [main] INFO  http.HttpServer2 (HttpServer2.java:bindListener(1191)) - Jetty bound to port 45719
2019-10-06 15:45:26,519 [main] INFO  server.Server (Server.java:doStart(351)) - jetty-9.3.25.v20180904, build timestamp: 2018-09-04T21:11:46Z, git hash: 3ce520221d0240229c862b122d2b06c12a625732
2019-10-06 15:45:26,521 [main] INFO  handler.ContextHandler (ContextHandler.java:doStart(781)) - Started o.e.j.s.ServletContextHandler@67d8faec{/logs,file:///workdir/hadoop-ozone/integration-test/target/log,AVAILABLE}
2019-10-06 15:45:26,521 [main] INFO  handler.ContextHandler (ContextHandler.java:doStart(781)) - Started o.e.j.s.ServletContextHandler@7eaa2bc6{/static,jar:file:/home/user/.m2/repository/org/apache/hadoop/hadoop-hdds-container-service/0.5.0-SNAPSHOT/hadoop-hdds-container-service-0.5.0-SNAPSHOT.jar!/webapps/static,AVAILABLE}
2019-10-06 15:45:26,556 [main] INFO  handler.ContextHandler (ContextHandler.java:doStart(781)) - Started o.e.j.w.WebAppContext@341c6ac2{/,file:///tmp/jetty-0.0.0.0-45719-hddsDatanode-_-any-8658242135780893175.dir/webapp/,AVAILABLE}{/hddsDatanode}
2019-10-06 15:45:26,557 [main] INFO  server.AbstractConnector (AbstractConnector.java:doStart(278)) - Started ServerConnector@38811103{HTTP/1.1,[http/1.1]}{0.0.0.0:45719}
2019-10-06 15:45:26,557 [main] INFO  server.Server (Server.java:doStart(419)) - Started @587545ms
2019-10-06 15:45:26,559 [main] WARN  impl.MetricsSystemImpl (MetricsSystemImpl.java:register(276)) - Sink prometheus already exists!
2019-10-06 15:45:26,560 [main] INFO  server.BaseHttpServer (BaseHttpServer.java:updateConnectorAddress(215)) - HTTP server of HDDSDATANODE is listening at http://0.0.0.0:45719
2019-10-06 15:45:26,560 [main] INFO  impl.MetricsSystemImpl (MetricsSystemImpl.java:init(158)) - HddsDatanode metrics system started (again)
2019-10-06 15:45:26,567 [org.apache.hadoop.util.JvmPauseMonitor$Monitor@1a6127d2] INFO  util.JvmPauseMonitor (JvmPauseMonitor.java:run(188)) - Starting JVM pause monitor
2019-10-06 15:45:26,568 [main] INFO  ozone.HddsDatanodeService (HddsDatanodeService.java:start(184)) - HddsDatanodeService host:ozone-build-dev-nffdx-465010684 ip:192.168.30.23
2019-10-06 15:45:26,568 [Datanode State Machine Thread - 0] INFO  datanode.InitDatanodeState (InitDatanodeState.java:persistContainerDatanodeDetails(140)) - DatanodeDetails is persisted to /workdir/hadoop-ozone/integration-test/target/test-dir/MiniOzoneClusterImpl-71e09d98-8980-4f11-ada0-d4d272c3dff4/datanode-5/meta/datanode.id
2019-10-06 15:45:26,575 [main] INFO  volume.HddsVolume (HddsVolume.java:<init>(176)) - Creating Volume: /workdir/hadoop-ozone/integration-test/target/test-dir/MiniOzoneClusterImpl-71e09d98-8980-4f11-ada0-d4d272c3dff4/datanode-6/data/containers/hdds of  storage type : DISK and capacity : 1482555576320
2019-10-06 15:45:26,576 [main] INFO  volume.VolumeSet (VolumeSet.java:initializeVolumeSet(170)) - Added Volume : /workdir/hadoop-ozone/integration-test/target/test-dir/MiniOzoneClusterImpl-71e09d98-8980-4f11-ada0-d4d272c3dff4/datanode-6/data/containers/hdds to VolumeSet
2019-10-06 15:45:26,576 [main] INFO  volume.ThrottledAsyncChecker (ThrottledAsyncChecker.java:schedule(139)) - Scheduling a check for org.apache.hadoop.ozone.container.common.volume.HddsVolume@74697863
2019-10-06 15:45:26,576 [main] INFO  volume.HddsVolumeChecker (HddsVolumeChecker.java:checkAllVolumes(202)) - Scheduled health check for volume org.apache.hadoop.ozone.container.common.volume.HddsVolume@74697863
2019-10-06 15:45:26,593 [main] INFO  impl.RaftServerProxy (ConfUtils.java:logGet(43)) - raft.rpc.type = GRPC (default)
2019-10-06 15:45:26,593 [main] INFO  grpc.GrpcFactory (GrpcFactory.java:checkPooledByteBufAllocatorUseCacheForAllThreads(45)) - PERFORMANCE WARNING: useCacheForAllThreads is true that may cause Netty to create a lot garbage objects and, as a result, trigger GC.
	It is recommended to disable useCacheForAllThreads by setting -Dorg.apache.ratis.thirdparty.io.netty.allocator.useCacheForAllThreads=false in command line.
2019-10-06 15:45:26,593 [main] INFO  grpc.GrpcConfigKeys$Server (ConfUtils.java:logGet(43)) - raft.grpc.server.port = 0 (default)
2019-10-06 15:45:26,594 [main] INFO  server.GrpcService (ConfUtils.java:logGet(43)) - raft.grpc.message.size.max = 33570816 (custom)
2019-10-06 15:45:26,594 [main] INFO  server.RaftServerConfigKeys (ConfUtils.java:logGet(43)) - raft.server.log.appender.buffer.byte-limit = 33554432 (custom)
2019-10-06 15:45:26,594 [main] INFO  server.GrpcService (ConfUtils.java:logGet(43)) - raft.grpc.flow.control.window = 1MB (=1048576) (default)
2019-10-06 15:45:26,594 [main] INFO  server.RaftServerConfigKeys (ConfUtils.java:logGet(43)) - raft.server.rpc.request.timeout = 3000ms (default)
2019-10-06 15:45:26,595 [main] INFO  server.RaftServerConfigKeys (ConfUtils.java:logGet(43)) - raft.server.storage.dir = [/workdir/hadoop-ozone/integration-test/target/test-dir/MiniOzoneClusterImpl-71e09d98-8980-4f11-ada0-d4d272c3dff4/datanode-6/data/ratis] (custom)
2019-10-06 15:45:26,596 [main] INFO  hdfs.DFSUtil (DFSUtil.java:httpServerTemplateForNNAndJN(1641)) - Starting Web-server for hddsDatanode at: http://0.0.0.0:0
2019-10-06 15:45:26,598 [main] INFO  server.AuthenticationFilter (AuthenticationFilter.java:constructSecretProvider(240)) - Unable to initialize FileSignerSecretProvider, falling back to use random secrets.
2019-10-06 15:45:26,598 [main] WARN  http.HttpRequestLog (HttpRequestLog.java:getRequestLog(97)) - Jetty request log can only be enabled using Log4j
2019-10-06 15:45:26,600 [main] INFO  http.HttpServer2 (HttpServer2.java:addGlobalFilter(975)) - Added global filter 'safety' (class=org.apache.hadoop.http.HttpServer2$QuotingInputFilter)
2019-10-06 15:45:26,601 [main] INFO  http.HttpServer2 (HttpServer2.java:addFilter(948)) - Added filter static_user_filter (class=org.apache.hadoop.http.lib.StaticUserWebFilter$StaticUserFilter) to context hddsDatanode
2019-10-06 15:45:26,601 [main] INFO  http.HttpServer2 (HttpServer2.java:addFilter(958)) - Added filter static_user_filter (class=org.apache.hadoop.http.lib.StaticUserWebFilter$StaticUserFilter) to context logs
2019-10-06 15:45:26,601 [main] INFO  http.HttpServer2 (HttpServer2.java:addFilter(958)) - Added filter static_user_filter (class=org.apache.hadoop.http.lib.StaticUserWebFilter$StaticUserFilter) to context static
2019-10-06 15:45:26,602 [main] INFO  http.HttpServer2 (HttpServer2.java:bindListener(1191)) - Jetty bound to port 46488
2019-10-06 15:45:26,602 [main] INFO  server.Server (Server.java:doStart(351)) - jetty-9.3.25.v20180904, build timestamp: 2018-09-04T21:11:46Z, git hash: 3ce520221d0240229c862b122d2b06c12a625732
2019-10-06 15:45:26,604 [main] INFO  handler.ContextHandler (ContextHandler.java:doStart(781)) - Started o.e.j.s.ServletContextHandler@27da994b{/logs,file:///workdir/hadoop-ozone/integration-test/target/log,AVAILABLE}
2019-10-06 15:45:26,604 [main] INFO  handler.ContextHandler (ContextHandler.java:doStart(781)) - Started o.e.j.s.ServletContextHandler@3360283{/static,jar:file:/home/user/.m2/repository/org/apache/hadoop/hadoop-hdds-container-service/0.5.0-SNAPSHOT/hadoop-hdds-container-service-0.5.0-SNAPSHOT.jar!/webapps/static,AVAILABLE}
2019-10-06 15:45:26,645 [main] INFO  handler.ContextHandler (ContextHandler.java:doStart(781)) - Started o.e.j.w.WebAppContext@77896335{/,file:///tmp/jetty-0.0.0.0-46488-hddsDatanode-_-any-6884803088504662803.dir/webapp/,AVAILABLE}{/hddsDatanode}
2019-10-06 15:45:26,645 [main] INFO  server.AbstractConnector (AbstractConnector.java:doStart(278)) - Started ServerConnector@5c1b89ac{HTTP/1.1,[http/1.1]}{0.0.0.0:46488}
2019-10-06 15:45:26,650 [main] INFO  server.Server (Server.java:doStart(419)) - Started @587638ms
2019-10-06 15:45:26,650 [main] WARN  impl.MetricsSystemImpl (MetricsSystemImpl.java:register(276)) - Sink prometheus already exists!
2019-10-06 15:45:26,651 [main] INFO  server.BaseHttpServer (BaseHttpServer.java:updateConnectorAddress(215)) - HTTP server of HDDSDATANODE is listening at http://0.0.0.0:46488
2019-10-06 15:45:26,652 [main] INFO  ozone.MiniOzoneClusterImpl (MiniOzoneClusterImpl.java:lambda$waitForClusterToBeReady$0(147)) - Waiting for cluster to be ready. Got 0 of 7 DN Heartbeats.
2019-10-06 15:45:26,653 [org.apache.hadoop.util.JvmPauseMonitor$Monitor@c433a17] INFO  util.JvmPauseMonitor (JvmPauseMonitor.java:run(188)) - Starting JVM pause monitor
2019-10-06 15:45:26,655 [Datanode State Machine Thread - 0] INFO  datanode.InitDatanodeState (InitDatanodeState.java:persistContainerDatanodeDetails(140)) - DatanodeDetails is persisted to /workdir/hadoop-ozone/integration-test/target/test-dir/MiniOzoneClusterImpl-71e09d98-8980-4f11-ada0-d4d272c3dff4/datanode-6/meta/datanode.id
2019-10-06 15:45:27,652 [main] INFO  ozone.MiniOzoneClusterImpl (MiniOzoneClusterImpl.java:lambda$waitForClusterToBeReady$0(147)) - Waiting for cluster to be ready. Got 0 of 7 DN Heartbeats.
2019-10-06 15:45:28,229 [Datanode State Machine Thread - 0] INFO  ozoneimpl.OzoneContainer (OzoneContainer.java:start(217)) - Attempting to start container services.
2019-10-06 15:45:28,229 [Datanode State Machine Thread - 0] INFO  ozoneimpl.OzoneContainer (OzoneContainer.java:startContainerScrub(179)) - Background container scanner has been disabled.
2019-10-06 15:45:28,229 [Datanode State Machine Thread - 0] INFO  ratis.XceiverServerRatis (XceiverServerRatis.java:start(417)) - Starting XceiverServerRatis 090b6ce4-537e-4258-b6c0-061514e97930 at port 0
2019-10-06 15:45:28,235 [Datanode State Machine Thread - 0] INFO  impl.RaftServerProxy (RaftServerProxy.java:lambda$start$3(299)) - 090b6ce4-537e-4258-b6c0-061514e97930: start RPC server
2019-10-06 15:45:28,237 [Datanode State Machine Thread - 0] INFO  server.GrpcService (GrpcService.java:startImpl(158)) - 090b6ce4-537e-4258-b6c0-061514e97930: GrpcService started, listening on 0.0.0.0/0.0.0.0:38838
2019-10-06 15:45:28,237 [Datanode State Machine Thread - 0] INFO  ratis.XceiverServerRatis (XceiverServerRatis.java:start(427)) - XceiverServerRatis 090b6ce4-537e-4258-b6c0-061514e97930 is started using port 38838
2019-10-06 15:45:28,238 [Datanode State Machine Thread - 0] INFO  server.XceiverServerGrpc (XceiverServerGrpc.java:start(149)) - XceiverServerGrpc 090b6ce4-537e-4258-b6c0-061514e97930 is started using port 38470
2019-10-06 15:45:28,302 [Datanode State Machine Thread - 0] INFO  ozoneimpl.OzoneContainer (OzoneContainer.java:start(217)) - Attempting to start container services.
2019-10-06 15:45:28,303 [Datanode State Machine Thread - 0] INFO  ozoneimpl.OzoneContainer (OzoneContainer.java:startContainerScrub(179)) - Background container scanner has been disabled.
2019-10-06 15:45:28,303 [Datanode State Machine Thread - 0] INFO  ratis.XceiverServerRatis (XceiverServerRatis.java:start(417)) - Starting XceiverServerRatis ecbb6327-9019-4ac7-95c5-d60822a3bb37 at port 0
2019-10-06 15:45:28,312 [Datanode State Machine Thread - 0] INFO  impl.RaftServerProxy (RaftServerProxy.java:lambda$start$3(299)) - ecbb6327-9019-4ac7-95c5-d60822a3bb37: start RPC server
2019-10-06 15:45:28,313 [Datanode State Machine Thread - 0] INFO  server.GrpcService (GrpcService.java:startImpl(158)) - ecbb6327-9019-4ac7-95c5-d60822a3bb37: GrpcService started, listening on 0.0.0.0/0.0.0.0:45764
2019-10-06 15:45:28,313 [Datanode State Machine Thread - 0] INFO  ratis.XceiverServerRatis (XceiverServerRatis.java:start(427)) - XceiverServerRatis ecbb6327-9019-4ac7-95c5-d60822a3bb37 is started using port 45764
2019-10-06 15:45:28,316 [Datanode State Machine Thread - 0] INFO  server.XceiverServerGrpc (XceiverServerGrpc.java:start(149)) - XceiverServerGrpc ecbb6327-9019-4ac7-95c5-d60822a3bb37 is started using port 41036
2019-10-06 15:45:28,354 [Datanode State Machine Thread - 0] INFO  ozoneimpl.OzoneContainer (OzoneContainer.java:start(217)) - Attempting to start container services.
2019-10-06 15:45:28,354 [Datanode State Machine Thread - 0] INFO  ozoneimpl.OzoneContainer (OzoneContainer.java:startContainerScrub(179)) - Background container scanner has been disabled.
2019-10-06 15:45:28,355 [Datanode State Machine Thread - 0] INFO  ratis.XceiverServerRatis (XceiverServerRatis.java:start(417)) - Starting XceiverServerRatis 9559ebce-e970-4829-920d-71f68b96de83 at port 0
2019-10-06 15:45:28,362 [Datanode State Machine Thread - 0] INFO  impl.RaftServerProxy (RaftServerProxy.java:lambda$start$3(299)) - 9559ebce-e970-4829-920d-71f68b96de83: start RPC server
2019-10-06 15:45:28,363 [Datanode State Machine Thread - 0] INFO  server.GrpcService (GrpcService.java:startImpl(158)) - 9559ebce-e970-4829-920d-71f68b96de83: GrpcService started, listening on 0.0.0.0/0.0.0.0:40236
2019-10-06 15:45:28,363 [Datanode State Machine Thread - 0] INFO  ratis.XceiverServerRatis (XceiverServerRatis.java:start(427)) - XceiverServerRatis 9559ebce-e970-4829-920d-71f68b96de83 is started using port 40236
2019-10-06 15:45:28,364 [Datanode State Machine Thread - 0] INFO  server.XceiverServerGrpc (XceiverServerGrpc.java:start(149)) - XceiverServerGrpc 9559ebce-e970-4829-920d-71f68b96de83 is started using port 37574
2019-10-06 15:45:28,427 [Datanode State Machine Thread - 0] INFO  ozoneimpl.OzoneContainer (OzoneContainer.java:start(217)) - Attempting to start container services.
2019-10-06 15:45:28,427 [Datanode State Machine Thread - 0] INFO  ozoneimpl.OzoneContainer (OzoneContainer.java:startContainerScrub(179)) - Background container scanner has been disabled.
2019-10-06 15:45:28,427 [Datanode State Machine Thread - 0] INFO  ratis.XceiverServerRatis (XceiverServerRatis.java:start(417)) - Starting XceiverServerRatis 56c5c699-cd8e-4783-81cf-b77b98cbb0bb at port 0
2019-10-06 15:45:28,435 [Datanode State Machine Thread - 0] INFO  impl.RaftServerProxy (RaftServerProxy.java:lambda$start$3(299)) - 56c5c699-cd8e-4783-81cf-b77b98cbb0bb: start RPC server
2019-10-06 15:45:28,435 [Datanode State Machine Thread - 0] INFO  server.GrpcService (GrpcService.java:startImpl(158)) - 56c5c699-cd8e-4783-81cf-b77b98cbb0bb: GrpcService started, listening on 0.0.0.0/0.0.0.0:43872
2019-10-06 15:45:28,436 [Datanode State Machine Thread - 0] INFO  ratis.XceiverServerRatis (XceiverServerRatis.java:start(427)) - XceiverServerRatis 56c5c699-cd8e-4783-81cf-b77b98cbb0bb is started using port 43872
2019-10-06 15:45:28,436 [Datanode State Machine Thread - 0] INFO  server.XceiverServerGrpc (XceiverServerGrpc.java:start(149)) - XceiverServerGrpc 56c5c699-cd8e-4783-81cf-b77b98cbb0bb is started using port 33172
2019-10-06 15:45:28,500 [Datanode State Machine Thread - 0] INFO  ozoneimpl.OzoneContainer (OzoneContainer.java:start(217)) - Attempting to start container services.
2019-10-06 15:45:28,500 [Datanode State Machine Thread - 0] INFO  ozoneimpl.OzoneContainer (OzoneContainer.java:startContainerScrub(179)) - Background container scanner has been disabled.
2019-10-06 15:45:28,500 [Datanode State Machine Thread - 0] INFO  ratis.XceiverServerRatis (XceiverServerRatis.java:start(417)) - Starting XceiverServerRatis 45853e80-e499-4aea-b1bd-514547992009 at port 0
2019-10-06 15:45:28,507 [Datanode State Machine Thread - 0] INFO  impl.RaftServerProxy (RaftServerProxy.java:lambda$start$3(299)) - 45853e80-e499-4aea-b1bd-514547992009: start RPC server
2019-10-06 15:45:28,508 [Datanode State Machine Thread - 0] INFO  server.GrpcService (GrpcService.java:startImpl(158)) - 45853e80-e499-4aea-b1bd-514547992009: GrpcService started, listening on 0.0.0.0/0.0.0.0:38204
2019-10-06 15:45:28,508 [Datanode State Machine Thread - 0] INFO  ratis.XceiverServerRatis (XceiverServerRatis.java:start(427)) - XceiverServerRatis 45853e80-e499-4aea-b1bd-514547992009 is started using port 38204
2019-10-06 15:45:28,509 [Datanode State Machine Thread - 0] INFO  server.XceiverServerGrpc (XceiverServerGrpc.java:start(149)) - XceiverServerGrpc 45853e80-e499-4aea-b1bd-514547992009 is started using port 38978
2019-10-06 15:45:28,581 [Datanode State Machine Thread - 0] INFO  ozoneimpl.OzoneContainer (OzoneContainer.java:start(217)) - Attempting to start container services.
2019-10-06 15:45:28,581 [Datanode State Machine Thread - 0] INFO  ozoneimpl.OzoneContainer (OzoneContainer.java:startContainerScrub(179)) - Background container scanner has been disabled.
2019-10-06 15:45:28,581 [Datanode State Machine Thread - 0] INFO  ratis.XceiverServerRatis (XceiverServerRatis.java:start(417)) - Starting XceiverServerRatis 5727e973-ff17-48d6-b89a-ebfb40a52011 at port 0
2019-10-06 15:45:28,588 [Datanode State Machine Thread - 0] INFO  impl.RaftServerProxy (RaftServerProxy.java:lambda$start$3(299)) - 5727e973-ff17-48d6-b89a-ebfb40a52011: start RPC server
2019-10-06 15:45:28,588 [Datanode State Machine Thread - 0] INFO  server.GrpcService (GrpcService.java:startImpl(158)) - 5727e973-ff17-48d6-b89a-ebfb40a52011: GrpcService started, listening on 0.0.0.0/0.0.0.0:38455
2019-10-06 15:45:28,589 [Datanode State Machine Thread - 0] INFO  ratis.XceiverServerRatis (XceiverServerRatis.java:start(427)) - XceiverServerRatis 5727e973-ff17-48d6-b89a-ebfb40a52011 is started using port 38455
2019-10-06 15:45:28,591 [Datanode State Machine Thread - 0] INFO  server.XceiverServerGrpc (XceiverServerGrpc.java:start(149)) - XceiverServerGrpc 5727e973-ff17-48d6-b89a-ebfb40a52011 is started using port 46079
2019-10-06 15:45:28,653 [main] INFO  ozone.MiniOzoneClusterImpl (MiniOzoneClusterImpl.java:lambda$waitForClusterToBeReady$0(147)) - Waiting for cluster to be ready. Got 0 of 7 DN Heartbeats.
2019-10-06 15:45:28,678 [Datanode State Machine Thread - 0] INFO  ozoneimpl.OzoneContainer (OzoneContainer.java:start(217)) - Attempting to start container services.
2019-10-06 15:45:28,678 [Datanode State Machine Thread - 0] INFO  ozoneimpl.OzoneContainer (OzoneContainer.java:startContainerScrub(179)) - Background container scanner has been disabled.
2019-10-06 15:45:28,679 [Datanode State Machine Thread - 0] INFO  ratis.XceiverServerRatis (XceiverServerRatis.java:start(417)) - Starting XceiverServerRatis b6d847a4-7247-447a-b4f4-a3074f294230 at port 0
2019-10-06 15:45:28,684 [Datanode State Machine Thread - 0] INFO  impl.RaftServerProxy (RaftServerProxy.java:lambda$start$3(299)) - b6d847a4-7247-447a-b4f4-a3074f294230: start RPC server
2019-10-06 15:45:28,693 [Datanode State Machine Thread - 0] INFO  server.GrpcService (GrpcService.java:startImpl(158)) - b6d847a4-7247-447a-b4f4-a3074f294230: GrpcService started, listening on 0.0.0.0/0.0.0.0:37755
2019-10-06 15:45:28,693 [Datanode State Machine Thread - 0] INFO  ratis.XceiverServerRatis (XceiverServerRatis.java:start(427)) - XceiverServerRatis b6d847a4-7247-447a-b4f4-a3074f294230 is started using port 37755
2019-10-06 15:45:28,694 [Datanode State Machine Thread - 0] INFO  server.XceiverServerGrpc (XceiverServerGrpc.java:start(149)) - XceiverServerGrpc b6d847a4-7247-447a-b4f4-a3074f294230 is started using port 37064
2019-10-06 15:45:29,654 [main] INFO  ozone.MiniOzoneClusterImpl (MiniOzoneClusterImpl.java:lambda$waitForClusterToBeReady$0(147)) - Waiting for cluster to be ready. Got 0 of 7 DN Heartbeats.
2019-10-06 15:45:30,208 [IPC Server handler 3 on 37259] INFO  net.NetworkTopology (NetworkTopologyImpl.java:add(111)) - Added a new node: /default-rack/090b6ce4-537e-4258-b6c0-061514e97930
2019-10-06 15:45:30,211 [IPC Server handler 3 on 37259] INFO  node.SCMNodeManager (SCMNodeManager.java:register(268)) - Registered Data node : 090b6ce4-537e-4258-b6c0-061514e97930{ip: 192.168.30.23, host: ozone-build-dev-nffdx-465010684, networkLocation: /default-rack, certSerialId: null}
2019-10-06 15:45:30,212 [EventQueue-NodeRegistrationContainerReportForDataNodeSafeModeRule] INFO  safemode.SCMSafeModeManager (DataNodeSafeModeRule.java:process(71)) - SCM in safe mode. 1 DataNodes registered, 1 required.
2019-10-06 15:45:30,215 [EventQueue-NodeRegistrationContainerReportForDataNodeSafeModeRule] INFO  safemode.SCMSafeModeManager (SCMSafeModeManager.java:validateSafeModeExitRules(177)) - ScmSafeModeManager, all rules are successfully validated
2019-10-06 15:45:30,215 [EventQueue-NodeRegistrationContainerReportForDataNodeSafeModeRule] INFO  safemode.SCMSafeModeManager (SCMSafeModeManager.java:exitSafeMode(193)) - SCM exiting safe mode.
2019-10-06 15:45:30,236 [grpc-default-executor-7] INFO  impl.RaftServerProxy (RaftServerProxy.java:addNew(89)) - 090b6ce4-537e-4258-b6c0-061514e97930: addNew group-5A73B10B42EE:[090b6ce4-537e-4258-b6c0-061514e97930:192.168.30.23:38838] returns group-5A73B10B42EE:java.util.concurrent.CompletableFuture@1775b17f[Not completed]
2019-10-06 15:45:30,239 [pool-409-thread-1] INFO  impl.RaftServerImpl (RaftServerImpl.java:<init>(95)) - 090b6ce4-537e-4258-b6c0-061514e97930: new RaftServerImpl for group-5A73B10B42EE:[090b6ce4-537e-4258-b6c0-061514e97930:192.168.30.23:38838] with ContainerStateMachine:uninitialized
2019-10-06 15:45:30,239 [pool-409-thread-1] INFO  server.RaftServerConfigKeys (ConfUtils.java:logGet(43)) - raft.server.rpc.timeout.min = 5s (custom)
2019-10-06 15:45:30,239 [pool-409-thread-1] INFO  server.RaftServerConfigKeys (ConfUtils.java:logGet(43)) - raft.server.rpc.timeout.max = 5200ms (custom)
2019-10-06 15:45:30,239 [pool-409-thread-1] INFO  server.RaftServerConfigKeys (ConfUtils.java:logGet(43)) - raft.server.rpcslowness.timeout = 120s (custom)
2019-10-06 15:45:30,239 [pool-409-thread-1] INFO  server.RaftServerConfigKeys (ConfUtils.java:logGet(43)) - raft.server.sleep.deviation.threshold = 300 (default)
2019-10-06 15:45:30,239 [pool-409-thread-1] INFO  server.RaftServerConfigKeys (ConfUtils.java:logGet(43)) - raft.server.log.appender.install.snapshot.enabled = false (custom)
2019-10-06 15:45:30,239 [pool-409-thread-1] INFO  impl.RaftServerImpl (ServerState.java:<init>(103)) - 090b6ce4-537e-4258-b6c0-061514e97930@group-5A73B10B42EE: ConfigurationManager, init=-1: [090b6ce4-537e-4258-b6c0-061514e97930:192.168.30.23:38838], old=null, confs=<EMPTY_MAP>
2019-10-06 15:45:30,240 [pool-409-thread-1] INFO  server.RaftServerConfigKeys (ConfUtils.java:logGet(43)) - raft.server.storage.dir = [/workdir/hadoop-ozone/integration-test/target/test-dir/MiniOzoneClusterImpl-71e09d98-8980-4f11-ada0-d4d272c3dff4/datanode-0/data/ratis] (custom)
2019-10-06 15:45:30,240 [pool-409-thread-1] INFO  server.RaftServerConfigKeys (ConfUtils.java:logGet(43)) - raft.server.log.corruption.policy = EXCEPTION (default)
2019-10-06 15:45:30,240 [pool-409-thread-1] INFO  storage.RaftStorageDirectory (RaftStorageDirectory.java:analyzeStorage(246)) - The storage directory /workdir/hadoop-ozone/integration-test/target/test-dir/MiniOzoneClusterImpl-71e09d98-8980-4f11-ada0-d4d272c3dff4/datanode-0/data/ratis/e563def0-27a2-4a5c-bd98-5a73b10b42ee does not exist. Creating ...
2019-10-06 15:45:30,253 [pool-409-thread-1] INFO  storage.RaftStorageDirectory (RaftStorageDirectory.java:tryLock(328)) - Lock on /workdir/hadoop-ozone/integration-test/target/test-dir/MiniOzoneClusterImpl-71e09d98-8980-4f11-ada0-d4d272c3dff4/datanode-0/data/ratis/e563def0-27a2-4a5c-bd98-5a73b10b42ee/in_use.lock acquired by nodename 13128@ozone-build-dev-nffdx-465010684
2019-10-06 15:45:30,266 [pool-409-thread-1] INFO  storage.RaftStorage (RaftStorage.java:format(84)) - Storage directory /workdir/hadoop-ozone/integration-test/target/test-dir/MiniOzoneClusterImpl-71e09d98-8980-4f11-ada0-d4d272c3dff4/datanode-0/data/ratis/e563def0-27a2-4a5c-bd98-5a73b10b42ee has been successfully formatted.
2019-10-06 15:45:30,267 [pool-409-thread-1] INFO  ratis.ContainerStateMachine (ContainerStateMachine.java:loadSnapshot(230)) - group-5A73B10B42EE: The snapshot info is null. Setting the last applied indexto:(t:0, i:~)
2019-10-06 15:45:30,267 [pool-409-thread-1] INFO  server.RaftServerConfigKeys (ConfUtils.java:logGet(43)) - raft.server.notification.no-leader.timeout = 120s (custom)
2019-10-06 15:45:30,267 [pool-409-thread-1] INFO  server.RaftServerConfigKeys (ConfUtils.java:logGet(43)) - raft.server.log.use.memory = false (default)
2019-10-06 15:45:30,267 [pool-409-thread-1] INFO  server.RaftServerConfigKeys (ConfUtils.java:logGet(43)) - raft.server.log.purge.gap = 1000000 (custom)
2019-10-06 15:45:30,267 [pool-409-thread-1] INFO  server.RaftServerConfigKeys (ConfUtils.java:logGet(43)) - raft.server.log.appender.buffer.byte-limit = 33554432 (custom)
2019-10-06 15:45:30,267 [pool-409-thread-1] INFO  server.RaftServerConfigKeys (ConfUtils.java:logGet(43)) - raft.server.log.segment.size.max = 1048576 (custom)
2019-10-06 15:45:30,269 [pool-409-thread-1] INFO  server.RaftServerConfigKeys (ConfUtils.java:logGet(43)) - raft.server.log.segment.cache.num.max = 2 (custom)
2019-10-06 15:45:30,270 [pool-409-thread-1] INFO  segmented.SegmentedRaftLogWorker (SegmentedRaftLogWorker.java:<init>(173)) - new 090b6ce4-537e-4258-b6c0-061514e97930@group-5A73B10B42EE-SegmentedRaftLogWorker for RaftStorage:Storage Directory /workdir/hadoop-ozone/integration-test/target/test-dir/MiniOzoneClusterImpl-71e09d98-8980-4f11-ada0-d4d272c3dff4/datanode-0/data/ratis/e563def0-27a2-4a5c-bd98-5a73b10b42ee
2019-10-06 15:45:30,270 [pool-409-thread-1] INFO  server.RaftServerConfigKeys (ConfUtils.java:logGet(43)) - raft.server.log.queue.byte-limit = 2147483647 (custom)
2019-10-06 15:45:30,270 [pool-409-thread-1] INFO  server.RaftServerConfigKeys (ConfUtils.java:logGet(43)) - raft.server.log.queue.element-limit = 1024 (custom)
2019-10-06 15:45:30,270 [pool-409-thread-1] INFO  server.RaftServerConfigKeys (ConfUtils.java:logGet(43)) - raft.server.log.segment.size.max = 1048576 (custom)
2019-10-06 15:45:30,270 [pool-409-thread-1] INFO  server.RaftServerConfigKeys (ConfUtils.java:logGet(43)) - raft.server.log.preallocated.size = 16384 (custom)
2019-10-06 15:45:30,270 [pool-409-thread-1] INFO  server.RaftServerConfigKeys (ConfUtils.java:logGet(43)) - raft.server.log.write.buffer.size = 33554432 (custom)
2019-10-06 15:45:30,271 [pool-409-thread-1] INFO  server.RaftServerConfigKeys (ConfUtils.java:logGet(43)) - raft.server.log.force.sync.num = 128 (default)
2019-10-06 15:45:30,271 [pool-409-thread-1] INFO  server.RaftServerConfigKeys (ConfUtils.java:logGet(43)) - raft.server.log.statemachine.data.sync = true (default)
2019-10-06 15:45:30,271 [pool-409-thread-1] INFO  server.RaftServerConfigKeys (ConfUtils.java:logGet(43)) - raft.server.log.statemachine.data.sync.timeout = 10s (default)
2019-10-06 15:45:30,271 [pool-409-thread-1] INFO  server.RaftServerConfigKeys (ConfUtils.java:logGet(43)) - raft.server.log.statemachine.data.sync.timeout.retry = -1 (default)
2019-10-06 15:45:30,271 [pool-409-thread-1] INFO  server.RaftServerConfigKeys (ConfUtils.java:logGet(43)) - raft.server.log.statemachine.data.caching.enabled = true (custom)
2019-10-06 15:45:30,272 [pool-409-thread-1] INFO  segmented.SegmentedRaftLogWorker (SegmentedRaftLogWorker.java:lambda$new$0(128)) - 090b6ce4-537e-4258-b6c0-061514e97930@group-5A73B10B42EE-SegmentedRaftLogWorker: flushIndex: setUnconditionally 0 -> -1
2019-10-06 15:45:30,272 [pool-409-thread-1] INFO  server.RaftServerConfigKeys (ConfUtils.java:logGet(43)) - raft.server.snapshot.auto.trigger.enabled = true (custom)
2019-10-06 15:45:30,272 [pool-409-thread-1] INFO  server.RaftServerConfigKeys (ConfUtils.java:logGet(43)) - raft.server.snapshot.auto.trigger.threshold = 10000 (custom)
2019-10-06 15:45:30,273 [pool-409-thread-1] INFO  server.RaftServerConfigKeys (ConfUtils.java:logGet(43)) - raft.server.snapshot.retention.file.num = 5 (custom)
2019-10-06 15:45:30,273 [pool-409-thread-1] INFO  server.RaftServerConfigKeys (ConfUtils.java:logGet(43)) - raft.server.retrycache.expirytime = 600000ms (custom)
2019-10-06 15:45:30,275 [pool-409-thread-1] INFO  impl.RaftServerImpl (RaftServerImpl.java:start(181)) - 090b6ce4-537e-4258-b6c0-061514e97930@group-5A73B10B42EE: start as a follower, conf=-1: [090b6ce4-537e-4258-b6c0-061514e97930:192.168.30.23:38838], old=null
2019-10-06 15:45:30,275 [pool-409-thread-1] INFO  impl.RaftServerImpl (RaftServerImpl.java:setRole(170)) - 090b6ce4-537e-4258-b6c0-061514e97930@group-5A73B10B42EE: changes role from      null to FOLLOWER at term 0 for startAsFollower
2019-10-06 15:45:30,275 [pool-409-thread-1] INFO  impl.RoleInfo (RoleInfo.java:updateAndGet(143)) - 090b6ce4-537e-4258-b6c0-061514e97930: start FollowerState
2019-10-06 15:45:30,276 [pool-409-thread-1] INFO  util.JmxRegister (JmxRegister.java:tryRegister(44)) - Successfully registered JMX Bean with object name Ratis:service=RaftServer,group=group-5A73B10B42EE,id=090b6ce4-537e-4258-b6c0-061514e97930
2019-10-06 15:45:30,277 [IPC Server handler 0 on 37259] INFO  net.NetworkTopology (NetworkTopologyImpl.java:add(111)) - Added a new node: /default-rack/ecbb6327-9019-4ac7-95c5-d60822a3bb37
2019-10-06 15:45:30,278 [IPC Server handler 0 on 37259] INFO  node.SCMNodeManager (SCMNodeManager.java:register(268)) - Registered Data node : ecbb6327-9019-4ac7-95c5-d60822a3bb37{ip: 192.168.30.23, host: ozone-build-dev-nffdx-465010684, networkLocation: /default-rack, certSerialId: null}
2019-10-06 15:45:30,282 [RatisPipelineUtilsThread] INFO  pipeline.PipelineStateManager (PipelineStateManager.java:addPipeline(56)) - Created pipeline Pipeline[ Id: e563def0-27a2-4a5c-bd98-5a73b10b42ee, Nodes: 090b6ce4-537e-4258-b6c0-061514e97930{ip: 192.168.30.23, host: ozone-build-dev-nffdx-465010684, networkLocation: /default-rack, certSerialId: null}, Type:RATIS, Factor:ONE, State:OPEN]
2019-10-06 15:45:30,290 [grpc-default-executor-7] INFO  impl.RaftServerProxy (RaftServerProxy.java:addNew(89)) - ecbb6327-9019-4ac7-95c5-d60822a3bb37: addNew group-C413B03ED1AE:[ecbb6327-9019-4ac7-95c5-d60822a3bb37:192.168.30.23:45764] returns group-C413B03ED1AE:java.util.concurrent.CompletableFuture@73e67960[Not completed]
2019-10-06 15:45:30,291 [pool-419-thread-1] INFO  impl.RaftServerImpl (RaftServerImpl.java:<init>(95)) - ecbb6327-9019-4ac7-95c5-d60822a3bb37: new RaftServerImpl for group-C413B03ED1AE:[ecbb6327-9019-4ac7-95c5-d60822a3bb37:192.168.30.23:45764] with ContainerStateMachine:uninitialized
2019-10-06 15:45:30,291 [pool-419-thread-1] INFO  server.RaftServerConfigKeys (ConfUtils.java:logGet(43)) - raft.server.rpc.timeout.min = 5s (custom)
2019-10-06 15:45:30,292 [pool-419-thread-1] INFO  server.RaftServerConfigKeys (ConfUtils.java:logGet(43)) - raft.server.rpc.timeout.max = 5200ms (custom)
2019-10-06 15:45:30,292 [pool-419-thread-1] INFO  server.RaftServerConfigKeys (ConfUtils.java:logGet(43)) - raft.server.rpcslowness.timeout = 120s (custom)
2019-10-06 15:45:30,292 [pool-419-thread-1] INFO  server.RaftServerConfigKeys (ConfUtils.java:logGet(43)) - raft.server.sleep.deviation.threshold = 300 (default)
2019-10-06 15:45:30,292 [pool-419-thread-1] INFO  server.RaftServerConfigKeys (ConfUtils.java:logGet(43)) - raft.server.log.appender.install.snapshot.enabled = false (custom)
2019-10-06 15:45:30,292 [pool-419-thread-1] INFO  impl.RaftServerImpl (ServerState.java:<init>(103)) - ecbb6327-9019-4ac7-95c5-d60822a3bb37@group-C413B03ED1AE: ConfigurationManager, init=-1: [ecbb6327-9019-4ac7-95c5-d60822a3bb37:192.168.30.23:45764], old=null, confs=<EMPTY_MAP>
2019-10-06 15:45:30,292 [pool-419-thread-1] INFO  server.RaftServerConfigKeys (ConfUtils.java:logGet(43)) - raft.server.storage.dir = [/workdir/hadoop-ozone/integration-test/target/test-dir/MiniOzoneClusterImpl-71e09d98-8980-4f11-ada0-d4d272c3dff4/datanode-1/data/ratis] (custom)
2019-10-06 15:45:30,293 [pool-419-thread-1] INFO  server.RaftServerConfigKeys (ConfUtils.java:logGet(43)) - raft.server.log.corruption.policy = EXCEPTION (default)
2019-10-06 15:45:30,293 [pool-419-thread-1] INFO  storage.RaftStorageDirectory (RaftStorageDirectory.java:analyzeStorage(246)) - The storage directory /workdir/hadoop-ozone/integration-test/target/test-dir/MiniOzoneClusterImpl-71e09d98-8980-4f11-ada0-d4d272c3dff4/datanode-1/data/ratis/5ccdc186-1cca-460c-93f1-c413b03ed1ae does not exist. Creating ...
2019-10-06 15:45:30,306 [pool-419-thread-1] INFO  storage.RaftStorageDirectory (RaftStorageDirectory.java:tryLock(328)) - Lock on /workdir/hadoop-ozone/integration-test/target/test-dir/MiniOzoneClusterImpl-71e09d98-8980-4f11-ada0-d4d272c3dff4/datanode-1/data/ratis/5ccdc186-1cca-460c-93f1-c413b03ed1ae/in_use.lock acquired by nodename 13128@ozone-build-dev-nffdx-465010684
2019-10-06 15:45:30,319 [pool-419-thread-1] INFO  storage.RaftStorage (RaftStorage.java:format(84)) - Storage directory /workdir/hadoop-ozone/integration-test/target/test-dir/MiniOzoneClusterImpl-71e09d98-8980-4f11-ada0-d4d272c3dff4/datanode-1/data/ratis/5ccdc186-1cca-460c-93f1-c413b03ed1ae has been successfully formatted.
2019-10-06 15:45:30,319 [pool-419-thread-1] INFO  ratis.ContainerStateMachine (ContainerStateMachine.java:loadSnapshot(230)) - group-C413B03ED1AE: The snapshot info is null. Setting the last applied indexto:(t:0, i:~)
2019-10-06 15:45:30,319 [pool-419-thread-1] INFO  server.RaftServerConfigKeys (ConfUtils.java:logGet(43)) - raft.server.notification.no-leader.timeout = 120s (custom)
2019-10-06 15:45:30,319 [pool-419-thread-1] INFO  server.RaftServerConfigKeys (ConfUtils.java:logGet(43)) - raft.server.log.use.memory = false (default)
2019-10-06 15:45:30,320 [pool-419-thread-1] INFO  server.RaftServerConfigKeys (ConfUtils.java:logGet(43)) - raft.server.log.purge.gap = 1000000 (custom)
2019-10-06 15:45:30,320 [pool-419-thread-1] INFO  server.RaftServerConfigKeys (ConfUtils.java:logGet(43)) - raft.server.log.appender.buffer.byte-limit = 33554432 (custom)
2019-10-06 15:45:30,320 [pool-419-thread-1] INFO  server.RaftServerConfigKeys (ConfUtils.java:logGet(43)) - raft.server.log.segment.size.max = 1048576 (custom)
2019-10-06 15:45:30,322 [pool-419-thread-1] INFO  server.RaftServerConfigKeys (ConfUtils.java:logGet(43)) - raft.server.log.segment.cache.num.max = 2 (custom)
2019-10-06 15:45:30,322 [pool-419-thread-1] INFO  segmented.SegmentedRaftLogWorker (SegmentedRaftLogWorker.java:<init>(173)) - new ecbb6327-9019-4ac7-95c5-d60822a3bb37@group-C413B03ED1AE-SegmentedRaftLogWorker for RaftStorage:Storage Directory /workdir/hadoop-ozone/integration-test/target/test-dir/MiniOzoneClusterImpl-71e09d98-8980-4f11-ada0-d4d272c3dff4/datanode-1/data/ratis/5ccdc186-1cca-460c-93f1-c413b03ed1ae
2019-10-06 15:45:30,322 [pool-419-thread-1] INFO  server.RaftServerConfigKeys (ConfUtils.java:logGet(43)) - raft.server.log.queue.byte-limit = 2147483647 (custom)
2019-10-06 15:45:30,322 [pool-419-thread-1] INFO  server.RaftServerConfigKeys (ConfUtils.java:logGet(43)) - raft.server.log.queue.element-limit = 1024 (custom)
2019-10-06 15:45:30,322 [pool-419-thread-1] INFO  server.RaftServerConfigKeys (ConfUtils.java:logGet(43)) - raft.server.log.segment.size.max = 1048576 (custom)
2019-10-06 15:45:30,322 [pool-419-thread-1] INFO  server.RaftServerConfigKeys (ConfUtils.java:logGet(43)) - raft.server.log.preallocated.size = 16384 (custom)
2019-10-06 15:45:30,323 [pool-419-thread-1] INFO  server.RaftServerConfigKeys (ConfUtils.java:logGet(43)) - raft.server.log.write.buffer.size = 33554432 (custom)
2019-10-06 15:45:30,323 [pool-419-thread-1] INFO  server.RaftServerConfigKeys (ConfUtils.java:logGet(43)) - raft.server.log.force.sync.num = 128 (default)
2019-10-06 15:45:30,323 [pool-419-thread-1] INFO  server.RaftServerConfigKeys (ConfUtils.java:logGet(43)) - raft.server.log.statemachine.data.sync = true (default)
2019-10-06 15:45:30,323 [pool-419-thread-1] INFO  server.RaftServerConfigKeys (ConfUtils.java:logGet(43)) - raft.server.log.statemachine.data.sync.timeout = 10s (default)
2019-10-06 15:45:30,323 [pool-419-thread-1] INFO  server.RaftServerConfigKeys (ConfUtils.java:logGet(43)) - raft.server.log.statemachine.data.sync.timeout.retry = -1 (default)
2019-10-06 15:45:30,324 [pool-419-thread-1] INFO  server.RaftServerConfigKeys (ConfUtils.java:logGet(43)) - raft.server.log.statemachine.data.caching.enabled = true (custom)
2019-10-06 15:45:30,324 [pool-419-thread-1] INFO  segmented.SegmentedRaftLogWorker (SegmentedRaftLogWorker.java:lambda$new$0(128)) - ecbb6327-9019-4ac7-95c5-d60822a3bb37@group-C413B03ED1AE-SegmentedRaftLogWorker: flushIndex: setUnconditionally 0 -> -1
2019-10-06 15:45:30,324 [pool-419-thread-1] INFO  server.RaftServerConfigKeys (ConfUtils.java:logGet(43)) - raft.server.snapshot.auto.trigger.enabled = true (custom)
2019-10-06 15:45:30,324 [pool-419-thread-1] INFO  server.RaftServerConfigKeys (ConfUtils.java:logGet(43)) - raft.server.snapshot.auto.trigger.threshold = 10000 (custom)
2019-10-06 15:45:30,324 [pool-419-thread-1] INFO  server.RaftServerConfigKeys (ConfUtils.java:logGet(43)) - raft.server.snapshot.retention.file.num = 5 (custom)
2019-10-06 15:45:30,325 [pool-419-thread-1] INFO  server.RaftServerConfigKeys (ConfUtils.java:logGet(43)) - raft.server.retrycache.expirytime = 600000ms (custom)
2019-10-06 15:45:30,326 [pool-419-thread-1] INFO  impl.RaftServerImpl (RaftServerImpl.java:start(181)) - ecbb6327-9019-4ac7-95c5-d60822a3bb37@group-C413B03ED1AE: start as a follower, conf=-1: [ecbb6327-9019-4ac7-95c5-d60822a3bb37:192.168.30.23:45764], old=null
2019-10-06 15:45:30,326 [pool-419-thread-1] INFO  impl.RaftServerImpl (RaftServerImpl.java:setRole(170)) - ecbb6327-9019-4ac7-95c5-d60822a3bb37@group-C413B03ED1AE: changes role from      null to FOLLOWER at term 0 for startAsFollower
2019-10-06 15:45:30,326 [pool-419-thread-1] INFO  impl.RoleInfo (RoleInfo.java:updateAndGet(143)) - ecbb6327-9019-4ac7-95c5-d60822a3bb37: start FollowerState
2019-10-06 15:45:30,327 [pool-419-thread-1] INFO  util.JmxRegister (JmxRegister.java:tryRegister(44)) - Successfully registered JMX Bean with object name Ratis:service=RaftServer,group=group-C413B03ED1AE,id=ecbb6327-9019-4ac7-95c5-d60822a3bb37
2019-10-06 15:45:30,331 [RatisPipelineUtilsThread] INFO  pipeline.PipelineStateManager (PipelineStateManager.java:addPipeline(56)) - Created pipeline Pipeline[ Id: 5ccdc186-1cca-460c-93f1-c413b03ed1ae, Nodes: ecbb6327-9019-4ac7-95c5-d60822a3bb37{ip: 192.168.30.23, host: ozone-build-dev-nffdx-465010684, networkLocation: /default-rack, certSerialId: null}, Type:RATIS, Factor:ONE, State:OPEN]
2019-10-06 15:45:30,340 [IPC Server handler 6 on 37259] INFO  net.NetworkTopology (NetworkTopologyImpl.java:add(111)) - Added a new node: /default-rack/9559ebce-e970-4829-920d-71f68b96de83
2019-10-06 15:45:30,350 [IPC Server handler 6 on 37259] INFO  node.SCMNodeManager (SCMNodeManager.java:register(268)) - Registered Data node : 9559ebce-e970-4829-920d-71f68b96de83{ip: 192.168.30.23, host: ozone-build-dev-nffdx-465010684, networkLocation: /default-rack, certSerialId: null}
2019-10-06 15:45:30,357 [grpc-default-executor-7] INFO  impl.RaftServerProxy (RaftServerProxy.java:addNew(89)) - 9559ebce-e970-4829-920d-71f68b96de83: addNew group-1BDA2B68B2D6:[9559ebce-e970-4829-920d-71f68b96de83:192.168.30.23:40236] returns group-1BDA2B68B2D6:java.util.concurrent.CompletableFuture@22af35af[Not completed]
2019-10-06 15:45:30,358 [pool-429-thread-1] INFO  impl.RaftServerImpl (RaftServerImpl.java:<init>(95)) - 9559ebce-e970-4829-920d-71f68b96de83: new RaftServerImpl for group-1BDA2B68B2D6:[9559ebce-e970-4829-920d-71f68b96de83:192.168.30.23:40236] with ContainerStateMachine:uninitialized
2019-10-06 15:45:30,359 [pool-429-thread-1] INFO  server.RaftServerConfigKeys (ConfUtils.java:logGet(43)) - raft.server.rpc.timeout.min = 5s (custom)
2019-10-06 15:45:30,359 [pool-429-thread-1] INFO  server.RaftServerConfigKeys (ConfUtils.java:logGet(43)) - raft.server.rpc.timeout.max = 5200ms (custom)
2019-10-06 15:45:30,359 [pool-429-thread-1] INFO  server.RaftServerConfigKeys (ConfUtils.java:logGet(43)) - raft.server.rpcslowness.timeout = 120s (custom)
2019-10-06 15:45:30,359 [pool-429-thread-1] INFO  server.RaftServerConfigKeys (ConfUtils.java:logGet(43)) - raft.server.sleep.deviation.threshold = 300 (default)
2019-10-06 15:45:30,359 [pool-429-thread-1] INFO  server.RaftServerConfigKeys (ConfUtils.java:logGet(43)) - raft.server.log.appender.install.snapshot.enabled = false (custom)
2019-10-06 15:45:30,359 [pool-429-thread-1] INFO  impl.RaftServerImpl (ServerState.java:<init>(103)) - 9559ebce-e970-4829-920d-71f68b96de83@group-1BDA2B68B2D6: ConfigurationManager, init=-1: [9559ebce-e970-4829-920d-71f68b96de83:192.168.30.23:40236], old=null, confs=<EMPTY_MAP>
2019-10-06 15:45:30,359 [pool-429-thread-1] INFO  server.RaftServerConfigKeys (ConfUtils.java:logGet(43)) - raft.server.storage.dir = [/workdir/hadoop-ozone/integration-test/target/test-dir/MiniOzoneClusterImpl-71e09d98-8980-4f11-ada0-d4d272c3dff4/datanode-2/data/ratis] (custom)
2019-10-06 15:45:30,360 [pool-429-thread-1] INFO  server.RaftServerConfigKeys (ConfUtils.java:logGet(43)) - raft.server.log.corruption.policy = EXCEPTION (default)
2019-10-06 15:45:30,360 [pool-429-thread-1] INFO  storage.RaftStorageDirectory (RaftStorageDirectory.java:analyzeStorage(246)) - The storage directory /workdir/hadoop-ozone/integration-test/target/test-dir/MiniOzoneClusterImpl-71e09d98-8980-4f11-ada0-d4d272c3dff4/datanode-2/data/ratis/a658a5ca-0ed8-4bf8-9bf1-1bda2b68b2d6 does not exist. Creating ...
2019-10-06 15:45:30,372 [pool-429-thread-1] INFO  storage.RaftStorageDirectory (RaftStorageDirectory.java:tryLock(328)) - Lock on /workdir/hadoop-ozone/integration-test/target/test-dir/MiniOzoneClusterImpl-71e09d98-8980-4f11-ada0-d4d272c3dff4/datanode-2/data/ratis/a658a5ca-0ed8-4bf8-9bf1-1bda2b68b2d6/in_use.lock acquired by nodename 13128@ozone-build-dev-nffdx-465010684
2019-10-06 15:45:30,385 [pool-429-thread-1] INFO  storage.RaftStorage (RaftStorage.java:format(84)) - Storage directory /workdir/hadoop-ozone/integration-test/target/test-dir/MiniOzoneClusterImpl-71e09d98-8980-4f11-ada0-d4d272c3dff4/datanode-2/data/ratis/a658a5ca-0ed8-4bf8-9bf1-1bda2b68b2d6 has been successfully formatted.
2019-10-06 15:45:30,386 [pool-429-thread-1] INFO  ratis.ContainerStateMachine (ContainerStateMachine.java:loadSnapshot(230)) - group-1BDA2B68B2D6: The snapshot info is null. Setting the last applied indexto:(t:0, i:~)
2019-10-06 15:45:30,386 [pool-429-thread-1] INFO  server.RaftServerConfigKeys (ConfUtils.java:logGet(43)) - raft.server.notification.no-leader.timeout = 120s (custom)
2019-10-06 15:45:30,386 [pool-429-thread-1] INFO  server.RaftServerConfigKeys (ConfUtils.java:logGet(43)) - raft.server.log.use.memory = false (default)
2019-10-06 15:45:30,386 [pool-429-thread-1] INFO  server.RaftServerConfigKeys (ConfUtils.java:logGet(43)) - raft.server.log.purge.gap = 1000000 (custom)
2019-10-06 15:45:30,386 [pool-429-thread-1] INFO  server.RaftServerConfigKeys (ConfUtils.java:logGet(43)) - raft.server.log.appender.buffer.byte-limit = 33554432 (custom)
2019-10-06 15:45:30,386 [pool-429-thread-1] INFO  server.RaftServerConfigKeys (ConfUtils.java:logGet(43)) - raft.server.log.segment.size.max = 1048576 (custom)
2019-10-06 15:45:30,388 [pool-429-thread-1] INFO  server.RaftServerConfigKeys (ConfUtils.java:logGet(43)) - raft.server.log.segment.cache.num.max = 2 (custom)
2019-10-06 15:45:30,388 [pool-429-thread-1] INFO  segmented.SegmentedRaftLogWorker (SegmentedRaftLogWorker.java:<init>(173)) - new 9559ebce-e970-4829-920d-71f68b96de83@group-1BDA2B68B2D6-SegmentedRaftLogWorker for RaftStorage:Storage Directory /workdir/hadoop-ozone/integration-test/target/test-dir/MiniOzoneClusterImpl-71e09d98-8980-4f11-ada0-d4d272c3dff4/datanode-2/data/ratis/a658a5ca-0ed8-4bf8-9bf1-1bda2b68b2d6
2019-10-06 15:45:30,388 [pool-429-thread-1] INFO  server.RaftServerConfigKeys (ConfUtils.java:logGet(43)) - raft.server.log.queue.byte-limit = 2147483647 (custom)
2019-10-06 15:45:30,388 [pool-429-thread-1] INFO  server.RaftServerConfigKeys (ConfUtils.java:logGet(43)) - raft.server.log.queue.element-limit = 1024 (custom)
2019-10-06 15:45:30,388 [pool-429-thread-1] INFO  server.RaftServerConfigKeys (ConfUtils.java:logGet(43)) - raft.server.log.segment.size.max = 1048576 (custom)
2019-10-06 15:45:30,389 [pool-429-thread-1] INFO  server.RaftServerConfigKeys (ConfUtils.java:logGet(43)) - raft.server.log.preallocated.size = 16384 (custom)
2019-10-06 15:45:30,389 [pool-429-thread-1] INFO  server.RaftServerConfigKeys (ConfUtils.java:logGet(43)) - raft.server.log.write.buffer.size = 33554432 (custom)
2019-10-06 15:45:30,389 [pool-429-thread-1] INFO  server.RaftServerConfigKeys (ConfUtils.java:logGet(43)) - raft.server.log.force.sync.num = 128 (default)
2019-10-06 15:45:30,389 [pool-429-thread-1] INFO  server.RaftServerConfigKeys (ConfUtils.java:logGet(43)) - raft.server.log.statemachine.data.sync = true (default)
2019-10-06 15:45:30,389 [pool-429-thread-1] INFO  server.RaftServerConfigKeys (ConfUtils.java:logGet(43)) - raft.server.log.statemachine.data.sync.timeout = 10s (default)
2019-10-06 15:45:30,389 [pool-429-thread-1] INFO  server.RaftServerConfigKeys (ConfUtils.java:logGet(43)) - raft.server.log.statemachine.data.sync.timeout.retry = -1 (default)
2019-10-06 15:45:30,389 [pool-429-thread-1] INFO  server.RaftServerConfigKeys (ConfUtils.java:logGet(43)) - raft.server.log.statemachine.data.caching.enabled = true (custom)
2019-10-06 15:45:30,390 [pool-429-thread-1] INFO  segmented.SegmentedRaftLogWorker (SegmentedRaftLogWorker.java:lambda$new$0(128)) - 9559ebce-e970-4829-920d-71f68b96de83@group-1BDA2B68B2D6-SegmentedRaftLogWorker: flushIndex: setUnconditionally 0 -> -1
2019-10-06 15:45:30,390 [pool-429-thread-1] INFO  server.RaftServerConfigKeys (ConfUtils.java:logGet(43)) - raft.server.snapshot.auto.trigger.enabled = true (custom)
2019-10-06 15:45:30,390 [pool-429-thread-1] INFO  server.RaftServerConfigKeys (ConfUtils.java:logGet(43)) - raft.server.snapshot.auto.trigger.threshold = 10000 (custom)
2019-10-06 15:45:30,390 [pool-429-thread-1] INFO  server.RaftServerConfigKeys (ConfUtils.java:logGet(43)) - raft.server.snapshot.retention.file.num = 5 (custom)
2019-10-06 15:45:30,390 [pool-429-thread-1] INFO  server.RaftServerConfigKeys (ConfUtils.java:logGet(43)) - raft.server.retrycache.expirytime = 600000ms (custom)
2019-10-06 15:45:30,392 [pool-429-thread-1] INFO  impl.RaftServerImpl (RaftServerImpl.java:start(181)) - 9559ebce-e970-4829-920d-71f68b96de83@group-1BDA2B68B2D6: start as a follower, conf=-1: [9559ebce-e970-4829-920d-71f68b96de83:192.168.30.23:40236], old=null
2019-10-06 15:45:30,392 [pool-429-thread-1] INFO  impl.RaftServerImpl (RaftServerImpl.java:setRole(170)) - 9559ebce-e970-4829-920d-71f68b96de83@group-1BDA2B68B2D6: changes role from      null to FOLLOWER at term 0 for startAsFollower
2019-10-06 15:45:30,392 [pool-429-thread-1] INFO  impl.RoleInfo (RoleInfo.java:updateAndGet(143)) - 9559ebce-e970-4829-920d-71f68b96de83: start FollowerState
2019-10-06 15:45:30,393 [pool-429-thread-1] INFO  util.JmxRegister (JmxRegister.java:tryRegister(44)) - Successfully registered JMX Bean with object name Ratis:service=RaftServer,group=group-1BDA2B68B2D6,id=9559ebce-e970-4829-920d-71f68b96de83
2019-10-06 15:45:30,396 [RatisPipelineUtilsThread] INFO  pipeline.PipelineStateManager (PipelineStateManager.java:addPipeline(56)) - Created pipeline Pipeline[ Id: a658a5ca-0ed8-4bf8-9bf1-1bda2b68b2d6, Nodes: 9559ebce-e970-4829-920d-71f68b96de83{ip: 192.168.30.23, host: ozone-build-dev-nffdx-465010684, networkLocation: /default-rack, certSerialId: null}, Type:RATIS, Factor:ONE, State:OPEN]
2019-10-06 15:45:30,407 [IPC Server handler 9 on 37259] INFO  net.NetworkTopology (NetworkTopologyImpl.java:add(111)) - Added a new node: /default-rack/56c5c699-cd8e-4783-81cf-b77b98cbb0bb
2019-10-06 15:45:30,407 [IPC Server handler 9 on 37259] INFO  node.SCMNodeManager (SCMNodeManager.java:register(268)) - Registered Data node : 56c5c699-cd8e-4783-81cf-b77b98cbb0bb{ip: 192.168.30.23, host: ozone-build-dev-nffdx-465010684, networkLocation: /default-rack, certSerialId: null}
2019-10-06 15:45:30,407 [grpc-default-executor-6] INFO  impl.RaftServerProxy (RaftServerProxy.java:addNew(89)) - 9559ebce-e970-4829-920d-71f68b96de83: addNew group-DE5693E2D11C:[9559ebce-e970-4829-920d-71f68b96de83:192.168.30.23:40236, 090b6ce4-537e-4258-b6c0-061514e97930:192.168.30.23:38838, ecbb6327-9019-4ac7-95c5-d60822a3bb37:192.168.30.23:45764] returns group-DE5693E2D11C:java.util.concurrent.CompletableFuture@126bc0b2[Not completed]
2019-10-06 15:45:30,407 [grpc-default-executor-7] INFO  impl.RaftServerProxy (RaftServerProxy.java:addNew(89)) - 090b6ce4-537e-4258-b6c0-061514e97930: addNew group-DE5693E2D11C:[9559ebce-e970-4829-920d-71f68b96de83:192.168.30.23:40236, 090b6ce4-537e-4258-b6c0-061514e97930:192.168.30.23:38838, ecbb6327-9019-4ac7-95c5-d60822a3bb37:192.168.30.23:45764] returns group-DE5693E2D11C:java.util.concurrent.CompletableFuture@601ee970[Not completed]
2019-10-06 15:45:30,407 [grpc-default-executor-4] INFO  impl.RaftServerProxy (RaftServerProxy.java:addNew(89)) - ecbb6327-9019-4ac7-95c5-d60822a3bb37: addNew group-DE5693E2D11C:[9559ebce-e970-4829-920d-71f68b96de83:192.168.30.23:40236, 090b6ce4-537e-4258-b6c0-061514e97930:192.168.30.23:38838, ecbb6327-9019-4ac7-95c5-d60822a3bb37:192.168.30.23:45764] returns group-DE5693E2D11C:java.util.concurrent.CompletableFuture@11688714[Not completed]
2019-10-06 15:45:30,409 [pool-429-thread-1] INFO  impl.RaftServerImpl (RaftServerImpl.java:<init>(95)) - 9559ebce-e970-4829-920d-71f68b96de83: new RaftServerImpl for group-DE5693E2D11C:[9559ebce-e970-4829-920d-71f68b96de83:192.168.30.23:40236, 090b6ce4-537e-4258-b6c0-061514e97930:192.168.30.23:38838, ecbb6327-9019-4ac7-95c5-d60822a3bb37:192.168.30.23:45764] with ContainerStateMachine:uninitialized
2019-10-06 15:45:30,409 [pool-429-thread-1] INFO  server.RaftServerConfigKeys (ConfUtils.java:logGet(43)) - raft.server.rpc.timeout.min = 5s (custom)
2019-10-06 15:45:30,409 [pool-429-thread-1] INFO  server.RaftServerConfigKeys (ConfUtils.java:logGet(43)) - raft.server.rpc.timeout.max = 5200ms (custom)
2019-10-06 15:45:30,409 [pool-429-thread-1] INFO  server.RaftServerConfigKeys (ConfUtils.java:logGet(43)) - raft.server.rpcslowness.timeout = 120s (custom)
2019-10-06 15:45:30,409 [pool-429-thread-1] INFO  server.RaftServerConfigKeys (ConfUtils.java:logGet(43)) - raft.server.sleep.deviation.threshold = 300 (default)
2019-10-06 15:45:30,409 [pool-429-thread-1] INFO  server.RaftServerConfigKeys (ConfUtils.java:logGet(43)) - raft.server.log.appender.install.snapshot.enabled = false (custom)
2019-10-06 15:45:30,409 [pool-429-thread-1] INFO  impl.RaftServerImpl (ServerState.java:<init>(103)) - 9559ebce-e970-4829-920d-71f68b96de83@group-DE5693E2D11C: ConfigurationManager, init=-1: [9559ebce-e970-4829-920d-71f68b96de83:192.168.30.23:40236, 090b6ce4-537e-4258-b6c0-061514e97930:192.168.30.23:38838, ecbb6327-9019-4ac7-95c5-d60822a3bb37:192.168.30.23:45764], old=null, confs=<EMPTY_MAP>
2019-10-06 15:45:30,410 [pool-429-thread-1] INFO  server.RaftServerConfigKeys (ConfUtils.java:logGet(43)) - raft.server.storage.dir = [/workdir/hadoop-ozone/integration-test/target/test-dir/MiniOzoneClusterImpl-71e09d98-8980-4f11-ada0-d4d272c3dff4/datanode-2/data/ratis] (custom)
2019-10-06 15:45:30,410 [pool-419-thread-1] INFO  impl.RaftServerImpl (RaftServerImpl.java:<init>(95)) - ecbb6327-9019-4ac7-95c5-d60822a3bb37: new RaftServerImpl for group-DE5693E2D11C:[9559ebce-e970-4829-920d-71f68b96de83:192.168.30.23:40236, 090b6ce4-537e-4258-b6c0-061514e97930:192.168.30.23:38838, ecbb6327-9019-4ac7-95c5-d60822a3bb37:192.168.30.23:45764] with ContainerStateMachine:uninitialized
2019-10-06 15:45:30,410 [pool-429-thread-1] INFO  server.RaftServerConfigKeys (ConfUtils.java:logGet(43)) - raft.server.log.corruption.policy = EXCEPTION (default)
2019-10-06 15:45:30,410 [pool-419-thread-1] INFO  server.RaftServerConfigKeys (ConfUtils.java:logGet(43)) - raft.server.rpc.timeout.min = 5s (custom)
2019-10-06 15:45:30,410 [pool-429-thread-1] INFO  storage.RaftStorageDirectory (RaftStorageDirectory.java:analyzeStorage(246)) - The storage directory /workdir/hadoop-ozone/integration-test/target/test-dir/MiniOzoneClusterImpl-71e09d98-8980-4f11-ada0-d4d272c3dff4/datanode-2/data/ratis/88f42939-3d1d-466e-9cfe-de5693e2d11c does not exist. Creating ...
2019-10-06 15:45:30,410 [pool-419-thread-1] INFO  server.RaftServerConfigKeys (ConfUtils.java:logGet(43)) - raft.server.rpc.timeout.max = 5200ms (custom)
2019-10-06 15:45:30,410 [pool-409-thread-1] INFO  impl.RaftServerImpl (RaftServerImpl.java:<init>(95)) - 090b6ce4-537e-4258-b6c0-061514e97930: new RaftServerImpl for group-DE5693E2D11C:[9559ebce-e970-4829-920d-71f68b96de83:192.168.30.23:40236, 090b6ce4-537e-4258-b6c0-061514e97930:192.168.30.23:38838, ecbb6327-9019-4ac7-95c5-d60822a3bb37:192.168.30.23:45764] with ContainerStateMachine:uninitialized
2019-10-06 15:45:30,411 [pool-419-thread-1] INFO  server.RaftServerConfigKeys (ConfUtils.java:logGet(43)) - raft.server.rpcslowness.timeout = 120s (custom)
2019-10-06 15:45:30,411 [pool-409-thread-1] INFO  server.RaftServerConfigKeys (ConfUtils.java:logGet(43)) - raft.server.rpc.timeout.min = 5s (custom)
2019-10-06 15:45:30,411 [pool-419-thread-1] INFO  server.RaftServerConfigKeys (ConfUtils.java:logGet(43)) - raft.server.sleep.deviation.threshold = 300 (default)
2019-10-06 15:45:30,411 [pool-409-thread-1] INFO  server.RaftServerConfigKeys (ConfUtils.java:logGet(43)) - raft.server.rpc.timeout.max = 5200ms (custom)
2019-10-06 15:45:30,411 [pool-419-thread-1] INFO  server.RaftServerConfigKeys (ConfUtils.java:logGet(43)) - raft.server.log.appender.install.snapshot.enabled = false (custom)
2019-10-06 15:45:30,411 [pool-409-thread-1] INFO  server.RaftServerConfigKeys (ConfUtils.java:logGet(43)) - raft.server.rpcslowness.timeout = 120s (custom)
2019-10-06 15:45:30,411 [pool-419-thread-1] INFO  impl.RaftServerImpl (ServerState.java:<init>(103)) - ecbb6327-9019-4ac7-95c5-d60822a3bb37@group-DE5693E2D11C: ConfigurationManager, init=-1: [9559ebce-e970-4829-920d-71f68b96de83:192.168.30.23:40236, 090b6ce4-537e-4258-b6c0-061514e97930:192.168.30.23:38838, ecbb6327-9019-4ac7-95c5-d60822a3bb37:192.168.30.23:45764], old=null, confs=<EMPTY_MAP>
2019-10-06 15:45:30,411 [pool-409-thread-1] INFO  server.RaftServerConfigKeys (ConfUtils.java:logGet(43)) - raft.server.sleep.deviation.threshold = 300 (default)
2019-10-06 15:45:30,412 [pool-419-thread-1] INFO  server.RaftServerConfigKeys (ConfUtils.java:logGet(43)) - raft.server.storage.dir = [/workdir/hadoop-ozone/integration-test/target/test-dir/MiniOzoneClusterImpl-71e09d98-8980-4f11-ada0-d4d272c3dff4/datanode-1/data/ratis] (custom)
2019-10-06 15:45:30,412 [pool-409-thread-1] INFO  server.RaftServerConfigKeys (ConfUtils.java:logGet(43)) - raft.server.log.appender.install.snapshot.enabled = false (custom)
2019-10-06 15:45:30,412 [pool-409-thread-1] INFO  impl.RaftServerImpl (ServerState.java:<init>(103)) - 090b6ce4-537e-4258-b6c0-061514e97930@group-DE5693E2D11C: ConfigurationManager, init=-1: [9559ebce-e970-4829-920d-71f68b96de83:192.168.30.23:40236, 090b6ce4-537e-4258-b6c0-061514e97930:192.168.30.23:38838, ecbb6327-9019-4ac7-95c5-d60822a3bb37:192.168.30.23:45764], old=null, confs=<EMPTY_MAP>
2019-10-06 15:45:30,412 [pool-419-thread-1] INFO  server.RaftServerConfigKeys (ConfUtils.java:logGet(43)) - raft.server.log.corruption.policy = EXCEPTION (default)
2019-10-06 15:45:30,412 [pool-409-thread-1] INFO  server.RaftServerConfigKeys (ConfUtils.java:logGet(43)) - raft.server.storage.dir = [/workdir/hadoop-ozone/integration-test/target/test-dir/MiniOzoneClusterImpl-71e09d98-8980-4f11-ada0-d4d272c3dff4/datanode-0/data/ratis] (custom)
2019-10-06 15:45:30,412 [pool-419-thread-1] INFO  storage.RaftStorageDirectory (RaftStorageDirectory.java:analyzeStorage(246)) - The storage directory /workdir/hadoop-ozone/integration-test/target/test-dir/MiniOzoneClusterImpl-71e09d98-8980-4f11-ada0-d4d272c3dff4/datanode-1/data/ratis/88f42939-3d1d-466e-9cfe-de5693e2d11c does not exist. Creating ...
2019-10-06 15:45:30,412 [pool-409-thread-1] INFO  server.RaftServerConfigKeys (ConfUtils.java:logGet(43)) - raft.server.log.corruption.policy = EXCEPTION (default)
2019-10-06 15:45:30,413 [pool-409-thread-1] INFO  storage.RaftStorageDirectory (RaftStorageDirectory.java:analyzeStorage(246)) - The storage directory /workdir/hadoop-ozone/integration-test/target/test-dir/MiniOzoneClusterImpl-71e09d98-8980-4f11-ada0-d4d272c3dff4/datanode-0/data/ratis/88f42939-3d1d-466e-9cfe-de5693e2d11c does not exist. Creating ...
2019-10-06 15:45:30,424 [pool-429-thread-1] INFO  storage.RaftStorageDirectory (RaftStorageDirectory.java:tryLock(328)) - Lock on /workdir/hadoop-ozone/integration-test/target/test-dir/MiniOzoneClusterImpl-71e09d98-8980-4f11-ada0-d4d272c3dff4/datanode-2/data/ratis/88f42939-3d1d-466e-9cfe-de5693e2d11c/in_use.lock acquired by nodename 13128@ozone-build-dev-nffdx-465010684
2019-10-06 15:45:30,424 [pool-419-thread-1] INFO  storage.RaftStorageDirectory (RaftStorageDirectory.java:tryLock(328)) - Lock on /workdir/hadoop-ozone/integration-test/target/test-dir/MiniOzoneClusterImpl-71e09d98-8980-4f11-ada0-d4d272c3dff4/datanode-1/data/ratis/88f42939-3d1d-466e-9cfe-de5693e2d11c/in_use.lock acquired by nodename 13128@ozone-build-dev-nffdx-465010684
2019-10-06 15:45:30,424 [pool-409-thread-1] INFO  storage.RaftStorageDirectory (RaftStorageDirectory.java:tryLock(328)) - Lock on /workdir/hadoop-ozone/integration-test/target/test-dir/MiniOzoneClusterImpl-71e09d98-8980-4f11-ada0-d4d272c3dff4/datanode-0/data/ratis/88f42939-3d1d-466e-9cfe-de5693e2d11c/in_use.lock acquired by nodename 13128@ozone-build-dev-nffdx-465010684
2019-10-06 15:45:30,437 [pool-429-thread-1] INFO  storage.RaftStorage (RaftStorage.java:format(84)) - Storage directory /workdir/hadoop-ozone/integration-test/target/test-dir/MiniOzoneClusterImpl-71e09d98-8980-4f11-ada0-d4d272c3dff4/datanode-2/data/ratis/88f42939-3d1d-466e-9cfe-de5693e2d11c has been successfully formatted.
2019-10-06 15:45:30,437 [pool-419-thread-1] INFO  storage.RaftStorage (RaftStorage.java:format(84)) - Storage directory /workdir/hadoop-ozone/integration-test/target/test-dir/MiniOzoneClusterImpl-71e09d98-8980-4f11-ada0-d4d272c3dff4/datanode-1/data/ratis/88f42939-3d1d-466e-9cfe-de5693e2d11c has been successfully formatted.
2019-10-06 15:45:30,437 [pool-409-thread-1] INFO  storage.RaftStorage (RaftStorage.java:format(84)) - Storage directory /workdir/hadoop-ozone/integration-test/target/test-dir/MiniOzoneClusterImpl-71e09d98-8980-4f11-ada0-d4d272c3dff4/datanode-0/data/ratis/88f42939-3d1d-466e-9cfe-de5693e2d11c has been successfully formatted.
2019-10-06 15:45:30,438 [pool-429-thread-1] INFO  ratis.ContainerStateMachine (ContainerStateMachine.java:loadSnapshot(230)) - group-DE5693E2D11C: The snapshot info is null. Setting the last applied indexto:(t:0, i:~)
2019-10-06 15:45:30,438 [pool-409-thread-1] INFO  ratis.ContainerStateMachine (ContainerStateMachine.java:loadSnapshot(230)) - group-DE5693E2D11C: The snapshot info is null. Setting the last applied indexto:(t:0, i:~)
2019-10-06 15:45:30,438 [pool-419-thread-1] INFO  ratis.ContainerStateMachine (ContainerStateMachine.java:loadSnapshot(230)) - group-DE5693E2D11C: The snapshot info is null. Setting the last applied indexto:(t:0, i:~)
2019-10-06 15:45:30,438 [pool-409-thread-1] INFO  server.RaftServerConfigKeys (ConfUtils.java:logGet(43)) - raft.server.notification.no-leader.timeout = 120s (custom)
2019-10-06 15:45:30,438 [pool-429-thread-1] INFO  server.RaftServerConfigKeys (ConfUtils.java:logGet(43)) - raft.server.notification.no-leader.timeout = 120s (custom)
2019-10-06 15:45:30,438 [pool-409-thread-1] INFO  server.RaftServerConfigKeys (ConfUtils.java:logGet(43)) - raft.server.log.use.memory = false (default)
2019-10-06 15:45:30,438 [pool-419-thread-1] INFO  server.RaftServerConfigKeys (ConfUtils.java:logGet(43)) - raft.server.notification.no-leader.timeout = 120s (custom)
2019-10-06 15:45:30,438 [pool-409-thread-1] INFO  server.RaftServerConfigKeys (ConfUtils.java:logGet(43)) - raft.server.log.purge.gap = 1000000 (custom)
2019-10-06 15:45:30,438 [pool-429-thread-1] INFO  server.RaftServerConfigKeys (ConfUtils.java:logGet(43)) - raft.server.log.use.memory = false (default)
2019-10-06 15:45:30,439 [pool-409-thread-1] INFO  server.RaftServerConfigKeys (ConfUtils.java:logGet(43)) - raft.server.log.appender.buffer.byte-limit = 33554432 (custom)
2019-10-06 15:45:30,439 [pool-419-thread-1] INFO  server.RaftServerConfigKeys (ConfUtils.java:logGet(43)) - raft.server.log.use.memory = false (default)
2019-10-06 15:45:30,439 [pool-409-thread-1] INFO  server.RaftServerConfigKeys (ConfUtils.java:logGet(43)) - raft.server.log.segment.size.max = 1048576 (custom)
2019-10-06 15:45:30,439 [pool-429-thread-1] INFO  server.RaftServerConfigKeys (ConfUtils.java:logGet(43)) - raft.server.log.purge.gap = 1000000 (custom)
2019-10-06 15:45:30,439 [pool-409-thread-1] INFO  server.RaftServerConfigKeys (ConfUtils.java:logGet(43)) - raft.server.log.segment.cache.num.max = 2 (custom)
2019-10-06 15:45:30,439 [pool-419-thread-1] INFO  server.RaftServerConfigKeys (ConfUtils.java:logGet(43)) - raft.server.log.purge.gap = 1000000 (custom)
2019-10-06 15:45:30,439 [pool-409-thread-1] INFO  segmented.SegmentedRaftLogWorker (SegmentedRaftLogWorker.java:<init>(173)) - new 090b6ce4-537e-4258-b6c0-061514e97930@group-DE5693E2D11C-SegmentedRaftLogWorker for RaftStorage:Storage Directory /workdir/hadoop-ozone/integration-test/target/test-dir/MiniOzoneClusterImpl-71e09d98-8980-4f11-ada0-d4d272c3dff4/datanode-0/data/ratis/88f42939-3d1d-466e-9cfe-de5693e2d11c
2019-10-06 15:45:30,439 [pool-429-thread-1] INFO  server.RaftServerConfigKeys (ConfUtils.java:logGet(43)) - raft.server.log.appender.buffer.byte-limit = 33554432 (custom)
2019-10-06 15:45:30,440 [pool-409-thread-1] INFO  server.RaftServerConfigKeys (ConfUtils.java:logGet(43)) - raft.server.log.queue.byte-limit = 2147483647 (custom)
2019-10-06 15:45:30,439 [pool-419-thread-1] INFO  server.RaftServerConfigKeys (ConfUtils.java:logGet(43)) - raft.server.log.appender.buffer.byte-limit = 33554432 (custom)
2019-10-06 15:45:30,440 [pool-409-thread-1] INFO  server.RaftServerConfigKeys (ConfUtils.java:logGet(43)) - raft.server.log.queue.element-limit = 1024 (custom)
2019-10-06 15:45:30,440 [pool-429-thread-1] INFO  server.RaftServerConfigKeys (ConfUtils.java:logGet(43)) - raft.server.log.segment.size.max = 1048576 (custom)
2019-10-06 15:45:30,440 [pool-409-thread-1] INFO  server.RaftServerConfigKeys (ConfUtils.java:logGet(43)) - raft.server.log.segment.size.max = 1048576 (custom)
2019-10-06 15:45:30,440 [pool-419-thread-1] INFO  server.RaftServerConfigKeys (ConfUtils.java:logGet(43)) - raft.server.log.segment.size.max = 1048576 (custom)
2019-10-06 15:45:30,440 [pool-409-thread-1] INFO  server.RaftServerConfigKeys (ConfUtils.java:logGet(43)) - raft.server.log.preallocated.size = 16384 (custom)
2019-10-06 15:45:30,440 [pool-429-thread-1] INFO  server.RaftServerConfigKeys (ConfUtils.java:logGet(43)) - raft.server.log.segment.cache.num.max = 2 (custom)
2019-10-06 15:45:30,440 [pool-409-thread-1] INFO  server.RaftServerConfigKeys (ConfUtils.java:logGet(43)) - raft.server.log.write.buffer.size = 33554432 (custom)
2019-10-06 15:45:30,440 [pool-419-thread-1] INFO  server.RaftServerConfigKeys (ConfUtils.java:logGet(43)) - raft.server.log.segment.cache.num.max = 2 (custom)
2019-10-06 15:45:30,441 [pool-409-thread-1] INFO  server.RaftServerConfigKeys (ConfUtils.java:logGet(43)) - raft.server.log.force.sync.num = 128 (default)
2019-10-06 15:45:30,441 [pool-429-thread-1] INFO  segmented.SegmentedRaftLogWorker (SegmentedRaftLogWorker.java:<init>(173)) - new 9559ebce-e970-4829-920d-71f68b96de83@group-DE5693E2D11C-SegmentedRaftLogWorker for RaftStorage:Storage Directory /workdir/hadoop-ozone/integration-test/target/test-dir/MiniOzoneClusterImpl-71e09d98-8980-4f11-ada0-d4d272c3dff4/datanode-2/data/ratis/88f42939-3d1d-466e-9cfe-de5693e2d11c
2019-10-06 15:45:30,441 [pool-409-thread-1] INFO  server.RaftServerConfigKeys (ConfUtils.java:logGet(43)) - raft.server.log.statemachine.data.sync = true (default)
2019-10-06 15:45:30,441 [pool-419-thread-1] INFO  segmented.SegmentedRaftLogWorker (SegmentedRaftLogWorker.java:<init>(173)) - new ecbb6327-9019-4ac7-95c5-d60822a3bb37@group-DE5693E2D11C-SegmentedRaftLogWorker for RaftStorage:Storage Directory /workdir/hadoop-ozone/integration-test/target/test-dir/MiniOzoneClusterImpl-71e09d98-8980-4f11-ada0-d4d272c3dff4/datanode-1/data/ratis/88f42939-3d1d-466e-9cfe-de5693e2d11c
2019-10-06 15:45:30,441 [pool-409-thread-1] INFO  server.RaftServerConfigKeys (ConfUtils.java:logGet(43)) - raft.server.log.statemachine.data.sync.timeout = 10s (default)
2019-10-06 15:45:30,441 [pool-429-thread-1] INFO  server.RaftServerConfigKeys (ConfUtils.java:logGet(43)) - raft.server.log.queue.byte-limit = 2147483647 (custom)
2019-10-06 15:45:30,442 [pool-429-thread-1] INFO  server.RaftServerConfigKeys (ConfUtils.java:logGet(43)) - raft.server.log.queue.element-limit = 1024 (custom)
2019-10-06 15:45:30,441 [pool-409-thread-1] INFO  server.RaftServerConfigKeys (ConfUtils.java:logGet(43)) - raft.server.log.statemachine.data.sync.timeout.retry = -1 (default)
2019-10-06 15:45:30,441 [pool-419-thread-1] INFO  server.RaftServerConfigKeys (ConfUtils.java:logGet(43)) - raft.server.log.queue.byte-limit = 2147483647 (custom)
2019-10-06 15:45:30,442 [pool-409-thread-1] INFO  server.RaftServerConfigKeys (ConfUtils.java:logGet(43)) - raft.server.log.statemachine.data.caching.enabled = true (custom)
2019-10-06 15:45:30,442 [pool-429-thread-1] INFO  server.RaftServerConfigKeys (ConfUtils.java:logGet(43)) - raft.server.log.segment.size.max = 1048576 (custom)
2019-10-06 15:45:30,442 [pool-419-thread-1] INFO  server.RaftServerConfigKeys (ConfUtils.java:logGet(43)) - raft.server.log.queue.element-limit = 1024 (custom)
2019-10-06 15:45:30,442 [pool-409-thread-1] INFO  segmented.SegmentedRaftLogWorker (SegmentedRaftLogWorker.java:lambda$new$0(128)) - 090b6ce4-537e-4258-b6c0-061514e97930@group-DE5693E2D11C-SegmentedRaftLogWorker: flushIndex: setUnconditionally 0 -> -1
2019-10-06 15:45:30,442 [pool-429-thread-1] INFO  server.RaftServerConfigKeys (ConfUtils.java:logGet(43)) - raft.server.log.preallocated.size = 16384 (custom)
2019-10-06 15:45:30,443 [pool-409-thread-1] INFO  server.RaftServerConfigKeys (ConfUtils.java:logGet(43)) - raft.server.snapshot.auto.trigger.enabled = true (custom)
2019-10-06 15:45:30,443 [pool-409-thread-1] INFO  server.RaftServerConfigKeys (ConfUtils.java:logGet(43)) - raft.server.snapshot.auto.trigger.threshold = 10000 (custom)
2019-10-06 15:45:30,442 [pool-419-thread-1] INFO  server.RaftServerConfigKeys (ConfUtils.java:logGet(43)) - raft.server.log.segment.size.max = 1048576 (custom)
2019-10-06 15:45:30,443 [pool-409-thread-1] INFO  server.RaftServerConfigKeys (ConfUtils.java:logGet(43)) - raft.server.snapshot.retention.file.num = 5 (custom)
2019-10-06 15:45:30,443 [pool-429-thread-1] INFO  server.RaftServerConfigKeys (ConfUtils.java:logGet(43)) - raft.server.log.write.buffer.size = 33554432 (custom)
2019-10-06 15:45:30,444 [pool-409-thread-1] INFO  server.RaftServerConfigKeys (ConfUtils.java:logGet(43)) - raft.server.retrycache.expirytime = 600000ms (custom)
2019-10-06 15:45:30,443 [pool-419-thread-1] INFO  server.RaftServerConfigKeys (ConfUtils.java:logGet(43)) - raft.server.log.preallocated.size = 16384 (custom)
2019-10-06 15:45:30,444 [pool-429-thread-1] INFO  server.RaftServerConfigKeys (ConfUtils.java:logGet(43)) - raft.server.log.force.sync.num = 128 (default)
2019-10-06 15:45:30,444 [pool-419-thread-1] INFO  server.RaftServerConfigKeys (ConfUtils.java:logGet(43)) - raft.server.log.write.buffer.size = 33554432 (custom)
2019-10-06 15:45:30,444 [pool-429-thread-1] INFO  server.RaftServerConfigKeys (ConfUtils.java:logGet(43)) - raft.server.log.statemachine.data.sync = true (default)
2019-10-06 15:45:30,444 [pool-419-thread-1] INFO  server.RaftServerConfigKeys (ConfUtils.java:logGet(43)) - raft.server.log.force.sync.num = 128 (default)
2019-10-06 15:45:30,444 [pool-429-thread-1] INFO  server.RaftServerConfigKeys (ConfUtils.java:logGet(43)) - raft.server.log.statemachine.data.sync.timeout = 10s (default)
2019-10-06 15:45:30,444 [pool-419-thread-1] INFO  server.RaftServerConfigKeys (ConfUtils.java:logGet(43)) - raft.server.log.statemachine.data.sync = true (default)
2019-10-06 15:45:30,445 [pool-429-thread-1] INFO  server.RaftServerConfigKeys (ConfUtils.java:logGet(43)) - raft.server.log.statemachine.data.sync.timeout.retry = -1 (default)
2019-10-06 15:45:30,445 [pool-419-thread-1] INFO  server.RaftServerConfigKeys (ConfUtils.java:logGet(43)) - raft.server.log.statemachine.data.sync.timeout = 10s (default)
2019-10-06 15:45:30,445 [pool-429-thread-1] INFO  server.RaftServerConfigKeys (ConfUtils.java:logGet(43)) - raft.server.log.statemachine.data.caching.enabled = true (custom)
2019-10-06 15:45:30,445 [pool-409-thread-1] INFO  impl.RaftServerImpl (RaftServerImpl.java:start(181)) - 090b6ce4-537e-4258-b6c0-061514e97930@group-DE5693E2D11C: start as a follower, conf=-1: [9559ebce-e970-4829-920d-71f68b96de83:192.168.30.23:40236, 090b6ce4-537e-4258-b6c0-061514e97930:192.168.30.23:38838, ecbb6327-9019-4ac7-95c5-d60822a3bb37:192.168.30.23:45764], old=null
2019-10-06 15:45:30,445 [pool-429-thread-1] INFO  segmented.SegmentedRaftLogWorker (SegmentedRaftLogWorker.java:lambda$new$0(128)) - 9559ebce-e970-4829-920d-71f68b96de83@group-DE5693E2D11C-SegmentedRaftLogWorker: flushIndex: setUnconditionally 0 -> -1
2019-10-06 15:45:30,445 [pool-419-thread-1] INFO  server.RaftServerConfigKeys (ConfUtils.java:logGet(43)) - raft.server.log.statemachine.data.sync.timeout.retry = -1 (default)
2019-10-06 15:45:30,445 [pool-429-thread-1] INFO  server.RaftServerConfigKeys (ConfUtils.java:logGet(43)) - raft.server.snapshot.auto.trigger.enabled = true (custom)
2019-10-06 15:45:30,445 [pool-409-thread-1] INFO  impl.RaftServerImpl (RaftServerImpl.java:setRole(170)) - 090b6ce4-537e-4258-b6c0-061514e97930@group-DE5693E2D11C: changes role from      null to FOLLOWER at term 0 for startAsFollower
2019-10-06 15:45:30,446 [pool-429-thread-1] INFO  server.RaftServerConfigKeys (ConfUtils.java:logGet(43)) - raft.server.snapshot.auto.trigger.threshold = 10000 (custom)
2019-10-06 15:45:30,446 [pool-419-thread-1] INFO  server.RaftServerConfigKeys (ConfUtils.java:logGet(43)) - raft.server.log.statemachine.data.caching.enabled = true (custom)
2019-10-06 15:45:30,446 [pool-429-thread-1] INFO  server.RaftServerConfigKeys (ConfUtils.java:logGet(43)) - raft.server.snapshot.retention.file.num = 5 (custom)
2019-10-06 15:45:30,446 [pool-409-thread-1] INFO  impl.RoleInfo (RoleInfo.java:updateAndGet(143)) - 090b6ce4-537e-4258-b6c0-061514e97930: start FollowerState
2019-10-06 15:45:30,446 [pool-419-thread-1] INFO  segmented.SegmentedRaftLogWorker (SegmentedRaftLogWorker.java:lambda$new$0(128)) - ecbb6327-9019-4ac7-95c5-d60822a3bb37@group-DE5693E2D11C-SegmentedRaftLogWorker: flushIndex: setUnconditionally 0 -> -1
2019-10-06 15:45:30,446 [pool-429-thread-1] INFO  server.RaftServerConfigKeys (ConfUtils.java:logGet(43)) - raft.server.retrycache.expirytime = 600000ms (custom)
2019-10-06 15:45:30,446 [pool-409-thread-1] INFO  util.JmxRegister (JmxRegister.java:tryRegister(44)) - Successfully registered JMX Bean with object name Ratis:service=RaftServer,group=group-DE5693E2D11C,id=090b6ce4-537e-4258-b6c0-061514e97930
2019-10-06 15:45:30,447 [pool-419-thread-1] INFO  server.RaftServerConfigKeys (ConfUtils.java:logGet(43)) - raft.server.snapshot.auto.trigger.enabled = true (custom)
2019-10-06 15:45:30,447 [pool-419-thread-1] INFO  server.RaftServerConfigKeys (ConfUtils.java:logGet(43)) - raft.server.snapshot.auto.trigger.threshold = 10000 (custom)
2019-10-06 15:45:30,447 [pool-419-thread-1] INFO  server.RaftServerConfigKeys (ConfUtils.java:logGet(43)) - raft.server.snapshot.retention.file.num = 5 (custom)
2019-10-06 15:45:30,447 [pool-419-thread-1] INFO  server.RaftServerConfigKeys (ConfUtils.java:logGet(43)) - raft.server.retrycache.expirytime = 600000ms (custom)
2019-10-06 15:45:30,450 [pool-429-thread-1] INFO  impl.RaftServerImpl (RaftServerImpl.java:start(181)) - 9559ebce-e970-4829-920d-71f68b96de83@group-DE5693E2D11C: start as a follower, conf=-1: [9559ebce-e970-4829-920d-71f68b96de83:192.168.30.23:40236, 090b6ce4-537e-4258-b6c0-061514e97930:192.168.30.23:38838, ecbb6327-9019-4ac7-95c5-d60822a3bb37:192.168.30.23:45764], old=null
2019-10-06 15:45:30,450 [pool-429-thread-1] INFO  impl.RaftServerImpl (RaftServerImpl.java:setRole(170)) - 9559ebce-e970-4829-920d-71f68b96de83@group-DE5693E2D11C: changes role from      null to FOLLOWER at term 0 for startAsFollower
2019-10-06 15:45:30,450 [pool-429-thread-1] INFO  impl.RoleInfo (RoleInfo.java:updateAndGet(143)) - 9559ebce-e970-4829-920d-71f68b96de83: start FollowerState
2019-10-06 15:45:30,450 [pool-429-thread-1] INFO  util.JmxRegister (JmxRegister.java:tryRegister(44)) - Successfully registered JMX Bean with object name Ratis:service=RaftServer,group=group-DE5693E2D11C,id=9559ebce-e970-4829-920d-71f68b96de83
2019-10-06 15:45:30,451 [pool-419-thread-1] INFO  impl.RaftServerImpl (RaftServerImpl.java:start(181)) - ecbb6327-9019-4ac7-95c5-d60822a3bb37@group-DE5693E2D11C: start as a follower, conf=-1: [9559ebce-e970-4829-920d-71f68b96de83:192.168.30.23:40236, 090b6ce4-537e-4258-b6c0-061514e97930:192.168.30.23:38838, ecbb6327-9019-4ac7-95c5-d60822a3bb37:192.168.30.23:45764], old=null
2019-10-06 15:45:30,451 [pool-419-thread-1] INFO  impl.RaftServerImpl (RaftServerImpl.java:setRole(170)) - ecbb6327-9019-4ac7-95c5-d60822a3bb37@group-DE5693E2D11C: changes role from      null to FOLLOWER at term 0 for startAsFollower
2019-10-06 15:45:30,451 [pool-419-thread-1] INFO  impl.RoleInfo (RoleInfo.java:updateAndGet(143)) - ecbb6327-9019-4ac7-95c5-d60822a3bb37: start FollowerState
2019-10-06 15:45:30,451 [pool-419-thread-1] INFO  util.JmxRegister (JmxRegister.java:tryRegister(44)) - Successfully registered JMX Bean with object name Ratis:service=RaftServer,group=group-DE5693E2D11C,id=ecbb6327-9019-4ac7-95c5-d60822a3bb37
2019-10-06 15:45:30,455 [RatisPipelineUtilsThread] INFO  pipeline.PipelineStateManager (PipelineStateManager.java:addPipeline(56)) - Created pipeline Pipeline[ Id: 88f42939-3d1d-466e-9cfe-de5693e2d11c, Nodes: 9559ebce-e970-4829-920d-71f68b96de83{ip: 192.168.30.23, host: ozone-build-dev-nffdx-465010684, networkLocation: /default-rack, certSerialId: null}090b6ce4-537e-4258-b6c0-061514e97930{ip: 192.168.30.23, host: ozone-build-dev-nffdx-465010684, networkLocation: /default-rack, certSerialId: null}ecbb6327-9019-4ac7-95c5-d60822a3bb37{ip: 192.168.30.23, host: ozone-build-dev-nffdx-465010684, networkLocation: /default-rack, certSerialId: null}, Type:RATIS, Factor:THREE, State:OPEN]
2019-10-06 15:45:30,485 [IPC Server handler 7 on 37259] INFO  net.NetworkTopology (NetworkTopologyImpl.java:add(111)) - Added a new node: /default-rack/45853e80-e499-4aea-b1bd-514547992009
2019-10-06 15:45:30,485 [IPC Server handler 7 on 37259] INFO  node.SCMNodeManager (SCMNodeManager.java:register(268)) - Registered Data node : 45853e80-e499-4aea-b1bd-514547992009{ip: 192.168.30.23, host: ozone-build-dev-nffdx-465010684, networkLocation: /default-rack, certSerialId: null}
2019-10-06 15:45:30,493 [grpc-default-executor-4] INFO  impl.RaftServerProxy (RaftServerProxy.java:addNew(89)) - 56c5c699-cd8e-4783-81cf-b77b98cbb0bb: addNew group-735381BA252A:[56c5c699-cd8e-4783-81cf-b77b98cbb0bb:192.168.30.23:43872] returns group-735381BA252A:java.util.concurrent.CompletableFuture@fe0caf[Not completed]
2019-10-06 15:45:30,497 [pool-439-thread-1] INFO  impl.RaftServerImpl (RaftServerImpl.java:<init>(95)) - 56c5c699-cd8e-4783-81cf-b77b98cbb0bb: new RaftServerImpl for group-735381BA252A:[56c5c699-cd8e-4783-81cf-b77b98cbb0bb:192.168.30.23:43872] with ContainerStateMachine:uninitialized
2019-10-06 15:45:30,497 [pool-439-thread-1] INFO  server.RaftServerConfigKeys (ConfUtils.java:logGet(43)) - raft.server.rpc.timeout.min = 5s (custom)
2019-10-06 15:45:30,497 [pool-439-thread-1] INFO  server.RaftServerConfigKeys (ConfUtils.java:logGet(43)) - raft.server.rpc.timeout.max = 5200ms (custom)
2019-10-06 15:45:30,497 [pool-439-thread-1] INFO  server.RaftServerConfigKeys (ConfUtils.java:logGet(43)) - raft.server.rpcslowness.timeout = 120s (custom)
2019-10-06 15:45:30,497 [pool-439-thread-1] INFO  server.RaftServerConfigKeys (ConfUtils.java:logGet(43)) - raft.server.sleep.deviation.threshold = 300 (default)
2019-10-06 15:45:30,497 [pool-439-thread-1] INFO  server.RaftServerConfigKeys (ConfUtils.java:logGet(43)) - raft.server.log.appender.install.snapshot.enabled = false (custom)
2019-10-06 15:45:30,498 [pool-439-thread-1] INFO  impl.RaftServerImpl (ServerState.java:<init>(103)) - 56c5c699-cd8e-4783-81cf-b77b98cbb0bb@group-735381BA252A: ConfigurationManager, init=-1: [56c5c699-cd8e-4783-81cf-b77b98cbb0bb:192.168.30.23:43872], old=null, confs=<EMPTY_MAP>
2019-10-06 15:45:30,498 [pool-439-thread-1] INFO  server.RaftServerConfigKeys (ConfUtils.java:logGet(43)) - raft.server.storage.dir = [/workdir/hadoop-ozone/integration-test/target/test-dir/MiniOzoneClusterImpl-71e09d98-8980-4f11-ada0-d4d272c3dff4/datanode-3/data/ratis] (custom)
2019-10-06 15:45:30,498 [pool-439-thread-1] INFO  server.RaftServerConfigKeys (ConfUtils.java:logGet(43)) - raft.server.log.corruption.policy = EXCEPTION (default)
2019-10-06 15:45:30,498 [pool-439-thread-1] INFO  storage.RaftStorageDirectory (RaftStorageDirectory.java:analyzeStorage(246)) - The storage directory /workdir/hadoop-ozone/integration-test/target/test-dir/MiniOzoneClusterImpl-71e09d98-8980-4f11-ada0-d4d272c3dff4/datanode-3/data/ratis/1107eb31-953a-4495-a58e-735381ba252a does not exist. Creating ...
2019-10-06 15:45:30,511 [pool-439-thread-1] INFO  storage.RaftStorageDirectory (RaftStorageDirectory.java:tryLock(328)) - Lock on /workdir/hadoop-ozone/integration-test/target/test-dir/MiniOzoneClusterImpl-71e09d98-8980-4f11-ada0-d4d272c3dff4/datanode-3/data/ratis/1107eb31-953a-4495-a58e-735381ba252a/in_use.lock acquired by nodename 13128@ozone-build-dev-nffdx-465010684
2019-10-06 15:45:30,532 [pool-439-thread-1] INFO  storage.RaftStorage (RaftStorage.java:format(84)) - Storage directory /workdir/hadoop-ozone/integration-test/target/test-dir/MiniOzoneClusterImpl-71e09d98-8980-4f11-ada0-d4d272c3dff4/datanode-3/data/ratis/1107eb31-953a-4495-a58e-735381ba252a has been successfully formatted.
2019-10-06 15:45:30,532 [pool-439-thread-1] INFO  ratis.ContainerStateMachine (ContainerStateMachine.java:loadSnapshot(230)) - group-735381BA252A: The snapshot info is null. Setting the last applied indexto:(t:0, i:~)
2019-10-06 15:45:30,532 [pool-439-thread-1] INFO  server.RaftServerConfigKeys (ConfUtils.java:logGet(43)) - raft.server.notification.no-leader.timeout = 120s (custom)
2019-10-06 15:45:30,533 [pool-439-thread-1] INFO  server.RaftServerConfigKeys (ConfUtils.java:logGet(43)) - raft.server.log.use.memory = false (default)
2019-10-06 15:45:30,533 [pool-439-thread-1] INFO  server.RaftServerConfigKeys (ConfUtils.java:logGet(43)) - raft.server.log.purge.gap = 1000000 (custom)
2019-10-06 15:45:30,533 [pool-439-thread-1] INFO  server.RaftServerConfigKeys (ConfUtils.java:logGet(43)) - raft.server.log.appender.buffer.byte-limit = 33554432 (custom)
2019-10-06 15:45:30,533 [pool-439-thread-1] INFO  server.RaftServerConfigKeys (ConfUtils.java:logGet(43)) - raft.server.log.segment.size.max = 1048576 (custom)
2019-10-06 15:45:30,535 [pool-439-thread-1] INFO  server.RaftServerConfigKeys (ConfUtils.java:logGet(43)) - raft.server.log.segment.cache.num.max = 2 (custom)
2019-10-06 15:45:30,535 [pool-439-thread-1] INFO  segmented.SegmentedRaftLogWorker (SegmentedRaftLogWorker.java:<init>(173)) - new 56c5c699-cd8e-4783-81cf-b77b98cbb0bb@group-735381BA252A-SegmentedRaftLogWorker for RaftStorage:Storage Directory /workdir/hadoop-ozone/integration-test/target/test-dir/MiniOzoneClusterImpl-71e09d98-8980-4f11-ada0-d4d272c3dff4/datanode-3/data/ratis/1107eb31-953a-4495-a58e-735381ba252a
2019-10-06 15:45:30,535 [pool-439-thread-1] INFO  server.RaftServerConfigKeys (ConfUtils.java:logGet(43)) - raft.server.log.queue.byte-limit = 2147483647 (custom)
2019-10-06 15:45:30,535 [pool-439-thread-1] INFO  server.RaftServerConfigKeys (ConfUtils.java:logGet(43)) - raft.server.log.queue.element-limit = 1024 (custom)
2019-10-06 15:45:30,535 [pool-439-thread-1] INFO  server.RaftServerConfigKeys (ConfUtils.java:logGet(43)) - raft.server.log.segment.size.max = 1048576 (custom)
2019-10-06 15:45:30,535 [pool-439-thread-1] INFO  server.RaftServerConfigKeys (ConfUtils.java:logGet(43)) - raft.server.log.preallocated.size = 16384 (custom)
2019-10-06 15:45:30,535 [pool-439-thread-1] INFO  server.RaftServerConfigKeys (ConfUtils.java:logGet(43)) - raft.server.log.write.buffer.size = 33554432 (custom)
2019-10-06 15:45:30,535 [pool-439-thread-1] INFO  server.RaftServerConfigKeys (ConfUtils.java:logGet(43)) - raft.server.log.force.sync.num = 128 (default)
2019-10-06 15:45:30,536 [pool-439-thread-1] INFO  server.RaftServerConfigKeys (ConfUtils.java:logGet(43)) - raft.server.log.statemachine.data.sync = true (default)
2019-10-06 15:45:30,536 [pool-439-thread-1] INFO  server.RaftServerConfigKeys (ConfUtils.java:logGet(43)) - raft.server.log.statemachine.data.sync.timeout = 10s (default)
2019-10-06 15:45:30,536 [pool-439-thread-1] INFO  server.RaftServerConfigKeys (ConfUtils.java:logGet(43)) - raft.server.log.statemachine.data.sync.timeout.retry = -1 (default)
2019-10-06 15:45:30,536 [pool-439-thread-1] INFO  server.RaftServerConfigKeys (ConfUtils.java:logGet(43)) - raft.server.log.statemachine.data.caching.enabled = true (custom)
2019-10-06 15:45:30,536 [pool-439-thread-1] INFO  segmented.SegmentedRaftLogWorker (SegmentedRaftLogWorker.java:lambda$new$0(128)) - 56c5c699-cd8e-4783-81cf-b77b98cbb0bb@group-735381BA252A-SegmentedRaftLogWorker: flushIndex: setUnconditionally 0 -> -1
2019-10-06 15:45:30,537 [pool-439-thread-1] INFO  server.RaftServerConfigKeys (ConfUtils.java:logGet(43)) - raft.server.snapshot.auto.trigger.enabled = true (custom)
2019-10-06 15:45:30,537 [pool-439-thread-1] INFO  server.RaftServerConfigKeys (ConfUtils.java:logGet(43)) - raft.server.snapshot.auto.trigger.threshold = 10000 (custom)
2019-10-06 15:45:30,537 [pool-439-thread-1] INFO  server.RaftServerConfigKeys (ConfUtils.java:logGet(43)) - raft.server.snapshot.retention.file.num = 5 (custom)
2019-10-06 15:45:30,537 [pool-439-thread-1] INFO  server.RaftServerConfigKeys (ConfUtils.java:logGet(43)) - raft.server.retrycache.expirytime = 600000ms (custom)
2019-10-06 15:45:30,539 [pool-439-thread-1] INFO  impl.RaftServerImpl (RaftServerImpl.java:start(181)) - 56c5c699-cd8e-4783-81cf-b77b98cbb0bb@group-735381BA252A: start as a follower, conf=-1: [56c5c699-cd8e-4783-81cf-b77b98cbb0bb:192.168.30.23:43872], old=null
2019-10-06 15:45:30,539 [pool-439-thread-1] INFO  impl.RaftServerImpl (RaftServerImpl.java:setRole(170)) - 56c5c699-cd8e-4783-81cf-b77b98cbb0bb@group-735381BA252A: changes role from      null to FOLLOWER at term 0 for startAsFollower
2019-10-06 15:45:30,539 [pool-439-thread-1] INFO  impl.RoleInfo (RoleInfo.java:updateAndGet(143)) - 56c5c699-cd8e-4783-81cf-b77b98cbb0bb: start FollowerState
2019-10-06 15:45:30,554 [pool-439-thread-1] INFO  util.JmxRegister (JmxRegister.java:tryRegister(44)) - Successfully registered JMX Bean with object name Ratis:service=RaftServer,group=group-735381BA252A,id=56c5c699-cd8e-4783-81cf-b77b98cbb0bb
2019-10-06 15:45:30,567 [RatisPipelineUtilsThread] INFO  pipeline.PipelineStateManager (PipelineStateManager.java:addPipeline(56)) - Created pipeline Pipeline[ Id: 1107eb31-953a-4495-a58e-735381ba252a, Nodes: 56c5c699-cd8e-4783-81cf-b77b98cbb0bb{ip: 192.168.30.23, host: ozone-build-dev-nffdx-465010684, networkLocation: /default-rack, certSerialId: null}, Type:RATIS, Factor:ONE, State:OPEN]
2019-10-06 15:45:30,568 [IPC Server handler 1 on 37259] INFO  net.NetworkTopology (NetworkTopologyImpl.java:add(111)) - Added a new node: /default-rack/5727e973-ff17-48d6-b89a-ebfb40a52011
2019-10-06 15:45:30,568 [IPC Server handler 1 on 37259] INFO  node.SCMNodeManager (SCMNodeManager.java:register(268)) - Registered Data node : 5727e973-ff17-48d6-b89a-ebfb40a52011{ip: 192.168.30.23, host: ozone-build-dev-nffdx-465010684, networkLocation: /default-rack, certSerialId: null}
2019-10-06 15:45:30,573 [grpc-default-executor-4] INFO  impl.RaftServerProxy (RaftServerProxy.java:addNew(89)) - 45853e80-e499-4aea-b1bd-514547992009: addNew group-E065D0DA74AE:[45853e80-e499-4aea-b1bd-514547992009:192.168.30.23:38204] returns group-E065D0DA74AE:java.util.concurrent.CompletableFuture@617c1e5f[Not completed]
2019-10-06 15:45:30,575 [pool-449-thread-1] INFO  impl.RaftServerImpl (RaftServerImpl.java:<init>(95)) - 45853e80-e499-4aea-b1bd-514547992009: new RaftServerImpl for group-E065D0DA74AE:[45853e80-e499-4aea-b1bd-514547992009:192.168.30.23:38204] with ContainerStateMachine:uninitialized
2019-10-06 15:45:30,575 [pool-449-thread-1] INFO  server.RaftServerConfigKeys (ConfUtils.java:logGet(43)) - raft.server.rpc.timeout.min = 5s (custom)
2019-10-06 15:45:30,575 [pool-449-thread-1] INFO  server.RaftServerConfigKeys (ConfUtils.java:logGet(43)) - raft.server.rpc.timeout.max = 5200ms (custom)
2019-10-06 15:45:30,575 [pool-449-thread-1] INFO  server.RaftServerConfigKeys (ConfUtils.java:logGet(43)) - raft.server.rpcslowness.timeout = 120s (custom)
2019-10-06 15:45:30,575 [pool-449-thread-1] INFO  server.RaftServerConfigKeys (ConfUtils.java:logGet(43)) - raft.server.sleep.deviation.threshold = 300 (default)
2019-10-06 15:45:30,575 [pool-449-thread-1] INFO  server.RaftServerConfigKeys (ConfUtils.java:logGet(43)) - raft.server.log.appender.install.snapshot.enabled = false (custom)
2019-10-06 15:45:30,575 [pool-449-thread-1] INFO  impl.RaftServerImpl (ServerState.java:<init>(103)) - 45853e80-e499-4aea-b1bd-514547992009@group-E065D0DA74AE: ConfigurationManager, init=-1: [45853e80-e499-4aea-b1bd-514547992009:192.168.30.23:38204], old=null, confs=<EMPTY_MAP>
2019-10-06 15:45:30,576 [pool-449-thread-1] INFO  server.RaftServerConfigKeys (ConfUtils.java:logGet(43)) - raft.server.storage.dir = [/workdir/hadoop-ozone/integration-test/target/test-dir/MiniOzoneClusterImpl-71e09d98-8980-4f11-ada0-d4d272c3dff4/datanode-4/data/ratis] (custom)
2019-10-06 15:45:30,576 [pool-449-thread-1] INFO  server.RaftServerConfigKeys (ConfUtils.java:logGet(43)) - raft.server.log.corruption.policy = EXCEPTION (default)
2019-10-06 15:45:30,576 [pool-449-thread-1] INFO  storage.RaftStorageDirectory (RaftStorageDirectory.java:analyzeStorage(246)) - The storage directory /workdir/hadoop-ozone/integration-test/target/test-dir/MiniOzoneClusterImpl-71e09d98-8980-4f11-ada0-d4d272c3dff4/datanode-4/data/ratis/3d17e94d-1085-44a2-ba8c-e065d0da74ae does not exist. Creating ...
2019-10-06 15:45:30,589 [pool-449-thread-1] INFO  storage.RaftStorageDirectory (RaftStorageDirectory.java:tryLock(328)) - Lock on /workdir/hadoop-ozone/integration-test/target/test-dir/MiniOzoneClusterImpl-71e09d98-8980-4f11-ada0-d4d272c3dff4/datanode-4/data/ratis/3d17e94d-1085-44a2-ba8c-e065d0da74ae/in_use.lock acquired by nodename 13128@ozone-build-dev-nffdx-465010684
2019-10-06 15:45:30,601 [pool-449-thread-1] INFO  storage.RaftStorage (RaftStorage.java:format(84)) - Storage directory /workdir/hadoop-ozone/integration-test/target/test-dir/MiniOzoneClusterImpl-71e09d98-8980-4f11-ada0-d4d272c3dff4/datanode-4/data/ratis/3d17e94d-1085-44a2-ba8c-e065d0da74ae has been successfully formatted.
2019-10-06 15:45:30,601 [pool-449-thread-1] INFO  ratis.ContainerStateMachine (ContainerStateMachine.java:loadSnapshot(230)) - group-E065D0DA74AE: The snapshot info is null. Setting the last applied indexto:(t:0, i:~)
2019-10-06 15:45:30,602 [pool-449-thread-1] INFO  server.RaftServerConfigKeys (ConfUtils.java:logGet(43)) - raft.server.notification.no-leader.timeout = 120s (custom)
2019-10-06 15:45:30,602 [pool-449-thread-1] INFO  server.RaftServerConfigKeys (ConfUtils.java:logGet(43)) - raft.server.log.use.memory = false (default)
2019-10-06 15:45:30,602 [pool-449-thread-1] INFO  server.RaftServerConfigKeys (ConfUtils.java:logGet(43)) - raft.server.log.purge.gap = 1000000 (custom)
2019-10-06 15:45:30,602 [pool-449-thread-1] INFO  server.RaftServerConfigKeys (ConfUtils.java:logGet(43)) - raft.server.log.appender.buffer.byte-limit = 33554432 (custom)
2019-10-06 15:45:30,602 [pool-449-thread-1] INFO  server.RaftServerConfigKeys (ConfUtils.java:logGet(43)) - raft.server.log.segment.size.max = 1048576 (custom)
2019-10-06 15:45:30,605 [pool-449-thread-1] INFO  server.RaftServerConfigKeys (ConfUtils.java:logGet(43)) - raft.server.log.segment.cache.num.max = 2 (custom)
2019-10-06 15:45:30,605 [pool-449-thread-1] INFO  segmented.SegmentedRaftLogWorker (SegmentedRaftLogWorker.java:<init>(173)) - new 45853e80-e499-4aea-b1bd-514547992009@group-E065D0DA74AE-SegmentedRaftLogWorker for RaftStorage:Storage Directory /workdir/hadoop-ozone/integration-test/target/test-dir/MiniOzoneClusterImpl-71e09d98-8980-4f11-ada0-d4d272c3dff4/datanode-4/data/ratis/3d17e94d-1085-44a2-ba8c-e065d0da74ae
2019-10-06 15:45:30,605 [pool-449-thread-1] INFO  server.RaftServerConfigKeys (ConfUtils.java:logGet(43)) - raft.server.log.queue.byte-limit = 2147483647 (custom)
2019-10-06 15:45:30,605 [pool-449-thread-1] INFO  server.RaftServerConfigKeys (ConfUtils.java:logGet(43)) - raft.server.log.queue.element-limit = 1024 (custom)
2019-10-06 15:45:30,605 [pool-449-thread-1] INFO  server.RaftServerConfigKeys (ConfUtils.java:logGet(43)) - raft.server.log.segment.size.max = 1048576 (custom)
2019-10-06 15:45:30,606 [pool-449-thread-1] INFO  server.RaftServerConfigKeys (ConfUtils.java:logGet(43)) - raft.server.log.preallocated.size = 16384 (custom)
2019-10-06 15:45:30,606 [pool-449-thread-1] INFO  server.RaftServerConfigKeys (ConfUtils.java:logGet(43)) - raft.server.log.write.buffer.size = 33554432 (custom)
2019-10-06 15:45:30,606 [pool-449-thread-1] INFO  server.RaftServerConfigKeys (ConfUtils.java:logGet(43)) - raft.server.log.force.sync.num = 128 (default)
2019-10-06 15:45:30,606 [pool-449-thread-1] INFO  server.RaftServerConfigKeys (ConfUtils.java:logGet(43)) - raft.server.log.statemachine.data.sync = true (default)
2019-10-06 15:45:30,606 [pool-449-thread-1] INFO  server.RaftServerConfigKeys (ConfUtils.java:logGet(43)) - raft.server.log.statemachine.data.sync.timeout = 10s (default)
2019-10-06 15:45:30,606 [pool-449-thread-1] INFO  server.RaftServerConfigKeys (ConfUtils.java:logGet(43)) - raft.server.log.statemachine.data.sync.timeout.retry = -1 (default)
2019-10-06 15:45:30,607 [pool-449-thread-1] INFO  server.RaftServerConfigKeys (ConfUtils.java:logGet(43)) - raft.server.log.statemachine.data.caching.enabled = true (custom)
2019-10-06 15:45:30,607 [pool-449-thread-1] INFO  segmented.SegmentedRaftLogWorker (SegmentedRaftLogWorker.java:lambda$new$0(128)) - 45853e80-e499-4aea-b1bd-514547992009@group-E065D0DA74AE-SegmentedRaftLogWorker: flushIndex: setUnconditionally 0 -> -1
2019-10-06 15:45:30,608 [pool-449-thread-1] INFO  server.RaftServerConfigKeys (ConfUtils.java:logGet(43)) - raft.server.snapshot.auto.trigger.enabled = true (custom)
2019-10-06 15:45:30,608 [pool-449-thread-1] INFO  server.RaftServerConfigKeys (ConfUtils.java:logGet(43)) - raft.server.snapshot.auto.trigger.threshold = 10000 (custom)
2019-10-06 15:45:30,608 [pool-449-thread-1] INFO  server.RaftServerConfigKeys (ConfUtils.java:logGet(43)) - raft.server.snapshot.retention.file.num = 5 (custom)
2019-10-06 15:45:30,608 [pool-449-thread-1] INFO  server.RaftServerConfigKeys (ConfUtils.java:logGet(43)) - raft.server.retrycache.expirytime = 600000ms (custom)
2019-10-06 15:45:30,610 [pool-449-thread-1] INFO  impl.RaftServerImpl (RaftServerImpl.java:start(181)) - 45853e80-e499-4aea-b1bd-514547992009@group-E065D0DA74AE: start as a follower, conf=-1: [45853e80-e499-4aea-b1bd-514547992009:192.168.30.23:38204], old=null
2019-10-06 15:45:30,610 [pool-449-thread-1] INFO  impl.RaftServerImpl (RaftServerImpl.java:setRole(170)) - 45853e80-e499-4aea-b1bd-514547992009@group-E065D0DA74AE: changes role from      null to FOLLOWER at term 0 for startAsFollower
2019-10-06 15:45:30,611 [pool-449-thread-1] INFO  impl.RoleInfo (RoleInfo.java:updateAndGet(143)) - 45853e80-e499-4aea-b1bd-514547992009: start FollowerState
2019-10-06 15:45:30,611 [pool-449-thread-1] INFO  util.JmxRegister (JmxRegister.java:tryRegister(44)) - Successfully registered JMX Bean with object name Ratis:service=RaftServer,group=group-E065D0DA74AE,id=45853e80-e499-4aea-b1bd-514547992009
2019-10-06 15:45:30,615 [RatisPipelineUtilsThread] INFO  pipeline.PipelineStateManager (PipelineStateManager.java:addPipeline(56)) - Created pipeline Pipeline[ Id: 3d17e94d-1085-44a2-ba8c-e065d0da74ae, Nodes: 45853e80-e499-4aea-b1bd-514547992009{ip: 192.168.30.23, host: ozone-build-dev-nffdx-465010684, networkLocation: /default-rack, certSerialId: null}, Type:RATIS, Factor:ONE, State:OPEN]
2019-10-06 15:45:30,622 [grpc-default-executor-4] INFO  impl.RaftServerProxy (RaftServerProxy.java:addNew(89)) - 5727e973-ff17-48d6-b89a-ebfb40a52011: addNew group-D47AB5C6775B:[5727e973-ff17-48d6-b89a-ebfb40a52011:192.168.30.23:38455] returns group-D47AB5C6775B:java.util.concurrent.CompletableFuture@619236ce[Not completed]
2019-10-06 15:45:30,623 [pool-459-thread-1] INFO  impl.RaftServerImpl (RaftServerImpl.java:<init>(95)) - 5727e973-ff17-48d6-b89a-ebfb40a52011: new RaftServerImpl for group-D47AB5C6775B:[5727e973-ff17-48d6-b89a-ebfb40a52011:192.168.30.23:38455] with ContainerStateMachine:uninitialized
2019-10-06 15:45:30,624 [pool-459-thread-1] INFO  server.RaftServerConfigKeys (ConfUtils.java:logGet(43)) - raft.server.rpc.timeout.min = 5s (custom)
2019-10-06 15:45:30,624 [pool-459-thread-1] INFO  server.RaftServerConfigKeys (ConfUtils.java:logGet(43)) - raft.server.rpc.timeout.max = 5200ms (custom)
2019-10-06 15:45:30,624 [pool-459-thread-1] INFO  server.RaftServerConfigKeys (ConfUtils.java:logGet(43)) - raft.server.rpcslowness.timeout = 120s (custom)
2019-10-06 15:45:30,624 [pool-459-thread-1] INFO  server.RaftServerConfigKeys (ConfUtils.java:logGet(43)) - raft.server.sleep.deviation.threshold = 300 (default)
2019-10-06 15:45:30,624 [pool-459-thread-1] INFO  server.RaftServerConfigKeys (ConfUtils.java:logGet(43)) - raft.server.log.appender.install.snapshot.enabled = false (custom)
2019-10-06 15:45:30,624 [pool-459-thread-1] INFO  impl.RaftServerImpl (ServerState.java:<init>(103)) - 5727e973-ff17-48d6-b89a-ebfb40a52011@group-D47AB5C6775B: ConfigurationManager, init=-1: [5727e973-ff17-48d6-b89a-ebfb40a52011:192.168.30.23:38455], old=null, confs=<EMPTY_MAP>
2019-10-06 15:45:30,624 [pool-459-thread-1] INFO  server.RaftServerConfigKeys (ConfUtils.java:logGet(43)) - raft.server.storage.dir = [/workdir/hadoop-ozone/integration-test/target/test-dir/MiniOzoneClusterImpl-71e09d98-8980-4f11-ada0-d4d272c3dff4/datanode-5/data/ratis] (custom)
2019-10-06 15:45:30,625 [pool-459-thread-1] INFO  server.RaftServerConfigKeys (ConfUtils.java:logGet(43)) - raft.server.log.corruption.policy = EXCEPTION (default)
2019-10-06 15:45:30,625 [pool-459-thread-1] INFO  storage.RaftStorageDirectory (RaftStorageDirectory.java:analyzeStorage(246)) - The storage directory /workdir/hadoop-ozone/integration-test/target/test-dir/MiniOzoneClusterImpl-71e09d98-8980-4f11-ada0-d4d272c3dff4/datanode-5/data/ratis/62c52e1b-c48f-47b6-a4a6-d47ab5c6775b does not exist. Creating ...
2019-10-06 15:45:30,638 [pool-459-thread-1] INFO  storage.RaftStorageDirectory (RaftStorageDirectory.java:tryLock(328)) - Lock on /workdir/hadoop-ozone/integration-test/target/test-dir/MiniOzoneClusterImpl-71e09d98-8980-4f11-ada0-d4d272c3dff4/datanode-5/data/ratis/62c52e1b-c48f-47b6-a4a6-d47ab5c6775b/in_use.lock acquired by nodename 13128@ozone-build-dev-nffdx-465010684
2019-10-06 15:45:30,651 [pool-459-thread-1] INFO  storage.RaftStorage (RaftStorage.java:format(84)) - Storage directory /workdir/hadoop-ozone/integration-test/target/test-dir/MiniOzoneClusterImpl-71e09d98-8980-4f11-ada0-d4d272c3dff4/datanode-5/data/ratis/62c52e1b-c48f-47b6-a4a6-d47ab5c6775b has been successfully formatted.
2019-10-06 15:45:30,651 [pool-459-thread-1] INFO  ratis.ContainerStateMachine (ContainerStateMachine.java:loadSnapshot(230)) - group-D47AB5C6775B: The snapshot info is null. Setting the last applied indexto:(t:0, i:~)
2019-10-06 15:45:30,651 [pool-459-thread-1] INFO  server.RaftServerConfigKeys (ConfUtils.java:logGet(43)) - raft.server.notification.no-leader.timeout = 120s (custom)
2019-10-06 15:45:30,651 [pool-459-thread-1] INFO  server.RaftServerConfigKeys (ConfUtils.java:logGet(43)) - raft.server.log.use.memory = false (default)
2019-10-06 15:45:30,651 [pool-459-thread-1] INFO  server.RaftServerConfigKeys (ConfUtils.java:logGet(43)) - raft.server.log.purge.gap = 1000000 (custom)
2019-10-06 15:45:30,651 [pool-459-thread-1] INFO  server.RaftServerConfigKeys (ConfUtils.java:logGet(43)) - raft.server.log.appender.buffer.byte-limit = 33554432 (custom)
2019-10-06 15:45:30,651 [pool-459-thread-1] INFO  server.RaftServerConfigKeys (ConfUtils.java:logGet(43)) - raft.server.log.segment.size.max = 1048576 (custom)
2019-10-06 15:45:30,653 [pool-459-thread-1] INFO  server.RaftServerConfigKeys (ConfUtils.java:logGet(43)) - raft.server.log.segment.cache.num.max = 2 (custom)
2019-10-06 15:45:30,653 [pool-459-thread-1] INFO  segmented.SegmentedRaftLogWorker (SegmentedRaftLogWorker.java:<init>(173)) - new 5727e973-ff17-48d6-b89a-ebfb40a52011@group-D47AB5C6775B-SegmentedRaftLogWorker for RaftStorage:Storage Directory /workdir/hadoop-ozone/integration-test/target/test-dir/MiniOzoneClusterImpl-71e09d98-8980-4f11-ada0-d4d272c3dff4/datanode-5/data/ratis/62c52e1b-c48f-47b6-a4a6-d47ab5c6775b
2019-10-06 15:45:30,653 [pool-459-thread-1] INFO  server.RaftServerConfigKeys (ConfUtils.java:logGet(43)) - raft.server.log.queue.byte-limit = 2147483647 (custom)
2019-10-06 15:45:30,653 [pool-459-thread-1] INFO  server.RaftServerConfigKeys (ConfUtils.java:logGet(43)) - raft.server.log.queue.element-limit = 1024 (custom)
2019-10-06 15:45:30,654 [pool-459-thread-1] INFO  server.RaftServerConfigKeys (ConfUtils.java:logGet(43)) - raft.server.log.segment.size.max = 1048576 (custom)
2019-10-06 15:45:30,654 [pool-459-thread-1] INFO  server.RaftServerConfigKeys (ConfUtils.java:logGet(43)) - raft.server.log.preallocated.size = 16384 (custom)
2019-10-06 15:45:30,654 [pool-459-thread-1] INFO  server.RaftServerConfigKeys (ConfUtils.java:logGet(43)) - raft.server.log.write.buffer.size = 33554432 (custom)
2019-10-06 15:45:30,654 [IPC Server handler 2 on 37259] INFO  net.NetworkTopology (NetworkTopologyImpl.java:add(111)) - Added a new node: /default-rack/b6d847a4-7247-447a-b4f4-a3074f294230
2019-10-06 15:45:30,654 [pool-459-thread-1] INFO  server.RaftServerConfigKeys (ConfUtils.java:logGet(43)) - raft.server.log.force.sync.num = 128 (default)
2019-10-06 15:45:30,654 [IPC Server handler 2 on 37259] INFO  node.SCMNodeManager (SCMNodeManager.java:register(268)) - Registered Data node : b6d847a4-7247-447a-b4f4-a3074f294230{ip: 192.168.30.23, host: ozone-build-dev-nffdx-465010684, networkLocation: /default-rack, certSerialId: null}
2019-10-06 15:45:30,654 [pool-459-thread-1] INFO  server.RaftServerConfigKeys (ConfUtils.java:logGet(43)) - raft.server.log.statemachine.data.sync = true (default)
2019-10-06 15:45:30,655 [main] INFO  ozone.MiniOzoneClusterImpl (MiniOzoneClusterImpl.java:lambda$waitForClusterToBeReady$0(147)) - Cluster is ready. Got 7 of 7 DN Heartbeats.
2019-10-06 15:45:30,655 [pool-459-thread-1] INFO  server.RaftServerConfigKeys (ConfUtils.java:logGet(43)) - raft.server.log.statemachine.data.sync.timeout = 10s (default)
2019-10-06 15:45:30,655 [pool-459-thread-1] INFO  server.RaftServerConfigKeys (ConfUtils.java:logGet(43)) - raft.server.log.statemachine.data.sync.timeout.retry = -1 (default)
2019-10-06 15:45:30,656 [pool-459-thread-1] INFO  server.RaftServerConfigKeys (ConfUtils.java:logGet(43)) - raft.server.log.statemachine.data.caching.enabled = true (custom)
2019-10-06 15:45:30,656 [pool-459-thread-1] INFO  segmented.SegmentedRaftLogWorker (SegmentedRaftLogWorker.java:lambda$new$0(128)) - 5727e973-ff17-48d6-b89a-ebfb40a52011@group-D47AB5C6775B-SegmentedRaftLogWorker: flushIndex: setUnconditionally 0 -> -1
2019-10-06 15:45:30,656 [pool-459-thread-1] INFO  server.RaftServerConfigKeys (ConfUtils.java:logGet(43)) - raft.server.snapshot.auto.trigger.enabled = true (custom)
2019-10-06 15:45:30,656 [pool-459-thread-1] INFO  server.RaftServerConfigKeys (ConfUtils.java:logGet(43)) - raft.server.snapshot.auto.trigger.threshold = 10000 (custom)
2019-10-06 15:45:30,656 [pool-459-thread-1] INFO  server.RaftServerConfigKeys (ConfUtils.java:logGet(43)) - raft.server.snapshot.retention.file.num = 5 (custom)
2019-10-06 15:45:30,657 [pool-459-thread-1] INFO  server.RaftServerConfigKeys (ConfUtils.java:logGet(43)) - raft.server.retrycache.expirytime = 600000ms (custom)
2019-10-06 15:45:30,663 [pool-459-thread-1] INFO  impl.RaftServerImpl (RaftServerImpl.java:start(181)) - 5727e973-ff17-48d6-b89a-ebfb40a52011@group-D47AB5C6775B: start as a follower, conf=-1: [5727e973-ff17-48d6-b89a-ebfb40a52011:192.168.30.23:38455], old=null
2019-10-06 15:45:30,664 [pool-459-thread-1] INFO  impl.RaftServerImpl (RaftServerImpl.java:setRole(170)) - 5727e973-ff17-48d6-b89a-ebfb40a52011@group-D47AB5C6775B: changes role from      null to FOLLOWER at term 0 for startAsFollower
2019-10-06 15:45:30,664 [pool-459-thread-1] INFO  impl.RoleInfo (RoleInfo.java:updateAndGet(143)) - 5727e973-ff17-48d6-b89a-ebfb40a52011: start FollowerState
2019-10-06 15:45:30,664 [pool-459-thread-1] INFO  util.JmxRegister (JmxRegister.java:tryRegister(44)) - Successfully registered JMX Bean with object name Ratis:service=RaftServer,group=group-D47AB5C6775B,id=5727e973-ff17-48d6-b89a-ebfb40a52011
2019-10-06 15:45:30,681 [RatisPipelineUtilsThread] INFO  pipeline.PipelineStateManager (PipelineStateManager.java:addPipeline(56)) - Created pipeline Pipeline[ Id: 62c52e1b-c48f-47b6-a4a6-d47ab5c6775b, Nodes: 5727e973-ff17-48d6-b89a-ebfb40a52011{ip: 192.168.30.23, host: ozone-build-dev-nffdx-465010684, networkLocation: /default-rack, certSerialId: null}, Type:RATIS, Factor:ONE, State:OPEN]
2019-10-06 15:45:30,689 [grpc-default-executor-4] INFO  impl.RaftServerProxy (RaftServerProxy.java:addNew(89)) - b6d847a4-7247-447a-b4f4-a3074f294230: addNew group-8085E8DFFFE7:[b6d847a4-7247-447a-b4f4-a3074f294230:192.168.30.23:37755] returns group-8085E8DFFFE7:java.util.concurrent.CompletableFuture@20c21e8b[Not completed]
2019-10-06 15:45:30,691 [main] INFO  rpc.RpcClient (RpcClient.java:createVolume(277)) - Creating Volume: testblockoutputstream, with jenkins1000 as owner.
2019-10-06 15:45:30,691 [pool-469-thread-1] INFO  impl.RaftServerImpl (RaftServerImpl.java:<init>(95)) - b6d847a4-7247-447a-b4f4-a3074f294230: new RaftServerImpl for group-8085E8DFFFE7:[b6d847a4-7247-447a-b4f4-a3074f294230:192.168.30.23:37755] with ContainerStateMachine:uninitialized
2019-10-06 15:45:30,691 [pool-469-thread-1] INFO  server.RaftServerConfigKeys (ConfUtils.java:logGet(43)) - raft.server.rpc.timeout.min = 5s (custom)
2019-10-06 15:45:30,691 [pool-469-thread-1] INFO  server.RaftServerConfigKeys (ConfUtils.java:logGet(43)) - raft.server.rpc.timeout.max = 5200ms (custom)
2019-10-06 15:45:30,691 [pool-469-thread-1] INFO  server.RaftServerConfigKeys (ConfUtils.java:logGet(43)) - raft.server.rpcslowness.timeout = 120s (custom)
2019-10-06 15:45:30,691 [pool-469-thread-1] INFO  server.RaftServerConfigKeys (ConfUtils.java:logGet(43)) - raft.server.sleep.deviation.threshold = 300 (default)
2019-10-06 15:45:30,692 [pool-469-thread-1] INFO  server.RaftServerConfigKeys (ConfUtils.java:logGet(43)) - raft.server.log.appender.install.snapshot.enabled = false (custom)
2019-10-06 15:45:30,692 [pool-469-thread-1] INFO  impl.RaftServerImpl (ServerState.java:<init>(103)) - b6d847a4-7247-447a-b4f4-a3074f294230@group-8085E8DFFFE7: ConfigurationManager, init=-1: [b6d847a4-7247-447a-b4f4-a3074f294230:192.168.30.23:37755], old=null, confs=<EMPTY_MAP>
2019-10-06 15:45:30,692 [pool-469-thread-1] INFO  server.RaftServerConfigKeys (ConfUtils.java:logGet(43)) - raft.server.storage.dir = [/workdir/hadoop-ozone/integration-test/target/test-dir/MiniOzoneClusterImpl-71e09d98-8980-4f11-ada0-d4d272c3dff4/datanode-6/data/ratis] (custom)
2019-10-06 15:45:30,692 [pool-469-thread-1] INFO  server.RaftServerConfigKeys (ConfUtils.java:logGet(43)) - raft.server.log.corruption.policy = EXCEPTION (default)
2019-10-06 15:45:30,692 [pool-469-thread-1] INFO  storage.RaftStorageDirectory (RaftStorageDirectory.java:analyzeStorage(246)) - The storage directory /workdir/hadoop-ozone/integration-test/target/test-dir/MiniOzoneClusterImpl-71e09d98-8980-4f11-ada0-d4d272c3dff4/datanode-6/data/ratis/48e8fb31-532e-40e0-b2fe-8085e8dfffe7 does not exist. Creating ...
2019-10-06 15:45:30,694 [IPC Server handler 2 on 37905] INFO  volume.OMVolumeCreateRequest (OMVolumeCreateRequest.java:validateAndUpdateCache(193)) - created volume:testblockoutputstream for user:jenkins1000
2019-10-06 15:45:30,707 [main] INFO  rpc.RpcClient (RpcClient.java:createBucket(416)) - Creating Bucket: testblockoutputstream/testblockoutputstream, with Versioning false and Storage Type set to DISK and Encryption set to false 
2019-10-06 15:45:30,715 [pool-469-thread-1] INFO  storage.RaftStorageDirectory (RaftStorageDirectory.java:tryLock(328)) - Lock on /workdir/hadoop-ozone/integration-test/target/test-dir/MiniOzoneClusterImpl-71e09d98-8980-4f11-ada0-d4d272c3dff4/datanode-6/data/ratis/48e8fb31-532e-40e0-b2fe-8085e8dfffe7/in_use.lock acquired by nodename 13128@ozone-build-dev-nffdx-465010684
2019-10-06 15:45:30,739 [pool-469-thread-1] INFO  storage.RaftStorage (RaftStorage.java:format(84)) - Storage directory /workdir/hadoop-ozone/integration-test/target/test-dir/MiniOzoneClusterImpl-71e09d98-8980-4f11-ada0-d4d272c3dff4/datanode-6/data/ratis/48e8fb31-532e-40e0-b2fe-8085e8dfffe7 has been successfully formatted.
2019-10-06 15:45:30,740 [pool-469-thread-1] INFO  ratis.ContainerStateMachine (ContainerStateMachine.java:loadSnapshot(230)) - group-8085E8DFFFE7: The snapshot info is null. Setting the last applied indexto:(t:0, i:~)
2019-10-06 15:45:30,740 [pool-469-thread-1] INFO  server.RaftServerConfigKeys (ConfUtils.java:logGet(43)) - raft.server.notification.no-leader.timeout = 120s (custom)
2019-10-06 15:45:30,740 [pool-469-thread-1] INFO  server.RaftServerConfigKeys (ConfUtils.java:logGet(43)) - raft.server.log.use.memory = false (default)
2019-10-06 15:45:30,740 [pool-469-thread-1] INFO  server.RaftServerConfigKeys (ConfUtils.java:logGet(43)) - raft.server.log.purge.gap = 1000000 (custom)
2019-10-06 15:45:30,740 [pool-469-thread-1] INFO  server.RaftServerConfigKeys (ConfUtils.java:logGet(43)) - raft.server.log.appender.buffer.byte-limit = 33554432 (custom)
2019-10-06 15:45:30,741 [pool-469-thread-1] INFO  server.RaftServerConfigKeys (ConfUtils.java:logGet(43)) - raft.server.log.segment.size.max = 1048576 (custom)
2019-10-06 15:45:30,743 [pool-469-thread-1] INFO  server.RaftServerConfigKeys (ConfUtils.java:logGet(43)) - raft.server.log.segment.cache.num.max = 2 (custom)
2019-10-06 15:45:30,743 [pool-469-thread-1] INFO  segmented.SegmentedRaftLogWorker (SegmentedRaftLogWorker.java:<init>(173)) - new b6d847a4-7247-447a-b4f4-a3074f294230@group-8085E8DFFFE7-SegmentedRaftLogWorker for RaftStorage:Storage Directory /workdir/hadoop-ozone/integration-test/target/test-dir/MiniOzoneClusterImpl-71e09d98-8980-4f11-ada0-d4d272c3dff4/datanode-6/data/ratis/48e8fb31-532e-40e0-b2fe-8085e8dfffe7
2019-10-06 15:45:30,743 [pool-469-thread-1] INFO  server.RaftServerConfigKeys (ConfUtils.java:logGet(43)) - raft.server.log.queue.byte-limit = 2147483647 (custom)
2019-10-06 15:45:30,743 [pool-469-thread-1] INFO  server.RaftServerConfigKeys (ConfUtils.java:logGet(43)) - raft.server.log.queue.element-limit = 1024 (custom)
2019-10-06 15:45:30,744 [pool-469-thread-1] INFO  server.RaftServerConfigKeys (ConfUtils.java:logGet(43)) - raft.server.log.segment.size.max = 1048576 (custom)
2019-10-06 15:45:30,744 [pool-469-thread-1] INFO  server.RaftServerConfigKeys (ConfUtils.java:logGet(43)) - raft.server.log.preallocated.size = 16384 (custom)
2019-10-06 15:45:30,744 [pool-469-thread-1] INFO  server.RaftServerConfigKeys (ConfUtils.java:logGet(43)) - raft.server.log.write.buffer.size = 33554432 (custom)
2019-10-06 15:45:30,744 [pool-469-thread-1] INFO  server.RaftServerConfigKeys (ConfUtils.java:logGet(43)) - raft.server.log.force.sync.num = 128 (default)
2019-10-06 15:45:30,744 [pool-469-thread-1] INFO  server.RaftServerConfigKeys (ConfUtils.java:logGet(43)) - raft.server.log.statemachine.data.sync = true (default)
2019-10-06 15:45:30,744 [pool-469-thread-1] INFO  server.RaftServerConfigKeys (ConfUtils.java:logGet(43)) - raft.server.log.statemachine.data.sync.timeout = 10s (default)
2019-10-06 15:45:30,745 [pool-469-thread-1] INFO  server.RaftServerConfigKeys (ConfUtils.java:logGet(43)) - raft.server.log.statemachine.data.sync.timeout.retry = -1 (default)
2019-10-06 15:45:30,745 [pool-469-thread-1] INFO  server.RaftServerConfigKeys (ConfUtils.java:logGet(43)) - raft.server.log.statemachine.data.caching.enabled = true (custom)
2019-10-06 15:45:30,746 [pool-469-thread-1] INFO  segmented.SegmentedRaftLogWorker (SegmentedRaftLogWorker.java:lambda$new$0(128)) - b6d847a4-7247-447a-b4f4-a3074f294230@group-8085E8DFFFE7-SegmentedRaftLogWorker: flushIndex: setUnconditionally 0 -> -1
2019-10-06 15:45:30,746 [pool-469-thread-1] INFO  server.RaftServerConfigKeys (ConfUtils.java:logGet(43)) - raft.server.snapshot.auto.trigger.enabled = true (custom)
2019-10-06 15:45:30,746 [pool-469-thread-1] INFO  server.RaftServerConfigKeys (ConfUtils.java:logGet(43)) - raft.server.snapshot.auto.trigger.threshold = 10000 (custom)
2019-10-06 15:45:30,746 [pool-469-thread-1] INFO  server.RaftServerConfigKeys (ConfUtils.java:logGet(43)) - raft.server.snapshot.retention.file.num = 5 (custom)
2019-10-06 15:45:30,746 [pool-469-thread-1] INFO  server.RaftServerConfigKeys (ConfUtils.java:logGet(43)) - raft.server.retrycache.expirytime = 600000ms (custom)
2019-10-06 15:45:30,749 [pool-469-thread-1] INFO  impl.RaftServerImpl (RaftServerImpl.java:start(181)) - b6d847a4-7247-447a-b4f4-a3074f294230@group-8085E8DFFFE7: start as a follower, conf=-1: [b6d847a4-7247-447a-b4f4-a3074f294230:192.168.30.23:37755], old=null
2019-10-06 15:45:30,749 [pool-469-thread-1] INFO  impl.RaftServerImpl (RaftServerImpl.java:setRole(170)) - b6d847a4-7247-447a-b4f4-a3074f294230@group-8085E8DFFFE7: changes role from      null to FOLLOWER at term 0 for startAsFollower
2019-10-06 15:45:30,749 [pool-469-thread-1] INFO  impl.RoleInfo (RoleInfo.java:updateAndGet(143)) - b6d847a4-7247-447a-b4f4-a3074f294230: start FollowerState
2019-10-06 15:45:30,749 [pool-469-thread-1] INFO  util.JmxRegister (JmxRegister.java:tryRegister(44)) - Successfully registered JMX Bean with object name Ratis:service=RaftServer,group=group-8085E8DFFFE7,id=b6d847a4-7247-447a-b4f4-a3074f294230
2019-10-06 15:45:30,753 [RatisPipelineUtilsThread] INFO  pipeline.PipelineStateManager (PipelineStateManager.java:addPipeline(56)) - Created pipeline Pipeline[ Id: 48e8fb31-532e-40e0-b2fe-8085e8dfffe7, Nodes: b6d847a4-7247-447a-b4f4-a3074f294230{ip: 192.168.30.23, host: ozone-build-dev-nffdx-465010684, networkLocation: /default-rack, certSerialId: null}, Type:RATIS, Factor:ONE, State:OPEN]
2019-10-06 15:45:30,765 [grpc-default-executor-4] INFO  impl.RaftServerProxy (RaftServerProxy.java:addNew(89)) - 5727e973-ff17-48d6-b89a-ebfb40a52011: addNew group-D5C2317BD565:[b6d847a4-7247-447a-b4f4-a3074f294230:192.168.30.23:37755, 5727e973-ff17-48d6-b89a-ebfb40a52011:192.168.30.23:38455, 56c5c699-cd8e-4783-81cf-b77b98cbb0bb:192.168.30.23:43872] returns group-D5C2317BD565:java.util.concurrent.CompletableFuture@5a931726[Not completed]
2019-10-06 15:45:30,765 [grpc-default-executor-6] INFO  impl.RaftServerProxy (RaftServerProxy.java:addNew(89)) - b6d847a4-7247-447a-b4f4-a3074f294230: addNew group-D5C2317BD565:[b6d847a4-7247-447a-b4f4-a3074f294230:192.168.30.23:37755, 5727e973-ff17-48d6-b89a-ebfb40a52011:192.168.30.23:38455, 56c5c699-cd8e-4783-81cf-b77b98cbb0bb:192.168.30.23:43872] returns group-D5C2317BD565:java.util.concurrent.CompletableFuture@72528212[Not completed]
2019-10-06 15:45:30,765 [grpc-default-executor-7] INFO  impl.RaftServerProxy (RaftServerProxy.java:addNew(89)) - 56c5c699-cd8e-4783-81cf-b77b98cbb0bb: addNew group-D5C2317BD565:[b6d847a4-7247-447a-b4f4-a3074f294230:192.168.30.23:37755, 5727e973-ff17-48d6-b89a-ebfb40a52011:192.168.30.23:38455, 56c5c699-cd8e-4783-81cf-b77b98cbb0bb:192.168.30.23:43872] returns group-D5C2317BD565:java.util.concurrent.CompletableFuture@17e98ef[Not completed]
2019-10-06 15:45:30,767 [pool-469-thread-1] INFO  impl.RaftServerImpl (RaftServerImpl.java:<init>(95)) - b6d847a4-7247-447a-b4f4-a3074f294230: new RaftServerImpl for group-D5C2317BD565:[b6d847a4-7247-447a-b4f4-a3074f294230:192.168.30.23:37755, 5727e973-ff17-48d6-b89a-ebfb40a52011:192.168.30.23:38455, 56c5c699-cd8e-4783-81cf-b77b98cbb0bb:192.168.30.23:43872] with ContainerStateMachine:uninitialized
2019-10-06 15:45:30,767 [pool-469-thread-1] INFO  server.RaftServerConfigKeys (ConfUtils.java:logGet(43)) - raft.server.rpc.timeout.min = 5s (custom)
2019-10-06 15:45:30,767 [pool-469-thread-1] INFO  server.RaftServerConfigKeys (ConfUtils.java:logGet(43)) - raft.server.rpc.timeout.max = 5200ms (custom)
2019-10-06 15:45:30,767 [pool-459-thread-1] INFO  impl.RaftServerImpl (RaftServerImpl.java:<init>(95)) - 5727e973-ff17-48d6-b89a-ebfb40a52011: new RaftServerImpl for group-D5C2317BD565:[b6d847a4-7247-447a-b4f4-a3074f294230:192.168.30.23:37755, 5727e973-ff17-48d6-b89a-ebfb40a52011:192.168.30.23:38455, 56c5c699-cd8e-4783-81cf-b77b98cbb0bb:192.168.30.23:43872] with ContainerStateMachine:uninitialized
2019-10-06 15:45:30,767 [pool-469-thread-1] INFO  server.RaftServerConfigKeys (ConfUtils.java:logGet(43)) - raft.server.rpcslowness.timeout = 120s (custom)
2019-10-06 15:45:30,767 [pool-459-thread-1] INFO  server.RaftServerConfigKeys (ConfUtils.java:logGet(43)) - raft.server.rpc.timeout.min = 5s (custom)
2019-10-06 15:45:30,768 [pool-469-thread-1] INFO  server.RaftServerConfigKeys (ConfUtils.java:logGet(43)) - raft.server.sleep.deviation.threshold = 300 (default)
2019-10-06 15:45:30,768 [pool-459-thread-1] INFO  server.RaftServerConfigKeys (ConfUtils.java:logGet(43)) - raft.server.rpc.timeout.max = 5200ms (custom)
2019-10-06 15:45:30,768 [pool-439-thread-1] INFO  impl.RaftServerImpl (RaftServerImpl.java:<init>(95)) - 56c5c699-cd8e-4783-81cf-b77b98cbb0bb: new RaftServerImpl for group-D5C2317BD565:[b6d847a4-7247-447a-b4f4-a3074f294230:192.168.30.23:37755, 5727e973-ff17-48d6-b89a-ebfb40a52011:192.168.30.23:38455, 56c5c699-cd8e-4783-81cf-b77b98cbb0bb:192.168.30.23:43872] with ContainerStateMachine:uninitialized
2019-10-06 15:45:30,768 [pool-459-thread-1] INFO  server.RaftServerConfigKeys (ConfUtils.java:logGet(43)) - raft.server.rpcslowness.timeout = 120s (custom)
2019-10-06 15:45:30,768 [pool-469-thread-1] INFO  server.RaftServerConfigKeys (ConfUtils.java:logGet(43)) - raft.server.log.appender.install.snapshot.enabled = false (custom)
2019-10-06 15:45:30,768 [pool-459-thread-1] INFO  server.RaftServerConfigKeys (ConfUtils.java:logGet(43)) - raft.server.sleep.deviation.threshold = 300 (default)
2019-10-06 15:45:30,768 [pool-439-thread-1] INFO  server.RaftServerConfigKeys (ConfUtils.java:logGet(43)) - raft.server.rpc.timeout.min = 5s (custom)
2019-10-06 15:45:30,768 [pool-459-thread-1] INFO  server.RaftServerConfigKeys (ConfUtils.java:logGet(43)) - raft.server.log.appender.install.snapshot.enabled = false (custom)
2019-10-06 15:45:30,768 [pool-469-thread-1] INFO  impl.RaftServerImpl (ServerState.java:<init>(103)) - b6d847a4-7247-447a-b4f4-a3074f294230@group-D5C2317BD565: ConfigurationManager, init=-1: [b6d847a4-7247-447a-b4f4-a3074f294230:192.168.30.23:37755, 5727e973-ff17-48d6-b89a-ebfb40a52011:192.168.30.23:38455, 56c5c699-cd8e-4783-81cf-b77b98cbb0bb:192.168.30.23:43872], old=null, confs=<EMPTY_MAP>
2019-10-06 15:45:30,769 [pool-459-thread-1] INFO  impl.RaftServerImpl (ServerState.java:<init>(103)) - 5727e973-ff17-48d6-b89a-ebfb40a52011@group-D5C2317BD565: ConfigurationManager, init=-1: [b6d847a4-7247-447a-b4f4-a3074f294230:192.168.30.23:37755, 5727e973-ff17-48d6-b89a-ebfb40a52011:192.168.30.23:38455, 56c5c699-cd8e-4783-81cf-b77b98cbb0bb:192.168.30.23:43872], old=null, confs=<EMPTY_MAP>
2019-10-06 15:45:30,769 [pool-439-thread-1] INFO  server.RaftServerConfigKeys (ConfUtils.java:logGet(43)) - raft.server.rpc.timeout.max = 5200ms (custom)
2019-10-06 15:45:30,769 [pool-459-thread-1] INFO  server.RaftServerConfigKeys (ConfUtils.java:logGet(43)) - raft.server.storage.dir = [/workdir/hadoop-ozone/integration-test/target/test-dir/MiniOzoneClusterImpl-71e09d98-8980-4f11-ada0-d4d272c3dff4/datanode-5/data/ratis] (custom)
2019-10-06 15:45:30,769 [pool-469-thread-1] INFO  server.RaftServerConfigKeys (ConfUtils.java:logGet(43)) - raft.server.storage.dir = [/workdir/hadoop-ozone/integration-test/target/test-dir/MiniOzoneClusterImpl-71e09d98-8980-4f11-ada0-d4d272c3dff4/datanode-6/data/ratis] (custom)
2019-10-06 15:45:30,769 [pool-439-thread-1] INFO  server.RaftServerConfigKeys (ConfUtils.java:logGet(43)) - raft.server.rpcslowness.timeout = 120s (custom)
2019-10-06 15:45:30,769 [pool-469-thread-1] INFO  server.RaftServerConfigKeys (ConfUtils.java:logGet(43)) - raft.server.log.corruption.policy = EXCEPTION (default)
2019-10-06 15:45:30,769 [pool-459-thread-1] INFO  server.RaftServerConfigKeys (ConfUtils.java:logGet(43)) - raft.server.log.corruption.policy = EXCEPTION (default)
2019-10-06 15:45:30,770 [pool-469-thread-1] INFO  storage.RaftStorageDirectory (RaftStorageDirectory.java:analyzeStorage(246)) - The storage directory /workdir/hadoop-ozone/integration-test/target/test-dir/MiniOzoneClusterImpl-71e09d98-8980-4f11-ada0-d4d272c3dff4/datanode-6/data/ratis/5b1483af-8b1e-4746-ad14-d5c2317bd565 does not exist. Creating ...
2019-10-06 15:45:30,769 [pool-439-thread-1] INFO  server.RaftServerConfigKeys (ConfUtils.java:logGet(43)) - raft.server.sleep.deviation.threshold = 300 (default)
2019-10-06 15:45:30,770 [pool-459-thread-1] INFO  storage.RaftStorageDirectory (RaftStorageDirectory.java:analyzeStorage(246)) - The storage directory /workdir/hadoop-ozone/integration-test/target/test-dir/MiniOzoneClusterImpl-71e09d98-8980-4f11-ada0-d4d272c3dff4/datanode-5/data/ratis/5b1483af-8b1e-4746-ad14-d5c2317bd565 does not exist. Creating ...
2019-10-06 15:45:30,770 [pool-439-thread-1] INFO  server.RaftServerConfigKeys (ConfUtils.java:logGet(43)) - raft.server.log.appender.install.snapshot.enabled = false (custom)
2019-10-06 15:45:30,770 [pool-439-thread-1] INFO  impl.RaftServerImpl (ServerState.java:<init>(103)) - 56c5c699-cd8e-4783-81cf-b77b98cbb0bb@group-D5C2317BD565: ConfigurationManager, init=-1: [b6d847a4-7247-447a-b4f4-a3074f294230:192.168.30.23:37755, 5727e973-ff17-48d6-b89a-ebfb40a52011:192.168.30.23:38455, 56c5c699-cd8e-4783-81cf-b77b98cbb0bb:192.168.30.23:43872], old=null, confs=<EMPTY_MAP>
2019-10-06 15:45:30,770 [pool-439-thread-1] INFO  server.RaftServerConfigKeys (ConfUtils.java:logGet(43)) - raft.server.storage.dir = [/workdir/hadoop-ozone/integration-test/target/test-dir/MiniOzoneClusterImpl-71e09d98-8980-4f11-ada0-d4d272c3dff4/datanode-3/data/ratis] (custom)
2019-10-06 15:45:30,771 [pool-439-thread-1] INFO  server.RaftServerConfigKeys (ConfUtils.java:logGet(43)) - raft.server.log.corruption.policy = EXCEPTION (default)
2019-10-06 15:45:30,771 [pool-439-thread-1] INFO  storage.RaftStorageDirectory (RaftStorageDirectory.java:analyzeStorage(246)) - The storage directory /workdir/hadoop-ozone/integration-test/target/test-dir/MiniOzoneClusterImpl-71e09d98-8980-4f11-ada0-d4d272c3dff4/datanode-3/data/ratis/5b1483af-8b1e-4746-ad14-d5c2317bd565 does not exist. Creating ...
2019-10-06 15:45:30,783 [pool-469-thread-1] INFO  storage.RaftStorageDirectory (RaftStorageDirectory.java:tryLock(328)) - Lock on /workdir/hadoop-ozone/integration-test/target/test-dir/MiniOzoneClusterImpl-71e09d98-8980-4f11-ada0-d4d272c3dff4/datanode-6/data/ratis/5b1483af-8b1e-4746-ad14-d5c2317bd565/in_use.lock acquired by nodename 13128@ozone-build-dev-nffdx-465010684
2019-10-06 15:45:30,783 [pool-439-thread-1] INFO  storage.RaftStorageDirectory (RaftStorageDirectory.java:tryLock(328)) - Lock on /workdir/hadoop-ozone/integration-test/target/test-dir/MiniOzoneClusterImpl-71e09d98-8980-4f11-ada0-d4d272c3dff4/datanode-3/data/ratis/5b1483af-8b1e-4746-ad14-d5c2317bd565/in_use.lock acquired by nodename 13128@ozone-build-dev-nffdx-465010684
2019-10-06 15:45:30,783 [pool-459-thread-1] INFO  storage.RaftStorageDirectory (RaftStorageDirectory.java:tryLock(328)) - Lock on /workdir/hadoop-ozone/integration-test/target/test-dir/MiniOzoneClusterImpl-71e09d98-8980-4f11-ada0-d4d272c3dff4/datanode-5/data/ratis/5b1483af-8b1e-4746-ad14-d5c2317bd565/in_use.lock acquired by nodename 13128@ozone-build-dev-nffdx-465010684
2019-10-06 15:45:30,801 [pool-459-thread-1] INFO  storage.RaftStorage (RaftStorage.java:format(84)) - Storage directory /workdir/hadoop-ozone/integration-test/target/test-dir/MiniOzoneClusterImpl-71e09d98-8980-4f11-ada0-d4d272c3dff4/datanode-5/data/ratis/5b1483af-8b1e-4746-ad14-d5c2317bd565 has been successfully formatted.
2019-10-06 15:45:30,801 [pool-439-thread-1] INFO  storage.RaftStorage (RaftStorage.java:format(84)) - Storage directory /workdir/hadoop-ozone/integration-test/target/test-dir/MiniOzoneClusterImpl-71e09d98-8980-4f11-ada0-d4d272c3dff4/datanode-3/data/ratis/5b1483af-8b1e-4746-ad14-d5c2317bd565 has been successfully formatted.
2019-10-06 15:45:30,802 [pool-459-thread-1] INFO  ratis.ContainerStateMachine (ContainerStateMachine.java:loadSnapshot(230)) - group-D5C2317BD565: The snapshot info is null. Setting the last applied indexto:(t:0, i:~)
2019-10-06 15:45:30,801 [pool-469-thread-1] INFO  storage.RaftStorage (RaftStorage.java:format(84)) - Storage directory /workdir/hadoop-ozone/integration-test/target/test-dir/MiniOzoneClusterImpl-71e09d98-8980-4f11-ada0-d4d272c3dff4/datanode-6/data/ratis/5b1483af-8b1e-4746-ad14-d5c2317bd565 has been successfully formatted.
2019-10-06 15:45:30,802 [pool-439-thread-1] INFO  ratis.ContainerStateMachine (ContainerStateMachine.java:loadSnapshot(230)) - group-D5C2317BD565: The snapshot info is null. Setting the last applied indexto:(t:0, i:~)
2019-10-06 15:45:30,802 [pool-459-thread-1] INFO  server.RaftServerConfigKeys (ConfUtils.java:logGet(43)) - raft.server.notification.no-leader.timeout = 120s (custom)
2019-10-06 15:45:30,802 [pool-439-thread-1] INFO  server.RaftServerConfigKeys (ConfUtils.java:logGet(43)) - raft.server.notification.no-leader.timeout = 120s (custom)
2019-10-06 15:45:30,802 [pool-469-thread-1] INFO  ratis.ContainerStateMachine (ContainerStateMachine.java:loadSnapshot(230)) - group-D5C2317BD565: The snapshot info is null. Setting the last applied indexto:(t:0, i:~)
2019-10-06 15:45:30,802 [pool-439-thread-1] INFO  server.RaftServerConfigKeys (ConfUtils.java:logGet(43)) - raft.server.log.use.memory = false (default)
2019-10-06 15:45:30,802 [pool-459-thread-1] INFO  server.RaftServerConfigKeys (ConfUtils.java:logGet(43)) - raft.server.log.use.memory = false (default)
2019-10-06 15:45:30,803 [pool-439-thread-1] INFO  server.RaftServerConfigKeys (ConfUtils.java:logGet(43)) - raft.server.log.purge.gap = 1000000 (custom)
2019-10-06 15:45:30,802 [pool-469-thread-1] INFO  server.RaftServerConfigKeys (ConfUtils.java:logGet(43)) - raft.server.notification.no-leader.timeout = 120s (custom)
2019-10-06 15:45:30,803 [pool-439-thread-1] INFO  server.RaftServerConfigKeys (ConfUtils.java:logGet(43)) - raft.server.log.appender.buffer.byte-limit = 33554432 (custom)
2019-10-06 15:45:30,803 [pool-459-thread-1] INFO  server.RaftServerConfigKeys (ConfUtils.java:logGet(43)) - raft.server.log.purge.gap = 1000000 (custom)
2019-10-06 15:45:30,803 [pool-439-thread-1] INFO  server.RaftServerConfigKeys (ConfUtils.java:logGet(43)) - raft.server.log.segment.size.max = 1048576 (custom)
2019-10-06 15:45:30,803 [pool-469-thread-1] INFO  server.RaftServerConfigKeys (ConfUtils.java:logGet(43)) - raft.server.log.use.memory = false (default)
2019-10-06 15:45:30,803 [pool-439-thread-1] INFO  server.RaftServerConfigKeys (ConfUtils.java:logGet(43)) - raft.server.log.segment.cache.num.max = 2 (custom)
2019-10-06 15:45:30,803 [pool-459-thread-1] INFO  server.RaftServerConfigKeys (ConfUtils.java:logGet(43)) - raft.server.log.appender.buffer.byte-limit = 33554432 (custom)
2019-10-06 15:45:30,804 [pool-439-thread-1] INFO  segmented.SegmentedRaftLogWorker (SegmentedRaftLogWorker.java:<init>(173)) - new 56c5c699-cd8e-4783-81cf-b77b98cbb0bb@group-D5C2317BD565-SegmentedRaftLogWorker for RaftStorage:Storage Directory /workdir/hadoop-ozone/integration-test/target/test-dir/MiniOzoneClusterImpl-71e09d98-8980-4f11-ada0-d4d272c3dff4/datanode-3/data/ratis/5b1483af-8b1e-4746-ad14-d5c2317bd565
2019-10-06 15:45:30,804 [pool-439-thread-1] INFO  server.RaftServerConfigKeys (ConfUtils.java:logGet(43)) - raft.server.log.queue.byte-limit = 2147483647 (custom)
2019-10-06 15:45:30,803 [pool-469-thread-1] INFO  server.RaftServerConfigKeys (ConfUtils.java:logGet(43)) - raft.server.log.purge.gap = 1000000 (custom)
2019-10-06 15:45:30,804 [pool-439-thread-1] INFO  server.RaftServerConfigKeys (ConfUtils.java:logGet(43)) - raft.server.log.queue.element-limit = 1024 (custom)
2019-10-06 15:45:30,804 [pool-459-thread-1] INFO  server.RaftServerConfigKeys (ConfUtils.java:logGet(43)) - raft.server.log.segment.size.max = 1048576 (custom)
2019-10-06 15:45:30,804 [pool-439-thread-1] INFO  server.RaftServerConfigKeys (ConfUtils.java:logGet(43)) - raft.server.log.segment.size.max = 1048576 (custom)
2019-10-06 15:45:30,804 [pool-469-thread-1] INFO  server.RaftServerConfigKeys (ConfUtils.java:logGet(43)) - raft.server.log.appender.buffer.byte-limit = 33554432 (custom)
2019-10-06 15:45:30,804 [pool-439-thread-1] INFO  server.RaftServerConfigKeys (ConfUtils.java:logGet(43)) - raft.server.log.preallocated.size = 16384 (custom)
2019-10-06 15:45:30,804 [pool-459-thread-1] INFO  server.RaftServerConfigKeys (ConfUtils.java:logGet(43)) - raft.server.log.segment.cache.num.max = 2 (custom)
2019-10-06 15:45:30,805 [pool-439-thread-1] INFO  server.RaftServerConfigKeys (ConfUtils.java:logGet(43)) - raft.server.log.write.buffer.size = 33554432 (custom)
2019-10-06 15:45:30,805 [pool-469-thread-1] INFO  server.RaftServerConfigKeys (ConfUtils.java:logGet(43)) - raft.server.log.segment.size.max = 1048576 (custom)
2019-10-06 15:45:30,805 [pool-439-thread-1] INFO  server.RaftServerConfigKeys (ConfUtils.java:logGet(43)) - raft.server.log.force.sync.num = 128 (default)
2019-10-06 15:45:30,805 [pool-459-thread-1] INFO  segmented.SegmentedRaftLogWorker (SegmentedRaftLogWorker.java:<init>(173)) - new 5727e973-ff17-48d6-b89a-ebfb40a52011@group-D5C2317BD565-SegmentedRaftLogWorker for RaftStorage:Storage Directory /workdir/hadoop-ozone/integration-test/target/test-dir/MiniOzoneClusterImpl-71e09d98-8980-4f11-ada0-d4d272c3dff4/datanode-5/data/ratis/5b1483af-8b1e-4746-ad14-d5c2317bd565
2019-10-06 15:45:30,805 [pool-439-thread-1] INFO  server.RaftServerConfigKeys (ConfUtils.java:logGet(43)) - raft.server.log.statemachine.data.sync = true (default)
2019-10-06 15:45:30,805 [pool-469-thread-1] INFO  server.RaftServerConfigKeys (ConfUtils.java:logGet(43)) - raft.server.log.segment.cache.num.max = 2 (custom)
2019-10-06 15:45:30,806 [pool-439-thread-1] INFO  server.RaftServerConfigKeys (ConfUtils.java:logGet(43)) - raft.server.log.statemachine.data.sync.timeout = 10s (default)
2019-10-06 15:45:30,805 [pool-459-thread-1] INFO  server.RaftServerConfigKeys (ConfUtils.java:logGet(43)) - raft.server.log.queue.byte-limit = 2147483647 (custom)
2019-10-06 15:45:30,806 [pool-439-thread-1] INFO  server.RaftServerConfigKeys (ConfUtils.java:logGet(43)) - raft.server.log.statemachine.data.sync.timeout.retry = -1 (default)
2019-10-06 15:45:30,806 [pool-469-thread-1] INFO  segmented.SegmentedRaftLogWorker (SegmentedRaftLogWorker.java:<init>(173)) - new b6d847a4-7247-447a-b4f4-a3074f294230@group-D5C2317BD565-SegmentedRaftLogWorker for RaftStorage:Storage Directory /workdir/hadoop-ozone/integration-test/target/test-dir/MiniOzoneClusterImpl-71e09d98-8980-4f11-ada0-d4d272c3dff4/datanode-6/data/ratis/5b1483af-8b1e-4746-ad14-d5c2317bd565
2019-10-06 15:45:30,806 [pool-439-thread-1] INFO  server.RaftServerConfigKeys (ConfUtils.java:logGet(43)) - raft.server.log.statemachine.data.caching.enabled = true (custom)
2019-10-06 15:45:30,806 [pool-459-thread-1] INFO  server.RaftServerConfigKeys (ConfUtils.java:logGet(43)) - raft.server.log.queue.element-limit = 1024 (custom)
2019-10-06 15:45:30,806 [pool-469-thread-1] INFO  server.RaftServerConfigKeys (ConfUtils.java:logGet(43)) - raft.server.log.queue.byte-limit = 2147483647 (custom)
2019-10-06 15:45:30,806 [pool-439-thread-1] INFO  segmented.SegmentedRaftLogWorker (SegmentedRaftLogWorker.java:lambda$new$0(128)) - 56c5c699-cd8e-4783-81cf-b77b98cbb0bb@group-D5C2317BD565-SegmentedRaftLogWorker: flushIndex: setUnconditionally 0 -> -1
2019-10-06 15:45:30,806 [pool-459-thread-1] INFO  server.RaftServerConfigKeys (ConfUtils.java:logGet(43)) - raft.server.log.segment.size.max = 1048576 (custom)
2019-10-06 15:45:30,807 [pool-469-thread-1] INFO  server.RaftServerConfigKeys (ConfUtils.java:logGet(43)) - raft.server.log.queue.element-limit = 1024 (custom)
2019-10-06 15:45:30,807 [pool-459-thread-1] INFO  server.RaftServerConfigKeys (ConfUtils.java:logGet(43)) - raft.server.log.preallocated.size = 16384 (custom)
2019-10-06 15:45:30,807 [pool-439-thread-1] INFO  server.RaftServerConfigKeys (ConfUtils.java:logGet(43)) - raft.server.snapshot.auto.trigger.enabled = true (custom)
2019-10-06 15:45:30,807 [pool-469-thread-1] INFO  server.RaftServerConfigKeys (ConfUtils.java:logGet(43)) - raft.server.log.segment.size.max = 1048576 (custom)
2019-10-06 15:45:30,807 [pool-439-thread-1] INFO  server.RaftServerConfigKeys (ConfUtils.java:logGet(43)) - raft.server.snapshot.auto.trigger.threshold = 10000 (custom)
2019-10-06 15:45:30,807 [pool-459-thread-1] INFO  server.RaftServerConfigKeys (ConfUtils.java:logGet(43)) - raft.server.log.write.buffer.size = 33554432 (custom)
2019-10-06 15:45:30,807 [pool-439-thread-1] INFO  server.RaftServerConfigKeys (ConfUtils.java:logGet(43)) - raft.server.snapshot.retention.file.num = 5 (custom)
2019-10-06 15:45:30,807 [pool-469-thread-1] INFO  server.RaftServerConfigKeys (ConfUtils.java:logGet(43)) - raft.server.log.preallocated.size = 16384 (custom)
2019-10-06 15:45:30,808 [pool-439-thread-1] INFO  server.RaftServerConfigKeys (ConfUtils.java:logGet(43)) - raft.server.retrycache.expirytime = 600000ms (custom)
2019-10-06 15:45:30,807 [pool-459-thread-1] INFO  server.RaftServerConfigKeys (ConfUtils.java:logGet(43)) - raft.server.log.force.sync.num = 128 (default)
2019-10-06 15:45:30,808 [pool-469-thread-1] INFO  server.RaftServerConfigKeys (ConfUtils.java:logGet(43)) - raft.server.log.write.buffer.size = 33554432 (custom)
2019-10-06 15:45:30,808 [pool-459-thread-1] INFO  server.RaftServerConfigKeys (ConfUtils.java:logGet(43)) - raft.server.log.statemachine.data.sync = true (default)
2019-10-06 15:45:30,808 [pool-469-thread-1] INFO  server.RaftServerConfigKeys (ConfUtils.java:logGet(43)) - raft.server.log.force.sync.num = 128 (default)
2019-10-06 15:45:30,808 [pool-459-thread-1] INFO  server.RaftServerConfigKeys (ConfUtils.java:logGet(43)) - raft.server.log.statemachine.data.sync.timeout = 10s (default)
2019-10-06 15:45:30,808 [pool-469-thread-1] INFO  server.RaftServerConfigKeys (ConfUtils.java:logGet(43)) - raft.server.log.statemachine.data.sync = true (default)
2019-10-06 15:45:30,808 [pool-459-thread-1] INFO  server.RaftServerConfigKeys (ConfUtils.java:logGet(43)) - raft.server.log.statemachine.data.sync.timeout.retry = -1 (default)
2019-10-06 15:45:30,808 [pool-469-thread-1] INFO  server.RaftServerConfigKeys (ConfUtils.java:logGet(43)) - raft.server.log.statemachine.data.sync.timeout = 10s (default)
2019-10-06 15:45:30,809 [pool-469-thread-1] INFO  server.RaftServerConfigKeys (ConfUtils.java:logGet(43)) - raft.server.log.statemachine.data.sync.timeout.retry = -1 (default)
2019-10-06 15:45:30,809 [pool-459-thread-1] INFO  server.RaftServerConfigKeys (ConfUtils.java:logGet(43)) - raft.server.log.statemachine.data.caching.enabled = true (custom)
2019-10-06 15:45:30,809 [pool-469-thread-1] INFO  server.RaftServerConfigKeys (ConfUtils.java:logGet(43)) - raft.server.log.statemachine.data.caching.enabled = true (custom)
2019-10-06 15:45:30,809 [pool-459-thread-1] INFO  segmented.SegmentedRaftLogWorker (SegmentedRaftLogWorker.java:lambda$new$0(128)) - 5727e973-ff17-48d6-b89a-ebfb40a52011@group-D5C2317BD565-SegmentedRaftLogWorker: flushIndex: setUnconditionally 0 -> -1
2019-10-06 15:45:30,809 [pool-469-thread-1] INFO  segmented.SegmentedRaftLogWorker (SegmentedRaftLogWorker.java:lambda$new$0(128)) - b6d847a4-7247-447a-b4f4-a3074f294230@group-D5C2317BD565-SegmentedRaftLogWorker: flushIndex: setUnconditionally 0 -> -1
2019-10-06 15:45:30,809 [pool-459-thread-1] INFO  server.RaftServerConfigKeys (ConfUtils.java:logGet(43)) - raft.server.snapshot.auto.trigger.enabled = true (custom)
2019-10-06 15:45:30,809 [pool-459-thread-1] INFO  server.RaftServerConfigKeys (ConfUtils.java:logGet(43)) - raft.server.snapshot.auto.trigger.threshold = 10000 (custom)
2019-10-06 15:45:30,809 [pool-469-thread-1] INFO  server.RaftServerConfigKeys (ConfUtils.java:logGet(43)) - raft.server.snapshot.auto.trigger.enabled = true (custom)
2019-10-06 15:45:30,809 [pool-459-thread-1] INFO  server.RaftServerConfigKeys (ConfUtils.java:logGet(43)) - raft.server.snapshot.retention.file.num = 5 (custom)
2019-10-06 15:45:30,809 [pool-469-thread-1] INFO  server.RaftServerConfigKeys (ConfUtils.java:logGet(43)) - raft.server.snapshot.auto.trigger.threshold = 10000 (custom)
2019-10-06 15:45:30,809 [pool-459-thread-1] INFO  server.RaftServerConfigKeys (ConfUtils.java:logGet(43)) - raft.server.retrycache.expirytime = 600000ms (custom)
2019-10-06 15:45:30,809 [pool-469-thread-1] INFO  server.RaftServerConfigKeys (ConfUtils.java:logGet(43)) - raft.server.snapshot.retention.file.num = 5 (custom)
2019-10-06 15:45:30,810 [pool-469-thread-1] INFO  server.RaftServerConfigKeys (ConfUtils.java:logGet(43)) - raft.server.retrycache.expirytime = 600000ms (custom)
2019-10-06 15:45:30,810 [pool-439-thread-1] INFO  impl.RaftServerImpl (RaftServerImpl.java:start(181)) - 56c5c699-cd8e-4783-81cf-b77b98cbb0bb@group-D5C2317BD565: start as a follower, conf=-1: [b6d847a4-7247-447a-b4f4-a3074f294230:192.168.30.23:37755, 5727e973-ff17-48d6-b89a-ebfb40a52011:192.168.30.23:38455, 56c5c699-cd8e-4783-81cf-b77b98cbb0bb:192.168.30.23:43872], old=null
2019-10-06 15:45:30,810 [pool-439-thread-1] INFO  impl.RaftServerImpl (RaftServerImpl.java:setRole(170)) - 56c5c699-cd8e-4783-81cf-b77b98cbb0bb@group-D5C2317BD565: changes role from      null to FOLLOWER at term 0 for startAsFollower
2019-10-06 15:45:30,810 [pool-439-thread-1] INFO  impl.RoleInfo (RoleInfo.java:updateAndGet(143)) - 56c5c699-cd8e-4783-81cf-b77b98cbb0bb: start FollowerState
2019-10-06 15:45:30,811 [pool-439-thread-1] INFO  util.JmxRegister (JmxRegister.java:tryRegister(44)) - Successfully registered JMX Bean with object name Ratis:service=RaftServer,group=group-D5C2317BD565,id=56c5c699-cd8e-4783-81cf-b77b98cbb0bb
2019-10-06 15:45:30,811 [pool-459-thread-1] INFO  impl.RaftServerImpl (RaftServerImpl.java:start(181)) - 5727e973-ff17-48d6-b89a-ebfb40a52011@group-D5C2317BD565: start as a follower, conf=-1: [b6d847a4-7247-447a-b4f4-a3074f294230:192.168.30.23:37755, 5727e973-ff17-48d6-b89a-ebfb40a52011:192.168.30.23:38455, 56c5c699-cd8e-4783-81cf-b77b98cbb0bb:192.168.30.23:43872], old=null
2019-10-06 15:45:30,811 [pool-459-thread-1] INFO  impl.RaftServerImpl (RaftServerImpl.java:setRole(170)) - 5727e973-ff17-48d6-b89a-ebfb40a52011@group-D5C2317BD565: changes role from      null to FOLLOWER at term 0 for startAsFollower
2019-10-06 15:45:30,811 [pool-459-thread-1] INFO  impl.RoleInfo (RoleInfo.java:updateAndGet(143)) - 5727e973-ff17-48d6-b89a-ebfb40a52011: start FollowerState
2019-10-06 15:45:30,811 [pool-469-thread-1] INFO  impl.RaftServerImpl (RaftServerImpl.java:start(181)) - b6d847a4-7247-447a-b4f4-a3074f294230@group-D5C2317BD565: start as a follower, conf=-1: [b6d847a4-7247-447a-b4f4-a3074f294230:192.168.30.23:37755, 5727e973-ff17-48d6-b89a-ebfb40a52011:192.168.30.23:38455, 56c5c699-cd8e-4783-81cf-b77b98cbb0bb:192.168.30.23:43872], old=null
2019-10-06 15:45:30,811 [pool-469-thread-1] INFO  impl.RaftServerImpl (RaftServerImpl.java:setRole(170)) - b6d847a4-7247-447a-b4f4-a3074f294230@group-D5C2317BD565: changes role from      null to FOLLOWER at term 0 for startAsFollower
2019-10-06 15:45:30,812 [pool-469-thread-1] INFO  impl.RoleInfo (RoleInfo.java:updateAndGet(143)) - b6d847a4-7247-447a-b4f4-a3074f294230: start FollowerState
2019-10-06 15:45:30,812 [pool-459-thread-1] INFO  util.JmxRegister (JmxRegister.java:tryRegister(44)) - Successfully registered JMX Bean with object name Ratis:service=RaftServer,group=group-D5C2317BD565,id=5727e973-ff17-48d6-b89a-ebfb40a52011
2019-10-06 15:45:30,812 [pool-469-thread-1] INFO  util.JmxRegister (JmxRegister.java:tryRegister(44)) - Successfully registered JMX Bean with object name Ratis:service=RaftServer,group=group-D5C2317BD565,id=b6d847a4-7247-447a-b4f4-a3074f294230
2019-10-06 15:45:30,817 [RatisPipelineUtilsThread] INFO  pipeline.PipelineStateManager (PipelineStateManager.java:addPipeline(56)) - Created pipeline Pipeline[ Id: 5b1483af-8b1e-4746-ad14-d5c2317bd565, Nodes: 5727e973-ff17-48d6-b89a-ebfb40a52011{ip: 192.168.30.23, host: ozone-build-dev-nffdx-465010684, networkLocation: /default-rack, certSerialId: null}56c5c699-cd8e-4783-81cf-b77b98cbb0bb{ip: 192.168.30.23, host: ozone-build-dev-nffdx-465010684, networkLocation: /default-rack, certSerialId: null}b6d847a4-7247-447a-b4f4-a3074f294230{ip: 192.168.30.23, host: ozone-build-dev-nffdx-465010684, networkLocation: /default-rack, certSerialId: null}, Type:RATIS, Factor:THREE, State:OPEN]
2019-10-06 15:45:33,228 [Thread-3029] INFO  container.ReplicationManager (ReplicationManager.java:start(162)) - Starting Replication Monitor Thread.
2019-10-06 15:45:33,236 [ReplicationMonitor] INFO  container.ReplicationManager (ReplicationManager.java:run(225)) - Replication Monitor Thread took 1 milliseconds for processing 1 containers.
2019-10-06 15:45:35,312 [Thread-3031] INFO  impl.FollowerState (FollowerState.java:run(108)) - 090b6ce4-537e-4258-b6c0-061514e97930@group-5A73B10B42EE-FollowerState: change to CANDIDATE, lastRpcTime:5036ms, electionTimeout:5036ms
2019-10-06 15:45:35,317 [Thread-3031] INFO  impl.RoleInfo (RoleInfo.java:shutdownFollowerState(121)) - 090b6ce4-537e-4258-b6c0-061514e97930: shutdown FollowerState
2019-10-06 15:45:35,317 [Thread-3031] INFO  impl.RaftServerImpl (RaftServerImpl.java:setRole(170)) - 090b6ce4-537e-4258-b6c0-061514e97930@group-5A73B10B42EE: changes role from  FOLLOWER to CANDIDATE at term 0 for changeToCandidate
2019-10-06 15:45:35,317 [Thread-3031] INFO  impl.RoleInfo (RoleInfo.java:updateAndGet(143)) - 090b6ce4-537e-4258-b6c0-061514e97930: start LeaderElection
2019-10-06 15:45:35,339 [090b6ce4-537e-4258-b6c0-061514e97930@group-5A73B10B42EE-LeaderElection57] INFO  impl.LeaderElection (LeaderElection.java:askForVotes(178)) - 090b6ce4-537e-4258-b6c0-061514e97930@group-5A73B10B42EE-LeaderElection57: begin an election at term 1 for -1: [090b6ce4-537e-4258-b6c0-061514e97930:192.168.30.23:38838], old=null
2019-10-06 15:45:35,340 [090b6ce4-537e-4258-b6c0-061514e97930@group-5A73B10B42EE-LeaderElection57] INFO  impl.RoleInfo (RoleInfo.java:shutdownLeaderElection(134)) - 090b6ce4-537e-4258-b6c0-061514e97930: shutdown LeaderElection
2019-10-06 15:45:35,340 [090b6ce4-537e-4258-b6c0-061514e97930@group-5A73B10B42EE-LeaderElection57] INFO  impl.RaftServerImpl (RaftServerImpl.java:setRole(170)) - 090b6ce4-537e-4258-b6c0-061514e97930@group-5A73B10B42EE: changes role from CANDIDATE to LEADER at term 1 for changeToLeader
2019-10-06 15:45:35,341 [090b6ce4-537e-4258-b6c0-061514e97930@group-5A73B10B42EE-LeaderElection57] INFO  impl.RaftServerImpl (ServerState.java:setLeader(255)) - 090b6ce4-537e-4258-b6c0-061514e97930@group-5A73B10B42EE: change Leader from null to 090b6ce4-537e-4258-b6c0-061514e97930 at term 1 for becomeLeader, leader elected after 5073ms
2019-10-06 15:45:35,341 [090b6ce4-537e-4258-b6c0-061514e97930@group-5A73B10B42EE-LeaderElection57] INFO  server.RaftServerConfigKeys (ConfUtils.java:logGet(43)) - raft.server.staging.catchup.gap = 1000 (default)
2019-10-06 15:45:35,342 [090b6ce4-537e-4258-b6c0-061514e97930@group-5A73B10B42EE-LeaderElection57] INFO  server.RaftServerConfigKeys (ConfUtils.java:logGet(43)) - raft.server.rpc.sleep.time = 25ms (default)
2019-10-06 15:45:35,342 [090b6ce4-537e-4258-b6c0-061514e97930@group-5A73B10B42EE-LeaderElection57] INFO  server.RaftServerConfigKeys (ConfUtils.java:logGet(43)) - raft.server.write.element-limit = 4096 (default)
2019-10-06 15:45:35,343 [090b6ce4-537e-4258-b6c0-061514e97930@group-5A73B10B42EE-LeaderElection57] INFO  server.RaftServerConfigKeys (ConfUtils.java:logGet(43)) - raft.server.watch.timeout = 10s (default)
2019-10-06 15:45:35,343 [090b6ce4-537e-4258-b6c0-061514e97930@group-5A73B10B42EE-LeaderElection57] INFO  server.RaftServerConfigKeys (ConfUtils.java:logGet(43)) - raft.server.watch.timeout.denomination = 1s (default)
2019-10-06 15:45:35,343 [090b6ce4-537e-4258-b6c0-061514e97930@group-5A73B10B42EE-LeaderElection57] INFO  server.RaftServerConfigKeys (ConfUtils.java:logGet(43)) - raft.server.watch.element-limit = 65536 (default)
2019-10-06 15:45:35,348 [090b6ce4-537e-4258-b6c0-061514e97930@group-5A73B10B42EE-LeaderElection57] INFO  impl.RoleInfo (RoleInfo.java:updateAndGet(143)) - 090b6ce4-537e-4258-b6c0-061514e97930: start LeaderState
2019-10-06 15:45:35,349 [090b6ce4-537e-4258-b6c0-061514e97930@group-5A73B10B42EE-LeaderElection57] INFO  segmented.SegmentedRaftLogWorker (SegmentedRaftLogWorker.java:startLogSegment(385)) - 090b6ce4-537e-4258-b6c0-061514e97930@group-5A73B10B42EE-SegmentedRaftLogWorker: Starting segment from index:0
2019-10-06 15:45:35,350 [090b6ce4-537e-4258-b6c0-061514e97930@group-5A73B10B42EE-LeaderElection57] INFO  impl.RaftServerImpl (ServerState.java:setRaftConf(356)) - 090b6ce4-537e-4258-b6c0-061514e97930@group-5A73B10B42EE: set configuration 0: [090b6ce4-537e-4258-b6c0-061514e97930:192.168.30.23:38838], old=null at 0
2019-10-06 15:45:35,386 [090b6ce4-537e-4258-b6c0-061514e97930@group-5A73B10B42EE-SegmentedRaftLogWorker] INFO  segmented.SegmentedRaftLogWorker (SegmentedRaftLogWorker.java:execute(574)) - 090b6ce4-537e-4258-b6c0-061514e97930@group-5A73B10B42EE-SegmentedRaftLogWorker: created new log segment /workdir/hadoop-ozone/integration-test/target/test-dir/MiniOzoneClusterImpl-71e09d98-8980-4f11-ada0-d4d272c3dff4/datanode-0/data/ratis/e563def0-27a2-4a5c-bd98-5a73b10b42ee/current/log_inprogress_0
2019-10-06 15:45:35,393 [Thread-3034] INFO  impl.FollowerState (FollowerState.java:run(108)) - ecbb6327-9019-4ac7-95c5-d60822a3bb37@group-C413B03ED1AE-FollowerState: change to CANDIDATE, lastRpcTime:5066ms, electionTimeout:5066ms
2019-10-06 15:45:35,393 [Thread-3034] INFO  impl.RoleInfo (RoleInfo.java:shutdownFollowerState(121)) - ecbb6327-9019-4ac7-95c5-d60822a3bb37: shutdown FollowerState
2019-10-06 15:45:35,393 [Thread-3034] INFO  impl.RaftServerImpl (RaftServerImpl.java:setRole(170)) - ecbb6327-9019-4ac7-95c5-d60822a3bb37@group-C413B03ED1AE: changes role from  FOLLOWER to CANDIDATE at term 0 for changeToCandidate
2019-10-06 15:45:35,394 [Thread-3034] INFO  impl.RoleInfo (RoleInfo.java:updateAndGet(143)) - ecbb6327-9019-4ac7-95c5-d60822a3bb37: start LeaderElection
2019-10-06 15:45:35,412 [ecbb6327-9019-4ac7-95c5-d60822a3bb37@group-C413B03ED1AE-LeaderElection58] INFO  impl.LeaderElection (LeaderElection.java:askForVotes(178)) - ecbb6327-9019-4ac7-95c5-d60822a3bb37@group-C413B03ED1AE-LeaderElection58: begin an election at term 1 for -1: [ecbb6327-9019-4ac7-95c5-d60822a3bb37:192.168.30.23:45764], old=null
2019-10-06 15:45:35,412 [ecbb6327-9019-4ac7-95c5-d60822a3bb37@group-C413B03ED1AE-LeaderElection58] INFO  impl.RoleInfo (RoleInfo.java:shutdownLeaderElection(134)) - ecbb6327-9019-4ac7-95c5-d60822a3bb37: shutdown LeaderElection
2019-10-06 15:45:35,412 [ecbb6327-9019-4ac7-95c5-d60822a3bb37@group-C413B03ED1AE-LeaderElection58] INFO  impl.RaftServerImpl (RaftServerImpl.java:setRole(170)) - ecbb6327-9019-4ac7-95c5-d60822a3bb37@group-C413B03ED1AE: changes role from CANDIDATE to LEADER at term 1 for changeToLeader
2019-10-06 15:45:35,412 [ecbb6327-9019-4ac7-95c5-d60822a3bb37@group-C413B03ED1AE-LeaderElection58] INFO  impl.RaftServerImpl (ServerState.java:setLeader(255)) - ecbb6327-9019-4ac7-95c5-d60822a3bb37@group-C413B03ED1AE: change Leader from null to ecbb6327-9019-4ac7-95c5-d60822a3bb37 at term 1 for becomeLeader, leader elected after 5092ms
2019-10-06 15:45:35,412 [ecbb6327-9019-4ac7-95c5-d60822a3bb37@group-C413B03ED1AE-LeaderElection58] INFO  server.RaftServerConfigKeys (ConfUtils.java:logGet(43)) - raft.server.staging.catchup.gap = 1000 (default)
2019-10-06 15:45:35,412 [ecbb6327-9019-4ac7-95c5-d60822a3bb37@group-C413B03ED1AE-LeaderElection58] INFO  server.RaftServerConfigKeys (ConfUtils.java:logGet(43)) - raft.server.rpc.sleep.time = 25ms (default)
2019-10-06 15:45:35,413 [ecbb6327-9019-4ac7-95c5-d60822a3bb37@group-C413B03ED1AE-LeaderElection58] INFO  server.RaftServerConfigKeys (ConfUtils.java:logGet(43)) - raft.server.write.element-limit = 4096 (default)
2019-10-06 15:45:35,413 [ecbb6327-9019-4ac7-95c5-d60822a3bb37@group-C413B03ED1AE-LeaderElection58] INFO  server.RaftServerConfigKeys (ConfUtils.java:logGet(43)) - raft.server.watch.timeout = 10s (default)
2019-10-06 15:45:35,413 [ecbb6327-9019-4ac7-95c5-d60822a3bb37@group-C413B03ED1AE-LeaderElection58] INFO  server.RaftServerConfigKeys (ConfUtils.java:logGet(43)) - raft.server.watch.timeout.denomination = 1s (default)
2019-10-06 15:45:35,413 [ecbb6327-9019-4ac7-95c5-d60822a3bb37@group-C413B03ED1AE-LeaderElection58] INFO  server.RaftServerConfigKeys (ConfUtils.java:logGet(43)) - raft.server.watch.element-limit = 65536 (default)
2019-10-06 15:45:35,414 [ecbb6327-9019-4ac7-95c5-d60822a3bb37@group-C413B03ED1AE-LeaderElection58] INFO  impl.RoleInfo (RoleInfo.java:updateAndGet(143)) - ecbb6327-9019-4ac7-95c5-d60822a3bb37: start LeaderState
2019-10-06 15:45:35,415 [ecbb6327-9019-4ac7-95c5-d60822a3bb37@group-C413B03ED1AE-LeaderElection58] INFO  segmented.SegmentedRaftLogWorker (SegmentedRaftLogWorker.java:startLogSegment(385)) - ecbb6327-9019-4ac7-95c5-d60822a3bb37@group-C413B03ED1AE-SegmentedRaftLogWorker: Starting segment from index:0
2019-10-06 15:45:35,415 [ecbb6327-9019-4ac7-95c5-d60822a3bb37@group-C413B03ED1AE-LeaderElection58] INFO  impl.RaftServerImpl (ServerState.java:setRaftConf(356)) - ecbb6327-9019-4ac7-95c5-d60822a3bb37@group-C413B03ED1AE: set configuration 0: [ecbb6327-9019-4ac7-95c5-d60822a3bb37:192.168.30.23:45764], old=null at 0
2019-10-06 15:45:35,457 [ecbb6327-9019-4ac7-95c5-d60822a3bb37@group-C413B03ED1AE-SegmentedRaftLogWorker] INFO  segmented.SegmentedRaftLogWorker (SegmentedRaftLogWorker.java:execute(574)) - ecbb6327-9019-4ac7-95c5-d60822a3bb37@group-C413B03ED1AE-SegmentedRaftLogWorker: created new log segment /workdir/hadoop-ozone/integration-test/target/test-dir/MiniOzoneClusterImpl-71e09d98-8980-4f11-ada0-d4d272c3dff4/datanode-1/data/ratis/5ccdc186-1cca-460c-93f1-c413b03ed1ae/current/log_inprogress_0
2019-10-06 15:45:35,566 [Thread-3037] INFO  impl.FollowerState (FollowerState.java:run(108)) - 9559ebce-e970-4829-920d-71f68b96de83@group-1BDA2B68B2D6-FollowerState: change to CANDIDATE, lastRpcTime:5173ms, electionTimeout:5173ms
2019-10-06 15:45:35,566 [Thread-3037] INFO  impl.RoleInfo (RoleInfo.java:shutdownFollowerState(121)) - 9559ebce-e970-4829-920d-71f68b96de83: shutdown FollowerState
2019-10-06 15:45:35,566 [Thread-3037] INFO  impl.RaftServerImpl (RaftServerImpl.java:setRole(170)) - 9559ebce-e970-4829-920d-71f68b96de83@group-1BDA2B68B2D6: changes role from  FOLLOWER to CANDIDATE at term 0 for changeToCandidate
2019-10-06 15:45:35,566 [Thread-3037] INFO  impl.RoleInfo (RoleInfo.java:updateAndGet(143)) - 9559ebce-e970-4829-920d-71f68b96de83: start LeaderElection
2019-10-06 15:45:35,603 [9559ebce-e970-4829-920d-71f68b96de83@group-1BDA2B68B2D6-LeaderElection59] INFO  impl.LeaderElection (LeaderElection.java:askForVotes(178)) - 9559ebce-e970-4829-920d-71f68b96de83@group-1BDA2B68B2D6-LeaderElection59: begin an election at term 1 for -1: [9559ebce-e970-4829-920d-71f68b96de83:192.168.30.23:40236], old=null
2019-10-06 15:45:35,603 [9559ebce-e970-4829-920d-71f68b96de83@group-1BDA2B68B2D6-LeaderElection59] INFO  impl.RoleInfo (RoleInfo.java:shutdownLeaderElection(134)) - 9559ebce-e970-4829-920d-71f68b96de83: shutdown LeaderElection
2019-10-06 15:45:35,604 [9559ebce-e970-4829-920d-71f68b96de83@group-1BDA2B68B2D6-LeaderElection59] INFO  impl.RaftServerImpl (RaftServerImpl.java:setRole(170)) - 9559ebce-e970-4829-920d-71f68b96de83@group-1BDA2B68B2D6: changes role from CANDIDATE to LEADER at term 1 for changeToLeader
2019-10-06 15:45:35,604 [9559ebce-e970-4829-920d-71f68b96de83@group-1BDA2B68B2D6-LeaderElection59] INFO  impl.RaftServerImpl (ServerState.java:setLeader(255)) - 9559ebce-e970-4829-920d-71f68b96de83@group-1BDA2B68B2D6: change Leader from null to 9559ebce-e970-4829-920d-71f68b96de83 at term 1 for becomeLeader, leader elected after 5217ms
2019-10-06 15:45:35,604 [9559ebce-e970-4829-920d-71f68b96de83@group-1BDA2B68B2D6-LeaderElection59] INFO  server.RaftServerConfigKeys (ConfUtils.java:logGet(43)) - raft.server.staging.catchup.gap = 1000 (default)
2019-10-06 15:45:35,604 [9559ebce-e970-4829-920d-71f68b96de83@group-1BDA2B68B2D6-LeaderElection59] INFO  server.RaftServerConfigKeys (ConfUtils.java:logGet(43)) - raft.server.rpc.sleep.time = 25ms (default)
2019-10-06 15:45:35,604 [9559ebce-e970-4829-920d-71f68b96de83@group-1BDA2B68B2D6-LeaderElection59] INFO  server.RaftServerConfigKeys (ConfUtils.java:logGet(43)) - raft.server.write.element-limit = 4096 (default)
2019-10-06 15:45:35,604 [9559ebce-e970-4829-920d-71f68b96de83@group-1BDA2B68B2D6-LeaderElection59] INFO  server.RaftServerConfigKeys (ConfUtils.java:logGet(43)) - raft.server.watch.timeout = 10s (default)
2019-10-06 15:45:35,604 [9559ebce-e970-4829-920d-71f68b96de83@group-1BDA2B68B2D6-LeaderElection59] INFO  server.RaftServerConfigKeys (ConfUtils.java:logGet(43)) - raft.server.watch.timeout.denomination = 1s (default)
2019-10-06 15:45:35,604 [9559ebce-e970-4829-920d-71f68b96de83@group-1BDA2B68B2D6-LeaderElection59] INFO  server.RaftServerConfigKeys (ConfUtils.java:logGet(43)) - raft.server.watch.element-limit = 65536 (default)
2019-10-06 15:45:35,606 [9559ebce-e970-4829-920d-71f68b96de83@group-1BDA2B68B2D6-LeaderElection59] INFO  impl.RoleInfo (RoleInfo.java:updateAndGet(143)) - 9559ebce-e970-4829-920d-71f68b96de83: start LeaderState
2019-10-06 15:45:35,606 [9559ebce-e970-4829-920d-71f68b96de83@group-1BDA2B68B2D6-LeaderElection59] INFO  segmented.SegmentedRaftLogWorker (SegmentedRaftLogWorker.java:startLogSegment(385)) - 9559ebce-e970-4829-920d-71f68b96de83@group-1BDA2B68B2D6-SegmentedRaftLogWorker: Starting segment from index:0
2019-10-06 15:45:35,607 [9559ebce-e970-4829-920d-71f68b96de83@group-1BDA2B68B2D6-LeaderElection59] INFO  impl.RaftServerImpl (ServerState.java:setRaftConf(356)) - 9559ebce-e970-4829-920d-71f68b96de83@group-1BDA2B68B2D6: set configuration 0: [9559ebce-e970-4829-920d-71f68b96de83:192.168.30.23:40236], old=null at 0
2019-10-06 15:45:35,622 [Thread-3052] INFO  impl.FollowerState (FollowerState.java:run(108)) - 45853e80-e499-4aea-b1bd-514547992009@group-E065D0DA74AE-FollowerState: change to CANDIDATE, lastRpcTime:5011ms, electionTimeout:5011ms
2019-10-06 15:45:35,622 [Thread-3052] INFO  impl.RoleInfo (RoleInfo.java:shutdownFollowerState(121)) - 45853e80-e499-4aea-b1bd-514547992009: shutdown FollowerState
2019-10-06 15:45:35,622 [Thread-3052] INFO  impl.RaftServerImpl (RaftServerImpl.java:setRole(170)) - 45853e80-e499-4aea-b1bd-514547992009@group-E065D0DA74AE: changes role from  FOLLOWER to CANDIDATE at term 0 for changeToCandidate
2019-10-06 15:45:35,622 [Thread-3052] INFO  impl.RoleInfo (RoleInfo.java:updateAndGet(143)) - 45853e80-e499-4aea-b1bd-514547992009: start LeaderElection
2019-10-06 15:45:35,623 [Thread-3040] INFO  impl.FollowerState (FollowerState.java:run(108)) - 090b6ce4-537e-4258-b6c0-061514e97930@group-DE5693E2D11C-FollowerState: change to CANDIDATE, lastRpcTime:5176ms, electionTimeout:5176ms
2019-10-06 15:45:35,623 [Thread-3040] INFO  impl.RoleInfo (RoleInfo.java:shutdownFollowerState(121)) - 090b6ce4-537e-4258-b6c0-061514e97930: shutdown FollowerState
2019-10-06 15:45:35,652 [Thread-3040] INFO  impl.RaftServerImpl (RaftServerImpl.java:setRole(170)) - 090b6ce4-537e-4258-b6c0-061514e97930@group-DE5693E2D11C: changes role from  FOLLOWER to CANDIDATE at term 0 for changeToCandidate
2019-10-06 15:45:35,652 [Thread-3043] INFO  impl.FollowerState (FollowerState.java:run(108)) - 9559ebce-e970-4829-920d-71f68b96de83@group-DE5693E2D11C-FollowerState: change to CANDIDATE, lastRpcTime:5202ms, electionTimeout:5194ms
2019-10-06 15:45:35,652 [Thread-3045] INFO  impl.FollowerState (FollowerState.java:run(108)) - ecbb6327-9019-4ac7-95c5-d60822a3bb37@group-DE5693E2D11C-FollowerState: change to CANDIDATE, lastRpcTime:5201ms, electionTimeout:5192ms
2019-10-06 15:45:35,652 [Thread-3040] INFO  impl.RoleInfo (RoleInfo.java:updateAndGet(143)) - 090b6ce4-537e-4258-b6c0-061514e97930: start LeaderElection
2019-10-06 15:45:35,653 [Thread-3043] INFO  impl.RoleInfo (RoleInfo.java:shutdownFollowerState(121)) - 9559ebce-e970-4829-920d-71f68b96de83: shutdown FollowerState
2019-10-06 15:45:35,653 [Thread-3045] INFO  impl.RoleInfo (RoleInfo.java:shutdownFollowerState(121)) - ecbb6327-9019-4ac7-95c5-d60822a3bb37: shutdown FollowerState
2019-10-06 15:45:35,653 [Thread-3043] INFO  impl.RaftServerImpl (RaftServerImpl.java:setRole(170)) - 9559ebce-e970-4829-920d-71f68b96de83@group-DE5693E2D11C: changes role from  FOLLOWER to CANDIDATE at term 0 for changeToCandidate
2019-10-06 15:45:35,653 [Thread-3045] INFO  impl.RaftServerImpl (RaftServerImpl.java:setRole(170)) - ecbb6327-9019-4ac7-95c5-d60822a3bb37@group-DE5693E2D11C: changes role from  FOLLOWER to CANDIDATE at term 0 for changeToCandidate
2019-10-06 15:45:35,656 [Thread-3043] INFO  impl.RoleInfo (RoleInfo.java:updateAndGet(143)) - 9559ebce-e970-4829-920d-71f68b96de83: start LeaderElection
2019-10-06 15:45:35,656 [Thread-3045] INFO  impl.RoleInfo (RoleInfo.java:updateAndGet(143)) - ecbb6327-9019-4ac7-95c5-d60822a3bb37: start LeaderElection
2019-10-06 15:45:35,665 [9559ebce-e970-4829-920d-71f68b96de83@group-1BDA2B68B2D6-SegmentedRaftLogWorker] INFO  segmented.SegmentedRaftLogWorker (SegmentedRaftLogWorker.java:execute(574)) - 9559ebce-e970-4829-920d-71f68b96de83@group-1BDA2B68B2D6-SegmentedRaftLogWorker: created new log segment /workdir/hadoop-ozone/integration-test/target/test-dir/MiniOzoneClusterImpl-71e09d98-8980-4f11-ada0-d4d272c3dff4/datanode-2/data/ratis/a658a5ca-0ed8-4bf8-9bf1-1bda2b68b2d6/current/log_inprogress_0
2019-10-06 15:45:35,665 [45853e80-e499-4aea-b1bd-514547992009@group-E065D0DA74AE-LeaderElection60] INFO  impl.LeaderElection (LeaderElection.java:askForVotes(178)) - 45853e80-e499-4aea-b1bd-514547992009@group-E065D0DA74AE-LeaderElection60: begin an election at term 1 for -1: [45853e80-e499-4aea-b1bd-514547992009:192.168.30.23:38204], old=null
2019-10-06 15:45:35,665 [9559ebce-e970-4829-920d-71f68b96de83@group-DE5693E2D11C-LeaderElection62] INFO  impl.LeaderElection (LeaderElection.java:askForVotes(178)) - 9559ebce-e970-4829-920d-71f68b96de83@group-DE5693E2D11C-LeaderElection62: begin an election at term 1 for -1: [9559ebce-e970-4829-920d-71f68b96de83:192.168.30.23:40236, 090b6ce4-537e-4258-b6c0-061514e97930:192.168.30.23:38838, ecbb6327-9019-4ac7-95c5-d60822a3bb37:192.168.30.23:45764], old=null
2019-10-06 15:45:35,665 [ecbb6327-9019-4ac7-95c5-d60822a3bb37@group-DE5693E2D11C-LeaderElection63] INFO  impl.LeaderElection (LeaderElection.java:askForVotes(178)) - ecbb6327-9019-4ac7-95c5-d60822a3bb37@group-DE5693E2D11C-LeaderElection63: begin an election at term 1 for -1: [9559ebce-e970-4829-920d-71f68b96de83:192.168.30.23:40236, 090b6ce4-537e-4258-b6c0-061514e97930:192.168.30.23:38838, ecbb6327-9019-4ac7-95c5-d60822a3bb37:192.168.30.23:45764], old=null
2019-10-06 15:45:35,665 [090b6ce4-537e-4258-b6c0-061514e97930@group-DE5693E2D11C-LeaderElection61] INFO  impl.LeaderElection (LeaderElection.java:askForVotes(178)) - 090b6ce4-537e-4258-b6c0-061514e97930@group-DE5693E2D11C-LeaderElection61: begin an election at term 1 for -1: [9559ebce-e970-4829-920d-71f68b96de83:192.168.30.23:40236, 090b6ce4-537e-4258-b6c0-061514e97930:192.168.30.23:38838, ecbb6327-9019-4ac7-95c5-d60822a3bb37:192.168.30.23:45764], old=null
2019-10-06 15:45:35,665 [45853e80-e499-4aea-b1bd-514547992009@group-E065D0DA74AE-LeaderElection60] INFO  impl.RoleInfo (RoleInfo.java:shutdownLeaderElection(134)) - 45853e80-e499-4aea-b1bd-514547992009: shutdown LeaderElection
2019-10-06 15:45:35,665 [45853e80-e499-4aea-b1bd-514547992009@group-E065D0DA74AE-LeaderElection60] INFO  impl.RaftServerImpl (RaftServerImpl.java:setRole(170)) - 45853e80-e499-4aea-b1bd-514547992009@group-E065D0DA74AE: changes role from CANDIDATE to LEADER at term 1 for changeToLeader
2019-10-06 15:45:35,665 [45853e80-e499-4aea-b1bd-514547992009@group-E065D0DA74AE-LeaderElection60] INFO  impl.RaftServerImpl (ServerState.java:setLeader(255)) - 45853e80-e499-4aea-b1bd-514547992009@group-E065D0DA74AE: change Leader from null to 45853e80-e499-4aea-b1bd-514547992009 at term 1 for becomeLeader, leader elected after 5063ms
2019-10-06 15:45:35,666 [45853e80-e499-4aea-b1bd-514547992009@group-E065D0DA74AE-LeaderElection60] INFO  server.RaftServerConfigKeys (ConfUtils.java:logGet(43)) - raft.server.staging.catchup.gap = 1000 (default)
2019-10-06 15:45:35,666 [45853e80-e499-4aea-b1bd-514547992009@group-E065D0DA74AE-LeaderElection60] INFO  server.RaftServerConfigKeys (ConfUtils.java:logGet(43)) - raft.server.rpc.sleep.time = 25ms (default)
2019-10-06 15:45:35,666 [45853e80-e499-4aea-b1bd-514547992009@group-E065D0DA74AE-LeaderElection60] INFO  server.RaftServerConfigKeys (ConfUtils.java:logGet(43)) - raft.server.write.element-limit = 4096 (default)
2019-10-06 15:45:35,666 [45853e80-e499-4aea-b1bd-514547992009@group-E065D0DA74AE-LeaderElection60] INFO  server.RaftServerConfigKeys (ConfUtils.java:logGet(43)) - raft.server.watch.timeout = 10s (default)
2019-10-06 15:45:35,666 [45853e80-e499-4aea-b1bd-514547992009@group-E065D0DA74AE-LeaderElection60] INFO  server.RaftServerConfigKeys (ConfUtils.java:logGet(43)) - raft.server.watch.timeout.denomination = 1s (default)
2019-10-06 15:45:35,667 [45853e80-e499-4aea-b1bd-514547992009@group-E065D0DA74AE-LeaderElection60] INFO  server.RaftServerConfigKeys (ConfUtils.java:logGet(43)) - raft.server.watch.element-limit = 65536 (default)
2019-10-06 15:45:35,671 [45853e80-e499-4aea-b1bd-514547992009@group-E065D0DA74AE-LeaderElection60] INFO  impl.RoleInfo (RoleInfo.java:updateAndGet(143)) - 45853e80-e499-4aea-b1bd-514547992009: start LeaderState
2019-10-06 15:45:35,672 [45853e80-e499-4aea-b1bd-514547992009@group-E065D0DA74AE-LeaderElection60] INFO  segmented.SegmentedRaftLogWorker (SegmentedRaftLogWorker.java:startLogSegment(385)) - 45853e80-e499-4aea-b1bd-514547992009@group-E065D0DA74AE-SegmentedRaftLogWorker: Starting segment from index:0
2019-10-06 15:45:35,672 [45853e80-e499-4aea-b1bd-514547992009@group-E065D0DA74AE-LeaderElection60] INFO  impl.RaftServerImpl (ServerState.java:setRaftConf(356)) - 45853e80-e499-4aea-b1bd-514547992009@group-E065D0DA74AE: set configuration 0: [45853e80-e499-4aea-b1bd-514547992009:192.168.30.23:38204], old=null at 0
2019-10-06 15:45:35,703 [Thread-3049] INFO  impl.FollowerState (FollowerState.java:run(108)) - 56c5c699-cd8e-4783-81cf-b77b98cbb0bb@group-735381BA252A-FollowerState: change to CANDIDATE, lastRpcTime:5164ms, electionTimeout:5115ms
2019-10-06 15:45:35,703 [Thread-3056] INFO  impl.FollowerState (FollowerState.java:run(108)) - 5727e973-ff17-48d6-b89a-ebfb40a52011@group-D47AB5C6775B-FollowerState: change to CANDIDATE, lastRpcTime:5039ms, electionTimeout:5020ms
2019-10-06 15:45:35,704 [Thread-3049] INFO  impl.RoleInfo (RoleInfo.java:shutdownFollowerState(121)) - 56c5c699-cd8e-4783-81cf-b77b98cbb0bb: shutdown FollowerState
2019-10-06 15:45:35,704 [Thread-3056] INFO  impl.RoleInfo (RoleInfo.java:shutdownFollowerState(121)) - 5727e973-ff17-48d6-b89a-ebfb40a52011: shutdown FollowerState
2019-10-06 15:45:35,704 [Thread-3049] INFO  impl.RaftServerImpl (RaftServerImpl.java:setRole(170)) - 56c5c699-cd8e-4783-81cf-b77b98cbb0bb@group-735381BA252A: changes role from  FOLLOWER to CANDIDATE at term 0 for changeToCandidate
2019-10-06 15:45:35,706 [Thread-3049] INFO  impl.RoleInfo (RoleInfo.java:updateAndGet(143)) - 56c5c699-cd8e-4783-81cf-b77b98cbb0bb: start LeaderElection
2019-10-06 15:45:35,704 [Thread-3056] INFO  impl.RaftServerImpl (RaftServerImpl.java:setRole(170)) - 5727e973-ff17-48d6-b89a-ebfb40a52011@group-D47AB5C6775B: changes role from  FOLLOWER to CANDIDATE at term 0 for changeToCandidate
2019-10-06 15:45:35,707 [Thread-3056] INFO  impl.RoleInfo (RoleInfo.java:updateAndGet(143)) - 5727e973-ff17-48d6-b89a-ebfb40a52011: start LeaderElection
2019-10-06 15:45:35,712 [090b6ce4-537e-4258-b6c0-061514e97930@group-DE5693E2D11C-LeaderElection61] INFO  impl.LeaderElection (LeaderElection.java:logAndReturn(56)) - 090b6ce4-537e-4258-b6c0-061514e97930@group-DE5693E2D11C-LeaderElection61: Election REJECTED; received 2 response(s) [090b6ce4-537e-4258-b6c0-061514e97930<-9559ebce-e970-4829-920d-71f68b96de83#0:FAIL-t1, 090b6ce4-537e-4258-b6c0-061514e97930<-ecbb6327-9019-4ac7-95c5-d60822a3bb37#0:FAIL-t1] and 0 exception(s); 090b6ce4-537e-4258-b6c0-061514e97930@group-DE5693E2D11C:t1, leader=null, voted=090b6ce4-537e-4258-b6c0-061514e97930, raftlog=090b6ce4-537e-4258-b6c0-061514e97930@group-DE5693E2D11C-SegmentedRaftLog:OPENED:c-1,f-1,i0, conf=-1: [9559ebce-e970-4829-920d-71f68b96de83:192.168.30.23:40236, 090b6ce4-537e-4258-b6c0-061514e97930:192.168.30.23:38838, ecbb6327-9019-4ac7-95c5-d60822a3bb37:192.168.30.23:45764], old=null
2019-10-06 15:45:35,713 [090b6ce4-537e-4258-b6c0-061514e97930@group-DE5693E2D11C-LeaderElection61] INFO  impl.RaftServerImpl (RaftServerImpl.java:setRole(170)) - 090b6ce4-537e-4258-b6c0-061514e97930@group-DE5693E2D11C: changes role from CANDIDATE to FOLLOWER at term 1 for DISCOVERED_A_NEW_TERM
2019-10-06 15:45:35,713 [090b6ce4-537e-4258-b6c0-061514e97930@group-DE5693E2D11C-LeaderElection61] INFO  impl.RoleInfo (RoleInfo.java:shutdownLeaderElection(134)) - 090b6ce4-537e-4258-b6c0-061514e97930: shutdown LeaderElection
2019-10-06 15:45:35,713 [090b6ce4-537e-4258-b6c0-061514e97930@group-DE5693E2D11C-LeaderElection61] INFO  impl.RoleInfo (RoleInfo.java:updateAndGet(143)) - 090b6ce4-537e-4258-b6c0-061514e97930: start FollowerState
2019-10-06 15:45:35,713 [ecbb6327-9019-4ac7-95c5-d60822a3bb37@group-DE5693E2D11C-LeaderElection63] INFO  impl.LeaderElection (LeaderElection.java:logAndReturn(56)) - ecbb6327-9019-4ac7-95c5-d60822a3bb37@group-DE5693E2D11C-LeaderElection63: Election REJECTED; received 2 response(s) [ecbb6327-9019-4ac7-95c5-d60822a3bb37<-9559ebce-e970-4829-920d-71f68b96de83#0:FAIL-t1, ecbb6327-9019-4ac7-95c5-d60822a3bb37<-090b6ce4-537e-4258-b6c0-061514e97930#0:FAIL-t1] and 0 exception(s); ecbb6327-9019-4ac7-95c5-d60822a3bb37@group-DE5693E2D11C:t1, leader=null, voted=ecbb6327-9019-4ac7-95c5-d60822a3bb37, raftlog=ecbb6327-9019-4ac7-95c5-d60822a3bb37@group-DE5693E2D11C-SegmentedRaftLog:OPENED:c-1,f-1,i0, conf=-1: [9559ebce-e970-4829-920d-71f68b96de83:192.168.30.23:40236, 090b6ce4-537e-4258-b6c0-061514e97930:192.168.30.23:38838, ecbb6327-9019-4ac7-95c5-d60822a3bb37:192.168.30.23:45764], old=null
2019-10-06 15:45:35,716 [ecbb6327-9019-4ac7-95c5-d60822a3bb37@group-DE5693E2D11C-LeaderElection63] INFO  impl.RaftServerImpl (RaftServerImpl.java:setRole(170)) - ecbb6327-9019-4ac7-95c5-d60822a3bb37@group-DE5693E2D11C: changes role from CANDIDATE to FOLLOWER at term 1 for DISCOVERED_A_NEW_TERM
2019-10-06 15:45:35,716 [ecbb6327-9019-4ac7-95c5-d60822a3bb37@group-DE5693E2D11C-LeaderElection63] INFO  impl.RoleInfo (RoleInfo.java:shutdownLeaderElection(134)) - ecbb6327-9019-4ac7-95c5-d60822a3bb37: shutdown LeaderElection
2019-10-06 15:45:35,717 [ecbb6327-9019-4ac7-95c5-d60822a3bb37@group-DE5693E2D11C-LeaderElection63] INFO  impl.RoleInfo (RoleInfo.java:updateAndGet(143)) - ecbb6327-9019-4ac7-95c5-d60822a3bb37: start FollowerState
2019-10-06 15:45:35,717 [9559ebce-e970-4829-920d-71f68b96de83@group-DE5693E2D11C-LeaderElection62] INFO  impl.LeaderElection (LeaderElection.java:logAndReturn(56)) - 9559ebce-e970-4829-920d-71f68b96de83@group-DE5693E2D11C-LeaderElection62: Election REJECTED; received 2 response(s) [9559ebce-e970-4829-920d-71f68b96de83<-090b6ce4-537e-4258-b6c0-061514e97930#0:FAIL-t1, 9559ebce-e970-4829-920d-71f68b96de83<-ecbb6327-9019-4ac7-95c5-d60822a3bb37#0:FAIL-t1] and 0 exception(s); 9559ebce-e970-4829-920d-71f68b96de83@group-DE5693E2D11C:t1, leader=null, voted=9559ebce-e970-4829-920d-71f68b96de83, raftlog=9559ebce-e970-4829-920d-71f68b96de83@group-DE5693E2D11C-SegmentedRaftLog:OPENED:c-1,f-1,i0, conf=-1: [9559ebce-e970-4829-920d-71f68b96de83:192.168.30.23:40236, 090b6ce4-537e-4258-b6c0-061514e97930:192.168.30.23:38838, ecbb6327-9019-4ac7-95c5-d60822a3bb37:192.168.30.23:45764], old=null
2019-10-06 15:45:35,720 [9559ebce-e970-4829-920d-71f68b96de83@group-DE5693E2D11C-LeaderElection62] INFO  impl.RaftServerImpl (RaftServerImpl.java:setRole(170)) - 9559ebce-e970-4829-920d-71f68b96de83@group-DE5693E2D11C: changes role from CANDIDATE to FOLLOWER at term 1 for DISCOVERED_A_NEW_TERM
2019-10-06 15:45:35,720 [9559ebce-e970-4829-920d-71f68b96de83@group-DE5693E2D11C-LeaderElection62] INFO  impl.RoleInfo (RoleInfo.java:shutdownLeaderElection(134)) - 9559ebce-e970-4829-920d-71f68b96de83: shutdown LeaderElection
2019-10-06 15:45:35,720 [9559ebce-e970-4829-920d-71f68b96de83@group-DE5693E2D11C-LeaderElection62] INFO  impl.RoleInfo (RoleInfo.java:updateAndGet(143)) - 9559ebce-e970-4829-920d-71f68b96de83: start FollowerState
2019-10-06 15:45:35,734 [45853e80-e499-4aea-b1bd-514547992009@group-E065D0DA74AE-SegmentedRaftLogWorker] INFO  segmented.SegmentedRaftLogWorker (SegmentedRaftLogWorker.java:execute(574)) - 45853e80-e499-4aea-b1bd-514547992009@group-E065D0DA74AE-SegmentedRaftLogWorker: created new log segment /workdir/hadoop-ozone/integration-test/target/test-dir/MiniOzoneClusterImpl-71e09d98-8980-4f11-ada0-d4d272c3dff4/datanode-4/data/ratis/3d17e94d-1085-44a2-ba8c-e065d0da74ae/current/log_inprogress_0
2019-10-06 15:45:35,736 [5727e973-ff17-48d6-b89a-ebfb40a52011@group-D47AB5C6775B-LeaderElection65] INFO  impl.LeaderElection (LeaderElection.java:askForVotes(178)) - 5727e973-ff17-48d6-b89a-ebfb40a52011@group-D47AB5C6775B-LeaderElection65: begin an election at term 1 for -1: [5727e973-ff17-48d6-b89a-ebfb40a52011:192.168.30.23:38455], old=null
2019-10-06 15:45:35,736 [56c5c699-cd8e-4783-81cf-b77b98cbb0bb@group-735381BA252A-LeaderElection64] INFO  impl.LeaderElection (LeaderElection.java:askForVotes(178)) - 56c5c699-cd8e-4783-81cf-b77b98cbb0bb@group-735381BA252A-LeaderElection64: begin an election at term 1 for -1: [56c5c699-cd8e-4783-81cf-b77b98cbb0bb:192.168.30.23:43872], old=null
2019-10-06 15:45:35,736 [5727e973-ff17-48d6-b89a-ebfb40a52011@group-D47AB5C6775B-LeaderElection65] INFO  impl.RoleInfo (RoleInfo.java:shutdownLeaderElection(134)) - 5727e973-ff17-48d6-b89a-ebfb40a52011: shutdown LeaderElection
2019-10-06 15:45:35,737 [56c5c699-cd8e-4783-81cf-b77b98cbb0bb@group-735381BA252A-LeaderElection64] INFO  impl.RoleInfo (RoleInfo.java:shutdownLeaderElection(134)) - 56c5c699-cd8e-4783-81cf-b77b98cbb0bb: shutdown LeaderElection
2019-10-06 15:45:35,737 [5727e973-ff17-48d6-b89a-ebfb40a52011@group-D47AB5C6775B-LeaderElection65] INFO  impl.RaftServerImpl (RaftServerImpl.java:setRole(170)) - 5727e973-ff17-48d6-b89a-ebfb40a52011@group-D47AB5C6775B: changes role from CANDIDATE to LEADER at term 1 for changeToLeader
2019-10-06 15:45:35,737 [56c5c699-cd8e-4783-81cf-b77b98cbb0bb@group-735381BA252A-LeaderElection64] INFO  impl.RaftServerImpl (RaftServerImpl.java:setRole(170)) - 56c5c699-cd8e-4783-81cf-b77b98cbb0bb@group-735381BA252A: changes role from CANDIDATE to LEADER at term 1 for changeToLeader
2019-10-06 15:45:35,737 [5727e973-ff17-48d6-b89a-ebfb40a52011@group-D47AB5C6775B-LeaderElection65] INFO  impl.RaftServerImpl (ServerState.java:setLeader(255)) - 5727e973-ff17-48d6-b89a-ebfb40a52011@group-D47AB5C6775B: change Leader from null to 5727e973-ff17-48d6-b89a-ebfb40a52011 at term 1 for becomeLeader, leader elected after 5085ms
2019-10-06 15:45:35,737 [56c5c699-cd8e-4783-81cf-b77b98cbb0bb@group-735381BA252A-LeaderElection64] INFO  impl.RaftServerImpl (ServerState.java:setLeader(255)) - 56c5c699-cd8e-4783-81cf-b77b98cbb0bb@group-735381BA252A: change Leader from null to 56c5c699-cd8e-4783-81cf-b77b98cbb0bb at term 1 for becomeLeader, leader elected after 5204ms
2019-10-06 15:45:35,737 [5727e973-ff17-48d6-b89a-ebfb40a52011@group-D47AB5C6775B-LeaderElection65] INFO  server.RaftServerConfigKeys (ConfUtils.java:logGet(43)) - raft.server.staging.catchup.gap = 1000 (default)
2019-10-06 15:45:35,737 [56c5c699-cd8e-4783-81cf-b77b98cbb0bb@group-735381BA252A-LeaderElection64] INFO  server.RaftServerConfigKeys (ConfUtils.java:logGet(43)) - raft.server.staging.catchup.gap = 1000 (default)
2019-10-06 15:45:35,737 [5727e973-ff17-48d6-b89a-ebfb40a52011@group-D47AB5C6775B-LeaderElection65] INFO  server.RaftServerConfigKeys (ConfUtils.java:logGet(43)) - raft.server.rpc.sleep.time = 25ms (default)
2019-10-06 15:45:35,737 [56c5c699-cd8e-4783-81cf-b77b98cbb0bb@group-735381BA252A-LeaderElection64] INFO  server.RaftServerConfigKeys (ConfUtils.java:logGet(43)) - raft.server.rpc.sleep.time = 25ms (default)
2019-10-06 15:45:35,738 [5727e973-ff17-48d6-b89a-ebfb40a52011@group-D47AB5C6775B-LeaderElection65] INFO  server.RaftServerConfigKeys (ConfUtils.java:logGet(43)) - raft.server.write.element-limit = 4096 (default)
2019-10-06 15:45:35,738 [56c5c699-cd8e-4783-81cf-b77b98cbb0bb@group-735381BA252A-LeaderElection64] INFO  server.RaftServerConfigKeys (ConfUtils.java:logGet(43)) - raft.server.write.element-limit = 4096 (default)
2019-10-06 15:45:35,738 [5727e973-ff17-48d6-b89a-ebfb40a52011@group-D47AB5C6775B-LeaderElection65] INFO  server.RaftServerConfigKeys (ConfUtils.java:logGet(43)) - raft.server.watch.timeout = 10s (default)
2019-10-06 15:45:35,738 [56c5c699-cd8e-4783-81cf-b77b98cbb0bb@group-735381BA252A-LeaderElection64] INFO  server.RaftServerConfigKeys (ConfUtils.java:logGet(43)) - raft.server.watch.timeout = 10s (default)
2019-10-06 15:45:35,738 [5727e973-ff17-48d6-b89a-ebfb40a52011@group-D47AB5C6775B-LeaderElection65] INFO  server.RaftServerConfigKeys (ConfUtils.java:logGet(43)) - raft.server.watch.timeout.denomination = 1s (default)
2019-10-06 15:45:35,738 [56c5c699-cd8e-4783-81cf-b77b98cbb0bb@group-735381BA252A-LeaderElection64] INFO  server.RaftServerConfigKeys (ConfUtils.java:logGet(43)) - raft.server.watch.timeout.denomination = 1s (default)
2019-10-06 15:45:35,738 [5727e973-ff17-48d6-b89a-ebfb40a52011@group-D47AB5C6775B-LeaderElection65] INFO  server.RaftServerConfigKeys (ConfUtils.java:logGet(43)) - raft.server.watch.element-limit = 65536 (default)
2019-10-06 15:45:35,738 [56c5c699-cd8e-4783-81cf-b77b98cbb0bb@group-735381BA252A-LeaderElection64] INFO  server.RaftServerConfigKeys (ConfUtils.java:logGet(43)) - raft.server.watch.element-limit = 65536 (default)
2019-10-06 15:45:35,741 [5727e973-ff17-48d6-b89a-ebfb40a52011@group-D47AB5C6775B-LeaderElection65] INFO  impl.RoleInfo (RoleInfo.java:updateAndGet(143)) - 5727e973-ff17-48d6-b89a-ebfb40a52011: start LeaderState
2019-10-06 15:45:35,741 [56c5c699-cd8e-4783-81cf-b77b98cbb0bb@group-735381BA252A-LeaderElection64] INFO  impl.RoleInfo (RoleInfo.java:updateAndGet(143)) - 56c5c699-cd8e-4783-81cf-b77b98cbb0bb: start LeaderState
2019-10-06 15:45:35,741 [5727e973-ff17-48d6-b89a-ebfb40a52011@group-D47AB5C6775B-LeaderElection65] INFO  segmented.SegmentedRaftLogWorker (SegmentedRaftLogWorker.java:startLogSegment(385)) - 5727e973-ff17-48d6-b89a-ebfb40a52011@group-D47AB5C6775B-SegmentedRaftLogWorker: Starting segment from index:0
2019-10-06 15:45:35,741 [56c5c699-cd8e-4783-81cf-b77b98cbb0bb@group-735381BA252A-LeaderElection64] INFO  segmented.SegmentedRaftLogWorker (SegmentedRaftLogWorker.java:startLogSegment(385)) - 56c5c699-cd8e-4783-81cf-b77b98cbb0bb@group-735381BA252A-SegmentedRaftLogWorker: Starting segment from index:0
2019-10-06 15:45:35,742 [5727e973-ff17-48d6-b89a-ebfb40a52011@group-D47AB5C6775B-LeaderElection65] INFO  impl.RaftServerImpl (ServerState.java:setRaftConf(356)) - 5727e973-ff17-48d6-b89a-ebfb40a52011@group-D47AB5C6775B: set configuration 0: [5727e973-ff17-48d6-b89a-ebfb40a52011:192.168.30.23:38455], old=null at 0
2019-10-06 15:45:35,742 [56c5c699-cd8e-4783-81cf-b77b98cbb0bb@group-735381BA252A-LeaderElection64] INFO  impl.RaftServerImpl (ServerState.java:setRaftConf(356)) - 56c5c699-cd8e-4783-81cf-b77b98cbb0bb@group-735381BA252A: set configuration 0: [56c5c699-cd8e-4783-81cf-b77b98cbb0bb:192.168.30.23:43872], old=null at 0
2019-10-06 15:45:35,776 [Thread-3060] INFO  impl.FollowerState (FollowerState.java:run(108)) - b6d847a4-7247-447a-b4f4-a3074f294230@group-8085E8DFFFE7-FollowerState: change to CANDIDATE, lastRpcTime:5027ms, electionTimeout:5011ms
2019-10-06 15:45:35,779 [Thread-3060] INFO  impl.RoleInfo (RoleInfo.java:shutdownFollowerState(121)) - b6d847a4-7247-447a-b4f4-a3074f294230: shutdown FollowerState
2019-10-06 15:45:35,779 [Thread-3060] INFO  impl.RaftServerImpl (RaftServerImpl.java:setRole(170)) - b6d847a4-7247-447a-b4f4-a3074f294230@group-8085E8DFFFE7: changes role from  FOLLOWER to CANDIDATE at term 0 for changeToCandidate
2019-10-06 15:45:35,780 [Thread-3060] INFO  impl.RoleInfo (RoleInfo.java:updateAndGet(143)) - b6d847a4-7247-447a-b4f4-a3074f294230: start LeaderElection
2019-10-06 15:45:35,788 [56c5c699-cd8e-4783-81cf-b77b98cbb0bb@group-735381BA252A-SegmentedRaftLogWorker] INFO  segmented.SegmentedRaftLogWorker (SegmentedRaftLogWorker.java:execute(574)) - 56c5c699-cd8e-4783-81cf-b77b98cbb0bb@group-735381BA252A-SegmentedRaftLogWorker: created new log segment /workdir/hadoop-ozone/integration-test/target/test-dir/MiniOzoneClusterImpl-71e09d98-8980-4f11-ada0-d4d272c3dff4/datanode-3/data/ratis/1107eb31-953a-4495-a58e-735381ba252a/current/log_inprogress_0
2019-10-06 15:45:35,788 [5727e973-ff17-48d6-b89a-ebfb40a52011@group-D47AB5C6775B-SegmentedRaftLogWorker] INFO  segmented.SegmentedRaftLogWorker (SegmentedRaftLogWorker.java:execute(574)) - 5727e973-ff17-48d6-b89a-ebfb40a52011@group-D47AB5C6775B-SegmentedRaftLogWorker: created new log segment /workdir/hadoop-ozone/integration-test/target/test-dir/MiniOzoneClusterImpl-71e09d98-8980-4f11-ada0-d4d272c3dff4/datanode-5/data/ratis/62c52e1b-c48f-47b6-a4a6-d47ab5c6775b/current/log_inprogress_0
2019-10-06 15:45:35,789 [b6d847a4-7247-447a-b4f4-a3074f294230@group-8085E8DFFFE7-LeaderElection66] INFO  impl.LeaderElection (LeaderElection.java:askForVotes(178)) - b6d847a4-7247-447a-b4f4-a3074f294230@group-8085E8DFFFE7-LeaderElection66: begin an election at term 1 for -1: [b6d847a4-7247-447a-b4f4-a3074f294230:192.168.30.23:37755], old=null
2019-10-06 15:45:35,789 [b6d847a4-7247-447a-b4f4-a3074f294230@group-8085E8DFFFE7-LeaderElection66] INFO  impl.RoleInfo (RoleInfo.java:shutdownLeaderElection(134)) - b6d847a4-7247-447a-b4f4-a3074f294230: shutdown LeaderElection
2019-10-06 15:45:35,789 [b6d847a4-7247-447a-b4f4-a3074f294230@group-8085E8DFFFE7-LeaderElection66] INFO  impl.RaftServerImpl (RaftServerImpl.java:setRole(170)) - b6d847a4-7247-447a-b4f4-a3074f294230@group-8085E8DFFFE7: changes role from CANDIDATE to LEADER at term 1 for changeToLeader
2019-10-06 15:45:35,789 [b6d847a4-7247-447a-b4f4-a3074f294230@group-8085E8DFFFE7-LeaderElection66] INFO  impl.RaftServerImpl (ServerState.java:setLeader(255)) - b6d847a4-7247-447a-b4f4-a3074f294230@group-8085E8DFFFE7: change Leader from null to b6d847a4-7247-447a-b4f4-a3074f294230 at term 1 for becomeLeader, leader elected after 5049ms
2019-10-06 15:45:35,789 [b6d847a4-7247-447a-b4f4-a3074f294230@group-8085E8DFFFE7-LeaderElection66] INFO  server.RaftServerConfigKeys (ConfUtils.java:logGet(43)) - raft.server.staging.catchup.gap = 1000 (default)
2019-10-06 15:45:35,789 [b6d847a4-7247-447a-b4f4-a3074f294230@group-8085E8DFFFE7-LeaderElection66] INFO  server.RaftServerConfigKeys (ConfUtils.java:logGet(43)) - raft.server.rpc.sleep.time = 25ms (default)
2019-10-06 15:45:35,790 [b6d847a4-7247-447a-b4f4-a3074f294230@group-8085E8DFFFE7-LeaderElection66] INFO  server.RaftServerConfigKeys (ConfUtils.java:logGet(43)) - raft.server.write.element-limit = 4096 (default)
2019-10-06 15:45:35,790 [b6d847a4-7247-447a-b4f4-a3074f294230@group-8085E8DFFFE7-LeaderElection66] INFO  server.RaftServerConfigKeys (ConfUtils.java:logGet(43)) - raft.server.watch.timeout = 10s (default)
2019-10-06 15:45:35,790 [b6d847a4-7247-447a-b4f4-a3074f294230@group-8085E8DFFFE7-LeaderElection66] INFO  server.RaftServerConfigKeys (ConfUtils.java:logGet(43)) - raft.server.watch.timeout.denomination = 1s (default)
2019-10-06 15:45:35,790 [b6d847a4-7247-447a-b4f4-a3074f294230@group-8085E8DFFFE7-LeaderElection66] INFO  server.RaftServerConfigKeys (ConfUtils.java:logGet(43)) - raft.server.watch.element-limit = 65536 (default)
2019-10-06 15:45:35,792 [b6d847a4-7247-447a-b4f4-a3074f294230@group-8085E8DFFFE7-LeaderElection66] INFO  impl.RoleInfo (RoleInfo.java:updateAndGet(143)) - b6d847a4-7247-447a-b4f4-a3074f294230: start LeaderState
2019-10-06 15:45:35,792 [b6d847a4-7247-447a-b4f4-a3074f294230@group-8085E8DFFFE7-LeaderElection66] INFO  segmented.SegmentedRaftLogWorker (SegmentedRaftLogWorker.java:startLogSegment(385)) - b6d847a4-7247-447a-b4f4-a3074f294230@group-8085E8DFFFE7-SegmentedRaftLogWorker: Starting segment from index:0
2019-10-06 15:45:35,793 [b6d847a4-7247-447a-b4f4-a3074f294230@group-8085E8DFFFE7-LeaderElection66] INFO  impl.RaftServerImpl (ServerState.java:setRaftConf(356)) - b6d847a4-7247-447a-b4f4-a3074f294230@group-8085E8DFFFE7: set configuration 0: [b6d847a4-7247-447a-b4f4-a3074f294230:192.168.30.23:37755], old=null at 0
2019-10-06 15:45:35,842 [b6d847a4-7247-447a-b4f4-a3074f294230@group-8085E8DFFFE7-SegmentedRaftLogWorker] INFO  segmented.SegmentedRaftLogWorker (SegmentedRaftLogWorker.java:execute(574)) - b6d847a4-7247-447a-b4f4-a3074f294230@group-8085E8DFFFE7-SegmentedRaftLogWorker: created new log segment /workdir/hadoop-ozone/integration-test/target/test-dir/MiniOzoneClusterImpl-71e09d98-8980-4f11-ada0-d4d272c3dff4/datanode-6/data/ratis/48e8fb31-532e-40e0-b2fe-8085e8dfffe7/current/log_inprogress_0
2019-10-06 15:45:35,932 [Thread-3066] INFO  impl.FollowerState (FollowerState.java:run(108)) - 5727e973-ff17-48d6-b89a-ebfb40a52011@group-D5C2317BD565-FollowerState: change to CANDIDATE, lastRpcTime:5120ms, electionTimeout:5119ms
2019-10-06 15:45:35,932 [Thread-3066] INFO  impl.RoleInfo (RoleInfo.java:shutdownFollowerState(121)) - 5727e973-ff17-48d6-b89a-ebfb40a52011: shutdown FollowerState
2019-10-06 15:45:35,944 [Thread-3066] INFO  impl.RaftServerImpl (RaftServerImpl.java:setRole(170)) - 5727e973-ff17-48d6-b89a-ebfb40a52011@group-D5C2317BD565: changes role from  FOLLOWER to CANDIDATE at term 0 for changeToCandidate
2019-10-06 15:45:35,944 [Thread-3066] INFO  impl.RoleInfo (RoleInfo.java:updateAndGet(143)) - 5727e973-ff17-48d6-b89a-ebfb40a52011: start LeaderElection
2019-10-06 15:45:35,958 [Thread-3067] INFO  impl.FollowerState (FollowerState.java:run(108)) - b6d847a4-7247-447a-b4f4-a3074f294230@group-D5C2317BD565-FollowerState: change to CANDIDATE, lastRpcTime:5145ms, electionTimeout:5145ms
2019-10-06 15:45:35,958 [Thread-3067] INFO  impl.RoleInfo (RoleInfo.java:shutdownFollowerState(121)) - b6d847a4-7247-447a-b4f4-a3074f294230: shutdown FollowerState
2019-10-06 15:45:35,958 [Thread-3067] INFO  impl.RaftServerImpl (RaftServerImpl.java:setRole(170)) - b6d847a4-7247-447a-b4f4-a3074f294230@group-D5C2317BD565: changes role from  FOLLOWER to CANDIDATE at term 0 for changeToCandidate
2019-10-06 15:45:35,958 [Thread-3067] INFO  impl.RoleInfo (RoleInfo.java:updateAndGet(143)) - b6d847a4-7247-447a-b4f4-a3074f294230: start LeaderElection
2019-10-06 15:45:35,970 [5727e973-ff17-48d6-b89a-ebfb40a52011@group-D5C2317BD565-LeaderElection67] INFO  impl.LeaderElection (LeaderElection.java:askForVotes(178)) - 5727e973-ff17-48d6-b89a-ebfb40a52011@group-D5C2317BD565-LeaderElection67: begin an election at term 1 for -1: [b6d847a4-7247-447a-b4f4-a3074f294230:192.168.30.23:37755, 5727e973-ff17-48d6-b89a-ebfb40a52011:192.168.30.23:38455, 56c5c699-cd8e-4783-81cf-b77b98cbb0bb:192.168.30.23:43872], old=null
2019-10-06 15:45:35,974 [grpc-default-executor-10] INFO  impl.RaftServerImpl (RaftServerImpl.java:setRole(170)) - 56c5c699-cd8e-4783-81cf-b77b98cbb0bb@group-D5C2317BD565: changes role from  FOLLOWER to FOLLOWER at term 1 for recognizeCandidate:5727e973-ff17-48d6-b89a-ebfb40a52011
2019-10-06 15:45:35,975 [grpc-default-executor-10] INFO  impl.RoleInfo (RoleInfo.java:shutdownFollowerState(121)) - 56c5c699-cd8e-4783-81cf-b77b98cbb0bb: shutdown FollowerState
2019-10-06 15:45:35,975 [grpc-default-executor-10] INFO  impl.RoleInfo (RoleInfo.java:updateAndGet(143)) - 56c5c699-cd8e-4783-81cf-b77b98cbb0bb: start FollowerState
2019-10-06 15:45:35,975 [Thread-3065] INFO  impl.FollowerState (FollowerState.java:run(117)) - 56c5c699-cd8e-4783-81cf-b77b98cbb0bb@group-D5C2317BD565-FollowerState was interrupted: java.lang.InterruptedException: sleep interrupted
2019-10-06 15:45:35,988 [b6d847a4-7247-447a-b4f4-a3074f294230@group-D5C2317BD565-LeaderElection68] INFO  impl.LeaderElection (LeaderElection.java:askForVotes(178)) - b6d847a4-7247-447a-b4f4-a3074f294230@group-D5C2317BD565-LeaderElection68: begin an election at term 1 for -1: [b6d847a4-7247-447a-b4f4-a3074f294230:192.168.30.23:37755, 5727e973-ff17-48d6-b89a-ebfb40a52011:192.168.30.23:38455, 56c5c699-cd8e-4783-81cf-b77b98cbb0bb:192.168.30.23:43872], old=null
2019-10-06 15:45:35,989 [5727e973-ff17-48d6-b89a-ebfb40a52011@group-D5C2317BD565-LeaderElection67] INFO  impl.LeaderElection (LeaderElection.java:logAndReturn(56)) - 5727e973-ff17-48d6-b89a-ebfb40a52011@group-D5C2317BD565-LeaderElection67: Election PASSED; received 1 response(s) [5727e973-ff17-48d6-b89a-ebfb40a52011<-56c5c699-cd8e-4783-81cf-b77b98cbb0bb#0:OK-t1] and 0 exception(s); 5727e973-ff17-48d6-b89a-ebfb40a52011@group-D5C2317BD565:t1, leader=null, voted=5727e973-ff17-48d6-b89a-ebfb40a52011, raftlog=5727e973-ff17-48d6-b89a-ebfb40a52011@group-D5C2317BD565-SegmentedRaftLog:OPENED:c-1,f-1,i0, conf=-1: [b6d847a4-7247-447a-b4f4-a3074f294230:192.168.30.23:37755, 5727e973-ff17-48d6-b89a-ebfb40a52011:192.168.30.23:38455, 56c5c699-cd8e-4783-81cf-b77b98cbb0bb:192.168.30.23:43872], old=null
2019-10-06 15:45:35,989 [5727e973-ff17-48d6-b89a-ebfb40a52011@group-D5C2317BD565-LeaderElection67] INFO  impl.RoleInfo (RoleInfo.java:shutdownLeaderElection(134)) - 5727e973-ff17-48d6-b89a-ebfb40a52011: shutdown LeaderElection
2019-10-06 15:45:35,989 [5727e973-ff17-48d6-b89a-ebfb40a52011@group-D5C2317BD565-LeaderElection67] INFO  impl.RaftServerImpl (RaftServerImpl.java:setRole(170)) - 5727e973-ff17-48d6-b89a-ebfb40a52011@group-D5C2317BD565: changes role from CANDIDATE to LEADER at term 1 for changeToLeader
2019-10-06 15:45:35,989 [5727e973-ff17-48d6-b89a-ebfb40a52011@group-D5C2317BD565-LeaderElection67] INFO  impl.RaftServerImpl (ServerState.java:setLeader(255)) - 5727e973-ff17-48d6-b89a-ebfb40a52011@group-D5C2317BD565: change Leader from null to 5727e973-ff17-48d6-b89a-ebfb40a52011 at term 1 for becomeLeader, leader elected after 5187ms
2019-10-06 15:45:35,989 [5727e973-ff17-48d6-b89a-ebfb40a52011@group-D5C2317BD565-LeaderElection67] INFO  server.RaftServerConfigKeys (ConfUtils.java:logGet(43)) - raft.server.staging.catchup.gap = 1000 (default)
2019-10-06 15:45:35,989 [5727e973-ff17-48d6-b89a-ebfb40a52011@group-D5C2317BD565-LeaderElection67] INFO  server.RaftServerConfigKeys (ConfUtils.java:logGet(43)) - raft.server.rpc.sleep.time = 25ms (default)
2019-10-06 15:45:35,990 [5727e973-ff17-48d6-b89a-ebfb40a52011@group-D5C2317BD565-LeaderElection67] INFO  server.RaftServerConfigKeys (ConfUtils.java:logGet(43)) - raft.server.write.element-limit = 4096 (default)
2019-10-06 15:45:35,990 [5727e973-ff17-48d6-b89a-ebfb40a52011@group-D5C2317BD565-LeaderElection67] INFO  server.RaftServerConfigKeys (ConfUtils.java:logGet(43)) - raft.server.watch.timeout = 10s (default)
2019-10-06 15:45:35,990 [5727e973-ff17-48d6-b89a-ebfb40a52011@group-D5C2317BD565-LeaderElection67] INFO  server.RaftServerConfigKeys (ConfUtils.java:logGet(43)) - raft.server.watch.timeout.denomination = 1s (default)
2019-10-06 15:45:35,990 [5727e973-ff17-48d6-b89a-ebfb40a52011@group-D5C2317BD565-LeaderElection67] INFO  server.RaftServerConfigKeys (ConfUtils.java:logGet(43)) - raft.server.watch.element-limit = 65536 (default)
2019-10-06 15:45:35,992 [5727e973-ff17-48d6-b89a-ebfb40a52011@group-D5C2317BD565-LeaderElection67] INFO  server.RaftServerConfigKeys (ConfUtils.java:logGet(43)) - raft.server.log.appender.snapshot.chunk.size.max = 16MB (=16777216) (default)
2019-10-06 15:45:35,995 [5727e973-ff17-48d6-b89a-ebfb40a52011@group-D5C2317BD565-LeaderElection67] INFO  server.RaftServerConfigKeys (ConfUtils.java:logGet(43)) - raft.server.log.appender.buffer.byte-limit = 33554432 (custom)
2019-10-06 15:45:35,995 [5727e973-ff17-48d6-b89a-ebfb40a52011@group-D5C2317BD565-LeaderElection67] INFO  server.RaftServerConfigKeys (ConfUtils.java:logGet(43)) - raft.server.log.appender.buffer.element-limit = 1 (custom)
2019-10-06 15:45:35,996 [5727e973-ff17-48d6-b89a-ebfb40a52011@group-D5C2317BD565-LeaderElection67] INFO  grpc.GrpcConfigKeys$Server (ConfUtils.java:logGet(43)) - raft.grpc.server.leader.outstanding.appends.max = 128 (default)
2019-10-06 15:45:35,996 [5727e973-ff17-48d6-b89a-ebfb40a52011@group-D5C2317BD565-LeaderElection67] INFO  server.RaftServerConfigKeys (ConfUtils.java:logGet(43)) - raft.server.rpc.request.timeout = 3000ms (default)
2019-10-06 15:45:35,996 [5727e973-ff17-48d6-b89a-ebfb40a52011@group-D5C2317BD565-LeaderElection67] INFO  server.RaftServerConfigKeys (ConfUtils.java:logGet(43)) - raft.server.log.appender.install.snapshot.enabled = false (custom)
2019-10-06 15:45:35,996 [5727e973-ff17-48d6-b89a-ebfb40a52011@group-D5C2317BD565-LeaderElection67] INFO  server.RaftServerConfigKeys (ConfUtils.java:logGet(43)) - raft.server.log.appender.snapshot.chunk.size.max = 16MB (=16777216) (default)
2019-10-06 15:45:35,996 [5727e973-ff17-48d6-b89a-ebfb40a52011@group-D5C2317BD565-LeaderElection67] INFO  server.RaftServerConfigKeys (ConfUtils.java:logGet(43)) - raft.server.log.appender.buffer.byte-limit = 33554432 (custom)
2019-10-06 15:45:35,997 [5727e973-ff17-48d6-b89a-ebfb40a52011@group-D5C2317BD565-LeaderElection67] INFO  server.RaftServerConfigKeys (ConfUtils.java:logGet(43)) - raft.server.log.appender.buffer.element-limit = 1 (custom)
2019-10-06 15:45:35,997 [5727e973-ff17-48d6-b89a-ebfb40a52011@group-D5C2317BD565-LeaderElection67] INFO  grpc.GrpcConfigKeys$Server (ConfUtils.java:logGet(43)) - raft.grpc.server.leader.outstanding.appends.max = 128 (default)
2019-10-06 15:45:35,997 [5727e973-ff17-48d6-b89a-ebfb40a52011@group-D5C2317BD565-LeaderElection67] INFO  server.RaftServerConfigKeys (ConfUtils.java:logGet(43)) - raft.server.rpc.request.timeout = 3000ms (default)
2019-10-06 15:45:35,997 [5727e973-ff17-48d6-b89a-ebfb40a52011@group-D5C2317BD565-LeaderElection67] INFO  server.RaftServerConfigKeys (ConfUtils.java:logGet(43)) - raft.server.log.appender.install.snapshot.enabled = false (custom)
2019-10-06 15:45:35,997 [5727e973-ff17-48d6-b89a-ebfb40a52011@group-D5C2317BD565-LeaderElection67] INFO  impl.RoleInfo (RoleInfo.java:updateAndGet(143)) - 5727e973-ff17-48d6-b89a-ebfb40a52011: start LeaderState
2019-10-06 15:45:35,997 [5727e973-ff17-48d6-b89a-ebfb40a52011@group-D5C2317BD565-LeaderElection67] INFO  segmented.SegmentedRaftLogWorker (SegmentedRaftLogWorker.java:startLogSegment(385)) - 5727e973-ff17-48d6-b89a-ebfb40a52011@group-D5C2317BD565-SegmentedRaftLogWorker: Starting segment from index:0
2019-10-06 15:45:35,998 [5727e973-ff17-48d6-b89a-ebfb40a52011@group-D5C2317BD565-LeaderElection67] INFO  impl.RaftServerImpl (ServerState.java:setRaftConf(356)) - 5727e973-ff17-48d6-b89a-ebfb40a52011@group-D5C2317BD565: set configuration 0: [b6d847a4-7247-447a-b4f4-a3074f294230:192.168.30.23:37755, 5727e973-ff17-48d6-b89a-ebfb40a52011:192.168.30.23:38455, 56c5c699-cd8e-4783-81cf-b77b98cbb0bb:192.168.30.23:43872], old=null at 0
2019-10-06 15:45:36,038 [grpc-default-executor-10] INFO  impl.RaftServerImpl (RaftServerImpl.java:requestVote(754)) - 5727e973-ff17-48d6-b89a-ebfb40a52011@group-D5C2317BD565-   LEADER: Withhold vote from candidate b6d847a4-7247-447a-b4f4-a3074f294230 with term 1. State: leader=5727e973-ff17-48d6-b89a-ebfb40a52011, term=1, lastRpcElapsed=null
2019-10-06 15:45:36,042 [grpc-default-executor-6] INFO  impl.RaftServerImpl (RaftServerImpl.java:setRole(170)) - b6d847a4-7247-447a-b4f4-a3074f294230@group-D5C2317BD565: changes role from CANDIDATE to FOLLOWER at term 1 for appendEntries
2019-10-06 15:45:36,052 [grpc-default-executor-6] INFO  impl.RoleInfo (RoleInfo.java:shutdownLeaderElection(134)) - b6d847a4-7247-447a-b4f4-a3074f294230: shutdown LeaderElection
2019-10-06 15:45:36,053 [b6d847a4-7247-447a-b4f4-a3074f294230@group-D5C2317BD565-LeaderElection68] INFO  impl.LeaderElection (LeaderElection.java:logAndReturn(56)) - b6d847a4-7247-447a-b4f4-a3074f294230@group-D5C2317BD565-LeaderElection68: Election REJECTED; received 2 response(s) [b6d847a4-7247-447a-b4f4-a3074f294230<-5727e973-ff17-48d6-b89a-ebfb40a52011#0:FAIL-t1, b6d847a4-7247-447a-b4f4-a3074f294230<-56c5c699-cd8e-4783-81cf-b77b98cbb0bb#0:FAIL-t1] and 0 exception(s); b6d847a4-7247-447a-b4f4-a3074f294230@group-D5C2317BD565:t1, leader=null, voted=b6d847a4-7247-447a-b4f4-a3074f294230, raftlog=b6d847a4-7247-447a-b4f4-a3074f294230@group-D5C2317BD565-SegmentedRaftLog:OPENED:c-1,f-1,i0, conf=-1: [b6d847a4-7247-447a-b4f4-a3074f294230:192.168.30.23:37755, 5727e973-ff17-48d6-b89a-ebfb40a52011:192.168.30.23:38455, 56c5c699-cd8e-4783-81cf-b77b98cbb0bb:192.168.30.23:43872], old=null
2019-10-06 15:45:36,052 [5727e973-ff17-48d6-b89a-ebfb40a52011@group-D5C2317BD565-SegmentedRaftLogWorker] INFO  segmented.SegmentedRaftLogWorker (SegmentedRaftLogWorker.java:execute(574)) - 5727e973-ff17-48d6-b89a-ebfb40a52011@group-D5C2317BD565-SegmentedRaftLogWorker: created new log segment /workdir/hadoop-ozone/integration-test/target/test-dir/MiniOzoneClusterImpl-71e09d98-8980-4f11-ada0-d4d272c3dff4/datanode-5/data/ratis/5b1483af-8b1e-4746-ad14-d5c2317bd565/current/log_inprogress_0
2019-10-06 15:45:36,053 [grpc-default-executor-10] INFO  impl.RaftServerImpl (ServerState.java:setLeader(255)) - 56c5c699-cd8e-4783-81cf-b77b98cbb0bb@group-D5C2317BD565: change Leader from null to 5727e973-ff17-48d6-b89a-ebfb40a52011 at term 1 for appendEntries, leader elected after 5250ms
2019-10-06 15:45:36,053 [grpc-default-executor-6] INFO  impl.RoleInfo (RoleInfo.java:updateAndGet(143)) - b6d847a4-7247-447a-b4f4-a3074f294230: start FollowerState
2019-10-06 15:45:36,056 [grpc-default-executor-6] INFO  impl.RaftServerImpl (ServerState.java:setLeader(255)) - b6d847a4-7247-447a-b4f4-a3074f294230@group-D5C2317BD565: change Leader from null to 5727e973-ff17-48d6-b89a-ebfb40a52011 at term 1 for appendEntries, leader elected after 5253ms
2019-10-06 15:45:36,058 [grpc-default-executor-6] INFO  impl.RaftServerImpl (ServerState.java:setRaftConf(356)) - 56c5c699-cd8e-4783-81cf-b77b98cbb0bb@group-D5C2317BD565: set configuration 0: [b6d847a4-7247-447a-b4f4-a3074f294230:192.168.30.23:37755, 5727e973-ff17-48d6-b89a-ebfb40a52011:192.168.30.23:38455, 56c5c699-cd8e-4783-81cf-b77b98cbb0bb:192.168.30.23:43872], old=null at 0
2019-10-06 15:45:36,058 [grpc-default-executor-10] INFO  impl.RaftServerImpl (ServerState.java:setRaftConf(356)) - b6d847a4-7247-447a-b4f4-a3074f294230@group-D5C2317BD565: set configuration 0: [b6d847a4-7247-447a-b4f4-a3074f294230:192.168.30.23:37755, 5727e973-ff17-48d6-b89a-ebfb40a52011:192.168.30.23:38455, 56c5c699-cd8e-4783-81cf-b77b98cbb0bb:192.168.30.23:43872], old=null at 0
2019-10-06 15:45:36,058 [grpc-default-executor-6] INFO  segmented.SegmentedRaftLogWorker (SegmentedRaftLogWorker.java:startLogSegment(385)) - 56c5c699-cd8e-4783-81cf-b77b98cbb0bb@group-D5C2317BD565-SegmentedRaftLogWorker: Starting segment from index:0
2019-10-06 15:45:36,059 [grpc-default-executor-10] INFO  segmented.SegmentedRaftLogWorker (SegmentedRaftLogWorker.java:startLogSegment(385)) - b6d847a4-7247-447a-b4f4-a3074f294230@group-D5C2317BD565-SegmentedRaftLogWorker: Starting segment from index:0
2019-10-06 15:45:36,108 [b6d847a4-7247-447a-b4f4-a3074f294230@group-D5C2317BD565-SegmentedRaftLogWorker] INFO  segmented.SegmentedRaftLogWorker (SegmentedRaftLogWorker.java:execute(574)) - b6d847a4-7247-447a-b4f4-a3074f294230@group-D5C2317BD565-SegmentedRaftLogWorker: created new log segment /workdir/hadoop-ozone/integration-test/target/test-dir/MiniOzoneClusterImpl-71e09d98-8980-4f11-ada0-d4d272c3dff4/datanode-6/data/ratis/5b1483af-8b1e-4746-ad14-d5c2317bd565/current/log_inprogress_0
2019-10-06 15:45:36,108 [56c5c699-cd8e-4783-81cf-b77b98cbb0bb@group-D5C2317BD565-SegmentedRaftLogWorker] INFO  segmented.SegmentedRaftLogWorker (SegmentedRaftLogWorker.java:execute(574)) - 56c5c699-cd8e-4783-81cf-b77b98cbb0bb@group-D5C2317BD565-SegmentedRaftLogWorker: created new log segment /workdir/hadoop-ozone/integration-test/target/test-dir/MiniOzoneClusterImpl-71e09d98-8980-4f11-ada0-d4d272c3dff4/datanode-3/data/ratis/5b1483af-8b1e-4746-ad14-d5c2317bd565/current/log_inprogress_0
2019-10-06 15:45:38,059 [Datanode State Machine Thread - 0] INFO  statemachine.DatanodeStateMachine (DatanodeStateMachine.java:lambda$startDaemon$0(350)) - Ozone container server started.
2019-10-06 15:45:40,838 [Thread-3102] INFO  impl.FollowerState (FollowerState.java:run(108)) - 090b6ce4-537e-4258-b6c0-061514e97930@group-DE5693E2D11C-FollowerState: change to CANDIDATE, lastRpcTime:5124ms, electionTimeout:5121ms
2019-10-06 15:45:40,838 [Thread-3102] INFO  impl.RoleInfo (RoleInfo.java:shutdownFollowerState(121)) - 090b6ce4-537e-4258-b6c0-061514e97930: shutdown FollowerState
2019-10-06 15:45:40,838 [Thread-3102] INFO  impl.RaftServerImpl (RaftServerImpl.java:setRole(170)) - 090b6ce4-537e-4258-b6c0-061514e97930@group-DE5693E2D11C: changes role from  FOLLOWER to CANDIDATE at term 1 for changeToCandidate
2019-10-06 15:45:40,839 [Thread-3102] INFO  impl.RoleInfo (RoleInfo.java:updateAndGet(143)) - 090b6ce4-537e-4258-b6c0-061514e97930: start LeaderElection
2019-10-06 15:45:40,845 [Thread-3103] INFO  impl.FollowerState (FollowerState.java:run(108)) - ecbb6327-9019-4ac7-95c5-d60822a3bb37@group-DE5693E2D11C-FollowerState: change to CANDIDATE, lastRpcTime:5127ms, electionTimeout:5122ms
2019-10-06 15:45:40,845 [Thread-3103] INFO  impl.RoleInfo (RoleInfo.java:shutdownFollowerState(121)) - ecbb6327-9019-4ac7-95c5-d60822a3bb37: shutdown FollowerState
2019-10-06 15:45:40,845 [Thread-3103] INFO  impl.RaftServerImpl (RaftServerImpl.java:setRole(170)) - ecbb6327-9019-4ac7-95c5-d60822a3bb37@group-DE5693E2D11C: changes role from  FOLLOWER to CANDIDATE at term 1 for changeToCandidate
2019-10-06 15:45:40,845 [Thread-3103] INFO  impl.RoleInfo (RoleInfo.java:updateAndGet(143)) - ecbb6327-9019-4ac7-95c5-d60822a3bb37: start LeaderElection
2019-10-06 15:45:40,858 [ecbb6327-9019-4ac7-95c5-d60822a3bb37@group-DE5693E2D11C-LeaderElection70] INFO  impl.LeaderElection (LeaderElection.java:askForVotes(178)) - ecbb6327-9019-4ac7-95c5-d60822a3bb37@group-DE5693E2D11C-LeaderElection70: begin an election at term 2 for -1: [9559ebce-e970-4829-920d-71f68b96de83:192.168.30.23:40236, 090b6ce4-537e-4258-b6c0-061514e97930:192.168.30.23:38838, ecbb6327-9019-4ac7-95c5-d60822a3bb37:192.168.30.23:45764], old=null
2019-10-06 15:45:40,858 [090b6ce4-537e-4258-b6c0-061514e97930@group-DE5693E2D11C-LeaderElection69] INFO  impl.LeaderElection (LeaderElection.java:askForVotes(178)) - 090b6ce4-537e-4258-b6c0-061514e97930@group-DE5693E2D11C-LeaderElection69: begin an election at term 2 for -1: [9559ebce-e970-4829-920d-71f68b96de83:192.168.30.23:40236, 090b6ce4-537e-4258-b6c0-061514e97930:192.168.30.23:38838, ecbb6327-9019-4ac7-95c5-d60822a3bb37:192.168.30.23:45764], old=null
2019-10-06 15:45:40,863 [grpc-default-executor-10] INFO  impl.RaftServerImpl (RaftServerImpl.java:setRole(170)) - 9559ebce-e970-4829-920d-71f68b96de83@group-DE5693E2D11C: changes role from  FOLLOWER to FOLLOWER at term 2 for recognizeCandidate:ecbb6327-9019-4ac7-95c5-d60822a3bb37
2019-10-06 15:45:40,864 [grpc-default-executor-10] INFO  impl.RoleInfo (RoleInfo.java:shutdownFollowerState(121)) - 9559ebce-e970-4829-920d-71f68b96de83: shutdown FollowerState
2019-10-06 15:45:40,864 [grpc-default-executor-10] INFO  impl.RoleInfo (RoleInfo.java:updateAndGet(143)) - 9559ebce-e970-4829-920d-71f68b96de83: start FollowerState
2019-10-06 15:45:40,864 [Thread-3104] INFO  impl.FollowerState (FollowerState.java:run(117)) - 9559ebce-e970-4829-920d-71f68b96de83@group-DE5693E2D11C-FollowerState was interrupted: java.lang.InterruptedException: sleep interrupted
2019-10-06 15:45:40,880 [090b6ce4-537e-4258-b6c0-061514e97930@group-DE5693E2D11C-LeaderElection69] INFO  impl.LeaderElection (LeaderElection.java:logAndReturn(56)) - 090b6ce4-537e-4258-b6c0-061514e97930@group-DE5693E2D11C-LeaderElection69: Election REJECTED; received 2 response(s) [090b6ce4-537e-4258-b6c0-061514e97930<-9559ebce-e970-4829-920d-71f68b96de83#0:FAIL-t2, 090b6ce4-537e-4258-b6c0-061514e97930<-ecbb6327-9019-4ac7-95c5-d60822a3bb37#0:FAIL-t2] and 0 exception(s); 090b6ce4-537e-4258-b6c0-061514e97930@group-DE5693E2D11C:t2, leader=null, voted=090b6ce4-537e-4258-b6c0-061514e97930, raftlog=090b6ce4-537e-4258-b6c0-061514e97930@group-DE5693E2D11C-SegmentedRaftLog:OPENED:c-1,f-1,i0, conf=-1: [9559ebce-e970-4829-920d-71f68b96de83:192.168.30.23:40236, 090b6ce4-537e-4258-b6c0-061514e97930:192.168.30.23:38838, ecbb6327-9019-4ac7-95c5-d60822a3bb37:192.168.30.23:45764], old=null
2019-10-06 15:45:40,880 [ecbb6327-9019-4ac7-95c5-d60822a3bb37@group-DE5693E2D11C-LeaderElection70] INFO  impl.LeaderElection (LeaderElection.java:logAndReturn(56)) - ecbb6327-9019-4ac7-95c5-d60822a3bb37@group-DE5693E2D11C-LeaderElection70: Election PASSED; received 2 response(s) [ecbb6327-9019-4ac7-95c5-d60822a3bb37<-9559ebce-e970-4829-920d-71f68b96de83#0:OK-t2, ecbb6327-9019-4ac7-95c5-d60822a3bb37<-090b6ce4-537e-4258-b6c0-061514e97930#0:FAIL-t2] and 0 exception(s); ecbb6327-9019-4ac7-95c5-d60822a3bb37@group-DE5693E2D11C:t2, leader=null, voted=ecbb6327-9019-4ac7-95c5-d60822a3bb37, raftlog=ecbb6327-9019-4ac7-95c5-d60822a3bb37@group-DE5693E2D11C-SegmentedRaftLog:OPENED:c-1,f-1,i0, conf=-1: [9559ebce-e970-4829-920d-71f68b96de83:192.168.30.23:40236, 090b6ce4-537e-4258-b6c0-061514e97930:192.168.30.23:38838, ecbb6327-9019-4ac7-95c5-d60822a3bb37:192.168.30.23:45764], old=null
2019-10-06 15:45:40,880 [090b6ce4-537e-4258-b6c0-061514e97930@group-DE5693E2D11C-LeaderElection69] INFO  impl.RaftServerImpl (RaftServerImpl.java:setRole(170)) - 090b6ce4-537e-4258-b6c0-061514e97930@group-DE5693E2D11C: changes role from CANDIDATE to FOLLOWER at term 2 for DISCOVERED_A_NEW_TERM
2019-10-06 15:45:40,883 [090b6ce4-537e-4258-b6c0-061514e97930@group-DE5693E2D11C-LeaderElection69] INFO  impl.RoleInfo (RoleInfo.java:shutdownLeaderElection(134)) - 090b6ce4-537e-4258-b6c0-061514e97930: shutdown LeaderElection
2019-10-06 15:45:40,883 [ecbb6327-9019-4ac7-95c5-d60822a3bb37@group-DE5693E2D11C-LeaderElection70] INFO  impl.RoleInfo (RoleInfo.java:shutdownLeaderElection(134)) - ecbb6327-9019-4ac7-95c5-d60822a3bb37: shutdown LeaderElection
2019-10-06 15:45:40,885 [090b6ce4-537e-4258-b6c0-061514e97930@group-DE5693E2D11C-LeaderElection69] INFO  impl.RoleInfo (RoleInfo.java:updateAndGet(143)) - 090b6ce4-537e-4258-b6c0-061514e97930: start FollowerState
2019-10-06 15:45:40,885 [ecbb6327-9019-4ac7-95c5-d60822a3bb37@group-DE5693E2D11C-LeaderElection70] INFO  impl.RaftServerImpl (RaftServerImpl.java:setRole(170)) - ecbb6327-9019-4ac7-95c5-d60822a3bb37@group-DE5693E2D11C: changes role from CANDIDATE to LEADER at term 2 for changeToLeader
2019-10-06 15:45:40,885 [ecbb6327-9019-4ac7-95c5-d60822a3bb37@group-DE5693E2D11C-LeaderElection70] INFO  impl.RaftServerImpl (ServerState.java:setLeader(255)) - ecbb6327-9019-4ac7-95c5-d60822a3bb37@group-DE5693E2D11C: change Leader from null to ecbb6327-9019-4ac7-95c5-d60822a3bb37 at term 2 for becomeLeader, leader elected after 10446ms
2019-10-06 15:45:40,885 [ecbb6327-9019-4ac7-95c5-d60822a3bb37@group-DE5693E2D11C-LeaderElection70] INFO  server.RaftServerConfigKeys (ConfUtils.java:logGet(43)) - raft.server.staging.catchup.gap = 1000 (default)
2019-10-06 15:45:40,885 [ecbb6327-9019-4ac7-95c5-d60822a3bb37@group-DE5693E2D11C-LeaderElection70] INFO  server.RaftServerConfigKeys (ConfUtils.java:logGet(43)) - raft.server.rpc.sleep.time = 25ms (default)
2019-10-06 15:45:40,885 [ecbb6327-9019-4ac7-95c5-d60822a3bb37@group-DE5693E2D11C-LeaderElection70] INFO  server.RaftServerConfigKeys (ConfUtils.java:logGet(43)) - raft.server.write.element-limit = 4096 (default)
2019-10-06 15:45:40,886 [ecbb6327-9019-4ac7-95c5-d60822a3bb37@group-DE5693E2D11C-LeaderElection70] INFO  server.RaftServerConfigKeys (ConfUtils.java:logGet(43)) - raft.server.watch.timeout = 10s (default)
2019-10-06 15:45:40,886 [ecbb6327-9019-4ac7-95c5-d60822a3bb37@group-DE5693E2D11C-LeaderElection70] INFO  server.RaftServerConfigKeys (ConfUtils.java:logGet(43)) - raft.server.watch.timeout.denomination = 1s (default)
2019-10-06 15:45:40,886 [ecbb6327-9019-4ac7-95c5-d60822a3bb37@group-DE5693E2D11C-LeaderElection70] INFO  server.RaftServerConfigKeys (ConfUtils.java:logGet(43)) - raft.server.watch.element-limit = 65536 (default)
2019-10-06 15:45:40,888 [ecbb6327-9019-4ac7-95c5-d60822a3bb37@group-DE5693E2D11C-LeaderElection70] INFO  server.RaftServerConfigKeys (ConfUtils.java:logGet(43)) - raft.server.log.appender.snapshot.chunk.size.max = 16MB (=16777216) (default)
2019-10-06 15:45:40,888 [ecbb6327-9019-4ac7-95c5-d60822a3bb37@group-DE5693E2D11C-LeaderElection70] INFO  server.RaftServerConfigKeys (ConfUtils.java:logGet(43)) - raft.server.log.appender.buffer.byte-limit = 33554432 (custom)
2019-10-06 15:45:40,888 [ecbb6327-9019-4ac7-95c5-d60822a3bb37@group-DE5693E2D11C-LeaderElection70] INFO  server.RaftServerConfigKeys (ConfUtils.java:logGet(43)) - raft.server.log.appender.buffer.element-limit = 1 (custom)
2019-10-06 15:45:40,888 [ecbb6327-9019-4ac7-95c5-d60822a3bb37@group-DE5693E2D11C-LeaderElection70] INFO  grpc.GrpcConfigKeys$Server (ConfUtils.java:logGet(43)) - raft.grpc.server.leader.outstanding.appends.max = 128 (default)
2019-10-06 15:45:40,888 [ecbb6327-9019-4ac7-95c5-d60822a3bb37@group-DE5693E2D11C-LeaderElection70] INFO  server.RaftServerConfigKeys (ConfUtils.java:logGet(43)) - raft.server.rpc.request.timeout = 3000ms (default)
2019-10-06 15:45:40,888 [ecbb6327-9019-4ac7-95c5-d60822a3bb37@group-DE5693E2D11C-LeaderElection70] INFO  server.RaftServerConfigKeys (ConfUtils.java:logGet(43)) - raft.server.log.appender.install.snapshot.enabled = false (custom)
2019-10-06 15:45:40,889 [ecbb6327-9019-4ac7-95c5-d60822a3bb37@group-DE5693E2D11C-LeaderElection70] INFO  server.RaftServerConfigKeys (ConfUtils.java:logGet(43)) - raft.server.log.appender.snapshot.chunk.size.max = 16MB (=16777216) (default)
2019-10-06 15:45:40,889 [ecbb6327-9019-4ac7-95c5-d60822a3bb37@group-DE5693E2D11C-LeaderElection70] INFO  server.RaftServerConfigKeys (ConfUtils.java:logGet(43)) - raft.server.log.appender.buffer.byte-limit = 33554432 (custom)
2019-10-06 15:45:40,889 [ecbb6327-9019-4ac7-95c5-d60822a3bb37@group-DE5693E2D11C-LeaderElection70] INFO  server.RaftServerConfigKeys (ConfUtils.java:logGet(43)) - raft.server.log.appender.buffer.element-limit = 1 (custom)
2019-10-06 15:45:40,889 [ecbb6327-9019-4ac7-95c5-d60822a3bb37@group-DE5693E2D11C-LeaderElection70] INFO  grpc.GrpcConfigKeys$Server (ConfUtils.java:logGet(43)) - raft.grpc.server.leader.outstanding.appends.max = 128 (default)
2019-10-06 15:45:40,889 [ecbb6327-9019-4ac7-95c5-d60822a3bb37@group-DE5693E2D11C-LeaderElection70] INFO  server.RaftServerConfigKeys (ConfUtils.java:logGet(43)) - raft.server.rpc.request.timeout = 3000ms (default)
2019-10-06 15:45:40,889 [ecbb6327-9019-4ac7-95c5-d60822a3bb37@group-DE5693E2D11C-LeaderElection70] INFO  server.RaftServerConfigKeys (ConfUtils.java:logGet(43)) - raft.server.log.appender.install.snapshot.enabled = false (custom)
2019-10-06 15:45:40,889 [ecbb6327-9019-4ac7-95c5-d60822a3bb37@group-DE5693E2D11C-LeaderElection70] INFO  impl.RoleInfo (RoleInfo.java:updateAndGet(143)) - ecbb6327-9019-4ac7-95c5-d60822a3bb37: start LeaderState
2019-10-06 15:45:40,890 [ecbb6327-9019-4ac7-95c5-d60822a3bb37@group-DE5693E2D11C-LeaderElection70] INFO  segmented.SegmentedRaftLogWorker (SegmentedRaftLogWorker.java:startLogSegment(385)) - ecbb6327-9019-4ac7-95c5-d60822a3bb37@group-DE5693E2D11C-SegmentedRaftLogWorker: Starting segment from index:0
2019-10-06 15:45:40,891 [ecbb6327-9019-4ac7-95c5-d60822a3bb37@group-DE5693E2D11C-LeaderElection70] INFO  impl.RaftServerImpl (ServerState.java:setRaftConf(356)) - ecbb6327-9019-4ac7-95c5-d60822a3bb37@group-DE5693E2D11C: set configuration 0: [9559ebce-e970-4829-920d-71f68b96de83:192.168.30.23:40236, 090b6ce4-537e-4258-b6c0-061514e97930:192.168.30.23:38838, ecbb6327-9019-4ac7-95c5-d60822a3bb37:192.168.30.23:45764], old=null at 0
2019-10-06 15:45:40,892 [grpc-default-executor-10] INFO  impl.RaftServerImpl (ServerState.java:setLeader(255)) - 090b6ce4-537e-4258-b6c0-061514e97930@group-DE5693E2D11C: change Leader from null to ecbb6327-9019-4ac7-95c5-d60822a3bb37 at term 2 for appendEntries, leader elected after 10453ms
2019-10-06 15:45:40,892 [grpc-default-executor-9] INFO  impl.RaftServerImpl (ServerState.java:setLeader(255)) - 9559ebce-e970-4829-920d-71f68b96de83@group-DE5693E2D11C: change Leader from null to ecbb6327-9019-4ac7-95c5-d60822a3bb37 at term 2 for appendEntries, leader elected after 10453ms
2019-10-06 15:45:40,894 [grpc-default-executor-9] INFO  impl.RaftServerImpl (ServerState.java:setRaftConf(356)) - 090b6ce4-537e-4258-b6c0-061514e97930@group-DE5693E2D11C: set configuration 0: [9559ebce-e970-4829-920d-71f68b96de83:192.168.30.23:40236, 090b6ce4-537e-4258-b6c0-061514e97930:192.168.30.23:38838, ecbb6327-9019-4ac7-95c5-d60822a3bb37:192.168.30.23:45764], old=null at 0
2019-10-06 15:45:40,894 [grpc-default-executor-10] INFO  impl.RaftServerImpl (ServerState.java:setRaftConf(356)) - 9559ebce-e970-4829-920d-71f68b96de83@group-DE5693E2D11C: set configuration 0: [9559ebce-e970-4829-920d-71f68b96de83:192.168.30.23:40236, 090b6ce4-537e-4258-b6c0-061514e97930:192.168.30.23:38838, ecbb6327-9019-4ac7-95c5-d60822a3bb37:192.168.30.23:45764], old=null at 0
2019-10-06 15:45:40,894 [grpc-default-executor-9] INFO  segmented.SegmentedRaftLogWorker (SegmentedRaftLogWorker.java:startLogSegment(385)) - 090b6ce4-537e-4258-b6c0-061514e97930@group-DE5693E2D11C-SegmentedRaftLogWorker: Starting segment from index:0
2019-10-06 15:45:40,894 [grpc-default-executor-10] INFO  segmented.SegmentedRaftLogWorker (SegmentedRaftLogWorker.java:startLogSegment(385)) - 9559ebce-e970-4829-920d-71f68b96de83@group-DE5693E2D11C-SegmentedRaftLogWorker: Starting segment from index:0
2019-10-06 15:45:40,928 [090b6ce4-537e-4258-b6c0-061514e97930@group-DE5693E2D11C-SegmentedRaftLogWorker] INFO  segmented.SegmentedRaftLogWorker (SegmentedRaftLogWorker.java:execute(574)) - 090b6ce4-537e-4258-b6c0-061514e97930@group-DE5693E2D11C-SegmentedRaftLogWorker: created new log segment /workdir/hadoop-ozone/integration-test/target/test-dir/MiniOzoneClusterImpl-71e09d98-8980-4f11-ada0-d4d272c3dff4/datanode-0/data/ratis/88f42939-3d1d-466e-9cfe-de5693e2d11c/current/log_inprogress_0
2019-10-06 15:45:40,928 [ecbb6327-9019-4ac7-95c5-d60822a3bb37@group-DE5693E2D11C-SegmentedRaftLogWorker] INFO  segmented.SegmentedRaftLogWorker (SegmentedRaftLogWorker.java:execute(574)) - ecbb6327-9019-4ac7-95c5-d60822a3bb37@group-DE5693E2D11C-SegmentedRaftLogWorker: created new log segment /workdir/hadoop-ozone/integration-test/target/test-dir/MiniOzoneClusterImpl-71e09d98-8980-4f11-ada0-d4d272c3dff4/datanode-1/data/ratis/88f42939-3d1d-466e-9cfe-de5693e2d11c/current/log_inprogress_0
2019-10-06 15:45:40,928 [9559ebce-e970-4829-920d-71f68b96de83@group-DE5693E2D11C-SegmentedRaftLogWorker] INFO  segmented.SegmentedRaftLogWorker (SegmentedRaftLogWorker.java:execute(574)) - 9559ebce-e970-4829-920d-71f68b96de83@group-DE5693E2D11C-SegmentedRaftLogWorker: created new log segment /workdir/hadoop-ozone/integration-test/target/test-dir/MiniOzoneClusterImpl-71e09d98-8980-4f11-ada0-d4d272c3dff4/datanode-2/data/ratis/88f42939-3d1d-466e-9cfe-de5693e2d11c/current/log_inprogress_0
2019-10-06 15:45:42,086 [EventQueue-StaleNodeForStaleNodeHandler] INFO  node.StaleNodeHandler (StaleNodeHandler.java:onMessage(58)) - Datanode 5727e973-ff17-48d6-b89a-ebfb40a52011{ip: 192.168.30.23, host: ozone-build-dev-nffdx-465010684, networkLocation: /default-rack, certSerialId: null} moved to stale state. Finalizing its pipelines [PipelineID=62c52e1b-c48f-47b6-a4a6-d47ab5c6775b, PipelineID=5b1483af-8b1e-4746-ad14-d5c2317bd565]
2019-10-06 15:45:42,086 [EventQueue-StaleNodeForStaleNodeHandler] INFO  pipeline.SCMPipelineManager (SCMPipelineManager.java:finalizeAndDestroyPipeline(315)) - destroying pipeline:Pipeline[ Id: 62c52e1b-c48f-47b6-a4a6-d47ab5c6775b, Nodes: 5727e973-ff17-48d6-b89a-ebfb40a52011{ip: 192.168.30.23, host: ozone-build-dev-nffdx-465010684, networkLocation: /default-rack, certSerialId: null}, Type:RATIS, Factor:ONE, State:OPEN]
2019-10-06 15:45:42,087 [EventQueue-StaleNodeForStaleNodeHandler] INFO  pipeline.PipelineStateManager (PipelineStateManager.java:finalizePipeline(123)) - Pipeline Pipeline[ Id: 62c52e1b-c48f-47b6-a4a6-d47ab5c6775b, Nodes: 5727e973-ff17-48d6-b89a-ebfb40a52011{ip: 192.168.30.23, host: ozone-build-dev-nffdx-465010684, networkLocation: /default-rack, certSerialId: null}, Type:RATIS, Factor:ONE, State:CLOSED] moved to CLOSED state
2019-10-06 15:45:42,088 [EventQueue-StaleNodeForStaleNodeHandler] INFO  pipeline.SCMPipelineManager (SCMPipelineManager.java:finalizeAndDestroyPipeline(315)) - destroying pipeline:Pipeline[ Id: 5b1483af-8b1e-4746-ad14-d5c2317bd565, Nodes: 5727e973-ff17-48d6-b89a-ebfb40a52011{ip: 192.168.30.23, host: ozone-build-dev-nffdx-465010684, networkLocation: /default-rack, certSerialId: null}56c5c699-cd8e-4783-81cf-b77b98cbb0bb{ip: 192.168.30.23, host: ozone-build-dev-nffdx-465010684, networkLocation: /default-rack, certSerialId: null}b6d847a4-7247-447a-b4f4-a3074f294230{ip: 192.168.30.23, host: ozone-build-dev-nffdx-465010684, networkLocation: /default-rack, certSerialId: null}, Type:RATIS, Factor:THREE, State:OPEN]
2019-10-06 15:45:42,088 [EventQueue-StaleNodeForStaleNodeHandler] INFO  pipeline.PipelineStateManager (PipelineStateManager.java:finalizePipeline(123)) - Pipeline Pipeline[ Id: 5b1483af-8b1e-4746-ad14-d5c2317bd565, Nodes: 5727e973-ff17-48d6-b89a-ebfb40a52011{ip: 192.168.30.23, host: ozone-build-dev-nffdx-465010684, networkLocation: /default-rack, certSerialId: null}56c5c699-cd8e-4783-81cf-b77b98cbb0bb{ip: 192.168.30.23, host: ozone-build-dev-nffdx-465010684, networkLocation: /default-rack, certSerialId: null}b6d847a4-7247-447a-b4f4-a3074f294230{ip: 192.168.30.23, host: ozone-build-dev-nffdx-465010684, networkLocation: /default-rack, certSerialId: null}, Type:RATIS, Factor:THREE, State:CLOSED] moved to CLOSED state
2019-10-06 15:45:42,088 [EventQueue-CloseContainerForCloseContainerEventHandler] INFO  container.CloseContainerEventHandler (CloseContainerEventHandler.java:onMessage(61)) - Close container Event triggered for container : #1
2019-10-06 15:45:42,244 [main] INFO  ozoneimpl.OzoneContainer (OzoneContainer.java:stop(231)) - Attempting to stop container services.
2019-10-06 15:45:42,249 [main] INFO  impl.RaftServerProxy (RaftServerProxy.java:lambda$close$4(314)) - 5727e973-ff17-48d6-b89a-ebfb40a52011: close
2019-10-06 15:45:42,250 [main] INFO  impl.RaftServerImpl (RaftServerImpl.java:lambda$shutdown$3(247)) - 5727e973-ff17-48d6-b89a-ebfb40a52011@group-D47AB5C6775B: shutdown
2019-10-06 15:45:42,251 [ForkJoinPool.commonPool-worker-1] INFO  impl.RaftServerImpl (RaftServerImpl.java:lambda$shutdown$3(247)) - 5727e973-ff17-48d6-b89a-ebfb40a52011@group-D5C2317BD565: shutdown
2019-10-06 15:45:42,251 [main] INFO  util.JmxRegister (JmxRegister.java:unregister(73)) - Successfully un-registered JMX Bean with object name Ratis:service=RaftServer,group=group-D47AB5C6775B,id=5727e973-ff17-48d6-b89a-ebfb40a52011
2019-10-06 15:45:42,251 [ForkJoinPool.commonPool-worker-1] INFO  util.JmxRegister (JmxRegister.java:unregister(73)) - Successfully un-registered JMX Bean with object name Ratis:service=RaftServer,group=group-D5C2317BD565,id=5727e973-ff17-48d6-b89a-ebfb40a52011
2019-10-06 15:45:42,251 [main] INFO  impl.RoleInfo (RoleInfo.java:shutdownLeaderState(104)) - 5727e973-ff17-48d6-b89a-ebfb40a52011: shutdown LeaderState
2019-10-06 15:45:42,252 [ForkJoinPool.commonPool-worker-1] INFO  impl.RoleInfo (RoleInfo.java:shutdownLeaderState(104)) - 5727e973-ff17-48d6-b89a-ebfb40a52011: shutdown LeaderState
2019-10-06 15:45:42,252 [main] INFO  impl.PendingRequests (PendingRequests.java:sendNotLeaderResponses(202)) - 5727e973-ff17-48d6-b89a-ebfb40a52011@group-D47AB5C6775B-PendingRequests: sendNotLeaderResponses
2019-10-06 15:45:42,277 [ForkJoinPool.commonPool-worker-1] INFO  impl.PendingRequests (PendingRequests.java:sendNotLeaderResponses(202)) - 5727e973-ff17-48d6-b89a-ebfb40a52011@group-D5C2317BD565-PendingRequests: sendNotLeaderResponses
2019-10-06 15:45:42,278 [org.apache.ratis.server.impl.LogAppender$AppenderDaemon$$Lambda$557/736021015@5278ab26] WARN  server.GrpcLogAppender (GrpcLogAppender.java:mayWait(143)) - 5727e973-ff17-48d6-b89a-ebfb40a52011@group-D5C2317BD565->b6d847a4-7247-447a-b4f4-a3074f294230-GrpcLogAppender: Wait interrupted by java.lang.InterruptedException
2019-10-06 15:45:42,277 [org.apache.ratis.server.impl.LogAppender$AppenderDaemon$$Lambda$557/736021015@5d13e110] WARN  server.GrpcLogAppender (GrpcLogAppender.java:mayWait(143)) - 5727e973-ff17-48d6-b89a-ebfb40a52011@group-D5C2317BD565->56c5c699-cd8e-4783-81cf-b77b98cbb0bb-GrpcLogAppender: Wait interrupted by java.lang.InterruptedException
2019-10-06 15:45:42,278 [main] INFO  impl.StateMachineUpdater (StateMachineUpdater.java:stopAndJoin(136)) - 5727e973-ff17-48d6-b89a-ebfb40a52011@group-D47AB5C6775B-StateMachineUpdater: set stopIndex = 0
2019-10-06 15:45:42,284 [ForkJoinPool.commonPool-worker-1] INFO  impl.StateMachineUpdater (StateMachineUpdater.java:stopAndJoin(136)) - 5727e973-ff17-48d6-b89a-ebfb40a52011@group-D5C2317BD565-StateMachineUpdater: set stopIndex = 16
2019-10-06 15:45:42,284 [5727e973-ff17-48d6-b89a-ebfb40a52011@group-D5C2317BD565-StateMachineUpdater] INFO  ratis.ContainerStateMachine (ContainerStateMachine.java:takeSnapshot(293)) - group-D5C2317BD565: Taking a snapshot at:(t:1, i:14) file /workdir/hadoop-ozone/integration-test/target/test-dir/MiniOzoneClusterImpl-71e09d98-8980-4f11-ada0-d4d272c3dff4/datanode-5/data/ratis/5b1483af-8b1e-4746-ad14-d5c2317bd565/sm/snapshot.1_14
2019-10-06 15:45:42,284 [main] INFO  impl.RaftServerImpl (ServerState.java:close(387)) - 5727e973-ff17-48d6-b89a-ebfb40a52011@group-D47AB5C6775B: closes. applyIndex: 0
2019-10-06 15:45:42,285 [grpc-default-executor-9] INFO  server.GrpcServerProtocolService (GrpcServerProtocolService.java:onCompleted(113)) - b6d847a4-7247-447a-b4f4-a3074f294230: Completed APPEND_ENTRIES, lastRequest: 5727e973-ff17-48d6-b89a-ebfb40a52011->b6d847a4-7247-447a-b4f4-a3074f294230#19-t1, previous=(t:1, i:16), leaderCommit=16, initializing? false, entries: <empty>
2019-10-06 15:45:42,285 [grpc-default-executor-10] INFO  server.GrpcServerProtocolService (GrpcServerProtocolService.java:onCompleted(113)) - 56c5c699-cd8e-4783-81cf-b77b98cbb0bb: Completed APPEND_ENTRIES, lastRequest: 5727e973-ff17-48d6-b89a-ebfb40a52011->56c5c699-cd8e-4783-81cf-b77b98cbb0bb#19-t1, previous=(t:1, i:16), leaderCommit=16, initializing? false, entries: <empty>
2019-10-06 15:45:42,285 [5727e973-ff17-48d6-b89a-ebfb40a52011@group-D47AB5C6775B-SegmentedRaftLogWorker] INFO  segmented.SegmentedRaftLogWorker (SegmentedRaftLogWorker.java:run(316)) - 5727e973-ff17-48d6-b89a-ebfb40a52011@group-D47AB5C6775B-SegmentedRaftLogWorker was interrupted, exiting. There are 0 tasks remaining in the queue.
2019-10-06 15:45:42,289 [main] INFO  segmented.SegmentedRaftLogWorker (SegmentedRaftLogWorker.java:close(224)) - 5727e973-ff17-48d6-b89a-ebfb40a52011@group-D47AB5C6775B-SegmentedRaftLogWorker close()
2019-10-06 15:45:42,289 [grpc-default-executor-9] INFO  server.GrpcLogAppender (GrpcLogAppender.java:onCompleted(293)) - 5727e973-ff17-48d6-b89a-ebfb40a52011@group-D5C2317BD565->56c5c699-cd8e-4783-81cf-b77b98cbb0bb-AppendLogResponseHandler: follower responses appendEntries COMPLETED
2019-10-06 15:45:42,289 [grpc-default-executor-4] INFO  server.GrpcLogAppender (GrpcLogAppender.java:onCompleted(293)) - 5727e973-ff17-48d6-b89a-ebfb40a52011@group-D5C2317BD565->b6d847a4-7247-447a-b4f4-a3074f294230-AppendLogResponseHandler: follower responses appendEntries COMPLETED
2019-10-06 15:45:42,296 [grpc-default-executor-9] INFO  impl.FollowerInfo (FollowerInfo.java:lambda$new$0(51)) - 5727e973-ff17-48d6-b89a-ebfb40a52011@group-D5C2317BD565->56c5c699-cd8e-4783-81cf-b77b98cbb0bb: nextIndex: updateUnconditionally 17 -> 16
2019-10-06 15:45:42,296 [grpc-default-executor-4] INFO  impl.FollowerInfo (FollowerInfo.java:lambda$new$0(51)) - 5727e973-ff17-48d6-b89a-ebfb40a52011@group-D5C2317BD565->b6d847a4-7247-447a-b4f4-a3074f294230: nextIndex: updateUnconditionally 17 -> 16
2019-10-06 15:45:42,299 [5727e973-ff17-48d6-b89a-ebfb40a52011@group-D5C2317BD565-StateMachineUpdater] INFO  ratis.ContainerStateMachine (ContainerStateMachine.java:takeSnapshot(304)) - group-D5C2317BD565: Finished taking a snapshot at:(t:1, i:14) file:/workdir/hadoop-ozone/integration-test/target/test-dir/MiniOzoneClusterImpl-71e09d98-8980-4f11-ada0-d4d272c3dff4/datanode-5/data/ratis/5b1483af-8b1e-4746-ad14-d5c2317bd565/sm/snapshot.1_14 time:15
2019-10-06 15:45:42,299 [5727e973-ff17-48d6-b89a-ebfb40a52011@group-D5C2317BD565-StateMachineUpdater] INFO  impl.StateMachineUpdater (StateMachineUpdater.java:takeSnapshot(269)) - 5727e973-ff17-48d6-b89a-ebfb40a52011@group-D5C2317BD565-StateMachineUpdater: Took a snapshot at index 14
2019-10-06 15:45:42,299 [5727e973-ff17-48d6-b89a-ebfb40a52011@group-D5C2317BD565-StateMachineUpdater] INFO  impl.StateMachineUpdater (StateMachineUpdater.java:lambda$new$0(84)) - 5727e973-ff17-48d6-b89a-ebfb40a52011@group-D5C2317BD565-StateMachineUpdater: snapshotIndex: updateIncreasingly -1 -> 14
2019-10-06 15:45:42,300 [5727e973-ff17-48d6-b89a-ebfb40a52011@group-D5C2317BD565-StateMachineUpdater] INFO  ratis.ContainerStateMachine (ContainerStateMachine.java:takeSnapshot(293)) - group-D5C2317BD565: Taking a snapshot at:(t:1, i:14) file /workdir/hadoop-ozone/integration-test/target/test-dir/MiniOzoneClusterImpl-71e09d98-8980-4f11-ada0-d4d272c3dff4/datanode-5/data/ratis/5b1483af-8b1e-4746-ad14-d5c2317bd565/sm/snapshot.1_14
2019-10-06 15:45:42,312 [5727e973-ff17-48d6-b89a-ebfb40a52011@group-D5C2317BD565-StateMachineUpdater] INFO  ratis.ContainerStateMachine (ContainerStateMachine.java:takeSnapshot(304)) - group-D5C2317BD565: Finished taking a snapshot at:(t:1, i:14) file:/workdir/hadoop-ozone/integration-test/target/test-dir/MiniOzoneClusterImpl-71e09d98-8980-4f11-ada0-d4d272c3dff4/datanode-5/data/ratis/5b1483af-8b1e-4746-ad14-d5c2317bd565/sm/snapshot.1_14 time:12
2019-10-06 15:45:42,313 [5727e973-ff17-48d6-b89a-ebfb40a52011@group-D5C2317BD565-StateMachineUpdater] INFO  impl.StateMachineUpdater (StateMachineUpdater.java:takeSnapshot(269)) - 5727e973-ff17-48d6-b89a-ebfb40a52011@group-D5C2317BD565-StateMachineUpdater: Took a snapshot at index 14
2019-10-06 15:45:42,313 [5727e973-ff17-48d6-b89a-ebfb40a52011@group-D5C2317BD565-StateMachineUpdater] INFO  impl.StateMachineUpdater (StateMachineUpdater.java:lambda$new$0(84)) - 5727e973-ff17-48d6-b89a-ebfb40a52011@group-D5C2317BD565-StateMachineUpdater: snapshotIndex: updateIncreasingly 14 -> 14
2019-10-06 15:45:42,314 [ForkJoinPool.commonPool-worker-1] INFO  impl.RaftServerImpl (ServerState.java:close(387)) - 5727e973-ff17-48d6-b89a-ebfb40a52011@group-D5C2317BD565: closes. applyIndex: 16
2019-10-06 15:45:42,314 [5727e973-ff17-48d6-b89a-ebfb40a52011@group-D5C2317BD565-SegmentedRaftLogWorker] INFO  segmented.SegmentedRaftLogWorker (SegmentedRaftLogWorker.java:run(316)) - 5727e973-ff17-48d6-b89a-ebfb40a52011@group-D5C2317BD565-SegmentedRaftLogWorker was interrupted, exiting. There are 0 tasks remaining in the queue.
2019-10-06 15:45:42,322 [ForkJoinPool.commonPool-worker-1] INFO  segmented.SegmentedRaftLogWorker (SegmentedRaftLogWorker.java:close(224)) - 5727e973-ff17-48d6-b89a-ebfb40a52011@group-D5C2317BD565-SegmentedRaftLogWorker close()
2019-10-06 15:45:42,326 [main] INFO  server.GrpcService (GrpcService.java:closeImpl(164)) - 5727e973-ff17-48d6-b89a-ebfb40a52011: shutdown server with port 38455 now
2019-10-06 15:45:42,327 [grpc-default-executor-9] WARN  client.GrpcClientProtocolService (LogUtils.java:warn(134)) - 3-UnorderedRequestStreamObserver3: onError: org.apache.ratis.thirdparty.io.grpc.StatusRuntimeException: CANCELLED: cancelled before receiving half close
2019-10-06 15:45:42,327 [main] INFO  server.GrpcService (GrpcService.java:closeImpl(172)) - 5727e973-ff17-48d6-b89a-ebfb40a52011: shutdown server with port 38455 successfully
2019-10-06 15:45:42,333 [refreshUsed-/workdir/hadoop-ozone/integration-test/target/test-dir/MiniOzoneClusterImpl-71e09d98-8980-4f11-ada0-d4d272c3dff4/datanode-5/data/containers] WARN  fs.CachingGetSpaceUsed (CachingGetSpaceUsed.java:run(183)) - Thread Interrupted waiting to refresh disk information: sleep interrupted
2019-10-06 15:45:42,348 [main] INFO  utils.BackgroundService (BackgroundService.java:shutdown(148)) - Shutting down service BlockDeletingService
2019-10-06 15:45:42,356 [main] INFO  statemachine.DatanodeStateMachine (DatanodeStateMachine.java:stopDaemon(395)) - Ozone container server stopped.
2019-10-06 15:45:42,359 [main] INFO  handler.ContextHandler (ContextHandler.java:doStop(910)) - Stopped o.e.j.w.WebAppContext@341c6ac2{/,null,UNAVAILABLE}{/hddsDatanode}
2019-10-06 15:45:42,360 [main] INFO  server.AbstractConnector (AbstractConnector.java:doStop(318)) - Stopped ServerConnector@38811103{HTTP/1.1,[http/1.1]}{0.0.0.0:0}
2019-10-06 15:45:42,360 [main] INFO  handler.ContextHandler (ContextHandler.java:doStop(910)) - Stopped o.e.j.s.ServletContextHandler@7eaa2bc6{/static,jar:file:/home/user/.m2/repository/org/apache/hadoop/hadoop-hdds-container-service/0.5.0-SNAPSHOT/hadoop-hdds-container-service-0.5.0-SNAPSHOT.jar!/webapps/static,UNAVAILABLE}
2019-10-06 15:45:42,361 [main] INFO  handler.ContextHandler (ContextHandler.java:doStop(910)) - Stopped o.e.j.s.ServletContextHandler@67d8faec{/logs,file:///workdir/hadoop-ozone/integration-test/target/log,UNAVAILABLE}
2019-10-06 15:45:51,222 [Thread-3115] INFO  impl.FollowerState (FollowerState.java:run(108)) - 56c5c699-cd8e-4783-81cf-b77b98cbb0bb@group-D5C2317BD565-FollowerState: change to CANDIDATE, lastRpcTime:8973ms, electionTimeout:5074ms
2019-10-06 15:45:51,223 [Thread-3115] INFO  impl.RoleInfo (RoleInfo.java:shutdownFollowerState(121)) - 56c5c699-cd8e-4783-81cf-b77b98cbb0bb: shutdown FollowerState
2019-10-06 15:45:51,223 [Thread-3115] INFO  impl.RaftServerImpl (RaftServerImpl.java:setRole(170)) - 56c5c699-cd8e-4783-81cf-b77b98cbb0bb@group-D5C2317BD565: changes role from  FOLLOWER to CANDIDATE at term 1 for changeToCandidate
2019-10-06 15:45:51,223 [Thread-3115] INFO  impl.RoleInfo (RoleInfo.java:updateAndGet(143)) - 56c5c699-cd8e-4783-81cf-b77b98cbb0bb: start LeaderElection
2019-10-06 15:45:51,231 [56c5c699-cd8e-4783-81cf-b77b98cbb0bb@group-D5C2317BD565-LeaderElection71] INFO  impl.RaftServerImpl (ServerState.java:setLeader(255)) - 56c5c699-cd8e-4783-81cf-b77b98cbb0bb@group-D5C2317BD565: change Leader from 5727e973-ff17-48d6-b89a-ebfb40a52011 to null at term 1 for initElection
2019-10-06 15:45:51,246 [56c5c699-cd8e-4783-81cf-b77b98cbb0bb@group-D5C2317BD565-LeaderElection71] INFO  impl.LeaderElection (LeaderElection.java:askForVotes(178)) - 56c5c699-cd8e-4783-81cf-b77b98cbb0bb@group-D5C2317BD565-LeaderElection71: begin an election at term 2 for 0: [b6d847a4-7247-447a-b4f4-a3074f294230:192.168.30.23:37755, 5727e973-ff17-48d6-b89a-ebfb40a52011:192.168.30.23:38455, 56c5c699-cd8e-4783-81cf-b77b98cbb0bb:192.168.30.23:43872], old=null
2019-10-06 15:45:51,250 [56c5c699-cd8e-4783-81cf-b77b98cbb0bb@group-D5C2317BD565-LeaderElection71] INFO  impl.LeaderElection (LogUtils.java:infoOrTrace(149)) - 56c5c699-cd8e-4783-81cf-b77b98cbb0bb@group-D5C2317BD565-LeaderElection71 got exception when requesting votes: {}
java.util.concurrent.ExecutionException: org.apache.ratis.thirdparty.io.grpc.StatusRuntimeException: UNAVAILABLE: io exception
	at java.util.concurrent.FutureTask.report(FutureTask.java:122)
	at java.util.concurrent.FutureTask.get(FutureTask.java:192)
	at org.apache.ratis.server.impl.LeaderElection.waitForResults(LeaderElection.java:259)
	at org.apache.ratis.server.impl.LeaderElection.askForVotes(LeaderElection.java:197)
	at org.apache.ratis.server.impl.LeaderElection.run(LeaderElection.java:133)
	at java.lang.Thread.run(Thread.java:748)
Caused by: org.apache.ratis.thirdparty.io.grpc.StatusRuntimeException: UNAVAILABLE: io exception
	at org.apache.ratis.thirdparty.io.grpc.stub.ClientCalls.toStatusRuntimeException(ClientCalls.java:233)
	at org.apache.ratis.thirdparty.io.grpc.stub.ClientCalls.getUnchecked(ClientCalls.java:214)
	at org.apache.ratis.thirdparty.io.grpc.stub.ClientCalls.blockingUnaryCall(ClientCalls.java:139)
	at org.apache.ratis.proto.grpc.RaftServerProtocolServiceGrpc$RaftServerProtocolServiceBlockingStub.requestVote(RaftServerProtocolServiceGrpc.java:265)
	at org.apache.ratis.grpc.server.GrpcServerProtocolClient.requestVote(GrpcServerProtocolClient.java:99)
	at org.apache.ratis.grpc.server.GrpcService.requestVote(GrpcService.java:204)
	at org.apache.ratis.server.impl.LeaderElection.lambda$submitRequests$1(LeaderElection.java:234)
	at java.util.concurrent.FutureTask.run(FutureTask.java:266)
	at java.util.concurrent.Executors$RunnableAdapter.call(Executors.java:511)
	at java.util.concurrent.FutureTask.run(FutureTask.java:266)
	at java.util.concurrent.ThreadPoolExecutor.runWorker(ThreadPoolExecutor.java:1149)
	at java.util.concurrent.ThreadPoolExecutor$Worker.run(ThreadPoolExecutor.java:624)
	... 1 more
Caused by: org.apache.ratis.thirdparty.io.netty.channel.AbstractChannel$AnnotatedConnectException: Connection refused: /192.168.30.23:38455
	at sun.nio.ch.SocketChannelImpl.checkConnect(Native Method)
	at sun.nio.ch.SocketChannelImpl.finishConnect(SocketChannelImpl.java:717)
	at org.apache.ratis.thirdparty.io.netty.channel.socket.nio.NioSocketChannel.doFinishConnect(NioSocketChannel.java:327)
	at org.apache.ratis.thirdparty.io.netty.channel.nio.AbstractNioChannel$AbstractNioUnsafe.finishConnect(AbstractNioChannel.java:340)
	at org.apache.ratis.thirdparty.io.netty.channel.nio.NioEventLoop.processSelectedKey(NioEventLoop.java:632)
	at org.apache.ratis.thirdparty.io.netty.channel.nio.NioEventLoop.processSelectedKeysOptimized(NioEventLoop.java:579)
	at org.apache.ratis.thirdparty.io.netty.channel.nio.NioEventLoop.processSelectedKeys(NioEventLoop.java:496)
	at org.apache.ratis.thirdparty.io.netty.channel.nio.NioEventLoop.run(NioEventLoop.java:458)
	at org.apache.ratis.thirdparty.io.netty.util.concurrent.SingleThreadEventExecutor$5.run(SingleThreadEventExecutor.java:897)
	at org.apache.ratis.thirdparty.io.netty.util.concurrent.FastThreadLocalRunnable.run(FastThreadLocalRunnable.java:30)
	... 1 more
Caused by: java.net.ConnectException: Connection refused
	... 11 more
2019-10-06 15:45:51,254 [grpc-default-executor-10] INFO  impl.RaftServerImpl (ServerState.java:setLeader(255)) - b6d847a4-7247-447a-b4f4-a3074f294230@group-D5C2317BD565: change Leader from 5727e973-ff17-48d6-b89a-ebfb40a52011 to null at term 2 for updateCurrentTerm
2019-10-06 15:45:51,254 [grpc-default-executor-10] INFO  impl.RaftServerImpl (RaftServerImpl.java:setRole(170)) - b6d847a4-7247-447a-b4f4-a3074f294230@group-D5C2317BD565: changes role from  FOLLOWER to FOLLOWER at term 2 for recognizeCandidate:56c5c699-cd8e-4783-81cf-b77b98cbb0bb
2019-10-06 15:45:51,255 [grpc-default-executor-10] INFO  impl.RoleInfo (RoleInfo.java:shutdownFollowerState(121)) - b6d847a4-7247-447a-b4f4-a3074f294230: shutdown FollowerState
2019-10-06 15:45:51,255 [grpc-default-executor-10] INFO  impl.RoleInfo (RoleInfo.java:updateAndGet(143)) - b6d847a4-7247-447a-b4f4-a3074f294230: start FollowerState
2019-10-06 15:45:51,255 [Thread-3123] INFO  impl.FollowerState (FollowerState.java:run(117)) - b6d847a4-7247-447a-b4f4-a3074f294230@group-D5C2317BD565-FollowerState was interrupted: java.lang.InterruptedException: sleep interrupted
2019-10-06 15:45:51,270 [56c5c699-cd8e-4783-81cf-b77b98cbb0bb@group-D5C2317BD565-LeaderElection71] INFO  impl.LeaderElection (LeaderElection.java:logAndReturn(56)) - 56c5c699-cd8e-4783-81cf-b77b98cbb0bb@group-D5C2317BD565-LeaderElection71: Election PASSED; received 1 response(s) [56c5c699-cd8e-4783-81cf-b77b98cbb0bb<-b6d847a4-7247-447a-b4f4-a3074f294230#0:OK-t2] and 1 exception(s); 56c5c699-cd8e-4783-81cf-b77b98cbb0bb@group-D5C2317BD565:t2, leader=null, voted=56c5c699-cd8e-4783-81cf-b77b98cbb0bb, raftlog=56c5c699-cd8e-4783-81cf-b77b98cbb0bb@group-D5C2317BD565-SegmentedRaftLog:OPENED:c16,f16,i16, conf=0: [b6d847a4-7247-447a-b4f4-a3074f294230:192.168.30.23:37755, 5727e973-ff17-48d6-b89a-ebfb40a52011:192.168.30.23:38455, 56c5c699-cd8e-4783-81cf-b77b98cbb0bb:192.168.30.23:43872], old=null
2019-10-06 15:45:51,271 [56c5c699-cd8e-4783-81cf-b77b98cbb0bb@group-D5C2317BD565-LeaderElection71] INFO  impl.LeaderElection (LogUtils.java:infoOrTrace(149)) -   Exception 0: {}
java.util.concurrent.ExecutionException: org.apache.ratis.thirdparty.io.grpc.StatusRuntimeException: UNAVAILABLE: io exception
	at java.util.concurrent.FutureTask.report(FutureTask.java:122)
	at java.util.concurrent.FutureTask.get(FutureTask.java:192)
	at org.apache.ratis.server.impl.LeaderElection.waitForResults(LeaderElection.java:259)
	at org.apache.ratis.server.impl.LeaderElection.askForVotes(LeaderElection.java:197)
	at org.apache.ratis.server.impl.LeaderElection.run(LeaderElection.java:133)
	at java.lang.Thread.run(Thread.java:748)
Caused by: org.apache.ratis.thirdparty.io.grpc.StatusRuntimeException: UNAVAILABLE: io exception
	at org.apache.ratis.thirdparty.io.grpc.stub.ClientCalls.toStatusRuntimeException(ClientCalls.java:233)
	at org.apache.ratis.thirdparty.io.grpc.stub.ClientCalls.getUnchecked(ClientCalls.java:214)
	at org.apache.ratis.thirdparty.io.grpc.stub.ClientCalls.blockingUnaryCall(ClientCalls.java:139)
	at org.apache.ratis.proto.grpc.RaftServerProtocolServiceGrpc$RaftServerProtocolServiceBlockingStub.requestVote(RaftServerProtocolServiceGrpc.java:265)
	at org.apache.ratis.grpc.server.GrpcServerProtocolClient.requestVote(GrpcServerProtocolClient.java:99)
	at org.apache.ratis.grpc.server.GrpcService.requestVote(GrpcService.java:204)
	at org.apache.ratis.server.impl.LeaderElection.lambda$submitRequests$1(LeaderElection.java:234)
	at java.util.concurrent.FutureTask.run(FutureTask.java:266)
	at java.util.concurrent.Executors$RunnableAdapter.call(Executors.java:511)
	at java.util.concurrent.FutureTask.run(FutureTask.java:266)
	at java.util.concurrent.ThreadPoolExecutor.runWorker(ThreadPoolExecutor.java:1149)
	at java.util.concurrent.ThreadPoolExecutor$Worker.run(ThreadPoolExecutor.java:624)
	... 1 more
Caused by: org.apache.ratis.thirdparty.io.netty.channel.AbstractChannel$AnnotatedConnectException: Connection refused: /192.168.30.23:38455
	at sun.nio.ch.SocketChannelImpl.checkConnect(Native Method)
	at sun.nio.ch.SocketChannelImpl.finishConnect(SocketChannelImpl.java:717)
	at org.apache.ratis.thirdparty.io.netty.channel.socket.nio.NioSocketChannel.doFinishConnect(NioSocketChannel.java:327)
	at org.apache.ratis.thirdparty.io.netty.channel.nio.AbstractNioChannel$AbstractNioUnsafe.finishConnect(AbstractNioChannel.java:340)
	at org.apache.ratis.thirdparty.io.netty.channel.nio.NioEventLoop.processSelectedKey(NioEventLoop.java:632)
	at org.apache.ratis.thirdparty.io.netty.channel.nio.NioEventLoop.processSelectedKeysOptimized(NioEventLoop.java:579)
	at org.apache.ratis.thirdparty.io.netty.channel.nio.NioEventLoop.processSelectedKeys(NioEventLoop.java:496)
	at org.apache.ratis.thirdparty.io.netty.channel.nio.NioEventLoop.run(NioEventLoop.java:458)
	at org.apache.ratis.thirdparty.io.netty.util.concurrent.SingleThreadEventExecutor$5.run(SingleThreadEventExecutor.java:897)
	at org.apache.ratis.thirdparty.io.netty.util.concurrent.FastThreadLocalRunnable.run(FastThreadLocalRunnable.java:30)
	... 1 more
Caused by: java.net.ConnectException: Connection refused
	... 11 more
2019-10-06 15:45:51,271 [56c5c699-cd8e-4783-81cf-b77b98cbb0bb@group-D5C2317BD565-LeaderElection71] INFO  impl.RoleInfo (RoleInfo.java:shutdownLeaderElection(134)) - 56c5c699-cd8e-4783-81cf-b77b98cbb0bb: shutdown LeaderElection
2019-10-06 15:45:51,271 [56c5c699-cd8e-4783-81cf-b77b98cbb0bb@group-D5C2317BD565-LeaderElection71] INFO  impl.RaftServerImpl (RaftServerImpl.java:setRole(170)) - 56c5c699-cd8e-4783-81cf-b77b98cbb0bb@group-D5C2317BD565: changes role from CANDIDATE to LEADER at term 2 for changeToLeader
2019-10-06 15:45:51,272 [56c5c699-cd8e-4783-81cf-b77b98cbb0bb@group-D5C2317BD565-LeaderElection71] INFO  impl.RaftServerImpl (ServerState.java:setLeader(255)) - 56c5c699-cd8e-4783-81cf-b77b98cbb0bb@group-D5C2317BD565: change Leader from null to 56c5c699-cd8e-4783-81cf-b77b98cbb0bb at term 2 for becomeLeader, leader elected after 40ms
2019-10-06 15:45:51,272 [56c5c699-cd8e-4783-81cf-b77b98cbb0bb@group-D5C2317BD565-LeaderElection71] INFO  server.RaftServerConfigKeys (ConfUtils.java:logGet(43)) - raft.server.staging.catchup.gap = 1000 (default)
2019-10-06 15:45:51,272 [56c5c699-cd8e-4783-81cf-b77b98cbb0bb@group-D5C2317BD565-LeaderElection71] INFO  server.RaftServerConfigKeys (ConfUtils.java:logGet(43)) - raft.server.rpc.sleep.time = 25ms (default)
2019-10-06 15:45:51,272 [56c5c699-cd8e-4783-81cf-b77b98cbb0bb@group-D5C2317BD565-LeaderElection71] INFO  server.RaftServerConfigKeys (ConfUtils.java:logGet(43)) - raft.server.write.element-limit = 4096 (default)
2019-10-06 15:45:51,272 [56c5c699-cd8e-4783-81cf-b77b98cbb0bb@group-D5C2317BD565-LeaderElection71] INFO  server.RaftServerConfigKeys (ConfUtils.java:logGet(43)) - raft.server.watch.timeout = 10s (default)
2019-10-06 15:45:51,273 [56c5c699-cd8e-4783-81cf-b77b98cbb0bb@group-D5C2317BD565-LeaderElection71] INFO  server.RaftServerConfigKeys (ConfUtils.java:logGet(43)) - raft.server.watch.timeout.denomination = 1s (default)
2019-10-06 15:45:51,273 [56c5c699-cd8e-4783-81cf-b77b98cbb0bb@group-D5C2317BD565-LeaderElection71] INFO  server.RaftServerConfigKeys (ConfUtils.java:logGet(43)) - raft.server.watch.element-limit = 65536 (default)
2019-10-06 15:45:51,276 [56c5c699-cd8e-4783-81cf-b77b98cbb0bb@group-D5C2317BD565-LeaderElection71] INFO  server.RaftServerConfigKeys (ConfUtils.java:logGet(43)) - raft.server.log.appender.snapshot.chunk.size.max = 16MB (=16777216) (default)
2019-10-06 15:45:51,276 [56c5c699-cd8e-4783-81cf-b77b98cbb0bb@group-D5C2317BD565-LeaderElection71] INFO  server.RaftServerConfigKeys (ConfUtils.java:logGet(43)) - raft.server.log.appender.buffer.byte-limit = 33554432 (custom)
2019-10-06 15:45:51,276 [56c5c699-cd8e-4783-81cf-b77b98cbb0bb@group-D5C2317BD565-LeaderElection71] INFO  server.RaftServerConfigKeys (ConfUtils.java:logGet(43)) - raft.server.log.appender.buffer.element-limit = 1 (custom)
2019-10-06 15:45:51,277 [56c5c699-cd8e-4783-81cf-b77b98cbb0bb@group-D5C2317BD565-LeaderElection71] INFO  grpc.GrpcConfigKeys$Server (ConfUtils.java:logGet(43)) - raft.grpc.server.leader.outstanding.appends.max = 128 (default)
2019-10-06 15:45:51,277 [56c5c699-cd8e-4783-81cf-b77b98cbb0bb@group-D5C2317BD565-LeaderElection71] INFO  server.RaftServerConfigKeys (ConfUtils.java:logGet(43)) - raft.server.rpc.request.timeout = 3000ms (default)
2019-10-06 15:45:51,277 [56c5c699-cd8e-4783-81cf-b77b98cbb0bb@group-D5C2317BD565-LeaderElection71] INFO  server.RaftServerConfigKeys (ConfUtils.java:logGet(43)) - raft.server.log.appender.install.snapshot.enabled = false (custom)
2019-10-06 15:45:51,277 [56c5c699-cd8e-4783-81cf-b77b98cbb0bb@group-D5C2317BD565-LeaderElection71] INFO  server.RaftServerConfigKeys (ConfUtils.java:logGet(43)) - raft.server.log.appender.snapshot.chunk.size.max = 16MB (=16777216) (default)
2019-10-06 15:45:51,277 [56c5c699-cd8e-4783-81cf-b77b98cbb0bb@group-D5C2317BD565-LeaderElection71] INFO  server.RaftServerConfigKeys (ConfUtils.java:logGet(43)) - raft.server.log.appender.buffer.byte-limit = 33554432 (custom)
2019-10-06 15:45:51,278 [56c5c699-cd8e-4783-81cf-b77b98cbb0bb@group-D5C2317BD565-LeaderElection71] INFO  server.RaftServerConfigKeys (ConfUtils.java:logGet(43)) - raft.server.log.appender.buffer.element-limit = 1 (custom)
2019-10-06 15:45:51,278 [56c5c699-cd8e-4783-81cf-b77b98cbb0bb@group-D5C2317BD565-LeaderElection71] INFO  grpc.GrpcConfigKeys$Server (ConfUtils.java:logGet(43)) - raft.grpc.server.leader.outstanding.appends.max = 128 (default)
2019-10-06 15:45:51,278 [56c5c699-cd8e-4783-81cf-b77b98cbb0bb@group-D5C2317BD565-LeaderElection71] INFO  server.RaftServerConfigKeys (ConfUtils.java:logGet(43)) - raft.server.rpc.request.timeout = 3000ms (default)
2019-10-06 15:45:51,278 [56c5c699-cd8e-4783-81cf-b77b98cbb0bb@group-D5C2317BD565-LeaderElection71] INFO  server.RaftServerConfigKeys (ConfUtils.java:logGet(43)) - raft.server.log.appender.install.snapshot.enabled = false (custom)
2019-10-06 15:45:51,278 [56c5c699-cd8e-4783-81cf-b77b98cbb0bb@group-D5C2317BD565-LeaderElection71] INFO  impl.RoleInfo (RoleInfo.java:updateAndGet(143)) - 56c5c699-cd8e-4783-81cf-b77b98cbb0bb: start LeaderState
2019-10-06 15:45:51,279 [56c5c699-cd8e-4783-81cf-b77b98cbb0bb@group-D5C2317BD565-LeaderElection71] INFO  segmented.SegmentedRaftLogWorker (SegmentedRaftLogWorker.java:rollLogSegment(390)) - 56c5c699-cd8e-4783-81cf-b77b98cbb0bb@group-D5C2317BD565-SegmentedRaftLogWorker: Rolling segment log-0_16 to index:16
2019-10-06 15:45:51,283 [56c5c699-cd8e-4783-81cf-b77b98cbb0bb@group-D5C2317BD565-LeaderElection71] INFO  impl.RaftServerImpl (ServerState.java:setRaftConf(356)) - 56c5c699-cd8e-4783-81cf-b77b98cbb0bb@group-D5C2317BD565: set configuration 17: [b6d847a4-7247-447a-b4f4-a3074f294230:192.168.30.23:37755, 5727e973-ff17-48d6-b89a-ebfb40a52011:192.168.30.23:38455, 56c5c699-cd8e-4783-81cf-b77b98cbb0bb:192.168.30.23:43872], old=null at 17
2019-10-06 15:45:51,283 [grpc-default-executor-10] WARN  server.GrpcLogAppender (LogUtils.java:warn(134)) - 56c5c699-cd8e-4783-81cf-b77b98cbb0bb@group-D5C2317BD565->5727e973-ff17-48d6-b89a-ebfb40a52011-AppendLogResponseHandler: Failed appendEntries: org.apache.ratis.thirdparty.io.grpc.StatusRuntimeException: UNAVAILABLE: io exception
2019-10-06 15:45:51,286 [56c5c699-cd8e-4783-81cf-b77b98cbb0bb@group-D5C2317BD565-SegmentedRaftLogWorker] INFO  segmented.SegmentedRaftLogWorker (SegmentedRaftLogWorker.java:execute(531)) - 56c5c699-cd8e-4783-81cf-b77b98cbb0bb@group-D5C2317BD565-SegmentedRaftLogWorker: Rolled log segment from /workdir/hadoop-ozone/integration-test/target/test-dir/MiniOzoneClusterImpl-71e09d98-8980-4f11-ada0-d4d272c3dff4/datanode-3/data/ratis/5b1483af-8b1e-4746-ad14-d5c2317bd565/current/log_inprogress_0 to /workdir/hadoop-ozone/integration-test/target/test-dir/MiniOzoneClusterImpl-71e09d98-8980-4f11-ada0-d4d272c3dff4/datanode-3/data/ratis/5b1483af-8b1e-4746-ad14-d5c2317bd565/current/log_0-16
2019-10-06 15:45:51,287 [grpc-default-executor-10] INFO  impl.FollowerInfo (FollowerInfo.java:lambda$new$0(51)) - 56c5c699-cd8e-4783-81cf-b77b98cbb0bb@group-D5C2317BD565->5727e973-ff17-48d6-b89a-ebfb40a52011: nextIndex: updateUnconditionally 17 -> 1
2019-10-06 15:45:51,287 [grpc-default-executor-4] INFO  impl.RaftServerImpl (ServerState.java:setLeader(255)) - b6d847a4-7247-447a-b4f4-a3074f294230@group-D5C2317BD565: change Leader from null to 56c5c699-cd8e-4783-81cf-b77b98cbb0bb at term 2 for appendEntries, leader elected after 33ms
2019-10-06 15:45:51,317 [grpc-default-executor-4] INFO  impl.RaftServerImpl (ServerState.java:setRaftConf(356)) - b6d847a4-7247-447a-b4f4-a3074f294230@group-D5C2317BD565: set configuration 17: [b6d847a4-7247-447a-b4f4-a3074f294230:192.168.30.23:37755, 5727e973-ff17-48d6-b89a-ebfb40a52011:192.168.30.23:38455, 56c5c699-cd8e-4783-81cf-b77b98cbb0bb:192.168.30.23:43872], old=null at 17
2019-10-06 15:45:51,318 [grpc-default-executor-4] INFO  segmented.SegmentedRaftLogWorker (SegmentedRaftLogWorker.java:rollLogSegment(390)) - b6d847a4-7247-447a-b4f4-a3074f294230@group-D5C2317BD565-SegmentedRaftLogWorker: Rolling segment log-0_16 to index:16
2019-10-06 15:45:51,318 [b6d847a4-7247-447a-b4f4-a3074f294230@group-D5C2317BD565-SegmentedRaftLogWorker] INFO  segmented.SegmentedRaftLogWorker (SegmentedRaftLogWorker.java:execute(531)) - b6d847a4-7247-447a-b4f4-a3074f294230@group-D5C2317BD565-SegmentedRaftLogWorker: Rolled log segment from /workdir/hadoop-ozone/integration-test/target/test-dir/MiniOzoneClusterImpl-71e09d98-8980-4f11-ada0-d4d272c3dff4/datanode-6/data/ratis/5b1483af-8b1e-4746-ad14-d5c2317bd565/current/log_inprogress_0 to /workdir/hadoop-ozone/integration-test/target/test-dir/MiniOzoneClusterImpl-71e09d98-8980-4f11-ada0-d4d272c3dff4/datanode-6/data/ratis/5b1483af-8b1e-4746-ad14-d5c2317bd565/current/log_0-16
2019-10-06 15:45:51,338 [56c5c699-cd8e-4783-81cf-b77b98cbb0bb@group-D5C2317BD565-SegmentedRaftLogWorker] INFO  segmented.SegmentedRaftLogWorker (SegmentedRaftLogWorker.java:execute(574)) - 56c5c699-cd8e-4783-81cf-b77b98cbb0bb@group-D5C2317BD565-SegmentedRaftLogWorker: created new log segment /workdir/hadoop-ozone/integration-test/target/test-dir/MiniOzoneClusterImpl-71e09d98-8980-4f11-ada0-d4d272c3dff4/datanode-3/data/ratis/5b1483af-8b1e-4746-ad14-d5c2317bd565/current/log_inprogress_17
2019-10-06 15:45:51,359 [b6d847a4-7247-447a-b4f4-a3074f294230@group-D5C2317BD565-SegmentedRaftLogWorker] INFO  segmented.SegmentedRaftLogWorker (SegmentedRaftLogWorker.java:execute(574)) - b6d847a4-7247-447a-b4f4-a3074f294230@group-D5C2317BD565-SegmentedRaftLogWorker: created new log segment /workdir/hadoop-ozone/integration-test/target/test-dir/MiniOzoneClusterImpl-71e09d98-8980-4f11-ada0-d4d272c3dff4/datanode-6/data/ratis/5b1483af-8b1e-4746-ad14-d5c2317bd565/current/log_inprogress_17
2019-10-06 15:45:51,381 [grpc-default-executor-4] WARN  server.GrpcLogAppender (LogUtils.java:warn(134)) - 56c5c699-cd8e-4783-81cf-b77b98cbb0bb@group-D5C2317BD565->5727e973-ff17-48d6-b89a-ebfb40a52011-AppendLogResponseHandler: Failed appendEntries: org.apache.ratis.thirdparty.io.grpc.StatusRuntimeException: UNAVAILABLE: io exception
2019-10-06 15:45:51,381 [grpc-default-executor-4] INFO  impl.FollowerInfo (FollowerInfo.java:lambda$new$0(51)) - 56c5c699-cd8e-4783-81cf-b77b98cbb0bb@group-D5C2317BD565->5727e973-ff17-48d6-b89a-ebfb40a52011: nextIndex: updateUnconditionally 2 -> 1
2019-10-06 15:45:51,387 [grpc-default-executor-9] WARN  server.GrpcLogAppender (LogUtils.java:warn(134)) - 56c5c699-cd8e-4783-81cf-b77b98cbb0bb@group-D5C2317BD565->5727e973-ff17-48d6-b89a-ebfb40a52011-AppendLogResponseHandler: Failed appendEntries: org.apache.ratis.thirdparty.io.grpc.StatusRuntimeException: UNAVAILABLE: io exception
2019-10-06 15:45:51,387 [grpc-default-executor-9] INFO  impl.FollowerInfo (FollowerInfo.java:lambda$new$0(51)) - 56c5c699-cd8e-4783-81cf-b77b98cbb0bb@group-D5C2317BD565->5727e973-ff17-48d6-b89a-ebfb40a52011: nextIndex: updateUnconditionally 2 -> 1
15:45:51.518 [grpc-default-executor-9] ERROR DNAudit - user=null | ip=null | op=WRITE_CHUNK {blockData=conID: 1 locID: 102916209430953997 bcsId: 14} | ret=FAILURE
org.apache.hadoop.hdds.scm.container.common.helpers.ContainerNotOpenException: Container 1 in CLOSING state
	at org.apache.hadoop.ozone.container.common.impl.HddsDispatcher.validateContainerCommand(HddsDispatcher.java:434) ~[hadoop-hdds-container-service-0.5.0-SNAPSHOT.jar:?]
	at org.apache.hadoop.ozone.container.common.transport.server.ratis.ContainerStateMachine.startTransaction(ContainerStateMachine.java:319) ~[hadoop-hdds-container-service-0.5.0-SNAPSHOT.jar:?]
	at org.apache.ratis.server.impl.RaftServerImpl.submitClientRequestAsync(RaftServerImpl.java:569) ~[ratis-server-0.5.0-201fc85-SNAPSHOT.jar:0.5.0-201fc85-SNAPSHOT]
	at org.apache.ratis.server.impl.RaftServerProxy.lambda$submitClientRequestAsync$7(RaftServerProxy.java:333) ~[ratis-server-0.5.0-201fc85-SNAPSHOT.jar:0.5.0-201fc85-SNAPSHOT]
	at org.apache.ratis.server.impl.RaftServerProxy.lambda$null$5(RaftServerProxy.java:328) ~[ratis-server-0.5.0-201fc85-SNAPSHOT.jar:0.5.0-201fc85-SNAPSHOT]
	at org.apache.ratis.util.JavaUtils.callAsUnchecked(JavaUtils.java:109) ~[ratis-common-0.5.0-201fc85-SNAPSHOT.jar:0.5.0-201fc85-SNAPSHOT]
	at org.apache.ratis.server.impl.RaftServerProxy.lambda$submitRequest$6(RaftServerProxy.java:328) ~[ratis-server-0.5.0-201fc85-SNAPSHOT.jar:0.5.0-201fc85-SNAPSHOT]
	at java.util.concurrent.CompletableFuture.uniComposeStage(CompletableFuture.java:981) ~[?:1.8.0_212]
	at java.util.concurrent.CompletableFuture.thenCompose(CompletableFuture.java:2124) ~[?:1.8.0_212]
	at org.apache.ratis.server.impl.RaftServerProxy.submitRequest(RaftServerProxy.java:327) ~[ratis-server-0.5.0-201fc85-SNAPSHOT.jar:0.5.0-201fc85-SNAPSHOT]
	at org.apache.ratis.server.impl.RaftServerProxy.submitClientRequestAsync(RaftServerProxy.java:333) ~[ratis-server-0.5.0-201fc85-SNAPSHOT.jar:0.5.0-201fc85-SNAPSHOT]
	at org.apache.ratis.grpc.client.GrpcClientProtocolService$RequestStreamObserver.processClientRequest(GrpcClientProtocolService.java:220) ~[ratis-grpc-0.5.0-201fc85-SNAPSHOT.jar:0.5.0-201fc85-SNAPSHOT]
	at org.apache.ratis.grpc.client.GrpcClientProtocolService$OrderedRequestStreamObserver.processClientRequest(GrpcClientProtocolService.java:326) ~[ratis-grpc-0.5.0-201fc85-SNAPSHOT.jar:0.5.0-201fc85-SNAPSHOT]
	at org.apache.ratis.util.SlidingWindow$Server.processRequestsFromHead(SlidingWindow.java:429) [ratis-common-0.5.0-201fc85-SNAPSHOT.jar:0.5.0-201fc85-SNAPSHOT]
	at org.apache.ratis.util.SlidingWindow$Server.receivedRequest(SlidingWindow.java:421) [ratis-common-0.5.0-201fc85-SNAPSHOT.jar:0.5.0-201fc85-SNAPSHOT]
	at org.apache.ratis.grpc.client.GrpcClientProtocolService$OrderedRequestStreamObserver.processClientRequest(GrpcClientProtocolService.java:345) [ratis-grpc-0.5.0-201fc85-SNAPSHOT.jar:0.5.0-201fc85-SNAPSHOT]
	at org.apache.ratis.grpc.client.GrpcClientProtocolService$RequestStreamObserver.onNext(GrpcClientProtocolService.java:240) [ratis-grpc-0.5.0-201fc85-SNAPSHOT.jar:0.5.0-201fc85-SNAPSHOT]
	at org.apache.ratis.grpc.client.GrpcClientProtocolService$RequestStreamObserver.onNext(GrpcClientProtocolService.java:168) [ratis-grpc-0.5.0-201fc85-SNAPSHOT.jar:0.5.0-201fc85-SNAPSHOT]
	at org.apache.ratis.thirdparty.io.grpc.stub.ServerCalls$StreamingServerCallHandler$StreamingServerCallListener.onMessage(ServerCalls.java:248) [ratis-thirdparty-misc-0.2.0.jar:0.2.0]
	at org.apache.ratis.thirdparty.io.grpc.internal.ServerCallImpl$ServerStreamListenerImpl.messagesAvailable(ServerCallImpl.java:263) [ratis-thirdparty-misc-0.2.0.jar:0.2.0]
	at org.apache.ratis.thirdparty.io.grpc.internal.ServerImpl$JumpToApplicationThreadServerStreamListener$1MessagesAvailable.runInContext(ServerImpl.java:686) [ratis-thirdparty-misc-0.2.0.jar:0.2.0]
	at org.apache.ratis.thirdparty.io.grpc.internal.ContextRunnable.run(ContextRunnable.java:37) [ratis-thirdparty-misc-0.2.0.jar:0.2.0]
	at org.apache.ratis.thirdparty.io.grpc.internal.SerializingExecutor.run(SerializingExecutor.java:123) [ratis-thirdparty-misc-0.2.0.jar:0.2.0]
	at java.util.concurrent.ThreadPoolExecutor.runWorker(ThreadPoolExecutor.java:1149) [?:1.8.0_212]
	at java.util.concurrent.ThreadPoolExecutor$Worker.run(ThreadPoolExecutor.java:624) [?:1.8.0_212]
	at java.lang.Thread.run(Thread.java:748) [?:1.8.0_212]
15:45:51.532 [grpc-default-executor-4] ERROR DNAudit - user=null | ip=null | op=WRITE_CHUNK {blockData=conID: 1 locID: 102916209430953997 bcsId: 14} | ret=FAILURE
org.apache.hadoop.hdds.scm.container.common.helpers.ContainerNotOpenException: Container 1 in CLOSING state
	at org.apache.hadoop.ozone.container.common.impl.HddsDispatcher.validateContainerCommand(HddsDispatcher.java:434) ~[hadoop-hdds-container-service-0.5.0-SNAPSHOT.jar:?]
	at org.apache.hadoop.ozone.container.common.transport.server.ratis.ContainerStateMachine.startTransaction(ContainerStateMachine.java:319) ~[hadoop-hdds-container-service-0.5.0-SNAPSHOT.jar:?]
	at org.apache.ratis.server.impl.RaftServerImpl.submitClientRequestAsync(RaftServerImpl.java:569) ~[ratis-server-0.5.0-201fc85-SNAPSHOT.jar:0.5.0-201fc85-SNAPSHOT]
	at org.apache.ratis.server.impl.RaftServerProxy.lambda$submitClientRequestAsync$7(RaftServerProxy.java:333) ~[ratis-server-0.5.0-201fc85-SNAPSHOT.jar:0.5.0-201fc85-SNAPSHOT]
	at org.apache.ratis.server.impl.RaftServerProxy.lambda$null$5(RaftServerProxy.java:328) ~[ratis-server-0.5.0-201fc85-SNAPSHOT.jar:0.5.0-201fc85-SNAPSHOT]
	at org.apache.ratis.util.JavaUtils.callAsUnchecked(JavaUtils.java:109) ~[ratis-common-0.5.0-201fc85-SNAPSHOT.jar:0.5.0-201fc85-SNAPSHOT]
	at org.apache.ratis.server.impl.RaftServerProxy.lambda$submitRequest$6(RaftServerProxy.java:328) ~[ratis-server-0.5.0-201fc85-SNAPSHOT.jar:0.5.0-201fc85-SNAPSHOT]
	at java.util.concurrent.CompletableFuture.uniComposeStage(CompletableFuture.java:981) ~[?:1.8.0_212]
	at java.util.concurrent.CompletableFuture.thenCompose(CompletableFuture.java:2124) ~[?:1.8.0_212]
	at org.apache.ratis.server.impl.RaftServerProxy.submitRequest(RaftServerProxy.java:327) ~[ratis-server-0.5.0-201fc85-SNAPSHOT.jar:0.5.0-201fc85-SNAPSHOT]
	at org.apache.ratis.server.impl.RaftServerProxy.submitClientRequestAsync(RaftServerProxy.java:333) ~[ratis-server-0.5.0-201fc85-SNAPSHOT.jar:0.5.0-201fc85-SNAPSHOT]
	at org.apache.ratis.grpc.client.GrpcClientProtocolService$RequestStreamObserver.processClientRequest(GrpcClientProtocolService.java:220) ~[ratis-grpc-0.5.0-201fc85-SNAPSHOT.jar:0.5.0-201fc85-SNAPSHOT]
	at org.apache.ratis.grpc.client.GrpcClientProtocolService$OrderedRequestStreamObserver.processClientRequest(GrpcClientProtocolService.java:326) ~[ratis-grpc-0.5.0-201fc85-SNAPSHOT.jar:0.5.0-201fc85-SNAPSHOT]
	at org.apache.ratis.util.SlidingWindow$Server.processRequestsFromHead(SlidingWindow.java:429) [ratis-common-0.5.0-201fc85-SNAPSHOT.jar:0.5.0-201fc85-SNAPSHOT]
	at org.apache.ratis.util.SlidingWindow$Server.receivedRequest(SlidingWindow.java:421) [ratis-common-0.5.0-201fc85-SNAPSHOT.jar:0.5.0-201fc85-SNAPSHOT]
	at org.apache.ratis.grpc.client.GrpcClientProtocolService$OrderedRequestStreamObserver.processClientRequest(GrpcClientProtocolService.java:345) [ratis-grpc-0.5.0-201fc85-SNAPSHOT.jar:0.5.0-201fc85-SNAPSHOT]
	at org.apache.ratis.grpc.client.GrpcClientProtocolService$RequestStreamObserver.onNext(GrpcClientProtocolService.java:240) [ratis-grpc-0.5.0-201fc85-SNAPSHOT.jar:0.5.0-201fc85-SNAPSHOT]
	at org.apache.ratis.grpc.client.GrpcClientProtocolService$RequestStreamObserver.onNext(GrpcClientProtocolService.java:168) [ratis-grpc-0.5.0-201fc85-SNAPSHOT.jar:0.5.0-201fc85-SNAPSHOT]
	at org.apache.ratis.thirdparty.io.grpc.stub.ServerCalls$StreamingServerCallHandler$StreamingServerCallListener.onMessage(ServerCalls.java:248) [ratis-thirdparty-misc-0.2.0.jar:0.2.0]
	at org.apache.ratis.thirdparty.io.grpc.internal.ServerCallImpl$ServerStreamListenerImpl.messagesAvailable(ServerCallImpl.java:263) [ratis-thirdparty-misc-0.2.0.jar:0.2.0]
	at org.apache.ratis.thirdparty.io.grpc.internal.ServerImpl$JumpToApplicationThreadServerStreamListener$1MessagesAvailable.runInContext(ServerImpl.java:686) [ratis-thirdparty-misc-0.2.0.jar:0.2.0]
	at org.apache.ratis.thirdparty.io.grpc.internal.ContextRunnable.run(ContextRunnable.java:37) [ratis-thirdparty-misc-0.2.0.jar:0.2.0]
	at org.apache.ratis.thirdparty.io.grpc.internal.SerializingExecutor.run(SerializingExecutor.java:123) [ratis-thirdparty-misc-0.2.0.jar:0.2.0]
	at java.util.concurrent.ThreadPoolExecutor.runWorker(ThreadPoolExecutor.java:1149) [?:1.8.0_212]
	at java.util.concurrent.ThreadPoolExecutor$Worker.run(ThreadPoolExecutor.java:624) [?:1.8.0_212]
	at java.lang.Thread.run(Thread.java:748) [?:1.8.0_212]
15:45:51.534 [grpc-default-executor-4] ERROR DNAudit - user=null | ip=null | op=PUT_BLOCK {blockData=[blockId=conID: 1 locID: 102916209430953997 bcsId: 0,size=650]} | ret=FAILURE
org.apache.hadoop.hdds.scm.container.common.helpers.ContainerNotOpenException: Container 1 in CLOSING state
	at org.apache.hadoop.ozone.container.common.impl.HddsDispatcher.validateContainerCommand(HddsDispatcher.java:434) ~[hadoop-hdds-container-service-0.5.0-SNAPSHOT.jar:?]
	at org.apache.hadoop.ozone.container.common.transport.server.ratis.ContainerStateMachine.startTransaction(ContainerStateMachine.java:319) ~[hadoop-hdds-container-service-0.5.0-SNAPSHOT.jar:?]
	at org.apache.ratis.server.impl.RaftServerImpl.submitClientRequestAsync(RaftServerImpl.java:569) ~[ratis-server-0.5.0-201fc85-SNAPSHOT.jar:0.5.0-201fc85-SNAPSHOT]
	at org.apache.ratis.server.impl.RaftServerProxy.lambda$submitClientRequestAsync$7(RaftServerProxy.java:333) ~[ratis-server-0.5.0-201fc85-SNAPSHOT.jar:0.5.0-201fc85-SNAPSHOT]
	at org.apache.ratis.server.impl.RaftServerProxy.lambda$null$5(RaftServerProxy.java:328) ~[ratis-server-0.5.0-201fc85-SNAPSHOT.jar:0.5.0-201fc85-SNAPSHOT]
	at org.apache.ratis.util.JavaUtils.callAsUnchecked(JavaUtils.java:109) ~[ratis-common-0.5.0-201fc85-SNAPSHOT.jar:0.5.0-201fc85-SNAPSHOT]
	at org.apache.ratis.server.impl.RaftServerProxy.lambda$submitRequest$6(RaftServerProxy.java:328) ~[ratis-server-0.5.0-201fc85-SNAPSHOT.jar:0.5.0-201fc85-SNAPSHOT]
	at java.util.concurrent.CompletableFuture.uniComposeStage(CompletableFuture.java:981) ~[?:1.8.0_212]
	at java.util.concurrent.CompletableFuture.thenCompose(CompletableFuture.java:2124) ~[?:1.8.0_212]
	at org.apache.ratis.server.impl.RaftServerProxy.submitRequest(RaftServerProxy.java:327) ~[ratis-server-0.5.0-201fc85-SNAPSHOT.jar:0.5.0-201fc85-SNAPSHOT]
	at org.apache.ratis.server.impl.RaftServerProxy.submitClientRequestAsync(RaftServerProxy.java:333) ~[ratis-server-0.5.0-201fc85-SNAPSHOT.jar:0.5.0-201fc85-SNAPSHOT]
	at org.apache.ratis.grpc.client.GrpcClientProtocolService$RequestStreamObserver.processClientRequest(GrpcClientProtocolService.java:220) ~[ratis-grpc-0.5.0-201fc85-SNAPSHOT.jar:0.5.0-201fc85-SNAPSHOT]
	at org.apache.ratis.grpc.client.GrpcClientProtocolService$OrderedRequestStreamObserver.processClientRequest(GrpcClientProtocolService.java:326) ~[ratis-grpc-0.5.0-201fc85-SNAPSHOT.jar:0.5.0-201fc85-SNAPSHOT]
	at org.apache.ratis.util.SlidingWindow$Server.processRequestsFromHead(SlidingWindow.java:429) [ratis-common-0.5.0-201fc85-SNAPSHOT.jar:0.5.0-201fc85-SNAPSHOT]
	at org.apache.ratis.util.SlidingWindow$Server.receivedRequest(SlidingWindow.java:421) [ratis-common-0.5.0-201fc85-SNAPSHOT.jar:0.5.0-201fc85-SNAPSHOT]
	at org.apache.ratis.grpc.client.GrpcClientProtocolService$OrderedRequestStreamObserver.processClientRequest(GrpcClientProtocolService.java:345) [ratis-grpc-0.5.0-201fc85-SNAPSHOT.jar:0.5.0-201fc85-SNAPSHOT]
	at org.apache.ratis.grpc.client.GrpcClientProtocolService$RequestStreamObserver.onNext(GrpcClientProtocolService.java:240) [ratis-grpc-0.5.0-201fc85-SNAPSHOT.jar:0.5.0-201fc85-SNAPSHOT]
	at org.apache.ratis.grpc.client.GrpcClientProtocolService$RequestStreamObserver.onNext(GrpcClientProtocolService.java:168) [ratis-grpc-0.5.0-201fc85-SNAPSHOT.jar:0.5.0-201fc85-SNAPSHOT]
	at org.apache.ratis.thirdparty.io.grpc.stub.ServerCalls$StreamingServerCallHandler$StreamingServerCallListener.onMessage(ServerCalls.java:248) [ratis-thirdparty-misc-0.2.0.jar:0.2.0]
	at org.apache.ratis.thirdparty.io.grpc.internal.ServerCallImpl$ServerStreamListenerImpl.messagesAvailable(ServerCallImpl.java:263) [ratis-thirdparty-misc-0.2.0.jar:0.2.0]
	at org.apache.ratis.thirdparty.io.grpc.internal.ServerImpl$JumpToApplicationThreadServerStreamListener$1MessagesAvailable.runInContext(ServerImpl.java:686) [ratis-thirdparty-misc-0.2.0.jar:0.2.0]
	at org.apache.ratis.thirdparty.io.grpc.internal.ContextRunnable.run(ContextRunnable.java:37) [ratis-thirdparty-misc-0.2.0.jar:0.2.0]
	at org.apache.ratis.thirdparty.io.grpc.internal.SerializingExecutor.run(SerializingExecutor.java:123) [ratis-thirdparty-misc-0.2.0.jar:0.2.0]
	at java.util.concurrent.ThreadPoolExecutor.runWorker(ThreadPoolExecutor.java:1149) [?:1.8.0_212]
	at java.util.concurrent.ThreadPoolExecutor$Worker.run(ThreadPoolExecutor.java:624) [?:1.8.0_212]
	at java.lang.Thread.run(Thread.java:748) [?:1.8.0_212]
15:45:51.541 [grpc-default-executor-4] ERROR DNAudit - user=null | ip=null | op=WRITE_CHUNK {blockData=conID: 1 locID: 102916209430953997 bcsId: 14} | ret=FAILURE
org.apache.hadoop.hdds.scm.container.common.helpers.ContainerNotOpenException: Container 1 in CLOSING state
	at org.apache.hadoop.ozone.container.common.impl.HddsDispatcher.validateContainerCommand(HddsDispatcher.java:434) ~[hadoop-hdds-container-service-0.5.0-SNAPSHOT.jar:?]
	at org.apache.hadoop.ozone.container.common.transport.server.ratis.ContainerStateMachine.startTransaction(ContainerStateMachine.java:319) ~[hadoop-hdds-container-service-0.5.0-SNAPSHOT.jar:?]
	at org.apache.ratis.server.impl.RaftServerImpl.submitClientRequestAsync(RaftServerImpl.java:569) ~[ratis-server-0.5.0-201fc85-SNAPSHOT.jar:0.5.0-201fc85-SNAPSHOT]
	at org.apache.ratis.server.impl.RaftServerProxy.lambda$submitClientRequestAsync$7(RaftServerProxy.java:333) ~[ratis-server-0.5.0-201fc85-SNAPSHOT.jar:0.5.0-201fc85-SNAPSHOT]
	at org.apache.ratis.server.impl.RaftServerProxy.lambda$null$5(RaftServerProxy.java:328) ~[ratis-server-0.5.0-201fc85-SNAPSHOT.jar:0.5.0-201fc85-SNAPSHOT]
	at org.apache.ratis.util.JavaUtils.callAsUnchecked(JavaUtils.java:109) ~[ratis-common-0.5.0-201fc85-SNAPSHOT.jar:0.5.0-201fc85-SNAPSHOT]
	at org.apache.ratis.server.impl.RaftServerProxy.lambda$submitRequest$6(RaftServerProxy.java:328) ~[ratis-server-0.5.0-201fc85-SNAPSHOT.jar:0.5.0-201fc85-SNAPSHOT]
	at java.util.concurrent.CompletableFuture.uniComposeStage(CompletableFuture.java:981) ~[?:1.8.0_212]
	at java.util.concurrent.CompletableFuture.thenCompose(CompletableFuture.java:2124) ~[?:1.8.0_212]
	at org.apache.ratis.server.impl.RaftServerProxy.submitRequest(RaftServerProxy.java:327) ~[ratis-server-0.5.0-201fc85-SNAPSHOT.jar:0.5.0-201fc85-SNAPSHOT]
	at org.apache.ratis.server.impl.RaftServerProxy.submitClientRequestAsync(RaftServerProxy.java:333) ~[ratis-server-0.5.0-201fc85-SNAPSHOT.jar:0.5.0-201fc85-SNAPSHOT]
	at org.apache.ratis.grpc.client.GrpcClientProtocolService$RequestStreamObserver.processClientRequest(GrpcClientProtocolService.java:220) ~[ratis-grpc-0.5.0-201fc85-SNAPSHOT.jar:0.5.0-201fc85-SNAPSHOT]
	at org.apache.ratis.grpc.client.GrpcClientProtocolService$OrderedRequestStreamObserver.processClientRequest(GrpcClientProtocolService.java:326) ~[ratis-grpc-0.5.0-201fc85-SNAPSHOT.jar:0.5.0-201fc85-SNAPSHOT]
	at org.apache.ratis.util.SlidingWindow$Server.processRequestsFromHead(SlidingWindow.java:429) [ratis-common-0.5.0-201fc85-SNAPSHOT.jar:0.5.0-201fc85-SNAPSHOT]
	at org.apache.ratis.util.SlidingWindow$Server.receivedRequest(SlidingWindow.java:421) [ratis-common-0.5.0-201fc85-SNAPSHOT.jar:0.5.0-201fc85-SNAPSHOT]
	at org.apache.ratis.grpc.client.GrpcClientProtocolService$OrderedRequestStreamObserver.processClientRequest(GrpcClientProtocolService.java:345) [ratis-grpc-0.5.0-201fc85-SNAPSHOT.jar:0.5.0-201fc85-SNAPSHOT]
	at org.apache.ratis.grpc.client.GrpcClientProtocolService$RequestStreamObserver.onNext(GrpcClientProtocolService.java:240) [ratis-grpc-0.5.0-201fc85-SNAPSHOT.jar:0.5.0-201fc85-SNAPSHOT]
	at org.apache.ratis.grpc.client.GrpcClientProtocolService$RequestStreamObserver.onNext(GrpcClientProtocolService.java:168) [ratis-grpc-0.5.0-201fc85-SNAPSHOT.jar:0.5.0-201fc85-SNAPSHOT]
	at org.apache.ratis.thirdparty.io.grpc.stub.ServerCalls$StreamingServerCallHandler$StreamingServerCallListener.onMessage(ServerCalls.java:248) [ratis-thirdparty-misc-0.2.0.jar:0.2.0]
	at org.apache.ratis.thirdparty.io.grpc.internal.ServerCallImpl$ServerStreamListenerImpl.messagesAvailable(ServerCallImpl.java:263) [ratis-thirdparty-misc-0.2.0.jar:0.2.0]
	at org.apache.ratis.thirdparty.io.grpc.internal.ServerImpl$JumpToApplicationThreadServerStreamListener$1MessagesAvailable.runInContext(ServerImpl.java:686) [ratis-thirdparty-misc-0.2.0.jar:0.2.0]
	at org.apache.ratis.thirdparty.io.grpc.internal.ContextRunnable.run(ContextRunnable.java:37) [ratis-thirdparty-misc-0.2.0.jar:0.2.0]
	at org.apache.ratis.thirdparty.io.grpc.internal.SerializingExecutor.run(SerializingExecutor.java:123) [ratis-thirdparty-misc-0.2.0.jar:0.2.0]
	at java.util.concurrent.ThreadPoolExecutor.runWorker(ThreadPoolExecutor.java:1149) [?:1.8.0_212]
	at java.util.concurrent.ThreadPoolExecutor$Worker.run(ThreadPoolExecutor.java:624) [?:1.8.0_212]
	at java.lang.Thread.run(Thread.java:748) [?:1.8.0_212]
15:45:51.551 [grpc-default-executor-4] ERROR DNAudit - user=null | ip=null | op=WRITE_CHUNK {blockData=conID: 1 locID: 102916209430953997 bcsId: 14} | ret=FAILURE
org.apache.hadoop.hdds.scm.container.common.helpers.ContainerNotOpenException: Container 1 in CLOSING state
	at org.apache.hadoop.ozone.container.common.impl.HddsDispatcher.validateContainerCommand(HddsDispatcher.java:434) ~[hadoop-hdds-container-service-0.5.0-SNAPSHOT.jar:?]
	at org.apache.hadoop.ozone.container.common.transport.server.ratis.ContainerStateMachine.startTransaction(ContainerStateMachine.java:319) ~[hadoop-hdds-container-service-0.5.0-SNAPSHOT.jar:?]
	at org.apache.ratis.server.impl.RaftServerImpl.submitClientRequestAsync(RaftServerImpl.java:569) ~[ratis-server-0.5.0-201fc85-SNAPSHOT.jar:0.5.0-201fc85-SNAPSHOT]
	at org.apache.ratis.server.impl.RaftServerProxy.lambda$submitClientRequestAsync$7(RaftServerProxy.java:333) ~[ratis-server-0.5.0-201fc85-SNAPSHOT.jar:0.5.0-201fc85-SNAPSHOT]
	at org.apache.ratis.server.impl.RaftServerProxy.lambda$null$5(RaftServerProxy.java:328) ~[ratis-server-0.5.0-201fc85-SNAPSHOT.jar:0.5.0-201fc85-SNAPSHOT]
	at org.apache.ratis.util.JavaUtils.callAsUnchecked(JavaUtils.java:109) ~[ratis-common-0.5.0-201fc85-SNAPSHOT.jar:0.5.0-201fc85-SNAPSHOT]
	at org.apache.ratis.server.impl.RaftServerProxy.lambda$submitRequest$6(RaftServerProxy.java:328) ~[ratis-server-0.5.0-201fc85-SNAPSHOT.jar:0.5.0-201fc85-SNAPSHOT]
	at java.util.concurrent.CompletableFuture.uniComposeStage(CompletableFuture.java:981) ~[?:1.8.0_212]
	at java.util.concurrent.CompletableFuture.thenCompose(CompletableFuture.java:2124) ~[?:1.8.0_212]
	at org.apache.ratis.server.impl.RaftServerProxy.submitRequest(RaftServerProxy.java:327) ~[ratis-server-0.5.0-201fc85-SNAPSHOT.jar:0.5.0-201fc85-SNAPSHOT]
	at org.apache.ratis.server.impl.RaftServerProxy.submitClientRequestAsync(RaftServerProxy.java:333) ~[ratis-server-0.5.0-201fc85-SNAPSHOT.jar:0.5.0-201fc85-SNAPSHOT]
	at org.apache.ratis.grpc.client.GrpcClientProtocolService$RequestStreamObserver.processClientRequest(GrpcClientProtocolService.java:220) ~[ratis-grpc-0.5.0-201fc85-SNAPSHOT.jar:0.5.0-201fc85-SNAPSHOT]
	at org.apache.ratis.grpc.client.GrpcClientProtocolService$OrderedRequestStreamObserver.processClientRequest(GrpcClientProtocolService.java:326) ~[ratis-grpc-0.5.0-201fc85-SNAPSHOT.jar:0.5.0-201fc85-SNAPSHOT]
	at org.apache.ratis.util.SlidingWindow$Server.processRequestsFromHead(SlidingWindow.java:429) [ratis-common-0.5.0-201fc85-SNAPSHOT.jar:0.5.0-201fc85-SNAPSHOT]
	at org.apache.ratis.util.SlidingWindow$Server.receivedRequest(SlidingWindow.java:421) [ratis-common-0.5.0-201fc85-SNAPSHOT.jar:0.5.0-201fc85-SNAPSHOT]
	at org.apache.ratis.grpc.client.GrpcClientProtocolService$OrderedRequestStreamObserver.processClientRequest(GrpcClientProtocolService.java:345) [ratis-grpc-0.5.0-201fc85-SNAPSHOT.jar:0.5.0-201fc85-SNAPSHOT]
	at org.apache.ratis.grpc.client.GrpcClientProtocolService$RequestStreamObserver.onNext(GrpcClientProtocolService.java:240) [ratis-grpc-0.5.0-201fc85-SNAPSHOT.jar:0.5.0-201fc85-SNAPSHOT]
	at org.apache.ratis.grpc.client.GrpcClientProtocolService$RequestStreamObserver.onNext(GrpcClientProtocolService.java:168) [ratis-grpc-0.5.0-201fc85-SNAPSHOT.jar:0.5.0-201fc85-SNAPSHOT]
	at org.apache.ratis.thirdparty.io.grpc.stub.ServerCalls$StreamingServerCallHandler$StreamingServerCallListener.onMessage(ServerCalls.java:248) [ratis-thirdparty-misc-0.2.0.jar:0.2.0]
	at org.apache.ratis.thirdparty.io.grpc.internal.ServerCallImpl$ServerStreamListenerImpl.messagesAvailable(ServerCallImpl.java:263) [ratis-thirdparty-misc-0.2.0.jar:0.2.0]
	at org.apache.ratis.thirdparty.io.grpc.internal.ServerImpl$JumpToApplicationThreadServerStreamListener$1MessagesAvailable.runInContext(ServerImpl.java:686) [ratis-thirdparty-misc-0.2.0.jar:0.2.0]
	at org.apache.ratis.thirdparty.io.grpc.internal.ContextRunnable.run(ContextRunnable.java:37) [ratis-thirdparty-misc-0.2.0.jar:0.2.0]
	at org.apache.ratis.thirdparty.io.grpc.internal.SerializingExecutor.run(SerializingExecutor.java:123) [ratis-thirdparty-misc-0.2.0.jar:0.2.0]
	at java.util.concurrent.ThreadPoolExecutor.runWorker(ThreadPoolExecutor.java:1149) [?:1.8.0_212]
	at java.util.concurrent.ThreadPoolExecutor$Worker.run(ThreadPoolExecutor.java:624) [?:1.8.0_212]
	at java.lang.Thread.run(Thread.java:748) [?:1.8.0_212]
15:45:51.557 [grpc-default-executor-4] ERROR DNAudit - user=null | ip=null | op=PUT_BLOCK {blockData=[blockId=conID: 1 locID: 102916209430953997 bcsId: 0,size=800]} | ret=FAILURE
org.apache.hadoop.hdds.scm.container.common.helpers.ContainerNotOpenException: Container 1 in CLOSING state
	at org.apache.hadoop.ozone.container.common.impl.HddsDispatcher.validateContainerCommand(HddsDispatcher.java:434) ~[hadoop-hdds-container-service-0.5.0-SNAPSHOT.jar:?]
	at org.apache.hadoop.ozone.container.common.transport.server.ratis.ContainerStateMachine.startTransaction(ContainerStateMachine.java:319) ~[hadoop-hdds-container-service-0.5.0-SNAPSHOT.jar:?]
	at org.apache.ratis.server.impl.RaftServerImpl.submitClientRequestAsync(RaftServerImpl.java:569) ~[ratis-server-0.5.0-201fc85-SNAPSHOT.jar:0.5.0-201fc85-SNAPSHOT]
	at org.apache.ratis.server.impl.RaftServerProxy.lambda$submitClientRequestAsync$7(RaftServerProxy.java:333) ~[ratis-server-0.5.0-201fc85-SNAPSHOT.jar:0.5.0-201fc85-SNAPSHOT]
	at org.apache.ratis.server.impl.RaftServerProxy.lambda$null$5(RaftServerProxy.java:328) ~[ratis-server-0.5.0-201fc85-SNAPSHOT.jar:0.5.0-201fc85-SNAPSHOT]
	at org.apache.ratis.util.JavaUtils.callAsUnchecked(JavaUtils.java:109) ~[ratis-common-0.5.0-201fc85-SNAPSHOT.jar:0.5.0-201fc85-SNAPSHOT]
	at org.apache.ratis.server.impl.RaftServerProxy.lambda$submitRequest$6(RaftServerProxy.java:328) ~[ratis-server-0.5.0-201fc85-SNAPSHOT.jar:0.5.0-201fc85-SNAPSHOT]
	at java.util.concurrent.CompletableFuture.uniComposeStage(CompletableFuture.java:981) ~[?:1.8.0_212]
	at java.util.concurrent.CompletableFuture.thenCompose(CompletableFuture.java:2124) ~[?:1.8.0_212]
	at org.apache.ratis.server.impl.RaftServerProxy.submitRequest(RaftServerProxy.java:327) ~[ratis-server-0.5.0-201fc85-SNAPSHOT.jar:0.5.0-201fc85-SNAPSHOT]
	at org.apache.ratis.server.impl.RaftServerProxy.submitClientRequestAsync(RaftServerProxy.java:333) ~[ratis-server-0.5.0-201fc85-SNAPSHOT.jar:0.5.0-201fc85-SNAPSHOT]
	at org.apache.ratis.grpc.client.GrpcClientProtocolService$RequestStreamObserver.processClientRequest(GrpcClientProtocolService.java:220) ~[ratis-grpc-0.5.0-201fc85-SNAPSHOT.jar:0.5.0-201fc85-SNAPSHOT]
	at org.apache.ratis.grpc.client.GrpcClientProtocolService$OrderedRequestStreamObserver.processClientRequest(GrpcClientProtocolService.java:326) ~[ratis-grpc-0.5.0-201fc85-SNAPSHOT.jar:0.5.0-201fc85-SNAPSHOT]
	at org.apache.ratis.util.SlidingWindow$Server.processRequestsFromHead(SlidingWindow.java:429) [ratis-common-0.5.0-201fc85-SNAPSHOT.jar:0.5.0-201fc85-SNAPSHOT]
	at org.apache.ratis.util.SlidingWindow$Server.receivedRequest(SlidingWindow.java:421) [ratis-common-0.5.0-201fc85-SNAPSHOT.jar:0.5.0-201fc85-SNAPSHOT]
	at org.apache.ratis.grpc.client.GrpcClientProtocolService$OrderedRequestStreamObserver.processClientRequest(GrpcClientProtocolService.java:345) [ratis-grpc-0.5.0-201fc85-SNAPSHOT.jar:0.5.0-201fc85-SNAPSHOT]
	at org.apache.ratis.grpc.client.GrpcClientProtocolService$RequestStreamObserver.onNext(GrpcClientProtocolService.java:240) [ratis-grpc-0.5.0-201fc85-SNAPSHOT.jar:0.5.0-201fc85-SNAPSHOT]
	at org.apache.ratis.grpc.client.GrpcClientProtocolService$RequestStreamObserver.onNext(GrpcClientProtocolService.java:168) [ratis-grpc-0.5.0-201fc85-SNAPSHOT.jar:0.5.0-201fc85-SNAPSHOT]
	at org.apache.ratis.thirdparty.io.grpc.stub.ServerCalls$StreamingServerCallHandler$StreamingServerCallListener.onMessage(ServerCalls.java:248) [ratis-thirdparty-misc-0.2.0.jar:0.2.0]
	at org.apache.ratis.thirdparty.io.grpc.internal.ServerCallImpl$ServerStreamListenerImpl.messagesAvailable(ServerCallImpl.java:263) [ratis-thirdparty-misc-0.2.0.jar:0.2.0]
	at org.apache.ratis.thirdparty.io.grpc.internal.ServerImpl$JumpToApplicationThreadServerStreamListener$1MessagesAvailable.runInContext(ServerImpl.java:686) [ratis-thirdparty-misc-0.2.0.jar:0.2.0]
	at org.apache.ratis.thirdparty.io.grpc.internal.ContextRunnable.run(ContextRunnable.java:37) [ratis-thirdparty-misc-0.2.0.jar:0.2.0]
	at org.apache.ratis.thirdparty.io.grpc.internal.SerializingExecutor.run(SerializingExecutor.java:123) [ratis-thirdparty-misc-0.2.0.jar:0.2.0]
	at java.util.concurrent.ThreadPoolExecutor.runWorker(ThreadPoolExecutor.java:1149) [?:1.8.0_212]
	at java.util.concurrent.ThreadPoolExecutor$Worker.run(ThreadPoolExecutor.java:624) [?:1.8.0_212]
	at java.lang.Thread.run(Thread.java:748) [?:1.8.0_212]
2019-10-06 15:45:51,928 [main] INFO  ozone.MiniOzoneClusterImpl (MiniOzoneClusterImpl.java:shutdown(314)) - Shutting down the Mini Ozone Cluster
2019-10-06 15:45:51,929 [main] INFO  ozone.MiniOzoneClusterImpl (MiniOzoneClusterImpl.java:stop(330)) - Stopping the Mini Ozone Cluster
2019-10-06 15:45:51,929 [main] INFO  ozone.MiniOzoneClusterImpl (MiniOzoneClusterImpl.java:stopOM(400)) - Stopping the OzoneManager
2019-10-06 15:45:51,929 [main] INFO  ipc.Server (Server.java:stop(3082)) - Stopping server on 37905
2019-10-06 15:45:51,952 [main] INFO  ratis.OzoneManagerDoubleBuffer (OzoneManagerDoubleBuffer.java:stop(248)) - Stopping OMDoubleBuffer flush thread
2019-10-06 15:45:51,952 [IPC Server Responder] INFO  ipc.Server (Server.java:run(1319)) - Stopping IPC Server Responder
2019-10-06 15:45:51,952 [OMDoubleBufferFlushThread] INFO  ratis.OzoneManagerDoubleBuffer (OzoneManagerDoubleBuffer.java:flushTransactions(191)) - OMDoubleBuffer flush thread OMDoubleBufferFlushThread is interrupted and will exit. OMDoubleBufferFlushThread
2019-10-06 15:45:51,952 [IPC Server listener on 37905] INFO  ipc.Server (Server.java:run(1185)) - Stopping IPC Server listener on 37905
2019-10-06 15:45:51,954 [main] INFO  utils.BackgroundService (BackgroundService.java:shutdown(148)) - Shutting down service KeyDeletingService
2019-10-06 15:45:51,958 [main] INFO  handler.ContextHandler (ContextHandler.java:doStop(910)) - Stopped o.e.j.w.WebAppContext@497ed877{/,null,UNAVAILABLE}{/ozoneManager}
2019-10-06 15:45:51,959 [main] INFO  server.AbstractConnector (AbstractConnector.java:doStop(318)) - Stopped ServerConnector@3cb6e0ee{HTTP/1.1,[http/1.1]}{0.0.0.0:0}
2019-10-06 15:45:51,959 [main] INFO  handler.ContextHandler (ContextHandler.java:doStop(910)) - Stopped o.e.j.s.ServletContextHandler@5ea7bc4{/static,file:///workdir/hadoop-ozone/integration-test/target/test-classes/webapps/static,UNAVAILABLE}
2019-10-06 15:45:51,960 [main] INFO  handler.ContextHandler (ContextHandler.java:doStop(910)) - Stopped o.e.j.s.ServletContextHandler@4652c74d{/logs,file:///workdir/hadoop-ozone/integration-test/target/log,UNAVAILABLE}
2019-10-06 15:45:51,963 [main] INFO  ozone.MiniOzoneClusterImpl (MiniOzoneClusterImpl.java:stopDatanodes(377)) - Stopping the HddsDatanodes
2019-10-06 15:45:52,486 [Datanode State Machine Thread - 0] INFO  statemachine.DatanodeStateMachine (DatanodeStateMachine.java:lambda$startDaemon$0(350)) - Ozone container server started.
2019-10-06 15:45:52,712 [Datanode State Machine Thread - 0] INFO  statemachine.DatanodeStateMachine (DatanodeStateMachine.java:lambda$startDaemon$0(350)) - Ozone container server started.
2019-10-06 15:45:53,893 [grpc-default-executor-10] WARN  server.GrpcLogAppender (LogUtils.java:warn(134)) - 56c5c699-cd8e-4783-81cf-b77b98cbb0bb@group-D5C2317BD565->5727e973-ff17-48d6-b89a-ebfb40a52011-AppendLogResponseHandler: Failed appendEntries: org.apache.ratis.thirdparty.io.grpc.StatusRuntimeException: UNAVAILABLE: io exception
2019-10-06 15:45:53,893 [grpc-default-executor-10] INFO  impl.FollowerInfo (FollowerInfo.java:lambda$new$0(51)) - 56c5c699-cd8e-4783-81cf-b77b98cbb0bb@group-D5C2317BD565->5727e973-ff17-48d6-b89a-ebfb40a52011: nextIndex: updateUnconditionally 1 -> 0
2019-10-06 15:45:56,397 [grpc-default-executor-9] WARN  server.GrpcLogAppender (LogUtils.java:warn(134)) - 56c5c699-cd8e-4783-81cf-b77b98cbb0bb@group-D5C2317BD565->5727e973-ff17-48d6-b89a-ebfb40a52011-AppendLogResponseHandler: Failed appendEntries: org.apache.ratis.thirdparty.io.grpc.StatusRuntimeException: UNAVAILABLE: io exception
2019-10-06 15:45:56,398 [grpc-default-executor-9] INFO  impl.FollowerInfo (FollowerInfo.java:lambda$new$0(51)) - 56c5c699-cd8e-4783-81cf-b77b98cbb0bb@group-D5C2317BD565->5727e973-ff17-48d6-b89a-ebfb40a52011: nextIndex: updateUnconditionally 0 -> 0
2019-10-06 15:45:56,522 [EventQueue-StaleNodeForStaleNodeHandler] INFO  node.StaleNodeHandler (StaleNodeHandler.java:onMessage(58)) - Datanode 45853e80-e499-4aea-b1bd-514547992009{ip: 192.168.30.23, host: ozone-build-dev-nffdx-465010684, networkLocation: /default-rack, certSerialId: null} moved to stale state. Finalizing its pipelines [PipelineID=3d17e94d-1085-44a2-ba8c-e065d0da74ae]
2019-10-06 15:45:56,522 [EventQueue-StaleNodeForStaleNodeHandler] INFO  pipeline.SCMPipelineManager (SCMPipelineManager.java:finalizeAndDestroyPipeline(315)) - destroying pipeline:Pipeline[ Id: 3d17e94d-1085-44a2-ba8c-e065d0da74ae, Nodes: 45853e80-e499-4aea-b1bd-514547992009{ip: 192.168.30.23, host: ozone-build-dev-nffdx-465010684, networkLocation: /default-rack, certSerialId: null}, Type:RATIS, Factor:ONE, State:OPEN]
2019-10-06 15:45:56,523 [EventQueue-StaleNodeForStaleNodeHandler] INFO  pipeline.PipelineStateManager (PipelineStateManager.java:finalizePipeline(123)) - Pipeline Pipeline[ Id: 3d17e94d-1085-44a2-ba8c-e065d0da74ae, Nodes: 45853e80-e499-4aea-b1bd-514547992009{ip: 192.168.30.23, host: ozone-build-dev-nffdx-465010684, networkLocation: /default-rack, certSerialId: null}, Type:RATIS, Factor:ONE, State:CLOSED] moved to CLOSED state
2019-10-06 15:45:56,722 [EventQueue-StaleNodeForStaleNodeHandler] INFO  node.StaleNodeHandler (StaleNodeHandler.java:onMessage(58)) - Datanode ecbb6327-9019-4ac7-95c5-d60822a3bb37{ip: 192.168.30.23, host: ozone-build-dev-nffdx-465010684, networkLocation: /default-rack, certSerialId: null} moved to stale state. Finalizing its pipelines [PipelineID=88f42939-3d1d-466e-9cfe-de5693e2d11c, PipelineID=5ccdc186-1cca-460c-93f1-c413b03ed1ae]
2019-10-06 15:45:56,723 [EventQueue-StaleNodeForStaleNodeHandler] INFO  pipeline.SCMPipelineManager (SCMPipelineManager.java:finalizeAndDestroyPipeline(315)) - destroying pipeline:Pipeline[ Id: 88f42939-3d1d-466e-9cfe-de5693e2d11c, Nodes: 9559ebce-e970-4829-920d-71f68b96de83{ip: 192.168.30.23, host: ozone-build-dev-nffdx-465010684, networkLocation: /default-rack, certSerialId: null}090b6ce4-537e-4258-b6c0-061514e97930{ip: 192.168.30.23, host: ozone-build-dev-nffdx-465010684, networkLocation: /default-rack, certSerialId: null}ecbb6327-9019-4ac7-95c5-d60822a3bb37{ip: 192.168.30.23, host: ozone-build-dev-nffdx-465010684, networkLocation: /default-rack, certSerialId: null}, Type:RATIS, Factor:THREE, State:OPEN]
2019-10-06 15:45:56,723 [EventQueue-StaleNodeForStaleNodeHandler] INFO  pipeline.PipelineStateManager (PipelineStateManager.java:finalizePipeline(123)) - Pipeline Pipeline[ Id: 88f42939-3d1d-466e-9cfe-de5693e2d11c, Nodes: 9559ebce-e970-4829-920d-71f68b96de83{ip: 192.168.30.23, host: ozone-build-dev-nffdx-465010684, networkLocation: /default-rack, certSerialId: null}090b6ce4-537e-4258-b6c0-061514e97930{ip: 192.168.30.23, host: ozone-build-dev-nffdx-465010684, networkLocation: /default-rack, certSerialId: null}ecbb6327-9019-4ac7-95c5-d60822a3bb37{ip: 192.168.30.23, host: ozone-build-dev-nffdx-465010684, networkLocation: /default-rack, certSerialId: null}, Type:RATIS, Factor:THREE, State:CLOSED] moved to CLOSED state
2019-10-06 15:45:56,723 [EventQueue-CloseContainerForCloseContainerEventHandler] INFO  container.CloseContainerEventHandler (CloseContainerEventHandler.java:onMessage(61)) - Close container Event triggered for container : #2
2019-10-06 15:45:56,723 [EventQueue-StaleNodeForStaleNodeHandler] INFO  pipeline.SCMPipelineManager (SCMPipelineManager.java:finalizeAndDestroyPipeline(315)) - destroying pipeline:Pipeline[ Id: 5ccdc186-1cca-460c-93f1-c413b03ed1ae, Nodes: ecbb6327-9019-4ac7-95c5-d60822a3bb37{ip: 192.168.30.23, host: ozone-build-dev-nffdx-465010684, networkLocation: /default-rack, certSerialId: null}, Type:RATIS, Factor:ONE, State:OPEN]
2019-10-06 15:45:56,731 [EventQueue-StaleNodeForStaleNodeHandler] INFO  pipeline.PipelineStateManager (PipelineStateManager.java:finalizePipeline(123)) - Pipeline Pipeline[ Id: 5ccdc186-1cca-460c-93f1-c413b03ed1ae, Nodes: ecbb6327-9019-4ac7-95c5-d60822a3bb37{ip: 192.168.30.23, host: ozone-build-dev-nffdx-465010684, networkLocation: /default-rack, certSerialId: null}, Type:RATIS, Factor:ONE, State:CLOSED] moved to CLOSED state
2019-10-06 15:45:56,964 [ForkJoinPool.commonPool-worker-0] INFO  ozoneimpl.OzoneContainer (OzoneContainer.java:stop(231)) - Attempting to stop container services.
2019-10-06 15:45:56,964 [main] INFO  ozoneimpl.OzoneContainer (OzoneContainer.java:stop(231)) - Attempting to stop container services.
2019-10-06 15:45:56,965 [ForkJoinPool.commonPool-worker-0] INFO  impl.RaftServerProxy (RaftServerProxy.java:lambda$close$4(314)) - ecbb6327-9019-4ac7-95c5-d60822a3bb37: close
2019-10-06 15:45:56,965 [main] INFO  impl.RaftServerProxy (RaftServerProxy.java:lambda$close$4(314)) - 45853e80-e499-4aea-b1bd-514547992009: close
2019-10-06 15:45:56,966 [main] INFO  impl.RaftServerImpl (RaftServerImpl.java:lambda$shutdown$3(247)) - 45853e80-e499-4aea-b1bd-514547992009@group-E065D0DA74AE: shutdown
2019-10-06 15:45:56,966 [ForkJoinPool.commonPool-worker-0] INFO  impl.RaftServerImpl (RaftServerImpl.java:lambda$shutdown$3(247)) - ecbb6327-9019-4ac7-95c5-d60822a3bb37@group-DE5693E2D11C: shutdown
2019-10-06 15:45:56,966 [main] INFO  util.JmxRegister (JmxRegister.java:unregister(73)) - Successfully un-registered JMX Bean with object name Ratis:service=RaftServer,group=group-E065D0DA74AE,id=45853e80-e499-4aea-b1bd-514547992009
2019-10-06 15:45:56,966 [ForkJoinPool.commonPool-worker-0] INFO  util.JmxRegister (JmxRegister.java:unregister(73)) - Successfully un-registered JMX Bean with object name Ratis:service=RaftServer,group=group-DE5693E2D11C,id=ecbb6327-9019-4ac7-95c5-d60822a3bb37
2019-10-06 15:45:56,967 [main] INFO  impl.RoleInfo (RoleInfo.java:shutdownLeaderState(104)) - 45853e80-e499-4aea-b1bd-514547992009: shutdown LeaderState
2019-10-06 15:45:56,967 [ForkJoinPool.commonPool-worker-0] INFO  impl.RoleInfo (RoleInfo.java:shutdownLeaderState(104)) - ecbb6327-9019-4ac7-95c5-d60822a3bb37: shutdown LeaderState
2019-10-06 15:45:56,967 [main] INFO  impl.PendingRequests (PendingRequests.java:sendNotLeaderResponses(202)) - 45853e80-e499-4aea-b1bd-514547992009@group-E065D0DA74AE-PendingRequests: sendNotLeaderResponses
2019-10-06 15:45:56,968 [org.apache.ratis.server.impl.LogAppender$AppenderDaemon$$Lambda$557/736021015@745a7132] WARN  server.GrpcLogAppender (GrpcLogAppender.java:mayWait(143)) - ecbb6327-9019-4ac7-95c5-d60822a3bb37@group-DE5693E2D11C->9559ebce-e970-4829-920d-71f68b96de83-GrpcLogAppender: Wait interrupted by java.lang.InterruptedException
2019-10-06 15:45:56,968 [org.apache.ratis.server.impl.LogAppender$AppenderDaemon$$Lambda$557/736021015@4bd5355e] WARN  server.GrpcLogAppender (GrpcLogAppender.java:mayWait(143)) - ecbb6327-9019-4ac7-95c5-d60822a3bb37@group-DE5693E2D11C->090b6ce4-537e-4258-b6c0-061514e97930-GrpcLogAppender: Wait interrupted by java.lang.InterruptedException
2019-10-06 15:45:56,968 [ForkJoinPool.commonPool-worker-0] INFO  impl.PendingRequests (PendingRequests.java:sendNotLeaderResponses(202)) - ecbb6327-9019-4ac7-95c5-d60822a3bb37@group-DE5693E2D11C-PendingRequests: sendNotLeaderResponses
2019-10-06 15:45:56,968 [main] INFO  impl.StateMachineUpdater (StateMachineUpdater.java:stopAndJoin(136)) - 45853e80-e499-4aea-b1bd-514547992009@group-E065D0DA74AE-StateMachineUpdater: set stopIndex = 0
2019-10-06 15:45:56,969 [ForkJoinPool.commonPool-worker-0] INFO  impl.StateMachineUpdater (StateMachineUpdater.java:stopAndJoin(136)) - ecbb6327-9019-4ac7-95c5-d60822a3bb37@group-DE5693E2D11C-StateMachineUpdater: set stopIndex = 13
2019-10-06 15:45:56,969 [main] INFO  impl.RaftServerImpl (ServerState.java:close(387)) - 45853e80-e499-4aea-b1bd-514547992009@group-E065D0DA74AE: closes. applyIndex: 0
2019-10-06 15:45:56,969 [ecbb6327-9019-4ac7-95c5-d60822a3bb37@group-DE5693E2D11C-StateMachineUpdater] INFO  ratis.ContainerStateMachine (ContainerStateMachine.java:takeSnapshot(293)) - group-DE5693E2D11C: Taking a snapshot at:(t:2, i:11) file /workdir/hadoop-ozone/integration-test/target/test-dir/MiniOzoneClusterImpl-71e09d98-8980-4f11-ada0-d4d272c3dff4/datanode-1/data/ratis/88f42939-3d1d-466e-9cfe-de5693e2d11c/sm/snapshot.2_11
2019-10-06 15:45:56,969 [grpc-default-executor-10] INFO  server.GrpcServerProtocolService (GrpcServerProtocolService.java:onCompleted(113)) - 090b6ce4-537e-4258-b6c0-061514e97930: Completed APPEND_ENTRIES, lastRequest: ecbb6327-9019-4ac7-95c5-d60822a3bb37->090b6ce4-537e-4258-b6c0-061514e97930#20-t2, previous=(t:2, i:13), leaderCommit=13, initializing? false, entries: <empty>
2019-10-06 15:45:56,969 [grpc-default-executor-9] INFO  server.GrpcServerProtocolService (GrpcServerProtocolService.java:onCompleted(113)) - 9559ebce-e970-4829-920d-71f68b96de83: Completed APPEND_ENTRIES, lastRequest: ecbb6327-9019-4ac7-95c5-d60822a3bb37->9559ebce-e970-4829-920d-71f68b96de83#20-t2, previous=(t:2, i:13), leaderCommit=13, initializing? false, entries: <empty>
2019-10-06 15:45:56,970 [45853e80-e499-4aea-b1bd-514547992009@group-E065D0DA74AE-SegmentedRaftLogWorker] INFO  segmented.SegmentedRaftLogWorker (SegmentedRaftLogWorker.java:run(316)) - 45853e80-e499-4aea-b1bd-514547992009@group-E065D0DA74AE-SegmentedRaftLogWorker was interrupted, exiting. There are 0 tasks remaining in the queue.
2019-10-06 15:45:56,970 [grpc-default-executor-9] INFO  server.GrpcLogAppender (GrpcLogAppender.java:onCompleted(293)) - ecbb6327-9019-4ac7-95c5-d60822a3bb37@group-DE5693E2D11C->090b6ce4-537e-4258-b6c0-061514e97930-AppendLogResponseHandler: follower responses appendEntries COMPLETED
2019-10-06 15:45:56,973 [grpc-default-executor-6] INFO  server.GrpcLogAppender (GrpcLogAppender.java:onCompleted(293)) - ecbb6327-9019-4ac7-95c5-d60822a3bb37@group-DE5693E2D11C->9559ebce-e970-4829-920d-71f68b96de83-AppendLogResponseHandler: follower responses appendEntries COMPLETED
2019-10-06 15:45:56,974 [grpc-default-executor-9] INFO  impl.FollowerInfo (FollowerInfo.java:lambda$new$0(51)) - ecbb6327-9019-4ac7-95c5-d60822a3bb37@group-DE5693E2D11C->090b6ce4-537e-4258-b6c0-061514e97930: nextIndex: updateUnconditionally 14 -> 13
2019-10-06 15:45:56,974 [grpc-default-executor-6] INFO  impl.FollowerInfo (FollowerInfo.java:lambda$new$0(51)) - ecbb6327-9019-4ac7-95c5-d60822a3bb37@group-DE5693E2D11C->9559ebce-e970-4829-920d-71f68b96de83: nextIndex: updateUnconditionally 14 -> 13
2019-10-06 15:45:56,982 [main] INFO  segmented.SegmentedRaftLogWorker (SegmentedRaftLogWorker.java:close(224)) - 45853e80-e499-4aea-b1bd-514547992009@group-E065D0DA74AE-SegmentedRaftLogWorker close()
2019-10-06 15:45:56,987 [main] INFO  server.GrpcService (GrpcService.java:closeImpl(164)) - 45853e80-e499-4aea-b1bd-514547992009: shutdown server with port 38204 now
2019-10-06 15:45:56,988 [ecbb6327-9019-4ac7-95c5-d60822a3bb37@group-DE5693E2D11C-StateMachineUpdater] INFO  ratis.ContainerStateMachine (ContainerStateMachine.java:takeSnapshot(304)) - group-DE5693E2D11C: Finished taking a snapshot at:(t:2, i:11) file:/workdir/hadoop-ozone/integration-test/target/test-dir/MiniOzoneClusterImpl-71e09d98-8980-4f11-ada0-d4d272c3dff4/datanode-1/data/ratis/88f42939-3d1d-466e-9cfe-de5693e2d11c/sm/snapshot.2_11 time:19
2019-10-06 15:45:57,001 [main] INFO  server.GrpcService (GrpcService.java:closeImpl(172)) - 45853e80-e499-4aea-b1bd-514547992009: shutdown server with port 38204 successfully
2019-10-06 15:45:57,002 [ecbb6327-9019-4ac7-95c5-d60822a3bb37@group-DE5693E2D11C-StateMachineUpdater] INFO  impl.StateMachineUpdater (StateMachineUpdater.java:takeSnapshot(269)) - ecbb6327-9019-4ac7-95c5-d60822a3bb37@group-DE5693E2D11C-StateMachineUpdater: Took a snapshot at index 11
2019-10-06 15:45:57,002 [ecbb6327-9019-4ac7-95c5-d60822a3bb37@group-DE5693E2D11C-StateMachineUpdater] INFO  impl.StateMachineUpdater (StateMachineUpdater.java:lambda$new$0(84)) - ecbb6327-9019-4ac7-95c5-d60822a3bb37@group-DE5693E2D11C-StateMachineUpdater: snapshotIndex: updateIncreasingly -1 -> 11
2019-10-06 15:45:57,002 [ecbb6327-9019-4ac7-95c5-d60822a3bb37@group-DE5693E2D11C-StateMachineUpdater] INFO  ratis.ContainerStateMachine (ContainerStateMachine.java:takeSnapshot(293)) - group-DE5693E2D11C: Taking a snapshot at:(t:2, i:11) file /workdir/hadoop-ozone/integration-test/target/test-dir/MiniOzoneClusterImpl-71e09d98-8980-4f11-ada0-d4d272c3dff4/datanode-1/data/ratis/88f42939-3d1d-466e-9cfe-de5693e2d11c/sm/snapshot.2_11
2019-10-06 15:45:57,005 [refreshUsed-/workdir/hadoop-ozone/integration-test/target/test-dir/MiniOzoneClusterImpl-71e09d98-8980-4f11-ada0-d4d272c3dff4/datanode-4/data/containers] WARN  fs.CachingGetSpaceUsed (CachingGetSpaceUsed.java:run(183)) - Thread Interrupted waiting to refresh disk information: sleep interrupted
2019-10-06 15:45:57,015 [ecbb6327-9019-4ac7-95c5-d60822a3bb37@group-DE5693E2D11C-StateMachineUpdater] INFO  ratis.ContainerStateMachine (ContainerStateMachine.java:takeSnapshot(304)) - group-DE5693E2D11C: Finished taking a snapshot at:(t:2, i:11) file:/workdir/hadoop-ozone/integration-test/target/test-dir/MiniOzoneClusterImpl-71e09d98-8980-4f11-ada0-d4d272c3dff4/datanode-1/data/ratis/88f42939-3d1d-466e-9cfe-de5693e2d11c/sm/snapshot.2_11 time:13
2019-10-06 15:45:57,015 [ecbb6327-9019-4ac7-95c5-d60822a3bb37@group-DE5693E2D11C-StateMachineUpdater] INFO  impl.StateMachineUpdater (StateMachineUpdater.java:takeSnapshot(269)) - ecbb6327-9019-4ac7-95c5-d60822a3bb37@group-DE5693E2D11C-StateMachineUpdater: Took a snapshot at index 11
2019-10-06 15:45:57,015 [ecbb6327-9019-4ac7-95c5-d60822a3bb37@group-DE5693E2D11C-StateMachineUpdater] INFO  impl.StateMachineUpdater (StateMachineUpdater.java:lambda$new$0(84)) - ecbb6327-9019-4ac7-95c5-d60822a3bb37@group-DE5693E2D11C-StateMachineUpdater: snapshotIndex: updateIncreasingly 11 -> 11
2019-10-06 15:45:57,015 [ForkJoinPool.commonPool-worker-0] INFO  impl.RaftServerImpl (ServerState.java:close(387)) - ecbb6327-9019-4ac7-95c5-d60822a3bb37@group-DE5693E2D11C: closes. applyIndex: 13
2019-10-06 15:45:57,016 [ecbb6327-9019-4ac7-95c5-d60822a3bb37@group-DE5693E2D11C-SegmentedRaftLogWorker] INFO  segmented.SegmentedRaftLogWorker (SegmentedRaftLogWorker.java:run(316)) - ecbb6327-9019-4ac7-95c5-d60822a3bb37@group-DE5693E2D11C-SegmentedRaftLogWorker was interrupted, exiting. There are 0 tasks remaining in the queue.
2019-10-06 15:45:57,018 [ForkJoinPool.commonPool-worker-0] INFO  segmented.SegmentedRaftLogWorker (SegmentedRaftLogWorker.java:close(224)) - ecbb6327-9019-4ac7-95c5-d60822a3bb37@group-DE5693E2D11C-SegmentedRaftLogWorker close()
2019-10-06 15:45:57,022 [ForkJoinPool.commonPool-worker-0] INFO  impl.RaftServerImpl (RaftServerImpl.java:lambda$shutdown$3(247)) - ecbb6327-9019-4ac7-95c5-d60822a3bb37@group-C413B03ED1AE: shutdown
2019-10-06 15:45:57,023 [ForkJoinPool.commonPool-worker-0] INFO  util.JmxRegister (JmxRegister.java:unregister(73)) - Successfully un-registered JMX Bean with object name Ratis:service=RaftServer,group=group-C413B03ED1AE,id=ecbb6327-9019-4ac7-95c5-d60822a3bb37
2019-10-06 15:45:57,023 [ForkJoinPool.commonPool-worker-0] INFO  impl.RoleInfo (RoleInfo.java:shutdownLeaderState(104)) - ecbb6327-9019-4ac7-95c5-d60822a3bb37: shutdown LeaderState
2019-10-06 15:45:57,023 [ForkJoinPool.commonPool-worker-0] INFO  impl.PendingRequests (PendingRequests.java:sendNotLeaderResponses(202)) - ecbb6327-9019-4ac7-95c5-d60822a3bb37@group-C413B03ED1AE-PendingRequests: sendNotLeaderResponses
2019-10-06 15:45:57,023 [ForkJoinPool.commonPool-worker-0] INFO  impl.StateMachineUpdater (StateMachineUpdater.java:stopAndJoin(136)) - ecbb6327-9019-4ac7-95c5-d60822a3bb37@group-C413B03ED1AE-StateMachineUpdater: set stopIndex = 0
2019-10-06 15:45:57,024 [ForkJoinPool.commonPool-worker-0] INFO  impl.RaftServerImpl (ServerState.java:close(387)) - ecbb6327-9019-4ac7-95c5-d60822a3bb37@group-C413B03ED1AE: closes. applyIndex: 0
2019-10-06 15:45:57,024 [ecbb6327-9019-4ac7-95c5-d60822a3bb37@group-C413B03ED1AE-SegmentedRaftLogWorker] INFO  segmented.SegmentedRaftLogWorker (SegmentedRaftLogWorker.java:run(316)) - ecbb6327-9019-4ac7-95c5-d60822a3bb37@group-C413B03ED1AE-SegmentedRaftLogWorker was interrupted, exiting. There are 0 tasks remaining in the queue.
2019-10-06 15:45:57,026 [ForkJoinPool.commonPool-worker-0] INFO  segmented.SegmentedRaftLogWorker (SegmentedRaftLogWorker.java:close(224)) - ecbb6327-9019-4ac7-95c5-d60822a3bb37@group-C413B03ED1AE-SegmentedRaftLogWorker close()
2019-10-06 15:45:57,030 [ForkJoinPool.commonPool-worker-0] INFO  server.GrpcService (GrpcService.java:closeImpl(164)) - ecbb6327-9019-4ac7-95c5-d60822a3bb37: shutdown server with port 45764 now
2019-10-06 15:45:57,030 [grpc-default-executor-9] WARN  client.GrpcClientProtocolService (LogUtils.java:warn(134)) - 1-UnorderedRequestStreamObserver1: onError: org.apache.ratis.thirdparty.io.grpc.StatusRuntimeException: CANCELLED: cancelled before receiving half close
2019-10-06 15:45:57,031 [ForkJoinPool.commonPool-worker-0] INFO  server.GrpcService (GrpcService.java:closeImpl(172)) - ecbb6327-9019-4ac7-95c5-d60822a3bb37: shutdown server with port 45764 successfully
2019-10-06 15:45:57,034 [refreshUsed-/workdir/hadoop-ozone/integration-test/target/test-dir/MiniOzoneClusterImpl-71e09d98-8980-4f11-ada0-d4d272c3dff4/datanode-1/data/containers] WARN  fs.CachingGetSpaceUsed (CachingGetSpaceUsed.java:run(183)) - Thread Interrupted waiting to refresh disk information: sleep interrupted
2019-10-06 15:45:57,041 [main] INFO  utils.BackgroundService (BackgroundService.java:shutdown(148)) - Shutting down service BlockDeletingService
2019-10-06 15:45:57,047 [main] INFO  statemachine.DatanodeStateMachine (DatanodeStateMachine.java:stopDaemon(395)) - Ozone container server stopped.
2019-10-06 15:45:57,048 [main] INFO  handler.ContextHandler (ContextHandler.java:doStop(910)) - Stopped o.e.j.w.WebAppContext@2f8c4fae{/,null,UNAVAILABLE}{/hddsDatanode}
2019-10-06 15:45:57,049 [main] INFO  server.AbstractConnector (AbstractConnector.java:doStop(318)) - Stopped ServerConnector@4703c998{HTTP/1.1,[http/1.1]}{0.0.0.0:0}
2019-10-06 15:45:57,049 [main] INFO  handler.ContextHandler (ContextHandler.java:doStop(910)) - Stopped o.e.j.s.ServletContextHandler@222acad{/static,jar:file:/home/user/.m2/repository/org/apache/hadoop/hadoop-hdds-container-service/0.5.0-SNAPSHOT/hadoop-hdds-container-service-0.5.0-SNAPSHOT.jar!/webapps/static,UNAVAILABLE}
2019-10-06 15:45:57,050 [main] INFO  handler.ContextHandler (ContextHandler.java:doStop(910)) - Stopped o.e.j.s.ServletContextHandler@11e71181{/logs,file:///workdir/hadoop-ozone/integration-test/target/log,UNAVAILABLE}
2019-10-06 15:45:57,052 [ForkJoinPool.commonPool-worker-0] INFO  utils.BackgroundService (BackgroundService.java:shutdown(148)) - Shutting down service BlockDeletingService
2019-10-06 15:45:57,057 [ForkJoinPool.commonPool-worker-0] INFO  statemachine.DatanodeStateMachine (DatanodeStateMachine.java:stopDaemon(395)) - Ozone container server stopped.
2019-10-06 15:45:57,063 [ForkJoinPool.commonPool-worker-0] INFO  handler.ContextHandler (ContextHandler.java:doStop(910)) - Stopped o.e.j.w.WebAppContext@3e43f049{/,null,UNAVAILABLE}{/hddsDatanode}
2019-10-06 15:45:57,063 [ForkJoinPool.commonPool-worker-0] INFO  server.AbstractConnector (AbstractConnector.java:doStop(318)) - Stopped ServerConnector@147cc940{HTTP/1.1,[http/1.1]}{0.0.0.0:0}
2019-10-06 15:45:57,065 [ForkJoinPool.commonPool-worker-0] INFO  handler.ContextHandler (ContextHandler.java:doStop(910)) - Stopped o.e.j.s.ServletContextHandler@34c76167{/static,jar:file:/home/user/.m2/repository/org/apache/hadoop/hadoop-hdds-container-service/0.5.0-SNAPSHOT/hadoop-hdds-container-service-0.5.0-SNAPSHOT.jar!/webapps/static,UNAVAILABLE}
2019-10-06 15:45:57,067 [ForkJoinPool.commonPool-worker-0] INFO  handler.ContextHandler (ContextHandler.java:doStop(910)) - Stopped o.e.j.s.ServletContextHandler@723742b2{/logs,file:///workdir/hadoop-ozone/integration-test/target/log,UNAVAILABLE}
2019-10-06 15:45:57,079 [Datanode State Machine Thread - 0] INFO  statemachine.DatanodeStateMachine (DatanodeStateMachine.java:lambda$startDaemon$0(350)) - Ozone container server started.
2019-10-06 15:45:57,712 [Datanode State Machine Thread - 0] INFO  statemachine.DatanodeStateMachine (DatanodeStateMachine.java:lambda$startDaemon$0(350)) - Ozone container server started.
2019-10-06 15:45:58,895 [grpc-default-executor-10] WARN  server.GrpcLogAppender (LogUtils.java:warn(134)) - 56c5c699-cd8e-4783-81cf-b77b98cbb0bb@group-D5C2317BD565->5727e973-ff17-48d6-b89a-ebfb40a52011-AppendLogResponseHandler: Failed appendEntries: org.apache.ratis.thirdparty.io.grpc.StatusRuntimeException: UNAVAILABLE: io exception
2019-10-06 15:45:58,896 [grpc-default-executor-10] INFO  impl.FollowerInfo (FollowerInfo.java:lambda$new$0(51)) - 56c5c699-cd8e-4783-81cf-b77b98cbb0bb@group-D5C2317BD565->5727e973-ff17-48d6-b89a-ebfb40a52011: nextIndex: updateUnconditionally 0 -> 0
2019-10-06 15:46:01,128 [EventQueue-StaleNodeForStaleNodeHandler] INFO  node.StaleNodeHandler (StaleNodeHandler.java:onMessage(58)) - Datanode 56c5c699-cd8e-4783-81cf-b77b98cbb0bb{ip: 192.168.30.23, host: ozone-build-dev-nffdx-465010684, networkLocation: /default-rack, certSerialId: null} moved to stale state. Finalizing its pipelines [PipelineID=1107eb31-953a-4495-a58e-735381ba252a, PipelineID=5b1483af-8b1e-4746-ad14-d5c2317bd565]
2019-10-06 15:46:01,129 [EventQueue-StaleNodeForStaleNodeHandler] INFO  pipeline.SCMPipelineManager (SCMPipelineManager.java:finalizeAndDestroyPipeline(315)) - destroying pipeline:Pipeline[ Id: 1107eb31-953a-4495-a58e-735381ba252a, Nodes: 56c5c699-cd8e-4783-81cf-b77b98cbb0bb{ip: 192.168.30.23, host: ozone-build-dev-nffdx-465010684, networkLocation: /default-rack, certSerialId: null}, Type:RATIS, Factor:ONE, State:OPEN]
2019-10-06 15:46:01,130 [EventQueue-StaleNodeForStaleNodeHandler] INFO  pipeline.PipelineStateManager (PipelineStateManager.java:finalizePipeline(123)) - Pipeline Pipeline[ Id: 1107eb31-953a-4495-a58e-735381ba252a, Nodes: 56c5c699-cd8e-4783-81cf-b77b98cbb0bb{ip: 192.168.30.23, host: ozone-build-dev-nffdx-465010684, networkLocation: /default-rack, certSerialId: null}, Type:RATIS, Factor:ONE, State:CLOSED] moved to CLOSED state
2019-10-06 15:46:01,130 [EventQueue-StaleNodeForStaleNodeHandler] INFO  pipeline.SCMPipelineManager (SCMPipelineManager.java:finalizeAndDestroyPipeline(315)) - destroying pipeline:Pipeline[ Id: 5b1483af-8b1e-4746-ad14-d5c2317bd565, Nodes: 5727e973-ff17-48d6-b89a-ebfb40a52011{ip: 192.168.30.23, host: ozone-build-dev-nffdx-465010684, networkLocation: /default-rack, certSerialId: null}56c5c699-cd8e-4783-81cf-b77b98cbb0bb{ip: 192.168.30.23, host: ozone-build-dev-nffdx-465010684, networkLocation: /default-rack, certSerialId: null}b6d847a4-7247-447a-b4f4-a3074f294230{ip: 192.168.30.23, host: ozone-build-dev-nffdx-465010684, networkLocation: /default-rack, certSerialId: null}, Type:RATIS, Factor:THREE, State:CLOSED]
2019-10-06 15:46:01,399 [grpc-default-executor-6] WARN  server.GrpcLogAppender (LogUtils.java:warn(134)) - 56c5c699-cd8e-4783-81cf-b77b98cbb0bb@group-D5C2317BD565->5727e973-ff17-48d6-b89a-ebfb40a52011-AppendLogResponseHandler: Failed appendEntries: org.apache.ratis.thirdparty.io.grpc.StatusRuntimeException: UNAVAILABLE: io exception
2019-10-06 15:46:01,401 [grpc-default-executor-6] INFO  impl.FollowerInfo (FollowerInfo.java:lambda$new$0(51)) - 56c5c699-cd8e-4783-81cf-b77b98cbb0bb@group-D5C2317BD565->5727e973-ff17-48d6-b89a-ebfb40a52011: nextIndex: updateUnconditionally 0 -> 0
2019-10-06 15:46:01,729 [EventQueue-StaleNodeForStaleNodeHandler] INFO  node.StaleNodeHandler (StaleNodeHandler.java:onMessage(58)) - Datanode 9559ebce-e970-4829-920d-71f68b96de83{ip: 192.168.30.23, host: ozone-build-dev-nffdx-465010684, networkLocation: /default-rack, certSerialId: null} moved to stale state. Finalizing its pipelines [PipelineID=a658a5ca-0ed8-4bf8-9bf1-1bda2b68b2d6, PipelineID=88f42939-3d1d-466e-9cfe-de5693e2d11c]
2019-10-06 15:46:01,735 [EventQueue-StaleNodeForStaleNodeHandler] INFO  pipeline.SCMPipelineManager (SCMPipelineManager.java:finalizeAndDestroyPipeline(315)) - destroying pipeline:Pipeline[ Id: a658a5ca-0ed8-4bf8-9bf1-1bda2b68b2d6, Nodes: 9559ebce-e970-4829-920d-71f68b96de83{ip: 192.168.30.23, host: ozone-build-dev-nffdx-465010684, networkLocation: /default-rack, certSerialId: null}, Type:RATIS, Factor:ONE, State:OPEN]
2019-10-06 15:46:01,735 [EventQueue-StaleNodeForStaleNodeHandler] INFO  pipeline.PipelineStateManager (PipelineStateManager.java:finalizePipeline(123)) - Pipeline Pipeline[ Id: a658a5ca-0ed8-4bf8-9bf1-1bda2b68b2d6, Nodes: 9559ebce-e970-4829-920d-71f68b96de83{ip: 192.168.30.23, host: ozone-build-dev-nffdx-465010684, networkLocation: /default-rack, certSerialId: null}, Type:RATIS, Factor:ONE, State:CLOSED] moved to CLOSED state
2019-10-06 15:46:01,736 [EventQueue-StaleNodeForStaleNodeHandler] INFO  pipeline.SCMPipelineManager (SCMPipelineManager.java:finalizeAndDestroyPipeline(315)) - destroying pipeline:Pipeline[ Id: 88f42939-3d1d-466e-9cfe-de5693e2d11c, Nodes: 9559ebce-e970-4829-920d-71f68b96de83{ip: 192.168.30.23, host: ozone-build-dev-nffdx-465010684, networkLocation: /default-rack, certSerialId: null}090b6ce4-537e-4258-b6c0-061514e97930{ip: 192.168.30.23, host: ozone-build-dev-nffdx-465010684, networkLocation: /default-rack, certSerialId: null}ecbb6327-9019-4ac7-95c5-d60822a3bb37{ip: 192.168.30.23, host: ozone-build-dev-nffdx-465010684, networkLocation: /default-rack, certSerialId: null}, Type:RATIS, Factor:THREE, State:CLOSED]
2019-10-06 15:46:02,052 [main] INFO  ozoneimpl.OzoneContainer (OzoneContainer.java:stop(231)) - Attempting to stop container services.
2019-10-06 15:46:02,054 [main] INFO  impl.RaftServerProxy (RaftServerProxy.java:lambda$close$4(314)) - 56c5c699-cd8e-4783-81cf-b77b98cbb0bb: close
2019-10-06 15:46:02,054 [main] INFO  impl.RaftServerImpl (RaftServerImpl.java:lambda$shutdown$3(247)) - 56c5c699-cd8e-4783-81cf-b77b98cbb0bb@group-735381BA252A: shutdown
2019-10-06 15:46:02,055 [main] INFO  util.JmxRegister (JmxRegister.java:unregister(73)) - Successfully un-registered JMX Bean with object name Ratis:service=RaftServer,group=group-735381BA252A,id=56c5c699-cd8e-4783-81cf-b77b98cbb0bb
2019-10-06 15:46:02,055 [main] INFO  impl.RoleInfo (RoleInfo.java:shutdownLeaderState(104)) - 56c5c699-cd8e-4783-81cf-b77b98cbb0bb: shutdown LeaderState
2019-10-06 15:46:02,056 [main] INFO  impl.PendingRequests (PendingRequests.java:sendNotLeaderResponses(202)) - 56c5c699-cd8e-4783-81cf-b77b98cbb0bb@group-735381BA252A-PendingRequests: sendNotLeaderResponses
2019-10-06 15:46:02,057 [main] INFO  impl.StateMachineUpdater (StateMachineUpdater.java:stopAndJoin(136)) - 56c5c699-cd8e-4783-81cf-b77b98cbb0bb@group-735381BA252A-StateMachineUpdater: set stopIndex = 0
2019-10-06 15:46:02,057 [main] INFO  impl.RaftServerImpl (ServerState.java:close(387)) - 56c5c699-cd8e-4783-81cf-b77b98cbb0bb@group-735381BA252A: closes. applyIndex: 0
2019-10-06 15:46:02,058 [56c5c699-cd8e-4783-81cf-b77b98cbb0bb@group-735381BA252A-SegmentedRaftLogWorker] INFO  segmented.SegmentedRaftLogWorker (SegmentedRaftLogWorker.java:run(316)) - 56c5c699-cd8e-4783-81cf-b77b98cbb0bb@group-735381BA252A-SegmentedRaftLogWorker was interrupted, exiting. There are 0 tasks remaining in the queue.
2019-10-06 15:46:02,063 [main] INFO  segmented.SegmentedRaftLogWorker (SegmentedRaftLogWorker.java:close(224)) - 56c5c699-cd8e-4783-81cf-b77b98cbb0bb@group-735381BA252A-SegmentedRaftLogWorker close()
2019-10-06 15:46:02,066 [main] INFO  impl.RaftServerImpl (RaftServerImpl.java:lambda$shutdown$3(247)) - 56c5c699-cd8e-4783-81cf-b77b98cbb0bb@group-D5C2317BD565: shutdown
2019-10-06 15:46:02,066 [main] INFO  util.JmxRegister (JmxRegister.java:unregister(73)) - Successfully un-registered JMX Bean with object name Ratis:service=RaftServer,group=group-D5C2317BD565,id=56c5c699-cd8e-4783-81cf-b77b98cbb0bb
2019-10-06 15:46:02,067 [main] INFO  impl.RoleInfo (RoleInfo.java:shutdownLeaderState(104)) - 56c5c699-cd8e-4783-81cf-b77b98cbb0bb: shutdown LeaderState
2019-10-06 15:46:02,069 [main] INFO  impl.PendingRequests (PendingRequests.java:sendNotLeaderResponses(202)) - 56c5c699-cd8e-4783-81cf-b77b98cbb0bb@group-D5C2317BD565-PendingRequests: sendNotLeaderResponses
2019-10-06 15:46:02,069 [org.apache.ratis.server.impl.LogAppender$AppenderDaemon$$Lambda$557/736021015@6e82b545] WARN  server.GrpcLogAppender (GrpcLogAppender.java:mayWait(143)) - 56c5c699-cd8e-4783-81cf-b77b98cbb0bb@group-D5C2317BD565->5727e973-ff17-48d6-b89a-ebfb40a52011-GrpcLogAppender: Wait interrupted by java.lang.InterruptedException
2019-10-06 15:46:02,070 [org.apache.ratis.server.impl.LogAppender$AppenderDaemon$$Lambda$557/736021015@442ec984] WARN  server.GrpcLogAppender (GrpcLogAppender.java:mayWait(143)) - 56c5c699-cd8e-4783-81cf-b77b98cbb0bb@group-D5C2317BD565->b6d847a4-7247-447a-b4f4-a3074f294230-GrpcLogAppender: Wait interrupted by java.lang.InterruptedException
2019-10-06 15:46:02,072 [ForkJoinPool.commonPool-worker-0] INFO  ozoneimpl.OzoneContainer (OzoneContainer.java:stop(231)) - Attempting to stop container services.
2019-10-06 15:46:02,072 [56c5c699-cd8e-4783-81cf-b77b98cbb0bb@group-D5C2317BD565-StateMachineUpdater] INFO  ratis.ContainerStateMachine (ContainerStateMachine.java:takeSnapshot(293)) - group-D5C2317BD565: Taking a snapshot at:(t:1, i:14) file /workdir/hadoop-ozone/integration-test/target/test-dir/MiniOzoneClusterImpl-71e09d98-8980-4f11-ada0-d4d272c3dff4/datanode-3/data/ratis/5b1483af-8b1e-4746-ad14-d5c2317bd565/sm/snapshot.1_14
2019-10-06 15:46:02,072 [main] INFO  impl.StateMachineUpdater (StateMachineUpdater.java:stopAndJoin(136)) - 56c5c699-cd8e-4783-81cf-b77b98cbb0bb@group-D5C2317BD565-StateMachineUpdater: set stopIndex = 18
2019-10-06 15:46:02,072 [ForkJoinPool.commonPool-worker-0] INFO  impl.RaftServerProxy (RaftServerProxy.java:lambda$close$4(314)) - 9559ebce-e970-4829-920d-71f68b96de83: close
2019-10-06 15:46:02,073 [ForkJoinPool.commonPool-worker-0] INFO  impl.RaftServerImpl (RaftServerImpl.java:lambda$shutdown$3(247)) - 9559ebce-e970-4829-920d-71f68b96de83@group-1BDA2B68B2D6: shutdown
2019-10-06 15:46:02,073 [grpc-default-executor-10] INFO  server.GrpcServerProtocolService (GrpcServerProtocolService.java:onCompleted(113)) - b6d847a4-7247-447a-b4f4-a3074f294230: Completed APPEND_ENTRIES, lastRequest: 56c5c699-cd8e-4783-81cf-b77b98cbb0bb->b6d847a4-7247-447a-b4f4-a3074f294230#6-t2, previous=(t:2, i:18), leaderCommit=18, initializing? false, entries: <empty>
2019-10-06 15:46:02,073 [ForkJoinPool.commonPool-worker-0] INFO  util.JmxRegister (JmxRegister.java:unregister(73)) - Successfully un-registered JMX Bean with object name Ratis:service=RaftServer,group=group-1BDA2B68B2D6,id=9559ebce-e970-4829-920d-71f68b96de83
2019-10-06 15:46:02,074 [ForkJoinPool.commonPool-worker-0] INFO  impl.RoleInfo (RoleInfo.java:shutdownLeaderState(104)) - 9559ebce-e970-4829-920d-71f68b96de83: shutdown LeaderState
2019-10-06 15:46:02,074 [grpc-default-executor-10] INFO  server.GrpcLogAppender (GrpcLogAppender.java:onCompleted(293)) - 56c5c699-cd8e-4783-81cf-b77b98cbb0bb@group-D5C2317BD565->b6d847a4-7247-447a-b4f4-a3074f294230-AppendLogResponseHandler: follower responses appendEntries COMPLETED
2019-10-06 15:46:02,074 [ForkJoinPool.commonPool-worker-0] INFO  impl.PendingRequests (PendingRequests.java:sendNotLeaderResponses(202)) - 9559ebce-e970-4829-920d-71f68b96de83@group-1BDA2B68B2D6-PendingRequests: sendNotLeaderResponses
2019-10-06 15:46:02,075 [ForkJoinPool.commonPool-worker-0] INFO  impl.StateMachineUpdater (StateMachineUpdater.java:stopAndJoin(136)) - 9559ebce-e970-4829-920d-71f68b96de83@group-1BDA2B68B2D6-StateMachineUpdater: set stopIndex = 0
2019-10-06 15:46:02,075 [ForkJoinPool.commonPool-worker-0] INFO  impl.RaftServerImpl (ServerState.java:close(387)) - 9559ebce-e970-4829-920d-71f68b96de83@group-1BDA2B68B2D6: closes. applyIndex: 0
2019-10-06 15:46:02,075 [grpc-default-executor-10] INFO  impl.FollowerInfo (FollowerInfo.java:lambda$new$0(51)) - 56c5c699-cd8e-4783-81cf-b77b98cbb0bb@group-D5C2317BD565->b6d847a4-7247-447a-b4f4-a3074f294230: nextIndex: updateUnconditionally 19 -> 18
2019-10-06 15:46:02,076 [9559ebce-e970-4829-920d-71f68b96de83@group-1BDA2B68B2D6-SegmentedRaftLogWorker] INFO  segmented.SegmentedRaftLogWorker (SegmentedRaftLogWorker.java:run(316)) - 9559ebce-e970-4829-920d-71f68b96de83@group-1BDA2B68B2D6-SegmentedRaftLogWorker was interrupted, exiting. There are 0 tasks remaining in the queue.
2019-10-06 15:46:02,077 [ForkJoinPool.commonPool-worker-0] INFO  segmented.SegmentedRaftLogWorker (SegmentedRaftLogWorker.java:close(224)) - 9559ebce-e970-4829-920d-71f68b96de83@group-1BDA2B68B2D6-SegmentedRaftLogWorker close()
2019-10-06 15:46:02,080 [ForkJoinPool.commonPool-worker-0] INFO  impl.RaftServerImpl (RaftServerImpl.java:lambda$shutdown$3(247)) - 9559ebce-e970-4829-920d-71f68b96de83@group-DE5693E2D11C: shutdown
2019-10-06 15:46:02,081 [ForkJoinPool.commonPool-worker-0] INFO  util.JmxRegister (JmxRegister.java:unregister(73)) - Successfully un-registered JMX Bean with object name Ratis:service=RaftServer,group=group-DE5693E2D11C,id=9559ebce-e970-4829-920d-71f68b96de83
2019-10-06 15:46:02,081 [ForkJoinPool.commonPool-worker-0] INFO  impl.RoleInfo (RoleInfo.java:shutdownFollowerState(121)) - 9559ebce-e970-4829-920d-71f68b96de83: shutdown FollowerState
2019-10-06 15:46:02,082 [ForkJoinPool.commonPool-worker-0] INFO  impl.StateMachineUpdater (StateMachineUpdater.java:stopAndJoin(136)) - 9559ebce-e970-4829-920d-71f68b96de83@group-DE5693E2D11C-StateMachineUpdater: set stopIndex = 13
2019-10-06 15:46:02,084 [Thread-3184] INFO  impl.FollowerState (FollowerState.java:run(117)) - 9559ebce-e970-4829-920d-71f68b96de83@group-DE5693E2D11C-FollowerState was interrupted: java.lang.InterruptedException: sleep interrupted
2019-10-06 15:46:02,084 [9559ebce-e970-4829-920d-71f68b96de83@group-DE5693E2D11C-StateMachineUpdater] INFO  ratis.ContainerStateMachine (ContainerStateMachine.java:takeSnapshot(293)) - group-DE5693E2D11C: Taking a snapshot at:(t:2, i:11) file /workdir/hadoop-ozone/integration-test/target/test-dir/MiniOzoneClusterImpl-71e09d98-8980-4f11-ada0-d4d272c3dff4/datanode-2/data/ratis/88f42939-3d1d-466e-9cfe-de5693e2d11c/sm/snapshot.2_11
2019-10-06 15:46:02,086 [56c5c699-cd8e-4783-81cf-b77b98cbb0bb@group-D5C2317BD565-StateMachineUpdater] INFO  ratis.ContainerStateMachine (ContainerStateMachine.java:takeSnapshot(304)) - group-D5C2317BD565: Finished taking a snapshot at:(t:1, i:14) file:/workdir/hadoop-ozone/integration-test/target/test-dir/MiniOzoneClusterImpl-71e09d98-8980-4f11-ada0-d4d272c3dff4/datanode-3/data/ratis/5b1483af-8b1e-4746-ad14-d5c2317bd565/sm/snapshot.1_14 time:14
2019-10-06 15:46:02,086 [56c5c699-cd8e-4783-81cf-b77b98cbb0bb@group-D5C2317BD565-StateMachineUpdater] INFO  impl.StateMachineUpdater (StateMachineUpdater.java:takeSnapshot(269)) - 56c5c699-cd8e-4783-81cf-b77b98cbb0bb@group-D5C2317BD565-StateMachineUpdater: Took a snapshot at index 14
2019-10-06 15:46:02,086 [56c5c699-cd8e-4783-81cf-b77b98cbb0bb@group-D5C2317BD565-StateMachineUpdater] INFO  impl.StateMachineUpdater (StateMachineUpdater.java:lambda$new$0(84)) - 56c5c699-cd8e-4783-81cf-b77b98cbb0bb@group-D5C2317BD565-StateMachineUpdater: snapshotIndex: updateIncreasingly -1 -> 14
2019-10-06 15:46:02,086 [56c5c699-cd8e-4783-81cf-b77b98cbb0bb@group-D5C2317BD565-StateMachineUpdater] INFO  ratis.ContainerStateMachine (ContainerStateMachine.java:takeSnapshot(293)) - group-D5C2317BD565: Taking a snapshot at:(t:1, i:14) file /workdir/hadoop-ozone/integration-test/target/test-dir/MiniOzoneClusterImpl-71e09d98-8980-4f11-ada0-d4d272c3dff4/datanode-3/data/ratis/5b1483af-8b1e-4746-ad14-d5c2317bd565/sm/snapshot.1_14
2019-10-06 15:46:02,099 [56c5c699-cd8e-4783-81cf-b77b98cbb0bb@group-D5C2317BD565-StateMachineUpdater] INFO  ratis.ContainerStateMachine (ContainerStateMachine.java:takeSnapshot(304)) - group-D5C2317BD565: Finished taking a snapshot at:(t:1, i:14) file:/workdir/hadoop-ozone/integration-test/target/test-dir/MiniOzoneClusterImpl-71e09d98-8980-4f11-ada0-d4d272c3dff4/datanode-3/data/ratis/5b1483af-8b1e-4746-ad14-d5c2317bd565/sm/snapshot.1_14 time:13
2019-10-06 15:46:02,099 [9559ebce-e970-4829-920d-71f68b96de83@group-DE5693E2D11C-StateMachineUpdater] INFO  ratis.ContainerStateMachine (ContainerStateMachine.java:takeSnapshot(304)) - group-DE5693E2D11C: Finished taking a snapshot at:(t:2, i:11) file:/workdir/hadoop-ozone/integration-test/target/test-dir/MiniOzoneClusterImpl-71e09d98-8980-4f11-ada0-d4d272c3dff4/datanode-2/data/ratis/88f42939-3d1d-466e-9cfe-de5693e2d11c/sm/snapshot.2_11 time:15
2019-10-06 15:46:02,099 [56c5c699-cd8e-4783-81cf-b77b98cbb0bb@group-D5C2317BD565-StateMachineUpdater] INFO  impl.StateMachineUpdater (StateMachineUpdater.java:takeSnapshot(269)) - 56c5c699-cd8e-4783-81cf-b77b98cbb0bb@group-D5C2317BD565-StateMachineUpdater: Took a snapshot at index 14
2019-10-06 15:46:02,099 [56c5c699-cd8e-4783-81cf-b77b98cbb0bb@group-D5C2317BD565-StateMachineUpdater] INFO  impl.StateMachineUpdater (StateMachineUpdater.java:lambda$new$0(84)) - 56c5c699-cd8e-4783-81cf-b77b98cbb0bb@group-D5C2317BD565-StateMachineUpdater: snapshotIndex: updateIncreasingly 14 -> 14
2019-10-06 15:46:02,099 [9559ebce-e970-4829-920d-71f68b96de83@group-DE5693E2D11C-StateMachineUpdater] INFO  impl.StateMachineUpdater (StateMachineUpdater.java:takeSnapshot(269)) - 9559ebce-e970-4829-920d-71f68b96de83@group-DE5693E2D11C-StateMachineUpdater: Took a snapshot at index 11
2019-10-06 15:46:02,099 [9559ebce-e970-4829-920d-71f68b96de83@group-DE5693E2D11C-StateMachineUpdater] INFO  impl.StateMachineUpdater (StateMachineUpdater.java:lambda$new$0(84)) - 9559ebce-e970-4829-920d-71f68b96de83@group-DE5693E2D11C-StateMachineUpdater: snapshotIndex: updateIncreasingly -1 -> 11
2019-10-06 15:46:02,099 [main] INFO  impl.RaftServerImpl (ServerState.java:close(387)) - 56c5c699-cd8e-4783-81cf-b77b98cbb0bb@group-D5C2317BD565: closes. applyIndex: 18
2019-10-06 15:46:02,100 [9559ebce-e970-4829-920d-71f68b96de83@group-DE5693E2D11C-StateMachineUpdater] INFO  ratis.ContainerStateMachine (ContainerStateMachine.java:takeSnapshot(293)) - group-DE5693E2D11C: Taking a snapshot at:(t:2, i:11) file /workdir/hadoop-ozone/integration-test/target/test-dir/MiniOzoneClusterImpl-71e09d98-8980-4f11-ada0-d4d272c3dff4/datanode-2/data/ratis/88f42939-3d1d-466e-9cfe-de5693e2d11c/sm/snapshot.2_11
2019-10-06 15:46:02,100 [56c5c699-cd8e-4783-81cf-b77b98cbb0bb@group-D5C2317BD565-SegmentedRaftLogWorker] INFO  segmented.SegmentedRaftLogWorker (SegmentedRaftLogWorker.java:run(316)) - 56c5c699-cd8e-4783-81cf-b77b98cbb0bb@group-D5C2317BD565-SegmentedRaftLogWorker was interrupted, exiting. There are 0 tasks remaining in the queue.
2019-10-06 15:46:02,102 [main] INFO  segmented.SegmentedRaftLogWorker (SegmentedRaftLogWorker.java:close(224)) - 56c5c699-cd8e-4783-81cf-b77b98cbb0bb@group-D5C2317BD565-SegmentedRaftLogWorker close()
2019-10-06 15:46:02,105 [main] INFO  server.GrpcService (GrpcService.java:closeImpl(164)) - 56c5c699-cd8e-4783-81cf-b77b98cbb0bb: shutdown server with port 43872 now
2019-10-06 15:46:02,106 [main] INFO  server.GrpcService (GrpcService.java:closeImpl(172)) - 56c5c699-cd8e-4783-81cf-b77b98cbb0bb: shutdown server with port 43872 successfully
2019-10-06 15:46:02,111 [refreshUsed-/workdir/hadoop-ozone/integration-test/target/test-dir/MiniOzoneClusterImpl-71e09d98-8980-4f11-ada0-d4d272c3dff4/datanode-3/data/containers] WARN  fs.CachingGetSpaceUsed (CachingGetSpaceUsed.java:run(183)) - Thread Interrupted waiting to refresh disk information: sleep interrupted
2019-10-06 15:46:02,122 [main] INFO  utils.BackgroundService (BackgroundService.java:shutdown(148)) - Shutting down service BlockDeletingService
2019-10-06 15:46:02,126 [main] INFO  statemachine.DatanodeStateMachine (DatanodeStateMachine.java:stopDaemon(395)) - Ozone container server stopped.
2019-10-06 15:46:02,127 [main] INFO  handler.ContextHandler (ContextHandler.java:doStop(910)) - Stopped o.e.j.w.WebAppContext@4ee8051c{/,null,UNAVAILABLE}{/hddsDatanode}
2019-10-06 15:46:02,128 [main] INFO  server.AbstractConnector (AbstractConnector.java:doStop(318)) - Stopped ServerConnector@53125718{HTTP/1.1,[http/1.1]}{0.0.0.0:0}
2019-10-06 15:46:02,129 [main] INFO  handler.ContextHandler (ContextHandler.java:doStop(910)) - Stopped o.e.j.s.ServletContextHandler@656c5c3{/static,jar:file:/home/user/.m2/repository/org/apache/hadoop/hadoop-hdds-container-service/0.5.0-SNAPSHOT/hadoop-hdds-container-service-0.5.0-SNAPSHOT.jar!/webapps/static,UNAVAILABLE}
2019-10-06 15:46:02,129 [main] INFO  handler.ContextHandler (ContextHandler.java:doStop(910)) - Stopped o.e.j.s.ServletContextHandler@b06d46d{/logs,file:///workdir/hadoop-ozone/integration-test/target/log,UNAVAILABLE}
2019-10-06 15:46:02,132 [9559ebce-e970-4829-920d-71f68b96de83@group-DE5693E2D11C-StateMachineUpdater] INFO  ratis.ContainerStateMachine (ContainerStateMachine.java:takeSnapshot(304)) - group-DE5693E2D11C: Finished taking a snapshot at:(t:2, i:11) file:/workdir/hadoop-ozone/integration-test/target/test-dir/MiniOzoneClusterImpl-71e09d98-8980-4f11-ada0-d4d272c3dff4/datanode-2/data/ratis/88f42939-3d1d-466e-9cfe-de5693e2d11c/sm/snapshot.2_11 time:32
2019-10-06 15:46:02,132 [9559ebce-e970-4829-920d-71f68b96de83@group-DE5693E2D11C-StateMachineUpdater] INFO  impl.StateMachineUpdater (StateMachineUpdater.java:takeSnapshot(269)) - 9559ebce-e970-4829-920d-71f68b96de83@group-DE5693E2D11C-StateMachineUpdater: Took a snapshot at index 11
2019-10-06 15:46:02,133 [9559ebce-e970-4829-920d-71f68b96de83@group-DE5693E2D11C-StateMachineUpdater] INFO  impl.StateMachineUpdater (StateMachineUpdater.java:lambda$new$0(84)) - 9559ebce-e970-4829-920d-71f68b96de83@group-DE5693E2D11C-StateMachineUpdater: snapshotIndex: updateIncreasingly 11 -> 11
2019-10-06 15:46:02,133 [ForkJoinPool.commonPool-worker-0] INFO  impl.RaftServerImpl (ServerState.java:close(387)) - 9559ebce-e970-4829-920d-71f68b96de83@group-DE5693E2D11C: closes. applyIndex: 13
2019-10-06 15:46:02,133 [9559ebce-e970-4829-920d-71f68b96de83@group-DE5693E2D11C-SegmentedRaftLogWorker] INFO  segmented.SegmentedRaftLogWorker (SegmentedRaftLogWorker.java:run(316)) - 9559ebce-e970-4829-920d-71f68b96de83@group-DE5693E2D11C-SegmentedRaftLogWorker was interrupted, exiting. There are 0 tasks remaining in the queue.
2019-10-06 15:46:02,135 [ForkJoinPool.commonPool-worker-0] INFO  segmented.SegmentedRaftLogWorker (SegmentedRaftLogWorker.java:close(224)) - 9559ebce-e970-4829-920d-71f68b96de83@group-DE5693E2D11C-SegmentedRaftLogWorker close()
2019-10-06 15:46:02,137 [ForkJoinPool.commonPool-worker-0] INFO  server.GrpcService (GrpcService.java:closeImpl(164)) - 9559ebce-e970-4829-920d-71f68b96de83: shutdown server with port 40236 now
2019-10-06 15:46:02,138 [ForkJoinPool.commonPool-worker-0] INFO  server.GrpcService (GrpcService.java:closeImpl(172)) - 9559ebce-e970-4829-920d-71f68b96de83: shutdown server with port 40236 successfully
2019-10-06 15:46:02,140 [refreshUsed-/workdir/hadoop-ozone/integration-test/target/test-dir/MiniOzoneClusterImpl-71e09d98-8980-4f11-ada0-d4d272c3dff4/datanode-2/data/containers] WARN  fs.CachingGetSpaceUsed (CachingGetSpaceUsed.java:run(183)) - Thread Interrupted waiting to refresh disk information: sleep interrupted
2019-10-06 15:46:02,153 [ForkJoinPool.commonPool-worker-0] INFO  utils.BackgroundService (BackgroundService.java:shutdown(148)) - Shutting down service BlockDeletingService
2019-10-06 15:46:02,157 [ForkJoinPool.commonPool-worker-0] INFO  statemachine.DatanodeStateMachine (DatanodeStateMachine.java:stopDaemon(395)) - Ozone container server stopped.
2019-10-06 15:46:02,161 [ForkJoinPool.commonPool-worker-0] INFO  handler.ContextHandler (ContextHandler.java:doStop(910)) - Stopped o.e.j.w.WebAppContext@4c4c7d6c{/,null,UNAVAILABLE}{/hddsDatanode}
2019-10-06 15:46:02,161 [ForkJoinPool.commonPool-worker-0] INFO  server.AbstractConnector (AbstractConnector.java:doStop(318)) - Stopped ServerConnector@7f0766ef{HTTP/1.1,[http/1.1]}{0.0.0.0:0}
2019-10-06 15:46:02,162 [ForkJoinPool.commonPool-worker-0] INFO  handler.ContextHandler (ContextHandler.java:doStop(910)) - Stopped o.e.j.s.ServletContextHandler@125f16b2{/static,jar:file:/home/user/.m2/repository/org/apache/hadoop/hadoop-hdds-container-service/0.5.0-SNAPSHOT/hadoop-hdds-container-service-0.5.0-SNAPSHOT.jar!/webapps/static,UNAVAILABLE}
2019-10-06 15:46:02,164 [ForkJoinPool.commonPool-worker-0] INFO  handler.ContextHandler (ContextHandler.java:doStop(910)) - Stopped o.e.j.s.ServletContextHandler@26b3c9a2{/logs,file:///workdir/hadoop-ozone/integration-test/target/log,UNAVAILABLE}
2019-10-06 15:46:02,736 [Datanode State Machine Thread - 0] INFO  statemachine.DatanodeStateMachine (DatanodeStateMachine.java:lambda$startDaemon$0(350)) - Ozone container server started.
2019-10-06 15:46:03,079 [Datanode State Machine Thread - 0] INFO  statemachine.DatanodeStateMachine (DatanodeStateMachine.java:lambda$startDaemon$0(350)) - Ozone container server started.
2019-10-06 15:46:06,504 [Thread-3185] INFO  impl.FollowerState (FollowerState.java:run(108)) - 090b6ce4-537e-4258-b6c0-061514e97930@group-DE5693E2D11C-FollowerState: change to CANDIDATE, lastRpcTime:9572ms, electionTimeout:5144ms
2019-10-06 15:46:06,504 [Thread-3185] INFO  impl.RoleInfo (RoleInfo.java:shutdownFollowerState(121)) - 090b6ce4-537e-4258-b6c0-061514e97930: shutdown FollowerState
2019-10-06 15:46:06,505 [Thread-3185] INFO  impl.RaftServerImpl (RaftServerImpl.java:setRole(170)) - 090b6ce4-537e-4258-b6c0-061514e97930@group-DE5693E2D11C: changes role from  FOLLOWER to CANDIDATE at term 2 for changeToCandidate
2019-10-06 15:46:06,505 [Thread-3185] INFO  impl.RoleInfo (RoleInfo.java:updateAndGet(143)) - 090b6ce4-537e-4258-b6c0-061514e97930: start LeaderElection
2019-10-06 15:46:06,511 [090b6ce4-537e-4258-b6c0-061514e97930@group-DE5693E2D11C-LeaderElection72] INFO  impl.RaftServerImpl (ServerState.java:setLeader(255)) - 090b6ce4-537e-4258-b6c0-061514e97930@group-DE5693E2D11C: change Leader from ecbb6327-9019-4ac7-95c5-d60822a3bb37 to null at term 2 for initElection
2019-10-06 15:46:06,526 [090b6ce4-537e-4258-b6c0-061514e97930@group-DE5693E2D11C-LeaderElection72] INFO  impl.LeaderElection (LeaderElection.java:askForVotes(178)) - 090b6ce4-537e-4258-b6c0-061514e97930@group-DE5693E2D11C-LeaderElection72: begin an election at term 3 for 0: [9559ebce-e970-4829-920d-71f68b96de83:192.168.30.23:40236, 090b6ce4-537e-4258-b6c0-061514e97930:192.168.30.23:38838, ecbb6327-9019-4ac7-95c5-d60822a3bb37:192.168.30.23:45764], old=null
2019-10-06 15:46:06,531 [090b6ce4-537e-4258-b6c0-061514e97930@group-DE5693E2D11C-LeaderElection72] INFO  impl.LeaderElection (LogUtils.java:infoOrTrace(149)) - 090b6ce4-537e-4258-b6c0-061514e97930@group-DE5693E2D11C-LeaderElection72 got exception when requesting votes: {}
java.util.concurrent.ExecutionException: org.apache.ratis.thirdparty.io.grpc.StatusRuntimeException: UNAVAILABLE: io exception
	at java.util.concurrent.FutureTask.report(FutureTask.java:122)
	at java.util.concurrent.FutureTask.get(FutureTask.java:192)
	at org.apache.ratis.server.impl.LeaderElection.waitForResults(LeaderElection.java:259)
	at org.apache.ratis.server.impl.LeaderElection.askForVotes(LeaderElection.java:197)
	at org.apache.ratis.server.impl.LeaderElection.run(LeaderElection.java:133)
	at java.lang.Thread.run(Thread.java:748)
Caused by: org.apache.ratis.thirdparty.io.grpc.StatusRuntimeException: UNAVAILABLE: io exception
	at org.apache.ratis.thirdparty.io.grpc.stub.ClientCalls.toStatusRuntimeException(ClientCalls.java:233)
	at org.apache.ratis.thirdparty.io.grpc.stub.ClientCalls.getUnchecked(ClientCalls.java:214)
	at org.apache.ratis.thirdparty.io.grpc.stub.ClientCalls.blockingUnaryCall(ClientCalls.java:139)
	at org.apache.ratis.proto.grpc.RaftServerProtocolServiceGrpc$RaftServerProtocolServiceBlockingStub.requestVote(RaftServerProtocolServiceGrpc.java:265)
	at org.apache.ratis.grpc.server.GrpcServerProtocolClient.requestVote(GrpcServerProtocolClient.java:99)
	at org.apache.ratis.grpc.server.GrpcService.requestVote(GrpcService.java:204)
	at org.apache.ratis.server.impl.LeaderElection.lambda$submitRequests$1(LeaderElection.java:234)
	at java.util.concurrent.FutureTask.run(FutureTask.java:266)
	at java.util.concurrent.Executors$RunnableAdapter.call(Executors.java:511)
	at java.util.concurrent.FutureTask.run(FutureTask.java:266)
	at java.util.concurrent.ThreadPoolExecutor.runWorker(ThreadPoolExecutor.java:1149)
	at java.util.concurrent.ThreadPoolExecutor$Worker.run(ThreadPoolExecutor.java:624)
	... 1 more
Caused by: org.apache.ratis.thirdparty.io.netty.channel.AbstractChannel$AnnotatedConnectException: Connection refused: /192.168.30.23:45764
	at sun.nio.ch.SocketChannelImpl.checkConnect(Native Method)
	at sun.nio.ch.SocketChannelImpl.finishConnect(SocketChannelImpl.java:717)
	at org.apache.ratis.thirdparty.io.netty.channel.socket.nio.NioSocketChannel.doFinishConnect(NioSocketChannel.java:327)
	at org.apache.ratis.thirdparty.io.netty.channel.nio.AbstractNioChannel$AbstractNioUnsafe.finishConnect(AbstractNioChannel.java:340)
	at org.apache.ratis.thirdparty.io.netty.channel.nio.NioEventLoop.processSelectedKey(NioEventLoop.java:632)
	at org.apache.ratis.thirdparty.io.netty.channel.nio.NioEventLoop.processSelectedKeysOptimized(NioEventLoop.java:579)
	at org.apache.ratis.thirdparty.io.netty.channel.nio.NioEventLoop.processSelectedKeys(NioEventLoop.java:496)
	at org.apache.ratis.thirdparty.io.netty.channel.nio.NioEventLoop.run(NioEventLoop.java:458)
	at org.apache.ratis.thirdparty.io.netty.util.concurrent.SingleThreadEventExecutor$5.run(SingleThreadEventExecutor.java:897)
	at org.apache.ratis.thirdparty.io.netty.util.concurrent.FastThreadLocalRunnable.run(FastThreadLocalRunnable.java:30)
	... 1 more
Caused by: java.net.ConnectException: Connection refused
	... 11 more
2019-10-06 15:46:06,534 [090b6ce4-537e-4258-b6c0-061514e97930@group-DE5693E2D11C-LeaderElection72] INFO  impl.LeaderElection (LogUtils.java:infoOrTrace(149)) - 090b6ce4-537e-4258-b6c0-061514e97930@group-DE5693E2D11C-LeaderElection72 got exception when requesting votes: {}
java.util.concurrent.ExecutionException: org.apache.ratis.thirdparty.io.grpc.StatusRuntimeException: UNAVAILABLE: io exception
	at java.util.concurrent.FutureTask.report(FutureTask.java:122)
	at java.util.concurrent.FutureTask.get(FutureTask.java:192)
	at org.apache.ratis.server.impl.LeaderElection.waitForResults(LeaderElection.java:259)
	at org.apache.ratis.server.impl.LeaderElection.askForVotes(LeaderElection.java:197)
	at org.apache.ratis.server.impl.LeaderElection.run(LeaderElection.java:133)
	at java.lang.Thread.run(Thread.java:748)
Caused by: org.apache.ratis.thirdparty.io.grpc.StatusRuntimeException: UNAVAILABLE: io exception
	at org.apache.ratis.thirdparty.io.grpc.stub.ClientCalls.toStatusRuntimeException(ClientCalls.java:233)
	at org.apache.ratis.thirdparty.io.grpc.stub.ClientCalls.getUnchecked(ClientCalls.java:214)
	at org.apache.ratis.thirdparty.io.grpc.stub.ClientCalls.blockingUnaryCall(ClientCalls.java:139)
	at org.apache.ratis.proto.grpc.RaftServerProtocolServiceGrpc$RaftServerProtocolServiceBlockingStub.requestVote(RaftServerProtocolServiceGrpc.java:265)
	at org.apache.ratis.grpc.server.GrpcServerProtocolClient.requestVote(GrpcServerProtocolClient.java:99)
	at org.apache.ratis.grpc.server.GrpcService.requestVote(GrpcService.java:204)
	at org.apache.ratis.server.impl.LeaderElection.lambda$submitRequests$1(LeaderElection.java:234)
	at java.util.concurrent.FutureTask.run(FutureTask.java:266)
	at java.util.concurrent.Executors$RunnableAdapter.call(Executors.java:511)
	at java.util.concurrent.FutureTask.run(FutureTask.java:266)
	at java.util.concurrent.ThreadPoolExecutor.runWorker(ThreadPoolExecutor.java:1149)
	at java.util.concurrent.ThreadPoolExecutor$Worker.run(ThreadPoolExecutor.java:624)
	... 1 more
Caused by: org.apache.ratis.thirdparty.io.netty.channel.AbstractChannel$AnnotatedConnectException: Connection refused: /192.168.30.23:40236
	at sun.nio.ch.SocketChannelImpl.checkConnect(Native Method)
	at sun.nio.ch.SocketChannelImpl.finishConnect(SocketChannelImpl.java:717)
	at org.apache.ratis.thirdparty.io.netty.channel.socket.nio.NioSocketChannel.doFinishConnect(NioSocketChannel.java:327)
	at org.apache.ratis.thirdparty.io.netty.channel.nio.AbstractNioChannel$AbstractNioUnsafe.finishConnect(AbstractNioChannel.java:340)
	at org.apache.ratis.thirdparty.io.netty.channel.nio.NioEventLoop.processSelectedKey(NioEventLoop.java:632)
	at org.apache.ratis.thirdparty.io.netty.channel.nio.NioEventLoop.processSelectedKeysOptimized(NioEventLoop.java:579)
	at org.apache.ratis.thirdparty.io.netty.channel.nio.NioEventLoop.processSelectedKeys(NioEventLoop.java:496)
	at org.apache.ratis.thirdparty.io.netty.channel.nio.NioEventLoop.run(NioEventLoop.java:458)
	at org.apache.ratis.thirdparty.io.netty.util.concurrent.SingleThreadEventExecutor$5.run(SingleThreadEventExecutor.java:897)
	at org.apache.ratis.thirdparty.io.netty.util.concurrent.FastThreadLocalRunnable.run(FastThreadLocalRunnable.java:30)
	... 1 more
Caused by: java.net.ConnectException: Connection refused
	... 11 more
2019-10-06 15:46:06,536 [090b6ce4-537e-4258-b6c0-061514e97930@group-DE5693E2D11C-LeaderElection72] INFO  impl.LeaderElection (LeaderElection.java:logAndReturn(56)) - 090b6ce4-537e-4258-b6c0-061514e97930@group-DE5693E2D11C-LeaderElection72: Election REJECTED; received 0 response(s) [] and 2 exception(s); 090b6ce4-537e-4258-b6c0-061514e97930@group-DE5693E2D11C:t3, leader=null, voted=090b6ce4-537e-4258-b6c0-061514e97930, raftlog=090b6ce4-537e-4258-b6c0-061514e97930@group-DE5693E2D11C-SegmentedRaftLog:OPENED:c13,f13,i13, conf=0: [9559ebce-e970-4829-920d-71f68b96de83:192.168.30.23:40236, 090b6ce4-537e-4258-b6c0-061514e97930:192.168.30.23:38838, ecbb6327-9019-4ac7-95c5-d60822a3bb37:192.168.30.23:45764], old=null
2019-10-06 15:46:06,536 [090b6ce4-537e-4258-b6c0-061514e97930@group-DE5693E2D11C-LeaderElection72] INFO  impl.LeaderElection (LogUtils.java:infoOrTrace(149)) -   Exception 0: {}
java.util.concurrent.ExecutionException: org.apache.ratis.thirdparty.io.grpc.StatusRuntimeException: UNAVAILABLE: io exception
	at java.util.concurrent.FutureTask.report(FutureTask.java:122)
	at java.util.concurrent.FutureTask.get(FutureTask.java:192)
	at org.apache.ratis.server.impl.LeaderElection.waitForResults(LeaderElection.java:259)
	at org.apache.ratis.server.impl.LeaderElection.askForVotes(LeaderElection.java:197)
	at org.apache.ratis.server.impl.LeaderElection.run(LeaderElection.java:133)
	at java.lang.Thread.run(Thread.java:748)
Caused by: org.apache.ratis.thirdparty.io.grpc.StatusRuntimeException: UNAVAILABLE: io exception
	at org.apache.ratis.thirdparty.io.grpc.stub.ClientCalls.toStatusRuntimeException(ClientCalls.java:233)
	at org.apache.ratis.thirdparty.io.grpc.stub.ClientCalls.getUnchecked(ClientCalls.java:214)
	at org.apache.ratis.thirdparty.io.grpc.stub.ClientCalls.blockingUnaryCall(ClientCalls.java:139)
	at org.apache.ratis.proto.grpc.RaftServerProtocolServiceGrpc$RaftServerProtocolServiceBlockingStub.requestVote(RaftServerProtocolServiceGrpc.java:265)
	at org.apache.ratis.grpc.server.GrpcServerProtocolClient.requestVote(GrpcServerProtocolClient.java:99)
	at org.apache.ratis.grpc.server.GrpcService.requestVote(GrpcService.java:204)
	at org.apache.ratis.server.impl.LeaderElection.lambda$submitRequests$1(LeaderElection.java:234)
	at java.util.concurrent.FutureTask.run(FutureTask.java:266)
	at java.util.concurrent.Executors$RunnableAdapter.call(Executors.java:511)
	at java.util.concurrent.FutureTask.run(FutureTask.java:266)
	at java.util.concurrent.ThreadPoolExecutor.runWorker(ThreadPoolExecutor.java:1149)
	at java.util.concurrent.ThreadPoolExecutor$Worker.run(ThreadPoolExecutor.java:624)
	... 1 more
Caused by: org.apache.ratis.thirdparty.io.netty.channel.AbstractChannel$AnnotatedConnectException: Connection refused: /192.168.30.23:45764
	at sun.nio.ch.SocketChannelImpl.checkConnect(Native Method)
	at sun.nio.ch.SocketChannelImpl.finishConnect(SocketChannelImpl.java:717)
	at org.apache.ratis.thirdparty.io.netty.channel.socket.nio.NioSocketChannel.doFinishConnect(NioSocketChannel.java:327)
	at org.apache.ratis.thirdparty.io.netty.channel.nio.AbstractNioChannel$AbstractNioUnsafe.finishConnect(AbstractNioChannel.java:340)
	at org.apache.ratis.thirdparty.io.netty.channel.nio.NioEventLoop.processSelectedKey(NioEventLoop.java:632)
	at org.apache.ratis.thirdparty.io.netty.channel.nio.NioEventLoop.processSelectedKeysOptimized(NioEventLoop.java:579)
	at org.apache.ratis.thirdparty.io.netty.channel.nio.NioEventLoop.processSelectedKeys(NioEventLoop.java:496)
	at org.apache.ratis.thirdparty.io.netty.channel.nio.NioEventLoop.run(NioEventLoop.java:458)
	at org.apache.ratis.thirdparty.io.netty.util.concurrent.SingleThreadEventExecutor$5.run(SingleThreadEventExecutor.java:897)
	at org.apache.ratis.thirdparty.io.netty.util.concurrent.FastThreadLocalRunnable.run(FastThreadLocalRunnable.java:30)
	... 1 more
Caused by: java.net.ConnectException: Connection refused
	... 11 more
2019-10-06 15:46:06,537 [090b6ce4-537e-4258-b6c0-061514e97930@group-DE5693E2D11C-LeaderElection72] INFO  impl.LeaderElection (LogUtils.java:infoOrTrace(149)) -   Exception 1: {}
java.util.concurrent.ExecutionException: org.apache.ratis.thirdparty.io.grpc.StatusRuntimeException: UNAVAILABLE: io exception
	at java.util.concurrent.FutureTask.report(FutureTask.java:122)
	at java.util.concurrent.FutureTask.get(FutureTask.java:192)
	at org.apache.ratis.server.impl.LeaderElection.waitForResults(LeaderElection.java:259)
	at org.apache.ratis.server.impl.LeaderElection.askForVotes(LeaderElection.java:197)
	at org.apache.ratis.server.impl.LeaderElection.run(LeaderElection.java:133)
	at java.lang.Thread.run(Thread.java:748)
Caused by: org.apache.ratis.thirdparty.io.grpc.StatusRuntimeException: UNAVAILABLE: io exception
	at org.apache.ratis.thirdparty.io.grpc.stub.ClientCalls.toStatusRuntimeException(ClientCalls.java:233)
	at org.apache.ratis.thirdparty.io.grpc.stub.ClientCalls.getUnchecked(ClientCalls.java:214)
	at org.apache.ratis.thirdparty.io.grpc.stub.ClientCalls.blockingUnaryCall(ClientCalls.java:139)
	at org.apache.ratis.proto.grpc.RaftServerProtocolServiceGrpc$RaftServerProtocolServiceBlockingStub.requestVote(RaftServerProtocolServiceGrpc.java:265)
	at org.apache.ratis.grpc.server.GrpcServerProtocolClient.requestVote(GrpcServerProtocolClient.java:99)
	at org.apache.ratis.grpc.server.GrpcService.requestVote(GrpcService.java:204)
	at org.apache.ratis.server.impl.LeaderElection.lambda$submitRequests$1(LeaderElection.java:234)
	at java.util.concurrent.FutureTask.run(FutureTask.java:266)
	at java.util.concurrent.Executors$RunnableAdapter.call(Executors.java:511)
	at java.util.concurrent.FutureTask.run(FutureTask.java:266)
	at java.util.concurrent.ThreadPoolExecutor.runWorker(ThreadPoolExecutor.java:1149)
	at java.util.concurrent.ThreadPoolExecutor$Worker.run(ThreadPoolExecutor.java:624)
	... 1 more
Caused by: org.apache.ratis.thirdparty.io.netty.channel.AbstractChannel$AnnotatedConnectException: Connection refused: /192.168.30.23:40236
	at sun.nio.ch.SocketChannelImpl.checkConnect(Native Method)
	at sun.nio.ch.SocketChannelImpl.finishConnect(SocketChannelImpl.java:717)
	at org.apache.ratis.thirdparty.io.netty.channel.socket.nio.NioSocketChannel.doFinishConnect(NioSocketChannel.java:327)
	at org.apache.ratis.thirdparty.io.netty.channel.nio.AbstractNioChannel$AbstractNioUnsafe.finishConnect(AbstractNioChannel.java:340)
	at org.apache.ratis.thirdparty.io.netty.channel.nio.NioEventLoop.processSelectedKey(NioEventLoop.java:632)
	at org.apache.ratis.thirdparty.io.netty.channel.nio.NioEventLoop.processSelectedKeysOptimized(NioEventLoop.java:579)
	at org.apache.ratis.thirdparty.io.netty.channel.nio.NioEventLoop.processSelectedKeys(NioEventLoop.java:496)
	at org.apache.ratis.thirdparty.io.netty.channel.nio.NioEventLoop.run(NioEventLoop.java:458)
	at org.apache.ratis.thirdparty.io.netty.util.concurrent.SingleThreadEventExecutor$5.run(SingleThreadEventExecutor.java:897)
	at org.apache.ratis.thirdparty.io.netty.util.concurrent.FastThreadLocalRunnable.run(FastThreadLocalRunnable.java:30)
	... 1 more
Caused by: java.net.ConnectException: Connection refused
	... 11 more
2019-10-06 15:46:06,537 [090b6ce4-537e-4258-b6c0-061514e97930@group-DE5693E2D11C-LeaderElection72] INFO  impl.RaftServerImpl (RaftServerImpl.java:setRole(170)) - 090b6ce4-537e-4258-b6c0-061514e97930@group-DE5693E2D11C: changes role from CANDIDATE to FOLLOWER at term 3 for DISCOVERED_A_NEW_TERM
2019-10-06 15:46:06,537 [090b6ce4-537e-4258-b6c0-061514e97930@group-DE5693E2D11C-LeaderElection72] INFO  impl.RoleInfo (RoleInfo.java:shutdownLeaderElection(134)) - 090b6ce4-537e-4258-b6c0-061514e97930: shutdown LeaderElection
2019-10-06 15:46:06,538 [090b6ce4-537e-4258-b6c0-061514e97930@group-DE5693E2D11C-LeaderElection72] INFO  impl.RoleInfo (RoleInfo.java:updateAndGet(143)) - 090b6ce4-537e-4258-b6c0-061514e97930: start FollowerState
2019-10-06 15:46:06,591 [Thread-3235] INFO  impl.FollowerState (FollowerState.java:run(108)) - b6d847a4-7247-447a-b4f4-a3074f294230@group-D5C2317BD565-FollowerState: change to CANDIDATE, lastRpcTime:5196ms, electionTimeout:5032ms
2019-10-06 15:46:06,594 [Thread-3235] INFO  impl.RoleInfo (RoleInfo.java:shutdownFollowerState(121)) - b6d847a4-7247-447a-b4f4-a3074f294230: shutdown FollowerState
2019-10-06 15:46:06,594 [Thread-3235] INFO  impl.RaftServerImpl (RaftServerImpl.java:setRole(170)) - b6d847a4-7247-447a-b4f4-a3074f294230@group-D5C2317BD565: changes role from  FOLLOWER to CANDIDATE at term 2 for changeToCandidate
2019-10-06 15:46:06,594 [Thread-3235] INFO  impl.RoleInfo (RoleInfo.java:updateAndGet(143)) - b6d847a4-7247-447a-b4f4-a3074f294230: start LeaderElection
2019-10-06 15:46:06,597 [b6d847a4-7247-447a-b4f4-a3074f294230@group-D5C2317BD565-LeaderElection73] INFO  impl.RaftServerImpl (ServerState.java:setLeader(255)) - b6d847a4-7247-447a-b4f4-a3074f294230@group-D5C2317BD565: change Leader from 56c5c699-cd8e-4783-81cf-b77b98cbb0bb to null at term 2 for initElection
2019-10-06 15:46:06,610 [b6d847a4-7247-447a-b4f4-a3074f294230@group-D5C2317BD565-LeaderElection73] INFO  impl.LeaderElection (LeaderElection.java:askForVotes(178)) - b6d847a4-7247-447a-b4f4-a3074f294230@group-D5C2317BD565-LeaderElection73: begin an election at term 3 for 17: [b6d847a4-7247-447a-b4f4-a3074f294230:192.168.30.23:37755, 5727e973-ff17-48d6-b89a-ebfb40a52011:192.168.30.23:38455, 56c5c699-cd8e-4783-81cf-b77b98cbb0bb:192.168.30.23:43872], old=null
2019-10-06 15:46:06,613 [b6d847a4-7247-447a-b4f4-a3074f294230@group-D5C2317BD565-LeaderElection73] INFO  impl.LeaderElection (LogUtils.java:infoOrTrace(149)) - b6d847a4-7247-447a-b4f4-a3074f294230@group-D5C2317BD565-LeaderElection73 got exception when requesting votes: {}
java.util.concurrent.ExecutionException: org.apache.ratis.thirdparty.io.grpc.StatusRuntimeException: UNAVAILABLE: io exception
	at java.util.concurrent.FutureTask.report(FutureTask.java:122)
	at java.util.concurrent.FutureTask.get(FutureTask.java:192)
	at org.apache.ratis.server.impl.LeaderElection.waitForResults(LeaderElection.java:259)
	at org.apache.ratis.server.impl.LeaderElection.askForVotes(LeaderElection.java:197)
	at org.apache.ratis.server.impl.LeaderElection.run(LeaderElection.java:133)
	at java.lang.Thread.run(Thread.java:748)
Caused by: org.apache.ratis.thirdparty.io.grpc.StatusRuntimeException: UNAVAILABLE: io exception
	at org.apache.ratis.thirdparty.io.grpc.stub.ClientCalls.toStatusRuntimeException(ClientCalls.java:233)
	at org.apache.ratis.thirdparty.io.grpc.stub.ClientCalls.getUnchecked(ClientCalls.java:214)
	at org.apache.ratis.thirdparty.io.grpc.stub.ClientCalls.blockingUnaryCall(ClientCalls.java:139)
	at org.apache.ratis.proto.grpc.RaftServerProtocolServiceGrpc$RaftServerProtocolServiceBlockingStub.requestVote(RaftServerProtocolServiceGrpc.java:265)
	at org.apache.ratis.grpc.server.GrpcServerProtocolClient.requestVote(GrpcServerProtocolClient.java:99)
	at org.apache.ratis.grpc.server.GrpcService.requestVote(GrpcService.java:204)
	at org.apache.ratis.server.impl.LeaderElection.lambda$submitRequests$1(LeaderElection.java:234)
	at java.util.concurrent.FutureTask.run(FutureTask.java:266)
	at java.util.concurrent.Executors$RunnableAdapter.call(Executors.java:511)
	at java.util.concurrent.FutureTask.run(FutureTask.java:266)
	at java.util.concurrent.ThreadPoolExecutor.runWorker(ThreadPoolExecutor.java:1149)
	at java.util.concurrent.ThreadPoolExecutor$Worker.run(ThreadPoolExecutor.java:624)
	... 1 more
Caused by: org.apache.ratis.thirdparty.io.netty.channel.AbstractChannel$AnnotatedConnectException: Connection refused: /192.168.30.23:38455
	at sun.nio.ch.SocketChannelImpl.checkConnect(Native Method)
	at sun.nio.ch.SocketChannelImpl.finishConnect(SocketChannelImpl.java:717)
	at org.apache.ratis.thirdparty.io.netty.channel.socket.nio.NioSocketChannel.doFinishConnect(NioSocketChannel.java:327)
	at org.apache.ratis.thirdparty.io.netty.channel.nio.AbstractNioChannel$AbstractNioUnsafe.finishConnect(AbstractNioChannel.java:340)
	at org.apache.ratis.thirdparty.io.netty.channel.nio.NioEventLoop.processSelectedKey(NioEventLoop.java:632)
	at org.apache.ratis.thirdparty.io.netty.channel.nio.NioEventLoop.processSelectedKeysOptimized(NioEventLoop.java:579)
	at org.apache.ratis.thirdparty.io.netty.channel.nio.NioEventLoop.processSelectedKeys(NioEventLoop.java:496)
	at org.apache.ratis.thirdparty.io.netty.channel.nio.NioEventLoop.run(NioEventLoop.java:458)
	at org.apache.ratis.thirdparty.io.netty.util.concurrent.SingleThreadEventExecutor$5.run(SingleThreadEventExecutor.java:897)
	at org.apache.ratis.thirdparty.io.netty.util.concurrent.FastThreadLocalRunnable.run(FastThreadLocalRunnable.java:30)
	... 1 more
Caused by: java.net.ConnectException: Connection refused
	... 11 more
2019-10-06 15:46:06,615 [b6d847a4-7247-447a-b4f4-a3074f294230@group-D5C2317BD565-LeaderElection73] INFO  impl.LeaderElection (LogUtils.java:infoOrTrace(149)) - b6d847a4-7247-447a-b4f4-a3074f294230@group-D5C2317BD565-LeaderElection73 got exception when requesting votes: {}
java.util.concurrent.ExecutionException: org.apache.ratis.thirdparty.io.grpc.StatusRuntimeException: UNAVAILABLE: io exception
	at java.util.concurrent.FutureTask.report(FutureTask.java:122)
	at java.util.concurrent.FutureTask.get(FutureTask.java:192)
	at org.apache.ratis.server.impl.LeaderElection.waitForResults(LeaderElection.java:259)
	at org.apache.ratis.server.impl.LeaderElection.askForVotes(LeaderElection.java:197)
	at org.apache.ratis.server.impl.LeaderElection.run(LeaderElection.java:133)
	at java.lang.Thread.run(Thread.java:748)
Caused by: org.apache.ratis.thirdparty.io.grpc.StatusRuntimeException: UNAVAILABLE: io exception
	at org.apache.ratis.thirdparty.io.grpc.stub.ClientCalls.toStatusRuntimeException(ClientCalls.java:233)
	at org.apache.ratis.thirdparty.io.grpc.stub.ClientCalls.getUnchecked(ClientCalls.java:214)
	at org.apache.ratis.thirdparty.io.grpc.stub.ClientCalls.blockingUnaryCall(ClientCalls.java:139)
	at org.apache.ratis.proto.grpc.RaftServerProtocolServiceGrpc$RaftServerProtocolServiceBlockingStub.requestVote(RaftServerProtocolServiceGrpc.java:265)
	at org.apache.ratis.grpc.server.GrpcServerProtocolClient.requestVote(GrpcServerProtocolClient.java:99)
	at org.apache.ratis.grpc.server.GrpcService.requestVote(GrpcService.java:204)
	at org.apache.ratis.server.impl.LeaderElection.lambda$submitRequests$1(LeaderElection.java:234)
	at java.util.concurrent.FutureTask.run(FutureTask.java:266)
	at java.util.concurrent.Executors$RunnableAdapter.call(Executors.java:511)
	at java.util.concurrent.FutureTask.run(FutureTask.java:266)
	at java.util.concurrent.ThreadPoolExecutor.runWorker(ThreadPoolExecutor.java:1149)
	at java.util.concurrent.ThreadPoolExecutor$Worker.run(ThreadPoolExecutor.java:624)
	... 1 more
Caused by: org.apache.ratis.thirdparty.io.netty.channel.AbstractChannel$AnnotatedConnectException: Connection refused: /192.168.30.23:43872
	at sun.nio.ch.SocketChannelImpl.checkConnect(Native Method)
	at sun.nio.ch.SocketChannelImpl.finishConnect(SocketChannelImpl.java:717)
	at org.apache.ratis.thirdparty.io.netty.channel.socket.nio.NioSocketChannel.doFinishConnect(NioSocketChannel.java:327)
	at org.apache.ratis.thirdparty.io.netty.channel.nio.AbstractNioChannel$AbstractNioUnsafe.finishConnect(AbstractNioChannel.java:340)
	at org.apache.ratis.thirdparty.io.netty.channel.nio.NioEventLoop.processSelectedKey(NioEventLoop.java:632)
	at org.apache.ratis.thirdparty.io.netty.channel.nio.NioEventLoop.processSelectedKeysOptimized(NioEventLoop.java:579)
	at org.apache.ratis.thirdparty.io.netty.channel.nio.NioEventLoop.processSelectedKeys(NioEventLoop.java:496)
	at org.apache.ratis.thirdparty.io.netty.channel.nio.NioEventLoop.run(NioEventLoop.java:458)
	at org.apache.ratis.thirdparty.io.netty.util.concurrent.SingleThreadEventExecutor$5.run(SingleThreadEventExecutor.java:897)
	at org.apache.ratis.thirdparty.io.netty.util.concurrent.FastThreadLocalRunnable.run(FastThreadLocalRunnable.java:30)
	... 1 more
Caused by: java.net.ConnectException: Connection refused
	... 11 more
2019-10-06 15:46:06,617 [b6d847a4-7247-447a-b4f4-a3074f294230@group-D5C2317BD565-LeaderElection73] INFO  impl.LeaderElection (LeaderElection.java:logAndReturn(56)) - b6d847a4-7247-447a-b4f4-a3074f294230@group-D5C2317BD565-LeaderElection73: Election REJECTED; received 0 response(s) [] and 2 exception(s); b6d847a4-7247-447a-b4f4-a3074f294230@group-D5C2317BD565:t3, leader=null, voted=b6d847a4-7247-447a-b4f4-a3074f294230, raftlog=b6d847a4-7247-447a-b4f4-a3074f294230@group-D5C2317BD565-SegmentedRaftLog:OPENED:c18,f18,i18, conf=17: [b6d847a4-7247-447a-b4f4-a3074f294230:192.168.30.23:37755, 5727e973-ff17-48d6-b89a-ebfb40a52011:192.168.30.23:38455, 56c5c699-cd8e-4783-81cf-b77b98cbb0bb:192.168.30.23:43872], old=null
2019-10-06 15:46:06,617 [b6d847a4-7247-447a-b4f4-a3074f294230@group-D5C2317BD565-LeaderElection73] INFO  impl.LeaderElection (LogUtils.java:infoOrTrace(149)) -   Exception 0: {}
java.util.concurrent.ExecutionException: org.apache.ratis.thirdparty.io.grpc.StatusRuntimeException: UNAVAILABLE: io exception
	at java.util.concurrent.FutureTask.report(FutureTask.java:122)
	at java.util.concurrent.FutureTask.get(FutureTask.java:192)
	at org.apache.ratis.server.impl.LeaderElection.waitForResults(LeaderElection.java:259)
	at org.apache.ratis.server.impl.LeaderElection.askForVotes(LeaderElection.java:197)
	at org.apache.ratis.server.impl.LeaderElection.run(LeaderElection.java:133)
	at java.lang.Thread.run(Thread.java:748)
Caused by: org.apache.ratis.thirdparty.io.grpc.StatusRuntimeException: UNAVAILABLE: io exception
	at org.apache.ratis.thirdparty.io.grpc.stub.ClientCalls.toStatusRuntimeException(ClientCalls.java:233)
	at org.apache.ratis.thirdparty.io.grpc.stub.ClientCalls.getUnchecked(ClientCalls.java:214)
	at org.apache.ratis.thirdparty.io.grpc.stub.ClientCalls.blockingUnaryCall(ClientCalls.java:139)
	at org.apache.ratis.proto.grpc.RaftServerProtocolServiceGrpc$RaftServerProtocolServiceBlockingStub.requestVote(RaftServerProtocolServiceGrpc.java:265)
	at org.apache.ratis.grpc.server.GrpcServerProtocolClient.requestVote(GrpcServerProtocolClient.java:99)
	at org.apache.ratis.grpc.server.GrpcService.requestVote(GrpcService.java:204)
	at org.apache.ratis.server.impl.LeaderElection.lambda$submitRequests$1(LeaderElection.java:234)
	at java.util.concurrent.FutureTask.run(FutureTask.java:266)
	at java.util.concurrent.Executors$RunnableAdapter.call(Executors.java:511)
	at java.util.concurrent.FutureTask.run(FutureTask.java:266)
	at java.util.concurrent.ThreadPoolExecutor.runWorker(ThreadPoolExecutor.java:1149)
	at java.util.concurrent.ThreadPoolExecutor$Worker.run(ThreadPoolExecutor.java:624)
	... 1 more
Caused by: org.apache.ratis.thirdparty.io.netty.channel.AbstractChannel$AnnotatedConnectException: Connection refused: /192.168.30.23:38455
	at sun.nio.ch.SocketChannelImpl.checkConnect(Native Method)
	at sun.nio.ch.SocketChannelImpl.finishConnect(SocketChannelImpl.java:717)
	at org.apache.ratis.thirdparty.io.netty.channel.socket.nio.NioSocketChannel.doFinishConnect(NioSocketChannel.java:327)
	at org.apache.ratis.thirdparty.io.netty.channel.nio.AbstractNioChannel$AbstractNioUnsafe.finishConnect(AbstractNioChannel.java:340)
	at org.apache.ratis.thirdparty.io.netty.channel.nio.NioEventLoop.processSelectedKey(NioEventLoop.java:632)
	at org.apache.ratis.thirdparty.io.netty.channel.nio.NioEventLoop.processSelectedKeysOptimized(NioEventLoop.java:579)
	at org.apache.ratis.thirdparty.io.netty.channel.nio.NioEventLoop.processSelectedKeys(NioEventLoop.java:496)
	at org.apache.ratis.thirdparty.io.netty.channel.nio.NioEventLoop.run(NioEventLoop.java:458)
	at org.apache.ratis.thirdparty.io.netty.util.concurrent.SingleThreadEventExecutor$5.run(SingleThreadEventExecutor.java:897)
	at org.apache.ratis.thirdparty.io.netty.util.concurrent.FastThreadLocalRunnable.run(FastThreadLocalRunnable.java:30)
	... 1 more
Caused by: java.net.ConnectException: Connection refused
	... 11 more
2019-10-06 15:46:06,617 [b6d847a4-7247-447a-b4f4-a3074f294230@group-D5C2317BD565-LeaderElection73] INFO  impl.LeaderElection (LogUtils.java:infoOrTrace(149)) -   Exception 1: {}
java.util.concurrent.ExecutionException: org.apache.ratis.thirdparty.io.grpc.StatusRuntimeException: UNAVAILABLE: io exception
	at java.util.concurrent.FutureTask.report(FutureTask.java:122)
	at java.util.concurrent.FutureTask.get(FutureTask.java:192)
	at org.apache.ratis.server.impl.LeaderElection.waitForResults(LeaderElection.java:259)
	at org.apache.ratis.server.impl.LeaderElection.askForVotes(LeaderElection.java:197)
	at org.apache.ratis.server.impl.LeaderElection.run(LeaderElection.java:133)
	at java.lang.Thread.run(Thread.java:748)
Caused by: org.apache.ratis.thirdparty.io.grpc.StatusRuntimeException: UNAVAILABLE: io exception
	at org.apache.ratis.thirdparty.io.grpc.stub.ClientCalls.toStatusRuntimeException(ClientCalls.java:233)
	at org.apache.ratis.thirdparty.io.grpc.stub.ClientCalls.getUnchecked(ClientCalls.java:214)
	at org.apache.ratis.thirdparty.io.grpc.stub.ClientCalls.blockingUnaryCall(ClientCalls.java:139)
	at org.apache.ratis.proto.grpc.RaftServerProtocolServiceGrpc$RaftServerProtocolServiceBlockingStub.requestVote(RaftServerProtocolServiceGrpc.java:265)
	at org.apache.ratis.grpc.server.GrpcServerProtocolClient.requestVote(GrpcServerProtocolClient.java:99)
	at org.apache.ratis.grpc.server.GrpcService.requestVote(GrpcService.java:204)
	at org.apache.ratis.server.impl.LeaderElection.lambda$submitRequests$1(LeaderElection.java:234)
	at java.util.concurrent.FutureTask.run(FutureTask.java:266)
	at java.util.concurrent.Executors$RunnableAdapter.call(Executors.java:511)
	at java.util.concurrent.FutureTask.run(FutureTask.java:266)
	at java.util.concurrent.ThreadPoolExecutor.runWorker(ThreadPoolExecutor.java:1149)
	at java.util.concurrent.ThreadPoolExecutor$Worker.run(ThreadPoolExecutor.java:624)
	... 1 more
Caused by: org.apache.ratis.thirdparty.io.netty.channel.AbstractChannel$AnnotatedConnectException: Connection refused: /192.168.30.23:43872
	at sun.nio.ch.SocketChannelImpl.checkConnect(Native Method)
	at sun.nio.ch.SocketChannelImpl.finishConnect(SocketChannelImpl.java:717)
	at org.apache.ratis.thirdparty.io.netty.channel.socket.nio.NioSocketChannel.doFinishConnect(NioSocketChannel.java:327)
	at org.apache.ratis.thirdparty.io.netty.channel.nio.AbstractNioChannel$AbstractNioUnsafe.finishConnect(AbstractNioChannel.java:340)
	at org.apache.ratis.thirdparty.io.netty.channel.nio.NioEventLoop.processSelectedKey(NioEventLoop.java:632)
	at org.apache.ratis.thirdparty.io.netty.channel.nio.NioEventLoop.processSelectedKeysOptimized(NioEventLoop.java:579)
	at org.apache.ratis.thirdparty.io.netty.channel.nio.NioEventLoop.processSelectedKeys(NioEventLoop.java:496)
	at org.apache.ratis.thirdparty.io.netty.channel.nio.NioEventLoop.run(NioEventLoop.java:458)
	at org.apache.ratis.thirdparty.io.netty.util.concurrent.SingleThreadEventExecutor$5.run(SingleThreadEventExecutor.java:897)
	at org.apache.ratis.thirdparty.io.netty.util.concurrent.FastThreadLocalRunnable.run(FastThreadLocalRunnable.java:30)
	... 1 more
Caused by: java.net.ConnectException: Connection refused
	... 11 more
2019-10-06 15:46:06,618 [b6d847a4-7247-447a-b4f4-a3074f294230@group-D5C2317BD565-LeaderElection73] INFO  impl.RaftServerImpl (RaftServerImpl.java:setRole(170)) - b6d847a4-7247-447a-b4f4-a3074f294230@group-D5C2317BD565: changes role from CANDIDATE to FOLLOWER at term 3 for DISCOVERED_A_NEW_TERM
2019-10-06 15:46:06,618 [b6d847a4-7247-447a-b4f4-a3074f294230@group-D5C2317BD565-LeaderElection73] INFO  impl.RoleInfo (RoleInfo.java:shutdownLeaderElection(134)) - b6d847a4-7247-447a-b4f4-a3074f294230: shutdown LeaderElection
2019-10-06 15:46:06,618 [b6d847a4-7247-447a-b4f4-a3074f294230@group-D5C2317BD565-LeaderElection73] INFO  impl.RoleInfo (RoleInfo.java:updateAndGet(143)) - b6d847a4-7247-447a-b4f4-a3074f294230: start FollowerState
2019-10-06 15:46:06,837 [EventQueue-StaleNodeForStaleNodeHandler] INFO  node.StaleNodeHandler (StaleNodeHandler.java:onMessage(58)) - Datanode 090b6ce4-537e-4258-b6c0-061514e97930{ip: 192.168.30.23, host: ozone-build-dev-nffdx-465010684, networkLocation: /default-rack, certSerialId: null} moved to stale state. Finalizing its pipelines [PipelineID=e563def0-27a2-4a5c-bd98-5a73b10b42ee, PipelineID=88f42939-3d1d-466e-9cfe-de5693e2d11c]
2019-10-06 15:46:06,840 [EventQueue-StaleNodeForStaleNodeHandler] INFO  pipeline.SCMPipelineManager (SCMPipelineManager.java:finalizeAndDestroyPipeline(315)) - destroying pipeline:Pipeline[ Id: e563def0-27a2-4a5c-bd98-5a73b10b42ee, Nodes: 090b6ce4-537e-4258-b6c0-061514e97930{ip: 192.168.30.23, host: ozone-build-dev-nffdx-465010684, networkLocation: /default-rack, certSerialId: null}, Type:RATIS, Factor:ONE, State:OPEN]
2019-10-06 15:46:06,841 [EventQueue-StaleNodeForStaleNodeHandler] INFO  pipeline.PipelineStateManager (PipelineStateManager.java:finalizePipeline(123)) - Pipeline Pipeline[ Id: e563def0-27a2-4a5c-bd98-5a73b10b42ee, Nodes: 090b6ce4-537e-4258-b6c0-061514e97930{ip: 192.168.30.23, host: ozone-build-dev-nffdx-465010684, networkLocation: /default-rack, certSerialId: null}, Type:RATIS, Factor:ONE, State:CLOSED] moved to CLOSED state
2019-10-06 15:46:06,841 [EventQueue-StaleNodeForStaleNodeHandler] INFO  pipeline.SCMPipelineManager (SCMPipelineManager.java:finalizeAndDestroyPipeline(315)) - destroying pipeline:Pipeline[ Id: 88f42939-3d1d-466e-9cfe-de5693e2d11c, Nodes: 9559ebce-e970-4829-920d-71f68b96de83{ip: 192.168.30.23, host: ozone-build-dev-nffdx-465010684, networkLocation: /default-rack, certSerialId: null}090b6ce4-537e-4258-b6c0-061514e97930{ip: 192.168.30.23, host: ozone-build-dev-nffdx-465010684, networkLocation: /default-rack, certSerialId: null}ecbb6327-9019-4ac7-95c5-d60822a3bb37{ip: 192.168.30.23, host: ozone-build-dev-nffdx-465010684, networkLocation: /default-rack, certSerialId: null}, Type:RATIS, Factor:THREE, State:CLOSED]
2019-10-06 15:46:07,131 [main] INFO  ozoneimpl.OzoneContainer (OzoneContainer.java:stop(231)) - Attempting to stop container services.
2019-10-06 15:46:07,132 [main] INFO  impl.RaftServerProxy (RaftServerProxy.java:lambda$close$4(314)) - b6d847a4-7247-447a-b4f4-a3074f294230: close
2019-10-06 15:46:07,133 [main] INFO  impl.RaftServerImpl (RaftServerImpl.java:lambda$shutdown$3(247)) - b6d847a4-7247-447a-b4f4-a3074f294230@group-8085E8DFFFE7: shutdown
2019-10-06 15:46:07,133 [main] INFO  util.JmxRegister (JmxRegister.java:unregister(73)) - Successfully un-registered JMX Bean with object name Ratis:service=RaftServer,group=group-8085E8DFFFE7,id=b6d847a4-7247-447a-b4f4-a3074f294230
2019-10-06 15:46:07,134 [main] INFO  impl.RoleInfo (RoleInfo.java:shutdownLeaderState(104)) - b6d847a4-7247-447a-b4f4-a3074f294230: shutdown LeaderState
2019-10-06 15:46:07,135 [main] INFO  impl.PendingRequests (PendingRequests.java:sendNotLeaderResponses(202)) - b6d847a4-7247-447a-b4f4-a3074f294230@group-8085E8DFFFE7-PendingRequests: sendNotLeaderResponses
2019-10-06 15:46:07,135 [main] INFO  impl.StateMachineUpdater (StateMachineUpdater.java:stopAndJoin(136)) - b6d847a4-7247-447a-b4f4-a3074f294230@group-8085E8DFFFE7-StateMachineUpdater: set stopIndex = 0
2019-10-06 15:46:07,136 [main] INFO  impl.RaftServerImpl (ServerState.java:close(387)) - b6d847a4-7247-447a-b4f4-a3074f294230@group-8085E8DFFFE7: closes. applyIndex: 0
2019-10-06 15:46:07,137 [b6d847a4-7247-447a-b4f4-a3074f294230@group-8085E8DFFFE7-SegmentedRaftLogWorker] INFO  segmented.SegmentedRaftLogWorker (SegmentedRaftLogWorker.java:run(316)) - b6d847a4-7247-447a-b4f4-a3074f294230@group-8085E8DFFFE7-SegmentedRaftLogWorker was interrupted, exiting. There are 0 tasks remaining in the queue.
2019-10-06 15:46:07,139 [EventQueue-StaleNodeForStaleNodeHandler] INFO  node.StaleNodeHandler (StaleNodeHandler.java:onMessage(58)) - Datanode b6d847a4-7247-447a-b4f4-a3074f294230{ip: 192.168.30.23, host: ozone-build-dev-nffdx-465010684, networkLocation: /default-rack, certSerialId: null} moved to stale state. Finalizing its pipelines [PipelineID=48e8fb31-532e-40e0-b2fe-8085e8dfffe7, PipelineID=5b1483af-8b1e-4746-ad14-d5c2317bd565]
2019-10-06 15:46:07,141 [main] INFO  segmented.SegmentedRaftLogWorker (SegmentedRaftLogWorker.java:close(224)) - b6d847a4-7247-447a-b4f4-a3074f294230@group-8085E8DFFFE7-SegmentedRaftLogWorker close()
2019-10-06 15:46:07,141 [EventQueue-StaleNodeForStaleNodeHandler] INFO  pipeline.SCMPipelineManager (SCMPipelineManager.java:finalizeAndDestroyPipeline(315)) - destroying pipeline:Pipeline[ Id: 48e8fb31-532e-40e0-b2fe-8085e8dfffe7, Nodes: b6d847a4-7247-447a-b4f4-a3074f294230{ip: 192.168.30.23, host: ozone-build-dev-nffdx-465010684, networkLocation: /default-rack, certSerialId: null}, Type:RATIS, Factor:ONE, State:OPEN]
2019-10-06 15:46:07,144 [main] INFO  impl.RaftServerImpl (RaftServerImpl.java:lambda$shutdown$3(247)) - b6d847a4-7247-447a-b4f4-a3074f294230@group-D5C2317BD565: shutdown
2019-10-06 15:46:07,144 [EventQueue-StaleNodeForStaleNodeHandler] INFO  pipeline.PipelineStateManager (PipelineStateManager.java:finalizePipeline(123)) - Pipeline Pipeline[ Id: 48e8fb31-532e-40e0-b2fe-8085e8dfffe7, Nodes: b6d847a4-7247-447a-b4f4-a3074f294230{ip: 192.168.30.23, host: ozone-build-dev-nffdx-465010684, networkLocation: /default-rack, certSerialId: null}, Type:RATIS, Factor:ONE, State:CLOSED] moved to CLOSED state
2019-10-06 15:46:07,145 [main] INFO  util.JmxRegister (JmxRegister.java:unregister(73)) - Successfully un-registered JMX Bean with object name Ratis:service=RaftServer,group=group-D5C2317BD565,id=b6d847a4-7247-447a-b4f4-a3074f294230
2019-10-06 15:46:07,145 [main] INFO  impl.RoleInfo (RoleInfo.java:shutdownFollowerState(121)) - b6d847a4-7247-447a-b4f4-a3074f294230: shutdown FollowerState
2019-10-06 15:46:07,145 [EventQueue-StaleNodeForStaleNodeHandler] INFO  pipeline.SCMPipelineManager (SCMPipelineManager.java:finalizeAndDestroyPipeline(315)) - destroying pipeline:Pipeline[ Id: 5b1483af-8b1e-4746-ad14-d5c2317bd565, Nodes: 5727e973-ff17-48d6-b89a-ebfb40a52011{ip: 192.168.30.23, host: ozone-build-dev-nffdx-465010684, networkLocation: /default-rack, certSerialId: null}56c5c699-cd8e-4783-81cf-b77b98cbb0bb{ip: 192.168.30.23, host: ozone-build-dev-nffdx-465010684, networkLocation: /default-rack, certSerialId: null}b6d847a4-7247-447a-b4f4-a3074f294230{ip: 192.168.30.23, host: ozone-build-dev-nffdx-465010684, networkLocation: /default-rack, certSerialId: null}, Type:RATIS, Factor:THREE, State:CLOSED]
2019-10-06 15:46:07,146 [main] INFO  impl.StateMachineUpdater (StateMachineUpdater.java:stopAndJoin(136)) - b6d847a4-7247-447a-b4f4-a3074f294230@group-D5C2317BD565-StateMachineUpdater: set stopIndex = 18
2019-10-06 15:46:07,146 [b6d847a4-7247-447a-b4f4-a3074f294230@group-D5C2317BD565-StateMachineUpdater] INFO  ratis.ContainerStateMachine (ContainerStateMachine.java:takeSnapshot(293)) - group-D5C2317BD565: Taking a snapshot at:(t:1, i:14) file /workdir/hadoop-ozone/integration-test/target/test-dir/MiniOzoneClusterImpl-71e09d98-8980-4f11-ada0-d4d272c3dff4/datanode-6/data/ratis/5b1483af-8b1e-4746-ad14-d5c2317bd565/sm/snapshot.1_14
2019-10-06 15:46:07,146 [Thread-3314] INFO  impl.FollowerState (FollowerState.java:run(117)) - b6d847a4-7247-447a-b4f4-a3074f294230@group-D5C2317BD565-FollowerState was interrupted: java.lang.InterruptedException: sleep interrupted
2019-10-06 15:46:07,164 [b6d847a4-7247-447a-b4f4-a3074f294230@group-D5C2317BD565-StateMachineUpdater] INFO  ratis.ContainerStateMachine (ContainerStateMachine.java:takeSnapshot(304)) - group-D5C2317BD565: Finished taking a snapshot at:(t:1, i:14) file:/workdir/hadoop-ozone/integration-test/target/test-dir/MiniOzoneClusterImpl-71e09d98-8980-4f11-ada0-d4d272c3dff4/datanode-6/data/ratis/5b1483af-8b1e-4746-ad14-d5c2317bd565/sm/snapshot.1_14 time:18
2019-10-06 15:46:07,164 [b6d847a4-7247-447a-b4f4-a3074f294230@group-D5C2317BD565-StateMachineUpdater] INFO  impl.StateMachineUpdater (StateMachineUpdater.java:takeSnapshot(269)) - b6d847a4-7247-447a-b4f4-a3074f294230@group-D5C2317BD565-StateMachineUpdater: Took a snapshot at index 14
2019-10-06 15:46:07,165 [b6d847a4-7247-447a-b4f4-a3074f294230@group-D5C2317BD565-StateMachineUpdater] INFO  impl.StateMachineUpdater (StateMachineUpdater.java:lambda$new$0(84)) - b6d847a4-7247-447a-b4f4-a3074f294230@group-D5C2317BD565-StateMachineUpdater: snapshotIndex: updateIncreasingly -1 -> 14
2019-10-06 15:46:07,165 [ForkJoinPool.commonPool-worker-0] INFO  ozoneimpl.OzoneContainer (OzoneContainer.java:stop(231)) - Attempting to stop container services.
2019-10-06 15:46:07,165 [b6d847a4-7247-447a-b4f4-a3074f294230@group-D5C2317BD565-StateMachineUpdater] INFO  ratis.ContainerStateMachine (ContainerStateMachine.java:takeSnapshot(293)) - group-D5C2317BD565: Taking a snapshot at:(t:1, i:14) file /workdir/hadoop-ozone/integration-test/target/test-dir/MiniOzoneClusterImpl-71e09d98-8980-4f11-ada0-d4d272c3dff4/datanode-6/data/ratis/5b1483af-8b1e-4746-ad14-d5c2317bd565/sm/snapshot.1_14
2019-10-06 15:46:07,165 [ForkJoinPool.commonPool-worker-0] INFO  impl.RaftServerProxy (RaftServerProxy.java:lambda$close$4(314)) - 090b6ce4-537e-4258-b6c0-061514e97930: close
2019-10-06 15:46:07,166 [ForkJoinPool.commonPool-worker-0] INFO  impl.RaftServerImpl (RaftServerImpl.java:lambda$shutdown$3(247)) - 090b6ce4-537e-4258-b6c0-061514e97930@group-5A73B10B42EE: shutdown
2019-10-06 15:46:07,166 [ForkJoinPool.commonPool-worker-0] INFO  util.JmxRegister (JmxRegister.java:unregister(73)) - Successfully un-registered JMX Bean with object name Ratis:service=RaftServer,group=group-5A73B10B42EE,id=090b6ce4-537e-4258-b6c0-061514e97930
2019-10-06 15:46:07,166 [ForkJoinPool.commonPool-worker-0] INFO  impl.RoleInfo (RoleInfo.java:shutdownLeaderState(104)) - 090b6ce4-537e-4258-b6c0-061514e97930: shutdown LeaderState
2019-10-06 15:46:07,166 [ForkJoinPool.commonPool-worker-0] INFO  impl.PendingRequests (PendingRequests.java:sendNotLeaderResponses(202)) - 090b6ce4-537e-4258-b6c0-061514e97930@group-5A73B10B42EE-PendingRequests: sendNotLeaderResponses
2019-10-06 15:46:07,167 [ForkJoinPool.commonPool-worker-0] INFO  impl.StateMachineUpdater (StateMachineUpdater.java:stopAndJoin(136)) - 090b6ce4-537e-4258-b6c0-061514e97930@group-5A73B10B42EE-StateMachineUpdater: set stopIndex = 0
2019-10-06 15:46:07,167 [ForkJoinPool.commonPool-worker-0] INFO  impl.RaftServerImpl (ServerState.java:close(387)) - 090b6ce4-537e-4258-b6c0-061514e97930@group-5A73B10B42EE: closes. applyIndex: 0
2019-10-06 15:46:07,167 [090b6ce4-537e-4258-b6c0-061514e97930@group-5A73B10B42EE-SegmentedRaftLogWorker] INFO  segmented.SegmentedRaftLogWorker (SegmentedRaftLogWorker.java:run(316)) - 090b6ce4-537e-4258-b6c0-061514e97930@group-5A73B10B42EE-SegmentedRaftLogWorker was interrupted, exiting. There are 0 tasks remaining in the queue.
2019-10-06 15:46:07,169 [ForkJoinPool.commonPool-worker-0] INFO  segmented.SegmentedRaftLogWorker (SegmentedRaftLogWorker.java:close(224)) - 090b6ce4-537e-4258-b6c0-061514e97930@group-5A73B10B42EE-SegmentedRaftLogWorker close()
2019-10-06 15:46:07,173 [ForkJoinPool.commonPool-worker-0] INFO  impl.RaftServerImpl (RaftServerImpl.java:lambda$shutdown$3(247)) - 090b6ce4-537e-4258-b6c0-061514e97930@group-DE5693E2D11C: shutdown
2019-10-06 15:46:07,173 [ForkJoinPool.commonPool-worker-0] INFO  util.JmxRegister (JmxRegister.java:unregister(73)) - Successfully un-registered JMX Bean with object name Ratis:service=RaftServer,group=group-DE5693E2D11C,id=090b6ce4-537e-4258-b6c0-061514e97930
2019-10-06 15:46:07,174 [ForkJoinPool.commonPool-worker-0] INFO  impl.RoleInfo (RoleInfo.java:shutdownFollowerState(121)) - 090b6ce4-537e-4258-b6c0-061514e97930: shutdown FollowerState
2019-10-06 15:46:07,174 [ForkJoinPool.commonPool-worker-0] INFO  impl.StateMachineUpdater (StateMachineUpdater.java:stopAndJoin(136)) - 090b6ce4-537e-4258-b6c0-061514e97930@group-DE5693E2D11C-StateMachineUpdater: set stopIndex = 13
2019-10-06 15:46:07,174 [Thread-3310] INFO  impl.FollowerState (FollowerState.java:run(117)) - 090b6ce4-537e-4258-b6c0-061514e97930@group-DE5693E2D11C-FollowerState was interrupted: java.lang.InterruptedException: sleep interrupted
2019-10-06 15:46:07,174 [090b6ce4-537e-4258-b6c0-061514e97930@group-DE5693E2D11C-StateMachineUpdater] INFO  ratis.ContainerStateMachine (ContainerStateMachine.java:takeSnapshot(293)) - group-DE5693E2D11C: Taking a snapshot at:(t:2, i:11) file /workdir/hadoop-ozone/integration-test/target/test-dir/MiniOzoneClusterImpl-71e09d98-8980-4f11-ada0-d4d272c3dff4/datanode-0/data/ratis/88f42939-3d1d-466e-9cfe-de5693e2d11c/sm/snapshot.2_11
2019-10-06 15:46:07,178 [090b6ce4-537e-4258-b6c0-061514e97930@group-DE5693E2D11C-StateMachineUpdater] INFO  ratis.ContainerStateMachine (ContainerStateMachine.java:takeSnapshot(304)) - group-DE5693E2D11C: Finished taking a snapshot at:(t:2, i:11) file:/workdir/hadoop-ozone/integration-test/target/test-dir/MiniOzoneClusterImpl-71e09d98-8980-4f11-ada0-d4d272c3dff4/datanode-0/data/ratis/88f42939-3d1d-466e-9cfe-de5693e2d11c/sm/snapshot.2_11 time:4
2019-10-06 15:46:07,178 [b6d847a4-7247-447a-b4f4-a3074f294230@group-D5C2317BD565-StateMachineUpdater] INFO  ratis.ContainerStateMachine (ContainerStateMachine.java:takeSnapshot(304)) - group-D5C2317BD565: Finished taking a snapshot at:(t:1, i:14) file:/workdir/hadoop-ozone/integration-test/target/test-dir/MiniOzoneClusterImpl-71e09d98-8980-4f11-ada0-d4d272c3dff4/datanode-6/data/ratis/5b1483af-8b1e-4746-ad14-d5c2317bd565/sm/snapshot.1_14 time:13
2019-10-06 15:46:07,179 [090b6ce4-537e-4258-b6c0-061514e97930@group-DE5693E2D11C-StateMachineUpdater] INFO  impl.StateMachineUpdater (StateMachineUpdater.java:takeSnapshot(269)) - 090b6ce4-537e-4258-b6c0-061514e97930@group-DE5693E2D11C-StateMachineUpdater: Took a snapshot at index 11
2019-10-06 15:46:07,179 [090b6ce4-537e-4258-b6c0-061514e97930@group-DE5693E2D11C-StateMachineUpdater] INFO  impl.StateMachineUpdater (StateMachineUpdater.java:lambda$new$0(84)) - 090b6ce4-537e-4258-b6c0-061514e97930@group-DE5693E2D11C-StateMachineUpdater: snapshotIndex: updateIncreasingly -1 -> 11
2019-10-06 15:46:07,179 [b6d847a4-7247-447a-b4f4-a3074f294230@group-D5C2317BD565-StateMachineUpdater] INFO  impl.StateMachineUpdater (StateMachineUpdater.java:takeSnapshot(269)) - b6d847a4-7247-447a-b4f4-a3074f294230@group-D5C2317BD565-StateMachineUpdater: Took a snapshot at index 14
2019-10-06 15:46:07,179 [090b6ce4-537e-4258-b6c0-061514e97930@group-DE5693E2D11C-StateMachineUpdater] INFO  ratis.ContainerStateMachine (ContainerStateMachine.java:takeSnapshot(293)) - group-DE5693E2D11C: Taking a snapshot at:(t:2, i:11) file /workdir/hadoop-ozone/integration-test/target/test-dir/MiniOzoneClusterImpl-71e09d98-8980-4f11-ada0-d4d272c3dff4/datanode-0/data/ratis/88f42939-3d1d-466e-9cfe-de5693e2d11c/sm/snapshot.2_11
2019-10-06 15:46:07,179 [b6d847a4-7247-447a-b4f4-a3074f294230@group-D5C2317BD565-StateMachineUpdater] INFO  impl.StateMachineUpdater (StateMachineUpdater.java:lambda$new$0(84)) - b6d847a4-7247-447a-b4f4-a3074f294230@group-D5C2317BD565-StateMachineUpdater: snapshotIndex: updateIncreasingly 14 -> 14
2019-10-06 15:46:07,179 [main] INFO  impl.RaftServerImpl (ServerState.java:close(387)) - b6d847a4-7247-447a-b4f4-a3074f294230@group-D5C2317BD565: closes. applyIndex: 18
2019-10-06 15:46:07,180 [b6d847a4-7247-447a-b4f4-a3074f294230@group-D5C2317BD565-SegmentedRaftLogWorker] INFO  segmented.SegmentedRaftLogWorker (SegmentedRaftLogWorker.java:run(316)) - b6d847a4-7247-447a-b4f4-a3074f294230@group-D5C2317BD565-SegmentedRaftLogWorker was interrupted, exiting. There are 0 tasks remaining in the queue.
2019-10-06 15:46:07,181 [main] INFO  segmented.SegmentedRaftLogWorker (SegmentedRaftLogWorker.java:close(224)) - b6d847a4-7247-447a-b4f4-a3074f294230@group-D5C2317BD565-SegmentedRaftLogWorker close()
2019-10-06 15:46:07,192 [090b6ce4-537e-4258-b6c0-061514e97930@group-DE5693E2D11C-StateMachineUpdater] INFO  ratis.ContainerStateMachine (ContainerStateMachine.java:takeSnapshot(304)) - group-DE5693E2D11C: Finished taking a snapshot at:(t:2, i:11) file:/workdir/hadoop-ozone/integration-test/target/test-dir/MiniOzoneClusterImpl-71e09d98-8980-4f11-ada0-d4d272c3dff4/datanode-0/data/ratis/88f42939-3d1d-466e-9cfe-de5693e2d11c/sm/snapshot.2_11 time:13
2019-10-06 15:46:07,193 [main] INFO  server.GrpcService (GrpcService.java:closeImpl(164)) - b6d847a4-7247-447a-b4f4-a3074f294230: shutdown server with port 37755 now
2019-10-06 15:46:07,193 [090b6ce4-537e-4258-b6c0-061514e97930@group-DE5693E2D11C-StateMachineUpdater] INFO  impl.StateMachineUpdater (StateMachineUpdater.java:takeSnapshot(269)) - 090b6ce4-537e-4258-b6c0-061514e97930@group-DE5693E2D11C-StateMachineUpdater: Took a snapshot at index 11
2019-10-06 15:46:07,194 [090b6ce4-537e-4258-b6c0-061514e97930@group-DE5693E2D11C-StateMachineUpdater] INFO  impl.StateMachineUpdater (StateMachineUpdater.java:lambda$new$0(84)) - 090b6ce4-537e-4258-b6c0-061514e97930@group-DE5693E2D11C-StateMachineUpdater: snapshotIndex: updateIncreasingly 11 -> 11
2019-10-06 15:46:07,194 [ForkJoinPool.commonPool-worker-0] INFO  impl.RaftServerImpl (ServerState.java:close(387)) - 090b6ce4-537e-4258-b6c0-061514e97930@group-DE5693E2D11C: closes. applyIndex: 13
2019-10-06 15:46:07,194 [main] INFO  server.GrpcService (GrpcService.java:closeImpl(172)) - b6d847a4-7247-447a-b4f4-a3074f294230: shutdown server with port 37755 successfully
2019-10-06 15:46:07,194 [090b6ce4-537e-4258-b6c0-061514e97930@group-DE5693E2D11C-SegmentedRaftLogWorker] INFO  segmented.SegmentedRaftLogWorker (SegmentedRaftLogWorker.java:run(316)) - 090b6ce4-537e-4258-b6c0-061514e97930@group-DE5693E2D11C-SegmentedRaftLogWorker was interrupted, exiting. There are 0 tasks remaining in the queue.
2019-10-06 15:46:07,195 [ForkJoinPool.commonPool-worker-0] INFO  segmented.SegmentedRaftLogWorker (SegmentedRaftLogWorker.java:close(224)) - 090b6ce4-537e-4258-b6c0-061514e97930@group-DE5693E2D11C-SegmentedRaftLogWorker close()
2019-10-06 15:46:07,197 [ForkJoinPool.commonPool-worker-0] INFO  server.GrpcService (GrpcService.java:closeImpl(164)) - 090b6ce4-537e-4258-b6c0-061514e97930: shutdown server with port 38838 now
2019-10-06 15:46:07,197 [ForkJoinPool.commonPool-worker-0] INFO  server.GrpcService (GrpcService.java:closeImpl(172)) - 090b6ce4-537e-4258-b6c0-061514e97930: shutdown server with port 38838 successfully
2019-10-06 15:46:07,200 [refreshUsed-/workdir/hadoop-ozone/integration-test/target/test-dir/MiniOzoneClusterImpl-71e09d98-8980-4f11-ada0-d4d272c3dff4/datanode-6/data/containers] WARN  fs.CachingGetSpaceUsed (CachingGetSpaceUsed.java:run(183)) - Thread Interrupted waiting to refresh disk information: sleep interrupted
2019-10-06 15:46:07,202 [refreshUsed-/workdir/hadoop-ozone/integration-test/target/test-dir/MiniOzoneClusterImpl-71e09d98-8980-4f11-ada0-d4d272c3dff4/datanode-0/data/containers] WARN  fs.CachingGetSpaceUsed (CachingGetSpaceUsed.java:run(183)) - Thread Interrupted waiting to refresh disk information: sleep interrupted
2019-10-06 15:46:07,224 [main] INFO  utils.BackgroundService (BackgroundService.java:shutdown(148)) - Shutting down service BlockDeletingService
2019-10-06 15:46:07,224 [ForkJoinPool.commonPool-worker-0] INFO  utils.BackgroundService (BackgroundService.java:shutdown(148)) - Shutting down service BlockDeletingService
2019-10-06 15:46:07,229 [main] INFO  statemachine.DatanodeStateMachine (DatanodeStateMachine.java:stopDaemon(395)) - Ozone container server stopped.
2019-10-06 15:46:07,230 [ForkJoinPool.commonPool-worker-0] INFO  statemachine.DatanodeStateMachine (DatanodeStateMachine.java:stopDaemon(395)) - Ozone container server stopped.
2019-10-06 15:46:07,234 [main] INFO  handler.ContextHandler (ContextHandler.java:doStop(910)) - Stopped o.e.j.w.WebAppContext@77896335{/,null,UNAVAILABLE}{/hddsDatanode}
2019-10-06 15:46:07,235 [ForkJoinPool.commonPool-worker-0] INFO  handler.ContextHandler (ContextHandler.java:doStop(910)) - Stopped o.e.j.w.WebAppContext@6885ed19{/,null,UNAVAILABLE}{/hddsDatanode}
2019-10-06 15:46:07,237 [main] INFO  server.AbstractConnector (AbstractConnector.java:doStop(318)) - Stopped ServerConnector@5c1b89ac{HTTP/1.1,[http/1.1]}{0.0.0.0:0}
2019-10-06 15:46:07,237 [ForkJoinPool.commonPool-worker-0] INFO  server.AbstractConnector (AbstractConnector.java:doStop(318)) - Stopped ServerConnector@10817f46{HTTP/1.1,[http/1.1]}{0.0.0.0:0}
2019-10-06 15:46:07,237 [main] INFO  handler.ContextHandler (ContextHandler.java:doStop(910)) - Stopped o.e.j.s.ServletContextHandler@3360283{/static,jar:file:/home/user/.m2/repository/org/apache/hadoop/hadoop-hdds-container-service/0.5.0-SNAPSHOT/hadoop-hdds-container-service-0.5.0-SNAPSHOT.jar!/webapps/static,UNAVAILABLE}
2019-10-06 15:46:07,241 [ForkJoinPool.commonPool-worker-0] INFO  handler.ContextHandler (ContextHandler.java:doStop(910)) - Stopped o.e.j.s.ServletContextHandler@7781263c{/static,jar:file:/home/user/.m2/repository/org/apache/hadoop/hadoop-hdds-container-service/0.5.0-SNAPSHOT/hadoop-hdds-container-service-0.5.0-SNAPSHOT.jar!/webapps/static,UNAVAILABLE}
2019-10-06 15:46:07,242 [main] INFO  handler.ContextHandler (ContextHandler.java:doStop(910)) - Stopped o.e.j.s.ServletContextHandler@27da994b{/logs,file:///workdir/hadoop-ozone/integration-test/target/log,UNAVAILABLE}
2019-10-06 15:46:07,242 [ForkJoinPool.commonPool-worker-0] INFO  handler.ContextHandler (ContextHandler.java:doStop(910)) - Stopped o.e.j.s.ServletContextHandler@5396eeb1{/logs,file:///workdir/hadoop-ozone/integration-test/target/log,UNAVAILABLE}
2019-10-06 15:46:07,243 [main] INFO  ozone.MiniOzoneClusterImpl (MiniOzoneClusterImpl.java:stopSCM(392)) - Stopping the StorageContainerManager
2019-10-06 15:46:07,244 [main] INFO  server.StorageContainerManager (StorageContainerManager.java:stop(808)) - Stopping Replication Manager Service.
2019-10-06 15:46:07,244 [main] INFO  container.ReplicationManager (ReplicationManager.java:stop(203)) - Stopping Replication Monitor Thread.
2019-10-06 15:46:07,244 [main] INFO  server.StorageContainerManager (StorageContainerManager.java:stop(815)) - Stopping Lease Manager of the command watchers
2019-10-06 15:46:07,244 [main] INFO  server.StorageContainerManager (StorageContainerManager.java:stop(822)) - Stopping datanode service RPC server
2019-10-06 15:46:07,244 [main] INFO  server.SCMDatanodeProtocolServer (SCMDatanodeProtocolServer.java:stop(346)) - Stopping the RPC server for DataNodes
2019-10-06 15:46:07,245 [main] INFO  ipc.Server (Server.java:stop(3082)) - Stopping server on 37259
2019-10-06 15:46:07,246 [IPC Server listener on 37259] INFO  ipc.Server (Server.java:run(1185)) - Stopping IPC Server listener on 37259
2019-10-06 15:46:07,247 [IPC Server Responder] INFO  ipc.Server (Server.java:run(1319)) - Stopping IPC Server Responder
2019-10-06 15:46:07,341 [SCM Heartbeat Processing Thread - 0] WARN  node.NodeStateManager (NodeStateManager.java:scheduleNextHealthCheck(646)) - Current Thread is interrupted, shutting down HB processing thread for Node Manager.
2019-10-06 15:46:07,342 [main] INFO  server.StorageContainerManager (StorageContainerManager.java:stop(830)) - Stopping block service RPC server
2019-10-06 15:46:07,342 [main] INFO  server.SCMBlockProtocolServer (SCMBlockProtocolServer.java:stop(155)) - Stopping the RPC server for Block Protocol
2019-10-06 15:46:07,342 [main] INFO  ipc.Server (Server.java:stop(3082)) - Stopping server on 38015
2019-10-06 15:46:07,344 [main] INFO  server.StorageContainerManager (StorageContainerManager.java:stop(837)) - Stopping the StorageContainerLocationProtocol RPC server
2019-10-06 15:46:07,344 [IPC Server listener on 38015] INFO  ipc.Server (Server.java:run(1185)) - Stopping IPC Server listener on 38015
2019-10-06 15:46:07,345 [IPC Server Responder] INFO  ipc.Server (Server.java:run(1319)) - Stopping IPC Server Responder
2019-10-06 15:46:07,345 [main] INFO  server.SCMClientProtocolServer (SCMClientProtocolServer.java:stop(168)) - Stopping the RPC server for Client Protocol
2019-10-06 15:46:07,346 [main] INFO  ipc.Server (Server.java:stop(3082)) - Stopping server on 37206
2019-10-06 15:46:07,348 [IPC Server listener on 37206] INFO  ipc.Server (Server.java:run(1185)) - Stopping IPC Server listener on 37206
2019-10-06 15:46:07,348 [main] INFO  server.StorageContainerManager (StorageContainerManager.java:stop(844)) - Stopping Storage Container Manager HTTP server.
2019-10-06 15:46:07,348 [IPC Server Responder] INFO  ipc.Server (Server.java:run(1319)) - Stopping IPC Server Responder
2019-10-06 15:46:07,350 [main] INFO  handler.ContextHandler (ContextHandler.java:doStop(910)) - Stopped o.e.j.w.WebAppContext@530ee28b{/,null,UNAVAILABLE}{/scm}
2019-10-06 15:46:07,351 [main] INFO  server.AbstractConnector (AbstractConnector.java:doStop(318)) - Stopped ServerConnector@3a3f96ab{HTTP/1.1,[http/1.1]}{0.0.0.0:0}
2019-10-06 15:46:07,351 [main] INFO  handler.ContextHandler (ContextHandler.java:doStop(910)) - Stopped o.e.j.s.ServletContextHandler@4270b142{/static,file:///workdir/hadoop-ozone/integration-test/target/test-classes/webapps/static,UNAVAILABLE}
2019-10-06 15:46:07,351 [main] INFO  handler.ContextHandler (ContextHandler.java:doStop(910)) - Stopped o.e.j.s.ServletContextHandler@63e5b8aa{/logs,file:///workdir/hadoop-ozone/integration-test/target/log,UNAVAILABLE}
2019-10-06 15:46:07,352 [main] INFO  server.StorageContainerManager (StorageContainerManager.java:stop(855)) - Stopping Block Manager Service.
2019-10-06 15:46:07,352 [main] INFO  utils.BackgroundService (BackgroundService.java:shutdown(148)) - Shutting down service SCMBlockDeletingService
2019-10-06 15:46:07,353 [main] INFO  utils.BackgroundService (BackgroundService.java:shutdown(148)) - Shutting down service SCMBlockDeletingService
2019-10-06 15:46:07,353 [main] INFO  server.StorageContainerManager (StorageContainerManager.java:stop(877)) - Stopping SCM Event Queue.
2019-10-06 15:46:07,357 [main] INFO  impl.MetricsSystemImpl (MetricsSystemImpl.java:stop(210)) - Stopping HddsDatanode metrics system...
2019-10-06 15:46:07,381 [main] INFO  impl.MetricsSystemImpl (MetricsSystemImpl.java:stop(216)) - HddsDatanode metrics system stopped.
]]></system-out>
  </testcase>
  <testcase name="testFailureWithPrimeSizedData" classname="org.apache.hadoop.ozone.client.rpc.TestBlockOutputStreamWithFailures" time="34.169"/>
  <testcase name="testWatchForCommitWithCloseContainerException" classname="org.apache.hadoop.ozone.client.rpc.TestBlockOutputStreamWithFailures" time="35.058"/>
  <testcase name="testExceptionDuringClose" classname="org.apache.hadoop.ozone.client.rpc.TestBlockOutputStreamWithFailures" time="33.932"/>
</testsuite>