<?xml version="1.0" encoding="UTF-8"?>
<testsuite xmlns:xsi="http://www.w3.org/2001/XMLSchema-instance" xsi:noNamespaceSchemaLocation="https://maven.apache.org/surefire/maven-surefire-plugin/xsd/surefire-test-report.xsd" name="org.apache.hadoop.ozone.client.rpc.TestWatchForCommit" time="222.324" tests="5" errors="1" skipped="0" failures="1">
  <properties>
    <property name="awt.toolkit" value="sun.awt.X11.XToolkit"/>
    <property name="file.encoding.pkg" value="sun.io"/>
    <property name="java.specification.version" value="1.8"/>
    <property name="sun.cpu.isalist" value=""/>
    <property name="sun.jnu.encoding" value="UTF-8"/>
    <property name="java.class.path" value="/workdir/hadoop-ozone/integration-test/target/test-classes:/workdir/hadoop-ozone/integration-test/target/classes:/home/user/.m2/repository/org/apache/hadoop/hadoop-ozone-common/0.5.0-SNAPSHOT/hadoop-ozone-common-0.5.0-SNAPSHOT.jar:/home/user/.m2/repository/org/apache/commons/commons-compress/1.4.1/commons-compress-1.4.1.jar:/home/user/.m2/repository/org/tukaani/xz/1.0/xz-1.0.jar:/home/user/.m2/repository/org/apache/hadoop/hadoop-common/3.2.0/hadoop-common-3.2.0.jar:/home/user/.m2/repository/org/apache/hadoop/hadoop-hdfs/3.2.0/hadoop-hdfs-3.2.0.jar:/home/user/.m2/repository/org/apache/hadoop/hadoop-hdfs-client/3.2.0/hadoop-hdfs-client-3.2.0.jar:/home/user/.m2/repository/com/fasterxml/jackson/core/jackson-annotations/2.9.9/jackson-annotations-2.9.9.jar:/home/user/.m2/repository/org/apache/hadoop/hadoop-hdds-common/0.5.0-SNAPSHOT/hadoop-hdds-common-0.5.0-SNAPSHOT.jar:/home/user/.m2/repository/javax/annotation/javax.annotation-api/1.2/javax.annotation-api-1.2.jar:/home/user/.m2/repository/org/apache/ratis/ratis-server/0.5.0-201fc85-SNAPSHOT/ratis-server-0.5.0-201fc85-SNAPSHOT.jar:/home/user/.m2/repository/org/apache/ratis/ratis-thirdparty-misc/0.2.0/ratis-thirdparty-misc-0.2.0.jar:/home/user/.m2/repository/org/apache/ratis/ratis-proto/0.5.0-201fc85-SNAPSHOT/ratis-proto-0.5.0-201fc85-SNAPSHOT.jar:/home/user/.m2/repository/org/apache/ratis/ratis-common/0.5.0-201fc85-SNAPSHOT/ratis-common-0.5.0-201fc85-SNAPSHOT.jar:/home/user/.m2/repository/org/apache/ratis/ratis-client/0.5.0-201fc85-SNAPSHOT/ratis-client-0.5.0-201fc85-SNAPSHOT.jar:/home/user/.m2/repository/org/apache/ratis/ratis-metrics/0.5.0-201fc85-SNAPSHOT/ratis-metrics-0.5.0-201fc85-SNAPSHOT.jar:/home/user/.m2/repository/com/github/joshelser/dropwizard-metrics-hadoop-metrics2-reporter/0.1.2/dropwizard-metrics-hadoop-metrics2-reporter-0.1.2.jar:/home/user/.m2/repository/io/dropwizard/metrics/metrics-jvm/3.2.5/metrics-jvm-3.2.5.jar:/home/user/.m2/repository/io/dropwizard/metrics/metrics-ganglia/3.2.5/metrics-ganglia-3.2.5.jar:/home/user/.m2/repository/info/ganglia/gmetric4j/gmetric4j/1.0.7/gmetric4j-1.0.7.jar:/home/user/.m2/repository/org/apache/ratis/ratis-netty/0.5.0-201fc85-SNAPSHOT/ratis-netty-0.5.0-201fc85-SNAPSHOT.jar:/home/user/.m2/repository/org/apache/ratis/ratis-grpc/0.5.0-201fc85-SNAPSHOT/ratis-grpc-0.5.0-201fc85-SNAPSHOT.jar:/home/user/.m2/repository/org/rocksdb/rocksdbjni/6.0.1/rocksdbjni-6.0.1.jar:/home/user/.m2/repository/org/apache/logging/log4j/log4j-api/2.11.0/log4j-api-2.11.0.jar:/home/user/.m2/repository/org/apache/logging/log4j/log4j-core/2.11.0/log4j-core-2.11.0.jar:/home/user/.m2/repository/com/lmax/disruptor/3.4.2/disruptor-3.4.2.jar:/home/user/.m2/repository/org/apache/commons/commons-pool2/2.6.0/commons-pool2-2.6.0.jar:/home/user/.m2/repository/org/bouncycastle/bcpkix-jdk15on/1.60/bcpkix-jdk15on-1.60.jar:/home/user/.m2/repository/commons-validator/commons-validator/1.6/commons-validator-1.6.jar:/home/user/.m2/repository/commons-digester/commons-digester/1.8.1/commons-digester-1.8.1.jar:/home/user/.m2/repository/io/jaegertracing/jaeger-client/0.34.0/jaeger-client-0.34.0.jar:/home/user/.m2/repository/io/jaegertracing/jaeger-thrift/0.34.0/jaeger-thrift-0.34.0.jar:/home/user/.m2/repository/org/apache/thrift/libthrift/0.12.0/libthrift-0.12.0.jar:/home/user/.m2/repository/com/squareup/okhttp3/okhttp/3.9.0/okhttp-3.9.0.jar:/home/user/.m2/repository/com/squareup/okio/okio/1.13.0/okio-1.13.0.jar:/home/user/.m2/repository/io/jaegertracing/jaeger-core/0.34.0/jaeger-core-0.34.0.jar:/home/user/.m2/repository/io/jaegertracing/jaeger-tracerresolver/0.34.0/jaeger-tracerresolver-0.34.0.jar:/home/user/.m2/repository/io/opentracing/contrib/opentracing-tracerresolver/0.1.5/opentracing-tracerresolver-0.1.5.jar:/home/user/.m2/repository/io/opentracing/opentracing-util/0.31.0/opentracing-util-0.31.0.jar:/home/user/.m2/repository/io/opentracing/opentracing-api/0.31.0/opentracing-api-0.31.0.jar:/home/user/.m2/repository/io/opentracing/opentracing-noop/0.31.0/opentracing-noop-0.31.0.jar:/home/user/.m2/repository/org/apache/hadoop/hadoop-hdds-server-framework/0.5.0-SNAPSHOT/hadoop-hdds-server-framework-0.5.0-SNAPSHOT.jar:/home/user/.m2/repository/org/apache/hadoop/hadoop-hdds-container-service/0.5.0-SNAPSHOT/hadoop-hdds-container-service-0.5.0-SNAPSHOT.jar:/home/user/.m2/repository/org/apache/hadoop/hadoop-hdds-client/0.5.0-SNAPSHOT/hadoop-hdds-client-0.5.0-SNAPSHOT.jar:/home/user/.m2/repository/org/apache/hadoop/hadoop-hdds-tools/0.5.0-SNAPSHOT/hadoop-hdds-tools-0.5.0-SNAPSHOT.jar:/home/user/.m2/repository/org/apache/hadoop/hadoop-hdds-server-scm/0.5.0-SNAPSHOT/hadoop-hdds-server-scm-0.5.0-SNAPSHOT.jar:/home/user/.m2/repository/org/apache/hadoop/hadoop-hdds-docs/0.5.0-SNAPSHOT/hadoop-hdds-docs-0.5.0-SNAPSHOT.jar:/home/user/.m2/repository/io/dropwizard/metrics/metrics-core/3.2.4/metrics-core-3.2.4.jar:/home/user/.m2/repository/org/hamcrest/hamcrest-all/1.3/hamcrest-all-1.3.jar:/home/user/.m2/repository/org/bouncycastle/bcprov-jdk15on/1.60/bcprov-jdk15on-1.60.jar:/home/user/.m2/repository/info/picocli/picocli/3.9.6/picocli-3.9.6.jar:/home/user/.m2/repository/com/google/protobuf/protobuf-java/2.5.0/protobuf-java-2.5.0.jar:/home/user/.m2/repository/com/google/guava/guava/11.0.2/guava-11.0.2.jar:/home/user/.m2/repository/org/apache/hadoop/hadoop-ozone-ozone-manager/0.5.0-SNAPSHOT/hadoop-ozone-ozone-manager-0.5.0-SNAPSHOT.jar:/home/user/.m2/repository/org/apache/hadoop/hadoop-minikdc/3.2.0/hadoop-minikdc-3.2.0.jar:/home/user/.m2/repository/commons-io/commons-io/2.5/commons-io-2.5.jar:/home/user/.m2/repository/org/apache/kerby/kerb-simplekdc/1.0.1/kerb-simplekdc-1.0.1.jar:/home/user/.m2/repository/org/apache/kerby/kerb-client/1.0.1/kerb-client-1.0.1.jar:/home/user/.m2/repository/org/apache/kerby/kerby-config/1.0.1/kerby-config-1.0.1.jar:/home/user/.m2/repository/org/apache/kerby/kerb-core/1.0.1/kerb-core-1.0.1.jar:/home/user/.m2/repository/org/apache/kerby/kerby-pkix/1.0.1/kerby-pkix-1.0.1.jar:/home/user/.m2/repository/org/apache/kerby/kerby-asn1/1.0.1/kerby-asn1-1.0.1.jar:/home/user/.m2/repository/org/apache/kerby/kerby-util/1.0.1/kerby-util-1.0.1.jar:/home/user/.m2/repository/org/apache/kerby/kerb-common/1.0.1/kerb-common-1.0.1.jar:/home/user/.m2/repository/org/apache/kerby/kerb-crypto/1.0.1/kerb-crypto-1.0.1.jar:/home/user/.m2/repository/org/apache/kerby/kerb-util/1.0.1/kerb-util-1.0.1.jar:/home/user/.m2/repository/org/apache/kerby/token-provider/1.0.1/token-provider-1.0.1.jar:/home/user/.m2/repository/org/apache/kerby/kerb-admin/1.0.1/kerb-admin-1.0.1.jar:/home/user/.m2/repository/org/apache/kerby/kerb-server/1.0.1/kerb-server-1.0.1.jar:/home/user/.m2/repository/org/apache/kerby/kerb-identity/1.0.1/kerb-identity-1.0.1.jar:/home/user/.m2/repository/org/apache/kerby/kerby-xdr/1.0.1/kerby-xdr-1.0.1.jar:/home/user/.m2/repository/org/slf4j/slf4j-log4j12/1.7.25/slf4j-log4j12-1.7.25.jar:/home/user/.m2/repository/org/apache/hadoop/hadoop-ozone-s3gateway/0.5.0-SNAPSHOT/hadoop-ozone-s3gateway-0.5.0-SNAPSHOT.jar:/home/user/.m2/repository/org/jboss/weld/servlet/weld-servlet/2.4.7.Final/weld-servlet-2.4.7.Final.jar:/home/user/.m2/repository/org/glassfish/jersey/containers/jersey-container-servlet-core/2.27/jersey-container-servlet-core-2.27.jar:/home/user/.m2/repository/org/glassfish/hk2/external/javax.inject/2.5.0-b42/javax.inject-2.5.0-b42.jar:/home/user/.m2/repository/org/glassfish/jersey/core/jersey-common/2.27/jersey-common-2.27.jar:/home/user/.m2/repository/org/glassfish/hk2/osgi-resource-locator/1.0.1/osgi-resource-locator-1.0.1.jar:/home/user/.m2/repository/javax/ws/rs/javax.ws.rs-api/2.1/javax.ws.rs-api-2.1.jar:/home/user/.m2/repository/org/glassfish/jersey/ext/cdi/jersey-cdi1x/2.27/jersey-cdi1x-2.27.jar:/home/user/.m2/repository/org/glassfish/jersey/inject/jersey-hk2/2.27/jersey-hk2-2.27.jar:/home/user/.m2/repository/org/glassfish/hk2/hk2-locator/2.5.0-b42/hk2-locator-2.5.0-b42.jar:/home/user/.m2/repository/org/javassist/javassist/3.22.0-CR2/javassist-3.22.0-CR2.jar:/home/user/.m2/repository/org/glassfish/hk2/hk2-api/2.5.0/hk2-api-2.5.0.jar:/home/user/.m2/repository/org/glassfish/hk2/external/jakarta.inject/2.5.0/jakarta.inject-2.5.0.jar:/home/user/.m2/repository/org/glassfish/hk2/hk2-utils/2.5.0/hk2-utils-2.5.0.jar:/home/user/.m2/repository/jakarta/annotation/jakarta.annotation-api/1.3.4/jakarta.annotation-api-1.3.4.jar:/home/user/.m2/repository/org/glassfish/hk2/external/aopalliance-repackaged/2.5.0/aopalliance-repackaged-2.5.0.jar:/home/user/.m2/repository/com/fasterxml/jackson/dataformat/jackson-dataformat-xml/2.9.0/jackson-dataformat-xml-2.9.0.jar:/home/user/.m2/repository/com/fasterxml/jackson/core/jackson-core/2.9.9/jackson-core-2.9.9.jar:/home/user/.m2/repository/com/fasterxml/jackson/module/jackson-module-jaxb-annotations/2.9.9/jackson-module-jaxb-annotations-2.9.9.jar:/home/user/.m2/repository/javax/enterprise/cdi-api/1.2/cdi-api-1.2.jar:/home/user/.m2/repository/javax/el/javax.el-api/3.0.0/javax.el-api-3.0.0.jar:/home/user/.m2/repository/javax/interceptor/javax.interceptor-api/1.2/javax.interceptor-api-1.2.jar:/home/user/.m2/repository/javax/inject/javax.inject/1/javax.inject-1.jar:/home/user/.m2/repository/com/sun/xml/bind/jaxb-impl/2.3.0.1/jaxb-impl-2.3.0.1.jar:/home/user/.m2/repository/com/sun/xml/bind/jaxb-core/2.3.0.1/jaxb-core-2.3.0.1.jar:/home/user/.m2/repository/javax/xml/bind/jaxb-api/2.3.0/jaxb-api-2.3.0.jar:/home/user/.m2/repository/javax/activation/activation/1.1.1/activation-1.1.1.jar:/home/user/.m2/repository/org/apache/hadoop/hadoop-ozone-csi/0.5.0-SNAPSHOT/hadoop-ozone-csi-0.5.0-SNAPSHOT.jar:/home/user/.m2/repository/com/google/protobuf/protobuf-java-util/3.5.1/protobuf-java-util-3.5.1.jar:/home/user/.m2/repository/org/apache/hadoop/hadoop-hdds-config/0.5.0-SNAPSHOT/hadoop-hdds-config-0.5.0-SNAPSHOT.jar:/home/user/.m2/repository/io/grpc/grpc-netty/1.17.1/grpc-netty-1.17.1.jar:/home/user/.m2/repository/io/grpc/grpc-core/1.17.1/grpc-core-1.17.1.jar:/home/user/.m2/repository/io/grpc/grpc-context/1.17.1/grpc-context-1.17.1.jar:/home/user/.m2/repository/com/google/errorprone/error_prone_annotations/2.2.0/error_prone_annotations-2.2.0.jar:/home/user/.m2/repository/org/codehaus/mojo/animal-sniffer-annotations/1.17/animal-sniffer-annotations-1.17.jar:/home/user/.m2/repository/io/opencensus/opencensus-api/0.17.0/opencensus-api-0.17.0.jar:/home/user/.m2/repository/io/opencensus/opencensus-contrib-grpc-metrics/0.17.0/opencensus-contrib-grpc-metrics-0.17.0.jar:/home/user/.m2/repository/io/netty/netty-codec-http2/4.1.30.Final/netty-codec-http2-4.1.30.Final.jar:/home/user/.m2/repository/io/netty/netty-codec-http/4.1.30.Final/netty-codec-http-4.1.30.Final.jar:/home/user/.m2/repository/io/netty/netty-codec/4.1.30.Final/netty-codec-4.1.30.Final.jar:/home/user/.m2/repository/io/netty/netty-handler/4.1.30.Final/netty-handler-4.1.30.Final.jar:/home/user/.m2/repository/io/netty/netty-handler-proxy/4.1.30.Final/netty-handler-proxy-4.1.30.Final.jar:/home/user/.m2/repository/io/netty/netty-codec-socks/4.1.30.Final/netty-codec-socks-4.1.30.Final.jar:/home/user/.m2/repository/io/netty/netty-transport-native-epoll/4.1.30.Final/netty-transport-native-epoll-4.1.30.Final.jar:/home/user/.m2/repository/io/netty/netty-common/4.1.30.Final/netty-common-4.1.30.Final.jar:/home/user/.m2/repository/io/netty/netty-buffer/4.1.30.Final/netty-buffer-4.1.30.Final.jar:/home/user/.m2/repository/io/netty/netty-transport/4.1.30.Final/netty-transport-4.1.30.Final.jar:/home/user/.m2/repository/io/netty/netty-resolver/4.1.30.Final/netty-resolver-4.1.30.Final.jar:/home/user/.m2/repository/io/netty/netty-transport-native-unix-common/4.1.30.Final/netty-transport-native-unix-common-4.1.30.Final.jar:/home/user/.m2/repository/io/grpc/grpc-protobuf/1.17.1/grpc-protobuf-1.17.1.jar:/home/user/.m2/repository/com/google/api/grpc/proto-google-common-protos/1.0.0/proto-google-common-protos-1.0.0.jar:/home/user/.m2/repository/io/grpc/grpc-protobuf-lite/1.17.1/grpc-protobuf-lite-1.17.1.jar:/home/user/.m2/repository/io/grpc/grpc-stub/1.17.1/grpc-stub-1.17.1.jar:/home/user/.m2/repository/org/apache/hadoop/hadoop-ozone-recon/0.5.0-SNAPSHOT/hadoop-ozone-recon-0.5.0-SNAPSHOT.jar:/home/user/.m2/repository/org/apache/hadoop/hadoop-ozone-reconcodegen/0.5.0-SNAPSHOT/hadoop-ozone-reconcodegen-0.5.0-SNAPSHOT.jar:/home/user/.m2/repository/com/google/inject/extensions/guice-multibindings/4.0/guice-multibindings-4.0.jar:/home/user/.m2/repository/com/google/inject/guice/4.0/guice-4.0.jar:/home/user/.m2/repository/aopalliance/aopalliance/1.0/aopalliance-1.0.jar:/home/user/.m2/repository/com/google/inject/extensions/guice-servlet/4.0/guice-servlet-4.0.jar:/home/user/.m2/repository/org/glassfish/jersey/containers/jersey-container-servlet/2.27/jersey-container-servlet-2.27.jar:/home/user/.m2/repository/org/glassfish/hk2/guice-bridge/2.5.0/guice-bridge-2.5.0.jar:/home/user/.m2/repository/org/glassfish/jersey/core/jersey-server/2.27/jersey-server-2.27.jar:/home/user/.m2/repository/org/glassfish/jersey/core/jersey-client/2.27/jersey-client-2.27.jar:/home/user/.m2/repository/org/glassfish/jersey/media/jersey-media-jaxb/2.27/jersey-media-jaxb-2.27.jar:/home/user/.m2/repository/javax/validation/validation-api/1.1.0.Final/validation-api-1.1.0.Final.jar:/home/user/.m2/repository/org/glassfish/jersey/media/jersey-media-json-jackson/2.27/jersey-media-json-jackson-2.27.jar:/home/user/.m2/repository/org/glassfish/jersey/ext/jersey-entity-filtering/2.27/jersey-entity-filtering-2.27.jar:/home/user/.m2/repository/com/google/inject/extensions/guice-assistedinject/4.0/guice-assistedinject-4.0.jar:/home/user/.m2/repository/org/jooq/jooq/3.11.10/jooq-3.11.10.jar:/home/user/.m2/repository/org/jooq/jooq-meta/3.11.10/jooq-meta-3.11.10.jar:/home/user/.m2/repository/org/jooq/jooq-codegen/3.11.10/jooq-codegen-3.11.10.jar:/home/user/.m2/repository/com/jolbox/bonecp/0.8.0.RELEASE/bonecp-0.8.0.RELEASE.jar:/home/user/.m2/repository/org/xerial/sqlite-jdbc/3.25.2/sqlite-jdbc-3.25.2.jar:/home/user/.m2/repository/org/springframework/spring-jdbc/5.1.3.RELEASE/spring-jdbc-5.1.3.RELEASE.jar:/home/user/.m2/repository/org/springframework/spring-beans/5.1.3.RELEASE/spring-beans-5.1.3.RELEASE.jar:/home/user/.m2/repository/org/springframework/spring-core/5.1.3.RELEASE/spring-core-5.1.3.RELEASE.jar:/home/user/.m2/repository/org/springframework/spring-jcl/5.1.3.RELEASE/spring-jcl-5.1.3.RELEASE.jar:/home/user/.m2/repository/org/springframework/spring-tx/5.1.3.RELEASE/spring-tx-5.1.3.RELEASE.jar:/home/user/.m2/repository/org/apache/hadoop/hadoop-ozone-client/0.5.0-SNAPSHOT/hadoop-ozone-client-0.5.0-SNAPSHOT.jar:/home/user/.m2/repository/commons-lang/commons-lang/2.6/commons-lang-2.6.jar:/home/user/.m2/repository/org/apache/hadoop/hadoop-ozone-ozone-manager/0.5.0-SNAPSHOT/hadoop-ozone-ozone-manager-0.5.0-SNAPSHOT-tests.jar:/home/user/.m2/repository/junit/junit/4.11/junit-4.11.jar:/home/user/.m2/repository/org/hamcrest/hamcrest-core/1.3/hamcrest-core-1.3.jar:/home/user/.m2/repository/org/openjdk/jmh/jmh-core/1.19/jmh-core-1.19.jar:/home/user/.m2/repository/net/sf/jopt-simple/jopt-simple/4.6/jopt-simple-4.6.jar:/home/user/.m2/repository/org/apache/commons/commons-math3/3.1.1/commons-math3-3.1.1.jar:/home/user/.m2/repository/org/openjdk/jmh/jmh-generator-annprocess/1.19/jmh-generator-annprocess-1.19.jar:/home/user/.m2/repository/org/mockito/mockito-all/1.8.5/mockito-all-1.8.5.jar:/home/user/.m2/repository/org/apache/hadoop/hadoop-kms/3.2.0/hadoop-kms-3.2.0.jar:/home/user/.m2/repository/org/apache/hadoop/hadoop-auth/3.2.0/hadoop-auth-3.2.0.jar:/home/user/.m2/repository/com/nimbusds/nimbus-jose-jwt/4.41.1/nimbus-jose-jwt-4.41.1.jar:/home/user/.m2/repository/com/github/stephenc/jcip/jcip-annotations/1.0-1/jcip-annotations-1.0-1.jar:/home/user/.m2/repository/net/minidev/json-smart/2.3/json-smart-2.3.jar:/home/user/.m2/repository/net/minidev/accessors-smart/1.2/accessors-smart-1.2.jar:/home/user/.m2/repository/org/ow2/asm/asm/5.0.4/asm-5.0.4.jar:/home/user/.m2/repository/org/apache/curator/curator-framework/2.12.0/curator-framework-2.12.0.jar:/home/user/.m2/repository/com/sun/jersey/jersey-core/1.19/jersey-core-1.19.jar:/home/user/.m2/repository/javax/ws/rs/jsr311-api/1.1.1/jsr311-api-1.1.1.jar:/home/user/.m2/repository/com/sun/jersey/jersey-server/1.19/jersey-server-1.19.jar:/home/user/.m2/repository/javax/servlet/javax.servlet-api/3.1.0/javax.servlet-api-3.1.0.jar:/home/user/.m2/repository/org/eclipse/jetty/jetty-server/9.3.25.v20180904/jetty-server-9.3.25.v20180904.jar:/home/user/.m2/repository/org/eclipse/jetty/jetty-http/9.3.25.v20180904/jetty-http-9.3.25.v20180904.jar:/home/user/.m2/repository/org/eclipse/jetty/jetty-io/9.3.25.v20180904/jetty-io-9.3.25.v20180904.jar:/home/user/.m2/repository/org/eclipse/jetty/jetty-webapp/9.3.25.v20180904/jetty-webapp-9.3.25.v20180904.jar:/home/user/.m2/repository/org/eclipse/jetty/jetty-xml/9.3.25.v20180904/jetty-xml-9.3.25.v20180904.jar:/home/user/.m2/repository/log4j/log4j/1.2.17/log4j-1.2.17.jar:/home/user/.m2/repository/org/slf4j/slf4j-api/1.7.25/slf4j-api-1.7.25.jar:/home/user/.m2/repository/org/slf4j/jul-to-slf4j/1.7.25/jul-to-slf4j-1.7.25.jar:/home/user/.m2/repository/org/eclipse/jetty/jetty-util/9.3.25.v20180904/jetty-util-9.3.25.v20180904.jar:/home/user/.m2/repository/com/fasterxml/jackson/core/jackson-databind/2.9.9/jackson-databind-2.9.9.jar:/home/user/.m2/repository/org/apache/hadoop/hadoop-kms/3.2.0/hadoop-kms-3.2.0-tests.jar:/home/user/.m2/repository/org/apache/hadoop/hadoop-hdds-server-scm/0.5.0-SNAPSHOT/hadoop-hdds-server-scm-0.5.0-SNAPSHOT-tests.jar:/home/user/.m2/repository/org/apache/hadoop/hadoop-hdds-container-service/0.5.0-SNAPSHOT/hadoop-hdds-container-service-0.5.0-SNAPSHOT-tests.jar:/home/user/.m2/repository/org/yaml/snakeyaml/1.16/snakeyaml-1.16.jar:/home/user/.m2/repository/org/apache/hadoop/hadoop-common/3.2.0/hadoop-common-3.2.0-tests.jar:/home/user/.m2/repository/org/apache/hadoop/hadoop-annotations/3.2.0/hadoop-annotations-3.2.0.jar:/usr/lib/jvm/java-1.8-openjdk/jre/../lib/tools.jar:/home/user/.m2/repository/commons-cli/commons-cli/1.2/commons-cli-1.2.jar:/home/user/.m2/repository/org/apache/httpcomponents/httpclient/4.5.2/httpclient-4.5.2.jar:/home/user/.m2/repository/org/apache/httpcomponents/httpcore/4.4.4/httpcore-4.4.4.jar:/home/user/.m2/repository/commons-codec/commons-codec/1.11/commons-codec-1.11.jar:/home/user/.m2/repository/commons-net/commons-net/3.6/commons-net-3.6.jar:/home/user/.m2/repository/commons-collections/commons-collections/3.2.2/commons-collections-3.2.2.jar:/home/user/.m2/repository/org/eclipse/jetty/jetty-servlet/9.3.25.v20180904/jetty-servlet-9.3.25.v20180904.jar:/home/user/.m2/repository/org/eclipse/jetty/jetty-security/9.3.25.v20180904/jetty-security-9.3.25.v20180904.jar:/home/user/.m2/repository/javax/servlet/jsp/jsp-api/2.1/jsp-api-2.1.jar:/home/user/.m2/repository/com/sun/jersey/jersey-servlet/1.19/jersey-servlet-1.19.jar:/home/user/.m2/repository/com/sun/jersey/jersey-json/1.19/jersey-json-1.19.jar:/home/user/.m2/repository/org/codehaus/jettison/jettison/1.1/jettison-1.1.jar:/home/user/.m2/repository/org/codehaus/jackson/jackson-core-asl/1.9.13/jackson-core-asl-1.9.13.jar:/home/user/.m2/repository/org/codehaus/jackson/jackson-mapper-asl/1.9.13/jackson-mapper-asl-1.9.13.jar:/home/user/.m2/repository/org/codehaus/jackson/jackson-jaxrs/1.9.13/jackson-jaxrs-1.9.13.jar:/home/user/.m2/repository/org/codehaus/jackson/jackson-xc/1.9.13/jackson-xc-1.9.13.jar:/home/user/.m2/repository/commons-logging/commons-logging/1.1.3/commons-logging-1.1.3.jar:/home/user/.m2/repository/commons-beanutils/commons-beanutils/1.9.4/commons-beanutils-1.9.4.jar:/home/user/.m2/repository/org/apache/commons/commons-configuration2/2.1.1/commons-configuration2-2.1.1.jar:/home/user/.m2/repository/org/apache/commons/commons-lang3/3.7/commons-lang3-3.7.jar:/home/user/.m2/repository/org/apache/commons/commons-text/1.4/commons-text-1.4.jar:/home/user/.m2/repository/org/apache/avro/avro/1.7.7/avro-1.7.7.jar:/home/user/.m2/repository/com/thoughtworks/paranamer/paranamer/2.3/paranamer-2.3.jar:/home/user/.m2/repository/org/xerial/snappy/snappy-java/1.0.5/snappy-java-1.0.5.jar:/home/user/.m2/repository/com/google/re2j/re2j/1.1/re2j-1.1.jar:/home/user/.m2/repository/com/google/code/gson/gson/2.2.4/gson-2.2.4.jar:/home/user/.m2/repository/com/jcraft/jsch/0.1.54/jsch-0.1.54.jar:/home/user/.m2/repository/org/apache/curator/curator-client/2.12.0/curator-client-2.12.0.jar:/home/user/.m2/repository/org/apache/curator/curator-recipes/2.12.0/curator-recipes-2.12.0.jar:/home/user/.m2/repository/com/google/code/findbugs/jsr305/3.0.0/jsr305-3.0.0.jar:/home/user/.m2/repository/org/apache/htrace/htrace-core4/4.1.0-incubating/htrace-core4-4.1.0-incubating.jar:/home/user/.m2/repository/org/apache/zookeeper/zookeeper/3.4.13/zookeeper-3.4.13.jar:/home/user/.m2/repository/jline/jline/0.9.94/jline-0.9.94.jar:/home/user/.m2/repository/org/apache/yetus/audience-annotations/0.5.0/audience-annotations-0.5.0.jar:/home/user/.m2/repository/org/codehaus/woodstox/stax2-api/3.1.4/stax2-api-3.1.4.jar:/home/user/.m2/repository/com/fasterxml/woodstox/woodstox-core/5.0.3/woodstox-core-5.0.3.jar:/home/user/.m2/repository/dnsjava/dnsjava/2.1.7/dnsjava-2.1.7.jar:/home/user/.m2/repository/org/apache/hadoop/hadoop-hdfs/3.2.0/hadoop-hdfs-3.2.0-tests.jar:/home/user/.m2/repository/org/eclipse/jetty/jetty-util-ajax/9.3.25.v20180904/jetty-util-ajax-9.3.25.v20180904.jar:/home/user/.m2/repository/commons-daemon/commons-daemon/1.0.13/commons-daemon-1.0.13.jar:/home/user/.m2/repository/io/netty/netty/3.10.5.Final/netty-3.10.5.Final.jar:/home/user/.m2/repository/io/netty/netty-all/4.0.52.Final/netty-all-4.0.52.Final.jar:/home/user/.m2/repository/org/fusesource/leveldbjni/leveldbjni-all/1.8/leveldbjni-all-1.8.jar:"/>
    <property name="java.vm.vendor" value="IcedTea"/>
    <property name="sun.arch.data.model" value="64"/>
    <property name="test.build.dir" value="/workdir/hadoop-ozone/integration-test/target/test-dir"/>
    <property name="test.cache.data" value=""/>
    <property name="java.vendor.url" value="https://icedtea.classpath.org"/>
    <property name="user.timezone" value=""/>
    <property name="java.vm.specification.version" value="1.8"/>
    <property name="os.name" value="Linux"/>
    <property name="test.build.data" value="/workdir/hadoop-ozone/integration-test/target/test-dir"/>
    <property name="user.country" value="US"/>
    <property name="sun.java.launcher" value="SUN_STANDARD"/>
    <property name="sun.boot.library.path" value="/usr/lib/jvm/java-1.8-openjdk/jre/lib/amd64"/>
    <property name="sun.java.command" value="/workdir/hadoop-ozone/integration-test/target/surefire/surefirebooter6250090516943341617.jar /workdir/hadoop-ozone/integration-test/target/surefire 2019-09-30T19-25-39_122-jvmRun1 surefire455971956679876613tmp surefire_548927317394272481367tmp"/>
    <property name="test" value="!TestMiniChaosOzoneCluster"/>
    <property name="surefire.test.class.path" value="/workdir/hadoop-ozone/integration-test/target/test-classes:/workdir/hadoop-ozone/integration-test/target/classes:/home/user/.m2/repository/org/apache/hadoop/hadoop-ozone-common/0.5.0-SNAPSHOT/hadoop-ozone-common-0.5.0-SNAPSHOT.jar:/home/user/.m2/repository/org/apache/commons/commons-compress/1.4.1/commons-compress-1.4.1.jar:/home/user/.m2/repository/org/tukaani/xz/1.0/xz-1.0.jar:/home/user/.m2/repository/org/apache/hadoop/hadoop-common/3.2.0/hadoop-common-3.2.0.jar:/home/user/.m2/repository/org/apache/hadoop/hadoop-hdfs/3.2.0/hadoop-hdfs-3.2.0.jar:/home/user/.m2/repository/org/apache/hadoop/hadoop-hdfs-client/3.2.0/hadoop-hdfs-client-3.2.0.jar:/home/user/.m2/repository/com/fasterxml/jackson/core/jackson-annotations/2.9.9/jackson-annotations-2.9.9.jar:/home/user/.m2/repository/org/apache/hadoop/hadoop-hdds-common/0.5.0-SNAPSHOT/hadoop-hdds-common-0.5.0-SNAPSHOT.jar:/home/user/.m2/repository/javax/annotation/javax.annotation-api/1.2/javax.annotation-api-1.2.jar:/home/user/.m2/repository/org/apache/ratis/ratis-server/0.5.0-201fc85-SNAPSHOT/ratis-server-0.5.0-201fc85-SNAPSHOT.jar:/home/user/.m2/repository/org/apache/ratis/ratis-thirdparty-misc/0.2.0/ratis-thirdparty-misc-0.2.0.jar:/home/user/.m2/repository/org/apache/ratis/ratis-proto/0.5.0-201fc85-SNAPSHOT/ratis-proto-0.5.0-201fc85-SNAPSHOT.jar:/home/user/.m2/repository/org/apache/ratis/ratis-common/0.5.0-201fc85-SNAPSHOT/ratis-common-0.5.0-201fc85-SNAPSHOT.jar:/home/user/.m2/repository/org/apache/ratis/ratis-client/0.5.0-201fc85-SNAPSHOT/ratis-client-0.5.0-201fc85-SNAPSHOT.jar:/home/user/.m2/repository/org/apache/ratis/ratis-metrics/0.5.0-201fc85-SNAPSHOT/ratis-metrics-0.5.0-201fc85-SNAPSHOT.jar:/home/user/.m2/repository/com/github/joshelser/dropwizard-metrics-hadoop-metrics2-reporter/0.1.2/dropwizard-metrics-hadoop-metrics2-reporter-0.1.2.jar:/home/user/.m2/repository/io/dropwizard/metrics/metrics-jvm/3.2.5/metrics-jvm-3.2.5.jar:/home/user/.m2/repository/io/dropwizard/metrics/metrics-ganglia/3.2.5/metrics-ganglia-3.2.5.jar:/home/user/.m2/repository/info/ganglia/gmetric4j/gmetric4j/1.0.7/gmetric4j-1.0.7.jar:/home/user/.m2/repository/org/apache/ratis/ratis-netty/0.5.0-201fc85-SNAPSHOT/ratis-netty-0.5.0-201fc85-SNAPSHOT.jar:/home/user/.m2/repository/org/apache/ratis/ratis-grpc/0.5.0-201fc85-SNAPSHOT/ratis-grpc-0.5.0-201fc85-SNAPSHOT.jar:/home/user/.m2/repository/org/rocksdb/rocksdbjni/6.0.1/rocksdbjni-6.0.1.jar:/home/user/.m2/repository/org/apache/logging/log4j/log4j-api/2.11.0/log4j-api-2.11.0.jar:/home/user/.m2/repository/org/apache/logging/log4j/log4j-core/2.11.0/log4j-core-2.11.0.jar:/home/user/.m2/repository/com/lmax/disruptor/3.4.2/disruptor-3.4.2.jar:/home/user/.m2/repository/org/apache/commons/commons-pool2/2.6.0/commons-pool2-2.6.0.jar:/home/user/.m2/repository/org/bouncycastle/bcpkix-jdk15on/1.60/bcpkix-jdk15on-1.60.jar:/home/user/.m2/repository/commons-validator/commons-validator/1.6/commons-validator-1.6.jar:/home/user/.m2/repository/commons-digester/commons-digester/1.8.1/commons-digester-1.8.1.jar:/home/user/.m2/repository/io/jaegertracing/jaeger-client/0.34.0/jaeger-client-0.34.0.jar:/home/user/.m2/repository/io/jaegertracing/jaeger-thrift/0.34.0/jaeger-thrift-0.34.0.jar:/home/user/.m2/repository/org/apache/thrift/libthrift/0.12.0/libthrift-0.12.0.jar:/home/user/.m2/repository/com/squareup/okhttp3/okhttp/3.9.0/okhttp-3.9.0.jar:/home/user/.m2/repository/com/squareup/okio/okio/1.13.0/okio-1.13.0.jar:/home/user/.m2/repository/io/jaegertracing/jaeger-core/0.34.0/jaeger-core-0.34.0.jar:/home/user/.m2/repository/io/jaegertracing/jaeger-tracerresolver/0.34.0/jaeger-tracerresolver-0.34.0.jar:/home/user/.m2/repository/io/opentracing/contrib/opentracing-tracerresolver/0.1.5/opentracing-tracerresolver-0.1.5.jar:/home/user/.m2/repository/io/opentracing/opentracing-util/0.31.0/opentracing-util-0.31.0.jar:/home/user/.m2/repository/io/opentracing/opentracing-api/0.31.0/opentracing-api-0.31.0.jar:/home/user/.m2/repository/io/opentracing/opentracing-noop/0.31.0/opentracing-noop-0.31.0.jar:/home/user/.m2/repository/org/apache/hadoop/hadoop-hdds-server-framework/0.5.0-SNAPSHOT/hadoop-hdds-server-framework-0.5.0-SNAPSHOT.jar:/home/user/.m2/repository/org/apache/hadoop/hadoop-hdds-container-service/0.5.0-SNAPSHOT/hadoop-hdds-container-service-0.5.0-SNAPSHOT.jar:/home/user/.m2/repository/org/apache/hadoop/hadoop-hdds-client/0.5.0-SNAPSHOT/hadoop-hdds-client-0.5.0-SNAPSHOT.jar:/home/user/.m2/repository/org/apache/hadoop/hadoop-hdds-tools/0.5.0-SNAPSHOT/hadoop-hdds-tools-0.5.0-SNAPSHOT.jar:/home/user/.m2/repository/org/apache/hadoop/hadoop-hdds-server-scm/0.5.0-SNAPSHOT/hadoop-hdds-server-scm-0.5.0-SNAPSHOT.jar:/home/user/.m2/repository/org/apache/hadoop/hadoop-hdds-docs/0.5.0-SNAPSHOT/hadoop-hdds-docs-0.5.0-SNAPSHOT.jar:/home/user/.m2/repository/io/dropwizard/metrics/metrics-core/3.2.4/metrics-core-3.2.4.jar:/home/user/.m2/repository/org/hamcrest/hamcrest-all/1.3/hamcrest-all-1.3.jar:/home/user/.m2/repository/org/bouncycastle/bcprov-jdk15on/1.60/bcprov-jdk15on-1.60.jar:/home/user/.m2/repository/info/picocli/picocli/3.9.6/picocli-3.9.6.jar:/home/user/.m2/repository/com/google/protobuf/protobuf-java/2.5.0/protobuf-java-2.5.0.jar:/home/user/.m2/repository/com/google/guava/guava/11.0.2/guava-11.0.2.jar:/home/user/.m2/repository/org/apache/hadoop/hadoop-ozone-ozone-manager/0.5.0-SNAPSHOT/hadoop-ozone-ozone-manager-0.5.0-SNAPSHOT.jar:/home/user/.m2/repository/org/apache/hadoop/hadoop-minikdc/3.2.0/hadoop-minikdc-3.2.0.jar:/home/user/.m2/repository/commons-io/commons-io/2.5/commons-io-2.5.jar:/home/user/.m2/repository/org/apache/kerby/kerb-simplekdc/1.0.1/kerb-simplekdc-1.0.1.jar:/home/user/.m2/repository/org/apache/kerby/kerb-client/1.0.1/kerb-client-1.0.1.jar:/home/user/.m2/repository/org/apache/kerby/kerby-config/1.0.1/kerby-config-1.0.1.jar:/home/user/.m2/repository/org/apache/kerby/kerb-core/1.0.1/kerb-core-1.0.1.jar:/home/user/.m2/repository/org/apache/kerby/kerby-pkix/1.0.1/kerby-pkix-1.0.1.jar:/home/user/.m2/repository/org/apache/kerby/kerby-asn1/1.0.1/kerby-asn1-1.0.1.jar:/home/user/.m2/repository/org/apache/kerby/kerby-util/1.0.1/kerby-util-1.0.1.jar:/home/user/.m2/repository/org/apache/kerby/kerb-common/1.0.1/kerb-common-1.0.1.jar:/home/user/.m2/repository/org/apache/kerby/kerb-crypto/1.0.1/kerb-crypto-1.0.1.jar:/home/user/.m2/repository/org/apache/kerby/kerb-util/1.0.1/kerb-util-1.0.1.jar:/home/user/.m2/repository/org/apache/kerby/token-provider/1.0.1/token-provider-1.0.1.jar:/home/user/.m2/repository/org/apache/kerby/kerb-admin/1.0.1/kerb-admin-1.0.1.jar:/home/user/.m2/repository/org/apache/kerby/kerb-server/1.0.1/kerb-server-1.0.1.jar:/home/user/.m2/repository/org/apache/kerby/kerb-identity/1.0.1/kerb-identity-1.0.1.jar:/home/user/.m2/repository/org/apache/kerby/kerby-xdr/1.0.1/kerby-xdr-1.0.1.jar:/home/user/.m2/repository/org/slf4j/slf4j-log4j12/1.7.25/slf4j-log4j12-1.7.25.jar:/home/user/.m2/repository/org/apache/hadoop/hadoop-ozone-s3gateway/0.5.0-SNAPSHOT/hadoop-ozone-s3gateway-0.5.0-SNAPSHOT.jar:/home/user/.m2/repository/org/jboss/weld/servlet/weld-servlet/2.4.7.Final/weld-servlet-2.4.7.Final.jar:/home/user/.m2/repository/org/glassfish/jersey/containers/jersey-container-servlet-core/2.27/jersey-container-servlet-core-2.27.jar:/home/user/.m2/repository/org/glassfish/hk2/external/javax.inject/2.5.0-b42/javax.inject-2.5.0-b42.jar:/home/user/.m2/repository/org/glassfish/jersey/core/jersey-common/2.27/jersey-common-2.27.jar:/home/user/.m2/repository/org/glassfish/hk2/osgi-resource-locator/1.0.1/osgi-resource-locator-1.0.1.jar:/home/user/.m2/repository/javax/ws/rs/javax.ws.rs-api/2.1/javax.ws.rs-api-2.1.jar:/home/user/.m2/repository/org/glassfish/jersey/ext/cdi/jersey-cdi1x/2.27/jersey-cdi1x-2.27.jar:/home/user/.m2/repository/org/glassfish/jersey/inject/jersey-hk2/2.27/jersey-hk2-2.27.jar:/home/user/.m2/repository/org/glassfish/hk2/hk2-locator/2.5.0-b42/hk2-locator-2.5.0-b42.jar:/home/user/.m2/repository/org/javassist/javassist/3.22.0-CR2/javassist-3.22.0-CR2.jar:/home/user/.m2/repository/org/glassfish/hk2/hk2-api/2.5.0/hk2-api-2.5.0.jar:/home/user/.m2/repository/org/glassfish/hk2/external/jakarta.inject/2.5.0/jakarta.inject-2.5.0.jar:/home/user/.m2/repository/org/glassfish/hk2/hk2-utils/2.5.0/hk2-utils-2.5.0.jar:/home/user/.m2/repository/jakarta/annotation/jakarta.annotation-api/1.3.4/jakarta.annotation-api-1.3.4.jar:/home/user/.m2/repository/org/glassfish/hk2/external/aopalliance-repackaged/2.5.0/aopalliance-repackaged-2.5.0.jar:/home/user/.m2/repository/com/fasterxml/jackson/dataformat/jackson-dataformat-xml/2.9.0/jackson-dataformat-xml-2.9.0.jar:/home/user/.m2/repository/com/fasterxml/jackson/core/jackson-core/2.9.9/jackson-core-2.9.9.jar:/home/user/.m2/repository/com/fasterxml/jackson/module/jackson-module-jaxb-annotations/2.9.9/jackson-module-jaxb-annotations-2.9.9.jar:/home/user/.m2/repository/javax/enterprise/cdi-api/1.2/cdi-api-1.2.jar:/home/user/.m2/repository/javax/el/javax.el-api/3.0.0/javax.el-api-3.0.0.jar:/home/user/.m2/repository/javax/interceptor/javax.interceptor-api/1.2/javax.interceptor-api-1.2.jar:/home/user/.m2/repository/javax/inject/javax.inject/1/javax.inject-1.jar:/home/user/.m2/repository/com/sun/xml/bind/jaxb-impl/2.3.0.1/jaxb-impl-2.3.0.1.jar:/home/user/.m2/repository/com/sun/xml/bind/jaxb-core/2.3.0.1/jaxb-core-2.3.0.1.jar:/home/user/.m2/repository/javax/xml/bind/jaxb-api/2.3.0/jaxb-api-2.3.0.jar:/home/user/.m2/repository/javax/activation/activation/1.1.1/activation-1.1.1.jar:/home/user/.m2/repository/org/apache/hadoop/hadoop-ozone-csi/0.5.0-SNAPSHOT/hadoop-ozone-csi-0.5.0-SNAPSHOT.jar:/home/user/.m2/repository/com/google/protobuf/protobuf-java-util/3.5.1/protobuf-java-util-3.5.1.jar:/home/user/.m2/repository/org/apache/hadoop/hadoop-hdds-config/0.5.0-SNAPSHOT/hadoop-hdds-config-0.5.0-SNAPSHOT.jar:/home/user/.m2/repository/io/grpc/grpc-netty/1.17.1/grpc-netty-1.17.1.jar:/home/user/.m2/repository/io/grpc/grpc-core/1.17.1/grpc-core-1.17.1.jar:/home/user/.m2/repository/io/grpc/grpc-context/1.17.1/grpc-context-1.17.1.jar:/home/user/.m2/repository/com/google/errorprone/error_prone_annotations/2.2.0/error_prone_annotations-2.2.0.jar:/home/user/.m2/repository/org/codehaus/mojo/animal-sniffer-annotations/1.17/animal-sniffer-annotations-1.17.jar:/home/user/.m2/repository/io/opencensus/opencensus-api/0.17.0/opencensus-api-0.17.0.jar:/home/user/.m2/repository/io/opencensus/opencensus-contrib-grpc-metrics/0.17.0/opencensus-contrib-grpc-metrics-0.17.0.jar:/home/user/.m2/repository/io/netty/netty-codec-http2/4.1.30.Final/netty-codec-http2-4.1.30.Final.jar:/home/user/.m2/repository/io/netty/netty-codec-http/4.1.30.Final/netty-codec-http-4.1.30.Final.jar:/home/user/.m2/repository/io/netty/netty-codec/4.1.30.Final/netty-codec-4.1.30.Final.jar:/home/user/.m2/repository/io/netty/netty-handler/4.1.30.Final/netty-handler-4.1.30.Final.jar:/home/user/.m2/repository/io/netty/netty-handler-proxy/4.1.30.Final/netty-handler-proxy-4.1.30.Final.jar:/home/user/.m2/repository/io/netty/netty-codec-socks/4.1.30.Final/netty-codec-socks-4.1.30.Final.jar:/home/user/.m2/repository/io/netty/netty-transport-native-epoll/4.1.30.Final/netty-transport-native-epoll-4.1.30.Final.jar:/home/user/.m2/repository/io/netty/netty-common/4.1.30.Final/netty-common-4.1.30.Final.jar:/home/user/.m2/repository/io/netty/netty-buffer/4.1.30.Final/netty-buffer-4.1.30.Final.jar:/home/user/.m2/repository/io/netty/netty-transport/4.1.30.Final/netty-transport-4.1.30.Final.jar:/home/user/.m2/repository/io/netty/netty-resolver/4.1.30.Final/netty-resolver-4.1.30.Final.jar:/home/user/.m2/repository/io/netty/netty-transport-native-unix-common/4.1.30.Final/netty-transport-native-unix-common-4.1.30.Final.jar:/home/user/.m2/repository/io/grpc/grpc-protobuf/1.17.1/grpc-protobuf-1.17.1.jar:/home/user/.m2/repository/com/google/api/grpc/proto-google-common-protos/1.0.0/proto-google-common-protos-1.0.0.jar:/home/user/.m2/repository/io/grpc/grpc-protobuf-lite/1.17.1/grpc-protobuf-lite-1.17.1.jar:/home/user/.m2/repository/io/grpc/grpc-stub/1.17.1/grpc-stub-1.17.1.jar:/home/user/.m2/repository/org/apache/hadoop/hadoop-ozone-recon/0.5.0-SNAPSHOT/hadoop-ozone-recon-0.5.0-SNAPSHOT.jar:/home/user/.m2/repository/org/apache/hadoop/hadoop-ozone-reconcodegen/0.5.0-SNAPSHOT/hadoop-ozone-reconcodegen-0.5.0-SNAPSHOT.jar:/home/user/.m2/repository/com/google/inject/extensions/guice-multibindings/4.0/guice-multibindings-4.0.jar:/home/user/.m2/repository/com/google/inject/guice/4.0/guice-4.0.jar:/home/user/.m2/repository/aopalliance/aopalliance/1.0/aopalliance-1.0.jar:/home/user/.m2/repository/com/google/inject/extensions/guice-servlet/4.0/guice-servlet-4.0.jar:/home/user/.m2/repository/org/glassfish/jersey/containers/jersey-container-servlet/2.27/jersey-container-servlet-2.27.jar:/home/user/.m2/repository/org/glassfish/hk2/guice-bridge/2.5.0/guice-bridge-2.5.0.jar:/home/user/.m2/repository/org/glassfish/jersey/core/jersey-server/2.27/jersey-server-2.27.jar:/home/user/.m2/repository/org/glassfish/jersey/core/jersey-client/2.27/jersey-client-2.27.jar:/home/user/.m2/repository/org/glassfish/jersey/media/jersey-media-jaxb/2.27/jersey-media-jaxb-2.27.jar:/home/user/.m2/repository/javax/validation/validation-api/1.1.0.Final/validation-api-1.1.0.Final.jar:/home/user/.m2/repository/org/glassfish/jersey/media/jersey-media-json-jackson/2.27/jersey-media-json-jackson-2.27.jar:/home/user/.m2/repository/org/glassfish/jersey/ext/jersey-entity-filtering/2.27/jersey-entity-filtering-2.27.jar:/home/user/.m2/repository/com/google/inject/extensions/guice-assistedinject/4.0/guice-assistedinject-4.0.jar:/home/user/.m2/repository/org/jooq/jooq/3.11.10/jooq-3.11.10.jar:/home/user/.m2/repository/org/jooq/jooq-meta/3.11.10/jooq-meta-3.11.10.jar:/home/user/.m2/repository/org/jooq/jooq-codegen/3.11.10/jooq-codegen-3.11.10.jar:/home/user/.m2/repository/com/jolbox/bonecp/0.8.0.RELEASE/bonecp-0.8.0.RELEASE.jar:/home/user/.m2/repository/org/xerial/sqlite-jdbc/3.25.2/sqlite-jdbc-3.25.2.jar:/home/user/.m2/repository/org/springframework/spring-jdbc/5.1.3.RELEASE/spring-jdbc-5.1.3.RELEASE.jar:/home/user/.m2/repository/org/springframework/spring-beans/5.1.3.RELEASE/spring-beans-5.1.3.RELEASE.jar:/home/user/.m2/repository/org/springframework/spring-core/5.1.3.RELEASE/spring-core-5.1.3.RELEASE.jar:/home/user/.m2/repository/org/springframework/spring-jcl/5.1.3.RELEASE/spring-jcl-5.1.3.RELEASE.jar:/home/user/.m2/repository/org/springframework/spring-tx/5.1.3.RELEASE/spring-tx-5.1.3.RELEASE.jar:/home/user/.m2/repository/org/apache/hadoop/hadoop-ozone-client/0.5.0-SNAPSHOT/hadoop-ozone-client-0.5.0-SNAPSHOT.jar:/home/user/.m2/repository/commons-lang/commons-lang/2.6/commons-lang-2.6.jar:/home/user/.m2/repository/org/apache/hadoop/hadoop-ozone-ozone-manager/0.5.0-SNAPSHOT/hadoop-ozone-ozone-manager-0.5.0-SNAPSHOT-tests.jar:/home/user/.m2/repository/junit/junit/4.11/junit-4.11.jar:/home/user/.m2/repository/org/hamcrest/hamcrest-core/1.3/hamcrest-core-1.3.jar:/home/user/.m2/repository/org/openjdk/jmh/jmh-core/1.19/jmh-core-1.19.jar:/home/user/.m2/repository/net/sf/jopt-simple/jopt-simple/4.6/jopt-simple-4.6.jar:/home/user/.m2/repository/org/apache/commons/commons-math3/3.1.1/commons-math3-3.1.1.jar:/home/user/.m2/repository/org/openjdk/jmh/jmh-generator-annprocess/1.19/jmh-generator-annprocess-1.19.jar:/home/user/.m2/repository/org/mockito/mockito-all/1.8.5/mockito-all-1.8.5.jar:/home/user/.m2/repository/org/apache/hadoop/hadoop-kms/3.2.0/hadoop-kms-3.2.0.jar:/home/user/.m2/repository/org/apache/hadoop/hadoop-auth/3.2.0/hadoop-auth-3.2.0.jar:/home/user/.m2/repository/com/nimbusds/nimbus-jose-jwt/4.41.1/nimbus-jose-jwt-4.41.1.jar:/home/user/.m2/repository/com/github/stephenc/jcip/jcip-annotations/1.0-1/jcip-annotations-1.0-1.jar:/home/user/.m2/repository/net/minidev/json-smart/2.3/json-smart-2.3.jar:/home/user/.m2/repository/net/minidev/accessors-smart/1.2/accessors-smart-1.2.jar:/home/user/.m2/repository/org/ow2/asm/asm/5.0.4/asm-5.0.4.jar:/home/user/.m2/repository/org/apache/curator/curator-framework/2.12.0/curator-framework-2.12.0.jar:/home/user/.m2/repository/com/sun/jersey/jersey-core/1.19/jersey-core-1.19.jar:/home/user/.m2/repository/javax/ws/rs/jsr311-api/1.1.1/jsr311-api-1.1.1.jar:/home/user/.m2/repository/com/sun/jersey/jersey-server/1.19/jersey-server-1.19.jar:/home/user/.m2/repository/javax/servlet/javax.servlet-api/3.1.0/javax.servlet-api-3.1.0.jar:/home/user/.m2/repository/org/eclipse/jetty/jetty-server/9.3.25.v20180904/jetty-server-9.3.25.v20180904.jar:/home/user/.m2/repository/org/eclipse/jetty/jetty-http/9.3.25.v20180904/jetty-http-9.3.25.v20180904.jar:/home/user/.m2/repository/org/eclipse/jetty/jetty-io/9.3.25.v20180904/jetty-io-9.3.25.v20180904.jar:/home/user/.m2/repository/org/eclipse/jetty/jetty-webapp/9.3.25.v20180904/jetty-webapp-9.3.25.v20180904.jar:/home/user/.m2/repository/org/eclipse/jetty/jetty-xml/9.3.25.v20180904/jetty-xml-9.3.25.v20180904.jar:/home/user/.m2/repository/log4j/log4j/1.2.17/log4j-1.2.17.jar:/home/user/.m2/repository/org/slf4j/slf4j-api/1.7.25/slf4j-api-1.7.25.jar:/home/user/.m2/repository/org/slf4j/jul-to-slf4j/1.7.25/jul-to-slf4j-1.7.25.jar:/home/user/.m2/repository/org/eclipse/jetty/jetty-util/9.3.25.v20180904/jetty-util-9.3.25.v20180904.jar:/home/user/.m2/repository/com/fasterxml/jackson/core/jackson-databind/2.9.9/jackson-databind-2.9.9.jar:/home/user/.m2/repository/org/apache/hadoop/hadoop-kms/3.2.0/hadoop-kms-3.2.0-tests.jar:/home/user/.m2/repository/org/apache/hadoop/hadoop-hdds-server-scm/0.5.0-SNAPSHOT/hadoop-hdds-server-scm-0.5.0-SNAPSHOT-tests.jar:/home/user/.m2/repository/org/apache/hadoop/hadoop-hdds-container-service/0.5.0-SNAPSHOT/hadoop-hdds-container-service-0.5.0-SNAPSHOT-tests.jar:/home/user/.m2/repository/org/yaml/snakeyaml/1.16/snakeyaml-1.16.jar:/home/user/.m2/repository/org/apache/hadoop/hadoop-common/3.2.0/hadoop-common-3.2.0-tests.jar:/home/user/.m2/repository/org/apache/hadoop/hadoop-annotations/3.2.0/hadoop-annotations-3.2.0.jar:/usr/lib/jvm/java-1.8-openjdk/jre/../lib/tools.jar:/home/user/.m2/repository/commons-cli/commons-cli/1.2/commons-cli-1.2.jar:/home/user/.m2/repository/org/apache/httpcomponents/httpclient/4.5.2/httpclient-4.5.2.jar:/home/user/.m2/repository/org/apache/httpcomponents/httpcore/4.4.4/httpcore-4.4.4.jar:/home/user/.m2/repository/commons-codec/commons-codec/1.11/commons-codec-1.11.jar:/home/user/.m2/repository/commons-net/commons-net/3.6/commons-net-3.6.jar:/home/user/.m2/repository/commons-collections/commons-collections/3.2.2/commons-collections-3.2.2.jar:/home/user/.m2/repository/org/eclipse/jetty/jetty-servlet/9.3.25.v20180904/jetty-servlet-9.3.25.v20180904.jar:/home/user/.m2/repository/org/eclipse/jetty/jetty-security/9.3.25.v20180904/jetty-security-9.3.25.v20180904.jar:/home/user/.m2/repository/javax/servlet/jsp/jsp-api/2.1/jsp-api-2.1.jar:/home/user/.m2/repository/com/sun/jersey/jersey-servlet/1.19/jersey-servlet-1.19.jar:/home/user/.m2/repository/com/sun/jersey/jersey-json/1.19/jersey-json-1.19.jar:/home/user/.m2/repository/org/codehaus/jettison/jettison/1.1/jettison-1.1.jar:/home/user/.m2/repository/org/codehaus/jackson/jackson-core-asl/1.9.13/jackson-core-asl-1.9.13.jar:/home/user/.m2/repository/org/codehaus/jackson/jackson-mapper-asl/1.9.13/jackson-mapper-asl-1.9.13.jar:/home/user/.m2/repository/org/codehaus/jackson/jackson-jaxrs/1.9.13/jackson-jaxrs-1.9.13.jar:/home/user/.m2/repository/org/codehaus/jackson/jackson-xc/1.9.13/jackson-xc-1.9.13.jar:/home/user/.m2/repository/commons-logging/commons-logging/1.1.3/commons-logging-1.1.3.jar:/home/user/.m2/repository/commons-beanutils/commons-beanutils/1.9.4/commons-beanutils-1.9.4.jar:/home/user/.m2/repository/org/apache/commons/commons-configuration2/2.1.1/commons-configuration2-2.1.1.jar:/home/user/.m2/repository/org/apache/commons/commons-lang3/3.7/commons-lang3-3.7.jar:/home/user/.m2/repository/org/apache/commons/commons-text/1.4/commons-text-1.4.jar:/home/user/.m2/repository/org/apache/avro/avro/1.7.7/avro-1.7.7.jar:/home/user/.m2/repository/com/thoughtworks/paranamer/paranamer/2.3/paranamer-2.3.jar:/home/user/.m2/repository/org/xerial/snappy/snappy-java/1.0.5/snappy-java-1.0.5.jar:/home/user/.m2/repository/com/google/re2j/re2j/1.1/re2j-1.1.jar:/home/user/.m2/repository/com/google/code/gson/gson/2.2.4/gson-2.2.4.jar:/home/user/.m2/repository/com/jcraft/jsch/0.1.54/jsch-0.1.54.jar:/home/user/.m2/repository/org/apache/curator/curator-client/2.12.0/curator-client-2.12.0.jar:/home/user/.m2/repository/org/apache/curator/curator-recipes/2.12.0/curator-recipes-2.12.0.jar:/home/user/.m2/repository/com/google/code/findbugs/jsr305/3.0.0/jsr305-3.0.0.jar:/home/user/.m2/repository/org/apache/htrace/htrace-core4/4.1.0-incubating/htrace-core4-4.1.0-incubating.jar:/home/user/.m2/repository/org/apache/zookeeper/zookeeper/3.4.13/zookeeper-3.4.13.jar:/home/user/.m2/repository/jline/jline/0.9.94/jline-0.9.94.jar:/home/user/.m2/repository/org/apache/yetus/audience-annotations/0.5.0/audience-annotations-0.5.0.jar:/home/user/.m2/repository/org/codehaus/woodstox/stax2-api/3.1.4/stax2-api-3.1.4.jar:/home/user/.m2/repository/com/fasterxml/woodstox/woodstox-core/5.0.3/woodstox-core-5.0.3.jar:/home/user/.m2/repository/dnsjava/dnsjava/2.1.7/dnsjava-2.1.7.jar:/home/user/.m2/repository/org/apache/hadoop/hadoop-hdfs/3.2.0/hadoop-hdfs-3.2.0-tests.jar:/home/user/.m2/repository/org/eclipse/jetty/jetty-util-ajax/9.3.25.v20180904/jetty-util-ajax-9.3.25.v20180904.jar:/home/user/.m2/repository/commons-daemon/commons-daemon/1.0.13/commons-daemon-1.0.13.jar:/home/user/.m2/repository/io/netty/netty/3.10.5.Final/netty-3.10.5.Final.jar:/home/user/.m2/repository/io/netty/netty-all/4.0.52.Final/netty-all-4.0.52.Final.jar:/home/user/.m2/repository/org/fusesource/leveldbjni/leveldbjni-all/1.8/leveldbjni-all-1.8.jar:"/>
    <property name="sun.cpu.endian" value="little"/>
    <property name="user.home" value="/home/user"/>
    <property name="user.language" value="en"/>
    <property name="java.specification.vendor" value="Oracle Corporation"/>
    <property name="java.home" value="/usr/lib/jvm/java-1.8-openjdk/jre"/>
    <property name="java.security.krb5.conf" value="/workdir/hadoop-ozone/integration-test/target/test-classes/krb5.conf"/>
    <property name="basedir" value="/workdir/hadoop-ozone/integration-test"/>
    <property name="file.separator" value="/"/>
    <property name="line.separator" value="&#10;"/>
    <property name="java.vm.specification.vendor" value="Oracle Corporation"/>
    <property name="java.specification.name" value="Java Platform API Specification"/>
    <property name="java.awt.graphicsenv" value="sun.awt.X11GraphicsEnvironment"/>
    <property name="surefire.real.class.path" value="/workdir/hadoop-ozone/integration-test/target/surefire/surefirebooter6250090516943341617.jar"/>
    <property name="hadoop.log.dir" value="/workdir/hadoop-ozone/integration-test/target/log"/>
    <property name="sun.boot.class.path" value="/usr/lib/jvm/java-1.8-openjdk/jre/lib/resources.jar:/usr/lib/jvm/java-1.8-openjdk/jre/lib/rt.jar:/usr/lib/jvm/java-1.8-openjdk/jre/lib/sunrsasign.jar:/usr/lib/jvm/java-1.8-openjdk/jre/lib/jsse.jar:/usr/lib/jvm/java-1.8-openjdk/jre/lib/jce.jar:/usr/lib/jvm/java-1.8-openjdk/jre/lib/charsets.jar:/usr/lib/jvm/java-1.8-openjdk/jre/lib/jfr.jar:/usr/lib/jvm/java-1.8-openjdk/jre/classes"/>
    <property name="sun.management.compiler" value="HotSpot 64-Bit Tiered Compilers"/>
    <property name="java.runtime.version" value="1.8.0_212-b04"/>
    <property name="java.net.preferIPv4Stack" value="true"/>
    <property name="user.name" value="jenkins1000"/>
    <property name="path.separator" value=":"/>
    <property name="java.security.egd" value="file:///dev/urandom"/>
    <property name="os.version" value="3.10.0-957.12.2.el7.x86_64"/>
    <property name="java.endorsed.dirs" value="/usr/lib/jvm/java-1.8-openjdk/jre/lib/endorsed"/>
    <property name="java.runtime.name" value="OpenJDK Runtime Environment"/>
    <property name="file.encoding" value="UTF-8"/>
    <property name="java.vm.name" value="OpenJDK 64-Bit Server VM"/>
    <property name="test.build.webapps" value=""/>
    <property name="localRepository" value="/home/user/.m2/repository"/>
    <property name="java.vendor.url.bug" value="https://icedtea.classpath.org/bugzilla"/>
    <property name="java.io.tmpdir" value="/tmp"/>
    <property name="require.test.libhadoop" value=""/>
    <property name="java.version" value="1.8.0_212"/>
    <property name="user.dir" value="/workdir/hadoop-ozone/integration-test"/>
    <property name="os.arch" value="amd64"/>
    <property name="java.vm.specification.name" value="Java Virtual Machine Specification"/>
    <property name="test.build.classes" value="/workdir/hadoop-ozone/integration-test/target/test-classes"/>
    <property name="java.awt.printerjob" value="sun.print.PSPrinterJob"/>
    <property name="sun.os.patch.level" value="unknown"/>
    <property name="hadoop.tmp.dir" value="/workdir/hadoop-ozone/integration-test/target/tmp"/>
    <property name="java.library.path" value="/usr/lib/jvm/java-1.8-openjdk/jre/lib/amd64/server:/usr/lib/jvm/java-1.8-openjdk/jre/lib/amd64:/usr/lib/jvm/java-1.8-openjdk/jre/../lib/amd64:/workdir/hadoop-ozone/integration-test/target/native/target/usr/local/lib:/workdir/hadoop-ozone/integration-test/../../hadoop-common-project/hadoop-common/target/native/target/usr/local/lib:/usr/java/packages/lib/amd64:/usr/lib64:/lib64:/lib:/usr/lib"/>
    <property name="java.vm.info" value="mixed mode"/>
    <property name="java.vendor" value="IcedTea"/>
    <property name="java.vm.version" value="25.212-b04"/>
    <property name="java.ext.dirs" value="/usr/lib/jvm/java-1.8-openjdk/jre/lib/ext:/usr/java/packages/lib/ext"/>
    <property name="sun.io.unicode.encoding" value="UnicodeLittle"/>
    <property name="java.class.version" value="52.0"/>
  </properties>
  <testcase name="testWatchForCommitWithKeyWrite" classname="org.apache.hadoop.ozone.client.rpc.TestWatchForCommit" time="59.079"/>
  <testcase name="testWatchForCommitWithSmallerTimeoutValue" classname="org.apache.hadoop.ozone.client.rpc.TestWatchForCommit" time="42.765"/>
  <testcase name="testWatchForCommitForRetryfailure" classname="org.apache.hadoop.ozone.client.rpc.TestWatchForCommit" time="61.108">
    <failure type="java.lang.AssertionError">java.lang.AssertionError
	at org.junit.Assert.fail(Assert.java:86)
	at org.junit.Assert.assertTrue(Assert.java:41)
	at org.junit.Assert.assertTrue(Assert.java:52)
	at org.apache.hadoop.ozone.client.rpc.TestWatchForCommit.testWatchForCommitForRetryfailure(TestWatchForCommit.java:348)
	at sun.reflect.NativeMethodAccessorImpl.invoke0(Native Method)
	at sun.reflect.NativeMethodAccessorImpl.invoke(NativeMethodAccessorImpl.java:62)
	at sun.reflect.DelegatingMethodAccessorImpl.invoke(DelegatingMethodAccessorImpl.java:43)
	at java.lang.reflect.Method.invoke(Method.java:498)
	at org.junit.runners.model.FrameworkMethod$1.runReflectiveCall(FrameworkMethod.java:47)
	at org.junit.internal.runners.model.ReflectiveCallable.run(ReflectiveCallable.java:12)
	at org.junit.runners.model.FrameworkMethod.invokeExplosively(FrameworkMethod.java:44)
	at org.junit.internal.runners.statements.InvokeMethod.evaluate(InvokeMethod.java:17)
	at org.junit.runners.ParentRunner.runLeaf(ParentRunner.java:271)
	at org.junit.runners.BlockJUnit4ClassRunner.runChild(BlockJUnit4ClassRunner.java:70)
	at org.junit.runners.BlockJUnit4ClassRunner.runChild(BlockJUnit4ClassRunner.java:50)
	at org.junit.runners.ParentRunner$3.run(ParentRunner.java:238)
	at org.junit.runners.ParentRunner$1.schedule(ParentRunner.java:63)
	at org.junit.runners.ParentRunner.runChildren(ParentRunner.java:236)
	at org.junit.runners.ParentRunner.access$000(ParentRunner.java:53)
	at org.junit.runners.ParentRunner$2.evaluate(ParentRunner.java:229)
	at org.junit.runners.ParentRunner.run(ParentRunner.java:309)
	at org.apache.maven.surefire.junit4.JUnit4Provider.execute(JUnit4Provider.java:365)
	at org.apache.maven.surefire.junit4.JUnit4Provider.executeWithRerun(JUnit4Provider.java:273)
	at org.apache.maven.surefire.junit4.JUnit4Provider.executeTestSet(JUnit4Provider.java:238)
	at org.apache.maven.surefire.junit4.JUnit4Provider.invoke(JUnit4Provider.java:159)
	at org.apache.maven.surefire.booter.ForkedBooter.invokeProviderInSameClassLoader(ForkedBooter.java:384)
	at org.apache.maven.surefire.booter.ForkedBooter.runSuitesInProcess(ForkedBooter.java:345)
	at org.apache.maven.surefire.booter.ForkedBooter.execute(ForkedBooter.java:126)
	at org.apache.maven.surefire.booter.ForkedBooter.main(ForkedBooter.java:418)
</failure>
    <system-out><![CDATA[2019-09-30 20:12:11,901 [main] WARN  server.ServerUtils (ServerUtils.java:getScmDbDir(145)) - ozone.scm.db.dirs is not configured. We recommend adding this setting. Falling back to ozone.metadata.dirs instead.
2019-09-30 20:12:11,921 [main] WARN  server.ServerUtils (ServerUtils.java:getScmDbDir(145)) - ozone.scm.db.dirs is not configured. We recommend adding this setting. Falling back to ozone.metadata.dirs instead.
2019-09-30 20:12:11,921 [main] WARN  server.ServerUtils (ServerUtils.java:getScmDbDir(145)) - ozone.scm.db.dirs is not configured. We recommend adding this setting. Falling back to ozone.metadata.dirs instead.
2019-09-30 20:12:11,922 [main] INFO  db.DBStoreBuilder (DBStoreBuilder.java:addTable(110)) - using custom profile for table: deletedBlocks
2019-09-30 20:12:11,922 [main] INFO  db.DBStoreBuilder (DBStoreBuilder.java:processTables(161)) - Using default column profile:DBProfile.DISK for Table:deletedBlocks
2019-09-30 20:12:11,922 [main] INFO  db.DBStoreBuilder (DBStoreBuilder.java:addTable(110)) - using custom profile for table: validCerts
2019-09-30 20:12:11,922 [main] INFO  db.DBStoreBuilder (DBStoreBuilder.java:processTables(161)) - Using default column profile:DBProfile.DISK for Table:validCerts
2019-09-30 20:12:11,922 [main] INFO  db.DBStoreBuilder (DBStoreBuilder.java:addTable(110)) - using custom profile for table: revokedCerts
2019-09-30 20:12:11,923 [main] INFO  db.DBStoreBuilder (DBStoreBuilder.java:processTables(161)) - Using default column profile:DBProfile.DISK for Table:revokedCerts
2019-09-30 20:12:11,923 [main] INFO  db.DBStoreBuilder (DBStoreBuilder.java:addTable(110)) - using custom profile for table: default
2019-09-30 20:12:11,923 [main] INFO  db.DBStoreBuilder (DBStoreBuilder.java:processTables(167)) - Using default column profile:DBProfile.DISK for Table:default
2019-09-30 20:12:11,923 [main] INFO  db.DBStoreBuilder (DBStoreBuilder.java:getDbProfile(198)) - Using default options. DBProfile.DISK
2019-09-30 20:12:12,074 [main] INFO  net.NodeSchemaLoader (NodeSchemaLoader.java:loadSchemaFromFile(125)) - Loading file from sun.misc.CompoundEnumeration@bf75b5c
2019-09-30 20:12:12,075 [main] INFO  net.NodeSchemaLoader (NodeSchemaLoader.java:loadSchema(171)) - Loading network topology layer schema file
2019-09-30 20:12:12,080 [main] WARN  server.ServerUtils (ServerUtils.java:sanitizeUserArgs(70)) - ozone.scm.stale.node.interval value = 300000 is larger than max = 100000 based on the key value of ozone.scm.heartbeat.thread.interval, reset to the max value 100000.
2019-09-30 20:12:12,080 [main] WARN  server.ServerUtils (ServerUtils.java:sanitizeUserArgs(70)) - ozone.scm.stale.node.interval value = 300000 is larger than max = 100000 based on the key value of ozone.scm.heartbeat.thread.interval, reset to the max value 100000.
2019-09-30 20:12:12,081 [main] INFO  node.SCMNodeManager (SCMNodeManager.java:<init>(114)) - Entering startup safe mode.
2019-09-30 20:12:12,082 [main] INFO  algorithms.ContainerPlacementPolicyFactory (ContainerPlacementPolicyFactory.java:getPolicy(57)) - Create container placement policy of type org.apache.hadoop.hdds.scm.container.placement.algorithms.SCMContainerPlacementRandom
2019-09-30 20:12:12,082 [main] WARN  server.ServerUtils (ServerUtils.java:getScmDbDir(145)) - ozone.scm.db.dirs is not configured. We recommend adding this setting. Falling back to ozone.metadata.dirs instead.
2019-09-30 20:12:12,119 [main] INFO  pipeline.SCMPipelineManager (SCMPipelineManager.java:initializePipelineState(132)) - No pipeline exists in current db
2019-09-30 20:12:12,119 [main] WARN  server.ServerUtils (ServerUtils.java:getScmDbDir(145)) - ozone.scm.db.dirs is not configured. We recommend adding this setting. Falling back to ozone.metadata.dirs instead.
2019-09-30 20:12:12,152 [main] WARN  events.EventQueue (EventQueue.java:fireEvent(183)) - No event handler registered for event TypedEvent{payloadType=SafeModeStatus, name='SafeModeStatus'}
2019-09-30 20:12:12,153 [main] INFO  ipc.CallQueueManager (CallQueueManager.java:<init>(84)) - Using callQueue: class java.util.concurrent.LinkedBlockingQueue, queueCapacity: 2000, scheduler: class org.apache.hadoop.ipc.DefaultRpcScheduler, ipcBackoff: false.
2019-09-30 20:12:12,154 [Socket Reader #1 for port 37212] INFO  ipc.Server (Server.java:run(1074)) - Starting Socket Reader #1 for port 37212
2019-09-30 20:12:12,156 [main] INFO  ipc.CallQueueManager (CallQueueManager.java:<init>(84)) - Using callQueue: class java.util.concurrent.LinkedBlockingQueue, queueCapacity: 2000, scheduler: class org.apache.hadoop.ipc.DefaultRpcScheduler, ipcBackoff: false.
2019-09-30 20:12:12,157 [Socket Reader #1 for port 38749] INFO  ipc.Server (Server.java:run(1074)) - Starting Socket Reader #1 for port 38749
2019-09-30 20:12:12,159 [main] INFO  ipc.CallQueueManager (CallQueueManager.java:<init>(84)) - Using callQueue: class java.util.concurrent.LinkedBlockingQueue, queueCapacity: 2000, scheduler: class org.apache.hadoop.ipc.DefaultRpcScheduler, ipcBackoff: false.
2019-09-30 20:12:12,159 [Socket Reader #1 for port 37751] INFO  ipc.Server (Server.java:run(1074)) - Starting Socket Reader #1 for port 37751
2019-09-30 20:12:12,162 [main] INFO  hdfs.DFSUtil (DFSUtil.java:httpServerTemplateForNNAndJN(1641)) - Starting Web-server for scm at: http://0.0.0.0:0
2019-09-30 20:12:12,165 [main] INFO  server.AuthenticationFilter (AuthenticationFilter.java:constructSecretProvider(240)) - Unable to initialize FileSignerSecretProvider, falling back to use random secrets.
2019-09-30 20:12:12,166 [main] WARN  http.HttpRequestLog (HttpRequestLog.java:getRequestLog(97)) - Jetty request log can only be enabled using Log4j
2019-09-30 20:12:12,168 [main] INFO  http.HttpServer2 (HttpServer2.java:addGlobalFilter(975)) - Added global filter 'safety' (class=org.apache.hadoop.http.HttpServer2$QuotingInputFilter)
2019-09-30 20:12:12,169 [main] INFO  http.HttpServer2 (HttpServer2.java:addFilter(948)) - Added filter static_user_filter (class=org.apache.hadoop.http.lib.StaticUserWebFilter$StaticUserFilter) to context scm
2019-09-30 20:12:12,169 [main] INFO  http.HttpServer2 (HttpServer2.java:addFilter(958)) - Added filter static_user_filter (class=org.apache.hadoop.http.lib.StaticUserWebFilter$StaticUserFilter) to context logs
2019-09-30 20:12:12,169 [main] INFO  http.HttpServer2 (HttpServer2.java:addFilter(958)) - Added filter static_user_filter (class=org.apache.hadoop.http.lib.StaticUserWebFilter$StaticUserFilter) to context static
2019-09-30 20:12:12,172 [main] INFO  server.StorageContainerManager (StorageContainerManager.java:start(770)) - StorageContainerLocationProtocol RPC server is listening at /0.0.0.0:37751
2019-09-30 20:12:12,175 [main] WARN  impl.MetricsConfig (MetricsConfig.java:loadFirst(134)) - Cannot locate configuration: tried hadoop-metrics2-storagecontainermanager.properties,hadoop-metrics2.properties
2019-09-30 20:12:12,176 [main] INFO  impl.MetricsSystemImpl (MetricsSystemImpl.java:startTimer(374)) - Scheduled Metric snapshot period at 10 second(s).
2019-09-30 20:12:12,176 [main] INFO  impl.MetricsSystemImpl (MetricsSystemImpl.java:start(191)) - StorageContainerManager metrics system started
2019-09-30 20:12:12,205 [main] INFO  lib.Interns (Interns.java:removeEldestEntry(50)) - Metrics intern cache overflow at 2011 for MetricsSystem={MetricsSystem=MetricsInfoImpl{name=MetricsSystem, description=MetricsSystem}, MetricsSystem record=MetricsInfoImpl{name=MetricsSystem, description=MetricsSystem record}}
2019-09-30 20:12:12,226 [main] WARN  impl.MetricsSystemImpl (MetricsSystemImpl.java:register(276)) - Sink prometheus already exists!
2019-09-30 20:12:12,265 [main] INFO  server.SCMClientProtocolServer (SCMClientProtocolServer.java:start(150)) - RPC server for Client  is listening at /0.0.0.0:37751
2019-09-30 20:12:12,265 [IPC Server Responder] INFO  ipc.Server (Server.java:run(1314)) - IPC Server Responder: starting
2019-09-30 20:12:12,265 [IPC Server listener on 37751] INFO  ipc.Server (Server.java:run(1153)) - IPC Server listener on 37751: starting
2019-09-30 20:12:12,269 [main] INFO  server.StorageContainerManager (StorageContainerManager.java:start(780)) - ScmBlockLocationProtocol RPC server is listening at /0.0.0.0:38749
2019-09-30 20:12:12,270 [main] INFO  server.SCMBlockProtocolServer (SCMBlockProtocolServer.java:start(146)) - RPC server for Block Protocol is listening at /0.0.0.0:38749
2019-09-30 20:12:12,270 [IPC Server Responder] INFO  ipc.Server (Server.java:run(1314)) - IPC Server Responder: starting
2019-09-30 20:12:12,270 [IPC Server listener on 38749] INFO  ipc.Server (Server.java:run(1153)) - IPC Server listener on 38749: starting
2019-09-30 20:12:12,274 [main] INFO  server.StorageContainerManager (StorageContainerManager.java:start(784)) - ScmDatanodeProtocl RPC server is listening at /0.0.0.0:37212
2019-09-30 20:12:12,274 [main] INFO  server.SCMDatanodeProtocolServer (SCMDatanodeProtocolServer.java:start(191)) - RPC server for DataNodes is listening at /0.0.0.0:37212
2019-09-30 20:12:12,274 [IPC Server Responder] INFO  ipc.Server (Server.java:run(1314)) - IPC Server Responder: starting
2019-09-30 20:12:12,275 [IPC Server listener on 37212] INFO  ipc.Server (Server.java:run(1153)) - IPC Server listener on 37212: starting
2019-09-30 20:12:12,278 [main] INFO  http.HttpServer2 (HttpServer2.java:bindListener(1191)) - Jetty bound to port 36273
2019-09-30 20:12:12,278 [main] INFO  server.Server (Server.java:doStart(351)) - jetty-9.3.25.v20180904, build timestamp: 2018-09-04T21:11:46Z, git hash: 3ce520221d0240229c862b122d2b06c12a625732
2019-09-30 20:12:12,280 [main] INFO  handler.ContextHandler (ContextHandler.java:doStart(781)) - Started o.e.j.s.ServletContextHandler@34be065a{/logs,file:///workdir/hadoop-ozone/integration-test/target/log,AVAILABLE}
2019-09-30 20:12:12,281 [main] INFO  handler.ContextHandler (ContextHandler.java:doStart(781)) - Started o.e.j.s.ServletContextHandler@e09f1b6{/static,file:///workdir/hadoop-ozone/integration-test/target/test-classes/webapps/static,AVAILABLE}
2019-09-30 20:12:12,285 [main] INFO  handler.ContextHandler (ContextHandler.java:doStart(781)) - Started o.e.j.w.WebAppContext@3e3cd6fe{/,file:///workdir/hadoop-ozone/integration-test/target/test-classes/webapps/scm/,AVAILABLE}{/scm}
2019-09-30 20:12:12,286 [main] INFO  server.AbstractConnector (AbstractConnector.java:doStart(278)) - Started ServerConnector@1de0641b{HTTP/1.1,[http/1.1]}{0.0.0.0:36273}
2019-09-30 20:12:12,286 [main] INFO  server.Server (Server.java:doStart(419)) - Started @102601ms
2019-09-30 20:12:12,287 [main] WARN  impl.MetricsSystemImpl (MetricsSystemImpl.java:register(276)) - Sink prometheus already exists!
2019-09-30 20:12:12,287 [main] INFO  server.BaseHttpServer (BaseHttpServer.java:updateConnectorAddress(215)) - HTTP server of SCM is listening at http://0.0.0.0:36273
2019-09-30 20:12:12,289 [main] WARN  server.ServerUtils (ServerUtils.java:getDBPath(222)) - ozone.om.db.dirs is not configured. We recommend adding this setting. Falling back to ozone.metadata.dirs instead.
2019-09-30 20:12:12,289 [org.apache.hadoop.util.JvmPauseMonitor$Monitor@1a464fa3] INFO  util.JvmPauseMonitor (JvmPauseMonitor.java:run(188)) - Starting JVM pause monitor
2019-09-30 20:12:12,303 [main] WARN  server.ServerUtils (ServerUtils.java:getDBPath(222)) - ozone.om.db.dirs is not configured. We recommend adding this setting. Falling back to ozone.metadata.dirs instead.
2019-09-30 20:12:12,303 [main] WARN  server.ServerUtils (ServerUtils.java:getDBPath(222)) - ozone.om.db.dirs is not configured. We recommend adding this setting. Falling back to ozone.metadata.dirs instead.
2019-09-30 20:12:12,303 [main] INFO  om.OzoneManager (OzoneManager.java:setOMNodeDetails(652)) - OM Service ID is not set. Setting it to the default ID: omServiceIdDefault
2019-09-30 20:12:12,304 [main] INFO  om.OzoneManager (OzoneManager.java:setOMNodeDetails(658)) - OM Node ID is not set. Setting it to the OmStorage's OmID: fb43f860-a3ac-469e-b41b-1d2319b1026c
2019-09-30 20:12:12,304 [main] INFO  om.OzoneManager (OzoneManager.java:loadOMHAConfigs(609)) - Found matching OM address with OMServiceId: null, OMNodeId: null, RPC Address: localhost:0 and Ratis port: 9872
2019-09-30 20:12:12,312 [main] WARN  server.ServerUtils (ServerUtils.java:getDBPath(222)) - ozone.om.db.dirs is not configured. We recommend adding this setting. Falling back to ozone.metadata.dirs instead.
2019-09-30 20:12:12,313 [main] INFO  db.DBStoreBuilder (DBStoreBuilder.java:addTable(110)) - using custom profile for table: userTable
2019-09-30 20:12:12,313 [main] INFO  db.DBStoreBuilder (DBStoreBuilder.java:processTables(161)) - Using default column profile:DBProfile.DISK for Table:userTable
2019-09-30 20:12:12,313 [main] INFO  db.DBStoreBuilder (DBStoreBuilder.java:addTable(110)) - using custom profile for table: volumeTable
2019-09-30 20:12:12,313 [main] INFO  db.DBStoreBuilder (DBStoreBuilder.java:processTables(161)) - Using default column profile:DBProfile.DISK for Table:volumeTable
2019-09-30 20:12:12,314 [main] INFO  db.DBStoreBuilder (DBStoreBuilder.java:addTable(110)) - using custom profile for table: bucketTable
2019-09-30 20:12:12,314 [main] INFO  db.DBStoreBuilder (DBStoreBuilder.java:processTables(161)) - Using default column profile:DBProfile.DISK for Table:bucketTable
2019-09-30 20:12:12,314 [main] INFO  db.DBStoreBuilder (DBStoreBuilder.java:addTable(110)) - using custom profile for table: keyTable
2019-09-30 20:12:12,314 [main] INFO  db.DBStoreBuilder (DBStoreBuilder.java:processTables(161)) - Using default column profile:DBProfile.DISK for Table:keyTable
2019-09-30 20:12:12,315 [main] INFO  db.DBStoreBuilder (DBStoreBuilder.java:addTable(110)) - using custom profile for table: deletedTable
2019-09-30 20:12:12,315 [main] INFO  db.DBStoreBuilder (DBStoreBuilder.java:processTables(161)) - Using default column profile:DBProfile.DISK for Table:deletedTable
2019-09-30 20:12:12,315 [main] INFO  db.DBStoreBuilder (DBStoreBuilder.java:addTable(110)) - using custom profile for table: openKeyTable
2019-09-30 20:12:12,315 [main] INFO  db.DBStoreBuilder (DBStoreBuilder.java:processTables(161)) - Using default column profile:DBProfile.DISK for Table:openKeyTable
2019-09-30 20:12:12,316 [main] INFO  db.DBStoreBuilder (DBStoreBuilder.java:addTable(110)) - using custom profile for table: s3Table
2019-09-30 20:12:12,316 [main] INFO  db.DBStoreBuilder (DBStoreBuilder.java:processTables(161)) - Using default column profile:DBProfile.DISK for Table:s3Table
2019-09-30 20:12:12,316 [main] INFO  db.DBStoreBuilder (DBStoreBuilder.java:addTable(110)) - using custom profile for table: multipartInfoTable
2019-09-30 20:12:12,316 [main] INFO  db.DBStoreBuilder (DBStoreBuilder.java:processTables(161)) - Using default column profile:DBProfile.DISK for Table:multipartInfoTable
2019-09-30 20:12:12,317 [main] INFO  db.DBStoreBuilder (DBStoreBuilder.java:addTable(110)) - using custom profile for table: dTokenTable
2019-09-30 20:12:12,317 [main] INFO  db.DBStoreBuilder (DBStoreBuilder.java:processTables(161)) - Using default column profile:DBProfile.DISK for Table:dTokenTable
2019-09-30 20:12:12,317 [main] INFO  db.DBStoreBuilder (DBStoreBuilder.java:addTable(110)) - using custom profile for table: s3SecretTable
2019-09-30 20:12:12,317 [main] INFO  db.DBStoreBuilder (DBStoreBuilder.java:processTables(161)) - Using default column profile:DBProfile.DISK for Table:s3SecretTable
2019-09-30 20:12:12,317 [main] INFO  db.DBStoreBuilder (DBStoreBuilder.java:addTable(110)) - using custom profile for table: prefixTable
2019-09-30 20:12:12,318 [main] INFO  db.DBStoreBuilder (DBStoreBuilder.java:processTables(161)) - Using default column profile:DBProfile.DISK for Table:prefixTable
2019-09-30 20:12:12,318 [main] INFO  db.DBStoreBuilder (DBStoreBuilder.java:addTable(110)) - using custom profile for table: default
2019-09-30 20:12:12,318 [main] INFO  db.DBStoreBuilder (DBStoreBuilder.java:processTables(167)) - Using default column profile:DBProfile.DISK for Table:default
2019-09-30 20:12:12,318 [main] INFO  db.DBStoreBuilder (DBStoreBuilder.java:getDbProfile(198)) - Using default options. DBProfile.DISK
2019-09-30 20:12:12,746 [main] INFO  ipc.CallQueueManager (CallQueueManager.java:<init>(84)) - Using callQueue: class java.util.concurrent.LinkedBlockingQueue, queueCapacity: 2000, scheduler: class org.apache.hadoop.ipc.DefaultRpcScheduler, ipcBackoff: false.
2019-09-30 20:12:12,747 [Socket Reader #1 for port 33699] INFO  ipc.Server (Server.java:run(1074)) - Starting Socket Reader #1 for port 33699
2019-09-30 20:12:12,759 [main] INFO  om.OzoneManager (OzoneManager.java:start(1243)) - OzoneManager RPC server is listening at localhost/127.0.0.1:33699
2019-09-30 20:12:12,759 [main] INFO  impl.MetricsSystemImpl (MetricsSystemImpl.java:init(158)) - OzoneManager metrics system started (again)
2019-09-30 20:12:12,760 [IPC Server Responder] INFO  ipc.Server (Server.java:run(1314)) - IPC Server Responder: starting
2019-09-30 20:12:12,760 [IPC Server listener on 33699] INFO  ipc.Server (Server.java:run(1153)) - IPC Server listener on 33699: starting
2019-09-30 20:12:12,767 [main] INFO  hdfs.DFSUtil (DFSUtil.java:httpServerTemplateForNNAndJN(1641)) - Starting Web-server for ozoneManager at: http://0.0.0.0:0
2019-09-30 20:12:12,768 [main] INFO  server.AuthenticationFilter (AuthenticationFilter.java:constructSecretProvider(240)) - Unable to initialize FileSignerSecretProvider, falling back to use random secrets.
2019-09-30 20:12:12,768 [main] WARN  http.HttpRequestLog (HttpRequestLog.java:getRequestLog(97)) - Jetty request log can only be enabled using Log4j
2019-09-30 20:12:12,770 [main] INFO  http.HttpServer2 (HttpServer2.java:addGlobalFilter(975)) - Added global filter 'safety' (class=org.apache.hadoop.http.HttpServer2$QuotingInputFilter)
2019-09-30 20:12:12,770 [main] INFO  http.HttpServer2 (HttpServer2.java:addFilter(948)) - Added filter static_user_filter (class=org.apache.hadoop.http.lib.StaticUserWebFilter$StaticUserFilter) to context ozoneManager
2019-09-30 20:12:12,770 [main] INFO  http.HttpServer2 (HttpServer2.java:addFilter(958)) - Added filter static_user_filter (class=org.apache.hadoop.http.lib.StaticUserWebFilter$StaticUserFilter) to context static
2019-09-30 20:12:12,770 [main] INFO  http.HttpServer2 (HttpServer2.java:addFilter(958)) - Added filter static_user_filter (class=org.apache.hadoop.http.lib.StaticUserWebFilter$StaticUserFilter) to context logs
2019-09-30 20:12:12,771 [main] INFO  http.HttpServer2 (HttpServer2.java:bindListener(1191)) - Jetty bound to port 40980
2019-09-30 20:12:12,771 [main] INFO  server.Server (Server.java:doStart(351)) - jetty-9.3.25.v20180904, build timestamp: 2018-09-04T21:11:46Z, git hash: 3ce520221d0240229c862b122d2b06c12a625732
2019-09-30 20:12:12,773 [main] INFO  handler.ContextHandler (ContextHandler.java:doStart(781)) - Started o.e.j.s.ServletContextHandler@4cc7d00d{/logs,file:///workdir/hadoop-ozone/integration-test/target/log,AVAILABLE}
2019-09-30 20:12:12,773 [main] INFO  handler.ContextHandler (ContextHandler.java:doStart(781)) - Started o.e.j.s.ServletContextHandler@91da29b{/static,file:///workdir/hadoop-ozone/integration-test/target/test-classes/webapps/static,AVAILABLE}
2019-09-30 20:12:12,776 [main] INFO  handler.ContextHandler (ContextHandler.java:doStart(781)) - Started o.e.j.w.WebAppContext@461c3709{/,file:///workdir/hadoop-ozone/integration-test/target/test-classes/webapps/ozoneManager/,AVAILABLE}{/ozoneManager}
2019-09-30 20:12:12,777 [main] INFO  server.AbstractConnector (AbstractConnector.java:doStart(278)) - Started ServerConnector@7e3d7dd{HTTP/1.1,[http/1.1]}{0.0.0.0:40980}
2019-09-30 20:12:12,778 [main] INFO  server.Server (Server.java:doStart(419)) - Started @103093ms
2019-09-30 20:12:12,778 [main] WARN  impl.MetricsSystemImpl (MetricsSystemImpl.java:register(276)) - Sink prometheus already exists!
2019-09-30 20:12:12,779 [main] INFO  server.BaseHttpServer (BaseHttpServer.java:updateConnectorAddress(215)) - HTTP server of OZONEMANAGER is listening at http://0.0.0.0:40980
2019-09-30 20:12:12,802 [main] INFO  impl.MetricsSystemImpl (MetricsSystemImpl.java:init(158)) - HddsDatanode metrics system started (again)
2019-09-30 20:12:12,806 [main] INFO  ozone.HddsDatanodeService (HddsDatanodeService.java:start(184)) - HddsDatanodeService host:pr-hdds-2210-ncz7r-3016196628 ip:192.168.164.209
2019-09-30 20:12:12,813 [main] INFO  volume.HddsVolume (HddsVolume.java:<init>(176)) - Creating Volume: /workdir/hadoop-ozone/integration-test/target/test-dir/MiniOzoneClusterImpl-a7c0ca27-5db2-4eb2-a1d1-8702a6efc9d7/datanode-0/data/containers/hdds of  storage type : DISK and capacity : 1482555576320
2019-09-30 20:12:12,814 [main] INFO  volume.VolumeSet (VolumeSet.java:initializeVolumeSet(170)) - Added Volume : /workdir/hadoop-ozone/integration-test/target/test-dir/MiniOzoneClusterImpl-a7c0ca27-5db2-4eb2-a1d1-8702a6efc9d7/datanode-0/data/containers/hdds to VolumeSet
2019-09-30 20:12:12,814 [main] INFO  volume.ThrottledAsyncChecker (ThrottledAsyncChecker.java:schedule(139)) - Scheduling a check for org.apache.hadoop.ozone.container.common.volume.HddsVolume@5e26f1ed
2019-09-30 20:12:12,816 [main] INFO  volume.HddsVolumeChecker (HddsVolumeChecker.java:checkAllVolumes(202)) - Scheduled health check for volume org.apache.hadoop.ozone.container.common.volume.HddsVolume@5e26f1ed
2019-09-30 20:12:12,833 [main] INFO  impl.RaftServerProxy (ConfUtils.java:logGet(43)) - raft.rpc.type = GRPC (default)
2019-09-30 20:12:12,833 [main] INFO  grpc.GrpcFactory (GrpcFactory.java:checkPooledByteBufAllocatorUseCacheForAllThreads(45)) - PERFORMANCE WARNING: useCacheForAllThreads is true that may cause Netty to create a lot garbage objects and, as a result, trigger GC.
	It is recommended to disable useCacheForAllThreads by setting -Dorg.apache.ratis.thirdparty.io.netty.allocator.useCacheForAllThreads=false in command line.
2019-09-30 20:12:12,833 [main] INFO  grpc.GrpcConfigKeys$Server (ConfUtils.java:logGet(43)) - raft.grpc.server.port = 0 (default)
2019-09-30 20:12:12,834 [main] INFO  server.GrpcService (ConfUtils.java:logGet(43)) - raft.grpc.message.size.max = 33570816 (custom)
2019-09-30 20:12:12,834 [main] INFO  server.RaftServerConfigKeys (ConfUtils.java:logGet(43)) - raft.server.log.appender.buffer.byte-limit = 33554432 (custom)
2019-09-30 20:12:12,834 [main] INFO  server.GrpcService (ConfUtils.java:logGet(43)) - raft.grpc.flow.control.window = 1MB (=1048576) (default)
2019-09-30 20:12:12,834 [main] INFO  server.RaftServerConfigKeys (ConfUtils.java:logGet(43)) - raft.server.rpc.request.timeout = 3000ms (default)
2019-09-30 20:12:12,835 [main] INFO  server.RaftServerConfigKeys (ConfUtils.java:logGet(43)) - raft.server.storage.dir = [/workdir/hadoop-ozone/integration-test/target/test-dir/MiniOzoneClusterImpl-a7c0ca27-5db2-4eb2-a1d1-8702a6efc9d7/datanode-0/data/ratis] (custom)
2019-09-30 20:12:12,837 [main] INFO  hdfs.DFSUtil (DFSUtil.java:httpServerTemplateForNNAndJN(1641)) - Starting Web-server for hddsDatanode at: http://0.0.0.0:0
2019-09-30 20:12:12,839 [main] INFO  server.AuthenticationFilter (AuthenticationFilter.java:constructSecretProvider(240)) - Unable to initialize FileSignerSecretProvider, falling back to use random secrets.
2019-09-30 20:12:12,839 [main] WARN  http.HttpRequestLog (HttpRequestLog.java:getRequestLog(97)) - Jetty request log can only be enabled using Log4j
2019-09-30 20:12:12,841 [main] INFO  http.HttpServer2 (HttpServer2.java:addGlobalFilter(975)) - Added global filter 'safety' (class=org.apache.hadoop.http.HttpServer2$QuotingInputFilter)
2019-09-30 20:12:12,841 [main] INFO  http.HttpServer2 (HttpServer2.java:addFilter(948)) - Added filter static_user_filter (class=org.apache.hadoop.http.lib.StaticUserWebFilter$StaticUserFilter) to context hddsDatanode
2019-09-30 20:12:12,841 [main] INFO  http.HttpServer2 (HttpServer2.java:addFilter(958)) - Added filter static_user_filter (class=org.apache.hadoop.http.lib.StaticUserWebFilter$StaticUserFilter) to context logs
2019-09-30 20:12:12,841 [main] INFO  http.HttpServer2 (HttpServer2.java:addFilter(958)) - Added filter static_user_filter (class=org.apache.hadoop.http.lib.StaticUserWebFilter$StaticUserFilter) to context static
2019-09-30 20:12:12,842 [main] INFO  http.HttpServer2 (HttpServer2.java:bindListener(1191)) - Jetty bound to port 38281
2019-09-30 20:12:12,842 [main] INFO  server.Server (Server.java:doStart(351)) - jetty-9.3.25.v20180904, build timestamp: 2018-09-04T21:11:46Z, git hash: 3ce520221d0240229c862b122d2b06c12a625732
2019-09-30 20:12:12,844 [main] INFO  handler.ContextHandler (ContextHandler.java:doStart(781)) - Started o.e.j.s.ServletContextHandler@71aaf151{/logs,file:///workdir/hadoop-ozone/integration-test/target/log,AVAILABLE}
2019-09-30 20:12:12,845 [main] INFO  handler.ContextHandler (ContextHandler.java:doStart(781)) - Started o.e.j.s.ServletContextHandler@32d418a9{/static,jar:file:/home/user/.m2/repository/org/apache/hadoop/hadoop-hdds-container-service/0.5.0-SNAPSHOT/hadoop-hdds-container-service-0.5.0-SNAPSHOT.jar!/webapps/static,AVAILABLE}
2019-09-30 20:12:12,878 [main] INFO  handler.ContextHandler (ContextHandler.java:doStart(781)) - Started o.e.j.w.WebAppContext@66c9b52f{/,file:///tmp/jetty-0.0.0.0-38281-hddsDatanode-_-any-6555062348682168405.dir/webapp/,AVAILABLE}{/hddsDatanode}
2019-09-30 20:12:12,878 [main] INFO  server.AbstractConnector (AbstractConnector.java:doStart(278)) - Started ServerConnector@1536ea40{HTTP/1.1,[http/1.1]}{0.0.0.0:38281}
2019-09-30 20:12:12,880 [main] INFO  server.Server (Server.java:doStart(419)) - Started @103194ms
2019-09-30 20:12:12,880 [main] WARN  impl.MetricsSystemImpl (MetricsSystemImpl.java:register(276)) - Sink prometheus already exists!
2019-09-30 20:12:12,880 [main] INFO  server.BaseHttpServer (BaseHttpServer.java:updateConnectorAddress(215)) - HTTP server of HDDSDATANODE is listening at http://0.0.0.0:38281
2019-09-30 20:12:12,881 [main] INFO  impl.MetricsSystemImpl (MetricsSystemImpl.java:init(158)) - HddsDatanode metrics system started (again)
2019-09-30 20:12:12,883 [main] INFO  ozone.HddsDatanodeService (HddsDatanodeService.java:start(184)) - HddsDatanodeService host:pr-hdds-2210-ncz7r-3016196628 ip:192.168.164.209
2019-09-30 20:12:12,884 [org.apache.hadoop.util.JvmPauseMonitor$Monitor@19ebecb3] INFO  util.JvmPauseMonitor (JvmPauseMonitor.java:run(188)) - Starting JVM pause monitor
2019-09-30 20:12:12,887 [Datanode State Machine Thread - 0] INFO  datanode.InitDatanodeState (InitDatanodeState.java:persistContainerDatanodeDetails(140)) - DatanodeDetails is persisted to /workdir/hadoop-ozone/integration-test/target/test-dir/MiniOzoneClusterImpl-a7c0ca27-5db2-4eb2-a1d1-8702a6efc9d7/datanode-0/meta/datanode.id
2019-09-30 20:12:12,890 [main] INFO  volume.HddsVolume (HddsVolume.java:<init>(176)) - Creating Volume: /workdir/hadoop-ozone/integration-test/target/test-dir/MiniOzoneClusterImpl-a7c0ca27-5db2-4eb2-a1d1-8702a6efc9d7/datanode-1/data/containers/hdds of  storage type : DISK and capacity : 1482555576320
2019-09-30 20:12:12,890 [main] INFO  volume.VolumeSet (VolumeSet.java:initializeVolumeSet(170)) - Added Volume : /workdir/hadoop-ozone/integration-test/target/test-dir/MiniOzoneClusterImpl-a7c0ca27-5db2-4eb2-a1d1-8702a6efc9d7/datanode-1/data/containers/hdds to VolumeSet
2019-09-30 20:12:12,890 [main] INFO  volume.ThrottledAsyncChecker (ThrottledAsyncChecker.java:schedule(139)) - Scheduling a check for org.apache.hadoop.ozone.container.common.volume.HddsVolume@5eb5da12
2019-09-30 20:12:12,891 [main] INFO  volume.HddsVolumeChecker (HddsVolumeChecker.java:checkAllVolumes(202)) - Scheduled health check for volume org.apache.hadoop.ozone.container.common.volume.HddsVolume@5eb5da12
2019-09-30 20:12:12,906 [main] INFO  impl.RaftServerProxy (ConfUtils.java:logGet(43)) - raft.rpc.type = GRPC (default)
2019-09-30 20:12:12,906 [main] INFO  grpc.GrpcFactory (GrpcFactory.java:checkPooledByteBufAllocatorUseCacheForAllThreads(45)) - PERFORMANCE WARNING: useCacheForAllThreads is true that may cause Netty to create a lot garbage objects and, as a result, trigger GC.
	It is recommended to disable useCacheForAllThreads by setting -Dorg.apache.ratis.thirdparty.io.netty.allocator.useCacheForAllThreads=false in command line.
2019-09-30 20:12:12,906 [main] INFO  grpc.GrpcConfigKeys$Server (ConfUtils.java:logGet(43)) - raft.grpc.server.port = 0 (default)
2019-09-30 20:12:12,907 [main] INFO  server.GrpcService (ConfUtils.java:logGet(43)) - raft.grpc.message.size.max = 33570816 (custom)
2019-09-30 20:12:12,907 [main] INFO  server.RaftServerConfigKeys (ConfUtils.java:logGet(43)) - raft.server.log.appender.buffer.byte-limit = 33554432 (custom)
2019-09-30 20:12:12,907 [main] INFO  server.GrpcService (ConfUtils.java:logGet(43)) - raft.grpc.flow.control.window = 1MB (=1048576) (default)
2019-09-30 20:12:12,907 [main] INFO  server.RaftServerConfigKeys (ConfUtils.java:logGet(43)) - raft.server.rpc.request.timeout = 3000ms (default)
2019-09-30 20:12:12,908 [main] INFO  server.RaftServerConfigKeys (ConfUtils.java:logGet(43)) - raft.server.storage.dir = [/workdir/hadoop-ozone/integration-test/target/test-dir/MiniOzoneClusterImpl-a7c0ca27-5db2-4eb2-a1d1-8702a6efc9d7/datanode-1/data/ratis] (custom)
2019-09-30 20:12:12,910 [main] INFO  hdfs.DFSUtil (DFSUtil.java:httpServerTemplateForNNAndJN(1641)) - Starting Web-server for hddsDatanode at: http://0.0.0.0:0
2019-09-30 20:12:12,915 [main] INFO  server.AuthenticationFilter (AuthenticationFilter.java:constructSecretProvider(240)) - Unable to initialize FileSignerSecretProvider, falling back to use random secrets.
2019-09-30 20:12:12,916 [main] WARN  http.HttpRequestLog (HttpRequestLog.java:getRequestLog(97)) - Jetty request log can only be enabled using Log4j
2019-09-30 20:12:12,918 [main] INFO  http.HttpServer2 (HttpServer2.java:addGlobalFilter(975)) - Added global filter 'safety' (class=org.apache.hadoop.http.HttpServer2$QuotingInputFilter)
2019-09-30 20:12:12,919 [main] INFO  http.HttpServer2 (HttpServer2.java:addFilter(948)) - Added filter static_user_filter (class=org.apache.hadoop.http.lib.StaticUserWebFilter$StaticUserFilter) to context hddsDatanode
2019-09-30 20:12:12,919 [main] INFO  http.HttpServer2 (HttpServer2.java:addFilter(958)) - Added filter static_user_filter (class=org.apache.hadoop.http.lib.StaticUserWebFilter$StaticUserFilter) to context static
2019-09-30 20:12:12,919 [main] INFO  http.HttpServer2 (HttpServer2.java:addFilter(958)) - Added filter static_user_filter (class=org.apache.hadoop.http.lib.StaticUserWebFilter$StaticUserFilter) to context logs
2019-09-30 20:12:12,920 [main] INFO  http.HttpServer2 (HttpServer2.java:bindListener(1191)) - Jetty bound to port 33608
2019-09-30 20:12:12,921 [main] INFO  server.Server (Server.java:doStart(351)) - jetty-9.3.25.v20180904, build timestamp: 2018-09-04T21:11:46Z, git hash: 3ce520221d0240229c862b122d2b06c12a625732
2019-09-30 20:12:12,923 [main] INFO  handler.ContextHandler (ContextHandler.java:doStart(781)) - Started o.e.j.s.ServletContextHandler@4aa31ffc{/logs,file:///workdir/hadoop-ozone/integration-test/target/log,AVAILABLE}
2019-09-30 20:12:12,923 [main] INFO  handler.ContextHandler (ContextHandler.java:doStart(781)) - Started o.e.j.s.ServletContextHandler@7d42542{/static,jar:file:/home/user/.m2/repository/org/apache/hadoop/hadoop-hdds-container-service/0.5.0-SNAPSHOT/hadoop-hdds-container-service-0.5.0-SNAPSHOT.jar!/webapps/static,AVAILABLE}
2019-09-30 20:12:12,963 [main] INFO  handler.ContextHandler (ContextHandler.java:doStart(781)) - Started o.e.j.w.WebAppContext@16a5c7e4{/,file:///tmp/jetty-0.0.0.0-33608-hddsDatanode-_-any-1670642255135522316.dir/webapp/,AVAILABLE}{/hddsDatanode}
2019-09-30 20:12:12,964 [main] INFO  server.AbstractConnector (AbstractConnector.java:doStart(278)) - Started ServerConnector@1e225820{HTTP/1.1,[http/1.1]}{0.0.0.0:33608}
2019-09-30 20:12:12,970 [main] INFO  server.Server (Server.java:doStart(419)) - Started @103285ms
2019-09-30 20:12:12,970 [main] WARN  impl.MetricsSystemImpl (MetricsSystemImpl.java:register(276)) - Sink prometheus already exists!
2019-09-30 20:12:12,971 [main] INFO  server.BaseHttpServer (BaseHttpServer.java:updateConnectorAddress(215)) - HTTP server of HDDSDATANODE is listening at http://0.0.0.0:33608
2019-09-30 20:12:12,971 [main] INFO  impl.MetricsSystemImpl (MetricsSystemImpl.java:init(158)) - HddsDatanode metrics system started (again)
2019-09-30 20:12:12,974 [org.apache.hadoop.util.JvmPauseMonitor$Monitor@5a747cf7] INFO  util.JvmPauseMonitor (JvmPauseMonitor.java:run(188)) - Starting JVM pause monitor
2019-09-30 20:12:12,975 [main] INFO  ozone.HddsDatanodeService (HddsDatanodeService.java:start(184)) - HddsDatanodeService host:pr-hdds-2210-ncz7r-3016196628 ip:192.168.164.209
2019-09-30 20:12:12,978 [Datanode State Machine Thread - 0] INFO  datanode.InitDatanodeState (InitDatanodeState.java:persistContainerDatanodeDetails(140)) - DatanodeDetails is persisted to /workdir/hadoop-ozone/integration-test/target/test-dir/MiniOzoneClusterImpl-a7c0ca27-5db2-4eb2-a1d1-8702a6efc9d7/datanode-1/meta/datanode.id
2019-09-30 20:12:12,981 [main] INFO  volume.HddsVolume (HddsVolume.java:<init>(176)) - Creating Volume: /workdir/hadoop-ozone/integration-test/target/test-dir/MiniOzoneClusterImpl-a7c0ca27-5db2-4eb2-a1d1-8702a6efc9d7/datanode-2/data/containers/hdds of  storage type : DISK and capacity : 1482555576320
2019-09-30 20:12:12,981 [main] INFO  volume.VolumeSet (VolumeSet.java:initializeVolumeSet(170)) - Added Volume : /workdir/hadoop-ozone/integration-test/target/test-dir/MiniOzoneClusterImpl-a7c0ca27-5db2-4eb2-a1d1-8702a6efc9d7/datanode-2/data/containers/hdds to VolumeSet
2019-09-30 20:12:12,981 [main] INFO  volume.ThrottledAsyncChecker (ThrottledAsyncChecker.java:schedule(139)) - Scheduling a check for org.apache.hadoop.ozone.container.common.volume.HddsVolume@5ae1c281
2019-09-30 20:12:12,982 [main] INFO  volume.HddsVolumeChecker (HddsVolumeChecker.java:checkAllVolumes(202)) - Scheduled health check for volume org.apache.hadoop.ozone.container.common.volume.HddsVolume@5ae1c281
2019-09-30 20:12:12,996 [main] INFO  impl.RaftServerProxy (ConfUtils.java:logGet(43)) - raft.rpc.type = GRPC (default)
2019-09-30 20:12:12,996 [main] INFO  grpc.GrpcFactory (GrpcFactory.java:checkPooledByteBufAllocatorUseCacheForAllThreads(45)) - PERFORMANCE WARNING: useCacheForAllThreads is true that may cause Netty to create a lot garbage objects and, as a result, trigger GC.
	It is recommended to disable useCacheForAllThreads by setting -Dorg.apache.ratis.thirdparty.io.netty.allocator.useCacheForAllThreads=false in command line.
2019-09-30 20:12:12,996 [main] INFO  grpc.GrpcConfigKeys$Server (ConfUtils.java:logGet(43)) - raft.grpc.server.port = 0 (default)
2019-09-30 20:12:12,996 [main] INFO  server.GrpcService (ConfUtils.java:logGet(43)) - raft.grpc.message.size.max = 33570816 (custom)
2019-09-30 20:12:12,996 [main] INFO  server.RaftServerConfigKeys (ConfUtils.java:logGet(43)) - raft.server.log.appender.buffer.byte-limit = 33554432 (custom)
2019-09-30 20:12:12,997 [main] INFO  server.GrpcService (ConfUtils.java:logGet(43)) - raft.grpc.flow.control.window = 1MB (=1048576) (default)
2019-09-30 20:12:12,997 [main] INFO  server.RaftServerConfigKeys (ConfUtils.java:logGet(43)) - raft.server.rpc.request.timeout = 3000ms (default)
2019-09-30 20:12:12,997 [main] INFO  server.RaftServerConfigKeys (ConfUtils.java:logGet(43)) - raft.server.storage.dir = [/workdir/hadoop-ozone/integration-test/target/test-dir/MiniOzoneClusterImpl-a7c0ca27-5db2-4eb2-a1d1-8702a6efc9d7/datanode-2/data/ratis] (custom)
2019-09-30 20:12:12,999 [main] INFO  hdfs.DFSUtil (DFSUtil.java:httpServerTemplateForNNAndJN(1641)) - Starting Web-server for hddsDatanode at: http://0.0.0.0:0
2019-09-30 20:12:13,000 [main] INFO  server.AuthenticationFilter (AuthenticationFilter.java:constructSecretProvider(240)) - Unable to initialize FileSignerSecretProvider, falling back to use random secrets.
2019-09-30 20:12:13,000 [main] WARN  http.HttpRequestLog (HttpRequestLog.java:getRequestLog(97)) - Jetty request log can only be enabled using Log4j
2019-09-30 20:12:13,002 [main] INFO  http.HttpServer2 (HttpServer2.java:addGlobalFilter(975)) - Added global filter 'safety' (class=org.apache.hadoop.http.HttpServer2$QuotingInputFilter)
2019-09-30 20:12:13,002 [main] INFO  http.HttpServer2 (HttpServer2.java:addFilter(948)) - Added filter static_user_filter (class=org.apache.hadoop.http.lib.StaticUserWebFilter$StaticUserFilter) to context hddsDatanode
2019-09-30 20:12:13,002 [main] INFO  http.HttpServer2 (HttpServer2.java:addFilter(958)) - Added filter static_user_filter (class=org.apache.hadoop.http.lib.StaticUserWebFilter$StaticUserFilter) to context static
2019-09-30 20:12:13,002 [main] INFO  http.HttpServer2 (HttpServer2.java:addFilter(958)) - Added filter static_user_filter (class=org.apache.hadoop.http.lib.StaticUserWebFilter$StaticUserFilter) to context logs
2019-09-30 20:12:13,003 [main] INFO  http.HttpServer2 (HttpServer2.java:bindListener(1191)) - Jetty bound to port 42598
2019-09-30 20:12:13,003 [main] INFO  server.Server (Server.java:doStart(351)) - jetty-9.3.25.v20180904, build timestamp: 2018-09-04T21:11:46Z, git hash: 3ce520221d0240229c862b122d2b06c12a625732
2019-09-30 20:12:13,005 [main] INFO  handler.ContextHandler (ContextHandler.java:doStart(781)) - Started o.e.j.s.ServletContextHandler@1039bfc4{/logs,file:///workdir/hadoop-ozone/integration-test/target/log,AVAILABLE}
2019-09-30 20:12:13,006 [main] INFO  handler.ContextHandler (ContextHandler.java:doStart(781)) - Started o.e.j.s.ServletContextHandler@1fd7a37{/static,jar:file:/home/user/.m2/repository/org/apache/hadoop/hadoop-hdds-container-service/0.5.0-SNAPSHOT/hadoop-hdds-container-service-0.5.0-SNAPSHOT.jar!/webapps/static,AVAILABLE}
2019-09-30 20:12:13,035 [main] INFO  handler.ContextHandler (ContextHandler.java:doStart(781)) - Started o.e.j.w.WebAppContext@41b64020{/,file:///tmp/jetty-0.0.0.0-42598-hddsDatanode-_-any-8073582543518811223.dir/webapp/,AVAILABLE}{/hddsDatanode}
2019-09-30 20:12:13,035 [main] INFO  server.AbstractConnector (AbstractConnector.java:doStart(278)) - Started ServerConnector@1a538ed8{HTTP/1.1,[http/1.1]}{0.0.0.0:42598}
2019-09-30 20:12:13,037 [main] INFO  server.Server (Server.java:doStart(419)) - Started @103352ms
2019-09-30 20:12:13,037 [main] WARN  impl.MetricsSystemImpl (MetricsSystemImpl.java:register(276)) - Sink prometheus already exists!
2019-09-30 20:12:13,038 [main] INFO  server.BaseHttpServer (BaseHttpServer.java:updateConnectorAddress(215)) - HTTP server of HDDSDATANODE is listening at http://0.0.0.0:42598
2019-09-30 20:12:13,038 [main] INFO  impl.MetricsSystemImpl (MetricsSystemImpl.java:init(158)) - HddsDatanode metrics system started (again)
2019-09-30 20:12:13,041 [main] INFO  ozone.HddsDatanodeService (HddsDatanodeService.java:start(184)) - HddsDatanodeService host:pr-hdds-2210-ncz7r-3016196628 ip:192.168.164.209
2019-09-30 20:12:13,042 [org.apache.hadoop.util.JvmPauseMonitor$Monitor@68e58c4e] INFO  util.JvmPauseMonitor (JvmPauseMonitor.java:run(188)) - Starting JVM pause monitor
2019-09-30 20:12:13,044 [Datanode State Machine Thread - 0] INFO  datanode.InitDatanodeState (InitDatanodeState.java:persistContainerDatanodeDetails(140)) - DatanodeDetails is persisted to /workdir/hadoop-ozone/integration-test/target/test-dir/MiniOzoneClusterImpl-a7c0ca27-5db2-4eb2-a1d1-8702a6efc9d7/datanode-2/meta/datanode.id
2019-09-30 20:12:13,048 [main] INFO  volume.HddsVolume (HddsVolume.java:<init>(176)) - Creating Volume: /workdir/hadoop-ozone/integration-test/target/test-dir/MiniOzoneClusterImpl-a7c0ca27-5db2-4eb2-a1d1-8702a6efc9d7/datanode-3/data/containers/hdds of  storage type : DISK and capacity : 1482555576320
2019-09-30 20:12:13,048 [main] INFO  volume.VolumeSet (VolumeSet.java:initializeVolumeSet(170)) - Added Volume : /workdir/hadoop-ozone/integration-test/target/test-dir/MiniOzoneClusterImpl-a7c0ca27-5db2-4eb2-a1d1-8702a6efc9d7/datanode-3/data/containers/hdds to VolumeSet
2019-09-30 20:12:13,049 [main] INFO  volume.ThrottledAsyncChecker (ThrottledAsyncChecker.java:schedule(139)) - Scheduling a check for org.apache.hadoop.ozone.container.common.volume.HddsVolume@26865482
2019-09-30 20:12:13,049 [main] INFO  volume.HddsVolumeChecker (HddsVolumeChecker.java:checkAllVolumes(202)) - Scheduled health check for volume org.apache.hadoop.ozone.container.common.volume.HddsVolume@26865482
2019-09-30 20:12:13,063 [main] INFO  impl.RaftServerProxy (ConfUtils.java:logGet(43)) - raft.rpc.type = GRPC (default)
2019-09-30 20:12:13,063 [main] INFO  grpc.GrpcFactory (GrpcFactory.java:checkPooledByteBufAllocatorUseCacheForAllThreads(45)) - PERFORMANCE WARNING: useCacheForAllThreads is true that may cause Netty to create a lot garbage objects and, as a result, trigger GC.
	It is recommended to disable useCacheForAllThreads by setting -Dorg.apache.ratis.thirdparty.io.netty.allocator.useCacheForAllThreads=false in command line.
2019-09-30 20:12:13,064 [main] INFO  grpc.GrpcConfigKeys$Server (ConfUtils.java:logGet(43)) - raft.grpc.server.port = 0 (default)
2019-09-30 20:12:13,064 [main] INFO  server.GrpcService (ConfUtils.java:logGet(43)) - raft.grpc.message.size.max = 33570816 (custom)
2019-09-30 20:12:13,064 [main] INFO  server.RaftServerConfigKeys (ConfUtils.java:logGet(43)) - raft.server.log.appender.buffer.byte-limit = 33554432 (custom)
2019-09-30 20:12:13,064 [main] INFO  server.GrpcService (ConfUtils.java:logGet(43)) - raft.grpc.flow.control.window = 1MB (=1048576) (default)
2019-09-30 20:12:13,064 [main] INFO  server.RaftServerConfigKeys (ConfUtils.java:logGet(43)) - raft.server.rpc.request.timeout = 3000ms (default)
2019-09-30 20:12:13,065 [main] INFO  server.RaftServerConfigKeys (ConfUtils.java:logGet(43)) - raft.server.storage.dir = [/workdir/hadoop-ozone/integration-test/target/test-dir/MiniOzoneClusterImpl-a7c0ca27-5db2-4eb2-a1d1-8702a6efc9d7/datanode-3/data/ratis] (custom)
2019-09-30 20:12:13,066 [main] INFO  hdfs.DFSUtil (DFSUtil.java:httpServerTemplateForNNAndJN(1641)) - Starting Web-server for hddsDatanode at: http://0.0.0.0:0
2019-09-30 20:12:13,067 [main] INFO  server.AuthenticationFilter (AuthenticationFilter.java:constructSecretProvider(240)) - Unable to initialize FileSignerSecretProvider, falling back to use random secrets.
2019-09-30 20:12:13,068 [main] WARN  http.HttpRequestLog (HttpRequestLog.java:getRequestLog(97)) - Jetty request log can only be enabled using Log4j
2019-09-30 20:12:13,069 [main] INFO  http.HttpServer2 (HttpServer2.java:addGlobalFilter(975)) - Added global filter 'safety' (class=org.apache.hadoop.http.HttpServer2$QuotingInputFilter)
2019-09-30 20:12:13,069 [main] INFO  http.HttpServer2 (HttpServer2.java:addFilter(948)) - Added filter static_user_filter (class=org.apache.hadoop.http.lib.StaticUserWebFilter$StaticUserFilter) to context hddsDatanode
2019-09-30 20:12:13,070 [main] INFO  http.HttpServer2 (HttpServer2.java:addFilter(958)) - Added filter static_user_filter (class=org.apache.hadoop.http.lib.StaticUserWebFilter$StaticUserFilter) to context logs
2019-09-30 20:12:13,070 [main] INFO  http.HttpServer2 (HttpServer2.java:addFilter(958)) - Added filter static_user_filter (class=org.apache.hadoop.http.lib.StaticUserWebFilter$StaticUserFilter) to context static
2019-09-30 20:12:13,070 [main] INFO  http.HttpServer2 (HttpServer2.java:bindListener(1191)) - Jetty bound to port 33825
2019-09-30 20:12:13,071 [main] INFO  server.Server (Server.java:doStart(351)) - jetty-9.3.25.v20180904, build timestamp: 2018-09-04T21:11:46Z, git hash: 3ce520221d0240229c862b122d2b06c12a625732
2019-09-30 20:12:13,073 [main] INFO  handler.ContextHandler (ContextHandler.java:doStart(781)) - Started o.e.j.s.ServletContextHandler@996a546{/logs,file:///workdir/hadoop-ozone/integration-test/target/log,AVAILABLE}
2019-09-30 20:12:13,073 [main] INFO  handler.ContextHandler (ContextHandler.java:doStart(781)) - Started o.e.j.s.ServletContextHandler@545b5ed0{/static,jar:file:/home/user/.m2/repository/org/apache/hadoop/hadoop-hdds-container-service/0.5.0-SNAPSHOT/hadoop-hdds-container-service-0.5.0-SNAPSHOT.jar!/webapps/static,AVAILABLE}
2019-09-30 20:12:13,101 [main] INFO  handler.ContextHandler (ContextHandler.java:doStart(781)) - Started o.e.j.w.WebAppContext@11dcd42c{/,file:///tmp/jetty-0.0.0.0-33825-hddsDatanode-_-any-5311385246856086391.dir/webapp/,AVAILABLE}{/hddsDatanode}
2019-09-30 20:12:13,101 [main] INFO  server.AbstractConnector (AbstractConnector.java:doStart(278)) - Started ServerConnector@d13baac{HTTP/1.1,[http/1.1]}{0.0.0.0:33825}
2019-09-30 20:12:13,103 [main] INFO  server.Server (Server.java:doStart(419)) - Started @103418ms
2019-09-30 20:12:13,103 [main] WARN  impl.MetricsSystemImpl (MetricsSystemImpl.java:register(276)) - Sink prometheus already exists!
2019-09-30 20:12:13,104 [main] INFO  server.BaseHttpServer (BaseHttpServer.java:updateConnectorAddress(215)) - HTTP server of HDDSDATANODE is listening at http://0.0.0.0:33825
2019-09-30 20:12:13,104 [main] INFO  impl.MetricsSystemImpl (MetricsSystemImpl.java:init(158)) - HddsDatanode metrics system started (again)
2019-09-30 20:12:13,108 [org.apache.hadoop.util.JvmPauseMonitor$Monitor@533e4417] INFO  util.JvmPauseMonitor (JvmPauseMonitor.java:run(188)) - Starting JVM pause monitor
2019-09-30 20:12:13,109 [main] INFO  ozone.HddsDatanodeService (HddsDatanodeService.java:start(184)) - HddsDatanodeService host:pr-hdds-2210-ncz7r-3016196628 ip:192.168.164.209
2019-09-30 20:12:13,110 [Datanode State Machine Thread - 0] INFO  datanode.InitDatanodeState (InitDatanodeState.java:persistContainerDatanodeDetails(140)) - DatanodeDetails is persisted to /workdir/hadoop-ozone/integration-test/target/test-dir/MiniOzoneClusterImpl-a7c0ca27-5db2-4eb2-a1d1-8702a6efc9d7/datanode-3/meta/datanode.id
2019-09-30 20:12:13,121 [main] INFO  volume.HddsVolume (HddsVolume.java:<init>(176)) - Creating Volume: /workdir/hadoop-ozone/integration-test/target/test-dir/MiniOzoneClusterImpl-a7c0ca27-5db2-4eb2-a1d1-8702a6efc9d7/datanode-4/data/containers/hdds of  storage type : DISK and capacity : 1482555576320
2019-09-30 20:12:13,121 [main] INFO  volume.VolumeSet (VolumeSet.java:initializeVolumeSet(170)) - Added Volume : /workdir/hadoop-ozone/integration-test/target/test-dir/MiniOzoneClusterImpl-a7c0ca27-5db2-4eb2-a1d1-8702a6efc9d7/datanode-4/data/containers/hdds to VolumeSet
2019-09-30 20:12:13,121 [main] INFO  volume.ThrottledAsyncChecker (ThrottledAsyncChecker.java:schedule(139)) - Scheduling a check for org.apache.hadoop.ozone.container.common.volume.HddsVolume@7a9ceddf
2019-09-30 20:12:13,122 [main] INFO  volume.HddsVolumeChecker (HddsVolumeChecker.java:checkAllVolumes(202)) - Scheduled health check for volume org.apache.hadoop.ozone.container.common.volume.HddsVolume@7a9ceddf
2019-09-30 20:12:13,136 [main] INFO  impl.RaftServerProxy (ConfUtils.java:logGet(43)) - raft.rpc.type = GRPC (default)
2019-09-30 20:12:13,137 [main] INFO  grpc.GrpcFactory (GrpcFactory.java:checkPooledByteBufAllocatorUseCacheForAllThreads(45)) - PERFORMANCE WARNING: useCacheForAllThreads is true that may cause Netty to create a lot garbage objects and, as a result, trigger GC.
	It is recommended to disable useCacheForAllThreads by setting -Dorg.apache.ratis.thirdparty.io.netty.allocator.useCacheForAllThreads=false in command line.
2019-09-30 20:12:13,137 [main] INFO  grpc.GrpcConfigKeys$Server (ConfUtils.java:logGet(43)) - raft.grpc.server.port = 0 (default)
2019-09-30 20:12:13,137 [main] INFO  server.GrpcService (ConfUtils.java:logGet(43)) - raft.grpc.message.size.max = 33570816 (custom)
2019-09-30 20:12:13,137 [main] INFO  server.RaftServerConfigKeys (ConfUtils.java:logGet(43)) - raft.server.log.appender.buffer.byte-limit = 33554432 (custom)
2019-09-30 20:12:13,137 [main] INFO  server.GrpcService (ConfUtils.java:logGet(43)) - raft.grpc.flow.control.window = 1MB (=1048576) (default)
2019-09-30 20:12:13,138 [main] INFO  server.RaftServerConfigKeys (ConfUtils.java:logGet(43)) - raft.server.rpc.request.timeout = 3000ms (default)
2019-09-30 20:12:13,138 [main] INFO  server.RaftServerConfigKeys (ConfUtils.java:logGet(43)) - raft.server.storage.dir = [/workdir/hadoop-ozone/integration-test/target/test-dir/MiniOzoneClusterImpl-a7c0ca27-5db2-4eb2-a1d1-8702a6efc9d7/datanode-4/data/ratis] (custom)
2019-09-30 20:12:13,139 [main] INFO  hdfs.DFSUtil (DFSUtil.java:httpServerTemplateForNNAndJN(1641)) - Starting Web-server for hddsDatanode at: http://0.0.0.0:0
2019-09-30 20:12:13,140 [main] INFO  server.AuthenticationFilter (AuthenticationFilter.java:constructSecretProvider(240)) - Unable to initialize FileSignerSecretProvider, falling back to use random secrets.
2019-09-30 20:12:13,141 [main] WARN  http.HttpRequestLog (HttpRequestLog.java:getRequestLog(97)) - Jetty request log can only be enabled using Log4j
2019-09-30 20:12:13,142 [main] INFO  http.HttpServer2 (HttpServer2.java:addGlobalFilter(975)) - Added global filter 'safety' (class=org.apache.hadoop.http.HttpServer2$QuotingInputFilter)
2019-09-30 20:12:13,142 [main] INFO  http.HttpServer2 (HttpServer2.java:addFilter(948)) - Added filter static_user_filter (class=org.apache.hadoop.http.lib.StaticUserWebFilter$StaticUserFilter) to context hddsDatanode
2019-09-30 20:12:13,143 [main] INFO  http.HttpServer2 (HttpServer2.java:addFilter(958)) - Added filter static_user_filter (class=org.apache.hadoop.http.lib.StaticUserWebFilter$StaticUserFilter) to context logs
2019-09-30 20:12:13,143 [main] INFO  http.HttpServer2 (HttpServer2.java:addFilter(958)) - Added filter static_user_filter (class=org.apache.hadoop.http.lib.StaticUserWebFilter$StaticUserFilter) to context static
2019-09-30 20:12:13,143 [main] INFO  http.HttpServer2 (HttpServer2.java:bindListener(1191)) - Jetty bound to port 33346
2019-09-30 20:12:13,144 [main] INFO  server.Server (Server.java:doStart(351)) - jetty-9.3.25.v20180904, build timestamp: 2018-09-04T21:11:46Z, git hash: 3ce520221d0240229c862b122d2b06c12a625732
2019-09-30 20:12:13,145 [main] INFO  handler.ContextHandler (ContextHandler.java:doStart(781)) - Started o.e.j.s.ServletContextHandler@2287395{/logs,file:///workdir/hadoop-ozone/integration-test/target/log,AVAILABLE}
2019-09-30 20:12:13,146 [main] INFO  handler.ContextHandler (ContextHandler.java:doStart(781)) - Started o.e.j.s.ServletContextHandler@38f981b6{/static,jar:file:/home/user/.m2/repository/org/apache/hadoop/hadoop-hdds-container-service/0.5.0-SNAPSHOT/hadoop-hdds-container-service-0.5.0-SNAPSHOT.jar!/webapps/static,AVAILABLE}
2019-09-30 20:12:13,173 [main] INFO  handler.ContextHandler (ContextHandler.java:doStart(781)) - Started o.e.j.w.WebAppContext@7f79edee{/,file:///tmp/jetty-0.0.0.0-33346-hddsDatanode-_-any-9108146120696376317.dir/webapp/,AVAILABLE}{/hddsDatanode}
2019-09-30 20:12:13,173 [main] INFO  server.AbstractConnector (AbstractConnector.java:doStart(278)) - Started ServerConnector@1ca610a0{HTTP/1.1,[http/1.1]}{0.0.0.0:33346}
2019-09-30 20:12:13,174 [main] INFO  server.Server (Server.java:doStart(419)) - Started @103489ms
2019-09-30 20:12:13,174 [main] WARN  impl.MetricsSystemImpl (MetricsSystemImpl.java:register(276)) - Sink prometheus already exists!
2019-09-30 20:12:13,175 [main] INFO  server.BaseHttpServer (BaseHttpServer.java:updateConnectorAddress(215)) - HTTP server of HDDSDATANODE is listening at http://0.0.0.0:33346
2019-09-30 20:12:13,176 [main] INFO  impl.MetricsSystemImpl (MetricsSystemImpl.java:init(158)) - HddsDatanode metrics system started (again)
2019-09-30 20:12:13,181 [org.apache.hadoop.util.JvmPauseMonitor$Monitor@11f082c7] INFO  util.JvmPauseMonitor (JvmPauseMonitor.java:run(188)) - Starting JVM pause monitor
2019-09-30 20:12:13,181 [main] INFO  ozone.HddsDatanodeService (HddsDatanodeService.java:start(184)) - HddsDatanodeService host:pr-hdds-2210-ncz7r-3016196628 ip:192.168.164.209
2019-09-30 20:12:13,182 [Datanode State Machine Thread - 0] INFO  datanode.InitDatanodeState (InitDatanodeState.java:persistContainerDatanodeDetails(140)) - DatanodeDetails is persisted to /workdir/hadoop-ozone/integration-test/target/test-dir/MiniOzoneClusterImpl-a7c0ca27-5db2-4eb2-a1d1-8702a6efc9d7/datanode-4/meta/datanode.id
2019-09-30 20:12:13,189 [main] INFO  volume.HddsVolume (HddsVolume.java:<init>(176)) - Creating Volume: /workdir/hadoop-ozone/integration-test/target/test-dir/MiniOzoneClusterImpl-a7c0ca27-5db2-4eb2-a1d1-8702a6efc9d7/datanode-5/data/containers/hdds of  storage type : DISK and capacity : 1482555576320
2019-09-30 20:12:13,189 [main] INFO  volume.VolumeSet (VolumeSet.java:initializeVolumeSet(170)) - Added Volume : /workdir/hadoop-ozone/integration-test/target/test-dir/MiniOzoneClusterImpl-a7c0ca27-5db2-4eb2-a1d1-8702a6efc9d7/datanode-5/data/containers/hdds to VolumeSet
2019-09-30 20:12:13,190 [main] INFO  volume.ThrottledAsyncChecker (ThrottledAsyncChecker.java:schedule(139)) - Scheduling a check for org.apache.hadoop.ozone.container.common.volume.HddsVolume@1983b48a
2019-09-30 20:12:13,190 [main] INFO  volume.HddsVolumeChecker (HddsVolumeChecker.java:checkAllVolumes(202)) - Scheduled health check for volume org.apache.hadoop.ozone.container.common.volume.HddsVolume@1983b48a
2019-09-30 20:12:13,208 [main] INFO  impl.RaftServerProxy (ConfUtils.java:logGet(43)) - raft.rpc.type = GRPC (default)
2019-09-30 20:12:13,208 [main] INFO  grpc.GrpcFactory (GrpcFactory.java:checkPooledByteBufAllocatorUseCacheForAllThreads(45)) - PERFORMANCE WARNING: useCacheForAllThreads is true that may cause Netty to create a lot garbage objects and, as a result, trigger GC.
	It is recommended to disable useCacheForAllThreads by setting -Dorg.apache.ratis.thirdparty.io.netty.allocator.useCacheForAllThreads=false in command line.
2019-09-30 20:12:13,209 [main] INFO  grpc.GrpcConfigKeys$Server (ConfUtils.java:logGet(43)) - raft.grpc.server.port = 0 (default)
2019-09-30 20:12:13,209 [main] INFO  server.GrpcService (ConfUtils.java:logGet(43)) - raft.grpc.message.size.max = 33570816 (custom)
2019-09-30 20:12:13,209 [main] INFO  server.RaftServerConfigKeys (ConfUtils.java:logGet(43)) - raft.server.log.appender.buffer.byte-limit = 33554432 (custom)
2019-09-30 20:12:13,209 [main] INFO  server.GrpcService (ConfUtils.java:logGet(43)) - raft.grpc.flow.control.window = 1MB (=1048576) (default)
2019-09-30 20:12:13,210 [main] INFO  server.RaftServerConfigKeys (ConfUtils.java:logGet(43)) - raft.server.rpc.request.timeout = 3000ms (default)
2019-09-30 20:12:13,210 [main] INFO  server.RaftServerConfigKeys (ConfUtils.java:logGet(43)) - raft.server.storage.dir = [/workdir/hadoop-ozone/integration-test/target/test-dir/MiniOzoneClusterImpl-a7c0ca27-5db2-4eb2-a1d1-8702a6efc9d7/datanode-5/data/ratis] (custom)
2019-09-30 20:12:13,212 [main] INFO  hdfs.DFSUtil (DFSUtil.java:httpServerTemplateForNNAndJN(1641)) - Starting Web-server for hddsDatanode at: http://0.0.0.0:0
2019-09-30 20:12:13,213 [main] INFO  server.AuthenticationFilter (AuthenticationFilter.java:constructSecretProvider(240)) - Unable to initialize FileSignerSecretProvider, falling back to use random secrets.
2019-09-30 20:12:13,214 [main] WARN  http.HttpRequestLog (HttpRequestLog.java:getRequestLog(97)) - Jetty request log can only be enabled using Log4j
2019-09-30 20:12:13,216 [main] INFO  http.HttpServer2 (HttpServer2.java:addGlobalFilter(975)) - Added global filter 'safety' (class=org.apache.hadoop.http.HttpServer2$QuotingInputFilter)
2019-09-30 20:12:13,216 [main] INFO  http.HttpServer2 (HttpServer2.java:addFilter(948)) - Added filter static_user_filter (class=org.apache.hadoop.http.lib.StaticUserWebFilter$StaticUserFilter) to context hddsDatanode
2019-09-30 20:12:13,217 [main] INFO  http.HttpServer2 (HttpServer2.java:addFilter(958)) - Added filter static_user_filter (class=org.apache.hadoop.http.lib.StaticUserWebFilter$StaticUserFilter) to context static
2019-09-30 20:12:13,217 [main] INFO  http.HttpServer2 (HttpServer2.java:addFilter(958)) - Added filter static_user_filter (class=org.apache.hadoop.http.lib.StaticUserWebFilter$StaticUserFilter) to context logs
2019-09-30 20:12:13,218 [main] INFO  http.HttpServer2 (HttpServer2.java:bindListener(1191)) - Jetty bound to port 40869
2019-09-30 20:12:13,218 [main] INFO  server.Server (Server.java:doStart(351)) - jetty-9.3.25.v20180904, build timestamp: 2018-09-04T21:11:46Z, git hash: 3ce520221d0240229c862b122d2b06c12a625732
2019-09-30 20:12:13,220 [main] INFO  handler.ContextHandler (ContextHandler.java:doStart(781)) - Started o.e.j.s.ServletContextHandler@7730ef88{/logs,file:///workdir/hadoop-ozone/integration-test/target/log,AVAILABLE}
2019-09-30 20:12:13,220 [main] INFO  handler.ContextHandler (ContextHandler.java:doStart(781)) - Started o.e.j.s.ServletContextHandler@4e3f2908{/static,jar:file:/home/user/.m2/repository/org/apache/hadoop/hadoop-hdds-container-service/0.5.0-SNAPSHOT/hadoop-hdds-container-service-0.5.0-SNAPSHOT.jar!/webapps/static,AVAILABLE}
2019-09-30 20:12:13,258 [main] INFO  handler.ContextHandler (ContextHandler.java:doStart(781)) - Started o.e.j.w.WebAppContext@2921a36a{/,file:///tmp/jetty-0.0.0.0-40869-hddsDatanode-_-any-7975561454594895871.dir/webapp/,AVAILABLE}{/hddsDatanode}
2019-09-30 20:12:13,258 [main] INFO  server.AbstractConnector (AbstractConnector.java:doStart(278)) - Started ServerConnector@2b73bd6b{HTTP/1.1,[http/1.1]}{0.0.0.0:40869}
2019-09-30 20:12:13,260 [main] INFO  server.Server (Server.java:doStart(419)) - Started @103575ms
2019-09-30 20:12:13,260 [main] WARN  impl.MetricsSystemImpl (MetricsSystemImpl.java:register(276)) - Sink prometheus already exists!
2019-09-30 20:12:13,261 [main] INFO  server.BaseHttpServer (BaseHttpServer.java:updateConnectorAddress(215)) - HTTP server of HDDSDATANODE is listening at http://0.0.0.0:40869
2019-09-30 20:12:13,262 [main] INFO  impl.MetricsSystemImpl (MetricsSystemImpl.java:init(158)) - HddsDatanode metrics system started (again)
2019-09-30 20:12:13,266 [org.apache.hadoop.util.JvmPauseMonitor$Monitor@4f8cd59c] INFO  util.JvmPauseMonitor (JvmPauseMonitor.java:run(188)) - Starting JVM pause monitor
2019-09-30 20:12:13,266 [main] INFO  ozone.HddsDatanodeService (HddsDatanodeService.java:start(184)) - HddsDatanodeService host:pr-hdds-2210-ncz7r-3016196628 ip:192.168.164.209
2019-09-30 20:12:13,267 [Datanode State Machine Thread - 0] INFO  datanode.InitDatanodeState (InitDatanodeState.java:persistContainerDatanodeDetails(140)) - DatanodeDetails is persisted to /workdir/hadoop-ozone/integration-test/target/test-dir/MiniOzoneClusterImpl-a7c0ca27-5db2-4eb2-a1d1-8702a6efc9d7/datanode-5/meta/datanode.id
2019-09-30 20:12:13,273 [main] INFO  volume.HddsVolume (HddsVolume.java:<init>(176)) - Creating Volume: /workdir/hadoop-ozone/integration-test/target/test-dir/MiniOzoneClusterImpl-a7c0ca27-5db2-4eb2-a1d1-8702a6efc9d7/datanode-6/data/containers/hdds of  storage type : DISK and capacity : 1482555576320
2019-09-30 20:12:13,273 [main] INFO  volume.VolumeSet (VolumeSet.java:initializeVolumeSet(170)) - Added Volume : /workdir/hadoop-ozone/integration-test/target/test-dir/MiniOzoneClusterImpl-a7c0ca27-5db2-4eb2-a1d1-8702a6efc9d7/datanode-6/data/containers/hdds to VolumeSet
2019-09-30 20:12:13,274 [main] INFO  volume.ThrottledAsyncChecker (ThrottledAsyncChecker.java:schedule(139)) - Scheduling a check for org.apache.hadoop.ozone.container.common.volume.HddsVolume@1f992a3a
2019-09-30 20:12:13,274 [main] INFO  volume.HddsVolumeChecker (HddsVolumeChecker.java:checkAllVolumes(202)) - Scheduled health check for volume org.apache.hadoop.ozone.container.common.volume.HddsVolume@1f992a3a
2019-09-30 20:12:13,288 [main] INFO  impl.RaftServerProxy (ConfUtils.java:logGet(43)) - raft.rpc.type = GRPC (default)
2019-09-30 20:12:13,288 [main] INFO  grpc.GrpcFactory (GrpcFactory.java:checkPooledByteBufAllocatorUseCacheForAllThreads(45)) - PERFORMANCE WARNING: useCacheForAllThreads is true that may cause Netty to create a lot garbage objects and, as a result, trigger GC.
	It is recommended to disable useCacheForAllThreads by setting -Dorg.apache.ratis.thirdparty.io.netty.allocator.useCacheForAllThreads=false in command line.
2019-09-30 20:12:13,288 [main] INFO  grpc.GrpcConfigKeys$Server (ConfUtils.java:logGet(43)) - raft.grpc.server.port = 0 (default)
2019-09-30 20:12:13,289 [main] INFO  server.GrpcService (ConfUtils.java:logGet(43)) - raft.grpc.message.size.max = 33570816 (custom)
2019-09-30 20:12:13,289 [main] INFO  server.RaftServerConfigKeys (ConfUtils.java:logGet(43)) - raft.server.log.appender.buffer.byte-limit = 33554432 (custom)
2019-09-30 20:12:13,289 [main] INFO  server.GrpcService (ConfUtils.java:logGet(43)) - raft.grpc.flow.control.window = 1MB (=1048576) (default)
2019-09-30 20:12:13,289 [main] INFO  server.RaftServerConfigKeys (ConfUtils.java:logGet(43)) - raft.server.rpc.request.timeout = 3000ms (default)
2019-09-30 20:12:13,290 [main] INFO  server.RaftServerConfigKeys (ConfUtils.java:logGet(43)) - raft.server.storage.dir = [/workdir/hadoop-ozone/integration-test/target/test-dir/MiniOzoneClusterImpl-a7c0ca27-5db2-4eb2-a1d1-8702a6efc9d7/datanode-6/data/ratis] (custom)
2019-09-30 20:12:13,291 [main] INFO  hdfs.DFSUtil (DFSUtil.java:httpServerTemplateForNNAndJN(1641)) - Starting Web-server for hddsDatanode at: http://0.0.0.0:0
2019-09-30 20:12:13,294 [main] INFO  server.AuthenticationFilter (AuthenticationFilter.java:constructSecretProvider(240)) - Unable to initialize FileSignerSecretProvider, falling back to use random secrets.
2019-09-30 20:12:13,294 [main] WARN  http.HttpRequestLog (HttpRequestLog.java:getRequestLog(97)) - Jetty request log can only be enabled using Log4j
2019-09-30 20:12:13,297 [main] INFO  http.HttpServer2 (HttpServer2.java:addGlobalFilter(975)) - Added global filter 'safety' (class=org.apache.hadoop.http.HttpServer2$QuotingInputFilter)
2019-09-30 20:12:13,298 [main] INFO  http.HttpServer2 (HttpServer2.java:addFilter(948)) - Added filter static_user_filter (class=org.apache.hadoop.http.lib.StaticUserWebFilter$StaticUserFilter) to context hddsDatanode
2019-09-30 20:12:13,298 [main] INFO  http.HttpServer2 (HttpServer2.java:addFilter(958)) - Added filter static_user_filter (class=org.apache.hadoop.http.lib.StaticUserWebFilter$StaticUserFilter) to context static
2019-09-30 20:12:13,299 [main] INFO  http.HttpServer2 (HttpServer2.java:addFilter(958)) - Added filter static_user_filter (class=org.apache.hadoop.http.lib.StaticUserWebFilter$StaticUserFilter) to context logs
2019-09-30 20:12:13,300 [main] INFO  http.HttpServer2 (HttpServer2.java:bindListener(1191)) - Jetty bound to port 46645
2019-09-30 20:12:13,300 [main] INFO  server.Server (Server.java:doStart(351)) - jetty-9.3.25.v20180904, build timestamp: 2018-09-04T21:11:46Z, git hash: 3ce520221d0240229c862b122d2b06c12a625732
2019-09-30 20:12:13,303 [main] INFO  handler.ContextHandler (ContextHandler.java:doStart(781)) - Started o.e.j.s.ServletContextHandler@5d66e944{/logs,file:///workdir/hadoop-ozone/integration-test/target/log,AVAILABLE}
2019-09-30 20:12:13,304 [main] INFO  handler.ContextHandler (ContextHandler.java:doStart(781)) - Started o.e.j.s.ServletContextHandler@4351ed61{/static,jar:file:/home/user/.m2/repository/org/apache/hadoop/hadoop-hdds-container-service/0.5.0-SNAPSHOT/hadoop-hdds-container-service-0.5.0-SNAPSHOT.jar!/webapps/static,AVAILABLE}
2019-09-30 20:12:13,339 [main] INFO  handler.ContextHandler (ContextHandler.java:doStart(781)) - Started o.e.j.w.WebAppContext@122635ef{/,file:///tmp/jetty-0.0.0.0-46645-hddsDatanode-_-any-1994146822953958060.dir/webapp/,AVAILABLE}{/hddsDatanode}
2019-09-30 20:12:13,340 [main] INFO  server.AbstractConnector (AbstractConnector.java:doStart(278)) - Started ServerConnector@2ac519dc{HTTP/1.1,[http/1.1]}{0.0.0.0:46645}
2019-09-30 20:12:13,342 [main] INFO  server.Server (Server.java:doStart(419)) - Started @103657ms
2019-09-30 20:12:13,342 [main] WARN  impl.MetricsSystemImpl (MetricsSystemImpl.java:register(276)) - Sink prometheus already exists!
2019-09-30 20:12:13,343 [main] INFO  server.BaseHttpServer (BaseHttpServer.java:updateConnectorAddress(215)) - HTTP server of HDDSDATANODE is listening at http://0.0.0.0:46645
2019-09-30 20:12:13,343 [main] INFO  ozone.MiniOzoneClusterImpl (MiniOzoneClusterImpl.java:lambda$waitForClusterToBeReady$0(147)) - Waiting for cluster to be ready. Got 0 of 7 DN Heartbeats.
2019-09-30 20:12:13,345 [org.apache.hadoop.util.JvmPauseMonitor$Monitor@c5a42b7] INFO  util.JvmPauseMonitor (JvmPauseMonitor.java:run(188)) - Starting JVM pause monitor
2019-09-30 20:12:13,347 [Datanode State Machine Thread - 0] INFO  datanode.InitDatanodeState (InitDatanodeState.java:persistContainerDatanodeDetails(140)) - DatanodeDetails is persisted to /workdir/hadoop-ozone/integration-test/target/test-dir/MiniOzoneClusterImpl-a7c0ca27-5db2-4eb2-a1d1-8702a6efc9d7/datanode-6/meta/datanode.id
2019-09-30 20:12:14,344 [main] INFO  ozone.MiniOzoneClusterImpl (MiniOzoneClusterImpl.java:lambda$waitForClusterToBeReady$0(147)) - Waiting for cluster to be ready. Got 0 of 7 DN Heartbeats.
2019-09-30 20:12:14,911 [Datanode State Machine Thread - 0] INFO  ozoneimpl.OzoneContainer (OzoneContainer.java:start(217)) - Attempting to start container services.
2019-09-30 20:12:14,912 [Datanode State Machine Thread - 0] INFO  ozoneimpl.OzoneContainer (OzoneContainer.java:startContainerScrub(179)) - Background container scanner has been disabled.
2019-09-30 20:12:14,912 [Datanode State Machine Thread - 0] INFO  ratis.XceiverServerRatis (XceiverServerRatis.java:start(417)) - Starting XceiverServerRatis 0c62d7ee-acdc-4014-b8e4-a22ebcbdb566 at port 0
2019-09-30 20:12:14,920 [Datanode State Machine Thread - 0] INFO  impl.RaftServerProxy (RaftServerProxy.java:lambda$start$3(299)) - 0c62d7ee-acdc-4014-b8e4-a22ebcbdb566: start RPC server
2019-09-30 20:12:14,922 [Datanode State Machine Thread - 0] INFO  server.GrpcService (GrpcService.java:startImpl(158)) - 0c62d7ee-acdc-4014-b8e4-a22ebcbdb566: GrpcService started, listening on 0.0.0.0/0.0.0.0:33252
2019-09-30 20:12:14,923 [Datanode State Machine Thread - 0] INFO  ratis.XceiverServerRatis (XceiverServerRatis.java:start(427)) - XceiverServerRatis 0c62d7ee-acdc-4014-b8e4-a22ebcbdb566 is started using port 33252
2019-09-30 20:12:14,923 [Datanode State Machine Thread - 0] INFO  server.XceiverServerGrpc (XceiverServerGrpc.java:start(149)) - XceiverServerGrpc 0c62d7ee-acdc-4014-b8e4-a22ebcbdb566 is started using port 44165
2019-09-30 20:12:14,992 [Datanode State Machine Thread - 0] INFO  ozoneimpl.OzoneContainer (OzoneContainer.java:start(217)) - Attempting to start container services.
2019-09-30 20:12:14,995 [Datanode State Machine Thread - 0] INFO  ozoneimpl.OzoneContainer (OzoneContainer.java:startContainerScrub(179)) - Background container scanner has been disabled.
2019-09-30 20:12:14,995 [Datanode State Machine Thread - 0] INFO  ratis.XceiverServerRatis (XceiverServerRatis.java:start(417)) - Starting XceiverServerRatis fdb07fac-a038-4dd2-bf3a-e692e6ea73ee at port 0
2019-09-30 20:12:15,004 [Datanode State Machine Thread - 0] INFO  impl.RaftServerProxy (RaftServerProxy.java:lambda$start$3(299)) - fdb07fac-a038-4dd2-bf3a-e692e6ea73ee: start RPC server
2019-09-30 20:12:15,005 [Datanode State Machine Thread - 0] INFO  server.GrpcService (GrpcService.java:startImpl(158)) - fdb07fac-a038-4dd2-bf3a-e692e6ea73ee: GrpcService started, listening on 0.0.0.0/0.0.0.0:46474
2019-09-30 20:12:15,005 [Datanode State Machine Thread - 0] INFO  ratis.XceiverServerRatis (XceiverServerRatis.java:start(427)) - XceiverServerRatis fdb07fac-a038-4dd2-bf3a-e692e6ea73ee is started using port 46474
2019-09-30 20:12:15,005 [Datanode State Machine Thread - 0] INFO  server.XceiverServerGrpc (XceiverServerGrpc.java:start(149)) - XceiverServerGrpc fdb07fac-a038-4dd2-bf3a-e692e6ea73ee is started using port 39810
2019-09-30 20:12:15,057 [Datanode State Machine Thread - 0] INFO  ozoneimpl.OzoneContainer (OzoneContainer.java:start(217)) - Attempting to start container services.
2019-09-30 20:12:15,058 [Datanode State Machine Thread - 0] INFO  ozoneimpl.OzoneContainer (OzoneContainer.java:startContainerScrub(179)) - Background container scanner has been disabled.
2019-09-30 20:12:15,058 [Datanode State Machine Thread - 0] INFO  ratis.XceiverServerRatis (XceiverServerRatis.java:start(417)) - Starting XceiverServerRatis e3cd7ddd-71e6-4087-b78a-a2f343ce8905 at port 0
2019-09-30 20:12:15,065 [Datanode State Machine Thread - 0] INFO  impl.RaftServerProxy (RaftServerProxy.java:lambda$start$3(299)) - e3cd7ddd-71e6-4087-b78a-a2f343ce8905: start RPC server
2019-09-30 20:12:15,068 [Datanode State Machine Thread - 0] INFO  server.GrpcService (GrpcService.java:startImpl(158)) - e3cd7ddd-71e6-4087-b78a-a2f343ce8905: GrpcService started, listening on 0.0.0.0/0.0.0.0:46607
2019-09-30 20:12:15,068 [Datanode State Machine Thread - 0] INFO  ratis.XceiverServerRatis (XceiverServerRatis.java:start(427)) - XceiverServerRatis e3cd7ddd-71e6-4087-b78a-a2f343ce8905 is started using port 46607
2019-09-30 20:12:15,070 [Datanode State Machine Thread - 0] INFO  server.XceiverServerGrpc (XceiverServerGrpc.java:start(149)) - XceiverServerGrpc e3cd7ddd-71e6-4087-b78a-a2f343ce8905 is started using port 39766
2019-09-30 20:12:15,122 [Datanode State Machine Thread - 0] INFO  ozoneimpl.OzoneContainer (OzoneContainer.java:start(217)) - Attempting to start container services.
2019-09-30 20:12:15,123 [Datanode State Machine Thread - 0] INFO  ozoneimpl.OzoneContainer (OzoneContainer.java:startContainerScrub(179)) - Background container scanner has been disabled.
2019-09-30 20:12:15,123 [Datanode State Machine Thread - 0] INFO  ratis.XceiverServerRatis (XceiverServerRatis.java:start(417)) - Starting XceiverServerRatis 1e0e99e3-f8aa-460d-a71d-241f9bf6c600 at port 0
2019-09-30 20:12:15,131 [Datanode State Machine Thread - 0] INFO  impl.RaftServerProxy (RaftServerProxy.java:lambda$start$3(299)) - 1e0e99e3-f8aa-460d-a71d-241f9bf6c600: start RPC server
2019-09-30 20:12:15,132 [Datanode State Machine Thread - 0] INFO  server.GrpcService (GrpcService.java:startImpl(158)) - 1e0e99e3-f8aa-460d-a71d-241f9bf6c600: GrpcService started, listening on 0.0.0.0/0.0.0.0:36293
2019-09-30 20:12:15,132 [Datanode State Machine Thread - 0] INFO  ratis.XceiverServerRatis (XceiverServerRatis.java:start(427)) - XceiverServerRatis 1e0e99e3-f8aa-460d-a71d-241f9bf6c600 is started using port 36293
2019-09-30 20:12:15,136 [Datanode State Machine Thread - 0] INFO  server.XceiverServerGrpc (XceiverServerGrpc.java:start(149)) - XceiverServerGrpc 1e0e99e3-f8aa-460d-a71d-241f9bf6c600 is started using port 46636
2019-09-30 20:12:15,195 [Datanode State Machine Thread - 0] INFO  ozoneimpl.OzoneContainer (OzoneContainer.java:start(217)) - Attempting to start container services.
2019-09-30 20:12:15,195 [Datanode State Machine Thread - 0] INFO  ozoneimpl.OzoneContainer (OzoneContainer.java:startContainerScrub(179)) - Background container scanner has been disabled.
2019-09-30 20:12:15,196 [Datanode State Machine Thread - 0] INFO  ratis.XceiverServerRatis (XceiverServerRatis.java:start(417)) - Starting XceiverServerRatis 169a5466-74f6-4a7b-bb59-928f36a1b3dd at port 0
2019-09-30 20:12:15,204 [Datanode State Machine Thread - 0] INFO  impl.RaftServerProxy (RaftServerProxy.java:lambda$start$3(299)) - 169a5466-74f6-4a7b-bb59-928f36a1b3dd: start RPC server
2019-09-30 20:12:15,207 [Datanode State Machine Thread - 0] INFO  server.GrpcService (GrpcService.java:startImpl(158)) - 169a5466-74f6-4a7b-bb59-928f36a1b3dd: GrpcService started, listening on 0.0.0.0/0.0.0.0:35090
2019-09-30 20:12:15,207 [Datanode State Machine Thread - 0] INFO  ratis.XceiverServerRatis (XceiverServerRatis.java:start(427)) - XceiverServerRatis 169a5466-74f6-4a7b-bb59-928f36a1b3dd is started using port 35090
2019-09-30 20:12:15,208 [Datanode State Machine Thread - 0] INFO  server.XceiverServerGrpc (XceiverServerGrpc.java:start(149)) - XceiverServerGrpc 169a5466-74f6-4a7b-bb59-928f36a1b3dd is started using port 33591
2019-09-30 20:12:15,280 [Datanode State Machine Thread - 0] INFO  ozoneimpl.OzoneContainer (OzoneContainer.java:start(217)) - Attempting to start container services.
2019-09-30 20:12:15,281 [Datanode State Machine Thread - 0] INFO  ozoneimpl.OzoneContainer (OzoneContainer.java:startContainerScrub(179)) - Background container scanner has been disabled.
2019-09-30 20:12:15,281 [Datanode State Machine Thread - 0] INFO  ratis.XceiverServerRatis (XceiverServerRatis.java:start(417)) - Starting XceiverServerRatis 77e8dce8-34c5-4514-b718-1086f4048c03 at port 0
2019-09-30 20:12:15,289 [Datanode State Machine Thread - 0] INFO  impl.RaftServerProxy (RaftServerProxy.java:lambda$start$3(299)) - 77e8dce8-34c5-4514-b718-1086f4048c03: start RPC server
2019-09-30 20:12:15,289 [Datanode State Machine Thread - 0] INFO  server.GrpcService (GrpcService.java:startImpl(158)) - 77e8dce8-34c5-4514-b718-1086f4048c03: GrpcService started, listening on 0.0.0.0/0.0.0.0:44775
2019-09-30 20:12:15,289 [Datanode State Machine Thread - 0] INFO  ratis.XceiverServerRatis (XceiverServerRatis.java:start(427)) - XceiverServerRatis 77e8dce8-34c5-4514-b718-1086f4048c03 is started using port 44775
2019-09-30 20:12:15,290 [Datanode State Machine Thread - 0] INFO  server.XceiverServerGrpc (XceiverServerGrpc.java:start(149)) - XceiverServerGrpc 77e8dce8-34c5-4514-b718-1086f4048c03 is started using port 42942
2019-09-30 20:12:15,344 [main] INFO  ozone.MiniOzoneClusterImpl (MiniOzoneClusterImpl.java:lambda$waitForClusterToBeReady$0(147)) - Waiting for cluster to be ready. Got 0 of 7 DN Heartbeats.
2019-09-30 20:12:15,360 [Datanode State Machine Thread - 0] INFO  ozoneimpl.OzoneContainer (OzoneContainer.java:start(217)) - Attempting to start container services.
2019-09-30 20:12:15,361 [Datanode State Machine Thread - 0] INFO  ozoneimpl.OzoneContainer (OzoneContainer.java:startContainerScrub(179)) - Background container scanner has been disabled.
2019-09-30 20:12:15,361 [Datanode State Machine Thread - 0] INFO  ratis.XceiverServerRatis (XceiverServerRatis.java:start(417)) - Starting XceiverServerRatis 144de121-9969-41dd-aaa6-7e78c8968fd9 at port 0
2019-09-30 20:12:15,370 [Datanode State Machine Thread - 0] INFO  impl.RaftServerProxy (RaftServerProxy.java:lambda$start$3(299)) - 144de121-9969-41dd-aaa6-7e78c8968fd9: start RPC server
2019-09-30 20:12:15,372 [Datanode State Machine Thread - 0] INFO  server.GrpcService (GrpcService.java:startImpl(158)) - 144de121-9969-41dd-aaa6-7e78c8968fd9: GrpcService started, listening on 0.0.0.0/0.0.0.0:42849
2019-09-30 20:12:15,372 [Datanode State Machine Thread - 0] INFO  ratis.XceiverServerRatis (XceiverServerRatis.java:start(427)) - XceiverServerRatis 144de121-9969-41dd-aaa6-7e78c8968fd9 is started using port 42849
2019-09-30 20:12:15,372 [Datanode State Machine Thread - 0] INFO  server.XceiverServerGrpc (XceiverServerGrpc.java:start(149)) - XceiverServerGrpc 144de121-9969-41dd-aaa6-7e78c8968fd9 is started using port 37983
2019-09-30 20:12:16,345 [main] INFO  ozone.MiniOzoneClusterImpl (MiniOzoneClusterImpl.java:lambda$waitForClusterToBeReady$0(147)) - Waiting for cluster to be ready. Got 0 of 7 DN Heartbeats.
2019-09-30 20:12:16,891 [IPC Server handler 0 on 37212] INFO  net.NetworkTopology (NetworkTopologyImpl.java:add(111)) - Added a new node: /default-rack/0c62d7ee-acdc-4014-b8e4-a22ebcbdb566
2019-09-30 20:12:16,894 [IPC Server handler 0 on 37212] INFO  node.SCMNodeManager (SCMNodeManager.java:register(266)) - Registered Data node : 0c62d7ee-acdc-4014-b8e4-a22ebcbdb566{ip: 192.168.164.209, host: pr-hdds-2210-ncz7r-3016196628, networkLocation: /default-rack, certSerialId: null}
2019-09-30 20:12:16,895 [EventQueue-NodeRegistrationContainerReportForDataNodeSafeModeRule] INFO  safemode.SCMSafeModeManager (DataNodeSafeModeRule.java:process(71)) - SCM in safe mode. 1 DataNodes registered, 1 required.
2019-09-30 20:12:16,898 [EventQueue-NodeRegistrationContainerReportForDataNodeSafeModeRule] INFO  safemode.SCMSafeModeManager (SCMSafeModeManager.java:validateSafeModeExitRules(177)) - ScmSafeModeManager, all rules are successfully validated
2019-09-30 20:12:16,898 [EventQueue-NodeRegistrationContainerReportForDataNodeSafeModeRule] INFO  safemode.SCMSafeModeManager (SCMSafeModeManager.java:exitSafeMode(193)) - SCM exiting safe mode.
2019-09-30 20:12:16,911 [grpc-default-executor-3] INFO  impl.RaftServerProxy (RaftServerProxy.java:addNew(89)) - 0c62d7ee-acdc-4014-b8e4-a22ebcbdb566: addNew group-9A41D80E6739:[0c62d7ee-acdc-4014-b8e4-a22ebcbdb566:192.168.164.209:33252] returns group-9A41D80E6739:java.util.concurrent.CompletableFuture@18892be1[Not completed]
2019-09-30 20:12:16,918 [pool-207-thread-1] INFO  impl.RaftServerImpl (RaftServerImpl.java:<init>(95)) - 0c62d7ee-acdc-4014-b8e4-a22ebcbdb566: new RaftServerImpl for group-9A41D80E6739:[0c62d7ee-acdc-4014-b8e4-a22ebcbdb566:192.168.164.209:33252] with ContainerStateMachine:uninitialized
2019-09-30 20:12:16,919 [pool-207-thread-1] INFO  server.RaftServerConfigKeys (ConfUtils.java:logGet(43)) - raft.server.rpc.timeout.min = 5s (custom)
2019-09-30 20:12:16,919 [pool-207-thread-1] INFO  server.RaftServerConfigKeys (ConfUtils.java:logGet(43)) - raft.server.rpc.timeout.max = 5200ms (custom)
2019-09-30 20:12:16,919 [pool-207-thread-1] INFO  server.RaftServerConfigKeys (ConfUtils.java:logGet(43)) - raft.server.rpcslowness.timeout = 120s (custom)
2019-09-30 20:12:16,919 [pool-207-thread-1] INFO  server.RaftServerConfigKeys (ConfUtils.java:logGet(43)) - raft.server.sleep.deviation.threshold = 300 (default)
2019-09-30 20:12:16,919 [pool-207-thread-1] INFO  server.RaftServerConfigKeys (ConfUtils.java:logGet(43)) - raft.server.log.appender.install.snapshot.enabled = false (custom)
2019-09-30 20:12:16,920 [pool-207-thread-1] INFO  impl.RaftServerImpl (ServerState.java:<init>(103)) - 0c62d7ee-acdc-4014-b8e4-a22ebcbdb566@group-9A41D80E6739: ConfigurationManager, init=-1: [0c62d7ee-acdc-4014-b8e4-a22ebcbdb566:192.168.164.209:33252], old=null, confs=<EMPTY_MAP>
2019-09-30 20:12:16,920 [pool-207-thread-1] INFO  server.RaftServerConfigKeys (ConfUtils.java:logGet(43)) - raft.server.storage.dir = [/workdir/hadoop-ozone/integration-test/target/test-dir/MiniOzoneClusterImpl-a7c0ca27-5db2-4eb2-a1d1-8702a6efc9d7/datanode-0/data/ratis] (custom)
2019-09-30 20:12:16,920 [pool-207-thread-1] INFO  server.RaftServerConfigKeys (ConfUtils.java:logGet(43)) - raft.server.log.corruption.policy = EXCEPTION (default)
2019-09-30 20:12:16,921 [pool-207-thread-1] INFO  storage.RaftStorageDirectory (RaftStorageDirectory.java:analyzeStorage(246)) - The storage directory /workdir/hadoop-ozone/integration-test/target/test-dir/MiniOzoneClusterImpl-a7c0ca27-5db2-4eb2-a1d1-8702a6efc9d7/datanode-0/data/ratis/a32836fa-38b7-4239-8600-9a41d80e6739 does not exist. Creating ...
2019-09-30 20:12:16,934 [pool-207-thread-1] INFO  storage.RaftStorageDirectory (RaftStorageDirectory.java:tryLock(328)) - Lock on /workdir/hadoop-ozone/integration-test/target/test-dir/MiniOzoneClusterImpl-a7c0ca27-5db2-4eb2-a1d1-8702a6efc9d7/datanode-0/data/ratis/a32836fa-38b7-4239-8600-9a41d80e6739/in_use.lock acquired by nodename 15730@pr-hdds-2210-ncz7r-3016196628
2019-09-30 20:12:16,948 [pool-207-thread-1] INFO  storage.RaftStorage (RaftStorage.java:format(84)) - Storage directory /workdir/hadoop-ozone/integration-test/target/test-dir/MiniOzoneClusterImpl-a7c0ca27-5db2-4eb2-a1d1-8702a6efc9d7/datanode-0/data/ratis/a32836fa-38b7-4239-8600-9a41d80e6739 has been successfully formatted.
2019-09-30 20:12:16,949 [pool-207-thread-1] INFO  ratis.ContainerStateMachine (ContainerStateMachine.java:loadSnapshot(230)) - group-9A41D80E6739: The snapshot info is null. Setting the last applied indexto:(t:0, i:~)
2019-09-30 20:12:16,949 [pool-207-thread-1] INFO  server.RaftServerConfigKeys (ConfUtils.java:logGet(43)) - raft.server.notification.no-leader.timeout = 120s (custom)
2019-09-30 20:12:16,949 [pool-207-thread-1] INFO  server.RaftServerConfigKeys (ConfUtils.java:logGet(43)) - raft.server.log.use.memory = false (default)
2019-09-30 20:12:16,949 [pool-207-thread-1] INFO  server.RaftServerConfigKeys (ConfUtils.java:logGet(43)) - raft.server.log.purge.gap = 1000000 (custom)
2019-09-30 20:12:16,949 [pool-207-thread-1] INFO  server.RaftServerConfigKeys (ConfUtils.java:logGet(43)) - raft.server.log.appender.buffer.byte-limit = 33554432 (custom)
2019-09-30 20:12:16,949 [pool-207-thread-1] INFO  server.RaftServerConfigKeys (ConfUtils.java:logGet(43)) - raft.server.log.segment.size.max = 1048576 (custom)
2019-09-30 20:12:16,954 [pool-207-thread-1] INFO  server.RaftServerConfigKeys (ConfUtils.java:logGet(43)) - raft.server.log.segment.cache.num.max = 2 (custom)
2019-09-30 20:12:16,954 [pool-207-thread-1] INFO  segmented.SegmentedRaftLogWorker (SegmentedRaftLogWorker.java:<init>(173)) - new 0c62d7ee-acdc-4014-b8e4-a22ebcbdb566@group-9A41D80E6739-SegmentedRaftLogWorker for RaftStorage:Storage Directory /workdir/hadoop-ozone/integration-test/target/test-dir/MiniOzoneClusterImpl-a7c0ca27-5db2-4eb2-a1d1-8702a6efc9d7/datanode-0/data/ratis/a32836fa-38b7-4239-8600-9a41d80e6739
2019-09-30 20:12:16,954 [pool-207-thread-1] INFO  server.RaftServerConfigKeys (ConfUtils.java:logGet(43)) - raft.server.log.queue.byte-limit = 2147483647 (custom)
2019-09-30 20:12:16,954 [pool-207-thread-1] INFO  server.RaftServerConfigKeys (ConfUtils.java:logGet(43)) - raft.server.log.queue.element-limit = 1024 (custom)
2019-09-30 20:12:16,954 [pool-207-thread-1] INFO  server.RaftServerConfigKeys (ConfUtils.java:logGet(43)) - raft.server.log.segment.size.max = 1048576 (custom)
2019-09-30 20:12:16,954 [pool-207-thread-1] INFO  server.RaftServerConfigKeys (ConfUtils.java:logGet(43)) - raft.server.log.preallocated.size = 16384 (custom)
2019-09-30 20:12:16,955 [pool-207-thread-1] INFO  server.RaftServerConfigKeys (ConfUtils.java:logGet(43)) - raft.server.log.write.buffer.size = 33554432 (custom)
2019-09-30 20:12:16,955 [pool-207-thread-1] INFO  server.RaftServerConfigKeys (ConfUtils.java:logGet(43)) - raft.server.log.force.sync.num = 128 (default)
2019-09-30 20:12:16,955 [pool-207-thread-1] INFO  server.RaftServerConfigKeys (ConfUtils.java:logGet(43)) - raft.server.log.statemachine.data.sync = true (default)
2019-09-30 20:12:16,955 [pool-207-thread-1] INFO  server.RaftServerConfigKeys (ConfUtils.java:logGet(43)) - raft.server.log.statemachine.data.sync.timeout = 10s (default)
2019-09-30 20:12:16,955 [pool-207-thread-1] INFO  server.RaftServerConfigKeys (ConfUtils.java:logGet(43)) - raft.server.log.statemachine.data.sync.timeout.retry = -1 (default)
2019-09-30 20:12:16,956 [pool-207-thread-1] INFO  server.RaftServerConfigKeys (ConfUtils.java:logGet(43)) - raft.server.log.statemachine.data.caching.enabled = true (custom)
2019-09-30 20:12:16,956 [pool-207-thread-1] INFO  segmented.SegmentedRaftLogWorker (SegmentedRaftLogWorker.java:lambda$new$0(128)) - 0c62d7ee-acdc-4014-b8e4-a22ebcbdb566@group-9A41D80E6739-SegmentedRaftLogWorker: flushIndex: setUnconditionally 0 -> -1
2019-09-30 20:12:16,957 [pool-207-thread-1] INFO  server.RaftServerConfigKeys (ConfUtils.java:logGet(43)) - raft.server.snapshot.auto.trigger.enabled = true (custom)
2019-09-30 20:12:16,957 [pool-207-thread-1] INFO  server.RaftServerConfigKeys (ConfUtils.java:logGet(43)) - raft.server.snapshot.auto.trigger.threshold = 10000 (custom)
2019-09-30 20:12:16,957 [pool-207-thread-1] INFO  server.RaftServerConfigKeys (ConfUtils.java:logGet(43)) - raft.server.snapshot.retention.file.num = 5 (custom)
2019-09-30 20:12:16,957 [pool-207-thread-1] INFO  server.RaftServerConfigKeys (ConfUtils.java:logGet(43)) - raft.server.retrycache.expirytime = 600000ms (custom)
2019-09-30 20:12:16,959 [pool-207-thread-1] INFO  impl.RaftServerImpl (RaftServerImpl.java:start(181)) - 0c62d7ee-acdc-4014-b8e4-a22ebcbdb566@group-9A41D80E6739: start as a follower, conf=-1: [0c62d7ee-acdc-4014-b8e4-a22ebcbdb566:192.168.164.209:33252], old=null
2019-09-30 20:12:16,960 [pool-207-thread-1] INFO  impl.RaftServerImpl (RaftServerImpl.java:setRole(170)) - 0c62d7ee-acdc-4014-b8e4-a22ebcbdb566@group-9A41D80E6739: changes role from      null to FOLLOWER at term 0 for startAsFollower
2019-09-30 20:12:16,960 [pool-207-thread-1] INFO  impl.RoleInfo (RoleInfo.java:updateAndGet(143)) - 0c62d7ee-acdc-4014-b8e4-a22ebcbdb566: start FollowerState
2019-09-30 20:12:16,960 [pool-207-thread-1] INFO  util.JmxRegister (JmxRegister.java:tryRegister(44)) - Successfully registered JMX Bean with object name Ratis:service=RaftServer,group=group-9A41D80E6739,id=0c62d7ee-acdc-4014-b8e4-a22ebcbdb566
2019-09-30 20:12:16,971 [RatisPipelineUtilsThread] INFO  pipeline.PipelineStateManager (PipelineStateManager.java:addPipeline(56)) - Created pipeline Pipeline[ Id: a32836fa-38b7-4239-8600-9a41d80e6739, Nodes: 0c62d7ee-acdc-4014-b8e4-a22ebcbdb566{ip: 192.168.164.209, host: pr-hdds-2210-ncz7r-3016196628, networkLocation: /default-rack, certSerialId: null}, Type:RATIS, Factor:ONE, State:OPEN]
2019-09-30 20:12:16,975 [IPC Server handler 1 on 37212] INFO  net.NetworkTopology (NetworkTopologyImpl.java:add(111)) - Added a new node: /default-rack/fdb07fac-a038-4dd2-bf3a-e692e6ea73ee
2019-09-30 20:12:16,976 [IPC Server handler 1 on 37212] INFO  node.SCMNodeManager (SCMNodeManager.java:register(266)) - Registered Data node : fdb07fac-a038-4dd2-bf3a-e692e6ea73ee{ip: 192.168.164.209, host: pr-hdds-2210-ncz7r-3016196628, networkLocation: /default-rack, certSerialId: null}
2019-09-30 20:12:17,001 [grpc-default-executor-3] INFO  impl.RaftServerProxy (RaftServerProxy.java:addNew(89)) - fdb07fac-a038-4dd2-bf3a-e692e6ea73ee: addNew group-76C1BC7D041E:[fdb07fac-a038-4dd2-bf3a-e692e6ea73ee:192.168.164.209:46474] returns group-76C1BC7D041E:java.util.concurrent.CompletableFuture@761bfc59[Not completed]
2019-09-30 20:12:17,002 [pool-217-thread-1] INFO  impl.RaftServerImpl (RaftServerImpl.java:<init>(95)) - fdb07fac-a038-4dd2-bf3a-e692e6ea73ee: new RaftServerImpl for group-76C1BC7D041E:[fdb07fac-a038-4dd2-bf3a-e692e6ea73ee:192.168.164.209:46474] with ContainerStateMachine:uninitialized
2019-09-30 20:12:17,003 [pool-217-thread-1] INFO  server.RaftServerConfigKeys (ConfUtils.java:logGet(43)) - raft.server.rpc.timeout.min = 5s (custom)
2019-09-30 20:12:17,003 [pool-217-thread-1] INFO  server.RaftServerConfigKeys (ConfUtils.java:logGet(43)) - raft.server.rpc.timeout.max = 5200ms (custom)
2019-09-30 20:12:17,003 [pool-217-thread-1] INFO  server.RaftServerConfigKeys (ConfUtils.java:logGet(43)) - raft.server.rpcslowness.timeout = 120s (custom)
2019-09-30 20:12:17,003 [pool-217-thread-1] INFO  server.RaftServerConfigKeys (ConfUtils.java:logGet(43)) - raft.server.sleep.deviation.threshold = 300 (default)
2019-09-30 20:12:17,003 [pool-217-thread-1] INFO  server.RaftServerConfigKeys (ConfUtils.java:logGet(43)) - raft.server.log.appender.install.snapshot.enabled = false (custom)
2019-09-30 20:12:17,003 [pool-217-thread-1] INFO  impl.RaftServerImpl (ServerState.java:<init>(103)) - fdb07fac-a038-4dd2-bf3a-e692e6ea73ee@group-76C1BC7D041E: ConfigurationManager, init=-1: [fdb07fac-a038-4dd2-bf3a-e692e6ea73ee:192.168.164.209:46474], old=null, confs=<EMPTY_MAP>
2019-09-30 20:12:17,003 [pool-217-thread-1] INFO  server.RaftServerConfigKeys (ConfUtils.java:logGet(43)) - raft.server.storage.dir = [/workdir/hadoop-ozone/integration-test/target/test-dir/MiniOzoneClusterImpl-a7c0ca27-5db2-4eb2-a1d1-8702a6efc9d7/datanode-1/data/ratis] (custom)
2019-09-30 20:12:17,004 [pool-217-thread-1] INFO  server.RaftServerConfigKeys (ConfUtils.java:logGet(43)) - raft.server.log.corruption.policy = EXCEPTION (default)
2019-09-30 20:12:17,004 [pool-217-thread-1] INFO  storage.RaftStorageDirectory (RaftStorageDirectory.java:analyzeStorage(246)) - The storage directory /workdir/hadoop-ozone/integration-test/target/test-dir/MiniOzoneClusterImpl-a7c0ca27-5db2-4eb2-a1d1-8702a6efc9d7/datanode-1/data/ratis/33e43aec-e76f-4045-a256-76c1bc7d041e does not exist. Creating ...
2019-09-30 20:12:17,018 [pool-217-thread-1] INFO  storage.RaftStorageDirectory (RaftStorageDirectory.java:tryLock(328)) - Lock on /workdir/hadoop-ozone/integration-test/target/test-dir/MiniOzoneClusterImpl-a7c0ca27-5db2-4eb2-a1d1-8702a6efc9d7/datanode-1/data/ratis/33e43aec-e76f-4045-a256-76c1bc7d041e/in_use.lock acquired by nodename 15730@pr-hdds-2210-ncz7r-3016196628
2019-09-30 20:12:17,030 [pool-217-thread-1] INFO  storage.RaftStorage (RaftStorage.java:format(84)) - Storage directory /workdir/hadoop-ozone/integration-test/target/test-dir/MiniOzoneClusterImpl-a7c0ca27-5db2-4eb2-a1d1-8702a6efc9d7/datanode-1/data/ratis/33e43aec-e76f-4045-a256-76c1bc7d041e has been successfully formatted.
2019-09-30 20:12:17,031 [pool-217-thread-1] INFO  ratis.ContainerStateMachine (ContainerStateMachine.java:loadSnapshot(230)) - group-76C1BC7D041E: The snapshot info is null. Setting the last applied indexto:(t:0, i:~)
2019-09-30 20:12:17,031 [pool-217-thread-1] INFO  server.RaftServerConfigKeys (ConfUtils.java:logGet(43)) - raft.server.notification.no-leader.timeout = 120s (custom)
2019-09-30 20:12:17,031 [pool-217-thread-1] INFO  server.RaftServerConfigKeys (ConfUtils.java:logGet(43)) - raft.server.log.use.memory = false (default)
2019-09-30 20:12:17,032 [pool-217-thread-1] INFO  server.RaftServerConfigKeys (ConfUtils.java:logGet(43)) - raft.server.log.purge.gap = 1000000 (custom)
2019-09-30 20:12:17,032 [pool-217-thread-1] INFO  server.RaftServerConfigKeys (ConfUtils.java:logGet(43)) - raft.server.log.appender.buffer.byte-limit = 33554432 (custom)
2019-09-30 20:12:17,032 [pool-217-thread-1] INFO  server.RaftServerConfigKeys (ConfUtils.java:logGet(43)) - raft.server.log.segment.size.max = 1048576 (custom)
2019-09-30 20:12:17,034 [pool-217-thread-1] INFO  server.RaftServerConfigKeys (ConfUtils.java:logGet(43)) - raft.server.log.segment.cache.num.max = 2 (custom)
2019-09-30 20:12:17,034 [pool-217-thread-1] INFO  segmented.SegmentedRaftLogWorker (SegmentedRaftLogWorker.java:<init>(173)) - new fdb07fac-a038-4dd2-bf3a-e692e6ea73ee@group-76C1BC7D041E-SegmentedRaftLogWorker for RaftStorage:Storage Directory /workdir/hadoop-ozone/integration-test/target/test-dir/MiniOzoneClusterImpl-a7c0ca27-5db2-4eb2-a1d1-8702a6efc9d7/datanode-1/data/ratis/33e43aec-e76f-4045-a256-76c1bc7d041e
2019-09-30 20:12:17,034 [pool-217-thread-1] INFO  server.RaftServerConfigKeys (ConfUtils.java:logGet(43)) - raft.server.log.queue.byte-limit = 2147483647 (custom)
2019-09-30 20:12:17,034 [pool-217-thread-1] INFO  server.RaftServerConfigKeys (ConfUtils.java:logGet(43)) - raft.server.log.queue.element-limit = 1024 (custom)
2019-09-30 20:12:17,034 [pool-217-thread-1] INFO  server.RaftServerConfigKeys (ConfUtils.java:logGet(43)) - raft.server.log.segment.size.max = 1048576 (custom)
2019-09-30 20:12:17,035 [pool-217-thread-1] INFO  server.RaftServerConfigKeys (ConfUtils.java:logGet(43)) - raft.server.log.preallocated.size = 16384 (custom)
2019-09-30 20:12:17,035 [pool-217-thread-1] INFO  server.RaftServerConfigKeys (ConfUtils.java:logGet(43)) - raft.server.log.write.buffer.size = 33554432 (custom)
2019-09-30 20:12:17,035 [pool-217-thread-1] INFO  server.RaftServerConfigKeys (ConfUtils.java:logGet(43)) - raft.server.log.force.sync.num = 128 (default)
2019-09-30 20:12:17,035 [pool-217-thread-1] INFO  server.RaftServerConfigKeys (ConfUtils.java:logGet(43)) - raft.server.log.statemachine.data.sync = true (default)
2019-09-30 20:12:17,035 [pool-217-thread-1] INFO  server.RaftServerConfigKeys (ConfUtils.java:logGet(43)) - raft.server.log.statemachine.data.sync.timeout = 10s (default)
2019-09-30 20:12:17,035 [pool-217-thread-1] INFO  server.RaftServerConfigKeys (ConfUtils.java:logGet(43)) - raft.server.log.statemachine.data.sync.timeout.retry = -1 (default)
2019-09-30 20:12:17,036 [pool-217-thread-1] INFO  server.RaftServerConfigKeys (ConfUtils.java:logGet(43)) - raft.server.log.statemachine.data.caching.enabled = true (custom)
2019-09-30 20:12:17,036 [pool-217-thread-1] INFO  segmented.SegmentedRaftLogWorker (SegmentedRaftLogWorker.java:lambda$new$0(128)) - fdb07fac-a038-4dd2-bf3a-e692e6ea73ee@group-76C1BC7D041E-SegmentedRaftLogWorker: flushIndex: setUnconditionally 0 -> -1
2019-09-30 20:12:17,037 [pool-217-thread-1] INFO  server.RaftServerConfigKeys (ConfUtils.java:logGet(43)) - raft.server.snapshot.auto.trigger.enabled = true (custom)
2019-09-30 20:12:17,037 [pool-217-thread-1] INFO  server.RaftServerConfigKeys (ConfUtils.java:logGet(43)) - raft.server.snapshot.auto.trigger.threshold = 10000 (custom)
2019-09-30 20:12:17,037 [pool-217-thread-1] INFO  server.RaftServerConfigKeys (ConfUtils.java:logGet(43)) - raft.server.snapshot.retention.file.num = 5 (custom)
2019-09-30 20:12:17,037 [pool-217-thread-1] INFO  server.RaftServerConfigKeys (ConfUtils.java:logGet(43)) - raft.server.retrycache.expirytime = 600000ms (custom)
2019-09-30 20:12:17,039 [pool-217-thread-1] INFO  impl.RaftServerImpl (RaftServerImpl.java:start(181)) - fdb07fac-a038-4dd2-bf3a-e692e6ea73ee@group-76C1BC7D041E: start as a follower, conf=-1: [fdb07fac-a038-4dd2-bf3a-e692e6ea73ee:192.168.164.209:46474], old=null
2019-09-30 20:12:17,039 [pool-217-thread-1] INFO  impl.RaftServerImpl (RaftServerImpl.java:setRole(170)) - fdb07fac-a038-4dd2-bf3a-e692e6ea73ee@group-76C1BC7D041E: changes role from      null to FOLLOWER at term 0 for startAsFollower
2019-09-30 20:12:17,039 [pool-217-thread-1] INFO  impl.RoleInfo (RoleInfo.java:updateAndGet(143)) - fdb07fac-a038-4dd2-bf3a-e692e6ea73ee: start FollowerState
2019-09-30 20:12:17,039 [pool-217-thread-1] INFO  util.JmxRegister (JmxRegister.java:tryRegister(44)) - Successfully registered JMX Bean with object name Ratis:service=RaftServer,group=group-76C1BC7D041E,id=fdb07fac-a038-4dd2-bf3a-e692e6ea73ee
2019-09-30 20:12:17,046 [IPC Server handler 4 on 37212] INFO  net.NetworkTopology (NetworkTopologyImpl.java:add(111)) - Added a new node: /default-rack/e3cd7ddd-71e6-4087-b78a-a2f343ce8905
2019-09-30 20:12:17,046 [IPC Server handler 4 on 37212] INFO  node.SCMNodeManager (SCMNodeManager.java:register(266)) - Registered Data node : e3cd7ddd-71e6-4087-b78a-a2f343ce8905{ip: 192.168.164.209, host: pr-hdds-2210-ncz7r-3016196628, networkLocation: /default-rack, certSerialId: null}
2019-09-30 20:12:17,046 [RatisPipelineUtilsThread] INFO  pipeline.PipelineStateManager (PipelineStateManager.java:addPipeline(56)) - Created pipeline Pipeline[ Id: 33e43aec-e76f-4045-a256-76c1bc7d041e, Nodes: fdb07fac-a038-4dd2-bf3a-e692e6ea73ee{ip: 192.168.164.209, host: pr-hdds-2210-ncz7r-3016196628, networkLocation: /default-rack, certSerialId: null}, Type:RATIS, Factor:ONE, State:OPEN]
2019-09-30 20:12:17,054 [grpc-default-executor-3] INFO  impl.RaftServerProxy (RaftServerProxy.java:addNew(89)) - e3cd7ddd-71e6-4087-b78a-a2f343ce8905: addNew group-FCA45B1AA64B:[e3cd7ddd-71e6-4087-b78a-a2f343ce8905:192.168.164.209:46607] returns group-FCA45B1AA64B:java.util.concurrent.CompletableFuture@35165590[Not completed]
2019-09-30 20:12:17,055 [pool-227-thread-1] INFO  impl.RaftServerImpl (RaftServerImpl.java:<init>(95)) - e3cd7ddd-71e6-4087-b78a-a2f343ce8905: new RaftServerImpl for group-FCA45B1AA64B:[e3cd7ddd-71e6-4087-b78a-a2f343ce8905:192.168.164.209:46607] with ContainerStateMachine:uninitialized
2019-09-30 20:12:17,055 [pool-227-thread-1] INFO  server.RaftServerConfigKeys (ConfUtils.java:logGet(43)) - raft.server.rpc.timeout.min = 5s (custom)
2019-09-30 20:12:17,055 [pool-227-thread-1] INFO  server.RaftServerConfigKeys (ConfUtils.java:logGet(43)) - raft.server.rpc.timeout.max = 5200ms (custom)
2019-09-30 20:12:17,055 [pool-227-thread-1] INFO  server.RaftServerConfigKeys (ConfUtils.java:logGet(43)) - raft.server.rpcslowness.timeout = 120s (custom)
2019-09-30 20:12:17,055 [pool-227-thread-1] INFO  server.RaftServerConfigKeys (ConfUtils.java:logGet(43)) - raft.server.sleep.deviation.threshold = 300 (default)
2019-09-30 20:12:17,055 [pool-227-thread-1] INFO  server.RaftServerConfigKeys (ConfUtils.java:logGet(43)) - raft.server.log.appender.install.snapshot.enabled = false (custom)
2019-09-30 20:12:17,055 [pool-227-thread-1] INFO  impl.RaftServerImpl (ServerState.java:<init>(103)) - e3cd7ddd-71e6-4087-b78a-a2f343ce8905@group-FCA45B1AA64B: ConfigurationManager, init=-1: [e3cd7ddd-71e6-4087-b78a-a2f343ce8905:192.168.164.209:46607], old=null, confs=<EMPTY_MAP>
2019-09-30 20:12:17,056 [pool-227-thread-1] INFO  server.RaftServerConfigKeys (ConfUtils.java:logGet(43)) - raft.server.storage.dir = [/workdir/hadoop-ozone/integration-test/target/test-dir/MiniOzoneClusterImpl-a7c0ca27-5db2-4eb2-a1d1-8702a6efc9d7/datanode-2/data/ratis] (custom)
2019-09-30 20:12:17,056 [pool-227-thread-1] INFO  server.RaftServerConfigKeys (ConfUtils.java:logGet(43)) - raft.server.log.corruption.policy = EXCEPTION (default)
2019-09-30 20:12:17,056 [pool-227-thread-1] INFO  storage.RaftStorageDirectory (RaftStorageDirectory.java:analyzeStorage(246)) - The storage directory /workdir/hadoop-ozone/integration-test/target/test-dir/MiniOzoneClusterImpl-a7c0ca27-5db2-4eb2-a1d1-8702a6efc9d7/datanode-2/data/ratis/9467a6ef-8865-41a2-a1eb-fca45b1aa64b does not exist. Creating ...
2019-09-30 20:12:17,069 [pool-227-thread-1] INFO  storage.RaftStorageDirectory (RaftStorageDirectory.java:tryLock(328)) - Lock on /workdir/hadoop-ozone/integration-test/target/test-dir/MiniOzoneClusterImpl-a7c0ca27-5db2-4eb2-a1d1-8702a6efc9d7/datanode-2/data/ratis/9467a6ef-8865-41a2-a1eb-fca45b1aa64b/in_use.lock acquired by nodename 15730@pr-hdds-2210-ncz7r-3016196628
2019-09-30 20:12:17,082 [pool-227-thread-1] INFO  storage.RaftStorage (RaftStorage.java:format(84)) - Storage directory /workdir/hadoop-ozone/integration-test/target/test-dir/MiniOzoneClusterImpl-a7c0ca27-5db2-4eb2-a1d1-8702a6efc9d7/datanode-2/data/ratis/9467a6ef-8865-41a2-a1eb-fca45b1aa64b has been successfully formatted.
2019-09-30 20:12:17,083 [pool-227-thread-1] INFO  ratis.ContainerStateMachine (ContainerStateMachine.java:loadSnapshot(230)) - group-FCA45B1AA64B: The snapshot info is null. Setting the last applied indexto:(t:0, i:~)
2019-09-30 20:12:17,083 [pool-227-thread-1] INFO  server.RaftServerConfigKeys (ConfUtils.java:logGet(43)) - raft.server.notification.no-leader.timeout = 120s (custom)
2019-09-30 20:12:17,083 [pool-227-thread-1] INFO  server.RaftServerConfigKeys (ConfUtils.java:logGet(43)) - raft.server.log.use.memory = false (default)
2019-09-30 20:12:17,083 [pool-227-thread-1] INFO  server.RaftServerConfigKeys (ConfUtils.java:logGet(43)) - raft.server.log.purge.gap = 1000000 (custom)
2019-09-30 20:12:17,083 [pool-227-thread-1] INFO  server.RaftServerConfigKeys (ConfUtils.java:logGet(43)) - raft.server.log.appender.buffer.byte-limit = 33554432 (custom)
2019-09-30 20:12:17,083 [pool-227-thread-1] INFO  server.RaftServerConfigKeys (ConfUtils.java:logGet(43)) - raft.server.log.segment.size.max = 1048576 (custom)
2019-09-30 20:12:17,085 [pool-227-thread-1] INFO  server.RaftServerConfigKeys (ConfUtils.java:logGet(43)) - raft.server.log.segment.cache.num.max = 2 (custom)
2019-09-30 20:12:17,085 [pool-227-thread-1] INFO  segmented.SegmentedRaftLogWorker (SegmentedRaftLogWorker.java:<init>(173)) - new e3cd7ddd-71e6-4087-b78a-a2f343ce8905@group-FCA45B1AA64B-SegmentedRaftLogWorker for RaftStorage:Storage Directory /workdir/hadoop-ozone/integration-test/target/test-dir/MiniOzoneClusterImpl-a7c0ca27-5db2-4eb2-a1d1-8702a6efc9d7/datanode-2/data/ratis/9467a6ef-8865-41a2-a1eb-fca45b1aa64b
2019-09-30 20:12:17,086 [pool-227-thread-1] INFO  server.RaftServerConfigKeys (ConfUtils.java:logGet(43)) - raft.server.log.queue.byte-limit = 2147483647 (custom)
2019-09-30 20:12:17,086 [pool-227-thread-1] INFO  server.RaftServerConfigKeys (ConfUtils.java:logGet(43)) - raft.server.log.queue.element-limit = 1024 (custom)
2019-09-30 20:12:17,086 [pool-227-thread-1] INFO  server.RaftServerConfigKeys (ConfUtils.java:logGet(43)) - raft.server.log.segment.size.max = 1048576 (custom)
2019-09-30 20:12:17,086 [pool-227-thread-1] INFO  server.RaftServerConfigKeys (ConfUtils.java:logGet(43)) - raft.server.log.preallocated.size = 16384 (custom)
2019-09-30 20:12:17,086 [pool-227-thread-1] INFO  server.RaftServerConfigKeys (ConfUtils.java:logGet(43)) - raft.server.log.write.buffer.size = 33554432 (custom)
2019-09-30 20:12:17,086 [pool-227-thread-1] INFO  server.RaftServerConfigKeys (ConfUtils.java:logGet(43)) - raft.server.log.force.sync.num = 128 (default)
2019-09-30 20:12:17,086 [pool-227-thread-1] INFO  server.RaftServerConfigKeys (ConfUtils.java:logGet(43)) - raft.server.log.statemachine.data.sync = true (default)
2019-09-30 20:12:17,086 [pool-227-thread-1] INFO  server.RaftServerConfigKeys (ConfUtils.java:logGet(43)) - raft.server.log.statemachine.data.sync.timeout = 10s (default)
2019-09-30 20:12:17,087 [pool-227-thread-1] INFO  server.RaftServerConfigKeys (ConfUtils.java:logGet(43)) - raft.server.log.statemachine.data.sync.timeout.retry = -1 (default)
2019-09-30 20:12:17,087 [pool-227-thread-1] INFO  server.RaftServerConfigKeys (ConfUtils.java:logGet(43)) - raft.server.log.statemachine.data.caching.enabled = true (custom)
2019-09-30 20:12:17,087 [pool-227-thread-1] INFO  segmented.SegmentedRaftLogWorker (SegmentedRaftLogWorker.java:lambda$new$0(128)) - e3cd7ddd-71e6-4087-b78a-a2f343ce8905@group-FCA45B1AA64B-SegmentedRaftLogWorker: flushIndex: setUnconditionally 0 -> -1
2019-09-30 20:12:17,088 [pool-227-thread-1] INFO  server.RaftServerConfigKeys (ConfUtils.java:logGet(43)) - raft.server.snapshot.auto.trigger.enabled = true (custom)
2019-09-30 20:12:17,088 [pool-227-thread-1] INFO  server.RaftServerConfigKeys (ConfUtils.java:logGet(43)) - raft.server.snapshot.auto.trigger.threshold = 10000 (custom)
2019-09-30 20:12:17,088 [pool-227-thread-1] INFO  server.RaftServerConfigKeys (ConfUtils.java:logGet(43)) - raft.server.snapshot.retention.file.num = 5 (custom)
2019-09-30 20:12:17,088 [pool-227-thread-1] INFO  server.RaftServerConfigKeys (ConfUtils.java:logGet(43)) - raft.server.retrycache.expirytime = 600000ms (custom)
2019-09-30 20:12:17,090 [pool-227-thread-1] INFO  impl.RaftServerImpl (RaftServerImpl.java:start(181)) - e3cd7ddd-71e6-4087-b78a-a2f343ce8905@group-FCA45B1AA64B: start as a follower, conf=-1: [e3cd7ddd-71e6-4087-b78a-a2f343ce8905:192.168.164.209:46607], old=null
2019-09-30 20:12:17,090 [pool-227-thread-1] INFO  impl.RaftServerImpl (RaftServerImpl.java:setRole(170)) - e3cd7ddd-71e6-4087-b78a-a2f343ce8905@group-FCA45B1AA64B: changes role from      null to FOLLOWER at term 0 for startAsFollower
2019-09-30 20:12:17,090 [pool-227-thread-1] INFO  impl.RoleInfo (RoleInfo.java:updateAndGet(143)) - e3cd7ddd-71e6-4087-b78a-a2f343ce8905: start FollowerState
2019-09-30 20:12:17,090 [pool-227-thread-1] INFO  util.JmxRegister (JmxRegister.java:tryRegister(44)) - Successfully registered JMX Bean with object name Ratis:service=RaftServer,group=group-FCA45B1AA64B,id=e3cd7ddd-71e6-4087-b78a-a2f343ce8905
2019-09-30 20:12:17,098 [RatisPipelineUtilsThread] INFO  pipeline.PipelineStateManager (PipelineStateManager.java:addPipeline(56)) - Created pipeline Pipeline[ Id: 9467a6ef-8865-41a2-a1eb-fca45b1aa64b, Nodes: e3cd7ddd-71e6-4087-b78a-a2f343ce8905{ip: 192.168.164.209, host: pr-hdds-2210-ncz7r-3016196628, networkLocation: /default-rack, certSerialId: null}, Type:RATIS, Factor:ONE, State:OPEN]
2019-09-30 20:12:17,113 [IPC Server handler 6 on 37212] INFO  net.NetworkTopology (NetworkTopologyImpl.java:add(111)) - Added a new node: /default-rack/1e0e99e3-f8aa-460d-a71d-241f9bf6c600
2019-09-30 20:12:17,113 [IPC Server handler 6 on 37212] INFO  node.SCMNodeManager (SCMNodeManager.java:register(266)) - Registered Data node : 1e0e99e3-f8aa-460d-a71d-241f9bf6c600{ip: 192.168.164.209, host: pr-hdds-2210-ncz7r-3016196628, networkLocation: /default-rack, certSerialId: null}
2019-09-30 20:12:17,125 [grpc-default-executor-3] INFO  impl.RaftServerProxy (RaftServerProxy.java:addNew(89)) - e3cd7ddd-71e6-4087-b78a-a2f343ce8905: addNew group-8ED5B5EAAF88:[0c62d7ee-acdc-4014-b8e4-a22ebcbdb566:192.168.164.209:33252, fdb07fac-a038-4dd2-bf3a-e692e6ea73ee:192.168.164.209:46474, e3cd7ddd-71e6-4087-b78a-a2f343ce8905:192.168.164.209:46607] returns group-8ED5B5EAAF88:java.util.concurrent.CompletableFuture@5b276c48[Not completed]
2019-09-30 20:12:17,126 [grpc-default-executor-0] INFO  impl.RaftServerProxy (RaftServerProxy.java:addNew(89)) - fdb07fac-a038-4dd2-bf3a-e692e6ea73ee: addNew group-8ED5B5EAAF88:[0c62d7ee-acdc-4014-b8e4-a22ebcbdb566:192.168.164.209:33252, fdb07fac-a038-4dd2-bf3a-e692e6ea73ee:192.168.164.209:46474, e3cd7ddd-71e6-4087-b78a-a2f343ce8905:192.168.164.209:46607] returns group-8ED5B5EAAF88:java.util.concurrent.CompletableFuture@1088b185[Not completed]
2019-09-30 20:12:17,125 [grpc-default-executor-2] INFO  impl.RaftServerProxy (RaftServerProxy.java:addNew(89)) - 0c62d7ee-acdc-4014-b8e4-a22ebcbdb566: addNew group-8ED5B5EAAF88:[0c62d7ee-acdc-4014-b8e4-a22ebcbdb566:192.168.164.209:33252, fdb07fac-a038-4dd2-bf3a-e692e6ea73ee:192.168.164.209:46474, e3cd7ddd-71e6-4087-b78a-a2f343ce8905:192.168.164.209:46607] returns group-8ED5B5EAAF88:java.util.concurrent.CompletableFuture@27b30071[Not completed]
2019-09-30 20:12:17,127 [pool-207-thread-1] INFO  impl.RaftServerImpl (RaftServerImpl.java:<init>(95)) - 0c62d7ee-acdc-4014-b8e4-a22ebcbdb566: new RaftServerImpl for group-8ED5B5EAAF88:[0c62d7ee-acdc-4014-b8e4-a22ebcbdb566:192.168.164.209:33252, fdb07fac-a038-4dd2-bf3a-e692e6ea73ee:192.168.164.209:46474, e3cd7ddd-71e6-4087-b78a-a2f343ce8905:192.168.164.209:46607] with ContainerStateMachine:uninitialized
2019-09-30 20:12:17,128 [pool-207-thread-1] INFO  server.RaftServerConfigKeys (ConfUtils.java:logGet(43)) - raft.server.rpc.timeout.min = 5s (custom)
2019-09-30 20:12:17,128 [pool-207-thread-1] INFO  server.RaftServerConfigKeys (ConfUtils.java:logGet(43)) - raft.server.rpc.timeout.max = 5200ms (custom)
2019-09-30 20:12:17,128 [pool-207-thread-1] INFO  server.RaftServerConfigKeys (ConfUtils.java:logGet(43)) - raft.server.rpcslowness.timeout = 120s (custom)
2019-09-30 20:12:17,128 [pool-207-thread-1] INFO  server.RaftServerConfigKeys (ConfUtils.java:logGet(43)) - raft.server.sleep.deviation.threshold = 300 (default)
2019-09-30 20:12:17,128 [pool-207-thread-1] INFO  server.RaftServerConfigKeys (ConfUtils.java:logGet(43)) - raft.server.log.appender.install.snapshot.enabled = false (custom)
2019-09-30 20:12:17,128 [pool-217-thread-1] INFO  impl.RaftServerImpl (RaftServerImpl.java:<init>(95)) - fdb07fac-a038-4dd2-bf3a-e692e6ea73ee: new RaftServerImpl for group-8ED5B5EAAF88:[0c62d7ee-acdc-4014-b8e4-a22ebcbdb566:192.168.164.209:33252, fdb07fac-a038-4dd2-bf3a-e692e6ea73ee:192.168.164.209:46474, e3cd7ddd-71e6-4087-b78a-a2f343ce8905:192.168.164.209:46607] with ContainerStateMachine:uninitialized
2019-09-30 20:12:17,128 [pool-207-thread-1] INFO  impl.RaftServerImpl (ServerState.java:<init>(103)) - 0c62d7ee-acdc-4014-b8e4-a22ebcbdb566@group-8ED5B5EAAF88: ConfigurationManager, init=-1: [0c62d7ee-acdc-4014-b8e4-a22ebcbdb566:192.168.164.209:33252, fdb07fac-a038-4dd2-bf3a-e692e6ea73ee:192.168.164.209:46474, e3cd7ddd-71e6-4087-b78a-a2f343ce8905:192.168.164.209:46607], old=null, confs=<EMPTY_MAP>
2019-09-30 20:12:17,128 [pool-217-thread-1] INFO  server.RaftServerConfigKeys (ConfUtils.java:logGet(43)) - raft.server.rpc.timeout.min = 5s (custom)
2019-09-30 20:12:17,128 [pool-207-thread-1] INFO  server.RaftServerConfigKeys (ConfUtils.java:logGet(43)) - raft.server.storage.dir = [/workdir/hadoop-ozone/integration-test/target/test-dir/MiniOzoneClusterImpl-a7c0ca27-5db2-4eb2-a1d1-8702a6efc9d7/datanode-0/data/ratis] (custom)
2019-09-30 20:12:17,129 [pool-217-thread-1] INFO  server.RaftServerConfigKeys (ConfUtils.java:logGet(43)) - raft.server.rpc.timeout.max = 5200ms (custom)
2019-09-30 20:12:17,129 [pool-227-thread-1] INFO  impl.RaftServerImpl (RaftServerImpl.java:<init>(95)) - e3cd7ddd-71e6-4087-b78a-a2f343ce8905: new RaftServerImpl for group-8ED5B5EAAF88:[0c62d7ee-acdc-4014-b8e4-a22ebcbdb566:192.168.164.209:33252, fdb07fac-a038-4dd2-bf3a-e692e6ea73ee:192.168.164.209:46474, e3cd7ddd-71e6-4087-b78a-a2f343ce8905:192.168.164.209:46607] with ContainerStateMachine:uninitialized
2019-09-30 20:12:17,129 [pool-207-thread-1] INFO  server.RaftServerConfigKeys (ConfUtils.java:logGet(43)) - raft.server.log.corruption.policy = EXCEPTION (default)
2019-09-30 20:12:17,129 [pool-217-thread-1] INFO  server.RaftServerConfigKeys (ConfUtils.java:logGet(43)) - raft.server.rpcslowness.timeout = 120s (custom)
2019-09-30 20:12:17,129 [pool-207-thread-1] INFO  storage.RaftStorageDirectory (RaftStorageDirectory.java:analyzeStorage(246)) - The storage directory /workdir/hadoop-ozone/integration-test/target/test-dir/MiniOzoneClusterImpl-a7c0ca27-5db2-4eb2-a1d1-8702a6efc9d7/datanode-0/data/ratis/3d1417a6-0f48-4924-96db-8ed5b5eaaf88 does not exist. Creating ...
2019-09-30 20:12:17,129 [pool-227-thread-1] INFO  server.RaftServerConfigKeys (ConfUtils.java:logGet(43)) - raft.server.rpc.timeout.min = 5s (custom)
2019-09-30 20:12:17,129 [pool-217-thread-1] INFO  server.RaftServerConfigKeys (ConfUtils.java:logGet(43)) - raft.server.sleep.deviation.threshold = 300 (default)
2019-09-30 20:12:17,130 [pool-227-thread-1] INFO  server.RaftServerConfigKeys (ConfUtils.java:logGet(43)) - raft.server.rpc.timeout.max = 5200ms (custom)
2019-09-30 20:12:17,130 [pool-217-thread-1] INFO  server.RaftServerConfigKeys (ConfUtils.java:logGet(43)) - raft.server.log.appender.install.snapshot.enabled = false (custom)
2019-09-30 20:12:17,130 [pool-227-thread-1] INFO  server.RaftServerConfigKeys (ConfUtils.java:logGet(43)) - raft.server.rpcslowness.timeout = 120s (custom)
2019-09-30 20:12:17,130 [pool-217-thread-1] INFO  impl.RaftServerImpl (ServerState.java:<init>(103)) - fdb07fac-a038-4dd2-bf3a-e692e6ea73ee@group-8ED5B5EAAF88: ConfigurationManager, init=-1: [0c62d7ee-acdc-4014-b8e4-a22ebcbdb566:192.168.164.209:33252, fdb07fac-a038-4dd2-bf3a-e692e6ea73ee:192.168.164.209:46474, e3cd7ddd-71e6-4087-b78a-a2f343ce8905:192.168.164.209:46607], old=null, confs=<EMPTY_MAP>
2019-09-30 20:12:17,130 [pool-227-thread-1] INFO  server.RaftServerConfigKeys (ConfUtils.java:logGet(43)) - raft.server.sleep.deviation.threshold = 300 (default)
2019-09-30 20:12:17,130 [pool-217-thread-1] INFO  server.RaftServerConfigKeys (ConfUtils.java:logGet(43)) - raft.server.storage.dir = [/workdir/hadoop-ozone/integration-test/target/test-dir/MiniOzoneClusterImpl-a7c0ca27-5db2-4eb2-a1d1-8702a6efc9d7/datanode-1/data/ratis] (custom)
2019-09-30 20:12:17,130 [pool-227-thread-1] INFO  server.RaftServerConfigKeys (ConfUtils.java:logGet(43)) - raft.server.log.appender.install.snapshot.enabled = false (custom)
2019-09-30 20:12:17,130 [pool-227-thread-1] INFO  impl.RaftServerImpl (ServerState.java:<init>(103)) - e3cd7ddd-71e6-4087-b78a-a2f343ce8905@group-8ED5B5EAAF88: ConfigurationManager, init=-1: [0c62d7ee-acdc-4014-b8e4-a22ebcbdb566:192.168.164.209:33252, fdb07fac-a038-4dd2-bf3a-e692e6ea73ee:192.168.164.209:46474, e3cd7ddd-71e6-4087-b78a-a2f343ce8905:192.168.164.209:46607], old=null, confs=<EMPTY_MAP>
2019-09-30 20:12:17,130 [pool-217-thread-1] INFO  server.RaftServerConfigKeys (ConfUtils.java:logGet(43)) - raft.server.log.corruption.policy = EXCEPTION (default)
2019-09-30 20:12:17,131 [pool-227-thread-1] INFO  server.RaftServerConfigKeys (ConfUtils.java:logGet(43)) - raft.server.storage.dir = [/workdir/hadoop-ozone/integration-test/target/test-dir/MiniOzoneClusterImpl-a7c0ca27-5db2-4eb2-a1d1-8702a6efc9d7/datanode-2/data/ratis] (custom)
2019-09-30 20:12:17,131 [pool-217-thread-1] INFO  storage.RaftStorageDirectory (RaftStorageDirectory.java:analyzeStorage(246)) - The storage directory /workdir/hadoop-ozone/integration-test/target/test-dir/MiniOzoneClusterImpl-a7c0ca27-5db2-4eb2-a1d1-8702a6efc9d7/datanode-1/data/ratis/3d1417a6-0f48-4924-96db-8ed5b5eaaf88 does not exist. Creating ...
2019-09-30 20:12:17,131 [pool-227-thread-1] INFO  server.RaftServerConfigKeys (ConfUtils.java:logGet(43)) - raft.server.log.corruption.policy = EXCEPTION (default)
2019-09-30 20:12:17,131 [pool-227-thread-1] INFO  storage.RaftStorageDirectory (RaftStorageDirectory.java:analyzeStorage(246)) - The storage directory /workdir/hadoop-ozone/integration-test/target/test-dir/MiniOzoneClusterImpl-a7c0ca27-5db2-4eb2-a1d1-8702a6efc9d7/datanode-2/data/ratis/3d1417a6-0f48-4924-96db-8ed5b5eaaf88 does not exist. Creating ...
2019-09-30 20:12:17,143 [pool-217-thread-1] INFO  storage.RaftStorageDirectory (RaftStorageDirectory.java:tryLock(328)) - Lock on /workdir/hadoop-ozone/integration-test/target/test-dir/MiniOzoneClusterImpl-a7c0ca27-5db2-4eb2-a1d1-8702a6efc9d7/datanode-1/data/ratis/3d1417a6-0f48-4924-96db-8ed5b5eaaf88/in_use.lock acquired by nodename 15730@pr-hdds-2210-ncz7r-3016196628
2019-09-30 20:12:17,143 [pool-207-thread-1] INFO  storage.RaftStorageDirectory (RaftStorageDirectory.java:tryLock(328)) - Lock on /workdir/hadoop-ozone/integration-test/target/test-dir/MiniOzoneClusterImpl-a7c0ca27-5db2-4eb2-a1d1-8702a6efc9d7/datanode-0/data/ratis/3d1417a6-0f48-4924-96db-8ed5b5eaaf88/in_use.lock acquired by nodename 15730@pr-hdds-2210-ncz7r-3016196628
2019-09-30 20:12:17,143 [pool-227-thread-1] INFO  storage.RaftStorageDirectory (RaftStorageDirectory.java:tryLock(328)) - Lock on /workdir/hadoop-ozone/integration-test/target/test-dir/MiniOzoneClusterImpl-a7c0ca27-5db2-4eb2-a1d1-8702a6efc9d7/datanode-2/data/ratis/3d1417a6-0f48-4924-96db-8ed5b5eaaf88/in_use.lock acquired by nodename 15730@pr-hdds-2210-ncz7r-3016196628
2019-09-30 20:12:17,157 [pool-207-thread-1] INFO  storage.RaftStorage (RaftStorage.java:format(84)) - Storage directory /workdir/hadoop-ozone/integration-test/target/test-dir/MiniOzoneClusterImpl-a7c0ca27-5db2-4eb2-a1d1-8702a6efc9d7/datanode-0/data/ratis/3d1417a6-0f48-4924-96db-8ed5b5eaaf88 has been successfully formatted.
2019-09-30 20:12:17,157 [pool-227-thread-1] INFO  storage.RaftStorage (RaftStorage.java:format(84)) - Storage directory /workdir/hadoop-ozone/integration-test/target/test-dir/MiniOzoneClusterImpl-a7c0ca27-5db2-4eb2-a1d1-8702a6efc9d7/datanode-2/data/ratis/3d1417a6-0f48-4924-96db-8ed5b5eaaf88 has been successfully formatted.
2019-09-30 20:12:17,158 [pool-207-thread-1] INFO  ratis.ContainerStateMachine (ContainerStateMachine.java:loadSnapshot(230)) - group-8ED5B5EAAF88: The snapshot info is null. Setting the last applied indexto:(t:0, i:~)
2019-09-30 20:12:17,157 [pool-217-thread-1] INFO  storage.RaftStorage (RaftStorage.java:format(84)) - Storage directory /workdir/hadoop-ozone/integration-test/target/test-dir/MiniOzoneClusterImpl-a7c0ca27-5db2-4eb2-a1d1-8702a6efc9d7/datanode-1/data/ratis/3d1417a6-0f48-4924-96db-8ed5b5eaaf88 has been successfully formatted.
2019-09-30 20:12:17,158 [pool-207-thread-1] INFO  server.RaftServerConfigKeys (ConfUtils.java:logGet(43)) - raft.server.notification.no-leader.timeout = 120s (custom)
2019-09-30 20:12:17,158 [pool-217-thread-1] INFO  ratis.ContainerStateMachine (ContainerStateMachine.java:loadSnapshot(230)) - group-8ED5B5EAAF88: The snapshot info is null. Setting the last applied indexto:(t:0, i:~)
2019-09-30 20:12:17,158 [pool-227-thread-1] INFO  ratis.ContainerStateMachine (ContainerStateMachine.java:loadSnapshot(230)) - group-8ED5B5EAAF88: The snapshot info is null. Setting the last applied indexto:(t:0, i:~)
2019-09-30 20:12:17,158 [pool-217-thread-1] INFO  server.RaftServerConfigKeys (ConfUtils.java:logGet(43)) - raft.server.notification.no-leader.timeout = 120s (custom)
2019-09-30 20:12:17,158 [pool-207-thread-1] INFO  server.RaftServerConfigKeys (ConfUtils.java:logGet(43)) - raft.server.log.use.memory = false (default)
2019-09-30 20:12:17,158 [pool-217-thread-1] INFO  server.RaftServerConfigKeys (ConfUtils.java:logGet(43)) - raft.server.log.use.memory = false (default)
2019-09-30 20:12:17,158 [pool-227-thread-1] INFO  server.RaftServerConfigKeys (ConfUtils.java:logGet(43)) - raft.server.notification.no-leader.timeout = 120s (custom)
2019-09-30 20:12:17,159 [pool-217-thread-1] INFO  server.RaftServerConfigKeys (ConfUtils.java:logGet(43)) - raft.server.log.purge.gap = 1000000 (custom)
2019-09-30 20:12:17,159 [pool-207-thread-1] INFO  server.RaftServerConfigKeys (ConfUtils.java:logGet(43)) - raft.server.log.purge.gap = 1000000 (custom)
2019-09-30 20:12:17,159 [pool-217-thread-1] INFO  server.RaftServerConfigKeys (ConfUtils.java:logGet(43)) - raft.server.log.appender.buffer.byte-limit = 33554432 (custom)
2019-09-30 20:12:17,159 [pool-227-thread-1] INFO  server.RaftServerConfigKeys (ConfUtils.java:logGet(43)) - raft.server.log.use.memory = false (default)
2019-09-30 20:12:17,159 [pool-217-thread-1] INFO  server.RaftServerConfigKeys (ConfUtils.java:logGet(43)) - raft.server.log.segment.size.max = 1048576 (custom)
2019-09-30 20:12:17,159 [pool-207-thread-1] INFO  server.RaftServerConfigKeys (ConfUtils.java:logGet(43)) - raft.server.log.appender.buffer.byte-limit = 33554432 (custom)
2019-09-30 20:12:17,159 [pool-217-thread-1] INFO  server.RaftServerConfigKeys (ConfUtils.java:logGet(43)) - raft.server.log.segment.cache.num.max = 2 (custom)
2019-09-30 20:12:17,159 [pool-227-thread-1] INFO  server.RaftServerConfigKeys (ConfUtils.java:logGet(43)) - raft.server.log.purge.gap = 1000000 (custom)
2019-09-30 20:12:17,160 [pool-217-thread-1] INFO  segmented.SegmentedRaftLogWorker (SegmentedRaftLogWorker.java:<init>(173)) - new fdb07fac-a038-4dd2-bf3a-e692e6ea73ee@group-8ED5B5EAAF88-SegmentedRaftLogWorker for RaftStorage:Storage Directory /workdir/hadoop-ozone/integration-test/target/test-dir/MiniOzoneClusterImpl-a7c0ca27-5db2-4eb2-a1d1-8702a6efc9d7/datanode-1/data/ratis/3d1417a6-0f48-4924-96db-8ed5b5eaaf88
2019-09-30 20:12:17,160 [pool-207-thread-1] INFO  server.RaftServerConfigKeys (ConfUtils.java:logGet(43)) - raft.server.log.segment.size.max = 1048576 (custom)
2019-09-30 20:12:17,160 [pool-217-thread-1] INFO  server.RaftServerConfigKeys (ConfUtils.java:logGet(43)) - raft.server.log.queue.byte-limit = 2147483647 (custom)
2019-09-30 20:12:17,160 [pool-227-thread-1] INFO  server.RaftServerConfigKeys (ConfUtils.java:logGet(43)) - raft.server.log.appender.buffer.byte-limit = 33554432 (custom)
2019-09-30 20:12:17,160 [pool-217-thread-1] INFO  server.RaftServerConfigKeys (ConfUtils.java:logGet(43)) - raft.server.log.queue.element-limit = 1024 (custom)
2019-09-30 20:12:17,160 [pool-207-thread-1] INFO  server.RaftServerConfigKeys (ConfUtils.java:logGet(43)) - raft.server.log.segment.cache.num.max = 2 (custom)
2019-09-30 20:12:17,161 [pool-217-thread-1] INFO  server.RaftServerConfigKeys (ConfUtils.java:logGet(43)) - raft.server.log.segment.size.max = 1048576 (custom)
2019-09-30 20:12:17,161 [pool-217-thread-1] INFO  server.RaftServerConfigKeys (ConfUtils.java:logGet(43)) - raft.server.log.preallocated.size = 16384 (custom)
2019-09-30 20:12:17,161 [pool-227-thread-1] INFO  server.RaftServerConfigKeys (ConfUtils.java:logGet(43)) - raft.server.log.segment.size.max = 1048576 (custom)
2019-09-30 20:12:17,161 [pool-217-thread-1] INFO  server.RaftServerConfigKeys (ConfUtils.java:logGet(43)) - raft.server.log.write.buffer.size = 33554432 (custom)
2019-09-30 20:12:17,161 [pool-207-thread-1] INFO  segmented.SegmentedRaftLogWorker (SegmentedRaftLogWorker.java:<init>(173)) - new 0c62d7ee-acdc-4014-b8e4-a22ebcbdb566@group-8ED5B5EAAF88-SegmentedRaftLogWorker for RaftStorage:Storage Directory /workdir/hadoop-ozone/integration-test/target/test-dir/MiniOzoneClusterImpl-a7c0ca27-5db2-4eb2-a1d1-8702a6efc9d7/datanode-0/data/ratis/3d1417a6-0f48-4924-96db-8ed5b5eaaf88
2019-09-30 20:12:17,161 [pool-217-thread-1] INFO  server.RaftServerConfigKeys (ConfUtils.java:logGet(43)) - raft.server.log.force.sync.num = 128 (default)
2019-09-30 20:12:17,161 [pool-227-thread-1] INFO  server.RaftServerConfigKeys (ConfUtils.java:logGet(43)) - raft.server.log.segment.cache.num.max = 2 (custom)
2019-09-30 20:12:17,162 [pool-217-thread-1] INFO  server.RaftServerConfigKeys (ConfUtils.java:logGet(43)) - raft.server.log.statemachine.data.sync = true (default)
2019-09-30 20:12:17,162 [pool-207-thread-1] INFO  server.RaftServerConfigKeys (ConfUtils.java:logGet(43)) - raft.server.log.queue.byte-limit = 2147483647 (custom)
2019-09-30 20:12:17,162 [pool-217-thread-1] INFO  server.RaftServerConfigKeys (ConfUtils.java:logGet(43)) - raft.server.log.statemachine.data.sync.timeout = 10s (default)
2019-09-30 20:12:17,162 [pool-227-thread-1] INFO  segmented.SegmentedRaftLogWorker (SegmentedRaftLogWorker.java:<init>(173)) - new e3cd7ddd-71e6-4087-b78a-a2f343ce8905@group-8ED5B5EAAF88-SegmentedRaftLogWorker for RaftStorage:Storage Directory /workdir/hadoop-ozone/integration-test/target/test-dir/MiniOzoneClusterImpl-a7c0ca27-5db2-4eb2-a1d1-8702a6efc9d7/datanode-2/data/ratis/3d1417a6-0f48-4924-96db-8ed5b5eaaf88
2019-09-30 20:12:17,162 [pool-217-thread-1] INFO  server.RaftServerConfigKeys (ConfUtils.java:logGet(43)) - raft.server.log.statemachine.data.sync.timeout.retry = -1 (default)
2019-09-30 20:12:17,162 [pool-207-thread-1] INFO  server.RaftServerConfigKeys (ConfUtils.java:logGet(43)) - raft.server.log.queue.element-limit = 1024 (custom)
2019-09-30 20:12:17,163 [pool-217-thread-1] INFO  server.RaftServerConfigKeys (ConfUtils.java:logGet(43)) - raft.server.log.statemachine.data.caching.enabled = true (custom)
2019-09-30 20:12:17,162 [pool-227-thread-1] INFO  server.RaftServerConfigKeys (ConfUtils.java:logGet(43)) - raft.server.log.queue.byte-limit = 2147483647 (custom)
2019-09-30 20:12:17,163 [pool-207-thread-1] INFO  server.RaftServerConfigKeys (ConfUtils.java:logGet(43)) - raft.server.log.segment.size.max = 1048576 (custom)
2019-09-30 20:12:17,163 [pool-217-thread-1] INFO  segmented.SegmentedRaftLogWorker (SegmentedRaftLogWorker.java:lambda$new$0(128)) - fdb07fac-a038-4dd2-bf3a-e692e6ea73ee@group-8ED5B5EAAF88-SegmentedRaftLogWorker: flushIndex: setUnconditionally 0 -> -1
2019-09-30 20:12:17,163 [pool-227-thread-1] INFO  server.RaftServerConfigKeys (ConfUtils.java:logGet(43)) - raft.server.log.queue.element-limit = 1024 (custom)
2019-09-30 20:12:17,163 [pool-207-thread-1] INFO  server.RaftServerConfigKeys (ConfUtils.java:logGet(43)) - raft.server.log.preallocated.size = 16384 (custom)
2019-09-30 20:12:17,163 [pool-217-thread-1] INFO  server.RaftServerConfigKeys (ConfUtils.java:logGet(43)) - raft.server.snapshot.auto.trigger.enabled = true (custom)
2019-09-30 20:12:17,163 [pool-227-thread-1] INFO  server.RaftServerConfigKeys (ConfUtils.java:logGet(43)) - raft.server.log.segment.size.max = 1048576 (custom)
2019-09-30 20:12:17,164 [pool-217-thread-1] INFO  server.RaftServerConfigKeys (ConfUtils.java:logGet(43)) - raft.server.snapshot.auto.trigger.threshold = 10000 (custom)
2019-09-30 20:12:17,164 [pool-217-thread-1] INFO  server.RaftServerConfigKeys (ConfUtils.java:logGet(43)) - raft.server.snapshot.retention.file.num = 5 (custom)
2019-09-30 20:12:17,163 [pool-207-thread-1] INFO  server.RaftServerConfigKeys (ConfUtils.java:logGet(43)) - raft.server.log.write.buffer.size = 33554432 (custom)
2019-09-30 20:12:17,164 [pool-217-thread-1] INFO  server.RaftServerConfigKeys (ConfUtils.java:logGet(43)) - raft.server.retrycache.expirytime = 600000ms (custom)
2019-09-30 20:12:17,164 [pool-227-thread-1] INFO  server.RaftServerConfigKeys (ConfUtils.java:logGet(43)) - raft.server.log.preallocated.size = 16384 (custom)
2019-09-30 20:12:17,164 [pool-207-thread-1] INFO  server.RaftServerConfigKeys (ConfUtils.java:logGet(43)) - raft.server.log.force.sync.num = 128 (default)
2019-09-30 20:12:17,164 [pool-227-thread-1] INFO  server.RaftServerConfigKeys (ConfUtils.java:logGet(43)) - raft.server.log.write.buffer.size = 33554432 (custom)
2019-09-30 20:12:17,165 [pool-207-thread-1] INFO  server.RaftServerConfigKeys (ConfUtils.java:logGet(43)) - raft.server.log.statemachine.data.sync = true (default)
2019-09-30 20:12:17,165 [pool-227-thread-1] INFO  server.RaftServerConfigKeys (ConfUtils.java:logGet(43)) - raft.server.log.force.sync.num = 128 (default)
2019-09-30 20:12:17,165 [pool-207-thread-1] INFO  server.RaftServerConfigKeys (ConfUtils.java:logGet(43)) - raft.server.log.statemachine.data.sync.timeout = 10s (default)
2019-09-30 20:12:17,165 [pool-227-thread-1] INFO  server.RaftServerConfigKeys (ConfUtils.java:logGet(43)) - raft.server.log.statemachine.data.sync = true (default)
2019-09-30 20:12:17,165 [pool-207-thread-1] INFO  server.RaftServerConfigKeys (ConfUtils.java:logGet(43)) - raft.server.log.statemachine.data.sync.timeout.retry = -1 (default)
2019-09-30 20:12:17,165 [pool-227-thread-1] INFO  server.RaftServerConfigKeys (ConfUtils.java:logGet(43)) - raft.server.log.statemachine.data.sync.timeout = 10s (default)
2019-09-30 20:12:17,166 [pool-207-thread-1] INFO  server.RaftServerConfigKeys (ConfUtils.java:logGet(43)) - raft.server.log.statemachine.data.caching.enabled = true (custom)
2019-09-30 20:12:17,166 [pool-227-thread-1] INFO  server.RaftServerConfigKeys (ConfUtils.java:logGet(43)) - raft.server.log.statemachine.data.sync.timeout.retry = -1 (default)
2019-09-30 20:12:17,166 [pool-227-thread-1] INFO  server.RaftServerConfigKeys (ConfUtils.java:logGet(43)) - raft.server.log.statemachine.data.caching.enabled = true (custom)
2019-09-30 20:12:17,166 [pool-207-thread-1] INFO  segmented.SegmentedRaftLogWorker (SegmentedRaftLogWorker.java:lambda$new$0(128)) - 0c62d7ee-acdc-4014-b8e4-a22ebcbdb566@group-8ED5B5EAAF88-SegmentedRaftLogWorker: flushIndex: setUnconditionally 0 -> -1
2019-09-30 20:12:17,166 [pool-227-thread-1] INFO  segmented.SegmentedRaftLogWorker (SegmentedRaftLogWorker.java:lambda$new$0(128)) - e3cd7ddd-71e6-4087-b78a-a2f343ce8905@group-8ED5B5EAAF88-SegmentedRaftLogWorker: flushIndex: setUnconditionally 0 -> -1
2019-09-30 20:12:17,166 [pool-217-thread-1] INFO  impl.RaftServerImpl (RaftServerImpl.java:start(181)) - fdb07fac-a038-4dd2-bf3a-e692e6ea73ee@group-8ED5B5EAAF88: start as a follower, conf=-1: [0c62d7ee-acdc-4014-b8e4-a22ebcbdb566:192.168.164.209:33252, fdb07fac-a038-4dd2-bf3a-e692e6ea73ee:192.168.164.209:46474, e3cd7ddd-71e6-4087-b78a-a2f343ce8905:192.168.164.209:46607], old=null
2019-09-30 20:12:17,166 [pool-207-thread-1] INFO  server.RaftServerConfigKeys (ConfUtils.java:logGet(43)) - raft.server.snapshot.auto.trigger.enabled = true (custom)
2019-09-30 20:12:17,167 [pool-217-thread-1] INFO  impl.RaftServerImpl (RaftServerImpl.java:setRole(170)) - fdb07fac-a038-4dd2-bf3a-e692e6ea73ee@group-8ED5B5EAAF88: changes role from      null to FOLLOWER at term 0 for startAsFollower
2019-09-30 20:12:17,167 [pool-227-thread-1] INFO  server.RaftServerConfigKeys (ConfUtils.java:logGet(43)) - raft.server.snapshot.auto.trigger.enabled = true (custom)
2019-09-30 20:12:17,167 [pool-217-thread-1] INFO  impl.RoleInfo (RoleInfo.java:updateAndGet(143)) - fdb07fac-a038-4dd2-bf3a-e692e6ea73ee: start FollowerState
2019-09-30 20:12:17,167 [pool-207-thread-1] INFO  server.RaftServerConfigKeys (ConfUtils.java:logGet(43)) - raft.server.snapshot.auto.trigger.threshold = 10000 (custom)
2019-09-30 20:12:17,167 [pool-227-thread-1] INFO  server.RaftServerConfigKeys (ConfUtils.java:logGet(43)) - raft.server.snapshot.auto.trigger.threshold = 10000 (custom)
2019-09-30 20:12:17,168 [pool-217-thread-1] INFO  util.JmxRegister (JmxRegister.java:tryRegister(44)) - Successfully registered JMX Bean with object name Ratis:service=RaftServer,group=group-8ED5B5EAAF88,id=fdb07fac-a038-4dd2-bf3a-e692e6ea73ee
2019-09-30 20:12:17,168 [pool-207-thread-1] INFO  server.RaftServerConfigKeys (ConfUtils.java:logGet(43)) - raft.server.snapshot.retention.file.num = 5 (custom)
2019-09-30 20:12:17,168 [pool-227-thread-1] INFO  server.RaftServerConfigKeys (ConfUtils.java:logGet(43)) - raft.server.snapshot.retention.file.num = 5 (custom)
2019-09-30 20:12:17,168 [pool-207-thread-1] INFO  server.RaftServerConfigKeys (ConfUtils.java:logGet(43)) - raft.server.retrycache.expirytime = 600000ms (custom)
2019-09-30 20:12:17,168 [pool-227-thread-1] INFO  server.RaftServerConfigKeys (ConfUtils.java:logGet(43)) - raft.server.retrycache.expirytime = 600000ms (custom)
2019-09-30 20:12:17,172 [pool-207-thread-1] INFO  impl.RaftServerImpl (RaftServerImpl.java:start(181)) - 0c62d7ee-acdc-4014-b8e4-a22ebcbdb566@group-8ED5B5EAAF88: start as a follower, conf=-1: [0c62d7ee-acdc-4014-b8e4-a22ebcbdb566:192.168.164.209:33252, fdb07fac-a038-4dd2-bf3a-e692e6ea73ee:192.168.164.209:46474, e3cd7ddd-71e6-4087-b78a-a2f343ce8905:192.168.164.209:46607], old=null
2019-09-30 20:12:17,172 [pool-207-thread-1] INFO  impl.RaftServerImpl (RaftServerImpl.java:setRole(170)) - 0c62d7ee-acdc-4014-b8e4-a22ebcbdb566@group-8ED5B5EAAF88: changes role from      null to FOLLOWER at term 0 for startAsFollower
2019-09-30 20:12:17,172 [pool-227-thread-1] INFO  impl.RaftServerImpl (RaftServerImpl.java:start(181)) - e3cd7ddd-71e6-4087-b78a-a2f343ce8905@group-8ED5B5EAAF88: start as a follower, conf=-1: [0c62d7ee-acdc-4014-b8e4-a22ebcbdb566:192.168.164.209:33252, fdb07fac-a038-4dd2-bf3a-e692e6ea73ee:192.168.164.209:46474, e3cd7ddd-71e6-4087-b78a-a2f343ce8905:192.168.164.209:46607], old=null
2019-09-30 20:12:17,175 [pool-207-thread-1] INFO  impl.RoleInfo (RoleInfo.java:updateAndGet(143)) - 0c62d7ee-acdc-4014-b8e4-a22ebcbdb566: start FollowerState
2019-09-30 20:12:17,176 [pool-227-thread-1] INFO  impl.RaftServerImpl (RaftServerImpl.java:setRole(170)) - e3cd7ddd-71e6-4087-b78a-a2f343ce8905@group-8ED5B5EAAF88: changes role from      null to FOLLOWER at term 0 for startAsFollower
2019-09-30 20:12:17,176 [pool-227-thread-1] INFO  impl.RoleInfo (RoleInfo.java:updateAndGet(143)) - e3cd7ddd-71e6-4087-b78a-a2f343ce8905: start FollowerState
2019-09-30 20:12:17,176 [pool-207-thread-1] INFO  util.JmxRegister (JmxRegister.java:tryRegister(44)) - Successfully registered JMX Bean with object name Ratis:service=RaftServer,group=group-8ED5B5EAAF88,id=0c62d7ee-acdc-4014-b8e4-a22ebcbdb566
2019-09-30 20:12:17,176 [pool-227-thread-1] INFO  util.JmxRegister (JmxRegister.java:tryRegister(44)) - Successfully registered JMX Bean with object name Ratis:service=RaftServer,group=group-8ED5B5EAAF88,id=e3cd7ddd-71e6-4087-b78a-a2f343ce8905
2019-09-30 20:12:17,187 [IPC Server handler 5 on 37212] INFO  net.NetworkTopology (NetworkTopologyImpl.java:add(111)) - Added a new node: /default-rack/169a5466-74f6-4a7b-bb59-928f36a1b3dd
2019-09-30 20:12:17,187 [IPC Server handler 5 on 37212] INFO  node.SCMNodeManager (SCMNodeManager.java:register(266)) - Registered Data node : 169a5466-74f6-4a7b-bb59-928f36a1b3dd{ip: 192.168.164.209, host: pr-hdds-2210-ncz7r-3016196628, networkLocation: /default-rack, certSerialId: null}
2019-09-30 20:12:17,187 [RatisPipelineUtilsThread] INFO  pipeline.PipelineStateManager (PipelineStateManager.java:addPipeline(56)) - Created pipeline Pipeline[ Id: 3d1417a6-0f48-4924-96db-8ed5b5eaaf88, Nodes: e3cd7ddd-71e6-4087-b78a-a2f343ce8905{ip: 192.168.164.209, host: pr-hdds-2210-ncz7r-3016196628, networkLocation: /default-rack, certSerialId: null}0c62d7ee-acdc-4014-b8e4-a22ebcbdb566{ip: 192.168.164.209, host: pr-hdds-2210-ncz7r-3016196628, networkLocation: /default-rack, certSerialId: null}fdb07fac-a038-4dd2-bf3a-e692e6ea73ee{ip: 192.168.164.209, host: pr-hdds-2210-ncz7r-3016196628, networkLocation: /default-rack, certSerialId: null}, Type:RATIS, Factor:THREE, State:OPEN]
2019-09-30 20:12:17,267 [IPC Server handler 3 on 37212] INFO  net.NetworkTopology (NetworkTopologyImpl.java:add(111)) - Added a new node: /default-rack/77e8dce8-34c5-4514-b718-1086f4048c03
2019-09-30 20:12:17,267 [IPC Server handler 3 on 37212] INFO  node.SCMNodeManager (SCMNodeManager.java:register(266)) - Registered Data node : 77e8dce8-34c5-4514-b718-1086f4048c03{ip: 192.168.164.209, host: pr-hdds-2210-ncz7r-3016196628, networkLocation: /default-rack, certSerialId: null}
2019-09-30 20:12:17,275 [grpc-default-executor-2] INFO  impl.RaftServerProxy (RaftServerProxy.java:addNew(89)) - 77e8dce8-34c5-4514-b718-1086f4048c03: addNew group-6B86E4E006C6:[77e8dce8-34c5-4514-b718-1086f4048c03:192.168.164.209:44775] returns group-6B86E4E006C6:java.util.concurrent.CompletableFuture@6235e9fe[Not completed]
2019-09-30 20:12:17,278 [pool-257-thread-1] INFO  impl.RaftServerImpl (RaftServerImpl.java:<init>(95)) - 77e8dce8-34c5-4514-b718-1086f4048c03: new RaftServerImpl for group-6B86E4E006C6:[77e8dce8-34c5-4514-b718-1086f4048c03:192.168.164.209:44775] with ContainerStateMachine:uninitialized
2019-09-30 20:12:17,279 [pool-257-thread-1] INFO  server.RaftServerConfigKeys (ConfUtils.java:logGet(43)) - raft.server.rpc.timeout.min = 5s (custom)
2019-09-30 20:12:17,279 [pool-257-thread-1] INFO  server.RaftServerConfigKeys (ConfUtils.java:logGet(43)) - raft.server.rpc.timeout.max = 5200ms (custom)
2019-09-30 20:12:17,279 [pool-257-thread-1] INFO  server.RaftServerConfigKeys (ConfUtils.java:logGet(43)) - raft.server.rpcslowness.timeout = 120s (custom)
2019-09-30 20:12:17,279 [pool-257-thread-1] INFO  server.RaftServerConfigKeys (ConfUtils.java:logGet(43)) - raft.server.sleep.deviation.threshold = 300 (default)
2019-09-30 20:12:17,279 [pool-257-thread-1] INFO  server.RaftServerConfigKeys (ConfUtils.java:logGet(43)) - raft.server.log.appender.install.snapshot.enabled = false (custom)
2019-09-30 20:12:17,280 [pool-257-thread-1] INFO  impl.RaftServerImpl (ServerState.java:<init>(103)) - 77e8dce8-34c5-4514-b718-1086f4048c03@group-6B86E4E006C6: ConfigurationManager, init=-1: [77e8dce8-34c5-4514-b718-1086f4048c03:192.168.164.209:44775], old=null, confs=<EMPTY_MAP>
2019-09-30 20:12:17,280 [pool-257-thread-1] INFO  server.RaftServerConfigKeys (ConfUtils.java:logGet(43)) - raft.server.storage.dir = [/workdir/hadoop-ozone/integration-test/target/test-dir/MiniOzoneClusterImpl-a7c0ca27-5db2-4eb2-a1d1-8702a6efc9d7/datanode-5/data/ratis] (custom)
2019-09-30 20:12:17,280 [pool-257-thread-1] INFO  server.RaftServerConfigKeys (ConfUtils.java:logGet(43)) - raft.server.log.corruption.policy = EXCEPTION (default)
2019-09-30 20:12:17,280 [pool-257-thread-1] INFO  storage.RaftStorageDirectory (RaftStorageDirectory.java:analyzeStorage(246)) - The storage directory /workdir/hadoop-ozone/integration-test/target/test-dir/MiniOzoneClusterImpl-a7c0ca27-5db2-4eb2-a1d1-8702a6efc9d7/datanode-5/data/ratis/dffe2949-da1e-4ee1-ac2d-6b86e4e006c6 does not exist. Creating ...
2019-09-30 20:12:17,293 [pool-257-thread-1] INFO  storage.RaftStorageDirectory (RaftStorageDirectory.java:tryLock(328)) - Lock on /workdir/hadoop-ozone/integration-test/target/test-dir/MiniOzoneClusterImpl-a7c0ca27-5db2-4eb2-a1d1-8702a6efc9d7/datanode-5/data/ratis/dffe2949-da1e-4ee1-ac2d-6b86e4e006c6/in_use.lock acquired by nodename 15730@pr-hdds-2210-ncz7r-3016196628
2019-09-30 20:12:17,306 [pool-257-thread-1] INFO  storage.RaftStorage (RaftStorage.java:format(84)) - Storage directory /workdir/hadoop-ozone/integration-test/target/test-dir/MiniOzoneClusterImpl-a7c0ca27-5db2-4eb2-a1d1-8702a6efc9d7/datanode-5/data/ratis/dffe2949-da1e-4ee1-ac2d-6b86e4e006c6 has been successfully formatted.
2019-09-30 20:12:17,307 [pool-257-thread-1] INFO  ratis.ContainerStateMachine (ContainerStateMachine.java:loadSnapshot(230)) - group-6B86E4E006C6: The snapshot info is null. Setting the last applied indexto:(t:0, i:~)
2019-09-30 20:12:17,307 [pool-257-thread-1] INFO  server.RaftServerConfigKeys (ConfUtils.java:logGet(43)) - raft.server.notification.no-leader.timeout = 120s (custom)
2019-09-30 20:12:17,307 [pool-257-thread-1] INFO  server.RaftServerConfigKeys (ConfUtils.java:logGet(43)) - raft.server.log.use.memory = false (default)
2019-09-30 20:12:17,307 [pool-257-thread-1] INFO  server.RaftServerConfigKeys (ConfUtils.java:logGet(43)) - raft.server.log.purge.gap = 1000000 (custom)
2019-09-30 20:12:17,307 [pool-257-thread-1] INFO  server.RaftServerConfigKeys (ConfUtils.java:logGet(43)) - raft.server.log.appender.buffer.byte-limit = 33554432 (custom)
2019-09-30 20:12:17,307 [pool-257-thread-1] INFO  server.RaftServerConfigKeys (ConfUtils.java:logGet(43)) - raft.server.log.segment.size.max = 1048576 (custom)
2019-09-30 20:12:17,309 [pool-257-thread-1] INFO  server.RaftServerConfigKeys (ConfUtils.java:logGet(43)) - raft.server.log.segment.cache.num.max = 2 (custom)
2019-09-30 20:12:17,309 [pool-257-thread-1] INFO  segmented.SegmentedRaftLogWorker (SegmentedRaftLogWorker.java:<init>(173)) - new 77e8dce8-34c5-4514-b718-1086f4048c03@group-6B86E4E006C6-SegmentedRaftLogWorker for RaftStorage:Storage Directory /workdir/hadoop-ozone/integration-test/target/test-dir/MiniOzoneClusterImpl-a7c0ca27-5db2-4eb2-a1d1-8702a6efc9d7/datanode-5/data/ratis/dffe2949-da1e-4ee1-ac2d-6b86e4e006c6
2019-09-30 20:12:17,309 [pool-257-thread-1] INFO  server.RaftServerConfigKeys (ConfUtils.java:logGet(43)) - raft.server.log.queue.byte-limit = 2147483647 (custom)
2019-09-30 20:12:17,309 [pool-257-thread-1] INFO  server.RaftServerConfigKeys (ConfUtils.java:logGet(43)) - raft.server.log.queue.element-limit = 1024 (custom)
2019-09-30 20:12:17,309 [pool-257-thread-1] INFO  server.RaftServerConfigKeys (ConfUtils.java:logGet(43)) - raft.server.log.segment.size.max = 1048576 (custom)
2019-09-30 20:12:17,309 [pool-257-thread-1] INFO  server.RaftServerConfigKeys (ConfUtils.java:logGet(43)) - raft.server.log.preallocated.size = 16384 (custom)
2019-09-30 20:12:17,310 [pool-257-thread-1] INFO  server.RaftServerConfigKeys (ConfUtils.java:logGet(43)) - raft.server.log.write.buffer.size = 33554432 (custom)
2019-09-30 20:12:17,310 [pool-257-thread-1] INFO  server.RaftServerConfigKeys (ConfUtils.java:logGet(43)) - raft.server.log.force.sync.num = 128 (default)
2019-09-30 20:12:17,310 [pool-257-thread-1] INFO  server.RaftServerConfigKeys (ConfUtils.java:logGet(43)) - raft.server.log.statemachine.data.sync = true (default)
2019-09-30 20:12:17,310 [pool-257-thread-1] INFO  server.RaftServerConfigKeys (ConfUtils.java:logGet(43)) - raft.server.log.statemachine.data.sync.timeout = 10s (default)
2019-09-30 20:12:17,310 [pool-257-thread-1] INFO  server.RaftServerConfigKeys (ConfUtils.java:logGet(43)) - raft.server.log.statemachine.data.sync.timeout.retry = -1 (default)
2019-09-30 20:12:17,310 [pool-257-thread-1] INFO  server.RaftServerConfigKeys (ConfUtils.java:logGet(43)) - raft.server.log.statemachine.data.caching.enabled = true (custom)
2019-09-30 20:12:17,311 [pool-257-thread-1] INFO  segmented.SegmentedRaftLogWorker (SegmentedRaftLogWorker.java:lambda$new$0(128)) - 77e8dce8-34c5-4514-b718-1086f4048c03@group-6B86E4E006C6-SegmentedRaftLogWorker: flushIndex: setUnconditionally 0 -> -1
2019-09-30 20:12:17,311 [pool-257-thread-1] INFO  server.RaftServerConfigKeys (ConfUtils.java:logGet(43)) - raft.server.snapshot.auto.trigger.enabled = true (custom)
2019-09-30 20:12:17,311 [pool-257-thread-1] INFO  server.RaftServerConfigKeys (ConfUtils.java:logGet(43)) - raft.server.snapshot.auto.trigger.threshold = 10000 (custom)
2019-09-30 20:12:17,311 [pool-257-thread-1] INFO  server.RaftServerConfigKeys (ConfUtils.java:logGet(43)) - raft.server.snapshot.retention.file.num = 5 (custom)
2019-09-30 20:12:17,311 [pool-257-thread-1] INFO  server.RaftServerConfigKeys (ConfUtils.java:logGet(43)) - raft.server.retrycache.expirytime = 600000ms (custom)
2019-09-30 20:12:17,313 [pool-257-thread-1] INFO  impl.RaftServerImpl (RaftServerImpl.java:start(181)) - 77e8dce8-34c5-4514-b718-1086f4048c03@group-6B86E4E006C6: start as a follower, conf=-1: [77e8dce8-34c5-4514-b718-1086f4048c03:192.168.164.209:44775], old=null
2019-09-30 20:12:17,313 [pool-257-thread-1] INFO  impl.RaftServerImpl (RaftServerImpl.java:setRole(170)) - 77e8dce8-34c5-4514-b718-1086f4048c03@group-6B86E4E006C6: changes role from      null to FOLLOWER at term 0 for startAsFollower
2019-09-30 20:12:17,313 [pool-257-thread-1] INFO  impl.RoleInfo (RoleInfo.java:updateAndGet(143)) - 77e8dce8-34c5-4514-b718-1086f4048c03: start FollowerState
2019-09-30 20:12:17,313 [pool-257-thread-1] INFO  util.JmxRegister (JmxRegister.java:tryRegister(44)) - Successfully registered JMX Bean with object name Ratis:service=RaftServer,group=group-6B86E4E006C6,id=77e8dce8-34c5-4514-b718-1086f4048c03
2019-09-30 20:12:17,320 [RatisPipelineUtilsThread] INFO  pipeline.PipelineStateManager (PipelineStateManager.java:addPipeline(56)) - Created pipeline Pipeline[ Id: dffe2949-da1e-4ee1-ac2d-6b86e4e006c6, Nodes: 77e8dce8-34c5-4514-b718-1086f4048c03{ip: 192.168.164.209, host: pr-hdds-2210-ncz7r-3016196628, networkLocation: /default-rack, certSerialId: null}, Type:RATIS, Factor:ONE, State:OPEN]
2019-09-30 20:12:17,327 [grpc-default-executor-2] INFO  impl.RaftServerProxy (RaftServerProxy.java:addNew(89)) - 169a5466-74f6-4a7b-bb59-928f36a1b3dd: addNew group-4740A2A825D9:[169a5466-74f6-4a7b-bb59-928f36a1b3dd:192.168.164.209:35090] returns group-4740A2A825D9:java.util.concurrent.CompletableFuture@65b794b2[Not completed]
2019-09-30 20:12:17,328 [pool-247-thread-1] INFO  impl.RaftServerImpl (RaftServerImpl.java:<init>(95)) - 169a5466-74f6-4a7b-bb59-928f36a1b3dd: new RaftServerImpl for group-4740A2A825D9:[169a5466-74f6-4a7b-bb59-928f36a1b3dd:192.168.164.209:35090] with ContainerStateMachine:uninitialized
2019-09-30 20:12:17,328 [pool-247-thread-1] INFO  server.RaftServerConfigKeys (ConfUtils.java:logGet(43)) - raft.server.rpc.timeout.min = 5s (custom)
2019-09-30 20:12:17,329 [pool-247-thread-1] INFO  server.RaftServerConfigKeys (ConfUtils.java:logGet(43)) - raft.server.rpc.timeout.max = 5200ms (custom)
2019-09-30 20:12:17,329 [pool-247-thread-1] INFO  server.RaftServerConfigKeys (ConfUtils.java:logGet(43)) - raft.server.rpcslowness.timeout = 120s (custom)
2019-09-30 20:12:17,329 [pool-247-thread-1] INFO  server.RaftServerConfigKeys (ConfUtils.java:logGet(43)) - raft.server.sleep.deviation.threshold = 300 (default)
2019-09-30 20:12:17,329 [pool-247-thread-1] INFO  server.RaftServerConfigKeys (ConfUtils.java:logGet(43)) - raft.server.log.appender.install.snapshot.enabled = false (custom)
2019-09-30 20:12:17,329 [pool-247-thread-1] INFO  impl.RaftServerImpl (ServerState.java:<init>(103)) - 169a5466-74f6-4a7b-bb59-928f36a1b3dd@group-4740A2A825D9: ConfigurationManager, init=-1: [169a5466-74f6-4a7b-bb59-928f36a1b3dd:192.168.164.209:35090], old=null, confs=<EMPTY_MAP>
2019-09-30 20:12:17,329 [pool-247-thread-1] INFO  server.RaftServerConfigKeys (ConfUtils.java:logGet(43)) - raft.server.storage.dir = [/workdir/hadoop-ozone/integration-test/target/test-dir/MiniOzoneClusterImpl-a7c0ca27-5db2-4eb2-a1d1-8702a6efc9d7/datanode-4/data/ratis] (custom)
2019-09-30 20:12:17,329 [pool-247-thread-1] INFO  server.RaftServerConfigKeys (ConfUtils.java:logGet(43)) - raft.server.log.corruption.policy = EXCEPTION (default)
2019-09-30 20:12:17,330 [pool-247-thread-1] INFO  storage.RaftStorageDirectory (RaftStorageDirectory.java:analyzeStorage(246)) - The storage directory /workdir/hadoop-ozone/integration-test/target/test-dir/MiniOzoneClusterImpl-a7c0ca27-5db2-4eb2-a1d1-8702a6efc9d7/datanode-4/data/ratis/07de8943-d5bc-47d9-9f6b-4740a2a825d9 does not exist. Creating ...
2019-09-30 20:12:17,342 [pool-247-thread-1] INFO  storage.RaftStorageDirectory (RaftStorageDirectory.java:tryLock(328)) - Lock on /workdir/hadoop-ozone/integration-test/target/test-dir/MiniOzoneClusterImpl-a7c0ca27-5db2-4eb2-a1d1-8702a6efc9d7/datanode-4/data/ratis/07de8943-d5bc-47d9-9f6b-4740a2a825d9/in_use.lock acquired by nodename 15730@pr-hdds-2210-ncz7r-3016196628
2019-09-30 20:12:17,346 [main] INFO  ozone.MiniOzoneClusterImpl (MiniOzoneClusterImpl.java:lambda$waitForClusterToBeReady$0(147)) - Waiting for cluster to be ready. Got 6 of 7 DN Heartbeats.
2019-09-30 20:12:17,346 [IPC Server handler 2 on 37212] INFO  net.NetworkTopology (NetworkTopologyImpl.java:add(111)) - Added a new node: /default-rack/144de121-9969-41dd-aaa6-7e78c8968fd9
2019-09-30 20:12:17,346 [IPC Server handler 2 on 37212] INFO  node.SCMNodeManager (SCMNodeManager.java:register(266)) - Registered Data node : 144de121-9969-41dd-aaa6-7e78c8968fd9{ip: 192.168.164.209, host: pr-hdds-2210-ncz7r-3016196628, networkLocation: /default-rack, certSerialId: null}
2019-09-30 20:12:17,355 [pool-247-thread-1] INFO  storage.RaftStorage (RaftStorage.java:format(84)) - Storage directory /workdir/hadoop-ozone/integration-test/target/test-dir/MiniOzoneClusterImpl-a7c0ca27-5db2-4eb2-a1d1-8702a6efc9d7/datanode-4/data/ratis/07de8943-d5bc-47d9-9f6b-4740a2a825d9 has been successfully formatted.
2019-09-30 20:12:17,355 [pool-247-thread-1] INFO  ratis.ContainerStateMachine (ContainerStateMachine.java:loadSnapshot(230)) - group-4740A2A825D9: The snapshot info is null. Setting the last applied indexto:(t:0, i:~)
2019-09-30 20:12:17,355 [pool-247-thread-1] INFO  server.RaftServerConfigKeys (ConfUtils.java:logGet(43)) - raft.server.notification.no-leader.timeout = 120s (custom)
2019-09-30 20:12:17,355 [pool-247-thread-1] INFO  server.RaftServerConfigKeys (ConfUtils.java:logGet(43)) - raft.server.log.use.memory = false (default)
2019-09-30 20:12:17,356 [pool-247-thread-1] INFO  server.RaftServerConfigKeys (ConfUtils.java:logGet(43)) - raft.server.log.purge.gap = 1000000 (custom)
2019-09-30 20:12:17,356 [pool-247-thread-1] INFO  server.RaftServerConfigKeys (ConfUtils.java:logGet(43)) - raft.server.log.appender.buffer.byte-limit = 33554432 (custom)
2019-09-30 20:12:17,356 [pool-247-thread-1] INFO  server.RaftServerConfigKeys (ConfUtils.java:logGet(43)) - raft.server.log.segment.size.max = 1048576 (custom)
2019-09-30 20:12:17,357 [pool-247-thread-1] INFO  server.RaftServerConfigKeys (ConfUtils.java:logGet(43)) - raft.server.log.segment.cache.num.max = 2 (custom)
2019-09-30 20:12:17,357 [pool-247-thread-1] INFO  segmented.SegmentedRaftLogWorker (SegmentedRaftLogWorker.java:<init>(173)) - new 169a5466-74f6-4a7b-bb59-928f36a1b3dd@group-4740A2A825D9-SegmentedRaftLogWorker for RaftStorage:Storage Directory /workdir/hadoop-ozone/integration-test/target/test-dir/MiniOzoneClusterImpl-a7c0ca27-5db2-4eb2-a1d1-8702a6efc9d7/datanode-4/data/ratis/07de8943-d5bc-47d9-9f6b-4740a2a825d9
2019-09-30 20:12:17,357 [pool-247-thread-1] INFO  server.RaftServerConfigKeys (ConfUtils.java:logGet(43)) - raft.server.log.queue.byte-limit = 2147483647 (custom)
2019-09-30 20:12:17,358 [pool-247-thread-1] INFO  server.RaftServerConfigKeys (ConfUtils.java:logGet(43)) - raft.server.log.queue.element-limit = 1024 (custom)
2019-09-30 20:12:17,358 [pool-247-thread-1] INFO  server.RaftServerConfigKeys (ConfUtils.java:logGet(43)) - raft.server.log.segment.size.max = 1048576 (custom)
2019-09-30 20:12:17,358 [pool-247-thread-1] INFO  server.RaftServerConfigKeys (ConfUtils.java:logGet(43)) - raft.server.log.preallocated.size = 16384 (custom)
2019-09-30 20:12:17,358 [pool-247-thread-1] INFO  server.RaftServerConfigKeys (ConfUtils.java:logGet(43)) - raft.server.log.write.buffer.size = 33554432 (custom)
2019-09-30 20:12:17,358 [pool-247-thread-1] INFO  server.RaftServerConfigKeys (ConfUtils.java:logGet(43)) - raft.server.log.force.sync.num = 128 (default)
2019-09-30 20:12:17,358 [pool-247-thread-1] INFO  server.RaftServerConfigKeys (ConfUtils.java:logGet(43)) - raft.server.log.statemachine.data.sync = true (default)
2019-09-30 20:12:17,358 [pool-247-thread-1] INFO  server.RaftServerConfigKeys (ConfUtils.java:logGet(43)) - raft.server.log.statemachine.data.sync.timeout = 10s (default)
2019-09-30 20:12:17,358 [pool-247-thread-1] INFO  server.RaftServerConfigKeys (ConfUtils.java:logGet(43)) - raft.server.log.statemachine.data.sync.timeout.retry = -1 (default)
2019-09-30 20:12:17,359 [pool-247-thread-1] INFO  server.RaftServerConfigKeys (ConfUtils.java:logGet(43)) - raft.server.log.statemachine.data.caching.enabled = true (custom)
2019-09-30 20:12:17,359 [pool-247-thread-1] INFO  segmented.SegmentedRaftLogWorker (SegmentedRaftLogWorker.java:lambda$new$0(128)) - 169a5466-74f6-4a7b-bb59-928f36a1b3dd@group-4740A2A825D9-SegmentedRaftLogWorker: flushIndex: setUnconditionally 0 -> -1
2019-09-30 20:12:17,359 [pool-247-thread-1] INFO  server.RaftServerConfigKeys (ConfUtils.java:logGet(43)) - raft.server.snapshot.auto.trigger.enabled = true (custom)
2019-09-30 20:12:17,359 [pool-247-thread-1] INFO  server.RaftServerConfigKeys (ConfUtils.java:logGet(43)) - raft.server.snapshot.auto.trigger.threshold = 10000 (custom)
2019-09-30 20:12:17,359 [pool-247-thread-1] INFO  server.RaftServerConfigKeys (ConfUtils.java:logGet(43)) - raft.server.snapshot.retention.file.num = 5 (custom)
2019-09-30 20:12:17,359 [pool-247-thread-1] INFO  server.RaftServerConfigKeys (ConfUtils.java:logGet(43)) - raft.server.retrycache.expirytime = 600000ms (custom)
2019-09-30 20:12:17,361 [pool-247-thread-1] INFO  impl.RaftServerImpl (RaftServerImpl.java:start(181)) - 169a5466-74f6-4a7b-bb59-928f36a1b3dd@group-4740A2A825D9: start as a follower, conf=-1: [169a5466-74f6-4a7b-bb59-928f36a1b3dd:192.168.164.209:35090], old=null
2019-09-30 20:12:17,361 [pool-247-thread-1] INFO  impl.RaftServerImpl (RaftServerImpl.java:setRole(170)) - 169a5466-74f6-4a7b-bb59-928f36a1b3dd@group-4740A2A825D9: changes role from      null to FOLLOWER at term 0 for startAsFollower
2019-09-30 20:12:17,361 [pool-247-thread-1] INFO  impl.RoleInfo (RoleInfo.java:updateAndGet(143)) - 169a5466-74f6-4a7b-bb59-928f36a1b3dd: start FollowerState
2019-09-30 20:12:17,361 [pool-247-thread-1] INFO  util.JmxRegister (JmxRegister.java:tryRegister(44)) - Successfully registered JMX Bean with object name Ratis:service=RaftServer,group=group-4740A2A825D9,id=169a5466-74f6-4a7b-bb59-928f36a1b3dd
2019-09-30 20:12:17,368 [RatisPipelineUtilsThread] INFO  pipeline.PipelineStateManager (PipelineStateManager.java:addPipeline(56)) - Created pipeline Pipeline[ Id: 07de8943-d5bc-47d9-9f6b-4740a2a825d9, Nodes: 169a5466-74f6-4a7b-bb59-928f36a1b3dd{ip: 192.168.164.209, host: pr-hdds-2210-ncz7r-3016196628, networkLocation: /default-rack, certSerialId: null}, Type:RATIS, Factor:ONE, State:OPEN]
2019-09-30 20:12:17,382 [grpc-default-executor-2] INFO  impl.RaftServerProxy (RaftServerProxy.java:addNew(89)) - 144de121-9969-41dd-aaa6-7e78c8968fd9: addNew group-E557E2D2C4FC:[144de121-9969-41dd-aaa6-7e78c8968fd9:192.168.164.209:42849] returns group-E557E2D2C4FC:java.util.concurrent.CompletableFuture@2ac832da[Not completed]
2019-09-30 20:12:17,384 [pool-267-thread-1] INFO  impl.RaftServerImpl (RaftServerImpl.java:<init>(95)) - 144de121-9969-41dd-aaa6-7e78c8968fd9: new RaftServerImpl for group-E557E2D2C4FC:[144de121-9969-41dd-aaa6-7e78c8968fd9:192.168.164.209:42849] with ContainerStateMachine:uninitialized
2019-09-30 20:12:17,384 [pool-267-thread-1] INFO  server.RaftServerConfigKeys (ConfUtils.java:logGet(43)) - raft.server.rpc.timeout.min = 5s (custom)
2019-09-30 20:12:17,384 [pool-267-thread-1] INFO  server.RaftServerConfigKeys (ConfUtils.java:logGet(43)) - raft.server.rpc.timeout.max = 5200ms (custom)
2019-09-30 20:12:17,385 [pool-267-thread-1] INFO  server.RaftServerConfigKeys (ConfUtils.java:logGet(43)) - raft.server.rpcslowness.timeout = 120s (custom)
2019-09-30 20:12:17,385 [pool-267-thread-1] INFO  server.RaftServerConfigKeys (ConfUtils.java:logGet(43)) - raft.server.sleep.deviation.threshold = 300 (default)
2019-09-30 20:12:17,385 [pool-267-thread-1] INFO  server.RaftServerConfigKeys (ConfUtils.java:logGet(43)) - raft.server.log.appender.install.snapshot.enabled = false (custom)
2019-09-30 20:12:17,385 [pool-267-thread-1] INFO  impl.RaftServerImpl (ServerState.java:<init>(103)) - 144de121-9969-41dd-aaa6-7e78c8968fd9@group-E557E2D2C4FC: ConfigurationManager, init=-1: [144de121-9969-41dd-aaa6-7e78c8968fd9:192.168.164.209:42849], old=null, confs=<EMPTY_MAP>
2019-09-30 20:12:17,385 [pool-267-thread-1] INFO  server.RaftServerConfigKeys (ConfUtils.java:logGet(43)) - raft.server.storage.dir = [/workdir/hadoop-ozone/integration-test/target/test-dir/MiniOzoneClusterImpl-a7c0ca27-5db2-4eb2-a1d1-8702a6efc9d7/datanode-6/data/ratis] (custom)
2019-09-30 20:12:17,386 [pool-267-thread-1] INFO  server.RaftServerConfigKeys (ConfUtils.java:logGet(43)) - raft.server.log.corruption.policy = EXCEPTION (default)
2019-09-30 20:12:17,386 [pool-267-thread-1] INFO  storage.RaftStorageDirectory (RaftStorageDirectory.java:analyzeStorage(246)) - The storage directory /workdir/hadoop-ozone/integration-test/target/test-dir/MiniOzoneClusterImpl-a7c0ca27-5db2-4eb2-a1d1-8702a6efc9d7/datanode-6/data/ratis/5f84e76e-d45c-4f70-96bb-e557e2d2c4fc does not exist. Creating ...
2019-09-30 20:12:17,399 [pool-267-thread-1] INFO  storage.RaftStorageDirectory (RaftStorageDirectory.java:tryLock(328)) - Lock on /workdir/hadoop-ozone/integration-test/target/test-dir/MiniOzoneClusterImpl-a7c0ca27-5db2-4eb2-a1d1-8702a6efc9d7/datanode-6/data/ratis/5f84e76e-d45c-4f70-96bb-e557e2d2c4fc/in_use.lock acquired by nodename 15730@pr-hdds-2210-ncz7r-3016196628
2019-09-30 20:12:17,413 [pool-267-thread-1] INFO  storage.RaftStorage (RaftStorage.java:format(84)) - Storage directory /workdir/hadoop-ozone/integration-test/target/test-dir/MiniOzoneClusterImpl-a7c0ca27-5db2-4eb2-a1d1-8702a6efc9d7/datanode-6/data/ratis/5f84e76e-d45c-4f70-96bb-e557e2d2c4fc has been successfully formatted.
2019-09-30 20:12:17,413 [pool-267-thread-1] INFO  ratis.ContainerStateMachine (ContainerStateMachine.java:loadSnapshot(230)) - group-E557E2D2C4FC: The snapshot info is null. Setting the last applied indexto:(t:0, i:~)
2019-09-30 20:12:17,413 [pool-267-thread-1] INFO  server.RaftServerConfigKeys (ConfUtils.java:logGet(43)) - raft.server.notification.no-leader.timeout = 120s (custom)
2019-09-30 20:12:17,413 [pool-267-thread-1] INFO  server.RaftServerConfigKeys (ConfUtils.java:logGet(43)) - raft.server.log.use.memory = false (default)
2019-09-30 20:12:17,413 [pool-267-thread-1] INFO  server.RaftServerConfigKeys (ConfUtils.java:logGet(43)) - raft.server.log.purge.gap = 1000000 (custom)
2019-09-30 20:12:17,413 [pool-267-thread-1] INFO  server.RaftServerConfigKeys (ConfUtils.java:logGet(43)) - raft.server.log.appender.buffer.byte-limit = 33554432 (custom)
2019-09-30 20:12:17,414 [pool-267-thread-1] INFO  server.RaftServerConfigKeys (ConfUtils.java:logGet(43)) - raft.server.log.segment.size.max = 1048576 (custom)
2019-09-30 20:12:17,416 [pool-267-thread-1] INFO  server.RaftServerConfigKeys (ConfUtils.java:logGet(43)) - raft.server.log.segment.cache.num.max = 2 (custom)
2019-09-30 20:12:17,416 [pool-267-thread-1] INFO  segmented.SegmentedRaftLogWorker (SegmentedRaftLogWorker.java:<init>(173)) - new 144de121-9969-41dd-aaa6-7e78c8968fd9@group-E557E2D2C4FC-SegmentedRaftLogWorker for RaftStorage:Storage Directory /workdir/hadoop-ozone/integration-test/target/test-dir/MiniOzoneClusterImpl-a7c0ca27-5db2-4eb2-a1d1-8702a6efc9d7/datanode-6/data/ratis/5f84e76e-d45c-4f70-96bb-e557e2d2c4fc
2019-09-30 20:12:17,416 [pool-267-thread-1] INFO  server.RaftServerConfigKeys (ConfUtils.java:logGet(43)) - raft.server.log.queue.byte-limit = 2147483647 (custom)
2019-09-30 20:12:17,416 [pool-267-thread-1] INFO  server.RaftServerConfigKeys (ConfUtils.java:logGet(43)) - raft.server.log.queue.element-limit = 1024 (custom)
2019-09-30 20:12:17,416 [pool-267-thread-1] INFO  server.RaftServerConfigKeys (ConfUtils.java:logGet(43)) - raft.server.log.segment.size.max = 1048576 (custom)
2019-09-30 20:12:17,417 [pool-267-thread-1] INFO  server.RaftServerConfigKeys (ConfUtils.java:logGet(43)) - raft.server.log.preallocated.size = 16384 (custom)
2019-09-30 20:12:17,417 [pool-267-thread-1] INFO  server.RaftServerConfigKeys (ConfUtils.java:logGet(43)) - raft.server.log.write.buffer.size = 33554432 (custom)
2019-09-30 20:12:17,417 [pool-267-thread-1] INFO  server.RaftServerConfigKeys (ConfUtils.java:logGet(43)) - raft.server.log.force.sync.num = 128 (default)
2019-09-30 20:12:17,417 [pool-267-thread-1] INFO  server.RaftServerConfigKeys (ConfUtils.java:logGet(43)) - raft.server.log.statemachine.data.sync = true (default)
2019-09-30 20:12:17,417 [pool-267-thread-1] INFO  server.RaftServerConfigKeys (ConfUtils.java:logGet(43)) - raft.server.log.statemachine.data.sync.timeout = 10s (default)
2019-09-30 20:12:17,417 [pool-267-thread-1] INFO  server.RaftServerConfigKeys (ConfUtils.java:logGet(43)) - raft.server.log.statemachine.data.sync.timeout.retry = -1 (default)
2019-09-30 20:12:17,418 [pool-267-thread-1] INFO  server.RaftServerConfigKeys (ConfUtils.java:logGet(43)) - raft.server.log.statemachine.data.caching.enabled = true (custom)
2019-09-30 20:12:17,418 [pool-267-thread-1] INFO  segmented.SegmentedRaftLogWorker (SegmentedRaftLogWorker.java:lambda$new$0(128)) - 144de121-9969-41dd-aaa6-7e78c8968fd9@group-E557E2D2C4FC-SegmentedRaftLogWorker: flushIndex: setUnconditionally 0 -> -1
2019-09-30 20:12:17,419 [pool-267-thread-1] INFO  server.RaftServerConfigKeys (ConfUtils.java:logGet(43)) - raft.server.snapshot.auto.trigger.enabled = true (custom)
2019-09-30 20:12:17,419 [pool-267-thread-1] INFO  server.RaftServerConfigKeys (ConfUtils.java:logGet(43)) - raft.server.snapshot.auto.trigger.threshold = 10000 (custom)
2019-09-30 20:12:17,419 [pool-267-thread-1] INFO  server.RaftServerConfigKeys (ConfUtils.java:logGet(43)) - raft.server.snapshot.retention.file.num = 5 (custom)
2019-09-30 20:12:17,419 [pool-267-thread-1] INFO  server.RaftServerConfigKeys (ConfUtils.java:logGet(43)) - raft.server.retrycache.expirytime = 600000ms (custom)
2019-09-30 20:12:17,421 [pool-267-thread-1] INFO  impl.RaftServerImpl (RaftServerImpl.java:start(181)) - 144de121-9969-41dd-aaa6-7e78c8968fd9@group-E557E2D2C4FC: start as a follower, conf=-1: [144de121-9969-41dd-aaa6-7e78c8968fd9:192.168.164.209:42849], old=null
2019-09-30 20:12:17,421 [pool-267-thread-1] INFO  impl.RaftServerImpl (RaftServerImpl.java:setRole(170)) - 144de121-9969-41dd-aaa6-7e78c8968fd9@group-E557E2D2C4FC: changes role from      null to FOLLOWER at term 0 for startAsFollower
2019-09-30 20:12:17,422 [pool-267-thread-1] INFO  impl.RoleInfo (RoleInfo.java:updateAndGet(143)) - 144de121-9969-41dd-aaa6-7e78c8968fd9: start FollowerState
2019-09-30 20:12:17,422 [pool-267-thread-1] INFO  util.JmxRegister (JmxRegister.java:tryRegister(44)) - Successfully registered JMX Bean with object name Ratis:service=RaftServer,group=group-E557E2D2C4FC,id=144de121-9969-41dd-aaa6-7e78c8968fd9
2019-09-30 20:12:17,429 [RatisPipelineUtilsThread] INFO  pipeline.PipelineStateManager (PipelineStateManager.java:addPipeline(56)) - Created pipeline Pipeline[ Id: 5f84e76e-d45c-4f70-96bb-e557e2d2c4fc, Nodes: 144de121-9969-41dd-aaa6-7e78c8968fd9{ip: 192.168.164.209, host: pr-hdds-2210-ncz7r-3016196628, networkLocation: /default-rack, certSerialId: null}, Type:RATIS, Factor:ONE, State:OPEN]
2019-09-30 20:12:17,437 [grpc-default-executor-2] INFO  impl.RaftServerProxy (RaftServerProxy.java:addNew(89)) - 1e0e99e3-f8aa-460d-a71d-241f9bf6c600: addNew group-20C873992190:[1e0e99e3-f8aa-460d-a71d-241f9bf6c600:192.168.164.209:36293] returns group-20C873992190:java.util.concurrent.CompletableFuture@240bcb6f[Not completed]
2019-09-30 20:12:17,438 [pool-237-thread-1] INFO  impl.RaftServerImpl (RaftServerImpl.java:<init>(95)) - 1e0e99e3-f8aa-460d-a71d-241f9bf6c600: new RaftServerImpl for group-20C873992190:[1e0e99e3-f8aa-460d-a71d-241f9bf6c600:192.168.164.209:36293] with ContainerStateMachine:uninitialized
2019-09-30 20:12:17,439 [pool-237-thread-1] INFO  server.RaftServerConfigKeys (ConfUtils.java:logGet(43)) - raft.server.rpc.timeout.min = 5s (custom)
2019-09-30 20:12:17,439 [pool-237-thread-1] INFO  server.RaftServerConfigKeys (ConfUtils.java:logGet(43)) - raft.server.rpc.timeout.max = 5200ms (custom)
2019-09-30 20:12:17,439 [pool-237-thread-1] INFO  server.RaftServerConfigKeys (ConfUtils.java:logGet(43)) - raft.server.rpcslowness.timeout = 120s (custom)
2019-09-30 20:12:17,439 [pool-237-thread-1] INFO  server.RaftServerConfigKeys (ConfUtils.java:logGet(43)) - raft.server.sleep.deviation.threshold = 300 (default)
2019-09-30 20:12:17,439 [pool-237-thread-1] INFO  server.RaftServerConfigKeys (ConfUtils.java:logGet(43)) - raft.server.log.appender.install.snapshot.enabled = false (custom)
2019-09-30 20:12:17,439 [pool-237-thread-1] INFO  impl.RaftServerImpl (ServerState.java:<init>(103)) - 1e0e99e3-f8aa-460d-a71d-241f9bf6c600@group-20C873992190: ConfigurationManager, init=-1: [1e0e99e3-f8aa-460d-a71d-241f9bf6c600:192.168.164.209:36293], old=null, confs=<EMPTY_MAP>
2019-09-30 20:12:17,439 [pool-237-thread-1] INFO  server.RaftServerConfigKeys (ConfUtils.java:logGet(43)) - raft.server.storage.dir = [/workdir/hadoop-ozone/integration-test/target/test-dir/MiniOzoneClusterImpl-a7c0ca27-5db2-4eb2-a1d1-8702a6efc9d7/datanode-3/data/ratis] (custom)
2019-09-30 20:12:17,440 [pool-237-thread-1] INFO  server.RaftServerConfigKeys (ConfUtils.java:logGet(43)) - raft.server.log.corruption.policy = EXCEPTION (default)
2019-09-30 20:12:17,440 [pool-237-thread-1] INFO  storage.RaftStorageDirectory (RaftStorageDirectory.java:analyzeStorage(246)) - The storage directory /workdir/hadoop-ozone/integration-test/target/test-dir/MiniOzoneClusterImpl-a7c0ca27-5db2-4eb2-a1d1-8702a6efc9d7/datanode-3/data/ratis/9579bc96-2a7a-4fcb-9de6-20c873992190 does not exist. Creating ...
2019-09-30 20:12:17,445 [pool-237-thread-1] INFO  storage.RaftStorageDirectory (RaftStorageDirectory.java:tryLock(328)) - Lock on /workdir/hadoop-ozone/integration-test/target/test-dir/MiniOzoneClusterImpl-a7c0ca27-5db2-4eb2-a1d1-8702a6efc9d7/datanode-3/data/ratis/9579bc96-2a7a-4fcb-9de6-20c873992190/in_use.lock acquired by nodename 15730@pr-hdds-2210-ncz7r-3016196628
2019-09-30 20:12:17,458 [pool-237-thread-1] INFO  storage.RaftStorage (RaftStorage.java:format(84)) - Storage directory /workdir/hadoop-ozone/integration-test/target/test-dir/MiniOzoneClusterImpl-a7c0ca27-5db2-4eb2-a1d1-8702a6efc9d7/datanode-3/data/ratis/9579bc96-2a7a-4fcb-9de6-20c873992190 has been successfully formatted.
2019-09-30 20:12:17,459 [pool-237-thread-1] INFO  ratis.ContainerStateMachine (ContainerStateMachine.java:loadSnapshot(230)) - group-20C873992190: The snapshot info is null. Setting the last applied indexto:(t:0, i:~)
2019-09-30 20:12:17,459 [pool-237-thread-1] INFO  server.RaftServerConfigKeys (ConfUtils.java:logGet(43)) - raft.server.notification.no-leader.timeout = 120s (custom)
2019-09-30 20:12:17,459 [pool-237-thread-1] INFO  server.RaftServerConfigKeys (ConfUtils.java:logGet(43)) - raft.server.log.use.memory = false (default)
2019-09-30 20:12:17,459 [pool-237-thread-1] INFO  server.RaftServerConfigKeys (ConfUtils.java:logGet(43)) - raft.server.log.purge.gap = 1000000 (custom)
2019-09-30 20:12:17,459 [pool-237-thread-1] INFO  server.RaftServerConfigKeys (ConfUtils.java:logGet(43)) - raft.server.log.appender.buffer.byte-limit = 33554432 (custom)
2019-09-30 20:12:17,460 [pool-237-thread-1] INFO  server.RaftServerConfigKeys (ConfUtils.java:logGet(43)) - raft.server.log.segment.size.max = 1048576 (custom)
2019-09-30 20:12:17,461 [pool-237-thread-1] INFO  server.RaftServerConfigKeys (ConfUtils.java:logGet(43)) - raft.server.log.segment.cache.num.max = 2 (custom)
2019-09-30 20:12:17,461 [pool-237-thread-1] INFO  segmented.SegmentedRaftLogWorker (SegmentedRaftLogWorker.java:<init>(173)) - new 1e0e99e3-f8aa-460d-a71d-241f9bf6c600@group-20C873992190-SegmentedRaftLogWorker for RaftStorage:Storage Directory /workdir/hadoop-ozone/integration-test/target/test-dir/MiniOzoneClusterImpl-a7c0ca27-5db2-4eb2-a1d1-8702a6efc9d7/datanode-3/data/ratis/9579bc96-2a7a-4fcb-9de6-20c873992190
2019-09-30 20:12:17,461 [pool-237-thread-1] INFO  server.RaftServerConfigKeys (ConfUtils.java:logGet(43)) - raft.server.log.queue.byte-limit = 2147483647 (custom)
2019-09-30 20:12:17,462 [pool-237-thread-1] INFO  server.RaftServerConfigKeys (ConfUtils.java:logGet(43)) - raft.server.log.queue.element-limit = 1024 (custom)
2019-09-30 20:12:17,462 [pool-237-thread-1] INFO  server.RaftServerConfigKeys (ConfUtils.java:logGet(43)) - raft.server.log.segment.size.max = 1048576 (custom)
2019-09-30 20:12:17,462 [pool-237-thread-1] INFO  server.RaftServerConfigKeys (ConfUtils.java:logGet(43)) - raft.server.log.preallocated.size = 16384 (custom)
2019-09-30 20:12:17,462 [pool-237-thread-1] INFO  server.RaftServerConfigKeys (ConfUtils.java:logGet(43)) - raft.server.log.write.buffer.size = 33554432 (custom)
2019-09-30 20:12:17,462 [pool-237-thread-1] INFO  server.RaftServerConfigKeys (ConfUtils.java:logGet(43)) - raft.server.log.force.sync.num = 128 (default)
2019-09-30 20:12:17,462 [pool-237-thread-1] INFO  server.RaftServerConfigKeys (ConfUtils.java:logGet(43)) - raft.server.log.statemachine.data.sync = true (default)
2019-09-30 20:12:17,462 [pool-237-thread-1] INFO  server.RaftServerConfigKeys (ConfUtils.java:logGet(43)) - raft.server.log.statemachine.data.sync.timeout = 10s (default)
2019-09-30 20:12:17,462 [pool-237-thread-1] INFO  server.RaftServerConfigKeys (ConfUtils.java:logGet(43)) - raft.server.log.statemachine.data.sync.timeout.retry = -1 (default)
2019-09-30 20:12:17,463 [pool-237-thread-1] INFO  server.RaftServerConfigKeys (ConfUtils.java:logGet(43)) - raft.server.log.statemachine.data.caching.enabled = true (custom)
2019-09-30 20:12:17,463 [pool-237-thread-1] INFO  segmented.SegmentedRaftLogWorker (SegmentedRaftLogWorker.java:lambda$new$0(128)) - 1e0e99e3-f8aa-460d-a71d-241f9bf6c600@group-20C873992190-SegmentedRaftLogWorker: flushIndex: setUnconditionally 0 -> -1
2019-09-30 20:12:17,463 [pool-237-thread-1] INFO  server.RaftServerConfigKeys (ConfUtils.java:logGet(43)) - raft.server.snapshot.auto.trigger.enabled = true (custom)
2019-09-30 20:12:17,464 [pool-237-thread-1] INFO  server.RaftServerConfigKeys (ConfUtils.java:logGet(43)) - raft.server.snapshot.auto.trigger.threshold = 10000 (custom)
2019-09-30 20:12:17,464 [pool-237-thread-1] INFO  server.RaftServerConfigKeys (ConfUtils.java:logGet(43)) - raft.server.snapshot.retention.file.num = 5 (custom)
2019-09-30 20:12:17,464 [pool-237-thread-1] INFO  server.RaftServerConfigKeys (ConfUtils.java:logGet(43)) - raft.server.retrycache.expirytime = 600000ms (custom)
2019-09-30 20:12:17,466 [pool-237-thread-1] INFO  impl.RaftServerImpl (RaftServerImpl.java:start(181)) - 1e0e99e3-f8aa-460d-a71d-241f9bf6c600@group-20C873992190: start as a follower, conf=-1: [1e0e99e3-f8aa-460d-a71d-241f9bf6c600:192.168.164.209:36293], old=null
2019-09-30 20:12:17,466 [pool-237-thread-1] INFO  impl.RaftServerImpl (RaftServerImpl.java:setRole(170)) - 1e0e99e3-f8aa-460d-a71d-241f9bf6c600@group-20C873992190: changes role from      null to FOLLOWER at term 0 for startAsFollower
2019-09-30 20:12:17,466 [pool-237-thread-1] INFO  impl.RoleInfo (RoleInfo.java:updateAndGet(143)) - 1e0e99e3-f8aa-460d-a71d-241f9bf6c600: start FollowerState
2019-09-30 20:12:17,466 [pool-237-thread-1] INFO  util.JmxRegister (JmxRegister.java:tryRegister(44)) - Successfully registered JMX Bean with object name Ratis:service=RaftServer,group=group-20C873992190,id=1e0e99e3-f8aa-460d-a71d-241f9bf6c600
2019-09-30 20:12:17,473 [RatisPipelineUtilsThread] INFO  pipeline.PipelineStateManager (PipelineStateManager.java:addPipeline(56)) - Created pipeline Pipeline[ Id: 9579bc96-2a7a-4fcb-9de6-20c873992190, Nodes: 1e0e99e3-f8aa-460d-a71d-241f9bf6c600{ip: 192.168.164.209, host: pr-hdds-2210-ncz7r-3016196628, networkLocation: /default-rack, certSerialId: null}, Type:RATIS, Factor:ONE, State:OPEN]
2019-09-30 20:12:17,486 [grpc-default-executor-0] INFO  impl.RaftServerProxy (RaftServerProxy.java:addNew(89)) - 77e8dce8-34c5-4514-b718-1086f4048c03: addNew group-466E1B574E93:[169a5466-74f6-4a7b-bb59-928f36a1b3dd:192.168.164.209:35090, 144de121-9969-41dd-aaa6-7e78c8968fd9:192.168.164.209:42849, 77e8dce8-34c5-4514-b718-1086f4048c03:192.168.164.209:44775] returns group-466E1B574E93:java.util.concurrent.CompletableFuture@3c7b317[Not completed]
2019-09-30 20:12:17,486 [grpc-default-executor-3] INFO  impl.RaftServerProxy (RaftServerProxy.java:addNew(89)) - 169a5466-74f6-4a7b-bb59-928f36a1b3dd: addNew group-466E1B574E93:[169a5466-74f6-4a7b-bb59-928f36a1b3dd:192.168.164.209:35090, 144de121-9969-41dd-aaa6-7e78c8968fd9:192.168.164.209:42849, 77e8dce8-34c5-4514-b718-1086f4048c03:192.168.164.209:44775] returns group-466E1B574E93:java.util.concurrent.CompletableFuture@287e812c[Not completed]
2019-09-30 20:12:17,486 [grpc-default-executor-2] INFO  impl.RaftServerProxy (RaftServerProxy.java:addNew(89)) - 144de121-9969-41dd-aaa6-7e78c8968fd9: addNew group-466E1B574E93:[169a5466-74f6-4a7b-bb59-928f36a1b3dd:192.168.164.209:35090, 144de121-9969-41dd-aaa6-7e78c8968fd9:192.168.164.209:42849, 77e8dce8-34c5-4514-b718-1086f4048c03:192.168.164.209:44775] returns group-466E1B574E93:java.util.concurrent.CompletableFuture@255ef98d[Not completed]
2019-09-30 20:12:17,487 [pool-257-thread-1] INFO  impl.RaftServerImpl (RaftServerImpl.java:<init>(95)) - 77e8dce8-34c5-4514-b718-1086f4048c03: new RaftServerImpl for group-466E1B574E93:[169a5466-74f6-4a7b-bb59-928f36a1b3dd:192.168.164.209:35090, 144de121-9969-41dd-aaa6-7e78c8968fd9:192.168.164.209:42849, 77e8dce8-34c5-4514-b718-1086f4048c03:192.168.164.209:44775] with ContainerStateMachine:uninitialized
2019-09-30 20:12:17,487 [pool-257-thread-1] INFO  server.RaftServerConfigKeys (ConfUtils.java:logGet(43)) - raft.server.rpc.timeout.min = 5s (custom)
2019-09-30 20:12:17,487 [pool-257-thread-1] INFO  server.RaftServerConfigKeys (ConfUtils.java:logGet(43)) - raft.server.rpc.timeout.max = 5200ms (custom)
2019-09-30 20:12:17,487 [pool-257-thread-1] INFO  server.RaftServerConfigKeys (ConfUtils.java:logGet(43)) - raft.server.rpcslowness.timeout = 120s (custom)
2019-09-30 20:12:17,487 [pool-257-thread-1] INFO  server.RaftServerConfigKeys (ConfUtils.java:logGet(43)) - raft.server.sleep.deviation.threshold = 300 (default)
2019-09-30 20:12:17,488 [pool-257-thread-1] INFO  server.RaftServerConfigKeys (ConfUtils.java:logGet(43)) - raft.server.log.appender.install.snapshot.enabled = false (custom)
2019-09-30 20:12:17,488 [pool-267-thread-1] INFO  impl.RaftServerImpl (RaftServerImpl.java:<init>(95)) - 144de121-9969-41dd-aaa6-7e78c8968fd9: new RaftServerImpl for group-466E1B574E93:[169a5466-74f6-4a7b-bb59-928f36a1b3dd:192.168.164.209:35090, 144de121-9969-41dd-aaa6-7e78c8968fd9:192.168.164.209:42849, 77e8dce8-34c5-4514-b718-1086f4048c03:192.168.164.209:44775] with ContainerStateMachine:uninitialized
2019-09-30 20:12:17,488 [pool-257-thread-1] INFO  impl.RaftServerImpl (ServerState.java:<init>(103)) - 77e8dce8-34c5-4514-b718-1086f4048c03@group-466E1B574E93: ConfigurationManager, init=-1: [169a5466-74f6-4a7b-bb59-928f36a1b3dd:192.168.164.209:35090, 144de121-9969-41dd-aaa6-7e78c8968fd9:192.168.164.209:42849, 77e8dce8-34c5-4514-b718-1086f4048c03:192.168.164.209:44775], old=null, confs=<EMPTY_MAP>
2019-09-30 20:12:17,488 [pool-267-thread-1] INFO  server.RaftServerConfigKeys (ConfUtils.java:logGet(43)) - raft.server.rpc.timeout.min = 5s (custom)
2019-09-30 20:12:17,488 [pool-257-thread-1] INFO  server.RaftServerConfigKeys (ConfUtils.java:logGet(43)) - raft.server.storage.dir = [/workdir/hadoop-ozone/integration-test/target/test-dir/MiniOzoneClusterImpl-a7c0ca27-5db2-4eb2-a1d1-8702a6efc9d7/datanode-5/data/ratis] (custom)
2019-09-30 20:12:17,488 [pool-247-thread-1] INFO  impl.RaftServerImpl (RaftServerImpl.java:<init>(95)) - 169a5466-74f6-4a7b-bb59-928f36a1b3dd: new RaftServerImpl for group-466E1B574E93:[169a5466-74f6-4a7b-bb59-928f36a1b3dd:192.168.164.209:35090, 144de121-9969-41dd-aaa6-7e78c8968fd9:192.168.164.209:42849, 77e8dce8-34c5-4514-b718-1086f4048c03:192.168.164.209:44775] with ContainerStateMachine:uninitialized
2019-09-30 20:12:17,488 [pool-267-thread-1] INFO  server.RaftServerConfigKeys (ConfUtils.java:logGet(43)) - raft.server.rpc.timeout.max = 5200ms (custom)
2019-09-30 20:12:17,488 [pool-247-thread-1] INFO  server.RaftServerConfigKeys (ConfUtils.java:logGet(43)) - raft.server.rpc.timeout.min = 5s (custom)
2019-09-30 20:12:17,488 [pool-257-thread-1] INFO  server.RaftServerConfigKeys (ConfUtils.java:logGet(43)) - raft.server.log.corruption.policy = EXCEPTION (default)
2019-09-30 20:12:17,489 [pool-247-thread-1] INFO  server.RaftServerConfigKeys (ConfUtils.java:logGet(43)) - raft.server.rpc.timeout.max = 5200ms (custom)
2019-09-30 20:12:17,489 [pool-267-thread-1] INFO  server.RaftServerConfigKeys (ConfUtils.java:logGet(43)) - raft.server.rpcslowness.timeout = 120s (custom)
2019-09-30 20:12:17,489 [pool-247-thread-1] INFO  server.RaftServerConfigKeys (ConfUtils.java:logGet(43)) - raft.server.rpcslowness.timeout = 120s (custom)
2019-09-30 20:12:17,489 [pool-257-thread-1] INFO  storage.RaftStorageDirectory (RaftStorageDirectory.java:analyzeStorage(246)) - The storage directory /workdir/hadoop-ozone/integration-test/target/test-dir/MiniOzoneClusterImpl-a7c0ca27-5db2-4eb2-a1d1-8702a6efc9d7/datanode-5/data/ratis/283c84c0-34ea-4dc1-8f4a-466e1b574e93 does not exist. Creating ...
2019-09-30 20:12:17,489 [pool-247-thread-1] INFO  server.RaftServerConfigKeys (ConfUtils.java:logGet(43)) - raft.server.sleep.deviation.threshold = 300 (default)
2019-09-30 20:12:17,489 [pool-267-thread-1] INFO  server.RaftServerConfigKeys (ConfUtils.java:logGet(43)) - raft.server.sleep.deviation.threshold = 300 (default)
2019-09-30 20:12:17,489 [pool-247-thread-1] INFO  server.RaftServerConfigKeys (ConfUtils.java:logGet(43)) - raft.server.log.appender.install.snapshot.enabled = false (custom)
2019-09-30 20:12:17,490 [pool-267-thread-1] INFO  server.RaftServerConfigKeys (ConfUtils.java:logGet(43)) - raft.server.log.appender.install.snapshot.enabled = false (custom)
2019-09-30 20:12:17,490 [pool-247-thread-1] INFO  impl.RaftServerImpl (ServerState.java:<init>(103)) - 169a5466-74f6-4a7b-bb59-928f36a1b3dd@group-466E1B574E93: ConfigurationManager, init=-1: [169a5466-74f6-4a7b-bb59-928f36a1b3dd:192.168.164.209:35090, 144de121-9969-41dd-aaa6-7e78c8968fd9:192.168.164.209:42849, 77e8dce8-34c5-4514-b718-1086f4048c03:192.168.164.209:44775], old=null, confs=<EMPTY_MAP>
2019-09-30 20:12:17,490 [pool-267-thread-1] INFO  impl.RaftServerImpl (ServerState.java:<init>(103)) - 144de121-9969-41dd-aaa6-7e78c8968fd9@group-466E1B574E93: ConfigurationManager, init=-1: [169a5466-74f6-4a7b-bb59-928f36a1b3dd:192.168.164.209:35090, 144de121-9969-41dd-aaa6-7e78c8968fd9:192.168.164.209:42849, 77e8dce8-34c5-4514-b718-1086f4048c03:192.168.164.209:44775], old=null, confs=<EMPTY_MAP>
2019-09-30 20:12:17,490 [pool-247-thread-1] INFO  server.RaftServerConfigKeys (ConfUtils.java:logGet(43)) - raft.server.storage.dir = [/workdir/hadoop-ozone/integration-test/target/test-dir/MiniOzoneClusterImpl-a7c0ca27-5db2-4eb2-a1d1-8702a6efc9d7/datanode-4/data/ratis] (custom)
2019-09-30 20:12:17,490 [pool-267-thread-1] INFO  server.RaftServerConfigKeys (ConfUtils.java:logGet(43)) - raft.server.storage.dir = [/workdir/hadoop-ozone/integration-test/target/test-dir/MiniOzoneClusterImpl-a7c0ca27-5db2-4eb2-a1d1-8702a6efc9d7/datanode-6/data/ratis] (custom)
2019-09-30 20:12:17,490 [pool-247-thread-1] INFO  server.RaftServerConfigKeys (ConfUtils.java:logGet(43)) - raft.server.log.corruption.policy = EXCEPTION (default)
2019-09-30 20:12:17,491 [pool-267-thread-1] INFO  server.RaftServerConfigKeys (ConfUtils.java:logGet(43)) - raft.server.log.corruption.policy = EXCEPTION (default)
2019-09-30 20:12:17,491 [pool-247-thread-1] INFO  storage.RaftStorageDirectory (RaftStorageDirectory.java:analyzeStorage(246)) - The storage directory /workdir/hadoop-ozone/integration-test/target/test-dir/MiniOzoneClusterImpl-a7c0ca27-5db2-4eb2-a1d1-8702a6efc9d7/datanode-4/data/ratis/283c84c0-34ea-4dc1-8f4a-466e1b574e93 does not exist. Creating ...
2019-09-30 20:12:17,491 [pool-267-thread-1] INFO  storage.RaftStorageDirectory (RaftStorageDirectory.java:analyzeStorage(246)) - The storage directory /workdir/hadoop-ozone/integration-test/target/test-dir/MiniOzoneClusterImpl-a7c0ca27-5db2-4eb2-a1d1-8702a6efc9d7/datanode-6/data/ratis/283c84c0-34ea-4dc1-8f4a-466e1b574e93 does not exist. Creating ...
2019-09-30 20:12:17,503 [pool-267-thread-1] INFO  storage.RaftStorageDirectory (RaftStorageDirectory.java:tryLock(328)) - Lock on /workdir/hadoop-ozone/integration-test/target/test-dir/MiniOzoneClusterImpl-a7c0ca27-5db2-4eb2-a1d1-8702a6efc9d7/datanode-6/data/ratis/283c84c0-34ea-4dc1-8f4a-466e1b574e93/in_use.lock acquired by nodename 15730@pr-hdds-2210-ncz7r-3016196628
2019-09-30 20:12:17,503 [pool-247-thread-1] INFO  storage.RaftStorageDirectory (RaftStorageDirectory.java:tryLock(328)) - Lock on /workdir/hadoop-ozone/integration-test/target/test-dir/MiniOzoneClusterImpl-a7c0ca27-5db2-4eb2-a1d1-8702a6efc9d7/datanode-4/data/ratis/283c84c0-34ea-4dc1-8f4a-466e1b574e93/in_use.lock acquired by nodename 15730@pr-hdds-2210-ncz7r-3016196628
2019-09-30 20:12:17,503 [pool-257-thread-1] INFO  storage.RaftStorageDirectory (RaftStorageDirectory.java:tryLock(328)) - Lock on /workdir/hadoop-ozone/integration-test/target/test-dir/MiniOzoneClusterImpl-a7c0ca27-5db2-4eb2-a1d1-8702a6efc9d7/datanode-5/data/ratis/283c84c0-34ea-4dc1-8f4a-466e1b574e93/in_use.lock acquired by nodename 15730@pr-hdds-2210-ncz7r-3016196628
2019-09-30 20:12:17,517 [pool-267-thread-1] INFO  storage.RaftStorage (RaftStorage.java:format(84)) - Storage directory /workdir/hadoop-ozone/integration-test/target/test-dir/MiniOzoneClusterImpl-a7c0ca27-5db2-4eb2-a1d1-8702a6efc9d7/datanode-6/data/ratis/283c84c0-34ea-4dc1-8f4a-466e1b574e93 has been successfully formatted.
2019-09-30 20:12:17,517 [pool-257-thread-1] INFO  storage.RaftStorage (RaftStorage.java:format(84)) - Storage directory /workdir/hadoop-ozone/integration-test/target/test-dir/MiniOzoneClusterImpl-a7c0ca27-5db2-4eb2-a1d1-8702a6efc9d7/datanode-5/data/ratis/283c84c0-34ea-4dc1-8f4a-466e1b574e93 has been successfully formatted.
2019-09-30 20:12:17,517 [pool-247-thread-1] INFO  storage.RaftStorage (RaftStorage.java:format(84)) - Storage directory /workdir/hadoop-ozone/integration-test/target/test-dir/MiniOzoneClusterImpl-a7c0ca27-5db2-4eb2-a1d1-8702a6efc9d7/datanode-4/data/ratis/283c84c0-34ea-4dc1-8f4a-466e1b574e93 has been successfully formatted.
2019-09-30 20:12:17,517 [pool-257-thread-1] INFO  ratis.ContainerStateMachine (ContainerStateMachine.java:loadSnapshot(230)) - group-466E1B574E93: The snapshot info is null. Setting the last applied indexto:(t:0, i:~)
2019-09-30 20:12:17,518 [pool-247-thread-1] INFO  ratis.ContainerStateMachine (ContainerStateMachine.java:loadSnapshot(230)) - group-466E1B574E93: The snapshot info is null. Setting the last applied indexto:(t:0, i:~)
2019-09-30 20:12:17,517 [pool-267-thread-1] INFO  ratis.ContainerStateMachine (ContainerStateMachine.java:loadSnapshot(230)) - group-466E1B574E93: The snapshot info is null. Setting the last applied indexto:(t:0, i:~)
2019-09-30 20:12:17,518 [pool-247-thread-1] INFO  server.RaftServerConfigKeys (ConfUtils.java:logGet(43)) - raft.server.notification.no-leader.timeout = 120s (custom)
2019-09-30 20:12:17,518 [pool-257-thread-1] INFO  server.RaftServerConfigKeys (ConfUtils.java:logGet(43)) - raft.server.notification.no-leader.timeout = 120s (custom)
2019-09-30 20:12:17,518 [pool-247-thread-1] INFO  server.RaftServerConfigKeys (ConfUtils.java:logGet(43)) - raft.server.log.use.memory = false (default)
2019-09-30 20:12:17,518 [pool-267-thread-1] INFO  server.RaftServerConfigKeys (ConfUtils.java:logGet(43)) - raft.server.notification.no-leader.timeout = 120s (custom)
2019-09-30 20:12:17,518 [pool-247-thread-1] INFO  server.RaftServerConfigKeys (ConfUtils.java:logGet(43)) - raft.server.log.purge.gap = 1000000 (custom)
2019-09-30 20:12:17,518 [pool-257-thread-1] INFO  server.RaftServerConfigKeys (ConfUtils.java:logGet(43)) - raft.server.log.use.memory = false (default)
2019-09-30 20:12:17,519 [pool-247-thread-1] INFO  server.RaftServerConfigKeys (ConfUtils.java:logGet(43)) - raft.server.log.appender.buffer.byte-limit = 33554432 (custom)
2019-09-30 20:12:17,518 [pool-267-thread-1] INFO  server.RaftServerConfigKeys (ConfUtils.java:logGet(43)) - raft.server.log.use.memory = false (default)
2019-09-30 20:12:17,519 [pool-247-thread-1] INFO  server.RaftServerConfigKeys (ConfUtils.java:logGet(43)) - raft.server.log.segment.size.max = 1048576 (custom)
2019-09-30 20:12:17,519 [pool-257-thread-1] INFO  server.RaftServerConfigKeys (ConfUtils.java:logGet(43)) - raft.server.log.purge.gap = 1000000 (custom)
2019-09-30 20:12:17,519 [pool-247-thread-1] INFO  server.RaftServerConfigKeys (ConfUtils.java:logGet(43)) - raft.server.log.segment.cache.num.max = 2 (custom)
2019-09-30 20:12:17,519 [pool-267-thread-1] INFO  server.RaftServerConfigKeys (ConfUtils.java:logGet(43)) - raft.server.log.purge.gap = 1000000 (custom)
2019-09-30 20:12:17,520 [pool-247-thread-1] INFO  segmented.SegmentedRaftLogWorker (SegmentedRaftLogWorker.java:<init>(173)) - new 169a5466-74f6-4a7b-bb59-928f36a1b3dd@group-466E1B574E93-SegmentedRaftLogWorker for RaftStorage:Storage Directory /workdir/hadoop-ozone/integration-test/target/test-dir/MiniOzoneClusterImpl-a7c0ca27-5db2-4eb2-a1d1-8702a6efc9d7/datanode-4/data/ratis/283c84c0-34ea-4dc1-8f4a-466e1b574e93
2019-09-30 20:12:17,519 [pool-257-thread-1] INFO  server.RaftServerConfigKeys (ConfUtils.java:logGet(43)) - raft.server.log.appender.buffer.byte-limit = 33554432 (custom)
2019-09-30 20:12:17,520 [pool-247-thread-1] INFO  server.RaftServerConfigKeys (ConfUtils.java:logGet(43)) - raft.server.log.queue.byte-limit = 2147483647 (custom)
2019-09-30 20:12:17,520 [pool-267-thread-1] INFO  server.RaftServerConfigKeys (ConfUtils.java:logGet(43)) - raft.server.log.appender.buffer.byte-limit = 33554432 (custom)
2019-09-30 20:12:17,520 [pool-247-thread-1] INFO  server.RaftServerConfigKeys (ConfUtils.java:logGet(43)) - raft.server.log.queue.element-limit = 1024 (custom)
2019-09-30 20:12:17,520 [pool-257-thread-1] INFO  server.RaftServerConfigKeys (ConfUtils.java:logGet(43)) - raft.server.log.segment.size.max = 1048576 (custom)
2019-09-30 20:12:17,520 [pool-247-thread-1] INFO  server.RaftServerConfigKeys (ConfUtils.java:logGet(43)) - raft.server.log.segment.size.max = 1048576 (custom)
2019-09-30 20:12:17,520 [pool-267-thread-1] INFO  server.RaftServerConfigKeys (ConfUtils.java:logGet(43)) - raft.server.log.segment.size.max = 1048576 (custom)
2019-09-30 20:12:17,521 [pool-247-thread-1] INFO  server.RaftServerConfigKeys (ConfUtils.java:logGet(43)) - raft.server.log.preallocated.size = 16384 (custom)
2019-09-30 20:12:17,521 [pool-257-thread-1] INFO  server.RaftServerConfigKeys (ConfUtils.java:logGet(43)) - raft.server.log.segment.cache.num.max = 2 (custom)
2019-09-30 20:12:17,521 [pool-247-thread-1] INFO  server.RaftServerConfigKeys (ConfUtils.java:logGet(43)) - raft.server.log.write.buffer.size = 33554432 (custom)
2019-09-30 20:12:17,521 [pool-267-thread-1] INFO  server.RaftServerConfigKeys (ConfUtils.java:logGet(43)) - raft.server.log.segment.cache.num.max = 2 (custom)
2019-09-30 20:12:17,521 [pool-247-thread-1] INFO  server.RaftServerConfigKeys (ConfUtils.java:logGet(43)) - raft.server.log.force.sync.num = 128 (default)
2019-09-30 20:12:17,521 [pool-257-thread-1] INFO  segmented.SegmentedRaftLogWorker (SegmentedRaftLogWorker.java:<init>(173)) - new 77e8dce8-34c5-4514-b718-1086f4048c03@group-466E1B574E93-SegmentedRaftLogWorker for RaftStorage:Storage Directory /workdir/hadoop-ozone/integration-test/target/test-dir/MiniOzoneClusterImpl-a7c0ca27-5db2-4eb2-a1d1-8702a6efc9d7/datanode-5/data/ratis/283c84c0-34ea-4dc1-8f4a-466e1b574e93
2019-09-30 20:12:17,522 [pool-247-thread-1] INFO  server.RaftServerConfigKeys (ConfUtils.java:logGet(43)) - raft.server.log.statemachine.data.sync = true (default)
2019-09-30 20:12:17,521 [pool-267-thread-1] INFO  segmented.SegmentedRaftLogWorker (SegmentedRaftLogWorker.java:<init>(173)) - new 144de121-9969-41dd-aaa6-7e78c8968fd9@group-466E1B574E93-SegmentedRaftLogWorker for RaftStorage:Storage Directory /workdir/hadoop-ozone/integration-test/target/test-dir/MiniOzoneClusterImpl-a7c0ca27-5db2-4eb2-a1d1-8702a6efc9d7/datanode-6/data/ratis/283c84c0-34ea-4dc1-8f4a-466e1b574e93
2019-09-30 20:12:17,522 [pool-247-thread-1] INFO  server.RaftServerConfigKeys (ConfUtils.java:logGet(43)) - raft.server.log.statemachine.data.sync.timeout = 10s (default)
2019-09-30 20:12:17,522 [pool-257-thread-1] INFO  server.RaftServerConfigKeys (ConfUtils.java:logGet(43)) - raft.server.log.queue.byte-limit = 2147483647 (custom)
2019-09-30 20:12:17,522 [pool-247-thread-1] INFO  server.RaftServerConfigKeys (ConfUtils.java:logGet(43)) - raft.server.log.statemachine.data.sync.timeout.retry = -1 (default)
2019-09-30 20:12:17,522 [pool-267-thread-1] INFO  server.RaftServerConfigKeys (ConfUtils.java:logGet(43)) - raft.server.log.queue.byte-limit = 2147483647 (custom)
2019-09-30 20:12:17,523 [pool-247-thread-1] INFO  server.RaftServerConfigKeys (ConfUtils.java:logGet(43)) - raft.server.log.statemachine.data.caching.enabled = true (custom)
2019-09-30 20:12:17,522 [pool-257-thread-1] INFO  server.RaftServerConfigKeys (ConfUtils.java:logGet(43)) - raft.server.log.queue.element-limit = 1024 (custom)
2019-09-30 20:12:17,523 [pool-267-thread-1] INFO  server.RaftServerConfigKeys (ConfUtils.java:logGet(43)) - raft.server.log.queue.element-limit = 1024 (custom)
2019-09-30 20:12:17,523 [pool-247-thread-1] INFO  segmented.SegmentedRaftLogWorker (SegmentedRaftLogWorker.java:lambda$new$0(128)) - 169a5466-74f6-4a7b-bb59-928f36a1b3dd@group-466E1B574E93-SegmentedRaftLogWorker: flushIndex: setUnconditionally 0 -> -1
2019-09-30 20:12:17,523 [pool-257-thread-1] INFO  server.RaftServerConfigKeys (ConfUtils.java:logGet(43)) - raft.server.log.segment.size.max = 1048576 (custom)
2019-09-30 20:12:17,523 [pool-267-thread-1] INFO  server.RaftServerConfigKeys (ConfUtils.java:logGet(43)) - raft.server.log.segment.size.max = 1048576 (custom)
2019-09-30 20:12:17,524 [pool-247-thread-1] INFO  server.RaftServerConfigKeys (ConfUtils.java:logGet(43)) - raft.server.snapshot.auto.trigger.enabled = true (custom)
2019-09-30 20:12:17,524 [pool-257-thread-1] INFO  server.RaftServerConfigKeys (ConfUtils.java:logGet(43)) - raft.server.log.preallocated.size = 16384 (custom)
2019-09-30 20:12:17,524 [pool-247-thread-1] INFO  server.RaftServerConfigKeys (ConfUtils.java:logGet(43)) - raft.server.snapshot.auto.trigger.threshold = 10000 (custom)
2019-09-30 20:12:17,524 [pool-267-thread-1] INFO  server.RaftServerConfigKeys (ConfUtils.java:logGet(43)) - raft.server.log.preallocated.size = 16384 (custom)
2019-09-30 20:12:17,524 [pool-247-thread-1] INFO  server.RaftServerConfigKeys (ConfUtils.java:logGet(43)) - raft.server.snapshot.retention.file.num = 5 (custom)
2019-09-30 20:12:17,524 [pool-257-thread-1] INFO  server.RaftServerConfigKeys (ConfUtils.java:logGet(43)) - raft.server.log.write.buffer.size = 33554432 (custom)
2019-09-30 20:12:17,524 [pool-247-thread-1] INFO  server.RaftServerConfigKeys (ConfUtils.java:logGet(43)) - raft.server.retrycache.expirytime = 600000ms (custom)
2019-09-30 20:12:17,524 [pool-267-thread-1] INFO  server.RaftServerConfigKeys (ConfUtils.java:logGet(43)) - raft.server.log.write.buffer.size = 33554432 (custom)
2019-09-30 20:12:17,525 [pool-257-thread-1] INFO  server.RaftServerConfigKeys (ConfUtils.java:logGet(43)) - raft.server.log.force.sync.num = 128 (default)
2019-09-30 20:12:17,525 [pool-267-thread-1] INFO  server.RaftServerConfigKeys (ConfUtils.java:logGet(43)) - raft.server.log.force.sync.num = 128 (default)
2019-09-30 20:12:17,525 [pool-257-thread-1] INFO  server.RaftServerConfigKeys (ConfUtils.java:logGet(43)) - raft.server.log.statemachine.data.sync = true (default)
2019-09-30 20:12:17,525 [pool-267-thread-1] INFO  server.RaftServerConfigKeys (ConfUtils.java:logGet(43)) - raft.server.log.statemachine.data.sync = true (default)
2019-09-30 20:12:17,525 [pool-257-thread-1] INFO  server.RaftServerConfigKeys (ConfUtils.java:logGet(43)) - raft.server.log.statemachine.data.sync.timeout = 10s (default)
2019-09-30 20:12:17,525 [pool-267-thread-1] INFO  server.RaftServerConfigKeys (ConfUtils.java:logGet(43)) - raft.server.log.statemachine.data.sync.timeout = 10s (default)
2019-09-30 20:12:17,526 [pool-257-thread-1] INFO  server.RaftServerConfigKeys (ConfUtils.java:logGet(43)) - raft.server.log.statemachine.data.sync.timeout.retry = -1 (default)
2019-09-30 20:12:17,526 [pool-267-thread-1] INFO  server.RaftServerConfigKeys (ConfUtils.java:logGet(43)) - raft.server.log.statemachine.data.sync.timeout.retry = -1 (default)
2019-09-30 20:12:17,526 [pool-257-thread-1] INFO  server.RaftServerConfigKeys (ConfUtils.java:logGet(43)) - raft.server.log.statemachine.data.caching.enabled = true (custom)
2019-09-30 20:12:17,526 [pool-267-thread-1] INFO  server.RaftServerConfigKeys (ConfUtils.java:logGet(43)) - raft.server.log.statemachine.data.caching.enabled = true (custom)
2019-09-30 20:12:17,526 [pool-257-thread-1] INFO  segmented.SegmentedRaftLogWorker (SegmentedRaftLogWorker.java:lambda$new$0(128)) - 77e8dce8-34c5-4514-b718-1086f4048c03@group-466E1B574E93-SegmentedRaftLogWorker: flushIndex: setUnconditionally 0 -> -1
2019-09-30 20:12:17,527 [pool-267-thread-1] INFO  segmented.SegmentedRaftLogWorker (SegmentedRaftLogWorker.java:lambda$new$0(128)) - 144de121-9969-41dd-aaa6-7e78c8968fd9@group-466E1B574E93-SegmentedRaftLogWorker: flushIndex: setUnconditionally 0 -> -1
2019-09-30 20:12:17,527 [pool-247-thread-1] INFO  impl.RaftServerImpl (RaftServerImpl.java:start(181)) - 169a5466-74f6-4a7b-bb59-928f36a1b3dd@group-466E1B574E93: start as a follower, conf=-1: [169a5466-74f6-4a7b-bb59-928f36a1b3dd:192.168.164.209:35090, 144de121-9969-41dd-aaa6-7e78c8968fd9:192.168.164.209:42849, 77e8dce8-34c5-4514-b718-1086f4048c03:192.168.164.209:44775], old=null
2019-09-30 20:12:17,527 [pool-257-thread-1] INFO  server.RaftServerConfigKeys (ConfUtils.java:logGet(43)) - raft.server.snapshot.auto.trigger.enabled = true (custom)
2019-09-30 20:12:17,527 [pool-267-thread-1] INFO  server.RaftServerConfigKeys (ConfUtils.java:logGet(43)) - raft.server.snapshot.auto.trigger.enabled = true (custom)
2019-09-30 20:12:17,527 [pool-247-thread-1] INFO  impl.RaftServerImpl (RaftServerImpl.java:setRole(170)) - 169a5466-74f6-4a7b-bb59-928f36a1b3dd@group-466E1B574E93: changes role from      null to FOLLOWER at term 0 for startAsFollower
2019-09-30 20:12:17,527 [pool-267-thread-1] INFO  server.RaftServerConfigKeys (ConfUtils.java:logGet(43)) - raft.server.snapshot.auto.trigger.threshold = 10000 (custom)
2019-09-30 20:12:17,527 [pool-257-thread-1] INFO  server.RaftServerConfigKeys (ConfUtils.java:logGet(43)) - raft.server.snapshot.auto.trigger.threshold = 10000 (custom)
2019-09-30 20:12:17,528 [pool-267-thread-1] INFO  server.RaftServerConfigKeys (ConfUtils.java:logGet(43)) - raft.server.snapshot.retention.file.num = 5 (custom)
2019-09-30 20:12:17,527 [pool-247-thread-1] INFO  impl.RoleInfo (RoleInfo.java:updateAndGet(143)) - 169a5466-74f6-4a7b-bb59-928f36a1b3dd: start FollowerState
2019-09-30 20:12:17,528 [pool-267-thread-1] INFO  server.RaftServerConfigKeys (ConfUtils.java:logGet(43)) - raft.server.retrycache.expirytime = 600000ms (custom)
2019-09-30 20:12:17,528 [pool-257-thread-1] INFO  server.RaftServerConfigKeys (ConfUtils.java:logGet(43)) - raft.server.snapshot.retention.file.num = 5 (custom)
2019-09-30 20:12:17,528 [pool-247-thread-1] INFO  util.JmxRegister (JmxRegister.java:tryRegister(44)) - Successfully registered JMX Bean with object name Ratis:service=RaftServer,group=group-466E1B574E93,id=169a5466-74f6-4a7b-bb59-928f36a1b3dd
2019-09-30 20:12:17,528 [pool-257-thread-1] INFO  server.RaftServerConfigKeys (ConfUtils.java:logGet(43)) - raft.server.retrycache.expirytime = 600000ms (custom)
2019-09-30 20:12:17,532 [pool-267-thread-1] INFO  impl.RaftServerImpl (RaftServerImpl.java:start(181)) - 144de121-9969-41dd-aaa6-7e78c8968fd9@group-466E1B574E93: start as a follower, conf=-1: [169a5466-74f6-4a7b-bb59-928f36a1b3dd:192.168.164.209:35090, 144de121-9969-41dd-aaa6-7e78c8968fd9:192.168.164.209:42849, 77e8dce8-34c5-4514-b718-1086f4048c03:192.168.164.209:44775], old=null
2019-09-30 20:12:17,532 [pool-267-thread-1] INFO  impl.RaftServerImpl (RaftServerImpl.java:setRole(170)) - 144de121-9969-41dd-aaa6-7e78c8968fd9@group-466E1B574E93: changes role from      null to FOLLOWER at term 0 for startAsFollower
2019-09-30 20:12:17,532 [pool-267-thread-1] INFO  impl.RoleInfo (RoleInfo.java:updateAndGet(143)) - 144de121-9969-41dd-aaa6-7e78c8968fd9: start FollowerState
2019-09-30 20:12:17,533 [pool-257-thread-1] INFO  impl.RaftServerImpl (RaftServerImpl.java:start(181)) - 77e8dce8-34c5-4514-b718-1086f4048c03@group-466E1B574E93: start as a follower, conf=-1: [169a5466-74f6-4a7b-bb59-928f36a1b3dd:192.168.164.209:35090, 144de121-9969-41dd-aaa6-7e78c8968fd9:192.168.164.209:42849, 77e8dce8-34c5-4514-b718-1086f4048c03:192.168.164.209:44775], old=null
2019-09-30 20:12:17,533 [pool-257-thread-1] INFO  impl.RaftServerImpl (RaftServerImpl.java:setRole(170)) - 77e8dce8-34c5-4514-b718-1086f4048c03@group-466E1B574E93: changes role from      null to FOLLOWER at term 0 for startAsFollower
2019-09-30 20:12:17,533 [pool-257-thread-1] INFO  impl.RoleInfo (RoleInfo.java:updateAndGet(143)) - 77e8dce8-34c5-4514-b718-1086f4048c03: start FollowerState
2019-09-30 20:12:17,533 [pool-267-thread-1] INFO  util.JmxRegister (JmxRegister.java:tryRegister(44)) - Successfully registered JMX Bean with object name Ratis:service=RaftServer,group=group-466E1B574E93,id=144de121-9969-41dd-aaa6-7e78c8968fd9
2019-09-30 20:12:17,533 [pool-257-thread-1] INFO  util.JmxRegister (JmxRegister.java:tryRegister(44)) - Successfully registered JMX Bean with object name Ratis:service=RaftServer,group=group-466E1B574E93,id=77e8dce8-34c5-4514-b718-1086f4048c03
2019-09-30 20:12:17,547 [RatisPipelineUtilsThread] INFO  pipeline.PipelineStateManager (PipelineStateManager.java:addPipeline(56)) - Created pipeline Pipeline[ Id: 283c84c0-34ea-4dc1-8f4a-466e1b574e93, Nodes: 77e8dce8-34c5-4514-b718-1086f4048c03{ip: 192.168.164.209, host: pr-hdds-2210-ncz7r-3016196628, networkLocation: /default-rack, certSerialId: null}144de121-9969-41dd-aaa6-7e78c8968fd9{ip: 192.168.164.209, host: pr-hdds-2210-ncz7r-3016196628, networkLocation: /default-rack, certSerialId: null}169a5466-74f6-4a7b-bb59-928f36a1b3dd{ip: 192.168.164.209, host: pr-hdds-2210-ncz7r-3016196628, networkLocation: /default-rack, certSerialId: null}, Type:RATIS, Factor:THREE, State:OPEN]
2019-09-30 20:12:18,346 [main] INFO  ozone.MiniOzoneClusterImpl (MiniOzoneClusterImpl.java:lambda$waitForClusterToBeReady$0(147)) - Cluster is ready. Got 7 of 7 DN Heartbeats.
2019-09-30 20:12:18,392 [main] INFO  rpc.RpcClient (RpcClient.java:createVolume(276)) - Creating Volume: watchforcommithandlingtest, with jenkins1000 as owner.
2019-09-30 20:12:18,395 [IPC Server handler 2 on 33699] INFO  volume.OMVolumeCreateRequest (OMVolumeCreateRequest.java:validateAndUpdateCache(194)) - created volume:watchforcommithandlingtest for user:jenkins1000
2019-09-30 20:12:18,408 [main] INFO  rpc.RpcClient (RpcClient.java:createBucket(415)) - Creating Bucket: watchforcommithandlingtest/watchforcommithandlingtest, with Versioning false and Storage Type set to DISK and Encryption set to false 
2019-09-30 20:12:18,413 [main] INFO  ozone.MiniOzoneClusterImpl (MiniOzoneClusterImpl.java:getStorageContainerLocationClient(234)) - Creating StorageContainerLocationProtocol RPC client with address /0.0.0.0:37751
2019-09-30 20:12:19,900 [Thread-1418] INFO  container.ReplicationManager (ReplicationManager.java:start(162)) - Starting Replication Monitor Thread.
2019-09-30 20:12:19,905 [ReplicationMonitor] INFO  container.ReplicationManager (ReplicationManager.java:run(225)) - Replication Monitor Thread took 0 milliseconds for processing 1 containers.
2019-09-30 20:12:22,070 [Thread-1420] INFO  impl.FollowerState (FollowerState.java:run(108)) - 0c62d7ee-acdc-4014-b8e4-a22ebcbdb566@group-9A41D80E6739-FollowerState: change to CANDIDATE, lastRpcTime:5109ms, electionTimeout:5109ms
2019-09-30 20:12:22,070 [Thread-1420] INFO  impl.RoleInfo (RoleInfo.java:shutdownFollowerState(121)) - 0c62d7ee-acdc-4014-b8e4-a22ebcbdb566: shutdown FollowerState
2019-09-30 20:12:22,070 [Thread-1420] INFO  impl.RaftServerImpl (RaftServerImpl.java:setRole(170)) - 0c62d7ee-acdc-4014-b8e4-a22ebcbdb566@group-9A41D80E6739: changes role from  FOLLOWER to CANDIDATE at term 0 for changeToCandidate
2019-09-30 20:12:22,070 [Thread-1420] INFO  impl.RoleInfo (RoleInfo.java:updateAndGet(143)) - 0c62d7ee-acdc-4014-b8e4-a22ebcbdb566: start LeaderElection
2019-09-30 20:12:22,092 [0c62d7ee-acdc-4014-b8e4-a22ebcbdb566@group-9A41D80E6739-LeaderElection52] INFO  impl.LeaderElection (LeaderElection.java:askForVotes(178)) - 0c62d7ee-acdc-4014-b8e4-a22ebcbdb566@group-9A41D80E6739-LeaderElection52: begin an election at term 1 for -1: [0c62d7ee-acdc-4014-b8e4-a22ebcbdb566:192.168.164.209:33252], old=null
2019-09-30 20:12:22,092 [0c62d7ee-acdc-4014-b8e4-a22ebcbdb566@group-9A41D80E6739-LeaderElection52] INFO  impl.RoleInfo (RoleInfo.java:shutdownLeaderElection(134)) - 0c62d7ee-acdc-4014-b8e4-a22ebcbdb566: shutdown LeaderElection
2019-09-30 20:12:22,092 [0c62d7ee-acdc-4014-b8e4-a22ebcbdb566@group-9A41D80E6739-LeaderElection52] INFO  impl.RaftServerImpl (RaftServerImpl.java:setRole(170)) - 0c62d7ee-acdc-4014-b8e4-a22ebcbdb566@group-9A41D80E6739: changes role from CANDIDATE to LEADER at term 1 for changeToLeader
2019-09-30 20:12:22,092 [0c62d7ee-acdc-4014-b8e4-a22ebcbdb566@group-9A41D80E6739-LeaderElection52] INFO  impl.RaftServerImpl (ServerState.java:setLeader(255)) - 0c62d7ee-acdc-4014-b8e4-a22ebcbdb566@group-9A41D80E6739: change Leader from null to 0c62d7ee-acdc-4014-b8e4-a22ebcbdb566 at term 1 for becomeLeader, leader elected after 5143ms
2019-09-30 20:12:22,092 [0c62d7ee-acdc-4014-b8e4-a22ebcbdb566@group-9A41D80E6739-LeaderElection52] INFO  server.RaftServerConfigKeys (ConfUtils.java:logGet(43)) - raft.server.staging.catchup.gap = 1000 (default)
2019-09-30 20:12:22,093 [0c62d7ee-acdc-4014-b8e4-a22ebcbdb566@group-9A41D80E6739-LeaderElection52] INFO  server.RaftServerConfigKeys (ConfUtils.java:logGet(43)) - raft.server.rpc.sleep.time = 25ms (default)
2019-09-30 20:12:22,094 [0c62d7ee-acdc-4014-b8e4-a22ebcbdb566@group-9A41D80E6739-LeaderElection52] INFO  server.RaftServerConfigKeys (ConfUtils.java:logGet(43)) - raft.server.write.element-limit = 4096 (default)
2019-09-30 20:12:22,094 [0c62d7ee-acdc-4014-b8e4-a22ebcbdb566@group-9A41D80E6739-LeaderElection52] INFO  server.RaftServerConfigKeys (ConfUtils.java:logGet(43)) - raft.server.watch.timeout = 10s (default)
2019-09-30 20:12:22,094 [0c62d7ee-acdc-4014-b8e4-a22ebcbdb566@group-9A41D80E6739-LeaderElection52] INFO  server.RaftServerConfigKeys (ConfUtils.java:logGet(43)) - raft.server.watch.timeout.denomination = 1s (default)
2019-09-30 20:12:22,094 [0c62d7ee-acdc-4014-b8e4-a22ebcbdb566@group-9A41D80E6739-LeaderElection52] INFO  server.RaftServerConfigKeys (ConfUtils.java:logGet(43)) - raft.server.watch.element-limit = 65536 (default)
2019-09-30 20:12:22,099 [0c62d7ee-acdc-4014-b8e4-a22ebcbdb566@group-9A41D80E6739-LeaderElection52] INFO  impl.RoleInfo (RoleInfo.java:updateAndGet(143)) - 0c62d7ee-acdc-4014-b8e4-a22ebcbdb566: start LeaderState
2019-09-30 20:12:22,100 [0c62d7ee-acdc-4014-b8e4-a22ebcbdb566@group-9A41D80E6739-LeaderElection52] INFO  segmented.SegmentedRaftLogWorker (SegmentedRaftLogWorker.java:startLogSegment(385)) - 0c62d7ee-acdc-4014-b8e4-a22ebcbdb566@group-9A41D80E6739-SegmentedRaftLogWorker: Starting segment from index:0
2019-09-30 20:12:22,102 [0c62d7ee-acdc-4014-b8e4-a22ebcbdb566@group-9A41D80E6739-LeaderElection52] INFO  impl.RaftServerImpl (ServerState.java:setRaftConf(356)) - 0c62d7ee-acdc-4014-b8e4-a22ebcbdb566@group-9A41D80E6739: set configuration 0: [0c62d7ee-acdc-4014-b8e4-a22ebcbdb566:192.168.164.209:33252], old=null at 0
2019-09-30 20:12:22,144 [0c62d7ee-acdc-4014-b8e4-a22ebcbdb566@group-9A41D80E6739-SegmentedRaftLogWorker] INFO  segmented.SegmentedRaftLogWorker (SegmentedRaftLogWorker.java:execute(574)) - 0c62d7ee-acdc-4014-b8e4-a22ebcbdb566@group-9A41D80E6739-SegmentedRaftLogWorker: created new log segment /workdir/hadoop-ozone/integration-test/target/test-dir/MiniOzoneClusterImpl-a7c0ca27-5db2-4eb2-a1d1-8702a6efc9d7/datanode-0/data/ratis/a32836fa-38b7-4239-8600-9a41d80e6739/current/log_inprogress_0
2019-09-30 20:12:22,155 [Thread-1426] INFO  impl.FollowerState (FollowerState.java:run(108)) - e3cd7ddd-71e6-4087-b78a-a2f343ce8905@group-FCA45B1AA64B-FollowerState: change to CANDIDATE, lastRpcTime:5064ms, electionTimeout:5064ms
2019-09-30 20:12:22,155 [Thread-1426] INFO  impl.RoleInfo (RoleInfo.java:shutdownFollowerState(121)) - e3cd7ddd-71e6-4087-b78a-a2f343ce8905: shutdown FollowerState
2019-09-30 20:12:22,155 [Thread-1426] INFO  impl.RaftServerImpl (RaftServerImpl.java:setRole(170)) - e3cd7ddd-71e6-4087-b78a-a2f343ce8905@group-FCA45B1AA64B: changes role from  FOLLOWER to CANDIDATE at term 0 for changeToCandidate
2019-09-30 20:12:22,155 [Thread-1426] INFO  impl.RoleInfo (RoleInfo.java:updateAndGet(143)) - e3cd7ddd-71e6-4087-b78a-a2f343ce8905: start LeaderElection
2019-09-30 20:12:22,175 [e3cd7ddd-71e6-4087-b78a-a2f343ce8905@group-FCA45B1AA64B-LeaderElection53] INFO  impl.LeaderElection (LeaderElection.java:askForVotes(178)) - e3cd7ddd-71e6-4087-b78a-a2f343ce8905@group-FCA45B1AA64B-LeaderElection53: begin an election at term 1 for -1: [e3cd7ddd-71e6-4087-b78a-a2f343ce8905:192.168.164.209:46607], old=null
2019-09-30 20:12:22,176 [e3cd7ddd-71e6-4087-b78a-a2f343ce8905@group-FCA45B1AA64B-LeaderElection53] INFO  impl.RoleInfo (RoleInfo.java:shutdownLeaderElection(134)) - e3cd7ddd-71e6-4087-b78a-a2f343ce8905: shutdown LeaderElection
2019-09-30 20:12:22,176 [e3cd7ddd-71e6-4087-b78a-a2f343ce8905@group-FCA45B1AA64B-LeaderElection53] INFO  impl.RaftServerImpl (RaftServerImpl.java:setRole(170)) - e3cd7ddd-71e6-4087-b78a-a2f343ce8905@group-FCA45B1AA64B: changes role from CANDIDATE to LEADER at term 1 for changeToLeader
2019-09-30 20:12:22,176 [e3cd7ddd-71e6-4087-b78a-a2f343ce8905@group-FCA45B1AA64B-LeaderElection53] INFO  impl.RaftServerImpl (ServerState.java:setLeader(255)) - e3cd7ddd-71e6-4087-b78a-a2f343ce8905@group-FCA45B1AA64B: change Leader from null to e3cd7ddd-71e6-4087-b78a-a2f343ce8905 at term 1 for becomeLeader, leader elected after 5092ms
2019-09-30 20:12:22,176 [e3cd7ddd-71e6-4087-b78a-a2f343ce8905@group-FCA45B1AA64B-LeaderElection53] INFO  server.RaftServerConfigKeys (ConfUtils.java:logGet(43)) - raft.server.staging.catchup.gap = 1000 (default)
2019-09-30 20:12:22,176 [e3cd7ddd-71e6-4087-b78a-a2f343ce8905@group-FCA45B1AA64B-LeaderElection53] INFO  server.RaftServerConfigKeys (ConfUtils.java:logGet(43)) - raft.server.rpc.sleep.time = 25ms (default)
2019-09-30 20:12:22,176 [e3cd7ddd-71e6-4087-b78a-a2f343ce8905@group-FCA45B1AA64B-LeaderElection53] INFO  server.RaftServerConfigKeys (ConfUtils.java:logGet(43)) - raft.server.write.element-limit = 4096 (default)
2019-09-30 20:12:22,177 [e3cd7ddd-71e6-4087-b78a-a2f343ce8905@group-FCA45B1AA64B-LeaderElection53] INFO  server.RaftServerConfigKeys (ConfUtils.java:logGet(43)) - raft.server.watch.timeout = 10s (default)
2019-09-30 20:12:22,177 [e3cd7ddd-71e6-4087-b78a-a2f343ce8905@group-FCA45B1AA64B-LeaderElection53] INFO  server.RaftServerConfigKeys (ConfUtils.java:logGet(43)) - raft.server.watch.timeout.denomination = 1s (default)
2019-09-30 20:12:22,177 [e3cd7ddd-71e6-4087-b78a-a2f343ce8905@group-FCA45B1AA64B-LeaderElection53] INFO  server.RaftServerConfigKeys (ConfUtils.java:logGet(43)) - raft.server.watch.element-limit = 65536 (default)
2019-09-30 20:12:22,179 [e3cd7ddd-71e6-4087-b78a-a2f343ce8905@group-FCA45B1AA64B-LeaderElection53] INFO  impl.RoleInfo (RoleInfo.java:updateAndGet(143)) - e3cd7ddd-71e6-4087-b78a-a2f343ce8905: start LeaderState
2019-09-30 20:12:22,180 [e3cd7ddd-71e6-4087-b78a-a2f343ce8905@group-FCA45B1AA64B-LeaderElection53] INFO  segmented.SegmentedRaftLogWorker (SegmentedRaftLogWorker.java:startLogSegment(385)) - e3cd7ddd-71e6-4087-b78a-a2f343ce8905@group-FCA45B1AA64B-SegmentedRaftLogWorker: Starting segment from index:0
2019-09-30 20:12:22,180 [e3cd7ddd-71e6-4087-b78a-a2f343ce8905@group-FCA45B1AA64B-LeaderElection53] INFO  impl.RaftServerImpl (ServerState.java:setRaftConf(356)) - e3cd7ddd-71e6-4087-b78a-a2f343ce8905@group-FCA45B1AA64B: set configuration 0: [e3cd7ddd-71e6-4087-b78a-a2f343ce8905:192.168.164.209:46607], old=null at 0
2019-09-30 20:12:22,197 [Thread-1423] INFO  impl.FollowerState (FollowerState.java:run(108)) - fdb07fac-a038-4dd2-bf3a-e692e6ea73ee@group-76C1BC7D041E-FollowerState: change to CANDIDATE, lastRpcTime:5157ms, electionTimeout:5157ms
2019-09-30 20:12:22,197 [Thread-1423] INFO  impl.RoleInfo (RoleInfo.java:shutdownFollowerState(121)) - fdb07fac-a038-4dd2-bf3a-e692e6ea73ee: shutdown FollowerState
2019-09-30 20:12:22,197 [Thread-1423] INFO  impl.RaftServerImpl (RaftServerImpl.java:setRole(170)) - fdb07fac-a038-4dd2-bf3a-e692e6ea73ee@group-76C1BC7D041E: changes role from  FOLLOWER to CANDIDATE at term 0 for changeToCandidate
2019-09-30 20:12:22,197 [Thread-1423] INFO  impl.RoleInfo (RoleInfo.java:updateAndGet(143)) - fdb07fac-a038-4dd2-bf3a-e692e6ea73ee: start LeaderElection
2019-09-30 20:12:22,220 [e3cd7ddd-71e6-4087-b78a-a2f343ce8905@group-FCA45B1AA64B-SegmentedRaftLogWorker] INFO  segmented.SegmentedRaftLogWorker (SegmentedRaftLogWorker.java:execute(574)) - e3cd7ddd-71e6-4087-b78a-a2f343ce8905@group-FCA45B1AA64B-SegmentedRaftLogWorker: created new log segment /workdir/hadoop-ozone/integration-test/target/test-dir/MiniOzoneClusterImpl-a7c0ca27-5db2-4eb2-a1d1-8702a6efc9d7/datanode-2/data/ratis/9467a6ef-8865-41a2-a1eb-fca45b1aa64b/current/log_inprogress_0
2019-09-30 20:12:22,220 [fdb07fac-a038-4dd2-bf3a-e692e6ea73ee@group-76C1BC7D041E-LeaderElection54] INFO  impl.LeaderElection (LeaderElection.java:askForVotes(178)) - fdb07fac-a038-4dd2-bf3a-e692e6ea73ee@group-76C1BC7D041E-LeaderElection54: begin an election at term 1 for -1: [fdb07fac-a038-4dd2-bf3a-e692e6ea73ee:192.168.164.209:46474], old=null
2019-09-30 20:12:22,221 [fdb07fac-a038-4dd2-bf3a-e692e6ea73ee@group-76C1BC7D041E-LeaderElection54] INFO  impl.RoleInfo (RoleInfo.java:shutdownLeaderElection(134)) - fdb07fac-a038-4dd2-bf3a-e692e6ea73ee: shutdown LeaderElection
2019-09-30 20:12:22,221 [fdb07fac-a038-4dd2-bf3a-e692e6ea73ee@group-76C1BC7D041E-LeaderElection54] INFO  impl.RaftServerImpl (RaftServerImpl.java:setRole(170)) - fdb07fac-a038-4dd2-bf3a-e692e6ea73ee@group-76C1BC7D041E: changes role from CANDIDATE to LEADER at term 1 for changeToLeader
2019-09-30 20:12:22,221 [fdb07fac-a038-4dd2-bf3a-e692e6ea73ee@group-76C1BC7D041E-LeaderElection54] INFO  impl.RaftServerImpl (ServerState.java:setLeader(255)) - fdb07fac-a038-4dd2-bf3a-e692e6ea73ee@group-76C1BC7D041E: change Leader from null to fdb07fac-a038-4dd2-bf3a-e692e6ea73ee at term 1 for becomeLeader, leader elected after 5189ms
2019-09-30 20:12:22,221 [fdb07fac-a038-4dd2-bf3a-e692e6ea73ee@group-76C1BC7D041E-LeaderElection54] INFO  server.RaftServerConfigKeys (ConfUtils.java:logGet(43)) - raft.server.staging.catchup.gap = 1000 (default)
2019-09-30 20:12:22,221 [fdb07fac-a038-4dd2-bf3a-e692e6ea73ee@group-76C1BC7D041E-LeaderElection54] INFO  server.RaftServerConfigKeys (ConfUtils.java:logGet(43)) - raft.server.rpc.sleep.time = 25ms (default)
2019-09-30 20:12:22,221 [fdb07fac-a038-4dd2-bf3a-e692e6ea73ee@group-76C1BC7D041E-LeaderElection54] INFO  server.RaftServerConfigKeys (ConfUtils.java:logGet(43)) - raft.server.write.element-limit = 4096 (default)
2019-09-30 20:12:22,222 [fdb07fac-a038-4dd2-bf3a-e692e6ea73ee@group-76C1BC7D041E-LeaderElection54] INFO  server.RaftServerConfigKeys (ConfUtils.java:logGet(43)) - raft.server.watch.timeout = 10s (default)
2019-09-30 20:12:22,222 [fdb07fac-a038-4dd2-bf3a-e692e6ea73ee@group-76C1BC7D041E-LeaderElection54] INFO  server.RaftServerConfigKeys (ConfUtils.java:logGet(43)) - raft.server.watch.timeout.denomination = 1s (default)
2019-09-30 20:12:22,222 [fdb07fac-a038-4dd2-bf3a-e692e6ea73ee@group-76C1BC7D041E-LeaderElection54] INFO  server.RaftServerConfigKeys (ConfUtils.java:logGet(43)) - raft.server.watch.element-limit = 65536 (default)
2019-09-30 20:12:22,224 [fdb07fac-a038-4dd2-bf3a-e692e6ea73ee@group-76C1BC7D041E-LeaderElection54] INFO  impl.RoleInfo (RoleInfo.java:updateAndGet(143)) - fdb07fac-a038-4dd2-bf3a-e692e6ea73ee: start LeaderState
2019-09-30 20:12:22,224 [fdb07fac-a038-4dd2-bf3a-e692e6ea73ee@group-76C1BC7D041E-LeaderElection54] INFO  segmented.SegmentedRaftLogWorker (SegmentedRaftLogWorker.java:startLogSegment(385)) - fdb07fac-a038-4dd2-bf3a-e692e6ea73ee@group-76C1BC7D041E-SegmentedRaftLogWorker: Starting segment from index:0
2019-09-30 20:12:22,225 [fdb07fac-a038-4dd2-bf3a-e692e6ea73ee@group-76C1BC7D041E-LeaderElection54] INFO  impl.RaftServerImpl (ServerState.java:setRaftConf(356)) - fdb07fac-a038-4dd2-bf3a-e692e6ea73ee@group-76C1BC7D041E: set configuration 0: [fdb07fac-a038-4dd2-bf3a-e692e6ea73ee:192.168.164.209:46474], old=null at 0
2019-09-30 20:12:22,232 [Thread-1429] INFO  impl.FollowerState (FollowerState.java:run(108)) - fdb07fac-a038-4dd2-bf3a-e692e6ea73ee@group-8ED5B5EAAF88-FollowerState: change to CANDIDATE, lastRpcTime:5064ms, electionTimeout:5064ms
2019-09-30 20:12:22,232 [Thread-1429] INFO  impl.RoleInfo (RoleInfo.java:shutdownFollowerState(121)) - fdb07fac-a038-4dd2-bf3a-e692e6ea73ee: shutdown FollowerState
2019-09-30 20:12:22,232 [Thread-1429] INFO  impl.RaftServerImpl (RaftServerImpl.java:setRole(170)) - fdb07fac-a038-4dd2-bf3a-e692e6ea73ee@group-8ED5B5EAAF88: changes role from  FOLLOWER to CANDIDATE at term 0 for changeToCandidate
2019-09-30 20:12:22,232 [Thread-1429] INFO  impl.RoleInfo (RoleInfo.java:updateAndGet(143)) - fdb07fac-a038-4dd2-bf3a-e692e6ea73ee: start LeaderElection
2019-09-30 20:12:22,250 [fdb07fac-a038-4dd2-bf3a-e692e6ea73ee@group-76C1BC7D041E-SegmentedRaftLogWorker] INFO  segmented.SegmentedRaftLogWorker (SegmentedRaftLogWorker.java:execute(574)) - fdb07fac-a038-4dd2-bf3a-e692e6ea73ee@group-76C1BC7D041E-SegmentedRaftLogWorker: created new log segment /workdir/hadoop-ozone/integration-test/target/test-dir/MiniOzoneClusterImpl-a7c0ca27-5db2-4eb2-a1d1-8702a6efc9d7/datanode-1/data/ratis/33e43aec-e76f-4045-a256-76c1bc7d041e/current/log_inprogress_0
2019-09-30 20:12:22,250 [fdb07fac-a038-4dd2-bf3a-e692e6ea73ee@group-8ED5B5EAAF88-LeaderElection55] INFO  impl.LeaderElection (LeaderElection.java:askForVotes(178)) - fdb07fac-a038-4dd2-bf3a-e692e6ea73ee@group-8ED5B5EAAF88-LeaderElection55: begin an election at term 1 for -1: [0c62d7ee-acdc-4014-b8e4-a22ebcbdb566:192.168.164.209:33252, fdb07fac-a038-4dd2-bf3a-e692e6ea73ee:192.168.164.209:46474, e3cd7ddd-71e6-4087-b78a-a2f343ce8905:192.168.164.209:46607], old=null
2019-09-30 20:12:22,257 [grpc-default-executor-0] INFO  impl.RaftServerImpl (RaftServerImpl.java:setRole(170)) - 0c62d7ee-acdc-4014-b8e4-a22ebcbdb566@group-8ED5B5EAAF88: changes role from  FOLLOWER to FOLLOWER at term 1 for recognizeCandidate:fdb07fac-a038-4dd2-bf3a-e692e6ea73ee
2019-09-30 20:12:22,257 [grpc-default-executor-3] INFO  impl.RaftServerImpl (RaftServerImpl.java:setRole(170)) - e3cd7ddd-71e6-4087-b78a-a2f343ce8905@group-8ED5B5EAAF88: changes role from  FOLLOWER to FOLLOWER at term 1 for recognizeCandidate:fdb07fac-a038-4dd2-bf3a-e692e6ea73ee
2019-09-30 20:12:22,257 [grpc-default-executor-0] INFO  impl.RoleInfo (RoleInfo.java:shutdownFollowerState(121)) - 0c62d7ee-acdc-4014-b8e4-a22ebcbdb566: shutdown FollowerState
2019-09-30 20:12:22,258 [grpc-default-executor-3] INFO  impl.RoleInfo (RoleInfo.java:shutdownFollowerState(121)) - e3cd7ddd-71e6-4087-b78a-a2f343ce8905: shutdown FollowerState
2019-09-30 20:12:22,258 [Thread-1433] INFO  impl.FollowerState (FollowerState.java:run(117)) - 0c62d7ee-acdc-4014-b8e4-a22ebcbdb566@group-8ED5B5EAAF88-FollowerState was interrupted: java.lang.InterruptedException: sleep interrupted
2019-09-30 20:12:22,258 [grpc-default-executor-0] INFO  impl.RoleInfo (RoleInfo.java:updateAndGet(143)) - 0c62d7ee-acdc-4014-b8e4-a22ebcbdb566: start FollowerState
2019-09-30 20:12:22,260 [Thread-1434] INFO  impl.FollowerState (FollowerState.java:run(117)) - e3cd7ddd-71e6-4087-b78a-a2f343ce8905@group-8ED5B5EAAF88-FollowerState was interrupted: java.lang.InterruptedException: sleep interrupted
2019-09-30 20:12:22,258 [grpc-default-executor-3] INFO  impl.RoleInfo (RoleInfo.java:updateAndGet(143)) - e3cd7ddd-71e6-4087-b78a-a2f343ce8905: start FollowerState
2019-09-30 20:12:22,279 [fdb07fac-a038-4dd2-bf3a-e692e6ea73ee@group-8ED5B5EAAF88-LeaderElection55] INFO  impl.LeaderElection (LeaderElection.java:logAndReturn(56)) - fdb07fac-a038-4dd2-bf3a-e692e6ea73ee@group-8ED5B5EAAF88-LeaderElection55: Election PASSED; received 1 response(s) [fdb07fac-a038-4dd2-bf3a-e692e6ea73ee<-0c62d7ee-acdc-4014-b8e4-a22ebcbdb566#0:OK-t1] and 0 exception(s); fdb07fac-a038-4dd2-bf3a-e692e6ea73ee@group-8ED5B5EAAF88:t1, leader=null, voted=fdb07fac-a038-4dd2-bf3a-e692e6ea73ee, raftlog=fdb07fac-a038-4dd2-bf3a-e692e6ea73ee@group-8ED5B5EAAF88-SegmentedRaftLog:OPENED:c-1,f-1,i0, conf=-1: [0c62d7ee-acdc-4014-b8e4-a22ebcbdb566:192.168.164.209:33252, fdb07fac-a038-4dd2-bf3a-e692e6ea73ee:192.168.164.209:46474, e3cd7ddd-71e6-4087-b78a-a2f343ce8905:192.168.164.209:46607], old=null
2019-09-30 20:12:22,279 [fdb07fac-a038-4dd2-bf3a-e692e6ea73ee@group-8ED5B5EAAF88-LeaderElection55] INFO  impl.RoleInfo (RoleInfo.java:shutdownLeaderElection(134)) - fdb07fac-a038-4dd2-bf3a-e692e6ea73ee: shutdown LeaderElection
2019-09-30 20:12:22,279 [fdb07fac-a038-4dd2-bf3a-e692e6ea73ee@group-8ED5B5EAAF88-LeaderElection55] INFO  impl.RaftServerImpl (RaftServerImpl.java:setRole(170)) - fdb07fac-a038-4dd2-bf3a-e692e6ea73ee@group-8ED5B5EAAF88: changes role from CANDIDATE to LEADER at term 1 for changeToLeader
2019-09-30 20:12:22,280 [fdb07fac-a038-4dd2-bf3a-e692e6ea73ee@group-8ED5B5EAAF88-LeaderElection55] INFO  impl.RaftServerImpl (ServerState.java:setLeader(255)) - fdb07fac-a038-4dd2-bf3a-e692e6ea73ee@group-8ED5B5EAAF88: change Leader from null to fdb07fac-a038-4dd2-bf3a-e692e6ea73ee at term 1 for becomeLeader, leader elected after 5121ms
2019-09-30 20:12:22,280 [fdb07fac-a038-4dd2-bf3a-e692e6ea73ee@group-8ED5B5EAAF88-LeaderElection55] INFO  server.RaftServerConfigKeys (ConfUtils.java:logGet(43)) - raft.server.staging.catchup.gap = 1000 (default)
2019-09-30 20:12:22,280 [fdb07fac-a038-4dd2-bf3a-e692e6ea73ee@group-8ED5B5EAAF88-LeaderElection55] INFO  server.RaftServerConfigKeys (ConfUtils.java:logGet(43)) - raft.server.rpc.sleep.time = 25ms (default)
2019-09-30 20:12:22,280 [fdb07fac-a038-4dd2-bf3a-e692e6ea73ee@group-8ED5B5EAAF88-LeaderElection55] INFO  server.RaftServerConfigKeys (ConfUtils.java:logGet(43)) - raft.server.write.element-limit = 4096 (default)
2019-09-30 20:12:22,280 [fdb07fac-a038-4dd2-bf3a-e692e6ea73ee@group-8ED5B5EAAF88-LeaderElection55] INFO  server.RaftServerConfigKeys (ConfUtils.java:logGet(43)) - raft.server.watch.timeout = 10s (default)
2019-09-30 20:12:22,280 [fdb07fac-a038-4dd2-bf3a-e692e6ea73ee@group-8ED5B5EAAF88-LeaderElection55] INFO  server.RaftServerConfigKeys (ConfUtils.java:logGet(43)) - raft.server.watch.timeout.denomination = 1s (default)
2019-09-30 20:12:22,280 [fdb07fac-a038-4dd2-bf3a-e692e6ea73ee@group-8ED5B5EAAF88-LeaderElection55] INFO  server.RaftServerConfigKeys (ConfUtils.java:logGet(43)) - raft.server.watch.element-limit = 65536 (default)
2019-09-30 20:12:22,282 [fdb07fac-a038-4dd2-bf3a-e692e6ea73ee@group-8ED5B5EAAF88-LeaderElection55] INFO  server.RaftServerConfigKeys (ConfUtils.java:logGet(43)) - raft.server.log.appender.snapshot.chunk.size.max = 16MB (=16777216) (default)
2019-09-30 20:12:22,282 [fdb07fac-a038-4dd2-bf3a-e692e6ea73ee@group-8ED5B5EAAF88-LeaderElection55] INFO  server.RaftServerConfigKeys (ConfUtils.java:logGet(43)) - raft.server.log.appender.buffer.byte-limit = 33554432 (custom)
2019-09-30 20:12:22,282 [fdb07fac-a038-4dd2-bf3a-e692e6ea73ee@group-8ED5B5EAAF88-LeaderElection55] INFO  server.RaftServerConfigKeys (ConfUtils.java:logGet(43)) - raft.server.log.appender.buffer.element-limit = 1 (custom)
2019-09-30 20:12:22,282 [fdb07fac-a038-4dd2-bf3a-e692e6ea73ee@group-8ED5B5EAAF88-LeaderElection55] INFO  grpc.GrpcConfigKeys$Server (ConfUtils.java:logGet(43)) - raft.grpc.server.leader.outstanding.appends.max = 128 (default)
2019-09-30 20:12:22,282 [fdb07fac-a038-4dd2-bf3a-e692e6ea73ee@group-8ED5B5EAAF88-LeaderElection55] INFO  server.RaftServerConfigKeys (ConfUtils.java:logGet(43)) - raft.server.rpc.request.timeout = 3000ms (default)
2019-09-30 20:12:22,282 [fdb07fac-a038-4dd2-bf3a-e692e6ea73ee@group-8ED5B5EAAF88-LeaderElection55] INFO  server.RaftServerConfigKeys (ConfUtils.java:logGet(43)) - raft.server.log.appender.install.snapshot.enabled = false (custom)
2019-09-30 20:12:22,282 [fdb07fac-a038-4dd2-bf3a-e692e6ea73ee@group-8ED5B5EAAF88-LeaderElection55] INFO  server.RaftServerConfigKeys (ConfUtils.java:logGet(43)) - raft.server.log.appender.snapshot.chunk.size.max = 16MB (=16777216) (default)
2019-09-30 20:12:22,283 [fdb07fac-a038-4dd2-bf3a-e692e6ea73ee@group-8ED5B5EAAF88-LeaderElection55] INFO  server.RaftServerConfigKeys (ConfUtils.java:logGet(43)) - raft.server.log.appender.buffer.byte-limit = 33554432 (custom)
2019-09-30 20:12:22,283 [fdb07fac-a038-4dd2-bf3a-e692e6ea73ee@group-8ED5B5EAAF88-LeaderElection55] INFO  server.RaftServerConfigKeys (ConfUtils.java:logGet(43)) - raft.server.log.appender.buffer.element-limit = 1 (custom)
2019-09-30 20:12:22,283 [fdb07fac-a038-4dd2-bf3a-e692e6ea73ee@group-8ED5B5EAAF88-LeaderElection55] INFO  grpc.GrpcConfigKeys$Server (ConfUtils.java:logGet(43)) - raft.grpc.server.leader.outstanding.appends.max = 128 (default)
2019-09-30 20:12:22,283 [fdb07fac-a038-4dd2-bf3a-e692e6ea73ee@group-8ED5B5EAAF88-LeaderElection55] INFO  server.RaftServerConfigKeys (ConfUtils.java:logGet(43)) - raft.server.rpc.request.timeout = 3000ms (default)
2019-09-30 20:12:22,283 [fdb07fac-a038-4dd2-bf3a-e692e6ea73ee@group-8ED5B5EAAF88-LeaderElection55] INFO  server.RaftServerConfigKeys (ConfUtils.java:logGet(43)) - raft.server.log.appender.install.snapshot.enabled = false (custom)
2019-09-30 20:12:22,283 [fdb07fac-a038-4dd2-bf3a-e692e6ea73ee@group-8ED5B5EAAF88-LeaderElection55] INFO  impl.RoleInfo (RoleInfo.java:updateAndGet(143)) - fdb07fac-a038-4dd2-bf3a-e692e6ea73ee: start LeaderState
2019-09-30 20:12:22,283 [fdb07fac-a038-4dd2-bf3a-e692e6ea73ee@group-8ED5B5EAAF88-LeaderElection55] INFO  segmented.SegmentedRaftLogWorker (SegmentedRaftLogWorker.java:startLogSegment(385)) - fdb07fac-a038-4dd2-bf3a-e692e6ea73ee@group-8ED5B5EAAF88-SegmentedRaftLogWorker: Starting segment from index:0
2019-09-30 20:12:22,284 [fdb07fac-a038-4dd2-bf3a-e692e6ea73ee@group-8ED5B5EAAF88-LeaderElection55] INFO  impl.RaftServerImpl (ServerState.java:setRaftConf(356)) - fdb07fac-a038-4dd2-bf3a-e692e6ea73ee@group-8ED5B5EAAF88: set configuration 0: [0c62d7ee-acdc-4014-b8e4-a22ebcbdb566:192.168.164.209:33252, fdb07fac-a038-4dd2-bf3a-e692e6ea73ee:192.168.164.209:46474, e3cd7ddd-71e6-4087-b78a-a2f343ce8905:192.168.164.209:46607], old=null at 0
2019-09-30 20:12:22,310 [grpc-default-executor-0] INFO  impl.RaftServerImpl (ServerState.java:setLeader(255)) - 0c62d7ee-acdc-4014-b8e4-a22ebcbdb566@group-8ED5B5EAAF88: change Leader from null to fdb07fac-a038-4dd2-bf3a-e692e6ea73ee at term 1 for appendEntries, leader elected after 5152ms
2019-09-30 20:12:22,312 [grpc-default-executor-3] INFO  impl.RaftServerImpl (ServerState.java:setLeader(255)) - e3cd7ddd-71e6-4087-b78a-a2f343ce8905@group-8ED5B5EAAF88: change Leader from null to fdb07fac-a038-4dd2-bf3a-e692e6ea73ee at term 1 for appendEntries, leader elected after 5154ms
2019-09-30 20:12:22,318 [grpc-default-executor-3] INFO  impl.RaftServerImpl (ServerState.java:setRaftConf(356)) - e3cd7ddd-71e6-4087-b78a-a2f343ce8905@group-8ED5B5EAAF88: set configuration 0: [0c62d7ee-acdc-4014-b8e4-a22ebcbdb566:192.168.164.209:33252, fdb07fac-a038-4dd2-bf3a-e692e6ea73ee:192.168.164.209:46474, e3cd7ddd-71e6-4087-b78a-a2f343ce8905:192.168.164.209:46607], old=null at 0
2019-09-30 20:12:22,319 [grpc-default-executor-3] INFO  segmented.SegmentedRaftLogWorker (SegmentedRaftLogWorker.java:startLogSegment(385)) - e3cd7ddd-71e6-4087-b78a-a2f343ce8905@group-8ED5B5EAAF88-SegmentedRaftLogWorker: Starting segment from index:0
2019-09-30 20:12:22,319 [grpc-default-executor-0] INFO  impl.RaftServerImpl (ServerState.java:setRaftConf(356)) - 0c62d7ee-acdc-4014-b8e4-a22ebcbdb566@group-8ED5B5EAAF88: set configuration 0: [0c62d7ee-acdc-4014-b8e4-a22ebcbdb566:192.168.164.209:33252, fdb07fac-a038-4dd2-bf3a-e692e6ea73ee:192.168.164.209:46474, e3cd7ddd-71e6-4087-b78a-a2f343ce8905:192.168.164.209:46607], old=null at 0
2019-09-30 20:12:22,319 [grpc-default-executor-0] INFO  segmented.SegmentedRaftLogWorker (SegmentedRaftLogWorker.java:startLogSegment(385)) - 0c62d7ee-acdc-4014-b8e4-a22ebcbdb566@group-8ED5B5EAAF88-SegmentedRaftLogWorker: Starting segment from index:0
2019-09-30 20:12:22,321 [fdb07fac-a038-4dd2-bf3a-e692e6ea73ee@group-8ED5B5EAAF88-SegmentedRaftLogWorker] INFO  segmented.SegmentedRaftLogWorker (SegmentedRaftLogWorker.java:execute(574)) - fdb07fac-a038-4dd2-bf3a-e692e6ea73ee@group-8ED5B5EAAF88-SegmentedRaftLogWorker: created new log segment /workdir/hadoop-ozone/integration-test/target/test-dir/MiniOzoneClusterImpl-a7c0ca27-5db2-4eb2-a1d1-8702a6efc9d7/datanode-1/data/ratis/3d1417a6-0f48-4924-96db-8ed5b5eaaf88/current/log_inprogress_0
2019-09-30 20:12:22,379 [e3cd7ddd-71e6-4087-b78a-a2f343ce8905@group-8ED5B5EAAF88-SegmentedRaftLogWorker] INFO  segmented.SegmentedRaftLogWorker (SegmentedRaftLogWorker.java:execute(574)) - e3cd7ddd-71e6-4087-b78a-a2f343ce8905@group-8ED5B5EAAF88-SegmentedRaftLogWorker: created new log segment /workdir/hadoop-ozone/integration-test/target/test-dir/MiniOzoneClusterImpl-a7c0ca27-5db2-4eb2-a1d1-8702a6efc9d7/datanode-2/data/ratis/3d1417a6-0f48-4924-96db-8ed5b5eaaf88/current/log_inprogress_0
2019-09-30 20:12:22,379 [0c62d7ee-acdc-4014-b8e4-a22ebcbdb566@group-8ED5B5EAAF88-SegmentedRaftLogWorker] INFO  segmented.SegmentedRaftLogWorker (SegmentedRaftLogWorker.java:execute(574)) - 0c62d7ee-acdc-4014-b8e4-a22ebcbdb566@group-8ED5B5EAAF88-SegmentedRaftLogWorker: created new log segment /workdir/hadoop-ozone/integration-test/target/test-dir/MiniOzoneClusterImpl-a7c0ca27-5db2-4eb2-a1d1-8702a6efc9d7/datanode-0/data/ratis/3d1417a6-0f48-4924-96db-8ed5b5eaaf88/current/log_inprogress_0
2019-09-30 20:12:22,420 [Thread-1438] INFO  impl.FollowerState (FollowerState.java:run(108)) - 77e8dce8-34c5-4514-b718-1086f4048c03@group-6B86E4E006C6-FollowerState: change to CANDIDATE, lastRpcTime:5106ms, electionTimeout:5106ms
2019-09-30 20:12:22,420 [Thread-1438] INFO  impl.RoleInfo (RoleInfo.java:shutdownFollowerState(121)) - 77e8dce8-34c5-4514-b718-1086f4048c03: shutdown FollowerState
2019-09-30 20:12:22,420 [Thread-1438] INFO  impl.RaftServerImpl (RaftServerImpl.java:setRole(170)) - 77e8dce8-34c5-4514-b718-1086f4048c03@group-6B86E4E006C6: changes role from  FOLLOWER to CANDIDATE at term 0 for changeToCandidate
2019-09-30 20:12:22,420 [Thread-1438] INFO  impl.RoleInfo (RoleInfo.java:updateAndGet(143)) - 77e8dce8-34c5-4514-b718-1086f4048c03: start LeaderElection
2019-09-30 20:12:22,441 [77e8dce8-34c5-4514-b718-1086f4048c03@group-6B86E4E006C6-LeaderElection56] INFO  impl.LeaderElection (LeaderElection.java:askForVotes(178)) - 77e8dce8-34c5-4514-b718-1086f4048c03@group-6B86E4E006C6-LeaderElection56: begin an election at term 1 for -1: [77e8dce8-34c5-4514-b718-1086f4048c03:192.168.164.209:44775], old=null
2019-09-30 20:12:22,442 [77e8dce8-34c5-4514-b718-1086f4048c03@group-6B86E4E006C6-LeaderElection56] INFO  impl.RoleInfo (RoleInfo.java:shutdownLeaderElection(134)) - 77e8dce8-34c5-4514-b718-1086f4048c03: shutdown LeaderElection
2019-09-30 20:12:22,442 [77e8dce8-34c5-4514-b718-1086f4048c03@group-6B86E4E006C6-LeaderElection56] INFO  impl.RaftServerImpl (RaftServerImpl.java:setRole(170)) - 77e8dce8-34c5-4514-b718-1086f4048c03@group-6B86E4E006C6: changes role from CANDIDATE to LEADER at term 1 for changeToLeader
2019-09-30 20:12:22,442 [77e8dce8-34c5-4514-b718-1086f4048c03@group-6B86E4E006C6-LeaderElection56] INFO  impl.RaftServerImpl (ServerState.java:setLeader(255)) - 77e8dce8-34c5-4514-b718-1086f4048c03@group-6B86E4E006C6: change Leader from null to 77e8dce8-34c5-4514-b718-1086f4048c03 at term 1 for becomeLeader, leader elected after 5135ms
2019-09-30 20:12:22,442 [77e8dce8-34c5-4514-b718-1086f4048c03@group-6B86E4E006C6-LeaderElection56] INFO  server.RaftServerConfigKeys (ConfUtils.java:logGet(43)) - raft.server.staging.catchup.gap = 1000 (default)
2019-09-30 20:12:22,442 [77e8dce8-34c5-4514-b718-1086f4048c03@group-6B86E4E006C6-LeaderElection56] INFO  server.RaftServerConfigKeys (ConfUtils.java:logGet(43)) - raft.server.rpc.sleep.time = 25ms (default)
2019-09-30 20:12:22,442 [77e8dce8-34c5-4514-b718-1086f4048c03@group-6B86E4E006C6-LeaderElection56] INFO  server.RaftServerConfigKeys (ConfUtils.java:logGet(43)) - raft.server.write.element-limit = 4096 (default)
2019-09-30 20:12:22,443 [77e8dce8-34c5-4514-b718-1086f4048c03@group-6B86E4E006C6-LeaderElection56] INFO  server.RaftServerConfigKeys (ConfUtils.java:logGet(43)) - raft.server.watch.timeout = 10s (default)
2019-09-30 20:12:22,443 [77e8dce8-34c5-4514-b718-1086f4048c03@group-6B86E4E006C6-LeaderElection56] INFO  server.RaftServerConfigKeys (ConfUtils.java:logGet(43)) - raft.server.watch.timeout.denomination = 1s (default)
2019-09-30 20:12:22,443 [77e8dce8-34c5-4514-b718-1086f4048c03@group-6B86E4E006C6-LeaderElection56] INFO  server.RaftServerConfigKeys (ConfUtils.java:logGet(43)) - raft.server.watch.element-limit = 65536 (default)
2019-09-30 20:12:22,445 [77e8dce8-34c5-4514-b718-1086f4048c03@group-6B86E4E006C6-LeaderElection56] INFO  impl.RoleInfo (RoleInfo.java:updateAndGet(143)) - 77e8dce8-34c5-4514-b718-1086f4048c03: start LeaderState
2019-09-30 20:12:22,445 [77e8dce8-34c5-4514-b718-1086f4048c03@group-6B86E4E006C6-LeaderElection56] INFO  segmented.SegmentedRaftLogWorker (SegmentedRaftLogWorker.java:startLogSegment(385)) - 77e8dce8-34c5-4514-b718-1086f4048c03@group-6B86E4E006C6-SegmentedRaftLogWorker: Starting segment from index:0
2019-09-30 20:12:22,446 [77e8dce8-34c5-4514-b718-1086f4048c03@group-6B86E4E006C6-LeaderElection56] INFO  impl.RaftServerImpl (ServerState.java:setRaftConf(356)) - 77e8dce8-34c5-4514-b718-1086f4048c03@group-6B86E4E006C6: set configuration 0: [77e8dce8-34c5-4514-b718-1086f4048c03:192.168.164.209:44775], old=null at 0
2019-09-30 20:12:22,484 [Thread-1441] INFO  impl.FollowerState (FollowerState.java:run(108)) - 169a5466-74f6-4a7b-bb59-928f36a1b3dd@group-4740A2A825D9-FollowerState: change to CANDIDATE, lastRpcTime:5123ms, electionTimeout:5123ms
2019-09-30 20:12:22,485 [Thread-1441] INFO  impl.RoleInfo (RoleInfo.java:shutdownFollowerState(121)) - 169a5466-74f6-4a7b-bb59-928f36a1b3dd: shutdown FollowerState
2019-09-30 20:12:22,485 [Thread-1441] INFO  impl.RaftServerImpl (RaftServerImpl.java:setRole(170)) - 169a5466-74f6-4a7b-bb59-928f36a1b3dd@group-4740A2A825D9: changes role from  FOLLOWER to CANDIDATE at term 0 for changeToCandidate
2019-09-30 20:12:22,485 [Thread-1441] INFO  impl.RoleInfo (RoleInfo.java:updateAndGet(143)) - 169a5466-74f6-4a7b-bb59-928f36a1b3dd: start LeaderElection
2019-09-30 20:12:22,490 [77e8dce8-34c5-4514-b718-1086f4048c03@group-6B86E4E006C6-SegmentedRaftLogWorker] INFO  segmented.SegmentedRaftLogWorker (SegmentedRaftLogWorker.java:execute(574)) - 77e8dce8-34c5-4514-b718-1086f4048c03@group-6B86E4E006C6-SegmentedRaftLogWorker: created new log segment /workdir/hadoop-ozone/integration-test/target/test-dir/MiniOzoneClusterImpl-a7c0ca27-5db2-4eb2-a1d1-8702a6efc9d7/datanode-5/data/ratis/dffe2949-da1e-4ee1-ac2d-6b86e4e006c6/current/log_inprogress_0
2019-09-30 20:12:22,506 [169a5466-74f6-4a7b-bb59-928f36a1b3dd@group-4740A2A825D9-LeaderElection57] INFO  impl.LeaderElection (LeaderElection.java:askForVotes(178)) - 169a5466-74f6-4a7b-bb59-928f36a1b3dd@group-4740A2A825D9-LeaderElection57: begin an election at term 1 for -1: [169a5466-74f6-4a7b-bb59-928f36a1b3dd:192.168.164.209:35090], old=null
2019-09-30 20:12:22,507 [169a5466-74f6-4a7b-bb59-928f36a1b3dd@group-4740A2A825D9-LeaderElection57] INFO  impl.RoleInfo (RoleInfo.java:shutdownLeaderElection(134)) - 169a5466-74f6-4a7b-bb59-928f36a1b3dd: shutdown LeaderElection
2019-09-30 20:12:22,507 [169a5466-74f6-4a7b-bb59-928f36a1b3dd@group-4740A2A825D9-LeaderElection57] INFO  impl.RaftServerImpl (RaftServerImpl.java:setRole(170)) - 169a5466-74f6-4a7b-bb59-928f36a1b3dd@group-4740A2A825D9: changes role from CANDIDATE to LEADER at term 1 for changeToLeader
2019-09-30 20:12:22,507 [169a5466-74f6-4a7b-bb59-928f36a1b3dd@group-4740A2A825D9-LeaderElection57] INFO  impl.RaftServerImpl (ServerState.java:setLeader(255)) - 169a5466-74f6-4a7b-bb59-928f36a1b3dd@group-4740A2A825D9: change Leader from null to 169a5466-74f6-4a7b-bb59-928f36a1b3dd at term 1 for becomeLeader, leader elected after 5151ms
2019-09-30 20:12:22,507 [169a5466-74f6-4a7b-bb59-928f36a1b3dd@group-4740A2A825D9-LeaderElection57] INFO  server.RaftServerConfigKeys (ConfUtils.java:logGet(43)) - raft.server.staging.catchup.gap = 1000 (default)
2019-09-30 20:12:22,507 [169a5466-74f6-4a7b-bb59-928f36a1b3dd@group-4740A2A825D9-LeaderElection57] INFO  server.RaftServerConfigKeys (ConfUtils.java:logGet(43)) - raft.server.rpc.sleep.time = 25ms (default)
2019-09-30 20:12:22,507 [169a5466-74f6-4a7b-bb59-928f36a1b3dd@group-4740A2A825D9-LeaderElection57] INFO  server.RaftServerConfigKeys (ConfUtils.java:logGet(43)) - raft.server.write.element-limit = 4096 (default)
2019-09-30 20:12:22,507 [169a5466-74f6-4a7b-bb59-928f36a1b3dd@group-4740A2A825D9-LeaderElection57] INFO  server.RaftServerConfigKeys (ConfUtils.java:logGet(43)) - raft.server.watch.timeout = 10s (default)
2019-09-30 20:12:22,508 [169a5466-74f6-4a7b-bb59-928f36a1b3dd@group-4740A2A825D9-LeaderElection57] INFO  server.RaftServerConfigKeys (ConfUtils.java:logGet(43)) - raft.server.watch.timeout.denomination = 1s (default)
2019-09-30 20:12:22,508 [169a5466-74f6-4a7b-bb59-928f36a1b3dd@group-4740A2A825D9-LeaderElection57] INFO  server.RaftServerConfigKeys (ConfUtils.java:logGet(43)) - raft.server.watch.element-limit = 65536 (default)
2019-09-30 20:12:22,510 [169a5466-74f6-4a7b-bb59-928f36a1b3dd@group-4740A2A825D9-LeaderElection57] INFO  impl.RoleInfo (RoleInfo.java:updateAndGet(143)) - 169a5466-74f6-4a7b-bb59-928f36a1b3dd: start LeaderState
2019-09-30 20:12:22,510 [169a5466-74f6-4a7b-bb59-928f36a1b3dd@group-4740A2A825D9-LeaderElection57] INFO  segmented.SegmentedRaftLogWorker (SegmentedRaftLogWorker.java:startLogSegment(385)) - 169a5466-74f6-4a7b-bb59-928f36a1b3dd@group-4740A2A825D9-SegmentedRaftLogWorker: Starting segment from index:0
2019-09-30 20:12:22,511 [169a5466-74f6-4a7b-bb59-928f36a1b3dd@group-4740A2A825D9-LeaderElection57] INFO  impl.RaftServerImpl (ServerState.java:setRaftConf(356)) - 169a5466-74f6-4a7b-bb59-928f36a1b3dd@group-4740A2A825D9: set configuration 0: [169a5466-74f6-4a7b-bb59-928f36a1b3dd:192.168.164.209:35090], old=null at 0
2019-09-30 20:12:22,531 [Thread-1444] INFO  impl.FollowerState (FollowerState.java:run(108)) - 144de121-9969-41dd-aaa6-7e78c8968fd9@group-E557E2D2C4FC-FollowerState: change to CANDIDATE, lastRpcTime:5108ms, electionTimeout:5108ms
2019-09-30 20:12:22,531 [Thread-1444] INFO  impl.RoleInfo (RoleInfo.java:shutdownFollowerState(121)) - 144de121-9969-41dd-aaa6-7e78c8968fd9: shutdown FollowerState
2019-09-30 20:12:22,531 [Thread-1444] INFO  impl.RaftServerImpl (RaftServerImpl.java:setRole(170)) - 144de121-9969-41dd-aaa6-7e78c8968fd9@group-E557E2D2C4FC: changes role from  FOLLOWER to CANDIDATE at term 0 for changeToCandidate
2019-09-30 20:12:22,531 [Thread-1444] INFO  impl.RoleInfo (RoleInfo.java:updateAndGet(143)) - 144de121-9969-41dd-aaa6-7e78c8968fd9: start LeaderElection
2019-09-30 20:12:22,552 [169a5466-74f6-4a7b-bb59-928f36a1b3dd@group-4740A2A825D9-SegmentedRaftLogWorker] INFO  segmented.SegmentedRaftLogWorker (SegmentedRaftLogWorker.java:execute(574)) - 169a5466-74f6-4a7b-bb59-928f36a1b3dd@group-4740A2A825D9-SegmentedRaftLogWorker: created new log segment /workdir/hadoop-ozone/integration-test/target/test-dir/MiniOzoneClusterImpl-a7c0ca27-5db2-4eb2-a1d1-8702a6efc9d7/datanode-4/data/ratis/07de8943-d5bc-47d9-9f6b-4740a2a825d9/current/log_inprogress_0
2019-09-30 20:12:22,555 [144de121-9969-41dd-aaa6-7e78c8968fd9@group-E557E2D2C4FC-LeaderElection58] INFO  impl.LeaderElection (LeaderElection.java:askForVotes(178)) - 144de121-9969-41dd-aaa6-7e78c8968fd9@group-E557E2D2C4FC-LeaderElection58: begin an election at term 1 for -1: [144de121-9969-41dd-aaa6-7e78c8968fd9:192.168.164.209:42849], old=null
2019-09-30 20:12:22,555 [144de121-9969-41dd-aaa6-7e78c8968fd9@group-E557E2D2C4FC-LeaderElection58] INFO  impl.RoleInfo (RoleInfo.java:shutdownLeaderElection(134)) - 144de121-9969-41dd-aaa6-7e78c8968fd9: shutdown LeaderElection
2019-09-30 20:12:22,555 [144de121-9969-41dd-aaa6-7e78c8968fd9@group-E557E2D2C4FC-LeaderElection58] INFO  impl.RaftServerImpl (RaftServerImpl.java:setRole(170)) - 144de121-9969-41dd-aaa6-7e78c8968fd9@group-E557E2D2C4FC: changes role from CANDIDATE to LEADER at term 1 for changeToLeader
2019-09-30 20:12:22,565 [144de121-9969-41dd-aaa6-7e78c8968fd9@group-E557E2D2C4FC-LeaderElection58] INFO  impl.RaftServerImpl (ServerState.java:setLeader(255)) - 144de121-9969-41dd-aaa6-7e78c8968fd9@group-E557E2D2C4FC: change Leader from null to 144de121-9969-41dd-aaa6-7e78c8968fd9 at term 1 for becomeLeader, leader elected after 5152ms
2019-09-30 20:12:22,565 [144de121-9969-41dd-aaa6-7e78c8968fd9@group-E557E2D2C4FC-LeaderElection58] INFO  server.RaftServerConfigKeys (ConfUtils.java:logGet(43)) - raft.server.staging.catchup.gap = 1000 (default)
2019-09-30 20:12:22,565 [144de121-9969-41dd-aaa6-7e78c8968fd9@group-E557E2D2C4FC-LeaderElection58] INFO  server.RaftServerConfigKeys (ConfUtils.java:logGet(43)) - raft.server.rpc.sleep.time = 25ms (default)
2019-09-30 20:12:22,566 [144de121-9969-41dd-aaa6-7e78c8968fd9@group-E557E2D2C4FC-LeaderElection58] INFO  server.RaftServerConfigKeys (ConfUtils.java:logGet(43)) - raft.server.write.element-limit = 4096 (default)
2019-09-30 20:12:22,568 [144de121-9969-41dd-aaa6-7e78c8968fd9@group-E557E2D2C4FC-LeaderElection58] INFO  server.RaftServerConfigKeys (ConfUtils.java:logGet(43)) - raft.server.watch.timeout = 10s (default)
2019-09-30 20:12:22,571 [144de121-9969-41dd-aaa6-7e78c8968fd9@group-E557E2D2C4FC-LeaderElection58] INFO  server.RaftServerConfigKeys (ConfUtils.java:logGet(43)) - raft.server.watch.timeout.denomination = 1s (default)
2019-09-30 20:12:22,574 [144de121-9969-41dd-aaa6-7e78c8968fd9@group-E557E2D2C4FC-LeaderElection58] INFO  server.RaftServerConfigKeys (ConfUtils.java:logGet(43)) - raft.server.watch.element-limit = 65536 (default)
2019-09-30 20:12:22,576 [144de121-9969-41dd-aaa6-7e78c8968fd9@group-E557E2D2C4FC-LeaderElection58] INFO  impl.RoleInfo (RoleInfo.java:updateAndGet(143)) - 144de121-9969-41dd-aaa6-7e78c8968fd9: start LeaderState
2019-09-30 20:12:22,583 [Thread-1450] INFO  impl.FollowerState (FollowerState.java:run(108)) - 169a5466-74f6-4a7b-bb59-928f36a1b3dd@group-466E1B574E93-FollowerState: change to CANDIDATE, lastRpcTime:5055ms, electionTimeout:5049ms
2019-09-30 20:12:22,583 [Thread-1453] INFO  impl.FollowerState (FollowerState.java:run(108)) - 144de121-9969-41dd-aaa6-7e78c8968fd9@group-466E1B574E93-FollowerState: change to CANDIDATE, lastRpcTime:5051ms, electionTimeout:5044ms
2019-09-30 20:12:22,584 [Thread-1450] INFO  impl.RoleInfo (RoleInfo.java:shutdownFollowerState(121)) - 169a5466-74f6-4a7b-bb59-928f36a1b3dd: shutdown FollowerState
2019-09-30 20:12:22,584 [144de121-9969-41dd-aaa6-7e78c8968fd9@group-E557E2D2C4FC-LeaderElection58] INFO  segmented.SegmentedRaftLogWorker (SegmentedRaftLogWorker.java:startLogSegment(385)) - 144de121-9969-41dd-aaa6-7e78c8968fd9@group-E557E2D2C4FC-SegmentedRaftLogWorker: Starting segment from index:0
2019-09-30 20:12:22,584 [Thread-1453] INFO  impl.RoleInfo (RoleInfo.java:shutdownFollowerState(121)) - 144de121-9969-41dd-aaa6-7e78c8968fd9: shutdown FollowerState
2019-09-30 20:12:22,584 [Thread-1450] INFO  impl.RaftServerImpl (RaftServerImpl.java:setRole(170)) - 169a5466-74f6-4a7b-bb59-928f36a1b3dd@group-466E1B574E93: changes role from  FOLLOWER to CANDIDATE at term 0 for changeToCandidate
2019-09-30 20:12:22,584 [Thread-1453] INFO  impl.RaftServerImpl (RaftServerImpl.java:setRole(170)) - 144de121-9969-41dd-aaa6-7e78c8968fd9@group-466E1B574E93: changes role from  FOLLOWER to CANDIDATE at term 0 for changeToCandidate
2019-09-30 20:12:22,584 [Thread-1450] INFO  impl.RoleInfo (RoleInfo.java:updateAndGet(143)) - 169a5466-74f6-4a7b-bb59-928f36a1b3dd: start LeaderElection
2019-09-30 20:12:22,584 [Thread-1453] INFO  impl.RoleInfo (RoleInfo.java:updateAndGet(143)) - 144de121-9969-41dd-aaa6-7e78c8968fd9: start LeaderElection
2019-09-30 20:12:22,596 [144de121-9969-41dd-aaa6-7e78c8968fd9@group-E557E2D2C4FC-LeaderElection58] INFO  impl.RaftServerImpl (ServerState.java:setRaftConf(356)) - 144de121-9969-41dd-aaa6-7e78c8968fd9@group-E557E2D2C4FC: set configuration 0: [144de121-9969-41dd-aaa6-7e78c8968fd9:192.168.164.209:42849], old=null at 0
2019-09-30 20:12:22,596 [Thread-1455] INFO  impl.FollowerState (FollowerState.java:run(108)) - 77e8dce8-34c5-4514-b718-1086f4048c03@group-466E1B574E93-FollowerState: change to CANDIDATE, lastRpcTime:5059ms, electionTimeout:5059ms
2019-09-30 20:12:22,597 [Thread-1455] INFO  impl.RoleInfo (RoleInfo.java:shutdownFollowerState(121)) - 77e8dce8-34c5-4514-b718-1086f4048c03: shutdown FollowerState
2019-09-30 20:12:22,597 [Thread-1455] INFO  impl.RaftServerImpl (RaftServerImpl.java:setRole(170)) - 77e8dce8-34c5-4514-b718-1086f4048c03@group-466E1B574E93: changes role from  FOLLOWER to CANDIDATE at term 0 for changeToCandidate
2019-09-30 20:12:22,597 [Thread-1455] INFO  impl.RoleInfo (RoleInfo.java:updateAndGet(143)) - 77e8dce8-34c5-4514-b718-1086f4048c03: start LeaderElection
2019-09-30 20:12:22,633 [144de121-9969-41dd-aaa6-7e78c8968fd9@group-466E1B574E93-LeaderElection60] INFO  impl.LeaderElection (LeaderElection.java:askForVotes(178)) - 144de121-9969-41dd-aaa6-7e78c8968fd9@group-466E1B574E93-LeaderElection60: begin an election at term 1 for -1: [169a5466-74f6-4a7b-bb59-928f36a1b3dd:192.168.164.209:35090, 144de121-9969-41dd-aaa6-7e78c8968fd9:192.168.164.209:42849, 77e8dce8-34c5-4514-b718-1086f4048c03:192.168.164.209:44775], old=null
2019-09-30 20:12:22,633 [169a5466-74f6-4a7b-bb59-928f36a1b3dd@group-466E1B574E93-LeaderElection59] INFO  impl.LeaderElection (LeaderElection.java:askForVotes(178)) - 169a5466-74f6-4a7b-bb59-928f36a1b3dd@group-466E1B574E93-LeaderElection59: begin an election at term 1 for -1: [169a5466-74f6-4a7b-bb59-928f36a1b3dd:192.168.164.209:35090, 144de121-9969-41dd-aaa6-7e78c8968fd9:192.168.164.209:42849, 77e8dce8-34c5-4514-b718-1086f4048c03:192.168.164.209:44775], old=null
2019-09-30 20:12:22,645 [144de121-9969-41dd-aaa6-7e78c8968fd9@group-E557E2D2C4FC-SegmentedRaftLogWorker] INFO  segmented.SegmentedRaftLogWorker (SegmentedRaftLogWorker.java:execute(574)) - 144de121-9969-41dd-aaa6-7e78c8968fd9@group-E557E2D2C4FC-SegmentedRaftLogWorker: created new log segment /workdir/hadoop-ozone/integration-test/target/test-dir/MiniOzoneClusterImpl-a7c0ca27-5db2-4eb2-a1d1-8702a6efc9d7/datanode-6/data/ratis/5f84e76e-d45c-4f70-96bb-e557e2d2c4fc/current/log_inprogress_0
2019-09-30 20:12:22,645 [77e8dce8-34c5-4514-b718-1086f4048c03@group-466E1B574E93-LeaderElection61] INFO  impl.LeaderElection (LeaderElection.java:askForVotes(178)) - 77e8dce8-34c5-4514-b718-1086f4048c03@group-466E1B574E93-LeaderElection61: begin an election at term 1 for -1: [169a5466-74f6-4a7b-bb59-928f36a1b3dd:192.168.164.209:35090, 144de121-9969-41dd-aaa6-7e78c8968fd9:192.168.164.209:42849, 77e8dce8-34c5-4514-b718-1086f4048c03:192.168.164.209:44775], old=null
2019-09-30 20:12:22,659 [Thread-1447] INFO  impl.FollowerState (FollowerState.java:run(108)) - 1e0e99e3-f8aa-460d-a71d-241f9bf6c600@group-20C873992190-FollowerState: change to CANDIDATE, lastRpcTime:5192ms, electionTimeout:5192ms
2019-09-30 20:12:22,659 [Thread-1447] INFO  impl.RoleInfo (RoleInfo.java:shutdownFollowerState(121)) - 1e0e99e3-f8aa-460d-a71d-241f9bf6c600: shutdown FollowerState
2019-09-30 20:12:22,659 [Thread-1447] INFO  impl.RaftServerImpl (RaftServerImpl.java:setRole(170)) - 1e0e99e3-f8aa-460d-a71d-241f9bf6c600@group-20C873992190: changes role from  FOLLOWER to CANDIDATE at term 0 for changeToCandidate
2019-09-30 20:12:22,659 [144de121-9969-41dd-aaa6-7e78c8968fd9@group-466E1B574E93-LeaderElection60] INFO  impl.LeaderElection (LeaderElection.java:logAndReturn(56)) - 144de121-9969-41dd-aaa6-7e78c8968fd9@group-466E1B574E93-LeaderElection60: Election REJECTED; received 2 response(s) [144de121-9969-41dd-aaa6-7e78c8968fd9<-169a5466-74f6-4a7b-bb59-928f36a1b3dd#0:FAIL-t1, 144de121-9969-41dd-aaa6-7e78c8968fd9<-77e8dce8-34c5-4514-b718-1086f4048c03#0:FAIL-t1] and 0 exception(s); 144de121-9969-41dd-aaa6-7e78c8968fd9@group-466E1B574E93:t1, leader=null, voted=144de121-9969-41dd-aaa6-7e78c8968fd9, raftlog=144de121-9969-41dd-aaa6-7e78c8968fd9@group-466E1B574E93-SegmentedRaftLog:OPENED:c-1,f-1,i0, conf=-1: [169a5466-74f6-4a7b-bb59-928f36a1b3dd:192.168.164.209:35090, 144de121-9969-41dd-aaa6-7e78c8968fd9:192.168.164.209:42849, 77e8dce8-34c5-4514-b718-1086f4048c03:192.168.164.209:44775], old=null
2019-09-30 20:12:22,659 [Thread-1447] INFO  impl.RoleInfo (RoleInfo.java:updateAndGet(143)) - 1e0e99e3-f8aa-460d-a71d-241f9bf6c600: start LeaderElection
2019-09-30 20:12:22,663 [144de121-9969-41dd-aaa6-7e78c8968fd9@group-466E1B574E93-LeaderElection60] INFO  impl.RaftServerImpl (RaftServerImpl.java:setRole(170)) - 144de121-9969-41dd-aaa6-7e78c8968fd9@group-466E1B574E93: changes role from CANDIDATE to FOLLOWER at term 1 for DISCOVERED_A_NEW_TERM
2019-09-30 20:12:22,666 [144de121-9969-41dd-aaa6-7e78c8968fd9@group-466E1B574E93-LeaderElection60] INFO  impl.RoleInfo (RoleInfo.java:shutdownLeaderElection(134)) - 144de121-9969-41dd-aaa6-7e78c8968fd9: shutdown LeaderElection
2019-09-30 20:12:22,671 [169a5466-74f6-4a7b-bb59-928f36a1b3dd@group-466E1B574E93-LeaderElection59] INFO  impl.LeaderElection (LeaderElection.java:logAndReturn(56)) - 169a5466-74f6-4a7b-bb59-928f36a1b3dd@group-466E1B574E93-LeaderElection59: Election REJECTED; received 2 response(s) [169a5466-74f6-4a7b-bb59-928f36a1b3dd<-144de121-9969-41dd-aaa6-7e78c8968fd9#0:FAIL-t1, 169a5466-74f6-4a7b-bb59-928f36a1b3dd<-77e8dce8-34c5-4514-b718-1086f4048c03#0:FAIL-t1] and 0 exception(s); 169a5466-74f6-4a7b-bb59-928f36a1b3dd@group-466E1B574E93:t1, leader=null, voted=169a5466-74f6-4a7b-bb59-928f36a1b3dd, raftlog=169a5466-74f6-4a7b-bb59-928f36a1b3dd@group-466E1B574E93-SegmentedRaftLog:OPENED:c-1,f-1,i0, conf=-1: [169a5466-74f6-4a7b-bb59-928f36a1b3dd:192.168.164.209:35090, 144de121-9969-41dd-aaa6-7e78c8968fd9:192.168.164.209:42849, 77e8dce8-34c5-4514-b718-1086f4048c03:192.168.164.209:44775], old=null
2019-09-30 20:12:22,671 [144de121-9969-41dd-aaa6-7e78c8968fd9@group-466E1B574E93-LeaderElection60] INFO  impl.RoleInfo (RoleInfo.java:updateAndGet(143)) - 144de121-9969-41dd-aaa6-7e78c8968fd9: start FollowerState
2019-09-30 20:12:22,672 [169a5466-74f6-4a7b-bb59-928f36a1b3dd@group-466E1B574E93-LeaderElection59] INFO  impl.RaftServerImpl (RaftServerImpl.java:setRole(170)) - 169a5466-74f6-4a7b-bb59-928f36a1b3dd@group-466E1B574E93: changes role from CANDIDATE to FOLLOWER at term 1 for DISCOVERED_A_NEW_TERM
2019-09-30 20:12:22,681 [169a5466-74f6-4a7b-bb59-928f36a1b3dd@group-466E1B574E93-LeaderElection59] INFO  impl.RoleInfo (RoleInfo.java:shutdownLeaderElection(134)) - 169a5466-74f6-4a7b-bb59-928f36a1b3dd: shutdown LeaderElection
2019-09-30 20:12:22,681 [169a5466-74f6-4a7b-bb59-928f36a1b3dd@group-466E1B574E93-LeaderElection59] INFO  impl.RoleInfo (RoleInfo.java:updateAndGet(143)) - 169a5466-74f6-4a7b-bb59-928f36a1b3dd: start FollowerState
2019-09-30 20:12:22,685 [77e8dce8-34c5-4514-b718-1086f4048c03@group-466E1B574E93-LeaderElection61] INFO  impl.LeaderElection (LeaderElection.java:logAndReturn(56)) - 77e8dce8-34c5-4514-b718-1086f4048c03@group-466E1B574E93-LeaderElection61: Election REJECTED; received 2 response(s) [77e8dce8-34c5-4514-b718-1086f4048c03<-169a5466-74f6-4a7b-bb59-928f36a1b3dd#0:FAIL-t1, 77e8dce8-34c5-4514-b718-1086f4048c03<-144de121-9969-41dd-aaa6-7e78c8968fd9#0:FAIL-t1] and 0 exception(s); 77e8dce8-34c5-4514-b718-1086f4048c03@group-466E1B574E93:t1, leader=null, voted=77e8dce8-34c5-4514-b718-1086f4048c03, raftlog=77e8dce8-34c5-4514-b718-1086f4048c03@group-466E1B574E93-SegmentedRaftLog:OPENED:c-1,f-1,i0, conf=-1: [169a5466-74f6-4a7b-bb59-928f36a1b3dd:192.168.164.209:35090, 144de121-9969-41dd-aaa6-7e78c8968fd9:192.168.164.209:42849, 77e8dce8-34c5-4514-b718-1086f4048c03:192.168.164.209:44775], old=null
2019-09-30 20:12:22,687 [77e8dce8-34c5-4514-b718-1086f4048c03@group-466E1B574E93-LeaderElection61] INFO  impl.RaftServerImpl (RaftServerImpl.java:setRole(170)) - 77e8dce8-34c5-4514-b718-1086f4048c03@group-466E1B574E93: changes role from CANDIDATE to FOLLOWER at term 1 for DISCOVERED_A_NEW_TERM
2019-09-30 20:12:22,688 [77e8dce8-34c5-4514-b718-1086f4048c03@group-466E1B574E93-LeaderElection61] INFO  impl.RoleInfo (RoleInfo.java:shutdownLeaderElection(134)) - 77e8dce8-34c5-4514-b718-1086f4048c03: shutdown LeaderElection
2019-09-30 20:12:22,688 [77e8dce8-34c5-4514-b718-1086f4048c03@group-466E1B574E93-LeaderElection61] INFO  impl.RoleInfo (RoleInfo.java:updateAndGet(143)) - 77e8dce8-34c5-4514-b718-1086f4048c03: start FollowerState
2019-09-30 20:12:22,695 [1e0e99e3-f8aa-460d-a71d-241f9bf6c600@group-20C873992190-LeaderElection62] INFO  impl.LeaderElection (LeaderElection.java:askForVotes(178)) - 1e0e99e3-f8aa-460d-a71d-241f9bf6c600@group-20C873992190-LeaderElection62: begin an election at term 1 for -1: [1e0e99e3-f8aa-460d-a71d-241f9bf6c600:192.168.164.209:36293], old=null
2019-09-30 20:12:22,697 [1e0e99e3-f8aa-460d-a71d-241f9bf6c600@group-20C873992190-LeaderElection62] INFO  impl.RoleInfo (RoleInfo.java:shutdownLeaderElection(134)) - 1e0e99e3-f8aa-460d-a71d-241f9bf6c600: shutdown LeaderElection
2019-09-30 20:12:22,697 [1e0e99e3-f8aa-460d-a71d-241f9bf6c600@group-20C873992190-LeaderElection62] INFO  impl.RaftServerImpl (RaftServerImpl.java:setRole(170)) - 1e0e99e3-f8aa-460d-a71d-241f9bf6c600@group-20C873992190: changes role from CANDIDATE to LEADER at term 1 for changeToLeader
2019-09-30 20:12:22,697 [1e0e99e3-f8aa-460d-a71d-241f9bf6c600@group-20C873992190-LeaderElection62] INFO  impl.RaftServerImpl (ServerState.java:setLeader(255)) - 1e0e99e3-f8aa-460d-a71d-241f9bf6c600@group-20C873992190: change Leader from null to 1e0e99e3-f8aa-460d-a71d-241f9bf6c600 at term 1 for becomeLeader, leader elected after 5238ms
2019-09-30 20:12:22,698 [1e0e99e3-f8aa-460d-a71d-241f9bf6c600@group-20C873992190-LeaderElection62] INFO  server.RaftServerConfigKeys (ConfUtils.java:logGet(43)) - raft.server.staging.catchup.gap = 1000 (default)
2019-09-30 20:12:22,698 [1e0e99e3-f8aa-460d-a71d-241f9bf6c600@group-20C873992190-LeaderElection62] INFO  server.RaftServerConfigKeys (ConfUtils.java:logGet(43)) - raft.server.rpc.sleep.time = 25ms (default)
2019-09-30 20:12:22,698 [1e0e99e3-f8aa-460d-a71d-241f9bf6c600@group-20C873992190-LeaderElection62] INFO  server.RaftServerConfigKeys (ConfUtils.java:logGet(43)) - raft.server.write.element-limit = 4096 (default)
2019-09-30 20:12:22,698 [1e0e99e3-f8aa-460d-a71d-241f9bf6c600@group-20C873992190-LeaderElection62] INFO  server.RaftServerConfigKeys (ConfUtils.java:logGet(43)) - raft.server.watch.timeout = 10s (default)
2019-09-30 20:12:22,698 [1e0e99e3-f8aa-460d-a71d-241f9bf6c600@group-20C873992190-LeaderElection62] INFO  server.RaftServerConfigKeys (ConfUtils.java:logGet(43)) - raft.server.watch.timeout.denomination = 1s (default)
2019-09-30 20:12:22,698 [1e0e99e3-f8aa-460d-a71d-241f9bf6c600@group-20C873992190-LeaderElection62] INFO  server.RaftServerConfigKeys (ConfUtils.java:logGet(43)) - raft.server.watch.element-limit = 65536 (default)
2019-09-30 20:12:22,700 [1e0e99e3-f8aa-460d-a71d-241f9bf6c600@group-20C873992190-LeaderElection62] INFO  impl.RoleInfo (RoleInfo.java:updateAndGet(143)) - 1e0e99e3-f8aa-460d-a71d-241f9bf6c600: start LeaderState
2019-09-30 20:12:22,700 [1e0e99e3-f8aa-460d-a71d-241f9bf6c600@group-20C873992190-LeaderElection62] INFO  segmented.SegmentedRaftLogWorker (SegmentedRaftLogWorker.java:startLogSegment(385)) - 1e0e99e3-f8aa-460d-a71d-241f9bf6c600@group-20C873992190-SegmentedRaftLogWorker: Starting segment from index:0
2019-09-30 20:12:22,701 [1e0e99e3-f8aa-460d-a71d-241f9bf6c600@group-20C873992190-LeaderElection62] INFO  impl.RaftServerImpl (ServerState.java:setRaftConf(356)) - 1e0e99e3-f8aa-460d-a71d-241f9bf6c600@group-20C873992190: set configuration 0: [1e0e99e3-f8aa-460d-a71d-241f9bf6c600:192.168.164.209:36293], old=null at 0
2019-09-30 20:12:22,745 [1e0e99e3-f8aa-460d-a71d-241f9bf6c600@group-20C873992190-SegmentedRaftLogWorker] INFO  segmented.SegmentedRaftLogWorker (SegmentedRaftLogWorker.java:execute(574)) - 1e0e99e3-f8aa-460d-a71d-241f9bf6c600@group-20C873992190-SegmentedRaftLogWorker: created new log segment /workdir/hadoop-ozone/integration-test/target/test-dir/MiniOzoneClusterImpl-a7c0ca27-5db2-4eb2-a1d1-8702a6efc9d7/datanode-3/data/ratis/9579bc96-2a7a-4fcb-9de6-20c873992190/current/log_inprogress_0
2019-09-30 20:12:22,766 [Datanode State Machine Thread - 0] INFO  statemachine.DatanodeStateMachine (DatanodeStateMachine.java:lambda$startDaemon$0(350)) - Ozone container server started.
2019-09-30 20:12:27,692 [Thread-1522] INFO  impl.FollowerState (FollowerState.java:run(108)) - 144de121-9969-41dd-aaa6-7e78c8968fd9@group-466E1B574E93-FollowerState: change to CANDIDATE, lastRpcTime:5026ms, electionTimeout:5011ms
2019-09-30 20:12:27,693 [Thread-1522] INFO  impl.RoleInfo (RoleInfo.java:shutdownFollowerState(121)) - 144de121-9969-41dd-aaa6-7e78c8968fd9: shutdown FollowerState
2019-09-30 20:12:27,693 [Thread-1522] INFO  impl.RaftServerImpl (RaftServerImpl.java:setRole(170)) - 144de121-9969-41dd-aaa6-7e78c8968fd9@group-466E1B574E93: changes role from  FOLLOWER to CANDIDATE at term 1 for changeToCandidate
2019-09-30 20:12:27,693 [Thread-1522] INFO  impl.RoleInfo (RoleInfo.java:updateAndGet(143)) - 144de121-9969-41dd-aaa6-7e78c8968fd9: start LeaderElection
2019-09-30 20:12:27,706 [144de121-9969-41dd-aaa6-7e78c8968fd9@group-466E1B574E93-LeaderElection63] INFO  impl.LeaderElection (LeaderElection.java:askForVotes(178)) - 144de121-9969-41dd-aaa6-7e78c8968fd9@group-466E1B574E93-LeaderElection63: begin an election at term 2 for -1: [169a5466-74f6-4a7b-bb59-928f36a1b3dd:192.168.164.209:35090, 144de121-9969-41dd-aaa6-7e78c8968fd9:192.168.164.209:42849, 77e8dce8-34c5-4514-b718-1086f4048c03:192.168.164.209:44775], old=null
2019-09-30 20:12:27,709 [grpc-default-executor-7] INFO  impl.RaftServerImpl (RaftServerImpl.java:setRole(170)) - 77e8dce8-34c5-4514-b718-1086f4048c03@group-466E1B574E93: changes role from  FOLLOWER to FOLLOWER at term 2 for recognizeCandidate:144de121-9969-41dd-aaa6-7e78c8968fd9
2019-09-30 20:12:27,709 [grpc-default-executor-7] INFO  impl.RoleInfo (RoleInfo.java:shutdownFollowerState(121)) - 77e8dce8-34c5-4514-b718-1086f4048c03: shutdown FollowerState
2019-09-30 20:12:27,709 [grpc-default-executor-2] INFO  impl.RaftServerImpl (RaftServerImpl.java:setRole(170)) - 169a5466-74f6-4a7b-bb59-928f36a1b3dd@group-466E1B574E93: changes role from  FOLLOWER to FOLLOWER at term 2 for recognizeCandidate:144de121-9969-41dd-aaa6-7e78c8968fd9
2019-09-30 20:12:27,709 [Thread-1524] INFO  impl.FollowerState (FollowerState.java:run(117)) - 77e8dce8-34c5-4514-b718-1086f4048c03@group-466E1B574E93-FollowerState was interrupted: java.lang.InterruptedException: sleep interrupted
2019-09-30 20:12:27,709 [grpc-default-executor-7] INFO  impl.RoleInfo (RoleInfo.java:updateAndGet(143)) - 77e8dce8-34c5-4514-b718-1086f4048c03: start FollowerState
2019-09-30 20:12:27,709 [grpc-default-executor-2] INFO  impl.RoleInfo (RoleInfo.java:shutdownFollowerState(121)) - 169a5466-74f6-4a7b-bb59-928f36a1b3dd: shutdown FollowerState
2019-09-30 20:12:27,713 [grpc-default-executor-2] INFO  impl.RoleInfo (RoleInfo.java:updateAndGet(143)) - 169a5466-74f6-4a7b-bb59-928f36a1b3dd: start FollowerState
2019-09-30 20:12:27,713 [Thread-1523] INFO  impl.FollowerState (FollowerState.java:run(117)) - 169a5466-74f6-4a7b-bb59-928f36a1b3dd@group-466E1B574E93-FollowerState was interrupted: java.lang.InterruptedException: sleep interrupted
2019-09-30 20:12:27,730 [144de121-9969-41dd-aaa6-7e78c8968fd9@group-466E1B574E93-LeaderElection63] INFO  impl.LeaderElection (LeaderElection.java:logAndReturn(56)) - 144de121-9969-41dd-aaa6-7e78c8968fd9@group-466E1B574E93-LeaderElection63: Election PASSED; received 1 response(s) [144de121-9969-41dd-aaa6-7e78c8968fd9<-77e8dce8-34c5-4514-b718-1086f4048c03#0:OK-t2] and 0 exception(s); 144de121-9969-41dd-aaa6-7e78c8968fd9@group-466E1B574E93:t2, leader=null, voted=144de121-9969-41dd-aaa6-7e78c8968fd9, raftlog=144de121-9969-41dd-aaa6-7e78c8968fd9@group-466E1B574E93-SegmentedRaftLog:OPENED:c-1,f-1,i0, conf=-1: [169a5466-74f6-4a7b-bb59-928f36a1b3dd:192.168.164.209:35090, 144de121-9969-41dd-aaa6-7e78c8968fd9:192.168.164.209:42849, 77e8dce8-34c5-4514-b718-1086f4048c03:192.168.164.209:44775], old=null
2019-09-30 20:12:27,731 [144de121-9969-41dd-aaa6-7e78c8968fd9@group-466E1B574E93-LeaderElection63] INFO  impl.RoleInfo (RoleInfo.java:shutdownLeaderElection(134)) - 144de121-9969-41dd-aaa6-7e78c8968fd9: shutdown LeaderElection
2019-09-30 20:12:27,731 [144de121-9969-41dd-aaa6-7e78c8968fd9@group-466E1B574E93-LeaderElection63] INFO  impl.RaftServerImpl (RaftServerImpl.java:setRole(170)) - 144de121-9969-41dd-aaa6-7e78c8968fd9@group-466E1B574E93: changes role from CANDIDATE to LEADER at term 2 for changeToLeader
2019-09-30 20:12:27,731 [144de121-9969-41dd-aaa6-7e78c8968fd9@group-466E1B574E93-LeaderElection63] INFO  impl.RaftServerImpl (ServerState.java:setLeader(255)) - 144de121-9969-41dd-aaa6-7e78c8968fd9@group-466E1B574E93: change Leader from null to 144de121-9969-41dd-aaa6-7e78c8968fd9 at term 2 for becomeLeader, leader elected after 10213ms
2019-09-30 20:12:27,731 [144de121-9969-41dd-aaa6-7e78c8968fd9@group-466E1B574E93-LeaderElection63] INFO  server.RaftServerConfigKeys (ConfUtils.java:logGet(43)) - raft.server.staging.catchup.gap = 1000 (default)
2019-09-30 20:12:27,732 [144de121-9969-41dd-aaa6-7e78c8968fd9@group-466E1B574E93-LeaderElection63] INFO  server.RaftServerConfigKeys (ConfUtils.java:logGet(43)) - raft.server.rpc.sleep.time = 25ms (default)
2019-09-30 20:12:27,732 [144de121-9969-41dd-aaa6-7e78c8968fd9@group-466E1B574E93-LeaderElection63] INFO  server.RaftServerConfigKeys (ConfUtils.java:logGet(43)) - raft.server.write.element-limit = 4096 (default)
2019-09-30 20:12:27,732 [144de121-9969-41dd-aaa6-7e78c8968fd9@group-466E1B574E93-LeaderElection63] INFO  server.RaftServerConfigKeys (ConfUtils.java:logGet(43)) - raft.server.watch.timeout = 10s (default)
2019-09-30 20:12:27,732 [144de121-9969-41dd-aaa6-7e78c8968fd9@group-466E1B574E93-LeaderElection63] INFO  server.RaftServerConfigKeys (ConfUtils.java:logGet(43)) - raft.server.watch.timeout.denomination = 1s (default)
2019-09-30 20:12:27,732 [144de121-9969-41dd-aaa6-7e78c8968fd9@group-466E1B574E93-LeaderElection63] INFO  server.RaftServerConfigKeys (ConfUtils.java:logGet(43)) - raft.server.watch.element-limit = 65536 (default)
2019-09-30 20:12:27,736 [144de121-9969-41dd-aaa6-7e78c8968fd9@group-466E1B574E93-LeaderElection63] INFO  server.RaftServerConfigKeys (ConfUtils.java:logGet(43)) - raft.server.log.appender.snapshot.chunk.size.max = 16MB (=16777216) (default)
2019-09-30 20:12:27,736 [144de121-9969-41dd-aaa6-7e78c8968fd9@group-466E1B574E93-LeaderElection63] INFO  server.RaftServerConfigKeys (ConfUtils.java:logGet(43)) - raft.server.log.appender.buffer.byte-limit = 33554432 (custom)
2019-09-30 20:12:27,737 [144de121-9969-41dd-aaa6-7e78c8968fd9@group-466E1B574E93-LeaderElection63] INFO  server.RaftServerConfigKeys (ConfUtils.java:logGet(43)) - raft.server.log.appender.buffer.element-limit = 1 (custom)
2019-09-30 20:12:27,737 [144de121-9969-41dd-aaa6-7e78c8968fd9@group-466E1B574E93-LeaderElection63] INFO  grpc.GrpcConfigKeys$Server (ConfUtils.java:logGet(43)) - raft.grpc.server.leader.outstanding.appends.max = 128 (default)
2019-09-30 20:12:27,737 [144de121-9969-41dd-aaa6-7e78c8968fd9@group-466E1B574E93-LeaderElection63] INFO  server.RaftServerConfigKeys (ConfUtils.java:logGet(43)) - raft.server.rpc.request.timeout = 3000ms (default)
2019-09-30 20:12:27,737 [144de121-9969-41dd-aaa6-7e78c8968fd9@group-466E1B574E93-LeaderElection63] INFO  server.RaftServerConfigKeys (ConfUtils.java:logGet(43)) - raft.server.log.appender.install.snapshot.enabled = false (custom)
2019-09-30 20:12:27,737 [144de121-9969-41dd-aaa6-7e78c8968fd9@group-466E1B574E93-LeaderElection63] INFO  server.RaftServerConfigKeys (ConfUtils.java:logGet(43)) - raft.server.log.appender.snapshot.chunk.size.max = 16MB (=16777216) (default)
2019-09-30 20:12:27,738 [144de121-9969-41dd-aaa6-7e78c8968fd9@group-466E1B574E93-LeaderElection63] INFO  server.RaftServerConfigKeys (ConfUtils.java:logGet(43)) - raft.server.log.appender.buffer.byte-limit = 33554432 (custom)
2019-09-30 20:12:27,738 [144de121-9969-41dd-aaa6-7e78c8968fd9@group-466E1B574E93-LeaderElection63] INFO  server.RaftServerConfigKeys (ConfUtils.java:logGet(43)) - raft.server.log.appender.buffer.element-limit = 1 (custom)
2019-09-30 20:12:27,738 [144de121-9969-41dd-aaa6-7e78c8968fd9@group-466E1B574E93-LeaderElection63] INFO  grpc.GrpcConfigKeys$Server (ConfUtils.java:logGet(43)) - raft.grpc.server.leader.outstanding.appends.max = 128 (default)
2019-09-30 20:12:27,738 [144de121-9969-41dd-aaa6-7e78c8968fd9@group-466E1B574E93-LeaderElection63] INFO  server.RaftServerConfigKeys (ConfUtils.java:logGet(43)) - raft.server.rpc.request.timeout = 3000ms (default)
2019-09-30 20:12:27,738 [144de121-9969-41dd-aaa6-7e78c8968fd9@group-466E1B574E93-LeaderElection63] INFO  server.RaftServerConfigKeys (ConfUtils.java:logGet(43)) - raft.server.log.appender.install.snapshot.enabled = false (custom)
2019-09-30 20:12:27,739 [144de121-9969-41dd-aaa6-7e78c8968fd9@group-466E1B574E93-LeaderElection63] INFO  impl.RoleInfo (RoleInfo.java:updateAndGet(143)) - 144de121-9969-41dd-aaa6-7e78c8968fd9: start LeaderState
2019-09-30 20:12:27,739 [144de121-9969-41dd-aaa6-7e78c8968fd9@group-466E1B574E93-LeaderElection63] INFO  segmented.SegmentedRaftLogWorker (SegmentedRaftLogWorker.java:startLogSegment(385)) - 144de121-9969-41dd-aaa6-7e78c8968fd9@group-466E1B574E93-SegmentedRaftLogWorker: Starting segment from index:0
2019-09-30 20:12:27,740 [144de121-9969-41dd-aaa6-7e78c8968fd9@group-466E1B574E93-LeaderElection63] INFO  impl.RaftServerImpl (ServerState.java:setRaftConf(356)) - 144de121-9969-41dd-aaa6-7e78c8968fd9@group-466E1B574E93: set configuration 0: [169a5466-74f6-4a7b-bb59-928f36a1b3dd:192.168.164.209:35090, 144de121-9969-41dd-aaa6-7e78c8968fd9:192.168.164.209:42849, 77e8dce8-34c5-4514-b718-1086f4048c03:192.168.164.209:44775], old=null at 0
2019-09-30 20:12:27,741 [grpc-default-executor-7] INFO  impl.RaftServerImpl (ServerState.java:setLeader(255)) - 77e8dce8-34c5-4514-b718-1086f4048c03@group-466E1B574E93: change Leader from null to 144de121-9969-41dd-aaa6-7e78c8968fd9 at term 2 for appendEntries, leader elected after 10223ms
2019-09-30 20:12:27,759 [grpc-default-executor-2] INFO  impl.RaftServerImpl (ServerState.java:setLeader(255)) - 169a5466-74f6-4a7b-bb59-928f36a1b3dd@group-466E1B574E93: change Leader from null to 144de121-9969-41dd-aaa6-7e78c8968fd9 at term 2 for appendEntries, leader elected after 10240ms
2019-09-30 20:12:27,759 [main] INFO  ozoneimpl.OzoneContainer (OzoneContainer.java:stop(231)) - Attempting to stop container services.
2019-09-30 20:12:27,759 [main] INFO  impl.RaftServerProxy (RaftServerProxy.java:lambda$close$4(314)) - e3cd7ddd-71e6-4087-b78a-a2f343ce8905: close
2019-09-30 20:12:27,760 [main] INFO  impl.RaftServerImpl (RaftServerImpl.java:lambda$shutdown$3(247)) - e3cd7ddd-71e6-4087-b78a-a2f343ce8905@group-FCA45B1AA64B: shutdown
2019-09-30 20:12:27,760 [main] INFO  util.JmxRegister (JmxRegister.java:unregister(73)) - Successfully un-registered JMX Bean with object name Ratis:service=RaftServer,group=group-FCA45B1AA64B,id=e3cd7ddd-71e6-4087-b78a-a2f343ce8905
2019-09-30 20:12:27,760 [grpc-default-executor-7] INFO  impl.RaftServerImpl (ServerState.java:setRaftConf(356)) - 77e8dce8-34c5-4514-b718-1086f4048c03@group-466E1B574E93: set configuration 0: [169a5466-74f6-4a7b-bb59-928f36a1b3dd:192.168.164.209:35090, 144de121-9969-41dd-aaa6-7e78c8968fd9:192.168.164.209:42849, 77e8dce8-34c5-4514-b718-1086f4048c03:192.168.164.209:44775], old=null at 0
2019-09-30 20:12:27,761 [main] INFO  impl.RoleInfo (RoleInfo.java:shutdownLeaderState(104)) - e3cd7ddd-71e6-4087-b78a-a2f343ce8905: shutdown LeaderState
2019-09-30 20:12:27,761 [grpc-default-executor-7] INFO  segmented.SegmentedRaftLogWorker (SegmentedRaftLogWorker.java:startLogSegment(385)) - 77e8dce8-34c5-4514-b718-1086f4048c03@group-466E1B574E93-SegmentedRaftLogWorker: Starting segment from index:0
2019-09-30 20:12:27,761 [grpc-default-executor-2] INFO  impl.RaftServerImpl (ServerState.java:setRaftConf(356)) - 169a5466-74f6-4a7b-bb59-928f36a1b3dd@group-466E1B574E93: set configuration 0: [169a5466-74f6-4a7b-bb59-928f36a1b3dd:192.168.164.209:35090, 144de121-9969-41dd-aaa6-7e78c8968fd9:192.168.164.209:42849, 77e8dce8-34c5-4514-b718-1086f4048c03:192.168.164.209:44775], old=null at 0
2019-09-30 20:12:27,761 [main] INFO  impl.PendingRequests (PendingRequests.java:sendNotLeaderResponses(202)) - e3cd7ddd-71e6-4087-b78a-a2f343ce8905@group-FCA45B1AA64B-PendingRequests: sendNotLeaderResponses
2019-09-30 20:12:27,761 [grpc-default-executor-2] INFO  segmented.SegmentedRaftLogWorker (SegmentedRaftLogWorker.java:startLogSegment(385)) - 169a5466-74f6-4a7b-bb59-928f36a1b3dd@group-466E1B574E93-SegmentedRaftLogWorker: Starting segment from index:0
2019-09-30 20:12:27,761 [main] INFO  impl.StateMachineUpdater (StateMachineUpdater.java:stopAndJoin(136)) - e3cd7ddd-71e6-4087-b78a-a2f343ce8905@group-FCA45B1AA64B-StateMachineUpdater: set stopIndex = 0
2019-09-30 20:12:27,762 [main] INFO  impl.RaftServerImpl (ServerState.java:close(387)) - e3cd7ddd-71e6-4087-b78a-a2f343ce8905@group-FCA45B1AA64B: closes. applyIndex: 0
2019-09-30 20:12:27,762 [e3cd7ddd-71e6-4087-b78a-a2f343ce8905@group-FCA45B1AA64B-SegmentedRaftLogWorker] INFO  segmented.SegmentedRaftLogWorker (SegmentedRaftLogWorker.java:run(316)) - e3cd7ddd-71e6-4087-b78a-a2f343ce8905@group-FCA45B1AA64B-SegmentedRaftLogWorker was interrupted, exiting. There are 0 tasks remaining in the queue.
2019-09-30 20:12:27,796 [main] INFO  segmented.SegmentedRaftLogWorker (SegmentedRaftLogWorker.java:close(224)) - e3cd7ddd-71e6-4087-b78a-a2f343ce8905@group-FCA45B1AA64B-SegmentedRaftLogWorker close()
2019-09-30 20:12:27,796 [144de121-9969-41dd-aaa6-7e78c8968fd9@group-466E1B574E93-SegmentedRaftLogWorker] INFO  segmented.SegmentedRaftLogWorker (SegmentedRaftLogWorker.java:execute(574)) - 144de121-9969-41dd-aaa6-7e78c8968fd9@group-466E1B574E93-SegmentedRaftLogWorker: created new log segment /workdir/hadoop-ozone/integration-test/target/test-dir/MiniOzoneClusterImpl-a7c0ca27-5db2-4eb2-a1d1-8702a6efc9d7/datanode-6/data/ratis/283c84c0-34ea-4dc1-8f4a-466e1b574e93/current/log_inprogress_0
2019-09-30 20:12:27,801 [main] INFO  impl.RaftServerImpl (RaftServerImpl.java:lambda$shutdown$3(247)) - e3cd7ddd-71e6-4087-b78a-a2f343ce8905@group-8ED5B5EAAF88: shutdown
2019-09-30 20:12:27,802 [main] INFO  util.JmxRegister (JmxRegister.java:unregister(73)) - Successfully un-registered JMX Bean with object name Ratis:service=RaftServer,group=group-8ED5B5EAAF88,id=e3cd7ddd-71e6-4087-b78a-a2f343ce8905
2019-09-30 20:12:27,802 [main] INFO  impl.RoleInfo (RoleInfo.java:shutdownFollowerState(121)) - e3cd7ddd-71e6-4087-b78a-a2f343ce8905: shutdown FollowerState
2019-09-30 20:12:27,802 [main] INFO  impl.StateMachineUpdater (StateMachineUpdater.java:stopAndJoin(136)) - e3cd7ddd-71e6-4087-b78a-a2f343ce8905@group-8ED5B5EAAF88-StateMachineUpdater: set stopIndex = 2
2019-09-30 20:12:27,803 [e3cd7ddd-71e6-4087-b78a-a2f343ce8905@group-8ED5B5EAAF88-StateMachineUpdater] INFO  ratis.ContainerStateMachine (ContainerStateMachine.java:takeSnapshot(293)) - group-8ED5B5EAAF88: Taking a snapshot at:(t:1, i:1) file /workdir/hadoop-ozone/integration-test/target/test-dir/MiniOzoneClusterImpl-a7c0ca27-5db2-4eb2-a1d1-8702a6efc9d7/datanode-2/data/ratis/3d1417a6-0f48-4924-96db-8ed5b5eaaf88/sm/snapshot.1_1
2019-09-30 20:12:27,802 [Thread-1486] INFO  impl.FollowerState (FollowerState.java:run(117)) - e3cd7ddd-71e6-4087-b78a-a2f343ce8905@group-8ED5B5EAAF88-FollowerState was interrupted: java.lang.InterruptedException: sleep interrupted
2019-09-30 20:12:27,815 [77e8dce8-34c5-4514-b718-1086f4048c03@group-466E1B574E93-SegmentedRaftLogWorker] INFO  segmented.SegmentedRaftLogWorker (SegmentedRaftLogWorker.java:execute(574)) - 77e8dce8-34c5-4514-b718-1086f4048c03@group-466E1B574E93-SegmentedRaftLogWorker: created new log segment /workdir/hadoop-ozone/integration-test/target/test-dir/MiniOzoneClusterImpl-a7c0ca27-5db2-4eb2-a1d1-8702a6efc9d7/datanode-5/data/ratis/283c84c0-34ea-4dc1-8f4a-466e1b574e93/current/log_inprogress_0
2019-09-30 20:12:27,815 [169a5466-74f6-4a7b-bb59-928f36a1b3dd@group-466E1B574E93-SegmentedRaftLogWorker] INFO  segmented.SegmentedRaftLogWorker (SegmentedRaftLogWorker.java:execute(574)) - 169a5466-74f6-4a7b-bb59-928f36a1b3dd@group-466E1B574E93-SegmentedRaftLogWorker: created new log segment /workdir/hadoop-ozone/integration-test/target/test-dir/MiniOzoneClusterImpl-a7c0ca27-5db2-4eb2-a1d1-8702a6efc9d7/datanode-4/data/ratis/283c84c0-34ea-4dc1-8f4a-466e1b574e93/current/log_inprogress_0
2019-09-30 20:12:27,828 [e3cd7ddd-71e6-4087-b78a-a2f343ce8905@group-8ED5B5EAAF88-StateMachineUpdater] INFO  ratis.ContainerStateMachine (ContainerStateMachine.java:takeSnapshot(304)) - group-8ED5B5EAAF88: Finished taking a snapshot at:(t:1, i:1) file:/workdir/hadoop-ozone/integration-test/target/test-dir/MiniOzoneClusterImpl-a7c0ca27-5db2-4eb2-a1d1-8702a6efc9d7/datanode-2/data/ratis/3d1417a6-0f48-4924-96db-8ed5b5eaaf88/sm/snapshot.1_1 time:25
2019-09-30 20:12:27,828 [e3cd7ddd-71e6-4087-b78a-a2f343ce8905@group-8ED5B5EAAF88-StateMachineUpdater] INFO  impl.StateMachineUpdater (StateMachineUpdater.java:takeSnapshot(269)) - e3cd7ddd-71e6-4087-b78a-a2f343ce8905@group-8ED5B5EAAF88-StateMachineUpdater: Took a snapshot at index 1
2019-09-30 20:12:27,828 [e3cd7ddd-71e6-4087-b78a-a2f343ce8905@group-8ED5B5EAAF88-StateMachineUpdater] INFO  impl.StateMachineUpdater (StateMachineUpdater.java:lambda$new$0(84)) - e3cd7ddd-71e6-4087-b78a-a2f343ce8905@group-8ED5B5EAAF88-StateMachineUpdater: snapshotIndex: updateIncreasingly -1 -> 1
2019-09-30 20:12:27,829 [e3cd7ddd-71e6-4087-b78a-a2f343ce8905@group-8ED5B5EAAF88-StateMachineUpdater] INFO  ratis.ContainerStateMachine (ContainerStateMachine.java:takeSnapshot(293)) - group-8ED5B5EAAF88: Taking a snapshot at:(t:1, i:1) file /workdir/hadoop-ozone/integration-test/target/test-dir/MiniOzoneClusterImpl-a7c0ca27-5db2-4eb2-a1d1-8702a6efc9d7/datanode-2/data/ratis/3d1417a6-0f48-4924-96db-8ed5b5eaaf88/sm/snapshot.1_1
2019-09-30 20:12:27,841 [e3cd7ddd-71e6-4087-b78a-a2f343ce8905@group-8ED5B5EAAF88-StateMachineUpdater] INFO  ratis.ContainerStateMachine (ContainerStateMachine.java:takeSnapshot(304)) - group-8ED5B5EAAF88: Finished taking a snapshot at:(t:1, i:1) file:/workdir/hadoop-ozone/integration-test/target/test-dir/MiniOzoneClusterImpl-a7c0ca27-5db2-4eb2-a1d1-8702a6efc9d7/datanode-2/data/ratis/3d1417a6-0f48-4924-96db-8ed5b5eaaf88/sm/snapshot.1_1 time:13
2019-09-30 20:12:27,842 [e3cd7ddd-71e6-4087-b78a-a2f343ce8905@group-8ED5B5EAAF88-StateMachineUpdater] INFO  impl.StateMachineUpdater (StateMachineUpdater.java:takeSnapshot(269)) - e3cd7ddd-71e6-4087-b78a-a2f343ce8905@group-8ED5B5EAAF88-StateMachineUpdater: Took a snapshot at index 1
2019-09-30 20:12:27,842 [e3cd7ddd-71e6-4087-b78a-a2f343ce8905@group-8ED5B5EAAF88-StateMachineUpdater] INFO  impl.StateMachineUpdater (StateMachineUpdater.java:lambda$new$0(84)) - e3cd7ddd-71e6-4087-b78a-a2f343ce8905@group-8ED5B5EAAF88-StateMachineUpdater: snapshotIndex: updateIncreasingly 1 -> 1
2019-09-30 20:12:27,842 [main] INFO  impl.RaftServerImpl (ServerState.java:close(387)) - e3cd7ddd-71e6-4087-b78a-a2f343ce8905@group-8ED5B5EAAF88: closes. applyIndex: 2
2019-09-30 20:12:27,843 [e3cd7ddd-71e6-4087-b78a-a2f343ce8905@group-8ED5B5EAAF88-SegmentedRaftLogWorker] INFO  segmented.SegmentedRaftLogWorker (SegmentedRaftLogWorker.java:run(316)) - e3cd7ddd-71e6-4087-b78a-a2f343ce8905@group-8ED5B5EAAF88-SegmentedRaftLogWorker was interrupted, exiting. There are 0 tasks remaining in the queue.
2019-09-30 20:12:27,845 [main] INFO  segmented.SegmentedRaftLogWorker (SegmentedRaftLogWorker.java:close(224)) - e3cd7ddd-71e6-4087-b78a-a2f343ce8905@group-8ED5B5EAAF88-SegmentedRaftLogWorker close()
2019-09-30 20:12:27,850 [main] INFO  server.GrpcService (GrpcService.java:closeImpl(164)) - e3cd7ddd-71e6-4087-b78a-a2f343ce8905: shutdown server with port 46607 now
2019-09-30 20:12:27,851 [grpc-default-executor-7] WARN  server.GrpcServerProtocolService (LogUtils.java:warn(134)) - e3cd7ddd-71e6-4087-b78a-a2f343ce8905: installSnapshot onError, lastRequest: fdb07fac-a038-4dd2-bf3a-e692e6ea73ee->e3cd7ddd-71e6-4087-b78a-a2f343ce8905#5-t1, previous=(t:1, i:2), leaderCommit=2, initializing? false, entries: <empty>: org.apache.ratis.thirdparty.io.grpc.StatusRuntimeException: CANCELLED: cancelled before receiving half close
2019-09-30 20:12:27,851 [main] INFO  server.GrpcService (GrpcService.java:closeImpl(172)) - e3cd7ddd-71e6-4087-b78a-a2f343ce8905: shutdown server with port 46607 successfully
2019-09-30 20:12:27,852 [grpc-default-executor-4] WARN  server.GrpcLogAppender (LogUtils.java:warn(134)) - fdb07fac-a038-4dd2-bf3a-e692e6ea73ee@group-8ED5B5EAAF88->e3cd7ddd-71e6-4087-b78a-a2f343ce8905-AppendLogResponseHandler: Failed appendEntries: org.apache.ratis.thirdparty.io.grpc.StatusRuntimeException: CANCELLED: HTTP/2 error code: CANCEL
Received Rst Stream
2019-09-30 20:12:27,852 [grpc-default-executor-4] INFO  impl.FollowerInfo (FollowerInfo.java:lambda$new$0(51)) - fdb07fac-a038-4dd2-bf3a-e692e6ea73ee@group-8ED5B5EAAF88->e3cd7ddd-71e6-4087-b78a-a2f343ce8905: nextIndex: updateUnconditionally 3 -> 2
2019-09-30 20:12:27,854 [refreshUsed-/workdir/hadoop-ozone/integration-test/target/test-dir/MiniOzoneClusterImpl-a7c0ca27-5db2-4eb2-a1d1-8702a6efc9d7/datanode-2/data/containers] WARN  fs.CachingGetSpaceUsed (CachingGetSpaceUsed.java:run(183)) - Thread Interrupted waiting to refresh disk information: sleep interrupted
2019-09-30 20:12:27,876 [main] INFO  utils.BackgroundService (BackgroundService.java:shutdown(148)) - Shutting down service BlockDeletingService
2019-09-30 20:12:27,883 [main] INFO  statemachine.DatanodeStateMachine (DatanodeStateMachine.java:stopDaemon(395)) - Ozone container server stopped.
2019-09-30 20:12:27,884 [main] INFO  handler.ContextHandler (ContextHandler.java:doStop(910)) - Stopped o.e.j.w.WebAppContext@41b64020{/,null,UNAVAILABLE}{/hddsDatanode}
2019-09-30 20:12:27,885 [main] INFO  server.AbstractConnector (AbstractConnector.java:doStop(318)) - Stopped ServerConnector@1a538ed8{HTTP/1.1,[http/1.1]}{0.0.0.0:0}
2019-09-30 20:12:27,886 [main] INFO  handler.ContextHandler (ContextHandler.java:doStop(910)) - Stopped o.e.j.s.ServletContextHandler@1fd7a37{/static,jar:file:/home/user/.m2/repository/org/apache/hadoop/hadoop-hdds-container-service/0.5.0-SNAPSHOT/hadoop-hdds-container-service-0.5.0-SNAPSHOT.jar!/webapps/static,UNAVAILABLE}
2019-09-30 20:12:27,886 [main] INFO  handler.ContextHandler (ContextHandler.java:doStop(910)) - Stopped o.e.j.s.ServletContextHandler@1039bfc4{/logs,file:///workdir/hadoop-ozone/integration-test/target/log,UNAVAILABLE}
2019-09-30 20:12:28,796 [Datanode State Machine Thread - 0] INFO  statemachine.DatanodeStateMachine (DatanodeStateMachine.java:lambda$startDaemon$0(350)) - Ozone container server started.
2019-09-30 20:12:30,190 [grpc-default-executor-2] WARN  server.GrpcLogAppender (LogUtils.java:warn(134)) - fdb07fac-a038-4dd2-bf3a-e692e6ea73ee@group-8ED5B5EAAF88->e3cd7ddd-71e6-4087-b78a-a2f343ce8905-AppendLogResponseHandler: Failed appendEntries: org.apache.ratis.thirdparty.io.grpc.StatusRuntimeException: UNAVAILABLE: io exception
2019-09-30 20:12:30,190 [grpc-default-executor-2] INFO  impl.FollowerInfo (FollowerInfo.java:lambda$new$0(51)) - fdb07fac-a038-4dd2-bf3a-e692e6ea73ee@group-8ED5B5EAAF88->e3cd7ddd-71e6-4087-b78a-a2f343ce8905: nextIndex: updateUnconditionally 2 -> 1
2019-09-30 20:12:32,690 [grpc-default-executor-4] WARN  server.GrpcLogAppender (LogUtils.java:warn(134)) - fdb07fac-a038-4dd2-bf3a-e692e6ea73ee@group-8ED5B5EAAF88->e3cd7ddd-71e6-4087-b78a-a2f343ce8905-AppendLogResponseHandler: Failed appendEntries: org.apache.ratis.thirdparty.io.grpc.StatusRuntimeException: UNAVAILABLE: io exception
2019-09-30 20:12:32,691 [grpc-default-executor-4] INFO  impl.FollowerInfo (FollowerInfo.java:lambda$new$0(51)) - fdb07fac-a038-4dd2-bf3a-e692e6ea73ee@group-8ED5B5EAAF88->e3cd7ddd-71e6-4087-b78a-a2f343ce8905: nextIndex: updateUnconditionally 1 -> 0
2019-09-30 20:12:32,888 [main] INFO  ozoneimpl.OzoneContainer (OzoneContainer.java:stop(231)) - Attempting to stop container services.
2019-09-30 20:12:32,888 [main] INFO  impl.RaftServerProxy (RaftServerProxy.java:lambda$close$4(314)) - 0c62d7ee-acdc-4014-b8e4-a22ebcbdb566: close
2019-09-30 20:12:32,889 [main] INFO  impl.RaftServerImpl (RaftServerImpl.java:lambda$shutdown$3(247)) - 0c62d7ee-acdc-4014-b8e4-a22ebcbdb566@group-8ED5B5EAAF88: shutdown
2019-09-30 20:12:32,889 [main] INFO  util.JmxRegister (JmxRegister.java:unregister(73)) - Successfully un-registered JMX Bean with object name Ratis:service=RaftServer,group=group-8ED5B5EAAF88,id=0c62d7ee-acdc-4014-b8e4-a22ebcbdb566
2019-09-30 20:12:32,889 [ForkJoinPool.commonPool-worker-0] INFO  impl.RaftServerImpl (RaftServerImpl.java:lambda$shutdown$3(247)) - 0c62d7ee-acdc-4014-b8e4-a22ebcbdb566@group-9A41D80E6739: shutdown
2019-09-30 20:12:32,889 [main] INFO  impl.RoleInfo (RoleInfo.java:shutdownFollowerState(121)) - 0c62d7ee-acdc-4014-b8e4-a22ebcbdb566: shutdown FollowerState
2019-09-30 20:12:32,889 [ForkJoinPool.commonPool-worker-0] INFO  util.JmxRegister (JmxRegister.java:unregister(73)) - Successfully un-registered JMX Bean with object name Ratis:service=RaftServer,group=group-9A41D80E6739,id=0c62d7ee-acdc-4014-b8e4-a22ebcbdb566
2019-09-30 20:12:32,890 [Thread-1485] INFO  impl.FollowerState (FollowerState.java:run(117)) - 0c62d7ee-acdc-4014-b8e4-a22ebcbdb566@group-8ED5B5EAAF88-FollowerState was interrupted: java.lang.InterruptedException: sleep interrupted
2019-09-30 20:12:32,890 [0c62d7ee-acdc-4014-b8e4-a22ebcbdb566@group-8ED5B5EAAF88-StateMachineUpdater] INFO  ratis.ContainerStateMachine (ContainerStateMachine.java:takeSnapshot(293)) - group-8ED5B5EAAF88: Taking a snapshot at:(t:1, i:1) file /workdir/hadoop-ozone/integration-test/target/test-dir/MiniOzoneClusterImpl-a7c0ca27-5db2-4eb2-a1d1-8702a6efc9d7/datanode-0/data/ratis/3d1417a6-0f48-4924-96db-8ed5b5eaaf88/sm/snapshot.1_1
2019-09-30 20:12:32,889 [main] INFO  impl.StateMachineUpdater (StateMachineUpdater.java:stopAndJoin(136)) - 0c62d7ee-acdc-4014-b8e4-a22ebcbdb566@group-8ED5B5EAAF88-StateMachineUpdater: set stopIndex = 2
2019-09-30 20:12:32,890 [ForkJoinPool.commonPool-worker-0] INFO  impl.RoleInfo (RoleInfo.java:shutdownLeaderState(104)) - 0c62d7ee-acdc-4014-b8e4-a22ebcbdb566: shutdown LeaderState
2019-09-30 20:12:32,890 [ForkJoinPool.commonPool-worker-0] INFO  impl.PendingRequests (PendingRequests.java:sendNotLeaderResponses(202)) - 0c62d7ee-acdc-4014-b8e4-a22ebcbdb566@group-9A41D80E6739-PendingRequests: sendNotLeaderResponses
2019-09-30 20:12:32,891 [ForkJoinPool.commonPool-worker-0] INFO  impl.StateMachineUpdater (StateMachineUpdater.java:stopAndJoin(136)) - 0c62d7ee-acdc-4014-b8e4-a22ebcbdb566@group-9A41D80E6739-StateMachineUpdater: set stopIndex = 0
2019-09-30 20:12:32,891 [ForkJoinPool.commonPool-worker-0] INFO  impl.RaftServerImpl (ServerState.java:close(387)) - 0c62d7ee-acdc-4014-b8e4-a22ebcbdb566@group-9A41D80E6739: closes. applyIndex: 0
2019-09-30 20:12:32,891 [0c62d7ee-acdc-4014-b8e4-a22ebcbdb566@group-9A41D80E6739-SegmentedRaftLogWorker] INFO  segmented.SegmentedRaftLogWorker (SegmentedRaftLogWorker.java:run(316)) - 0c62d7ee-acdc-4014-b8e4-a22ebcbdb566@group-9A41D80E6739-SegmentedRaftLogWorker was interrupted, exiting. There are 0 tasks remaining in the queue.
2019-09-30 20:12:32,902 [ForkJoinPool.commonPool-worker-0] INFO  segmented.SegmentedRaftLogWorker (SegmentedRaftLogWorker.java:close(224)) - 0c62d7ee-acdc-4014-b8e4-a22ebcbdb566@group-9A41D80E6739-SegmentedRaftLogWorker close()
2019-09-30 20:12:32,907 [0c62d7ee-acdc-4014-b8e4-a22ebcbdb566@group-8ED5B5EAAF88-StateMachineUpdater] INFO  ratis.ContainerStateMachine (ContainerStateMachine.java:takeSnapshot(304)) - group-8ED5B5EAAF88: Finished taking a snapshot at:(t:1, i:1) file:/workdir/hadoop-ozone/integration-test/target/test-dir/MiniOzoneClusterImpl-a7c0ca27-5db2-4eb2-a1d1-8702a6efc9d7/datanode-0/data/ratis/3d1417a6-0f48-4924-96db-8ed5b5eaaf88/sm/snapshot.1_1 time:15
2019-09-30 20:12:32,908 [0c62d7ee-acdc-4014-b8e4-a22ebcbdb566@group-8ED5B5EAAF88-StateMachineUpdater] INFO  impl.StateMachineUpdater (StateMachineUpdater.java:takeSnapshot(269)) - 0c62d7ee-acdc-4014-b8e4-a22ebcbdb566@group-8ED5B5EAAF88-StateMachineUpdater: Took a snapshot at index 1
2019-09-30 20:12:32,908 [0c62d7ee-acdc-4014-b8e4-a22ebcbdb566@group-8ED5B5EAAF88-StateMachineUpdater] INFO  impl.StateMachineUpdater (StateMachineUpdater.java:lambda$new$0(84)) - 0c62d7ee-acdc-4014-b8e4-a22ebcbdb566@group-8ED5B5EAAF88-StateMachineUpdater: snapshotIndex: updateIncreasingly -1 -> 1
2019-09-30 20:12:32,908 [0c62d7ee-acdc-4014-b8e4-a22ebcbdb566@group-8ED5B5EAAF88-StateMachineUpdater] INFO  ratis.ContainerStateMachine (ContainerStateMachine.java:takeSnapshot(293)) - group-8ED5B5EAAF88: Taking a snapshot at:(t:1, i:1) file /workdir/hadoop-ozone/integration-test/target/test-dir/MiniOzoneClusterImpl-a7c0ca27-5db2-4eb2-a1d1-8702a6efc9d7/datanode-0/data/ratis/3d1417a6-0f48-4924-96db-8ed5b5eaaf88/sm/snapshot.1_1
2019-09-30 20:12:32,921 [0c62d7ee-acdc-4014-b8e4-a22ebcbdb566@group-8ED5B5EAAF88-StateMachineUpdater] INFO  ratis.ContainerStateMachine (ContainerStateMachine.java:takeSnapshot(304)) - group-8ED5B5EAAF88: Finished taking a snapshot at:(t:1, i:1) file:/workdir/hadoop-ozone/integration-test/target/test-dir/MiniOzoneClusterImpl-a7c0ca27-5db2-4eb2-a1d1-8702a6efc9d7/datanode-0/data/ratis/3d1417a6-0f48-4924-96db-8ed5b5eaaf88/sm/snapshot.1_1 time:13
2019-09-30 20:12:32,921 [0c62d7ee-acdc-4014-b8e4-a22ebcbdb566@group-8ED5B5EAAF88-StateMachineUpdater] INFO  impl.StateMachineUpdater (StateMachineUpdater.java:takeSnapshot(269)) - 0c62d7ee-acdc-4014-b8e4-a22ebcbdb566@group-8ED5B5EAAF88-StateMachineUpdater: Took a snapshot at index 1
2019-09-30 20:12:32,921 [0c62d7ee-acdc-4014-b8e4-a22ebcbdb566@group-8ED5B5EAAF88-StateMachineUpdater] INFO  impl.StateMachineUpdater (StateMachineUpdater.java:lambda$new$0(84)) - 0c62d7ee-acdc-4014-b8e4-a22ebcbdb566@group-8ED5B5EAAF88-StateMachineUpdater: snapshotIndex: updateIncreasingly 1 -> 1
2019-09-30 20:12:32,921 [main] INFO  impl.RaftServerImpl (ServerState.java:close(387)) - 0c62d7ee-acdc-4014-b8e4-a22ebcbdb566@group-8ED5B5EAAF88: closes. applyIndex: 2
2019-09-30 20:12:32,922 [0c62d7ee-acdc-4014-b8e4-a22ebcbdb566@group-8ED5B5EAAF88-SegmentedRaftLogWorker] INFO  segmented.SegmentedRaftLogWorker (SegmentedRaftLogWorker.java:run(316)) - 0c62d7ee-acdc-4014-b8e4-a22ebcbdb566@group-8ED5B5EAAF88-SegmentedRaftLogWorker was interrupted, exiting. There are 0 tasks remaining in the queue.
2019-09-30 20:12:32,924 [main] INFO  segmented.SegmentedRaftLogWorker (SegmentedRaftLogWorker.java:close(224)) - 0c62d7ee-acdc-4014-b8e4-a22ebcbdb566@group-8ED5B5EAAF88-SegmentedRaftLogWorker close()
2019-09-30 20:12:32,929 [main] INFO  server.GrpcService (GrpcService.java:closeImpl(164)) - 0c62d7ee-acdc-4014-b8e4-a22ebcbdb566: shutdown server with port 33252 now
2019-09-30 20:12:32,930 [grpc-default-executor-4] WARN  server.GrpcServerProtocolService (LogUtils.java:warn(134)) - 0c62d7ee-acdc-4014-b8e4-a22ebcbdb566: installSnapshot onError, lastRequest: fdb07fac-a038-4dd2-bf3a-e692e6ea73ee->0c62d7ee-acdc-4014-b8e4-a22ebcbdb566#7-t1, previous=(t:1, i:2), leaderCommit=2, initializing? false, entries: <empty>: org.apache.ratis.thirdparty.io.grpc.StatusRuntimeException: CANCELLED: cancelled before receiving half close
2019-09-30 20:12:32,930 [main] INFO  server.GrpcService (GrpcService.java:closeImpl(172)) - 0c62d7ee-acdc-4014-b8e4-a22ebcbdb566: shutdown server with port 33252 successfully
2019-09-30 20:12:32,930 [grpc-default-executor-7] WARN  server.GrpcLogAppender (LogUtils.java:warn(134)) - fdb07fac-a038-4dd2-bf3a-e692e6ea73ee@group-8ED5B5EAAF88->0c62d7ee-acdc-4014-b8e4-a22ebcbdb566-AppendLogResponseHandler: Failed appendEntries: org.apache.ratis.thirdparty.io.grpc.StatusRuntimeException: CANCELLED: HTTP/2 error code: CANCEL
Received Rst Stream
2019-09-30 20:12:32,931 [grpc-default-executor-7] INFO  impl.FollowerInfo (FollowerInfo.java:lambda$new$0(51)) - fdb07fac-a038-4dd2-bf3a-e692e6ea73ee@group-8ED5B5EAAF88->0c62d7ee-acdc-4014-b8e4-a22ebcbdb566: nextIndex: updateUnconditionally 3 -> 2
2019-09-30 20:12:32,932 [refreshUsed-/workdir/hadoop-ozone/integration-test/target/test-dir/MiniOzoneClusterImpl-a7c0ca27-5db2-4eb2-a1d1-8702a6efc9d7/datanode-0/data/containers] WARN  fs.CachingGetSpaceUsed (CachingGetSpaceUsed.java:run(183)) - Thread Interrupted waiting to refresh disk information: sleep interrupted
2019-09-30 20:12:32,947 [main] INFO  utils.BackgroundService (BackgroundService.java:shutdown(148)) - Shutting down service BlockDeletingService
2019-09-30 20:12:32,954 [main] INFO  statemachine.DatanodeStateMachine (DatanodeStateMachine.java:stopDaemon(395)) - Ozone container server stopped.
2019-09-30 20:12:32,966 [main] INFO  handler.ContextHandler (ContextHandler.java:doStop(910)) - Stopped o.e.j.w.WebAppContext@66c9b52f{/,null,UNAVAILABLE}{/hddsDatanode}
2019-09-30 20:12:32,967 [main] INFO  server.AbstractConnector (AbstractConnector.java:doStop(318)) - Stopped ServerConnector@1536ea40{HTTP/1.1,[http/1.1]}{0.0.0.0:0}
2019-09-30 20:12:32,967 [main] INFO  handler.ContextHandler (ContextHandler.java:doStop(910)) - Stopped o.e.j.s.ServletContextHandler@32d418a9{/static,jar:file:/home/user/.m2/repository/org/apache/hadoop/hadoop-hdds-container-service/0.5.0-SNAPSHOT/hadoop-hdds-container-service-0.5.0-SNAPSHOT.jar!/webapps/static,UNAVAILABLE}
2019-09-30 20:12:32,968 [main] INFO  handler.ContextHandler (ContextHandler.java:doStop(910)) - Stopped o.e.j.s.ServletContextHandler@71aaf151{/logs,file:///workdir/hadoop-ozone/integration-test/target/log,UNAVAILABLE}
2019-09-30 20:12:35,191 [grpc-default-executor-2] WARN  server.GrpcLogAppender (LogUtils.java:warn(134)) - fdb07fac-a038-4dd2-bf3a-e692e6ea73ee@group-8ED5B5EAAF88->e3cd7ddd-71e6-4087-b78a-a2f343ce8905-AppendLogResponseHandler: Failed appendEntries: org.apache.ratis.thirdparty.io.grpc.StatusRuntimeException: UNAVAILABLE: io exception
2019-09-30 20:12:35,191 [grpc-default-executor-0] WARN  server.GrpcLogAppender (LogUtils.java:warn(134)) - fdb07fac-a038-4dd2-bf3a-e692e6ea73ee@group-8ED5B5EAAF88->0c62d7ee-acdc-4014-b8e4-a22ebcbdb566-AppendLogResponseHandler: Failed appendEntries: org.apache.ratis.thirdparty.io.grpc.StatusRuntimeException: UNAVAILABLE: io exception
2019-09-30 20:12:35,192 [grpc-default-executor-2] INFO  impl.FollowerInfo (FollowerInfo.java:lambda$new$0(51)) - fdb07fac-a038-4dd2-bf3a-e692e6ea73ee@group-8ED5B5EAAF88->e3cd7ddd-71e6-4087-b78a-a2f343ce8905: nextIndex: updateUnconditionally 0 -> 0
2019-09-30 20:12:35,192 [grpc-default-executor-0] INFO  impl.FollowerInfo (FollowerInfo.java:lambda$new$0(51)) - fdb07fac-a038-4dd2-bf3a-e692e6ea73ee@group-8ED5B5EAAF88->0c62d7ee-acdc-4014-b8e4-a22ebcbdb566: nextIndex: updateUnconditionally 2 -> 1
2019-09-30 20:12:37,697 [grpc-default-executor-2] WARN  server.GrpcLogAppender (LogUtils.java:warn(134)) - fdb07fac-a038-4dd2-bf3a-e692e6ea73ee@group-8ED5B5EAAF88->e3cd7ddd-71e6-4087-b78a-a2f343ce8905-AppendLogResponseHandler: Failed appendEntries: org.apache.ratis.thirdparty.io.grpc.StatusRuntimeException: UNAVAILABLE: io exception
2019-09-30 20:12:37,697 [grpc-default-executor-0] WARN  server.GrpcLogAppender (LogUtils.java:warn(134)) - fdb07fac-a038-4dd2-bf3a-e692e6ea73ee@group-8ED5B5EAAF88->0c62d7ee-acdc-4014-b8e4-a22ebcbdb566-AppendLogResponseHandler: Failed appendEntries: org.apache.ratis.thirdparty.io.grpc.StatusRuntimeException: UNAVAILABLE: io exception
2019-09-30 20:12:37,698 [grpc-default-executor-2] INFO  impl.FollowerInfo (FollowerInfo.java:lambda$new$0(51)) - fdb07fac-a038-4dd2-bf3a-e692e6ea73ee@group-8ED5B5EAAF88->e3cd7ddd-71e6-4087-b78a-a2f343ce8905: nextIndex: updateUnconditionally 0 -> 0
2019-09-30 20:12:37,698 [grpc-default-executor-0] INFO  impl.FollowerInfo (FollowerInfo.java:lambda$new$0(51)) - fdb07fac-a038-4dd2-bf3a-e692e6ea73ee@group-8ED5B5EAAF88->0c62d7ee-acdc-4014-b8e4-a22ebcbdb566: nextIndex: updateUnconditionally 1 -> 0
2019-09-30 20:12:40,203 [grpc-default-executor-4] WARN  server.GrpcLogAppender (LogUtils.java:warn(134)) - fdb07fac-a038-4dd2-bf3a-e692e6ea73ee@group-8ED5B5EAAF88->e3cd7ddd-71e6-4087-b78a-a2f343ce8905-AppendLogResponseHandler: Failed appendEntries: org.apache.ratis.thirdparty.io.grpc.StatusRuntimeException: UNAVAILABLE: io exception
2019-09-30 20:12:40,203 [grpc-default-executor-7] WARN  server.GrpcLogAppender (LogUtils.java:warn(134)) - fdb07fac-a038-4dd2-bf3a-e692e6ea73ee@group-8ED5B5EAAF88->0c62d7ee-acdc-4014-b8e4-a22ebcbdb566-AppendLogResponseHandler: Failed appendEntries: org.apache.ratis.thirdparty.io.grpc.StatusRuntimeException: UNAVAILABLE: io exception
2019-09-30 20:12:40,204 [grpc-default-executor-4] INFO  impl.FollowerInfo (FollowerInfo.java:lambda$new$0(51)) - fdb07fac-a038-4dd2-bf3a-e692e6ea73ee@group-8ED5B5EAAF88->e3cd7ddd-71e6-4087-b78a-a2f343ce8905: nextIndex: updateUnconditionally 0 -> 0
2019-09-30 20:12:40,204 [grpc-default-executor-7] INFO  impl.FollowerInfo (FollowerInfo.java:lambda$new$0(51)) - fdb07fac-a038-4dd2-bf3a-e692e6ea73ee@group-8ED5B5EAAF88->0c62d7ee-acdc-4014-b8e4-a22ebcbdb566: nextIndex: updateUnconditionally 0 -> 0
2019-09-30 20:12:42,701 [grpc-default-executor-0] WARN  server.GrpcLogAppender (LogUtils.java:warn(134)) - fdb07fac-a038-4dd2-bf3a-e692e6ea73ee@group-8ED5B5EAAF88->e3cd7ddd-71e6-4087-b78a-a2f343ce8905-AppendLogResponseHandler: Failed appendEntries: org.apache.ratis.thirdparty.io.grpc.StatusRuntimeException: UNAVAILABLE: io exception
2019-09-30 20:12:42,701 [grpc-default-executor-4] WARN  server.GrpcLogAppender (LogUtils.java:warn(134)) - fdb07fac-a038-4dd2-bf3a-e692e6ea73ee@group-8ED5B5EAAF88->0c62d7ee-acdc-4014-b8e4-a22ebcbdb566-AppendLogResponseHandler: Failed appendEntries: org.apache.ratis.thirdparty.io.grpc.StatusRuntimeException: UNAVAILABLE: io exception
2019-09-30 20:12:42,703 [grpc-default-executor-0] INFO  impl.FollowerInfo (FollowerInfo.java:lambda$new$0(51)) - fdb07fac-a038-4dd2-bf3a-e692e6ea73ee@group-8ED5B5EAAF88->e3cd7ddd-71e6-4087-b78a-a2f343ce8905: nextIndex: updateUnconditionally 0 -> 0
2019-09-30 20:12:42,703 [grpc-default-executor-4] INFO  impl.FollowerInfo (FollowerInfo.java:lambda$new$0(51)) - fdb07fac-a038-4dd2-bf3a-e692e6ea73ee@group-8ED5B5EAAF88->0c62d7ee-acdc-4014-b8e4-a22ebcbdb566: nextIndex: updateUnconditionally 0 -> 0
2019-09-30 20:12:43,683 [Thread-1565] INFO  client.GrpcClientProtocolService (GrpcClientProtocolService.java:lambda$processClientRequest$0(278)) - Failed RaftClientRequest:client-3AAD810D7B2D->fdb07fac-a038-4dd2-bf3a-e692e6ea73ee@group-8ED5B5EAAF88, cid=67, seq=0, Watch-ALL_COMMITTED(90), Message:<EMPTY>, reply=RaftClientReply:client-3AAD810D7B2D->fdb07fac-a038-4dd2-bf3a-e692e6ea73ee@group-8ED5B5EAAF88, cid=67, FAILED org.apache.ratis.protocol.NotReplicatedException: Request with call Id 67 and log index 90 is not yet replicated to ALL_COMMITTED, logIndex=90, commits[fdb07fac-a038-4dd2-bf3a-e692e6ea73ee:c2, 0c62d7ee-acdc-4014-b8e4-a22ebcbdb566:c2, e3cd7ddd-71e6-4087-b78a-a2f343ce8905:c2]
2019-09-30 20:12:45,202 [grpc-default-executor-2] WARN  server.GrpcLogAppender (LogUtils.java:warn(134)) - fdb07fac-a038-4dd2-bf3a-e692e6ea73ee@group-8ED5B5EAAF88->e3cd7ddd-71e6-4087-b78a-a2f343ce8905-AppendLogResponseHandler: Failed appendEntries: org.apache.ratis.thirdparty.io.grpc.StatusRuntimeException: UNAVAILABLE: io exception
2019-09-30 20:12:45,202 [grpc-default-executor-0] WARN  server.GrpcLogAppender (LogUtils.java:warn(134)) - fdb07fac-a038-4dd2-bf3a-e692e6ea73ee@group-8ED5B5EAAF88->0c62d7ee-acdc-4014-b8e4-a22ebcbdb566-AppendLogResponseHandler: Failed appendEntries: org.apache.ratis.thirdparty.io.grpc.StatusRuntimeException: UNAVAILABLE: io exception
2019-09-30 20:12:45,204 [grpc-default-executor-2] INFO  impl.FollowerInfo (FollowerInfo.java:lambda$new$0(51)) - fdb07fac-a038-4dd2-bf3a-e692e6ea73ee@group-8ED5B5EAAF88->e3cd7ddd-71e6-4087-b78a-a2f343ce8905: nextIndex: updateUnconditionally 0 -> 0
2019-09-30 20:12:45,205 [grpc-default-executor-0] INFO  impl.FollowerInfo (FollowerInfo.java:lambda$new$0(51)) - fdb07fac-a038-4dd2-bf3a-e692e6ea73ee@group-8ED5B5EAAF88->0c62d7ee-acdc-4014-b8e4-a22ebcbdb566: nextIndex: updateUnconditionally 0 -> 0
2019-09-30 20:12:47,706 [grpc-default-executor-4] WARN  server.GrpcLogAppender (LogUtils.java:warn(134)) - fdb07fac-a038-4dd2-bf3a-e692e6ea73ee@group-8ED5B5EAAF88->e3cd7ddd-71e6-4087-b78a-a2f343ce8905-AppendLogResponseHandler: Failed appendEntries: org.apache.ratis.thirdparty.io.grpc.StatusRuntimeException: UNAVAILABLE: io exception
2019-09-30 20:12:47,706 [grpc-default-executor-3] WARN  server.GrpcLogAppender (LogUtils.java:warn(134)) - fdb07fac-a038-4dd2-bf3a-e692e6ea73ee@group-8ED5B5EAAF88->0c62d7ee-acdc-4014-b8e4-a22ebcbdb566-AppendLogResponseHandler: Failed appendEntries: org.apache.ratis.thirdparty.io.grpc.StatusRuntimeException: UNAVAILABLE: io exception
2019-09-30 20:12:47,707 [grpc-default-executor-4] INFO  impl.FollowerInfo (FollowerInfo.java:lambda$new$0(51)) - fdb07fac-a038-4dd2-bf3a-e692e6ea73ee@group-8ED5B5EAAF88->e3cd7ddd-71e6-4087-b78a-a2f343ce8905: nextIndex: updateUnconditionally 0 -> 0
2019-09-30 20:12:47,707 [grpc-default-executor-3] INFO  impl.FollowerInfo (FollowerInfo.java:lambda$new$0(51)) - fdb07fac-a038-4dd2-bf3a-e692e6ea73ee@group-8ED5B5EAAF88->0c62d7ee-acdc-4014-b8e4-a22ebcbdb566: nextIndex: updateUnconditionally 0 -> 0
2019-09-30 20:12:50,213 [grpc-default-executor-3] WARN  server.GrpcLogAppender (LogUtils.java:warn(134)) - fdb07fac-a038-4dd2-bf3a-e692e6ea73ee@group-8ED5B5EAAF88->e3cd7ddd-71e6-4087-b78a-a2f343ce8905-AppendLogResponseHandler: Failed appendEntries: org.apache.ratis.thirdparty.io.grpc.StatusRuntimeException: UNAVAILABLE: io exception
2019-09-30 20:12:50,213 [grpc-default-executor-4] WARN  server.GrpcLogAppender (LogUtils.java:warn(134)) - fdb07fac-a038-4dd2-bf3a-e692e6ea73ee@group-8ED5B5EAAF88->0c62d7ee-acdc-4014-b8e4-a22ebcbdb566-AppendLogResponseHandler: Failed appendEntries: org.apache.ratis.thirdparty.io.grpc.StatusRuntimeException: UNAVAILABLE: io exception
2019-09-30 20:12:50,215 [grpc-default-executor-3] INFO  impl.FollowerInfo (FollowerInfo.java:lambda$new$0(51)) - fdb07fac-a038-4dd2-bf3a-e692e6ea73ee@group-8ED5B5EAAF88->e3cd7ddd-71e6-4087-b78a-a2f343ce8905: nextIndex: updateUnconditionally 0 -> 0
2019-09-30 20:12:50,215 [grpc-default-executor-4] INFO  impl.FollowerInfo (FollowerInfo.java:lambda$new$0(51)) - fdb07fac-a038-4dd2-bf3a-e692e6ea73ee@group-8ED5B5EAAF88->0c62d7ee-acdc-4014-b8e4-a22ebcbdb566: nextIndex: updateUnconditionally 0 -> 0
2019-09-30 20:12:52,715 [grpc-default-executor-4] WARN  server.GrpcLogAppender (LogUtils.java:warn(134)) - fdb07fac-a038-4dd2-bf3a-e692e6ea73ee@group-8ED5B5EAAF88->e3cd7ddd-71e6-4087-b78a-a2f343ce8905-AppendLogResponseHandler: Failed appendEntries: org.apache.ratis.thirdparty.io.grpc.StatusRuntimeException: UNAVAILABLE: io exception
2019-09-30 20:12:52,715 [grpc-default-executor-3] WARN  server.GrpcLogAppender (LogUtils.java:warn(134)) - fdb07fac-a038-4dd2-bf3a-e692e6ea73ee@group-8ED5B5EAAF88->0c62d7ee-acdc-4014-b8e4-a22ebcbdb566-AppendLogResponseHandler: Failed appendEntries: org.apache.ratis.thirdparty.io.grpc.StatusRuntimeException: UNAVAILABLE: io exception
2019-09-30 20:12:52,716 [grpc-default-executor-4] INFO  impl.FollowerInfo (FollowerInfo.java:lambda$new$0(51)) - fdb07fac-a038-4dd2-bf3a-e692e6ea73ee@group-8ED5B5EAAF88->e3cd7ddd-71e6-4087-b78a-a2f343ce8905: nextIndex: updateUnconditionally 0 -> 0
2019-09-30 20:12:52,716 [grpc-default-executor-3] INFO  impl.FollowerInfo (FollowerInfo.java:lambda$new$0(51)) - fdb07fac-a038-4dd2-bf3a-e692e6ea73ee@group-8ED5B5EAAF88->0c62d7ee-acdc-4014-b8e4-a22ebcbdb566: nextIndex: updateUnconditionally 0 -> 0
2019-09-30 20:12:52,973 [main] WARN  scm.XceiverClientRatis (XceiverClientRatis.java:watchForCommit(292)) - 3 way commit failed on pipeline Pipeline[ Id: 3d1417a6-0f48-4924-96db-8ed5b5eaaf88, Nodes: e3cd7ddd-71e6-4087-b78a-a2f343ce8905{ip: 192.168.164.209, host: pr-hdds-2210-ncz7r-3016196628, networkLocation: /default-rack, certSerialId: null}0c62d7ee-acdc-4014-b8e4-a22ebcbdb566{ip: 192.168.164.209, host: pr-hdds-2210-ncz7r-3016196628, networkLocation: /default-rack, certSerialId: null}fdb07fac-a038-4dd2-bf3a-e692e6ea73ee{ip: 192.168.164.209, host: pr-hdds-2210-ncz7r-3016196628, networkLocation: /default-rack, certSerialId: null}, Type:RATIS, Factor:THREE, State:OPEN]
java.util.concurrent.TimeoutException
	at java.util.concurrent.CompletableFuture.timedGet(CompletableFuture.java:1771)
	at java.util.concurrent.CompletableFuture.get(CompletableFuture.java:1915)
	at org.apache.hadoop.hdds.scm.XceiverClientRatis.watchForCommit(XceiverClientRatis.java:289)
	at org.apache.hadoop.ozone.client.rpc.TestWatchForCommit.testWatchForCommitForRetryfailure(TestWatchForCommit.java:345)
	at sun.reflect.NativeMethodAccessorImpl.invoke0(Native Method)
	at sun.reflect.NativeMethodAccessorImpl.invoke(NativeMethodAccessorImpl.java:62)
	at sun.reflect.DelegatingMethodAccessorImpl.invoke(DelegatingMethodAccessorImpl.java:43)
	at java.lang.reflect.Method.invoke(Method.java:498)
	at org.junit.runners.model.FrameworkMethod$1.runReflectiveCall(FrameworkMethod.java:47)
	at org.junit.internal.runners.model.ReflectiveCallable.run(ReflectiveCallable.java:12)
	at org.junit.runners.model.FrameworkMethod.invokeExplosively(FrameworkMethod.java:44)
	at org.junit.internal.runners.statements.InvokeMethod.evaluate(InvokeMethod.java:17)
	at org.junit.runners.ParentRunner.runLeaf(ParentRunner.java:271)
	at org.junit.runners.BlockJUnit4ClassRunner.runChild(BlockJUnit4ClassRunner.java:70)
	at org.junit.runners.BlockJUnit4ClassRunner.runChild(BlockJUnit4ClassRunner.java:50)
	at org.junit.runners.ParentRunner$3.run(ParentRunner.java:238)
	at org.junit.runners.ParentRunner$1.schedule(ParentRunner.java:63)
	at org.junit.runners.ParentRunner.runChildren(ParentRunner.java:236)
	at org.junit.runners.ParentRunner.access$000(ParentRunner.java:53)
	at org.junit.runners.ParentRunner$2.evaluate(ParentRunner.java:229)
	at org.junit.runners.ParentRunner.run(ParentRunner.java:309)
	at org.apache.maven.surefire.junit4.JUnit4Provider.execute(JUnit4Provider.java:365)
	at org.apache.maven.surefire.junit4.JUnit4Provider.executeWithRerun(JUnit4Provider.java:273)
	at org.apache.maven.surefire.junit4.JUnit4Provider.executeTestSet(JUnit4Provider.java:238)
	at org.apache.maven.surefire.junit4.JUnit4Provider.invoke(JUnit4Provider.java:159)
	at org.apache.maven.surefire.booter.ForkedBooter.invokeProviderInSameClassLoader(ForkedBooter.java:384)
	at org.apache.maven.surefire.booter.ForkedBooter.runSuitesInProcess(ForkedBooter.java:345)
	at org.apache.maven.surefire.booter.ForkedBooter.execute(ForkedBooter.java:126)
	at org.apache.maven.surefire.booter.ForkedBooter.main(ForkedBooter.java:418)
2019-09-30 20:12:53,685 [Thread-1578] INFO  client.GrpcClientProtocolService (GrpcClientProtocolService.java:lambda$processClientRequest$0(278)) - Failed RaftClientRequest:client-3AAD810D7B2D->fdb07fac-a038-4dd2-bf3a-e692e6ea73ee@group-8ED5B5EAAF88, cid=67, seq=0, Watch-ALL_COMMITTED(90), Message:<EMPTY>, reply=RaftClientReply:client-3AAD810D7B2D->fdb07fac-a038-4dd2-bf3a-e692e6ea73ee@group-8ED5B5EAAF88, cid=67, FAILED org.apache.ratis.protocol.NotReplicatedException: Request with call Id 67 and log index 90 is not yet replicated to ALL_COMMITTED, logIndex=90, commits[fdb07fac-a038-4dd2-bf3a-e692e6ea73ee:c2, 0c62d7ee-acdc-4014-b8e4-a22ebcbdb566:c2, e3cd7ddd-71e6-4087-b78a-a2f343ce8905:c2]
2019-09-30 20:12:55,217 [grpc-default-executor-4] WARN  server.GrpcLogAppender (LogUtils.java:warn(134)) - fdb07fac-a038-4dd2-bf3a-e692e6ea73ee@group-8ED5B5EAAF88->0c62d7ee-acdc-4014-b8e4-a22ebcbdb566-AppendLogResponseHandler: Failed appendEntries: org.apache.ratis.thirdparty.io.grpc.StatusRuntimeException: UNAVAILABLE: io exception
2019-09-30 20:12:55,217 [grpc-default-executor-3] WARN  server.GrpcLogAppender (LogUtils.java:warn(134)) - fdb07fac-a038-4dd2-bf3a-e692e6ea73ee@group-8ED5B5EAAF88->e3cd7ddd-71e6-4087-b78a-a2f343ce8905-AppendLogResponseHandler: Failed appendEntries: org.apache.ratis.thirdparty.io.grpc.StatusRuntimeException: UNAVAILABLE: io exception
2019-09-30 20:12:55,226 [grpc-default-executor-3] INFO  impl.FollowerInfo (FollowerInfo.java:lambda$new$0(51)) - fdb07fac-a038-4dd2-bf3a-e692e6ea73ee@group-8ED5B5EAAF88->e3cd7ddd-71e6-4087-b78a-a2f343ce8905: nextIndex: updateUnconditionally 0 -> 0
2019-09-30 20:12:55,226 [grpc-default-executor-4] INFO  impl.FollowerInfo (FollowerInfo.java:lambda$new$0(51)) - fdb07fac-a038-4dd2-bf3a-e692e6ea73ee@group-8ED5B5EAAF88->0c62d7ee-acdc-4014-b8e4-a22ebcbdb566: nextIndex: updateUnconditionally 0 -> 0
2019-09-30 20:12:57,720 [grpc-default-executor-4] WARN  server.GrpcLogAppender (LogUtils.java:warn(134)) - fdb07fac-a038-4dd2-bf3a-e692e6ea73ee@group-8ED5B5EAAF88->e3cd7ddd-71e6-4087-b78a-a2f343ce8905-AppendLogResponseHandler: Failed appendEntries: org.apache.ratis.thirdparty.io.grpc.StatusRuntimeException: UNAVAILABLE: io exception
2019-09-30 20:12:57,720 [grpc-default-executor-6] WARN  server.GrpcLogAppender (LogUtils.java:warn(134)) - fdb07fac-a038-4dd2-bf3a-e692e6ea73ee@group-8ED5B5EAAF88->0c62d7ee-acdc-4014-b8e4-a22ebcbdb566-AppendLogResponseHandler: Failed appendEntries: org.apache.ratis.thirdparty.io.grpc.StatusRuntimeException: UNAVAILABLE: io exception
2019-09-30 20:12:57,721 [grpc-default-executor-4] INFO  impl.FollowerInfo (FollowerInfo.java:lambda$new$0(51)) - fdb07fac-a038-4dd2-bf3a-e692e6ea73ee@group-8ED5B5EAAF88->e3cd7ddd-71e6-4087-b78a-a2f343ce8905: nextIndex: updateUnconditionally 0 -> 0
2019-09-30 20:12:57,721 [grpc-default-executor-6] INFO  impl.FollowerInfo (FollowerInfo.java:lambda$new$0(51)) - fdb07fac-a038-4dd2-bf3a-e692e6ea73ee@group-8ED5B5EAAF88->0c62d7ee-acdc-4014-b8e4-a22ebcbdb566: nextIndex: updateUnconditionally 0 -> 0
2019-09-30 20:13:00,222 [grpc-default-executor-4] WARN  server.GrpcLogAppender (LogUtils.java:warn(134)) - fdb07fac-a038-4dd2-bf3a-e692e6ea73ee@group-8ED5B5EAAF88->e3cd7ddd-71e6-4087-b78a-a2f343ce8905-AppendLogResponseHandler: Failed appendEntries: org.apache.ratis.thirdparty.io.grpc.StatusRuntimeException: UNAVAILABLE: io exception
2019-09-30 20:13:00,222 [grpc-default-executor-6] WARN  server.GrpcLogAppender (LogUtils.java:warn(134)) - fdb07fac-a038-4dd2-bf3a-e692e6ea73ee@group-8ED5B5EAAF88->0c62d7ee-acdc-4014-b8e4-a22ebcbdb566-AppendLogResponseHandler: Failed appendEntries: org.apache.ratis.thirdparty.io.grpc.StatusRuntimeException: UNAVAILABLE: io exception
2019-09-30 20:13:00,224 [grpc-default-executor-4] INFO  impl.FollowerInfo (FollowerInfo.java:lambda$new$0(51)) - fdb07fac-a038-4dd2-bf3a-e692e6ea73ee@group-8ED5B5EAAF88->e3cd7ddd-71e6-4087-b78a-a2f343ce8905: nextIndex: updateUnconditionally 0 -> 0
2019-09-30 20:13:00,224 [grpc-default-executor-6] INFO  impl.FollowerInfo (FollowerInfo.java:lambda$new$0(51)) - fdb07fac-a038-4dd2-bf3a-e692e6ea73ee@group-8ED5B5EAAF88->0c62d7ee-acdc-4014-b8e4-a22ebcbdb566: nextIndex: updateUnconditionally 0 -> 0
2019-09-30 20:13:02,724 [grpc-default-executor-0] WARN  server.GrpcLogAppender (LogUtils.java:warn(134)) - fdb07fac-a038-4dd2-bf3a-e692e6ea73ee@group-8ED5B5EAAF88->e3cd7ddd-71e6-4087-b78a-a2f343ce8905-AppendLogResponseHandler: Failed appendEntries: org.apache.ratis.thirdparty.io.grpc.StatusRuntimeException: UNAVAILABLE: io exception
2019-09-30 20:13:02,724 [grpc-default-executor-7] WARN  server.GrpcLogAppender (LogUtils.java:warn(134)) - fdb07fac-a038-4dd2-bf3a-e692e6ea73ee@group-8ED5B5EAAF88->0c62d7ee-acdc-4014-b8e4-a22ebcbdb566-AppendLogResponseHandler: Failed appendEntries: org.apache.ratis.thirdparty.io.grpc.StatusRuntimeException: UNAVAILABLE: io exception
2019-09-30 20:13:02,724 [grpc-default-executor-0] INFO  impl.FollowerInfo (FollowerInfo.java:lambda$new$0(51)) - fdb07fac-a038-4dd2-bf3a-e692e6ea73ee@group-8ED5B5EAAF88->e3cd7ddd-71e6-4087-b78a-a2f343ce8905: nextIndex: updateUnconditionally 0 -> 0
2019-09-30 20:13:02,725 [grpc-default-executor-7] INFO  impl.FollowerInfo (FollowerInfo.java:lambda$new$0(51)) - fdb07fac-a038-4dd2-bf3a-e692e6ea73ee@group-8ED5B5EAAF88->0c62d7ee-acdc-4014-b8e4-a22ebcbdb566: nextIndex: updateUnconditionally 0 -> 0
2019-09-30 20:13:03,684 [Thread-1595] INFO  client.GrpcClientProtocolService (GrpcClientProtocolService.java:lambda$processClientRequest$0(278)) - Failed RaftClientRequest:client-3AAD810D7B2D->fdb07fac-a038-4dd2-bf3a-e692e6ea73ee@group-8ED5B5EAAF88, cid=67, seq=0, Watch-ALL_COMMITTED(90), Message:<EMPTY>, reply=RaftClientReply:client-3AAD810D7B2D->fdb07fac-a038-4dd2-bf3a-e692e6ea73ee@group-8ED5B5EAAF88, cid=67, FAILED org.apache.ratis.protocol.NotReplicatedException: Request with call Id 67 and log index 90 is not yet replicated to ALL_COMMITTED, logIndex=90, commits[fdb07fac-a038-4dd2-bf3a-e692e6ea73ee:c2, 0c62d7ee-acdc-4014-b8e4-a22ebcbdb566:c2, e3cd7ddd-71e6-4087-b78a-a2f343ce8905:c2]
2019-09-30 20:13:03,684 [Thread-1596] INFO  client.GrpcClientProtocolService (GrpcClientProtocolService.java:lambda$processClientRequest$0(278)) - Failed RaftClientRequest:client-3AAD810D7B2D->fdb07fac-a038-4dd2-bf3a-e692e6ea73ee@group-8ED5B5EAAF88, cid=68, seq=0, Watch-MAJORITY_COMMITTED(90), Message:<EMPTY>, reply=RaftClientReply:client-3AAD810D7B2D->fdb07fac-a038-4dd2-bf3a-e692e6ea73ee@group-8ED5B5EAAF88, cid=68, FAILED org.apache.ratis.protocol.NotReplicatedException: Request with call Id 68 and log index 90 is not yet replicated to MAJORITY_COMMITTED, logIndex=90, commits[fdb07fac-a038-4dd2-bf3a-e692e6ea73ee:c2, 0c62d7ee-acdc-4014-b8e4-a22ebcbdb566:c2, e3cd7ddd-71e6-4087-b78a-a2f343ce8905:c2]
2019-09-30 20:13:05,228 [grpc-default-executor-0] WARN  server.GrpcLogAppender (LogUtils.java:warn(134)) - fdb07fac-a038-4dd2-bf3a-e692e6ea73ee@group-8ED5B5EAAF88->0c62d7ee-acdc-4014-b8e4-a22ebcbdb566-AppendLogResponseHandler: Failed appendEntries: org.apache.ratis.thirdparty.io.grpc.StatusRuntimeException: UNAVAILABLE: io exception
2019-09-30 20:13:05,228 [grpc-default-executor-6] WARN  server.GrpcLogAppender (LogUtils.java:warn(134)) - fdb07fac-a038-4dd2-bf3a-e692e6ea73ee@group-8ED5B5EAAF88->e3cd7ddd-71e6-4087-b78a-a2f343ce8905-AppendLogResponseHandler: Failed appendEntries: org.apache.ratis.thirdparty.io.grpc.StatusRuntimeException: UNAVAILABLE: io exception
2019-09-30 20:13:05,235 [grpc-default-executor-0] INFO  impl.FollowerInfo (FollowerInfo.java:lambda$new$0(51)) - fdb07fac-a038-4dd2-bf3a-e692e6ea73ee@group-8ED5B5EAAF88->0c62d7ee-acdc-4014-b8e4-a22ebcbdb566: nextIndex: updateUnconditionally 0 -> 0
2019-09-30 20:13:05,235 [grpc-default-executor-6] INFO  impl.FollowerInfo (FollowerInfo.java:lambda$new$0(51)) - fdb07fac-a038-4dd2-bf3a-e692e6ea73ee@group-8ED5B5EAAF88->e3cd7ddd-71e6-4087-b78a-a2f343ce8905: nextIndex: updateUnconditionally 0 -> 0
2019-09-30 20:13:07,729 [grpc-default-executor-3] WARN  server.GrpcLogAppender (LogUtils.java:warn(134)) - fdb07fac-a038-4dd2-bf3a-e692e6ea73ee@group-8ED5B5EAAF88->0c62d7ee-acdc-4014-b8e4-a22ebcbdb566-AppendLogResponseHandler: Failed appendEntries: org.apache.ratis.thirdparty.io.grpc.StatusRuntimeException: UNAVAILABLE: io exception
2019-09-30 20:13:07,729 [grpc-default-executor-4] WARN  server.GrpcLogAppender (LogUtils.java:warn(134)) - fdb07fac-a038-4dd2-bf3a-e692e6ea73ee@group-8ED5B5EAAF88->e3cd7ddd-71e6-4087-b78a-a2f343ce8905-AppendLogResponseHandler: Failed appendEntries: org.apache.ratis.thirdparty.io.grpc.StatusRuntimeException: UNAVAILABLE: io exception
2019-09-30 20:13:07,730 [grpc-default-executor-3] INFO  impl.FollowerInfo (FollowerInfo.java:lambda$new$0(51)) - fdb07fac-a038-4dd2-bf3a-e692e6ea73ee@group-8ED5B5EAAF88->0c62d7ee-acdc-4014-b8e4-a22ebcbdb566: nextIndex: updateUnconditionally 0 -> 0
2019-09-30 20:13:07,730 [grpc-default-executor-4] INFO  impl.FollowerInfo (FollowerInfo.java:lambda$new$0(51)) - fdb07fac-a038-4dd2-bf3a-e692e6ea73ee@group-8ED5B5EAAF88->e3cd7ddd-71e6-4087-b78a-a2f343ce8905: nextIndex: updateUnconditionally 0 -> 0
2019-09-30 20:13:10,230 [grpc-default-executor-3] WARN  server.GrpcLogAppender (LogUtils.java:warn(134)) - fdb07fac-a038-4dd2-bf3a-e692e6ea73ee@group-8ED5B5EAAF88->e3cd7ddd-71e6-4087-b78a-a2f343ce8905-AppendLogResponseHandler: Failed appendEntries: org.apache.ratis.thirdparty.io.grpc.StatusRuntimeException: UNAVAILABLE: io exception
2019-09-30 20:13:10,230 [grpc-default-executor-6] WARN  server.GrpcLogAppender (LogUtils.java:warn(134)) - fdb07fac-a038-4dd2-bf3a-e692e6ea73ee@group-8ED5B5EAAF88->0c62d7ee-acdc-4014-b8e4-a22ebcbdb566-AppendLogResponseHandler: Failed appendEntries: org.apache.ratis.thirdparty.io.grpc.StatusRuntimeException: UNAVAILABLE: io exception
2019-09-30 20:13:10,230 [grpc-default-executor-3] INFO  impl.FollowerInfo (FollowerInfo.java:lambda$new$0(51)) - fdb07fac-a038-4dd2-bf3a-e692e6ea73ee@group-8ED5B5EAAF88->e3cd7ddd-71e6-4087-b78a-a2f343ce8905: nextIndex: updateUnconditionally 0 -> 0
2019-09-30 20:13:10,230 [grpc-default-executor-6] INFO  impl.FollowerInfo (FollowerInfo.java:lambda$new$0(51)) - fdb07fac-a038-4dd2-bf3a-e692e6ea73ee@group-8ED5B5EAAF88->0c62d7ee-acdc-4014-b8e4-a22ebcbdb566: nextIndex: updateUnconditionally 0 -> 0
2019-09-30 20:13:12,734 [grpc-default-executor-3] WARN  server.GrpcLogAppender (LogUtils.java:warn(134)) - fdb07fac-a038-4dd2-bf3a-e692e6ea73ee@group-8ED5B5EAAF88->e3cd7ddd-71e6-4087-b78a-a2f343ce8905-AppendLogResponseHandler: Failed appendEntries: org.apache.ratis.thirdparty.io.grpc.StatusRuntimeException: UNAVAILABLE: io exception
2019-09-30 20:13:12,734 [grpc-default-executor-0] WARN  server.GrpcLogAppender (LogUtils.java:warn(134)) - fdb07fac-a038-4dd2-bf3a-e692e6ea73ee@group-8ED5B5EAAF88->0c62d7ee-acdc-4014-b8e4-a22ebcbdb566-AppendLogResponseHandler: Failed appendEntries: org.apache.ratis.thirdparty.io.grpc.StatusRuntimeException: UNAVAILABLE: io exception
2019-09-30 20:13:12,736 [grpc-default-executor-3] INFO  impl.FollowerInfo (FollowerInfo.java:lambda$new$0(51)) - fdb07fac-a038-4dd2-bf3a-e692e6ea73ee@group-8ED5B5EAAF88->e3cd7ddd-71e6-4087-b78a-a2f343ce8905: nextIndex: updateUnconditionally 0 -> 0
2019-09-30 20:13:12,736 [grpc-default-executor-0] INFO  impl.FollowerInfo (FollowerInfo.java:lambda$new$0(51)) - fdb07fac-a038-4dd2-bf3a-e692e6ea73ee@group-8ED5B5EAAF88->0c62d7ee-acdc-4014-b8e4-a22ebcbdb566: nextIndex: updateUnconditionally 0 -> 0
]]></system-out>
    <system-err><![CDATA[Sep 30, 2019 8:12:27 PM org.apache.ratis.thirdparty.io.grpc.internal.SerializingExecutor run
SEVERE: Exception while executing runnable org.apache.ratis.thirdparty.io.grpc.internal.ServerImpl$JumpToApplicationThreadServerStreamListener$1Closed@efd88f5
org.apache.ratis.thirdparty.io.grpc.StatusRuntimeException: CANCELLED: call already cancelled
	at org.apache.ratis.thirdparty.io.grpc.Status.asRuntimeException(Status.java:517)
	at org.apache.ratis.thirdparty.io.grpc.stub.ServerCalls$ServerCallStreamObserverImpl.onCompleted(ServerCalls.java:356)
	at org.apache.ratis.grpc.server.GrpcServerProtocolService$ServerRequestStreamObserver.onError(GrpcServerProtocolService.java:121)
	at org.apache.ratis.thirdparty.io.grpc.stub.ServerCalls$StreamingServerCallHandler$StreamingServerCallListener.onCancel(ServerCalls.java:269)
	at org.apache.ratis.thirdparty.io.grpc.internal.ServerCallImpl$ServerStreamListenerImpl.closed(ServerCallImpl.java:293)
	at org.apache.ratis.thirdparty.io.grpc.internal.ServerImpl$JumpToApplicationThreadServerStreamListener$1Closed.runInContext(ServerImpl.java:741)
	at org.apache.ratis.thirdparty.io.grpc.internal.ContextRunnable.run(ContextRunnable.java:37)
	at org.apache.ratis.thirdparty.io.grpc.internal.SerializingExecutor.run(SerializingExecutor.java:123)
	at java.util.concurrent.ThreadPoolExecutor.runWorker(ThreadPoolExecutor.java:1149)
	at java.util.concurrent.ThreadPoolExecutor$Worker.run(ThreadPoolExecutor.java:624)
	at java.lang.Thread.run(Thread.java:748)

Sep 30, 2019 8:12:32 PM org.apache.ratis.thirdparty.io.grpc.internal.SerializingExecutor run
SEVERE: Exception while executing runnable org.apache.ratis.thirdparty.io.grpc.internal.ServerImpl$JumpToApplicationThreadServerStreamListener$1Closed@2176bc2d
org.apache.ratis.thirdparty.io.grpc.StatusRuntimeException: CANCELLED: call already cancelled
	at org.apache.ratis.thirdparty.io.grpc.Status.asRuntimeException(Status.java:517)
	at org.apache.ratis.thirdparty.io.grpc.stub.ServerCalls$ServerCallStreamObserverImpl.onCompleted(ServerCalls.java:356)
	at org.apache.ratis.grpc.server.GrpcServerProtocolService$ServerRequestStreamObserver.onError(GrpcServerProtocolService.java:121)
	at org.apache.ratis.thirdparty.io.grpc.stub.ServerCalls$StreamingServerCallHandler$StreamingServerCallListener.onCancel(ServerCalls.java:269)
	at org.apache.ratis.thirdparty.io.grpc.internal.ServerCallImpl$ServerStreamListenerImpl.closed(ServerCallImpl.java:293)
	at org.apache.ratis.thirdparty.io.grpc.internal.ServerImpl$JumpToApplicationThreadServerStreamListener$1Closed.runInContext(ServerImpl.java:741)
	at org.apache.ratis.thirdparty.io.grpc.internal.ContextRunnable.run(ContextRunnable.java:37)
	at org.apache.ratis.thirdparty.io.grpc.internal.SerializingExecutor.run(SerializingExecutor.java:123)
	at java.util.concurrent.ThreadPoolExecutor.runWorker(ThreadPoolExecutor.java:1149)
	at java.util.concurrent.ThreadPoolExecutor$Worker.run(ThreadPoolExecutor.java:624)
	at java.lang.Thread.run(Thread.java:748)

]]></system-err>
  </testcase>
  <testcase name="testWatchForCommitForGroupMismatchException" classname="org.apache.hadoop.ozone.client.rpc.TestWatchForCommit" time="31.971"/>
  <testcase name="test2WayCommitForTimeoutException" classname="org.apache.hadoop.ozone.client.rpc.TestWatchForCommit" time="27.351">
    <error message="org.apache.ratis.protocol.RaftRetryFailureException: Failed RaftClientRequest:client-A7B2DB4A5F8B-&gt;85c3c454-62b1-4588-ba3a-62b937fadb3f@group-E420B1E8A2B5, cid=103, seq=2*, RW, org.apache.hadoop.hdds.scm.XceiverClientRatis$$Lambda$464/2099541600@6bdf4872 for 20 attempts with RetryLimited(maxAttempts=20, sleepTime=1000ms)" type="java.util.concurrent.ExecutionException">java.util.concurrent.ExecutionException: org.apache.ratis.protocol.RaftRetryFailureException: Failed RaftClientRequest:client-A7B2DB4A5F8B->85c3c454-62b1-4588-ba3a-62b937fadb3f@group-E420B1E8A2B5, cid=103, seq=2*, RW, org.apache.hadoop.hdds.scm.XceiverClientRatis$$Lambda$464/2099541600@6bdf4872 for 20 attempts with RetryLimited(maxAttempts=20, sleepTime=1000ms)
	at java.util.concurrent.CompletableFuture.reportGet(CompletableFuture.java:357)
	at java.util.concurrent.CompletableFuture.get(CompletableFuture.java:1895)
	at org.apache.hadoop.ozone.client.rpc.TestWatchForCommit.test2WayCommitForTimeoutException(TestWatchForCommit.java:390)
	at sun.reflect.NativeMethodAccessorImpl.invoke0(Native Method)
	at sun.reflect.NativeMethodAccessorImpl.invoke(NativeMethodAccessorImpl.java:62)
	at sun.reflect.DelegatingMethodAccessorImpl.invoke(DelegatingMethodAccessorImpl.java:43)
	at java.lang.reflect.Method.invoke(Method.java:498)
	at org.junit.runners.model.FrameworkMethod$1.runReflectiveCall(FrameworkMethod.java:47)
	at org.junit.internal.runners.model.ReflectiveCallable.run(ReflectiveCallable.java:12)
	at org.junit.runners.model.FrameworkMethod.invokeExplosively(FrameworkMethod.java:44)
	at org.junit.internal.runners.statements.InvokeMethod.evaluate(InvokeMethod.java:17)
	at org.junit.runners.ParentRunner.runLeaf(ParentRunner.java:271)
	at org.junit.runners.BlockJUnit4ClassRunner.runChild(BlockJUnit4ClassRunner.java:70)
	at org.junit.runners.BlockJUnit4ClassRunner.runChild(BlockJUnit4ClassRunner.java:50)
	at org.junit.runners.ParentRunner$3.run(ParentRunner.java:238)
	at org.junit.runners.ParentRunner$1.schedule(ParentRunner.java:63)
	at org.junit.runners.ParentRunner.runChildren(ParentRunner.java:236)
	at org.junit.runners.ParentRunner.access$000(ParentRunner.java:53)
	at org.junit.runners.ParentRunner$2.evaluate(ParentRunner.java:229)
	at org.junit.runners.ParentRunner.run(ParentRunner.java:309)
	at org.apache.maven.surefire.junit4.JUnit4Provider.execute(JUnit4Provider.java:365)
	at org.apache.maven.surefire.junit4.JUnit4Provider.executeWithRerun(JUnit4Provider.java:273)
	at org.apache.maven.surefire.junit4.JUnit4Provider.executeTestSet(JUnit4Provider.java:238)
	at org.apache.maven.surefire.junit4.JUnit4Provider.invoke(JUnit4Provider.java:159)
	at org.apache.maven.surefire.booter.ForkedBooter.invokeProviderInSameClassLoader(ForkedBooter.java:384)
	at org.apache.maven.surefire.booter.ForkedBooter.runSuitesInProcess(ForkedBooter.java:345)
	at org.apache.maven.surefire.booter.ForkedBooter.execute(ForkedBooter.java:126)
	at org.apache.maven.surefire.booter.ForkedBooter.main(ForkedBooter.java:418)
Caused by: org.apache.ratis.protocol.RaftRetryFailureException: Failed RaftClientRequest:client-A7B2DB4A5F8B->85c3c454-62b1-4588-ba3a-62b937fadb3f@group-E420B1E8A2B5, cid=103, seq=2*, RW, org.apache.hadoop.hdds.scm.XceiverClientRatis$$Lambda$464/2099541600@6bdf4872 for 20 attempts with RetryLimited(maxAttempts=20, sleepTime=1000ms)
	at org.apache.ratis.client.impl.RaftClientImpl.noMoreRetries(RaftClientImpl.java:271)
	at org.apache.ratis.client.impl.OrderedAsync.handleAsyncRetryFailure(OrderedAsync.java:138)
	at org.apache.ratis.client.impl.OrderedAsync.lambda$sendRequest$10(OrderedAsync.java:230)
	at java.util.concurrent.CompletableFuture.uniExceptionally(CompletableFuture.java:870)
	at java.util.concurrent.CompletableFuture$UniExceptionally.tryFire(CompletableFuture.java:852)
	at java.util.concurrent.CompletableFuture.postComplete(CompletableFuture.java:474)
	at java.util.concurrent.CompletableFuture.completeExceptionally(CompletableFuture.java:1977)
	at org.apache.ratis.grpc.client.GrpcClientProtocolClient$AsyncStreamObservers.completeReplyExceptionally(GrpcClientProtocolClient.java:345)
	at org.apache.ratis.grpc.client.GrpcClientProtocolClient$AsyncStreamObservers.access$000(GrpcClientProtocolClient.java:261)
	at org.apache.ratis.grpc.client.GrpcClientProtocolClient$AsyncStreamObservers$1.onNext(GrpcClientProtocolClient.java:273)
	at org.apache.ratis.grpc.client.GrpcClientProtocolClient$AsyncStreamObservers$1.onNext(GrpcClientProtocolClient.java:264)
	at org.apache.ratis.thirdparty.io.grpc.stub.ClientCalls$StreamObserverToCallListenerAdapter.onMessage(ClientCalls.java:421)
	at org.apache.ratis.thirdparty.io.grpc.ForwardingClientCallListener.onMessage(ForwardingClientCallListener.java:33)
	at org.apache.ratis.thirdparty.io.grpc.ForwardingClientCallListener.onMessage(ForwardingClientCallListener.java:33)
	at org.apache.ratis.thirdparty.io.grpc.internal.ClientCallImpl$ClientStreamListenerImpl$1MessagesAvailable.runInContext(ClientCallImpl.java:519)
	at org.apache.ratis.thirdparty.io.grpc.internal.ContextRunnable.run(ContextRunnable.java:37)
	at org.apache.ratis.thirdparty.io.grpc.internal.SerializingExecutor.run(SerializingExecutor.java:123)
	at java.util.concurrent.ThreadPoolExecutor.runWorker(ThreadPoolExecutor.java:1149)
	at java.util.concurrent.ThreadPoolExecutor$Worker.run(ThreadPoolExecutor.java:624)
	at java.lang.Thread.run(Thread.java:748)
Caused by: org.apache.ratis.protocol.NotLeaderException: Server 85c3c454-62b1-4588-ba3a-62b937fadb3f@group-E420B1E8A2B5 is not the leader 565b4a1d-50e8-4bff-86d8-798d26741c85:192.168.164.209:32983
	at org.apache.ratis.client.impl.ClientProtoUtils.toRaftClientReply(ClientProtoUtils.java:243)
	at org.apache.ratis.grpc.client.GrpcClientProtocolClient$AsyncStreamObservers$1.onNext(GrpcClientProtocolClient.java:269)
	... 10 more
</error>
    <system-out><![CDATA[2019-09-30 20:13:44,984 [main] WARN  server.ServerUtils (ServerUtils.java:getScmDbDir(145)) - ozone.scm.db.dirs is not configured. We recommend adding this setting. Falling back to ozone.metadata.dirs instead.
2019-09-30 20:13:44,999 [main] WARN  server.ServerUtils (ServerUtils.java:getScmDbDir(145)) - ozone.scm.db.dirs is not configured. We recommend adding this setting. Falling back to ozone.metadata.dirs instead.
2019-09-30 20:13:44,999 [main] WARN  server.ServerUtils (ServerUtils.java:getScmDbDir(145)) - ozone.scm.db.dirs is not configured. We recommend adding this setting. Falling back to ozone.metadata.dirs instead.
2019-09-30 20:13:45,000 [main] INFO  db.DBStoreBuilder (DBStoreBuilder.java:addTable(110)) - using custom profile for table: deletedBlocks
2019-09-30 20:13:45,000 [main] INFO  db.DBStoreBuilder (DBStoreBuilder.java:processTables(161)) - Using default column profile:DBProfile.DISK for Table:deletedBlocks
2019-09-30 20:13:45,001 [main] INFO  db.DBStoreBuilder (DBStoreBuilder.java:addTable(110)) - using custom profile for table: validCerts
2019-09-30 20:13:45,001 [main] INFO  db.DBStoreBuilder (DBStoreBuilder.java:processTables(161)) - Using default column profile:DBProfile.DISK for Table:validCerts
2019-09-30 20:13:45,001 [main] INFO  db.DBStoreBuilder (DBStoreBuilder.java:addTable(110)) - using custom profile for table: revokedCerts
2019-09-30 20:13:45,001 [main] INFO  db.DBStoreBuilder (DBStoreBuilder.java:processTables(161)) - Using default column profile:DBProfile.DISK for Table:revokedCerts
2019-09-30 20:13:45,001 [main] INFO  db.DBStoreBuilder (DBStoreBuilder.java:addTable(110)) - using custom profile for table: default
2019-09-30 20:13:45,002 [main] INFO  db.DBStoreBuilder (DBStoreBuilder.java:processTables(167)) - Using default column profile:DBProfile.DISK for Table:default
2019-09-30 20:13:45,002 [main] INFO  db.DBStoreBuilder (DBStoreBuilder.java:getDbProfile(198)) - Using default options. DBProfile.DISK
2019-09-30 20:13:45,165 [main] INFO  net.NodeSchemaLoader (NodeSchemaLoader.java:loadSchemaFromFile(125)) - Loading file from sun.misc.CompoundEnumeration@35145874
2019-09-30 20:13:45,165 [main] INFO  net.NodeSchemaLoader (NodeSchemaLoader.java:loadSchema(171)) - Loading network topology layer schema file
2019-09-30 20:13:45,172 [main] WARN  server.ServerUtils (ServerUtils.java:sanitizeUserArgs(70)) - ozone.scm.stale.node.interval value = 300000 is larger than max = 100000 based on the key value of ozone.scm.heartbeat.thread.interval, reset to the max value 100000.
2019-09-30 20:13:45,172 [main] WARN  server.ServerUtils (ServerUtils.java:sanitizeUserArgs(70)) - ozone.scm.stale.node.interval value = 300000 is larger than max = 100000 based on the key value of ozone.scm.heartbeat.thread.interval, reset to the max value 100000.
2019-09-30 20:13:45,173 [main] INFO  node.SCMNodeManager (SCMNodeManager.java:<init>(114)) - Entering startup safe mode.
2019-09-30 20:13:45,173 [main] INFO  algorithms.ContainerPlacementPolicyFactory (ContainerPlacementPolicyFactory.java:getPolicy(57)) - Create container placement policy of type org.apache.hadoop.hdds.scm.container.placement.algorithms.SCMContainerPlacementRandom
2019-09-30 20:13:45,174 [main] WARN  server.ServerUtils (ServerUtils.java:getScmDbDir(145)) - ozone.scm.db.dirs is not configured. We recommend adding this setting. Falling back to ozone.metadata.dirs instead.
2019-09-30 20:13:45,212 [main] INFO  pipeline.SCMPipelineManager (SCMPipelineManager.java:initializePipelineState(132)) - No pipeline exists in current db
2019-09-30 20:13:45,212 [main] WARN  server.ServerUtils (ServerUtils.java:getScmDbDir(145)) - ozone.scm.db.dirs is not configured. We recommend adding this setting. Falling back to ozone.metadata.dirs instead.
2019-09-30 20:13:45,244 [grpc-default-executor-4] WARN  server.GrpcLogAppender (LogUtils.java:warn(134)) - fdb07fac-a038-4dd2-bf3a-e692e6ea73ee@group-8ED5B5EAAF88->0c62d7ee-acdc-4014-b8e4-a22ebcbdb566-AppendLogResponseHandler: Failed appendEntries: org.apache.ratis.thirdparty.io.grpc.StatusRuntimeException: UNAVAILABLE: io exception
2019-09-30 20:13:45,244 [grpc-default-executor-3] WARN  server.GrpcLogAppender (LogUtils.java:warn(134)) - fdb07fac-a038-4dd2-bf3a-e692e6ea73ee@group-8ED5B5EAAF88->e3cd7ddd-71e6-4087-b78a-a2f343ce8905-AppendLogResponseHandler: Failed appendEntries: org.apache.ratis.thirdparty.io.grpc.StatusRuntimeException: UNAVAILABLE: io exception
2019-09-30 20:13:45,244 [main] WARN  events.EventQueue (EventQueue.java:fireEvent(183)) - No event handler registered for event TypedEvent{payloadType=SafeModeStatus, name='SafeModeStatus'}
2019-09-30 20:13:45,244 [grpc-default-executor-4] INFO  impl.FollowerInfo (FollowerInfo.java:lambda$new$0(51)) - fdb07fac-a038-4dd2-bf3a-e692e6ea73ee@group-8ED5B5EAAF88->0c62d7ee-acdc-4014-b8e4-a22ebcbdb566: nextIndex: updateUnconditionally 0 -> 0
2019-09-30 20:13:45,244 [grpc-default-executor-3] INFO  impl.FollowerInfo (FollowerInfo.java:lambda$new$0(51)) - fdb07fac-a038-4dd2-bf3a-e692e6ea73ee@group-8ED5B5EAAF88->e3cd7ddd-71e6-4087-b78a-a2f343ce8905: nextIndex: updateUnconditionally 0 -> 0
2019-09-30 20:13:45,245 [main] INFO  ipc.CallQueueManager (CallQueueManager.java:<init>(84)) - Using callQueue: class java.util.concurrent.LinkedBlockingQueue, queueCapacity: 2000, scheduler: class org.apache.hadoop.ipc.DefaultRpcScheduler, ipcBackoff: false.
2019-09-30 20:13:45,246 [Socket Reader #1 for port 33313] INFO  ipc.Server (Server.java:run(1074)) - Starting Socket Reader #1 for port 33313
2019-09-30 20:13:45,269 [main] INFO  ipc.CallQueueManager (CallQueueManager.java:<init>(84)) - Using callQueue: class java.util.concurrent.LinkedBlockingQueue, queueCapacity: 2000, scheduler: class org.apache.hadoop.ipc.DefaultRpcScheduler, ipcBackoff: false.
2019-09-30 20:13:45,270 [Socket Reader #1 for port 45126] INFO  ipc.Server (Server.java:run(1074)) - Starting Socket Reader #1 for port 45126
2019-09-30 20:13:45,273 [main] INFO  ipc.CallQueueManager (CallQueueManager.java:<init>(84)) - Using callQueue: class java.util.concurrent.LinkedBlockingQueue, queueCapacity: 2000, scheduler: class org.apache.hadoop.ipc.DefaultRpcScheduler, ipcBackoff: false.
2019-09-30 20:13:45,274 [Socket Reader #1 for port 35886] INFO  ipc.Server (Server.java:run(1074)) - Starting Socket Reader #1 for port 35886
2019-09-30 20:13:45,279 [main] INFO  hdfs.DFSUtil (DFSUtil.java:httpServerTemplateForNNAndJN(1641)) - Starting Web-server for scm at: http://0.0.0.0:0
2019-09-30 20:13:45,281 [main] INFO  server.AuthenticationFilter (AuthenticationFilter.java:constructSecretProvider(240)) - Unable to initialize FileSignerSecretProvider, falling back to use random secrets.
2019-09-30 20:13:45,282 [main] WARN  http.HttpRequestLog (HttpRequestLog.java:getRequestLog(97)) - Jetty request log can only be enabled using Log4j
2019-09-30 20:13:45,284 [main] INFO  http.HttpServer2 (HttpServer2.java:addGlobalFilter(975)) - Added global filter 'safety' (class=org.apache.hadoop.http.HttpServer2$QuotingInputFilter)
2019-09-30 20:13:45,284 [main] INFO  http.HttpServer2 (HttpServer2.java:addFilter(948)) - Added filter static_user_filter (class=org.apache.hadoop.http.lib.StaticUserWebFilter$StaticUserFilter) to context scm
2019-09-30 20:13:45,285 [main] INFO  http.HttpServer2 (HttpServer2.java:addFilter(958)) - Added filter static_user_filter (class=org.apache.hadoop.http.lib.StaticUserWebFilter$StaticUserFilter) to context static
2019-09-30 20:13:45,285 [main] INFO  http.HttpServer2 (HttpServer2.java:addFilter(958)) - Added filter static_user_filter (class=org.apache.hadoop.http.lib.StaticUserWebFilter$StaticUserFilter) to context logs
2019-09-30 20:13:45,287 [main] INFO  server.StorageContainerManager (StorageContainerManager.java:start(770)) - StorageContainerLocationProtocol RPC server is listening at /0.0.0.0:35886
2019-09-30 20:13:45,290 [main] WARN  impl.MetricsConfig (MetricsConfig.java:loadFirst(134)) - Cannot locate configuration: tried hadoop-metrics2-storagecontainermanager.properties,hadoop-metrics2.properties
2019-09-30 20:13:45,291 [main] INFO  impl.MetricsSystemImpl (MetricsSystemImpl.java:startTimer(374)) - Scheduled Metric snapshot period at 10 second(s).
2019-09-30 20:13:45,291 [main] INFO  impl.MetricsSystemImpl (MetricsSystemImpl.java:start(191)) - StorageContainerManager metrics system started
2019-09-30 20:13:45,910 [main] WARN  impl.MetricsSystemImpl (MetricsSystemImpl.java:register(276)) - Sink prometheus already exists!
2019-09-30 20:13:46,167 [main] INFO  server.SCMClientProtocolServer (SCMClientProtocolServer.java:start(150)) - RPC server for Client  is listening at /0.0.0.0:35886
2019-09-30 20:13:46,168 [IPC Server Responder] INFO  ipc.Server (Server.java:run(1314)) - IPC Server Responder: starting
2019-09-30 20:13:46,168 [IPC Server listener on 35886] INFO  ipc.Server (Server.java:run(1153)) - IPC Server listener on 35886: starting
2019-09-30 20:13:46,175 [main] INFO  server.StorageContainerManager (StorageContainerManager.java:start(780)) - ScmBlockLocationProtocol RPC server is listening at /0.0.0.0:45126
2019-09-30 20:13:46,175 [main] INFO  server.SCMBlockProtocolServer (SCMBlockProtocolServer.java:start(146)) - RPC server for Block Protocol is listening at /0.0.0.0:45126
2019-09-30 20:13:46,176 [IPC Server Responder] INFO  ipc.Server (Server.java:run(1314)) - IPC Server Responder: starting
2019-09-30 20:13:46,176 [IPC Server listener on 45126] INFO  ipc.Server (Server.java:run(1153)) - IPC Server listener on 45126: starting
2019-09-30 20:13:46,190 [main] INFO  server.StorageContainerManager (StorageContainerManager.java:start(784)) - ScmDatanodeProtocl RPC server is listening at /0.0.0.0:33313
2019-09-30 20:13:46,190 [main] INFO  server.SCMDatanodeProtocolServer (SCMDatanodeProtocolServer.java:start(191)) - RPC server for DataNodes is listening at /0.0.0.0:33313
2019-09-30 20:13:46,191 [IPC Server Responder] INFO  ipc.Server (Server.java:run(1314)) - IPC Server Responder: starting
2019-09-30 20:13:46,191 [IPC Server listener on 33313] INFO  ipc.Server (Server.java:run(1153)) - IPC Server listener on 33313: starting
2019-09-30 20:13:46,199 [main] INFO  http.HttpServer2 (HttpServer2.java:bindListener(1191)) - Jetty bound to port 35990
2019-09-30 20:13:46,199 [main] INFO  server.Server (Server.java:doStart(351)) - jetty-9.3.25.v20180904, build timestamp: 2018-09-04T21:11:46Z, git hash: 3ce520221d0240229c862b122d2b06c12a625732
2019-09-30 20:13:46,202 [main] INFO  handler.ContextHandler (ContextHandler.java:doStart(781)) - Started o.e.j.s.ServletContextHandler@7ab2a07e{/logs,file:///workdir/hadoop-ozone/integration-test/target/log,AVAILABLE}
2019-09-30 20:13:46,203 [main] INFO  handler.ContextHandler (ContextHandler.java:doStart(781)) - Started o.e.j.s.ServletContextHandler@5ec6fede{/static,file:///workdir/hadoop-ozone/integration-test/target/test-classes/webapps/static,AVAILABLE}
2019-09-30 20:13:46,206 [main] INFO  handler.ContextHandler (ContextHandler.java:doStart(781)) - Started o.e.j.w.WebAppContext@582e9152{/,file:///workdir/hadoop-ozone/integration-test/target/test-classes/webapps/scm/,AVAILABLE}{/scm}
2019-09-30 20:13:46,206 [main] INFO  server.AbstractConnector (AbstractConnector.java:doStart(278)) - Started ServerConnector@7a31ca20{HTTP/1.1,[http/1.1]}{0.0.0.0:35990}
2019-09-30 20:13:46,208 [main] INFO  server.Server (Server.java:doStart(419)) - Started @196523ms
2019-09-30 20:13:46,208 [main] WARN  impl.MetricsSystemImpl (MetricsSystemImpl.java:register(276)) - Sink prometheus already exists!
2019-09-30 20:13:46,209 [main] INFO  server.BaseHttpServer (BaseHttpServer.java:updateConnectorAddress(215)) - HTTP server of SCM is listening at http://0.0.0.0:35990
2019-09-30 20:13:46,209 [main] WARN  server.ServerUtils (ServerUtils.java:getDBPath(222)) - ozone.om.db.dirs is not configured. We recommend adding this setting. Falling back to ozone.metadata.dirs instead.
2019-09-30 20:13:46,209 [org.apache.hadoop.util.JvmPauseMonitor$Monitor@21edd891] INFO  util.JvmPauseMonitor (JvmPauseMonitor.java:run(188)) - Starting JVM pause monitor
2019-09-30 20:13:46,224 [main] WARN  server.ServerUtils (ServerUtils.java:getDBPath(222)) - ozone.om.db.dirs is not configured. We recommend adding this setting. Falling back to ozone.metadata.dirs instead.
2019-09-30 20:13:46,225 [main] WARN  server.ServerUtils (ServerUtils.java:getDBPath(222)) - ozone.om.db.dirs is not configured. We recommend adding this setting. Falling back to ozone.metadata.dirs instead.
2019-09-30 20:13:46,225 [main] INFO  om.OzoneManager (OzoneManager.java:setOMNodeDetails(652)) - OM Service ID is not set. Setting it to the default ID: omServiceIdDefault
2019-09-30 20:13:46,225 [main] INFO  om.OzoneManager (OzoneManager.java:setOMNodeDetails(658)) - OM Node ID is not set. Setting it to the OmStorage's OmID: 2bb62497-99d4-4931-9b0d-a0b8b647e816
2019-09-30 20:13:46,225 [main] INFO  om.OzoneManager (OzoneManager.java:loadOMHAConfigs(609)) - Found matching OM address with OMServiceId: null, OMNodeId: null, RPC Address: localhost:0 and Ratis port: 9872
2019-09-30 20:13:46,235 [main] WARN  server.ServerUtils (ServerUtils.java:getDBPath(222)) - ozone.om.db.dirs is not configured. We recommend adding this setting. Falling back to ozone.metadata.dirs instead.
2019-09-30 20:13:46,235 [main] INFO  db.DBStoreBuilder (DBStoreBuilder.java:addTable(110)) - using custom profile for table: userTable
2019-09-30 20:13:46,235 [main] INFO  db.DBStoreBuilder (DBStoreBuilder.java:processTables(161)) - Using default column profile:DBProfile.DISK for Table:userTable
2019-09-30 20:13:46,235 [main] INFO  db.DBStoreBuilder (DBStoreBuilder.java:addTable(110)) - using custom profile for table: volumeTable
2019-09-30 20:13:46,236 [main] INFO  db.DBStoreBuilder (DBStoreBuilder.java:processTables(161)) - Using default column profile:DBProfile.DISK for Table:volumeTable
2019-09-30 20:13:46,236 [main] INFO  db.DBStoreBuilder (DBStoreBuilder.java:addTable(110)) - using custom profile for table: bucketTable
2019-09-30 20:13:46,236 [main] INFO  db.DBStoreBuilder (DBStoreBuilder.java:processTables(161)) - Using default column profile:DBProfile.DISK for Table:bucketTable
2019-09-30 20:13:46,236 [main] INFO  db.DBStoreBuilder (DBStoreBuilder.java:addTable(110)) - using custom profile for table: keyTable
2019-09-30 20:13:46,236 [main] INFO  db.DBStoreBuilder (DBStoreBuilder.java:processTables(161)) - Using default column profile:DBProfile.DISK for Table:keyTable
2019-09-30 20:13:46,236 [main] INFO  db.DBStoreBuilder (DBStoreBuilder.java:addTable(110)) - using custom profile for table: deletedTable
2019-09-30 20:13:46,237 [main] INFO  db.DBStoreBuilder (DBStoreBuilder.java:processTables(161)) - Using default column profile:DBProfile.DISK for Table:deletedTable
2019-09-30 20:13:46,237 [main] INFO  db.DBStoreBuilder (DBStoreBuilder.java:addTable(110)) - using custom profile for table: openKeyTable
2019-09-30 20:13:46,237 [main] INFO  db.DBStoreBuilder (DBStoreBuilder.java:processTables(161)) - Using default column profile:DBProfile.DISK for Table:openKeyTable
2019-09-30 20:13:46,237 [main] INFO  db.DBStoreBuilder (DBStoreBuilder.java:addTable(110)) - using custom profile for table: s3Table
2019-09-30 20:13:46,237 [main] INFO  db.DBStoreBuilder (DBStoreBuilder.java:processTables(161)) - Using default column profile:DBProfile.DISK for Table:s3Table
2019-09-30 20:13:46,238 [main] INFO  db.DBStoreBuilder (DBStoreBuilder.java:addTable(110)) - using custom profile for table: multipartInfoTable
2019-09-30 20:13:46,238 [main] INFO  db.DBStoreBuilder (DBStoreBuilder.java:processTables(161)) - Using default column profile:DBProfile.DISK for Table:multipartInfoTable
2019-09-30 20:13:46,238 [main] INFO  db.DBStoreBuilder (DBStoreBuilder.java:addTable(110)) - using custom profile for table: dTokenTable
2019-09-30 20:13:46,238 [main] INFO  db.DBStoreBuilder (DBStoreBuilder.java:processTables(161)) - Using default column profile:DBProfile.DISK for Table:dTokenTable
2019-09-30 20:13:46,238 [main] INFO  db.DBStoreBuilder (DBStoreBuilder.java:addTable(110)) - using custom profile for table: s3SecretTable
2019-09-30 20:13:46,238 [main] INFO  db.DBStoreBuilder (DBStoreBuilder.java:processTables(161)) - Using default column profile:DBProfile.DISK for Table:s3SecretTable
2019-09-30 20:13:46,239 [main] INFO  db.DBStoreBuilder (DBStoreBuilder.java:addTable(110)) - using custom profile for table: prefixTable
2019-09-30 20:13:46,239 [main] INFO  db.DBStoreBuilder (DBStoreBuilder.java:processTables(161)) - Using default column profile:DBProfile.DISK for Table:prefixTable
2019-09-30 20:13:46,239 [main] INFO  db.DBStoreBuilder (DBStoreBuilder.java:addTable(110)) - using custom profile for table: default
2019-09-30 20:13:46,239 [main] INFO  db.DBStoreBuilder (DBStoreBuilder.java:processTables(167)) - Using default column profile:DBProfile.DISK for Table:default
2019-09-30 20:13:46,239 [main] INFO  db.DBStoreBuilder (DBStoreBuilder.java:getDbProfile(198)) - Using default options. DBProfile.DISK
2019-09-30 20:13:46,642 [main] INFO  ipc.CallQueueManager (CallQueueManager.java:<init>(84)) - Using callQueue: class java.util.concurrent.LinkedBlockingQueue, queueCapacity: 2000, scheduler: class org.apache.hadoop.ipc.DefaultRpcScheduler, ipcBackoff: false.
2019-09-30 20:13:46,643 [Socket Reader #1 for port 35187] INFO  ipc.Server (Server.java:run(1074)) - Starting Socket Reader #1 for port 35187
2019-09-30 20:13:46,660 [main] INFO  om.OzoneManager (OzoneManager.java:start(1243)) - OzoneManager RPC server is listening at localhost/127.0.0.1:35187
2019-09-30 20:13:46,660 [main] INFO  impl.MetricsSystemImpl (MetricsSystemImpl.java:init(158)) - OzoneManager metrics system started (again)
2019-09-30 20:13:46,661 [IPC Server Responder] INFO  ipc.Server (Server.java:run(1314)) - IPC Server Responder: starting
2019-09-30 20:13:46,661 [IPC Server listener on 35187] INFO  ipc.Server (Server.java:run(1153)) - IPC Server listener on 35187: starting
2019-09-30 20:13:46,672 [main] INFO  hdfs.DFSUtil (DFSUtil.java:httpServerTemplateForNNAndJN(1641)) - Starting Web-server for ozoneManager at: http://0.0.0.0:0
2019-09-30 20:13:46,673 [main] INFO  server.AuthenticationFilter (AuthenticationFilter.java:constructSecretProvider(240)) - Unable to initialize FileSignerSecretProvider, falling back to use random secrets.
2019-09-30 20:13:46,674 [main] WARN  http.HttpRequestLog (HttpRequestLog.java:getRequestLog(97)) - Jetty request log can only be enabled using Log4j
2019-09-30 20:13:46,675 [main] INFO  http.HttpServer2 (HttpServer2.java:addGlobalFilter(975)) - Added global filter 'safety' (class=org.apache.hadoop.http.HttpServer2$QuotingInputFilter)
2019-09-30 20:13:46,676 [main] INFO  http.HttpServer2 (HttpServer2.java:addFilter(948)) - Added filter static_user_filter (class=org.apache.hadoop.http.lib.StaticUserWebFilter$StaticUserFilter) to context ozoneManager
2019-09-30 20:13:46,676 [main] INFO  http.HttpServer2 (HttpServer2.java:addFilter(958)) - Added filter static_user_filter (class=org.apache.hadoop.http.lib.StaticUserWebFilter$StaticUserFilter) to context static
2019-09-30 20:13:46,676 [main] INFO  http.HttpServer2 (HttpServer2.java:addFilter(958)) - Added filter static_user_filter (class=org.apache.hadoop.http.lib.StaticUserWebFilter$StaticUserFilter) to context logs
2019-09-30 20:13:46,677 [main] INFO  http.HttpServer2 (HttpServer2.java:bindListener(1191)) - Jetty bound to port 43756
2019-09-30 20:13:46,677 [main] INFO  server.Server (Server.java:doStart(351)) - jetty-9.3.25.v20180904, build timestamp: 2018-09-04T21:11:46Z, git hash: 3ce520221d0240229c862b122d2b06c12a625732
2019-09-30 20:13:46,679 [main] INFO  handler.ContextHandler (ContextHandler.java:doStart(781)) - Started o.e.j.s.ServletContextHandler@19fec3d6{/logs,file:///workdir/hadoop-ozone/integration-test/target/log,AVAILABLE}
2019-09-30 20:13:46,680 [main] INFO  handler.ContextHandler (ContextHandler.java:doStart(781)) - Started o.e.j.s.ServletContextHandler@b768a65{/static,file:///workdir/hadoop-ozone/integration-test/target/test-classes/webapps/static,AVAILABLE}
2019-09-30 20:13:46,696 [main] INFO  handler.ContextHandler (ContextHandler.java:doStart(781)) - Started o.e.j.w.WebAppContext@7ec08115{/,file:///workdir/hadoop-ozone/integration-test/target/test-classes/webapps/ozoneManager/,AVAILABLE}{/ozoneManager}
2019-09-30 20:13:46,696 [main] INFO  server.AbstractConnector (AbstractConnector.java:doStart(278)) - Started ServerConnector@53dd42d6{HTTP/1.1,[http/1.1]}{0.0.0.0:43756}
2019-09-30 20:13:46,699 [main] INFO  server.Server (Server.java:doStart(419)) - Started @197014ms
2019-09-30 20:13:46,700 [main] WARN  impl.MetricsSystemImpl (MetricsSystemImpl.java:register(276)) - Sink prometheus already exists!
2019-09-30 20:13:46,701 [main] INFO  server.BaseHttpServer (BaseHttpServer.java:updateConnectorAddress(215)) - HTTP server of OZONEMANAGER is listening at http://0.0.0.0:43756
2019-09-30 20:13:46,719 [main] INFO  impl.MetricsSystemImpl (MetricsSystemImpl.java:init(158)) - HddsDatanode metrics system started (again)
2019-09-30 20:13:46,735 [main] INFO  ozone.HddsDatanodeService (HddsDatanodeService.java:start(184)) - HddsDatanodeService host:pr-hdds-2210-ncz7r-3016196628 ip:192.168.164.209
2019-09-30 20:13:46,746 [main] INFO  volume.HddsVolume (HddsVolume.java:<init>(176)) - Creating Volume: /workdir/hadoop-ozone/integration-test/target/test-dir/MiniOzoneClusterImpl-cbb98d00-1d2e-480a-8768-230717893271/datanode-0/data/containers/hdds of  storage type : DISK and capacity : 1482555576320
2019-09-30 20:13:46,746 [main] INFO  volume.VolumeSet (VolumeSet.java:initializeVolumeSet(170)) - Added Volume : /workdir/hadoop-ozone/integration-test/target/test-dir/MiniOzoneClusterImpl-cbb98d00-1d2e-480a-8768-230717893271/datanode-0/data/containers/hdds to VolumeSet
2019-09-30 20:13:46,746 [main] INFO  volume.ThrottledAsyncChecker (ThrottledAsyncChecker.java:schedule(139)) - Scheduling a check for org.apache.hadoop.ozone.container.common.volume.HddsVolume@39023dbf
2019-09-30 20:13:46,747 [main] INFO  volume.HddsVolumeChecker (HddsVolumeChecker.java:checkAllVolumes(202)) - Scheduled health check for volume org.apache.hadoop.ozone.container.common.volume.HddsVolume@39023dbf
2019-09-30 20:13:46,762 [main] INFO  impl.RaftServerProxy (ConfUtils.java:logGet(43)) - raft.rpc.type = GRPC (default)
2019-09-30 20:13:46,762 [main] INFO  grpc.GrpcFactory (GrpcFactory.java:checkPooledByteBufAllocatorUseCacheForAllThreads(45)) - PERFORMANCE WARNING: useCacheForAllThreads is true that may cause Netty to create a lot garbage objects and, as a result, trigger GC.
	It is recommended to disable useCacheForAllThreads by setting -Dorg.apache.ratis.thirdparty.io.netty.allocator.useCacheForAllThreads=false in command line.
2019-09-30 20:13:46,762 [main] INFO  grpc.GrpcConfigKeys$Server (ConfUtils.java:logGet(43)) - raft.grpc.server.port = 0 (default)
2019-09-30 20:13:46,763 [main] INFO  server.GrpcService (ConfUtils.java:logGet(43)) - raft.grpc.message.size.max = 33570816 (custom)
2019-09-30 20:13:46,763 [main] INFO  server.RaftServerConfigKeys (ConfUtils.java:logGet(43)) - raft.server.log.appender.buffer.byte-limit = 33554432 (custom)
2019-09-30 20:13:46,763 [main] INFO  server.GrpcService (ConfUtils.java:logGet(43)) - raft.grpc.flow.control.window = 1MB (=1048576) (default)
2019-09-30 20:13:46,763 [main] INFO  server.RaftServerConfigKeys (ConfUtils.java:logGet(43)) - raft.server.rpc.request.timeout = 3000ms (default)
2019-09-30 20:13:46,764 [main] INFO  server.RaftServerConfigKeys (ConfUtils.java:logGet(43)) - raft.server.storage.dir = [/workdir/hadoop-ozone/integration-test/target/test-dir/MiniOzoneClusterImpl-cbb98d00-1d2e-480a-8768-230717893271/datanode-0/data/ratis] (custom)
2019-09-30 20:13:46,765 [main] INFO  hdfs.DFSUtil (DFSUtil.java:httpServerTemplateForNNAndJN(1641)) - Starting Web-server for hddsDatanode at: http://0.0.0.0:0
2019-09-30 20:13:46,766 [main] INFO  server.AuthenticationFilter (AuthenticationFilter.java:constructSecretProvider(240)) - Unable to initialize FileSignerSecretProvider, falling back to use random secrets.
2019-09-30 20:13:46,767 [main] WARN  http.HttpRequestLog (HttpRequestLog.java:getRequestLog(97)) - Jetty request log can only be enabled using Log4j
2019-09-30 20:13:46,768 [main] INFO  http.HttpServer2 (HttpServer2.java:addGlobalFilter(975)) - Added global filter 'safety' (class=org.apache.hadoop.http.HttpServer2$QuotingInputFilter)
2019-09-30 20:13:46,768 [main] INFO  http.HttpServer2 (HttpServer2.java:addFilter(948)) - Added filter static_user_filter (class=org.apache.hadoop.http.lib.StaticUserWebFilter$StaticUserFilter) to context hddsDatanode
2019-09-30 20:13:46,769 [main] INFO  http.HttpServer2 (HttpServer2.java:addFilter(958)) - Added filter static_user_filter (class=org.apache.hadoop.http.lib.StaticUserWebFilter$StaticUserFilter) to context static
2019-09-30 20:13:46,769 [main] INFO  http.HttpServer2 (HttpServer2.java:addFilter(958)) - Added filter static_user_filter (class=org.apache.hadoop.http.lib.StaticUserWebFilter$StaticUserFilter) to context logs
2019-09-30 20:13:46,769 [main] INFO  http.HttpServer2 (HttpServer2.java:bindListener(1191)) - Jetty bound to port 43253
2019-09-30 20:13:46,769 [main] INFO  server.Server (Server.java:doStart(351)) - jetty-9.3.25.v20180904, build timestamp: 2018-09-04T21:11:46Z, git hash: 3ce520221d0240229c862b122d2b06c12a625732
2019-09-30 20:13:46,771 [main] INFO  handler.ContextHandler (ContextHandler.java:doStart(781)) - Started o.e.j.s.ServletContextHandler@492be039{/logs,file:///workdir/hadoop-ozone/integration-test/target/log,AVAILABLE}
2019-09-30 20:13:46,772 [main] INFO  handler.ContextHandler (ContextHandler.java:doStart(781)) - Started o.e.j.s.ServletContextHandler@1118d539{/static,jar:file:/home/user/.m2/repository/org/apache/hadoop/hadoop-hdds-container-service/0.5.0-SNAPSHOT/hadoop-hdds-container-service-0.5.0-SNAPSHOT.jar!/webapps/static,AVAILABLE}
2019-09-30 20:13:46,798 [main] INFO  handler.ContextHandler (ContextHandler.java:doStart(781)) - Started o.e.j.w.WebAppContext@4ef18604{/,file:///tmp/jetty-0.0.0.0-43253-hddsDatanode-_-any-4373330805917704058.dir/webapp/,AVAILABLE}{/hddsDatanode}
2019-09-30 20:13:46,799 [main] INFO  server.AbstractConnector (AbstractConnector.java:doStart(278)) - Started ServerConnector@372f0a99{HTTP/1.1,[http/1.1]}{0.0.0.0:43253}
2019-09-30 20:13:46,802 [main] INFO  server.Server (Server.java:doStart(419)) - Started @197117ms
2019-09-30 20:13:46,802 [main] WARN  impl.MetricsSystemImpl (MetricsSystemImpl.java:register(276)) - Sink prometheus already exists!
2019-09-30 20:13:46,803 [main] INFO  server.BaseHttpServer (BaseHttpServer.java:updateConnectorAddress(215)) - HTTP server of HDDSDATANODE is listening at http://0.0.0.0:43253
2019-09-30 20:13:46,803 [main] INFO  impl.MetricsSystemImpl (MetricsSystemImpl.java:init(158)) - HddsDatanode metrics system started (again)
2019-09-30 20:13:46,819 [org.apache.hadoop.util.JvmPauseMonitor$Monitor@5a0a45b] INFO  util.JvmPauseMonitor (JvmPauseMonitor.java:run(188)) - Starting JVM pause monitor
2019-09-30 20:13:46,820 [main] INFO  ozone.HddsDatanodeService (HddsDatanodeService.java:start(184)) - HddsDatanodeService host:pr-hdds-2210-ncz7r-3016196628 ip:192.168.164.209
2019-09-30 20:13:46,821 [Datanode State Machine Thread - 0] INFO  datanode.InitDatanodeState (InitDatanodeState.java:persistContainerDatanodeDetails(140)) - DatanodeDetails is persisted to /workdir/hadoop-ozone/integration-test/target/test-dir/MiniOzoneClusterImpl-cbb98d00-1d2e-480a-8768-230717893271/datanode-0/meta/datanode.id
2019-09-30 20:13:46,829 [main] INFO  volume.HddsVolume (HddsVolume.java:<init>(176)) - Creating Volume: /workdir/hadoop-ozone/integration-test/target/test-dir/MiniOzoneClusterImpl-cbb98d00-1d2e-480a-8768-230717893271/datanode-1/data/containers/hdds of  storage type : DISK and capacity : 1482555576320
2019-09-30 20:13:46,830 [main] INFO  volume.VolumeSet (VolumeSet.java:initializeVolumeSet(170)) - Added Volume : /workdir/hadoop-ozone/integration-test/target/test-dir/MiniOzoneClusterImpl-cbb98d00-1d2e-480a-8768-230717893271/datanode-1/data/containers/hdds to VolumeSet
2019-09-30 20:13:46,830 [main] INFO  volume.ThrottledAsyncChecker (ThrottledAsyncChecker.java:schedule(139)) - Scheduling a check for org.apache.hadoop.ozone.container.common.volume.HddsVolume@1fb2eec
2019-09-30 20:13:46,830 [main] INFO  volume.HddsVolumeChecker (HddsVolumeChecker.java:checkAllVolumes(202)) - Scheduled health check for volume org.apache.hadoop.ozone.container.common.volume.HddsVolume@1fb2eec
2019-09-30 20:13:46,846 [main] INFO  impl.RaftServerProxy (ConfUtils.java:logGet(43)) - raft.rpc.type = GRPC (default)
2019-09-30 20:13:46,846 [main] INFO  grpc.GrpcFactory (GrpcFactory.java:checkPooledByteBufAllocatorUseCacheForAllThreads(45)) - PERFORMANCE WARNING: useCacheForAllThreads is true that may cause Netty to create a lot garbage objects and, as a result, trigger GC.
	It is recommended to disable useCacheForAllThreads by setting -Dorg.apache.ratis.thirdparty.io.netty.allocator.useCacheForAllThreads=false in command line.
2019-09-30 20:13:46,846 [main] INFO  grpc.GrpcConfigKeys$Server (ConfUtils.java:logGet(43)) - raft.grpc.server.port = 0 (default)
2019-09-30 20:13:46,847 [main] INFO  server.GrpcService (ConfUtils.java:logGet(43)) - raft.grpc.message.size.max = 33570816 (custom)
2019-09-30 20:13:46,847 [main] INFO  server.RaftServerConfigKeys (ConfUtils.java:logGet(43)) - raft.server.log.appender.buffer.byte-limit = 33554432 (custom)
2019-09-30 20:13:46,847 [main] INFO  server.GrpcService (ConfUtils.java:logGet(43)) - raft.grpc.flow.control.window = 1MB (=1048576) (default)
2019-09-30 20:13:46,847 [main] INFO  server.RaftServerConfigKeys (ConfUtils.java:logGet(43)) - raft.server.rpc.request.timeout = 3000ms (default)
2019-09-30 20:13:46,847 [main] INFO  server.RaftServerConfigKeys (ConfUtils.java:logGet(43)) - raft.server.storage.dir = [/workdir/hadoop-ozone/integration-test/target/test-dir/MiniOzoneClusterImpl-cbb98d00-1d2e-480a-8768-230717893271/datanode-1/data/ratis] (custom)
2019-09-30 20:13:46,848 [main] INFO  hdfs.DFSUtil (DFSUtil.java:httpServerTemplateForNNAndJN(1641)) - Starting Web-server for hddsDatanode at: http://0.0.0.0:0
2019-09-30 20:13:46,850 [main] INFO  server.AuthenticationFilter (AuthenticationFilter.java:constructSecretProvider(240)) - Unable to initialize FileSignerSecretProvider, falling back to use random secrets.
2019-09-30 20:13:46,850 [main] WARN  http.HttpRequestLog (HttpRequestLog.java:getRequestLog(97)) - Jetty request log can only be enabled using Log4j
2019-09-30 20:13:46,851 [main] INFO  http.HttpServer2 (HttpServer2.java:addGlobalFilter(975)) - Added global filter 'safety' (class=org.apache.hadoop.http.HttpServer2$QuotingInputFilter)
2019-09-30 20:13:46,852 [main] INFO  http.HttpServer2 (HttpServer2.java:addFilter(948)) - Added filter static_user_filter (class=org.apache.hadoop.http.lib.StaticUserWebFilter$StaticUserFilter) to context hddsDatanode
2019-09-30 20:13:46,852 [main] INFO  http.HttpServer2 (HttpServer2.java:addFilter(958)) - Added filter static_user_filter (class=org.apache.hadoop.http.lib.StaticUserWebFilter$StaticUserFilter) to context static
2019-09-30 20:13:46,852 [main] INFO  http.HttpServer2 (HttpServer2.java:addFilter(958)) - Added filter static_user_filter (class=org.apache.hadoop.http.lib.StaticUserWebFilter$StaticUserFilter) to context logs
2019-09-30 20:13:46,852 [main] INFO  http.HttpServer2 (HttpServer2.java:bindListener(1191)) - Jetty bound to port 34976
2019-09-30 20:13:46,852 [main] INFO  server.Server (Server.java:doStart(351)) - jetty-9.3.25.v20180904, build timestamp: 2018-09-04T21:11:46Z, git hash: 3ce520221d0240229c862b122d2b06c12a625732
2019-09-30 20:13:46,854 [main] INFO  handler.ContextHandler (ContextHandler.java:doStart(781)) - Started o.e.j.s.ServletContextHandler@463afa6e{/logs,file:///workdir/hadoop-ozone/integration-test/target/log,AVAILABLE}
2019-09-30 20:13:46,855 [main] INFO  handler.ContextHandler (ContextHandler.java:doStart(781)) - Started o.e.j.s.ServletContextHandler@7ccd611e{/static,jar:file:/home/user/.m2/repository/org/apache/hadoop/hadoop-hdds-container-service/0.5.0-SNAPSHOT/hadoop-hdds-container-service-0.5.0-SNAPSHOT.jar!/webapps/static,AVAILABLE}
2019-09-30 20:13:46,881 [main] INFO  handler.ContextHandler (ContextHandler.java:doStart(781)) - Started o.e.j.w.WebAppContext@3b0d3a63{/,file:///tmp/jetty-0.0.0.0-34976-hddsDatanode-_-any-3032893903388663279.dir/webapp/,AVAILABLE}{/hddsDatanode}
2019-09-30 20:13:46,882 [main] INFO  server.AbstractConnector (AbstractConnector.java:doStart(278)) - Started ServerConnector@50598a1a{HTTP/1.1,[http/1.1]}{0.0.0.0:34976}
2019-09-30 20:13:46,885 [main] INFO  server.Server (Server.java:doStart(419)) - Started @197200ms
2019-09-30 20:13:46,885 [main] WARN  impl.MetricsSystemImpl (MetricsSystemImpl.java:register(276)) - Sink prometheus already exists!
2019-09-30 20:13:46,886 [main] INFO  server.BaseHttpServer (BaseHttpServer.java:updateConnectorAddress(215)) - HTTP server of HDDSDATANODE is listening at http://0.0.0.0:34976
2019-09-30 20:13:46,886 [main] INFO  impl.MetricsSystemImpl (MetricsSystemImpl.java:init(158)) - HddsDatanode metrics system started (again)
2019-09-30 20:13:46,902 [org.apache.hadoop.util.JvmPauseMonitor$Monitor@3b154aed] INFO  util.JvmPauseMonitor (JvmPauseMonitor.java:run(188)) - Starting JVM pause monitor
2019-09-30 20:13:46,902 [main] INFO  ozone.HddsDatanodeService (HddsDatanodeService.java:start(184)) - HddsDatanodeService host:pr-hdds-2210-ncz7r-3016196628 ip:192.168.164.209
2019-09-30 20:13:46,903 [Datanode State Machine Thread - 0] INFO  datanode.InitDatanodeState (InitDatanodeState.java:persistContainerDatanodeDetails(140)) - DatanodeDetails is persisted to /workdir/hadoop-ozone/integration-test/target/test-dir/MiniOzoneClusterImpl-cbb98d00-1d2e-480a-8768-230717893271/datanode-1/meta/datanode.id
2019-09-30 20:13:46,912 [main] INFO  volume.HddsVolume (HddsVolume.java:<init>(176)) - Creating Volume: /workdir/hadoop-ozone/integration-test/target/test-dir/MiniOzoneClusterImpl-cbb98d00-1d2e-480a-8768-230717893271/datanode-2/data/containers/hdds of  storage type : DISK and capacity : 1482555576320
2019-09-30 20:13:46,912 [main] INFO  volume.VolumeSet (VolumeSet.java:initializeVolumeSet(170)) - Added Volume : /workdir/hadoop-ozone/integration-test/target/test-dir/MiniOzoneClusterImpl-cbb98d00-1d2e-480a-8768-230717893271/datanode-2/data/containers/hdds to VolumeSet
2019-09-30 20:13:46,912 [main] INFO  volume.ThrottledAsyncChecker (ThrottledAsyncChecker.java:schedule(139)) - Scheduling a check for org.apache.hadoop.ozone.container.common.volume.HddsVolume@350da119
2019-09-30 20:13:46,913 [main] INFO  volume.HddsVolumeChecker (HddsVolumeChecker.java:checkAllVolumes(202)) - Scheduled health check for volume org.apache.hadoop.ozone.container.common.volume.HddsVolume@350da119
2019-09-30 20:13:46,927 [main] INFO  impl.RaftServerProxy (ConfUtils.java:logGet(43)) - raft.rpc.type = GRPC (default)
2019-09-30 20:13:46,927 [main] INFO  grpc.GrpcFactory (GrpcFactory.java:checkPooledByteBufAllocatorUseCacheForAllThreads(45)) - PERFORMANCE WARNING: useCacheForAllThreads is true that may cause Netty to create a lot garbage objects and, as a result, trigger GC.
	It is recommended to disable useCacheForAllThreads by setting -Dorg.apache.ratis.thirdparty.io.netty.allocator.useCacheForAllThreads=false in command line.
2019-09-30 20:13:46,927 [main] INFO  grpc.GrpcConfigKeys$Server (ConfUtils.java:logGet(43)) - raft.grpc.server.port = 0 (default)
2019-09-30 20:13:46,928 [main] INFO  server.GrpcService (ConfUtils.java:logGet(43)) - raft.grpc.message.size.max = 33570816 (custom)
2019-09-30 20:13:46,928 [main] INFO  server.RaftServerConfigKeys (ConfUtils.java:logGet(43)) - raft.server.log.appender.buffer.byte-limit = 33554432 (custom)
2019-09-30 20:13:46,928 [main] INFO  server.GrpcService (ConfUtils.java:logGet(43)) - raft.grpc.flow.control.window = 1MB (=1048576) (default)
2019-09-30 20:13:46,928 [main] INFO  server.RaftServerConfigKeys (ConfUtils.java:logGet(43)) - raft.server.rpc.request.timeout = 3000ms (default)
2019-09-30 20:13:46,928 [main] INFO  server.RaftServerConfigKeys (ConfUtils.java:logGet(43)) - raft.server.storage.dir = [/workdir/hadoop-ozone/integration-test/target/test-dir/MiniOzoneClusterImpl-cbb98d00-1d2e-480a-8768-230717893271/datanode-2/data/ratis] (custom)
2019-09-30 20:13:46,930 [main] INFO  hdfs.DFSUtil (DFSUtil.java:httpServerTemplateForNNAndJN(1641)) - Starting Web-server for hddsDatanode at: http://0.0.0.0:0
2019-09-30 20:13:46,930 [main] INFO  server.AuthenticationFilter (AuthenticationFilter.java:constructSecretProvider(240)) - Unable to initialize FileSignerSecretProvider, falling back to use random secrets.
2019-09-30 20:13:46,931 [main] WARN  http.HttpRequestLog (HttpRequestLog.java:getRequestLog(97)) - Jetty request log can only be enabled using Log4j
2019-09-30 20:13:46,932 [main] INFO  http.HttpServer2 (HttpServer2.java:addGlobalFilter(975)) - Added global filter 'safety' (class=org.apache.hadoop.http.HttpServer2$QuotingInputFilter)
2019-09-30 20:13:46,932 [main] INFO  http.HttpServer2 (HttpServer2.java:addFilter(948)) - Added filter static_user_filter (class=org.apache.hadoop.http.lib.StaticUserWebFilter$StaticUserFilter) to context hddsDatanode
2019-09-30 20:13:46,932 [main] INFO  http.HttpServer2 (HttpServer2.java:addFilter(958)) - Added filter static_user_filter (class=org.apache.hadoop.http.lib.StaticUserWebFilter$StaticUserFilter) to context static
2019-09-30 20:13:46,932 [main] INFO  http.HttpServer2 (HttpServer2.java:addFilter(958)) - Added filter static_user_filter (class=org.apache.hadoop.http.lib.StaticUserWebFilter$StaticUserFilter) to context logs
2019-09-30 20:13:46,933 [main] INFO  http.HttpServer2 (HttpServer2.java:bindListener(1191)) - Jetty bound to port 39162
2019-09-30 20:13:46,933 [main] INFO  server.Server (Server.java:doStart(351)) - jetty-9.3.25.v20180904, build timestamp: 2018-09-04T21:11:46Z, git hash: 3ce520221d0240229c862b122d2b06c12a625732
2019-09-30 20:13:46,935 [main] INFO  handler.ContextHandler (ContextHandler.java:doStart(781)) - Started o.e.j.s.ServletContextHandler@71936a92{/logs,file:///workdir/hadoop-ozone/integration-test/target/log,AVAILABLE}
2019-09-30 20:13:46,935 [main] INFO  handler.ContextHandler (ContextHandler.java:doStart(781)) - Started o.e.j.s.ServletContextHandler@2dc39b53{/static,jar:file:/home/user/.m2/repository/org/apache/hadoop/hadoop-hdds-container-service/0.5.0-SNAPSHOT/hadoop-hdds-container-service-0.5.0-SNAPSHOT.jar!/webapps/static,AVAILABLE}
2019-09-30 20:13:46,981 [main] INFO  handler.ContextHandler (ContextHandler.java:doStart(781)) - Started o.e.j.w.WebAppContext@675b18ff{/,file:///tmp/jetty-0.0.0.0-39162-hddsDatanode-_-any-1053520467950250327.dir/webapp/,AVAILABLE}{/hddsDatanode}
2019-09-30 20:13:46,982 [main] INFO  server.AbstractConnector (AbstractConnector.java:doStart(278)) - Started ServerConnector@34279b8a{HTTP/1.1,[http/1.1]}{0.0.0.0:39162}
2019-09-30 20:13:46,985 [main] INFO  server.Server (Server.java:doStart(419)) - Started @197300ms
2019-09-30 20:13:46,985 [main] WARN  impl.MetricsSystemImpl (MetricsSystemImpl.java:register(276)) - Sink prometheus already exists!
2019-09-30 20:13:46,986 [main] INFO  server.BaseHttpServer (BaseHttpServer.java:updateConnectorAddress(215)) - HTTP server of HDDSDATANODE is listening at http://0.0.0.0:39162
2019-09-30 20:13:46,987 [main] INFO  impl.MetricsSystemImpl (MetricsSystemImpl.java:init(158)) - HddsDatanode metrics system started (again)
2019-09-30 20:13:47,014 [org.apache.hadoop.util.JvmPauseMonitor$Monitor@7d88c447] INFO  util.JvmPauseMonitor (JvmPauseMonitor.java:run(188)) - Starting JVM pause monitor
2019-09-30 20:13:47,016 [Datanode State Machine Thread - 0] INFO  datanode.InitDatanodeState (InitDatanodeState.java:persistContainerDatanodeDetails(140)) - DatanodeDetails is persisted to /workdir/hadoop-ozone/integration-test/target/test-dir/MiniOzoneClusterImpl-cbb98d00-1d2e-480a-8768-230717893271/datanode-2/meta/datanode.id
2019-09-30 20:13:47,016 [main] INFO  ozone.HddsDatanodeService (HddsDatanodeService.java:start(184)) - HddsDatanodeService host:pr-hdds-2210-ncz7r-3016196628 ip:192.168.164.209
2019-09-30 20:13:47,028 [main] INFO  volume.HddsVolume (HddsVolume.java:<init>(176)) - Creating Volume: /workdir/hadoop-ozone/integration-test/target/test-dir/MiniOzoneClusterImpl-cbb98d00-1d2e-480a-8768-230717893271/datanode-3/data/containers/hdds of  storage type : DISK and capacity : 1482555576320
2019-09-30 20:13:47,029 [main] INFO  volume.VolumeSet (VolumeSet.java:initializeVolumeSet(170)) - Added Volume : /workdir/hadoop-ozone/integration-test/target/test-dir/MiniOzoneClusterImpl-cbb98d00-1d2e-480a-8768-230717893271/datanode-3/data/containers/hdds to VolumeSet
2019-09-30 20:13:47,029 [main] INFO  volume.ThrottledAsyncChecker (ThrottledAsyncChecker.java:schedule(139)) - Scheduling a check for org.apache.hadoop.ozone.container.common.volume.HddsVolume@49a38b1
2019-09-30 20:13:47,029 [main] INFO  volume.HddsVolumeChecker (HddsVolumeChecker.java:checkAllVolumes(202)) - Scheduled health check for volume org.apache.hadoop.ozone.container.common.volume.HddsVolume@49a38b1
2019-09-30 20:13:47,046 [main] INFO  impl.RaftServerProxy (ConfUtils.java:logGet(43)) - raft.rpc.type = GRPC (default)
2019-09-30 20:13:47,046 [main] INFO  grpc.GrpcFactory (GrpcFactory.java:checkPooledByteBufAllocatorUseCacheForAllThreads(45)) - PERFORMANCE WARNING: useCacheForAllThreads is true that may cause Netty to create a lot garbage objects and, as a result, trigger GC.
	It is recommended to disable useCacheForAllThreads by setting -Dorg.apache.ratis.thirdparty.io.netty.allocator.useCacheForAllThreads=false in command line.
2019-09-30 20:13:47,046 [main] INFO  grpc.GrpcConfigKeys$Server (ConfUtils.java:logGet(43)) - raft.grpc.server.port = 0 (default)
2019-09-30 20:13:47,047 [main] INFO  server.GrpcService (ConfUtils.java:logGet(43)) - raft.grpc.message.size.max = 33570816 (custom)
2019-09-30 20:13:47,047 [main] INFO  server.RaftServerConfigKeys (ConfUtils.java:logGet(43)) - raft.server.log.appender.buffer.byte-limit = 33554432 (custom)
2019-09-30 20:13:47,047 [main] INFO  server.GrpcService (ConfUtils.java:logGet(43)) - raft.grpc.flow.control.window = 1MB (=1048576) (default)
2019-09-30 20:13:47,047 [main] INFO  server.RaftServerConfigKeys (ConfUtils.java:logGet(43)) - raft.server.rpc.request.timeout = 3000ms (default)
2019-09-30 20:13:47,048 [main] INFO  server.RaftServerConfigKeys (ConfUtils.java:logGet(43)) - raft.server.storage.dir = [/workdir/hadoop-ozone/integration-test/target/test-dir/MiniOzoneClusterImpl-cbb98d00-1d2e-480a-8768-230717893271/datanode-3/data/ratis] (custom)
2019-09-30 20:13:47,049 [main] INFO  hdfs.DFSUtil (DFSUtil.java:httpServerTemplateForNNAndJN(1641)) - Starting Web-server for hddsDatanode at: http://0.0.0.0:0
2019-09-30 20:13:47,050 [main] INFO  server.AuthenticationFilter (AuthenticationFilter.java:constructSecretProvider(240)) - Unable to initialize FileSignerSecretProvider, falling back to use random secrets.
2019-09-30 20:13:47,051 [main] WARN  http.HttpRequestLog (HttpRequestLog.java:getRequestLog(97)) - Jetty request log can only be enabled using Log4j
2019-09-30 20:13:47,052 [main] INFO  http.HttpServer2 (HttpServer2.java:addGlobalFilter(975)) - Added global filter 'safety' (class=org.apache.hadoop.http.HttpServer2$QuotingInputFilter)
2019-09-30 20:13:47,052 [main] INFO  http.HttpServer2 (HttpServer2.java:addFilter(948)) - Added filter static_user_filter (class=org.apache.hadoop.http.lib.StaticUserWebFilter$StaticUserFilter) to context hddsDatanode
2019-09-30 20:13:47,052 [main] INFO  http.HttpServer2 (HttpServer2.java:addFilter(958)) - Added filter static_user_filter (class=org.apache.hadoop.http.lib.StaticUserWebFilter$StaticUserFilter) to context logs
2019-09-30 20:13:47,053 [main] INFO  http.HttpServer2 (HttpServer2.java:addFilter(958)) - Added filter static_user_filter (class=org.apache.hadoop.http.lib.StaticUserWebFilter$StaticUserFilter) to context static
2019-09-30 20:13:47,053 [main] INFO  http.HttpServer2 (HttpServer2.java:bindListener(1191)) - Jetty bound to port 37874
2019-09-30 20:13:47,053 [main] INFO  server.Server (Server.java:doStart(351)) - jetty-9.3.25.v20180904, build timestamp: 2018-09-04T21:11:46Z, git hash: 3ce520221d0240229c862b122d2b06c12a625732
2019-09-30 20:13:47,055 [main] INFO  handler.ContextHandler (ContextHandler.java:doStart(781)) - Started o.e.j.s.ServletContextHandler@50bc3219{/logs,file:///workdir/hadoop-ozone/integration-test/target/log,AVAILABLE}
2019-09-30 20:13:47,056 [main] INFO  handler.ContextHandler (ContextHandler.java:doStart(781)) - Started o.e.j.s.ServletContextHandler@22791b75{/static,jar:file:/home/user/.m2/repository/org/apache/hadoop/hadoop-hdds-container-service/0.5.0-SNAPSHOT/hadoop-hdds-container-service-0.5.0-SNAPSHOT.jar!/webapps/static,AVAILABLE}
2019-09-30 20:13:47,087 [main] INFO  handler.ContextHandler (ContextHandler.java:doStart(781)) - Started o.e.j.w.WebAppContext@342ee097{/,file:///tmp/jetty-0.0.0.0-37874-hddsDatanode-_-any-4331442609847764265.dir/webapp/,AVAILABLE}{/hddsDatanode}
2019-09-30 20:13:47,087 [main] INFO  server.AbstractConnector (AbstractConnector.java:doStart(278)) - Started ServerConnector@6ac45c0c{HTTP/1.1,[http/1.1]}{0.0.0.0:37874}
2019-09-30 20:13:47,091 [main] INFO  server.Server (Server.java:doStart(419)) - Started @197406ms
2019-09-30 20:13:47,091 [main] WARN  impl.MetricsSystemImpl (MetricsSystemImpl.java:register(276)) - Sink prometheus already exists!
2019-09-30 20:13:47,092 [main] INFO  server.BaseHttpServer (BaseHttpServer.java:updateConnectorAddress(215)) - HTTP server of HDDSDATANODE is listening at http://0.0.0.0:37874
2019-09-30 20:13:47,092 [main] INFO  impl.MetricsSystemImpl (MetricsSystemImpl.java:init(158)) - HddsDatanode metrics system started (again)
2019-09-30 20:13:47,110 [org.apache.hadoop.util.JvmPauseMonitor$Monitor@2081c142] INFO  util.JvmPauseMonitor (JvmPauseMonitor.java:run(188)) - Starting JVM pause monitor
2019-09-30 20:13:47,111 [main] INFO  ozone.HddsDatanodeService (HddsDatanodeService.java:start(184)) - HddsDatanodeService host:pr-hdds-2210-ncz7r-3016196628 ip:192.168.164.209
2019-09-30 20:13:47,112 [Datanode State Machine Thread - 0] INFO  datanode.InitDatanodeState (InitDatanodeState.java:persistContainerDatanodeDetails(140)) - DatanodeDetails is persisted to /workdir/hadoop-ozone/integration-test/target/test-dir/MiniOzoneClusterImpl-cbb98d00-1d2e-480a-8768-230717893271/datanode-3/meta/datanode.id
2019-09-30 20:13:47,121 [main] INFO  volume.HddsVolume (HddsVolume.java:<init>(176)) - Creating Volume: /workdir/hadoop-ozone/integration-test/target/test-dir/MiniOzoneClusterImpl-cbb98d00-1d2e-480a-8768-230717893271/datanode-4/data/containers/hdds of  storage type : DISK and capacity : 1482555576320
2019-09-30 20:13:47,121 [main] INFO  volume.VolumeSet (VolumeSet.java:initializeVolumeSet(170)) - Added Volume : /workdir/hadoop-ozone/integration-test/target/test-dir/MiniOzoneClusterImpl-cbb98d00-1d2e-480a-8768-230717893271/datanode-4/data/containers/hdds to VolumeSet
2019-09-30 20:13:47,121 [main] INFO  volume.ThrottledAsyncChecker (ThrottledAsyncChecker.java:schedule(139)) - Scheduling a check for org.apache.hadoop.ozone.container.common.volume.HddsVolume@2b6fb197
2019-09-30 20:13:47,122 [main] INFO  volume.HddsVolumeChecker (HddsVolumeChecker.java:checkAllVolumes(202)) - Scheduled health check for volume org.apache.hadoop.ozone.container.common.volume.HddsVolume@2b6fb197
2019-09-30 20:13:47,137 [main] INFO  impl.RaftServerProxy (ConfUtils.java:logGet(43)) - raft.rpc.type = GRPC (default)
2019-09-30 20:13:47,138 [main] INFO  grpc.GrpcFactory (GrpcFactory.java:checkPooledByteBufAllocatorUseCacheForAllThreads(45)) - PERFORMANCE WARNING: useCacheForAllThreads is true that may cause Netty to create a lot garbage objects and, as a result, trigger GC.
	It is recommended to disable useCacheForAllThreads by setting -Dorg.apache.ratis.thirdparty.io.netty.allocator.useCacheForAllThreads=false in command line.
2019-09-30 20:13:47,138 [main] INFO  grpc.GrpcConfigKeys$Server (ConfUtils.java:logGet(43)) - raft.grpc.server.port = 0 (default)
2019-09-30 20:13:47,138 [main] INFO  server.GrpcService (ConfUtils.java:logGet(43)) - raft.grpc.message.size.max = 33570816 (custom)
2019-09-30 20:13:47,138 [main] INFO  server.RaftServerConfigKeys (ConfUtils.java:logGet(43)) - raft.server.log.appender.buffer.byte-limit = 33554432 (custom)
2019-09-30 20:13:47,138 [main] INFO  server.GrpcService (ConfUtils.java:logGet(43)) - raft.grpc.flow.control.window = 1MB (=1048576) (default)
2019-09-30 20:13:47,138 [main] INFO  server.RaftServerConfigKeys (ConfUtils.java:logGet(43)) - raft.server.rpc.request.timeout = 3000ms (default)
2019-09-30 20:13:47,139 [main] INFO  server.RaftServerConfigKeys (ConfUtils.java:logGet(43)) - raft.server.storage.dir = [/workdir/hadoop-ozone/integration-test/target/test-dir/MiniOzoneClusterImpl-cbb98d00-1d2e-480a-8768-230717893271/datanode-4/data/ratis] (custom)
2019-09-30 20:13:47,143 [main] INFO  hdfs.DFSUtil (DFSUtil.java:httpServerTemplateForNNAndJN(1641)) - Starting Web-server for hddsDatanode at: http://0.0.0.0:0
2019-09-30 20:13:47,144 [main] INFO  server.AuthenticationFilter (AuthenticationFilter.java:constructSecretProvider(240)) - Unable to initialize FileSignerSecretProvider, falling back to use random secrets.
2019-09-30 20:13:47,144 [main] WARN  http.HttpRequestLog (HttpRequestLog.java:getRequestLog(97)) - Jetty request log can only be enabled using Log4j
2019-09-30 20:13:47,146 [main] INFO  http.HttpServer2 (HttpServer2.java:addGlobalFilter(975)) - Added global filter 'safety' (class=org.apache.hadoop.http.HttpServer2$QuotingInputFilter)
2019-09-30 20:13:47,146 [main] INFO  http.HttpServer2 (HttpServer2.java:addFilter(948)) - Added filter static_user_filter (class=org.apache.hadoop.http.lib.StaticUserWebFilter$StaticUserFilter) to context hddsDatanode
2019-09-30 20:13:47,147 [main] INFO  http.HttpServer2 (HttpServer2.java:addFilter(958)) - Added filter static_user_filter (class=org.apache.hadoop.http.lib.StaticUserWebFilter$StaticUserFilter) to context static
2019-09-30 20:13:47,147 [main] INFO  http.HttpServer2 (HttpServer2.java:addFilter(958)) - Added filter static_user_filter (class=org.apache.hadoop.http.lib.StaticUserWebFilter$StaticUserFilter) to context logs
2019-09-30 20:13:47,147 [main] INFO  http.HttpServer2 (HttpServer2.java:bindListener(1191)) - Jetty bound to port 38895
2019-09-30 20:13:47,148 [main] INFO  server.Server (Server.java:doStart(351)) - jetty-9.3.25.v20180904, build timestamp: 2018-09-04T21:11:46Z, git hash: 3ce520221d0240229c862b122d2b06c12a625732
2019-09-30 20:13:47,149 [main] INFO  handler.ContextHandler (ContextHandler.java:doStart(781)) - Started o.e.j.s.ServletContextHandler@6c835217{/logs,file:///workdir/hadoop-ozone/integration-test/target/log,AVAILABLE}
2019-09-30 20:13:47,150 [main] INFO  handler.ContextHandler (ContextHandler.java:doStart(781)) - Started o.e.j.s.ServletContextHandler@51888019{/static,jar:file:/home/user/.m2/repository/org/apache/hadoop/hadoop-hdds-container-service/0.5.0-SNAPSHOT/hadoop-hdds-container-service-0.5.0-SNAPSHOT.jar!/webapps/static,AVAILABLE}
2019-09-30 20:13:47,185 [main] INFO  handler.ContextHandler (ContextHandler.java:doStart(781)) - Started o.e.j.w.WebAppContext@3e14d390{/,file:///tmp/jetty-0.0.0.0-38895-hddsDatanode-_-any-138541362976853875.dir/webapp/,AVAILABLE}{/hddsDatanode}
2019-09-30 20:13:47,185 [main] INFO  server.AbstractConnector (AbstractConnector.java:doStart(278)) - Started ServerConnector@5eb87338{HTTP/1.1,[http/1.1]}{0.0.0.0:38895}
2019-09-30 20:13:47,188 [main] INFO  server.Server (Server.java:doStart(419)) - Started @197503ms
2019-09-30 20:13:47,189 [main] WARN  impl.MetricsSystemImpl (MetricsSystemImpl.java:register(276)) - Sink prometheus already exists!
2019-09-30 20:13:47,189 [main] INFO  server.BaseHttpServer (BaseHttpServer.java:updateConnectorAddress(215)) - HTTP server of HDDSDATANODE is listening at http://0.0.0.0:38895
2019-09-30 20:13:47,190 [main] INFO  impl.MetricsSystemImpl (MetricsSystemImpl.java:init(158)) - HddsDatanode metrics system started (again)
2019-09-30 20:13:47,211 [org.apache.hadoop.util.JvmPauseMonitor$Monitor@5015f26f] INFO  util.JvmPauseMonitor (JvmPauseMonitor.java:run(188)) - Starting JVM pause monitor
2019-09-30 20:13:47,212 [Datanode State Machine Thread - 0] INFO  datanode.InitDatanodeState (InitDatanodeState.java:persistContainerDatanodeDetails(140)) - DatanodeDetails is persisted to /workdir/hadoop-ozone/integration-test/target/test-dir/MiniOzoneClusterImpl-cbb98d00-1d2e-480a-8768-230717893271/datanode-4/meta/datanode.id
2019-09-30 20:13:47,212 [main] INFO  ozone.HddsDatanodeService (HddsDatanodeService.java:start(184)) - HddsDatanodeService host:pr-hdds-2210-ncz7r-3016196628 ip:192.168.164.209
2019-09-30 20:13:47,224 [main] INFO  volume.HddsVolume (HddsVolume.java:<init>(176)) - Creating Volume: /workdir/hadoop-ozone/integration-test/target/test-dir/MiniOzoneClusterImpl-cbb98d00-1d2e-480a-8768-230717893271/datanode-5/data/containers/hdds of  storage type : DISK and capacity : 1482555576320
2019-09-30 20:13:47,225 [main] INFO  volume.VolumeSet (VolumeSet.java:initializeVolumeSet(170)) - Added Volume : /workdir/hadoop-ozone/integration-test/target/test-dir/MiniOzoneClusterImpl-cbb98d00-1d2e-480a-8768-230717893271/datanode-5/data/containers/hdds to VolumeSet
2019-09-30 20:13:47,225 [main] INFO  volume.ThrottledAsyncChecker (ThrottledAsyncChecker.java:schedule(139)) - Scheduling a check for org.apache.hadoop.ozone.container.common.volume.HddsVolume@4fd74223
2019-09-30 20:13:47,225 [main] INFO  volume.HddsVolumeChecker (HddsVolumeChecker.java:checkAllVolumes(202)) - Scheduled health check for volume org.apache.hadoop.ozone.container.common.volume.HddsVolume@4fd74223
2019-09-30 20:13:47,244 [main] INFO  impl.RaftServerProxy (ConfUtils.java:logGet(43)) - raft.rpc.type = GRPC (default)
2019-09-30 20:13:47,244 [main] INFO  grpc.GrpcFactory (GrpcFactory.java:checkPooledByteBufAllocatorUseCacheForAllThreads(45)) - PERFORMANCE WARNING: useCacheForAllThreads is true that may cause Netty to create a lot garbage objects and, as a result, trigger GC.
	It is recommended to disable useCacheForAllThreads by setting -Dorg.apache.ratis.thirdparty.io.netty.allocator.useCacheForAllThreads=false in command line.
2019-09-30 20:13:47,245 [main] INFO  grpc.GrpcConfigKeys$Server (ConfUtils.java:logGet(43)) - raft.grpc.server.port = 0 (default)
2019-09-30 20:13:47,245 [main] INFO  server.GrpcService (ConfUtils.java:logGet(43)) - raft.grpc.message.size.max = 33570816 (custom)
2019-09-30 20:13:47,245 [main] INFO  server.RaftServerConfigKeys (ConfUtils.java:logGet(43)) - raft.server.log.appender.buffer.byte-limit = 33554432 (custom)
2019-09-30 20:13:47,245 [main] INFO  server.GrpcService (ConfUtils.java:logGet(43)) - raft.grpc.flow.control.window = 1MB (=1048576) (default)
2019-09-30 20:13:47,245 [main] INFO  server.RaftServerConfigKeys (ConfUtils.java:logGet(43)) - raft.server.rpc.request.timeout = 3000ms (default)
2019-09-30 20:13:47,246 [main] INFO  server.RaftServerConfigKeys (ConfUtils.java:logGet(43)) - raft.server.storage.dir = [/workdir/hadoop-ozone/integration-test/target/test-dir/MiniOzoneClusterImpl-cbb98d00-1d2e-480a-8768-230717893271/datanode-5/data/ratis] (custom)
2019-09-30 20:13:47,247 [main] INFO  hdfs.DFSUtil (DFSUtil.java:httpServerTemplateForNNAndJN(1641)) - Starting Web-server for hddsDatanode at: http://0.0.0.0:0
2019-09-30 20:13:47,249 [main] INFO  server.AuthenticationFilter (AuthenticationFilter.java:constructSecretProvider(240)) - Unable to initialize FileSignerSecretProvider, falling back to use random secrets.
2019-09-30 20:13:47,250 [main] WARN  http.HttpRequestLog (HttpRequestLog.java:getRequestLog(97)) - Jetty request log can only be enabled using Log4j
2019-09-30 20:13:47,252 [main] INFO  http.HttpServer2 (HttpServer2.java:addGlobalFilter(975)) - Added global filter 'safety' (class=org.apache.hadoop.http.HttpServer2$QuotingInputFilter)
2019-09-30 20:13:47,252 [main] INFO  http.HttpServer2 (HttpServer2.java:addFilter(948)) - Added filter static_user_filter (class=org.apache.hadoop.http.lib.StaticUserWebFilter$StaticUserFilter) to context hddsDatanode
2019-09-30 20:13:47,253 [main] INFO  http.HttpServer2 (HttpServer2.java:addFilter(958)) - Added filter static_user_filter (class=org.apache.hadoop.http.lib.StaticUserWebFilter$StaticUserFilter) to context logs
2019-09-30 20:13:47,253 [main] INFO  http.HttpServer2 (HttpServer2.java:addFilter(958)) - Added filter static_user_filter (class=org.apache.hadoop.http.lib.StaticUserWebFilter$StaticUserFilter) to context static
2019-09-30 20:13:47,254 [main] INFO  http.HttpServer2 (HttpServer2.java:bindListener(1191)) - Jetty bound to port 41122
2019-09-30 20:13:47,254 [main] INFO  server.Server (Server.java:doStart(351)) - jetty-9.3.25.v20180904, build timestamp: 2018-09-04T21:11:46Z, git hash: 3ce520221d0240229c862b122d2b06c12a625732
2019-09-30 20:13:47,256 [main] INFO  handler.ContextHandler (ContextHandler.java:doStart(781)) - Started o.e.j.s.ServletContextHandler@747f6c5a{/logs,file:///workdir/hadoop-ozone/integration-test/target/log,AVAILABLE}
2019-09-30 20:13:47,257 [main] INFO  handler.ContextHandler (ContextHandler.java:doStart(781)) - Started o.e.j.s.ServletContextHandler@5b48f0f4{/static,jar:file:/home/user/.m2/repository/org/apache/hadoop/hadoop-hdds-container-service/0.5.0-SNAPSHOT/hadoop-hdds-container-service-0.5.0-SNAPSHOT.jar!/webapps/static,AVAILABLE}
2019-09-30 20:13:47,299 [main] INFO  handler.ContextHandler (ContextHandler.java:doStart(781)) - Started o.e.j.w.WebAppContext@6486fe7b{/,file:///tmp/jetty-0.0.0.0-41122-hddsDatanode-_-any-4674647072326921797.dir/webapp/,AVAILABLE}{/hddsDatanode}
2019-09-30 20:13:47,299 [main] INFO  server.AbstractConnector (AbstractConnector.java:doStart(278)) - Started ServerConnector@511da44f{HTTP/1.1,[http/1.1]}{0.0.0.0:41122}
2019-09-30 20:13:47,303 [main] INFO  server.Server (Server.java:doStart(419)) - Started @197618ms
2019-09-30 20:13:47,303 [main] WARN  impl.MetricsSystemImpl (MetricsSystemImpl.java:register(276)) - Sink prometheus already exists!
2019-09-30 20:13:47,304 [main] INFO  server.BaseHttpServer (BaseHttpServer.java:updateConnectorAddress(215)) - HTTP server of HDDSDATANODE is listening at http://0.0.0.0:41122
2019-09-30 20:13:47,304 [main] INFO  impl.MetricsSystemImpl (MetricsSystemImpl.java:init(158)) - HddsDatanode metrics system started (again)
2019-09-30 20:13:47,327 [org.apache.hadoop.util.JvmPauseMonitor$Monitor@c762e56] INFO  util.JvmPauseMonitor (JvmPauseMonitor.java:run(188)) - Starting JVM pause monitor
2019-09-30 20:13:47,328 [main] INFO  ozone.HddsDatanodeService (HddsDatanodeService.java:start(184)) - HddsDatanodeService host:pr-hdds-2210-ncz7r-3016196628 ip:192.168.164.209
2019-09-30 20:13:47,328 [Datanode State Machine Thread - 0] INFO  datanode.InitDatanodeState (InitDatanodeState.java:persistContainerDatanodeDetails(140)) - DatanodeDetails is persisted to /workdir/hadoop-ozone/integration-test/target/test-dir/MiniOzoneClusterImpl-cbb98d00-1d2e-480a-8768-230717893271/datanode-5/meta/datanode.id
2019-09-30 20:13:47,338 [main] INFO  volume.HddsVolume (HddsVolume.java:<init>(176)) - Creating Volume: /workdir/hadoop-ozone/integration-test/target/test-dir/MiniOzoneClusterImpl-cbb98d00-1d2e-480a-8768-230717893271/datanode-6/data/containers/hdds of  storage type : DISK and capacity : 1482555576320
2019-09-30 20:13:47,339 [main] INFO  volume.VolumeSet (VolumeSet.java:initializeVolumeSet(170)) - Added Volume : /workdir/hadoop-ozone/integration-test/target/test-dir/MiniOzoneClusterImpl-cbb98d00-1d2e-480a-8768-230717893271/datanode-6/data/containers/hdds to VolumeSet
2019-09-30 20:13:47,339 [main] INFO  volume.ThrottledAsyncChecker (ThrottledAsyncChecker.java:schedule(139)) - Scheduling a check for org.apache.hadoop.ozone.container.common.volume.HddsVolume@1eeb5818
2019-09-30 20:13:47,339 [main] INFO  volume.HddsVolumeChecker (HddsVolumeChecker.java:checkAllVolumes(202)) - Scheduled health check for volume org.apache.hadoop.ozone.container.common.volume.HddsVolume@1eeb5818
2019-09-30 20:13:47,356 [main] INFO  impl.RaftServerProxy (ConfUtils.java:logGet(43)) - raft.rpc.type = GRPC (default)
2019-09-30 20:13:47,357 [main] INFO  grpc.GrpcFactory (GrpcFactory.java:checkPooledByteBufAllocatorUseCacheForAllThreads(45)) - PERFORMANCE WARNING: useCacheForAllThreads is true that may cause Netty to create a lot garbage objects and, as a result, trigger GC.
	It is recommended to disable useCacheForAllThreads by setting -Dorg.apache.ratis.thirdparty.io.netty.allocator.useCacheForAllThreads=false in command line.
2019-09-30 20:13:47,357 [main] INFO  grpc.GrpcConfigKeys$Server (ConfUtils.java:logGet(43)) - raft.grpc.server.port = 0 (default)
2019-09-30 20:13:47,357 [main] INFO  server.GrpcService (ConfUtils.java:logGet(43)) - raft.grpc.message.size.max = 33570816 (custom)
2019-09-30 20:13:47,357 [main] INFO  server.RaftServerConfigKeys (ConfUtils.java:logGet(43)) - raft.server.log.appender.buffer.byte-limit = 33554432 (custom)
2019-09-30 20:13:47,357 [main] INFO  server.GrpcService (ConfUtils.java:logGet(43)) - raft.grpc.flow.control.window = 1MB (=1048576) (default)
2019-09-30 20:13:47,360 [main] INFO  server.RaftServerConfigKeys (ConfUtils.java:logGet(43)) - raft.server.rpc.request.timeout = 3000ms (default)
2019-09-30 20:13:47,361 [main] INFO  server.RaftServerConfigKeys (ConfUtils.java:logGet(43)) - raft.server.storage.dir = [/workdir/hadoop-ozone/integration-test/target/test-dir/MiniOzoneClusterImpl-cbb98d00-1d2e-480a-8768-230717893271/datanode-6/data/ratis] (custom)
2019-09-30 20:13:47,362 [main] INFO  hdfs.DFSUtil (DFSUtil.java:httpServerTemplateForNNAndJN(1641)) - Starting Web-server for hddsDatanode at: http://0.0.0.0:0
2019-09-30 20:13:47,363 [main] INFO  server.AuthenticationFilter (AuthenticationFilter.java:constructSecretProvider(240)) - Unable to initialize FileSignerSecretProvider, falling back to use random secrets.
2019-09-30 20:13:47,363 [main] WARN  http.HttpRequestLog (HttpRequestLog.java:getRequestLog(97)) - Jetty request log can only be enabled using Log4j
2019-09-30 20:13:47,365 [main] INFO  http.HttpServer2 (HttpServer2.java:addGlobalFilter(975)) - Added global filter 'safety' (class=org.apache.hadoop.http.HttpServer2$QuotingInputFilter)
2019-09-30 20:13:47,365 [main] INFO  http.HttpServer2 (HttpServer2.java:addFilter(948)) - Added filter static_user_filter (class=org.apache.hadoop.http.lib.StaticUserWebFilter$StaticUserFilter) to context hddsDatanode
2019-09-30 20:13:47,365 [main] INFO  http.HttpServer2 (HttpServer2.java:addFilter(958)) - Added filter static_user_filter (class=org.apache.hadoop.http.lib.StaticUserWebFilter$StaticUserFilter) to context logs
2019-09-30 20:13:47,365 [main] INFO  http.HttpServer2 (HttpServer2.java:addFilter(958)) - Added filter static_user_filter (class=org.apache.hadoop.http.lib.StaticUserWebFilter$StaticUserFilter) to context static
2019-09-30 20:13:47,366 [main] INFO  http.HttpServer2 (HttpServer2.java:bindListener(1191)) - Jetty bound to port 40077
2019-09-30 20:13:47,366 [main] INFO  server.Server (Server.java:doStart(351)) - jetty-9.3.25.v20180904, build timestamp: 2018-09-04T21:11:46Z, git hash: 3ce520221d0240229c862b122d2b06c12a625732
2019-09-30 20:13:47,368 [main] INFO  handler.ContextHandler (ContextHandler.java:doStart(781)) - Started o.e.j.s.ServletContextHandler@3c18942{/logs,file:///workdir/hadoop-ozone/integration-test/target/log,AVAILABLE}
2019-09-30 20:13:47,368 [main] INFO  handler.ContextHandler (ContextHandler.java:doStart(781)) - Started o.e.j.s.ServletContextHandler@6842c101{/static,jar:file:/home/user/.m2/repository/org/apache/hadoop/hadoop-hdds-container-service/0.5.0-SNAPSHOT/hadoop-hdds-container-service-0.5.0-SNAPSHOT.jar!/webapps/static,AVAILABLE}
2019-09-30 20:13:47,396 [main] INFO  handler.ContextHandler (ContextHandler.java:doStart(781)) - Started o.e.j.w.WebAppContext@194012a2{/,file:///tmp/jetty-0.0.0.0-40077-hddsDatanode-_-any-8292821210858114734.dir/webapp/,AVAILABLE}{/hddsDatanode}
2019-09-30 20:13:47,396 [main] INFO  server.AbstractConnector (AbstractConnector.java:doStart(278)) - Started ServerConnector@55296b50{HTTP/1.1,[http/1.1]}{0.0.0.0:40077}
2019-09-30 20:13:47,399 [main] INFO  server.Server (Server.java:doStart(419)) - Started @197714ms
2019-09-30 20:13:47,400 [main] WARN  impl.MetricsSystemImpl (MetricsSystemImpl.java:register(276)) - Sink prometheus already exists!
2019-09-30 20:13:47,400 [main] INFO  server.BaseHttpServer (BaseHttpServer.java:updateConnectorAddress(215)) - HTTP server of HDDSDATANODE is listening at http://0.0.0.0:40077
2019-09-30 20:13:47,400 [main] INFO  ozone.MiniOzoneClusterImpl (MiniOzoneClusterImpl.java:lambda$waitForClusterToBeReady$0(147)) - Waiting for cluster to be ready. Got 0 of 7 DN Heartbeats.
2019-09-30 20:13:47,402 [org.apache.hadoop.util.JvmPauseMonitor$Monitor@71b5628e] INFO  util.JvmPauseMonitor (JvmPauseMonitor.java:run(188)) - Starting JVM pause monitor
2019-09-30 20:13:47,403 [Datanode State Machine Thread - 0] INFO  datanode.InitDatanodeState (InitDatanodeState.java:persistContainerDatanodeDetails(140)) - DatanodeDetails is persisted to /workdir/hadoop-ozone/integration-test/target/test-dir/MiniOzoneClusterImpl-cbb98d00-1d2e-480a-8768-230717893271/datanode-6/meta/datanode.id
2019-09-30 20:13:47,683 [Thread-2272] INFO  client.GrpcClientProtocolService (GrpcClientProtocolService.java:lambda$processClientRequest$0(278)) - Failed RaftClientRequest:client-3AAD810D7B2D->fdb07fac-a038-4dd2-bf3a-e692e6ea73ee@group-8ED5B5EAAF88, cid=68, seq=0, Watch-MAJORITY_COMMITTED(90), Message:<EMPTY>, reply=RaftClientReply:client-3AAD810D7B2D->fdb07fac-a038-4dd2-bf3a-e692e6ea73ee@group-8ED5B5EAAF88, cid=68, FAILED org.apache.ratis.protocol.NotReplicatedException: Request with call Id 68 and log index 90 is not yet replicated to MAJORITY_COMMITTED, logIndex=90, commits[fdb07fac-a038-4dd2-bf3a-e692e6ea73ee:c2, 0c62d7ee-acdc-4014-b8e4-a22ebcbdb566:c2, e3cd7ddd-71e6-4087-b78a-a2f343ce8905:c2]
2019-09-30 20:13:47,683 [Thread-2273] INFO  client.GrpcClientProtocolService (GrpcClientProtocolService.java:lambda$processClientRequest$0(278)) - Failed RaftClientRequest:client-3AAD810D7B2D->fdb07fac-a038-4dd2-bf3a-e692e6ea73ee@group-8ED5B5EAAF88, cid=67, seq=0, Watch-ALL_COMMITTED(90), Message:<EMPTY>, reply=RaftClientReply:client-3AAD810D7B2D->fdb07fac-a038-4dd2-bf3a-e692e6ea73ee@group-8ED5B5EAAF88, cid=67, FAILED org.apache.ratis.protocol.NotReplicatedException: Request with call Id 67 and log index 90 is not yet replicated to ALL_COMMITTED, logIndex=90, commits[fdb07fac-a038-4dd2-bf3a-e692e6ea73ee:c2, 0c62d7ee-acdc-4014-b8e4-a22ebcbdb566:c2, e3cd7ddd-71e6-4087-b78a-a2f343ce8905:c2]
2019-09-30 20:13:47,746 [grpc-default-executor-3] WARN  server.GrpcLogAppender (LogUtils.java:warn(134)) - fdb07fac-a038-4dd2-bf3a-e692e6ea73ee@group-8ED5B5EAAF88->e3cd7ddd-71e6-4087-b78a-a2f343ce8905-AppendLogResponseHandler: Failed appendEntries: org.apache.ratis.thirdparty.io.grpc.StatusRuntimeException: UNAVAILABLE: io exception
2019-09-30 20:13:47,746 [grpc-default-executor-4] WARN  server.GrpcLogAppender (LogUtils.java:warn(134)) - fdb07fac-a038-4dd2-bf3a-e692e6ea73ee@group-8ED5B5EAAF88->0c62d7ee-acdc-4014-b8e4-a22ebcbdb566-AppendLogResponseHandler: Failed appendEntries: org.apache.ratis.thirdparty.io.grpc.StatusRuntimeException: UNAVAILABLE: io exception
2019-09-30 20:13:47,753 [grpc-default-executor-3] INFO  impl.FollowerInfo (FollowerInfo.java:lambda$new$0(51)) - fdb07fac-a038-4dd2-bf3a-e692e6ea73ee@group-8ED5B5EAAF88->e3cd7ddd-71e6-4087-b78a-a2f343ce8905: nextIndex: updateUnconditionally 0 -> 0
2019-09-30 20:13:47,753 [grpc-default-executor-4] INFO  impl.FollowerInfo (FollowerInfo.java:lambda$new$0(51)) - fdb07fac-a038-4dd2-bf3a-e692e6ea73ee@group-8ED5B5EAAF88->0c62d7ee-acdc-4014-b8e4-a22ebcbdb566: nextIndex: updateUnconditionally 0 -> 0
2019-09-30 20:13:48,401 [main] INFO  ozone.MiniOzoneClusterImpl (MiniOzoneClusterImpl.java:lambda$waitForClusterToBeReady$0(147)) - Waiting for cluster to be ready. Got 0 of 7 DN Heartbeats.
2019-09-30 20:13:48,864 [Datanode State Machine Thread - 0] INFO  ozoneimpl.OzoneContainer (OzoneContainer.java:start(217)) - Attempting to start container services.
2019-09-30 20:13:48,865 [Datanode State Machine Thread - 0] INFO  ozoneimpl.OzoneContainer (OzoneContainer.java:startContainerScrub(179)) - Background container scanner has been disabled.
2019-09-30 20:13:48,865 [Datanode State Machine Thread - 0] INFO  ratis.XceiverServerRatis (XceiverServerRatis.java:start(417)) - Starting XceiverServerRatis 565b4a1d-50e8-4bff-86d8-798d26741c85 at port 0
2019-09-30 20:13:48,872 [Datanode State Machine Thread - 0] INFO  impl.RaftServerProxy (RaftServerProxy.java:lambda$start$3(299)) - 565b4a1d-50e8-4bff-86d8-798d26741c85: start RPC server
2019-09-30 20:13:48,873 [Datanode State Machine Thread - 0] INFO  server.GrpcService (GrpcService.java:startImpl(158)) - 565b4a1d-50e8-4bff-86d8-798d26741c85: GrpcService started, listening on 0.0.0.0/0.0.0.0:32983
2019-09-30 20:13:48,873 [Datanode State Machine Thread - 0] INFO  ratis.XceiverServerRatis (XceiverServerRatis.java:start(427)) - XceiverServerRatis 565b4a1d-50e8-4bff-86d8-798d26741c85 is started using port 32983
2019-09-30 20:13:48,875 [Datanode State Machine Thread - 0] INFO  server.XceiverServerGrpc (XceiverServerGrpc.java:start(149)) - XceiverServerGrpc 565b4a1d-50e8-4bff-86d8-798d26741c85 is started using port 38481
2019-09-30 20:13:48,919 [Datanode State Machine Thread - 0] INFO  ozoneimpl.OzoneContainer (OzoneContainer.java:start(217)) - Attempting to start container services.
2019-09-30 20:13:48,919 [Datanode State Machine Thread - 0] INFO  ozoneimpl.OzoneContainer (OzoneContainer.java:startContainerScrub(179)) - Background container scanner has been disabled.
2019-09-30 20:13:48,919 [Datanode State Machine Thread - 0] INFO  ratis.XceiverServerRatis (XceiverServerRatis.java:start(417)) - Starting XceiverServerRatis 659ad155-1646-4a84-a8b7-881b8f767b07 at port 0
2019-09-30 20:13:48,925 [Datanode State Machine Thread - 0] INFO  impl.RaftServerProxy (RaftServerProxy.java:lambda$start$3(299)) - 659ad155-1646-4a84-a8b7-881b8f767b07: start RPC server
2019-09-30 20:13:48,928 [Datanode State Machine Thread - 0] INFO  server.GrpcService (GrpcService.java:startImpl(158)) - 659ad155-1646-4a84-a8b7-881b8f767b07: GrpcService started, listening on 0.0.0.0/0.0.0.0:35868
2019-09-30 20:13:48,928 [Datanode State Machine Thread - 0] INFO  ratis.XceiverServerRatis (XceiverServerRatis.java:start(427)) - XceiverServerRatis 659ad155-1646-4a84-a8b7-881b8f767b07 is started using port 35868
2019-09-30 20:13:48,928 [Datanode State Machine Thread - 0] INFO  server.XceiverServerGrpc (XceiverServerGrpc.java:start(149)) - XceiverServerGrpc 659ad155-1646-4a84-a8b7-881b8f767b07 is started using port 40185
2019-09-30 20:13:49,028 [Datanode State Machine Thread - 0] INFO  ozoneimpl.OzoneContainer (OzoneContainer.java:start(217)) - Attempting to start container services.
2019-09-30 20:13:49,028 [Datanode State Machine Thread - 0] INFO  ozoneimpl.OzoneContainer (OzoneContainer.java:startContainerScrub(179)) - Background container scanner has been disabled.
2019-09-30 20:13:49,029 [Datanode State Machine Thread - 0] INFO  ratis.XceiverServerRatis (XceiverServerRatis.java:start(417)) - Starting XceiverServerRatis 85c3c454-62b1-4588-ba3a-62b937fadb3f at port 0
2019-09-30 20:13:49,034 [Datanode State Machine Thread - 0] INFO  impl.RaftServerProxy (RaftServerProxy.java:lambda$start$3(299)) - 85c3c454-62b1-4588-ba3a-62b937fadb3f: start RPC server
2019-09-30 20:13:49,044 [Datanode State Machine Thread - 0] INFO  server.GrpcService (GrpcService.java:startImpl(158)) - 85c3c454-62b1-4588-ba3a-62b937fadb3f: GrpcService started, listening on 0.0.0.0/0.0.0.0:35457
2019-09-30 20:13:49,044 [Datanode State Machine Thread - 0] INFO  ratis.XceiverServerRatis (XceiverServerRatis.java:start(427)) - XceiverServerRatis 85c3c454-62b1-4588-ba3a-62b937fadb3f is started using port 35457
2019-09-30 20:13:49,045 [Datanode State Machine Thread - 0] INFO  server.XceiverServerGrpc (XceiverServerGrpc.java:start(149)) - XceiverServerGrpc 85c3c454-62b1-4588-ba3a-62b937fadb3f is started using port 35613
2019-09-30 20:13:49,124 [Datanode State Machine Thread - 0] INFO  ozoneimpl.OzoneContainer (OzoneContainer.java:start(217)) - Attempting to start container services.
2019-09-30 20:13:49,124 [Datanode State Machine Thread - 0] INFO  ozoneimpl.OzoneContainer (OzoneContainer.java:startContainerScrub(179)) - Background container scanner has been disabled.
2019-09-30 20:13:49,124 [Datanode State Machine Thread - 0] INFO  ratis.XceiverServerRatis (XceiverServerRatis.java:start(417)) - Starting XceiverServerRatis 0f3e82e6-526a-4e17-84a2-45c646fa5d25 at port 0
2019-09-30 20:13:49,131 [Datanode State Machine Thread - 0] INFO  impl.RaftServerProxy (RaftServerProxy.java:lambda$start$3(299)) - 0f3e82e6-526a-4e17-84a2-45c646fa5d25: start RPC server
2019-09-30 20:13:49,138 [Datanode State Machine Thread - 0] INFO  server.GrpcService (GrpcService.java:startImpl(158)) - 0f3e82e6-526a-4e17-84a2-45c646fa5d25: GrpcService started, listening on 0.0.0.0/0.0.0.0:37074
2019-09-30 20:13:49,138 [Datanode State Machine Thread - 0] INFO  ratis.XceiverServerRatis (XceiverServerRatis.java:start(427)) - XceiverServerRatis 0f3e82e6-526a-4e17-84a2-45c646fa5d25 is started using port 37074
2019-09-30 20:13:49,139 [Datanode State Machine Thread - 0] INFO  server.XceiverServerGrpc (XceiverServerGrpc.java:start(149)) - XceiverServerGrpc 0f3e82e6-526a-4e17-84a2-45c646fa5d25 is started using port 44299
2019-09-30 20:13:49,225 [Datanode State Machine Thread - 0] INFO  ozoneimpl.OzoneContainer (OzoneContainer.java:start(217)) - Attempting to start container services.
2019-09-30 20:13:49,226 [Datanode State Machine Thread - 0] INFO  ozoneimpl.OzoneContainer (OzoneContainer.java:startContainerScrub(179)) - Background container scanner has been disabled.
2019-09-30 20:13:49,226 [Datanode State Machine Thread - 0] INFO  ratis.XceiverServerRatis (XceiverServerRatis.java:start(417)) - Starting XceiverServerRatis d75ee5e7-23bf-4370-89bc-61b60313736b at port 0
2019-09-30 20:13:49,232 [Datanode State Machine Thread - 0] INFO  impl.RaftServerProxy (RaftServerProxy.java:lambda$start$3(299)) - d75ee5e7-23bf-4370-89bc-61b60313736b: start RPC server
2019-09-30 20:13:49,241 [Datanode State Machine Thread - 0] INFO  server.GrpcService (GrpcService.java:startImpl(158)) - d75ee5e7-23bf-4370-89bc-61b60313736b: GrpcService started, listening on 0.0.0.0/0.0.0.0:37064
2019-09-30 20:13:49,241 [Datanode State Machine Thread - 0] INFO  ratis.XceiverServerRatis (XceiverServerRatis.java:start(427)) - XceiverServerRatis d75ee5e7-23bf-4370-89bc-61b60313736b is started using port 37064
2019-09-30 20:13:49,241 [Datanode State Machine Thread - 0] INFO  server.XceiverServerGrpc (XceiverServerGrpc.java:start(149)) - XceiverServerGrpc d75ee5e7-23bf-4370-89bc-61b60313736b is started using port 38482
2019-09-30 20:13:49,341 [Datanode State Machine Thread - 0] INFO  ozoneimpl.OzoneContainer (OzoneContainer.java:start(217)) - Attempting to start container services.
2019-09-30 20:13:49,341 [Datanode State Machine Thread - 0] INFO  ozoneimpl.OzoneContainer (OzoneContainer.java:startContainerScrub(179)) - Background container scanner has been disabled.
2019-09-30 20:13:49,341 [Datanode State Machine Thread - 0] INFO  ratis.XceiverServerRatis (XceiverServerRatis.java:start(417)) - Starting XceiverServerRatis c4517376-c315-4c1d-9f15-43e2d96457c0 at port 0
2019-09-30 20:13:49,348 [Datanode State Machine Thread - 0] INFO  impl.RaftServerProxy (RaftServerProxy.java:lambda$start$3(299)) - c4517376-c315-4c1d-9f15-43e2d96457c0: start RPC server
2019-09-30 20:13:49,353 [Datanode State Machine Thread - 0] INFO  server.GrpcService (GrpcService.java:startImpl(158)) - c4517376-c315-4c1d-9f15-43e2d96457c0: GrpcService started, listening on 0.0.0.0/0.0.0.0:34923
2019-09-30 20:13:49,353 [Datanode State Machine Thread - 0] INFO  ratis.XceiverServerRatis (XceiverServerRatis.java:start(427)) - XceiverServerRatis c4517376-c315-4c1d-9f15-43e2d96457c0 is started using port 34923
2019-09-30 20:13:49,353 [Datanode State Machine Thread - 0] INFO  server.XceiverServerGrpc (XceiverServerGrpc.java:start(149)) - XceiverServerGrpc c4517376-c315-4c1d-9f15-43e2d96457c0 is started using port 34119
2019-09-30 20:13:49,402 [main] INFO  ozone.MiniOzoneClusterImpl (MiniOzoneClusterImpl.java:lambda$waitForClusterToBeReady$0(147)) - Waiting for cluster to be ready. Got 0 of 7 DN Heartbeats.
2019-09-30 20:13:49,421 [Datanode State Machine Thread - 0] INFO  ozoneimpl.OzoneContainer (OzoneContainer.java:start(217)) - Attempting to start container services.
2019-09-30 20:13:49,421 [Datanode State Machine Thread - 0] INFO  ozoneimpl.OzoneContainer (OzoneContainer.java:startContainerScrub(179)) - Background container scanner has been disabled.
2019-09-30 20:13:49,421 [Datanode State Machine Thread - 0] INFO  ratis.XceiverServerRatis (XceiverServerRatis.java:start(417)) - Starting XceiverServerRatis 7655e4ec-53fb-4038-b89e-7f4d548b6388 at port 0
2019-09-30 20:13:49,427 [Datanode State Machine Thread - 0] INFO  impl.RaftServerProxy (RaftServerProxy.java:lambda$start$3(299)) - 7655e4ec-53fb-4038-b89e-7f4d548b6388: start RPC server
2019-09-30 20:13:49,431 [Datanode State Machine Thread - 0] INFO  server.GrpcService (GrpcService.java:startImpl(158)) - 7655e4ec-53fb-4038-b89e-7f4d548b6388: GrpcService started, listening on 0.0.0.0/0.0.0.0:44437
2019-09-30 20:13:49,432 [Datanode State Machine Thread - 0] INFO  ratis.XceiverServerRatis (XceiverServerRatis.java:start(427)) - XceiverServerRatis 7655e4ec-53fb-4038-b89e-7f4d548b6388 is started using port 44437
2019-09-30 20:13:49,432 [Datanode State Machine Thread - 0] INFO  server.XceiverServerGrpc (XceiverServerGrpc.java:start(149)) - XceiverServerGrpc 7655e4ec-53fb-4038-b89e-7f4d548b6388 is started using port 37908
2019-09-30 20:13:50,218 [java.util.concurrent.ThreadPoolExecutor$Worker@31639f71[State = -1, empty queue]] WARN  util.TimeoutScheduler (LogUtils.java:runAndLog(55)) - Failed to task #1: java.lang.NullPointerException
2019-09-30 20:13:50,246 [grpc-default-executor-6] WARN  server.GrpcLogAppender (LogUtils.java:warn(134)) - fdb07fac-a038-4dd2-bf3a-e692e6ea73ee@group-8ED5B5EAAF88->e3cd7ddd-71e6-4087-b78a-a2f343ce8905-AppendLogResponseHandler: Failed appendEntries: org.apache.ratis.thirdparty.io.grpc.StatusRuntimeException: UNAVAILABLE: io exception
2019-09-30 20:13:50,246 [grpc-default-executor-7] WARN  server.GrpcLogAppender (LogUtils.java:warn(134)) - fdb07fac-a038-4dd2-bf3a-e692e6ea73ee@group-8ED5B5EAAF88->0c62d7ee-acdc-4014-b8e4-a22ebcbdb566-AppendLogResponseHandler: Failed appendEntries: org.apache.ratis.thirdparty.io.grpc.StatusRuntimeException: UNAVAILABLE: io exception
2019-09-30 20:13:50,246 [grpc-default-executor-6] INFO  impl.FollowerInfo (FollowerInfo.java:lambda$new$0(51)) - fdb07fac-a038-4dd2-bf3a-e692e6ea73ee@group-8ED5B5EAAF88->e3cd7ddd-71e6-4087-b78a-a2f343ce8905: nextIndex: updateUnconditionally 0 -> 0
2019-09-30 20:13:50,246 [grpc-default-executor-7] INFO  impl.FollowerInfo (FollowerInfo.java:lambda$new$0(51)) - fdb07fac-a038-4dd2-bf3a-e692e6ea73ee@group-8ED5B5EAAF88->0c62d7ee-acdc-4014-b8e4-a22ebcbdb566: nextIndex: updateUnconditionally 0 -> 0
2019-09-30 20:13:50,402 [main] INFO  ozone.MiniOzoneClusterImpl (MiniOzoneClusterImpl.java:lambda$waitForClusterToBeReady$0(147)) - Waiting for cluster to be ready. Got 0 of 7 DN Heartbeats.
2019-09-30 20:13:50,824 [IPC Server handler 4 on 33313] INFO  net.NetworkTopology (NetworkTopologyImpl.java:add(111)) - Added a new node: /default-rack/565b4a1d-50e8-4bff-86d8-798d26741c85
2019-09-30 20:13:50,827 [IPC Server handler 4 on 33313] INFO  node.SCMNodeManager (SCMNodeManager.java:register(266)) - Registered Data node : 565b4a1d-50e8-4bff-86d8-798d26741c85{ip: 192.168.164.209, host: pr-hdds-2210-ncz7r-3016196628, networkLocation: /default-rack, certSerialId: null}
2019-09-30 20:13:50,828 [EventQueue-NodeRegistrationContainerReportForDataNodeSafeModeRule] INFO  safemode.SCMSafeModeManager (DataNodeSafeModeRule.java:process(71)) - SCM in safe mode. 1 DataNodes registered, 1 required.
2019-09-30 20:13:50,831 [EventQueue-NodeRegistrationContainerReportForContainerSafeModeRule] INFO  safemode.SCMSafeModeManager (SCMSafeModeManager.java:validateSafeModeExitRules(177)) - ScmSafeModeManager, all rules are successfully validated
2019-09-30 20:13:50,831 [EventQueue-NodeRegistrationContainerReportForContainerSafeModeRule] INFO  safemode.SCMSafeModeManager (SCMSafeModeManager.java:exitSafeMode(193)) - SCM exiting safe mode.
2019-09-30 20:13:50,838 [grpc-default-executor-6] INFO  impl.RaftServerProxy (RaftServerProxy.java:addNew(89)) - 565b4a1d-50e8-4bff-86d8-798d26741c85: addNew group-FB14FE6D6B05:[565b4a1d-50e8-4bff-86d8-798d26741c85:192.168.164.209:32983] returns group-FB14FE6D6B05:java.util.concurrent.CompletableFuture@2afa0ed8[Not completed]
2019-09-30 20:13:50,840 [pool-383-thread-1] INFO  impl.RaftServerImpl (RaftServerImpl.java:<init>(95)) - 565b4a1d-50e8-4bff-86d8-798d26741c85: new RaftServerImpl for group-FB14FE6D6B05:[565b4a1d-50e8-4bff-86d8-798d26741c85:192.168.164.209:32983] with ContainerStateMachine:uninitialized
2019-09-30 20:13:50,840 [pool-383-thread-1] INFO  server.RaftServerConfigKeys (ConfUtils.java:logGet(43)) - raft.server.rpc.timeout.min = 5s (custom)
2019-09-30 20:13:50,840 [pool-383-thread-1] INFO  server.RaftServerConfigKeys (ConfUtils.java:logGet(43)) - raft.server.rpc.timeout.max = 5200ms (custom)
2019-09-30 20:13:50,840 [pool-383-thread-1] INFO  server.RaftServerConfigKeys (ConfUtils.java:logGet(43)) - raft.server.rpcslowness.timeout = 120s (custom)
2019-09-30 20:13:50,840 [pool-383-thread-1] INFO  server.RaftServerConfigKeys (ConfUtils.java:logGet(43)) - raft.server.sleep.deviation.threshold = 300 (default)
2019-09-30 20:13:50,841 [pool-383-thread-1] INFO  server.RaftServerConfigKeys (ConfUtils.java:logGet(43)) - raft.server.log.appender.install.snapshot.enabled = false (custom)
2019-09-30 20:13:50,841 [pool-383-thread-1] INFO  impl.RaftServerImpl (ServerState.java:<init>(103)) - 565b4a1d-50e8-4bff-86d8-798d26741c85@group-FB14FE6D6B05: ConfigurationManager, init=-1: [565b4a1d-50e8-4bff-86d8-798d26741c85:192.168.164.209:32983], old=null, confs=<EMPTY_MAP>
2019-09-30 20:13:50,841 [pool-383-thread-1] INFO  server.RaftServerConfigKeys (ConfUtils.java:logGet(43)) - raft.server.storage.dir = [/workdir/hadoop-ozone/integration-test/target/test-dir/MiniOzoneClusterImpl-cbb98d00-1d2e-480a-8768-230717893271/datanode-0/data/ratis] (custom)
2019-09-30 20:13:50,841 [pool-383-thread-1] INFO  server.RaftServerConfigKeys (ConfUtils.java:logGet(43)) - raft.server.log.corruption.policy = EXCEPTION (default)
2019-09-30 20:13:50,842 [pool-383-thread-1] INFO  storage.RaftStorageDirectory (RaftStorageDirectory.java:analyzeStorage(246)) - The storage directory /workdir/hadoop-ozone/integration-test/target/test-dir/MiniOzoneClusterImpl-cbb98d00-1d2e-480a-8768-230717893271/datanode-0/data/ratis/1ed0c34c-13dc-475d-ab7b-fb14fe6d6b05 does not exist. Creating ...
2019-09-30 20:13:50,856 [pool-383-thread-1] INFO  storage.RaftStorageDirectory (RaftStorageDirectory.java:tryLock(328)) - Lock on /workdir/hadoop-ozone/integration-test/target/test-dir/MiniOzoneClusterImpl-cbb98d00-1d2e-480a-8768-230717893271/datanode-0/data/ratis/1ed0c34c-13dc-475d-ab7b-fb14fe6d6b05/in_use.lock acquired by nodename 15730@pr-hdds-2210-ncz7r-3016196628
2019-09-30 20:13:50,869 [pool-383-thread-1] INFO  storage.RaftStorage (RaftStorage.java:format(84)) - Storage directory /workdir/hadoop-ozone/integration-test/target/test-dir/MiniOzoneClusterImpl-cbb98d00-1d2e-480a-8768-230717893271/datanode-0/data/ratis/1ed0c34c-13dc-475d-ab7b-fb14fe6d6b05 has been successfully formatted.
2019-09-30 20:13:50,869 [pool-383-thread-1] INFO  ratis.ContainerStateMachine (ContainerStateMachine.java:loadSnapshot(230)) - group-FB14FE6D6B05: The snapshot info is null. Setting the last applied indexto:(t:0, i:~)
2019-09-30 20:13:50,870 [pool-383-thread-1] INFO  server.RaftServerConfigKeys (ConfUtils.java:logGet(43)) - raft.server.notification.no-leader.timeout = 120s (custom)
2019-09-30 20:13:50,870 [pool-383-thread-1] INFO  server.RaftServerConfigKeys (ConfUtils.java:logGet(43)) - raft.server.log.use.memory = false (default)
2019-09-30 20:13:50,870 [pool-383-thread-1] INFO  server.RaftServerConfigKeys (ConfUtils.java:logGet(43)) - raft.server.log.purge.gap = 1000000 (custom)
2019-09-30 20:13:50,870 [pool-383-thread-1] INFO  server.RaftServerConfigKeys (ConfUtils.java:logGet(43)) - raft.server.log.appender.buffer.byte-limit = 33554432 (custom)
2019-09-30 20:13:50,870 [pool-383-thread-1] INFO  server.RaftServerConfigKeys (ConfUtils.java:logGet(43)) - raft.server.log.segment.size.max = 1048576 (custom)
2019-09-30 20:13:50,872 [pool-383-thread-1] INFO  server.RaftServerConfigKeys (ConfUtils.java:logGet(43)) - raft.server.log.segment.cache.num.max = 2 (custom)
2019-09-30 20:13:50,873 [pool-383-thread-1] INFO  segmented.SegmentedRaftLogWorker (SegmentedRaftLogWorker.java:<init>(173)) - new 565b4a1d-50e8-4bff-86d8-798d26741c85@group-FB14FE6D6B05-SegmentedRaftLogWorker for RaftStorage:Storage Directory /workdir/hadoop-ozone/integration-test/target/test-dir/MiniOzoneClusterImpl-cbb98d00-1d2e-480a-8768-230717893271/datanode-0/data/ratis/1ed0c34c-13dc-475d-ab7b-fb14fe6d6b05
2019-09-30 20:13:50,873 [pool-383-thread-1] INFO  server.RaftServerConfigKeys (ConfUtils.java:logGet(43)) - raft.server.log.queue.byte-limit = 2147483647 (custom)
2019-09-30 20:13:50,873 [pool-383-thread-1] INFO  server.RaftServerConfigKeys (ConfUtils.java:logGet(43)) - raft.server.log.queue.element-limit = 1024 (custom)
2019-09-30 20:13:50,873 [pool-383-thread-1] INFO  server.RaftServerConfigKeys (ConfUtils.java:logGet(43)) - raft.server.log.segment.size.max = 1048576 (custom)
2019-09-30 20:13:50,873 [pool-383-thread-1] INFO  server.RaftServerConfigKeys (ConfUtils.java:logGet(43)) - raft.server.log.preallocated.size = 16384 (custom)
2019-09-30 20:13:50,873 [pool-383-thread-1] INFO  server.RaftServerConfigKeys (ConfUtils.java:logGet(43)) - raft.server.log.write.buffer.size = 33554432 (custom)
2019-09-30 20:13:50,873 [pool-383-thread-1] INFO  server.RaftServerConfigKeys (ConfUtils.java:logGet(43)) - raft.server.log.force.sync.num = 128 (default)
2019-09-30 20:13:50,874 [pool-383-thread-1] INFO  server.RaftServerConfigKeys (ConfUtils.java:logGet(43)) - raft.server.log.statemachine.data.sync = true (default)
2019-09-30 20:13:50,874 [pool-383-thread-1] INFO  server.RaftServerConfigKeys (ConfUtils.java:logGet(43)) - raft.server.log.statemachine.data.sync.timeout = 10s (default)
2019-09-30 20:13:50,874 [pool-383-thread-1] INFO  server.RaftServerConfigKeys (ConfUtils.java:logGet(43)) - raft.server.log.statemachine.data.sync.timeout.retry = -1 (default)
2019-09-30 20:13:50,874 [pool-383-thread-1] INFO  server.RaftServerConfigKeys (ConfUtils.java:logGet(43)) - raft.server.log.statemachine.data.caching.enabled = true (custom)
2019-09-30 20:13:50,875 [pool-383-thread-1] INFO  segmented.SegmentedRaftLogWorker (SegmentedRaftLogWorker.java:lambda$new$0(128)) - 565b4a1d-50e8-4bff-86d8-798d26741c85@group-FB14FE6D6B05-SegmentedRaftLogWorker: flushIndex: setUnconditionally 0 -> -1
2019-09-30 20:13:50,875 [pool-383-thread-1] INFO  server.RaftServerConfigKeys (ConfUtils.java:logGet(43)) - raft.server.snapshot.auto.trigger.enabled = true (custom)
2019-09-30 20:13:50,875 [pool-383-thread-1] INFO  server.RaftServerConfigKeys (ConfUtils.java:logGet(43)) - raft.server.snapshot.auto.trigger.threshold = 10000 (custom)
2019-09-30 20:13:50,875 [pool-383-thread-1] INFO  server.RaftServerConfigKeys (ConfUtils.java:logGet(43)) - raft.server.snapshot.retention.file.num = 5 (custom)
2019-09-30 20:13:50,875 [pool-383-thread-1] INFO  server.RaftServerConfigKeys (ConfUtils.java:logGet(43)) - raft.server.retrycache.expirytime = 600000ms (custom)
2019-09-30 20:13:50,877 [pool-383-thread-1] INFO  impl.RaftServerImpl (RaftServerImpl.java:start(181)) - 565b4a1d-50e8-4bff-86d8-798d26741c85@group-FB14FE6D6B05: start as a follower, conf=-1: [565b4a1d-50e8-4bff-86d8-798d26741c85:192.168.164.209:32983], old=null
2019-09-30 20:13:50,877 [pool-383-thread-1] INFO  impl.RaftServerImpl (RaftServerImpl.java:setRole(170)) - 565b4a1d-50e8-4bff-86d8-798d26741c85@group-FB14FE6D6B05: changes role from      null to FOLLOWER at term 0 for startAsFollower
2019-09-30 20:13:50,877 [pool-383-thread-1] INFO  impl.RoleInfo (RoleInfo.java:updateAndGet(143)) - 565b4a1d-50e8-4bff-86d8-798d26741c85: start FollowerState
2019-09-30 20:13:50,878 [pool-383-thread-1] INFO  util.JmxRegister (JmxRegister.java:tryRegister(44)) - Successfully registered JMX Bean with object name Ratis:service=RaftServer,group=group-FB14FE6D6B05,id=565b4a1d-50e8-4bff-86d8-798d26741c85
2019-09-30 20:13:50,885 [RatisPipelineUtilsThread] INFO  pipeline.PipelineStateManager (PipelineStateManager.java:addPipeline(56)) - Created pipeline Pipeline[ Id: 1ed0c34c-13dc-475d-ab7b-fb14fe6d6b05, Nodes: 565b4a1d-50e8-4bff-86d8-798d26741c85{ip: 192.168.164.209, host: pr-hdds-2210-ncz7r-3016196628, networkLocation: /default-rack, certSerialId: null}, Type:RATIS, Factor:ONE, State:OPEN]
2019-09-30 20:13:50,903 [IPC Server handler 1 on 33313] INFO  net.NetworkTopology (NetworkTopologyImpl.java:add(111)) - Added a new node: /default-rack/659ad155-1646-4a84-a8b7-881b8f767b07
2019-09-30 20:13:50,903 [IPC Server handler 1 on 33313] INFO  node.SCMNodeManager (SCMNodeManager.java:register(266)) - Registered Data node : 659ad155-1646-4a84-a8b7-881b8f767b07{ip: 192.168.164.209, host: pr-hdds-2210-ncz7r-3016196628, networkLocation: /default-rack, certSerialId: null}
2019-09-30 20:13:50,911 [grpc-default-executor-6] INFO  impl.RaftServerProxy (RaftServerProxy.java:addNew(89)) - 659ad155-1646-4a84-a8b7-881b8f767b07: addNew group-E545A8A01EA8:[659ad155-1646-4a84-a8b7-881b8f767b07:192.168.164.209:35868] returns group-E545A8A01EA8:java.util.concurrent.CompletableFuture@3b34d9ae[Not completed]
2019-09-30 20:13:50,912 [pool-393-thread-1] INFO  impl.RaftServerImpl (RaftServerImpl.java:<init>(95)) - 659ad155-1646-4a84-a8b7-881b8f767b07: new RaftServerImpl for group-E545A8A01EA8:[659ad155-1646-4a84-a8b7-881b8f767b07:192.168.164.209:35868] with ContainerStateMachine:uninitialized
2019-09-30 20:13:50,912 [pool-393-thread-1] INFO  server.RaftServerConfigKeys (ConfUtils.java:logGet(43)) - raft.server.rpc.timeout.min = 5s (custom)
2019-09-30 20:13:50,912 [pool-393-thread-1] INFO  server.RaftServerConfigKeys (ConfUtils.java:logGet(43)) - raft.server.rpc.timeout.max = 5200ms (custom)
2019-09-30 20:13:50,912 [pool-393-thread-1] INFO  server.RaftServerConfigKeys (ConfUtils.java:logGet(43)) - raft.server.rpcslowness.timeout = 120s (custom)
2019-09-30 20:13:50,912 [pool-393-thread-1] INFO  server.RaftServerConfigKeys (ConfUtils.java:logGet(43)) - raft.server.sleep.deviation.threshold = 300 (default)
2019-09-30 20:13:50,913 [pool-393-thread-1] INFO  server.RaftServerConfigKeys (ConfUtils.java:logGet(43)) - raft.server.log.appender.install.snapshot.enabled = false (custom)
2019-09-30 20:13:50,913 [pool-393-thread-1] INFO  impl.RaftServerImpl (ServerState.java:<init>(103)) - 659ad155-1646-4a84-a8b7-881b8f767b07@group-E545A8A01EA8: ConfigurationManager, init=-1: [659ad155-1646-4a84-a8b7-881b8f767b07:192.168.164.209:35868], old=null, confs=<EMPTY_MAP>
2019-09-30 20:13:50,913 [pool-393-thread-1] INFO  server.RaftServerConfigKeys (ConfUtils.java:logGet(43)) - raft.server.storage.dir = [/workdir/hadoop-ozone/integration-test/target/test-dir/MiniOzoneClusterImpl-cbb98d00-1d2e-480a-8768-230717893271/datanode-1/data/ratis] (custom)
2019-09-30 20:13:50,913 [pool-393-thread-1] INFO  server.RaftServerConfigKeys (ConfUtils.java:logGet(43)) - raft.server.log.corruption.policy = EXCEPTION (default)
2019-09-30 20:13:50,913 [pool-393-thread-1] INFO  storage.RaftStorageDirectory (RaftStorageDirectory.java:analyzeStorage(246)) - The storage directory /workdir/hadoop-ozone/integration-test/target/test-dir/MiniOzoneClusterImpl-cbb98d00-1d2e-480a-8768-230717893271/datanode-1/data/ratis/d8d1f1bc-c095-4c6a-ac1b-e545a8a01ea8 does not exist. Creating ...
2019-09-30 20:13:50,926 [pool-393-thread-1] INFO  storage.RaftStorageDirectory (RaftStorageDirectory.java:tryLock(328)) - Lock on /workdir/hadoop-ozone/integration-test/target/test-dir/MiniOzoneClusterImpl-cbb98d00-1d2e-480a-8768-230717893271/datanode-1/data/ratis/d8d1f1bc-c095-4c6a-ac1b-e545a8a01ea8/in_use.lock acquired by nodename 15730@pr-hdds-2210-ncz7r-3016196628
2019-09-30 20:13:50,939 [pool-393-thread-1] INFO  storage.RaftStorage (RaftStorage.java:format(84)) - Storage directory /workdir/hadoop-ozone/integration-test/target/test-dir/MiniOzoneClusterImpl-cbb98d00-1d2e-480a-8768-230717893271/datanode-1/data/ratis/d8d1f1bc-c095-4c6a-ac1b-e545a8a01ea8 has been successfully formatted.
2019-09-30 20:13:50,939 [pool-393-thread-1] INFO  ratis.ContainerStateMachine (ContainerStateMachine.java:loadSnapshot(230)) - group-E545A8A01EA8: The snapshot info is null. Setting the last applied indexto:(t:0, i:~)
2019-09-30 20:13:50,939 [pool-393-thread-1] INFO  server.RaftServerConfigKeys (ConfUtils.java:logGet(43)) - raft.server.notification.no-leader.timeout = 120s (custom)
2019-09-30 20:13:50,939 [pool-393-thread-1] INFO  server.RaftServerConfigKeys (ConfUtils.java:logGet(43)) - raft.server.log.use.memory = false (default)
2019-09-30 20:13:50,939 [pool-393-thread-1] INFO  server.RaftServerConfigKeys (ConfUtils.java:logGet(43)) - raft.server.log.purge.gap = 1000000 (custom)
2019-09-30 20:13:50,939 [pool-393-thread-1] INFO  server.RaftServerConfigKeys (ConfUtils.java:logGet(43)) - raft.server.log.appender.buffer.byte-limit = 33554432 (custom)
2019-09-30 20:13:50,939 [pool-393-thread-1] INFO  server.RaftServerConfigKeys (ConfUtils.java:logGet(43)) - raft.server.log.segment.size.max = 1048576 (custom)
2019-09-30 20:13:50,940 [pool-393-thread-1] INFO  server.RaftServerConfigKeys (ConfUtils.java:logGet(43)) - raft.server.log.segment.cache.num.max = 2 (custom)
2019-09-30 20:13:50,941 [pool-393-thread-1] INFO  segmented.SegmentedRaftLogWorker (SegmentedRaftLogWorker.java:<init>(173)) - new 659ad155-1646-4a84-a8b7-881b8f767b07@group-E545A8A01EA8-SegmentedRaftLogWorker for RaftStorage:Storage Directory /workdir/hadoop-ozone/integration-test/target/test-dir/MiniOzoneClusterImpl-cbb98d00-1d2e-480a-8768-230717893271/datanode-1/data/ratis/d8d1f1bc-c095-4c6a-ac1b-e545a8a01ea8
2019-09-30 20:13:50,941 [pool-393-thread-1] INFO  server.RaftServerConfigKeys (ConfUtils.java:logGet(43)) - raft.server.log.queue.byte-limit = 2147483647 (custom)
2019-09-30 20:13:50,941 [pool-393-thread-1] INFO  server.RaftServerConfigKeys (ConfUtils.java:logGet(43)) - raft.server.log.queue.element-limit = 1024 (custom)
2019-09-30 20:13:50,941 [pool-393-thread-1] INFO  server.RaftServerConfigKeys (ConfUtils.java:logGet(43)) - raft.server.log.segment.size.max = 1048576 (custom)
2019-09-30 20:13:50,941 [pool-393-thread-1] INFO  server.RaftServerConfigKeys (ConfUtils.java:logGet(43)) - raft.server.log.preallocated.size = 16384 (custom)
2019-09-30 20:13:50,941 [pool-393-thread-1] INFO  server.RaftServerConfigKeys (ConfUtils.java:logGet(43)) - raft.server.log.write.buffer.size = 33554432 (custom)
2019-09-30 20:13:50,941 [pool-393-thread-1] INFO  server.RaftServerConfigKeys (ConfUtils.java:logGet(43)) - raft.server.log.force.sync.num = 128 (default)
2019-09-30 20:13:50,941 [pool-393-thread-1] INFO  server.RaftServerConfigKeys (ConfUtils.java:logGet(43)) - raft.server.log.statemachine.data.sync = true (default)
2019-09-30 20:13:50,941 [pool-393-thread-1] INFO  server.RaftServerConfigKeys (ConfUtils.java:logGet(43)) - raft.server.log.statemachine.data.sync.timeout = 10s (default)
2019-09-30 20:13:50,941 [pool-393-thread-1] INFO  server.RaftServerConfigKeys (ConfUtils.java:logGet(43)) - raft.server.log.statemachine.data.sync.timeout.retry = -1 (default)
2019-09-30 20:13:50,942 [pool-393-thread-1] INFO  server.RaftServerConfigKeys (ConfUtils.java:logGet(43)) - raft.server.log.statemachine.data.caching.enabled = true (custom)
2019-09-30 20:13:50,942 [pool-393-thread-1] INFO  segmented.SegmentedRaftLogWorker (SegmentedRaftLogWorker.java:lambda$new$0(128)) - 659ad155-1646-4a84-a8b7-881b8f767b07@group-E545A8A01EA8-SegmentedRaftLogWorker: flushIndex: setUnconditionally 0 -> -1
2019-09-30 20:13:50,942 [pool-393-thread-1] INFO  server.RaftServerConfigKeys (ConfUtils.java:logGet(43)) - raft.server.snapshot.auto.trigger.enabled = true (custom)
2019-09-30 20:13:50,942 [pool-393-thread-1] INFO  server.RaftServerConfigKeys (ConfUtils.java:logGet(43)) - raft.server.snapshot.auto.trigger.threshold = 10000 (custom)
2019-09-30 20:13:50,942 [pool-393-thread-1] INFO  server.RaftServerConfigKeys (ConfUtils.java:logGet(43)) - raft.server.snapshot.retention.file.num = 5 (custom)
2019-09-30 20:13:50,942 [pool-393-thread-1] INFO  server.RaftServerConfigKeys (ConfUtils.java:logGet(43)) - raft.server.retrycache.expirytime = 600000ms (custom)
2019-09-30 20:13:50,944 [pool-393-thread-1] INFO  impl.RaftServerImpl (RaftServerImpl.java:start(181)) - 659ad155-1646-4a84-a8b7-881b8f767b07@group-E545A8A01EA8: start as a follower, conf=-1: [659ad155-1646-4a84-a8b7-881b8f767b07:192.168.164.209:35868], old=null
2019-09-30 20:13:50,944 [pool-393-thread-1] INFO  impl.RaftServerImpl (RaftServerImpl.java:setRole(170)) - 659ad155-1646-4a84-a8b7-881b8f767b07@group-E545A8A01EA8: changes role from      null to FOLLOWER at term 0 for startAsFollower
2019-09-30 20:13:50,944 [pool-393-thread-1] INFO  impl.RoleInfo (RoleInfo.java:updateAndGet(143)) - 659ad155-1646-4a84-a8b7-881b8f767b07: start FollowerState
2019-09-30 20:13:50,944 [pool-393-thread-1] INFO  util.JmxRegister (JmxRegister.java:tryRegister(44)) - Successfully registered JMX Bean with object name Ratis:service=RaftServer,group=group-E545A8A01EA8,id=659ad155-1646-4a84-a8b7-881b8f767b07
2019-09-30 20:13:50,951 [RatisPipelineUtilsThread] INFO  pipeline.PipelineStateManager (PipelineStateManager.java:addPipeline(56)) - Created pipeline Pipeline[ Id: d8d1f1bc-c095-4c6a-ac1b-e545a8a01ea8, Nodes: 659ad155-1646-4a84-a8b7-881b8f767b07{ip: 192.168.164.209, host: pr-hdds-2210-ncz7r-3016196628, networkLocation: /default-rack, certSerialId: null}, Type:RATIS, Factor:ONE, State:OPEN]
2019-09-30 20:13:51,015 [IPC Server handler 5 on 33313] INFO  net.NetworkTopology (NetworkTopologyImpl.java:add(111)) - Added a new node: /default-rack/85c3c454-62b1-4588-ba3a-62b937fadb3f
2019-09-30 20:13:51,018 [IPC Server handler 5 on 33313] INFO  node.SCMNodeManager (SCMNodeManager.java:register(266)) - Registered Data node : 85c3c454-62b1-4588-ba3a-62b937fadb3f{ip: 192.168.164.209, host: pr-hdds-2210-ncz7r-3016196628, networkLocation: /default-rack, certSerialId: null}
2019-09-30 20:13:51,025 [grpc-default-executor-6] INFO  impl.RaftServerProxy (RaftServerProxy.java:addNew(89)) - 85c3c454-62b1-4588-ba3a-62b937fadb3f: addNew group-8B270275E797:[85c3c454-62b1-4588-ba3a-62b937fadb3f:192.168.164.209:35457] returns group-8B270275E797:java.util.concurrent.CompletableFuture@332ed6fa[Not completed]
2019-09-30 20:13:51,026 [pool-403-thread-1] INFO  impl.RaftServerImpl (RaftServerImpl.java:<init>(95)) - 85c3c454-62b1-4588-ba3a-62b937fadb3f: new RaftServerImpl for group-8B270275E797:[85c3c454-62b1-4588-ba3a-62b937fadb3f:192.168.164.209:35457] with ContainerStateMachine:uninitialized
2019-09-30 20:13:51,026 [pool-403-thread-1] INFO  server.RaftServerConfigKeys (ConfUtils.java:logGet(43)) - raft.server.rpc.timeout.min = 5s (custom)
2019-09-30 20:13:51,026 [pool-403-thread-1] INFO  server.RaftServerConfigKeys (ConfUtils.java:logGet(43)) - raft.server.rpc.timeout.max = 5200ms (custom)
2019-09-30 20:13:51,027 [pool-403-thread-1] INFO  server.RaftServerConfigKeys (ConfUtils.java:logGet(43)) - raft.server.rpcslowness.timeout = 120s (custom)
2019-09-30 20:13:51,027 [pool-403-thread-1] INFO  server.RaftServerConfigKeys (ConfUtils.java:logGet(43)) - raft.server.sleep.deviation.threshold = 300 (default)
2019-09-30 20:13:51,027 [pool-403-thread-1] INFO  server.RaftServerConfigKeys (ConfUtils.java:logGet(43)) - raft.server.log.appender.install.snapshot.enabled = false (custom)
2019-09-30 20:13:51,027 [pool-403-thread-1] INFO  impl.RaftServerImpl (ServerState.java:<init>(103)) - 85c3c454-62b1-4588-ba3a-62b937fadb3f@group-8B270275E797: ConfigurationManager, init=-1: [85c3c454-62b1-4588-ba3a-62b937fadb3f:192.168.164.209:35457], old=null, confs=<EMPTY_MAP>
2019-09-30 20:13:51,027 [pool-403-thread-1] INFO  server.RaftServerConfigKeys (ConfUtils.java:logGet(43)) - raft.server.storage.dir = [/workdir/hadoop-ozone/integration-test/target/test-dir/MiniOzoneClusterImpl-cbb98d00-1d2e-480a-8768-230717893271/datanode-2/data/ratis] (custom)
2019-09-30 20:13:51,027 [pool-403-thread-1] INFO  server.RaftServerConfigKeys (ConfUtils.java:logGet(43)) - raft.server.log.corruption.policy = EXCEPTION (default)
2019-09-30 20:13:51,028 [pool-403-thread-1] INFO  storage.RaftStorageDirectory (RaftStorageDirectory.java:analyzeStorage(246)) - The storage directory /workdir/hadoop-ozone/integration-test/target/test-dir/MiniOzoneClusterImpl-cbb98d00-1d2e-480a-8768-230717893271/datanode-2/data/ratis/43beaf02-7a42-4111-b1b8-8b270275e797 does not exist. Creating ...
2019-09-30 20:13:51,040 [pool-403-thread-1] INFO  storage.RaftStorageDirectory (RaftStorageDirectory.java:tryLock(328)) - Lock on /workdir/hadoop-ozone/integration-test/target/test-dir/MiniOzoneClusterImpl-cbb98d00-1d2e-480a-8768-230717893271/datanode-2/data/ratis/43beaf02-7a42-4111-b1b8-8b270275e797/in_use.lock acquired by nodename 15730@pr-hdds-2210-ncz7r-3016196628
2019-09-30 20:13:51,053 [pool-403-thread-1] INFO  storage.RaftStorage (RaftStorage.java:format(84)) - Storage directory /workdir/hadoop-ozone/integration-test/target/test-dir/MiniOzoneClusterImpl-cbb98d00-1d2e-480a-8768-230717893271/datanode-2/data/ratis/43beaf02-7a42-4111-b1b8-8b270275e797 has been successfully formatted.
2019-09-30 20:13:51,054 [pool-403-thread-1] INFO  ratis.ContainerStateMachine (ContainerStateMachine.java:loadSnapshot(230)) - group-8B270275E797: The snapshot info is null. Setting the last applied indexto:(t:0, i:~)
2019-09-30 20:13:51,054 [pool-403-thread-1] INFO  server.RaftServerConfigKeys (ConfUtils.java:logGet(43)) - raft.server.notification.no-leader.timeout = 120s (custom)
2019-09-30 20:13:51,054 [pool-403-thread-1] INFO  server.RaftServerConfigKeys (ConfUtils.java:logGet(43)) - raft.server.log.use.memory = false (default)
2019-09-30 20:13:51,054 [pool-403-thread-1] INFO  server.RaftServerConfigKeys (ConfUtils.java:logGet(43)) - raft.server.log.purge.gap = 1000000 (custom)
2019-09-30 20:13:51,054 [pool-403-thread-1] INFO  server.RaftServerConfigKeys (ConfUtils.java:logGet(43)) - raft.server.log.appender.buffer.byte-limit = 33554432 (custom)
2019-09-30 20:13:51,054 [pool-403-thread-1] INFO  server.RaftServerConfigKeys (ConfUtils.java:logGet(43)) - raft.server.log.segment.size.max = 1048576 (custom)
2019-09-30 20:13:51,056 [pool-403-thread-1] INFO  server.RaftServerConfigKeys (ConfUtils.java:logGet(43)) - raft.server.log.segment.cache.num.max = 2 (custom)
2019-09-30 20:13:51,056 [pool-403-thread-1] INFO  segmented.SegmentedRaftLogWorker (SegmentedRaftLogWorker.java:<init>(173)) - new 85c3c454-62b1-4588-ba3a-62b937fadb3f@group-8B270275E797-SegmentedRaftLogWorker for RaftStorage:Storage Directory /workdir/hadoop-ozone/integration-test/target/test-dir/MiniOzoneClusterImpl-cbb98d00-1d2e-480a-8768-230717893271/datanode-2/data/ratis/43beaf02-7a42-4111-b1b8-8b270275e797
2019-09-30 20:13:51,056 [pool-403-thread-1] INFO  server.RaftServerConfigKeys (ConfUtils.java:logGet(43)) - raft.server.log.queue.byte-limit = 2147483647 (custom)
2019-09-30 20:13:51,056 [pool-403-thread-1] INFO  server.RaftServerConfigKeys (ConfUtils.java:logGet(43)) - raft.server.log.queue.element-limit = 1024 (custom)
2019-09-30 20:13:51,056 [pool-403-thread-1] INFO  server.RaftServerConfigKeys (ConfUtils.java:logGet(43)) - raft.server.log.segment.size.max = 1048576 (custom)
2019-09-30 20:13:51,056 [pool-403-thread-1] INFO  server.RaftServerConfigKeys (ConfUtils.java:logGet(43)) - raft.server.log.preallocated.size = 16384 (custom)
2019-09-30 20:13:51,056 [pool-403-thread-1] INFO  server.RaftServerConfigKeys (ConfUtils.java:logGet(43)) - raft.server.log.write.buffer.size = 33554432 (custom)
2019-09-30 20:13:51,057 [pool-403-thread-1] INFO  server.RaftServerConfigKeys (ConfUtils.java:logGet(43)) - raft.server.log.force.sync.num = 128 (default)
2019-09-30 20:13:51,057 [pool-403-thread-1] INFO  server.RaftServerConfigKeys (ConfUtils.java:logGet(43)) - raft.server.log.statemachine.data.sync = true (default)
2019-09-30 20:13:51,057 [pool-403-thread-1] INFO  server.RaftServerConfigKeys (ConfUtils.java:logGet(43)) - raft.server.log.statemachine.data.sync.timeout = 10s (default)
2019-09-30 20:13:51,057 [pool-403-thread-1] INFO  server.RaftServerConfigKeys (ConfUtils.java:logGet(43)) - raft.server.log.statemachine.data.sync.timeout.retry = -1 (default)
2019-09-30 20:13:51,057 [pool-403-thread-1] INFO  server.RaftServerConfigKeys (ConfUtils.java:logGet(43)) - raft.server.log.statemachine.data.caching.enabled = true (custom)
2019-09-30 20:13:51,058 [pool-403-thread-1] INFO  segmented.SegmentedRaftLogWorker (SegmentedRaftLogWorker.java:lambda$new$0(128)) - 85c3c454-62b1-4588-ba3a-62b937fadb3f@group-8B270275E797-SegmentedRaftLogWorker: flushIndex: setUnconditionally 0 -> -1
2019-09-30 20:13:51,058 [pool-403-thread-1] INFO  server.RaftServerConfigKeys (ConfUtils.java:logGet(43)) - raft.server.snapshot.auto.trigger.enabled = true (custom)
2019-09-30 20:13:51,058 [pool-403-thread-1] INFO  server.RaftServerConfigKeys (ConfUtils.java:logGet(43)) - raft.server.snapshot.auto.trigger.threshold = 10000 (custom)
2019-09-30 20:13:51,058 [pool-403-thread-1] INFO  server.RaftServerConfigKeys (ConfUtils.java:logGet(43)) - raft.server.snapshot.retention.file.num = 5 (custom)
2019-09-30 20:13:51,058 [pool-403-thread-1] INFO  server.RaftServerConfigKeys (ConfUtils.java:logGet(43)) - raft.server.retrycache.expirytime = 600000ms (custom)
2019-09-30 20:13:51,060 [pool-403-thread-1] INFO  impl.RaftServerImpl (RaftServerImpl.java:start(181)) - 85c3c454-62b1-4588-ba3a-62b937fadb3f@group-8B270275E797: start as a follower, conf=-1: [85c3c454-62b1-4588-ba3a-62b937fadb3f:192.168.164.209:35457], old=null
2019-09-30 20:13:51,060 [pool-403-thread-1] INFO  impl.RaftServerImpl (RaftServerImpl.java:setRole(170)) - 85c3c454-62b1-4588-ba3a-62b937fadb3f@group-8B270275E797: changes role from      null to FOLLOWER at term 0 for startAsFollower
2019-09-30 20:13:51,060 [pool-403-thread-1] INFO  impl.RoleInfo (RoleInfo.java:updateAndGet(143)) - 85c3c454-62b1-4588-ba3a-62b937fadb3f: start FollowerState
2019-09-30 20:13:51,060 [pool-403-thread-1] INFO  util.JmxRegister (JmxRegister.java:tryRegister(44)) - Successfully registered JMX Bean with object name Ratis:service=RaftServer,group=group-8B270275E797,id=85c3c454-62b1-4588-ba3a-62b937fadb3f
2019-09-30 20:13:51,066 [RatisPipelineUtilsThread] INFO  pipeline.PipelineStateManager (PipelineStateManager.java:addPipeline(56)) - Created pipeline Pipeline[ Id: 43beaf02-7a42-4111-b1b8-8b270275e797, Nodes: 85c3c454-62b1-4588-ba3a-62b937fadb3f{ip: 192.168.164.209, host: pr-hdds-2210-ncz7r-3016196628, networkLocation: /default-rack, certSerialId: null}, Type:RATIS, Factor:ONE, State:OPEN]
2019-09-30 20:13:51,075 [grpc-default-executor-3] INFO  impl.RaftServerProxy (RaftServerProxy.java:addNew(89)) - 659ad155-1646-4a84-a8b7-881b8f767b07: addNew group-E420B1E8A2B5:[85c3c454-62b1-4588-ba3a-62b937fadb3f:192.168.164.209:35457, 659ad155-1646-4a84-a8b7-881b8f767b07:192.168.164.209:35868, 565b4a1d-50e8-4bff-86d8-798d26741c85:192.168.164.209:32983] returns group-E420B1E8A2B5:java.util.concurrent.CompletableFuture@404fbdb5[Not completed]
2019-09-30 20:13:51,076 [grpc-default-executor-6] INFO  impl.RaftServerProxy (RaftServerProxy.java:addNew(89)) - 85c3c454-62b1-4588-ba3a-62b937fadb3f: addNew group-E420B1E8A2B5:[85c3c454-62b1-4588-ba3a-62b937fadb3f:192.168.164.209:35457, 659ad155-1646-4a84-a8b7-881b8f767b07:192.168.164.209:35868, 565b4a1d-50e8-4bff-86d8-798d26741c85:192.168.164.209:32983] returns group-E420B1E8A2B5:java.util.concurrent.CompletableFuture@7b3b5de3[Not completed]
2019-09-30 20:13:51,076 [grpc-default-executor-7] INFO  impl.RaftServerProxy (RaftServerProxy.java:addNew(89)) - 565b4a1d-50e8-4bff-86d8-798d26741c85: addNew group-E420B1E8A2B5:[85c3c454-62b1-4588-ba3a-62b937fadb3f:192.168.164.209:35457, 659ad155-1646-4a84-a8b7-881b8f767b07:192.168.164.209:35868, 565b4a1d-50e8-4bff-86d8-798d26741c85:192.168.164.209:32983] returns group-E420B1E8A2B5:java.util.concurrent.CompletableFuture@7e667dd5[Not completed]
2019-09-30 20:13:51,076 [pool-393-thread-1] INFO  impl.RaftServerImpl (RaftServerImpl.java:<init>(95)) - 659ad155-1646-4a84-a8b7-881b8f767b07: new RaftServerImpl for group-E420B1E8A2B5:[85c3c454-62b1-4588-ba3a-62b937fadb3f:192.168.164.209:35457, 659ad155-1646-4a84-a8b7-881b8f767b07:192.168.164.209:35868, 565b4a1d-50e8-4bff-86d8-798d26741c85:192.168.164.209:32983] with ContainerStateMachine:uninitialized
2019-09-30 20:13:51,076 [pool-393-thread-1] INFO  server.RaftServerConfigKeys (ConfUtils.java:logGet(43)) - raft.server.rpc.timeout.min = 5s (custom)
2019-09-30 20:13:51,076 [pool-393-thread-1] INFO  server.RaftServerConfigKeys (ConfUtils.java:logGet(43)) - raft.server.rpc.timeout.max = 5200ms (custom)
2019-09-30 20:13:51,077 [pool-393-thread-1] INFO  server.RaftServerConfigKeys (ConfUtils.java:logGet(43)) - raft.server.rpcslowness.timeout = 120s (custom)
2019-09-30 20:13:51,077 [pool-383-thread-1] INFO  impl.RaftServerImpl (RaftServerImpl.java:<init>(95)) - 565b4a1d-50e8-4bff-86d8-798d26741c85: new RaftServerImpl for group-E420B1E8A2B5:[85c3c454-62b1-4588-ba3a-62b937fadb3f:192.168.164.209:35457, 659ad155-1646-4a84-a8b7-881b8f767b07:192.168.164.209:35868, 565b4a1d-50e8-4bff-86d8-798d26741c85:192.168.164.209:32983] with ContainerStateMachine:uninitialized
2019-09-30 20:13:51,077 [pool-393-thread-1] INFO  server.RaftServerConfigKeys (ConfUtils.java:logGet(43)) - raft.server.sleep.deviation.threshold = 300 (default)
2019-09-30 20:13:51,077 [pool-383-thread-1] INFO  server.RaftServerConfigKeys (ConfUtils.java:logGet(43)) - raft.server.rpc.timeout.min = 5s (custom)
2019-09-30 20:13:51,077 [pool-403-thread-1] INFO  impl.RaftServerImpl (RaftServerImpl.java:<init>(95)) - 85c3c454-62b1-4588-ba3a-62b937fadb3f: new RaftServerImpl for group-E420B1E8A2B5:[85c3c454-62b1-4588-ba3a-62b937fadb3f:192.168.164.209:35457, 659ad155-1646-4a84-a8b7-881b8f767b07:192.168.164.209:35868, 565b4a1d-50e8-4bff-86d8-798d26741c85:192.168.164.209:32983] with ContainerStateMachine:uninitialized
2019-09-30 20:13:51,077 [pool-393-thread-1] INFO  server.RaftServerConfigKeys (ConfUtils.java:logGet(43)) - raft.server.log.appender.install.snapshot.enabled = false (custom)
2019-09-30 20:13:51,077 [pool-403-thread-1] INFO  server.RaftServerConfigKeys (ConfUtils.java:logGet(43)) - raft.server.rpc.timeout.min = 5s (custom)
2019-09-30 20:13:51,078 [pool-403-thread-1] INFO  server.RaftServerConfigKeys (ConfUtils.java:logGet(43)) - raft.server.rpc.timeout.max = 5200ms (custom)
2019-09-30 20:13:51,077 [pool-383-thread-1] INFO  server.RaftServerConfigKeys (ConfUtils.java:logGet(43)) - raft.server.rpc.timeout.max = 5200ms (custom)
2019-09-30 20:13:51,078 [pool-403-thread-1] INFO  server.RaftServerConfigKeys (ConfUtils.java:logGet(43)) - raft.server.rpcslowness.timeout = 120s (custom)
2019-09-30 20:13:51,078 [pool-403-thread-1] INFO  server.RaftServerConfigKeys (ConfUtils.java:logGet(43)) - raft.server.sleep.deviation.threshold = 300 (default)
2019-09-30 20:13:51,077 [pool-393-thread-1] INFO  impl.RaftServerImpl (ServerState.java:<init>(103)) - 659ad155-1646-4a84-a8b7-881b8f767b07@group-E420B1E8A2B5: ConfigurationManager, init=-1: [85c3c454-62b1-4588-ba3a-62b937fadb3f:192.168.164.209:35457, 659ad155-1646-4a84-a8b7-881b8f767b07:192.168.164.209:35868, 565b4a1d-50e8-4bff-86d8-798d26741c85:192.168.164.209:32983], old=null, confs=<EMPTY_MAP>
2019-09-30 20:13:51,078 [pool-403-thread-1] INFO  server.RaftServerConfigKeys (ConfUtils.java:logGet(43)) - raft.server.log.appender.install.snapshot.enabled = false (custom)
2019-09-30 20:13:51,078 [pool-383-thread-1] INFO  server.RaftServerConfigKeys (ConfUtils.java:logGet(43)) - raft.server.rpcslowness.timeout = 120s (custom)
2019-09-30 20:13:51,078 [pool-403-thread-1] INFO  impl.RaftServerImpl (ServerState.java:<init>(103)) - 85c3c454-62b1-4588-ba3a-62b937fadb3f@group-E420B1E8A2B5: ConfigurationManager, init=-1: [85c3c454-62b1-4588-ba3a-62b937fadb3f:192.168.164.209:35457, 659ad155-1646-4a84-a8b7-881b8f767b07:192.168.164.209:35868, 565b4a1d-50e8-4bff-86d8-798d26741c85:192.168.164.209:32983], old=null, confs=<EMPTY_MAP>
2019-09-30 20:13:51,078 [pool-393-thread-1] INFO  server.RaftServerConfigKeys (ConfUtils.java:logGet(43)) - raft.server.storage.dir = [/workdir/hadoop-ozone/integration-test/target/test-dir/MiniOzoneClusterImpl-cbb98d00-1d2e-480a-8768-230717893271/datanode-1/data/ratis] (custom)
2019-09-30 20:13:51,079 [pool-403-thread-1] INFO  server.RaftServerConfigKeys (ConfUtils.java:logGet(43)) - raft.server.storage.dir = [/workdir/hadoop-ozone/integration-test/target/test-dir/MiniOzoneClusterImpl-cbb98d00-1d2e-480a-8768-230717893271/datanode-2/data/ratis] (custom)
2019-09-30 20:13:51,079 [pool-393-thread-1] INFO  server.RaftServerConfigKeys (ConfUtils.java:logGet(43)) - raft.server.log.corruption.policy = EXCEPTION (default)
2019-09-30 20:13:51,078 [pool-383-thread-1] INFO  server.RaftServerConfigKeys (ConfUtils.java:logGet(43)) - raft.server.sleep.deviation.threshold = 300 (default)
2019-09-30 20:13:51,079 [pool-393-thread-1] INFO  storage.RaftStorageDirectory (RaftStorageDirectory.java:analyzeStorage(246)) - The storage directory /workdir/hadoop-ozone/integration-test/target/test-dir/MiniOzoneClusterImpl-cbb98d00-1d2e-480a-8768-230717893271/datanode-1/data/ratis/b88703a2-e02b-4a07-bdcc-e420b1e8a2b5 does not exist. Creating ...
2019-09-30 20:13:51,079 [pool-403-thread-1] INFO  server.RaftServerConfigKeys (ConfUtils.java:logGet(43)) - raft.server.log.corruption.policy = EXCEPTION (default)
2019-09-30 20:13:51,079 [pool-383-thread-1] INFO  server.RaftServerConfigKeys (ConfUtils.java:logGet(43)) - raft.server.log.appender.install.snapshot.enabled = false (custom)
2019-09-30 20:13:51,079 [pool-403-thread-1] INFO  storage.RaftStorageDirectory (RaftStorageDirectory.java:analyzeStorage(246)) - The storage directory /workdir/hadoop-ozone/integration-test/target/test-dir/MiniOzoneClusterImpl-cbb98d00-1d2e-480a-8768-230717893271/datanode-2/data/ratis/b88703a2-e02b-4a07-bdcc-e420b1e8a2b5 does not exist. Creating ...
2019-09-30 20:13:51,080 [pool-383-thread-1] INFO  impl.RaftServerImpl (ServerState.java:<init>(103)) - 565b4a1d-50e8-4bff-86d8-798d26741c85@group-E420B1E8A2B5: ConfigurationManager, init=-1: [85c3c454-62b1-4588-ba3a-62b937fadb3f:192.168.164.209:35457, 659ad155-1646-4a84-a8b7-881b8f767b07:192.168.164.209:35868, 565b4a1d-50e8-4bff-86d8-798d26741c85:192.168.164.209:32983], old=null, confs=<EMPTY_MAP>
2019-09-30 20:13:51,080 [pool-383-thread-1] INFO  server.RaftServerConfigKeys (ConfUtils.java:logGet(43)) - raft.server.storage.dir = [/workdir/hadoop-ozone/integration-test/target/test-dir/MiniOzoneClusterImpl-cbb98d00-1d2e-480a-8768-230717893271/datanode-0/data/ratis] (custom)
2019-09-30 20:13:51,080 [pool-383-thread-1] INFO  server.RaftServerConfigKeys (ConfUtils.java:logGet(43)) - raft.server.log.corruption.policy = EXCEPTION (default)
2019-09-30 20:13:51,080 [pool-383-thread-1] INFO  storage.RaftStorageDirectory (RaftStorageDirectory.java:analyzeStorage(246)) - The storage directory /workdir/hadoop-ozone/integration-test/target/test-dir/MiniOzoneClusterImpl-cbb98d00-1d2e-480a-8768-230717893271/datanode-0/data/ratis/b88703a2-e02b-4a07-bdcc-e420b1e8a2b5 does not exist. Creating ...
2019-09-30 20:13:51,093 [pool-393-thread-1] INFO  storage.RaftStorageDirectory (RaftStorageDirectory.java:tryLock(328)) - Lock on /workdir/hadoop-ozone/integration-test/target/test-dir/MiniOzoneClusterImpl-cbb98d00-1d2e-480a-8768-230717893271/datanode-1/data/ratis/b88703a2-e02b-4a07-bdcc-e420b1e8a2b5/in_use.lock acquired by nodename 15730@pr-hdds-2210-ncz7r-3016196628
2019-09-30 20:13:51,093 [pool-383-thread-1] INFO  storage.RaftStorageDirectory (RaftStorageDirectory.java:tryLock(328)) - Lock on /workdir/hadoop-ozone/integration-test/target/test-dir/MiniOzoneClusterImpl-cbb98d00-1d2e-480a-8768-230717893271/datanode-0/data/ratis/b88703a2-e02b-4a07-bdcc-e420b1e8a2b5/in_use.lock acquired by nodename 15730@pr-hdds-2210-ncz7r-3016196628
2019-09-30 20:13:51,093 [pool-403-thread-1] INFO  storage.RaftStorageDirectory (RaftStorageDirectory.java:tryLock(328)) - Lock on /workdir/hadoop-ozone/integration-test/target/test-dir/MiniOzoneClusterImpl-cbb98d00-1d2e-480a-8768-230717893271/datanode-2/data/ratis/b88703a2-e02b-4a07-bdcc-e420b1e8a2b5/in_use.lock acquired by nodename 15730@pr-hdds-2210-ncz7r-3016196628
2019-09-30 20:13:51,106 [pool-383-thread-1] INFO  storage.RaftStorage (RaftStorage.java:format(84)) - Storage directory /workdir/hadoop-ozone/integration-test/target/test-dir/MiniOzoneClusterImpl-cbb98d00-1d2e-480a-8768-230717893271/datanode-0/data/ratis/b88703a2-e02b-4a07-bdcc-e420b1e8a2b5 has been successfully formatted.
2019-09-30 20:13:51,106 [pool-393-thread-1] INFO  storage.RaftStorage (RaftStorage.java:format(84)) - Storage directory /workdir/hadoop-ozone/integration-test/target/test-dir/MiniOzoneClusterImpl-cbb98d00-1d2e-480a-8768-230717893271/datanode-1/data/ratis/b88703a2-e02b-4a07-bdcc-e420b1e8a2b5 has been successfully formatted.
2019-09-30 20:13:51,106 [pool-403-thread-1] INFO  storage.RaftStorage (RaftStorage.java:format(84)) - Storage directory /workdir/hadoop-ozone/integration-test/target/test-dir/MiniOzoneClusterImpl-cbb98d00-1d2e-480a-8768-230717893271/datanode-2/data/ratis/b88703a2-e02b-4a07-bdcc-e420b1e8a2b5 has been successfully formatted.
2019-09-30 20:13:51,107 [pool-393-thread-1] INFO  ratis.ContainerStateMachine (ContainerStateMachine.java:loadSnapshot(230)) - group-E420B1E8A2B5: The snapshot info is null. Setting the last applied indexto:(t:0, i:~)
2019-09-30 20:13:51,106 [pool-383-thread-1] INFO  ratis.ContainerStateMachine (ContainerStateMachine.java:loadSnapshot(230)) - group-E420B1E8A2B5: The snapshot info is null. Setting the last applied indexto:(t:0, i:~)
2019-09-30 20:13:51,107 [pool-393-thread-1] INFO  server.RaftServerConfigKeys (ConfUtils.java:logGet(43)) - raft.server.notification.no-leader.timeout = 120s (custom)
2019-09-30 20:13:51,107 [pool-403-thread-1] INFO  ratis.ContainerStateMachine (ContainerStateMachine.java:loadSnapshot(230)) - group-E420B1E8A2B5: The snapshot info is null. Setting the last applied indexto:(t:0, i:~)
2019-09-30 20:13:51,107 [pool-393-thread-1] INFO  server.RaftServerConfigKeys (ConfUtils.java:logGet(43)) - raft.server.log.use.memory = false (default)
2019-09-30 20:13:51,107 [pool-383-thread-1] INFO  server.RaftServerConfigKeys (ConfUtils.java:logGet(43)) - raft.server.notification.no-leader.timeout = 120s (custom)
2019-09-30 20:13:51,107 [pool-393-thread-1] INFO  server.RaftServerConfigKeys (ConfUtils.java:logGet(43)) - raft.server.log.purge.gap = 1000000 (custom)
2019-09-30 20:13:51,107 [pool-403-thread-1] INFO  server.RaftServerConfigKeys (ConfUtils.java:logGet(43)) - raft.server.notification.no-leader.timeout = 120s (custom)
2019-09-30 20:13:51,108 [pool-393-thread-1] INFO  server.RaftServerConfigKeys (ConfUtils.java:logGet(43)) - raft.server.log.appender.buffer.byte-limit = 33554432 (custom)
2019-09-30 20:13:51,107 [pool-383-thread-1] INFO  server.RaftServerConfigKeys (ConfUtils.java:logGet(43)) - raft.server.log.use.memory = false (default)
2019-09-30 20:13:51,108 [pool-393-thread-1] INFO  server.RaftServerConfigKeys (ConfUtils.java:logGet(43)) - raft.server.log.segment.size.max = 1048576 (custom)
2019-09-30 20:13:51,108 [pool-383-thread-1] INFO  server.RaftServerConfigKeys (ConfUtils.java:logGet(43)) - raft.server.log.purge.gap = 1000000 (custom)
2019-09-30 20:13:51,108 [pool-403-thread-1] INFO  server.RaftServerConfigKeys (ConfUtils.java:logGet(43)) - raft.server.log.use.memory = false (default)
2019-09-30 20:13:51,108 [pool-383-thread-1] INFO  server.RaftServerConfigKeys (ConfUtils.java:logGet(43)) - raft.server.log.appender.buffer.byte-limit = 33554432 (custom)
2019-09-30 20:13:51,108 [pool-393-thread-1] INFO  server.RaftServerConfigKeys (ConfUtils.java:logGet(43)) - raft.server.log.segment.cache.num.max = 2 (custom)
2019-09-30 20:13:51,108 [pool-383-thread-1] INFO  server.RaftServerConfigKeys (ConfUtils.java:logGet(43)) - raft.server.log.segment.size.max = 1048576 (custom)
2019-09-30 20:13:51,108 [pool-403-thread-1] INFO  server.RaftServerConfigKeys (ConfUtils.java:logGet(43)) - raft.server.log.purge.gap = 1000000 (custom)
2019-09-30 20:13:51,109 [pool-383-thread-1] INFO  server.RaftServerConfigKeys (ConfUtils.java:logGet(43)) - raft.server.log.segment.cache.num.max = 2 (custom)
2019-09-30 20:13:51,109 [pool-393-thread-1] INFO  segmented.SegmentedRaftLogWorker (SegmentedRaftLogWorker.java:<init>(173)) - new 659ad155-1646-4a84-a8b7-881b8f767b07@group-E420B1E8A2B5-SegmentedRaftLogWorker for RaftStorage:Storage Directory /workdir/hadoop-ozone/integration-test/target/test-dir/MiniOzoneClusterImpl-cbb98d00-1d2e-480a-8768-230717893271/datanode-1/data/ratis/b88703a2-e02b-4a07-bdcc-e420b1e8a2b5
2019-09-30 20:13:51,109 [pool-383-thread-1] INFO  segmented.SegmentedRaftLogWorker (SegmentedRaftLogWorker.java:<init>(173)) - new 565b4a1d-50e8-4bff-86d8-798d26741c85@group-E420B1E8A2B5-SegmentedRaftLogWorker for RaftStorage:Storage Directory /workdir/hadoop-ozone/integration-test/target/test-dir/MiniOzoneClusterImpl-cbb98d00-1d2e-480a-8768-230717893271/datanode-0/data/ratis/b88703a2-e02b-4a07-bdcc-e420b1e8a2b5
2019-09-30 20:13:51,109 [pool-403-thread-1] INFO  server.RaftServerConfigKeys (ConfUtils.java:logGet(43)) - raft.server.log.appender.buffer.byte-limit = 33554432 (custom)
2019-09-30 20:13:51,109 [pool-383-thread-1] INFO  server.RaftServerConfigKeys (ConfUtils.java:logGet(43)) - raft.server.log.queue.byte-limit = 2147483647 (custom)
2019-09-30 20:13:51,109 [pool-393-thread-1] INFO  server.RaftServerConfigKeys (ConfUtils.java:logGet(43)) - raft.server.log.queue.byte-limit = 2147483647 (custom)
2019-09-30 20:13:51,109 [pool-383-thread-1] INFO  server.RaftServerConfigKeys (ConfUtils.java:logGet(43)) - raft.server.log.queue.element-limit = 1024 (custom)
2019-09-30 20:13:51,109 [pool-403-thread-1] INFO  server.RaftServerConfigKeys (ConfUtils.java:logGet(43)) - raft.server.log.segment.size.max = 1048576 (custom)
2019-09-30 20:13:51,110 [pool-383-thread-1] INFO  server.RaftServerConfigKeys (ConfUtils.java:logGet(43)) - raft.server.log.segment.size.max = 1048576 (custom)
2019-09-30 20:13:51,110 [pool-393-thread-1] INFO  server.RaftServerConfigKeys (ConfUtils.java:logGet(43)) - raft.server.log.queue.element-limit = 1024 (custom)
2019-09-30 20:13:51,110 [pool-383-thread-1] INFO  server.RaftServerConfigKeys (ConfUtils.java:logGet(43)) - raft.server.log.preallocated.size = 16384 (custom)
2019-09-30 20:13:51,110 [pool-403-thread-1] INFO  server.RaftServerConfigKeys (ConfUtils.java:logGet(43)) - raft.server.log.segment.cache.num.max = 2 (custom)
2019-09-30 20:13:51,110 [pool-383-thread-1] INFO  server.RaftServerConfigKeys (ConfUtils.java:logGet(43)) - raft.server.log.write.buffer.size = 33554432 (custom)
2019-09-30 20:13:51,110 [pool-393-thread-1] INFO  server.RaftServerConfigKeys (ConfUtils.java:logGet(43)) - raft.server.log.segment.size.max = 1048576 (custom)
2019-09-30 20:13:51,111 [pool-383-thread-1] INFO  server.RaftServerConfigKeys (ConfUtils.java:logGet(43)) - raft.server.log.force.sync.num = 128 (default)
2019-09-30 20:13:51,110 [pool-403-thread-1] INFO  segmented.SegmentedRaftLogWorker (SegmentedRaftLogWorker.java:<init>(173)) - new 85c3c454-62b1-4588-ba3a-62b937fadb3f@group-E420B1E8A2B5-SegmentedRaftLogWorker for RaftStorage:Storage Directory /workdir/hadoop-ozone/integration-test/target/test-dir/MiniOzoneClusterImpl-cbb98d00-1d2e-480a-8768-230717893271/datanode-2/data/ratis/b88703a2-e02b-4a07-bdcc-e420b1e8a2b5
2019-09-30 20:13:51,111 [pool-383-thread-1] INFO  server.RaftServerConfigKeys (ConfUtils.java:logGet(43)) - raft.server.log.statemachine.data.sync = true (default)
2019-09-30 20:13:51,111 [pool-393-thread-1] INFO  server.RaftServerConfigKeys (ConfUtils.java:logGet(43)) - raft.server.log.preallocated.size = 16384 (custom)
2019-09-30 20:13:51,111 [pool-383-thread-1] INFO  server.RaftServerConfigKeys (ConfUtils.java:logGet(43)) - raft.server.log.statemachine.data.sync.timeout = 10s (default)
2019-09-30 20:13:51,111 [IPC Server handler 6 on 33313] INFO  net.NetworkTopology (NetworkTopologyImpl.java:add(111)) - Added a new node: /default-rack/0f3e82e6-526a-4e17-84a2-45c646fa5d25
2019-09-30 20:13:51,111 [pool-403-thread-1] INFO  server.RaftServerConfigKeys (ConfUtils.java:logGet(43)) - raft.server.log.queue.byte-limit = 2147483647 (custom)
2019-09-30 20:13:51,112 [IPC Server handler 6 on 33313] INFO  node.SCMNodeManager (SCMNodeManager.java:register(266)) - Registered Data node : 0f3e82e6-526a-4e17-84a2-45c646fa5d25{ip: 192.168.164.209, host: pr-hdds-2210-ncz7r-3016196628, networkLocation: /default-rack, certSerialId: null}
2019-09-30 20:13:51,112 [pool-383-thread-1] INFO  server.RaftServerConfigKeys (ConfUtils.java:logGet(43)) - raft.server.log.statemachine.data.sync.timeout.retry = -1 (default)
2019-09-30 20:13:51,111 [pool-393-thread-1] INFO  server.RaftServerConfigKeys (ConfUtils.java:logGet(43)) - raft.server.log.write.buffer.size = 33554432 (custom)
2019-09-30 20:13:51,112 [pool-383-thread-1] INFO  server.RaftServerConfigKeys (ConfUtils.java:logGet(43)) - raft.server.log.statemachine.data.caching.enabled = true (custom)
2019-09-30 20:13:51,112 [pool-403-thread-1] INFO  server.RaftServerConfigKeys (ConfUtils.java:logGet(43)) - raft.server.log.queue.element-limit = 1024 (custom)
2019-09-30 20:13:51,112 [pool-393-thread-1] INFO  server.RaftServerConfigKeys (ConfUtils.java:logGet(43)) - raft.server.log.force.sync.num = 128 (default)
2019-09-30 20:13:51,113 [pool-383-thread-1] INFO  segmented.SegmentedRaftLogWorker (SegmentedRaftLogWorker.java:lambda$new$0(128)) - 565b4a1d-50e8-4bff-86d8-798d26741c85@group-E420B1E8A2B5-SegmentedRaftLogWorker: flushIndex: setUnconditionally 0 -> -1
2019-09-30 20:13:51,113 [pool-403-thread-1] INFO  server.RaftServerConfigKeys (ConfUtils.java:logGet(43)) - raft.server.log.segment.size.max = 1048576 (custom)
2019-09-30 20:13:51,113 [pool-383-thread-1] INFO  server.RaftServerConfigKeys (ConfUtils.java:logGet(43)) - raft.server.snapshot.auto.trigger.enabled = true (custom)
2019-09-30 20:13:51,113 [pool-393-thread-1] INFO  server.RaftServerConfigKeys (ConfUtils.java:logGet(43)) - raft.server.log.statemachine.data.sync = true (default)
2019-09-30 20:13:51,113 [pool-383-thread-1] INFO  server.RaftServerConfigKeys (ConfUtils.java:logGet(43)) - raft.server.snapshot.auto.trigger.threshold = 10000 (custom)
2019-09-30 20:13:51,113 [pool-403-thread-1] INFO  server.RaftServerConfigKeys (ConfUtils.java:logGet(43)) - raft.server.log.preallocated.size = 16384 (custom)
2019-09-30 20:13:51,114 [pool-383-thread-1] INFO  server.RaftServerConfigKeys (ConfUtils.java:logGet(43)) - raft.server.snapshot.retention.file.num = 5 (custom)
2019-09-30 20:13:51,113 [pool-393-thread-1] INFO  server.RaftServerConfigKeys (ConfUtils.java:logGet(43)) - raft.server.log.statemachine.data.sync.timeout = 10s (default)
2019-09-30 20:13:51,114 [pool-383-thread-1] INFO  server.RaftServerConfigKeys (ConfUtils.java:logGet(43)) - raft.server.retrycache.expirytime = 600000ms (custom)
2019-09-30 20:13:51,114 [pool-403-thread-1] INFO  server.RaftServerConfigKeys (ConfUtils.java:logGet(43)) - raft.server.log.write.buffer.size = 33554432 (custom)
2019-09-30 20:13:51,114 [pool-393-thread-1] INFO  server.RaftServerConfigKeys (ConfUtils.java:logGet(43)) - raft.server.log.statemachine.data.sync.timeout.retry = -1 (default)
2019-09-30 20:13:51,114 [pool-403-thread-1] INFO  server.RaftServerConfigKeys (ConfUtils.java:logGet(43)) - raft.server.log.force.sync.num = 128 (default)
2019-09-30 20:13:51,114 [pool-393-thread-1] INFO  server.RaftServerConfigKeys (ConfUtils.java:logGet(43)) - raft.server.log.statemachine.data.caching.enabled = true (custom)
2019-09-30 20:13:51,115 [pool-403-thread-1] INFO  server.RaftServerConfigKeys (ConfUtils.java:logGet(43)) - raft.server.log.statemachine.data.sync = true (default)
2019-09-30 20:13:51,115 [pool-393-thread-1] INFO  segmented.SegmentedRaftLogWorker (SegmentedRaftLogWorker.java:lambda$new$0(128)) - 659ad155-1646-4a84-a8b7-881b8f767b07@group-E420B1E8A2B5-SegmentedRaftLogWorker: flushIndex: setUnconditionally 0 -> -1
2019-09-30 20:13:51,115 [pool-403-thread-1] INFO  server.RaftServerConfigKeys (ConfUtils.java:logGet(43)) - raft.server.log.statemachine.data.sync.timeout = 10s (default)
2019-09-30 20:13:51,115 [pool-403-thread-1] INFO  server.RaftServerConfigKeys (ConfUtils.java:logGet(43)) - raft.server.log.statemachine.data.sync.timeout.retry = -1 (default)
2019-09-30 20:13:51,115 [pool-393-thread-1] INFO  server.RaftServerConfigKeys (ConfUtils.java:logGet(43)) - raft.server.snapshot.auto.trigger.enabled = true (custom)
2019-09-30 20:13:51,115 [pool-403-thread-1] INFO  server.RaftServerConfigKeys (ConfUtils.java:logGet(43)) - raft.server.log.statemachine.data.caching.enabled = true (custom)
2019-09-30 20:13:51,115 [pool-393-thread-1] INFO  server.RaftServerConfigKeys (ConfUtils.java:logGet(43)) - raft.server.snapshot.auto.trigger.threshold = 10000 (custom)
2019-09-30 20:13:51,116 [pool-393-thread-1] INFO  server.RaftServerConfigKeys (ConfUtils.java:logGet(43)) - raft.server.snapshot.retention.file.num = 5 (custom)
2019-09-30 20:13:51,116 [pool-383-thread-1] INFO  impl.RaftServerImpl (RaftServerImpl.java:start(181)) - 565b4a1d-50e8-4bff-86d8-798d26741c85@group-E420B1E8A2B5: start as a follower, conf=-1: [85c3c454-62b1-4588-ba3a-62b937fadb3f:192.168.164.209:35457, 659ad155-1646-4a84-a8b7-881b8f767b07:192.168.164.209:35868, 565b4a1d-50e8-4bff-86d8-798d26741c85:192.168.164.209:32983], old=null
2019-09-30 20:13:51,116 [pool-403-thread-1] INFO  segmented.SegmentedRaftLogWorker (SegmentedRaftLogWorker.java:lambda$new$0(128)) - 85c3c454-62b1-4588-ba3a-62b937fadb3f@group-E420B1E8A2B5-SegmentedRaftLogWorker: flushIndex: setUnconditionally 0 -> -1
2019-09-30 20:13:51,116 [pool-383-thread-1] INFO  impl.RaftServerImpl (RaftServerImpl.java:setRole(170)) - 565b4a1d-50e8-4bff-86d8-798d26741c85@group-E420B1E8A2B5: changes role from      null to FOLLOWER at term 0 for startAsFollower
2019-09-30 20:13:51,116 [pool-393-thread-1] INFO  server.RaftServerConfigKeys (ConfUtils.java:logGet(43)) - raft.server.retrycache.expirytime = 600000ms (custom)
2019-09-30 20:13:51,116 [pool-403-thread-1] INFO  server.RaftServerConfigKeys (ConfUtils.java:logGet(43)) - raft.server.snapshot.auto.trigger.enabled = true (custom)
2019-09-30 20:13:51,116 [pool-383-thread-1] INFO  impl.RoleInfo (RoleInfo.java:updateAndGet(143)) - 565b4a1d-50e8-4bff-86d8-798d26741c85: start FollowerState
2019-09-30 20:13:51,116 [pool-403-thread-1] INFO  server.RaftServerConfigKeys (ConfUtils.java:logGet(43)) - raft.server.snapshot.auto.trigger.threshold = 10000 (custom)
2019-09-30 20:13:51,117 [pool-403-thread-1] INFO  server.RaftServerConfigKeys (ConfUtils.java:logGet(43)) - raft.server.snapshot.retention.file.num = 5 (custom)
2019-09-30 20:13:51,117 [pool-383-thread-1] INFO  util.JmxRegister (JmxRegister.java:tryRegister(44)) - Successfully registered JMX Bean with object name Ratis:service=RaftServer,group=group-E420B1E8A2B5,id=565b4a1d-50e8-4bff-86d8-798d26741c85
2019-09-30 20:13:51,117 [pool-403-thread-1] INFO  server.RaftServerConfigKeys (ConfUtils.java:logGet(43)) - raft.server.retrycache.expirytime = 600000ms (custom)
2019-09-30 20:13:51,118 [pool-393-thread-1] INFO  impl.RaftServerImpl (RaftServerImpl.java:start(181)) - 659ad155-1646-4a84-a8b7-881b8f767b07@group-E420B1E8A2B5: start as a follower, conf=-1: [85c3c454-62b1-4588-ba3a-62b937fadb3f:192.168.164.209:35457, 659ad155-1646-4a84-a8b7-881b8f767b07:192.168.164.209:35868, 565b4a1d-50e8-4bff-86d8-798d26741c85:192.168.164.209:32983], old=null
2019-09-30 20:13:51,118 [pool-393-thread-1] INFO  impl.RaftServerImpl (RaftServerImpl.java:setRole(170)) - 659ad155-1646-4a84-a8b7-881b8f767b07@group-E420B1E8A2B5: changes role from      null to FOLLOWER at term 0 for startAsFollower
2019-09-30 20:13:51,119 [pool-393-thread-1] INFO  impl.RoleInfo (RoleInfo.java:updateAndGet(143)) - 659ad155-1646-4a84-a8b7-881b8f767b07: start FollowerState
2019-09-30 20:13:51,119 [pool-393-thread-1] INFO  util.JmxRegister (JmxRegister.java:tryRegister(44)) - Successfully registered JMX Bean with object name Ratis:service=RaftServer,group=group-E420B1E8A2B5,id=659ad155-1646-4a84-a8b7-881b8f767b07
2019-09-30 20:13:51,120 [pool-403-thread-1] INFO  impl.RaftServerImpl (RaftServerImpl.java:start(181)) - 85c3c454-62b1-4588-ba3a-62b937fadb3f@group-E420B1E8A2B5: start as a follower, conf=-1: [85c3c454-62b1-4588-ba3a-62b937fadb3f:192.168.164.209:35457, 659ad155-1646-4a84-a8b7-881b8f767b07:192.168.164.209:35868, 565b4a1d-50e8-4bff-86d8-798d26741c85:192.168.164.209:32983], old=null
2019-09-30 20:13:51,120 [pool-403-thread-1] INFO  impl.RaftServerImpl (RaftServerImpl.java:setRole(170)) - 85c3c454-62b1-4588-ba3a-62b937fadb3f@group-E420B1E8A2B5: changes role from      null to FOLLOWER at term 0 for startAsFollower
2019-09-30 20:13:51,120 [pool-403-thread-1] INFO  impl.RoleInfo (RoleInfo.java:updateAndGet(143)) - 85c3c454-62b1-4588-ba3a-62b937fadb3f: start FollowerState
2019-09-30 20:13:51,120 [pool-403-thread-1] INFO  util.JmxRegister (JmxRegister.java:tryRegister(44)) - Successfully registered JMX Bean with object name Ratis:service=RaftServer,group=group-E420B1E8A2B5,id=85c3c454-62b1-4588-ba3a-62b937fadb3f
2019-09-30 20:13:51,131 [RatisPipelineUtilsThread] INFO  pipeline.PipelineStateManager (PipelineStateManager.java:addPipeline(56)) - Created pipeline Pipeline[ Id: b88703a2-e02b-4a07-bdcc-e420b1e8a2b5, Nodes: 659ad155-1646-4a84-a8b7-881b8f767b07{ip: 192.168.164.209, host: pr-hdds-2210-ncz7r-3016196628, networkLocation: /default-rack, certSerialId: null}565b4a1d-50e8-4bff-86d8-798d26741c85{ip: 192.168.164.209, host: pr-hdds-2210-ncz7r-3016196628, networkLocation: /default-rack, certSerialId: null}85c3c454-62b1-4588-ba3a-62b937fadb3f{ip: 192.168.164.209, host: pr-hdds-2210-ncz7r-3016196628, networkLocation: /default-rack, certSerialId: null}, Type:RATIS, Factor:THREE, State:OPEN]
2019-09-30 20:13:51,212 [IPC Server handler 0 on 33313] INFO  net.NetworkTopology (NetworkTopologyImpl.java:add(111)) - Added a new node: /default-rack/d75ee5e7-23bf-4370-89bc-61b60313736b
2019-09-30 20:13:51,212 [IPC Server handler 0 on 33313] INFO  node.SCMNodeManager (SCMNodeManager.java:register(266)) - Registered Data node : d75ee5e7-23bf-4370-89bc-61b60313736b{ip: 192.168.164.209, host: pr-hdds-2210-ncz7r-3016196628, networkLocation: /default-rack, certSerialId: null}
2019-09-30 20:13:51,224 [grpc-default-executor-7] INFO  impl.RaftServerProxy (RaftServerProxy.java:addNew(89)) - d75ee5e7-23bf-4370-89bc-61b60313736b: addNew group-54D89EBF9E10:[d75ee5e7-23bf-4370-89bc-61b60313736b:192.168.164.209:37064] returns group-54D89EBF9E10:java.util.concurrent.CompletableFuture@39629edc[Not completed]
2019-09-30 20:13:51,229 [pool-423-thread-1] INFO  impl.RaftServerImpl (RaftServerImpl.java:<init>(95)) - d75ee5e7-23bf-4370-89bc-61b60313736b: new RaftServerImpl for group-54D89EBF9E10:[d75ee5e7-23bf-4370-89bc-61b60313736b:192.168.164.209:37064] with ContainerStateMachine:uninitialized
2019-09-30 20:13:51,229 [pool-423-thread-1] INFO  server.RaftServerConfigKeys (ConfUtils.java:logGet(43)) - raft.server.rpc.timeout.min = 5s (custom)
2019-09-30 20:13:51,229 [pool-423-thread-1] INFO  server.RaftServerConfigKeys (ConfUtils.java:logGet(43)) - raft.server.rpc.timeout.max = 5200ms (custom)
2019-09-30 20:13:51,229 [pool-423-thread-1] INFO  server.RaftServerConfigKeys (ConfUtils.java:logGet(43)) - raft.server.rpcslowness.timeout = 120s (custom)
2019-09-30 20:13:51,230 [pool-423-thread-1] INFO  server.RaftServerConfigKeys (ConfUtils.java:logGet(43)) - raft.server.sleep.deviation.threshold = 300 (default)
2019-09-30 20:13:51,230 [pool-423-thread-1] INFO  server.RaftServerConfigKeys (ConfUtils.java:logGet(43)) - raft.server.log.appender.install.snapshot.enabled = false (custom)
2019-09-30 20:13:51,230 [pool-423-thread-1] INFO  impl.RaftServerImpl (ServerState.java:<init>(103)) - d75ee5e7-23bf-4370-89bc-61b60313736b@group-54D89EBF9E10: ConfigurationManager, init=-1: [d75ee5e7-23bf-4370-89bc-61b60313736b:192.168.164.209:37064], old=null, confs=<EMPTY_MAP>
2019-09-30 20:13:51,230 [pool-423-thread-1] INFO  server.RaftServerConfigKeys (ConfUtils.java:logGet(43)) - raft.server.storage.dir = [/workdir/hadoop-ozone/integration-test/target/test-dir/MiniOzoneClusterImpl-cbb98d00-1d2e-480a-8768-230717893271/datanode-4/data/ratis] (custom)
2019-09-30 20:13:51,230 [pool-423-thread-1] INFO  server.RaftServerConfigKeys (ConfUtils.java:logGet(43)) - raft.server.log.corruption.policy = EXCEPTION (default)
2019-09-30 20:13:51,230 [pool-423-thread-1] INFO  storage.RaftStorageDirectory (RaftStorageDirectory.java:analyzeStorage(246)) - The storage directory /workdir/hadoop-ozone/integration-test/target/test-dir/MiniOzoneClusterImpl-cbb98d00-1d2e-480a-8768-230717893271/datanode-4/data/ratis/646d0173-932d-4a14-bd4b-54d89ebf9e10 does not exist. Creating ...
2019-09-30 20:13:51,243 [pool-423-thread-1] INFO  storage.RaftStorageDirectory (RaftStorageDirectory.java:tryLock(328)) - Lock on /workdir/hadoop-ozone/integration-test/target/test-dir/MiniOzoneClusterImpl-cbb98d00-1d2e-480a-8768-230717893271/datanode-4/data/ratis/646d0173-932d-4a14-bd4b-54d89ebf9e10/in_use.lock acquired by nodename 15730@pr-hdds-2210-ncz7r-3016196628
2019-09-30 20:13:51,256 [pool-423-thread-1] INFO  storage.RaftStorage (RaftStorage.java:format(84)) - Storage directory /workdir/hadoop-ozone/integration-test/target/test-dir/MiniOzoneClusterImpl-cbb98d00-1d2e-480a-8768-230717893271/datanode-4/data/ratis/646d0173-932d-4a14-bd4b-54d89ebf9e10 has been successfully formatted.
2019-09-30 20:13:51,256 [pool-423-thread-1] INFO  ratis.ContainerStateMachine (ContainerStateMachine.java:loadSnapshot(230)) - group-54D89EBF9E10: The snapshot info is null. Setting the last applied indexto:(t:0, i:~)
2019-09-30 20:13:51,256 [pool-423-thread-1] INFO  server.RaftServerConfigKeys (ConfUtils.java:logGet(43)) - raft.server.notification.no-leader.timeout = 120s (custom)
2019-09-30 20:13:51,256 [pool-423-thread-1] INFO  server.RaftServerConfigKeys (ConfUtils.java:logGet(43)) - raft.server.log.use.memory = false (default)
2019-09-30 20:13:51,256 [pool-423-thread-1] INFO  server.RaftServerConfigKeys (ConfUtils.java:logGet(43)) - raft.server.log.purge.gap = 1000000 (custom)
2019-09-30 20:13:51,257 [pool-423-thread-1] INFO  server.RaftServerConfigKeys (ConfUtils.java:logGet(43)) - raft.server.log.appender.buffer.byte-limit = 33554432 (custom)
2019-09-30 20:13:51,257 [pool-423-thread-1] INFO  server.RaftServerConfigKeys (ConfUtils.java:logGet(43)) - raft.server.log.segment.size.max = 1048576 (custom)
2019-09-30 20:13:51,258 [pool-423-thread-1] INFO  server.RaftServerConfigKeys (ConfUtils.java:logGet(43)) - raft.server.log.segment.cache.num.max = 2 (custom)
2019-09-30 20:13:51,258 [pool-423-thread-1] INFO  segmented.SegmentedRaftLogWorker (SegmentedRaftLogWorker.java:<init>(173)) - new d75ee5e7-23bf-4370-89bc-61b60313736b@group-54D89EBF9E10-SegmentedRaftLogWorker for RaftStorage:Storage Directory /workdir/hadoop-ozone/integration-test/target/test-dir/MiniOzoneClusterImpl-cbb98d00-1d2e-480a-8768-230717893271/datanode-4/data/ratis/646d0173-932d-4a14-bd4b-54d89ebf9e10
2019-09-30 20:13:51,258 [pool-423-thread-1] INFO  server.RaftServerConfigKeys (ConfUtils.java:logGet(43)) - raft.server.log.queue.byte-limit = 2147483647 (custom)
2019-09-30 20:13:51,258 [pool-423-thread-1] INFO  server.RaftServerConfigKeys (ConfUtils.java:logGet(43)) - raft.server.log.queue.element-limit = 1024 (custom)
2019-09-30 20:13:51,258 [pool-423-thread-1] INFO  server.RaftServerConfigKeys (ConfUtils.java:logGet(43)) - raft.server.log.segment.size.max = 1048576 (custom)
2019-09-30 20:13:51,258 [pool-423-thread-1] INFO  server.RaftServerConfigKeys (ConfUtils.java:logGet(43)) - raft.server.log.preallocated.size = 16384 (custom)
2019-09-30 20:13:51,258 [pool-423-thread-1] INFO  server.RaftServerConfigKeys (ConfUtils.java:logGet(43)) - raft.server.log.write.buffer.size = 33554432 (custom)
2019-09-30 20:13:51,258 [pool-423-thread-1] INFO  server.RaftServerConfigKeys (ConfUtils.java:logGet(43)) - raft.server.log.force.sync.num = 128 (default)
2019-09-30 20:13:51,259 [pool-423-thread-1] INFO  server.RaftServerConfigKeys (ConfUtils.java:logGet(43)) - raft.server.log.statemachine.data.sync = true (default)
2019-09-30 20:13:51,259 [pool-423-thread-1] INFO  server.RaftServerConfigKeys (ConfUtils.java:logGet(43)) - raft.server.log.statemachine.data.sync.timeout = 10s (default)
2019-09-30 20:13:51,259 [pool-423-thread-1] INFO  server.RaftServerConfigKeys (ConfUtils.java:logGet(43)) - raft.server.log.statemachine.data.sync.timeout.retry = -1 (default)
2019-09-30 20:13:51,259 [pool-423-thread-1] INFO  server.RaftServerConfigKeys (ConfUtils.java:logGet(43)) - raft.server.log.statemachine.data.caching.enabled = true (custom)
2019-09-30 20:13:51,259 [pool-423-thread-1] INFO  segmented.SegmentedRaftLogWorker (SegmentedRaftLogWorker.java:lambda$new$0(128)) - d75ee5e7-23bf-4370-89bc-61b60313736b@group-54D89EBF9E10-SegmentedRaftLogWorker: flushIndex: setUnconditionally 0 -> -1
2019-09-30 20:13:51,259 [pool-423-thread-1] INFO  server.RaftServerConfigKeys (ConfUtils.java:logGet(43)) - raft.server.snapshot.auto.trigger.enabled = true (custom)
2019-09-30 20:13:51,260 [pool-423-thread-1] INFO  server.RaftServerConfigKeys (ConfUtils.java:logGet(43)) - raft.server.snapshot.auto.trigger.threshold = 10000 (custom)
2019-09-30 20:13:51,260 [pool-423-thread-1] INFO  server.RaftServerConfigKeys (ConfUtils.java:logGet(43)) - raft.server.snapshot.retention.file.num = 5 (custom)
2019-09-30 20:13:51,260 [pool-423-thread-1] INFO  server.RaftServerConfigKeys (ConfUtils.java:logGet(43)) - raft.server.retrycache.expirytime = 600000ms (custom)
2019-09-30 20:13:51,261 [pool-423-thread-1] INFO  impl.RaftServerImpl (RaftServerImpl.java:start(181)) - d75ee5e7-23bf-4370-89bc-61b60313736b@group-54D89EBF9E10: start as a follower, conf=-1: [d75ee5e7-23bf-4370-89bc-61b60313736b:192.168.164.209:37064], old=null
2019-09-30 20:13:51,261 [pool-423-thread-1] INFO  impl.RaftServerImpl (RaftServerImpl.java:setRole(170)) - d75ee5e7-23bf-4370-89bc-61b60313736b@group-54D89EBF9E10: changes role from      null to FOLLOWER at term 0 for startAsFollower
2019-09-30 20:13:51,261 [pool-423-thread-1] INFO  impl.RoleInfo (RoleInfo.java:updateAndGet(143)) - d75ee5e7-23bf-4370-89bc-61b60313736b: start FollowerState
2019-09-30 20:13:51,261 [pool-423-thread-1] INFO  util.JmxRegister (JmxRegister.java:tryRegister(44)) - Successfully registered JMX Bean with object name Ratis:service=RaftServer,group=group-54D89EBF9E10,id=d75ee5e7-23bf-4370-89bc-61b60313736b
2019-09-30 20:13:51,268 [RatisPipelineUtilsThread] INFO  pipeline.PipelineStateManager (PipelineStateManager.java:addPipeline(56)) - Created pipeline Pipeline[ Id: 646d0173-932d-4a14-bd4b-54d89ebf9e10, Nodes: d75ee5e7-23bf-4370-89bc-61b60313736b{ip: 192.168.164.209, host: pr-hdds-2210-ncz7r-3016196628, networkLocation: /default-rack, certSerialId: null}, Type:RATIS, Factor:ONE, State:OPEN]
2019-09-30 20:13:51,280 [grpc-default-executor-7] INFO  impl.RaftServerProxy (RaftServerProxy.java:addNew(89)) - 0f3e82e6-526a-4e17-84a2-45c646fa5d25: addNew group-B7703A901FAE:[0f3e82e6-526a-4e17-84a2-45c646fa5d25:192.168.164.209:37074] returns group-B7703A901FAE:java.util.concurrent.CompletableFuture@66cffe12[Not completed]
2019-09-30 20:13:51,282 [pool-413-thread-1] INFO  impl.RaftServerImpl (RaftServerImpl.java:<init>(95)) - 0f3e82e6-526a-4e17-84a2-45c646fa5d25: new RaftServerImpl for group-B7703A901FAE:[0f3e82e6-526a-4e17-84a2-45c646fa5d25:192.168.164.209:37074] with ContainerStateMachine:uninitialized
2019-09-30 20:13:51,282 [pool-413-thread-1] INFO  server.RaftServerConfigKeys (ConfUtils.java:logGet(43)) - raft.server.rpc.timeout.min = 5s (custom)
2019-09-30 20:13:51,282 [pool-413-thread-1] INFO  server.RaftServerConfigKeys (ConfUtils.java:logGet(43)) - raft.server.rpc.timeout.max = 5200ms (custom)
2019-09-30 20:13:51,282 [pool-413-thread-1] INFO  server.RaftServerConfigKeys (ConfUtils.java:logGet(43)) - raft.server.rpcslowness.timeout = 120s (custom)
2019-09-30 20:13:51,282 [pool-413-thread-1] INFO  server.RaftServerConfigKeys (ConfUtils.java:logGet(43)) - raft.server.sleep.deviation.threshold = 300 (default)
2019-09-30 20:13:51,282 [pool-413-thread-1] INFO  server.RaftServerConfigKeys (ConfUtils.java:logGet(43)) - raft.server.log.appender.install.snapshot.enabled = false (custom)
2019-09-30 20:13:51,283 [pool-413-thread-1] INFO  impl.RaftServerImpl (ServerState.java:<init>(103)) - 0f3e82e6-526a-4e17-84a2-45c646fa5d25@group-B7703A901FAE: ConfigurationManager, init=-1: [0f3e82e6-526a-4e17-84a2-45c646fa5d25:192.168.164.209:37074], old=null, confs=<EMPTY_MAP>
2019-09-30 20:13:51,283 [pool-413-thread-1] INFO  server.RaftServerConfigKeys (ConfUtils.java:logGet(43)) - raft.server.storage.dir = [/workdir/hadoop-ozone/integration-test/target/test-dir/MiniOzoneClusterImpl-cbb98d00-1d2e-480a-8768-230717893271/datanode-3/data/ratis] (custom)
2019-09-30 20:13:51,283 [pool-413-thread-1] INFO  server.RaftServerConfigKeys (ConfUtils.java:logGet(43)) - raft.server.log.corruption.policy = EXCEPTION (default)
2019-09-30 20:13:51,283 [pool-413-thread-1] INFO  storage.RaftStorageDirectory (RaftStorageDirectory.java:analyzeStorage(246)) - The storage directory /workdir/hadoop-ozone/integration-test/target/test-dir/MiniOzoneClusterImpl-cbb98d00-1d2e-480a-8768-230717893271/datanode-3/data/ratis/87a516e3-1b30-4dca-be06-b7703a901fae does not exist. Creating ...
2019-09-30 20:13:51,296 [pool-413-thread-1] INFO  storage.RaftStorageDirectory (RaftStorageDirectory.java:tryLock(328)) - Lock on /workdir/hadoop-ozone/integration-test/target/test-dir/MiniOzoneClusterImpl-cbb98d00-1d2e-480a-8768-230717893271/datanode-3/data/ratis/87a516e3-1b30-4dca-be06-b7703a901fae/in_use.lock acquired by nodename 15730@pr-hdds-2210-ncz7r-3016196628
2019-09-30 20:13:51,309 [pool-413-thread-1] INFO  storage.RaftStorage (RaftStorage.java:format(84)) - Storage directory /workdir/hadoop-ozone/integration-test/target/test-dir/MiniOzoneClusterImpl-cbb98d00-1d2e-480a-8768-230717893271/datanode-3/data/ratis/87a516e3-1b30-4dca-be06-b7703a901fae has been successfully formatted.
2019-09-30 20:13:51,309 [pool-413-thread-1] INFO  ratis.ContainerStateMachine (ContainerStateMachine.java:loadSnapshot(230)) - group-B7703A901FAE: The snapshot info is null. Setting the last applied indexto:(t:0, i:~)
2019-09-30 20:13:51,309 [pool-413-thread-1] INFO  server.RaftServerConfigKeys (ConfUtils.java:logGet(43)) - raft.server.notification.no-leader.timeout = 120s (custom)
2019-09-30 20:13:51,310 [pool-413-thread-1] INFO  server.RaftServerConfigKeys (ConfUtils.java:logGet(43)) - raft.server.log.use.memory = false (default)
2019-09-30 20:13:51,310 [pool-413-thread-1] INFO  server.RaftServerConfigKeys (ConfUtils.java:logGet(43)) - raft.server.log.purge.gap = 1000000 (custom)
2019-09-30 20:13:51,310 [pool-413-thread-1] INFO  server.RaftServerConfigKeys (ConfUtils.java:logGet(43)) - raft.server.log.appender.buffer.byte-limit = 33554432 (custom)
2019-09-30 20:13:51,310 [pool-413-thread-1] INFO  server.RaftServerConfigKeys (ConfUtils.java:logGet(43)) - raft.server.log.segment.size.max = 1048576 (custom)
2019-09-30 20:13:51,312 [pool-413-thread-1] INFO  server.RaftServerConfigKeys (ConfUtils.java:logGet(43)) - raft.server.log.segment.cache.num.max = 2 (custom)
2019-09-30 20:13:51,312 [pool-413-thread-1] INFO  segmented.SegmentedRaftLogWorker (SegmentedRaftLogWorker.java:<init>(173)) - new 0f3e82e6-526a-4e17-84a2-45c646fa5d25@group-B7703A901FAE-SegmentedRaftLogWorker for RaftStorage:Storage Directory /workdir/hadoop-ozone/integration-test/target/test-dir/MiniOzoneClusterImpl-cbb98d00-1d2e-480a-8768-230717893271/datanode-3/data/ratis/87a516e3-1b30-4dca-be06-b7703a901fae
2019-09-30 20:13:51,312 [pool-413-thread-1] INFO  server.RaftServerConfigKeys (ConfUtils.java:logGet(43)) - raft.server.log.queue.byte-limit = 2147483647 (custom)
2019-09-30 20:13:51,312 [pool-413-thread-1] INFO  server.RaftServerConfigKeys (ConfUtils.java:logGet(43)) - raft.server.log.queue.element-limit = 1024 (custom)
2019-09-30 20:13:51,312 [pool-413-thread-1] INFO  server.RaftServerConfigKeys (ConfUtils.java:logGet(43)) - raft.server.log.segment.size.max = 1048576 (custom)
2019-09-30 20:13:51,313 [pool-413-thread-1] INFO  server.RaftServerConfigKeys (ConfUtils.java:logGet(43)) - raft.server.log.preallocated.size = 16384 (custom)
2019-09-30 20:13:51,313 [pool-413-thread-1] INFO  server.RaftServerConfigKeys (ConfUtils.java:logGet(43)) - raft.server.log.write.buffer.size = 33554432 (custom)
2019-09-30 20:13:51,313 [pool-413-thread-1] INFO  server.RaftServerConfigKeys (ConfUtils.java:logGet(43)) - raft.server.log.force.sync.num = 128 (default)
2019-09-30 20:13:51,313 [pool-413-thread-1] INFO  server.RaftServerConfigKeys (ConfUtils.java:logGet(43)) - raft.server.log.statemachine.data.sync = true (default)
2019-09-30 20:13:51,313 [pool-413-thread-1] INFO  server.RaftServerConfigKeys (ConfUtils.java:logGet(43)) - raft.server.log.statemachine.data.sync.timeout = 10s (default)
2019-09-30 20:13:51,313 [pool-413-thread-1] INFO  server.RaftServerConfigKeys (ConfUtils.java:logGet(43)) - raft.server.log.statemachine.data.sync.timeout.retry = -1 (default)
2019-09-30 20:13:51,314 [pool-413-thread-1] INFO  server.RaftServerConfigKeys (ConfUtils.java:logGet(43)) - raft.server.log.statemachine.data.caching.enabled = true (custom)
2019-09-30 20:13:51,314 [pool-413-thread-1] INFO  segmented.SegmentedRaftLogWorker (SegmentedRaftLogWorker.java:lambda$new$0(128)) - 0f3e82e6-526a-4e17-84a2-45c646fa5d25@group-B7703A901FAE-SegmentedRaftLogWorker: flushIndex: setUnconditionally 0 -> -1
2019-09-30 20:13:51,314 [pool-413-thread-1] INFO  server.RaftServerConfigKeys (ConfUtils.java:logGet(43)) - raft.server.snapshot.auto.trigger.enabled = true (custom)
2019-09-30 20:13:51,314 [pool-413-thread-1] INFO  server.RaftServerConfigKeys (ConfUtils.java:logGet(43)) - raft.server.snapshot.auto.trigger.threshold = 10000 (custom)
2019-09-30 20:13:51,314 [pool-413-thread-1] INFO  server.RaftServerConfigKeys (ConfUtils.java:logGet(43)) - raft.server.snapshot.retention.file.num = 5 (custom)
2019-09-30 20:13:51,315 [pool-413-thread-1] INFO  server.RaftServerConfigKeys (ConfUtils.java:logGet(43)) - raft.server.retrycache.expirytime = 600000ms (custom)
2019-09-30 20:13:51,316 [pool-413-thread-1] INFO  impl.RaftServerImpl (RaftServerImpl.java:start(181)) - 0f3e82e6-526a-4e17-84a2-45c646fa5d25@group-B7703A901FAE: start as a follower, conf=-1: [0f3e82e6-526a-4e17-84a2-45c646fa5d25:192.168.164.209:37074], old=null
2019-09-30 20:13:51,316 [pool-413-thread-1] INFO  impl.RaftServerImpl (RaftServerImpl.java:setRole(170)) - 0f3e82e6-526a-4e17-84a2-45c646fa5d25@group-B7703A901FAE: changes role from      null to FOLLOWER at term 0 for startAsFollower
2019-09-30 20:13:51,316 [pool-413-thread-1] INFO  impl.RoleInfo (RoleInfo.java:updateAndGet(143)) - 0f3e82e6-526a-4e17-84a2-45c646fa5d25: start FollowerState
2019-09-30 20:13:51,317 [pool-413-thread-1] INFO  util.JmxRegister (JmxRegister.java:tryRegister(44)) - Successfully registered JMX Bean with object name Ratis:service=RaftServer,group=group-B7703A901FAE,id=0f3e82e6-526a-4e17-84a2-45c646fa5d25
2019-09-30 20:13:51,325 [RatisPipelineUtilsThread] INFO  pipeline.PipelineStateManager (PipelineStateManager.java:addPipeline(56)) - Created pipeline Pipeline[ Id: 87a516e3-1b30-4dca-be06-b7703a901fae, Nodes: 0f3e82e6-526a-4e17-84a2-45c646fa5d25{ip: 192.168.164.209, host: pr-hdds-2210-ncz7r-3016196628, networkLocation: /default-rack, certSerialId: null}, Type:RATIS, Factor:ONE, State:OPEN]
2019-09-30 20:13:51,329 [IPC Server handler 3 on 33313] INFO  net.NetworkTopology (NetworkTopologyImpl.java:add(111)) - Added a new node: /default-rack/c4517376-c315-4c1d-9f15-43e2d96457c0
2019-09-30 20:13:51,330 [IPC Server handler 3 on 33313] INFO  node.SCMNodeManager (SCMNodeManager.java:register(266)) - Registered Data node : c4517376-c315-4c1d-9f15-43e2d96457c0{ip: 192.168.164.209, host: pr-hdds-2210-ncz7r-3016196628, networkLocation: /default-rack, certSerialId: null}
2019-09-30 20:13:51,337 [grpc-default-executor-7] INFO  impl.RaftServerProxy (RaftServerProxy.java:addNew(89)) - c4517376-c315-4c1d-9f15-43e2d96457c0: addNew group-D560C40F44B5:[c4517376-c315-4c1d-9f15-43e2d96457c0:192.168.164.209:34923] returns group-D560C40F44B5:java.util.concurrent.CompletableFuture@1f1cae4c[Not completed]
2019-09-30 20:13:51,338 [pool-433-thread-1] INFO  impl.RaftServerImpl (RaftServerImpl.java:<init>(95)) - c4517376-c315-4c1d-9f15-43e2d96457c0: new RaftServerImpl for group-D560C40F44B5:[c4517376-c315-4c1d-9f15-43e2d96457c0:192.168.164.209:34923] with ContainerStateMachine:uninitialized
2019-09-30 20:13:51,338 [pool-433-thread-1] INFO  server.RaftServerConfigKeys (ConfUtils.java:logGet(43)) - raft.server.rpc.timeout.min = 5s (custom)
2019-09-30 20:13:51,338 [pool-433-thread-1] INFO  server.RaftServerConfigKeys (ConfUtils.java:logGet(43)) - raft.server.rpc.timeout.max = 5200ms (custom)
2019-09-30 20:13:51,338 [pool-433-thread-1] INFO  server.RaftServerConfigKeys (ConfUtils.java:logGet(43)) - raft.server.rpcslowness.timeout = 120s (custom)
2019-09-30 20:13:51,338 [pool-433-thread-1] INFO  server.RaftServerConfigKeys (ConfUtils.java:logGet(43)) - raft.server.sleep.deviation.threshold = 300 (default)
2019-09-30 20:13:51,338 [pool-433-thread-1] INFO  server.RaftServerConfigKeys (ConfUtils.java:logGet(43)) - raft.server.log.appender.install.snapshot.enabled = false (custom)
2019-09-30 20:13:51,338 [pool-433-thread-1] INFO  impl.RaftServerImpl (ServerState.java:<init>(103)) - c4517376-c315-4c1d-9f15-43e2d96457c0@group-D560C40F44B5: ConfigurationManager, init=-1: [c4517376-c315-4c1d-9f15-43e2d96457c0:192.168.164.209:34923], old=null, confs=<EMPTY_MAP>
2019-09-30 20:13:51,338 [pool-433-thread-1] INFO  server.RaftServerConfigKeys (ConfUtils.java:logGet(43)) - raft.server.storage.dir = [/workdir/hadoop-ozone/integration-test/target/test-dir/MiniOzoneClusterImpl-cbb98d00-1d2e-480a-8768-230717893271/datanode-5/data/ratis] (custom)
2019-09-30 20:13:51,338 [pool-433-thread-1] INFO  server.RaftServerConfigKeys (ConfUtils.java:logGet(43)) - raft.server.log.corruption.policy = EXCEPTION (default)
2019-09-30 20:13:51,339 [pool-433-thread-1] INFO  storage.RaftStorageDirectory (RaftStorageDirectory.java:analyzeStorage(246)) - The storage directory /workdir/hadoop-ozone/integration-test/target/test-dir/MiniOzoneClusterImpl-cbb98d00-1d2e-480a-8768-230717893271/datanode-5/data/ratis/376fc7fb-aadf-4545-9cf9-d560c40f44b5 does not exist. Creating ...
2019-09-30 20:13:51,352 [pool-433-thread-1] INFO  storage.RaftStorageDirectory (RaftStorageDirectory.java:tryLock(328)) - Lock on /workdir/hadoop-ozone/integration-test/target/test-dir/MiniOzoneClusterImpl-cbb98d00-1d2e-480a-8768-230717893271/datanode-5/data/ratis/376fc7fb-aadf-4545-9cf9-d560c40f44b5/in_use.lock acquired by nodename 15730@pr-hdds-2210-ncz7r-3016196628
2019-09-30 20:13:51,364 [pool-433-thread-1] INFO  storage.RaftStorage (RaftStorage.java:format(84)) - Storage directory /workdir/hadoop-ozone/integration-test/target/test-dir/MiniOzoneClusterImpl-cbb98d00-1d2e-480a-8768-230717893271/datanode-5/data/ratis/376fc7fb-aadf-4545-9cf9-d560c40f44b5 has been successfully formatted.
2019-09-30 20:13:51,365 [pool-433-thread-1] INFO  ratis.ContainerStateMachine (ContainerStateMachine.java:loadSnapshot(230)) - group-D560C40F44B5: The snapshot info is null. Setting the last applied indexto:(t:0, i:~)
2019-09-30 20:13:51,365 [pool-433-thread-1] INFO  server.RaftServerConfigKeys (ConfUtils.java:logGet(43)) - raft.server.notification.no-leader.timeout = 120s (custom)
2019-09-30 20:13:51,365 [pool-433-thread-1] INFO  server.RaftServerConfigKeys (ConfUtils.java:logGet(43)) - raft.server.log.use.memory = false (default)
2019-09-30 20:13:51,365 [pool-433-thread-1] INFO  server.RaftServerConfigKeys (ConfUtils.java:logGet(43)) - raft.server.log.purge.gap = 1000000 (custom)
2019-09-30 20:13:51,365 [pool-433-thread-1] INFO  server.RaftServerConfigKeys (ConfUtils.java:logGet(43)) - raft.server.log.appender.buffer.byte-limit = 33554432 (custom)
2019-09-30 20:13:51,365 [pool-433-thread-1] INFO  server.RaftServerConfigKeys (ConfUtils.java:logGet(43)) - raft.server.log.segment.size.max = 1048576 (custom)
2019-09-30 20:13:51,366 [pool-433-thread-1] INFO  server.RaftServerConfigKeys (ConfUtils.java:logGet(43)) - raft.server.log.segment.cache.num.max = 2 (custom)
2019-09-30 20:13:51,366 [pool-433-thread-1] INFO  segmented.SegmentedRaftLogWorker (SegmentedRaftLogWorker.java:<init>(173)) - new c4517376-c315-4c1d-9f15-43e2d96457c0@group-D560C40F44B5-SegmentedRaftLogWorker for RaftStorage:Storage Directory /workdir/hadoop-ozone/integration-test/target/test-dir/MiniOzoneClusterImpl-cbb98d00-1d2e-480a-8768-230717893271/datanode-5/data/ratis/376fc7fb-aadf-4545-9cf9-d560c40f44b5
2019-09-30 20:13:51,366 [pool-433-thread-1] INFO  server.RaftServerConfigKeys (ConfUtils.java:logGet(43)) - raft.server.log.queue.byte-limit = 2147483647 (custom)
2019-09-30 20:13:51,366 [pool-433-thread-1] INFO  server.RaftServerConfigKeys (ConfUtils.java:logGet(43)) - raft.server.log.queue.element-limit = 1024 (custom)
2019-09-30 20:13:51,366 [pool-433-thread-1] INFO  server.RaftServerConfigKeys (ConfUtils.java:logGet(43)) - raft.server.log.segment.size.max = 1048576 (custom)
2019-09-30 20:13:51,366 [pool-433-thread-1] INFO  server.RaftServerConfigKeys (ConfUtils.java:logGet(43)) - raft.server.log.preallocated.size = 16384 (custom)
2019-09-30 20:13:51,366 [pool-433-thread-1] INFO  server.RaftServerConfigKeys (ConfUtils.java:logGet(43)) - raft.server.log.write.buffer.size = 33554432 (custom)
2019-09-30 20:13:51,367 [pool-433-thread-1] INFO  server.RaftServerConfigKeys (ConfUtils.java:logGet(43)) - raft.server.log.force.sync.num = 128 (default)
2019-09-30 20:13:51,367 [pool-433-thread-1] INFO  server.RaftServerConfigKeys (ConfUtils.java:logGet(43)) - raft.server.log.statemachine.data.sync = true (default)
2019-09-30 20:13:51,367 [pool-433-thread-1] INFO  server.RaftServerConfigKeys (ConfUtils.java:logGet(43)) - raft.server.log.statemachine.data.sync.timeout = 10s (default)
2019-09-30 20:13:51,367 [pool-433-thread-1] INFO  server.RaftServerConfigKeys (ConfUtils.java:logGet(43)) - raft.server.log.statemachine.data.sync.timeout.retry = -1 (default)
2019-09-30 20:13:51,367 [pool-433-thread-1] INFO  server.RaftServerConfigKeys (ConfUtils.java:logGet(43)) - raft.server.log.statemachine.data.caching.enabled = true (custom)
2019-09-30 20:13:51,367 [pool-433-thread-1] INFO  segmented.SegmentedRaftLogWorker (SegmentedRaftLogWorker.java:lambda$new$0(128)) - c4517376-c315-4c1d-9f15-43e2d96457c0@group-D560C40F44B5-SegmentedRaftLogWorker: flushIndex: setUnconditionally 0 -> -1
2019-09-30 20:13:51,367 [pool-433-thread-1] INFO  server.RaftServerConfigKeys (ConfUtils.java:logGet(43)) - raft.server.snapshot.auto.trigger.enabled = true (custom)
2019-09-30 20:13:51,368 [pool-433-thread-1] INFO  server.RaftServerConfigKeys (ConfUtils.java:logGet(43)) - raft.server.snapshot.auto.trigger.threshold = 10000 (custom)
2019-09-30 20:13:51,368 [pool-433-thread-1] INFO  server.RaftServerConfigKeys (ConfUtils.java:logGet(43)) - raft.server.snapshot.retention.file.num = 5 (custom)
2019-09-30 20:13:51,368 [pool-433-thread-1] INFO  server.RaftServerConfigKeys (ConfUtils.java:logGet(43)) - raft.server.retrycache.expirytime = 600000ms (custom)
2019-09-30 20:13:51,369 [pool-433-thread-1] INFO  impl.RaftServerImpl (RaftServerImpl.java:start(181)) - c4517376-c315-4c1d-9f15-43e2d96457c0@group-D560C40F44B5: start as a follower, conf=-1: [c4517376-c315-4c1d-9f15-43e2d96457c0:192.168.164.209:34923], old=null
2019-09-30 20:13:51,369 [pool-433-thread-1] INFO  impl.RaftServerImpl (RaftServerImpl.java:setRole(170)) - c4517376-c315-4c1d-9f15-43e2d96457c0@group-D560C40F44B5: changes role from      null to FOLLOWER at term 0 for startAsFollower
2019-09-30 20:13:51,369 [pool-433-thread-1] INFO  impl.RoleInfo (RoleInfo.java:updateAndGet(143)) - c4517376-c315-4c1d-9f15-43e2d96457c0: start FollowerState
2019-09-30 20:13:51,369 [pool-433-thread-1] INFO  util.JmxRegister (JmxRegister.java:tryRegister(44)) - Successfully registered JMX Bean with object name Ratis:service=RaftServer,group=group-D560C40F44B5,id=c4517376-c315-4c1d-9f15-43e2d96457c0
2019-09-30 20:13:51,376 [RatisPipelineUtilsThread] INFO  pipeline.PipelineStateManager (PipelineStateManager.java:addPipeline(56)) - Created pipeline Pipeline[ Id: 376fc7fb-aadf-4545-9cf9-d560c40f44b5, Nodes: c4517376-c315-4c1d-9f15-43e2d96457c0{ip: 192.168.164.209, host: pr-hdds-2210-ncz7r-3016196628, networkLocation: /default-rack, certSerialId: null}, Type:RATIS, Factor:ONE, State:OPEN]
2019-09-30 20:13:51,391 [grpc-default-executor-3] INFO  impl.RaftServerProxy (RaftServerProxy.java:addNew(89)) - d75ee5e7-23bf-4370-89bc-61b60313736b: addNew group-D042F038CF28:[d75ee5e7-23bf-4370-89bc-61b60313736b:192.168.164.209:37064, c4517376-c315-4c1d-9f15-43e2d96457c0:192.168.164.209:34923, 0f3e82e6-526a-4e17-84a2-45c646fa5d25:192.168.164.209:37074] returns group-D042F038CF28:java.util.concurrent.CompletableFuture@2a38a0a[Not completed]
2019-09-30 20:13:51,391 [grpc-default-executor-6] INFO  impl.RaftServerProxy (RaftServerProxy.java:addNew(89)) - 0f3e82e6-526a-4e17-84a2-45c646fa5d25: addNew group-D042F038CF28:[d75ee5e7-23bf-4370-89bc-61b60313736b:192.168.164.209:37064, c4517376-c315-4c1d-9f15-43e2d96457c0:192.168.164.209:34923, 0f3e82e6-526a-4e17-84a2-45c646fa5d25:192.168.164.209:37074] returns group-D042F038CF28:java.util.concurrent.CompletableFuture@69473d81[Not completed]
2019-09-30 20:13:51,391 [grpc-default-executor-7] INFO  impl.RaftServerProxy (RaftServerProxy.java:addNew(89)) - c4517376-c315-4c1d-9f15-43e2d96457c0: addNew group-D042F038CF28:[d75ee5e7-23bf-4370-89bc-61b60313736b:192.168.164.209:37064, c4517376-c315-4c1d-9f15-43e2d96457c0:192.168.164.209:34923, 0f3e82e6-526a-4e17-84a2-45c646fa5d25:192.168.164.209:37074] returns group-D042F038CF28:java.util.concurrent.CompletableFuture@7d74192d[Not completed]
2019-09-30 20:13:51,392 [pool-423-thread-1] INFO  impl.RaftServerImpl (RaftServerImpl.java:<init>(95)) - d75ee5e7-23bf-4370-89bc-61b60313736b: new RaftServerImpl for group-D042F038CF28:[d75ee5e7-23bf-4370-89bc-61b60313736b:192.168.164.209:37064, c4517376-c315-4c1d-9f15-43e2d96457c0:192.168.164.209:34923, 0f3e82e6-526a-4e17-84a2-45c646fa5d25:192.168.164.209:37074] with ContainerStateMachine:uninitialized
2019-09-30 20:13:51,392 [pool-423-thread-1] INFO  server.RaftServerConfigKeys (ConfUtils.java:logGet(43)) - raft.server.rpc.timeout.min = 5s (custom)
2019-09-30 20:13:51,393 [pool-423-thread-1] INFO  server.RaftServerConfigKeys (ConfUtils.java:logGet(43)) - raft.server.rpc.timeout.max = 5200ms (custom)
2019-09-30 20:13:51,393 [pool-423-thread-1] INFO  server.RaftServerConfigKeys (ConfUtils.java:logGet(43)) - raft.server.rpcslowness.timeout = 120s (custom)
2019-09-30 20:13:51,393 [pool-423-thread-1] INFO  server.RaftServerConfigKeys (ConfUtils.java:logGet(43)) - raft.server.sleep.deviation.threshold = 300 (default)
2019-09-30 20:13:51,393 [pool-423-thread-1] INFO  server.RaftServerConfigKeys (ConfUtils.java:logGet(43)) - raft.server.log.appender.install.snapshot.enabled = false (custom)
2019-09-30 20:13:51,393 [pool-423-thread-1] INFO  impl.RaftServerImpl (ServerState.java:<init>(103)) - d75ee5e7-23bf-4370-89bc-61b60313736b@group-D042F038CF28: ConfigurationManager, init=-1: [d75ee5e7-23bf-4370-89bc-61b60313736b:192.168.164.209:37064, c4517376-c315-4c1d-9f15-43e2d96457c0:192.168.164.209:34923, 0f3e82e6-526a-4e17-84a2-45c646fa5d25:192.168.164.209:37074], old=null, confs=<EMPTY_MAP>
2019-09-30 20:13:51,393 [pool-423-thread-1] INFO  server.RaftServerConfigKeys (ConfUtils.java:logGet(43)) - raft.server.storage.dir = [/workdir/hadoop-ozone/integration-test/target/test-dir/MiniOzoneClusterImpl-cbb98d00-1d2e-480a-8768-230717893271/datanode-4/data/ratis] (custom)
2019-09-30 20:13:51,393 [pool-423-thread-1] INFO  server.RaftServerConfigKeys (ConfUtils.java:logGet(43)) - raft.server.log.corruption.policy = EXCEPTION (default)
2019-09-30 20:13:51,393 [pool-413-thread-1] INFO  impl.RaftServerImpl (RaftServerImpl.java:<init>(95)) - 0f3e82e6-526a-4e17-84a2-45c646fa5d25: new RaftServerImpl for group-D042F038CF28:[d75ee5e7-23bf-4370-89bc-61b60313736b:192.168.164.209:37064, c4517376-c315-4c1d-9f15-43e2d96457c0:192.168.164.209:34923, 0f3e82e6-526a-4e17-84a2-45c646fa5d25:192.168.164.209:37074] with ContainerStateMachine:uninitialized
2019-09-30 20:13:51,394 [pool-423-thread-1] INFO  storage.RaftStorageDirectory (RaftStorageDirectory.java:analyzeStorage(246)) - The storage directory /workdir/hadoop-ozone/integration-test/target/test-dir/MiniOzoneClusterImpl-cbb98d00-1d2e-480a-8768-230717893271/datanode-4/data/ratis/d77d19ef-b4d3-4c06-b6b3-d042f038cf28 does not exist. Creating ...
2019-09-30 20:13:51,394 [pool-413-thread-1] INFO  server.RaftServerConfigKeys (ConfUtils.java:logGet(43)) - raft.server.rpc.timeout.min = 5s (custom)
2019-09-30 20:13:51,394 [pool-413-thread-1] INFO  server.RaftServerConfigKeys (ConfUtils.java:logGet(43)) - raft.server.rpc.timeout.max = 5200ms (custom)
2019-09-30 20:13:51,394 [pool-413-thread-1] INFO  server.RaftServerConfigKeys (ConfUtils.java:logGet(43)) - raft.server.rpcslowness.timeout = 120s (custom)
2019-09-30 20:13:51,394 [pool-413-thread-1] INFO  server.RaftServerConfigKeys (ConfUtils.java:logGet(43)) - raft.server.sleep.deviation.threshold = 300 (default)
2019-09-30 20:13:51,394 [pool-433-thread-1] INFO  impl.RaftServerImpl (RaftServerImpl.java:<init>(95)) - c4517376-c315-4c1d-9f15-43e2d96457c0: new RaftServerImpl for group-D042F038CF28:[d75ee5e7-23bf-4370-89bc-61b60313736b:192.168.164.209:37064, c4517376-c315-4c1d-9f15-43e2d96457c0:192.168.164.209:34923, 0f3e82e6-526a-4e17-84a2-45c646fa5d25:192.168.164.209:37074] with ContainerStateMachine:uninitialized
2019-09-30 20:13:51,394 [pool-413-thread-1] INFO  server.RaftServerConfigKeys (ConfUtils.java:logGet(43)) - raft.server.log.appender.install.snapshot.enabled = false (custom)
2019-09-30 20:13:51,394 [pool-433-thread-1] INFO  server.RaftServerConfigKeys (ConfUtils.java:logGet(43)) - raft.server.rpc.timeout.min = 5s (custom)
2019-09-30 20:13:51,395 [pool-413-thread-1] INFO  impl.RaftServerImpl (ServerState.java:<init>(103)) - 0f3e82e6-526a-4e17-84a2-45c646fa5d25@group-D042F038CF28: ConfigurationManager, init=-1: [d75ee5e7-23bf-4370-89bc-61b60313736b:192.168.164.209:37064, c4517376-c315-4c1d-9f15-43e2d96457c0:192.168.164.209:34923, 0f3e82e6-526a-4e17-84a2-45c646fa5d25:192.168.164.209:37074], old=null, confs=<EMPTY_MAP>
2019-09-30 20:13:51,395 [pool-433-thread-1] INFO  server.RaftServerConfigKeys (ConfUtils.java:logGet(43)) - raft.server.rpc.timeout.max = 5200ms (custom)
2019-09-30 20:13:51,395 [pool-413-thread-1] INFO  server.RaftServerConfigKeys (ConfUtils.java:logGet(43)) - raft.server.storage.dir = [/workdir/hadoop-ozone/integration-test/target/test-dir/MiniOzoneClusterImpl-cbb98d00-1d2e-480a-8768-230717893271/datanode-3/data/ratis] (custom)
2019-09-30 20:13:51,395 [pool-433-thread-1] INFO  server.RaftServerConfigKeys (ConfUtils.java:logGet(43)) - raft.server.rpcslowness.timeout = 120s (custom)
2019-09-30 20:13:51,395 [pool-433-thread-1] INFO  server.RaftServerConfigKeys (ConfUtils.java:logGet(43)) - raft.server.sleep.deviation.threshold = 300 (default)
2019-09-30 20:13:51,395 [pool-413-thread-1] INFO  server.RaftServerConfigKeys (ConfUtils.java:logGet(43)) - raft.server.log.corruption.policy = EXCEPTION (default)
2019-09-30 20:13:51,395 [pool-433-thread-1] INFO  server.RaftServerConfigKeys (ConfUtils.java:logGet(43)) - raft.server.log.appender.install.snapshot.enabled = false (custom)
2019-09-30 20:13:51,395 [pool-413-thread-1] INFO  storage.RaftStorageDirectory (RaftStorageDirectory.java:analyzeStorage(246)) - The storage directory /workdir/hadoop-ozone/integration-test/target/test-dir/MiniOzoneClusterImpl-cbb98d00-1d2e-480a-8768-230717893271/datanode-3/data/ratis/d77d19ef-b4d3-4c06-b6b3-d042f038cf28 does not exist. Creating ...
2019-09-30 20:13:51,395 [pool-433-thread-1] INFO  impl.RaftServerImpl (ServerState.java:<init>(103)) - c4517376-c315-4c1d-9f15-43e2d96457c0@group-D042F038CF28: ConfigurationManager, init=-1: [d75ee5e7-23bf-4370-89bc-61b60313736b:192.168.164.209:37064, c4517376-c315-4c1d-9f15-43e2d96457c0:192.168.164.209:34923, 0f3e82e6-526a-4e17-84a2-45c646fa5d25:192.168.164.209:37074], old=null, confs=<EMPTY_MAP>
2019-09-30 20:13:51,396 [pool-433-thread-1] INFO  server.RaftServerConfigKeys (ConfUtils.java:logGet(43)) - raft.server.storage.dir = [/workdir/hadoop-ozone/integration-test/target/test-dir/MiniOzoneClusterImpl-cbb98d00-1d2e-480a-8768-230717893271/datanode-5/data/ratis] (custom)
2019-09-30 20:13:51,396 [pool-433-thread-1] INFO  server.RaftServerConfigKeys (ConfUtils.java:logGet(43)) - raft.server.log.corruption.policy = EXCEPTION (default)
2019-09-30 20:13:51,396 [pool-433-thread-1] INFO  storage.RaftStorageDirectory (RaftStorageDirectory.java:analyzeStorage(246)) - The storage directory /workdir/hadoop-ozone/integration-test/target/test-dir/MiniOzoneClusterImpl-cbb98d00-1d2e-480a-8768-230717893271/datanode-5/data/ratis/d77d19ef-b4d3-4c06-b6b3-d042f038cf28 does not exist. Creating ...
2019-09-30 20:13:51,402 [IPC Server handler 4 on 33313] INFO  net.NetworkTopology (NetworkTopologyImpl.java:add(111)) - Added a new node: /default-rack/7655e4ec-53fb-4038-b89e-7f4d548b6388
2019-09-30 20:13:51,402 [main] INFO  ozone.MiniOzoneClusterImpl (MiniOzoneClusterImpl.java:lambda$waitForClusterToBeReady$0(147)) - Cluster is ready. Got 7 of 7 DN Heartbeats.
2019-09-30 20:13:51,402 [IPC Server handler 4 on 33313] INFO  node.SCMNodeManager (SCMNodeManager.java:register(266)) - Registered Data node : 7655e4ec-53fb-4038-b89e-7f4d548b6388{ip: 192.168.164.209, host: pr-hdds-2210-ncz7r-3016196628, networkLocation: /default-rack, certSerialId: null}
2019-09-30 20:13:51,409 [pool-433-thread-1] INFO  storage.RaftStorageDirectory (RaftStorageDirectory.java:tryLock(328)) - Lock on /workdir/hadoop-ozone/integration-test/target/test-dir/MiniOzoneClusterImpl-cbb98d00-1d2e-480a-8768-230717893271/datanode-5/data/ratis/d77d19ef-b4d3-4c06-b6b3-d042f038cf28/in_use.lock acquired by nodename 15730@pr-hdds-2210-ncz7r-3016196628
2019-09-30 20:13:51,409 [pool-423-thread-1] INFO  storage.RaftStorageDirectory (RaftStorageDirectory.java:tryLock(328)) - Lock on /workdir/hadoop-ozone/integration-test/target/test-dir/MiniOzoneClusterImpl-cbb98d00-1d2e-480a-8768-230717893271/datanode-4/data/ratis/d77d19ef-b4d3-4c06-b6b3-d042f038cf28/in_use.lock acquired by nodename 15730@pr-hdds-2210-ncz7r-3016196628
2019-09-30 20:13:51,411 [pool-413-thread-1] INFO  storage.RaftStorageDirectory (RaftStorageDirectory.java:tryLock(328)) - Lock on /workdir/hadoop-ozone/integration-test/target/test-dir/MiniOzoneClusterImpl-cbb98d00-1d2e-480a-8768-230717893271/datanode-3/data/ratis/d77d19ef-b4d3-4c06-b6b3-d042f038cf28/in_use.lock acquired by nodename 15730@pr-hdds-2210-ncz7r-3016196628
2019-09-30 20:13:51,447 [pool-433-thread-1] INFO  storage.RaftStorage (RaftStorage.java:format(84)) - Storage directory /workdir/hadoop-ozone/integration-test/target/test-dir/MiniOzoneClusterImpl-cbb98d00-1d2e-480a-8768-230717893271/datanode-5/data/ratis/d77d19ef-b4d3-4c06-b6b3-d042f038cf28 has been successfully formatted.
2019-09-30 20:13:51,447 [pool-423-thread-1] INFO  storage.RaftStorage (RaftStorage.java:format(84)) - Storage directory /workdir/hadoop-ozone/integration-test/target/test-dir/MiniOzoneClusterImpl-cbb98d00-1d2e-480a-8768-230717893271/datanode-4/data/ratis/d77d19ef-b4d3-4c06-b6b3-d042f038cf28 has been successfully formatted.
2019-09-30 20:13:51,447 [pool-433-thread-1] INFO  ratis.ContainerStateMachine (ContainerStateMachine.java:loadSnapshot(230)) - group-D042F038CF28: The snapshot info is null. Setting the last applied indexto:(t:0, i:~)
2019-09-30 20:13:51,447 [pool-413-thread-1] INFO  storage.RaftStorage (RaftStorage.java:format(84)) - Storage directory /workdir/hadoop-ozone/integration-test/target/test-dir/MiniOzoneClusterImpl-cbb98d00-1d2e-480a-8768-230717893271/datanode-3/data/ratis/d77d19ef-b4d3-4c06-b6b3-d042f038cf28 has been successfully formatted.
2019-09-30 20:13:51,447 [pool-433-thread-1] INFO  server.RaftServerConfigKeys (ConfUtils.java:logGet(43)) - raft.server.notification.no-leader.timeout = 120s (custom)
2019-09-30 20:13:51,454 [pool-433-thread-1] INFO  server.RaftServerConfigKeys (ConfUtils.java:logGet(43)) - raft.server.log.use.memory = false (default)
2019-09-30 20:13:51,447 [pool-423-thread-1] INFO  ratis.ContainerStateMachine (ContainerStateMachine.java:loadSnapshot(230)) - group-D042F038CF28: The snapshot info is null. Setting the last applied indexto:(t:0, i:~)
2019-09-30 20:13:51,454 [pool-433-thread-1] INFO  server.RaftServerConfigKeys (ConfUtils.java:logGet(43)) - raft.server.log.purge.gap = 1000000 (custom)
2019-09-30 20:13:51,447 [pool-413-thread-1] INFO  ratis.ContainerStateMachine (ContainerStateMachine.java:loadSnapshot(230)) - group-D042F038CF28: The snapshot info is null. Setting the last applied indexto:(t:0, i:~)
2019-09-30 20:13:51,454 [pool-433-thread-1] INFO  server.RaftServerConfigKeys (ConfUtils.java:logGet(43)) - raft.server.log.appender.buffer.byte-limit = 33554432 (custom)
2019-09-30 20:13:51,455 [pool-433-thread-1] INFO  server.RaftServerConfigKeys (ConfUtils.java:logGet(43)) - raft.server.log.segment.size.max = 1048576 (custom)
2019-09-30 20:13:51,454 [pool-423-thread-1] INFO  server.RaftServerConfigKeys (ConfUtils.java:logGet(43)) - raft.server.notification.no-leader.timeout = 120s (custom)
2019-09-30 20:13:51,455 [pool-433-thread-1] INFO  server.RaftServerConfigKeys (ConfUtils.java:logGet(43)) - raft.server.log.segment.cache.num.max = 2 (custom)
2019-09-30 20:13:51,455 [pool-433-thread-1] INFO  segmented.SegmentedRaftLogWorker (SegmentedRaftLogWorker.java:<init>(173)) - new c4517376-c315-4c1d-9f15-43e2d96457c0@group-D042F038CF28-SegmentedRaftLogWorker for RaftStorage:Storage Directory /workdir/hadoop-ozone/integration-test/target/test-dir/MiniOzoneClusterImpl-cbb98d00-1d2e-480a-8768-230717893271/datanode-5/data/ratis/d77d19ef-b4d3-4c06-b6b3-d042f038cf28
2019-09-30 20:13:51,455 [pool-413-thread-1] INFO  server.RaftServerConfigKeys (ConfUtils.java:logGet(43)) - raft.server.notification.no-leader.timeout = 120s (custom)
2019-09-30 20:13:51,455 [pool-433-thread-1] INFO  server.RaftServerConfigKeys (ConfUtils.java:logGet(43)) - raft.server.log.queue.byte-limit = 2147483647 (custom)
2019-09-30 20:13:51,455 [pool-423-thread-1] INFO  server.RaftServerConfigKeys (ConfUtils.java:logGet(43)) - raft.server.log.use.memory = false (default)
2019-09-30 20:13:51,456 [pool-433-thread-1] INFO  server.RaftServerConfigKeys (ConfUtils.java:logGet(43)) - raft.server.log.queue.element-limit = 1024 (custom)
2019-09-30 20:13:51,459 [pool-433-thread-1] INFO  server.RaftServerConfigKeys (ConfUtils.java:logGet(43)) - raft.server.log.segment.size.max = 1048576 (custom)
2019-09-30 20:13:51,455 [pool-413-thread-1] INFO  server.RaftServerConfigKeys (ConfUtils.java:logGet(43)) - raft.server.log.use.memory = false (default)
2019-09-30 20:13:51,459 [pool-433-thread-1] INFO  server.RaftServerConfigKeys (ConfUtils.java:logGet(43)) - raft.server.log.preallocated.size = 16384 (custom)
2019-09-30 20:13:51,456 [pool-423-thread-1] INFO  server.RaftServerConfigKeys (ConfUtils.java:logGet(43)) - raft.server.log.purge.gap = 1000000 (custom)
2019-09-30 20:13:51,466 [pool-433-thread-1] INFO  server.RaftServerConfigKeys (ConfUtils.java:logGet(43)) - raft.server.log.write.buffer.size = 33554432 (custom)
2019-09-30 20:13:51,466 [pool-433-thread-1] INFO  server.RaftServerConfigKeys (ConfUtils.java:logGet(43)) - raft.server.log.force.sync.num = 128 (default)
2019-09-30 20:13:51,459 [pool-413-thread-1] INFO  server.RaftServerConfigKeys (ConfUtils.java:logGet(43)) - raft.server.log.purge.gap = 1000000 (custom)
2019-09-30 20:13:51,466 [pool-433-thread-1] INFO  server.RaftServerConfigKeys (ConfUtils.java:logGet(43)) - raft.server.log.statemachine.data.sync = true (default)
2019-09-30 20:13:51,466 [pool-423-thread-1] INFO  server.RaftServerConfigKeys (ConfUtils.java:logGet(43)) - raft.server.log.appender.buffer.byte-limit = 33554432 (custom)
2019-09-30 20:13:51,466 [pool-433-thread-1] INFO  server.RaftServerConfigKeys (ConfUtils.java:logGet(43)) - raft.server.log.statemachine.data.sync.timeout = 10s (default)
2019-09-30 20:13:51,467 [pool-433-thread-1] INFO  server.RaftServerConfigKeys (ConfUtils.java:logGet(43)) - raft.server.log.statemachine.data.sync.timeout.retry = -1 (default)
2019-09-30 20:13:51,466 [pool-413-thread-1] INFO  server.RaftServerConfigKeys (ConfUtils.java:logGet(43)) - raft.server.log.appender.buffer.byte-limit = 33554432 (custom)
2019-09-30 20:13:51,467 [pool-433-thread-1] INFO  server.RaftServerConfigKeys (ConfUtils.java:logGet(43)) - raft.server.log.statemachine.data.caching.enabled = true (custom)
2019-09-30 20:13:51,467 [pool-423-thread-1] INFO  server.RaftServerConfigKeys (ConfUtils.java:logGet(43)) - raft.server.log.segment.size.max = 1048576 (custom)
2019-09-30 20:13:51,467 [pool-433-thread-1] INFO  segmented.SegmentedRaftLogWorker (SegmentedRaftLogWorker.java:lambda$new$0(128)) - c4517376-c315-4c1d-9f15-43e2d96457c0@group-D042F038CF28-SegmentedRaftLogWorker: flushIndex: setUnconditionally 0 -> -1
2019-09-30 20:13:51,467 [pool-413-thread-1] INFO  server.RaftServerConfigKeys (ConfUtils.java:logGet(43)) - raft.server.log.segment.size.max = 1048576 (custom)
2019-09-30 20:13:51,467 [main] INFO  rpc.RpcClient (RpcClient.java:createVolume(276)) - Creating Volume: watchforcommithandlingtest, with jenkins1000 as owner.
2019-09-30 20:13:51,467 [pool-423-thread-1] INFO  server.RaftServerConfigKeys (ConfUtils.java:logGet(43)) - raft.server.log.segment.cache.num.max = 2 (custom)
2019-09-30 20:13:51,468 [pool-433-thread-1] INFO  server.RaftServerConfigKeys (ConfUtils.java:logGet(43)) - raft.server.snapshot.auto.trigger.enabled = true (custom)
2019-09-30 20:13:51,468 [pool-413-thread-1] INFO  server.RaftServerConfigKeys (ConfUtils.java:logGet(43)) - raft.server.log.segment.cache.num.max = 2 (custom)
2019-09-30 20:13:51,468 [pool-433-thread-1] INFO  server.RaftServerConfigKeys (ConfUtils.java:logGet(43)) - raft.server.snapshot.auto.trigger.threshold = 10000 (custom)
2019-09-30 20:13:51,468 [pool-423-thread-1] INFO  segmented.SegmentedRaftLogWorker (SegmentedRaftLogWorker.java:<init>(173)) - new d75ee5e7-23bf-4370-89bc-61b60313736b@group-D042F038CF28-SegmentedRaftLogWorker for RaftStorage:Storage Directory /workdir/hadoop-ozone/integration-test/target/test-dir/MiniOzoneClusterImpl-cbb98d00-1d2e-480a-8768-230717893271/datanode-4/data/ratis/d77d19ef-b4d3-4c06-b6b3-d042f038cf28
2019-09-30 20:13:51,469 [pool-433-thread-1] INFO  server.RaftServerConfigKeys (ConfUtils.java:logGet(43)) - raft.server.snapshot.retention.file.num = 5 (custom)
2019-09-30 20:13:51,469 [pool-413-thread-1] INFO  segmented.SegmentedRaftLogWorker (SegmentedRaftLogWorker.java:<init>(173)) - new 0f3e82e6-526a-4e17-84a2-45c646fa5d25@group-D042F038CF28-SegmentedRaftLogWorker for RaftStorage:Storage Directory /workdir/hadoop-ozone/integration-test/target/test-dir/MiniOzoneClusterImpl-cbb98d00-1d2e-480a-8768-230717893271/datanode-3/data/ratis/d77d19ef-b4d3-4c06-b6b3-d042f038cf28
2019-09-30 20:13:51,469 [pool-433-thread-1] INFO  server.RaftServerConfigKeys (ConfUtils.java:logGet(43)) - raft.server.retrycache.expirytime = 600000ms (custom)
2019-09-30 20:13:51,469 [pool-423-thread-1] INFO  server.RaftServerConfigKeys (ConfUtils.java:logGet(43)) - raft.server.log.queue.byte-limit = 2147483647 (custom)
2019-09-30 20:13:51,469 [pool-413-thread-1] INFO  server.RaftServerConfigKeys (ConfUtils.java:logGet(43)) - raft.server.log.queue.byte-limit = 2147483647 (custom)
2019-09-30 20:13:51,469 [pool-423-thread-1] INFO  server.RaftServerConfigKeys (ConfUtils.java:logGet(43)) - raft.server.log.queue.element-limit = 1024 (custom)
2019-09-30 20:13:51,470 [pool-413-thread-1] INFO  server.RaftServerConfigKeys (ConfUtils.java:logGet(43)) - raft.server.log.queue.element-limit = 1024 (custom)
2019-09-30 20:13:51,470 [pool-423-thread-1] INFO  server.RaftServerConfigKeys (ConfUtils.java:logGet(43)) - raft.server.log.segment.size.max = 1048576 (custom)
2019-09-30 20:13:51,470 [pool-413-thread-1] INFO  server.RaftServerConfigKeys (ConfUtils.java:logGet(43)) - raft.server.log.segment.size.max = 1048576 (custom)
2019-09-30 20:13:51,470 [pool-423-thread-1] INFO  server.RaftServerConfigKeys (ConfUtils.java:logGet(43)) - raft.server.log.preallocated.size = 16384 (custom)
2019-09-30 20:13:51,470 [pool-413-thread-1] INFO  server.RaftServerConfigKeys (ConfUtils.java:logGet(43)) - raft.server.log.preallocated.size = 16384 (custom)
2019-09-30 20:13:51,470 [pool-423-thread-1] INFO  server.RaftServerConfigKeys (ConfUtils.java:logGet(43)) - raft.server.log.write.buffer.size = 33554432 (custom)
2019-09-30 20:13:51,470 [pool-413-thread-1] INFO  server.RaftServerConfigKeys (ConfUtils.java:logGet(43)) - raft.server.log.write.buffer.size = 33554432 (custom)
2019-09-30 20:13:51,470 [pool-423-thread-1] INFO  server.RaftServerConfigKeys (ConfUtils.java:logGet(43)) - raft.server.log.force.sync.num = 128 (default)
2019-09-30 20:13:51,471 [pool-413-thread-1] INFO  server.RaftServerConfigKeys (ConfUtils.java:logGet(43)) - raft.server.log.force.sync.num = 128 (default)
2019-09-30 20:13:51,471 [pool-423-thread-1] INFO  server.RaftServerConfigKeys (ConfUtils.java:logGet(43)) - raft.server.log.statemachine.data.sync = true (default)
2019-09-30 20:13:51,471 [pool-433-thread-1] INFO  impl.RaftServerImpl (RaftServerImpl.java:start(181)) - c4517376-c315-4c1d-9f15-43e2d96457c0@group-D042F038CF28: start as a follower, conf=-1: [d75ee5e7-23bf-4370-89bc-61b60313736b:192.168.164.209:37064, c4517376-c315-4c1d-9f15-43e2d96457c0:192.168.164.209:34923, 0f3e82e6-526a-4e17-84a2-45c646fa5d25:192.168.164.209:37074], old=null
2019-09-30 20:13:51,471 [pool-413-thread-1] INFO  server.RaftServerConfigKeys (ConfUtils.java:logGet(43)) - raft.server.log.statemachine.data.sync = true (default)
2019-09-30 20:13:51,471 [pool-433-thread-1] INFO  impl.RaftServerImpl (RaftServerImpl.java:setRole(170)) - c4517376-c315-4c1d-9f15-43e2d96457c0@group-D042F038CF28: changes role from      null to FOLLOWER at term 0 for startAsFollower
2019-09-30 20:13:51,471 [IPC Server handler 1 on 35187] INFO  volume.OMVolumeCreateRequest (OMVolumeCreateRequest.java:validateAndUpdateCache(194)) - created volume:watchforcommithandlingtest for user:jenkins1000
2019-09-30 20:13:51,471 [pool-423-thread-1] INFO  server.RaftServerConfigKeys (ConfUtils.java:logGet(43)) - raft.server.log.statemachine.data.sync.timeout = 10s (default)
2019-09-30 20:13:51,471 [pool-433-thread-1] INFO  impl.RoleInfo (RoleInfo.java:updateAndGet(143)) - c4517376-c315-4c1d-9f15-43e2d96457c0: start FollowerState
2019-09-30 20:13:51,471 [pool-413-thread-1] INFO  server.RaftServerConfigKeys (ConfUtils.java:logGet(43)) - raft.server.log.statemachine.data.sync.timeout = 10s (default)
2019-09-30 20:13:51,472 [pool-423-thread-1] INFO  server.RaftServerConfigKeys (ConfUtils.java:logGet(43)) - raft.server.log.statemachine.data.sync.timeout.retry = -1 (default)
2019-09-30 20:13:51,472 [pool-433-thread-1] INFO  util.JmxRegister (JmxRegister.java:tryRegister(44)) - Successfully registered JMX Bean with object name Ratis:service=RaftServer,group=group-D042F038CF28,id=c4517376-c315-4c1d-9f15-43e2d96457c0
2019-09-30 20:13:51,472 [pool-413-thread-1] INFO  server.RaftServerConfigKeys (ConfUtils.java:logGet(43)) - raft.server.log.statemachine.data.sync.timeout.retry = -1 (default)
2019-09-30 20:13:51,472 [pool-423-thread-1] INFO  server.RaftServerConfigKeys (ConfUtils.java:logGet(43)) - raft.server.log.statemachine.data.caching.enabled = true (custom)
2019-09-30 20:13:51,473 [pool-413-thread-1] INFO  server.RaftServerConfigKeys (ConfUtils.java:logGet(43)) - raft.server.log.statemachine.data.caching.enabled = true (custom)
2019-09-30 20:13:51,473 [pool-423-thread-1] INFO  segmented.SegmentedRaftLogWorker (SegmentedRaftLogWorker.java:lambda$new$0(128)) - d75ee5e7-23bf-4370-89bc-61b60313736b@group-D042F038CF28-SegmentedRaftLogWorker: flushIndex: setUnconditionally 0 -> -1
2019-09-30 20:13:51,473 [pool-413-thread-1] INFO  segmented.SegmentedRaftLogWorker (SegmentedRaftLogWorker.java:lambda$new$0(128)) - 0f3e82e6-526a-4e17-84a2-45c646fa5d25@group-D042F038CF28-SegmentedRaftLogWorker: flushIndex: setUnconditionally 0 -> -1
2019-09-30 20:13:51,473 [pool-423-thread-1] INFO  server.RaftServerConfigKeys (ConfUtils.java:logGet(43)) - raft.server.snapshot.auto.trigger.enabled = true (custom)
2019-09-30 20:13:51,473 [pool-423-thread-1] INFO  server.RaftServerConfigKeys (ConfUtils.java:logGet(43)) - raft.server.snapshot.auto.trigger.threshold = 10000 (custom)
2019-09-30 20:13:51,473 [pool-413-thread-1] INFO  server.RaftServerConfigKeys (ConfUtils.java:logGet(43)) - raft.server.snapshot.auto.trigger.enabled = true (custom)
2019-09-30 20:13:51,474 [pool-423-thread-1] INFO  server.RaftServerConfigKeys (ConfUtils.java:logGet(43)) - raft.server.snapshot.retention.file.num = 5 (custom)
2019-09-30 20:13:51,474 [pool-413-thread-1] INFO  server.RaftServerConfigKeys (ConfUtils.java:logGet(43)) - raft.server.snapshot.auto.trigger.threshold = 10000 (custom)
2019-09-30 20:13:51,474 [pool-423-thread-1] INFO  server.RaftServerConfigKeys (ConfUtils.java:logGet(43)) - raft.server.retrycache.expirytime = 600000ms (custom)
2019-09-30 20:13:51,477 [pool-413-thread-1] INFO  server.RaftServerConfigKeys (ConfUtils.java:logGet(43)) - raft.server.snapshot.retention.file.num = 5 (custom)
2019-09-30 20:13:51,478 [pool-413-thread-1] INFO  server.RaftServerConfigKeys (ConfUtils.java:logGet(43)) - raft.server.retrycache.expirytime = 600000ms (custom)
2019-09-30 20:13:51,494 [pool-423-thread-1] INFO  impl.RaftServerImpl (RaftServerImpl.java:start(181)) - d75ee5e7-23bf-4370-89bc-61b60313736b@group-D042F038CF28: start as a follower, conf=-1: [d75ee5e7-23bf-4370-89bc-61b60313736b:192.168.164.209:37064, c4517376-c315-4c1d-9f15-43e2d96457c0:192.168.164.209:34923, 0f3e82e6-526a-4e17-84a2-45c646fa5d25:192.168.164.209:37074], old=null
2019-09-30 20:13:51,495 [main] INFO  rpc.RpcClient (RpcClient.java:createBucket(415)) - Creating Bucket: watchforcommithandlingtest/watchforcommithandlingtest, with Versioning false and Storage Type set to DISK and Encryption set to false 
2019-09-30 20:13:51,495 [pool-423-thread-1] INFO  impl.RaftServerImpl (RaftServerImpl.java:setRole(170)) - d75ee5e7-23bf-4370-89bc-61b60313736b@group-D042F038CF28: changes role from      null to FOLLOWER at term 0 for startAsFollower
2019-09-30 20:13:51,495 [pool-423-thread-1] INFO  impl.RoleInfo (RoleInfo.java:updateAndGet(143)) - d75ee5e7-23bf-4370-89bc-61b60313736b: start FollowerState
2019-09-30 20:13:51,495 [pool-413-thread-1] INFO  impl.RaftServerImpl (RaftServerImpl.java:start(181)) - 0f3e82e6-526a-4e17-84a2-45c646fa5d25@group-D042F038CF28: start as a follower, conf=-1: [d75ee5e7-23bf-4370-89bc-61b60313736b:192.168.164.209:37064, c4517376-c315-4c1d-9f15-43e2d96457c0:192.168.164.209:34923, 0f3e82e6-526a-4e17-84a2-45c646fa5d25:192.168.164.209:37074], old=null
2019-09-30 20:13:51,495 [pool-413-thread-1] INFO  impl.RaftServerImpl (RaftServerImpl.java:setRole(170)) - 0f3e82e6-526a-4e17-84a2-45c646fa5d25@group-D042F038CF28: changes role from      null to FOLLOWER at term 0 for startAsFollower
2019-09-30 20:13:51,495 [pool-423-thread-1] INFO  util.JmxRegister (JmxRegister.java:tryRegister(44)) - Successfully registered JMX Bean with object name Ratis:service=RaftServer,group=group-D042F038CF28,id=d75ee5e7-23bf-4370-89bc-61b60313736b
2019-09-30 20:13:51,495 [pool-413-thread-1] INFO  impl.RoleInfo (RoleInfo.java:updateAndGet(143)) - 0f3e82e6-526a-4e17-84a2-45c646fa5d25: start FollowerState
2019-09-30 20:13:51,496 [pool-413-thread-1] INFO  util.JmxRegister (JmxRegister.java:tryRegister(44)) - Successfully registered JMX Bean with object name Ratis:service=RaftServer,group=group-D042F038CF28,id=0f3e82e6-526a-4e17-84a2-45c646fa5d25
2019-09-30 20:13:51,500 [main] INFO  ozone.MiniOzoneClusterImpl (MiniOzoneClusterImpl.java:getStorageContainerLocationClient(234)) - Creating StorageContainerLocationProtocol RPC client with address /0.0.0.0:35886
2019-09-30 20:13:51,508 [RatisPipelineUtilsThread] INFO  pipeline.PipelineStateManager (PipelineStateManager.java:addPipeline(56)) - Created pipeline Pipeline[ Id: d77d19ef-b4d3-4c06-b6b3-d042f038cf28, Nodes: d75ee5e7-23bf-4370-89bc-61b60313736b{ip: 192.168.164.209, host: pr-hdds-2210-ncz7r-3016196628, networkLocation: /default-rack, certSerialId: null}c4517376-c315-4c1d-9f15-43e2d96457c0{ip: 192.168.164.209, host: pr-hdds-2210-ncz7r-3016196628, networkLocation: /default-rack, certSerialId: null}0f3e82e6-526a-4e17-84a2-45c646fa5d25{ip: 192.168.164.209, host: pr-hdds-2210-ncz7r-3016196628, networkLocation: /default-rack, certSerialId: null}, Type:RATIS, Factor:THREE, State:OPEN]
2019-09-30 20:13:52,746 [grpc-default-executor-0] WARN  server.GrpcLogAppender (LogUtils.java:warn(134)) - fdb07fac-a038-4dd2-bf3a-e692e6ea73ee@group-8ED5B5EAAF88->0c62d7ee-acdc-4014-b8e4-a22ebcbdb566-AppendLogResponseHandler: Failed appendEntries: org.apache.ratis.thirdparty.io.grpc.StatusRuntimeException: UNAVAILABLE: io exception
2019-09-30 20:13:52,746 [grpc-default-executor-2] WARN  server.GrpcLogAppender (LogUtils.java:warn(134)) - fdb07fac-a038-4dd2-bf3a-e692e6ea73ee@group-8ED5B5EAAF88->e3cd7ddd-71e6-4087-b78a-a2f343ce8905-AppendLogResponseHandler: Failed appendEntries: org.apache.ratis.thirdparty.io.grpc.StatusRuntimeException: UNAVAILABLE: io exception
2019-09-30 20:13:52,752 [grpc-default-executor-0] INFO  impl.FollowerInfo (FollowerInfo.java:lambda$new$0(51)) - fdb07fac-a038-4dd2-bf3a-e692e6ea73ee@group-8ED5B5EAAF88->0c62d7ee-acdc-4014-b8e4-a22ebcbdb566: nextIndex: updateUnconditionally 0 -> 0
2019-09-30 20:13:52,752 [grpc-default-executor-2] INFO  impl.FollowerInfo (FollowerInfo.java:lambda$new$0(51)) - fdb07fac-a038-4dd2-bf3a-e692e6ea73ee@group-8ED5B5EAAF88->e3cd7ddd-71e6-4087-b78a-a2f343ce8905: nextIndex: updateUnconditionally 0 -> 0
2019-09-30 20:13:53,832 [Thread-2302] INFO  container.ReplicationManager (ReplicationManager.java:start(162)) - Starting Replication Monitor Thread.
2019-09-30 20:13:53,838 [ReplicationMonitor] INFO  container.ReplicationManager (ReplicationManager.java:run(225)) - Replication Monitor Thread took 0 milliseconds for processing 1 containers.
2019-09-30 20:13:55,248 [grpc-default-executor-6] WARN  server.GrpcLogAppender (LogUtils.java:warn(134)) - fdb07fac-a038-4dd2-bf3a-e692e6ea73ee@group-8ED5B5EAAF88->0c62d7ee-acdc-4014-b8e4-a22ebcbdb566-AppendLogResponseHandler: Failed appendEntries: org.apache.ratis.thirdparty.io.grpc.StatusRuntimeException: UNAVAILABLE: io exception
2019-09-30 20:13:55,248 [grpc-default-executor-7] WARN  server.GrpcLogAppender (LogUtils.java:warn(134)) - fdb07fac-a038-4dd2-bf3a-e692e6ea73ee@group-8ED5B5EAAF88->e3cd7ddd-71e6-4087-b78a-a2f343ce8905-AppendLogResponseHandler: Failed appendEntries: org.apache.ratis.thirdparty.io.grpc.StatusRuntimeException: UNAVAILABLE: io exception
2019-09-30 20:13:55,248 [grpc-default-executor-6] INFO  impl.FollowerInfo (FollowerInfo.java:lambda$new$0(51)) - fdb07fac-a038-4dd2-bf3a-e692e6ea73ee@group-8ED5B5EAAF88->0c62d7ee-acdc-4014-b8e4-a22ebcbdb566: nextIndex: updateUnconditionally 0 -> 0
2019-09-30 20:13:55,248 [grpc-default-executor-7] INFO  impl.FollowerInfo (FollowerInfo.java:lambda$new$0(51)) - fdb07fac-a038-4dd2-bf3a-e692e6ea73ee@group-8ED5B5EAAF88->e3cd7ddd-71e6-4087-b78a-a2f343ce8905: nextIndex: updateUnconditionally 0 -> 0
2019-09-30 20:13:56,022 [Thread-2304] INFO  impl.FollowerState (FollowerState.java:run(108)) - 565b4a1d-50e8-4bff-86d8-798d26741c85@group-FB14FE6D6B05-FollowerState: change to CANDIDATE, lastRpcTime:5144ms, electionTimeout:5144ms
2019-09-30 20:13:56,022 [Thread-2304] INFO  impl.RoleInfo (RoleInfo.java:shutdownFollowerState(121)) - 565b4a1d-50e8-4bff-86d8-798d26741c85: shutdown FollowerState
2019-09-30 20:13:56,022 [Thread-2304] INFO  impl.RaftServerImpl (RaftServerImpl.java:setRole(170)) - 565b4a1d-50e8-4bff-86d8-798d26741c85@group-FB14FE6D6B05: changes role from  FOLLOWER to CANDIDATE at term 0 for changeToCandidate
2019-09-30 20:13:56,022 [Thread-2304] INFO  impl.RoleInfo (RoleInfo.java:updateAndGet(143)) - 565b4a1d-50e8-4bff-86d8-798d26741c85: start LeaderElection
2019-09-30 20:13:56,037 [Thread-2307] INFO  impl.FollowerState (FollowerState.java:run(108)) - 659ad155-1646-4a84-a8b7-881b8f767b07@group-E545A8A01EA8-FollowerState: change to CANDIDATE, lastRpcTime:5093ms, electionTimeout:5093ms
2019-09-30 20:13:56,037 [Thread-2307] INFO  impl.RoleInfo (RoleInfo.java:shutdownFollowerState(121)) - 659ad155-1646-4a84-a8b7-881b8f767b07: shutdown FollowerState
2019-09-30 20:13:56,037 [Thread-2307] INFO  impl.RaftServerImpl (RaftServerImpl.java:setRole(170)) - 659ad155-1646-4a84-a8b7-881b8f767b07@group-E545A8A01EA8: changes role from  FOLLOWER to CANDIDATE at term 0 for changeToCandidate
2019-09-30 20:13:56,038 [Thread-2307] INFO  impl.RoleInfo (RoleInfo.java:updateAndGet(143)) - 659ad155-1646-4a84-a8b7-881b8f767b07: start LeaderElection
2019-09-30 20:13:56,050 [565b4a1d-50e8-4bff-86d8-798d26741c85@group-FB14FE6D6B05-LeaderElection78] INFO  impl.LeaderElection (LeaderElection.java:askForVotes(178)) - 565b4a1d-50e8-4bff-86d8-798d26741c85@group-FB14FE6D6B05-LeaderElection78: begin an election at term 1 for -1: [565b4a1d-50e8-4bff-86d8-798d26741c85:192.168.164.209:32983], old=null
2019-09-30 20:13:56,050 [565b4a1d-50e8-4bff-86d8-798d26741c85@group-FB14FE6D6B05-LeaderElection78] INFO  impl.RoleInfo (RoleInfo.java:shutdownLeaderElection(134)) - 565b4a1d-50e8-4bff-86d8-798d26741c85: shutdown LeaderElection
2019-09-30 20:13:56,050 [565b4a1d-50e8-4bff-86d8-798d26741c85@group-FB14FE6D6B05-LeaderElection78] INFO  impl.RaftServerImpl (RaftServerImpl.java:setRole(170)) - 565b4a1d-50e8-4bff-86d8-798d26741c85@group-FB14FE6D6B05: changes role from CANDIDATE to LEADER at term 1 for changeToLeader
2019-09-30 20:13:56,051 [565b4a1d-50e8-4bff-86d8-798d26741c85@group-FB14FE6D6B05-LeaderElection78] INFO  impl.RaftServerImpl (ServerState.java:setLeader(255)) - 565b4a1d-50e8-4bff-86d8-798d26741c85@group-FB14FE6D6B05: change Leader from null to 565b4a1d-50e8-4bff-86d8-798d26741c85 at term 1 for becomeLeader, leader elected after 5180ms
2019-09-30 20:13:56,051 [565b4a1d-50e8-4bff-86d8-798d26741c85@group-FB14FE6D6B05-LeaderElection78] INFO  server.RaftServerConfigKeys (ConfUtils.java:logGet(43)) - raft.server.staging.catchup.gap = 1000 (default)
2019-09-30 20:13:56,051 [565b4a1d-50e8-4bff-86d8-798d26741c85@group-FB14FE6D6B05-LeaderElection78] INFO  server.RaftServerConfigKeys (ConfUtils.java:logGet(43)) - raft.server.rpc.sleep.time = 25ms (default)
2019-09-30 20:13:56,051 [565b4a1d-50e8-4bff-86d8-798d26741c85@group-FB14FE6D6B05-LeaderElection78] INFO  server.RaftServerConfigKeys (ConfUtils.java:logGet(43)) - raft.server.write.element-limit = 4096 (default)
2019-09-30 20:13:56,051 [565b4a1d-50e8-4bff-86d8-798d26741c85@group-FB14FE6D6B05-LeaderElection78] INFO  server.RaftServerConfigKeys (ConfUtils.java:logGet(43)) - raft.server.watch.timeout = 10s (default)
2019-09-30 20:13:56,052 [565b4a1d-50e8-4bff-86d8-798d26741c85@group-FB14FE6D6B05-LeaderElection78] INFO  server.RaftServerConfigKeys (ConfUtils.java:logGet(43)) - raft.server.watch.timeout.denomination = 1s (default)
2019-09-30 20:13:56,052 [565b4a1d-50e8-4bff-86d8-798d26741c85@group-FB14FE6D6B05-LeaderElection78] INFO  server.RaftServerConfigKeys (ConfUtils.java:logGet(43)) - raft.server.watch.element-limit = 65536 (default)
2019-09-30 20:13:56,053 [659ad155-1646-4a84-a8b7-881b8f767b07@group-E545A8A01EA8-LeaderElection79] INFO  impl.LeaderElection (LeaderElection.java:askForVotes(178)) - 659ad155-1646-4a84-a8b7-881b8f767b07@group-E545A8A01EA8-LeaderElection79: begin an election at term 1 for -1: [659ad155-1646-4a84-a8b7-881b8f767b07:192.168.164.209:35868], old=null
2019-09-30 20:13:56,053 [659ad155-1646-4a84-a8b7-881b8f767b07@group-E545A8A01EA8-LeaderElection79] INFO  impl.RoleInfo (RoleInfo.java:shutdownLeaderElection(134)) - 659ad155-1646-4a84-a8b7-881b8f767b07: shutdown LeaderElection
2019-09-30 20:13:56,053 [659ad155-1646-4a84-a8b7-881b8f767b07@group-E545A8A01EA8-LeaderElection79] INFO  impl.RaftServerImpl (RaftServerImpl.java:setRole(170)) - 659ad155-1646-4a84-a8b7-881b8f767b07@group-E545A8A01EA8: changes role from CANDIDATE to LEADER at term 1 for changeToLeader
2019-09-30 20:13:56,053 [659ad155-1646-4a84-a8b7-881b8f767b07@group-E545A8A01EA8-LeaderElection79] INFO  impl.RaftServerImpl (ServerState.java:setLeader(255)) - 659ad155-1646-4a84-a8b7-881b8f767b07@group-E545A8A01EA8: change Leader from null to 659ad155-1646-4a84-a8b7-881b8f767b07 at term 1 for becomeLeader, leader elected after 5114ms
2019-09-30 20:13:56,053 [659ad155-1646-4a84-a8b7-881b8f767b07@group-E545A8A01EA8-LeaderElection79] INFO  server.RaftServerConfigKeys (ConfUtils.java:logGet(43)) - raft.server.staging.catchup.gap = 1000 (default)
2019-09-30 20:13:56,053 [659ad155-1646-4a84-a8b7-881b8f767b07@group-E545A8A01EA8-LeaderElection79] INFO  server.RaftServerConfigKeys (ConfUtils.java:logGet(43)) - raft.server.rpc.sleep.time = 25ms (default)
2019-09-30 20:13:56,053 [659ad155-1646-4a84-a8b7-881b8f767b07@group-E545A8A01EA8-LeaderElection79] INFO  server.RaftServerConfigKeys (ConfUtils.java:logGet(43)) - raft.server.write.element-limit = 4096 (default)
2019-09-30 20:13:56,054 [659ad155-1646-4a84-a8b7-881b8f767b07@group-E545A8A01EA8-LeaderElection79] INFO  server.RaftServerConfigKeys (ConfUtils.java:logGet(43)) - raft.server.watch.timeout = 10s (default)
2019-09-30 20:13:56,054 [659ad155-1646-4a84-a8b7-881b8f767b07@group-E545A8A01EA8-LeaderElection79] INFO  server.RaftServerConfigKeys (ConfUtils.java:logGet(43)) - raft.server.watch.timeout.denomination = 1s (default)
2019-09-30 20:13:56,054 [659ad155-1646-4a84-a8b7-881b8f767b07@group-E545A8A01EA8-LeaderElection79] INFO  server.RaftServerConfigKeys (ConfUtils.java:logGet(43)) - raft.server.watch.element-limit = 65536 (default)
2019-09-30 20:13:56,054 [565b4a1d-50e8-4bff-86d8-798d26741c85@group-FB14FE6D6B05-LeaderElection78] INFO  impl.RoleInfo (RoleInfo.java:updateAndGet(143)) - 565b4a1d-50e8-4bff-86d8-798d26741c85: start LeaderState
2019-09-30 20:13:56,054 [565b4a1d-50e8-4bff-86d8-798d26741c85@group-FB14FE6D6B05-LeaderElection78] INFO  segmented.SegmentedRaftLogWorker (SegmentedRaftLogWorker.java:startLogSegment(385)) - 565b4a1d-50e8-4bff-86d8-798d26741c85@group-FB14FE6D6B05-SegmentedRaftLogWorker: Starting segment from index:0
2019-09-30 20:13:56,055 [565b4a1d-50e8-4bff-86d8-798d26741c85@group-FB14FE6D6B05-LeaderElection78] INFO  impl.RaftServerImpl (ServerState.java:setRaftConf(356)) - 565b4a1d-50e8-4bff-86d8-798d26741c85@group-FB14FE6D6B05: set configuration 0: [565b4a1d-50e8-4bff-86d8-798d26741c85:192.168.164.209:32983], old=null at 0
2019-09-30 20:13:56,055 [659ad155-1646-4a84-a8b7-881b8f767b07@group-E545A8A01EA8-LeaderElection79] INFO  impl.RoleInfo (RoleInfo.java:updateAndGet(143)) - 659ad155-1646-4a84-a8b7-881b8f767b07: start LeaderState
2019-09-30 20:13:56,056 [659ad155-1646-4a84-a8b7-881b8f767b07@group-E545A8A01EA8-LeaderElection79] INFO  segmented.SegmentedRaftLogWorker (SegmentedRaftLogWorker.java:startLogSegment(385)) - 659ad155-1646-4a84-a8b7-881b8f767b07@group-E545A8A01EA8-SegmentedRaftLogWorker: Starting segment from index:0
2019-09-30 20:13:56,056 [659ad155-1646-4a84-a8b7-881b8f767b07@group-E545A8A01EA8-LeaderElection79] INFO  impl.RaftServerImpl (ServerState.java:setRaftConf(356)) - 659ad155-1646-4a84-a8b7-881b8f767b07@group-E545A8A01EA8: set configuration 0: [659ad155-1646-4a84-a8b7-881b8f767b07:192.168.164.209:35868], old=null at 0
2019-09-30 20:13:56,081 [565b4a1d-50e8-4bff-86d8-798d26741c85@group-FB14FE6D6B05-SegmentedRaftLogWorker] INFO  segmented.SegmentedRaftLogWorker (SegmentedRaftLogWorker.java:execute(574)) - 565b4a1d-50e8-4bff-86d8-798d26741c85@group-FB14FE6D6B05-SegmentedRaftLogWorker: created new log segment /workdir/hadoop-ozone/integration-test/target/test-dir/MiniOzoneClusterImpl-cbb98d00-1d2e-480a-8768-230717893271/datanode-0/data/ratis/1ed0c34c-13dc-475d-ab7b-fb14fe6d6b05/current/log_inprogress_0
2019-09-30 20:13:56,095 [659ad155-1646-4a84-a8b7-881b8f767b07@group-E545A8A01EA8-SegmentedRaftLogWorker] INFO  segmented.SegmentedRaftLogWorker (SegmentedRaftLogWorker.java:execute(574)) - 659ad155-1646-4a84-a8b7-881b8f767b07@group-E545A8A01EA8-SegmentedRaftLogWorker: created new log segment /workdir/hadoop-ozone/integration-test/target/test-dir/MiniOzoneClusterImpl-cbb98d00-1d2e-480a-8768-230717893271/datanode-1/data/ratis/d8d1f1bc-c095-4c6a-ac1b-e545a8a01ea8/current/log_inprogress_0
2019-09-30 20:13:56,120 [Thread-2310] INFO  impl.FollowerState (FollowerState.java:run(108)) - 85c3c454-62b1-4588-ba3a-62b937fadb3f@group-8B270275E797-FollowerState: change to CANDIDATE, lastRpcTime:5060ms, electionTimeout:5060ms
2019-09-30 20:13:56,121 [Thread-2310] INFO  impl.RoleInfo (RoleInfo.java:shutdownFollowerState(121)) - 85c3c454-62b1-4588-ba3a-62b937fadb3f: shutdown FollowerState
2019-09-30 20:13:56,121 [Thread-2310] INFO  impl.RaftServerImpl (RaftServerImpl.java:setRole(170)) - 85c3c454-62b1-4588-ba3a-62b937fadb3f@group-8B270275E797: changes role from  FOLLOWER to CANDIDATE at term 0 for changeToCandidate
2019-09-30 20:13:56,121 [Thread-2310] INFO  impl.RoleInfo (RoleInfo.java:updateAndGet(143)) - 85c3c454-62b1-4588-ba3a-62b937fadb3f: start LeaderElection
2019-09-30 20:13:56,146 [Thread-2316] INFO  impl.FollowerState (FollowerState.java:run(108)) - 659ad155-1646-4a84-a8b7-881b8f767b07@group-E420B1E8A2B5-FollowerState: change to CANDIDATE, lastRpcTime:5027ms, electionTimeout:5027ms
2019-09-30 20:13:56,146 [Thread-2316] INFO  impl.RoleInfo (RoleInfo.java:shutdownFollowerState(121)) - 659ad155-1646-4a84-a8b7-881b8f767b07: shutdown FollowerState
2019-09-30 20:13:56,146 [Thread-2316] INFO  impl.RaftServerImpl (RaftServerImpl.java:setRole(170)) - 659ad155-1646-4a84-a8b7-881b8f767b07@group-E420B1E8A2B5: changes role from  FOLLOWER to CANDIDATE at term 0 for changeToCandidate
2019-09-30 20:13:56,146 [Thread-2316] INFO  impl.RoleInfo (RoleInfo.java:updateAndGet(143)) - 659ad155-1646-4a84-a8b7-881b8f767b07: start LeaderElection
2019-09-30 20:13:56,153 [85c3c454-62b1-4588-ba3a-62b937fadb3f@group-8B270275E797-LeaderElection80] INFO  impl.LeaderElection (LeaderElection.java:askForVotes(178)) - 85c3c454-62b1-4588-ba3a-62b937fadb3f@group-8B270275E797-LeaderElection80: begin an election at term 1 for -1: [85c3c454-62b1-4588-ba3a-62b937fadb3f:192.168.164.209:35457], old=null
2019-09-30 20:13:56,153 [85c3c454-62b1-4588-ba3a-62b937fadb3f@group-8B270275E797-LeaderElection80] INFO  impl.RoleInfo (RoleInfo.java:shutdownLeaderElection(134)) - 85c3c454-62b1-4588-ba3a-62b937fadb3f: shutdown LeaderElection
2019-09-30 20:13:56,154 [85c3c454-62b1-4588-ba3a-62b937fadb3f@group-8B270275E797-LeaderElection80] INFO  impl.RaftServerImpl (RaftServerImpl.java:setRole(170)) - 85c3c454-62b1-4588-ba3a-62b937fadb3f@group-8B270275E797: changes role from CANDIDATE to LEADER at term 1 for changeToLeader
2019-09-30 20:13:56,154 [85c3c454-62b1-4588-ba3a-62b937fadb3f@group-8B270275E797-LeaderElection80] INFO  impl.RaftServerImpl (ServerState.java:setLeader(255)) - 85c3c454-62b1-4588-ba3a-62b937fadb3f@group-8B270275E797: change Leader from null to 85c3c454-62b1-4588-ba3a-62b937fadb3f at term 1 for becomeLeader, leader elected after 5099ms
2019-09-30 20:13:56,154 [85c3c454-62b1-4588-ba3a-62b937fadb3f@group-8B270275E797-LeaderElection80] INFO  server.RaftServerConfigKeys (ConfUtils.java:logGet(43)) - raft.server.staging.catchup.gap = 1000 (default)
2019-09-30 20:13:56,154 [85c3c454-62b1-4588-ba3a-62b937fadb3f@group-8B270275E797-LeaderElection80] INFO  server.RaftServerConfigKeys (ConfUtils.java:logGet(43)) - raft.server.rpc.sleep.time = 25ms (default)
2019-09-30 20:13:56,154 [85c3c454-62b1-4588-ba3a-62b937fadb3f@group-8B270275E797-LeaderElection80] INFO  server.RaftServerConfigKeys (ConfUtils.java:logGet(43)) - raft.server.write.element-limit = 4096 (default)
2019-09-30 20:13:56,154 [85c3c454-62b1-4588-ba3a-62b937fadb3f@group-8B270275E797-LeaderElection80] INFO  server.RaftServerConfigKeys (ConfUtils.java:logGet(43)) - raft.server.watch.timeout = 10s (default)
2019-09-30 20:13:56,154 [85c3c454-62b1-4588-ba3a-62b937fadb3f@group-8B270275E797-LeaderElection80] INFO  server.RaftServerConfigKeys (ConfUtils.java:logGet(43)) - raft.server.watch.timeout.denomination = 1s (default)
2019-09-30 20:13:56,154 [85c3c454-62b1-4588-ba3a-62b937fadb3f@group-8B270275E797-LeaderElection80] INFO  server.RaftServerConfigKeys (ConfUtils.java:logGet(43)) - raft.server.watch.element-limit = 65536 (default)
2019-09-30 20:13:56,156 [85c3c454-62b1-4588-ba3a-62b937fadb3f@group-8B270275E797-LeaderElection80] INFO  impl.RoleInfo (RoleInfo.java:updateAndGet(143)) - 85c3c454-62b1-4588-ba3a-62b937fadb3f: start LeaderState
2019-09-30 20:13:56,156 [85c3c454-62b1-4588-ba3a-62b937fadb3f@group-8B270275E797-LeaderElection80] INFO  segmented.SegmentedRaftLogWorker (SegmentedRaftLogWorker.java:startLogSegment(385)) - 85c3c454-62b1-4588-ba3a-62b937fadb3f@group-8B270275E797-SegmentedRaftLogWorker: Starting segment from index:0
2019-09-30 20:13:56,156 [85c3c454-62b1-4588-ba3a-62b937fadb3f@group-8B270275E797-LeaderElection80] INFO  impl.RaftServerImpl (ServerState.java:setRaftConf(356)) - 85c3c454-62b1-4588-ba3a-62b937fadb3f@group-8B270275E797: set configuration 0: [85c3c454-62b1-4588-ba3a-62b937fadb3f:192.168.164.209:35457], old=null at 0
2019-09-30 20:13:56,175 [659ad155-1646-4a84-a8b7-881b8f767b07@group-E420B1E8A2B5-LeaderElection81] INFO  impl.LeaderElection (LeaderElection.java:askForVotes(178)) - 659ad155-1646-4a84-a8b7-881b8f767b07@group-E420B1E8A2B5-LeaderElection81: begin an election at term 1 for -1: [85c3c454-62b1-4588-ba3a-62b937fadb3f:192.168.164.209:35457, 659ad155-1646-4a84-a8b7-881b8f767b07:192.168.164.209:35868, 565b4a1d-50e8-4bff-86d8-798d26741c85:192.168.164.209:32983], old=null
2019-09-30 20:13:56,179 [grpc-default-executor-6] INFO  impl.RaftServerImpl (RaftServerImpl.java:setRole(170)) - 85c3c454-62b1-4588-ba3a-62b937fadb3f@group-E420B1E8A2B5: changes role from  FOLLOWER to FOLLOWER at term 1 for recognizeCandidate:659ad155-1646-4a84-a8b7-881b8f767b07
2019-09-30 20:13:56,184 [grpc-default-executor-7] INFO  impl.RaftServerImpl (RaftServerImpl.java:setRole(170)) - 565b4a1d-50e8-4bff-86d8-798d26741c85@group-E420B1E8A2B5: changes role from  FOLLOWER to FOLLOWER at term 1 for recognizeCandidate:659ad155-1646-4a84-a8b7-881b8f767b07
2019-09-30 20:13:56,184 [grpc-default-executor-6] INFO  impl.RoleInfo (RoleInfo.java:shutdownFollowerState(121)) - 85c3c454-62b1-4588-ba3a-62b937fadb3f: shutdown FollowerState
2019-09-30 20:13:56,185 [grpc-default-executor-7] INFO  impl.RoleInfo (RoleInfo.java:shutdownFollowerState(121)) - 565b4a1d-50e8-4bff-86d8-798d26741c85: shutdown FollowerState
2019-09-30 20:13:56,185 [grpc-default-executor-6] INFO  impl.RoleInfo (RoleInfo.java:updateAndGet(143)) - 85c3c454-62b1-4588-ba3a-62b937fadb3f: start FollowerState
2019-09-30 20:13:56,185 [Thread-2318] INFO  impl.FollowerState (FollowerState.java:run(117)) - 85c3c454-62b1-4588-ba3a-62b937fadb3f@group-E420B1E8A2B5-FollowerState was interrupted: java.lang.InterruptedException: sleep interrupted
2019-09-30 20:13:56,185 [grpc-default-executor-7] INFO  impl.RoleInfo (RoleInfo.java:updateAndGet(143)) - 565b4a1d-50e8-4bff-86d8-798d26741c85: start FollowerState
2019-09-30 20:13:56,185 [Thread-2314] INFO  impl.FollowerState (FollowerState.java:run(117)) - 565b4a1d-50e8-4bff-86d8-798d26741c85@group-E420B1E8A2B5-FollowerState was interrupted: java.lang.InterruptedException: sleep interrupted
2019-09-30 20:13:56,191 [85c3c454-62b1-4588-ba3a-62b937fadb3f@group-8B270275E797-SegmentedRaftLogWorker] INFO  segmented.SegmentedRaftLogWorker (SegmentedRaftLogWorker.java:execute(574)) - 85c3c454-62b1-4588-ba3a-62b937fadb3f@group-8B270275E797-SegmentedRaftLogWorker: created new log segment /workdir/hadoop-ozone/integration-test/target/test-dir/MiniOzoneClusterImpl-cbb98d00-1d2e-480a-8768-230717893271/datanode-2/data/ratis/43beaf02-7a42-4111-b1b8-8b270275e797/current/log_inprogress_0
2019-09-30 20:13:56,230 [659ad155-1646-4a84-a8b7-881b8f767b07@group-E420B1E8A2B5-LeaderElection81] INFO  impl.LeaderElection (LeaderElection.java:logAndReturn(56)) - 659ad155-1646-4a84-a8b7-881b8f767b07@group-E420B1E8A2B5-LeaderElection81: Election PASSED; received 1 response(s) [659ad155-1646-4a84-a8b7-881b8f767b07<-85c3c454-62b1-4588-ba3a-62b937fadb3f#0:OK-t1] and 0 exception(s); 659ad155-1646-4a84-a8b7-881b8f767b07@group-E420B1E8A2B5:t1, leader=null, voted=659ad155-1646-4a84-a8b7-881b8f767b07, raftlog=659ad155-1646-4a84-a8b7-881b8f767b07@group-E420B1E8A2B5-SegmentedRaftLog:OPENED:c-1,f-1,i0, conf=-1: [85c3c454-62b1-4588-ba3a-62b937fadb3f:192.168.164.209:35457, 659ad155-1646-4a84-a8b7-881b8f767b07:192.168.164.209:35868, 565b4a1d-50e8-4bff-86d8-798d26741c85:192.168.164.209:32983], old=null
2019-09-30 20:13:56,230 [659ad155-1646-4a84-a8b7-881b8f767b07@group-E420B1E8A2B5-LeaderElection81] INFO  impl.RoleInfo (RoleInfo.java:shutdownLeaderElection(134)) - 659ad155-1646-4a84-a8b7-881b8f767b07: shutdown LeaderElection
2019-09-30 20:13:56,230 [659ad155-1646-4a84-a8b7-881b8f767b07@group-E420B1E8A2B5-LeaderElection81] INFO  impl.RaftServerImpl (RaftServerImpl.java:setRole(170)) - 659ad155-1646-4a84-a8b7-881b8f767b07@group-E420B1E8A2B5: changes role from CANDIDATE to LEADER at term 1 for changeToLeader
2019-09-30 20:13:56,230 [659ad155-1646-4a84-a8b7-881b8f767b07@group-E420B1E8A2B5-LeaderElection81] INFO  impl.RaftServerImpl (ServerState.java:setLeader(255)) - 659ad155-1646-4a84-a8b7-881b8f767b07@group-E420B1E8A2B5: change Leader from null to 659ad155-1646-4a84-a8b7-881b8f767b07 at term 1 for becomeLeader, leader elected after 5123ms
2019-09-30 20:13:56,231 [659ad155-1646-4a84-a8b7-881b8f767b07@group-E420B1E8A2B5-LeaderElection81] INFO  server.RaftServerConfigKeys (ConfUtils.java:logGet(43)) - raft.server.staging.catchup.gap = 1000 (default)
2019-09-30 20:13:56,231 [659ad155-1646-4a84-a8b7-881b8f767b07@group-E420B1E8A2B5-LeaderElection81] INFO  server.RaftServerConfigKeys (ConfUtils.java:logGet(43)) - raft.server.rpc.sleep.time = 25ms (default)
2019-09-30 20:13:56,231 [659ad155-1646-4a84-a8b7-881b8f767b07@group-E420B1E8A2B5-LeaderElection81] INFO  server.RaftServerConfigKeys (ConfUtils.java:logGet(43)) - raft.server.write.element-limit = 4096 (default)
2019-09-30 20:13:56,231 [659ad155-1646-4a84-a8b7-881b8f767b07@group-E420B1E8A2B5-LeaderElection81] INFO  server.RaftServerConfigKeys (ConfUtils.java:logGet(43)) - raft.server.watch.timeout = 10s (default)
2019-09-30 20:13:56,231 [659ad155-1646-4a84-a8b7-881b8f767b07@group-E420B1E8A2B5-LeaderElection81] INFO  server.RaftServerConfigKeys (ConfUtils.java:logGet(43)) - raft.server.watch.timeout.denomination = 1s (default)
2019-09-30 20:13:56,231 [659ad155-1646-4a84-a8b7-881b8f767b07@group-E420B1E8A2B5-LeaderElection81] INFO  server.RaftServerConfigKeys (ConfUtils.java:logGet(43)) - raft.server.watch.element-limit = 65536 (default)
2019-09-30 20:13:56,240 [659ad155-1646-4a84-a8b7-881b8f767b07@group-E420B1E8A2B5-LeaderElection81] INFO  server.RaftServerConfigKeys (ConfUtils.java:logGet(43)) - raft.server.log.appender.snapshot.chunk.size.max = 16MB (=16777216) (default)
2019-09-30 20:13:56,240 [659ad155-1646-4a84-a8b7-881b8f767b07@group-E420B1E8A2B5-LeaderElection81] INFO  server.RaftServerConfigKeys (ConfUtils.java:logGet(43)) - raft.server.log.appender.buffer.byte-limit = 33554432 (custom)
2019-09-30 20:13:56,240 [659ad155-1646-4a84-a8b7-881b8f767b07@group-E420B1E8A2B5-LeaderElection81] INFO  server.RaftServerConfigKeys (ConfUtils.java:logGet(43)) - raft.server.log.appender.buffer.element-limit = 1 (custom)
2019-09-30 20:13:56,240 [659ad155-1646-4a84-a8b7-881b8f767b07@group-E420B1E8A2B5-LeaderElection81] INFO  grpc.GrpcConfigKeys$Server (ConfUtils.java:logGet(43)) - raft.grpc.server.leader.outstanding.appends.max = 128 (default)
2019-09-30 20:13:56,241 [659ad155-1646-4a84-a8b7-881b8f767b07@group-E420B1E8A2B5-LeaderElection81] INFO  server.RaftServerConfigKeys (ConfUtils.java:logGet(43)) - raft.server.rpc.request.timeout = 3000ms (default)
2019-09-30 20:13:56,241 [659ad155-1646-4a84-a8b7-881b8f767b07@group-E420B1E8A2B5-LeaderElection81] INFO  server.RaftServerConfigKeys (ConfUtils.java:logGet(43)) - raft.server.log.appender.install.snapshot.enabled = false (custom)
2019-09-30 20:13:56,241 [659ad155-1646-4a84-a8b7-881b8f767b07@group-E420B1E8A2B5-LeaderElection81] INFO  server.RaftServerConfigKeys (ConfUtils.java:logGet(43)) - raft.server.log.appender.snapshot.chunk.size.max = 16MB (=16777216) (default)
2019-09-30 20:13:56,241 [659ad155-1646-4a84-a8b7-881b8f767b07@group-E420B1E8A2B5-LeaderElection81] INFO  server.RaftServerConfigKeys (ConfUtils.java:logGet(43)) - raft.server.log.appender.buffer.byte-limit = 33554432 (custom)
2019-09-30 20:13:56,241 [659ad155-1646-4a84-a8b7-881b8f767b07@group-E420B1E8A2B5-LeaderElection81] INFO  server.RaftServerConfigKeys (ConfUtils.java:logGet(43)) - raft.server.log.appender.buffer.element-limit = 1 (custom)
2019-09-30 20:13:56,242 [659ad155-1646-4a84-a8b7-881b8f767b07@group-E420B1E8A2B5-LeaderElection81] INFO  grpc.GrpcConfigKeys$Server (ConfUtils.java:logGet(43)) - raft.grpc.server.leader.outstanding.appends.max = 128 (default)
2019-09-30 20:13:56,242 [659ad155-1646-4a84-a8b7-881b8f767b07@group-E420B1E8A2B5-LeaderElection81] INFO  server.RaftServerConfigKeys (ConfUtils.java:logGet(43)) - raft.server.rpc.request.timeout = 3000ms (default)
2019-09-30 20:13:56,242 [659ad155-1646-4a84-a8b7-881b8f767b07@group-E420B1E8A2B5-LeaderElection81] INFO  server.RaftServerConfigKeys (ConfUtils.java:logGet(43)) - raft.server.log.appender.install.snapshot.enabled = false (custom)
2019-09-30 20:13:56,242 [659ad155-1646-4a84-a8b7-881b8f767b07@group-E420B1E8A2B5-LeaderElection81] INFO  impl.RoleInfo (RoleInfo.java:updateAndGet(143)) - 659ad155-1646-4a84-a8b7-881b8f767b07: start LeaderState
2019-09-30 20:13:56,242 [659ad155-1646-4a84-a8b7-881b8f767b07@group-E420B1E8A2B5-LeaderElection81] INFO  segmented.SegmentedRaftLogWorker (SegmentedRaftLogWorker.java:startLogSegment(385)) - 659ad155-1646-4a84-a8b7-881b8f767b07@group-E420B1E8A2B5-SegmentedRaftLogWorker: Starting segment from index:0
2019-09-30 20:13:56,243 [659ad155-1646-4a84-a8b7-881b8f767b07@group-E420B1E8A2B5-LeaderElection81] INFO  impl.RaftServerImpl (ServerState.java:setRaftConf(356)) - 659ad155-1646-4a84-a8b7-881b8f767b07@group-E420B1E8A2B5: set configuration 0: [85c3c454-62b1-4588-ba3a-62b937fadb3f:192.168.164.209:35457, 659ad155-1646-4a84-a8b7-881b8f767b07:192.168.164.209:35868, 565b4a1d-50e8-4bff-86d8-798d26741c85:192.168.164.209:32983], old=null at 0
2019-09-30 20:13:56,271 [grpc-default-executor-6] INFO  impl.RaftServerImpl (ServerState.java:setLeader(255)) - 565b4a1d-50e8-4bff-86d8-798d26741c85@group-E420B1E8A2B5: change Leader from null to 659ad155-1646-4a84-a8b7-881b8f767b07 at term 1 for appendEntries, leader elected after 5163ms
2019-09-30 20:13:56,276 [grpc-default-executor-7] INFO  impl.RaftServerImpl (ServerState.java:setLeader(255)) - 85c3c454-62b1-4588-ba3a-62b937fadb3f@group-E420B1E8A2B5: change Leader from null to 659ad155-1646-4a84-a8b7-881b8f767b07 at term 1 for appendEntries, leader elected after 5169ms
2019-09-30 20:13:56,278 [grpc-default-executor-6] INFO  impl.RaftServerImpl (ServerState.java:setRaftConf(356)) - 85c3c454-62b1-4588-ba3a-62b937fadb3f@group-E420B1E8A2B5: set configuration 0: [85c3c454-62b1-4588-ba3a-62b937fadb3f:192.168.164.209:35457, 659ad155-1646-4a84-a8b7-881b8f767b07:192.168.164.209:35868, 565b4a1d-50e8-4bff-86d8-798d26741c85:192.168.164.209:32983], old=null at 0
2019-09-30 20:13:56,278 [grpc-default-executor-7] INFO  impl.RaftServerImpl (ServerState.java:setRaftConf(356)) - 565b4a1d-50e8-4bff-86d8-798d26741c85@group-E420B1E8A2B5: set configuration 0: [85c3c454-62b1-4588-ba3a-62b937fadb3f:192.168.164.209:35457, 659ad155-1646-4a84-a8b7-881b8f767b07:192.168.164.209:35868, 565b4a1d-50e8-4bff-86d8-798d26741c85:192.168.164.209:32983], old=null at 0
2019-09-30 20:13:56,278 [grpc-default-executor-6] INFO  segmented.SegmentedRaftLogWorker (SegmentedRaftLogWorker.java:startLogSegment(385)) - 85c3c454-62b1-4588-ba3a-62b937fadb3f@group-E420B1E8A2B5-SegmentedRaftLogWorker: Starting segment from index:0
2019-09-30 20:13:56,278 [grpc-default-executor-7] INFO  segmented.SegmentedRaftLogWorker (SegmentedRaftLogWorker.java:startLogSegment(385)) - 565b4a1d-50e8-4bff-86d8-798d26741c85@group-E420B1E8A2B5-SegmentedRaftLogWorker: Starting segment from index:0
2019-09-30 20:13:56,279 [659ad155-1646-4a84-a8b7-881b8f767b07@group-E420B1E8A2B5-SegmentedRaftLogWorker] INFO  segmented.SegmentedRaftLogWorker (SegmentedRaftLogWorker.java:execute(574)) - 659ad155-1646-4a84-a8b7-881b8f767b07@group-E420B1E8A2B5-SegmentedRaftLogWorker: created new log segment /workdir/hadoop-ozone/integration-test/target/test-dir/MiniOzoneClusterImpl-cbb98d00-1d2e-480a-8768-230717893271/datanode-1/data/ratis/b88703a2-e02b-4a07-bdcc-e420b1e8a2b5/current/log_inprogress_0
2019-09-30 20:13:56,303 [85c3c454-62b1-4588-ba3a-62b937fadb3f@group-E420B1E8A2B5-SegmentedRaftLogWorker] INFO  segmented.SegmentedRaftLogWorker (SegmentedRaftLogWorker.java:execute(574)) - 85c3c454-62b1-4588-ba3a-62b937fadb3f@group-E420B1E8A2B5-SegmentedRaftLogWorker: created new log segment /workdir/hadoop-ozone/integration-test/target/test-dir/MiniOzoneClusterImpl-cbb98d00-1d2e-480a-8768-230717893271/datanode-2/data/ratis/b88703a2-e02b-4a07-bdcc-e420b1e8a2b5/current/log_inprogress_0
2019-09-30 20:13:56,303 [565b4a1d-50e8-4bff-86d8-798d26741c85@group-E420B1E8A2B5-SegmentedRaftLogWorker] INFO  segmented.SegmentedRaftLogWorker (SegmentedRaftLogWorker.java:execute(574)) - 565b4a1d-50e8-4bff-86d8-798d26741c85@group-E420B1E8A2B5-SegmentedRaftLogWorker: created new log segment /workdir/hadoop-ozone/integration-test/target/test-dir/MiniOzoneClusterImpl-cbb98d00-1d2e-480a-8768-230717893271/datanode-0/data/ratis/b88703a2-e02b-4a07-bdcc-e420b1e8a2b5/current/log_inprogress_0
2019-09-30 20:13:56,392 [Thread-2322] INFO  impl.FollowerState (FollowerState.java:run(108)) - d75ee5e7-23bf-4370-89bc-61b60313736b@group-54D89EBF9E10-FollowerState: change to CANDIDATE, lastRpcTime:5130ms, electionTimeout:5130ms
2019-09-30 20:13:56,392 [Thread-2322] INFO  impl.RoleInfo (RoleInfo.java:shutdownFollowerState(121)) - d75ee5e7-23bf-4370-89bc-61b60313736b: shutdown FollowerState
2019-09-30 20:13:56,392 [Thread-2322] INFO  impl.RaftServerImpl (RaftServerImpl.java:setRole(170)) - d75ee5e7-23bf-4370-89bc-61b60313736b@group-54D89EBF9E10: changes role from  FOLLOWER to CANDIDATE at term 0 for changeToCandidate
2019-09-30 20:13:56,392 [Thread-2322] INFO  impl.RoleInfo (RoleInfo.java:updateAndGet(143)) - d75ee5e7-23bf-4370-89bc-61b60313736b: start LeaderElection
2019-09-30 20:13:56,420 [d75ee5e7-23bf-4370-89bc-61b60313736b@group-54D89EBF9E10-LeaderElection82] INFO  impl.LeaderElection (LeaderElection.java:askForVotes(178)) - d75ee5e7-23bf-4370-89bc-61b60313736b@group-54D89EBF9E10-LeaderElection82: begin an election at term 1 for -1: [d75ee5e7-23bf-4370-89bc-61b60313736b:192.168.164.209:37064], old=null
2019-09-30 20:13:56,420 [d75ee5e7-23bf-4370-89bc-61b60313736b@group-54D89EBF9E10-LeaderElection82] INFO  impl.RoleInfo (RoleInfo.java:shutdownLeaderElection(134)) - d75ee5e7-23bf-4370-89bc-61b60313736b: shutdown LeaderElection
2019-09-30 20:13:56,420 [d75ee5e7-23bf-4370-89bc-61b60313736b@group-54D89EBF9E10-LeaderElection82] INFO  impl.RaftServerImpl (RaftServerImpl.java:setRole(170)) - d75ee5e7-23bf-4370-89bc-61b60313736b@group-54D89EBF9E10: changes role from CANDIDATE to LEADER at term 1 for changeToLeader
2019-09-30 20:13:56,420 [d75ee5e7-23bf-4370-89bc-61b60313736b@group-54D89EBF9E10-LeaderElection82] INFO  impl.RaftServerImpl (ServerState.java:setLeader(255)) - d75ee5e7-23bf-4370-89bc-61b60313736b@group-54D89EBF9E10: change Leader from null to d75ee5e7-23bf-4370-89bc-61b60313736b at term 1 for becomeLeader, leader elected after 5163ms
2019-09-30 20:13:56,420 [d75ee5e7-23bf-4370-89bc-61b60313736b@group-54D89EBF9E10-LeaderElection82] INFO  server.RaftServerConfigKeys (ConfUtils.java:logGet(43)) - raft.server.staging.catchup.gap = 1000 (default)
2019-09-30 20:13:56,420 [d75ee5e7-23bf-4370-89bc-61b60313736b@group-54D89EBF9E10-LeaderElection82] INFO  server.RaftServerConfigKeys (ConfUtils.java:logGet(43)) - raft.server.rpc.sleep.time = 25ms (default)
2019-09-30 20:13:56,420 [d75ee5e7-23bf-4370-89bc-61b60313736b@group-54D89EBF9E10-LeaderElection82] INFO  server.RaftServerConfigKeys (ConfUtils.java:logGet(43)) - raft.server.write.element-limit = 4096 (default)
2019-09-30 20:13:56,421 [d75ee5e7-23bf-4370-89bc-61b60313736b@group-54D89EBF9E10-LeaderElection82] INFO  server.RaftServerConfigKeys (ConfUtils.java:logGet(43)) - raft.server.watch.timeout = 10s (default)
2019-09-30 20:13:56,421 [d75ee5e7-23bf-4370-89bc-61b60313736b@group-54D89EBF9E10-LeaderElection82] INFO  server.RaftServerConfigKeys (ConfUtils.java:logGet(43)) - raft.server.watch.timeout.denomination = 1s (default)
2019-09-30 20:13:56,421 [d75ee5e7-23bf-4370-89bc-61b60313736b@group-54D89EBF9E10-LeaderElection82] INFO  server.RaftServerConfigKeys (ConfUtils.java:logGet(43)) - raft.server.watch.element-limit = 65536 (default)
2019-09-30 20:13:56,424 [d75ee5e7-23bf-4370-89bc-61b60313736b@group-54D89EBF9E10-LeaderElection82] INFO  impl.RoleInfo (RoleInfo.java:updateAndGet(143)) - d75ee5e7-23bf-4370-89bc-61b60313736b: start LeaderState
2019-09-30 20:13:56,424 [d75ee5e7-23bf-4370-89bc-61b60313736b@group-54D89EBF9E10-LeaderElection82] INFO  segmented.SegmentedRaftLogWorker (SegmentedRaftLogWorker.java:startLogSegment(385)) - d75ee5e7-23bf-4370-89bc-61b60313736b@group-54D89EBF9E10-SegmentedRaftLogWorker: Starting segment from index:0
2019-09-30 20:13:56,425 [d75ee5e7-23bf-4370-89bc-61b60313736b@group-54D89EBF9E10-LeaderElection82] INFO  impl.RaftServerImpl (ServerState.java:setRaftConf(356)) - d75ee5e7-23bf-4370-89bc-61b60313736b@group-54D89EBF9E10: set configuration 0: [d75ee5e7-23bf-4370-89bc-61b60313736b:192.168.164.209:37064], old=null at 0
2019-09-30 20:13:56,428 [Thread-2325] INFO  impl.FollowerState (FollowerState.java:run(108)) - 0f3e82e6-526a-4e17-84a2-45c646fa5d25@group-B7703A901FAE-FollowerState: change to CANDIDATE, lastRpcTime:5111ms, electionTimeout:5111ms
2019-09-30 20:13:56,428 [Thread-2325] INFO  impl.RoleInfo (RoleInfo.java:shutdownFollowerState(121)) - 0f3e82e6-526a-4e17-84a2-45c646fa5d25: shutdown FollowerState
2019-09-30 20:13:56,428 [Thread-2325] INFO  impl.RaftServerImpl (RaftServerImpl.java:setRole(170)) - 0f3e82e6-526a-4e17-84a2-45c646fa5d25@group-B7703A901FAE: changes role from  FOLLOWER to CANDIDATE at term 0 for changeToCandidate
2019-09-30 20:13:56,428 [Thread-2325] INFO  impl.RoleInfo (RoleInfo.java:updateAndGet(143)) - 0f3e82e6-526a-4e17-84a2-45c646fa5d25: start LeaderElection
2019-09-30 20:13:56,458 [d75ee5e7-23bf-4370-89bc-61b60313736b@group-54D89EBF9E10-SegmentedRaftLogWorker] INFO  segmented.SegmentedRaftLogWorker (SegmentedRaftLogWorker.java:execute(574)) - d75ee5e7-23bf-4370-89bc-61b60313736b@group-54D89EBF9E10-SegmentedRaftLogWorker: created new log segment /workdir/hadoop-ozone/integration-test/target/test-dir/MiniOzoneClusterImpl-cbb98d00-1d2e-480a-8768-230717893271/datanode-4/data/ratis/646d0173-932d-4a14-bd4b-54d89ebf9e10/current/log_inprogress_0
2019-09-30 20:13:56,458 [0f3e82e6-526a-4e17-84a2-45c646fa5d25@group-B7703A901FAE-LeaderElection83] INFO  impl.LeaderElection (LeaderElection.java:askForVotes(178)) - 0f3e82e6-526a-4e17-84a2-45c646fa5d25@group-B7703A901FAE-LeaderElection83: begin an election at term 1 for -1: [0f3e82e6-526a-4e17-84a2-45c646fa5d25:192.168.164.209:37074], old=null
2019-09-30 20:13:56,459 [0f3e82e6-526a-4e17-84a2-45c646fa5d25@group-B7703A901FAE-LeaderElection83] INFO  impl.RoleInfo (RoleInfo.java:shutdownLeaderElection(134)) - 0f3e82e6-526a-4e17-84a2-45c646fa5d25: shutdown LeaderElection
2019-09-30 20:13:56,459 [0f3e82e6-526a-4e17-84a2-45c646fa5d25@group-B7703A901FAE-LeaderElection83] INFO  impl.RaftServerImpl (RaftServerImpl.java:setRole(170)) - 0f3e82e6-526a-4e17-84a2-45c646fa5d25@group-B7703A901FAE: changes role from CANDIDATE to LEADER at term 1 for changeToLeader
2019-09-30 20:13:56,459 [0f3e82e6-526a-4e17-84a2-45c646fa5d25@group-B7703A901FAE-LeaderElection83] INFO  impl.RaftServerImpl (ServerState.java:setLeader(255)) - 0f3e82e6-526a-4e17-84a2-45c646fa5d25@group-B7703A901FAE: change Leader from null to 0f3e82e6-526a-4e17-84a2-45c646fa5d25 at term 1 for becomeLeader, leader elected after 5149ms
2019-09-30 20:13:56,459 [0f3e82e6-526a-4e17-84a2-45c646fa5d25@group-B7703A901FAE-LeaderElection83] INFO  server.RaftServerConfigKeys (ConfUtils.java:logGet(43)) - raft.server.staging.catchup.gap = 1000 (default)
2019-09-30 20:13:56,459 [0f3e82e6-526a-4e17-84a2-45c646fa5d25@group-B7703A901FAE-LeaderElection83] INFO  server.RaftServerConfigKeys (ConfUtils.java:logGet(43)) - raft.server.rpc.sleep.time = 25ms (default)
2019-09-30 20:13:56,459 [0f3e82e6-526a-4e17-84a2-45c646fa5d25@group-B7703A901FAE-LeaderElection83] INFO  server.RaftServerConfigKeys (ConfUtils.java:logGet(43)) - raft.server.write.element-limit = 4096 (default)
2019-09-30 20:13:56,460 [0f3e82e6-526a-4e17-84a2-45c646fa5d25@group-B7703A901FAE-LeaderElection83] INFO  server.RaftServerConfigKeys (ConfUtils.java:logGet(43)) - raft.server.watch.timeout = 10s (default)
2019-09-30 20:13:56,460 [0f3e82e6-526a-4e17-84a2-45c646fa5d25@group-B7703A901FAE-LeaderElection83] INFO  server.RaftServerConfigKeys (ConfUtils.java:logGet(43)) - raft.server.watch.timeout.denomination = 1s (default)
2019-09-30 20:13:56,460 [0f3e82e6-526a-4e17-84a2-45c646fa5d25@group-B7703A901FAE-LeaderElection83] INFO  server.RaftServerConfigKeys (ConfUtils.java:logGet(43)) - raft.server.watch.element-limit = 65536 (default)
2019-09-30 20:13:56,462 [0f3e82e6-526a-4e17-84a2-45c646fa5d25@group-B7703A901FAE-LeaderElection83] INFO  impl.RoleInfo (RoleInfo.java:updateAndGet(143)) - 0f3e82e6-526a-4e17-84a2-45c646fa5d25: start LeaderState
2019-09-30 20:13:56,462 [0f3e82e6-526a-4e17-84a2-45c646fa5d25@group-B7703A901FAE-LeaderElection83] INFO  segmented.SegmentedRaftLogWorker (SegmentedRaftLogWorker.java:startLogSegment(385)) - 0f3e82e6-526a-4e17-84a2-45c646fa5d25@group-B7703A901FAE-SegmentedRaftLogWorker: Starting segment from index:0
2019-09-30 20:13:56,462 [0f3e82e6-526a-4e17-84a2-45c646fa5d25@group-B7703A901FAE-LeaderElection83] INFO  impl.RaftServerImpl (ServerState.java:setRaftConf(356)) - 0f3e82e6-526a-4e17-84a2-45c646fa5d25@group-B7703A901FAE: set configuration 0: [0f3e82e6-526a-4e17-84a2-45c646fa5d25:192.168.164.209:37074], old=null at 0
2019-09-30 20:13:56,489 [0f3e82e6-526a-4e17-84a2-45c646fa5d25@group-B7703A901FAE-SegmentedRaftLogWorker] INFO  segmented.SegmentedRaftLogWorker (SegmentedRaftLogWorker.java:execute(574)) - 0f3e82e6-526a-4e17-84a2-45c646fa5d25@group-B7703A901FAE-SegmentedRaftLogWorker: created new log segment /workdir/hadoop-ozone/integration-test/target/test-dir/MiniOzoneClusterImpl-cbb98d00-1d2e-480a-8768-230717893271/datanode-3/data/ratis/87a516e3-1b30-4dca-be06-b7703a901fae/current/log_inprogress_0
2019-09-30 20:13:56,520 [Thread-2328] INFO  impl.FollowerState (FollowerState.java:run(108)) - c4517376-c315-4c1d-9f15-43e2d96457c0@group-D560C40F44B5-FollowerState: change to CANDIDATE, lastRpcTime:5151ms, electionTimeout:5151ms
2019-09-30 20:13:56,521 [Thread-2328] INFO  impl.RoleInfo (RoleInfo.java:shutdownFollowerState(121)) - c4517376-c315-4c1d-9f15-43e2d96457c0: shutdown FollowerState
2019-09-30 20:13:56,521 [Thread-2328] INFO  impl.RaftServerImpl (RaftServerImpl.java:setRole(170)) - c4517376-c315-4c1d-9f15-43e2d96457c0@group-D560C40F44B5: changes role from  FOLLOWER to CANDIDATE at term 0 for changeToCandidate
2019-09-30 20:13:56,521 [Thread-2328] INFO  impl.RoleInfo (RoleInfo.java:updateAndGet(143)) - c4517376-c315-4c1d-9f15-43e2d96457c0: start LeaderElection
2019-09-30 20:13:56,546 [c4517376-c315-4c1d-9f15-43e2d96457c0@group-D560C40F44B5-LeaderElection84] INFO  impl.LeaderElection (LeaderElection.java:askForVotes(178)) - c4517376-c315-4c1d-9f15-43e2d96457c0@group-D560C40F44B5-LeaderElection84: begin an election at term 1 for -1: [c4517376-c315-4c1d-9f15-43e2d96457c0:192.168.164.209:34923], old=null
2019-09-30 20:13:56,547 [c4517376-c315-4c1d-9f15-43e2d96457c0@group-D560C40F44B5-LeaderElection84] INFO  impl.RoleInfo (RoleInfo.java:shutdownLeaderElection(134)) - c4517376-c315-4c1d-9f15-43e2d96457c0: shutdown LeaderElection
2019-09-30 20:13:56,547 [c4517376-c315-4c1d-9f15-43e2d96457c0@group-D560C40F44B5-LeaderElection84] INFO  impl.RaftServerImpl (RaftServerImpl.java:setRole(170)) - c4517376-c315-4c1d-9f15-43e2d96457c0@group-D560C40F44B5: changes role from CANDIDATE to LEADER at term 1 for changeToLeader
2019-09-30 20:13:56,547 [c4517376-c315-4c1d-9f15-43e2d96457c0@group-D560C40F44B5-LeaderElection84] INFO  impl.RaftServerImpl (ServerState.java:setLeader(255)) - c4517376-c315-4c1d-9f15-43e2d96457c0@group-D560C40F44B5: change Leader from null to c4517376-c315-4c1d-9f15-43e2d96457c0 at term 1 for becomeLeader, leader elected after 5182ms
2019-09-30 20:13:56,547 [c4517376-c315-4c1d-9f15-43e2d96457c0@group-D560C40F44B5-LeaderElection84] INFO  server.RaftServerConfigKeys (ConfUtils.java:logGet(43)) - raft.server.staging.catchup.gap = 1000 (default)
2019-09-30 20:13:56,547 [c4517376-c315-4c1d-9f15-43e2d96457c0@group-D560C40F44B5-LeaderElection84] INFO  server.RaftServerConfigKeys (ConfUtils.java:logGet(43)) - raft.server.rpc.sleep.time = 25ms (default)
2019-09-30 20:13:56,547 [c4517376-c315-4c1d-9f15-43e2d96457c0@group-D560C40F44B5-LeaderElection84] INFO  server.RaftServerConfigKeys (ConfUtils.java:logGet(43)) - raft.server.write.element-limit = 4096 (default)
2019-09-30 20:13:56,547 [c4517376-c315-4c1d-9f15-43e2d96457c0@group-D560C40F44B5-LeaderElection84] INFO  server.RaftServerConfigKeys (ConfUtils.java:logGet(43)) - raft.server.watch.timeout = 10s (default)
2019-09-30 20:13:56,547 [c4517376-c315-4c1d-9f15-43e2d96457c0@group-D560C40F44B5-LeaderElection84] INFO  server.RaftServerConfigKeys (ConfUtils.java:logGet(43)) - raft.server.watch.timeout.denomination = 1s (default)
2019-09-30 20:13:56,547 [c4517376-c315-4c1d-9f15-43e2d96457c0@group-D560C40F44B5-LeaderElection84] INFO  server.RaftServerConfigKeys (ConfUtils.java:logGet(43)) - raft.server.watch.element-limit = 65536 (default)
2019-09-30 20:13:56,549 [c4517376-c315-4c1d-9f15-43e2d96457c0@group-D560C40F44B5-LeaderElection84] INFO  impl.RoleInfo (RoleInfo.java:updateAndGet(143)) - c4517376-c315-4c1d-9f15-43e2d96457c0: start LeaderState
2019-09-30 20:13:56,549 [c4517376-c315-4c1d-9f15-43e2d96457c0@group-D560C40F44B5-LeaderElection84] INFO  segmented.SegmentedRaftLogWorker (SegmentedRaftLogWorker.java:startLogSegment(385)) - c4517376-c315-4c1d-9f15-43e2d96457c0@group-D560C40F44B5-SegmentedRaftLogWorker: Starting segment from index:0
2019-09-30 20:13:56,549 [c4517376-c315-4c1d-9f15-43e2d96457c0@group-D560C40F44B5-LeaderElection84] INFO  impl.RaftServerImpl (ServerState.java:setRaftConf(356)) - c4517376-c315-4c1d-9f15-43e2d96457c0@group-D560C40F44B5: set configuration 0: [c4517376-c315-4c1d-9f15-43e2d96457c0:192.168.164.209:34923], old=null at 0
2019-09-30 20:13:56,557 [Thread-2338] INFO  impl.FollowerState (FollowerState.java:run(108)) - 0f3e82e6-526a-4e17-84a2-45c646fa5d25@group-D042F038CF28-FollowerState: change to CANDIDATE, lastRpcTime:5061ms, electionTimeout:5061ms
2019-09-30 20:13:56,558 [Thread-2338] INFO  impl.RoleInfo (RoleInfo.java:shutdownFollowerState(121)) - 0f3e82e6-526a-4e17-84a2-45c646fa5d25: shutdown FollowerState
2019-09-30 20:13:56,558 [Thread-2338] INFO  impl.RaftServerImpl (RaftServerImpl.java:setRole(170)) - 0f3e82e6-526a-4e17-84a2-45c646fa5d25@group-D042F038CF28: changes role from  FOLLOWER to CANDIDATE at term 0 for changeToCandidate
2019-09-30 20:13:56,558 [Thread-2338] INFO  impl.RoleInfo (RoleInfo.java:updateAndGet(143)) - 0f3e82e6-526a-4e17-84a2-45c646fa5d25: start LeaderElection
2019-09-30 20:13:56,573 [Thread-2333] INFO  impl.FollowerState (FollowerState.java:run(108)) - c4517376-c315-4c1d-9f15-43e2d96457c0@group-D042F038CF28-FollowerState: change to CANDIDATE, lastRpcTime:5101ms, electionTimeout:5093ms
2019-09-30 20:13:56,573 [Thread-2333] INFO  impl.RoleInfo (RoleInfo.java:shutdownFollowerState(121)) - c4517376-c315-4c1d-9f15-43e2d96457c0: shutdown FollowerState
2019-09-30 20:13:56,574 [Thread-2333] INFO  impl.RaftServerImpl (RaftServerImpl.java:setRole(170)) - c4517376-c315-4c1d-9f15-43e2d96457c0@group-D042F038CF28: changes role from  FOLLOWER to CANDIDATE at term 0 for changeToCandidate
2019-09-30 20:13:56,581 [Thread-2333] INFO  impl.RoleInfo (RoleInfo.java:updateAndGet(143)) - c4517376-c315-4c1d-9f15-43e2d96457c0: start LeaderElection
2019-09-30 20:13:56,581 [Thread-2337] INFO  impl.FollowerState (FollowerState.java:run(108)) - d75ee5e7-23bf-4370-89bc-61b60313736b@group-D042F038CF28-FollowerState: change to CANDIDATE, lastRpcTime:5086ms, electionTimeout:5081ms
2019-09-30 20:13:56,581 [Thread-2337] INFO  impl.RoleInfo (RoleInfo.java:shutdownFollowerState(121)) - d75ee5e7-23bf-4370-89bc-61b60313736b: shutdown FollowerState
2019-09-30 20:13:56,585 [Thread-2337] INFO  impl.RaftServerImpl (RaftServerImpl.java:setRole(170)) - d75ee5e7-23bf-4370-89bc-61b60313736b@group-D042F038CF28: changes role from  FOLLOWER to CANDIDATE at term 0 for changeToCandidate
2019-09-30 20:13:56,592 [0f3e82e6-526a-4e17-84a2-45c646fa5d25@group-D042F038CF28-LeaderElection85] INFO  impl.LeaderElection (LeaderElection.java:askForVotes(178)) - 0f3e82e6-526a-4e17-84a2-45c646fa5d25@group-D042F038CF28-LeaderElection85: begin an election at term 1 for -1: [d75ee5e7-23bf-4370-89bc-61b60313736b:192.168.164.209:37064, c4517376-c315-4c1d-9f15-43e2d96457c0:192.168.164.209:34923, 0f3e82e6-526a-4e17-84a2-45c646fa5d25:192.168.164.209:37074], old=null
2019-09-30 20:13:56,592 [c4517376-c315-4c1d-9f15-43e2d96457c0@group-D560C40F44B5-SegmentedRaftLogWorker] INFO  segmented.SegmentedRaftLogWorker (SegmentedRaftLogWorker.java:execute(574)) - c4517376-c315-4c1d-9f15-43e2d96457c0@group-D560C40F44B5-SegmentedRaftLogWorker: created new log segment /workdir/hadoop-ozone/integration-test/target/test-dir/MiniOzoneClusterImpl-cbb98d00-1d2e-480a-8768-230717893271/datanode-5/data/ratis/376fc7fb-aadf-4545-9cf9-d560c40f44b5/current/log_inprogress_0
2019-09-30 20:13:56,592 [Thread-2337] INFO  impl.RoleInfo (RoleInfo.java:updateAndGet(143)) - d75ee5e7-23bf-4370-89bc-61b60313736b: start LeaderElection
2019-09-30 20:13:56,606 [d75ee5e7-23bf-4370-89bc-61b60313736b@group-D042F038CF28-LeaderElection87] INFO  impl.LeaderElection (LeaderElection.java:askForVotes(178)) - d75ee5e7-23bf-4370-89bc-61b60313736b@group-D042F038CF28-LeaderElection87: begin an election at term 1 for -1: [d75ee5e7-23bf-4370-89bc-61b60313736b:192.168.164.209:37064, c4517376-c315-4c1d-9f15-43e2d96457c0:192.168.164.209:34923, 0f3e82e6-526a-4e17-84a2-45c646fa5d25:192.168.164.209:37074], old=null
2019-09-30 20:13:56,606 [c4517376-c315-4c1d-9f15-43e2d96457c0@group-D042F038CF28-LeaderElection86] INFO  impl.LeaderElection (LeaderElection.java:askForVotes(178)) - c4517376-c315-4c1d-9f15-43e2d96457c0@group-D042F038CF28-LeaderElection86: begin an election at term 1 for -1: [d75ee5e7-23bf-4370-89bc-61b60313736b:192.168.164.209:37064, c4517376-c315-4c1d-9f15-43e2d96457c0:192.168.164.209:34923, 0f3e82e6-526a-4e17-84a2-45c646fa5d25:192.168.164.209:37074], old=null
2019-09-30 20:13:56,615 [0f3e82e6-526a-4e17-84a2-45c646fa5d25@group-D042F038CF28-LeaderElection85] INFO  impl.LeaderElection (LeaderElection.java:logAndReturn(56)) - 0f3e82e6-526a-4e17-84a2-45c646fa5d25@group-D042F038CF28-LeaderElection85: Election REJECTED; received 2 response(s) [0f3e82e6-526a-4e17-84a2-45c646fa5d25<-d75ee5e7-23bf-4370-89bc-61b60313736b#0:FAIL-t1, 0f3e82e6-526a-4e17-84a2-45c646fa5d25<-c4517376-c315-4c1d-9f15-43e2d96457c0#0:FAIL-t1] and 0 exception(s); 0f3e82e6-526a-4e17-84a2-45c646fa5d25@group-D042F038CF28:t1, leader=null, voted=0f3e82e6-526a-4e17-84a2-45c646fa5d25, raftlog=0f3e82e6-526a-4e17-84a2-45c646fa5d25@group-D042F038CF28-SegmentedRaftLog:OPENED:c-1,f-1,i0, conf=-1: [d75ee5e7-23bf-4370-89bc-61b60313736b:192.168.164.209:37064, c4517376-c315-4c1d-9f15-43e2d96457c0:192.168.164.209:34923, 0f3e82e6-526a-4e17-84a2-45c646fa5d25:192.168.164.209:37074], old=null
2019-09-30 20:13:56,615 [0f3e82e6-526a-4e17-84a2-45c646fa5d25@group-D042F038CF28-LeaderElection85] INFO  impl.RaftServerImpl (RaftServerImpl.java:setRole(170)) - 0f3e82e6-526a-4e17-84a2-45c646fa5d25@group-D042F038CF28: changes role from CANDIDATE to FOLLOWER at term 1 for DISCOVERED_A_NEW_TERM
2019-09-30 20:13:56,615 [0f3e82e6-526a-4e17-84a2-45c646fa5d25@group-D042F038CF28-LeaderElection85] INFO  impl.RoleInfo (RoleInfo.java:shutdownLeaderElection(134)) - 0f3e82e6-526a-4e17-84a2-45c646fa5d25: shutdown LeaderElection
2019-09-30 20:13:56,615 [0f3e82e6-526a-4e17-84a2-45c646fa5d25@group-D042F038CF28-LeaderElection85] INFO  impl.RoleInfo (RoleInfo.java:updateAndGet(143)) - 0f3e82e6-526a-4e17-84a2-45c646fa5d25: start FollowerState
2019-09-30 20:13:56,626 [d75ee5e7-23bf-4370-89bc-61b60313736b@group-D042F038CF28-LeaderElection87] INFO  impl.LeaderElection (LeaderElection.java:logAndReturn(56)) - d75ee5e7-23bf-4370-89bc-61b60313736b@group-D042F038CF28-LeaderElection87: Election REJECTED; received 2 response(s) [d75ee5e7-23bf-4370-89bc-61b60313736b<-c4517376-c315-4c1d-9f15-43e2d96457c0#0:FAIL-t1, d75ee5e7-23bf-4370-89bc-61b60313736b<-0f3e82e6-526a-4e17-84a2-45c646fa5d25#0:FAIL-t1] and 0 exception(s); d75ee5e7-23bf-4370-89bc-61b60313736b@group-D042F038CF28:t1, leader=null, voted=d75ee5e7-23bf-4370-89bc-61b60313736b, raftlog=d75ee5e7-23bf-4370-89bc-61b60313736b@group-D042F038CF28-SegmentedRaftLog:OPENED:c-1,f-1,i0, conf=-1: [d75ee5e7-23bf-4370-89bc-61b60313736b:192.168.164.209:37064, c4517376-c315-4c1d-9f15-43e2d96457c0:192.168.164.209:34923, 0f3e82e6-526a-4e17-84a2-45c646fa5d25:192.168.164.209:37074], old=null
2019-09-30 20:13:56,629 [d75ee5e7-23bf-4370-89bc-61b60313736b@group-D042F038CF28-LeaderElection87] INFO  impl.RaftServerImpl (RaftServerImpl.java:setRole(170)) - d75ee5e7-23bf-4370-89bc-61b60313736b@group-D042F038CF28: changes role from CANDIDATE to FOLLOWER at term 1 for DISCOVERED_A_NEW_TERM
2019-09-30 20:13:56,632 [d75ee5e7-23bf-4370-89bc-61b60313736b@group-D042F038CF28-LeaderElection87] INFO  impl.RoleInfo (RoleInfo.java:shutdownLeaderElection(134)) - d75ee5e7-23bf-4370-89bc-61b60313736b: shutdown LeaderElection
2019-09-30 20:13:56,632 [c4517376-c315-4c1d-9f15-43e2d96457c0@group-D042F038CF28-LeaderElection86] INFO  impl.LeaderElection (LeaderElection.java:logAndReturn(56)) - c4517376-c315-4c1d-9f15-43e2d96457c0@group-D042F038CF28-LeaderElection86: Election REJECTED; received 2 response(s) [c4517376-c315-4c1d-9f15-43e2d96457c0<-d75ee5e7-23bf-4370-89bc-61b60313736b#0:FAIL-t1, c4517376-c315-4c1d-9f15-43e2d96457c0<-0f3e82e6-526a-4e17-84a2-45c646fa5d25#0:FAIL-t1] and 0 exception(s); c4517376-c315-4c1d-9f15-43e2d96457c0@group-D042F038CF28:t1, leader=null, voted=c4517376-c315-4c1d-9f15-43e2d96457c0, raftlog=c4517376-c315-4c1d-9f15-43e2d96457c0@group-D042F038CF28-SegmentedRaftLog:OPENED:c-1,f-1,i0, conf=-1: [d75ee5e7-23bf-4370-89bc-61b60313736b:192.168.164.209:37064, c4517376-c315-4c1d-9f15-43e2d96457c0:192.168.164.209:34923, 0f3e82e6-526a-4e17-84a2-45c646fa5d25:192.168.164.209:37074], old=null
2019-09-30 20:13:56,635 [c4517376-c315-4c1d-9f15-43e2d96457c0@group-D042F038CF28-LeaderElection86] INFO  impl.RaftServerImpl (RaftServerImpl.java:setRole(170)) - c4517376-c315-4c1d-9f15-43e2d96457c0@group-D042F038CF28: changes role from CANDIDATE to FOLLOWER at term 1 for DISCOVERED_A_NEW_TERM
2019-09-30 20:13:56,635 [d75ee5e7-23bf-4370-89bc-61b60313736b@group-D042F038CF28-LeaderElection87] INFO  impl.RoleInfo (RoleInfo.java:updateAndGet(143)) - d75ee5e7-23bf-4370-89bc-61b60313736b: start FollowerState
2019-09-30 20:13:56,635 [c4517376-c315-4c1d-9f15-43e2d96457c0@group-D042F038CF28-LeaderElection86] INFO  impl.RoleInfo (RoleInfo.java:shutdownLeaderElection(134)) - c4517376-c315-4c1d-9f15-43e2d96457c0: shutdown LeaderElection
2019-09-30 20:13:56,637 [c4517376-c315-4c1d-9f15-43e2d96457c0@group-D042F038CF28-LeaderElection86] INFO  impl.RoleInfo (RoleInfo.java:updateAndGet(143)) - c4517376-c315-4c1d-9f15-43e2d96457c0: start FollowerState
2019-09-30 20:13:57,682 [Thread-2412] INFO  client.GrpcClientProtocolService (GrpcClientProtocolService.java:lambda$processClientRequest$0(278)) - Failed RaftClientRequest:client-3AAD810D7B2D->fdb07fac-a038-4dd2-bf3a-e692e6ea73ee@group-8ED5B5EAAF88, cid=67, seq=0, Watch-ALL_COMMITTED(90), Message:<EMPTY>, reply=RaftClientReply:client-3AAD810D7B2D->fdb07fac-a038-4dd2-bf3a-e692e6ea73ee@group-8ED5B5EAAF88, cid=67, FAILED org.apache.ratis.protocol.NotReplicatedException: Request with call Id 67 and log index 90 is not yet replicated to ALL_COMMITTED, logIndex=90, commits[fdb07fac-a038-4dd2-bf3a-e692e6ea73ee:c2, 0c62d7ee-acdc-4014-b8e4-a22ebcbdb566:c2, e3cd7ddd-71e6-4087-b78a-a2f343ce8905:c2]
2019-09-30 20:13:57,682 [Thread-2413] INFO  client.GrpcClientProtocolService (GrpcClientProtocolService.java:lambda$processClientRequest$0(278)) - Failed RaftClientRequest:client-3AAD810D7B2D->fdb07fac-a038-4dd2-bf3a-e692e6ea73ee@group-8ED5B5EAAF88, cid=68, seq=0, Watch-MAJORITY_COMMITTED(90), Message:<EMPTY>, reply=RaftClientReply:client-3AAD810D7B2D->fdb07fac-a038-4dd2-bf3a-e692e6ea73ee@group-8ED5B5EAAF88, cid=68, FAILED org.apache.ratis.protocol.NotReplicatedException: Request with call Id 68 and log index 90 is not yet replicated to MAJORITY_COMMITTED, logIndex=90, commits[fdb07fac-a038-4dd2-bf3a-e692e6ea73ee:c2, 0c62d7ee-acdc-4014-b8e4-a22ebcbdb566:c2, e3cd7ddd-71e6-4087-b78a-a2f343ce8905:c2]
2019-09-30 20:13:57,748 [grpc-default-executor-3] WARN  server.GrpcLogAppender (LogUtils.java:warn(134)) - fdb07fac-a038-4dd2-bf3a-e692e6ea73ee@group-8ED5B5EAAF88->0c62d7ee-acdc-4014-b8e4-a22ebcbdb566-AppendLogResponseHandler: Failed appendEntries: org.apache.ratis.thirdparty.io.grpc.StatusRuntimeException: UNAVAILABLE: io exception
2019-09-30 20:13:57,748 [grpc-default-executor-6] WARN  server.GrpcLogAppender (LogUtils.java:warn(134)) - fdb07fac-a038-4dd2-bf3a-e692e6ea73ee@group-8ED5B5EAAF88->e3cd7ddd-71e6-4087-b78a-a2f343ce8905-AppendLogResponseHandler: Failed appendEntries: org.apache.ratis.thirdparty.io.grpc.StatusRuntimeException: UNAVAILABLE: io exception
2019-09-30 20:13:57,759 [grpc-default-executor-3] INFO  impl.FollowerInfo (FollowerInfo.java:lambda$new$0(51)) - fdb07fac-a038-4dd2-bf3a-e692e6ea73ee@group-8ED5B5EAAF88->0c62d7ee-acdc-4014-b8e4-a22ebcbdb566: nextIndex: updateUnconditionally 0 -> 0
2019-09-30 20:13:57,759 [grpc-default-executor-6] INFO  impl.FollowerInfo (FollowerInfo.java:lambda$new$0(51)) - fdb07fac-a038-4dd2-bf3a-e692e6ea73ee@group-8ED5B5EAAF88->e3cd7ddd-71e6-4087-b78a-a2f343ce8905: nextIndex: updateUnconditionally 0 -> 0
2019-09-30 20:14:00,250 [grpc-default-executor-0] WARN  server.GrpcLogAppender (LogUtils.java:warn(134)) - fdb07fac-a038-4dd2-bf3a-e692e6ea73ee@group-8ED5B5EAAF88->0c62d7ee-acdc-4014-b8e4-a22ebcbdb566-AppendLogResponseHandler: Failed appendEntries: org.apache.ratis.thirdparty.io.grpc.StatusRuntimeException: UNAVAILABLE: io exception
2019-09-30 20:14:00,250 [grpc-default-executor-3] WARN  server.GrpcLogAppender (LogUtils.java:warn(134)) - fdb07fac-a038-4dd2-bf3a-e692e6ea73ee@group-8ED5B5EAAF88->e3cd7ddd-71e6-4087-b78a-a2f343ce8905-AppendLogResponseHandler: Failed appendEntries: org.apache.ratis.thirdparty.io.grpc.StatusRuntimeException: UNAVAILABLE: io exception
2019-09-30 20:14:00,251 [grpc-default-executor-0] INFO  impl.FollowerInfo (FollowerInfo.java:lambda$new$0(51)) - fdb07fac-a038-4dd2-bf3a-e692e6ea73ee@group-8ED5B5EAAF88->0c62d7ee-acdc-4014-b8e4-a22ebcbdb566: nextIndex: updateUnconditionally 0 -> 0
2019-09-30 20:14:00,251 [grpc-default-executor-3] INFO  impl.FollowerInfo (FollowerInfo.java:lambda$new$0(51)) - fdb07fac-a038-4dd2-bf3a-e692e6ea73ee@group-8ED5B5EAAF88->e3cd7ddd-71e6-4087-b78a-a2f343ce8905: nextIndex: updateUnconditionally 0 -> 0
2019-09-30 20:14:01,663 [Thread-2397] INFO  impl.FollowerState (FollowerState.java:run(108)) - c4517376-c315-4c1d-9f15-43e2d96457c0@group-D042F038CF28-FollowerState: change to CANDIDATE, lastRpcTime:5025ms, electionTimeout:5025ms
2019-09-30 20:14:01,663 [Thread-2397] INFO  impl.RoleInfo (RoleInfo.java:shutdownFollowerState(121)) - c4517376-c315-4c1d-9f15-43e2d96457c0: shutdown FollowerState
2019-09-30 20:14:01,663 [Thread-2397] INFO  impl.RaftServerImpl (RaftServerImpl.java:setRole(170)) - c4517376-c315-4c1d-9f15-43e2d96457c0@group-D042F038CF28: changes role from  FOLLOWER to CANDIDATE at term 1 for changeToCandidate
2019-09-30 20:14:01,664 [Thread-2397] INFO  impl.RoleInfo (RoleInfo.java:updateAndGet(143)) - c4517376-c315-4c1d-9f15-43e2d96457c0: start LeaderElection
2019-09-30 20:14:01,685 [c4517376-c315-4c1d-9f15-43e2d96457c0@group-D042F038CF28-LeaderElection88] INFO  impl.LeaderElection (LeaderElection.java:askForVotes(178)) - c4517376-c315-4c1d-9f15-43e2d96457c0@group-D042F038CF28-LeaderElection88: begin an election at term 2 for -1: [d75ee5e7-23bf-4370-89bc-61b60313736b:192.168.164.209:37064, c4517376-c315-4c1d-9f15-43e2d96457c0:192.168.164.209:34923, 0f3e82e6-526a-4e17-84a2-45c646fa5d25:192.168.164.209:37074], old=null
2019-09-30 20:14:01,690 [grpc-default-executor-0] INFO  impl.RaftServerImpl (RaftServerImpl.java:setRole(170)) - 0f3e82e6-526a-4e17-84a2-45c646fa5d25@group-D042F038CF28: changes role from  FOLLOWER to FOLLOWER at term 2 for recognizeCandidate:c4517376-c315-4c1d-9f15-43e2d96457c0
2019-09-30 20:14:01,690 [grpc-default-executor-3] INFO  impl.RaftServerImpl (RaftServerImpl.java:setRole(170)) - d75ee5e7-23bf-4370-89bc-61b60313736b@group-D042F038CF28: changes role from  FOLLOWER to FOLLOWER at term 2 for recognizeCandidate:c4517376-c315-4c1d-9f15-43e2d96457c0
2019-09-30 20:14:01,690 [grpc-default-executor-0] INFO  impl.RoleInfo (RoleInfo.java:shutdownFollowerState(121)) - 0f3e82e6-526a-4e17-84a2-45c646fa5d25: shutdown FollowerState
2019-09-30 20:14:01,690 [grpc-default-executor-3] INFO  impl.RoleInfo (RoleInfo.java:shutdownFollowerState(121)) - d75ee5e7-23bf-4370-89bc-61b60313736b: shutdown FollowerState
2019-09-30 20:14:01,691 [Thread-2395] INFO  impl.FollowerState (FollowerState.java:run(117)) - 0f3e82e6-526a-4e17-84a2-45c646fa5d25@group-D042F038CF28-FollowerState was interrupted: java.lang.InterruptedException: sleep interrupted
2019-09-30 20:14:01,690 [grpc-default-executor-0] INFO  impl.RoleInfo (RoleInfo.java:updateAndGet(143)) - 0f3e82e6-526a-4e17-84a2-45c646fa5d25: start FollowerState
2019-09-30 20:14:01,691 [Thread-2396] INFO  impl.FollowerState (FollowerState.java:run(117)) - d75ee5e7-23bf-4370-89bc-61b60313736b@group-D042F038CF28-FollowerState was interrupted: java.lang.InterruptedException: sleep interrupted
2019-09-30 20:14:01,691 [grpc-default-executor-3] INFO  impl.RoleInfo (RoleInfo.java:updateAndGet(143)) - d75ee5e7-23bf-4370-89bc-61b60313736b: start FollowerState
2019-09-30 20:14:01,715 [c4517376-c315-4c1d-9f15-43e2d96457c0@group-D042F038CF28-LeaderElection88] INFO  impl.LeaderElection (LeaderElection.java:logAndReturn(56)) - c4517376-c315-4c1d-9f15-43e2d96457c0@group-D042F038CF28-LeaderElection88: Election PASSED; received 1 response(s) [c4517376-c315-4c1d-9f15-43e2d96457c0<-d75ee5e7-23bf-4370-89bc-61b60313736b#0:OK-t2] and 0 exception(s); c4517376-c315-4c1d-9f15-43e2d96457c0@group-D042F038CF28:t2, leader=null, voted=c4517376-c315-4c1d-9f15-43e2d96457c0, raftlog=c4517376-c315-4c1d-9f15-43e2d96457c0@group-D042F038CF28-SegmentedRaftLog:OPENED:c-1,f-1,i0, conf=-1: [d75ee5e7-23bf-4370-89bc-61b60313736b:192.168.164.209:37064, c4517376-c315-4c1d-9f15-43e2d96457c0:192.168.164.209:34923, 0f3e82e6-526a-4e17-84a2-45c646fa5d25:192.168.164.209:37074], old=null
2019-09-30 20:14:01,716 [c4517376-c315-4c1d-9f15-43e2d96457c0@group-D042F038CF28-LeaderElection88] INFO  impl.RoleInfo (RoleInfo.java:shutdownLeaderElection(134)) - c4517376-c315-4c1d-9f15-43e2d96457c0: shutdown LeaderElection
2019-09-30 20:14:01,716 [c4517376-c315-4c1d-9f15-43e2d96457c0@group-D042F038CF28-LeaderElection88] INFO  impl.RaftServerImpl (RaftServerImpl.java:setRole(170)) - c4517376-c315-4c1d-9f15-43e2d96457c0@group-D042F038CF28: changes role from CANDIDATE to LEADER at term 2 for changeToLeader
2019-09-30 20:14:01,716 [c4517376-c315-4c1d-9f15-43e2d96457c0@group-D042F038CF28-LeaderElection88] INFO  impl.RaftServerImpl (ServerState.java:setLeader(255)) - c4517376-c315-4c1d-9f15-43e2d96457c0@group-D042F038CF28: change Leader from null to c4517376-c315-4c1d-9f15-43e2d96457c0 at term 2 for becomeLeader, leader elected after 10268ms
2019-09-30 20:14:01,716 [c4517376-c315-4c1d-9f15-43e2d96457c0@group-D042F038CF28-LeaderElection88] INFO  server.RaftServerConfigKeys (ConfUtils.java:logGet(43)) - raft.server.staging.catchup.gap = 1000 (default)
2019-09-30 20:14:01,717 [c4517376-c315-4c1d-9f15-43e2d96457c0@group-D042F038CF28-LeaderElection88] INFO  server.RaftServerConfigKeys (ConfUtils.java:logGet(43)) - raft.server.rpc.sleep.time = 25ms (default)
2019-09-30 20:14:01,717 [c4517376-c315-4c1d-9f15-43e2d96457c0@group-D042F038CF28-LeaderElection88] INFO  server.RaftServerConfigKeys (ConfUtils.java:logGet(43)) - raft.server.write.element-limit = 4096 (default)
2019-09-30 20:14:01,717 [c4517376-c315-4c1d-9f15-43e2d96457c0@group-D042F038CF28-LeaderElection88] INFO  server.RaftServerConfigKeys (ConfUtils.java:logGet(43)) - raft.server.watch.timeout = 10s (default)
2019-09-30 20:14:01,717 [c4517376-c315-4c1d-9f15-43e2d96457c0@group-D042F038CF28-LeaderElection88] INFO  server.RaftServerConfigKeys (ConfUtils.java:logGet(43)) - raft.server.watch.timeout.denomination = 1s (default)
2019-09-30 20:14:01,717 [c4517376-c315-4c1d-9f15-43e2d96457c0@group-D042F038CF28-LeaderElection88] INFO  server.RaftServerConfigKeys (ConfUtils.java:logGet(43)) - raft.server.watch.element-limit = 65536 (default)
2019-09-30 20:14:01,720 [c4517376-c315-4c1d-9f15-43e2d96457c0@group-D042F038CF28-LeaderElection88] INFO  server.RaftServerConfigKeys (ConfUtils.java:logGet(43)) - raft.server.log.appender.snapshot.chunk.size.max = 16MB (=16777216) (default)
2019-09-30 20:14:01,721 [c4517376-c315-4c1d-9f15-43e2d96457c0@group-D042F038CF28-LeaderElection88] INFO  server.RaftServerConfigKeys (ConfUtils.java:logGet(43)) - raft.server.log.appender.buffer.byte-limit = 33554432 (custom)
2019-09-30 20:14:01,721 [c4517376-c315-4c1d-9f15-43e2d96457c0@group-D042F038CF28-LeaderElection88] INFO  server.RaftServerConfigKeys (ConfUtils.java:logGet(43)) - raft.server.log.appender.buffer.element-limit = 1 (custom)
2019-09-30 20:14:01,721 [c4517376-c315-4c1d-9f15-43e2d96457c0@group-D042F038CF28-LeaderElection88] INFO  grpc.GrpcConfigKeys$Server (ConfUtils.java:logGet(43)) - raft.grpc.server.leader.outstanding.appends.max = 128 (default)
2019-09-30 20:14:01,721 [c4517376-c315-4c1d-9f15-43e2d96457c0@group-D042F038CF28-LeaderElection88] INFO  server.RaftServerConfigKeys (ConfUtils.java:logGet(43)) - raft.server.rpc.request.timeout = 3000ms (default)
2019-09-30 20:14:01,721 [c4517376-c315-4c1d-9f15-43e2d96457c0@group-D042F038CF28-LeaderElection88] INFO  server.RaftServerConfigKeys (ConfUtils.java:logGet(43)) - raft.server.log.appender.install.snapshot.enabled = false (custom)
2019-09-30 20:14:01,722 [c4517376-c315-4c1d-9f15-43e2d96457c0@group-D042F038CF28-LeaderElection88] INFO  server.RaftServerConfigKeys (ConfUtils.java:logGet(43)) - raft.server.log.appender.snapshot.chunk.size.max = 16MB (=16777216) (default)
2019-09-30 20:14:01,722 [c4517376-c315-4c1d-9f15-43e2d96457c0@group-D042F038CF28-LeaderElection88] INFO  server.RaftServerConfigKeys (ConfUtils.java:logGet(43)) - raft.server.log.appender.buffer.byte-limit = 33554432 (custom)
2019-09-30 20:14:01,722 [c4517376-c315-4c1d-9f15-43e2d96457c0@group-D042F038CF28-LeaderElection88] INFO  server.RaftServerConfigKeys (ConfUtils.java:logGet(43)) - raft.server.log.appender.buffer.element-limit = 1 (custom)
2019-09-30 20:14:01,722 [c4517376-c315-4c1d-9f15-43e2d96457c0@group-D042F038CF28-LeaderElection88] INFO  grpc.GrpcConfigKeys$Server (ConfUtils.java:logGet(43)) - raft.grpc.server.leader.outstanding.appends.max = 128 (default)
2019-09-30 20:14:01,722 [c4517376-c315-4c1d-9f15-43e2d96457c0@group-D042F038CF28-LeaderElection88] INFO  server.RaftServerConfigKeys (ConfUtils.java:logGet(43)) - raft.server.rpc.request.timeout = 3000ms (default)
2019-09-30 20:14:01,722 [c4517376-c315-4c1d-9f15-43e2d96457c0@group-D042F038CF28-LeaderElection88] INFO  server.RaftServerConfigKeys (ConfUtils.java:logGet(43)) - raft.server.log.appender.install.snapshot.enabled = false (custom)
2019-09-30 20:14:01,723 [c4517376-c315-4c1d-9f15-43e2d96457c0@group-D042F038CF28-LeaderElection88] INFO  impl.RoleInfo (RoleInfo.java:updateAndGet(143)) - c4517376-c315-4c1d-9f15-43e2d96457c0: start LeaderState
2019-09-30 20:14:01,723 [c4517376-c315-4c1d-9f15-43e2d96457c0@group-D042F038CF28-LeaderElection88] INFO  segmented.SegmentedRaftLogWorker (SegmentedRaftLogWorker.java:startLogSegment(385)) - c4517376-c315-4c1d-9f15-43e2d96457c0@group-D042F038CF28-SegmentedRaftLogWorker: Starting segment from index:0
2019-09-30 20:14:01,724 [c4517376-c315-4c1d-9f15-43e2d96457c0@group-D042F038CF28-LeaderElection88] INFO  impl.RaftServerImpl (ServerState.java:setRaftConf(356)) - c4517376-c315-4c1d-9f15-43e2d96457c0@group-D042F038CF28: set configuration 0: [d75ee5e7-23bf-4370-89bc-61b60313736b:192.168.164.209:37064, c4517376-c315-4c1d-9f15-43e2d96457c0:192.168.164.209:34923, 0f3e82e6-526a-4e17-84a2-45c646fa5d25:192.168.164.209:37074], old=null at 0
2019-09-30 20:14:01,745 [grpc-default-executor-3] INFO  impl.RaftServerImpl (ServerState.java:setLeader(255)) - d75ee5e7-23bf-4370-89bc-61b60313736b@group-D042F038CF28: change Leader from null to c4517376-c315-4c1d-9f15-43e2d96457c0 at term 2 for appendEntries, leader elected after 10291ms
2019-09-30 20:14:01,751 [grpc-default-executor-6] INFO  impl.RaftServerImpl (ServerState.java:setLeader(255)) - 0f3e82e6-526a-4e17-84a2-45c646fa5d25@group-D042F038CF28: change Leader from null to c4517376-c315-4c1d-9f15-43e2d96457c0 at term 2 for appendEntries, leader elected after 10296ms
2019-09-30 20:14:01,753 [grpc-default-executor-6] INFO  impl.RaftServerImpl (ServerState.java:setRaftConf(356)) - d75ee5e7-23bf-4370-89bc-61b60313736b@group-D042F038CF28: set configuration 0: [d75ee5e7-23bf-4370-89bc-61b60313736b:192.168.164.209:37064, c4517376-c315-4c1d-9f15-43e2d96457c0:192.168.164.209:34923, 0f3e82e6-526a-4e17-84a2-45c646fa5d25:192.168.164.209:37074], old=null at 0
2019-09-30 20:14:01,753 [grpc-default-executor-0] INFO  impl.RaftServerImpl (ServerState.java:setRaftConf(356)) - 0f3e82e6-526a-4e17-84a2-45c646fa5d25@group-D042F038CF28: set configuration 0: [d75ee5e7-23bf-4370-89bc-61b60313736b:192.168.164.209:37064, c4517376-c315-4c1d-9f15-43e2d96457c0:192.168.164.209:34923, 0f3e82e6-526a-4e17-84a2-45c646fa5d25:192.168.164.209:37074], old=null at 0
2019-09-30 20:14:01,753 [grpc-default-executor-6] INFO  segmented.SegmentedRaftLogWorker (SegmentedRaftLogWorker.java:startLogSegment(385)) - d75ee5e7-23bf-4370-89bc-61b60313736b@group-D042F038CF28-SegmentedRaftLogWorker: Starting segment from index:0
2019-09-30 20:14:01,753 [grpc-default-executor-0] INFO  segmented.SegmentedRaftLogWorker (SegmentedRaftLogWorker.java:startLogSegment(385)) - 0f3e82e6-526a-4e17-84a2-45c646fa5d25@group-D042F038CF28-SegmentedRaftLogWorker: Starting segment from index:0
2019-09-30 20:14:01,756 [c4517376-c315-4c1d-9f15-43e2d96457c0@group-D042F038CF28-SegmentedRaftLogWorker] INFO  segmented.SegmentedRaftLogWorker (SegmentedRaftLogWorker.java:execute(574)) - c4517376-c315-4c1d-9f15-43e2d96457c0@group-D042F038CF28-SegmentedRaftLogWorker: created new log segment /workdir/hadoop-ozone/integration-test/target/test-dir/MiniOzoneClusterImpl-cbb98d00-1d2e-480a-8768-230717893271/datanode-5/data/ratis/d77d19ef-b4d3-4c06-b6b3-d042f038cf28/current/log_inprogress_0
2019-09-30 20:14:01,770 [Datanode State Machine Thread - 0] INFO  statemachine.DatanodeStateMachine (DatanodeStateMachine.java:lambda$startDaemon$0(350)) - Ozone container server started.
2019-09-30 20:14:01,770 [main] INFO  ozoneimpl.OzoneContainer (OzoneContainer.java:stop(231)) - Attempting to stop container services.
2019-09-30 20:14:01,771 [main] INFO  impl.RaftServerProxy (RaftServerProxy.java:lambda$close$4(314)) - 659ad155-1646-4a84-a8b7-881b8f767b07: close
2019-09-30 20:14:01,772 [main] INFO  impl.RaftServerImpl (RaftServerImpl.java:lambda$shutdown$3(247)) - 659ad155-1646-4a84-a8b7-881b8f767b07@group-E545A8A01EA8: shutdown
2019-09-30 20:14:01,772 [ForkJoinPool.commonPool-worker-0] INFO  impl.RaftServerImpl (RaftServerImpl.java:lambda$shutdown$3(247)) - 659ad155-1646-4a84-a8b7-881b8f767b07@group-E420B1E8A2B5: shutdown
2019-09-30 20:14:01,772 [main] INFO  util.JmxRegister (JmxRegister.java:unregister(73)) - Successfully un-registered JMX Bean with object name Ratis:service=RaftServer,group=group-E545A8A01EA8,id=659ad155-1646-4a84-a8b7-881b8f767b07
2019-09-30 20:14:01,772 [ForkJoinPool.commonPool-worker-0] INFO  util.JmxRegister (JmxRegister.java:unregister(73)) - Successfully un-registered JMX Bean with object name Ratis:service=RaftServer,group=group-E420B1E8A2B5,id=659ad155-1646-4a84-a8b7-881b8f767b07
2019-09-30 20:14:01,772 [main] INFO  impl.RoleInfo (RoleInfo.java:shutdownLeaderState(104)) - 659ad155-1646-4a84-a8b7-881b8f767b07: shutdown LeaderState
2019-09-30 20:14:01,773 [ForkJoinPool.commonPool-worker-0] INFO  impl.RoleInfo (RoleInfo.java:shutdownLeaderState(104)) - 659ad155-1646-4a84-a8b7-881b8f767b07: shutdown LeaderState
2019-09-30 20:14:01,773 [main] INFO  impl.PendingRequests (PendingRequests.java:sendNotLeaderResponses(202)) - 659ad155-1646-4a84-a8b7-881b8f767b07@group-E545A8A01EA8-PendingRequests: sendNotLeaderResponses
2019-09-30 20:14:01,781 [org.apache.ratis.server.impl.LogAppender$AppenderDaemon$$Lambda$540/725068456@f44865f] WARN  server.GrpcLogAppender (GrpcLogAppender.java:mayWait(143)) - 659ad155-1646-4a84-a8b7-881b8f767b07@group-E420B1E8A2B5->85c3c454-62b1-4588-ba3a-62b937fadb3f-GrpcLogAppender: Wait interrupted by java.lang.InterruptedException
2019-09-30 20:14:01,781 [org.apache.ratis.server.impl.LogAppender$AppenderDaemon$$Lambda$540/725068456@3c999bd6] WARN  server.GrpcLogAppender (GrpcLogAppender.java:mayWait(143)) - 659ad155-1646-4a84-a8b7-881b8f767b07@group-E420B1E8A2B5->565b4a1d-50e8-4bff-86d8-798d26741c85-GrpcLogAppender: Wait interrupted by java.lang.InterruptedException
2019-09-30 20:14:01,781 [ForkJoinPool.commonPool-worker-0] INFO  impl.PendingRequests (PendingRequests.java:sendNotLeaderResponses(202)) - 659ad155-1646-4a84-a8b7-881b8f767b07@group-E420B1E8A2B5-PendingRequests: sendNotLeaderResponses
2019-09-30 20:14:01,778 [0f3e82e6-526a-4e17-84a2-45c646fa5d25@group-D042F038CF28-SegmentedRaftLogWorker] INFO  segmented.SegmentedRaftLogWorker (SegmentedRaftLogWorker.java:execute(574)) - 0f3e82e6-526a-4e17-84a2-45c646fa5d25@group-D042F038CF28-SegmentedRaftLogWorker: created new log segment /workdir/hadoop-ozone/integration-test/target/test-dir/MiniOzoneClusterImpl-cbb98d00-1d2e-480a-8768-230717893271/datanode-3/data/ratis/d77d19ef-b4d3-4c06-b6b3-d042f038cf28/current/log_inprogress_0
2019-09-30 20:14:01,778 [d75ee5e7-23bf-4370-89bc-61b60313736b@group-D042F038CF28-SegmentedRaftLogWorker] INFO  segmented.SegmentedRaftLogWorker (SegmentedRaftLogWorker.java:execute(574)) - d75ee5e7-23bf-4370-89bc-61b60313736b@group-D042F038CF28-SegmentedRaftLogWorker: created new log segment /workdir/hadoop-ozone/integration-test/target/test-dir/MiniOzoneClusterImpl-cbb98d00-1d2e-480a-8768-230717893271/datanode-4/data/ratis/d77d19ef-b4d3-4c06-b6b3-d042f038cf28/current/log_inprogress_0
2019-09-30 20:14:01,797 [grpc-default-executor-6] INFO  server.GrpcServerProtocolService (GrpcServerProtocolService.java:onCompleted(113)) - 565b4a1d-50e8-4bff-86d8-798d26741c85: Completed APPEND_ENTRIES, lastRequest: 659ad155-1646-4a84-a8b7-881b8f767b07->565b4a1d-50e8-4bff-86d8-798d26741c85#5-t1, previous=(t:1, i:2), leaderCommit=2, initializing? false, entries: <empty>
2019-09-30 20:14:01,797 [659ad155-1646-4a84-a8b7-881b8f767b07@group-E420B1E8A2B5-StateMachineUpdater] INFO  ratis.ContainerStateMachine (ContainerStateMachine.java:takeSnapshot(293)) - group-E420B1E8A2B5: Taking a snapshot at:(t:1, i:2) file /workdir/hadoop-ozone/integration-test/target/test-dir/MiniOzoneClusterImpl-cbb98d00-1d2e-480a-8768-230717893271/datanode-1/data/ratis/b88703a2-e02b-4a07-bdcc-e420b1e8a2b5/sm/snapshot.1_2
2019-09-30 20:14:01,797 [ForkJoinPool.commonPool-worker-0] INFO  impl.StateMachineUpdater (StateMachineUpdater.java:stopAndJoin(136)) - 659ad155-1646-4a84-a8b7-881b8f767b07@group-E420B1E8A2B5-StateMachineUpdater: set stopIndex = 2
2019-09-30 20:14:01,782 [grpc-default-executor-0] INFO  server.GrpcServerProtocolService (GrpcServerProtocolService.java:onCompleted(113)) - 85c3c454-62b1-4588-ba3a-62b937fadb3f: Completed APPEND_ENTRIES, lastRequest: 659ad155-1646-4a84-a8b7-881b8f767b07->85c3c454-62b1-4588-ba3a-62b937fadb3f#5-t1, previous=(t:1, i:2), leaderCommit=2, initializing? false, entries: <empty>
2019-09-30 20:14:01,782 [main] INFO  impl.StateMachineUpdater (StateMachineUpdater.java:stopAndJoin(136)) - 659ad155-1646-4a84-a8b7-881b8f767b07@group-E545A8A01EA8-StateMachineUpdater: set stopIndex = 0
2019-09-30 20:14:01,802 [grpc-default-executor-3] INFO  server.GrpcLogAppender (GrpcLogAppender.java:onCompleted(293)) - 659ad155-1646-4a84-a8b7-881b8f767b07@group-E420B1E8A2B5->85c3c454-62b1-4588-ba3a-62b937fadb3f-AppendLogResponseHandler: follower responses appendEntries COMPLETED
2019-09-30 20:14:01,802 [grpc-default-executor-0] INFO  server.GrpcLogAppender (GrpcLogAppender.java:onCompleted(293)) - 659ad155-1646-4a84-a8b7-881b8f767b07@group-E420B1E8A2B5->565b4a1d-50e8-4bff-86d8-798d26741c85-AppendLogResponseHandler: follower responses appendEntries COMPLETED
2019-09-30 20:14:01,802 [main] INFO  impl.RaftServerImpl (ServerState.java:close(387)) - 659ad155-1646-4a84-a8b7-881b8f767b07@group-E545A8A01EA8: closes. applyIndex: 0
2019-09-30 20:14:01,803 [grpc-default-executor-3] INFO  impl.FollowerInfo (FollowerInfo.java:lambda$new$0(51)) - 659ad155-1646-4a84-a8b7-881b8f767b07@group-E420B1E8A2B5->85c3c454-62b1-4588-ba3a-62b937fadb3f: nextIndex: updateUnconditionally 3 -> 2
2019-09-30 20:14:01,803 [659ad155-1646-4a84-a8b7-881b8f767b07@group-E545A8A01EA8-SegmentedRaftLogWorker] INFO  segmented.SegmentedRaftLogWorker (SegmentedRaftLogWorker.java:run(316)) - 659ad155-1646-4a84-a8b7-881b8f767b07@group-E545A8A01EA8-SegmentedRaftLogWorker was interrupted, exiting. There are 0 tasks remaining in the queue.
2019-09-30 20:14:01,803 [grpc-default-executor-0] INFO  impl.FollowerInfo (FollowerInfo.java:lambda$new$0(51)) - 659ad155-1646-4a84-a8b7-881b8f767b07@group-E420B1E8A2B5->565b4a1d-50e8-4bff-86d8-798d26741c85: nextIndex: updateUnconditionally 3 -> 2
2019-09-30 20:14:01,808 [main] INFO  segmented.SegmentedRaftLogWorker (SegmentedRaftLogWorker.java:close(224)) - 659ad155-1646-4a84-a8b7-881b8f767b07@group-E545A8A01EA8-SegmentedRaftLogWorker close()
2019-09-30 20:14:01,808 [659ad155-1646-4a84-a8b7-881b8f767b07@group-E420B1E8A2B5-StateMachineUpdater] INFO  ratis.ContainerStateMachine (ContainerStateMachine.java:takeSnapshot(304)) - group-E420B1E8A2B5: Finished taking a snapshot at:(t:1, i:2) file:/workdir/hadoop-ozone/integration-test/target/test-dir/MiniOzoneClusterImpl-cbb98d00-1d2e-480a-8768-230717893271/datanode-1/data/ratis/b88703a2-e02b-4a07-bdcc-e420b1e8a2b5/sm/snapshot.1_2 time:11
2019-09-30 20:14:01,817 [659ad155-1646-4a84-a8b7-881b8f767b07@group-E420B1E8A2B5-StateMachineUpdater] INFO  impl.StateMachineUpdater (StateMachineUpdater.java:takeSnapshot(269)) - 659ad155-1646-4a84-a8b7-881b8f767b07@group-E420B1E8A2B5-StateMachineUpdater: Took a snapshot at index 2
2019-09-30 20:14:01,817 [659ad155-1646-4a84-a8b7-881b8f767b07@group-E420B1E8A2B5-StateMachineUpdater] INFO  impl.StateMachineUpdater (StateMachineUpdater.java:lambda$new$0(84)) - 659ad155-1646-4a84-a8b7-881b8f767b07@group-E420B1E8A2B5-StateMachineUpdater: snapshotIndex: updateIncreasingly -1 -> 2
2019-09-30 20:14:01,817 [ForkJoinPool.commonPool-worker-0] INFO  impl.RaftServerImpl (ServerState.java:close(387)) - 659ad155-1646-4a84-a8b7-881b8f767b07@group-E420B1E8A2B5: closes. applyIndex: 2
2019-09-30 20:14:01,818 [659ad155-1646-4a84-a8b7-881b8f767b07@group-E420B1E8A2B5-SegmentedRaftLogWorker] INFO  segmented.SegmentedRaftLogWorker (SegmentedRaftLogWorker.java:run(316)) - 659ad155-1646-4a84-a8b7-881b8f767b07@group-E420B1E8A2B5-SegmentedRaftLogWorker was interrupted, exiting. There are 0 tasks remaining in the queue.
2019-09-30 20:14:01,822 [ForkJoinPool.commonPool-worker-0] INFO  segmented.SegmentedRaftLogWorker (SegmentedRaftLogWorker.java:close(224)) - 659ad155-1646-4a84-a8b7-881b8f767b07@group-E420B1E8A2B5-SegmentedRaftLogWorker close()
2019-09-30 20:14:01,831 [main] INFO  server.GrpcService (GrpcService.java:closeImpl(164)) - 659ad155-1646-4a84-a8b7-881b8f767b07: shutdown server with port 35868 now
2019-09-30 20:14:01,832 [main] INFO  server.GrpcService (GrpcService.java:closeImpl(172)) - 659ad155-1646-4a84-a8b7-881b8f767b07: shutdown server with port 35868 successfully
2019-09-30 20:14:01,837 [refreshUsed-/workdir/hadoop-ozone/integration-test/target/test-dir/MiniOzoneClusterImpl-cbb98d00-1d2e-480a-8768-230717893271/datanode-1/data/containers] WARN  fs.CachingGetSpaceUsed (CachingGetSpaceUsed.java:run(183)) - Thread Interrupted waiting to refresh disk information: sleep interrupted
2019-09-30 20:14:01,849 [main] INFO  utils.BackgroundService (BackgroundService.java:shutdown(148)) - Shutting down service BlockDeletingService
2019-09-30 20:14:01,860 [main] INFO  statemachine.DatanodeStateMachine (DatanodeStateMachine.java:stopDaemon(395)) - Ozone container server stopped.
2019-09-30 20:14:01,861 [main] INFO  handler.ContextHandler (ContextHandler.java:doStop(910)) - Stopped o.e.j.w.WebAppContext@3b0d3a63{/,null,UNAVAILABLE}{/hddsDatanode}
2019-09-30 20:14:01,861 [main] INFO  server.AbstractConnector (AbstractConnector.java:doStop(318)) - Stopped ServerConnector@50598a1a{HTTP/1.1,[http/1.1]}{0.0.0.0:0}
2019-09-30 20:14:01,862 [main] INFO  handler.ContextHandler (ContextHandler.java:doStop(910)) - Stopped o.e.j.s.ServletContextHandler@7ccd611e{/static,jar:file:/home/user/.m2/repository/org/apache/hadoop/hadoop-hdds-container-service/0.5.0-SNAPSHOT/hadoop-hdds-container-service-0.5.0-SNAPSHOT.jar!/webapps/static,UNAVAILABLE}
2019-09-30 20:14:01,862 [main] INFO  handler.ContextHandler (ContextHandler.java:doStop(910)) - Stopped o.e.j.s.ServletContextHandler@463afa6e{/logs,file:///workdir/hadoop-ozone/integration-test/target/log,UNAVAILABLE}
2019-09-30 20:14:02,045 [EventQueue-StaleNodeForStaleNodeHandler] INFO  node.StaleNodeHandler (StaleNodeHandler.java:onMessage(58)) - Datanode e3cd7ddd-71e6-4087-b78a-a2f343ce8905{ip: 192.168.164.209, host: pr-hdds-2210-ncz7r-3016196628, networkLocation: /default-rack, certSerialId: null} moved to stale state. Finalizing its pipelines [PipelineID=9467a6ef-8865-41a2-a1eb-fca45b1aa64b, PipelineID=3d1417a6-0f48-4924-96db-8ed5b5eaaf88]
2019-09-30 20:14:02,046 [EventQueue-StaleNodeForStaleNodeHandler] INFO  pipeline.SCMPipelineManager (SCMPipelineManager.java:finalizeAndDestroyPipeline(315)) - destroying pipeline:Pipeline[ Id: 9467a6ef-8865-41a2-a1eb-fca45b1aa64b, Nodes: e3cd7ddd-71e6-4087-b78a-a2f343ce8905{ip: 192.168.164.209, host: pr-hdds-2210-ncz7r-3016196628, networkLocation: /default-rack, certSerialId: null}, Type:RATIS, Factor:ONE, State:OPEN]
2019-09-30 20:14:02,046 [EventQueue-StaleNodeForStaleNodeHandler] INFO  pipeline.PipelineStateManager (PipelineStateManager.java:finalizePipeline(123)) - Pipeline Pipeline[ Id: 9467a6ef-8865-41a2-a1eb-fca45b1aa64b, Nodes: e3cd7ddd-71e6-4087-b78a-a2f343ce8905{ip: 192.168.164.209, host: pr-hdds-2210-ncz7r-3016196628, networkLocation: /default-rack, certSerialId: null}, Type:RATIS, Factor:ONE, State:CLOSED] moved to CLOSED state
2019-09-30 20:14:02,046 [EventQueue-StaleNodeForStaleNodeHandler] INFO  pipeline.SCMPipelineManager (SCMPipelineManager.java:finalizeAndDestroyPipeline(315)) - destroying pipeline:Pipeline[ Id: 3d1417a6-0f48-4924-96db-8ed5b5eaaf88, Nodes: e3cd7ddd-71e6-4087-b78a-a2f343ce8905{ip: 192.168.164.209, host: pr-hdds-2210-ncz7r-3016196628, networkLocation: /default-rack, certSerialId: null}0c62d7ee-acdc-4014-b8e4-a22ebcbdb566{ip: 192.168.164.209, host: pr-hdds-2210-ncz7r-3016196628, networkLocation: /default-rack, certSerialId: null}fdb07fac-a038-4dd2-bf3a-e692e6ea73ee{ip: 192.168.164.209, host: pr-hdds-2210-ncz7r-3016196628, networkLocation: /default-rack, certSerialId: null}, Type:RATIS, Factor:THREE, State:OPEN]
2019-09-30 20:14:02,046 [EventQueue-StaleNodeForStaleNodeHandler] INFO  pipeline.PipelineStateManager (PipelineStateManager.java:finalizePipeline(123)) - Pipeline Pipeline[ Id: 3d1417a6-0f48-4924-96db-8ed5b5eaaf88, Nodes: e3cd7ddd-71e6-4087-b78a-a2f343ce8905{ip: 192.168.164.209, host: pr-hdds-2210-ncz7r-3016196628, networkLocation: /default-rack, certSerialId: null}0c62d7ee-acdc-4014-b8e4-a22ebcbdb566{ip: 192.168.164.209, host: pr-hdds-2210-ncz7r-3016196628, networkLocation: /default-rack, certSerialId: null}fdb07fac-a038-4dd2-bf3a-e692e6ea73ee{ip: 192.168.164.209, host: pr-hdds-2210-ncz7r-3016196628, networkLocation: /default-rack, certSerialId: null}, Type:RATIS, Factor:THREE, State:CLOSED] moved to CLOSED state
2019-09-30 20:14:02,047 [EventQueue-CloseContainerForCloseContainerEventHandler] INFO  container.CloseContainerEventHandler (CloseContainerEventHandler.java:onMessage(61)) - Close container Event triggered for container : #1
2019-09-30 20:14:02,751 [grpc-default-executor-6] WARN  server.GrpcLogAppender (LogUtils.java:warn(134)) - fdb07fac-a038-4dd2-bf3a-e692e6ea73ee@group-8ED5B5EAAF88->e3cd7ddd-71e6-4087-b78a-a2f343ce8905-AppendLogResponseHandler: Failed appendEntries: org.apache.ratis.thirdparty.io.grpc.StatusRuntimeException: UNAVAILABLE: io exception
2019-09-30 20:14:02,757 [grpc-default-executor-7] WARN  server.GrpcLogAppender (LogUtils.java:warn(134)) - fdb07fac-a038-4dd2-bf3a-e692e6ea73ee@group-8ED5B5EAAF88->0c62d7ee-acdc-4014-b8e4-a22ebcbdb566-AppendLogResponseHandler: Failed appendEntries: org.apache.ratis.thirdparty.io.grpc.StatusRuntimeException: UNAVAILABLE: io exception
2019-09-30 20:14:02,757 [grpc-default-executor-6] INFO  impl.FollowerInfo (FollowerInfo.java:lambda$new$0(51)) - fdb07fac-a038-4dd2-bf3a-e692e6ea73ee@group-8ED5B5EAAF88->e3cd7ddd-71e6-4087-b78a-a2f343ce8905: nextIndex: updateUnconditionally 0 -> 0
2019-09-30 20:14:02,758 [grpc-default-executor-7] INFO  impl.FollowerInfo (FollowerInfo.java:lambda$new$0(51)) - fdb07fac-a038-4dd2-bf3a-e692e6ea73ee@group-8ED5B5EAAF88->0c62d7ee-acdc-4014-b8e4-a22ebcbdb566: nextIndex: updateUnconditionally 0 -> 0
2019-09-30 20:14:04,789 [grpc-default-executor-7] WARN  server.GrpcLogAppender (LogUtils.java:warn(134)) - fdb07fac-a038-4dd2-bf3a-e692e6ea73ee@group-8ED5B5EAAF88->e3cd7ddd-71e6-4087-b78a-a2f343ce8905-AppendLogResponseHandler: Failed appendEntries: org.apache.ratis.thirdparty.io.grpc.StatusRuntimeException: UNAVAILABLE: io exception
2019-09-30 20:14:04,789 [grpc-default-executor-3] WARN  server.GrpcLogAppender (LogUtils.java:warn(134)) - fdb07fac-a038-4dd2-bf3a-e692e6ea73ee@group-8ED5B5EAAF88->0c62d7ee-acdc-4014-b8e4-a22ebcbdb566-AppendLogResponseHandler: Failed appendEntries: org.apache.ratis.thirdparty.io.grpc.StatusRuntimeException: UNAVAILABLE: io exception
2019-09-30 20:14:04,789 [grpc-default-executor-7] INFO  impl.FollowerInfo (FollowerInfo.java:lambda$new$0(51)) - fdb07fac-a038-4dd2-bf3a-e692e6ea73ee@group-8ED5B5EAAF88->e3cd7ddd-71e6-4087-b78a-a2f343ce8905: nextIndex: updateUnconditionally 1 -> 0
2019-09-30 20:14:04,790 [grpc-default-executor-3] INFO  impl.FollowerInfo (FollowerInfo.java:lambda$new$0(51)) - fdb07fac-a038-4dd2-bf3a-e692e6ea73ee@group-8ED5B5EAAF88->0c62d7ee-acdc-4014-b8e4-a22ebcbdb566: nextIndex: updateUnconditionally 1 -> 0
2019-09-30 20:14:07,290 [grpc-default-executor-7] WARN  server.GrpcLogAppender (LogUtils.java:warn(134)) - fdb07fac-a038-4dd2-bf3a-e692e6ea73ee@group-8ED5B5EAAF88->0c62d7ee-acdc-4014-b8e4-a22ebcbdb566-AppendLogResponseHandler: Failed appendEntries: org.apache.ratis.thirdparty.io.grpc.StatusRuntimeException: UNAVAILABLE: io exception
2019-09-30 20:14:07,290 [grpc-default-executor-2] WARN  server.GrpcLogAppender (LogUtils.java:warn(134)) - fdb07fac-a038-4dd2-bf3a-e692e6ea73ee@group-8ED5B5EAAF88->e3cd7ddd-71e6-4087-b78a-a2f343ce8905-AppendLogResponseHandler: Failed appendEntries: org.apache.ratis.thirdparty.io.grpc.StatusRuntimeException: UNAVAILABLE: io exception
2019-09-30 20:14:07,291 [grpc-default-executor-7] INFO  impl.FollowerInfo (FollowerInfo.java:lambda$new$0(51)) - fdb07fac-a038-4dd2-bf3a-e692e6ea73ee@group-8ED5B5EAAF88->0c62d7ee-acdc-4014-b8e4-a22ebcbdb566: nextIndex: updateUnconditionally 0 -> 0
2019-09-30 20:14:07,291 [grpc-default-executor-2] INFO  impl.FollowerInfo (FollowerInfo.java:lambda$new$0(51)) - fdb07fac-a038-4dd2-bf3a-e692e6ea73ee@group-8ED5B5EAAF88->e3cd7ddd-71e6-4087-b78a-a2f343ce8905: nextIndex: updateUnconditionally 0 -> 0
2019-09-30 20:14:07,857 [EventQueue-StaleNodeForStaleNodeHandler] INFO  node.StaleNodeHandler (StaleNodeHandler.java:onMessage(58)) - Datanode 0c62d7ee-acdc-4014-b8e4-a22ebcbdb566{ip: 192.168.164.209, host: pr-hdds-2210-ncz7r-3016196628, networkLocation: /default-rack, certSerialId: null} moved to stale state. Finalizing its pipelines [PipelineID=3d1417a6-0f48-4924-96db-8ed5b5eaaf88, PipelineID=a32836fa-38b7-4239-8600-9a41d80e6739]
2019-09-30 20:14:07,858 [EventQueue-StaleNodeForStaleNodeHandler] INFO  pipeline.SCMPipelineManager (SCMPipelineManager.java:finalizeAndDestroyPipeline(315)) - destroying pipeline:Pipeline[ Id: 3d1417a6-0f48-4924-96db-8ed5b5eaaf88, Nodes: e3cd7ddd-71e6-4087-b78a-a2f343ce8905{ip: 192.168.164.209, host: pr-hdds-2210-ncz7r-3016196628, networkLocation: /default-rack, certSerialId: null}0c62d7ee-acdc-4014-b8e4-a22ebcbdb566{ip: 192.168.164.209, host: pr-hdds-2210-ncz7r-3016196628, networkLocation: /default-rack, certSerialId: null}fdb07fac-a038-4dd2-bf3a-e692e6ea73ee{ip: 192.168.164.209, host: pr-hdds-2210-ncz7r-3016196628, networkLocation: /default-rack, certSerialId: null}, Type:RATIS, Factor:THREE, State:CLOSED]
2019-09-30 20:14:07,858 [EventQueue-StaleNodeForStaleNodeHandler] INFO  pipeline.SCMPipelineManager (SCMPipelineManager.java:finalizeAndDestroyPipeline(315)) - destroying pipeline:Pipeline[ Id: a32836fa-38b7-4239-8600-9a41d80e6739, Nodes: 0c62d7ee-acdc-4014-b8e4-a22ebcbdb566{ip: 192.168.164.209, host: pr-hdds-2210-ncz7r-3016196628, networkLocation: /default-rack, certSerialId: null}, Type:RATIS, Factor:ONE, State:OPEN]
2019-09-30 20:14:07,858 [EventQueue-StaleNodeForStaleNodeHandler] INFO  pipeline.PipelineStateManager (PipelineStateManager.java:finalizePipeline(123)) - Pipeline Pipeline[ Id: a32836fa-38b7-4239-8600-9a41d80e6739, Nodes: 0c62d7ee-acdc-4014-b8e4-a22ebcbdb566{ip: 192.168.164.209, host: pr-hdds-2210-ncz7r-3016196628, networkLocation: /default-rack, certSerialId: null}, Type:RATIS, Factor:ONE, State:CLOSED] moved to CLOSED state
2019-09-30 20:14:09,792 [grpc-default-executor-6] WARN  server.GrpcLogAppender (LogUtils.java:warn(134)) - fdb07fac-a038-4dd2-bf3a-e692e6ea73ee@group-8ED5B5EAAF88->e3cd7ddd-71e6-4087-b78a-a2f343ce8905-AppendLogResponseHandler: Failed appendEntries: org.apache.ratis.thirdparty.io.grpc.StatusRuntimeException: UNAVAILABLE: io exception
2019-09-30 20:14:09,792 [grpc-default-executor-0] WARN  server.GrpcLogAppender (LogUtils.java:warn(134)) - fdb07fac-a038-4dd2-bf3a-e692e6ea73ee@group-8ED5B5EAAF88->0c62d7ee-acdc-4014-b8e4-a22ebcbdb566-AppendLogResponseHandler: Failed appendEntries: org.apache.ratis.thirdparty.io.grpc.StatusRuntimeException: UNAVAILABLE: io exception
2019-09-30 20:14:09,804 [grpc-default-executor-6] INFO  impl.FollowerInfo (FollowerInfo.java:lambda$new$0(51)) - fdb07fac-a038-4dd2-bf3a-e692e6ea73ee@group-8ED5B5EAAF88->e3cd7ddd-71e6-4087-b78a-a2f343ce8905: nextIndex: updateUnconditionally 0 -> 0
2019-09-30 20:14:09,804 [grpc-default-executor-0] INFO  impl.FollowerInfo (FollowerInfo.java:lambda$new$0(51)) - fdb07fac-a038-4dd2-bf3a-e692e6ea73ee@group-8ED5B5EAAF88->0c62d7ee-acdc-4014-b8e4-a22ebcbdb566: nextIndex: updateUnconditionally 0 -> 0
2019-09-30 20:14:11,362 [Thread-2367] INFO  impl.FollowerState (FollowerState.java:run(108)) - 565b4a1d-50e8-4bff-86d8-798d26741c85@group-E420B1E8A2B5-FollowerState: change to CANDIDATE, lastRpcTime:9610ms, electionTimeout:5096ms
2019-09-30 20:14:11,363 [Thread-2367] INFO  impl.RoleInfo (RoleInfo.java:shutdownFollowerState(121)) - 565b4a1d-50e8-4bff-86d8-798d26741c85: shutdown FollowerState
2019-09-30 20:14:11,363 [Thread-2367] INFO  impl.RaftServerImpl (RaftServerImpl.java:setRole(170)) - 565b4a1d-50e8-4bff-86d8-798d26741c85@group-E420B1E8A2B5: changes role from  FOLLOWER to CANDIDATE at term 1 for changeToCandidate
2019-09-30 20:14:11,363 [Thread-2367] INFO  impl.RoleInfo (RoleInfo.java:updateAndGet(143)) - 565b4a1d-50e8-4bff-86d8-798d26741c85: start LeaderElection
2019-09-30 20:14:11,368 [565b4a1d-50e8-4bff-86d8-798d26741c85@group-E420B1E8A2B5-LeaderElection89] INFO  impl.RaftServerImpl (ServerState.java:setLeader(255)) - 565b4a1d-50e8-4bff-86d8-798d26741c85@group-E420B1E8A2B5: change Leader from 659ad155-1646-4a84-a8b7-881b8f767b07 to null at term 1 for initElection
2019-09-30 20:14:11,381 [565b4a1d-50e8-4bff-86d8-798d26741c85@group-E420B1E8A2B5-LeaderElection89] INFO  impl.LeaderElection (LeaderElection.java:askForVotes(178)) - 565b4a1d-50e8-4bff-86d8-798d26741c85@group-E420B1E8A2B5-LeaderElection89: begin an election at term 2 for 0: [85c3c454-62b1-4588-ba3a-62b937fadb3f:192.168.164.209:35457, 659ad155-1646-4a84-a8b7-881b8f767b07:192.168.164.209:35868, 565b4a1d-50e8-4bff-86d8-798d26741c85:192.168.164.209:32983], old=null
2019-09-30 20:14:11,385 [565b4a1d-50e8-4bff-86d8-798d26741c85@group-E420B1E8A2B5-LeaderElection89] INFO  impl.LeaderElection (LogUtils.java:infoOrTrace(149)) - 565b4a1d-50e8-4bff-86d8-798d26741c85@group-E420B1E8A2B5-LeaderElection89 got exception when requesting votes: {}
java.util.concurrent.ExecutionException: org.apache.ratis.thirdparty.io.grpc.StatusRuntimeException: UNAVAILABLE: io exception
	at java.util.concurrent.FutureTask.report(FutureTask.java:122)
	at java.util.concurrent.FutureTask.get(FutureTask.java:192)
	at org.apache.ratis.server.impl.LeaderElection.waitForResults(LeaderElection.java:259)
	at org.apache.ratis.server.impl.LeaderElection.askForVotes(LeaderElection.java:197)
	at org.apache.ratis.server.impl.LeaderElection.run(LeaderElection.java:133)
	at java.lang.Thread.run(Thread.java:748)
Caused by: org.apache.ratis.thirdparty.io.grpc.StatusRuntimeException: UNAVAILABLE: io exception
	at org.apache.ratis.thirdparty.io.grpc.stub.ClientCalls.toStatusRuntimeException(ClientCalls.java:233)
	at org.apache.ratis.thirdparty.io.grpc.stub.ClientCalls.getUnchecked(ClientCalls.java:214)
	at org.apache.ratis.thirdparty.io.grpc.stub.ClientCalls.blockingUnaryCall(ClientCalls.java:139)
	at org.apache.ratis.proto.grpc.RaftServerProtocolServiceGrpc$RaftServerProtocolServiceBlockingStub.requestVote(RaftServerProtocolServiceGrpc.java:265)
	at org.apache.ratis.grpc.server.GrpcServerProtocolClient.requestVote(GrpcServerProtocolClient.java:99)
	at org.apache.ratis.grpc.server.GrpcService.requestVote(GrpcService.java:204)
	at org.apache.ratis.server.impl.LeaderElection.lambda$submitRequests$1(LeaderElection.java:234)
	at java.util.concurrent.FutureTask.run(FutureTask.java:266)
	at java.util.concurrent.Executors$RunnableAdapter.call(Executors.java:511)
	at java.util.concurrent.FutureTask.run(FutureTask.java:266)
	at java.util.concurrent.ThreadPoolExecutor.runWorker(ThreadPoolExecutor.java:1149)
	at java.util.concurrent.ThreadPoolExecutor$Worker.run(ThreadPoolExecutor.java:624)
	... 1 more
Caused by: org.apache.ratis.thirdparty.io.netty.channel.AbstractChannel$AnnotatedConnectException: Connection refused: /192.168.164.209:35868
	at sun.nio.ch.SocketChannelImpl.checkConnect(Native Method)
	at sun.nio.ch.SocketChannelImpl.finishConnect(SocketChannelImpl.java:717)
	at org.apache.ratis.thirdparty.io.netty.channel.socket.nio.NioSocketChannel.doFinishConnect(NioSocketChannel.java:327)
	at org.apache.ratis.thirdparty.io.netty.channel.nio.AbstractNioChannel$AbstractNioUnsafe.finishConnect(AbstractNioChannel.java:340)
	at org.apache.ratis.thirdparty.io.netty.channel.nio.NioEventLoop.processSelectedKey(NioEventLoop.java:632)
	at org.apache.ratis.thirdparty.io.netty.channel.nio.NioEventLoop.processSelectedKeysOptimized(NioEventLoop.java:579)
	at org.apache.ratis.thirdparty.io.netty.channel.nio.NioEventLoop.processSelectedKeys(NioEventLoop.java:496)
	at org.apache.ratis.thirdparty.io.netty.channel.nio.NioEventLoop.run(NioEventLoop.java:458)
	at org.apache.ratis.thirdparty.io.netty.util.concurrent.SingleThreadEventExecutor$5.run(SingleThreadEventExecutor.java:897)
	at org.apache.ratis.thirdparty.io.netty.util.concurrent.FastThreadLocalRunnable.run(FastThreadLocalRunnable.java:30)
	... 1 more
Caused by: java.net.ConnectException: Connection refused
	... 11 more
2019-09-30 20:14:11,387 [grpc-default-executor-0] INFO  impl.RaftServerImpl (ServerState.java:setLeader(255)) - 85c3c454-62b1-4588-ba3a-62b937fadb3f@group-E420B1E8A2B5: change Leader from 659ad155-1646-4a84-a8b7-881b8f767b07 to null at term 2 for updateCurrentTerm
2019-09-30 20:14:11,387 [grpc-default-executor-0] INFO  impl.RaftServerImpl (RaftServerImpl.java:setRole(170)) - 85c3c454-62b1-4588-ba3a-62b937fadb3f@group-E420B1E8A2B5: changes role from  FOLLOWER to FOLLOWER at term 2 for recognizeCandidate:565b4a1d-50e8-4bff-86d8-798d26741c85
2019-09-30 20:14:11,387 [grpc-default-executor-0] INFO  impl.RoleInfo (RoleInfo.java:shutdownFollowerState(121)) - 85c3c454-62b1-4588-ba3a-62b937fadb3f: shutdown FollowerState
2019-09-30 20:14:11,387 [grpc-default-executor-0] INFO  impl.RoleInfo (RoleInfo.java:updateAndGet(143)) - 85c3c454-62b1-4588-ba3a-62b937fadb3f: start FollowerState
2019-09-30 20:14:11,387 [Thread-2366] INFO  impl.FollowerState (FollowerState.java:run(117)) - 85c3c454-62b1-4588-ba3a-62b937fadb3f@group-E420B1E8A2B5-FollowerState was interrupted: java.lang.InterruptedException: sleep interrupted
2019-09-30 20:14:11,408 [565b4a1d-50e8-4bff-86d8-798d26741c85@group-E420B1E8A2B5-LeaderElection89] INFO  impl.LeaderElection (LeaderElection.java:logAndReturn(56)) - 565b4a1d-50e8-4bff-86d8-798d26741c85@group-E420B1E8A2B5-LeaderElection89: Election PASSED; received 1 response(s) [565b4a1d-50e8-4bff-86d8-798d26741c85<-85c3c454-62b1-4588-ba3a-62b937fadb3f#0:OK-t2] and 1 exception(s); 565b4a1d-50e8-4bff-86d8-798d26741c85@group-E420B1E8A2B5:t2, leader=null, voted=565b4a1d-50e8-4bff-86d8-798d26741c85, raftlog=565b4a1d-50e8-4bff-86d8-798d26741c85@group-E420B1E8A2B5-SegmentedRaftLog:OPENED:c2,f2,i2, conf=0: [85c3c454-62b1-4588-ba3a-62b937fadb3f:192.168.164.209:35457, 659ad155-1646-4a84-a8b7-881b8f767b07:192.168.164.209:35868, 565b4a1d-50e8-4bff-86d8-798d26741c85:192.168.164.209:32983], old=null
2019-09-30 20:14:11,408 [565b4a1d-50e8-4bff-86d8-798d26741c85@group-E420B1E8A2B5-LeaderElection89] INFO  impl.LeaderElection (LogUtils.java:infoOrTrace(149)) -   Exception 0: {}
java.util.concurrent.ExecutionException: org.apache.ratis.thirdparty.io.grpc.StatusRuntimeException: UNAVAILABLE: io exception
	at java.util.concurrent.FutureTask.report(FutureTask.java:122)
	at java.util.concurrent.FutureTask.get(FutureTask.java:192)
	at org.apache.ratis.server.impl.LeaderElection.waitForResults(LeaderElection.java:259)
	at org.apache.ratis.server.impl.LeaderElection.askForVotes(LeaderElection.java:197)
	at org.apache.ratis.server.impl.LeaderElection.run(LeaderElection.java:133)
	at java.lang.Thread.run(Thread.java:748)
Caused by: org.apache.ratis.thirdparty.io.grpc.StatusRuntimeException: UNAVAILABLE: io exception
	at org.apache.ratis.thirdparty.io.grpc.stub.ClientCalls.toStatusRuntimeException(ClientCalls.java:233)
	at org.apache.ratis.thirdparty.io.grpc.stub.ClientCalls.getUnchecked(ClientCalls.java:214)
	at org.apache.ratis.thirdparty.io.grpc.stub.ClientCalls.blockingUnaryCall(ClientCalls.java:139)
	at org.apache.ratis.proto.grpc.RaftServerProtocolServiceGrpc$RaftServerProtocolServiceBlockingStub.requestVote(RaftServerProtocolServiceGrpc.java:265)
	at org.apache.ratis.grpc.server.GrpcServerProtocolClient.requestVote(GrpcServerProtocolClient.java:99)
	at org.apache.ratis.grpc.server.GrpcService.requestVote(GrpcService.java:204)
	at org.apache.ratis.server.impl.LeaderElection.lambda$submitRequests$1(LeaderElection.java:234)
	at java.util.concurrent.FutureTask.run(FutureTask.java:266)
	at java.util.concurrent.Executors$RunnableAdapter.call(Executors.java:511)
	at java.util.concurrent.FutureTask.run(FutureTask.java:266)
	at java.util.concurrent.ThreadPoolExecutor.runWorker(ThreadPoolExecutor.java:1149)
	at java.util.concurrent.ThreadPoolExecutor$Worker.run(ThreadPoolExecutor.java:624)
	... 1 more
Caused by: org.apache.ratis.thirdparty.io.netty.channel.AbstractChannel$AnnotatedConnectException: Connection refused: /192.168.164.209:35868
	at sun.nio.ch.SocketChannelImpl.checkConnect(Native Method)
	at sun.nio.ch.SocketChannelImpl.finishConnect(SocketChannelImpl.java:717)
	at org.apache.ratis.thirdparty.io.netty.channel.socket.nio.NioSocketChannel.doFinishConnect(NioSocketChannel.java:327)
	at org.apache.ratis.thirdparty.io.netty.channel.nio.AbstractNioChannel$AbstractNioUnsafe.finishConnect(AbstractNioChannel.java:340)
	at org.apache.ratis.thirdparty.io.netty.channel.nio.NioEventLoop.processSelectedKey(NioEventLoop.java:632)
	at org.apache.ratis.thirdparty.io.netty.channel.nio.NioEventLoop.processSelectedKeysOptimized(NioEventLoop.java:579)
	at org.apache.ratis.thirdparty.io.netty.channel.nio.NioEventLoop.processSelectedKeys(NioEventLoop.java:496)
	at org.apache.ratis.thirdparty.io.netty.channel.nio.NioEventLoop.run(NioEventLoop.java:458)
	at org.apache.ratis.thirdparty.io.netty.util.concurrent.SingleThreadEventExecutor$5.run(SingleThreadEventExecutor.java:897)
	at org.apache.ratis.thirdparty.io.netty.util.concurrent.FastThreadLocalRunnable.run(FastThreadLocalRunnable.java:30)
	... 1 more
Caused by: java.net.ConnectException: Connection refused
	... 11 more
2019-09-30 20:14:11,409 [565b4a1d-50e8-4bff-86d8-798d26741c85@group-E420B1E8A2B5-LeaderElection89] INFO  impl.RoleInfo (RoleInfo.java:shutdownLeaderElection(134)) - 565b4a1d-50e8-4bff-86d8-798d26741c85: shutdown LeaderElection
2019-09-30 20:14:11,409 [565b4a1d-50e8-4bff-86d8-798d26741c85@group-E420B1E8A2B5-LeaderElection89] INFO  impl.RaftServerImpl (RaftServerImpl.java:setRole(170)) - 565b4a1d-50e8-4bff-86d8-798d26741c85@group-E420B1E8A2B5: changes role from CANDIDATE to LEADER at term 2 for changeToLeader
2019-09-30 20:14:11,409 [565b4a1d-50e8-4bff-86d8-798d26741c85@group-E420B1E8A2B5-LeaderElection89] INFO  impl.RaftServerImpl (ServerState.java:setLeader(255)) - 565b4a1d-50e8-4bff-86d8-798d26741c85@group-E420B1E8A2B5: change Leader from null to 565b4a1d-50e8-4bff-86d8-798d26741c85 at term 2 for becomeLeader, leader elected after 41ms
2019-09-30 20:14:11,410 [565b4a1d-50e8-4bff-86d8-798d26741c85@group-E420B1E8A2B5-LeaderElection89] INFO  server.RaftServerConfigKeys (ConfUtils.java:logGet(43)) - raft.server.staging.catchup.gap = 1000 (default)
2019-09-30 20:14:11,410 [565b4a1d-50e8-4bff-86d8-798d26741c85@group-E420B1E8A2B5-LeaderElection89] INFO  server.RaftServerConfigKeys (ConfUtils.java:logGet(43)) - raft.server.rpc.sleep.time = 25ms (default)
2019-09-30 20:14:11,410 [565b4a1d-50e8-4bff-86d8-798d26741c85@group-E420B1E8A2B5-LeaderElection89] INFO  server.RaftServerConfigKeys (ConfUtils.java:logGet(43)) - raft.server.write.element-limit = 4096 (default)
2019-09-30 20:14:11,411 [565b4a1d-50e8-4bff-86d8-798d26741c85@group-E420B1E8A2B5-LeaderElection89] INFO  server.RaftServerConfigKeys (ConfUtils.java:logGet(43)) - raft.server.watch.timeout = 10s (default)
2019-09-30 20:14:11,411 [565b4a1d-50e8-4bff-86d8-798d26741c85@group-E420B1E8A2B5-LeaderElection89] INFO  server.RaftServerConfigKeys (ConfUtils.java:logGet(43)) - raft.server.watch.timeout.denomination = 1s (default)
2019-09-30 20:14:11,411 [565b4a1d-50e8-4bff-86d8-798d26741c85@group-E420B1E8A2B5-LeaderElection89] INFO  server.RaftServerConfigKeys (ConfUtils.java:logGet(43)) - raft.server.watch.element-limit = 65536 (default)
2019-09-30 20:14:11,414 [565b4a1d-50e8-4bff-86d8-798d26741c85@group-E420B1E8A2B5-LeaderElection89] INFO  server.RaftServerConfigKeys (ConfUtils.java:logGet(43)) - raft.server.log.appender.snapshot.chunk.size.max = 16MB (=16777216) (default)
2019-09-30 20:14:11,414 [565b4a1d-50e8-4bff-86d8-798d26741c85@group-E420B1E8A2B5-LeaderElection89] INFO  server.RaftServerConfigKeys (ConfUtils.java:logGet(43)) - raft.server.log.appender.buffer.byte-limit = 33554432 (custom)
2019-09-30 20:14:11,415 [565b4a1d-50e8-4bff-86d8-798d26741c85@group-E420B1E8A2B5-LeaderElection89] INFO  server.RaftServerConfigKeys (ConfUtils.java:logGet(43)) - raft.server.log.appender.buffer.element-limit = 1 (custom)
2019-09-30 20:14:11,415 [565b4a1d-50e8-4bff-86d8-798d26741c85@group-E420B1E8A2B5-LeaderElection89] INFO  grpc.GrpcConfigKeys$Server (ConfUtils.java:logGet(43)) - raft.grpc.server.leader.outstanding.appends.max = 128 (default)
2019-09-30 20:14:11,415 [565b4a1d-50e8-4bff-86d8-798d26741c85@group-E420B1E8A2B5-LeaderElection89] INFO  server.RaftServerConfigKeys (ConfUtils.java:logGet(43)) - raft.server.rpc.request.timeout = 3000ms (default)
2019-09-30 20:14:11,415 [565b4a1d-50e8-4bff-86d8-798d26741c85@group-E420B1E8A2B5-LeaderElection89] INFO  server.RaftServerConfigKeys (ConfUtils.java:logGet(43)) - raft.server.log.appender.install.snapshot.enabled = false (custom)
2019-09-30 20:14:11,415 [565b4a1d-50e8-4bff-86d8-798d26741c85@group-E420B1E8A2B5-LeaderElection89] INFO  server.RaftServerConfigKeys (ConfUtils.java:logGet(43)) - raft.server.log.appender.snapshot.chunk.size.max = 16MB (=16777216) (default)
2019-09-30 20:14:11,416 [565b4a1d-50e8-4bff-86d8-798d26741c85@group-E420B1E8A2B5-LeaderElection89] INFO  server.RaftServerConfigKeys (ConfUtils.java:logGet(43)) - raft.server.log.appender.buffer.byte-limit = 33554432 (custom)
2019-09-30 20:14:11,416 [565b4a1d-50e8-4bff-86d8-798d26741c85@group-E420B1E8A2B5-LeaderElection89] INFO  server.RaftServerConfigKeys (ConfUtils.java:logGet(43)) - raft.server.log.appender.buffer.element-limit = 1 (custom)
2019-09-30 20:14:11,416 [565b4a1d-50e8-4bff-86d8-798d26741c85@group-E420B1E8A2B5-LeaderElection89] INFO  grpc.GrpcConfigKeys$Server (ConfUtils.java:logGet(43)) - raft.grpc.server.leader.outstanding.appends.max = 128 (default)
2019-09-30 20:14:11,416 [565b4a1d-50e8-4bff-86d8-798d26741c85@group-E420B1E8A2B5-LeaderElection89] INFO  server.RaftServerConfigKeys (ConfUtils.java:logGet(43)) - raft.server.rpc.request.timeout = 3000ms (default)
2019-09-30 20:14:11,416 [565b4a1d-50e8-4bff-86d8-798d26741c85@group-E420B1E8A2B5-LeaderElection89] INFO  server.RaftServerConfigKeys (ConfUtils.java:logGet(43)) - raft.server.log.appender.install.snapshot.enabled = false (custom)
2019-09-30 20:14:11,416 [565b4a1d-50e8-4bff-86d8-798d26741c85@group-E420B1E8A2B5-LeaderElection89] INFO  impl.RoleInfo (RoleInfo.java:updateAndGet(143)) - 565b4a1d-50e8-4bff-86d8-798d26741c85: start LeaderState
2019-09-30 20:14:11,417 [565b4a1d-50e8-4bff-86d8-798d26741c85@group-E420B1E8A2B5-LeaderElection89] INFO  segmented.SegmentedRaftLogWorker (SegmentedRaftLogWorker.java:rollLogSegment(390)) - 565b4a1d-50e8-4bff-86d8-798d26741c85@group-E420B1E8A2B5-SegmentedRaftLogWorker: Rolling segment log-0_2 to index:2
2019-09-30 20:14:11,418 [565b4a1d-50e8-4bff-86d8-798d26741c85@group-E420B1E8A2B5-LeaderElection89] INFO  impl.RaftServerImpl (ServerState.java:setRaftConf(356)) - 565b4a1d-50e8-4bff-86d8-798d26741c85@group-E420B1E8A2B5: set configuration 3: [85c3c454-62b1-4588-ba3a-62b937fadb3f:192.168.164.209:35457, 659ad155-1646-4a84-a8b7-881b8f767b07:192.168.164.209:35868, 565b4a1d-50e8-4bff-86d8-798d26741c85:192.168.164.209:32983], old=null at 3
2019-09-30 20:14:11,419 [565b4a1d-50e8-4bff-86d8-798d26741c85@group-E420B1E8A2B5-SegmentedRaftLogWorker] INFO  segmented.SegmentedRaftLogWorker (SegmentedRaftLogWorker.java:execute(531)) - 565b4a1d-50e8-4bff-86d8-798d26741c85@group-E420B1E8A2B5-SegmentedRaftLogWorker: Rolled log segment from /workdir/hadoop-ozone/integration-test/target/test-dir/MiniOzoneClusterImpl-cbb98d00-1d2e-480a-8768-230717893271/datanode-0/data/ratis/b88703a2-e02b-4a07-bdcc-e420b1e8a2b5/current/log_inprogress_0 to /workdir/hadoop-ozone/integration-test/target/test-dir/MiniOzoneClusterImpl-cbb98d00-1d2e-480a-8768-230717893271/datanode-0/data/ratis/b88703a2-e02b-4a07-bdcc-e420b1e8a2b5/current/log_0-2
2019-09-30 20:14:11,419 [grpc-default-executor-0] WARN  server.GrpcLogAppender (LogUtils.java:warn(134)) - 565b4a1d-50e8-4bff-86d8-798d26741c85@group-E420B1E8A2B5->659ad155-1646-4a84-a8b7-881b8f767b07-AppendLogResponseHandler: Failed appendEntries: org.apache.ratis.thirdparty.io.grpc.StatusRuntimeException: UNAVAILABLE: io exception
2019-09-30 20:14:11,423 [grpc-default-executor-0] INFO  impl.FollowerInfo (FollowerInfo.java:lambda$new$0(51)) - 565b4a1d-50e8-4bff-86d8-798d26741c85@group-E420B1E8A2B5->659ad155-1646-4a84-a8b7-881b8f767b07: nextIndex: updateUnconditionally 3 -> 1
2019-09-30 20:14:11,423 [grpc-default-executor-0] INFO  impl.RaftServerImpl (ServerState.java:setLeader(255)) - 85c3c454-62b1-4588-ba3a-62b937fadb3f@group-E420B1E8A2B5: change Leader from null to 565b4a1d-50e8-4bff-86d8-798d26741c85 at term 2 for appendEntries, leader elected after 36ms
2019-09-30 20:14:11,426 [grpc-default-executor-0] INFO  impl.RaftServerImpl (ServerState.java:setRaftConf(356)) - 85c3c454-62b1-4588-ba3a-62b937fadb3f@group-E420B1E8A2B5: set configuration 3: [85c3c454-62b1-4588-ba3a-62b937fadb3f:192.168.164.209:35457, 659ad155-1646-4a84-a8b7-881b8f767b07:192.168.164.209:35868, 565b4a1d-50e8-4bff-86d8-798d26741c85:192.168.164.209:32983], old=null at 3
2019-09-30 20:14:11,426 [grpc-default-executor-0] INFO  segmented.SegmentedRaftLogWorker (SegmentedRaftLogWorker.java:rollLogSegment(390)) - 85c3c454-62b1-4588-ba3a-62b937fadb3f@group-E420B1E8A2B5-SegmentedRaftLogWorker: Rolling segment log-0_2 to index:2
2019-09-30 20:14:11,427 [85c3c454-62b1-4588-ba3a-62b937fadb3f@group-E420B1E8A2B5-SegmentedRaftLogWorker] INFO  segmented.SegmentedRaftLogWorker (SegmentedRaftLogWorker.java:execute(531)) - 85c3c454-62b1-4588-ba3a-62b937fadb3f@group-E420B1E8A2B5-SegmentedRaftLogWorker: Rolled log segment from /workdir/hadoop-ozone/integration-test/target/test-dir/MiniOzoneClusterImpl-cbb98d00-1d2e-480a-8768-230717893271/datanode-2/data/ratis/b88703a2-e02b-4a07-bdcc-e420b1e8a2b5/current/log_inprogress_0 to /workdir/hadoop-ozone/integration-test/target/test-dir/MiniOzoneClusterImpl-cbb98d00-1d2e-480a-8768-230717893271/datanode-2/data/ratis/b88703a2-e02b-4a07-bdcc-e420b1e8a2b5/current/log_0-2
2019-09-30 20:14:11,453 [565b4a1d-50e8-4bff-86d8-798d26741c85@group-E420B1E8A2B5-SegmentedRaftLogWorker] INFO  segmented.SegmentedRaftLogWorker (SegmentedRaftLogWorker.java:execute(574)) - 565b4a1d-50e8-4bff-86d8-798d26741c85@group-E420B1E8A2B5-SegmentedRaftLogWorker: created new log segment /workdir/hadoop-ozone/integration-test/target/test-dir/MiniOzoneClusterImpl-cbb98d00-1d2e-480a-8768-230717893271/datanode-0/data/ratis/b88703a2-e02b-4a07-bdcc-e420b1e8a2b5/current/log_inprogress_3
2019-09-30 20:14:11,456 [85c3c454-62b1-4588-ba3a-62b937fadb3f@group-E420B1E8A2B5-SegmentedRaftLogWorker] INFO  segmented.SegmentedRaftLogWorker (SegmentedRaftLogWorker.java:execute(574)) - 85c3c454-62b1-4588-ba3a-62b937fadb3f@group-E420B1E8A2B5-SegmentedRaftLogWorker: created new log segment /workdir/hadoop-ozone/integration-test/target/test-dir/MiniOzoneClusterImpl-cbb98d00-1d2e-480a-8768-230717893271/datanode-2/data/ratis/b88703a2-e02b-4a07-bdcc-e420b1e8a2b5/current/log_inprogress_3
2019-09-30 20:14:11,480 [grpc-default-executor-6] WARN  server.GrpcLogAppender (LogUtils.java:warn(134)) - 565b4a1d-50e8-4bff-86d8-798d26741c85@group-E420B1E8A2B5->659ad155-1646-4a84-a8b7-881b8f767b07-AppendLogResponseHandler: Failed appendEntries: org.apache.ratis.thirdparty.io.grpc.StatusRuntimeException: UNAVAILABLE: io exception
2019-09-30 20:14:11,480 [grpc-default-executor-6] INFO  impl.FollowerInfo (FollowerInfo.java:lambda$new$0(51)) - 565b4a1d-50e8-4bff-86d8-798d26741c85@group-E420B1E8A2B5->659ad155-1646-4a84-a8b7-881b8f767b07: nextIndex: updateUnconditionally 2 -> 1
2019-09-30 20:14:11,494 [grpc-default-executor-3] WARN  server.GrpcLogAppender (LogUtils.java:warn(134)) - 565b4a1d-50e8-4bff-86d8-798d26741c85@group-E420B1E8A2B5->659ad155-1646-4a84-a8b7-881b8f767b07-AppendLogResponseHandler: Failed appendEntries: org.apache.ratis.thirdparty.io.grpc.StatusRuntimeException: UNAVAILABLE: io exception
2019-09-30 20:14:11,495 [grpc-default-executor-3] INFO  impl.FollowerInfo (FollowerInfo.java:lambda$new$0(51)) - 565b4a1d-50e8-4bff-86d8-798d26741c85@group-E420B1E8A2B5->659ad155-1646-4a84-a8b7-881b8f767b07: nextIndex: updateUnconditionally 2 -> 1
2019-09-30 20:14:12,294 [grpc-default-executor-0] WARN  server.GrpcLogAppender (LogUtils.java:warn(134)) - fdb07fac-a038-4dd2-bf3a-e692e6ea73ee@group-8ED5B5EAAF88->0c62d7ee-acdc-4014-b8e4-a22ebcbdb566-AppendLogResponseHandler: Failed appendEntries: org.apache.ratis.thirdparty.io.grpc.StatusRuntimeException: UNAVAILABLE: io exception
2019-09-30 20:14:12,294 [grpc-default-executor-6] WARN  server.GrpcLogAppender (LogUtils.java:warn(134)) - fdb07fac-a038-4dd2-bf3a-e692e6ea73ee@group-8ED5B5EAAF88->e3cd7ddd-71e6-4087-b78a-a2f343ce8905-AppendLogResponseHandler: Failed appendEntries: org.apache.ratis.thirdparty.io.grpc.StatusRuntimeException: UNAVAILABLE: io exception
2019-09-30 20:14:12,296 [grpc-default-executor-6] INFO  impl.FollowerInfo (FollowerInfo.java:lambda$new$0(51)) - fdb07fac-a038-4dd2-bf3a-e692e6ea73ee@group-8ED5B5EAAF88->e3cd7ddd-71e6-4087-b78a-a2f343ce8905: nextIndex: updateUnconditionally 0 -> 0
2019-09-30 20:14:12,296 [grpc-default-executor-0] INFO  impl.FollowerInfo (FollowerInfo.java:lambda$new$0(51)) - fdb07fac-a038-4dd2-bf3a-e692e6ea73ee@group-8ED5B5EAAF88->0c62d7ee-acdc-4014-b8e4-a22ebcbdb566: nextIndex: updateUnconditionally 0 -> 0
]]></system-out>
    <system-err><![CDATA[Sep 30, 2019 8:13:46 PM org.apache.ratis.thirdparty.io.grpc.internal.ManagedChannelOrphanWrapper$ManagedChannelReference cleanQueue
SEVERE: *~*~*~ Channel ManagedChannelImpl{logId=1274, target=192.168.164.209:33925} was not shutdown properly!!! ~*~*~*
    Make sure to call shutdown()/shutdownNow() and wait until awaitTermination() returns true.
java.lang.RuntimeException: ManagedChannel allocation site
	at org.apache.ratis.thirdparty.io.grpc.internal.ManagedChannelOrphanWrapper$ManagedChannelReference.<init>(ManagedChannelOrphanWrapper.java:103)
	at org.apache.ratis.thirdparty.io.grpc.internal.ManagedChannelOrphanWrapper.<init>(ManagedChannelOrphanWrapper.java:53)
	at org.apache.ratis.thirdparty.io.grpc.internal.ManagedChannelOrphanWrapper.<init>(ManagedChannelOrphanWrapper.java:44)
	at org.apache.ratis.thirdparty.io.grpc.internal.AbstractManagedChannelImplBuilder.build(AbstractManagedChannelImplBuilder.java:411)
	at org.apache.ratis.grpc.client.GrpcClientProtocolClient.<init>(GrpcClientProtocolClient.java:128)
	at org.apache.ratis.grpc.client.GrpcClientRpc.lambda$new$0(GrpcClientRpc.java:55)
	at org.apache.ratis.util.PeerProxyMap$PeerAndProxy.lambda$getProxy$0(PeerProxyMap.java:61)
	at org.apache.ratis.util.LifeCycle.startAndTransition(LifeCycle.java:202)
	at org.apache.ratis.util.PeerProxyMap$PeerAndProxy.getProxy(PeerProxyMap.java:60)
	at org.apache.ratis.util.PeerProxyMap.getProxy(PeerProxyMap.java:108)
	at org.apache.ratis.grpc.client.GrpcClientRpc.sendRequestAsync(GrpcClientRpc.java:66)
	at org.apache.ratis.client.impl.OrderedAsync.sendRequest(OrderedAsync.java:208)
	at org.apache.ratis.client.impl.OrderedAsync.sendRequestWithRetry(OrderedAsync.java:169)
	at org.apache.ratis.util.SlidingWindow$Client.sendOrDelayRequest(SlidingWindow.java:278)
	at org.apache.ratis.util.SlidingWindow$Client.retry(SlidingWindow.java:294)
	at org.apache.ratis.client.impl.OrderedAsync.lambda$scheduleWithTimeout$7(OrderedAsync.java:195)
	at org.apache.ratis.util.TimeoutScheduler.lambda$onTimeout$0(TimeoutScheduler.java:113)
	at org.apache.ratis.util.TimeoutScheduler.lambda$onTimeout$1(TimeoutScheduler.java:133)
	at org.apache.ratis.util.LogUtils.runAndLog(LogUtils.java:50)
	at org.apache.ratis.util.LogUtils$1.run(LogUtils.java:91)
	at java.util.concurrent.Executors$RunnableAdapter.call(Executors.java:511)
	at java.util.concurrent.FutureTask.run(FutureTask.java:266)
	at java.util.concurrent.ScheduledThreadPoolExecutor$ScheduledFutureTask.access$201(ScheduledThreadPoolExecutor.java:180)
	at java.util.concurrent.ScheduledThreadPoolExecutor$ScheduledFutureTask.run(ScheduledThreadPoolExecutor.java:293)
	at java.util.concurrent.ThreadPoolExecutor.runWorker(ThreadPoolExecutor.java:1149)
	at java.util.concurrent.ThreadPoolExecutor$Worker.run(ThreadPoolExecutor.java:624)
	at java.lang.Thread.run(Thread.java:748)

Sep 30, 2019 8:13:46 PM org.apache.ratis.thirdparty.io.grpc.internal.ManagedChannelOrphanWrapper$ManagedChannelReference cleanQueue
SEVERE: *~*~*~ Channel ManagedChannelImpl{logId=810, target=192.168.164.209:34121} was not shutdown properly!!! ~*~*~*
    Make sure to call shutdown()/shutdownNow() and wait until awaitTermination() returns true.
java.lang.RuntimeException: ManagedChannel allocation site
	at org.apache.ratis.thirdparty.io.grpc.internal.ManagedChannelOrphanWrapper$ManagedChannelReference.<init>(ManagedChannelOrphanWrapper.java:103)
	at org.apache.ratis.thirdparty.io.grpc.internal.ManagedChannelOrphanWrapper.<init>(ManagedChannelOrphanWrapper.java:53)
	at org.apache.ratis.thirdparty.io.grpc.internal.ManagedChannelOrphanWrapper.<init>(ManagedChannelOrphanWrapper.java:44)
	at org.apache.ratis.thirdparty.io.grpc.internal.AbstractManagedChannelImplBuilder.build(AbstractManagedChannelImplBuilder.java:411)
	at org.apache.ratis.grpc.client.GrpcClientProtocolClient.<init>(GrpcClientProtocolClient.java:128)
	at org.apache.ratis.grpc.client.GrpcClientRpc.lambda$new$0(GrpcClientRpc.java:55)
	at org.apache.ratis.util.PeerProxyMap$PeerAndProxy.lambda$getProxy$0(PeerProxyMap.java:61)
	at org.apache.ratis.util.LifeCycle.startAndTransition(LifeCycle.java:202)
	at org.apache.ratis.util.PeerProxyMap$PeerAndProxy.getProxy(PeerProxyMap.java:60)
	at org.apache.ratis.util.PeerProxyMap.getProxy(PeerProxyMap.java:108)
	at org.apache.ratis.grpc.client.GrpcClientRpc.sendRequestAsyncUnordered(GrpcClientRpc.java:78)
	at org.apache.ratis.client.impl.UnorderedAsync.sendRequestWithRetry(UnorderedAsync.java:75)
	at org.apache.ratis.client.impl.UnorderedAsync.lambda$null$2(UnorderedAsync.java:120)
	at org.apache.ratis.util.TimeoutScheduler.lambda$onTimeout$0(TimeoutScheduler.java:113)
	at org.apache.ratis.util.TimeoutScheduler.lambda$onTimeout$1(TimeoutScheduler.java:133)
	at org.apache.ratis.util.LogUtils.runAndLog(LogUtils.java:50)
	at org.apache.ratis.util.LogUtils$1.run(LogUtils.java:91)
	at java.util.concurrent.Executors$RunnableAdapter.call(Executors.java:511)
	at java.util.concurrent.FutureTask.run(FutureTask.java:266)
	at java.util.concurrent.ScheduledThreadPoolExecutor$ScheduledFutureTask.access$201(ScheduledThreadPoolExecutor.java:180)
	at java.util.concurrent.ScheduledThreadPoolExecutor$ScheduledFutureTask.run(ScheduledThreadPoolExecutor.java:293)
	at java.util.concurrent.ThreadPoolExecutor.runWorker(ThreadPoolExecutor.java:1149)
	at java.util.concurrent.ThreadPoolExecutor$Worker.run(ThreadPoolExecutor.java:624)
	at java.lang.Thread.run(Thread.java:748)

]]></system-err>
  </testcase>
</testsuite>