<?xml version="1.0" encoding="UTF-8"?>
<testsuite xmlns:xsi="http://www.w3.org/2001/XMLSchema-instance" xsi:noNamespaceSchemaLocation="https://maven.apache.org/surefire/maven-surefire-plugin/xsd/surefire-test-report.xsd" name="org.apache.hadoop.hdds.scm.pipeline.TestRatisPipelineCreateAndDestroy" time="49.613" tests="2" errors="0" skipped="0" failures="1">
  <properties>
    <property name="awt.toolkit" value="sun.awt.X11.XToolkit"/>
    <property name="file.encoding.pkg" value="sun.io"/>
    <property name="java.specification.version" value="1.8"/>
    <property name="sun.cpu.isalist" value=""/>
    <property name="sun.jnu.encoding" value="ANSI_X3.4-1968"/>
    <property name="java.class.path" value="/workdir/hadoop-ozone/integration-test/target/test-classes:/workdir/hadoop-ozone/integration-test/target/classes:/home/user/.m2/repository/org/apache/hadoop/hadoop-ozone-common/0.5.0-SNAPSHOT/hadoop-ozone-common-0.5.0-SNAPSHOT.jar:/home/user/.m2/repository/org/apache/commons/commons-compress/1.4.1/commons-compress-1.4.1.jar:/home/user/.m2/repository/org/tukaani/xz/1.0/xz-1.0.jar:/home/user/.m2/repository/org/apache/hadoop/hadoop-common/3.2.0/hadoop-common-3.2.0.jar:/home/user/.m2/repository/org/apache/hadoop/hadoop-hdfs/3.2.0/hadoop-hdfs-3.2.0.jar:/home/user/.m2/repository/org/apache/hadoop/hadoop-hdfs-client/3.2.0/hadoop-hdfs-client-3.2.0.jar:/home/user/.m2/repository/com/fasterxml/jackson/core/jackson-annotations/2.9.9/jackson-annotations-2.9.9.jar:/home/user/.m2/repository/org/apache/hadoop/hadoop-hdds-common/0.5.0-SNAPSHOT/hadoop-hdds-common-0.5.0-SNAPSHOT.jar:/home/user/.m2/repository/javax/annotation/javax.annotation-api/1.2/javax.annotation-api-1.2.jar:/home/user/.m2/repository/org/apache/ratis/ratis-server/0.5.0-201fc85-SNAPSHOT/ratis-server-0.5.0-201fc85-SNAPSHOT.jar:/home/user/.m2/repository/org/apache/ratis/ratis-thirdparty-misc/0.2.0/ratis-thirdparty-misc-0.2.0.jar:/home/user/.m2/repository/org/apache/ratis/ratis-proto/0.5.0-201fc85-SNAPSHOT/ratis-proto-0.5.0-201fc85-SNAPSHOT.jar:/home/user/.m2/repository/org/apache/ratis/ratis-common/0.5.0-201fc85-SNAPSHOT/ratis-common-0.5.0-201fc85-SNAPSHOT.jar:/home/user/.m2/repository/org/apache/ratis/ratis-client/0.5.0-201fc85-SNAPSHOT/ratis-client-0.5.0-201fc85-SNAPSHOT.jar:/home/user/.m2/repository/org/apache/ratis/ratis-metrics/0.5.0-201fc85-SNAPSHOT/ratis-metrics-0.5.0-201fc85-SNAPSHOT.jar:/home/user/.m2/repository/com/github/joshelser/dropwizard-metrics-hadoop-metrics2-reporter/0.1.2/dropwizard-metrics-hadoop-metrics2-reporter-0.1.2.jar:/home/user/.m2/repository/io/dropwizard/metrics/metrics-jvm/3.2.5/metrics-jvm-3.2.5.jar:/home/user/.m2/repository/io/dropwizard/metrics/metrics-ganglia/3.2.5/metrics-ganglia-3.2.5.jar:/home/user/.m2/repository/info/ganglia/gmetric4j/gmetric4j/1.0.7/gmetric4j-1.0.7.jar:/home/user/.m2/repository/org/apache/ratis/ratis-netty/0.5.0-201fc85-SNAPSHOT/ratis-netty-0.5.0-201fc85-SNAPSHOT.jar:/home/user/.m2/repository/org/apache/ratis/ratis-grpc/0.5.0-201fc85-SNAPSHOT/ratis-grpc-0.5.0-201fc85-SNAPSHOT.jar:/home/user/.m2/repository/org/rocksdb/rocksdbjni/6.0.1/rocksdbjni-6.0.1.jar:/home/user/.m2/repository/org/apache/logging/log4j/log4j-api/2.11.0/log4j-api-2.11.0.jar:/home/user/.m2/repository/org/apache/logging/log4j/log4j-core/2.11.0/log4j-core-2.11.0.jar:/home/user/.m2/repository/com/lmax/disruptor/3.4.2/disruptor-3.4.2.jar:/home/user/.m2/repository/org/apache/commons/commons-pool2/2.6.0/commons-pool2-2.6.0.jar:/home/user/.m2/repository/org/bouncycastle/bcpkix-jdk15on/1.60/bcpkix-jdk15on-1.60.jar:/home/user/.m2/repository/commons-validator/commons-validator/1.6/commons-validator-1.6.jar:/home/user/.m2/repository/commons-digester/commons-digester/1.8.1/commons-digester-1.8.1.jar:/home/user/.m2/repository/io/jaegertracing/jaeger-client/0.34.0/jaeger-client-0.34.0.jar:/home/user/.m2/repository/io/jaegertracing/jaeger-thrift/0.34.0/jaeger-thrift-0.34.0.jar:/home/user/.m2/repository/org/apache/thrift/libthrift/0.12.0/libthrift-0.12.0.jar:/home/user/.m2/repository/com/squareup/okhttp3/okhttp/3.9.0/okhttp-3.9.0.jar:/home/user/.m2/repository/com/squareup/okio/okio/1.13.0/okio-1.13.0.jar:/home/user/.m2/repository/io/jaegertracing/jaeger-core/0.34.0/jaeger-core-0.34.0.jar:/home/user/.m2/repository/io/jaegertracing/jaeger-tracerresolver/0.34.0/jaeger-tracerresolver-0.34.0.jar:/home/user/.m2/repository/io/opentracing/contrib/opentracing-tracerresolver/0.1.5/opentracing-tracerresolver-0.1.5.jar:/home/user/.m2/repository/io/opentracing/opentracing-util/0.31.0/opentracing-util-0.31.0.jar:/home/user/.m2/repository/io/opentracing/opentracing-api/0.31.0/opentracing-api-0.31.0.jar:/home/user/.m2/repository/io/opentracing/opentracing-noop/0.31.0/opentracing-noop-0.31.0.jar:/home/user/.m2/repository/org/apache/hadoop/hadoop-hdds-server-framework/0.5.0-SNAPSHOT/hadoop-hdds-server-framework-0.5.0-SNAPSHOT.jar:/home/user/.m2/repository/org/apache/hadoop/hadoop-hdds-container-service/0.5.0-SNAPSHOT/hadoop-hdds-container-service-0.5.0-SNAPSHOT.jar:/home/user/.m2/repository/org/apache/hadoop/hadoop-hdds-client/0.5.0-SNAPSHOT/hadoop-hdds-client-0.5.0-SNAPSHOT.jar:/home/user/.m2/repository/org/apache/hadoop/hadoop-hdds-tools/0.5.0-SNAPSHOT/hadoop-hdds-tools-0.5.0-SNAPSHOT.jar:/home/user/.m2/repository/org/apache/hadoop/hadoop-hdds-server-scm/0.5.0-SNAPSHOT/hadoop-hdds-server-scm-0.5.0-SNAPSHOT.jar:/home/user/.m2/repository/org/apache/hadoop/hadoop-hdds-docs/0.5.0-SNAPSHOT/hadoop-hdds-docs-0.5.0-SNAPSHOT.jar:/home/user/.m2/repository/io/dropwizard/metrics/metrics-core/3.2.4/metrics-core-3.2.4.jar:/home/user/.m2/repository/org/hamcrest/hamcrest-all/1.3/hamcrest-all-1.3.jar:/home/user/.m2/repository/org/bouncycastle/bcprov-jdk15on/1.60/bcprov-jdk15on-1.60.jar:/home/user/.m2/repository/info/picocli/picocli/3.9.6/picocli-3.9.6.jar:/home/user/.m2/repository/com/google/protobuf/protobuf-java/2.5.0/protobuf-java-2.5.0.jar:/home/user/.m2/repository/com/google/guava/guava/11.0.2/guava-11.0.2.jar:/home/user/.m2/repository/org/apache/hadoop/hadoop-ozone-ozone-manager/0.5.0-SNAPSHOT/hadoop-ozone-ozone-manager-0.5.0-SNAPSHOT.jar:/home/user/.m2/repository/org/apache/hadoop/hadoop-minikdc/3.2.0/hadoop-minikdc-3.2.0.jar:/home/user/.m2/repository/commons-io/commons-io/2.5/commons-io-2.5.jar:/home/user/.m2/repository/org/apache/kerby/kerb-simplekdc/1.0.1/kerb-simplekdc-1.0.1.jar:/home/user/.m2/repository/org/apache/kerby/kerb-client/1.0.1/kerb-client-1.0.1.jar:/home/user/.m2/repository/org/apache/kerby/kerby-config/1.0.1/kerby-config-1.0.1.jar:/home/user/.m2/repository/org/apache/kerby/kerb-core/1.0.1/kerb-core-1.0.1.jar:/home/user/.m2/repository/org/apache/kerby/kerby-pkix/1.0.1/kerby-pkix-1.0.1.jar:/home/user/.m2/repository/org/apache/kerby/kerby-asn1/1.0.1/kerby-asn1-1.0.1.jar:/home/user/.m2/repository/org/apache/kerby/kerby-util/1.0.1/kerby-util-1.0.1.jar:/home/user/.m2/repository/org/apache/kerby/kerb-common/1.0.1/kerb-common-1.0.1.jar:/home/user/.m2/repository/org/apache/kerby/kerb-crypto/1.0.1/kerb-crypto-1.0.1.jar:/home/user/.m2/repository/org/apache/kerby/kerb-util/1.0.1/kerb-util-1.0.1.jar:/home/user/.m2/repository/org/apache/kerby/token-provider/1.0.1/token-provider-1.0.1.jar:/home/user/.m2/repository/org/apache/kerby/kerb-admin/1.0.1/kerb-admin-1.0.1.jar:/home/user/.m2/repository/org/apache/kerby/kerb-server/1.0.1/kerb-server-1.0.1.jar:/home/user/.m2/repository/org/apache/kerby/kerb-identity/1.0.1/kerb-identity-1.0.1.jar:/home/user/.m2/repository/org/apache/kerby/kerby-xdr/1.0.1/kerby-xdr-1.0.1.jar:/home/user/.m2/repository/org/slf4j/slf4j-log4j12/1.7.25/slf4j-log4j12-1.7.25.jar:/home/user/.m2/repository/org/apache/hadoop/hadoop-ozone-s3gateway/0.5.0-SNAPSHOT/hadoop-ozone-s3gateway-0.5.0-SNAPSHOT.jar:/home/user/.m2/repository/org/jboss/weld/servlet/weld-servlet/2.4.7.Final/weld-servlet-2.4.7.Final.jar:/home/user/.m2/repository/org/glassfish/jersey/containers/jersey-container-servlet-core/2.27/jersey-container-servlet-core-2.27.jar:/home/user/.m2/repository/org/glassfish/hk2/external/javax.inject/2.5.0-b42/javax.inject-2.5.0-b42.jar:/home/user/.m2/repository/org/glassfish/jersey/core/jersey-common/2.27/jersey-common-2.27.jar:/home/user/.m2/repository/org/glassfish/hk2/osgi-resource-locator/1.0.1/osgi-resource-locator-1.0.1.jar:/home/user/.m2/repository/javax/ws/rs/javax.ws.rs-api/2.1/javax.ws.rs-api-2.1.jar:/home/user/.m2/repository/org/glassfish/jersey/ext/cdi/jersey-cdi1x/2.27/jersey-cdi1x-2.27.jar:/home/user/.m2/repository/org/glassfish/jersey/inject/jersey-hk2/2.27/jersey-hk2-2.27.jar:/home/user/.m2/repository/org/glassfish/hk2/hk2-locator/2.5.0-b42/hk2-locator-2.5.0-b42.jar:/home/user/.m2/repository/org/javassist/javassist/3.22.0-CR2/javassist-3.22.0-CR2.jar:/home/user/.m2/repository/org/glassfish/hk2/hk2-api/2.5.0/hk2-api-2.5.0.jar:/home/user/.m2/repository/org/glassfish/hk2/external/jakarta.inject/2.5.0/jakarta.inject-2.5.0.jar:/home/user/.m2/repository/org/glassfish/hk2/hk2-utils/2.5.0/hk2-utils-2.5.0.jar:/home/user/.m2/repository/jakarta/annotation/jakarta.annotation-api/1.3.4/jakarta.annotation-api-1.3.4.jar:/home/user/.m2/repository/org/glassfish/hk2/external/aopalliance-repackaged/2.5.0/aopalliance-repackaged-2.5.0.jar:/home/user/.m2/repository/com/fasterxml/jackson/dataformat/jackson-dataformat-xml/2.9.0/jackson-dataformat-xml-2.9.0.jar:/home/user/.m2/repository/com/fasterxml/jackson/core/jackson-core/2.9.9/jackson-core-2.9.9.jar:/home/user/.m2/repository/com/fasterxml/jackson/module/jackson-module-jaxb-annotations/2.9.9/jackson-module-jaxb-annotations-2.9.9.jar:/home/user/.m2/repository/javax/enterprise/cdi-api/1.2/cdi-api-1.2.jar:/home/user/.m2/repository/javax/el/javax.el-api/3.0.0/javax.el-api-3.0.0.jar:/home/user/.m2/repository/javax/interceptor/javax.interceptor-api/1.2/javax.interceptor-api-1.2.jar:/home/user/.m2/repository/javax/inject/javax.inject/1/javax.inject-1.jar:/home/user/.m2/repository/com/sun/xml/bind/jaxb-impl/2.3.0.1/jaxb-impl-2.3.0.1.jar:/home/user/.m2/repository/com/sun/xml/bind/jaxb-core/2.3.0.1/jaxb-core-2.3.0.1.jar:/home/user/.m2/repository/javax/xml/bind/jaxb-api/2.3.0/jaxb-api-2.3.0.jar:/home/user/.m2/repository/javax/activation/activation/1.1.1/activation-1.1.1.jar:/home/user/.m2/repository/org/apache/hadoop/hadoop-ozone-csi/0.5.0-SNAPSHOT/hadoop-ozone-csi-0.5.0-SNAPSHOT.jar:/home/user/.m2/repository/com/google/protobuf/protobuf-java-util/3.5.1/protobuf-java-util-3.5.1.jar:/home/user/.m2/repository/org/apache/hadoop/hadoop-hdds-config/0.5.0-SNAPSHOT/hadoop-hdds-config-0.5.0-SNAPSHOT.jar:/home/user/.m2/repository/io/grpc/grpc-netty/1.17.1/grpc-netty-1.17.1.jar:/home/user/.m2/repository/io/grpc/grpc-core/1.17.1/grpc-core-1.17.1.jar:/home/user/.m2/repository/io/grpc/grpc-context/1.17.1/grpc-context-1.17.1.jar:/home/user/.m2/repository/com/google/errorprone/error_prone_annotations/2.2.0/error_prone_annotations-2.2.0.jar:/home/user/.m2/repository/org/codehaus/mojo/animal-sniffer-annotations/1.17/animal-sniffer-annotations-1.17.jar:/home/user/.m2/repository/io/opencensus/opencensus-api/0.17.0/opencensus-api-0.17.0.jar:/home/user/.m2/repository/io/opencensus/opencensus-contrib-grpc-metrics/0.17.0/opencensus-contrib-grpc-metrics-0.17.0.jar:/home/user/.m2/repository/io/netty/netty-codec-http2/4.1.30.Final/netty-codec-http2-4.1.30.Final.jar:/home/user/.m2/repository/io/netty/netty-codec-http/4.1.30.Final/netty-codec-http-4.1.30.Final.jar:/home/user/.m2/repository/io/netty/netty-codec/4.1.30.Final/netty-codec-4.1.30.Final.jar:/home/user/.m2/repository/io/netty/netty-handler/4.1.30.Final/netty-handler-4.1.30.Final.jar:/home/user/.m2/repository/io/netty/netty-handler-proxy/4.1.30.Final/netty-handler-proxy-4.1.30.Final.jar:/home/user/.m2/repository/io/netty/netty-codec-socks/4.1.30.Final/netty-codec-socks-4.1.30.Final.jar:/home/user/.m2/repository/io/netty/netty-transport-native-epoll/4.1.30.Final/netty-transport-native-epoll-4.1.30.Final.jar:/home/user/.m2/repository/io/netty/netty-common/4.1.30.Final/netty-common-4.1.30.Final.jar:/home/user/.m2/repository/io/netty/netty-buffer/4.1.30.Final/netty-buffer-4.1.30.Final.jar:/home/user/.m2/repository/io/netty/netty-transport/4.1.30.Final/netty-transport-4.1.30.Final.jar:/home/user/.m2/repository/io/netty/netty-resolver/4.1.30.Final/netty-resolver-4.1.30.Final.jar:/home/user/.m2/repository/io/netty/netty-transport-native-unix-common/4.1.30.Final/netty-transport-native-unix-common-4.1.30.Final.jar:/home/user/.m2/repository/io/grpc/grpc-protobuf/1.17.1/grpc-protobuf-1.17.1.jar:/home/user/.m2/repository/com/google/api/grpc/proto-google-common-protos/1.0.0/proto-google-common-protos-1.0.0.jar:/home/user/.m2/repository/io/grpc/grpc-protobuf-lite/1.17.1/grpc-protobuf-lite-1.17.1.jar:/home/user/.m2/repository/io/grpc/grpc-stub/1.17.1/grpc-stub-1.17.1.jar:/home/user/.m2/repository/org/apache/hadoop/hadoop-ozone-recon/0.5.0-SNAPSHOT/hadoop-ozone-recon-0.5.0-SNAPSHOT.jar:/home/user/.m2/repository/org/apache/hadoop/hadoop-ozone-reconcodegen/0.5.0-SNAPSHOT/hadoop-ozone-reconcodegen-0.5.0-SNAPSHOT.jar:/home/user/.m2/repository/com/google/inject/extensions/guice-multibindings/4.0/guice-multibindings-4.0.jar:/home/user/.m2/repository/com/google/inject/guice/4.0/guice-4.0.jar:/home/user/.m2/repository/aopalliance/aopalliance/1.0/aopalliance-1.0.jar:/home/user/.m2/repository/com/google/inject/extensions/guice-servlet/4.0/guice-servlet-4.0.jar:/home/user/.m2/repository/org/glassfish/jersey/containers/jersey-container-servlet/2.27/jersey-container-servlet-2.27.jar:/home/user/.m2/repository/org/glassfish/hk2/guice-bridge/2.5.0/guice-bridge-2.5.0.jar:/home/user/.m2/repository/org/glassfish/jersey/core/jersey-server/2.27/jersey-server-2.27.jar:/home/user/.m2/repository/org/glassfish/jersey/core/jersey-client/2.27/jersey-client-2.27.jar:/home/user/.m2/repository/org/glassfish/jersey/media/jersey-media-jaxb/2.27/jersey-media-jaxb-2.27.jar:/home/user/.m2/repository/javax/validation/validation-api/1.1.0.Final/validation-api-1.1.0.Final.jar:/home/user/.m2/repository/org/glassfish/jersey/media/jersey-media-json-jackson/2.27/jersey-media-json-jackson-2.27.jar:/home/user/.m2/repository/org/glassfish/jersey/ext/jersey-entity-filtering/2.27/jersey-entity-filtering-2.27.jar:/home/user/.m2/repository/com/google/inject/extensions/guice-assistedinject/4.0/guice-assistedinject-4.0.jar:/home/user/.m2/repository/org/jooq/jooq/3.11.10/jooq-3.11.10.jar:/home/user/.m2/repository/org/jooq/jooq-meta/3.11.10/jooq-meta-3.11.10.jar:/home/user/.m2/repository/org/jooq/jooq-codegen/3.11.10/jooq-codegen-3.11.10.jar:/home/user/.m2/repository/com/jolbox/bonecp/0.8.0.RELEASE/bonecp-0.8.0.RELEASE.jar:/home/user/.m2/repository/org/xerial/sqlite-jdbc/3.25.2/sqlite-jdbc-3.25.2.jar:/home/user/.m2/repository/org/springframework/spring-jdbc/5.1.3.RELEASE/spring-jdbc-5.1.3.RELEASE.jar:/home/user/.m2/repository/org/springframework/spring-beans/5.1.3.RELEASE/spring-beans-5.1.3.RELEASE.jar:/home/user/.m2/repository/org/springframework/spring-core/5.1.3.RELEASE/spring-core-5.1.3.RELEASE.jar:/home/user/.m2/repository/org/springframework/spring-jcl/5.1.3.RELEASE/spring-jcl-5.1.3.RELEASE.jar:/home/user/.m2/repository/org/springframework/spring-tx/5.1.3.RELEASE/spring-tx-5.1.3.RELEASE.jar:/home/user/.m2/repository/org/apache/hadoop/hadoop-ozone-client/0.5.0-SNAPSHOT/hadoop-ozone-client-0.5.0-SNAPSHOT.jar:/home/user/.m2/repository/commons-lang/commons-lang/2.6/commons-lang-2.6.jar:/home/user/.m2/repository/org/apache/hadoop/hadoop-ozone-ozone-manager/0.5.0-SNAPSHOT/hadoop-ozone-ozone-manager-0.5.0-SNAPSHOT-tests.jar:/home/user/.m2/repository/junit/junit/4.11/junit-4.11.jar:/home/user/.m2/repository/org/hamcrest/hamcrest-core/1.3/hamcrest-core-1.3.jar:/home/user/.m2/repository/org/openjdk/jmh/jmh-core/1.19/jmh-core-1.19.jar:/home/user/.m2/repository/net/sf/jopt-simple/jopt-simple/4.6/jopt-simple-4.6.jar:/home/user/.m2/repository/org/apache/commons/commons-math3/3.1.1/commons-math3-3.1.1.jar:/home/user/.m2/repository/org/openjdk/jmh/jmh-generator-annprocess/1.19/jmh-generator-annprocess-1.19.jar:/home/user/.m2/repository/org/mockito/mockito-all/1.8.5/mockito-all-1.8.5.jar:/home/user/.m2/repository/org/apache/hadoop/hadoop-kms/3.2.0/hadoop-kms-3.2.0.jar:/home/user/.m2/repository/org/apache/hadoop/hadoop-auth/3.2.0/hadoop-auth-3.2.0.jar:/home/user/.m2/repository/com/nimbusds/nimbus-jose-jwt/4.41.1/nimbus-jose-jwt-4.41.1.jar:/home/user/.m2/repository/com/github/stephenc/jcip/jcip-annotations/1.0-1/jcip-annotations-1.0-1.jar:/home/user/.m2/repository/net/minidev/json-smart/2.3/json-smart-2.3.jar:/home/user/.m2/repository/net/minidev/accessors-smart/1.2/accessors-smart-1.2.jar:/home/user/.m2/repository/org/ow2/asm/asm/5.0.4/asm-5.0.4.jar:/home/user/.m2/repository/org/apache/curator/curator-framework/2.12.0/curator-framework-2.12.0.jar:/home/user/.m2/repository/com/sun/jersey/jersey-core/1.19/jersey-core-1.19.jar:/home/user/.m2/repository/javax/ws/rs/jsr311-api/1.1.1/jsr311-api-1.1.1.jar:/home/user/.m2/repository/com/sun/jersey/jersey-server/1.19/jersey-server-1.19.jar:/home/user/.m2/repository/javax/servlet/javax.servlet-api/3.1.0/javax.servlet-api-3.1.0.jar:/home/user/.m2/repository/org/eclipse/jetty/jetty-server/9.3.25.v20180904/jetty-server-9.3.25.v20180904.jar:/home/user/.m2/repository/org/eclipse/jetty/jetty-http/9.3.25.v20180904/jetty-http-9.3.25.v20180904.jar:/home/user/.m2/repository/org/eclipse/jetty/jetty-io/9.3.25.v20180904/jetty-io-9.3.25.v20180904.jar:/home/user/.m2/repository/org/eclipse/jetty/jetty-webapp/9.3.25.v20180904/jetty-webapp-9.3.25.v20180904.jar:/home/user/.m2/repository/org/eclipse/jetty/jetty-xml/9.3.25.v20180904/jetty-xml-9.3.25.v20180904.jar:/home/user/.m2/repository/log4j/log4j/1.2.17/log4j-1.2.17.jar:/home/user/.m2/repository/org/slf4j/slf4j-api/1.7.25/slf4j-api-1.7.25.jar:/home/user/.m2/repository/org/slf4j/jul-to-slf4j/1.7.25/jul-to-slf4j-1.7.25.jar:/home/user/.m2/repository/org/eclipse/jetty/jetty-util/9.3.25.v20180904/jetty-util-9.3.25.v20180904.jar:/home/user/.m2/repository/com/fasterxml/jackson/core/jackson-databind/2.9.9/jackson-databind-2.9.9.jar:/home/user/.m2/repository/org/apache/hadoop/hadoop-kms/3.2.0/hadoop-kms-3.2.0-tests.jar:/home/user/.m2/repository/org/apache/hadoop/hadoop-hdds-server-scm/0.5.0-SNAPSHOT/hadoop-hdds-server-scm-0.5.0-SNAPSHOT-tests.jar:/home/user/.m2/repository/org/apache/hadoop/hadoop-hdds-container-service/0.5.0-SNAPSHOT/hadoop-hdds-container-service-0.5.0-SNAPSHOT-tests.jar:/home/user/.m2/repository/org/yaml/snakeyaml/1.16/snakeyaml-1.16.jar:/home/user/.m2/repository/org/apache/hadoop/hadoop-common/3.2.0/hadoop-common-3.2.0-tests.jar:/home/user/.m2/repository/org/apache/hadoop/hadoop-annotations/3.2.0/hadoop-annotations-3.2.0.jar:/usr/lib/jvm/java-1.8.0-openjdk-1.8.0.222.b10-1.el7_7.x86_64/jre/../lib/tools.jar:/home/user/.m2/repository/commons-cli/commons-cli/1.2/commons-cli-1.2.jar:/home/user/.m2/repository/org/apache/httpcomponents/httpclient/4.5.2/httpclient-4.5.2.jar:/home/user/.m2/repository/org/apache/httpcomponents/httpcore/4.4.4/httpcore-4.4.4.jar:/home/user/.m2/repository/commons-codec/commons-codec/1.11/commons-codec-1.11.jar:/home/user/.m2/repository/commons-net/commons-net/3.6/commons-net-3.6.jar:/home/user/.m2/repository/commons-collections/commons-collections/3.2.2/commons-collections-3.2.2.jar:/home/user/.m2/repository/org/eclipse/jetty/jetty-servlet/9.3.25.v20180904/jetty-servlet-9.3.25.v20180904.jar:/home/user/.m2/repository/org/eclipse/jetty/jetty-security/9.3.25.v20180904/jetty-security-9.3.25.v20180904.jar:/home/user/.m2/repository/javax/servlet/jsp/jsp-api/2.1/jsp-api-2.1.jar:/home/user/.m2/repository/com/sun/jersey/jersey-servlet/1.19/jersey-servlet-1.19.jar:/home/user/.m2/repository/com/sun/jersey/jersey-json/1.19/jersey-json-1.19.jar:/home/user/.m2/repository/org/codehaus/jettison/jettison/1.1/jettison-1.1.jar:/home/user/.m2/repository/org/codehaus/jackson/jackson-core-asl/1.9.13/jackson-core-asl-1.9.13.jar:/home/user/.m2/repository/org/codehaus/jackson/jackson-mapper-asl/1.9.13/jackson-mapper-asl-1.9.13.jar:/home/user/.m2/repository/org/codehaus/jackson/jackson-jaxrs/1.9.13/jackson-jaxrs-1.9.13.jar:/home/user/.m2/repository/org/codehaus/jackson/jackson-xc/1.9.13/jackson-xc-1.9.13.jar:/home/user/.m2/repository/commons-logging/commons-logging/1.1.3/commons-logging-1.1.3.jar:/home/user/.m2/repository/commons-beanutils/commons-beanutils/1.9.4/commons-beanutils-1.9.4.jar:/home/user/.m2/repository/org/apache/commons/commons-configuration2/2.1.1/commons-configuration2-2.1.1.jar:/home/user/.m2/repository/org/apache/commons/commons-lang3/3.7/commons-lang3-3.7.jar:/home/user/.m2/repository/org/apache/commons/commons-text/1.4/commons-text-1.4.jar:/home/user/.m2/repository/org/apache/avro/avro/1.7.7/avro-1.7.7.jar:/home/user/.m2/repository/com/thoughtworks/paranamer/paranamer/2.3/paranamer-2.3.jar:/home/user/.m2/repository/org/xerial/snappy/snappy-java/1.0.5/snappy-java-1.0.5.jar:/home/user/.m2/repository/com/google/re2j/re2j/1.1/re2j-1.1.jar:/home/user/.m2/repository/com/google/code/gson/gson/2.2.4/gson-2.2.4.jar:/home/user/.m2/repository/com/jcraft/jsch/0.1.54/jsch-0.1.54.jar:/home/user/.m2/repository/org/apache/curator/curator-client/2.12.0/curator-client-2.12.0.jar:/home/user/.m2/repository/org/apache/curator/curator-recipes/2.12.0/curator-recipes-2.12.0.jar:/home/user/.m2/repository/com/google/code/findbugs/jsr305/3.0.0/jsr305-3.0.0.jar:/home/user/.m2/repository/org/apache/htrace/htrace-core4/4.1.0-incubating/htrace-core4-4.1.0-incubating.jar:/home/user/.m2/repository/org/apache/zookeeper/zookeeper/3.4.13/zookeeper-3.4.13.jar:/home/user/.m2/repository/jline/jline/0.9.94/jline-0.9.94.jar:/home/user/.m2/repository/org/apache/yetus/audience-annotations/0.5.0/audience-annotations-0.5.0.jar:/home/user/.m2/repository/org/codehaus/woodstox/stax2-api/3.1.4/stax2-api-3.1.4.jar:/home/user/.m2/repository/com/fasterxml/woodstox/woodstox-core/5.0.3/woodstox-core-5.0.3.jar:/home/user/.m2/repository/dnsjava/dnsjava/2.1.7/dnsjava-2.1.7.jar:/home/user/.m2/repository/org/apache/hadoop/hadoop-hdfs/3.2.0/hadoop-hdfs-3.2.0-tests.jar:/home/user/.m2/repository/org/eclipse/jetty/jetty-util-ajax/9.3.25.v20180904/jetty-util-ajax-9.3.25.v20180904.jar:/home/user/.m2/repository/commons-daemon/commons-daemon/1.0.13/commons-daemon-1.0.13.jar:/home/user/.m2/repository/io/netty/netty/3.10.5.Final/netty-3.10.5.Final.jar:/home/user/.m2/repository/io/netty/netty-all/4.0.52.Final/netty-all-4.0.52.Final.jar:/home/user/.m2/repository/org/fusesource/leveldbjni/leveldbjni-all/1.8/leveldbjni-all-1.8.jar:"/>
    <property name="java.vm.vendor" value="Oracle Corporation"/>
    <property name="sun.arch.data.model" value="64"/>
    <property name="test.build.dir" value="/workdir/hadoop-ozone/integration-test/target/test-dir"/>
    <property name="test.cache.data" value=""/>
    <property name="java.vendor.url" value="http://java.oracle.com/"/>
    <property name="user.timezone" value=""/>
    <property name="java.vm.specification.version" value="1.8"/>
    <property name="os.name" value="Linux"/>
    <property name="test.build.data" value="/workdir/hadoop-ozone/integration-test/target/test-dir"/>
    <property name="user.country" value="US"/>
    <property name="sun.java.launcher" value="SUN_STANDARD"/>
    <property name="sun.boot.library.path" value="/usr/lib/jvm/java-1.8.0-openjdk-1.8.0.222.b10-1.el7_7.x86_64/jre/lib/amd64"/>
    <property name="sun.java.command" value="/workdir/hadoop-ozone/integration-test/target/surefire/surefirebooter3264130313838727543.jar /workdir/hadoop-ozone/integration-test/target/surefire 2019-10-21T04-38-45_364-jvmRun1 surefire6376719053043836223tmp surefire_55278916011882922920tmp"/>
    <property name="surefire.test.class.path" value="/workdir/hadoop-ozone/integration-test/target/test-classes:/workdir/hadoop-ozone/integration-test/target/classes:/home/user/.m2/repository/org/apache/hadoop/hadoop-ozone-common/0.5.0-SNAPSHOT/hadoop-ozone-common-0.5.0-SNAPSHOT.jar:/home/user/.m2/repository/org/apache/commons/commons-compress/1.4.1/commons-compress-1.4.1.jar:/home/user/.m2/repository/org/tukaani/xz/1.0/xz-1.0.jar:/home/user/.m2/repository/org/apache/hadoop/hadoop-common/3.2.0/hadoop-common-3.2.0.jar:/home/user/.m2/repository/org/apache/hadoop/hadoop-hdfs/3.2.0/hadoop-hdfs-3.2.0.jar:/home/user/.m2/repository/org/apache/hadoop/hadoop-hdfs-client/3.2.0/hadoop-hdfs-client-3.2.0.jar:/home/user/.m2/repository/com/fasterxml/jackson/core/jackson-annotations/2.9.9/jackson-annotations-2.9.9.jar:/home/user/.m2/repository/org/apache/hadoop/hadoop-hdds-common/0.5.0-SNAPSHOT/hadoop-hdds-common-0.5.0-SNAPSHOT.jar:/home/user/.m2/repository/javax/annotation/javax.annotation-api/1.2/javax.annotation-api-1.2.jar:/home/user/.m2/repository/org/apache/ratis/ratis-server/0.5.0-201fc85-SNAPSHOT/ratis-server-0.5.0-201fc85-SNAPSHOT.jar:/home/user/.m2/repository/org/apache/ratis/ratis-thirdparty-misc/0.2.0/ratis-thirdparty-misc-0.2.0.jar:/home/user/.m2/repository/org/apache/ratis/ratis-proto/0.5.0-201fc85-SNAPSHOT/ratis-proto-0.5.0-201fc85-SNAPSHOT.jar:/home/user/.m2/repository/org/apache/ratis/ratis-common/0.5.0-201fc85-SNAPSHOT/ratis-common-0.5.0-201fc85-SNAPSHOT.jar:/home/user/.m2/repository/org/apache/ratis/ratis-client/0.5.0-201fc85-SNAPSHOT/ratis-client-0.5.0-201fc85-SNAPSHOT.jar:/home/user/.m2/repository/org/apache/ratis/ratis-metrics/0.5.0-201fc85-SNAPSHOT/ratis-metrics-0.5.0-201fc85-SNAPSHOT.jar:/home/user/.m2/repository/com/github/joshelser/dropwizard-metrics-hadoop-metrics2-reporter/0.1.2/dropwizard-metrics-hadoop-metrics2-reporter-0.1.2.jar:/home/user/.m2/repository/io/dropwizard/metrics/metrics-jvm/3.2.5/metrics-jvm-3.2.5.jar:/home/user/.m2/repository/io/dropwizard/metrics/metrics-ganglia/3.2.5/metrics-ganglia-3.2.5.jar:/home/user/.m2/repository/info/ganglia/gmetric4j/gmetric4j/1.0.7/gmetric4j-1.0.7.jar:/home/user/.m2/repository/org/apache/ratis/ratis-netty/0.5.0-201fc85-SNAPSHOT/ratis-netty-0.5.0-201fc85-SNAPSHOT.jar:/home/user/.m2/repository/org/apache/ratis/ratis-grpc/0.5.0-201fc85-SNAPSHOT/ratis-grpc-0.5.0-201fc85-SNAPSHOT.jar:/home/user/.m2/repository/org/rocksdb/rocksdbjni/6.0.1/rocksdbjni-6.0.1.jar:/home/user/.m2/repository/org/apache/logging/log4j/log4j-api/2.11.0/log4j-api-2.11.0.jar:/home/user/.m2/repository/org/apache/logging/log4j/log4j-core/2.11.0/log4j-core-2.11.0.jar:/home/user/.m2/repository/com/lmax/disruptor/3.4.2/disruptor-3.4.2.jar:/home/user/.m2/repository/org/apache/commons/commons-pool2/2.6.0/commons-pool2-2.6.0.jar:/home/user/.m2/repository/org/bouncycastle/bcpkix-jdk15on/1.60/bcpkix-jdk15on-1.60.jar:/home/user/.m2/repository/commons-validator/commons-validator/1.6/commons-validator-1.6.jar:/home/user/.m2/repository/commons-digester/commons-digester/1.8.1/commons-digester-1.8.1.jar:/home/user/.m2/repository/io/jaegertracing/jaeger-client/0.34.0/jaeger-client-0.34.0.jar:/home/user/.m2/repository/io/jaegertracing/jaeger-thrift/0.34.0/jaeger-thrift-0.34.0.jar:/home/user/.m2/repository/org/apache/thrift/libthrift/0.12.0/libthrift-0.12.0.jar:/home/user/.m2/repository/com/squareup/okhttp3/okhttp/3.9.0/okhttp-3.9.0.jar:/home/user/.m2/repository/com/squareup/okio/okio/1.13.0/okio-1.13.0.jar:/home/user/.m2/repository/io/jaegertracing/jaeger-core/0.34.0/jaeger-core-0.34.0.jar:/home/user/.m2/repository/io/jaegertracing/jaeger-tracerresolver/0.34.0/jaeger-tracerresolver-0.34.0.jar:/home/user/.m2/repository/io/opentracing/contrib/opentracing-tracerresolver/0.1.5/opentracing-tracerresolver-0.1.5.jar:/home/user/.m2/repository/io/opentracing/opentracing-util/0.31.0/opentracing-util-0.31.0.jar:/home/user/.m2/repository/io/opentracing/opentracing-api/0.31.0/opentracing-api-0.31.0.jar:/home/user/.m2/repository/io/opentracing/opentracing-noop/0.31.0/opentracing-noop-0.31.0.jar:/home/user/.m2/repository/org/apache/hadoop/hadoop-hdds-server-framework/0.5.0-SNAPSHOT/hadoop-hdds-server-framework-0.5.0-SNAPSHOT.jar:/home/user/.m2/repository/org/apache/hadoop/hadoop-hdds-container-service/0.5.0-SNAPSHOT/hadoop-hdds-container-service-0.5.0-SNAPSHOT.jar:/home/user/.m2/repository/org/apache/hadoop/hadoop-hdds-client/0.5.0-SNAPSHOT/hadoop-hdds-client-0.5.0-SNAPSHOT.jar:/home/user/.m2/repository/org/apache/hadoop/hadoop-hdds-tools/0.5.0-SNAPSHOT/hadoop-hdds-tools-0.5.0-SNAPSHOT.jar:/home/user/.m2/repository/org/apache/hadoop/hadoop-hdds-server-scm/0.5.0-SNAPSHOT/hadoop-hdds-server-scm-0.5.0-SNAPSHOT.jar:/home/user/.m2/repository/org/apache/hadoop/hadoop-hdds-docs/0.5.0-SNAPSHOT/hadoop-hdds-docs-0.5.0-SNAPSHOT.jar:/home/user/.m2/repository/io/dropwizard/metrics/metrics-core/3.2.4/metrics-core-3.2.4.jar:/home/user/.m2/repository/org/hamcrest/hamcrest-all/1.3/hamcrest-all-1.3.jar:/home/user/.m2/repository/org/bouncycastle/bcprov-jdk15on/1.60/bcprov-jdk15on-1.60.jar:/home/user/.m2/repository/info/picocli/picocli/3.9.6/picocli-3.9.6.jar:/home/user/.m2/repository/com/google/protobuf/protobuf-java/2.5.0/protobuf-java-2.5.0.jar:/home/user/.m2/repository/com/google/guava/guava/11.0.2/guava-11.0.2.jar:/home/user/.m2/repository/org/apache/hadoop/hadoop-ozone-ozone-manager/0.5.0-SNAPSHOT/hadoop-ozone-ozone-manager-0.5.0-SNAPSHOT.jar:/home/user/.m2/repository/org/apache/hadoop/hadoop-minikdc/3.2.0/hadoop-minikdc-3.2.0.jar:/home/user/.m2/repository/commons-io/commons-io/2.5/commons-io-2.5.jar:/home/user/.m2/repository/org/apache/kerby/kerb-simplekdc/1.0.1/kerb-simplekdc-1.0.1.jar:/home/user/.m2/repository/org/apache/kerby/kerb-client/1.0.1/kerb-client-1.0.1.jar:/home/user/.m2/repository/org/apache/kerby/kerby-config/1.0.1/kerby-config-1.0.1.jar:/home/user/.m2/repository/org/apache/kerby/kerb-core/1.0.1/kerb-core-1.0.1.jar:/home/user/.m2/repository/org/apache/kerby/kerby-pkix/1.0.1/kerby-pkix-1.0.1.jar:/home/user/.m2/repository/org/apache/kerby/kerby-asn1/1.0.1/kerby-asn1-1.0.1.jar:/home/user/.m2/repository/org/apache/kerby/kerby-util/1.0.1/kerby-util-1.0.1.jar:/home/user/.m2/repository/org/apache/kerby/kerb-common/1.0.1/kerb-common-1.0.1.jar:/home/user/.m2/repository/org/apache/kerby/kerb-crypto/1.0.1/kerb-crypto-1.0.1.jar:/home/user/.m2/repository/org/apache/kerby/kerb-util/1.0.1/kerb-util-1.0.1.jar:/home/user/.m2/repository/org/apache/kerby/token-provider/1.0.1/token-provider-1.0.1.jar:/home/user/.m2/repository/org/apache/kerby/kerb-admin/1.0.1/kerb-admin-1.0.1.jar:/home/user/.m2/repository/org/apache/kerby/kerb-server/1.0.1/kerb-server-1.0.1.jar:/home/user/.m2/repository/org/apache/kerby/kerb-identity/1.0.1/kerb-identity-1.0.1.jar:/home/user/.m2/repository/org/apache/kerby/kerby-xdr/1.0.1/kerby-xdr-1.0.1.jar:/home/user/.m2/repository/org/slf4j/slf4j-log4j12/1.7.25/slf4j-log4j12-1.7.25.jar:/home/user/.m2/repository/org/apache/hadoop/hadoop-ozone-s3gateway/0.5.0-SNAPSHOT/hadoop-ozone-s3gateway-0.5.0-SNAPSHOT.jar:/home/user/.m2/repository/org/jboss/weld/servlet/weld-servlet/2.4.7.Final/weld-servlet-2.4.7.Final.jar:/home/user/.m2/repository/org/glassfish/jersey/containers/jersey-container-servlet-core/2.27/jersey-container-servlet-core-2.27.jar:/home/user/.m2/repository/org/glassfish/hk2/external/javax.inject/2.5.0-b42/javax.inject-2.5.0-b42.jar:/home/user/.m2/repository/org/glassfish/jersey/core/jersey-common/2.27/jersey-common-2.27.jar:/home/user/.m2/repository/org/glassfish/hk2/osgi-resource-locator/1.0.1/osgi-resource-locator-1.0.1.jar:/home/user/.m2/repository/javax/ws/rs/javax.ws.rs-api/2.1/javax.ws.rs-api-2.1.jar:/home/user/.m2/repository/org/glassfish/jersey/ext/cdi/jersey-cdi1x/2.27/jersey-cdi1x-2.27.jar:/home/user/.m2/repository/org/glassfish/jersey/inject/jersey-hk2/2.27/jersey-hk2-2.27.jar:/home/user/.m2/repository/org/glassfish/hk2/hk2-locator/2.5.0-b42/hk2-locator-2.5.0-b42.jar:/home/user/.m2/repository/org/javassist/javassist/3.22.0-CR2/javassist-3.22.0-CR2.jar:/home/user/.m2/repository/org/glassfish/hk2/hk2-api/2.5.0/hk2-api-2.5.0.jar:/home/user/.m2/repository/org/glassfish/hk2/external/jakarta.inject/2.5.0/jakarta.inject-2.5.0.jar:/home/user/.m2/repository/org/glassfish/hk2/hk2-utils/2.5.0/hk2-utils-2.5.0.jar:/home/user/.m2/repository/jakarta/annotation/jakarta.annotation-api/1.3.4/jakarta.annotation-api-1.3.4.jar:/home/user/.m2/repository/org/glassfish/hk2/external/aopalliance-repackaged/2.5.0/aopalliance-repackaged-2.5.0.jar:/home/user/.m2/repository/com/fasterxml/jackson/dataformat/jackson-dataformat-xml/2.9.0/jackson-dataformat-xml-2.9.0.jar:/home/user/.m2/repository/com/fasterxml/jackson/core/jackson-core/2.9.9/jackson-core-2.9.9.jar:/home/user/.m2/repository/com/fasterxml/jackson/module/jackson-module-jaxb-annotations/2.9.9/jackson-module-jaxb-annotations-2.9.9.jar:/home/user/.m2/repository/javax/enterprise/cdi-api/1.2/cdi-api-1.2.jar:/home/user/.m2/repository/javax/el/javax.el-api/3.0.0/javax.el-api-3.0.0.jar:/home/user/.m2/repository/javax/interceptor/javax.interceptor-api/1.2/javax.interceptor-api-1.2.jar:/home/user/.m2/repository/javax/inject/javax.inject/1/javax.inject-1.jar:/home/user/.m2/repository/com/sun/xml/bind/jaxb-impl/2.3.0.1/jaxb-impl-2.3.0.1.jar:/home/user/.m2/repository/com/sun/xml/bind/jaxb-core/2.3.0.1/jaxb-core-2.3.0.1.jar:/home/user/.m2/repository/javax/xml/bind/jaxb-api/2.3.0/jaxb-api-2.3.0.jar:/home/user/.m2/repository/javax/activation/activation/1.1.1/activation-1.1.1.jar:/home/user/.m2/repository/org/apache/hadoop/hadoop-ozone-csi/0.5.0-SNAPSHOT/hadoop-ozone-csi-0.5.0-SNAPSHOT.jar:/home/user/.m2/repository/com/google/protobuf/protobuf-java-util/3.5.1/protobuf-java-util-3.5.1.jar:/home/user/.m2/repository/org/apache/hadoop/hadoop-hdds-config/0.5.0-SNAPSHOT/hadoop-hdds-config-0.5.0-SNAPSHOT.jar:/home/user/.m2/repository/io/grpc/grpc-netty/1.17.1/grpc-netty-1.17.1.jar:/home/user/.m2/repository/io/grpc/grpc-core/1.17.1/grpc-core-1.17.1.jar:/home/user/.m2/repository/io/grpc/grpc-context/1.17.1/grpc-context-1.17.1.jar:/home/user/.m2/repository/com/google/errorprone/error_prone_annotations/2.2.0/error_prone_annotations-2.2.0.jar:/home/user/.m2/repository/org/codehaus/mojo/animal-sniffer-annotations/1.17/animal-sniffer-annotations-1.17.jar:/home/user/.m2/repository/io/opencensus/opencensus-api/0.17.0/opencensus-api-0.17.0.jar:/home/user/.m2/repository/io/opencensus/opencensus-contrib-grpc-metrics/0.17.0/opencensus-contrib-grpc-metrics-0.17.0.jar:/home/user/.m2/repository/io/netty/netty-codec-http2/4.1.30.Final/netty-codec-http2-4.1.30.Final.jar:/home/user/.m2/repository/io/netty/netty-codec-http/4.1.30.Final/netty-codec-http-4.1.30.Final.jar:/home/user/.m2/repository/io/netty/netty-codec/4.1.30.Final/netty-codec-4.1.30.Final.jar:/home/user/.m2/repository/io/netty/netty-handler/4.1.30.Final/netty-handler-4.1.30.Final.jar:/home/user/.m2/repository/io/netty/netty-handler-proxy/4.1.30.Final/netty-handler-proxy-4.1.30.Final.jar:/home/user/.m2/repository/io/netty/netty-codec-socks/4.1.30.Final/netty-codec-socks-4.1.30.Final.jar:/home/user/.m2/repository/io/netty/netty-transport-native-epoll/4.1.30.Final/netty-transport-native-epoll-4.1.30.Final.jar:/home/user/.m2/repository/io/netty/netty-common/4.1.30.Final/netty-common-4.1.30.Final.jar:/home/user/.m2/repository/io/netty/netty-buffer/4.1.30.Final/netty-buffer-4.1.30.Final.jar:/home/user/.m2/repository/io/netty/netty-transport/4.1.30.Final/netty-transport-4.1.30.Final.jar:/home/user/.m2/repository/io/netty/netty-resolver/4.1.30.Final/netty-resolver-4.1.30.Final.jar:/home/user/.m2/repository/io/netty/netty-transport-native-unix-common/4.1.30.Final/netty-transport-native-unix-common-4.1.30.Final.jar:/home/user/.m2/repository/io/grpc/grpc-protobuf/1.17.1/grpc-protobuf-1.17.1.jar:/home/user/.m2/repository/com/google/api/grpc/proto-google-common-protos/1.0.0/proto-google-common-protos-1.0.0.jar:/home/user/.m2/repository/io/grpc/grpc-protobuf-lite/1.17.1/grpc-protobuf-lite-1.17.1.jar:/home/user/.m2/repository/io/grpc/grpc-stub/1.17.1/grpc-stub-1.17.1.jar:/home/user/.m2/repository/org/apache/hadoop/hadoop-ozone-recon/0.5.0-SNAPSHOT/hadoop-ozone-recon-0.5.0-SNAPSHOT.jar:/home/user/.m2/repository/org/apache/hadoop/hadoop-ozone-reconcodegen/0.5.0-SNAPSHOT/hadoop-ozone-reconcodegen-0.5.0-SNAPSHOT.jar:/home/user/.m2/repository/com/google/inject/extensions/guice-multibindings/4.0/guice-multibindings-4.0.jar:/home/user/.m2/repository/com/google/inject/guice/4.0/guice-4.0.jar:/home/user/.m2/repository/aopalliance/aopalliance/1.0/aopalliance-1.0.jar:/home/user/.m2/repository/com/google/inject/extensions/guice-servlet/4.0/guice-servlet-4.0.jar:/home/user/.m2/repository/org/glassfish/jersey/containers/jersey-container-servlet/2.27/jersey-container-servlet-2.27.jar:/home/user/.m2/repository/org/glassfish/hk2/guice-bridge/2.5.0/guice-bridge-2.5.0.jar:/home/user/.m2/repository/org/glassfish/jersey/core/jersey-server/2.27/jersey-server-2.27.jar:/home/user/.m2/repository/org/glassfish/jersey/core/jersey-client/2.27/jersey-client-2.27.jar:/home/user/.m2/repository/org/glassfish/jersey/media/jersey-media-jaxb/2.27/jersey-media-jaxb-2.27.jar:/home/user/.m2/repository/javax/validation/validation-api/1.1.0.Final/validation-api-1.1.0.Final.jar:/home/user/.m2/repository/org/glassfish/jersey/media/jersey-media-json-jackson/2.27/jersey-media-json-jackson-2.27.jar:/home/user/.m2/repository/org/glassfish/jersey/ext/jersey-entity-filtering/2.27/jersey-entity-filtering-2.27.jar:/home/user/.m2/repository/com/google/inject/extensions/guice-assistedinject/4.0/guice-assistedinject-4.0.jar:/home/user/.m2/repository/org/jooq/jooq/3.11.10/jooq-3.11.10.jar:/home/user/.m2/repository/org/jooq/jooq-meta/3.11.10/jooq-meta-3.11.10.jar:/home/user/.m2/repository/org/jooq/jooq-codegen/3.11.10/jooq-codegen-3.11.10.jar:/home/user/.m2/repository/com/jolbox/bonecp/0.8.0.RELEASE/bonecp-0.8.0.RELEASE.jar:/home/user/.m2/repository/org/xerial/sqlite-jdbc/3.25.2/sqlite-jdbc-3.25.2.jar:/home/user/.m2/repository/org/springframework/spring-jdbc/5.1.3.RELEASE/spring-jdbc-5.1.3.RELEASE.jar:/home/user/.m2/repository/org/springframework/spring-beans/5.1.3.RELEASE/spring-beans-5.1.3.RELEASE.jar:/home/user/.m2/repository/org/springframework/spring-core/5.1.3.RELEASE/spring-core-5.1.3.RELEASE.jar:/home/user/.m2/repository/org/springframework/spring-jcl/5.1.3.RELEASE/spring-jcl-5.1.3.RELEASE.jar:/home/user/.m2/repository/org/springframework/spring-tx/5.1.3.RELEASE/spring-tx-5.1.3.RELEASE.jar:/home/user/.m2/repository/org/apache/hadoop/hadoop-ozone-client/0.5.0-SNAPSHOT/hadoop-ozone-client-0.5.0-SNAPSHOT.jar:/home/user/.m2/repository/commons-lang/commons-lang/2.6/commons-lang-2.6.jar:/home/user/.m2/repository/org/apache/hadoop/hadoop-ozone-ozone-manager/0.5.0-SNAPSHOT/hadoop-ozone-ozone-manager-0.5.0-SNAPSHOT-tests.jar:/home/user/.m2/repository/junit/junit/4.11/junit-4.11.jar:/home/user/.m2/repository/org/hamcrest/hamcrest-core/1.3/hamcrest-core-1.3.jar:/home/user/.m2/repository/org/openjdk/jmh/jmh-core/1.19/jmh-core-1.19.jar:/home/user/.m2/repository/net/sf/jopt-simple/jopt-simple/4.6/jopt-simple-4.6.jar:/home/user/.m2/repository/org/apache/commons/commons-math3/3.1.1/commons-math3-3.1.1.jar:/home/user/.m2/repository/org/openjdk/jmh/jmh-generator-annprocess/1.19/jmh-generator-annprocess-1.19.jar:/home/user/.m2/repository/org/mockito/mockito-all/1.8.5/mockito-all-1.8.5.jar:/home/user/.m2/repository/org/apache/hadoop/hadoop-kms/3.2.0/hadoop-kms-3.2.0.jar:/home/user/.m2/repository/org/apache/hadoop/hadoop-auth/3.2.0/hadoop-auth-3.2.0.jar:/home/user/.m2/repository/com/nimbusds/nimbus-jose-jwt/4.41.1/nimbus-jose-jwt-4.41.1.jar:/home/user/.m2/repository/com/github/stephenc/jcip/jcip-annotations/1.0-1/jcip-annotations-1.0-1.jar:/home/user/.m2/repository/net/minidev/json-smart/2.3/json-smart-2.3.jar:/home/user/.m2/repository/net/minidev/accessors-smart/1.2/accessors-smart-1.2.jar:/home/user/.m2/repository/org/ow2/asm/asm/5.0.4/asm-5.0.4.jar:/home/user/.m2/repository/org/apache/curator/curator-framework/2.12.0/curator-framework-2.12.0.jar:/home/user/.m2/repository/com/sun/jersey/jersey-core/1.19/jersey-core-1.19.jar:/home/user/.m2/repository/javax/ws/rs/jsr311-api/1.1.1/jsr311-api-1.1.1.jar:/home/user/.m2/repository/com/sun/jersey/jersey-server/1.19/jersey-server-1.19.jar:/home/user/.m2/repository/javax/servlet/javax.servlet-api/3.1.0/javax.servlet-api-3.1.0.jar:/home/user/.m2/repository/org/eclipse/jetty/jetty-server/9.3.25.v20180904/jetty-server-9.3.25.v20180904.jar:/home/user/.m2/repository/org/eclipse/jetty/jetty-http/9.3.25.v20180904/jetty-http-9.3.25.v20180904.jar:/home/user/.m2/repository/org/eclipse/jetty/jetty-io/9.3.25.v20180904/jetty-io-9.3.25.v20180904.jar:/home/user/.m2/repository/org/eclipse/jetty/jetty-webapp/9.3.25.v20180904/jetty-webapp-9.3.25.v20180904.jar:/home/user/.m2/repository/org/eclipse/jetty/jetty-xml/9.3.25.v20180904/jetty-xml-9.3.25.v20180904.jar:/home/user/.m2/repository/log4j/log4j/1.2.17/log4j-1.2.17.jar:/home/user/.m2/repository/org/slf4j/slf4j-api/1.7.25/slf4j-api-1.7.25.jar:/home/user/.m2/repository/org/slf4j/jul-to-slf4j/1.7.25/jul-to-slf4j-1.7.25.jar:/home/user/.m2/repository/org/eclipse/jetty/jetty-util/9.3.25.v20180904/jetty-util-9.3.25.v20180904.jar:/home/user/.m2/repository/com/fasterxml/jackson/core/jackson-databind/2.9.9/jackson-databind-2.9.9.jar:/home/user/.m2/repository/org/apache/hadoop/hadoop-kms/3.2.0/hadoop-kms-3.2.0-tests.jar:/home/user/.m2/repository/org/apache/hadoop/hadoop-hdds-server-scm/0.5.0-SNAPSHOT/hadoop-hdds-server-scm-0.5.0-SNAPSHOT-tests.jar:/home/user/.m2/repository/org/apache/hadoop/hadoop-hdds-container-service/0.5.0-SNAPSHOT/hadoop-hdds-container-service-0.5.0-SNAPSHOT-tests.jar:/home/user/.m2/repository/org/yaml/snakeyaml/1.16/snakeyaml-1.16.jar:/home/user/.m2/repository/org/apache/hadoop/hadoop-common/3.2.0/hadoop-common-3.2.0-tests.jar:/home/user/.m2/repository/org/apache/hadoop/hadoop-annotations/3.2.0/hadoop-annotations-3.2.0.jar:/usr/lib/jvm/java-1.8.0-openjdk-1.8.0.222.b10-1.el7_7.x86_64/jre/../lib/tools.jar:/home/user/.m2/repository/commons-cli/commons-cli/1.2/commons-cli-1.2.jar:/home/user/.m2/repository/org/apache/httpcomponents/httpclient/4.5.2/httpclient-4.5.2.jar:/home/user/.m2/repository/org/apache/httpcomponents/httpcore/4.4.4/httpcore-4.4.4.jar:/home/user/.m2/repository/commons-codec/commons-codec/1.11/commons-codec-1.11.jar:/home/user/.m2/repository/commons-net/commons-net/3.6/commons-net-3.6.jar:/home/user/.m2/repository/commons-collections/commons-collections/3.2.2/commons-collections-3.2.2.jar:/home/user/.m2/repository/org/eclipse/jetty/jetty-servlet/9.3.25.v20180904/jetty-servlet-9.3.25.v20180904.jar:/home/user/.m2/repository/org/eclipse/jetty/jetty-security/9.3.25.v20180904/jetty-security-9.3.25.v20180904.jar:/home/user/.m2/repository/javax/servlet/jsp/jsp-api/2.1/jsp-api-2.1.jar:/home/user/.m2/repository/com/sun/jersey/jersey-servlet/1.19/jersey-servlet-1.19.jar:/home/user/.m2/repository/com/sun/jersey/jersey-json/1.19/jersey-json-1.19.jar:/home/user/.m2/repository/org/codehaus/jettison/jettison/1.1/jettison-1.1.jar:/home/user/.m2/repository/org/codehaus/jackson/jackson-core-asl/1.9.13/jackson-core-asl-1.9.13.jar:/home/user/.m2/repository/org/codehaus/jackson/jackson-mapper-asl/1.9.13/jackson-mapper-asl-1.9.13.jar:/home/user/.m2/repository/org/codehaus/jackson/jackson-jaxrs/1.9.13/jackson-jaxrs-1.9.13.jar:/home/user/.m2/repository/org/codehaus/jackson/jackson-xc/1.9.13/jackson-xc-1.9.13.jar:/home/user/.m2/repository/commons-logging/commons-logging/1.1.3/commons-logging-1.1.3.jar:/home/user/.m2/repository/commons-beanutils/commons-beanutils/1.9.4/commons-beanutils-1.9.4.jar:/home/user/.m2/repository/org/apache/commons/commons-configuration2/2.1.1/commons-configuration2-2.1.1.jar:/home/user/.m2/repository/org/apache/commons/commons-lang3/3.7/commons-lang3-3.7.jar:/home/user/.m2/repository/org/apache/commons/commons-text/1.4/commons-text-1.4.jar:/home/user/.m2/repository/org/apache/avro/avro/1.7.7/avro-1.7.7.jar:/home/user/.m2/repository/com/thoughtworks/paranamer/paranamer/2.3/paranamer-2.3.jar:/home/user/.m2/repository/org/xerial/snappy/snappy-java/1.0.5/snappy-java-1.0.5.jar:/home/user/.m2/repository/com/google/re2j/re2j/1.1/re2j-1.1.jar:/home/user/.m2/repository/com/google/code/gson/gson/2.2.4/gson-2.2.4.jar:/home/user/.m2/repository/com/jcraft/jsch/0.1.54/jsch-0.1.54.jar:/home/user/.m2/repository/org/apache/curator/curator-client/2.12.0/curator-client-2.12.0.jar:/home/user/.m2/repository/org/apache/curator/curator-recipes/2.12.0/curator-recipes-2.12.0.jar:/home/user/.m2/repository/com/google/code/findbugs/jsr305/3.0.0/jsr305-3.0.0.jar:/home/user/.m2/repository/org/apache/htrace/htrace-core4/4.1.0-incubating/htrace-core4-4.1.0-incubating.jar:/home/user/.m2/repository/org/apache/zookeeper/zookeeper/3.4.13/zookeeper-3.4.13.jar:/home/user/.m2/repository/jline/jline/0.9.94/jline-0.9.94.jar:/home/user/.m2/repository/org/apache/yetus/audience-annotations/0.5.0/audience-annotations-0.5.0.jar:/home/user/.m2/repository/org/codehaus/woodstox/stax2-api/3.1.4/stax2-api-3.1.4.jar:/home/user/.m2/repository/com/fasterxml/woodstox/woodstox-core/5.0.3/woodstox-core-5.0.3.jar:/home/user/.m2/repository/dnsjava/dnsjava/2.1.7/dnsjava-2.1.7.jar:/home/user/.m2/repository/org/apache/hadoop/hadoop-hdfs/3.2.0/hadoop-hdfs-3.2.0-tests.jar:/home/user/.m2/repository/org/eclipse/jetty/jetty-util-ajax/9.3.25.v20180904/jetty-util-ajax-9.3.25.v20180904.jar:/home/user/.m2/repository/commons-daemon/commons-daemon/1.0.13/commons-daemon-1.0.13.jar:/home/user/.m2/repository/io/netty/netty/3.10.5.Final/netty-3.10.5.Final.jar:/home/user/.m2/repository/io/netty/netty-all/4.0.52.Final/netty-all-4.0.52.Final.jar:/home/user/.m2/repository/org/fusesource/leveldbjni/leveldbjni-all/1.8/leveldbjni-all-1.8.jar:"/>
    <property name="sun.cpu.endian" value="little"/>
    <property name="user.home" value="/home/user"/>
    <property name="user.language" value="en"/>
    <property name="java.specification.vendor" value="Oracle Corporation"/>
    <property name="java.home" value="/usr/lib/jvm/java-1.8.0-openjdk-1.8.0.222.b10-1.el7_7.x86_64/jre"/>
    <property name="surefire.excludesFile" value="/tools/ozone-bad-unit-tests"/>
    <property name="java.security.krb5.conf" value="/workdir/hadoop-ozone/integration-test/target/test-classes/krb5.conf"/>
    <property name="basedir" value="/workdir/hadoop-ozone/integration-test"/>
    <property name="file.separator" value="/"/>
    <property name="line.separator" value="&#10;"/>
    <property name="java.vm.specification.vendor" value="Oracle Corporation"/>
    <property name="java.specification.name" value="Java Platform API Specification"/>
    <property name="java.awt.graphicsenv" value="sun.awt.X11GraphicsEnvironment"/>
    <property name="surefire.real.class.path" value="/workdir/hadoop-ozone/integration-test/target/surefire/surefirebooter3264130313838727543.jar"/>
    <property name="hadoop.log.dir" value="/workdir/hadoop-ozone/integration-test/target/log"/>
    <property name="sun.boot.class.path" value="/usr/lib/jvm/java-1.8.0-openjdk-1.8.0.222.b10-1.el7_7.x86_64/jre/lib/resources.jar:/usr/lib/jvm/java-1.8.0-openjdk-1.8.0.222.b10-1.el7_7.x86_64/jre/lib/rt.jar:/usr/lib/jvm/java-1.8.0-openjdk-1.8.0.222.b10-1.el7_7.x86_64/jre/lib/sunrsasign.jar:/usr/lib/jvm/java-1.8.0-openjdk-1.8.0.222.b10-1.el7_7.x86_64/jre/lib/jsse.jar:/usr/lib/jvm/java-1.8.0-openjdk-1.8.0.222.b10-1.el7_7.x86_64/jre/lib/jce.jar:/usr/lib/jvm/java-1.8.0-openjdk-1.8.0.222.b10-1.el7_7.x86_64/jre/lib/charsets.jar:/usr/lib/jvm/java-1.8.0-openjdk-1.8.0.222.b10-1.el7_7.x86_64/jre/lib/jfr.jar:/usr/lib/jvm/java-1.8.0-openjdk-1.8.0.222.b10-1.el7_7.x86_64/jre/classes"/>
    <property name="sun.management.compiler" value="HotSpot 64-Bit Tiered Compilers"/>
    <property name="java.runtime.version" value="1.8.0_222-b10"/>
    <property name="java.net.preferIPv4Stack" value="true"/>
    <property name="user.name" value="jenkins1000"/>
    <property name="path.separator" value=":"/>
    <property name="java.security.egd" value="file:///dev/urandom"/>
    <property name="os.version" value="3.10.0-957.12.2.el7.x86_64"/>
    <property name="java.endorsed.dirs" value="/usr/lib/jvm/java-1.8.0-openjdk-1.8.0.222.b10-1.el7_7.x86_64/jre/lib/endorsed"/>
    <property name="java.runtime.name" value="OpenJDK Runtime Environment"/>
    <property name="file.encoding" value="ANSI_X3.4-1968"/>
    <property name="java.vm.name" value="OpenJDK 64-Bit Server VM"/>
    <property name="test.build.webapps" value=""/>
    <property name="localRepository" value="/home/user/.m2/repository"/>
    <property name="java.vendor.url.bug" value="http://bugreport.sun.com/bugreport/"/>
    <property name="java.io.tmpdir" value="/tmp"/>
    <property name="require.test.libhadoop" value=""/>
    <property name="java.version" value="1.8.0_222"/>
    <property name="user.dir" value="/workdir/hadoop-ozone/integration-test"/>
    <property name="os.arch" value="amd64"/>
    <property name="java.vm.specification.name" value="Java Virtual Machine Specification"/>
    <property name="test.build.classes" value="/workdir/hadoop-ozone/integration-test/target/test-classes"/>
    <property name="java.awt.printerjob" value="sun.print.PSPrinterJob"/>
    <property name="sun.os.patch.level" value="unknown"/>
    <property name="hadoop.tmp.dir" value="/workdir/hadoop-ozone/integration-test/target/tmp"/>
    <property name="java.library.path" value="/usr/lib:/workdir/hadoop-ozone/integration-test/target/native/target/usr/local/lib:/workdir/hadoop-ozone/integration-test/../../hadoop-common-project/hadoop-common/target/native/target/usr/local/lib:/usr/java/packages/lib/amd64:/usr/lib64:/lib64:/lib:/usr/lib"/>
    <property name="java.vm.info" value="mixed mode"/>
    <property name="java.vendor" value="Oracle Corporation"/>
    <property name="java.vm.version" value="25.222-b10"/>
    <property name="java.ext.dirs" value="/usr/lib/jvm/java-1.8.0-openjdk-1.8.0.222.b10-1.el7_7.x86_64/jre/lib/ext:/usr/java/packages/lib/ext"/>
    <property name="sun.io.unicode.encoding" value="UnicodeLittle"/>
    <property name="java.class.version" value="52.0"/>
  </properties>
  <testcase name="testAutomaticPipelineCreationOnPipelineDestroy" classname="org.apache.hadoop.hdds.scm.pipeline.TestRatisPipelineCreateAndDestroy" time="27.101"/>
  <testcase name="testPipelineCreationOnNodeRestart" classname="org.apache.hadoop.hdds.scm.pipeline.TestRatisPipelineCreateAndDestroy" time="22.29">
    <failure type="java.lang.AssertionError">java.lang.AssertionError
	at org.junit.Assert.fail(Assert.java:86)
	at org.junit.Assert.assertTrue(Assert.java:41)
	at org.junit.Assert.assertTrue(Assert.java:52)
	at org.apache.hadoop.hdds.scm.pipeline.TestRatisPipelineCreateAndDestroy.testPipelineCreationOnNodeRestart(TestRatisPipelineCreateAndDestroy.java:112)
	at sun.reflect.NativeMethodAccessorImpl.invoke0(Native Method)
	at sun.reflect.NativeMethodAccessorImpl.invoke(NativeMethodAccessorImpl.java:62)
	at sun.reflect.DelegatingMethodAccessorImpl.invoke(DelegatingMethodAccessorImpl.java:43)
	at java.lang.reflect.Method.invoke(Method.java:498)
	at org.junit.runners.model.FrameworkMethod$1.runReflectiveCall(FrameworkMethod.java:47)
	at org.junit.internal.runners.model.ReflectiveCallable.run(ReflectiveCallable.java:12)
	at org.junit.runners.model.FrameworkMethod.invokeExplosively(FrameworkMethod.java:44)
	at org.junit.internal.runners.statements.InvokeMethod.evaluate(InvokeMethod.java:17)
	at org.junit.internal.runners.statements.FailOnTimeout$StatementThread.run(FailOnTimeout.java:74)
</failure>
    <system-out><![CDATA[2019-10-21 04:44:15,262 [Thread-337] WARN  server.ServerUtils (ServerUtils.java:getScmDbDir(145)) - ozone.scm.db.dirs is not configured. We recommend adding this setting. Falling back to ozone.metadata.dirs instead.
2019-10-21 04:44:15,278 [Thread-337] WARN  server.ServerUtils (ServerUtils.java:getScmDbDir(145)) - ozone.scm.db.dirs is not configured. We recommend adding this setting. Falling back to ozone.metadata.dirs instead.
2019-10-21 04:44:15,278 [Thread-337] WARN  server.ServerUtils (ServerUtils.java:getScmDbDir(145)) - ozone.scm.db.dirs is not configured. We recommend adding this setting. Falling back to ozone.metadata.dirs instead.
2019-10-21 04:44:15,278 [Thread-337] INFO  db.DBStoreBuilder (DBStoreBuilder.java:addTable(117)) - using custom profile for table: deletedBlocks
2019-10-21 04:44:15,279 [Thread-337] INFO  db.DBStoreBuilder (DBStoreBuilder.java:processTables(168)) - Using default column profile:DBProfile.DISK for Table:deletedBlocks
2019-10-21 04:44:15,279 [Thread-337] INFO  db.DBStoreBuilder (DBStoreBuilder.java:addTable(117)) - using custom profile for table: validCerts
2019-10-21 04:44:15,279 [Thread-337] INFO  db.DBStoreBuilder (DBStoreBuilder.java:processTables(168)) - Using default column profile:DBProfile.DISK for Table:validCerts
2019-10-21 04:44:15,279 [Thread-337] INFO  db.DBStoreBuilder (DBStoreBuilder.java:addTable(117)) - using custom profile for table: revokedCerts
2019-10-21 04:44:15,279 [Thread-337] INFO  db.DBStoreBuilder (DBStoreBuilder.java:processTables(168)) - Using default column profile:DBProfile.DISK for Table:revokedCerts
2019-10-21 04:44:15,280 [Thread-337] INFO  db.DBStoreBuilder (DBStoreBuilder.java:addTable(117)) - using custom profile for table: default
2019-10-21 04:44:15,280 [Thread-337] INFO  db.DBStoreBuilder (DBStoreBuilder.java:processTables(174)) - Using default column profile:DBProfile.DISK for Table:default
2019-10-21 04:44:15,280 [Thread-337] INFO  db.DBStoreBuilder (DBStoreBuilder.java:getDbProfile(205)) - Using default options. DBProfile.DISK
2019-10-21 04:44:15,436 [Thread-337] INFO  net.NodeSchemaLoader (NodeSchemaLoader.java:loadSchemaFromFile(125)) - Loading file from sun.misc.CompoundEnumeration@448e1567
2019-10-21 04:44:15,436 [Thread-337] INFO  net.NodeSchemaLoader (NodeSchemaLoader.java:loadSchema(171)) - Loading network topology layer schema file
2019-10-21 04:44:15,444 [Thread-337] WARN  server.ServerUtils (ServerUtils.java:sanitizeUserArgs(64)) - ozone.scm.stale.node.interval value = 5000 is smaller than min = 6000 based on the key value of hdds.heartbeat.interval, reset to the min value 6000.
2019-10-21 04:44:15,445 [Thread-337] WARN  server.ServerUtils (ServerUtils.java:sanitizeUserArgs(64)) - ozone.scm.stale.node.interval value = 5000 is smaller than min = 6000 based on the key value of hdds.heartbeat.interval, reset to the min value 6000.
2019-10-21 04:44:15,446 [Thread-337] INFO  node.SCMNodeManager (SCMNodeManager.java:<init>(116)) - Entering startup safe mode.
2019-10-21 04:44:15,448 [Thread-337] INFO  algorithms.ContainerPlacementPolicyFactory (ContainerPlacementPolicyFactory.java:getPolicy(59)) - Create container placement policy of type org.apache.hadoop.hdds.scm.container.placement.algorithms.SCMContainerPlacementRandom
2019-10-21 04:44:15,449 [Thread-337] WARN  server.ServerUtils (ServerUtils.java:getScmDbDir(145)) - ozone.scm.db.dirs is not configured. We recommend adding this setting. Falling back to ozone.metadata.dirs instead.
2019-10-21 04:44:15,489 [Thread-337] INFO  pipeline.SCMPipelineManager (SCMPipelineManager.java:initializePipelineState(137)) - No pipeline exists in current db
2019-10-21 04:44:15,489 [Thread-337] WARN  server.ServerUtils (ServerUtils.java:getScmDbDir(145)) - ozone.scm.db.dirs is not configured. We recommend adding this setting. Falling back to ozone.metadata.dirs instead.
2019-10-21 04:44:15,546 [Thread-337] WARN  events.EventQueue (EventQueue.java:fireEvent(183)) - No event handler registered for event TypedEvent{payloadType=SafeModeStatus, name='SafeModeStatus'}
2019-10-21 04:44:15,547 [Thread-337] INFO  ipc.CallQueueManager (CallQueueManager.java:<init>(84)) - Using callQueue: class java.util.concurrent.LinkedBlockingQueue, queueCapacity: 2000, scheduler: class org.apache.hadoop.ipc.DefaultRpcScheduler, ipcBackoff: false.
2019-10-21 04:44:15,548 [Socket Reader #1 for port 36776] INFO  ipc.Server (Server.java:run(1074)) - Starting Socket Reader #1 for port 36776
2019-10-21 04:44:15,551 [Thread-337] INFO  ipc.CallQueueManager (CallQueueManager.java:<init>(84)) - Using callQueue: class java.util.concurrent.LinkedBlockingQueue, queueCapacity: 2000, scheduler: class org.apache.hadoop.ipc.DefaultRpcScheduler, ipcBackoff: false.
2019-10-21 04:44:15,551 [Socket Reader #1 for port 36340] INFO  ipc.Server (Server.java:run(1074)) - Starting Socket Reader #1 for port 36340
2019-10-21 04:44:15,553 [Thread-337] INFO  ipc.CallQueueManager (CallQueueManager.java:<init>(84)) - Using callQueue: class java.util.concurrent.LinkedBlockingQueue, queueCapacity: 2000, scheduler: class org.apache.hadoop.ipc.DefaultRpcScheduler, ipcBackoff: false.
2019-10-21 04:44:15,553 [Socket Reader #1 for port 45455] INFO  ipc.Server (Server.java:run(1074)) - Starting Socket Reader #1 for port 45455
2019-10-21 04:44:15,555 [Thread-337] INFO  hdfs.DFSUtil (DFSUtil.java:httpServerTemplateForNNAndJN(1641)) - Starting Web-server for scm at: http://0.0.0.0:0
2019-10-21 04:44:15,557 [Thread-337] INFO  server.AuthenticationFilter (AuthenticationFilter.java:constructSecretProvider(240)) - Unable to initialize FileSignerSecretProvider, falling back to use random secrets.
2019-10-21 04:44:15,558 [Thread-337] WARN  http.HttpRequestLog (HttpRequestLog.java:getRequestLog(97)) - Jetty request log can only be enabled using Log4j
2019-10-21 04:44:15,560 [Thread-337] INFO  http.HttpServer2 (HttpServer2.java:addGlobalFilter(975)) - Added global filter 'safety' (class=org.apache.hadoop.http.HttpServer2$QuotingInputFilter)
2019-10-21 04:44:15,561 [Thread-337] INFO  http.HttpServer2 (HttpServer2.java:addFilter(948)) - Added filter static_user_filter (class=org.apache.hadoop.http.lib.StaticUserWebFilter$StaticUserFilter) to context scm
2019-10-21 04:44:15,561 [Thread-337] INFO  http.HttpServer2 (HttpServer2.java:addFilter(958)) - Added filter static_user_filter (class=org.apache.hadoop.http.lib.StaticUserWebFilter$StaticUserFilter) to context logs
2019-10-21 04:44:15,561 [Thread-337] INFO  http.HttpServer2 (HttpServer2.java:addFilter(958)) - Added filter static_user_filter (class=org.apache.hadoop.http.lib.StaticUserWebFilter$StaticUserFilter) to context static
2019-10-21 04:44:15,563 [Thread-337] INFO  server.StorageContainerManager (StorageContainerManager.java:start(772)) - StorageContainerLocationProtocol RPC server is listening at /0.0.0.0:45455
2019-10-21 04:44:15,566 [Thread-337] WARN  impl.MetricsConfig (MetricsConfig.java:loadFirst(134)) - Cannot locate configuration: tried hadoop-metrics2-storagecontainermanager.properties,hadoop-metrics2.properties
2019-10-21 04:44:15,567 [Thread-337] INFO  impl.MetricsSystemImpl (MetricsSystemImpl.java:startTimer(374)) - Scheduled Metric snapshot period at 10 second(s).
2019-10-21 04:44:15,567 [Thread-337] INFO  impl.MetricsSystemImpl (MetricsSystemImpl.java:start(191)) - StorageContainerManager metrics system started
2019-10-21 04:44:15,608 [Thread-337] WARN  impl.MetricsSystemImpl (MetricsSystemImpl.java:register(276)) - Sink prometheus already exists!
2019-10-21 04:44:15,615 [Thread-337] INFO  server.SCMClientProtocolServer (SCMClientProtocolServer.java:start(159)) - RPC server for Client  is listening at /0.0.0.0:45455
2019-10-21 04:44:15,615 [IPC Server Responder] INFO  ipc.Server (Server.java:run(1314)) - IPC Server Responder: starting
2019-10-21 04:44:15,615 [IPC Server listener on 45455] INFO  ipc.Server (Server.java:run(1153)) - IPC Server listener on 45455: starting
2019-10-21 04:44:15,620 [Thread-337] INFO  server.StorageContainerManager (StorageContainerManager.java:start(782)) - ScmBlockLocationProtocol RPC server is listening at /0.0.0.0:36340
2019-10-21 04:44:15,621 [Thread-337] INFO  server.SCMBlockProtocolServer (SCMBlockProtocolServer.java:start(146)) - RPC server for Block Protocol is listening at /0.0.0.0:36340
2019-10-21 04:44:15,621 [IPC Server Responder] INFO  ipc.Server (Server.java:run(1314)) - IPC Server Responder: starting
2019-10-21 04:44:15,621 [IPC Server listener on 36340] INFO  ipc.Server (Server.java:run(1153)) - IPC Server listener on 36340: starting
2019-10-21 04:44:15,624 [Thread-337] INFO  server.StorageContainerManager (StorageContainerManager.java:start(786)) - ScmDatanodeProtocl RPC server is listening at /0.0.0.0:36776
2019-10-21 04:44:15,624 [Thread-337] INFO  server.SCMDatanodeProtocolServer (SCMDatanodeProtocolServer.java:start(169)) - RPC server for DataNodes is listening at /0.0.0.0:36776
2019-10-21 04:44:15,624 [IPC Server Responder] INFO  ipc.Server (Server.java:run(1314)) - IPC Server Responder: starting
2019-10-21 04:44:15,624 [IPC Server listener on 36776] INFO  ipc.Server (Server.java:run(1153)) - IPC Server listener on 36776: starting
2019-10-21 04:44:15,627 [Thread-337] INFO  http.HttpServer2 (HttpServer2.java:bindListener(1191)) - Jetty bound to port 46358
2019-10-21 04:44:15,627 [Thread-337] INFO  server.Server (Server.java:doStart(351)) - jetty-9.3.25.v20180904, build timestamp: 2018-09-04T21:11:46Z, git hash: 3ce520221d0240229c862b122d2b06c12a625732
2019-10-21 04:44:15,629 [Thread-337] INFO  handler.ContextHandler (ContextHandler.java:doStart(781)) - Started o.e.j.s.ServletContextHandler@42c6707e{/logs,file:///workdir/hadoop-ozone/integration-test/target/log,AVAILABLE}
2019-10-21 04:44:15,629 [Thread-337] INFO  handler.ContextHandler (ContextHandler.java:doStart(781)) - Started o.e.j.s.ServletContextHandler@5810eff{/static,file:///workdir/hadoop-ozone/integration-test/target/test-classes/webapps/static,AVAILABLE}
2019-10-21 04:44:15,634 [Thread-337] INFO  handler.ContextHandler (ContextHandler.java:doStart(781)) - Started o.e.j.w.WebAppContext@687fa1cb{/,file:///workdir/hadoop-ozone/integration-test/target/test-classes/webapps/scm/,AVAILABLE}{/scm}
2019-10-21 04:44:15,635 [Thread-337] INFO  server.AbstractConnector (AbstractConnector.java:doStart(278)) - Started ServerConnector@3ac910c4{HTTP/1.1,[http/1.1]}{0.0.0.0:46358}
2019-10-21 04:44:15,635 [Thread-337] INFO  server.Server (Server.java:doStart(419)) - Started @28050ms
2019-10-21 04:44:15,635 [Thread-337] WARN  impl.MetricsSystemImpl (MetricsSystemImpl.java:register(276)) - Sink prometheus already exists!
2019-10-21 04:44:15,636 [Thread-337] INFO  server.BaseHttpServer (BaseHttpServer.java:updateConnectorAddress(215)) - HTTP server of SCM is listening at http://0.0.0.0:46358
2019-10-21 04:44:15,636 [Thread-337] WARN  server.ServerUtils (ServerUtils.java:getDBPath(222)) - ozone.om.db.dirs is not configured. We recommend adding this setting. Falling back to ozone.metadata.dirs instead.
2019-10-21 04:44:15,637 [org.apache.hadoop.util.JvmPauseMonitor$Monitor@31462470] INFO  util.JvmPauseMonitor (JvmPauseMonitor.java:run(188)) - Starting JVM pause monitor
2019-10-21 04:44:15,650 [Thread-337] INFO  ha.OMHANodeDetails (OMHANodeDetails.java:loadOMHAConfig(190)) - Configuration either no ozone.om.address set. Falling back to the default OM address /127.0.0.1:0
2019-10-21 04:44:15,651 [Thread-337] INFO  ha.OMHANodeDetails (OMHANodeDetails.java:getOMNodeDetails(220)) - OM Service ID is not set. Setting it to the default ID: omServiceIdDefault
2019-10-21 04:44:15,651 [Thread-337] WARN  server.ServerUtils (ServerUtils.java:getDBPath(222)) - ozone.om.db.dirs is not configured. We recommend adding this setting. Falling back to ozone.metadata.dirs instead.
2019-10-21 04:44:15,651 [Thread-337] WARN  server.ServerUtils (ServerUtils.java:getDBPath(222)) - ozone.om.db.dirs is not configured. We recommend adding this setting. Falling back to ozone.metadata.dirs instead.
2019-10-21 04:44:15,661 [Thread-337] WARN  server.ServerUtils (ServerUtils.java:getDBPath(222)) - ozone.om.db.dirs is not configured. We recommend adding this setting. Falling back to ozone.metadata.dirs instead.
2019-10-21 04:44:15,661 [Thread-337] INFO  db.DBStoreBuilder (DBStoreBuilder.java:addTable(117)) - using custom profile for table: userTable
2019-10-21 04:44:15,661 [Thread-337] INFO  db.DBStoreBuilder (DBStoreBuilder.java:processTables(168)) - Using default column profile:DBProfile.DISK for Table:userTable
2019-10-21 04:44:15,661 [Thread-337] INFO  db.DBStoreBuilder (DBStoreBuilder.java:addTable(117)) - using custom profile for table: volumeTable
2019-10-21 04:44:15,662 [Thread-337] INFO  db.DBStoreBuilder (DBStoreBuilder.java:processTables(168)) - Using default column profile:DBProfile.DISK for Table:volumeTable
2019-10-21 04:44:15,662 [Thread-337] INFO  db.DBStoreBuilder (DBStoreBuilder.java:addTable(117)) - using custom profile for table: bucketTable
2019-10-21 04:44:15,662 [Thread-337] INFO  db.DBStoreBuilder (DBStoreBuilder.java:processTables(168)) - Using default column profile:DBProfile.DISK for Table:bucketTable
2019-10-21 04:44:15,662 [Thread-337] INFO  db.DBStoreBuilder (DBStoreBuilder.java:addTable(117)) - using custom profile for table: keyTable
2019-10-21 04:44:15,662 [Thread-337] INFO  db.DBStoreBuilder (DBStoreBuilder.java:processTables(168)) - Using default column profile:DBProfile.DISK for Table:keyTable
2019-10-21 04:44:15,662 [Thread-337] INFO  db.DBStoreBuilder (DBStoreBuilder.java:addTable(117)) - using custom profile for table: deletedTable
2019-10-21 04:44:15,662 [Thread-337] INFO  db.DBStoreBuilder (DBStoreBuilder.java:processTables(168)) - Using default column profile:DBProfile.DISK for Table:deletedTable
2019-10-21 04:44:15,663 [Thread-337] INFO  db.DBStoreBuilder (DBStoreBuilder.java:addTable(117)) - using custom profile for table: openKeyTable
2019-10-21 04:44:15,663 [Thread-337] INFO  db.DBStoreBuilder (DBStoreBuilder.java:processTables(168)) - Using default column profile:DBProfile.DISK for Table:openKeyTable
2019-10-21 04:44:15,663 [Thread-337] INFO  db.DBStoreBuilder (DBStoreBuilder.java:addTable(117)) - using custom profile for table: s3Table
2019-10-21 04:44:15,663 [Thread-337] INFO  db.DBStoreBuilder (DBStoreBuilder.java:processTables(168)) - Using default column profile:DBProfile.DISK for Table:s3Table
2019-10-21 04:44:15,663 [Thread-337] INFO  db.DBStoreBuilder (DBStoreBuilder.java:addTable(117)) - using custom profile for table: multipartInfoTable
2019-10-21 04:44:15,663 [Thread-337] INFO  db.DBStoreBuilder (DBStoreBuilder.java:processTables(168)) - Using default column profile:DBProfile.DISK for Table:multipartInfoTable
2019-10-21 04:44:15,664 [Thread-337] INFO  db.DBStoreBuilder (DBStoreBuilder.java:addTable(117)) - using custom profile for table: dTokenTable
2019-10-21 04:44:15,664 [Thread-337] INFO  db.DBStoreBuilder (DBStoreBuilder.java:processTables(168)) - Using default column profile:DBProfile.DISK for Table:dTokenTable
2019-10-21 04:44:15,664 [Thread-337] INFO  db.DBStoreBuilder (DBStoreBuilder.java:addTable(117)) - using custom profile for table: s3SecretTable
2019-10-21 04:44:15,664 [Thread-337] INFO  db.DBStoreBuilder (DBStoreBuilder.java:processTables(168)) - Using default column profile:DBProfile.DISK for Table:s3SecretTable
2019-10-21 04:44:15,664 [Thread-337] INFO  db.DBStoreBuilder (DBStoreBuilder.java:addTable(117)) - using custom profile for table: prefixTable
2019-10-21 04:44:15,664 [Thread-337] INFO  db.DBStoreBuilder (DBStoreBuilder.java:processTables(168)) - Using default column profile:DBProfile.DISK for Table:prefixTable
2019-10-21 04:44:15,665 [Thread-337] INFO  db.DBStoreBuilder (DBStoreBuilder.java:addTable(117)) - using custom profile for table: default
2019-10-21 04:44:15,665 [Thread-337] INFO  db.DBStoreBuilder (DBStoreBuilder.java:processTables(174)) - Using default column profile:DBProfile.DISK for Table:default
2019-10-21 04:44:15,665 [Thread-337] INFO  db.DBStoreBuilder (DBStoreBuilder.java:getDbProfile(205)) - Using default options. DBProfile.DISK
2019-10-21 04:44:16,013 [Thread-337] INFO  ipc.CallQueueManager (CallQueueManager.java:<init>(84)) - Using callQueue: class java.util.concurrent.LinkedBlockingQueue, queueCapacity: 2000, scheduler: class org.apache.hadoop.ipc.DefaultRpcScheduler, ipcBackoff: false.
2019-10-21 04:44:16,014 [Socket Reader #1 for port 34384] INFO  ipc.Server (Server.java:run(1074)) - Starting Socket Reader #1 for port 34384
2019-10-21 04:44:16,027 [Thread-337] INFO  om.OzoneManager (OzoneManager.java:start(1071)) - OzoneManager RPC server is listening at localhost/127.0.0.1:34384
2019-10-21 04:44:16,027 [Thread-337] INFO  impl.MetricsSystemImpl (MetricsSystemImpl.java:init(158)) - OzoneManager metrics system started (again)
2019-10-21 04:44:16,029 [IPC Server Responder] INFO  ipc.Server (Server.java:run(1314)) - IPC Server Responder: starting
2019-10-21 04:44:16,030 [IPC Server listener on 34384] INFO  ipc.Server (Server.java:run(1153)) - IPC Server listener on 34384: starting
2019-10-21 04:44:16,034 [Thread-337] INFO  hdfs.DFSUtil (DFSUtil.java:httpServerTemplateForNNAndJN(1641)) - Starting Web-server for ozoneManager at: http://0.0.0.0:0
2019-10-21 04:44:16,035 [Thread-337] INFO  server.AuthenticationFilter (AuthenticationFilter.java:constructSecretProvider(240)) - Unable to initialize FileSignerSecretProvider, falling back to use random secrets.
2019-10-21 04:44:16,036 [Thread-337] WARN  http.HttpRequestLog (HttpRequestLog.java:getRequestLog(97)) - Jetty request log can only be enabled using Log4j
2019-10-21 04:44:16,037 [Thread-337] INFO  http.HttpServer2 (HttpServer2.java:addGlobalFilter(975)) - Added global filter 'safety' (class=org.apache.hadoop.http.HttpServer2$QuotingInputFilter)
2019-10-21 04:44:16,038 [Thread-337] INFO  http.HttpServer2 (HttpServer2.java:addFilter(948)) - Added filter static_user_filter (class=org.apache.hadoop.http.lib.StaticUserWebFilter$StaticUserFilter) to context ozoneManager
2019-10-21 04:44:16,038 [Thread-337] INFO  http.HttpServer2 (HttpServer2.java:addFilter(958)) - Added filter static_user_filter (class=org.apache.hadoop.http.lib.StaticUserWebFilter$StaticUserFilter) to context static
2019-10-21 04:44:16,038 [Thread-337] INFO  http.HttpServer2 (HttpServer2.java:addFilter(958)) - Added filter static_user_filter (class=org.apache.hadoop.http.lib.StaticUserWebFilter$StaticUserFilter) to context logs
2019-10-21 04:44:16,039 [Thread-337] INFO  http.HttpServer2 (HttpServer2.java:bindListener(1191)) - Jetty bound to port 38017
2019-10-21 04:44:16,039 [Thread-337] INFO  server.Server (Server.java:doStart(351)) - jetty-9.3.25.v20180904, build timestamp: 2018-09-04T21:11:46Z, git hash: 3ce520221d0240229c862b122d2b06c12a625732
2019-10-21 04:44:16,045 [Thread-337] INFO  handler.ContextHandler (ContextHandler.java:doStart(781)) - Started o.e.j.s.ServletContextHandler@59336914{/logs,file:///workdir/hadoop-ozone/integration-test/target/log,AVAILABLE}
2019-10-21 04:44:16,045 [Thread-337] INFO  handler.ContextHandler (ContextHandler.java:doStart(781)) - Started o.e.j.s.ServletContextHandler@34398fd8{/static,file:///workdir/hadoop-ozone/integration-test/target/test-classes/webapps/static,AVAILABLE}
2019-10-21 04:44:16,051 [Thread-337] INFO  handler.ContextHandler (ContextHandler.java:doStart(781)) - Started o.e.j.w.WebAppContext@4227f6e3{/,file:///workdir/hadoop-ozone/integration-test/target/test-classes/webapps/ozoneManager/,AVAILABLE}{/ozoneManager}
2019-10-21 04:44:16,052 [Thread-337] INFO  server.AbstractConnector (AbstractConnector.java:doStart(278)) - Started ServerConnector@59fb5db{HTTP/1.1,[http/1.1]}{0.0.0.0:38017}
2019-10-21 04:44:16,052 [Thread-337] INFO  server.Server (Server.java:doStart(419)) - Started @28467ms
2019-10-21 04:44:16,053 [Thread-337] WARN  impl.MetricsSystemImpl (MetricsSystemImpl.java:register(276)) - Sink prometheus already exists!
2019-10-21 04:44:16,054 [Thread-337] INFO  server.BaseHttpServer (BaseHttpServer.java:updateConnectorAddress(215)) - HTTP server of OZONEMANAGER is listening at http://0.0.0.0:38017
2019-10-21 04:44:16,065 [Thread-337] INFO  impl.MetricsSystemImpl (MetricsSystemImpl.java:init(158)) - HddsDatanode metrics system started (again)
2019-10-21 04:44:16,066 [Thread-337] INFO  ozone.HddsDatanodeService (HddsDatanodeService.java:start(184)) - HddsDatanodeService host:pr-hdds-1569-2q4s4-1508879248 ip:192.168.157.225
2019-10-21 04:44:16,072 [Thread-337] INFO  volume.HddsVolume (HddsVolume.java:<init>(176)) - Creating Volume: /workdir/hadoop-ozone/integration-test/target/test-dir/MiniOzoneClusterImpl-d393734c-ee65-42a5-ae62-3efe750dda5e/datanode-0/data/containers/hdds of  storage type : DISK and capacity : 1482555576320
2019-10-21 04:44:16,073 [Thread-337] INFO  volume.VolumeSet (VolumeSet.java:initializeVolumeSet(170)) - Added Volume : /workdir/hadoop-ozone/integration-test/target/test-dir/MiniOzoneClusterImpl-d393734c-ee65-42a5-ae62-3efe750dda5e/datanode-0/data/containers/hdds to VolumeSet
2019-10-21 04:44:16,073 [Thread-337] INFO  volume.ThrottledAsyncChecker (ThrottledAsyncChecker.java:schedule(141)) - Scheduling a check for org.apache.hadoop.ozone.container.common.volume.HddsVolume@7fb5b590
2019-10-21 04:44:16,073 [Thread-337] INFO  volume.HddsVolumeChecker (HddsVolumeChecker.java:checkAllVolumes(204)) - Scheduled health check for volume org.apache.hadoop.ozone.container.common.volume.HddsVolume@7fb5b590
2019-10-21 04:44:16,085 [Thread-337] INFO  impl.RaftServerProxy (ConfUtils.java:logGet(43)) - raft.rpc.type = GRPC (default)
2019-10-21 04:44:16,086 [Thread-337] INFO  grpc.GrpcFactory (GrpcFactory.java:checkPooledByteBufAllocatorUseCacheForAllThreads(45)) - PERFORMANCE WARNING: useCacheForAllThreads is true that may cause Netty to create a lot garbage objects and, as a result, trigger GC.
	It is recommended to disable useCacheForAllThreads by setting -Dorg.apache.ratis.thirdparty.io.netty.allocator.useCacheForAllThreads=false in command line.
2019-10-21 04:44:16,086 [Thread-337] INFO  grpc.GrpcConfigKeys$Server (ConfUtils.java:logGet(43)) - raft.grpc.server.port = 0 (default)
2019-10-21 04:44:16,086 [Thread-337] INFO  server.GrpcService (ConfUtils.java:logGet(43)) - raft.grpc.message.size.max = 33570816 (custom)
2019-10-21 04:44:16,087 [Thread-337] INFO  server.RaftServerConfigKeys (ConfUtils.java:logGet(43)) - raft.server.log.appender.buffer.byte-limit = 33554432 (custom)
2019-10-21 04:44:16,087 [Thread-337] INFO  server.GrpcService (ConfUtils.java:logGet(43)) - raft.grpc.flow.control.window = 1MB (=1048576) (default)
2019-10-21 04:44:16,087 [Thread-337] INFO  server.RaftServerConfigKeys (ConfUtils.java:logGet(43)) - raft.server.rpc.request.timeout = 3000ms (default)
2019-10-21 04:44:16,089 [Thread-337] INFO  server.RaftServerConfigKeys (ConfUtils.java:logGet(43)) - raft.server.storage.dir = [/workdir/hadoop-ozone/integration-test/target/test-dir/MiniOzoneClusterImpl-d393734c-ee65-42a5-ae62-3efe750dda5e/datanode-0/data/ratis] (custom)
2019-10-21 04:44:16,091 [Thread-337] INFO  hdfs.DFSUtil (DFSUtil.java:httpServerTemplateForNNAndJN(1641)) - Starting Web-server for hddsDatanode at: http://0.0.0.0:0
2019-10-21 04:44:16,092 [Thread-337] INFO  server.AuthenticationFilter (AuthenticationFilter.java:constructSecretProvider(240)) - Unable to initialize FileSignerSecretProvider, falling back to use random secrets.
2019-10-21 04:44:16,092 [Thread-337] WARN  http.HttpRequestLog (HttpRequestLog.java:getRequestLog(97)) - Jetty request log can only be enabled using Log4j
2019-10-21 04:44:16,094 [Thread-337] INFO  http.HttpServer2 (HttpServer2.java:addGlobalFilter(975)) - Added global filter 'safety' (class=org.apache.hadoop.http.HttpServer2$QuotingInputFilter)
2019-10-21 04:44:16,094 [Thread-337] INFO  http.HttpServer2 (HttpServer2.java:addFilter(948)) - Added filter static_user_filter (class=org.apache.hadoop.http.lib.StaticUserWebFilter$StaticUserFilter) to context hddsDatanode
2019-10-21 04:44:16,094 [Thread-337] INFO  http.HttpServer2 (HttpServer2.java:addFilter(958)) - Added filter static_user_filter (class=org.apache.hadoop.http.lib.StaticUserWebFilter$StaticUserFilter) to context logs
2019-10-21 04:44:16,094 [Thread-337] INFO  http.HttpServer2 (HttpServer2.java:addFilter(958)) - Added filter static_user_filter (class=org.apache.hadoop.http.lib.StaticUserWebFilter$StaticUserFilter) to context static
2019-10-21 04:44:16,095 [Thread-337] INFO  http.HttpServer2 (HttpServer2.java:bindListener(1191)) - Jetty bound to port 36216
2019-10-21 04:44:16,095 [Thread-337] INFO  server.Server (Server.java:doStart(351)) - jetty-9.3.25.v20180904, build timestamp: 2018-09-04T21:11:46Z, git hash: 3ce520221d0240229c862b122d2b06c12a625732
2019-10-21 04:44:16,096 [Thread-337] INFO  handler.ContextHandler (ContextHandler.java:doStart(781)) - Started o.e.j.s.ServletContextHandler@3ce970c9{/logs,file:///workdir/hadoop-ozone/integration-test/target/log,AVAILABLE}
2019-10-21 04:44:16,097 [Thread-337] INFO  handler.ContextHandler (ContextHandler.java:doStart(781)) - Started o.e.j.s.ServletContextHandler@55b19af{/static,jar:file:/home/user/.m2/repository/org/apache/hadoop/hadoop-hdds-container-service/0.5.0-SNAPSHOT/hadoop-hdds-container-service-0.5.0-SNAPSHOT.jar!/webapps/static,AVAILABLE}
2019-10-21 04:44:16,129 [Thread-337] INFO  handler.ContextHandler (ContextHandler.java:doStart(781)) - Started o.e.j.w.WebAppContext@79dd6f93{/,file:///tmp/jetty-0.0.0.0-36216-hddsDatanode-_-any-5080887857551499414.dir/webapp/,AVAILABLE}{/hddsDatanode}
2019-10-21 04:44:16,129 [Thread-337] INFO  server.AbstractConnector (AbstractConnector.java:doStart(278)) - Started ServerConnector@14766b97{HTTP/1.1,[http/1.1]}{0.0.0.0:36216}
2019-10-21 04:44:16,130 [Thread-337] INFO  server.Server (Server.java:doStart(419)) - Started @28545ms
2019-10-21 04:44:16,130 [Thread-337] WARN  impl.MetricsSystemImpl (MetricsSystemImpl.java:register(276)) - Sink prometheus already exists!
2019-10-21 04:44:16,131 [Thread-337] INFO  server.BaseHttpServer (BaseHttpServer.java:updateConnectorAddress(215)) - HTTP server of HDDSDATANODE is listening at http://0.0.0.0:36216
2019-10-21 04:44:16,131 [Thread-337] INFO  impl.MetricsSystemImpl (MetricsSystemImpl.java:init(158)) - HddsDatanode metrics system started (again)
2019-10-21 04:44:16,133 [Thread-337] INFO  ozone.HddsDatanodeService (HddsDatanodeService.java:start(184)) - HddsDatanodeService host:pr-hdds-1569-2q4s4-1508879248 ip:192.168.157.225
2019-10-21 04:44:16,134 [org.apache.hadoop.util.JvmPauseMonitor$Monitor@4b1c689f] INFO  util.JvmPauseMonitor (JvmPauseMonitor.java:run(188)) - Starting JVM pause monitor
2019-10-21 04:44:16,135 [Datanode State Machine Thread - 0] INFO  datanode.InitDatanodeState (InitDatanodeState.java:persistContainerDatanodeDetails(140)) - DatanodeDetails is persisted to /workdir/hadoop-ozone/integration-test/target/test-dir/MiniOzoneClusterImpl-d393734c-ee65-42a5-ae62-3efe750dda5e/datanode-0/meta/datanode.id
2019-10-21 04:44:16,142 [Thread-337] INFO  volume.HddsVolume (HddsVolume.java:<init>(176)) - Creating Volume: /workdir/hadoop-ozone/integration-test/target/test-dir/MiniOzoneClusterImpl-d393734c-ee65-42a5-ae62-3efe750dda5e/datanode-1/data/containers/hdds of  storage type : DISK and capacity : 1482555576320
2019-10-21 04:44:16,143 [Thread-337] INFO  volume.VolumeSet (VolumeSet.java:initializeVolumeSet(170)) - Added Volume : /workdir/hadoop-ozone/integration-test/target/test-dir/MiniOzoneClusterImpl-d393734c-ee65-42a5-ae62-3efe750dda5e/datanode-1/data/containers/hdds to VolumeSet
2019-10-21 04:44:16,144 [Thread-337] INFO  volume.ThrottledAsyncChecker (ThrottledAsyncChecker.java:schedule(141)) - Scheduling a check for org.apache.hadoop.ozone.container.common.volume.HddsVolume@a12e361
2019-10-21 04:44:16,144 [Thread-337] INFO  volume.HddsVolumeChecker (HddsVolumeChecker.java:checkAllVolumes(204)) - Scheduled health check for volume org.apache.hadoop.ozone.container.common.volume.HddsVolume@a12e361
2019-10-21 04:44:16,157 [Thread-337] INFO  impl.RaftServerProxy (ConfUtils.java:logGet(43)) - raft.rpc.type = GRPC (default)
2019-10-21 04:44:16,157 [Thread-337] INFO  grpc.GrpcFactory (GrpcFactory.java:checkPooledByteBufAllocatorUseCacheForAllThreads(45)) - PERFORMANCE WARNING: useCacheForAllThreads is true that may cause Netty to create a lot garbage objects and, as a result, trigger GC.
	It is recommended to disable useCacheForAllThreads by setting -Dorg.apache.ratis.thirdparty.io.netty.allocator.useCacheForAllThreads=false in command line.
2019-10-21 04:44:16,157 [Thread-337] INFO  grpc.GrpcConfigKeys$Server (ConfUtils.java:logGet(43)) - raft.grpc.server.port = 0 (default)
2019-10-21 04:44:16,158 [Thread-337] INFO  server.GrpcService (ConfUtils.java:logGet(43)) - raft.grpc.message.size.max = 33570816 (custom)
2019-10-21 04:44:16,158 [Thread-337] INFO  server.RaftServerConfigKeys (ConfUtils.java:logGet(43)) - raft.server.log.appender.buffer.byte-limit = 33554432 (custom)
2019-10-21 04:44:16,158 [Thread-337] INFO  server.GrpcService (ConfUtils.java:logGet(43)) - raft.grpc.flow.control.window = 1MB (=1048576) (default)
2019-10-21 04:44:16,158 [Thread-337] INFO  server.RaftServerConfigKeys (ConfUtils.java:logGet(43)) - raft.server.rpc.request.timeout = 3000ms (default)
2019-10-21 04:44:16,159 [Thread-337] INFO  server.RaftServerConfigKeys (ConfUtils.java:logGet(43)) - raft.server.storage.dir = [/workdir/hadoop-ozone/integration-test/target/test-dir/MiniOzoneClusterImpl-d393734c-ee65-42a5-ae62-3efe750dda5e/datanode-1/data/ratis] (custom)
2019-10-21 04:44:16,161 [Thread-337] INFO  hdfs.DFSUtil (DFSUtil.java:httpServerTemplateForNNAndJN(1641)) - Starting Web-server for hddsDatanode at: http://0.0.0.0:0
2019-10-21 04:44:16,162 [Thread-337] INFO  server.AuthenticationFilter (AuthenticationFilter.java:constructSecretProvider(240)) - Unable to initialize FileSignerSecretProvider, falling back to use random secrets.
2019-10-21 04:44:16,162 [Thread-337] WARN  http.HttpRequestLog (HttpRequestLog.java:getRequestLog(97)) - Jetty request log can only be enabled using Log4j
2019-10-21 04:44:16,163 [Thread-337] INFO  http.HttpServer2 (HttpServer2.java:addGlobalFilter(975)) - Added global filter 'safety' (class=org.apache.hadoop.http.HttpServer2$QuotingInputFilter)
2019-10-21 04:44:16,164 [Thread-337] INFO  http.HttpServer2 (HttpServer2.java:addFilter(948)) - Added filter static_user_filter (class=org.apache.hadoop.http.lib.StaticUserWebFilter$StaticUserFilter) to context hddsDatanode
2019-10-21 04:44:16,164 [Thread-337] INFO  http.HttpServer2 (HttpServer2.java:addFilter(958)) - Added filter static_user_filter (class=org.apache.hadoop.http.lib.StaticUserWebFilter$StaticUserFilter) to context static
2019-10-21 04:44:16,164 [Thread-337] INFO  http.HttpServer2 (HttpServer2.java:addFilter(958)) - Added filter static_user_filter (class=org.apache.hadoop.http.lib.StaticUserWebFilter$StaticUserFilter) to context logs
2019-10-21 04:44:16,165 [Thread-337] INFO  http.HttpServer2 (HttpServer2.java:bindListener(1191)) - Jetty bound to port 43871
2019-10-21 04:44:16,165 [Thread-337] INFO  server.Server (Server.java:doStart(351)) - jetty-9.3.25.v20180904, build timestamp: 2018-09-04T21:11:46Z, git hash: 3ce520221d0240229c862b122d2b06c12a625732
2019-10-21 04:44:16,166 [Thread-337] INFO  handler.ContextHandler (ContextHandler.java:doStart(781)) - Started o.e.j.s.ServletContextHandler@60fe5a61{/logs,file:///workdir/hadoop-ozone/integration-test/target/log,AVAILABLE}
2019-10-21 04:44:16,166 [Thread-337] INFO  handler.ContextHandler (ContextHandler.java:doStart(781)) - Started o.e.j.s.ServletContextHandler@62474e00{/static,jar:file:/home/user/.m2/repository/org/apache/hadoop/hadoop-hdds-container-service/0.5.0-SNAPSHOT/hadoop-hdds-container-service-0.5.0-SNAPSHOT.jar!/webapps/static,AVAILABLE}
2019-10-21 04:44:16,209 [Thread-337] INFO  handler.ContextHandler (ContextHandler.java:doStart(781)) - Started o.e.j.w.WebAppContext@4e96ada4{/,file:///tmp/jetty-0.0.0.0-43871-hddsDatanode-_-any-7778963772401516242.dir/webapp/,AVAILABLE}{/hddsDatanode}
2019-10-21 04:44:16,209 [Thread-337] INFO  server.AbstractConnector (AbstractConnector.java:doStart(278)) - Started ServerConnector@5f4792f4{HTTP/1.1,[http/1.1]}{0.0.0.0:43871}
2019-10-21 04:44:16,211 [Thread-337] INFO  server.Server (Server.java:doStart(419)) - Started @28625ms
2019-10-21 04:44:16,211 [Thread-337] WARN  impl.MetricsSystemImpl (MetricsSystemImpl.java:register(276)) - Sink prometheus already exists!
2019-10-21 04:44:16,212 [Thread-337] INFO  server.BaseHttpServer (BaseHttpServer.java:updateConnectorAddress(215)) - HTTP server of HDDSDATANODE is listening at http://0.0.0.0:43871
2019-10-21 04:44:16,212 [Thread-337] INFO  impl.MetricsSystemImpl (MetricsSystemImpl.java:init(158)) - HddsDatanode metrics system started (again)
2019-10-21 04:44:16,217 [org.apache.hadoop.util.JvmPauseMonitor$Monitor@44a033fd] INFO  util.JvmPauseMonitor (JvmPauseMonitor.java:run(188)) - Starting JVM pause monitor
2019-10-21 04:44:16,217 [Thread-337] INFO  ozone.HddsDatanodeService (HddsDatanodeService.java:start(184)) - HddsDatanodeService host:pr-hdds-1569-2q4s4-1508879248 ip:192.168.157.225
2019-10-21 04:44:16,218 [Datanode State Machine Thread - 0] INFO  datanode.InitDatanodeState (InitDatanodeState.java:persistContainerDatanodeDetails(140)) - DatanodeDetails is persisted to /workdir/hadoop-ozone/integration-test/target/test-dir/MiniOzoneClusterImpl-d393734c-ee65-42a5-ae62-3efe750dda5e/datanode-1/meta/datanode.id
2019-10-21 04:44:16,223 [Thread-337] INFO  volume.HddsVolume (HddsVolume.java:<init>(176)) - Creating Volume: /workdir/hadoop-ozone/integration-test/target/test-dir/MiniOzoneClusterImpl-d393734c-ee65-42a5-ae62-3efe750dda5e/datanode-2/data/containers/hdds of  storage type : DISK and capacity : 1482555576320
2019-10-21 04:44:16,224 [Thread-337] INFO  volume.VolumeSet (VolumeSet.java:initializeVolumeSet(170)) - Added Volume : /workdir/hadoop-ozone/integration-test/target/test-dir/MiniOzoneClusterImpl-d393734c-ee65-42a5-ae62-3efe750dda5e/datanode-2/data/containers/hdds to VolumeSet
2019-10-21 04:44:16,225 [Thread-337] INFO  volume.ThrottledAsyncChecker (ThrottledAsyncChecker.java:schedule(141)) - Scheduling a check for org.apache.hadoop.ozone.container.common.volume.HddsVolume@22b77fdf
2019-10-21 04:44:16,225 [Thread-337] INFO  volume.HddsVolumeChecker (HddsVolumeChecker.java:checkAllVolumes(204)) - Scheduled health check for volume org.apache.hadoop.ozone.container.common.volume.HddsVolume@22b77fdf
2019-10-21 04:44:16,238 [Thread-337] INFO  impl.RaftServerProxy (ConfUtils.java:logGet(43)) - raft.rpc.type = GRPC (default)
2019-10-21 04:44:16,238 [Thread-337] INFO  grpc.GrpcFactory (GrpcFactory.java:checkPooledByteBufAllocatorUseCacheForAllThreads(45)) - PERFORMANCE WARNING: useCacheForAllThreads is true that may cause Netty to create a lot garbage objects and, as a result, trigger GC.
	It is recommended to disable useCacheForAllThreads by setting -Dorg.apache.ratis.thirdparty.io.netty.allocator.useCacheForAllThreads=false in command line.
2019-10-21 04:44:16,238 [Thread-337] INFO  grpc.GrpcConfigKeys$Server (ConfUtils.java:logGet(43)) - raft.grpc.server.port = 0 (default)
2019-10-21 04:44:16,239 [Thread-337] INFO  server.GrpcService (ConfUtils.java:logGet(43)) - raft.grpc.message.size.max = 33570816 (custom)
2019-10-21 04:44:16,239 [Thread-337] INFO  server.RaftServerConfigKeys (ConfUtils.java:logGet(43)) - raft.server.log.appender.buffer.byte-limit = 33554432 (custom)
2019-10-21 04:44:16,239 [Thread-337] INFO  server.GrpcService (ConfUtils.java:logGet(43)) - raft.grpc.flow.control.window = 1MB (=1048576) (default)
2019-10-21 04:44:16,239 [Thread-337] INFO  server.RaftServerConfigKeys (ConfUtils.java:logGet(43)) - raft.server.rpc.request.timeout = 3000ms (default)
2019-10-21 04:44:16,239 [Thread-337] INFO  server.RaftServerConfigKeys (ConfUtils.java:logGet(43)) - raft.server.storage.dir = [/workdir/hadoop-ozone/integration-test/target/test-dir/MiniOzoneClusterImpl-d393734c-ee65-42a5-ae62-3efe750dda5e/datanode-2/data/ratis] (custom)
2019-10-21 04:44:16,241 [Thread-337] INFO  hdfs.DFSUtil (DFSUtil.java:httpServerTemplateForNNAndJN(1641)) - Starting Web-server for hddsDatanode at: http://0.0.0.0:0
2019-10-21 04:44:16,243 [Thread-337] INFO  server.AuthenticationFilter (AuthenticationFilter.java:constructSecretProvider(240)) - Unable to initialize FileSignerSecretProvider, falling back to use random secrets.
2019-10-21 04:44:16,244 [Thread-337] WARN  http.HttpRequestLog (HttpRequestLog.java:getRequestLog(97)) - Jetty request log can only be enabled using Log4j
2019-10-21 04:44:16,247 [Thread-337] INFO  http.HttpServer2 (HttpServer2.java:addGlobalFilter(975)) - Added global filter 'safety' (class=org.apache.hadoop.http.HttpServer2$QuotingInputFilter)
2019-10-21 04:44:16,249 [Thread-337] INFO  http.HttpServer2 (HttpServer2.java:addFilter(948)) - Added filter static_user_filter (class=org.apache.hadoop.http.lib.StaticUserWebFilter$StaticUserFilter) to context hddsDatanode
2019-10-21 04:44:16,249 [Thread-337] INFO  http.HttpServer2 (HttpServer2.java:addFilter(958)) - Added filter static_user_filter (class=org.apache.hadoop.http.lib.StaticUserWebFilter$StaticUserFilter) to context static
2019-10-21 04:44:16,249 [Thread-337] INFO  http.HttpServer2 (HttpServer2.java:addFilter(958)) - Added filter static_user_filter (class=org.apache.hadoop.http.lib.StaticUserWebFilter$StaticUserFilter) to context logs
2019-10-21 04:44:16,250 [Thread-337] INFO  http.HttpServer2 (HttpServer2.java:bindListener(1191)) - Jetty bound to port 33356
2019-10-21 04:44:16,250 [Thread-337] INFO  server.Server (Server.java:doStart(351)) - jetty-9.3.25.v20180904, build timestamp: 2018-09-04T21:11:46Z, git hash: 3ce520221d0240229c862b122d2b06c12a625732
2019-10-21 04:44:16,252 [Thread-337] INFO  handler.ContextHandler (ContextHandler.java:doStart(781)) - Started o.e.j.s.ServletContextHandler@583ef311{/logs,file:///workdir/hadoop-ozone/integration-test/target/log,AVAILABLE}
2019-10-21 04:44:16,253 [Thread-337] INFO  handler.ContextHandler (ContextHandler.java:doStart(781)) - Started o.e.j.s.ServletContextHandler@25dea7d3{/static,jar:file:/home/user/.m2/repository/org/apache/hadoop/hadoop-hdds-container-service/0.5.0-SNAPSHOT/hadoop-hdds-container-service-0.5.0-SNAPSHOT.jar!/webapps/static,AVAILABLE}
2019-10-21 04:44:16,309 [Thread-337] INFO  handler.ContextHandler (ContextHandler.java:doStart(781)) - Started o.e.j.w.WebAppContext@6c59e53b{/,file:///tmp/jetty-0.0.0.0-33356-hddsDatanode-_-any-4486939197613824222.dir/webapp/,AVAILABLE}{/hddsDatanode}
2019-10-21 04:44:16,310 [Thread-337] INFO  server.AbstractConnector (AbstractConnector.java:doStart(278)) - Started ServerConnector@4585272{HTTP/1.1,[http/1.1]}{0.0.0.0:33356}
2019-10-21 04:44:16,311 [Thread-337] INFO  server.Server (Server.java:doStart(419)) - Started @28725ms
2019-10-21 04:44:16,311 [Thread-337] WARN  impl.MetricsSystemImpl (MetricsSystemImpl.java:register(276)) - Sink prometheus already exists!
2019-10-21 04:44:16,312 [Thread-337] INFO  server.BaseHttpServer (BaseHttpServer.java:updateConnectorAddress(215)) - HTTP server of HDDSDATANODE is listening at http://0.0.0.0:33356
2019-10-21 04:44:16,312 [Thread-337] INFO  ozone.MiniOzoneClusterImpl (MiniOzoneClusterImpl.java:lambda$waitForClusterToBeReady$0(147)) - Waiting for cluster to be ready. Got 0 of 3 DN Heartbeats.
2019-10-21 04:44:16,314 [org.apache.hadoop.util.JvmPauseMonitor$Monitor@305aa91d] INFO  util.JvmPauseMonitor (JvmPauseMonitor.java:run(188)) - Starting JVM pause monitor
2019-10-21 04:44:16,317 [Datanode State Machine Thread - 0] INFO  datanode.InitDatanodeState (InitDatanodeState.java:persistContainerDatanodeDetails(140)) - DatanodeDetails is persisted to /workdir/hadoop-ozone/integration-test/target/test-dir/MiniOzoneClusterImpl-d393734c-ee65-42a5-ae62-3efe750dda5e/datanode-2/meta/datanode.id
2019-10-21 04:44:17,312 [Thread-337] INFO  ozone.MiniOzoneClusterImpl (MiniOzoneClusterImpl.java:lambda$waitForClusterToBeReady$0(147)) - Waiting for cluster to be ready. Got 0 of 3 DN Heartbeats.
2019-10-21 04:44:18,153 [Datanode State Machine Thread - 0] INFO  ozoneimpl.OzoneContainer (OzoneContainer.java:start(213)) - Attempting to start container services.
2019-10-21 04:44:18,156 [Datanode State Machine Thread - 0] INFO  ozoneimpl.OzoneContainer (OzoneContainer.java:startContainerScrub(177)) - Background container scanner has been disabled.
2019-10-21 04:44:18,156 [Datanode State Machine Thread - 0] INFO  ratis.XceiverServerRatis (XceiverServerRatis.java:start(418)) - Starting XceiverServerRatis 502aeec8-ce18-4ac7-b59c-9e4619f5fb30 at port 0
2019-10-21 04:44:18,160 [Datanode State Machine Thread - 0] INFO  impl.RaftServerProxy (RaftServerProxy.java:lambda$start$3(299)) - 502aeec8-ce18-4ac7-b59c-9e4619f5fb30: start RPC server
2019-10-21 04:44:18,162 [Datanode State Machine Thread - 0] INFO  server.GrpcService (GrpcService.java:startImpl(158)) - 502aeec8-ce18-4ac7-b59c-9e4619f5fb30: GrpcService started, listening on 0.0.0.0/0.0.0.0:34983
2019-10-21 04:44:18,162 [Datanode State Machine Thread - 0] INFO  ratis.XceiverServerRatis (XceiverServerRatis.java:start(428)) - XceiverServerRatis 502aeec8-ce18-4ac7-b59c-9e4619f5fb30 is started using port 34983
2019-10-21 04:44:18,163 [Datanode State Machine Thread - 0] INFO  server.XceiverServerGrpc (XceiverServerGrpc.java:start(149)) - XceiverServerGrpc 502aeec8-ce18-4ac7-b59c-9e4619f5fb30 is started using port 42517
2019-10-21 04:44:18,234 [Datanode State Machine Thread - 0] INFO  ozoneimpl.OzoneContainer (OzoneContainer.java:start(213)) - Attempting to start container services.
2019-10-21 04:44:18,234 [Datanode State Machine Thread - 0] INFO  ozoneimpl.OzoneContainer (OzoneContainer.java:startContainerScrub(177)) - Background container scanner has been disabled.
2019-10-21 04:44:18,234 [Datanode State Machine Thread - 0] INFO  ratis.XceiverServerRatis (XceiverServerRatis.java:start(418)) - Starting XceiverServerRatis ed1fbd6a-10de-4385-9008-68132ed93668 at port 0
2019-10-21 04:44:18,240 [Datanode State Machine Thread - 0] INFO  impl.RaftServerProxy (RaftServerProxy.java:lambda$start$3(299)) - ed1fbd6a-10de-4385-9008-68132ed93668: start RPC server
2019-10-21 04:44:18,241 [Datanode State Machine Thread - 0] INFO  server.GrpcService (GrpcService.java:startImpl(158)) - ed1fbd6a-10de-4385-9008-68132ed93668: GrpcService started, listening on 0.0.0.0/0.0.0.0:41733
2019-10-21 04:44:18,241 [Datanode State Machine Thread - 0] INFO  ratis.XceiverServerRatis (XceiverServerRatis.java:start(428)) - XceiverServerRatis ed1fbd6a-10de-4385-9008-68132ed93668 is started using port 41733
2019-10-21 04:44:18,242 [Datanode State Machine Thread - 0] INFO  server.XceiverServerGrpc (XceiverServerGrpc.java:start(149)) - XceiverServerGrpc ed1fbd6a-10de-4385-9008-68132ed93668 is started using port 42497
2019-10-21 04:44:18,313 [Thread-337] INFO  ozone.MiniOzoneClusterImpl (MiniOzoneClusterImpl.java:lambda$waitForClusterToBeReady$0(147)) - Waiting for cluster to be ready. Got 0 of 3 DN Heartbeats.
2019-10-21 04:44:18,385 [Datanode State Machine Thread - 0] INFO  ozoneimpl.OzoneContainer (OzoneContainer.java:start(213)) - Attempting to start container services.
2019-10-21 04:44:18,385 [Datanode State Machine Thread - 0] INFO  ozoneimpl.OzoneContainer (OzoneContainer.java:startContainerScrub(177)) - Background container scanner has been disabled.
2019-10-21 04:44:18,385 [Datanode State Machine Thread - 0] INFO  ratis.XceiverServerRatis (XceiverServerRatis.java:start(418)) - Starting XceiverServerRatis 912560de-0342-4a13-bb2f-36ba08a0fad6 at port 0
2019-10-21 04:44:18,391 [Datanode State Machine Thread - 0] INFO  impl.RaftServerProxy (RaftServerProxy.java:lambda$start$3(299)) - 912560de-0342-4a13-bb2f-36ba08a0fad6: start RPC server
2019-10-21 04:44:18,393 [Datanode State Machine Thread - 0] INFO  server.GrpcService (GrpcService.java:startImpl(158)) - 912560de-0342-4a13-bb2f-36ba08a0fad6: GrpcService started, listening on 0.0.0.0/0.0.0.0:46735
2019-10-21 04:44:18,393 [Datanode State Machine Thread - 0] INFO  ratis.XceiverServerRatis (XceiverServerRatis.java:start(428)) - XceiverServerRatis 912560de-0342-4a13-bb2f-36ba08a0fad6 is started using port 46735
2019-10-21 04:44:18,396 [Datanode State Machine Thread - 0] INFO  server.XceiverServerGrpc (XceiverServerGrpc.java:start(149)) - XceiverServerGrpc 912560de-0342-4a13-bb2f-36ba08a0fad6 is started using port 42836
2019-10-21 04:44:19,313 [Thread-337] INFO  ozone.MiniOzoneClusterImpl (MiniOzoneClusterImpl.java:lambda$waitForClusterToBeReady$0(147)) - Waiting for cluster to be ready. Got 0 of 3 DN Heartbeats.
2019-10-21 04:44:20,137 [IPC Server handler 1 on 36776] INFO  net.NetworkTopology (NetworkTopologyImpl.java:add(111)) - Added a new node: /default-rack/502aeec8-ce18-4ac7-b59c-9e4619f5fb30
2019-10-21 04:44:20,137 [IPC Server handler 1 on 36776] INFO  node.SCMNodeManager (SCMNodeManager.java:register(268)) - Registered Data node : 502aeec8-ce18-4ac7-b59c-9e4619f5fb30{ip: 192.168.157.225, host: pr-hdds-1569-2q4s4-1508879248, networkLocation: /default-rack, certSerialId: null}
2019-10-21 04:44:20,138 [EventQueue-NodeRegistrationContainerReportForDataNodeSafeModeRule] INFO  safemode.SCMSafeModeManager (DataNodeSafeModeRule.java:process(71)) - SCM in safe mode. 1 DataNodes registered, 1 required.
2019-10-21 04:44:20,139 [EventQueue-NodeRegistrationContainerReportForDataNodeSafeModeRule] INFO  safemode.SCMSafeModeManager (SCMSafeModeManager.java:validateSafeModeExitRules(177)) - ScmSafeModeManager, all rules are successfully validated
2019-10-21 04:44:20,139 [EventQueue-NodeRegistrationContainerReportForDataNodeSafeModeRule] INFO  safemode.SCMSafeModeManager (SCMSafeModeManager.java:exitSafeMode(193)) - SCM exiting safe mode.
2019-10-21 04:44:20,153 [grpc-default-executor-0] INFO  impl.RaftServerProxy (RaftServerProxy.java:addNew(89)) - 502aeec8-ce18-4ac7-b59c-9e4619f5fb30: addNew group-1D7E7E227EF7:[502aeec8-ce18-4ac7-b59c-9e4619f5fb30:192.168.157.225:34983] returns group-1D7E7E227EF7:java.util.concurrent.CompletableFuture@53f75acc[Not completed]
2019-10-21 04:44:20,154 [pool-107-thread-1] INFO  impl.RaftServerImpl (RaftServerImpl.java:<init>(95)) - 502aeec8-ce18-4ac7-b59c-9e4619f5fb30: new RaftServerImpl for group-1D7E7E227EF7:[502aeec8-ce18-4ac7-b59c-9e4619f5fb30:192.168.157.225:34983] with ContainerStateMachine:uninitialized
2019-10-21 04:44:20,154 [pool-107-thread-1] INFO  server.RaftServerConfigKeys (ConfUtils.java:logGet(43)) - raft.server.rpc.timeout.min = 5s (custom)
2019-10-21 04:44:20,154 [pool-107-thread-1] INFO  server.RaftServerConfigKeys (ConfUtils.java:logGet(43)) - raft.server.rpc.timeout.max = 5200ms (custom)
2019-10-21 04:44:20,155 [pool-107-thread-1] INFO  server.RaftServerConfigKeys (ConfUtils.java:logGet(43)) - raft.server.rpcslowness.timeout = 120s (custom)
2019-10-21 04:44:20,155 [pool-107-thread-1] INFO  server.RaftServerConfigKeys (ConfUtils.java:logGet(43)) - raft.server.sleep.deviation.threshold = 300 (default)
2019-10-21 04:44:20,155 [pool-107-thread-1] INFO  server.RaftServerConfigKeys (ConfUtils.java:logGet(43)) - raft.server.log.appender.install.snapshot.enabled = false (custom)
2019-10-21 04:44:20,155 [pool-107-thread-1] INFO  impl.RaftServerImpl (ServerState.java:<init>(103)) - 502aeec8-ce18-4ac7-b59c-9e4619f5fb30@group-1D7E7E227EF7: ConfigurationManager, init=-1: [502aeec8-ce18-4ac7-b59c-9e4619f5fb30:192.168.157.225:34983], old=null, confs=<EMPTY_MAP>
2019-10-21 04:44:20,155 [pool-107-thread-1] INFO  server.RaftServerConfigKeys (ConfUtils.java:logGet(43)) - raft.server.storage.dir = [/workdir/hadoop-ozone/integration-test/target/test-dir/MiniOzoneClusterImpl-d393734c-ee65-42a5-ae62-3efe750dda5e/datanode-0/data/ratis] (custom)
2019-10-21 04:44:20,155 [pool-107-thread-1] INFO  server.RaftServerConfigKeys (ConfUtils.java:logGet(43)) - raft.server.log.corruption.policy = EXCEPTION (default)
2019-10-21 04:44:20,155 [pool-107-thread-1] INFO  storage.RaftStorageDirectory (RaftStorageDirectory.java:analyzeStorage(246)) - The storage directory /workdir/hadoop-ozone/integration-test/target/test-dir/MiniOzoneClusterImpl-d393734c-ee65-42a5-ae62-3efe750dda5e/datanode-0/data/ratis/71a542d7-5f7f-44d7-baba-1d7e7e227ef7 does not exist. Creating ...
2019-10-21 04:44:20,170 [pool-107-thread-1] INFO  storage.RaftStorageDirectory (RaftStorageDirectory.java:tryLock(328)) - Lock on /workdir/hadoop-ozone/integration-test/target/test-dir/MiniOzoneClusterImpl-d393734c-ee65-42a5-ae62-3efe750dda5e/datanode-0/data/ratis/71a542d7-5f7f-44d7-baba-1d7e7e227ef7/in_use.lock acquired by nodename 12830@pr-hdds-1569-2q4s4-1508879248
2019-10-21 04:44:20,220 [IPC Server handler 0 on 36776] INFO  net.NetworkTopology (NetworkTopologyImpl.java:add(111)) - Added a new node: /default-rack/ed1fbd6a-10de-4385-9008-68132ed93668
2019-10-21 04:44:20,221 [IPC Server handler 0 on 36776] INFO  node.SCMNodeManager (SCMNodeManager.java:register(268)) - Registered Data node : ed1fbd6a-10de-4385-9008-68132ed93668{ip: 192.168.157.225, host: pr-hdds-1569-2q4s4-1508879248, networkLocation: /default-rack, certSerialId: null}
2019-10-21 04:44:20,228 [pool-107-thread-1] INFO  storage.RaftStorage (RaftStorage.java:format(84)) - Storage directory /workdir/hadoop-ozone/integration-test/target/test-dir/MiniOzoneClusterImpl-d393734c-ee65-42a5-ae62-3efe750dda5e/datanode-0/data/ratis/71a542d7-5f7f-44d7-baba-1d7e7e227ef7 has been successfully formatted.
2019-10-21 04:44:20,229 [pool-107-thread-1] INFO  ratis.ContainerStateMachine (ContainerStateMachine.java:loadSnapshot(231)) - group-1D7E7E227EF7: The snapshot info is null. Setting the last applied indexto:(t:0, i:~)
2019-10-21 04:44:20,229 [pool-107-thread-1] INFO  server.RaftServerConfigKeys (ConfUtils.java:logGet(43)) - raft.server.notification.no-leader.timeout = 120s (custom)
2019-10-21 04:44:20,229 [pool-107-thread-1] INFO  server.RaftServerConfigKeys (ConfUtils.java:logGet(43)) - raft.server.log.use.memory = false (default)
2019-10-21 04:44:20,230 [pool-107-thread-1] INFO  server.RaftServerConfigKeys (ConfUtils.java:logGet(43)) - raft.server.log.purge.gap = 1000000 (custom)
2019-10-21 04:44:20,230 [pool-107-thread-1] INFO  server.RaftServerConfigKeys (ConfUtils.java:logGet(43)) - raft.server.log.appender.buffer.byte-limit = 33554432 (custom)
2019-10-21 04:44:20,230 [pool-107-thread-1] INFO  server.RaftServerConfigKeys (ConfUtils.java:logGet(43)) - raft.server.log.segment.size.max = 1048576 (custom)
2019-10-21 04:44:20,233 [pool-107-thread-1] INFO  server.RaftServerConfigKeys (ConfUtils.java:logGet(43)) - raft.server.log.segment.cache.num.max = 2 (custom)
2019-10-21 04:44:20,233 [pool-107-thread-1] INFO  segmented.SegmentedRaftLogWorker (SegmentedRaftLogWorker.java:<init>(173)) - new 502aeec8-ce18-4ac7-b59c-9e4619f5fb30@group-1D7E7E227EF7-SegmentedRaftLogWorker for RaftStorage:Storage Directory /workdir/hadoop-ozone/integration-test/target/test-dir/MiniOzoneClusterImpl-d393734c-ee65-42a5-ae62-3efe750dda5e/datanode-0/data/ratis/71a542d7-5f7f-44d7-baba-1d7e7e227ef7
2019-10-21 04:44:20,233 [pool-107-thread-1] INFO  server.RaftServerConfigKeys (ConfUtils.java:logGet(43)) - raft.server.log.queue.byte-limit = 2147483647 (custom)
2019-10-21 04:44:20,233 [pool-107-thread-1] INFO  server.RaftServerConfigKeys (ConfUtils.java:logGet(43)) - raft.server.log.queue.element-limit = 1024 (custom)
2019-10-21 04:44:20,233 [pool-107-thread-1] INFO  server.RaftServerConfigKeys (ConfUtils.java:logGet(43)) - raft.server.log.segment.size.max = 1048576 (custom)
2019-10-21 04:44:20,234 [pool-107-thread-1] INFO  server.RaftServerConfigKeys (ConfUtils.java:logGet(43)) - raft.server.log.preallocated.size = 16384 (custom)
2019-10-21 04:44:20,234 [pool-107-thread-1] INFO  server.RaftServerConfigKeys (ConfUtils.java:logGet(43)) - raft.server.log.write.buffer.size = 33554432 (custom)
2019-10-21 04:44:20,234 [pool-107-thread-1] INFO  server.RaftServerConfigKeys (ConfUtils.java:logGet(43)) - raft.server.log.force.sync.num = 128 (default)
2019-10-21 04:44:20,234 [pool-107-thread-1] INFO  server.RaftServerConfigKeys (ConfUtils.java:logGet(43)) - raft.server.log.statemachine.data.sync = true (default)
2019-10-21 04:44:20,234 [pool-107-thread-1] INFO  server.RaftServerConfigKeys (ConfUtils.java:logGet(43)) - raft.server.log.statemachine.data.sync.timeout = 10s (default)
2019-10-21 04:44:20,234 [pool-107-thread-1] INFO  server.RaftServerConfigKeys (ConfUtils.java:logGet(43)) - raft.server.log.statemachine.data.sync.timeout.retry = -1 (default)
2019-10-21 04:44:20,235 [pool-107-thread-1] INFO  server.RaftServerConfigKeys (ConfUtils.java:logGet(43)) - raft.server.log.statemachine.data.caching.enabled = true (custom)
2019-10-21 04:44:20,235 [pool-107-thread-1] INFO  segmented.SegmentedRaftLogWorker (SegmentedRaftLogWorker.java:lambda$new$0(128)) - 502aeec8-ce18-4ac7-b59c-9e4619f5fb30@group-1D7E7E227EF7-SegmentedRaftLogWorker: flushIndex: setUnconditionally 0 -> -1
2019-10-21 04:44:20,236 [pool-107-thread-1] INFO  server.RaftServerConfigKeys (ConfUtils.java:logGet(43)) - raft.server.snapshot.auto.trigger.enabled = true (custom)
2019-10-21 04:44:20,236 [pool-107-thread-1] INFO  server.RaftServerConfigKeys (ConfUtils.java:logGet(43)) - raft.server.snapshot.auto.trigger.threshold = 10000 (custom)
2019-10-21 04:44:20,236 [pool-107-thread-1] INFO  server.RaftServerConfigKeys (ConfUtils.java:logGet(43)) - raft.server.snapshot.retention.file.num = 5 (custom)
2019-10-21 04:44:20,237 [pool-107-thread-1] INFO  server.RaftServerConfigKeys (ConfUtils.java:logGet(43)) - raft.server.retrycache.expirytime = 600000ms (custom)
2019-10-21 04:44:20,239 [pool-107-thread-1] INFO  impl.RaftServerImpl (RaftServerImpl.java:start(181)) - 502aeec8-ce18-4ac7-b59c-9e4619f5fb30@group-1D7E7E227EF7: start as a follower, conf=-1: [502aeec8-ce18-4ac7-b59c-9e4619f5fb30:192.168.157.225:34983], old=null
2019-10-21 04:44:20,240 [pool-107-thread-1] INFO  impl.RaftServerImpl (RaftServerImpl.java:setRole(170)) - 502aeec8-ce18-4ac7-b59c-9e4619f5fb30@group-1D7E7E227EF7: changes role from      null to FOLLOWER at term 0 for startAsFollower
2019-10-21 04:44:20,240 [pool-107-thread-1] INFO  impl.RoleInfo (RoleInfo.java:updateAndGet(143)) - 502aeec8-ce18-4ac7-b59c-9e4619f5fb30: start FollowerState
2019-10-21 04:44:20,240 [pool-107-thread-1] INFO  util.JmxRegister (JmxRegister.java:tryRegister(44)) - Successfully registered JMX Bean with object name Ratis:service=RaftServer,group=group-1D7E7E227EF7,id=502aeec8-ce18-4ac7-b59c-9e4619f5fb30
2019-10-21 04:44:20,273 [RatisPipelineUtilsThread] INFO  pipeline.PipelineStateManager (PipelineStateManager.java:addPipeline(56)) - Created pipeline Pipeline[ Id: 71a542d7-5f7f-44d7-baba-1d7e7e227ef7, Nodes: 502aeec8-ce18-4ac7-b59c-9e4619f5fb30{ip: 192.168.157.225, host: pr-hdds-1569-2q4s4-1508879248, networkLocation: /default-rack, certSerialId: null}, Type:RATIS, Factor:ONE, State:OPEN]
2019-10-21 04:44:20,282 [grpc-default-executor-0] INFO  impl.RaftServerProxy (RaftServerProxy.java:addNew(89)) - ed1fbd6a-10de-4385-9008-68132ed93668: addNew group-E8318AA04F9A:[ed1fbd6a-10de-4385-9008-68132ed93668:192.168.157.225:41733] returns group-E8318AA04F9A:java.util.concurrent.CompletableFuture@5a90b527[Not completed]
2019-10-21 04:44:20,284 [pool-117-thread-1] INFO  impl.RaftServerImpl (RaftServerImpl.java:<init>(95)) - ed1fbd6a-10de-4385-9008-68132ed93668: new RaftServerImpl for group-E8318AA04F9A:[ed1fbd6a-10de-4385-9008-68132ed93668:192.168.157.225:41733] with ContainerStateMachine:uninitialized
2019-10-21 04:44:20,284 [pool-117-thread-1] INFO  server.RaftServerConfigKeys (ConfUtils.java:logGet(43)) - raft.server.rpc.timeout.min = 5s (custom)
2019-10-21 04:44:20,284 [pool-117-thread-1] INFO  server.RaftServerConfigKeys (ConfUtils.java:logGet(43)) - raft.server.rpc.timeout.max = 5200ms (custom)
2019-10-21 04:44:20,284 [pool-117-thread-1] INFO  server.RaftServerConfigKeys (ConfUtils.java:logGet(43)) - raft.server.rpcslowness.timeout = 120s (custom)
2019-10-21 04:44:20,284 [pool-117-thread-1] INFO  server.RaftServerConfigKeys (ConfUtils.java:logGet(43)) - raft.server.sleep.deviation.threshold = 300 (default)
2019-10-21 04:44:20,284 [pool-117-thread-1] INFO  server.RaftServerConfigKeys (ConfUtils.java:logGet(43)) - raft.server.log.appender.install.snapshot.enabled = false (custom)
2019-10-21 04:44:20,285 [pool-117-thread-1] INFO  impl.RaftServerImpl (ServerState.java:<init>(103)) - ed1fbd6a-10de-4385-9008-68132ed93668@group-E8318AA04F9A: ConfigurationManager, init=-1: [ed1fbd6a-10de-4385-9008-68132ed93668:192.168.157.225:41733], old=null, confs=<EMPTY_MAP>
2019-10-21 04:44:20,285 [pool-117-thread-1] INFO  server.RaftServerConfigKeys (ConfUtils.java:logGet(43)) - raft.server.storage.dir = [/workdir/hadoop-ozone/integration-test/target/test-dir/MiniOzoneClusterImpl-d393734c-ee65-42a5-ae62-3efe750dda5e/datanode-1/data/ratis] (custom)
2019-10-21 04:44:20,285 [pool-117-thread-1] INFO  server.RaftServerConfigKeys (ConfUtils.java:logGet(43)) - raft.server.log.corruption.policy = EXCEPTION (default)
2019-10-21 04:44:20,285 [pool-117-thread-1] INFO  storage.RaftStorageDirectory (RaftStorageDirectory.java:analyzeStorage(246)) - The storage directory /workdir/hadoop-ozone/integration-test/target/test-dir/MiniOzoneClusterImpl-d393734c-ee65-42a5-ae62-3efe750dda5e/datanode-1/data/ratis/0de816fb-0128-4969-9d32-e8318aa04f9a does not exist. Creating ...
2019-10-21 04:44:20,314 [Thread-337] INFO  ozone.MiniOzoneClusterImpl (MiniOzoneClusterImpl.java:lambda$waitForClusterToBeReady$0(147)) - Waiting for cluster to be ready. Got 2 of 3 DN Heartbeats.
2019-10-21 04:44:20,317 [IPC Server handler 3 on 36776] INFO  net.NetworkTopology (NetworkTopologyImpl.java:add(111)) - Added a new node: /default-rack/912560de-0342-4a13-bb2f-36ba08a0fad6
2019-10-21 04:44:20,318 [IPC Server handler 3 on 36776] INFO  node.SCMNodeManager (SCMNodeManager.java:register(268)) - Registered Data node : 912560de-0342-4a13-bb2f-36ba08a0fad6{ip: 192.168.157.225, host: pr-hdds-1569-2q4s4-1508879248, networkLocation: /default-rack, certSerialId: null}
2019-10-21 04:44:20,384 [pool-117-thread-1] INFO  storage.RaftStorageDirectory (RaftStorageDirectory.java:tryLock(328)) - Lock on /workdir/hadoop-ozone/integration-test/target/test-dir/MiniOzoneClusterImpl-d393734c-ee65-42a5-ae62-3efe750dda5e/datanode-1/data/ratis/0de816fb-0128-4969-9d32-e8318aa04f9a/in_use.lock acquired by nodename 12830@pr-hdds-1569-2q4s4-1508879248
2019-10-21 04:44:20,501 [pool-117-thread-1] INFO  storage.RaftStorage (RaftStorage.java:format(84)) - Storage directory /workdir/hadoop-ozone/integration-test/target/test-dir/MiniOzoneClusterImpl-d393734c-ee65-42a5-ae62-3efe750dda5e/datanode-1/data/ratis/0de816fb-0128-4969-9d32-e8318aa04f9a has been successfully formatted.
2019-10-21 04:44:20,501 [pool-117-thread-1] INFO  ratis.ContainerStateMachine (ContainerStateMachine.java:loadSnapshot(231)) - group-E8318AA04F9A: The snapshot info is null. Setting the last applied indexto:(t:0, i:~)
2019-10-21 04:44:20,502 [pool-117-thread-1] INFO  server.RaftServerConfigKeys (ConfUtils.java:logGet(43)) - raft.server.notification.no-leader.timeout = 120s (custom)
2019-10-21 04:44:20,502 [pool-117-thread-1] INFO  server.RaftServerConfigKeys (ConfUtils.java:logGet(43)) - raft.server.log.use.memory = false (default)
2019-10-21 04:44:20,502 [pool-117-thread-1] INFO  server.RaftServerConfigKeys (ConfUtils.java:logGet(43)) - raft.server.log.purge.gap = 1000000 (custom)
2019-10-21 04:44:20,502 [pool-117-thread-1] INFO  server.RaftServerConfigKeys (ConfUtils.java:logGet(43)) - raft.server.log.appender.buffer.byte-limit = 33554432 (custom)
2019-10-21 04:44:20,502 [pool-117-thread-1] INFO  server.RaftServerConfigKeys (ConfUtils.java:logGet(43)) - raft.server.log.segment.size.max = 1048576 (custom)
2019-10-21 04:44:20,505 [pool-117-thread-1] INFO  server.RaftServerConfigKeys (ConfUtils.java:logGet(43)) - raft.server.log.segment.cache.num.max = 2 (custom)
2019-10-21 04:44:20,506 [pool-117-thread-1] INFO  segmented.SegmentedRaftLogWorker (SegmentedRaftLogWorker.java:<init>(173)) - new ed1fbd6a-10de-4385-9008-68132ed93668@group-E8318AA04F9A-SegmentedRaftLogWorker for RaftStorage:Storage Directory /workdir/hadoop-ozone/integration-test/target/test-dir/MiniOzoneClusterImpl-d393734c-ee65-42a5-ae62-3efe750dda5e/datanode-1/data/ratis/0de816fb-0128-4969-9d32-e8318aa04f9a
2019-10-21 04:44:20,506 [pool-117-thread-1] INFO  server.RaftServerConfigKeys (ConfUtils.java:logGet(43)) - raft.server.log.queue.byte-limit = 2147483647 (custom)
2019-10-21 04:44:20,506 [pool-117-thread-1] INFO  server.RaftServerConfigKeys (ConfUtils.java:logGet(43)) - raft.server.log.queue.element-limit = 1024 (custom)
2019-10-21 04:44:20,506 [pool-117-thread-1] INFO  server.RaftServerConfigKeys (ConfUtils.java:logGet(43)) - raft.server.log.segment.size.max = 1048576 (custom)
2019-10-21 04:44:20,506 [pool-117-thread-1] INFO  server.RaftServerConfigKeys (ConfUtils.java:logGet(43)) - raft.server.log.preallocated.size = 16384 (custom)
2019-10-21 04:44:20,507 [pool-117-thread-1] INFO  server.RaftServerConfigKeys (ConfUtils.java:logGet(43)) - raft.server.log.write.buffer.size = 33554432 (custom)
2019-10-21 04:44:20,507 [pool-117-thread-1] INFO  server.RaftServerConfigKeys (ConfUtils.java:logGet(43)) - raft.server.log.force.sync.num = 128 (default)
2019-10-21 04:44:20,507 [pool-117-thread-1] INFO  server.RaftServerConfigKeys (ConfUtils.java:logGet(43)) - raft.server.log.statemachine.data.sync = true (default)
2019-10-21 04:44:20,507 [pool-117-thread-1] INFO  server.RaftServerConfigKeys (ConfUtils.java:logGet(43)) - raft.server.log.statemachine.data.sync.timeout = 10s (default)
2019-10-21 04:44:20,507 [pool-117-thread-1] INFO  server.RaftServerConfigKeys (ConfUtils.java:logGet(43)) - raft.server.log.statemachine.data.sync.timeout.retry = -1 (default)
2019-10-21 04:44:20,508 [pool-117-thread-1] INFO  server.RaftServerConfigKeys (ConfUtils.java:logGet(43)) - raft.server.log.statemachine.data.caching.enabled = true (custom)
2019-10-21 04:44:20,508 [pool-117-thread-1] INFO  segmented.SegmentedRaftLogWorker (SegmentedRaftLogWorker.java:lambda$new$0(128)) - ed1fbd6a-10de-4385-9008-68132ed93668@group-E8318AA04F9A-SegmentedRaftLogWorker: flushIndex: setUnconditionally 0 -> -1
2019-10-21 04:44:20,508 [pool-117-thread-1] INFO  server.RaftServerConfigKeys (ConfUtils.java:logGet(43)) - raft.server.snapshot.auto.trigger.enabled = true (custom)
2019-10-21 04:44:20,509 [pool-117-thread-1] INFO  server.RaftServerConfigKeys (ConfUtils.java:logGet(43)) - raft.server.snapshot.auto.trigger.threshold = 10000 (custom)
2019-10-21 04:44:20,509 [pool-117-thread-1] INFO  server.RaftServerConfigKeys (ConfUtils.java:logGet(43)) - raft.server.snapshot.retention.file.num = 5 (custom)
2019-10-21 04:44:20,509 [pool-117-thread-1] INFO  server.RaftServerConfigKeys (ConfUtils.java:logGet(43)) - raft.server.retrycache.expirytime = 600000ms (custom)
2019-10-21 04:44:20,511 [pool-117-thread-1] INFO  impl.RaftServerImpl (RaftServerImpl.java:start(181)) - ed1fbd6a-10de-4385-9008-68132ed93668@group-E8318AA04F9A: start as a follower, conf=-1: [ed1fbd6a-10de-4385-9008-68132ed93668:192.168.157.225:41733], old=null
2019-10-21 04:44:20,512 [pool-117-thread-1] INFO  impl.RaftServerImpl (RaftServerImpl.java:setRole(170)) - ed1fbd6a-10de-4385-9008-68132ed93668@group-E8318AA04F9A: changes role from      null to FOLLOWER at term 0 for startAsFollower
2019-10-21 04:44:20,512 [pool-117-thread-1] INFO  impl.RoleInfo (RoleInfo.java:updateAndGet(143)) - ed1fbd6a-10de-4385-9008-68132ed93668: start FollowerState
2019-10-21 04:44:20,516 [pool-117-thread-1] INFO  util.JmxRegister (JmxRegister.java:tryRegister(44)) - Successfully registered JMX Bean with object name Ratis:service=RaftServer,group=group-E8318AA04F9A,id=ed1fbd6a-10de-4385-9008-68132ed93668
2019-10-21 04:44:20,527 [RatisPipelineUtilsThread] INFO  pipeline.PipelineStateManager (PipelineStateManager.java:addPipeline(56)) - Created pipeline Pipeline[ Id: 0de816fb-0128-4969-9d32-e8318aa04f9a, Nodes: ed1fbd6a-10de-4385-9008-68132ed93668{ip: 192.168.157.225, host: pr-hdds-1569-2q4s4-1508879248, networkLocation: /default-rack, certSerialId: null}, Type:RATIS, Factor:ONE, State:OPEN]
2019-10-21 04:44:20,537 [grpc-default-executor-0] INFO  impl.RaftServerProxy (RaftServerProxy.java:addNew(89)) - 912560de-0342-4a13-bb2f-36ba08a0fad6: addNew group-70BA92114919:[912560de-0342-4a13-bb2f-36ba08a0fad6:192.168.157.225:46735] returns group-70BA92114919:java.util.concurrent.CompletableFuture@1e721c9a[Not completed]
2019-10-21 04:44:20,539 [pool-127-thread-1] INFO  impl.RaftServerImpl (RaftServerImpl.java:<init>(95)) - 912560de-0342-4a13-bb2f-36ba08a0fad6: new RaftServerImpl for group-70BA92114919:[912560de-0342-4a13-bb2f-36ba08a0fad6:192.168.157.225:46735] with ContainerStateMachine:uninitialized
2019-10-21 04:44:20,539 [pool-127-thread-1] INFO  server.RaftServerConfigKeys (ConfUtils.java:logGet(43)) - raft.server.rpc.timeout.min = 5s (custom)
2019-10-21 04:44:20,539 [pool-127-thread-1] INFO  server.RaftServerConfigKeys (ConfUtils.java:logGet(43)) - raft.server.rpc.timeout.max = 5200ms (custom)
2019-10-21 04:44:20,539 [pool-127-thread-1] INFO  server.RaftServerConfigKeys (ConfUtils.java:logGet(43)) - raft.server.rpcslowness.timeout = 120s (custom)
2019-10-21 04:44:20,539 [pool-127-thread-1] INFO  server.RaftServerConfigKeys (ConfUtils.java:logGet(43)) - raft.server.sleep.deviation.threshold = 300 (default)
2019-10-21 04:44:20,539 [pool-127-thread-1] INFO  server.RaftServerConfigKeys (ConfUtils.java:logGet(43)) - raft.server.log.appender.install.snapshot.enabled = false (custom)
2019-10-21 04:44:20,539 [pool-127-thread-1] INFO  impl.RaftServerImpl (ServerState.java:<init>(103)) - 912560de-0342-4a13-bb2f-36ba08a0fad6@group-70BA92114919: ConfigurationManager, init=-1: [912560de-0342-4a13-bb2f-36ba08a0fad6:192.168.157.225:46735], old=null, confs=<EMPTY_MAP>
2019-10-21 04:44:20,540 [pool-127-thread-1] INFO  server.RaftServerConfigKeys (ConfUtils.java:logGet(43)) - raft.server.storage.dir = [/workdir/hadoop-ozone/integration-test/target/test-dir/MiniOzoneClusterImpl-d393734c-ee65-42a5-ae62-3efe750dda5e/datanode-2/data/ratis] (custom)
2019-10-21 04:44:20,540 [pool-127-thread-1] INFO  server.RaftServerConfigKeys (ConfUtils.java:logGet(43)) - raft.server.log.corruption.policy = EXCEPTION (default)
2019-10-21 04:44:20,540 [pool-127-thread-1] INFO  storage.RaftStorageDirectory (RaftStorageDirectory.java:analyzeStorage(246)) - The storage directory /workdir/hadoop-ozone/integration-test/target/test-dir/MiniOzoneClusterImpl-d393734c-ee65-42a5-ae62-3efe750dda5e/datanode-2/data/ratis/81e37bb7-1a8b-4609-bf6a-70ba92114919 does not exist. Creating ...
2019-10-21 04:44:20,619 [pool-127-thread-1] INFO  storage.RaftStorageDirectory (RaftStorageDirectory.java:tryLock(328)) - Lock on /workdir/hadoop-ozone/integration-test/target/test-dir/MiniOzoneClusterImpl-d393734c-ee65-42a5-ae62-3efe750dda5e/datanode-2/data/ratis/81e37bb7-1a8b-4609-bf6a-70ba92114919/in_use.lock acquired by nodename 12830@pr-hdds-1569-2q4s4-1508879248
2019-10-21 04:44:20,636 [pool-127-thread-1] INFO  storage.RaftStorage (RaftStorage.java:format(84)) - Storage directory /workdir/hadoop-ozone/integration-test/target/test-dir/MiniOzoneClusterImpl-d393734c-ee65-42a5-ae62-3efe750dda5e/datanode-2/data/ratis/81e37bb7-1a8b-4609-bf6a-70ba92114919 has been successfully formatted.
2019-10-21 04:44:20,637 [pool-127-thread-1] INFO  ratis.ContainerStateMachine (ContainerStateMachine.java:loadSnapshot(231)) - group-70BA92114919: The snapshot info is null. Setting the last applied indexto:(t:0, i:~)
2019-10-21 04:44:20,637 [pool-127-thread-1] INFO  server.RaftServerConfigKeys (ConfUtils.java:logGet(43)) - raft.server.notification.no-leader.timeout = 120s (custom)
2019-10-21 04:44:20,637 [pool-127-thread-1] INFO  server.RaftServerConfigKeys (ConfUtils.java:logGet(43)) - raft.server.log.use.memory = false (default)
2019-10-21 04:44:20,637 [pool-127-thread-1] INFO  server.RaftServerConfigKeys (ConfUtils.java:logGet(43)) - raft.server.log.purge.gap = 1000000 (custom)
2019-10-21 04:44:20,637 [pool-127-thread-1] INFO  server.RaftServerConfigKeys (ConfUtils.java:logGet(43)) - raft.server.log.appender.buffer.byte-limit = 33554432 (custom)
2019-10-21 04:44:20,638 [pool-127-thread-1] INFO  server.RaftServerConfigKeys (ConfUtils.java:logGet(43)) - raft.server.log.segment.size.max = 1048576 (custom)
2019-10-21 04:44:20,641 [pool-127-thread-1] INFO  server.RaftServerConfigKeys (ConfUtils.java:logGet(43)) - raft.server.log.segment.cache.num.max = 2 (custom)
2019-10-21 04:44:20,641 [pool-127-thread-1] INFO  segmented.SegmentedRaftLogWorker (SegmentedRaftLogWorker.java:<init>(173)) - new 912560de-0342-4a13-bb2f-36ba08a0fad6@group-70BA92114919-SegmentedRaftLogWorker for RaftStorage:Storage Directory /workdir/hadoop-ozone/integration-test/target/test-dir/MiniOzoneClusterImpl-d393734c-ee65-42a5-ae62-3efe750dda5e/datanode-2/data/ratis/81e37bb7-1a8b-4609-bf6a-70ba92114919
2019-10-21 04:44:20,641 [pool-127-thread-1] INFO  server.RaftServerConfigKeys (ConfUtils.java:logGet(43)) - raft.server.log.queue.byte-limit = 2147483647 (custom)
2019-10-21 04:44:20,641 [pool-127-thread-1] INFO  server.RaftServerConfigKeys (ConfUtils.java:logGet(43)) - raft.server.log.queue.element-limit = 1024 (custom)
2019-10-21 04:44:20,641 [pool-127-thread-1] INFO  server.RaftServerConfigKeys (ConfUtils.java:logGet(43)) - raft.server.log.segment.size.max = 1048576 (custom)
2019-10-21 04:44:20,641 [pool-127-thread-1] INFO  server.RaftServerConfigKeys (ConfUtils.java:logGet(43)) - raft.server.log.preallocated.size = 16384 (custom)
2019-10-21 04:44:20,642 [pool-127-thread-1] INFO  server.RaftServerConfigKeys (ConfUtils.java:logGet(43)) - raft.server.log.write.buffer.size = 33554432 (custom)
2019-10-21 04:44:20,642 [pool-127-thread-1] INFO  server.RaftServerConfigKeys (ConfUtils.java:logGet(43)) - raft.server.log.force.sync.num = 128 (default)
2019-10-21 04:44:20,642 [pool-127-thread-1] INFO  server.RaftServerConfigKeys (ConfUtils.java:logGet(43)) - raft.server.log.statemachine.data.sync = true (default)
2019-10-21 04:44:20,642 [pool-127-thread-1] INFO  server.RaftServerConfigKeys (ConfUtils.java:logGet(43)) - raft.server.log.statemachine.data.sync.timeout = 10s (default)
2019-10-21 04:44:20,642 [pool-127-thread-1] INFO  server.RaftServerConfigKeys (ConfUtils.java:logGet(43)) - raft.server.log.statemachine.data.sync.timeout.retry = -1 (default)
2019-10-21 04:44:20,643 [pool-127-thread-1] INFO  server.RaftServerConfigKeys (ConfUtils.java:logGet(43)) - raft.server.log.statemachine.data.caching.enabled = true (custom)
2019-10-21 04:44:20,643 [pool-127-thread-1] INFO  segmented.SegmentedRaftLogWorker (SegmentedRaftLogWorker.java:lambda$new$0(128)) - 912560de-0342-4a13-bb2f-36ba08a0fad6@group-70BA92114919-SegmentedRaftLogWorker: flushIndex: setUnconditionally 0 -> -1
2019-10-21 04:44:20,644 [pool-127-thread-1] INFO  server.RaftServerConfigKeys (ConfUtils.java:logGet(43)) - raft.server.snapshot.auto.trigger.enabled = true (custom)
2019-10-21 04:44:20,644 [pool-127-thread-1] INFO  server.RaftServerConfigKeys (ConfUtils.java:logGet(43)) - raft.server.snapshot.auto.trigger.threshold = 10000 (custom)
2019-10-21 04:44:20,644 [pool-127-thread-1] INFO  server.RaftServerConfigKeys (ConfUtils.java:logGet(43)) - raft.server.snapshot.retention.file.num = 5 (custom)
2019-10-21 04:44:20,645 [pool-127-thread-1] INFO  server.RaftServerConfigKeys (ConfUtils.java:logGet(43)) - raft.server.retrycache.expirytime = 600000ms (custom)
2019-10-21 04:44:20,647 [pool-127-thread-1] INFO  impl.RaftServerImpl (RaftServerImpl.java:start(181)) - 912560de-0342-4a13-bb2f-36ba08a0fad6@group-70BA92114919: start as a follower, conf=-1: [912560de-0342-4a13-bb2f-36ba08a0fad6:192.168.157.225:46735], old=null
2019-10-21 04:44:20,648 [pool-127-thread-1] INFO  impl.RaftServerImpl (RaftServerImpl.java:setRole(170)) - 912560de-0342-4a13-bb2f-36ba08a0fad6@group-70BA92114919: changes role from      null to FOLLOWER at term 0 for startAsFollower
2019-10-21 04:44:20,648 [pool-127-thread-1] INFO  impl.RoleInfo (RoleInfo.java:updateAndGet(143)) - 912560de-0342-4a13-bb2f-36ba08a0fad6: start FollowerState
2019-10-21 04:44:20,648 [pool-127-thread-1] INFO  util.JmxRegister (JmxRegister.java:tryRegister(44)) - Successfully registered JMX Bean with object name Ratis:service=RaftServer,group=group-70BA92114919,id=912560de-0342-4a13-bb2f-36ba08a0fad6
2019-10-21 04:44:20,655 [RatisPipelineUtilsThread] INFO  pipeline.PipelineStateManager (PipelineStateManager.java:addPipeline(56)) - Created pipeline Pipeline[ Id: 81e37bb7-1a8b-4609-bf6a-70ba92114919, Nodes: 912560de-0342-4a13-bb2f-36ba08a0fad6{ip: 192.168.157.225, host: pr-hdds-1569-2q4s4-1508879248, networkLocation: /default-rack, certSerialId: null}, Type:RATIS, Factor:ONE, State:OPEN]
2019-10-21 04:44:20,656 [RatisPipelineUtilsThread] ERROR pipeline.SCMPipelineManager (SCMPipelineManager.java:createPipeline(205)) - Pipeline creation failed.
org.apache.hadoop.hdds.scm.exceptions.SCMException: Cannot create pipeline of factor 1 using 0 nodes. Used 3 nodes. Healthy nodes 3
	at org.apache.hadoop.hdds.scm.pipeline.RatisPipelineProvider.pickNodesNeverUsed(RatisPipelineProvider.java:120)
	at org.apache.hadoop.hdds.scm.pipeline.RatisPipelineProvider.create(RatisPipelineProvider.java:132)
	at org.apache.hadoop.hdds.scm.pipeline.PipelineFactory.create(PipelineFactory.java:58)
	at org.apache.hadoop.hdds.scm.pipeline.SCMPipelineManager.createPipeline(SCMPipelineManager.java:195)
	at org.apache.hadoop.hdds.scm.pipeline.BackgroundPipelineCreator.createPipelines(BackgroundPipelineCreator.java:100)
	at java.util.concurrent.Executors$RunnableAdapter.call(Executors.java:511)
	at java.util.concurrent.FutureTask.run(FutureTask.java:266)
	at java.util.concurrent.ScheduledThreadPoolExecutor$ScheduledFutureTask.access$201(ScheduledThreadPoolExecutor.java:180)
	at java.util.concurrent.ScheduledThreadPoolExecutor$ScheduledFutureTask.run(ScheduledThreadPoolExecutor.java:293)
	at java.util.concurrent.ThreadPoolExecutor.runWorker(ThreadPoolExecutor.java:1149)
	at java.util.concurrent.ThreadPoolExecutor$Worker.run(ThreadPoolExecutor.java:624)
	at java.lang.Thread.run(Thread.java:748)
2019-10-21 04:44:20,668 [grpc-default-executor-1] INFO  impl.RaftServerProxy (RaftServerProxy.java:addNew(89)) - 502aeec8-ce18-4ac7-b59c-9e4619f5fb30: addNew group-0E0E7A647B6E:[912560de-0342-4a13-bb2f-36ba08a0fad6:192.168.157.225:46735, 502aeec8-ce18-4ac7-b59c-9e4619f5fb30:192.168.157.225:34983, ed1fbd6a-10de-4385-9008-68132ed93668:192.168.157.225:41733] returns group-0E0E7A647B6E:java.util.concurrent.CompletableFuture@3984c1c5[Not completed]
2019-10-21 04:44:20,668 [grpc-default-executor-2] INFO  impl.RaftServerProxy (RaftServerProxy.java:addNew(89)) - 912560de-0342-4a13-bb2f-36ba08a0fad6: addNew group-0E0E7A647B6E:[912560de-0342-4a13-bb2f-36ba08a0fad6:192.168.157.225:46735, 502aeec8-ce18-4ac7-b59c-9e4619f5fb30:192.168.157.225:34983, ed1fbd6a-10de-4385-9008-68132ed93668:192.168.157.225:41733] returns group-0E0E7A647B6E:java.util.concurrent.CompletableFuture@71edc89a[Not completed]
2019-10-21 04:44:20,669 [grpc-default-executor-1] INFO  impl.RaftServerProxy (RaftServerProxy.java:addNew(89)) - ed1fbd6a-10de-4385-9008-68132ed93668: addNew group-0E0E7A647B6E:[912560de-0342-4a13-bb2f-36ba08a0fad6:192.168.157.225:46735, 502aeec8-ce18-4ac7-b59c-9e4619f5fb30:192.168.157.225:34983, ed1fbd6a-10de-4385-9008-68132ed93668:192.168.157.225:41733] returns group-0E0E7A647B6E:java.util.concurrent.CompletableFuture@78b9cbfe[Not completed]
2019-10-21 04:44:20,670 [pool-107-thread-1] INFO  impl.RaftServerImpl (RaftServerImpl.java:<init>(95)) - 502aeec8-ce18-4ac7-b59c-9e4619f5fb30: new RaftServerImpl for group-0E0E7A647B6E:[912560de-0342-4a13-bb2f-36ba08a0fad6:192.168.157.225:46735, 502aeec8-ce18-4ac7-b59c-9e4619f5fb30:192.168.157.225:34983, ed1fbd6a-10de-4385-9008-68132ed93668:192.168.157.225:41733] with ContainerStateMachine:uninitialized
2019-10-21 04:44:20,670 [pool-107-thread-1] INFO  server.RaftServerConfigKeys (ConfUtils.java:logGet(43)) - raft.server.rpc.timeout.min = 5s (custom)
2019-10-21 04:44:20,670 [pool-107-thread-1] INFO  server.RaftServerConfigKeys (ConfUtils.java:logGet(43)) - raft.server.rpc.timeout.max = 5200ms (custom)
2019-10-21 04:44:20,670 [pool-107-thread-1] INFO  server.RaftServerConfigKeys (ConfUtils.java:logGet(43)) - raft.server.rpcslowness.timeout = 120s (custom)
2019-10-21 04:44:20,670 [pool-107-thread-1] INFO  server.RaftServerConfigKeys (ConfUtils.java:logGet(43)) - raft.server.sleep.deviation.threshold = 300 (default)
2019-10-21 04:44:20,670 [pool-107-thread-1] INFO  server.RaftServerConfigKeys (ConfUtils.java:logGet(43)) - raft.server.log.appender.install.snapshot.enabled = false (custom)
2019-10-21 04:44:20,670 [pool-107-thread-1] INFO  impl.RaftServerImpl (ServerState.java:<init>(103)) - 502aeec8-ce18-4ac7-b59c-9e4619f5fb30@group-0E0E7A647B6E: ConfigurationManager, init=-1: [912560de-0342-4a13-bb2f-36ba08a0fad6:192.168.157.225:46735, 502aeec8-ce18-4ac7-b59c-9e4619f5fb30:192.168.157.225:34983, ed1fbd6a-10de-4385-9008-68132ed93668:192.168.157.225:41733], old=null, confs=<EMPTY_MAP>
2019-10-21 04:44:20,670 [pool-107-thread-1] INFO  server.RaftServerConfigKeys (ConfUtils.java:logGet(43)) - raft.server.storage.dir = [/workdir/hadoop-ozone/integration-test/target/test-dir/MiniOzoneClusterImpl-d393734c-ee65-42a5-ae62-3efe750dda5e/datanode-0/data/ratis] (custom)
2019-10-21 04:44:20,671 [pool-107-thread-1] INFO  server.RaftServerConfigKeys (ConfUtils.java:logGet(43)) - raft.server.log.corruption.policy = EXCEPTION (default)
2019-10-21 04:44:20,671 [pool-127-thread-1] INFO  impl.RaftServerImpl (RaftServerImpl.java:<init>(95)) - 912560de-0342-4a13-bb2f-36ba08a0fad6: new RaftServerImpl for group-0E0E7A647B6E:[912560de-0342-4a13-bb2f-36ba08a0fad6:192.168.157.225:46735, 502aeec8-ce18-4ac7-b59c-9e4619f5fb30:192.168.157.225:34983, ed1fbd6a-10de-4385-9008-68132ed93668:192.168.157.225:41733] with ContainerStateMachine:uninitialized
2019-10-21 04:44:20,671 [pool-107-thread-1] INFO  storage.RaftStorageDirectory (RaftStorageDirectory.java:analyzeStorage(246)) - The storage directory /workdir/hadoop-ozone/integration-test/target/test-dir/MiniOzoneClusterImpl-d393734c-ee65-42a5-ae62-3efe750dda5e/datanode-0/data/ratis/109a2ac7-66c2-4982-9c80-0e0e7a647b6e does not exist. Creating ...
2019-10-21 04:44:20,671 [pool-127-thread-1] INFO  server.RaftServerConfigKeys (ConfUtils.java:logGet(43)) - raft.server.rpc.timeout.min = 5s (custom)
2019-10-21 04:44:20,671 [pool-127-thread-1] INFO  server.RaftServerConfigKeys (ConfUtils.java:logGet(43)) - raft.server.rpc.timeout.max = 5200ms (custom)
2019-10-21 04:44:20,671 [pool-127-thread-1] INFO  server.RaftServerConfigKeys (ConfUtils.java:logGet(43)) - raft.server.rpcslowness.timeout = 120s (custom)
2019-10-21 04:44:20,671 [pool-127-thread-1] INFO  server.RaftServerConfigKeys (ConfUtils.java:logGet(43)) - raft.server.sleep.deviation.threshold = 300 (default)
2019-10-21 04:44:20,672 [pool-127-thread-1] INFO  server.RaftServerConfigKeys (ConfUtils.java:logGet(43)) - raft.server.log.appender.install.snapshot.enabled = false (custom)
2019-10-21 04:44:20,672 [pool-127-thread-1] INFO  impl.RaftServerImpl (ServerState.java:<init>(103)) - 912560de-0342-4a13-bb2f-36ba08a0fad6@group-0E0E7A647B6E: ConfigurationManager, init=-1: [912560de-0342-4a13-bb2f-36ba08a0fad6:192.168.157.225:46735, 502aeec8-ce18-4ac7-b59c-9e4619f5fb30:192.168.157.225:34983, ed1fbd6a-10de-4385-9008-68132ed93668:192.168.157.225:41733], old=null, confs=<EMPTY_MAP>
2019-10-21 04:44:20,672 [pool-127-thread-1] INFO  server.RaftServerConfigKeys (ConfUtils.java:logGet(43)) - raft.server.storage.dir = [/workdir/hadoop-ozone/integration-test/target/test-dir/MiniOzoneClusterImpl-d393734c-ee65-42a5-ae62-3efe750dda5e/datanode-2/data/ratis] (custom)
2019-10-21 04:44:20,672 [pool-117-thread-1] INFO  impl.RaftServerImpl (RaftServerImpl.java:<init>(95)) - ed1fbd6a-10de-4385-9008-68132ed93668: new RaftServerImpl for group-0E0E7A647B6E:[912560de-0342-4a13-bb2f-36ba08a0fad6:192.168.157.225:46735, 502aeec8-ce18-4ac7-b59c-9e4619f5fb30:192.168.157.225:34983, ed1fbd6a-10de-4385-9008-68132ed93668:192.168.157.225:41733] with ContainerStateMachine:uninitialized
2019-10-21 04:44:20,672 [pool-127-thread-1] INFO  server.RaftServerConfigKeys (ConfUtils.java:logGet(43)) - raft.server.log.corruption.policy = EXCEPTION (default)
2019-10-21 04:44:20,672 [pool-117-thread-1] INFO  server.RaftServerConfigKeys (ConfUtils.java:logGet(43)) - raft.server.rpc.timeout.min = 5s (custom)
2019-10-21 04:44:20,672 [pool-127-thread-1] INFO  storage.RaftStorageDirectory (RaftStorageDirectory.java:analyzeStorage(246)) - The storage directory /workdir/hadoop-ozone/integration-test/target/test-dir/MiniOzoneClusterImpl-d393734c-ee65-42a5-ae62-3efe750dda5e/datanode-2/data/ratis/109a2ac7-66c2-4982-9c80-0e0e7a647b6e does not exist. Creating ...
2019-10-21 04:44:20,672 [pool-117-thread-1] INFO  server.RaftServerConfigKeys (ConfUtils.java:logGet(43)) - raft.server.rpc.timeout.max = 5200ms (custom)
2019-10-21 04:44:20,673 [pool-117-thread-1] INFO  server.RaftServerConfigKeys (ConfUtils.java:logGet(43)) - raft.server.rpcslowness.timeout = 120s (custom)
2019-10-21 04:44:20,673 [pool-117-thread-1] INFO  server.RaftServerConfigKeys (ConfUtils.java:logGet(43)) - raft.server.sleep.deviation.threshold = 300 (default)
2019-10-21 04:44:20,673 [pool-117-thread-1] INFO  server.RaftServerConfigKeys (ConfUtils.java:logGet(43)) - raft.server.log.appender.install.snapshot.enabled = false (custom)
2019-10-21 04:44:20,673 [pool-117-thread-1] INFO  impl.RaftServerImpl (ServerState.java:<init>(103)) - ed1fbd6a-10de-4385-9008-68132ed93668@group-0E0E7A647B6E: ConfigurationManager, init=-1: [912560de-0342-4a13-bb2f-36ba08a0fad6:192.168.157.225:46735, 502aeec8-ce18-4ac7-b59c-9e4619f5fb30:192.168.157.225:34983, ed1fbd6a-10de-4385-9008-68132ed93668:192.168.157.225:41733], old=null, confs=<EMPTY_MAP>
2019-10-21 04:44:20,673 [pool-117-thread-1] INFO  server.RaftServerConfigKeys (ConfUtils.java:logGet(43)) - raft.server.storage.dir = [/workdir/hadoop-ozone/integration-test/target/test-dir/MiniOzoneClusterImpl-d393734c-ee65-42a5-ae62-3efe750dda5e/datanode-1/data/ratis] (custom)
2019-10-21 04:44:20,673 [pool-117-thread-1] INFO  server.RaftServerConfigKeys (ConfUtils.java:logGet(43)) - raft.server.log.corruption.policy = EXCEPTION (default)
2019-10-21 04:44:20,673 [pool-117-thread-1] INFO  storage.RaftStorageDirectory (RaftStorageDirectory.java:analyzeStorage(246)) - The storage directory /workdir/hadoop-ozone/integration-test/target/test-dir/MiniOzoneClusterImpl-d393734c-ee65-42a5-ae62-3efe750dda5e/datanode-1/data/ratis/109a2ac7-66c2-4982-9c80-0e0e7a647b6e does not exist. Creating ...
2019-10-21 04:44:20,727 [pool-127-thread-1] INFO  storage.RaftStorageDirectory (RaftStorageDirectory.java:tryLock(328)) - Lock on /workdir/hadoop-ozone/integration-test/target/test-dir/MiniOzoneClusterImpl-d393734c-ee65-42a5-ae62-3efe750dda5e/datanode-2/data/ratis/109a2ac7-66c2-4982-9c80-0e0e7a647b6e/in_use.lock acquired by nodename 12830@pr-hdds-1569-2q4s4-1508879248
2019-10-21 04:44:20,727 [pool-117-thread-1] INFO  storage.RaftStorageDirectory (RaftStorageDirectory.java:tryLock(328)) - Lock on /workdir/hadoop-ozone/integration-test/target/test-dir/MiniOzoneClusterImpl-d393734c-ee65-42a5-ae62-3efe750dda5e/datanode-1/data/ratis/109a2ac7-66c2-4982-9c80-0e0e7a647b6e/in_use.lock acquired by nodename 12830@pr-hdds-1569-2q4s4-1508879248
2019-10-21 04:44:20,727 [pool-107-thread-1] INFO  storage.RaftStorageDirectory (RaftStorageDirectory.java:tryLock(328)) - Lock on /workdir/hadoop-ozone/integration-test/target/test-dir/MiniOzoneClusterImpl-d393734c-ee65-42a5-ae62-3efe750dda5e/datanode-0/data/ratis/109a2ac7-66c2-4982-9c80-0e0e7a647b6e/in_use.lock acquired by nodename 12830@pr-hdds-1569-2q4s4-1508879248
2019-10-21 04:44:20,772 [pool-127-thread-1] INFO  storage.RaftStorage (RaftStorage.java:format(84)) - Storage directory /workdir/hadoop-ozone/integration-test/target/test-dir/MiniOzoneClusterImpl-d393734c-ee65-42a5-ae62-3efe750dda5e/datanode-2/data/ratis/109a2ac7-66c2-4982-9c80-0e0e7a647b6e has been successfully formatted.
2019-10-21 04:44:20,773 [pool-127-thread-1] INFO  ratis.ContainerStateMachine (ContainerStateMachine.java:loadSnapshot(231)) - group-0E0E7A647B6E: The snapshot info is null. Setting the last applied indexto:(t:0, i:~)
2019-10-21 04:44:20,773 [pool-127-thread-1] INFO  server.RaftServerConfigKeys (ConfUtils.java:logGet(43)) - raft.server.notification.no-leader.timeout = 120s (custom)
2019-10-21 04:44:20,773 [pool-127-thread-1] INFO  server.RaftServerConfigKeys (ConfUtils.java:logGet(43)) - raft.server.log.use.memory = false (default)
2019-10-21 04:44:20,774 [pool-127-thread-1] INFO  server.RaftServerConfigKeys (ConfUtils.java:logGet(43)) - raft.server.log.purge.gap = 1000000 (custom)
2019-10-21 04:44:20,774 [pool-127-thread-1] INFO  server.RaftServerConfigKeys (ConfUtils.java:logGet(43)) - raft.server.log.appender.buffer.byte-limit = 33554432 (custom)
2019-10-21 04:44:20,772 [pool-107-thread-1] INFO  storage.RaftStorage (RaftStorage.java:format(84)) - Storage directory /workdir/hadoop-ozone/integration-test/target/test-dir/MiniOzoneClusterImpl-d393734c-ee65-42a5-ae62-3efe750dda5e/datanode-0/data/ratis/109a2ac7-66c2-4982-9c80-0e0e7a647b6e has been successfully formatted.
2019-10-21 04:44:20,772 [pool-117-thread-1] INFO  storage.RaftStorage (RaftStorage.java:format(84)) - Storage directory /workdir/hadoop-ozone/integration-test/target/test-dir/MiniOzoneClusterImpl-d393734c-ee65-42a5-ae62-3efe750dda5e/datanode-1/data/ratis/109a2ac7-66c2-4982-9c80-0e0e7a647b6e has been successfully formatted.
2019-10-21 04:44:20,774 [pool-127-thread-1] INFO  server.RaftServerConfigKeys (ConfUtils.java:logGet(43)) - raft.server.log.segment.size.max = 1048576 (custom)
2019-10-21 04:44:20,774 [pool-107-thread-1] INFO  ratis.ContainerStateMachine (ContainerStateMachine.java:loadSnapshot(231)) - group-0E0E7A647B6E: The snapshot info is null. Setting the last applied indexto:(t:0, i:~)
2019-10-21 04:44:20,774 [pool-127-thread-1] INFO  server.RaftServerConfigKeys (ConfUtils.java:logGet(43)) - raft.server.log.segment.cache.num.max = 2 (custom)
2019-10-21 04:44:20,774 [pool-117-thread-1] INFO  ratis.ContainerStateMachine (ContainerStateMachine.java:loadSnapshot(231)) - group-0E0E7A647B6E: The snapshot info is null. Setting the last applied indexto:(t:0, i:~)
2019-10-21 04:44:20,775 [pool-127-thread-1] INFO  segmented.SegmentedRaftLogWorker (SegmentedRaftLogWorker.java:<init>(173)) - new 912560de-0342-4a13-bb2f-36ba08a0fad6@group-0E0E7A647B6E-SegmentedRaftLogWorker for RaftStorage:Storage Directory /workdir/hadoop-ozone/integration-test/target/test-dir/MiniOzoneClusterImpl-d393734c-ee65-42a5-ae62-3efe750dda5e/datanode-2/data/ratis/109a2ac7-66c2-4982-9c80-0e0e7a647b6e
2019-10-21 04:44:20,774 [pool-107-thread-1] INFO  server.RaftServerConfigKeys (ConfUtils.java:logGet(43)) - raft.server.notification.no-leader.timeout = 120s (custom)
2019-10-21 04:44:20,775 [pool-127-thread-1] INFO  server.RaftServerConfigKeys (ConfUtils.java:logGet(43)) - raft.server.log.queue.byte-limit = 2147483647 (custom)
2019-10-21 04:44:20,775 [pool-117-thread-1] INFO  server.RaftServerConfigKeys (ConfUtils.java:logGet(43)) - raft.server.notification.no-leader.timeout = 120s (custom)
2019-10-21 04:44:20,775 [pool-127-thread-1] INFO  server.RaftServerConfigKeys (ConfUtils.java:logGet(43)) - raft.server.log.queue.element-limit = 1024 (custom)
2019-10-21 04:44:20,775 [pool-107-thread-1] INFO  server.RaftServerConfigKeys (ConfUtils.java:logGet(43)) - raft.server.log.use.memory = false (default)
2019-10-21 04:44:20,775 [pool-127-thread-1] INFO  server.RaftServerConfigKeys (ConfUtils.java:logGet(43)) - raft.server.log.segment.size.max = 1048576 (custom)
2019-10-21 04:44:20,775 [pool-117-thread-1] INFO  server.RaftServerConfigKeys (ConfUtils.java:logGet(43)) - raft.server.log.use.memory = false (default)
2019-10-21 04:44:20,775 [pool-127-thread-1] INFO  server.RaftServerConfigKeys (ConfUtils.java:logGet(43)) - raft.server.log.preallocated.size = 16384 (custom)
2019-10-21 04:44:20,775 [pool-107-thread-1] INFO  server.RaftServerConfigKeys (ConfUtils.java:logGet(43)) - raft.server.log.purge.gap = 1000000 (custom)
2019-10-21 04:44:20,776 [pool-127-thread-1] INFO  server.RaftServerConfigKeys (ConfUtils.java:logGet(43)) - raft.server.log.write.buffer.size = 33554432 (custom)
2019-10-21 04:44:20,776 [pool-117-thread-1] INFO  server.RaftServerConfigKeys (ConfUtils.java:logGet(43)) - raft.server.log.purge.gap = 1000000 (custom)
2019-10-21 04:44:20,776 [pool-127-thread-1] INFO  server.RaftServerConfigKeys (ConfUtils.java:logGet(43)) - raft.server.log.force.sync.num = 128 (default)
2019-10-21 04:44:20,776 [pool-107-thread-1] INFO  server.RaftServerConfigKeys (ConfUtils.java:logGet(43)) - raft.server.log.appender.buffer.byte-limit = 33554432 (custom)
2019-10-21 04:44:20,776 [pool-127-thread-1] INFO  server.RaftServerConfigKeys (ConfUtils.java:logGet(43)) - raft.server.log.statemachine.data.sync = true (default)
2019-10-21 04:44:20,776 [pool-117-thread-1] INFO  server.RaftServerConfigKeys (ConfUtils.java:logGet(43)) - raft.server.log.appender.buffer.byte-limit = 33554432 (custom)
2019-10-21 04:44:20,776 [pool-127-thread-1] INFO  server.RaftServerConfigKeys (ConfUtils.java:logGet(43)) - raft.server.log.statemachine.data.sync.timeout = 10s (default)
2019-10-21 04:44:20,776 [pool-107-thread-1] INFO  server.RaftServerConfigKeys (ConfUtils.java:logGet(43)) - raft.server.log.segment.size.max = 1048576 (custom)
2019-10-21 04:44:20,777 [pool-127-thread-1] INFO  server.RaftServerConfigKeys (ConfUtils.java:logGet(43)) - raft.server.log.statemachine.data.sync.timeout.retry = -1 (default)
2019-10-21 04:44:20,776 [pool-117-thread-1] INFO  server.RaftServerConfigKeys (ConfUtils.java:logGet(43)) - raft.server.log.segment.size.max = 1048576 (custom)
2019-10-21 04:44:20,777 [pool-107-thread-1] INFO  server.RaftServerConfigKeys (ConfUtils.java:logGet(43)) - raft.server.log.segment.cache.num.max = 2 (custom)
2019-10-21 04:44:20,777 [pool-127-thread-1] INFO  server.RaftServerConfigKeys (ConfUtils.java:logGet(43)) - raft.server.log.statemachine.data.caching.enabled = true (custom)
2019-10-21 04:44:20,777 [pool-117-thread-1] INFO  server.RaftServerConfigKeys (ConfUtils.java:logGet(43)) - raft.server.log.segment.cache.num.max = 2 (custom)
2019-10-21 04:44:20,777 [pool-107-thread-1] INFO  segmented.SegmentedRaftLogWorker (SegmentedRaftLogWorker.java:<init>(173)) - new 502aeec8-ce18-4ac7-b59c-9e4619f5fb30@group-0E0E7A647B6E-SegmentedRaftLogWorker for RaftStorage:Storage Directory /workdir/hadoop-ozone/integration-test/target/test-dir/MiniOzoneClusterImpl-d393734c-ee65-42a5-ae62-3efe750dda5e/datanode-0/data/ratis/109a2ac7-66c2-4982-9c80-0e0e7a647b6e
2019-10-21 04:44:20,777 [pool-117-thread-1] INFO  segmented.SegmentedRaftLogWorker (SegmentedRaftLogWorker.java:<init>(173)) - new ed1fbd6a-10de-4385-9008-68132ed93668@group-0E0E7A647B6E-SegmentedRaftLogWorker for RaftStorage:Storage Directory /workdir/hadoop-ozone/integration-test/target/test-dir/MiniOzoneClusterImpl-d393734c-ee65-42a5-ae62-3efe750dda5e/datanode-1/data/ratis/109a2ac7-66c2-4982-9c80-0e0e7a647b6e
2019-10-21 04:44:20,777 [pool-107-thread-1] INFO  server.RaftServerConfigKeys (ConfUtils.java:logGet(43)) - raft.server.log.queue.byte-limit = 2147483647 (custom)
2019-10-21 04:44:20,777 [pool-127-thread-1] INFO  segmented.SegmentedRaftLogWorker (SegmentedRaftLogWorker.java:lambda$new$0(128)) - 912560de-0342-4a13-bb2f-36ba08a0fad6@group-0E0E7A647B6E-SegmentedRaftLogWorker: flushIndex: setUnconditionally 0 -> -1
2019-10-21 04:44:20,777 [pool-107-thread-1] INFO  server.RaftServerConfigKeys (ConfUtils.java:logGet(43)) - raft.server.log.queue.element-limit = 1024 (custom)
2019-10-21 04:44:20,777 [pool-117-thread-1] INFO  server.RaftServerConfigKeys (ConfUtils.java:logGet(43)) - raft.server.log.queue.byte-limit = 2147483647 (custom)
2019-10-21 04:44:20,778 [pool-127-thread-1] INFO  server.RaftServerConfigKeys (ConfUtils.java:logGet(43)) - raft.server.snapshot.auto.trigger.enabled = true (custom)
2019-10-21 04:44:20,778 [pool-107-thread-1] INFO  server.RaftServerConfigKeys (ConfUtils.java:logGet(43)) - raft.server.log.segment.size.max = 1048576 (custom)
2019-10-21 04:44:20,778 [pool-127-thread-1] INFO  server.RaftServerConfigKeys (ConfUtils.java:logGet(43)) - raft.server.snapshot.auto.trigger.threshold = 10000 (custom)
2019-10-21 04:44:20,778 [pool-117-thread-1] INFO  server.RaftServerConfigKeys (ConfUtils.java:logGet(43)) - raft.server.log.queue.element-limit = 1024 (custom)
2019-10-21 04:44:20,778 [pool-127-thread-1] INFO  server.RaftServerConfigKeys (ConfUtils.java:logGet(43)) - raft.server.snapshot.retention.file.num = 5 (custom)
2019-10-21 04:44:20,778 [pool-107-thread-1] INFO  server.RaftServerConfigKeys (ConfUtils.java:logGet(43)) - raft.server.log.preallocated.size = 16384 (custom)
2019-10-21 04:44:20,778 [pool-127-thread-1] INFO  server.RaftServerConfigKeys (ConfUtils.java:logGet(43)) - raft.server.retrycache.expirytime = 600000ms (custom)
2019-10-21 04:44:20,778 [pool-117-thread-1] INFO  server.RaftServerConfigKeys (ConfUtils.java:logGet(43)) - raft.server.log.segment.size.max = 1048576 (custom)
2019-10-21 04:44:20,778 [pool-107-thread-1] INFO  server.RaftServerConfigKeys (ConfUtils.java:logGet(43)) - raft.server.log.write.buffer.size = 33554432 (custom)
2019-10-21 04:44:20,779 [pool-107-thread-1] INFO  server.RaftServerConfigKeys (ConfUtils.java:logGet(43)) - raft.server.log.force.sync.num = 128 (default)
2019-10-21 04:44:20,779 [pool-107-thread-1] INFO  server.RaftServerConfigKeys (ConfUtils.java:logGet(43)) - raft.server.log.statemachine.data.sync = true (default)
2019-10-21 04:44:20,779 [pool-107-thread-1] INFO  server.RaftServerConfigKeys (ConfUtils.java:logGet(43)) - raft.server.log.statemachine.data.sync.timeout = 10s (default)
2019-10-21 04:44:20,779 [pool-107-thread-1] INFO  server.RaftServerConfigKeys (ConfUtils.java:logGet(43)) - raft.server.log.statemachine.data.sync.timeout.retry = -1 (default)
2019-10-21 04:44:20,779 [pool-107-thread-1] INFO  server.RaftServerConfigKeys (ConfUtils.java:logGet(43)) - raft.server.log.statemachine.data.caching.enabled = true (custom)
2019-10-21 04:44:20,780 [pool-107-thread-1] INFO  segmented.SegmentedRaftLogWorker (SegmentedRaftLogWorker.java:lambda$new$0(128)) - 502aeec8-ce18-4ac7-b59c-9e4619f5fb30@group-0E0E7A647B6E-SegmentedRaftLogWorker: flushIndex: setUnconditionally 0 -> -1
2019-10-21 04:44:20,779 [pool-117-thread-1] INFO  server.RaftServerConfigKeys (ConfUtils.java:logGet(43)) - raft.server.log.preallocated.size = 16384 (custom)
2019-10-21 04:44:20,780 [pool-117-thread-1] INFO  server.RaftServerConfigKeys (ConfUtils.java:logGet(43)) - raft.server.log.write.buffer.size = 33554432 (custom)
2019-10-21 04:44:20,780 [pool-107-thread-1] INFO  server.RaftServerConfigKeys (ConfUtils.java:logGet(43)) - raft.server.snapshot.auto.trigger.enabled = true (custom)
2019-10-21 04:44:20,780 [pool-117-thread-1] INFO  server.RaftServerConfigKeys (ConfUtils.java:logGet(43)) - raft.server.log.force.sync.num = 128 (default)
2019-10-21 04:44:20,780 [pool-107-thread-1] INFO  server.RaftServerConfigKeys (ConfUtils.java:logGet(43)) - raft.server.snapshot.auto.trigger.threshold = 10000 (custom)
2019-10-21 04:44:20,780 [pool-117-thread-1] INFO  server.RaftServerConfigKeys (ConfUtils.java:logGet(43)) - raft.server.log.statemachine.data.sync = true (default)
2019-10-21 04:44:20,781 [pool-107-thread-1] INFO  server.RaftServerConfigKeys (ConfUtils.java:logGet(43)) - raft.server.snapshot.retention.file.num = 5 (custom)
2019-10-21 04:44:20,781 [pool-117-thread-1] INFO  server.RaftServerConfigKeys (ConfUtils.java:logGet(43)) - raft.server.log.statemachine.data.sync.timeout = 10s (default)
2019-10-21 04:44:20,781 [pool-107-thread-1] INFO  server.RaftServerConfigKeys (ConfUtils.java:logGet(43)) - raft.server.retrycache.expirytime = 600000ms (custom)
2019-10-21 04:44:20,781 [pool-117-thread-1] INFO  server.RaftServerConfigKeys (ConfUtils.java:logGet(43)) - raft.server.log.statemachine.data.sync.timeout.retry = -1 (default)
2019-10-21 04:44:20,781 [pool-117-thread-1] INFO  server.RaftServerConfigKeys (ConfUtils.java:logGet(43)) - raft.server.log.statemachine.data.caching.enabled = true (custom)
2019-10-21 04:44:20,781 [pool-117-thread-1] INFO  segmented.SegmentedRaftLogWorker (SegmentedRaftLogWorker.java:lambda$new$0(128)) - ed1fbd6a-10de-4385-9008-68132ed93668@group-0E0E7A647B6E-SegmentedRaftLogWorker: flushIndex: setUnconditionally 0 -> -1
2019-10-21 04:44:20,782 [pool-117-thread-1] INFO  server.RaftServerConfigKeys (ConfUtils.java:logGet(43)) - raft.server.snapshot.auto.trigger.enabled = true (custom)
2019-10-21 04:44:20,782 [pool-117-thread-1] INFO  server.RaftServerConfigKeys (ConfUtils.java:logGet(43)) - raft.server.snapshot.auto.trigger.threshold = 10000 (custom)
2019-10-21 04:44:20,782 [pool-127-thread-1] INFO  impl.RaftServerImpl (RaftServerImpl.java:start(181)) - 912560de-0342-4a13-bb2f-36ba08a0fad6@group-0E0E7A647B6E: start as a follower, conf=-1: [912560de-0342-4a13-bb2f-36ba08a0fad6:192.168.157.225:46735, 502aeec8-ce18-4ac7-b59c-9e4619f5fb30:192.168.157.225:34983, ed1fbd6a-10de-4385-9008-68132ed93668:192.168.157.225:41733], old=null
2019-10-21 04:44:20,782 [pool-117-thread-1] INFO  server.RaftServerConfigKeys (ConfUtils.java:logGet(43)) - raft.server.snapshot.retention.file.num = 5 (custom)
2019-10-21 04:44:20,782 [pool-127-thread-1] INFO  impl.RaftServerImpl (RaftServerImpl.java:setRole(170)) - 912560de-0342-4a13-bb2f-36ba08a0fad6@group-0E0E7A647B6E: changes role from      null to FOLLOWER at term 0 for startAsFollower
2019-10-21 04:44:20,782 [pool-117-thread-1] INFO  server.RaftServerConfigKeys (ConfUtils.java:logGet(43)) - raft.server.retrycache.expirytime = 600000ms (custom)
2019-10-21 04:44:20,782 [pool-127-thread-1] INFO  impl.RoleInfo (RoleInfo.java:updateAndGet(143)) - 912560de-0342-4a13-bb2f-36ba08a0fad6: start FollowerState
2019-10-21 04:44:20,783 [pool-127-thread-1] INFO  util.JmxRegister (JmxRegister.java:tryRegister(44)) - Successfully registered JMX Bean with object name Ratis:service=RaftServer,group=group-0E0E7A647B6E,id=912560de-0342-4a13-bb2f-36ba08a0fad6
2019-10-21 04:44:20,784 [pool-107-thread-1] INFO  impl.RaftServerImpl (RaftServerImpl.java:start(181)) - 502aeec8-ce18-4ac7-b59c-9e4619f5fb30@group-0E0E7A647B6E: start as a follower, conf=-1: [912560de-0342-4a13-bb2f-36ba08a0fad6:192.168.157.225:46735, 502aeec8-ce18-4ac7-b59c-9e4619f5fb30:192.168.157.225:34983, ed1fbd6a-10de-4385-9008-68132ed93668:192.168.157.225:41733], old=null
2019-10-21 04:44:20,784 [pool-107-thread-1] INFO  impl.RaftServerImpl (RaftServerImpl.java:setRole(170)) - 502aeec8-ce18-4ac7-b59c-9e4619f5fb30@group-0E0E7A647B6E: changes role from      null to FOLLOWER at term 0 for startAsFollower
2019-10-21 04:44:20,784 [pool-107-thread-1] INFO  impl.RoleInfo (RoleInfo.java:updateAndGet(143)) - 502aeec8-ce18-4ac7-b59c-9e4619f5fb30: start FollowerState
2019-10-21 04:44:20,784 [pool-107-thread-1] INFO  util.JmxRegister (JmxRegister.java:tryRegister(44)) - Successfully registered JMX Bean with object name Ratis:service=RaftServer,group=group-0E0E7A647B6E,id=502aeec8-ce18-4ac7-b59c-9e4619f5fb30
2019-10-21 04:44:20,785 [pool-117-thread-1] INFO  impl.RaftServerImpl (RaftServerImpl.java:start(181)) - ed1fbd6a-10de-4385-9008-68132ed93668@group-0E0E7A647B6E: start as a follower, conf=-1: [912560de-0342-4a13-bb2f-36ba08a0fad6:192.168.157.225:46735, 502aeec8-ce18-4ac7-b59c-9e4619f5fb30:192.168.157.225:34983, ed1fbd6a-10de-4385-9008-68132ed93668:192.168.157.225:41733], old=null
2019-10-21 04:44:20,786 [pool-117-thread-1] INFO  impl.RaftServerImpl (RaftServerImpl.java:setRole(170)) - ed1fbd6a-10de-4385-9008-68132ed93668@group-0E0E7A647B6E: changes role from      null to FOLLOWER at term 0 for startAsFollower
2019-10-21 04:44:20,786 [pool-117-thread-1] INFO  impl.RoleInfo (RoleInfo.java:updateAndGet(143)) - ed1fbd6a-10de-4385-9008-68132ed93668: start FollowerState
2019-10-21 04:44:20,786 [pool-117-thread-1] INFO  util.JmxRegister (JmxRegister.java:tryRegister(44)) - Successfully registered JMX Bean with object name Ratis:service=RaftServer,group=group-0E0E7A647B6E,id=ed1fbd6a-10de-4385-9008-68132ed93668
2019-10-21 04:44:20,801 [RatisPipelineUtilsThread] INFO  pipeline.PipelineStateManager (PipelineStateManager.java:addPipeline(56)) - Created pipeline Pipeline[ Id: 109a2ac7-66c2-4982-9c80-0e0e7a647b6e, Nodes: 502aeec8-ce18-4ac7-b59c-9e4619f5fb30{ip: 192.168.157.225, host: pr-hdds-1569-2q4s4-1508879248, networkLocation: /default-rack, certSerialId: null}ed1fbd6a-10de-4385-9008-68132ed93668{ip: 192.168.157.225, host: pr-hdds-1569-2q4s4-1508879248, networkLocation: /default-rack, certSerialId: null}912560de-0342-4a13-bb2f-36ba08a0fad6{ip: 192.168.157.225, host: pr-hdds-1569-2q4s4-1508879248, networkLocation: /default-rack, certSerialId: null}, Type:RATIS, Factor:THREE, State:OPEN]
2019-10-21 04:44:20,802 [RatisPipelineUtilsThread] INFO  pipeline.PipelinePlacementPolicy (PipelinePlacementPolicy.java:meetCriteria(117)) - Pipeline Placement: can't place more pipeline on heavy datanode? 502aeec8-ce18-4ac7-b59c-9e4619f5fb30 Heaviness: 2 limit: 2
2019-10-21 04:44:20,802 [RatisPipelineUtilsThread] INFO  pipeline.PipelinePlacementPolicy (PipelinePlacementPolicy.java:meetCriteria(117)) - Pipeline Placement: can't place more pipeline on heavy datanode? ed1fbd6a-10de-4385-9008-68132ed93668 Heaviness: 2 limit: 2
2019-10-21 04:44:20,802 [RatisPipelineUtilsThread] INFO  pipeline.PipelinePlacementPolicy (PipelinePlacementPolicy.java:meetCriteria(117)) - Pipeline Placement: can't place more pipeline on heavy datanode? 912560de-0342-4a13-bb2f-36ba08a0fad6 Heaviness: 2 limit: 2
2019-10-21 04:44:20,803 [RatisPipelineUtilsThread] ERROR pipeline.PipelinePlacementPolicy (PipelinePlacementPolicy.java:filterViableNodes(175)) - Unable to find enough nodes that meet the criteria that cannot engage in more than 2 pipelines. Nodes required: 3 Found: 0, healthy nodes count in NodeManager: 3.
2019-10-21 04:44:20,803 [RatisPipelineUtilsThread] ERROR pipeline.SCMPipelineManager (SCMPipelineManager.java:createPipeline(205)) - Pipeline creation failed.
org.apache.hadoop.hdds.scm.exceptions.SCMException: Unable to find enough nodes that meet the criteria that cannot engage in more than 2 pipelines. Nodes required: 3 Found: 0, healthy nodes count in NodeManager: 3.
	at org.apache.hadoop.hdds.scm.pipeline.PipelinePlacementPolicy.filterViableNodes(PipelinePlacementPolicy.java:176)
	at org.apache.hadoop.hdds.scm.pipeline.PipelinePlacementPolicy.chooseDatanodes(PipelinePlacementPolicy.java:199)
	at org.apache.hadoop.hdds.scm.pipeline.RatisPipelineProvider.create(RatisPipelineProvider.java:135)
	at org.apache.hadoop.hdds.scm.pipeline.PipelineFactory.create(PipelineFactory.java:58)
	at org.apache.hadoop.hdds.scm.pipeline.SCMPipelineManager.createPipeline(SCMPipelineManager.java:195)
	at org.apache.hadoop.hdds.scm.pipeline.BackgroundPipelineCreator.createPipelines(BackgroundPipelineCreator.java:100)
	at java.util.concurrent.Executors$RunnableAdapter.call(Executors.java:511)
	at java.util.concurrent.FutureTask.run(FutureTask.java:266)
	at java.util.concurrent.ScheduledThreadPoolExecutor$ScheduledFutureTask.access$201(ScheduledThreadPoolExecutor.java:180)
	at java.util.concurrent.ScheduledThreadPoolExecutor$ScheduledFutureTask.run(ScheduledThreadPoolExecutor.java:293)
	at java.util.concurrent.ThreadPoolExecutor.runWorker(ThreadPoolExecutor.java:1149)
	at java.util.concurrent.ThreadPoolExecutor$Worker.run(ThreadPoolExecutor.java:624)
	at java.lang.Thread.run(Thread.java:748)
2019-10-21 04:44:20,806 [RatisPipelineUtilsThread] ERROR pipeline.SCMPipelineManager (SCMPipelineManager.java:createPipeline(205)) - Pipeline creation failed.
org.apache.hadoop.hdds.scm.exceptions.SCMException: Cannot create pipeline of factor 1 using 0 nodes. Used 3 nodes. Healthy nodes 3
	at org.apache.hadoop.hdds.scm.pipeline.RatisPipelineProvider.pickNodesNeverUsed(RatisPipelineProvider.java:120)
	at org.apache.hadoop.hdds.scm.pipeline.RatisPipelineProvider.create(RatisPipelineProvider.java:132)
	at org.apache.hadoop.hdds.scm.pipeline.PipelineFactory.create(PipelineFactory.java:58)
	at org.apache.hadoop.hdds.scm.pipeline.SCMPipelineManager.createPipeline(SCMPipelineManager.java:195)
	at org.apache.hadoop.hdds.scm.pipeline.BackgroundPipelineCreator.createPipelines(BackgroundPipelineCreator.java:100)
	at org.apache.hadoop.hdds.scm.pipeline.BackgroundPipelineCreator.lambda$startFixedIntervalPipelineCreator$0(BackgroundPipelineCreator.java:70)
	at java.util.concurrent.Executors$RunnableAdapter.call(Executors.java:511)
	at java.util.concurrent.FutureTask.runAndReset(FutureTask.java:308)
	at java.util.concurrent.ScheduledThreadPoolExecutor$ScheduledFutureTask.access$301(ScheduledThreadPoolExecutor.java:180)
	at java.util.concurrent.ScheduledThreadPoolExecutor$ScheduledFutureTask.run(ScheduledThreadPoolExecutor.java:294)
	at java.util.concurrent.ThreadPoolExecutor.runWorker(ThreadPoolExecutor.java:1149)
	at java.util.concurrent.ThreadPoolExecutor$Worker.run(ThreadPoolExecutor.java:624)
	at java.lang.Thread.run(Thread.java:748)
2019-10-21 04:44:20,807 [RatisPipelineUtilsThread] INFO  pipeline.PipelinePlacementPolicy (PipelinePlacementPolicy.java:meetCriteria(117)) - Pipeline Placement: can't place more pipeline on heavy datanode? 502aeec8-ce18-4ac7-b59c-9e4619f5fb30 Heaviness: 2 limit: 2
2019-10-21 04:44:20,807 [RatisPipelineUtilsThread] INFO  pipeline.PipelinePlacementPolicy (PipelinePlacementPolicy.java:meetCriteria(117)) - Pipeline Placement: can't place more pipeline on heavy datanode? ed1fbd6a-10de-4385-9008-68132ed93668 Heaviness: 2 limit: 2
2019-10-21 04:44:20,807 [RatisPipelineUtilsThread] INFO  pipeline.PipelinePlacementPolicy (PipelinePlacementPolicy.java:meetCriteria(117)) - Pipeline Placement: can't place more pipeline on heavy datanode? 912560de-0342-4a13-bb2f-36ba08a0fad6 Heaviness: 2 limit: 2
2019-10-21 04:44:20,808 [RatisPipelineUtilsThread] ERROR pipeline.PipelinePlacementPolicy (PipelinePlacementPolicy.java:filterViableNodes(175)) - Unable to find enough nodes that meet the criteria that cannot engage in more than 2 pipelines. Nodes required: 3 Found: 0, healthy nodes count in NodeManager: 3.
2019-10-21 04:44:20,808 [RatisPipelineUtilsThread] ERROR pipeline.SCMPipelineManager (SCMPipelineManager.java:createPipeline(205)) - Pipeline creation failed.
org.apache.hadoop.hdds.scm.exceptions.SCMException: Unable to find enough nodes that meet the criteria that cannot engage in more than 2 pipelines. Nodes required: 3 Found: 0, healthy nodes count in NodeManager: 3.
	at org.apache.hadoop.hdds.scm.pipeline.PipelinePlacementPolicy.filterViableNodes(PipelinePlacementPolicy.java:176)
	at org.apache.hadoop.hdds.scm.pipeline.PipelinePlacementPolicy.chooseDatanodes(PipelinePlacementPolicy.java:199)
	at org.apache.hadoop.hdds.scm.pipeline.RatisPipelineProvider.create(RatisPipelineProvider.java:135)
	at org.apache.hadoop.hdds.scm.pipeline.PipelineFactory.create(PipelineFactory.java:58)
	at org.apache.hadoop.hdds.scm.pipeline.SCMPipelineManager.createPipeline(SCMPipelineManager.java:195)
	at org.apache.hadoop.hdds.scm.pipeline.BackgroundPipelineCreator.createPipelines(BackgroundPipelineCreator.java:100)
	at org.apache.hadoop.hdds.scm.pipeline.BackgroundPipelineCreator.lambda$startFixedIntervalPipelineCreator$0(BackgroundPipelineCreator.java:70)
	at java.util.concurrent.Executors$RunnableAdapter.call(Executors.java:511)
	at java.util.concurrent.FutureTask.runAndReset(FutureTask.java:308)
	at java.util.concurrent.ScheduledThreadPoolExecutor$ScheduledFutureTask.access$301(ScheduledThreadPoolExecutor.java:180)
	at java.util.concurrent.ScheduledThreadPoolExecutor$ScheduledFutureTask.run(ScheduledThreadPoolExecutor.java:294)
	at java.util.concurrent.ThreadPoolExecutor.runWorker(ThreadPoolExecutor.java:1149)
	at java.util.concurrent.ThreadPoolExecutor$Worker.run(ThreadPoolExecutor.java:624)
	at java.lang.Thread.run(Thread.java:748)
2019-10-21 04:44:21,314 [Thread-337] INFO  ozone.MiniOzoneClusterImpl (MiniOzoneClusterImpl.java:lambda$waitForClusterToBeReady$0(147)) - Cluster is ready. Got 3 of 3 DN Heartbeats.
2019-10-21 04:44:22,134 [Datanode State Machine Thread - 0] INFO  statemachine.DatanodeStateMachine (DatanodeStateMachine.java:lambda$startDaemon$0(350)) - Ozone container server started.
2019-10-21 04:44:23,140 [Thread-509] INFO  container.ReplicationManager (ReplicationManager.java:start(163)) - Starting Replication Monitor Thread.
2019-10-21 04:44:23,142 [ReplicationMonitor] INFO  container.ReplicationManager (ReplicationManager.java:run(226)) - Replication Monitor Thread took 0 milliseconds for processing 0 containers.
2019-10-21 04:44:25,402 [Thread-511] INFO  impl.FollowerState (FollowerState.java:run(108)) - 502aeec8-ce18-4ac7-b59c-9e4619f5fb30@group-1D7E7E227EF7-FollowerState: change to CANDIDATE, lastRpcTime:5162ms, electionTimeout:5162ms
2019-10-21 04:44:25,403 [Thread-511] INFO  impl.RoleInfo (RoleInfo.java:shutdownFollowerState(121)) - 502aeec8-ce18-4ac7-b59c-9e4619f5fb30: shutdown FollowerState
2019-10-21 04:44:25,403 [Thread-511] INFO  impl.RaftServerImpl (RaftServerImpl.java:setRole(170)) - 502aeec8-ce18-4ac7-b59c-9e4619f5fb30@group-1D7E7E227EF7: changes role from  FOLLOWER to CANDIDATE at term 0 for changeToCandidate
2019-10-21 04:44:25,403 [Thread-511] INFO  impl.RoleInfo (RoleInfo.java:updateAndGet(143)) - 502aeec8-ce18-4ac7-b59c-9e4619f5fb30: start LeaderElection
2019-10-21 04:44:25,427 [502aeec8-ce18-4ac7-b59c-9e4619f5fb30@group-1D7E7E227EF7-LeaderElection11] INFO  impl.LeaderElection (LeaderElection.java:askForVotes(178)) - 502aeec8-ce18-4ac7-b59c-9e4619f5fb30@group-1D7E7E227EF7-LeaderElection11: begin an election at term 1 for -1: [502aeec8-ce18-4ac7-b59c-9e4619f5fb30:192.168.157.225:34983], old=null
2019-10-21 04:44:25,428 [502aeec8-ce18-4ac7-b59c-9e4619f5fb30@group-1D7E7E227EF7-LeaderElection11] INFO  impl.RoleInfo (RoleInfo.java:shutdownLeaderElection(134)) - 502aeec8-ce18-4ac7-b59c-9e4619f5fb30: shutdown LeaderElection
2019-10-21 04:44:25,428 [502aeec8-ce18-4ac7-b59c-9e4619f5fb30@group-1D7E7E227EF7-LeaderElection11] INFO  impl.RaftServerImpl (RaftServerImpl.java:setRole(170)) - 502aeec8-ce18-4ac7-b59c-9e4619f5fb30@group-1D7E7E227EF7: changes role from CANDIDATE to LEADER at term 1 for changeToLeader
2019-10-21 04:44:25,428 [502aeec8-ce18-4ac7-b59c-9e4619f5fb30@group-1D7E7E227EF7-LeaderElection11] INFO  impl.RaftServerImpl (ServerState.java:setLeader(255)) - 502aeec8-ce18-4ac7-b59c-9e4619f5fb30@group-1D7E7E227EF7: change Leader from null to 502aeec8-ce18-4ac7-b59c-9e4619f5fb30 at term 1 for becomeLeader, leader elected after 5198ms
2019-10-21 04:44:25,428 [502aeec8-ce18-4ac7-b59c-9e4619f5fb30@group-1D7E7E227EF7-LeaderElection11] INFO  server.RaftServerConfigKeys (ConfUtils.java:logGet(43)) - raft.server.staging.catchup.gap = 1000 (default)
2019-10-21 04:44:25,428 [502aeec8-ce18-4ac7-b59c-9e4619f5fb30@group-1D7E7E227EF7-LeaderElection11] INFO  server.RaftServerConfigKeys (ConfUtils.java:logGet(43)) - raft.server.rpc.sleep.time = 25ms (default)
2019-10-21 04:44:25,428 [502aeec8-ce18-4ac7-b59c-9e4619f5fb30@group-1D7E7E227EF7-LeaderElection11] INFO  server.RaftServerConfigKeys (ConfUtils.java:logGet(43)) - raft.server.write.element-limit = 4096 (default)
2019-10-21 04:44:25,429 [502aeec8-ce18-4ac7-b59c-9e4619f5fb30@group-1D7E7E227EF7-LeaderElection11] INFO  server.RaftServerConfigKeys (ConfUtils.java:logGet(43)) - raft.server.watch.timeout = 10s (default)
2019-10-21 04:44:25,429 [502aeec8-ce18-4ac7-b59c-9e4619f5fb30@group-1D7E7E227EF7-LeaderElection11] INFO  server.RaftServerConfigKeys (ConfUtils.java:logGet(43)) - raft.server.watch.timeout.denomination = 1s (default)
2019-10-21 04:44:25,429 [502aeec8-ce18-4ac7-b59c-9e4619f5fb30@group-1D7E7E227EF7-LeaderElection11] INFO  server.RaftServerConfigKeys (ConfUtils.java:logGet(43)) - raft.server.watch.element-limit = 65536 (default)
2019-10-21 04:44:25,431 [502aeec8-ce18-4ac7-b59c-9e4619f5fb30@group-1D7E7E227EF7-LeaderElection11] INFO  impl.RoleInfo (RoleInfo.java:updateAndGet(143)) - 502aeec8-ce18-4ac7-b59c-9e4619f5fb30: start LeaderState
2019-10-21 04:44:25,432 [502aeec8-ce18-4ac7-b59c-9e4619f5fb30@group-1D7E7E227EF7-LeaderElection11] INFO  segmented.SegmentedRaftLogWorker (SegmentedRaftLogWorker.java:startLogSegment(385)) - 502aeec8-ce18-4ac7-b59c-9e4619f5fb30@group-1D7E7E227EF7-SegmentedRaftLogWorker: Starting segment from index:0
2019-10-21 04:44:25,432 [502aeec8-ce18-4ac7-b59c-9e4619f5fb30@group-1D7E7E227EF7-LeaderElection11] INFO  impl.RaftServerImpl (ServerState.java:setRaftConf(356)) - 502aeec8-ce18-4ac7-b59c-9e4619f5fb30@group-1D7E7E227EF7: set configuration 0: [502aeec8-ce18-4ac7-b59c-9e4619f5fb30:192.168.157.225:34983], old=null at 0
2019-10-21 04:44:25,463 [502aeec8-ce18-4ac7-b59c-9e4619f5fb30@group-1D7E7E227EF7-SegmentedRaftLogWorker] INFO  segmented.SegmentedRaftLogWorker (SegmentedRaftLogWorker.java:execute(574)) - 502aeec8-ce18-4ac7-b59c-9e4619f5fb30@group-1D7E7E227EF7-SegmentedRaftLogWorker: created new log segment /workdir/hadoop-ozone/integration-test/target/test-dir/MiniOzoneClusterImpl-d393734c-ee65-42a5-ae62-3efe750dda5e/datanode-0/data/ratis/71a542d7-5f7f-44d7-baba-1d7e7e227ef7/current/log_inprogress_0
2019-10-21 04:44:25,531 [Thread-514] INFO  impl.FollowerState (FollowerState.java:run(108)) - ed1fbd6a-10de-4385-9008-68132ed93668@group-E8318AA04F9A-FollowerState: change to CANDIDATE, lastRpcTime:5019ms, electionTimeout:5019ms
2019-10-21 04:44:25,532 [Thread-514] INFO  impl.RoleInfo (RoleInfo.java:shutdownFollowerState(121)) - ed1fbd6a-10de-4385-9008-68132ed93668: shutdown FollowerState
2019-10-21 04:44:25,532 [Thread-514] INFO  impl.RaftServerImpl (RaftServerImpl.java:setRole(170)) - ed1fbd6a-10de-4385-9008-68132ed93668@group-E8318AA04F9A: changes role from  FOLLOWER to CANDIDATE at term 0 for changeToCandidate
2019-10-21 04:44:25,532 [Thread-514] INFO  impl.RoleInfo (RoleInfo.java:updateAndGet(143)) - ed1fbd6a-10de-4385-9008-68132ed93668: start LeaderElection
2019-10-21 04:44:25,559 [ed1fbd6a-10de-4385-9008-68132ed93668@group-E8318AA04F9A-LeaderElection12] INFO  impl.LeaderElection (LeaderElection.java:askForVotes(178)) - ed1fbd6a-10de-4385-9008-68132ed93668@group-E8318AA04F9A-LeaderElection12: begin an election at term 1 for -1: [ed1fbd6a-10de-4385-9008-68132ed93668:192.168.157.225:41733], old=null
2019-10-21 04:44:25,559 [ed1fbd6a-10de-4385-9008-68132ed93668@group-E8318AA04F9A-LeaderElection12] INFO  impl.RoleInfo (RoleInfo.java:shutdownLeaderElection(134)) - ed1fbd6a-10de-4385-9008-68132ed93668: shutdown LeaderElection
2019-10-21 04:44:25,559 [ed1fbd6a-10de-4385-9008-68132ed93668@group-E8318AA04F9A-LeaderElection12] INFO  impl.RaftServerImpl (RaftServerImpl.java:setRole(170)) - ed1fbd6a-10de-4385-9008-68132ed93668@group-E8318AA04F9A: changes role from CANDIDATE to LEADER at term 1 for changeToLeader
2019-10-21 04:44:25,559 [ed1fbd6a-10de-4385-9008-68132ed93668@group-E8318AA04F9A-LeaderElection12] INFO  impl.RaftServerImpl (ServerState.java:setLeader(255)) - ed1fbd6a-10de-4385-9008-68132ed93668@group-E8318AA04F9A: change Leader from null to ed1fbd6a-10de-4385-9008-68132ed93668 at term 1 for becomeLeader, leader elected after 5057ms
2019-10-21 04:44:25,559 [ed1fbd6a-10de-4385-9008-68132ed93668@group-E8318AA04F9A-LeaderElection12] INFO  server.RaftServerConfigKeys (ConfUtils.java:logGet(43)) - raft.server.staging.catchup.gap = 1000 (default)
2019-10-21 04:44:25,560 [ed1fbd6a-10de-4385-9008-68132ed93668@group-E8318AA04F9A-LeaderElection12] INFO  server.RaftServerConfigKeys (ConfUtils.java:logGet(43)) - raft.server.rpc.sleep.time = 25ms (default)
2019-10-21 04:44:25,560 [ed1fbd6a-10de-4385-9008-68132ed93668@group-E8318AA04F9A-LeaderElection12] INFO  server.RaftServerConfigKeys (ConfUtils.java:logGet(43)) - raft.server.write.element-limit = 4096 (default)
2019-10-21 04:44:25,560 [ed1fbd6a-10de-4385-9008-68132ed93668@group-E8318AA04F9A-LeaderElection12] INFO  server.RaftServerConfigKeys (ConfUtils.java:logGet(43)) - raft.server.watch.timeout = 10s (default)
2019-10-21 04:44:25,560 [ed1fbd6a-10de-4385-9008-68132ed93668@group-E8318AA04F9A-LeaderElection12] INFO  server.RaftServerConfigKeys (ConfUtils.java:logGet(43)) - raft.server.watch.timeout.denomination = 1s (default)
2019-10-21 04:44:25,560 [ed1fbd6a-10de-4385-9008-68132ed93668@group-E8318AA04F9A-LeaderElection12] INFO  server.RaftServerConfigKeys (ConfUtils.java:logGet(43)) - raft.server.watch.element-limit = 65536 (default)
2019-10-21 04:44:25,563 [ed1fbd6a-10de-4385-9008-68132ed93668@group-E8318AA04F9A-LeaderElection12] INFO  impl.RoleInfo (RoleInfo.java:updateAndGet(143)) - ed1fbd6a-10de-4385-9008-68132ed93668: start LeaderState
2019-10-21 04:44:25,563 [ed1fbd6a-10de-4385-9008-68132ed93668@group-E8318AA04F9A-LeaderElection12] INFO  segmented.SegmentedRaftLogWorker (SegmentedRaftLogWorker.java:startLogSegment(385)) - ed1fbd6a-10de-4385-9008-68132ed93668@group-E8318AA04F9A-SegmentedRaftLogWorker: Starting segment from index:0
2019-10-21 04:44:25,564 [ed1fbd6a-10de-4385-9008-68132ed93668@group-E8318AA04F9A-LeaderElection12] INFO  impl.RaftServerImpl (ServerState.java:setRaftConf(356)) - ed1fbd6a-10de-4385-9008-68132ed93668@group-E8318AA04F9A: set configuration 0: [ed1fbd6a-10de-4385-9008-68132ed93668:192.168.157.225:41733], old=null at 0
2019-10-21 04:44:25,592 [ed1fbd6a-10de-4385-9008-68132ed93668@group-E8318AA04F9A-SegmentedRaftLogWorker] INFO  segmented.SegmentedRaftLogWorker (SegmentedRaftLogWorker.java:execute(574)) - ed1fbd6a-10de-4385-9008-68132ed93668@group-E8318AA04F9A-SegmentedRaftLogWorker: created new log segment /workdir/hadoop-ozone/integration-test/target/test-dir/MiniOzoneClusterImpl-d393734c-ee65-42a5-ae62-3efe750dda5e/datanode-1/data/ratis/0de816fb-0128-4969-9d32-e8318aa04f9a/current/log_inprogress_0
2019-10-21 04:44:25,744 [Thread-517] INFO  impl.FollowerState (FollowerState.java:run(108)) - 912560de-0342-4a13-bb2f-36ba08a0fad6@group-70BA92114919-FollowerState: change to CANDIDATE, lastRpcTime:5096ms, electionTimeout:5096ms
2019-10-21 04:44:25,745 [Thread-517] INFO  impl.RoleInfo (RoleInfo.java:shutdownFollowerState(121)) - 912560de-0342-4a13-bb2f-36ba08a0fad6: shutdown FollowerState
2019-10-21 04:44:25,745 [Thread-517] INFO  impl.RaftServerImpl (RaftServerImpl.java:setRole(170)) - 912560de-0342-4a13-bb2f-36ba08a0fad6@group-70BA92114919: changes role from  FOLLOWER to CANDIDATE at term 0 for changeToCandidate
2019-10-21 04:44:25,745 [Thread-517] INFO  impl.RoleInfo (RoleInfo.java:updateAndGet(143)) - 912560de-0342-4a13-bb2f-36ba08a0fad6: start LeaderElection
2019-10-21 04:44:25,753 [912560de-0342-4a13-bb2f-36ba08a0fad6@group-70BA92114919-LeaderElection13] INFO  impl.LeaderElection (LeaderElection.java:askForVotes(178)) - 912560de-0342-4a13-bb2f-36ba08a0fad6@group-70BA92114919-LeaderElection13: begin an election at term 1 for -1: [912560de-0342-4a13-bb2f-36ba08a0fad6:192.168.157.225:46735], old=null
2019-10-21 04:44:25,753 [912560de-0342-4a13-bb2f-36ba08a0fad6@group-70BA92114919-LeaderElection13] INFO  impl.RoleInfo (RoleInfo.java:shutdownLeaderElection(134)) - 912560de-0342-4a13-bb2f-36ba08a0fad6: shutdown LeaderElection
2019-10-21 04:44:25,754 [912560de-0342-4a13-bb2f-36ba08a0fad6@group-70BA92114919-LeaderElection13] INFO  impl.RaftServerImpl (RaftServerImpl.java:setRole(170)) - 912560de-0342-4a13-bb2f-36ba08a0fad6@group-70BA92114919: changes role from CANDIDATE to LEADER at term 1 for changeToLeader
2019-10-21 04:44:25,754 [912560de-0342-4a13-bb2f-36ba08a0fad6@group-70BA92114919-LeaderElection13] INFO  impl.RaftServerImpl (ServerState.java:setLeader(255)) - 912560de-0342-4a13-bb2f-36ba08a0fad6@group-70BA92114919: change Leader from null to 912560de-0342-4a13-bb2f-36ba08a0fad6 at term 1 for becomeLeader, leader elected after 5116ms
2019-10-21 04:44:25,754 [912560de-0342-4a13-bb2f-36ba08a0fad6@group-70BA92114919-LeaderElection13] INFO  server.RaftServerConfigKeys (ConfUtils.java:logGet(43)) - raft.server.staging.catchup.gap = 1000 (default)
2019-10-21 04:44:25,754 [912560de-0342-4a13-bb2f-36ba08a0fad6@group-70BA92114919-LeaderElection13] INFO  server.RaftServerConfigKeys (ConfUtils.java:logGet(43)) - raft.server.rpc.sleep.time = 25ms (default)
2019-10-21 04:44:25,754 [912560de-0342-4a13-bb2f-36ba08a0fad6@group-70BA92114919-LeaderElection13] INFO  server.RaftServerConfigKeys (ConfUtils.java:logGet(43)) - raft.server.write.element-limit = 4096 (default)
2019-10-21 04:44:25,754 [912560de-0342-4a13-bb2f-36ba08a0fad6@group-70BA92114919-LeaderElection13] INFO  server.RaftServerConfigKeys (ConfUtils.java:logGet(43)) - raft.server.watch.timeout = 10s (default)
2019-10-21 04:44:25,755 [912560de-0342-4a13-bb2f-36ba08a0fad6@group-70BA92114919-LeaderElection13] INFO  server.RaftServerConfigKeys (ConfUtils.java:logGet(43)) - raft.server.watch.timeout.denomination = 1s (default)
2019-10-21 04:44:25,755 [912560de-0342-4a13-bb2f-36ba08a0fad6@group-70BA92114919-LeaderElection13] INFO  server.RaftServerConfigKeys (ConfUtils.java:logGet(43)) - raft.server.watch.element-limit = 65536 (default)
2019-10-21 04:44:25,757 [912560de-0342-4a13-bb2f-36ba08a0fad6@group-70BA92114919-LeaderElection13] INFO  impl.RoleInfo (RoleInfo.java:updateAndGet(143)) - 912560de-0342-4a13-bb2f-36ba08a0fad6: start LeaderState
2019-10-21 04:44:25,758 [912560de-0342-4a13-bb2f-36ba08a0fad6@group-70BA92114919-LeaderElection13] INFO  segmented.SegmentedRaftLogWorker (SegmentedRaftLogWorker.java:startLogSegment(385)) - 912560de-0342-4a13-bb2f-36ba08a0fad6@group-70BA92114919-SegmentedRaftLogWorker: Starting segment from index:0
2019-10-21 04:44:25,758 [912560de-0342-4a13-bb2f-36ba08a0fad6@group-70BA92114919-LeaderElection13] INFO  impl.RaftServerImpl (ServerState.java:setRaftConf(356)) - 912560de-0342-4a13-bb2f-36ba08a0fad6@group-70BA92114919: set configuration 0: [912560de-0342-4a13-bb2f-36ba08a0fad6:192.168.157.225:46735], old=null at 0
2019-10-21 04:44:25,790 [912560de-0342-4a13-bb2f-36ba08a0fad6@group-70BA92114919-SegmentedRaftLogWorker] INFO  segmented.SegmentedRaftLogWorker (SegmentedRaftLogWorker.java:execute(574)) - 912560de-0342-4a13-bb2f-36ba08a0fad6@group-70BA92114919-SegmentedRaftLogWorker: created new log segment /workdir/hadoop-ozone/integration-test/target/test-dir/MiniOzoneClusterImpl-d393734c-ee65-42a5-ae62-3efe750dda5e/datanode-2/data/ratis/81e37bb7-1a8b-4609-bf6a-70ba92114919/current/log_inprogress_0
2019-10-21 04:44:25,823 [Thread-524] INFO  impl.FollowerState (FollowerState.java:run(108)) - ed1fbd6a-10de-4385-9008-68132ed93668@group-0E0E7A647B6E-FollowerState: change to CANDIDATE, lastRpcTime:5037ms, electionTimeout:5037ms
2019-10-21 04:44:25,823 [Thread-524] INFO  impl.RoleInfo (RoleInfo.java:shutdownFollowerState(121)) - ed1fbd6a-10de-4385-9008-68132ed93668: shutdown FollowerState
2019-10-21 04:44:25,823 [Thread-524] INFO  impl.RaftServerImpl (RaftServerImpl.java:setRole(170)) - ed1fbd6a-10de-4385-9008-68132ed93668@group-0E0E7A647B6E: changes role from  FOLLOWER to CANDIDATE at term 0 for changeToCandidate
2019-10-21 04:44:25,824 [Thread-524] INFO  impl.RoleInfo (RoleInfo.java:updateAndGet(143)) - ed1fbd6a-10de-4385-9008-68132ed93668: start LeaderElection
2019-10-21 04:44:25,843 [ed1fbd6a-10de-4385-9008-68132ed93668@group-0E0E7A647B6E-LeaderElection14] INFO  impl.LeaderElection (LeaderElection.java:askForVotes(178)) - ed1fbd6a-10de-4385-9008-68132ed93668@group-0E0E7A647B6E-LeaderElection14: begin an election at term 1 for -1: [912560de-0342-4a13-bb2f-36ba08a0fad6:192.168.157.225:46735, 502aeec8-ce18-4ac7-b59c-9e4619f5fb30:192.168.157.225:34983, ed1fbd6a-10de-4385-9008-68132ed93668:192.168.157.225:41733], old=null
2019-10-21 04:44:25,859 [grpc-default-executor-1] INFO  impl.RaftServerImpl (RaftServerImpl.java:setRole(170)) - 502aeec8-ce18-4ac7-b59c-9e4619f5fb30@group-0E0E7A647B6E: changes role from  FOLLOWER to FOLLOWER at term 1 for recognizeCandidate:ed1fbd6a-10de-4385-9008-68132ed93668
2019-10-21 04:44:25,859 [grpc-default-executor-1] INFO  impl.RoleInfo (RoleInfo.java:shutdownFollowerState(121)) - 502aeec8-ce18-4ac7-b59c-9e4619f5fb30: shutdown FollowerState
2019-10-21 04:44:25,860 [Thread-523] INFO  impl.FollowerState (FollowerState.java:run(117)) - 502aeec8-ce18-4ac7-b59c-9e4619f5fb30@group-0E0E7A647B6E-FollowerState was interrupted: java.lang.InterruptedException: sleep interrupted
2019-10-21 04:44:25,860 [grpc-default-executor-1] INFO  impl.RoleInfo (RoleInfo.java:updateAndGet(143)) - 502aeec8-ce18-4ac7-b59c-9e4619f5fb30: start FollowerState
2019-10-21 04:44:25,862 [grpc-default-executor-2] INFO  impl.RaftServerImpl (RaftServerImpl.java:setRole(170)) - 912560de-0342-4a13-bb2f-36ba08a0fad6@group-0E0E7A647B6E: changes role from  FOLLOWER to FOLLOWER at term 1 for recognizeCandidate:ed1fbd6a-10de-4385-9008-68132ed93668
2019-10-21 04:44:25,862 [grpc-default-executor-2] INFO  impl.RoleInfo (RoleInfo.java:shutdownFollowerState(121)) - 912560de-0342-4a13-bb2f-36ba08a0fad6: shutdown FollowerState
2019-10-21 04:44:25,863 [Thread-522] INFO  impl.FollowerState (FollowerState.java:run(117)) - 912560de-0342-4a13-bb2f-36ba08a0fad6@group-0E0E7A647B6E-FollowerState was interrupted: java.lang.InterruptedException: sleep interrupted
2019-10-21 04:44:25,863 [grpc-default-executor-2] INFO  impl.RoleInfo (RoleInfo.java:updateAndGet(143)) - 912560de-0342-4a13-bb2f-36ba08a0fad6: start FollowerState
2019-10-21 04:44:25,878 [ed1fbd6a-10de-4385-9008-68132ed93668@group-0E0E7A647B6E-LeaderElection14] INFO  impl.LeaderElection (LeaderElection.java:logAndReturn(56)) - ed1fbd6a-10de-4385-9008-68132ed93668@group-0E0E7A647B6E-LeaderElection14: Election PASSED; received 1 response(s) [ed1fbd6a-10de-4385-9008-68132ed93668<-912560de-0342-4a13-bb2f-36ba08a0fad6#0:OK-t1] and 0 exception(s); ed1fbd6a-10de-4385-9008-68132ed93668@group-0E0E7A647B6E:t1, leader=null, voted=ed1fbd6a-10de-4385-9008-68132ed93668, raftlog=ed1fbd6a-10de-4385-9008-68132ed93668@group-0E0E7A647B6E-SegmentedRaftLog:OPENED:c-1,f-1,i0, conf=-1: [912560de-0342-4a13-bb2f-36ba08a0fad6:192.168.157.225:46735, 502aeec8-ce18-4ac7-b59c-9e4619f5fb30:192.168.157.225:34983, ed1fbd6a-10de-4385-9008-68132ed93668:192.168.157.225:41733], old=null
2019-10-21 04:44:25,878 [ed1fbd6a-10de-4385-9008-68132ed93668@group-0E0E7A647B6E-LeaderElection14] INFO  impl.RoleInfo (RoleInfo.java:shutdownLeaderElection(134)) - ed1fbd6a-10de-4385-9008-68132ed93668: shutdown LeaderElection
2019-10-21 04:44:25,880 [ed1fbd6a-10de-4385-9008-68132ed93668@group-0E0E7A647B6E-LeaderElection14] INFO  impl.RaftServerImpl (RaftServerImpl.java:setRole(170)) - ed1fbd6a-10de-4385-9008-68132ed93668@group-0E0E7A647B6E: changes role from CANDIDATE to LEADER at term 1 for changeToLeader
2019-10-21 04:44:25,880 [ed1fbd6a-10de-4385-9008-68132ed93668@group-0E0E7A647B6E-LeaderElection14] INFO  impl.RaftServerImpl (ServerState.java:setLeader(255)) - ed1fbd6a-10de-4385-9008-68132ed93668@group-0E0E7A647B6E: change Leader from null to ed1fbd6a-10de-4385-9008-68132ed93668 at term 1 for becomeLeader, leader elected after 5105ms
2019-10-21 04:44:25,880 [ed1fbd6a-10de-4385-9008-68132ed93668@group-0E0E7A647B6E-LeaderElection14] INFO  server.RaftServerConfigKeys (ConfUtils.java:logGet(43)) - raft.server.staging.catchup.gap = 1000 (default)
2019-10-21 04:44:25,880 [ed1fbd6a-10de-4385-9008-68132ed93668@group-0E0E7A647B6E-LeaderElection14] INFO  server.RaftServerConfigKeys (ConfUtils.java:logGet(43)) - raft.server.rpc.sleep.time = 25ms (default)
2019-10-21 04:44:25,881 [ed1fbd6a-10de-4385-9008-68132ed93668@group-0E0E7A647B6E-LeaderElection14] INFO  server.RaftServerConfigKeys (ConfUtils.java:logGet(43)) - raft.server.write.element-limit = 4096 (default)
2019-10-21 04:44:25,881 [ed1fbd6a-10de-4385-9008-68132ed93668@group-0E0E7A647B6E-LeaderElection14] INFO  server.RaftServerConfigKeys (ConfUtils.java:logGet(43)) - raft.server.watch.timeout = 10s (default)
2019-10-21 04:44:25,881 [ed1fbd6a-10de-4385-9008-68132ed93668@group-0E0E7A647B6E-LeaderElection14] INFO  server.RaftServerConfigKeys (ConfUtils.java:logGet(43)) - raft.server.watch.timeout.denomination = 1s (default)
2019-10-21 04:44:25,881 [ed1fbd6a-10de-4385-9008-68132ed93668@group-0E0E7A647B6E-LeaderElection14] INFO  server.RaftServerConfigKeys (ConfUtils.java:logGet(43)) - raft.server.watch.element-limit = 65536 (default)
2019-10-21 04:44:25,883 [ed1fbd6a-10de-4385-9008-68132ed93668@group-0E0E7A647B6E-LeaderElection14] INFO  server.RaftServerConfigKeys (ConfUtils.java:logGet(43)) - raft.server.log.appender.snapshot.chunk.size.max = 16MB (=16777216) (default)
2019-10-21 04:44:25,883 [ed1fbd6a-10de-4385-9008-68132ed93668@group-0E0E7A647B6E-LeaderElection14] INFO  server.RaftServerConfigKeys (ConfUtils.java:logGet(43)) - raft.server.log.appender.buffer.byte-limit = 33554432 (custom)
2019-10-21 04:44:25,883 [ed1fbd6a-10de-4385-9008-68132ed93668@group-0E0E7A647B6E-LeaderElection14] INFO  server.RaftServerConfigKeys (ConfUtils.java:logGet(43)) - raft.server.log.appender.buffer.element-limit = 1 (custom)
2019-10-21 04:44:25,883 [ed1fbd6a-10de-4385-9008-68132ed93668@group-0E0E7A647B6E-LeaderElection14] INFO  grpc.GrpcConfigKeys$Server (ConfUtils.java:logGet(43)) - raft.grpc.server.leader.outstanding.appends.max = 128 (default)
2019-10-21 04:44:25,883 [ed1fbd6a-10de-4385-9008-68132ed93668@group-0E0E7A647B6E-LeaderElection14] INFO  server.RaftServerConfigKeys (ConfUtils.java:logGet(43)) - raft.server.rpc.request.timeout = 3000ms (default)
2019-10-21 04:44:25,883 [ed1fbd6a-10de-4385-9008-68132ed93668@group-0E0E7A647B6E-LeaderElection14] INFO  server.RaftServerConfigKeys (ConfUtils.java:logGet(43)) - raft.server.log.appender.install.snapshot.enabled = false (custom)
2019-10-21 04:44:25,884 [ed1fbd6a-10de-4385-9008-68132ed93668@group-0E0E7A647B6E-LeaderElection14] INFO  server.RaftServerConfigKeys (ConfUtils.java:logGet(43)) - raft.server.log.appender.snapshot.chunk.size.max = 16MB (=16777216) (default)
2019-10-21 04:44:25,884 [ed1fbd6a-10de-4385-9008-68132ed93668@group-0E0E7A647B6E-LeaderElection14] INFO  server.RaftServerConfigKeys (ConfUtils.java:logGet(43)) - raft.server.log.appender.buffer.byte-limit = 33554432 (custom)
2019-10-21 04:44:25,884 [ed1fbd6a-10de-4385-9008-68132ed93668@group-0E0E7A647B6E-LeaderElection14] INFO  server.RaftServerConfigKeys (ConfUtils.java:logGet(43)) - raft.server.log.appender.buffer.element-limit = 1 (custom)
2019-10-21 04:44:25,884 [ed1fbd6a-10de-4385-9008-68132ed93668@group-0E0E7A647B6E-LeaderElection14] INFO  grpc.GrpcConfigKeys$Server (ConfUtils.java:logGet(43)) - raft.grpc.server.leader.outstanding.appends.max = 128 (default)
2019-10-21 04:44:25,884 [ed1fbd6a-10de-4385-9008-68132ed93668@group-0E0E7A647B6E-LeaderElection14] INFO  server.RaftServerConfigKeys (ConfUtils.java:logGet(43)) - raft.server.rpc.request.timeout = 3000ms (default)
2019-10-21 04:44:25,884 [ed1fbd6a-10de-4385-9008-68132ed93668@group-0E0E7A647B6E-LeaderElection14] INFO  server.RaftServerConfigKeys (ConfUtils.java:logGet(43)) - raft.server.log.appender.install.snapshot.enabled = false (custom)
2019-10-21 04:44:25,884 [ed1fbd6a-10de-4385-9008-68132ed93668@group-0E0E7A647B6E-LeaderElection14] INFO  impl.RoleInfo (RoleInfo.java:updateAndGet(143)) - ed1fbd6a-10de-4385-9008-68132ed93668: start LeaderState
2019-10-21 04:44:25,885 [ed1fbd6a-10de-4385-9008-68132ed93668@group-0E0E7A647B6E-LeaderElection14] INFO  segmented.SegmentedRaftLogWorker (SegmentedRaftLogWorker.java:startLogSegment(385)) - ed1fbd6a-10de-4385-9008-68132ed93668@group-0E0E7A647B6E-SegmentedRaftLogWorker: Starting segment from index:0
2019-10-21 04:44:25,885 [ed1fbd6a-10de-4385-9008-68132ed93668@group-0E0E7A647B6E-LeaderElection14] INFO  impl.RaftServerImpl (ServerState.java:setRaftConf(356)) - ed1fbd6a-10de-4385-9008-68132ed93668@group-0E0E7A647B6E: set configuration 0: [912560de-0342-4a13-bb2f-36ba08a0fad6:192.168.157.225:46735, 502aeec8-ce18-4ac7-b59c-9e4619f5fb30:192.168.157.225:34983, ed1fbd6a-10de-4385-9008-68132ed93668:192.168.157.225:41733], old=null at 0
2019-10-21 04:44:25,893 [grpc-default-executor-1] INFO  impl.RaftServerImpl (ServerState.java:setLeader(255)) - 502aeec8-ce18-4ac7-b59c-9e4619f5fb30@group-0E0E7A647B6E: change Leader from null to ed1fbd6a-10de-4385-9008-68132ed93668 at term 1 for appendEntries, leader elected after 5118ms
2019-10-21 04:44:25,934 [grpc-default-executor-2] INFO  impl.RaftServerImpl (ServerState.java:setLeader(255)) - 912560de-0342-4a13-bb2f-36ba08a0fad6@group-0E0E7A647B6E: change Leader from null to ed1fbd6a-10de-4385-9008-68132ed93668 at term 1 for appendEntries, leader elected after 5160ms
2019-10-21 04:44:25,938 [ed1fbd6a-10de-4385-9008-68132ed93668@group-0E0E7A647B6E-SegmentedRaftLogWorker] INFO  segmented.SegmentedRaftLogWorker (SegmentedRaftLogWorker.java:execute(574)) - ed1fbd6a-10de-4385-9008-68132ed93668@group-0E0E7A647B6E-SegmentedRaftLogWorker: created new log segment /workdir/hadoop-ozone/integration-test/target/test-dir/MiniOzoneClusterImpl-d393734c-ee65-42a5-ae62-3efe750dda5e/datanode-1/data/ratis/109a2ac7-66c2-4982-9c80-0e0e7a647b6e/current/log_inprogress_0
2019-10-21 04:44:25,946 [grpc-default-executor-2] INFO  impl.RaftServerImpl (ServerState.java:setRaftConf(356)) - 502aeec8-ce18-4ac7-b59c-9e4619f5fb30@group-0E0E7A647B6E: set configuration 0: [912560de-0342-4a13-bb2f-36ba08a0fad6:192.168.157.225:46735, 502aeec8-ce18-4ac7-b59c-9e4619f5fb30:192.168.157.225:34983, ed1fbd6a-10de-4385-9008-68132ed93668:192.168.157.225:41733], old=null at 0
2019-10-21 04:44:25,946 [grpc-default-executor-2] INFO  segmented.SegmentedRaftLogWorker (SegmentedRaftLogWorker.java:startLogSegment(385)) - 502aeec8-ce18-4ac7-b59c-9e4619f5fb30@group-0E0E7A647B6E-SegmentedRaftLogWorker: Starting segment from index:0
2019-10-21 04:44:25,961 [grpc-default-executor-2] INFO  impl.RaftServerImpl (ServerState.java:setRaftConf(356)) - 912560de-0342-4a13-bb2f-36ba08a0fad6@group-0E0E7A647B6E: set configuration 0: [912560de-0342-4a13-bb2f-36ba08a0fad6:192.168.157.225:46735, 502aeec8-ce18-4ac7-b59c-9e4619f5fb30:192.168.157.225:34983, ed1fbd6a-10de-4385-9008-68132ed93668:192.168.157.225:41733], old=null at 0
2019-10-21 04:44:25,961 [grpc-default-executor-2] INFO  segmented.SegmentedRaftLogWorker (SegmentedRaftLogWorker.java:startLogSegment(385)) - 912560de-0342-4a13-bb2f-36ba08a0fad6@group-0E0E7A647B6E-SegmentedRaftLogWorker: Starting segment from index:0
2019-10-21 04:44:26,003 [912560de-0342-4a13-bb2f-36ba08a0fad6@group-0E0E7A647B6E-SegmentedRaftLogWorker] INFO  segmented.SegmentedRaftLogWorker (SegmentedRaftLogWorker.java:execute(574)) - 912560de-0342-4a13-bb2f-36ba08a0fad6@group-0E0E7A647B6E-SegmentedRaftLogWorker: created new log segment /workdir/hadoop-ozone/integration-test/target/test-dir/MiniOzoneClusterImpl-d393734c-ee65-42a5-ae62-3efe750dda5e/datanode-2/data/ratis/109a2ac7-66c2-4982-9c80-0e0e7a647b6e/current/log_inprogress_0
2019-10-21 04:44:26,003 [502aeec8-ce18-4ac7-b59c-9e4619f5fb30@group-0E0E7A647B6E-SegmentedRaftLogWorker] INFO  segmented.SegmentedRaftLogWorker (SegmentedRaftLogWorker.java:execute(574)) - 502aeec8-ce18-4ac7-b59c-9e4619f5fb30@group-0E0E7A647B6E-SegmentedRaftLogWorker: created new log segment /workdir/hadoop-ozone/integration-test/target/test-dir/MiniOzoneClusterImpl-d393734c-ee65-42a5-ae62-3efe750dda5e/datanode-0/data/ratis/109a2ac7-66c2-4982-9c80-0e0e7a647b6e/current/log_inprogress_0
2019-10-21 04:44:26,316 [Thread-337] INFO  ozoneimpl.OzoneContainer (OzoneContainer.java:stop(227)) - Attempting to stop container services.
2019-10-21 04:44:26,316 [Thread-337] INFO  impl.RaftServerProxy (RaftServerProxy.java:lambda$close$4(314)) - 502aeec8-ce18-4ac7-b59c-9e4619f5fb30: close
2019-10-21 04:44:26,317 [Thread-337] INFO  impl.RaftServerImpl (RaftServerImpl.java:lambda$shutdown$3(247)) - 502aeec8-ce18-4ac7-b59c-9e4619f5fb30@group-0E0E7A647B6E: shutdown
2019-10-21 04:44:26,317 [Thread-337] INFO  util.JmxRegister (JmxRegister.java:unregister(73)) - Successfully un-registered JMX Bean with object name Ratis:service=RaftServer,group=group-0E0E7A647B6E,id=502aeec8-ce18-4ac7-b59c-9e4619f5fb30
2019-10-21 04:44:26,317 [Thread-337] INFO  impl.RoleInfo (RoleInfo.java:shutdownFollowerState(121)) - 502aeec8-ce18-4ac7-b59c-9e4619f5fb30: shutdown FollowerState
2019-10-21 04:44:26,317 [Thread-337] INFO  impl.StateMachineUpdater (StateMachineUpdater.java:stopAndJoin(136)) - 502aeec8-ce18-4ac7-b59c-9e4619f5fb30@group-0E0E7A647B6E-StateMachineUpdater: set stopIndex = -1
2019-10-21 04:44:26,317 [Thread-538] INFO  impl.FollowerState (FollowerState.java:run(117)) - 502aeec8-ce18-4ac7-b59c-9e4619f5fb30@group-0E0E7A647B6E-FollowerState was interrupted: java.lang.InterruptedException: sleep interrupted
2019-10-21 04:44:26,319 [Thread-337] INFO  impl.RaftServerImpl (ServerState.java:close(387)) - 502aeec8-ce18-4ac7-b59c-9e4619f5fb30@group-0E0E7A647B6E: closes. applyIndex: -1
2019-10-21 04:44:26,320 [502aeec8-ce18-4ac7-b59c-9e4619f5fb30@group-0E0E7A647B6E-SegmentedRaftLogWorker] INFO  segmented.SegmentedRaftLogWorker (SegmentedRaftLogWorker.java:run(316)) - 502aeec8-ce18-4ac7-b59c-9e4619f5fb30@group-0E0E7A647B6E-SegmentedRaftLogWorker was interrupted, exiting. There are 0 tasks remaining in the queue.
2019-10-21 04:44:26,321 [Thread-337] INFO  segmented.SegmentedRaftLogWorker (SegmentedRaftLogWorker.java:close(224)) - 502aeec8-ce18-4ac7-b59c-9e4619f5fb30@group-0E0E7A647B6E-SegmentedRaftLogWorker close()
2019-10-21 04:44:26,322 [Thread-337] INFO  impl.RaftServerImpl (RaftServerImpl.java:lambda$shutdown$3(247)) - 502aeec8-ce18-4ac7-b59c-9e4619f5fb30@group-1D7E7E227EF7: shutdown
2019-10-21 04:44:26,322 [Thread-337] INFO  util.JmxRegister (JmxRegister.java:unregister(73)) - Successfully un-registered JMX Bean with object name Ratis:service=RaftServer,group=group-1D7E7E227EF7,id=502aeec8-ce18-4ac7-b59c-9e4619f5fb30
2019-10-21 04:44:26,322 [Thread-337] INFO  impl.RoleInfo (RoleInfo.java:shutdownLeaderState(104)) - 502aeec8-ce18-4ac7-b59c-9e4619f5fb30: shutdown LeaderState
2019-10-21 04:44:26,322 [Thread-337] INFO  impl.PendingRequests (PendingRequests.java:sendNotLeaderResponses(202)) - 502aeec8-ce18-4ac7-b59c-9e4619f5fb30@group-1D7E7E227EF7-PendingRequests: sendNotLeaderResponses
2019-10-21 04:44:26,323 [Thread-337] INFO  impl.StateMachineUpdater (StateMachineUpdater.java:stopAndJoin(136)) - 502aeec8-ce18-4ac7-b59c-9e4619f5fb30@group-1D7E7E227EF7-StateMachineUpdater: set stopIndex = 0
2019-10-21 04:44:26,324 [Thread-337] INFO  impl.RaftServerImpl (ServerState.java:close(387)) - 502aeec8-ce18-4ac7-b59c-9e4619f5fb30@group-1D7E7E227EF7: closes. applyIndex: 0
2019-10-21 04:44:26,324 [502aeec8-ce18-4ac7-b59c-9e4619f5fb30@group-1D7E7E227EF7-SegmentedRaftLogWorker] INFO  segmented.SegmentedRaftLogWorker (SegmentedRaftLogWorker.java:run(316)) - 502aeec8-ce18-4ac7-b59c-9e4619f5fb30@group-1D7E7E227EF7-SegmentedRaftLogWorker was interrupted, exiting. There are 0 tasks remaining in the queue.
2019-10-21 04:44:26,325 [Thread-337] INFO  segmented.SegmentedRaftLogWorker (SegmentedRaftLogWorker.java:close(224)) - 502aeec8-ce18-4ac7-b59c-9e4619f5fb30@group-1D7E7E227EF7-SegmentedRaftLogWorker close()
2019-10-21 04:44:26,328 [Thread-337] INFO  server.GrpcService (GrpcService.java:closeImpl(164)) - 502aeec8-ce18-4ac7-b59c-9e4619f5fb30: shutdown server with port 34983 now
2019-10-21 04:44:26,332 [grpc-default-executor-1] WARN  server.GrpcServerProtocolService (LogUtils.java:warn(134)) - 502aeec8-ce18-4ac7-b59c-9e4619f5fb30: installSnapshot onError, lastRequest: ed1fbd6a-10de-4385-9008-68132ed93668->502aeec8-ce18-4ac7-b59c-9e4619f5fb30#1-t1, previous=(t:0, i:0), leaderCommit=-1, initializing? false, entries: size=1, first=(t:1, i:0), CONFIGURATIONENTRY: org.apache.ratis.thirdparty.io.grpc.StatusRuntimeException: CANCELLED: cancelled before receiving half close
2019-10-21 04:44:26,333 [Thread-337] INFO  server.GrpcService (GrpcService.java:closeImpl(172)) - 502aeec8-ce18-4ac7-b59c-9e4619f5fb30: shutdown server with port 34983 successfully
2019-10-21 04:44:26,336 [grpc-default-executor-2] WARN  server.GrpcLogAppender (LogUtils.java:warn(134)) - ed1fbd6a-10de-4385-9008-68132ed93668@group-0E0E7A647B6E->502aeec8-ce18-4ac7-b59c-9e4619f5fb30-AppendLogResponseHandler: Failed appendEntries: org.apache.ratis.thirdparty.io.grpc.StatusRuntimeException: CANCELLED: HTTP/2 error code: CANCEL
Received Rst Stream
2019-10-21 04:44:26,337 [grpc-default-executor-2] INFO  impl.FollowerInfo (FollowerInfo.java:lambda$new$0(51)) - ed1fbd6a-10de-4385-9008-68132ed93668@group-0E0E7A647B6E->502aeec8-ce18-4ac7-b59c-9e4619f5fb30: nextIndex: updateUnconditionally 1 -> 0
2019-10-21 04:44:26,338 [refreshUsed-/workdir/hadoop-ozone/integration-test/target/test-dir/MiniOzoneClusterImpl-d393734c-ee65-42a5-ae62-3efe750dda5e/datanode-0/data/containers] WARN  fs.CachingGetSpaceUsed (CachingGetSpaceUsed.java:run(183)) - Thread Interrupted waiting to refresh disk information: sleep interrupted
2019-10-21 04:44:26,352 [Thread-337] INFO  utils.BackgroundService (BackgroundService.java:shutdown(151)) - Shutting down service BlockDeletingService
2019-10-21 04:44:26,355 [Thread-337] INFO  statemachine.DatanodeStateMachine (DatanodeStateMachine.java:stopDaemon(395)) - Ozone container server stopped.
2019-10-21 04:44:26,386 [Thread-337] INFO  handler.ContextHandler (ContextHandler.java:doStop(910)) - Stopped o.e.j.w.WebAppContext@79dd6f93{/,null,UNAVAILABLE}{/hddsDatanode}
2019-10-21 04:44:26,387 [Thread-337] INFO  server.AbstractConnector (AbstractConnector.java:doStop(318)) - Stopped ServerConnector@14766b97{HTTP/1.1,[http/1.1]}{0.0.0.0:0}
2019-10-21 04:44:26,387 [Thread-337] INFO  handler.ContextHandler (ContextHandler.java:doStop(910)) - Stopped o.e.j.s.ServletContextHandler@55b19af{/static,jar:file:/home/user/.m2/repository/org/apache/hadoop/hadoop-hdds-container-service/0.5.0-SNAPSHOT/hadoop-hdds-container-service-0.5.0-SNAPSHOT.jar!/webapps/static,UNAVAILABLE}
2019-10-21 04:44:26,388 [Thread-337] INFO  handler.ContextHandler (ContextHandler.java:doStop(910)) - Stopped o.e.j.s.ServletContextHandler@3ce970c9{/logs,file:///workdir/hadoop-ozone/integration-test/target/log,UNAVAILABLE}
2019-10-21 04:44:26,457 [EventQueue-StaleNodeForStaleNodeHandler] INFO  node.StaleNodeHandler (StaleNodeHandler.java:onMessage(58)) - Datanode 502aeec8-ce18-4ac7-b59c-9e4619f5fb30{ip: 192.168.157.225, host: pr-hdds-1569-2q4s4-1508879248, networkLocation: /default-rack, certSerialId: null} moved to stale state. Finalizing its pipelines [PipelineID=109a2ac7-66c2-4982-9c80-0e0e7a647b6e, PipelineID=71a542d7-5f7f-44d7-baba-1d7e7e227ef7]
2019-10-21 04:44:26,458 [EventQueue-StaleNodeForStaleNodeHandler] INFO  pipeline.SCMPipelineManager (SCMPipelineManager.java:finalizeAndDestroyPipeline(354)) - destroying pipeline:Pipeline[ Id: 109a2ac7-66c2-4982-9c80-0e0e7a647b6e, Nodes: 502aeec8-ce18-4ac7-b59c-9e4619f5fb30{ip: 192.168.157.225, host: pr-hdds-1569-2q4s4-1508879248, networkLocation: /default-rack, certSerialId: null}ed1fbd6a-10de-4385-9008-68132ed93668{ip: 192.168.157.225, host: pr-hdds-1569-2q4s4-1508879248, networkLocation: /default-rack, certSerialId: null}912560de-0342-4a13-bb2f-36ba08a0fad6{ip: 192.168.157.225, host: pr-hdds-1569-2q4s4-1508879248, networkLocation: /default-rack, certSerialId: null}, Type:RATIS, Factor:THREE, State:OPEN]
2019-10-21 04:44:26,458 [EventQueue-StaleNodeForStaleNodeHandler] INFO  pipeline.PipelineStateManager (PipelineStateManager.java:finalizePipeline(123)) - Pipeline Pipeline[ Id: 109a2ac7-66c2-4982-9c80-0e0e7a647b6e, Nodes: 502aeec8-ce18-4ac7-b59c-9e4619f5fb30{ip: 192.168.157.225, host: pr-hdds-1569-2q4s4-1508879248, networkLocation: /default-rack, certSerialId: null}ed1fbd6a-10de-4385-9008-68132ed93668{ip: 192.168.157.225, host: pr-hdds-1569-2q4s4-1508879248, networkLocation: /default-rack, certSerialId: null}912560de-0342-4a13-bb2f-36ba08a0fad6{ip: 192.168.157.225, host: pr-hdds-1569-2q4s4-1508879248, networkLocation: /default-rack, certSerialId: null}, Type:RATIS, Factor:THREE, State:CLOSED] moved to CLOSED state
2019-10-21 04:44:26,459 [EventQueue-StaleNodeForStaleNodeHandler] INFO  pipeline.SCMPipelineManager (SCMPipelineManager.java:finalizeAndDestroyPipeline(354)) - destroying pipeline:Pipeline[ Id: 71a542d7-5f7f-44d7-baba-1d7e7e227ef7, Nodes: 502aeec8-ce18-4ac7-b59c-9e4619f5fb30{ip: 192.168.157.225, host: pr-hdds-1569-2q4s4-1508879248, networkLocation: /default-rack, certSerialId: null}, Type:RATIS, Factor:ONE, State:OPEN]
2019-10-21 04:44:26,459 [EventQueue-StaleNodeForStaleNodeHandler] INFO  pipeline.PipelineStateManager (PipelineStateManager.java:finalizePipeline(123)) - Pipeline Pipeline[ Id: 71a542d7-5f7f-44d7-baba-1d7e7e227ef7, Nodes: 502aeec8-ce18-4ac7-b59c-9e4619f5fb30{ip: 192.168.157.225, host: pr-hdds-1569-2q4s4-1508879248, networkLocation: /default-rack, certSerialId: null}, Type:RATIS, Factor:ONE, State:CLOSED] moved to CLOSED state
2019-10-21 04:44:28,217 [Datanode State Machine Thread - 0] INFO  statemachine.DatanodeStateMachine (DatanodeStateMachine.java:lambda$startDaemon$0(350)) - Ozone container server started.
2019-10-21 04:44:28,545 [grpc-default-executor-0] WARN  server.GrpcLogAppender (LogUtils.java:warn(134)) - ed1fbd6a-10de-4385-9008-68132ed93668@group-0E0E7A647B6E->502aeec8-ce18-4ac7-b59c-9e4619f5fb30-AppendLogResponseHandler: Failed appendEntries: org.apache.ratis.thirdparty.io.grpc.StatusRuntimeException: UNAVAILABLE: io exception
2019-10-21 04:44:28,547 [grpc-default-executor-0] INFO  impl.FollowerInfo (FollowerInfo.java:lambda$new$0(51)) - ed1fbd6a-10de-4385-9008-68132ed93668@group-0E0E7A647B6E->502aeec8-ce18-4ac7-b59c-9e4619f5fb30: nextIndex: updateUnconditionally 0 -> 0
2019-10-21 04:44:31,053 [grpc-default-executor-1] WARN  server.GrpcLogAppender (LogUtils.java:warn(134)) - ed1fbd6a-10de-4385-9008-68132ed93668@group-0E0E7A647B6E->502aeec8-ce18-4ac7-b59c-9e4619f5fb30-AppendLogResponseHandler: Failed appendEntries: org.apache.ratis.thirdparty.io.grpc.StatusRuntimeException: UNAVAILABLE: io exception
2019-10-21 04:44:31,055 [grpc-default-executor-1] INFO  impl.FollowerInfo (FollowerInfo.java:lambda$new$0(51)) - ed1fbd6a-10de-4385-9008-68132ed93668@group-0E0E7A647B6E->502aeec8-ce18-4ac7-b59c-9e4619f5fb30: nextIndex: updateUnconditionally 0 -> 0
2019-10-21 04:44:31,390 [Thread-337] INFO  ozoneimpl.OzoneContainer (OzoneContainer.java:stop(227)) - Attempting to stop container services.
2019-10-21 04:44:31,390 [Thread-337] INFO  impl.RaftServerProxy (RaftServerProxy.java:lambda$close$4(314)) - ed1fbd6a-10de-4385-9008-68132ed93668: close
2019-10-21 04:44:31,390 [Thread-337] INFO  impl.RaftServerImpl (RaftServerImpl.java:lambda$shutdown$3(247)) - ed1fbd6a-10de-4385-9008-68132ed93668@group-0E0E7A647B6E: shutdown
2019-10-21 04:44:31,391 [Thread-337] INFO  util.JmxRegister (JmxRegister.java:unregister(73)) - Successfully un-registered JMX Bean with object name Ratis:service=RaftServer,group=group-0E0E7A647B6E,id=ed1fbd6a-10de-4385-9008-68132ed93668
2019-10-21 04:44:31,391 [Thread-337] INFO  impl.RoleInfo (RoleInfo.java:shutdownLeaderState(104)) - ed1fbd6a-10de-4385-9008-68132ed93668: shutdown LeaderState
2019-10-21 04:44:31,392 [org.apache.ratis.server.impl.LogAppender$AppenderDaemon$$Lambda$406/308945956@404151b6] WARN  server.GrpcLogAppender (GrpcLogAppender.java:mayWait(143)) - ed1fbd6a-10de-4385-9008-68132ed93668@group-0E0E7A647B6E->912560de-0342-4a13-bb2f-36ba08a0fad6-GrpcLogAppender: Wait interrupted by java.lang.InterruptedException
2019-10-21 04:44:31,393 [org.apache.ratis.server.impl.LogAppender$AppenderDaemon$$Lambda$406/308945956@12082640] WARN  server.GrpcLogAppender (GrpcLogAppender.java:mayWait(143)) - ed1fbd6a-10de-4385-9008-68132ed93668@group-0E0E7A647B6E->502aeec8-ce18-4ac7-b59c-9e4619f5fb30-GrpcLogAppender: Wait interrupted by java.lang.InterruptedException
2019-10-21 04:44:31,393 [Thread-337] INFO  impl.PendingRequests (PendingRequests.java:sendNotLeaderResponses(202)) - ed1fbd6a-10de-4385-9008-68132ed93668@group-0E0E7A647B6E-PendingRequests: sendNotLeaderResponses
2019-10-21 04:44:31,393 [Thread-337] INFO  impl.StateMachineUpdater (StateMachineUpdater.java:stopAndJoin(136)) - ed1fbd6a-10de-4385-9008-68132ed93668@group-0E0E7A647B6E-StateMachineUpdater: set stopIndex = 0
2019-10-21 04:44:31,394 [Thread-337] INFO  impl.RaftServerImpl (ServerState.java:close(387)) - ed1fbd6a-10de-4385-9008-68132ed93668@group-0E0E7A647B6E: closes. applyIndex: 0
2019-10-21 04:44:31,395 [grpc-default-executor-0] INFO  server.GrpcServerProtocolService (GrpcServerProtocolService.java:onCompleted(113)) - 912560de-0342-4a13-bb2f-36ba08a0fad6: Completed APPEND_ENTRIES, lastRequest: ed1fbd6a-10de-4385-9008-68132ed93668->912560de-0342-4a13-bb2f-36ba08a0fad6#3-t1, previous=(t:1, i:0), leaderCommit=0, initializing? false, entries: <empty>
2019-10-21 04:44:31,395 [ed1fbd6a-10de-4385-9008-68132ed93668@group-0E0E7A647B6E-SegmentedRaftLogWorker] INFO  segmented.SegmentedRaftLogWorker (SegmentedRaftLogWorker.java:run(316)) - ed1fbd6a-10de-4385-9008-68132ed93668@group-0E0E7A647B6E-SegmentedRaftLogWorker was interrupted, exiting. There are 0 tasks remaining in the queue.
2019-10-21 04:44:31,396 [Thread-337] INFO  segmented.SegmentedRaftLogWorker (SegmentedRaftLogWorker.java:close(224)) - ed1fbd6a-10de-4385-9008-68132ed93668@group-0E0E7A647B6E-SegmentedRaftLogWorker close()
2019-10-21 04:44:31,396 [grpc-default-executor-1] INFO  server.GrpcLogAppender (GrpcLogAppender.java:onCompleted(293)) - ed1fbd6a-10de-4385-9008-68132ed93668@group-0E0E7A647B6E->912560de-0342-4a13-bb2f-36ba08a0fad6-AppendLogResponseHandler: follower responses appendEntries COMPLETED
2019-10-21 04:44:31,397 [Thread-337] INFO  impl.RaftServerImpl (RaftServerImpl.java:lambda$shutdown$3(247)) - ed1fbd6a-10de-4385-9008-68132ed93668@group-E8318AA04F9A: shutdown
2019-10-21 04:44:31,397 [Thread-337] INFO  util.JmxRegister (JmxRegister.java:unregister(73)) - Successfully un-registered JMX Bean with object name Ratis:service=RaftServer,group=group-E8318AA04F9A,id=ed1fbd6a-10de-4385-9008-68132ed93668
2019-10-21 04:44:31,398 [grpc-default-executor-1] INFO  impl.FollowerInfo (FollowerInfo.java:lambda$new$0(51)) - ed1fbd6a-10de-4385-9008-68132ed93668@group-0E0E7A647B6E->912560de-0342-4a13-bb2f-36ba08a0fad6: nextIndex: updateUnconditionally 1 -> 0
2019-10-21 04:44:31,398 [Thread-337] INFO  impl.RoleInfo (RoleInfo.java:shutdownLeaderState(104)) - ed1fbd6a-10de-4385-9008-68132ed93668: shutdown LeaderState
2019-10-21 04:44:31,398 [Thread-337] INFO  impl.PendingRequests (PendingRequests.java:sendNotLeaderResponses(202)) - ed1fbd6a-10de-4385-9008-68132ed93668@group-E8318AA04F9A-PendingRequests: sendNotLeaderResponses
2019-10-21 04:44:31,398 [Thread-337] INFO  impl.StateMachineUpdater (StateMachineUpdater.java:stopAndJoin(136)) - ed1fbd6a-10de-4385-9008-68132ed93668@group-E8318AA04F9A-StateMachineUpdater: set stopIndex = 0
2019-10-21 04:44:31,399 [Thread-337] INFO  impl.RaftServerImpl (ServerState.java:close(387)) - ed1fbd6a-10de-4385-9008-68132ed93668@group-E8318AA04F9A: closes. applyIndex: 0
2019-10-21 04:44:31,400 [ed1fbd6a-10de-4385-9008-68132ed93668@group-E8318AA04F9A-SegmentedRaftLogWorker] INFO  segmented.SegmentedRaftLogWorker (SegmentedRaftLogWorker.java:run(316)) - ed1fbd6a-10de-4385-9008-68132ed93668@group-E8318AA04F9A-SegmentedRaftLogWorker was interrupted, exiting. There are 0 tasks remaining in the queue.
2019-10-21 04:44:31,400 [Thread-337] INFO  segmented.SegmentedRaftLogWorker (SegmentedRaftLogWorker.java:close(224)) - ed1fbd6a-10de-4385-9008-68132ed93668@group-E8318AA04F9A-SegmentedRaftLogWorker close()
2019-10-21 04:44:31,401 [Thread-337] INFO  server.GrpcService (GrpcService.java:closeImpl(164)) - ed1fbd6a-10de-4385-9008-68132ed93668: shutdown server with port 41733 now
2019-10-21 04:44:31,401 [Thread-337] INFO  server.GrpcService (GrpcService.java:closeImpl(172)) - ed1fbd6a-10de-4385-9008-68132ed93668: shutdown server with port 41733 successfully
2019-10-21 04:44:31,406 [refreshUsed-/workdir/hadoop-ozone/integration-test/target/test-dir/MiniOzoneClusterImpl-d393734c-ee65-42a5-ae62-3efe750dda5e/datanode-1/data/containers] WARN  fs.CachingGetSpaceUsed (CachingGetSpaceUsed.java:run(183)) - Thread Interrupted waiting to refresh disk information: sleep interrupted
2019-10-21 04:44:31,416 [Thread-337] INFO  utils.BackgroundService (BackgroundService.java:shutdown(151)) - Shutting down service BlockDeletingService
2019-10-21 04:44:31,418 [Thread-337] INFO  statemachine.DatanodeStateMachine (DatanodeStateMachine.java:stopDaemon(395)) - Ozone container server stopped.
2019-10-21 04:44:31,419 [Thread-337] INFO  handler.ContextHandler (ContextHandler.java:doStop(910)) - Stopped o.e.j.w.WebAppContext@4e96ada4{/,null,UNAVAILABLE}{/hddsDatanode}
2019-10-21 04:44:31,420 [Thread-337] INFO  server.AbstractConnector (AbstractConnector.java:doStop(318)) - Stopped ServerConnector@5f4792f4{HTTP/1.1,[http/1.1]}{0.0.0.0:0}
2019-10-21 04:44:31,422 [Thread-337] INFO  handler.ContextHandler (ContextHandler.java:doStop(910)) - Stopped o.e.j.s.ServletContextHandler@62474e00{/static,jar:file:/home/user/.m2/repository/org/apache/hadoop/hadoop-hdds-container-service/0.5.0-SNAPSHOT/hadoop-hdds-container-service-0.5.0-SNAPSHOT.jar!/webapps/static,UNAVAILABLE}
2019-10-21 04:44:31,422 [Thread-337] INFO  handler.ContextHandler (ContextHandler.java:doStop(910)) - Stopped o.e.j.s.ServletContextHandler@60fe5a61{/logs,file:///workdir/hadoop-ozone/integration-test/target/log,UNAVAILABLE}
2019-10-21 04:44:32,316 [Datanode State Machine Thread - 0] INFO  statemachine.DatanodeStateMachine (DatanodeStateMachine.java:lambda$startDaemon$0(350)) - Ozone container server started.
2019-10-21 04:44:32,461 [EventQueue-StaleNodeForStaleNodeHandler] INFO  node.StaleNodeHandler (StaleNodeHandler.java:onMessage(58)) - Datanode ed1fbd6a-10de-4385-9008-68132ed93668{ip: 192.168.157.225, host: pr-hdds-1569-2q4s4-1508879248, networkLocation: /default-rack, certSerialId: null} moved to stale state. Finalizing its pipelines [PipelineID=109a2ac7-66c2-4982-9c80-0e0e7a647b6e, PipelineID=0de816fb-0128-4969-9d32-e8318aa04f9a]
2019-10-21 04:44:32,461 [EventQueue-StaleNodeForStaleNodeHandler] INFO  pipeline.SCMPipelineManager (SCMPipelineManager.java:finalizeAndDestroyPipeline(354)) - destroying pipeline:Pipeline[ Id: 109a2ac7-66c2-4982-9c80-0e0e7a647b6e, Nodes: 502aeec8-ce18-4ac7-b59c-9e4619f5fb30{ip: 192.168.157.225, host: pr-hdds-1569-2q4s4-1508879248, networkLocation: /default-rack, certSerialId: null}ed1fbd6a-10de-4385-9008-68132ed93668{ip: 192.168.157.225, host: pr-hdds-1569-2q4s4-1508879248, networkLocation: /default-rack, certSerialId: null}912560de-0342-4a13-bb2f-36ba08a0fad6{ip: 192.168.157.225, host: pr-hdds-1569-2q4s4-1508879248, networkLocation: /default-rack, certSerialId: null}, Type:RATIS, Factor:THREE, State:CLOSED]
2019-10-21 04:44:32,462 [EventQueue-StaleNodeForStaleNodeHandler] INFO  pipeline.SCMPipelineManager (SCMPipelineManager.java:finalizeAndDestroyPipeline(354)) - destroying pipeline:Pipeline[ Id: 0de816fb-0128-4969-9d32-e8318aa04f9a, Nodes: ed1fbd6a-10de-4385-9008-68132ed93668{ip: 192.168.157.225, host: pr-hdds-1569-2q4s4-1508879248, networkLocation: /default-rack, certSerialId: null}, Type:RATIS, Factor:ONE, State:OPEN]
2019-10-21 04:44:32,462 [EventQueue-StaleNodeForStaleNodeHandler] INFO  pipeline.PipelineStateManager (PipelineStateManager.java:finalizePipeline(123)) - Pipeline Pipeline[ Id: 0de816fb-0128-4969-9d32-e8318aa04f9a, Nodes: ed1fbd6a-10de-4385-9008-68132ed93668{ip: 192.168.157.225, host: pr-hdds-1569-2q4s4-1508879248, networkLocation: /default-rack, certSerialId: null}, Type:RATIS, Factor:ONE, State:CLOSED] moved to CLOSED state
2019-10-21 04:44:36,423 [Thread-337] INFO  ozoneimpl.OzoneContainer (OzoneContainer.java:stop(227)) - Attempting to stop container services.
2019-10-21 04:44:36,425 [Thread-337] INFO  impl.RaftServerProxy (RaftServerProxy.java:lambda$close$4(314)) - 912560de-0342-4a13-bb2f-36ba08a0fad6: close
2019-10-21 04:44:36,426 [Thread-337] INFO  impl.RaftServerImpl (RaftServerImpl.java:lambda$shutdown$3(247)) - 912560de-0342-4a13-bb2f-36ba08a0fad6@group-0E0E7A647B6E: shutdown
2019-10-21 04:44:36,427 [Thread-337] INFO  util.JmxRegister (JmxRegister.java:unregister(73)) - Successfully un-registered JMX Bean with object name Ratis:service=RaftServer,group=group-0E0E7A647B6E,id=912560de-0342-4a13-bb2f-36ba08a0fad6
2019-10-21 04:44:36,427 [Thread-337] INFO  impl.RoleInfo (RoleInfo.java:shutdownFollowerState(121)) - 912560de-0342-4a13-bb2f-36ba08a0fad6: shutdown FollowerState
2019-10-21 04:44:36,427 [Thread-539] INFO  impl.FollowerState (FollowerState.java:run(117)) - 912560de-0342-4a13-bb2f-36ba08a0fad6@group-0E0E7A647B6E-FollowerState was interrupted: java.lang.InterruptedException: sleep interrupted
2019-10-21 04:44:36,428 [Thread-337] INFO  impl.StateMachineUpdater (StateMachineUpdater.java:stopAndJoin(136)) - 912560de-0342-4a13-bb2f-36ba08a0fad6@group-0E0E7A647B6E-StateMachineUpdater: set stopIndex = 0
2019-10-21 04:44:36,430 [Thread-337] INFO  impl.RaftServerImpl (ServerState.java:close(387)) - 912560de-0342-4a13-bb2f-36ba08a0fad6@group-0E0E7A647B6E: closes. applyIndex: 0
2019-10-21 04:44:36,430 [912560de-0342-4a13-bb2f-36ba08a0fad6@group-0E0E7A647B6E-SegmentedRaftLogWorker] INFO  segmented.SegmentedRaftLogWorker (SegmentedRaftLogWorker.java:run(316)) - 912560de-0342-4a13-bb2f-36ba08a0fad6@group-0E0E7A647B6E-SegmentedRaftLogWorker was interrupted, exiting. There are 0 tasks remaining in the queue.
2019-10-21 04:44:36,431 [Thread-337] INFO  segmented.SegmentedRaftLogWorker (SegmentedRaftLogWorker.java:close(224)) - 912560de-0342-4a13-bb2f-36ba08a0fad6@group-0E0E7A647B6E-SegmentedRaftLogWorker close()
2019-10-21 04:44:36,432 [Thread-337] INFO  impl.RaftServerImpl (RaftServerImpl.java:lambda$shutdown$3(247)) - 912560de-0342-4a13-bb2f-36ba08a0fad6@group-70BA92114919: shutdown
2019-10-21 04:44:36,432 [Thread-337] INFO  util.JmxRegister (JmxRegister.java:unregister(73)) - Successfully un-registered JMX Bean with object name Ratis:service=RaftServer,group=group-70BA92114919,id=912560de-0342-4a13-bb2f-36ba08a0fad6
2019-10-21 04:44:36,437 [Thread-337] INFO  impl.RoleInfo (RoleInfo.java:shutdownLeaderState(104)) - 912560de-0342-4a13-bb2f-36ba08a0fad6: shutdown LeaderState
2019-10-21 04:44:36,437 [Thread-337] INFO  impl.PendingRequests (PendingRequests.java:sendNotLeaderResponses(202)) - 912560de-0342-4a13-bb2f-36ba08a0fad6@group-70BA92114919-PendingRequests: sendNotLeaderResponses
2019-10-21 04:44:36,438 [Thread-337] INFO  impl.StateMachineUpdater (StateMachineUpdater.java:stopAndJoin(136)) - 912560de-0342-4a13-bb2f-36ba08a0fad6@group-70BA92114919-StateMachineUpdater: set stopIndex = 0
2019-10-21 04:44:36,441 [Thread-337] INFO  impl.RaftServerImpl (ServerState.java:close(387)) - 912560de-0342-4a13-bb2f-36ba08a0fad6@group-70BA92114919: closes. applyIndex: 0
2019-10-21 04:44:36,441 [912560de-0342-4a13-bb2f-36ba08a0fad6@group-70BA92114919-SegmentedRaftLogWorker] INFO  segmented.SegmentedRaftLogWorker (SegmentedRaftLogWorker.java:run(316)) - 912560de-0342-4a13-bb2f-36ba08a0fad6@group-70BA92114919-SegmentedRaftLogWorker was interrupted, exiting. There are 0 tasks remaining in the queue.
2019-10-21 04:44:36,443 [Thread-337] INFO  segmented.SegmentedRaftLogWorker (SegmentedRaftLogWorker.java:close(224)) - 912560de-0342-4a13-bb2f-36ba08a0fad6@group-70BA92114919-SegmentedRaftLogWorker close()
2019-10-21 04:44:36,444 [Thread-337] INFO  server.GrpcService (GrpcService.java:closeImpl(164)) - 912560de-0342-4a13-bb2f-36ba08a0fad6: shutdown server with port 46735 now
2019-10-21 04:44:36,444 [Thread-337] INFO  server.GrpcService (GrpcService.java:closeImpl(172)) - 912560de-0342-4a13-bb2f-36ba08a0fad6: shutdown server with port 46735 successfully
2019-10-21 04:44:36,451 [refreshUsed-/workdir/hadoop-ozone/integration-test/target/test-dir/MiniOzoneClusterImpl-d393734c-ee65-42a5-ae62-3efe750dda5e/datanode-2/data/containers] WARN  fs.CachingGetSpaceUsed (CachingGetSpaceUsed.java:run(183)) - Thread Interrupted waiting to refresh disk information: sleep interrupted
2019-10-21 04:44:36,460 [EventQueue-StaleNodeForStaleNodeHandler] INFO  node.StaleNodeHandler (StaleNodeHandler.java:onMessage(58)) - Datanode 912560de-0342-4a13-bb2f-36ba08a0fad6{ip: 192.168.157.225, host: pr-hdds-1569-2q4s4-1508879248, networkLocation: /default-rack, certSerialId: null} moved to stale state. Finalizing its pipelines [PipelineID=109a2ac7-66c2-4982-9c80-0e0e7a647b6e, PipelineID=81e37bb7-1a8b-4609-bf6a-70ba92114919]
2019-10-21 04:44:36,460 [EventQueue-StaleNodeForStaleNodeHandler] INFO  pipeline.SCMPipelineManager (SCMPipelineManager.java:finalizeAndDestroyPipeline(354)) - destroying pipeline:Pipeline[ Id: 109a2ac7-66c2-4982-9c80-0e0e7a647b6e, Nodes: 502aeec8-ce18-4ac7-b59c-9e4619f5fb30{ip: 192.168.157.225, host: pr-hdds-1569-2q4s4-1508879248, networkLocation: /default-rack, certSerialId: null}ed1fbd6a-10de-4385-9008-68132ed93668{ip: 192.168.157.225, host: pr-hdds-1569-2q4s4-1508879248, networkLocation: /default-rack, certSerialId: null}912560de-0342-4a13-bb2f-36ba08a0fad6{ip: 192.168.157.225, host: pr-hdds-1569-2q4s4-1508879248, networkLocation: /default-rack, certSerialId: null}, Type:RATIS, Factor:THREE, State:CLOSED]
2019-10-21 04:44:36,460 [EventQueue-StaleNodeForStaleNodeHandler] INFO  pipeline.SCMPipelineManager (SCMPipelineManager.java:finalizeAndDestroyPipeline(354)) - destroying pipeline:Pipeline[ Id: 81e37bb7-1a8b-4609-bf6a-70ba92114919, Nodes: 912560de-0342-4a13-bb2f-36ba08a0fad6{ip: 192.168.157.225, host: pr-hdds-1569-2q4s4-1508879248, networkLocation: /default-rack, certSerialId: null}, Type:RATIS, Factor:ONE, State:OPEN]
2019-10-21 04:44:36,460 [EventQueue-StaleNodeForStaleNodeHandler] INFO  pipeline.PipelineStateManager (PipelineStateManager.java:finalizePipeline(123)) - Pipeline Pipeline[ Id: 81e37bb7-1a8b-4609-bf6a-70ba92114919, Nodes: 912560de-0342-4a13-bb2f-36ba08a0fad6{ip: 192.168.157.225, host: pr-hdds-1569-2q4s4-1508879248, networkLocation: /default-rack, certSerialId: null}, Type:RATIS, Factor:ONE, State:CLOSED] moved to CLOSED state
2019-10-21 04:44:36,464 [Thread-337] INFO  utils.BackgroundService (BackgroundService.java:shutdown(151)) - Shutting down service BlockDeletingService
2019-10-21 04:44:36,467 [Thread-337] INFO  statemachine.DatanodeStateMachine (DatanodeStateMachine.java:stopDaemon(395)) - Ozone container server stopped.
2019-10-21 04:44:36,491 [Thread-337] INFO  handler.ContextHandler (ContextHandler.java:doStop(910)) - Stopped o.e.j.w.WebAppContext@6c59e53b{/,null,UNAVAILABLE}{/hddsDatanode}
2019-10-21 04:44:36,492 [Thread-337] INFO  server.AbstractConnector (AbstractConnector.java:doStop(318)) - Stopped ServerConnector@4585272{HTTP/1.1,[http/1.1]}{0.0.0.0:0}
2019-10-21 04:44:36,492 [Thread-337] INFO  handler.ContextHandler (ContextHandler.java:doStop(910)) - Stopped o.e.j.s.ServletContextHandler@25dea7d3{/static,jar:file:/home/user/.m2/repository/org/apache/hadoop/hadoop-hdds-container-service/0.5.0-SNAPSHOT/hadoop-hdds-container-service-0.5.0-SNAPSHOT.jar!/webapps/static,UNAVAILABLE}
2019-10-21 04:44:36,494 [Thread-337] INFO  handler.ContextHandler (ContextHandler.java:doStop(910)) - Stopped o.e.j.s.ServletContextHandler@583ef311{/logs,file:///workdir/hadoop-ozone/integration-test/target/log,UNAVAILABLE}
2019-10-21 04:44:36,495 [Thread-337] ERROR pipeline.PipelinePlacementPolicy (PipelinePlacementPolicy.java:filterViableNodes(148)) - No healthy node found to allocate pipeline.
2019-10-21 04:44:36,495 [Thread-337] ERROR pipeline.SCMPipelineManager (SCMPipelineManager.java:createPipeline(205)) - Pipeline creation failed.
org.apache.hadoop.hdds.scm.exceptions.SCMException: No healthy node found to allocate pipeline.
	at org.apache.hadoop.hdds.scm.pipeline.PipelinePlacementPolicy.filterViableNodes(PipelinePlacementPolicy.java:149)
	at org.apache.hadoop.hdds.scm.pipeline.PipelinePlacementPolicy.chooseDatanodes(PipelinePlacementPolicy.java:199)
	at org.apache.hadoop.hdds.scm.pipeline.RatisPipelineProvider.create(RatisPipelineProvider.java:135)
	at org.apache.hadoop.hdds.scm.pipeline.PipelineFactory.create(PipelineFactory.java:58)
	at org.apache.hadoop.hdds.scm.pipeline.SCMPipelineManager.createPipeline(SCMPipelineManager.java:195)
	at org.apache.hadoop.hdds.scm.pipeline.TestRatisPipelineCreateAndDestroy.testPipelineCreationOnNodeRestart(TestRatisPipelineCreateAndDestroy.java:105)
	at sun.reflect.NativeMethodAccessorImpl.invoke0(Native Method)
	at sun.reflect.NativeMethodAccessorImpl.invoke(NativeMethodAccessorImpl.java:62)
	at sun.reflect.DelegatingMethodAccessorImpl.invoke(DelegatingMethodAccessorImpl.java:43)
	at java.lang.reflect.Method.invoke(Method.java:498)
	at org.junit.runners.model.FrameworkMethod$1.runReflectiveCall(FrameworkMethod.java:47)
	at org.junit.internal.runners.model.ReflectiveCallable.run(ReflectiveCallable.java:12)
	at org.junit.runners.model.FrameworkMethod.invokeExplosively(FrameworkMethod.java:44)
	at org.junit.internal.runners.statements.InvokeMethod.evaluate(InvokeMethod.java:17)
	at org.junit.internal.runners.statements.FailOnTimeout$StatementThread.run(FailOnTimeout.java:74)
2019-10-21 04:44:36,496 [main] INFO  ozone.MiniOzoneClusterImpl (MiniOzoneClusterImpl.java:shutdown(314)) - Shutting down the Mini Ozone Cluster
2019-10-21 04:44:36,497 [main] INFO  ozone.MiniOzoneClusterImpl (MiniOzoneClusterImpl.java:stop(330)) - Stopping the Mini Ozone Cluster
2019-10-21 04:44:36,497 [main] INFO  ozone.MiniOzoneClusterImpl (MiniOzoneClusterImpl.java:stopOM(400)) - Stopping the OzoneManager
2019-10-21 04:44:36,498 [main] INFO  ipc.Server (Server.java:stop(3082)) - Stopping server on 34384
2019-10-21 04:44:36,504 [IPC Server listener on 34384] INFO  ipc.Server (Server.java:run(1185)) - Stopping IPC Server listener on 34384
2019-10-21 04:44:36,504 [IPC Server Responder] INFO  ipc.Server (Server.java:run(1319)) - Stopping IPC Server Responder
2019-10-21 04:44:36,504 [main] INFO  ratis.OzoneManagerDoubleBuffer (OzoneManagerDoubleBuffer.java:stop(250)) - Stopping OMDoubleBuffer flush thread
2019-10-21 04:44:36,506 [OMDoubleBufferFlushThread] INFO  ratis.OzoneManagerDoubleBuffer (OzoneManagerDoubleBuffer.java:flushTransactions(193)) - OMDoubleBuffer flush thread OMDoubleBufferFlushThread is interrupted and will exit. OMDoubleBufferFlushThread
2019-10-21 04:44:36,507 [main] INFO  utils.BackgroundService (BackgroundService.java:shutdown(151)) - Shutting down service KeyDeletingService
2019-10-21 04:44:36,510 [main] INFO  handler.ContextHandler (ContextHandler.java:doStop(910)) - Stopped o.e.j.w.WebAppContext@4227f6e3{/,null,UNAVAILABLE}{/ozoneManager}
2019-10-21 04:44:36,510 [main] INFO  server.AbstractConnector (AbstractConnector.java:doStop(318)) - Stopped ServerConnector@59fb5db{HTTP/1.1,[http/1.1]}{0.0.0.0:0}
2019-10-21 04:44:36,511 [main] INFO  handler.ContextHandler (ContextHandler.java:doStop(910)) - Stopped o.e.j.s.ServletContextHandler@34398fd8{/static,file:///workdir/hadoop-ozone/integration-test/target/test-classes/webapps/static,UNAVAILABLE}
2019-10-21 04:44:36,512 [main] INFO  handler.ContextHandler (ContextHandler.java:doStop(910)) - Stopped o.e.j.s.ServletContextHandler@59336914{/logs,file:///workdir/hadoop-ozone/integration-test/target/log,UNAVAILABLE}
2019-10-21 04:44:36,515 [main] INFO  ozone.MiniOzoneClusterImpl (MiniOzoneClusterImpl.java:stopDatanodes(377)) - Stopping the HddsDatanodes
2019-10-21 04:44:36,516 [main] INFO  ozone.MiniOzoneClusterImpl (MiniOzoneClusterImpl.java:stopSCM(392)) - Stopping the StorageContainerManager
2019-10-21 04:44:36,516 [main] INFO  server.StorageContainerManager (StorageContainerManager.java:stop(810)) - Stopping Replication Manager Service.
2019-10-21 04:44:36,516 [main] INFO  container.ReplicationManager (ReplicationManager.java:stop(204)) - Stopping Replication Monitor Thread.
2019-10-21 04:44:36,516 [main] INFO  server.StorageContainerManager (StorageContainerManager.java:stop(817)) - Stopping Lease Manager of the command watchers
2019-10-21 04:44:36,517 [main] INFO  server.StorageContainerManager (StorageContainerManager.java:stop(824)) - Stopping datanode service RPC server
2019-10-21 04:44:36,517 [main] INFO  server.SCMDatanodeProtocolServer (SCMDatanodeProtocolServer.java:stop(346)) - Stopping the RPC server for DataNodes
2019-10-21 04:44:36,518 [main] INFO  ipc.Server (Server.java:stop(3082)) - Stopping server on 36776
2019-10-21 04:44:36,519 [IPC Server listener on 36776] INFO  ipc.Server (Server.java:run(1185)) - Stopping IPC Server listener on 36776
2019-10-21 04:44:36,521 [IPC Server Responder] INFO  ipc.Server (Server.java:run(1319)) - Stopping IPC Server Responder
2019-10-21 04:44:37,460 [SCM Heartbeat Processing Thread - 0] WARN  node.NodeStateManager (NodeStateManager.java:scheduleNextHealthCheck(655)) - Current Thread is interrupted, shutting down HB processing thread for Node Manager.
2019-10-21 04:44:37,461 [main] INFO  server.StorageContainerManager (StorageContainerManager.java:stop(832)) - Stopping block service RPC server
2019-10-21 04:44:37,464 [main] INFO  server.SCMBlockProtocolServer (SCMBlockProtocolServer.java:stop(155)) - Stopping the RPC server for Block Protocol
2019-10-21 04:44:37,465 [main] INFO  ipc.Server (Server.java:stop(3082)) - Stopping server on 36340
2019-10-21 04:44:37,467 [IPC Server listener on 36340] INFO  ipc.Server (Server.java:run(1185)) - Stopping IPC Server listener on 36340
2019-10-21 04:44:37,467 [IPC Server Responder] INFO  ipc.Server (Server.java:run(1319)) - Stopping IPC Server Responder
2019-10-21 04:44:37,468 [main] INFO  server.StorageContainerManager (StorageContainerManager.java:stop(839)) - Stopping the StorageContainerLocationProtocol RPC server
2019-10-21 04:44:37,469 [main] INFO  server.SCMClientProtocolServer (SCMClientProtocolServer.java:stop(168)) - Stopping the RPC server for Client Protocol
2019-10-21 04:44:37,469 [main] INFO  ipc.Server (Server.java:stop(3082)) - Stopping server on 45455
2019-10-21 04:44:37,473 [IPC Server listener on 45455] INFO  ipc.Server (Server.java:run(1185)) - Stopping IPC Server listener on 45455
2019-10-21 04:44:37,473 [IPC Server Responder] INFO  ipc.Server (Server.java:run(1319)) - Stopping IPC Server Responder
2019-10-21 04:44:37,473 [main] INFO  server.StorageContainerManager (StorageContainerManager.java:stop(846)) - Stopping Storage Container Manager HTTP server.
2019-10-21 04:44:37,498 [main] INFO  handler.ContextHandler (ContextHandler.java:doStop(910)) - Stopped o.e.j.w.WebAppContext@687fa1cb{/,null,UNAVAILABLE}{/scm}
2019-10-21 04:44:37,499 [main] INFO  server.AbstractConnector (AbstractConnector.java:doStop(318)) - Stopped ServerConnector@3ac910c4{HTTP/1.1,[http/1.1]}{0.0.0.0:0}
2019-10-21 04:44:37,500 [main] INFO  handler.ContextHandler (ContextHandler.java:doStop(910)) - Stopped o.e.j.s.ServletContextHandler@5810eff{/static,file:///workdir/hadoop-ozone/integration-test/target/test-classes/webapps/static,UNAVAILABLE}
2019-10-21 04:44:37,501 [main] INFO  handler.ContextHandler (ContextHandler.java:doStop(910)) - Stopped o.e.j.s.ServletContextHandler@42c6707e{/logs,file:///workdir/hadoop-ozone/integration-test/target/log,UNAVAILABLE}
2019-10-21 04:44:37,501 [main] INFO  server.StorageContainerManager (StorageContainerManager.java:stop(857)) - Stopping Block Manager Service.
2019-10-21 04:44:37,501 [main] INFO  utils.BackgroundService (BackgroundService.java:shutdown(151)) - Shutting down service SCMBlockDeletingService
2019-10-21 04:44:37,502 [main] INFO  utils.BackgroundService (BackgroundService.java:shutdown(151)) - Shutting down service SCMBlockDeletingService
2019-10-21 04:44:37,503 [main] INFO  server.StorageContainerManager (StorageContainerManager.java:stop(879)) - Stopping SCM Event Queue.
2019-10-21 04:44:37,507 [main] INFO  impl.MetricsSystemImpl (MetricsSystemImpl.java:stop(210)) - Stopping HddsDatanode metrics system...
2019-10-21 04:44:37,515 [main] INFO  impl.MetricsSystemImpl (MetricsSystemImpl.java:stop(216)) - HddsDatanode metrics system stopped.
]]></system-out>
    <system-err><![CDATA[Oct 21, 2019 4:44:26 AM org.apache.ratis.thirdparty.io.grpc.internal.SerializingExecutor run
SEVERE: Exception while executing runnable org.apache.ratis.thirdparty.io.grpc.internal.ServerImpl$JumpToApplicationThreadServerStreamListener$1Closed@189634b1
org.apache.ratis.thirdparty.io.grpc.StatusRuntimeException: CANCELLED: call already cancelled
	at org.apache.ratis.thirdparty.io.grpc.Status.asRuntimeException(Status.java:517)
	at org.apache.ratis.thirdparty.io.grpc.stub.ServerCalls$ServerCallStreamObserverImpl.onCompleted(ServerCalls.java:356)
	at org.apache.ratis.grpc.server.GrpcServerProtocolService$ServerRequestStreamObserver.onError(GrpcServerProtocolService.java:121)
	at org.apache.ratis.thirdparty.io.grpc.stub.ServerCalls$StreamingServerCallHandler$StreamingServerCallListener.onCancel(ServerCalls.java:269)
	at org.apache.ratis.thirdparty.io.grpc.internal.ServerCallImpl$ServerStreamListenerImpl.closed(ServerCallImpl.java:293)
	at org.apache.ratis.thirdparty.io.grpc.internal.ServerImpl$JumpToApplicationThreadServerStreamListener$1Closed.runInContext(ServerImpl.java:741)
	at org.apache.ratis.thirdparty.io.grpc.internal.ContextRunnable.run(ContextRunnable.java:37)
	at org.apache.ratis.thirdparty.io.grpc.internal.SerializingExecutor.run(SerializingExecutor.java:123)
	at java.util.concurrent.ThreadPoolExecutor.runWorker(ThreadPoolExecutor.java:1149)
	at java.util.concurrent.ThreadPoolExecutor$Worker.run(ThreadPoolExecutor.java:624)
	at java.lang.Thread.run(Thread.java:748)

]]></system-err>
  </testcase>
</testsuite>